<?xml version="1.0" encoding="UTF-8"?>
<testsuite xmlns:xsi="http://www.w3.org/2001/XMLSchema-instance" xsi:noNamespaceSchemaLocation="https://maven.apache.org/surefire/maven-surefire-plugin/xsd/surefire-test-report-3.0.xsd" version="3.0" name="org.apache.commons.configuration2.DataConfiguration_ESTest" time="6.633" tests="362" errors="0" skipped="0" failures="0">
  <properties>
    <property name="awt.toolkit" value="sun.awt.X11.XToolkit"/>
    <property name="file.encoding.pkg" value="sun.io"/>
    <property name="java.specification.version" value="1.8"/>
    <property name="sun.cpu.isalist" value=""/>
    <property name="sun.jnu.encoding" value="UTF-8"/>
    <property name="java.class.path" value="/home/wtwhite/code/regression-test-generation/find-diff-classes/compile/gaoss/org/apache/commons/commons-configuration2/2.7/target/test-classes:/home/wtwhite/code/regression-test-generation/find-diff-classes/compile/gaoss/org/apache/commons/commons-configuration2/2.7/target/classes:/home/wtwhite/code/craw-redhat-oss/wget/crawl/google-aoss/org/apache/commons/commons-configuration2/2.7/commons-configuration2-2.7.jar:/home/wtwhite/code/regression-test-generation/find-diff-classes/compile/gaoss/org/apache/commons/commons-configuration2/2.7/t/dependency/commons-beanutils-1.9.4.jar:/home/wtwhite/code/regression-test-generation/find-diff-classes/compile/gaoss/org/apache/commons/commons-configuration2/2.7/t/dependency/commons-codec-1.14.jar:/home/wtwhite/code/regression-test-generation/find-diff-classes/compile/gaoss/org/apache/commons/commons-configuration2/2.7/t/dependency/commons-collections-3.2.2.jar:/home/wtwhite/code/regression-test-generation/find-diff-classes/compile/gaoss/org/apache/commons/commons-configuration2/2.7/t/dependency/commons-collections4-4.1.jar:/home/wtwhite/code/regression-test-generation/find-diff-classes/compile/gaoss/org/apache/commons/commons-configuration2/2.7/t/dependency/commons-dbcp2-2.7.0.jar:/home/wtwhite/code/regression-test-generation/find-diff-classes/compile/gaoss/org/apache/commons/commons-configuration2/2.7/t/dependency/commons-jexl-2.1.1.jar:/home/wtwhite/code/regression-test-generation/find-diff-classes/compile/gaoss/org/apache/commons/commons-configuration2/2.7/t/dependency/commons-jxpath-1.3.jar:/home/wtwhite/code/regression-test-generation/find-diff-classes/compile/gaoss/org/apache/commons/commons-configuration2/2.7/t/dependency/commons-lang3-3.9.jar:/home/wtwhite/code/regression-test-generation/find-diff-classes/compile/gaoss/org/apache/commons/commons-configuration2/2.7/t/dependency/commons-logging-1.2.jar:/home/wtwhite/code/regression-test-generation/find-diff-classes/compile/gaoss/org/apache/commons/commons-configuration2/2.7/t/dependency/commons-pool2-2.8.0.jar:/home/wtwhite/code/regression-test-generation/find-diff-classes/compile/gaoss/org/apache/commons/commons-configuration2/2.7/t/dependency/commons-text-1.8.jar:/home/wtwhite/code/regression-test-generation/find-diff-classes/compile/gaoss/org/apache/commons/commons-configuration2/2.7/t/dependency/commons-vfs2-2.6.0.jar:/home/wtwhite/code/regression-test-generation/find-diff-classes/compile/gaoss/org/apache/commons/commons-configuration2/2.7/t/dependency/curvesapi-1.04.jar:/home/wtwhite/code/regression-test-generation/find-diff-classes/compile/gaoss/org/apache/commons/commons-configuration2/2.7/t/dependency/dbunit-2.7.0.jar:/home/wtwhite/code/regression-test-generation/find-diff-classes/compile/gaoss/org/apache/commons/commons-configuration2/2.7/t/dependency/easymock-4.2.jar:/home/wtwhite/code/regression-test-generation/find-diff-classes/compile/gaoss/org/apache/commons/commons-configuration2/2.7/t/dependency/hadoop-hdfs-client-3.2.1.jar:/home/wtwhite/code/regression-test-generation/find-diff-classes/compile/gaoss/org/apache/commons/commons-configuration2/2.7/t/dependency/hamcrest-core-1.3.jar:/home/wtwhite/code/regression-test-generation/find-diff-classes/compile/gaoss/org/apache/commons/commons-configuration2/2.7/t/dependency/hsqldb-2.5.0.jar:/home/wtwhite/code/regression-test-generation/find-diff-classes/compile/gaoss/org/apache/commons/commons-configuration2/2.7/t/dependency/jackson-annotations-2.10.3.jar:/home/wtwhite/code/regression-test-generation/find-diff-classes/compile/gaoss/org/apache/commons/commons-configuration2/2.7/t/dependency/jackson-core-2.10.3.jar:/home/wtwhite/code/regression-test-generation/find-diff-classes/compile/gaoss/org/apache/commons/commons-configuration2/2.7/t/dependency/jackson-databind-2.10.3.jar:/home/wtwhite/code/regression-test-generation/find-diff-classes/compile/gaoss/org/apache/commons/commons-configuration2/2.7/t/dependency/jakarta.activation-1.2.1.jar:/home/wtwhite/code/regression-test-generation/find-diff-classes/compile/gaoss/org/apache/commons/commons-configuration2/2.7/t/dependency/junit-4.13.jar:/home/wtwhite/code/regression-test-generation/find-diff-classes/compile/gaoss/org/apache/commons/commons-configuration2/2.7/t/dependency/junit-addons-1.4.jar:/home/wtwhite/code/regression-test-generation/find-diff-classes/compile/gaoss/org/apache/commons/commons-configuration2/2.7/t/dependency/log4j-1.2.17.jar:/home/wtwhite/code/regression-test-generation/find-diff-classes/compile/gaoss/org/apache/commons/commons-configuration2/2.7/t/dependency/mailapi-1.6.4.jar:/home/wtwhite/code/regression-test-generation/find-diff-classes/compile/gaoss/org/apache/commons/commons-configuration2/2.7/t/dependency/mockobjects-core-0.09.jar:/home/wtwhite/code/regression-test-generation/find-diff-classes/compile/gaoss/org/apache/commons/commons-configuration2/2.7/t/dependency/mockobjects-jdk1.4-j2ee1.3-0.09.jar:/home/wtwhite/code/regression-test-generation/find-diff-classes/compile/gaoss/org/apache/commons/commons-configuration2/2.7/t/dependency/objenesis-3.1.jar:/home/wtwhite/code/regression-test-generation/find-diff-classes/compile/gaoss/org/apache/commons/commons-configuration2/2.7/t/dependency/okhttp-2.7.5.jar:/home/wtwhite/code/regression-test-generation/find-diff-classes/compile/gaoss/org/apache/commons/commons-configuration2/2.7/t/dependency/okio-1.6.0.jar:/home/wtwhite/code/regression-test-generation/find-diff-classes/compile/gaoss/org/apache/commons/commons-configuration2/2.7/t/dependency/poi-3.17.jar:/home/wtwhite/code/regression-test-generation/find-diff-classes/compile/gaoss/org/apache/commons/commons-configuration2/2.7/t/dependency/poi-ooxml-3.17.jar:/home/wtwhite/code/regression-test-generation/find-diff-classes/compile/gaoss/org/apache/commons/commons-configuration2/2.7/t/dependency/poi-ooxml-schemas-3.17.jar:/home/wtwhite/code/regression-test-generation/find-diff-classes/compile/gaoss/org/apache/commons/commons-configuration2/2.7/t/dependency/postgresql-42.2.5.jar:/home/wtwhite/code/regression-test-generation/find-diff-classes/compile/gaoss/org/apache/commons/commons-configuration2/2.7/t/dependency/servlet-api-2.4.jar:/home/wtwhite/code/regression-test-generation/find-diff-classes/compile/gaoss/org/apache/commons/commons-configuration2/2.7/t/dependency/slf4j-api-1.7.26.jar:/home/wtwhite/code/regression-test-generation/find-diff-classes/compile/gaoss/org/apache/commons/commons-configuration2/2.7/t/dependency/slf4j-ext-1.7.26.jar:/home/wtwhite/code/regression-test-generation/find-diff-classes/compile/gaoss/org/apache/commons/commons-configuration2/2.7/t/dependency/slf4j-log4j12-1.7.26.jar:/home/wtwhite/code/regression-test-generation/find-diff-classes/compile/gaoss/org/apache/commons/commons-configuration2/2.7/t/dependency/slf4j-nop-1.7.26.jar:/home/wtwhite/code/regression-test-generation/find-diff-classes/compile/gaoss/org/apache/commons/commons-configuration2/2.7/t/dependency/snakeyaml-1.26.jar:/home/wtwhite/code/regression-test-generation/find-diff-classes/compile/gaoss/org/apache/commons/commons-configuration2/2.7/t/dependency/spring-aop-4.3.26.RELEASE.jar:/home/wtwhite/code/regression-test-generation/find-diff-classes/compile/gaoss/org/apache/commons/commons-configuration2/2.7/t/dependency/spring-beans-4.3.26.RELEASE.jar:/home/wtwhite/code/regression-test-generation/find-diff-classes/compile/gaoss/org/apache/commons/commons-configuration2/2.7/t/dependency/spring-context-4.3.26.RELEASE.jar:/home/wtwhite/code/regression-test-generation/find-diff-classes/compile/gaoss/org/apache/commons/commons-configuration2/2.7/t/dependency/spring-core-4.3.26.RELEASE.jar:/home/wtwhite/code/regression-test-generation/find-diff-classes/compile/gaoss/org/apache/commons/commons-configuration2/2.7/t/dependency/spring-expression-4.3.26.RELEASE.jar:/home/wtwhite/code/regression-test-generation/find-diff-classes/compile/gaoss/org/apache/commons/commons-configuration2/2.7/t/dependency/spring-test-4.3.26.RELEASE.jar:/home/wtwhite/code/regression-test-generation/find-diff-classes/compile/gaoss/org/apache/commons/commons-configuration2/2.7/t/dependency/stax-api-1.0.1.jar:/home/wtwhite/code/regression-test-generation/find-diff-classes/compile/gaoss/org/apache/commons/commons-configuration2/2.7/t/dependency/xml-resolver-1.2.jar:/home/wtwhite/code/regression-test-generation/find-diff-classes/compile/gaoss/org/apache/commons/commons-configuration2/2.7/t/dependency/xmlbeans-2.6.0.jar:/home/wtwhite/code/regression-test-generation/evosuite/evosuite-standalone-runtime-1.2.0.jar:/home/wtwhite/.m2/repository/junit/junit/4.13.2/junit-4.13.2.jar:/home/wtwhite/.m2/repository/org/hamcrest/hamcrest-core/1.3/hamcrest-core-1.3.jar:"/>
    <property name="java.vm.vendor" value="Private Build"/>
    <property name="sun.arch.data.model" value="64"/>
    <property name="java.vendor.url" value="http://java.oracle.com/"/>
    <property name="user.timezone" value=""/>
    <property name="java.vm.specification.version" value="1.8"/>
    <property name="os.name" value="Linux"/>
    <property name="RUNDIR" value="/home/wtwhite/code/regression-test-generation/find-diff-classes/run-mvn"/>
    <property name="user.country" value="NZ"/>
    <property name="sun.java.launcher" value="SUN_STANDARD"/>
    <property name="sun.boot.library.path" value="/usr/lib/jvm/java-8-openjdk-amd64/jre/lib/amd64"/>
    <property name="sun.java.command" value="/home/wtwhite/code/regression-test-generation/find-diff-classes/compile/gaoss/org/apache/commons/commons-configuration2/2.7/target/surefire/surefirebooter-20241106180817464_3.jar /home/wtwhite/code/regression-test-generation/find-diff-classes/compile/gaoss/org/apache/commons/commons-configuration2/2.7/target/surefire 2024-11-06T18-08-17_329-jvmRun1 surefire-20241106180817464_1tmp surefire_0-20241106180817464_2tmp"/>
    <property name="surefire.test.class.path" value="/home/wtwhite/code/regression-test-generation/find-diff-classes/compile/gaoss/org/apache/commons/commons-configuration2/2.7/target/test-classes:/home/wtwhite/code/regression-test-generation/find-diff-classes/compile/gaoss/org/apache/commons/commons-configuration2/2.7/target/classes:/home/wtwhite/code/craw-redhat-oss/wget/crawl/google-aoss/org/apache/commons/commons-configuration2/2.7/commons-configuration2-2.7.jar:/home/wtwhite/code/regression-test-generation/find-diff-classes/compile/gaoss/org/apache/commons/commons-configuration2/2.7/t/dependency/commons-beanutils-1.9.4.jar:/home/wtwhite/code/regression-test-generation/find-diff-classes/compile/gaoss/org/apache/commons/commons-configuration2/2.7/t/dependency/commons-codec-1.14.jar:/home/wtwhite/code/regression-test-generation/find-diff-classes/compile/gaoss/org/apache/commons/commons-configuration2/2.7/t/dependency/commons-collections-3.2.2.jar:/home/wtwhite/code/regression-test-generation/find-diff-classes/compile/gaoss/org/apache/commons/commons-configuration2/2.7/t/dependency/commons-collections4-4.1.jar:/home/wtwhite/code/regression-test-generation/find-diff-classes/compile/gaoss/org/apache/commons/commons-configuration2/2.7/t/dependency/commons-dbcp2-2.7.0.jar:/home/wtwhite/code/regression-test-generation/find-diff-classes/compile/gaoss/org/apache/commons/commons-configuration2/2.7/t/dependency/commons-jexl-2.1.1.jar:/home/wtwhite/code/regression-test-generation/find-diff-classes/compile/gaoss/org/apache/commons/commons-configuration2/2.7/t/dependency/commons-jxpath-1.3.jar:/home/wtwhite/code/regression-test-generation/find-diff-classes/compile/gaoss/org/apache/commons/commons-configuration2/2.7/t/dependency/commons-lang3-3.9.jar:/home/wtwhite/code/regression-test-generation/find-diff-classes/compile/gaoss/org/apache/commons/commons-configuration2/2.7/t/dependency/commons-logging-1.2.jar:/home/wtwhite/code/regression-test-generation/find-diff-classes/compile/gaoss/org/apache/commons/commons-configuration2/2.7/t/dependency/commons-pool2-2.8.0.jar:/home/wtwhite/code/regression-test-generation/find-diff-classes/compile/gaoss/org/apache/commons/commons-configuration2/2.7/t/dependency/commons-text-1.8.jar:/home/wtwhite/code/regression-test-generation/find-diff-classes/compile/gaoss/org/apache/commons/commons-configuration2/2.7/t/dependency/commons-vfs2-2.6.0.jar:/home/wtwhite/code/regression-test-generation/find-diff-classes/compile/gaoss/org/apache/commons/commons-configuration2/2.7/t/dependency/curvesapi-1.04.jar:/home/wtwhite/code/regression-test-generation/find-diff-classes/compile/gaoss/org/apache/commons/commons-configuration2/2.7/t/dependency/dbunit-2.7.0.jar:/home/wtwhite/code/regression-test-generation/find-diff-classes/compile/gaoss/org/apache/commons/commons-configuration2/2.7/t/dependency/easymock-4.2.jar:/home/wtwhite/code/regression-test-generation/find-diff-classes/compile/gaoss/org/apache/commons/commons-configuration2/2.7/t/dependency/hadoop-hdfs-client-3.2.1.jar:/home/wtwhite/code/regression-test-generation/find-diff-classes/compile/gaoss/org/apache/commons/commons-configuration2/2.7/t/dependency/hamcrest-core-1.3.jar:/home/wtwhite/code/regression-test-generation/find-diff-classes/compile/gaoss/org/apache/commons/commons-configuration2/2.7/t/dependency/hsqldb-2.5.0.jar:/home/wtwhite/code/regression-test-generation/find-diff-classes/compile/gaoss/org/apache/commons/commons-configuration2/2.7/t/dependency/jackson-annotations-2.10.3.jar:/home/wtwhite/code/regression-test-generation/find-diff-classes/compile/gaoss/org/apache/commons/commons-configuration2/2.7/t/dependency/jackson-core-2.10.3.jar:/home/wtwhite/code/regression-test-generation/find-diff-classes/compile/gaoss/org/apache/commons/commons-configuration2/2.7/t/dependency/jackson-databind-2.10.3.jar:/home/wtwhite/code/regression-test-generation/find-diff-classes/compile/gaoss/org/apache/commons/commons-configuration2/2.7/t/dependency/jakarta.activation-1.2.1.jar:/home/wtwhite/code/regression-test-generation/find-diff-classes/compile/gaoss/org/apache/commons/commons-configuration2/2.7/t/dependency/junit-4.13.jar:/home/wtwhite/code/regression-test-generation/find-diff-classes/compile/gaoss/org/apache/commons/commons-configuration2/2.7/t/dependency/junit-addons-1.4.jar:/home/wtwhite/code/regression-test-generation/find-diff-classes/compile/gaoss/org/apache/commons/commons-configuration2/2.7/t/dependency/log4j-1.2.17.jar:/home/wtwhite/code/regression-test-generation/find-diff-classes/compile/gaoss/org/apache/commons/commons-configuration2/2.7/t/dependency/mailapi-1.6.4.jar:/home/wtwhite/code/regression-test-generation/find-diff-classes/compile/gaoss/org/apache/commons/commons-configuration2/2.7/t/dependency/mockobjects-core-0.09.jar:/home/wtwhite/code/regression-test-generation/find-diff-classes/compile/gaoss/org/apache/commons/commons-configuration2/2.7/t/dependency/mockobjects-jdk1.4-j2ee1.3-0.09.jar:/home/wtwhite/code/regression-test-generation/find-diff-classes/compile/gaoss/org/apache/commons/commons-configuration2/2.7/t/dependency/objenesis-3.1.jar:/home/wtwhite/code/regression-test-generation/find-diff-classes/compile/gaoss/org/apache/commons/commons-configuration2/2.7/t/dependency/okhttp-2.7.5.jar:/home/wtwhite/code/regression-test-generation/find-diff-classes/compile/gaoss/org/apache/commons/commons-configuration2/2.7/t/dependency/okio-1.6.0.jar:/home/wtwhite/code/regression-test-generation/find-diff-classes/compile/gaoss/org/apache/commons/commons-configuration2/2.7/t/dependency/poi-3.17.jar:/home/wtwhite/code/regression-test-generation/find-diff-classes/compile/gaoss/org/apache/commons/commons-configuration2/2.7/t/dependency/poi-ooxml-3.17.jar:/home/wtwhite/code/regression-test-generation/find-diff-classes/compile/gaoss/org/apache/commons/commons-configuration2/2.7/t/dependency/poi-ooxml-schemas-3.17.jar:/home/wtwhite/code/regression-test-generation/find-diff-classes/compile/gaoss/org/apache/commons/commons-configuration2/2.7/t/dependency/postgresql-42.2.5.jar:/home/wtwhite/code/regression-test-generation/find-diff-classes/compile/gaoss/org/apache/commons/commons-configuration2/2.7/t/dependency/servlet-api-2.4.jar:/home/wtwhite/code/regression-test-generation/find-diff-classes/compile/gaoss/org/apache/commons/commons-configuration2/2.7/t/dependency/slf4j-api-1.7.26.jar:/home/wtwhite/code/regression-test-generation/find-diff-classes/compile/gaoss/org/apache/commons/commons-configuration2/2.7/t/dependency/slf4j-ext-1.7.26.jar:/home/wtwhite/code/regression-test-generation/find-diff-classes/compile/gaoss/org/apache/commons/commons-configuration2/2.7/t/dependency/slf4j-log4j12-1.7.26.jar:/home/wtwhite/code/regression-test-generation/find-diff-classes/compile/gaoss/org/apache/commons/commons-configuration2/2.7/t/dependency/slf4j-nop-1.7.26.jar:/home/wtwhite/code/regression-test-generation/find-diff-classes/compile/gaoss/org/apache/commons/commons-configuration2/2.7/t/dependency/snakeyaml-1.26.jar:/home/wtwhite/code/regression-test-generation/find-diff-classes/compile/gaoss/org/apache/commons/commons-configuration2/2.7/t/dependency/spring-aop-4.3.26.RELEASE.jar:/home/wtwhite/code/regression-test-generation/find-diff-classes/compile/gaoss/org/apache/commons/commons-configuration2/2.7/t/dependency/spring-beans-4.3.26.RELEASE.jar:/home/wtwhite/code/regression-test-generation/find-diff-classes/compile/gaoss/org/apache/commons/commons-configuration2/2.7/t/dependency/spring-context-4.3.26.RELEASE.jar:/home/wtwhite/code/regression-test-generation/find-diff-classes/compile/gaoss/org/apache/commons/commons-configuration2/2.7/t/dependency/spring-core-4.3.26.RELEASE.jar:/home/wtwhite/code/regression-test-generation/find-diff-classes/compile/gaoss/org/apache/commons/commons-configuration2/2.7/t/dependency/spring-expression-4.3.26.RELEASE.jar:/home/wtwhite/code/regression-test-generation/find-diff-classes/compile/gaoss/org/apache/commons/commons-configuration2/2.7/t/dependency/spring-test-4.3.26.RELEASE.jar:/home/wtwhite/code/regression-test-generation/find-diff-classes/compile/gaoss/org/apache/commons/commons-configuration2/2.7/t/dependency/stax-api-1.0.1.jar:/home/wtwhite/code/regression-test-generation/find-diff-classes/compile/gaoss/org/apache/commons/commons-configuration2/2.7/t/dependency/xml-resolver-1.2.jar:/home/wtwhite/code/regression-test-generation/find-diff-classes/compile/gaoss/org/apache/commons/commons-configuration2/2.7/t/dependency/xmlbeans-2.6.0.jar:/home/wtwhite/code/regression-test-generation/evosuite/evosuite-standalone-runtime-1.2.0.jar:/home/wtwhite/.m2/repository/junit/junit/4.13.2/junit-4.13.2.jar:/home/wtwhite/.m2/repository/org/hamcrest/hamcrest-core/1.3/hamcrest-core-1.3.jar:"/>
    <property name="sun.cpu.endian" value="little"/>
    <property name="user.home" value="/home/wtwhite"/>
    <property name="user.language" value="en"/>
    <property name="java.specification.vendor" value="Oracle Corporation"/>
    <property name="java.home" value="/usr/lib/jvm/java-8-openjdk-amd64/jre"/>
    <property name="basedir" value="/home/wtwhite/code/regression-test-generation/find-diff-classes/compile/gaoss/org/apache/commons/commons-configuration2/2.7"/>
    <property name="file.separator" value="/"/>
    <property name="line.separator" value="&#10;"/>
    <property name="java.vm.specification.vendor" value="Oracle Corporation"/>
    <property name="java.specification.name" value="Java Platform API Specification"/>
    <property name="java.awt.graphicsenv" value="sun.awt.X11GraphicsEnvironment"/>
    <property name="surefire.real.class.path" value="/home/wtwhite/code/regression-test-generation/find-diff-classes/compile/gaoss/org/apache/commons/commons-configuration2/2.7/target/surefire/surefirebooter-20241106180817464_3.jar"/>
    <property name="sun.boot.class.path" value="/usr/lib/jvm/java-8-openjdk-amd64/jre/lib/resources.jar:/usr/lib/jvm/java-8-openjdk-amd64/jre/lib/rt.jar:/usr/lib/jvm/java-8-openjdk-amd64/jre/lib/sunrsasign.jar:/usr/lib/jvm/java-8-openjdk-amd64/jre/lib/jsse.jar:/usr/lib/jvm/java-8-openjdk-amd64/jre/lib/jce.jar:/usr/lib/jvm/java-8-openjdk-amd64/jre/lib/charsets.jar:/usr/lib/jvm/java-8-openjdk-amd64/jre/lib/jfr.jar:/usr/lib/jvm/java-8-openjdk-amd64/jre/classes"/>
    <property name="sun.management.compiler" value="HotSpot 64-Bit Tiered Compilers"/>
    <property name="java.runtime.version" value="1.8.0_382-8u382-ga-1~22.04.1-b05"/>
    <property name="user.name" value="wtwhite"/>
    <property name="path.separator" value=":"/>
    <property name="os.version" value="5.15.0-87-generic"/>
    <property name="java.endorsed.dirs" value="/usr/lib/jvm/java-8-openjdk-amd64/jre/lib/endorsed"/>
    <property name="java.runtime.name" value="OpenJDK Runtime Environment"/>
    <property name="file.encoding" value="UTF-8"/>
    <property name="java.vm.name" value="OpenJDK 64-Bit Server VM"/>
    <property name="localRepository" value="/home/wtwhite/.m2/repository"/>
    <property name="java.vendor.url.bug" value="http://bugreport.sun.com/bugreport/"/>
    <property name="java.io.tmpdir" value="/tmp"/>
    <property name="java.version" value="1.8.0_382"/>
    <property name="user.dir" value="/home/wtwhite/code/regression-test-generation/find-diff-classes/compile/gaoss/org/apache/commons/commons-configuration2/2.7"/>
    <property name="os.arch" value="amd64"/>
    <property name="java.vm.specification.name" value="Java Virtual Machine Specification"/>
    <property name="java.awt.printerjob" value="sun.print.PSPrinterJob"/>
    <property name="sun.os.patch.level" value="unknown"/>
    <property name="java.library.path" value="/usr/java/packages/lib/amd64:/usr/lib/x86_64-linux-gnu/jni:/lib/x86_64-linux-gnu:/usr/lib/x86_64-linux-gnu:/usr/lib/jni:/lib:/usr/lib"/>
    <property name="java.vm.info" value="mixed mode"/>
    <property name="java.vendor" value="Private Build"/>
    <property name="java.vm.version" value="25.382-b05"/>
    <property name="java.specification.maintenance.version" value="5"/>
    <property name="java.ext.dirs" value="/usr/lib/jvm/java-8-openjdk-amd64/jre/lib/ext:/usr/java/packages/lib/ext"/>
    <property name="sun.io.unicode.encoding" value="UnicodeLittle"/>
    <property name="java.class.version" value="52.0"/>
  </properties>
  <testcase name="test005" classname="org.apache.commons.configuration2.DataConfiguration_ESTest" time="0.531">
    <system-err><![CDATA[SLF4J: Class path contains multiple SLF4J bindings.
SLF4J: Found binding in [jar:file:/home/wtwhite/code/regression-test-generation/find-diff-classes/compile/gaoss/org/apache/commons/commons-configuration2/2.7/t/dependency/slf4j-log4j12-1.7.26.jar!/org/slf4j/impl/StaticLoggerBinder.class]
SLF4J: Found binding in [jar:file:/home/wtwhite/code/regression-test-generation/find-diff-classes/compile/gaoss/org/apache/commons/commons-configuration2/2.7/t/dependency/slf4j-nop-1.7.26.jar!/org/slf4j/impl/StaticLoggerBinder.class]
SLF4J: See http://www.slf4j.org/codes.html#multiple_bindings for an explanation.
SLF4J: Actual binding is of type [org.slf4j.impl.Log4jLoggerFactory]
log4j:WARN No appenders could be found for logger (org.evosuite.runtime.instrumentation.EvoClassLoader).
log4j:WARN Please initialize the log4j system properly.
log4j:WARN See http://logging.apache.org/log4j/1.2/faq.html#noconfig for more info.
]]></system-err>
  </testcase>
  <testcase name="test126" classname="org.apache.commons.configuration2.DataConfiguration_ESTest" time="0.014"/>
  <testcase name="test247" classname="org.apache.commons.configuration2.DataConfiguration_ESTest" time="0.021"/>
  <testcase name="test004" classname="org.apache.commons.configuration2.DataConfiguration_ESTest" time="0.025"/>
  <testcase name="test125" classname="org.apache.commons.configuration2.DataConfiguration_ESTest" time="0.022"/>
  <testcase name="test246" classname="org.apache.commons.configuration2.DataConfiguration_ESTest" time="0.013"/>
  <testcase name="test003" classname="org.apache.commons.configuration2.DataConfiguration_ESTest" time="0.019"/>
  <testcase name="test124" classname="org.apache.commons.configuration2.DataConfiguration_ESTest" time="0.013"/>
  <testcase name="test245" classname="org.apache.commons.configuration2.DataConfiguration_ESTest" time="0.01"/>
  <testcase name="test002" classname="org.apache.commons.configuration2.DataConfiguration_ESTest" time="0.011"/>
  <testcase name="test123" classname="org.apache.commons.configuration2.DataConfiguration_ESTest" time="0.022"/>
  <testcase name="test244" classname="org.apache.commons.configuration2.DataConfiguration_ESTest" time="0.017"/>
  <testcase name="test009" classname="org.apache.commons.configuration2.DataConfiguration_ESTest" time="0.017"/>
  <testcase name="test008" classname="org.apache.commons.configuration2.DataConfiguration_ESTest" time="0.017"/>
  <testcase name="test129" classname="org.apache.commons.configuration2.DataConfiguration_ESTest" time="0.016"/>
  <testcase name="test007" classname="org.apache.commons.configuration2.DataConfiguration_ESTest" time="0.174"/>
  <testcase name="test128" classname="org.apache.commons.configuration2.DataConfiguration_ESTest" time="0.023"/>
  <testcase name="test249" classname="org.apache.commons.configuration2.DataConfiguration_ESTest" time="0.016"/>
  <testcase name="test006" classname="org.apache.commons.configuration2.DataConfiguration_ESTest" time="0.009"/>
  <testcase name="test127" classname="org.apache.commons.configuration2.DataConfiguration_ESTest" time="0.013"/>
  <testcase name="test248" classname="org.apache.commons.configuration2.DataConfiguration_ESTest" time="0.015"/>
  <testcase name="test250" classname="org.apache.commons.configuration2.DataConfiguration_ESTest" time="0.015"/>
  <testcase name="test012" classname="org.apache.commons.configuration2.DataConfiguration_ESTest" time="0.015"/>
  <testcase name="test133" classname="org.apache.commons.configuration2.DataConfiguration_ESTest" time="0.015"/>
  <testcase name="test254" classname="org.apache.commons.configuration2.DataConfiguration_ESTest" time="0.013"/>
  <testcase name="test011" classname="org.apache.commons.configuration2.DataConfiguration_ESTest" time="0.01"/>
  <testcase name="test132" classname="org.apache.commons.configuration2.DataConfiguration_ESTest" time="0.008"/>
  <testcase name="test253" classname="org.apache.commons.configuration2.DataConfiguration_ESTest" time="0.015"/>
  <testcase name="test010" classname="org.apache.commons.configuration2.DataConfiguration_ESTest" time="0.013"/>
  <testcase name="test131" classname="org.apache.commons.configuration2.DataConfiguration_ESTest" time="0.012"/>
  <testcase name="test252" classname="org.apache.commons.configuration2.DataConfiguration_ESTest" time="0.014"/>
  <testcase name="test130" classname="org.apache.commons.configuration2.DataConfiguration_ESTest" time="0.014"/>
  <testcase name="test251" classname="org.apache.commons.configuration2.DataConfiguration_ESTest" time="0.012"/>
  <testcase name="test115" classname="org.apache.commons.configuration2.DataConfiguration_ESTest" time="0.014"/>
  <testcase name="test236" classname="org.apache.commons.configuration2.DataConfiguration_ESTest" time="0.015"/>
  <testcase name="test357" classname="org.apache.commons.configuration2.DataConfiguration_ESTest" time="0.009"/>
  <testcase name="test114" classname="org.apache.commons.configuration2.DataConfiguration_ESTest" time="0.01"/>
  <testcase name="test235" classname="org.apache.commons.configuration2.DataConfiguration_ESTest" time="0.015"/>
  <testcase name="test356" classname="org.apache.commons.configuration2.DataConfiguration_ESTest" time="0.016"/>
  <testcase name="test113" classname="org.apache.commons.configuration2.DataConfiguration_ESTest" time="0.015"/>
  <testcase name="test234" classname="org.apache.commons.configuration2.DataConfiguration_ESTest" time="0.012"/>
  <testcase name="test355" classname="org.apache.commons.configuration2.DataConfiguration_ESTest" time="0.01"/>
  <testcase name="test112" classname="org.apache.commons.configuration2.DataConfiguration_ESTest" time="0.017"/>
  <testcase name="test233" classname="org.apache.commons.configuration2.DataConfiguration_ESTest" time="0.011"/>
  <testcase name="test354" classname="org.apache.commons.configuration2.DataConfiguration_ESTest" time="0.018"/>
  <testcase name="test119" classname="org.apache.commons.configuration2.DataConfiguration_ESTest" time="0.016"/>
  <testcase name="test118" classname="org.apache.commons.configuration2.DataConfiguration_ESTest" time="0.014"/>
  <testcase name="test239" classname="org.apache.commons.configuration2.DataConfiguration_ESTest" time="0.01"/>
  <testcase name="test117" classname="org.apache.commons.configuration2.DataConfiguration_ESTest" time="0.009"/>
  <testcase name="test238" classname="org.apache.commons.configuration2.DataConfiguration_ESTest" time="0.01"/>
  <testcase name="test359" classname="org.apache.commons.configuration2.DataConfiguration_ESTest" time="0.02"/>
  <testcase name="test116" classname="org.apache.commons.configuration2.DataConfiguration_ESTest" time="0.025"/>
  <testcase name="test237" classname="org.apache.commons.configuration2.DataConfiguration_ESTest" time="0.014"/>
  <testcase name="test358" classname="org.apache.commons.configuration2.DataConfiguration_ESTest" time="0.018"/>
  <testcase name="test360" classname="org.apache.commons.configuration2.DataConfiguration_ESTest" time="0.019"/>
  <testcase name="test001" classname="org.apache.commons.configuration2.DataConfiguration_ESTest" time="0.015"/>
  <testcase name="test122" classname="org.apache.commons.configuration2.DataConfiguration_ESTest" time="0.017"/>
  <testcase name="test243" classname="org.apache.commons.configuration2.DataConfiguration_ESTest" time="0.012"/>
  <testcase name="test000" classname="org.apache.commons.configuration2.DataConfiguration_ESTest" time="0.018"/>
  <testcase name="test121" classname="org.apache.commons.configuration2.DataConfiguration_ESTest" time="0.012"/>
  <testcase name="test242" classname="org.apache.commons.configuration2.DataConfiguration_ESTest" time="0.012"/>
  <testcase name="test120" classname="org.apache.commons.configuration2.DataConfiguration_ESTest" time="0.012"/>
  <testcase name="test241" classname="org.apache.commons.configuration2.DataConfiguration_ESTest" time="0.015"/>
  <testcase name="test240" classname="org.apache.commons.configuration2.DataConfiguration_ESTest" time="0.028"/>
  <testcase name="test361" classname="org.apache.commons.configuration2.DataConfiguration_ESTest" time="0.019"/>
  <testcase name="test109" classname="org.apache.commons.configuration2.DataConfiguration_ESTest" time="0.015"/>
  <testcase name="test104" classname="org.apache.commons.configuration2.DataConfiguration_ESTest" time="0.015"/>
  <testcase name="test225" classname="org.apache.commons.configuration2.DataConfiguration_ESTest" time="0.015"/>
  <testcase name="test346" classname="org.apache.commons.configuration2.DataConfiguration_ESTest" time="0.032"/>
  <testcase name="test103" classname="org.apache.commons.configuration2.DataConfiguration_ESTest" time="0.014"/>
  <testcase name="test224" classname="org.apache.commons.configuration2.DataConfiguration_ESTest" time="0.01"/>
  <testcase name="test345" classname="org.apache.commons.configuration2.DataConfiguration_ESTest" time="0.009"/>
  <testcase name="test102" classname="org.apache.commons.configuration2.DataConfiguration_ESTest" time="0.008"/>
  <testcase name="test223" classname="org.apache.commons.configuration2.DataConfiguration_ESTest" time="0.01"/>
  <testcase name="test344" classname="org.apache.commons.configuration2.DataConfiguration_ESTest" time="0.009"/>
  <testcase name="test101" classname="org.apache.commons.configuration2.DataConfiguration_ESTest" time="0.014"/>
  <testcase name="test222" classname="org.apache.commons.configuration2.DataConfiguration_ESTest" time="0.011"/>
  <testcase name="test343" classname="org.apache.commons.configuration2.DataConfiguration_ESTest" time="0.009"/>
  <testcase name="test108" classname="org.apache.commons.configuration2.DataConfiguration_ESTest" time="0.008"/>
  <testcase name="test229" classname="org.apache.commons.configuration2.DataConfiguration_ESTest" time="0.007"/>
  <testcase name="test107" classname="org.apache.commons.configuration2.DataConfiguration_ESTest" time="0.007"/>
  <testcase name="test228" classname="org.apache.commons.configuration2.DataConfiguration_ESTest" time="0.008"/>
  <testcase name="test349" classname="org.apache.commons.configuration2.DataConfiguration_ESTest" time="0.008"/>
  <testcase name="test106" classname="org.apache.commons.configuration2.DataConfiguration_ESTest" time="0.008"/>
  <testcase name="test227" classname="org.apache.commons.configuration2.DataConfiguration_ESTest" time="0.014"/>
  <testcase name="test348" classname="org.apache.commons.configuration2.DataConfiguration_ESTest" time="0.011"/>
  <testcase name="test105" classname="org.apache.commons.configuration2.DataConfiguration_ESTest" time="0.008"/>
  <testcase name="test226" classname="org.apache.commons.configuration2.DataConfiguration_ESTest" time="0.009"/>
  <testcase name="test347" classname="org.apache.commons.configuration2.DataConfiguration_ESTest" time="0.008"/>
  <testcase name="test111" classname="org.apache.commons.configuration2.DataConfiguration_ESTest" time="0.009"/>
  <testcase name="test232" classname="org.apache.commons.configuration2.DataConfiguration_ESTest" time="0.008"/>
  <testcase name="test353" classname="org.apache.commons.configuration2.DataConfiguration_ESTest" time="0.008"/>
  <testcase name="test110" classname="org.apache.commons.configuration2.DataConfiguration_ESTest" time="0.007"/>
  <testcase name="test231" classname="org.apache.commons.configuration2.DataConfiguration_ESTest" time="0.006"/>
  <testcase name="test352" classname="org.apache.commons.configuration2.DataConfiguration_ESTest" time="0.008"/>
  <testcase name="test230" classname="org.apache.commons.configuration2.DataConfiguration_ESTest" time="0.009"/>
  <testcase name="test351" classname="org.apache.commons.configuration2.DataConfiguration_ESTest" time="0.006"/>
  <testcase name="test350" classname="org.apache.commons.configuration2.DataConfiguration_ESTest" time="0.006"/>
  <testcase name="test219" classname="org.apache.commons.configuration2.DataConfiguration_ESTest" time="0.007"/>
  <testcase name="test214" classname="org.apache.commons.configuration2.DataConfiguration_ESTest" time="0.007"/>
  <testcase name="test335" classname="org.apache.commons.configuration2.DataConfiguration_ESTest" time="0.012"/>
  <testcase name="test213" classname="org.apache.commons.configuration2.DataConfiguration_ESTest" time="0.007"/>
  <testcase name="test334" classname="org.apache.commons.configuration2.DataConfiguration_ESTest" time="0.009"/>
  <testcase name="test212" classname="org.apache.commons.configuration2.DataConfiguration_ESTest" time="0.007"/>
  <testcase name="test333" classname="org.apache.commons.configuration2.DataConfiguration_ESTest" time="0.007"/>
  <testcase name="test211" classname="org.apache.commons.configuration2.DataConfiguration_ESTest" time="0.013"/>
  <testcase name="test332" classname="org.apache.commons.configuration2.DataConfiguration_ESTest" time="0.009"/>
  <testcase name="test218" classname="org.apache.commons.configuration2.DataConfiguration_ESTest" time="0.013"/>
  <testcase name="test339" classname="org.apache.commons.configuration2.DataConfiguration_ESTest" time="0.009"/>
  <testcase name="test217" classname="org.apache.commons.configuration2.DataConfiguration_ESTest" time="0.008"/>
  <testcase name="test338" classname="org.apache.commons.configuration2.DataConfiguration_ESTest" time="0.01"/>
  <testcase name="test216" classname="org.apache.commons.configuration2.DataConfiguration_ESTest" time="0.01"/>
  <testcase name="test337" classname="org.apache.commons.configuration2.DataConfiguration_ESTest" time="0.017"/>
  <testcase name="test215" classname="org.apache.commons.configuration2.DataConfiguration_ESTest" time="0.008"/>
  <testcase name="test336" classname="org.apache.commons.configuration2.DataConfiguration_ESTest" time="0.009"/>
  <testcase name="test100" classname="org.apache.commons.configuration2.DataConfiguration_ESTest" time="0.008"/>
  <testcase name="test221" classname="org.apache.commons.configuration2.DataConfiguration_ESTest" time="0.006"/>
  <testcase name="test342" classname="org.apache.commons.configuration2.DataConfiguration_ESTest" time="0.007"/>
  <testcase name="test220" classname="org.apache.commons.configuration2.DataConfiguration_ESTest" time="0.006"/>
  <testcase name="test341" classname="org.apache.commons.configuration2.DataConfiguration_ESTest" time="0.007"/>
  <testcase name="test340" classname="org.apache.commons.configuration2.DataConfiguration_ESTest" time="0.007"/>
  <testcase name="test049" classname="org.apache.commons.configuration2.DataConfiguration_ESTest" time="0.008"/>
  <testcase name="test048" classname="org.apache.commons.configuration2.DataConfiguration_ESTest" time="0.007"/>
  <testcase name="test169" classname="org.apache.commons.configuration2.DataConfiguration_ESTest" time="0.006"/>
  <testcase name="test047" classname="org.apache.commons.configuration2.DataConfiguration_ESTest" time="0.007"/>
  <testcase name="test168" classname="org.apache.commons.configuration2.DataConfiguration_ESTest" time="0.007"/>
  <testcase name="test289" classname="org.apache.commons.configuration2.DataConfiguration_ESTest" time="0.007"/>
  <testcase name="test046" classname="org.apache.commons.configuration2.DataConfiguration_ESTest" time="0.008"/>
  <testcase name="test167" classname="org.apache.commons.configuration2.DataConfiguration_ESTest" time="0.008"/>
  <testcase name="test288" classname="org.apache.commons.configuration2.DataConfiguration_ESTest" time="0.007"/>
  <testcase name="test052" classname="org.apache.commons.configuration2.DataConfiguration_ESTest" time="0.011"/>
  <testcase name="test173" classname="org.apache.commons.configuration2.DataConfiguration_ESTest" time="0.007"/>
  <testcase name="test294" classname="org.apache.commons.configuration2.DataConfiguration_ESTest" time="0.008"/>
  <testcase name="test051" classname="org.apache.commons.configuration2.DataConfiguration_ESTest" time="0.007"/>
  <testcase name="test172" classname="org.apache.commons.configuration2.DataConfiguration_ESTest" time="0.007"/>
  <testcase name="test293" classname="org.apache.commons.configuration2.DataConfiguration_ESTest" time="0.008"/>
  <testcase name="test050" classname="org.apache.commons.configuration2.DataConfiguration_ESTest" time="0.011"/>
  <testcase name="test171" classname="org.apache.commons.configuration2.DataConfiguration_ESTest" time="0.007"/>
  <testcase name="test292" classname="org.apache.commons.configuration2.DataConfiguration_ESTest" time="0.006"/>
  <testcase name="test170" classname="org.apache.commons.configuration2.DataConfiguration_ESTest" time="0.007"/>
  <testcase name="test291" classname="org.apache.commons.configuration2.DataConfiguration_ESTest" time="0.006"/>
  <testcase name="test056" classname="org.apache.commons.configuration2.DataConfiguration_ESTest" time="0.007"/>
  <testcase name="test177" classname="org.apache.commons.configuration2.DataConfiguration_ESTest" time="0.007"/>
  <testcase name="test298" classname="org.apache.commons.configuration2.DataConfiguration_ESTest" time="0.008"/>
  <testcase name="test055" classname="org.apache.commons.configuration2.DataConfiguration_ESTest" time="0.007"/>
  <testcase name="test176" classname="org.apache.commons.configuration2.DataConfiguration_ESTest" time="0.008"/>
  <testcase name="test297" classname="org.apache.commons.configuration2.DataConfiguration_ESTest" time="0.006"/>
  <testcase name="test054" classname="org.apache.commons.configuration2.DataConfiguration_ESTest" time="0.006"/>
  <testcase name="test175" classname="org.apache.commons.configuration2.DataConfiguration_ESTest" time="0.007"/>
  <testcase name="test296" classname="org.apache.commons.configuration2.DataConfiguration_ESTest" time="0.008"/>
  <testcase name="test053" classname="org.apache.commons.configuration2.DataConfiguration_ESTest" time="0.006"/>
  <testcase name="test174" classname="org.apache.commons.configuration2.DataConfiguration_ESTest" time="0.009"/>
  <testcase name="test295" classname="org.apache.commons.configuration2.DataConfiguration_ESTest" time="0.014"/>
  <testcase name="test290" classname="org.apache.commons.configuration2.DataConfiguration_ESTest" time="0.007"/>
  <testcase name="test038" classname="org.apache.commons.configuration2.DataConfiguration_ESTest" time="0.006"/>
  <testcase name="test159" classname="org.apache.commons.configuration2.DataConfiguration_ESTest" time="0.008"/>
  <testcase name="test037" classname="org.apache.commons.configuration2.DataConfiguration_ESTest" time="0.007"/>
  <testcase name="test158" classname="org.apache.commons.configuration2.DataConfiguration_ESTest" time="0.007"/>
  <testcase name="test279" classname="org.apache.commons.configuration2.DataConfiguration_ESTest" time="0.01"/>
  <testcase name="test036" classname="org.apache.commons.configuration2.DataConfiguration_ESTest" time="0.01"/>
  <testcase name="test157" classname="org.apache.commons.configuration2.DataConfiguration_ESTest" time="0.009"/>
  <testcase name="test278" classname="org.apache.commons.configuration2.DataConfiguration_ESTest" time="0.014"/>
  <testcase name="test035" classname="org.apache.commons.configuration2.DataConfiguration_ESTest" time="0.021"/>
  <testcase name="test156" classname="org.apache.commons.configuration2.DataConfiguration_ESTest" time="0.02"/>
  <testcase name="test277" classname="org.apache.commons.configuration2.DataConfiguration_ESTest" time="0.011"/>
  <testcase name="test039" classname="org.apache.commons.configuration2.DataConfiguration_ESTest" time="0.01"/>
  <testcase name="test041" classname="org.apache.commons.configuration2.DataConfiguration_ESTest" time="0.01"/>
  <testcase name="test162" classname="org.apache.commons.configuration2.DataConfiguration_ESTest" time="0.011"/>
  <testcase name="test283" classname="org.apache.commons.configuration2.DataConfiguration_ESTest" time="0.01"/>
  <testcase name="test040" classname="org.apache.commons.configuration2.DataConfiguration_ESTest" time="0.008"/>
  <testcase name="test161" classname="org.apache.commons.configuration2.DataConfiguration_ESTest" time="0.013"/>
  <testcase name="test282" classname="org.apache.commons.configuration2.DataConfiguration_ESTest" time="0.01"/>
  <testcase name="test160" classname="org.apache.commons.configuration2.DataConfiguration_ESTest" time="0.009"/>
  <testcase name="test281" classname="org.apache.commons.configuration2.DataConfiguration_ESTest" time="0.008"/>
  <testcase name="test280" classname="org.apache.commons.configuration2.DataConfiguration_ESTest" time="0.012"/>
  <testcase name="test045" classname="org.apache.commons.configuration2.DataConfiguration_ESTest" time="0.006"/>
  <testcase name="test166" classname="org.apache.commons.configuration2.DataConfiguration_ESTest" time="0.007"/>
  <testcase name="test287" classname="org.apache.commons.configuration2.DataConfiguration_ESTest" time="0.006"/>
  <testcase name="test044" classname="org.apache.commons.configuration2.DataConfiguration_ESTest" time="0.006"/>
  <testcase name="test165" classname="org.apache.commons.configuration2.DataConfiguration_ESTest" time="0.005"/>
  <testcase name="test286" classname="org.apache.commons.configuration2.DataConfiguration_ESTest" time="0.006"/>
  <testcase name="test043" classname="org.apache.commons.configuration2.DataConfiguration_ESTest" time="0.007"/>
  <testcase name="test164" classname="org.apache.commons.configuration2.DataConfiguration_ESTest" time="0.009"/>
  <testcase name="test285" classname="org.apache.commons.configuration2.DataConfiguration_ESTest" time="0.007"/>
  <testcase name="test042" classname="org.apache.commons.configuration2.DataConfiguration_ESTest" time="0.008"/>
  <testcase name="test163" classname="org.apache.commons.configuration2.DataConfiguration_ESTest" time="0.007"/>
  <testcase name="test284" classname="org.apache.commons.configuration2.DataConfiguration_ESTest" time="0.008"/>
  <testcase name="test027" classname="org.apache.commons.configuration2.DataConfiguration_ESTest" time="0.008"/>
  <testcase name="test148" classname="org.apache.commons.configuration2.DataConfiguration_ESTest" time="0.008"/>
  <testcase name="test269" classname="org.apache.commons.configuration2.DataConfiguration_ESTest" time="0.013"/>
  <testcase name="test026" classname="org.apache.commons.configuration2.DataConfiguration_ESTest" time="0.012"/>
  <testcase name="test147" classname="org.apache.commons.configuration2.DataConfiguration_ESTest" time="0.01"/>
  <testcase name="test268" classname="org.apache.commons.configuration2.DataConfiguration_ESTest" time="0.012"/>
  <testcase name="test025" classname="org.apache.commons.configuration2.DataConfiguration_ESTest" time="0.009"/>
  <testcase name="test146" classname="org.apache.commons.configuration2.DataConfiguration_ESTest" time="0.006"/>
  <testcase name="test267" classname="org.apache.commons.configuration2.DataConfiguration_ESTest" time="0.006"/>
  <testcase name="test024" classname="org.apache.commons.configuration2.DataConfiguration_ESTest" time="0.006"/>
  <testcase name="test145" classname="org.apache.commons.configuration2.DataConfiguration_ESTest" time="0.007"/>
  <testcase name="test266" classname="org.apache.commons.configuration2.DataConfiguration_ESTest" time="0.007"/>
  <testcase name="test029" classname="org.apache.commons.configuration2.DataConfiguration_ESTest" time="0.016"/>
  <testcase name="test028" classname="org.apache.commons.configuration2.DataConfiguration_ESTest" time="0.008"/>
  <testcase name="test149" classname="org.apache.commons.configuration2.DataConfiguration_ESTest" time="0.006"/>
  <testcase name="test030" classname="org.apache.commons.configuration2.DataConfiguration_ESTest" time="0.006"/>
  <testcase name="test151" classname="org.apache.commons.configuration2.DataConfiguration_ESTest" time="0.007"/>
  <testcase name="test272" classname="org.apache.commons.configuration2.DataConfiguration_ESTest" time="0.006"/>
  <testcase name="test150" classname="org.apache.commons.configuration2.DataConfiguration_ESTest" time="0.006"/>
  <testcase name="test271" classname="org.apache.commons.configuration2.DataConfiguration_ESTest" time="0.006"/>
  <testcase name="test270" classname="org.apache.commons.configuration2.DataConfiguration_ESTest" time="0.006"/>
  <testcase name="test034" classname="org.apache.commons.configuration2.DataConfiguration_ESTest" time="0.005"/>
  <testcase name="test155" classname="org.apache.commons.configuration2.DataConfiguration_ESTest" time="0.006"/>
  <testcase name="test276" classname="org.apache.commons.configuration2.DataConfiguration_ESTest" time="0.011"/>
  <testcase name="test033" classname="org.apache.commons.configuration2.DataConfiguration_ESTest" time="0.006"/>
  <testcase name="test154" classname="org.apache.commons.configuration2.DataConfiguration_ESTest" time="0.006"/>
  <testcase name="test275" classname="org.apache.commons.configuration2.DataConfiguration_ESTest" time="0.009"/>
  <testcase name="test032" classname="org.apache.commons.configuration2.DataConfiguration_ESTest" time="0.006"/>
  <testcase name="test153" classname="org.apache.commons.configuration2.DataConfiguration_ESTest" time="0.007"/>
  <testcase name="test274" classname="org.apache.commons.configuration2.DataConfiguration_ESTest" time="0.007"/>
  <testcase name="test031" classname="org.apache.commons.configuration2.DataConfiguration_ESTest" time="0.007"/>
  <testcase name="test152" classname="org.apache.commons.configuration2.DataConfiguration_ESTest" time="0.006"/>
  <testcase name="test273" classname="org.apache.commons.configuration2.DataConfiguration_ESTest" time="0.007"/>
  <testcase name="test016" classname="org.apache.commons.configuration2.DataConfiguration_ESTest" time="0.007"/>
  <testcase name="test137" classname="org.apache.commons.configuration2.DataConfiguration_ESTest" time="0.008"/>
  <testcase name="test258" classname="org.apache.commons.configuration2.DataConfiguration_ESTest" time="0.008"/>
  <testcase name="test015" classname="org.apache.commons.configuration2.DataConfiguration_ESTest" time="0.007"/>
  <testcase name="test136" classname="org.apache.commons.configuration2.DataConfiguration_ESTest" time="0.008"/>
  <testcase name="test257" classname="org.apache.commons.configuration2.DataConfiguration_ESTest" time="0.008"/>
  <testcase name="test014" classname="org.apache.commons.configuration2.DataConfiguration_ESTest" time="0.007"/>
  <testcase name="test135" classname="org.apache.commons.configuration2.DataConfiguration_ESTest" time="0.007"/>
  <testcase name="test256" classname="org.apache.commons.configuration2.DataConfiguration_ESTest" time="0.007"/>
  <testcase name="test013" classname="org.apache.commons.configuration2.DataConfiguration_ESTest" time="0.007"/>
  <testcase name="test134" classname="org.apache.commons.configuration2.DataConfiguration_ESTest" time="0.008"/>
  <testcase name="test255" classname="org.apache.commons.configuration2.DataConfiguration_ESTest" time="0.007"/>
  <testcase name="test019" classname="org.apache.commons.configuration2.DataConfiguration_ESTest" time="0.007"/>
  <testcase name="test018" classname="org.apache.commons.configuration2.DataConfiguration_ESTest" time="0.007"/>
  <testcase name="test139" classname="org.apache.commons.configuration2.DataConfiguration_ESTest" time="0.006"/>
  <testcase name="test017" classname="org.apache.commons.configuration2.DataConfiguration_ESTest" time="0.007"/>
  <testcase name="test138" classname="org.apache.commons.configuration2.DataConfiguration_ESTest" time="0.085"/>
  <testcase name="test259" classname="org.apache.commons.configuration2.DataConfiguration_ESTest" time="0.007"/>
  <testcase name="test140" classname="org.apache.commons.configuration2.DataConfiguration_ESTest" time="0.007"/>
  <testcase name="test261" classname="org.apache.commons.configuration2.DataConfiguration_ESTest" time="0.006"/>
  <testcase name="test260" classname="org.apache.commons.configuration2.DataConfiguration_ESTest" time="0.019"/>
  <testcase name="test023" classname="org.apache.commons.configuration2.DataConfiguration_ESTest" time="0.008"/>
  <testcase name="test144" classname="org.apache.commons.configuration2.DataConfiguration_ESTest" time="0.007"/>
  <testcase name="test265" classname="org.apache.commons.configuration2.DataConfiguration_ESTest" time="0.005"/>
  <testcase name="test022" classname="org.apache.commons.configuration2.DataConfiguration_ESTest" time="0.005"/>
  <testcase name="test143" classname="org.apache.commons.configuration2.DataConfiguration_ESTest" time="0.006"/>
  <testcase name="test264" classname="org.apache.commons.configuration2.DataConfiguration_ESTest" time="0.006"/>
  <testcase name="test021" classname="org.apache.commons.configuration2.DataConfiguration_ESTest" time="0.006"/>
  <testcase name="test142" classname="org.apache.commons.configuration2.DataConfiguration_ESTest" time="0.007"/>
  <testcase name="test263" classname="org.apache.commons.configuration2.DataConfiguration_ESTest" time="0.007"/>
  <testcase name="test020" classname="org.apache.commons.configuration2.DataConfiguration_ESTest" time="0.007"/>
  <testcase name="test141" classname="org.apache.commons.configuration2.DataConfiguration_ESTest" time="0.007"/>
  <testcase name="test262" classname="org.apache.commons.configuration2.DataConfiguration_ESTest" time="0.006"/>
  <testcase name="test096" classname="org.apache.commons.configuration2.DataConfiguration_ESTest" time="0.006"/>
  <testcase name="test095" classname="org.apache.commons.configuration2.DataConfiguration_ESTest" time="0.012"/>
  <testcase name="test094" classname="org.apache.commons.configuration2.DataConfiguration_ESTest" time="0.011"/>
  <testcase name="test093" classname="org.apache.commons.configuration2.DataConfiguration_ESTest" time="0.009"/>
  <testcase name="test099" classname="org.apache.commons.configuration2.DataConfiguration_ESTest" time="0.011"/>
  <testcase name="test098" classname="org.apache.commons.configuration2.DataConfiguration_ESTest" time="0.006"/>
  <testcase name="test097" classname="org.apache.commons.configuration2.DataConfiguration_ESTest" time="0.007"/>
  <testcase name="test092" classname="org.apache.commons.configuration2.DataConfiguration_ESTest" time="0.007"/>
  <testcase name="test091" classname="org.apache.commons.configuration2.DataConfiguration_ESTest" time="0.006"/>
  <testcase name="test090" classname="org.apache.commons.configuration2.DataConfiguration_ESTest" time="0.008"/>
  <testcase name="test079" classname="org.apache.commons.configuration2.DataConfiguration_ESTest" time="0.007"/>
  <testcase name="test085" classname="org.apache.commons.configuration2.DataConfiguration_ESTest" time="0.006"/>
  <testcase name="test084" classname="org.apache.commons.configuration2.DataConfiguration_ESTest" time="0.006"/>
  <testcase name="test083" classname="org.apache.commons.configuration2.DataConfiguration_ESTest" time="0.008"/>
  <testcase name="test082" classname="org.apache.commons.configuration2.DataConfiguration_ESTest" time="0.01"/>
  <testcase name="test089" classname="org.apache.commons.configuration2.DataConfiguration_ESTest" time="0.007"/>
  <testcase name="test088" classname="org.apache.commons.configuration2.DataConfiguration_ESTest" time="0.012"/>
  <testcase name="test087" classname="org.apache.commons.configuration2.DataConfiguration_ESTest" time="0.007"/>
  <testcase name="test086" classname="org.apache.commons.configuration2.DataConfiguration_ESTest" time="0.006"/>
  <testcase name="test081" classname="org.apache.commons.configuration2.DataConfiguration_ESTest" time="0.006"/>
  <testcase name="test080" classname="org.apache.commons.configuration2.DataConfiguration_ESTest" time="0.006"/>
  <testcase name="test069" classname="org.apache.commons.configuration2.DataConfiguration_ESTest" time="0.005"/>
  <testcase name="test068" classname="org.apache.commons.configuration2.DataConfiguration_ESTest" time="0.007"/>
  <testcase name="test189" classname="org.apache.commons.configuration2.DataConfiguration_ESTest" time="0.006"/>
  <testcase name="test074" classname="org.apache.commons.configuration2.DataConfiguration_ESTest" time="0.006"/>
  <testcase name="test195" classname="org.apache.commons.configuration2.DataConfiguration_ESTest" time="0.006"/>
  <testcase name="test073" classname="org.apache.commons.configuration2.DataConfiguration_ESTest" time="0.006"/>
  <testcase name="test194" classname="org.apache.commons.configuration2.DataConfiguration_ESTest" time="0.006"/>
  <testcase name="test072" classname="org.apache.commons.configuration2.DataConfiguration_ESTest" time="0.007"/>
  <testcase name="test193" classname="org.apache.commons.configuration2.DataConfiguration_ESTest" time="0.005"/>
  <testcase name="test071" classname="org.apache.commons.configuration2.DataConfiguration_ESTest" time="0.005"/>
  <testcase name="test192" classname="org.apache.commons.configuration2.DataConfiguration_ESTest" time="0.007"/>
  <testcase name="test078" classname="org.apache.commons.configuration2.DataConfiguration_ESTest" time="0.006"/>
  <testcase name="test199" classname="org.apache.commons.configuration2.DataConfiguration_ESTest" time="0.005"/>
  <testcase name="test077" classname="org.apache.commons.configuration2.DataConfiguration_ESTest" time="0.005"/>
  <testcase name="test198" classname="org.apache.commons.configuration2.DataConfiguration_ESTest" time="0.006"/>
  <testcase name="test076" classname="org.apache.commons.configuration2.DataConfiguration_ESTest" time="0.006"/>
  <testcase name="test197" classname="org.apache.commons.configuration2.DataConfiguration_ESTest" time="0.006"/>
  <testcase name="test075" classname="org.apache.commons.configuration2.DataConfiguration_ESTest" time="0.007"/>
  <testcase name="test196" classname="org.apache.commons.configuration2.DataConfiguration_ESTest" time="0.008"/>
  <testcase name="test070" classname="org.apache.commons.configuration2.DataConfiguration_ESTest" time="0.007"/>
  <testcase name="test191" classname="org.apache.commons.configuration2.DataConfiguration_ESTest" time="0.01"/>
  <testcase name="test190" classname="org.apache.commons.configuration2.DataConfiguration_ESTest" time="0.011"/>
  <testcase name="test059" classname="org.apache.commons.configuration2.DataConfiguration_ESTest" time="0.01"/>
  <testcase name="test058" classname="org.apache.commons.configuration2.DataConfiguration_ESTest" time="0.009"/>
  <testcase name="test179" classname="org.apache.commons.configuration2.DataConfiguration_ESTest" time="0.013"/>
  <testcase name="test057" classname="org.apache.commons.configuration2.DataConfiguration_ESTest" time="0.01"/>
  <testcase name="test178" classname="org.apache.commons.configuration2.DataConfiguration_ESTest" time="0.01"/>
  <testcase name="test299" classname="org.apache.commons.configuration2.DataConfiguration_ESTest" time="0.008"/>
  <testcase name="test063" classname="org.apache.commons.configuration2.DataConfiguration_ESTest" time="0.01"/>
  <testcase name="test184" classname="org.apache.commons.configuration2.DataConfiguration_ESTest" time="0.009"/>
  <testcase name="test062" classname="org.apache.commons.configuration2.DataConfiguration_ESTest" time="0.009"/>
  <testcase name="test183" classname="org.apache.commons.configuration2.DataConfiguration_ESTest" time="0.008"/>
  <testcase name="test061" classname="org.apache.commons.configuration2.DataConfiguration_ESTest" time="0.012"/>
  <testcase name="test182" classname="org.apache.commons.configuration2.DataConfiguration_ESTest" time="0.009"/>
  <testcase name="test060" classname="org.apache.commons.configuration2.DataConfiguration_ESTest" time="0.012"/>
  <testcase name="test181" classname="org.apache.commons.configuration2.DataConfiguration_ESTest" time="0.014"/>
  <testcase name="test067" classname="org.apache.commons.configuration2.DataConfiguration_ESTest" time="0.009"/>
  <testcase name="test188" classname="org.apache.commons.configuration2.DataConfiguration_ESTest" time="0.032"/>
  <testcase name="test066" classname="org.apache.commons.configuration2.DataConfiguration_ESTest" time="0.007"/>
  <testcase name="test187" classname="org.apache.commons.configuration2.DataConfiguration_ESTest" time="0.008"/>
  <testcase name="test065" classname="org.apache.commons.configuration2.DataConfiguration_ESTest" time="0.009"/>
  <testcase name="test186" classname="org.apache.commons.configuration2.DataConfiguration_ESTest" time="0.008"/>
  <testcase name="test064" classname="org.apache.commons.configuration2.DataConfiguration_ESTest" time="0.008"/>
  <testcase name="test185" classname="org.apache.commons.configuration2.DataConfiguration_ESTest" time="0.006"/>
  <testcase name="test180" classname="org.apache.commons.configuration2.DataConfiguration_ESTest" time="0.009"/>
  <testcase name="test209" classname="org.apache.commons.configuration2.DataConfiguration_ESTest" time="0.009"/>
  <testcase name="test208" classname="org.apache.commons.configuration2.DataConfiguration_ESTest" time="0.006"/>
  <testcase name="test329" classname="org.apache.commons.configuration2.DataConfiguration_ESTest" time="0.006"/>
  <testcase name="test203" classname="org.apache.commons.configuration2.DataConfiguration_ESTest" time="0.006"/>
  <testcase name="test324" classname="org.apache.commons.configuration2.DataConfiguration_ESTest" time="0.008"/>
  <testcase name="test202" classname="org.apache.commons.configuration2.DataConfiguration_ESTest" time="0.006"/>
  <testcase name="test323" classname="org.apache.commons.configuration2.DataConfiguration_ESTest" time="0.006"/>
  <testcase name="test201" classname="org.apache.commons.configuration2.DataConfiguration_ESTest" time="0.006"/>
  <testcase name="test322" classname="org.apache.commons.configuration2.DataConfiguration_ESTest" time="0.006"/>
  <testcase name="test200" classname="org.apache.commons.configuration2.DataConfiguration_ESTest" time="0.007"/>
  <testcase name="test321" classname="org.apache.commons.configuration2.DataConfiguration_ESTest" time="0.007"/>
  <testcase name="test207" classname="org.apache.commons.configuration2.DataConfiguration_ESTest" time="0.006"/>
  <testcase name="test328" classname="org.apache.commons.configuration2.DataConfiguration_ESTest" time="0.005"/>
  <testcase name="test206" classname="org.apache.commons.configuration2.DataConfiguration_ESTest" time="0.006"/>
  <testcase name="test327" classname="org.apache.commons.configuration2.DataConfiguration_ESTest" time="0.006"/>
  <testcase name="test205" classname="org.apache.commons.configuration2.DataConfiguration_ESTest" time="0.005"/>
  <testcase name="test326" classname="org.apache.commons.configuration2.DataConfiguration_ESTest" time="0.006"/>
  <testcase name="test204" classname="org.apache.commons.configuration2.DataConfiguration_ESTest" time="0.007"/>
  <testcase name="test325" classname="org.apache.commons.configuration2.DataConfiguration_ESTest" time="0.006"/>
  <testcase name="test210" classname="org.apache.commons.configuration2.DataConfiguration_ESTest" time="0.006"/>
  <testcase name="test331" classname="org.apache.commons.configuration2.DataConfiguration_ESTest" time="0.005"/>
  <testcase name="test330" classname="org.apache.commons.configuration2.DataConfiguration_ESTest" time="0.005"/>
  <testcase name="test319" classname="org.apache.commons.configuration2.DataConfiguration_ESTest" time="0.007"/>
  <testcase name="test318" classname="org.apache.commons.configuration2.DataConfiguration_ESTest" time="0.005"/>
  <testcase name="test313" classname="org.apache.commons.configuration2.DataConfiguration_ESTest" time="0.007"/>
  <testcase name="test312" classname="org.apache.commons.configuration2.DataConfiguration_ESTest" time="0.01"/>
  <testcase name="test311" classname="org.apache.commons.configuration2.DataConfiguration_ESTest" time="0.006"/>
  <testcase name="test310" classname="org.apache.commons.configuration2.DataConfiguration_ESTest" time="0.007"/>
  <testcase name="test317" classname="org.apache.commons.configuration2.DataConfiguration_ESTest" time="0.007"/>
  <testcase name="test316" classname="org.apache.commons.configuration2.DataConfiguration_ESTest" time="0.007"/>
  <testcase name="test315" classname="org.apache.commons.configuration2.DataConfiguration_ESTest" time="0.005"/>
  <testcase name="test314" classname="org.apache.commons.configuration2.DataConfiguration_ESTest" time="0.006"/>
  <testcase name="test320" classname="org.apache.commons.configuration2.DataConfiguration_ESTest" time="0.008"/>
  <testcase name="test309" classname="org.apache.commons.configuration2.DataConfiguration_ESTest" time="0.006"/>
  <testcase name="test308" classname="org.apache.commons.configuration2.DataConfiguration_ESTest" time="0.007"/>
  <testcase name="test307" classname="org.apache.commons.configuration2.DataConfiguration_ESTest" time="0.006"/>
  <testcase name="test302" classname="org.apache.commons.configuration2.DataConfiguration_ESTest" time="0.006"/>
  <testcase name="test301" classname="org.apache.commons.configuration2.DataConfiguration_ESTest" time="0.007"/>
  <testcase name="test300" classname="org.apache.commons.configuration2.DataConfiguration_ESTest" time="0.008"/>
  <testcase name="test306" classname="org.apache.commons.configuration2.DataConfiguration_ESTest" time="0.005"/>
  <testcase name="test305" classname="org.apache.commons.configuration2.DataConfiguration_ESTest" time="0.006"/>
  <testcase name="test304" classname="org.apache.commons.configuration2.DataConfiguration_ESTest" time="0.005"/>
  <testcase name="test303" classname="org.apache.commons.configuration2.DataConfiguration_ESTest" time="0.006"/>
</testsuite>