<?xml version="1.0" encoding="UTF-8"?>
<testsuite xmlns:xsi="http://www.w3.org/2001/XMLSchema-instance" xsi:noNamespaceSchemaLocation="https://maven.apache.org/surefire/maven-surefire-plugin/xsd/surefire-test-report-3.0.xsd" version="3.0" name="org.apache.hadoop.mapreduce.jobhistory.TaskAttemptUnsuccessfulCompletionEvent_ESTest" time="1.855" tests="65" errors="0" skipped="0" failures="0">
  <properties>
    <property name="awt.toolkit" value="sun.awt.X11.XToolkit"/>
    <property name="file.encoding.pkg" value="sun.io"/>
    <property name="java.specification.version" value="1.8"/>
    <property name="sun.cpu.isalist" value=""/>
    <property name="sun.jnu.encoding" value="UTF-8"/>
    <property name="java.class.path" value="/home/wtwhite/code/regression-test-generation/find-diff-classes/compile/gaoss/org/apache/hadoop/hadoop-mapreduce-client-core/3.3.5/target/test-classes:/home/wtwhite/code/regression-test-generation/find-diff-classes/compile/gaoss/org/apache/hadoop/hadoop-mapreduce-client-core/3.3.5/target/classes:/home/wtwhite/code/craw-redhat-oss/wget/crawl/google-aoss/org/apache/hadoop/hadoop-mapreduce-client-core/3.3.5/hadoop-mapreduce-client-core-3.3.5.jar:/home/wtwhite/code/regression-test-generation/find-diff-classes/compile/gaoss/org/apache/hadoop/hadoop-mapreduce-client-core/3.3.5/t/dependency/accessors-smart-2.4.7.jar:/home/wtwhite/code/regression-test-generation/find-diff-classes/compile/gaoss/org/apache/hadoop/hadoop-mapreduce-client-core/3.3.5/t/dependency/animal-sniffer-annotations-1.17.jar:/home/wtwhite/code/regression-test-generation/find-diff-classes/compile/gaoss/org/apache/hadoop/hadoop-mapreduce-client-core/3.3.5/t/dependency/aopalliance-1.0.jar:/home/wtwhite/code/regression-test-generation/find-diff-classes/compile/gaoss/org/apache/hadoop/hadoop-mapreduce-client-core/3.3.5/t/dependency/asm-5.0.4.jar:/home/wtwhite/code/regression-test-generation/find-diff-classes/compile/gaoss/org/apache/hadoop/hadoop-mapreduce-client-core/3.3.5/t/dependency/assertj-core-3.12.2.jar:/home/wtwhite/code/regression-test-generation/find-diff-classes/compile/gaoss/org/apache/hadoop/hadoop-mapreduce-client-core/3.3.5/t/dependency/audience-annotations-0.5.0.jar:/home/wtwhite/code/regression-test-generation/find-diff-classes/compile/gaoss/org/apache/hadoop/hadoop-mapreduce-client-core/3.3.5/t/dependency/avro-1.7.7.jar:/home/wtwhite/code/regression-test-generation/find-diff-classes/compile/gaoss/org/apache/hadoop/hadoop-mapreduce-client-core/3.3.5/t/dependency/byte-buddy-1.9.10.jar:/home/wtwhite/code/regression-test-generation/find-diff-classes/compile/gaoss/org/apache/hadoop/hadoop-mapreduce-client-core/3.3.5/t/dependency/byte-buddy-agent-1.9.10.jar:/home/wtwhite/code/regression-test-generation/find-diff-classes/compile/gaoss/org/apache/hadoop/hadoop-mapreduce-client-core/3.3.5/t/dependency/checker-qual-2.5.2.jar:/home/wtwhite/code/regression-test-generation/find-diff-classes/compile/gaoss/org/apache/hadoop/hadoop-mapreduce-client-core/3.3.5/t/dependency/commons-beanutils-1.9.4.jar:/home/wtwhite/code/regression-test-generation/find-diff-classes/compile/gaoss/org/apache/hadoop/hadoop-mapreduce-client-core/3.3.5/t/dependency/commons-cli-1.2.jar:/home/wtwhite/code/regression-test-generation/find-diff-classes/compile/gaoss/org/apache/hadoop/hadoop-mapreduce-client-core/3.3.5/t/dependency/commons-codec-1.15.jar:/home/wtwhite/code/regression-test-generation/find-diff-classes/compile/gaoss/org/apache/hadoop/hadoop-mapreduce-client-core/3.3.5/t/dependency/commons-collections-3.2.2.jar:/home/wtwhite/code/regression-test-generation/find-diff-classes/compile/gaoss/org/apache/hadoop/hadoop-mapreduce-client-core/3.3.5/t/dependency/commons-compress-1.21.jar:/home/wtwhite/code/regression-test-generation/find-diff-classes/compile/gaoss/org/apache/hadoop/hadoop-mapreduce-client-core/3.3.5/t/dependency/commons-configuration2-2.8.0.jar:/home/wtwhite/code/regression-test-generation/find-diff-classes/compile/gaoss/org/apache/hadoop/hadoop-mapreduce-client-core/3.3.5/t/dependency/commons-daemon-1.0.13.jar:/home/wtwhite/code/regression-test-generation/find-diff-classes/compile/gaoss/org/apache/hadoop/hadoop-mapreduce-client-core/3.3.5/t/dependency/commons-io-2.8.0.jar:/home/wtwhite/code/regression-test-generation/find-diff-classes/compile/gaoss/org/apache/hadoop/hadoop-mapreduce-client-core/3.3.5/t/dependency/commons-lang3-3.12.0.jar:/home/wtwhite/code/regression-test-generation/find-diff-classes/compile/gaoss/org/apache/hadoop/hadoop-mapreduce-client-core/3.3.5/t/dependency/commons-logging-1.1.3.jar:/home/wtwhite/code/regression-test-generation/find-diff-classes/compile/gaoss/org/apache/hadoop/hadoop-mapreduce-client-core/3.3.5/t/dependency/commons-math3-3.1.1.jar:/home/wtwhite/code/regression-test-generation/find-diff-classes/compile/gaoss/org/apache/hadoop/hadoop-mapreduce-client-core/3.3.5/t/dependency/commons-net-3.9.0.jar:/home/wtwhite/code/regression-test-generation/find-diff-classes/compile/gaoss/org/apache/hadoop/hadoop-mapreduce-client-core/3.3.5/t/dependency/commons-text-1.10.0.jar:/home/wtwhite/code/regression-test-generation/find-diff-classes/compile/gaoss/org/apache/hadoop/hadoop-mapreduce-client-core/3.3.5/t/dependency/curator-client-4.2.0.jar:/home/wtwhite/code/regression-test-generation/find-diff-classes/compile/gaoss/org/apache/hadoop/hadoop-mapreduce-client-core/3.3.5/t/dependency/curator-framework-4.2.0.jar:/home/wtwhite/code/regression-test-generation/find-diff-classes/compile/gaoss/org/apache/hadoop/hadoop-mapreduce-client-core/3.3.5/t/dependency/curator-recipes-4.2.0.jar:/home/wtwhite/code/regression-test-generation/find-diff-classes/compile/gaoss/org/apache/hadoop/hadoop-mapreduce-client-core/3.3.5/t/dependency/dnsjava-2.1.7.jar:/home/wtwhite/code/regression-test-generation/find-diff-classes/compile/gaoss/org/apache/hadoop/hadoop-mapreduce-client-core/3.3.5/t/dependency/failureaccess-1.0.jar:/home/wtwhite/code/regression-test-generation/find-diff-classes/compile/gaoss/org/apache/hadoop/hadoop-mapreduce-client-core/3.3.5/t/dependency/grizzly-framework-2.2.21.jar:/home/wtwhite/code/regression-test-generation/find-diff-classes/compile/gaoss/org/apache/hadoop/hadoop-mapreduce-client-core/3.3.5/t/dependency/grizzly-http-2.2.21.jar:/home/wtwhite/code/regression-test-generation/find-diff-classes/compile/gaoss/org/apache/hadoop/hadoop-mapreduce-client-core/3.3.5/t/dependency/grizzly-http-server-2.2.21.jar:/home/wtwhite/code/regression-test-generation/find-diff-classes/compile/gaoss/org/apache/hadoop/hadoop-mapreduce-client-core/3.3.5/t/dependency/grizzly-http-servlet-2.2.21.jar:/home/wtwhite/code/regression-test-generation/find-diff-classes/compile/gaoss/org/apache/hadoop/hadoop-mapreduce-client-core/3.3.5/t/dependency/grizzly-rcm-2.2.21.jar:/home/wtwhite/code/regression-test-generation/find-diff-classes/compile/gaoss/org/apache/hadoop/hadoop-mapreduce-client-core/3.3.5/t/dependency/gson-2.9.0.jar:/home/wtwhite/code/regression-test-generation/find-diff-classes/compile/gaoss/org/apache/hadoop/hadoop-mapreduce-client-core/3.3.5/t/dependency/guava-27.0-jre.jar:/home/wtwhite/code/regression-test-generation/find-diff-classes/compile/gaoss/org/apache/hadoop/hadoop-mapreduce-client-core/3.3.5/t/dependency/guice-4.0.jar:/home/wtwhite/code/regression-test-generation/find-diff-classes/compile/gaoss/org/apache/hadoop/hadoop-mapreduce-client-core/3.3.5/t/dependency/guice-servlet-4.0.jar:/home/wtwhite/code/regression-test-generation/find-diff-classes/compile/gaoss/org/apache/hadoop/hadoop-mapreduce-client-core/3.3.5/t/dependency/hadoop-annotations-3.3.5.jar:/home/wtwhite/code/regression-test-generation/find-diff-classes/compile/gaoss/org/apache/hadoop/hadoop-mapreduce-client-core/3.3.5/t/dependency/hadoop-auth-3.3.5.jar:/home/wtwhite/code/regression-test-generation/find-diff-classes/compile/gaoss/org/apache/hadoop/hadoop-mapreduce-client-core/3.3.5/t/dependency/hadoop-common-3.3.5-tests.jar:/home/wtwhite/code/regression-test-generation/find-diff-classes/compile/gaoss/org/apache/hadoop/hadoop-mapreduce-client-core/3.3.5/t/dependency/hadoop-common-3.3.5.jar:/home/wtwhite/code/regression-test-generation/find-diff-classes/compile/gaoss/org/apache/hadoop/hadoop-mapreduce-client-core/3.3.5/t/dependency/hadoop-hdfs-3.3.5-tests.jar:/home/wtwhite/code/regression-test-generation/find-diff-classes/compile/gaoss/org/apache/hadoop/hadoop-mapreduce-client-core/3.3.5/t/dependency/hadoop-hdfs-3.3.5.jar:/home/wtwhite/code/regression-test-generation/find-diff-classes/compile/gaoss/org/apache/hadoop/hadoop-mapreduce-client-core/3.3.5/t/dependency/hadoop-hdfs-client-3.3.5.jar:/home/wtwhite/code/regression-test-generation/find-diff-classes/compile/gaoss/org/apache/hadoop/hadoop-mapreduce-client-core/3.3.5/t/dependency/hadoop-shaded-guava-1.1.1.jar:/home/wtwhite/code/regression-test-generation/find-diff-classes/compile/gaoss/org/apache/hadoop/hadoop-mapreduce-client-core/3.3.5/t/dependency/hadoop-shaded-protobuf_3_7-1.1.1.jar:/home/wtwhite/code/regression-test-generation/find-diff-classes/compile/gaoss/org/apache/hadoop/hadoop-mapreduce-client-core/3.3.5/t/dependency/hadoop-yarn-api-3.3.5.jar:/home/wtwhite/code/regression-test-generation/find-diff-classes/compile/gaoss/org/apache/hadoop/hadoop-mapreduce-client-core/3.3.5/t/dependency/hadoop-yarn-client-3.3.5.jar:/home/wtwhite/code/regression-test-generation/find-diff-classes/compile/gaoss/org/apache/hadoop/hadoop-mapreduce-client-core/3.3.5/t/dependency/hadoop-yarn-common-3.3.5.jar:/home/wtwhite/code/regression-test-generation/find-diff-classes/compile/gaoss/org/apache/hadoop/hadoop-mapreduce-client-core/3.3.5/t/dependency/hamcrest-core-1.3.jar:/home/wtwhite/code/regression-test-generation/find-diff-classes/compile/gaoss/org/apache/hadoop/hadoop-mapreduce-client-core/3.3.5/t/dependency/httpclient-4.5.13.jar:/home/wtwhite/code/regression-test-generation/find-diff-classes/compile/gaoss/org/apache/hadoop/hadoop-mapreduce-client-core/3.3.5/t/dependency/httpcore-4.4.13.jar:/home/wtwhite/code/regression-test-generation/find-diff-classes/compile/gaoss/org/apache/hadoop/hadoop-mapreduce-client-core/3.3.5/t/dependency/j2objc-annotations-1.1.jar:/home/wtwhite/code/regression-test-generation/find-diff-classes/compile/gaoss/org/apache/hadoop/hadoop-mapreduce-client-core/3.3.5/t/dependency/jackson-annotations-2.12.7.jar:/home/wtwhite/code/regression-test-generation/find-diff-classes/compile/gaoss/org/apache/hadoop/hadoop-mapreduce-client-core/3.3.5/t/dependency/jackson-core-2.12.7.jar:/home/wtwhite/code/regression-test-generation/find-diff-classes/compile/gaoss/org/apache/hadoop/hadoop-mapreduce-client-core/3.3.5/t/dependency/jackson-core-asl-1.9.13.jar:/home/wtwhite/code/regression-test-generation/find-diff-classes/compile/gaoss/org/apache/hadoop/hadoop-mapreduce-client-core/3.3.5/t/dependency/jackson-databind-2.12.7.1.jar:/home/wtwhite/code/regression-test-generation/find-diff-classes/compile/gaoss/org/apache/hadoop/hadoop-mapreduce-client-core/3.3.5/t/dependency/jackson-jaxrs-base-2.12.7.jar:/home/wtwhite/code/regression-test-generation/find-diff-classes/compile/gaoss/org/apache/hadoop/hadoop-mapreduce-client-core/3.3.5/t/dependency/jackson-jaxrs-json-provider-2.12.7.jar:/home/wtwhite/code/regression-test-generation/find-diff-classes/compile/gaoss/org/apache/hadoop/hadoop-mapreduce-client-core/3.3.5/t/dependency/jackson-mapper-asl-1.9.13.jar:/home/wtwhite/code/regression-test-generation/find-diff-classes/compile/gaoss/org/apache/hadoop/hadoop-mapreduce-client-core/3.3.5/t/dependency/jackson-module-jaxb-annotations-2.12.7.jar:/home/wtwhite/code/regression-test-generation/find-diff-classes/compile/gaoss/org/apache/hadoop/hadoop-mapreduce-client-core/3.3.5/t/dependency/jakarta.activation-api-1.2.1.jar:/home/wtwhite/code/regression-test-generation/find-diff-classes/compile/gaoss/org/apache/hadoop/hadoop-mapreduce-client-core/3.3.5/t/dependency/jakarta.xml.bind-api-2.3.2.jar:/home/wtwhite/code/regression-test-generation/find-diff-classes/compile/gaoss/org/apache/hadoop/hadoop-mapreduce-client-core/3.3.5/t/dependency/javax.inject-1.jar:/home/wtwhite/code/regression-test-generation/find-diff-classes/compile/gaoss/org/apache/hadoop/hadoop-mapreduce-client-core/3.3.5/t/dependency/javax.servlet-api-3.1.0.jar:/home/wtwhite/code/regression-test-generation/find-diff-classes/compile/gaoss/org/apache/hadoop/hadoop-mapreduce-client-core/3.3.5/t/dependency/jaxb-api-2.2.11.jar:/home/wtwhite/code/regression-test-generation/find-diff-classes/compile/gaoss/org/apache/hadoop/hadoop-mapreduce-client-core/3.3.5/t/dependency/jaxb-impl-2.2.3-1.jar:/home/wtwhite/code/regression-test-generation/find-diff-classes/compile/gaoss/org/apache/hadoop/hadoop-mapreduce-client-core/3.3.5/t/dependency/jcip-annotations-1.0-1.jar:/home/wtwhite/code/regression-test-generation/find-diff-classes/compile/gaoss/org/apache/hadoop/hadoop-mapreduce-client-core/3.3.5/t/dependency/jdk.tools-1.8.jar:/home/wtwhite/code/regression-test-generation/find-diff-classes/compile/gaoss/org/apache/hadoop/hadoop-mapreduce-client-core/3.3.5/t/dependency/jersey-client-1.19.4.jar:/home/wtwhite/code/regression-test-generation/find-diff-classes/compile/gaoss/org/apache/hadoop/hadoop-mapreduce-client-core/3.3.5/t/dependency/jersey-core-1.19.4.jar:/home/wtwhite/code/regression-test-generation/find-diff-classes/compile/gaoss/org/apache/hadoop/hadoop-mapreduce-client-core/3.3.5/t/dependency/jersey-grizzly2-1.19.4.jar:/home/wtwhite/code/regression-test-generation/find-diff-classes/compile/gaoss/org/apache/hadoop/hadoop-mapreduce-client-core/3.3.5/t/dependency/jersey-grizzly2-servlet-1.19.4.jar:/home/wtwhite/code/regression-test-generation/find-diff-classes/compile/gaoss/org/apache/hadoop/hadoop-mapreduce-client-core/3.3.5/t/dependency/jersey-guice-1.19.4.jar:/home/wtwhite/code/regression-test-generation/find-diff-classes/compile/gaoss/org/apache/hadoop/hadoop-mapreduce-client-core/3.3.5/t/dependency/jersey-json-1.20.jar:/home/wtwhite/code/regression-test-generation/find-diff-classes/compile/gaoss/org/apache/hadoop/hadoop-mapreduce-client-core/3.3.5/t/dependency/jersey-server-1.19.4.jar:/home/wtwhite/code/regression-test-generation/find-diff-classes/compile/gaoss/org/apache/hadoop/hadoop-mapreduce-client-core/3.3.5/t/dependency/jersey-servlet-1.19.4.jar:/home/wtwhite/code/regression-test-generation/find-diff-classes/compile/gaoss/org/apache/hadoop/hadoop-mapreduce-client-core/3.3.5/t/dependency/jersey-test-framework-core-1.19.4.jar:/home/wtwhite/code/regression-test-generation/find-diff-classes/compile/gaoss/org/apache/hadoop/hadoop-mapreduce-client-core/3.3.5/t/dependency/jersey-test-framework-grizzly2-1.19.4.jar:/home/wtwhite/code/regression-test-generation/find-diff-classes/compile/gaoss/org/apache/hadoop/hadoop-mapreduce-client-core/3.3.5/t/dependency/jettison-1.5.3.jar:/home/wtwhite/code/regression-test-generation/find-diff-classes/compile/gaoss/org/apache/hadoop/hadoop-mapreduce-client-core/3.3.5/t/dependency/jetty-client-9.4.48.v20220622.jar:/home/wtwhite/code/regression-test-generation/find-diff-classes/compile/gaoss/org/apache/hadoop/hadoop-mapreduce-client-core/3.3.5/t/dependency/jetty-http-9.4.48.v20220622.jar:/home/wtwhite/code/regression-test-generation/find-diff-classes/compile/gaoss/org/apache/hadoop/hadoop-mapreduce-client-core/3.3.5/t/dependency/jetty-io-9.4.48.v20220622.jar:/home/wtwhite/code/regression-test-generation/find-diff-classes/compile/gaoss/org/apache/hadoop/hadoop-mapreduce-client-core/3.3.5/t/dependency/jetty-security-9.4.48.v20220622.jar:/home/wtwhite/code/regression-test-generation/find-diff-classes/compile/gaoss/org/apache/hadoop/hadoop-mapreduce-client-core/3.3.5/t/dependency/jetty-server-9.4.48.v20220622.jar:/home/wtwhite/code/regression-test-generation/find-diff-classes/compile/gaoss/org/apache/hadoop/hadoop-mapreduce-client-core/3.3.5/t/dependency/jetty-servlet-9.4.48.v20220622.jar:/home/wtwhite/code/regression-test-generation/find-diff-classes/compile/gaoss/org/apache/hadoop/hadoop-mapreduce-client-core/3.3.5/t/dependency/jetty-util-9.4.48.v20220622.jar:/home/wtwhite/code/regression-test-generation/find-diff-classes/compile/gaoss/org/apache/hadoop/hadoop-mapreduce-client-core/3.3.5/t/dependency/jetty-util-ajax-9.4.48.v20220622.jar:/home/wtwhite/code/regression-test-generation/find-diff-classes/compile/gaoss/org/apache/hadoop/hadoop-mapreduce-client-core/3.3.5/t/dependency/jetty-webapp-9.4.48.v20220622.jar:/home/wtwhite/code/regression-test-generation/find-diff-classes/compile/gaoss/org/apache/hadoop/hadoop-mapreduce-client-core/3.3.5/t/dependency/jetty-xml-9.4.48.v20220622.jar:/home/wtwhite/code/regression-test-generation/find-diff-classes/compile/gaoss/org/apache/hadoop/hadoop-mapreduce-client-core/3.3.5/t/dependency/jline-3.9.0.jar:/home/wtwhite/code/regression-test-generation/find-diff-classes/compile/gaoss/org/apache/hadoop/hadoop-mapreduce-client-core/3.3.5/t/dependency/jsch-0.1.55.jar:/home/wtwhite/code/regression-test-generation/find-diff-classes/compile/gaoss/org/apache/hadoop/hadoop-mapreduce-client-core/3.3.5/t/dependency/json-20090211.jar:/home/wtwhite/code/regression-test-generation/find-diff-classes/compile/gaoss/org/apache/hadoop/hadoop-mapreduce-client-core/3.3.5/t/dependency/json-smart-2.4.7.jar:/home/wtwhite/code/regression-test-generation/find-diff-classes/compile/gaoss/org/apache/hadoop/hadoop-mapreduce-client-core/3.3.5/t/dependency/jsonassert-1.3.0.jar:/home/wtwhite/code/regression-test-generation/find-diff-classes/compile/gaoss/org/apache/hadoop/hadoop-mapreduce-client-core/3.3.5/t/dependency/jsp-api-2.1.jar:/home/wtwhite/code/regression-test-generation/find-diff-classes/compile/gaoss/org/apache/hadoop/hadoop-mapreduce-client-core/3.3.5/t/dependency/jsr305-3.0.2.jar:/home/wtwhite/code/regression-test-generation/find-diff-classes/compile/gaoss/org/apache/hadoop/hadoop-mapreduce-client-core/3.3.5/t/dependency/jsr311-api-1.1.1.jar:/home/wtwhite/code/regression-test-generation/find-diff-classes/compile/gaoss/org/apache/hadoop/hadoop-mapreduce-client-core/3.3.5/t/dependency/junit-4.13.2.jar:/home/wtwhite/code/regression-test-generation/find-diff-classes/compile/gaoss/org/apache/hadoop/hadoop-mapreduce-client-core/3.3.5/t/dependency/kerb-admin-1.0.1.jar:/home/wtwhite/code/regression-test-generation/find-diff-classes/compile/gaoss/org/apache/hadoop/hadoop-mapreduce-client-core/3.3.5/t/dependency/kerb-client-1.0.1.jar:/home/wtwhite/code/regression-test-generation/find-diff-classes/compile/gaoss/org/apache/hadoop/hadoop-mapreduce-client-core/3.3.5/t/dependency/kerb-common-1.0.1.jar:/home/wtwhite/code/regression-test-generation/find-diff-classes/compile/gaoss/org/apache/hadoop/hadoop-mapreduce-client-core/3.3.5/t/dependency/kerb-core-1.0.1.jar:/home/wtwhite/code/regression-test-generation/find-diff-classes/compile/gaoss/org/apache/hadoop/hadoop-mapreduce-client-core/3.3.5/t/dependency/kerb-crypto-1.0.1.jar:/home/wtwhite/code/regression-test-generation/find-diff-classes/compile/gaoss/org/apache/hadoop/hadoop-mapreduce-client-core/3.3.5/t/dependency/kerb-identity-1.0.1.jar:/home/wtwhite/code/regression-test-generation/find-diff-classes/compile/gaoss/org/apache/hadoop/hadoop-mapreduce-client-core/3.3.5/t/dependency/kerb-server-1.0.1.jar:/home/wtwhite/code/regression-test-generation/find-diff-classes/compile/gaoss/org/apache/hadoop/hadoop-mapreduce-client-core/3.3.5/t/dependency/kerb-simplekdc-1.0.1.jar:/home/wtwhite/code/regression-test-generation/find-diff-classes/compile/gaoss/org/apache/hadoop/hadoop-mapreduce-client-core/3.3.5/t/dependency/kerb-util-1.0.1.jar:/home/wtwhite/code/regression-test-generation/find-diff-classes/compile/gaoss/org/apache/hadoop/hadoop-mapreduce-client-core/3.3.5/t/dependency/kerby-asn1-1.0.1.jar:/home/wtwhite/code/regression-test-generation/find-diff-classes/compile/gaoss/org/apache/hadoop/hadoop-mapreduce-client-core/3.3.5/t/dependency/kerby-config-1.0.1.jar:/home/wtwhite/code/regression-test-generation/find-diff-classes/compile/gaoss/org/apache/hadoop/hadoop-mapreduce-client-core/3.3.5/t/dependency/kerby-pkix-1.0.1.jar:/home/wtwhite/code/regression-test-generation/find-diff-classes/compile/gaoss/org/apache/hadoop/hadoop-mapreduce-client-core/3.3.5/t/dependency/kerby-util-1.0.1.jar:/home/wtwhite/code/regression-test-generation/find-diff-classes/compile/gaoss/org/apache/hadoop/hadoop-mapreduce-client-core/3.3.5/t/dependency/kerby-xdr-1.0.1.jar:/home/wtwhite/code/regression-test-generation/find-diff-classes/compile/gaoss/org/apache/hadoop/hadoop-mapreduce-client-core/3.3.5/t/dependency/kotlin-stdlib-1.4.10.jar:/home/wtwhite/code/regression-test-generation/find-diff-classes/compile/gaoss/org/apache/hadoop/hadoop-mapreduce-client-core/3.3.5/t/dependency/kotlin-stdlib-common-1.4.10.jar:/home/wtwhite/code/regression-test-generation/find-diff-classes/compile/gaoss/org/apache/hadoop/hadoop-mapreduce-client-core/3.3.5/t/dependency/leveldbjni-all-1.8.jar:/home/wtwhite/code/regression-test-generation/find-diff-classes/compile/gaoss/org/apache/hadoop/hadoop-mapreduce-client-core/3.3.5/t/dependency/listenablefuture-9999.0-empty-to-avoid-conflict-with-guava.jar:/home/wtwhite/code/regression-test-generation/find-diff-classes/compile/gaoss/org/apache/hadoop/hadoop-mapreduce-client-core/3.3.5/t/dependency/mockito-core-2.28.2.jar:/home/wtwhite/code/regression-test-generation/find-diff-classes/compile/gaoss/org/apache/hadoop/hadoop-mapreduce-client-core/3.3.5/t/dependency/netty-3.10.6.Final.jar:/home/wtwhite/code/regression-test-generation/find-diff-classes/compile/gaoss/org/apache/hadoop/hadoop-mapreduce-client-core/3.3.5/t/dependency/netty-all-4.1.77.Final.jar:/home/wtwhite/code/regression-test-generation/find-diff-classes/compile/gaoss/org/apache/hadoop/hadoop-mapreduce-client-core/3.3.5/t/dependency/netty-buffer-4.1.77.Final.jar:/home/wtwhite/code/regression-test-generation/find-diff-classes/compile/gaoss/org/apache/hadoop/hadoop-mapreduce-client-core/3.3.5/t/dependency/netty-codec-4.1.77.Final.jar:/home/wtwhite/code/regression-test-generation/find-diff-classes/compile/gaoss/org/apache/hadoop/hadoop-mapreduce-client-core/3.3.5/t/dependency/netty-codec-dns-4.1.77.Final.jar:/home/wtwhite/code/regression-test-generation/find-diff-classes/compile/gaoss/org/apache/hadoop/hadoop-mapreduce-client-core/3.3.5/t/dependency/netty-codec-haproxy-4.1.77.Final.jar:/home/wtwhite/code/regression-test-generation/find-diff-classes/compile/gaoss/org/apache/hadoop/hadoop-mapreduce-client-core/3.3.5/t/dependency/netty-codec-http-4.1.77.Final.jar:/home/wtwhite/code/regression-test-generation/find-diff-classes/compile/gaoss/org/apache/hadoop/hadoop-mapreduce-client-core/3.3.5/t/dependency/netty-codec-http2-4.1.77.Final.jar:/home/wtwhite/code/regression-test-generation/find-diff-classes/compile/gaoss/org/apache/hadoop/hadoop-mapreduce-client-core/3.3.5/t/dependency/netty-codec-memcache-4.1.77.Final.jar:/home/wtwhite/code/regression-test-generation/find-diff-classes/compile/gaoss/org/apache/hadoop/hadoop-mapreduce-client-core/3.3.5/t/dependency/netty-codec-mqtt-4.1.77.Final.jar:/home/wtwhite/code/regression-test-generation/find-diff-classes/compile/gaoss/org/apache/hadoop/hadoop-mapreduce-client-core/3.3.5/t/dependency/netty-codec-redis-4.1.77.Final.jar:/home/wtwhite/code/regression-test-generation/find-diff-classes/compile/gaoss/org/apache/hadoop/hadoop-mapreduce-client-core/3.3.5/t/dependency/netty-codec-smtp-4.1.77.Final.jar:/home/wtwhite/code/regression-test-generation/find-diff-classes/compile/gaoss/org/apache/hadoop/hadoop-mapreduce-client-core/3.3.5/t/dependency/netty-codec-socks-4.1.77.Final.jar:/home/wtwhite/code/regression-test-generation/find-diff-classes/compile/gaoss/org/apache/hadoop/hadoop-mapreduce-client-core/3.3.5/t/dependency/netty-codec-stomp-4.1.77.Final.jar:/home/wtwhite/code/regression-test-generation/find-diff-classes/compile/gaoss/org/apache/hadoop/hadoop-mapreduce-client-core/3.3.5/t/dependency/netty-codec-xml-4.1.77.Final.jar:/home/wtwhite/code/regression-test-generation/find-diff-classes/compile/gaoss/org/apache/hadoop/hadoop-mapreduce-client-core/3.3.5/t/dependency/netty-common-4.1.77.Final.jar:/home/wtwhite/code/regression-test-generation/find-diff-classes/compile/gaoss/org/apache/hadoop/hadoop-mapreduce-client-core/3.3.5/t/dependency/netty-handler-4.1.77.Final.jar:/home/wtwhite/code/regression-test-generation/find-diff-classes/compile/gaoss/org/apache/hadoop/hadoop-mapreduce-client-core/3.3.5/t/dependency/netty-handler-proxy-4.1.77.Final.jar:/home/wtwhite/code/regression-test-generation/find-diff-classes/compile/gaoss/org/apache/hadoop/hadoop-mapreduce-client-core/3.3.5/t/dependency/netty-resolver-4.1.77.Final.jar:/home/wtwhite/code/regression-test-generation/find-diff-classes/compile/gaoss/org/apache/hadoop/hadoop-mapreduce-client-core/3.3.5/t/dependency/netty-resolver-dns-4.1.77.Final.jar:/home/wtwhite/code/regression-test-generation/find-diff-classes/compile/gaoss/org/apache/hadoop/hadoop-mapreduce-client-core/3.3.5/t/dependency/netty-resolver-dns-classes-macos-4.1.77.Final.jar:/home/wtwhite/code/regression-test-generation/find-diff-classes/compile/gaoss/org/apache/hadoop/hadoop-mapreduce-client-core/3.3.5/t/dependency/netty-resolver-dns-native-macos-4.1.77.Final-osx-aarch_64.jar:/home/wtwhite/code/regression-test-generation/find-diff-classes/compile/gaoss/org/apache/hadoop/hadoop-mapreduce-client-core/3.3.5/t/dependency/netty-resolver-dns-native-macos-4.1.77.Final-osx-x86_64.jar:/home/wtwhite/code/regression-test-generation/find-diff-classes/compile/gaoss/org/apache/hadoop/hadoop-mapreduce-client-core/3.3.5/t/dependency/netty-transport-4.1.77.Final.jar:/home/wtwhite/code/regression-test-generation/find-diff-classes/compile/gaoss/org/apache/hadoop/hadoop-mapreduce-client-core/3.3.5/t/dependency/netty-transport-classes-epoll-4.1.77.Final.jar:/home/wtwhite/code/regression-test-generation/find-diff-classes/compile/gaoss/org/apache/hadoop/hadoop-mapreduce-client-core/3.3.5/t/dependency/netty-transport-classes-kqueue-4.1.77.Final.jar:/home/wtwhite/code/regression-test-generation/find-diff-classes/compile/gaoss/org/apache/hadoop/hadoop-mapreduce-client-core/3.3.5/t/dependency/netty-transport-native-epoll-4.1.77.Final-linux-aarch_64.jar:/home/wtwhite/code/regression-test-generation/find-diff-classes/compile/gaoss/org/apache/hadoop/hadoop-mapreduce-client-core/3.3.5/t/dependency/netty-transport-native-epoll-4.1.77.Final-linux-x86_64.jar:/home/wtwhite/code/regression-test-generation/find-diff-classes/compile/gaoss/org/apache/hadoop/hadoop-mapreduce-client-core/3.3.5/t/dependency/netty-transport-native-kqueue-4.1.77.Final-osx-aarch_64.jar:/home/wtwhite/code/regression-test-generation/find-diff-classes/compile/gaoss/org/apache/hadoop/hadoop-mapreduce-client-core/3.3.5/t/dependency/netty-transport-native-kqueue-4.1.77.Final-osx-x86_64.jar:/home/wtwhite/code/regression-test-generation/find-diff-classes/compile/gaoss/org/apache/hadoop/hadoop-mapreduce-client-core/3.3.5/t/dependency/netty-transport-native-unix-common-4.1.77.Final.jar:/home/wtwhite/code/regression-test-generation/find-diff-classes/compile/gaoss/org/apache/hadoop/hadoop-mapreduce-client-core/3.3.5/t/dependency/netty-transport-rxtx-4.1.77.Final.jar:/home/wtwhite/code/regression-test-generation/find-diff-classes/compile/gaoss/org/apache/hadoop/hadoop-mapreduce-client-core/3.3.5/t/dependency/netty-transport-sctp-4.1.77.Final.jar:/home/wtwhite/code/regression-test-generation/find-diff-classes/compile/gaoss/org/apache/hadoop/hadoop-mapreduce-client-core/3.3.5/t/dependency/netty-transport-udt-4.1.77.Final.jar:/home/wtwhite/code/regression-test-generation/find-diff-classes/compile/gaoss/org/apache/hadoop/hadoop-mapreduce-client-core/3.3.5/t/dependency/nimbus-jose-jwt-9.8.1.jar:/home/wtwhite/code/regression-test-generation/find-diff-classes/compile/gaoss/org/apache/hadoop/hadoop-mapreduce-client-core/3.3.5/t/dependency/objenesis-2.6.jar:/home/wtwhite/code/regression-test-generation/find-diff-classes/compile/gaoss/org/apache/hadoop/hadoop-mapreduce-client-core/3.3.5/t/dependency/okhttp-4.9.3.jar:/home/wtwhite/code/regression-test-generation/find-diff-classes/compile/gaoss/org/apache/hadoop/hadoop-mapreduce-client-core/3.3.5/t/dependency/okio-2.8.0.jar:/home/wtwhite/code/regression-test-generation/find-diff-classes/compile/gaoss/org/apache/hadoop/hadoop-mapreduce-client-core/3.3.5/t/dependency/paranamer-2.3.jar:/home/wtwhite/code/regression-test-generation/find-diff-classes/compile/gaoss/org/apache/hadoop/hadoop-mapreduce-client-core/3.3.5/t/dependency/protobuf-java-2.5.0.jar:/home/wtwhite/code/regression-test-generation/find-diff-classes/compile/gaoss/org/apache/hadoop/hadoop-mapreduce-client-core/3.3.5/t/dependency/re2j-1.1.jar:/home/wtwhite/code/regression-test-generation/find-diff-classes/compile/gaoss/org/apache/hadoop/hadoop-mapreduce-client-core/3.3.5/t/dependency/reload4j-1.2.22.jar:/home/wtwhite/code/regression-test-generation/find-diff-classes/compile/gaoss/org/apache/hadoop/hadoop-mapreduce-client-core/3.3.5/t/dependency/slf4j-api-1.7.36.jar:/home/wtwhite/code/regression-test-generation/find-diff-classes/compile/gaoss/org/apache/hadoop/hadoop-mapreduce-client-core/3.3.5/t/dependency/slf4j-reload4j-1.7.36.jar:/home/wtwhite/code/regression-test-generation/find-diff-classes/compile/gaoss/org/apache/hadoop/hadoop-mapreduce-client-core/3.3.5/t/dependency/snappy-java-1.1.8.2.jar:/home/wtwhite/code/regression-test-generation/find-diff-classes/compile/gaoss/org/apache/hadoop/hadoop-mapreduce-client-core/3.3.5/t/dependency/stax2-api-4.2.1.jar:/home/wtwhite/code/regression-test-generation/find-diff-classes/compile/gaoss/org/apache/hadoop/hadoop-mapreduce-client-core/3.3.5/t/dependency/token-provider-1.0.1.jar:/home/wtwhite/code/regression-test-generation/find-diff-classes/compile/gaoss/org/apache/hadoop/hadoop-mapreduce-client-core/3.3.5/t/dependency/websocket-api-9.4.48.v20220622.jar:/home/wtwhite/code/regression-test-generation/find-diff-classes/compile/gaoss/org/apache/hadoop/hadoop-mapreduce-client-core/3.3.5/t/dependency/websocket-client-9.4.48.v20220622.jar:/home/wtwhite/code/regression-test-generation/find-diff-classes/compile/gaoss/org/apache/hadoop/hadoop-mapreduce-client-core/3.3.5/t/dependency/websocket-common-9.4.48.v20220622.jar:/home/wtwhite/code/regression-test-generation/find-diff-classes/compile/gaoss/org/apache/hadoop/hadoop-mapreduce-client-core/3.3.5/t/dependency/woodstox-core-5.4.0.jar:/home/wtwhite/code/regression-test-generation/find-diff-classes/compile/gaoss/org/apache/hadoop/hadoop-mapreduce-client-core/3.3.5/t/dependency/zookeeper-3.5.6.jar:/home/wtwhite/code/regression-test-generation/find-diff-classes/compile/gaoss/org/apache/hadoop/hadoop-mapreduce-client-core/3.3.5/t/dependency/zookeeper-jute-3.5.6.jar:/home/wtwhite/code/regression-test-generation/evosuite/evosuite-standalone-runtime-1.2.0.jar:/home/wtwhite/.m2/repository/junit/junit/4.13.2/junit-4.13.2.jar:/home/wtwhite/.m2/repository/org/hamcrest/hamcrest-core/1.3/hamcrest-core-1.3.jar:"/>
    <property name="java.vm.vendor" value="Private Build"/>
    <property name="sun.arch.data.model" value="64"/>
    <property name="java.vendor.url" value="http://java.oracle.com/"/>
    <property name="user.timezone" value=""/>
    <property name="java.vm.specification.version" value="1.8"/>
    <property name="os.name" value="Linux"/>
    <property name="RUNDIR" value="/home/wtwhite/code/regression-test-generation/find-diff-classes/run-mvn"/>
    <property name="user.country" value="NZ"/>
    <property name="sun.java.launcher" value="SUN_STANDARD"/>
    <property name="sun.boot.library.path" value="/usr/lib/jvm/java-8-openjdk-amd64/jre/lib/amd64"/>
    <property name="sun.java.command" value="/home/wtwhite/code/regression-test-generation/find-diff-classes/compile/gaoss/org/apache/hadoop/hadoop-mapreduce-client-core/3.3.5/target/surefire/surefirebooter-20241106180903406_3.jar /home/wtwhite/code/regression-test-generation/find-diff-classes/compile/gaoss/org/apache/hadoop/hadoop-mapreduce-client-core/3.3.5/target/surefire 2024-11-06T18-09-03_257-jvmRun1 surefire-20241106180903406_1tmp surefire_0-20241106180903406_2tmp"/>
    <property name="surefire.test.class.path" value="/home/wtwhite/code/regression-test-generation/find-diff-classes/compile/gaoss/org/apache/hadoop/hadoop-mapreduce-client-core/3.3.5/target/test-classes:/home/wtwhite/code/regression-test-generation/find-diff-classes/compile/gaoss/org/apache/hadoop/hadoop-mapreduce-client-core/3.3.5/target/classes:/home/wtwhite/code/craw-redhat-oss/wget/crawl/google-aoss/org/apache/hadoop/hadoop-mapreduce-client-core/3.3.5/hadoop-mapreduce-client-core-3.3.5.jar:/home/wtwhite/code/regression-test-generation/find-diff-classes/compile/gaoss/org/apache/hadoop/hadoop-mapreduce-client-core/3.3.5/t/dependency/accessors-smart-2.4.7.jar:/home/wtwhite/code/regression-test-generation/find-diff-classes/compile/gaoss/org/apache/hadoop/hadoop-mapreduce-client-core/3.3.5/t/dependency/animal-sniffer-annotations-1.17.jar:/home/wtwhite/code/regression-test-generation/find-diff-classes/compile/gaoss/org/apache/hadoop/hadoop-mapreduce-client-core/3.3.5/t/dependency/aopalliance-1.0.jar:/home/wtwhite/code/regression-test-generation/find-diff-classes/compile/gaoss/org/apache/hadoop/hadoop-mapreduce-client-core/3.3.5/t/dependency/asm-5.0.4.jar:/home/wtwhite/code/regression-test-generation/find-diff-classes/compile/gaoss/org/apache/hadoop/hadoop-mapreduce-client-core/3.3.5/t/dependency/assertj-core-3.12.2.jar:/home/wtwhite/code/regression-test-generation/find-diff-classes/compile/gaoss/org/apache/hadoop/hadoop-mapreduce-client-core/3.3.5/t/dependency/audience-annotations-0.5.0.jar:/home/wtwhite/code/regression-test-generation/find-diff-classes/compile/gaoss/org/apache/hadoop/hadoop-mapreduce-client-core/3.3.5/t/dependency/avro-1.7.7.jar:/home/wtwhite/code/regression-test-generation/find-diff-classes/compile/gaoss/org/apache/hadoop/hadoop-mapreduce-client-core/3.3.5/t/dependency/byte-buddy-1.9.10.jar:/home/wtwhite/code/regression-test-generation/find-diff-classes/compile/gaoss/org/apache/hadoop/hadoop-mapreduce-client-core/3.3.5/t/dependency/byte-buddy-agent-1.9.10.jar:/home/wtwhite/code/regression-test-generation/find-diff-classes/compile/gaoss/org/apache/hadoop/hadoop-mapreduce-client-core/3.3.5/t/dependency/checker-qual-2.5.2.jar:/home/wtwhite/code/regression-test-generation/find-diff-classes/compile/gaoss/org/apache/hadoop/hadoop-mapreduce-client-core/3.3.5/t/dependency/commons-beanutils-1.9.4.jar:/home/wtwhite/code/regression-test-generation/find-diff-classes/compile/gaoss/org/apache/hadoop/hadoop-mapreduce-client-core/3.3.5/t/dependency/commons-cli-1.2.jar:/home/wtwhite/code/regression-test-generation/find-diff-classes/compile/gaoss/org/apache/hadoop/hadoop-mapreduce-client-core/3.3.5/t/dependency/commons-codec-1.15.jar:/home/wtwhite/code/regression-test-generation/find-diff-classes/compile/gaoss/org/apache/hadoop/hadoop-mapreduce-client-core/3.3.5/t/dependency/commons-collections-3.2.2.jar:/home/wtwhite/code/regression-test-generation/find-diff-classes/compile/gaoss/org/apache/hadoop/hadoop-mapreduce-client-core/3.3.5/t/dependency/commons-compress-1.21.jar:/home/wtwhite/code/regression-test-generation/find-diff-classes/compile/gaoss/org/apache/hadoop/hadoop-mapreduce-client-core/3.3.5/t/dependency/commons-configuration2-2.8.0.jar:/home/wtwhite/code/regression-test-generation/find-diff-classes/compile/gaoss/org/apache/hadoop/hadoop-mapreduce-client-core/3.3.5/t/dependency/commons-daemon-1.0.13.jar:/home/wtwhite/code/regression-test-generation/find-diff-classes/compile/gaoss/org/apache/hadoop/hadoop-mapreduce-client-core/3.3.5/t/dependency/commons-io-2.8.0.jar:/home/wtwhite/code/regression-test-generation/find-diff-classes/compile/gaoss/org/apache/hadoop/hadoop-mapreduce-client-core/3.3.5/t/dependency/commons-lang3-3.12.0.jar:/home/wtwhite/code/regression-test-generation/find-diff-classes/compile/gaoss/org/apache/hadoop/hadoop-mapreduce-client-core/3.3.5/t/dependency/commons-logging-1.1.3.jar:/home/wtwhite/code/regression-test-generation/find-diff-classes/compile/gaoss/org/apache/hadoop/hadoop-mapreduce-client-core/3.3.5/t/dependency/commons-math3-3.1.1.jar:/home/wtwhite/code/regression-test-generation/find-diff-classes/compile/gaoss/org/apache/hadoop/hadoop-mapreduce-client-core/3.3.5/t/dependency/commons-net-3.9.0.jar:/home/wtwhite/code/regression-test-generation/find-diff-classes/compile/gaoss/org/apache/hadoop/hadoop-mapreduce-client-core/3.3.5/t/dependency/commons-text-1.10.0.jar:/home/wtwhite/code/regression-test-generation/find-diff-classes/compile/gaoss/org/apache/hadoop/hadoop-mapreduce-client-core/3.3.5/t/dependency/curator-client-4.2.0.jar:/home/wtwhite/code/regression-test-generation/find-diff-classes/compile/gaoss/org/apache/hadoop/hadoop-mapreduce-client-core/3.3.5/t/dependency/curator-framework-4.2.0.jar:/home/wtwhite/code/regression-test-generation/find-diff-classes/compile/gaoss/org/apache/hadoop/hadoop-mapreduce-client-core/3.3.5/t/dependency/curator-recipes-4.2.0.jar:/home/wtwhite/code/regression-test-generation/find-diff-classes/compile/gaoss/org/apache/hadoop/hadoop-mapreduce-client-core/3.3.5/t/dependency/dnsjava-2.1.7.jar:/home/wtwhite/code/regression-test-generation/find-diff-classes/compile/gaoss/org/apache/hadoop/hadoop-mapreduce-client-core/3.3.5/t/dependency/failureaccess-1.0.jar:/home/wtwhite/code/regression-test-generation/find-diff-classes/compile/gaoss/org/apache/hadoop/hadoop-mapreduce-client-core/3.3.5/t/dependency/grizzly-framework-2.2.21.jar:/home/wtwhite/code/regression-test-generation/find-diff-classes/compile/gaoss/org/apache/hadoop/hadoop-mapreduce-client-core/3.3.5/t/dependency/grizzly-http-2.2.21.jar:/home/wtwhite/code/regression-test-generation/find-diff-classes/compile/gaoss/org/apache/hadoop/hadoop-mapreduce-client-core/3.3.5/t/dependency/grizzly-http-server-2.2.21.jar:/home/wtwhite/code/regression-test-generation/find-diff-classes/compile/gaoss/org/apache/hadoop/hadoop-mapreduce-client-core/3.3.5/t/dependency/grizzly-http-servlet-2.2.21.jar:/home/wtwhite/code/regression-test-generation/find-diff-classes/compile/gaoss/org/apache/hadoop/hadoop-mapreduce-client-core/3.3.5/t/dependency/grizzly-rcm-2.2.21.jar:/home/wtwhite/code/regression-test-generation/find-diff-classes/compile/gaoss/org/apache/hadoop/hadoop-mapreduce-client-core/3.3.5/t/dependency/gson-2.9.0.jar:/home/wtwhite/code/regression-test-generation/find-diff-classes/compile/gaoss/org/apache/hadoop/hadoop-mapreduce-client-core/3.3.5/t/dependency/guava-27.0-jre.jar:/home/wtwhite/code/regression-test-generation/find-diff-classes/compile/gaoss/org/apache/hadoop/hadoop-mapreduce-client-core/3.3.5/t/dependency/guice-4.0.jar:/home/wtwhite/code/regression-test-generation/find-diff-classes/compile/gaoss/org/apache/hadoop/hadoop-mapreduce-client-core/3.3.5/t/dependency/guice-servlet-4.0.jar:/home/wtwhite/code/regression-test-generation/find-diff-classes/compile/gaoss/org/apache/hadoop/hadoop-mapreduce-client-core/3.3.5/t/dependency/hadoop-annotations-3.3.5.jar:/home/wtwhite/code/regression-test-generation/find-diff-classes/compile/gaoss/org/apache/hadoop/hadoop-mapreduce-client-core/3.3.5/t/dependency/hadoop-auth-3.3.5.jar:/home/wtwhite/code/regression-test-generation/find-diff-classes/compile/gaoss/org/apache/hadoop/hadoop-mapreduce-client-core/3.3.5/t/dependency/hadoop-common-3.3.5-tests.jar:/home/wtwhite/code/regression-test-generation/find-diff-classes/compile/gaoss/org/apache/hadoop/hadoop-mapreduce-client-core/3.3.5/t/dependency/hadoop-common-3.3.5.jar:/home/wtwhite/code/regression-test-generation/find-diff-classes/compile/gaoss/org/apache/hadoop/hadoop-mapreduce-client-core/3.3.5/t/dependency/hadoop-hdfs-3.3.5-tests.jar:/home/wtwhite/code/regression-test-generation/find-diff-classes/compile/gaoss/org/apache/hadoop/hadoop-mapreduce-client-core/3.3.5/t/dependency/hadoop-hdfs-3.3.5.jar:/home/wtwhite/code/regression-test-generation/find-diff-classes/compile/gaoss/org/apache/hadoop/hadoop-mapreduce-client-core/3.3.5/t/dependency/hadoop-hdfs-client-3.3.5.jar:/home/wtwhite/code/regression-test-generation/find-diff-classes/compile/gaoss/org/apache/hadoop/hadoop-mapreduce-client-core/3.3.5/t/dependency/hadoop-shaded-guava-1.1.1.jar:/home/wtwhite/code/regression-test-generation/find-diff-classes/compile/gaoss/org/apache/hadoop/hadoop-mapreduce-client-core/3.3.5/t/dependency/hadoop-shaded-protobuf_3_7-1.1.1.jar:/home/wtwhite/code/regression-test-generation/find-diff-classes/compile/gaoss/org/apache/hadoop/hadoop-mapreduce-client-core/3.3.5/t/dependency/hadoop-yarn-api-3.3.5.jar:/home/wtwhite/code/regression-test-generation/find-diff-classes/compile/gaoss/org/apache/hadoop/hadoop-mapreduce-client-core/3.3.5/t/dependency/hadoop-yarn-client-3.3.5.jar:/home/wtwhite/code/regression-test-generation/find-diff-classes/compile/gaoss/org/apache/hadoop/hadoop-mapreduce-client-core/3.3.5/t/dependency/hadoop-yarn-common-3.3.5.jar:/home/wtwhite/code/regression-test-generation/find-diff-classes/compile/gaoss/org/apache/hadoop/hadoop-mapreduce-client-core/3.3.5/t/dependency/hamcrest-core-1.3.jar:/home/wtwhite/code/regression-test-generation/find-diff-classes/compile/gaoss/org/apache/hadoop/hadoop-mapreduce-client-core/3.3.5/t/dependency/httpclient-4.5.13.jar:/home/wtwhite/code/regression-test-generation/find-diff-classes/compile/gaoss/org/apache/hadoop/hadoop-mapreduce-client-core/3.3.5/t/dependency/httpcore-4.4.13.jar:/home/wtwhite/code/regression-test-generation/find-diff-classes/compile/gaoss/org/apache/hadoop/hadoop-mapreduce-client-core/3.3.5/t/dependency/j2objc-annotations-1.1.jar:/home/wtwhite/code/regression-test-generation/find-diff-classes/compile/gaoss/org/apache/hadoop/hadoop-mapreduce-client-core/3.3.5/t/dependency/jackson-annotations-2.12.7.jar:/home/wtwhite/code/regression-test-generation/find-diff-classes/compile/gaoss/org/apache/hadoop/hadoop-mapreduce-client-core/3.3.5/t/dependency/jackson-core-2.12.7.jar:/home/wtwhite/code/regression-test-generation/find-diff-classes/compile/gaoss/org/apache/hadoop/hadoop-mapreduce-client-core/3.3.5/t/dependency/jackson-core-asl-1.9.13.jar:/home/wtwhite/code/regression-test-generation/find-diff-classes/compile/gaoss/org/apache/hadoop/hadoop-mapreduce-client-core/3.3.5/t/dependency/jackson-databind-2.12.7.1.jar:/home/wtwhite/code/regression-test-generation/find-diff-classes/compile/gaoss/org/apache/hadoop/hadoop-mapreduce-client-core/3.3.5/t/dependency/jackson-jaxrs-base-2.12.7.jar:/home/wtwhite/code/regression-test-generation/find-diff-classes/compile/gaoss/org/apache/hadoop/hadoop-mapreduce-client-core/3.3.5/t/dependency/jackson-jaxrs-json-provider-2.12.7.jar:/home/wtwhite/code/regression-test-generation/find-diff-classes/compile/gaoss/org/apache/hadoop/hadoop-mapreduce-client-core/3.3.5/t/dependency/jackson-mapper-asl-1.9.13.jar:/home/wtwhite/code/regression-test-generation/find-diff-classes/compile/gaoss/org/apache/hadoop/hadoop-mapreduce-client-core/3.3.5/t/dependency/jackson-module-jaxb-annotations-2.12.7.jar:/home/wtwhite/code/regression-test-generation/find-diff-classes/compile/gaoss/org/apache/hadoop/hadoop-mapreduce-client-core/3.3.5/t/dependency/jakarta.activation-api-1.2.1.jar:/home/wtwhite/code/regression-test-generation/find-diff-classes/compile/gaoss/org/apache/hadoop/hadoop-mapreduce-client-core/3.3.5/t/dependency/jakarta.xml.bind-api-2.3.2.jar:/home/wtwhite/code/regression-test-generation/find-diff-classes/compile/gaoss/org/apache/hadoop/hadoop-mapreduce-client-core/3.3.5/t/dependency/javax.inject-1.jar:/home/wtwhite/code/regression-test-generation/find-diff-classes/compile/gaoss/org/apache/hadoop/hadoop-mapreduce-client-core/3.3.5/t/dependency/javax.servlet-api-3.1.0.jar:/home/wtwhite/code/regression-test-generation/find-diff-classes/compile/gaoss/org/apache/hadoop/hadoop-mapreduce-client-core/3.3.5/t/dependency/jaxb-api-2.2.11.jar:/home/wtwhite/code/regression-test-generation/find-diff-classes/compile/gaoss/org/apache/hadoop/hadoop-mapreduce-client-core/3.3.5/t/dependency/jaxb-impl-2.2.3-1.jar:/home/wtwhite/code/regression-test-generation/find-diff-classes/compile/gaoss/org/apache/hadoop/hadoop-mapreduce-client-core/3.3.5/t/dependency/jcip-annotations-1.0-1.jar:/home/wtwhite/code/regression-test-generation/find-diff-classes/compile/gaoss/org/apache/hadoop/hadoop-mapreduce-client-core/3.3.5/t/dependency/jdk.tools-1.8.jar:/home/wtwhite/code/regression-test-generation/find-diff-classes/compile/gaoss/org/apache/hadoop/hadoop-mapreduce-client-core/3.3.5/t/dependency/jersey-client-1.19.4.jar:/home/wtwhite/code/regression-test-generation/find-diff-classes/compile/gaoss/org/apache/hadoop/hadoop-mapreduce-client-core/3.3.5/t/dependency/jersey-core-1.19.4.jar:/home/wtwhite/code/regression-test-generation/find-diff-classes/compile/gaoss/org/apache/hadoop/hadoop-mapreduce-client-core/3.3.5/t/dependency/jersey-grizzly2-1.19.4.jar:/home/wtwhite/code/regression-test-generation/find-diff-classes/compile/gaoss/org/apache/hadoop/hadoop-mapreduce-client-core/3.3.5/t/dependency/jersey-grizzly2-servlet-1.19.4.jar:/home/wtwhite/code/regression-test-generation/find-diff-classes/compile/gaoss/org/apache/hadoop/hadoop-mapreduce-client-core/3.3.5/t/dependency/jersey-guice-1.19.4.jar:/home/wtwhite/code/regression-test-generation/find-diff-classes/compile/gaoss/org/apache/hadoop/hadoop-mapreduce-client-core/3.3.5/t/dependency/jersey-json-1.20.jar:/home/wtwhite/code/regression-test-generation/find-diff-classes/compile/gaoss/org/apache/hadoop/hadoop-mapreduce-client-core/3.3.5/t/dependency/jersey-server-1.19.4.jar:/home/wtwhite/code/regression-test-generation/find-diff-classes/compile/gaoss/org/apache/hadoop/hadoop-mapreduce-client-core/3.3.5/t/dependency/jersey-servlet-1.19.4.jar:/home/wtwhite/code/regression-test-generation/find-diff-classes/compile/gaoss/org/apache/hadoop/hadoop-mapreduce-client-core/3.3.5/t/dependency/jersey-test-framework-core-1.19.4.jar:/home/wtwhite/code/regression-test-generation/find-diff-classes/compile/gaoss/org/apache/hadoop/hadoop-mapreduce-client-core/3.3.5/t/dependency/jersey-test-framework-grizzly2-1.19.4.jar:/home/wtwhite/code/regression-test-generation/find-diff-classes/compile/gaoss/org/apache/hadoop/hadoop-mapreduce-client-core/3.3.5/t/dependency/jettison-1.5.3.jar:/home/wtwhite/code/regression-test-generation/find-diff-classes/compile/gaoss/org/apache/hadoop/hadoop-mapreduce-client-core/3.3.5/t/dependency/jetty-client-9.4.48.v20220622.jar:/home/wtwhite/code/regression-test-generation/find-diff-classes/compile/gaoss/org/apache/hadoop/hadoop-mapreduce-client-core/3.3.5/t/dependency/jetty-http-9.4.48.v20220622.jar:/home/wtwhite/code/regression-test-generation/find-diff-classes/compile/gaoss/org/apache/hadoop/hadoop-mapreduce-client-core/3.3.5/t/dependency/jetty-io-9.4.48.v20220622.jar:/home/wtwhite/code/regression-test-generation/find-diff-classes/compile/gaoss/org/apache/hadoop/hadoop-mapreduce-client-core/3.3.5/t/dependency/jetty-security-9.4.48.v20220622.jar:/home/wtwhite/code/regression-test-generation/find-diff-classes/compile/gaoss/org/apache/hadoop/hadoop-mapreduce-client-core/3.3.5/t/dependency/jetty-server-9.4.48.v20220622.jar:/home/wtwhite/code/regression-test-generation/find-diff-classes/compile/gaoss/org/apache/hadoop/hadoop-mapreduce-client-core/3.3.5/t/dependency/jetty-servlet-9.4.48.v20220622.jar:/home/wtwhite/code/regression-test-generation/find-diff-classes/compile/gaoss/org/apache/hadoop/hadoop-mapreduce-client-core/3.3.5/t/dependency/jetty-util-9.4.48.v20220622.jar:/home/wtwhite/code/regression-test-generation/find-diff-classes/compile/gaoss/org/apache/hadoop/hadoop-mapreduce-client-core/3.3.5/t/dependency/jetty-util-ajax-9.4.48.v20220622.jar:/home/wtwhite/code/regression-test-generation/find-diff-classes/compile/gaoss/org/apache/hadoop/hadoop-mapreduce-client-core/3.3.5/t/dependency/jetty-webapp-9.4.48.v20220622.jar:/home/wtwhite/code/regression-test-generation/find-diff-classes/compile/gaoss/org/apache/hadoop/hadoop-mapreduce-client-core/3.3.5/t/dependency/jetty-xml-9.4.48.v20220622.jar:/home/wtwhite/code/regression-test-generation/find-diff-classes/compile/gaoss/org/apache/hadoop/hadoop-mapreduce-client-core/3.3.5/t/dependency/jline-3.9.0.jar:/home/wtwhite/code/regression-test-generation/find-diff-classes/compile/gaoss/org/apache/hadoop/hadoop-mapreduce-client-core/3.3.5/t/dependency/jsch-0.1.55.jar:/home/wtwhite/code/regression-test-generation/find-diff-classes/compile/gaoss/org/apache/hadoop/hadoop-mapreduce-client-core/3.3.5/t/dependency/json-20090211.jar:/home/wtwhite/code/regression-test-generation/find-diff-classes/compile/gaoss/org/apache/hadoop/hadoop-mapreduce-client-core/3.3.5/t/dependency/json-smart-2.4.7.jar:/home/wtwhite/code/regression-test-generation/find-diff-classes/compile/gaoss/org/apache/hadoop/hadoop-mapreduce-client-core/3.3.5/t/dependency/jsonassert-1.3.0.jar:/home/wtwhite/code/regression-test-generation/find-diff-classes/compile/gaoss/org/apache/hadoop/hadoop-mapreduce-client-core/3.3.5/t/dependency/jsp-api-2.1.jar:/home/wtwhite/code/regression-test-generation/find-diff-classes/compile/gaoss/org/apache/hadoop/hadoop-mapreduce-client-core/3.3.5/t/dependency/jsr305-3.0.2.jar:/home/wtwhite/code/regression-test-generation/find-diff-classes/compile/gaoss/org/apache/hadoop/hadoop-mapreduce-client-core/3.3.5/t/dependency/jsr311-api-1.1.1.jar:/home/wtwhite/code/regression-test-generation/find-diff-classes/compile/gaoss/org/apache/hadoop/hadoop-mapreduce-client-core/3.3.5/t/dependency/junit-4.13.2.jar:/home/wtwhite/code/regression-test-generation/find-diff-classes/compile/gaoss/org/apache/hadoop/hadoop-mapreduce-client-core/3.3.5/t/dependency/kerb-admin-1.0.1.jar:/home/wtwhite/code/regression-test-generation/find-diff-classes/compile/gaoss/org/apache/hadoop/hadoop-mapreduce-client-core/3.3.5/t/dependency/kerb-client-1.0.1.jar:/home/wtwhite/code/regression-test-generation/find-diff-classes/compile/gaoss/org/apache/hadoop/hadoop-mapreduce-client-core/3.3.5/t/dependency/kerb-common-1.0.1.jar:/home/wtwhite/code/regression-test-generation/find-diff-classes/compile/gaoss/org/apache/hadoop/hadoop-mapreduce-client-core/3.3.5/t/dependency/kerb-core-1.0.1.jar:/home/wtwhite/code/regression-test-generation/find-diff-classes/compile/gaoss/org/apache/hadoop/hadoop-mapreduce-client-core/3.3.5/t/dependency/kerb-crypto-1.0.1.jar:/home/wtwhite/code/regression-test-generation/find-diff-classes/compile/gaoss/org/apache/hadoop/hadoop-mapreduce-client-core/3.3.5/t/dependency/kerb-identity-1.0.1.jar:/home/wtwhite/code/regression-test-generation/find-diff-classes/compile/gaoss/org/apache/hadoop/hadoop-mapreduce-client-core/3.3.5/t/dependency/kerb-server-1.0.1.jar:/home/wtwhite/code/regression-test-generation/find-diff-classes/compile/gaoss/org/apache/hadoop/hadoop-mapreduce-client-core/3.3.5/t/dependency/kerb-simplekdc-1.0.1.jar:/home/wtwhite/code/regression-test-generation/find-diff-classes/compile/gaoss/org/apache/hadoop/hadoop-mapreduce-client-core/3.3.5/t/dependency/kerb-util-1.0.1.jar:/home/wtwhite/code/regression-test-generation/find-diff-classes/compile/gaoss/org/apache/hadoop/hadoop-mapreduce-client-core/3.3.5/t/dependency/kerby-asn1-1.0.1.jar:/home/wtwhite/code/regression-test-generation/find-diff-classes/compile/gaoss/org/apache/hadoop/hadoop-mapreduce-client-core/3.3.5/t/dependency/kerby-config-1.0.1.jar:/home/wtwhite/code/regression-test-generation/find-diff-classes/compile/gaoss/org/apache/hadoop/hadoop-mapreduce-client-core/3.3.5/t/dependency/kerby-pkix-1.0.1.jar:/home/wtwhite/code/regression-test-generation/find-diff-classes/compile/gaoss/org/apache/hadoop/hadoop-mapreduce-client-core/3.3.5/t/dependency/kerby-util-1.0.1.jar:/home/wtwhite/code/regression-test-generation/find-diff-classes/compile/gaoss/org/apache/hadoop/hadoop-mapreduce-client-core/3.3.5/t/dependency/kerby-xdr-1.0.1.jar:/home/wtwhite/code/regression-test-generation/find-diff-classes/compile/gaoss/org/apache/hadoop/hadoop-mapreduce-client-core/3.3.5/t/dependency/kotlin-stdlib-1.4.10.jar:/home/wtwhite/code/regression-test-generation/find-diff-classes/compile/gaoss/org/apache/hadoop/hadoop-mapreduce-client-core/3.3.5/t/dependency/kotlin-stdlib-common-1.4.10.jar:/home/wtwhite/code/regression-test-generation/find-diff-classes/compile/gaoss/org/apache/hadoop/hadoop-mapreduce-client-core/3.3.5/t/dependency/leveldbjni-all-1.8.jar:/home/wtwhite/code/regression-test-generation/find-diff-classes/compile/gaoss/org/apache/hadoop/hadoop-mapreduce-client-core/3.3.5/t/dependency/listenablefuture-9999.0-empty-to-avoid-conflict-with-guava.jar:/home/wtwhite/code/regression-test-generation/find-diff-classes/compile/gaoss/org/apache/hadoop/hadoop-mapreduce-client-core/3.3.5/t/dependency/mockito-core-2.28.2.jar:/home/wtwhite/code/regression-test-generation/find-diff-classes/compile/gaoss/org/apache/hadoop/hadoop-mapreduce-client-core/3.3.5/t/dependency/netty-3.10.6.Final.jar:/home/wtwhite/code/regression-test-generation/find-diff-classes/compile/gaoss/org/apache/hadoop/hadoop-mapreduce-client-core/3.3.5/t/dependency/netty-all-4.1.77.Final.jar:/home/wtwhite/code/regression-test-generation/find-diff-classes/compile/gaoss/org/apache/hadoop/hadoop-mapreduce-client-core/3.3.5/t/dependency/netty-buffer-4.1.77.Final.jar:/home/wtwhite/code/regression-test-generation/find-diff-classes/compile/gaoss/org/apache/hadoop/hadoop-mapreduce-client-core/3.3.5/t/dependency/netty-codec-4.1.77.Final.jar:/home/wtwhite/code/regression-test-generation/find-diff-classes/compile/gaoss/org/apache/hadoop/hadoop-mapreduce-client-core/3.3.5/t/dependency/netty-codec-dns-4.1.77.Final.jar:/home/wtwhite/code/regression-test-generation/find-diff-classes/compile/gaoss/org/apache/hadoop/hadoop-mapreduce-client-core/3.3.5/t/dependency/netty-codec-haproxy-4.1.77.Final.jar:/home/wtwhite/code/regression-test-generation/find-diff-classes/compile/gaoss/org/apache/hadoop/hadoop-mapreduce-client-core/3.3.5/t/dependency/netty-codec-http-4.1.77.Final.jar:/home/wtwhite/code/regression-test-generation/find-diff-classes/compile/gaoss/org/apache/hadoop/hadoop-mapreduce-client-core/3.3.5/t/dependency/netty-codec-http2-4.1.77.Final.jar:/home/wtwhite/code/regression-test-generation/find-diff-classes/compile/gaoss/org/apache/hadoop/hadoop-mapreduce-client-core/3.3.5/t/dependency/netty-codec-memcache-4.1.77.Final.jar:/home/wtwhite/code/regression-test-generation/find-diff-classes/compile/gaoss/org/apache/hadoop/hadoop-mapreduce-client-core/3.3.5/t/dependency/netty-codec-mqtt-4.1.77.Final.jar:/home/wtwhite/code/regression-test-generation/find-diff-classes/compile/gaoss/org/apache/hadoop/hadoop-mapreduce-client-core/3.3.5/t/dependency/netty-codec-redis-4.1.77.Final.jar:/home/wtwhite/code/regression-test-generation/find-diff-classes/compile/gaoss/org/apache/hadoop/hadoop-mapreduce-client-core/3.3.5/t/dependency/netty-codec-smtp-4.1.77.Final.jar:/home/wtwhite/code/regression-test-generation/find-diff-classes/compile/gaoss/org/apache/hadoop/hadoop-mapreduce-client-core/3.3.5/t/dependency/netty-codec-socks-4.1.77.Final.jar:/home/wtwhite/code/regression-test-generation/find-diff-classes/compile/gaoss/org/apache/hadoop/hadoop-mapreduce-client-core/3.3.5/t/dependency/netty-codec-stomp-4.1.77.Final.jar:/home/wtwhite/code/regression-test-generation/find-diff-classes/compile/gaoss/org/apache/hadoop/hadoop-mapreduce-client-core/3.3.5/t/dependency/netty-codec-xml-4.1.77.Final.jar:/home/wtwhite/code/regression-test-generation/find-diff-classes/compile/gaoss/org/apache/hadoop/hadoop-mapreduce-client-core/3.3.5/t/dependency/netty-common-4.1.77.Final.jar:/home/wtwhite/code/regression-test-generation/find-diff-classes/compile/gaoss/org/apache/hadoop/hadoop-mapreduce-client-core/3.3.5/t/dependency/netty-handler-4.1.77.Final.jar:/home/wtwhite/code/regression-test-generation/find-diff-classes/compile/gaoss/org/apache/hadoop/hadoop-mapreduce-client-core/3.3.5/t/dependency/netty-handler-proxy-4.1.77.Final.jar:/home/wtwhite/code/regression-test-generation/find-diff-classes/compile/gaoss/org/apache/hadoop/hadoop-mapreduce-client-core/3.3.5/t/dependency/netty-resolver-4.1.77.Final.jar:/home/wtwhite/code/regression-test-generation/find-diff-classes/compile/gaoss/org/apache/hadoop/hadoop-mapreduce-client-core/3.3.5/t/dependency/netty-resolver-dns-4.1.77.Final.jar:/home/wtwhite/code/regression-test-generation/find-diff-classes/compile/gaoss/org/apache/hadoop/hadoop-mapreduce-client-core/3.3.5/t/dependency/netty-resolver-dns-classes-macos-4.1.77.Final.jar:/home/wtwhite/code/regression-test-generation/find-diff-classes/compile/gaoss/org/apache/hadoop/hadoop-mapreduce-client-core/3.3.5/t/dependency/netty-resolver-dns-native-macos-4.1.77.Final-osx-aarch_64.jar:/home/wtwhite/code/regression-test-generation/find-diff-classes/compile/gaoss/org/apache/hadoop/hadoop-mapreduce-client-core/3.3.5/t/dependency/netty-resolver-dns-native-macos-4.1.77.Final-osx-x86_64.jar:/home/wtwhite/code/regression-test-generation/find-diff-classes/compile/gaoss/org/apache/hadoop/hadoop-mapreduce-client-core/3.3.5/t/dependency/netty-transport-4.1.77.Final.jar:/home/wtwhite/code/regression-test-generation/find-diff-classes/compile/gaoss/org/apache/hadoop/hadoop-mapreduce-client-core/3.3.5/t/dependency/netty-transport-classes-epoll-4.1.77.Final.jar:/home/wtwhite/code/regression-test-generation/find-diff-classes/compile/gaoss/org/apache/hadoop/hadoop-mapreduce-client-core/3.3.5/t/dependency/netty-transport-classes-kqueue-4.1.77.Final.jar:/home/wtwhite/code/regression-test-generation/find-diff-classes/compile/gaoss/org/apache/hadoop/hadoop-mapreduce-client-core/3.3.5/t/dependency/netty-transport-native-epoll-4.1.77.Final-linux-aarch_64.jar:/home/wtwhite/code/regression-test-generation/find-diff-classes/compile/gaoss/org/apache/hadoop/hadoop-mapreduce-client-core/3.3.5/t/dependency/netty-transport-native-epoll-4.1.77.Final-linux-x86_64.jar:/home/wtwhite/code/regression-test-generation/find-diff-classes/compile/gaoss/org/apache/hadoop/hadoop-mapreduce-client-core/3.3.5/t/dependency/netty-transport-native-kqueue-4.1.77.Final-osx-aarch_64.jar:/home/wtwhite/code/regression-test-generation/find-diff-classes/compile/gaoss/org/apache/hadoop/hadoop-mapreduce-client-core/3.3.5/t/dependency/netty-transport-native-kqueue-4.1.77.Final-osx-x86_64.jar:/home/wtwhite/code/regression-test-generation/find-diff-classes/compile/gaoss/org/apache/hadoop/hadoop-mapreduce-client-core/3.3.5/t/dependency/netty-transport-native-unix-common-4.1.77.Final.jar:/home/wtwhite/code/regression-test-generation/find-diff-classes/compile/gaoss/org/apache/hadoop/hadoop-mapreduce-client-core/3.3.5/t/dependency/netty-transport-rxtx-4.1.77.Final.jar:/home/wtwhite/code/regression-test-generation/find-diff-classes/compile/gaoss/org/apache/hadoop/hadoop-mapreduce-client-core/3.3.5/t/dependency/netty-transport-sctp-4.1.77.Final.jar:/home/wtwhite/code/regression-test-generation/find-diff-classes/compile/gaoss/org/apache/hadoop/hadoop-mapreduce-client-core/3.3.5/t/dependency/netty-transport-udt-4.1.77.Final.jar:/home/wtwhite/code/regression-test-generation/find-diff-classes/compile/gaoss/org/apache/hadoop/hadoop-mapreduce-client-core/3.3.5/t/dependency/nimbus-jose-jwt-9.8.1.jar:/home/wtwhite/code/regression-test-generation/find-diff-classes/compile/gaoss/org/apache/hadoop/hadoop-mapreduce-client-core/3.3.5/t/dependency/objenesis-2.6.jar:/home/wtwhite/code/regression-test-generation/find-diff-classes/compile/gaoss/org/apache/hadoop/hadoop-mapreduce-client-core/3.3.5/t/dependency/okhttp-4.9.3.jar:/home/wtwhite/code/regression-test-generation/find-diff-classes/compile/gaoss/org/apache/hadoop/hadoop-mapreduce-client-core/3.3.5/t/dependency/okio-2.8.0.jar:/home/wtwhite/code/regression-test-generation/find-diff-classes/compile/gaoss/org/apache/hadoop/hadoop-mapreduce-client-core/3.3.5/t/dependency/paranamer-2.3.jar:/home/wtwhite/code/regression-test-generation/find-diff-classes/compile/gaoss/org/apache/hadoop/hadoop-mapreduce-client-core/3.3.5/t/dependency/protobuf-java-2.5.0.jar:/home/wtwhite/code/regression-test-generation/find-diff-classes/compile/gaoss/org/apache/hadoop/hadoop-mapreduce-client-core/3.3.5/t/dependency/re2j-1.1.jar:/home/wtwhite/code/regression-test-generation/find-diff-classes/compile/gaoss/org/apache/hadoop/hadoop-mapreduce-client-core/3.3.5/t/dependency/reload4j-1.2.22.jar:/home/wtwhite/code/regression-test-generation/find-diff-classes/compile/gaoss/org/apache/hadoop/hadoop-mapreduce-client-core/3.3.5/t/dependency/slf4j-api-1.7.36.jar:/home/wtwhite/code/regression-test-generation/find-diff-classes/compile/gaoss/org/apache/hadoop/hadoop-mapreduce-client-core/3.3.5/t/dependency/slf4j-reload4j-1.7.36.jar:/home/wtwhite/code/regression-test-generation/find-diff-classes/compile/gaoss/org/apache/hadoop/hadoop-mapreduce-client-core/3.3.5/t/dependency/snappy-java-1.1.8.2.jar:/home/wtwhite/code/regression-test-generation/find-diff-classes/compile/gaoss/org/apache/hadoop/hadoop-mapreduce-client-core/3.3.5/t/dependency/stax2-api-4.2.1.jar:/home/wtwhite/code/regression-test-generation/find-diff-classes/compile/gaoss/org/apache/hadoop/hadoop-mapreduce-client-core/3.3.5/t/dependency/token-provider-1.0.1.jar:/home/wtwhite/code/regression-test-generation/find-diff-classes/compile/gaoss/org/apache/hadoop/hadoop-mapreduce-client-core/3.3.5/t/dependency/websocket-api-9.4.48.v20220622.jar:/home/wtwhite/code/regression-test-generation/find-diff-classes/compile/gaoss/org/apache/hadoop/hadoop-mapreduce-client-core/3.3.5/t/dependency/websocket-client-9.4.48.v20220622.jar:/home/wtwhite/code/regression-test-generation/find-diff-classes/compile/gaoss/org/apache/hadoop/hadoop-mapreduce-client-core/3.3.5/t/dependency/websocket-common-9.4.48.v20220622.jar:/home/wtwhite/code/regression-test-generation/find-diff-classes/compile/gaoss/org/apache/hadoop/hadoop-mapreduce-client-core/3.3.5/t/dependency/woodstox-core-5.4.0.jar:/home/wtwhite/code/regression-test-generation/find-diff-classes/compile/gaoss/org/apache/hadoop/hadoop-mapreduce-client-core/3.3.5/t/dependency/zookeeper-3.5.6.jar:/home/wtwhite/code/regression-test-generation/find-diff-classes/compile/gaoss/org/apache/hadoop/hadoop-mapreduce-client-core/3.3.5/t/dependency/zookeeper-jute-3.5.6.jar:/home/wtwhite/code/regression-test-generation/evosuite/evosuite-standalone-runtime-1.2.0.jar:/home/wtwhite/.m2/repository/junit/junit/4.13.2/junit-4.13.2.jar:/home/wtwhite/.m2/repository/org/hamcrest/hamcrest-core/1.3/hamcrest-core-1.3.jar:"/>
    <property name="sun.cpu.endian" value="little"/>
    <property name="user.home" value="/home/wtwhite"/>
    <property name="user.language" value="en"/>
    <property name="java.specification.vendor" value="Oracle Corporation"/>
    <property name="java.home" value="/usr/lib/jvm/java-8-openjdk-amd64/jre"/>
    <property name="basedir" value="/home/wtwhite/code/regression-test-generation/find-diff-classes/compile/gaoss/org/apache/hadoop/hadoop-mapreduce-client-core/3.3.5"/>
    <property name="file.separator" value="/"/>
    <property name="line.separator" value="&#10;"/>
    <property name="java.vm.specification.vendor" value="Oracle Corporation"/>
    <property name="java.specification.name" value="Java Platform API Specification"/>
    <property name="java.awt.graphicsenv" value="sun.awt.X11GraphicsEnvironment"/>
    <property name="surefire.real.class.path" value="/home/wtwhite/code/regression-test-generation/find-diff-classes/compile/gaoss/org/apache/hadoop/hadoop-mapreduce-client-core/3.3.5/target/surefire/surefirebooter-20241106180903406_3.jar"/>
    <property name="sun.boot.class.path" value="/usr/lib/jvm/java-8-openjdk-amd64/jre/lib/resources.jar:/usr/lib/jvm/java-8-openjdk-amd64/jre/lib/rt.jar:/usr/lib/jvm/java-8-openjdk-amd64/jre/lib/sunrsasign.jar:/usr/lib/jvm/java-8-openjdk-amd64/jre/lib/jsse.jar:/usr/lib/jvm/java-8-openjdk-amd64/jre/lib/jce.jar:/usr/lib/jvm/java-8-openjdk-amd64/jre/lib/charsets.jar:/usr/lib/jvm/java-8-openjdk-amd64/jre/lib/jfr.jar:/usr/lib/jvm/java-8-openjdk-amd64/jre/classes"/>
    <property name="sun.management.compiler" value="HotSpot 64-Bit Tiered Compilers"/>
    <property name="java.runtime.version" value="1.8.0_382-8u382-ga-1~22.04.1-b05"/>
    <property name="user.name" value="wtwhite"/>
    <property name="path.separator" value=":"/>
    <property name="os.version" value="5.15.0-87-generic"/>
    <property name="java.endorsed.dirs" value="/usr/lib/jvm/java-8-openjdk-amd64/jre/lib/endorsed"/>
    <property name="java.runtime.name" value="OpenJDK Runtime Environment"/>
    <property name="file.encoding" value="UTF-8"/>
    <property name="java.vm.name" value="OpenJDK 64-Bit Server VM"/>
    <property name="localRepository" value="/home/wtwhite/.m2/repository"/>
    <property name="java.vendor.url.bug" value="http://bugreport.sun.com/bugreport/"/>
    <property name="java.io.tmpdir" value="/tmp"/>
    <property name="java.version" value="1.8.0_382"/>
    <property name="user.dir" value="/home/wtwhite/code/regression-test-generation/find-diff-classes/compile/gaoss/org/apache/hadoop/hadoop-mapreduce-client-core/3.3.5"/>
    <property name="os.arch" value="amd64"/>
    <property name="java.vm.specification.name" value="Java Virtual Machine Specification"/>
    <property name="java.awt.printerjob" value="sun.print.PSPrinterJob"/>
    <property name="sun.os.patch.level" value="unknown"/>
    <property name="java.library.path" value="/usr/java/packages/lib/amd64:/usr/lib/x86_64-linux-gnu/jni:/lib/x86_64-linux-gnu:/usr/lib/x86_64-linux-gnu:/usr/lib/jni:/lib:/usr/lib"/>
    <property name="java.vm.info" value="mixed mode"/>
    <property name="java.vendor" value="Private Build"/>
    <property name="java.vm.version" value="25.382-b05"/>
    <property name="java.specification.maintenance.version" value="5"/>
    <property name="java.ext.dirs" value="/usr/lib/jvm/java-8-openjdk-amd64/jre/lib/ext:/usr/java/packages/lib/ext"/>
    <property name="sun.io.unicode.encoding" value="UnicodeLittle"/>
    <property name="java.class.version" value="52.0"/>
  </properties>
  <testcase name="test50" classname="org.apache.hadoop.mapreduce.jobhistory.TaskAttemptUnsuccessfulCompletionEvent_ESTest" time="0.197"/>
  <testcase name="test52" classname="org.apache.hadoop.mapreduce.jobhistory.TaskAttemptUnsuccessfulCompletionEvent_ESTest" time="0.015"/>
  <testcase name="test51" classname="org.apache.hadoop.mapreduce.jobhistory.TaskAttemptUnsuccessfulCompletionEvent_ESTest" time="0.02"/>
  <testcase name="test18" classname="org.apache.hadoop.mapreduce.jobhistory.TaskAttemptUnsuccessfulCompletionEvent_ESTest" time="0.013"/>
  <testcase name="test17" classname="org.apache.hadoop.mapreduce.jobhistory.TaskAttemptUnsuccessfulCompletionEvent_ESTest" time="0.009"/>
  <testcase name="test19" classname="org.apache.hadoop.mapreduce.jobhistory.TaskAttemptUnsuccessfulCompletionEvent_ESTest" time="0.008"/>
  <testcase name="test10" classname="org.apache.hadoop.mapreduce.jobhistory.TaskAttemptUnsuccessfulCompletionEvent_ESTest" time="0.008"/>
  <testcase name="test54" classname="org.apache.hadoop.mapreduce.jobhistory.TaskAttemptUnsuccessfulCompletionEvent_ESTest" time="0.013"/>
  <testcase name="test53" classname="org.apache.hadoop.mapreduce.jobhistory.TaskAttemptUnsuccessfulCompletionEvent_ESTest" time="0.009"/>
  <testcase name="test12" classname="org.apache.hadoop.mapreduce.jobhistory.TaskAttemptUnsuccessfulCompletionEvent_ESTest" time="0.012"/>
  <testcase name="test56" classname="org.apache.hadoop.mapreduce.jobhistory.TaskAttemptUnsuccessfulCompletionEvent_ESTest" time="0.009"/>
  <testcase name="test11" classname="org.apache.hadoop.mapreduce.jobhistory.TaskAttemptUnsuccessfulCompletionEvent_ESTest" time="0.01"/>
  <testcase name="test55" classname="org.apache.hadoop.mapreduce.jobhistory.TaskAttemptUnsuccessfulCompletionEvent_ESTest" time="0.012"/>
  <testcase name="test14" classname="org.apache.hadoop.mapreduce.jobhistory.TaskAttemptUnsuccessfulCompletionEvent_ESTest" time="0.011"/>
  <testcase name="test58" classname="org.apache.hadoop.mapreduce.jobhistory.TaskAttemptUnsuccessfulCompletionEvent_ESTest" time="0.011"/>
  <testcase name="test13" classname="org.apache.hadoop.mapreduce.jobhistory.TaskAttemptUnsuccessfulCompletionEvent_ESTest" time="0.042"/>
  <testcase name="test57" classname="org.apache.hadoop.mapreduce.jobhistory.TaskAttemptUnsuccessfulCompletionEvent_ESTest" time="0.009"/>
  <testcase name="test16" classname="org.apache.hadoop.mapreduce.jobhistory.TaskAttemptUnsuccessfulCompletionEvent_ESTest" time="0.008"/>
  <testcase name="test15" classname="org.apache.hadoop.mapreduce.jobhistory.TaskAttemptUnsuccessfulCompletionEvent_ESTest" time="0.007"/>
  <testcase name="test59" classname="org.apache.hadoop.mapreduce.jobhistory.TaskAttemptUnsuccessfulCompletionEvent_ESTest" time="0.006"/>
  <testcase name="test41" classname="org.apache.hadoop.mapreduce.jobhistory.TaskAttemptUnsuccessfulCompletionEvent_ESTest" time="0.006"/>
  <testcase name="test40" classname="org.apache.hadoop.mapreduce.jobhistory.TaskAttemptUnsuccessfulCompletionEvent_ESTest" time="0.009"/>
  <testcase name="test07" classname="org.apache.hadoop.mapreduce.jobhistory.TaskAttemptUnsuccessfulCompletionEvent_ESTest" time="0.005"/>
  <testcase name="test06" classname="org.apache.hadoop.mapreduce.jobhistory.TaskAttemptUnsuccessfulCompletionEvent_ESTest" time="0.006"/>
  <testcase name="test09" classname="org.apache.hadoop.mapreduce.jobhistory.TaskAttemptUnsuccessfulCompletionEvent_ESTest" time="0.011"/>
  <testcase name="test08" classname="org.apache.hadoop.mapreduce.jobhistory.TaskAttemptUnsuccessfulCompletionEvent_ESTest" time="0.006"/>
  <testcase name="test43" classname="org.apache.hadoop.mapreduce.jobhistory.TaskAttemptUnsuccessfulCompletionEvent_ESTest" time="0.008"/>
  <testcase name="test42" classname="org.apache.hadoop.mapreduce.jobhistory.TaskAttemptUnsuccessfulCompletionEvent_ESTest" time="0.006"/>
  <testcase name="test01" classname="org.apache.hadoop.mapreduce.jobhistory.TaskAttemptUnsuccessfulCompletionEvent_ESTest" time="0.006"/>
  <testcase name="test45" classname="org.apache.hadoop.mapreduce.jobhistory.TaskAttemptUnsuccessfulCompletionEvent_ESTest" time="0.005"/>
  <testcase name="test00" classname="org.apache.hadoop.mapreduce.jobhistory.TaskAttemptUnsuccessfulCompletionEvent_ESTest" time="0.007"/>
  <testcase name="test44" classname="org.apache.hadoop.mapreduce.jobhistory.TaskAttemptUnsuccessfulCompletionEvent_ESTest" time="0.009"/>
  <testcase name="test03" classname="org.apache.hadoop.mapreduce.jobhistory.TaskAttemptUnsuccessfulCompletionEvent_ESTest" time="0.011"/>
  <testcase name="test47" classname="org.apache.hadoop.mapreduce.jobhistory.TaskAttemptUnsuccessfulCompletionEvent_ESTest" time="0.009"/>
  <testcase name="test02" classname="org.apache.hadoop.mapreduce.jobhistory.TaskAttemptUnsuccessfulCompletionEvent_ESTest" time="0.012"/>
  <testcase name="test46" classname="org.apache.hadoop.mapreduce.jobhistory.TaskAttemptUnsuccessfulCompletionEvent_ESTest" time="0.007"/>
  <testcase name="test05" classname="org.apache.hadoop.mapreduce.jobhistory.TaskAttemptUnsuccessfulCompletionEvent_ESTest" time="0.008"/>
  <testcase name="test49" classname="org.apache.hadoop.mapreduce.jobhistory.TaskAttemptUnsuccessfulCompletionEvent_ESTest" time="0.008"/>
  <testcase name="test04" classname="org.apache.hadoop.mapreduce.jobhistory.TaskAttemptUnsuccessfulCompletionEvent_ESTest" time="0.011"/>
  <testcase name="test48" classname="org.apache.hadoop.mapreduce.jobhistory.TaskAttemptUnsuccessfulCompletionEvent_ESTest" time="0.007"/>
  <testcase name="test30" classname="org.apache.hadoop.mapreduce.jobhistory.TaskAttemptUnsuccessfulCompletionEvent_ESTest" time="0.006"/>
  <testcase name="test39" classname="org.apache.hadoop.mapreduce.jobhistory.TaskAttemptUnsuccessfulCompletionEvent_ESTest" time="0.01"/>
  <testcase name="test32" classname="org.apache.hadoop.mapreduce.jobhistory.TaskAttemptUnsuccessfulCompletionEvent_ESTest" time="0.012"/>
  <testcase name="test31" classname="org.apache.hadoop.mapreduce.jobhistory.TaskAttemptUnsuccessfulCompletionEvent_ESTest" time="0.01"/>
  <testcase name="test34" classname="org.apache.hadoop.mapreduce.jobhistory.TaskAttemptUnsuccessfulCompletionEvent_ESTest" time="0.01"/>
  <testcase name="test33" classname="org.apache.hadoop.mapreduce.jobhistory.TaskAttemptUnsuccessfulCompletionEvent_ESTest" time="0.012"/>
  <testcase name="test36" classname="org.apache.hadoop.mapreduce.jobhistory.TaskAttemptUnsuccessfulCompletionEvent_ESTest" time="0.008"/>
  <testcase name="test35" classname="org.apache.hadoop.mapreduce.jobhistory.TaskAttemptUnsuccessfulCompletionEvent_ESTest" time="0.007"/>
  <testcase name="test38" classname="org.apache.hadoop.mapreduce.jobhistory.TaskAttemptUnsuccessfulCompletionEvent_ESTest" time="0.006"/>
  <testcase name="test37" classname="org.apache.hadoop.mapreduce.jobhistory.TaskAttemptUnsuccessfulCompletionEvent_ESTest" time="0.007"/>
  <testcase name="test61" classname="org.apache.hadoop.mapreduce.jobhistory.TaskAttemptUnsuccessfulCompletionEvent_ESTest" time="0.007"/>
  <testcase name="test60" classname="org.apache.hadoop.mapreduce.jobhistory.TaskAttemptUnsuccessfulCompletionEvent_ESTest" time="0.007"/>
  <testcase name="test63" classname="org.apache.hadoop.mapreduce.jobhistory.TaskAttemptUnsuccessfulCompletionEvent_ESTest" time="0.008"/>
  <testcase name="test62" classname="org.apache.hadoop.mapreduce.jobhistory.TaskAttemptUnsuccessfulCompletionEvent_ESTest" time="0.008"/>
  <testcase name="test29" classname="org.apache.hadoop.mapreduce.jobhistory.TaskAttemptUnsuccessfulCompletionEvent_ESTest" time="0.009"/>
  <testcase name="test28" classname="org.apache.hadoop.mapreduce.jobhistory.TaskAttemptUnsuccessfulCompletionEvent_ESTest" time="0.008"/>
  <testcase name="test21" classname="org.apache.hadoop.mapreduce.jobhistory.TaskAttemptUnsuccessfulCompletionEvent_ESTest" time="0.007"/>
  <testcase name="test20" classname="org.apache.hadoop.mapreduce.jobhistory.TaskAttemptUnsuccessfulCompletionEvent_ESTest" time="0.007"/>
  <testcase name="test64" classname="org.apache.hadoop.mapreduce.jobhistory.TaskAttemptUnsuccessfulCompletionEvent_ESTest" time="0.009"/>
  <testcase name="test23" classname="org.apache.hadoop.mapreduce.jobhistory.TaskAttemptUnsuccessfulCompletionEvent_ESTest" time="0.008"/>
  <testcase name="test22" classname="org.apache.hadoop.mapreduce.jobhistory.TaskAttemptUnsuccessfulCompletionEvent_ESTest" time="0.009"/>
  <testcase name="test25" classname="org.apache.hadoop.mapreduce.jobhistory.TaskAttemptUnsuccessfulCompletionEvent_ESTest" time="0.008"/>
  <testcase name="test24" classname="org.apache.hadoop.mapreduce.jobhistory.TaskAttemptUnsuccessfulCompletionEvent_ESTest" time="0.009"/>
  <testcase name="test27" classname="org.apache.hadoop.mapreduce.jobhistory.TaskAttemptUnsuccessfulCompletionEvent_ESTest" time="0.008"/>
  <testcase name="test26" classname="org.apache.hadoop.mapreduce.jobhistory.TaskAttemptUnsuccessfulCompletionEvent_ESTest" time="0.008"/>
</testsuite>