<?xml version="1.0" encoding="UTF-8"?>
<testsuite xmlns:xsi="http://www.w3.org/2001/XMLSchema-instance" xsi:noNamespaceSchemaLocation="https://maven.apache.org/surefire/maven-surefire-plugin/xsd/surefire-test-report-3.0.xsd" version="3.0" name="io.restassured.internal.mapping.ObjectMapperDeserializationContextImpl_ESTest" time="0.354" tests="3" errors="0" skipped="0" failures="0">
  <properties>
    <property name="awt.toolkit" value="sun.awt.X11.XToolkit"/>
    <property name="file.encoding.pkg" value="sun.io"/>
    <property name="java.specification.version" value="1.8"/>
    <property name="sun.cpu.isalist" value=""/>
    <property name="sun.jnu.encoding" value="UTF-8"/>
    <property name="java.class.path" value="/home/wtwhite/code/regression-test-generation-NON-SOURCE-EQUIV/find-diff-classes/compile/gaoss/io/rest-assured/rest-assured/5.2.1/target/test-classes:/home/wtwhite/code/regression-test-generation-NON-SOURCE-EQUIV/find-diff-classes/compile/gaoss/io/rest-assured/rest-assured/5.2.1/target/classes:/home/wtwhite/code/craw-redhat-oss/wget/crawl/google-aoss/io/rest-assured/rest-assured/5.2.1/rest-assured-5.2.1.jar:/home/wtwhite/code/regression-test-generation-NON-SOURCE-EQUIV/find-diff-classes/compile/gaoss/io/rest-assured/rest-assured/5.2.1/t/dependency/assertj-core-3.16.1.jar:/home/wtwhite/code/regression-test-generation-NON-SOURCE-EQUIV/find-diff-classes/compile/gaoss/io/rest-assured/rest-assured/5.2.1/t/dependency/commons-codec-1.11.jar:/home/wtwhite/code/regression-test-generation-NON-SOURCE-EQUIV/find-diff-classes/compile/gaoss/io/rest-assured/rest-assured/5.2.1/t/dependency/commons-io-2.8.0.jar:/home/wtwhite/code/regression-test-generation-NON-SOURCE-EQUIV/find-diff-classes/compile/gaoss/io/rest-assured/rest-assured/5.2.1/t/dependency/commons-lang3-3.11.jar:/home/wtwhite/code/regression-test-generation-NON-SOURCE-EQUIV/find-diff-classes/compile/gaoss/io/rest-assured/rest-assured/5.2.1/t/dependency/commons-logging-1.2.jar:/home/wtwhite/code/regression-test-generation-NON-SOURCE-EQUIV/find-diff-classes/compile/gaoss/io/rest-assured/rest-assured/5.2.1/t/dependency/groovy-4.0.1.jar:/home/wtwhite/code/regression-test-generation-NON-SOURCE-EQUIV/find-diff-classes/compile/gaoss/io/rest-assured/rest-assured/5.2.1/t/dependency/groovy-json-4.0.1.jar:/home/wtwhite/code/regression-test-generation-NON-SOURCE-EQUIV/find-diff-classes/compile/gaoss/io/rest-assured/rest-assured/5.2.1/t/dependency/groovy-xml-4.0.1.jar:/home/wtwhite/code/regression-test-generation-NON-SOURCE-EQUIV/find-diff-classes/compile/gaoss/io/rest-assured/rest-assured/5.2.1/t/dependency/gson-2.9.0.jar:/home/wtwhite/code/regression-test-generation-NON-SOURCE-EQUIV/find-diff-classes/compile/gaoss/io/rest-assured/rest-assured/5.2.1/t/dependency/hamcrest-2.1.jar:/home/wtwhite/code/regression-test-generation-NON-SOURCE-EQUIV/find-diff-classes/compile/gaoss/io/rest-assured/rest-assured/5.2.1/t/dependency/httpclient-4.5.13.jar:/home/wtwhite/code/regression-test-generation-NON-SOURCE-EQUIV/find-diff-classes/compile/gaoss/io/rest-assured/rest-assured/5.2.1/t/dependency/httpcore-4.4.13.jar:/home/wtwhite/code/regression-test-generation-NON-SOURCE-EQUIV/find-diff-classes/compile/gaoss/io/rest-assured/rest-assured/5.2.1/t/dependency/httpmime-4.5.13.jar:/home/wtwhite/code/regression-test-generation-NON-SOURCE-EQUIV/find-diff-classes/compile/gaoss/io/rest-assured/rest-assured/5.2.1/t/dependency/istack-commons-runtime-4.0.1.jar:/home/wtwhite/code/regression-test-generation-NON-SOURCE-EQUIV/find-diff-classes/compile/gaoss/io/rest-assured/rest-assured/5.2.1/t/dependency/jackson-annotations-2.13.2.jar:/home/wtwhite/code/regression-test-generation-NON-SOURCE-EQUIV/find-diff-classes/compile/gaoss/io/rest-assured/rest-assured/5.2.1/t/dependency/jackson-core-2.13.2.jar:/home/wtwhite/code/regression-test-generation-NON-SOURCE-EQUIV/find-diff-classes/compile/gaoss/io/rest-assured/rest-assured/5.2.1/t/dependency/jackson-core-asl-1.9.11.jar:/home/wtwhite/code/regression-test-generation-NON-SOURCE-EQUIV/find-diff-classes/compile/gaoss/io/rest-assured/rest-assured/5.2.1/t/dependency/jackson-databind-2.13.2.jar:/home/wtwhite/code/regression-test-generation-NON-SOURCE-EQUIV/find-diff-classes/compile/gaoss/io/rest-assured/rest-assured/5.2.1/t/dependency/jackson-mapper-asl-1.9.11.jar:/home/wtwhite/code/regression-test-generation-NON-SOURCE-EQUIV/find-diff-classes/compile/gaoss/io/rest-assured/rest-assured/5.2.1/t/dependency/jakarta.activation-2.0.1.jar:/home/wtwhite/code/regression-test-generation-NON-SOURCE-EQUIV/find-diff-classes/compile/gaoss/io/rest-assured/rest-assured/5.2.1/t/dependency/jakarta.json-1.1.6-module.jar:/home/wtwhite/code/regression-test-generation-NON-SOURCE-EQUIV/find-diff-classes/compile/gaoss/io/rest-assured/rest-assured/5.2.1/t/dependency/jakarta.json-api-1.1.6.jar:/home/wtwhite/code/regression-test-generation-NON-SOURCE-EQUIV/find-diff-classes/compile/gaoss/io/rest-assured/rest-assured/5.2.1/t/dependency/jakarta.json.bind-api-1.0.2.jar:/home/wtwhite/code/regression-test-generation-NON-SOURCE-EQUIV/find-diff-classes/compile/gaoss/io/rest-assured/rest-assured/5.2.1/t/dependency/jakarta.xml.bind-api-3.0.1.jar:/home/wtwhite/code/regression-test-generation-NON-SOURCE-EQUIV/find-diff-classes/compile/gaoss/io/rest-assured/rest-assured/5.2.1/t/dependency/javax.activation-api-1.2.0.jar:/home/wtwhite/code/regression-test-generation-NON-SOURCE-EQUIV/find-diff-classes/compile/gaoss/io/rest-assured/rest-assured/5.2.1/t/dependency/jaxb-api-2.3.1.jar:/home/wtwhite/code/regression-test-generation-NON-SOURCE-EQUIV/find-diff-classes/compile/gaoss/io/rest-assured/rest-assured/5.2.1/t/dependency/jaxb-core-3.0.2.jar:/home/wtwhite/code/regression-test-generation-NON-SOURCE-EQUIV/find-diff-classes/compile/gaoss/io/rest-assured/rest-assured/5.2.1/t/dependency/jaxb-runtime-3.0.2.jar:/home/wtwhite/code/regression-test-generation-NON-SOURCE-EQUIV/find-diff-classes/compile/gaoss/io/rest-assured/rest-assured/5.2.1/t/dependency/johnzon-core-1.1.11.jar:/home/wtwhite/code/regression-test-generation-NON-SOURCE-EQUIV/find-diff-classes/compile/gaoss/io/rest-assured/rest-assured/5.2.1/t/dependency/johnzon-mapper-1.1.11.jar:/home/wtwhite/code/regression-test-generation-NON-SOURCE-EQUIV/find-diff-classes/compile/gaoss/io/rest-assured/rest-assured/5.2.1/t/dependency/json-path-5.2.1.jar:/home/wtwhite/code/regression-test-generation-NON-SOURCE-EQUIV/find-diff-classes/compile/gaoss/io/rest-assured/rest-assured/5.2.1/t/dependency/json-simple-1.1.1.jar:/home/wtwhite/code/regression-test-generation-NON-SOURCE-EQUIV/find-diff-classes/compile/gaoss/io/rest-assured/rest-assured/5.2.1/t/dependency/junit-4.13.1.jar:/home/wtwhite/code/regression-test-generation-NON-SOURCE-EQUIV/find-diff-classes/compile/gaoss/io/rest-assured/rest-assured/5.2.1/t/dependency/mockito-core-1.10.19.jar:/home/wtwhite/code/regression-test-generation-NON-SOURCE-EQUIV/find-diff-classes/compile/gaoss/io/rest-assured/rest-assured/5.2.1/t/dependency/objenesis-2.1.jar:/home/wtwhite/code/regression-test-generation-NON-SOURCE-EQUIV/find-diff-classes/compile/gaoss/io/rest-assured/rest-assured/5.2.1/t/dependency/rest-assured-common-5.2.1.jar:/home/wtwhite/code/regression-test-generation-NON-SOURCE-EQUIV/find-diff-classes/compile/gaoss/io/rest-assured/rest-assured/5.2.1/t/dependency/scribejava-apis-2.5.3.jar:/home/wtwhite/code/regression-test-generation-NON-SOURCE-EQUIV/find-diff-classes/compile/gaoss/io/rest-assured/rest-assured/5.2.1/t/dependency/scribejava-core-2.5.3.jar:/home/wtwhite/code/regression-test-generation-NON-SOURCE-EQUIV/find-diff-classes/compile/gaoss/io/rest-assured/rest-assured/5.2.1/t/dependency/tagsoup-1.2.1.jar:/home/wtwhite/code/regression-test-generation-NON-SOURCE-EQUIV/find-diff-classes/compile/gaoss/io/rest-assured/rest-assured/5.2.1/t/dependency/txw2-3.0.2.jar:/home/wtwhite/code/regression-test-generation-NON-SOURCE-EQUIV/find-diff-classes/compile/gaoss/io/rest-assured/rest-assured/5.2.1/t/dependency/xml-path-5.2.1.jar:/home/wtwhite/code/regression-test-generation-NON-SOURCE-EQUIV/find-diff-classes/compile/gaoss/io/rest-assured/rest-assured/5.2.1/t/dependency/yasson-1.0.6.jar:/home/wtwhite/code/regression-test-generation/evosuite/evosuite-standalone-runtime-1.2.0.jar:/home/wtwhite/.m2/repository/junit/junit/4.13.2/junit-4.13.2.jar:/home/wtwhite/.m2/repository/org/hamcrest/hamcrest-core/1.3/hamcrest-core-1.3.jar:"/>
    <property name="java.vm.vendor" value="Private Build"/>
    <property name="sun.arch.data.model" value="64"/>
    <property name="java.vendor.url" value="http://java.oracle.com/"/>
    <property name="user.timezone" value=""/>
    <property name="java.vm.specification.version" value="1.8"/>
    <property name="os.name" value="Linux"/>
    <property name="RUNDIR" value="/home/wtwhite/code/regression-test-generation-NON-SOURCE-EQUIV/find-diff-classes/run-mvn"/>
    <property name="user.country" value="NZ"/>
    <property name="sun.java.launcher" value="SUN_STANDARD"/>
    <property name="sun.boot.library.path" value="/usr/lib/jvm/java-8-openjdk-amd64/jre/lib/amd64"/>
    <property name="sun.java.command" value="/home/wtwhite/code/regression-test-generation-NON-SOURCE-EQUIV/find-diff-classes/compile/gaoss/io/rest-assured/rest-assured/5.2.1/target/surefire/surefirebooter-20241112133918108_3.jar /home/wtwhite/code/regression-test-generation-NON-SOURCE-EQUIV/find-diff-classes/compile/gaoss/io/rest-assured/rest-assured/5.2.1/target/surefire 2024-11-12T13-39-17_991-jvmRun1 surefire-20241112133918108_1tmp surefire_0-20241112133918108_2tmp"/>
    <property name="surefire.test.class.path" value="/home/wtwhite/code/regression-test-generation-NON-SOURCE-EQUIV/find-diff-classes/compile/gaoss/io/rest-assured/rest-assured/5.2.1/target/test-classes:/home/wtwhite/code/regression-test-generation-NON-SOURCE-EQUIV/find-diff-classes/compile/gaoss/io/rest-assured/rest-assured/5.2.1/target/classes:/home/wtwhite/code/craw-redhat-oss/wget/crawl/google-aoss/io/rest-assured/rest-assured/5.2.1/rest-assured-5.2.1.jar:/home/wtwhite/code/regression-test-generation-NON-SOURCE-EQUIV/find-diff-classes/compile/gaoss/io/rest-assured/rest-assured/5.2.1/t/dependency/assertj-core-3.16.1.jar:/home/wtwhite/code/regression-test-generation-NON-SOURCE-EQUIV/find-diff-classes/compile/gaoss/io/rest-assured/rest-assured/5.2.1/t/dependency/commons-codec-1.11.jar:/home/wtwhite/code/regression-test-generation-NON-SOURCE-EQUIV/find-diff-classes/compile/gaoss/io/rest-assured/rest-assured/5.2.1/t/dependency/commons-io-2.8.0.jar:/home/wtwhite/code/regression-test-generation-NON-SOURCE-EQUIV/find-diff-classes/compile/gaoss/io/rest-assured/rest-assured/5.2.1/t/dependency/commons-lang3-3.11.jar:/home/wtwhite/code/regression-test-generation-NON-SOURCE-EQUIV/find-diff-classes/compile/gaoss/io/rest-assured/rest-assured/5.2.1/t/dependency/commons-logging-1.2.jar:/home/wtwhite/code/regression-test-generation-NON-SOURCE-EQUIV/find-diff-classes/compile/gaoss/io/rest-assured/rest-assured/5.2.1/t/dependency/groovy-4.0.1.jar:/home/wtwhite/code/regression-test-generation-NON-SOURCE-EQUIV/find-diff-classes/compile/gaoss/io/rest-assured/rest-assured/5.2.1/t/dependency/groovy-json-4.0.1.jar:/home/wtwhite/code/regression-test-generation-NON-SOURCE-EQUIV/find-diff-classes/compile/gaoss/io/rest-assured/rest-assured/5.2.1/t/dependency/groovy-xml-4.0.1.jar:/home/wtwhite/code/regression-test-generation-NON-SOURCE-EQUIV/find-diff-classes/compile/gaoss/io/rest-assured/rest-assured/5.2.1/t/dependency/gson-2.9.0.jar:/home/wtwhite/code/regression-test-generation-NON-SOURCE-EQUIV/find-diff-classes/compile/gaoss/io/rest-assured/rest-assured/5.2.1/t/dependency/hamcrest-2.1.jar:/home/wtwhite/code/regression-test-generation-NON-SOURCE-EQUIV/find-diff-classes/compile/gaoss/io/rest-assured/rest-assured/5.2.1/t/dependency/httpclient-4.5.13.jar:/home/wtwhite/code/regression-test-generation-NON-SOURCE-EQUIV/find-diff-classes/compile/gaoss/io/rest-assured/rest-assured/5.2.1/t/dependency/httpcore-4.4.13.jar:/home/wtwhite/code/regression-test-generation-NON-SOURCE-EQUIV/find-diff-classes/compile/gaoss/io/rest-assured/rest-assured/5.2.1/t/dependency/httpmime-4.5.13.jar:/home/wtwhite/code/regression-test-generation-NON-SOURCE-EQUIV/find-diff-classes/compile/gaoss/io/rest-assured/rest-assured/5.2.1/t/dependency/istack-commons-runtime-4.0.1.jar:/home/wtwhite/code/regression-test-generation-NON-SOURCE-EQUIV/find-diff-classes/compile/gaoss/io/rest-assured/rest-assured/5.2.1/t/dependency/jackson-annotations-2.13.2.jar:/home/wtwhite/code/regression-test-generation-NON-SOURCE-EQUIV/find-diff-classes/compile/gaoss/io/rest-assured/rest-assured/5.2.1/t/dependency/jackson-core-2.13.2.jar:/home/wtwhite/code/regression-test-generation-NON-SOURCE-EQUIV/find-diff-classes/compile/gaoss/io/rest-assured/rest-assured/5.2.1/t/dependency/jackson-core-asl-1.9.11.jar:/home/wtwhite/code/regression-test-generation-NON-SOURCE-EQUIV/find-diff-classes/compile/gaoss/io/rest-assured/rest-assured/5.2.1/t/dependency/jackson-databind-2.13.2.jar:/home/wtwhite/code/regression-test-generation-NON-SOURCE-EQUIV/find-diff-classes/compile/gaoss/io/rest-assured/rest-assured/5.2.1/t/dependency/jackson-mapper-asl-1.9.11.jar:/home/wtwhite/code/regression-test-generation-NON-SOURCE-EQUIV/find-diff-classes/compile/gaoss/io/rest-assured/rest-assured/5.2.1/t/dependency/jakarta.activation-2.0.1.jar:/home/wtwhite/code/regression-test-generation-NON-SOURCE-EQUIV/find-diff-classes/compile/gaoss/io/rest-assured/rest-assured/5.2.1/t/dependency/jakarta.json-1.1.6-module.jar:/home/wtwhite/code/regression-test-generation-NON-SOURCE-EQUIV/find-diff-classes/compile/gaoss/io/rest-assured/rest-assured/5.2.1/t/dependency/jakarta.json-api-1.1.6.jar:/home/wtwhite/code/regression-test-generation-NON-SOURCE-EQUIV/find-diff-classes/compile/gaoss/io/rest-assured/rest-assured/5.2.1/t/dependency/jakarta.json.bind-api-1.0.2.jar:/home/wtwhite/code/regression-test-generation-NON-SOURCE-EQUIV/find-diff-classes/compile/gaoss/io/rest-assured/rest-assured/5.2.1/t/dependency/jakarta.xml.bind-api-3.0.1.jar:/home/wtwhite/code/regression-test-generation-NON-SOURCE-EQUIV/find-diff-classes/compile/gaoss/io/rest-assured/rest-assured/5.2.1/t/dependency/javax.activation-api-1.2.0.jar:/home/wtwhite/code/regression-test-generation-NON-SOURCE-EQUIV/find-diff-classes/compile/gaoss/io/rest-assured/rest-assured/5.2.1/t/dependency/jaxb-api-2.3.1.jar:/home/wtwhite/code/regression-test-generation-NON-SOURCE-EQUIV/find-diff-classes/compile/gaoss/io/rest-assured/rest-assured/5.2.1/t/dependency/jaxb-core-3.0.2.jar:/home/wtwhite/code/regression-test-generation-NON-SOURCE-EQUIV/find-diff-classes/compile/gaoss/io/rest-assured/rest-assured/5.2.1/t/dependency/jaxb-runtime-3.0.2.jar:/home/wtwhite/code/regression-test-generation-NON-SOURCE-EQUIV/find-diff-classes/compile/gaoss/io/rest-assured/rest-assured/5.2.1/t/dependency/johnzon-core-1.1.11.jar:/home/wtwhite/code/regression-test-generation-NON-SOURCE-EQUIV/find-diff-classes/compile/gaoss/io/rest-assured/rest-assured/5.2.1/t/dependency/johnzon-mapper-1.1.11.jar:/home/wtwhite/code/regression-test-generation-NON-SOURCE-EQUIV/find-diff-classes/compile/gaoss/io/rest-assured/rest-assured/5.2.1/t/dependency/json-path-5.2.1.jar:/home/wtwhite/code/regression-test-generation-NON-SOURCE-EQUIV/find-diff-classes/compile/gaoss/io/rest-assured/rest-assured/5.2.1/t/dependency/json-simple-1.1.1.jar:/home/wtwhite/code/regression-test-generation-NON-SOURCE-EQUIV/find-diff-classes/compile/gaoss/io/rest-assured/rest-assured/5.2.1/t/dependency/junit-4.13.1.jar:/home/wtwhite/code/regression-test-generation-NON-SOURCE-EQUIV/find-diff-classes/compile/gaoss/io/rest-assured/rest-assured/5.2.1/t/dependency/mockito-core-1.10.19.jar:/home/wtwhite/code/regression-test-generation-NON-SOURCE-EQUIV/find-diff-classes/compile/gaoss/io/rest-assured/rest-assured/5.2.1/t/dependency/objenesis-2.1.jar:/home/wtwhite/code/regression-test-generation-NON-SOURCE-EQUIV/find-diff-classes/compile/gaoss/io/rest-assured/rest-assured/5.2.1/t/dependency/rest-assured-common-5.2.1.jar:/home/wtwhite/code/regression-test-generation-NON-SOURCE-EQUIV/find-diff-classes/compile/gaoss/io/rest-assured/rest-assured/5.2.1/t/dependency/scribejava-apis-2.5.3.jar:/home/wtwhite/code/regression-test-generation-NON-SOURCE-EQUIV/find-diff-classes/compile/gaoss/io/rest-assured/rest-assured/5.2.1/t/dependency/scribejava-core-2.5.3.jar:/home/wtwhite/code/regression-test-generation-NON-SOURCE-EQUIV/find-diff-classes/compile/gaoss/io/rest-assured/rest-assured/5.2.1/t/dependency/tagsoup-1.2.1.jar:/home/wtwhite/code/regression-test-generation-NON-SOURCE-EQUIV/find-diff-classes/compile/gaoss/io/rest-assured/rest-assured/5.2.1/t/dependency/txw2-3.0.2.jar:/home/wtwhite/code/regression-test-generation-NON-SOURCE-EQUIV/find-diff-classes/compile/gaoss/io/rest-assured/rest-assured/5.2.1/t/dependency/xml-path-5.2.1.jar:/home/wtwhite/code/regression-test-generation-NON-SOURCE-EQUIV/find-diff-classes/compile/gaoss/io/rest-assured/rest-assured/5.2.1/t/dependency/yasson-1.0.6.jar:/home/wtwhite/code/regression-test-generation/evosuite/evosuite-standalone-runtime-1.2.0.jar:/home/wtwhite/.m2/repository/junit/junit/4.13.2/junit-4.13.2.jar:/home/wtwhite/.m2/repository/org/hamcrest/hamcrest-core/1.3/hamcrest-core-1.3.jar:"/>
    <property name="sun.cpu.endian" value="little"/>
    <property name="user.home" value="/home/wtwhite"/>
    <property name="user.language" value="en"/>
    <property name="java.specification.vendor" value="Oracle Corporation"/>
    <property name="java.home" value="/usr/lib/jvm/java-8-openjdk-amd64/jre"/>
    <property name="basedir" value="/home/wtwhite/code/regression-test-generation-NON-SOURCE-EQUIV/find-diff-classes/compile/gaoss/io/rest-assured/rest-assured/5.2.1"/>
    <property name="file.separator" value="/"/>
    <property name="line.separator" value="&#10;"/>
    <property name="java.vm.specification.vendor" value="Oracle Corporation"/>
    <property name="java.specification.name" value="Java Platform API Specification"/>
    <property name="java.awt.graphicsenv" value="sun.awt.X11GraphicsEnvironment"/>
    <property name="surefire.real.class.path" value="/home/wtwhite/code/regression-test-generation-NON-SOURCE-EQUIV/find-diff-classes/compile/gaoss/io/rest-assured/rest-assured/5.2.1/target/surefire/surefirebooter-20241112133918108_3.jar"/>
    <property name="sun.boot.class.path" value="/usr/lib/jvm/java-8-openjdk-amd64/jre/lib/resources.jar:/usr/lib/jvm/java-8-openjdk-amd64/jre/lib/rt.jar:/usr/lib/jvm/java-8-openjdk-amd64/jre/lib/sunrsasign.jar:/usr/lib/jvm/java-8-openjdk-amd64/jre/lib/jsse.jar:/usr/lib/jvm/java-8-openjdk-amd64/jre/lib/jce.jar:/usr/lib/jvm/java-8-openjdk-amd64/jre/lib/charsets.jar:/usr/lib/jvm/java-8-openjdk-amd64/jre/lib/jfr.jar:/usr/lib/jvm/java-8-openjdk-amd64/jre/classes"/>
    <property name="sun.management.compiler" value="HotSpot 64-Bit Tiered Compilers"/>
    <property name="java.runtime.version" value="1.8.0_382-8u382-ga-1~22.04.1-b05"/>
    <property name="user.name" value="wtwhite"/>
    <property name="path.separator" value=":"/>
    <property name="os.version" value="5.15.0-87-generic"/>
    <property name="java.endorsed.dirs" value="/usr/lib/jvm/java-8-openjdk-amd64/jre/lib/endorsed"/>
    <property name="java.runtime.name" value="OpenJDK Runtime Environment"/>
    <property name="file.encoding" value="UTF-8"/>
    <property name="java.vm.name" value="OpenJDK 64-Bit Server VM"/>
    <property name="localRepository" value="/home/wtwhite/.m2/repository"/>
    <property name="java.vendor.url.bug" value="http://bugreport.sun.com/bugreport/"/>
    <property name="java.io.tmpdir" value="/tmp"/>
    <property name="java.version" value="1.8.0_382"/>
    <property name="user.dir" value="/home/wtwhite/code/regression-test-generation-NON-SOURCE-EQUIV/find-diff-classes/compile/gaoss/io/rest-assured/rest-assured/5.2.1"/>
    <property name="os.arch" value="amd64"/>
    <property name="java.vm.specification.name" value="Java Virtual Machine Specification"/>
    <property name="java.awt.printerjob" value="sun.print.PSPrinterJob"/>
    <property name="sun.os.patch.level" value="unknown"/>
    <property name="java.library.path" value="/usr/java/packages/lib/amd64:/usr/lib/x86_64-linux-gnu/jni:/lib/x86_64-linux-gnu:/usr/lib/x86_64-linux-gnu:/usr/lib/jni:/lib:/usr/lib"/>
    <property name="java.vm.info" value="mixed mode"/>
    <property name="java.vendor" value="Private Build"/>
    <property name="java.vm.version" value="25.382-b05"/>
    <property name="java.specification.maintenance.version" value="5"/>
    <property name="java.ext.dirs" value="/usr/lib/jvm/java-8-openjdk-amd64/jre/lib/ext:/usr/java/packages/lib/ext"/>
    <property name="sun.io.unicode.encoding" value="UnicodeLittle"/>
    <property name="java.class.version" value="52.0"/>
  </properties>
  <testcase name="test2" classname="io.restassured.internal.mapping.ObjectMapperDeserializationContextImpl_ESTest" time="0.335"/>
  <testcase name="test1" classname="io.restassured.internal.mapping.ObjectMapperDeserializationContextImpl_ESTest" time="0.013"/>
  <testcase name="test0" classname="io.restassured.internal.mapping.ObjectMapperDeserializationContextImpl_ESTest" time="0.003"/>
</testsuite>