<?xml version="1.0" encoding="UTF-8"?>
<testsuite xmlns:xsi="http://www.w3.org/2001/XMLSchema-instance" xsi:noNamespaceSchemaLocation="https://maven.apache.org/surefire/maven-surefire-plugin/xsd/surefire-test-report-3.0.xsd" version="3.0" name="io.netty.handler.codec.compression.ByteBufChecksum_ESTest" time="2.514" tests="19" errors="0" skipped="0" failures="0">
  <properties>
    <property name="awt.toolkit" value="sun.awt.X11.XToolkit"/>
    <property name="file.encoding.pkg" value="sun.io"/>
    <property name="java.specification.version" value="1.8"/>
    <property name="sun.cpu.isalist" value=""/>
    <property name="sun.jnu.encoding" value="UTF-8"/>
    <property name="java.class.path" value="/home/wtwhite/code/regression-test-generation/find-diff-classes/compile/mvnc/io/netty/netty-codec/4.1.102.Final/target/test-classes:/home/wtwhite/code/regression-test-generation/find-diff-classes/compile/mvnc/io/netty/netty-codec/4.1.102.Final/target/classes:/home/wtwhite/code/craw-redhat-oss/wget/crawl/repo1.maven.org/maven2/io/netty/netty-codec/4.1.102.Final/netty-codec-4.1.102.Final.jar:/home/wtwhite/code/regression-test-generation/find-diff-classes/compile/mvnc/io/netty/netty-codec/4.1.102.Final/t/dependency/Saxon-HE-9.9.1-6.jar:/home/wtwhite/code/regression-test-generation/find-diff-classes/compile/mvnc/io/netty/netty-codec/4.1.102.Final/t/dependency/antlr-2.7.7.jar:/home/wtwhite/code/regression-test-generation/find-diff-classes/compile/mvnc/io/netty/netty-codec/4.1.102.Final/t/dependency/antlr4-runtime-4.8-1.jar:/home/wtwhite/code/regression-test-generation/find-diff-classes/compile/mvnc/io/netty/netty-codec/4.1.102.Final/t/dependency/apiguardian-api-1.1.2.jar:/home/wtwhite/code/regression-test-generation/find-diff-classes/compile/mvnc/io/netty/netty-codec/4.1.102.Final/t/dependency/assertj-core-3.18.0.jar:/home/wtwhite/code/regression-test-generation/find-diff-classes/compile/mvnc/io/netty/netty-codec/4.1.102.Final/t/dependency/brotli4j-1.13.0.jar:/home/wtwhite/code/regression-test-generation/find-diff-classes/compile/mvnc/io/netty/netty-codec/4.1.102.Final/t/dependency/byte-buddy-1.8.5.jar:/home/wtwhite/code/regression-test-generation/find-diff-classes/compile/mvnc/io/netty/netty-codec/4.1.102.Final/t/dependency/byte-buddy-agent-1.8.5.jar:/home/wtwhite/code/regression-test-generation/find-diff-classes/compile/mvnc/io/netty/netty-codec/4.1.102.Final/t/dependency/checker-qual-2.10.0.jar:/home/wtwhite/code/regression-test-generation/find-diff-classes/compile/mvnc/io/netty/netty-codec/4.1.102.Final/t/dependency/checkstyle-8.29.jar:/home/wtwhite/code/regression-test-generation/find-diff-classes/compile/mvnc/io/netty/netty-codec/4.1.102.Final/t/dependency/commons-beanutils-1.9.4.jar:/home/wtwhite/code/regression-test-generation/find-diff-classes/compile/mvnc/io/netty/netty-codec/4.1.102.Final/t/dependency/commons-collections-3.2.2.jar:/home/wtwhite/code/regression-test-generation/find-diff-classes/compile/mvnc/io/netty/netty-codec/4.1.102.Final/t/dependency/commons-compress-1.21.jar:/home/wtwhite/code/regression-test-generation/find-diff-classes/compile/mvnc/io/netty/netty-codec/4.1.102.Final/t/dependency/commons-logging-1.2.jar:/home/wtwhite/code/regression-test-generation/find-diff-classes/compile/mvnc/io/netty/netty-codec/4.1.102.Final/t/dependency/compress-lzf-1.0.3.jar:/home/wtwhite/code/regression-test-generation/find-diff-classes/compile/mvnc/io/netty/netty-codec/4.1.102.Final/t/dependency/error_prone_annotations-2.3.4.jar:/home/wtwhite/code/regression-test-generation/find-diff-classes/compile/mvnc/io/netty/netty-codec/4.1.102.Final/t/dependency/failureaccess-1.0.1.jar:/home/wtwhite/code/regression-test-generation/find-diff-classes/compile/mvnc/io/netty/netty-codec/4.1.102.Final/t/dependency/gson-2.8.9.jar:/home/wtwhite/code/regression-test-generation/find-diff-classes/compile/mvnc/io/netty/netty-codec/4.1.102.Final/t/dependency/guava-28.2-jre.jar:/home/wtwhite/code/regression-test-generation/find-diff-classes/compile/mvnc/io/netty/netty-codec/4.1.102.Final/t/dependency/hamcrest-core-1.3.jar:/home/wtwhite/code/regression-test-generation/find-diff-classes/compile/mvnc/io/netty/netty-codec/4.1.102.Final/t/dependency/hamcrest-library-1.3.jar:/home/wtwhite/code/regression-test-generation/find-diff-classes/compile/mvnc/io/netty/netty-codec/4.1.102.Final/t/dependency/j2objc-annotations-1.3.jar:/home/wtwhite/code/regression-test-generation/find-diff-classes/compile/mvnc/io/netty/netty-codec/4.1.102.Final/t/dependency/javassist-3.28.0-GA.jar:/home/wtwhite/code/regression-test-generation/find-diff-classes/compile/mvnc/io/netty/netty-codec/4.1.102.Final/t/dependency/jboss-marshalling-1.4.11.Final.jar:/home/wtwhite/code/regression-test-generation/find-diff-classes/compile/mvnc/io/netty/netty-codec/4.1.102.Final/t/dependency/jboss-marshalling-2.0.5.Final.jar:/home/wtwhite/code/regression-test-generation/find-diff-classes/compile/mvnc/io/netty/netty-codec/4.1.102.Final/t/dependency/jboss-marshalling-river-1.4.11.Final.jar:/home/wtwhite/code/regression-test-generation/find-diff-classes/compile/mvnc/io/netty/netty-codec/4.1.102.Final/t/dependency/jboss-marshalling-river-2.0.5.Final.jar:/home/wtwhite/code/regression-test-generation/find-diff-classes/compile/mvnc/io/netty/netty-codec/4.1.102.Final/t/dependency/jboss-marshalling-serial-1.4.11.Final.jar:/home/wtwhite/code/regression-test-generation/find-diff-classes/compile/mvnc/io/netty/netty-codec/4.1.102.Final/t/dependency/jboss-marshalling-serial-2.0.5.Final.jar:/home/wtwhite/code/regression-test-generation/find-diff-classes/compile/mvnc/io/netty/netty-codec/4.1.102.Final/t/dependency/jsr305-3.0.2.jar:/home/wtwhite/code/regression-test-generation/find-diff-classes/compile/mvnc/io/netty/netty-codec/4.1.102.Final/t/dependency/junit-jupiter-api-5.9.0.jar:/home/wtwhite/code/regression-test-generation/find-diff-classes/compile/mvnc/io/netty/netty-codec/4.1.102.Final/t/dependency/junit-jupiter-engine-5.9.0.jar:/home/wtwhite/code/regression-test-generation/find-diff-classes/compile/mvnc/io/netty/netty-codec/4.1.102.Final/t/dependency/junit-jupiter-params-5.9.0.jar:/home/wtwhite/code/regression-test-generation/find-diff-classes/compile/mvnc/io/netty/netty-codec/4.1.102.Final/t/dependency/junit-platform-commons-1.9.0.jar:/home/wtwhite/code/regression-test-generation/find-diff-classes/compile/mvnc/io/netty/netty-codec/4.1.102.Final/t/dependency/junit-platform-engine-1.9.0.jar:/home/wtwhite/code/regression-test-generation/find-diff-classes/compile/mvnc/io/netty/netty-codec/4.1.102.Final/t/dependency/jzlib-1.1.3.jar:/home/wtwhite/code/regression-test-generation/find-diff-classes/compile/mvnc/io/netty/netty-codec/4.1.102.Final/t/dependency/listenablefuture-9999.0-empty-to-avoid-conflict-with-guava.jar:/home/wtwhite/code/regression-test-generation/find-diff-classes/compile/mvnc/io/netty/netty-codec/4.1.102.Final/t/dependency/logback-classic-1.2.13.jar:/home/wtwhite/code/regression-test-generation/find-diff-classes/compile/mvnc/io/netty/netty-codec/4.1.102.Final/t/dependency/logback-core-1.2.13.jar:/home/wtwhite/code/regression-test-generation/find-diff-classes/compile/mvnc/io/netty/netty-codec/4.1.102.Final/t/dependency/lz4-1.3.0.jar:/home/wtwhite/code/regression-test-generation/find-diff-classes/compile/mvnc/io/netty/netty-codec/4.1.102.Final/t/dependency/lzma-java-1.3.jar:/home/wtwhite/code/regression-test-generation/find-diff-classes/compile/mvnc/io/netty/netty-codec/4.1.102.Final/t/dependency/mockito-core-2.18.3.jar:/home/wtwhite/code/regression-test-generation/find-diff-classes/compile/mvnc/io/netty/netty-codec/4.1.102.Final/t/dependency/native-linux-aarch64-1.13.0.jar:/home/wtwhite/code/regression-test-generation/find-diff-classes/compile/mvnc/io/netty/netty-codec/4.1.102.Final/t/dependency/native-linux-riscv64-1.13.0.jar:/home/wtwhite/code/regression-test-generation/find-diff-classes/compile/mvnc/io/netty/netty-codec/4.1.102.Final/t/dependency/native-linux-x86_64-1.13.0.jar:/home/wtwhite/code/regression-test-generation/find-diff-classes/compile/mvnc/io/netty/netty-codec/4.1.102.Final/t/dependency/native-osx-aarch64-1.13.0.jar:/home/wtwhite/code/regression-test-generation/find-diff-classes/compile/mvnc/io/netty/netty-codec/4.1.102.Final/t/dependency/native-osx-x86_64-1.13.0.jar:/home/wtwhite/code/regression-test-generation/find-diff-classes/compile/mvnc/io/netty/netty-codec/4.1.102.Final/t/dependency/native-windows-x86_64-1.13.0.jar:/home/wtwhite/code/regression-test-generation/find-diff-classes/compile/mvnc/io/netty/netty-codec/4.1.102.Final/t/dependency/netty-buffer-4.1.102.Final.jar:/home/wtwhite/code/regression-test-generation/find-diff-classes/compile/mvnc/io/netty/netty-codec/4.1.102.Final/t/dependency/netty-build-common-31.jar:/home/wtwhite/code/regression-test-generation/find-diff-classes/compile/mvnc/io/netty/netty-codec/4.1.102.Final/t/dependency/netty-common-4.1.102.Final.jar:/home/wtwhite/code/regression-test-generation/find-diff-classes/compile/mvnc/io/netty/netty-codec/4.1.102.Final/t/dependency/netty-resolver-4.1.102.Final.jar:/home/wtwhite/code/regression-test-generation/find-diff-classes/compile/mvnc/io/netty/netty-codec/4.1.102.Final/t/dependency/netty-transport-4.1.102.Final-tests.jar:/home/wtwhite/code/regression-test-generation/find-diff-classes/compile/mvnc/io/netty/netty-codec/4.1.102.Final/t/dependency/netty-transport-4.1.102.Final.jar:/home/wtwhite/code/regression-test-generation/find-diff-classes/compile/mvnc/io/netty/netty-codec/4.1.102.Final/t/dependency/objenesis-2.6.jar:/home/wtwhite/code/regression-test-generation/find-diff-classes/compile/mvnc/io/netty/netty-codec/4.1.102.Final/t/dependency/opentest4j-1.2.0.jar:/home/wtwhite/code/regression-test-generation/find-diff-classes/compile/mvnc/io/netty/netty-codec/4.1.102.Final/t/dependency/picocli-4.1.4.jar:/home/wtwhite/code/regression-test-generation/find-diff-classes/compile/mvnc/io/netty/netty-codec/4.1.102.Final/t/dependency/protobuf-java-2.6.1.jar:/home/wtwhite/code/regression-test-generation/find-diff-classes/compile/mvnc/io/netty/netty-codec/4.1.102.Final/t/dependency/protobuf-javanano-3.0.0-alpha-5.jar:/home/wtwhite/code/regression-test-generation/find-diff-classes/compile/mvnc/io/netty/netty-codec/4.1.102.Final/t/dependency/reflections-0.10.2.jar:/home/wtwhite/code/regression-test-generation/find-diff-classes/compile/mvnc/io/netty/netty-codec/4.1.102.Final/t/dependency/service-1.13.0.jar:/home/wtwhite/code/regression-test-generation/find-diff-classes/compile/mvnc/io/netty/netty-codec/4.1.102.Final/t/dependency/slf4j-api-1.7.30.jar:/home/wtwhite/code/regression-test-generation/find-diff-classes/compile/mvnc/io/netty/netty-codec/4.1.102.Final/t/dependency/zstd-jni-1.5.0-2.jar:/home/wtwhite/code/regression-test-generation/evosuite/evosuite-standalone-runtime-1.2.0.jar:/home/wtwhite/.m2/repository/junit/junit/4.13.2/junit-4.13.2.jar:/home/wtwhite/.m2/repository/org/hamcrest/hamcrest-core/1.3/hamcrest-core-1.3.jar:"/>
    <property name="java.vm.vendor" value="Private Build"/>
    <property name="sun.arch.data.model" value="64"/>
    <property name="java.vendor.url" value="http://java.oracle.com/"/>
    <property name="user.timezone" value="Pacific/Auckland"/>
    <property name="java.vm.specification.version" value="1.8"/>
    <property name="os.name" value="Linux"/>
    <property name="RUNDIR" value="/home/wtwhite/code/regression-test-generation/find-diff-classes/run-mvn"/>
    <property name="user.country" value="NZ"/>
    <property name="sun.java.launcher" value="SUN_STANDARD"/>
    <property name="sun.boot.library.path" value="/usr/lib/jvm/java-8-openjdk-amd64/jre/lib/amd64"/>
    <property name="sun.java.command" value="/home/wtwhite/code/regression-test-generation/find-diff-classes/compile/mvnc/io/netty/netty-codec/4.1.102.Final/target/surefire/surefirebooter-20241106133521186_3.jar /home/wtwhite/code/regression-test-generation/find-diff-classes/compile/mvnc/io/netty/netty-codec/4.1.102.Final/target/surefire 2024-11-06T13-35-20_979-jvmRun1 surefire-20241106133521186_1tmp surefire_0-20241106133521186_2tmp"/>
    <property name="surefire.test.class.path" value="/home/wtwhite/code/regression-test-generation/find-diff-classes/compile/mvnc/io/netty/netty-codec/4.1.102.Final/target/test-classes:/home/wtwhite/code/regression-test-generation/find-diff-classes/compile/mvnc/io/netty/netty-codec/4.1.102.Final/target/classes:/home/wtwhite/code/craw-redhat-oss/wget/crawl/repo1.maven.org/maven2/io/netty/netty-codec/4.1.102.Final/netty-codec-4.1.102.Final.jar:/home/wtwhite/code/regression-test-generation/find-diff-classes/compile/mvnc/io/netty/netty-codec/4.1.102.Final/t/dependency/Saxon-HE-9.9.1-6.jar:/home/wtwhite/code/regression-test-generation/find-diff-classes/compile/mvnc/io/netty/netty-codec/4.1.102.Final/t/dependency/antlr-2.7.7.jar:/home/wtwhite/code/regression-test-generation/find-diff-classes/compile/mvnc/io/netty/netty-codec/4.1.102.Final/t/dependency/antlr4-runtime-4.8-1.jar:/home/wtwhite/code/regression-test-generation/find-diff-classes/compile/mvnc/io/netty/netty-codec/4.1.102.Final/t/dependency/apiguardian-api-1.1.2.jar:/home/wtwhite/code/regression-test-generation/find-diff-classes/compile/mvnc/io/netty/netty-codec/4.1.102.Final/t/dependency/assertj-core-3.18.0.jar:/home/wtwhite/code/regression-test-generation/find-diff-classes/compile/mvnc/io/netty/netty-codec/4.1.102.Final/t/dependency/brotli4j-1.13.0.jar:/home/wtwhite/code/regression-test-generation/find-diff-classes/compile/mvnc/io/netty/netty-codec/4.1.102.Final/t/dependency/byte-buddy-1.8.5.jar:/home/wtwhite/code/regression-test-generation/find-diff-classes/compile/mvnc/io/netty/netty-codec/4.1.102.Final/t/dependency/byte-buddy-agent-1.8.5.jar:/home/wtwhite/code/regression-test-generation/find-diff-classes/compile/mvnc/io/netty/netty-codec/4.1.102.Final/t/dependency/checker-qual-2.10.0.jar:/home/wtwhite/code/regression-test-generation/find-diff-classes/compile/mvnc/io/netty/netty-codec/4.1.102.Final/t/dependency/checkstyle-8.29.jar:/home/wtwhite/code/regression-test-generation/find-diff-classes/compile/mvnc/io/netty/netty-codec/4.1.102.Final/t/dependency/commons-beanutils-1.9.4.jar:/home/wtwhite/code/regression-test-generation/find-diff-classes/compile/mvnc/io/netty/netty-codec/4.1.102.Final/t/dependency/commons-collections-3.2.2.jar:/home/wtwhite/code/regression-test-generation/find-diff-classes/compile/mvnc/io/netty/netty-codec/4.1.102.Final/t/dependency/commons-compress-1.21.jar:/home/wtwhite/code/regression-test-generation/find-diff-classes/compile/mvnc/io/netty/netty-codec/4.1.102.Final/t/dependency/commons-logging-1.2.jar:/home/wtwhite/code/regression-test-generation/find-diff-classes/compile/mvnc/io/netty/netty-codec/4.1.102.Final/t/dependency/compress-lzf-1.0.3.jar:/home/wtwhite/code/regression-test-generation/find-diff-classes/compile/mvnc/io/netty/netty-codec/4.1.102.Final/t/dependency/error_prone_annotations-2.3.4.jar:/home/wtwhite/code/regression-test-generation/find-diff-classes/compile/mvnc/io/netty/netty-codec/4.1.102.Final/t/dependency/failureaccess-1.0.1.jar:/home/wtwhite/code/regression-test-generation/find-diff-classes/compile/mvnc/io/netty/netty-codec/4.1.102.Final/t/dependency/gson-2.8.9.jar:/home/wtwhite/code/regression-test-generation/find-diff-classes/compile/mvnc/io/netty/netty-codec/4.1.102.Final/t/dependency/guava-28.2-jre.jar:/home/wtwhite/code/regression-test-generation/find-diff-classes/compile/mvnc/io/netty/netty-codec/4.1.102.Final/t/dependency/hamcrest-core-1.3.jar:/home/wtwhite/code/regression-test-generation/find-diff-classes/compile/mvnc/io/netty/netty-codec/4.1.102.Final/t/dependency/hamcrest-library-1.3.jar:/home/wtwhite/code/regression-test-generation/find-diff-classes/compile/mvnc/io/netty/netty-codec/4.1.102.Final/t/dependency/j2objc-annotations-1.3.jar:/home/wtwhite/code/regression-test-generation/find-diff-classes/compile/mvnc/io/netty/netty-codec/4.1.102.Final/t/dependency/javassist-3.28.0-GA.jar:/home/wtwhite/code/regression-test-generation/find-diff-classes/compile/mvnc/io/netty/netty-codec/4.1.102.Final/t/dependency/jboss-marshalling-1.4.11.Final.jar:/home/wtwhite/code/regression-test-generation/find-diff-classes/compile/mvnc/io/netty/netty-codec/4.1.102.Final/t/dependency/jboss-marshalling-2.0.5.Final.jar:/home/wtwhite/code/regression-test-generation/find-diff-classes/compile/mvnc/io/netty/netty-codec/4.1.102.Final/t/dependency/jboss-marshalling-river-1.4.11.Final.jar:/home/wtwhite/code/regression-test-generation/find-diff-classes/compile/mvnc/io/netty/netty-codec/4.1.102.Final/t/dependency/jboss-marshalling-river-2.0.5.Final.jar:/home/wtwhite/code/regression-test-generation/find-diff-classes/compile/mvnc/io/netty/netty-codec/4.1.102.Final/t/dependency/jboss-marshalling-serial-1.4.11.Final.jar:/home/wtwhite/code/regression-test-generation/find-diff-classes/compile/mvnc/io/netty/netty-codec/4.1.102.Final/t/dependency/jboss-marshalling-serial-2.0.5.Final.jar:/home/wtwhite/code/regression-test-generation/find-diff-classes/compile/mvnc/io/netty/netty-codec/4.1.102.Final/t/dependency/jsr305-3.0.2.jar:/home/wtwhite/code/regression-test-generation/find-diff-classes/compile/mvnc/io/netty/netty-codec/4.1.102.Final/t/dependency/junit-jupiter-api-5.9.0.jar:/home/wtwhite/code/regression-test-generation/find-diff-classes/compile/mvnc/io/netty/netty-codec/4.1.102.Final/t/dependency/junit-jupiter-engine-5.9.0.jar:/home/wtwhite/code/regression-test-generation/find-diff-classes/compile/mvnc/io/netty/netty-codec/4.1.102.Final/t/dependency/junit-jupiter-params-5.9.0.jar:/home/wtwhite/code/regression-test-generation/find-diff-classes/compile/mvnc/io/netty/netty-codec/4.1.102.Final/t/dependency/junit-platform-commons-1.9.0.jar:/home/wtwhite/code/regression-test-generation/find-diff-classes/compile/mvnc/io/netty/netty-codec/4.1.102.Final/t/dependency/junit-platform-engine-1.9.0.jar:/home/wtwhite/code/regression-test-generation/find-diff-classes/compile/mvnc/io/netty/netty-codec/4.1.102.Final/t/dependency/jzlib-1.1.3.jar:/home/wtwhite/code/regression-test-generation/find-diff-classes/compile/mvnc/io/netty/netty-codec/4.1.102.Final/t/dependency/listenablefuture-9999.0-empty-to-avoid-conflict-with-guava.jar:/home/wtwhite/code/regression-test-generation/find-diff-classes/compile/mvnc/io/netty/netty-codec/4.1.102.Final/t/dependency/logback-classic-1.2.13.jar:/home/wtwhite/code/regression-test-generation/find-diff-classes/compile/mvnc/io/netty/netty-codec/4.1.102.Final/t/dependency/logback-core-1.2.13.jar:/home/wtwhite/code/regression-test-generation/find-diff-classes/compile/mvnc/io/netty/netty-codec/4.1.102.Final/t/dependency/lz4-1.3.0.jar:/home/wtwhite/code/regression-test-generation/find-diff-classes/compile/mvnc/io/netty/netty-codec/4.1.102.Final/t/dependency/lzma-java-1.3.jar:/home/wtwhite/code/regression-test-generation/find-diff-classes/compile/mvnc/io/netty/netty-codec/4.1.102.Final/t/dependency/mockito-core-2.18.3.jar:/home/wtwhite/code/regression-test-generation/find-diff-classes/compile/mvnc/io/netty/netty-codec/4.1.102.Final/t/dependency/native-linux-aarch64-1.13.0.jar:/home/wtwhite/code/regression-test-generation/find-diff-classes/compile/mvnc/io/netty/netty-codec/4.1.102.Final/t/dependency/native-linux-riscv64-1.13.0.jar:/home/wtwhite/code/regression-test-generation/find-diff-classes/compile/mvnc/io/netty/netty-codec/4.1.102.Final/t/dependency/native-linux-x86_64-1.13.0.jar:/home/wtwhite/code/regression-test-generation/find-diff-classes/compile/mvnc/io/netty/netty-codec/4.1.102.Final/t/dependency/native-osx-aarch64-1.13.0.jar:/home/wtwhite/code/regression-test-generation/find-diff-classes/compile/mvnc/io/netty/netty-codec/4.1.102.Final/t/dependency/native-osx-x86_64-1.13.0.jar:/home/wtwhite/code/regression-test-generation/find-diff-classes/compile/mvnc/io/netty/netty-codec/4.1.102.Final/t/dependency/native-windows-x86_64-1.13.0.jar:/home/wtwhite/code/regression-test-generation/find-diff-classes/compile/mvnc/io/netty/netty-codec/4.1.102.Final/t/dependency/netty-buffer-4.1.102.Final.jar:/home/wtwhite/code/regression-test-generation/find-diff-classes/compile/mvnc/io/netty/netty-codec/4.1.102.Final/t/dependency/netty-build-common-31.jar:/home/wtwhite/code/regression-test-generation/find-diff-classes/compile/mvnc/io/netty/netty-codec/4.1.102.Final/t/dependency/netty-common-4.1.102.Final.jar:/home/wtwhite/code/regression-test-generation/find-diff-classes/compile/mvnc/io/netty/netty-codec/4.1.102.Final/t/dependency/netty-resolver-4.1.102.Final.jar:/home/wtwhite/code/regression-test-generation/find-diff-classes/compile/mvnc/io/netty/netty-codec/4.1.102.Final/t/dependency/netty-transport-4.1.102.Final-tests.jar:/home/wtwhite/code/regression-test-generation/find-diff-classes/compile/mvnc/io/netty/netty-codec/4.1.102.Final/t/dependency/netty-transport-4.1.102.Final.jar:/home/wtwhite/code/regression-test-generation/find-diff-classes/compile/mvnc/io/netty/netty-codec/4.1.102.Final/t/dependency/objenesis-2.6.jar:/home/wtwhite/code/regression-test-generation/find-diff-classes/compile/mvnc/io/netty/netty-codec/4.1.102.Final/t/dependency/opentest4j-1.2.0.jar:/home/wtwhite/code/regression-test-generation/find-diff-classes/compile/mvnc/io/netty/netty-codec/4.1.102.Final/t/dependency/picocli-4.1.4.jar:/home/wtwhite/code/regression-test-generation/find-diff-classes/compile/mvnc/io/netty/netty-codec/4.1.102.Final/t/dependency/protobuf-java-2.6.1.jar:/home/wtwhite/code/regression-test-generation/find-diff-classes/compile/mvnc/io/netty/netty-codec/4.1.102.Final/t/dependency/protobuf-javanano-3.0.0-alpha-5.jar:/home/wtwhite/code/regression-test-generation/find-diff-classes/compile/mvnc/io/netty/netty-codec/4.1.102.Final/t/dependency/reflections-0.10.2.jar:/home/wtwhite/code/regression-test-generation/find-diff-classes/compile/mvnc/io/netty/netty-codec/4.1.102.Final/t/dependency/service-1.13.0.jar:/home/wtwhite/code/regression-test-generation/find-diff-classes/compile/mvnc/io/netty/netty-codec/4.1.102.Final/t/dependency/slf4j-api-1.7.30.jar:/home/wtwhite/code/regression-test-generation/find-diff-classes/compile/mvnc/io/netty/netty-codec/4.1.102.Final/t/dependency/zstd-jni-1.5.0-2.jar:/home/wtwhite/code/regression-test-generation/evosuite/evosuite-standalone-runtime-1.2.0.jar:/home/wtwhite/.m2/repository/junit/junit/4.13.2/junit-4.13.2.jar:/home/wtwhite/.m2/repository/org/hamcrest/hamcrest-core/1.3/hamcrest-core-1.3.jar:"/>
    <property name="sun.cpu.endian" value="little"/>
    <property name="user.home" value="/home/wtwhite"/>
    <property name="user.language" value="en"/>
    <property name="java.specification.vendor" value="Oracle Corporation"/>
    <property name="java.home" value="/usr/lib/jvm/java-8-openjdk-amd64/jre"/>
    <property name="basedir" value="/home/wtwhite/code/regression-test-generation/find-diff-classes/compile/mvnc/io/netty/netty-codec/4.1.102.Final"/>
    <property name="file.separator" value="/"/>
    <property name="line.separator" value="&#10;"/>
    <property name="java.vm.specification.vendor" value="Oracle Corporation"/>
    <property name="java.specification.name" value="Java Platform API Specification"/>
    <property name="java.awt.graphicsenv" value="sun.awt.X11GraphicsEnvironment"/>
    <property name="surefire.real.class.path" value="/home/wtwhite/code/regression-test-generation/find-diff-classes/compile/mvnc/io/netty/netty-codec/4.1.102.Final/target/surefire/surefirebooter-20241106133521186_3.jar"/>
    <property name="sun.boot.class.path" value="/usr/lib/jvm/java-8-openjdk-amd64/jre/lib/resources.jar:/usr/lib/jvm/java-8-openjdk-amd64/jre/lib/rt.jar:/usr/lib/jvm/java-8-openjdk-amd64/jre/lib/sunrsasign.jar:/usr/lib/jvm/java-8-openjdk-amd64/jre/lib/jsse.jar:/usr/lib/jvm/java-8-openjdk-amd64/jre/lib/jce.jar:/usr/lib/jvm/java-8-openjdk-amd64/jre/lib/charsets.jar:/usr/lib/jvm/java-8-openjdk-amd64/jre/lib/jfr.jar:/usr/lib/jvm/java-8-openjdk-amd64/jre/classes"/>
    <property name="sun.management.compiler" value="HotSpot 64-Bit Tiered Compilers"/>
    <property name="java.runtime.version" value="1.8.0_382-8u382-ga-1~22.04.1-b05"/>
    <property name="user.name" value="wtwhite"/>
    <property name="path.separator" value=":"/>
    <property name="os.version" value="5.15.0-87-generic"/>
    <property name="java.endorsed.dirs" value="/usr/lib/jvm/java-8-openjdk-amd64/jre/lib/endorsed"/>
    <property name="java.runtime.name" value="OpenJDK Runtime Environment"/>
    <property name="file.encoding" value="UTF-8"/>
    <property name="java.vm.name" value="OpenJDK 64-Bit Server VM"/>
    <property name="localRepository" value="/home/wtwhite/.m2/repository"/>
    <property name="java.vendor.url.bug" value="http://bugreport.sun.com/bugreport/"/>
    <property name="java.io.tmpdir" value="/tmp"/>
    <property name="java.version" value="1.8.0_382"/>
    <property name="user.dir" value="/home/wtwhite/code/regression-test-generation/find-diff-classes/compile/mvnc/io/netty/netty-codec/4.1.102.Final"/>
    <property name="os.arch" value="amd64"/>
    <property name="java.vm.specification.name" value="Java Virtual Machine Specification"/>
    <property name="java.awt.printerjob" value="sun.print.PSPrinterJob"/>
    <property name="sun.os.patch.level" value="unknown"/>
    <property name="java.library.path" value="/usr/java/packages/lib/amd64:/usr/lib/x86_64-linux-gnu/jni:/lib/x86_64-linux-gnu:/usr/lib/x86_64-linux-gnu:/usr/lib/jni:/lib:/usr/lib"/>
    <property name="java.vm.info" value="mixed mode"/>
    <property name="java.vendor" value="Private Build"/>
    <property name="java.vm.version" value="25.382-b05"/>
    <property name="java.specification.maintenance.version" value="5"/>
    <property name="java.ext.dirs" value="/usr/lib/jvm/java-8-openjdk-amd64/jre/lib/ext:/usr/java/packages/lib/ext"/>
    <property name="sun.io.unicode.encoding" value="UnicodeLittle"/>
    <property name="java.class.version" value="52.0"/>
  </properties>
  <testcase name="test07" classname="io.netty.handler.codec.compression.ByteBufChecksum_ESTest" time="0.932">
    <system-out><![CDATA[13:35:23.874 [main] INFO org.evosuite.runtime.instrumentation.EvoClassLoader - Seeing class for first time: io.netty.handler.codec.compression.ByteBufChecksum_ESTest
13:35:23.875 [main] INFO org.evosuite.runtime.instrumentation.EvoClassLoader - Instrumenting class 'io.netty.handler.codec.compression.ByteBufChecksum_ESTest'.
13:35:23.877 [main] INFO org.evosuite.runtime.instrumentation.EvoClassLoader - Seeing class for first time: io.netty.handler.codec.compression.ByteBufChecksum_ESTest_scaffolding
13:35:23.879 [main] INFO org.evosuite.runtime.instrumentation.EvoClassLoader - Instrumenting class 'io.netty.handler.codec.compression.ByteBufChecksum_ESTest_scaffolding'.
13:35:23.883 [main] INFO org.evosuite.runtime.instrumentation.EvoClassLoader - Keeping class: io.netty.handler.codec.compression.ByteBufChecksum_ESTest_scaffolding
13:35:23.883 [main] INFO org.evosuite.runtime.instrumentation.EvoClassLoader - Keeping class: io.netty.handler.codec.compression.ByteBufChecksum_ESTest
13:35:23.883 [main] INFO org.evosuite.runtime.instrumentation.EvoClassLoader - Seeing class for first time: io.netty.buffer.ByteBufAllocator
13:35:23.884 [main] INFO org.evosuite.runtime.instrumentation.EvoClassLoader - Instrumenting class 'io.netty.buffer.ByteBufAllocator'.
13:35:23.885 [main] INFO org.evosuite.runtime.instrumentation.EvoClassLoader - Keeping class: io.netty.buffer.ByteBufAllocator
13:35:23.885 [main] INFO org.evosuite.runtime.instrumentation.EvoClassLoader - Seeing class for first time: io.netty.buffer.ByteBuf
13:35:23.885 [main] INFO org.evosuite.runtime.instrumentation.EvoClassLoader - Instrumenting class 'io.netty.buffer.ByteBuf'.
13:35:23.886 [main] INFO org.evosuite.runtime.instrumentation.MethodCallReplacementClassAdapter - Adding mock interface to class io/netty/buffer/ByteBuf
13:35:23.888 [main] INFO org.evosuite.runtime.instrumentation.CreateClassResetClassAdapter - Creating brand-new static initializer in class io/netty/buffer/ByteBuf
13:35:23.888 [main] INFO org.evosuite.runtime.instrumentation.EvoClassLoader - Seeing class for first time: io.netty.util.ReferenceCounted
13:35:23.888 [main] INFO org.evosuite.runtime.instrumentation.EvoClassLoader - Instrumenting class 'io.netty.util.ReferenceCounted'.
13:35:23.890 [main] INFO org.evosuite.runtime.instrumentation.EvoClassLoader - Keeping class: io.netty.util.ReferenceCounted
13:35:23.890 [main] INFO org.evosuite.runtime.instrumentation.EvoClassLoader - Seeing class for first time: io.netty.buffer.ByteBufConvertible
13:35:23.890 [main] INFO org.evosuite.runtime.instrumentation.EvoClassLoader - Instrumenting class 'io.netty.buffer.ByteBufConvertible'.
13:35:23.891 [main] INFO org.evosuite.runtime.instrumentation.EvoClassLoader - Keeping class: io.netty.buffer.ByteBufConvertible
13:35:23.891 [main] INFO org.evosuite.runtime.instrumentation.EvoClassLoader - Keeping class: io.netty.buffer.ByteBuf
13:35:23.891 [main] INFO org.evosuite.runtime.instrumentation.EvoClassLoader - Seeing class for first time: io.netty.buffer.EmptyByteBuf
13:35:23.891 [main] INFO org.evosuite.runtime.instrumentation.EvoClassLoader - Instrumenting class 'io.netty.buffer.EmptyByteBuf'.
13:35:23.893 [main] INFO org.evosuite.runtime.instrumentation.MethodCallReplacementClassAdapter - Adding mock interface to class io/netty/buffer/EmptyByteBuf
13:35:23.896 [main] INFO org.evosuite.runtime.instrumentation.CreateClassResetClassAdapter - Found static initializer in class io/netty/buffer/EmptyByteBuf
13:35:23.898 [main] INFO org.evosuite.runtime.instrumentation.EvoClassLoader - Keeping class: io.netty.buffer.EmptyByteBuf
13:35:23.898 [main] INFO org.evosuite.runtime.instrumentation.EvoClassLoader - Seeing class for first time: io.netty.buffer.CompositeByteBuf
13:35:23.898 [main] INFO org.evosuite.runtime.instrumentation.EvoClassLoader - Instrumenting class 'io.netty.buffer.CompositeByteBuf'.
13:35:23.901 [main] INFO org.evosuite.runtime.instrumentation.MethodCallReplacementClassAdapter - Adding mock interface to class io/netty/buffer/CompositeByteBuf
13:35:23.923 [main] INFO org.evosuite.runtime.instrumentation.CreateClassResetClassAdapter - Found static initializer in class io/netty/buffer/CompositeByteBuf
13:35:23.926 [main] INFO org.evosuite.runtime.instrumentation.EvoClassLoader - Seeing class for first time: io.netty.buffer.AbstractReferenceCountedByteBuf
13:35:23.926 [main] INFO org.evosuite.runtime.instrumentation.EvoClassLoader - Instrumenting class 'io.netty.buffer.AbstractReferenceCountedByteBuf'.
13:35:23.927 [main] INFO org.evosuite.runtime.instrumentation.MethodCallReplacementClassAdapter - Adding mock interface to class io/netty/buffer/AbstractReferenceCountedByteBuf
13:35:23.929 [main] INFO org.evosuite.runtime.instrumentation.CreateClassResetClassAdapter - Found static initializer in class io/netty/buffer/AbstractReferenceCountedByteBuf
13:35:23.929 [main] INFO org.evosuite.runtime.instrumentation.EvoClassLoader - Seeing class for first time: io.netty.buffer.AbstractByteBuf
13:35:23.930 [main] INFO org.evosuite.runtime.instrumentation.EvoClassLoader - Instrumenting class 'io.netty.buffer.AbstractByteBuf'.
13:35:23.932 [main] INFO org.evosuite.runtime.instrumentation.MethodCallReplacementClassAdapter - Adding mock interface to class io/netty/buffer/AbstractByteBuf
13:35:23.939 [main] INFO org.evosuite.runtime.instrumentation.CreateClassResetClassAdapter - Found static initializer in class io/netty/buffer/AbstractByteBuf
13:35:23.940 [main] INFO org.evosuite.runtime.instrumentation.EvoClassLoader - Keeping class: io.netty.buffer.AbstractByteBuf
13:35:23.940 [main] INFO org.evosuite.runtime.instrumentation.EvoClassLoader - Keeping class: io.netty.buffer.AbstractReferenceCountedByteBuf
13:35:23.941 [main] INFO org.evosuite.runtime.instrumentation.EvoClassLoader - Keeping class: io.netty.buffer.CompositeByteBuf
13:35:23.950 [main] DEBUG org.evosuite.runtime.sandbox.MSecurityManager - Adding privileged thread: "Reference Handler"
13:35:23.950 [main] DEBUG org.evosuite.runtime.sandbox.MSecurityManager - Adding privileged thread: "Finalizer"
13:35:23.950 [main] DEBUG org.evosuite.runtime.sandbox.MSecurityManager - Adding privileged thread: "Signal Dispatcher"
13:35:23.950 [main] DEBUG org.evosuite.runtime.sandbox.MSecurityManager - Adding privileged thread: "Java2D Disposer"
13:35:23.950 [main] DEBUG org.evosuite.runtime.sandbox.MSecurityManager - Adding privileged thread: "AWT-XAWT"
13:35:23.950 [main] DEBUG org.evosuite.runtime.sandbox.MSecurityManager - Adding privileged thread: "process reaper"
13:35:23.950 [main] DEBUG org.evosuite.runtime.sandbox.MSecurityManager - Adding privileged thread: "main"
13:35:23.950 [main] DEBUG org.evosuite.runtime.sandbox.MSecurityManager - Adding privileged thread: "surefire-forkedjvm-stream-flusher"
13:35:23.950 [main] DEBUG org.evosuite.runtime.sandbox.MSecurityManager - Adding privileged thread: "surefire-forkedjvm-command-thread"
13:35:23.952 [main] INFO org.evosuite.runtime.instrumentation.EvoClassLoader - Seeing class for first time: io.netty.util.internal.SystemPropertyUtil$1
13:35:23.952 [main] INFO org.evosuite.runtime.instrumentation.EvoClassLoader - Instrumenting class 'io.netty.util.internal.SystemPropertyUtil$1'.
13:35:23.954 [main] INFO org.evosuite.runtime.instrumentation.MethodCallReplacementClassAdapter - Adding mock interface to class io/netty/util/internal/SystemPropertyUtil$1
13:35:23.955 [main] INFO org.evosuite.runtime.instrumentation.EvoClassLoader - Defined package (3): package io.netty.util.internal, 1713044053
13:35:23.955 [main] INFO org.evosuite.runtime.instrumentation.EvoClassLoader - Keeping class: io.netty.util.internal.SystemPropertyUtil$1
13:35:23.956 [main] INFO org.evosuite.runtime.instrumentation.EvoClassLoader - Seeing class for first time: io.netty.util.internal.shaded.org.jctools.queues.atomic.BaseLinkedAtomicQueueConsumerNodeRef
13:35:23.956 [main] INFO org.evosuite.runtime.instrumentation.EvoClassLoader - Instrumenting class 'io.netty.util.internal.shaded.org.jctools.queues.atomic.BaseLinkedAtomicQueueConsumerNodeRef'.
13:35:23.957 [main] INFO org.evosuite.runtime.instrumentation.MethodCallReplacementClassAdapter - Adding mock interface to class io/netty/util/internal/shaded/org/jctools/queues/atomic/BaseLinkedAtomicQueueConsumerNodeRef
13:35:23.958 [main] INFO org.evosuite.runtime.instrumentation.CreateClassResetClassAdapter - Found static initializer in class io/netty/util/internal/shaded/org/jctools/queues/atomic/BaseLinkedAtomicQueueConsumerNodeRef
13:35:23.958 [main] INFO org.evosuite.runtime.instrumentation.EvoClassLoader - Defined package (3): package io.netty.util.internal.shaded.org.jctools.queues.atomic, 1662774531
13:35:23.958 [main] INFO org.evosuite.runtime.instrumentation.EvoClassLoader - Seeing class for first time: io.netty.util.internal.shaded.org.jctools.queues.atomic.BaseLinkedAtomicQueuePad1
13:35:23.958 [main] INFO org.evosuite.runtime.instrumentation.EvoClassLoader - Instrumenting class 'io.netty.util.internal.shaded.org.jctools.queues.atomic.BaseLinkedAtomicQueuePad1'.
13:35:23.959 [main] INFO org.evosuite.runtime.instrumentation.MethodCallReplacementClassAdapter - Adding mock interface to class io/netty/util/internal/shaded/org/jctools/queues/atomic/BaseLinkedAtomicQueuePad1
13:35:23.959 [main] INFO org.evosuite.runtime.instrumentation.CreateClassResetClassAdapter - Creating brand-new static initializer in class io/netty/util/internal/shaded/org/jctools/queues/atomic/BaseLinkedAtomicQueuePad1
13:35:23.960 [main] INFO org.evosuite.runtime.instrumentation.EvoClassLoader - Seeing class for first time: io.netty.util.internal.shaded.org.jctools.queues.atomic.BaseLinkedAtomicQueueProducerNodeRef
13:35:23.960 [main] INFO org.evosuite.runtime.instrumentation.EvoClassLoader - Instrumenting class 'io.netty.util.internal.shaded.org.jctools.queues.atomic.BaseLinkedAtomicQueueProducerNodeRef'.
13:35:23.960 [main] INFO org.evosuite.runtime.instrumentation.MethodCallReplacementClassAdapter - Adding mock interface to class io/netty/util/internal/shaded/org/jctools/queues/atomic/BaseLinkedAtomicQueueProducerNodeRef
13:35:23.961 [main] INFO org.evosuite.runtime.instrumentation.CreateClassResetClassAdapter - Found static initializer in class io/netty/util/internal/shaded/org/jctools/queues/atomic/BaseLinkedAtomicQueueProducerNodeRef
13:35:23.961 [main] INFO org.evosuite.runtime.instrumentation.EvoClassLoader - Seeing class for first time: io.netty.util.internal.shaded.org.jctools.queues.atomic.BaseLinkedAtomicQueuePad0
13:35:23.961 [main] INFO org.evosuite.runtime.instrumentation.EvoClassLoader - Instrumenting class 'io.netty.util.internal.shaded.org.jctools.queues.atomic.BaseLinkedAtomicQueuePad0'.
13:35:23.962 [main] INFO org.evosuite.runtime.instrumentation.MethodCallReplacementClassAdapter - Adding mock interface to class io/netty/util/internal/shaded/org/jctools/queues/atomic/BaseLinkedAtomicQueuePad0
13:35:23.963 [main] INFO org.evosuite.runtime.instrumentation.CreateClassResetClassAdapter - Creating brand-new static initializer in class io/netty/util/internal/shaded/org/jctools/queues/atomic/BaseLinkedAtomicQueuePad0
13:35:23.963 [main] INFO org.evosuite.runtime.instrumentation.EvoClassLoader - Seeing class for first time: io.netty.util.internal.shaded.org.jctools.queues.MessagePassingQueue
13:35:23.963 [main] INFO org.evosuite.runtime.instrumentation.EvoClassLoader - Instrumenting class 'io.netty.util.internal.shaded.org.jctools.queues.MessagePassingQueue'.
13:35:23.964 [main] INFO org.evosuite.runtime.instrumentation.EvoClassLoader - Defined package (3): package io.netty.util.internal.shaded.org.jctools.queues, 1012279830
13:35:23.964 [main] INFO org.evosuite.runtime.instrumentation.EvoClassLoader - Keeping class: io.netty.util.internal.shaded.org.jctools.queues.MessagePassingQueue
13:35:23.965 [main] INFO org.evosuite.runtime.instrumentation.EvoClassLoader - Keeping class: io.netty.util.internal.shaded.org.jctools.queues.atomic.BaseLinkedAtomicQueuePad0
13:35:23.965 [main] INFO org.evosuite.runtime.instrumentation.EvoClassLoader - Keeping class: io.netty.util.internal.shaded.org.jctools.queues.atomic.BaseLinkedAtomicQueueProducerNodeRef
13:35:23.965 [main] INFO org.evosuite.runtime.instrumentation.EvoClassLoader - Keeping class: io.netty.util.internal.shaded.org.jctools.queues.atomic.BaseLinkedAtomicQueuePad1
13:35:23.965 [main] INFO org.evosuite.runtime.instrumentation.EvoClassLoader - Keeping class: io.netty.util.internal.shaded.org.jctools.queues.atomic.BaseLinkedAtomicQueueConsumerNodeRef
13:35:23.966 [main] INFO org.evosuite.runtime.instrumentation.EvoClassLoader - Seeing class for first time: io.netty.util.internal.shaded.org.jctools.queues.atomic.LinkedQueueAtomicNode
13:35:23.966 [main] INFO org.evosuite.runtime.instrumentation.EvoClassLoader - Instrumenting class 'io.netty.util.internal.shaded.org.jctools.queues.atomic.LinkedQueueAtomicNode'.
13:35:23.967 [main] INFO org.evosuite.runtime.instrumentation.MethodCallReplacementClassAdapter - Adding mock interface to class io/netty/util/internal/shaded/org/jctools/queues/atomic/LinkedQueueAtomicNode
13:35:23.967 [main] INFO org.evosuite.runtime.instrumentation.CreateClassResetClassAdapter - Creating brand-new static initializer in class io/netty/util/internal/shaded/org/jctools/queues/atomic/LinkedQueueAtomicNode
13:35:23.968 [main] INFO org.evosuite.runtime.instrumentation.EvoClassLoader - Keeping class: io.netty.util.internal.shaded.org.jctools.queues.atomic.LinkedQueueAtomicNode
13:35:23.968 [main] INFO org.evosuite.runtime.instrumentation.EvoClassLoader - Seeing class for first time: net.jpountz.util.Native
13:35:23.968 [main] INFO org.evosuite.runtime.instrumentation.EvoClassLoader - Instrumenting class 'net.jpountz.util.Native'.
13:35:23.970 [main] INFO org.evosuite.runtime.instrumentation.MethodCallReplacementClassAdapter - Adding mock interface to class net/jpountz/util/Native
13:35:23.972 [main] INFO org.evosuite.runtime.instrumentation.CreateClassResetClassAdapter - Found static initializer in class net/jpountz/util/Native
13:35:23.973 [main] INFO org.evosuite.runtime.instrumentation.EvoClassLoader - Defined package (3): package net.jpountz.util, 84329625
13:35:23.973 [main] INFO org.evosuite.runtime.instrumentation.EvoClassLoader - Keeping class: net.jpountz.util.Native
13:35:23.974 [main] INFO org.evosuite.runtime.instrumentation.EvoClassLoader - Seeing class for first time: io.netty.buffer.ReadOnlyByteBuf
13:35:23.974 [main] INFO org.evosuite.runtime.instrumentation.EvoClassLoader - Instrumenting class 'io.netty.buffer.ReadOnlyByteBuf'.
13:35:23.985 [main] INFO org.evosuite.runtime.instrumentation.MethodCallReplacementClassAdapter - Adding mock interface to class io/netty/buffer/ReadOnlyByteBuf
13:35:23.986 [main] INFO org.evosuite.runtime.instrumentation.CreateClassResetClassAdapter - Creating brand-new static initializer in class io/netty/buffer/ReadOnlyByteBuf
13:35:23.987 [main] INFO org.evosuite.runtime.instrumentation.EvoClassLoader - Seeing class for first time: io.netty.buffer.AbstractDerivedByteBuf
13:35:23.987 [main] INFO org.evosuite.runtime.instrumentation.EvoClassLoader - Instrumenting class 'io.netty.buffer.AbstractDerivedByteBuf'.
13:35:23.988 [main] INFO org.evosuite.runtime.instrumentation.MethodCallReplacementClassAdapter - Adding mock interface to class io/netty/buffer/AbstractDerivedByteBuf
13:35:23.988 [main] INFO org.evosuite.runtime.instrumentation.CreateClassResetClassAdapter - Creating brand-new static initializer in class io/netty/buffer/AbstractDerivedByteBuf
13:35:23.989 [main] INFO org.evosuite.runtime.instrumentation.EvoClassLoader - Keeping class: io.netty.buffer.AbstractDerivedByteBuf
13:35:23.989 [main] INFO org.evosuite.runtime.instrumentation.EvoClassLoader - Keeping class: io.netty.buffer.ReadOnlyByteBuf
13:35:23.990 [main] INFO org.evosuite.runtime.instrumentation.EvoClassLoader - Seeing class for first time: io.netty.util.IllegalReferenceCountException
13:35:23.990 [main] INFO org.evosuite.runtime.instrumentation.EvoClassLoader - Instrumenting class 'io.netty.util.IllegalReferenceCountException'.
13:35:23.991 [main] INFO org.evosuite.runtime.instrumentation.MethodCallReplacementClassAdapter - Adding mock interface to class io/netty/util/IllegalReferenceCountException
13:35:23.992 [main] INFO org.evosuite.runtime.instrumentation.CreateClassResetClassAdapter - Creating brand-new static initializer in class io/netty/util/IllegalReferenceCountException
13:35:23.992 [main] INFO org.evosuite.runtime.instrumentation.EvoClassLoader - Keeping class: io.netty.util.IllegalReferenceCountException
13:35:23.993 [main] INFO org.evosuite.runtime.instrumentation.EvoClassLoader - Seeing class for first time: io.netty.buffer.UnpooledDuplicatedByteBuf
13:35:23.993 [main] INFO org.evosuite.runtime.instrumentation.EvoClassLoader - Instrumenting class 'io.netty.buffer.UnpooledDuplicatedByteBuf'.
13:35:23.994 [main] INFO org.evosuite.runtime.instrumentation.MethodCallReplacementClassAdapter - Adding mock interface to class io/netty/buffer/UnpooledDuplicatedByteBuf
13:35:23.994 [main] INFO org.evosuite.runtime.instrumentation.CreateClassResetClassAdapter - Creating brand-new static initializer in class io/netty/buffer/UnpooledDuplicatedByteBuf
13:35:23.995 [main] INFO org.evosuite.runtime.instrumentation.EvoClassLoader - Seeing class for first time: io.netty.buffer.DuplicatedByteBuf
13:35:23.995 [main] INFO org.evosuite.runtime.instrumentation.EvoClassLoader - Instrumenting class 'io.netty.buffer.DuplicatedByteBuf'.
13:35:23.996 [main] INFO org.evosuite.runtime.instrumentation.MethodCallReplacementClassAdapter - Adding mock interface to class io/netty/buffer/DuplicatedByteBuf
13:35:23.998 [main] INFO org.evosuite.runtime.instrumentation.CreateClassResetClassAdapter - Creating brand-new static initializer in class io/netty/buffer/DuplicatedByteBuf
13:35:23.999 [main] INFO org.evosuite.runtime.instrumentation.EvoClassLoader - Keeping class: io.netty.buffer.DuplicatedByteBuf
13:35:23.999 [main] INFO org.evosuite.runtime.instrumentation.EvoClassLoader - Keeping class: io.netty.buffer.UnpooledDuplicatedByteBuf
13:35:23.999 [main] INFO org.evosuite.runtime.instrumentation.EvoClassLoader - Seeing class for first time: io.netty.buffer.UnpooledSlicedByteBuf
13:35:23.999 [main] INFO org.evosuite.runtime.instrumentation.EvoClassLoader - Instrumenting class 'io.netty.buffer.UnpooledSlicedByteBuf'.
13:35:24.000 [main] INFO org.evosuite.runtime.instrumentation.MethodCallReplacementClassAdapter - Adding mock interface to class io/netty/buffer/UnpooledSlicedByteBuf
13:35:24.000 [main] INFO org.evosuite.runtime.instrumentation.CreateClassResetClassAdapter - Creating brand-new static initializer in class io/netty/buffer/UnpooledSlicedByteBuf
13:35:24.001 [main] INFO org.evosuite.runtime.instrumentation.EvoClassLoader - Seeing class for first time: io.netty.buffer.AbstractUnpooledSlicedByteBuf
13:35:24.001 [main] INFO org.evosuite.runtime.instrumentation.EvoClassLoader - Instrumenting class 'io.netty.buffer.AbstractUnpooledSlicedByteBuf'.
13:35:24.002 [main] INFO org.evosuite.runtime.instrumentation.MethodCallReplacementClassAdapter - Adding mock interface to class io/netty/buffer/AbstractUnpooledSlicedByteBuf
13:35:24.003 [main] INFO org.evosuite.runtime.instrumentation.CreateClassResetClassAdapter - Creating brand-new static initializer in class io/netty/buffer/AbstractUnpooledSlicedByteBuf
13:35:24.005 [main] INFO org.evosuite.runtime.instrumentation.EvoClassLoader - Keeping class: io.netty.buffer.AbstractUnpooledSlicedByteBuf
13:35:24.005 [main] INFO org.evosuite.runtime.instrumentation.EvoClassLoader - Keeping class: io.netty.buffer.UnpooledSlicedByteBuf
13:35:24.005 [main] INFO org.evosuite.runtime.instrumentation.EvoClassLoader - Seeing class for first time: io.netty.buffer.SwappedByteBuf
13:35:24.005 [main] INFO org.evosuite.runtime.instrumentation.EvoClassLoader - Instrumenting class 'io.netty.buffer.SwappedByteBuf'.
13:35:24.006 [main] INFO org.evosuite.runtime.instrumentation.MethodCallReplacementClassAdapter - Adding mock interface to class io/netty/buffer/SwappedByteBuf
13:35:24.009 [main] INFO org.evosuite.runtime.instrumentation.CreateClassResetClassAdapter - Creating brand-new static initializer in class io/netty/buffer/SwappedByteBuf
13:35:24.012 [main] INFO org.evosuite.runtime.instrumentation.EvoClassLoader - Keeping class: io.netty.buffer.SwappedByteBuf
13:35:24.013 [main] INFO org.evosuite.runtime.instrumentation.EvoClassLoader - Seeing class for first time: io.netty.util.internal.logging.InternalLoggerFactory
13:35:24.013 [main] INFO org.evosuite.runtime.instrumentation.EvoClassLoader - Instrumenting class 'io.netty.util.internal.logging.InternalLoggerFactory'.
13:35:24.014 [main] INFO org.evosuite.runtime.instrumentation.MethodCallReplacementClassAdapter - Adding mock interface to class io/netty/util/internal/logging/InternalLoggerFactory
13:35:24.015 [main] INFO org.evosuite.runtime.instrumentation.CreateClassResetClassAdapter - Creating brand-new static initializer in class io/netty/util/internal/logging/InternalLoggerFactory
13:35:24.015 [main] INFO org.evosuite.runtime.instrumentation.CreateClassResetClassAdapter - Adding bytecode for initializing field defaultFactory
13:35:24.015 [main] INFO org.evosuite.runtime.instrumentation.EvoClassLoader - Defined package (3): package io.netty.util.internal.logging, 2048307398
13:35:24.016 [main] INFO org.evosuite.runtime.instrumentation.EvoClassLoader - Keeping class: io.netty.util.internal.logging.InternalLoggerFactory
13:35:24.016 [main] INFO org.evosuite.runtime.instrumentation.EvoClassLoader - Seeing class for first time: io.netty.util.internal.logging.Slf4JLoggerFactory
13:35:24.016 [main] INFO org.evosuite.runtime.instrumentation.EvoClassLoader - Instrumenting class 'io.netty.util.internal.logging.Slf4JLoggerFactory'.
13:35:24.017 [main] INFO org.evosuite.runtime.instrumentation.MethodCallReplacementClassAdapter - Adding mock interface to class io/netty/util/internal/logging/Slf4JLoggerFactory
13:35:24.019 [main] INFO org.evosuite.runtime.instrumentation.CreateClassResetClassAdapter - Found static initializer in class io/netty/util/internal/logging/Slf4JLoggerFactory
13:35:24.020 [main] INFO org.evosuite.runtime.instrumentation.EvoClassLoader - Keeping class: io.netty.util.internal.logging.Slf4JLoggerFactory
13:35:24.020 [main] INFO org.evosuite.runtime.instrumentation.EvoClassLoader - Seeing class for first time: io.netty.util.internal.logging.AbstractInternalLogger
13:35:24.020 [main] INFO org.evosuite.runtime.instrumentation.EvoClassLoader - Instrumenting class 'io.netty.util.internal.logging.AbstractInternalLogger'.
13:35:24.022 [main] INFO org.evosuite.runtime.instrumentation.MethodCallReplacementClassAdapter - Adding mock interface to class io/netty/util/internal/logging/AbstractInternalLogger
13:35:24.027 [main] INFO org.evosuite.runtime.instrumentation.CreateClassResetClassAdapter - Creating brand-new static initializer in class io/netty/util/internal/logging/AbstractInternalLogger
13:35:24.027 [main] INFO org.evosuite.runtime.instrumentation.CreateClassResetClassAdapter - Adding bytecode for initializing field EXCEPTION_MESSAGE
13:35:24.028 [main] INFO org.evosuite.runtime.instrumentation.EvoClassLoader - Seeing class for first time: io.netty.util.internal.logging.InternalLogger
13:35:24.028 [main] INFO org.evosuite.runtime.instrumentation.EvoClassLoader - Instrumenting class 'io.netty.util.internal.logging.InternalLogger'.
13:35:24.029 [main] INFO org.evosuite.runtime.instrumentation.EvoClassLoader - Keeping class: io.netty.util.internal.logging.InternalLogger
13:35:24.030 [main] INFO org.evosuite.runtime.instrumentation.EvoClassLoader - Keeping class: io.netty.util.internal.logging.AbstractInternalLogger
13:35:24.030 [main] INFO org.evosuite.runtime.instrumentation.EvoClassLoader - Seeing class for first time: io.netty.util.internal.logging.LocationAwareSlf4JLogger
13:35:24.030 [main] INFO org.evosuite.runtime.instrumentation.EvoClassLoader - Instrumenting class 'io.netty.util.internal.logging.LocationAwareSlf4JLogger'.
13:35:24.030 [main] INFO org.evosuite.runtime.instrumentation.MethodCallReplacementClassAdapter - Adding mock interface to class io/netty/util/internal/logging/LocationAwareSlf4JLogger
13:35:24.031 [main] INFO org.evosuite.runtime.instrumentation.CreateClassResetClassAdapter - Found static initializer in class io/netty/util/internal/logging/LocationAwareSlf4JLogger
13:35:24.031 [main] INFO org.evosuite.runtime.instrumentation.EvoClassLoader - Keeping class: io.netty.util.internal.logging.LocationAwareSlf4JLogger
13:35:24.032 [main] INFO org.evosuite.runtime.instrumentation.EvoClassLoader - Seeing class for first time: io.netty.util.internal.logging.Slf4JLogger
13:35:24.032 [main] INFO org.evosuite.runtime.instrumentation.EvoClassLoader - Instrumenting class 'io.netty.util.internal.logging.Slf4JLogger'.
13:35:24.033 [main] INFO org.evosuite.runtime.instrumentation.MethodCallReplacementClassAdapter - Adding mock interface to class io/netty/util/internal/logging/Slf4JLogger
13:35:24.034 [main] INFO org.evosuite.runtime.instrumentation.CreateClassResetClassAdapter - Creating brand-new static initializer in class io/netty/util/internal/logging/Slf4JLogger
13:35:24.035 [main] INFO org.evosuite.runtime.instrumentation.EvoClassLoader - Keeping class: io.netty.util.internal.logging.Slf4JLogger
13:35:24.036 [main] INFO org.evosuite.runtime.instrumentation.EvoClassLoader - Seeing class for first time: io.netty.util.internal.logging.Slf4JLoggerFactory$NopInstanceHolder
13:35:24.036 [main] INFO org.evosuite.runtime.instrumentation.EvoClassLoader - Instrumenting class 'io.netty.util.internal.logging.Slf4JLoggerFactory$NopInstanceHolder'.
13:35:24.037 [main] INFO org.evosuite.runtime.instrumentation.MethodCallReplacementClassAdapter - Adding mock interface to class io/netty/util/internal/logging/Slf4JLoggerFactory$NopInstanceHolder
13:35:24.037 [main] INFO org.evosuite.runtime.instrumentation.CreateClassResetClassAdapter - Found static initializer in class io/netty/util/internal/logging/Slf4JLoggerFactory$NopInstanceHolder
13:35:24.037 [main] INFO org.evosuite.runtime.instrumentation.EvoClassLoader - Keeping class: io.netty.util.internal.logging.Slf4JLoggerFactory$NopInstanceHolder
13:35:24.038 [main] INFO org.evosuite.runtime.instrumentation.EvoClassLoader - Seeing class for first time: io.netty.util.internal.ObjectUtil
13:35:24.038 [main] INFO org.evosuite.runtime.instrumentation.EvoClassLoader - Instrumenting class 'io.netty.util.internal.ObjectUtil'.
13:35:24.039 [main] INFO org.evosuite.runtime.instrumentation.MethodCallReplacementClassAdapter - Adding mock interface to class io/netty/util/internal/ObjectUtil
13:35:24.045 [main] INFO org.evosuite.runtime.instrumentation.CreateClassResetClassAdapter - Creating brand-new static initializer in class io/netty/util/internal/ObjectUtil
13:35:24.045 [main] INFO org.evosuite.runtime.instrumentation.CreateClassResetClassAdapter - Adding bytecode for initializing field FLOAT_ZERO
13:35:24.045 [main] INFO org.evosuite.runtime.instrumentation.CreateClassResetClassAdapter - Adding bytecode for initializing field DOUBLE_ZERO
13:35:24.045 [main] INFO org.evosuite.runtime.instrumentation.CreateClassResetClassAdapter - Adding bytecode for initializing field LONG_ZERO
13:35:24.045 [main] INFO org.evosuite.runtime.instrumentation.CreateClassResetClassAdapter - Adding bytecode for initializing field INT_ZERO
13:35:24.045 [main] INFO org.evosuite.runtime.instrumentation.EvoClassLoader - Keeping class: io.netty.util.internal.ObjectUtil
13:35:24.046 [main] DEBUG io.netty.util.internal.logging.InternalLoggerFactory - Using SLF4J as the default logging framework
13:35:24.046 [main] INFO org.evosuite.runtime.instrumentation.EvoClassLoader - Seeing class for first time: io.netty.util.internal.SystemPropertyUtil
13:35:24.046 [main] INFO org.evosuite.runtime.instrumentation.EvoClassLoader - Instrumenting class 'io.netty.util.internal.SystemPropertyUtil'.
13:35:24.048 [main] INFO org.evosuite.runtime.instrumentation.MethodCallReplacementClassAdapter - Adding mock interface to class io/netty/util/internal/SystemPropertyUtil
13:35:24.049 [main] INFO org.evosuite.runtime.instrumentation.CreateClassResetClassAdapter - Found static initializer in class io/netty/util/internal/SystemPropertyUtil
13:35:24.049 [main] INFO org.evosuite.runtime.instrumentation.EvoClassLoader - Keeping class: io.netty.util.internal.SystemPropertyUtil
13:35:24.050 [main] DEBUG io.netty.buffer.AbstractByteBuf - -Dio.netty.buffer.checkAccessible: true
13:35:24.050 [main] DEBUG io.netty.buffer.AbstractByteBuf - -Dio.netty.buffer.checkBounds: true
13:35:24.050 [main] INFO org.evosuite.runtime.instrumentation.EvoClassLoader - Seeing class for first time: io.netty.util.ResourceLeakDetectorFactory
13:35:24.050 [main] INFO org.evosuite.runtime.instrumentation.EvoClassLoader - Instrumenting class 'io.netty.util.ResourceLeakDetectorFactory'.
13:35:24.051 [main] INFO org.evosuite.runtime.instrumentation.MethodCallReplacementClassAdapter - Adding mock interface to class io/netty/util/ResourceLeakDetectorFactory
13:35:24.052 [main] INFO org.evosuite.runtime.instrumentation.CreateClassResetClassAdapter - Found static initializer in class io/netty/util/ResourceLeakDetectorFactory
13:35:24.052 [main] INFO org.evosuite.runtime.instrumentation.EvoClassLoader - Keeping class: io.netty.util.ResourceLeakDetectorFactory
13:35:24.052 [main] INFO org.evosuite.runtime.instrumentation.EvoClassLoader - Seeing class for first time: io.netty.util.ResourceLeakDetectorFactory$DefaultResourceLeakDetectorFactory
13:35:24.052 [main] INFO org.evosuite.runtime.instrumentation.EvoClassLoader - Instrumenting class 'io.netty.util.ResourceLeakDetectorFactory$DefaultResourceLeakDetectorFactory'.
13:35:24.053 [main] INFO org.evosuite.runtime.instrumentation.MethodCallReplacementClassAdapter - Adding mock interface to class io/netty/util/ResourceLeakDetectorFactory$DefaultResourceLeakDetectorFactory
13:35:24.055 [main] INFO org.evosuite.runtime.instrumentation.CreateClassResetClassAdapter - Creating brand-new static initializer in class io/netty/util/ResourceLeakDetectorFactory$DefaultResourceLeakDetectorFactory
13:35:24.055 [main] INFO org.evosuite.runtime.instrumentation.EvoClassLoader - Keeping class: io.netty.util.ResourceLeakDetectorFactory$DefaultResourceLeakDetectorFactory
13:35:24.056 [main] INFO org.evosuite.runtime.instrumentation.EvoClassLoader - Seeing class for first time: io.netty.util.ResourceLeakDetector
13:35:24.056 [main] INFO org.evosuite.runtime.instrumentation.EvoClassLoader - Instrumenting class 'io.netty.util.ResourceLeakDetector'.
13:35:24.057 [main] INFO org.evosuite.runtime.instrumentation.MethodCallReplacementClassAdapter - Adding mock interface to class io/netty/util/ResourceLeakDetector
13:35:24.060 [main] INFO org.evosuite.runtime.instrumentation.CreateClassResetClassAdapter - Found static initializer in class io/netty/util/ResourceLeakDetector
13:35:24.061 [main] INFO org.evosuite.runtime.instrumentation.EvoClassLoader - Keeping class: io.netty.util.ResourceLeakDetector
13:35:24.061 [main] INFO org.evosuite.runtime.instrumentation.EvoClassLoader - Seeing class for first time: io.netty.util.ResourceLeakTracker
13:35:24.061 [main] INFO org.evosuite.runtime.instrumentation.EvoClassLoader - Instrumenting class 'io.netty.util.ResourceLeakTracker'.
13:35:24.063 [main] INFO org.evosuite.runtime.instrumentation.EvoClassLoader - Keeping class: io.netty.util.ResourceLeakTracker
13:35:24.064 [main] INFO org.evosuite.runtime.instrumentation.EvoClassLoader - Seeing class for first time: io.netty.util.ResourceLeak
13:35:24.064 [main] INFO org.evosuite.runtime.instrumentation.EvoClassLoader - Instrumenting class 'io.netty.util.ResourceLeak'.
13:35:24.066 [main] INFO org.evosuite.runtime.instrumentation.EvoClassLoader - Keeping class: io.netty.util.ResourceLeak
13:35:24.066 [main] INFO org.evosuite.runtime.instrumentation.EvoClassLoader - Seeing class for first time: io.netty.util.ResourceLeakDetector$Level
13:35:24.066 [main] INFO org.evosuite.runtime.instrumentation.EvoClassLoader - Instrumenting class 'io.netty.util.ResourceLeakDetector$Level'.
13:35:24.067 [main] INFO org.evosuite.runtime.instrumentation.MethodCallReplacementClassAdapter - Adding mock interface to class io/netty/util/ResourceLeakDetector$Level
13:35:24.068 [main] INFO org.evosuite.runtime.instrumentation.CreateClassResetClassAdapter - Found static initializer in class io/netty/util/ResourceLeakDetector$Level
13:35:24.068 [main] INFO org.evosuite.runtime.instrumentation.EvoClassLoader - Keeping class: io.netty.util.ResourceLeakDetector$Level
13:35:24.069 [main] DEBUG io.netty.util.ResourceLeakDetector - -Dio.netty.leakDetection.level: simple
13:35:24.069 [main] DEBUG io.netty.util.ResourceLeakDetector - -Dio.netty.leakDetection.targetRecords: 4
13:35:24.069 [main] INFO org.evosuite.runtime.instrumentation.EvoClassLoader - Seeing class for first time: io.netty.util.internal.EmptyArrays
13:35:24.069 [main] INFO org.evosuite.runtime.instrumentation.EvoClassLoader - Instrumenting class 'io.netty.util.internal.EmptyArrays'.
13:35:24.070 [main] INFO org.evosuite.runtime.instrumentation.MethodCallReplacementClassAdapter - Adding mock interface to class io/netty/util/internal/EmptyArrays
13:35:24.070 [main] INFO org.evosuite.runtime.instrumentation.CreateClassResetClassAdapter - Found static initializer in class io/netty/util/internal/EmptyArrays
13:35:24.071 [main] INFO org.evosuite.runtime.instrumentation.EvoClassLoader - Keeping class: io.netty.util.internal.EmptyArrays
13:35:24.071 [main] INFO org.evosuite.runtime.instrumentation.EvoClassLoader - Seeing class for first time: io.netty.util.AsciiString
13:35:24.071 [main] INFO org.evosuite.runtime.instrumentation.EvoClassLoader - Instrumenting class 'io.netty.util.AsciiString'.
13:35:24.073 [main] INFO org.evosuite.runtime.instrumentation.MethodCallReplacementClassAdapter - Adding mock interface to class io/netty/util/AsciiString
13:35:24.083 [main] INFO org.evosuite.runtime.instrumentation.CreateClassResetClassAdapter - Found static initializer in class io/netty/util/AsciiString
13:35:24.084 [main] INFO org.evosuite.runtime.instrumentation.EvoClassLoader - Keeping class: io.netty.util.AsciiString
13:35:24.085 [main] INFO org.evosuite.runtime.instrumentation.EvoClassLoader - Seeing class for first time: io.netty.util.internal.StringUtil
13:35:24.085 [main] INFO org.evosuite.runtime.instrumentation.EvoClassLoader - Instrumenting class 'io.netty.util.internal.StringUtil'.
13:35:24.087 [main] INFO org.evosuite.runtime.instrumentation.MethodCallReplacementClassAdapter - Adding mock interface to class io/netty/util/internal/StringUtil
13:35:24.093 [main] INFO org.evosuite.runtime.instrumentation.CreateClassResetClassAdapter - Found static initializer in class io/netty/util/internal/StringUtil
13:35:24.094 [main] INFO org.evosuite.runtime.instrumentation.EvoClassLoader - Keeping class: io.netty.util.internal.StringUtil
13:35:24.098 [main] DEBUG io.netty.util.ResourceLeakDetectorFactory - Loaded default ResourceLeakDetector: io.netty.util.ResourceLeakDetector@17
13:35:24.099 [main] INFO org.evosuite.runtime.instrumentation.EvoClassLoader - Seeing class for first time: io.netty.util.internal.Cleaner
13:35:24.099 [main] INFO org.evosuite.runtime.instrumentation.EvoClassLoader - Instrumenting class 'io.netty.util.internal.Cleaner'.
13:35:24.101 [main] INFO org.evosuite.runtime.instrumentation.EvoClassLoader - Keeping class: io.netty.util.internal.Cleaner
13:35:24.101 [main] INFO org.evosuite.runtime.instrumentation.EvoClassLoader - Seeing class for first time: net.jpountz.xxhash.StreamingXXHash64$Factory
13:35:24.101 [main] INFO org.evosuite.runtime.instrumentation.EvoClassLoader - Instrumenting class 'net.jpountz.xxhash.StreamingXXHash64$Factory'.
13:35:24.103 [main] INFO org.evosuite.runtime.instrumentation.EvoClassLoader - Defined package (3): package net.jpountz.xxhash, -474064155
13:35:24.103 [main] INFO org.evosuite.runtime.instrumentation.EvoClassLoader - Keeping class: net.jpountz.xxhash.StreamingXXHash64$Factory
13:35:24.104 [main] INFO org.evosuite.runtime.instrumentation.EvoClassLoader - Seeing class for first time: io.netty.util.internal.shaded.org.jctools.queues.MpscArrayQueueL1Pad
13:35:24.104 [main] INFO org.evosuite.runtime.instrumentation.EvoClassLoader - Instrumenting class 'io.netty.util.internal.shaded.org.jctools.queues.MpscArrayQueueL1Pad'.
13:35:24.105 [main] INFO org.evosuite.runtime.instrumentation.MethodCallReplacementClassAdapter - Adding mock interface to class io/netty/util/internal/shaded/org/jctools/queues/MpscArrayQueueL1Pad
13:35:24.106 [main] INFO org.evosuite.runtime.instrumentation.CreateClassResetClassAdapter - Creating brand-new static initializer in class io/netty/util/internal/shaded/org/jctools/queues/MpscArrayQueueL1Pad
13:35:24.106 [main] INFO org.evosuite.runtime.instrumentation.EvoClassLoader - Seeing class for first time: io.netty.util.internal.shaded.org.jctools.queues.ConcurrentCircularArrayQueue
13:35:24.106 [main] INFO org.evosuite.runtime.instrumentation.EvoClassLoader - Instrumenting class 'io.netty.util.internal.shaded.org.jctools.queues.ConcurrentCircularArrayQueue'.
13:35:24.107 [main] INFO org.evosuite.runtime.instrumentation.MethodCallReplacementClassAdapter - Adding mock interface to class io/netty/util/internal/shaded/org/jctools/queues/ConcurrentCircularArrayQueue
13:35:24.108 [main] INFO org.evosuite.runtime.instrumentation.CreateClassResetClassAdapter - Creating brand-new static initializer in class io/netty/util/internal/shaded/org/jctools/queues/ConcurrentCircularArrayQueue
13:35:24.108 [main] INFO org.evosuite.runtime.instrumentation.EvoClassLoader - Seeing class for first time: io.netty.util.internal.shaded.org.jctools.queues.IndexedQueueSizeUtil$IndexedQueue
13:35:24.108 [main] INFO org.evosuite.runtime.instrumentation.EvoClassLoader - Instrumenting class 'io.netty.util.internal.shaded.org.jctools.queues.IndexedQueueSizeUtil$IndexedQueue'.
13:35:24.110 [main] INFO org.evosuite.runtime.instrumentation.EvoClassLoader - Keeping class: io.netty.util.internal.shaded.org.jctools.queues.IndexedQueueSizeUtil$IndexedQueue
13:35:24.110 [main] INFO org.evosuite.runtime.instrumentation.EvoClassLoader - Seeing class for first time: io.netty.util.internal.shaded.org.jctools.queues.QueueProgressIndicators
13:35:24.110 [main] INFO org.evosuite.runtime.instrumentation.EvoClassLoader - Instrumenting class 'io.netty.util.internal.shaded.org.jctools.queues.QueueProgressIndicators'.
13:35:24.111 [main] INFO org.evosuite.runtime.instrumentation.EvoClassLoader - Keeping class: io.netty.util.internal.shaded.org.jctools.queues.QueueProgressIndicators
13:35:24.111 [main] INFO org.evosuite.runtime.instrumentation.EvoClassLoader - Seeing class for first time: io.netty.util.internal.shaded.org.jctools.queues.SupportsIterator
13:35:24.111 [main] INFO org.evosuite.runtime.instrumentation.EvoClassLoader - Instrumenting class 'io.netty.util.internal.shaded.org.jctools.queues.SupportsIterator'.
13:35:24.112 [main] INFO org.evosuite.runtime.instrumentation.EvoClassLoader - Keeping class: io.netty.util.internal.shaded.org.jctools.queues.SupportsIterator
13:35:24.112 [main] INFO org.evosuite.runtime.instrumentation.EvoClassLoader - Seeing class for first time: io.netty.util.internal.shaded.org.jctools.queues.ConcurrentCircularArrayQueueL0Pad
13:35:24.112 [main] INFO org.evosuite.runtime.instrumentation.EvoClassLoader - Instrumenting class 'io.netty.util.internal.shaded.org.jctools.queues.ConcurrentCircularArrayQueueL0Pad'.
13:35:24.114 [main] INFO org.evosuite.runtime.instrumentation.MethodCallReplacementClassAdapter - Adding mock interface to class io/netty/util/internal/shaded/org/jctools/queues/ConcurrentCircularArrayQueueL0Pad
13:35:24.115 [main] INFO org.evosuite.runtime.instrumentation.CreateClassResetClassAdapter - Creating brand-new static initializer in class io/netty/util/internal/shaded/org/jctools/queues/ConcurrentCircularArrayQueueL0Pad
13:35:24.116 [main] INFO org.evosuite.runtime.instrumentation.EvoClassLoader - Keeping class: io.netty.util.internal.shaded.org.jctools.queues.ConcurrentCircularArrayQueueL0Pad
13:35:24.116 [main] INFO org.evosuite.runtime.instrumentation.EvoClassLoader - Keeping class: io.netty.util.internal.shaded.org.jctools.queues.ConcurrentCircularArrayQueue
13:35:24.116 [main] INFO org.evosuite.runtime.instrumentation.EvoClassLoader - Keeping class: io.netty.util.internal.shaded.org.jctools.queues.MpscArrayQueueL1Pad
13:35:24.117 [main] INFO org.evosuite.runtime.instrumentation.EvoClassLoader - Seeing class for first time: net.jpountz.xxhash.StreamingXXHash32$Factory
13:35:24.117 [main] INFO org.evosuite.runtime.instrumentation.EvoClassLoader - Instrumenting class 'net.jpountz.xxhash.StreamingXXHash32$Factory'.
13:35:24.119 [main] INFO org.evosuite.runtime.instrumentation.EvoClassLoader - Keeping class: net.jpountz.xxhash.StreamingXXHash32$Factory
13:35:24.120 [main] INFO org.evosuite.runtime.instrumentation.EvoClassLoader - Seeing class for first time: io.netty.util.internal.PlatformDependent0
13:35:24.120 [main] INFO org.evosuite.runtime.instrumentation.EvoClassLoader - Instrumenting class 'io.netty.util.internal.PlatformDependent0'.
13:35:24.121 [main] INFO org.evosuite.runtime.instrumentation.MethodCallReplacementClassAdapter - Adding mock interface to class io/netty/util/internal/PlatformDependent0
13:35:24.125 [main] INFO org.evosuite.runtime.instrumentation.CreateClassResetClassAdapter - Found static initializer in class io/netty/util/internal/PlatformDependent0
13:35:24.164 [main] INFO org.evosuite.runtime.instrumentation.EvoClassLoader - Keeping class: io.netty.util.internal.PlatformDependent0
13:35:24.166 [main] DEBUG io.netty.util.internal.PlatformDependent0 - -Dio.netty.noUnsafe: false
13:35:24.166 [main] DEBUG io.netty.util.internal.PlatformDependent0 - Java version: 8
13:35:24.166 [main] INFO org.evosuite.runtime.instrumentation.EvoClassLoader - Seeing class for first time: io.netty.util.internal.PlatformDependent0$1
13:35:24.166 [main] INFO org.evosuite.runtime.instrumentation.EvoClassLoader - Instrumenting class 'io.netty.util.internal.PlatformDependent0$1'.
13:35:24.167 [main] INFO org.evosuite.runtime.instrumentation.MethodCallReplacementClassAdapter - Adding mock interface to class io/netty/util/internal/PlatformDependent0$1
13:35:24.167 [main] INFO org.evosuite.runtime.instrumentation.EvoClassLoader - Keeping class: io.netty.util.internal.PlatformDependent0$1
13:35:24.168 [main] INFO org.evosuite.runtime.instrumentation.EvoClassLoader - Seeing class for first time: io.netty.util.internal.ReflectionUtil
13:35:24.168 [main] INFO org.evosuite.runtime.instrumentation.EvoClassLoader - Instrumenting class 'io.netty.util.internal.ReflectionUtil'.
13:35:24.169 [main] INFO org.evosuite.runtime.instrumentation.MethodCallReplacementClassAdapter - Adding mock interface to class io/netty/util/internal/ReflectionUtil
13:35:24.169 [main] INFO org.evosuite.runtime.instrumentation.CreateClassResetClassAdapter - Creating brand-new static initializer in class io/netty/util/internal/ReflectionUtil
13:35:24.170 [main] INFO org.evosuite.runtime.instrumentation.EvoClassLoader - Keeping class: io.netty.util.internal.ReflectionUtil
13:35:24.170 [main] DEBUG io.netty.util.internal.PlatformDependent0 - sun.misc.Unsafe.theUnsafe: available
13:35:24.170 [main] INFO org.evosuite.runtime.instrumentation.EvoClassLoader - Seeing class for first time: io.netty.util.internal.PlatformDependent0$2
13:35:24.170 [main] INFO org.evosuite.runtime.instrumentation.EvoClassLoader - Instrumenting class 'io.netty.util.internal.PlatformDependent0$2'.
13:35:24.171 [main] INFO org.evosuite.runtime.instrumentation.MethodCallReplacementClassAdapter - Adding mock interface to class io/netty/util/internal/PlatformDependent0$2
13:35:24.172 [main] INFO org.evosuite.runtime.instrumentation.EvoClassLoader - Keeping class: io.netty.util.internal.PlatformDependent0$2
13:35:24.172 [main] DEBUG io.netty.util.internal.PlatformDependent0 - sun.misc.Unsafe.copyMemory: available
13:35:24.172 [main] INFO org.evosuite.runtime.instrumentation.EvoClassLoader - Seeing class for first time: io.netty.util.internal.PlatformDependent0$3
13:35:24.172 [main] INFO org.evosuite.runtime.instrumentation.EvoClassLoader - Instrumenting class 'io.netty.util.internal.PlatformDependent0$3'.
13:35:24.173 [main] INFO org.evosuite.runtime.instrumentation.MethodCallReplacementClassAdapter - Adding mock interface to class io/netty/util/internal/PlatformDependent0$3
13:35:24.173 [main] INFO org.evosuite.runtime.instrumentation.EvoClassLoader - Keeping class: io.netty.util.internal.PlatformDependent0$3
13:35:24.174 [main] DEBUG io.netty.util.internal.PlatformDependent0 - sun.misc.Unsafe.storeFence: available
13:35:24.174 [main] INFO org.evosuite.runtime.instrumentation.EvoClassLoader - Seeing class for first time: io.netty.util.internal.PlatformDependent0$4
13:35:24.174 [main] INFO org.evosuite.runtime.instrumentation.EvoClassLoader - Instrumenting class 'io.netty.util.internal.PlatformDependent0$4'.
13:35:24.174 [main] INFO org.evosuite.runtime.instrumentation.MethodCallReplacementClassAdapter - Adding mock interface to class io/netty/util/internal/PlatformDependent0$4
13:35:24.180 [main] INFO org.evosuite.runtime.instrumentation.EvoClassLoader - Keeping class: io.netty.util.internal.PlatformDependent0$4
13:35:24.181 [main] DEBUG io.netty.util.internal.PlatformDependent0 - java.nio.Buffer.address: available
13:35:24.181 [main] INFO org.evosuite.runtime.instrumentation.EvoClassLoader - Seeing class for first time: io.netty.util.internal.PlatformDependent0$5
13:35:24.181 [main] INFO org.evosuite.runtime.instrumentation.EvoClassLoader - Instrumenting class 'io.netty.util.internal.PlatformDependent0$5'.
13:35:24.181 [main] INFO org.evosuite.runtime.instrumentation.MethodCallReplacementClassAdapter - Adding mock interface to class io/netty/util/internal/PlatformDependent0$5
13:35:24.182 [main] INFO org.evosuite.runtime.instrumentation.EvoClassLoader - Keeping class: io.netty.util.internal.PlatformDependent0$5
13:35:24.182 [main] DEBUG io.netty.util.internal.PlatformDependent0 - direct buffer constructor: available
13:35:24.182 [main] INFO org.evosuite.runtime.instrumentation.EvoClassLoader - Seeing class for first time: io.netty.util.internal.PlatformDependent0$6
13:35:24.182 [main] INFO org.evosuite.runtime.instrumentation.EvoClassLoader - Instrumenting class 'io.netty.util.internal.PlatformDependent0$6'.
13:35:24.183 [main] INFO org.evosuite.runtime.instrumentation.MethodCallReplacementClassAdapter - Adding mock interface to class io/netty/util/internal/PlatformDependent0$6
13:35:24.185 [main] INFO org.evosuite.runtime.instrumentation.EvoClassLoader - Keeping class: io.netty.util.internal.PlatformDependent0$6
13:35:24.185 [main] INFO org.evosuite.runtime.instrumentation.EvoClassLoader - Seeing class for first time: io.netty.util.internal.PlatformDependent0$12
13:35:24.185 [main] INFO org.evosuite.runtime.instrumentation.EvoClassLoader - Instrumenting class 'io.netty.util.internal.PlatformDependent0$12'.
13:35:24.186 [main] INFO org.evosuite.runtime.instrumentation.MethodCallReplacementClassAdapter - Adding mock interface to class io/netty/util/internal/PlatformDependent0$12
13:35:24.187 [main] INFO org.evosuite.runtime.instrumentation.EvoClassLoader - Keeping class: io.netty.util.internal.PlatformDependent0$12
13:35:24.187 [main] DEBUG io.netty.util.internal.PlatformDependent0 - java.nio.Bits.unaligned: available, true
13:35:24.188 [main] DEBUG io.netty.util.internal.PlatformDependent0 - jdk.internal.misc.Unsafe.allocateUninitializedArray(int): unavailable prior to Java9
13:35:24.188 [main] DEBUG io.netty.util.internal.PlatformDependent0 - java.nio.DirectByteBuffer.<init>(long, {int,long}): available
13:35:24.188 [main] INFO org.evosuite.runtime.instrumentation.EvoClassLoader - Seeing class for first time: io.netty.util.AsciiString$CharEqualityComparator
13:35:24.188 [main] INFO org.evosuite.runtime.instrumentation.EvoClassLoader - Instrumenting class 'io.netty.util.AsciiString$CharEqualityComparator'.
13:35:24.190 [main] INFO org.evosuite.runtime.instrumentation.EvoClassLoader - Keeping class: io.netty.util.AsciiString$CharEqualityComparator
13:35:24.190 [main] INFO org.evosuite.runtime.instrumentation.EvoClassLoader - Seeing class for first time: io.netty.util.HashingStrategy
13:35:24.190 [main] INFO org.evosuite.runtime.instrumentation.EvoClassLoader - Instrumenting class 'io.netty.util.HashingStrategy'.
13:35:24.192 [main] INFO org.evosuite.runtime.instrumentation.EvoClassLoader - Keeping class: io.netty.util.HashingStrategy
13:35:24.194 [main] INFO org.evosuite.runtime.instrumentation.EvoClassLoader - Seeing class for first time: io.netty.util.internal.MathUtil
13:35:24.194 [main] INFO org.evosuite.runtime.instrumentation.EvoClassLoader - Instrumenting class 'io.netty.util.internal.MathUtil'.
13:35:24.195 [main] INFO org.evosuite.runtime.instrumentation.MethodCallReplacementClassAdapter - Adding mock interface to class io/netty/util/internal/MathUtil
13:35:24.196 [main] INFO org.evosuite.runtime.instrumentation.CreateClassResetClassAdapter - Found static initializer in class io/netty/util/internal/MathUtil
13:35:24.197 [main] INFO org.evosuite.runtime.instrumentation.EvoClassLoader - Keeping class: io.netty.util.internal.MathUtil
13:35:24.197 [main] INFO org.evosuite.runtime.instrumentation.EvoClassLoader - Seeing class for first time: io.netty.util.internal.PlatformDependent
13:35:24.197 [main] INFO org.evosuite.runtime.instrumentation.EvoClassLoader - Instrumenting class 'io.netty.util.internal.PlatformDependent'.
13:35:24.199 [main] INFO org.evosuite.runtime.instrumentation.MethodCallReplacementClassAdapter - Adding mock interface to class io/netty/util/internal/PlatformDependent
13:35:24.223 [main] INFO org.evosuite.runtime.instrumentation.CreateClassResetClassAdapter - Found static initializer in class io/netty/util/internal/PlatformDependent
13:35:24.226 [main] INFO org.evosuite.runtime.instrumentation.EvoClassLoader - Keeping class: io.netty.util.internal.PlatformDependent
13:35:24.226 [main] INFO org.evosuite.runtime.instrumentation.EvoClassLoader - Seeing class for first time: io.netty.util.internal.PlatformDependent$ThreadLocalRandomProvider
13:35:24.226 [main] INFO org.evosuite.runtime.instrumentation.EvoClassLoader - Instrumenting class 'io.netty.util.internal.PlatformDependent$ThreadLocalRandomProvider'.
13:35:24.227 [main] INFO org.evosuite.runtime.instrumentation.EvoClassLoader - Keeping class: io.netty.util.internal.PlatformDependent$ThreadLocalRandomProvider
13:35:24.227 [main] INFO org.evosuite.runtime.instrumentation.EvoClassLoader - Seeing class for first time: io.netty.util.internal.OutOfDirectMemoryError
13:35:24.227 [main] INFO org.evosuite.runtime.instrumentation.EvoClassLoader - Instrumenting class 'io.netty.util.internal.OutOfDirectMemoryError'.
13:35:24.228 [main] INFO org.evosuite.runtime.instrumentation.MethodCallReplacementClassAdapter - Adding mock interface to class io/netty/util/internal/OutOfDirectMemoryError
13:35:24.228 [main] INFO org.evosuite.runtime.instrumentation.CreateClassResetClassAdapter - Creating brand-new static initializer in class io/netty/util/internal/OutOfDirectMemoryError
13:35:24.229 [main] INFO org.evosuite.runtime.instrumentation.EvoClassLoader - Keeping class: io.netty.util.internal.OutOfDirectMemoryError
13:35:24.229 [main] INFO org.evosuite.runtime.instrumentation.EvoClassLoader - Seeing class for first time: io.netty.util.internal.LongCounter
13:35:24.229 [main] INFO org.evosuite.runtime.instrumentation.EvoClassLoader - Instrumenting class 'io.netty.util.internal.LongCounter'.
13:35:24.230 [main] INFO org.evosuite.runtime.instrumentation.EvoClassLoader - Keeping class: io.netty.util.internal.LongCounter
13:35:24.230 [main] INFO org.evosuite.runtime.instrumentation.EvoClassLoader - Seeing class for first time: io.netty.util.internal.shaded.org.jctools.queues.SpscLinkedQueue
13:35:24.230 [main] INFO org.evosuite.runtime.instrumentation.EvoClassLoader - Instrumenting class 'io.netty.util.internal.shaded.org.jctools.queues.SpscLinkedQueue'.
13:35:24.231 [main] INFO org.evosuite.runtime.instrumentation.MethodCallReplacementClassAdapter - Adding mock interface to class io/netty/util/internal/shaded/org/jctools/queues/SpscLinkedQueue
13:35:24.233 [main] INFO org.evosuite.runtime.instrumentation.CreateClassResetClassAdapter - Creating brand-new static initializer in class io/netty/util/internal/shaded/org/jctools/queues/SpscLinkedQueue
13:35:24.234 [main] INFO org.evosuite.runtime.instrumentation.EvoClassLoader - Seeing class for first time: io.netty.util.internal.shaded.org.jctools.queues.BaseLinkedQueue
13:35:24.234 [main] INFO org.evosuite.runtime.instrumentation.EvoClassLoader - Instrumenting class 'io.netty.util.internal.shaded.org.jctools.queues.BaseLinkedQueue'.
13:35:24.234 [main] INFO org.evosuite.runtime.instrumentation.MethodCallReplacementClassAdapter - Adding mock interface to class io/netty/util/internal/shaded/org/jctools/queues/BaseLinkedQueue
13:35:24.236 [main] INFO org.evosuite.runtime.instrumentation.CreateClassResetClassAdapter - Creating brand-new static initializer in class io/netty/util/internal/shaded/org/jctools/queues/BaseLinkedQueue
13:35:24.247 [main] INFO org.evosuite.runtime.instrumentation.EvoClassLoader - Seeing class for first time: io.netty.util.internal.shaded.org.jctools.queues.BaseLinkedQueuePad2
13:35:24.247 [main] INFO org.evosuite.runtime.instrumentation.EvoClassLoader - Instrumenting class 'io.netty.util.internal.shaded.org.jctools.queues.BaseLinkedQueuePad2'.
13:35:24.249 [main] INFO org.evosuite.runtime.instrumentation.MethodCallReplacementClassAdapter - Adding mock interface to class io/netty/util/internal/shaded/org/jctools/queues/BaseLinkedQueuePad2
13:35:24.250 [main] INFO org.evosuite.runtime.instrumentation.CreateClassResetClassAdapter - Creating brand-new static initializer in class io/netty/util/internal/shaded/org/jctools/queues/BaseLinkedQueuePad2
13:35:24.250 [main] INFO org.evosuite.runtime.instrumentation.EvoClassLoader - Seeing class for first time: io.netty.util.internal.shaded.org.jctools.queues.BaseLinkedQueueConsumerNodeRef
13:35:24.250 [main] INFO org.evosuite.runtime.instrumentation.EvoClassLoader - Instrumenting class 'io.netty.util.internal.shaded.org.jctools.queues.BaseLinkedQueueConsumerNodeRef'.
13:35:24.251 [main] INFO org.evosuite.runtime.instrumentation.MethodCallReplacementClassAdapter - Adding mock interface to class io/netty/util/internal/shaded/org/jctools/queues/BaseLinkedQueueConsumerNodeRef
13:35:24.252 [main] INFO org.evosuite.runtime.instrumentation.CreateClassResetClassAdapter - Found static initializer in class io/netty/util/internal/shaded/org/jctools/queues/BaseLinkedQueueConsumerNodeRef
13:35:24.252 [main] INFO org.evosuite.runtime.instrumentation.EvoClassLoader - Seeing class for first time: io.netty.util.internal.shaded.org.jctools.queues.BaseLinkedQueuePad1
13:35:24.252 [main] INFO org.evosuite.runtime.instrumentation.EvoClassLoader - Instrumenting class 'io.netty.util.internal.shaded.org.jctools.queues.BaseLinkedQueuePad1'.
13:35:24.253 [main] INFO org.evosuite.runtime.instrumentation.MethodCallReplacementClassAdapter - Adding mock interface to class io/netty/util/internal/shaded/org/jctools/queues/BaseLinkedQueuePad1
13:35:24.254 [main] INFO org.evosuite.runtime.instrumentation.CreateClassResetClassAdapter - Creating brand-new static initializer in class io/netty/util/internal/shaded/org/jctools/queues/BaseLinkedQueuePad1
13:35:24.254 [main] INFO org.evosuite.runtime.instrumentation.EvoClassLoader - Seeing class for first time: io.netty.util.internal.shaded.org.jctools.queues.BaseLinkedQueueProducerNodeRef
13:35:24.254 [main] INFO org.evosuite.runtime.instrumentation.EvoClassLoader - Instrumenting class 'io.netty.util.internal.shaded.org.jctools.queues.BaseLinkedQueueProducerNodeRef'.
13:35:24.255 [main] INFO org.evosuite.runtime.instrumentation.MethodCallReplacementClassAdapter - Adding mock interface to class io/netty/util/internal/shaded/org/jctools/queues/BaseLinkedQueueProducerNodeRef
13:35:24.255 [main] INFO org.evosuite.runtime.instrumentation.CreateClassResetClassAdapter - Found static initializer in class io/netty/util/internal/shaded/org/jctools/queues/BaseLinkedQueueProducerNodeRef
13:35:24.255 [main] INFO org.evosuite.runtime.instrumentation.EvoClassLoader - Seeing class for first time: io.netty.util.internal.shaded.org.jctools.queues.BaseLinkedQueuePad0
13:35:24.256 [main] INFO org.evosuite.runtime.instrumentation.EvoClassLoader - Instrumenting class 'io.netty.util.internal.shaded.org.jctools.queues.BaseLinkedQueuePad0'.
13:35:24.256 [main] INFO org.evosuite.runtime.instrumentation.MethodCallReplacementClassAdapter - Adding mock interface to class io/netty/util/internal/shaded/org/jctools/queues/BaseLinkedQueuePad0
13:35:24.256 [main] INFO org.evosuite.runtime.instrumentation.CreateClassResetClassAdapter - Creating brand-new static initializer in class io/netty/util/internal/shaded/org/jctools/queues/BaseLinkedQueuePad0
13:35:24.257 [main] INFO org.evosuite.runtime.instrumentation.EvoClassLoader - Keeping class: io.netty.util.internal.shaded.org.jctools.queues.BaseLinkedQueuePad0
13:35:24.257 [main] INFO org.evosuite.runtime.instrumentation.EvoClassLoader - Keeping class: io.netty.util.internal.shaded.org.jctools.queues.BaseLinkedQueueProducerNodeRef
13:35:24.258 [main] INFO org.evosuite.runtime.instrumentation.EvoClassLoader - Keeping class: io.netty.util.internal.shaded.org.jctools.queues.BaseLinkedQueuePad1
13:35:24.258 [main] INFO org.evosuite.runtime.instrumentation.EvoClassLoader - Keeping class: io.netty.util.internal.shaded.org.jctools.queues.BaseLinkedQueueConsumerNodeRef
13:35:24.258 [main] INFO org.evosuite.runtime.instrumentation.EvoClassLoader - Keeping class: io.netty.util.internal.shaded.org.jctools.queues.BaseLinkedQueuePad2
13:35:24.258 [main] INFO org.evosuite.runtime.instrumentation.EvoClassLoader - Keeping class: io.netty.util.internal.shaded.org.jctools.queues.BaseLinkedQueue
13:35:24.258 [main] INFO org.evosuite.runtime.instrumentation.EvoClassLoader - Keeping class: io.netty.util.internal.shaded.org.jctools.queues.SpscLinkedQueue
13:35:24.258 [main] INFO org.evosuite.runtime.instrumentation.EvoClassLoader - Seeing class for first time: io.netty.util.internal.shaded.org.jctools.queues.atomic.SpscLinkedAtomicQueue
13:35:24.258 [main] INFO org.evosuite.runtime.instrumentation.EvoClassLoader - Instrumenting class 'io.netty.util.internal.shaded.org.jctools.queues.atomic.SpscLinkedAtomicQueue'.
13:35:24.259 [main] INFO org.evosuite.runtime.instrumentation.MethodCallReplacementClassAdapter - Adding mock interface to class io/netty/util/internal/shaded/org/jctools/queues/atomic/SpscLinkedAtomicQueue
13:35:24.262 [main] INFO org.evosuite.runtime.instrumentation.CreateClassResetClassAdapter - Creating brand-new static initializer in class io/netty/util/internal/shaded/org/jctools/queues/atomic/SpscLinkedAtomicQueue
13:35:24.263 [main] INFO org.evosuite.runtime.instrumentation.EvoClassLoader - Seeing class for first time: io.netty.util.internal.shaded.org.jctools.queues.atomic.BaseLinkedAtomicQueue
13:35:24.263 [main] INFO org.evosuite.runtime.instrumentation.EvoClassLoader - Instrumenting class 'io.netty.util.internal.shaded.org.jctools.queues.atomic.BaseLinkedAtomicQueue'.
13:35:24.264 [main] INFO org.evosuite.runtime.instrumentation.MethodCallReplacementClassAdapter - Adding mock interface to class io/netty/util/internal/shaded/org/jctools/queues/atomic/BaseLinkedAtomicQueue
13:35:24.266 [main] INFO org.evosuite.runtime.instrumentation.CreateClassResetClassAdapter - Creating brand-new static initializer in class io/netty/util/internal/shaded/org/jctools/queues/atomic/BaseLinkedAtomicQueue
13:35:24.267 [main] INFO org.evosuite.runtime.instrumentation.EvoClassLoader - Seeing class for first time: io.netty.util.internal.shaded.org.jctools.queues.atomic.BaseLinkedAtomicQueuePad2
13:35:24.267 [main] INFO org.evosuite.runtime.instrumentation.EvoClassLoader - Instrumenting class 'io.netty.util.internal.shaded.org.jctools.queues.atomic.BaseLinkedAtomicQueuePad2'.
13:35:24.268 [main] INFO org.evosuite.runtime.instrumentation.MethodCallReplacementClassAdapter - Adding mock interface to class io/netty/util/internal/shaded/org/jctools/queues/atomic/BaseLinkedAtomicQueuePad2
13:35:24.268 [main] INFO org.evosuite.runtime.instrumentation.CreateClassResetClassAdapter - Creating brand-new static initializer in class io/netty/util/internal/shaded/org/jctools/queues/atomic/BaseLinkedAtomicQueuePad2
13:35:24.269 [main] INFO org.evosuite.runtime.instrumentation.EvoClassLoader - Keeping class: io.netty.util.internal.shaded.org.jctools.queues.atomic.BaseLinkedAtomicQueuePad2
13:35:24.269 [main] INFO org.evosuite.runtime.instrumentation.EvoClassLoader - Keeping class: io.netty.util.internal.shaded.org.jctools.queues.atomic.BaseLinkedAtomicQueue
13:35:24.269 [main] INFO org.evosuite.runtime.instrumentation.EvoClassLoader - Keeping class: io.netty.util.internal.shaded.org.jctools.queues.atomic.SpscLinkedAtomicQueue
13:35:24.269 [main] INFO org.evosuite.runtime.instrumentation.EvoClassLoader - Seeing class for first time: io.netty.util.internal.shaded.org.jctools.queues.MpscArrayQueue
13:35:24.269 [main] INFO org.evosuite.runtime.instrumentation.EvoClassLoader - Instrumenting class 'io.netty.util.internal.shaded.org.jctools.queues.MpscArrayQueue'.
13:35:24.270 [main] INFO org.evosuite.runtime.instrumentation.MethodCallReplacementClassAdapter - Adding mock interface to class io/netty/util/internal/shaded/org/jctools/queues/MpscArrayQueue
13:35:24.274 [main] INFO org.evosuite.runtime.instrumentation.CreateClassResetClassAdapter - Creating brand-new static initializer in class io/netty/util/internal/shaded/org/jctools/queues/MpscArrayQueue
13:35:24.274 [main] INFO org.evosuite.runtime.instrumentation.EvoClassLoader - Seeing class for first time: io.netty.util.internal.shaded.org.jctools.queues.MpscArrayQueueL3Pad
13:35:24.274 [main] INFO org.evosuite.runtime.instrumentation.EvoClassLoader - Instrumenting class 'io.netty.util.internal.shaded.org.jctools.queues.MpscArrayQueueL3Pad'.
13:35:24.275 [main] INFO org.evosuite.runtime.instrumentation.MethodCallReplacementClassAdapter - Adding mock interface to class io/netty/util/internal/shaded/org/jctools/queues/MpscArrayQueueL3Pad
13:35:24.276 [main] INFO org.evosuite.runtime.instrumentation.CreateClassResetClassAdapter - Creating brand-new static initializer in class io/netty/util/internal/shaded/org/jctools/queues/MpscArrayQueueL3Pad
13:35:24.276 [main] INFO org.evosuite.runtime.instrumentation.EvoClassLoader - Seeing class for first time: io.netty.util.internal.shaded.org.jctools.queues.MpscArrayQueueConsumerIndexField
13:35:24.276 [main] INFO org.evosuite.runtime.instrumentation.EvoClassLoader - Instrumenting class 'io.netty.util.internal.shaded.org.jctools.queues.MpscArrayQueueConsumerIndexField'.
13:35:24.277 [main] INFO org.evosuite.runtime.instrumentation.MethodCallReplacementClassAdapter - Adding mock interface to class io/netty/util/internal/shaded/org/jctools/queues/MpscArrayQueueConsumerIndexField
13:35:24.277 [main] INFO org.evosuite.runtime.instrumentation.CreateClassResetClassAdapter - Found static initializer in class io/netty/util/internal/shaded/org/jctools/queues/MpscArrayQueueConsumerIndexField
13:35:24.278 [main] INFO org.evosuite.runtime.instrumentation.EvoClassLoader - Seeing class for first time: io.netty.util.internal.shaded.org.jctools.queues.MpscArrayQueueL2Pad
13:35:24.278 [main] INFO org.evosuite.runtime.instrumentation.EvoClassLoader - Instrumenting class 'io.netty.util.internal.shaded.org.jctools.queues.MpscArrayQueueL2Pad'.
13:35:24.278 [main] INFO org.evosuite.runtime.instrumentation.MethodCallReplacementClassAdapter - Adding mock interface to class io/netty/util/internal/shaded/org/jctools/queues/MpscArrayQueueL2Pad
13:35:24.279 [main] INFO org.evosuite.runtime.instrumentation.CreateClassResetClassAdapter - Creating brand-new static initializer in class io/netty/util/internal/shaded/org/jctools/queues/MpscArrayQueueL2Pad
13:35:24.279 [main] INFO org.evosuite.runtime.instrumentation.EvoClassLoader - Seeing class for first time: io.netty.util.internal.shaded.org.jctools.queues.MpscArrayQueueProducerLimitField
13:35:24.279 [main] INFO org.evosuite.runtime.instrumentation.EvoClassLoader - Instrumenting class 'io.netty.util.internal.shaded.org.jctools.queues.MpscArrayQueueProducerLimitField'.
13:35:24.280 [main] INFO org.evosuite.runtime.instrumentation.MethodCallReplacementClassAdapter - Adding mock interface to class io/netty/util/internal/shaded/org/jctools/queues/MpscArrayQueueProducerLimitField
13:35:24.281 [main] INFO org.evosuite.runtime.instrumentation.CreateClassResetClassAdapter - Found static initializer in class io/netty/util/internal/shaded/org/jctools/queues/MpscArrayQueueProducerLimitField
13:35:24.281 [main] INFO org.evosuite.runtime.instrumentation.EvoClassLoader - Seeing class for first time: io.netty.util.internal.shaded.org.jctools.queues.MpscArrayQueueMidPad
13:35:24.281 [main] INFO org.evosuite.runtime.instrumentation.EvoClassLoader - Instrumenting class 'io.netty.util.internal.shaded.org.jctools.queues.MpscArrayQueueMidPad'.
13:35:24.282 [main] INFO org.evosuite.runtime.instrumentation.MethodCallReplacementClassAdapter - Adding mock interface to class io/netty/util/internal/shaded/org/jctools/queues/MpscArrayQueueMidPad
13:35:24.283 [main] INFO org.evosuite.runtime.instrumentation.CreateClassResetClassAdapter - Creating brand-new static initializer in class io/netty/util/internal/shaded/org/jctools/queues/MpscArrayQueueMidPad
13:35:24.283 [main] INFO org.evosuite.runtime.instrumentation.EvoClassLoader - Seeing class for first time: io.netty.util.internal.shaded.org.jctools.queues.MpscArrayQueueProducerIndexField
13:35:24.283 [main] INFO org.evosuite.runtime.instrumentation.EvoClassLoader - Instrumenting class 'io.netty.util.internal.shaded.org.jctools.queues.MpscArrayQueueProducerIndexField'.
13:35:24.283 [main] INFO org.evosuite.runtime.instrumentation.MethodCallReplacementClassAdapter - Adding mock interface to class io/netty/util/internal/shaded/org/jctools/queues/MpscArrayQueueProducerIndexField
13:35:24.284 [main] INFO org.evosuite.runtime.instrumentation.CreateClassResetClassAdapter - Found static initializer in class io/netty/util/internal/shaded/org/jctools/queues/MpscArrayQueueProducerIndexField
13:35:24.284 [main] INFO org.evosuite.runtime.instrumentation.EvoClassLoader - Keeping class: io.netty.util.internal.shaded.org.jctools.queues.MpscArrayQueueProducerIndexField
13:35:24.284 [main] INFO org.evosuite.runtime.instrumentation.EvoClassLoader - Keeping class: io.netty.util.internal.shaded.org.jctools.queues.MpscArrayQueueMidPad
13:35:24.285 [main] INFO org.evosuite.runtime.instrumentation.EvoClassLoader - Keeping class: io.netty.util.internal.shaded.org.jctools.queues.MpscArrayQueueProducerLimitField
13:35:24.285 [main] INFO org.evosuite.runtime.instrumentation.EvoClassLoader - Keeping class: io.netty.util.internal.shaded.org.jctools.queues.MpscArrayQueueL2Pad
13:35:24.285 [main] INFO org.evosuite.runtime.instrumentation.EvoClassLoader - Keeping class: io.netty.util.internal.shaded.org.jctools.queues.MpscArrayQueueConsumerIndexField
13:35:24.285 [main] INFO org.evosuite.runtime.instrumentation.EvoClassLoader - Keeping class: io.netty.util.internal.shaded.org.jctools.queues.MpscArrayQueueL3Pad
13:35:24.285 [main] INFO org.evosuite.runtime.instrumentation.EvoClassLoader - Keeping class: io.netty.util.internal.shaded.org.jctools.queues.MpscArrayQueue
13:35:24.285 [main] INFO org.evosuite.runtime.instrumentation.EvoClassLoader - Seeing class for first time: io.netty.util.internal.shaded.org.jctools.queues.atomic.MpscAtomicArrayQueue
13:35:24.285 [main] INFO org.evosuite.runtime.instrumentation.EvoClassLoader - Instrumenting class 'io.netty.util.internal.shaded.org.jctools.queues.atomic.MpscAtomicArrayQueue'.
13:35:24.286 [main] INFO org.evosuite.runtime.instrumentation.MethodCallReplacementClassAdapter - Adding mock interface to class io/netty/util/internal/shaded/org/jctools/queues/atomic/MpscAtomicArrayQueue
13:35:24.290 [main] INFO org.evosuite.runtime.instrumentation.CreateClassResetClassAdapter - Creating brand-new static initializer in class io/netty/util/internal/shaded/org/jctools/queues/atomic/MpscAtomicArrayQueue
13:35:24.290 [main] INFO org.evosuite.runtime.instrumentation.EvoClassLoader - Seeing class for first time: io.netty.util.internal.shaded.org.jctools.queues.atomic.MpscAtomicArrayQueueL3Pad
13:35:24.291 [main] INFO org.evosuite.runtime.instrumentation.EvoClassLoader - Instrumenting class 'io.netty.util.internal.shaded.org.jctools.queues.atomic.MpscAtomicArrayQueueL3Pad'.
13:35:24.291 [main] INFO org.evosuite.runtime.instrumentation.MethodCallReplacementClassAdapter - Adding mock interface to class io/netty/util/internal/shaded/org/jctools/queues/atomic/MpscAtomicArrayQueueL3Pad
13:35:24.292 [main] INFO org.evosuite.runtime.instrumentation.CreateClassResetClassAdapter - Creating brand-new static initializer in class io/netty/util/internal/shaded/org/jctools/queues/atomic/MpscAtomicArrayQueueL3Pad
13:35:24.292 [main] INFO org.evosuite.runtime.instrumentation.EvoClassLoader - Seeing class for first time: io.netty.util.internal.shaded.org.jctools.queues.atomic.MpscAtomicArrayQueueConsumerIndexField
13:35:24.292 [main] INFO org.evosuite.runtime.instrumentation.EvoClassLoader - Instrumenting class 'io.netty.util.internal.shaded.org.jctools.queues.atomic.MpscAtomicArrayQueueConsumerIndexField'.
13:35:24.293 [main] INFO org.evosuite.runtime.instrumentation.MethodCallReplacementClassAdapter - Adding mock interface to class io/netty/util/internal/shaded/org/jctools/queues/atomic/MpscAtomicArrayQueueConsumerIndexField
13:35:24.293 [main] INFO org.evosuite.runtime.instrumentation.CreateClassResetClassAdapter - Found static initializer in class io/netty/util/internal/shaded/org/jctools/queues/atomic/MpscAtomicArrayQueueConsumerIndexField
13:35:24.293 [main] INFO org.evosuite.runtime.instrumentation.EvoClassLoader - Seeing class for first time: io.netty.util.internal.shaded.org.jctools.queues.atomic.MpscAtomicArrayQueueL2Pad
13:35:24.293 [main] INFO org.evosuite.runtime.instrumentation.EvoClassLoader - Instrumenting class 'io.netty.util.internal.shaded.org.jctools.queues.atomic.MpscAtomicArrayQueueL2Pad'.
13:35:24.294 [main] INFO org.evosuite.runtime.instrumentation.MethodCallReplacementClassAdapter - Adding mock interface to class io/netty/util/internal/shaded/org/jctools/queues/atomic/MpscAtomicArrayQueueL2Pad
13:35:24.294 [main] INFO org.evosuite.runtime.instrumentation.CreateClassResetClassAdapter - Creating brand-new static initializer in class io/netty/util/internal/shaded/org/jctools/queues/atomic/MpscAtomicArrayQueueL2Pad
13:35:24.295 [main] INFO org.evosuite.runtime.instrumentation.EvoClassLoader - Seeing class for first time: io.netty.util.internal.shaded.org.jctools.queues.atomic.MpscAtomicArrayQueueProducerLimitField
13:35:24.295 [main] INFO org.evosuite.runtime.instrumentation.EvoClassLoader - Instrumenting class 'io.netty.util.internal.shaded.org.jctools.queues.atomic.MpscAtomicArrayQueueProducerLimitField'.
13:35:24.296 [main] INFO org.evosuite.runtime.instrumentation.MethodCallReplacementClassAdapter - Adding mock interface to class io/netty/util/internal/shaded/org/jctools/queues/atomic/MpscAtomicArrayQueueProducerLimitField
13:35:24.296 [main] INFO org.evosuite.runtime.instrumentation.CreateClassResetClassAdapter - Found static initializer in class io/netty/util/internal/shaded/org/jctools/queues/atomic/MpscAtomicArrayQueueProducerLimitField
13:35:24.297 [main] INFO org.evosuite.runtime.instrumentation.EvoClassLoader - Seeing class for first time: io.netty.util.internal.shaded.org.jctools.queues.atomic.MpscAtomicArrayQueueMidPad
13:35:24.297 [main] INFO org.evosuite.runtime.instrumentation.EvoClassLoader - Instrumenting class 'io.netty.util.internal.shaded.org.jctools.queues.atomic.MpscAtomicArrayQueueMidPad'.
13:35:24.297 [main] INFO org.evosuite.runtime.instrumentation.MethodCallReplacementClassAdapter - Adding mock interface to class io/netty/util/internal/shaded/org/jctools/queues/atomic/MpscAtomicArrayQueueMidPad
13:35:24.298 [main] INFO org.evosuite.runtime.instrumentation.CreateClassResetClassAdapter - Creating brand-new static initializer in class io/netty/util/internal/shaded/org/jctools/queues/atomic/MpscAtomicArrayQueueMidPad
13:35:24.298 [main] INFO org.evosuite.runtime.instrumentation.EvoClassLoader - Seeing class for first time: io.netty.util.internal.shaded.org.jctools.queues.atomic.MpscAtomicArrayQueueProducerIndexField
13:35:24.298 [main] INFO org.evosuite.runtime.instrumentation.EvoClassLoader - Instrumenting class 'io.netty.util.internal.shaded.org.jctools.queues.atomic.MpscAtomicArrayQueueProducerIndexField'.
13:35:24.299 [main] INFO org.evosuite.runtime.instrumentation.MethodCallReplacementClassAdapter - Adding mock interface to class io/netty/util/internal/shaded/org/jctools/queues/atomic/MpscAtomicArrayQueueProducerIndexField
13:35:24.299 [main] INFO org.evosuite.runtime.instrumentation.CreateClassResetClassAdapter - Found static initializer in class io/netty/util/internal/shaded/org/jctools/queues/atomic/MpscAtomicArrayQueueProducerIndexField
13:35:24.300 [main] INFO org.evosuite.runtime.instrumentation.EvoClassLoader - Seeing class for first time: io.netty.util.internal.shaded.org.jctools.queues.atomic.MpscAtomicArrayQueueL1Pad
13:35:24.300 [main] INFO org.evosuite.runtime.instrumentation.EvoClassLoader - Instrumenting class 'io.netty.util.internal.shaded.org.jctools.queues.atomic.MpscAtomicArrayQueueL1Pad'.
13:35:24.300 [main] INFO org.evosuite.runtime.instrumentation.MethodCallReplacementClassAdapter - Adding mock interface to class io/netty/util/internal/shaded/org/jctools/queues/atomic/MpscAtomicArrayQueueL1Pad
13:35:24.301 [main] INFO org.evosuite.runtime.instrumentation.CreateClassResetClassAdapter - Creating brand-new static initializer in class io/netty/util/internal/shaded/org/jctools/queues/atomic/MpscAtomicArrayQueueL1Pad
13:35:24.301 [main] INFO org.evosuite.runtime.instrumentation.EvoClassLoader - Seeing class for first time: io.netty.util.internal.shaded.org.jctools.queues.atomic.AtomicReferenceArrayQueue
13:35:24.301 [main] INFO org.evosuite.runtime.instrumentation.EvoClassLoader - Instrumenting class 'io.netty.util.internal.shaded.org.jctools.queues.atomic.AtomicReferenceArrayQueue'.
13:35:24.302 [main] INFO org.evosuite.runtime.instrumentation.MethodCallReplacementClassAdapter - Adding mock interface to class io/netty/util/internal/shaded/org/jctools/queues/atomic/AtomicReferenceArrayQueue
13:35:24.302 [main] INFO org.evosuite.runtime.instrumentation.CreateClassResetClassAdapter - Creating brand-new static initializer in class io/netty/util/internal/shaded/org/jctools/queues/atomic/AtomicReferenceArrayQueue
13:35:24.303 [main] INFO org.evosuite.runtime.instrumentation.EvoClassLoader - Keeping class: io.netty.util.internal.shaded.org.jctools.queues.atomic.AtomicReferenceArrayQueue
13:35:24.303 [main] INFO org.evosuite.runtime.instrumentation.EvoClassLoader - Keeping class: io.netty.util.internal.shaded.org.jctools.queues.atomic.MpscAtomicArrayQueueL1Pad
13:35:24.304 [main] INFO org.evosuite.runtime.instrumentation.EvoClassLoader - Keeping class: io.netty.util.internal.shaded.org.jctools.queues.atomic.MpscAtomicArrayQueueProducerIndexField
13:35:24.304 [main] INFO org.evosuite.runtime.instrumentation.EvoClassLoader - Keeping class: io.netty.util.internal.shaded.org.jctools.queues.atomic.MpscAtomicArrayQueueMidPad
13:35:24.304 [main] INFO org.evosuite.runtime.instrumentation.EvoClassLoader - Keeping class: io.netty.util.internal.shaded.org.jctools.queues.atomic.MpscAtomicArrayQueueProducerLimitField
13:35:24.304 [main] INFO org.evosuite.runtime.instrumentation.EvoClassLoader - Keeping class: io.netty.util.internal.shaded.org.jctools.queues.atomic.MpscAtomicArrayQueueL2Pad
13:35:24.305 [main] INFO org.evosuite.runtime.instrumentation.EvoClassLoader - Keeping class: io.netty.util.internal.shaded.org.jctools.queues.atomic.MpscAtomicArrayQueueConsumerIndexField
13:35:24.305 [main] INFO org.evosuite.runtime.instrumentation.EvoClassLoader - Keeping class: io.netty.util.internal.shaded.org.jctools.queues.atomic.MpscAtomicArrayQueueL3Pad
13:35:24.305 [main] INFO org.evosuite.runtime.instrumentation.EvoClassLoader - Keeping class: io.netty.util.internal.shaded.org.jctools.queues.atomic.MpscAtomicArrayQueue
13:35:24.306 [main] DEBUG io.netty.util.internal.PlatformDependent - sun.misc.Unsafe: available
13:35:24.308 [main] DEBUG io.netty.util.internal.PlatformDependent - -Dio.netty.tmpdir: /tmp (java.io.tmpdir)
13:35:24.308 [main] DEBUG io.netty.util.internal.PlatformDependent - -Dio.netty.bitMode: 64 (sun.arch.data.model)
13:35:24.309 [main] INFO org.evosuite.runtime.instrumentation.EvoClassLoader - Seeing class for first time: io.netty.util.internal.PlatformDependent$1
13:35:24.309 [main] INFO org.evosuite.runtime.instrumentation.EvoClassLoader - Instrumenting class 'io.netty.util.internal.PlatformDependent$1'.
13:35:24.309 [main] INFO org.evosuite.runtime.instrumentation.MethodCallReplacementClassAdapter - Adding mock interface to class io/netty/util/internal/PlatformDependent$1
13:35:24.310 [main] INFO org.evosuite.runtime.instrumentation.EvoClassLoader - Keeping class: io.netty.util.internal.PlatformDependent$1
13:35:24.311 [main] INFO org.evosuite.runtime.instrumentation.EvoClassLoader - Seeing class for first time: io.netty.util.internal.PlatformDependent$2
13:35:24.311 [main] INFO org.evosuite.runtime.instrumentation.EvoClassLoader - Instrumenting class 'io.netty.util.internal.PlatformDependent$2'.
13:35:24.311 [main] INFO org.evosuite.runtime.instrumentation.MethodCallReplacementClassAdapter - Adding mock interface to class io/netty/util/internal/PlatformDependent$2
13:35:24.312 [main] INFO org.evosuite.runtime.instrumentation.EvoClassLoader - Keeping class: io.netty.util.internal.PlatformDependent$2
13:35:24.313 [main] DEBUG io.netty.util.internal.PlatformDependent - -Dio.netty.maxDirectMemory: 11420041216 bytes
13:35:24.313 [main] DEBUG io.netty.util.internal.PlatformDependent - -Dio.netty.uninitializedArrayAllocationThreshold: -1
13:35:24.313 [main] INFO org.evosuite.runtime.instrumentation.EvoClassLoader - Seeing class for first time: io.netty.util.internal.CleanerJava6
13:35:24.313 [main] INFO org.evosuite.runtime.instrumentation.EvoClassLoader - Instrumenting class 'io.netty.util.internal.CleanerJava6'.
13:35:24.314 [main] INFO org.evosuite.runtime.instrumentation.MethodCallReplacementClassAdapter - Adding mock interface to class io/netty/util/internal/CleanerJava6
13:35:24.315 [main] INFO org.evosuite.runtime.instrumentation.CreateClassResetClassAdapter - Found static initializer in class io/netty/util/internal/CleanerJava6
13:35:24.316 [main] INFO org.evosuite.runtime.instrumentation.EvoClassLoader - Keeping class: io.netty.util.internal.CleanerJava6
13:35:24.316 [main] INFO org.evosuite.runtime.instrumentation.EvoClassLoader - Seeing class for first time: io.netty.util.internal.CleanerJava6$1
13:35:24.317 [main] INFO org.evosuite.runtime.instrumentation.EvoClassLoader - Instrumenting class 'io.netty.util.internal.CleanerJava6$1'.
13:35:24.317 [main] INFO org.evosuite.runtime.instrumentation.MethodCallReplacementClassAdapter - Adding mock interface to class io/netty/util/internal/CleanerJava6$1
13:35:24.318 [main] INFO org.evosuite.runtime.instrumentation.EvoClassLoader - Keeping class: io.netty.util.internal.CleanerJava6$1
13:35:24.318 [main] DEBUG io.netty.util.internal.CleanerJava6 - java.nio.ByteBuffer.cleaner(): available
13:35:24.319 [main] DEBUG io.netty.util.internal.PlatformDependent - -Dio.netty.noPreferDirect: false
13:35:24.319 [main] INFO org.evosuite.runtime.instrumentation.EvoClassLoader - Seeing class for first time: io.netty.util.internal.PlatformDependent$4
13:35:24.319 [main] INFO org.evosuite.runtime.instrumentation.EvoClassLoader - Instrumenting class 'io.netty.util.internal.PlatformDependent$4'.
13:35:24.319 [main] INFO org.evosuite.runtime.instrumentation.MethodCallReplacementClassAdapter - Adding mock interface to class io/netty/util/internal/PlatformDependent$4
13:35:24.323 [main] INFO org.evosuite.runtime.instrumentation.EvoClassLoader - Keeping class: io.netty.util.internal.PlatformDependent$4
13:35:24.325 [main] INFO org.evosuite.runtime.instrumentation.EvoClassLoader - Seeing class for first time: io.netty.util.AsciiString$1
13:35:24.325 [main] INFO org.evosuite.runtime.instrumentation.EvoClassLoader - Instrumenting class 'io.netty.util.AsciiString$1'.
13:35:24.326 [main] INFO org.evosuite.runtime.instrumentation.MethodCallReplacementClassAdapter - Adding mock interface to class io/netty/util/AsciiString$1
13:35:24.327 [main] INFO org.evosuite.runtime.instrumentation.EvoClassLoader - Keeping class: io.netty.util.AsciiString$1
13:35:24.327 [main] INFO org.evosuite.runtime.instrumentation.EvoClassLoader - Seeing class for first time: io.netty.util.AsciiString$2
13:35:24.327 [main] INFO org.evosuite.runtime.instrumentation.EvoClassLoader - Instrumenting class 'io.netty.util.AsciiString$2'.
13:35:24.328 [main] INFO org.evosuite.runtime.instrumentation.MethodCallReplacementClassAdapter - Adding mock interface to class io/netty/util/AsciiString$2
13:35:24.328 [main] INFO org.evosuite.runtime.instrumentation.EvoClassLoader - Keeping class: io.netty.util.AsciiString$2
13:35:24.329 [main] INFO org.evosuite.runtime.instrumentation.EvoClassLoader - Seeing class for first time: io.netty.util.ResourceLeakDetector$TraceRecord
13:35:24.329 [main] INFO org.evosuite.runtime.instrumentation.EvoClassLoader - Instrumenting class 'io.netty.util.ResourceLeakDetector$TraceRecord'.
13:35:24.330 [main] INFO org.evosuite.runtime.instrumentation.MethodCallReplacementClassAdapter - Adding mock interface to class io/netty/util/ResourceLeakDetector$TraceRecord
13:35:24.330 [main] INFO org.evosuite.runtime.instrumentation.CreateClassResetClassAdapter - Found static initializer in class io/netty/util/ResourceLeakDetector$TraceRecord
13:35:24.331 [main] INFO org.evosuite.runtime.instrumentation.EvoClassLoader - Keeping class: io.netty.util.ResourceLeakDetector$TraceRecord
13:35:24.331 [main] INFO org.evosuite.runtime.instrumentation.EvoClassLoader - Seeing class for first time: io.netty.util.ResourceLeakDetector$TraceRecord$1
13:35:24.331 [main] INFO org.evosuite.runtime.instrumentation.EvoClassLoader - Instrumenting class 'io.netty.util.ResourceLeakDetector$TraceRecord$1'.
13:35:24.332 [main] INFO org.evosuite.runtime.instrumentation.MethodCallReplacementClassAdapter - Adding mock interface to class io/netty/util/ResourceLeakDetector$TraceRecord$1
13:35:24.333 [main] INFO org.evosuite.runtime.instrumentation.EvoClassLoader - Keeping class: io.netty.util.ResourceLeakDetector$TraceRecord$1
13:35:24.334 [main] INFO org.evosuite.runtime.instrumentation.EvoClassLoader - Seeing class for first time: io.netty.buffer.UnpooledByteBufAllocator$InstrumentedUnpooledDirectByteBuf
13:35:24.334 [main] INFO org.evosuite.runtime.instrumentation.EvoClassLoader - Instrumenting class 'io.netty.buffer.UnpooledByteBufAllocator$InstrumentedUnpooledDirectByteBuf'.
13:35:24.335 [main] INFO org.evosuite.runtime.instrumentation.MethodCallReplacementClassAdapter - Adding mock interface to class io/netty/buffer/UnpooledByteBufAllocator$InstrumentedUnpooledDirectByteBuf
13:35:24.335 [main] INFO org.evosuite.runtime.instrumentation.CreateClassResetClassAdapter - Creating brand-new static initializer in class io/netty/buffer/UnpooledByteBufAllocator$InstrumentedUnpooledDirectByteBuf
13:35:24.335 [main] INFO org.evosuite.runtime.instrumentation.EvoClassLoader - Seeing class for first time: io.netty.buffer.UnpooledDirectByteBuf
13:35:24.336 [main] INFO org.evosuite.runtime.instrumentation.EvoClassLoader - Instrumenting class 'io.netty.buffer.UnpooledDirectByteBuf'.
13:35:24.337 [main] INFO org.evosuite.runtime.instrumentation.MethodCallReplacementClassAdapter - Adding mock interface to class io/netty/buffer/UnpooledDirectByteBuf
13:35:24.340 [main] INFO org.evosuite.runtime.instrumentation.CreateClassResetClassAdapter - Creating brand-new static initializer in class io/netty/buffer/UnpooledDirectByteBuf
13:35:24.341 [main] INFO org.evosuite.runtime.instrumentation.EvoClassLoader - Keeping class: io.netty.buffer.UnpooledDirectByteBuf
13:35:24.341 [main] INFO org.evosuite.runtime.instrumentation.EvoClassLoader - Keeping class: io.netty.buffer.UnpooledByteBufAllocator$InstrumentedUnpooledDirectByteBuf
13:35:24.341 [main] INFO org.evosuite.runtime.instrumentation.EvoClassLoader - Seeing class for first time: io.netty.util.internal.ReferenceCountUpdater
13:35:24.341 [main] INFO org.evosuite.runtime.instrumentation.EvoClassLoader - Instrumenting class 'io.netty.util.internal.ReferenceCountUpdater'.
13:35:24.342 [main] INFO org.evosuite.runtime.instrumentation.MethodCallReplacementClassAdapter - Adding mock interface to class io/netty/util/internal/ReferenceCountUpdater
13:35:24.343 [main] INFO org.evosuite.runtime.instrumentation.CreateClassResetClassAdapter - Creating brand-new static initializer in class io/netty/util/internal/ReferenceCountUpdater
13:35:24.343 [main] INFO org.evosuite.runtime.instrumentation.EvoClassLoader - Keeping class: io.netty.util.internal.ReferenceCountUpdater
13:35:24.343 [main] INFO org.evosuite.runtime.instrumentation.EvoClassLoader - Seeing class for first time: io.netty.buffer.AbstractReferenceCountedByteBuf$1
13:35:24.343 [main] INFO org.evosuite.runtime.instrumentation.EvoClassLoader - Instrumenting class 'io.netty.buffer.AbstractReferenceCountedByteBuf$1'.
13:35:24.344 [main] INFO org.evosuite.runtime.instrumentation.MethodCallReplacementClassAdapter - Adding mock interface to class io/netty/buffer/AbstractReferenceCountedByteBuf$1
13:35:24.344 [main] INFO org.evosuite.runtime.instrumentation.EvoClassLoader - Keeping class: io.netty.buffer.AbstractReferenceCountedByteBuf$1
13:35:24.347 [main] INFO org.evosuite.runtime.instrumentation.EvoClassLoader - Seeing class for first time: io.netty.handler.codec.compression.CompressionUtil
13:35:24.347 [main] INFO org.evosuite.runtime.instrumentation.EvoClassLoader - Instrumenting class 'io.netty.handler.codec.compression.CompressionUtil'.
13:35:24.348 [main] INFO org.evosuite.runtime.instrumentation.MethodCallReplacementClassAdapter - Adding mock interface to class io/netty/handler/codec/compression/CompressionUtil
13:35:24.348 [main] INFO org.evosuite.runtime.instrumentation.CreateClassResetClassAdapter - Creating brand-new static initializer in class io/netty/handler/codec/compression/CompressionUtil
13:35:24.349 [main] INFO org.evosuite.runtime.instrumentation.EvoClassLoader - Keeping class: io.netty.handler.codec.compression.CompressionUtil
13:35:24.349 [main] INFO org.evosuite.runtime.instrumentation.EvoClassLoader - Seeing class for first time: io.netty.handler.codec.compression.DecompressionException
13:35:24.349 [main] INFO org.evosuite.runtime.instrumentation.EvoClassLoader - Instrumenting class 'io.netty.handler.codec.compression.DecompressionException'.
13:35:24.349 [main] INFO org.evosuite.runtime.instrumentation.MethodCallReplacementClassAdapter - Adding mock interface to class io/netty/handler/codec/compression/DecompressionException
13:35:24.350 [main] INFO org.evosuite.runtime.instrumentation.CreateClassResetClassAdapter - Creating brand-new static initializer in class io/netty/handler/codec/compression/DecompressionException
13:35:24.350 [main] INFO org.evosuite.runtime.instrumentation.EvoClassLoader - Seeing class for first time: io.netty.handler.codec.DecoderException
13:35:24.350 [main] INFO org.evosuite.runtime.instrumentation.EvoClassLoader - Instrumenting class 'io.netty.handler.codec.DecoderException'.
13:35:24.351 [main] INFO org.evosuite.runtime.instrumentation.MethodCallReplacementClassAdapter - Adding mock interface to class io/netty/handler/codec/DecoderException
13:35:24.351 [main] INFO org.evosuite.runtime.instrumentation.CreateClassResetClassAdapter - Creating brand-new static initializer in class io/netty/handler/codec/DecoderException
13:35:24.352 [main] INFO org.evosuite.runtime.instrumentation.EvoClassLoader - Defined package (3): package io.netty.handler.codec, -1568242786
13:35:24.352 [main] INFO org.evosuite.runtime.instrumentation.EvoClassLoader - Seeing class for first time: io.netty.handler.codec.CodecException
13:35:24.352 [main] INFO org.evosuite.runtime.instrumentation.EvoClassLoader - Instrumenting class 'io.netty.handler.codec.CodecException'.
13:35:24.352 [main] INFO org.evosuite.runtime.instrumentation.MethodCallReplacementClassAdapter - Adding mock interface to class io/netty/handler/codec/CodecException
13:35:24.353 [main] INFO org.evosuite.runtime.instrumentation.CreateClassResetClassAdapter - Creating brand-new static initializer in class io/netty/handler/codec/CodecException
13:35:24.353 [main] INFO org.evosuite.runtime.instrumentation.EvoClassLoader - Keeping class: io.netty.handler.codec.CodecException
13:35:24.353 [main] INFO org.evosuite.runtime.instrumentation.EvoClassLoader - Keeping class: io.netty.handler.codec.DecoderException
13:35:24.353 [main] INFO org.evosuite.runtime.instrumentation.EvoClassLoader - Keeping class: io.netty.handler.codec.compression.DecompressionException
13:35:24.355 [main] INFO org.evosuite.runtime.instrumentation.EvoClassLoader - Seeing class for first time: io.netty.buffer.CompositeByteBuf$Component
13:35:24.355 [main] INFO org.evosuite.runtime.instrumentation.EvoClassLoader - Instrumenting class 'io.netty.buffer.CompositeByteBuf$Component'.
13:35:24.355 [main] INFO org.evosuite.runtime.instrumentation.MethodCallReplacementClassAdapter - Adding mock interface to class io/netty/buffer/CompositeByteBuf$Component
13:35:24.356 [main] INFO org.evosuite.runtime.instrumentation.CreateClassResetClassAdapter - Creating brand-new static initializer in class io/netty/buffer/CompositeByteBuf$Component
13:35:24.356 [main] INFO org.evosuite.runtime.instrumentation.EvoClassLoader - Keeping class: io.netty.buffer.CompositeByteBuf$Component
13:35:24.358 [main] INFO org.evosuite.runtime.instrumentation.EvoClassLoader - Seeing class for first time: io.netty.buffer.UnsafeByteBufUtil
13:35:24.358 [main] INFO org.evosuite.runtime.instrumentation.EvoClassLoader - Instrumenting class 'io.netty.buffer.UnsafeByteBufUtil'.
13:35:24.359 [main] INFO org.evosuite.runtime.instrumentation.MethodCallReplacementClassAdapter - Adding mock interface to class io/netty/buffer/UnsafeByteBufUtil
13:35:24.361 [main] INFO org.evosuite.runtime.instrumentation.CreateClassResetClassAdapter - Found static initializer in class io/netty/buffer/UnsafeByteBufUtil
13:35:24.362 [main] INFO org.evosuite.runtime.instrumentation.EvoClassLoader - Keeping class: io.netty.buffer.UnsafeByteBufUtil
13:35:24.363 [main] INFO org.evosuite.runtime.instrumentation.EvoClassLoader - Seeing class for first time: io.netty.buffer.UnpooledUnsafeDirectByteBuf
13:35:24.363 [main] INFO org.evosuite.runtime.instrumentation.EvoClassLoader - Instrumenting class 'io.netty.buffer.UnpooledUnsafeDirectByteBuf'.
13:35:24.364 [main] INFO org.evosuite.runtime.instrumentation.MethodCallReplacementClassAdapter - Adding mock interface to class io/netty/buffer/UnpooledUnsafeDirectByteBuf
13:35:24.365 [main] INFO org.evosuite.runtime.instrumentation.CreateClassResetClassAdapter - Creating brand-new static initializer in class io/netty/buffer/UnpooledUnsafeDirectByteBuf
13:35:24.365 [main] INFO org.evosuite.runtime.instrumentation.EvoClassLoader - Keeping class: io.netty.buffer.UnpooledUnsafeDirectByteBuf
13:35:24.366 [main] INFO org.evosuite.runtime.instrumentation.EvoClassLoader - Seeing class for first time: io.netty.buffer.UnpooledUnsafeNoCleanerDirectByteBuf
13:35:24.366 [main] INFO org.evosuite.runtime.instrumentation.EvoClassLoader - Instrumenting class 'io.netty.buffer.UnpooledUnsafeNoCleanerDirectByteBuf'.
13:35:24.366 [main] INFO org.evosuite.runtime.instrumentation.MethodCallReplacementClassAdapter - Adding mock interface to class io/netty/buffer/UnpooledUnsafeNoCleanerDirectByteBuf
13:35:24.367 [main] INFO org.evosuite.runtime.instrumentation.CreateClassResetClassAdapter - Creating brand-new static initializer in class io/netty/buffer/UnpooledUnsafeNoCleanerDirectByteBuf
13:35:24.367 [main] INFO org.evosuite.runtime.instrumentation.EvoClassLoader - Keeping class: io.netty.buffer.UnpooledUnsafeNoCleanerDirectByteBuf
13:35:24.369 [main] INFO org.evosuite.runtime.instrumentation.EvoClassLoader - Seeing class for first time: net.jpountz.util.Utils
13:35:24.369 [main] INFO org.evosuite.runtime.instrumentation.EvoClassLoader - Instrumenting class 'net.jpountz.util.Utils'.
13:35:24.370 [main] INFO org.evosuite.runtime.instrumentation.MethodCallReplacementClassAdapter - Adding mock interface to class net/jpountz/util/Utils
13:35:24.370 [main] INFO org.evosuite.runtime.instrumentation.CreateClassResetClassAdapter - Found static initializer in class net/jpountz/util/Utils
13:35:24.371 [main] INFO org.evosuite.runtime.instrumentation.EvoClassLoader - Keeping class: net.jpountz.util.Utils
13:35:24.372 [main] INFO org.evosuite.runtime.instrumentation.EvoClassLoader - Seeing class for first time: io.netty.buffer.PooledDirectByteBuf
13:35:24.372 [main] INFO org.evosuite.runtime.instrumentation.EvoClassLoader - Instrumenting class 'io.netty.buffer.PooledDirectByteBuf'.
13:35:24.373 [main] INFO org.evosuite.runtime.instrumentation.MethodCallReplacementClassAdapter - Adding mock interface to class io/netty/buffer/PooledDirectByteBuf
13:35:24.374 [main] INFO org.evosuite.runtime.instrumentation.CreateClassResetClassAdapter - Found static initializer in class io/netty/buffer/PooledDirectByteBuf
13:35:24.375 [main] INFO org.evosuite.runtime.instrumentation.EvoClassLoader - Seeing class for first time: io.netty.buffer.PooledByteBuf
13:35:24.375 [main] INFO org.evosuite.runtime.instrumentation.EvoClassLoader - Instrumenting class 'io.netty.buffer.PooledByteBuf'.
13:35:24.376 [main] INFO org.evosuite.runtime.instrumentation.MethodCallReplacementClassAdapter - Adding mock interface to class io/netty/buffer/PooledByteBuf
13:35:24.377 [main] INFO org.evosuite.runtime.instrumentation.CreateClassResetClassAdapter - Found static initializer in class io/netty/buffer/PooledByteBuf
13:35:24.378 [main] INFO org.evosuite.runtime.instrumentation.EvoClassLoader - Keeping class: io.netty.buffer.PooledByteBuf
13:35:24.378 [main] INFO org.evosuite.runtime.instrumentation.EvoClassLoader - Keeping class: io.netty.buffer.PooledDirectByteBuf
13:35:24.378 [main] INFO org.evosuite.runtime.instrumentation.EvoClassLoader - Seeing class for first time: io.netty.buffer.PooledSlicedByteBuf
13:35:24.378 [main] INFO org.evosuite.runtime.instrumentation.EvoClassLoader - Instrumenting class 'io.netty.buffer.PooledSlicedByteBuf'.
13:35:24.379 [main] INFO org.evosuite.runtime.instrumentation.MethodCallReplacementClassAdapter - Adding mock interface to class io/netty/buffer/PooledSlicedByteBuf
13:35:24.380 [main] INFO org.evosuite.runtime.instrumentation.CreateClassResetClassAdapter - Found static initializer in class io/netty/buffer/PooledSlicedByteBuf
13:35:24.380 [main] INFO org.evosuite.runtime.instrumentation.EvoClassLoader - Seeing class for first time: io.netty.buffer.AbstractPooledDerivedByteBuf
13:35:24.380 [main] INFO org.evosuite.runtime.instrumentation.EvoClassLoader - Instrumenting class 'io.netty.buffer.AbstractPooledDerivedByteBuf'.
13:35:24.382 [main] INFO org.evosuite.runtime.instrumentation.MethodCallReplacementClassAdapter - Adding mock interface to class io/netty/buffer/AbstractPooledDerivedByteBuf
13:35:24.382 [main] INFO org.evosuite.runtime.instrumentation.CreateClassResetClassAdapter - Found static initializer in class io/netty/buffer/AbstractPooledDerivedByteBuf
13:35:24.383 [main] INFO org.evosuite.runtime.instrumentation.EvoClassLoader - Keeping class: io.netty.buffer.AbstractPooledDerivedByteBuf
13:35:24.383 [main] INFO org.evosuite.runtime.instrumentation.EvoClassLoader - Keeping class: io.netty.buffer.PooledSlicedByteBuf
13:35:24.383 [main] INFO org.evosuite.runtime.instrumentation.EvoClassLoader - Seeing class for first time: io.netty.buffer.PooledDuplicatedByteBuf
13:35:24.383 [main] INFO org.evosuite.runtime.instrumentation.EvoClassLoader - Instrumenting class 'io.netty.buffer.PooledDuplicatedByteBuf'.
13:35:24.384 [main] INFO org.evosuite.runtime.instrumentation.MethodCallReplacementClassAdapter - Adding mock interface to class io/netty/buffer/PooledDuplicatedByteBuf
13:35:24.385 [main] INFO org.evosuite.runtime.instrumentation.CreateClassResetClassAdapter - Found static initializer in class io/netty/buffer/PooledDuplicatedByteBuf
13:35:24.386 [main] INFO org.evosuite.runtime.instrumentation.EvoClassLoader - Keeping class: io.netty.buffer.PooledDuplicatedByteBuf
13:35:24.386 [main] INFO org.evosuite.runtime.instrumentation.EvoClassLoader - Seeing class for first time: io.netty.util.internal.ObjectPool$ObjectCreator
13:35:24.386 [main] INFO org.evosuite.runtime.instrumentation.EvoClassLoader - Instrumenting class 'io.netty.util.internal.ObjectPool$ObjectCreator'.
13:35:24.388 [main] INFO org.evosuite.runtime.instrumentation.EvoClassLoader - Keeping class: io.netty.util.internal.ObjectPool$ObjectCreator
13:35:24.388 [main] INFO org.evosuite.runtime.instrumentation.EvoClassLoader - Seeing class for first time: io.netty.buffer.PooledDirectByteBuf$1
13:35:24.388 [main] INFO org.evosuite.runtime.instrumentation.EvoClassLoader - Instrumenting class 'io.netty.buffer.PooledDirectByteBuf$1'.
13:35:24.389 [main] INFO org.evosuite.runtime.instrumentation.MethodCallReplacementClassAdapter - Adding mock interface to class io/netty/buffer/PooledDirectByteBuf$1
13:35:24.390 [main] INFO org.evosuite.runtime.instrumentation.EvoClassLoader - Keeping class: io.netty.buffer.PooledDirectByteBuf$1
13:35:24.390 [main] INFO org.evosuite.runtime.instrumentation.EvoClassLoader - Seeing class for first time: io.netty.util.internal.ObjectPool
13:35:24.390 [main] INFO org.evosuite.runtime.instrumentation.EvoClassLoader - Instrumenting class 'io.netty.util.internal.ObjectPool'.
13:35:24.391 [main] INFO org.evosuite.runtime.instrumentation.MethodCallReplacementClassAdapter - Adding mock interface to class io/netty/util/internal/ObjectPool
13:35:24.391 [main] INFO org.evosuite.runtime.instrumentation.CreateClassResetClassAdapter - Creating brand-new static initializer in class io/netty/util/internal/ObjectPool
13:35:24.392 [main] INFO org.evosuite.runtime.instrumentation.EvoClassLoader - Keeping class: io.netty.util.internal.ObjectPool
13:35:24.392 [main] INFO org.evosuite.runtime.instrumentation.EvoClassLoader - Seeing class for first time: io.netty.util.internal.ObjectPool$RecyclerObjectPool
13:35:24.392 [main] INFO org.evosuite.runtime.instrumentation.EvoClassLoader - Instrumenting class 'io.netty.util.internal.ObjectPool$RecyclerObjectPool'.
13:35:24.393 [main] INFO org.evosuite.runtime.instrumentation.MethodCallReplacementClassAdapter - Adding mock interface to class io/netty/util/internal/ObjectPool$RecyclerObjectPool
13:35:24.393 [main] INFO org.evosuite.runtime.instrumentation.CreateClassResetClassAdapter - Creating brand-new static initializer in class io/netty/util/internal/ObjectPool$RecyclerObjectPool
13:35:24.394 [main] INFO org.evosuite.runtime.instrumentation.EvoClassLoader - Keeping class: io.netty.util.internal.ObjectPool$RecyclerObjectPool
13:35:24.394 [main] INFO org.evosuite.runtime.instrumentation.EvoClassLoader - Seeing class for first time: io.netty.util.Recycler
13:35:24.394 [main] INFO org.evosuite.runtime.instrumentation.EvoClassLoader - Instrumenting class 'io.netty.util.Recycler'.
13:35:24.395 [main] INFO org.evosuite.runtime.instrumentation.MethodCallReplacementClassAdapter - Adding mock interface to class io/netty/util/Recycler
13:35:24.396 [main] INFO org.evosuite.runtime.instrumentation.CreateClassResetClassAdapter - Found static initializer in class io/netty/util/Recycler
13:35:24.396 [main] INFO org.evosuite.runtime.instrumentation.EvoClassLoader - Keeping class: io.netty.util.Recycler
13:35:24.397 [main] INFO org.evosuite.runtime.instrumentation.EvoClassLoader - Seeing class for first time: io.netty.util.internal.ObjectPool$RecyclerObjectPool$1
13:35:24.397 [main] INFO org.evosuite.runtime.instrumentation.EvoClassLoader - Instrumenting class 'io.netty.util.internal.ObjectPool$RecyclerObjectPool$1'.
13:35:24.397 [main] INFO org.evosuite.runtime.instrumentation.MethodCallReplacementClassAdapter - Adding mock interface to class io/netty/util/internal/ObjectPool$RecyclerObjectPool$1
13:35:24.398 [main] INFO org.evosuite.runtime.instrumentation.EvoClassLoader - Keeping class: io.netty.util.internal.ObjectPool$RecyclerObjectPool$1
13:35:24.399 [main] INFO org.evosuite.runtime.instrumentation.EvoClassLoader - Seeing class for first time: io.netty.util.Recycler$EnhancedHandle
13:35:24.399 [main] INFO org.evosuite.runtime.instrumentation.EvoClassLoader - Instrumenting class 'io.netty.util.Recycler$EnhancedHandle'.
13:35:24.400 [main] INFO org.evosuite.runtime.instrumentation.MethodCallReplacementClassAdapter - Adding mock interface to class io/netty/util/Recycler$EnhancedHandle
13:35:24.400 [main] INFO org.evosuite.runtime.instrumentation.CreateClassResetClassAdapter - Creating brand-new static initializer in class io/netty/util/Recycler$EnhancedHandle
13:35:24.401 [main] INFO org.evosuite.runtime.instrumentation.EvoClassLoader - Seeing class for first time: io.netty.util.Recycler$Handle
13:35:24.401 [main] INFO org.evosuite.runtime.instrumentation.EvoClassLoader - Instrumenting class 'io.netty.util.Recycler$Handle'.
13:35:24.401 [main] INFO org.evosuite.runtime.instrumentation.EvoClassLoader - Seeing class for first time: io.netty.util.internal.ObjectPool$Handle
13:35:24.401 [main] INFO org.evosuite.runtime.instrumentation.EvoClassLoader - Instrumenting class 'io.netty.util.internal.ObjectPool$Handle'.
13:35:24.402 [main] INFO org.evosuite.runtime.instrumentation.EvoClassLoader - Keeping class: io.netty.util.internal.ObjectPool$Handle
13:35:24.402 [main] INFO org.evosuite.runtime.instrumentation.EvoClassLoader - Keeping class: io.netty.util.Recycler$Handle
13:35:24.402 [main] INFO org.evosuite.runtime.instrumentation.EvoClassLoader - Keeping class: io.netty.util.Recycler$EnhancedHandle
13:35:24.402 [main] INFO org.evosuite.runtime.instrumentation.EvoClassLoader - Seeing class for first time: io.netty.util.Recycler$1
13:35:24.402 [main] INFO org.evosuite.runtime.instrumentation.EvoClassLoader - Instrumenting class 'io.netty.util.Recycler$1'.
13:35:24.403 [main] INFO org.evosuite.runtime.instrumentation.MethodCallReplacementClassAdapter - Adding mock interface to class io/netty/util/Recycler$1
13:35:24.403 [main] INFO org.evosuite.runtime.instrumentation.EvoClassLoader - Keeping class: io.netty.util.Recycler$1
13:35:24.403 [main] INFO org.evosuite.runtime.instrumentation.EvoClassLoader - Seeing class for first time: io.netty.util.concurrent.FastThreadLocal
13:35:24.403 [main] INFO org.evosuite.runtime.instrumentation.EvoClassLoader - Instrumenting class 'io.netty.util.concurrent.FastThreadLocal'.
13:35:24.404 [main] INFO org.evosuite.runtime.instrumentation.MethodCallReplacementClassAdapter - Adding mock interface to class io/netty/util/concurrent/FastThreadLocal
13:35:24.406 [main] INFO org.evosuite.runtime.instrumentation.CreateClassResetClassAdapter - Creating brand-new static initializer in class io/netty/util/concurrent/FastThreadLocal
13:35:24.406 [main] INFO org.evosuite.runtime.instrumentation.EvoClassLoader - Defined package (3): package io.netty.util.concurrent, 1377604431
13:35:24.407 [main] INFO org.evosuite.runtime.instrumentation.EvoClassLoader - Keeping class: io.netty.util.concurrent.FastThreadLocal
13:35:24.407 [main] INFO org.evosuite.runtime.instrumentation.EvoClassLoader - Seeing class for first time: io.netty.util.Recycler$2
13:35:24.407 [main] INFO org.evosuite.runtime.instrumentation.EvoClassLoader - Instrumenting class 'io.netty.util.Recycler$2'.
13:35:24.408 [main] INFO org.evosuite.runtime.instrumentation.MethodCallReplacementClassAdapter - Adding mock interface to class io/netty/util/Recycler$2
13:35:24.408 [main] INFO org.evosuite.runtime.instrumentation.EvoClassLoader - Keeping class: io.netty.util.Recycler$2
13:35:24.410 [main] DEBUG io.netty.util.Recycler - -Dio.netty.recycler.maxCapacityPerThread: 4096
13:35:24.410 [main] DEBUG io.netty.util.Recycler - -Dio.netty.recycler.ratio: 8
13:35:24.410 [main] DEBUG io.netty.util.Recycler - -Dio.netty.recycler.chunkSize: 32
13:35:24.410 [main] DEBUG io.netty.util.Recycler - -Dio.netty.recycler.blocking: false
13:35:24.410 [main] DEBUG io.netty.util.Recycler - -Dio.netty.recycler.batchFastThreadLocalOnly: true
13:35:24.410 [main] INFO org.evosuite.runtime.instrumentation.EvoClassLoader - Seeing class for first time: io.netty.util.internal.InternalThreadLocalMap
13:35:24.410 [main] INFO org.evosuite.runtime.instrumentation.EvoClassLoader - Instrumenting class 'io.netty.util.internal.InternalThreadLocalMap'.
13:35:24.411 [main] INFO org.evosuite.runtime.instrumentation.MethodCallReplacementClassAdapter - Adding mock interface to class io/netty/util/internal/InternalThreadLocalMap
13:35:24.414 [main] INFO org.evosuite.runtime.instrumentation.CreateClassResetClassAdapter - Found static initializer in class io/netty/util/internal/InternalThreadLocalMap
13:35:24.415 [main] INFO org.evosuite.runtime.instrumentation.EvoClassLoader - Seeing class for first time: io.netty.util.internal.UnpaddedInternalThreadLocalMap
13:35:24.415 [main] INFO org.evosuite.runtime.instrumentation.EvoClassLoader - Instrumenting class 'io.netty.util.internal.UnpaddedInternalThreadLocalMap'.
13:35:24.415 [main] INFO org.evosuite.runtime.instrumentation.MethodCallReplacementClassAdapter - Adding mock interface to class io/netty/util/internal/UnpaddedInternalThreadLocalMap
13:35:24.416 [main] INFO org.evosuite.runtime.instrumentation.CreateClassResetClassAdapter - Creating brand-new static initializer in class io/netty/util/internal/UnpaddedInternalThreadLocalMap
13:35:24.416 [main] INFO org.evosuite.runtime.instrumentation.EvoClassLoader - Keeping class: io.netty.util.internal.UnpaddedInternalThreadLocalMap
13:35:24.416 [main] INFO org.evosuite.runtime.instrumentation.EvoClassLoader - Keeping class: io.netty.util.internal.InternalThreadLocalMap
13:35:24.417 [main] DEBUG io.netty.util.internal.InternalThreadLocalMap - -Dio.netty.threadLocalMap.stringBuilder.initialSize: 1024
13:35:24.417 [main] DEBUG io.netty.util.internal.InternalThreadLocalMap - -Dio.netty.threadLocalMap.stringBuilder.maxSize: 4096
13:35:24.417 [main] INFO org.evosuite.runtime.instrumentation.EvoClassLoader - Seeing class for first time: io.netty.buffer.AbstractUnsafeSwappedByteBuf
13:35:24.417 [main] INFO org.evosuite.runtime.instrumentation.EvoClassLoader - Instrumenting class 'io.netty.buffer.AbstractUnsafeSwappedByteBuf'.
13:35:24.418 [main] INFO org.evosuite.runtime.instrumentation.MethodCallReplacementClassAdapter - Adding mock interface to class io/netty/buffer/AbstractUnsafeSwappedByteBuf
13:35:24.419 [main] INFO org.evosuite.runtime.instrumentation.CreateClassResetClassAdapter - Found static initializer in class io/netty/buffer/AbstractUnsafeSwappedByteBuf
13:35:24.419 [main] INFO org.evosuite.runtime.instrumentation.EvoClassLoader - Keeping class: io.netty.buffer.AbstractUnsafeSwappedByteBuf
13:35:24.421 [main] INFO org.evosuite.runtime.instrumentation.EvoClassLoader - Seeing class for first time: io.netty.util.internal.shaded.org.jctools.util.UnsafeAccess
13:35:24.422 [main] INFO org.evosuite.runtime.instrumentation.EvoClassLoader - Instrumenting class 'io.netty.util.internal.shaded.org.jctools.util.UnsafeAccess'.
13:35:24.422 [main] INFO org.evosuite.runtime.instrumentation.MethodCallReplacementClassAdapter - Adding mock interface to class io/netty/util/internal/shaded/org/jctools/util/UnsafeAccess
13:35:24.424 [main] INFO org.evosuite.runtime.instrumentation.CreateClassResetClassAdapter - Found static initializer in class io/netty/util/internal/shaded/org/jctools/util/UnsafeAccess
13:35:24.424 [main] INFO org.evosuite.runtime.instrumentation.EvoClassLoader - Defined package (3): package io.netty.util.internal.shaded.org.jctools.util, -1500502634
13:35:24.424 [main] INFO org.evosuite.runtime.instrumentation.EvoClassLoader - Keeping class: io.netty.util.internal.shaded.org.jctools.util.UnsafeAccess
13:35:24.425 [main] INFO org.evosuite.runtime.instrumentation.EvoClassLoader - Seeing class for first time: io.netty.util.internal.shaded.org.jctools.queues.LinkedQueueNode
13:35:24.425 [main] INFO org.evosuite.runtime.instrumentation.EvoClassLoader - Instrumenting class 'io.netty.util.internal.shaded.org.jctools.queues.LinkedQueueNode'.
13:35:24.425 [main] INFO org.evosuite.runtime.instrumentation.MethodCallReplacementClassAdapter - Adding mock interface to class io/netty/util/internal/shaded/org/jctools/queues/LinkedQueueNode
13:35:24.426 [main] INFO org.evosuite.runtime.instrumentation.CreateClassResetClassAdapter - Found static initializer in class io/netty/util/internal/shaded/org/jctools/queues/LinkedQueueNode
13:35:24.426 [main] INFO org.evosuite.runtime.instrumentation.EvoClassLoader - Keeping class: io.netty.util.internal.shaded.org.jctools.queues.LinkedQueueNode
13:35:24.427 [main] INFO org.evosuite.runtime.instrumentation.EvoClassLoader - Seeing class for first time: io.netty.buffer.UnpooledByteBufAllocator$InstrumentedUnpooledUnsafeNoCleanerDirectByteBuf
13:35:24.427 [main] INFO org.evosuite.runtime.instrumentation.EvoClassLoader - Instrumenting class 'io.netty.buffer.UnpooledByteBufAllocator$InstrumentedUnpooledUnsafeNoCleanerDirectByteBuf'.
13:35:24.428 [main] INFO org.evosuite.runtime.instrumentation.MethodCallReplacementClassAdapter - Adding mock interface to class io/netty/buffer/UnpooledByteBufAllocator$InstrumentedUnpooledUnsafeNoCleanerDirectByteBuf
13:35:24.428 [main] INFO org.evosuite.runtime.instrumentation.CreateClassResetClassAdapter - Creating brand-new static initializer in class io/netty/buffer/UnpooledByteBufAllocator$InstrumentedUnpooledUnsafeNoCleanerDirectByteBuf
13:35:24.428 [main] INFO org.evosuite.runtime.instrumentation.EvoClassLoader - Keeping class: io.netty.buffer.UnpooledByteBufAllocator$InstrumentedUnpooledUnsafeNoCleanerDirectByteBuf
13:35:24.429 [main] INFO org.evosuite.runtime.instrumentation.EvoClassLoader - Seeing class for first time: io.netty.buffer.UnsafeDirectSwappedByteBuf
13:35:24.429 [main] INFO org.evosuite.runtime.instrumentation.EvoClassLoader - Instrumenting class 'io.netty.buffer.UnsafeDirectSwappedByteBuf'.
13:35:24.429 [main] INFO org.evosuite.runtime.instrumentation.MethodCallReplacementClassAdapter - Adding mock interface to class io/netty/buffer/UnsafeDirectSwappedByteBuf
13:35:24.430 [main] INFO org.evosuite.runtime.instrumentation.CreateClassResetClassAdapter - Creating brand-new static initializer in class io/netty/buffer/UnsafeDirectSwappedByteBuf
13:35:24.431 [main] INFO org.evosuite.runtime.instrumentation.EvoClassLoader - Keeping class: io.netty.buffer.UnsafeDirectSwappedByteBuf
13:35:24.432 [main] INFO org.evosuite.runtime.instrumentation.EvoClassLoader - Seeing class for first time: net.jpountz.xxhash.StreamingXXHash64
13:35:24.432 [main] INFO org.evosuite.runtime.instrumentation.EvoClassLoader - Instrumenting class 'net.jpountz.xxhash.StreamingXXHash64'.
13:35:24.433 [main] INFO org.evosuite.runtime.instrumentation.MethodCallReplacementClassAdapter - Adding mock interface to class net/jpountz/xxhash/StreamingXXHash64
13:35:24.433 [main] INFO org.evosuite.runtime.instrumentation.CreateClassResetClassAdapter - Creating brand-new static initializer in class net/jpountz/xxhash/StreamingXXHash64
13:35:24.434 [main] INFO org.evosuite.runtime.instrumentation.EvoClassLoader - Keeping class: net.jpountz.xxhash.StreamingXXHash64
13:35:24.434 [main] INFO org.evosuite.runtime.instrumentation.EvoClassLoader - Seeing class for first time: net.jpountz.xxhash.StreamingXXHash32JavaUnsafe
13:35:24.434 [main] INFO org.evosuite.runtime.instrumentation.EvoClassLoader - Instrumenting class 'net.jpountz.xxhash.StreamingXXHash32JavaUnsafe'.
13:35:24.435 [main] INFO org.evosuite.runtime.instrumentation.MethodCallReplacementClassAdapter - Adding mock interface to class net/jpountz/xxhash/StreamingXXHash32JavaUnsafe
13:35:24.435 [main] INFO org.evosuite.runtime.instrumentation.CreateClassResetClassAdapter - Creating brand-new static initializer in class net/jpountz/xxhash/StreamingXXHash32JavaUnsafe
13:35:24.436 [main] INFO org.evosuite.runtime.instrumentation.EvoClassLoader - Seeing class for first time: net.jpountz.xxhash.AbstractStreamingXXHash32Java
13:35:24.436 [main] INFO org.evosuite.runtime.instrumentation.EvoClassLoader - Instrumenting class 'net.jpountz.xxhash.AbstractStreamingXXHash32Java'.
13:35:24.436 [main] INFO org.evosuite.runtime.instrumentation.MethodCallReplacementClassAdapter - Adding mock interface to class net/jpountz/xxhash/AbstractStreamingXXHash32Java
13:35:24.437 [main] INFO org.evosuite.runtime.instrumentation.CreateClassResetClassAdapter - Creating brand-new static initializer in class net/jpountz/xxhash/AbstractStreamingXXHash32Java
13:35:24.437 [main] INFO org.evosuite.runtime.instrumentation.EvoClassLoader - Seeing class for first time: net.jpountz.xxhash.StreamingXXHash32
13:35:24.437 [main] INFO org.evosuite.runtime.instrumentation.EvoClassLoader - Instrumenting class 'net.jpountz.xxhash.StreamingXXHash32'.
13:35:24.437 [main] INFO org.evosuite.runtime.instrumentation.MethodCallReplacementClassAdapter - Adding mock interface to class net/jpountz/xxhash/StreamingXXHash32
13:35:24.438 [main] INFO org.evosuite.runtime.instrumentation.CreateClassResetClassAdapter - Creating brand-new static initializer in class net/jpountz/xxhash/StreamingXXHash32
13:35:24.438 [main] INFO org.evosuite.runtime.instrumentation.EvoClassLoader - Keeping class: net.jpountz.xxhash.StreamingXXHash32
13:35:24.438 [main] INFO org.evosuite.runtime.instrumentation.EvoClassLoader - Keeping class: net.jpountz.xxhash.AbstractStreamingXXHash32Java
13:35:24.438 [main] INFO org.evosuite.runtime.instrumentation.EvoClassLoader - Keeping class: net.jpountz.xxhash.StreamingXXHash32JavaUnsafe
13:35:24.439 [main] INFO org.evosuite.runtime.instrumentation.EvoClassLoader - Seeing class for first time: io.netty.handler.codec.compression.ByteBufChecksum$1
13:35:24.439 [main] INFO org.evosuite.runtime.instrumentation.EvoClassLoader - Instrumenting class 'io.netty.handler.codec.compression.ByteBufChecksum$1'.
13:35:24.440 [main] INFO org.evosuite.runtime.instrumentation.MethodCallReplacementClassAdapter - Adding mock interface to class io/netty/handler/codec/compression/ByteBufChecksum$1
13:35:24.441 [main] INFO org.evosuite.runtime.instrumentation.EvoClassLoader - Seeing class for first time: io.netty.util.ByteProcessor
13:35:24.441 [main] INFO org.evosuite.runtime.instrumentation.EvoClassLoader - Instrumenting class 'io.netty.util.ByteProcessor'.
13:35:24.442 [main] INFO org.evosuite.runtime.instrumentation.EvoClassLoader - Keeping class: io.netty.util.ByteProcessor
13:35:24.443 [main] INFO org.evosuite.runtime.instrumentation.EvoClassLoader - Keeping class: io.netty.handler.codec.compression.ByteBufChecksum$1
13:35:24.450 [main] INFO org.evosuite.runtime.instrumentation.EvoClassLoader - Seeing class for first time: io.netty.util.NettyRuntime
13:35:24.450 [main] INFO org.evosuite.runtime.instrumentation.EvoClassLoader - Instrumenting class 'io.netty.util.NettyRuntime'.
13:35:24.452 [main] INFO org.evosuite.runtime.instrumentation.MethodCallReplacementClassAdapter - Adding mock interface to class io/netty/util/NettyRuntime
13:35:24.453 [main] INFO org.evosuite.runtime.instrumentation.CreateClassResetClassAdapter - Found static initializer in class io/netty/util/NettyRuntime
13:35:24.453 [main] INFO org.evosuite.runtime.instrumentation.EvoClassLoader - Keeping class: io.netty.util.NettyRuntime
13:35:24.453 [main] INFO org.evosuite.runtime.instrumentation.EvoClassLoader - Seeing class for first time: io.netty.util.NettyRuntime$AvailableProcessorsHolder
13:35:24.453 [main] INFO org.evosuite.runtime.instrumentation.EvoClassLoader - Instrumenting class 'io.netty.util.NettyRuntime$AvailableProcessorsHolder'.
13:35:24.456 [main] INFO org.evosuite.runtime.instrumentation.MethodCallReplacementClassAdapter - Adding mock interface to class io/netty/util/NettyRuntime$AvailableProcessorsHolder
13:35:24.458 [main] INFO org.evosuite.runtime.instrumentation.CreateClassResetClassAdapter - Creating brand-new static initializer in class io/netty/util/NettyRuntime$AvailableProcessorsHolder
13:35:24.458 [main] INFO org.evosuite.runtime.instrumentation.EvoClassLoader - Keeping class: io.netty.util.NettyRuntime$AvailableProcessorsHolder
13:35:24.459 [main] INFO org.evosuite.runtime.instrumentation.EvoClassLoader - Seeing class for first time: io.netty.buffer.AbstractPooledDerivedByteBuf$PooledNonRetainedDuplicateByteBuf
13:35:24.459 [main] INFO org.evosuite.runtime.instrumentation.EvoClassLoader - Instrumenting class 'io.netty.buffer.AbstractPooledDerivedByteBuf$PooledNonRetainedDuplicateByteBuf'.
13:35:24.460 [main] INFO org.evosuite.runtime.instrumentation.MethodCallReplacementClassAdapter - Adding mock interface to class io/netty/buffer/AbstractPooledDerivedByteBuf$PooledNonRetainedDuplicateByteBuf
13:35:24.461 [main] INFO org.evosuite.runtime.instrumentation.CreateClassResetClassAdapter - Creating brand-new static initializer in class io/netty/buffer/AbstractPooledDerivedByteBuf$PooledNonRetainedDuplicateByteBuf
13:35:24.462 [main] INFO org.evosuite.runtime.instrumentation.EvoClassLoader - Keeping class: io.netty.buffer.AbstractPooledDerivedByteBuf$PooledNonRetainedDuplicateByteBuf
13:35:24.462 [main] INFO org.evosuite.runtime.instrumentation.EvoClassLoader - Seeing class for first time: io.netty.buffer.AbstractPooledDerivedByteBuf$PooledNonRetainedSlicedByteBuf
13:35:24.462 [main] INFO org.evosuite.runtime.instrumentation.EvoClassLoader - Instrumenting class 'io.netty.buffer.AbstractPooledDerivedByteBuf$PooledNonRetainedSlicedByteBuf'.
13:35:24.463 [main] INFO org.evosuite.runtime.instrumentation.MethodCallReplacementClassAdapter - Adding mock interface to class io/netty/buffer/AbstractPooledDerivedByteBuf$PooledNonRetainedSlicedByteBuf
13:35:24.464 [main] INFO org.evosuite.runtime.instrumentation.CreateClassResetClassAdapter - Creating brand-new static initializer in class io/netty/buffer/AbstractPooledDerivedByteBuf$PooledNonRetainedSlicedByteBuf
13:35:24.465 [main] INFO org.evosuite.runtime.instrumentation.EvoClassLoader - Keeping class: io.netty.buffer.AbstractPooledDerivedByteBuf$PooledNonRetainedSlicedByteBuf
13:35:24.466 [main] INFO org.evosuite.runtime.instrumentation.EvoClassLoader - Seeing class for first time: io.netty.buffer.PooledSlicedByteBuf$1
13:35:24.466 [main] INFO org.evosuite.runtime.instrumentation.EvoClassLoader - Instrumenting class 'io.netty.buffer.PooledSlicedByteBuf$1'.
13:35:24.466 [main] INFO org.evosuite.runtime.instrumentation.MethodCallReplacementClassAdapter - Adding mock interface to class io/netty/buffer/PooledSlicedByteBuf$1
13:35:24.467 [main] INFO org.evosuite.runtime.instrumentation.EvoClassLoader - Keeping class: io.netty.buffer.PooledSlicedByteBuf$1
13:35:24.468 [main] INFO org.evosuite.runtime.instrumentation.EvoClassLoader - Seeing class for first time: io.netty.buffer.UnpooledByteBufAllocator$InstrumentedUnpooledUnsafeDirectByteBuf
13:35:24.468 [main] INFO org.evosuite.runtime.instrumentation.EvoClassLoader - Instrumenting class 'io.netty.buffer.UnpooledByteBufAllocator$InstrumentedUnpooledUnsafeDirectByteBuf'.
13:35:24.468 [main] INFO org.evosuite.runtime.instrumentation.MethodCallReplacementClassAdapter - Adding mock interface to class io/netty/buffer/UnpooledByteBufAllocator$InstrumentedUnpooledUnsafeDirectByteBuf
13:35:24.469 [main] INFO org.evosuite.runtime.instrumentation.CreateClassResetClassAdapter - Creating brand-new static initializer in class io/netty/buffer/UnpooledByteBufAllocator$InstrumentedUnpooledUnsafeDirectByteBuf
13:35:24.469 [main] INFO org.evosuite.runtime.instrumentation.EvoClassLoader - Keeping class: io.netty.buffer.UnpooledByteBufAllocator$InstrumentedUnpooledUnsafeDirectByteBuf
13:35:24.470 [main] INFO org.evosuite.runtime.instrumentation.EvoClassLoader - Seeing class for first time: io.netty.buffer.PooledByteBufAllocator
13:35:24.470 [main] INFO org.evosuite.runtime.instrumentation.EvoClassLoader - Instrumenting class 'io.netty.buffer.PooledByteBufAllocator'.
13:35:24.471 [main] INFO org.evosuite.runtime.instrumentation.MethodCallReplacementClassAdapter - Adding mock interface to class io/netty/buffer/PooledByteBufAllocator
13:35:24.489 [main] INFO org.evosuite.runtime.instrumentation.CreateClassResetClassAdapter - Found static initializer in class io/netty/buffer/PooledByteBufAllocator
13:35:24.490 [main] INFO org.evosuite.runtime.instrumentation.EvoClassLoader - Seeing class for first time: io.netty.buffer.ByteBufAllocatorMetricProvider
13:35:24.490 [main] INFO org.evosuite.runtime.instrumentation.EvoClassLoader - Instrumenting class 'io.netty.buffer.ByteBufAllocatorMetricProvider'.
13:35:24.491 [main] INFO org.evosuite.runtime.instrumentation.EvoClassLoader - Keeping class: io.netty.buffer.ByteBufAllocatorMetricProvider
13:35:24.491 [main] INFO org.evosuite.runtime.instrumentation.EvoClassLoader - Seeing class for first time: io.netty.buffer.AbstractByteBufAllocator
13:35:24.491 [main] INFO org.evosuite.runtime.instrumentation.EvoClassLoader - Instrumenting class 'io.netty.buffer.AbstractByteBufAllocator'.
13:35:24.492 [main] INFO org.evosuite.runtime.instrumentation.MethodCallReplacementClassAdapter - Adding mock interface to class io/netty/buffer/AbstractByteBufAllocator
13:35:24.508 [main] INFO org.evosuite.runtime.instrumentation.CreateClassResetClassAdapter - Found static initializer in class io/netty/buffer/AbstractByteBufAllocator
13:35:24.509 [main] INFO org.evosuite.runtime.instrumentation.EvoClassLoader - Keeping class: io.netty.buffer.AbstractByteBufAllocator
13:35:24.509 [main] INFO org.evosuite.runtime.instrumentation.EvoClassLoader - Keeping class: io.netty.buffer.PooledByteBufAllocator
13:35:24.509 [main] INFO org.evosuite.runtime.instrumentation.EvoClassLoader - Seeing class for first time: io.netty.buffer.SimpleLeakAwareByteBuf
13:35:24.509 [main] INFO org.evosuite.runtime.instrumentation.EvoClassLoader - Instrumenting class 'io.netty.buffer.SimpleLeakAwareByteBuf'.
13:35:24.510 [main] INFO org.evosuite.runtime.instrumentation.MethodCallReplacementClassAdapter - Adding mock interface to class io/netty/buffer/SimpleLeakAwareByteBuf
13:35:24.510 [main] INFO org.evosuite.runtime.instrumentation.CreateClassResetClassAdapter - Found static initializer in class io/netty/buffer/SimpleLeakAwareByteBuf
13:35:24.511 [main] INFO org.evosuite.runtime.instrumentation.EvoClassLoader - Seeing class for first time: io.netty.buffer.WrappedByteBuf
13:35:24.511 [main] INFO org.evosuite.runtime.instrumentation.EvoClassLoader - Instrumenting class 'io.netty.buffer.WrappedByteBuf'.
13:35:24.512 [main] INFO org.evosuite.runtime.instrumentation.MethodCallReplacementClassAdapter - Adding mock interface to class io/netty/buffer/WrappedByteBuf
13:35:24.513 [main] INFO org.evosuite.runtime.instrumentation.CreateClassResetClassAdapter - Creating brand-new static initializer in class io/netty/buffer/WrappedByteBuf
13:35:24.514 [main] INFO org.evosuite.runtime.instrumentation.EvoClassLoader - Keeping class: io.netty.buffer.WrappedByteBuf
13:35:24.515 [main] INFO org.evosuite.runtime.instrumentation.EvoClassLoader - Keeping class: io.netty.buffer.SimpleLeakAwareByteBuf
13:35:24.515 [main] INFO org.evosuite.runtime.instrumentation.EvoClassLoader - Seeing class for first time: io.netty.buffer.AdvancedLeakAwareByteBuf
13:35:24.515 [main] INFO org.evosuite.runtime.instrumentation.EvoClassLoader - Instrumenting class 'io.netty.buffer.AdvancedLeakAwareByteBuf'.
13:35:24.516 [main] INFO org.evosuite.runtime.instrumentation.MethodCallReplacementClassAdapter - Adding mock interface to class io/netty/buffer/AdvancedLeakAwareByteBuf
13:35:24.518 [main] INFO org.evosuite.runtime.instrumentation.CreateClassResetClassAdapter - Found static initializer in class io/netty/buffer/AdvancedLeakAwareByteBuf
13:35:24.519 [main] INFO org.evosuite.runtime.instrumentation.EvoClassLoader - Keeping class: io.netty.buffer.AdvancedLeakAwareByteBuf
13:35:24.519 [main] INFO org.evosuite.runtime.instrumentation.EvoClassLoader - Seeing class for first time: io.netty.buffer.SimpleLeakAwareCompositeByteBuf
13:35:24.519 [main] INFO org.evosuite.runtime.instrumentation.EvoClassLoader - Instrumenting class 'io.netty.buffer.SimpleLeakAwareCompositeByteBuf'.
13:35:24.520 [main] INFO org.evosuite.runtime.instrumentation.MethodCallReplacementClassAdapter - Adding mock interface to class io/netty/buffer/SimpleLeakAwareCompositeByteBuf
13:35:24.520 [main] INFO org.evosuite.runtime.instrumentation.CreateClassResetClassAdapter - Found static initializer in class io/netty/buffer/SimpleLeakAwareCompositeByteBuf
13:35:24.521 [main] INFO org.evosuite.runtime.instrumentation.EvoClassLoader - Seeing class for first time: io.netty.buffer.WrappedCompositeByteBuf
13:35:24.521 [main] INFO org.evosuite.runtime.instrumentation.EvoClassLoader - Instrumenting class 'io.netty.buffer.WrappedCompositeByteBuf'.
13:35:24.522 [main] INFO org.evosuite.runtime.instrumentation.MethodCallReplacementClassAdapter - Adding mock interface to class io/netty/buffer/WrappedCompositeByteBuf
13:35:24.524 [main] INFO org.evosuite.runtime.instrumentation.CreateClassResetClassAdapter - Creating brand-new static initializer in class io/netty/buffer/WrappedCompositeByteBuf
13:35:24.525 [main] INFO org.evosuite.runtime.instrumentation.EvoClassLoader - Keeping class: io.netty.buffer.WrappedCompositeByteBuf
13:35:24.526 [main] INFO org.evosuite.runtime.instrumentation.EvoClassLoader - Keeping class: io.netty.buffer.SimpleLeakAwareCompositeByteBuf
13:35:24.526 [main] INFO org.evosuite.runtime.instrumentation.EvoClassLoader - Seeing class for first time: io.netty.buffer.AdvancedLeakAwareCompositeByteBuf
13:35:24.526 [main] INFO org.evosuite.runtime.instrumentation.EvoClassLoader - Instrumenting class 'io.netty.buffer.AdvancedLeakAwareCompositeByteBuf'.
13:35:24.527 [main] INFO org.evosuite.runtime.instrumentation.MethodCallReplacementClassAdapter - Adding mock interface to class io/netty/buffer/AdvancedLeakAwareCompositeByteBuf
13:35:24.529 [main] INFO org.evosuite.runtime.instrumentation.CreateClassResetClassAdapter - Creating brand-new static initializer in class io/netty/buffer/AdvancedLeakAwareCompositeByteBuf
13:35:24.530 [main] INFO org.evosuite.runtime.instrumentation.EvoClassLoader - Keeping class: io.netty.buffer.AdvancedLeakAwareCompositeByteBuf
13:35:24.531 [main] INFO org.evosuite.runtime.instrumentation.EvoClassLoader - Seeing class for first time: io.netty.buffer.UnpooledHeapByteBuf
13:35:24.531 [main] INFO org.evosuite.runtime.instrumentation.EvoClassLoader - Instrumenting class 'io.netty.buffer.UnpooledHeapByteBuf'.
13:35:24.532 [main] INFO org.evosuite.runtime.instrumentation.MethodCallReplacementClassAdapter - Adding mock interface to class io/netty/buffer/UnpooledHeapByteBuf
13:35:24.534 [main] INFO org.evosuite.runtime.instrumentation.CreateClassResetClassAdapter - Creating brand-new static initializer in class io/netty/buffer/UnpooledHeapByteBuf
13:35:24.535 [main] INFO org.evosuite.runtime.instrumentation.EvoClassLoader - Keeping class: io.netty.buffer.UnpooledHeapByteBuf
13:35:24.535 [main] INFO org.evosuite.runtime.instrumentation.EvoClassLoader - Seeing class for first time: io.netty.buffer.UnpooledUnsafeHeapByteBuf
13:35:24.535 [main] INFO org.evosuite.runtime.instrumentation.EvoClassLoader - Instrumenting class 'io.netty.buffer.UnpooledUnsafeHeapByteBuf'.
13:35:24.537 [main] INFO org.evosuite.runtime.instrumentation.MethodCallReplacementClassAdapter - Adding mock interface to class io/netty/buffer/UnpooledUnsafeHeapByteBuf
13:35:24.538 [main] INFO org.evosuite.runtime.instrumentation.CreateClassResetClassAdapter - Creating brand-new static initializer in class io/netty/buffer/UnpooledUnsafeHeapByteBuf
13:35:24.538 [main] INFO org.evosuite.runtime.instrumentation.EvoClassLoader - Keeping class: io.netty.buffer.UnpooledUnsafeHeapByteBuf
13:35:24.538 [main] INFO org.evosuite.runtime.instrumentation.EvoClassLoader - Seeing class for first time: io.netty.buffer.ByteBufAllocatorMetric
13:35:24.538 [main] INFO org.evosuite.runtime.instrumentation.EvoClassLoader - Instrumenting class 'io.netty.buffer.ByteBufAllocatorMetric'.
13:35:24.539 [main] INFO org.evosuite.runtime.instrumentation.EvoClassLoader - Keeping class: io.netty.buffer.ByteBufAllocatorMetric
13:35:24.542 [main] DEBUG io.netty.buffer.PooledByteBufAllocator - -Dio.netty.allocator.numHeapArenas: 0
13:35:24.543 [main] DEBUG io.netty.buffer.PooledByteBufAllocator - -Dio.netty.allocator.numDirectArenas: 2
13:35:24.543 [main] DEBUG io.netty.buffer.PooledByteBufAllocator - -Dio.netty.allocator.pageSize: 8192
13:35:24.543 [main] DEBUG io.netty.buffer.PooledByteBufAllocator - -Dio.netty.allocator.maxOrder: 9
13:35:24.543 [main] DEBUG io.netty.buffer.PooledByteBufAllocator - -Dio.netty.allocator.chunkSize: 4194304
13:35:24.543 [main] DEBUG io.netty.buffer.PooledByteBufAllocator - -Dio.netty.allocator.smallCacheSize: 256
13:35:24.543 [main] DEBUG io.netty.buffer.PooledByteBufAllocator - -Dio.netty.allocator.normalCacheSize: 64
13:35:24.543 [main] DEBUG io.netty.buffer.PooledByteBufAllocator - -Dio.netty.allocator.maxCachedBufferCapacity: 32768
13:35:24.543 [main] DEBUG io.netty.buffer.PooledByteBufAllocator - -Dio.netty.allocator.cacheTrimInterval: 8192
13:35:24.543 [main] DEBUG io.netty.buffer.PooledByteBufAllocator - -Dio.netty.allocator.cacheTrimIntervalMillis: 0
13:35:24.543 [main] DEBUG io.netty.buffer.PooledByteBufAllocator - -Dio.netty.allocator.useCacheForAllThreads: false
13:35:24.543 [main] DEBUG io.netty.buffer.PooledByteBufAllocator - -Dio.netty.allocator.maxCachedByteBuffersPerChunk: 1023
13:35:24.544 [main] INFO org.evosuite.runtime.instrumentation.EvoClassLoader - Seeing class for first time: io.netty.buffer.PooledByteBufAllocator$1
13:35:24.544 [main] INFO org.evosuite.runtime.instrumentation.EvoClassLoader - Instrumenting class 'io.netty.buffer.PooledByteBufAllocator$1'.
13:35:24.545 [main] INFO org.evosuite.runtime.instrumentation.MethodCallReplacementClassAdapter - Adding mock interface to class io/netty/buffer/PooledByteBufAllocator$1
13:35:24.546 [main] INFO org.evosuite.runtime.instrumentation.EvoClassLoader - Keeping class: io.netty.buffer.PooledByteBufAllocator$1
13:35:24.547 [main] INFO org.evosuite.runtime.instrumentation.EvoClassLoader - Seeing class for first time: io.netty.buffer.PooledByteBufAllocator$PoolThreadLocalCache
13:35:24.547 [main] INFO org.evosuite.runtime.instrumentation.EvoClassLoader - Instrumenting class 'io.netty.buffer.PooledByteBufAllocator$PoolThreadLocalCache'.
13:35:24.548 [main] INFO org.evosuite.runtime.instrumentation.MethodCallReplacementClassAdapter - Adding mock interface to class io/netty/buffer/PooledByteBufAllocator$PoolThreadLocalCache
13:35:24.549 [main] INFO org.evosuite.runtime.instrumentation.CreateClassResetClassAdapter - Creating brand-new static initializer in class io/netty/buffer/PooledByteBufAllocator$PoolThreadLocalCache
13:35:24.549 [main] INFO org.evosuite.runtime.instrumentation.EvoClassLoader - Keeping class: io.netty.buffer.PooledByteBufAllocator$PoolThreadLocalCache
13:35:24.550 [main] INFO org.evosuite.runtime.instrumentation.EvoClassLoader - Seeing class for first time: io.netty.buffer.PoolArena
13:35:24.550 [main] INFO org.evosuite.runtime.instrumentation.EvoClassLoader - Instrumenting class 'io.netty.buffer.PoolArena'.
13:35:24.551 [main] INFO org.evosuite.runtime.instrumentation.MethodCallReplacementClassAdapter - Adding mock interface to class io/netty/buffer/PoolArena
13:35:24.554 [main] INFO org.evosuite.runtime.instrumentation.CreateClassResetClassAdapter - Found static initializer in class io/netty/buffer/PoolArena
13:35:24.555 [main] INFO org.evosuite.runtime.instrumentation.EvoClassLoader - Seeing class for first time: io.netty.buffer.PoolArenaMetric
13:35:24.555 [main] INFO org.evosuite.runtime.instrumentation.EvoClassLoader - Instrumenting class 'io.netty.buffer.PoolArenaMetric'.
13:35:24.556 [main] INFO org.evosuite.runtime.instrumentation.EvoClassLoader - Seeing class for first time: io.netty.buffer.SizeClassesMetric
13:35:24.556 [main] INFO org.evosuite.runtime.instrumentation.EvoClassLoader - Instrumenting class 'io.netty.buffer.SizeClassesMetric'.
13:35:24.557 [main] INFO org.evosuite.runtime.instrumentation.EvoClassLoader - Keeping class: io.netty.buffer.SizeClassesMetric
13:35:24.557 [main] INFO org.evosuite.runtime.instrumentation.EvoClassLoader - Keeping class: io.netty.buffer.PoolArenaMetric
13:35:24.558 [main] INFO org.evosuite.runtime.instrumentation.EvoClassLoader - Keeping class: io.netty.buffer.PoolArena
13:35:24.558 [main] INFO org.evosuite.runtime.instrumentation.EvoClassLoader - Seeing class for first time: io.netty.buffer.SizeClasses
13:35:24.558 [main] INFO org.evosuite.runtime.instrumentation.EvoClassLoader - Instrumenting class 'io.netty.buffer.SizeClasses'.
13:35:24.559 [main] INFO org.evosuite.runtime.instrumentation.MethodCallReplacementClassAdapter - Adding mock interface to class io/netty/buffer/SizeClasses
13:35:24.560 [main] INFO org.evosuite.runtime.instrumentation.CreateClassResetClassAdapter - Found static initializer in class io/netty/buffer/SizeClasses
13:35:24.561 [main] INFO org.evosuite.runtime.instrumentation.EvoClassLoader - Keeping class: io.netty.buffer.SizeClasses
13:35:24.561 [main] INFO org.evosuite.runtime.instrumentation.EvoClassLoader - Seeing class for first time: io.netty.buffer.PoolThreadCache
13:35:24.561 [main] INFO org.evosuite.runtime.instrumentation.EvoClassLoader - Instrumenting class 'io.netty.buffer.PoolThreadCache'.
13:35:24.563 [main] INFO org.evosuite.runtime.instrumentation.MethodCallReplacementClassAdapter - Adding mock interface to class io/netty/buffer/PoolThreadCache
13:35:24.566 [main] INFO org.evosuite.runtime.instrumentation.CreateClassResetClassAdapter - Found static initializer in class io/netty/buffer/PoolThreadCache
13:35:24.567 [main] INFO org.evosuite.runtime.instrumentation.EvoClassLoader - Keeping class: io.netty.buffer.PoolThreadCache
13:35:24.569 [main] INFO org.evosuite.runtime.instrumentation.EvoClassLoader - Seeing class for first time: io.netty.buffer.PoolArena$DirectArena
13:35:24.569 [main] INFO org.evosuite.runtime.instrumentation.EvoClassLoader - Instrumenting class 'io.netty.buffer.PoolArena$DirectArena'.
13:35:24.570 [main] INFO org.evosuite.runtime.instrumentation.MethodCallReplacementClassAdapter - Adding mock interface to class io/netty/buffer/PoolArena$DirectArena
13:35:24.570 [main] INFO org.evosuite.runtime.instrumentation.CreateClassResetClassAdapter - Creating brand-new static initializer in class io/netty/buffer/PoolArena$DirectArena
13:35:24.571 [main] INFO org.evosuite.runtime.instrumentation.EvoClassLoader - Keeping class: io.netty.buffer.PoolArena$DirectArena
13:35:24.572 [main] INFO org.evosuite.runtime.instrumentation.EvoClassLoader - Seeing class for first time: io.netty.buffer.PooledUnsafeDirectByteBuf
13:35:24.572 [main] INFO org.evosuite.runtime.instrumentation.EvoClassLoader - Instrumenting class 'io.netty.buffer.PooledUnsafeDirectByteBuf'.
13:35:24.573 [main] INFO org.evosuite.runtime.instrumentation.MethodCallReplacementClassAdapter - Adding mock interface to class io/netty/buffer/PooledUnsafeDirectByteBuf
13:35:24.574 [main] INFO org.evosuite.runtime.instrumentation.CreateClassResetClassAdapter - Found static initializer in class io/netty/buffer/PooledUnsafeDirectByteBuf
13:35:24.575 [main] INFO org.evosuite.runtime.instrumentation.EvoClassLoader - Keeping class: io.netty.buffer.PooledUnsafeDirectByteBuf
13:35:24.575 [main] INFO org.evosuite.runtime.instrumentation.EvoClassLoader - Seeing class for first time: io.netty.util.internal.LongAdderCounter
13:35:24.575 [main] INFO org.evosuite.runtime.instrumentation.EvoClassLoader - Instrumenting class 'io.netty.util.internal.LongAdderCounter'.
13:35:24.576 [main] INFO org.evosuite.runtime.instrumentation.MethodCallReplacementClassAdapter - Adding mock interface to class io/netty/util/internal/LongAdderCounter
13:35:24.576 [main] INFO org.evosuite.runtime.instrumentation.CreateClassResetClassAdapter - Creating brand-new static initializer in class io/netty/util/internal/LongAdderCounter
13:35:24.576 [main] INFO org.evosuite.runtime.instrumentation.EvoClassLoader - Keeping class: io.netty.util.internal.LongAdderCounter
13:35:24.577 [main] INFO org.evosuite.runtime.instrumentation.EvoClassLoader - Seeing class for first time: io.netty.buffer.PoolSubpage
13:35:24.577 [main] INFO org.evosuite.runtime.instrumentation.EvoClassLoader - Instrumenting class 'io.netty.buffer.PoolSubpage'.
13:35:24.578 [main] INFO org.evosuite.runtime.instrumentation.MethodCallReplacementClassAdapter - Adding mock interface to class io/netty/buffer/PoolSubpage
13:35:24.579 [main] INFO org.evosuite.runtime.instrumentation.CreateClassResetClassAdapter - Found static initializer in class io/netty/buffer/PoolSubpage
13:35:24.580 [main] INFO org.evosuite.runtime.instrumentation.EvoClassLoader - Seeing class for first time: io.netty.buffer.PoolSubpageMetric
13:35:24.580 [main] INFO org.evosuite.runtime.instrumentation.EvoClassLoader - Instrumenting class 'io.netty.buffer.PoolSubpageMetric'.
13:35:24.581 [main] INFO org.evosuite.runtime.instrumentation.EvoClassLoader - Keeping class: io.netty.buffer.PoolSubpageMetric
13:35:24.581 [main] INFO org.evosuite.runtime.instrumentation.EvoClassLoader - Keeping class: io.netty.buffer.PoolSubpage
13:35:24.582 [main] INFO org.evosuite.runtime.instrumentation.EvoClassLoader - Seeing class for first time: io.netty.buffer.PoolChunkList
13:35:24.582 [main] INFO org.evosuite.runtime.instrumentation.EvoClassLoader - Instrumenting class 'io.netty.buffer.PoolChunkList'.
13:35:24.583 [main] INFO org.evosuite.runtime.instrumentation.MethodCallReplacementClassAdapter - Adding mock interface to class io/netty/buffer/PoolChunkList
13:35:24.583 [main] INFO org.evosuite.runtime.instrumentation.CreateClassResetClassAdapter - Found static initializer in class io/netty/buffer/PoolChunkList
13:35:24.584 [main] INFO org.evosuite.runtime.instrumentation.EvoClassLoader - Seeing class for first time: io.netty.buffer.PoolChunkListMetric
13:35:24.584 [main] INFO org.evosuite.runtime.instrumentation.EvoClassLoader - Instrumenting class 'io.netty.buffer.PoolChunkListMetric'.
13:35:24.585 [main] INFO org.evosuite.runtime.instrumentation.EvoClassLoader - Keeping class: io.netty.buffer.PoolChunkListMetric
13:35:24.585 [main] INFO org.evosuite.runtime.instrumentation.EvoClassLoader - Keeping class: io.netty.buffer.PoolChunkList
13:35:24.586 [main] INFO org.evosuite.runtime.instrumentation.EvoClassLoader - Seeing class for first time: io.netty.buffer.PooledByteBufAllocatorMetric
13:35:24.586 [main] INFO org.evosuite.runtime.instrumentation.EvoClassLoader - Instrumenting class 'io.netty.buffer.PooledByteBufAllocatorMetric'.
13:35:24.586 [main] INFO org.evosuite.runtime.instrumentation.MethodCallReplacementClassAdapter - Adding mock interface to class io/netty/buffer/PooledByteBufAllocatorMetric
13:35:24.587 [main] INFO org.evosuite.runtime.instrumentation.CreateClassResetClassAdapter - Creating brand-new static initializer in class io/netty/buffer/PooledByteBufAllocatorMetric
13:35:24.587 [main] INFO org.evosuite.runtime.instrumentation.EvoClassLoader - Keeping class: io.netty.buffer.PooledByteBufAllocatorMetric
13:35:24.588 [main] INFO org.evosuite.runtime.instrumentation.EvoClassLoader - Seeing class for first time: net.jpountz.xxhash.StreamingXXHash32JavaUnsafe$Factory
13:35:24.588 [main] INFO org.evosuite.runtime.instrumentation.EvoClassLoader - Instrumenting class 'net.jpountz.xxhash.StreamingXXHash32JavaUnsafe$Factory'.
13:35:24.589 [main] INFO org.evosuite.runtime.instrumentation.MethodCallReplacementClassAdapter - Adding mock interface to class net/jpountz/xxhash/StreamingXXHash32JavaUnsafe$Factory
13:35:24.589 [main] INFO org.evosuite.runtime.instrumentation.CreateClassResetClassAdapter - Found static initializer in class net/jpountz/xxhash/StreamingXXHash32JavaUnsafe$Factory
13:35:24.589 [main] INFO org.evosuite.runtime.instrumentation.EvoClassLoader - Keeping class: net.jpountz.xxhash.StreamingXXHash32JavaUnsafe$Factory
13:35:24.590 [main] INFO org.evosuite.runtime.instrumentation.EvoClassLoader - Seeing class for first time: io.netty.buffer.UnpooledByteBufAllocator$UnpooledByteBufAllocatorMetric
13:35:24.590 [main] INFO org.evosuite.runtime.instrumentation.EvoClassLoader - Instrumenting class 'io.netty.buffer.UnpooledByteBufAllocator$UnpooledByteBufAllocatorMetric'.
13:35:24.590 [main] INFO org.evosuite.runtime.instrumentation.MethodCallReplacementClassAdapter - Adding mock interface to class io/netty/buffer/UnpooledByteBufAllocator$UnpooledByteBufAllocatorMetric
13:35:24.591 [main] INFO org.evosuite.runtime.instrumentation.CreateClassResetClassAdapter - Creating brand-new static initializer in class io/netty/buffer/UnpooledByteBufAllocator$UnpooledByteBufAllocatorMetric
13:35:24.591 [main] INFO org.evosuite.runtime.instrumentation.EvoClassLoader - Keeping class: io.netty.buffer.UnpooledByteBufAllocator$UnpooledByteBufAllocatorMetric
13:35:24.592 [main] INFO org.evosuite.runtime.instrumentation.EvoClassLoader - Seeing class for first time: io.netty.buffer.UnpooledByteBufAllocator
13:35:24.592 [main] INFO org.evosuite.runtime.instrumentation.EvoClassLoader - Instrumenting class 'io.netty.buffer.UnpooledByteBufAllocator'.
13:35:24.593 [main] INFO org.evosuite.runtime.instrumentation.MethodCallReplacementClassAdapter - Adding mock interface to class io/netty/buffer/UnpooledByteBufAllocator
13:35:24.613 [main] INFO org.evosuite.runtime.instrumentation.CreateClassResetClassAdapter - Found static initializer in class io/netty/buffer/UnpooledByteBufAllocator
13:35:24.613 [main] INFO org.evosuite.runtime.instrumentation.EvoClassLoader - Keeping class: io.netty.buffer.UnpooledByteBufAllocator
13:35:24.613 [main] INFO org.evosuite.runtime.instrumentation.EvoClassLoader - Seeing class for first time: io.netty.buffer.UnpooledByteBufAllocator$InstrumentedUnpooledUnsafeHeapByteBuf
13:35:24.614 [main] INFO org.evosuite.runtime.instrumentation.EvoClassLoader - Instrumenting class 'io.netty.buffer.UnpooledByteBufAllocator$InstrumentedUnpooledUnsafeHeapByteBuf'.
13:35:24.614 [main] INFO org.evosuite.runtime.instrumentation.MethodCallReplacementClassAdapter - Adding mock interface to class io/netty/buffer/UnpooledByteBufAllocator$InstrumentedUnpooledUnsafeHeapByteBuf
13:35:24.615 [main] INFO org.evosuite.runtime.instrumentation.CreateClassResetClassAdapter - Creating brand-new static initializer in class io/netty/buffer/UnpooledByteBufAllocator$InstrumentedUnpooledUnsafeHeapByteBuf
13:35:24.615 [main] INFO org.evosuite.runtime.instrumentation.EvoClassLoader - Keeping class: io.netty.buffer.UnpooledByteBufAllocator$InstrumentedUnpooledUnsafeHeapByteBuf
13:35:24.615 [main] INFO org.evosuite.runtime.instrumentation.EvoClassLoader - Seeing class for first time: io.netty.buffer.UnpooledByteBufAllocator$InstrumentedUnpooledHeapByteBuf
13:35:24.615 [main] INFO org.evosuite.runtime.instrumentation.EvoClassLoader - Instrumenting class 'io.netty.buffer.UnpooledByteBufAllocator$InstrumentedUnpooledHeapByteBuf'.
13:35:24.616 [main] INFO org.evosuite.runtime.instrumentation.MethodCallReplacementClassAdapter - Adding mock interface to class io/netty/buffer/UnpooledByteBufAllocator$InstrumentedUnpooledHeapByteBuf
13:35:24.616 [main] INFO org.evosuite.runtime.instrumentation.CreateClassResetClassAdapter - Creating brand-new static initializer in class io/netty/buffer/UnpooledByteBufAllocator$InstrumentedUnpooledHeapByteBuf
13:35:24.617 [main] INFO org.evosuite.runtime.instrumentation.EvoClassLoader - Keeping class: io.netty.buffer.UnpooledByteBufAllocator$InstrumentedUnpooledHeapByteBuf
13:35:24.617 [main] INFO org.evosuite.runtime.instrumentation.EvoClassLoader - Seeing class for first time: net.jpountz.xxhash.AbstractStreamingXXHash64Java
13:35:24.618 [main] INFO org.evosuite.runtime.instrumentation.EvoClassLoader - Instrumenting class 'net.jpountz.xxhash.AbstractStreamingXXHash64Java'.
13:35:24.618 [main] INFO org.evosuite.runtime.instrumentation.MethodCallReplacementClassAdapter - Adding mock interface to class net/jpountz/xxhash/AbstractStreamingXXHash64Java
13:35:24.619 [main] INFO org.evosuite.runtime.instrumentation.CreateClassResetClassAdapter - Creating brand-new static initializer in class net/jpountz/xxhash/AbstractStreamingXXHash64Java
13:35:24.619 [main] INFO org.evosuite.runtime.instrumentation.EvoClassLoader - Keeping class: net.jpountz.xxhash.AbstractStreamingXXHash64Java
13:35:24.620 [main] INFO org.evosuite.runtime.instrumentation.EvoClassLoader - Seeing class for first time: io.netty.handler.codec.compression.Crc32c
13:35:24.620 [main] INFO org.evosuite.runtime.instrumentation.EvoClassLoader - Instrumenting class 'io.netty.handler.codec.compression.Crc32c'.
13:35:24.621 [main] INFO org.evosuite.runtime.instrumentation.MethodCallReplacementClassAdapter - Adding mock interface to class io/netty/handler/codec/compression/Crc32c
13:35:24.621 [main] INFO org.evosuite.runtime.instrumentation.CreateClassResetClassAdapter - Found static initializer in class io/netty/handler/codec/compression/Crc32c
13:35:24.622 [main] INFO org.evosuite.runtime.instrumentation.EvoClassLoader - Seeing class for first time: io.netty.handler.codec.compression.ByteBufChecksum
13:35:24.622 [main] INFO org.evosuite.runtime.instrumentation.EvoClassLoader - Instrumenting class 'io.netty.handler.codec.compression.ByteBufChecksum'.
13:35:24.623 [main] INFO org.evosuite.runtime.instrumentation.MethodCallReplacementClassAdapter - Adding mock interface to class io/netty/handler/codec/compression/ByteBufChecksum
13:35:24.623 [main] INFO org.evosuite.runtime.instrumentation.CreateClassResetClassAdapter - Found static initializer in class io/netty/handler/codec/compression/ByteBufChecksum
13:35:24.624 [main] INFO org.evosuite.runtime.instrumentation.EvoClassLoader - Keeping class: io.netty.handler.codec.compression.ByteBufChecksum
13:35:24.624 [main] INFO org.evosuite.runtime.instrumentation.EvoClassLoader - Keeping class: io.netty.handler.codec.compression.Crc32c
13:35:24.624 [main] INFO org.evosuite.runtime.instrumentation.EvoClassLoader - Seeing class for first time: io.netty.handler.codec.compression.ByteBufChecksum$ReflectiveByteBufChecksum
13:35:24.624 [main] INFO org.evosuite.runtime.instrumentation.EvoClassLoader - Instrumenting class 'io.netty.handler.codec.compression.ByteBufChecksum$ReflectiveByteBufChecksum'.
13:35:24.624 [main] INFO org.evosuite.runtime.instrumentation.MethodCallReplacementClassAdapter - Adding mock interface to class io/netty/handler/codec/compression/ByteBufChecksum$ReflectiveByteBufChecksum
13:35:24.625 [main] INFO org.evosuite.runtime.instrumentation.CreateClassResetClassAdapter - Creating brand-new static initializer in class io/netty/handler/codec/compression/ByteBufChecksum$ReflectiveByteBufChecksum
13:35:24.626 [main] INFO org.evosuite.runtime.instrumentation.EvoClassLoader - Seeing class for first time: io.netty.handler.codec.compression.ByteBufChecksum$SlowByteBufChecksum
13:35:24.626 [main] INFO org.evosuite.runtime.instrumentation.EvoClassLoader - Instrumenting class 'io.netty.handler.codec.compression.ByteBufChecksum$SlowByteBufChecksum'.
13:35:24.626 [main] INFO org.evosuite.runtime.instrumentation.MethodCallReplacementClassAdapter - Adding mock interface to class io/netty/handler/codec/compression/ByteBufChecksum$SlowByteBufChecksum
13:35:24.626 [main] INFO org.evosuite.runtime.instrumentation.CreateClassResetClassAdapter - Creating brand-new static initializer in class io/netty/handler/codec/compression/ByteBufChecksum$SlowByteBufChecksum
13:35:24.627 [main] INFO org.evosuite.runtime.instrumentation.EvoClassLoader - Keeping class: io.netty.handler.codec.compression.ByteBufChecksum$SlowByteBufChecksum
13:35:24.627 [main] INFO org.evosuite.runtime.instrumentation.EvoClassLoader - Keeping class: io.netty.handler.codec.compression.ByteBufChecksum$ReflectiveByteBufChecksum
13:35:24.628 [main] INFO org.evosuite.runtime.instrumentation.EvoClassLoader - Seeing class for first time: io.netty.util.ResourceLeakDetector$DefaultResourceLeak
13:35:24.628 [main] INFO org.evosuite.runtime.instrumentation.EvoClassLoader - Instrumenting class 'io.netty.util.ResourceLeakDetector$DefaultResourceLeak'.
13:35:24.629 [main] INFO org.evosuite.runtime.instrumentation.MethodCallReplacementClassAdapter - Adding mock interface to class io/netty/util/ResourceLeakDetector$DefaultResourceLeak
13:35:24.630 [main] INFO org.evosuite.runtime.instrumentation.CreateClassResetClassAdapter - Found static initializer in class io/netty/util/ResourceLeakDetector$DefaultResourceLeak
13:35:24.631 [main] INFO org.evosuite.runtime.instrumentation.EvoClassLoader - Keeping class: io.netty.util.ResourceLeakDetector$DefaultResourceLeak
13:35:24.636 [main] DEBUG io.netty.buffer.AdvancedLeakAwareByteBuf - -Dio.netty.leakDetection.acquireAndReleaseOnly: false
13:35:24.640 [main] INFO org.evosuite.runtime.instrumentation.EvoClassLoader - Seeing class for first time: io.netty.buffer.FixedCompositeByteBuf
13:35:24.640 [main] INFO org.evosuite.runtime.instrumentation.EvoClassLoader - Instrumenting class 'io.netty.buffer.FixedCompositeByteBuf'.
13:35:24.641 [main] INFO org.evosuite.runtime.instrumentation.MethodCallReplacementClassAdapter - Adding mock interface to class io/netty/buffer/FixedCompositeByteBuf
13:35:24.644 [main] INFO org.evosuite.runtime.instrumentation.CreateClassResetClassAdapter - Found static initializer in class io/netty/buffer/FixedCompositeByteBuf
13:35:24.645 [main] INFO org.evosuite.runtime.instrumentation.EvoClassLoader - Keeping class: io.netty.buffer.FixedCompositeByteBuf
13:35:24.646 [main] INFO org.evosuite.runtime.instrumentation.EvoClassLoader - Seeing class for first time: io.netty.buffer.Unpooled
13:35:24.646 [main] INFO org.evosuite.runtime.instrumentation.EvoClassLoader - Instrumenting class 'io.netty.buffer.Unpooled'.
13:35:24.647 [main] INFO org.evosuite.runtime.instrumentation.MethodCallReplacementClassAdapter - Adding mock interface to class io/netty/buffer/Unpooled
13:35:24.650 [main] INFO org.evosuite.runtime.instrumentation.CreateClassResetClassAdapter - Found static initializer in class io/netty/buffer/Unpooled
13:35:24.651 [main] INFO org.evosuite.runtime.instrumentation.EvoClassLoader - Keeping class: io.netty.buffer.Unpooled
13:35:24.651 [main] INFO org.evosuite.runtime.instrumentation.EvoClassLoader - Seeing class for first time: io.netty.buffer.UnreleasableByteBuf
13:35:24.651 [main] INFO org.evosuite.runtime.instrumentation.EvoClassLoader - Instrumenting class 'io.netty.buffer.UnreleasableByteBuf'.
13:35:24.652 [main] INFO org.evosuite.runtime.instrumentation.MethodCallReplacementClassAdapter - Adding mock interface to class io/netty/buffer/UnreleasableByteBuf
13:35:24.653 [main] INFO org.evosuite.runtime.instrumentation.CreateClassResetClassAdapter - Creating brand-new static initializer in class io/netty/buffer/UnreleasableByteBuf
13:35:24.653 [main] INFO org.evosuite.runtime.instrumentation.EvoClassLoader - Keeping class: io.netty.buffer.UnreleasableByteBuf
13:35:24.653 [main] INFO org.evosuite.runtime.instrumentation.EvoClassLoader - Seeing class for first time: io.netty.buffer.ReadOnlyUnsafeDirectByteBuf
13:35:24.653 [main] INFO org.evosuite.runtime.instrumentation.EvoClassLoader - Instrumenting class 'io.netty.buffer.ReadOnlyUnsafeDirectByteBuf'.
13:35:24.654 [main] INFO org.evosuite.runtime.instrumentation.MethodCallReplacementClassAdapter - Adding mock interface to class io/netty/buffer/ReadOnlyUnsafeDirectByteBuf
13:35:24.654 [main] INFO org.evosuite.runtime.instrumentation.CreateClassResetClassAdapter - Creating brand-new static initializer in class io/netty/buffer/ReadOnlyUnsafeDirectByteBuf
13:35:24.655 [main] INFO org.evosuite.runtime.instrumentation.EvoClassLoader - Seeing class for first time: io.netty.buffer.ReadOnlyByteBufferBuf
13:35:24.655 [main] INFO org.evosuite.runtime.instrumentation.EvoClassLoader - Instrumenting class 'io.netty.buffer.ReadOnlyByteBufferBuf'.
13:35:24.655 [main] INFO org.evosuite.runtime.instrumentation.MethodCallReplacementClassAdapter - Adding mock interface to class io/netty/buffer/ReadOnlyByteBufferBuf
13:35:24.657 [main] INFO org.evosuite.runtime.instrumentation.CreateClassResetClassAdapter - Creating brand-new static initializer in class io/netty/buffer/ReadOnlyByteBufferBuf
13:35:24.658 [main] INFO org.evosuite.runtime.instrumentation.EvoClassLoader - Keeping class: io.netty.buffer.ReadOnlyByteBufferBuf
13:35:24.658 [main] INFO org.evosuite.runtime.instrumentation.EvoClassLoader - Keeping class: io.netty.buffer.ReadOnlyUnsafeDirectByteBuf
13:35:24.658 [main] INFO org.evosuite.runtime.instrumentation.EvoClassLoader - Seeing class for first time: io.netty.buffer.WrappedUnpooledUnsafeDirectByteBuf
13:35:24.658 [main] INFO org.evosuite.runtime.instrumentation.EvoClassLoader - Instrumenting class 'io.netty.buffer.WrappedUnpooledUnsafeDirectByteBuf'.
13:35:24.658 [main] INFO org.evosuite.runtime.instrumentation.MethodCallReplacementClassAdapter - Adding mock interface to class io/netty/buffer/WrappedUnpooledUnsafeDirectByteBuf
13:35:24.659 [main] INFO org.evosuite.runtime.instrumentation.CreateClassResetClassAdapter - Creating brand-new static initializer in class io/netty/buffer/WrappedUnpooledUnsafeDirectByteBuf
13:35:24.659 [main] INFO org.evosuite.runtime.instrumentation.EvoClassLoader - Keeping class: io.netty.buffer.WrappedUnpooledUnsafeDirectByteBuf
13:35:24.660 [main] INFO org.evosuite.runtime.instrumentation.EvoClassLoader - Seeing class for first time: net.jpountz.xxhash.XXHash32
13:35:24.660 [main] INFO org.evosuite.runtime.instrumentation.EvoClassLoader - Instrumenting class 'net.jpountz.xxhash.XXHash32'.
13:35:24.661 [main] INFO org.evosuite.runtime.instrumentation.MethodCallReplacementClassAdapter - Adding mock interface to class net/jpountz/xxhash/XXHash32
13:35:24.661 [main] INFO org.evosuite.runtime.instrumentation.CreateClassResetClassAdapter - Creating brand-new static initializer in class net/jpountz/xxhash/XXHash32
13:35:24.662 [main] INFO org.evosuite.runtime.instrumentation.EvoClassLoader - Keeping class: net.jpountz.xxhash.XXHash32
13:35:24.662 [main] INFO org.evosuite.runtime.instrumentation.EvoClassLoader - Seeing class for first time: net.jpountz.util.SafeUtils
13:35:24.662 [main] INFO org.evosuite.runtime.instrumentation.EvoClassLoader - Instrumenting class 'net.jpountz.util.SafeUtils'.
13:35:24.663 [main] INFO org.evosuite.runtime.instrumentation.MethodCallReplacementClassAdapter - Adding mock interface to class net/jpountz/util/SafeUtils
13:35:24.667 [main] INFO org.evosuite.runtime.instrumentation.CreateClassResetClassAdapter - Found static initializer in class net/jpountz/util/SafeUtils
13:35:24.667 [main] INFO org.evosuite.runtime.instrumentation.EvoClassLoader - Keeping class: net.jpountz.util.SafeUtils
13:35:24.668 [main] INFO org.evosuite.runtime.instrumentation.EvoClassLoader - Seeing class for first time: net.jpountz.xxhash.StreamingXXHash64JavaUnsafe$Factory
13:35:24.669 [main] INFO org.evosuite.runtime.instrumentation.EvoClassLoader - Instrumenting class 'net.jpountz.xxhash.StreamingXXHash64JavaUnsafe$Factory'.
13:35:24.669 [main] INFO org.evosuite.runtime.instrumentation.MethodCallReplacementClassAdapter - Adding mock interface to class net/jpountz/xxhash/StreamingXXHash64JavaUnsafe$Factory
13:35:24.670 [main] INFO org.evosuite.runtime.instrumentation.CreateClassResetClassAdapter - Found static initializer in class net/jpountz/xxhash/StreamingXXHash64JavaUnsafe$Factory
13:35:24.670 [main] INFO org.evosuite.runtime.instrumentation.EvoClassLoader - Keeping class: net.jpountz.xxhash.StreamingXXHash64JavaUnsafe$Factory
13:35:24.670 [main] INFO org.evosuite.runtime.instrumentation.EvoClassLoader - Seeing class for first time: net.jpountz.xxhash.StreamingXXHash64JavaUnsafe
13:35:24.670 [main] INFO org.evosuite.runtime.instrumentation.EvoClassLoader - Instrumenting class 'net.jpountz.xxhash.StreamingXXHash64JavaUnsafe'.
13:35:24.671 [main] INFO org.evosuite.runtime.instrumentation.MethodCallReplacementClassAdapter - Adding mock interface to class net/jpountz/xxhash/StreamingXXHash64JavaUnsafe
13:35:24.672 [main] INFO org.evosuite.runtime.instrumentation.CreateClassResetClassAdapter - Creating brand-new static initializer in class net/jpountz/xxhash/StreamingXXHash64JavaUnsafe
13:35:24.673 [main] INFO org.evosuite.runtime.instrumentation.EvoClassLoader - Keeping class: net.jpountz.xxhash.StreamingXXHash64JavaUnsafe
13:35:24.674 [main] INFO org.evosuite.runtime.instrumentation.EvoClassLoader - Seeing class for first time: io.netty.buffer.UnsafeHeapSwappedByteBuf
13:35:24.674 [main] INFO org.evosuite.runtime.instrumentation.EvoClassLoader - Instrumenting class 'io.netty.buffer.UnsafeHeapSwappedByteBuf'.
13:35:24.829 [main] INFO org.evosuite.runtime.instrumentation.MethodCallReplacementClassAdapter - Adding mock interface to class io/netty/buffer/UnsafeHeapSwappedByteBuf
13:35:24.830 [main] INFO org.evosuite.runtime.instrumentation.CreateClassResetClassAdapter - Creating brand-new static initializer in class io/netty/buffer/UnsafeHeapSwappedByteBuf
13:35:24.830 [main] INFO org.evosuite.runtime.instrumentation.EvoClassLoader - Keeping class: io.netty.buffer.UnsafeHeapSwappedByteBuf
13:35:24.830 [main] INFO org.evosuite.runtime.instrumentation.EvoClassLoader - Seeing class for first time: io.netty.util.ByteProcessor$IndexOfProcessor
13:35:24.831 [main] INFO org.evosuite.runtime.instrumentation.EvoClassLoader - Instrumenting class 'io.netty.util.ByteProcessor$IndexOfProcessor'.
13:35:24.831 [main] INFO org.evosuite.runtime.instrumentation.MethodCallReplacementClassAdapter - Adding mock interface to class io/netty/util/ByteProcessor$IndexOfProcessor
13:35:24.832 [main] INFO org.evosuite.runtime.instrumentation.CreateClassResetClassAdapter - Creating brand-new static initializer in class io/netty/util/ByteProcessor$IndexOfProcessor
13:35:24.832 [main] INFO org.evosuite.runtime.instrumentation.EvoClassLoader - Keeping class: io.netty.util.ByteProcessor$IndexOfProcessor
13:35:24.833 [main] INFO org.evosuite.runtime.instrumentation.EvoClassLoader - Seeing class for first time: io.netty.util.ByteProcessor$IndexNotOfProcessor
13:35:24.833 [main] INFO org.evosuite.runtime.instrumentation.EvoClassLoader - Instrumenting class 'io.netty.util.ByteProcessor$IndexNotOfProcessor'.
13:35:24.834 [main] INFO org.evosuite.runtime.instrumentation.MethodCallReplacementClassAdapter - Adding mock interface to class io/netty/util/ByteProcessor$IndexNotOfProcessor
13:35:24.834 [main] INFO org.evosuite.runtime.instrumentation.CreateClassResetClassAdapter - Creating brand-new static initializer in class io/netty/util/ByteProcessor$IndexNotOfProcessor
13:35:24.834 [main] INFO org.evosuite.runtime.instrumentation.EvoClassLoader - Keeping class: io.netty.util.ByteProcessor$IndexNotOfProcessor
13:35:24.835 [main] INFO org.evosuite.runtime.instrumentation.EvoClassLoader - Seeing class for first time: io.netty.util.ByteProcessor$1
13:35:24.835 [main] INFO org.evosuite.runtime.instrumentation.EvoClassLoader - Instrumenting class 'io.netty.util.ByteProcessor$1'.
13:35:24.836 [main] INFO org.evosuite.runtime.instrumentation.MethodCallReplacementClassAdapter - Adding mock interface to class io/netty/util/ByteProcessor$1
13:35:24.836 [main] INFO org.evosuite.runtime.instrumentation.EvoClassLoader - Keeping class: io.netty.util.ByteProcessor$1
13:35:24.836 [main] INFO org.evosuite.runtime.instrumentation.EvoClassLoader - Seeing class for first time: io.netty.util.ByteProcessor$2
13:35:24.836 [main] INFO org.evosuite.runtime.instrumentation.EvoClassLoader - Instrumenting class 'io.netty.util.ByteProcessor$2'.
13:35:24.837 [main] INFO org.evosuite.runtime.instrumentation.MethodCallReplacementClassAdapter - Adding mock interface to class io/netty/util/ByteProcessor$2
13:35:24.838 [main] INFO org.evosuite.runtime.instrumentation.EvoClassLoader - Keeping class: io.netty.util.ByteProcessor$2
13:35:24.838 [main] INFO org.evosuite.runtime.instrumentation.EvoClassLoader - Seeing class for first time: io.netty.util.ByteProcessor$3
13:35:24.838 [main] INFO org.evosuite.runtime.instrumentation.EvoClassLoader - Instrumenting class 'io.netty.util.ByteProcessor$3'.
13:35:24.839 [main] INFO org.evosuite.runtime.instrumentation.MethodCallReplacementClassAdapter - Adding mock interface to class io/netty/util/ByteProcessor$3
13:35:24.840 [main] INFO org.evosuite.runtime.instrumentation.EvoClassLoader - Keeping class: io.netty.util.ByteProcessor$3
13:35:24.840 [main] INFO org.evosuite.runtime.instrumentation.EvoClassLoader - Seeing class for first time: io.netty.util.ByteProcessor$4
13:35:24.840 [main] INFO org.evosuite.runtime.instrumentation.EvoClassLoader - Instrumenting class 'io.netty.util.ByteProcessor$4'.
13:35:24.841 [main] INFO org.evosuite.runtime.instrumentation.MethodCallReplacementClassAdapter - Adding mock interface to class io/netty/util/ByteProcessor$4
13:35:24.841 [main] INFO org.evosuite.runtime.instrumentation.EvoClassLoader - Keeping class: io.netty.util.ByteProcessor$4
13:35:24.844 [main] INFO org.evosuite.runtime.instrumentation.EvoClassLoader - Seeing class for first time: net.jpountz.util.UnsafeUtils
13:35:24.844 [main] INFO org.evosuite.runtime.instrumentation.EvoClassLoader - Instrumenting class 'net.jpountz.util.UnsafeUtils'.
13:35:24.845 [main] INFO org.evosuite.runtime.instrumentation.MethodCallReplacementClassAdapter - Adding mock interface to class net/jpountz/util/UnsafeUtils
13:35:24.846 [main] INFO org.evosuite.runtime.instrumentation.CreateClassResetClassAdapter - Found static initializer in class net/jpountz/util/UnsafeUtils
13:35:24.847 [main] INFO org.evosuite.runtime.instrumentation.EvoClassLoader - Keeping class: net.jpountz.util.UnsafeUtils
13:35:24.852 [main] INFO org.evosuite.runtime.instrumentation.EvoClassLoader - Seeing class for first time: io.netty.buffer.CompositeByteBuf$ByteWrapper
13:35:24.852 [main] INFO org.evosuite.runtime.instrumentation.EvoClassLoader - Instrumenting class 'io.netty.buffer.CompositeByteBuf$ByteWrapper'.
13:35:24.854 [main] INFO org.evosuite.runtime.instrumentation.EvoClassLoader - Keeping class: io.netty.buffer.CompositeByteBuf$ByteWrapper
13:35:24.859 [main] INFO org.evosuite.runtime.instrumentation.EvoClassLoader - Seeing class for first time: io.netty.buffer.CompositeByteBuf$1
13:35:24.859 [main] INFO org.evosuite.runtime.instrumentation.EvoClassLoader - Instrumenting class 'io.netty.buffer.CompositeByteBuf$1'.
13:35:24.860 [main] INFO org.evosuite.runtime.instrumentation.MethodCallReplacementClassAdapter - Adding mock interface to class io/netty/buffer/CompositeByteBuf$1
13:35:24.861 [main] INFO org.evosuite.runtime.instrumentation.EvoClassLoader - Keeping class: io.netty.buffer.CompositeByteBuf$1
13:35:24.861 [main] INFO org.evosuite.runtime.instrumentation.EvoClassLoader - Seeing class for first time: io.netty.buffer.CompositeByteBuf$2
13:35:24.861 [main] INFO org.evosuite.runtime.instrumentation.EvoClassLoader - Instrumenting class 'io.netty.buffer.CompositeByteBuf$2'.
13:35:24.862 [main] INFO org.evosuite.runtime.instrumentation.MethodCallReplacementClassAdapter - Adding mock interface to class io/netty/buffer/CompositeByteBuf$2
13:35:24.863 [main] INFO org.evosuite.runtime.instrumentation.EvoClassLoader - Keeping class: io.netty.buffer.CompositeByteBuf$2
13:35:24.864 [main] INFO org.evosuite.runtime.instrumentation.EvoClassLoader - Seeing class for first time: io.netty.buffer.ByteBufUtil
13:35:24.864 [main] INFO org.evosuite.runtime.instrumentation.EvoClassLoader - Instrumenting class 'io.netty.buffer.ByteBufUtil'.
13:35:24.866 [main] INFO org.evosuite.runtime.instrumentation.MethodCallReplacementClassAdapter - Adding mock interface to class io/netty/buffer/ByteBufUtil
13:35:24.873 [main] INFO org.evosuite.runtime.instrumentation.CreateClassResetClassAdapter - Found static initializer in class io/netty/buffer/ByteBufUtil
13:35:24.877 [main] INFO org.evosuite.runtime.instrumentation.EvoClassLoader - Keeping class: io.netty.buffer.ByteBufUtil
13:35:24.878 [main] INFO org.evosuite.runtime.instrumentation.EvoClassLoader - Seeing class for first time: io.netty.buffer.ByteBufUtil$1
13:35:24.878 [main] INFO org.evosuite.runtime.instrumentation.EvoClassLoader - Instrumenting class 'io.netty.buffer.ByteBufUtil$1'.
13:35:24.879 [main] INFO org.evosuite.runtime.instrumentation.MethodCallReplacementClassAdapter - Adding mock interface to class io/netty/buffer/ByteBufUtil$1
13:35:24.880 [main] INFO org.evosuite.runtime.instrumentation.EvoClassLoader - Keeping class: io.netty.buffer.ByteBufUtil$1
13:35:24.880 [main] INFO org.evosuite.runtime.instrumentation.EvoClassLoader - Seeing class for first time: io.netty.buffer.ByteBufUtil$ThreadLocalUnsafeDirectByteBuf
13:35:24.880 [main] INFO org.evosuite.runtime.instrumentation.EvoClassLoader - Instrumenting class 'io.netty.buffer.ByteBufUtil$ThreadLocalUnsafeDirectByteBuf'.
13:35:24.881 [main] INFO org.evosuite.runtime.instrumentation.MethodCallReplacementClassAdapter - Adding mock interface to class io/netty/buffer/ByteBufUtil$ThreadLocalUnsafeDirectByteBuf
13:35:24.881 [main] INFO org.evosuite.runtime.instrumentation.CreateClassResetClassAdapter - Found static initializer in class io/netty/buffer/ByteBufUtil$ThreadLocalUnsafeDirectByteBuf
13:35:24.882 [main] INFO org.evosuite.runtime.instrumentation.EvoClassLoader - Keeping class: io.netty.buffer.ByteBufUtil$ThreadLocalUnsafeDirectByteBuf
13:35:24.882 [main] INFO org.evosuite.runtime.instrumentation.EvoClassLoader - Seeing class for first time: io.netty.buffer.ByteBufUtil$ThreadLocalDirectByteBuf
13:35:24.882 [main] INFO org.evosuite.runtime.instrumentation.EvoClassLoader - Instrumenting class 'io.netty.buffer.ByteBufUtil$ThreadLocalDirectByteBuf'.
13:35:24.882 [main] INFO org.evosuite.runtime.instrumentation.MethodCallReplacementClassAdapter - Adding mock interface to class io/netty/buffer/ByteBufUtil$ThreadLocalDirectByteBuf
13:35:24.882 [main] INFO org.evosuite.runtime.instrumentation.CreateClassResetClassAdapter - Found static initializer in class io/netty/buffer/ByteBufUtil$ThreadLocalDirectByteBuf
13:35:24.883 [main] INFO org.evosuite.runtime.instrumentation.EvoClassLoader - Keeping class: io.netty.buffer.ByteBufUtil$ThreadLocalDirectByteBuf
13:35:24.884 [main] INFO org.evosuite.runtime.instrumentation.EvoClassLoader - Seeing class for first time: io.netty.util.CharsetUtil
13:35:24.884 [main] INFO org.evosuite.runtime.instrumentation.EvoClassLoader - Instrumenting class 'io.netty.util.CharsetUtil'.
13:35:24.884 [main] INFO org.evosuite.runtime.instrumentation.MethodCallReplacementClassAdapter - Adding mock interface to class io/netty/util/CharsetUtil
13:35:24.885 [main] INFO org.evosuite.runtime.instrumentation.CreateClassResetClassAdapter - Found static initializer in class io/netty/util/CharsetUtil
13:35:24.885 [main] INFO org.evosuite.runtime.instrumentation.EvoClassLoader - Keeping class: io.netty.util.CharsetUtil
13:35:24.886 [main] INFO org.evosuite.runtime.instrumentation.EvoClassLoader - Seeing class for first time: io.netty.util.concurrent.FastThreadLocalThread
13:35:24.886 [main] INFO org.evosuite.runtime.instrumentation.EvoClassLoader - Instrumenting class 'io.netty.util.concurrent.FastThreadLocalThread'.
13:35:24.887 [main] INFO org.evosuite.runtime.instrumentation.MethodCallReplacementClassAdapter - Adding mock interface to class io/netty/util/concurrent/FastThreadLocalThread
13:35:24.888 [main] INFO org.evosuite.runtime.instrumentation.CreateClassResetClassAdapter - Found static initializer in class io/netty/util/concurrent/FastThreadLocalThread
13:35:24.889 [main] INFO org.evosuite.runtime.instrumentation.EvoClassLoader - Keeping class: io.netty.util.concurrent.FastThreadLocalThread
13:35:24.889 [main] DEBUG io.netty.buffer.ByteBufUtil - -Dio.netty.allocator.type: pooled
13:35:24.889 [main] DEBUG io.netty.buffer.ByteBufUtil - -Dio.netty.threadLocalDirectBufferSize: 0
13:35:24.889 [main] DEBUG io.netty.buffer.ByteBufUtil - -Dio.netty.maxThreadLocalCharBufferSize: 16384
13:35:24.889 [main] INFO org.evosuite.runtime.instrumentation.EvoClassLoader - Seeing class for first time: io.netty.buffer.ByteBufUtil$2
13:35:24.889 [main] INFO org.evosuite.runtime.instrumentation.EvoClassLoader - Instrumenting class 'io.netty.buffer.ByteBufUtil$2'.
13:35:24.890 [main] INFO org.evosuite.runtime.instrumentation.MethodCallReplacementClassAdapter - Adding mock interface to class io/netty/buffer/ByteBufUtil$2
13:35:24.891 [main] INFO org.evosuite.runtime.instrumentation.EvoClassLoader - Keeping class: io.netty.buffer.ByteBufUtil$2
13:35:24.894 [main] INFO org.evosuite.runtime.instrumentation.EvoClassLoader - Seeing class for first time: net.jpountz.xxhash.XXHash32JavaUnsafe
13:35:24.894 [main] INFO org.evosuite.runtime.instrumentation.EvoClassLoader - Instrumenting class 'net.jpountz.xxhash.XXHash32JavaUnsafe'.
13:35:24.895 [main] INFO org.evosuite.runtime.instrumentation.MethodCallReplacementClassAdapter - Adding mock interface to class net/jpountz/xxhash/XXHash32JavaUnsafe
13:35:24.896 [main] INFO org.evosuite.runtime.instrumentation.CreateClassResetClassAdapter - Found static initializer in class net/jpountz/xxhash/XXHash32JavaUnsafe
13:35:24.896 [main] INFO org.evosuite.runtime.instrumentation.EvoClassLoader - Keeping class: net.jpountz.xxhash.XXHash32JavaUnsafe
13:35:24.897 [main] INFO org.evosuite.runtime.instrumentation.EvoClassLoader - Seeing class for first time: net.jpountz.xxhash.XXHash64JavaUnsafe
13:35:24.897 [main] INFO org.evosuite.runtime.instrumentation.EvoClassLoader - Instrumenting class 'net.jpountz.xxhash.XXHash64JavaUnsafe'.
13:35:24.898 [main] INFO org.evosuite.runtime.instrumentation.MethodCallReplacementClassAdapter - Adding mock interface to class net/jpountz/xxhash/XXHash64JavaUnsafe
13:35:24.899 [main] INFO org.evosuite.runtime.instrumentation.CreateClassResetClassAdapter - Found static initializer in class net/jpountz/xxhash/XXHash64JavaUnsafe
13:35:24.899 [main] INFO org.evosuite.runtime.instrumentation.EvoClassLoader - Seeing class for first time: net.jpountz.xxhash.XXHash64
13:35:24.899 [main] INFO org.evosuite.runtime.instrumentation.EvoClassLoader - Instrumenting class 'net.jpountz.xxhash.XXHash64'.
13:35:24.900 [main] INFO org.evosuite.runtime.instrumentation.MethodCallReplacementClassAdapter - Adding mock interface to class net/jpountz/xxhash/XXHash64
13:35:24.901 [main] INFO org.evosuite.runtime.instrumentation.CreateClassResetClassAdapter - Creating brand-new static initializer in class net/jpountz/xxhash/XXHash64
13:35:24.901 [main] INFO org.evosuite.runtime.instrumentation.EvoClassLoader - Keeping class: net.jpountz.xxhash.XXHash64
13:35:24.901 [main] INFO org.evosuite.runtime.instrumentation.EvoClassLoader - Keeping class: net.jpountz.xxhash.XXHash64JavaUnsafe
13:35:24.903 [main] INFO org.evosuite.runtime.instrumentation.EvoClassLoader - Seeing class for first time: io.netty.buffer.PooledDuplicatedByteBuf$1
13:35:24.904 [main] INFO org.evosuite.runtime.instrumentation.EvoClassLoader - Instrumenting class 'io.netty.buffer.PooledDuplicatedByteBuf$1'.
13:35:24.904 [main] INFO org.evosuite.runtime.instrumentation.MethodCallReplacementClassAdapter - Adding mock interface to class io/netty/buffer/PooledDuplicatedByteBuf$1
13:35:24.905 [main] INFO org.evosuite.runtime.instrumentation.EvoClassLoader - Keeping class: io.netty.buffer.PooledDuplicatedByteBuf$1
13:35:24.908 [main] INFO org.evosuite.runtime.instrumentation.EvoClassLoader - Seeing class for first time: io.netty.buffer.AbstractByteBufAllocator$1
13:35:24.908 [main] INFO org.evosuite.runtime.instrumentation.EvoClassLoader - Instrumenting class 'io.netty.buffer.AbstractByteBufAllocator$1'.
13:35:24.908 [main] INFO org.evosuite.runtime.instrumentation.MethodCallReplacementClassAdapter - Adding mock interface to class io/netty/buffer/AbstractByteBufAllocator$1
13:35:24.909 [main] INFO org.evosuite.runtime.instrumentation.EvoClassLoader - Keeping class: io.netty.buffer.AbstractByteBufAllocator$1
13:35:24.912 [main] INFO org.evosuite.runtime.instrumentation.EvoClassLoader - Seeing class for first time: io.netty.buffer.PooledUnsafeDirectByteBuf$1
13:35:24.912 [main] INFO org.evosuite.runtime.instrumentation.EvoClassLoader - Instrumenting class 'io.netty.buffer.PooledUnsafeDirectByteBuf$1'.
13:35:24.912 [main] INFO org.evosuite.runtime.instrumentation.MethodCallReplacementClassAdapter - Adding mock interface to class io/netty/buffer/PooledUnsafeDirectByteBuf$1
13:35:24.913 [main] INFO org.evosuite.runtime.instrumentation.EvoClassLoader - Keeping class: io.netty.buffer.PooledUnsafeDirectByteBuf$1
13:35:24.915 [main] INFO org.evosuite.runtime.instrumentation.EvoClassLoader - Seeing class for first time: net.jpountz.xxhash.XXHashFactory
13:35:24.915 [main] INFO org.evosuite.runtime.instrumentation.EvoClassLoader - Instrumenting class 'net.jpountz.xxhash.XXHashFactory'.
13:35:24.916 [main] INFO org.evosuite.runtime.instrumentation.MethodCallReplacementClassAdapter - Adding mock interface to class net/jpountz/xxhash/XXHashFactory
13:35:24.918 [main] INFO org.evosuite.runtime.instrumentation.CreateClassResetClassAdapter - Creating brand-new static initializer in class net/jpountz/xxhash/XXHashFactory
13:35:24.918 [main] INFO org.evosuite.runtime.instrumentation.CreateClassResetClassAdapter - Adding bytecode for initializing field NATIVE_INSTANCE
13:35:24.918 [main] INFO org.evosuite.runtime.instrumentation.CreateClassResetClassAdapter - Adding bytecode for initializing field JAVA_UNSAFE_INSTANCE
13:35:24.918 [main] INFO org.evosuite.runtime.instrumentation.CreateClassResetClassAdapter - Adding bytecode for initializing field JAVA_SAFE_INSTANCE
13:35:24.918 [main] INFO org.evosuite.runtime.instrumentation.EvoClassLoader - Keeping class: net.jpountz.xxhash.XXHashFactory
13:35:24.920 [main] INFO org.evosuite.runtime.instrumentation.EvoClassLoader - Seeing class for first time: io.netty.handler.codec.compression.Lz4XXHash32
13:35:24.920 [main] INFO org.evosuite.runtime.instrumentation.EvoClassLoader - Instrumenting class 'io.netty.handler.codec.compression.Lz4XXHash32'.
13:35:24.920 [main] INFO org.evosuite.runtime.instrumentation.MethodCallReplacementClassAdapter - Adding mock interface to class io/netty/handler/codec/compression/Lz4XXHash32
13:35:24.921 [main] INFO org.evosuite.runtime.instrumentation.CreateClassResetClassAdapter - Found static initializer in class io/netty/handler/codec/compression/Lz4XXHash32
13:35:24.922 [main] INFO org.evosuite.runtime.instrumentation.EvoClassLoader - Keeping class: io.netty.handler.codec.compression.Lz4XXHash32
13:35:24.922 [main] INFO org.evosuite.runtime.instrumentation.EvoClassLoader - Seeing class for first time: net.jpountz.util.Native$OS
13:35:24.922 [main] INFO org.evosuite.runtime.instrumentation.EvoClassLoader - Instrumenting class 'net.jpountz.util.Native$OS'.
13:35:24.923 [main] INFO org.evosuite.runtime.instrumentation.MethodCallReplacementClassAdapter - Adding mock interface to class net/jpountz/util/Native$OS
13:35:24.923 [main] INFO org.evosuite.runtime.instrumentation.CreateClassResetClassAdapter - Found static initializer in class net/jpountz/util/Native$OS
13:35:24.924 [main] INFO org.evosuite.runtime.instrumentation.EvoClassLoader - Keeping class: net.jpountz.util.Native$OS
13:35:24.925 [main] INFO org.evosuite.runtime.instrumentation.EvoClassLoader - Seeing class for first time: io.netty.util.internal.shaded.org.jctools.queues.MessagePassingQueue$Consumer
13:35:24.925 [main] INFO org.evosuite.runtime.instrumentation.EvoClassLoader - Instrumenting class 'io.netty.util.internal.shaded.org.jctools.queues.MessagePassingQueue$Consumer'.
13:35:24.925 [main] INFO org.evosuite.runtime.instrumentation.EvoClassLoader - Keeping class: io.netty.util.internal.shaded.org.jctools.queues.MessagePassingQueue$Consumer
13:35:24.925 [main] INFO org.evosuite.runtime.instrumentation.EvoClassLoader - Seeing class for first time: io.netty.util.internal.shaded.org.jctools.queues.MessagePassingQueue$WaitStrategy
13:35:24.925 [main] INFO org.evosuite.runtime.instrumentation.EvoClassLoader - Instrumenting class 'io.netty.util.internal.shaded.org.jctools.queues.MessagePassingQueue$WaitStrategy'.
13:35:24.926 [main] INFO org.evosuite.runtime.instrumentation.EvoClassLoader - Keeping class: io.netty.util.internal.shaded.org.jctools.queues.MessagePassingQueue$WaitStrategy
13:35:24.926 [main] INFO org.evosuite.runtime.instrumentation.EvoClassLoader - Seeing class for first time: io.netty.util.internal.shaded.org.jctools.queues.MessagePassingQueue$ExitCondition
13:35:24.926 [main] INFO org.evosuite.runtime.instrumentation.EvoClassLoader - Instrumenting class 'io.netty.util.internal.shaded.org.jctools.queues.MessagePassingQueue$ExitCondition'.
13:35:24.927 [main] INFO org.evosuite.runtime.instrumentation.EvoClassLoader - Keeping class: io.netty.util.internal.shaded.org.jctools.queues.MessagePassingQueue$ExitCondition
13:35:24.927 [main] INFO org.evosuite.runtime.instrumentation.EvoClassLoader - Seeing class for first time: io.netty.util.internal.shaded.org.jctools.queues.MessagePassingQueue$Supplier
13:35:24.927 [main] INFO org.evosuite.runtime.instrumentation.EvoClassLoader - Instrumenting class 'io.netty.util.internal.shaded.org.jctools.queues.MessagePassingQueue$Supplier'.
13:35:24.928 [main] INFO org.evosuite.runtime.instrumentation.EvoClassLoader - Keeping class: io.netty.util.internal.shaded.org.jctools.queues.MessagePassingQueue$Supplier
13:35:24.929 [main] INFO org.evosuite.runtime.instrumentation.EvoClassLoader - Seeing class for first time: io.netty.util.internal.logging.InternalLogLevel
13:35:24.929 [main] INFO org.evosuite.runtime.instrumentation.EvoClassLoader - Instrumenting class 'io.netty.util.internal.logging.InternalLogLevel'.
13:35:24.929 [main] INFO org.evosuite.runtime.instrumentation.MethodCallReplacementClassAdapter - Adding mock interface to class io/netty/util/internal/logging/InternalLogLevel
13:35:24.930 [main] INFO org.evosuite.runtime.instrumentation.CreateClassResetClassAdapter - Found static initializer in class io/netty/util/internal/logging/InternalLogLevel
13:35:24.930 [main] INFO org.evosuite.runtime.instrumentation.EvoClassLoader - Keeping class: io.netty.util.internal.logging.InternalLogLevel
13:35:24.931 [main] INFO org.evosuite.runtime.instrumentation.EvoClassLoader - Seeing class for first time: io.netty.buffer.FixedCompositeByteBuf$Component
13:35:24.931 [main] INFO org.evosuite.runtime.instrumentation.EvoClassLoader - Instrumenting class 'io.netty.buffer.FixedCompositeByteBuf$Component'.
13:35:24.932 [main] INFO org.evosuite.runtime.instrumentation.MethodCallReplacementClassAdapter - Adding mock interface to class io/netty/buffer/FixedCompositeByteBuf$Component
13:35:24.932 [main] INFO org.evosuite.runtime.instrumentation.CreateClassResetClassAdapter - Creating brand-new static initializer in class io/netty/buffer/FixedCompositeByteBuf$Component
13:35:24.932 [main] INFO org.evosuite.runtime.instrumentation.EvoClassLoader - Keeping class: io.netty.buffer.FixedCompositeByteBuf$Component
13:35:24.933 [main] INFO org.evosuite.runtime.instrumentation.EvoClassLoader - Seeing class for first time: io.netty.buffer.PoolChunk
13:35:24.933 [main] INFO org.evosuite.runtime.instrumentation.EvoClassLoader - Instrumenting class 'io.netty.buffer.PoolChunk'.
13:35:24.934 [main] INFO org.evosuite.runtime.instrumentation.MethodCallReplacementClassAdapter - Adding mock interface to class io/netty/buffer/PoolChunk
13:35:24.937 [main] INFO org.evosuite.runtime.instrumentation.CreateClassResetClassAdapter - Found static initializer in class io/netty/buffer/PoolChunk
13:35:24.937 [main] INFO org.evosuite.runtime.instrumentation.EvoClassLoader - Seeing class for first time: io.netty.buffer.PoolChunkMetric
13:35:24.938 [main] INFO org.evosuite.runtime.instrumentation.EvoClassLoader - Instrumenting class 'io.netty.buffer.PoolChunkMetric'.
13:35:24.939 [main] INFO org.evosuite.runtime.instrumentation.EvoClassLoader - Keeping class: io.netty.buffer.PoolChunkMetric
13:35:24.939 [main] INFO org.evosuite.runtime.instrumentation.EvoClassLoader - Keeping class: io.netty.buffer.PoolChunk
13:35:24.942 [main] INFO org.evosuite.runtime.instrumentation.EvoClassLoader - Seeing class for first time: io.netty.buffer.PoolArena$SizeClass
13:35:24.942 [main] INFO org.evosuite.runtime.instrumentation.EvoClassLoader - Instrumenting class 'io.netty.buffer.PoolArena$SizeClass'.
13:35:24.943 [main] INFO org.evosuite.runtime.instrumentation.MethodCallReplacementClassAdapter - Adding mock interface to class io/netty/buffer/PoolArena$SizeClass
13:35:24.943 [main] INFO org.evosuite.runtime.instrumentation.CreateClassResetClassAdapter - Found static initializer in class io/netty/buffer/PoolArena$SizeClass
13:35:24.943 [main] INFO org.evosuite.runtime.instrumentation.EvoClassLoader - Keeping class: io.netty.buffer.PoolArena$SizeClass
13:35:24.944 [main] INFO org.evosuite.runtime.instrumentation.EvoClassLoader - Seeing class for first time: io.netty.util.ResourceLeakDetector$LeakListener
13:35:24.944 [main] INFO org.evosuite.runtime.instrumentation.EvoClassLoader - Instrumenting class 'io.netty.util.ResourceLeakDetector$LeakListener'.
13:35:24.945 [main] INFO org.evosuite.runtime.instrumentation.EvoClassLoader - Keeping class: io.netty.util.ResourceLeakDetector$LeakListener
13:35:24.945 [main] INFO org.evosuite.runtime.instrumentation.EvoClassLoader - Seeing class for first time: io.netty.buffer.PoolThreadCache$MemoryRegionCache
13:35:24.945 [main] INFO org.evosuite.runtime.instrumentation.EvoClassLoader - Instrumenting class 'io.netty.buffer.PoolThreadCache$MemoryRegionCache'.
13:35:24.946 [main] INFO org.evosuite.runtime.instrumentation.MethodCallReplacementClassAdapter - Adding mock interface to class io/netty/buffer/PoolThreadCache$MemoryRegionCache
13:35:24.946 [main] INFO org.evosuite.runtime.instrumentation.CreateClassResetClassAdapter - Found static initializer in class io/netty/buffer/PoolThreadCache$MemoryRegionCache
13:35:24.947 [main] INFO org.evosuite.runtime.instrumentation.EvoClassLoader - Keeping class: io.netty.buffer.PoolThreadCache$MemoryRegionCache
13:35:24.948 [main] INFO org.evosuite.runtime.instrumentation.EvoClassLoader - Seeing class for first time: io.netty.util.internal.IntegerHolder
13:35:24.948 [main] INFO org.evosuite.runtime.instrumentation.EvoClassLoader - Instrumenting class 'io.netty.util.internal.IntegerHolder'.
13:35:24.948 [main] INFO org.evosuite.runtime.instrumentation.MethodCallReplacementClassAdapter - Adding mock interface to class io/netty/util/internal/IntegerHolder
13:35:24.949 [main] INFO org.evosuite.runtime.instrumentation.CreateClassResetClassAdapter - Creating brand-new static initializer in class io/netty/util/internal/IntegerHolder
13:35:24.949 [main] INFO org.evosuite.runtime.instrumentation.EvoClassLoader - Keeping class: io.netty.util.internal.IntegerHolder
13:35:24.949 [main] INFO org.evosuite.runtime.instrumentation.EvoClassLoader - Seeing class for first time: io.netty.util.internal.ThreadLocalRandom
13:35:24.949 [main] INFO org.evosuite.runtime.instrumentation.EvoClassLoader - Instrumenting class 'io.netty.util.internal.ThreadLocalRandom'.
13:35:24.950 [main] INFO org.evosuite.runtime.instrumentation.MethodCallReplacementClassAdapter - Adding mock interface to class io/netty/util/internal/ThreadLocalRandom
13:35:24.952 [main] INFO org.evosuite.runtime.instrumentation.CreateClassResetClassAdapter - Found static initializer in class io/netty/util/internal/ThreadLocalRandom
13:35:24.953 [main] INFO org.evosuite.runtime.instrumentation.EvoClassLoader - Keeping class: io.netty.util.internal.ThreadLocalRandom
13:35:24.962 [main] DEBUG io.netty.util.internal.logging.InternalLoggerFactory - Using SLF4J as the default logging framework
13:35:24.963 [main] DEBUG io.netty.util.internal.PlatformDependent0 - -Dio.netty.noUnsafe: false
13:35:24.963 [main] DEBUG io.netty.util.internal.PlatformDependent0 - Java version: 8
13:35:24.963 [main] DEBUG io.netty.util.internal.PlatformDependent0 - sun.misc.Unsafe.theUnsafe: available
13:35:24.963 [main] DEBUG io.netty.util.internal.PlatformDependent0 - sun.misc.Unsafe.copyMemory: available
13:35:24.963 [main] DEBUG io.netty.util.internal.PlatformDependent0 - sun.misc.Unsafe.storeFence: available
13:35:24.963 [main] DEBUG io.netty.util.internal.PlatformDependent0 - java.nio.Buffer.address: available
13:35:24.963 [main] DEBUG io.netty.util.internal.PlatformDependent0 - direct buffer constructor: available
13:35:24.963 [main] DEBUG io.netty.util.internal.PlatformDependent0 - java.nio.Bits.unaligned: available, true
13:35:24.963 [main] DEBUG io.netty.util.internal.PlatformDependent0 - jdk.internal.misc.Unsafe.allocateUninitializedArray(int): unavailable prior to Java9
13:35:24.963 [main] DEBUG io.netty.util.internal.PlatformDependent0 - java.nio.DirectByteBuffer.<init>(long, {int,long}): available
13:35:24.963 [main] DEBUG io.netty.util.internal.CleanerJava6 - java.nio.ByteBuffer.cleaner(): available
13:35:24.964 [main] DEBUG io.netty.util.internal.PlatformDependent - sun.misc.Unsafe: available
13:35:24.964 [main] DEBUG io.netty.util.internal.PlatformDependent - -Dio.netty.tmpdir: /tmp (java.io.tmpdir)
13:35:24.964 [main] DEBUG io.netty.util.internal.PlatformDependent - -Dio.netty.bitMode: 64 (sun.arch.data.model)
13:35:24.964 [main] DEBUG io.netty.util.internal.PlatformDependent - -Dio.netty.maxDirectMemory: 11420041216 bytes
13:35:24.964 [main] DEBUG io.netty.util.internal.PlatformDependent - -Dio.netty.uninitializedArrayAllocationThreshold: -1
13:35:24.964 [main] DEBUG io.netty.util.internal.PlatformDependent - -Dio.netty.noPreferDirect: false
13:35:24.965 [main] INFO org.evosuite.runtime.instrumentation.EvoClassLoader - Seeing class for first time: io.netty.util.internal.logging.Log4J2LoggerFactory
13:35:24.965 [main] INFO org.evosuite.runtime.instrumentation.EvoClassLoader - Instrumenting class 'io.netty.util.internal.logging.Log4J2LoggerFactory'.
13:35:24.965 [main] INFO org.evosuite.runtime.instrumentation.MethodCallReplacementClassAdapter - Adding mock interface to class io/netty/util/internal/logging/Log4J2LoggerFactory
13:35:24.966 [main] INFO org.evosuite.runtime.instrumentation.CreateClassResetClassAdapter - Found static initializer in class io/netty/util/internal/logging/Log4J2LoggerFactory
13:35:24.966 [main] INFO org.evosuite.runtime.instrumentation.EvoClassLoader - Keeping class: io.netty.util.internal.logging.Log4J2LoggerFactory
13:35:24.967 [main] INFO org.evosuite.runtime.instrumentation.EvoClassLoader - Seeing class for first time: io.netty.util.internal.logging.Log4JLoggerFactory
13:35:24.967 [main] INFO org.evosuite.runtime.instrumentation.EvoClassLoader - Instrumenting class 'io.netty.util.internal.logging.Log4JLoggerFactory'.
13:35:24.967 [main] INFO org.evosuite.runtime.instrumentation.MethodCallReplacementClassAdapter - Adding mock interface to class io/netty/util/internal/logging/Log4JLoggerFactory
13:35:24.968 [main] INFO org.evosuite.runtime.instrumentation.CreateClassResetClassAdapter - Found static initializer in class io/netty/util/internal/logging/Log4JLoggerFactory
13:35:24.968 [main] INFO org.evosuite.runtime.instrumentation.EvoClassLoader - Keeping class: io.netty.util.internal.logging.Log4JLoggerFactory
13:35:24.968 [main] INFO org.evosuite.runtime.instrumentation.EvoClassLoader - Seeing class for first time: io.netty.util.internal.logging.JdkLoggerFactory
13:35:24.968 [main] INFO org.evosuite.runtime.instrumentation.EvoClassLoader - Instrumenting class 'io.netty.util.internal.logging.JdkLoggerFactory'.
13:35:24.969 [main] INFO org.evosuite.runtime.instrumentation.MethodCallReplacementClassAdapter - Adding mock interface to class io/netty/util/internal/logging/JdkLoggerFactory
13:35:24.969 [main] INFO org.evosuite.runtime.instrumentation.CreateClassResetClassAdapter - Found static initializer in class io/netty/util/internal/logging/JdkLoggerFactory
13:35:24.971 [main] INFO org.evosuite.runtime.instrumentation.EvoClassLoader - Keeping class: io.netty.util.internal.logging.JdkLoggerFactory
13:35:24.972 [main] INFO org.evosuite.runtime.instrumentation.EvoClassLoader - Seeing class for first time: io.netty.util.internal.CleanerJava9$1
13:35:24.972 [main] INFO org.evosuite.runtime.instrumentation.EvoClassLoader - Instrumenting class 'io.netty.util.internal.CleanerJava9$1'.
13:35:24.973 [main] INFO org.evosuite.runtime.instrumentation.MethodCallReplacementClassAdapter - Adding mock interface to class io/netty/util/internal/CleanerJava9$1
13:35:24.973 [main] INFO org.evosuite.runtime.instrumentation.EvoClassLoader - Keeping class: io.netty.util.internal.CleanerJava9$1
13:35:24.973 [main] INFO org.evosuite.runtime.instrumentation.EvoClassLoader - Seeing class for first time: io.netty.util.internal.CleanerJava9
13:35:24.973 [main] INFO org.evosuite.runtime.instrumentation.EvoClassLoader - Instrumenting class 'io.netty.util.internal.CleanerJava9'.
13:35:24.974 [main] INFO org.evosuite.runtime.instrumentation.MethodCallReplacementClassAdapter - Adding mock interface to class io/netty/util/internal/CleanerJava9
13:35:24.974 [main] INFO org.evosuite.runtime.instrumentation.CreateClassResetClassAdapter - Found static initializer in class io/netty/util/internal/CleanerJava9
13:35:24.975 [main] INFO org.evosuite.runtime.instrumentation.EvoClassLoader - Keeping class: io.netty.util.internal.CleanerJava9
13:35:24.976 [main] DEBUG io.netty.util.internal.CleanerJava9 - java.nio.ByteBuffer.cleaner(): unavailable
java.lang.NoSuchMethodException: sun.misc.Unsafe.invokeCleaner(java.nio.ByteBuffer)
	at java.lang.Class.getDeclaredMethod(Class.java:2130)
	at io.netty.util.internal.CleanerJava9$1.run(CleanerJava9.java:45)
	at java.security.AccessController.doPrivileged(Native Method)
	at io.netty.util.internal.CleanerJava9.<clinit>(CleanerJava9.java)
	at sun.reflect.NativeMethodAccessorImpl.invoke0(Native Method)
	at sun.reflect.NativeMethodAccessorImpl.invoke(NativeMethodAccessorImpl.java:62)
	at sun.reflect.DelegatingMethodAccessorImpl.invoke(DelegatingMethodAccessorImpl.java:43)
	at java.lang.reflect.Method.invoke(Method.java:498)
	at org.evosuite.runtime.classhandling.ClassResetter.reset(ClassResetter.java:159)
	at org.evosuite.runtime.classhandling.ClassStateSupport.resetClasses(ClassStateSupport.java:137)
	at io.netty.handler.codec.compression.ByteBufChecksum_ESTest_scaffolding.resetClasses(ByteBufChecksum_ESTest_scaffolding.java:278)
	at io.netty.handler.codec.compression.ByteBufChecksum_ESTest_scaffolding.doneWithTestCase(ByteBufChecksum_ESTest_scaffolding.java:66)
	at sun.reflect.NativeMethodAccessorImpl.invoke0(Native Method)
	at sun.reflect.NativeMethodAccessorImpl.invoke(NativeMethodAccessorImpl.java:62)
	at sun.reflect.DelegatingMethodAccessorImpl.invoke(DelegatingMethodAccessorImpl.java:43)
	at java.lang.reflect.Method.invoke(Method.java:498)
	at org.junit.runners.model.FrameworkMethod$1.runReflectiveCall(FrameworkMethod.java:59)
	at org.junit.internal.runners.model.ReflectiveCallable.run(ReflectiveCallable.java:12)
	at org.junit.runners.model.FrameworkMethod.invokeExplosively(FrameworkMethod.java:56)
	at org.junit.internal.runners.statements.RunAfters.invokeMethod(RunAfters.java:46)
	at org.junit.internal.runners.statements.RunAfters.evaluate(RunAfters.java:33)
	at org.evosuite.runtime.vnet.NonFunctionalRequirementRule$1.evaluate(NonFunctionalRequirementRule.java:41)
	at org.junit.runners.ParentRunner$3.evaluate(ParentRunner.java:306)
	at org.junit.runners.BlockJUnit4ClassRunner$1.evaluate(BlockJUnit4ClassRunner.java:100)
	at org.junit.runners.ParentRunner.runLeaf(ParentRunner.java:366)
	at org.junit.runners.BlockJUnit4ClassRunner.runChild(BlockJUnit4ClassRunner.java:103)
	at org.junit.runners.BlockJUnit4ClassRunner.runChild(BlockJUnit4ClassRunner.java:63)
	at org.junit.runners.ParentRunner$4.run(ParentRunner.java:331)
	at org.junit.runners.ParentRunner$1.schedule(ParentRunner.java:79)
	at org.junit.runners.ParentRunner.runChildren(ParentRunner.java:329)
	at org.junit.runners.ParentRunner.access$100(ParentRunner.java:66)
	at org.junit.runners.ParentRunner$2.evaluate(ParentRunner.java:293)
	at org.junit.internal.runners.statements.RunBefores.evaluate(RunBefores.java:26)
	at org.junit.internal.runners.statements.RunAfters.evaluate(RunAfters.java:27)
	at org.junit.runners.ParentRunner$3.evaluate(ParentRunner.java:306)
	at org.junit.runners.ParentRunner.run(ParentRunner.java:413)
	at org.apache.maven.surefire.junit4.JUnit4Provider.execute(JUnit4Provider.java:316)
	at org.apache.maven.surefire.junit4.JUnit4Provider.executeWithRerun(JUnit4Provider.java:240)
	at org.apache.maven.surefire.junit4.JUnit4Provider.executeTestSet(JUnit4Provider.java:214)
	at org.apache.maven.surefire.junit4.JUnit4Provider.invoke(JUnit4Provider.java:155)
	at org.apache.maven.surefire.booter.ForkedBooter.runSuitesInProcess(ForkedBooter.java:385)
	at org.apache.maven.surefire.booter.ForkedBooter.execute(ForkedBooter.java:162)
	at org.apache.maven.surefire.booter.ForkedBooter.run(ForkedBooter.java:507)
	at org.apache.maven.surefire.booter.ForkedBooter.main(ForkedBooter.java:495)
13:35:24.977 [main] DEBUG io.netty.util.internal.CleanerJava9 - java.nio.ByteBuffer.cleaner(): unavailable
java.lang.NoSuchMethodException: sun.misc.Unsafe.invokeCleaner(java.nio.ByteBuffer)
	at java.lang.Class.getDeclaredMethod(Class.java:2130)
	at io.netty.util.internal.CleanerJava9$1.run(CleanerJava9.java:45)
	at java.security.AccessController.doPrivileged(Native Method)
	at io.netty.util.internal.CleanerJava9.__STATIC_RESET(CleanerJava9.java:40)
	at sun.reflect.NativeMethodAccessorImpl.invoke0(Native Method)
	at sun.reflect.NativeMethodAccessorImpl.invoke(NativeMethodAccessorImpl.java:62)
	at sun.reflect.DelegatingMethodAccessorImpl.invoke(DelegatingMethodAccessorImpl.java:43)
	at java.lang.reflect.Method.invoke(Method.java:498)
	at org.evosuite.runtime.classhandling.ClassResetter.reset(ClassResetter.java:159)
	at org.evosuite.runtime.classhandling.ClassStateSupport.resetClasses(ClassStateSupport.java:137)
	at io.netty.handler.codec.compression.ByteBufChecksum_ESTest_scaffolding.resetClasses(ByteBufChecksum_ESTest_scaffolding.java:278)
	at io.netty.handler.codec.compression.ByteBufChecksum_ESTest_scaffolding.doneWithTestCase(ByteBufChecksum_ESTest_scaffolding.java:66)
	at sun.reflect.NativeMethodAccessorImpl.invoke0(Native Method)
	at sun.reflect.NativeMethodAccessorImpl.invoke(NativeMethodAccessorImpl.java:62)
	at sun.reflect.DelegatingMethodAccessorImpl.invoke(DelegatingMethodAccessorImpl.java:43)
	at java.lang.reflect.Method.invoke(Method.java:498)
	at org.junit.runners.model.FrameworkMethod$1.runReflectiveCall(FrameworkMethod.java:59)
	at org.junit.internal.runners.model.ReflectiveCallable.run(ReflectiveCallable.java:12)
	at org.junit.runners.model.FrameworkMethod.invokeExplosively(FrameworkMethod.java:56)
	at org.junit.internal.runners.statements.RunAfters.invokeMethod(RunAfters.java:46)
	at org.junit.internal.runners.statements.RunAfters.evaluate(RunAfters.java:33)
	at org.evosuite.runtime.vnet.NonFunctionalRequirementRule$1.evaluate(NonFunctionalRequirementRule.java:41)
	at org.junit.runners.ParentRunner$3.evaluate(ParentRunner.java:306)
	at org.junit.runners.BlockJUnit4ClassRunner$1.evaluate(BlockJUnit4ClassRunner.java:100)
	at org.junit.runners.ParentRunner.runLeaf(ParentRunner.java:366)
	at org.junit.runners.BlockJUnit4ClassRunner.runChild(BlockJUnit4ClassRunner.java:103)
	at org.junit.runners.BlockJUnit4ClassRunner.runChild(BlockJUnit4ClassRunner.java:63)
	at org.junit.runners.ParentRunner$4.run(ParentRunner.java:331)
	at org.junit.runners.ParentRunner$1.schedule(ParentRunner.java:79)
	at org.junit.runners.ParentRunner.runChildren(ParentRunner.java:329)
	at org.junit.runners.ParentRunner.access$100(ParentRunner.java:66)
	at org.junit.runners.ParentRunner$2.evaluate(ParentRunner.java:293)
	at org.junit.internal.runners.statements.RunBefores.evaluate(RunBefores.java:26)
	at org.junit.internal.runners.statements.RunAfters.evaluate(RunAfters.java:27)
	at org.junit.runners.ParentRunner$3.evaluate(ParentRunner.java:306)
	at org.junit.runners.ParentRunner.run(ParentRunner.java:413)
	at org.apache.maven.surefire.junit4.JUnit4Provider.execute(JUnit4Provider.java:316)
	at org.apache.maven.surefire.junit4.JUnit4Provider.executeWithRerun(JUnit4Provider.java:240)
	at org.apache.maven.surefire.junit4.JUnit4Provider.executeTestSet(JUnit4Provider.java:214)
	at org.apache.maven.surefire.junit4.JUnit4Provider.invoke(JUnit4Provider.java:155)
	at org.apache.maven.surefire.booter.ForkedBooter.runSuitesInProcess(ForkedBooter.java:385)
	at org.apache.maven.surefire.booter.ForkedBooter.execute(ForkedBooter.java:162)
	at org.apache.maven.surefire.booter.ForkedBooter.run(ForkedBooter.java:507)
	at org.apache.maven.surefire.booter.ForkedBooter.main(ForkedBooter.java:495)
13:35:24.980 [main] DEBUG io.netty.util.ResourceLeakDetector - -Dio.netty.leakDetection.level: simple
13:35:24.980 [main] DEBUG io.netty.util.ResourceLeakDetector - -Dio.netty.leakDetection.targetRecords: 4
13:35:24.982 [main] DEBUG io.netty.util.internal.InternalThreadLocalMap - -Dio.netty.threadLocalMap.stringBuilder.initialSize: 1024
13:35:24.982 [main] DEBUG io.netty.util.internal.InternalThreadLocalMap - -Dio.netty.threadLocalMap.stringBuilder.maxSize: 4096
13:35:24.983 [main] DEBUG io.netty.buffer.PooledByteBufAllocator - -Dio.netty.allocator.numHeapArenas: 0
13:35:24.983 [main] DEBUG io.netty.buffer.PooledByteBufAllocator - -Dio.netty.allocator.numDirectArenas: 2
13:35:24.983 [main] DEBUG io.netty.buffer.PooledByteBufAllocator - -Dio.netty.allocator.pageSize: 8192
13:35:24.983 [main] DEBUG io.netty.buffer.PooledByteBufAllocator - -Dio.netty.allocator.maxOrder: 9
13:35:24.983 [main] DEBUG io.netty.buffer.PooledByteBufAllocator - -Dio.netty.allocator.chunkSize: 4194304
13:35:24.983 [main] DEBUG io.netty.buffer.PooledByteBufAllocator - -Dio.netty.allocator.smallCacheSize: 256
13:35:24.983 [main] DEBUG io.netty.buffer.PooledByteBufAllocator - -Dio.netty.allocator.normalCacheSize: 64
13:35:24.983 [main] DEBUG io.netty.buffer.PooledByteBufAllocator - -Dio.netty.allocator.maxCachedBufferCapacity: 32768
13:35:24.983 [main] DEBUG io.netty.buffer.PooledByteBufAllocator - -Dio.netty.allocator.cacheTrimInterval: 8192
13:35:24.983 [main] DEBUG io.netty.buffer.PooledByteBufAllocator - -Dio.netty.allocator.cacheTrimIntervalMillis: 0
13:35:24.983 [main] DEBUG io.netty.buffer.PooledByteBufAllocator - -Dio.netty.allocator.useCacheForAllThreads: false
13:35:24.983 [main] DEBUG io.netty.buffer.PooledByteBufAllocator - -Dio.netty.allocator.maxCachedByteBuffersPerChunk: 1023
13:35:24.985 [main] DEBUG io.netty.buffer.AbstractByteBuf - -Dio.netty.buffer.checkAccessible: true
13:35:24.985 [main] DEBUG io.netty.buffer.AbstractByteBuf - -Dio.netty.buffer.checkBounds: true
13:35:24.985 [main] DEBUG io.netty.util.ResourceLeakDetectorFactory - Loaded default ResourceLeakDetector: io.netty.util.ResourceLeakDetector@5
13:35:24.986 [main] INFO org.evosuite.runtime.instrumentation.EvoClassLoader - Seeing class for first time: io.netty.util.internal.ThreadExecutorMap
13:35:24.986 [main] INFO org.evosuite.runtime.instrumentation.EvoClassLoader - Instrumenting class 'io.netty.util.internal.ThreadExecutorMap'.
13:35:24.987 [main] INFO org.evosuite.runtime.instrumentation.MethodCallReplacementClassAdapter - Adding mock interface to class io/netty/util/internal/ThreadExecutorMap
13:35:24.988 [main] INFO org.evosuite.runtime.instrumentation.CreateClassResetClassAdapter - Found static initializer in class io/netty/util/internal/ThreadExecutorMap
13:35:24.988 [main] INFO org.evosuite.runtime.instrumentation.EvoClassLoader - Keeping class: io.netty.util.internal.ThreadExecutorMap
13:35:24.988 [main] INFO org.evosuite.runtime.instrumentation.EvoClassLoader - Seeing class for first time: io.netty.util.concurrent.EventExecutor
13:35:24.988 [main] INFO org.evosuite.runtime.instrumentation.EvoClassLoader - Instrumenting class 'io.netty.util.concurrent.EventExecutor'.
13:35:24.989 [main] INFO org.evosuite.runtime.instrumentation.EvoClassLoader - Seeing class for first time: io.netty.util.concurrent.EventExecutorGroup
13:35:24.989 [main] INFO org.evosuite.runtime.instrumentation.EvoClassLoader - Instrumenting class 'io.netty.util.concurrent.EventExecutorGroup'.
13:35:24.990 [main] INFO org.evosuite.runtime.instrumentation.EvoClassLoader - Keeping class: io.netty.util.concurrent.EventExecutorGroup
13:35:24.990 [main] INFO org.evosuite.runtime.instrumentation.EvoClassLoader - Keeping class: io.netty.util.concurrent.EventExecutor
13:35:24.991 [main] DEBUG io.netty.util.Recycler - -Dio.netty.recycler.maxCapacityPerThread: 4096
13:35:24.991 [main] DEBUG io.netty.util.Recycler - -Dio.netty.recycler.ratio: 8
13:35:24.991 [main] DEBUG io.netty.util.Recycler - -Dio.netty.recycler.chunkSize: 32
13:35:24.991 [main] DEBUG io.netty.util.Recycler - -Dio.netty.recycler.blocking: false
13:35:24.991 [main] DEBUG io.netty.util.Recycler - -Dio.netty.recycler.batchFastThreadLocalOnly: true
13:35:24.992 [main] INFO org.evosuite.runtime.instrumentation.EvoClassLoader - Seeing class for first time: io.netty.util.Recycler$LocalPool
13:35:24.992 [main] INFO org.evosuite.runtime.instrumentation.EvoClassLoader - Instrumenting class 'io.netty.util.Recycler$LocalPool'.
13:35:24.992 [main] INFO org.evosuite.runtime.instrumentation.MethodCallReplacementClassAdapter - Adding mock interface to class io/netty/util/Recycler$LocalPool
13:35:24.993 [main] INFO org.evosuite.runtime.instrumentation.CreateClassResetClassAdapter - Creating brand-new static initializer in class io/netty/util/Recycler$LocalPool
13:35:24.994 [main] INFO org.evosuite.runtime.instrumentation.EvoClassLoader - Keeping class: io.netty.util.Recycler$LocalPool
13:35:24.994 [main] INFO org.evosuite.runtime.instrumentation.EvoClassLoader - Seeing class for first time: io.netty.util.Recycler$DefaultHandle
13:35:24.994 [main] INFO org.evosuite.runtime.instrumentation.EvoClassLoader - Instrumenting class 'io.netty.util.Recycler$DefaultHandle'.
13:35:24.995 [main] INFO org.evosuite.runtime.instrumentation.MethodCallReplacementClassAdapter - Adding mock interface to class io/netty/util/Recycler$DefaultHandle
13:35:24.997 [main] INFO org.evosuite.runtime.instrumentation.CreateClassResetClassAdapter - Found static initializer in class io/netty/util/Recycler$DefaultHandle
13:35:24.998 [main] INFO org.evosuite.runtime.instrumentation.EvoClassLoader - Keeping class: io.netty.util.Recycler$DefaultHandle
13:35:24.998 [main] INFO org.evosuite.runtime.instrumentation.EvoClassLoader - Seeing class for first time: io.netty.util.internal.PlatformDependent$Mpsc$1
13:35:24.998 [main] INFO org.evosuite.runtime.instrumentation.EvoClassLoader - Instrumenting class 'io.netty.util.internal.PlatformDependent$Mpsc$1'.
13:35:24.999 [main] INFO org.evosuite.runtime.instrumentation.MethodCallReplacementClassAdapter - Adding mock interface to class io/netty/util/internal/PlatformDependent$Mpsc$1
13:35:25.000 [main] INFO org.evosuite.runtime.instrumentation.EvoClassLoader - Keeping class: io.netty.util.internal.PlatformDependent$Mpsc$1
13:35:25.000 [main] INFO org.evosuite.runtime.instrumentation.EvoClassLoader - Seeing class for first time: io.netty.util.internal.PlatformDependent$Mpsc
13:35:25.000 [main] INFO org.evosuite.runtime.instrumentation.EvoClassLoader - Instrumenting class 'io.netty.util.internal.PlatformDependent$Mpsc'.
13:35:25.000 [main] INFO org.evosuite.runtime.instrumentation.MethodCallReplacementClassAdapter - Adding mock interface to class io/netty/util/internal/PlatformDependent$Mpsc
13:35:25.016 [main] INFO org.evosuite.runtime.instrumentation.CreateClassResetClassAdapter - Found static initializer in class io/netty/util/internal/PlatformDependent$Mpsc
13:35:25.016 [main] INFO org.evosuite.runtime.instrumentation.EvoClassLoader - Keeping class: io.netty.util.internal.PlatformDependent$Mpsc
13:35:25.017 [main] INFO org.evosuite.runtime.instrumentation.EvoClassLoader - Seeing class for first time: io.netty.util.internal.PlatformDependent$AtomicLongCounter
13:35:25.017 [main] INFO org.evosuite.runtime.instrumentation.EvoClassLoader - Instrumenting class 'io.netty.util.internal.PlatformDependent$AtomicLongCounter'.
13:35:25.017 [main] INFO org.evosuite.runtime.instrumentation.MethodCallReplacementClassAdapter - Adding mock interface to class io/netty/util/internal/PlatformDependent$AtomicLongCounter
13:35:25.018 [main] INFO org.evosuite.runtime.instrumentation.CreateClassResetClassAdapter - Creating brand-new static initializer in class io/netty/util/internal/PlatformDependent$AtomicLongCounter
13:35:25.019 [main] INFO org.evosuite.runtime.instrumentation.EvoClassLoader - Keeping class: io.netty.util.internal.PlatformDependent$AtomicLongCounter
13:35:25.019 [main] INFO org.evosuite.runtime.instrumentation.EvoClassLoader - Seeing class for first time: io.netty.util.internal.shaded.org.jctools.queues.MpscUnboundedArrayQueue
13:35:25.019 [main] INFO org.evosuite.runtime.instrumentation.EvoClassLoader - Instrumenting class 'io.netty.util.internal.shaded.org.jctools.queues.MpscUnboundedArrayQueue'.
13:35:25.020 [main] INFO org.evosuite.runtime.instrumentation.MethodCallReplacementClassAdapter - Adding mock interface to class io/netty/util/internal/shaded/org/jctools/queues/MpscUnboundedArrayQueue
13:35:25.021 [main] INFO org.evosuite.runtime.instrumentation.CreateClassResetClassAdapter - Creating brand-new static initializer in class io/netty/util/internal/shaded/org/jctools/queues/MpscUnboundedArrayQueue
13:35:25.021 [main] INFO org.evosuite.runtime.instrumentation.EvoClassLoader - Seeing class for first time: io.netty.util.internal.shaded.org.jctools.queues.BaseMpscLinkedArrayQueue
13:35:25.021 [main] INFO org.evosuite.runtime.instrumentation.EvoClassLoader - Instrumenting class 'io.netty.util.internal.shaded.org.jctools.queues.BaseMpscLinkedArrayQueue'.
13:35:25.022 [main] INFO org.evosuite.runtime.instrumentation.MethodCallReplacementClassAdapter - Adding mock interface to class io/netty/util/internal/shaded/org/jctools/queues/BaseMpscLinkedArrayQueue
13:35:25.026 [main] INFO org.evosuite.runtime.instrumentation.CreateClassResetClassAdapter - Found static initializer in class io/netty/util/internal/shaded/org/jctools/queues/BaseMpscLinkedArrayQueue
13:35:25.027 [main] INFO org.evosuite.runtime.instrumentation.EvoClassLoader - Seeing class for first time: io.netty.util.internal.shaded.org.jctools.queues.BaseMpscLinkedArrayQueueColdProducerFields
13:35:25.027 [main] INFO org.evosuite.runtime.instrumentation.EvoClassLoader - Instrumenting class 'io.netty.util.internal.shaded.org.jctools.queues.BaseMpscLinkedArrayQueueColdProducerFields'.
13:35:25.028 [main] INFO org.evosuite.runtime.instrumentation.MethodCallReplacementClassAdapter - Adding mock interface to class io/netty/util/internal/shaded/org/jctools/queues/BaseMpscLinkedArrayQueueColdProducerFields
13:35:25.028 [main] INFO org.evosuite.runtime.instrumentation.CreateClassResetClassAdapter - Found static initializer in class io/netty/util/internal/shaded/org/jctools/queues/BaseMpscLinkedArrayQueueColdProducerFields
13:35:25.029 [main] INFO org.evosuite.runtime.instrumentation.EvoClassLoader - Seeing class for first time: io.netty.util.internal.shaded.org.jctools.queues.BaseMpscLinkedArrayQueuePad3
13:35:25.029 [main] INFO org.evosuite.runtime.instrumentation.EvoClassLoader - Instrumenting class 'io.netty.util.internal.shaded.org.jctools.queues.BaseMpscLinkedArrayQueuePad3'.
13:35:25.030 [main] INFO org.evosuite.runtime.instrumentation.MethodCallReplacementClassAdapter - Adding mock interface to class io/netty/util/internal/shaded/org/jctools/queues/BaseMpscLinkedArrayQueuePad3
13:35:25.031 [main] INFO org.evosuite.runtime.instrumentation.CreateClassResetClassAdapter - Creating brand-new static initializer in class io/netty/util/internal/shaded/org/jctools/queues/BaseMpscLinkedArrayQueuePad3
13:35:25.031 [main] INFO org.evosuite.runtime.instrumentation.EvoClassLoader - Seeing class for first time: io.netty.util.internal.shaded.org.jctools.queues.BaseMpscLinkedArrayQueueConsumerFields
13:35:25.031 [main] INFO org.evosuite.runtime.instrumentation.EvoClassLoader - Instrumenting class 'io.netty.util.internal.shaded.org.jctools.queues.BaseMpscLinkedArrayQueueConsumerFields'.
13:35:25.032 [main] INFO org.evosuite.runtime.instrumentation.MethodCallReplacementClassAdapter - Adding mock interface to class io/netty/util/internal/shaded/org/jctools/queues/BaseMpscLinkedArrayQueueConsumerFields
13:35:25.033 [main] INFO org.evosuite.runtime.instrumentation.CreateClassResetClassAdapter - Found static initializer in class io/netty/util/internal/shaded/org/jctools/queues/BaseMpscLinkedArrayQueueConsumerFields
13:35:25.033 [main] INFO org.evosuite.runtime.instrumentation.EvoClassLoader - Seeing class for first time: io.netty.util.internal.shaded.org.jctools.queues.BaseMpscLinkedArrayQueuePad2
13:35:25.034 [main] INFO org.evosuite.runtime.instrumentation.EvoClassLoader - Instrumenting class 'io.netty.util.internal.shaded.org.jctools.queues.BaseMpscLinkedArrayQueuePad2'.
13:35:25.034 [main] INFO org.evosuite.runtime.instrumentation.MethodCallReplacementClassAdapter - Adding mock interface to class io/netty/util/internal/shaded/org/jctools/queues/BaseMpscLinkedArrayQueuePad2
13:35:25.035 [main] INFO org.evosuite.runtime.instrumentation.CreateClassResetClassAdapter - Creating brand-new static initializer in class io/netty/util/internal/shaded/org/jctools/queues/BaseMpscLinkedArrayQueuePad2
13:35:25.035 [main] INFO org.evosuite.runtime.instrumentation.EvoClassLoader - Seeing class for first time: io.netty.util.internal.shaded.org.jctools.queues.BaseMpscLinkedArrayQueueProducerFields
13:35:25.036 [main] INFO org.evosuite.runtime.instrumentation.EvoClassLoader - Instrumenting class 'io.netty.util.internal.shaded.org.jctools.queues.BaseMpscLinkedArrayQueueProducerFields'.
13:35:25.036 [main] INFO org.evosuite.runtime.instrumentation.MethodCallReplacementClassAdapter - Adding mock interface to class io/netty/util/internal/shaded/org/jctools/queues/BaseMpscLinkedArrayQueueProducerFields
13:35:25.037 [main] INFO org.evosuite.runtime.instrumentation.CreateClassResetClassAdapter - Found static initializer in class io/netty/util/internal/shaded/org/jctools/queues/BaseMpscLinkedArrayQueueProducerFields
13:35:25.037 [main] INFO org.evosuite.runtime.instrumentation.EvoClassLoader - Seeing class for first time: io.netty.util.internal.shaded.org.jctools.queues.BaseMpscLinkedArrayQueuePad1
13:35:25.037 [main] INFO org.evosuite.runtime.instrumentation.EvoClassLoader - Instrumenting class 'io.netty.util.internal.shaded.org.jctools.queues.BaseMpscLinkedArrayQueuePad1'.
13:35:25.038 [main] INFO org.evosuite.runtime.instrumentation.MethodCallReplacementClassAdapter - Adding mock interface to class io/netty/util/internal/shaded/org/jctools/queues/BaseMpscLinkedArrayQueuePad1
13:35:25.038 [main] INFO org.evosuite.runtime.instrumentation.CreateClassResetClassAdapter - Creating brand-new static initializer in class io/netty/util/internal/shaded/org/jctools/queues/BaseMpscLinkedArrayQueuePad1
13:35:25.038 [main] INFO org.evosuite.runtime.instrumentation.EvoClassLoader - Keeping class: io.netty.util.internal.shaded.org.jctools.queues.BaseMpscLinkedArrayQueuePad1
13:35:25.038 [main] INFO org.evosuite.runtime.instrumentation.EvoClassLoader - Keeping class: io.netty.util.internal.shaded.org.jctools.queues.BaseMpscLinkedArrayQueueProducerFields
13:35:25.039 [main] INFO org.evosuite.runtime.instrumentation.EvoClassLoader - Keeping class: io.netty.util.internal.shaded.org.jctools.queues.BaseMpscLinkedArrayQueuePad2
13:35:25.039 [main] INFO org.evosuite.runtime.instrumentation.EvoClassLoader - Keeping class: io.netty.util.internal.shaded.org.jctools.queues.BaseMpscLinkedArrayQueueConsumerFields
13:35:25.039 [main] INFO org.evosuite.runtime.instrumentation.EvoClassLoader - Keeping class: io.netty.util.internal.shaded.org.jctools.queues.BaseMpscLinkedArrayQueuePad3
13:35:25.039 [main] INFO org.evosuite.runtime.instrumentation.EvoClassLoader - Keeping class: io.netty.util.internal.shaded.org.jctools.queues.BaseMpscLinkedArrayQueueColdProducerFields
13:35:25.039 [main] INFO org.evosuite.runtime.instrumentation.EvoClassLoader - Keeping class: io.netty.util.internal.shaded.org.jctools.queues.BaseMpscLinkedArrayQueue
13:35:25.039 [main] INFO org.evosuite.runtime.instrumentation.EvoClassLoader - Keeping class: io.netty.util.internal.shaded.org.jctools.queues.MpscUnboundedArrayQueue
13:35:25.039 [main] INFO org.evosuite.runtime.instrumentation.EvoClassLoader - Seeing class for first time: io.netty.util.internal.shaded.org.jctools.queues.atomic.MpscUnboundedAtomicArrayQueue
13:35:25.039 [main] INFO org.evosuite.runtime.instrumentation.EvoClassLoader - Instrumenting class 'io.netty.util.internal.shaded.org.jctools.queues.atomic.MpscUnboundedAtomicArrayQueue'.
13:35:25.040 [main] INFO org.evosuite.runtime.instrumentation.MethodCallReplacementClassAdapter - Adding mock interface to class io/netty/util/internal/shaded/org/jctools/queues/atomic/MpscUnboundedAtomicArrayQueue
13:35:25.040 [main] INFO org.evosuite.runtime.instrumentation.CreateClassResetClassAdapter - Creating brand-new static initializer in class io/netty/util/internal/shaded/org/jctools/queues/atomic/MpscUnboundedAtomicArrayQueue
13:35:25.040 [main] INFO org.evosuite.runtime.instrumentation.EvoClassLoader - Seeing class for first time: io.netty.util.internal.shaded.org.jctools.queues.atomic.BaseMpscLinkedAtomicArrayQueue
13:35:25.041 [main] INFO org.evosuite.runtime.instrumentation.EvoClassLoader - Instrumenting class 'io.netty.util.internal.shaded.org.jctools.queues.atomic.BaseMpscLinkedAtomicArrayQueue'.
13:35:25.041 [main] INFO org.evosuite.runtime.instrumentation.MethodCallReplacementClassAdapter - Adding mock interface to class io/netty/util/internal/shaded/org/jctools/queues/atomic/BaseMpscLinkedAtomicArrayQueue
13:35:25.044 [main] INFO org.evosuite.runtime.instrumentation.CreateClassResetClassAdapter - Found static initializer in class io/netty/util/internal/shaded/org/jctools/queues/atomic/BaseMpscLinkedAtomicArrayQueue
13:35:25.045 [main] INFO org.evosuite.runtime.instrumentation.EvoClassLoader - Seeing class for first time: io.netty.util.internal.shaded.org.jctools.queues.atomic.BaseMpscLinkedAtomicArrayQueueColdProducerFields
13:35:25.045 [main] INFO org.evosuite.runtime.instrumentation.EvoClassLoader - Instrumenting class 'io.netty.util.internal.shaded.org.jctools.queues.atomic.BaseMpscLinkedAtomicArrayQueueColdProducerFields'.
13:35:25.045 [main] INFO org.evosuite.runtime.instrumentation.MethodCallReplacementClassAdapter - Adding mock interface to class io/netty/util/internal/shaded/org/jctools/queues/atomic/BaseMpscLinkedAtomicArrayQueueColdProducerFields
13:35:25.046 [main] INFO org.evosuite.runtime.instrumentation.CreateClassResetClassAdapter - Found static initializer in class io/netty/util/internal/shaded/org/jctools/queues/atomic/BaseMpscLinkedAtomicArrayQueueColdProducerFields
13:35:25.046 [main] INFO org.evosuite.runtime.instrumentation.EvoClassLoader - Seeing class for first time: io.netty.util.internal.shaded.org.jctools.queues.atomic.BaseMpscLinkedAtomicArrayQueuePad3
13:35:25.046 [main] INFO org.evosuite.runtime.instrumentation.EvoClassLoader - Instrumenting class 'io.netty.util.internal.shaded.org.jctools.queues.atomic.BaseMpscLinkedAtomicArrayQueuePad3'.
13:35:25.047 [main] INFO org.evosuite.runtime.instrumentation.MethodCallReplacementClassAdapter - Adding mock interface to class io/netty/util/internal/shaded/org/jctools/queues/atomic/BaseMpscLinkedAtomicArrayQueuePad3
13:35:25.047 [main] INFO org.evosuite.runtime.instrumentation.CreateClassResetClassAdapter - Creating brand-new static initializer in class io/netty/util/internal/shaded/org/jctools/queues/atomic/BaseMpscLinkedAtomicArrayQueuePad3
13:35:25.047 [main] INFO org.evosuite.runtime.instrumentation.EvoClassLoader - Seeing class for first time: io.netty.util.internal.shaded.org.jctools.queues.atomic.BaseMpscLinkedAtomicArrayQueueConsumerFields
13:35:25.047 [main] INFO org.evosuite.runtime.instrumentation.EvoClassLoader - Instrumenting class 'io.netty.util.internal.shaded.org.jctools.queues.atomic.BaseMpscLinkedAtomicArrayQueueConsumerFields'.
13:35:25.048 [main] INFO org.evosuite.runtime.instrumentation.MethodCallReplacementClassAdapter - Adding mock interface to class io/netty/util/internal/shaded/org/jctools/queues/atomic/BaseMpscLinkedAtomicArrayQueueConsumerFields
13:35:25.048 [main] INFO org.evosuite.runtime.instrumentation.CreateClassResetClassAdapter - Found static initializer in class io/netty/util/internal/shaded/org/jctools/queues/atomic/BaseMpscLinkedAtomicArrayQueueConsumerFields
13:35:25.048 [main] INFO org.evosuite.runtime.instrumentation.EvoClassLoader - Seeing class for first time: io.netty.util.internal.shaded.org.jctools.queues.atomic.BaseMpscLinkedAtomicArrayQueuePad2
13:35:25.048 [main] INFO org.evosuite.runtime.instrumentation.EvoClassLoader - Instrumenting class 'io.netty.util.internal.shaded.org.jctools.queues.atomic.BaseMpscLinkedAtomicArrayQueuePad2'.
13:35:25.049 [main] INFO org.evosuite.runtime.instrumentation.MethodCallReplacementClassAdapter - Adding mock interface to class io/netty/util/internal/shaded/org/jctools/queues/atomic/BaseMpscLinkedAtomicArrayQueuePad2
13:35:25.049 [main] INFO org.evosuite.runtime.instrumentation.CreateClassResetClassAdapter - Creating brand-new static initializer in class io/netty/util/internal/shaded/org/jctools/queues/atomic/BaseMpscLinkedAtomicArrayQueuePad2
13:35:25.049 [main] INFO org.evosuite.runtime.instrumentation.EvoClassLoader - Seeing class for first time: io.netty.util.internal.shaded.org.jctools.queues.atomic.BaseMpscLinkedAtomicArrayQueueProducerFields
13:35:25.049 [main] INFO org.evosuite.runtime.instrumentation.EvoClassLoader - Instrumenting class 'io.netty.util.internal.shaded.org.jctools.queues.atomic.BaseMpscLinkedAtomicArrayQueueProducerFields'.
13:35:25.049 [main] INFO org.evosuite.runtime.instrumentation.MethodCallReplacementClassAdapter - Adding mock interface to class io/netty/util/internal/shaded/org/jctools/queues/atomic/BaseMpscLinkedAtomicArrayQueueProducerFields
13:35:25.050 [main] INFO org.evosuite.runtime.instrumentation.CreateClassResetClassAdapter - Found static initializer in class io/netty/util/internal/shaded/org/jctools/queues/atomic/BaseMpscLinkedAtomicArrayQueueProducerFields
13:35:25.050 [main] INFO org.evosuite.runtime.instrumentation.EvoClassLoader - Seeing class for first time: io.netty.util.internal.shaded.org.jctools.queues.atomic.BaseMpscLinkedAtomicArrayQueuePad1
13:35:25.050 [main] INFO org.evosuite.runtime.instrumentation.EvoClassLoader - Instrumenting class 'io.netty.util.internal.shaded.org.jctools.queues.atomic.BaseMpscLinkedAtomicArrayQueuePad1'.
13:35:25.050 [main] INFO org.evosuite.runtime.instrumentation.MethodCallReplacementClassAdapter - Adding mock interface to class io/netty/util/internal/shaded/org/jctools/queues/atomic/BaseMpscLinkedAtomicArrayQueuePad1
13:35:25.051 [main] INFO org.evosuite.runtime.instrumentation.CreateClassResetClassAdapter - Creating brand-new static initializer in class io/netty/util/internal/shaded/org/jctools/queues/atomic/BaseMpscLinkedAtomicArrayQueuePad1
13:35:25.051 [main] INFO org.evosuite.runtime.instrumentation.EvoClassLoader - Keeping class: io.netty.util.internal.shaded.org.jctools.queues.atomic.BaseMpscLinkedAtomicArrayQueuePad1
13:35:25.051 [main] INFO org.evosuite.runtime.instrumentation.EvoClassLoader - Keeping class: io.netty.util.internal.shaded.org.jctools.queues.atomic.BaseMpscLinkedAtomicArrayQueueProducerFields
13:35:25.051 [main] INFO org.evosuite.runtime.instrumentation.EvoClassLoader - Keeping class: io.netty.util.internal.shaded.org.jctools.queues.atomic.BaseMpscLinkedAtomicArrayQueuePad2
13:35:25.051 [main] INFO org.evosuite.runtime.instrumentation.EvoClassLoader - Keeping class: io.netty.util.internal.shaded.org.jctools.queues.atomic.BaseMpscLinkedAtomicArrayQueueConsumerFields
13:35:25.051 [main] INFO org.evosuite.runtime.instrumentation.EvoClassLoader - Keeping class: io.netty.util.internal.shaded.org.jctools.queues.atomic.BaseMpscLinkedAtomicArrayQueuePad3
13:35:25.052 [main] INFO org.evosuite.runtime.instrumentation.EvoClassLoader - Keeping class: io.netty.util.internal.shaded.org.jctools.queues.atomic.BaseMpscLinkedAtomicArrayQueueColdProducerFields
13:35:25.052 [main] INFO org.evosuite.runtime.instrumentation.EvoClassLoader - Keeping class: io.netty.util.internal.shaded.org.jctools.queues.atomic.BaseMpscLinkedAtomicArrayQueue
13:35:25.052 [main] INFO org.evosuite.runtime.instrumentation.EvoClassLoader - Keeping class: io.netty.util.internal.shaded.org.jctools.queues.atomic.MpscUnboundedAtomicArrayQueue
13:35:25.052 [main] INFO org.evosuite.runtime.instrumentation.EvoClassLoader - Seeing class for first time: io.netty.util.internal.shaded.org.jctools.queues.MpscChunkedArrayQueue
13:35:25.052 [main] INFO org.evosuite.runtime.instrumentation.EvoClassLoader - Instrumenting class 'io.netty.util.internal.shaded.org.jctools.queues.MpscChunkedArrayQueue'.
13:35:25.053 [main] INFO org.evosuite.runtime.instrumentation.MethodCallReplacementClassAdapter - Adding mock interface to class io/netty/util/internal/shaded/org/jctools/queues/MpscChunkedArrayQueue
13:35:25.053 [main] INFO org.evosuite.runtime.instrumentation.CreateClassResetClassAdapter - Creating brand-new static initializer in class io/netty/util/internal/shaded/org/jctools/queues/MpscChunkedArrayQueue
13:35:25.054 [main] INFO org.evosuite.runtime.instrumentation.EvoClassLoader - Seeing class for first time: io.netty.util.internal.shaded.org.jctools.queues.MpscChunkedArrayQueueColdProducerFields
13:35:25.054 [main] INFO org.evosuite.runtime.instrumentation.EvoClassLoader - Instrumenting class 'io.netty.util.internal.shaded.org.jctools.queues.MpscChunkedArrayQueueColdProducerFields'.
13:35:25.055 [main] INFO org.evosuite.runtime.instrumentation.MethodCallReplacementClassAdapter - Adding mock interface to class io/netty/util/internal/shaded/org/jctools/queues/MpscChunkedArrayQueueColdProducerFields
13:35:25.055 [main] INFO org.evosuite.runtime.instrumentation.CreateClassResetClassAdapter - Creating brand-new static initializer in class io/netty/util/internal/shaded/org/jctools/queues/MpscChunkedArrayQueueColdProducerFields
13:35:25.056 [main] INFO org.evosuite.runtime.instrumentation.EvoClassLoader - Keeping class: io.netty.util.internal.shaded.org.jctools.queues.MpscChunkedArrayQueueColdProducerFields
13:35:25.056 [main] INFO org.evosuite.runtime.instrumentation.EvoClassLoader - Keeping class: io.netty.util.internal.shaded.org.jctools.queues.MpscChunkedArrayQueue
13:35:25.056 [main] INFO org.evosuite.runtime.instrumentation.EvoClassLoader - Seeing class for first time: io.netty.util.internal.shaded.org.jctools.queues.atomic.MpscChunkedAtomicArrayQueue
13:35:25.056 [main] INFO org.evosuite.runtime.instrumentation.EvoClassLoader - Instrumenting class 'io.netty.util.internal.shaded.org.jctools.queues.atomic.MpscChunkedAtomicArrayQueue'.
13:35:25.057 [main] INFO org.evosuite.runtime.instrumentation.MethodCallReplacementClassAdapter - Adding mock interface to class io/netty/util/internal/shaded/org/jctools/queues/atomic/MpscChunkedAtomicArrayQueue
13:35:25.057 [main] INFO org.evosuite.runtime.instrumentation.CreateClassResetClassAdapter - Creating brand-new static initializer in class io/netty/util/internal/shaded/org/jctools/queues/atomic/MpscChunkedAtomicArrayQueue
13:35:25.058 [main] INFO org.evosuite.runtime.instrumentation.EvoClassLoader - Seeing class for first time: io.netty.util.internal.shaded.org.jctools.queues.atomic.MpscChunkedAtomicArrayQueueColdProducerFields
13:35:25.058 [main] INFO org.evosuite.runtime.instrumentation.EvoClassLoader - Instrumenting class 'io.netty.util.internal.shaded.org.jctools.queues.atomic.MpscChunkedAtomicArrayQueueColdProducerFields'.
13:35:25.058 [main] INFO org.evosuite.runtime.instrumentation.MethodCallReplacementClassAdapter - Adding mock interface to class io/netty/util/internal/shaded/org/jctools/queues/atomic/MpscChunkedAtomicArrayQueueColdProducerFields
13:35:25.058 [main] INFO org.evosuite.runtime.instrumentation.CreateClassResetClassAdapter - Creating brand-new static initializer in class io/netty/util/internal/shaded/org/jctools/queues/atomic/MpscChunkedAtomicArrayQueueColdProducerFields
13:35:25.059 [main] INFO org.evosuite.runtime.instrumentation.EvoClassLoader - Keeping class: io.netty.util.internal.shaded.org.jctools.queues.atomic.MpscChunkedAtomicArrayQueueColdProducerFields
13:35:25.059 [main] INFO org.evosuite.runtime.instrumentation.EvoClassLoader - Keeping class: io.netty.util.internal.shaded.org.jctools.queues.atomic.MpscChunkedAtomicArrayQueue
13:35:25.059 [main] DEBUG io.netty.util.internal.PlatformDependent - org.jctools-core.MpscChunkedArrayQueue: available
13:35:25.059 [main] DEBUG io.netty.util.internal.PlatformDependent - org.jctools-core.MpscChunkedArrayQueue: available
13:35:25.062 [main] INFO org.evosuite.runtime.instrumentation.EvoClassLoader - Seeing class for first time: io.netty.util.internal.shaded.org.jctools.util.RangeUtil
13:35:25.062 [main] INFO org.evosuite.runtime.instrumentation.EvoClassLoader - Instrumenting class 'io.netty.util.internal.shaded.org.jctools.util.RangeUtil'.
13:35:25.063 [main] INFO org.evosuite.runtime.instrumentation.MethodCallReplacementClassAdapter - Adding mock interface to class io/netty/util/internal/shaded/org/jctools/util/RangeUtil
13:35:25.065 [main] INFO org.evosuite.runtime.instrumentation.CreateClassResetClassAdapter - Creating brand-new static initializer in class io/netty/util/internal/shaded/org/jctools/util/RangeUtil
13:35:25.065 [main] INFO org.evosuite.runtime.instrumentation.EvoClassLoader - Keeping class: io.netty.util.internal.shaded.org.jctools.util.RangeUtil
13:35:25.066 [main] INFO org.evosuite.runtime.instrumentation.EvoClassLoader - Seeing class for first time: io.netty.util.internal.shaded.org.jctools.util.Pow2
13:35:25.066 [main] INFO org.evosuite.runtime.instrumentation.EvoClassLoader - Instrumenting class 'io.netty.util.internal.shaded.org.jctools.util.Pow2'.
13:35:25.066 [main] INFO org.evosuite.runtime.instrumentation.MethodCallReplacementClassAdapter - Adding mock interface to class io/netty/util/internal/shaded/org/jctools/util/Pow2
13:35:25.068 [main] INFO org.evosuite.runtime.instrumentation.CreateClassResetClassAdapter - Creating brand-new static initializer in class io/netty/util/internal/shaded/org/jctools/util/Pow2
13:35:25.068 [main] INFO org.evosuite.runtime.instrumentation.CreateClassResetClassAdapter - Adding bytecode for initializing field MAX_POW2
13:35:25.068 [main] INFO org.evosuite.runtime.instrumentation.EvoClassLoader - Keeping class: io.netty.util.internal.shaded.org.jctools.util.Pow2
13:35:25.068 [main] INFO org.evosuite.runtime.instrumentation.EvoClassLoader - Seeing class for first time: io.netty.util.internal.shaded.org.jctools.util.UnsafeRefArrayAccess
13:35:25.069 [main] INFO org.evosuite.runtime.instrumentation.EvoClassLoader - Instrumenting class 'io.netty.util.internal.shaded.org.jctools.util.UnsafeRefArrayAccess'.
13:35:25.069 [main] INFO org.evosuite.runtime.instrumentation.MethodCallReplacementClassAdapter - Adding mock interface to class io/netty/util/internal/shaded/org/jctools/util/UnsafeRefArrayAccess
13:35:25.070 [main] INFO org.evosuite.runtime.instrumentation.CreateClassResetClassAdapter - Found static initializer in class io/netty/util/internal/shaded/org/jctools/util/UnsafeRefArrayAccess
13:35:25.071 [main] INFO org.evosuite.runtime.instrumentation.EvoClassLoader - Keeping class: io.netty.util.internal.shaded.org.jctools.util.UnsafeRefArrayAccess
13:35:25.072 [main] INFO org.evosuite.runtime.instrumentation.EvoClassLoader - Seeing class for first time: io.netty.util.internal.shaded.org.jctools.queues.MessagePassingQueueUtil
13:35:25.072 [main] INFO org.evosuite.runtime.instrumentation.EvoClassLoader - Instrumenting class 'io.netty.util.internal.shaded.org.jctools.queues.MessagePassingQueueUtil'.
13:35:25.073 [main] INFO org.evosuite.runtime.instrumentation.MethodCallReplacementClassAdapter - Adding mock interface to class io/netty/util/internal/shaded/org/jctools/queues/MessagePassingQueueUtil
13:35:25.075 [main] INFO org.evosuite.runtime.instrumentation.CreateClassResetClassAdapter - Creating brand-new static initializer in class io/netty/util/internal/shaded/org/jctools/queues/MessagePassingQueueUtil
13:35:25.080 [main] INFO org.evosuite.runtime.instrumentation.EvoClassLoader - Keeping class: io.netty.util.internal.shaded.org.jctools.queues.MessagePassingQueueUtil
13:35:25.081 [main] INFO org.evosuite.runtime.instrumentation.EvoClassLoader - Seeing class for first time: io.netty.util.internal.shaded.org.jctools.queues.LinkedArrayQueueUtil
13:35:25.081 [main] INFO org.evosuite.runtime.instrumentation.EvoClassLoader - Instrumenting class 'io.netty.util.internal.shaded.org.jctools.queues.LinkedArrayQueueUtil'.
13:35:25.081 [main] INFO org.evosuite.runtime.instrumentation.MethodCallReplacementClassAdapter - Adding mock interface to class io/netty/util/internal/shaded/org/jctools/queues/LinkedArrayQueueUtil
13:35:25.082 [main] INFO org.evosuite.runtime.instrumentation.CreateClassResetClassAdapter - Creating brand-new static initializer in class io/netty/util/internal/shaded/org/jctools/queues/LinkedArrayQueueUtil
13:35:25.082 [main] INFO org.evosuite.runtime.instrumentation.EvoClassLoader - Keeping class: io.netty.util.internal.shaded.org.jctools.queues.LinkedArrayQueueUtil
13:35:25.084 [main] INFO org.evosuite.runtime.instrumentation.EvoClassLoader - Seeing class for first time: io.netty.buffer.IntPriorityQueue
13:35:25.084 [main] INFO org.evosuite.runtime.instrumentation.EvoClassLoader - Instrumenting class 'io.netty.buffer.IntPriorityQueue'.
13:35:25.084 [main] INFO org.evosuite.runtime.instrumentation.MethodCallReplacementClassAdapter - Adding mock interface to class io/netty/buffer/IntPriorityQueue
13:35:25.085 [main] INFO org.evosuite.runtime.instrumentation.CreateClassResetClassAdapter - Creating brand-new static initializer in class io/netty/buffer/IntPriorityQueue
13:35:25.085 [main] INFO org.evosuite.runtime.instrumentation.CreateClassResetClassAdapter - Adding bytecode for initializing field NO_VALUE
13:35:25.085 [main] INFO org.evosuite.runtime.instrumentation.EvoClassLoader - Keeping class: io.netty.buffer.IntPriorityQueue
13:35:25.086 [main] INFO org.evosuite.runtime.instrumentation.EvoClassLoader - Seeing class for first time: io.netty.buffer.LongLongHashMap
13:35:25.086 [main] INFO org.evosuite.runtime.instrumentation.EvoClassLoader - Instrumenting class 'io.netty.buffer.LongLongHashMap'.
13:35:25.086 [main] INFO org.evosuite.runtime.instrumentation.MethodCallReplacementClassAdapter - Adding mock interface to class io/netty/buffer/LongLongHashMap
13:35:25.086 [main] INFO org.evosuite.runtime.instrumentation.CreateClassResetClassAdapter - Creating brand-new static initializer in class io/netty/buffer/LongLongHashMap
13:35:25.086 [main] INFO org.evosuite.runtime.instrumentation.CreateClassResetClassAdapter - Adding bytecode for initializing field MASK_TEMPLATE
13:35:25.087 [main] INFO org.evosuite.runtime.instrumentation.EvoClassLoader - Keeping class: io.netty.buffer.LongLongHashMap
13:35:25.087 [main] INFO org.evosuite.runtime.instrumentation.EvoClassLoader - Seeing class for first time: io.netty.buffer.HeapByteBufUtil
13:35:25.087 [main] INFO org.evosuite.runtime.instrumentation.EvoClassLoader - Instrumenting class 'io.netty.buffer.HeapByteBufUtil'.
13:35:25.087 [main] INFO org.evosuite.runtime.instrumentation.MethodCallReplacementClassAdapter - Adding mock interface to class io/netty/buffer/HeapByteBufUtil
13:35:25.088 [main] INFO org.evosuite.runtime.instrumentation.CreateClassResetClassAdapter - Creating brand-new static initializer in class io/netty/buffer/HeapByteBufUtil
13:35:25.088 [main] INFO org.evosuite.runtime.instrumentation.EvoClassLoader - Keeping class: io.netty.buffer.HeapByteBufUtil
13:35:25.089 [main] DEBUG io.netty.buffer.ByteBufUtil - -Dio.netty.allocator.type: pooled
13:35:25.089 [main] DEBUG io.netty.buffer.ByteBufUtil - -Dio.netty.threadLocalDirectBufferSize: 0
13:35:25.089 [main] DEBUG io.netty.buffer.ByteBufUtil - -Dio.netty.maxThreadLocalCharBufferSize: 16384
13:35:25.089 [main] INFO org.evosuite.runtime.instrumentation.EvoClassLoader - Seeing class for first time: io.netty.util.ReferenceCountUtil
13:35:25.089 [main] INFO org.evosuite.runtime.instrumentation.EvoClassLoader - Instrumenting class 'io.netty.util.ReferenceCountUtil'.
13:35:25.089 [main] INFO org.evosuite.runtime.instrumentation.MethodCallReplacementClassAdapter - Adding mock interface to class io/netty/util/ReferenceCountUtil
13:35:25.090 [main] INFO org.evosuite.runtime.instrumentation.CreateClassResetClassAdapter - Found static initializer in class io/netty/util/ReferenceCountUtil
13:35:25.090 [main] INFO org.evosuite.runtime.instrumentation.EvoClassLoader - Keeping class: io.netty.util.ReferenceCountUtil
13:35:25.091 [main] INFO org.evosuite.runtime.instrumentation.EvoClassLoader - Seeing class for first time: net.jpountz.util.ByteBufferUtils
13:35:25.091 [main] INFO org.evosuite.runtime.instrumentation.EvoClassLoader - Instrumenting class 'net.jpountz.util.ByteBufferUtils'.
13:35:25.091 [main] INFO org.evosuite.runtime.instrumentation.MethodCallReplacementClassAdapter - Adding mock interface to class net/jpountz/util/ByteBufferUtils
13:35:25.093 [main] INFO org.evosuite.runtime.instrumentation.CreateClassResetClassAdapter - Found static initializer in class net/jpountz/util/ByteBufferUtils
13:35:25.094 [main] INFO org.evosuite.runtime.instrumentation.EvoClassLoader - Keeping class: net.jpountz.util.ByteBufferUtils
13:35:25.094 [main] INFO org.evosuite.runtime.instrumentation.EvoClassLoader - Seeing class for first time: net.sf.saxon.tree.tiny.CharSlice
13:35:25.094 [main] INFO org.evosuite.runtime.instrumentation.EvoClassLoader - Instrumenting class 'net.sf.saxon.tree.tiny.CharSlice'.
13:35:25.258 [main] INFO org.evosuite.runtime.instrumentation.MethodCallReplacementClassAdapter - Adding mock interface to class net/sf/saxon/tree/tiny/CharSlice
13:35:25.259 [main] INFO org.evosuite.runtime.instrumentation.CreateClassResetClassAdapter - Creating brand-new static initializer in class net/sf/saxon/tree/tiny/CharSlice
13:35:25.259 [main] INFO org.evosuite.runtime.instrumentation.EvoClassLoader - Defined package (3): package net.sf.saxon.tree.tiny, -1645783743
13:35:25.260 [main] INFO org.evosuite.runtime.instrumentation.EvoClassLoader - Keeping class: net.sf.saxon.tree.tiny.CharSlice
13:35:25.261 [main] INFO org.evosuite.runtime.instrumentation.EvoClassLoader - Seeing class for first time: net.sf.saxon.tree.tiny.Statistics
13:35:25.261 [main] INFO org.evosuite.runtime.instrumentation.EvoClassLoader - Instrumenting class 'net.sf.saxon.tree.tiny.Statistics'.
13:35:25.262 [main] INFO org.evosuite.runtime.instrumentation.MethodCallReplacementClassAdapter - Adding mock interface to class net/sf/saxon/tree/tiny/Statistics
13:35:25.262 [main] INFO org.evosuite.runtime.instrumentation.CreateClassResetClassAdapter - Creating brand-new static initializer in class net/sf/saxon/tree/tiny/Statistics
13:35:25.263 [main] INFO org.evosuite.runtime.instrumentation.EvoClassLoader - Keeping class: net.sf.saxon.tree.tiny.Statistics
13:35:25.263 [main] INFO org.evosuite.runtime.instrumentation.EvoClassLoader - Seeing class for first time: net.sf.saxon.om.GenericTreeInfo
13:35:25.263 [main] INFO org.evosuite.runtime.instrumentation.EvoClassLoader - Instrumenting class 'net.sf.saxon.om.GenericTreeInfo'.
13:35:25.265 [main] INFO org.evosuite.runtime.instrumentation.MethodCallReplacementClassAdapter - Adding mock interface to class net/sf/saxon/om/GenericTreeInfo
13:35:25.267 [main] INFO org.evosuite.runtime.instrumentation.CreateClassResetClassAdapter - Creating brand-new static initializer in class net/sf/saxon/om/GenericTreeInfo
13:35:25.267 [main] INFO org.evosuite.runtime.instrumentation.EvoClassLoader - Defined package (3): package net.sf.saxon.om, -1831452403
13:35:25.267 [main] INFO org.evosuite.runtime.instrumentation.EvoClassLoader - Seeing class for first time: net.sf.saxon.om.TreeInfo
13:35:25.267 [main] INFO org.evosuite.runtime.instrumentation.EvoClassLoader - Instrumenting class 'net.sf.saxon.om.TreeInfo'.
13:35:25.269 [main] INFO org.evosuite.runtime.instrumentation.EvoClassLoader - Keeping class: net.sf.saxon.om.TreeInfo
13:35:25.269 [main] INFO org.evosuite.runtime.instrumentation.EvoClassLoader - Keeping class: net.sf.saxon.om.GenericTreeInfo
13:35:25.269 [main] INFO org.evosuite.runtime.instrumentation.EvoClassLoader - Seeing class for first time: net.sf.saxon.om.SpaceStrippingRule
13:35:25.269 [main] INFO org.evosuite.runtime.instrumentation.EvoClassLoader - Instrumenting class 'net.sf.saxon.om.SpaceStrippingRule'.
13:35:25.271 [main] INFO org.evosuite.runtime.instrumentation.EvoClassLoader - Keeping class: net.sf.saxon.om.SpaceStrippingRule
13:35:25.271 [main] INFO org.evosuite.runtime.instrumentation.EvoClassLoader - Seeing class for first time: net.sf.saxon.om.NodeInfo
13:35:25.271 [main] INFO org.evosuite.runtime.instrumentation.EvoClassLoader - Instrumenting class 'net.sf.saxon.om.NodeInfo'.
13:35:25.274 [main] INFO org.evosuite.runtime.instrumentation.EvoClassLoader - Seeing class for first time: net.sf.saxon.om.Item
13:35:25.274 [main] INFO org.evosuite.runtime.instrumentation.EvoClassLoader - Instrumenting class 'net.sf.saxon.om.Item'.
13:35:25.279 [main] INFO org.evosuite.runtime.instrumentation.EvoClassLoader - Seeing class for first time: net.sf.saxon.om.GroundedValue
13:35:25.279 [main] INFO org.evosuite.runtime.instrumentation.EvoClassLoader - Instrumenting class 'net.sf.saxon.om.GroundedValue'.
13:35:25.281 [main] INFO org.evosuite.runtime.instrumentation.EvoClassLoader - Seeing class for first time: net.sf.saxon.om.Sequence
13:35:25.281 [main] INFO org.evosuite.runtime.instrumentation.EvoClassLoader - Instrumenting class 'net.sf.saxon.om.Sequence'.
13:35:25.282 [main] INFO org.evosuite.runtime.instrumentation.EvoClassLoader - Keeping class: net.sf.saxon.om.Sequence
13:35:25.283 [main] INFO org.evosuite.runtime.instrumentation.EvoClassLoader - Keeping class: net.sf.saxon.om.GroundedValue
13:35:25.283 [main] INFO org.evosuite.runtime.instrumentation.EvoClassLoader - Keeping class: net.sf.saxon.om.Item
13:35:25.283 [main] INFO org.evosuite.runtime.instrumentation.EvoClassLoader - Seeing class for first time: net.sf.saxon.expr.parser.Location
13:35:25.283 [main] INFO org.evosuite.runtime.instrumentation.EvoClassLoader - Instrumenting class 'net.sf.saxon.expr.parser.Location'.
13:35:25.284 [main] INFO org.evosuite.runtime.instrumentation.EvoClassLoader - Defined package (3): package net.sf.saxon.expr.parser, 1607920617
13:35:25.285 [main] INFO org.evosuite.runtime.instrumentation.EvoClassLoader - Keeping class: net.sf.saxon.expr.parser.Location
13:35:25.285 [main] INFO org.evosuite.runtime.instrumentation.EvoClassLoader - Keeping class: net.sf.saxon.om.NodeInfo
13:35:25.285 [main] INFO org.evosuite.runtime.instrumentation.EvoClassLoader - Seeing class for first time: net.sf.saxon.Configuration
13:35:25.285 [main] INFO org.evosuite.runtime.instrumentation.EvoClassLoader - Instrumenting class 'net.sf.saxon.Configuration'.
13:35:25.297 [main] INFO org.evosuite.runtime.instrumentation.MethodCallReplacementClassAdapter - Adding mock interface to class net/sf/saxon/Configuration
13:35:25.317 [main] INFO org.evosuite.runtime.instrumentation.CreateClassResetClassAdapter - Found static initializer in class net/sf/saxon/Configuration
13:35:25.318 [main] INFO org.evosuite.runtime.instrumentation.EvoClassLoader - Defined package (3): package net.sf.saxon, 1963389215
13:35:25.320 [main] INFO org.evosuite.runtime.instrumentation.EvoClassLoader - Seeing class for first time: net.sf.saxon.lib.SourceResolver
13:35:25.320 [main] INFO org.evosuite.runtime.instrumentation.EvoClassLoader - Instrumenting class 'net.sf.saxon.lib.SourceResolver'.
13:35:25.321 [main] INFO org.evosuite.runtime.instrumentation.EvoClassLoader - Defined package (3): package net.sf.saxon.lib, -940452554
13:35:25.321 [main] INFO org.evosuite.runtime.instrumentation.EvoClassLoader - Keeping class: net.sf.saxon.lib.SourceResolver
13:35:25.321 [main] INFO org.evosuite.runtime.instrumentation.EvoClassLoader - Seeing class for first time: net.sf.saxon.om.NotationSet
13:35:25.321 [main] INFO org.evosuite.runtime.instrumentation.EvoClassLoader - Instrumenting class 'net.sf.saxon.om.NotationSet'.
13:35:25.322 [main] INFO org.evosuite.runtime.instrumentation.EvoClassLoader - Keeping class: net.sf.saxon.om.NotationSet
13:35:25.323 [main] INFO org.evosuite.runtime.instrumentation.EvoClassLoader - Keeping class: net.sf.saxon.Configuration
13:35:25.324 [main] INFO org.evosuite.runtime.instrumentation.EvoClassLoader - Seeing class for first time: net.sf.saxon.tree.tiny.TinyTree
13:35:25.324 [main] INFO org.evosuite.runtime.instrumentation.EvoClassLoader - Instrumenting class 'net.sf.saxon.tree.tiny.TinyTree'.
13:35:25.328 [main] INFO org.evosuite.runtime.instrumentation.MethodCallReplacementClassAdapter - Adding mock interface to class net/sf/saxon/tree/tiny/TinyTree
13:35:25.338 [main] INFO org.evosuite.runtime.instrumentation.CreateClassResetClassAdapter - Found static initializer in class net/sf/saxon/tree/tiny/TinyTree
13:35:25.339 [main] INFO org.evosuite.runtime.instrumentation.EvoClassLoader - Seeing class for first time: net.sf.saxon.tree.tiny.NodeVectorTree
13:35:25.339 [main] INFO org.evosuite.runtime.instrumentation.EvoClassLoader - Instrumenting class 'net.sf.saxon.tree.tiny.NodeVectorTree'.
13:35:25.340 [main] INFO org.evosuite.runtime.instrumentation.EvoClassLoader - Keeping class: net.sf.saxon.tree.tiny.NodeVectorTree
13:35:25.341 [main] INFO org.evosuite.runtime.instrumentation.EvoClassLoader - Keeping class: net.sf.saxon.tree.tiny.TinyTree
13:35:25.341 [main] INFO org.evosuite.runtime.instrumentation.EvoClassLoader - Seeing class for first time: net.sf.saxon.type.MissingComponentException
13:35:25.341 [main] INFO org.evosuite.runtime.instrumentation.EvoClassLoader - Instrumenting class 'net.sf.saxon.type.MissingComponentException'.
13:35:25.341 [main] INFO org.evosuite.runtime.instrumentation.MethodCallReplacementClassAdapter - Adding mock interface to class net/sf/saxon/type/MissingComponentException
13:35:25.342 [main] INFO org.evosuite.runtime.instrumentation.CreateClassResetClassAdapter - Creating brand-new static initializer in class net/sf/saxon/type/MissingComponentException
13:35:25.342 [main] INFO org.evosuite.runtime.instrumentation.EvoClassLoader - Defined package (3): package net.sf.saxon.type, 910996137
13:35:25.342 [main] INFO org.evosuite.runtime.instrumentation.EvoClassLoader - Seeing class for first time: net.sf.saxon.type.SchemaException
13:35:25.342 [main] INFO org.evosuite.runtime.instrumentation.EvoClassLoader - Instrumenting class 'net.sf.saxon.type.SchemaException'.
13:35:25.342 [main] INFO org.evosuite.runtime.instrumentation.MethodCallReplacementClassAdapter - Adding mock interface to class net/sf/saxon/type/SchemaException
13:35:25.342 [main] INFO org.evosuite.runtime.instrumentation.CreateClassResetClassAdapter - Creating brand-new static initializer in class net/sf/saxon/type/SchemaException
13:35:25.343 [main] INFO org.evosuite.runtime.instrumentation.EvoClassLoader - Seeing class for first time: net.sf.saxon.trans.XPathException
13:35:25.343 [main] INFO org.evosuite.runtime.instrumentation.EvoClassLoader - Instrumenting class 'net.sf.saxon.trans.XPathException'.
13:35:25.343 [main] INFO org.evosuite.runtime.instrumentation.MethodCallReplacementClassAdapter - Adding mock interface to class net/sf/saxon/trans/XPathException
13:35:25.344 [main] INFO org.evosuite.runtime.instrumentation.CreateClassResetClassAdapter - Creating brand-new static initializer in class net/sf/saxon/trans/XPathException
13:35:25.344 [main] INFO org.evosuite.runtime.instrumentation.EvoClassLoader - Defined package (3): package net.sf.saxon.trans, -1824113383
13:35:25.344 [main] INFO org.evosuite.runtime.instrumentation.EvoClassLoader - Keeping class: net.sf.saxon.trans.XPathException
13:35:25.345 [main] INFO org.evosuite.runtime.instrumentation.EvoClassLoader - Keeping class: net.sf.saxon.type.SchemaException
13:35:25.345 [main] INFO org.evosuite.runtime.instrumentation.EvoClassLoader - Keeping class: net.sf.saxon.type.MissingComponentException
13:35:25.345 [main] INFO org.evosuite.runtime.instrumentation.EvoClassLoader - Seeing class for first time: net.sf.saxon.type.ValidationException
13:35:25.345 [main] INFO org.evosuite.runtime.instrumentation.EvoClassLoader - Instrumenting class 'net.sf.saxon.type.ValidationException'.
13:35:25.345 [main] INFO org.evosuite.runtime.instrumentation.MethodCallReplacementClassAdapter - Adding mock interface to class net/sf/saxon/type/ValidationException
13:35:25.346 [main] INFO org.evosuite.runtime.instrumentation.CreateClassResetClassAdapter - Creating brand-new static initializer in class net/sf/saxon/type/ValidationException
13:35:25.346 [main] INFO org.evosuite.runtime.instrumentation.EvoClassLoader - Keeping class: net.sf.saxon.type.ValidationException
13:35:25.346 [main] INFO org.evosuite.runtime.instrumentation.EvoClassLoader - Seeing class for first time: net.sf.saxon.z.IntSet
13:35:25.346 [main] INFO org.evosuite.runtime.instrumentation.EvoClassLoader - Instrumenting class 'net.sf.saxon.z.IntSet'.
13:35:25.347 [main] INFO org.evosuite.runtime.instrumentation.EvoClassLoader - Defined package (3): package net.sf.saxon.z, 1326394219
13:35:25.347 [main] INFO org.evosuite.runtime.instrumentation.EvoClassLoader - Keeping class: net.sf.saxon.z.IntSet
13:35:25.348 [main] INFO org.evosuite.runtime.instrumentation.EvoClassLoader - Seeing class for first time: net.sf.saxon.type.SchemaType
13:35:25.348 [main] INFO org.evosuite.runtime.instrumentation.EvoClassLoader - Instrumenting class 'net.sf.saxon.type.SchemaType'.
13:35:25.349 [main] INFO org.evosuite.runtime.instrumentation.EvoClassLoader - Seeing class for first time: net.sf.saxon.type.SchemaComponent
13:35:25.349 [main] INFO org.evosuite.runtime.instrumentation.EvoClassLoader - Instrumenting class 'net.sf.saxon.type.SchemaComponent'.
13:35:25.350 [main] INFO org.evosuite.runtime.instrumentation.EvoClassLoader - Keeping class: net.sf.saxon.type.SchemaComponent
13:35:25.350 [main] INFO org.evosuite.runtime.instrumentation.EvoClassLoader - Keeping class: net.sf.saxon.type.SchemaType
13:35:25.351 [main] INFO org.evosuite.runtime.instrumentation.EvoClassLoader - Seeing class for first time: net.sf.saxon.tree.tiny.AppendableCharSequence
13:35:25.351 [main] INFO org.evosuite.runtime.instrumentation.EvoClassLoader - Instrumenting class 'net.sf.saxon.tree.tiny.AppendableCharSequence'.
13:35:25.352 [main] INFO org.evosuite.runtime.instrumentation.EvoClassLoader - Keeping class: net.sf.saxon.tree.tiny.AppendableCharSequence
13:35:25.352 [main] INFO org.evosuite.runtime.instrumentation.EvoClassLoader - Seeing class for first time: net.sf.saxon.om.AtomicSequence
13:35:25.352 [main] INFO org.evosuite.runtime.instrumentation.EvoClassLoader - Instrumenting class 'net.sf.saxon.om.AtomicSequence'.
13:35:25.353 [main] INFO org.evosuite.runtime.instrumentation.EvoClassLoader - Keeping class: net.sf.saxon.om.AtomicSequence
13:35:25.353 [main] INFO org.evosuite.runtime.instrumentation.EvoClassLoader - Seeing class for first time: net.sf.saxon.type.AtomicType
13:35:25.353 [main] INFO org.evosuite.runtime.instrumentation.EvoClassLoader - Instrumenting class 'net.sf.saxon.type.AtomicType'.
13:35:25.354 [main] INFO org.evosuite.runtime.instrumentation.EvoClassLoader - Seeing class for first time: net.sf.saxon.type.SimpleType
13:35:25.354 [main] INFO org.evosuite.runtime.instrumentation.EvoClassLoader - Instrumenting class 'net.sf.saxon.type.SimpleType'.
13:35:25.354 [main] INFO org.evosuite.runtime.instrumentation.EvoClassLoader - Keeping class: net.sf.saxon.type.SimpleType
13:35:25.354 [main] INFO org.evosuite.runtime.instrumentation.EvoClassLoader - Seeing class for first time: net.sf.saxon.type.PlainType
13:35:25.354 [main] INFO org.evosuite.runtime.instrumentation.EvoClassLoader - Instrumenting class 'net.sf.saxon.type.PlainType'.
13:35:25.355 [main] INFO org.evosuite.runtime.instrumentation.EvoClassLoader - Seeing class for first time: net.sf.saxon.type.ItemType
13:35:25.355 [main] INFO org.evosuite.runtime.instrumentation.EvoClassLoader - Instrumenting class 'net.sf.saxon.type.ItemType'.
13:35:25.355 [main] INFO org.evosuite.runtime.instrumentation.EvoClassLoader - Keeping class: net.sf.saxon.type.ItemType
13:35:25.356 [main] INFO org.evosuite.runtime.instrumentation.EvoClassLoader - Keeping class: net.sf.saxon.type.PlainType
13:35:25.356 [main] INFO org.evosuite.runtime.instrumentation.EvoClassLoader - Keeping class: net.sf.saxon.type.AtomicType
13:35:25.356 [main] INFO org.evosuite.runtime.instrumentation.EvoClassLoader - Seeing class for first time: net.sf.saxon.value.AtomicValue
13:35:25.356 [main] INFO org.evosuite.runtime.instrumentation.EvoClassLoader - Instrumenting class 'net.sf.saxon.value.AtomicValue'.
13:35:25.357 [main] INFO org.evosuite.runtime.instrumentation.MethodCallReplacementClassAdapter - Adding mock interface to class net/sf/saxon/value/AtomicValue
13:35:25.357 [main] INFO org.evosuite.runtime.instrumentation.CreateClassResetClassAdapter - Creating brand-new static initializer in class net/sf/saxon/value/AtomicValue
13:35:25.357 [main] INFO org.evosuite.runtime.instrumentation.EvoClassLoader - Defined package (3): package net.sf.saxon.value, -1822762014
13:35:25.358 [main] INFO org.evosuite.runtime.instrumentation.EvoClassLoader - Seeing class for first time: net.sf.saxon.type.ConversionResult
13:35:25.358 [main] INFO org.evosuite.runtime.instrumentation.EvoClassLoader - Instrumenting class 'net.sf.saxon.type.ConversionResult'.
13:35:25.358 [main] INFO org.evosuite.runtime.instrumentation.EvoClassLoader - Keeping class: net.sf.saxon.type.ConversionResult
13:35:25.358 [main] INFO org.evosuite.runtime.instrumentation.EvoClassLoader - Seeing class for first time: net.sf.saxon.om.IdentityComparable
13:35:25.358 [main] INFO org.evosuite.runtime.instrumentation.EvoClassLoader - Instrumenting class 'net.sf.saxon.om.IdentityComparable'.
13:35:25.359 [main] INFO org.evosuite.runtime.instrumentation.EvoClassLoader - Keeping class: net.sf.saxon.om.IdentityComparable
13:35:25.359 [main] INFO org.evosuite.runtime.instrumentation.EvoClassLoader - Keeping class: net.sf.saxon.value.AtomicValue
13:35:25.359 [main] INFO org.evosuite.runtime.instrumentation.EvoClassLoader - Seeing class for first time: net.sf.saxon.value.UntypedAtomicValue
13:35:25.359 [main] INFO org.evosuite.runtime.instrumentation.EvoClassLoader - Instrumenting class 'net.sf.saxon.value.UntypedAtomicValue'.
13:35:25.359 [main] INFO org.evosuite.runtime.instrumentation.MethodCallReplacementClassAdapter - Adding mock interface to class net/sf/saxon/value/UntypedAtomicValue
13:35:25.360 [main] INFO org.evosuite.runtime.instrumentation.CreateClassResetClassAdapter - Found static initializer in class net/sf/saxon/value/UntypedAtomicValue
13:35:25.360 [main] INFO org.evosuite.runtime.instrumentation.EvoClassLoader - Seeing class for first time: net.sf.saxon.value.StringValue
13:35:25.360 [main] INFO org.evosuite.runtime.instrumentation.EvoClassLoader - Instrumenting class 'net.sf.saxon.value.StringValue'.
13:35:25.361 [main] INFO org.evosuite.runtime.instrumentation.MethodCallReplacementClassAdapter - Adding mock interface to class net/sf/saxon/value/StringValue
13:35:25.362 [main] INFO org.evosuite.runtime.instrumentation.CreateClassResetClassAdapter - Found static initializer in class net/sf/saxon/value/StringValue
13:35:25.363 [main] INFO org.evosuite.runtime.instrumentation.EvoClassLoader - Keeping class: net.sf.saxon.value.StringValue
13:35:25.364 [main] INFO org.evosuite.runtime.instrumentation.EvoClassLoader - Keeping class: net.sf.saxon.value.UntypedAtomicValue
13:35:25.365 [main] INFO org.evosuite.runtime.instrumentation.EvoClassLoader - Seeing class for first time: net.sf.saxon.tree.tiny.TinyNodeImpl
13:35:25.365 [main] INFO org.evosuite.runtime.instrumentation.EvoClassLoader - Instrumenting class 'net.sf.saxon.tree.tiny.TinyNodeImpl'.
13:35:25.367 [main] INFO org.evosuite.runtime.instrumentation.MethodCallReplacementClassAdapter - Adding mock interface to class net/sf/saxon/tree/tiny/TinyNodeImpl
13:35:25.371 [main] INFO org.evosuite.runtime.instrumentation.CreateClassResetClassAdapter - Found static initializer in class net/sf/saxon/tree/tiny/TinyNodeImpl
13:35:25.372 [main] INFO org.evosuite.runtime.instrumentation.EvoClassLoader - Keeping class: net.sf.saxon.tree.tiny.TinyNodeImpl
13:35:25.373 [main] INFO org.evosuite.runtime.instrumentation.EvoClassLoader - Seeing class for first time: net.sf.saxon.tree.tiny.TinyDocumentImpl
13:35:25.373 [main] INFO org.evosuite.runtime.instrumentation.EvoClassLoader - Instrumenting class 'net.sf.saxon.tree.tiny.TinyDocumentImpl'.
13:35:25.374 [main] INFO org.evosuite.runtime.instrumentation.MethodCallReplacementClassAdapter - Adding mock interface to class net/sf/saxon/tree/tiny/TinyDocumentImpl
13:35:25.375 [main] INFO org.evosuite.runtime.instrumentation.CreateClassResetClassAdapter - Creating brand-new static initializer in class net/sf/saxon/tree/tiny/TinyDocumentImpl
13:35:25.376 [main] INFO org.evosuite.runtime.instrumentation.EvoClassLoader - Seeing class for first time: net.sf.saxon.tree.tiny.TinyParentNodeImpl
13:35:25.376 [main] INFO org.evosuite.runtime.instrumentation.EvoClassLoader - Instrumenting class 'net.sf.saxon.tree.tiny.TinyParentNodeImpl'.
13:35:25.377 [main] INFO org.evosuite.runtime.instrumentation.MethodCallReplacementClassAdapter - Adding mock interface to class net/sf/saxon/tree/tiny/TinyParentNodeImpl
13:35:25.377 [main] INFO org.evosuite.runtime.instrumentation.CreateClassResetClassAdapter - Creating brand-new static initializer in class net/sf/saxon/tree/tiny/TinyParentNodeImpl
13:35:25.377 [main] INFO org.evosuite.runtime.instrumentation.EvoClassLoader - Keeping class: net.sf.saxon.tree.tiny.TinyParentNodeImpl
13:35:25.377 [main] INFO org.evosuite.runtime.instrumentation.EvoClassLoader - Keeping class: net.sf.saxon.tree.tiny.TinyDocumentImpl
13:35:25.378 [main] INFO org.evosuite.runtime.instrumentation.EvoClassLoader - Seeing class for first time: net.sf.saxon.tree.tiny.TinyElementImpl
13:35:25.378 [main] INFO org.evosuite.runtime.instrumentation.EvoClassLoader - Instrumenting class 'net.sf.saxon.tree.tiny.TinyElementImpl'.
13:35:25.380 [main] INFO org.evosuite.runtime.instrumentation.MethodCallReplacementClassAdapter - Adding mock interface to class net/sf/saxon/tree/tiny/TinyElementImpl
13:35:25.386 [main] INFO org.evosuite.runtime.instrumentation.CreateClassResetClassAdapter - Creating brand-new static initializer in class net/sf/saxon/tree/tiny/TinyElementImpl
13:35:25.387 [main] INFO org.evosuite.runtime.instrumentation.EvoClassLoader - Keeping class: net.sf.saxon.tree.tiny.TinyElementImpl
13:35:25.388 [main] INFO org.evosuite.runtime.instrumentation.EvoClassLoader - Seeing class for first time: net.sf.saxon.tree.tiny.TinyTextualElement
13:35:25.388 [main] INFO org.evosuite.runtime.instrumentation.EvoClassLoader - Instrumenting class 'net.sf.saxon.tree.tiny.TinyTextualElement'.
13:35:25.389 [main] INFO org.evosuite.runtime.instrumentation.MethodCallReplacementClassAdapter - Adding mock interface to class net/sf/saxon/tree/tiny/TinyTextualElement
13:35:25.391 [main] INFO org.evosuite.runtime.instrumentation.CreateClassResetClassAdapter - Creating brand-new static initializer in class net/sf/saxon/tree/tiny/TinyTextualElement
13:35:25.392 [main] INFO org.evosuite.runtime.instrumentation.EvoClassLoader - Keeping class: net.sf.saxon.tree.tiny.TinyTextualElement
13:35:25.392 [main] INFO org.evosuite.runtime.instrumentation.EvoClassLoader - Seeing class for first time: net.sf.saxon.tree.tiny.TinyTextImpl
13:35:25.392 [main] INFO org.evosuite.runtime.instrumentation.EvoClassLoader - Instrumenting class 'net.sf.saxon.tree.tiny.TinyTextImpl'.
13:35:25.393 [main] INFO org.evosuite.runtime.instrumentation.MethodCallReplacementClassAdapter - Adding mock interface to class net/sf/saxon/tree/tiny/TinyTextImpl
13:35:25.393 [main] INFO org.evosuite.runtime.instrumentation.CreateClassResetClassAdapter - Creating brand-new static initializer in class net/sf/saxon/tree/tiny/TinyTextImpl
13:35:25.393 [main] INFO org.evosuite.runtime.instrumentation.EvoClassLoader - Keeping class: net.sf.saxon.tree.tiny.TinyTextImpl
13:35:25.393 [main] INFO org.evosuite.runtime.instrumentation.EvoClassLoader - Seeing class for first time: net.sf.saxon.tree.tiny.WhitespaceTextImpl
13:35:25.393 [main] INFO org.evosuite.runtime.instrumentation.EvoClassLoader - Instrumenting class 'net.sf.saxon.tree.tiny.WhitespaceTextImpl'.
13:35:25.394 [main] INFO org.evosuite.runtime.instrumentation.MethodCallReplacementClassAdapter - Adding mock interface to class net/sf/saxon/tree/tiny/WhitespaceTextImpl
13:35:25.394 [main] INFO org.evosuite.runtime.instrumentation.CreateClassResetClassAdapter - Creating brand-new static initializer in class net/sf/saxon/tree/tiny/WhitespaceTextImpl
13:35:25.395 [main] INFO org.evosuite.runtime.instrumentation.EvoClassLoader - Keeping class: net.sf.saxon.tree.tiny.WhitespaceTextImpl
13:35:25.395 [main] INFO org.evosuite.runtime.instrumentation.EvoClassLoader - Seeing class for first time: net.sf.saxon.tree.tiny.TinyCommentImpl
13:35:25.395 [main] INFO org.evosuite.runtime.instrumentation.EvoClassLoader - Instrumenting class 'net.sf.saxon.tree.tiny.TinyCommentImpl'.
13:35:25.396 [main] INFO org.evosuite.runtime.instrumentation.MethodCallReplacementClassAdapter - Adding mock interface to class net/sf/saxon/tree/tiny/TinyCommentImpl
13:35:25.396 [main] INFO org.evosuite.runtime.instrumentation.CreateClassResetClassAdapter - Creating brand-new static initializer in class net/sf/saxon/tree/tiny/TinyCommentImpl
13:35:25.396 [main] INFO org.evosuite.runtime.instrumentation.EvoClassLoader - Keeping class: net.sf.saxon.tree.tiny.TinyCommentImpl
13:35:25.396 [main] INFO org.evosuite.runtime.instrumentation.EvoClassLoader - Seeing class for first time: net.sf.saxon.tree.tiny.TinyProcInstImpl
13:35:25.396 [main] INFO org.evosuite.runtime.instrumentation.EvoClassLoader - Instrumenting class 'net.sf.saxon.tree.tiny.TinyProcInstImpl'.
13:35:25.397 [main] INFO org.evosuite.runtime.instrumentation.MethodCallReplacementClassAdapter - Adding mock interface to class net/sf/saxon/tree/tiny/TinyProcInstImpl
13:35:25.397 [main] INFO org.evosuite.runtime.instrumentation.CreateClassResetClassAdapter - Creating brand-new static initializer in class net/sf/saxon/tree/tiny/TinyProcInstImpl
13:35:25.397 [main] INFO org.evosuite.runtime.instrumentation.EvoClassLoader - Keeping class: net.sf.saxon.tree.tiny.TinyProcInstImpl
13:35:25.398 [main] INFO org.evosuite.runtime.instrumentation.EvoClassLoader - Seeing class for first time: net.sf.saxon.om.NamespaceBinding
13:35:25.398 [main] INFO org.evosuite.runtime.instrumentation.EvoClassLoader - Instrumenting class 'net.sf.saxon.om.NamespaceBinding'.
13:35:25.399 [main] INFO org.evosuite.runtime.instrumentation.MethodCallReplacementClassAdapter - Adding mock interface to class net/sf/saxon/om/NamespaceBinding
13:35:25.400 [main] INFO org.evosuite.runtime.instrumentation.CreateClassResetClassAdapter - Found static initializer in class net/sf/saxon/om/NamespaceBinding
13:35:25.400 [main] INFO org.evosuite.runtime.instrumentation.EvoClassLoader - Seeing class for first time: net.sf.saxon.om.NamespaceBindingSet
13:35:25.400 [main] INFO org.evosuite.runtime.instrumentation.EvoClassLoader - Instrumenting class 'net.sf.saxon.om.NamespaceBindingSet'.
13:35:25.401 [main] INFO org.evosuite.runtime.instrumentation.EvoClassLoader - Keeping class: net.sf.saxon.om.NamespaceBindingSet
13:35:25.401 [main] INFO org.evosuite.runtime.instrumentation.EvoClassLoader - Keeping class: net.sf.saxon.om.NamespaceBinding
13:35:25.401 [main] INFO org.evosuite.runtime.instrumentation.EvoClassLoader - Seeing class for first time: net.sf.saxon.om.PrefixPool
13:35:25.401 [main] INFO org.evosuite.runtime.instrumentation.EvoClassLoader - Instrumenting class 'net.sf.saxon.om.PrefixPool'.
13:35:25.402 [main] INFO org.evosuite.runtime.instrumentation.MethodCallReplacementClassAdapter - Adding mock interface to class net/sf/saxon/om/PrefixPool
13:35:25.402 [main] INFO org.evosuite.runtime.instrumentation.CreateClassResetClassAdapter - Creating brand-new static initializer in class net/sf/saxon/om/PrefixPool
13:35:25.403 [main] INFO org.evosuite.runtime.instrumentation.EvoClassLoader - Keeping class: net.sf.saxon.om.PrefixPool
13:35:25.403 [main] INFO org.evosuite.runtime.instrumentation.EvoClassLoader - Seeing class for first time: net.sf.saxon.tree.tiny.TinyAttributeImpl
13:35:25.403 [main] INFO org.evosuite.runtime.instrumentation.EvoClassLoader - Instrumenting class 'net.sf.saxon.tree.tiny.TinyAttributeImpl'.
13:35:25.404 [main] INFO org.evosuite.runtime.instrumentation.MethodCallReplacementClassAdapter - Adding mock interface to class net/sf/saxon/tree/tiny/TinyAttributeImpl
13:35:25.406 [main] INFO org.evosuite.runtime.instrumentation.CreateClassResetClassAdapter - Creating brand-new static initializer in class net/sf/saxon/tree/tiny/TinyAttributeImpl
13:35:25.406 [main] INFO org.evosuite.runtime.instrumentation.EvoClassLoader - Keeping class: net.sf.saxon.tree.tiny.TinyAttributeImpl
13:35:25.406 [main] INFO org.evosuite.runtime.instrumentation.EvoClassLoader - Seeing class for first time: net.sf.saxon.om.NamePool
13:35:25.406 [main] INFO org.evosuite.runtime.instrumentation.EvoClassLoader - Instrumenting class 'net.sf.saxon.om.NamePool'.
13:35:25.407 [main] INFO org.evosuite.runtime.instrumentation.MethodCallReplacementClassAdapter - Adding mock interface to class net/sf/saxon/om/NamePool
13:35:25.408 [main] INFO org.evosuite.runtime.instrumentation.CreateClassResetClassAdapter - Creating brand-new static initializer in class net/sf/saxon/om/NamePool
13:35:25.408 [main] INFO org.evosuite.runtime.instrumentation.CreateClassResetClassAdapter - Adding bytecode for initializing field FP_MASK
13:35:25.408 [main] INFO org.evosuite.runtime.instrumentation.CreateClassResetClassAdapter - Adding bytecode for initializing field USER_DEFINED_MASK
13:35:25.408 [main] INFO org.evosuite.runtime.instrumentation.CreateClassResetClassAdapter - Adding bytecode for initializing field MAX_FINGERPRINT
13:35:25.408 [main] INFO org.evosuite.runtime.instrumentation.EvoClassLoader - Keeping class: net.sf.saxon.om.NamePool
13:35:25.409 [main] INFO org.evosuite.runtime.instrumentation.EvoClassLoader - Seeing class for first time: net.sf.saxon.om.NoElementsSpaceStrippingRule
13:35:25.409 [main] INFO org.evosuite.runtime.instrumentation.EvoClassLoader - Instrumenting class 'net.sf.saxon.om.NoElementsSpaceStrippingRule'.
13:35:25.409 [main] INFO org.evosuite.runtime.instrumentation.MethodCallReplacementClassAdapter - Adding mock interface to class net/sf/saxon/om/NoElementsSpaceStrippingRule
13:35:25.410 [main] INFO org.evosuite.runtime.instrumentation.CreateClassResetClassAdapter - Found static initializer in class net/sf/saxon/om/NoElementsSpaceStrippingRule
13:35:25.410 [main] INFO org.evosuite.runtime.instrumentation.EvoClassLoader - Keeping class: net.sf.saxon.om.NoElementsSpaceStrippingRule
13:35:25.410 [main] INFO org.evosuite.runtime.instrumentation.EvoClassLoader - Seeing class for first time: net.sf.saxon.trace.ExpressionPresenter
13:35:25.410 [main] INFO org.evosuite.runtime.instrumentation.EvoClassLoader - Instrumenting class 'net.sf.saxon.trace.ExpressionPresenter'.
13:35:25.412 [main] INFO org.evosuite.runtime.instrumentation.MethodCallReplacementClassAdapter - Adding mock interface to class net/sf/saxon/trace/ExpressionPresenter
13:35:25.415 [main] INFO org.evosuite.runtime.instrumentation.CreateClassResetClassAdapter - Creating brand-new static initializer in class net/sf/saxon/trace/ExpressionPresenter
13:35:25.417 [main] INFO org.evosuite.runtime.instrumentation.EvoClassLoader - Defined package (3): package net.sf.saxon.trace, -1824113738
13:35:25.417 [main] INFO org.evosuite.runtime.instrumentation.EvoClassLoader - Keeping class: net.sf.saxon.trace.ExpressionPresenter
13:35:25.417 [main] INFO org.evosuite.runtime.instrumentation.EvoClassLoader - Seeing class for first time: net.sf.saxon.event.Receiver
13:35:25.417 [main] INFO org.evosuite.runtime.instrumentation.EvoClassLoader - Instrumenting class 'net.sf.saxon.event.Receiver'.
13:35:25.419 [main] INFO org.evosuite.runtime.instrumentation.EvoClassLoader - Defined package (3): package net.sf.saxon.event, -1837843189
13:35:25.419 [main] INFO org.evosuite.runtime.instrumentation.EvoClassLoader - Keeping class: net.sf.saxon.event.Receiver
13:35:25.419 [main] INFO org.evosuite.runtime.instrumentation.EvoClassLoader - Seeing class for first time: net.sf.saxon.event.ProxyReceiver
13:35:25.419 [main] INFO org.evosuite.runtime.instrumentation.EvoClassLoader - Instrumenting class 'net.sf.saxon.event.ProxyReceiver'.
13:35:25.420 [main] INFO org.evosuite.runtime.instrumentation.MethodCallReplacementClassAdapter - Adding mock interface to class net/sf/saxon/event/ProxyReceiver
13:35:25.421 [main] INFO org.evosuite.runtime.instrumentation.CreateClassResetClassAdapter - Creating brand-new static initializer in class net/sf/saxon/event/ProxyReceiver
13:35:25.421 [main] INFO org.evosuite.runtime.instrumentation.EvoClassLoader - Seeing class for first time: net.sf.saxon.event.SequenceReceiver
13:35:25.421 [main] INFO org.evosuite.runtime.instrumentation.EvoClassLoader - Instrumenting class 'net.sf.saxon.event.SequenceReceiver'.
13:35:25.422 [main] INFO org.evosuite.runtime.instrumentation.MethodCallReplacementClassAdapter - Adding mock interface to class net/sf/saxon/event/SequenceReceiver
13:35:25.423 [main] INFO org.evosuite.runtime.instrumentation.CreateClassResetClassAdapter - Creating brand-new static initializer in class net/sf/saxon/event/SequenceReceiver
13:35:25.423 [main] INFO org.evosuite.runtime.instrumentation.EvoClassLoader - Keeping class: net.sf.saxon.event.SequenceReceiver
13:35:25.423 [main] INFO org.evosuite.runtime.instrumentation.EvoClassLoader - Keeping class: net.sf.saxon.event.ProxyReceiver
13:35:25.423 [main] INFO org.evosuite.runtime.instrumentation.EvoClassLoader - Seeing class for first time: net.sf.saxon.om.NodeName
13:35:25.423 [main] INFO org.evosuite.runtime.instrumentation.EvoClassLoader - Instrumenting class 'net.sf.saxon.om.NodeName'.
13:35:25.424 [main] INFO org.evosuite.runtime.instrumentation.EvoClassLoader - Keeping class: net.sf.saxon.om.NodeName
13:35:25.425 [main] INFO org.evosuite.runtime.instrumentation.EvoClassLoader - Seeing class for first time: net.sf.saxon.tree.util.FastStringBuffer
13:35:25.425 [main] INFO org.evosuite.runtime.instrumentation.EvoClassLoader - Instrumenting class 'net.sf.saxon.tree.util.FastStringBuffer'.
13:35:25.425 [main] INFO org.evosuite.runtime.instrumentation.MethodCallReplacementClassAdapter - Adding mock interface to class net/sf/saxon/tree/util/FastStringBuffer
13:35:25.426 [main] INFO org.evosuite.runtime.instrumentation.CreateClassResetClassAdapter - Creating brand-new static initializer in class net/sf/saxon/tree/util/FastStringBuffer
13:35:25.426 [main] INFO org.evosuite.runtime.instrumentation.CreateClassResetClassAdapter - Adding bytecode for initializing field C16
13:35:25.426 [main] INFO org.evosuite.runtime.instrumentation.CreateClassResetClassAdapter - Adding bytecode for initializing field C64
13:35:25.426 [main] INFO org.evosuite.runtime.instrumentation.CreateClassResetClassAdapter - Adding bytecode for initializing field C256
13:35:25.426 [main] INFO org.evosuite.runtime.instrumentation.CreateClassResetClassAdapter - Adding bytecode for initializing field C1024
13:35:25.426 [main] INFO org.evosuite.runtime.instrumentation.EvoClassLoader - Defined package (3): package net.sf.saxon.tree.util, -1645743549
13:35:25.426 [main] INFO org.evosuite.runtime.instrumentation.EvoClassLoader - Keeping class: net.sf.saxon.tree.util.FastStringBuffer
13:35:25.427 [main] INFO org.evosuite.runtime.instrumentation.EvoClassLoader - Seeing class for first time: net.sf.saxon.regex.UnicodeString
13:35:25.427 [main] INFO org.evosuite.runtime.instrumentation.EvoClassLoader - Instrumenting class 'net.sf.saxon.regex.UnicodeString'.
13:35:25.428 [main] INFO org.evosuite.runtime.instrumentation.MethodCallReplacementClassAdapter - Adding mock interface to class net/sf/saxon/regex/UnicodeString
13:35:25.428 [main] INFO org.evosuite.runtime.instrumentation.CreateClassResetClassAdapter - Creating brand-new static initializer in class net/sf/saxon/regex/UnicodeString
13:35:25.428 [main] INFO org.evosuite.runtime.instrumentation.EvoClassLoader - Defined package (3): package net.sf.saxon.regex, -1826342216
13:35:25.429 [main] INFO org.evosuite.runtime.instrumentation.EvoClassLoader - Keeping class: net.sf.saxon.regex.UnicodeString
13:35:25.430 [main] INFO org.evosuite.runtime.instrumentation.EvoClassLoader - Seeing class for first time: io.netty.buffer.PoolThreadCache$1
13:35:25.430 [main] INFO org.evosuite.runtime.instrumentation.EvoClassLoader - Instrumenting class 'io.netty.buffer.PoolThreadCache$1'.
13:35:25.430 [main] INFO org.evosuite.runtime.instrumentation.MethodCallReplacementClassAdapter - Adding mock interface to class io/netty/buffer/PoolThreadCache$1
13:35:25.431 [main] INFO org.evosuite.runtime.instrumentation.EvoClassLoader - Keeping class: io.netty.buffer.PoolThreadCache$1
13:35:25.431 [main] INFO org.evosuite.runtime.instrumentation.EvoClassLoader - Seeing class for first time: io.netty.buffer.PoolArena$1
13:35:25.431 [main] INFO org.evosuite.runtime.instrumentation.EvoClassLoader - Instrumenting class 'io.netty.buffer.PoolArena$1'.
13:35:25.432 [main] INFO org.evosuite.runtime.instrumentation.MethodCallReplacementClassAdapter - Adding mock interface to class io/netty/buffer/PoolArena$1
13:35:25.433 [main] INFO org.evosuite.runtime.instrumentation.EvoClassLoader - Keeping class: io.netty.buffer.PoolArena$1
13:35:25.433 [main] INFO org.evosuite.runtime.instrumentation.EvoClassLoader - Seeing class for first time: net.sf.saxon.om.SequenceIterator
13:35:25.433 [main] INFO org.evosuite.runtime.instrumentation.EvoClassLoader - Instrumenting class 'net.sf.saxon.om.SequenceIterator'.
13:35:25.435 [main] INFO org.evosuite.runtime.instrumentation.EvoClassLoader - Keeping class: net.sf.saxon.om.SequenceIterator
13:35:25.435 [main] INFO org.evosuite.runtime.instrumentation.EvoClassLoader - Seeing class for first time: net.sf.saxon.tree.iter.UnfailingIterator
13:35:25.435 [main] INFO org.evosuite.runtime.instrumentation.EvoClassLoader - Instrumenting class 'net.sf.saxon.tree.iter.UnfailingIterator'.
13:35:25.437 [main] INFO org.evosuite.runtime.instrumentation.EvoClassLoader - Defined package (3): package net.sf.saxon.tree.iter, -1646101159
13:35:25.437 [main] INFO org.evosuite.runtime.instrumentation.EvoClassLoader - Keeping class: net.sf.saxon.tree.iter.UnfailingIterator
13:35:25.437 [main] INFO org.evosuite.runtime.instrumentation.EvoClassLoader - Seeing class for first time: net.sf.saxon.tree.iter.AtomicIterator
13:35:25.437 [main] INFO org.evosuite.runtime.instrumentation.EvoClassLoader - Instrumenting class 'net.sf.saxon.tree.iter.AtomicIterator'.
13:35:25.438 [main] INFO org.evosuite.runtime.instrumentation.EvoClassLoader - Keeping class: net.sf.saxon.tree.iter.AtomicIterator
13:35:25.439 [main] INFO org.evosuite.runtime.instrumentation.EvoClassLoader - Seeing class for first time: net.sf.saxon.trans.NoDynamicContextException
13:35:25.439 [main] INFO org.evosuite.runtime.instrumentation.EvoClassLoader - Instrumenting class 'net.sf.saxon.trans.NoDynamicContextException'.
13:35:25.439 [main] INFO org.evosuite.runtime.instrumentation.MethodCallReplacementClassAdapter - Adding mock interface to class net/sf/saxon/trans/NoDynamicContextException
13:35:25.439 [main] INFO org.evosuite.runtime.instrumentation.CreateClassResetClassAdapter - Creating brand-new static initializer in class net/sf/saxon/trans/NoDynamicContextException
13:35:25.439 [main] INFO org.evosuite.runtime.instrumentation.EvoClassLoader - Keeping class: net.sf.saxon.trans.NoDynamicContextException
13:35:25.439 [main] INFO org.evosuite.runtime.instrumentation.EvoClassLoader - Seeing class for first time: net.sf.saxon.lib.StringCollator
13:35:25.439 [main] INFO org.evosuite.runtime.instrumentation.EvoClassLoader - Instrumenting class 'net.sf.saxon.lib.StringCollator'.
13:35:25.440 [main] INFO org.evosuite.runtime.instrumentation.EvoClassLoader - Keeping class: net.sf.saxon.lib.StringCollator
13:35:25.440 [main] INFO org.evosuite.runtime.instrumentation.EvoClassLoader - Seeing class for first time: net.sf.saxon.tree.iter.SingleAtomicIterator
13:35:25.440 [main] INFO org.evosuite.runtime.instrumentation.EvoClassLoader - Instrumenting class 'net.sf.saxon.tree.iter.SingleAtomicIterator'.
13:35:25.441 [main] INFO org.evosuite.runtime.instrumentation.MethodCallReplacementClassAdapter - Adding mock interface to class net/sf/saxon/tree/iter/SingleAtomicIterator
13:35:25.443 [main] INFO org.evosuite.runtime.instrumentation.CreateClassResetClassAdapter - Creating brand-new static initializer in class net/sf/saxon/tree/iter/SingleAtomicIterator
13:35:25.443 [main] INFO org.evosuite.runtime.instrumentation.EvoClassLoader - Seeing class for first time: net.sf.saxon.tree.iter.ReversibleIterator
13:35:25.443 [main] INFO org.evosuite.runtime.instrumentation.EvoClassLoader - Instrumenting class 'net.sf.saxon.tree.iter.ReversibleIterator'.
13:35:25.444 [main] INFO org.evosuite.runtime.instrumentation.EvoClassLoader - Keeping class: net.sf.saxon.tree.iter.ReversibleIterator
13:35:25.444 [main] INFO org.evosuite.runtime.instrumentation.EvoClassLoader - Seeing class for first time: net.sf.saxon.expr.LastPositionFinder
13:35:25.444 [main] INFO org.evosuite.runtime.instrumentation.EvoClassLoader - Instrumenting class 'net.sf.saxon.expr.LastPositionFinder'.
13:35:25.444 [main] INFO org.evosuite.runtime.instrumentation.EvoClassLoader - Defined package (3): package net.sf.saxon.expr, 910548324
13:35:25.445 [main] INFO org.evosuite.runtime.instrumentation.EvoClassLoader - Keeping class: net.sf.saxon.expr.LastPositionFinder
13:35:25.445 [main] INFO org.evosuite.runtime.instrumentation.EvoClassLoader - Seeing class for first time: net.sf.saxon.tree.iter.GroundedIterator
13:35:25.445 [main] INFO org.evosuite.runtime.instrumentation.EvoClassLoader - Instrumenting class 'net.sf.saxon.tree.iter.GroundedIterator'.
13:35:25.445 [main] INFO org.evosuite.runtime.instrumentation.EvoClassLoader - Keeping class: net.sf.saxon.tree.iter.GroundedIterator
13:35:25.445 [main] INFO org.evosuite.runtime.instrumentation.EvoClassLoader - Seeing class for first time: net.sf.saxon.tree.iter.LookaheadIterator
13:35:25.445 [main] INFO org.evosuite.runtime.instrumentation.EvoClassLoader - Instrumenting class 'net.sf.saxon.tree.iter.LookaheadIterator'.
13:35:25.446 [main] INFO org.evosuite.runtime.instrumentation.EvoClassLoader - Keeping class: net.sf.saxon.tree.iter.LookaheadIterator
13:35:25.446 [main] INFO org.evosuite.runtime.instrumentation.EvoClassLoader - Keeping class: net.sf.saxon.tree.iter.SingleAtomicIterator
13:35:25.446 [main] INFO org.evosuite.runtime.instrumentation.EvoClassLoader - Seeing class for first time: net.sf.saxon.expr.XPathContext
13:35:25.446 [main] INFO org.evosuite.runtime.instrumentation.EvoClassLoader - Instrumenting class 'net.sf.saxon.expr.XPathContext'.
13:35:25.447 [main] INFO org.evosuite.runtime.instrumentation.EvoClassLoader - Keeping class: net.sf.saxon.expr.XPathContext
13:35:25.447 [main] INFO org.evosuite.runtime.instrumentation.EvoClassLoader - Seeing class for first time: net.sf.saxon.functions.AccessorFn$Component
13:35:25.447 [main] INFO org.evosuite.runtime.instrumentation.EvoClassLoader - Instrumenting class 'net.sf.saxon.functions.AccessorFn$Component'.
13:35:25.448 [main] INFO org.evosuite.runtime.instrumentation.MethodCallReplacementClassAdapter - Adding mock interface to class net/sf/saxon/functions/AccessorFn$Component
13:35:25.448 [main] INFO org.evosuite.runtime.instrumentation.CreateClassResetClassAdapter - Found static initializer in class net/sf/saxon/functions/AccessorFn$Component
13:35:25.448 [main] INFO org.evosuite.runtime.instrumentation.EvoClassLoader - Defined package (3): package net.sf.saxon.functions, -1773096564
13:35:25.449 [main] INFO org.evosuite.runtime.instrumentation.EvoClassLoader - Keeping class: net.sf.saxon.functions.AccessorFn$Component
13:35:25.449 [main] INFO org.evosuite.runtime.instrumentation.EvoClassLoader - Seeing class for first time: net.sf.saxon.om.Genre
13:35:25.449 [main] INFO org.evosuite.runtime.instrumentation.EvoClassLoader - Instrumenting class 'net.sf.saxon.om.Genre'.
13:35:25.450 [main] INFO org.evosuite.runtime.instrumentation.MethodCallReplacementClassAdapter - Adding mock interface to class net/sf/saxon/om/Genre
13:35:25.450 [main] INFO org.evosuite.runtime.instrumentation.CreateClassResetClassAdapter - Found static initializer in class net/sf/saxon/om/Genre
13:35:25.450 [main] INFO org.evosuite.runtime.instrumentation.EvoClassLoader - Keeping class: net.sf.saxon.om.Genre
13:35:25.450 [main] INFO org.evosuite.runtime.instrumentation.EvoClassLoader - Seeing class for first time: net.sf.saxon.expr.sort.AtomicMatchKey
13:35:25.450 [main] INFO org.evosuite.runtime.instrumentation.EvoClassLoader - Instrumenting class 'net.sf.saxon.expr.sort.AtomicMatchKey'.
13:35:25.451 [main] INFO org.evosuite.runtime.instrumentation.EvoClassLoader - Defined package (3): package net.sf.saxon.expr.sort, -1187049496
13:35:25.452 [main] INFO org.evosuite.runtime.instrumentation.EvoClassLoader - Keeping class: net.sf.saxon.expr.sort.AtomicMatchKey
13:35:25.452 [main] INFO org.evosuite.runtime.instrumentation.EvoClassLoader - Seeing class for first time: net.sf.saxon.expr.StaticContext
13:35:25.452 [main] INFO org.evosuite.runtime.instrumentation.EvoClassLoader - Instrumenting class 'net.sf.saxon.expr.StaticContext'.
13:35:25.453 [main] INFO org.evosuite.runtime.instrumentation.EvoClassLoader - Keeping class: net.sf.saxon.expr.StaticContext
13:35:25.453 [main] INFO org.evosuite.runtime.instrumentation.EvoClassLoader - Seeing class for first time: net.sf.saxon.type.BuiltInAtomicType
13:35:25.453 [main] INFO org.evosuite.runtime.instrumentation.EvoClassLoader - Instrumenting class 'net.sf.saxon.type.BuiltInAtomicType'.
13:35:25.455 [main] INFO org.evosuite.runtime.instrumentation.MethodCallReplacementClassAdapter - Adding mock interface to class net/sf/saxon/type/BuiltInAtomicType
13:35:25.458 [main] INFO org.evosuite.runtime.instrumentation.CreateClassResetClassAdapter - Found static initializer in class net/sf/saxon/type/BuiltInAtomicType
13:35:25.459 [main] INFO org.evosuite.runtime.instrumentation.EvoClassLoader - Seeing class for first time: net.sf.saxon.type.ItemType$WithSequenceTypeCache
13:35:25.459 [main] INFO org.evosuite.runtime.instrumentation.EvoClassLoader - Instrumenting class 'net.sf.saxon.type.ItemType$WithSequenceTypeCache'.
13:35:25.461 [main] INFO org.evosuite.runtime.instrumentation.EvoClassLoader - Keeping class: net.sf.saxon.type.ItemType$WithSequenceTypeCache
13:35:25.462 [main] INFO org.evosuite.runtime.instrumentation.EvoClassLoader - Keeping class: net.sf.saxon.type.BuiltInAtomicType
13:35:25.462 [main] INFO org.evosuite.runtime.instrumentation.EvoClassLoader - Seeing class for first time: net.sf.saxon.type.UType
13:35:25.462 [main] INFO org.evosuite.runtime.instrumentation.EvoClassLoader - Instrumenting class 'net.sf.saxon.type.UType'.
13:35:25.464 [main] INFO org.evosuite.runtime.instrumentation.MethodCallReplacementClassAdapter - Adding mock interface to class net/sf/saxon/type/UType
13:35:25.466 [main] INFO org.evosuite.runtime.instrumentation.CreateClassResetClassAdapter - Found static initializer in class net/sf/saxon/type/UType
13:35:25.467 [main] INFO org.evosuite.runtime.instrumentation.EvoClassLoader - Keeping class: net.sf.saxon.type.UType
13:35:25.467 [main] INFO org.evosuite.runtime.instrumentation.EvoClassLoader - Seeing class for first time: net.sf.saxon.value.NumericValue
13:35:25.467 [main] INFO org.evosuite.runtime.instrumentation.EvoClassLoader - Instrumenting class 'net.sf.saxon.value.NumericValue'.
13:35:25.468 [main] INFO org.evosuite.runtime.instrumentation.MethodCallReplacementClassAdapter - Adding mock interface to class net/sf/saxon/value/NumericValue
13:35:25.469 [main] INFO org.evosuite.runtime.instrumentation.CreateClassResetClassAdapter - Creating brand-new static initializer in class net/sf/saxon/value/NumericValue
13:35:25.469 [main] INFO org.evosuite.runtime.instrumentation.EvoClassLoader - Keeping class: net.sf.saxon.value.NumericValue
13:35:25.469 [main] INFO org.evosuite.runtime.instrumentation.EvoClassLoader - Seeing class for first time: net.sf.saxon.value.DoubleValue
13:35:25.469 [main] INFO org.evosuite.runtime.instrumentation.EvoClassLoader - Instrumenting class 'net.sf.saxon.value.DoubleValue'.
13:35:25.470 [main] INFO org.evosuite.runtime.instrumentation.MethodCallReplacementClassAdapter - Adding mock interface to class net/sf/saxon/value/DoubleValue
13:35:25.471 [main] INFO org.evosuite.runtime.instrumentation.CreateClassResetClassAdapter - Found static initializer in class net/sf/saxon/value/DoubleValue
13:35:25.472 [main] INFO org.evosuite.runtime.instrumentation.EvoClassLoader - Keeping class: net.sf.saxon.value.DoubleValue
13:35:25.472 [main] INFO org.evosuite.runtime.instrumentation.EvoClassLoader - Seeing class for first time: net.sf.saxon.om.StructuredQName
13:35:25.472 [main] INFO org.evosuite.runtime.instrumentation.EvoClassLoader - Instrumenting class 'net.sf.saxon.om.StructuredQName'.
13:35:25.474 [main] INFO org.evosuite.runtime.instrumentation.MethodCallReplacementClassAdapter - Adding mock interface to class net/sf/saxon/om/StructuredQName
13:35:25.476 [main] INFO org.evosuite.runtime.instrumentation.CreateClassResetClassAdapter - Creating brand-new static initializer in class net/sf/saxon/om/StructuredQName
13:35:25.477 [main] INFO org.evosuite.runtime.instrumentation.EvoClassLoader - Keeping class: net.sf.saxon.om.StructuredQName
13:35:25.477 [main] INFO org.evosuite.runtime.instrumentation.EvoClassLoader - Seeing class for first time: net.sf.saxon.om.QNameException
13:35:25.477 [main] INFO org.evosuite.runtime.instrumentation.EvoClassLoader - Instrumenting class 'net.sf.saxon.om.QNameException'.
13:35:25.478 [main] INFO org.evosuite.runtime.instrumentation.MethodCallReplacementClassAdapter - Adding mock interface to class net/sf/saxon/om/QNameException
13:35:25.478 [main] INFO org.evosuite.runtime.instrumentation.CreateClassResetClassAdapter - Creating brand-new static initializer in class net/sf/saxon/om/QNameException
13:35:25.479 [main] INFO org.evosuite.runtime.instrumentation.EvoClassLoader - Keeping class: net.sf.saxon.om.QNameException
13:35:25.479 [main] INFO org.evosuite.runtime.instrumentation.EvoClassLoader - Seeing class for first time: net.sf.saxon.om.NamespaceResolver
13:35:25.479 [main] INFO org.evosuite.runtime.instrumentation.EvoClassLoader - Instrumenting class 'net.sf.saxon.om.NamespaceResolver'.
13:35:25.480 [main] INFO org.evosuite.runtime.instrumentation.EvoClassLoader - Keeping class: net.sf.saxon.om.NamespaceResolver
13:35:25.481 [main] INFO org.evosuite.runtime.instrumentation.EvoClassLoader - Seeing class for first time: net.sf.saxon.type.AnySimpleType
13:35:25.481 [main] INFO org.evosuite.runtime.instrumentation.EvoClassLoader - Instrumenting class 'net.sf.saxon.type.AnySimpleType'.
13:35:25.482 [main] INFO org.evosuite.runtime.instrumentation.MethodCallReplacementClassAdapter - Adding mock interface to class net/sf/saxon/type/AnySimpleType
13:35:25.483 [main] INFO org.evosuite.runtime.instrumentation.CreateClassResetClassAdapter - Found static initializer in class net/sf/saxon/type/AnySimpleType
13:35:25.483 [main] INFO org.evosuite.runtime.instrumentation.EvoClassLoader - Keeping class: net.sf.saxon.type.AnySimpleType
13:35:25.484 [main] INFO org.evosuite.runtime.instrumentation.EvoClassLoader - Seeing class for first time: net.sf.saxon.lib.ConversionRules
13:35:25.484 [main] INFO org.evosuite.runtime.instrumentation.EvoClassLoader - Instrumenting class 'net.sf.saxon.lib.ConversionRules'.
13:35:25.486 [main] INFO org.evosuite.runtime.instrumentation.MethodCallReplacementClassAdapter - Adding mock interface to class net/sf/saxon/lib/ConversionRules
13:35:25.489 [main] INFO org.evosuite.runtime.instrumentation.CreateClassResetClassAdapter - Found static initializer in class net/sf/saxon/lib/ConversionRules
13:35:25.490 [main] INFO org.evosuite.runtime.instrumentation.EvoClassLoader - Keeping class: net.sf.saxon.lib.ConversionRules
13:35:25.490 [main] INFO org.evosuite.runtime.instrumentation.EvoClassLoader - Seeing class for first time: net.sf.saxon.expr.Expression
13:35:25.490 [main] INFO org.evosuite.runtime.instrumentation.EvoClassLoader - Instrumenting class 'net.sf.saxon.expr.Expression'.
13:35:25.495 [main] INFO org.evosuite.runtime.instrumentation.MethodCallReplacementClassAdapter - Adding mock interface to class net/sf/saxon/expr/Expression
13:35:25.504 [main] INFO org.evosuite.runtime.instrumentation.CreateClassResetClassAdapter - Found static initializer in class net/sf/saxon/expr/Expression
13:35:25.506 [main] INFO org.evosuite.runtime.instrumentation.EvoClassLoader - Seeing class for first time: net.sf.saxon.expr.ExportAgent
13:35:25.506 [main] INFO org.evosuite.runtime.instrumentation.EvoClassLoader - Instrumenting class 'net.sf.saxon.expr.ExportAgent'.
13:35:25.507 [main] INFO org.evosuite.runtime.instrumentation.EvoClassLoader - Keeping class: net.sf.saxon.expr.ExportAgent
13:35:25.507 [main] INFO org.evosuite.runtime.instrumentation.EvoClassLoader - Seeing class for first time: net.sf.saxon.expr.Locatable
13:35:25.507 [main] INFO org.evosuite.runtime.instrumentation.EvoClassLoader - Instrumenting class 'net.sf.saxon.expr.Locatable'.
13:35:25.508 [main] INFO org.evosuite.runtime.instrumentation.EvoClassLoader - Keeping class: net.sf.saxon.expr.Locatable
13:35:25.509 [main] INFO org.evosuite.runtime.instrumentation.EvoClassLoader - Keeping class: net.sf.saxon.expr.Expression
13:35:25.509 [main] INFO org.evosuite.runtime.instrumentation.EvoClassLoader - Seeing class for first time: net.sf.saxon.type.SchemaComponent$ValidationStatus
13:35:25.509 [main] INFO org.evosuite.runtime.instrumentation.EvoClassLoader - Instrumenting class 'net.sf.saxon.type.SchemaComponent$ValidationStatus'.
13:35:25.510 [main] INFO org.evosuite.runtime.instrumentation.MethodCallReplacementClassAdapter - Adding mock interface to class net/sf/saxon/type/SchemaComponent$ValidationStatus
13:35:25.511 [main] INFO org.evosuite.runtime.instrumentation.CreateClassResetClassAdapter - Found static initializer in class net/sf/saxon/type/SchemaComponent$ValidationStatus
13:35:25.511 [main] INFO org.evosuite.runtime.instrumentation.EvoClassLoader - Keeping class: net.sf.saxon.type.SchemaComponent$ValidationStatus
13:35:25.511 [main] INFO org.evosuite.runtime.instrumentation.EvoClassLoader - Seeing class for first time: net.sf.saxon.type.ValidationFailure
13:35:25.511 [main] INFO org.evosuite.runtime.instrumentation.EvoClassLoader - Instrumenting class 'net.sf.saxon.type.ValidationFailure'.
13:35:25.513 [main] INFO org.evosuite.runtime.instrumentation.MethodCallReplacementClassAdapter - Adding mock interface to class net/sf/saxon/type/ValidationFailure
13:35:25.514 [main] INFO org.evosuite.runtime.instrumentation.CreateClassResetClassAdapter - Creating brand-new static initializer in class net/sf/saxon/type/ValidationFailure
13:35:25.515 [main] INFO org.evosuite.runtime.instrumentation.EvoClassLoader - Seeing class for first time: net.sf.saxon.lib.Invalidity
13:35:25.515 [main] INFO org.evosuite.runtime.instrumentation.EvoClassLoader - Instrumenting class 'net.sf.saxon.lib.Invalidity'.
13:35:25.516 [main] INFO org.evosuite.runtime.instrumentation.EvoClassLoader - Keeping class: net.sf.saxon.lib.Invalidity
13:35:25.517 [main] INFO org.evosuite.runtime.instrumentation.EvoClassLoader - Keeping class: net.sf.saxon.type.ValidationFailure
13:35:25.517 [main] INFO org.evosuite.runtime.instrumentation.EvoClassLoader - Seeing class for first time: net.sf.saxon.pattern.NodeTest
13:35:25.517 [main] INFO org.evosuite.runtime.instrumentation.EvoClassLoader - Instrumenting class 'net.sf.saxon.pattern.NodeTest'.
13:35:25.518 [main] INFO org.evosuite.runtime.instrumentation.MethodCallReplacementClassAdapter - Adding mock interface to class net/sf/saxon/pattern/NodeTest
13:35:25.519 [main] INFO org.evosuite.runtime.instrumentation.CreateClassResetClassAdapter - Creating brand-new static initializer in class net/sf/saxon/pattern/NodeTest
13:35:25.520 [main] INFO org.evosuite.runtime.instrumentation.EvoClassLoader - Defined package (3): package net.sf.saxon.pattern, -350331455
13:35:25.520 [main] INFO org.evosuite.runtime.instrumentation.EvoClassLoader - Keeping class: net.sf.saxon.pattern.NodeTest
13:35:25.520 [main] INFO org.evosuite.runtime.instrumentation.EvoClassLoader - Seeing class for first time: net.sf.saxon.type.TypeHierarchy
13:35:25.520 [main] INFO org.evosuite.runtime.instrumentation.EvoClassLoader - Instrumenting class 'net.sf.saxon.type.TypeHierarchy'.
13:35:25.522 [main] INFO org.evosuite.runtime.instrumentation.MethodCallReplacementClassAdapter - Adding mock interface to class net/sf/saxon/type/TypeHierarchy
13:35:25.530 [main] INFO org.evosuite.runtime.instrumentation.CreateClassResetClassAdapter - Creating brand-new static initializer in class net/sf/saxon/type/TypeHierarchy
13:35:25.530 [main] INFO org.evosuite.runtime.instrumentation.CreateClassResetClassAdapter - Adding bytecode for initializing field SAME_TYPE
13:35:25.530 [main] INFO org.evosuite.runtime.instrumentation.CreateClassResetClassAdapter - Adding bytecode for initializing field SUBSUMES
13:35:25.530 [main] INFO org.evosuite.runtime.instrumentation.CreateClassResetClassAdapter - Adding bytecode for initializing field SUBSUMED_BY
13:35:25.530 [main] INFO org.evosuite.runtime.instrumentation.CreateClassResetClassAdapter - Adding bytecode for initializing field OVERLAPS
13:35:25.530 [main] INFO org.evosuite.runtime.instrumentation.CreateClassResetClassAdapter - Adding bytecode for initializing field DISJOINT
13:35:25.532 [main] INFO org.evosuite.runtime.instrumentation.EvoClassLoader - Keeping class: net.sf.saxon.type.TypeHierarchy
13:35:25.532 [main] INFO org.evosuite.runtime.instrumentation.EvoClassLoader - Seeing class for first time: net.sf.saxon.value.SequenceType
13:35:25.532 [main] INFO org.evosuite.runtime.instrumentation.EvoClassLoader - Instrumenting class 'net.sf.saxon.value.SequenceType'.
13:35:25.534 [main] INFO org.evosuite.runtime.instrumentation.MethodCallReplacementClassAdapter - Adding mock interface to class net/sf/saxon/value/SequenceType
13:35:25.535 [main] INFO org.evosuite.runtime.instrumentation.CreateClassResetClassAdapter - Found static initializer in class net/sf/saxon/value/SequenceType
13:35:25.536 [main] INFO org.evosuite.runtime.instrumentation.EvoClassLoader - Keeping class: net.sf.saxon.value.SequenceType
13:35:25.536 [main] INFO org.evosuite.runtime.instrumentation.EvoClassLoader - Seeing class for first time: net.sf.saxon.pattern.AnyNodeTest
13:35:25.537 [main] INFO org.evosuite.runtime.instrumentation.EvoClassLoader - Instrumenting class 'net.sf.saxon.pattern.AnyNodeTest'.
13:35:25.537 [main] INFO org.evosuite.runtime.instrumentation.MethodCallReplacementClassAdapter - Adding mock interface to class net/sf/saxon/pattern/AnyNodeTest
13:35:25.538 [main] INFO org.evosuite.runtime.instrumentation.CreateClassResetClassAdapter - Found static initializer in class net/sf/saxon/pattern/AnyNodeTest
13:35:25.538 [main] INFO org.evosuite.runtime.instrumentation.EvoClassLoader - Seeing class for first time: net.sf.saxon.pattern.QNameTest
13:35:25.538 [main] INFO org.evosuite.runtime.instrumentation.EvoClassLoader - Instrumenting class 'net.sf.saxon.pattern.QNameTest'.
13:35:25.539 [main] INFO org.evosuite.runtime.instrumentation.EvoClassLoader - Keeping class: net.sf.saxon.pattern.QNameTest
13:35:25.539 [main] INFO org.evosuite.runtime.instrumentation.EvoClassLoader - Keeping class: net.sf.saxon.pattern.AnyNodeTest
13:35:25.539 [main] INFO org.evosuite.runtime.instrumentation.EvoClassLoader - Seeing class for first time: net.sf.saxon.type.AnyItemType
13:35:25.539 [main] INFO org.evosuite.runtime.instrumentation.EvoClassLoader - Instrumenting class 'net.sf.saxon.type.AnyItemType'.
13:35:25.540 [main] INFO org.evosuite.runtime.instrumentation.MethodCallReplacementClassAdapter - Adding mock interface to class net/sf/saxon/type/AnyItemType
13:35:25.540 [main] INFO org.evosuite.runtime.instrumentation.CreateClassResetClassAdapter - Found static initializer in class net/sf/saxon/type/AnyItemType
13:35:25.540 [main] INFO org.evosuite.runtime.instrumentation.EvoClassLoader - Keeping class: net.sf.saxon.type.AnyItemType
13:35:25.541 [main] INFO org.evosuite.runtime.instrumentation.EvoClassLoader - Seeing class for first time: net.sf.saxon.type.Type
13:35:25.541 [main] INFO org.evosuite.runtime.instrumentation.EvoClassLoader - Instrumenting class 'net.sf.saxon.type.Type'.
13:35:25.542 [main] INFO org.evosuite.runtime.instrumentation.MethodCallReplacementClassAdapter - Adding mock interface to class net/sf/saxon/type/Type
13:35:25.543 [main] INFO org.evosuite.runtime.instrumentation.CreateClassResetClassAdapter - Found static initializer in class net/sf/saxon/type/Type
13:35:25.544 [main] INFO org.evosuite.runtime.instrumentation.EvoClassLoader - Keeping class: net.sf.saxon.type.Type
13:35:25.544 [main] INFO org.evosuite.runtime.instrumentation.EvoClassLoader - Seeing class for first time: net.sf.saxon.pattern.ContentTypeTest
13:35:25.544 [main] INFO org.evosuite.runtime.instrumentation.EvoClassLoader - Instrumenting class 'net.sf.saxon.pattern.ContentTypeTest'.
13:35:25.545 [main] INFO org.evosuite.runtime.instrumentation.MethodCallReplacementClassAdapter - Adding mock interface to class net/sf/saxon/pattern/ContentTypeTest
13:35:25.547 [main] INFO org.evosuite.runtime.instrumentation.CreateClassResetClassAdapter - Found static initializer in class net/sf/saxon/pattern/ContentTypeTest
13:35:25.548 [main] INFO org.evosuite.runtime.instrumentation.EvoClassLoader - Keeping class: net.sf.saxon.pattern.ContentTypeTest
13:35:25.548 [main] INFO org.evosuite.runtime.instrumentation.EvoClassLoader - Seeing class for first time: net.sf.saxon.pattern.SameNameTest
13:35:25.548 [main] INFO org.evosuite.runtime.instrumentation.EvoClassLoader - Instrumenting class 'net.sf.saxon.pattern.SameNameTest'.
13:35:25.549 [main] INFO org.evosuite.runtime.instrumentation.MethodCallReplacementClassAdapter - Adding mock interface to class net/sf/saxon/pattern/SameNameTest
13:35:25.550 [main] INFO org.evosuite.runtime.instrumentation.CreateClassResetClassAdapter - Creating brand-new static initializer in class net/sf/saxon/pattern/SameNameTest
13:35:25.550 [main] INFO org.evosuite.runtime.instrumentation.EvoClassLoader - Keeping class: net.sf.saxon.pattern.SameNameTest
13:35:25.551 [main] INFO org.evosuite.runtime.instrumentation.EvoClassLoader - Seeing class for first time: net.sf.saxon.type.PrimitiveUType
13:35:25.552 [main] INFO org.evosuite.runtime.instrumentation.EvoClassLoader - Instrumenting class 'net.sf.saxon.type.PrimitiveUType'.
13:35:25.553 [main] INFO org.evosuite.runtime.instrumentation.MethodCallReplacementClassAdapter - Adding mock interface to class net/sf/saxon/type/PrimitiveUType
13:35:25.555 [main] INFO org.evosuite.runtime.instrumentation.CreateClassResetClassAdapter - Found static initializer in class net/sf/saxon/type/PrimitiveUType
13:35:25.556 [main] INFO org.evosuite.runtime.instrumentation.EvoClassLoader - Keeping class: net.sf.saxon.type.PrimitiveUType
13:35:25.558 [main] INFO org.evosuite.runtime.instrumentation.EvoClassLoader - Seeing class for first time: net.sf.saxon.z.IntHashMap
13:35:25.558 [main] INFO org.evosuite.runtime.instrumentation.EvoClassLoader - Instrumenting class 'net.sf.saxon.z.IntHashMap'.
13:35:25.559 [main] INFO org.evosuite.runtime.instrumentation.MethodCallReplacementClassAdapter - Adding mock interface to class net/sf/saxon/z/IntHashMap
13:35:25.562 [main] INFO org.evosuite.runtime.instrumentation.CreateClassResetClassAdapter - Creating brand-new static initializer in class net/sf/saxon/z/IntHashMap
13:35:25.563 [main] INFO org.evosuite.runtime.instrumentation.CreateClassResetClassAdapter - Adding bytecode for initializing field NBIT
13:35:25.563 [main] INFO org.evosuite.runtime.instrumentation.CreateClassResetClassAdapter - Adding bytecode for initializing field NMAX
13:35:25.563 [main] INFO org.evosuite.runtime.instrumentation.EvoClassLoader - Keeping class: net.sf.saxon.z.IntHashMap
13:35:25.564 [main] INFO org.evosuite.runtime.instrumentation.EvoClassLoader - Seeing class for first time: net.sf.saxon.z.IntIterator
13:35:25.564 [main] INFO org.evosuite.runtime.instrumentation.EvoClassLoader - Instrumenting class 'net.sf.saxon.z.IntIterator'.
13:35:25.565 [main] INFO org.evosuite.runtime.instrumentation.EvoClassLoader - Keeping class: net.sf.saxon.z.IntIterator
13:35:25.566 [main] INFO org.evosuite.runtime.instrumentation.EvoClassLoader - Seeing class for first time: net.sf.saxon.type.AnyType
13:35:25.566 [main] INFO org.evosuite.runtime.instrumentation.EvoClassLoader - Instrumenting class 'net.sf.saxon.type.AnyType'.
13:35:25.567 [main] INFO org.evosuite.runtime.instrumentation.MethodCallReplacementClassAdapter - Adding mock interface to class net/sf/saxon/type/AnyType
13:35:25.568 [main] INFO org.evosuite.runtime.instrumentation.CreateClassResetClassAdapter - Found static initializer in class net/sf/saxon/type/AnyType
13:35:25.568 [main] INFO org.evosuite.runtime.instrumentation.EvoClassLoader - Seeing class for first time: net.sf.saxon.type.ComplexType
13:35:25.568 [main] INFO org.evosuite.runtime.instrumentation.EvoClassLoader - Instrumenting class 'net.sf.saxon.type.ComplexType'.
13:35:25.570 [main] INFO org.evosuite.runtime.instrumentation.EvoClassLoader - Keeping class: net.sf.saxon.type.ComplexType
13:35:25.570 [main] INFO org.evosuite.runtime.instrumentation.EvoClassLoader - Keeping class: net.sf.saxon.type.AnyType
13:35:25.571 [main] INFO org.evosuite.runtime.instrumentation.EvoClassLoader - Seeing class for first time: net.sf.saxon.z.IntHashSet
13:35:25.571 [main] INFO org.evosuite.runtime.instrumentation.EvoClassLoader - Instrumenting class 'net.sf.saxon.z.IntHashSet'.
13:35:25.572 [main] INFO org.evosuite.runtime.instrumentation.MethodCallReplacementClassAdapter - Adding mock interface to class net/sf/saxon/z/IntHashSet
13:35:25.575 [main] INFO org.evosuite.runtime.instrumentation.CreateClassResetClassAdapter - Creating brand-new static initializer in class net/sf/saxon/z/IntHashSet
13:35:25.575 [main] INFO org.evosuite.runtime.instrumentation.CreateClassResetClassAdapter - Adding bytecode for initializing field NBIT
13:35:25.575 [main] INFO org.evosuite.runtime.instrumentation.CreateClassResetClassAdapter - Adding bytecode for initializing field MAX_SIZE
13:35:25.576 [main] INFO org.evosuite.runtime.instrumentation.EvoClassLoader - Keeping class: net.sf.saxon.z.IntHashSet
13:35:25.576 [main] INFO org.evosuite.runtime.instrumentation.EvoClassLoader - Seeing class for first time: net.sf.saxon.type.Untyped
13:35:25.576 [main] INFO org.evosuite.runtime.instrumentation.EvoClassLoader - Instrumenting class 'net.sf.saxon.type.Untyped'.
13:35:25.577 [main] INFO org.evosuite.runtime.instrumentation.MethodCallReplacementClassAdapter - Adding mock interface to class net/sf/saxon/type/Untyped
13:35:25.578 [main] INFO org.evosuite.runtime.instrumentation.CreateClassResetClassAdapter - Found static initializer in class net/sf/saxon/type/Untyped
13:35:25.578 [main] INFO org.evosuite.runtime.instrumentation.EvoClassLoader - Keeping class: net.sf.saxon.type.Untyped
13:35:25.580 [main] INFO org.evosuite.runtime.instrumentation.EvoClassLoader - Seeing class for first time: net.sf.saxon.type.ErrorType
13:35:25.580 [main] INFO org.evosuite.runtime.instrumentation.EvoClassLoader - Instrumenting class 'net.sf.saxon.type.ErrorType'.
13:35:25.582 [main] INFO org.evosuite.runtime.instrumentation.MethodCallReplacementClassAdapter - Adding mock interface to class net/sf/saxon/type/ErrorType
13:35:25.582 [main] INFO org.evosuite.runtime.instrumentation.CreateClassResetClassAdapter - Found static initializer in class net/sf/saxon/type/ErrorType
13:35:25.583 [main] INFO org.evosuite.runtime.instrumentation.EvoClassLoader - Seeing class for first time: net.sf.saxon.type.UnionType
13:35:25.583 [main] INFO org.evosuite.runtime.instrumentation.EvoClassLoader - Instrumenting class 'net.sf.saxon.type.UnionType'.
13:35:25.588 [main] INFO org.evosuite.runtime.instrumentation.EvoClassLoader - Keeping class: net.sf.saxon.type.UnionType
13:35:25.588 [main] INFO org.evosuite.runtime.instrumentation.EvoClassLoader - Keeping class: net.sf.saxon.type.ErrorType
13:35:25.589 [main] INFO org.evosuite.runtime.instrumentation.EvoClassLoader - Seeing class for first time: net.sf.saxon.type.StringConverter
13:35:25.589 [main] INFO org.evosuite.runtime.instrumentation.EvoClassLoader - Instrumenting class 'net.sf.saxon.type.StringConverter'.
13:35:25.590 [main] INFO org.evosuite.runtime.instrumentation.MethodCallReplacementClassAdapter - Adding mock interface to class net/sf/saxon/type/StringConverter
13:35:25.590 [main] INFO org.evosuite.runtime.instrumentation.CreateClassResetClassAdapter - Creating brand-new static initializer in class net/sf/saxon/type/StringConverter
13:35:25.591 [main] INFO org.evosuite.runtime.instrumentation.EvoClassLoader - Seeing class for first time: net.sf.saxon.type.Converter
13:35:25.591 [main] INFO org.evosuite.runtime.instrumentation.EvoClassLoader - Instrumenting class 'net.sf.saxon.type.Converter'.
13:35:25.592 [main] INFO org.evosuite.runtime.instrumentation.MethodCallReplacementClassAdapter - Adding mock interface to class net/sf/saxon/type/Converter
13:35:25.592 [main] INFO org.evosuite.runtime.instrumentation.CreateClassResetClassAdapter - Creating brand-new static initializer in class net/sf/saxon/type/Converter
13:35:25.593 [main] INFO org.evosuite.runtime.instrumentation.EvoClassLoader - Keeping class: net.sf.saxon.type.Converter
13:35:25.593 [main] INFO org.evosuite.runtime.instrumentation.EvoClassLoader - Keeping class: net.sf.saxon.type.StringConverter
13:35:25.593 [main] INFO org.evosuite.runtime.instrumentation.EvoClassLoader - Seeing class for first time: net.sf.saxon.type.NumericType
13:35:25.593 [main] INFO org.evosuite.runtime.instrumentation.EvoClassLoader - Instrumenting class 'net.sf.saxon.type.NumericType'.
13:35:25.595 [main] INFO org.evosuite.runtime.instrumentation.MethodCallReplacementClassAdapter - Adding mock interface to class net/sf/saxon/type/NumericType
13:35:25.596 [main] INFO org.evosuite.runtime.instrumentation.CreateClassResetClassAdapter - Found static initializer in class net/sf/saxon/type/NumericType
13:35:25.597 [main] INFO org.evosuite.runtime.instrumentation.EvoClassLoader - Keeping class: net.sf.saxon.type.NumericType
13:35:25.598 [main] INFO org.evosuite.runtime.instrumentation.EvoClassLoader - Seeing class for first time: net.sf.saxon.type.BuiltInType
13:35:25.598 [main] INFO org.evosuite.runtime.instrumentation.EvoClassLoader - Instrumenting class 'net.sf.saxon.type.BuiltInType'.
13:35:25.599 [main] INFO org.evosuite.runtime.instrumentation.MethodCallReplacementClassAdapter - Adding mock interface to class net/sf/saxon/type/BuiltInType
13:35:25.599 [main] INFO org.evosuite.runtime.instrumentation.CreateClassResetClassAdapter - Found static initializer in class net/sf/saxon/type/BuiltInType
13:35:25.600 [main] INFO org.evosuite.runtime.instrumentation.EvoClassLoader - Keeping class: net.sf.saxon.type.BuiltInType
13:35:25.601 [main] INFO org.evosuite.runtime.instrumentation.EvoClassLoader - Seeing class for first time: net.sf.saxon.om.FingerprintedQName
13:35:25.601 [main] INFO org.evosuite.runtime.instrumentation.EvoClassLoader - Instrumenting class 'net.sf.saxon.om.FingerprintedQName'.
13:35:25.601 [main] INFO org.evosuite.runtime.instrumentation.MethodCallReplacementClassAdapter - Adding mock interface to class net/sf/saxon/om/FingerprintedQName
13:35:25.602 [main] INFO org.evosuite.runtime.instrumentation.CreateClassResetClassAdapter - Creating brand-new static initializer in class net/sf/saxon/om/FingerprintedQName
13:35:25.603 [main] INFO org.evosuite.runtime.instrumentation.EvoClassLoader - Keeping class: net.sf.saxon.om.FingerprintedQName
13:35:25.604 [main] INFO org.evosuite.runtime.instrumentation.EvoClassLoader - Seeing class for first time: net.sf.saxon.om.StandardNames
13:35:25.604 [main] INFO org.evosuite.runtime.instrumentation.EvoClassLoader - Instrumenting class 'net.sf.saxon.om.StandardNames'.
13:35:25.606 [main] INFO org.evosuite.runtime.instrumentation.MethodCallReplacementClassAdapter - Adding mock interface to class net/sf/saxon/om/StandardNames
13:35:25.609 [main] INFO org.evosuite.runtime.instrumentation.CreateClassResetClassAdapter - Found static initializer in class net/sf/saxon/om/StandardNames
13:35:25.614 [main] INFO org.evosuite.runtime.instrumentation.EvoClassLoader - Keeping class: net.sf.saxon.om.StandardNames
13:35:25.621 [main] INFO org.evosuite.runtime.instrumentation.EvoClassLoader - Seeing class for first time: net.sf.saxon.type.StringConverter$StringToString
13:35:25.621 [main] INFO org.evosuite.runtime.instrumentation.EvoClassLoader - Instrumenting class 'net.sf.saxon.type.StringConverter$StringToString'.
13:35:25.622 [main] INFO org.evosuite.runtime.instrumentation.MethodCallReplacementClassAdapter - Adding mock interface to class net/sf/saxon/type/StringConverter$StringToString
13:35:25.623 [main] INFO org.evosuite.runtime.instrumentation.CreateClassResetClassAdapter - Found static initializer in class net/sf/saxon/type/StringConverter$StringToString
13:35:25.623 [main] INFO org.evosuite.runtime.instrumentation.EvoClassLoader - Keeping class: net.sf.saxon.type.StringConverter$StringToString
13:35:25.623 [main] INFO org.evosuite.runtime.instrumentation.EvoClassLoader - Seeing class for first time: net.sf.saxon.type.StringConverter$StringToUnionConverter
13:35:25.623 [main] INFO org.evosuite.runtime.instrumentation.EvoClassLoader - Instrumenting class 'net.sf.saxon.type.StringConverter$StringToUnionConverter'.
13:35:25.624 [main] INFO org.evosuite.runtime.instrumentation.MethodCallReplacementClassAdapter - Adding mock interface to class net/sf/saxon/type/StringConverter$StringToUnionConverter
13:35:25.625 [main] INFO org.evosuite.runtime.instrumentation.CreateClassResetClassAdapter - Creating brand-new static initializer in class net/sf/saxon/type/StringConverter$StringToUnionConverter
13:35:25.625 [main] INFO org.evosuite.runtime.instrumentation.EvoClassLoader - Keeping class: net.sf.saxon.type.StringConverter$StringToUnionConverter
13:35:25.626 [main] INFO org.evosuite.runtime.instrumentation.EvoClassLoader - Seeing class for first time: net.sf.saxon.type.StringConverter$StringToAnyURI
13:35:25.626 [main] INFO org.evosuite.runtime.instrumentation.EvoClassLoader - Instrumenting class 'net.sf.saxon.type.StringConverter$StringToAnyURI'.
13:35:25.626 [main] INFO org.evosuite.runtime.instrumentation.MethodCallReplacementClassAdapter - Adding mock interface to class net/sf/saxon/type/StringConverter$StringToAnyURI
13:35:25.627 [main] INFO org.evosuite.runtime.instrumentation.CreateClassResetClassAdapter - Creating brand-new static initializer in class net/sf/saxon/type/StringConverter$StringToAnyURI
13:35:25.627 [main] INFO org.evosuite.runtime.instrumentation.EvoClassLoader - Keeping class: net.sf.saxon.type.StringConverter$StringToAnyURI
13:35:25.627 [main] INFO org.evosuite.runtime.instrumentation.EvoClassLoader - Seeing class for first time: net.sf.saxon.type.StringConverter$StringToNotation
13:35:25.627 [main] INFO org.evosuite.runtime.instrumentation.EvoClassLoader - Instrumenting class 'net.sf.saxon.type.StringConverter$StringToNotation'.
13:35:25.628 [main] INFO org.evosuite.runtime.instrumentation.MethodCallReplacementClassAdapter - Adding mock interface to class net/sf/saxon/type/StringConverter$StringToNotation
13:35:25.629 [main] INFO org.evosuite.runtime.instrumentation.CreateClassResetClassAdapter - Creating brand-new static initializer in class net/sf/saxon/type/StringConverter$StringToNotation
13:35:25.629 [main] INFO org.evosuite.runtime.instrumentation.EvoClassLoader - Keeping class: net.sf.saxon.type.StringConverter$StringToNotation
13:35:25.629 [main] INFO org.evosuite.runtime.instrumentation.EvoClassLoader - Seeing class for first time: net.sf.saxon.type.StringConverter$StringToQName
13:35:25.629 [main] INFO org.evosuite.runtime.instrumentation.EvoClassLoader - Instrumenting class 'net.sf.saxon.type.StringConverter$StringToQName'.
13:35:25.630 [main] INFO org.evosuite.runtime.instrumentation.MethodCallReplacementClassAdapter - Adding mock interface to class net/sf/saxon/type/StringConverter$StringToQName
13:35:25.631 [main] INFO org.evosuite.runtime.instrumentation.CreateClassResetClassAdapter - Creating brand-new static initializer in class net/sf/saxon/type/StringConverter$StringToQName
13:35:25.631 [main] INFO org.evosuite.runtime.instrumentation.EvoClassLoader - Keeping class: net.sf.saxon.type.StringConverter$StringToQName
13:35:25.632 [main] INFO org.evosuite.runtime.instrumentation.EvoClassLoader - Seeing class for first time: net.sf.saxon.type.StringConverter$StringToBase64Binary
13:35:25.632 [main] INFO org.evosuite.runtime.instrumentation.EvoClassLoader - Instrumenting class 'net.sf.saxon.type.StringConverter$StringToBase64Binary'.
13:35:25.633 [main] INFO org.evosuite.runtime.instrumentation.MethodCallReplacementClassAdapter - Adding mock interface to class net/sf/saxon/type/StringConverter$StringToBase64Binary
13:35:25.633 [main] INFO org.evosuite.runtime.instrumentation.CreateClassResetClassAdapter - Found static initializer in class net/sf/saxon/type/StringConverter$StringToBase64Binary
13:35:25.633 [main] INFO org.evosuite.runtime.instrumentation.EvoClassLoader - Keeping class: net.sf.saxon.type.StringConverter$StringToBase64Binary
13:35:25.633 [main] INFO org.evosuite.runtime.instrumentation.EvoClassLoader - Seeing class for first time: net.sf.saxon.type.StringConverter$StringToHexBinary
13:35:25.633 [main] INFO org.evosuite.runtime.instrumentation.EvoClassLoader - Instrumenting class 'net.sf.saxon.type.StringConverter$StringToHexBinary'.
13:35:25.634 [main] INFO org.evosuite.runtime.instrumentation.MethodCallReplacementClassAdapter - Adding mock interface to class net/sf/saxon/type/StringConverter$StringToHexBinary
13:35:25.634 [main] INFO org.evosuite.runtime.instrumentation.CreateClassResetClassAdapter - Found static initializer in class net/sf/saxon/type/StringConverter$StringToHexBinary
13:35:25.635 [main] INFO org.evosuite.runtime.instrumentation.EvoClassLoader - Keeping class: net.sf.saxon.type.StringConverter$StringToHexBinary
13:35:25.635 [main] INFO org.evosuite.runtime.instrumentation.EvoClassLoader - Seeing class for first time: net.sf.saxon.type.StringConverter$StringToBoolean
13:35:25.635 [main] INFO org.evosuite.runtime.instrumentation.EvoClassLoader - Instrumenting class 'net.sf.saxon.type.StringConverter$StringToBoolean'.
13:35:25.636 [main] INFO org.evosuite.runtime.instrumentation.MethodCallReplacementClassAdapter - Adding mock interface to class net/sf/saxon/type/StringConverter$StringToBoolean
13:35:25.636 [main] INFO org.evosuite.runtime.instrumentation.CreateClassResetClassAdapter - Found static initializer in class net/sf/saxon/type/StringConverter$StringToBoolean
13:35:25.636 [main] INFO org.evosuite.runtime.instrumentation.EvoClassLoader - Keeping class: net.sf.saxon.type.StringConverter$StringToBoolean
13:35:25.636 [main] INFO org.evosuite.runtime.instrumentation.EvoClassLoader - Seeing class for first time: net.sf.saxon.type.StringConverter$StringToTime
13:35:25.636 [main] INFO org.evosuite.runtime.instrumentation.EvoClassLoader - Instrumenting class 'net.sf.saxon.type.StringConverter$StringToTime'.
13:35:25.637 [main] INFO org.evosuite.runtime.instrumentation.MethodCallReplacementClassAdapter - Adding mock interface to class net/sf/saxon/type/StringConverter$StringToTime
13:35:25.637 [main] INFO org.evosuite.runtime.instrumentation.CreateClassResetClassAdapter - Found static initializer in class net/sf/saxon/type/StringConverter$StringToTime
13:35:25.638 [main] INFO org.evosuite.runtime.instrumentation.EvoClassLoader - Keeping class: net.sf.saxon.type.StringConverter$StringToTime
13:35:25.638 [main] INFO org.evosuite.runtime.instrumentation.EvoClassLoader - Seeing class for first time: net.sf.saxon.type.StringConverter$StringToGDay
13:35:25.638 [main] INFO org.evosuite.runtime.instrumentation.EvoClassLoader - Instrumenting class 'net.sf.saxon.type.StringConverter$StringToGDay'.
13:35:25.638 [main] INFO org.evosuite.runtime.instrumentation.MethodCallReplacementClassAdapter - Adding mock interface to class net/sf/saxon/type/StringConverter$StringToGDay
13:35:25.639 [main] INFO org.evosuite.runtime.instrumentation.CreateClassResetClassAdapter - Found static initializer in class net/sf/saxon/type/StringConverter$StringToGDay
13:35:25.639 [main] INFO org.evosuite.runtime.instrumentation.EvoClassLoader - Keeping class: net.sf.saxon.type.StringConverter$StringToGDay
13:35:25.639 [main] INFO org.evosuite.runtime.instrumentation.EvoClassLoader - Seeing class for first time: net.sf.saxon.type.StringConverter$StringToGMonthDay
13:35:25.639 [main] INFO org.evosuite.runtime.instrumentation.EvoClassLoader - Instrumenting class 'net.sf.saxon.type.StringConverter$StringToGMonthDay'.
13:35:25.639 [main] INFO org.evosuite.runtime.instrumentation.MethodCallReplacementClassAdapter - Adding mock interface to class net/sf/saxon/type/StringConverter$StringToGMonthDay
13:35:25.640 [main] INFO org.evosuite.runtime.instrumentation.CreateClassResetClassAdapter - Found static initializer in class net/sf/saxon/type/StringConverter$StringToGMonthDay
13:35:25.640 [main] INFO org.evosuite.runtime.instrumentation.EvoClassLoader - Keeping class: net.sf.saxon.type.StringConverter$StringToGMonthDay
13:35:25.640 [main] INFO org.evosuite.runtime.instrumentation.EvoClassLoader - Seeing class for first time: net.sf.saxon.type.StringConverter$StringToGYear
13:35:25.640 [main] INFO org.evosuite.runtime.instrumentation.EvoClassLoader - Instrumenting class 'net.sf.saxon.type.StringConverter$StringToGYear'.
13:35:25.640 [main] INFO org.evosuite.runtime.instrumentation.MethodCallReplacementClassAdapter - Adding mock interface to class net/sf/saxon/type/StringConverter$StringToGYear
13:35:25.641 [main] INFO org.evosuite.runtime.instrumentation.CreateClassResetClassAdapter - Creating brand-new static initializer in class net/sf/saxon/type/StringConverter$StringToGYear
13:35:25.641 [main] INFO org.evosuite.runtime.instrumentation.EvoClassLoader - Keeping class: net.sf.saxon.type.StringConverter$StringToGYear
13:35:25.641 [main] INFO org.evosuite.runtime.instrumentation.EvoClassLoader - Seeing class for first time: net.sf.saxon.type.StringConverter$StringToGYearMonth
13:35:25.641 [main] INFO org.evosuite.runtime.instrumentation.EvoClassLoader - Instrumenting class 'net.sf.saxon.type.StringConverter$StringToGYearMonth'.
13:35:25.641 [main] INFO org.evosuite.runtime.instrumentation.MethodCallReplacementClassAdapter - Adding mock interface to class net/sf/saxon/type/StringConverter$StringToGYearMonth
13:35:25.642 [main] INFO org.evosuite.runtime.instrumentation.CreateClassResetClassAdapter - Creating brand-new static initializer in class net/sf/saxon/type/StringConverter$StringToGYearMonth
13:35:25.642 [main] INFO org.evosuite.runtime.instrumentation.EvoClassLoader - Keeping class: net.sf.saxon.type.StringConverter$StringToGYearMonth
13:35:25.642 [main] INFO org.evosuite.runtime.instrumentation.EvoClassLoader - Seeing class for first time: net.sf.saxon.type.StringConverter$StringToGMonth
13:35:25.642 [main] INFO org.evosuite.runtime.instrumentation.EvoClassLoader - Instrumenting class 'net.sf.saxon.type.StringConverter$StringToGMonth'.
13:35:25.642 [main] INFO org.evosuite.runtime.instrumentation.MethodCallReplacementClassAdapter - Adding mock interface to class net/sf/saxon/type/StringConverter$StringToGMonth
13:35:25.643 [main] INFO org.evosuite.runtime.instrumentation.CreateClassResetClassAdapter - Found static initializer in class net/sf/saxon/type/StringConverter$StringToGMonth
13:35:25.643 [main] INFO org.evosuite.runtime.instrumentation.EvoClassLoader - Keeping class: net.sf.saxon.type.StringConverter$StringToGMonth
13:35:25.643 [main] INFO org.evosuite.runtime.instrumentation.EvoClassLoader - Seeing class for first time: net.sf.saxon.type.StringConverter$StringToDate
13:35:25.643 [main] INFO org.evosuite.runtime.instrumentation.EvoClassLoader - Instrumenting class 'net.sf.saxon.type.StringConverter$StringToDate'.
13:35:25.644 [main] INFO org.evosuite.runtime.instrumentation.MethodCallReplacementClassAdapter - Adding mock interface to class net/sf/saxon/type/StringConverter$StringToDate
13:35:25.644 [main] INFO org.evosuite.runtime.instrumentation.CreateClassResetClassAdapter - Creating brand-new static initializer in class net/sf/saxon/type/StringConverter$StringToDate
13:35:25.644 [main] INFO org.evosuite.runtime.instrumentation.EvoClassLoader - Keeping class: net.sf.saxon.type.StringConverter$StringToDate
13:35:25.644 [main] INFO org.evosuite.runtime.instrumentation.EvoClassLoader - Seeing class for first time: net.sf.saxon.type.StringConverter$StringToDateTimeStamp
13:35:25.644 [main] INFO org.evosuite.runtime.instrumentation.EvoClassLoader - Instrumenting class 'net.sf.saxon.type.StringConverter$StringToDateTimeStamp'.
13:35:25.645 [main] INFO org.evosuite.runtime.instrumentation.MethodCallReplacementClassAdapter - Adding mock interface to class net/sf/saxon/type/StringConverter$StringToDateTimeStamp
13:35:25.646 [main] INFO org.evosuite.runtime.instrumentation.CreateClassResetClassAdapter - Creating brand-new static initializer in class net/sf/saxon/type/StringConverter$StringToDateTimeStamp
13:35:25.646 [main] INFO org.evosuite.runtime.instrumentation.EvoClassLoader - Keeping class: net.sf.saxon.type.StringConverter$StringToDateTimeStamp
13:35:25.646 [main] INFO org.evosuite.runtime.instrumentation.EvoClassLoader - Seeing class for first time: net.sf.saxon.type.StringConverter$StringToDateTime
13:35:25.646 [main] INFO org.evosuite.runtime.instrumentation.EvoClassLoader - Instrumenting class 'net.sf.saxon.type.StringConverter$StringToDateTime'.
13:35:25.647 [main] INFO org.evosuite.runtime.instrumentation.MethodCallReplacementClassAdapter - Adding mock interface to class net/sf/saxon/type/StringConverter$StringToDateTime
13:35:25.648 [main] INFO org.evosuite.runtime.instrumentation.CreateClassResetClassAdapter - Creating brand-new static initializer in class net/sf/saxon/type/StringConverter$StringToDateTime
13:35:25.648 [main] INFO org.evosuite.runtime.instrumentation.EvoClassLoader - Keeping class: net.sf.saxon.type.StringConverter$StringToDateTime
13:35:25.648 [main] INFO org.evosuite.runtime.instrumentation.EvoClassLoader - Seeing class for first time: net.sf.saxon.type.StringConverter$StringToYearMonthDuration
13:35:25.648 [main] INFO org.evosuite.runtime.instrumentation.EvoClassLoader - Instrumenting class 'net.sf.saxon.type.StringConverter$StringToYearMonthDuration'.
13:35:25.649 [main] INFO org.evosuite.runtime.instrumentation.MethodCallReplacementClassAdapter - Adding mock interface to class net/sf/saxon/type/StringConverter$StringToYearMonthDuration
13:35:25.650 [main] INFO org.evosuite.runtime.instrumentation.CreateClassResetClassAdapter - Found static initializer in class net/sf/saxon/type/StringConverter$StringToYearMonthDuration
13:35:25.650 [main] INFO org.evosuite.runtime.instrumentation.EvoClassLoader - Keeping class: net.sf.saxon.type.StringConverter$StringToYearMonthDuration
13:35:25.650 [main] INFO org.evosuite.runtime.instrumentation.EvoClassLoader - Seeing class for first time: net.sf.saxon.type.StringConverter$StringToDayTimeDuration
13:35:25.650 [main] INFO org.evosuite.runtime.instrumentation.EvoClassLoader - Instrumenting class 'net.sf.saxon.type.StringConverter$StringToDayTimeDuration'.
13:35:25.651 [main] INFO org.evosuite.runtime.instrumentation.MethodCallReplacementClassAdapter - Adding mock interface to class net/sf/saxon/type/StringConverter$StringToDayTimeDuration
13:35:25.652 [main] INFO org.evosuite.runtime.instrumentation.CreateClassResetClassAdapter - Found static initializer in class net/sf/saxon/type/StringConverter$StringToDayTimeDuration
13:35:25.652 [main] INFO org.evosuite.runtime.instrumentation.EvoClassLoader - Keeping class: net.sf.saxon.type.StringConverter$StringToDayTimeDuration
13:35:25.652 [main] INFO org.evosuite.runtime.instrumentation.EvoClassLoader - Seeing class for first time: net.sf.saxon.type.StringConverter$StringToDuration
13:35:25.652 [main] INFO org.evosuite.runtime.instrumentation.EvoClassLoader - Instrumenting class 'net.sf.saxon.type.StringConverter$StringToDuration'.
13:35:25.653 [main] INFO org.evosuite.runtime.instrumentation.MethodCallReplacementClassAdapter - Adding mock interface to class net/sf/saxon/type/StringConverter$StringToDuration
13:35:25.653 [main] INFO org.evosuite.runtime.instrumentation.CreateClassResetClassAdapter - Found static initializer in class net/sf/saxon/type/StringConverter$StringToDuration
13:35:25.653 [main] INFO org.evosuite.runtime.instrumentation.EvoClassLoader - Keeping class: net.sf.saxon.type.StringConverter$StringToDuration
13:35:25.653 [main] INFO org.evosuite.runtime.instrumentation.EvoClassLoader - Seeing class for first time: net.sf.saxon.type.StringConverter$StringToIntegerSubtype
13:35:25.653 [main] INFO org.evosuite.runtime.instrumentation.EvoClassLoader - Instrumenting class 'net.sf.saxon.type.StringConverter$StringToIntegerSubtype'.
13:35:25.654 [main] INFO org.evosuite.runtime.instrumentation.MethodCallReplacementClassAdapter - Adding mock interface to class net/sf/saxon/type/StringConverter$StringToIntegerSubtype
13:35:25.655 [main] INFO org.evosuite.runtime.instrumentation.CreateClassResetClassAdapter - Found static initializer in class net/sf/saxon/type/StringConverter$StringToIntegerSubtype
13:35:25.655 [main] INFO org.evosuite.runtime.instrumentation.EvoClassLoader - Keeping class: net.sf.saxon.type.StringConverter$StringToIntegerSubtype
13:35:25.655 [main] INFO org.evosuite.runtime.instrumentation.EvoClassLoader - Seeing class for first time: net.sf.saxon.type.StringConverter$StringToInteger
13:35:25.655 [main] INFO org.evosuite.runtime.instrumentation.EvoClassLoader - Instrumenting class 'net.sf.saxon.type.StringConverter$StringToInteger'.
13:35:25.656 [main] INFO org.evosuite.runtime.instrumentation.MethodCallReplacementClassAdapter - Adding mock interface to class net/sf/saxon/type/StringConverter$StringToInteger
13:35:25.657 [main] INFO org.evosuite.runtime.instrumentation.CreateClassResetClassAdapter - Found static initializer in class net/sf/saxon/type/StringConverter$StringToInteger
13:35:25.657 [main] INFO org.evosuite.runtime.instrumentation.EvoClassLoader - Keeping class: net.sf.saxon.type.StringConverter$StringToInteger
13:35:25.657 [main] INFO org.evosuite.runtime.instrumentation.EvoClassLoader - Seeing class for first time: net.sf.saxon.type.StringConverter$StringToDecimal
13:35:25.657 [main] INFO org.evosuite.runtime.instrumentation.EvoClassLoader - Instrumenting class 'net.sf.saxon.type.StringConverter$StringToDecimal'.
13:35:25.658 [main] INFO org.evosuite.runtime.instrumentation.MethodCallReplacementClassAdapter - Adding mock interface to class net/sf/saxon/type/StringConverter$StringToDecimal
13:35:25.659 [main] INFO org.evosuite.runtime.instrumentation.CreateClassResetClassAdapter - Found static initializer in class net/sf/saxon/type/StringConverter$StringToDecimal
13:35:25.659 [main] INFO org.evosuite.runtime.instrumentation.EvoClassLoader - Keeping class: net.sf.saxon.type.StringConverter$StringToDecimal
13:35:25.659 [main] INFO org.evosuite.runtime.instrumentation.EvoClassLoader - Seeing class for first time: net.sf.saxon.type.StringConverter$StringToFloat
13:35:25.659 [main] INFO org.evosuite.runtime.instrumentation.EvoClassLoader - Instrumenting class 'net.sf.saxon.type.StringConverter$StringToFloat'.
13:35:25.660 [main] INFO org.evosuite.runtime.instrumentation.MethodCallReplacementClassAdapter - Adding mock interface to class net/sf/saxon/type/StringConverter$StringToFloat
13:35:25.660 [main] INFO org.evosuite.runtime.instrumentation.CreateClassResetClassAdapter - Creating brand-new static initializer in class net/sf/saxon/type/StringConverter$StringToFloat
13:35:25.661 [main] INFO org.evosuite.runtime.instrumentation.EvoClassLoader - Keeping class: net.sf.saxon.type.StringConverter$StringToFloat
13:35:25.661 [main] INFO org.evosuite.runtime.instrumentation.EvoClassLoader - Seeing class for first time: net.sf.saxon.type.StringConverter$StringToDerivedStringSubtype
13:35:25.661 [main] INFO org.evosuite.runtime.instrumentation.EvoClassLoader - Instrumenting class 'net.sf.saxon.type.StringConverter$StringToDerivedStringSubtype'.
13:35:25.662 [main] INFO org.evosuite.runtime.instrumentation.MethodCallReplacementClassAdapter - Adding mock interface to class net/sf/saxon/type/StringConverter$StringToDerivedStringSubtype
13:35:25.662 [main] INFO org.evosuite.runtime.instrumentation.CreateClassResetClassAdapter - Creating brand-new static initializer in class net/sf/saxon/type/StringConverter$StringToDerivedStringSubtype
13:35:25.662 [main] INFO org.evosuite.runtime.instrumentation.EvoClassLoader - Keeping class: net.sf.saxon.type.StringConverter$StringToDerivedStringSubtype
13:35:25.662 [main] INFO org.evosuite.runtime.instrumentation.EvoClassLoader - Seeing class for first time: net.sf.saxon.type.StringConverter$StringToStringSubtype
13:35:25.662 [main] INFO org.evosuite.runtime.instrumentation.EvoClassLoader - Instrumenting class 'net.sf.saxon.type.StringConverter$StringToStringSubtype'.
13:35:25.663 [main] INFO org.evosuite.runtime.instrumentation.MethodCallReplacementClassAdapter - Adding mock interface to class net/sf/saxon/type/StringConverter$StringToStringSubtype
13:35:25.664 [main] INFO org.evosuite.runtime.instrumentation.CreateClassResetClassAdapter - Creating brand-new static initializer in class net/sf/saxon/type/StringConverter$StringToStringSubtype
13:35:25.664 [main] INFO org.evosuite.runtime.instrumentation.EvoClassLoader - Keeping class: net.sf.saxon.type.StringConverter$StringToStringSubtype
13:35:25.664 [main] INFO org.evosuite.runtime.instrumentation.EvoClassLoader - Seeing class for first time: net.sf.saxon.type.StringConverter$StringToName
13:35:25.664 [main] INFO org.evosuite.runtime.instrumentation.EvoClassLoader - Instrumenting class 'net.sf.saxon.type.StringConverter$StringToName'.
13:35:25.665 [main] INFO org.evosuite.runtime.instrumentation.MethodCallReplacementClassAdapter - Adding mock interface to class net/sf/saxon/type/StringConverter$StringToName
13:35:25.665 [main] INFO org.evosuite.runtime.instrumentation.CreateClassResetClassAdapter - Found static initializer in class net/sf/saxon/type/StringConverter$StringToName
13:35:25.666 [main] INFO org.evosuite.runtime.instrumentation.EvoClassLoader - Seeing class for first time: net.sf.saxon.type.StringConverter$StringToNCName
13:35:25.666 [main] INFO org.evosuite.runtime.instrumentation.EvoClassLoader - Instrumenting class 'net.sf.saxon.type.StringConverter$StringToNCName'.
13:35:25.666 [main] INFO org.evosuite.runtime.instrumentation.MethodCallReplacementClassAdapter - Adding mock interface to class net/sf/saxon/type/StringConverter$StringToNCName
13:35:25.667 [main] INFO org.evosuite.runtime.instrumentation.CreateClassResetClassAdapter - Found static initializer in class net/sf/saxon/type/StringConverter$StringToNCName
13:35:25.667 [main] INFO org.evosuite.runtime.instrumentation.EvoClassLoader - Keeping class: net.sf.saxon.type.StringConverter$StringToNCName
13:35:25.667 [main] INFO org.evosuite.runtime.instrumentation.EvoClassLoader - Keeping class: net.sf.saxon.type.StringConverter$StringToName
13:35:25.667 [main] INFO org.evosuite.runtime.instrumentation.EvoClassLoader - Seeing class for first time: net.sf.saxon.type.StringConverter$StringToNMTOKEN
13:35:25.667 [main] INFO org.evosuite.runtime.instrumentation.EvoClassLoader - Instrumenting class 'net.sf.saxon.type.StringConverter$StringToNMTOKEN'.
13:35:25.668 [main] INFO org.evosuite.runtime.instrumentation.MethodCallReplacementClassAdapter - Adding mock interface to class net/sf/saxon/type/StringConverter$StringToNMTOKEN
13:35:25.669 [main] INFO org.evosuite.runtime.instrumentation.CreateClassResetClassAdapter - Found static initializer in class net/sf/saxon/type/StringConverter$StringToNMTOKEN
13:35:25.669 [main] INFO org.evosuite.runtime.instrumentation.EvoClassLoader - Keeping class: net.sf.saxon.type.StringConverter$StringToNMTOKEN
13:35:25.669 [main] INFO org.evosuite.runtime.instrumentation.EvoClassLoader - Seeing class for first time: net.sf.saxon.type.StringConverter$StringToLanguage
13:35:25.669 [main] INFO org.evosuite.runtime.instrumentation.EvoClassLoader - Instrumenting class 'net.sf.saxon.type.StringConverter$StringToLanguage'.
13:35:25.670 [main] INFO org.evosuite.runtime.instrumentation.MethodCallReplacementClassAdapter - Adding mock interface to class net/sf/saxon/type/StringConverter$StringToLanguage
13:35:25.670 [main] INFO org.evosuite.runtime.instrumentation.CreateClassResetClassAdapter - Found static initializer in class net/sf/saxon/type/StringConverter$StringToLanguage
13:35:25.670 [main] INFO org.evosuite.runtime.instrumentation.EvoClassLoader - Keeping class: net.sf.saxon.type.StringConverter$StringToLanguage
13:35:25.670 [main] INFO org.evosuite.runtime.instrumentation.EvoClassLoader - Seeing class for first time: net.sf.saxon.type.StringConverter$StringToToken
13:35:25.670 [main] INFO org.evosuite.runtime.instrumentation.EvoClassLoader - Instrumenting class 'net.sf.saxon.type.StringConverter$StringToToken'.
13:35:25.671 [main] INFO org.evosuite.runtime.instrumentation.MethodCallReplacementClassAdapter - Adding mock interface to class net/sf/saxon/type/StringConverter$StringToToken
13:35:25.672 [main] INFO org.evosuite.runtime.instrumentation.CreateClassResetClassAdapter - Found static initializer in class net/sf/saxon/type/StringConverter$StringToToken
13:35:25.672 [main] INFO org.evosuite.runtime.instrumentation.EvoClassLoader - Keeping class: net.sf.saxon.type.StringConverter$StringToToken
13:35:25.672 [main] INFO org.evosuite.runtime.instrumentation.EvoClassLoader - Seeing class for first time: net.sf.saxon.type.StringConverter$StringToNormalizedString
13:35:25.672 [main] INFO org.evosuite.runtime.instrumentation.EvoClassLoader - Instrumenting class 'net.sf.saxon.type.StringConverter$StringToNormalizedString'.
13:35:25.673 [main] INFO org.evosuite.runtime.instrumentation.MethodCallReplacementClassAdapter - Adding mock interface to class net/sf/saxon/type/StringConverter$StringToNormalizedString
13:35:25.673 [main] INFO org.evosuite.runtime.instrumentation.CreateClassResetClassAdapter - Found static initializer in class net/sf/saxon/type/StringConverter$StringToNormalizedString
13:35:25.673 [main] INFO org.evosuite.runtime.instrumentation.EvoClassLoader - Keeping class: net.sf.saxon.type.StringConverter$StringToNormalizedString
13:35:25.673 [main] INFO org.evosuite.runtime.instrumentation.EvoClassLoader - Seeing class for first time: net.sf.saxon.type.StringConverter$StringToUntypedAtomic
13:35:25.673 [main] INFO org.evosuite.runtime.instrumentation.EvoClassLoader - Instrumenting class 'net.sf.saxon.type.StringConverter$StringToUntypedAtomic'.
13:35:25.674 [main] INFO org.evosuite.runtime.instrumentation.MethodCallReplacementClassAdapter - Adding mock interface to class net/sf/saxon/type/StringConverter$StringToUntypedAtomic
13:35:25.675 [main] INFO org.evosuite.runtime.instrumentation.CreateClassResetClassAdapter - Found static initializer in class net/sf/saxon/type/StringConverter$StringToUntypedAtomic
13:35:25.675 [main] INFO org.evosuite.runtime.instrumentation.EvoClassLoader - Keeping class: net.sf.saxon.type.StringConverter$StringToUntypedAtomic
13:35:25.677 [main] INFO org.evosuite.runtime.instrumentation.EvoClassLoader - Seeing class for first time: net.sf.saxon.type.StringToDouble
13:35:25.677 [main] INFO org.evosuite.runtime.instrumentation.EvoClassLoader - Instrumenting class 'net.sf.saxon.type.StringToDouble'.
13:35:25.678 [main] INFO org.evosuite.runtime.instrumentation.MethodCallReplacementClassAdapter - Adding mock interface to class net/sf/saxon/type/StringToDouble
13:35:25.679 [main] INFO org.evosuite.runtime.instrumentation.CreateClassResetClassAdapter - Found static initializer in class net/sf/saxon/type/StringToDouble
13:35:25.680 [main] INFO org.evosuite.runtime.instrumentation.EvoClassLoader - Keeping class: net.sf.saxon.type.StringToDouble
13:35:25.686 [main] INFO org.evosuite.runtime.instrumentation.EvoClassLoader - Seeing class for first time: net.sf.saxon.value.FloatValue
13:35:25.686 [main] INFO org.evosuite.runtime.instrumentation.EvoClassLoader - Instrumenting class 'net.sf.saxon.value.FloatValue'.
13:35:25.687 [main] INFO org.evosuite.runtime.instrumentation.MethodCallReplacementClassAdapter - Adding mock interface to class net/sf/saxon/value/FloatValue
13:35:25.688 [main] INFO org.evosuite.runtime.instrumentation.CreateClassResetClassAdapter - Found static initializer in class net/sf/saxon/value/FloatValue
13:35:25.689 [main] INFO org.evosuite.runtime.instrumentation.EvoClassLoader - Keeping class: net.sf.saxon.value.FloatValue
13:35:25.689 [main] INFO org.evosuite.runtime.instrumentation.EvoClassLoader - Seeing class for first time: net.sf.saxon.value.FloatingPointConverter
13:35:25.689 [main] INFO org.evosuite.runtime.instrumentation.EvoClassLoader - Instrumenting class 'net.sf.saxon.value.FloatingPointConverter'.
13:35:25.691 [main] INFO org.evosuite.runtime.instrumentation.MethodCallReplacementClassAdapter - Adding mock interface to class net/sf/saxon/value/FloatingPointConverter
13:35:25.692 [main] INFO org.evosuite.runtime.instrumentation.CreateClassResetClassAdapter - Found static initializer in class net/sf/saxon/value/FloatingPointConverter
13:35:25.693 [main] INFO org.evosuite.runtime.instrumentation.EvoClassLoader - Keeping class: net.sf.saxon.value.FloatingPointConverter
13:35:25.694 [main] INFO org.evosuite.runtime.instrumentation.EvoClassLoader - Seeing class for first time: net.sf.saxon.expr.flwor.Clause
13:35:25.694 [main] INFO org.evosuite.runtime.instrumentation.EvoClassLoader - Instrumenting class 'net.sf.saxon.expr.flwor.Clause'.
13:35:25.695 [main] INFO org.evosuite.runtime.instrumentation.MethodCallReplacementClassAdapter - Adding mock interface to class net/sf/saxon/expr/flwor/Clause
13:35:25.696 [main] INFO org.evosuite.runtime.instrumentation.CreateClassResetClassAdapter - Creating brand-new static initializer in class net/sf/saxon/expr/flwor/Clause
13:35:25.696 [main] INFO org.evosuite.runtime.instrumentation.CreateClassResetClassAdapter - Adding bytecode for initializing field FOR
13:35:25.696 [main] INFO org.evosuite.runtime.instrumentation.CreateClassResetClassAdapter - Adding bytecode for initializing field LET
13:35:25.696 [main] INFO org.evosuite.runtime.instrumentation.CreateClassResetClassAdapter - Adding bytecode for initializing field WINDOW
13:35:25.696 [main] INFO org.evosuite.runtime.instrumentation.CreateClassResetClassAdapter - Adding bytecode for initializing field GROUPBYCLAUSE
13:35:25.696 [main] INFO org.evosuite.runtime.instrumentation.CreateClassResetClassAdapter - Adding bytecode for initializing field COUNT
13:35:25.696 [main] INFO org.evosuite.runtime.instrumentation.CreateClassResetClassAdapter - Adding bytecode for initializing field ORDERBYCLAUSE
13:35:25.696 [main] INFO org.evosuite.runtime.instrumentation.CreateClassResetClassAdapter - Adding bytecode for initializing field WHERE
13:35:25.696 [main] INFO org.evosuite.runtime.instrumentation.CreateClassResetClassAdapter - Adding bytecode for initializing field TRACE
13:35:25.696 [main] INFO org.evosuite.runtime.instrumentation.EvoClassLoader - Defined package (3): package net.sf.saxon.expr.flwor, 1844080906
13:35:25.696 [main] INFO org.evosuite.runtime.instrumentation.EvoClassLoader - Keeping class: net.sf.saxon.expr.flwor.Clause
13:35:25.696 [main] INFO org.evosuite.runtime.instrumentation.EvoClassLoader - Seeing class for first time: net.sf.saxon.expr.parser.ExpressionVisitor
13:35:25.696 [main] INFO org.evosuite.runtime.instrumentation.EvoClassLoader - Instrumenting class 'net.sf.saxon.expr.parser.ExpressionVisitor'.
13:35:25.697 [main] INFO org.evosuite.runtime.instrumentation.MethodCallReplacementClassAdapter - Adding mock interface to class net/sf/saxon/expr/parser/ExpressionVisitor
13:35:25.697 [main] INFO org.evosuite.runtime.instrumentation.CreateClassResetClassAdapter - Creating brand-new static initializer in class net/sf/saxon/expr/parser/ExpressionVisitor
13:35:25.697 [main] INFO org.evosuite.runtime.instrumentation.CreateClassResetClassAdapter - Adding bytecode for initializing field MAX_DEPTH
13:35:25.698 [main] INFO org.evosuite.runtime.instrumentation.EvoClassLoader - Keeping class: net.sf.saxon.expr.parser.ExpressionVisitor
13:35:25.698 [main] INFO org.evosuite.runtime.instrumentation.EvoClassLoader - Seeing class for first time: net.sf.saxon.expr.parser.ContextItemStaticInfo
13:35:25.698 [main] INFO org.evosuite.runtime.instrumentation.EvoClassLoader - Instrumenting class 'net.sf.saxon.expr.parser.ContextItemStaticInfo'.
13:35:25.699 [main] INFO org.evosuite.runtime.instrumentation.MethodCallReplacementClassAdapter - Adding mock interface to class net/sf/saxon/expr/parser/ContextItemStaticInfo
13:35:25.699 [main] INFO org.evosuite.runtime.instrumentation.CreateClassResetClassAdapter - Found static initializer in class net/sf/saxon/expr/parser/ContextItemStaticInfo
13:35:25.700 [main] INFO org.evosuite.runtime.instrumentation.EvoClassLoader - Keeping class: net.sf.saxon.expr.parser.ContextItemStaticInfo
13:35:25.700 [main] INFO org.evosuite.runtime.instrumentation.EvoClassLoader - Seeing class for first time: net.sf.saxon.expr.PackageData
13:35:25.700 [main] INFO org.evosuite.runtime.instrumentation.EvoClassLoader - Instrumenting class 'net.sf.saxon.expr.PackageData'.
13:35:25.701 [main] INFO org.evosuite.runtime.instrumentation.MethodCallReplacementClassAdapter - Adding mock interface to class net/sf/saxon/expr/PackageData
13:35:25.703 [main] INFO org.evosuite.runtime.instrumentation.CreateClassResetClassAdapter - Creating brand-new static initializer in class net/sf/saxon/expr/PackageData
13:35:25.704 [main] INFO org.evosuite.runtime.instrumentation.EvoClassLoader - Keeping class: net.sf.saxon.expr.PackageData
13:35:25.704 [main] INFO org.evosuite.runtime.instrumentation.EvoClassLoader - Seeing class for first time: net.sf.saxon.expr.parser.PathMap
13:35:25.704 [main] INFO org.evosuite.runtime.instrumentation.EvoClassLoader - Instrumenting class 'net.sf.saxon.expr.parser.PathMap'.
13:35:25.705 [main] INFO org.evosuite.runtime.instrumentation.MethodCallReplacementClassAdapter - Adding mock interface to class net/sf/saxon/expr/parser/PathMap
13:35:25.708 [main] INFO org.evosuite.runtime.instrumentation.CreateClassResetClassAdapter - Creating brand-new static initializer in class net/sf/saxon/expr/parser/PathMap
13:35:25.709 [main] INFO org.evosuite.runtime.instrumentation.EvoClassLoader - Keeping class: net.sf.saxon.expr.parser.PathMap
13:35:25.709 [main] INFO org.evosuite.runtime.instrumentation.EvoClassLoader - Seeing class for first time: net.sf.saxon.expr.parser.PathMap$PathMapNodeSet
13:35:25.709 [main] INFO org.evosuite.runtime.instrumentation.EvoClassLoader - Instrumenting class 'net.sf.saxon.expr.parser.PathMap$PathMapNodeSet'.
13:35:25.710 [main] INFO org.evosuite.runtime.instrumentation.MethodCallReplacementClassAdapter - Adding mock interface to class net/sf/saxon/expr/parser/PathMap$PathMapNodeSet
13:35:25.711 [main] INFO org.evosuite.runtime.instrumentation.CreateClassResetClassAdapter - Creating brand-new static initializer in class net/sf/saxon/expr/parser/PathMap$PathMapNodeSet
13:35:25.711 [main] INFO org.evosuite.runtime.instrumentation.EvoClassLoader - Keeping class: net.sf.saxon.expr.parser.PathMap$PathMapNodeSet
13:35:25.712 [main] INFO org.evosuite.runtime.instrumentation.EvoClassLoader - Seeing class for first time: net.sf.saxon.expr.flwor.TuplePull
13:35:25.712 [main] INFO org.evosuite.runtime.instrumentation.EvoClassLoader - Instrumenting class 'net.sf.saxon.expr.flwor.TuplePull'.
13:35:25.713 [main] INFO org.evosuite.runtime.instrumentation.MethodCallReplacementClassAdapter - Adding mock interface to class net/sf/saxon/expr/flwor/TuplePull
13:35:25.713 [main] INFO org.evosuite.runtime.instrumentation.CreateClassResetClassAdapter - Creating brand-new static initializer in class net/sf/saxon/expr/flwor/TuplePull
13:35:25.713 [main] INFO org.evosuite.runtime.instrumentation.EvoClassLoader - Keeping class: net.sf.saxon.expr.flwor.TuplePull
13:35:25.714 [main] INFO org.evosuite.runtime.instrumentation.EvoClassLoader - Seeing class for first time: net.sf.saxon.expr.flwor.TuplePush
13:35:25.714 [main] INFO org.evosuite.runtime.instrumentation.EvoClassLoader - Instrumenting class 'net.sf.saxon.expr.flwor.TuplePush'.
13:35:25.714 [main] INFO org.evosuite.runtime.instrumentation.MethodCallReplacementClassAdapter - Adding mock interface to class net/sf/saxon/expr/flwor/TuplePush
13:35:25.714 [main] INFO org.evosuite.runtime.instrumentation.CreateClassResetClassAdapter - Creating brand-new static initializer in class net/sf/saxon/expr/flwor/TuplePush
13:35:25.715 [main] INFO org.evosuite.runtime.instrumentation.EvoClassLoader - Keeping class: net.sf.saxon.expr.flwor.TuplePush
13:35:25.715 [main] INFO org.evosuite.runtime.instrumentation.EvoClassLoader - Seeing class for first time: net.sf.saxon.expr.flwor.OperandProcessor
13:35:25.715 [main] INFO org.evosuite.runtime.instrumentation.EvoClassLoader - Instrumenting class 'net.sf.saxon.expr.flwor.OperandProcessor'.
13:35:25.716 [main] INFO org.evosuite.runtime.instrumentation.EvoClassLoader - Keeping class: net.sf.saxon.expr.flwor.OperandProcessor
13:35:25.716 [main] INFO org.evosuite.runtime.instrumentation.EvoClassLoader - Seeing class for first time: net.sf.saxon.expr.flwor.LocalVariableBinding
13:35:25.716 [main] INFO org.evosuite.runtime.instrumentation.EvoClassLoader - Instrumenting class 'net.sf.saxon.expr.flwor.LocalVariableBinding'.
13:35:25.717 [main] INFO org.evosuite.runtime.instrumentation.MethodCallReplacementClassAdapter - Adding mock interface to class net/sf/saxon/expr/flwor/LocalVariableBinding
13:35:25.717 [main] INFO org.evosuite.runtime.instrumentation.CreateClassResetClassAdapter - Creating brand-new static initializer in class net/sf/saxon/expr/flwor/LocalVariableBinding
13:35:25.718 [main] INFO org.evosuite.runtime.instrumentation.EvoClassLoader - Seeing class for first time: net.sf.saxon.expr.LocalBinding
13:35:25.718 [main] INFO org.evosuite.runtime.instrumentation.EvoClassLoader - Instrumenting class 'net.sf.saxon.expr.LocalBinding'.
13:35:25.719 [main] INFO org.evosuite.runtime.instrumentation.EvoClassLoader - Seeing class for first time: net.sf.saxon.expr.Binding
13:35:25.719 [main] INFO org.evosuite.runtime.instrumentation.EvoClassLoader - Instrumenting class 'net.sf.saxon.expr.Binding'.
13:35:25.720 [main] INFO org.evosuite.runtime.instrumentation.EvoClassLoader - Keeping class: net.sf.saxon.expr.Binding
13:35:25.720 [main] INFO org.evosuite.runtime.instrumentation.EvoClassLoader - Keeping class: net.sf.saxon.expr.LocalBinding
13:35:25.720 [main] INFO org.evosuite.runtime.instrumentation.EvoClassLoader - Keeping class: net.sf.saxon.expr.flwor.LocalVariableBinding
13:35:25.720 [main] INFO org.evosuite.runtime.instrumentation.EvoClassLoader - Seeing class for first time: net.sf.saxon.expr.flwor.FLWORExpression
13:35:25.720 [main] INFO org.evosuite.runtime.instrumentation.EvoClassLoader - Instrumenting class 'net.sf.saxon.expr.flwor.FLWORExpression'.
13:35:25.723 [main] INFO org.evosuite.runtime.instrumentation.MethodCallReplacementClassAdapter - Adding mock interface to class net/sf/saxon/expr/flwor/FLWORExpression
13:35:25.761 [main] INFO org.evosuite.runtime.instrumentation.CreateClassResetClassAdapter - Found static initializer in class net/sf/saxon/expr/flwor/FLWORExpression
13:35:25.762 [main] INFO org.evosuite.runtime.instrumentation.EvoClassLoader - Keeping class: net.sf.saxon.expr.flwor.FLWORExpression
13:35:25.762 [main] INFO org.evosuite.runtime.instrumentation.EvoClassLoader - Seeing class for first time: net.sf.saxon.expr.parser.RebindingMap
13:35:25.762 [main] INFO org.evosuite.runtime.instrumentation.EvoClassLoader - Instrumenting class 'net.sf.saxon.expr.parser.RebindingMap'.
13:35:25.764 [main] INFO org.evosuite.runtime.instrumentation.MethodCallReplacementClassAdapter - Adding mock interface to class net/sf/saxon/expr/parser/RebindingMap
13:35:25.764 [main] INFO org.evosuite.runtime.instrumentation.CreateClassResetClassAdapter - Creating brand-new static initializer in class net/sf/saxon/expr/parser/RebindingMap
13:35:25.765 [main] INFO org.evosuite.runtime.instrumentation.EvoClassLoader - Keeping class: net.sf.saxon.expr.parser.RebindingMap
13:35:25.765 [main] INFO org.evosuite.runtime.instrumentation.EvoClassLoader - Seeing class for first time: net.sf.saxon.expr.flwor.ForClause
13:35:25.765 [main] INFO org.evosuite.runtime.instrumentation.EvoClassLoader - Instrumenting class 'net.sf.saxon.expr.flwor.ForClause'.
13:35:25.766 [main] INFO org.evosuite.runtime.instrumentation.MethodCallReplacementClassAdapter - Adding mock interface to class net/sf/saxon/expr/flwor/ForClause
13:35:25.770 [main] INFO org.evosuite.runtime.instrumentation.CreateClassResetClassAdapter - Found static initializer in class net/sf/saxon/expr/flwor/ForClause
13:35:25.771 [main] INFO org.evosuite.runtime.instrumentation.EvoClassLoader - Keeping class: net.sf.saxon.expr.flwor.ForClause
13:35:25.772 [main] INFO org.evosuite.runtime.instrumentation.EvoClassLoader - Seeing class for first time: net.sf.saxon.expr.flwor.ForClauseOuterPull
13:35:25.772 [main] INFO org.evosuite.runtime.instrumentation.EvoClassLoader - Instrumenting class 'net.sf.saxon.expr.flwor.ForClauseOuterPull'.
13:35:25.772 [main] INFO org.evosuite.runtime.instrumentation.MethodCallReplacementClassAdapter - Adding mock interface to class net/sf/saxon/expr/flwor/ForClauseOuterPull
13:35:25.773 [main] INFO org.evosuite.runtime.instrumentation.CreateClassResetClassAdapter - Creating brand-new static initializer in class net/sf/saxon/expr/flwor/ForClauseOuterPull
13:35:25.773 [main] INFO org.evosuite.runtime.instrumentation.EvoClassLoader - Seeing class for first time: net.sf.saxon.expr.flwor.ForClausePull
13:35:25.773 [main] INFO org.evosuite.runtime.instrumentation.EvoClassLoader - Instrumenting class 'net.sf.saxon.expr.flwor.ForClausePull'.
13:35:25.773 [main] INFO org.evosuite.runtime.instrumentation.MethodCallReplacementClassAdapter - Adding mock interface to class net/sf/saxon/expr/flwor/ForClausePull
13:35:25.773 [main] INFO org.evosuite.runtime.instrumentation.CreateClassResetClassAdapter - Creating brand-new static initializer in class net/sf/saxon/expr/flwor/ForClausePull
13:35:25.774 [main] INFO org.evosuite.runtime.instrumentation.EvoClassLoader - Keeping class: net.sf.saxon.expr.flwor.ForClausePull
13:35:25.774 [main] INFO org.evosuite.runtime.instrumentation.EvoClassLoader - Keeping class: net.sf.saxon.expr.flwor.ForClauseOuterPull
13:35:25.774 [main] INFO org.evosuite.runtime.instrumentation.EvoClassLoader - Seeing class for first time: net.sf.saxon.expr.flwor.ForClauseOuterPush
13:35:25.774 [main] INFO org.evosuite.runtime.instrumentation.EvoClassLoader - Instrumenting class 'net.sf.saxon.expr.flwor.ForClauseOuterPush'.
13:35:25.774 [main] INFO org.evosuite.runtime.instrumentation.MethodCallReplacementClassAdapter - Adding mock interface to class net/sf/saxon/expr/flwor/ForClauseOuterPush
13:35:25.774 [main] INFO org.evosuite.runtime.instrumentation.CreateClassResetClassAdapter - Creating brand-new static initializer in class net/sf/saxon/expr/flwor/ForClauseOuterPush
13:35:25.774 [main] INFO org.evosuite.runtime.instrumentation.EvoClassLoader - Keeping class: net.sf.saxon.expr.flwor.ForClauseOuterPush
13:35:25.775 [main] INFO org.evosuite.runtime.instrumentation.EvoClassLoader - Seeing class for first time: net.sf.saxon.expr.flwor.ForClausePush
13:35:25.775 [main] INFO org.evosuite.runtime.instrumentation.EvoClassLoader - Instrumenting class 'net.sf.saxon.expr.flwor.ForClausePush'.
13:35:25.775 [main] INFO org.evosuite.runtime.instrumentation.MethodCallReplacementClassAdapter - Adding mock interface to class net/sf/saxon/expr/flwor/ForClausePush
13:35:25.775 [main] INFO org.evosuite.runtime.instrumentation.CreateClassResetClassAdapter - Creating brand-new static initializer in class net/sf/saxon/expr/flwor/ForClausePush
13:35:25.775 [main] INFO org.evosuite.runtime.instrumentation.EvoClassLoader - Keeping class: net.sf.saxon.expr.flwor.ForClausePush
13:35:25.776 [main] INFO org.evosuite.runtime.instrumentation.EvoClassLoader - Seeing class for first time: net.sf.saxon.expr.SlashExpression
13:35:25.776 [main] INFO org.evosuite.runtime.instrumentation.EvoClassLoader - Instrumenting class 'net.sf.saxon.expr.SlashExpression'.
13:35:25.777 [main] INFO org.evosuite.runtime.instrumentation.MethodCallReplacementClassAdapter - Adding mock interface to class net/sf/saxon/expr/SlashExpression
13:35:25.791 [main] INFO org.evosuite.runtime.instrumentation.CreateClassResetClassAdapter - Creating brand-new static initializer in class net/sf/saxon/expr/SlashExpression
13:35:25.792 [main] INFO org.evosuite.runtime.instrumentation.EvoClassLoader - Seeing class for first time: net.sf.saxon.expr.ContextSwitchingExpression
13:35:25.792 [main] INFO org.evosuite.runtime.instrumentation.EvoClassLoader - Instrumenting class 'net.sf.saxon.expr.ContextSwitchingExpression'.
13:35:25.792 [main] INFO org.evosuite.runtime.instrumentation.EvoClassLoader - Seeing class for first time: net.sf.saxon.expr.ContextOriginator
13:35:25.792 [main] INFO org.evosuite.runtime.instrumentation.EvoClassLoader - Instrumenting class 'net.sf.saxon.expr.ContextOriginator'.
13:35:25.793 [main] INFO org.evosuite.runtime.instrumentation.EvoClassLoader - Keeping class: net.sf.saxon.expr.ContextOriginator
13:35:25.793 [main] INFO org.evosuite.runtime.instrumentation.EvoClassLoader - Keeping class: net.sf.saxon.expr.ContextSwitchingExpression
13:35:25.793 [main] INFO org.evosuite.runtime.instrumentation.EvoClassLoader - Seeing class for first time: net.sf.saxon.expr.BinaryExpression
13:35:25.793 [main] INFO org.evosuite.runtime.instrumentation.EvoClassLoader - Instrumenting class 'net.sf.saxon.expr.BinaryExpression'.
13:35:25.794 [main] INFO org.evosuite.runtime.instrumentation.MethodCallReplacementClassAdapter - Adding mock interface to class net/sf/saxon/expr/BinaryExpression
13:35:25.794 [main] INFO org.evosuite.runtime.instrumentation.CreateClassResetClassAdapter - Creating brand-new static initializer in class net/sf/saxon/expr/BinaryExpression
13:35:25.795 [main] INFO org.evosuite.runtime.instrumentation.EvoClassLoader - Keeping class: net.sf.saxon.expr.BinaryExpression
13:35:25.795 [main] INFO org.evosuite.runtime.instrumentation.EvoClassLoader - Keeping class: net.sf.saxon.expr.SlashExpression
13:35:25.795 [main] INFO org.evosuite.runtime.instrumentation.EvoClassLoader - Seeing class for first time: net.sf.saxon.expr.FilterExpression
13:35:25.795 [main] INFO org.evosuite.runtime.instrumentation.EvoClassLoader - Instrumenting class 'net.sf.saxon.expr.FilterExpression'.
13:35:25.797 [main] INFO org.evosuite.runtime.instrumentation.MethodCallReplacementClassAdapter - Adding mock interface to class net/sf/saxon/expr/FilterExpression
13:35:25.811 [main] INFO org.evosuite.runtime.instrumentation.CreateClassResetClassAdapter - Found static initializer in class net/sf/saxon/expr/FilterExpression
13:35:25.812 [main] INFO org.evosuite.runtime.instrumentation.EvoClassLoader - Keeping class: net.sf.saxon.expr.FilterExpression
13:35:25.812 [main] INFO org.evosuite.runtime.instrumentation.EvoClassLoader - Seeing class for first time: net.sf.saxon.expr.ContextItemExpression
13:35:25.812 [main] INFO org.evosuite.runtime.instrumentation.EvoClassLoader - Instrumenting class 'net.sf.saxon.expr.ContextItemExpression'.
13:35:25.813 [main] INFO org.evosuite.runtime.instrumentation.MethodCallReplacementClassAdapter - Adding mock interface to class net/sf/saxon/expr/ContextItemExpression
13:35:25.815 [main] INFO org.evosuite.runtime.instrumentation.CreateClassResetClassAdapter - Creating brand-new static initializer in class net/sf/saxon/expr/ContextItemExpression
13:35:25.815 [main] INFO org.evosuite.runtime.instrumentation.EvoClassLoader - Keeping class: net.sf.saxon.expr.ContextItemExpression
13:35:25.816 [main] INFO org.evosuite.runtime.instrumentation.EvoClassLoader - Seeing class for first time: net.sf.saxon.functions.AbstractFunction
13:35:25.816 [main] INFO org.evosuite.runtime.instrumentation.EvoClassLoader - Instrumenting class 'net.sf.saxon.functions.AbstractFunction'.
13:35:25.817 [main] INFO org.evosuite.runtime.instrumentation.MethodCallReplacementClassAdapter - Adding mock interface to class net/sf/saxon/functions/AbstractFunction
13:35:25.818 [main] INFO org.evosuite.runtime.instrumentation.CreateClassResetClassAdapter - Creating brand-new static initializer in class net/sf/saxon/functions/AbstractFunction
13:35:25.818 [main] INFO org.evosuite.runtime.instrumentation.EvoClassLoader - Seeing class for first time: net.sf.saxon.om.Function
13:35:25.818 [main] INFO org.evosuite.runtime.instrumentation.EvoClassLoader - Instrumenting class 'net.sf.saxon.om.Function'.
13:35:25.820 [main] INFO org.evosuite.runtime.instrumentation.EvoClassLoader - Seeing class for first time: net.sf.saxon.expr.Callable
13:35:25.820 [main] INFO org.evosuite.runtime.instrumentation.EvoClassLoader - Instrumenting class 'net.sf.saxon.expr.Callable'.
13:35:25.822 [main] INFO org.evosuite.runtime.instrumentation.EvoClassLoader - Keeping class: net.sf.saxon.expr.Callable
13:35:25.822 [main] INFO org.evosuite.runtime.instrumentation.EvoClassLoader - Keeping class: net.sf.saxon.om.Function
13:35:25.822 [main] INFO org.evosuite.runtime.instrumentation.EvoClassLoader - Keeping class: net.sf.saxon.functions.AbstractFunction
13:35:25.823 [main] INFO org.evosuite.runtime.instrumentation.EvoClassLoader - Seeing class for first time: net.sf.saxon.expr.OperandRole
13:35:25.823 [main] INFO org.evosuite.runtime.instrumentation.EvoClassLoader - Instrumenting class 'net.sf.saxon.expr.OperandRole'.
13:35:25.824 [main] INFO org.evosuite.runtime.instrumentation.MethodCallReplacementClassAdapter - Adding mock interface to class net/sf/saxon/expr/OperandRole
13:35:25.825 [main] INFO org.evosuite.runtime.instrumentation.CreateClassResetClassAdapter - Found static initializer in class net/sf/saxon/expr/OperandRole
13:35:25.826 [main] INFO org.evosuite.runtime.instrumentation.EvoClassLoader - Keeping class: net.sf.saxon.expr.OperandRole
13:35:25.826 [main] INFO org.evosuite.runtime.instrumentation.EvoClassLoader - Seeing class for first time: net.sf.saxon.query.AnnotationList
13:35:25.826 [main] INFO org.evosuite.runtime.instrumentation.EvoClassLoader - Instrumenting class 'net.sf.saxon.query.AnnotationList'.
13:35:25.827 [main] INFO org.evosuite.runtime.instrumentation.MethodCallReplacementClassAdapter - Adding mock interface to class net/sf/saxon/query/AnnotationList
13:35:25.828 [main] INFO org.evosuite.runtime.instrumentation.CreateClassResetClassAdapter - Found static initializer in class net/sf/saxon/query/AnnotationList
13:35:25.828 [main] INFO org.evosuite.runtime.instrumentation.EvoClassLoader - Defined package (3): package net.sf.saxon.query, -1826790599
13:35:25.828 [main] INFO org.evosuite.runtime.instrumentation.EvoClassLoader - Keeping class: net.sf.saxon.query.AnnotationList
13:35:25.828 [main] INFO org.evosuite.runtime.instrumentation.EvoClassLoader - Seeing class for first time: net.sf.saxon.expr.sort.AtomicComparer
13:35:25.828 [main] INFO org.evosuite.runtime.instrumentation.EvoClassLoader - Instrumenting class 'net.sf.saxon.expr.sort.AtomicComparer'.
13:35:25.829 [main] INFO org.evosuite.runtime.instrumentation.EvoClassLoader - Keeping class: net.sf.saxon.expr.sort.AtomicComparer
13:35:25.829 [main] INFO org.evosuite.runtime.instrumentation.EvoClassLoader - Seeing class for first time: net.sf.saxon.functions.SystemFunction
13:35:25.829 [main] INFO org.evosuite.runtime.instrumentation.EvoClassLoader - Instrumenting class 'net.sf.saxon.functions.SystemFunction'.
13:35:25.830 [main] INFO org.evosuite.runtime.instrumentation.MethodCallReplacementClassAdapter - Adding mock interface to class net/sf/saxon/functions/SystemFunction
13:35:25.833 [main] INFO org.evosuite.runtime.instrumentation.CreateClassResetClassAdapter - Creating brand-new static initializer in class net/sf/saxon/functions/SystemFunction
13:35:25.834 [main] INFO org.evosuite.runtime.instrumentation.EvoClassLoader - Keeping class: net.sf.saxon.functions.SystemFunction
13:35:25.835 [main] INFO org.evosuite.runtime.instrumentation.EvoClassLoader - Seeing class for first time: net.sf.saxon.expr.SystemFunctionCall
13:35:25.835 [main] INFO org.evosuite.runtime.instrumentation.EvoClassLoader - Instrumenting class 'net.sf.saxon.expr.SystemFunctionCall'.
13:35:25.836 [main] INFO org.evosuite.runtime.instrumentation.MethodCallReplacementClassAdapter - Adding mock interface to class net/sf/saxon/expr/SystemFunctionCall
13:35:25.839 [main] INFO org.evosuite.runtime.instrumentation.CreateClassResetClassAdapter - Creating brand-new static initializer in class net/sf/saxon/expr/SystemFunctionCall
13:35:25.840 [main] INFO org.evosuite.runtime.instrumentation.EvoClassLoader - Seeing class for first time: net.sf.saxon.expr.Negatable
13:35:25.840 [main] INFO org.evosuite.runtime.instrumentation.EvoClassLoader - Instrumenting class 'net.sf.saxon.expr.Negatable'.
13:35:25.841 [main] INFO org.evosuite.runtime.instrumentation.EvoClassLoader - Keeping class: net.sf.saxon.expr.Negatable
13:35:25.841 [main] INFO org.evosuite.runtime.instrumentation.EvoClassLoader - Seeing class for first time: net.sf.saxon.expr.StaticFunctionCall
13:35:25.841 [main] INFO org.evosuite.runtime.instrumentation.EvoClassLoader - Instrumenting class 'net.sf.saxon.expr.StaticFunctionCall'.
13:35:25.842 [main] INFO org.evosuite.runtime.instrumentation.MethodCallReplacementClassAdapter - Adding mock interface to class net/sf/saxon/expr/StaticFunctionCall
13:35:25.844 [main] INFO org.evosuite.runtime.instrumentation.CreateClassResetClassAdapter - Creating brand-new static initializer in class net/sf/saxon/expr/StaticFunctionCall
13:35:25.845 [main] INFO org.evosuite.runtime.instrumentation.EvoClassLoader - Seeing class for first time: net.sf.saxon.expr.FunctionCall
13:35:25.845 [main] INFO org.evosuite.runtime.instrumentation.EvoClassLoader - Instrumenting class 'net.sf.saxon.expr.FunctionCall'.
13:35:25.846 [main] INFO org.evosuite.runtime.instrumentation.MethodCallReplacementClassAdapter - Adding mock interface to class net/sf/saxon/expr/FunctionCall
13:35:25.851 [main] INFO org.evosuite.runtime.instrumentation.CreateClassResetClassAdapter - Creating brand-new static initializer in class net/sf/saxon/expr/FunctionCall
13:35:25.852 [main] INFO org.evosuite.runtime.instrumentation.EvoClassLoader - Keeping class: net.sf.saxon.expr.FunctionCall
13:35:25.852 [main] INFO org.evosuite.runtime.instrumentation.EvoClassLoader - Keeping class: net.sf.saxon.expr.StaticFunctionCall
13:35:25.852 [main] INFO org.evosuite.runtime.instrumentation.EvoClassLoader - Keeping class: net.sf.saxon.expr.SystemFunctionCall
13:35:25.852 [main] INFO org.evosuite.runtime.instrumentation.EvoClassLoader - Seeing class for first time: net.sf.saxon.type.FunctionItemType
13:35:25.852 [main] INFO org.evosuite.runtime.instrumentation.EvoClassLoader - Instrumenting class 'net.sf.saxon.type.FunctionItemType'.
13:35:25.853 [main] INFO org.evosuite.runtime.instrumentation.EvoClassLoader - Keeping class: net.sf.saxon.type.FunctionItemType
13:35:25.854 [main] INFO org.evosuite.runtime.instrumentation.EvoClassLoader - Seeing class for first time: net.sf.saxon.expr.Literal
13:35:25.854 [main] INFO org.evosuite.runtime.instrumentation.EvoClassLoader - Instrumenting class 'net.sf.saxon.expr.Literal'.
13:35:25.856 [main] INFO org.evosuite.runtime.instrumentation.MethodCallReplacementClassAdapter - Adding mock interface to class net/sf/saxon/expr/Literal
13:35:25.858 [main] INFO org.evosuite.runtime.instrumentation.CreateClassResetClassAdapter - Found static initializer in class net/sf/saxon/expr/Literal
13:35:25.859 [main] INFO org.evosuite.runtime.instrumentation.EvoClassLoader - Keeping class: net.sf.saxon.expr.Literal
13:35:25.859 [main] INFO org.evosuite.runtime.instrumentation.EvoClassLoader - Seeing class for first time: net.sf.saxon.expr.parser.RetainedStaticContext
13:35:25.859 [main] INFO org.evosuite.runtime.instrumentation.EvoClassLoader - Instrumenting class 'net.sf.saxon.expr.parser.RetainedStaticContext'.
13:35:25.860 [main] INFO org.evosuite.runtime.instrumentation.MethodCallReplacementClassAdapter - Adding mock interface to class net/sf/saxon/expr/parser/RetainedStaticContext
13:35:25.861 [main] INFO org.evosuite.runtime.instrumentation.CreateClassResetClassAdapter - Creating brand-new static initializer in class net/sf/saxon/expr/parser/RetainedStaticContext
13:35:25.861 [main] INFO org.evosuite.runtime.instrumentation.EvoClassLoader - Keeping class: net.sf.saxon.expr.parser.RetainedStaticContext
13:35:25.862 [main] INFO org.evosuite.runtime.instrumentation.EvoClassLoader - Seeing class for first time: net.sf.saxon.value.IntegerValue
13:35:25.862 [main] INFO org.evosuite.runtime.instrumentation.EvoClassLoader - Instrumenting class 'net.sf.saxon.value.IntegerValue'.
13:35:25.863 [main] INFO org.evosuite.runtime.instrumentation.MethodCallReplacementClassAdapter - Adding mock interface to class net/sf/saxon/value/IntegerValue
13:35:25.865 [main] INFO org.evosuite.runtime.instrumentation.CreateClassResetClassAdapter - Found static initializer in class net/sf/saxon/value/IntegerValue
13:35:25.865 [main] INFO org.evosuite.runtime.instrumentation.EvoClassLoader - Seeing class for first time: net.sf.saxon.value.DecimalValue
13:35:25.865 [main] INFO org.evosuite.runtime.instrumentation.EvoClassLoader - Instrumenting class 'net.sf.saxon.value.DecimalValue'.
13:35:25.866 [main] INFO org.evosuite.runtime.instrumentation.MethodCallReplacementClassAdapter - Adding mock interface to class net/sf/saxon/value/DecimalValue
13:35:25.866 [main] INFO org.evosuite.runtime.instrumentation.CreateClassResetClassAdapter - Creating brand-new static initializer in class net/sf/saxon/value/DecimalValue
13:35:25.867 [main] INFO org.evosuite.runtime.instrumentation.EvoClassLoader - Keeping class: net.sf.saxon.value.DecimalValue
13:35:25.867 [main] INFO org.evosuite.runtime.instrumentation.EvoClassLoader - Keeping class: net.sf.saxon.value.IntegerValue
13:35:25.867 [main] INFO org.evosuite.runtime.instrumentation.EvoClassLoader - Seeing class for first time: net.sf.saxon.functions.registry.BuiltInFunctionSet$Entry
13:35:25.867 [main] INFO org.evosuite.runtime.instrumentation.EvoClassLoader - Instrumenting class 'net.sf.saxon.functions.registry.BuiltInFunctionSet$Entry'.
13:35:25.868 [main] INFO org.evosuite.runtime.instrumentation.MethodCallReplacementClassAdapter - Adding mock interface to class net/sf/saxon/functions/registry/BuiltInFunctionSet$Entry
13:35:25.868 [main] INFO org.evosuite.runtime.instrumentation.CreateClassResetClassAdapter - Creating brand-new static initializer in class net/sf/saxon/functions/registry/BuiltInFunctionSet$Entry
13:35:25.868 [main] INFO org.evosuite.runtime.instrumentation.EvoClassLoader - Defined package (3): package net.sf.saxon.functions.registry, 1580756575
13:35:25.869 [main] INFO org.evosuite.runtime.instrumentation.EvoClassLoader - Keeping class: net.sf.saxon.functions.registry.BuiltInFunctionSet$Entry
13:35:25.869 [main] INFO org.evosuite.runtime.instrumentation.EvoClassLoader - Seeing class for first time: net.sf.saxon.functions.ResolveURI
13:35:25.869 [main] INFO org.evosuite.runtime.instrumentation.EvoClassLoader - Instrumenting class 'net.sf.saxon.functions.ResolveURI'.
13:35:25.870 [main] INFO org.evosuite.runtime.instrumentation.MethodCallReplacementClassAdapter - Adding mock interface to class net/sf/saxon/functions/ResolveURI
13:35:25.872 [main] INFO org.evosuite.runtime.instrumentation.CreateClassResetClassAdapter - Creating brand-new static initializer in class net/sf/saxon/functions/ResolveURI
13:35:25.873 [main] INFO org.evosuite.runtime.instrumentation.EvoClassLoader - Keeping class: net.sf.saxon.functions.ResolveURI
13:35:25.874 [main] INFO org.evosuite.runtime.instrumentation.EvoClassLoader - Seeing class for first time: net.sf.saxon.om.ZeroOrOne
13:35:25.874 [main] INFO org.evosuite.runtime.instrumentation.EvoClassLoader - Instrumenting class 'net.sf.saxon.om.ZeroOrOne'.
13:35:25.875 [main] INFO org.evosuite.runtime.instrumentation.MethodCallReplacementClassAdapter - Adding mock interface to class net/sf/saxon/om/ZeroOrOne
13:35:25.876 [main] INFO org.evosuite.runtime.instrumentation.CreateClassResetClassAdapter - Found static initializer in class net/sf/saxon/om/ZeroOrOne
13:35:25.877 [main] INFO org.evosuite.runtime.instrumentation.EvoClassLoader - Keeping class: net.sf.saxon.om.ZeroOrOne
13:35:25.877 [main] INFO org.evosuite.runtime.instrumentation.EvoClassLoader - Seeing class for first time: net.sf.saxon.value.AnyURIValue
13:35:25.877 [main] INFO org.evosuite.runtime.instrumentation.EvoClassLoader - Instrumenting class 'net.sf.saxon.value.AnyURIValue'.
13:35:25.878 [main] INFO org.evosuite.runtime.instrumentation.MethodCallReplacementClassAdapter - Adding mock interface to class net/sf/saxon/value/AnyURIValue
13:35:25.878 [main] INFO org.evosuite.runtime.instrumentation.CreateClassResetClassAdapter - Found static initializer in class net/sf/saxon/value/AnyURIValue
13:35:25.879 [main] INFO org.evosuite.runtime.instrumentation.EvoClassLoader - Keeping class: net.sf.saxon.value.AnyURIValue
13:35:25.879 [main] INFO org.evosuite.runtime.instrumentation.EvoClassLoader - Seeing class for first time: net.sf.saxon.expr.number.AbstractNumberer
13:35:25.879 [main] INFO org.evosuite.runtime.instrumentation.EvoClassLoader - Instrumenting class 'net.sf.saxon.expr.number.AbstractNumberer'.
13:35:25.881 [main] INFO org.evosuite.runtime.instrumentation.MethodCallReplacementClassAdapter - Adding mock interface to class net/sf/saxon/expr/number/AbstractNumberer
13:35:25.882 [main] INFO org.evosuite.runtime.instrumentation.CreateClassResetClassAdapter - Found static initializer in class net/sf/saxon/expr/number/AbstractNumberer
13:35:25.882 [main] INFO org.evosuite.runtime.instrumentation.EvoClassLoader - Defined package (3): package net.sf.saxon.expr.number, 1568967443
13:35:25.883 [main] INFO org.evosuite.runtime.instrumentation.EvoClassLoader - Seeing class for first time: net.sf.saxon.lib.Numberer
13:35:25.883 [main] INFO org.evosuite.runtime.instrumentation.EvoClassLoader - Instrumenting class 'net.sf.saxon.lib.Numberer'.
13:35:25.884 [main] INFO org.evosuite.runtime.instrumentation.EvoClassLoader - Keeping class: net.sf.saxon.lib.Numberer
13:35:25.884 [main] INFO org.evosuite.runtime.instrumentation.EvoClassLoader - Keeping class: net.sf.saxon.expr.number.AbstractNumberer
13:35:25.884 [main] INFO org.evosuite.runtime.instrumentation.EvoClassLoader - Seeing class for first time: net.sf.saxon.regex.EmptyString
13:35:25.884 [main] INFO org.evosuite.runtime.instrumentation.EvoClassLoader - Instrumenting class 'net.sf.saxon.regex.EmptyString'.
13:35:25.885 [main] INFO org.evosuite.runtime.instrumentation.MethodCallReplacementClassAdapter - Adding mock interface to class net/sf/saxon/regex/EmptyString
13:35:25.885 [main] INFO org.evosuite.runtime.instrumentation.CreateClassResetClassAdapter - Found static initializer in class net/sf/saxon/regex/EmptyString
13:35:25.886 [main] INFO org.evosuite.runtime.instrumentation.EvoClassLoader - Keeping class: net.sf.saxon.regex.EmptyString
13:35:25.886 [main] INFO org.evosuite.runtime.instrumentation.EvoClassLoader - Seeing class for first time: net.sf.saxon.expr.number.NumericGroupFormatter
13:35:25.886 [main] INFO org.evosuite.runtime.instrumentation.EvoClassLoader - Instrumenting class 'net.sf.saxon.expr.number.NumericGroupFormatter'.
13:35:25.887 [main] INFO org.evosuite.runtime.instrumentation.MethodCallReplacementClassAdapter - Adding mock interface to class net/sf/saxon/expr/number/NumericGroupFormatter
13:35:25.887 [main] INFO org.evosuite.runtime.instrumentation.CreateClassResetClassAdapter - Creating brand-new static initializer in class net/sf/saxon/expr/number/NumericGroupFormatter
13:35:25.888 [main] INFO org.evosuite.runtime.instrumentation.EvoClassLoader - Keeping class: net.sf.saxon.expr.number.NumericGroupFormatter
13:35:25.888 [main] INFO org.evosuite.runtime.instrumentation.EvoClassLoader - Seeing class for first time: net.sf.saxon.expr.number.RegularGroupFormatter
13:35:25.888 [main] INFO org.evosuite.runtime.instrumentation.EvoClassLoader - Instrumenting class 'net.sf.saxon.expr.number.RegularGroupFormatter'.
13:35:25.889 [main] INFO org.evosuite.runtime.instrumentation.MethodCallReplacementClassAdapter - Adding mock interface to class net/sf/saxon/expr/number/RegularGroupFormatter
13:35:25.889 [main] INFO org.evosuite.runtime.instrumentation.CreateClassResetClassAdapter - Creating brand-new static initializer in class net/sf/saxon/expr/number/RegularGroupFormatter
13:35:25.890 [main] INFO org.evosuite.runtime.instrumentation.EvoClassLoader - Keeping class: net.sf.saxon.expr.number.RegularGroupFormatter
13:35:25.891 [main] INFO org.evosuite.runtime.instrumentation.EvoClassLoader - Seeing class for first time: net.sf.saxon.regex.LatinString
13:35:25.891 [main] INFO org.evosuite.runtime.instrumentation.EvoClassLoader - Instrumenting class 'net.sf.saxon.regex.LatinString'.
13:35:25.892 [main] INFO org.evosuite.runtime.instrumentation.MethodCallReplacementClassAdapter - Adding mock interface to class net/sf/saxon/regex/LatinString
13:35:25.893 [main] INFO org.evosuite.runtime.instrumentation.CreateClassResetClassAdapter - Found static initializer in class net/sf/saxon/regex/LatinString
13:35:25.893 [main] INFO org.evosuite.runtime.instrumentation.EvoClassLoader - Keeping class: net.sf.saxon.regex.LatinString
13:35:25.893 [main] INFO org.evosuite.runtime.instrumentation.EvoClassLoader - Seeing class for first time: net.sf.saxon.regex.BMPString
13:35:25.894 [main] INFO org.evosuite.runtime.instrumentation.EvoClassLoader - Instrumenting class 'net.sf.saxon.regex.BMPString'.
13:35:25.894 [main] INFO org.evosuite.runtime.instrumentation.MethodCallReplacementClassAdapter - Adding mock interface to class net/sf/saxon/regex/BMPString
13:35:25.895 [main] INFO org.evosuite.runtime.instrumentation.CreateClassResetClassAdapter - Creating brand-new static initializer in class net/sf/saxon/regex/BMPString
13:35:25.895 [main] INFO org.evosuite.runtime.instrumentation.EvoClassLoader - Keeping class: net.sf.saxon.regex.BMPString
13:35:25.895 [main] INFO org.evosuite.runtime.instrumentation.EvoClassLoader - Seeing class for first time: net.sf.saxon.regex.GeneralUnicodeString
13:35:25.895 [main] INFO org.evosuite.runtime.instrumentation.EvoClassLoader - Instrumenting class 'net.sf.saxon.regex.GeneralUnicodeString'.
13:35:25.897 [main] INFO org.evosuite.runtime.instrumentation.MethodCallReplacementClassAdapter - Adding mock interface to class net/sf/saxon/regex/GeneralUnicodeString
13:35:25.897 [main] INFO org.evosuite.runtime.instrumentation.CreateClassResetClassAdapter - Creating brand-new static initializer in class net/sf/saxon/regex/GeneralUnicodeString
13:35:25.898 [main] INFO org.evosuite.runtime.instrumentation.EvoClassLoader - Keeping class: net.sf.saxon.regex.GeneralUnicodeString
13:35:25.901 [main] INFO org.evosuite.runtime.instrumentation.EvoClassLoader - Seeing class for first time: net.sf.saxon.value.BigIntegerValue
13:35:25.901 [main] INFO org.evosuite.runtime.instrumentation.EvoClassLoader - Instrumenting class 'net.sf.saxon.value.BigIntegerValue'.
13:35:25.902 [main] INFO org.evosuite.runtime.instrumentation.MethodCallReplacementClassAdapter - Adding mock interface to class net/sf/saxon/value/BigIntegerValue
13:35:25.904 [main] INFO org.evosuite.runtime.instrumentation.CreateClassResetClassAdapter - Found static initializer in class net/sf/saxon/value/BigIntegerValue
13:35:25.905 [main] INFO org.evosuite.runtime.instrumentation.EvoClassLoader - Keeping class: net.sf.saxon.value.BigIntegerValue
13:35:25.905 [main] INFO org.evosuite.runtime.instrumentation.EvoClassLoader - Seeing class for first time: net.sf.saxon.value.Int64Value
13:35:25.905 [main] INFO org.evosuite.runtime.instrumentation.EvoClassLoader - Instrumenting class 'net.sf.saxon.value.Int64Value'.
13:35:25.906 [main] INFO org.evosuite.runtime.instrumentation.MethodCallReplacementClassAdapter - Adding mock interface to class net/sf/saxon/value/Int64Value
13:35:25.908 [main] INFO org.evosuite.runtime.instrumentation.CreateClassResetClassAdapter - Found static initializer in class net/sf/saxon/value/Int64Value
13:35:25.909 [main] INFO org.evosuite.runtime.instrumentation.EvoClassLoader - Keeping class: net.sf.saxon.value.Int64Value
13:35:25.910 [main] INFO org.evosuite.runtime.instrumentation.EvoClassLoader - Seeing class for first time: net.sf.saxon.value.BigDecimalValue
13:35:25.910 [main] INFO org.evosuite.runtime.instrumentation.EvoClassLoader - Instrumenting class 'net.sf.saxon.value.BigDecimalValue'.
13:35:25.912 [main] INFO org.evosuite.runtime.instrumentation.MethodCallReplacementClassAdapter - Adding mock interface to class net/sf/saxon/value/BigDecimalValue
13:35:25.914 [main] INFO org.evosuite.runtime.instrumentation.CreateClassResetClassAdapter - Found static initializer in class net/sf/saxon/value/BigDecimalValue
13:35:25.915 [main] INFO org.evosuite.runtime.instrumentation.EvoClassLoader - Keeping class: net.sf.saxon.value.BigDecimalValue
13:35:25.916 [main] INFO org.evosuite.runtime.instrumentation.EvoClassLoader - Seeing class for first time: net.sf.saxon.functions.Substring
13:35:25.917 [main] INFO org.evosuite.runtime.instrumentation.EvoClassLoader - Instrumenting class 'net.sf.saxon.functions.Substring'.
13:35:25.918 [main] INFO org.evosuite.runtime.instrumentation.MethodCallReplacementClassAdapter - Adding mock interface to class net/sf/saxon/functions/Substring
13:35:25.918 [main] INFO org.evosuite.runtime.instrumentation.CreateClassResetClassAdapter - Creating brand-new static initializer in class net/sf/saxon/functions/Substring
13:35:25.919 [main] INFO org.evosuite.runtime.instrumentation.EvoClassLoader - Keeping class: net.sf.saxon.functions.Substring
13:35:25.919 [main] INFO org.evosuite.runtime.instrumentation.EvoClassLoader - Seeing class for first time: net.sf.saxon.om.One
13:35:25.919 [main] INFO org.evosuite.runtime.instrumentation.EvoClassLoader - Instrumenting class 'net.sf.saxon.om.One'.
13:35:25.920 [main] INFO org.evosuite.runtime.instrumentation.MethodCallReplacementClassAdapter - Adding mock interface to class net/sf/saxon/om/One
13:35:25.921 [main] INFO org.evosuite.runtime.instrumentation.CreateClassResetClassAdapter - Creating brand-new static initializer in class net/sf/saxon/om/One
13:35:25.921 [main] INFO org.evosuite.runtime.instrumentation.EvoClassLoader - Keeping class: net.sf.saxon.om.One
13:35:25.922 [main] INFO org.evosuite.runtime.instrumentation.EvoClassLoader - Seeing class for first time: net.sf.saxon.value.Base64BinaryValue
13:35:25.922 [main] INFO org.evosuite.runtime.instrumentation.EvoClassLoader - Instrumenting class 'net.sf.saxon.value.Base64BinaryValue'.
13:35:25.923 [main] INFO org.evosuite.runtime.instrumentation.MethodCallReplacementClassAdapter - Adding mock interface to class net/sf/saxon/value/Base64BinaryValue
13:35:25.924 [main] INFO org.evosuite.runtime.instrumentation.CreateClassResetClassAdapter - Found static initializer in class net/sf/saxon/value/Base64BinaryValue
13:35:25.924 [main] INFO org.evosuite.runtime.instrumentation.EvoClassLoader - Keeping class: net.sf.saxon.value.Base64BinaryValue
]]></system-out>
  </testcase>
  <testcase name="test18" classname="io.netty.handler.codec.compression.ByteBufChecksum_ESTest" time="0.063">
    <system-out><![CDATA[13:35:25.929 [main] DEBUG io.netty.util.internal.logging.InternalLoggerFactory - Using SLF4J as the default logging framework
13:35:25.929 [main] DEBUG io.netty.util.internal.PlatformDependent0 - -Dio.netty.noUnsafe: false
13:35:25.929 [main] DEBUG io.netty.util.internal.PlatformDependent0 - Java version: 8
13:35:25.929 [main] DEBUG io.netty.util.internal.PlatformDependent0 - sun.misc.Unsafe.theUnsafe: available
13:35:25.929 [main] DEBUG io.netty.util.internal.PlatformDependent0 - sun.misc.Unsafe.copyMemory: available
13:35:25.929 [main] DEBUG io.netty.util.internal.PlatformDependent0 - sun.misc.Unsafe.storeFence: available
13:35:25.929 [main] DEBUG io.netty.util.internal.PlatformDependent0 - java.nio.Buffer.address: available
13:35:25.929 [main] DEBUG io.netty.util.internal.PlatformDependent0 - direct buffer constructor: available
13:35:25.929 [main] DEBUG io.netty.util.internal.PlatformDependent0 - java.nio.Bits.unaligned: available, true
13:35:25.929 [main] DEBUG io.netty.util.internal.PlatformDependent0 - jdk.internal.misc.Unsafe.allocateUninitializedArray(int): unavailable prior to Java9
13:35:25.929 [main] DEBUG io.netty.util.internal.PlatformDependent0 - java.nio.DirectByteBuffer.<init>(long, {int,long}): available
13:35:25.929 [main] DEBUG io.netty.util.internal.CleanerJava6 - java.nio.ByteBuffer.cleaner(): available
13:35:25.929 [main] DEBUG io.netty.util.internal.PlatformDependent - sun.misc.Unsafe: available
13:35:25.930 [main] DEBUG io.netty.util.internal.PlatformDependent - -Dio.netty.tmpdir: /tmp (java.io.tmpdir)
13:35:25.930 [main] DEBUG io.netty.util.internal.PlatformDependent - -Dio.netty.bitMode: 64 (sun.arch.data.model)
13:35:25.930 [main] DEBUG io.netty.util.internal.PlatformDependent - -Dio.netty.maxDirectMemory: 11420041216 bytes
13:35:25.930 [main] DEBUG io.netty.util.internal.PlatformDependent - -Dio.netty.uninitializedArrayAllocationThreshold: -1
13:35:25.930 [main] DEBUG io.netty.util.internal.PlatformDependent - -Dio.netty.noPreferDirect: false
13:35:25.930 [main] DEBUG io.netty.util.internal.CleanerJava9 - java.nio.ByteBuffer.cleaner(): unavailable
java.lang.NoSuchMethodException: sun.misc.Unsafe.invokeCleaner(java.nio.ByteBuffer)
	at java.lang.Class.getDeclaredMethod(Class.java:2130)
	at io.netty.util.internal.CleanerJava9$1.run(CleanerJava9.java:45)
	at java.security.AccessController.doPrivileged(Native Method)
	at io.netty.util.internal.CleanerJava9.__STATIC_RESET(CleanerJava9.java:40)
	at sun.reflect.NativeMethodAccessorImpl.invoke0(Native Method)
	at sun.reflect.NativeMethodAccessorImpl.invoke(NativeMethodAccessorImpl.java:62)
	at sun.reflect.DelegatingMethodAccessorImpl.invoke(DelegatingMethodAccessorImpl.java:43)
	at java.lang.reflect.Method.invoke(Method.java:498)
	at org.evosuite.runtime.classhandling.ClassResetter.reset(ClassResetter.java:159)
	at org.evosuite.runtime.classhandling.ClassStateSupport.resetClasses(ClassStateSupport.java:137)
	at io.netty.handler.codec.compression.ByteBufChecksum_ESTest_scaffolding.resetClasses(ByteBufChecksum_ESTest_scaffolding.java:278)
	at io.netty.handler.codec.compression.ByteBufChecksum_ESTest_scaffolding.doneWithTestCase(ByteBufChecksum_ESTest_scaffolding.java:66)
	at sun.reflect.NativeMethodAccessorImpl.invoke0(Native Method)
	at sun.reflect.NativeMethodAccessorImpl.invoke(NativeMethodAccessorImpl.java:62)
	at sun.reflect.DelegatingMethodAccessorImpl.invoke(DelegatingMethodAccessorImpl.java:43)
	at java.lang.reflect.Method.invoke(Method.java:498)
	at org.junit.runners.model.FrameworkMethod$1.runReflectiveCall(FrameworkMethod.java:59)
	at org.junit.internal.runners.model.ReflectiveCallable.run(ReflectiveCallable.java:12)
	at org.junit.runners.model.FrameworkMethod.invokeExplosively(FrameworkMethod.java:56)
	at org.junit.internal.runners.statements.RunAfters.invokeMethod(RunAfters.java:46)
	at org.junit.internal.runners.statements.RunAfters.evaluate(RunAfters.java:33)
	at org.evosuite.runtime.vnet.NonFunctionalRequirementRule$1.evaluate(NonFunctionalRequirementRule.java:41)
	at org.junit.runners.ParentRunner$3.evaluate(ParentRunner.java:306)
	at org.junit.runners.BlockJUnit4ClassRunner$1.evaluate(BlockJUnit4ClassRunner.java:100)
	at org.junit.runners.ParentRunner.runLeaf(ParentRunner.java:366)
	at org.junit.runners.BlockJUnit4ClassRunner.runChild(BlockJUnit4ClassRunner.java:103)
	at org.junit.runners.BlockJUnit4ClassRunner.runChild(BlockJUnit4ClassRunner.java:63)
	at org.junit.runners.ParentRunner$4.run(ParentRunner.java:331)
	at org.junit.runners.ParentRunner$1.schedule(ParentRunner.java:79)
	at org.junit.runners.ParentRunner.runChildren(ParentRunner.java:329)
	at org.junit.runners.ParentRunner.access$100(ParentRunner.java:66)
	at org.junit.runners.ParentRunner$2.evaluate(ParentRunner.java:293)
	at org.junit.internal.runners.statements.RunBefores.evaluate(RunBefores.java:26)
	at org.junit.internal.runners.statements.RunAfters.evaluate(RunAfters.java:27)
	at org.junit.runners.ParentRunner$3.evaluate(ParentRunner.java:306)
	at org.junit.runners.ParentRunner.run(ParentRunner.java:413)
	at org.apache.maven.surefire.junit4.JUnit4Provider.execute(JUnit4Provider.java:316)
	at org.apache.maven.surefire.junit4.JUnit4Provider.executeWithRerun(JUnit4Provider.java:240)
	at org.apache.maven.surefire.junit4.JUnit4Provider.executeTestSet(JUnit4Provider.java:214)
	at org.apache.maven.surefire.junit4.JUnit4Provider.invoke(JUnit4Provider.java:155)
	at org.apache.maven.surefire.booter.ForkedBooter.runSuitesInProcess(ForkedBooter.java:385)
	at org.apache.maven.surefire.booter.ForkedBooter.execute(ForkedBooter.java:162)
	at org.apache.maven.surefire.booter.ForkedBooter.run(ForkedBooter.java:507)
	at org.apache.maven.surefire.booter.ForkedBooter.main(ForkedBooter.java:495)
13:35:25.932 [main] DEBUG io.netty.util.ResourceLeakDetector - -Dio.netty.leakDetection.level: simple
13:35:25.932 [main] DEBUG io.netty.util.ResourceLeakDetector - -Dio.netty.leakDetection.targetRecords: 4
13:35:25.933 [main] DEBUG io.netty.util.internal.InternalThreadLocalMap - -Dio.netty.threadLocalMap.stringBuilder.initialSize: 1024
13:35:25.933 [main] DEBUG io.netty.util.internal.InternalThreadLocalMap - -Dio.netty.threadLocalMap.stringBuilder.maxSize: 4096
13:35:25.934 [main] DEBUG io.netty.buffer.PooledByteBufAllocator - -Dio.netty.allocator.numHeapArenas: 0
13:35:25.934 [main] DEBUG io.netty.buffer.PooledByteBufAllocator - -Dio.netty.allocator.numDirectArenas: 2
13:35:25.934 [main] DEBUG io.netty.buffer.PooledByteBufAllocator - -Dio.netty.allocator.pageSize: 8192
13:35:25.934 [main] DEBUG io.netty.buffer.PooledByteBufAllocator - -Dio.netty.allocator.maxOrder: 9
13:35:25.934 [main] DEBUG io.netty.buffer.PooledByteBufAllocator - -Dio.netty.allocator.chunkSize: 4194304
13:35:25.934 [main] DEBUG io.netty.buffer.PooledByteBufAllocator - -Dio.netty.allocator.smallCacheSize: 256
13:35:25.934 [main] DEBUG io.netty.buffer.PooledByteBufAllocator - -Dio.netty.allocator.normalCacheSize: 64
13:35:25.934 [main] DEBUG io.netty.buffer.PooledByteBufAllocator - -Dio.netty.allocator.maxCachedBufferCapacity: 32768
13:35:25.934 [main] DEBUG io.netty.buffer.PooledByteBufAllocator - -Dio.netty.allocator.cacheTrimInterval: 8192
13:35:25.934 [main] DEBUG io.netty.buffer.PooledByteBufAllocator - -Dio.netty.allocator.cacheTrimIntervalMillis: 0
13:35:25.934 [main] DEBUG io.netty.buffer.PooledByteBufAllocator - -Dio.netty.allocator.useCacheForAllThreads: false
13:35:25.934 [main] DEBUG io.netty.buffer.PooledByteBufAllocator - -Dio.netty.allocator.maxCachedByteBuffersPerChunk: 1023
13:35:25.935 [main] DEBUG io.netty.buffer.AbstractByteBuf - -Dio.netty.buffer.checkAccessible: true
13:35:25.935 [main] DEBUG io.netty.buffer.AbstractByteBuf - -Dio.netty.buffer.checkBounds: true
13:35:25.935 [main] DEBUG io.netty.util.ResourceLeakDetectorFactory - Loaded default ResourceLeakDetector: io.netty.util.ResourceLeakDetector@5
13:35:25.936 [main] DEBUG io.netty.util.Recycler - -Dio.netty.recycler.maxCapacityPerThread: 4096
13:35:25.936 [main] DEBUG io.netty.util.Recycler - -Dio.netty.recycler.ratio: 8
13:35:25.936 [main] DEBUG io.netty.util.Recycler - -Dio.netty.recycler.chunkSize: 32
13:35:25.936 [main] DEBUG io.netty.util.Recycler - -Dio.netty.recycler.blocking: false
13:35:25.936 [main] DEBUG io.netty.util.Recycler - -Dio.netty.recycler.batchFastThreadLocalOnly: true
13:35:25.937 [main] DEBUG io.netty.util.internal.PlatformDependent - org.jctools-core.MpscChunkedArrayQueue: available
13:35:25.938 [main] DEBUG io.netty.buffer.ByteBufUtil - -Dio.netty.allocator.type: pooled
13:35:25.938 [main] DEBUG io.netty.buffer.ByteBufUtil - -Dio.netty.threadLocalDirectBufferSize: 0
13:35:25.938 [main] DEBUG io.netty.buffer.ByteBufUtil - -Dio.netty.maxThreadLocalCharBufferSize: 16384
]]></system-out>
  </testcase>
  <testcase name="test06" classname="io.netty.handler.codec.compression.ByteBufChecksum_ESTest" time="0.066">
    <system-out><![CDATA[13:35:25.955 [main] DEBUG io.netty.util.internal.logging.InternalLoggerFactory - Using SLF4J as the default logging framework
13:35:25.956 [main] DEBUG io.netty.util.internal.PlatformDependent0 - -Dio.netty.noUnsafe: false
13:35:25.956 [main] DEBUG io.netty.util.internal.PlatformDependent0 - Java version: 8
13:35:25.956 [main] DEBUG io.netty.util.internal.PlatformDependent0 - sun.misc.Unsafe.theUnsafe: available
13:35:25.956 [main] DEBUG io.netty.util.internal.PlatformDependent0 - sun.misc.Unsafe.copyMemory: available
13:35:25.956 [main] DEBUG io.netty.util.internal.PlatformDependent0 - sun.misc.Unsafe.storeFence: available
13:35:25.956 [main] DEBUG io.netty.util.internal.PlatformDependent0 - java.nio.Buffer.address: available
13:35:25.956 [main] DEBUG io.netty.util.internal.PlatformDependent0 - direct buffer constructor: available
13:35:25.956 [main] DEBUG io.netty.util.internal.PlatformDependent0 - java.nio.Bits.unaligned: available, true
13:35:25.956 [main] DEBUG io.netty.util.internal.PlatformDependent0 - jdk.internal.misc.Unsafe.allocateUninitializedArray(int): unavailable prior to Java9
13:35:25.956 [main] DEBUG io.netty.util.internal.PlatformDependent0 - java.nio.DirectByteBuffer.<init>(long, {int,long}): available
13:35:25.956 [main] DEBUG io.netty.util.internal.CleanerJava6 - java.nio.ByteBuffer.cleaner(): available
13:35:25.956 [main] DEBUG io.netty.util.internal.PlatformDependent - sun.misc.Unsafe: available
13:35:25.956 [main] DEBUG io.netty.util.internal.PlatformDependent - -Dio.netty.tmpdir: /tmp (java.io.tmpdir)
13:35:25.956 [main] DEBUG io.netty.util.internal.PlatformDependent - -Dio.netty.bitMode: 64 (sun.arch.data.model)
13:35:25.957 [main] DEBUG io.netty.util.internal.PlatformDependent - -Dio.netty.maxDirectMemory: 11420041216 bytes
13:35:25.957 [main] DEBUG io.netty.util.internal.PlatformDependent - -Dio.netty.uninitializedArrayAllocationThreshold: -1
13:35:25.957 [main] DEBUG io.netty.util.internal.PlatformDependent - -Dio.netty.noPreferDirect: false
13:35:25.957 [main] DEBUG io.netty.util.internal.CleanerJava9 - java.nio.ByteBuffer.cleaner(): unavailable
java.lang.NoSuchMethodException: sun.misc.Unsafe.invokeCleaner(java.nio.ByteBuffer)
	at java.lang.Class.getDeclaredMethod(Class.java:2130)
	at io.netty.util.internal.CleanerJava9$1.run(CleanerJava9.java:45)
	at java.security.AccessController.doPrivileged(Native Method)
	at io.netty.util.internal.CleanerJava9.__STATIC_RESET(CleanerJava9.java:40)
	at sun.reflect.NativeMethodAccessorImpl.invoke0(Native Method)
	at sun.reflect.NativeMethodAccessorImpl.invoke(NativeMethodAccessorImpl.java:62)
	at sun.reflect.DelegatingMethodAccessorImpl.invoke(DelegatingMethodAccessorImpl.java:43)
	at java.lang.reflect.Method.invoke(Method.java:498)
	at org.evosuite.runtime.classhandling.ClassResetter.reset(ClassResetter.java:159)
	at org.evosuite.runtime.classhandling.ClassStateSupport.resetClasses(ClassStateSupport.java:137)
	at io.netty.handler.codec.compression.ByteBufChecksum_ESTest_scaffolding.resetClasses(ByteBufChecksum_ESTest_scaffolding.java:278)
	at io.netty.handler.codec.compression.ByteBufChecksum_ESTest_scaffolding.doneWithTestCase(ByteBufChecksum_ESTest_scaffolding.java:66)
	at sun.reflect.NativeMethodAccessorImpl.invoke0(Native Method)
	at sun.reflect.NativeMethodAccessorImpl.invoke(NativeMethodAccessorImpl.java:62)
	at sun.reflect.DelegatingMethodAccessorImpl.invoke(DelegatingMethodAccessorImpl.java:43)
	at java.lang.reflect.Method.invoke(Method.java:498)
	at org.junit.runners.model.FrameworkMethod$1.runReflectiveCall(FrameworkMethod.java:59)
	at org.junit.internal.runners.model.ReflectiveCallable.run(ReflectiveCallable.java:12)
	at org.junit.runners.model.FrameworkMethod.invokeExplosively(FrameworkMethod.java:56)
	at org.junit.internal.runners.statements.RunAfters.invokeMethod(RunAfters.java:46)
	at org.junit.internal.runners.statements.RunAfters.evaluate(RunAfters.java:33)
	at org.evosuite.runtime.vnet.NonFunctionalRequirementRule$1.evaluate(NonFunctionalRequirementRule.java:41)
	at org.junit.runners.ParentRunner$3.evaluate(ParentRunner.java:306)
	at org.junit.runners.BlockJUnit4ClassRunner$1.evaluate(BlockJUnit4ClassRunner.java:100)
	at org.junit.runners.ParentRunner.runLeaf(ParentRunner.java:366)
	at org.junit.runners.BlockJUnit4ClassRunner.runChild(BlockJUnit4ClassRunner.java:103)
	at org.junit.runners.BlockJUnit4ClassRunner.runChild(BlockJUnit4ClassRunner.java:63)
	at org.junit.runners.ParentRunner$4.run(ParentRunner.java:331)
	at org.junit.runners.ParentRunner$1.schedule(ParentRunner.java:79)
	at org.junit.runners.ParentRunner.runChildren(ParentRunner.java:329)
	at org.junit.runners.ParentRunner.access$100(ParentRunner.java:66)
	at org.junit.runners.ParentRunner$2.evaluate(ParentRunner.java:293)
	at org.junit.internal.runners.statements.RunBefores.evaluate(RunBefores.java:26)
	at org.junit.internal.runners.statements.RunAfters.evaluate(RunAfters.java:27)
	at org.junit.runners.ParentRunner$3.evaluate(ParentRunner.java:306)
	at org.junit.runners.ParentRunner.run(ParentRunner.java:413)
	at org.apache.maven.surefire.junit4.JUnit4Provider.execute(JUnit4Provider.java:316)
	at org.apache.maven.surefire.junit4.JUnit4Provider.executeWithRerun(JUnit4Provider.java:240)
	at org.apache.maven.surefire.junit4.JUnit4Provider.executeTestSet(JUnit4Provider.java:214)
	at org.apache.maven.surefire.junit4.JUnit4Provider.invoke(JUnit4Provider.java:155)
	at org.apache.maven.surefire.booter.ForkedBooter.runSuitesInProcess(ForkedBooter.java:385)
	at org.apache.maven.surefire.booter.ForkedBooter.execute(ForkedBooter.java:162)
	at org.apache.maven.surefire.booter.ForkedBooter.run(ForkedBooter.java:507)
	at org.apache.maven.surefire.booter.ForkedBooter.main(ForkedBooter.java:495)
13:35:25.958 [main] DEBUG io.netty.util.ResourceLeakDetector - -Dio.netty.leakDetection.level: simple
13:35:25.958 [main] DEBUG io.netty.util.ResourceLeakDetector - -Dio.netty.leakDetection.targetRecords: 4
13:35:25.959 [main] DEBUG io.netty.util.internal.InternalThreadLocalMap - -Dio.netty.threadLocalMap.stringBuilder.initialSize: 1024
13:35:25.959 [main] DEBUG io.netty.util.internal.InternalThreadLocalMap - -Dio.netty.threadLocalMap.stringBuilder.maxSize: 4096
13:35:25.959 [main] DEBUG io.netty.buffer.PooledByteBufAllocator - -Dio.netty.allocator.numHeapArenas: 0
13:35:25.959 [main] DEBUG io.netty.buffer.PooledByteBufAllocator - -Dio.netty.allocator.numDirectArenas: 2
13:35:25.959 [main] DEBUG io.netty.buffer.PooledByteBufAllocator - -Dio.netty.allocator.pageSize: 8192
13:35:25.959 [main] DEBUG io.netty.buffer.PooledByteBufAllocator - -Dio.netty.allocator.maxOrder: 9
13:35:25.959 [main] DEBUG io.netty.buffer.PooledByteBufAllocator - -Dio.netty.allocator.chunkSize: 4194304
13:35:25.960 [main] DEBUG io.netty.buffer.PooledByteBufAllocator - -Dio.netty.allocator.smallCacheSize: 256
13:35:25.960 [main] DEBUG io.netty.buffer.PooledByteBufAllocator - -Dio.netty.allocator.normalCacheSize: 64
13:35:25.960 [main] DEBUG io.netty.buffer.PooledByteBufAllocator - -Dio.netty.allocator.maxCachedBufferCapacity: 32768
13:35:25.960 [main] DEBUG io.netty.buffer.PooledByteBufAllocator - -Dio.netty.allocator.cacheTrimInterval: 8192
13:35:25.960 [main] DEBUG io.netty.buffer.PooledByteBufAllocator - -Dio.netty.allocator.cacheTrimIntervalMillis: 0
13:35:25.960 [main] DEBUG io.netty.buffer.PooledByteBufAllocator - -Dio.netty.allocator.useCacheForAllThreads: false
13:35:25.960 [main] DEBUG io.netty.buffer.PooledByteBufAllocator - -Dio.netty.allocator.maxCachedByteBuffersPerChunk: 1023
13:35:25.962 [main] DEBUG io.netty.buffer.AbstractByteBuf - -Dio.netty.buffer.checkAccessible: true
13:35:25.963 [main] DEBUG io.netty.buffer.AbstractByteBuf - -Dio.netty.buffer.checkBounds: true
13:35:25.963 [main] DEBUG io.netty.util.ResourceLeakDetectorFactory - Loaded default ResourceLeakDetector: io.netty.util.ResourceLeakDetector@5
13:35:25.963 [main] DEBUG io.netty.util.Recycler - -Dio.netty.recycler.maxCapacityPerThread: 4096
13:35:25.963 [main] DEBUG io.netty.util.Recycler - -Dio.netty.recycler.ratio: 8
13:35:25.963 [main] DEBUG io.netty.util.Recycler - -Dio.netty.recycler.chunkSize: 32
13:35:25.964 [main] DEBUG io.netty.util.Recycler - -Dio.netty.recycler.blocking: false
13:35:25.964 [main] DEBUG io.netty.util.Recycler - -Dio.netty.recycler.batchFastThreadLocalOnly: true
13:35:25.964 [main] DEBUG io.netty.util.internal.PlatformDependent - org.jctools-core.MpscChunkedArrayQueue: available
13:35:25.965 [main] DEBUG io.netty.buffer.ByteBufUtil - -Dio.netty.allocator.type: pooled
13:35:25.966 [main] DEBUG io.netty.buffer.ByteBufUtil - -Dio.netty.threadLocalDirectBufferSize: 0
13:35:25.966 [main] DEBUG io.netty.buffer.ByteBufUtil - -Dio.netty.maxThreadLocalCharBufferSize: 16384
]]></system-out>
  </testcase>
  <testcase name="test17" classname="io.netty.handler.codec.compression.ByteBufChecksum_ESTest" time="0.078">
    <system-out><![CDATA[13:35:26.016 [main] DEBUG io.netty.util.internal.logging.InternalLoggerFactory - Using SLF4J as the default logging framework
13:35:26.016 [main] DEBUG io.netty.util.internal.PlatformDependent0 - -Dio.netty.noUnsafe: false
13:35:26.016 [main] DEBUG io.netty.util.internal.PlatformDependent0 - Java version: 8
13:35:26.016 [main] DEBUG io.netty.util.internal.PlatformDependent0 - sun.misc.Unsafe.theUnsafe: available
13:35:26.016 [main] DEBUG io.netty.util.internal.PlatformDependent0 - sun.misc.Unsafe.copyMemory: available
13:35:26.016 [main] DEBUG io.netty.util.internal.PlatformDependent0 - sun.misc.Unsafe.storeFence: available
13:35:26.016 [main] DEBUG io.netty.util.internal.PlatformDependent0 - java.nio.Buffer.address: available
13:35:26.016 [main] DEBUG io.netty.util.internal.PlatformDependent0 - direct buffer constructor: available
13:35:26.017 [main] DEBUG io.netty.util.internal.PlatformDependent0 - java.nio.Bits.unaligned: available, true
13:35:26.017 [main] DEBUG io.netty.util.internal.PlatformDependent0 - jdk.internal.misc.Unsafe.allocateUninitializedArray(int): unavailable prior to Java9
13:35:26.017 [main] DEBUG io.netty.util.internal.PlatformDependent0 - java.nio.DirectByteBuffer.<init>(long, {int,long}): available
13:35:26.017 [main] DEBUG io.netty.util.internal.CleanerJava6 - java.nio.ByteBuffer.cleaner(): available
13:35:26.017 [main] DEBUG io.netty.util.internal.PlatformDependent - sun.misc.Unsafe: available
13:35:26.017 [main] DEBUG io.netty.util.internal.PlatformDependent - -Dio.netty.tmpdir: /tmp (java.io.tmpdir)
13:35:26.017 [main] DEBUG io.netty.util.internal.PlatformDependent - -Dio.netty.bitMode: 64 (sun.arch.data.model)
13:35:26.018 [main] DEBUG io.netty.util.internal.PlatformDependent - -Dio.netty.maxDirectMemory: 11420041216 bytes
13:35:26.018 [main] DEBUG io.netty.util.internal.PlatformDependent - -Dio.netty.uninitializedArrayAllocationThreshold: -1
13:35:26.018 [main] DEBUG io.netty.util.internal.PlatformDependent - -Dio.netty.noPreferDirect: false
13:35:26.019 [main] DEBUG io.netty.util.internal.CleanerJava9 - java.nio.ByteBuffer.cleaner(): unavailable
java.lang.NoSuchMethodException: sun.misc.Unsafe.invokeCleaner(java.nio.ByteBuffer)
	at java.lang.Class.getDeclaredMethod(Class.java:2130)
	at io.netty.util.internal.CleanerJava9$1.run(CleanerJava9.java:45)
	at java.security.AccessController.doPrivileged(Native Method)
	at io.netty.util.internal.CleanerJava9.__STATIC_RESET(CleanerJava9.java:40)
	at sun.reflect.NativeMethodAccessorImpl.invoke0(Native Method)
	at sun.reflect.NativeMethodAccessorImpl.invoke(NativeMethodAccessorImpl.java:62)
	at sun.reflect.DelegatingMethodAccessorImpl.invoke(DelegatingMethodAccessorImpl.java:43)
	at java.lang.reflect.Method.invoke(Method.java:498)
	at org.evosuite.runtime.classhandling.ClassResetter.reset(ClassResetter.java:159)
	at org.evosuite.runtime.classhandling.ClassStateSupport.resetClasses(ClassStateSupport.java:137)
	at io.netty.handler.codec.compression.ByteBufChecksum_ESTest_scaffolding.resetClasses(ByteBufChecksum_ESTest_scaffolding.java:278)
	at io.netty.handler.codec.compression.ByteBufChecksum_ESTest_scaffolding.doneWithTestCase(ByteBufChecksum_ESTest_scaffolding.java:66)
	at sun.reflect.NativeMethodAccessorImpl.invoke0(Native Method)
	at sun.reflect.NativeMethodAccessorImpl.invoke(NativeMethodAccessorImpl.java:62)
	at sun.reflect.DelegatingMethodAccessorImpl.invoke(DelegatingMethodAccessorImpl.java:43)
	at java.lang.reflect.Method.invoke(Method.java:498)
	at org.junit.runners.model.FrameworkMethod$1.runReflectiveCall(FrameworkMethod.java:59)
	at org.junit.internal.runners.model.ReflectiveCallable.run(ReflectiveCallable.java:12)
	at org.junit.runners.model.FrameworkMethod.invokeExplosively(FrameworkMethod.java:56)
	at org.junit.internal.runners.statements.RunAfters.invokeMethod(RunAfters.java:46)
	at org.junit.internal.runners.statements.RunAfters.evaluate(RunAfters.java:33)
	at org.evosuite.runtime.vnet.NonFunctionalRequirementRule$1.evaluate(NonFunctionalRequirementRule.java:41)
	at org.junit.runners.ParentRunner$3.evaluate(ParentRunner.java:306)
	at org.junit.runners.BlockJUnit4ClassRunner$1.evaluate(BlockJUnit4ClassRunner.java:100)
	at org.junit.runners.ParentRunner.runLeaf(ParentRunner.java:366)
	at org.junit.runners.BlockJUnit4ClassRunner.runChild(BlockJUnit4ClassRunner.java:103)
	at org.junit.runners.BlockJUnit4ClassRunner.runChild(BlockJUnit4ClassRunner.java:63)
	at org.junit.runners.ParentRunner$4.run(ParentRunner.java:331)
	at org.junit.runners.ParentRunner$1.schedule(ParentRunner.java:79)
	at org.junit.runners.ParentRunner.runChildren(ParentRunner.java:329)
	at org.junit.runners.ParentRunner.access$100(ParentRunner.java:66)
	at org.junit.runners.ParentRunner$2.evaluate(ParentRunner.java:293)
	at org.junit.internal.runners.statements.RunBefores.evaluate(RunBefores.java:26)
	at org.junit.internal.runners.statements.RunAfters.evaluate(RunAfters.java:27)
	at org.junit.runners.ParentRunner$3.evaluate(ParentRunner.java:306)
	at org.junit.runners.ParentRunner.run(ParentRunner.java:413)
	at org.apache.maven.surefire.junit4.JUnit4Provider.execute(JUnit4Provider.java:316)
	at org.apache.maven.surefire.junit4.JUnit4Provider.executeWithRerun(JUnit4Provider.java:240)
	at org.apache.maven.surefire.junit4.JUnit4Provider.executeTestSet(JUnit4Provider.java:214)
	at org.apache.maven.surefire.junit4.JUnit4Provider.invoke(JUnit4Provider.java:155)
	at org.apache.maven.surefire.booter.ForkedBooter.runSuitesInProcess(ForkedBooter.java:385)
	at org.apache.maven.surefire.booter.ForkedBooter.execute(ForkedBooter.java:162)
	at org.apache.maven.surefire.booter.ForkedBooter.run(ForkedBooter.java:507)
	at org.apache.maven.surefire.booter.ForkedBooter.main(ForkedBooter.java:495)
13:35:26.021 [main] DEBUG io.netty.util.ResourceLeakDetector - -Dio.netty.leakDetection.level: simple
13:35:26.021 [main] DEBUG io.netty.util.ResourceLeakDetector - -Dio.netty.leakDetection.targetRecords: 4
13:35:26.022 [main] DEBUG io.netty.util.internal.InternalThreadLocalMap - -Dio.netty.threadLocalMap.stringBuilder.initialSize: 1024
13:35:26.022 [main] DEBUG io.netty.util.internal.InternalThreadLocalMap - -Dio.netty.threadLocalMap.stringBuilder.maxSize: 4096
13:35:26.022 [main] DEBUG io.netty.buffer.PooledByteBufAllocator - -Dio.netty.allocator.numHeapArenas: 0
13:35:26.023 [main] DEBUG io.netty.buffer.PooledByteBufAllocator - -Dio.netty.allocator.numDirectArenas: 2
13:35:26.023 [main] DEBUG io.netty.buffer.PooledByteBufAllocator - -Dio.netty.allocator.pageSize: 8192
13:35:26.023 [main] DEBUG io.netty.buffer.PooledByteBufAllocator - -Dio.netty.allocator.maxOrder: 9
13:35:26.023 [main] DEBUG io.netty.buffer.PooledByteBufAllocator - -Dio.netty.allocator.chunkSize: 4194304
13:35:26.023 [main] DEBUG io.netty.buffer.PooledByteBufAllocator - -Dio.netty.allocator.smallCacheSize: 256
13:35:26.023 [main] DEBUG io.netty.buffer.PooledByteBufAllocator - -Dio.netty.allocator.normalCacheSize: 64
13:35:26.023 [main] DEBUG io.netty.buffer.PooledByteBufAllocator - -Dio.netty.allocator.maxCachedBufferCapacity: 32768
13:35:26.023 [main] DEBUG io.netty.buffer.PooledByteBufAllocator - -Dio.netty.allocator.cacheTrimInterval: 8192
13:35:26.023 [main] DEBUG io.netty.buffer.PooledByteBufAllocator - -Dio.netty.allocator.cacheTrimIntervalMillis: 0
13:35:26.023 [main] DEBUG io.netty.buffer.PooledByteBufAllocator - -Dio.netty.allocator.useCacheForAllThreads: false
13:35:26.023 [main] DEBUG io.netty.buffer.PooledByteBufAllocator - -Dio.netty.allocator.maxCachedByteBuffersPerChunk: 1023
13:35:26.024 [main] DEBUG io.netty.buffer.AbstractByteBuf - -Dio.netty.buffer.checkAccessible: true
13:35:26.024 [main] DEBUG io.netty.buffer.AbstractByteBuf - -Dio.netty.buffer.checkBounds: true
13:35:26.024 [main] DEBUG io.netty.util.ResourceLeakDetectorFactory - Loaded default ResourceLeakDetector: io.netty.util.ResourceLeakDetector@5
13:35:26.024 [main] DEBUG io.netty.util.Recycler - -Dio.netty.recycler.maxCapacityPerThread: 4096
13:35:26.024 [main] DEBUG io.netty.util.Recycler - -Dio.netty.recycler.ratio: 8
13:35:26.024 [main] DEBUG io.netty.util.Recycler - -Dio.netty.recycler.chunkSize: 32
13:35:26.024 [main] DEBUG io.netty.util.Recycler - -Dio.netty.recycler.blocking: false
13:35:26.024 [main] DEBUG io.netty.util.Recycler - -Dio.netty.recycler.batchFastThreadLocalOnly: true
13:35:26.025 [main] DEBUG io.netty.util.internal.PlatformDependent - org.jctools-core.MpscChunkedArrayQueue: available
13:35:26.025 [main] DEBUG io.netty.buffer.ByteBufUtil - -Dio.netty.allocator.type: pooled
13:35:26.026 [main] DEBUG io.netty.buffer.ByteBufUtil - -Dio.netty.threadLocalDirectBufferSize: 0
13:35:26.026 [main] DEBUG io.netty.buffer.ByteBufUtil - -Dio.netty.maxThreadLocalCharBufferSize: 16384
]]></system-out>
  </testcase>
  <testcase name="test09" classname="io.netty.handler.codec.compression.ByteBufChecksum_ESTest" time="0.06">
    <system-out><![CDATA[13:35:26.050 [main] DEBUG io.netty.util.internal.logging.InternalLoggerFactory - Using SLF4J as the default logging framework
13:35:26.051 [main] DEBUG io.netty.util.internal.PlatformDependent0 - -Dio.netty.noUnsafe: false
13:35:26.051 [main] DEBUG io.netty.util.internal.PlatformDependent0 - Java version: 8
13:35:26.051 [main] DEBUG io.netty.util.internal.PlatformDependent0 - sun.misc.Unsafe.theUnsafe: available
13:35:26.051 [main] DEBUG io.netty.util.internal.PlatformDependent0 - sun.misc.Unsafe.copyMemory: available
13:35:26.051 [main] DEBUG io.netty.util.internal.PlatformDependent0 - sun.misc.Unsafe.storeFence: available
13:35:26.051 [main] DEBUG io.netty.util.internal.PlatformDependent0 - java.nio.Buffer.address: available
13:35:26.051 [main] DEBUG io.netty.util.internal.PlatformDependent0 - direct buffer constructor: available
13:35:26.051 [main] DEBUG io.netty.util.internal.PlatformDependent0 - java.nio.Bits.unaligned: available, true
13:35:26.051 [main] DEBUG io.netty.util.internal.PlatformDependent0 - jdk.internal.misc.Unsafe.allocateUninitializedArray(int): unavailable prior to Java9
13:35:26.051 [main] DEBUG io.netty.util.internal.PlatformDependent0 - java.nio.DirectByteBuffer.<init>(long, {int,long}): available
13:35:26.052 [main] DEBUG io.netty.util.internal.CleanerJava6 - java.nio.ByteBuffer.cleaner(): available
13:35:26.052 [main] DEBUG io.netty.util.internal.PlatformDependent - sun.misc.Unsafe: available
13:35:26.052 [main] DEBUG io.netty.util.internal.PlatformDependent - -Dio.netty.tmpdir: /tmp (java.io.tmpdir)
13:35:26.052 [main] DEBUG io.netty.util.internal.PlatformDependent - -Dio.netty.bitMode: 64 (sun.arch.data.model)
13:35:26.052 [main] DEBUG io.netty.util.internal.PlatformDependent - -Dio.netty.maxDirectMemory: 11420041216 bytes
13:35:26.052 [main] DEBUG io.netty.util.internal.PlatformDependent - -Dio.netty.uninitializedArrayAllocationThreshold: -1
13:35:26.052 [main] DEBUG io.netty.util.internal.PlatformDependent - -Dio.netty.noPreferDirect: false
13:35:26.053 [main] DEBUG io.netty.util.internal.CleanerJava9 - java.nio.ByteBuffer.cleaner(): unavailable
java.lang.NoSuchMethodException: sun.misc.Unsafe.invokeCleaner(java.nio.ByteBuffer)
	at java.lang.Class.getDeclaredMethod(Class.java:2130)
	at io.netty.util.internal.CleanerJava9$1.run(CleanerJava9.java:45)
	at java.security.AccessController.doPrivileged(Native Method)
	at io.netty.util.internal.CleanerJava9.__STATIC_RESET(CleanerJava9.java:40)
	at sun.reflect.NativeMethodAccessorImpl.invoke0(Native Method)
	at sun.reflect.NativeMethodAccessorImpl.invoke(NativeMethodAccessorImpl.java:62)
	at sun.reflect.DelegatingMethodAccessorImpl.invoke(DelegatingMethodAccessorImpl.java:43)
	at java.lang.reflect.Method.invoke(Method.java:498)
	at org.evosuite.runtime.classhandling.ClassResetter.reset(ClassResetter.java:159)
	at org.evosuite.runtime.classhandling.ClassStateSupport.resetClasses(ClassStateSupport.java:137)
	at io.netty.handler.codec.compression.ByteBufChecksum_ESTest_scaffolding.resetClasses(ByteBufChecksum_ESTest_scaffolding.java:278)
	at io.netty.handler.codec.compression.ByteBufChecksum_ESTest_scaffolding.doneWithTestCase(ByteBufChecksum_ESTest_scaffolding.java:66)
	at sun.reflect.NativeMethodAccessorImpl.invoke0(Native Method)
	at sun.reflect.NativeMethodAccessorImpl.invoke(NativeMethodAccessorImpl.java:62)
	at sun.reflect.DelegatingMethodAccessorImpl.invoke(DelegatingMethodAccessorImpl.java:43)
	at java.lang.reflect.Method.invoke(Method.java:498)
	at org.junit.runners.model.FrameworkMethod$1.runReflectiveCall(FrameworkMethod.java:59)
	at org.junit.internal.runners.model.ReflectiveCallable.run(ReflectiveCallable.java:12)
	at org.junit.runners.model.FrameworkMethod.invokeExplosively(FrameworkMethod.java:56)
	at org.junit.internal.runners.statements.RunAfters.invokeMethod(RunAfters.java:46)
	at org.junit.internal.runners.statements.RunAfters.evaluate(RunAfters.java:33)
	at org.evosuite.runtime.vnet.NonFunctionalRequirementRule$1.evaluate(NonFunctionalRequirementRule.java:41)
	at org.junit.runners.ParentRunner$3.evaluate(ParentRunner.java:306)
	at org.junit.runners.BlockJUnit4ClassRunner$1.evaluate(BlockJUnit4ClassRunner.java:100)
	at org.junit.runners.ParentRunner.runLeaf(ParentRunner.java:366)
	at org.junit.runners.BlockJUnit4ClassRunner.runChild(BlockJUnit4ClassRunner.java:103)
	at org.junit.runners.BlockJUnit4ClassRunner.runChild(BlockJUnit4ClassRunner.java:63)
	at org.junit.runners.ParentRunner$4.run(ParentRunner.java:331)
	at org.junit.runners.ParentRunner$1.schedule(ParentRunner.java:79)
	at org.junit.runners.ParentRunner.runChildren(ParentRunner.java:329)
	at org.junit.runners.ParentRunner.access$100(ParentRunner.java:66)
	at org.junit.runners.ParentRunner$2.evaluate(ParentRunner.java:293)
	at org.junit.internal.runners.statements.RunBefores.evaluate(RunBefores.java:26)
	at org.junit.internal.runners.statements.RunAfters.evaluate(RunAfters.java:27)
	at org.junit.runners.ParentRunner$3.evaluate(ParentRunner.java:306)
	at org.junit.runners.ParentRunner.run(ParentRunner.java:413)
	at org.apache.maven.surefire.junit4.JUnit4Provider.execute(JUnit4Provider.java:316)
	at org.apache.maven.surefire.junit4.JUnit4Provider.executeWithRerun(JUnit4Provider.java:240)
	at org.apache.maven.surefire.junit4.JUnit4Provider.executeTestSet(JUnit4Provider.java:214)
	at org.apache.maven.surefire.junit4.JUnit4Provider.invoke(JUnit4Provider.java:155)
	at org.apache.maven.surefire.booter.ForkedBooter.runSuitesInProcess(ForkedBooter.java:385)
	at org.apache.maven.surefire.booter.ForkedBooter.execute(ForkedBooter.java:162)
	at org.apache.maven.surefire.booter.ForkedBooter.run(ForkedBooter.java:507)
	at org.apache.maven.surefire.booter.ForkedBooter.main(ForkedBooter.java:495)
13:35:26.054 [main] DEBUG io.netty.util.ResourceLeakDetector - -Dio.netty.leakDetection.level: simple
13:35:26.054 [main] DEBUG io.netty.util.ResourceLeakDetector - -Dio.netty.leakDetection.targetRecords: 4
13:35:26.054 [main] DEBUG io.netty.util.internal.InternalThreadLocalMap - -Dio.netty.threadLocalMap.stringBuilder.initialSize: 1024
13:35:26.054 [main] DEBUG io.netty.util.internal.InternalThreadLocalMap - -Dio.netty.threadLocalMap.stringBuilder.maxSize: 4096
13:35:26.055 [main] DEBUG io.netty.buffer.PooledByteBufAllocator - -Dio.netty.allocator.numHeapArenas: 0
13:35:26.055 [main] DEBUG io.netty.buffer.PooledByteBufAllocator - -Dio.netty.allocator.numDirectArenas: 2
13:35:26.055 [main] DEBUG io.netty.buffer.PooledByteBufAllocator - -Dio.netty.allocator.pageSize: 8192
13:35:26.055 [main] DEBUG io.netty.buffer.PooledByteBufAllocator - -Dio.netty.allocator.maxOrder: 9
13:35:26.055 [main] DEBUG io.netty.buffer.PooledByteBufAllocator - -Dio.netty.allocator.chunkSize: 4194304
13:35:26.055 [main] DEBUG io.netty.buffer.PooledByteBufAllocator - -Dio.netty.allocator.smallCacheSize: 256
13:35:26.055 [main] DEBUG io.netty.buffer.PooledByteBufAllocator - -Dio.netty.allocator.normalCacheSize: 64
13:35:26.055 [main] DEBUG io.netty.buffer.PooledByteBufAllocator - -Dio.netty.allocator.maxCachedBufferCapacity: 32768
13:35:26.055 [main] DEBUG io.netty.buffer.PooledByteBufAllocator - -Dio.netty.allocator.cacheTrimInterval: 8192
13:35:26.055 [main] DEBUG io.netty.buffer.PooledByteBufAllocator - -Dio.netty.allocator.cacheTrimIntervalMillis: 0
13:35:26.055 [main] DEBUG io.netty.buffer.PooledByteBufAllocator - -Dio.netty.allocator.useCacheForAllThreads: false
13:35:26.055 [main] DEBUG io.netty.buffer.PooledByteBufAllocator - -Dio.netty.allocator.maxCachedByteBuffersPerChunk: 1023
13:35:26.055 [main] DEBUG io.netty.buffer.AbstractByteBuf - -Dio.netty.buffer.checkAccessible: true
13:35:26.055 [main] DEBUG io.netty.buffer.AbstractByteBuf - -Dio.netty.buffer.checkBounds: true
13:35:26.055 [main] DEBUG io.netty.util.ResourceLeakDetectorFactory - Loaded default ResourceLeakDetector: io.netty.util.ResourceLeakDetector@5
13:35:26.056 [main] DEBUG io.netty.util.Recycler - -Dio.netty.recycler.maxCapacityPerThread: 4096
13:35:26.056 [main] DEBUG io.netty.util.Recycler - -Dio.netty.recycler.ratio: 8
13:35:26.056 [main] DEBUG io.netty.util.Recycler - -Dio.netty.recycler.chunkSize: 32
13:35:26.056 [main] DEBUG io.netty.util.Recycler - -Dio.netty.recycler.blocking: false
13:35:26.056 [main] DEBUG io.netty.util.Recycler - -Dio.netty.recycler.batchFastThreadLocalOnly: true
13:35:26.056 [main] DEBUG io.netty.util.internal.PlatformDependent - org.jctools-core.MpscChunkedArrayQueue: available
13:35:26.057 [main] DEBUG io.netty.buffer.ByteBufUtil - -Dio.netty.allocator.type: pooled
13:35:26.057 [main] DEBUG io.netty.buffer.ByteBufUtil - -Dio.netty.threadLocalDirectBufferSize: 0
13:35:26.057 [main] DEBUG io.netty.buffer.ByteBufUtil - -Dio.netty.maxThreadLocalCharBufferSize: 16384
]]></system-out>
  </testcase>
  <testcase name="test08" classname="io.netty.handler.codec.compression.ByteBufChecksum_ESTest" time="0.072">
    <system-out><![CDATA[13:35:26.063 [main] INFO org.evosuite.runtime.thread.ThreadStopper - Found new thread
13:35:26.063 [main] DEBUG io.netty.util.internal.logging.InternalLoggerFactory - Using SLF4J as the default logging framework
13:35:26.063 [main] DEBUG io.netty.util.internal.PlatformDependent0 - -Dio.netty.noUnsafe: false
13:35:26.063 [main] DEBUG io.netty.util.internal.PlatformDependent0 - Java version: 8
13:35:26.063 [main] DEBUG io.netty.util.internal.PlatformDependent0 - sun.misc.Unsafe.theUnsafe: available
13:35:26.064 [main] DEBUG io.netty.util.internal.PlatformDependent0 - sun.misc.Unsafe.copyMemory: available
13:35:26.064 [main] DEBUG io.netty.util.internal.PlatformDependent0 - sun.misc.Unsafe.storeFence: available
13:35:26.064 [main] DEBUG io.netty.util.internal.PlatformDependent0 - java.nio.Buffer.address: available
13:35:26.064 [main] DEBUG io.netty.util.internal.PlatformDependent0 - direct buffer constructor: available
13:35:26.064 [main] DEBUG io.netty.util.internal.PlatformDependent0 - java.nio.Bits.unaligned: available, true
13:35:26.064 [main] DEBUG io.netty.util.internal.PlatformDependent0 - jdk.internal.misc.Unsafe.allocateUninitializedArray(int): unavailable prior to Java9
13:35:26.064 [main] DEBUG io.netty.util.internal.PlatformDependent0 - java.nio.DirectByteBuffer.<init>(long, {int,long}): available
13:35:26.064 [main] DEBUG io.netty.util.internal.CleanerJava6 - java.nio.ByteBuffer.cleaner(): available
13:35:26.064 [main] DEBUG io.netty.util.internal.PlatformDependent - sun.misc.Unsafe: available
13:35:26.064 [main] DEBUG io.netty.util.internal.PlatformDependent - -Dio.netty.tmpdir: /tmp (java.io.tmpdir)
13:35:26.064 [main] DEBUG io.netty.util.internal.PlatformDependent - -Dio.netty.bitMode: 64 (sun.arch.data.model)
13:35:26.064 [main] DEBUG io.netty.util.internal.PlatformDependent - -Dio.netty.maxDirectMemory: 11420041216 bytes
13:35:26.064 [main] DEBUG io.netty.util.internal.PlatformDependent - -Dio.netty.uninitializedArrayAllocationThreshold: -1
13:35:26.064 [main] DEBUG io.netty.util.internal.PlatformDependent - -Dio.netty.noPreferDirect: false
13:35:26.065 [main] DEBUG io.netty.util.internal.CleanerJava9 - java.nio.ByteBuffer.cleaner(): unavailable
java.lang.NoSuchMethodException: sun.misc.Unsafe.invokeCleaner(java.nio.ByteBuffer)
	at java.lang.Class.getDeclaredMethod(Class.java:2130)
	at io.netty.util.internal.CleanerJava9$1.run(CleanerJava9.java:45)
	at java.security.AccessController.doPrivileged(Native Method)
	at io.netty.util.internal.CleanerJava9.__STATIC_RESET(CleanerJava9.java:40)
	at sun.reflect.NativeMethodAccessorImpl.invoke0(Native Method)
	at sun.reflect.NativeMethodAccessorImpl.invoke(NativeMethodAccessorImpl.java:62)
	at sun.reflect.DelegatingMethodAccessorImpl.invoke(DelegatingMethodAccessorImpl.java:43)
	at java.lang.reflect.Method.invoke(Method.java:498)
	at org.evosuite.runtime.classhandling.ClassResetter.reset(ClassResetter.java:159)
	at org.evosuite.runtime.classhandling.ClassStateSupport.resetClasses(ClassStateSupport.java:137)
	at io.netty.handler.codec.compression.ByteBufChecksum_ESTest_scaffolding.resetClasses(ByteBufChecksum_ESTest_scaffolding.java:278)
	at io.netty.handler.codec.compression.ByteBufChecksum_ESTest_scaffolding.doneWithTestCase(ByteBufChecksum_ESTest_scaffolding.java:66)
	at sun.reflect.NativeMethodAccessorImpl.invoke0(Native Method)
	at sun.reflect.NativeMethodAccessorImpl.invoke(NativeMethodAccessorImpl.java:62)
	at sun.reflect.DelegatingMethodAccessorImpl.invoke(DelegatingMethodAccessorImpl.java:43)
	at java.lang.reflect.Method.invoke(Method.java:498)
	at org.junit.runners.model.FrameworkMethod$1.runReflectiveCall(FrameworkMethod.java:59)
	at org.junit.internal.runners.model.ReflectiveCallable.run(ReflectiveCallable.java:12)
	at org.junit.runners.model.FrameworkMethod.invokeExplosively(FrameworkMethod.java:56)
	at org.junit.internal.runners.statements.RunAfters.invokeMethod(RunAfters.java:46)
	at org.junit.internal.runners.statements.RunAfters.evaluate(RunAfters.java:33)
	at org.evosuite.runtime.vnet.NonFunctionalRequirementRule$1.evaluate(NonFunctionalRequirementRule.java:41)
	at org.junit.runners.ParentRunner$3.evaluate(ParentRunner.java:306)
	at org.junit.runners.BlockJUnit4ClassRunner$1.evaluate(BlockJUnit4ClassRunner.java:100)
	at org.junit.runners.ParentRunner.runLeaf(ParentRunner.java:366)
	at org.junit.runners.BlockJUnit4ClassRunner.runChild(BlockJUnit4ClassRunner.java:103)
	at org.junit.runners.BlockJUnit4ClassRunner.runChild(BlockJUnit4ClassRunner.java:63)
	at org.junit.runners.ParentRunner$4.run(ParentRunner.java:331)
	at org.junit.runners.ParentRunner$1.schedule(ParentRunner.java:79)
	at org.junit.runners.ParentRunner.runChildren(ParentRunner.java:329)
	at org.junit.runners.ParentRunner.access$100(ParentRunner.java:66)
	at org.junit.runners.ParentRunner$2.evaluate(ParentRunner.java:293)
	at org.junit.internal.runners.statements.RunBefores.evaluate(RunBefores.java:26)
	at org.junit.internal.runners.statements.RunAfters.evaluate(RunAfters.java:27)
	at org.junit.runners.ParentRunner$3.evaluate(ParentRunner.java:306)
	at org.junit.runners.ParentRunner.run(ParentRunner.java:413)
	at org.apache.maven.surefire.junit4.JUnit4Provider.execute(JUnit4Provider.java:316)
	at org.apache.maven.surefire.junit4.JUnit4Provider.executeWithRerun(JUnit4Provider.java:240)
	at org.apache.maven.surefire.junit4.JUnit4Provider.executeTestSet(JUnit4Provider.java:214)
	at org.apache.maven.surefire.junit4.JUnit4Provider.invoke(JUnit4Provider.java:155)
	at org.apache.maven.surefire.booter.ForkedBooter.runSuitesInProcess(ForkedBooter.java:385)
	at org.apache.maven.surefire.booter.ForkedBooter.execute(ForkedBooter.java:162)
	at org.apache.maven.surefire.booter.ForkedBooter.run(ForkedBooter.java:507)
	at org.apache.maven.surefire.booter.ForkedBooter.main(ForkedBooter.java:495)
13:35:26.066 [main] DEBUG io.netty.util.ResourceLeakDetector - -Dio.netty.leakDetection.level: simple
13:35:26.066 [main] DEBUG io.netty.util.ResourceLeakDetector - -Dio.netty.leakDetection.targetRecords: 4
13:35:26.066 [main] DEBUG io.netty.util.internal.InternalThreadLocalMap - -Dio.netty.threadLocalMap.stringBuilder.initialSize: 1024
13:35:26.066 [main] DEBUG io.netty.util.internal.InternalThreadLocalMap - -Dio.netty.threadLocalMap.stringBuilder.maxSize: 4096
13:35:26.067 [main] DEBUG io.netty.buffer.PooledByteBufAllocator - -Dio.netty.allocator.numHeapArenas: 0
13:35:26.067 [main] DEBUG io.netty.buffer.PooledByteBufAllocator - -Dio.netty.allocator.numDirectArenas: 2
13:35:26.067 [main] DEBUG io.netty.buffer.PooledByteBufAllocator - -Dio.netty.allocator.pageSize: 8192
13:35:26.067 [main] DEBUG io.netty.buffer.PooledByteBufAllocator - -Dio.netty.allocator.maxOrder: 9
13:35:26.067 [main] DEBUG io.netty.buffer.PooledByteBufAllocator - -Dio.netty.allocator.chunkSize: 4194304
13:35:26.067 [main] DEBUG io.netty.buffer.PooledByteBufAllocator - -Dio.netty.allocator.smallCacheSize: 256
13:35:26.067 [main] DEBUG io.netty.buffer.PooledByteBufAllocator - -Dio.netty.allocator.normalCacheSize: 64
13:35:26.067 [main] DEBUG io.netty.buffer.PooledByteBufAllocator - -Dio.netty.allocator.maxCachedBufferCapacity: 32768
13:35:26.067 [main] DEBUG io.netty.buffer.PooledByteBufAllocator - -Dio.netty.allocator.cacheTrimInterval: 8192
13:35:26.067 [main] DEBUG io.netty.buffer.PooledByteBufAllocator - -Dio.netty.allocator.cacheTrimIntervalMillis: 0
13:35:26.067 [main] DEBUG io.netty.buffer.PooledByteBufAllocator - -Dio.netty.allocator.useCacheForAllThreads: false
13:35:26.067 [main] DEBUG io.netty.buffer.PooledByteBufAllocator - -Dio.netty.allocator.maxCachedByteBuffersPerChunk: 1023
13:35:26.069 [main] DEBUG io.netty.buffer.AbstractByteBuf - -Dio.netty.buffer.checkAccessible: true
13:35:26.069 [main] DEBUG io.netty.buffer.AbstractByteBuf - -Dio.netty.buffer.checkBounds: true
13:35:26.069 [main] DEBUG io.netty.util.ResourceLeakDetectorFactory - Loaded default ResourceLeakDetector: io.netty.util.ResourceLeakDetector@5
13:35:26.070 [main] DEBUG io.netty.util.Recycler - -Dio.netty.recycler.maxCapacityPerThread: 4096
13:35:26.070 [main] DEBUG io.netty.util.Recycler - -Dio.netty.recycler.ratio: 8
13:35:26.070 [main] DEBUG io.netty.util.Recycler - -Dio.netty.recycler.chunkSize: 32
13:35:26.070 [main] DEBUG io.netty.util.Recycler - -Dio.netty.recycler.blocking: false
13:35:26.070 [main] DEBUG io.netty.util.Recycler - -Dio.netty.recycler.batchFastThreadLocalOnly: true
13:35:26.070 [main] DEBUG io.netty.util.internal.PlatformDependent - org.jctools-core.MpscChunkedArrayQueue: available
13:35:26.075 [main] DEBUG io.netty.buffer.ByteBufUtil - -Dio.netty.allocator.type: pooled
13:35:26.076 [main] DEBUG io.netty.buffer.ByteBufUtil - -Dio.netty.threadLocalDirectBufferSize: 0
13:35:26.076 [main] DEBUG io.netty.buffer.ByteBufUtil - -Dio.netty.maxThreadLocalCharBufferSize: 16384
]]></system-out>
  </testcase>
  <testcase name="test03" classname="io.netty.handler.codec.compression.ByteBufChecksum_ESTest" time="0.055">
    <system-out><![CDATA[13:35:26.092 [main] DEBUG io.netty.util.internal.logging.InternalLoggerFactory - Using SLF4J as the default logging framework
13:35:26.092 [main] DEBUG io.netty.util.internal.PlatformDependent0 - -Dio.netty.noUnsafe: false
13:35:26.092 [main] DEBUG io.netty.util.internal.PlatformDependent0 - Java version: 8
13:35:26.092 [main] DEBUG io.netty.util.internal.PlatformDependent0 - sun.misc.Unsafe.theUnsafe: available
13:35:26.092 [main] DEBUG io.netty.util.internal.PlatformDependent0 - sun.misc.Unsafe.copyMemory: available
13:35:26.092 [main] DEBUG io.netty.util.internal.PlatformDependent0 - sun.misc.Unsafe.storeFence: available
13:35:26.092 [main] DEBUG io.netty.util.internal.PlatformDependent0 - java.nio.Buffer.address: available
13:35:26.093 [main] DEBUG io.netty.util.internal.PlatformDependent0 - direct buffer constructor: available
13:35:26.093 [main] DEBUG io.netty.util.internal.PlatformDependent0 - java.nio.Bits.unaligned: available, true
13:35:26.093 [main] DEBUG io.netty.util.internal.PlatformDependent0 - jdk.internal.misc.Unsafe.allocateUninitializedArray(int): unavailable prior to Java9
13:35:26.093 [main] DEBUG io.netty.util.internal.PlatformDependent0 - java.nio.DirectByteBuffer.<init>(long, {int,long}): available
13:35:26.093 [main] DEBUG io.netty.util.internal.CleanerJava6 - java.nio.ByteBuffer.cleaner(): available
13:35:26.093 [main] DEBUG io.netty.util.internal.PlatformDependent - sun.misc.Unsafe: available
13:35:26.093 [main] DEBUG io.netty.util.internal.PlatformDependent - -Dio.netty.tmpdir: /tmp (java.io.tmpdir)
13:35:26.093 [main] DEBUG io.netty.util.internal.PlatformDependent - -Dio.netty.bitMode: 64 (sun.arch.data.model)
13:35:26.093 [main] DEBUG io.netty.util.internal.PlatformDependent - -Dio.netty.maxDirectMemory: 11420041216 bytes
13:35:26.093 [main] DEBUG io.netty.util.internal.PlatformDependent - -Dio.netty.uninitializedArrayAllocationThreshold: -1
13:35:26.093 [main] DEBUG io.netty.util.internal.PlatformDependent - -Dio.netty.noPreferDirect: false
13:35:26.095 [main] DEBUG io.netty.util.internal.CleanerJava9 - java.nio.ByteBuffer.cleaner(): unavailable
java.lang.NoSuchMethodException: sun.misc.Unsafe.invokeCleaner(java.nio.ByteBuffer)
	at java.lang.Class.getDeclaredMethod(Class.java:2130)
	at io.netty.util.internal.CleanerJava9$1.run(CleanerJava9.java:45)
	at java.security.AccessController.doPrivileged(Native Method)
	at io.netty.util.internal.CleanerJava9.__STATIC_RESET(CleanerJava9.java:40)
	at sun.reflect.NativeMethodAccessorImpl.invoke0(Native Method)
	at sun.reflect.NativeMethodAccessorImpl.invoke(NativeMethodAccessorImpl.java:62)
	at sun.reflect.DelegatingMethodAccessorImpl.invoke(DelegatingMethodAccessorImpl.java:43)
	at java.lang.reflect.Method.invoke(Method.java:498)
	at org.evosuite.runtime.classhandling.ClassResetter.reset(ClassResetter.java:159)
	at org.evosuite.runtime.classhandling.ClassStateSupport.resetClasses(ClassStateSupport.java:137)
	at io.netty.handler.codec.compression.ByteBufChecksum_ESTest_scaffolding.resetClasses(ByteBufChecksum_ESTest_scaffolding.java:278)
	at io.netty.handler.codec.compression.ByteBufChecksum_ESTest_scaffolding.doneWithTestCase(ByteBufChecksum_ESTest_scaffolding.java:66)
	at sun.reflect.NativeMethodAccessorImpl.invoke0(Native Method)
	at sun.reflect.NativeMethodAccessorImpl.invoke(NativeMethodAccessorImpl.java:62)
	at sun.reflect.DelegatingMethodAccessorImpl.invoke(DelegatingMethodAccessorImpl.java:43)
	at java.lang.reflect.Method.invoke(Method.java:498)
	at org.junit.runners.model.FrameworkMethod$1.runReflectiveCall(FrameworkMethod.java:59)
	at org.junit.internal.runners.model.ReflectiveCallable.run(ReflectiveCallable.java:12)
	at org.junit.runners.model.FrameworkMethod.invokeExplosively(FrameworkMethod.java:56)
	at org.junit.internal.runners.statements.RunAfters.invokeMethod(RunAfters.java:46)
	at org.junit.internal.runners.statements.RunAfters.evaluate(RunAfters.java:33)
	at org.evosuite.runtime.vnet.NonFunctionalRequirementRule$1.evaluate(NonFunctionalRequirementRule.java:41)
	at org.junit.runners.ParentRunner$3.evaluate(ParentRunner.java:306)
	at org.junit.runners.BlockJUnit4ClassRunner$1.evaluate(BlockJUnit4ClassRunner.java:100)
	at org.junit.runners.ParentRunner.runLeaf(ParentRunner.java:366)
	at org.junit.runners.BlockJUnit4ClassRunner.runChild(BlockJUnit4ClassRunner.java:103)
	at org.junit.runners.BlockJUnit4ClassRunner.runChild(BlockJUnit4ClassRunner.java:63)
	at org.junit.runners.ParentRunner$4.run(ParentRunner.java:331)
	at org.junit.runners.ParentRunner$1.schedule(ParentRunner.java:79)
	at org.junit.runners.ParentRunner.runChildren(ParentRunner.java:329)
	at org.junit.runners.ParentRunner.access$100(ParentRunner.java:66)
	at org.junit.runners.ParentRunner$2.evaluate(ParentRunner.java:293)
	at org.junit.internal.runners.statements.RunBefores.evaluate(RunBefores.java:26)
	at org.junit.internal.runners.statements.RunAfters.evaluate(RunAfters.java:27)
	at org.junit.runners.ParentRunner$3.evaluate(ParentRunner.java:306)
	at org.junit.runners.ParentRunner.run(ParentRunner.java:413)
	at org.apache.maven.surefire.junit4.JUnit4Provider.execute(JUnit4Provider.java:316)
	at org.apache.maven.surefire.junit4.JUnit4Provider.executeWithRerun(JUnit4Provider.java:240)
	at org.apache.maven.surefire.junit4.JUnit4Provider.executeTestSet(JUnit4Provider.java:214)
	at org.apache.maven.surefire.junit4.JUnit4Provider.invoke(JUnit4Provider.java:155)
	at org.apache.maven.surefire.booter.ForkedBooter.runSuitesInProcess(ForkedBooter.java:385)
	at org.apache.maven.surefire.booter.ForkedBooter.execute(ForkedBooter.java:162)
	at org.apache.maven.surefire.booter.ForkedBooter.run(ForkedBooter.java:507)
	at org.apache.maven.surefire.booter.ForkedBooter.main(ForkedBooter.java:495)
13:35:26.096 [main] DEBUG io.netty.util.ResourceLeakDetector - -Dio.netty.leakDetection.level: simple
13:35:26.096 [main] DEBUG io.netty.util.ResourceLeakDetector - -Dio.netty.leakDetection.targetRecords: 4
13:35:26.097 [main] DEBUG io.netty.util.internal.InternalThreadLocalMap - -Dio.netty.threadLocalMap.stringBuilder.initialSize: 1024
13:35:26.098 [main] DEBUG io.netty.util.internal.InternalThreadLocalMap - -Dio.netty.threadLocalMap.stringBuilder.maxSize: 4096
13:35:26.098 [main] DEBUG io.netty.buffer.PooledByteBufAllocator - -Dio.netty.allocator.numHeapArenas: 0
13:35:26.098 [main] DEBUG io.netty.buffer.PooledByteBufAllocator - -Dio.netty.allocator.numDirectArenas: 2
13:35:26.098 [main] DEBUG io.netty.buffer.PooledByteBufAllocator - -Dio.netty.allocator.pageSize: 8192
13:35:26.098 [main] DEBUG io.netty.buffer.PooledByteBufAllocator - -Dio.netty.allocator.maxOrder: 9
13:35:26.098 [main] DEBUG io.netty.buffer.PooledByteBufAllocator - -Dio.netty.allocator.chunkSize: 4194304
13:35:26.098 [main] DEBUG io.netty.buffer.PooledByteBufAllocator - -Dio.netty.allocator.smallCacheSize: 256
13:35:26.098 [main] DEBUG io.netty.buffer.PooledByteBufAllocator - -Dio.netty.allocator.normalCacheSize: 64
13:35:26.098 [main] DEBUG io.netty.buffer.PooledByteBufAllocator - -Dio.netty.allocator.maxCachedBufferCapacity: 32768
13:35:26.098 [main] DEBUG io.netty.buffer.PooledByteBufAllocator - -Dio.netty.allocator.cacheTrimInterval: 8192
13:35:26.098 [main] DEBUG io.netty.buffer.PooledByteBufAllocator - -Dio.netty.allocator.cacheTrimIntervalMillis: 0
13:35:26.098 [main] DEBUG io.netty.buffer.PooledByteBufAllocator - -Dio.netty.allocator.useCacheForAllThreads: false
13:35:26.098 [main] DEBUG io.netty.buffer.PooledByteBufAllocator - -Dio.netty.allocator.maxCachedByteBuffersPerChunk: 1023
13:35:26.099 [main] DEBUG io.netty.buffer.AbstractByteBuf - -Dio.netty.buffer.checkAccessible: true
13:35:26.099 [main] DEBUG io.netty.buffer.AbstractByteBuf - -Dio.netty.buffer.checkBounds: true
13:35:26.099 [main] DEBUG io.netty.util.ResourceLeakDetectorFactory - Loaded default ResourceLeakDetector: io.netty.util.ResourceLeakDetector@5
13:35:26.100 [main] DEBUG io.netty.util.Recycler - -Dio.netty.recycler.maxCapacityPerThread: 4096
13:35:26.100 [main] DEBUG io.netty.util.Recycler - -Dio.netty.recycler.ratio: 8
13:35:26.100 [main] DEBUG io.netty.util.Recycler - -Dio.netty.recycler.chunkSize: 32
13:35:26.100 [main] DEBUG io.netty.util.Recycler - -Dio.netty.recycler.blocking: false
13:35:26.100 [main] DEBUG io.netty.util.Recycler - -Dio.netty.recycler.batchFastThreadLocalOnly: true
13:35:26.101 [main] DEBUG io.netty.util.internal.PlatformDependent - org.jctools-core.MpscChunkedArrayQueue: available
13:35:26.102 [main] DEBUG io.netty.buffer.ByteBufUtil - -Dio.netty.allocator.type: pooled
13:35:26.102 [main] DEBUG io.netty.buffer.ByteBufUtil - -Dio.netty.threadLocalDirectBufferSize: 0
13:35:26.102 [main] DEBUG io.netty.buffer.ByteBufUtil - -Dio.netty.maxThreadLocalCharBufferSize: 16384
]]></system-out>
  </testcase>
  <testcase name="test14" classname="io.netty.handler.codec.compression.ByteBufChecksum_ESTest" time="0.057">
    <system-out><![CDATA[13:35:26.108 [main] INFO org.evosuite.runtime.thread.ThreadStopper - Found new thread
13:35:26.108 [main] DEBUG io.netty.util.internal.logging.InternalLoggerFactory - Using SLF4J as the default logging framework
13:35:26.108 [main] DEBUG io.netty.util.internal.PlatformDependent0 - -Dio.netty.noUnsafe: false
13:35:26.109 [main] DEBUG io.netty.util.internal.PlatformDependent0 - Java version: 8
13:35:26.109 [main] DEBUG io.netty.util.internal.PlatformDependent0 - sun.misc.Unsafe.theUnsafe: available
13:35:26.109 [main] DEBUG io.netty.util.internal.PlatformDependent0 - sun.misc.Unsafe.copyMemory: available
13:35:26.109 [main] DEBUG io.netty.util.internal.PlatformDependent0 - sun.misc.Unsafe.storeFence: available
13:35:26.109 [main] DEBUG io.netty.util.internal.PlatformDependent0 - java.nio.Buffer.address: available
13:35:26.109 [main] DEBUG io.netty.util.internal.PlatformDependent0 - direct buffer constructor: available
13:35:26.109 [main] DEBUG io.netty.util.internal.PlatformDependent0 - java.nio.Bits.unaligned: available, true
13:35:26.109 [main] DEBUG io.netty.util.internal.PlatformDependent0 - jdk.internal.misc.Unsafe.allocateUninitializedArray(int): unavailable prior to Java9
13:35:26.109 [main] DEBUG io.netty.util.internal.PlatformDependent0 - java.nio.DirectByteBuffer.<init>(long, {int,long}): available
13:35:26.109 [main] DEBUG io.netty.util.internal.CleanerJava6 - java.nio.ByteBuffer.cleaner(): available
13:35:26.109 [main] DEBUG io.netty.util.internal.PlatformDependent - sun.misc.Unsafe: available
13:35:26.109 [main] DEBUG io.netty.util.internal.PlatformDependent - -Dio.netty.tmpdir: /tmp (java.io.tmpdir)
13:35:26.109 [main] DEBUG io.netty.util.internal.PlatformDependent - -Dio.netty.bitMode: 64 (sun.arch.data.model)
13:35:26.110 [main] DEBUG io.netty.util.internal.PlatformDependent - -Dio.netty.maxDirectMemory: 11420041216 bytes
13:35:26.110 [main] DEBUG io.netty.util.internal.PlatformDependent - -Dio.netty.uninitializedArrayAllocationThreshold: -1
13:35:26.110 [main] DEBUG io.netty.util.internal.PlatformDependent - -Dio.netty.noPreferDirect: false
13:35:26.110 [main] DEBUG io.netty.util.internal.CleanerJava9 - java.nio.ByteBuffer.cleaner(): unavailable
java.lang.NoSuchMethodException: sun.misc.Unsafe.invokeCleaner(java.nio.ByteBuffer)
	at java.lang.Class.getDeclaredMethod(Class.java:2130)
	at io.netty.util.internal.CleanerJava9$1.run(CleanerJava9.java:45)
	at java.security.AccessController.doPrivileged(Native Method)
	at io.netty.util.internal.CleanerJava9.__STATIC_RESET(CleanerJava9.java:40)
	at sun.reflect.NativeMethodAccessorImpl.invoke0(Native Method)
	at sun.reflect.NativeMethodAccessorImpl.invoke(NativeMethodAccessorImpl.java:62)
	at sun.reflect.DelegatingMethodAccessorImpl.invoke(DelegatingMethodAccessorImpl.java:43)
	at java.lang.reflect.Method.invoke(Method.java:498)
	at org.evosuite.runtime.classhandling.ClassResetter.reset(ClassResetter.java:159)
	at org.evosuite.runtime.classhandling.ClassStateSupport.resetClasses(ClassStateSupport.java:137)
	at io.netty.handler.codec.compression.ByteBufChecksum_ESTest_scaffolding.resetClasses(ByteBufChecksum_ESTest_scaffolding.java:278)
	at io.netty.handler.codec.compression.ByteBufChecksum_ESTest_scaffolding.doneWithTestCase(ByteBufChecksum_ESTest_scaffolding.java:66)
	at sun.reflect.NativeMethodAccessorImpl.invoke0(Native Method)
	at sun.reflect.NativeMethodAccessorImpl.invoke(NativeMethodAccessorImpl.java:62)
	at sun.reflect.DelegatingMethodAccessorImpl.invoke(DelegatingMethodAccessorImpl.java:43)
	at java.lang.reflect.Method.invoke(Method.java:498)
	at org.junit.runners.model.FrameworkMethod$1.runReflectiveCall(FrameworkMethod.java:59)
	at org.junit.internal.runners.model.ReflectiveCallable.run(ReflectiveCallable.java:12)
	at org.junit.runners.model.FrameworkMethod.invokeExplosively(FrameworkMethod.java:56)
	at org.junit.internal.runners.statements.RunAfters.invokeMethod(RunAfters.java:46)
	at org.junit.internal.runners.statements.RunAfters.evaluate(RunAfters.java:33)
	at org.evosuite.runtime.vnet.NonFunctionalRequirementRule$1.evaluate(NonFunctionalRequirementRule.java:41)
	at org.junit.runners.ParentRunner$3.evaluate(ParentRunner.java:306)
	at org.junit.runners.BlockJUnit4ClassRunner$1.evaluate(BlockJUnit4ClassRunner.java:100)
	at org.junit.runners.ParentRunner.runLeaf(ParentRunner.java:366)
	at org.junit.runners.BlockJUnit4ClassRunner.runChild(BlockJUnit4ClassRunner.java:103)
	at org.junit.runners.BlockJUnit4ClassRunner.runChild(BlockJUnit4ClassRunner.java:63)
	at org.junit.runners.ParentRunner$4.run(ParentRunner.java:331)
	at org.junit.runners.ParentRunner$1.schedule(ParentRunner.java:79)
	at org.junit.runners.ParentRunner.runChildren(ParentRunner.java:329)
	at org.junit.runners.ParentRunner.access$100(ParentRunner.java:66)
	at org.junit.runners.ParentRunner$2.evaluate(ParentRunner.java:293)
	at org.junit.internal.runners.statements.RunBefores.evaluate(RunBefores.java:26)
	at org.junit.internal.runners.statements.RunAfters.evaluate(RunAfters.java:27)
	at org.junit.runners.ParentRunner$3.evaluate(ParentRunner.java:306)
	at org.junit.runners.ParentRunner.run(ParentRunner.java:413)
	at org.apache.maven.surefire.junit4.JUnit4Provider.execute(JUnit4Provider.java:316)
	at org.apache.maven.surefire.junit4.JUnit4Provider.executeWithRerun(JUnit4Provider.java:240)
	at org.apache.maven.surefire.junit4.JUnit4Provider.executeTestSet(JUnit4Provider.java:214)
	at org.apache.maven.surefire.junit4.JUnit4Provider.invoke(JUnit4Provider.java:155)
	at org.apache.maven.surefire.booter.ForkedBooter.runSuitesInProcess(ForkedBooter.java:385)
	at org.apache.maven.surefire.booter.ForkedBooter.execute(ForkedBooter.java:162)
	at org.apache.maven.surefire.booter.ForkedBooter.run(ForkedBooter.java:507)
	at org.apache.maven.surefire.booter.ForkedBooter.main(ForkedBooter.java:495)
13:35:26.112 [main] DEBUG io.netty.util.ResourceLeakDetector - -Dio.netty.leakDetection.level: simple
13:35:26.112 [main] DEBUG io.netty.util.ResourceLeakDetector - -Dio.netty.leakDetection.targetRecords: 4
13:35:26.113 [main] DEBUG io.netty.util.internal.InternalThreadLocalMap - -Dio.netty.threadLocalMap.stringBuilder.initialSize: 1024
13:35:26.113 [main] DEBUG io.netty.util.internal.InternalThreadLocalMap - -Dio.netty.threadLocalMap.stringBuilder.maxSize: 4096
13:35:26.114 [main] DEBUG io.netty.buffer.PooledByteBufAllocator - -Dio.netty.allocator.numHeapArenas: 0
13:35:26.114 [main] DEBUG io.netty.buffer.PooledByteBufAllocator - -Dio.netty.allocator.numDirectArenas: 2
13:35:26.114 [main] DEBUG io.netty.buffer.PooledByteBufAllocator - -Dio.netty.allocator.pageSize: 8192
13:35:26.114 [main] DEBUG io.netty.buffer.PooledByteBufAllocator - -Dio.netty.allocator.maxOrder: 9
13:35:26.114 [main] DEBUG io.netty.buffer.PooledByteBufAllocator - -Dio.netty.allocator.chunkSize: 4194304
13:35:26.114 [main] DEBUG io.netty.buffer.PooledByteBufAllocator - -Dio.netty.allocator.smallCacheSize: 256
13:35:26.114 [main] DEBUG io.netty.buffer.PooledByteBufAllocator - -Dio.netty.allocator.normalCacheSize: 64
13:35:26.114 [main] DEBUG io.netty.buffer.PooledByteBufAllocator - -Dio.netty.allocator.maxCachedBufferCapacity: 32768
13:35:26.114 [main] DEBUG io.netty.buffer.PooledByteBufAllocator - -Dio.netty.allocator.cacheTrimInterval: 8192
13:35:26.114 [main] DEBUG io.netty.buffer.PooledByteBufAllocator - -Dio.netty.allocator.cacheTrimIntervalMillis: 0
13:35:26.114 [main] DEBUG io.netty.buffer.PooledByteBufAllocator - -Dio.netty.allocator.useCacheForAllThreads: false
13:35:26.114 [main] DEBUG io.netty.buffer.PooledByteBufAllocator - -Dio.netty.allocator.maxCachedByteBuffersPerChunk: 1023
13:35:26.115 [main] DEBUG io.netty.buffer.AbstractByteBuf - -Dio.netty.buffer.checkAccessible: true
13:35:26.115 [main] DEBUG io.netty.buffer.AbstractByteBuf - -Dio.netty.buffer.checkBounds: true
13:35:26.115 [main] DEBUG io.netty.util.ResourceLeakDetectorFactory - Loaded default ResourceLeakDetector: io.netty.util.ResourceLeakDetector@5
13:35:26.115 [main] DEBUG io.netty.util.Recycler - -Dio.netty.recycler.maxCapacityPerThread: 4096
13:35:26.115 [main] DEBUG io.netty.util.Recycler - -Dio.netty.recycler.ratio: 8
13:35:26.115 [main] DEBUG io.netty.util.Recycler - -Dio.netty.recycler.chunkSize: 32
13:35:26.116 [main] DEBUG io.netty.util.Recycler - -Dio.netty.recycler.blocking: false
13:35:26.116 [main] DEBUG io.netty.util.Recycler - -Dio.netty.recycler.batchFastThreadLocalOnly: true
13:35:26.116 [main] DEBUG io.netty.util.internal.PlatformDependent - org.jctools-core.MpscChunkedArrayQueue: available
13:35:26.117 [main] DEBUG io.netty.buffer.ByteBufUtil - -Dio.netty.allocator.type: pooled
13:35:26.117 [main] DEBUG io.netty.buffer.ByteBufUtil - -Dio.netty.threadLocalDirectBufferSize: 0
13:35:26.117 [main] DEBUG io.netty.buffer.ByteBufUtil - -Dio.netty.maxThreadLocalCharBufferSize: 16384
]]></system-out>
  </testcase>
  <testcase name="test02" classname="io.netty.handler.codec.compression.ByteBufChecksum_ESTest" time="0.039">
    <system-out><![CDATA[13:35:26.124 [main] INFO org.evosuite.runtime.thread.ThreadStopper - Found new thread
13:35:26.124 [main] DEBUG io.netty.util.internal.logging.InternalLoggerFactory - Using SLF4J as the default logging framework
13:35:26.124 [main] DEBUG io.netty.util.internal.PlatformDependent0 - -Dio.netty.noUnsafe: false
13:35:26.124 [main] DEBUG io.netty.util.internal.PlatformDependent0 - Java version: 8
13:35:26.124 [main] DEBUG io.netty.util.internal.PlatformDependent0 - sun.misc.Unsafe.theUnsafe: available
13:35:26.124 [main] DEBUG io.netty.util.internal.PlatformDependent0 - sun.misc.Unsafe.copyMemory: available
13:35:26.124 [main] DEBUG io.netty.util.internal.PlatformDependent0 - sun.misc.Unsafe.storeFence: available
13:35:26.124 [main] DEBUG io.netty.util.internal.PlatformDependent0 - java.nio.Buffer.address: available
13:35:26.125 [main] DEBUG io.netty.util.internal.PlatformDependent0 - direct buffer constructor: available
13:35:26.125 [main] DEBUG io.netty.util.internal.PlatformDependent0 - java.nio.Bits.unaligned: available, true
13:35:26.125 [main] DEBUG io.netty.util.internal.PlatformDependent0 - jdk.internal.misc.Unsafe.allocateUninitializedArray(int): unavailable prior to Java9
13:35:26.125 [main] DEBUG io.netty.util.internal.PlatformDependent0 - java.nio.DirectByteBuffer.<init>(long, {int,long}): available
13:35:26.125 [main] DEBUG io.netty.util.internal.CleanerJava6 - java.nio.ByteBuffer.cleaner(): available
13:35:26.125 [main] DEBUG io.netty.util.internal.PlatformDependent - sun.misc.Unsafe: available
13:35:26.125 [main] DEBUG io.netty.util.internal.PlatformDependent - -Dio.netty.tmpdir: /tmp (java.io.tmpdir)
13:35:26.125 [main] DEBUG io.netty.util.internal.PlatformDependent - -Dio.netty.bitMode: 64 (sun.arch.data.model)
13:35:26.125 [main] DEBUG io.netty.util.internal.PlatformDependent - -Dio.netty.maxDirectMemory: 11420041216 bytes
13:35:26.125 [main] DEBUG io.netty.util.internal.PlatformDependent - -Dio.netty.uninitializedArrayAllocationThreshold: -1
13:35:26.125 [main] DEBUG io.netty.util.internal.PlatformDependent - -Dio.netty.noPreferDirect: false
13:35:26.126 [main] DEBUG io.netty.util.internal.CleanerJava9 - java.nio.ByteBuffer.cleaner(): unavailable
java.lang.NoSuchMethodException: sun.misc.Unsafe.invokeCleaner(java.nio.ByteBuffer)
	at java.lang.Class.getDeclaredMethod(Class.java:2130)
	at io.netty.util.internal.CleanerJava9$1.run(CleanerJava9.java:45)
	at java.security.AccessController.doPrivileged(Native Method)
	at io.netty.util.internal.CleanerJava9.__STATIC_RESET(CleanerJava9.java:40)
	at sun.reflect.NativeMethodAccessorImpl.invoke0(Native Method)
	at sun.reflect.NativeMethodAccessorImpl.invoke(NativeMethodAccessorImpl.java:62)
	at sun.reflect.DelegatingMethodAccessorImpl.invoke(DelegatingMethodAccessorImpl.java:43)
	at java.lang.reflect.Method.invoke(Method.java:498)
	at org.evosuite.runtime.classhandling.ClassResetter.reset(ClassResetter.java:159)
	at org.evosuite.runtime.classhandling.ClassStateSupport.resetClasses(ClassStateSupport.java:137)
	at io.netty.handler.codec.compression.ByteBufChecksum_ESTest_scaffolding.resetClasses(ByteBufChecksum_ESTest_scaffolding.java:278)
	at io.netty.handler.codec.compression.ByteBufChecksum_ESTest_scaffolding.doneWithTestCase(ByteBufChecksum_ESTest_scaffolding.java:66)
	at sun.reflect.NativeMethodAccessorImpl.invoke0(Native Method)
	at sun.reflect.NativeMethodAccessorImpl.invoke(NativeMethodAccessorImpl.java:62)
	at sun.reflect.DelegatingMethodAccessorImpl.invoke(DelegatingMethodAccessorImpl.java:43)
	at java.lang.reflect.Method.invoke(Method.java:498)
	at org.junit.runners.model.FrameworkMethod$1.runReflectiveCall(FrameworkMethod.java:59)
	at org.junit.internal.runners.model.ReflectiveCallable.run(ReflectiveCallable.java:12)
	at org.junit.runners.model.FrameworkMethod.invokeExplosively(FrameworkMethod.java:56)
	at org.junit.internal.runners.statements.RunAfters.invokeMethod(RunAfters.java:46)
	at org.junit.internal.runners.statements.RunAfters.evaluate(RunAfters.java:33)
	at org.evosuite.runtime.vnet.NonFunctionalRequirementRule$1.evaluate(NonFunctionalRequirementRule.java:41)
	at org.junit.runners.ParentRunner$3.evaluate(ParentRunner.java:306)
	at org.junit.runners.BlockJUnit4ClassRunner$1.evaluate(BlockJUnit4ClassRunner.java:100)
	at org.junit.runners.ParentRunner.runLeaf(ParentRunner.java:366)
	at org.junit.runners.BlockJUnit4ClassRunner.runChild(BlockJUnit4ClassRunner.java:103)
	at org.junit.runners.BlockJUnit4ClassRunner.runChild(BlockJUnit4ClassRunner.java:63)
	at org.junit.runners.ParentRunner$4.run(ParentRunner.java:331)
	at org.junit.runners.ParentRunner$1.schedule(ParentRunner.java:79)
	at org.junit.runners.ParentRunner.runChildren(ParentRunner.java:329)
	at org.junit.runners.ParentRunner.access$100(ParentRunner.java:66)
	at org.junit.runners.ParentRunner$2.evaluate(ParentRunner.java:293)
	at org.junit.internal.runners.statements.RunBefores.evaluate(RunBefores.java:26)
	at org.junit.internal.runners.statements.RunAfters.evaluate(RunAfters.java:27)
	at org.junit.runners.ParentRunner$3.evaluate(ParentRunner.java:306)
	at org.junit.runners.ParentRunner.run(ParentRunner.java:413)
	at org.apache.maven.surefire.junit4.JUnit4Provider.execute(JUnit4Provider.java:316)
	at org.apache.maven.surefire.junit4.JUnit4Provider.executeWithRerun(JUnit4Provider.java:240)
	at org.apache.maven.surefire.junit4.JUnit4Provider.executeTestSet(JUnit4Provider.java:214)
	at org.apache.maven.surefire.junit4.JUnit4Provider.invoke(JUnit4Provider.java:155)
	at org.apache.maven.surefire.booter.ForkedBooter.runSuitesInProcess(ForkedBooter.java:385)
	at org.apache.maven.surefire.booter.ForkedBooter.execute(ForkedBooter.java:162)
	at org.apache.maven.surefire.booter.ForkedBooter.run(ForkedBooter.java:507)
	at org.apache.maven.surefire.booter.ForkedBooter.main(ForkedBooter.java:495)
13:35:26.127 [main] DEBUG io.netty.util.ResourceLeakDetector - -Dio.netty.leakDetection.level: simple
13:35:26.127 [main] DEBUG io.netty.util.ResourceLeakDetector - -Dio.netty.leakDetection.targetRecords: 4
13:35:26.128 [main] DEBUG io.netty.util.internal.InternalThreadLocalMap - -Dio.netty.threadLocalMap.stringBuilder.initialSize: 1024
13:35:26.128 [main] DEBUG io.netty.util.internal.InternalThreadLocalMap - -Dio.netty.threadLocalMap.stringBuilder.maxSize: 4096
13:35:26.128 [main] DEBUG io.netty.buffer.PooledByteBufAllocator - -Dio.netty.allocator.numHeapArenas: 0
13:35:26.128 [main] DEBUG io.netty.buffer.PooledByteBufAllocator - -Dio.netty.allocator.numDirectArenas: 2
13:35:26.128 [main] DEBUG io.netty.buffer.PooledByteBufAllocator - -Dio.netty.allocator.pageSize: 8192
13:35:26.128 [main] DEBUG io.netty.buffer.PooledByteBufAllocator - -Dio.netty.allocator.maxOrder: 9
13:35:26.128 [main] DEBUG io.netty.buffer.PooledByteBufAllocator - -Dio.netty.allocator.chunkSize: 4194304
13:35:26.128 [main] DEBUG io.netty.buffer.PooledByteBufAllocator - -Dio.netty.allocator.smallCacheSize: 256
13:35:26.128 [main] DEBUG io.netty.buffer.PooledByteBufAllocator - -Dio.netty.allocator.normalCacheSize: 64
13:35:26.128 [main] DEBUG io.netty.buffer.PooledByteBufAllocator - -Dio.netty.allocator.maxCachedBufferCapacity: 32768
13:35:26.128 [main] DEBUG io.netty.buffer.PooledByteBufAllocator - -Dio.netty.allocator.cacheTrimInterval: 8192
13:35:26.128 [main] DEBUG io.netty.buffer.PooledByteBufAllocator - -Dio.netty.allocator.cacheTrimIntervalMillis: 0
13:35:26.128 [main] DEBUG io.netty.buffer.PooledByteBufAllocator - -Dio.netty.allocator.useCacheForAllThreads: false
13:35:26.128 [main] DEBUG io.netty.buffer.PooledByteBufAllocator - -Dio.netty.allocator.maxCachedByteBuffersPerChunk: 1023
13:35:26.129 [main] DEBUG io.netty.buffer.AbstractByteBuf - -Dio.netty.buffer.checkAccessible: true
13:35:26.129 [main] DEBUG io.netty.buffer.AbstractByteBuf - -Dio.netty.buffer.checkBounds: true
13:35:26.129 [main] DEBUG io.netty.util.ResourceLeakDetectorFactory - Loaded default ResourceLeakDetector: io.netty.util.ResourceLeakDetector@5
13:35:26.130 [main] DEBUG io.netty.util.Recycler - -Dio.netty.recycler.maxCapacityPerThread: 4096
13:35:26.130 [main] DEBUG io.netty.util.Recycler - -Dio.netty.recycler.ratio: 8
13:35:26.130 [main] DEBUG io.netty.util.Recycler - -Dio.netty.recycler.chunkSize: 32
13:35:26.130 [main] DEBUG io.netty.util.Recycler - -Dio.netty.recycler.blocking: false
13:35:26.130 [main] DEBUG io.netty.util.Recycler - -Dio.netty.recycler.batchFastThreadLocalOnly: true
13:35:26.131 [main] DEBUG io.netty.util.internal.PlatformDependent - org.jctools-core.MpscChunkedArrayQueue: available
13:35:26.132 [main] DEBUG io.netty.buffer.ByteBufUtil - -Dio.netty.allocator.type: pooled
13:35:26.133 [main] DEBUG io.netty.buffer.ByteBufUtil - -Dio.netty.threadLocalDirectBufferSize: 0
13:35:26.133 [main] DEBUG io.netty.buffer.ByteBufUtil - -Dio.netty.maxThreadLocalCharBufferSize: 16384
]]></system-out>
  </testcase>
  <testcase name="test13" classname="io.netty.handler.codec.compression.ByteBufChecksum_ESTest" time="0.032">
    <system-out><![CDATA[13:35:26.142 [main] DEBUG io.netty.util.internal.logging.InternalLoggerFactory - Using SLF4J as the default logging framework
13:35:26.142 [main] DEBUG io.netty.util.internal.PlatformDependent0 - -Dio.netty.noUnsafe: false
13:35:26.142 [main] DEBUG io.netty.util.internal.PlatformDependent0 - Java version: 8
13:35:26.142 [main] DEBUG io.netty.util.internal.PlatformDependent0 - sun.misc.Unsafe.theUnsafe: available
13:35:26.142 [main] DEBUG io.netty.util.internal.PlatformDependent0 - sun.misc.Unsafe.copyMemory: available
13:35:26.142 [main] DEBUG io.netty.util.internal.PlatformDependent0 - sun.misc.Unsafe.storeFence: available
13:35:26.142 [main] DEBUG io.netty.util.internal.PlatformDependent0 - java.nio.Buffer.address: available
13:35:26.143 [main] DEBUG io.netty.util.internal.PlatformDependent0 - direct buffer constructor: available
13:35:26.143 [main] DEBUG io.netty.util.internal.PlatformDependent0 - java.nio.Bits.unaligned: available, true
13:35:26.143 [main] DEBUG io.netty.util.internal.PlatformDependent0 - jdk.internal.misc.Unsafe.allocateUninitializedArray(int): unavailable prior to Java9
13:35:26.143 [main] DEBUG io.netty.util.internal.PlatformDependent0 - java.nio.DirectByteBuffer.<init>(long, {int,long}): available
13:35:26.143 [main] DEBUG io.netty.util.internal.CleanerJava6 - java.nio.ByteBuffer.cleaner(): available
13:35:26.143 [main] DEBUG io.netty.util.internal.PlatformDependent - sun.misc.Unsafe: available
13:35:26.143 [main] DEBUG io.netty.util.internal.PlatformDependent - -Dio.netty.tmpdir: /tmp (java.io.tmpdir)
13:35:26.143 [main] DEBUG io.netty.util.internal.PlatformDependent - -Dio.netty.bitMode: 64 (sun.arch.data.model)
13:35:26.144 [main] DEBUG io.netty.util.internal.PlatformDependent - -Dio.netty.maxDirectMemory: 11420041216 bytes
13:35:26.144 [main] DEBUG io.netty.util.internal.PlatformDependent - -Dio.netty.uninitializedArrayAllocationThreshold: -1
13:35:26.144 [main] DEBUG io.netty.util.internal.PlatformDependent - -Dio.netty.noPreferDirect: false
13:35:26.144 [main] DEBUG io.netty.util.internal.CleanerJava9 - java.nio.ByteBuffer.cleaner(): unavailable
java.lang.NoSuchMethodException: sun.misc.Unsafe.invokeCleaner(java.nio.ByteBuffer)
	at java.lang.Class.getDeclaredMethod(Class.java:2130)
	at io.netty.util.internal.CleanerJava9$1.run(CleanerJava9.java:45)
	at java.security.AccessController.doPrivileged(Native Method)
	at io.netty.util.internal.CleanerJava9.__STATIC_RESET(CleanerJava9.java:40)
	at sun.reflect.NativeMethodAccessorImpl.invoke0(Native Method)
	at sun.reflect.NativeMethodAccessorImpl.invoke(NativeMethodAccessorImpl.java:62)
	at sun.reflect.DelegatingMethodAccessorImpl.invoke(DelegatingMethodAccessorImpl.java:43)
	at java.lang.reflect.Method.invoke(Method.java:498)
	at org.evosuite.runtime.classhandling.ClassResetter.reset(ClassResetter.java:159)
	at org.evosuite.runtime.classhandling.ClassStateSupport.resetClasses(ClassStateSupport.java:137)
	at io.netty.handler.codec.compression.ByteBufChecksum_ESTest_scaffolding.resetClasses(ByteBufChecksum_ESTest_scaffolding.java:278)
	at io.netty.handler.codec.compression.ByteBufChecksum_ESTest_scaffolding.doneWithTestCase(ByteBufChecksum_ESTest_scaffolding.java:66)
	at sun.reflect.NativeMethodAccessorImpl.invoke0(Native Method)
	at sun.reflect.NativeMethodAccessorImpl.invoke(NativeMethodAccessorImpl.java:62)
	at sun.reflect.DelegatingMethodAccessorImpl.invoke(DelegatingMethodAccessorImpl.java:43)
	at java.lang.reflect.Method.invoke(Method.java:498)
	at org.junit.runners.model.FrameworkMethod$1.runReflectiveCall(FrameworkMethod.java:59)
	at org.junit.internal.runners.model.ReflectiveCallable.run(ReflectiveCallable.java:12)
	at org.junit.runners.model.FrameworkMethod.invokeExplosively(FrameworkMethod.java:56)
	at org.junit.internal.runners.statements.RunAfters.invokeMethod(RunAfters.java:46)
	at org.junit.internal.runners.statements.RunAfters.evaluate(RunAfters.java:33)
	at org.evosuite.runtime.vnet.NonFunctionalRequirementRule$1.evaluate(NonFunctionalRequirementRule.java:41)
	at org.junit.runners.ParentRunner$3.evaluate(ParentRunner.java:306)
	at org.junit.runners.BlockJUnit4ClassRunner$1.evaluate(BlockJUnit4ClassRunner.java:100)
	at org.junit.runners.ParentRunner.runLeaf(ParentRunner.java:366)
	at org.junit.runners.BlockJUnit4ClassRunner.runChild(BlockJUnit4ClassRunner.java:103)
	at org.junit.runners.BlockJUnit4ClassRunner.runChild(BlockJUnit4ClassRunner.java:63)
	at org.junit.runners.ParentRunner$4.run(ParentRunner.java:331)
	at org.junit.runners.ParentRunner$1.schedule(ParentRunner.java:79)
	at org.junit.runners.ParentRunner.runChildren(ParentRunner.java:329)
	at org.junit.runners.ParentRunner.access$100(ParentRunner.java:66)
	at org.junit.runners.ParentRunner$2.evaluate(ParentRunner.java:293)
	at org.junit.internal.runners.statements.RunBefores.evaluate(RunBefores.java:26)
	at org.junit.internal.runners.statements.RunAfters.evaluate(RunAfters.java:27)
	at org.junit.runners.ParentRunner$3.evaluate(ParentRunner.java:306)
	at org.junit.runners.ParentRunner.run(ParentRunner.java:413)
	at org.apache.maven.surefire.junit4.JUnit4Provider.execute(JUnit4Provider.java:316)
	at org.apache.maven.surefire.junit4.JUnit4Provider.executeWithRerun(JUnit4Provider.java:240)
	at org.apache.maven.surefire.junit4.JUnit4Provider.executeTestSet(JUnit4Provider.java:214)
	at org.apache.maven.surefire.junit4.JUnit4Provider.invoke(JUnit4Provider.java:155)
	at org.apache.maven.surefire.booter.ForkedBooter.runSuitesInProcess(ForkedBooter.java:385)
	at org.apache.maven.surefire.booter.ForkedBooter.execute(ForkedBooter.java:162)
	at org.apache.maven.surefire.booter.ForkedBooter.run(ForkedBooter.java:507)
	at org.apache.maven.surefire.booter.ForkedBooter.main(ForkedBooter.java:495)
13:35:26.145 [main] DEBUG io.netty.util.ResourceLeakDetector - -Dio.netty.leakDetection.level: simple
13:35:26.145 [main] DEBUG io.netty.util.ResourceLeakDetector - -Dio.netty.leakDetection.targetRecords: 4
13:35:26.146 [main] DEBUG io.netty.util.internal.InternalThreadLocalMap - -Dio.netty.threadLocalMap.stringBuilder.initialSize: 1024
13:35:26.146 [main] DEBUG io.netty.util.internal.InternalThreadLocalMap - -Dio.netty.threadLocalMap.stringBuilder.maxSize: 4096
13:35:26.146 [main] DEBUG io.netty.buffer.PooledByteBufAllocator - -Dio.netty.allocator.numHeapArenas: 0
13:35:26.146 [main] DEBUG io.netty.buffer.PooledByteBufAllocator - -Dio.netty.allocator.numDirectArenas: 2
13:35:26.146 [main] DEBUG io.netty.buffer.PooledByteBufAllocator - -Dio.netty.allocator.pageSize: 8192
13:35:26.146 [main] DEBUG io.netty.buffer.PooledByteBufAllocator - -Dio.netty.allocator.maxOrder: 9
13:35:26.146 [main] DEBUG io.netty.buffer.PooledByteBufAllocator - -Dio.netty.allocator.chunkSize: 4194304
13:35:26.146 [main] DEBUG io.netty.buffer.PooledByteBufAllocator - -Dio.netty.allocator.smallCacheSize: 256
13:35:26.146 [main] DEBUG io.netty.buffer.PooledByteBufAllocator - -Dio.netty.allocator.normalCacheSize: 64
13:35:26.146 [main] DEBUG io.netty.buffer.PooledByteBufAllocator - -Dio.netty.allocator.maxCachedBufferCapacity: 32768
13:35:26.146 [main] DEBUG io.netty.buffer.PooledByteBufAllocator - -Dio.netty.allocator.cacheTrimInterval: 8192
13:35:26.146 [main] DEBUG io.netty.buffer.PooledByteBufAllocator - -Dio.netty.allocator.cacheTrimIntervalMillis: 0
13:35:26.146 [main] DEBUG io.netty.buffer.PooledByteBufAllocator - -Dio.netty.allocator.useCacheForAllThreads: false
13:35:26.146 [main] DEBUG io.netty.buffer.PooledByteBufAllocator - -Dio.netty.allocator.maxCachedByteBuffersPerChunk: 1023
13:35:26.146 [main] DEBUG io.netty.buffer.AbstractByteBuf - -Dio.netty.buffer.checkAccessible: true
13:35:26.146 [main] DEBUG io.netty.buffer.AbstractByteBuf - -Dio.netty.buffer.checkBounds: true
13:35:26.147 [main] DEBUG io.netty.util.ResourceLeakDetectorFactory - Loaded default ResourceLeakDetector: io.netty.util.ResourceLeakDetector@5
13:35:26.147 [main] DEBUG io.netty.util.Recycler - -Dio.netty.recycler.maxCapacityPerThread: 4096
13:35:26.147 [main] DEBUG io.netty.util.Recycler - -Dio.netty.recycler.ratio: 8
13:35:26.147 [main] DEBUG io.netty.util.Recycler - -Dio.netty.recycler.chunkSize: 32
13:35:26.147 [main] DEBUG io.netty.util.Recycler - -Dio.netty.recycler.blocking: false
13:35:26.147 [main] DEBUG io.netty.util.Recycler - -Dio.netty.recycler.batchFastThreadLocalOnly: true
13:35:26.147 [main] DEBUG io.netty.util.internal.PlatformDependent - org.jctools-core.MpscChunkedArrayQueue: available
13:35:26.148 [main] DEBUG io.netty.buffer.ByteBufUtil - -Dio.netty.allocator.type: pooled
13:35:26.148 [main] DEBUG io.netty.buffer.ByteBufUtil - -Dio.netty.threadLocalDirectBufferSize: 0
13:35:26.148 [main] DEBUG io.netty.buffer.ByteBufUtil - -Dio.netty.maxThreadLocalCharBufferSize: 16384
]]></system-out>
  </testcase>
  <testcase name="test05" classname="io.netty.handler.codec.compression.ByteBufChecksum_ESTest" time="0.036">
    <system-out><![CDATA[13:35:26.159 [main] INFO org.evosuite.runtime.thread.ThreadStopper - Found new thread
13:35:26.159 [main] DEBUG io.netty.util.internal.logging.InternalLoggerFactory - Using SLF4J as the default logging framework
13:35:26.160 [main] DEBUG io.netty.util.internal.PlatformDependent0 - -Dio.netty.noUnsafe: false
13:35:26.160 [main] DEBUG io.netty.util.internal.PlatformDependent0 - Java version: 8
13:35:26.160 [main] DEBUG io.netty.util.internal.PlatformDependent0 - sun.misc.Unsafe.theUnsafe: available
13:35:26.160 [main] DEBUG io.netty.util.internal.PlatformDependent0 - sun.misc.Unsafe.copyMemory: available
13:35:26.160 [main] DEBUG io.netty.util.internal.PlatformDependent0 - sun.misc.Unsafe.storeFence: available
13:35:26.160 [main] DEBUG io.netty.util.internal.PlatformDependent0 - java.nio.Buffer.address: available
13:35:26.160 [main] DEBUG io.netty.util.internal.PlatformDependent0 - direct buffer constructor: available
13:35:26.160 [main] DEBUG io.netty.util.internal.PlatformDependent0 - java.nio.Bits.unaligned: available, true
13:35:26.160 [main] DEBUG io.netty.util.internal.PlatformDependent0 - jdk.internal.misc.Unsafe.allocateUninitializedArray(int): unavailable prior to Java9
13:35:26.160 [main] DEBUG io.netty.util.internal.PlatformDependent0 - java.nio.DirectByteBuffer.<init>(long, {int,long}): available
13:35:26.161 [main] DEBUG io.netty.util.internal.CleanerJava6 - java.nio.ByteBuffer.cleaner(): available
13:35:26.161 [main] DEBUG io.netty.util.internal.PlatformDependent - sun.misc.Unsafe: available
13:35:26.161 [main] DEBUG io.netty.util.internal.PlatformDependent - -Dio.netty.tmpdir: /tmp (java.io.tmpdir)
13:35:26.161 [main] DEBUG io.netty.util.internal.PlatformDependent - -Dio.netty.bitMode: 64 (sun.arch.data.model)
13:35:26.161 [main] DEBUG io.netty.util.internal.PlatformDependent - -Dio.netty.maxDirectMemory: 11420041216 bytes
13:35:26.161 [main] DEBUG io.netty.util.internal.PlatformDependent - -Dio.netty.uninitializedArrayAllocationThreshold: -1
13:35:26.161 [main] DEBUG io.netty.util.internal.PlatformDependent - -Dio.netty.noPreferDirect: false
13:35:26.162 [main] DEBUG io.netty.util.internal.CleanerJava9 - java.nio.ByteBuffer.cleaner(): unavailable
java.lang.NoSuchMethodException: sun.misc.Unsafe.invokeCleaner(java.nio.ByteBuffer)
	at java.lang.Class.getDeclaredMethod(Class.java:2130)
	at io.netty.util.internal.CleanerJava9$1.run(CleanerJava9.java:45)
	at java.security.AccessController.doPrivileged(Native Method)
	at io.netty.util.internal.CleanerJava9.__STATIC_RESET(CleanerJava9.java:40)
	at sun.reflect.NativeMethodAccessorImpl.invoke0(Native Method)
	at sun.reflect.NativeMethodAccessorImpl.invoke(NativeMethodAccessorImpl.java:62)
	at sun.reflect.DelegatingMethodAccessorImpl.invoke(DelegatingMethodAccessorImpl.java:43)
	at java.lang.reflect.Method.invoke(Method.java:498)
	at org.evosuite.runtime.classhandling.ClassResetter.reset(ClassResetter.java:159)
	at org.evosuite.runtime.classhandling.ClassStateSupport.resetClasses(ClassStateSupport.java:137)
	at io.netty.handler.codec.compression.ByteBufChecksum_ESTest_scaffolding.resetClasses(ByteBufChecksum_ESTest_scaffolding.java:278)
	at io.netty.handler.codec.compression.ByteBufChecksum_ESTest_scaffolding.doneWithTestCase(ByteBufChecksum_ESTest_scaffolding.java:66)
	at sun.reflect.NativeMethodAccessorImpl.invoke0(Native Method)
	at sun.reflect.NativeMethodAccessorImpl.invoke(NativeMethodAccessorImpl.java:62)
	at sun.reflect.DelegatingMethodAccessorImpl.invoke(DelegatingMethodAccessorImpl.java:43)
	at java.lang.reflect.Method.invoke(Method.java:498)
	at org.junit.runners.model.FrameworkMethod$1.runReflectiveCall(FrameworkMethod.java:59)
	at org.junit.internal.runners.model.ReflectiveCallable.run(ReflectiveCallable.java:12)
	at org.junit.runners.model.FrameworkMethod.invokeExplosively(FrameworkMethod.java:56)
	at org.junit.internal.runners.statements.RunAfters.invokeMethod(RunAfters.java:46)
	at org.junit.internal.runners.statements.RunAfters.evaluate(RunAfters.java:33)
	at org.evosuite.runtime.vnet.NonFunctionalRequirementRule$1.evaluate(NonFunctionalRequirementRule.java:41)
	at org.junit.runners.ParentRunner$3.evaluate(ParentRunner.java:306)
	at org.junit.runners.BlockJUnit4ClassRunner$1.evaluate(BlockJUnit4ClassRunner.java:100)
	at org.junit.runners.ParentRunner.runLeaf(ParentRunner.java:366)
	at org.junit.runners.BlockJUnit4ClassRunner.runChild(BlockJUnit4ClassRunner.java:103)
	at org.junit.runners.BlockJUnit4ClassRunner.runChild(BlockJUnit4ClassRunner.java:63)
	at org.junit.runners.ParentRunner$4.run(ParentRunner.java:331)
	at org.junit.runners.ParentRunner$1.schedule(ParentRunner.java:79)
	at org.junit.runners.ParentRunner.runChildren(ParentRunner.java:329)
	at org.junit.runners.ParentRunner.access$100(ParentRunner.java:66)
	at org.junit.runners.ParentRunner$2.evaluate(ParentRunner.java:293)
	at org.junit.internal.runners.statements.RunBefores.evaluate(RunBefores.java:26)
	at org.junit.internal.runners.statements.RunAfters.evaluate(RunAfters.java:27)
	at org.junit.runners.ParentRunner$3.evaluate(ParentRunner.java:306)
	at org.junit.runners.ParentRunner.run(ParentRunner.java:413)
	at org.apache.maven.surefire.junit4.JUnit4Provider.execute(JUnit4Provider.java:316)
	at org.apache.maven.surefire.junit4.JUnit4Provider.executeWithRerun(JUnit4Provider.java:240)
	at org.apache.maven.surefire.junit4.JUnit4Provider.executeTestSet(JUnit4Provider.java:214)
	at org.apache.maven.surefire.junit4.JUnit4Provider.invoke(JUnit4Provider.java:155)
	at org.apache.maven.surefire.booter.ForkedBooter.runSuitesInProcess(ForkedBooter.java:385)
	at org.apache.maven.surefire.booter.ForkedBooter.execute(ForkedBooter.java:162)
	at org.apache.maven.surefire.booter.ForkedBooter.run(ForkedBooter.java:507)
	at org.apache.maven.surefire.booter.ForkedBooter.main(ForkedBooter.java:495)
13:35:26.163 [main] DEBUG io.netty.util.ResourceLeakDetector - -Dio.netty.leakDetection.level: simple
13:35:26.164 [main] DEBUG io.netty.util.ResourceLeakDetector - -Dio.netty.leakDetection.targetRecords: 4
13:35:26.164 [main] DEBUG io.netty.util.internal.InternalThreadLocalMap - -Dio.netty.threadLocalMap.stringBuilder.initialSize: 1024
13:35:26.164 [main] DEBUG io.netty.util.internal.InternalThreadLocalMap - -Dio.netty.threadLocalMap.stringBuilder.maxSize: 4096
13:35:26.165 [main] DEBUG io.netty.buffer.PooledByteBufAllocator - -Dio.netty.allocator.numHeapArenas: 0
13:35:26.165 [main] DEBUG io.netty.buffer.PooledByteBufAllocator - -Dio.netty.allocator.numDirectArenas: 2
13:35:26.165 [main] DEBUG io.netty.buffer.PooledByteBufAllocator - -Dio.netty.allocator.pageSize: 8192
13:35:26.165 [main] DEBUG io.netty.buffer.PooledByteBufAllocator - -Dio.netty.allocator.maxOrder: 9
13:35:26.165 [main] DEBUG io.netty.buffer.PooledByteBufAllocator - -Dio.netty.allocator.chunkSize: 4194304
13:35:26.165 [main] DEBUG io.netty.buffer.PooledByteBufAllocator - -Dio.netty.allocator.smallCacheSize: 256
13:35:26.165 [main] DEBUG io.netty.buffer.PooledByteBufAllocator - -Dio.netty.allocator.normalCacheSize: 64
13:35:26.165 [main] DEBUG io.netty.buffer.PooledByteBufAllocator - -Dio.netty.allocator.maxCachedBufferCapacity: 32768
13:35:26.165 [main] DEBUG io.netty.buffer.PooledByteBufAllocator - -Dio.netty.allocator.cacheTrimInterval: 8192
13:35:26.165 [main] DEBUG io.netty.buffer.PooledByteBufAllocator - -Dio.netty.allocator.cacheTrimIntervalMillis: 0
13:35:26.165 [main] DEBUG io.netty.buffer.PooledByteBufAllocator - -Dio.netty.allocator.useCacheForAllThreads: false
13:35:26.165 [main] DEBUG io.netty.buffer.PooledByteBufAllocator - -Dio.netty.allocator.maxCachedByteBuffersPerChunk: 1023
13:35:26.166 [main] DEBUG io.netty.buffer.AbstractByteBuf - -Dio.netty.buffer.checkAccessible: true
13:35:26.166 [main] DEBUG io.netty.buffer.AbstractByteBuf - -Dio.netty.buffer.checkBounds: true
13:35:26.166 [main] DEBUG io.netty.util.ResourceLeakDetectorFactory - Loaded default ResourceLeakDetector: io.netty.util.ResourceLeakDetector@5
13:35:26.166 [main] DEBUG io.netty.util.Recycler - -Dio.netty.recycler.maxCapacityPerThread: 4096
13:35:26.166 [main] DEBUG io.netty.util.Recycler - -Dio.netty.recycler.ratio: 8
13:35:26.166 [main] DEBUG io.netty.util.Recycler - -Dio.netty.recycler.chunkSize: 32
13:35:26.166 [main] DEBUG io.netty.util.Recycler - -Dio.netty.recycler.blocking: false
13:35:26.166 [main] DEBUG io.netty.util.Recycler - -Dio.netty.recycler.batchFastThreadLocalOnly: true
13:35:26.167 [main] DEBUG io.netty.util.internal.PlatformDependent - org.jctools-core.MpscChunkedArrayQueue: available
13:35:26.168 [main] DEBUG io.netty.buffer.ByteBufUtil - -Dio.netty.allocator.type: pooled
13:35:26.168 [main] DEBUG io.netty.buffer.ByteBufUtil - -Dio.netty.threadLocalDirectBufferSize: 0
13:35:26.168 [main] DEBUG io.netty.buffer.ByteBufUtil - -Dio.netty.maxThreadLocalCharBufferSize: 16384
]]></system-out>
  </testcase>
  <testcase name="test16" classname="io.netty.handler.codec.compression.ByteBufChecksum_ESTest" time="0.035">
    <system-out><![CDATA[13:35:26.180 [main] INFO org.evosuite.runtime.thread.ThreadStopper - Found new thread
13:35:26.181 [main] DEBUG io.netty.util.internal.logging.InternalLoggerFactory - Using SLF4J as the default logging framework
13:35:26.181 [main] DEBUG io.netty.util.internal.PlatformDependent0 - -Dio.netty.noUnsafe: false
13:35:26.181 [main] DEBUG io.netty.util.internal.PlatformDependent0 - Java version: 8
13:35:26.181 [main] DEBUG io.netty.util.internal.PlatformDependent0 - sun.misc.Unsafe.theUnsafe: available
13:35:26.181 [main] DEBUG io.netty.util.internal.PlatformDependent0 - sun.misc.Unsafe.copyMemory: available
13:35:26.181 [main] DEBUG io.netty.util.internal.PlatformDependent0 - sun.misc.Unsafe.storeFence: available
13:35:26.181 [main] DEBUG io.netty.util.internal.PlatformDependent0 - java.nio.Buffer.address: available
13:35:26.181 [main] DEBUG io.netty.util.internal.PlatformDependent0 - direct buffer constructor: available
13:35:26.182 [main] DEBUG io.netty.util.internal.PlatformDependent0 - java.nio.Bits.unaligned: available, true
13:35:26.182 [main] DEBUG io.netty.util.internal.PlatformDependent0 - jdk.internal.misc.Unsafe.allocateUninitializedArray(int): unavailable prior to Java9
13:35:26.182 [main] DEBUG io.netty.util.internal.PlatformDependent0 - java.nio.DirectByteBuffer.<init>(long, {int,long}): available
13:35:26.182 [main] DEBUG io.netty.util.internal.CleanerJava6 - java.nio.ByteBuffer.cleaner(): available
13:35:26.182 [main] DEBUG io.netty.util.internal.PlatformDependent - sun.misc.Unsafe: available
13:35:26.182 [main] DEBUG io.netty.util.internal.PlatformDependent - -Dio.netty.tmpdir: /tmp (java.io.tmpdir)
13:35:26.182 [main] DEBUG io.netty.util.internal.PlatformDependent - -Dio.netty.bitMode: 64 (sun.arch.data.model)
13:35:26.182 [main] DEBUG io.netty.util.internal.PlatformDependent - -Dio.netty.maxDirectMemory: 11420041216 bytes
13:35:26.182 [main] DEBUG io.netty.util.internal.PlatformDependent - -Dio.netty.uninitializedArrayAllocationThreshold: -1
13:35:26.182 [main] DEBUG io.netty.util.internal.PlatformDependent - -Dio.netty.noPreferDirect: false
13:35:26.183 [main] DEBUG io.netty.util.internal.CleanerJava9 - java.nio.ByteBuffer.cleaner(): unavailable
java.lang.NoSuchMethodException: sun.misc.Unsafe.invokeCleaner(java.nio.ByteBuffer)
	at java.lang.Class.getDeclaredMethod(Class.java:2130)
	at io.netty.util.internal.CleanerJava9$1.run(CleanerJava9.java:45)
	at java.security.AccessController.doPrivileged(Native Method)
	at io.netty.util.internal.CleanerJava9.__STATIC_RESET(CleanerJava9.java:40)
	at sun.reflect.NativeMethodAccessorImpl.invoke0(Native Method)
	at sun.reflect.NativeMethodAccessorImpl.invoke(NativeMethodAccessorImpl.java:62)
	at sun.reflect.DelegatingMethodAccessorImpl.invoke(DelegatingMethodAccessorImpl.java:43)
	at java.lang.reflect.Method.invoke(Method.java:498)
	at org.evosuite.runtime.classhandling.ClassResetter.reset(ClassResetter.java:159)
	at org.evosuite.runtime.classhandling.ClassStateSupport.resetClasses(ClassStateSupport.java:137)
	at io.netty.handler.codec.compression.ByteBufChecksum_ESTest_scaffolding.resetClasses(ByteBufChecksum_ESTest_scaffolding.java:278)
	at io.netty.handler.codec.compression.ByteBufChecksum_ESTest_scaffolding.doneWithTestCase(ByteBufChecksum_ESTest_scaffolding.java:66)
	at sun.reflect.NativeMethodAccessorImpl.invoke0(Native Method)
	at sun.reflect.NativeMethodAccessorImpl.invoke(NativeMethodAccessorImpl.java:62)
	at sun.reflect.DelegatingMethodAccessorImpl.invoke(DelegatingMethodAccessorImpl.java:43)
	at java.lang.reflect.Method.invoke(Method.java:498)
	at org.junit.runners.model.FrameworkMethod$1.runReflectiveCall(FrameworkMethod.java:59)
	at org.junit.internal.runners.model.ReflectiveCallable.run(ReflectiveCallable.java:12)
	at org.junit.runners.model.FrameworkMethod.invokeExplosively(FrameworkMethod.java:56)
	at org.junit.internal.runners.statements.RunAfters.invokeMethod(RunAfters.java:46)
	at org.junit.internal.runners.statements.RunAfters.evaluate(RunAfters.java:33)
	at org.evosuite.runtime.vnet.NonFunctionalRequirementRule$1.evaluate(NonFunctionalRequirementRule.java:41)
	at org.junit.runners.ParentRunner$3.evaluate(ParentRunner.java:306)
	at org.junit.runners.BlockJUnit4ClassRunner$1.evaluate(BlockJUnit4ClassRunner.java:100)
	at org.junit.runners.ParentRunner.runLeaf(ParentRunner.java:366)
	at org.junit.runners.BlockJUnit4ClassRunner.runChild(BlockJUnit4ClassRunner.java:103)
	at org.junit.runners.BlockJUnit4ClassRunner.runChild(BlockJUnit4ClassRunner.java:63)
	at org.junit.runners.ParentRunner$4.run(ParentRunner.java:331)
	at org.junit.runners.ParentRunner$1.schedule(ParentRunner.java:79)
	at org.junit.runners.ParentRunner.runChildren(ParentRunner.java:329)
	at org.junit.runners.ParentRunner.access$100(ParentRunner.java:66)
	at org.junit.runners.ParentRunner$2.evaluate(ParentRunner.java:293)
	at org.junit.internal.runners.statements.RunBefores.evaluate(RunBefores.java:26)
	at org.junit.internal.runners.statements.RunAfters.evaluate(RunAfters.java:27)
	at org.junit.runners.ParentRunner$3.evaluate(ParentRunner.java:306)
	at org.junit.runners.ParentRunner.run(ParentRunner.java:413)
	at org.apache.maven.surefire.junit4.JUnit4Provider.execute(JUnit4Provider.java:316)
	at org.apache.maven.surefire.junit4.JUnit4Provider.executeWithRerun(JUnit4Provider.java:240)
	at org.apache.maven.surefire.junit4.JUnit4Provider.executeTestSet(JUnit4Provider.java:214)
	at org.apache.maven.surefire.junit4.JUnit4Provider.invoke(JUnit4Provider.java:155)
	at org.apache.maven.surefire.booter.ForkedBooter.runSuitesInProcess(ForkedBooter.java:385)
	at org.apache.maven.surefire.booter.ForkedBooter.execute(ForkedBooter.java:162)
	at org.apache.maven.surefire.booter.ForkedBooter.run(ForkedBooter.java:507)
	at org.apache.maven.surefire.booter.ForkedBooter.main(ForkedBooter.java:495)
13:35:26.185 [main] DEBUG io.netty.util.ResourceLeakDetector - -Dio.netty.leakDetection.level: simple
13:35:26.185 [main] DEBUG io.netty.util.ResourceLeakDetector - -Dio.netty.leakDetection.targetRecords: 4
13:35:26.185 [main] DEBUG io.netty.util.internal.InternalThreadLocalMap - -Dio.netty.threadLocalMap.stringBuilder.initialSize: 1024
13:35:26.185 [main] DEBUG io.netty.util.internal.InternalThreadLocalMap - -Dio.netty.threadLocalMap.stringBuilder.maxSize: 4096
13:35:26.186 [main] DEBUG io.netty.buffer.PooledByteBufAllocator - -Dio.netty.allocator.numHeapArenas: 0
13:35:26.186 [main] DEBUG io.netty.buffer.PooledByteBufAllocator - -Dio.netty.allocator.numDirectArenas: 2
13:35:26.186 [main] DEBUG io.netty.buffer.PooledByteBufAllocator - -Dio.netty.allocator.pageSize: 8192
13:35:26.186 [main] DEBUG io.netty.buffer.PooledByteBufAllocator - -Dio.netty.allocator.maxOrder: 9
13:35:26.186 [main] DEBUG io.netty.buffer.PooledByteBufAllocator - -Dio.netty.allocator.chunkSize: 4194304
13:35:26.186 [main] DEBUG io.netty.buffer.PooledByteBufAllocator - -Dio.netty.allocator.smallCacheSize: 256
13:35:26.186 [main] DEBUG io.netty.buffer.PooledByteBufAllocator - -Dio.netty.allocator.normalCacheSize: 64
13:35:26.186 [main] DEBUG io.netty.buffer.PooledByteBufAllocator - -Dio.netty.allocator.maxCachedBufferCapacity: 32768
13:35:26.186 [main] DEBUG io.netty.buffer.PooledByteBufAllocator - -Dio.netty.allocator.cacheTrimInterval: 8192
13:35:26.186 [main] DEBUG io.netty.buffer.PooledByteBufAllocator - -Dio.netty.allocator.cacheTrimIntervalMillis: 0
13:35:26.186 [main] DEBUG io.netty.buffer.PooledByteBufAllocator - -Dio.netty.allocator.useCacheForAllThreads: false
13:35:26.186 [main] DEBUG io.netty.buffer.PooledByteBufAllocator - -Dio.netty.allocator.maxCachedByteBuffersPerChunk: 1023
13:35:26.187 [main] DEBUG io.netty.buffer.AbstractByteBuf - -Dio.netty.buffer.checkAccessible: true
13:35:26.187 [main] DEBUG io.netty.buffer.AbstractByteBuf - -Dio.netty.buffer.checkBounds: true
13:35:26.187 [main] DEBUG io.netty.util.ResourceLeakDetectorFactory - Loaded default ResourceLeakDetector: io.netty.util.ResourceLeakDetector@5
13:35:26.187 [main] DEBUG io.netty.util.Recycler - -Dio.netty.recycler.maxCapacityPerThread: 4096
13:35:26.188 [main] DEBUG io.netty.util.Recycler - -Dio.netty.recycler.ratio: 8
13:35:26.188 [main] DEBUG io.netty.util.Recycler - -Dio.netty.recycler.chunkSize: 32
13:35:26.188 [main] DEBUG io.netty.util.Recycler - -Dio.netty.recycler.blocking: false
13:35:26.188 [main] DEBUG io.netty.util.Recycler - -Dio.netty.recycler.batchFastThreadLocalOnly: true
13:35:26.188 [main] DEBUG io.netty.util.internal.PlatformDependent - org.jctools-core.MpscChunkedArrayQueue: available
13:35:26.189 [main] DEBUG io.netty.buffer.ByteBufUtil - -Dio.netty.allocator.type: pooled
13:35:26.189 [main] DEBUG io.netty.buffer.ByteBufUtil - -Dio.netty.threadLocalDirectBufferSize: 0
13:35:26.189 [main] DEBUG io.netty.buffer.ByteBufUtil - -Dio.netty.maxThreadLocalCharBufferSize: 16384
]]></system-out>
  </testcase>
  <testcase name="test04" classname="io.netty.handler.codec.compression.ByteBufChecksum_ESTest" time="0.027">
    <system-out><![CDATA[13:35:26.198 [main] INFO org.evosuite.runtime.thread.ThreadStopper - Found new thread
13:35:26.199 [main] DEBUG io.netty.util.internal.logging.InternalLoggerFactory - Using SLF4J as the default logging framework
13:35:26.199 [main] DEBUG io.netty.util.internal.PlatformDependent0 - -Dio.netty.noUnsafe: false
13:35:26.199 [main] DEBUG io.netty.util.internal.PlatformDependent0 - Java version: 8
13:35:26.199 [main] DEBUG io.netty.util.internal.PlatformDependent0 - sun.misc.Unsafe.theUnsafe: available
13:35:26.199 [main] DEBUG io.netty.util.internal.PlatformDependent0 - sun.misc.Unsafe.copyMemory: available
13:35:26.199 [main] DEBUG io.netty.util.internal.PlatformDependent0 - sun.misc.Unsafe.storeFence: available
13:35:26.199 [main] DEBUG io.netty.util.internal.PlatformDependent0 - java.nio.Buffer.address: available
13:35:26.199 [main] DEBUG io.netty.util.internal.PlatformDependent0 - direct buffer constructor: available
13:35:26.200 [main] DEBUG io.netty.util.internal.PlatformDependent0 - java.nio.Bits.unaligned: available, true
13:35:26.200 [main] DEBUG io.netty.util.internal.PlatformDependent0 - jdk.internal.misc.Unsafe.allocateUninitializedArray(int): unavailable prior to Java9
13:35:26.200 [main] DEBUG io.netty.util.internal.PlatformDependent0 - java.nio.DirectByteBuffer.<init>(long, {int,long}): available
13:35:26.201 [main] DEBUG io.netty.util.internal.CleanerJava6 - java.nio.ByteBuffer.cleaner(): available
13:35:26.201 [main] DEBUG io.netty.util.internal.PlatformDependent - sun.misc.Unsafe: available
13:35:26.201 [main] DEBUG io.netty.util.internal.PlatformDependent - -Dio.netty.tmpdir: /tmp (java.io.tmpdir)
13:35:26.201 [main] DEBUG io.netty.util.internal.PlatformDependent - -Dio.netty.bitMode: 64 (sun.arch.data.model)
13:35:26.202 [main] DEBUG io.netty.util.internal.PlatformDependent - -Dio.netty.maxDirectMemory: 11420041216 bytes
13:35:26.202 [main] DEBUG io.netty.util.internal.PlatformDependent - -Dio.netty.uninitializedArrayAllocationThreshold: -1
13:35:26.202 [main] DEBUG io.netty.util.internal.PlatformDependent - -Dio.netty.noPreferDirect: false
13:35:26.203 [main] DEBUG io.netty.util.internal.CleanerJava9 - java.nio.ByteBuffer.cleaner(): unavailable
java.lang.NoSuchMethodException: sun.misc.Unsafe.invokeCleaner(java.nio.ByteBuffer)
	at java.lang.Class.getDeclaredMethod(Class.java:2130)
	at io.netty.util.internal.CleanerJava9$1.run(CleanerJava9.java:45)
	at java.security.AccessController.doPrivileged(Native Method)
	at io.netty.util.internal.CleanerJava9.__STATIC_RESET(CleanerJava9.java:40)
	at sun.reflect.NativeMethodAccessorImpl.invoke0(Native Method)
	at sun.reflect.NativeMethodAccessorImpl.invoke(NativeMethodAccessorImpl.java:62)
	at sun.reflect.DelegatingMethodAccessorImpl.invoke(DelegatingMethodAccessorImpl.java:43)
	at java.lang.reflect.Method.invoke(Method.java:498)
	at org.evosuite.runtime.classhandling.ClassResetter.reset(ClassResetter.java:159)
	at org.evosuite.runtime.classhandling.ClassStateSupport.resetClasses(ClassStateSupport.java:137)
	at io.netty.handler.codec.compression.ByteBufChecksum_ESTest_scaffolding.resetClasses(ByteBufChecksum_ESTest_scaffolding.java:278)
	at io.netty.handler.codec.compression.ByteBufChecksum_ESTest_scaffolding.doneWithTestCase(ByteBufChecksum_ESTest_scaffolding.java:66)
	at sun.reflect.NativeMethodAccessorImpl.invoke0(Native Method)
	at sun.reflect.NativeMethodAccessorImpl.invoke(NativeMethodAccessorImpl.java:62)
	at sun.reflect.DelegatingMethodAccessorImpl.invoke(DelegatingMethodAccessorImpl.java:43)
	at java.lang.reflect.Method.invoke(Method.java:498)
	at org.junit.runners.model.FrameworkMethod$1.runReflectiveCall(FrameworkMethod.java:59)
	at org.junit.internal.runners.model.ReflectiveCallable.run(ReflectiveCallable.java:12)
	at org.junit.runners.model.FrameworkMethod.invokeExplosively(FrameworkMethod.java:56)
	at org.junit.internal.runners.statements.RunAfters.invokeMethod(RunAfters.java:46)
	at org.junit.internal.runners.statements.RunAfters.evaluate(RunAfters.java:33)
	at org.evosuite.runtime.vnet.NonFunctionalRequirementRule$1.evaluate(NonFunctionalRequirementRule.java:41)
	at org.junit.runners.ParentRunner$3.evaluate(ParentRunner.java:306)
	at org.junit.runners.BlockJUnit4ClassRunner$1.evaluate(BlockJUnit4ClassRunner.java:100)
	at org.junit.runners.ParentRunner.runLeaf(ParentRunner.java:366)
	at org.junit.runners.BlockJUnit4ClassRunner.runChild(BlockJUnit4ClassRunner.java:103)
	at org.junit.runners.BlockJUnit4ClassRunner.runChild(BlockJUnit4ClassRunner.java:63)
	at org.junit.runners.ParentRunner$4.run(ParentRunner.java:331)
	at org.junit.runners.ParentRunner$1.schedule(ParentRunner.java:79)
	at org.junit.runners.ParentRunner.runChildren(ParentRunner.java:329)
	at org.junit.runners.ParentRunner.access$100(ParentRunner.java:66)
	at org.junit.runners.ParentRunner$2.evaluate(ParentRunner.java:293)
	at org.junit.internal.runners.statements.RunBefores.evaluate(RunBefores.java:26)
	at org.junit.internal.runners.statements.RunAfters.evaluate(RunAfters.java:27)
	at org.junit.runners.ParentRunner$3.evaluate(ParentRunner.java:306)
	at org.junit.runners.ParentRunner.run(ParentRunner.java:413)
	at org.apache.maven.surefire.junit4.JUnit4Provider.execute(JUnit4Provider.java:316)
	at org.apache.maven.surefire.junit4.JUnit4Provider.executeWithRerun(JUnit4Provider.java:240)
	at org.apache.maven.surefire.junit4.JUnit4Provider.executeTestSet(JUnit4Provider.java:214)
	at org.apache.maven.surefire.junit4.JUnit4Provider.invoke(JUnit4Provider.java:155)
	at org.apache.maven.surefire.booter.ForkedBooter.runSuitesInProcess(ForkedBooter.java:385)
	at org.apache.maven.surefire.booter.ForkedBooter.execute(ForkedBooter.java:162)
	at org.apache.maven.surefire.booter.ForkedBooter.run(ForkedBooter.java:507)
	at org.apache.maven.surefire.booter.ForkedBooter.main(ForkedBooter.java:495)
13:35:26.204 [main] DEBUG io.netty.util.ResourceLeakDetector - -Dio.netty.leakDetection.level: simple
13:35:26.204 [main] DEBUG io.netty.util.ResourceLeakDetector - -Dio.netty.leakDetection.targetRecords: 4
13:35:26.205 [main] DEBUG io.netty.util.internal.InternalThreadLocalMap - -Dio.netty.threadLocalMap.stringBuilder.initialSize: 1024
13:35:26.205 [main] DEBUG io.netty.util.internal.InternalThreadLocalMap - -Dio.netty.threadLocalMap.stringBuilder.maxSize: 4096
13:35:26.205 [main] DEBUG io.netty.buffer.PooledByteBufAllocator - -Dio.netty.allocator.numHeapArenas: 0
13:35:26.205 [main] DEBUG io.netty.buffer.PooledByteBufAllocator - -Dio.netty.allocator.numDirectArenas: 2
13:35:26.205 [main] DEBUG io.netty.buffer.PooledByteBufAllocator - -Dio.netty.allocator.pageSize: 8192
13:35:26.205 [main] DEBUG io.netty.buffer.PooledByteBufAllocator - -Dio.netty.allocator.maxOrder: 9
13:35:26.205 [main] DEBUG io.netty.buffer.PooledByteBufAllocator - -Dio.netty.allocator.chunkSize: 4194304
13:35:26.206 [main] DEBUG io.netty.buffer.PooledByteBufAllocator - -Dio.netty.allocator.smallCacheSize: 256
13:35:26.206 [main] DEBUG io.netty.buffer.PooledByteBufAllocator - -Dio.netty.allocator.normalCacheSize: 64
13:35:26.206 [main] DEBUG io.netty.buffer.PooledByteBufAllocator - -Dio.netty.allocator.maxCachedBufferCapacity: 32768
13:35:26.206 [main] DEBUG io.netty.buffer.PooledByteBufAllocator - -Dio.netty.allocator.cacheTrimInterval: 8192
13:35:26.206 [main] DEBUG io.netty.buffer.PooledByteBufAllocator - -Dio.netty.allocator.cacheTrimIntervalMillis: 0
13:35:26.206 [main] DEBUG io.netty.buffer.PooledByteBufAllocator - -Dio.netty.allocator.useCacheForAllThreads: false
13:35:26.206 [main] DEBUG io.netty.buffer.PooledByteBufAllocator - -Dio.netty.allocator.maxCachedByteBuffersPerChunk: 1023
13:35:26.206 [main] DEBUG io.netty.buffer.AbstractByteBuf - -Dio.netty.buffer.checkAccessible: true
13:35:26.206 [main] DEBUG io.netty.buffer.AbstractByteBuf - -Dio.netty.buffer.checkBounds: true
13:35:26.206 [main] DEBUG io.netty.util.ResourceLeakDetectorFactory - Loaded default ResourceLeakDetector: io.netty.util.ResourceLeakDetector@5
13:35:26.207 [main] DEBUG io.netty.util.Recycler - -Dio.netty.recycler.maxCapacityPerThread: 4096
13:35:26.207 [main] DEBUG io.netty.util.Recycler - -Dio.netty.recycler.ratio: 8
13:35:26.207 [main] DEBUG io.netty.util.Recycler - -Dio.netty.recycler.chunkSize: 32
13:35:26.207 [main] DEBUG io.netty.util.Recycler - -Dio.netty.recycler.blocking: false
13:35:26.207 [main] DEBUG io.netty.util.Recycler - -Dio.netty.recycler.batchFastThreadLocalOnly: true
13:35:26.207 [main] DEBUG io.netty.util.internal.PlatformDependent - org.jctools-core.MpscChunkedArrayQueue: available
13:35:26.208 [main] DEBUG io.netty.buffer.ByteBufUtil - -Dio.netty.allocator.type: pooled
13:35:26.209 [main] DEBUG io.netty.buffer.ByteBufUtil - -Dio.netty.threadLocalDirectBufferSize: 0
13:35:26.209 [main] DEBUG io.netty.buffer.ByteBufUtil - -Dio.netty.maxThreadLocalCharBufferSize: 16384
]]></system-out>
  </testcase>
  <testcase name="test15" classname="io.netty.handler.codec.compression.ByteBufChecksum_ESTest" time="0.028">
    <system-out><![CDATA[13:35:26.215 [main] INFO org.evosuite.runtime.thread.ThreadStopper - Found new thread
13:35:26.216 [main] DEBUG io.netty.util.internal.logging.InternalLoggerFactory - Using SLF4J as the default logging framework
13:35:26.216 [main] DEBUG io.netty.util.internal.PlatformDependent0 - -Dio.netty.noUnsafe: false
13:35:26.216 [main] DEBUG io.netty.util.internal.PlatformDependent0 - Java version: 8
13:35:26.216 [main] DEBUG io.netty.util.internal.PlatformDependent0 - sun.misc.Unsafe.theUnsafe: available
13:35:26.216 [main] DEBUG io.netty.util.internal.PlatformDependent0 - sun.misc.Unsafe.copyMemory: available
13:35:26.216 [main] DEBUG io.netty.util.internal.PlatformDependent0 - sun.misc.Unsafe.storeFence: available
13:35:26.216 [main] DEBUG io.netty.util.internal.PlatformDependent0 - java.nio.Buffer.address: available
13:35:26.216 [main] DEBUG io.netty.util.internal.PlatformDependent0 - direct buffer constructor: available
13:35:26.216 [main] DEBUG io.netty.util.internal.PlatformDependent0 - java.nio.Bits.unaligned: available, true
13:35:26.216 [main] DEBUG io.netty.util.internal.PlatformDependent0 - jdk.internal.misc.Unsafe.allocateUninitializedArray(int): unavailable prior to Java9
13:35:26.216 [main] DEBUG io.netty.util.internal.PlatformDependent0 - java.nio.DirectByteBuffer.<init>(long, {int,long}): available
13:35:26.216 [main] DEBUG io.netty.util.internal.CleanerJava6 - java.nio.ByteBuffer.cleaner(): available
13:35:26.216 [main] DEBUG io.netty.util.internal.PlatformDependent - sun.misc.Unsafe: available
13:35:26.216 [main] DEBUG io.netty.util.internal.PlatformDependent - -Dio.netty.tmpdir: /tmp (java.io.tmpdir)
13:35:26.217 [main] DEBUG io.netty.util.internal.PlatformDependent - -Dio.netty.bitMode: 64 (sun.arch.data.model)
13:35:26.217 [main] DEBUG io.netty.util.internal.PlatformDependent - -Dio.netty.maxDirectMemory: 11420041216 bytes
13:35:26.217 [main] DEBUG io.netty.util.internal.PlatformDependent - -Dio.netty.uninitializedArrayAllocationThreshold: -1
13:35:26.217 [main] DEBUG io.netty.util.internal.PlatformDependent - -Dio.netty.noPreferDirect: false
13:35:26.217 [main] DEBUG io.netty.util.internal.CleanerJava9 - java.nio.ByteBuffer.cleaner(): unavailable
java.lang.NoSuchMethodException: sun.misc.Unsafe.invokeCleaner(java.nio.ByteBuffer)
	at java.lang.Class.getDeclaredMethod(Class.java:2130)
	at io.netty.util.internal.CleanerJava9$1.run(CleanerJava9.java:45)
	at java.security.AccessController.doPrivileged(Native Method)
	at io.netty.util.internal.CleanerJava9.__STATIC_RESET(CleanerJava9.java:40)
	at sun.reflect.NativeMethodAccessorImpl.invoke0(Native Method)
	at sun.reflect.NativeMethodAccessorImpl.invoke(NativeMethodAccessorImpl.java:62)
	at sun.reflect.DelegatingMethodAccessorImpl.invoke(DelegatingMethodAccessorImpl.java:43)
	at java.lang.reflect.Method.invoke(Method.java:498)
	at org.evosuite.runtime.classhandling.ClassResetter.reset(ClassResetter.java:159)
	at org.evosuite.runtime.classhandling.ClassStateSupport.resetClasses(ClassStateSupport.java:137)
	at io.netty.handler.codec.compression.ByteBufChecksum_ESTest_scaffolding.resetClasses(ByteBufChecksum_ESTest_scaffolding.java:278)
	at io.netty.handler.codec.compression.ByteBufChecksum_ESTest_scaffolding.doneWithTestCase(ByteBufChecksum_ESTest_scaffolding.java:66)
	at sun.reflect.NativeMethodAccessorImpl.invoke0(Native Method)
	at sun.reflect.NativeMethodAccessorImpl.invoke(NativeMethodAccessorImpl.java:62)
	at sun.reflect.DelegatingMethodAccessorImpl.invoke(DelegatingMethodAccessorImpl.java:43)
	at java.lang.reflect.Method.invoke(Method.java:498)
	at org.junit.runners.model.FrameworkMethod$1.runReflectiveCall(FrameworkMethod.java:59)
	at org.junit.internal.runners.model.ReflectiveCallable.run(ReflectiveCallable.java:12)
	at org.junit.runners.model.FrameworkMethod.invokeExplosively(FrameworkMethod.java:56)
	at org.junit.internal.runners.statements.RunAfters.invokeMethod(RunAfters.java:46)
	at org.junit.internal.runners.statements.RunAfters.evaluate(RunAfters.java:33)
	at org.evosuite.runtime.vnet.NonFunctionalRequirementRule$1.evaluate(NonFunctionalRequirementRule.java:41)
	at org.junit.runners.ParentRunner$3.evaluate(ParentRunner.java:306)
	at org.junit.runners.BlockJUnit4ClassRunner$1.evaluate(BlockJUnit4ClassRunner.java:100)
	at org.junit.runners.ParentRunner.runLeaf(ParentRunner.java:366)
	at org.junit.runners.BlockJUnit4ClassRunner.runChild(BlockJUnit4ClassRunner.java:103)
	at org.junit.runners.BlockJUnit4ClassRunner.runChild(BlockJUnit4ClassRunner.java:63)
	at org.junit.runners.ParentRunner$4.run(ParentRunner.java:331)
	at org.junit.runners.ParentRunner$1.schedule(ParentRunner.java:79)
	at org.junit.runners.ParentRunner.runChildren(ParentRunner.java:329)
	at org.junit.runners.ParentRunner.access$100(ParentRunner.java:66)
	at org.junit.runners.ParentRunner$2.evaluate(ParentRunner.java:293)
	at org.junit.internal.runners.statements.RunBefores.evaluate(RunBefores.java:26)
	at org.junit.internal.runners.statements.RunAfters.evaluate(RunAfters.java:27)
	at org.junit.runners.ParentRunner$3.evaluate(ParentRunner.java:306)
	at org.junit.runners.ParentRunner.run(ParentRunner.java:413)
	at org.apache.maven.surefire.junit4.JUnit4Provider.execute(JUnit4Provider.java:316)
	at org.apache.maven.surefire.junit4.JUnit4Provider.executeWithRerun(JUnit4Provider.java:240)
	at org.apache.maven.surefire.junit4.JUnit4Provider.executeTestSet(JUnit4Provider.java:214)
	at org.apache.maven.surefire.junit4.JUnit4Provider.invoke(JUnit4Provider.java:155)
	at org.apache.maven.surefire.booter.ForkedBooter.runSuitesInProcess(ForkedBooter.java:385)
	at org.apache.maven.surefire.booter.ForkedBooter.execute(ForkedBooter.java:162)
	at org.apache.maven.surefire.booter.ForkedBooter.run(ForkedBooter.java:507)
	at org.apache.maven.surefire.booter.ForkedBooter.main(ForkedBooter.java:495)
13:35:26.218 [main] DEBUG io.netty.util.ResourceLeakDetector - -Dio.netty.leakDetection.level: simple
13:35:26.219 [main] DEBUG io.netty.util.ResourceLeakDetector - -Dio.netty.leakDetection.targetRecords: 4
13:35:26.219 [main] DEBUG io.netty.util.internal.InternalThreadLocalMap - -Dio.netty.threadLocalMap.stringBuilder.initialSize: 1024
13:35:26.219 [main] DEBUG io.netty.util.internal.InternalThreadLocalMap - -Dio.netty.threadLocalMap.stringBuilder.maxSize: 4096
13:35:26.220 [main] DEBUG io.netty.buffer.PooledByteBufAllocator - -Dio.netty.allocator.numHeapArenas: 0
13:35:26.220 [main] DEBUG io.netty.buffer.PooledByteBufAllocator - -Dio.netty.allocator.numDirectArenas: 2
13:35:26.220 [main] DEBUG io.netty.buffer.PooledByteBufAllocator - -Dio.netty.allocator.pageSize: 8192
13:35:26.220 [main] DEBUG io.netty.buffer.PooledByteBufAllocator - -Dio.netty.allocator.maxOrder: 9
13:35:26.220 [main] DEBUG io.netty.buffer.PooledByteBufAllocator - -Dio.netty.allocator.chunkSize: 4194304
13:35:26.220 [main] DEBUG io.netty.buffer.PooledByteBufAllocator - -Dio.netty.allocator.smallCacheSize: 256
13:35:26.220 [main] DEBUG io.netty.buffer.PooledByteBufAllocator - -Dio.netty.allocator.normalCacheSize: 64
13:35:26.220 [main] DEBUG io.netty.buffer.PooledByteBufAllocator - -Dio.netty.allocator.maxCachedBufferCapacity: 32768
13:35:26.220 [main] DEBUG io.netty.buffer.PooledByteBufAllocator - -Dio.netty.allocator.cacheTrimInterval: 8192
13:35:26.220 [main] DEBUG io.netty.buffer.PooledByteBufAllocator - -Dio.netty.allocator.cacheTrimIntervalMillis: 0
13:35:26.220 [main] DEBUG io.netty.buffer.PooledByteBufAllocator - -Dio.netty.allocator.useCacheForAllThreads: false
13:35:26.220 [main] DEBUG io.netty.buffer.PooledByteBufAllocator - -Dio.netty.allocator.maxCachedByteBuffersPerChunk: 1023
13:35:26.220 [main] DEBUG io.netty.buffer.AbstractByteBuf - -Dio.netty.buffer.checkAccessible: true
13:35:26.220 [main] DEBUG io.netty.buffer.AbstractByteBuf - -Dio.netty.buffer.checkBounds: true
13:35:26.220 [main] DEBUG io.netty.util.ResourceLeakDetectorFactory - Loaded default ResourceLeakDetector: io.netty.util.ResourceLeakDetector@5
13:35:26.221 [main] DEBUG io.netty.util.Recycler - -Dio.netty.recycler.maxCapacityPerThread: 4096
13:35:26.221 [main] DEBUG io.netty.util.Recycler - -Dio.netty.recycler.ratio: 8
13:35:26.221 [main] DEBUG io.netty.util.Recycler - -Dio.netty.recycler.chunkSize: 32
13:35:26.221 [main] DEBUG io.netty.util.Recycler - -Dio.netty.recycler.blocking: false
13:35:26.221 [main] DEBUG io.netty.util.Recycler - -Dio.netty.recycler.batchFastThreadLocalOnly: true
13:35:26.221 [main] DEBUG io.netty.util.internal.PlatformDependent - org.jctools-core.MpscChunkedArrayQueue: available
13:35:26.222 [main] DEBUG io.netty.buffer.ByteBufUtil - -Dio.netty.allocator.type: pooled
13:35:26.222 [main] DEBUG io.netty.buffer.ByteBufUtil - -Dio.netty.threadLocalDirectBufferSize: 0
13:35:26.222 [main] DEBUG io.netty.buffer.ByteBufUtil - -Dio.netty.maxThreadLocalCharBufferSize: 16384
]]></system-out>
  </testcase>
  <testcase name="test10" classname="io.netty.handler.codec.compression.ByteBufChecksum_ESTest" time="0.028">
    <system-out><![CDATA[13:35:26.229 [main] INFO org.evosuite.runtime.thread.ThreadStopper - Found new thread
13:35:26.230 [main] DEBUG io.netty.util.internal.logging.InternalLoggerFactory - Using SLF4J as the default logging framework
13:35:26.230 [main] DEBUG io.netty.util.internal.PlatformDependent0 - -Dio.netty.noUnsafe: false
13:35:26.230 [main] DEBUG io.netty.util.internal.PlatformDependent0 - Java version: 8
13:35:26.230 [main] DEBUG io.netty.util.internal.PlatformDependent0 - sun.misc.Unsafe.theUnsafe: available
13:35:26.230 [main] DEBUG io.netty.util.internal.PlatformDependent0 - sun.misc.Unsafe.copyMemory: available
13:35:26.230 [main] DEBUG io.netty.util.internal.PlatformDependent0 - sun.misc.Unsafe.storeFence: available
13:35:26.230 [main] DEBUG io.netty.util.internal.PlatformDependent0 - java.nio.Buffer.address: available
13:35:26.230 [main] DEBUG io.netty.util.internal.PlatformDependent0 - direct buffer constructor: available
13:35:26.230 [main] DEBUG io.netty.util.internal.PlatformDependent0 - java.nio.Bits.unaligned: available, true
13:35:26.230 [main] DEBUG io.netty.util.internal.PlatformDependent0 - jdk.internal.misc.Unsafe.allocateUninitializedArray(int): unavailable prior to Java9
13:35:26.230 [main] DEBUG io.netty.util.internal.PlatformDependent0 - java.nio.DirectByteBuffer.<init>(long, {int,long}): available
13:35:26.230 [main] DEBUG io.netty.util.internal.CleanerJava6 - java.nio.ByteBuffer.cleaner(): available
13:35:26.230 [main] DEBUG io.netty.util.internal.PlatformDependent - sun.misc.Unsafe: available
13:35:26.230 [main] DEBUG io.netty.util.internal.PlatformDependent - -Dio.netty.tmpdir: /tmp (java.io.tmpdir)
13:35:26.230 [main] DEBUG io.netty.util.internal.PlatformDependent - -Dio.netty.bitMode: 64 (sun.arch.data.model)
13:35:26.231 [main] DEBUG io.netty.util.internal.PlatformDependent - -Dio.netty.maxDirectMemory: 11420041216 bytes
13:35:26.231 [main] DEBUG io.netty.util.internal.PlatformDependent - -Dio.netty.uninitializedArrayAllocationThreshold: -1
13:35:26.231 [main] DEBUG io.netty.util.internal.PlatformDependent - -Dio.netty.noPreferDirect: false
13:35:26.232 [main] DEBUG io.netty.util.internal.CleanerJava9 - java.nio.ByteBuffer.cleaner(): unavailable
java.lang.NoSuchMethodException: sun.misc.Unsafe.invokeCleaner(java.nio.ByteBuffer)
	at java.lang.Class.getDeclaredMethod(Class.java:2130)
	at io.netty.util.internal.CleanerJava9$1.run(CleanerJava9.java:45)
	at java.security.AccessController.doPrivileged(Native Method)
	at io.netty.util.internal.CleanerJava9.__STATIC_RESET(CleanerJava9.java:40)
	at sun.reflect.NativeMethodAccessorImpl.invoke0(Native Method)
	at sun.reflect.NativeMethodAccessorImpl.invoke(NativeMethodAccessorImpl.java:62)
	at sun.reflect.DelegatingMethodAccessorImpl.invoke(DelegatingMethodAccessorImpl.java:43)
	at java.lang.reflect.Method.invoke(Method.java:498)
	at org.evosuite.runtime.classhandling.ClassResetter.reset(ClassResetter.java:159)
	at org.evosuite.runtime.classhandling.ClassStateSupport.resetClasses(ClassStateSupport.java:137)
	at io.netty.handler.codec.compression.ByteBufChecksum_ESTest_scaffolding.resetClasses(ByteBufChecksum_ESTest_scaffolding.java:278)
	at io.netty.handler.codec.compression.ByteBufChecksum_ESTest_scaffolding.doneWithTestCase(ByteBufChecksum_ESTest_scaffolding.java:66)
	at sun.reflect.NativeMethodAccessorImpl.invoke0(Native Method)
	at sun.reflect.NativeMethodAccessorImpl.invoke(NativeMethodAccessorImpl.java:62)
	at sun.reflect.DelegatingMethodAccessorImpl.invoke(DelegatingMethodAccessorImpl.java:43)
	at java.lang.reflect.Method.invoke(Method.java:498)
	at org.junit.runners.model.FrameworkMethod$1.runReflectiveCall(FrameworkMethod.java:59)
	at org.junit.internal.runners.model.ReflectiveCallable.run(ReflectiveCallable.java:12)
	at org.junit.runners.model.FrameworkMethod.invokeExplosively(FrameworkMethod.java:56)
	at org.junit.internal.runners.statements.RunAfters.invokeMethod(RunAfters.java:46)
	at org.junit.internal.runners.statements.RunAfters.evaluate(RunAfters.java:33)
	at org.evosuite.runtime.vnet.NonFunctionalRequirementRule$1.evaluate(NonFunctionalRequirementRule.java:41)
	at org.junit.runners.ParentRunner$3.evaluate(ParentRunner.java:306)
	at org.junit.runners.BlockJUnit4ClassRunner$1.evaluate(BlockJUnit4ClassRunner.java:100)
	at org.junit.runners.ParentRunner.runLeaf(ParentRunner.java:366)
	at org.junit.runners.BlockJUnit4ClassRunner.runChild(BlockJUnit4ClassRunner.java:103)
	at org.junit.runners.BlockJUnit4ClassRunner.runChild(BlockJUnit4ClassRunner.java:63)
	at org.junit.runners.ParentRunner$4.run(ParentRunner.java:331)
	at org.junit.runners.ParentRunner$1.schedule(ParentRunner.java:79)
	at org.junit.runners.ParentRunner.runChildren(ParentRunner.java:329)
	at org.junit.runners.ParentRunner.access$100(ParentRunner.java:66)
	at org.junit.runners.ParentRunner$2.evaluate(ParentRunner.java:293)
	at org.junit.internal.runners.statements.RunBefores.evaluate(RunBefores.java:26)
	at org.junit.internal.runners.statements.RunAfters.evaluate(RunAfters.java:27)
	at org.junit.runners.ParentRunner$3.evaluate(ParentRunner.java:306)
	at org.junit.runners.ParentRunner.run(ParentRunner.java:413)
	at org.apache.maven.surefire.junit4.JUnit4Provider.execute(JUnit4Provider.java:316)
	at org.apache.maven.surefire.junit4.JUnit4Provider.executeWithRerun(JUnit4Provider.java:240)
	at org.apache.maven.surefire.junit4.JUnit4Provider.executeTestSet(JUnit4Provider.java:214)
	at org.apache.maven.surefire.junit4.JUnit4Provider.invoke(JUnit4Provider.java:155)
	at org.apache.maven.surefire.booter.ForkedBooter.runSuitesInProcess(ForkedBooter.java:385)
	at org.apache.maven.surefire.booter.ForkedBooter.execute(ForkedBooter.java:162)
	at org.apache.maven.surefire.booter.ForkedBooter.run(ForkedBooter.java:507)
	at org.apache.maven.surefire.booter.ForkedBooter.main(ForkedBooter.java:495)
13:35:26.233 [main] DEBUG io.netty.util.ResourceLeakDetector - -Dio.netty.leakDetection.level: simple
13:35:26.233 [main] DEBUG io.netty.util.ResourceLeakDetector - -Dio.netty.leakDetection.targetRecords: 4
13:35:26.234 [main] DEBUG io.netty.util.internal.InternalThreadLocalMap - -Dio.netty.threadLocalMap.stringBuilder.initialSize: 1024
13:35:26.234 [main] DEBUG io.netty.util.internal.InternalThreadLocalMap - -Dio.netty.threadLocalMap.stringBuilder.maxSize: 4096
13:35:26.235 [main] DEBUG io.netty.buffer.PooledByteBufAllocator - -Dio.netty.allocator.numHeapArenas: 0
13:35:26.235 [main] DEBUG io.netty.buffer.PooledByteBufAllocator - -Dio.netty.allocator.numDirectArenas: 2
13:35:26.235 [main] DEBUG io.netty.buffer.PooledByteBufAllocator - -Dio.netty.allocator.pageSize: 8192
13:35:26.235 [main] DEBUG io.netty.buffer.PooledByteBufAllocator - -Dio.netty.allocator.maxOrder: 9
13:35:26.235 [main] DEBUG io.netty.buffer.PooledByteBufAllocator - -Dio.netty.allocator.chunkSize: 4194304
13:35:26.235 [main] DEBUG io.netty.buffer.PooledByteBufAllocator - -Dio.netty.allocator.smallCacheSize: 256
13:35:26.235 [main] DEBUG io.netty.buffer.PooledByteBufAllocator - -Dio.netty.allocator.normalCacheSize: 64
13:35:26.235 [main] DEBUG io.netty.buffer.PooledByteBufAllocator - -Dio.netty.allocator.maxCachedBufferCapacity: 32768
13:35:26.235 [main] DEBUG io.netty.buffer.PooledByteBufAllocator - -Dio.netty.allocator.cacheTrimInterval: 8192
13:35:26.235 [main] DEBUG io.netty.buffer.PooledByteBufAllocator - -Dio.netty.allocator.cacheTrimIntervalMillis: 0
13:35:26.235 [main] DEBUG io.netty.buffer.PooledByteBufAllocator - -Dio.netty.allocator.useCacheForAllThreads: false
13:35:26.235 [main] DEBUG io.netty.buffer.PooledByteBufAllocator - -Dio.netty.allocator.maxCachedByteBuffersPerChunk: 1023
13:35:26.235 [main] DEBUG io.netty.buffer.AbstractByteBuf - -Dio.netty.buffer.checkAccessible: true
13:35:26.235 [main] DEBUG io.netty.buffer.AbstractByteBuf - -Dio.netty.buffer.checkBounds: true
13:35:26.235 [main] DEBUG io.netty.util.ResourceLeakDetectorFactory - Loaded default ResourceLeakDetector: io.netty.util.ResourceLeakDetector@5
13:35:26.236 [main] DEBUG io.netty.util.Recycler - -Dio.netty.recycler.maxCapacityPerThread: 4096
13:35:26.236 [main] DEBUG io.netty.util.Recycler - -Dio.netty.recycler.ratio: 8
13:35:26.236 [main] DEBUG io.netty.util.Recycler - -Dio.netty.recycler.chunkSize: 32
13:35:26.236 [main] DEBUG io.netty.util.Recycler - -Dio.netty.recycler.blocking: false
13:35:26.236 [main] DEBUG io.netty.util.Recycler - -Dio.netty.recycler.batchFastThreadLocalOnly: true
13:35:26.236 [main] DEBUG io.netty.util.internal.PlatformDependent - org.jctools-core.MpscChunkedArrayQueue: available
13:35:26.237 [main] DEBUG io.netty.buffer.ByteBufUtil - -Dio.netty.allocator.type: pooled
13:35:26.237 [main] DEBUG io.netty.buffer.ByteBufUtil - -Dio.netty.threadLocalDirectBufferSize: 0
13:35:26.237 [main] DEBUG io.netty.buffer.ByteBufUtil - -Dio.netty.maxThreadLocalCharBufferSize: 16384
]]></system-out>
  </testcase>
  <testcase name="test01" classname="io.netty.handler.codec.compression.ByteBufChecksum_ESTest" time="0.026">
    <system-out><![CDATA[13:35:26.246 [main] INFO org.evosuite.runtime.thread.ThreadStopper - Found new thread
13:35:26.249 [main] DEBUG io.netty.util.internal.logging.InternalLoggerFactory - Using SLF4J as the default logging framework
13:35:26.251 [main] DEBUG io.netty.util.internal.PlatformDependent0 - -Dio.netty.noUnsafe: false
13:35:26.251 [main] DEBUG io.netty.util.internal.PlatformDependent0 - Java version: 8
13:35:26.251 [main] DEBUG io.netty.util.internal.PlatformDependent0 - sun.misc.Unsafe.theUnsafe: available
13:35:26.251 [main] DEBUG io.netty.util.internal.PlatformDependent0 - sun.misc.Unsafe.copyMemory: available
13:35:26.251 [main] DEBUG io.netty.util.internal.PlatformDependent0 - sun.misc.Unsafe.storeFence: available
13:35:26.251 [main] DEBUG io.netty.util.internal.PlatformDependent0 - java.nio.Buffer.address: available
13:35:26.251 [main] DEBUG io.netty.util.internal.PlatformDependent0 - direct buffer constructor: available
13:35:26.251 [main] DEBUG io.netty.util.internal.PlatformDependent0 - java.nio.Bits.unaligned: available, true
13:35:26.251 [main] DEBUG io.netty.util.internal.PlatformDependent0 - jdk.internal.misc.Unsafe.allocateUninitializedArray(int): unavailable prior to Java9
13:35:26.251 [main] DEBUG io.netty.util.internal.PlatformDependent0 - java.nio.DirectByteBuffer.<init>(long, {int,long}): available
13:35:26.252 [main] DEBUG io.netty.util.internal.CleanerJava6 - java.nio.ByteBuffer.cleaner(): available
13:35:26.253 [main] DEBUG io.netty.util.internal.PlatformDependent - sun.misc.Unsafe: available
13:35:26.253 [main] DEBUG io.netty.util.internal.PlatformDependent - -Dio.netty.tmpdir: /tmp (java.io.tmpdir)
13:35:26.253 [main] DEBUG io.netty.util.internal.PlatformDependent - -Dio.netty.bitMode: 64 (sun.arch.data.model)
13:35:26.253 [main] DEBUG io.netty.util.internal.PlatformDependent - -Dio.netty.maxDirectMemory: 11420041216 bytes
13:35:26.253 [main] DEBUG io.netty.util.internal.PlatformDependent - -Dio.netty.uninitializedArrayAllocationThreshold: -1
13:35:26.253 [main] DEBUG io.netty.util.internal.PlatformDependent - -Dio.netty.noPreferDirect: false
13:35:26.257 [main] DEBUG io.netty.util.internal.CleanerJava9 - java.nio.ByteBuffer.cleaner(): unavailable
java.lang.NoSuchMethodException: sun.misc.Unsafe.invokeCleaner(java.nio.ByteBuffer)
	at java.lang.Class.getDeclaredMethod(Class.java:2130)
	at io.netty.util.internal.CleanerJava9$1.run(CleanerJava9.java:45)
	at java.security.AccessController.doPrivileged(Native Method)
	at io.netty.util.internal.CleanerJava9.__STATIC_RESET(CleanerJava9.java:40)
	at sun.reflect.NativeMethodAccessorImpl.invoke0(Native Method)
	at sun.reflect.NativeMethodAccessorImpl.invoke(NativeMethodAccessorImpl.java:62)
	at sun.reflect.DelegatingMethodAccessorImpl.invoke(DelegatingMethodAccessorImpl.java:43)
	at java.lang.reflect.Method.invoke(Method.java:498)
	at org.evosuite.runtime.classhandling.ClassResetter.reset(ClassResetter.java:159)
	at org.evosuite.runtime.classhandling.ClassStateSupport.resetClasses(ClassStateSupport.java:137)
	at io.netty.handler.codec.compression.ByteBufChecksum_ESTest_scaffolding.resetClasses(ByteBufChecksum_ESTest_scaffolding.java:278)
	at io.netty.handler.codec.compression.ByteBufChecksum_ESTest_scaffolding.doneWithTestCase(ByteBufChecksum_ESTest_scaffolding.java:66)
	at sun.reflect.NativeMethodAccessorImpl.invoke0(Native Method)
	at sun.reflect.NativeMethodAccessorImpl.invoke(NativeMethodAccessorImpl.java:62)
	at sun.reflect.DelegatingMethodAccessorImpl.invoke(DelegatingMethodAccessorImpl.java:43)
	at java.lang.reflect.Method.invoke(Method.java:498)
	at org.junit.runners.model.FrameworkMethod$1.runReflectiveCall(FrameworkMethod.java:59)
	at org.junit.internal.runners.model.ReflectiveCallable.run(ReflectiveCallable.java:12)
	at org.junit.runners.model.FrameworkMethod.invokeExplosively(FrameworkMethod.java:56)
	at org.junit.internal.runners.statements.RunAfters.invokeMethod(RunAfters.java:46)
	at org.junit.internal.runners.statements.RunAfters.evaluate(RunAfters.java:33)
	at org.evosuite.runtime.vnet.NonFunctionalRequirementRule$1.evaluate(NonFunctionalRequirementRule.java:41)
	at org.junit.runners.ParentRunner$3.evaluate(ParentRunner.java:306)
	at org.junit.runners.BlockJUnit4ClassRunner$1.evaluate(BlockJUnit4ClassRunner.java:100)
	at org.junit.runners.ParentRunner.runLeaf(ParentRunner.java:366)
	at org.junit.runners.BlockJUnit4ClassRunner.runChild(BlockJUnit4ClassRunner.java:103)
	at org.junit.runners.BlockJUnit4ClassRunner.runChild(BlockJUnit4ClassRunner.java:63)
	at org.junit.runners.ParentRunner$4.run(ParentRunner.java:331)
	at org.junit.runners.ParentRunner$1.schedule(ParentRunner.java:79)
	at org.junit.runners.ParentRunner.runChildren(ParentRunner.java:329)
	at org.junit.runners.ParentRunner.access$100(ParentRunner.java:66)
	at org.junit.runners.ParentRunner$2.evaluate(ParentRunner.java:293)
	at org.junit.internal.runners.statements.RunBefores.evaluate(RunBefores.java:26)
	at org.junit.internal.runners.statements.RunAfters.evaluate(RunAfters.java:27)
	at org.junit.runners.ParentRunner$3.evaluate(ParentRunner.java:306)
	at org.junit.runners.ParentRunner.run(ParentRunner.java:413)
	at org.apache.maven.surefire.junit4.JUnit4Provider.execute(JUnit4Provider.java:316)
	at org.apache.maven.surefire.junit4.JUnit4Provider.executeWithRerun(JUnit4Provider.java:240)
	at org.apache.maven.surefire.junit4.JUnit4Provider.executeTestSet(JUnit4Provider.java:214)
	at org.apache.maven.surefire.junit4.JUnit4Provider.invoke(JUnit4Provider.java:155)
	at org.apache.maven.surefire.booter.ForkedBooter.runSuitesInProcess(ForkedBooter.java:385)
	at org.apache.maven.surefire.booter.ForkedBooter.execute(ForkedBooter.java:162)
	at org.apache.maven.surefire.booter.ForkedBooter.run(ForkedBooter.java:507)
	at org.apache.maven.surefire.booter.ForkedBooter.main(ForkedBooter.java:495)
13:35:26.264 [main] DEBUG io.netty.util.ResourceLeakDetector - -Dio.netty.leakDetection.level: simple
13:35:26.265 [main] DEBUG io.netty.util.ResourceLeakDetector - -Dio.netty.leakDetection.targetRecords: 4
13:35:26.269 [main] DEBUG io.netty.util.internal.InternalThreadLocalMap - -Dio.netty.threadLocalMap.stringBuilder.initialSize: 1024
13:35:26.269 [main] DEBUG io.netty.util.internal.InternalThreadLocalMap - -Dio.netty.threadLocalMap.stringBuilder.maxSize: 4096
13:35:26.272 [main] DEBUG io.netty.buffer.PooledByteBufAllocator - -Dio.netty.allocator.numHeapArenas: 0
13:35:26.272 [main] DEBUG io.netty.buffer.PooledByteBufAllocator - -Dio.netty.allocator.numDirectArenas: 2
13:35:26.272 [main] DEBUG io.netty.buffer.PooledByteBufAllocator - -Dio.netty.allocator.pageSize: 8192
13:35:26.272 [main] DEBUG io.netty.buffer.PooledByteBufAllocator - -Dio.netty.allocator.maxOrder: 9
13:35:26.272 [main] DEBUG io.netty.buffer.PooledByteBufAllocator - -Dio.netty.allocator.chunkSize: 4194304
13:35:26.272 [main] DEBUG io.netty.buffer.PooledByteBufAllocator - -Dio.netty.allocator.smallCacheSize: 256
13:35:26.272 [main] DEBUG io.netty.buffer.PooledByteBufAllocator - -Dio.netty.allocator.normalCacheSize: 64
13:35:26.272 [main] DEBUG io.netty.buffer.PooledByteBufAllocator - -Dio.netty.allocator.maxCachedBufferCapacity: 32768
13:35:26.272 [main] DEBUG io.netty.buffer.PooledByteBufAllocator - -Dio.netty.allocator.cacheTrimInterval: 8192
13:35:26.272 [main] DEBUG io.netty.buffer.PooledByteBufAllocator - -Dio.netty.allocator.cacheTrimIntervalMillis: 0
13:35:26.272 [main] DEBUG io.netty.buffer.PooledByteBufAllocator - -Dio.netty.allocator.useCacheForAllThreads: false
13:35:26.272 [main] DEBUG io.netty.buffer.PooledByteBufAllocator - -Dio.netty.allocator.maxCachedByteBuffersPerChunk: 1023
13:35:26.273 [main] DEBUG io.netty.buffer.AbstractByteBuf - -Dio.netty.buffer.checkAccessible: true
13:35:26.273 [main] DEBUG io.netty.buffer.AbstractByteBuf - -Dio.netty.buffer.checkBounds: true
13:35:26.273 [main] DEBUG io.netty.util.ResourceLeakDetectorFactory - Loaded default ResourceLeakDetector: io.netty.util.ResourceLeakDetector@5
13:35:26.280 [main] DEBUG io.netty.util.Recycler - -Dio.netty.recycler.maxCapacityPerThread: 4096
13:35:26.280 [main] DEBUG io.netty.util.Recycler - -Dio.netty.recycler.ratio: 8
13:35:26.280 [main] DEBUG io.netty.util.Recycler - -Dio.netty.recycler.chunkSize: 32
13:35:26.280 [main] DEBUG io.netty.util.Recycler - -Dio.netty.recycler.blocking: false
13:35:26.280 [main] DEBUG io.netty.util.Recycler - -Dio.netty.recycler.batchFastThreadLocalOnly: true
13:35:26.283 [main] DEBUG io.netty.util.internal.PlatformDependent - org.jctools-core.MpscChunkedArrayQueue: available
13:35:26.290 [main] DEBUG io.netty.buffer.ByteBufUtil - -Dio.netty.allocator.type: pooled
13:35:26.290 [main] DEBUG io.netty.buffer.ByteBufUtil - -Dio.netty.threadLocalDirectBufferSize: 0
13:35:26.290 [main] DEBUG io.netty.buffer.ByteBufUtil - -Dio.netty.maxThreadLocalCharBufferSize: 16384
]]></system-out>
  </testcase>
  <testcase name="test12" classname="io.netty.handler.codec.compression.ByteBufChecksum_ESTest" time="0.022">
    <system-out><![CDATA[13:35:26.323 [main] DEBUG io.netty.util.internal.logging.InternalLoggerFactory - Using SLF4J as the default logging framework
13:35:26.323 [main] DEBUG io.netty.util.internal.PlatformDependent0 - -Dio.netty.noUnsafe: false
13:35:26.323 [main] DEBUG io.netty.util.internal.PlatformDependent0 - Java version: 8
13:35:26.323 [main] DEBUG io.netty.util.internal.PlatformDependent0 - sun.misc.Unsafe.theUnsafe: available
13:35:26.323 [main] DEBUG io.netty.util.internal.PlatformDependent0 - sun.misc.Unsafe.copyMemory: available
13:35:26.323 [main] DEBUG io.netty.util.internal.PlatformDependent0 - sun.misc.Unsafe.storeFence: available
13:35:26.323 [main] DEBUG io.netty.util.internal.PlatformDependent0 - java.nio.Buffer.address: available
13:35:26.324 [main] DEBUG io.netty.util.internal.PlatformDependent0 - direct buffer constructor: available
13:35:26.324 [main] DEBUG io.netty.util.internal.PlatformDependent0 - java.nio.Bits.unaligned: available, true
13:35:26.324 [main] DEBUG io.netty.util.internal.PlatformDependent0 - jdk.internal.misc.Unsafe.allocateUninitializedArray(int): unavailable prior to Java9
13:35:26.324 [main] DEBUG io.netty.util.internal.PlatformDependent0 - java.nio.DirectByteBuffer.<init>(long, {int,long}): available
13:35:26.324 [main] DEBUG io.netty.util.internal.CleanerJava6 - java.nio.ByteBuffer.cleaner(): available
13:35:26.324 [main] DEBUG io.netty.util.internal.PlatformDependent - sun.misc.Unsafe: available
13:35:26.324 [main] DEBUG io.netty.util.internal.PlatformDependent - -Dio.netty.tmpdir: /tmp (java.io.tmpdir)
13:35:26.324 [main] DEBUG io.netty.util.internal.PlatformDependent - -Dio.netty.bitMode: 64 (sun.arch.data.model)
13:35:26.324 [main] DEBUG io.netty.util.internal.PlatformDependent - -Dio.netty.maxDirectMemory: 11420041216 bytes
13:35:26.324 [main] DEBUG io.netty.util.internal.PlatformDependent - -Dio.netty.uninitializedArrayAllocationThreshold: -1
13:35:26.324 [main] DEBUG io.netty.util.internal.PlatformDependent - -Dio.netty.noPreferDirect: false
13:35:26.325 [main] DEBUG io.netty.util.internal.CleanerJava9 - java.nio.ByteBuffer.cleaner(): unavailable
java.lang.NoSuchMethodException: sun.misc.Unsafe.invokeCleaner(java.nio.ByteBuffer)
	at java.lang.Class.getDeclaredMethod(Class.java:2130)
	at io.netty.util.internal.CleanerJava9$1.run(CleanerJava9.java:45)
	at java.security.AccessController.doPrivileged(Native Method)
	at io.netty.util.internal.CleanerJava9.__STATIC_RESET(CleanerJava9.java:40)
	at sun.reflect.GeneratedMethodAccessor26.invoke(Unknown Source)
	at sun.reflect.DelegatingMethodAccessorImpl.invoke(DelegatingMethodAccessorImpl.java:43)
	at java.lang.reflect.Method.invoke(Method.java:498)
	at org.evosuite.runtime.classhandling.ClassResetter.reset(ClassResetter.java:159)
	at org.evosuite.runtime.classhandling.ClassStateSupport.resetClasses(ClassStateSupport.java:137)
	at io.netty.handler.codec.compression.ByteBufChecksum_ESTest_scaffolding.resetClasses(ByteBufChecksum_ESTest_scaffolding.java:278)
	at io.netty.handler.codec.compression.ByteBufChecksum_ESTest_scaffolding.doneWithTestCase(ByteBufChecksum_ESTest_scaffolding.java:66)
	at sun.reflect.GeneratedMethodAccessor8.invoke(Unknown Source)
	at sun.reflect.DelegatingMethodAccessorImpl.invoke(DelegatingMethodAccessorImpl.java:43)
	at java.lang.reflect.Method.invoke(Method.java:498)
	at org.junit.runners.model.FrameworkMethod$1.runReflectiveCall(FrameworkMethod.java:59)
	at org.junit.internal.runners.model.ReflectiveCallable.run(ReflectiveCallable.java:12)
	at org.junit.runners.model.FrameworkMethod.invokeExplosively(FrameworkMethod.java:56)
	at org.junit.internal.runners.statements.RunAfters.invokeMethod(RunAfters.java:46)
	at org.junit.internal.runners.statements.RunAfters.evaluate(RunAfters.java:33)
	at org.evosuite.runtime.vnet.NonFunctionalRequirementRule$1.evaluate(NonFunctionalRequirementRule.java:41)
	at org.junit.runners.ParentRunner$3.evaluate(ParentRunner.java:306)
	at org.junit.runners.BlockJUnit4ClassRunner$1.evaluate(BlockJUnit4ClassRunner.java:100)
	at org.junit.runners.ParentRunner.runLeaf(ParentRunner.java:366)
	at org.junit.runners.BlockJUnit4ClassRunner.runChild(BlockJUnit4ClassRunner.java:103)
	at org.junit.runners.BlockJUnit4ClassRunner.runChild(BlockJUnit4ClassRunner.java:63)
	at org.junit.runners.ParentRunner$4.run(ParentRunner.java:331)
	at org.junit.runners.ParentRunner$1.schedule(ParentRunner.java:79)
	at org.junit.runners.ParentRunner.runChildren(ParentRunner.java:329)
	at org.junit.runners.ParentRunner.access$100(ParentRunner.java:66)
	at org.junit.runners.ParentRunner$2.evaluate(ParentRunner.java:293)
	at org.junit.internal.runners.statements.RunBefores.evaluate(RunBefores.java:26)
	at org.junit.internal.runners.statements.RunAfters.evaluate(RunAfters.java:27)
	at org.junit.runners.ParentRunner$3.evaluate(ParentRunner.java:306)
	at org.junit.runners.ParentRunner.run(ParentRunner.java:413)
	at org.apache.maven.surefire.junit4.JUnit4Provider.execute(JUnit4Provider.java:316)
	at org.apache.maven.surefire.junit4.JUnit4Provider.executeWithRerun(JUnit4Provider.java:240)
	at org.apache.maven.surefire.junit4.JUnit4Provider.executeTestSet(JUnit4Provider.java:214)
	at org.apache.maven.surefire.junit4.JUnit4Provider.invoke(JUnit4Provider.java:155)
	at org.apache.maven.surefire.booter.ForkedBooter.runSuitesInProcess(ForkedBooter.java:385)
	at org.apache.maven.surefire.booter.ForkedBooter.execute(ForkedBooter.java:162)
	at org.apache.maven.surefire.booter.ForkedBooter.run(ForkedBooter.java:507)
	at org.apache.maven.surefire.booter.ForkedBooter.main(ForkedBooter.java:495)
13:35:26.326 [main] DEBUG io.netty.util.ResourceLeakDetector - -Dio.netty.leakDetection.level: simple
13:35:26.326 [main] DEBUG io.netty.util.ResourceLeakDetector - -Dio.netty.leakDetection.targetRecords: 4
13:35:26.327 [main] DEBUG io.netty.util.internal.InternalThreadLocalMap - -Dio.netty.threadLocalMap.stringBuilder.initialSize: 1024
13:35:26.327 [main] DEBUG io.netty.util.internal.InternalThreadLocalMap - -Dio.netty.threadLocalMap.stringBuilder.maxSize: 4096
13:35:26.328 [main] DEBUG io.netty.buffer.PooledByteBufAllocator - -Dio.netty.allocator.numHeapArenas: 0
13:35:26.328 [main] DEBUG io.netty.buffer.PooledByteBufAllocator - -Dio.netty.allocator.numDirectArenas: 2
13:35:26.328 [main] DEBUG io.netty.buffer.PooledByteBufAllocator - -Dio.netty.allocator.pageSize: 8192
13:35:26.328 [main] DEBUG io.netty.buffer.PooledByteBufAllocator - -Dio.netty.allocator.maxOrder: 9
13:35:26.328 [main] DEBUG io.netty.buffer.PooledByteBufAllocator - -Dio.netty.allocator.chunkSize: 4194304
13:35:26.328 [main] DEBUG io.netty.buffer.PooledByteBufAllocator - -Dio.netty.allocator.smallCacheSize: 256
13:35:26.328 [main] DEBUG io.netty.buffer.PooledByteBufAllocator - -Dio.netty.allocator.normalCacheSize: 64
13:35:26.328 [main] DEBUG io.netty.buffer.PooledByteBufAllocator - -Dio.netty.allocator.maxCachedBufferCapacity: 32768
13:35:26.328 [main] DEBUG io.netty.buffer.PooledByteBufAllocator - -Dio.netty.allocator.cacheTrimInterval: 8192
13:35:26.328 [main] DEBUG io.netty.buffer.PooledByteBufAllocator - -Dio.netty.allocator.cacheTrimIntervalMillis: 0
13:35:26.328 [main] DEBUG io.netty.buffer.PooledByteBufAllocator - -Dio.netty.allocator.useCacheForAllThreads: false
13:35:26.328 [main] DEBUG io.netty.buffer.PooledByteBufAllocator - -Dio.netty.allocator.maxCachedByteBuffersPerChunk: 1023
13:35:26.328 [main] DEBUG io.netty.buffer.AbstractByteBuf - -Dio.netty.buffer.checkAccessible: true
13:35:26.328 [main] DEBUG io.netty.buffer.AbstractByteBuf - -Dio.netty.buffer.checkBounds: true
13:35:26.328 [main] DEBUG io.netty.util.ResourceLeakDetectorFactory - Loaded default ResourceLeakDetector: io.netty.util.ResourceLeakDetector@5
13:35:26.329 [main] DEBUG io.netty.util.Recycler - -Dio.netty.recycler.maxCapacityPerThread: 4096
13:35:26.329 [main] DEBUG io.netty.util.Recycler - -Dio.netty.recycler.ratio: 8
13:35:26.329 [main] DEBUG io.netty.util.Recycler - -Dio.netty.recycler.chunkSize: 32
13:35:26.329 [main] DEBUG io.netty.util.Recycler - -Dio.netty.recycler.blocking: false
13:35:26.329 [main] DEBUG io.netty.util.Recycler - -Dio.netty.recycler.batchFastThreadLocalOnly: true
13:35:26.329 [main] DEBUG io.netty.util.internal.PlatformDependent - org.jctools-core.MpscChunkedArrayQueue: available
13:35:26.330 [main] DEBUG io.netty.buffer.ByteBufUtil - -Dio.netty.allocator.type: pooled
13:35:26.330 [main] DEBUG io.netty.buffer.ByteBufUtil - -Dio.netty.threadLocalDirectBufferSize: 0
13:35:26.330 [main] DEBUG io.netty.buffer.ByteBufUtil - -Dio.netty.maxThreadLocalCharBufferSize: 16384
]]></system-out>
  </testcase>
  <testcase name="test00" classname="io.netty.handler.codec.compression.ByteBufChecksum_ESTest" time="0.018">
    <system-out><![CDATA[13:35:26.338 [main] INFO org.evosuite.runtime.thread.ThreadStopper - Found new thread
13:35:26.338 [main] DEBUG io.netty.util.internal.logging.InternalLoggerFactory - Using SLF4J as the default logging framework
13:35:26.339 [main] DEBUG io.netty.util.internal.PlatformDependent0 - -Dio.netty.noUnsafe: false
13:35:26.339 [main] DEBUG io.netty.util.internal.PlatformDependent0 - Java version: 8
13:35:26.339 [main] DEBUG io.netty.util.internal.PlatformDependent0 - sun.misc.Unsafe.theUnsafe: available
13:35:26.339 [main] DEBUG io.netty.util.internal.PlatformDependent0 - sun.misc.Unsafe.copyMemory: available
13:35:26.339 [main] DEBUG io.netty.util.internal.PlatformDependent0 - sun.misc.Unsafe.storeFence: available
13:35:26.339 [main] DEBUG io.netty.util.internal.PlatformDependent0 - java.nio.Buffer.address: available
13:35:26.339 [main] DEBUG io.netty.util.internal.PlatformDependent0 - direct buffer constructor: available
13:35:26.339 [main] DEBUG io.netty.util.internal.PlatformDependent0 - java.nio.Bits.unaligned: available, true
13:35:26.339 [main] DEBUG io.netty.util.internal.PlatformDependent0 - jdk.internal.misc.Unsafe.allocateUninitializedArray(int): unavailable prior to Java9
13:35:26.339 [main] DEBUG io.netty.util.internal.PlatformDependent0 - java.nio.DirectByteBuffer.<init>(long, {int,long}): available
13:35:26.339 [main] DEBUG io.netty.util.internal.CleanerJava6 - java.nio.ByteBuffer.cleaner(): available
13:35:26.339 [main] DEBUG io.netty.util.internal.PlatformDependent - sun.misc.Unsafe: available
13:35:26.339 [main] DEBUG io.netty.util.internal.PlatformDependent - -Dio.netty.tmpdir: /tmp (java.io.tmpdir)
13:35:26.339 [main] DEBUG io.netty.util.internal.PlatformDependent - -Dio.netty.bitMode: 64 (sun.arch.data.model)
13:35:26.340 [main] DEBUG io.netty.util.internal.PlatformDependent - -Dio.netty.maxDirectMemory: 11420041216 bytes
13:35:26.340 [main] DEBUG io.netty.util.internal.PlatformDependent - -Dio.netty.uninitializedArrayAllocationThreshold: -1
13:35:26.340 [main] DEBUG io.netty.util.internal.PlatformDependent - -Dio.netty.noPreferDirect: false
13:35:26.340 [main] DEBUG io.netty.util.internal.CleanerJava9 - java.nio.ByteBuffer.cleaner(): unavailable
java.lang.NoSuchMethodException: sun.misc.Unsafe.invokeCleaner(java.nio.ByteBuffer)
	at java.lang.Class.getDeclaredMethod(Class.java:2130)
	at io.netty.util.internal.CleanerJava9$1.run(CleanerJava9.java:45)
	at java.security.AccessController.doPrivileged(Native Method)
	at io.netty.util.internal.CleanerJava9.__STATIC_RESET(CleanerJava9.java:40)
	at sun.reflect.GeneratedMethodAccessor26.invoke(Unknown Source)
	at sun.reflect.DelegatingMethodAccessorImpl.invoke(DelegatingMethodAccessorImpl.java:43)
	at java.lang.reflect.Method.invoke(Method.java:498)
	at org.evosuite.runtime.classhandling.ClassResetter.reset(ClassResetter.java:159)
	at org.evosuite.runtime.classhandling.ClassStateSupport.resetClasses(ClassStateSupport.java:137)
	at io.netty.handler.codec.compression.ByteBufChecksum_ESTest_scaffolding.resetClasses(ByteBufChecksum_ESTest_scaffolding.java:278)
	at io.netty.handler.codec.compression.ByteBufChecksum_ESTest_scaffolding.doneWithTestCase(ByteBufChecksum_ESTest_scaffolding.java:66)
	at sun.reflect.GeneratedMethodAccessor8.invoke(Unknown Source)
	at sun.reflect.DelegatingMethodAccessorImpl.invoke(DelegatingMethodAccessorImpl.java:43)
	at java.lang.reflect.Method.invoke(Method.java:498)
	at org.junit.runners.model.FrameworkMethod$1.runReflectiveCall(FrameworkMethod.java:59)
	at org.junit.internal.runners.model.ReflectiveCallable.run(ReflectiveCallable.java:12)
	at org.junit.runners.model.FrameworkMethod.invokeExplosively(FrameworkMethod.java:56)
	at org.junit.internal.runners.statements.RunAfters.invokeMethod(RunAfters.java:46)
	at org.junit.internal.runners.statements.RunAfters.evaluate(RunAfters.java:33)
	at org.evosuite.runtime.vnet.NonFunctionalRequirementRule$1.evaluate(NonFunctionalRequirementRule.java:41)
	at org.junit.runners.ParentRunner$3.evaluate(ParentRunner.java:306)
	at org.junit.runners.BlockJUnit4ClassRunner$1.evaluate(BlockJUnit4ClassRunner.java:100)
	at org.junit.runners.ParentRunner.runLeaf(ParentRunner.java:366)
	at org.junit.runners.BlockJUnit4ClassRunner.runChild(BlockJUnit4ClassRunner.java:103)
	at org.junit.runners.BlockJUnit4ClassRunner.runChild(BlockJUnit4ClassRunner.java:63)
	at org.junit.runners.ParentRunner$4.run(ParentRunner.java:331)
	at org.junit.runners.ParentRunner$1.schedule(ParentRunner.java:79)
	at org.junit.runners.ParentRunner.runChildren(ParentRunner.java:329)
	at org.junit.runners.ParentRunner.access$100(ParentRunner.java:66)
	at org.junit.runners.ParentRunner$2.evaluate(ParentRunner.java:293)
	at org.junit.internal.runners.statements.RunBefores.evaluate(RunBefores.java:26)
	at org.junit.internal.runners.statements.RunAfters.evaluate(RunAfters.java:27)
	at org.junit.runners.ParentRunner$3.evaluate(ParentRunner.java:306)
	at org.junit.runners.ParentRunner.run(ParentRunner.java:413)
	at org.apache.maven.surefire.junit4.JUnit4Provider.execute(JUnit4Provider.java:316)
	at org.apache.maven.surefire.junit4.JUnit4Provider.executeWithRerun(JUnit4Provider.java:240)
	at org.apache.maven.surefire.junit4.JUnit4Provider.executeTestSet(JUnit4Provider.java:214)
	at org.apache.maven.surefire.junit4.JUnit4Provider.invoke(JUnit4Provider.java:155)
	at org.apache.maven.surefire.booter.ForkedBooter.runSuitesInProcess(ForkedBooter.java:385)
	at org.apache.maven.surefire.booter.ForkedBooter.execute(ForkedBooter.java:162)
	at org.apache.maven.surefire.booter.ForkedBooter.run(ForkedBooter.java:507)
	at org.apache.maven.surefire.booter.ForkedBooter.main(ForkedBooter.java:495)
13:35:26.342 [main] DEBUG io.netty.util.ResourceLeakDetector - -Dio.netty.leakDetection.level: simple
13:35:26.342 [main] DEBUG io.netty.util.ResourceLeakDetector - -Dio.netty.leakDetection.targetRecords: 4
13:35:26.343 [main] DEBUG io.netty.util.internal.InternalThreadLocalMap - -Dio.netty.threadLocalMap.stringBuilder.initialSize: 1024
13:35:26.343 [main] DEBUG io.netty.util.internal.InternalThreadLocalMap - -Dio.netty.threadLocalMap.stringBuilder.maxSize: 4096
13:35:26.343 [main] DEBUG io.netty.buffer.PooledByteBufAllocator - -Dio.netty.allocator.numHeapArenas: 0
13:35:26.343 [main] DEBUG io.netty.buffer.PooledByteBufAllocator - -Dio.netty.allocator.numDirectArenas: 2
13:35:26.343 [main] DEBUG io.netty.buffer.PooledByteBufAllocator - -Dio.netty.allocator.pageSize: 8192
13:35:26.343 [main] DEBUG io.netty.buffer.PooledByteBufAllocator - -Dio.netty.allocator.maxOrder: 9
13:35:26.343 [main] DEBUG io.netty.buffer.PooledByteBufAllocator - -Dio.netty.allocator.chunkSize: 4194304
13:35:26.343 [main] DEBUG io.netty.buffer.PooledByteBufAllocator - -Dio.netty.allocator.smallCacheSize: 256
13:35:26.343 [main] DEBUG io.netty.buffer.PooledByteBufAllocator - -Dio.netty.allocator.normalCacheSize: 64
13:35:26.343 [main] DEBUG io.netty.buffer.PooledByteBufAllocator - -Dio.netty.allocator.maxCachedBufferCapacity: 32768
13:35:26.343 [main] DEBUG io.netty.buffer.PooledByteBufAllocator - -Dio.netty.allocator.cacheTrimInterval: 8192
13:35:26.343 [main] DEBUG io.netty.buffer.PooledByteBufAllocator - -Dio.netty.allocator.cacheTrimIntervalMillis: 0
13:35:26.343 [main] DEBUG io.netty.buffer.PooledByteBufAllocator - -Dio.netty.allocator.useCacheForAllThreads: false
13:35:26.344 [main] DEBUG io.netty.buffer.PooledByteBufAllocator - -Dio.netty.allocator.maxCachedByteBuffersPerChunk: 1023
13:35:26.344 [main] DEBUG io.netty.buffer.AbstractByteBuf - -Dio.netty.buffer.checkAccessible: true
13:35:26.344 [main] DEBUG io.netty.buffer.AbstractByteBuf - -Dio.netty.buffer.checkBounds: true
13:35:26.344 [main] DEBUG io.netty.util.ResourceLeakDetectorFactory - Loaded default ResourceLeakDetector: io.netty.util.ResourceLeakDetector@5
13:35:26.345 [main] DEBUG io.netty.util.Recycler - -Dio.netty.recycler.maxCapacityPerThread: 4096
13:35:26.345 [main] DEBUG io.netty.util.Recycler - -Dio.netty.recycler.ratio: 8
13:35:26.345 [main] DEBUG io.netty.util.Recycler - -Dio.netty.recycler.chunkSize: 32
13:35:26.345 [main] DEBUG io.netty.util.Recycler - -Dio.netty.recycler.blocking: false
13:35:26.345 [main] DEBUG io.netty.util.Recycler - -Dio.netty.recycler.batchFastThreadLocalOnly: true
13:35:26.345 [main] DEBUG io.netty.util.internal.PlatformDependent - org.jctools-core.MpscChunkedArrayQueue: available
13:35:26.346 [main] DEBUG io.netty.buffer.ByteBufUtil - -Dio.netty.allocator.type: pooled
13:35:26.346 [main] DEBUG io.netty.buffer.ByteBufUtil - -Dio.netty.threadLocalDirectBufferSize: 0
13:35:26.346 [main] DEBUG io.netty.buffer.ByteBufUtil - -Dio.netty.maxThreadLocalCharBufferSize: 16384
]]></system-out>
  </testcase>
  <testcase name="test11" classname="io.netty.handler.codec.compression.ByteBufChecksum_ESTest" time="0.018">
    <system-out><![CDATA[13:35:26.354 [main] INFO org.evosuite.runtime.thread.ThreadStopper - Found new thread
13:35:26.355 [main] DEBUG io.netty.util.internal.logging.InternalLoggerFactory - Using SLF4J as the default logging framework
13:35:26.355 [main] DEBUG io.netty.util.internal.PlatformDependent0 - -Dio.netty.noUnsafe: false
13:35:26.355 [main] DEBUG io.netty.util.internal.PlatformDependent0 - Java version: 8
13:35:26.355 [main] DEBUG io.netty.util.internal.PlatformDependent0 - sun.misc.Unsafe.theUnsafe: available
13:35:26.355 [main] DEBUG io.netty.util.internal.PlatformDependent0 - sun.misc.Unsafe.copyMemory: available
13:35:26.355 [main] DEBUG io.netty.util.internal.PlatformDependent0 - sun.misc.Unsafe.storeFence: available
13:35:26.355 [main] DEBUG io.netty.util.internal.PlatformDependent0 - java.nio.Buffer.address: available
13:35:26.355 [main] DEBUG io.netty.util.internal.PlatformDependent0 - direct buffer constructor: available
13:35:26.356 [main] DEBUG io.netty.util.internal.PlatformDependent0 - java.nio.Bits.unaligned: available, true
13:35:26.356 [main] DEBUG io.netty.util.internal.PlatformDependent0 - jdk.internal.misc.Unsafe.allocateUninitializedArray(int): unavailable prior to Java9
13:35:26.356 [main] DEBUG io.netty.util.internal.PlatformDependent0 - java.nio.DirectByteBuffer.<init>(long, {int,long}): available
13:35:26.356 [main] DEBUG io.netty.util.internal.CleanerJava6 - java.nio.ByteBuffer.cleaner(): available
13:35:26.356 [main] DEBUG io.netty.util.internal.PlatformDependent - sun.misc.Unsafe: available
13:35:26.356 [main] DEBUG io.netty.util.internal.PlatformDependent - -Dio.netty.tmpdir: /tmp (java.io.tmpdir)
13:35:26.356 [main] DEBUG io.netty.util.internal.PlatformDependent - -Dio.netty.bitMode: 64 (sun.arch.data.model)
13:35:26.357 [main] DEBUG io.netty.util.internal.PlatformDependent - -Dio.netty.maxDirectMemory: 11420041216 bytes
13:35:26.357 [main] DEBUG io.netty.util.internal.PlatformDependent - -Dio.netty.uninitializedArrayAllocationThreshold: -1
13:35:26.357 [main] DEBUG io.netty.util.internal.PlatformDependent - -Dio.netty.noPreferDirect: false
13:35:26.358 [main] DEBUG io.netty.util.internal.CleanerJava9 - java.nio.ByteBuffer.cleaner(): unavailable
java.lang.NoSuchMethodException: sun.misc.Unsafe.invokeCleaner(java.nio.ByteBuffer)
	at java.lang.Class.getDeclaredMethod(Class.java:2130)
	at io.netty.util.internal.CleanerJava9$1.run(CleanerJava9.java:45)
	at java.security.AccessController.doPrivileged(Native Method)
	at io.netty.util.internal.CleanerJava9.__STATIC_RESET(CleanerJava9.java:40)
	at sun.reflect.GeneratedMethodAccessor26.invoke(Unknown Source)
	at sun.reflect.DelegatingMethodAccessorImpl.invoke(DelegatingMethodAccessorImpl.java:43)
	at java.lang.reflect.Method.invoke(Method.java:498)
	at org.evosuite.runtime.classhandling.ClassResetter.reset(ClassResetter.java:159)
	at org.evosuite.runtime.classhandling.ClassStateSupport.resetClasses(ClassStateSupport.java:137)
	at io.netty.handler.codec.compression.ByteBufChecksum_ESTest_scaffolding.resetClasses(ByteBufChecksum_ESTest_scaffolding.java:278)
	at io.netty.handler.codec.compression.ByteBufChecksum_ESTest_scaffolding.doneWithTestCase(ByteBufChecksum_ESTest_scaffolding.java:66)
	at sun.reflect.GeneratedMethodAccessor8.invoke(Unknown Source)
	at sun.reflect.DelegatingMethodAccessorImpl.invoke(DelegatingMethodAccessorImpl.java:43)
	at java.lang.reflect.Method.invoke(Method.java:498)
	at org.junit.runners.model.FrameworkMethod$1.runReflectiveCall(FrameworkMethod.java:59)
	at org.junit.internal.runners.model.ReflectiveCallable.run(ReflectiveCallable.java:12)
	at org.junit.runners.model.FrameworkMethod.invokeExplosively(FrameworkMethod.java:56)
	at org.junit.internal.runners.statements.RunAfters.invokeMethod(RunAfters.java:46)
	at org.junit.internal.runners.statements.RunAfters.evaluate(RunAfters.java:33)
	at org.evosuite.runtime.vnet.NonFunctionalRequirementRule$1.evaluate(NonFunctionalRequirementRule.java:41)
	at org.junit.runners.ParentRunner$3.evaluate(ParentRunner.java:306)
	at org.junit.runners.BlockJUnit4ClassRunner$1.evaluate(BlockJUnit4ClassRunner.java:100)
	at org.junit.runners.ParentRunner.runLeaf(ParentRunner.java:366)
	at org.junit.runners.BlockJUnit4ClassRunner.runChild(BlockJUnit4ClassRunner.java:103)
	at org.junit.runners.BlockJUnit4ClassRunner.runChild(BlockJUnit4ClassRunner.java:63)
	at org.junit.runners.ParentRunner$4.run(ParentRunner.java:331)
	at org.junit.runners.ParentRunner$1.schedule(ParentRunner.java:79)
	at org.junit.runners.ParentRunner.runChildren(ParentRunner.java:329)
	at org.junit.runners.ParentRunner.access$100(ParentRunner.java:66)
	at org.junit.runners.ParentRunner$2.evaluate(ParentRunner.java:293)
	at org.junit.internal.runners.statements.RunBefores.evaluate(RunBefores.java:26)
	at org.junit.internal.runners.statements.RunAfters.evaluate(RunAfters.java:27)
	at org.junit.runners.ParentRunner$3.evaluate(ParentRunner.java:306)
	at org.junit.runners.ParentRunner.run(ParentRunner.java:413)
	at org.apache.maven.surefire.junit4.JUnit4Provider.execute(JUnit4Provider.java:316)
	at org.apache.maven.surefire.junit4.JUnit4Provider.executeWithRerun(JUnit4Provider.java:240)
	at org.apache.maven.surefire.junit4.JUnit4Provider.executeTestSet(JUnit4Provider.java:214)
	at org.apache.maven.surefire.junit4.JUnit4Provider.invoke(JUnit4Provider.java:155)
	at org.apache.maven.surefire.booter.ForkedBooter.runSuitesInProcess(ForkedBooter.java:385)
	at org.apache.maven.surefire.booter.ForkedBooter.execute(ForkedBooter.java:162)
	at org.apache.maven.surefire.booter.ForkedBooter.run(ForkedBooter.java:507)
	at org.apache.maven.surefire.booter.ForkedBooter.main(ForkedBooter.java:495)
13:35:26.360 [main] DEBUG io.netty.util.ResourceLeakDetector - -Dio.netty.leakDetection.level: simple
13:35:26.360 [main] DEBUG io.netty.util.ResourceLeakDetector - -Dio.netty.leakDetection.targetRecords: 4
13:35:26.361 [main] DEBUG io.netty.util.internal.InternalThreadLocalMap - -Dio.netty.threadLocalMap.stringBuilder.initialSize: 1024
13:35:26.361 [main] DEBUG io.netty.util.internal.InternalThreadLocalMap - -Dio.netty.threadLocalMap.stringBuilder.maxSize: 4096
13:35:26.366 [main] DEBUG io.netty.buffer.PooledByteBufAllocator - -Dio.netty.allocator.numHeapArenas: 0
13:35:26.366 [main] DEBUG io.netty.buffer.PooledByteBufAllocator - -Dio.netty.allocator.numDirectArenas: 2
13:35:26.366 [main] DEBUG io.netty.buffer.PooledByteBufAllocator - -Dio.netty.allocator.pageSize: 8192
13:35:26.366 [main] DEBUG io.netty.buffer.PooledByteBufAllocator - -Dio.netty.allocator.maxOrder: 9
13:35:26.366 [main] DEBUG io.netty.buffer.PooledByteBufAllocator - -Dio.netty.allocator.chunkSize: 4194304
13:35:26.366 [main] DEBUG io.netty.buffer.PooledByteBufAllocator - -Dio.netty.allocator.smallCacheSize: 256
13:35:26.366 [main] DEBUG io.netty.buffer.PooledByteBufAllocator - -Dio.netty.allocator.normalCacheSize: 64
13:35:26.366 [main] DEBUG io.netty.buffer.PooledByteBufAllocator - -Dio.netty.allocator.maxCachedBufferCapacity: 32768
13:35:26.366 [main] DEBUG io.netty.buffer.PooledByteBufAllocator - -Dio.netty.allocator.cacheTrimInterval: 8192
13:35:26.366 [main] DEBUG io.netty.buffer.PooledByteBufAllocator - -Dio.netty.allocator.cacheTrimIntervalMillis: 0
13:35:26.366 [main] DEBUG io.netty.buffer.PooledByteBufAllocator - -Dio.netty.allocator.useCacheForAllThreads: false
13:35:26.366 [main] DEBUG io.netty.buffer.PooledByteBufAllocator - -Dio.netty.allocator.maxCachedByteBuffersPerChunk: 1023
13:35:26.372 [main] DEBUG io.netty.buffer.AbstractByteBuf - -Dio.netty.buffer.checkAccessible: true
13:35:26.372 [main] DEBUG io.netty.buffer.AbstractByteBuf - -Dio.netty.buffer.checkBounds: true
13:35:26.372 [main] DEBUG io.netty.util.ResourceLeakDetectorFactory - Loaded default ResourceLeakDetector: io.netty.util.ResourceLeakDetector@5
13:35:26.376 [main] DEBUG io.netty.util.Recycler - -Dio.netty.recycler.maxCapacityPerThread: 4096
13:35:26.376 [main] DEBUG io.netty.util.Recycler - -Dio.netty.recycler.ratio: 8
13:35:26.376 [main] DEBUG io.netty.util.Recycler - -Dio.netty.recycler.chunkSize: 32
13:35:26.376 [main] DEBUG io.netty.util.Recycler - -Dio.netty.recycler.blocking: false
13:35:26.376 [main] DEBUG io.netty.util.Recycler - -Dio.netty.recycler.batchFastThreadLocalOnly: true
13:35:26.377 [main] DEBUG io.netty.util.internal.PlatformDependent - org.jctools-core.MpscChunkedArrayQueue: available
13:35:26.378 [main] DEBUG io.netty.buffer.ByteBufUtil - -Dio.netty.allocator.type: pooled
13:35:26.379 [main] DEBUG io.netty.buffer.ByteBufUtil - -Dio.netty.threadLocalDirectBufferSize: 0
13:35:26.379 [main] DEBUG io.netty.buffer.ByteBufUtil - -Dio.netty.maxThreadLocalCharBufferSize: 16384
]]></system-out>
  </testcase>
</testsuite>