<?xml version="1.0" encoding="UTF-8"?>
<testsuite xmlns:xsi="http://www.w3.org/2001/XMLSchema-instance" xsi:noNamespaceSchemaLocation="https://maven.apache.org/surefire/maven-surefire-plugin/xsd/surefire-test-report-3.0.xsd" version="3.0" name="org.apache.commons.io.input.Tailer_ESTest" time="0.369" tests="35" errors="0" skipped="0" failures="0">
  <properties>
    <property name="awt.toolkit" value="sun.awt.X11.XToolkit"/>
    <property name="file.encoding.pkg" value="sun.io"/>
    <property name="java.specification.version" value="1.8"/>
    <property name="sun.cpu.isalist" value=""/>
    <property name="sun.jnu.encoding" value="UTF-8"/>
    <property name="java.class.path" value="/home/wtwhite/code/regression-test-generation/find-diff-classes/compile/mvnc/commons-io/commons-io/2.15.0/target/test-classes:/home/wtwhite/code/regression-test-generation/find-diff-classes/compile/mvnc/commons-io/commons-io/2.15.0/target/classes:/home/wtwhite/code/craw-redhat-oss/wget/crawl/repo1.maven.org/maven2/commons-io/commons-io/2.15.0/commons-io-2.15.0.jar:/home/wtwhite/code/regression-test-generation/find-diff-classes/compile/mvnc/commons-io/commons-io/2.15.0/t/dependency/apiguardian-api-1.1.2.jar:/home/wtwhite/code/regression-test-generation/find-diff-classes/compile/mvnc/commons-io/commons-io/2.15.0/t/dependency/byte-buddy-1.14.9.jar:/home/wtwhite/code/regression-test-generation/find-diff-classes/compile/mvnc/commons-io/commons-io/2.15.0/t/dependency/byte-buddy-agent-1.14.9.jar:/home/wtwhite/code/regression-test-generation/find-diff-classes/compile/mvnc/commons-io/commons-io/2.15.0/t/dependency/checker-qual-3.33.0.jar:/home/wtwhite/code/regression-test-generation/find-diff-classes/compile/mvnc/commons-io/commons-io/2.15.0/t/dependency/commons-codec-1.16.0.jar:/home/wtwhite/code/regression-test-generation/find-diff-classes/compile/mvnc/commons-io/commons-io/2.15.0/t/dependency/commons-lang3-3.13.0.jar:/home/wtwhite/code/regression-test-generation/find-diff-classes/compile/mvnc/commons-io/commons-io/2.15.0/t/dependency/commons-math3-3.6.1.jar:/home/wtwhite/code/regression-test-generation/find-diff-classes/compile/mvnc/commons-io/commons-io/2.15.0/t/dependency/error_prone_annotations-2.18.0.jar:/home/wtwhite/code/regression-test-generation/find-diff-classes/compile/mvnc/commons-io/commons-io/2.15.0/t/dependency/failureaccess-1.0.1.jar:/home/wtwhite/code/regression-test-generation/find-diff-classes/compile/mvnc/commons-io/commons-io/2.15.0/t/dependency/guava-32.1.1-jre.jar:/home/wtwhite/code/regression-test-generation/find-diff-classes/compile/mvnc/commons-io/commons-io/2.15.0/t/dependency/j2objc-annotations-2.8.jar:/home/wtwhite/code/regression-test-generation/find-diff-classes/compile/mvnc/commons-io/commons-io/2.15.0/t/dependency/jimfs-1.3.0.jar:/home/wtwhite/code/regression-test-generation/find-diff-classes/compile/mvnc/commons-io/commons-io/2.15.0/t/dependency/jmh-core-1.37.jar:/home/wtwhite/code/regression-test-generation/find-diff-classes/compile/mvnc/commons-io/commons-io/2.15.0/t/dependency/jmh-generator-annprocess-1.37.jar:/home/wtwhite/code/regression-test-generation/find-diff-classes/compile/mvnc/commons-io/commons-io/2.15.0/t/dependency/jopt-simple-5.0.4.jar:/home/wtwhite/code/regression-test-generation/find-diff-classes/compile/mvnc/commons-io/commons-io/2.15.0/t/dependency/jsr305-3.0.2.jar:/home/wtwhite/code/regression-test-generation/find-diff-classes/compile/mvnc/commons-io/commons-io/2.15.0/t/dependency/junit-jupiter-5.10.0.jar:/home/wtwhite/code/regression-test-generation/find-diff-classes/compile/mvnc/commons-io/commons-io/2.15.0/t/dependency/junit-jupiter-api-5.10.0.jar:/home/wtwhite/code/regression-test-generation/find-diff-classes/compile/mvnc/commons-io/commons-io/2.15.0/t/dependency/junit-jupiter-engine-5.10.0.jar:/home/wtwhite/code/regression-test-generation/find-diff-classes/compile/mvnc/commons-io/commons-io/2.15.0/t/dependency/junit-jupiter-params-5.10.0.jar:/home/wtwhite/code/regression-test-generation/find-diff-classes/compile/mvnc/commons-io/commons-io/2.15.0/t/dependency/junit-pioneer-1.9.1.jar:/home/wtwhite/code/regression-test-generation/find-diff-classes/compile/mvnc/commons-io/commons-io/2.15.0/t/dependency/junit-platform-commons-1.10.0.jar:/home/wtwhite/code/regression-test-generation/find-diff-classes/compile/mvnc/commons-io/commons-io/2.15.0/t/dependency/junit-platform-engine-1.10.0.jar:/home/wtwhite/code/regression-test-generation/find-diff-classes/compile/mvnc/commons-io/commons-io/2.15.0/t/dependency/junit-platform-launcher-1.10.0.jar:/home/wtwhite/code/regression-test-generation/find-diff-classes/compile/mvnc/commons-io/commons-io/2.15.0/t/dependency/listenablefuture-9999.0-empty-to-avoid-conflict-with-guava.jar:/home/wtwhite/code/regression-test-generation/find-diff-classes/compile/mvnc/commons-io/commons-io/2.15.0/t/dependency/mockito-core-4.11.0.jar:/home/wtwhite/code/regression-test-generation/find-diff-classes/compile/mvnc/commons-io/commons-io/2.15.0/t/dependency/mockito-inline-4.11.0.jar:/home/wtwhite/code/regression-test-generation/find-diff-classes/compile/mvnc/commons-io/commons-io/2.15.0/t/dependency/objenesis-3.3.jar:/home/wtwhite/code/regression-test-generation/find-diff-classes/compile/mvnc/commons-io/commons-io/2.15.0/t/dependency/opentest4j-1.3.0.jar:/home/wtwhite/code/regression-test-generation/evosuite/evosuite-standalone-runtime-1.2.0.jar:/home/wtwhite/.m2/repository/junit/junit/4.13.2/junit-4.13.2.jar:/home/wtwhite/.m2/repository/org/hamcrest/hamcrest-core/1.3/hamcrest-core-1.3.jar:"/>
    <property name="java.vm.vendor" value="Private Build"/>
    <property name="sun.arch.data.model" value="64"/>
    <property name="java.vendor.url" value="http://java.oracle.com/"/>
    <property name="user.timezone" value=""/>
    <property name="java.vm.specification.version" value="1.8"/>
    <property name="os.name" value="Linux"/>
    <property name="RUNDIR" value="/home/wtwhite/code/regression-test-generation/find-diff-classes/run-mvn"/>
    <property name="user.country" value="NZ"/>
    <property name="sun.java.launcher" value="SUN_STANDARD"/>
    <property name="sun.boot.library.path" value="/usr/lib/jvm/java-8-openjdk-amd64/jre/lib/amd64"/>
    <property name="sun.java.command" value="/home/wtwhite/code/regression-test-generation/find-diff-classes/compile/mvnc/commons-io/commons-io/2.15.0/target/surefire/surefirebooter-20241106133347933_3.jar /home/wtwhite/code/regression-test-generation/find-diff-classes/compile/mvnc/commons-io/commons-io/2.15.0/target/surefire 2024-11-06T13-33-47_702-jvmRun1 surefire-20241106133347933_1tmp surefire_0-20241106133347933_2tmp"/>
    <property name="surefire.test.class.path" value="/home/wtwhite/code/regression-test-generation/find-diff-classes/compile/mvnc/commons-io/commons-io/2.15.0/target/test-classes:/home/wtwhite/code/regression-test-generation/find-diff-classes/compile/mvnc/commons-io/commons-io/2.15.0/target/classes:/home/wtwhite/code/craw-redhat-oss/wget/crawl/repo1.maven.org/maven2/commons-io/commons-io/2.15.0/commons-io-2.15.0.jar:/home/wtwhite/code/regression-test-generation/find-diff-classes/compile/mvnc/commons-io/commons-io/2.15.0/t/dependency/apiguardian-api-1.1.2.jar:/home/wtwhite/code/regression-test-generation/find-diff-classes/compile/mvnc/commons-io/commons-io/2.15.0/t/dependency/byte-buddy-1.14.9.jar:/home/wtwhite/code/regression-test-generation/find-diff-classes/compile/mvnc/commons-io/commons-io/2.15.0/t/dependency/byte-buddy-agent-1.14.9.jar:/home/wtwhite/code/regression-test-generation/find-diff-classes/compile/mvnc/commons-io/commons-io/2.15.0/t/dependency/checker-qual-3.33.0.jar:/home/wtwhite/code/regression-test-generation/find-diff-classes/compile/mvnc/commons-io/commons-io/2.15.0/t/dependency/commons-codec-1.16.0.jar:/home/wtwhite/code/regression-test-generation/find-diff-classes/compile/mvnc/commons-io/commons-io/2.15.0/t/dependency/commons-lang3-3.13.0.jar:/home/wtwhite/code/regression-test-generation/find-diff-classes/compile/mvnc/commons-io/commons-io/2.15.0/t/dependency/commons-math3-3.6.1.jar:/home/wtwhite/code/regression-test-generation/find-diff-classes/compile/mvnc/commons-io/commons-io/2.15.0/t/dependency/error_prone_annotations-2.18.0.jar:/home/wtwhite/code/regression-test-generation/find-diff-classes/compile/mvnc/commons-io/commons-io/2.15.0/t/dependency/failureaccess-1.0.1.jar:/home/wtwhite/code/regression-test-generation/find-diff-classes/compile/mvnc/commons-io/commons-io/2.15.0/t/dependency/guava-32.1.1-jre.jar:/home/wtwhite/code/regression-test-generation/find-diff-classes/compile/mvnc/commons-io/commons-io/2.15.0/t/dependency/j2objc-annotations-2.8.jar:/home/wtwhite/code/regression-test-generation/find-diff-classes/compile/mvnc/commons-io/commons-io/2.15.0/t/dependency/jimfs-1.3.0.jar:/home/wtwhite/code/regression-test-generation/find-diff-classes/compile/mvnc/commons-io/commons-io/2.15.0/t/dependency/jmh-core-1.37.jar:/home/wtwhite/code/regression-test-generation/find-diff-classes/compile/mvnc/commons-io/commons-io/2.15.0/t/dependency/jmh-generator-annprocess-1.37.jar:/home/wtwhite/code/regression-test-generation/find-diff-classes/compile/mvnc/commons-io/commons-io/2.15.0/t/dependency/jopt-simple-5.0.4.jar:/home/wtwhite/code/regression-test-generation/find-diff-classes/compile/mvnc/commons-io/commons-io/2.15.0/t/dependency/jsr305-3.0.2.jar:/home/wtwhite/code/regression-test-generation/find-diff-classes/compile/mvnc/commons-io/commons-io/2.15.0/t/dependency/junit-jupiter-5.10.0.jar:/home/wtwhite/code/regression-test-generation/find-diff-classes/compile/mvnc/commons-io/commons-io/2.15.0/t/dependency/junit-jupiter-api-5.10.0.jar:/home/wtwhite/code/regression-test-generation/find-diff-classes/compile/mvnc/commons-io/commons-io/2.15.0/t/dependency/junit-jupiter-engine-5.10.0.jar:/home/wtwhite/code/regression-test-generation/find-diff-classes/compile/mvnc/commons-io/commons-io/2.15.0/t/dependency/junit-jupiter-params-5.10.0.jar:/home/wtwhite/code/regression-test-generation/find-diff-classes/compile/mvnc/commons-io/commons-io/2.15.0/t/dependency/junit-pioneer-1.9.1.jar:/home/wtwhite/code/regression-test-generation/find-diff-classes/compile/mvnc/commons-io/commons-io/2.15.0/t/dependency/junit-platform-commons-1.10.0.jar:/home/wtwhite/code/regression-test-generation/find-diff-classes/compile/mvnc/commons-io/commons-io/2.15.0/t/dependency/junit-platform-engine-1.10.0.jar:/home/wtwhite/code/regression-test-generation/find-diff-classes/compile/mvnc/commons-io/commons-io/2.15.0/t/dependency/junit-platform-launcher-1.10.0.jar:/home/wtwhite/code/regression-test-generation/find-diff-classes/compile/mvnc/commons-io/commons-io/2.15.0/t/dependency/listenablefuture-9999.0-empty-to-avoid-conflict-with-guava.jar:/home/wtwhite/code/regression-test-generation/find-diff-classes/compile/mvnc/commons-io/commons-io/2.15.0/t/dependency/mockito-core-4.11.0.jar:/home/wtwhite/code/regression-test-generation/find-diff-classes/compile/mvnc/commons-io/commons-io/2.15.0/t/dependency/mockito-inline-4.11.0.jar:/home/wtwhite/code/regression-test-generation/find-diff-classes/compile/mvnc/commons-io/commons-io/2.15.0/t/dependency/objenesis-3.3.jar:/home/wtwhite/code/regression-test-generation/find-diff-classes/compile/mvnc/commons-io/commons-io/2.15.0/t/dependency/opentest4j-1.3.0.jar:/home/wtwhite/code/regression-test-generation/evosuite/evosuite-standalone-runtime-1.2.0.jar:/home/wtwhite/.m2/repository/junit/junit/4.13.2/junit-4.13.2.jar:/home/wtwhite/.m2/repository/org/hamcrest/hamcrest-core/1.3/hamcrest-core-1.3.jar:"/>
    <property name="sun.cpu.endian" value="little"/>
    <property name="user.home" value="/home/wtwhite"/>
    <property name="user.language" value="en"/>
    <property name="java.specification.vendor" value="Oracle Corporation"/>
    <property name="java.home" value="/usr/lib/jvm/java-8-openjdk-amd64/jre"/>
    <property name="basedir" value="/home/wtwhite/code/regression-test-generation/find-diff-classes/compile/mvnc/commons-io/commons-io/2.15.0"/>
    <property name="file.separator" value="/"/>
    <property name="line.separator" value="&#10;"/>
    <property name="java.vm.specification.vendor" value="Oracle Corporation"/>
    <property name="java.specification.name" value="Java Platform API Specification"/>
    <property name="java.awt.graphicsenv" value="sun.awt.X11GraphicsEnvironment"/>
    <property name="surefire.real.class.path" value="/home/wtwhite/code/regression-test-generation/find-diff-classes/compile/mvnc/commons-io/commons-io/2.15.0/target/surefire/surefirebooter-20241106133347933_3.jar"/>
    <property name="sun.boot.class.path" value="/usr/lib/jvm/java-8-openjdk-amd64/jre/lib/resources.jar:/usr/lib/jvm/java-8-openjdk-amd64/jre/lib/rt.jar:/usr/lib/jvm/java-8-openjdk-amd64/jre/lib/sunrsasign.jar:/usr/lib/jvm/java-8-openjdk-amd64/jre/lib/jsse.jar:/usr/lib/jvm/java-8-openjdk-amd64/jre/lib/jce.jar:/usr/lib/jvm/java-8-openjdk-amd64/jre/lib/charsets.jar:/usr/lib/jvm/java-8-openjdk-amd64/jre/lib/jfr.jar:/usr/lib/jvm/java-8-openjdk-amd64/jre/classes"/>
    <property name="sun.management.compiler" value="HotSpot 64-Bit Tiered Compilers"/>
    <property name="java.runtime.version" value="1.8.0_382-8u382-ga-1~22.04.1-b05"/>
    <property name="user.name" value="wtwhite"/>
    <property name="path.separator" value=":"/>
    <property name="os.version" value="5.15.0-87-generic"/>
    <property name="java.endorsed.dirs" value="/usr/lib/jvm/java-8-openjdk-amd64/jre/lib/endorsed"/>
    <property name="java.runtime.name" value="OpenJDK Runtime Environment"/>
    <property name="file.encoding" value="UTF-8"/>
    <property name="java.vm.name" value="OpenJDK 64-Bit Server VM"/>
    <property name="localRepository" value="/home/wtwhite/.m2/repository"/>
    <property name="java.vendor.url.bug" value="http://bugreport.sun.com/bugreport/"/>
    <property name="java.io.tmpdir" value="/tmp"/>
    <property name="java.version" value="1.8.0_382"/>
    <property name="user.dir" value="/home/wtwhite/code/regression-test-generation/find-diff-classes/compile/mvnc/commons-io/commons-io/2.15.0"/>
    <property name="os.arch" value="amd64"/>
    <property name="java.vm.specification.name" value="Java Virtual Machine Specification"/>
    <property name="java.awt.printerjob" value="sun.print.PSPrinterJob"/>
    <property name="sun.os.patch.level" value="unknown"/>
    <property name="java.library.path" value="/usr/java/packages/lib/amd64:/usr/lib/x86_64-linux-gnu/jni:/lib/x86_64-linux-gnu:/usr/lib/x86_64-linux-gnu:/usr/lib/jni:/lib:/usr/lib"/>
    <property name="java.vm.info" value="mixed mode"/>
    <property name="java.vendor" value="Private Build"/>
    <property name="java.vm.version" value="25.382-b05"/>
    <property name="java.specification.maintenance.version" value="5"/>
    <property name="java.ext.dirs" value="/usr/lib/jvm/java-8-openjdk-amd64/jre/lib/ext:/usr/java/packages/lib/ext"/>
    <property name="sun.io.unicode.encoding" value="UnicodeLittle"/>
    <property name="java.class.version" value="52.0"/>
  </properties>
  <testcase name="test06" classname="org.apache.commons.io.input.Tailer_ESTest" time="0.052"/>
  <testcase name="test28" classname="org.apache.commons.io.input.Tailer_ESTest" time="0.003"/>
  <testcase name="test07" classname="org.apache.commons.io.input.Tailer_ESTest" time="0.002"/>
  <testcase name="test29" classname="org.apache.commons.io.input.Tailer_ESTest" time="0.002"/>
  <testcase name="test08" classname="org.apache.commons.io.input.Tailer_ESTest" time="0.003"/>
  <testcase name="test09" classname="org.apache.commons.io.input.Tailer_ESTest" time="0.004"/>
  <testcase name="test20" classname="org.apache.commons.io.input.Tailer_ESTest" time="0.004"/>
  <testcase name="test21" classname="org.apache.commons.io.input.Tailer_ESTest" time="0.007"/>
  <testcase name="test00" classname="org.apache.commons.io.input.Tailer_ESTest" time="0.005"/>
  <testcase name="test22" classname="org.apache.commons.io.input.Tailer_ESTest" time="0.003"/>
  <testcase name="test01" classname="org.apache.commons.io.input.Tailer_ESTest" time="0.006"/>
  <testcase name="test23" classname="org.apache.commons.io.input.Tailer_ESTest" time="0.004"/>
  <testcase name="test02" classname="org.apache.commons.io.input.Tailer_ESTest" time="0.003"/>
  <testcase name="test24" classname="org.apache.commons.io.input.Tailer_ESTest" time="0.003"/>
  <testcase name="test03" classname="org.apache.commons.io.input.Tailer_ESTest" time="0.003"/>
  <testcase name="test25" classname="org.apache.commons.io.input.Tailer_ESTest" time="0.009"/>
  <testcase name="test04" classname="org.apache.commons.io.input.Tailer_ESTest" time="0.011"/>
  <testcase name="test26" classname="org.apache.commons.io.input.Tailer_ESTest" time="0.003"/>
  <testcase name="test05" classname="org.apache.commons.io.input.Tailer_ESTest" time="0.007"/>
  <testcase name="test27" classname="org.apache.commons.io.input.Tailer_ESTest" time="0.004"/>
  <testcase name="test30" classname="org.apache.commons.io.input.Tailer_ESTest" time="0.004"/>
  <testcase name="test17" classname="org.apache.commons.io.input.Tailer_ESTest" time="0.002"/>
  <testcase name="test18" classname="org.apache.commons.io.input.Tailer_ESTest" time="0.003"/>
  <testcase name="test19" classname="org.apache.commons.io.input.Tailer_ESTest" time="0.003"/>
  <testcase name="test31" classname="org.apache.commons.io.input.Tailer_ESTest" time="0.004"/>
  <testcase name="test10" classname="org.apache.commons.io.input.Tailer_ESTest" time="0.003"/>
  <testcase name="test32" classname="org.apache.commons.io.input.Tailer_ESTest" time="0.032"/>
  <testcase name="test11" classname="org.apache.commons.io.input.Tailer_ESTest" time="0.002"/>
  <testcase name="test33" classname="org.apache.commons.io.input.Tailer_ESTest" time="0.002"/>
  <testcase name="test12" classname="org.apache.commons.io.input.Tailer_ESTest" time="0.003"/>
  <testcase name="test34" classname="org.apache.commons.io.input.Tailer_ESTest" time="0.002"/>
  <testcase name="test13" classname="org.apache.commons.io.input.Tailer_ESTest" time="0.013"/>
  <testcase name="test14" classname="org.apache.commons.io.input.Tailer_ESTest" time="0.0"/>
  <testcase name="test15" classname="org.apache.commons.io.input.Tailer_ESTest" time="0.0"/>
  <testcase name="test16" classname="org.apache.commons.io.input.Tailer_ESTest" time="0.0"/>
</testsuite>