<?xml version="1.0" encoding="UTF-8"?>
<testsuite xmlns:xsi="http://www.w3.org/2001/XMLSchema-instance" xsi:noNamespaceSchemaLocation="https://maven.apache.org/surefire/maven-surefire-plugin/xsd/surefire-test-report-3.0.xsd" version="3.0" name="io.netty.handler.codec.http.multipart.AbstractDiskHttpData_ESTest" time="13.943" tests="68" errors="0" skipped="0" failures="1">
  <properties>
    <property name="awt.toolkit" value="sun.awt.X11.XToolkit"/>
    <property name="file.encoding.pkg" value="sun.io"/>
    <property name="java.specification.version" value="1.8"/>
    <property name="sun.cpu.isalist" value=""/>
    <property name="sun.jnu.encoding" value="UTF-8"/>
    <property name="java.class.path" value="/home/wtwhite/code/regression-test-generation/find-diff-classes/compile/mvnc/io/netty/netty-codec-http/4.1.102.Final/target/test-classes:/home/wtwhite/code/regression-test-generation/find-diff-classes/compile/mvnc/io/netty/netty-codec-http/4.1.102.Final/target/classes:/home/wtwhite/code/craw-redhat-oss/wget/crawl/repo1.maven.org/maven2/io/netty/netty-codec-http/4.1.102.Final/netty-codec-http-4.1.102.Final.jar:/home/wtwhite/code/regression-test-generation/find-diff-classes/compile/mvnc/io/netty/netty-codec-http/4.1.102.Final/t/dependency/Saxon-HE-9.9.1-6.jar:/home/wtwhite/code/regression-test-generation/find-diff-classes/compile/mvnc/io/netty/netty-codec-http/4.1.102.Final/t/dependency/antlr-2.7.7.jar:/home/wtwhite/code/regression-test-generation/find-diff-classes/compile/mvnc/io/netty/netty-codec-http/4.1.102.Final/t/dependency/antlr4-runtime-4.8-1.jar:/home/wtwhite/code/regression-test-generation/find-diff-classes/compile/mvnc/io/netty/netty-codec-http/4.1.102.Final/t/dependency/apiguardian-api-1.1.2.jar:/home/wtwhite/code/regression-test-generation/find-diff-classes/compile/mvnc/io/netty/netty-codec-http/4.1.102.Final/t/dependency/assertj-core-3.18.0.jar:/home/wtwhite/code/regression-test-generation/find-diff-classes/compile/mvnc/io/netty/netty-codec-http/4.1.102.Final/t/dependency/brotli4j-1.13.0.jar:/home/wtwhite/code/regression-test-generation/find-diff-classes/compile/mvnc/io/netty/netty-codec-http/4.1.102.Final/t/dependency/byte-buddy-1.8.5.jar:/home/wtwhite/code/regression-test-generation/find-diff-classes/compile/mvnc/io/netty/netty-codec-http/4.1.102.Final/t/dependency/byte-buddy-agent-1.8.5.jar:/home/wtwhite/code/regression-test-generation/find-diff-classes/compile/mvnc/io/netty/netty-codec-http/4.1.102.Final/t/dependency/checker-qual-2.10.0.jar:/home/wtwhite/code/regression-test-generation/find-diff-classes/compile/mvnc/io/netty/netty-codec-http/4.1.102.Final/t/dependency/checkstyle-8.29.jar:/home/wtwhite/code/regression-test-generation/find-diff-classes/compile/mvnc/io/netty/netty-codec-http/4.1.102.Final/t/dependency/commons-beanutils-1.9.4.jar:/home/wtwhite/code/regression-test-generation/find-diff-classes/compile/mvnc/io/netty/netty-codec-http/4.1.102.Final/t/dependency/commons-collections-3.2.2.jar:/home/wtwhite/code/regression-test-generation/find-diff-classes/compile/mvnc/io/netty/netty-codec-http/4.1.102.Final/t/dependency/commons-io-2.8.0.jar:/home/wtwhite/code/regression-test-generation/find-diff-classes/compile/mvnc/io/netty/netty-codec-http/4.1.102.Final/t/dependency/commons-logging-1.2.jar:/home/wtwhite/code/regression-test-generation/find-diff-classes/compile/mvnc/io/netty/netty-codec-http/4.1.102.Final/t/dependency/error_prone_annotations-2.3.4.jar:/home/wtwhite/code/regression-test-generation/find-diff-classes/compile/mvnc/io/netty/netty-codec-http/4.1.102.Final/t/dependency/failureaccess-1.0.1.jar:/home/wtwhite/code/regression-test-generation/find-diff-classes/compile/mvnc/io/netty/netty-codec-http/4.1.102.Final/t/dependency/gson-2.8.9.jar:/home/wtwhite/code/regression-test-generation/find-diff-classes/compile/mvnc/io/netty/netty-codec-http/4.1.102.Final/t/dependency/guava-28.2-jre.jar:/home/wtwhite/code/regression-test-generation/find-diff-classes/compile/mvnc/io/netty/netty-codec-http/4.1.102.Final/t/dependency/hamcrest-core-1.3.jar:/home/wtwhite/code/regression-test-generation/find-diff-classes/compile/mvnc/io/netty/netty-codec-http/4.1.102.Final/t/dependency/hamcrest-library-1.3.jar:/home/wtwhite/code/regression-test-generation/find-diff-classes/compile/mvnc/io/netty/netty-codec-http/4.1.102.Final/t/dependency/j2objc-annotations-1.3.jar:/home/wtwhite/code/regression-test-generation/find-diff-classes/compile/mvnc/io/netty/netty-codec-http/4.1.102.Final/t/dependency/javassist-3.28.0-GA.jar:/home/wtwhite/code/regression-test-generation/find-diff-classes/compile/mvnc/io/netty/netty-codec-http/4.1.102.Final/t/dependency/jsr305-3.0.2.jar:/home/wtwhite/code/regression-test-generation/find-diff-classes/compile/mvnc/io/netty/netty-codec-http/4.1.102.Final/t/dependency/junit-jupiter-api-5.9.0.jar:/home/wtwhite/code/regression-test-generation/find-diff-classes/compile/mvnc/io/netty/netty-codec-http/4.1.102.Final/t/dependency/junit-jupiter-engine-5.9.0.jar:/home/wtwhite/code/regression-test-generation/find-diff-classes/compile/mvnc/io/netty/netty-codec-http/4.1.102.Final/t/dependency/junit-jupiter-params-5.9.0.jar:/home/wtwhite/code/regression-test-generation/find-diff-classes/compile/mvnc/io/netty/netty-codec-http/4.1.102.Final/t/dependency/junit-platform-commons-1.9.0.jar:/home/wtwhite/code/regression-test-generation/find-diff-classes/compile/mvnc/io/netty/netty-codec-http/4.1.102.Final/t/dependency/junit-platform-engine-1.9.0.jar:/home/wtwhite/code/regression-test-generation/find-diff-classes/compile/mvnc/io/netty/netty-codec-http/4.1.102.Final/t/dependency/jzlib-1.1.3.jar:/home/wtwhite/code/regression-test-generation/find-diff-classes/compile/mvnc/io/netty/netty-codec-http/4.1.102.Final/t/dependency/listenablefuture-9999.0-empty-to-avoid-conflict-with-guava.jar:/home/wtwhite/code/regression-test-generation/find-diff-classes/compile/mvnc/io/netty/netty-codec-http/4.1.102.Final/t/dependency/logback-classic-1.2.13.jar:/home/wtwhite/code/regression-test-generation/find-diff-classes/compile/mvnc/io/netty/netty-codec-http/4.1.102.Final/t/dependency/logback-core-1.2.13.jar:/home/wtwhite/code/regression-test-generation/find-diff-classes/compile/mvnc/io/netty/netty-codec-http/4.1.102.Final/t/dependency/mockito-core-2.18.3.jar:/home/wtwhite/code/regression-test-generation/find-diff-classes/compile/mvnc/io/netty/netty-codec-http/4.1.102.Final/t/dependency/native-linux-aarch64-1.13.0.jar:/home/wtwhite/code/regression-test-generation/find-diff-classes/compile/mvnc/io/netty/netty-codec-http/4.1.102.Final/t/dependency/native-linux-riscv64-1.13.0.jar:/home/wtwhite/code/regression-test-generation/find-diff-classes/compile/mvnc/io/netty/netty-codec-http/4.1.102.Final/t/dependency/native-linux-x86_64-1.13.0.jar:/home/wtwhite/code/regression-test-generation/find-diff-classes/compile/mvnc/io/netty/netty-codec-http/4.1.102.Final/t/dependency/native-osx-aarch64-1.13.0.jar:/home/wtwhite/code/regression-test-generation/find-diff-classes/compile/mvnc/io/netty/netty-codec-http/4.1.102.Final/t/dependency/native-osx-x86_64-1.13.0.jar:/home/wtwhite/code/regression-test-generation/find-diff-classes/compile/mvnc/io/netty/netty-codec-http/4.1.102.Final/t/dependency/native-windows-x86_64-1.13.0.jar:/home/wtwhite/code/regression-test-generation/find-diff-classes/compile/mvnc/io/netty/netty-codec-http/4.1.102.Final/t/dependency/netty-buffer-4.1.102.Final.jar:/home/wtwhite/code/regression-test-generation/find-diff-classes/compile/mvnc/io/netty/netty-codec-http/4.1.102.Final/t/dependency/netty-build-common-31.jar:/home/wtwhite/code/regression-test-generation/find-diff-classes/compile/mvnc/io/netty/netty-codec-http/4.1.102.Final/t/dependency/netty-codec-4.1.102.Final.jar:/home/wtwhite/code/regression-test-generation/find-diff-classes/compile/mvnc/io/netty/netty-codec-http/4.1.102.Final/t/dependency/netty-common-4.1.102.Final.jar:/home/wtwhite/code/regression-test-generation/find-diff-classes/compile/mvnc/io/netty/netty-codec-http/4.1.102.Final/t/dependency/netty-handler-4.1.102.Final.jar:/home/wtwhite/code/regression-test-generation/find-diff-classes/compile/mvnc/io/netty/netty-codec-http/4.1.102.Final/t/dependency/netty-resolver-4.1.102.Final.jar:/home/wtwhite/code/regression-test-generation/find-diff-classes/compile/mvnc/io/netty/netty-codec-http/4.1.102.Final/t/dependency/netty-transport-4.1.102.Final-tests.jar:/home/wtwhite/code/regression-test-generation/find-diff-classes/compile/mvnc/io/netty/netty-codec-http/4.1.102.Final/t/dependency/netty-transport-4.1.102.Final.jar:/home/wtwhite/code/regression-test-generation/find-diff-classes/compile/mvnc/io/netty/netty-codec-http/4.1.102.Final/t/dependency/netty-transport-native-unix-common-4.1.102.Final.jar:/home/wtwhite/code/regression-test-generation/find-diff-classes/compile/mvnc/io/netty/netty-codec-http/4.1.102.Final/t/dependency/objenesis-2.6.jar:/home/wtwhite/code/regression-test-generation/find-diff-classes/compile/mvnc/io/netty/netty-codec-http/4.1.102.Final/t/dependency/opentest4j-1.2.0.jar:/home/wtwhite/code/regression-test-generation/find-diff-classes/compile/mvnc/io/netty/netty-codec-http/4.1.102.Final/t/dependency/picocli-4.1.4.jar:/home/wtwhite/code/regression-test-generation/find-diff-classes/compile/mvnc/io/netty/netty-codec-http/4.1.102.Final/t/dependency/reflections-0.10.2.jar:/home/wtwhite/code/regression-test-generation/find-diff-classes/compile/mvnc/io/netty/netty-codec-http/4.1.102.Final/t/dependency/service-1.13.0.jar:/home/wtwhite/code/regression-test-generation/find-diff-classes/compile/mvnc/io/netty/netty-codec-http/4.1.102.Final/t/dependency/slf4j-api-1.7.30.jar:/home/wtwhite/code/regression-test-generation/find-diff-classes/compile/mvnc/io/netty/netty-codec-http/4.1.102.Final/t/dependency/zstd-jni-1.5.0-2.jar:/home/wtwhite/code/regression-test-generation/evosuite/evosuite-standalone-runtime-1.2.0.jar:/home/wtwhite/.m2/repository/junit/junit/4.13.2/junit-4.13.2.jar:/home/wtwhite/.m2/repository/org/hamcrest/hamcrest-core/1.3/hamcrest-core-1.3.jar:"/>
    <property name="java.vm.vendor" value="Private Build"/>
    <property name="sun.arch.data.model" value="64"/>
    <property name="java.vendor.url" value="http://java.oracle.com/"/>
    <property name="user.timezone" value="Pacific/Auckland"/>
    <property name="java.vm.specification.version" value="1.8"/>
    <property name="os.name" value="Linux"/>
    <property name="RUNDIR" value="/home/wtwhite/code/regression-test-generation/find-diff-classes/run-mvn"/>
    <property name="user.country" value="NZ"/>
    <property name="sun.java.launcher" value="SUN_STANDARD"/>
    <property name="sun.boot.library.path" value="/usr/lib/jvm/java-8-openjdk-amd64/jre/lib/amd64"/>
    <property name="sun.java.command" value="/home/wtwhite/code/regression-test-generation/find-diff-classes/compile/mvnc/io/netty/netty-codec-http/4.1.102.Final/target/surefire/surefirebooter-20241106133500638_3.jar /home/wtwhite/code/regression-test-generation/find-diff-classes/compile/mvnc/io/netty/netty-codec-http/4.1.102.Final/target/surefire 2024-11-06T13-35-00_404-jvmRun1 surefire-20241106133500638_1tmp surefire_0-20241106133500638_2tmp"/>
    <property name="surefire.test.class.path" value="/home/wtwhite/code/regression-test-generation/find-diff-classes/compile/mvnc/io/netty/netty-codec-http/4.1.102.Final/target/test-classes:/home/wtwhite/code/regression-test-generation/find-diff-classes/compile/mvnc/io/netty/netty-codec-http/4.1.102.Final/target/classes:/home/wtwhite/code/craw-redhat-oss/wget/crawl/repo1.maven.org/maven2/io/netty/netty-codec-http/4.1.102.Final/netty-codec-http-4.1.102.Final.jar:/home/wtwhite/code/regression-test-generation/find-diff-classes/compile/mvnc/io/netty/netty-codec-http/4.1.102.Final/t/dependency/Saxon-HE-9.9.1-6.jar:/home/wtwhite/code/regression-test-generation/find-diff-classes/compile/mvnc/io/netty/netty-codec-http/4.1.102.Final/t/dependency/antlr-2.7.7.jar:/home/wtwhite/code/regression-test-generation/find-diff-classes/compile/mvnc/io/netty/netty-codec-http/4.1.102.Final/t/dependency/antlr4-runtime-4.8-1.jar:/home/wtwhite/code/regression-test-generation/find-diff-classes/compile/mvnc/io/netty/netty-codec-http/4.1.102.Final/t/dependency/apiguardian-api-1.1.2.jar:/home/wtwhite/code/regression-test-generation/find-diff-classes/compile/mvnc/io/netty/netty-codec-http/4.1.102.Final/t/dependency/assertj-core-3.18.0.jar:/home/wtwhite/code/regression-test-generation/find-diff-classes/compile/mvnc/io/netty/netty-codec-http/4.1.102.Final/t/dependency/brotli4j-1.13.0.jar:/home/wtwhite/code/regression-test-generation/find-diff-classes/compile/mvnc/io/netty/netty-codec-http/4.1.102.Final/t/dependency/byte-buddy-1.8.5.jar:/home/wtwhite/code/regression-test-generation/find-diff-classes/compile/mvnc/io/netty/netty-codec-http/4.1.102.Final/t/dependency/byte-buddy-agent-1.8.5.jar:/home/wtwhite/code/regression-test-generation/find-diff-classes/compile/mvnc/io/netty/netty-codec-http/4.1.102.Final/t/dependency/checker-qual-2.10.0.jar:/home/wtwhite/code/regression-test-generation/find-diff-classes/compile/mvnc/io/netty/netty-codec-http/4.1.102.Final/t/dependency/checkstyle-8.29.jar:/home/wtwhite/code/regression-test-generation/find-diff-classes/compile/mvnc/io/netty/netty-codec-http/4.1.102.Final/t/dependency/commons-beanutils-1.9.4.jar:/home/wtwhite/code/regression-test-generation/find-diff-classes/compile/mvnc/io/netty/netty-codec-http/4.1.102.Final/t/dependency/commons-collections-3.2.2.jar:/home/wtwhite/code/regression-test-generation/find-diff-classes/compile/mvnc/io/netty/netty-codec-http/4.1.102.Final/t/dependency/commons-io-2.8.0.jar:/home/wtwhite/code/regression-test-generation/find-diff-classes/compile/mvnc/io/netty/netty-codec-http/4.1.102.Final/t/dependency/commons-logging-1.2.jar:/home/wtwhite/code/regression-test-generation/find-diff-classes/compile/mvnc/io/netty/netty-codec-http/4.1.102.Final/t/dependency/error_prone_annotations-2.3.4.jar:/home/wtwhite/code/regression-test-generation/find-diff-classes/compile/mvnc/io/netty/netty-codec-http/4.1.102.Final/t/dependency/failureaccess-1.0.1.jar:/home/wtwhite/code/regression-test-generation/find-diff-classes/compile/mvnc/io/netty/netty-codec-http/4.1.102.Final/t/dependency/gson-2.8.9.jar:/home/wtwhite/code/regression-test-generation/find-diff-classes/compile/mvnc/io/netty/netty-codec-http/4.1.102.Final/t/dependency/guava-28.2-jre.jar:/home/wtwhite/code/regression-test-generation/find-diff-classes/compile/mvnc/io/netty/netty-codec-http/4.1.102.Final/t/dependency/hamcrest-core-1.3.jar:/home/wtwhite/code/regression-test-generation/find-diff-classes/compile/mvnc/io/netty/netty-codec-http/4.1.102.Final/t/dependency/hamcrest-library-1.3.jar:/home/wtwhite/code/regression-test-generation/find-diff-classes/compile/mvnc/io/netty/netty-codec-http/4.1.102.Final/t/dependency/j2objc-annotations-1.3.jar:/home/wtwhite/code/regression-test-generation/find-diff-classes/compile/mvnc/io/netty/netty-codec-http/4.1.102.Final/t/dependency/javassist-3.28.0-GA.jar:/home/wtwhite/code/regression-test-generation/find-diff-classes/compile/mvnc/io/netty/netty-codec-http/4.1.102.Final/t/dependency/jsr305-3.0.2.jar:/home/wtwhite/code/regression-test-generation/find-diff-classes/compile/mvnc/io/netty/netty-codec-http/4.1.102.Final/t/dependency/junit-jupiter-api-5.9.0.jar:/home/wtwhite/code/regression-test-generation/find-diff-classes/compile/mvnc/io/netty/netty-codec-http/4.1.102.Final/t/dependency/junit-jupiter-engine-5.9.0.jar:/home/wtwhite/code/regression-test-generation/find-diff-classes/compile/mvnc/io/netty/netty-codec-http/4.1.102.Final/t/dependency/junit-jupiter-params-5.9.0.jar:/home/wtwhite/code/regression-test-generation/find-diff-classes/compile/mvnc/io/netty/netty-codec-http/4.1.102.Final/t/dependency/junit-platform-commons-1.9.0.jar:/home/wtwhite/code/regression-test-generation/find-diff-classes/compile/mvnc/io/netty/netty-codec-http/4.1.102.Final/t/dependency/junit-platform-engine-1.9.0.jar:/home/wtwhite/code/regression-test-generation/find-diff-classes/compile/mvnc/io/netty/netty-codec-http/4.1.102.Final/t/dependency/jzlib-1.1.3.jar:/home/wtwhite/code/regression-test-generation/find-diff-classes/compile/mvnc/io/netty/netty-codec-http/4.1.102.Final/t/dependency/listenablefuture-9999.0-empty-to-avoid-conflict-with-guava.jar:/home/wtwhite/code/regression-test-generation/find-diff-classes/compile/mvnc/io/netty/netty-codec-http/4.1.102.Final/t/dependency/logback-classic-1.2.13.jar:/home/wtwhite/code/regression-test-generation/find-diff-classes/compile/mvnc/io/netty/netty-codec-http/4.1.102.Final/t/dependency/logback-core-1.2.13.jar:/home/wtwhite/code/regression-test-generation/find-diff-classes/compile/mvnc/io/netty/netty-codec-http/4.1.102.Final/t/dependency/mockito-core-2.18.3.jar:/home/wtwhite/code/regression-test-generation/find-diff-classes/compile/mvnc/io/netty/netty-codec-http/4.1.102.Final/t/dependency/native-linux-aarch64-1.13.0.jar:/home/wtwhite/code/regression-test-generation/find-diff-classes/compile/mvnc/io/netty/netty-codec-http/4.1.102.Final/t/dependency/native-linux-riscv64-1.13.0.jar:/home/wtwhite/code/regression-test-generation/find-diff-classes/compile/mvnc/io/netty/netty-codec-http/4.1.102.Final/t/dependency/native-linux-x86_64-1.13.0.jar:/home/wtwhite/code/regression-test-generation/find-diff-classes/compile/mvnc/io/netty/netty-codec-http/4.1.102.Final/t/dependency/native-osx-aarch64-1.13.0.jar:/home/wtwhite/code/regression-test-generation/find-diff-classes/compile/mvnc/io/netty/netty-codec-http/4.1.102.Final/t/dependency/native-osx-x86_64-1.13.0.jar:/home/wtwhite/code/regression-test-generation/find-diff-classes/compile/mvnc/io/netty/netty-codec-http/4.1.102.Final/t/dependency/native-windows-x86_64-1.13.0.jar:/home/wtwhite/code/regression-test-generation/find-diff-classes/compile/mvnc/io/netty/netty-codec-http/4.1.102.Final/t/dependency/netty-buffer-4.1.102.Final.jar:/home/wtwhite/code/regression-test-generation/find-diff-classes/compile/mvnc/io/netty/netty-codec-http/4.1.102.Final/t/dependency/netty-build-common-31.jar:/home/wtwhite/code/regression-test-generation/find-diff-classes/compile/mvnc/io/netty/netty-codec-http/4.1.102.Final/t/dependency/netty-codec-4.1.102.Final.jar:/home/wtwhite/code/regression-test-generation/find-diff-classes/compile/mvnc/io/netty/netty-codec-http/4.1.102.Final/t/dependency/netty-common-4.1.102.Final.jar:/home/wtwhite/code/regression-test-generation/find-diff-classes/compile/mvnc/io/netty/netty-codec-http/4.1.102.Final/t/dependency/netty-handler-4.1.102.Final.jar:/home/wtwhite/code/regression-test-generation/find-diff-classes/compile/mvnc/io/netty/netty-codec-http/4.1.102.Final/t/dependency/netty-resolver-4.1.102.Final.jar:/home/wtwhite/code/regression-test-generation/find-diff-classes/compile/mvnc/io/netty/netty-codec-http/4.1.102.Final/t/dependency/netty-transport-4.1.102.Final-tests.jar:/home/wtwhite/code/regression-test-generation/find-diff-classes/compile/mvnc/io/netty/netty-codec-http/4.1.102.Final/t/dependency/netty-transport-4.1.102.Final.jar:/home/wtwhite/code/regression-test-generation/find-diff-classes/compile/mvnc/io/netty/netty-codec-http/4.1.102.Final/t/dependency/netty-transport-native-unix-common-4.1.102.Final.jar:/home/wtwhite/code/regression-test-generation/find-diff-classes/compile/mvnc/io/netty/netty-codec-http/4.1.102.Final/t/dependency/objenesis-2.6.jar:/home/wtwhite/code/regression-test-generation/find-diff-classes/compile/mvnc/io/netty/netty-codec-http/4.1.102.Final/t/dependency/opentest4j-1.2.0.jar:/home/wtwhite/code/regression-test-generation/find-diff-classes/compile/mvnc/io/netty/netty-codec-http/4.1.102.Final/t/dependency/picocli-4.1.4.jar:/home/wtwhite/code/regression-test-generation/find-diff-classes/compile/mvnc/io/netty/netty-codec-http/4.1.102.Final/t/dependency/reflections-0.10.2.jar:/home/wtwhite/code/regression-test-generation/find-diff-classes/compile/mvnc/io/netty/netty-codec-http/4.1.102.Final/t/dependency/service-1.13.0.jar:/home/wtwhite/code/regression-test-generation/find-diff-classes/compile/mvnc/io/netty/netty-codec-http/4.1.102.Final/t/dependency/slf4j-api-1.7.30.jar:/home/wtwhite/code/regression-test-generation/find-diff-classes/compile/mvnc/io/netty/netty-codec-http/4.1.102.Final/t/dependency/zstd-jni-1.5.0-2.jar:/home/wtwhite/code/regression-test-generation/evosuite/evosuite-standalone-runtime-1.2.0.jar:/home/wtwhite/.m2/repository/junit/junit/4.13.2/junit-4.13.2.jar:/home/wtwhite/.m2/repository/org/hamcrest/hamcrest-core/1.3/hamcrest-core-1.3.jar:"/>
    <property name="sun.cpu.endian" value="little"/>
    <property name="user.home" value="/home/wtwhite"/>
    <property name="user.language" value="en"/>
    <property name="java.specification.vendor" value="Oracle Corporation"/>
    <property name="java.home" value="/usr/lib/jvm/java-8-openjdk-amd64/jre"/>
    <property name="basedir" value="/home/wtwhite/code/regression-test-generation/find-diff-classes/compile/mvnc/io/netty/netty-codec-http/4.1.102.Final"/>
    <property name="file.separator" value="/"/>
    <property name="line.separator" value="&#10;"/>
    <property name="java.vm.specification.vendor" value="Oracle Corporation"/>
    <property name="java.specification.name" value="Java Platform API Specification"/>
    <property name="java.awt.graphicsenv" value="sun.awt.X11GraphicsEnvironment"/>
    <property name="surefire.real.class.path" value="/home/wtwhite/code/regression-test-generation/find-diff-classes/compile/mvnc/io/netty/netty-codec-http/4.1.102.Final/target/surefire/surefirebooter-20241106133500638_3.jar"/>
    <property name="sun.boot.class.path" value="/usr/lib/jvm/java-8-openjdk-amd64/jre/lib/resources.jar:/usr/lib/jvm/java-8-openjdk-amd64/jre/lib/rt.jar:/usr/lib/jvm/java-8-openjdk-amd64/jre/lib/sunrsasign.jar:/usr/lib/jvm/java-8-openjdk-amd64/jre/lib/jsse.jar:/usr/lib/jvm/java-8-openjdk-amd64/jre/lib/jce.jar:/usr/lib/jvm/java-8-openjdk-amd64/jre/lib/charsets.jar:/usr/lib/jvm/java-8-openjdk-amd64/jre/lib/jfr.jar:/usr/lib/jvm/java-8-openjdk-amd64/jre/classes"/>
    <property name="sun.management.compiler" value="HotSpot 64-Bit Tiered Compilers"/>
    <property name="java.runtime.version" value="1.8.0_382-8u382-ga-1~22.04.1-b05"/>
    <property name="user.name" value="wtwhite"/>
    <property name="path.separator" value=":"/>
    <property name="os.version" value="5.15.0-87-generic"/>
    <property name="java.endorsed.dirs" value="/usr/lib/jvm/java-8-openjdk-amd64/jre/lib/endorsed"/>
    <property name="java.runtime.name" value="OpenJDK Runtime Environment"/>
    <property name="file.encoding" value="UTF-8"/>
    <property name="java.vm.name" value="OpenJDK 64-Bit Server VM"/>
    <property name="localRepository" value="/home/wtwhite/.m2/repository"/>
    <property name="java.vendor.url.bug" value="http://bugreport.sun.com/bugreport/"/>
    <property name="java.io.tmpdir" value="/tmp"/>
    <property name="java.version" value="1.8.0_382"/>
    <property name="user.dir" value="/home/wtwhite/code/regression-test-generation/find-diff-classes/compile/mvnc/io/netty/netty-codec-http/4.1.102.Final"/>
    <property name="os.arch" value="amd64"/>
    <property name="java.vm.specification.name" value="Java Virtual Machine Specification"/>
    <property name="java.awt.printerjob" value="sun.print.PSPrinterJob"/>
    <property name="sun.os.patch.level" value="unknown"/>
    <property name="java.library.path" value="/usr/java/packages/lib/amd64:/usr/lib/x86_64-linux-gnu/jni:/lib/x86_64-linux-gnu:/usr/lib/x86_64-linux-gnu:/usr/lib/jni:/lib:/usr/lib"/>
    <property name="java.vm.info" value="mixed mode"/>
    <property name="java.vendor" value="Private Build"/>
    <property name="java.vm.version" value="25.382-b05"/>
    <property name="java.specification.maintenance.version" value="5"/>
    <property name="java.ext.dirs" value="/usr/lib/jvm/java-8-openjdk-amd64/jre/lib/ext:/usr/java/packages/lib/ext"/>
    <property name="sun.io.unicode.encoding" value="UnicodeLittle"/>
    <property name="java.class.version" value="52.0"/>
  </properties>
  <testcase name="test61" classname="io.netty.handler.codec.http.multipart.AbstractDiskHttpData_ESTest" time="3.29">
    <system-out><![CDATA[13:35:01.681 [main] INFO org.evosuite.runtime.instrumentation.EvoClassLoader - Seeing class for first time: io.netty.handler.codec.http.multipart.AbstractDiskHttpData_ESTest
13:35:01.681 [main] INFO org.evosuite.runtime.instrumentation.EvoClassLoader - Instrumenting class 'io.netty.handler.codec.http.multipart.AbstractDiskHttpData_ESTest'.
13:35:01.709 [main] INFO org.evosuite.runtime.instrumentation.EvoClassLoader - Seeing class for first time: io.netty.handler.codec.http.multipart.AbstractDiskHttpData_ESTest_scaffolding
13:35:01.709 [main] INFO org.evosuite.runtime.instrumentation.EvoClassLoader - Instrumenting class 'io.netty.handler.codec.http.multipart.AbstractDiskHttpData_ESTest_scaffolding'.
13:35:01.721 [main] INFO org.evosuite.runtime.instrumentation.EvoClassLoader - Keeping class: io.netty.handler.codec.http.multipart.AbstractDiskHttpData_ESTest_scaffolding
13:35:01.721 [main] INFO org.evosuite.runtime.instrumentation.EvoClassLoader - Keeping class: io.netty.handler.codec.http.multipart.AbstractDiskHttpData_ESTest
13:35:01.722 [main] INFO org.evosuite.runtime.instrumentation.EvoClassLoader - Seeing class for first time: io.netty.handler.codec.http.multipart.HttpData
13:35:01.722 [main] INFO org.evosuite.runtime.instrumentation.EvoClassLoader - Instrumenting class 'io.netty.handler.codec.http.multipart.HttpData'.
13:35:01.925 [main] INFO org.evosuite.runtime.instrumentation.EvoClassLoader - Seeing class for first time: io.netty.handler.codec.http.multipart.InterfaceHttpData
13:35:01.925 [main] INFO org.evosuite.runtime.instrumentation.EvoClassLoader - Instrumenting class 'io.netty.handler.codec.http.multipart.InterfaceHttpData'.
13:35:01.927 [main] INFO org.evosuite.runtime.instrumentation.EvoClassLoader - Seeing class for first time: io.netty.util.ReferenceCounted
13:35:01.927 [main] INFO org.evosuite.runtime.instrumentation.EvoClassLoader - Instrumenting class 'io.netty.util.ReferenceCounted'.
13:35:01.929 [main] INFO org.evosuite.runtime.instrumentation.EvoClassLoader - Keeping class: io.netty.util.ReferenceCounted
13:35:01.929 [main] INFO org.evosuite.runtime.instrumentation.EvoClassLoader - Keeping class: io.netty.handler.codec.http.multipart.InterfaceHttpData
13:35:01.929 [main] INFO org.evosuite.runtime.instrumentation.EvoClassLoader - Seeing class for first time: io.netty.buffer.ByteBufHolder
13:35:01.930 [main] INFO org.evosuite.runtime.instrumentation.EvoClassLoader - Instrumenting class 'io.netty.buffer.ByteBufHolder'.
13:35:01.933 [main] INFO org.evosuite.runtime.instrumentation.EvoClassLoader - Keeping class: io.netty.buffer.ByteBufHolder
13:35:01.933 [main] INFO org.evosuite.runtime.instrumentation.EvoClassLoader - Keeping class: io.netty.handler.codec.http.multipart.HttpData
13:35:01.934 [main] INFO org.evosuite.runtime.instrumentation.EvoClassLoader - Seeing class for first time: io.netty.buffer.ByteBufAllocator
13:35:01.935 [main] INFO org.evosuite.runtime.instrumentation.EvoClassLoader - Instrumenting class 'io.netty.buffer.ByteBufAllocator'.
13:35:01.938 [main] INFO org.evosuite.runtime.instrumentation.EvoClassLoader - Keeping class: io.netty.buffer.ByteBufAllocator
13:35:01.939 [main] INFO org.evosuite.runtime.instrumentation.EvoClassLoader - Seeing class for first time: io.netty.buffer.ByteBuf
13:35:01.939 [main] INFO org.evosuite.runtime.instrumentation.EvoClassLoader - Instrumenting class 'io.netty.buffer.ByteBuf'.
13:35:01.941 [main] INFO org.evosuite.runtime.instrumentation.MethodCallReplacementClassAdapter - Adding mock interface to class io/netty/buffer/ByteBuf
13:35:01.948 [main] INFO org.evosuite.runtime.instrumentation.CreateClassResetClassAdapter - Creating brand-new static initializer in class io/netty/buffer/ByteBuf
13:35:01.950 [main] INFO org.evosuite.runtime.instrumentation.EvoClassLoader - Seeing class for first time: io.netty.buffer.ByteBufConvertible
13:35:01.950 [main] INFO org.evosuite.runtime.instrumentation.EvoClassLoader - Instrumenting class 'io.netty.buffer.ByteBufConvertible'.
13:35:01.951 [main] INFO org.evosuite.runtime.instrumentation.EvoClassLoader - Keeping class: io.netty.buffer.ByteBufConvertible
13:35:01.952 [main] INFO org.evosuite.runtime.instrumentation.EvoClassLoader - Keeping class: io.netty.buffer.ByteBuf
13:35:01.952 [main] INFO org.evosuite.runtime.instrumentation.EvoClassLoader - Seeing class for first time: io.netty.buffer.CompositeByteBuf
13:35:01.952 [main] INFO org.evosuite.runtime.instrumentation.EvoClassLoader - Instrumenting class 'io.netty.buffer.CompositeByteBuf'.
13:35:01.959 [main] INFO org.evosuite.runtime.instrumentation.MethodCallReplacementClassAdapter - Adding mock interface to class io/netty/buffer/CompositeByteBuf
13:35:02.014 [main] INFO org.evosuite.runtime.instrumentation.CreateClassResetClassAdapter - Found static initializer in class io/netty/buffer/CompositeByteBuf
13:35:02.017 [main] INFO org.evosuite.runtime.instrumentation.EvoClassLoader - Seeing class for first time: io.netty.buffer.AbstractReferenceCountedByteBuf
13:35:02.018 [main] INFO org.evosuite.runtime.instrumentation.EvoClassLoader - Instrumenting class 'io.netty.buffer.AbstractReferenceCountedByteBuf'.
13:35:02.019 [main] INFO org.evosuite.runtime.instrumentation.MethodCallReplacementClassAdapter - Adding mock interface to class io/netty/buffer/AbstractReferenceCountedByteBuf
13:35:02.020 [main] INFO org.evosuite.runtime.instrumentation.CreateClassResetClassAdapter - Found static initializer in class io/netty/buffer/AbstractReferenceCountedByteBuf
13:35:02.020 [main] INFO org.evosuite.runtime.instrumentation.EvoClassLoader - Seeing class for first time: io.netty.buffer.AbstractByteBuf
13:35:02.020 [main] INFO org.evosuite.runtime.instrumentation.EvoClassLoader - Instrumenting class 'io.netty.buffer.AbstractByteBuf'.
13:35:02.022 [main] INFO org.evosuite.runtime.instrumentation.MethodCallReplacementClassAdapter - Adding mock interface to class io/netty/buffer/AbstractByteBuf
13:35:02.043 [main] INFO org.evosuite.runtime.instrumentation.CreateClassResetClassAdapter - Found static initializer in class io/netty/buffer/AbstractByteBuf
13:35:02.045 [main] INFO org.evosuite.runtime.instrumentation.EvoClassLoader - Keeping class: io.netty.buffer.AbstractByteBuf
13:35:02.045 [main] INFO org.evosuite.runtime.instrumentation.EvoClassLoader - Keeping class: io.netty.buffer.AbstractReferenceCountedByteBuf
13:35:02.045 [main] INFO org.evosuite.runtime.instrumentation.EvoClassLoader - Keeping class: io.netty.buffer.CompositeByteBuf
13:35:02.328 [main] DEBUG org.evosuite.runtime.sandbox.MSecurityManager - Adding privileged thread: "Reference Handler"
13:35:02.328 [main] DEBUG org.evosuite.runtime.sandbox.MSecurityManager - Adding privileged thread: "Finalizer"
13:35:02.328 [main] DEBUG org.evosuite.runtime.sandbox.MSecurityManager - Adding privileged thread: "Signal Dispatcher"
13:35:02.328 [main] DEBUG org.evosuite.runtime.sandbox.MSecurityManager - Adding privileged thread: "Java2D Disposer"
13:35:02.328 [main] DEBUG org.evosuite.runtime.sandbox.MSecurityManager - Adding privileged thread: "AWT-XAWT"
13:35:02.328 [main] DEBUG org.evosuite.runtime.sandbox.MSecurityManager - Adding privileged thread: "process reaper"
13:35:02.329 [main] DEBUG org.evosuite.runtime.sandbox.MSecurityManager - Adding privileged thread: "main"
13:35:02.329 [main] DEBUG org.evosuite.runtime.sandbox.MSecurityManager - Adding privileged thread: "surefire-forkedjvm-stream-flusher"
13:35:02.329 [main] DEBUG org.evosuite.runtime.sandbox.MSecurityManager - Adding privileged thread: "surefire-forkedjvm-command-thread"
13:35:02.353 [main] INFO org.evosuite.runtime.instrumentation.EvoClassLoader - Seeing class for first time: io.netty.util.internal.SystemPropertyUtil$1
13:35:02.353 [main] INFO org.evosuite.runtime.instrumentation.EvoClassLoader - Instrumenting class 'io.netty.util.internal.SystemPropertyUtil$1'.
13:35:02.355 [main] INFO org.evosuite.runtime.instrumentation.MethodCallReplacementClassAdapter - Adding mock interface to class io/netty/util/internal/SystemPropertyUtil$1
13:35:02.356 [main] INFO org.evosuite.runtime.instrumentation.EvoClassLoader - Defined package (3): package io.netty.util.internal, 1713044053
13:35:02.357 [main] INFO org.evosuite.runtime.instrumentation.EvoClassLoader - Keeping class: io.netty.util.internal.SystemPropertyUtil$1
13:35:02.357 [main] INFO org.evosuite.runtime.instrumentation.EvoClassLoader - Seeing class for first time: io.netty.util.internal.shaded.org.jctools.queues.LinkedArrayQueueUtil
13:35:02.357 [main] INFO org.evosuite.runtime.instrumentation.EvoClassLoader - Instrumenting class 'io.netty.util.internal.shaded.org.jctools.queues.LinkedArrayQueueUtil'.
13:35:02.359 [main] INFO org.evosuite.runtime.instrumentation.MethodCallReplacementClassAdapter - Adding mock interface to class io/netty/util/internal/shaded/org/jctools/queues/LinkedArrayQueueUtil
13:35:02.360 [main] INFO org.evosuite.runtime.instrumentation.CreateClassResetClassAdapter - Creating brand-new static initializer in class io/netty/util/internal/shaded/org/jctools/queues/LinkedArrayQueueUtil
13:35:02.360 [main] INFO org.evosuite.runtime.instrumentation.EvoClassLoader - Defined package (3): package io.netty.util.internal.shaded.org.jctools.queues, 1012279830
13:35:02.360 [main] INFO org.evosuite.runtime.instrumentation.EvoClassLoader - Keeping class: io.netty.util.internal.shaded.org.jctools.queues.LinkedArrayQueueUtil
13:35:02.361 [main] INFO org.evosuite.runtime.instrumentation.EvoClassLoader - Seeing class for first time: io.netty.util.internal.Cleaner
13:35:02.361 [main] INFO org.evosuite.runtime.instrumentation.EvoClassLoader - Instrumenting class 'io.netty.util.internal.Cleaner'.
13:35:02.363 [main] INFO org.evosuite.runtime.instrumentation.EvoClassLoader - Keeping class: io.netty.util.internal.Cleaner
13:35:02.364 [main] INFO org.evosuite.runtime.instrumentation.EvoClassLoader - Seeing class for first time: io.netty.util.IllegalReferenceCountException
13:35:02.364 [main] INFO org.evosuite.runtime.instrumentation.EvoClassLoader - Instrumenting class 'io.netty.util.IllegalReferenceCountException'.
13:35:02.370 [main] INFO org.evosuite.runtime.instrumentation.MethodCallReplacementClassAdapter - Adding mock interface to class io/netty/util/IllegalReferenceCountException
13:35:02.397 [main] INFO org.evosuite.runtime.instrumentation.CreateClassResetClassAdapter - Creating brand-new static initializer in class io/netty/util/IllegalReferenceCountException
13:35:02.397 [main] INFO org.evosuite.runtime.instrumentation.EvoClassLoader - Keeping class: io.netty.util.IllegalReferenceCountException
13:35:02.398 [main] INFO org.evosuite.runtime.instrumentation.EvoClassLoader - Seeing class for first time: io.netty.util.internal.shaded.org.jctools.queues.MpscArrayQueueL1Pad
13:35:02.398 [main] INFO org.evosuite.runtime.instrumentation.EvoClassLoader - Instrumenting class 'io.netty.util.internal.shaded.org.jctools.queues.MpscArrayQueueL1Pad'.
13:35:02.400 [main] INFO org.evosuite.runtime.instrumentation.MethodCallReplacementClassAdapter - Adding mock interface to class io/netty/util/internal/shaded/org/jctools/queues/MpscArrayQueueL1Pad
13:35:02.401 [main] INFO org.evosuite.runtime.instrumentation.CreateClassResetClassAdapter - Creating brand-new static initializer in class io/netty/util/internal/shaded/org/jctools/queues/MpscArrayQueueL1Pad
13:35:02.402 [main] INFO org.evosuite.runtime.instrumentation.EvoClassLoader - Seeing class for first time: io.netty.util.internal.shaded.org.jctools.queues.ConcurrentCircularArrayQueue
13:35:02.402 [main] INFO org.evosuite.runtime.instrumentation.EvoClassLoader - Instrumenting class 'io.netty.util.internal.shaded.org.jctools.queues.ConcurrentCircularArrayQueue'.
13:35:02.404 [main] INFO org.evosuite.runtime.instrumentation.MethodCallReplacementClassAdapter - Adding mock interface to class io/netty/util/internal/shaded/org/jctools/queues/ConcurrentCircularArrayQueue
13:35:02.407 [main] INFO org.evosuite.runtime.instrumentation.CreateClassResetClassAdapter - Creating brand-new static initializer in class io/netty/util/internal/shaded/org/jctools/queues/ConcurrentCircularArrayQueue
13:35:02.407 [main] INFO org.evosuite.runtime.instrumentation.EvoClassLoader - Seeing class for first time: io.netty.util.internal.shaded.org.jctools.queues.MessagePassingQueue
13:35:02.408 [main] INFO org.evosuite.runtime.instrumentation.EvoClassLoader - Instrumenting class 'io.netty.util.internal.shaded.org.jctools.queues.MessagePassingQueue'.
13:35:02.410 [main] INFO org.evosuite.runtime.instrumentation.EvoClassLoader - Keeping class: io.netty.util.internal.shaded.org.jctools.queues.MessagePassingQueue
13:35:02.410 [main] INFO org.evosuite.runtime.instrumentation.EvoClassLoader - Seeing class for first time: io.netty.util.internal.shaded.org.jctools.queues.IndexedQueueSizeUtil$IndexedQueue
13:35:02.410 [main] INFO org.evosuite.runtime.instrumentation.EvoClassLoader - Instrumenting class 'io.netty.util.internal.shaded.org.jctools.queues.IndexedQueueSizeUtil$IndexedQueue'.
13:35:02.412 [main] INFO org.evosuite.runtime.instrumentation.EvoClassLoader - Keeping class: io.netty.util.internal.shaded.org.jctools.queues.IndexedQueueSizeUtil$IndexedQueue
13:35:02.412 [main] INFO org.evosuite.runtime.instrumentation.EvoClassLoader - Seeing class for first time: io.netty.util.internal.shaded.org.jctools.queues.QueueProgressIndicators
13:35:02.412 [main] INFO org.evosuite.runtime.instrumentation.EvoClassLoader - Instrumenting class 'io.netty.util.internal.shaded.org.jctools.queues.QueueProgressIndicators'.
13:35:02.414 [main] INFO org.evosuite.runtime.instrumentation.EvoClassLoader - Keeping class: io.netty.util.internal.shaded.org.jctools.queues.QueueProgressIndicators
13:35:02.414 [main] INFO org.evosuite.runtime.instrumentation.EvoClassLoader - Seeing class for first time: io.netty.util.internal.shaded.org.jctools.queues.SupportsIterator
13:35:02.414 [main] INFO org.evosuite.runtime.instrumentation.EvoClassLoader - Instrumenting class 'io.netty.util.internal.shaded.org.jctools.queues.SupportsIterator'.
13:35:02.416 [main] INFO org.evosuite.runtime.instrumentation.EvoClassLoader - Keeping class: io.netty.util.internal.shaded.org.jctools.queues.SupportsIterator
13:35:02.416 [main] INFO org.evosuite.runtime.instrumentation.EvoClassLoader - Seeing class for first time: io.netty.util.internal.shaded.org.jctools.queues.ConcurrentCircularArrayQueueL0Pad
13:35:02.416 [main] INFO org.evosuite.runtime.instrumentation.EvoClassLoader - Instrumenting class 'io.netty.util.internal.shaded.org.jctools.queues.ConcurrentCircularArrayQueueL0Pad'.
13:35:02.418 [main] INFO org.evosuite.runtime.instrumentation.MethodCallReplacementClassAdapter - Adding mock interface to class io/netty/util/internal/shaded/org/jctools/queues/ConcurrentCircularArrayQueueL0Pad
13:35:02.419 [main] INFO org.evosuite.runtime.instrumentation.CreateClassResetClassAdapter - Creating brand-new static initializer in class io/netty/util/internal/shaded/org/jctools/queues/ConcurrentCircularArrayQueueL0Pad
13:35:02.419 [main] INFO org.evosuite.runtime.instrumentation.EvoClassLoader - Keeping class: io.netty.util.internal.shaded.org.jctools.queues.ConcurrentCircularArrayQueueL0Pad
13:35:02.420 [main] INFO org.evosuite.runtime.instrumentation.EvoClassLoader - Keeping class: io.netty.util.internal.shaded.org.jctools.queues.ConcurrentCircularArrayQueue
13:35:02.420 [main] INFO org.evosuite.runtime.instrumentation.EvoClassLoader - Keeping class: io.netty.util.internal.shaded.org.jctools.queues.MpscArrayQueueL1Pad
13:35:02.421 [main] INFO org.evosuite.runtime.instrumentation.EvoClassLoader - Seeing class for first time: io.netty.util.internal.logging.LocationAwareSlf4JLogger
13:35:02.421 [main] INFO org.evosuite.runtime.instrumentation.EvoClassLoader - Instrumenting class 'io.netty.util.internal.logging.LocationAwareSlf4JLogger'.
13:35:02.423 [main] INFO org.evosuite.runtime.instrumentation.MethodCallReplacementClassAdapter - Adding mock interface to class io/netty/util/internal/logging/LocationAwareSlf4JLogger
13:35:02.425 [main] INFO org.evosuite.runtime.instrumentation.CreateClassResetClassAdapter - Found static initializer in class io/netty/util/internal/logging/LocationAwareSlf4JLogger
13:35:02.426 [main] INFO org.evosuite.runtime.instrumentation.EvoClassLoader - Defined package (3): package io.netty.util.internal.logging, 2048307398
13:35:02.427 [main] INFO org.evosuite.runtime.instrumentation.EvoClassLoader - Seeing class for first time: io.netty.util.internal.logging.AbstractInternalLogger
13:35:02.427 [main] INFO org.evosuite.runtime.instrumentation.EvoClassLoader - Instrumenting class 'io.netty.util.internal.logging.AbstractInternalLogger'.
13:35:02.429 [main] INFO org.evosuite.runtime.instrumentation.MethodCallReplacementClassAdapter - Adding mock interface to class io/netty/util/internal/logging/AbstractInternalLogger
13:35:02.434 [main] INFO org.evosuite.runtime.instrumentation.CreateClassResetClassAdapter - Creating brand-new static initializer in class io/netty/util/internal/logging/AbstractInternalLogger
13:35:02.435 [main] INFO org.evosuite.runtime.instrumentation.CreateClassResetClassAdapter - Adding bytecode for initializing field EXCEPTION_MESSAGE
13:35:02.435 [main] INFO org.evosuite.runtime.instrumentation.EvoClassLoader - Seeing class for first time: io.netty.util.internal.logging.InternalLogger
13:35:02.435 [main] INFO org.evosuite.runtime.instrumentation.EvoClassLoader - Instrumenting class 'io.netty.util.internal.logging.InternalLogger'.
13:35:02.438 [main] INFO org.evosuite.runtime.instrumentation.EvoClassLoader - Keeping class: io.netty.util.internal.logging.InternalLogger
13:35:02.438 [main] INFO org.evosuite.runtime.instrumentation.EvoClassLoader - Keeping class: io.netty.util.internal.logging.AbstractInternalLogger
13:35:02.438 [main] INFO org.evosuite.runtime.instrumentation.EvoClassLoader - Keeping class: io.netty.util.internal.logging.LocationAwareSlf4JLogger
13:35:02.440 [main] INFO org.evosuite.runtime.instrumentation.EvoClassLoader - Seeing class for first time: io.netty.util.internal.PlatformDependent0
13:35:02.440 [main] INFO org.evosuite.runtime.instrumentation.EvoClassLoader - Instrumenting class 'io.netty.util.internal.PlatformDependent0'.
13:35:02.442 [main] INFO org.evosuite.runtime.instrumentation.MethodCallReplacementClassAdapter - Adding mock interface to class io/netty/util/internal/PlatformDependent0
13:35:02.451 [main] INFO org.evosuite.runtime.instrumentation.CreateClassResetClassAdapter - Found static initializer in class io/netty/util/internal/PlatformDependent0
13:35:02.462 [main] INFO org.evosuite.runtime.instrumentation.EvoClassLoader - Keeping class: io.netty.util.internal.PlatformDependent0
13:35:02.464 [main] INFO org.evosuite.runtime.instrumentation.EvoClassLoader - Seeing class for first time: io.netty.util.internal.logging.InternalLoggerFactory
13:35:02.465 [main] INFO org.evosuite.runtime.instrumentation.EvoClassLoader - Instrumenting class 'io.netty.util.internal.logging.InternalLoggerFactory'.
13:35:02.470 [main] INFO org.evosuite.runtime.instrumentation.MethodCallReplacementClassAdapter - Adding mock interface to class io/netty/util/internal/logging/InternalLoggerFactory
13:35:02.472 [main] INFO org.evosuite.runtime.instrumentation.CreateClassResetClassAdapter - Creating brand-new static initializer in class io/netty/util/internal/logging/InternalLoggerFactory
13:35:02.473 [main] INFO org.evosuite.runtime.instrumentation.CreateClassResetClassAdapter - Adding bytecode for initializing field defaultFactory
13:35:02.473 [main] INFO org.evosuite.runtime.instrumentation.EvoClassLoader - Keeping class: io.netty.util.internal.logging.InternalLoggerFactory
13:35:02.474 [main] INFO org.evosuite.runtime.instrumentation.EvoClassLoader - Seeing class for first time: io.netty.util.internal.logging.Slf4JLoggerFactory
13:35:02.474 [main] INFO org.evosuite.runtime.instrumentation.EvoClassLoader - Instrumenting class 'io.netty.util.internal.logging.Slf4JLoggerFactory'.
13:35:02.475 [main] INFO org.evosuite.runtime.instrumentation.MethodCallReplacementClassAdapter - Adding mock interface to class io/netty/util/internal/logging/Slf4JLoggerFactory
13:35:02.479 [main] INFO org.evosuite.runtime.instrumentation.CreateClassResetClassAdapter - Found static initializer in class io/netty/util/internal/logging/Slf4JLoggerFactory
13:35:02.480 [main] INFO org.evosuite.runtime.instrumentation.EvoClassLoader - Keeping class: io.netty.util.internal.logging.Slf4JLoggerFactory
13:35:02.480 [main] INFO org.evosuite.runtime.instrumentation.EvoClassLoader - Seeing class for first time: io.netty.util.internal.logging.Slf4JLogger
13:35:02.480 [main] INFO org.evosuite.runtime.instrumentation.EvoClassLoader - Instrumenting class 'io.netty.util.internal.logging.Slf4JLogger'.
13:35:02.482 [main] INFO org.evosuite.runtime.instrumentation.MethodCallReplacementClassAdapter - Adding mock interface to class io/netty/util/internal/logging/Slf4JLogger
13:35:02.483 [main] INFO org.evosuite.runtime.instrumentation.CreateClassResetClassAdapter - Creating brand-new static initializer in class io/netty/util/internal/logging/Slf4JLogger
13:35:02.484 [main] INFO org.evosuite.runtime.instrumentation.EvoClassLoader - Keeping class: io.netty.util.internal.logging.Slf4JLogger
13:35:02.484 [main] INFO org.evosuite.runtime.instrumentation.EvoClassLoader - Seeing class for first time: io.netty.util.internal.logging.Slf4JLoggerFactory$NopInstanceHolder
13:35:02.484 [main] INFO org.evosuite.runtime.instrumentation.EvoClassLoader - Instrumenting class 'io.netty.util.internal.logging.Slf4JLoggerFactory$NopInstanceHolder'.
13:35:02.486 [main] INFO org.evosuite.runtime.instrumentation.MethodCallReplacementClassAdapter - Adding mock interface to class io/netty/util/internal/logging/Slf4JLoggerFactory$NopInstanceHolder
13:35:02.487 [main] INFO org.evosuite.runtime.instrumentation.CreateClassResetClassAdapter - Found static initializer in class io/netty/util/internal/logging/Slf4JLoggerFactory$NopInstanceHolder
13:35:02.487 [main] INFO org.evosuite.runtime.instrumentation.EvoClassLoader - Keeping class: io.netty.util.internal.logging.Slf4JLoggerFactory$NopInstanceHolder
13:35:02.488 [main] INFO org.evosuite.runtime.instrumentation.EvoClassLoader - Seeing class for first time: io.netty.util.internal.ObjectUtil
13:35:02.488 [main] INFO org.evosuite.runtime.instrumentation.EvoClassLoader - Instrumenting class 'io.netty.util.internal.ObjectUtil'.
13:35:02.489 [main] INFO org.evosuite.runtime.instrumentation.MethodCallReplacementClassAdapter - Adding mock interface to class io/netty/util/internal/ObjectUtil
13:35:02.496 [main] INFO org.evosuite.runtime.instrumentation.CreateClassResetClassAdapter - Creating brand-new static initializer in class io/netty/util/internal/ObjectUtil
13:35:02.496 [main] INFO org.evosuite.runtime.instrumentation.CreateClassResetClassAdapter - Adding bytecode for initializing field FLOAT_ZERO
13:35:02.496 [main] INFO org.evosuite.runtime.instrumentation.CreateClassResetClassAdapter - Adding bytecode for initializing field DOUBLE_ZERO
13:35:02.496 [main] INFO org.evosuite.runtime.instrumentation.CreateClassResetClassAdapter - Adding bytecode for initializing field LONG_ZERO
13:35:02.496 [main] INFO org.evosuite.runtime.instrumentation.CreateClassResetClassAdapter - Adding bytecode for initializing field INT_ZERO
13:35:02.497 [main] INFO org.evosuite.runtime.instrumentation.EvoClassLoader - Keeping class: io.netty.util.internal.ObjectUtil
13:35:02.498 [main] DEBUG io.netty.util.internal.logging.InternalLoggerFactory - Using SLF4J as the default logging framework
13:35:02.498 [main] INFO org.evosuite.runtime.instrumentation.EvoClassLoader - Seeing class for first time: io.netty.util.internal.SystemPropertyUtil
13:35:02.498 [main] INFO org.evosuite.runtime.instrumentation.EvoClassLoader - Instrumenting class 'io.netty.util.internal.SystemPropertyUtil'.
13:35:02.499 [main] INFO org.evosuite.runtime.instrumentation.MethodCallReplacementClassAdapter - Adding mock interface to class io/netty/util/internal/SystemPropertyUtil
13:35:02.501 [main] INFO org.evosuite.runtime.instrumentation.CreateClassResetClassAdapter - Found static initializer in class io/netty/util/internal/SystemPropertyUtil
13:35:02.501 [main] INFO org.evosuite.runtime.instrumentation.EvoClassLoader - Keeping class: io.netty.util.internal.SystemPropertyUtil
13:35:02.506 [main] DEBUG io.netty.util.internal.PlatformDependent0 - -Dio.netty.noUnsafe: false
13:35:02.507 [main] DEBUG io.netty.util.internal.PlatformDependent0 - Java version: 8
13:35:02.508 [main] INFO org.evosuite.runtime.instrumentation.EvoClassLoader - Seeing class for first time: io.netty.util.internal.PlatformDependent0$1
13:35:02.508 [main] INFO org.evosuite.runtime.instrumentation.EvoClassLoader - Instrumenting class 'io.netty.util.internal.PlatformDependent0$1'.
13:35:02.509 [main] INFO org.evosuite.runtime.instrumentation.MethodCallReplacementClassAdapter - Adding mock interface to class io/netty/util/internal/PlatformDependent0$1
13:35:02.510 [main] INFO org.evosuite.runtime.instrumentation.EvoClassLoader - Keeping class: io.netty.util.internal.PlatformDependent0$1
13:35:02.512 [main] INFO org.evosuite.runtime.instrumentation.EvoClassLoader - Seeing class for first time: io.netty.util.internal.ReflectionUtil
13:35:02.512 [main] INFO org.evosuite.runtime.instrumentation.EvoClassLoader - Instrumenting class 'io.netty.util.internal.ReflectionUtil'.
13:35:02.513 [main] INFO org.evosuite.runtime.instrumentation.MethodCallReplacementClassAdapter - Adding mock interface to class io/netty/util/internal/ReflectionUtil
13:35:02.514 [main] INFO org.evosuite.runtime.instrumentation.CreateClassResetClassAdapter - Creating brand-new static initializer in class io/netty/util/internal/ReflectionUtil
13:35:02.515 [main] INFO org.evosuite.runtime.instrumentation.EvoClassLoader - Keeping class: io.netty.util.internal.ReflectionUtil
13:35:02.516 [main] DEBUG io.netty.util.internal.PlatformDependent0 - sun.misc.Unsafe.theUnsafe: available
13:35:02.516 [main] INFO org.evosuite.runtime.instrumentation.EvoClassLoader - Seeing class for first time: io.netty.util.internal.PlatformDependent0$2
13:35:02.516 [main] INFO org.evosuite.runtime.instrumentation.EvoClassLoader - Instrumenting class 'io.netty.util.internal.PlatformDependent0$2'.
13:35:02.517 [main] INFO org.evosuite.runtime.instrumentation.MethodCallReplacementClassAdapter - Adding mock interface to class io/netty/util/internal/PlatformDependent0$2
13:35:02.518 [main] INFO org.evosuite.runtime.instrumentation.EvoClassLoader - Keeping class: io.netty.util.internal.PlatformDependent0$2
13:35:02.519 [main] DEBUG io.netty.util.internal.PlatformDependent0 - sun.misc.Unsafe.copyMemory: available
13:35:02.519 [main] INFO org.evosuite.runtime.instrumentation.EvoClassLoader - Seeing class for first time: io.netty.util.internal.PlatformDependent0$3
13:35:02.519 [main] INFO org.evosuite.runtime.instrumentation.EvoClassLoader - Instrumenting class 'io.netty.util.internal.PlatformDependent0$3'.
13:35:02.520 [main] INFO org.evosuite.runtime.instrumentation.MethodCallReplacementClassAdapter - Adding mock interface to class io/netty/util/internal/PlatformDependent0$3
13:35:02.521 [main] INFO org.evosuite.runtime.instrumentation.EvoClassLoader - Keeping class: io.netty.util.internal.PlatformDependent0$3
13:35:02.522 [main] DEBUG io.netty.util.internal.PlatformDependent0 - sun.misc.Unsafe.storeFence: available
13:35:02.522 [main] INFO org.evosuite.runtime.instrumentation.EvoClassLoader - Seeing class for first time: io.netty.util.internal.PlatformDependent0$4
13:35:02.522 [main] INFO org.evosuite.runtime.instrumentation.EvoClassLoader - Instrumenting class 'io.netty.util.internal.PlatformDependent0$4'.
13:35:02.523 [main] INFO org.evosuite.runtime.instrumentation.MethodCallReplacementClassAdapter - Adding mock interface to class io/netty/util/internal/PlatformDependent0$4
13:35:02.525 [main] INFO org.evosuite.runtime.instrumentation.EvoClassLoader - Keeping class: io.netty.util.internal.PlatformDependent0$4
13:35:02.526 [main] DEBUG io.netty.util.internal.PlatformDependent0 - java.nio.Buffer.address: available
13:35:02.526 [main] INFO org.evosuite.runtime.instrumentation.EvoClassLoader - Seeing class for first time: io.netty.util.internal.PlatformDependent0$5
13:35:02.526 [main] INFO org.evosuite.runtime.instrumentation.EvoClassLoader - Instrumenting class 'io.netty.util.internal.PlatformDependent0$5'.
13:35:02.528 [main] INFO org.evosuite.runtime.instrumentation.MethodCallReplacementClassAdapter - Adding mock interface to class io/netty/util/internal/PlatformDependent0$5
13:35:02.530 [main] INFO org.evosuite.runtime.instrumentation.EvoClassLoader - Keeping class: io.netty.util.internal.PlatformDependent0$5
13:35:02.531 [main] DEBUG io.netty.util.internal.PlatformDependent0 - direct buffer constructor: available
13:35:02.532 [main] INFO org.evosuite.runtime.instrumentation.EvoClassLoader - Seeing class for first time: io.netty.util.internal.PlatformDependent0$6
13:35:02.532 [main] INFO org.evosuite.runtime.instrumentation.EvoClassLoader - Instrumenting class 'io.netty.util.internal.PlatformDependent0$6'.
13:35:02.534 [main] INFO org.evosuite.runtime.instrumentation.MethodCallReplacementClassAdapter - Adding mock interface to class io/netty/util/internal/PlatformDependent0$6
13:35:02.539 [main] INFO org.evosuite.runtime.instrumentation.EvoClassLoader - Keeping class: io.netty.util.internal.PlatformDependent0$6
13:35:02.540 [main] INFO org.evosuite.runtime.instrumentation.EvoClassLoader - Seeing class for first time: io.netty.util.internal.PlatformDependent0$12
13:35:02.541 [main] INFO org.evosuite.runtime.instrumentation.EvoClassLoader - Instrumenting class 'io.netty.util.internal.PlatformDependent0$12'.
13:35:02.542 [main] INFO org.evosuite.runtime.instrumentation.MethodCallReplacementClassAdapter - Adding mock interface to class io/netty/util/internal/PlatformDependent0$12
13:35:02.544 [main] INFO org.evosuite.runtime.instrumentation.EvoClassLoader - Keeping class: io.netty.util.internal.PlatformDependent0$12
13:35:02.545 [main] DEBUG io.netty.util.internal.PlatformDependent0 - java.nio.Bits.unaligned: available, true
13:35:02.546 [main] DEBUG io.netty.util.internal.PlatformDependent0 - jdk.internal.misc.Unsafe.allocateUninitializedArray(int): unavailable prior to Java9
13:35:02.546 [main] DEBUG io.netty.util.internal.PlatformDependent0 - java.nio.DirectByteBuffer.<init>(long, {int,long}): available
13:35:02.548 [main] INFO org.evosuite.runtime.instrumentation.EvoClassLoader - Seeing class for first time: io.netty.buffer.UnpooledByteBufAllocator$InstrumentedUnpooledDirectByteBuf
13:35:02.549 [main] INFO org.evosuite.runtime.instrumentation.EvoClassLoader - Instrumenting class 'io.netty.buffer.UnpooledByteBufAllocator$InstrumentedUnpooledDirectByteBuf'.
13:35:02.550 [main] INFO org.evosuite.runtime.instrumentation.MethodCallReplacementClassAdapter - Adding mock interface to class io/netty/buffer/UnpooledByteBufAllocator$InstrumentedUnpooledDirectByteBuf
13:35:02.552 [main] INFO org.evosuite.runtime.instrumentation.CreateClassResetClassAdapter - Creating brand-new static initializer in class io/netty/buffer/UnpooledByteBufAllocator$InstrumentedUnpooledDirectByteBuf
13:35:02.552 [main] INFO org.evosuite.runtime.instrumentation.EvoClassLoader - Seeing class for first time: io.netty.buffer.UnpooledDirectByteBuf
13:35:02.552 [main] INFO org.evosuite.runtime.instrumentation.EvoClassLoader - Instrumenting class 'io.netty.buffer.UnpooledDirectByteBuf'.
13:35:02.555 [main] INFO org.evosuite.runtime.instrumentation.MethodCallReplacementClassAdapter - Adding mock interface to class io/netty/buffer/UnpooledDirectByteBuf
13:35:02.565 [main] INFO org.evosuite.runtime.instrumentation.CreateClassResetClassAdapter - Creating brand-new static initializer in class io/netty/buffer/UnpooledDirectByteBuf
13:35:02.566 [main] INFO org.evosuite.runtime.instrumentation.EvoClassLoader - Keeping class: io.netty.buffer.UnpooledDirectByteBuf
13:35:02.566 [main] INFO org.evosuite.runtime.instrumentation.EvoClassLoader - Keeping class: io.netty.buffer.UnpooledByteBufAllocator$InstrumentedUnpooledDirectByteBuf
13:35:02.569 [main] INFO org.evosuite.runtime.instrumentation.EvoClassLoader - Seeing class for first time: io.netty.buffer.UnpooledDuplicatedByteBuf
13:35:02.569 [main] INFO org.evosuite.runtime.instrumentation.EvoClassLoader - Instrumenting class 'io.netty.buffer.UnpooledDuplicatedByteBuf'.
13:35:02.571 [main] INFO org.evosuite.runtime.instrumentation.MethodCallReplacementClassAdapter - Adding mock interface to class io/netty/buffer/UnpooledDuplicatedByteBuf
13:35:02.572 [main] INFO org.evosuite.runtime.instrumentation.CreateClassResetClassAdapter - Creating brand-new static initializer in class io/netty/buffer/UnpooledDuplicatedByteBuf
13:35:02.573 [main] INFO org.evosuite.runtime.instrumentation.EvoClassLoader - Seeing class for first time: io.netty.buffer.DuplicatedByteBuf
13:35:02.573 [main] INFO org.evosuite.runtime.instrumentation.EvoClassLoader - Instrumenting class 'io.netty.buffer.DuplicatedByteBuf'.
13:35:02.575 [main] INFO org.evosuite.runtime.instrumentation.MethodCallReplacementClassAdapter - Adding mock interface to class io/netty/buffer/DuplicatedByteBuf
13:35:02.578 [main] INFO org.evosuite.runtime.instrumentation.CreateClassResetClassAdapter - Creating brand-new static initializer in class io/netty/buffer/DuplicatedByteBuf
13:35:02.579 [main] INFO org.evosuite.runtime.instrumentation.EvoClassLoader - Seeing class for first time: io.netty.buffer.AbstractDerivedByteBuf
13:35:02.579 [main] INFO org.evosuite.runtime.instrumentation.EvoClassLoader - Instrumenting class 'io.netty.buffer.AbstractDerivedByteBuf'.
13:35:02.581 [main] INFO org.evosuite.runtime.instrumentation.MethodCallReplacementClassAdapter - Adding mock interface to class io/netty/buffer/AbstractDerivedByteBuf
13:35:02.583 [main] INFO org.evosuite.runtime.instrumentation.CreateClassResetClassAdapter - Creating brand-new static initializer in class io/netty/buffer/AbstractDerivedByteBuf
13:35:02.584 [main] INFO org.evosuite.runtime.instrumentation.EvoClassLoader - Keeping class: io.netty.buffer.AbstractDerivedByteBuf
13:35:02.584 [main] INFO org.evosuite.runtime.instrumentation.EvoClassLoader - Keeping class: io.netty.buffer.DuplicatedByteBuf
13:35:02.584 [main] INFO org.evosuite.runtime.instrumentation.EvoClassLoader - Keeping class: io.netty.buffer.UnpooledDuplicatedByteBuf
13:35:02.584 [main] INFO org.evosuite.runtime.instrumentation.EvoClassLoader - Seeing class for first time: io.netty.buffer.UnpooledSlicedByteBuf
13:35:02.584 [main] INFO org.evosuite.runtime.instrumentation.EvoClassLoader - Instrumenting class 'io.netty.buffer.UnpooledSlicedByteBuf'.
13:35:02.586 [main] INFO org.evosuite.runtime.instrumentation.MethodCallReplacementClassAdapter - Adding mock interface to class io/netty/buffer/UnpooledSlicedByteBuf
13:35:02.588 [main] INFO org.evosuite.runtime.instrumentation.CreateClassResetClassAdapter - Creating brand-new static initializer in class io/netty/buffer/UnpooledSlicedByteBuf
13:35:02.588 [main] INFO org.evosuite.runtime.instrumentation.EvoClassLoader - Seeing class for first time: io.netty.buffer.AbstractUnpooledSlicedByteBuf
13:35:02.588 [main] INFO org.evosuite.runtime.instrumentation.EvoClassLoader - Instrumenting class 'io.netty.buffer.AbstractUnpooledSlicedByteBuf'.
13:35:02.590 [main] INFO org.evosuite.runtime.instrumentation.MethodCallReplacementClassAdapter - Adding mock interface to class io/netty/buffer/AbstractUnpooledSlicedByteBuf
13:35:02.594 [main] INFO org.evosuite.runtime.instrumentation.CreateClassResetClassAdapter - Creating brand-new static initializer in class io/netty/buffer/AbstractUnpooledSlicedByteBuf
13:35:02.595 [main] INFO org.evosuite.runtime.instrumentation.EvoClassLoader - Keeping class: io.netty.buffer.AbstractUnpooledSlicedByteBuf
13:35:02.596 [main] INFO org.evosuite.runtime.instrumentation.EvoClassLoader - Keeping class: io.netty.buffer.UnpooledSlicedByteBuf
13:35:02.596 [main] INFO org.evosuite.runtime.instrumentation.EvoClassLoader - Seeing class for first time: io.netty.buffer.SwappedByteBuf
13:35:02.596 [main] INFO org.evosuite.runtime.instrumentation.EvoClassLoader - Instrumenting class 'io.netty.buffer.SwappedByteBuf'.
13:35:02.599 [main] INFO org.evosuite.runtime.instrumentation.MethodCallReplacementClassAdapter - Adding mock interface to class io/netty/buffer/SwappedByteBuf
13:35:02.606 [main] INFO org.evosuite.runtime.instrumentation.CreateClassResetClassAdapter - Creating brand-new static initializer in class io/netty/buffer/SwappedByteBuf
13:35:02.608 [main] INFO org.evosuite.runtime.instrumentation.EvoClassLoader - Keeping class: io.netty.buffer.SwappedByteBuf
13:35:02.608 [main] INFO org.evosuite.runtime.instrumentation.EvoClassLoader - Seeing class for first time: io.netty.util.internal.ReferenceCountUpdater
13:35:02.609 [main] INFO org.evosuite.runtime.instrumentation.EvoClassLoader - Instrumenting class 'io.netty.util.internal.ReferenceCountUpdater'.
13:35:02.610 [main] INFO org.evosuite.runtime.instrumentation.MethodCallReplacementClassAdapter - Adding mock interface to class io/netty/util/internal/ReferenceCountUpdater
13:35:02.611 [main] INFO org.evosuite.runtime.instrumentation.CreateClassResetClassAdapter - Creating brand-new static initializer in class io/netty/util/internal/ReferenceCountUpdater
13:35:02.612 [main] INFO org.evosuite.runtime.instrumentation.EvoClassLoader - Keeping class: io.netty.util.internal.ReferenceCountUpdater
13:35:02.612 [main] INFO org.evosuite.runtime.instrumentation.EvoClassLoader - Seeing class for first time: io.netty.buffer.AbstractReferenceCountedByteBuf$1
13:35:02.612 [main] INFO org.evosuite.runtime.instrumentation.EvoClassLoader - Instrumenting class 'io.netty.buffer.AbstractReferenceCountedByteBuf$1'.
13:35:02.613 [main] INFO org.evosuite.runtime.instrumentation.MethodCallReplacementClassAdapter - Adding mock interface to class io/netty/buffer/AbstractReferenceCountedByteBuf$1
13:35:02.614 [main] INFO org.evosuite.runtime.instrumentation.EvoClassLoader - Keeping class: io.netty.buffer.AbstractReferenceCountedByteBuf$1
13:35:02.615 [main] DEBUG io.netty.buffer.AbstractByteBuf - -Dio.netty.buffer.checkAccessible: true
13:35:02.616 [main] DEBUG io.netty.buffer.AbstractByteBuf - -Dio.netty.buffer.checkBounds: true
13:35:02.616 [main] INFO org.evosuite.runtime.instrumentation.EvoClassLoader - Seeing class for first time: io.netty.util.ResourceLeakDetectorFactory
13:35:02.616 [main] INFO org.evosuite.runtime.instrumentation.EvoClassLoader - Instrumenting class 'io.netty.util.ResourceLeakDetectorFactory'.
13:35:02.617 [main] INFO org.evosuite.runtime.instrumentation.MethodCallReplacementClassAdapter - Adding mock interface to class io/netty/util/ResourceLeakDetectorFactory
13:35:02.617 [main] INFO org.evosuite.runtime.instrumentation.CreateClassResetClassAdapter - Found static initializer in class io/netty/util/ResourceLeakDetectorFactory
13:35:02.618 [main] INFO org.evosuite.runtime.instrumentation.EvoClassLoader - Keeping class: io.netty.util.ResourceLeakDetectorFactory
13:35:02.618 [main] INFO org.evosuite.runtime.instrumentation.EvoClassLoader - Seeing class for first time: io.netty.util.ResourceLeakDetectorFactory$DefaultResourceLeakDetectorFactory
13:35:02.618 [main] INFO org.evosuite.runtime.instrumentation.EvoClassLoader - Instrumenting class 'io.netty.util.ResourceLeakDetectorFactory$DefaultResourceLeakDetectorFactory'.
13:35:02.620 [main] INFO org.evosuite.runtime.instrumentation.MethodCallReplacementClassAdapter - Adding mock interface to class io/netty/util/ResourceLeakDetectorFactory$DefaultResourceLeakDetectorFactory
13:35:02.623 [main] INFO org.evosuite.runtime.instrumentation.CreateClassResetClassAdapter - Creating brand-new static initializer in class io/netty/util/ResourceLeakDetectorFactory$DefaultResourceLeakDetectorFactory
13:35:02.623 [main] INFO org.evosuite.runtime.instrumentation.EvoClassLoader - Keeping class: io.netty.util.ResourceLeakDetectorFactory$DefaultResourceLeakDetectorFactory
13:35:02.624 [main] INFO org.evosuite.runtime.instrumentation.EvoClassLoader - Seeing class for first time: io.netty.util.ResourceLeakDetector
13:35:02.624 [main] INFO org.evosuite.runtime.instrumentation.EvoClassLoader - Instrumenting class 'io.netty.util.ResourceLeakDetector'.
13:35:02.626 [main] INFO org.evosuite.runtime.instrumentation.MethodCallReplacementClassAdapter - Adding mock interface to class io/netty/util/ResourceLeakDetector
13:35:02.631 [main] INFO org.evosuite.runtime.instrumentation.CreateClassResetClassAdapter - Found static initializer in class io/netty/util/ResourceLeakDetector
13:35:02.633 [main] INFO org.evosuite.runtime.instrumentation.EvoClassLoader - Keeping class: io.netty.util.ResourceLeakDetector
13:35:02.633 [main] INFO org.evosuite.runtime.instrumentation.EvoClassLoader - Seeing class for first time: io.netty.util.ResourceLeakTracker
13:35:02.633 [main] INFO org.evosuite.runtime.instrumentation.EvoClassLoader - Instrumenting class 'io.netty.util.ResourceLeakTracker'.
13:35:02.635 [main] INFO org.evosuite.runtime.instrumentation.EvoClassLoader - Keeping class: io.netty.util.ResourceLeakTracker
13:35:02.636 [main] INFO org.evosuite.runtime.instrumentation.EvoClassLoader - Seeing class for first time: io.netty.util.ResourceLeak
13:35:02.636 [main] INFO org.evosuite.runtime.instrumentation.EvoClassLoader - Instrumenting class 'io.netty.util.ResourceLeak'.
13:35:02.638 [main] INFO org.evosuite.runtime.instrumentation.EvoClassLoader - Keeping class: io.netty.util.ResourceLeak
13:35:02.638 [main] INFO org.evosuite.runtime.instrumentation.EvoClassLoader - Seeing class for first time: io.netty.util.ResourceLeakDetector$Level
13:35:02.638 [main] INFO org.evosuite.runtime.instrumentation.EvoClassLoader - Instrumenting class 'io.netty.util.ResourceLeakDetector$Level'.
13:35:02.639 [main] INFO org.evosuite.runtime.instrumentation.MethodCallReplacementClassAdapter - Adding mock interface to class io/netty/util/ResourceLeakDetector$Level
13:35:02.640 [main] INFO org.evosuite.runtime.instrumentation.CreateClassResetClassAdapter - Found static initializer in class io/netty/util/ResourceLeakDetector$Level
13:35:02.641 [main] INFO org.evosuite.runtime.instrumentation.EvoClassLoader - Keeping class: io.netty.util.ResourceLeakDetector$Level
13:35:02.641 [main] DEBUG io.netty.util.ResourceLeakDetector - -Dio.netty.leakDetection.level: simple
13:35:02.642 [main] DEBUG io.netty.util.ResourceLeakDetector - -Dio.netty.leakDetection.targetRecords: 4
13:35:02.642 [main] INFO org.evosuite.runtime.instrumentation.EvoClassLoader - Seeing class for first time: io.netty.util.internal.EmptyArrays
13:35:02.642 [main] INFO org.evosuite.runtime.instrumentation.EvoClassLoader - Instrumenting class 'io.netty.util.internal.EmptyArrays'.
13:35:02.643 [main] INFO org.evosuite.runtime.instrumentation.MethodCallReplacementClassAdapter - Adding mock interface to class io/netty/util/internal/EmptyArrays
13:35:02.644 [main] INFO org.evosuite.runtime.instrumentation.CreateClassResetClassAdapter - Found static initializer in class io/netty/util/internal/EmptyArrays
13:35:02.644 [main] INFO org.evosuite.runtime.instrumentation.EvoClassLoader - Keeping class: io.netty.util.internal.EmptyArrays
13:35:02.644 [main] INFO org.evosuite.runtime.instrumentation.EvoClassLoader - Seeing class for first time: io.netty.util.AsciiString
13:35:02.644 [main] INFO org.evosuite.runtime.instrumentation.EvoClassLoader - Instrumenting class 'io.netty.util.AsciiString'.
13:35:02.647 [main] INFO org.evosuite.runtime.instrumentation.MethodCallReplacementClassAdapter - Adding mock interface to class io/netty/util/AsciiString
13:35:02.656 [main] INFO org.evosuite.runtime.instrumentation.CreateClassResetClassAdapter - Found static initializer in class io/netty/util/AsciiString
13:35:02.658 [main] INFO org.evosuite.runtime.instrumentation.EvoClassLoader - Keeping class: io.netty.util.AsciiString
13:35:02.660 [main] INFO org.evosuite.runtime.instrumentation.EvoClassLoader - Seeing class for first time: io.netty.util.internal.StringUtil
13:35:02.660 [main] INFO org.evosuite.runtime.instrumentation.EvoClassLoader - Instrumenting class 'io.netty.util.internal.StringUtil'.
13:35:02.662 [main] INFO org.evosuite.runtime.instrumentation.MethodCallReplacementClassAdapter - Adding mock interface to class io/netty/util/internal/StringUtil
13:35:02.666 [main] INFO org.evosuite.runtime.instrumentation.CreateClassResetClassAdapter - Found static initializer in class io/netty/util/internal/StringUtil
13:35:02.668 [main] INFO org.evosuite.runtime.instrumentation.EvoClassLoader - Keeping class: io.netty.util.internal.StringUtil
13:35:02.672 [main] DEBUG io.netty.util.ResourceLeakDetectorFactory - Loaded default ResourceLeakDetector: io.netty.util.ResourceLeakDetector@13
13:35:02.673 [main] INFO org.evosuite.runtime.instrumentation.EvoClassLoader - Seeing class for first time: io.netty.util.internal.PlatformDependent
13:35:02.673 [main] INFO org.evosuite.runtime.instrumentation.EvoClassLoader - Instrumenting class 'io.netty.util.internal.PlatformDependent'.
13:35:02.676 [main] INFO org.evosuite.runtime.instrumentation.MethodCallReplacementClassAdapter - Adding mock interface to class io/netty/util/internal/PlatformDependent
13:35:02.708 [main] INFO org.evosuite.runtime.instrumentation.CreateClassResetClassAdapter - Found static initializer in class io/netty/util/internal/PlatformDependent
13:35:02.720 [main] INFO org.evosuite.runtime.instrumentation.EvoClassLoader - Keeping class: io.netty.util.internal.PlatformDependent
13:35:02.720 [main] INFO org.evosuite.runtime.instrumentation.EvoClassLoader - Seeing class for first time: io.netty.util.internal.PlatformDependent$ThreadLocalRandomProvider
13:35:02.720 [main] INFO org.evosuite.runtime.instrumentation.EvoClassLoader - Instrumenting class 'io.netty.util.internal.PlatformDependent$ThreadLocalRandomProvider'.
13:35:02.722 [main] INFO org.evosuite.runtime.instrumentation.EvoClassLoader - Keeping class: io.netty.util.internal.PlatformDependent$ThreadLocalRandomProvider
13:35:02.730 [main] INFO org.evosuite.runtime.instrumentation.EvoClassLoader - Seeing class for first time: io.netty.util.internal.LongCounter
13:35:02.730 [main] INFO org.evosuite.runtime.instrumentation.EvoClassLoader - Instrumenting class 'io.netty.util.internal.LongCounter'.
13:35:02.731 [main] INFO org.evosuite.runtime.instrumentation.EvoClassLoader - Keeping class: io.netty.util.internal.LongCounter
13:35:02.732 [main] INFO org.evosuite.runtime.instrumentation.EvoClassLoader - Seeing class for first time: io.netty.util.internal.OutOfDirectMemoryError
13:35:02.732 [main] INFO org.evosuite.runtime.instrumentation.EvoClassLoader - Instrumenting class 'io.netty.util.internal.OutOfDirectMemoryError'.
13:35:02.733 [main] INFO org.evosuite.runtime.instrumentation.MethodCallReplacementClassAdapter - Adding mock interface to class io/netty/util/internal/OutOfDirectMemoryError
13:35:02.733 [main] INFO org.evosuite.runtime.instrumentation.CreateClassResetClassAdapter - Creating brand-new static initializer in class io/netty/util/internal/OutOfDirectMemoryError
13:35:02.734 [main] INFO org.evosuite.runtime.instrumentation.EvoClassLoader - Keeping class: io.netty.util.internal.OutOfDirectMemoryError
13:35:02.734 [main] INFO org.evosuite.runtime.instrumentation.EvoClassLoader - Seeing class for first time: io.netty.util.internal.shaded.org.jctools.queues.SpscLinkedQueue
13:35:02.734 [main] INFO org.evosuite.runtime.instrumentation.EvoClassLoader - Instrumenting class 'io.netty.util.internal.shaded.org.jctools.queues.SpscLinkedQueue'.
13:35:02.735 [main] INFO org.evosuite.runtime.instrumentation.MethodCallReplacementClassAdapter - Adding mock interface to class io/netty/util/internal/shaded/org/jctools/queues/SpscLinkedQueue
13:35:02.739 [main] INFO org.evosuite.runtime.instrumentation.CreateClassResetClassAdapter - Creating brand-new static initializer in class io/netty/util/internal/shaded/org/jctools/queues/SpscLinkedQueue
13:35:02.740 [main] INFO org.evosuite.runtime.instrumentation.EvoClassLoader - Seeing class for first time: io.netty.util.internal.shaded.org.jctools.queues.BaseLinkedQueue
13:35:02.740 [main] INFO org.evosuite.runtime.instrumentation.EvoClassLoader - Instrumenting class 'io.netty.util.internal.shaded.org.jctools.queues.BaseLinkedQueue'.
13:35:02.741 [main] INFO org.evosuite.runtime.instrumentation.MethodCallReplacementClassAdapter - Adding mock interface to class io/netty/util/internal/shaded/org/jctools/queues/BaseLinkedQueue
13:35:02.744 [main] INFO org.evosuite.runtime.instrumentation.CreateClassResetClassAdapter - Creating brand-new static initializer in class io/netty/util/internal/shaded/org/jctools/queues/BaseLinkedQueue
13:35:02.745 [main] INFO org.evosuite.runtime.instrumentation.EvoClassLoader - Seeing class for first time: io.netty.util.internal.shaded.org.jctools.queues.BaseLinkedQueuePad2
13:35:02.745 [main] INFO org.evosuite.runtime.instrumentation.EvoClassLoader - Instrumenting class 'io.netty.util.internal.shaded.org.jctools.queues.BaseLinkedQueuePad2'.
13:35:02.745 [main] INFO org.evosuite.runtime.instrumentation.MethodCallReplacementClassAdapter - Adding mock interface to class io/netty/util/internal/shaded/org/jctools/queues/BaseLinkedQueuePad2
13:35:02.746 [main] INFO org.evosuite.runtime.instrumentation.CreateClassResetClassAdapter - Creating brand-new static initializer in class io/netty/util/internal/shaded/org/jctools/queues/BaseLinkedQueuePad2
13:35:02.746 [main] INFO org.evosuite.runtime.instrumentation.EvoClassLoader - Seeing class for first time: io.netty.util.internal.shaded.org.jctools.queues.BaseLinkedQueueConsumerNodeRef
13:35:02.747 [main] INFO org.evosuite.runtime.instrumentation.EvoClassLoader - Instrumenting class 'io.netty.util.internal.shaded.org.jctools.queues.BaseLinkedQueueConsumerNodeRef'.
13:35:02.747 [main] INFO org.evosuite.runtime.instrumentation.MethodCallReplacementClassAdapter - Adding mock interface to class io/netty/util/internal/shaded/org/jctools/queues/BaseLinkedQueueConsumerNodeRef
13:35:02.748 [main] INFO org.evosuite.runtime.instrumentation.CreateClassResetClassAdapter - Found static initializer in class io/netty/util/internal/shaded/org/jctools/queues/BaseLinkedQueueConsumerNodeRef
13:35:02.748 [main] INFO org.evosuite.runtime.instrumentation.EvoClassLoader - Seeing class for first time: io.netty.util.internal.shaded.org.jctools.queues.BaseLinkedQueuePad1
13:35:02.748 [main] INFO org.evosuite.runtime.instrumentation.EvoClassLoader - Instrumenting class 'io.netty.util.internal.shaded.org.jctools.queues.BaseLinkedQueuePad1'.
13:35:02.749 [main] INFO org.evosuite.runtime.instrumentation.MethodCallReplacementClassAdapter - Adding mock interface to class io/netty/util/internal/shaded/org/jctools/queues/BaseLinkedQueuePad1
13:35:02.750 [main] INFO org.evosuite.runtime.instrumentation.CreateClassResetClassAdapter - Creating brand-new static initializer in class io/netty/util/internal/shaded/org/jctools/queues/BaseLinkedQueuePad1
13:35:02.751 [main] INFO org.evosuite.runtime.instrumentation.EvoClassLoader - Seeing class for first time: io.netty.util.internal.shaded.org.jctools.queues.BaseLinkedQueueProducerNodeRef
13:35:02.751 [main] INFO org.evosuite.runtime.instrumentation.EvoClassLoader - Instrumenting class 'io.netty.util.internal.shaded.org.jctools.queues.BaseLinkedQueueProducerNodeRef'.
13:35:02.751 [main] INFO org.evosuite.runtime.instrumentation.MethodCallReplacementClassAdapter - Adding mock interface to class io/netty/util/internal/shaded/org/jctools/queues/BaseLinkedQueueProducerNodeRef
13:35:02.752 [main] INFO org.evosuite.runtime.instrumentation.CreateClassResetClassAdapter - Found static initializer in class io/netty/util/internal/shaded/org/jctools/queues/BaseLinkedQueueProducerNodeRef
13:35:02.753 [main] INFO org.evosuite.runtime.instrumentation.EvoClassLoader - Seeing class for first time: io.netty.util.internal.shaded.org.jctools.queues.BaseLinkedQueuePad0
13:35:02.753 [main] INFO org.evosuite.runtime.instrumentation.EvoClassLoader - Instrumenting class 'io.netty.util.internal.shaded.org.jctools.queues.BaseLinkedQueuePad0'.
13:35:02.754 [main] INFO org.evosuite.runtime.instrumentation.MethodCallReplacementClassAdapter - Adding mock interface to class io/netty/util/internal/shaded/org/jctools/queues/BaseLinkedQueuePad0
13:35:02.755 [main] INFO org.evosuite.runtime.instrumentation.CreateClassResetClassAdapter - Creating brand-new static initializer in class io/netty/util/internal/shaded/org/jctools/queues/BaseLinkedQueuePad0
13:35:02.755 [main] INFO org.evosuite.runtime.instrumentation.EvoClassLoader - Keeping class: io.netty.util.internal.shaded.org.jctools.queues.BaseLinkedQueuePad0
13:35:02.756 [main] INFO org.evosuite.runtime.instrumentation.EvoClassLoader - Keeping class: io.netty.util.internal.shaded.org.jctools.queues.BaseLinkedQueueProducerNodeRef
13:35:02.756 [main] INFO org.evosuite.runtime.instrumentation.EvoClassLoader - Keeping class: io.netty.util.internal.shaded.org.jctools.queues.BaseLinkedQueuePad1
13:35:02.756 [main] INFO org.evosuite.runtime.instrumentation.EvoClassLoader - Keeping class: io.netty.util.internal.shaded.org.jctools.queues.BaseLinkedQueueConsumerNodeRef
13:35:02.756 [main] INFO org.evosuite.runtime.instrumentation.EvoClassLoader - Keeping class: io.netty.util.internal.shaded.org.jctools.queues.BaseLinkedQueuePad2
13:35:02.756 [main] INFO org.evosuite.runtime.instrumentation.EvoClassLoader - Keeping class: io.netty.util.internal.shaded.org.jctools.queues.BaseLinkedQueue
13:35:02.757 [main] INFO org.evosuite.runtime.instrumentation.EvoClassLoader - Keeping class: io.netty.util.internal.shaded.org.jctools.queues.SpscLinkedQueue
13:35:02.757 [main] INFO org.evosuite.runtime.instrumentation.EvoClassLoader - Seeing class for first time: io.netty.util.internal.shaded.org.jctools.queues.atomic.SpscLinkedAtomicQueue
13:35:02.757 [main] INFO org.evosuite.runtime.instrumentation.EvoClassLoader - Instrumenting class 'io.netty.util.internal.shaded.org.jctools.queues.atomic.SpscLinkedAtomicQueue'.
13:35:02.758 [main] INFO org.evosuite.runtime.instrumentation.MethodCallReplacementClassAdapter - Adding mock interface to class io/netty/util/internal/shaded/org/jctools/queues/atomic/SpscLinkedAtomicQueue
13:35:02.763 [main] INFO org.evosuite.runtime.instrumentation.CreateClassResetClassAdapter - Creating brand-new static initializer in class io/netty/util/internal/shaded/org/jctools/queues/atomic/SpscLinkedAtomicQueue
13:35:02.763 [main] INFO org.evosuite.runtime.instrumentation.EvoClassLoader - Defined package (3): package io.netty.util.internal.shaded.org.jctools.queues.atomic, 1662774531
13:35:02.764 [main] INFO org.evosuite.runtime.instrumentation.EvoClassLoader - Seeing class for first time: io.netty.util.internal.shaded.org.jctools.queues.atomic.BaseLinkedAtomicQueue
13:35:02.764 [main] INFO org.evosuite.runtime.instrumentation.EvoClassLoader - Instrumenting class 'io.netty.util.internal.shaded.org.jctools.queues.atomic.BaseLinkedAtomicQueue'.
13:35:02.766 [main] INFO org.evosuite.runtime.instrumentation.MethodCallReplacementClassAdapter - Adding mock interface to class io/netty/util/internal/shaded/org/jctools/queues/atomic/BaseLinkedAtomicQueue
13:35:02.769 [main] INFO org.evosuite.runtime.instrumentation.CreateClassResetClassAdapter - Creating brand-new static initializer in class io/netty/util/internal/shaded/org/jctools/queues/atomic/BaseLinkedAtomicQueue
13:35:02.769 [main] INFO org.evosuite.runtime.instrumentation.EvoClassLoader - Seeing class for first time: io.netty.util.internal.shaded.org.jctools.queues.atomic.BaseLinkedAtomicQueuePad2
13:35:02.769 [main] INFO org.evosuite.runtime.instrumentation.EvoClassLoader - Instrumenting class 'io.netty.util.internal.shaded.org.jctools.queues.atomic.BaseLinkedAtomicQueuePad2'.
13:35:02.770 [main] INFO org.evosuite.runtime.instrumentation.MethodCallReplacementClassAdapter - Adding mock interface to class io/netty/util/internal/shaded/org/jctools/queues/atomic/BaseLinkedAtomicQueuePad2
13:35:02.770 [main] INFO org.evosuite.runtime.instrumentation.CreateClassResetClassAdapter - Creating brand-new static initializer in class io/netty/util/internal/shaded/org/jctools/queues/atomic/BaseLinkedAtomicQueuePad2
13:35:02.770 [main] INFO org.evosuite.runtime.instrumentation.EvoClassLoader - Seeing class for first time: io.netty.util.internal.shaded.org.jctools.queues.atomic.BaseLinkedAtomicQueueConsumerNodeRef
13:35:02.770 [main] INFO org.evosuite.runtime.instrumentation.EvoClassLoader - Instrumenting class 'io.netty.util.internal.shaded.org.jctools.queues.atomic.BaseLinkedAtomicQueueConsumerNodeRef'.
13:35:02.771 [main] INFO org.evosuite.runtime.instrumentation.MethodCallReplacementClassAdapter - Adding mock interface to class io/netty/util/internal/shaded/org/jctools/queues/atomic/BaseLinkedAtomicQueueConsumerNodeRef
13:35:02.771 [main] INFO org.evosuite.runtime.instrumentation.CreateClassResetClassAdapter - Found static initializer in class io/netty/util/internal/shaded/org/jctools/queues/atomic/BaseLinkedAtomicQueueConsumerNodeRef
13:35:02.771 [main] INFO org.evosuite.runtime.instrumentation.EvoClassLoader - Seeing class for first time: io.netty.util.internal.shaded.org.jctools.queues.atomic.BaseLinkedAtomicQueuePad1
13:35:02.771 [main] INFO org.evosuite.runtime.instrumentation.EvoClassLoader - Instrumenting class 'io.netty.util.internal.shaded.org.jctools.queues.atomic.BaseLinkedAtomicQueuePad1'.
13:35:02.772 [main] INFO org.evosuite.runtime.instrumentation.MethodCallReplacementClassAdapter - Adding mock interface to class io/netty/util/internal/shaded/org/jctools/queues/atomic/BaseLinkedAtomicQueuePad1
13:35:02.772 [main] INFO org.evosuite.runtime.instrumentation.CreateClassResetClassAdapter - Creating brand-new static initializer in class io/netty/util/internal/shaded/org/jctools/queues/atomic/BaseLinkedAtomicQueuePad1
13:35:02.773 [main] INFO org.evosuite.runtime.instrumentation.EvoClassLoader - Seeing class for first time: io.netty.util.internal.shaded.org.jctools.queues.atomic.BaseLinkedAtomicQueueProducerNodeRef
13:35:02.773 [main] INFO org.evosuite.runtime.instrumentation.EvoClassLoader - Instrumenting class 'io.netty.util.internal.shaded.org.jctools.queues.atomic.BaseLinkedAtomicQueueProducerNodeRef'.
13:35:02.773 [main] INFO org.evosuite.runtime.instrumentation.MethodCallReplacementClassAdapter - Adding mock interface to class io/netty/util/internal/shaded/org/jctools/queues/atomic/BaseLinkedAtomicQueueProducerNodeRef
13:35:02.774 [main] INFO org.evosuite.runtime.instrumentation.CreateClassResetClassAdapter - Found static initializer in class io/netty/util/internal/shaded/org/jctools/queues/atomic/BaseLinkedAtomicQueueProducerNodeRef
13:35:02.774 [main] INFO org.evosuite.runtime.instrumentation.EvoClassLoader - Seeing class for first time: io.netty.util.internal.shaded.org.jctools.queues.atomic.BaseLinkedAtomicQueuePad0
13:35:02.774 [main] INFO org.evosuite.runtime.instrumentation.EvoClassLoader - Instrumenting class 'io.netty.util.internal.shaded.org.jctools.queues.atomic.BaseLinkedAtomicQueuePad0'.
13:35:02.775 [main] INFO org.evosuite.runtime.instrumentation.MethodCallReplacementClassAdapter - Adding mock interface to class io/netty/util/internal/shaded/org/jctools/queues/atomic/BaseLinkedAtomicQueuePad0
13:35:02.775 [main] INFO org.evosuite.runtime.instrumentation.CreateClassResetClassAdapter - Creating brand-new static initializer in class io/netty/util/internal/shaded/org/jctools/queues/atomic/BaseLinkedAtomicQueuePad0
13:35:02.776 [main] INFO org.evosuite.runtime.instrumentation.EvoClassLoader - Keeping class: io.netty.util.internal.shaded.org.jctools.queues.atomic.BaseLinkedAtomicQueuePad0
13:35:02.776 [main] INFO org.evosuite.runtime.instrumentation.EvoClassLoader - Keeping class: io.netty.util.internal.shaded.org.jctools.queues.atomic.BaseLinkedAtomicQueueProducerNodeRef
13:35:02.776 [main] INFO org.evosuite.runtime.instrumentation.EvoClassLoader - Keeping class: io.netty.util.internal.shaded.org.jctools.queues.atomic.BaseLinkedAtomicQueuePad1
13:35:02.776 [main] INFO org.evosuite.runtime.instrumentation.EvoClassLoader - Keeping class: io.netty.util.internal.shaded.org.jctools.queues.atomic.BaseLinkedAtomicQueueConsumerNodeRef
13:35:02.776 [main] INFO org.evosuite.runtime.instrumentation.EvoClassLoader - Keeping class: io.netty.util.internal.shaded.org.jctools.queues.atomic.BaseLinkedAtomicQueuePad2
13:35:02.777 [main] INFO org.evosuite.runtime.instrumentation.EvoClassLoader - Keeping class: io.netty.util.internal.shaded.org.jctools.queues.atomic.BaseLinkedAtomicQueue
13:35:02.777 [main] INFO org.evosuite.runtime.instrumentation.EvoClassLoader - Keeping class: io.netty.util.internal.shaded.org.jctools.queues.atomic.SpscLinkedAtomicQueue
13:35:02.777 [main] INFO org.evosuite.runtime.instrumentation.EvoClassLoader - Seeing class for first time: io.netty.util.internal.shaded.org.jctools.queues.MpscArrayQueue
13:35:02.777 [main] INFO org.evosuite.runtime.instrumentation.EvoClassLoader - Instrumenting class 'io.netty.util.internal.shaded.org.jctools.queues.MpscArrayQueue'.
13:35:02.778 [main] INFO org.evosuite.runtime.instrumentation.MethodCallReplacementClassAdapter - Adding mock interface to class io/netty/util/internal/shaded/org/jctools/queues/MpscArrayQueue
13:35:02.781 [main] INFO org.evosuite.runtime.instrumentation.CreateClassResetClassAdapter - Creating brand-new static initializer in class io/netty/util/internal/shaded/org/jctools/queues/MpscArrayQueue
13:35:02.781 [main] INFO org.evosuite.runtime.instrumentation.EvoClassLoader - Seeing class for first time: io.netty.util.internal.shaded.org.jctools.queues.MpscArrayQueueL3Pad
13:35:02.781 [main] INFO org.evosuite.runtime.instrumentation.EvoClassLoader - Instrumenting class 'io.netty.util.internal.shaded.org.jctools.queues.MpscArrayQueueL3Pad'.
13:35:02.782 [main] INFO org.evosuite.runtime.instrumentation.MethodCallReplacementClassAdapter - Adding mock interface to class io/netty/util/internal/shaded/org/jctools/queues/MpscArrayQueueL3Pad
13:35:02.782 [main] INFO org.evosuite.runtime.instrumentation.CreateClassResetClassAdapter - Creating brand-new static initializer in class io/netty/util/internal/shaded/org/jctools/queues/MpscArrayQueueL3Pad
13:35:02.782 [main] INFO org.evosuite.runtime.instrumentation.EvoClassLoader - Seeing class for first time: io.netty.util.internal.shaded.org.jctools.queues.MpscArrayQueueConsumerIndexField
13:35:02.782 [main] INFO org.evosuite.runtime.instrumentation.EvoClassLoader - Instrumenting class 'io.netty.util.internal.shaded.org.jctools.queues.MpscArrayQueueConsumerIndexField'.
13:35:02.783 [main] INFO org.evosuite.runtime.instrumentation.MethodCallReplacementClassAdapter - Adding mock interface to class io/netty/util/internal/shaded/org/jctools/queues/MpscArrayQueueConsumerIndexField
13:35:02.783 [main] INFO org.evosuite.runtime.instrumentation.CreateClassResetClassAdapter - Found static initializer in class io/netty/util/internal/shaded/org/jctools/queues/MpscArrayQueueConsumerIndexField
13:35:02.784 [main] INFO org.evosuite.runtime.instrumentation.EvoClassLoader - Seeing class for first time: io.netty.util.internal.shaded.org.jctools.queues.MpscArrayQueueL2Pad
13:35:02.784 [main] INFO org.evosuite.runtime.instrumentation.EvoClassLoader - Instrumenting class 'io.netty.util.internal.shaded.org.jctools.queues.MpscArrayQueueL2Pad'.
13:35:02.784 [main] INFO org.evosuite.runtime.instrumentation.MethodCallReplacementClassAdapter - Adding mock interface to class io/netty/util/internal/shaded/org/jctools/queues/MpscArrayQueueL2Pad
13:35:02.785 [main] INFO org.evosuite.runtime.instrumentation.CreateClassResetClassAdapter - Creating brand-new static initializer in class io/netty/util/internal/shaded/org/jctools/queues/MpscArrayQueueL2Pad
13:35:02.785 [main] INFO org.evosuite.runtime.instrumentation.EvoClassLoader - Seeing class for first time: io.netty.util.internal.shaded.org.jctools.queues.MpscArrayQueueProducerLimitField
13:35:02.785 [main] INFO org.evosuite.runtime.instrumentation.EvoClassLoader - Instrumenting class 'io.netty.util.internal.shaded.org.jctools.queues.MpscArrayQueueProducerLimitField'.
13:35:02.786 [main] INFO org.evosuite.runtime.instrumentation.MethodCallReplacementClassAdapter - Adding mock interface to class io/netty/util/internal/shaded/org/jctools/queues/MpscArrayQueueProducerLimitField
13:35:02.786 [main] INFO org.evosuite.runtime.instrumentation.CreateClassResetClassAdapter - Found static initializer in class io/netty/util/internal/shaded/org/jctools/queues/MpscArrayQueueProducerLimitField
13:35:02.787 [main] INFO org.evosuite.runtime.instrumentation.EvoClassLoader - Seeing class for first time: io.netty.util.internal.shaded.org.jctools.queues.MpscArrayQueueMidPad
13:35:02.787 [main] INFO org.evosuite.runtime.instrumentation.EvoClassLoader - Instrumenting class 'io.netty.util.internal.shaded.org.jctools.queues.MpscArrayQueueMidPad'.
13:35:02.788 [main] INFO org.evosuite.runtime.instrumentation.MethodCallReplacementClassAdapter - Adding mock interface to class io/netty/util/internal/shaded/org/jctools/queues/MpscArrayQueueMidPad
13:35:02.788 [main] INFO org.evosuite.runtime.instrumentation.CreateClassResetClassAdapter - Creating brand-new static initializer in class io/netty/util/internal/shaded/org/jctools/queues/MpscArrayQueueMidPad
13:35:02.789 [main] INFO org.evosuite.runtime.instrumentation.EvoClassLoader - Seeing class for first time: io.netty.util.internal.shaded.org.jctools.queues.MpscArrayQueueProducerIndexField
13:35:02.789 [main] INFO org.evosuite.runtime.instrumentation.EvoClassLoader - Instrumenting class 'io.netty.util.internal.shaded.org.jctools.queues.MpscArrayQueueProducerIndexField'.
13:35:02.790 [main] INFO org.evosuite.runtime.instrumentation.MethodCallReplacementClassAdapter - Adding mock interface to class io/netty/util/internal/shaded/org/jctools/queues/MpscArrayQueueProducerIndexField
13:35:02.790 [main] INFO org.evosuite.runtime.instrumentation.CreateClassResetClassAdapter - Found static initializer in class io/netty/util/internal/shaded/org/jctools/queues/MpscArrayQueueProducerIndexField
13:35:02.792 [main] INFO org.evosuite.runtime.instrumentation.EvoClassLoader - Keeping class: io.netty.util.internal.shaded.org.jctools.queues.MpscArrayQueueProducerIndexField
13:35:02.792 [main] INFO org.evosuite.runtime.instrumentation.EvoClassLoader - Keeping class: io.netty.util.internal.shaded.org.jctools.queues.MpscArrayQueueMidPad
13:35:02.793 [main] INFO org.evosuite.runtime.instrumentation.EvoClassLoader - Keeping class: io.netty.util.internal.shaded.org.jctools.queues.MpscArrayQueueProducerLimitField
13:35:02.793 [main] INFO org.evosuite.runtime.instrumentation.EvoClassLoader - Keeping class: io.netty.util.internal.shaded.org.jctools.queues.MpscArrayQueueL2Pad
13:35:02.794 [main] INFO org.evosuite.runtime.instrumentation.EvoClassLoader - Keeping class: io.netty.util.internal.shaded.org.jctools.queues.MpscArrayQueueConsumerIndexField
13:35:02.794 [main] INFO org.evosuite.runtime.instrumentation.EvoClassLoader - Keeping class: io.netty.util.internal.shaded.org.jctools.queues.MpscArrayQueueL3Pad
13:35:02.794 [main] INFO org.evosuite.runtime.instrumentation.EvoClassLoader - Keeping class: io.netty.util.internal.shaded.org.jctools.queues.MpscArrayQueue
13:35:02.794 [main] INFO org.evosuite.runtime.instrumentation.EvoClassLoader - Seeing class for first time: io.netty.util.internal.shaded.org.jctools.queues.atomic.MpscAtomicArrayQueue
13:35:02.795 [main] INFO org.evosuite.runtime.instrumentation.EvoClassLoader - Instrumenting class 'io.netty.util.internal.shaded.org.jctools.queues.atomic.MpscAtomicArrayQueue'.
13:35:02.796 [main] INFO org.evosuite.runtime.instrumentation.MethodCallReplacementClassAdapter - Adding mock interface to class io/netty/util/internal/shaded/org/jctools/queues/atomic/MpscAtomicArrayQueue
13:35:02.804 [main] INFO org.evosuite.runtime.instrumentation.CreateClassResetClassAdapter - Creating brand-new static initializer in class io/netty/util/internal/shaded/org/jctools/queues/atomic/MpscAtomicArrayQueue
13:35:02.804 [main] INFO org.evosuite.runtime.instrumentation.EvoClassLoader - Seeing class for first time: io.netty.util.internal.shaded.org.jctools.queues.atomic.MpscAtomicArrayQueueL3Pad
13:35:02.805 [main] INFO org.evosuite.runtime.instrumentation.EvoClassLoader - Instrumenting class 'io.netty.util.internal.shaded.org.jctools.queues.atomic.MpscAtomicArrayQueueL3Pad'.
13:35:02.806 [main] INFO org.evosuite.runtime.instrumentation.MethodCallReplacementClassAdapter - Adding mock interface to class io/netty/util/internal/shaded/org/jctools/queues/atomic/MpscAtomicArrayQueueL3Pad
13:35:02.807 [main] INFO org.evosuite.runtime.instrumentation.CreateClassResetClassAdapter - Creating brand-new static initializer in class io/netty/util/internal/shaded/org/jctools/queues/atomic/MpscAtomicArrayQueueL3Pad
13:35:02.807 [main] INFO org.evosuite.runtime.instrumentation.EvoClassLoader - Seeing class for first time: io.netty.util.internal.shaded.org.jctools.queues.atomic.MpscAtomicArrayQueueConsumerIndexField
13:35:02.807 [main] INFO org.evosuite.runtime.instrumentation.EvoClassLoader - Instrumenting class 'io.netty.util.internal.shaded.org.jctools.queues.atomic.MpscAtomicArrayQueueConsumerIndexField'.
13:35:02.808 [main] INFO org.evosuite.runtime.instrumentation.MethodCallReplacementClassAdapter - Adding mock interface to class io/netty/util/internal/shaded/org/jctools/queues/atomic/MpscAtomicArrayQueueConsumerIndexField
13:35:02.809 [main] INFO org.evosuite.runtime.instrumentation.CreateClassResetClassAdapter - Found static initializer in class io/netty/util/internal/shaded/org/jctools/queues/atomic/MpscAtomicArrayQueueConsumerIndexField
13:35:02.810 [main] INFO org.evosuite.runtime.instrumentation.EvoClassLoader - Seeing class for first time: io.netty.util.internal.shaded.org.jctools.queues.atomic.MpscAtomicArrayQueueL2Pad
13:35:02.810 [main] INFO org.evosuite.runtime.instrumentation.EvoClassLoader - Instrumenting class 'io.netty.util.internal.shaded.org.jctools.queues.atomic.MpscAtomicArrayQueueL2Pad'.
13:35:02.811 [main] INFO org.evosuite.runtime.instrumentation.MethodCallReplacementClassAdapter - Adding mock interface to class io/netty/util/internal/shaded/org/jctools/queues/atomic/MpscAtomicArrayQueueL2Pad
13:35:02.812 [main] INFO org.evosuite.runtime.instrumentation.CreateClassResetClassAdapter - Creating brand-new static initializer in class io/netty/util/internal/shaded/org/jctools/queues/atomic/MpscAtomicArrayQueueL2Pad
13:35:02.812 [main] INFO org.evosuite.runtime.instrumentation.EvoClassLoader - Seeing class for first time: io.netty.util.internal.shaded.org.jctools.queues.atomic.MpscAtomicArrayQueueProducerLimitField
13:35:02.812 [main] INFO org.evosuite.runtime.instrumentation.EvoClassLoader - Instrumenting class 'io.netty.util.internal.shaded.org.jctools.queues.atomic.MpscAtomicArrayQueueProducerLimitField'.
13:35:02.813 [main] INFO org.evosuite.runtime.instrumentation.MethodCallReplacementClassAdapter - Adding mock interface to class io/netty/util/internal/shaded/org/jctools/queues/atomic/MpscAtomicArrayQueueProducerLimitField
13:35:02.814 [main] INFO org.evosuite.runtime.instrumentation.CreateClassResetClassAdapter - Found static initializer in class io/netty/util/internal/shaded/org/jctools/queues/atomic/MpscAtomicArrayQueueProducerLimitField
13:35:02.815 [main] INFO org.evosuite.runtime.instrumentation.EvoClassLoader - Seeing class for first time: io.netty.util.internal.shaded.org.jctools.queues.atomic.MpscAtomicArrayQueueMidPad
13:35:02.815 [main] INFO org.evosuite.runtime.instrumentation.EvoClassLoader - Instrumenting class 'io.netty.util.internal.shaded.org.jctools.queues.atomic.MpscAtomicArrayQueueMidPad'.
13:35:02.816 [main] INFO org.evosuite.runtime.instrumentation.MethodCallReplacementClassAdapter - Adding mock interface to class io/netty/util/internal/shaded/org/jctools/queues/atomic/MpscAtomicArrayQueueMidPad
13:35:02.817 [main] INFO org.evosuite.runtime.instrumentation.CreateClassResetClassAdapter - Creating brand-new static initializer in class io/netty/util/internal/shaded/org/jctools/queues/atomic/MpscAtomicArrayQueueMidPad
13:35:02.817 [main] INFO org.evosuite.runtime.instrumentation.EvoClassLoader - Seeing class for first time: io.netty.util.internal.shaded.org.jctools.queues.atomic.MpscAtomicArrayQueueProducerIndexField
13:35:02.818 [main] INFO org.evosuite.runtime.instrumentation.EvoClassLoader - Instrumenting class 'io.netty.util.internal.shaded.org.jctools.queues.atomic.MpscAtomicArrayQueueProducerIndexField'.
13:35:02.819 [main] INFO org.evosuite.runtime.instrumentation.MethodCallReplacementClassAdapter - Adding mock interface to class io/netty/util/internal/shaded/org/jctools/queues/atomic/MpscAtomicArrayQueueProducerIndexField
13:35:02.820 [main] INFO org.evosuite.runtime.instrumentation.CreateClassResetClassAdapter - Found static initializer in class io/netty/util/internal/shaded/org/jctools/queues/atomic/MpscAtomicArrayQueueProducerIndexField
13:35:02.820 [main] INFO org.evosuite.runtime.instrumentation.EvoClassLoader - Seeing class for first time: io.netty.util.internal.shaded.org.jctools.queues.atomic.MpscAtomicArrayQueueL1Pad
13:35:02.820 [main] INFO org.evosuite.runtime.instrumentation.EvoClassLoader - Instrumenting class 'io.netty.util.internal.shaded.org.jctools.queues.atomic.MpscAtomicArrayQueueL1Pad'.
13:35:02.821 [main] INFO org.evosuite.runtime.instrumentation.MethodCallReplacementClassAdapter - Adding mock interface to class io/netty/util/internal/shaded/org/jctools/queues/atomic/MpscAtomicArrayQueueL1Pad
13:35:02.822 [main] INFO org.evosuite.runtime.instrumentation.CreateClassResetClassAdapter - Creating brand-new static initializer in class io/netty/util/internal/shaded/org/jctools/queues/atomic/MpscAtomicArrayQueueL1Pad
13:35:02.822 [main] INFO org.evosuite.runtime.instrumentation.EvoClassLoader - Seeing class for first time: io.netty.util.internal.shaded.org.jctools.queues.atomic.AtomicReferenceArrayQueue
13:35:02.822 [main] INFO org.evosuite.runtime.instrumentation.EvoClassLoader - Instrumenting class 'io.netty.util.internal.shaded.org.jctools.queues.atomic.AtomicReferenceArrayQueue'.
13:35:02.823 [main] INFO org.evosuite.runtime.instrumentation.MethodCallReplacementClassAdapter - Adding mock interface to class io/netty/util/internal/shaded/org/jctools/queues/atomic/AtomicReferenceArrayQueue
13:35:02.824 [main] INFO org.evosuite.runtime.instrumentation.CreateClassResetClassAdapter - Creating brand-new static initializer in class io/netty/util/internal/shaded/org/jctools/queues/atomic/AtomicReferenceArrayQueue
13:35:02.825 [main] INFO org.evosuite.runtime.instrumentation.EvoClassLoader - Keeping class: io.netty.util.internal.shaded.org.jctools.queues.atomic.AtomicReferenceArrayQueue
13:35:02.825 [main] INFO org.evosuite.runtime.instrumentation.EvoClassLoader - Keeping class: io.netty.util.internal.shaded.org.jctools.queues.atomic.MpscAtomicArrayQueueL1Pad
13:35:02.825 [main] INFO org.evosuite.runtime.instrumentation.EvoClassLoader - Keeping class: io.netty.util.internal.shaded.org.jctools.queues.atomic.MpscAtomicArrayQueueProducerIndexField
13:35:02.826 [main] INFO org.evosuite.runtime.instrumentation.EvoClassLoader - Keeping class: io.netty.util.internal.shaded.org.jctools.queues.atomic.MpscAtomicArrayQueueMidPad
13:35:02.826 [main] INFO org.evosuite.runtime.instrumentation.EvoClassLoader - Keeping class: io.netty.util.internal.shaded.org.jctools.queues.atomic.MpscAtomicArrayQueueProducerLimitField
13:35:02.826 [main] INFO org.evosuite.runtime.instrumentation.EvoClassLoader - Keeping class: io.netty.util.internal.shaded.org.jctools.queues.atomic.MpscAtomicArrayQueueL2Pad
13:35:02.827 [main] INFO org.evosuite.runtime.instrumentation.EvoClassLoader - Keeping class: io.netty.util.internal.shaded.org.jctools.queues.atomic.MpscAtomicArrayQueueConsumerIndexField
13:35:02.827 [main] INFO org.evosuite.runtime.instrumentation.EvoClassLoader - Keeping class: io.netty.util.internal.shaded.org.jctools.queues.atomic.MpscAtomicArrayQueueL3Pad
13:35:02.827 [main] INFO org.evosuite.runtime.instrumentation.EvoClassLoader - Keeping class: io.netty.util.internal.shaded.org.jctools.queues.atomic.MpscAtomicArrayQueue
13:35:02.829 [main] DEBUG io.netty.util.internal.PlatformDependent - sun.misc.Unsafe: available
13:35:02.831 [main] DEBUG io.netty.util.internal.PlatformDependent - -Dio.netty.tmpdir: /tmp (java.io.tmpdir)
13:35:02.831 [main] DEBUG io.netty.util.internal.PlatformDependent - -Dio.netty.bitMode: 64 (sun.arch.data.model)
13:35:02.832 [main] INFO org.evosuite.runtime.instrumentation.EvoClassLoader - Seeing class for first time: io.netty.util.internal.PlatformDependent$1
13:35:02.833 [main] INFO org.evosuite.runtime.instrumentation.EvoClassLoader - Instrumenting class 'io.netty.util.internal.PlatformDependent$1'.
13:35:02.834 [main] INFO org.evosuite.runtime.instrumentation.MethodCallReplacementClassAdapter - Adding mock interface to class io/netty/util/internal/PlatformDependent$1
13:35:02.835 [main] INFO org.evosuite.runtime.instrumentation.EvoClassLoader - Keeping class: io.netty.util.internal.PlatformDependent$1
13:35:02.835 [main] INFO org.evosuite.runtime.instrumentation.EvoClassLoader - Seeing class for first time: io.netty.util.internal.PlatformDependent$2
13:35:02.835 [main] INFO org.evosuite.runtime.instrumentation.EvoClassLoader - Instrumenting class 'io.netty.util.internal.PlatformDependent$2'.
13:35:02.836 [main] INFO org.evosuite.runtime.instrumentation.MethodCallReplacementClassAdapter - Adding mock interface to class io/netty/util/internal/PlatformDependent$2
13:35:02.837 [main] INFO org.evosuite.runtime.instrumentation.EvoClassLoader - Keeping class: io.netty.util.internal.PlatformDependent$2
13:35:02.838 [main] DEBUG io.netty.util.internal.PlatformDependent - -Dio.netty.maxDirectMemory: 11420041216 bytes
13:35:02.838 [main] DEBUG io.netty.util.internal.PlatformDependent - -Dio.netty.uninitializedArrayAllocationThreshold: -1
13:35:02.838 [main] INFO org.evosuite.runtime.instrumentation.EvoClassLoader - Seeing class for first time: io.netty.util.internal.CleanerJava6
13:35:02.838 [main] INFO org.evosuite.runtime.instrumentation.EvoClassLoader - Instrumenting class 'io.netty.util.internal.CleanerJava6'.
13:35:02.839 [main] INFO org.evosuite.runtime.instrumentation.MethodCallReplacementClassAdapter - Adding mock interface to class io/netty/util/internal/CleanerJava6
13:35:02.840 [main] INFO org.evosuite.runtime.instrumentation.CreateClassResetClassAdapter - Found static initializer in class io/netty/util/internal/CleanerJava6
13:35:02.842 [main] INFO org.evosuite.runtime.instrumentation.EvoClassLoader - Keeping class: io.netty.util.internal.CleanerJava6
13:35:02.842 [main] INFO org.evosuite.runtime.instrumentation.EvoClassLoader - Seeing class for first time: io.netty.util.internal.CleanerJava6$1
13:35:02.842 [main] INFO org.evosuite.runtime.instrumentation.EvoClassLoader - Instrumenting class 'io.netty.util.internal.CleanerJava6$1'.
13:35:02.844 [main] INFO org.evosuite.runtime.instrumentation.MethodCallReplacementClassAdapter - Adding mock interface to class io/netty/util/internal/CleanerJava6$1
13:35:02.845 [main] INFO org.evosuite.runtime.instrumentation.EvoClassLoader - Keeping class: io.netty.util.internal.CleanerJava6$1
13:35:02.845 [main] DEBUG io.netty.util.internal.CleanerJava6 - java.nio.ByteBuffer.cleaner(): available
13:35:02.846 [main] DEBUG io.netty.util.internal.PlatformDependent - -Dio.netty.noPreferDirect: false
13:35:02.846 [main] INFO org.evosuite.runtime.instrumentation.EvoClassLoader - Seeing class for first time: io.netty.util.internal.PlatformDependent$4
13:35:02.846 [main] INFO org.evosuite.runtime.instrumentation.EvoClassLoader - Instrumenting class 'io.netty.util.internal.PlatformDependent$4'.
13:35:02.847 [main] INFO org.evosuite.runtime.instrumentation.MethodCallReplacementClassAdapter - Adding mock interface to class io/netty/util/internal/PlatformDependent$4
13:35:02.853 [main] INFO org.evosuite.runtime.instrumentation.EvoClassLoader - Keeping class: io.netty.util.internal.PlatformDependent$4
13:35:02.856 [main] INFO org.evosuite.runtime.instrumentation.EvoClassLoader - Seeing class for first time: io.netty.buffer.CompositeByteBuf$Component
13:35:02.856 [main] INFO org.evosuite.runtime.instrumentation.EvoClassLoader - Instrumenting class 'io.netty.buffer.CompositeByteBuf$Component'.
13:35:02.857 [main] INFO org.evosuite.runtime.instrumentation.MethodCallReplacementClassAdapter - Adding mock interface to class io/netty/buffer/CompositeByteBuf$Component
13:35:02.858 [main] INFO org.evosuite.runtime.instrumentation.CreateClassResetClassAdapter - Creating brand-new static initializer in class io/netty/buffer/CompositeByteBuf$Component
13:35:02.858 [main] INFO org.evosuite.runtime.instrumentation.EvoClassLoader - Keeping class: io.netty.buffer.CompositeByteBuf$Component
13:35:02.860 [main] INFO org.evosuite.runtime.instrumentation.EvoClassLoader - Seeing class for first time: io.netty.util.concurrent.FastThreadLocalThread
13:35:02.860 [main] INFO org.evosuite.runtime.instrumentation.EvoClassLoader - Instrumenting class 'io.netty.util.concurrent.FastThreadLocalThread'.
13:35:02.861 [main] INFO org.evosuite.runtime.instrumentation.MethodCallReplacementClassAdapter - Adding mock interface to class io/netty/util/concurrent/FastThreadLocalThread
13:35:02.863 [main] INFO org.evosuite.runtime.instrumentation.CreateClassResetClassAdapter - Found static initializer in class io/netty/util/concurrent/FastThreadLocalThread
13:35:02.864 [main] INFO org.evosuite.runtime.instrumentation.EvoClassLoader - Defined package (3): package io.netty.util.concurrent, 1377604431
13:35:02.864 [main] INFO org.evosuite.runtime.instrumentation.EvoClassLoader - Keeping class: io.netty.util.concurrent.FastThreadLocalThread
13:35:02.864 [main] INFO org.evosuite.runtime.instrumentation.EvoClassLoader - Seeing class for first time: io.netty.handler.codec.http.multipart.InterfaceHttpData$HttpDataType
13:35:02.865 [main] INFO org.evosuite.runtime.instrumentation.EvoClassLoader - Instrumenting class 'io.netty.handler.codec.http.multipart.InterfaceHttpData$HttpDataType'.
13:35:02.865 [main] INFO org.evosuite.runtime.instrumentation.MethodCallReplacementClassAdapter - Adding mock interface to class io/netty/handler/codec/http/multipart/InterfaceHttpData$HttpDataType
13:35:02.866 [main] INFO org.evosuite.runtime.instrumentation.CreateClassResetClassAdapter - Found static initializer in class io/netty/handler/codec/http/multipart/InterfaceHttpData$HttpDataType
13:35:02.866 [main] INFO org.evosuite.runtime.instrumentation.EvoClassLoader - Keeping class: io.netty.handler.codec.http.multipart.InterfaceHttpData$HttpDataType
13:35:02.867 [main] INFO org.evosuite.runtime.instrumentation.EvoClassLoader - Seeing class for first time: io.netty.handler.codec.http.multipart.AbstractDiskHttpData
13:35:02.868 [main] INFO org.evosuite.runtime.instrumentation.EvoClassLoader - Instrumenting class 'io.netty.handler.codec.http.multipart.AbstractDiskHttpData'.
13:35:02.869 [main] INFO org.evosuite.runtime.instrumentation.MethodCallReplacementClassAdapter - Adding mock interface to class io/netty/handler/codec/http/multipart/AbstractDiskHttpData
13:35:02.877 [main] INFO org.evosuite.runtime.instrumentation.CreateClassResetClassAdapter - Found static initializer in class io/netty/handler/codec/http/multipart/AbstractDiskHttpData
13:35:02.878 [main] INFO org.evosuite.runtime.instrumentation.EvoClassLoader - Seeing class for first time: io.netty.handler.codec.http.multipart.AbstractHttpData
13:35:02.878 [main] INFO org.evosuite.runtime.instrumentation.EvoClassLoader - Instrumenting class 'io.netty.handler.codec.http.multipart.AbstractHttpData'.
13:35:02.879 [main] INFO org.evosuite.runtime.instrumentation.MethodCallReplacementClassAdapter - Adding mock interface to class io/netty/handler/codec/http/multipart/AbstractHttpData
13:35:02.881 [main] INFO org.evosuite.runtime.instrumentation.CreateClassResetClassAdapter - Found static initializer in class io/netty/handler/codec/http/multipart/AbstractHttpData
13:35:02.882 [main] INFO org.evosuite.runtime.instrumentation.EvoClassLoader - Seeing class for first time: io.netty.util.AbstractReferenceCounted
13:35:02.882 [main] INFO org.evosuite.runtime.instrumentation.EvoClassLoader - Instrumenting class 'io.netty.util.AbstractReferenceCounted'.
13:35:02.883 [main] INFO org.evosuite.runtime.instrumentation.MethodCallReplacementClassAdapter - Adding mock interface to class io/netty/util/AbstractReferenceCounted
13:35:02.884 [main] INFO org.evosuite.runtime.instrumentation.CreateClassResetClassAdapter - Found static initializer in class io/netty/util/AbstractReferenceCounted
13:35:02.884 [main] INFO org.evosuite.runtime.instrumentation.EvoClassLoader - Keeping class: io.netty.util.AbstractReferenceCounted
13:35:02.884 [main] INFO org.evosuite.runtime.instrumentation.EvoClassLoader - Keeping class: io.netty.handler.codec.http.multipart.AbstractHttpData
13:35:02.885 [main] INFO org.evosuite.runtime.instrumentation.EvoClassLoader - Keeping class: io.netty.handler.codec.http.multipart.AbstractDiskHttpData
13:35:02.885 [main] INFO org.evosuite.runtime.instrumentation.EvoClassLoader - Seeing class for first time: io.netty.util.AbstractReferenceCounted$1
13:35:02.885 [main] INFO org.evosuite.runtime.instrumentation.EvoClassLoader - Instrumenting class 'io.netty.util.AbstractReferenceCounted$1'.
13:35:02.886 [main] INFO org.evosuite.runtime.instrumentation.MethodCallReplacementClassAdapter - Adding mock interface to class io/netty/util/AbstractReferenceCounted$1
13:35:02.887 [main] INFO org.evosuite.runtime.instrumentation.EvoClassLoader - Keeping class: io.netty.util.AbstractReferenceCounted$1
13:35:02.887 [main] INFO org.evosuite.runtime.instrumentation.EvoClassLoader - Seeing class for first time: io.netty.channel.ChannelException
13:35:02.887 [main] INFO org.evosuite.runtime.instrumentation.EvoClassLoader - Instrumenting class 'io.netty.channel.ChannelException'.
13:35:02.889 [main] INFO org.evosuite.runtime.instrumentation.MethodCallReplacementClassAdapter - Adding mock interface to class io/netty/channel/ChannelException
13:35:02.890 [main] INFO org.evosuite.runtime.instrumentation.CreateClassResetClassAdapter - Found static initializer in class io/netty/channel/ChannelException
13:35:02.891 [main] INFO org.evosuite.runtime.instrumentation.EvoClassLoader - Defined package (3): package io.netty.channel, -1443455697
13:35:02.892 [main] INFO org.evosuite.runtime.instrumentation.EvoClassLoader - Keeping class: io.netty.channel.ChannelException
13:35:02.895 [main] INFO org.evosuite.runtime.instrumentation.EvoClassLoader - Seeing class for first time: io.netty.buffer.UnpooledByteBufAllocator$InstrumentedUnpooledUnsafeNoCleanerDirectByteBuf
13:35:02.895 [main] INFO org.evosuite.runtime.instrumentation.EvoClassLoader - Instrumenting class 'io.netty.buffer.UnpooledByteBufAllocator$InstrumentedUnpooledUnsafeNoCleanerDirectByteBuf'.
13:35:02.896 [main] INFO org.evosuite.runtime.instrumentation.MethodCallReplacementClassAdapter - Adding mock interface to class io/netty/buffer/UnpooledByteBufAllocator$InstrumentedUnpooledUnsafeNoCleanerDirectByteBuf
13:35:02.897 [main] INFO org.evosuite.runtime.instrumentation.CreateClassResetClassAdapter - Creating brand-new static initializer in class io/netty/buffer/UnpooledByteBufAllocator$InstrumentedUnpooledUnsafeNoCleanerDirectByteBuf
13:35:02.898 [main] INFO org.evosuite.runtime.instrumentation.EvoClassLoader - Seeing class for first time: io.netty.buffer.UnpooledUnsafeNoCleanerDirectByteBuf
13:35:02.898 [main] INFO org.evosuite.runtime.instrumentation.EvoClassLoader - Instrumenting class 'io.netty.buffer.UnpooledUnsafeNoCleanerDirectByteBuf'.
13:35:02.899 [main] INFO org.evosuite.runtime.instrumentation.MethodCallReplacementClassAdapter - Adding mock interface to class io/netty/buffer/UnpooledUnsafeNoCleanerDirectByteBuf
13:35:02.900 [main] INFO org.evosuite.runtime.instrumentation.CreateClassResetClassAdapter - Creating brand-new static initializer in class io/netty/buffer/UnpooledUnsafeNoCleanerDirectByteBuf
13:35:02.901 [main] INFO org.evosuite.runtime.instrumentation.EvoClassLoader - Seeing class for first time: io.netty.buffer.UnpooledUnsafeDirectByteBuf
13:35:02.901 [main] INFO org.evosuite.runtime.instrumentation.EvoClassLoader - Instrumenting class 'io.netty.buffer.UnpooledUnsafeDirectByteBuf'.
13:35:02.902 [main] INFO org.evosuite.runtime.instrumentation.MethodCallReplacementClassAdapter - Adding mock interface to class io/netty/buffer/UnpooledUnsafeDirectByteBuf
13:35:02.904 [main] INFO org.evosuite.runtime.instrumentation.CreateClassResetClassAdapter - Creating brand-new static initializer in class io/netty/buffer/UnpooledUnsafeDirectByteBuf
13:35:02.905 [main] INFO org.evosuite.runtime.instrumentation.EvoClassLoader - Keeping class: io.netty.buffer.UnpooledUnsafeDirectByteBuf
13:35:02.906 [main] INFO org.evosuite.runtime.instrumentation.EvoClassLoader - Keeping class: io.netty.buffer.UnpooledUnsafeNoCleanerDirectByteBuf
13:35:02.906 [main] INFO org.evosuite.runtime.instrumentation.EvoClassLoader - Keeping class: io.netty.buffer.UnpooledByteBufAllocator$InstrumentedUnpooledUnsafeNoCleanerDirectByteBuf
13:35:02.906 [main] INFO org.evosuite.runtime.instrumentation.EvoClassLoader - Seeing class for first time: io.netty.buffer.UnsafeDirectSwappedByteBuf
13:35:02.906 [main] INFO org.evosuite.runtime.instrumentation.EvoClassLoader - Instrumenting class 'io.netty.buffer.UnsafeDirectSwappedByteBuf'.
13:35:02.908 [main] INFO org.evosuite.runtime.instrumentation.MethodCallReplacementClassAdapter - Adding mock interface to class io/netty/buffer/UnsafeDirectSwappedByteBuf
13:35:02.908 [main] INFO org.evosuite.runtime.instrumentation.CreateClassResetClassAdapter - Creating brand-new static initializer in class io/netty/buffer/UnsafeDirectSwappedByteBuf
13:35:02.909 [main] INFO org.evosuite.runtime.instrumentation.EvoClassLoader - Seeing class for first time: io.netty.buffer.AbstractUnsafeSwappedByteBuf
13:35:02.909 [main] INFO org.evosuite.runtime.instrumentation.EvoClassLoader - Instrumenting class 'io.netty.buffer.AbstractUnsafeSwappedByteBuf'.
13:35:02.910 [main] INFO org.evosuite.runtime.instrumentation.MethodCallReplacementClassAdapter - Adding mock interface to class io/netty/buffer/AbstractUnsafeSwappedByteBuf
13:35:02.912 [main] INFO org.evosuite.runtime.instrumentation.CreateClassResetClassAdapter - Found static initializer in class io/netty/buffer/AbstractUnsafeSwappedByteBuf
13:35:02.913 [main] INFO org.evosuite.runtime.instrumentation.EvoClassLoader - Keeping class: io.netty.buffer.AbstractUnsafeSwappedByteBuf
13:35:02.913 [main] INFO org.evosuite.runtime.instrumentation.EvoClassLoader - Keeping class: io.netty.buffer.UnsafeDirectSwappedByteBuf
13:35:02.916 [main] INFO org.evosuite.runtime.instrumentation.EvoClassLoader - Seeing class for first time: io.netty.util.internal.ObjectPool$RecyclerObjectPool
13:35:02.917 [main] INFO org.evosuite.runtime.instrumentation.EvoClassLoader - Instrumenting class 'io.netty.util.internal.ObjectPool$RecyclerObjectPool'.
13:35:02.918 [main] INFO org.evosuite.runtime.instrumentation.MethodCallReplacementClassAdapter - Adding mock interface to class io/netty/util/internal/ObjectPool$RecyclerObjectPool
13:35:02.919 [main] INFO org.evosuite.runtime.instrumentation.CreateClassResetClassAdapter - Creating brand-new static initializer in class io/netty/util/internal/ObjectPool$RecyclerObjectPool
13:35:02.919 [main] INFO org.evosuite.runtime.instrumentation.EvoClassLoader - Seeing class for first time: io.netty.util.internal.ObjectPool
13:35:02.919 [main] INFO org.evosuite.runtime.instrumentation.EvoClassLoader - Instrumenting class 'io.netty.util.internal.ObjectPool'.
13:35:02.930 [main] INFO org.evosuite.runtime.instrumentation.MethodCallReplacementClassAdapter - Adding mock interface to class io/netty/util/internal/ObjectPool
13:35:02.931 [main] INFO org.evosuite.runtime.instrumentation.CreateClassResetClassAdapter - Creating brand-new static initializer in class io/netty/util/internal/ObjectPool
13:35:02.931 [main] INFO org.evosuite.runtime.instrumentation.EvoClassLoader - Keeping class: io.netty.util.internal.ObjectPool
13:35:02.931 [main] INFO org.evosuite.runtime.instrumentation.EvoClassLoader - Keeping class: io.netty.util.internal.ObjectPool$RecyclerObjectPool
13:35:02.932 [main] INFO org.evosuite.runtime.instrumentation.EvoClassLoader - Seeing class for first time: io.netty.util.Recycler
13:35:02.932 [main] INFO org.evosuite.runtime.instrumentation.EvoClassLoader - Instrumenting class 'io.netty.util.Recycler'.
13:35:02.933 [main] INFO org.evosuite.runtime.instrumentation.MethodCallReplacementClassAdapter - Adding mock interface to class io/netty/util/Recycler
13:35:02.934 [main] INFO org.evosuite.runtime.instrumentation.CreateClassResetClassAdapter - Found static initializer in class io/netty/util/Recycler
13:35:02.936 [main] INFO org.evosuite.runtime.instrumentation.EvoClassLoader - Keeping class: io.netty.util.Recycler
13:35:02.936 [main] INFO org.evosuite.runtime.instrumentation.EvoClassLoader - Seeing class for first time: io.netty.util.internal.ObjectPool$RecyclerObjectPool$1
13:35:02.936 [main] INFO org.evosuite.runtime.instrumentation.EvoClassLoader - Instrumenting class 'io.netty.util.internal.ObjectPool$RecyclerObjectPool$1'.
13:35:02.937 [main] INFO org.evosuite.runtime.instrumentation.MethodCallReplacementClassAdapter - Adding mock interface to class io/netty/util/internal/ObjectPool$RecyclerObjectPool$1
13:35:02.938 [main] INFO org.evosuite.runtime.instrumentation.EvoClassLoader - Keeping class: io.netty.util.internal.ObjectPool$RecyclerObjectPool$1
13:35:02.939 [main] INFO org.evosuite.runtime.instrumentation.EvoClassLoader - Seeing class for first time: io.netty.util.internal.shaded.org.jctools.queues.atomic.LinkedQueueAtomicNode
13:35:02.940 [main] INFO org.evosuite.runtime.instrumentation.EvoClassLoader - Instrumenting class 'io.netty.util.internal.shaded.org.jctools.queues.atomic.LinkedQueueAtomicNode'.
13:35:02.941 [main] INFO org.evosuite.runtime.instrumentation.MethodCallReplacementClassAdapter - Adding mock interface to class io/netty/util/internal/shaded/org/jctools/queues/atomic/LinkedQueueAtomicNode
13:35:02.941 [main] INFO org.evosuite.runtime.instrumentation.CreateClassResetClassAdapter - Creating brand-new static initializer in class io/netty/util/internal/shaded/org/jctools/queues/atomic/LinkedQueueAtomicNode
13:35:02.942 [main] INFO org.evosuite.runtime.instrumentation.EvoClassLoader - Keeping class: io.netty.util.internal.shaded.org.jctools.queues.atomic.LinkedQueueAtomicNode
13:35:02.943 [main] INFO org.evosuite.runtime.instrumentation.EvoClassLoader - Seeing class for first time: io.netty.buffer.PooledByteBufAllocator
13:35:02.943 [main] INFO org.evosuite.runtime.instrumentation.EvoClassLoader - Instrumenting class 'io.netty.buffer.PooledByteBufAllocator'.
13:35:02.945 [main] INFO org.evosuite.runtime.instrumentation.MethodCallReplacementClassAdapter - Adding mock interface to class io/netty/buffer/PooledByteBufAllocator
13:35:02.965 [main] INFO org.evosuite.runtime.instrumentation.CreateClassResetClassAdapter - Found static initializer in class io/netty/buffer/PooledByteBufAllocator
13:35:02.966 [main] INFO org.evosuite.runtime.instrumentation.EvoClassLoader - Seeing class for first time: io.netty.buffer.ByteBufAllocatorMetricProvider
13:35:02.967 [main] INFO org.evosuite.runtime.instrumentation.EvoClassLoader - Instrumenting class 'io.netty.buffer.ByteBufAllocatorMetricProvider'.
13:35:02.968 [main] INFO org.evosuite.runtime.instrumentation.EvoClassLoader - Keeping class: io.netty.buffer.ByteBufAllocatorMetricProvider
13:35:02.968 [main] INFO org.evosuite.runtime.instrumentation.EvoClassLoader - Seeing class for first time: io.netty.buffer.AbstractByteBufAllocator
13:35:02.968 [main] INFO org.evosuite.runtime.instrumentation.EvoClassLoader - Instrumenting class 'io.netty.buffer.AbstractByteBufAllocator'.
13:35:02.970 [main] INFO org.evosuite.runtime.instrumentation.MethodCallReplacementClassAdapter - Adding mock interface to class io/netty/buffer/AbstractByteBufAllocator
13:35:02.991 [main] INFO org.evosuite.runtime.instrumentation.CreateClassResetClassAdapter - Found static initializer in class io/netty/buffer/AbstractByteBufAllocator
13:35:02.992 [main] INFO org.evosuite.runtime.instrumentation.EvoClassLoader - Keeping class: io.netty.buffer.AbstractByteBufAllocator
13:35:02.992 [main] INFO org.evosuite.runtime.instrumentation.EvoClassLoader - Keeping class: io.netty.buffer.PooledByteBufAllocator
13:35:02.992 [main] INFO org.evosuite.runtime.instrumentation.EvoClassLoader - Seeing class for first time: io.netty.buffer.SimpleLeakAwareByteBuf
13:35:02.992 [main] INFO org.evosuite.runtime.instrumentation.EvoClassLoader - Instrumenting class 'io.netty.buffer.SimpleLeakAwareByteBuf'.
13:35:02.993 [main] INFO org.evosuite.runtime.instrumentation.MethodCallReplacementClassAdapter - Adding mock interface to class io/netty/buffer/SimpleLeakAwareByteBuf
13:35:02.994 [main] INFO org.evosuite.runtime.instrumentation.CreateClassResetClassAdapter - Found static initializer in class io/netty/buffer/SimpleLeakAwareByteBuf
13:35:02.994 [main] INFO org.evosuite.runtime.instrumentation.EvoClassLoader - Seeing class for first time: io.netty.buffer.WrappedByteBuf
13:35:02.994 [main] INFO org.evosuite.runtime.instrumentation.EvoClassLoader - Instrumenting class 'io.netty.buffer.WrappedByteBuf'.
13:35:02.996 [main] INFO org.evosuite.runtime.instrumentation.MethodCallReplacementClassAdapter - Adding mock interface to class io/netty/buffer/WrappedByteBuf
13:35:02.998 [main] INFO org.evosuite.runtime.instrumentation.CreateClassResetClassAdapter - Creating brand-new static initializer in class io/netty/buffer/WrappedByteBuf
13:35:02.999 [main] INFO org.evosuite.runtime.instrumentation.EvoClassLoader - Keeping class: io.netty.buffer.WrappedByteBuf
13:35:02.999 [main] INFO org.evosuite.runtime.instrumentation.EvoClassLoader - Keeping class: io.netty.buffer.SimpleLeakAwareByteBuf
13:35:03.000 [main] INFO org.evosuite.runtime.instrumentation.EvoClassLoader - Seeing class for first time: io.netty.buffer.AdvancedLeakAwareByteBuf
13:35:03.000 [main] INFO org.evosuite.runtime.instrumentation.EvoClassLoader - Instrumenting class 'io.netty.buffer.AdvancedLeakAwareByteBuf'.
13:35:03.002 [main] INFO org.evosuite.runtime.instrumentation.MethodCallReplacementClassAdapter - Adding mock interface to class io/netty/buffer/AdvancedLeakAwareByteBuf
13:35:03.007 [main] INFO org.evosuite.runtime.instrumentation.CreateClassResetClassAdapter - Found static initializer in class io/netty/buffer/AdvancedLeakAwareByteBuf
13:35:03.009 [main] INFO org.evosuite.runtime.instrumentation.EvoClassLoader - Keeping class: io.netty.buffer.AdvancedLeakAwareByteBuf
13:35:03.010 [main] INFO org.evosuite.runtime.instrumentation.EvoClassLoader - Seeing class for first time: io.netty.buffer.SimpleLeakAwareCompositeByteBuf
13:35:03.010 [main] INFO org.evosuite.runtime.instrumentation.EvoClassLoader - Instrumenting class 'io.netty.buffer.SimpleLeakAwareCompositeByteBuf'.
13:35:03.012 [main] INFO org.evosuite.runtime.instrumentation.MethodCallReplacementClassAdapter - Adding mock interface to class io/netty/buffer/SimpleLeakAwareCompositeByteBuf
13:35:03.012 [main] INFO org.evosuite.runtime.instrumentation.CreateClassResetClassAdapter - Found static initializer in class io/netty/buffer/SimpleLeakAwareCompositeByteBuf
13:35:03.013 [main] INFO org.evosuite.runtime.instrumentation.EvoClassLoader - Seeing class for first time: io.netty.buffer.WrappedCompositeByteBuf
13:35:03.013 [main] INFO org.evosuite.runtime.instrumentation.EvoClassLoader - Instrumenting class 'io.netty.buffer.WrappedCompositeByteBuf'.
13:35:03.016 [main] INFO org.evosuite.runtime.instrumentation.MethodCallReplacementClassAdapter - Adding mock interface to class io/netty/buffer/WrappedCompositeByteBuf
13:35:03.019 [main] INFO org.evosuite.runtime.instrumentation.CreateClassResetClassAdapter - Creating brand-new static initializer in class io/netty/buffer/WrappedCompositeByteBuf
13:35:03.021 [main] INFO org.evosuite.runtime.instrumentation.EvoClassLoader - Keeping class: io.netty.buffer.WrappedCompositeByteBuf
13:35:03.021 [main] INFO org.evosuite.runtime.instrumentation.EvoClassLoader - Keeping class: io.netty.buffer.SimpleLeakAwareCompositeByteBuf
13:35:03.021 [main] INFO org.evosuite.runtime.instrumentation.EvoClassLoader - Seeing class for first time: io.netty.buffer.AdvancedLeakAwareCompositeByteBuf
13:35:03.021 [main] INFO org.evosuite.runtime.instrumentation.EvoClassLoader - Instrumenting class 'io.netty.buffer.AdvancedLeakAwareCompositeByteBuf'.
13:35:03.023 [main] INFO org.evosuite.runtime.instrumentation.MethodCallReplacementClassAdapter - Adding mock interface to class io/netty/buffer/AdvancedLeakAwareCompositeByteBuf
13:35:03.025 [main] INFO org.evosuite.runtime.instrumentation.CreateClassResetClassAdapter - Creating brand-new static initializer in class io/netty/buffer/AdvancedLeakAwareCompositeByteBuf
13:35:03.027 [main] INFO org.evosuite.runtime.instrumentation.EvoClassLoader - Keeping class: io.netty.buffer.AdvancedLeakAwareCompositeByteBuf
13:35:03.027 [main] INFO org.evosuite.runtime.instrumentation.EvoClassLoader - Seeing class for first time: io.netty.buffer.EmptyByteBuf
13:35:03.027 [main] INFO org.evosuite.runtime.instrumentation.EvoClassLoader - Instrumenting class 'io.netty.buffer.EmptyByteBuf'.
13:35:03.029 [main] INFO org.evosuite.runtime.instrumentation.MethodCallReplacementClassAdapter - Adding mock interface to class io/netty/buffer/EmptyByteBuf
13:35:03.035 [main] INFO org.evosuite.runtime.instrumentation.CreateClassResetClassAdapter - Found static initializer in class io/netty/buffer/EmptyByteBuf
13:35:03.037 [main] INFO org.evosuite.runtime.instrumentation.EvoClassLoader - Keeping class: io.netty.buffer.EmptyByteBuf
13:35:03.037 [main] INFO org.evosuite.runtime.instrumentation.EvoClassLoader - Seeing class for first time: io.netty.buffer.PooledByteBuf
13:35:03.038 [main] INFO org.evosuite.runtime.instrumentation.EvoClassLoader - Instrumenting class 'io.netty.buffer.PooledByteBuf'.
13:35:03.039 [main] INFO org.evosuite.runtime.instrumentation.MethodCallReplacementClassAdapter - Adding mock interface to class io/netty/buffer/PooledByteBuf
13:35:03.041 [main] INFO org.evosuite.runtime.instrumentation.CreateClassResetClassAdapter - Found static initializer in class io/netty/buffer/PooledByteBuf
13:35:03.043 [main] INFO org.evosuite.runtime.instrumentation.EvoClassLoader - Keeping class: io.netty.buffer.PooledByteBuf
13:35:03.043 [main] INFO org.evosuite.runtime.instrumentation.EvoClassLoader - Seeing class for first time: io.netty.buffer.ByteBufAllocatorMetric
13:35:03.043 [main] INFO org.evosuite.runtime.instrumentation.EvoClassLoader - Instrumenting class 'io.netty.buffer.ByteBufAllocatorMetric'.
13:35:03.045 [main] INFO org.evosuite.runtime.instrumentation.EvoClassLoader - Keeping class: io.netty.buffer.ByteBufAllocatorMetric
13:35:03.046 [main] INFO org.evosuite.runtime.instrumentation.EvoClassLoader - Seeing class for first time: io.netty.buffer.UnpooledHeapByteBuf
13:35:03.046 [main] INFO org.evosuite.runtime.instrumentation.EvoClassLoader - Instrumenting class 'io.netty.buffer.UnpooledHeapByteBuf'.
13:35:03.048 [main] INFO org.evosuite.runtime.instrumentation.MethodCallReplacementClassAdapter - Adding mock interface to class io/netty/buffer/UnpooledHeapByteBuf
13:35:03.051 [main] INFO org.evosuite.runtime.instrumentation.CreateClassResetClassAdapter - Creating brand-new static initializer in class io/netty/buffer/UnpooledHeapByteBuf
13:35:03.052 [main] INFO org.evosuite.runtime.instrumentation.EvoClassLoader - Keeping class: io.netty.buffer.UnpooledHeapByteBuf
13:35:03.052 [main] INFO org.evosuite.runtime.instrumentation.EvoClassLoader - Seeing class for first time: io.netty.buffer.UnpooledUnsafeHeapByteBuf
13:35:03.052 [main] INFO org.evosuite.runtime.instrumentation.EvoClassLoader - Instrumenting class 'io.netty.buffer.UnpooledUnsafeHeapByteBuf'.
13:35:03.053 [main] INFO org.evosuite.runtime.instrumentation.MethodCallReplacementClassAdapter - Adding mock interface to class io/netty/buffer/UnpooledUnsafeHeapByteBuf
13:35:03.054 [main] INFO org.evosuite.runtime.instrumentation.CreateClassResetClassAdapter - Creating brand-new static initializer in class io/netty/buffer/UnpooledUnsafeHeapByteBuf
13:35:03.055 [main] INFO org.evosuite.runtime.instrumentation.EvoClassLoader - Keeping class: io.netty.buffer.UnpooledUnsafeHeapByteBuf
13:35:03.061 [main] INFO org.evosuite.runtime.instrumentation.EvoClassLoader - Seeing class for first time: io.netty.util.NettyRuntime
13:35:03.061 [main] INFO org.evosuite.runtime.instrumentation.EvoClassLoader - Instrumenting class 'io.netty.util.NettyRuntime'.
13:35:03.062 [main] INFO org.evosuite.runtime.instrumentation.MethodCallReplacementClassAdapter - Adding mock interface to class io/netty/util/NettyRuntime
13:35:03.063 [main] INFO org.evosuite.runtime.instrumentation.CreateClassResetClassAdapter - Found static initializer in class io/netty/util/NettyRuntime
13:35:03.064 [main] INFO org.evosuite.runtime.instrumentation.EvoClassLoader - Keeping class: io.netty.util.NettyRuntime
13:35:03.064 [main] INFO org.evosuite.runtime.instrumentation.EvoClassLoader - Seeing class for first time: io.netty.util.NettyRuntime$AvailableProcessorsHolder
13:35:03.064 [main] INFO org.evosuite.runtime.instrumentation.EvoClassLoader - Instrumenting class 'io.netty.util.NettyRuntime$AvailableProcessorsHolder'.
13:35:03.065 [main] INFO org.evosuite.runtime.instrumentation.MethodCallReplacementClassAdapter - Adding mock interface to class io/netty/util/NettyRuntime$AvailableProcessorsHolder
13:35:03.067 [main] INFO org.evosuite.runtime.instrumentation.CreateClassResetClassAdapter - Creating brand-new static initializer in class io/netty/util/NettyRuntime$AvailableProcessorsHolder
13:35:03.068 [main] INFO org.evosuite.runtime.instrumentation.EvoClassLoader - Keeping class: io.netty.util.NettyRuntime$AvailableProcessorsHolder
13:35:03.069 [main] DEBUG io.netty.buffer.PooledByteBufAllocator - -Dio.netty.allocator.numHeapArenas: 0
13:35:03.069 [main] DEBUG io.netty.buffer.PooledByteBufAllocator - -Dio.netty.allocator.numDirectArenas: 2
13:35:03.069 [main] DEBUG io.netty.buffer.PooledByteBufAllocator - -Dio.netty.allocator.pageSize: 8192
13:35:03.069 [main] DEBUG io.netty.buffer.PooledByteBufAllocator - -Dio.netty.allocator.maxOrder: 9
13:35:03.069 [main] DEBUG io.netty.buffer.PooledByteBufAllocator - -Dio.netty.allocator.chunkSize: 4194304
13:35:03.069 [main] DEBUG io.netty.buffer.PooledByteBufAllocator - -Dio.netty.allocator.smallCacheSize: 256
13:35:03.069 [main] DEBUG io.netty.buffer.PooledByteBufAllocator - -Dio.netty.allocator.normalCacheSize: 64
13:35:03.069 [main] DEBUG io.netty.buffer.PooledByteBufAllocator - -Dio.netty.allocator.maxCachedBufferCapacity: 32768
13:35:03.069 [main] DEBUG io.netty.buffer.PooledByteBufAllocator - -Dio.netty.allocator.cacheTrimInterval: 8192
13:35:03.069 [main] DEBUG io.netty.buffer.PooledByteBufAllocator - -Dio.netty.allocator.cacheTrimIntervalMillis: 0
13:35:03.069 [main] DEBUG io.netty.buffer.PooledByteBufAllocator - -Dio.netty.allocator.useCacheForAllThreads: false
13:35:03.069 [main] DEBUG io.netty.buffer.PooledByteBufAllocator - -Dio.netty.allocator.maxCachedByteBuffersPerChunk: 1023
13:35:03.071 [main] INFO org.evosuite.runtime.instrumentation.EvoClassLoader - Seeing class for first time: io.netty.buffer.PooledByteBufAllocator$1
13:35:03.071 [main] INFO org.evosuite.runtime.instrumentation.EvoClassLoader - Instrumenting class 'io.netty.buffer.PooledByteBufAllocator$1'.
13:35:03.072 [main] INFO org.evosuite.runtime.instrumentation.MethodCallReplacementClassAdapter - Adding mock interface to class io/netty/buffer/PooledByteBufAllocator$1
13:35:03.073 [main] INFO org.evosuite.runtime.instrumentation.EvoClassLoader - Keeping class: io.netty.buffer.PooledByteBufAllocator$1
13:35:03.073 [main] INFO org.evosuite.runtime.instrumentation.EvoClassLoader - Seeing class for first time: io.netty.buffer.PooledByteBufAllocator$PoolThreadLocalCache
13:35:03.073 [main] INFO org.evosuite.runtime.instrumentation.EvoClassLoader - Instrumenting class 'io.netty.buffer.PooledByteBufAllocator$PoolThreadLocalCache'.
13:35:03.074 [main] INFO org.evosuite.runtime.instrumentation.MethodCallReplacementClassAdapter - Adding mock interface to class io/netty/buffer/PooledByteBufAllocator$PoolThreadLocalCache
13:35:03.074 [main] INFO org.evosuite.runtime.instrumentation.CreateClassResetClassAdapter - Creating brand-new static initializer in class io/netty/buffer/PooledByteBufAllocator$PoolThreadLocalCache
13:35:03.075 [main] INFO org.evosuite.runtime.instrumentation.EvoClassLoader - Seeing class for first time: io.netty.util.concurrent.FastThreadLocal
13:35:03.075 [main] INFO org.evosuite.runtime.instrumentation.EvoClassLoader - Instrumenting class 'io.netty.util.concurrent.FastThreadLocal'.
13:35:03.076 [main] INFO org.evosuite.runtime.instrumentation.MethodCallReplacementClassAdapter - Adding mock interface to class io/netty/util/concurrent/FastThreadLocal
13:35:03.080 [main] INFO org.evosuite.runtime.instrumentation.CreateClassResetClassAdapter - Creating brand-new static initializer in class io/netty/util/concurrent/FastThreadLocal
13:35:03.081 [main] INFO org.evosuite.runtime.instrumentation.EvoClassLoader - Keeping class: io.netty.util.concurrent.FastThreadLocal
13:35:03.081 [main] INFO org.evosuite.runtime.instrumentation.EvoClassLoader - Keeping class: io.netty.buffer.PooledByteBufAllocator$PoolThreadLocalCache
13:35:03.081 [main] INFO org.evosuite.runtime.instrumentation.EvoClassLoader - Seeing class for first time: io.netty.util.internal.InternalThreadLocalMap
13:35:03.081 [main] INFO org.evosuite.runtime.instrumentation.EvoClassLoader - Instrumenting class 'io.netty.util.internal.InternalThreadLocalMap'.
13:35:03.083 [main] INFO org.evosuite.runtime.instrumentation.MethodCallReplacementClassAdapter - Adding mock interface to class io/netty/util/internal/InternalThreadLocalMap
13:35:03.090 [main] INFO org.evosuite.runtime.instrumentation.CreateClassResetClassAdapter - Found static initializer in class io/netty/util/internal/InternalThreadLocalMap
13:35:03.091 [main] INFO org.evosuite.runtime.instrumentation.EvoClassLoader - Seeing class for first time: io.netty.util.internal.UnpaddedInternalThreadLocalMap
13:35:03.091 [main] INFO org.evosuite.runtime.instrumentation.EvoClassLoader - Instrumenting class 'io.netty.util.internal.UnpaddedInternalThreadLocalMap'.
13:35:03.092 [main] INFO org.evosuite.runtime.instrumentation.MethodCallReplacementClassAdapter - Adding mock interface to class io/netty/util/internal/UnpaddedInternalThreadLocalMap
13:35:03.093 [main] INFO org.evosuite.runtime.instrumentation.CreateClassResetClassAdapter - Creating brand-new static initializer in class io/netty/util/internal/UnpaddedInternalThreadLocalMap
13:35:03.093 [main] INFO org.evosuite.runtime.instrumentation.EvoClassLoader - Keeping class: io.netty.util.internal.UnpaddedInternalThreadLocalMap
13:35:03.093 [main] INFO org.evosuite.runtime.instrumentation.EvoClassLoader - Keeping class: io.netty.util.internal.InternalThreadLocalMap
13:35:03.095 [main] DEBUG io.netty.util.internal.InternalThreadLocalMap - -Dio.netty.threadLocalMap.stringBuilder.initialSize: 1024
13:35:03.095 [main] DEBUG io.netty.util.internal.InternalThreadLocalMap - -Dio.netty.threadLocalMap.stringBuilder.maxSize: 4096
13:35:03.095 [main] INFO org.evosuite.runtime.instrumentation.EvoClassLoader - Seeing class for first time: io.netty.buffer.PoolArena
13:35:03.095 [main] INFO org.evosuite.runtime.instrumentation.EvoClassLoader - Instrumenting class 'io.netty.buffer.PoolArena'.
13:35:03.097 [main] INFO org.evosuite.runtime.instrumentation.MethodCallReplacementClassAdapter - Adding mock interface to class io/netty/buffer/PoolArena
13:35:03.107 [main] INFO org.evosuite.runtime.instrumentation.CreateClassResetClassAdapter - Found static initializer in class io/netty/buffer/PoolArena
13:35:03.108 [main] INFO org.evosuite.runtime.instrumentation.EvoClassLoader - Seeing class for first time: io.netty.buffer.PoolArenaMetric
13:35:03.109 [main] INFO org.evosuite.runtime.instrumentation.EvoClassLoader - Instrumenting class 'io.netty.buffer.PoolArenaMetric'.
13:35:03.111 [main] INFO org.evosuite.runtime.instrumentation.EvoClassLoader - Seeing class for first time: io.netty.buffer.SizeClassesMetric
13:35:03.111 [main] INFO org.evosuite.runtime.instrumentation.EvoClassLoader - Instrumenting class 'io.netty.buffer.SizeClassesMetric'.
13:35:03.113 [main] INFO org.evosuite.runtime.instrumentation.EvoClassLoader - Keeping class: io.netty.buffer.SizeClassesMetric
13:35:03.113 [main] INFO org.evosuite.runtime.instrumentation.EvoClassLoader - Keeping class: io.netty.buffer.PoolArenaMetric
13:35:03.114 [main] INFO org.evosuite.runtime.instrumentation.EvoClassLoader - Keeping class: io.netty.buffer.PoolArena
13:35:03.114 [main] INFO org.evosuite.runtime.instrumentation.EvoClassLoader - Seeing class for first time: io.netty.buffer.SizeClasses
13:35:03.114 [main] INFO org.evosuite.runtime.instrumentation.EvoClassLoader - Instrumenting class 'io.netty.buffer.SizeClasses'.
13:35:03.116 [main] INFO org.evosuite.runtime.instrumentation.MethodCallReplacementClassAdapter - Adding mock interface to class io/netty/buffer/SizeClasses
13:35:03.119 [main] INFO org.evosuite.runtime.instrumentation.CreateClassResetClassAdapter - Found static initializer in class io/netty/buffer/SizeClasses
13:35:03.120 [main] INFO org.evosuite.runtime.instrumentation.EvoClassLoader - Keeping class: io.netty.buffer.SizeClasses
13:35:03.121 [main] INFO org.evosuite.runtime.instrumentation.EvoClassLoader - Seeing class for first time: io.netty.buffer.PoolThreadCache
13:35:03.121 [main] INFO org.evosuite.runtime.instrumentation.EvoClassLoader - Instrumenting class 'io.netty.buffer.PoolThreadCache'.
13:35:03.122 [main] INFO org.evosuite.runtime.instrumentation.MethodCallReplacementClassAdapter - Adding mock interface to class io/netty/buffer/PoolThreadCache
13:35:03.130 [main] INFO org.evosuite.runtime.instrumentation.CreateClassResetClassAdapter - Found static initializer in class io/netty/buffer/PoolThreadCache
13:35:03.131 [main] INFO org.evosuite.runtime.instrumentation.EvoClassLoader - Keeping class: io.netty.buffer.PoolThreadCache
13:35:03.132 [main] INFO org.evosuite.runtime.instrumentation.EvoClassLoader - Seeing class for first time: io.netty.buffer.PoolArena$DirectArena
13:35:03.132 [main] INFO org.evosuite.runtime.instrumentation.EvoClassLoader - Instrumenting class 'io.netty.buffer.PoolArena$DirectArena'.
13:35:03.133 [main] INFO org.evosuite.runtime.instrumentation.MethodCallReplacementClassAdapter - Adding mock interface to class io/netty/buffer/PoolArena$DirectArena
13:35:03.134 [main] INFO org.evosuite.runtime.instrumentation.CreateClassResetClassAdapter - Creating brand-new static initializer in class io/netty/buffer/PoolArena$DirectArena
13:35:03.134 [main] INFO org.evosuite.runtime.instrumentation.EvoClassLoader - Keeping class: io.netty.buffer.PoolArena$DirectArena
13:35:03.135 [main] INFO org.evosuite.runtime.instrumentation.EvoClassLoader - Seeing class for first time: io.netty.buffer.PooledUnsafeDirectByteBuf
13:35:03.136 [main] INFO org.evosuite.runtime.instrumentation.EvoClassLoader - Instrumenting class 'io.netty.buffer.PooledUnsafeDirectByteBuf'.
13:35:03.136 [main] INFO org.evosuite.runtime.instrumentation.MethodCallReplacementClassAdapter - Adding mock interface to class io/netty/buffer/PooledUnsafeDirectByteBuf
13:35:03.138 [main] INFO org.evosuite.runtime.instrumentation.CreateClassResetClassAdapter - Found static initializer in class io/netty/buffer/PooledUnsafeDirectByteBuf
13:35:03.138 [main] INFO org.evosuite.runtime.instrumentation.EvoClassLoader - Keeping class: io.netty.buffer.PooledUnsafeDirectByteBuf
13:35:03.138 [main] INFO org.evosuite.runtime.instrumentation.EvoClassLoader - Seeing class for first time: io.netty.buffer.PooledDirectByteBuf
13:35:03.138 [main] INFO org.evosuite.runtime.instrumentation.EvoClassLoader - Instrumenting class 'io.netty.buffer.PooledDirectByteBuf'.
13:35:03.140 [main] INFO org.evosuite.runtime.instrumentation.MethodCallReplacementClassAdapter - Adding mock interface to class io/netty/buffer/PooledDirectByteBuf
13:35:03.143 [main] INFO org.evosuite.runtime.instrumentation.CreateClassResetClassAdapter - Found static initializer in class io/netty/buffer/PooledDirectByteBuf
13:35:03.144 [main] INFO org.evosuite.runtime.instrumentation.EvoClassLoader - Keeping class: io.netty.buffer.PooledDirectByteBuf
13:35:03.145 [main] INFO org.evosuite.runtime.instrumentation.EvoClassLoader - Seeing class for first time: io.netty.util.internal.LongAdderCounter
13:35:03.145 [main] INFO org.evosuite.runtime.instrumentation.EvoClassLoader - Instrumenting class 'io.netty.util.internal.LongAdderCounter'.
13:35:03.146 [main] INFO org.evosuite.runtime.instrumentation.MethodCallReplacementClassAdapter - Adding mock interface to class io/netty/util/internal/LongAdderCounter
13:35:03.147 [main] INFO org.evosuite.runtime.instrumentation.CreateClassResetClassAdapter - Creating brand-new static initializer in class io/netty/util/internal/LongAdderCounter
13:35:03.148 [main] INFO org.evosuite.runtime.instrumentation.EvoClassLoader - Keeping class: io.netty.util.internal.LongAdderCounter
13:35:03.149 [main] INFO org.evosuite.runtime.instrumentation.EvoClassLoader - Seeing class for first time: io.netty.buffer.PoolSubpage
13:35:03.149 [main] INFO org.evosuite.runtime.instrumentation.EvoClassLoader - Instrumenting class 'io.netty.buffer.PoolSubpage'.
13:35:03.150 [main] INFO org.evosuite.runtime.instrumentation.MethodCallReplacementClassAdapter - Adding mock interface to class io/netty/buffer/PoolSubpage
13:35:03.152 [main] INFO org.evosuite.runtime.instrumentation.CreateClassResetClassAdapter - Found static initializer in class io/netty/buffer/PoolSubpage
13:35:03.153 [main] INFO org.evosuite.runtime.instrumentation.EvoClassLoader - Seeing class for first time: io.netty.buffer.PoolSubpageMetric
13:35:03.153 [main] INFO org.evosuite.runtime.instrumentation.EvoClassLoader - Instrumenting class 'io.netty.buffer.PoolSubpageMetric'.
13:35:03.155 [main] INFO org.evosuite.runtime.instrumentation.EvoClassLoader - Keeping class: io.netty.buffer.PoolSubpageMetric
13:35:03.155 [main] INFO org.evosuite.runtime.instrumentation.EvoClassLoader - Keeping class: io.netty.buffer.PoolSubpage
13:35:03.155 [main] INFO org.evosuite.runtime.instrumentation.EvoClassLoader - Seeing class for first time: io.netty.buffer.PoolChunkList
13:35:03.155 [main] INFO org.evosuite.runtime.instrumentation.EvoClassLoader - Instrumenting class 'io.netty.buffer.PoolChunkList'.
13:35:03.156 [main] INFO org.evosuite.runtime.instrumentation.MethodCallReplacementClassAdapter - Adding mock interface to class io/netty/buffer/PoolChunkList
13:35:03.158 [main] INFO org.evosuite.runtime.instrumentation.CreateClassResetClassAdapter - Found static initializer in class io/netty/buffer/PoolChunkList
13:35:03.158 [main] INFO org.evosuite.runtime.instrumentation.EvoClassLoader - Seeing class for first time: io.netty.buffer.PoolChunkListMetric
13:35:03.158 [main] INFO org.evosuite.runtime.instrumentation.EvoClassLoader - Instrumenting class 'io.netty.buffer.PoolChunkListMetric'.
13:35:03.159 [main] INFO org.evosuite.runtime.instrumentation.EvoClassLoader - Keeping class: io.netty.buffer.PoolChunkListMetric
13:35:03.159 [main] INFO org.evosuite.runtime.instrumentation.EvoClassLoader - Keeping class: io.netty.buffer.PoolChunkList
13:35:03.160 [main] INFO org.evosuite.runtime.instrumentation.EvoClassLoader - Seeing class for first time: io.netty.buffer.PooledByteBufAllocatorMetric
13:35:03.160 [main] INFO org.evosuite.runtime.instrumentation.EvoClassLoader - Instrumenting class 'io.netty.buffer.PooledByteBufAllocatorMetric'.
13:35:03.161 [main] INFO org.evosuite.runtime.instrumentation.MethodCallReplacementClassAdapter - Adding mock interface to class io/netty/buffer/PooledByteBufAllocatorMetric
13:35:03.162 [main] INFO org.evosuite.runtime.instrumentation.CreateClassResetClassAdapter - Creating brand-new static initializer in class io/netty/buffer/PooledByteBufAllocatorMetric
13:35:03.162 [main] INFO org.evosuite.runtime.instrumentation.EvoClassLoader - Keeping class: io.netty.buffer.PooledByteBufAllocatorMetric
13:35:03.163 [main] INFO org.evosuite.runtime.instrumentation.EvoClassLoader - Seeing class for first time: io.netty.util.internal.shaded.org.jctools.queues.BaseMpscLinkedArrayQueueConsumerFields
13:35:03.163 [main] INFO org.evosuite.runtime.instrumentation.EvoClassLoader - Instrumenting class 'io.netty.util.internal.shaded.org.jctools.queues.BaseMpscLinkedArrayQueueConsumerFields'.
13:35:03.164 [main] INFO org.evosuite.runtime.instrumentation.MethodCallReplacementClassAdapter - Adding mock interface to class io/netty/util/internal/shaded/org/jctools/queues/BaseMpscLinkedArrayQueueConsumerFields
13:35:03.164 [main] INFO org.evosuite.runtime.instrumentation.CreateClassResetClassAdapter - Found static initializer in class io/netty/util/internal/shaded/org/jctools/queues/BaseMpscLinkedArrayQueueConsumerFields
13:35:03.165 [main] INFO org.evosuite.runtime.instrumentation.EvoClassLoader - Seeing class for first time: io.netty.util.internal.shaded.org.jctools.queues.BaseMpscLinkedArrayQueuePad2
13:35:03.165 [main] INFO org.evosuite.runtime.instrumentation.EvoClassLoader - Instrumenting class 'io.netty.util.internal.shaded.org.jctools.queues.BaseMpscLinkedArrayQueuePad2'.
13:35:03.166 [main] INFO org.evosuite.runtime.instrumentation.MethodCallReplacementClassAdapter - Adding mock interface to class io/netty/util/internal/shaded/org/jctools/queues/BaseMpscLinkedArrayQueuePad2
13:35:03.166 [main] INFO org.evosuite.runtime.instrumentation.CreateClassResetClassAdapter - Creating brand-new static initializer in class io/netty/util/internal/shaded/org/jctools/queues/BaseMpscLinkedArrayQueuePad2
13:35:03.166 [main] INFO org.evosuite.runtime.instrumentation.EvoClassLoader - Seeing class for first time: io.netty.util.internal.shaded.org.jctools.queues.BaseMpscLinkedArrayQueueProducerFields
13:35:03.166 [main] INFO org.evosuite.runtime.instrumentation.EvoClassLoader - Instrumenting class 'io.netty.util.internal.shaded.org.jctools.queues.BaseMpscLinkedArrayQueueProducerFields'.
13:35:03.167 [main] INFO org.evosuite.runtime.instrumentation.MethodCallReplacementClassAdapter - Adding mock interface to class io/netty/util/internal/shaded/org/jctools/queues/BaseMpscLinkedArrayQueueProducerFields
13:35:03.168 [main] INFO org.evosuite.runtime.instrumentation.CreateClassResetClassAdapter - Found static initializer in class io/netty/util/internal/shaded/org/jctools/queues/BaseMpscLinkedArrayQueueProducerFields
13:35:03.168 [main] INFO org.evosuite.runtime.instrumentation.EvoClassLoader - Seeing class for first time: io.netty.util.internal.shaded.org.jctools.queues.BaseMpscLinkedArrayQueuePad1
13:35:03.168 [main] INFO org.evosuite.runtime.instrumentation.EvoClassLoader - Instrumenting class 'io.netty.util.internal.shaded.org.jctools.queues.BaseMpscLinkedArrayQueuePad1'.
13:35:03.169 [main] INFO org.evosuite.runtime.instrumentation.MethodCallReplacementClassAdapter - Adding mock interface to class io/netty/util/internal/shaded/org/jctools/queues/BaseMpscLinkedArrayQueuePad1
13:35:03.170 [main] INFO org.evosuite.runtime.instrumentation.CreateClassResetClassAdapter - Creating brand-new static initializer in class io/netty/util/internal/shaded/org/jctools/queues/BaseMpscLinkedArrayQueuePad1
13:35:03.171 [main] INFO org.evosuite.runtime.instrumentation.EvoClassLoader - Keeping class: io.netty.util.internal.shaded.org.jctools.queues.BaseMpscLinkedArrayQueuePad1
13:35:03.171 [main] INFO org.evosuite.runtime.instrumentation.EvoClassLoader - Keeping class: io.netty.util.internal.shaded.org.jctools.queues.BaseMpscLinkedArrayQueueProducerFields
13:35:03.171 [main] INFO org.evosuite.runtime.instrumentation.EvoClassLoader - Keeping class: io.netty.util.internal.shaded.org.jctools.queues.BaseMpscLinkedArrayQueuePad2
13:35:03.171 [main] INFO org.evosuite.runtime.instrumentation.EvoClassLoader - Keeping class: io.netty.util.internal.shaded.org.jctools.queues.BaseMpscLinkedArrayQueueConsumerFields
13:35:03.172 [main] INFO org.evosuite.runtime.instrumentation.EvoClassLoader - Seeing class for first time: io.netty.util.internal.shaded.org.jctools.util.UnsafeAccess
13:35:03.172 [main] INFO org.evosuite.runtime.instrumentation.EvoClassLoader - Instrumenting class 'io.netty.util.internal.shaded.org.jctools.util.UnsafeAccess'.
13:35:03.173 [main] INFO org.evosuite.runtime.instrumentation.MethodCallReplacementClassAdapter - Adding mock interface to class io/netty/util/internal/shaded/org/jctools/util/UnsafeAccess
13:35:03.177 [main] INFO org.evosuite.runtime.instrumentation.CreateClassResetClassAdapter - Found static initializer in class io/netty/util/internal/shaded/org/jctools/util/UnsafeAccess
13:35:03.178 [main] INFO org.evosuite.runtime.instrumentation.EvoClassLoader - Defined package (3): package io.netty.util.internal.shaded.org.jctools.util, -1500502634
13:35:03.178 [main] INFO org.evosuite.runtime.instrumentation.EvoClassLoader - Keeping class: io.netty.util.internal.shaded.org.jctools.util.UnsafeAccess
13:35:03.181 [main] INFO org.evosuite.runtime.instrumentation.EvoClassLoader - Seeing class for first time: io.netty.util.internal.shaded.org.jctools.queues.LinkedQueueNode
13:35:03.181 [main] INFO org.evosuite.runtime.instrumentation.EvoClassLoader - Instrumenting class 'io.netty.util.internal.shaded.org.jctools.queues.LinkedQueueNode'.
13:35:03.182 [main] INFO org.evosuite.runtime.instrumentation.MethodCallReplacementClassAdapter - Adding mock interface to class io/netty/util/internal/shaded/org/jctools/queues/LinkedQueueNode
13:35:03.182 [main] INFO org.evosuite.runtime.instrumentation.CreateClassResetClassAdapter - Found static initializer in class io/netty/util/internal/shaded/org/jctools/queues/LinkedQueueNode
13:35:03.183 [main] INFO org.evosuite.runtime.instrumentation.EvoClassLoader - Keeping class: io.netty.util.internal.shaded.org.jctools.queues.LinkedQueueNode
13:35:03.187 [main] DEBUG io.netty.buffer.AdvancedLeakAwareByteBuf - -Dio.netty.leakDetection.acquireAndReleaseOnly: false
13:35:03.188 [main] INFO org.evosuite.runtime.instrumentation.EvoClassLoader - Seeing class for first time: io.netty.util.ByteProcessor
13:35:03.189 [main] INFO org.evosuite.runtime.instrumentation.EvoClassLoader - Instrumenting class 'io.netty.util.ByteProcessor'.
13:35:03.190 [main] INFO org.evosuite.runtime.instrumentation.EvoClassLoader - Keeping class: io.netty.util.ByteProcessor
13:35:03.197 [main] INFO org.evosuite.runtime.instrumentation.EvoClassLoader - Seeing class for first time: io.netty.buffer.FixedCompositeByteBuf
13:35:03.197 [main] INFO org.evosuite.runtime.instrumentation.EvoClassLoader - Instrumenting class 'io.netty.buffer.FixedCompositeByteBuf'.
13:35:03.198 [main] INFO org.evosuite.runtime.instrumentation.MethodCallReplacementClassAdapter - Adding mock interface to class io/netty/buffer/FixedCompositeByteBuf
13:35:03.205 [main] INFO org.evosuite.runtime.instrumentation.CreateClassResetClassAdapter - Found static initializer in class io/netty/buffer/FixedCompositeByteBuf
13:35:03.207 [main] INFO org.evosuite.runtime.instrumentation.EvoClassLoader - Keeping class: io.netty.buffer.FixedCompositeByteBuf
13:35:03.208 [main] INFO org.evosuite.runtime.instrumentation.EvoClassLoader - Seeing class for first time: io.netty.buffer.Unpooled
13:35:03.208 [main] INFO org.evosuite.runtime.instrumentation.EvoClassLoader - Instrumenting class 'io.netty.buffer.Unpooled'.
13:35:03.210 [main] INFO org.evosuite.runtime.instrumentation.MethodCallReplacementClassAdapter - Adding mock interface to class io/netty/buffer/Unpooled
13:35:03.216 [main] INFO org.evosuite.runtime.instrumentation.CreateClassResetClassAdapter - Found static initializer in class io/netty/buffer/Unpooled
13:35:03.217 [main] INFO org.evosuite.runtime.instrumentation.EvoClassLoader - Keeping class: io.netty.buffer.Unpooled
13:35:03.218 [main] INFO org.evosuite.runtime.instrumentation.EvoClassLoader - Seeing class for first time: io.netty.buffer.ReadOnlyByteBuf
13:35:03.218 [main] INFO org.evosuite.runtime.instrumentation.EvoClassLoader - Instrumenting class 'io.netty.buffer.ReadOnlyByteBuf'.
13:35:03.220 [main] INFO org.evosuite.runtime.instrumentation.MethodCallReplacementClassAdapter - Adding mock interface to class io/netty/buffer/ReadOnlyByteBuf
13:35:03.222 [main] INFO org.evosuite.runtime.instrumentation.CreateClassResetClassAdapter - Creating brand-new static initializer in class io/netty/buffer/ReadOnlyByteBuf
13:35:03.223 [main] INFO org.evosuite.runtime.instrumentation.EvoClassLoader - Keeping class: io.netty.buffer.ReadOnlyByteBuf
13:35:03.224 [main] INFO org.evosuite.runtime.instrumentation.EvoClassLoader - Seeing class for first time: io.netty.buffer.WrappedUnpooledUnsafeDirectByteBuf
13:35:03.224 [main] INFO org.evosuite.runtime.instrumentation.EvoClassLoader - Instrumenting class 'io.netty.buffer.WrappedUnpooledUnsafeDirectByteBuf'.
13:35:03.225 [main] INFO org.evosuite.runtime.instrumentation.MethodCallReplacementClassAdapter - Adding mock interface to class io/netty/buffer/WrappedUnpooledUnsafeDirectByteBuf
13:35:03.226 [main] INFO org.evosuite.runtime.instrumentation.CreateClassResetClassAdapter - Creating brand-new static initializer in class io/netty/buffer/WrappedUnpooledUnsafeDirectByteBuf
13:35:03.226 [main] INFO org.evosuite.runtime.instrumentation.EvoClassLoader - Keeping class: io.netty.buffer.WrappedUnpooledUnsafeDirectByteBuf
13:35:03.226 [main] INFO org.evosuite.runtime.instrumentation.EvoClassLoader - Seeing class for first time: io.netty.buffer.ReadOnlyUnsafeDirectByteBuf
13:35:03.226 [main] INFO org.evosuite.runtime.instrumentation.EvoClassLoader - Instrumenting class 'io.netty.buffer.ReadOnlyUnsafeDirectByteBuf'.
13:35:03.228 [main] INFO org.evosuite.runtime.instrumentation.MethodCallReplacementClassAdapter - Adding mock interface to class io/netty/buffer/ReadOnlyUnsafeDirectByteBuf
13:35:03.229 [main] INFO org.evosuite.runtime.instrumentation.CreateClassResetClassAdapter - Creating brand-new static initializer in class io/netty/buffer/ReadOnlyUnsafeDirectByteBuf
13:35:03.229 [main] INFO org.evosuite.runtime.instrumentation.EvoClassLoader - Seeing class for first time: io.netty.buffer.ReadOnlyByteBufferBuf
13:35:03.229 [main] INFO org.evosuite.runtime.instrumentation.EvoClassLoader - Instrumenting class 'io.netty.buffer.ReadOnlyByteBufferBuf'.
13:35:03.230 [main] INFO org.evosuite.runtime.instrumentation.MethodCallReplacementClassAdapter - Adding mock interface to class io/netty/buffer/ReadOnlyByteBufferBuf
13:35:03.234 [main] INFO org.evosuite.runtime.instrumentation.CreateClassResetClassAdapter - Creating brand-new static initializer in class io/netty/buffer/ReadOnlyByteBufferBuf
13:35:03.235 [main] INFO org.evosuite.runtime.instrumentation.EvoClassLoader - Keeping class: io.netty.buffer.ReadOnlyByteBufferBuf
13:35:03.235 [main] INFO org.evosuite.runtime.instrumentation.EvoClassLoader - Keeping class: io.netty.buffer.ReadOnlyUnsafeDirectByteBuf
13:35:03.236 [main] INFO org.evosuite.runtime.instrumentation.EvoClassLoader - Seeing class for first time: io.netty.buffer.UnreleasableByteBuf
13:35:03.236 [main] INFO org.evosuite.runtime.instrumentation.EvoClassLoader - Instrumenting class 'io.netty.buffer.UnreleasableByteBuf'.
13:35:03.237 [main] INFO org.evosuite.runtime.instrumentation.MethodCallReplacementClassAdapter - Adding mock interface to class io/netty/buffer/UnreleasableByteBuf
13:35:03.239 [main] INFO org.evosuite.runtime.instrumentation.CreateClassResetClassAdapter - Creating brand-new static initializer in class io/netty/buffer/UnreleasableByteBuf
13:35:03.239 [main] INFO org.evosuite.runtime.instrumentation.EvoClassLoader - Keeping class: io.netty.buffer.UnreleasableByteBuf
13:35:03.240 [main] INFO org.evosuite.runtime.instrumentation.EvoClassLoader - Seeing class for first time: io.netty.buffer.UnpooledByteBufAllocator
13:35:03.240 [main] INFO org.evosuite.runtime.instrumentation.EvoClassLoader - Instrumenting class 'io.netty.buffer.UnpooledByteBufAllocator'.
13:35:03.241 [main] INFO org.evosuite.runtime.instrumentation.MethodCallReplacementClassAdapter - Adding mock interface to class io/netty/buffer/UnpooledByteBufAllocator
13:35:03.287 [main] INFO org.evosuite.runtime.instrumentation.CreateClassResetClassAdapter - Found static initializer in class io/netty/buffer/UnpooledByteBufAllocator
13:35:03.288 [main] INFO org.evosuite.runtime.instrumentation.EvoClassLoader - Keeping class: io.netty.buffer.UnpooledByteBufAllocator
13:35:03.289 [main] INFO org.evosuite.runtime.instrumentation.EvoClassLoader - Seeing class for first time: io.netty.buffer.UnpooledByteBufAllocator$InstrumentedUnpooledUnsafeDirectByteBuf
13:35:03.289 [main] INFO org.evosuite.runtime.instrumentation.EvoClassLoader - Instrumenting class 'io.netty.buffer.UnpooledByteBufAllocator$InstrumentedUnpooledUnsafeDirectByteBuf'.
13:35:03.290 [main] INFO org.evosuite.runtime.instrumentation.MethodCallReplacementClassAdapter - Adding mock interface to class io/netty/buffer/UnpooledByteBufAllocator$InstrumentedUnpooledUnsafeDirectByteBuf
13:35:03.291 [main] INFO org.evosuite.runtime.instrumentation.CreateClassResetClassAdapter - Creating brand-new static initializer in class io/netty/buffer/UnpooledByteBufAllocator$InstrumentedUnpooledUnsafeDirectByteBuf
13:35:03.291 [main] INFO org.evosuite.runtime.instrumentation.EvoClassLoader - Keeping class: io.netty.buffer.UnpooledByteBufAllocator$InstrumentedUnpooledUnsafeDirectByteBuf
13:35:03.292 [main] INFO org.evosuite.runtime.instrumentation.EvoClassLoader - Seeing class for first time: io.netty.buffer.UnpooledByteBufAllocator$InstrumentedUnpooledUnsafeHeapByteBuf
13:35:03.292 [main] INFO org.evosuite.runtime.instrumentation.EvoClassLoader - Instrumenting class 'io.netty.buffer.UnpooledByteBufAllocator$InstrumentedUnpooledUnsafeHeapByteBuf'.
13:35:03.293 [main] INFO org.evosuite.runtime.instrumentation.MethodCallReplacementClassAdapter - Adding mock interface to class io/netty/buffer/UnpooledByteBufAllocator$InstrumentedUnpooledUnsafeHeapByteBuf
13:35:03.293 [main] INFO org.evosuite.runtime.instrumentation.CreateClassResetClassAdapter - Creating brand-new static initializer in class io/netty/buffer/UnpooledByteBufAllocator$InstrumentedUnpooledUnsafeHeapByteBuf
13:35:03.294 [main] INFO org.evosuite.runtime.instrumentation.EvoClassLoader - Keeping class: io.netty.buffer.UnpooledByteBufAllocator$InstrumentedUnpooledUnsafeHeapByteBuf
13:35:03.294 [main] INFO org.evosuite.runtime.instrumentation.EvoClassLoader - Seeing class for first time: io.netty.buffer.UnpooledByteBufAllocator$InstrumentedUnpooledHeapByteBuf
13:35:03.294 [main] INFO org.evosuite.runtime.instrumentation.EvoClassLoader - Instrumenting class 'io.netty.buffer.UnpooledByteBufAllocator$InstrumentedUnpooledHeapByteBuf'.
13:35:03.295 [main] INFO org.evosuite.runtime.instrumentation.MethodCallReplacementClassAdapter - Adding mock interface to class io/netty/buffer/UnpooledByteBufAllocator$InstrumentedUnpooledHeapByteBuf
13:35:03.295 [main] INFO org.evosuite.runtime.instrumentation.CreateClassResetClassAdapter - Creating brand-new static initializer in class io/netty/buffer/UnpooledByteBufAllocator$InstrumentedUnpooledHeapByteBuf
13:35:03.296 [main] INFO org.evosuite.runtime.instrumentation.EvoClassLoader - Keeping class: io.netty.buffer.UnpooledByteBufAllocator$InstrumentedUnpooledHeapByteBuf
13:35:03.296 [main] INFO org.evosuite.runtime.instrumentation.EvoClassLoader - Seeing class for first time: io.netty.buffer.UnpooledByteBufAllocator$UnpooledByteBufAllocatorMetric
13:35:03.296 [main] INFO org.evosuite.runtime.instrumentation.EvoClassLoader - Instrumenting class 'io.netty.buffer.UnpooledByteBufAllocator$UnpooledByteBufAllocatorMetric'.
13:35:03.297 [main] INFO org.evosuite.runtime.instrumentation.MethodCallReplacementClassAdapter - Adding mock interface to class io/netty/buffer/UnpooledByteBufAllocator$UnpooledByteBufAllocatorMetric
13:35:03.298 [main] INFO org.evosuite.runtime.instrumentation.CreateClassResetClassAdapter - Creating brand-new static initializer in class io/netty/buffer/UnpooledByteBufAllocator$UnpooledByteBufAllocatorMetric
13:35:03.298 [main] INFO org.evosuite.runtime.instrumentation.EvoClassLoader - Keeping class: io.netty.buffer.UnpooledByteBufAllocator$UnpooledByteBufAllocatorMetric
13:35:03.300 [main] INFO org.evosuite.runtime.instrumentation.EvoClassLoader - Seeing class for first time: io.netty.util.internal.shaded.org.jctools.queues.MessagePassingQueue$Consumer
13:35:03.300 [main] INFO org.evosuite.runtime.instrumentation.EvoClassLoader - Instrumenting class 'io.netty.util.internal.shaded.org.jctools.queues.MessagePassingQueue$Consumer'.
13:35:03.302 [main] INFO org.evosuite.runtime.instrumentation.EvoClassLoader - Keeping class: io.netty.util.internal.shaded.org.jctools.queues.MessagePassingQueue$Consumer
13:35:03.303 [main] INFO org.evosuite.runtime.instrumentation.EvoClassLoader - Seeing class for first time: io.netty.util.internal.shaded.org.jctools.queues.atomic.MpscChunkedAtomicArrayQueueColdProducerFields
13:35:03.303 [main] INFO org.evosuite.runtime.instrumentation.EvoClassLoader - Instrumenting class 'io.netty.util.internal.shaded.org.jctools.queues.atomic.MpscChunkedAtomicArrayQueueColdProducerFields'.
13:35:03.304 [main] INFO org.evosuite.runtime.instrumentation.MethodCallReplacementClassAdapter - Adding mock interface to class io/netty/util/internal/shaded/org/jctools/queues/atomic/MpscChunkedAtomicArrayQueueColdProducerFields
13:35:03.305 [main] INFO org.evosuite.runtime.instrumentation.CreateClassResetClassAdapter - Creating brand-new static initializer in class io/netty/util/internal/shaded/org/jctools/queues/atomic/MpscChunkedAtomicArrayQueueColdProducerFields
13:35:03.305 [main] INFO org.evosuite.runtime.instrumentation.EvoClassLoader - Seeing class for first time: io.netty.util.internal.shaded.org.jctools.queues.atomic.BaseMpscLinkedAtomicArrayQueue
13:35:03.306 [main] INFO org.evosuite.runtime.instrumentation.EvoClassLoader - Instrumenting class 'io.netty.util.internal.shaded.org.jctools.queues.atomic.BaseMpscLinkedAtomicArrayQueue'.
13:35:03.308 [main] INFO org.evosuite.runtime.instrumentation.MethodCallReplacementClassAdapter - Adding mock interface to class io/netty/util/internal/shaded/org/jctools/queues/atomic/BaseMpscLinkedAtomicArrayQueue
13:35:03.319 [main] INFO org.evosuite.runtime.instrumentation.CreateClassResetClassAdapter - Found static initializer in class io/netty/util/internal/shaded/org/jctools/queues/atomic/BaseMpscLinkedAtomicArrayQueue
13:35:03.320 [main] INFO org.evosuite.runtime.instrumentation.EvoClassLoader - Seeing class for first time: io.netty.util.internal.shaded.org.jctools.queues.atomic.BaseMpscLinkedAtomicArrayQueueColdProducerFields
13:35:03.320 [main] INFO org.evosuite.runtime.instrumentation.EvoClassLoader - Instrumenting class 'io.netty.util.internal.shaded.org.jctools.queues.atomic.BaseMpscLinkedAtomicArrayQueueColdProducerFields'.
13:35:03.322 [main] INFO org.evosuite.runtime.instrumentation.MethodCallReplacementClassAdapter - Adding mock interface to class io/netty/util/internal/shaded/org/jctools/queues/atomic/BaseMpscLinkedAtomicArrayQueueColdProducerFields
13:35:03.323 [main] INFO org.evosuite.runtime.instrumentation.CreateClassResetClassAdapter - Found static initializer in class io/netty/util/internal/shaded/org/jctools/queues/atomic/BaseMpscLinkedAtomicArrayQueueColdProducerFields
13:35:03.323 [main] INFO org.evosuite.runtime.instrumentation.EvoClassLoader - Seeing class for first time: io.netty.util.internal.shaded.org.jctools.queues.atomic.BaseMpscLinkedAtomicArrayQueuePad3
13:35:03.323 [main] INFO org.evosuite.runtime.instrumentation.EvoClassLoader - Instrumenting class 'io.netty.util.internal.shaded.org.jctools.queues.atomic.BaseMpscLinkedAtomicArrayQueuePad3'.
13:35:03.325 [main] INFO org.evosuite.runtime.instrumentation.MethodCallReplacementClassAdapter - Adding mock interface to class io/netty/util/internal/shaded/org/jctools/queues/atomic/BaseMpscLinkedAtomicArrayQueuePad3
13:35:03.325 [main] INFO org.evosuite.runtime.instrumentation.CreateClassResetClassAdapter - Creating brand-new static initializer in class io/netty/util/internal/shaded/org/jctools/queues/atomic/BaseMpscLinkedAtomicArrayQueuePad3
13:35:03.326 [main] INFO org.evosuite.runtime.instrumentation.EvoClassLoader - Seeing class for first time: io.netty.util.internal.shaded.org.jctools.queues.atomic.BaseMpscLinkedAtomicArrayQueueConsumerFields
13:35:03.326 [main] INFO org.evosuite.runtime.instrumentation.EvoClassLoader - Instrumenting class 'io.netty.util.internal.shaded.org.jctools.queues.atomic.BaseMpscLinkedAtomicArrayQueueConsumerFields'.
13:35:03.326 [main] INFO org.evosuite.runtime.instrumentation.MethodCallReplacementClassAdapter - Adding mock interface to class io/netty/util/internal/shaded/org/jctools/queues/atomic/BaseMpscLinkedAtomicArrayQueueConsumerFields
13:35:03.327 [main] INFO org.evosuite.runtime.instrumentation.CreateClassResetClassAdapter - Found static initializer in class io/netty/util/internal/shaded/org/jctools/queues/atomic/BaseMpscLinkedAtomicArrayQueueConsumerFields
13:35:03.327 [main] INFO org.evosuite.runtime.instrumentation.EvoClassLoader - Seeing class for first time: io.netty.util.internal.shaded.org.jctools.queues.atomic.BaseMpscLinkedAtomicArrayQueuePad2
13:35:03.327 [main] INFO org.evosuite.runtime.instrumentation.EvoClassLoader - Instrumenting class 'io.netty.util.internal.shaded.org.jctools.queues.atomic.BaseMpscLinkedAtomicArrayQueuePad2'.
13:35:03.329 [main] INFO org.evosuite.runtime.instrumentation.MethodCallReplacementClassAdapter - Adding mock interface to class io/netty/util/internal/shaded/org/jctools/queues/atomic/BaseMpscLinkedAtomicArrayQueuePad2
13:35:03.329 [main] INFO org.evosuite.runtime.instrumentation.CreateClassResetClassAdapter - Creating brand-new static initializer in class io/netty/util/internal/shaded/org/jctools/queues/atomic/BaseMpscLinkedAtomicArrayQueuePad2
13:35:03.330 [main] INFO org.evosuite.runtime.instrumentation.EvoClassLoader - Seeing class for first time: io.netty.util.internal.shaded.org.jctools.queues.atomic.BaseMpscLinkedAtomicArrayQueueProducerFields
13:35:03.330 [main] INFO org.evosuite.runtime.instrumentation.EvoClassLoader - Instrumenting class 'io.netty.util.internal.shaded.org.jctools.queues.atomic.BaseMpscLinkedAtomicArrayQueueProducerFields'.
13:35:03.331 [main] INFO org.evosuite.runtime.instrumentation.MethodCallReplacementClassAdapter - Adding mock interface to class io/netty/util/internal/shaded/org/jctools/queues/atomic/BaseMpscLinkedAtomicArrayQueueProducerFields
13:35:03.332 [main] INFO org.evosuite.runtime.instrumentation.CreateClassResetClassAdapter - Found static initializer in class io/netty/util/internal/shaded/org/jctools/queues/atomic/BaseMpscLinkedAtomicArrayQueueProducerFields
13:35:03.332 [main] INFO org.evosuite.runtime.instrumentation.EvoClassLoader - Seeing class for first time: io.netty.util.internal.shaded.org.jctools.queues.atomic.BaseMpscLinkedAtomicArrayQueuePad1
13:35:03.332 [main] INFO org.evosuite.runtime.instrumentation.EvoClassLoader - Instrumenting class 'io.netty.util.internal.shaded.org.jctools.queues.atomic.BaseMpscLinkedAtomicArrayQueuePad1'.
13:35:03.334 [main] INFO org.evosuite.runtime.instrumentation.MethodCallReplacementClassAdapter - Adding mock interface to class io/netty/util/internal/shaded/org/jctools/queues/atomic/BaseMpscLinkedAtomicArrayQueuePad1
13:35:03.334 [main] INFO org.evosuite.runtime.instrumentation.CreateClassResetClassAdapter - Creating brand-new static initializer in class io/netty/util/internal/shaded/org/jctools/queues/atomic/BaseMpscLinkedAtomicArrayQueuePad1
13:35:03.335 [main] INFO org.evosuite.runtime.instrumentation.EvoClassLoader - Keeping class: io.netty.util.internal.shaded.org.jctools.queues.atomic.BaseMpscLinkedAtomicArrayQueuePad1
13:35:03.335 [main] INFO org.evosuite.runtime.instrumentation.EvoClassLoader - Keeping class: io.netty.util.internal.shaded.org.jctools.queues.atomic.BaseMpscLinkedAtomicArrayQueueProducerFields
13:35:03.335 [main] INFO org.evosuite.runtime.instrumentation.EvoClassLoader - Keeping class: io.netty.util.internal.shaded.org.jctools.queues.atomic.BaseMpscLinkedAtomicArrayQueuePad2
13:35:03.335 [main] INFO org.evosuite.runtime.instrumentation.EvoClassLoader - Keeping class: io.netty.util.internal.shaded.org.jctools.queues.atomic.BaseMpscLinkedAtomicArrayQueueConsumerFields
13:35:03.336 [main] INFO org.evosuite.runtime.instrumentation.EvoClassLoader - Keeping class: io.netty.util.internal.shaded.org.jctools.queues.atomic.BaseMpscLinkedAtomicArrayQueuePad3
13:35:03.336 [main] INFO org.evosuite.runtime.instrumentation.EvoClassLoader - Keeping class: io.netty.util.internal.shaded.org.jctools.queues.atomic.BaseMpscLinkedAtomicArrayQueueColdProducerFields
13:35:03.336 [main] INFO org.evosuite.runtime.instrumentation.EvoClassLoader - Keeping class: io.netty.util.internal.shaded.org.jctools.queues.atomic.BaseMpscLinkedAtomicArrayQueue
13:35:03.336 [main] INFO org.evosuite.runtime.instrumentation.EvoClassLoader - Keeping class: io.netty.util.internal.shaded.org.jctools.queues.atomic.MpscChunkedAtomicArrayQueueColdProducerFields
13:35:03.340 [main] INFO org.evosuite.runtime.instrumentation.EvoClassLoader - Seeing class for first time: io.netty.util.internal.shaded.org.jctools.util.RangeUtil
13:35:03.340 [main] INFO org.evosuite.runtime.instrumentation.EvoClassLoader - Instrumenting class 'io.netty.util.internal.shaded.org.jctools.util.RangeUtil'.
13:35:03.341 [main] INFO org.evosuite.runtime.instrumentation.MethodCallReplacementClassAdapter - Adding mock interface to class io/netty/util/internal/shaded/org/jctools/util/RangeUtil
13:35:03.344 [main] INFO org.evosuite.runtime.instrumentation.CreateClassResetClassAdapter - Creating brand-new static initializer in class io/netty/util/internal/shaded/org/jctools/util/RangeUtil
13:35:03.345 [main] INFO org.evosuite.runtime.instrumentation.EvoClassLoader - Keeping class: io.netty.util.internal.shaded.org.jctools.util.RangeUtil
13:35:03.346 [main] INFO org.evosuite.runtime.instrumentation.EvoClassLoader - Seeing class for first time: io.netty.util.Recycler$1
13:35:03.346 [main] INFO org.evosuite.runtime.instrumentation.EvoClassLoader - Instrumenting class 'io.netty.util.Recycler$1'.
13:35:03.346 [main] INFO org.evosuite.runtime.instrumentation.MethodCallReplacementClassAdapter - Adding mock interface to class io/netty/util/Recycler$1
13:35:03.347 [main] INFO org.evosuite.runtime.instrumentation.EvoClassLoader - Seeing class for first time: io.netty.util.Recycler$EnhancedHandle
13:35:03.347 [main] INFO org.evosuite.runtime.instrumentation.EvoClassLoader - Instrumenting class 'io.netty.util.Recycler$EnhancedHandle'.
13:35:03.348 [main] INFO org.evosuite.runtime.instrumentation.MethodCallReplacementClassAdapter - Adding mock interface to class io/netty/util/Recycler$EnhancedHandle
13:35:03.348 [main] INFO org.evosuite.runtime.instrumentation.CreateClassResetClassAdapter - Creating brand-new static initializer in class io/netty/util/Recycler$EnhancedHandle
13:35:03.348 [main] INFO org.evosuite.runtime.instrumentation.EvoClassLoader - Seeing class for first time: io.netty.util.Recycler$Handle
13:35:03.348 [main] INFO org.evosuite.runtime.instrumentation.EvoClassLoader - Instrumenting class 'io.netty.util.Recycler$Handle'.
13:35:03.349 [main] INFO org.evosuite.runtime.instrumentation.EvoClassLoader - Seeing class for first time: io.netty.util.internal.ObjectPool$Handle
13:35:03.349 [main] INFO org.evosuite.runtime.instrumentation.EvoClassLoader - Instrumenting class 'io.netty.util.internal.ObjectPool$Handle'.
13:35:03.350 [main] INFO org.evosuite.runtime.instrumentation.EvoClassLoader - Keeping class: io.netty.util.internal.ObjectPool$Handle
13:35:03.350 [main] INFO org.evosuite.runtime.instrumentation.EvoClassLoader - Keeping class: io.netty.util.Recycler$Handle
13:35:03.350 [main] INFO org.evosuite.runtime.instrumentation.EvoClassLoader - Keeping class: io.netty.util.Recycler$EnhancedHandle
13:35:03.350 [main] INFO org.evosuite.runtime.instrumentation.EvoClassLoader - Keeping class: io.netty.util.Recycler$1
13:35:03.351 [main] INFO org.evosuite.runtime.instrumentation.EvoClassLoader - Seeing class for first time: io.netty.util.Recycler$2
13:35:03.351 [main] INFO org.evosuite.runtime.instrumentation.EvoClassLoader - Instrumenting class 'io.netty.util.Recycler$2'.
13:35:03.352 [main] INFO org.evosuite.runtime.instrumentation.MethodCallReplacementClassAdapter - Adding mock interface to class io/netty/util/Recycler$2
13:35:03.353 [main] INFO org.evosuite.runtime.instrumentation.EvoClassLoader - Keeping class: io.netty.util.Recycler$2
13:35:03.354 [main] INFO org.evosuite.runtime.instrumentation.EvoClassLoader - Seeing class for first time: io.netty.handler.codec.http.multipart.FileUpload
13:35:03.354 [main] INFO org.evosuite.runtime.instrumentation.EvoClassLoader - Instrumenting class 'io.netty.handler.codec.http.multipart.FileUpload'.
13:35:03.356 [main] INFO org.evosuite.runtime.instrumentation.EvoClassLoader - Keeping class: io.netty.handler.codec.http.multipart.FileUpload
13:35:03.357 [main] INFO org.evosuite.runtime.instrumentation.EvoClassLoader - Seeing class for first time: io.netty.buffer.PooledDuplicatedByteBuf
13:35:03.357 [main] INFO org.evosuite.runtime.instrumentation.EvoClassLoader - Instrumenting class 'io.netty.buffer.PooledDuplicatedByteBuf'.
13:35:03.358 [main] INFO org.evosuite.runtime.instrumentation.MethodCallReplacementClassAdapter - Adding mock interface to class io/netty/buffer/PooledDuplicatedByteBuf
13:35:03.359 [main] INFO org.evosuite.runtime.instrumentation.CreateClassResetClassAdapter - Found static initializer in class io/netty/buffer/PooledDuplicatedByteBuf
13:35:03.359 [main] INFO org.evosuite.runtime.instrumentation.EvoClassLoader - Seeing class for first time: io.netty.buffer.AbstractPooledDerivedByteBuf
13:35:03.360 [main] INFO org.evosuite.runtime.instrumentation.EvoClassLoader - Instrumenting class 'io.netty.buffer.AbstractPooledDerivedByteBuf'.
13:35:03.360 [main] INFO org.evosuite.runtime.instrumentation.MethodCallReplacementClassAdapter - Adding mock interface to class io/netty/buffer/AbstractPooledDerivedByteBuf
13:35:03.361 [main] INFO org.evosuite.runtime.instrumentation.CreateClassResetClassAdapter - Found static initializer in class io/netty/buffer/AbstractPooledDerivedByteBuf
13:35:03.362 [main] INFO org.evosuite.runtime.instrumentation.EvoClassLoader - Keeping class: io.netty.buffer.AbstractPooledDerivedByteBuf
13:35:03.362 [main] INFO org.evosuite.runtime.instrumentation.EvoClassLoader - Keeping class: io.netty.buffer.PooledDuplicatedByteBuf
13:35:03.362 [main] INFO org.evosuite.runtime.instrumentation.EvoClassLoader - Seeing class for first time: io.netty.buffer.PooledSlicedByteBuf
13:35:03.362 [main] INFO org.evosuite.runtime.instrumentation.EvoClassLoader - Instrumenting class 'io.netty.buffer.PooledSlicedByteBuf'.
13:35:03.363 [main] INFO org.evosuite.runtime.instrumentation.MethodCallReplacementClassAdapter - Adding mock interface to class io/netty/buffer/PooledSlicedByteBuf
13:35:03.365 [main] INFO org.evosuite.runtime.instrumentation.CreateClassResetClassAdapter - Found static initializer in class io/netty/buffer/PooledSlicedByteBuf
13:35:03.365 [main] INFO org.evosuite.runtime.instrumentation.EvoClassLoader - Keeping class: io.netty.buffer.PooledSlicedByteBuf
13:35:03.366 [main] INFO org.evosuite.runtime.instrumentation.EvoClassLoader - Seeing class for first time: io.netty.buffer.AbstractPooledDerivedByteBuf$PooledNonRetainedDuplicateByteBuf
13:35:03.366 [main] INFO org.evosuite.runtime.instrumentation.EvoClassLoader - Instrumenting class 'io.netty.buffer.AbstractPooledDerivedByteBuf$PooledNonRetainedDuplicateByteBuf'.
13:35:03.368 [main] INFO org.evosuite.runtime.instrumentation.MethodCallReplacementClassAdapter - Adding mock interface to class io/netty/buffer/AbstractPooledDerivedByteBuf$PooledNonRetainedDuplicateByteBuf
13:35:03.369 [main] INFO org.evosuite.runtime.instrumentation.CreateClassResetClassAdapter - Creating brand-new static initializer in class io/netty/buffer/AbstractPooledDerivedByteBuf$PooledNonRetainedDuplicateByteBuf
13:35:03.370 [main] INFO org.evosuite.runtime.instrumentation.EvoClassLoader - Keeping class: io.netty.buffer.AbstractPooledDerivedByteBuf$PooledNonRetainedDuplicateByteBuf
13:35:03.370 [main] INFO org.evosuite.runtime.instrumentation.EvoClassLoader - Seeing class for first time: io.netty.buffer.AbstractPooledDerivedByteBuf$PooledNonRetainedSlicedByteBuf
13:35:03.370 [main] INFO org.evosuite.runtime.instrumentation.EvoClassLoader - Instrumenting class 'io.netty.buffer.AbstractPooledDerivedByteBuf$PooledNonRetainedSlicedByteBuf'.
13:35:03.371 [main] INFO org.evosuite.runtime.instrumentation.MethodCallReplacementClassAdapter - Adding mock interface to class io/netty/buffer/AbstractPooledDerivedByteBuf$PooledNonRetainedSlicedByteBuf
13:35:03.372 [main] INFO org.evosuite.runtime.instrumentation.CreateClassResetClassAdapter - Creating brand-new static initializer in class io/netty/buffer/AbstractPooledDerivedByteBuf$PooledNonRetainedSlicedByteBuf
13:35:03.373 [main] INFO org.evosuite.runtime.instrumentation.EvoClassLoader - Keeping class: io.netty.buffer.AbstractPooledDerivedByteBuf$PooledNonRetainedSlicedByteBuf
13:35:03.374 [main] INFO org.evosuite.runtime.instrumentation.EvoClassLoader - Seeing class for first time: io.netty.util.internal.shaded.org.jctools.util.UnsafeRefArrayAccess
13:35:03.374 [main] INFO org.evosuite.runtime.instrumentation.EvoClassLoader - Instrumenting class 'io.netty.util.internal.shaded.org.jctools.util.UnsafeRefArrayAccess'.
13:35:03.376 [main] INFO org.evosuite.runtime.instrumentation.MethodCallReplacementClassAdapter - Adding mock interface to class io/netty/util/internal/shaded/org/jctools/util/UnsafeRefArrayAccess
13:35:03.377 [main] INFO org.evosuite.runtime.instrumentation.CreateClassResetClassAdapter - Found static initializer in class io/netty/util/internal/shaded/org/jctools/util/UnsafeRefArrayAccess
13:35:03.380 [main] INFO org.evosuite.runtime.instrumentation.EvoClassLoader - Keeping class: io.netty.util.internal.shaded.org.jctools.util.UnsafeRefArrayAccess
13:35:03.381 [main] INFO org.evosuite.runtime.instrumentation.EvoClassLoader - Seeing class for first time: io.netty.buffer.UnsafeHeapSwappedByteBuf
13:35:03.381 [main] INFO org.evosuite.runtime.instrumentation.EvoClassLoader - Instrumenting class 'io.netty.buffer.UnsafeHeapSwappedByteBuf'.
13:35:03.383 [main] INFO org.evosuite.runtime.instrumentation.MethodCallReplacementClassAdapter - Adding mock interface to class io/netty/buffer/UnsafeHeapSwappedByteBuf
13:35:03.384 [main] INFO org.evosuite.runtime.instrumentation.CreateClassResetClassAdapter - Creating brand-new static initializer in class io/netty/buffer/UnsafeHeapSwappedByteBuf
13:35:03.384 [main] INFO org.evosuite.runtime.instrumentation.EvoClassLoader - Keeping class: io.netty.buffer.UnsafeHeapSwappedByteBuf
13:35:03.386 [main] INFO org.evosuite.runtime.instrumentation.EvoClassLoader - Seeing class for first time: io.netty.handler.codec.http.HttpHeaderNames
13:35:03.386 [main] INFO org.evosuite.runtime.instrumentation.EvoClassLoader - Instrumenting class 'io.netty.handler.codec.http.HttpHeaderNames'.
13:35:03.387 [main] INFO org.evosuite.runtime.instrumentation.MethodCallReplacementClassAdapter - Adding mock interface to class io/netty/handler/codec/http/HttpHeaderNames
13:35:03.388 [main] INFO org.evosuite.runtime.instrumentation.CreateClassResetClassAdapter - Found static initializer in class io/netty/handler/codec/http/HttpHeaderNames
13:35:03.390 [main] INFO org.evosuite.runtime.instrumentation.EvoClassLoader - Keeping class: io.netty.handler.codec.http.HttpHeaderNames
13:35:03.391 [main] INFO org.evosuite.runtime.instrumentation.EvoClassLoader - Seeing class for first time: io.netty.util.AsciiString$CharEqualityComparator
13:35:03.391 [main] INFO org.evosuite.runtime.instrumentation.EvoClassLoader - Instrumenting class 'io.netty.util.AsciiString$CharEqualityComparator'.
13:35:03.392 [main] INFO org.evosuite.runtime.instrumentation.EvoClassLoader - Keeping class: io.netty.util.AsciiString$CharEqualityComparator
13:35:03.392 [main] INFO org.evosuite.runtime.instrumentation.EvoClassLoader - Seeing class for first time: io.netty.util.HashingStrategy
13:35:03.392 [main] INFO org.evosuite.runtime.instrumentation.EvoClassLoader - Instrumenting class 'io.netty.util.HashingStrategy'.
13:35:03.393 [main] INFO org.evosuite.runtime.instrumentation.EvoClassLoader - Keeping class: io.netty.util.HashingStrategy
13:35:03.395 [main] INFO org.evosuite.runtime.instrumentation.EvoClassLoader - Seeing class for first time: io.netty.util.internal.MathUtil
13:35:03.395 [main] INFO org.evosuite.runtime.instrumentation.EvoClassLoader - Instrumenting class 'io.netty.util.internal.MathUtil'.
13:35:03.396 [main] INFO org.evosuite.runtime.instrumentation.MethodCallReplacementClassAdapter - Adding mock interface to class io/netty/util/internal/MathUtil
13:35:03.397 [main] INFO org.evosuite.runtime.instrumentation.CreateClassResetClassAdapter - Found static initializer in class io/netty/util/internal/MathUtil
13:35:03.397 [main] INFO org.evosuite.runtime.instrumentation.EvoClassLoader - Keeping class: io.netty.util.internal.MathUtil
13:35:03.397 [main] INFO org.evosuite.runtime.instrumentation.EvoClassLoader - Seeing class for first time: io.netty.util.AsciiString$1
13:35:03.397 [main] INFO org.evosuite.runtime.instrumentation.EvoClassLoader - Instrumenting class 'io.netty.util.AsciiString$1'.
13:35:03.398 [main] INFO org.evosuite.runtime.instrumentation.MethodCallReplacementClassAdapter - Adding mock interface to class io/netty/util/AsciiString$1
13:35:03.399 [main] INFO org.evosuite.runtime.instrumentation.EvoClassLoader - Keeping class: io.netty.util.AsciiString$1
13:35:03.399 [main] INFO org.evosuite.runtime.instrumentation.EvoClassLoader - Seeing class for first time: io.netty.util.AsciiString$2
13:35:03.399 [main] INFO org.evosuite.runtime.instrumentation.EvoClassLoader - Instrumenting class 'io.netty.util.AsciiString$2'.
13:35:03.400 [main] INFO org.evosuite.runtime.instrumentation.MethodCallReplacementClassAdapter - Adding mock interface to class io/netty/util/AsciiString$2
13:35:03.400 [main] INFO org.evosuite.runtime.instrumentation.EvoClassLoader - Keeping class: io.netty.util.AsciiString$2
13:35:03.402 [main] INFO org.evosuite.runtime.instrumentation.EvoClassLoader - Seeing class for first time: io.netty.buffer.ByteBufUtil
13:35:03.402 [main] INFO org.evosuite.runtime.instrumentation.EvoClassLoader - Instrumenting class 'io.netty.buffer.ByteBufUtil'.
13:35:03.404 [main] INFO org.evosuite.runtime.instrumentation.MethodCallReplacementClassAdapter - Adding mock interface to class io/netty/buffer/ByteBufUtil
13:35:03.414 [main] INFO org.evosuite.runtime.instrumentation.CreateClassResetClassAdapter - Found static initializer in class io/netty/buffer/ByteBufUtil
13:35:03.435 [main] INFO org.evosuite.runtime.instrumentation.EvoClassLoader - Keeping class: io.netty.buffer.ByteBufUtil
13:35:03.436 [main] INFO org.evosuite.runtime.instrumentation.EvoClassLoader - Seeing class for first time: io.netty.buffer.ByteBufUtil$1
13:35:03.436 [main] INFO org.evosuite.runtime.instrumentation.EvoClassLoader - Instrumenting class 'io.netty.buffer.ByteBufUtil$1'.
13:35:03.437 [main] INFO org.evosuite.runtime.instrumentation.MethodCallReplacementClassAdapter - Adding mock interface to class io/netty/buffer/ByteBufUtil$1
13:35:03.438 [main] INFO org.evosuite.runtime.instrumentation.EvoClassLoader - Keeping class: io.netty.buffer.ByteBufUtil$1
13:35:03.438 [main] INFO org.evosuite.runtime.instrumentation.EvoClassLoader - Seeing class for first time: io.netty.buffer.ByteBufUtil$ThreadLocalUnsafeDirectByteBuf
13:35:03.438 [main] INFO org.evosuite.runtime.instrumentation.EvoClassLoader - Instrumenting class 'io.netty.buffer.ByteBufUtil$ThreadLocalUnsafeDirectByteBuf'.
13:35:03.439 [main] INFO org.evosuite.runtime.instrumentation.MethodCallReplacementClassAdapter - Adding mock interface to class io/netty/buffer/ByteBufUtil$ThreadLocalUnsafeDirectByteBuf
13:35:03.439 [main] INFO org.evosuite.runtime.instrumentation.CreateClassResetClassAdapter - Found static initializer in class io/netty/buffer/ByteBufUtil$ThreadLocalUnsafeDirectByteBuf
13:35:03.440 [main] INFO org.evosuite.runtime.instrumentation.EvoClassLoader - Keeping class: io.netty.buffer.ByteBufUtil$ThreadLocalUnsafeDirectByteBuf
13:35:03.440 [main] INFO org.evosuite.runtime.instrumentation.EvoClassLoader - Seeing class for first time: io.netty.buffer.ByteBufUtil$ThreadLocalDirectByteBuf
13:35:03.440 [main] INFO org.evosuite.runtime.instrumentation.EvoClassLoader - Instrumenting class 'io.netty.buffer.ByteBufUtil$ThreadLocalDirectByteBuf'.
13:35:03.441 [main] INFO org.evosuite.runtime.instrumentation.MethodCallReplacementClassAdapter - Adding mock interface to class io/netty/buffer/ByteBufUtil$ThreadLocalDirectByteBuf
13:35:03.441 [main] INFO org.evosuite.runtime.instrumentation.CreateClassResetClassAdapter - Found static initializer in class io/netty/buffer/ByteBufUtil$ThreadLocalDirectByteBuf
13:35:03.442 [main] INFO org.evosuite.runtime.instrumentation.EvoClassLoader - Keeping class: io.netty.buffer.ByteBufUtil$ThreadLocalDirectByteBuf
13:35:03.443 [main] INFO org.evosuite.runtime.instrumentation.EvoClassLoader - Seeing class for first time: io.netty.util.CharsetUtil
13:35:03.443 [main] INFO org.evosuite.runtime.instrumentation.EvoClassLoader - Instrumenting class 'io.netty.util.CharsetUtil'.
13:35:03.444 [main] INFO org.evosuite.runtime.instrumentation.MethodCallReplacementClassAdapter - Adding mock interface to class io/netty/util/CharsetUtil
13:35:03.445 [main] INFO org.evosuite.runtime.instrumentation.CreateClassResetClassAdapter - Found static initializer in class io/netty/util/CharsetUtil
13:35:03.445 [main] INFO org.evosuite.runtime.instrumentation.EvoClassLoader - Keeping class: io.netty.util.CharsetUtil
13:35:03.446 [main] DEBUG io.netty.buffer.ByteBufUtil - -Dio.netty.allocator.type: pooled
13:35:03.447 [main] DEBUG io.netty.buffer.ByteBufUtil - -Dio.netty.threadLocalDirectBufferSize: 0
13:35:03.447 [main] DEBUG io.netty.buffer.ByteBufUtil - -Dio.netty.maxThreadLocalCharBufferSize: 16384
13:35:03.447 [main] INFO org.evosuite.runtime.instrumentation.EvoClassLoader - Seeing class for first time: io.netty.buffer.ByteBufUtil$2
13:35:03.447 [main] INFO org.evosuite.runtime.instrumentation.EvoClassLoader - Instrumenting class 'io.netty.buffer.ByteBufUtil$2'.
13:35:03.448 [main] INFO org.evosuite.runtime.instrumentation.MethodCallReplacementClassAdapter - Adding mock interface to class io/netty/buffer/ByteBufUtil$2
13:35:03.448 [main] INFO org.evosuite.runtime.instrumentation.EvoClassLoader - Keeping class: io.netty.buffer.ByteBufUtil$2
13:35:03.451 [main] INFO org.evosuite.runtime.instrumentation.EvoClassLoader - Seeing class for first time: io.netty.handler.codec.http.HttpConstants
13:35:03.451 [main] INFO org.evosuite.runtime.instrumentation.EvoClassLoader - Instrumenting class 'io.netty.handler.codec.http.HttpConstants'.
13:35:03.452 [main] INFO org.evosuite.runtime.instrumentation.MethodCallReplacementClassAdapter - Adding mock interface to class io/netty/handler/codec/http/HttpConstants
13:35:03.452 [main] INFO org.evosuite.runtime.instrumentation.CreateClassResetClassAdapter - Found static initializer in class io/netty/handler/codec/http/HttpConstants
13:35:03.453 [main] INFO org.evosuite.runtime.instrumentation.EvoClassLoader - Keeping class: io.netty.handler.codec.http.HttpConstants
13:35:03.457 [main] INFO org.evosuite.runtime.instrumentation.EvoClassLoader - Seeing class for first time: io.netty.handler.codec.http.multipart.DiskFileUpload
13:35:03.457 [main] INFO org.evosuite.runtime.instrumentation.EvoClassLoader - Instrumenting class 'io.netty.handler.codec.http.multipart.DiskFileUpload'.
13:35:03.458 [main] INFO org.evosuite.runtime.instrumentation.MethodCallReplacementClassAdapter - Adding mock interface to class io/netty/handler/codec/http/multipart/DiskFileUpload
13:35:03.459 [main] INFO org.evosuite.runtime.instrumentation.CreateClassResetClassAdapter - Found static initializer in class io/netty/handler/codec/http/multipart/DiskFileUpload
13:35:03.460 [main] INFO org.evosuite.runtime.instrumentation.EvoClassLoader - Keeping class: io.netty.handler.codec.http.multipart.DiskFileUpload
13:35:03.462 [main] INFO org.evosuite.runtime.instrumentation.EvoClassLoader - Seeing class for first time: io.netty.util.internal.ObjectPool$ObjectCreator
13:35:03.462 [main] INFO org.evosuite.runtime.instrumentation.EvoClassLoader - Instrumenting class 'io.netty.util.internal.ObjectPool$ObjectCreator'.
13:35:03.463 [main] INFO org.evosuite.runtime.instrumentation.EvoClassLoader - Keeping class: io.netty.util.internal.ObjectPool$ObjectCreator
13:35:03.464 [main] INFO org.evosuite.runtime.instrumentation.EvoClassLoader - Seeing class for first time: io.netty.buffer.PooledDuplicatedByteBuf$1
13:35:03.464 [main] INFO org.evosuite.runtime.instrumentation.EvoClassLoader - Instrumenting class 'io.netty.buffer.PooledDuplicatedByteBuf$1'.
13:35:03.467 [main] INFO org.evosuite.runtime.instrumentation.MethodCallReplacementClassAdapter - Adding mock interface to class io/netty/buffer/PooledDuplicatedByteBuf$1
13:35:03.468 [main] INFO org.evosuite.runtime.instrumentation.EvoClassLoader - Keeping class: io.netty.buffer.PooledDuplicatedByteBuf$1
13:35:03.469 [main] DEBUG io.netty.util.Recycler - -Dio.netty.recycler.maxCapacityPerThread: 4096
13:35:03.469 [main] DEBUG io.netty.util.Recycler - -Dio.netty.recycler.ratio: 8
13:35:03.469 [main] DEBUG io.netty.util.Recycler - -Dio.netty.recycler.chunkSize: 32
13:35:03.469 [main] DEBUG io.netty.util.Recycler - -Dio.netty.recycler.blocking: false
13:35:03.469 [main] DEBUG io.netty.util.Recycler - -Dio.netty.recycler.batchFastThreadLocalOnly: true
13:35:03.478 [main] INFO org.evosuite.runtime.instrumentation.EvoClassLoader - Seeing class for first time: io.netty.buffer.PooledUnsafeDirectByteBuf$1
13:35:03.478 [main] INFO org.evosuite.runtime.instrumentation.EvoClassLoader - Instrumenting class 'io.netty.buffer.PooledUnsafeDirectByteBuf$1'.
13:35:03.479 [main] INFO org.evosuite.runtime.instrumentation.MethodCallReplacementClassAdapter - Adding mock interface to class io/netty/buffer/PooledUnsafeDirectByteBuf$1
13:35:03.480 [main] INFO org.evosuite.runtime.instrumentation.EvoClassLoader - Keeping class: io.netty.buffer.PooledUnsafeDirectByteBuf$1
13:35:03.481 [main] INFO org.evosuite.runtime.instrumentation.EvoClassLoader - Seeing class for first time: io.netty.util.HashingStrategy$1
13:35:03.481 [main] INFO org.evosuite.runtime.instrumentation.EvoClassLoader - Instrumenting class 'io.netty.util.HashingStrategy$1'.
13:35:03.482 [main] INFO org.evosuite.runtime.instrumentation.MethodCallReplacementClassAdapter - Adding mock interface to class io/netty/util/HashingStrategy$1
13:35:03.483 [main] INFO org.evosuite.runtime.instrumentation.EvoClassLoader - Keeping class: io.netty.util.HashingStrategy$1
13:35:03.484 [main] INFO org.evosuite.runtime.instrumentation.EvoClassLoader - Seeing class for first time: io.netty.util.internal.shaded.org.jctools.queues.MessagePassingQueueUtil
13:35:03.484 [main] INFO org.evosuite.runtime.instrumentation.EvoClassLoader - Instrumenting class 'io.netty.util.internal.shaded.org.jctools.queues.MessagePassingQueueUtil'.
13:35:03.486 [main] INFO org.evosuite.runtime.instrumentation.MethodCallReplacementClassAdapter - Adding mock interface to class io/netty/util/internal/shaded/org/jctools/queues/MessagePassingQueueUtil
13:35:03.491 [main] INFO org.evosuite.runtime.instrumentation.CreateClassResetClassAdapter - Creating brand-new static initializer in class io/netty/util/internal/shaded/org/jctools/queues/MessagePassingQueueUtil
13:35:03.491 [main] INFO org.evosuite.runtime.instrumentation.EvoClassLoader - Keeping class: io.netty.util.internal.shaded.org.jctools.queues.MessagePassingQueueUtil
13:35:03.493 [main] INFO org.evosuite.runtime.instrumentation.EvoClassLoader - Seeing class for first time: io.netty.util.internal.shaded.org.jctools.queues.BaseMpscLinkedArrayQueue
13:35:03.493 [main] INFO org.evosuite.runtime.instrumentation.EvoClassLoader - Instrumenting class 'io.netty.util.internal.shaded.org.jctools.queues.BaseMpscLinkedArrayQueue'.
13:35:03.495 [main] INFO org.evosuite.runtime.instrumentation.MethodCallReplacementClassAdapter - Adding mock interface to class io/netty/util/internal/shaded/org/jctools/queues/BaseMpscLinkedArrayQueue
13:35:03.500 [main] INFO org.evosuite.runtime.instrumentation.CreateClassResetClassAdapter - Found static initializer in class io/netty/util/internal/shaded/org/jctools/queues/BaseMpscLinkedArrayQueue
13:35:03.501 [main] INFO org.evosuite.runtime.instrumentation.EvoClassLoader - Seeing class for first time: io.netty.util.internal.shaded.org.jctools.queues.BaseMpscLinkedArrayQueueColdProducerFields
13:35:03.501 [main] INFO org.evosuite.runtime.instrumentation.EvoClassLoader - Instrumenting class 'io.netty.util.internal.shaded.org.jctools.queues.BaseMpscLinkedArrayQueueColdProducerFields'.
13:35:03.503 [main] INFO org.evosuite.runtime.instrumentation.MethodCallReplacementClassAdapter - Adding mock interface to class io/netty/util/internal/shaded/org/jctools/queues/BaseMpscLinkedArrayQueueColdProducerFields
13:35:03.504 [main] INFO org.evosuite.runtime.instrumentation.CreateClassResetClassAdapter - Found static initializer in class io/netty/util/internal/shaded/org/jctools/queues/BaseMpscLinkedArrayQueueColdProducerFields
13:35:03.504 [main] INFO org.evosuite.runtime.instrumentation.EvoClassLoader - Seeing class for first time: io.netty.util.internal.shaded.org.jctools.queues.BaseMpscLinkedArrayQueuePad3
13:35:03.504 [main] INFO org.evosuite.runtime.instrumentation.EvoClassLoader - Instrumenting class 'io.netty.util.internal.shaded.org.jctools.queues.BaseMpscLinkedArrayQueuePad3'.
13:35:03.506 [main] INFO org.evosuite.runtime.instrumentation.MethodCallReplacementClassAdapter - Adding mock interface to class io/netty/util/internal/shaded/org/jctools/queues/BaseMpscLinkedArrayQueuePad3
13:35:03.507 [main] INFO org.evosuite.runtime.instrumentation.CreateClassResetClassAdapter - Creating brand-new static initializer in class io/netty/util/internal/shaded/org/jctools/queues/BaseMpscLinkedArrayQueuePad3
13:35:03.507 [main] INFO org.evosuite.runtime.instrumentation.EvoClassLoader - Keeping class: io.netty.util.internal.shaded.org.jctools.queues.BaseMpscLinkedArrayQueuePad3
13:35:03.508 [main] INFO org.evosuite.runtime.instrumentation.EvoClassLoader - Keeping class: io.netty.util.internal.shaded.org.jctools.queues.BaseMpscLinkedArrayQueueColdProducerFields
13:35:03.508 [main] INFO org.evosuite.runtime.instrumentation.EvoClassLoader - Keeping class: io.netty.util.internal.shaded.org.jctools.queues.BaseMpscLinkedArrayQueue
13:35:03.513 [main] INFO org.evosuite.runtime.instrumentation.EvoClassLoader - Seeing class for first time: io.netty.util.internal.shaded.org.jctools.queues.atomic.MpscUnboundedAtomicArrayQueue
13:35:03.513 [main] INFO org.evosuite.runtime.instrumentation.EvoClassLoader - Instrumenting class 'io.netty.util.internal.shaded.org.jctools.queues.atomic.MpscUnboundedAtomicArrayQueue'.
13:35:03.513 [main] INFO org.evosuite.runtime.instrumentation.MethodCallReplacementClassAdapter - Adding mock interface to class io/netty/util/internal/shaded/org/jctools/queues/atomic/MpscUnboundedAtomicArrayQueue
13:35:03.514 [main] INFO org.evosuite.runtime.instrumentation.CreateClassResetClassAdapter - Creating brand-new static initializer in class io/netty/util/internal/shaded/org/jctools/queues/atomic/MpscUnboundedAtomicArrayQueue
13:35:03.514 [main] INFO org.evosuite.runtime.instrumentation.EvoClassLoader - Keeping class: io.netty.util.internal.shaded.org.jctools.queues.atomic.MpscUnboundedAtomicArrayQueue
13:35:03.515 [main] INFO org.evosuite.runtime.instrumentation.EvoClassLoader - Seeing class for first time: io.netty.buffer.UnsafeByteBufUtil
13:35:03.515 [main] INFO org.evosuite.runtime.instrumentation.EvoClassLoader - Instrumenting class 'io.netty.buffer.UnsafeByteBufUtil'.
13:35:03.516 [main] INFO org.evosuite.runtime.instrumentation.MethodCallReplacementClassAdapter - Adding mock interface to class io/netty/buffer/UnsafeByteBufUtil
13:35:03.521 [main] INFO org.evosuite.runtime.instrumentation.CreateClassResetClassAdapter - Found static initializer in class io/netty/buffer/UnsafeByteBufUtil
13:35:03.523 [main] INFO org.evosuite.runtime.instrumentation.EvoClassLoader - Keeping class: io.netty.buffer.UnsafeByteBufUtil
13:35:03.525 [main] INFO org.evosuite.runtime.instrumentation.EvoClassLoader - Seeing class for first time: io.netty.util.Recycler$LocalPool
13:35:03.525 [main] INFO org.evosuite.runtime.instrumentation.EvoClassLoader - Instrumenting class 'io.netty.util.Recycler$LocalPool'.
13:35:03.527 [main] INFO org.evosuite.runtime.instrumentation.MethodCallReplacementClassAdapter - Adding mock interface to class io/netty/util/Recycler$LocalPool
13:35:03.528 [main] INFO org.evosuite.runtime.instrumentation.CreateClassResetClassAdapter - Creating brand-new static initializer in class io/netty/util/Recycler$LocalPool
13:35:03.529 [main] INFO org.evosuite.runtime.instrumentation.EvoClassLoader - Keeping class: io.netty.util.Recycler$LocalPool
13:35:03.531 [main] INFO org.evosuite.runtime.instrumentation.EvoClassLoader - Seeing class for first time: io.netty.buffer.PooledDirectByteBuf$1
13:35:03.531 [main] INFO org.evosuite.runtime.instrumentation.EvoClassLoader - Instrumenting class 'io.netty.buffer.PooledDirectByteBuf$1'.
13:35:03.532 [main] INFO org.evosuite.runtime.instrumentation.MethodCallReplacementClassAdapter - Adding mock interface to class io/netty/buffer/PooledDirectByteBuf$1
13:35:03.533 [main] INFO org.evosuite.runtime.instrumentation.EvoClassLoader - Keeping class: io.netty.buffer.PooledDirectByteBuf$1
13:35:03.537 [main] INFO org.evosuite.runtime.instrumentation.EvoClassLoader - Seeing class for first time: io.netty.buffer.PooledSlicedByteBuf$1
13:35:03.537 [main] INFO org.evosuite.runtime.instrumentation.EvoClassLoader - Instrumenting class 'io.netty.buffer.PooledSlicedByteBuf$1'.
13:35:03.538 [main] INFO org.evosuite.runtime.instrumentation.MethodCallReplacementClassAdapter - Adding mock interface to class io/netty/buffer/PooledSlicedByteBuf$1
13:35:03.539 [main] INFO org.evosuite.runtime.instrumentation.EvoClassLoader - Keeping class: io.netty.buffer.PooledSlicedByteBuf$1
13:35:03.540 [main] INFO org.evosuite.runtime.instrumentation.EvoClassLoader - Seeing class for first time: io.netty.channel.ChannelException$StacklessChannelException
13:35:03.540 [main] INFO org.evosuite.runtime.instrumentation.EvoClassLoader - Instrumenting class 'io.netty.channel.ChannelException$StacklessChannelException'.
13:35:03.541 [main] INFO org.evosuite.runtime.instrumentation.MethodCallReplacementClassAdapter - Adding mock interface to class io/netty/channel/ChannelException$StacklessChannelException
13:35:03.541 [main] INFO org.evosuite.runtime.instrumentation.CreateClassResetClassAdapter - Creating brand-new static initializer in class io/netty/channel/ChannelException$StacklessChannelException
13:35:03.543 [main] INFO org.evosuite.runtime.instrumentation.EvoClassLoader - Keeping class: io.netty.channel.ChannelException$StacklessChannelException
13:35:03.545 [main] INFO org.evosuite.runtime.instrumentation.EvoClassLoader - Seeing class for first time: io.netty.util.internal.shaded.org.jctools.util.Pow2
13:35:03.545 [main] INFO org.evosuite.runtime.instrumentation.EvoClassLoader - Instrumenting class 'io.netty.util.internal.shaded.org.jctools.util.Pow2'.
13:35:03.546 [main] INFO org.evosuite.runtime.instrumentation.MethodCallReplacementClassAdapter - Adding mock interface to class io/netty/util/internal/shaded/org/jctools/util/Pow2
13:35:03.549 [main] INFO org.evosuite.runtime.instrumentation.CreateClassResetClassAdapter - Creating brand-new static initializer in class io/netty/util/internal/shaded/org/jctools/util/Pow2
13:35:03.549 [main] INFO org.evosuite.runtime.instrumentation.CreateClassResetClassAdapter - Adding bytecode for initializing field MAX_POW2
13:35:03.550 [main] INFO org.evosuite.runtime.instrumentation.EvoClassLoader - Keeping class: io.netty.util.internal.shaded.org.jctools.util.Pow2
13:35:03.553 [main] INFO org.evosuite.runtime.instrumentation.EvoClassLoader - Seeing class for first time: io.netty.util.Recycler$DefaultHandle
13:35:03.553 [main] INFO org.evosuite.runtime.instrumentation.EvoClassLoader - Instrumenting class 'io.netty.util.Recycler$DefaultHandle'.
13:35:03.554 [main] INFO org.evosuite.runtime.instrumentation.MethodCallReplacementClassAdapter - Adding mock interface to class io/netty/util/Recycler$DefaultHandle
13:35:03.560 [main] INFO org.evosuite.runtime.instrumentation.CreateClassResetClassAdapter - Found static initializer in class io/netty/util/Recycler$DefaultHandle
13:35:03.561 [main] INFO org.evosuite.runtime.instrumentation.EvoClassLoader - Keeping class: io.netty.util.Recycler$DefaultHandle
13:35:03.562 [main] INFO org.evosuite.runtime.instrumentation.EvoClassLoader - Seeing class for first time: io.netty.util.internal.PlatformDependent$Mpsc
13:35:03.562 [main] INFO org.evosuite.runtime.instrumentation.EvoClassLoader - Instrumenting class 'io.netty.util.internal.PlatformDependent$Mpsc'.
13:35:03.563 [main] INFO org.evosuite.runtime.instrumentation.MethodCallReplacementClassAdapter - Adding mock interface to class io/netty/util/internal/PlatformDependent$Mpsc
13:35:03.583 [main] INFO org.evosuite.runtime.instrumentation.CreateClassResetClassAdapter - Found static initializer in class io/netty/util/internal/PlatformDependent$Mpsc
13:35:03.584 [main] INFO org.evosuite.runtime.instrumentation.EvoClassLoader - Keeping class: io.netty.util.internal.PlatformDependent$Mpsc
13:35:03.584 [main] INFO org.evosuite.runtime.instrumentation.EvoClassLoader - Seeing class for first time: io.netty.util.internal.shaded.org.jctools.queues.MpscUnboundedArrayQueue
13:35:03.584 [main] INFO org.evosuite.runtime.instrumentation.EvoClassLoader - Instrumenting class 'io.netty.util.internal.shaded.org.jctools.queues.MpscUnboundedArrayQueue'.
13:35:03.586 [main] INFO org.evosuite.runtime.instrumentation.MethodCallReplacementClassAdapter - Adding mock interface to class io/netty/util/internal/shaded/org/jctools/queues/MpscUnboundedArrayQueue
13:35:03.587 [main] INFO org.evosuite.runtime.instrumentation.CreateClassResetClassAdapter - Creating brand-new static initializer in class io/netty/util/internal/shaded/org/jctools/queues/MpscUnboundedArrayQueue
13:35:03.587 [main] INFO org.evosuite.runtime.instrumentation.EvoClassLoader - Keeping class: io.netty.util.internal.shaded.org.jctools.queues.MpscUnboundedArrayQueue
13:35:03.587 [main] INFO org.evosuite.runtime.instrumentation.EvoClassLoader - Seeing class for first time: io.netty.util.internal.shaded.org.jctools.queues.MpscChunkedArrayQueue
13:35:03.588 [main] INFO org.evosuite.runtime.instrumentation.EvoClassLoader - Instrumenting class 'io.netty.util.internal.shaded.org.jctools.queues.MpscChunkedArrayQueue'.
13:35:03.589 [main] INFO org.evosuite.runtime.instrumentation.MethodCallReplacementClassAdapter - Adding mock interface to class io/netty/util/internal/shaded/org/jctools/queues/MpscChunkedArrayQueue
13:35:03.590 [main] INFO org.evosuite.runtime.instrumentation.CreateClassResetClassAdapter - Creating brand-new static initializer in class io/netty/util/internal/shaded/org/jctools/queues/MpscChunkedArrayQueue
13:35:03.590 [main] INFO org.evosuite.runtime.instrumentation.EvoClassLoader - Seeing class for first time: io.netty.util.internal.shaded.org.jctools.queues.MpscChunkedArrayQueueColdProducerFields
13:35:03.590 [main] INFO org.evosuite.runtime.instrumentation.EvoClassLoader - Instrumenting class 'io.netty.util.internal.shaded.org.jctools.queues.MpscChunkedArrayQueueColdProducerFields'.
13:35:03.591 [main] INFO org.evosuite.runtime.instrumentation.MethodCallReplacementClassAdapter - Adding mock interface to class io/netty/util/internal/shaded/org/jctools/queues/MpscChunkedArrayQueueColdProducerFields
13:35:03.592 [main] INFO org.evosuite.runtime.instrumentation.CreateClassResetClassAdapter - Creating brand-new static initializer in class io/netty/util/internal/shaded/org/jctools/queues/MpscChunkedArrayQueueColdProducerFields
13:35:03.592 [main] INFO org.evosuite.runtime.instrumentation.EvoClassLoader - Keeping class: io.netty.util.internal.shaded.org.jctools.queues.MpscChunkedArrayQueueColdProducerFields
13:35:03.593 [main] INFO org.evosuite.runtime.instrumentation.EvoClassLoader - Keeping class: io.netty.util.internal.shaded.org.jctools.queues.MpscChunkedArrayQueue
13:35:03.593 [main] INFO org.evosuite.runtime.instrumentation.EvoClassLoader - Seeing class for first time: io.netty.util.internal.shaded.org.jctools.queues.atomic.MpscChunkedAtomicArrayQueue
13:35:03.593 [main] INFO org.evosuite.runtime.instrumentation.EvoClassLoader - Instrumenting class 'io.netty.util.internal.shaded.org.jctools.queues.atomic.MpscChunkedAtomicArrayQueue'.
13:35:03.594 [main] INFO org.evosuite.runtime.instrumentation.MethodCallReplacementClassAdapter - Adding mock interface to class io/netty/util/internal/shaded/org/jctools/queues/atomic/MpscChunkedAtomicArrayQueue
13:35:03.595 [main] INFO org.evosuite.runtime.instrumentation.CreateClassResetClassAdapter - Creating brand-new static initializer in class io/netty/util/internal/shaded/org/jctools/queues/atomic/MpscChunkedAtomicArrayQueue
13:35:03.596 [main] INFO org.evosuite.runtime.instrumentation.EvoClassLoader - Keeping class: io.netty.util.internal.shaded.org.jctools.queues.atomic.MpscChunkedAtomicArrayQueue
13:35:03.596 [main] INFO org.evosuite.runtime.instrumentation.EvoClassLoader - Seeing class for first time: io.netty.util.internal.PlatformDependent$Mpsc$1
13:35:03.596 [main] INFO org.evosuite.runtime.instrumentation.EvoClassLoader - Instrumenting class 'io.netty.util.internal.PlatformDependent$Mpsc$1'.
13:35:03.597 [main] INFO org.evosuite.runtime.instrumentation.MethodCallReplacementClassAdapter - Adding mock interface to class io/netty/util/internal/PlatformDependent$Mpsc$1
13:35:03.598 [main] INFO org.evosuite.runtime.instrumentation.EvoClassLoader - Keeping class: io.netty.util.internal.PlatformDependent$Mpsc$1
13:35:03.598 [main] DEBUG io.netty.util.internal.PlatformDependent - org.jctools-core.MpscChunkedArrayQueue: available
13:35:03.600 [main] INFO org.evosuite.runtime.instrumentation.EvoClassLoader - Seeing class for first time: io.netty.util.ByteProcessor$IndexOfProcessor
13:35:03.601 [main] INFO org.evosuite.runtime.instrumentation.EvoClassLoader - Instrumenting class 'io.netty.util.ByteProcessor$IndexOfProcessor'.
13:35:03.602 [main] INFO org.evosuite.runtime.instrumentation.MethodCallReplacementClassAdapter - Adding mock interface to class io/netty/util/ByteProcessor$IndexOfProcessor
13:35:03.603 [main] INFO org.evosuite.runtime.instrumentation.CreateClassResetClassAdapter - Creating brand-new static initializer in class io/netty/util/ByteProcessor$IndexOfProcessor
13:35:03.603 [main] INFO org.evosuite.runtime.instrumentation.EvoClassLoader - Keeping class: io.netty.util.ByteProcessor$IndexOfProcessor
13:35:03.603 [main] INFO org.evosuite.runtime.instrumentation.EvoClassLoader - Seeing class for first time: io.netty.util.ByteProcessor$IndexNotOfProcessor
13:35:03.603 [main] INFO org.evosuite.runtime.instrumentation.EvoClassLoader - Instrumenting class 'io.netty.util.ByteProcessor$IndexNotOfProcessor'.
13:35:03.604 [main] INFO org.evosuite.runtime.instrumentation.MethodCallReplacementClassAdapter - Adding mock interface to class io/netty/util/ByteProcessor$IndexNotOfProcessor
13:35:03.605 [main] INFO org.evosuite.runtime.instrumentation.CreateClassResetClassAdapter - Creating brand-new static initializer in class io/netty/util/ByteProcessor$IndexNotOfProcessor
13:35:03.605 [main] INFO org.evosuite.runtime.instrumentation.EvoClassLoader - Keeping class: io.netty.util.ByteProcessor$IndexNotOfProcessor
13:35:03.605 [main] INFO org.evosuite.runtime.instrumentation.EvoClassLoader - Seeing class for first time: io.netty.util.ByteProcessor$1
13:35:03.605 [main] INFO org.evosuite.runtime.instrumentation.EvoClassLoader - Instrumenting class 'io.netty.util.ByteProcessor$1'.
13:35:03.606 [main] INFO org.evosuite.runtime.instrumentation.MethodCallReplacementClassAdapter - Adding mock interface to class io/netty/util/ByteProcessor$1
13:35:03.607 [main] INFO org.evosuite.runtime.instrumentation.EvoClassLoader - Keeping class: io.netty.util.ByteProcessor$1
13:35:03.607 [main] INFO org.evosuite.runtime.instrumentation.EvoClassLoader - Seeing class for first time: io.netty.util.ByteProcessor$2
13:35:03.607 [main] INFO org.evosuite.runtime.instrumentation.EvoClassLoader - Instrumenting class 'io.netty.util.ByteProcessor$2'.
13:35:03.608 [main] INFO org.evosuite.runtime.instrumentation.MethodCallReplacementClassAdapter - Adding mock interface to class io/netty/util/ByteProcessor$2
13:35:03.610 [main] INFO org.evosuite.runtime.instrumentation.EvoClassLoader - Keeping class: io.netty.util.ByteProcessor$2
13:35:03.610 [main] INFO org.evosuite.runtime.instrumentation.EvoClassLoader - Seeing class for first time: io.netty.util.ByteProcessor$3
13:35:03.610 [main] INFO org.evosuite.runtime.instrumentation.EvoClassLoader - Instrumenting class 'io.netty.util.ByteProcessor$3'.
13:35:03.611 [main] INFO org.evosuite.runtime.instrumentation.MethodCallReplacementClassAdapter - Adding mock interface to class io/netty/util/ByteProcessor$3
13:35:03.612 [main] INFO org.evosuite.runtime.instrumentation.EvoClassLoader - Keeping class: io.netty.util.ByteProcessor$3
13:35:03.612 [main] INFO org.evosuite.runtime.instrumentation.EvoClassLoader - Seeing class for first time: io.netty.util.ByteProcessor$4
13:35:03.612 [main] INFO org.evosuite.runtime.instrumentation.EvoClassLoader - Instrumenting class 'io.netty.util.ByteProcessor$4'.
13:35:03.613 [main] INFO org.evosuite.runtime.instrumentation.MethodCallReplacementClassAdapter - Adding mock interface to class io/netty/util/ByteProcessor$4
13:35:03.614 [main] INFO org.evosuite.runtime.instrumentation.EvoClassLoader - Keeping class: io.netty.util.ByteProcessor$4
13:35:03.616 [main] INFO org.evosuite.runtime.instrumentation.EvoClassLoader - Seeing class for first time: io.netty.util.internal.RecyclableArrayList$1
13:35:03.616 [main] INFO org.evosuite.runtime.instrumentation.EvoClassLoader - Instrumenting class 'io.netty.util.internal.RecyclableArrayList$1'.
13:35:03.617 [main] INFO org.evosuite.runtime.instrumentation.MethodCallReplacementClassAdapter - Adding mock interface to class io/netty/util/internal/RecyclableArrayList$1
13:35:03.618 [main] INFO org.evosuite.runtime.instrumentation.EvoClassLoader - Keeping class: io.netty.util.internal.RecyclableArrayList$1
13:35:03.621 [main] INFO org.evosuite.runtime.instrumentation.EvoClassLoader - Seeing class for first time: io.netty.buffer.CompositeByteBuf$ByteWrapper
13:35:03.621 [main] INFO org.evosuite.runtime.instrumentation.EvoClassLoader - Instrumenting class 'io.netty.buffer.CompositeByteBuf$ByteWrapper'.
13:35:03.622 [main] INFO org.evosuite.runtime.instrumentation.EvoClassLoader - Keeping class: io.netty.buffer.CompositeByteBuf$ByteWrapper
13:35:03.629 [main] INFO org.evosuite.runtime.instrumentation.EvoClassLoader - Seeing class for first time: io.netty.buffer.CompositeByteBuf$1
13:35:03.629 [main] INFO org.evosuite.runtime.instrumentation.EvoClassLoader - Instrumenting class 'io.netty.buffer.CompositeByteBuf$1'.
13:35:03.629 [main] INFO org.evosuite.runtime.instrumentation.MethodCallReplacementClassAdapter - Adding mock interface to class io/netty/buffer/CompositeByteBuf$1
13:35:03.635 [main] INFO org.evosuite.runtime.instrumentation.EvoClassLoader - Keeping class: io.netty.buffer.CompositeByteBuf$1
13:35:03.636 [main] INFO org.evosuite.runtime.instrumentation.EvoClassLoader - Seeing class for first time: io.netty.buffer.CompositeByteBuf$2
13:35:03.636 [main] INFO org.evosuite.runtime.instrumentation.EvoClassLoader - Instrumenting class 'io.netty.buffer.CompositeByteBuf$2'.
13:35:03.636 [main] INFO org.evosuite.runtime.instrumentation.MethodCallReplacementClassAdapter - Adding mock interface to class io/netty/buffer/CompositeByteBuf$2
13:35:03.637 [main] INFO org.evosuite.runtime.instrumentation.EvoClassLoader - Keeping class: io.netty.buffer.CompositeByteBuf$2
13:35:03.640 [main] INFO org.evosuite.runtime.instrumentation.EvoClassLoader - Seeing class for first time: io.netty.handler.codec.http.multipart.Attribute
13:35:03.640 [main] INFO org.evosuite.runtime.instrumentation.EvoClassLoader - Instrumenting class 'io.netty.handler.codec.http.multipart.Attribute'.
13:35:03.642 [main] INFO org.evosuite.runtime.instrumentation.EvoClassLoader - Keeping class: io.netty.handler.codec.http.multipart.Attribute
13:35:03.644 [main] INFO org.evosuite.runtime.instrumentation.EvoClassLoader - Seeing class for first time: io.netty.handler.codec.http.multipart.DiskAttribute
13:35:03.644 [main] INFO org.evosuite.runtime.instrumentation.EvoClassLoader - Instrumenting class 'io.netty.handler.codec.http.multipart.DiskAttribute'.
13:35:03.645 [main] INFO org.evosuite.runtime.instrumentation.MethodCallReplacementClassAdapter - Adding mock interface to class io/netty/handler/codec/http/multipart/DiskAttribute
13:35:03.646 [main] INFO org.evosuite.runtime.instrumentation.CreateClassResetClassAdapter - Found static initializer in class io/netty/handler/codec/http/multipart/DiskAttribute
13:35:03.647 [main] INFO org.evosuite.runtime.instrumentation.EvoClassLoader - Keeping class: io.netty.handler.codec.http.multipart.DiskAttribute
13:35:03.649 [main] INFO org.evosuite.runtime.instrumentation.EvoClassLoader - Seeing class for first time: io.netty.util.internal.RecyclableArrayList
13:35:03.649 [main] INFO org.evosuite.runtime.instrumentation.EvoClassLoader - Instrumenting class 'io.netty.util.internal.RecyclableArrayList'.
13:35:03.649 [main] INFO org.evosuite.runtime.instrumentation.MethodCallReplacementClassAdapter - Adding mock interface to class io/netty/util/internal/RecyclableArrayList
13:35:03.652 [main] INFO org.evosuite.runtime.instrumentation.CreateClassResetClassAdapter - Found static initializer in class io/netty/util/internal/RecyclableArrayList
13:35:03.661 [main] INFO org.evosuite.runtime.instrumentation.EvoClassLoader - Keeping class: io.netty.util.internal.RecyclableArrayList
13:35:03.663 [main] INFO org.evosuite.runtime.instrumentation.EvoClassLoader - Seeing class for first time: io.netty.handler.codec.http.HttpHeaderValues
13:35:03.663 [main] INFO org.evosuite.runtime.instrumentation.EvoClassLoader - Instrumenting class 'io.netty.handler.codec.http.HttpHeaderValues'.
13:35:03.664 [main] INFO org.evosuite.runtime.instrumentation.MethodCallReplacementClassAdapter - Adding mock interface to class io/netty/handler/codec/http/HttpHeaderValues
13:35:03.665 [main] INFO org.evosuite.runtime.instrumentation.CreateClassResetClassAdapter - Found static initializer in class io/netty/handler/codec/http/HttpHeaderValues
13:35:03.666 [main] INFO org.evosuite.runtime.instrumentation.EvoClassLoader - Keeping class: io.netty.handler.codec.http.HttpHeaderValues
13:35:03.668 [main] INFO org.evosuite.runtime.instrumentation.EvoClassLoader - Seeing class for first time: io.netty.handler.codec.http.multipart.InternalAttribute
13:35:03.668 [main] INFO org.evosuite.runtime.instrumentation.EvoClassLoader - Instrumenting class 'io.netty.handler.codec.http.multipart.InternalAttribute'.
13:35:03.669 [main] INFO org.evosuite.runtime.instrumentation.MethodCallReplacementClassAdapter - Adding mock interface to class io/netty/handler/codec/http/multipart/InternalAttribute
13:35:03.670 [main] INFO org.evosuite.runtime.instrumentation.CreateClassResetClassAdapter - Creating brand-new static initializer in class io/netty/handler/codec/http/multipart/InternalAttribute
13:35:03.671 [main] INFO org.evosuite.runtime.instrumentation.EvoClassLoader - Keeping class: io.netty.handler.codec.http.multipart.InternalAttribute
13:35:03.673 [main] INFO org.evosuite.runtime.instrumentation.EvoClassLoader - Seeing class for first time: io.netty.util.internal.shaded.org.jctools.queues.MessagePassingQueue$WaitStrategy
13:35:03.673 [main] INFO org.evosuite.runtime.instrumentation.EvoClassLoader - Instrumenting class 'io.netty.util.internal.shaded.org.jctools.queues.MessagePassingQueue$WaitStrategy'.
13:35:03.675 [main] INFO org.evosuite.runtime.instrumentation.EvoClassLoader - Keeping class: io.netty.util.internal.shaded.org.jctools.queues.MessagePassingQueue$WaitStrategy
13:35:03.675 [main] INFO org.evosuite.runtime.instrumentation.EvoClassLoader - Seeing class for first time: io.netty.util.internal.shaded.org.jctools.queues.MessagePassingQueue$ExitCondition
13:35:03.675 [main] INFO org.evosuite.runtime.instrumentation.EvoClassLoader - Instrumenting class 'io.netty.util.internal.shaded.org.jctools.queues.MessagePassingQueue$ExitCondition'.
13:35:03.677 [main] INFO org.evosuite.runtime.instrumentation.EvoClassLoader - Keeping class: io.netty.util.internal.shaded.org.jctools.queues.MessagePassingQueue$ExitCondition
13:35:03.677 [main] INFO org.evosuite.runtime.instrumentation.EvoClassLoader - Seeing class for first time: io.netty.util.internal.shaded.org.jctools.queues.MessagePassingQueue$Supplier
13:35:03.677 [main] INFO org.evosuite.runtime.instrumentation.EvoClassLoader - Instrumenting class 'io.netty.util.internal.shaded.org.jctools.queues.MessagePassingQueue$Supplier'.
13:35:03.678 [main] INFO org.evosuite.runtime.instrumentation.EvoClassLoader - Keeping class: io.netty.util.internal.shaded.org.jctools.queues.MessagePassingQueue$Supplier
13:35:03.678 [main] INFO org.evosuite.runtime.instrumentation.EvoClassLoader - Seeing class for first time: io.netty.util.internal.logging.InternalLogLevel
13:35:03.678 [main] INFO org.evosuite.runtime.instrumentation.EvoClassLoader - Instrumenting class 'io.netty.util.internal.logging.InternalLogLevel'.
13:35:03.679 [main] INFO org.evosuite.runtime.instrumentation.MethodCallReplacementClassAdapter - Adding mock interface to class io/netty/util/internal/logging/InternalLogLevel
13:35:03.679 [main] INFO org.evosuite.runtime.instrumentation.CreateClassResetClassAdapter - Found static initializer in class io/netty/util/internal/logging/InternalLogLevel
13:35:03.680 [main] INFO org.evosuite.runtime.instrumentation.EvoClassLoader - Keeping class: io.netty.util.internal.logging.InternalLogLevel
13:35:03.681 [main] INFO org.evosuite.runtime.instrumentation.EvoClassLoader - Seeing class for first time: io.netty.buffer.FixedCompositeByteBuf$Component
13:35:03.681 [main] INFO org.evosuite.runtime.instrumentation.EvoClassLoader - Instrumenting class 'io.netty.buffer.FixedCompositeByteBuf$Component'.
13:35:03.681 [main] INFO org.evosuite.runtime.instrumentation.MethodCallReplacementClassAdapter - Adding mock interface to class io/netty/buffer/FixedCompositeByteBuf$Component
13:35:03.682 [main] INFO org.evosuite.runtime.instrumentation.CreateClassResetClassAdapter - Creating brand-new static initializer in class io/netty/buffer/FixedCompositeByteBuf$Component
13:35:03.682 [main] INFO org.evosuite.runtime.instrumentation.EvoClassLoader - Keeping class: io.netty.buffer.FixedCompositeByteBuf$Component
13:35:03.684 [main] INFO org.evosuite.runtime.instrumentation.EvoClassLoader - Seeing class for first time: io.netty.buffer.PoolChunk
13:35:03.684 [main] INFO org.evosuite.runtime.instrumentation.EvoClassLoader - Instrumenting class 'io.netty.buffer.PoolChunk'.
13:35:03.686 [main] INFO org.evosuite.runtime.instrumentation.MethodCallReplacementClassAdapter - Adding mock interface to class io/netty/buffer/PoolChunk
13:35:03.690 [main] INFO org.evosuite.runtime.instrumentation.CreateClassResetClassAdapter - Found static initializer in class io/netty/buffer/PoolChunk
13:35:03.690 [main] INFO org.evosuite.runtime.instrumentation.EvoClassLoader - Seeing class for first time: io.netty.buffer.PoolChunkMetric
13:35:03.690 [main] INFO org.evosuite.runtime.instrumentation.EvoClassLoader - Instrumenting class 'io.netty.buffer.PoolChunkMetric'.
13:35:03.692 [main] INFO org.evosuite.runtime.instrumentation.EvoClassLoader - Keeping class: io.netty.buffer.PoolChunkMetric
13:35:03.692 [main] INFO org.evosuite.runtime.instrumentation.EvoClassLoader - Keeping class: io.netty.buffer.PoolChunk
13:35:03.694 [main] INFO org.evosuite.runtime.instrumentation.EvoClassLoader - Seeing class for first time: io.netty.buffer.PoolThreadCache$MemoryRegionCache
13:35:03.694 [main] INFO org.evosuite.runtime.instrumentation.EvoClassLoader - Instrumenting class 'io.netty.buffer.PoolThreadCache$MemoryRegionCache'.
13:35:03.695 [main] INFO org.evosuite.runtime.instrumentation.MethodCallReplacementClassAdapter - Adding mock interface to class io/netty/buffer/PoolThreadCache$MemoryRegionCache
13:35:03.696 [main] INFO org.evosuite.runtime.instrumentation.CreateClassResetClassAdapter - Found static initializer in class io/netty/buffer/PoolThreadCache$MemoryRegionCache
13:35:03.696 [main] INFO org.evosuite.runtime.instrumentation.EvoClassLoader - Keeping class: io.netty.buffer.PoolThreadCache$MemoryRegionCache
13:35:03.696 [main] INFO org.evosuite.runtime.instrumentation.EvoClassLoader - Seeing class for first time: io.netty.buffer.PoolArena$SizeClass
13:35:03.696 [main] INFO org.evosuite.runtime.instrumentation.EvoClassLoader - Instrumenting class 'io.netty.buffer.PoolArena$SizeClass'.
13:35:03.697 [main] INFO org.evosuite.runtime.instrumentation.MethodCallReplacementClassAdapter - Adding mock interface to class io/netty/buffer/PoolArena$SizeClass
13:35:03.697 [main] INFO org.evosuite.runtime.instrumentation.CreateClassResetClassAdapter - Found static initializer in class io/netty/buffer/PoolArena$SizeClass
13:35:03.698 [main] INFO org.evosuite.runtime.instrumentation.EvoClassLoader - Keeping class: io.netty.buffer.PoolArena$SizeClass
13:35:03.698 [main] INFO org.evosuite.runtime.instrumentation.EvoClassLoader - Seeing class for first time: io.netty.util.internal.IntegerHolder
13:35:03.698 [main] INFO org.evosuite.runtime.instrumentation.EvoClassLoader - Instrumenting class 'io.netty.util.internal.IntegerHolder'.
13:35:03.699 [main] INFO org.evosuite.runtime.instrumentation.MethodCallReplacementClassAdapter - Adding mock interface to class io/netty/util/internal/IntegerHolder
13:35:03.699 [main] INFO org.evosuite.runtime.instrumentation.CreateClassResetClassAdapter - Creating brand-new static initializer in class io/netty/util/internal/IntegerHolder
13:35:03.699 [main] INFO org.evosuite.runtime.instrumentation.EvoClassLoader - Keeping class: io.netty.util.internal.IntegerHolder
13:35:03.700 [main] INFO org.evosuite.runtime.instrumentation.EvoClassLoader - Seeing class for first time: io.netty.util.internal.ThreadLocalRandom
13:35:03.700 [main] INFO org.evosuite.runtime.instrumentation.EvoClassLoader - Instrumenting class 'io.netty.util.internal.ThreadLocalRandom'.
13:35:03.700 [main] INFO org.evosuite.runtime.instrumentation.MethodCallReplacementClassAdapter - Adding mock interface to class io/netty/util/internal/ThreadLocalRandom
13:35:03.734 [main] INFO org.evosuite.runtime.instrumentation.CreateClassResetClassAdapter - Found static initializer in class io/netty/util/internal/ThreadLocalRandom
13:35:03.735 [main] INFO org.evosuite.runtime.instrumentation.EvoClassLoader - Keeping class: io.netty.util.internal.ThreadLocalRandom
13:35:03.740 [main] INFO org.evosuite.runtime.instrumentation.EvoClassLoader - Seeing class for first time: io.netty.util.ResourceLeakDetector$DefaultResourceLeak
13:35:03.740 [main] INFO org.evosuite.runtime.instrumentation.EvoClassLoader - Instrumenting class 'io.netty.util.ResourceLeakDetector$DefaultResourceLeak'.
13:35:03.741 [main] INFO org.evosuite.runtime.instrumentation.MethodCallReplacementClassAdapter - Adding mock interface to class io/netty/util/ResourceLeakDetector$DefaultResourceLeak
13:35:03.742 [main] INFO org.evosuite.runtime.instrumentation.CreateClassResetClassAdapter - Found static initializer in class io/netty/util/ResourceLeakDetector$DefaultResourceLeak
13:35:03.743 [main] INFO org.evosuite.runtime.instrumentation.EvoClassLoader - Keeping class: io.netty.util.ResourceLeakDetector$DefaultResourceLeak
13:35:03.743 [main] INFO org.evosuite.runtime.instrumentation.EvoClassLoader - Seeing class for first time: io.netty.util.ResourceLeakDetector$LeakListener
13:35:03.743 [main] INFO org.evosuite.runtime.instrumentation.EvoClassLoader - Instrumenting class 'io.netty.util.ResourceLeakDetector$LeakListener'.
13:35:03.744 [main] INFO org.evosuite.runtime.instrumentation.EvoClassLoader - Keeping class: io.netty.util.ResourceLeakDetector$LeakListener
13:35:03.772 [main] DEBUG io.netty.util.internal.logging.InternalLoggerFactory - Using SLF4J as the default logging framework
13:35:03.774 [main] DEBUG io.netty.util.internal.PlatformDependent0 - -Dio.netty.noUnsafe: false
13:35:03.774 [main] DEBUG io.netty.util.internal.PlatformDependent0 - Java version: 8
13:35:03.774 [main] DEBUG io.netty.util.internal.PlatformDependent0 - sun.misc.Unsafe.theUnsafe: available
13:35:03.774 [main] DEBUG io.netty.util.internal.PlatformDependent0 - sun.misc.Unsafe.copyMemory: available
13:35:03.774 [main] DEBUG io.netty.util.internal.PlatformDependent0 - sun.misc.Unsafe.storeFence: available
13:35:03.775 [main] DEBUG io.netty.util.internal.PlatformDependent0 - java.nio.Buffer.address: available
13:35:03.775 [main] DEBUG io.netty.util.internal.PlatformDependent0 - direct buffer constructor: available
13:35:03.775 [main] DEBUG io.netty.util.internal.PlatformDependent0 - java.nio.Bits.unaligned: available, true
13:35:03.775 [main] DEBUG io.netty.util.internal.PlatformDependent0 - jdk.internal.misc.Unsafe.allocateUninitializedArray(int): unavailable prior to Java9
13:35:03.775 [main] DEBUG io.netty.util.internal.PlatformDependent0 - java.nio.DirectByteBuffer.<init>(long, {int,long}): available
13:35:03.776 [main] DEBUG io.netty.util.internal.CleanerJava6 - java.nio.ByteBuffer.cleaner(): available
13:35:03.777 [main] DEBUG io.netty.util.internal.PlatformDependent - sun.misc.Unsafe: available
13:35:03.777 [main] DEBUG io.netty.util.internal.PlatformDependent - -Dio.netty.tmpdir: /tmp (java.io.tmpdir)
13:35:03.777 [main] DEBUG io.netty.util.internal.PlatformDependent - -Dio.netty.bitMode: 64 (sun.arch.data.model)
13:35:03.777 [main] DEBUG io.netty.util.internal.PlatformDependent - -Dio.netty.maxDirectMemory: 11420041216 bytes
13:35:03.777 [main] DEBUG io.netty.util.internal.PlatformDependent - -Dio.netty.uninitializedArrayAllocationThreshold: -1
13:35:03.777 [main] DEBUG io.netty.util.internal.PlatformDependent - -Dio.netty.noPreferDirect: false
13:35:03.779 [main] INFO org.evosuite.runtime.instrumentation.EvoClassLoader - Seeing class for first time: io.netty.util.internal.logging.Log4J2LoggerFactory
13:35:03.779 [main] INFO org.evosuite.runtime.instrumentation.EvoClassLoader - Instrumenting class 'io.netty.util.internal.logging.Log4J2LoggerFactory'.
13:35:03.780 [main] INFO org.evosuite.runtime.instrumentation.MethodCallReplacementClassAdapter - Adding mock interface to class io/netty/util/internal/logging/Log4J2LoggerFactory
13:35:03.780 [main] INFO org.evosuite.runtime.instrumentation.CreateClassResetClassAdapter - Found static initializer in class io/netty/util/internal/logging/Log4J2LoggerFactory
13:35:03.781 [main] INFO org.evosuite.runtime.instrumentation.EvoClassLoader - Keeping class: io.netty.util.internal.logging.Log4J2LoggerFactory
13:35:03.782 [main] INFO org.evosuite.runtime.instrumentation.EvoClassLoader - Seeing class for first time: io.netty.util.internal.logging.Log4JLoggerFactory
13:35:03.782 [main] INFO org.evosuite.runtime.instrumentation.EvoClassLoader - Instrumenting class 'io.netty.util.internal.logging.Log4JLoggerFactory'.
13:35:03.783 [main] INFO org.evosuite.runtime.instrumentation.MethodCallReplacementClassAdapter - Adding mock interface to class io/netty/util/internal/logging/Log4JLoggerFactory
13:35:03.783 [main] INFO org.evosuite.runtime.instrumentation.CreateClassResetClassAdapter - Found static initializer in class io/netty/util/internal/logging/Log4JLoggerFactory
13:35:03.783 [main] INFO org.evosuite.runtime.instrumentation.EvoClassLoader - Keeping class: io.netty.util.internal.logging.Log4JLoggerFactory
13:35:03.784 [main] INFO org.evosuite.runtime.instrumentation.EvoClassLoader - Seeing class for first time: io.netty.util.internal.logging.JdkLoggerFactory
13:35:03.784 [main] INFO org.evosuite.runtime.instrumentation.EvoClassLoader - Instrumenting class 'io.netty.util.internal.logging.JdkLoggerFactory'.
13:35:03.785 [main] INFO org.evosuite.runtime.instrumentation.MethodCallReplacementClassAdapter - Adding mock interface to class io/netty/util/internal/logging/JdkLoggerFactory
13:35:03.786 [main] INFO org.evosuite.runtime.instrumentation.CreateClassResetClassAdapter - Found static initializer in class io/netty/util/internal/logging/JdkLoggerFactory
13:35:03.786 [main] INFO org.evosuite.runtime.instrumentation.EvoClassLoader - Keeping class: io.netty.util.internal.logging.JdkLoggerFactory
13:35:03.787 [main] INFO org.evosuite.runtime.instrumentation.EvoClassLoader - Seeing class for first time: io.netty.util.internal.CleanerJava9$1
13:35:03.787 [main] INFO org.evosuite.runtime.instrumentation.EvoClassLoader - Instrumenting class 'io.netty.util.internal.CleanerJava9$1'.
13:35:03.788 [main] INFO org.evosuite.runtime.instrumentation.MethodCallReplacementClassAdapter - Adding mock interface to class io/netty/util/internal/CleanerJava9$1
13:35:03.789 [main] INFO org.evosuite.runtime.instrumentation.EvoClassLoader - Keeping class: io.netty.util.internal.CleanerJava9$1
13:35:03.789 [main] INFO org.evosuite.runtime.instrumentation.EvoClassLoader - Seeing class for first time: io.netty.util.internal.CleanerJava9
13:35:03.789 [main] INFO org.evosuite.runtime.instrumentation.EvoClassLoader - Instrumenting class 'io.netty.util.internal.CleanerJava9'.
13:35:03.790 [main] INFO org.evosuite.runtime.instrumentation.MethodCallReplacementClassAdapter - Adding mock interface to class io/netty/util/internal/CleanerJava9
13:35:03.791 [main] INFO org.evosuite.runtime.instrumentation.CreateClassResetClassAdapter - Found static initializer in class io/netty/util/internal/CleanerJava9
13:35:03.792 [main] INFO org.evosuite.runtime.instrumentation.EvoClassLoader - Keeping class: io.netty.util.internal.CleanerJava9
13:35:03.799 [main] DEBUG io.netty.util.internal.CleanerJava9 - java.nio.ByteBuffer.cleaner(): unavailable
java.lang.NoSuchMethodException: sun.misc.Unsafe.invokeCleaner(java.nio.ByteBuffer)
	at java.lang.Class.getDeclaredMethod(Class.java:2130)
	at io.netty.util.internal.CleanerJava9$1.run(CleanerJava9.java:45)
	at java.security.AccessController.doPrivileged(Native Method)
	at io.netty.util.internal.CleanerJava9.<clinit>(CleanerJava9.java)
	at sun.reflect.NativeMethodAccessorImpl.invoke0(Native Method)
	at sun.reflect.NativeMethodAccessorImpl.invoke(NativeMethodAccessorImpl.java:62)
	at sun.reflect.DelegatingMethodAccessorImpl.invoke(DelegatingMethodAccessorImpl.java:43)
	at java.lang.reflect.Method.invoke(Method.java:498)
	at org.evosuite.runtime.classhandling.ClassResetter.reset(ClassResetter.java:159)
	at org.evosuite.runtime.classhandling.ClassStateSupport.resetClasses(ClassStateSupport.java:137)
	at io.netty.handler.codec.http.multipart.AbstractDiskHttpData_ESTest_scaffolding.resetClasses(AbstractDiskHttpData_ESTest_scaffolding.java:318)
	at io.netty.handler.codec.http.multipart.AbstractDiskHttpData_ESTest_scaffolding.doneWithTestCase(AbstractDiskHttpData_ESTest_scaffolding.java:74)
	at sun.reflect.NativeMethodAccessorImpl.invoke0(Native Method)
	at sun.reflect.NativeMethodAccessorImpl.invoke(NativeMethodAccessorImpl.java:62)
	at sun.reflect.DelegatingMethodAccessorImpl.invoke(DelegatingMethodAccessorImpl.java:43)
	at java.lang.reflect.Method.invoke(Method.java:498)
	at org.junit.runners.model.FrameworkMethod$1.runReflectiveCall(FrameworkMethod.java:59)
	at org.junit.internal.runners.model.ReflectiveCallable.run(ReflectiveCallable.java:12)
	at org.junit.runners.model.FrameworkMethod.invokeExplosively(FrameworkMethod.java:56)
	at org.junit.internal.runners.statements.RunAfters.invokeMethod(RunAfters.java:46)
	at org.junit.internal.runners.statements.RunAfters.evaluate(RunAfters.java:33)
	at org.evosuite.runtime.vnet.NonFunctionalRequirementRule$1.evaluate(NonFunctionalRequirementRule.java:41)
	at org.junit.runners.ParentRunner$3.evaluate(ParentRunner.java:306)
	at org.junit.runners.BlockJUnit4ClassRunner$1.evaluate(BlockJUnit4ClassRunner.java:100)
	at org.junit.runners.ParentRunner.runLeaf(ParentRunner.java:366)
	at org.junit.runners.BlockJUnit4ClassRunner.runChild(BlockJUnit4ClassRunner.java:103)
	at org.junit.runners.BlockJUnit4ClassRunner.runChild(BlockJUnit4ClassRunner.java:63)
	at org.junit.runners.ParentRunner$4.run(ParentRunner.java:331)
	at org.junit.runners.ParentRunner$1.schedule(ParentRunner.java:79)
	at org.junit.runners.ParentRunner.runChildren(ParentRunner.java:329)
	at org.junit.runners.ParentRunner.access$100(ParentRunner.java:66)
	at org.junit.runners.ParentRunner$2.evaluate(ParentRunner.java:293)
	at org.junit.internal.runners.statements.RunBefores.evaluate(RunBefores.java:26)
	at org.junit.internal.runners.statements.RunAfters.evaluate(RunAfters.java:27)
	at org.junit.runners.ParentRunner$3.evaluate(ParentRunner.java:306)
	at org.junit.runners.ParentRunner.run(ParentRunner.java:413)
	at org.apache.maven.surefire.junit4.JUnit4Provider.execute(JUnit4Provider.java:316)
	at org.apache.maven.surefire.junit4.JUnit4Provider.executeWithRerun(JUnit4Provider.java:240)
	at org.apache.maven.surefire.junit4.JUnit4Provider.executeTestSet(JUnit4Provider.java:214)
	at org.apache.maven.surefire.junit4.JUnit4Provider.invoke(JUnit4Provider.java:155)
	at org.apache.maven.surefire.booter.ForkedBooter.runSuitesInProcess(ForkedBooter.java:385)
	at org.apache.maven.surefire.booter.ForkedBooter.execute(ForkedBooter.java:162)
	at org.apache.maven.surefire.booter.ForkedBooter.run(ForkedBooter.java:507)
	at org.apache.maven.surefire.booter.ForkedBooter.main(ForkedBooter.java:495)
13:35:03.800 [main] DEBUG io.netty.util.internal.CleanerJava9 - java.nio.ByteBuffer.cleaner(): unavailable
java.lang.NoSuchMethodException: sun.misc.Unsafe.invokeCleaner(java.nio.ByteBuffer)
	at java.lang.Class.getDeclaredMethod(Class.java:2130)
	at io.netty.util.internal.CleanerJava9$1.run(CleanerJava9.java:45)
	at java.security.AccessController.doPrivileged(Native Method)
	at io.netty.util.internal.CleanerJava9.__STATIC_RESET(CleanerJava9.java:40)
	at sun.reflect.NativeMethodAccessorImpl.invoke0(Native Method)
	at sun.reflect.NativeMethodAccessorImpl.invoke(NativeMethodAccessorImpl.java:62)
	at sun.reflect.DelegatingMethodAccessorImpl.invoke(DelegatingMethodAccessorImpl.java:43)
	at java.lang.reflect.Method.invoke(Method.java:498)
	at org.evosuite.runtime.classhandling.ClassResetter.reset(ClassResetter.java:159)
	at org.evosuite.runtime.classhandling.ClassStateSupport.resetClasses(ClassStateSupport.java:137)
	at io.netty.handler.codec.http.multipart.AbstractDiskHttpData_ESTest_scaffolding.resetClasses(AbstractDiskHttpData_ESTest_scaffolding.java:318)
	at io.netty.handler.codec.http.multipart.AbstractDiskHttpData_ESTest_scaffolding.doneWithTestCase(AbstractDiskHttpData_ESTest_scaffolding.java:74)
	at sun.reflect.NativeMethodAccessorImpl.invoke0(Native Method)
	at sun.reflect.NativeMethodAccessorImpl.invoke(NativeMethodAccessorImpl.java:62)
	at sun.reflect.DelegatingMethodAccessorImpl.invoke(DelegatingMethodAccessorImpl.java:43)
	at java.lang.reflect.Method.invoke(Method.java:498)
	at org.junit.runners.model.FrameworkMethod$1.runReflectiveCall(FrameworkMethod.java:59)
	at org.junit.internal.runners.model.ReflectiveCallable.run(ReflectiveCallable.java:12)
	at org.junit.runners.model.FrameworkMethod.invokeExplosively(FrameworkMethod.java:56)
	at org.junit.internal.runners.statements.RunAfters.invokeMethod(RunAfters.java:46)
	at org.junit.internal.runners.statements.RunAfters.evaluate(RunAfters.java:33)
	at org.evosuite.runtime.vnet.NonFunctionalRequirementRule$1.evaluate(NonFunctionalRequirementRule.java:41)
	at org.junit.runners.ParentRunner$3.evaluate(ParentRunner.java:306)
	at org.junit.runners.BlockJUnit4ClassRunner$1.evaluate(BlockJUnit4ClassRunner.java:100)
	at org.junit.runners.ParentRunner.runLeaf(ParentRunner.java:366)
	at org.junit.runners.BlockJUnit4ClassRunner.runChild(BlockJUnit4ClassRunner.java:103)
	at org.junit.runners.BlockJUnit4ClassRunner.runChild(BlockJUnit4ClassRunner.java:63)
	at org.junit.runners.ParentRunner$4.run(ParentRunner.java:331)
	at org.junit.runners.ParentRunner$1.schedule(ParentRunner.java:79)
	at org.junit.runners.ParentRunner.runChildren(ParentRunner.java:329)
	at org.junit.runners.ParentRunner.access$100(ParentRunner.java:66)
	at org.junit.runners.ParentRunner$2.evaluate(ParentRunner.java:293)
	at org.junit.internal.runners.statements.RunBefores.evaluate(RunBefores.java:26)
	at org.junit.internal.runners.statements.RunAfters.evaluate(RunAfters.java:27)
	at org.junit.runners.ParentRunner$3.evaluate(ParentRunner.java:306)
	at org.junit.runners.ParentRunner.run(ParentRunner.java:413)
	at org.apache.maven.surefire.junit4.JUnit4Provider.execute(JUnit4Provider.java:316)
	at org.apache.maven.surefire.junit4.JUnit4Provider.executeWithRerun(JUnit4Provider.java:240)
	at org.apache.maven.surefire.junit4.JUnit4Provider.executeTestSet(JUnit4Provider.java:214)
	at org.apache.maven.surefire.junit4.JUnit4Provider.invoke(JUnit4Provider.java:155)
	at org.apache.maven.surefire.booter.ForkedBooter.runSuitesInProcess(ForkedBooter.java:385)
	at org.apache.maven.surefire.booter.ForkedBooter.execute(ForkedBooter.java:162)
	at org.apache.maven.surefire.booter.ForkedBooter.run(ForkedBooter.java:507)
	at org.apache.maven.surefire.booter.ForkedBooter.main(ForkedBooter.java:495)
13:35:03.801 [main] INFO org.evosuite.runtime.instrumentation.EvoClassLoader - Seeing class for first time: io.netty.handler.codec.http.multipart.DeleteFileOnExitHook$1
13:35:03.801 [main] INFO org.evosuite.runtime.instrumentation.EvoClassLoader - Instrumenting class 'io.netty.handler.codec.http.multipart.DeleteFileOnExitHook$1'.
13:35:03.802 [main] INFO org.evosuite.runtime.instrumentation.MethodCallReplacementClassAdapter - Adding mock interface to class io/netty/handler/codec/http/multipart/DeleteFileOnExitHook$1
13:35:03.803 [main] INFO org.evosuite.runtime.instrumentation.EvoClassLoader - Keeping class: io.netty.handler.codec.http.multipart.DeleteFileOnExitHook$1
13:35:03.803 [main] INFO org.evosuite.runtime.instrumentation.EvoClassLoader - Seeing class for first time: io.netty.handler.codec.http.multipart.DeleteFileOnExitHook
13:35:03.803 [main] INFO org.evosuite.runtime.instrumentation.EvoClassLoader - Instrumenting class 'io.netty.handler.codec.http.multipart.DeleteFileOnExitHook'.
13:35:03.804 [main] INFO org.evosuite.runtime.instrumentation.MethodCallReplacementClassAdapter - Adding mock interface to class io/netty/handler/codec/http/multipart/DeleteFileOnExitHook
13:35:03.806 [main] INFO org.evosuite.runtime.instrumentation.CreateClassResetClassAdapter - Found static initializer in class io/netty/handler/codec/http/multipart/DeleteFileOnExitHook
13:35:03.806 [main] INFO org.evosuite.runtime.instrumentation.EvoClassLoader - Keeping class: io.netty.handler.codec.http.multipart.DeleteFileOnExitHook
13:35:03.811 [main] DEBUG io.netty.util.ResourceLeakDetector - -Dio.netty.leakDetection.level: simple
13:35:03.811 [main] DEBUG io.netty.util.ResourceLeakDetector - -Dio.netty.leakDetection.targetRecords: 4
13:35:03.820 [main] DEBUG io.netty.buffer.AbstractByteBuf - -Dio.netty.buffer.checkAccessible: true
13:35:03.820 [main] DEBUG io.netty.buffer.AbstractByteBuf - -Dio.netty.buffer.checkBounds: true
13:35:03.820 [main] DEBUG io.netty.util.ResourceLeakDetectorFactory - Loaded default ResourceLeakDetector: io.netty.util.ResourceLeakDetector@5
13:35:03.824 [main] DEBUG io.netty.util.internal.InternalThreadLocalMap - -Dio.netty.threadLocalMap.stringBuilder.initialSize: 1024
13:35:03.824 [main] DEBUG io.netty.util.internal.InternalThreadLocalMap - -Dio.netty.threadLocalMap.stringBuilder.maxSize: 4096
13:35:03.825 [main] DEBUG io.netty.buffer.PooledByteBufAllocator - -Dio.netty.allocator.numHeapArenas: 0
13:35:03.825 [main] DEBUG io.netty.buffer.PooledByteBufAllocator - -Dio.netty.allocator.numDirectArenas: 2
13:35:03.825 [main] DEBUG io.netty.buffer.PooledByteBufAllocator - -Dio.netty.allocator.pageSize: 8192
13:35:03.825 [main] DEBUG io.netty.buffer.PooledByteBufAllocator - -Dio.netty.allocator.maxOrder: 9
13:35:03.825 [main] DEBUG io.netty.buffer.PooledByteBufAllocator - -Dio.netty.allocator.chunkSize: 4194304
13:35:03.826 [main] DEBUG io.netty.buffer.PooledByteBufAllocator - -Dio.netty.allocator.smallCacheSize: 256
13:35:03.826 [main] DEBUG io.netty.buffer.PooledByteBufAllocator - -Dio.netty.allocator.normalCacheSize: 64
13:35:03.826 [main] DEBUG io.netty.buffer.PooledByteBufAllocator - -Dio.netty.allocator.maxCachedBufferCapacity: 32768
13:35:03.826 [main] DEBUG io.netty.buffer.PooledByteBufAllocator - -Dio.netty.allocator.cacheTrimInterval: 8192
13:35:03.826 [main] DEBUG io.netty.buffer.PooledByteBufAllocator - -Dio.netty.allocator.cacheTrimIntervalMillis: 0
13:35:03.826 [main] DEBUG io.netty.buffer.PooledByteBufAllocator - -Dio.netty.allocator.useCacheForAllThreads: false
13:35:03.826 [main] DEBUG io.netty.buffer.PooledByteBufAllocator - -Dio.netty.allocator.maxCachedByteBuffersPerChunk: 1023
13:35:03.826 [main] INFO org.evosuite.runtime.instrumentation.EvoClassLoader - Seeing class for first time: io.netty.handler.codec.http.multipart.AbstractMixedHttpData
13:35:03.826 [main] INFO org.evosuite.runtime.instrumentation.EvoClassLoader - Instrumenting class 'io.netty.handler.codec.http.multipart.AbstractMixedHttpData'.
13:35:03.827 [main] INFO org.evosuite.runtime.instrumentation.MethodCallReplacementClassAdapter - Adding mock interface to class io/netty/handler/codec/http/multipart/AbstractMixedHttpData
13:35:03.828 [main] INFO org.evosuite.runtime.instrumentation.CreateClassResetClassAdapter - Creating brand-new static initializer in class io/netty/handler/codec/http/multipart/AbstractMixedHttpData
13:35:03.829 [main] INFO org.evosuite.runtime.instrumentation.EvoClassLoader - Keeping class: io.netty.handler.codec.http.multipart.AbstractMixedHttpData
13:35:03.829 [main] INFO org.evosuite.runtime.instrumentation.EvoClassLoader - Seeing class for first time: io.netty.handler.codec.http.multipart.MixedFileUpload
13:35:03.829 [main] INFO org.evosuite.runtime.instrumentation.EvoClassLoader - Instrumenting class 'io.netty.handler.codec.http.multipart.MixedFileUpload'.
13:35:03.830 [main] INFO org.evosuite.runtime.instrumentation.MethodCallReplacementClassAdapter - Adding mock interface to class io/netty/handler/codec/http/multipart/MixedFileUpload
13:35:03.834 [main] INFO org.evosuite.runtime.instrumentation.CreateClassResetClassAdapter - Creating brand-new static initializer in class io/netty/handler/codec/http/multipart/MixedFileUpload
13:35:03.834 [main] INFO org.evosuite.runtime.instrumentation.EvoClassLoader - Keeping class: io.netty.handler.codec.http.multipart.MixedFileUpload
13:35:03.835 [main] INFO org.evosuite.runtime.instrumentation.EvoClassLoader - Seeing class for first time: io.netty.handler.codec.http.multipart.MemoryFileUpload
13:35:03.835 [main] INFO org.evosuite.runtime.instrumentation.EvoClassLoader - Instrumenting class 'io.netty.handler.codec.http.multipart.MemoryFileUpload'.
13:35:03.835 [main] INFO org.evosuite.runtime.instrumentation.MethodCallReplacementClassAdapter - Adding mock interface to class io/netty/handler/codec/http/multipart/MemoryFileUpload
13:35:03.837 [main] INFO org.evosuite.runtime.instrumentation.CreateClassResetClassAdapter - Creating brand-new static initializer in class io/netty/handler/codec/http/multipart/MemoryFileUpload
13:35:03.837 [main] INFO org.evosuite.runtime.instrumentation.EvoClassLoader - Seeing class for first time: io.netty.handler.codec.http.multipart.AbstractMemoryHttpData
13:35:03.837 [main] INFO org.evosuite.runtime.instrumentation.EvoClassLoader - Instrumenting class 'io.netty.handler.codec.http.multipart.AbstractMemoryHttpData'.
13:35:03.838 [main] INFO org.evosuite.runtime.instrumentation.MethodCallReplacementClassAdapter - Adding mock interface to class io/netty/handler/codec/http/multipart/AbstractMemoryHttpData
13:35:03.842 [main] INFO org.evosuite.runtime.instrumentation.CreateClassResetClassAdapter - Creating brand-new static initializer in class io/netty/handler/codec/http/multipart/AbstractMemoryHttpData
13:35:03.843 [main] INFO org.evosuite.runtime.instrumentation.EvoClassLoader - Keeping class: io.netty.handler.codec.http.multipart.AbstractMemoryHttpData
13:35:03.844 [main] INFO org.evosuite.runtime.instrumentation.EvoClassLoader - Keeping class: io.netty.handler.codec.http.multipart.MemoryFileUpload
13:35:03.846 [main] INFO org.evosuite.runtime.instrumentation.EvoClassLoader - Seeing class for first time: io.netty.handler.codec.http.multipart.FileUploadUtil
13:35:03.846 [main] INFO org.evosuite.runtime.instrumentation.EvoClassLoader - Instrumenting class 'io.netty.handler.codec.http.multipart.FileUploadUtil'.
13:35:03.847 [main] INFO org.evosuite.runtime.instrumentation.MethodCallReplacementClassAdapter - Adding mock interface to class io/netty/handler/codec/http/multipart/FileUploadUtil
13:35:03.848 [main] INFO org.evosuite.runtime.instrumentation.CreateClassResetClassAdapter - Creating brand-new static initializer in class io/netty/handler/codec/http/multipart/FileUploadUtil
13:35:03.848 [main] INFO org.evosuite.runtime.instrumentation.EvoClassLoader - Keeping class: io.netty.handler.codec.http.multipart.FileUploadUtil
13:35:03.849 [main] DEBUG io.netty.buffer.ByteBufUtil - -Dio.netty.allocator.type: pooled
13:35:03.849 [main] DEBUG io.netty.buffer.ByteBufUtil - -Dio.netty.threadLocalDirectBufferSize: 0
13:35:03.849 [main] DEBUG io.netty.buffer.ByteBufUtil - -Dio.netty.maxThreadLocalCharBufferSize: 16384
13:35:03.853 [main] INFO org.evosuite.runtime.instrumentation.EvoClassLoader - Seeing class for first time: io.netty.handler.codec.http.multipart.MixedAttribute
13:35:03.853 [main] INFO org.evosuite.runtime.instrumentation.EvoClassLoader - Instrumenting class 'io.netty.handler.codec.http.multipart.MixedAttribute'.
13:35:03.854 [main] INFO org.evosuite.runtime.instrumentation.MethodCallReplacementClassAdapter - Adding mock interface to class io/netty/handler/codec/http/multipart/MixedAttribute
13:35:03.856 [main] INFO org.evosuite.runtime.instrumentation.CreateClassResetClassAdapter - Creating brand-new static initializer in class io/netty/handler/codec/http/multipart/MixedAttribute
13:35:03.857 [main] INFO org.evosuite.runtime.instrumentation.EvoClassLoader - Keeping class: io.netty.handler.codec.http.multipart.MixedAttribute
13:35:03.858 [main] INFO org.evosuite.runtime.instrumentation.EvoClassLoader - Seeing class for first time: io.netty.handler.codec.http.multipart.MemoryAttribute
13:35:03.858 [main] INFO org.evosuite.runtime.instrumentation.EvoClassLoader - Instrumenting class 'io.netty.handler.codec.http.multipart.MemoryAttribute'.
13:35:03.859 [main] INFO org.evosuite.runtime.instrumentation.MethodCallReplacementClassAdapter - Adding mock interface to class io/netty/handler/codec/http/multipart/MemoryAttribute
13:35:03.861 [main] INFO org.evosuite.runtime.instrumentation.CreateClassResetClassAdapter - Creating brand-new static initializer in class io/netty/handler/codec/http/multipart/MemoryAttribute
13:35:03.862 [main] INFO org.evosuite.runtime.instrumentation.EvoClassLoader - Keeping class: io.netty.handler.codec.http.multipart.MemoryAttribute
13:35:03.863 [main] INFO org.evosuite.runtime.instrumentation.EvoClassLoader - Seeing class for first time: io.netty.util.internal.ThreadExecutorMap
13:35:03.863 [main] INFO org.evosuite.runtime.instrumentation.EvoClassLoader - Instrumenting class 'io.netty.util.internal.ThreadExecutorMap'.
13:35:03.863 [main] INFO org.evosuite.runtime.instrumentation.MethodCallReplacementClassAdapter - Adding mock interface to class io/netty/util/internal/ThreadExecutorMap
13:35:03.864 [main] INFO org.evosuite.runtime.instrumentation.CreateClassResetClassAdapter - Found static initializer in class io/netty/util/internal/ThreadExecutorMap
13:35:03.864 [main] INFO org.evosuite.runtime.instrumentation.EvoClassLoader - Keeping class: io.netty.util.internal.ThreadExecutorMap
13:35:03.864 [main] INFO org.evosuite.runtime.instrumentation.EvoClassLoader - Seeing class for first time: io.netty.util.concurrent.EventExecutor
13:35:03.864 [main] INFO org.evosuite.runtime.instrumentation.EvoClassLoader - Instrumenting class 'io.netty.util.concurrent.EventExecutor'.
13:35:03.865 [main] INFO org.evosuite.runtime.instrumentation.EvoClassLoader - Seeing class for first time: io.netty.util.concurrent.EventExecutorGroup
13:35:03.865 [main] INFO org.evosuite.runtime.instrumentation.EvoClassLoader - Instrumenting class 'io.netty.util.concurrent.EventExecutorGroup'.
13:35:03.866 [main] INFO org.evosuite.runtime.instrumentation.EvoClassLoader - Keeping class: io.netty.util.concurrent.EventExecutorGroup
13:35:03.866 [main] INFO org.evosuite.runtime.instrumentation.EvoClassLoader - Keeping class: io.netty.util.concurrent.EventExecutor
13:35:03.867 [main] INFO org.evosuite.runtime.instrumentation.EvoClassLoader - Seeing class for first time: io.netty.buffer.AbstractByteBufAllocator$1
13:35:03.867 [main] INFO org.evosuite.runtime.instrumentation.EvoClassLoader - Instrumenting class 'io.netty.buffer.AbstractByteBufAllocator$1'.
13:35:03.867 [main] INFO org.evosuite.runtime.instrumentation.MethodCallReplacementClassAdapter - Adding mock interface to class io/netty/buffer/AbstractByteBufAllocator$1
13:35:03.868 [main] INFO org.evosuite.runtime.instrumentation.EvoClassLoader - Keeping class: io.netty.buffer.AbstractByteBufAllocator$1
13:35:03.869 [main] INFO org.evosuite.runtime.instrumentation.EvoClassLoader - Seeing class for first time: net.sf.saxon.tree.linked.NodeImpl
13:35:03.869 [main] INFO org.evosuite.runtime.instrumentation.EvoClassLoader - Instrumenting class 'net.sf.saxon.tree.linked.NodeImpl'.
13:35:04.146 [main] INFO org.evosuite.runtime.instrumentation.MethodCallReplacementClassAdapter - Adding mock interface to class net/sf/saxon/tree/linked/NodeImpl
13:35:04.154 [main] INFO org.evosuite.runtime.instrumentation.CreateClassResetClassAdapter - Found static initializer in class net/sf/saxon/tree/linked/NodeImpl
13:35:04.155 [main] INFO org.evosuite.runtime.instrumentation.EvoClassLoader - Defined package (3): package net.sf.saxon.tree.linked, -1279255526
13:35:04.159 [main] INFO org.evosuite.runtime.instrumentation.EvoClassLoader - Seeing class for first time: net.sf.saxon.om.MutableNodeInfo
13:35:04.159 [main] INFO org.evosuite.runtime.instrumentation.EvoClassLoader - Instrumenting class 'net.sf.saxon.om.MutableNodeInfo'.
13:35:04.161 [main] INFO org.evosuite.runtime.instrumentation.EvoClassLoader - Defined package (3): package net.sf.saxon.om, -1831452403
13:35:04.161 [main] INFO org.evosuite.runtime.instrumentation.EvoClassLoader - Seeing class for first time: net.sf.saxon.om.NodeInfo
13:35:04.161 [main] INFO org.evosuite.runtime.instrumentation.EvoClassLoader - Instrumenting class 'net.sf.saxon.om.NodeInfo'.
13:35:04.163 [main] INFO org.evosuite.runtime.instrumentation.EvoClassLoader - Seeing class for first time: net.sf.saxon.om.Item
13:35:04.163 [main] INFO org.evosuite.runtime.instrumentation.EvoClassLoader - Instrumenting class 'net.sf.saxon.om.Item'.
13:35:04.166 [main] INFO org.evosuite.runtime.instrumentation.EvoClassLoader - Seeing class for first time: net.sf.saxon.om.GroundedValue
13:35:04.166 [main] INFO org.evosuite.runtime.instrumentation.EvoClassLoader - Instrumenting class 'net.sf.saxon.om.GroundedValue'.
13:35:04.186 [main] INFO org.evosuite.runtime.instrumentation.EvoClassLoader - Seeing class for first time: net.sf.saxon.om.Sequence
13:35:04.186 [main] INFO org.evosuite.runtime.instrumentation.EvoClassLoader - Instrumenting class 'net.sf.saxon.om.Sequence'.
13:35:04.188 [main] INFO org.evosuite.runtime.instrumentation.EvoClassLoader - Keeping class: net.sf.saxon.om.Sequence
13:35:04.188 [main] INFO org.evosuite.runtime.instrumentation.EvoClassLoader - Keeping class: net.sf.saxon.om.GroundedValue
13:35:04.188 [main] INFO org.evosuite.runtime.instrumentation.EvoClassLoader - Keeping class: net.sf.saxon.om.Item
13:35:04.189 [main] INFO org.evosuite.runtime.instrumentation.EvoClassLoader - Seeing class for first time: net.sf.saxon.expr.parser.Location
13:35:04.189 [main] INFO org.evosuite.runtime.instrumentation.EvoClassLoader - Instrumenting class 'net.sf.saxon.expr.parser.Location'.
13:35:04.190 [main] INFO org.evosuite.runtime.instrumentation.EvoClassLoader - Defined package (3): package net.sf.saxon.expr.parser, 1607920617
13:35:04.191 [main] INFO org.evosuite.runtime.instrumentation.EvoClassLoader - Keeping class: net.sf.saxon.expr.parser.Location
13:35:04.192 [main] INFO org.evosuite.runtime.instrumentation.EvoClassLoader - Keeping class: net.sf.saxon.om.NodeInfo
13:35:04.193 [main] INFO org.evosuite.runtime.instrumentation.EvoClassLoader - Keeping class: net.sf.saxon.om.MutableNodeInfo
13:35:04.193 [main] INFO org.evosuite.runtime.instrumentation.EvoClassLoader - Seeing class for first time: net.sf.saxon.tree.util.SteppingNode
13:35:04.193 [main] INFO org.evosuite.runtime.instrumentation.EvoClassLoader - Instrumenting class 'net.sf.saxon.tree.util.SteppingNode'.
13:35:04.194 [main] INFO org.evosuite.runtime.instrumentation.EvoClassLoader - Defined package (3): package net.sf.saxon.tree.util, -1645743549
13:35:04.194 [main] INFO org.evosuite.runtime.instrumentation.EvoClassLoader - Keeping class: net.sf.saxon.tree.util.SteppingNode
13:35:04.194 [main] INFO org.evosuite.runtime.instrumentation.EvoClassLoader - Seeing class for first time: net.sf.saxon.tree.wrapper.SiblingCountingNode
13:35:04.195 [main] INFO org.evosuite.runtime.instrumentation.EvoClassLoader - Instrumenting class 'net.sf.saxon.tree.wrapper.SiblingCountingNode'.
13:35:04.196 [main] INFO org.evosuite.runtime.instrumentation.EvoClassLoader - Defined package (3): package net.sf.saxon.tree.wrapper, 416206514
13:35:04.197 [main] INFO org.evosuite.runtime.instrumentation.EvoClassLoader - Keeping class: net.sf.saxon.tree.wrapper.SiblingCountingNode
13:35:04.197 [main] INFO org.evosuite.runtime.instrumentation.EvoClassLoader - Keeping class: net.sf.saxon.tree.linked.NodeImpl
13:35:04.198 [main] INFO org.evosuite.runtime.instrumentation.EvoClassLoader - Seeing class for first time: net.sf.saxon.om.SequenceIterator
13:35:04.198 [main] INFO org.evosuite.runtime.instrumentation.EvoClassLoader - Instrumenting class 'net.sf.saxon.om.SequenceIterator'.
13:35:04.200 [main] INFO org.evosuite.runtime.instrumentation.EvoClassLoader - Keeping class: net.sf.saxon.om.SequenceIterator
13:35:04.200 [main] INFO org.evosuite.runtime.instrumentation.EvoClassLoader - Seeing class for first time: net.sf.saxon.type.SchemaType
13:35:04.200 [main] INFO org.evosuite.runtime.instrumentation.EvoClassLoader - Instrumenting class 'net.sf.saxon.type.SchemaType'.
13:35:04.201 [main] INFO org.evosuite.runtime.instrumentation.EvoClassLoader - Defined package (3): package net.sf.saxon.type, 910996137
13:35:04.201 [main] INFO org.evosuite.runtime.instrumentation.EvoClassLoader - Seeing class for first time: net.sf.saxon.type.SchemaComponent
13:35:04.202 [main] INFO org.evosuite.runtime.instrumentation.EvoClassLoader - Instrumenting class 'net.sf.saxon.type.SchemaComponent'.
13:35:04.203 [main] INFO org.evosuite.runtime.instrumentation.EvoClassLoader - Keeping class: net.sf.saxon.type.SchemaComponent
13:35:04.203 [main] INFO org.evosuite.runtime.instrumentation.EvoClassLoader - Keeping class: net.sf.saxon.type.SchemaType
13:35:04.203 [main] INFO org.evosuite.runtime.instrumentation.EvoClassLoader - Seeing class for first time: net.sf.saxon.pattern.NodeTest
13:35:04.203 [main] INFO org.evosuite.runtime.instrumentation.EvoClassLoader - Instrumenting class 'net.sf.saxon.pattern.NodeTest'.
13:35:04.205 [main] INFO org.evosuite.runtime.instrumentation.MethodCallReplacementClassAdapter - Adding mock interface to class net/sf/saxon/pattern/NodeTest
13:35:04.207 [main] INFO org.evosuite.runtime.instrumentation.CreateClassResetClassAdapter - Creating brand-new static initializer in class net/sf/saxon/pattern/NodeTest
13:35:04.207 [main] INFO org.evosuite.runtime.instrumentation.EvoClassLoader - Defined package (3): package net.sf.saxon.pattern, -350331455
13:35:04.208 [main] INFO org.evosuite.runtime.instrumentation.EvoClassLoader - Seeing class for first time: net.sf.saxon.type.ItemType$WithSequenceTypeCache
13:35:04.208 [main] INFO org.evosuite.runtime.instrumentation.EvoClassLoader - Instrumenting class 'net.sf.saxon.type.ItemType$WithSequenceTypeCache'.
13:35:04.209 [main] INFO org.evosuite.runtime.instrumentation.EvoClassLoader - Seeing class for first time: net.sf.saxon.type.ItemType
13:35:04.209 [main] INFO org.evosuite.runtime.instrumentation.EvoClassLoader - Instrumenting class 'net.sf.saxon.type.ItemType'.
13:35:04.212 [main] INFO org.evosuite.runtime.instrumentation.EvoClassLoader - Keeping class: net.sf.saxon.type.ItemType
13:35:04.212 [main] INFO org.evosuite.runtime.instrumentation.EvoClassLoader - Keeping class: net.sf.saxon.type.ItemType$WithSequenceTypeCache
13:35:04.212 [main] INFO org.evosuite.runtime.instrumentation.EvoClassLoader - Keeping class: net.sf.saxon.pattern.NodeTest
13:35:04.212 [main] INFO org.evosuite.runtime.instrumentation.EvoClassLoader - Seeing class for first time: net.sf.saxon.pattern.AnyNodeTest
13:35:04.212 [main] INFO org.evosuite.runtime.instrumentation.EvoClassLoader - Instrumenting class 'net.sf.saxon.pattern.AnyNodeTest'.
13:35:04.214 [main] INFO org.evosuite.runtime.instrumentation.MethodCallReplacementClassAdapter - Adding mock interface to class net/sf/saxon/pattern/AnyNodeTest
13:35:04.215 [main] INFO org.evosuite.runtime.instrumentation.CreateClassResetClassAdapter - Found static initializer in class net/sf/saxon/pattern/AnyNodeTest
13:35:04.215 [main] INFO org.evosuite.runtime.instrumentation.EvoClassLoader - Seeing class for first time: net.sf.saxon.pattern.QNameTest
13:35:04.215 [main] INFO org.evosuite.runtime.instrumentation.EvoClassLoader - Instrumenting class 'net.sf.saxon.pattern.QNameTest'.
13:35:04.217 [main] INFO org.evosuite.runtime.instrumentation.EvoClassLoader - Keeping class: net.sf.saxon.pattern.QNameTest
13:35:04.217 [main] INFO org.evosuite.runtime.instrumentation.EvoClassLoader - Keeping class: net.sf.saxon.pattern.AnyNodeTest
13:35:04.217 [main] INFO org.evosuite.runtime.instrumentation.EvoClassLoader - Seeing class for first time: net.sf.saxon.om.TreeInfo
13:35:04.217 [main] INFO org.evosuite.runtime.instrumentation.EvoClassLoader - Instrumenting class 'net.sf.saxon.om.TreeInfo'.
13:35:04.219 [main] INFO org.evosuite.runtime.instrumentation.EvoClassLoader - Keeping class: net.sf.saxon.om.TreeInfo
13:35:04.219 [main] INFO org.evosuite.runtime.instrumentation.EvoClassLoader - Seeing class for first time: net.sf.saxon.om.AtomicSequence
13:35:04.219 [main] INFO org.evosuite.runtime.instrumentation.EvoClassLoader - Instrumenting class 'net.sf.saxon.om.AtomicSequence'.
13:35:04.221 [main] INFO org.evosuite.runtime.instrumentation.EvoClassLoader - Keeping class: net.sf.saxon.om.AtomicSequence
13:35:04.222 [main] INFO org.evosuite.runtime.instrumentation.EvoClassLoader - Seeing class for first time: net.sf.saxon.tree.iter.AxisIterator
13:35:04.222 [main] INFO org.evosuite.runtime.instrumentation.EvoClassLoader - Instrumenting class 'net.sf.saxon.tree.iter.AxisIterator'.
13:35:04.223 [main] INFO org.evosuite.runtime.instrumentation.EvoClassLoader - Defined package (3): package net.sf.saxon.tree.iter, -1646101159
13:35:04.223 [main] INFO org.evosuite.runtime.instrumentation.EvoClassLoader - Seeing class for first time: net.sf.saxon.tree.iter.UnfailingIterator
13:35:04.223 [main] INFO org.evosuite.runtime.instrumentation.EvoClassLoader - Instrumenting class 'net.sf.saxon.tree.iter.UnfailingIterator'.
13:35:04.225 [main] INFO org.evosuite.runtime.instrumentation.EvoClassLoader - Keeping class: net.sf.saxon.tree.iter.UnfailingIterator
13:35:04.225 [main] INFO org.evosuite.runtime.instrumentation.EvoClassLoader - Keeping class: net.sf.saxon.tree.iter.AxisIterator
13:35:04.225 [main] INFO org.evosuite.runtime.instrumentation.EvoClassLoader - Seeing class for first time: net.sf.saxon.tree.linked.ParentNodeImpl
13:35:04.225 [main] INFO org.evosuite.runtime.instrumentation.EvoClassLoader - Instrumenting class 'net.sf.saxon.tree.linked.ParentNodeImpl'.
13:35:04.227 [main] INFO org.evosuite.runtime.instrumentation.MethodCallReplacementClassAdapter - Adding mock interface to class net/sf/saxon/tree/linked/ParentNodeImpl
13:35:04.231 [main] INFO org.evosuite.runtime.instrumentation.CreateClassResetClassAdapter - Creating brand-new static initializer in class net/sf/saxon/tree/linked/ParentNodeImpl
13:35:04.232 [main] INFO org.evosuite.runtime.instrumentation.EvoClassLoader - Keeping class: net.sf.saxon.tree.linked.ParentNodeImpl
13:35:04.232 [main] INFO org.evosuite.runtime.instrumentation.EvoClassLoader - Seeing class for first time: net.sf.saxon.tree.linked.DocumentImpl
13:35:04.232 [main] INFO org.evosuite.runtime.instrumentation.EvoClassLoader - Instrumenting class 'net.sf.saxon.tree.linked.DocumentImpl'.
13:35:04.233 [main] INFO org.evosuite.runtime.instrumentation.MethodCallReplacementClassAdapter - Adding mock interface to class net/sf/saxon/tree/linked/DocumentImpl
13:35:04.237 [main] INFO org.evosuite.runtime.instrumentation.CreateClassResetClassAdapter - Found static initializer in class net/sf/saxon/tree/linked/DocumentImpl
13:35:04.238 [main] INFO org.evosuite.runtime.instrumentation.EvoClassLoader - Seeing class for first time: net.sf.saxon.om.MutableDocumentInfo
13:35:04.238 [main] INFO org.evosuite.runtime.instrumentation.EvoClassLoader - Instrumenting class 'net.sf.saxon.om.MutableDocumentInfo'.
13:35:04.239 [main] INFO org.evosuite.runtime.instrumentation.EvoClassLoader - Keeping class: net.sf.saxon.om.MutableDocumentInfo
13:35:04.239 [main] INFO org.evosuite.runtime.instrumentation.EvoClassLoader - Keeping class: net.sf.saxon.tree.linked.DocumentImpl
13:35:04.239 [main] INFO org.evosuite.runtime.instrumentation.EvoClassLoader - Seeing class for first time: net.sf.saxon.om.NodeName
13:35:04.239 [main] INFO org.evosuite.runtime.instrumentation.EvoClassLoader - Instrumenting class 'net.sf.saxon.om.NodeName'.
13:35:04.241 [main] INFO org.evosuite.runtime.instrumentation.EvoClassLoader - Seeing class for first time: net.sf.saxon.om.IdentityComparable
13:35:04.241 [main] INFO org.evosuite.runtime.instrumentation.EvoClassLoader - Instrumenting class 'net.sf.saxon.om.IdentityComparable'.
13:35:04.242 [main] INFO org.evosuite.runtime.instrumentation.EvoClassLoader - Keeping class: net.sf.saxon.om.IdentityComparable
13:35:04.242 [main] INFO org.evosuite.runtime.instrumentation.EvoClassLoader - Keeping class: net.sf.saxon.om.NodeName
13:35:04.242 [main] INFO org.evosuite.runtime.instrumentation.EvoClassLoader - Seeing class for first time: net.sf.saxon.type.SimpleType
13:35:04.242 [main] INFO org.evosuite.runtime.instrumentation.EvoClassLoader - Instrumenting class 'net.sf.saxon.type.SimpleType'.
13:35:04.243 [main] INFO org.evosuite.runtime.instrumentation.EvoClassLoader - Keeping class: net.sf.saxon.type.SimpleType
13:35:04.243 [main] INFO org.evosuite.runtime.instrumentation.EvoClassLoader - Seeing class for first time: net.sf.saxon.trans.XPathException
13:35:04.243 [main] INFO org.evosuite.runtime.instrumentation.EvoClassLoader - Instrumenting class 'net.sf.saxon.trans.XPathException'.
13:35:04.244 [main] INFO org.evosuite.runtime.instrumentation.MethodCallReplacementClassAdapter - Adding mock interface to class net/sf/saxon/trans/XPathException
13:35:04.244 [main] INFO org.evosuite.runtime.instrumentation.CreateClassResetClassAdapter - Creating brand-new static initializer in class net/sf/saxon/trans/XPathException
13:35:04.245 [main] INFO org.evosuite.runtime.instrumentation.EvoClassLoader - Defined package (3): package net.sf.saxon.trans, -1824113383
13:35:04.245 [main] INFO org.evosuite.runtime.instrumentation.EvoClassLoader - Keeping class: net.sf.saxon.trans.XPathException
13:35:04.245 [main] INFO org.evosuite.runtime.instrumentation.EvoClassLoader - Seeing class for first time: net.sf.saxon.Configuration
13:35:04.245 [main] INFO org.evosuite.runtime.instrumentation.EvoClassLoader - Instrumenting class 'net.sf.saxon.Configuration'.
13:35:04.250 [main] INFO org.evosuite.runtime.instrumentation.MethodCallReplacementClassAdapter - Adding mock interface to class net/sf/saxon/Configuration
13:35:04.267 [main] INFO org.evosuite.runtime.instrumentation.CreateClassResetClassAdapter - Found static initializer in class net/sf/saxon/Configuration
13:35:04.267 [main] INFO org.evosuite.runtime.instrumentation.EvoClassLoader - Defined package (3): package net.sf.saxon, 1963389215
13:35:04.269 [main] INFO org.evosuite.runtime.instrumentation.EvoClassLoader - Seeing class for first time: net.sf.saxon.lib.SourceResolver
13:35:04.269 [main] INFO org.evosuite.runtime.instrumentation.EvoClassLoader - Instrumenting class 'net.sf.saxon.lib.SourceResolver'.
13:35:04.270 [main] INFO org.evosuite.runtime.instrumentation.EvoClassLoader - Defined package (3): package net.sf.saxon.lib, -940452554
13:35:04.271 [main] INFO org.evosuite.runtime.instrumentation.EvoClassLoader - Keeping class: net.sf.saxon.lib.SourceResolver
13:35:04.271 [main] INFO org.evosuite.runtime.instrumentation.EvoClassLoader - Seeing class for first time: net.sf.saxon.om.NotationSet
13:35:04.271 [main] INFO org.evosuite.runtime.instrumentation.EvoClassLoader - Instrumenting class 'net.sf.saxon.om.NotationSet'.
13:35:04.272 [main] INFO org.evosuite.runtime.instrumentation.EvoClassLoader - Keeping class: net.sf.saxon.om.NotationSet
13:35:04.273 [main] INFO org.evosuite.runtime.instrumentation.EvoClassLoader - Keeping class: net.sf.saxon.Configuration
13:35:04.274 [main] INFO org.evosuite.runtime.instrumentation.EvoClassLoader - Seeing class for first time: net.sf.saxon.om.NamePool
13:35:04.274 [main] INFO org.evosuite.runtime.instrumentation.EvoClassLoader - Instrumenting class 'net.sf.saxon.om.NamePool'.
13:35:04.275 [main] INFO org.evosuite.runtime.instrumentation.MethodCallReplacementClassAdapter - Adding mock interface to class net/sf/saxon/om/NamePool
13:35:04.278 [main] INFO org.evosuite.runtime.instrumentation.CreateClassResetClassAdapter - Creating brand-new static initializer in class net/sf/saxon/om/NamePool
13:35:04.278 [main] INFO org.evosuite.runtime.instrumentation.CreateClassResetClassAdapter - Adding bytecode for initializing field FP_MASK
13:35:04.278 [main] INFO org.evosuite.runtime.instrumentation.CreateClassResetClassAdapter - Adding bytecode for initializing field USER_DEFINED_MASK
13:35:04.278 [main] INFO org.evosuite.runtime.instrumentation.CreateClassResetClassAdapter - Adding bytecode for initializing field MAX_FINGERPRINT
13:35:04.278 [main] INFO org.evosuite.runtime.instrumentation.EvoClassLoader - Keeping class: net.sf.saxon.om.NamePool
13:35:04.279 [main] INFO org.evosuite.runtime.instrumentation.EvoClassLoader - Seeing class for first time: net.sf.saxon.om.NamespaceBinding
13:35:04.279 [main] INFO org.evosuite.runtime.instrumentation.EvoClassLoader - Instrumenting class 'net.sf.saxon.om.NamespaceBinding'.
13:35:04.280 [main] INFO org.evosuite.runtime.instrumentation.MethodCallReplacementClassAdapter - Adding mock interface to class net/sf/saxon/om/NamespaceBinding
13:35:04.281 [main] INFO org.evosuite.runtime.instrumentation.CreateClassResetClassAdapter - Found static initializer in class net/sf/saxon/om/NamespaceBinding
13:35:04.282 [main] INFO org.evosuite.runtime.instrumentation.EvoClassLoader - Seeing class for first time: net.sf.saxon.om.NamespaceBindingSet
13:35:04.282 [main] INFO org.evosuite.runtime.instrumentation.EvoClassLoader - Instrumenting class 'net.sf.saxon.om.NamespaceBindingSet'.
13:35:04.283 [main] INFO org.evosuite.runtime.instrumentation.EvoClassLoader - Keeping class: net.sf.saxon.om.NamespaceBindingSet
13:35:04.283 [main] INFO org.evosuite.runtime.instrumentation.EvoClassLoader - Keeping class: net.sf.saxon.om.NamespaceBinding
13:35:04.284 [main] INFO org.evosuite.runtime.instrumentation.EvoClassLoader - Seeing class for first time: net.sf.saxon.event.Builder
13:35:04.284 [main] INFO org.evosuite.runtime.instrumentation.EvoClassLoader - Instrumenting class 'net.sf.saxon.event.Builder'.
13:35:04.285 [main] INFO org.evosuite.runtime.instrumentation.MethodCallReplacementClassAdapter - Adding mock interface to class net/sf/saxon/event/Builder
13:35:04.286 [main] INFO org.evosuite.runtime.instrumentation.CreateClassResetClassAdapter - Creating brand-new static initializer in class net/sf/saxon/event/Builder
13:35:04.286 [main] INFO org.evosuite.runtime.instrumentation.CreateClassResetClassAdapter - Adding bytecode for initializing field UNSPECIFIED_TREE_MODEL
13:35:04.286 [main] INFO org.evosuite.runtime.instrumentation.CreateClassResetClassAdapter - Adding bytecode for initializing field LINKED_TREE
13:35:04.286 [main] INFO org.evosuite.runtime.instrumentation.CreateClassResetClassAdapter - Adding bytecode for initializing field STANDARD_TREE
13:35:04.286 [main] INFO org.evosuite.runtime.instrumentation.CreateClassResetClassAdapter - Adding bytecode for initializing field TINY_TREE
13:35:04.286 [main] INFO org.evosuite.runtime.instrumentation.CreateClassResetClassAdapter - Adding bytecode for initializing field TINY_TREE_CONDENSED
13:35:04.286 [main] INFO org.evosuite.runtime.instrumentation.CreateClassResetClassAdapter - Adding bytecode for initializing field JDOM_TREE
13:35:04.286 [main] INFO org.evosuite.runtime.instrumentation.CreateClassResetClassAdapter - Adding bytecode for initializing field JDOM2_TREE
13:35:04.286 [main] INFO org.evosuite.runtime.instrumentation.CreateClassResetClassAdapter - Adding bytecode for initializing field AXIOM_TREE
13:35:04.286 [main] INFO org.evosuite.runtime.instrumentation.CreateClassResetClassAdapter - Adding bytecode for initializing field DOMINO_TREE
13:35:04.286 [main] INFO org.evosuite.runtime.instrumentation.CreateClassResetClassAdapter - Adding bytecode for initializing field K_TREE
13:35:04.286 [main] INFO org.evosuite.runtime.instrumentation.EvoClassLoader - Defined package (3): package net.sf.saxon.event, -1837843189
13:35:04.286 [main] INFO org.evosuite.runtime.instrumentation.EvoClassLoader - Seeing class for first time: net.sf.saxon.event.Receiver
13:35:04.287 [main] INFO org.evosuite.runtime.instrumentation.EvoClassLoader - Instrumenting class 'net.sf.saxon.event.Receiver'.
13:35:04.288 [main] INFO org.evosuite.runtime.instrumentation.EvoClassLoader - Keeping class: net.sf.saxon.event.Receiver
13:35:04.289 [main] INFO org.evosuite.runtime.instrumentation.EvoClassLoader - Keeping class: net.sf.saxon.event.Builder
13:35:04.289 [main] INFO org.evosuite.runtime.instrumentation.EvoClassLoader - Seeing class for first time: net.sf.saxon.tree.util.FastStringBuffer
13:35:04.289 [main] INFO org.evosuite.runtime.instrumentation.EvoClassLoader - Instrumenting class 'net.sf.saxon.tree.util.FastStringBuffer'.
13:35:04.291 [main] INFO org.evosuite.runtime.instrumentation.MethodCallReplacementClassAdapter - Adding mock interface to class net/sf/saxon/tree/util/FastStringBuffer
13:35:04.292 [main] INFO org.evosuite.runtime.instrumentation.CreateClassResetClassAdapter - Creating brand-new static initializer in class net/sf/saxon/tree/util/FastStringBuffer
13:35:04.292 [main] INFO org.evosuite.runtime.instrumentation.CreateClassResetClassAdapter - Adding bytecode for initializing field C16
13:35:04.292 [main] INFO org.evosuite.runtime.instrumentation.CreateClassResetClassAdapter - Adding bytecode for initializing field C64
13:35:04.292 [main] INFO org.evosuite.runtime.instrumentation.CreateClassResetClassAdapter - Adding bytecode for initializing field C256
13:35:04.292 [main] INFO org.evosuite.runtime.instrumentation.CreateClassResetClassAdapter - Adding bytecode for initializing field C1024
13:35:04.293 [main] INFO org.evosuite.runtime.instrumentation.EvoClassLoader - Seeing class for first time: net.sf.saxon.tree.tiny.AppendableCharSequence
13:35:04.293 [main] INFO org.evosuite.runtime.instrumentation.EvoClassLoader - Instrumenting class 'net.sf.saxon.tree.tiny.AppendableCharSequence'.
13:35:04.294 [main] INFO org.evosuite.runtime.instrumentation.EvoClassLoader - Defined package (3): package net.sf.saxon.tree.tiny, -1645783743
13:35:04.294 [main] INFO org.evosuite.runtime.instrumentation.EvoClassLoader - Keeping class: net.sf.saxon.tree.tiny.AppendableCharSequence
13:35:04.294 [main] INFO org.evosuite.runtime.instrumentation.EvoClassLoader - Keeping class: net.sf.saxon.tree.util.FastStringBuffer
13:35:04.295 [main] INFO org.evosuite.runtime.instrumentation.EvoClassLoader - Seeing class for first time: net.sf.saxon.tree.linked.TextImpl
13:35:04.295 [main] INFO org.evosuite.runtime.instrumentation.EvoClassLoader - Instrumenting class 'net.sf.saxon.tree.linked.TextImpl'.
13:35:04.296 [main] INFO org.evosuite.runtime.instrumentation.MethodCallReplacementClassAdapter - Adding mock interface to class net/sf/saxon/tree/linked/TextImpl
13:35:04.297 [main] INFO org.evosuite.runtime.instrumentation.CreateClassResetClassAdapter - Creating brand-new static initializer in class net/sf/saxon/tree/linked/TextImpl
13:35:04.297 [main] INFO org.evosuite.runtime.instrumentation.EvoClassLoader - Keeping class: net.sf.saxon.tree.linked.TextImpl
13:35:04.297 [main] INFO org.evosuite.runtime.instrumentation.EvoClassLoader - Seeing class for first time: net.sf.saxon.tree.linked.CommentImpl
13:35:04.297 [main] INFO org.evosuite.runtime.instrumentation.EvoClassLoader - Instrumenting class 'net.sf.saxon.tree.linked.CommentImpl'.
13:35:04.298 [main] INFO org.evosuite.runtime.instrumentation.MethodCallReplacementClassAdapter - Adding mock interface to class net/sf/saxon/tree/linked/CommentImpl
13:35:04.299 [main] INFO org.evosuite.runtime.instrumentation.CreateClassResetClassAdapter - Creating brand-new static initializer in class net/sf/saxon/tree/linked/CommentImpl
13:35:04.299 [main] INFO org.evosuite.runtime.instrumentation.EvoClassLoader - Keeping class: net.sf.saxon.tree.linked.CommentImpl
13:35:04.299 [main] INFO org.evosuite.runtime.instrumentation.EvoClassLoader - Seeing class for first time: net.sf.saxon.tree.linked.ProcInstImpl
13:35:04.299 [main] INFO org.evosuite.runtime.instrumentation.EvoClassLoader - Instrumenting class 'net.sf.saxon.tree.linked.ProcInstImpl'.
13:35:04.300 [main] INFO org.evosuite.runtime.instrumentation.MethodCallReplacementClassAdapter - Adding mock interface to class net/sf/saxon/tree/linked/ProcInstImpl
13:35:04.301 [main] INFO org.evosuite.runtime.instrumentation.CreateClassResetClassAdapter - Creating brand-new static initializer in class net/sf/saxon/tree/linked/ProcInstImpl
13:35:04.301 [main] INFO org.evosuite.runtime.instrumentation.EvoClassLoader - Keeping class: net.sf.saxon.tree.linked.ProcInstImpl
13:35:04.303 [main] INFO org.evosuite.runtime.instrumentation.EvoClassLoader - Seeing class for first time: net.sf.saxon.tree.linked.ElementImpl
13:35:04.303 [main] INFO org.evosuite.runtime.instrumentation.EvoClassLoader - Instrumenting class 'net.sf.saxon.tree.linked.ElementImpl'.
13:35:04.305 [main] INFO org.evosuite.runtime.instrumentation.MethodCallReplacementClassAdapter - Adding mock interface to class net/sf/saxon/tree/linked/ElementImpl
13:35:04.313 [main] INFO org.evosuite.runtime.instrumentation.CreateClassResetClassAdapter - Creating brand-new static initializer in class net/sf/saxon/tree/linked/ElementImpl
13:35:04.314 [main] INFO org.evosuite.runtime.instrumentation.EvoClassLoader - Seeing class for first time: net.sf.saxon.om.NamespaceResolver
13:35:04.314 [main] INFO org.evosuite.runtime.instrumentation.EvoClassLoader - Instrumenting class 'net.sf.saxon.om.NamespaceResolver'.
13:35:04.315 [main] INFO org.evosuite.runtime.instrumentation.EvoClassLoader - Keeping class: net.sf.saxon.om.NamespaceResolver
13:35:04.316 [main] INFO org.evosuite.runtime.instrumentation.EvoClassLoader - Keeping class: net.sf.saxon.tree.linked.ElementImpl
13:35:04.316 [main] INFO org.evosuite.runtime.instrumentation.EvoClassLoader - Seeing class for first time: net.sf.saxon.om.AttributeCollection
13:35:04.316 [main] INFO org.evosuite.runtime.instrumentation.EvoClassLoader - Instrumenting class 'net.sf.saxon.om.AttributeCollection'.
13:35:04.319 [main] INFO org.evosuite.runtime.instrumentation.EvoClassLoader - Keeping class: net.sf.saxon.om.AttributeCollection
13:35:04.320 [main] INFO org.evosuite.runtime.instrumentation.EvoClassLoader - Seeing class for first time: net.sf.saxon.type.MissingComponentException
13:35:04.320 [main] INFO org.evosuite.runtime.instrumentation.EvoClassLoader - Instrumenting class 'net.sf.saxon.type.MissingComponentException'.
13:35:04.321 [main] INFO org.evosuite.runtime.instrumentation.MethodCallReplacementClassAdapter - Adding mock interface to class net/sf/saxon/type/MissingComponentException
13:35:04.321 [main] INFO org.evosuite.runtime.instrumentation.CreateClassResetClassAdapter - Creating brand-new static initializer in class net/sf/saxon/type/MissingComponentException
13:35:04.321 [main] INFO org.evosuite.runtime.instrumentation.EvoClassLoader - Seeing class for first time: net.sf.saxon.type.SchemaException
13:35:04.321 [main] INFO org.evosuite.runtime.instrumentation.EvoClassLoader - Instrumenting class 'net.sf.saxon.type.SchemaException'.
13:35:04.322 [main] INFO org.evosuite.runtime.instrumentation.MethodCallReplacementClassAdapter - Adding mock interface to class net/sf/saxon/type/SchemaException
13:35:04.322 [main] INFO org.evosuite.runtime.instrumentation.CreateClassResetClassAdapter - Creating brand-new static initializer in class net/sf/saxon/type/SchemaException
13:35:04.322 [main] INFO org.evosuite.runtime.instrumentation.EvoClassLoader - Keeping class: net.sf.saxon.type.SchemaException
13:35:04.322 [main] INFO org.evosuite.runtime.instrumentation.EvoClassLoader - Keeping class: net.sf.saxon.type.MissingComponentException
13:35:04.323 [main] INFO org.evosuite.runtime.instrumentation.EvoClassLoader - Seeing class for first time: net.sf.saxon.pattern.NodeKindTest
13:35:04.323 [main] INFO org.evosuite.runtime.instrumentation.EvoClassLoader - Instrumenting class 'net.sf.saxon.pattern.NodeKindTest'.
13:35:04.323 [main] INFO org.evosuite.runtime.instrumentation.MethodCallReplacementClassAdapter - Adding mock interface to class net/sf/saxon/pattern/NodeKindTest
13:35:04.324 [main] INFO org.evosuite.runtime.instrumentation.CreateClassResetClassAdapter - Found static initializer in class net/sf/saxon/pattern/NodeKindTest
13:35:04.325 [main] INFO org.evosuite.runtime.instrumentation.EvoClassLoader - Keeping class: net.sf.saxon.pattern.NodeKindTest
13:35:04.325 [main] INFO org.evosuite.runtime.instrumentation.EvoClassLoader - Seeing class for first time: net.sf.saxon.tree.util.AttributeCollectionImpl
13:35:04.325 [main] INFO org.evosuite.runtime.instrumentation.EvoClassLoader - Instrumenting class 'net.sf.saxon.tree.util.AttributeCollectionImpl'.
13:35:04.326 [main] INFO org.evosuite.runtime.instrumentation.MethodCallReplacementClassAdapter - Adding mock interface to class net/sf/saxon/tree/util/AttributeCollectionImpl
13:35:04.327 [main] INFO org.evosuite.runtime.instrumentation.CreateClassResetClassAdapter - Found static initializer in class net/sf/saxon/tree/util/AttributeCollectionImpl
13:35:04.327 [main] INFO org.evosuite.runtime.instrumentation.EvoClassLoader - Keeping class: net.sf.saxon.tree.util.AttributeCollectionImpl
13:35:04.328 [main] INFO org.evosuite.runtime.instrumentation.EvoClassLoader - Seeing class for first time: net.sf.saxon.style.StyleElement
13:35:04.328 [main] INFO org.evosuite.runtime.instrumentation.EvoClassLoader - Instrumenting class 'net.sf.saxon.style.StyleElement'.
13:35:04.331 [main] INFO org.evosuite.runtime.instrumentation.MethodCallReplacementClassAdapter - Adding mock interface to class net/sf/saxon/style/StyleElement
13:35:04.409 [main] INFO org.evosuite.runtime.instrumentation.CreateClassResetClassAdapter - Found static initializer in class net/sf/saxon/style/StyleElement
13:35:04.410 [main] INFO org.evosuite.runtime.instrumentation.EvoClassLoader - Defined package (3): package net.sf.saxon.style, -1824954334
13:35:04.412 [main] INFO org.evosuite.runtime.instrumentation.EvoClassLoader - Keeping class: net.sf.saxon.style.StyleElement
13:35:04.412 [main] INFO org.evosuite.runtime.instrumentation.EvoClassLoader - Seeing class for first time: net.sf.saxon.expr.StaticContext
13:35:04.412 [main] INFO org.evosuite.runtime.instrumentation.EvoClassLoader - Instrumenting class 'net.sf.saxon.expr.StaticContext'.
13:35:04.413 [main] INFO org.evosuite.runtime.instrumentation.EvoClassLoader - Defined package (3): package net.sf.saxon.expr, 910548324
13:35:04.414 [main] INFO org.evosuite.runtime.instrumentation.EvoClassLoader - Keeping class: net.sf.saxon.expr.StaticContext
13:35:04.414 [main] INFO org.evosuite.runtime.instrumentation.EvoClassLoader - Seeing class for first time: net.sf.saxon.expr.Expression
13:35:04.414 [main] INFO org.evosuite.runtime.instrumentation.EvoClassLoader - Instrumenting class 'net.sf.saxon.expr.Expression'.
13:35:04.416 [main] INFO org.evosuite.runtime.instrumentation.MethodCallReplacementClassAdapter - Adding mock interface to class net/sf/saxon/expr/Expression
13:35:04.423 [main] INFO org.evosuite.runtime.instrumentation.CreateClassResetClassAdapter - Found static initializer in class net/sf/saxon/expr/Expression
13:35:04.424 [main] INFO org.evosuite.runtime.instrumentation.EvoClassLoader - Seeing class for first time: net.sf.saxon.expr.ExportAgent
13:35:04.424 [main] INFO org.evosuite.runtime.instrumentation.EvoClassLoader - Instrumenting class 'net.sf.saxon.expr.ExportAgent'.
13:35:04.425 [main] INFO org.evosuite.runtime.instrumentation.EvoClassLoader - Keeping class: net.sf.saxon.expr.ExportAgent
13:35:04.425 [main] INFO org.evosuite.runtime.instrumentation.EvoClassLoader - Seeing class for first time: net.sf.saxon.expr.Locatable
13:35:04.425 [main] INFO org.evosuite.runtime.instrumentation.EvoClassLoader - Instrumenting class 'net.sf.saxon.expr.Locatable'.
13:35:04.426 [main] INFO org.evosuite.runtime.instrumentation.EvoClassLoader - Keeping class: net.sf.saxon.expr.Locatable
13:35:04.427 [main] INFO org.evosuite.runtime.instrumentation.EvoClassLoader - Keeping class: net.sf.saxon.expr.Expression
13:35:04.427 [main] INFO org.evosuite.runtime.instrumentation.EvoClassLoader - Seeing class for first time: net.sf.saxon.expr.ErrorExpression
13:35:04.427 [main] INFO org.evosuite.runtime.instrumentation.EvoClassLoader - Instrumenting class 'net.sf.saxon.expr.ErrorExpression'.
13:35:04.428 [main] INFO org.evosuite.runtime.instrumentation.MethodCallReplacementClassAdapter - Adding mock interface to class net/sf/saxon/expr/ErrorExpression
13:35:04.429 [main] INFO org.evosuite.runtime.instrumentation.CreateClassResetClassAdapter - Creating brand-new static initializer in class net/sf/saxon/expr/ErrorExpression
13:35:04.429 [main] INFO org.evosuite.runtime.instrumentation.EvoClassLoader - Keeping class: net.sf.saxon.expr.ErrorExpression
13:35:04.430 [main] INFO org.evosuite.runtime.instrumentation.EvoClassLoader - Seeing class for first time: net.sf.saxon.pattern.Pattern
13:35:04.430 [main] INFO org.evosuite.runtime.instrumentation.EvoClassLoader - Instrumenting class 'net.sf.saxon.pattern.Pattern'.
13:35:04.431 [main] INFO org.evosuite.runtime.instrumentation.MethodCallReplacementClassAdapter - Adding mock interface to class net/sf/saxon/pattern/Pattern
13:35:04.435 [main] INFO org.evosuite.runtime.instrumentation.CreateClassResetClassAdapter - Creating brand-new static initializer in class net/sf/saxon/pattern/Pattern
13:35:04.444 [main] INFO org.evosuite.runtime.instrumentation.EvoClassLoader - Seeing class for first time: net.sf.saxon.expr.PseudoExpression
13:35:04.444 [main] INFO org.evosuite.runtime.instrumentation.EvoClassLoader - Instrumenting class 'net.sf.saxon.expr.PseudoExpression'.
13:35:04.445 [main] INFO org.evosuite.runtime.instrumentation.MethodCallReplacementClassAdapter - Adding mock interface to class net/sf/saxon/expr/PseudoExpression
13:35:04.445 [main] INFO org.evosuite.runtime.instrumentation.CreateClassResetClassAdapter - Creating brand-new static initializer in class net/sf/saxon/expr/PseudoExpression
13:35:04.446 [main] INFO org.evosuite.runtime.instrumentation.EvoClassLoader - Keeping class: net.sf.saxon.expr.PseudoExpression
13:35:04.446 [main] INFO org.evosuite.runtime.instrumentation.EvoClassLoader - Keeping class: net.sf.saxon.pattern.Pattern
13:35:04.446 [main] INFO org.evosuite.runtime.instrumentation.EvoClassLoader - Seeing class for first time: net.sf.saxon.pattern.PatternThatSetsCurrent
13:35:04.446 [main] INFO org.evosuite.runtime.instrumentation.EvoClassLoader - Instrumenting class 'net.sf.saxon.pattern.PatternThatSetsCurrent'.
13:35:04.448 [main] INFO org.evosuite.runtime.instrumentation.MethodCallReplacementClassAdapter - Adding mock interface to class net/sf/saxon/pattern/PatternThatSetsCurrent
13:35:04.449 [main] INFO org.evosuite.runtime.instrumentation.CreateClassResetClassAdapter - Creating brand-new static initializer in class net/sf/saxon/pattern/PatternThatSetsCurrent
13:35:04.449 [main] INFO org.evosuite.runtime.instrumentation.EvoClassLoader - Keeping class: net.sf.saxon.pattern.PatternThatSetsCurrent
13:35:04.450 [main] INFO org.evosuite.runtime.instrumentation.EvoClassLoader - Seeing class for first time: net.sf.saxon.type.ErrorType
13:35:04.450 [main] INFO org.evosuite.runtime.instrumentation.EvoClassLoader - Instrumenting class 'net.sf.saxon.type.ErrorType'.
13:35:04.451 [main] INFO org.evosuite.runtime.instrumentation.MethodCallReplacementClassAdapter - Adding mock interface to class net/sf/saxon/type/ErrorType
13:35:04.452 [main] INFO org.evosuite.runtime.instrumentation.CreateClassResetClassAdapter - Found static initializer in class net/sf/saxon/type/ErrorType
13:35:04.452 [main] INFO org.evosuite.runtime.instrumentation.EvoClassLoader - Seeing class for first time: net.sf.saxon.type.AtomicType
13:35:04.452 [main] INFO org.evosuite.runtime.instrumentation.EvoClassLoader - Instrumenting class 'net.sf.saxon.type.AtomicType'.
13:35:04.454 [main] INFO org.evosuite.runtime.instrumentation.EvoClassLoader - Seeing class for first time: net.sf.saxon.type.PlainType
13:35:04.454 [main] INFO org.evosuite.runtime.instrumentation.EvoClassLoader - Instrumenting class 'net.sf.saxon.type.PlainType'.
13:35:04.456 [main] INFO org.evosuite.runtime.instrumentation.EvoClassLoader - Keeping class: net.sf.saxon.type.PlainType
13:35:04.457 [main] INFO org.evosuite.runtime.instrumentation.EvoClassLoader - Keeping class: net.sf.saxon.type.AtomicType
13:35:04.457 [main] INFO org.evosuite.runtime.instrumentation.EvoClassLoader - Seeing class for first time: net.sf.saxon.type.UnionType
13:35:04.457 [main] INFO org.evosuite.runtime.instrumentation.EvoClassLoader - Instrumenting class 'net.sf.saxon.type.UnionType'.
13:35:04.461 [main] INFO org.evosuite.runtime.instrumentation.EvoClassLoader - Keeping class: net.sf.saxon.type.UnionType
13:35:04.462 [main] INFO org.evosuite.runtime.instrumentation.EvoClassLoader - Keeping class: net.sf.saxon.type.ErrorType
13:35:04.462 [main] INFO org.evosuite.runtime.instrumentation.EvoClassLoader - Seeing class for first time: net.sf.saxon.pattern.NodeTestPattern
13:35:04.462 [main] INFO org.evosuite.runtime.instrumentation.EvoClassLoader - Instrumenting class 'net.sf.saxon.pattern.NodeTestPattern'.
13:35:04.463 [main] INFO org.evosuite.runtime.instrumentation.MethodCallReplacementClassAdapter - Adding mock interface to class net/sf/saxon/pattern/NodeTestPattern
13:35:04.464 [main] INFO org.evosuite.runtime.instrumentation.CreateClassResetClassAdapter - Creating brand-new static initializer in class net/sf/saxon/pattern/NodeTestPattern
13:35:04.465 [main] INFO org.evosuite.runtime.instrumentation.EvoClassLoader - Keeping class: net.sf.saxon.pattern.NodeTestPattern
13:35:04.465 [main] INFO org.evosuite.runtime.instrumentation.EvoClassLoader - Seeing class for first time: net.sf.saxon.pattern.BasePatternWithPredicate
13:35:04.465 [main] INFO org.evosuite.runtime.instrumentation.EvoClassLoader - Instrumenting class 'net.sf.saxon.pattern.BasePatternWithPredicate'.
13:35:04.466 [main] INFO org.evosuite.runtime.instrumentation.MethodCallReplacementClassAdapter - Adding mock interface to class net/sf/saxon/pattern/BasePatternWithPredicate
13:35:04.470 [main] INFO org.evosuite.runtime.instrumentation.CreateClassResetClassAdapter - Creating brand-new static initializer in class net/sf/saxon/pattern/BasePatternWithPredicate
13:35:04.470 [main] INFO org.evosuite.runtime.instrumentation.EvoClassLoader - Seeing class for first time: net.sf.saxon.pattern.PatternWithPredicate
13:35:04.470 [main] INFO org.evosuite.runtime.instrumentation.EvoClassLoader - Instrumenting class 'net.sf.saxon.pattern.PatternWithPredicate'.
13:35:04.471 [main] INFO org.evosuite.runtime.instrumentation.EvoClassLoader - Keeping class: net.sf.saxon.pattern.PatternWithPredicate
13:35:04.471 [main] INFO org.evosuite.runtime.instrumentation.EvoClassLoader - Keeping class: net.sf.saxon.pattern.BasePatternWithPredicate
13:35:04.473 [main] INFO org.evosuite.runtime.instrumentation.EvoClassLoader - Seeing class for first time: net.sf.saxon.expr.StringLiteral
13:35:04.473 [main] INFO org.evosuite.runtime.instrumentation.EvoClassLoader - Instrumenting class 'net.sf.saxon.expr.StringLiteral'.
13:35:04.474 [main] INFO org.evosuite.runtime.instrumentation.MethodCallReplacementClassAdapter - Adding mock interface to class net/sf/saxon/expr/StringLiteral
13:35:04.475 [main] INFO org.evosuite.runtime.instrumentation.CreateClassResetClassAdapter - Creating brand-new static initializer in class net/sf/saxon/expr/StringLiteral
13:35:04.475 [main] INFO org.evosuite.runtime.instrumentation.EvoClassLoader - Seeing class for first time: net.sf.saxon.expr.Literal
13:35:04.475 [main] INFO org.evosuite.runtime.instrumentation.EvoClassLoader - Instrumenting class 'net.sf.saxon.expr.Literal'.
13:35:04.477 [main] INFO org.evosuite.runtime.instrumentation.MethodCallReplacementClassAdapter - Adding mock interface to class net/sf/saxon/expr/Literal
13:35:04.479 [main] INFO org.evosuite.runtime.instrumentation.CreateClassResetClassAdapter - Found static initializer in class net/sf/saxon/expr/Literal
13:35:04.481 [main] INFO org.evosuite.runtime.instrumentation.EvoClassLoader - Keeping class: net.sf.saxon.expr.Literal
13:35:04.481 [main] INFO org.evosuite.runtime.instrumentation.EvoClassLoader - Keeping class: net.sf.saxon.expr.StringLiteral
13:35:04.482 [main] INFO org.evosuite.runtime.instrumentation.EvoClassLoader - Seeing class for first time: net.sf.saxon.expr.instruct.ValueOf
13:35:04.482 [main] INFO org.evosuite.runtime.instrumentation.EvoClassLoader - Instrumenting class 'net.sf.saxon.expr.instruct.ValueOf'.
13:35:04.483 [main] INFO org.evosuite.runtime.instrumentation.MethodCallReplacementClassAdapter - Adding mock interface to class net/sf/saxon/expr/instruct/ValueOf
13:35:04.485 [main] INFO org.evosuite.runtime.instrumentation.CreateClassResetClassAdapter - Found static initializer in class net/sf/saxon/expr/instruct/ValueOf
13:35:04.486 [main] INFO org.evosuite.runtime.instrumentation.EvoClassLoader - Defined package (3): package net.sf.saxon.expr.instruct, -1608692092
13:35:04.486 [main] INFO org.evosuite.runtime.instrumentation.EvoClassLoader - Seeing class for first time: net.sf.saxon.expr.instruct.SimpleNodeConstructor
13:35:04.486 [main] INFO org.evosuite.runtime.instrumentation.EvoClassLoader - Instrumenting class 'net.sf.saxon.expr.instruct.SimpleNodeConstructor'.
13:35:04.488 [main] INFO org.evosuite.runtime.instrumentation.MethodCallReplacementClassAdapter - Adding mock interface to class net/sf/saxon/expr/instruct/SimpleNodeConstructor
13:35:04.489 [main] INFO org.evosuite.runtime.instrumentation.CreateClassResetClassAdapter - Creating brand-new static initializer in class net/sf/saxon/expr/instruct/SimpleNodeConstructor
13:35:04.489 [main] INFO org.evosuite.runtime.instrumentation.EvoClassLoader - Seeing class for first time: net.sf.saxon.expr.instruct.Instruction
13:35:04.489 [main] INFO org.evosuite.runtime.instrumentation.EvoClassLoader - Instrumenting class 'net.sf.saxon.expr.instruct.Instruction'.
13:35:04.491 [main] INFO org.evosuite.runtime.instrumentation.MethodCallReplacementClassAdapter - Adding mock interface to class net/sf/saxon/expr/instruct/Instruction
13:35:04.492 [main] INFO org.evosuite.runtime.instrumentation.CreateClassResetClassAdapter - Creating brand-new static initializer in class net/sf/saxon/expr/instruct/Instruction
13:35:04.492 [main] INFO org.evosuite.runtime.instrumentation.EvoClassLoader - Seeing class for first time: net.sf.saxon.expr.instruct.TailCallReturner
13:35:04.492 [main] INFO org.evosuite.runtime.instrumentation.EvoClassLoader - Instrumenting class 'net.sf.saxon.expr.instruct.TailCallReturner'.
13:35:04.494 [main] INFO org.evosuite.runtime.instrumentation.EvoClassLoader - Keeping class: net.sf.saxon.expr.instruct.TailCallReturner
13:35:04.494 [main] INFO org.evosuite.runtime.instrumentation.EvoClassLoader - Keeping class: net.sf.saxon.expr.instruct.Instruction
13:35:04.494 [main] INFO org.evosuite.runtime.instrumentation.EvoClassLoader - Keeping class: net.sf.saxon.expr.instruct.SimpleNodeConstructor
13:35:04.494 [main] INFO org.evosuite.runtime.instrumentation.EvoClassLoader - Keeping class: net.sf.saxon.expr.instruct.ValueOf
13:35:04.494 [main] INFO org.evosuite.runtime.instrumentation.EvoClassLoader - Seeing class for first time: net.sf.saxon.expr.Binding
13:35:04.494 [main] INFO org.evosuite.runtime.instrumentation.EvoClassLoader - Instrumenting class 'net.sf.saxon.expr.Binding'.
13:35:04.496 [main] INFO org.evosuite.runtime.instrumentation.EvoClassLoader - Keeping class: net.sf.saxon.expr.Binding
13:35:04.496 [main] INFO org.evosuite.runtime.instrumentation.EvoClassLoader - Seeing class for first time: net.sf.saxon.expr.LetExpression
13:35:04.496 [main] INFO org.evosuite.runtime.instrumentation.EvoClassLoader - Instrumenting class 'net.sf.saxon.expr.LetExpression'.
13:35:04.498 [main] INFO org.evosuite.runtime.instrumentation.MethodCallReplacementClassAdapter - Adding mock interface to class net/sf/saxon/expr/LetExpression
13:35:04.500 [main] INFO org.evosuite.runtime.instrumentation.CreateClassResetClassAdapter - Found static initializer in class net/sf/saxon/expr/LetExpression
13:35:04.501 [main] INFO org.evosuite.runtime.instrumentation.EvoClassLoader - Seeing class for first time: net.sf.saxon.expr.Assignation
13:35:04.501 [main] INFO org.evosuite.runtime.instrumentation.EvoClassLoader - Instrumenting class 'net.sf.saxon.expr.Assignation'.
13:35:04.504 [main] INFO org.evosuite.runtime.instrumentation.MethodCallReplacementClassAdapter - Adding mock interface to class net/sf/saxon/expr/Assignation
13:35:04.507 [main] INFO org.evosuite.runtime.instrumentation.CreateClassResetClassAdapter - Found static initializer in class net/sf/saxon/expr/Assignation
13:35:04.508 [main] INFO org.evosuite.runtime.instrumentation.EvoClassLoader - Seeing class for first time: net.sf.saxon.expr.LocalBinding
13:35:04.508 [main] INFO org.evosuite.runtime.instrumentation.EvoClassLoader - Instrumenting class 'net.sf.saxon.expr.LocalBinding'.
13:35:04.509 [main] INFO org.evosuite.runtime.instrumentation.EvoClassLoader - Keeping class: net.sf.saxon.expr.LocalBinding
13:35:04.510 [main] INFO org.evosuite.runtime.instrumentation.EvoClassLoader - Keeping class: net.sf.saxon.expr.Assignation
13:35:04.510 [main] INFO org.evosuite.runtime.instrumentation.EvoClassLoader - Keeping class: net.sf.saxon.expr.LetExpression
13:35:04.510 [main] INFO org.evosuite.runtime.instrumentation.EvoClassLoader - Seeing class for first time: net.sf.saxon.expr.instruct.ConditionalBlock
13:35:04.510 [main] INFO org.evosuite.runtime.instrumentation.EvoClassLoader - Instrumenting class 'net.sf.saxon.expr.instruct.ConditionalBlock'.
13:35:04.512 [main] INFO org.evosuite.runtime.instrumentation.MethodCallReplacementClassAdapter - Adding mock interface to class net/sf/saxon/expr/instruct/ConditionalBlock
13:35:04.513 [main] INFO org.evosuite.runtime.instrumentation.CreateClassResetClassAdapter - Creating brand-new static initializer in class net/sf/saxon/expr/instruct/ConditionalBlock
13:35:04.514 [main] INFO org.evosuite.runtime.instrumentation.EvoClassLoader - Keeping class: net.sf.saxon.expr.instruct.ConditionalBlock
13:35:04.514 [main] INFO org.evosuite.runtime.instrumentation.EvoClassLoader - Seeing class for first time: net.sf.saxon.expr.instruct.SequenceInstr
13:35:04.514 [main] INFO org.evosuite.runtime.instrumentation.EvoClassLoader - Instrumenting class 'net.sf.saxon.expr.instruct.SequenceInstr'.
13:35:04.515 [main] INFO org.evosuite.runtime.instrumentation.MethodCallReplacementClassAdapter - Adding mock interface to class net/sf/saxon/expr/instruct/SequenceInstr
13:35:04.515 [main] INFO org.evosuite.runtime.instrumentation.CreateClassResetClassAdapter - Creating brand-new static initializer in class net/sf/saxon/expr/instruct/SequenceInstr
13:35:04.516 [main] INFO org.evosuite.runtime.instrumentation.EvoClassLoader - Seeing class for first time: net.sf.saxon.expr.UnaryExpression
13:35:04.516 [main] INFO org.evosuite.runtime.instrumentation.EvoClassLoader - Instrumenting class 'net.sf.saxon.expr.UnaryExpression'.
13:35:04.517 [main] INFO org.evosuite.runtime.instrumentation.MethodCallReplacementClassAdapter - Adding mock interface to class net/sf/saxon/expr/UnaryExpression
13:35:04.517 [main] INFO org.evosuite.runtime.instrumentation.CreateClassResetClassAdapter - Creating brand-new static initializer in class net/sf/saxon/expr/UnaryExpression
13:35:04.518 [main] INFO org.evosuite.runtime.instrumentation.EvoClassLoader - Keeping class: net.sf.saxon.expr.UnaryExpression
13:35:04.518 [main] INFO org.evosuite.runtime.instrumentation.EvoClassLoader - Keeping class: net.sf.saxon.expr.instruct.SequenceInstr
13:35:04.519 [main] INFO org.evosuite.runtime.instrumentation.EvoClassLoader - Seeing class for first time: net.sf.saxon.om.QNameException
13:35:04.519 [main] INFO org.evosuite.runtime.instrumentation.EvoClassLoader - Instrumenting class 'net.sf.saxon.om.QNameException'.
13:35:04.520 [main] INFO org.evosuite.runtime.instrumentation.MethodCallReplacementClassAdapter - Adding mock interface to class net/sf/saxon/om/QNameException
13:35:04.520 [main] INFO org.evosuite.runtime.instrumentation.CreateClassResetClassAdapter - Creating brand-new static initializer in class net/sf/saxon/om/QNameException
13:35:04.521 [main] INFO org.evosuite.runtime.instrumentation.EvoClassLoader - Keeping class: net.sf.saxon.om.QNameException
13:35:04.522 [main] INFO org.evosuite.runtime.instrumentation.EvoClassLoader - Seeing class for first time: net.sf.saxon.om.StructuredQName
13:35:04.522 [main] INFO org.evosuite.runtime.instrumentation.EvoClassLoader - Instrumenting class 'net.sf.saxon.om.StructuredQName'.
13:35:04.523 [main] INFO org.evosuite.runtime.instrumentation.MethodCallReplacementClassAdapter - Adding mock interface to class net/sf/saxon/om/StructuredQName
13:35:04.525 [main] INFO org.evosuite.runtime.instrumentation.CreateClassResetClassAdapter - Creating brand-new static initializer in class net/sf/saxon/om/StructuredQName
13:35:04.526 [main] INFO org.evosuite.runtime.instrumentation.EvoClassLoader - Keeping class: net.sf.saxon.om.StructuredQName
13:35:04.526 [main] INFO org.evosuite.runtime.instrumentation.EvoClassLoader - Seeing class for first time: net.sf.saxon.style.StylesheetPackage
13:35:04.526 [main] INFO org.evosuite.runtime.instrumentation.EvoClassLoader - Instrumenting class 'net.sf.saxon.style.StylesheetPackage'.
13:35:04.530 [main] INFO org.evosuite.runtime.instrumentation.MethodCallReplacementClassAdapter - Adding mock interface to class net/sf/saxon/style/StylesheetPackage
13:35:04.534 [main] INFO org.evosuite.runtime.instrumentation.CreateClassResetClassAdapter - Creating brand-new static initializer in class net/sf/saxon/style/StylesheetPackage
13:35:04.534 [main] INFO org.evosuite.runtime.instrumentation.CreateClassResetClassAdapter - Adding bytecode for initializing field TRACING
13:35:04.536 [main] INFO org.evosuite.runtime.instrumentation.EvoClassLoader - Seeing class for first time: net.sf.saxon.expr.PackageData
13:35:04.536 [main] INFO org.evosuite.runtime.instrumentation.EvoClassLoader - Instrumenting class 'net.sf.saxon.expr.PackageData'.
13:35:04.537 [main] INFO org.evosuite.runtime.instrumentation.MethodCallReplacementClassAdapter - Adding mock interface to class net/sf/saxon/expr/PackageData
13:35:04.539 [main] INFO org.evosuite.runtime.instrumentation.CreateClassResetClassAdapter - Creating brand-new static initializer in class net/sf/saxon/expr/PackageData
13:35:04.540 [main] INFO org.evosuite.runtime.instrumentation.EvoClassLoader - Keeping class: net.sf.saxon.expr.PackageData
13:35:04.540 [main] INFO org.evosuite.runtime.instrumentation.EvoClassLoader - Keeping class: net.sf.saxon.style.StylesheetPackage
13:35:04.540 [main] INFO org.evosuite.runtime.instrumentation.EvoClassLoader - Seeing class for first time: net.sf.saxon.expr.instruct.Actor
13:35:04.540 [main] INFO org.evosuite.runtime.instrumentation.EvoClassLoader - Instrumenting class 'net.sf.saxon.expr.instruct.Actor'.
13:35:04.542 [main] INFO org.evosuite.runtime.instrumentation.MethodCallReplacementClassAdapter - Adding mock interface to class net/sf/saxon/expr/instruct/Actor
13:35:04.543 [main] INFO org.evosuite.runtime.instrumentation.CreateClassResetClassAdapter - Creating brand-new static initializer in class net/sf/saxon/expr/instruct/Actor
13:35:04.543 [main] INFO org.evosuite.runtime.instrumentation.EvoClassLoader - Seeing class for first time: net.sf.saxon.trace.InstructionInfo
13:35:04.544 [main] INFO org.evosuite.runtime.instrumentation.EvoClassLoader - Instrumenting class 'net.sf.saxon.trace.InstructionInfo'.
13:35:04.545 [main] INFO org.evosuite.runtime.instrumentation.EvoClassLoader - Defined package (3): package net.sf.saxon.trace, -1824113738
13:35:04.545 [main] INFO org.evosuite.runtime.instrumentation.EvoClassLoader - Keeping class: net.sf.saxon.trace.InstructionInfo
13:35:04.545 [main] INFO org.evosuite.runtime.instrumentation.EvoClassLoader - Seeing class for first time: net.sf.saxon.expr.ExpressionOwner
13:35:04.545 [main] INFO org.evosuite.runtime.instrumentation.EvoClassLoader - Instrumenting class 'net.sf.saxon.expr.ExpressionOwner'.
13:35:04.546 [main] INFO org.evosuite.runtime.instrumentation.EvoClassLoader - Keeping class: net.sf.saxon.expr.ExpressionOwner
13:35:04.546 [main] INFO org.evosuite.runtime.instrumentation.EvoClassLoader - Keeping class: net.sf.saxon.expr.instruct.Actor
13:35:04.546 [main] INFO org.evosuite.runtime.instrumentation.EvoClassLoader - Seeing class for first time: net.sf.saxon.expr.Component
13:35:04.546 [main] INFO org.evosuite.runtime.instrumentation.EvoClassLoader - Instrumenting class 'net.sf.saxon.expr.Component'.
13:35:04.548 [main] INFO org.evosuite.runtime.instrumentation.MethodCallReplacementClassAdapter - Adding mock interface to class net/sf/saxon/expr/Component
13:35:04.550 [main] INFO org.evosuite.runtime.instrumentation.CreateClassResetClassAdapter - Creating brand-new static initializer in class net/sf/saxon/expr/Component
13:35:04.551 [main] INFO org.evosuite.runtime.instrumentation.EvoClassLoader - Keeping class: net.sf.saxon.expr.Component
13:35:04.551 [main] INFO org.evosuite.runtime.instrumentation.EvoClassLoader - Seeing class for first time: net.sf.saxon.expr.instruct.SavedNamespaceContext
13:35:04.551 [main] INFO org.evosuite.runtime.instrumentation.EvoClassLoader - Instrumenting class 'net.sf.saxon.expr.instruct.SavedNamespaceContext'.
13:35:04.553 [main] INFO org.evosuite.runtime.instrumentation.MethodCallReplacementClassAdapter - Adding mock interface to class net/sf/saxon/expr/instruct/SavedNamespaceContext
13:35:04.554 [main] INFO org.evosuite.runtime.instrumentation.CreateClassResetClassAdapter - Creating brand-new static initializer in class net/sf/saxon/expr/instruct/SavedNamespaceContext
13:35:04.554 [main] INFO org.evosuite.runtime.instrumentation.EvoClassLoader - Keeping class: net.sf.saxon.expr.instruct.SavedNamespaceContext
13:35:04.554 [main] INFO org.evosuite.runtime.instrumentation.EvoClassLoader - Seeing class for first time: net.sf.saxon.expr.parser.RetainedStaticContext
13:35:04.554 [main] INFO org.evosuite.runtime.instrumentation.EvoClassLoader - Instrumenting class 'net.sf.saxon.expr.parser.RetainedStaticContext'.
13:35:04.556 [main] INFO org.evosuite.runtime.instrumentation.MethodCallReplacementClassAdapter - Adding mock interface to class net/sf/saxon/expr/parser/RetainedStaticContext
13:35:04.558 [main] INFO org.evosuite.runtime.instrumentation.CreateClassResetClassAdapter - Creating brand-new static initializer in class net/sf/saxon/expr/parser/RetainedStaticContext
13:35:04.559 [main] INFO org.evosuite.runtime.instrumentation.EvoClassLoader - Keeping class: net.sf.saxon.expr.parser.RetainedStaticContext
13:35:04.559 [main] INFO org.evosuite.runtime.instrumentation.EvoClassLoader - Seeing class for first time: net.sf.saxon.value.SequenceType
13:35:04.559 [main] INFO org.evosuite.runtime.instrumentation.EvoClassLoader - Instrumenting class 'net.sf.saxon.value.SequenceType'.
13:35:04.561 [main] INFO org.evosuite.runtime.instrumentation.MethodCallReplacementClassAdapter - Adding mock interface to class net/sf/saxon/value/SequenceType
13:35:04.562 [main] INFO org.evosuite.runtime.instrumentation.CreateClassResetClassAdapter - Found static initializer in class net/sf/saxon/value/SequenceType
13:35:04.562 [main] INFO org.evosuite.runtime.instrumentation.EvoClassLoader - Defined package (3): package net.sf.saxon.value, -1822762014
13:35:04.563 [main] INFO org.evosuite.runtime.instrumentation.EvoClassLoader - Keeping class: net.sf.saxon.value.SequenceType
13:35:04.563 [main] INFO org.evosuite.runtime.instrumentation.EvoClassLoader - Seeing class for first time: net.sf.saxon.style.PrincipalStylesheetModule
13:35:04.563 [main] INFO org.evosuite.runtime.instrumentation.EvoClassLoader - Instrumenting class 'net.sf.saxon.style.PrincipalStylesheetModule'.
13:35:04.568 [main] INFO org.evosuite.runtime.instrumentation.MethodCallReplacementClassAdapter - Adding mock interface to class net/sf/saxon/style/PrincipalStylesheetModule
13:35:04.575 [main] INFO org.evosuite.runtime.instrumentation.CreateClassResetClassAdapter - Creating brand-new static initializer in class net/sf/saxon/style/PrincipalStylesheetModule
13:35:04.576 [main] INFO org.evosuite.runtime.instrumentation.EvoClassLoader - Seeing class for first time: net.sf.saxon.trans.GlobalVariableManager
13:35:04.576 [main] INFO org.evosuite.runtime.instrumentation.EvoClassLoader - Instrumenting class 'net.sf.saxon.trans.GlobalVariableManager'.
13:35:04.578 [main] INFO org.evosuite.runtime.instrumentation.EvoClassLoader - Keeping class: net.sf.saxon.trans.GlobalVariableManager
13:35:04.579 [main] INFO org.evosuite.runtime.instrumentation.EvoClassLoader - Seeing class for first time: net.sf.saxon.style.StylesheetModule
13:35:04.579 [main] INFO org.evosuite.runtime.instrumentation.EvoClassLoader - Instrumenting class 'net.sf.saxon.style.StylesheetModule'.
13:35:04.581 [main] INFO org.evosuite.runtime.instrumentation.MethodCallReplacementClassAdapter - Adding mock interface to class net/sf/saxon/style/StylesheetModule
13:35:04.584 [main] INFO org.evosuite.runtime.instrumentation.CreateClassResetClassAdapter - Creating brand-new static initializer in class net/sf/saxon/style/StylesheetModule
13:35:04.585 [main] INFO org.evosuite.runtime.instrumentation.EvoClassLoader - Keeping class: net.sf.saxon.style.StylesheetModule
13:35:04.585 [main] INFO org.evosuite.runtime.instrumentation.EvoClassLoader - Keeping class: net.sf.saxon.style.PrincipalStylesheetModule
13:35:04.586 [main] INFO org.evosuite.runtime.instrumentation.EvoClassLoader - Seeing class for first time: net.sf.saxon.expr.parser.ExpressionVisitor
13:35:04.586 [main] INFO org.evosuite.runtime.instrumentation.EvoClassLoader - Instrumenting class 'net.sf.saxon.expr.parser.ExpressionVisitor'.
13:35:04.587 [main] INFO org.evosuite.runtime.instrumentation.MethodCallReplacementClassAdapter - Adding mock interface to class net/sf/saxon/expr/parser/ExpressionVisitor
13:35:04.588 [main] INFO org.evosuite.runtime.instrumentation.CreateClassResetClassAdapter - Creating brand-new static initializer in class net/sf/saxon/expr/parser/ExpressionVisitor
13:35:04.588 [main] INFO org.evosuite.runtime.instrumentation.CreateClassResetClassAdapter - Adding bytecode for initializing field MAX_DEPTH
13:35:04.589 [main] INFO org.evosuite.runtime.instrumentation.EvoClassLoader - Keeping class: net.sf.saxon.expr.parser.ExpressionVisitor
13:35:04.589 [main] INFO org.evosuite.runtime.instrumentation.EvoClassLoader - Seeing class for first time: net.sf.saxon.trans.Visibility
13:35:04.589 [main] INFO org.evosuite.runtime.instrumentation.EvoClassLoader - Instrumenting class 'net.sf.saxon.trans.Visibility'.
13:35:04.590 [main] INFO org.evosuite.runtime.instrumentation.MethodCallReplacementClassAdapter - Adding mock interface to class net/sf/saxon/trans/Visibility
13:35:04.590 [main] INFO org.evosuite.runtime.instrumentation.CreateClassResetClassAdapter - Found static initializer in class net/sf/saxon/trans/Visibility
13:35:04.591 [main] INFO org.evosuite.runtime.instrumentation.EvoClassLoader - Keeping class: net.sf.saxon.trans.Visibility
13:35:04.591 [main] INFO org.evosuite.runtime.instrumentation.EvoClassLoader - Seeing class for first time: net.sf.saxon.style.XSLModuleRoot
13:35:04.591 [main] INFO org.evosuite.runtime.instrumentation.EvoClassLoader - Instrumenting class 'net.sf.saxon.style.XSLModuleRoot'.
13:35:04.592 [main] INFO org.evosuite.runtime.instrumentation.MethodCallReplacementClassAdapter - Adding mock interface to class net/sf/saxon/style/XSLModuleRoot
13:35:04.593 [main] INFO org.evosuite.runtime.instrumentation.CreateClassResetClassAdapter - Creating brand-new static initializer in class net/sf/saxon/style/XSLModuleRoot
13:35:04.593 [main] INFO org.evosuite.runtime.instrumentation.CreateClassResetClassAdapter - Adding bytecode for initializing field ANNOTATION_UNSPECIFIED
13:35:04.593 [main] INFO org.evosuite.runtime.instrumentation.CreateClassResetClassAdapter - Adding bytecode for initializing field ANNOTATION_STRIP
13:35:04.593 [main] INFO org.evosuite.runtime.instrumentation.CreateClassResetClassAdapter - Adding bytecode for initializing field ANNOTATION_PRESERVE
13:35:04.593 [main] INFO org.evosuite.runtime.instrumentation.EvoClassLoader - Keeping class: net.sf.saxon.style.XSLModuleRoot
13:35:04.593 [main] INFO org.evosuite.runtime.instrumentation.EvoClassLoader - Seeing class for first time: net.sf.saxon.style.Compilation
13:35:04.593 [main] INFO org.evosuite.runtime.instrumentation.EvoClassLoader - Instrumenting class 'net.sf.saxon.style.Compilation'.
13:35:04.595 [main] INFO org.evosuite.runtime.instrumentation.MethodCallReplacementClassAdapter - Adding mock interface to class net/sf/saxon/style/Compilation
13:35:04.599 [main] INFO org.evosuite.runtime.instrumentation.CreateClassResetClassAdapter - Creating brand-new static initializer in class net/sf/saxon/style/Compilation
13:35:04.599 [main] INFO org.evosuite.runtime.instrumentation.CreateClassResetClassAdapter - Adding bytecode for initializing field TIMING
13:35:04.600 [main] INFO org.evosuite.runtime.instrumentation.EvoClassLoader - Keeping class: net.sf.saxon.style.Compilation
13:35:04.600 [main] INFO org.evosuite.runtime.instrumentation.EvoClassLoader - Seeing class for first time: net.sf.saxon.style.ExpressionContext
13:35:04.600 [main] INFO org.evosuite.runtime.instrumentation.EvoClassLoader - Instrumenting class 'net.sf.saxon.style.ExpressionContext'.
13:35:04.602 [main] INFO org.evosuite.runtime.instrumentation.MethodCallReplacementClassAdapter - Adding mock interface to class net/sf/saxon/style/ExpressionContext
13:35:04.605 [main] INFO org.evosuite.runtime.instrumentation.CreateClassResetClassAdapter - Creating brand-new static initializer in class net/sf/saxon/style/ExpressionContext
13:35:04.606 [main] INFO org.evosuite.runtime.instrumentation.EvoClassLoader - Seeing class for first time: net.sf.saxon.style.XSLTStaticContext
13:35:04.606 [main] INFO org.evosuite.runtime.instrumentation.EvoClassLoader - Instrumenting class 'net.sf.saxon.style.XSLTStaticContext'.
13:35:04.608 [main] INFO org.evosuite.runtime.instrumentation.EvoClassLoader - Keeping class: net.sf.saxon.style.XSLTStaticContext
13:35:04.608 [main] INFO org.evosuite.runtime.instrumentation.EvoClassLoader - Keeping class: net.sf.saxon.style.ExpressionContext
13:35:04.608 [main] INFO org.evosuite.runtime.instrumentation.EvoClassLoader - Seeing class for first time: net.sf.saxon.lib.StringCollator
13:35:04.608 [main] INFO org.evosuite.runtime.instrumentation.EvoClassLoader - Instrumenting class 'net.sf.saxon.lib.StringCollator'.
13:35:04.609 [main] INFO org.evosuite.runtime.instrumentation.EvoClassLoader - Keeping class: net.sf.saxon.lib.StringCollator
13:35:04.610 [main] INFO org.evosuite.runtime.instrumentation.EvoClassLoader - Seeing class for first time: net.sf.saxon.expr.instruct.SlotManager
13:35:04.610 [main] INFO org.evosuite.runtime.instrumentation.EvoClassLoader - Instrumenting class 'net.sf.saxon.expr.instruct.SlotManager'.
13:35:04.611 [main] INFO org.evosuite.runtime.instrumentation.MethodCallReplacementClassAdapter - Adding mock interface to class net/sf/saxon/expr/instruct/SlotManager
13:35:04.611 [main] INFO org.evosuite.runtime.instrumentation.CreateClassResetClassAdapter - Found static initializer in class net/sf/saxon/expr/instruct/SlotManager
13:35:04.612 [main] INFO org.evosuite.runtime.instrumentation.EvoClassLoader - Keeping class: net.sf.saxon.expr.instruct.SlotManager
13:35:04.612 [main] INFO org.evosuite.runtime.instrumentation.EvoClassLoader - Seeing class for first time: net.sf.saxon.style.ComponentDeclaration
13:35:04.612 [main] INFO org.evosuite.runtime.instrumentation.EvoClassLoader - Instrumenting class 'net.sf.saxon.style.ComponentDeclaration'.
13:35:04.613 [main] INFO org.evosuite.runtime.instrumentation.MethodCallReplacementClassAdapter - Adding mock interface to class net/sf/saxon/style/ComponentDeclaration
13:35:04.614 [main] INFO org.evosuite.runtime.instrumentation.CreateClassResetClassAdapter - Creating brand-new static initializer in class net/sf/saxon/style/ComponentDeclaration
13:35:04.614 [main] INFO org.evosuite.runtime.instrumentation.EvoClassLoader - Keeping class: net.sf.saxon.style.ComponentDeclaration
13:35:04.614 [main] INFO org.evosuite.runtime.instrumentation.EvoClassLoader - Seeing class for first time: net.sf.saxon.expr.sort.SortKeyDefinitionList
13:35:04.614 [main] INFO org.evosuite.runtime.instrumentation.EvoClassLoader - Instrumenting class 'net.sf.saxon.expr.sort.SortKeyDefinitionList'.
13:35:04.615 [main] INFO org.evosuite.runtime.instrumentation.MethodCallReplacementClassAdapter - Adding mock interface to class net/sf/saxon/expr/sort/SortKeyDefinitionList
13:35:04.616 [main] INFO org.evosuite.runtime.instrumentation.CreateClassResetClassAdapter - Creating brand-new static initializer in class net/sf/saxon/expr/sort/SortKeyDefinitionList
13:35:04.616 [main] INFO org.evosuite.runtime.instrumentation.EvoClassLoader - Defined package (3): package net.sf.saxon.expr.sort, -1187049496
13:35:04.617 [main] INFO org.evosuite.runtime.instrumentation.EvoClassLoader - Keeping class: net.sf.saxon.expr.sort.SortKeyDefinitionList
13:35:04.617 [main] INFO org.evosuite.runtime.instrumentation.EvoClassLoader - Seeing class for first time: net.sf.saxon.expr.instruct.WithParam
13:35:04.617 [main] INFO org.evosuite.runtime.instrumentation.EvoClassLoader - Instrumenting class 'net.sf.saxon.expr.instruct.WithParam'.
13:35:04.619 [main] INFO org.evosuite.runtime.instrumentation.MethodCallReplacementClassAdapter - Adding mock interface to class net/sf/saxon/expr/instruct/WithParam
13:35:04.621 [main] INFO org.evosuite.runtime.instrumentation.CreateClassResetClassAdapter - Found static initializer in class net/sf/saxon/expr/instruct/WithParam
13:35:04.622 [main] INFO org.evosuite.runtime.instrumentation.EvoClassLoader - Keeping class: net.sf.saxon.expr.instruct.WithParam
13:35:04.622 [main] INFO org.evosuite.runtime.instrumentation.EvoClassLoader - Seeing class for first time: net.sf.saxon.style.SourceBinding
13:35:04.622 [main] INFO org.evosuite.runtime.instrumentation.EvoClassLoader - Instrumenting class 'net.sf.saxon.style.SourceBinding'.
13:35:04.625 [main] INFO org.evosuite.runtime.instrumentation.MethodCallReplacementClassAdapter - Adding mock interface to class net/sf/saxon/style/SourceBinding
13:35:04.634 [main] INFO org.evosuite.runtime.instrumentation.CreateClassResetClassAdapter - Creating brand-new static initializer in class net/sf/saxon/style/SourceBinding
13:35:04.634 [main] INFO org.evosuite.runtime.instrumentation.CreateClassResetClassAdapter - Adding bytecode for initializing field PRIVATE
13:35:04.634 [main] INFO org.evosuite.runtime.instrumentation.CreateClassResetClassAdapter - Adding bytecode for initializing field GLOBAL
13:35:04.634 [main] INFO org.evosuite.runtime.instrumentation.CreateClassResetClassAdapter - Adding bytecode for initializing field PARAM
13:35:04.634 [main] INFO org.evosuite.runtime.instrumentation.CreateClassResetClassAdapter - Adding bytecode for initializing field TUNNEL
13:35:04.634 [main] INFO org.evosuite.runtime.instrumentation.CreateClassResetClassAdapter - Adding bytecode for initializing field REQUIRED
13:35:04.634 [main] INFO org.evosuite.runtime.instrumentation.CreateClassResetClassAdapter - Adding bytecode for initializing field IMPLICITLY_REQUIRED
13:35:04.634 [main] INFO org.evosuite.runtime.instrumentation.CreateClassResetClassAdapter - Adding bytecode for initializing field ASSIGNABLE
13:35:04.634 [main] INFO org.evosuite.runtime.instrumentation.CreateClassResetClassAdapter - Adding bytecode for initializing field SELECT
13:35:04.634 [main] INFO org.evosuite.runtime.instrumentation.CreateClassResetClassAdapter - Adding bytecode for initializing field AS
13:35:04.634 [main] INFO org.evosuite.runtime.instrumentation.CreateClassResetClassAdapter - Adding bytecode for initializing field DISALLOWS_CONTENT
13:35:04.634 [main] INFO org.evosuite.runtime.instrumentation.CreateClassResetClassAdapter - Adding bytecode for initializing field STATIC
13:35:04.634 [main] INFO org.evosuite.runtime.instrumentation.CreateClassResetClassAdapter - Adding bytecode for initializing field VISIBILITY
13:35:04.634 [main] INFO org.evosuite.runtime.instrumentation.CreateClassResetClassAdapter - Adding bytecode for initializing field IMPLICITLY_DECLARED
13:35:04.635 [main] INFO org.evosuite.runtime.instrumentation.EvoClassLoader - Keeping class: net.sf.saxon.style.SourceBinding
13:35:04.636 [main] INFO org.evosuite.runtime.instrumentation.EvoClassLoader - Seeing class for first time: net.sf.saxon.style.XSLGlobalVariable
13:35:04.636 [main] INFO org.evosuite.runtime.instrumentation.EvoClassLoader - Instrumenting class 'net.sf.saxon.style.XSLGlobalVariable'.
13:35:04.638 [main] INFO org.evosuite.runtime.instrumentation.MethodCallReplacementClassAdapter - Adding mock interface to class net/sf/saxon/style/XSLGlobalVariable
13:35:04.650 [main] INFO org.evosuite.runtime.instrumentation.CreateClassResetClassAdapter - Creating brand-new static initializer in class net/sf/saxon/style/XSLGlobalVariable
13:35:04.651 [main] INFO org.evosuite.runtime.instrumentation.EvoClassLoader - Seeing class for first time: net.sf.saxon.style.StylesheetComponent
13:35:04.651 [main] INFO org.evosuite.runtime.instrumentation.EvoClassLoader - Instrumenting class 'net.sf.saxon.style.StylesheetComponent'.
13:35:04.652 [main] INFO org.evosuite.runtime.instrumentation.EvoClassLoader - Keeping class: net.sf.saxon.style.StylesheetComponent
13:35:04.652 [main] INFO org.evosuite.runtime.instrumentation.EvoClassLoader - Keeping class: net.sf.saxon.style.XSLGlobalVariable
13:35:04.653 [main] INFO org.evosuite.runtime.instrumentation.EvoClassLoader - Seeing class for first time: net.sf.saxon.expr.instruct.GlobalVariable
13:35:04.653 [main] INFO org.evosuite.runtime.instrumentation.EvoClassLoader - Instrumenting class 'net.sf.saxon.expr.instruct.GlobalVariable'.
13:35:04.654 [main] INFO org.evosuite.runtime.instrumentation.MethodCallReplacementClassAdapter - Adding mock interface to class net/sf/saxon/expr/instruct/GlobalVariable
13:35:04.658 [main] INFO org.evosuite.runtime.instrumentation.CreateClassResetClassAdapter - Found static initializer in class net/sf/saxon/expr/instruct/GlobalVariable
13:35:04.659 [main] INFO org.evosuite.runtime.instrumentation.EvoClassLoader - Seeing class for first time: net.sf.saxon.query.Declaration
13:35:04.659 [main] INFO org.evosuite.runtime.instrumentation.EvoClassLoader - Instrumenting class 'net.sf.saxon.query.Declaration'.
13:35:04.660 [main] INFO org.evosuite.runtime.instrumentation.EvoClassLoader - Defined package (3): package net.sf.saxon.query, -1826790599
13:35:04.660 [main] INFO org.evosuite.runtime.instrumentation.EvoClassLoader - Keeping class: net.sf.saxon.query.Declaration
13:35:04.660 [main] INFO org.evosuite.runtime.instrumentation.EvoClassLoader - Seeing class for first time: net.sf.saxon.expr.ContextOriginator
13:35:04.660 [main] INFO org.evosuite.runtime.instrumentation.EvoClassLoader - Instrumenting class 'net.sf.saxon.expr.ContextOriginator'.
13:35:04.661 [main] INFO org.evosuite.runtime.instrumentation.EvoClassLoader - Keeping class: net.sf.saxon.expr.ContextOriginator
13:35:04.661 [main] INFO org.evosuite.runtime.instrumentation.EvoClassLoader - Keeping class: net.sf.saxon.expr.instruct.GlobalVariable
13:35:04.661 [main] INFO org.evosuite.runtime.instrumentation.EvoClassLoader - Seeing class for first time: net.sf.saxon.expr.instruct.GlobalParam
13:35:04.661 [main] INFO org.evosuite.runtime.instrumentation.EvoClassLoader - Instrumenting class 'net.sf.saxon.expr.instruct.GlobalParam'.
13:35:04.662 [main] INFO org.evosuite.runtime.instrumentation.MethodCallReplacementClassAdapter - Adding mock interface to class net/sf/saxon/expr/instruct/GlobalParam
13:35:04.662 [main] INFO org.evosuite.runtime.instrumentation.CreateClassResetClassAdapter - Found static initializer in class net/sf/saxon/expr/instruct/GlobalParam
13:35:04.663 [main] INFO org.evosuite.runtime.instrumentation.EvoClassLoader - Keeping class: net.sf.saxon.expr.instruct.GlobalParam
13:35:04.663 [main] INFO org.evosuite.runtime.instrumentation.EvoClassLoader - Seeing class for first time: net.sf.saxon.expr.parser.Optimizer
13:35:04.663 [main] INFO org.evosuite.runtime.instrumentation.EvoClassLoader - Instrumenting class 'net.sf.saxon.expr.parser.Optimizer'.
13:35:04.664 [main] INFO org.evosuite.runtime.instrumentation.MethodCallReplacementClassAdapter - Adding mock interface to class net/sf/saxon/expr/parser/Optimizer
13:35:04.665 [main] INFO org.evosuite.runtime.instrumentation.CreateClassResetClassAdapter - Creating brand-new static initializer in class net/sf/saxon/expr/parser/Optimizer
13:35:04.665 [main] INFO org.evosuite.runtime.instrumentation.CreateClassResetClassAdapter - Adding bytecode for initializing field NO_OPTIMIZATION
13:35:04.665 [main] INFO org.evosuite.runtime.instrumentation.CreateClassResetClassAdapter - Adding bytecode for initializing field FULL_OPTIMIZATION
13:35:04.665 [main] INFO org.evosuite.runtime.instrumentation.EvoClassLoader - Keeping class: net.sf.saxon.expr.parser.Optimizer
13:35:04.666 [main] INFO org.evosuite.runtime.instrumentation.EvoClassLoader - Seeing class for first time: net.sf.saxon.trans.SymbolicName
13:35:04.666 [main] INFO org.evosuite.runtime.instrumentation.EvoClassLoader - Instrumenting class 'net.sf.saxon.trans.SymbolicName'.
13:35:04.666 [main] INFO org.evosuite.runtime.instrumentation.MethodCallReplacementClassAdapter - Adding mock interface to class net/sf/saxon/trans/SymbolicName
13:35:04.667 [main] INFO org.evosuite.runtime.instrumentation.CreateClassResetClassAdapter - Creating brand-new static initializer in class net/sf/saxon/trans/SymbolicName
13:35:04.667 [main] INFO org.evosuite.runtime.instrumentation.EvoClassLoader - Keeping class: net.sf.saxon.trans.SymbolicName
13:35:04.667 [main] INFO org.evosuite.runtime.instrumentation.EvoClassLoader - Seeing class for first time: net.sf.saxon.style.XSLGlobalParam
13:35:04.667 [main] INFO org.evosuite.runtime.instrumentation.EvoClassLoader - Instrumenting class 'net.sf.saxon.style.XSLGlobalParam'.
13:35:04.668 [main] INFO org.evosuite.runtime.instrumentation.MethodCallReplacementClassAdapter - Adding mock interface to class net/sf/saxon/style/XSLGlobalParam
13:35:04.668 [main] INFO org.evosuite.runtime.instrumentation.CreateClassResetClassAdapter - Creating brand-new static initializer in class net/sf/saxon/style/XSLGlobalParam
13:35:04.669 [main] INFO org.evosuite.runtime.instrumentation.EvoClassLoader - Keeping class: net.sf.saxon.style.XSLGlobalParam
13:35:04.670 [main] INFO org.evosuite.runtime.instrumentation.EvoClassLoader - Seeing class for first time: net.sf.saxon.type.Untyped
13:35:04.670 [main] INFO org.evosuite.runtime.instrumentation.EvoClassLoader - Instrumenting class 'net.sf.saxon.type.Untyped'.
13:35:04.671 [main] INFO org.evosuite.runtime.instrumentation.MethodCallReplacementClassAdapter - Adding mock interface to class net/sf/saxon/type/Untyped
13:35:04.672 [main] INFO org.evosuite.runtime.instrumentation.CreateClassResetClassAdapter - Found static initializer in class net/sf/saxon/type/Untyped
13:35:04.672 [main] INFO org.evosuite.runtime.instrumentation.EvoClassLoader - Seeing class for first time: net.sf.saxon.type.ComplexType
13:35:04.672 [main] INFO org.evosuite.runtime.instrumentation.EvoClassLoader - Instrumenting class 'net.sf.saxon.type.ComplexType'.
13:35:04.673 [main] INFO org.evosuite.runtime.instrumentation.EvoClassLoader - Keeping class: net.sf.saxon.type.ComplexType
13:35:04.674 [main] INFO org.evosuite.runtime.instrumentation.EvoClassLoader - Keeping class: net.sf.saxon.type.Untyped
13:35:04.674 [main] INFO org.evosuite.runtime.instrumentation.EvoClassLoader - Seeing class for first time: net.sf.saxon.z.IntHashSet
13:35:04.674 [main] INFO org.evosuite.runtime.instrumentation.EvoClassLoader - Instrumenting class 'net.sf.saxon.z.IntHashSet'.
13:35:04.675 [main] INFO org.evosuite.runtime.instrumentation.MethodCallReplacementClassAdapter - Adding mock interface to class net/sf/saxon/z/IntHashSet
13:35:04.678 [main] INFO org.evosuite.runtime.instrumentation.CreateClassResetClassAdapter - Creating brand-new static initializer in class net/sf/saxon/z/IntHashSet
13:35:04.678 [main] INFO org.evosuite.runtime.instrumentation.CreateClassResetClassAdapter - Adding bytecode for initializing field NBIT
13:35:04.678 [main] INFO org.evosuite.runtime.instrumentation.CreateClassResetClassAdapter - Adding bytecode for initializing field MAX_SIZE
13:35:04.678 [main] INFO org.evosuite.runtime.instrumentation.EvoClassLoader - Defined package (3): package net.sf.saxon.z, 1326394219
13:35:04.679 [main] INFO org.evosuite.runtime.instrumentation.EvoClassLoader - Seeing class for first time: net.sf.saxon.z.IntSet
13:35:04.679 [main] INFO org.evosuite.runtime.instrumentation.EvoClassLoader - Instrumenting class 'net.sf.saxon.z.IntSet'.
13:35:04.680 [main] INFO org.evosuite.runtime.instrumentation.EvoClassLoader - Keeping class: net.sf.saxon.z.IntSet
13:35:04.681 [main] INFO org.evosuite.runtime.instrumentation.EvoClassLoader - Keeping class: net.sf.saxon.z.IntHashSet
13:35:04.681 [main] INFO org.evosuite.runtime.instrumentation.EvoClassLoader - Seeing class for first time: net.sf.saxon.type.SchemaComponent$ValidationStatus
13:35:04.681 [main] INFO org.evosuite.runtime.instrumentation.EvoClassLoader - Instrumenting class 'net.sf.saxon.type.SchemaComponent$ValidationStatus'.
13:35:04.681 [main] INFO org.evosuite.runtime.instrumentation.MethodCallReplacementClassAdapter - Adding mock interface to class net/sf/saxon/type/SchemaComponent$ValidationStatus
13:35:04.682 [main] INFO org.evosuite.runtime.instrumentation.CreateClassResetClassAdapter - Found static initializer in class net/sf/saxon/type/SchemaComponent$ValidationStatus
13:35:04.682 [main] INFO org.evosuite.runtime.instrumentation.EvoClassLoader - Keeping class: net.sf.saxon.type.SchemaComponent$ValidationStatus
13:35:04.683 [main] INFO org.evosuite.runtime.instrumentation.EvoClassLoader - Seeing class for first time: net.sf.saxon.expr.instruct.DocumentInstr
13:35:04.683 [main] INFO org.evosuite.runtime.instrumentation.EvoClassLoader - Instrumenting class 'net.sf.saxon.expr.instruct.DocumentInstr'.
13:35:04.684 [main] INFO org.evosuite.runtime.instrumentation.MethodCallReplacementClassAdapter - Adding mock interface to class net/sf/saxon/expr/instruct/DocumentInstr
13:35:04.704 [main] INFO org.evosuite.runtime.instrumentation.CreateClassResetClassAdapter - Found static initializer in class net/sf/saxon/expr/instruct/DocumentInstr
13:35:04.704 [main] INFO org.evosuite.runtime.instrumentation.EvoClassLoader - Seeing class for first time: net.sf.saxon.expr.instruct.ParentNodeConstructor
13:35:04.704 [main] INFO org.evosuite.runtime.instrumentation.EvoClassLoader - Instrumenting class 'net.sf.saxon.expr.instruct.ParentNodeConstructor'.
13:35:04.705 [main] INFO org.evosuite.runtime.instrumentation.MethodCallReplacementClassAdapter - Adding mock interface to class net/sf/saxon/expr/instruct/ParentNodeConstructor
13:35:04.706 [main] INFO org.evosuite.runtime.instrumentation.CreateClassResetClassAdapter - Found static initializer in class net/sf/saxon/expr/instruct/ParentNodeConstructor
13:35:04.706 [main] INFO org.evosuite.runtime.instrumentation.EvoClassLoader - Seeing class for first time: net.sf.saxon.expr.instruct.ValidatingInstruction
13:35:04.706 [main] INFO org.evosuite.runtime.instrumentation.EvoClassLoader - Instrumenting class 'net.sf.saxon.expr.instruct.ValidatingInstruction'.
13:35:04.707 [main] INFO org.evosuite.runtime.instrumentation.EvoClassLoader - Keeping class: net.sf.saxon.expr.instruct.ValidatingInstruction
13:35:04.707 [main] INFO org.evosuite.runtime.instrumentation.EvoClassLoader - Seeing class for first time: net.sf.saxon.expr.instruct.InstructionWithComplexContent
13:35:04.707 [main] INFO org.evosuite.runtime.instrumentation.EvoClassLoader - Instrumenting class 'net.sf.saxon.expr.instruct.InstructionWithComplexContent'.
13:35:04.709 [main] INFO org.evosuite.runtime.instrumentation.EvoClassLoader - Keeping class: net.sf.saxon.expr.instruct.InstructionWithComplexContent
13:35:04.709 [main] INFO org.evosuite.runtime.instrumentation.EvoClassLoader - Keeping class: net.sf.saxon.expr.instruct.ParentNodeConstructor
13:35:04.709 [main] INFO org.evosuite.runtime.instrumentation.EvoClassLoader - Keeping class: net.sf.saxon.expr.instruct.DocumentInstr
13:35:04.710 [main] INFO org.evosuite.runtime.instrumentation.EvoClassLoader - Seeing class for first time: net.sf.saxon.expr.BindingReference
13:35:04.710 [main] INFO org.evosuite.runtime.instrumentation.EvoClassLoader - Instrumenting class 'net.sf.saxon.expr.BindingReference'.
13:35:04.712 [main] INFO org.evosuite.runtime.instrumentation.EvoClassLoader - Keeping class: net.sf.saxon.expr.BindingReference
13:35:04.713 [main] INFO org.evosuite.runtime.instrumentation.EvoClassLoader - Seeing class for first time: net.sf.saxon.tree.linked.NodeFactory
13:35:04.713 [main] INFO org.evosuite.runtime.instrumentation.EvoClassLoader - Instrumenting class 'net.sf.saxon.tree.linked.NodeFactory'.
13:35:04.714 [main] INFO org.evosuite.runtime.instrumentation.EvoClassLoader - Keeping class: net.sf.saxon.tree.linked.NodeFactory
13:35:04.715 [main] INFO org.evosuite.runtime.instrumentation.EvoClassLoader - Seeing class for first time: net.sf.saxon.om.SpaceStrippingRule
13:35:04.715 [main] INFO org.evosuite.runtime.instrumentation.EvoClassLoader - Instrumenting class 'net.sf.saxon.om.SpaceStrippingRule'.
13:35:04.716 [main] INFO org.evosuite.runtime.instrumentation.EvoClassLoader - Keeping class: net.sf.saxon.om.SpaceStrippingRule
13:35:04.717 [main] INFO org.evosuite.runtime.instrumentation.EvoClassLoader - Seeing class for first time: net.sf.saxon.value.NestedIntegerValue
13:35:04.717 [main] INFO org.evosuite.runtime.instrumentation.EvoClassLoader - Instrumenting class 'net.sf.saxon.value.NestedIntegerValue'.
13:35:04.718 [main] INFO org.evosuite.runtime.instrumentation.MethodCallReplacementClassAdapter - Adding mock interface to class net/sf/saxon/value/NestedIntegerValue
13:35:04.719 [main] INFO org.evosuite.runtime.instrumentation.CreateClassResetClassAdapter - Found static initializer in class net/sf/saxon/value/NestedIntegerValue
13:35:04.720 [main] INFO org.evosuite.runtime.instrumentation.EvoClassLoader - Seeing class for first time: net.sf.saxon.expr.sort.AtomicMatchKey
13:35:04.720 [main] INFO org.evosuite.runtime.instrumentation.EvoClassLoader - Instrumenting class 'net.sf.saxon.expr.sort.AtomicMatchKey'.
13:35:04.721 [main] INFO org.evosuite.runtime.instrumentation.EvoClassLoader - Keeping class: net.sf.saxon.expr.sort.AtomicMatchKey
13:35:04.721 [main] INFO org.evosuite.runtime.instrumentation.EvoClassLoader - Seeing class for first time: net.sf.saxon.value.AtomicValue
13:35:04.721 [main] INFO org.evosuite.runtime.instrumentation.EvoClassLoader - Instrumenting class 'net.sf.saxon.value.AtomicValue'.
13:35:04.722 [main] INFO org.evosuite.runtime.instrumentation.MethodCallReplacementClassAdapter - Adding mock interface to class net/sf/saxon/value/AtomicValue
13:35:04.723 [main] INFO org.evosuite.runtime.instrumentation.CreateClassResetClassAdapter - Creating brand-new static initializer in class net/sf/saxon/value/AtomicValue
13:35:04.724 [main] INFO org.evosuite.runtime.instrumentation.EvoClassLoader - Seeing class for first time: net.sf.saxon.type.ConversionResult
13:35:04.724 [main] INFO org.evosuite.runtime.instrumentation.EvoClassLoader - Instrumenting class 'net.sf.saxon.type.ConversionResult'.
13:35:04.725 [main] INFO org.evosuite.runtime.instrumentation.EvoClassLoader - Keeping class: net.sf.saxon.type.ConversionResult
13:35:04.725 [main] INFO org.evosuite.runtime.instrumentation.EvoClassLoader - Keeping class: net.sf.saxon.value.AtomicValue
13:35:04.725 [main] INFO org.evosuite.runtime.instrumentation.EvoClassLoader - Keeping class: net.sf.saxon.value.NestedIntegerValue
13:35:04.725 [main] INFO org.evosuite.runtime.instrumentation.EvoClassLoader - Seeing class for first time: net.sf.saxon.event.PipelineConfiguration
13:35:04.725 [main] INFO org.evosuite.runtime.instrumentation.EvoClassLoader - Instrumenting class 'net.sf.saxon.event.PipelineConfiguration'.
13:35:04.726 [main] INFO org.evosuite.runtime.instrumentation.MethodCallReplacementClassAdapter - Adding mock interface to class net/sf/saxon/event/PipelineConfiguration
13:35:04.726 [main] INFO org.evosuite.runtime.instrumentation.CreateClassResetClassAdapter - Creating brand-new static initializer in class net/sf/saxon/event/PipelineConfiguration
13:35:04.727 [main] INFO org.evosuite.runtime.instrumentation.EvoClassLoader - Keeping class: net.sf.saxon.event.PipelineConfiguration
13:35:04.727 [main] INFO org.evosuite.runtime.instrumentation.EvoClassLoader - Seeing class for first time: net.sf.saxon.lib.ParseOptions
13:35:04.727 [main] INFO org.evosuite.runtime.instrumentation.EvoClassLoader - Instrumenting class 'net.sf.saxon.lib.ParseOptions'.
13:35:04.728 [main] INFO org.evosuite.runtime.instrumentation.MethodCallReplacementClassAdapter - Adding mock interface to class net/sf/saxon/lib/ParseOptions
13:35:04.731 [main] INFO org.evosuite.runtime.instrumentation.CreateClassResetClassAdapter - Creating brand-new static initializer in class net/sf/saxon/lib/ParseOptions
13:35:04.732 [main] INFO org.evosuite.runtime.instrumentation.EvoClassLoader - Keeping class: net.sf.saxon.lib.ParseOptions
13:35:04.732 [main] INFO org.evosuite.runtime.instrumentation.EvoClassLoader - Seeing class for first time: net.sf.saxon.PreparedStylesheet
13:35:04.732 [main] INFO org.evosuite.runtime.instrumentation.EvoClassLoader - Instrumenting class 'net.sf.saxon.PreparedStylesheet'.
13:35:04.734 [main] INFO org.evosuite.runtime.instrumentation.MethodCallReplacementClassAdapter - Adding mock interface to class net/sf/saxon/PreparedStylesheet
13:35:04.735 [main] INFO org.evosuite.runtime.instrumentation.CreateClassResetClassAdapter - Creating brand-new static initializer in class net/sf/saxon/PreparedStylesheet
13:35:04.736 [main] INFO org.evosuite.runtime.instrumentation.EvoClassLoader - Seeing class for first time: net.sf.saxon.expr.instruct.Executable
13:35:04.736 [main] INFO org.evosuite.runtime.instrumentation.EvoClassLoader - Instrumenting class 'net.sf.saxon.expr.instruct.Executable'.
13:35:04.737 [main] INFO org.evosuite.runtime.instrumentation.MethodCallReplacementClassAdapter - Adding mock interface to class net/sf/saxon/expr/instruct/Executable
13:35:04.738 [main] INFO org.evosuite.runtime.instrumentation.CreateClassResetClassAdapter - Creating brand-new static initializer in class net/sf/saxon/expr/instruct/Executable
13:35:04.739 [main] INFO org.evosuite.runtime.instrumentation.EvoClassLoader - Keeping class: net.sf.saxon.expr.instruct.Executable
13:35:04.739 [main] INFO org.evosuite.runtime.instrumentation.EvoClassLoader - Keeping class: net.sf.saxon.PreparedStylesheet
13:35:04.739 [main] INFO org.evosuite.runtime.instrumentation.EvoClassLoader - Seeing class for first time: net.sf.saxon.trace.ExpressionPresenter
13:35:04.739 [main] INFO org.evosuite.runtime.instrumentation.EvoClassLoader - Instrumenting class 'net.sf.saxon.trace.ExpressionPresenter'.
13:35:04.742 [main] INFO org.evosuite.runtime.instrumentation.MethodCallReplacementClassAdapter - Adding mock interface to class net/sf/saxon/trace/ExpressionPresenter
13:35:04.746 [main] INFO org.evosuite.runtime.instrumentation.CreateClassResetClassAdapter - Creating brand-new static initializer in class net/sf/saxon/trace/ExpressionPresenter
13:35:04.747 [main] INFO org.evosuite.runtime.instrumentation.EvoClassLoader - Keeping class: net.sf.saxon.trace.ExpressionPresenter
13:35:04.747 [main] INFO org.evosuite.runtime.instrumentation.EvoClassLoader - Seeing class for first time: net.sf.saxon.expr.ComponentInvocation
13:35:04.747 [main] INFO org.evosuite.runtime.instrumentation.EvoClassLoader - Instrumenting class 'net.sf.saxon.expr.ComponentInvocation'.
13:35:04.748 [main] INFO org.evosuite.runtime.instrumentation.EvoClassLoader - Keeping class: net.sf.saxon.expr.ComponentInvocation
13:35:04.749 [main] INFO org.evosuite.runtime.instrumentation.EvoClassLoader - Seeing class for first time: net.sf.saxon.trans.Mode
13:35:04.749 [main] INFO org.evosuite.runtime.instrumentation.EvoClassLoader - Instrumenting class 'net.sf.saxon.trans.Mode'.
13:35:04.750 [main] INFO org.evosuite.runtime.instrumentation.MethodCallReplacementClassAdapter - Adding mock interface to class net/sf/saxon/trans/Mode
13:35:04.763 [main] INFO org.evosuite.runtime.instrumentation.CreateClassResetClassAdapter - Found static initializer in class net/sf/saxon/trans/Mode
13:35:04.764 [main] INFO org.evosuite.runtime.instrumentation.EvoClassLoader - Keeping class: net.sf.saxon.trans.Mode
13:35:04.765 [main] INFO org.evosuite.runtime.instrumentation.EvoClassLoader - Seeing class for first time: net.sf.saxon.expr.Component$M
13:35:04.765 [main] INFO org.evosuite.runtime.instrumentation.EvoClassLoader - Instrumenting class 'net.sf.saxon.expr.Component$M'.
13:35:04.765 [main] INFO org.evosuite.runtime.instrumentation.MethodCallReplacementClassAdapter - Adding mock interface to class net/sf/saxon/expr/Component$M
13:35:04.766 [main] INFO org.evosuite.runtime.instrumentation.CreateClassResetClassAdapter - Creating brand-new static initializer in class net/sf/saxon/expr/Component$M
13:35:04.766 [main] INFO org.evosuite.runtime.instrumentation.EvoClassLoader - Keeping class: net.sf.saxon.expr.Component$M
13:35:04.766 [main] INFO org.evosuite.runtime.instrumentation.EvoClassLoader - Seeing class for first time: net.sf.saxon.expr.XPathContext
13:35:04.766 [main] INFO org.evosuite.runtime.instrumentation.EvoClassLoader - Instrumenting class 'net.sf.saxon.expr.XPathContext'.
13:35:04.767 [main] INFO org.evosuite.runtime.instrumentation.EvoClassLoader - Keeping class: net.sf.saxon.expr.XPathContext
13:35:04.767 [main] INFO org.evosuite.runtime.instrumentation.EvoClassLoader - Seeing class for first time: net.sf.saxon.lib.TraceListener
13:35:04.767 [main] INFO org.evosuite.runtime.instrumentation.EvoClassLoader - Instrumenting class 'net.sf.saxon.lib.TraceListener'.
13:35:04.768 [main] INFO org.evosuite.runtime.instrumentation.EvoClassLoader - Keeping class: net.sf.saxon.lib.TraceListener
13:35:04.768 [main] INFO org.evosuite.runtime.instrumentation.EvoClassLoader - Seeing class for first time: net.sf.saxon.trans.rules.BuiltInRuleSet
13:35:04.768 [main] INFO org.evosuite.runtime.instrumentation.EvoClassLoader - Instrumenting class 'net.sf.saxon.trans.rules.BuiltInRuleSet'.
13:35:04.769 [main] INFO org.evosuite.runtime.instrumentation.EvoClassLoader - Defined package (3): package net.sf.saxon.trans.rules, -497255454
13:35:04.770 [main] INFO org.evosuite.runtime.instrumentation.EvoClassLoader - Keeping class: net.sf.saxon.trans.rules.BuiltInRuleSet
13:35:04.770 [main] INFO org.evosuite.runtime.instrumentation.EvoClassLoader - Seeing class for first time: net.sf.saxon.trans.rules.Rule
13:35:04.770 [main] INFO org.evosuite.runtime.instrumentation.EvoClassLoader - Instrumenting class 'net.sf.saxon.trans.rules.Rule'.
13:35:04.771 [main] INFO org.evosuite.runtime.instrumentation.MethodCallReplacementClassAdapter - Adding mock interface to class net/sf/saxon/trans/rules/Rule
13:35:04.774 [main] INFO org.evosuite.runtime.instrumentation.CreateClassResetClassAdapter - Creating brand-new static initializer in class net/sf/saxon/trans/rules/Rule
13:35:04.775 [main] INFO org.evosuite.runtime.instrumentation.EvoClassLoader - Keeping class: net.sf.saxon.trans.rules.Rule
13:35:04.776 [main] INFO org.evosuite.runtime.instrumentation.EvoClassLoader - Seeing class for first time: net.sf.saxon.trans.Mode$RuleFilter
13:35:04.776 [main] INFO org.evosuite.runtime.instrumentation.EvoClassLoader - Instrumenting class 'net.sf.saxon.trans.Mode$RuleFilter'.
13:35:04.777 [main] INFO org.evosuite.runtime.instrumentation.EvoClassLoader - Keeping class: net.sf.saxon.trans.Mode$RuleFilter
13:35:04.777 [main] INFO org.evosuite.runtime.instrumentation.EvoClassLoader - Seeing class for first time: net.sf.saxon.trans.SimpleMode
13:35:04.777 [main] INFO org.evosuite.runtime.instrumentation.EvoClassLoader - Instrumenting class 'net.sf.saxon.trans.SimpleMode'.
13:35:04.779 [main] INFO org.evosuite.runtime.instrumentation.MethodCallReplacementClassAdapter - Adding mock interface to class net/sf/saxon/trans/SimpleMode
13:35:04.790 [main] INFO org.evosuite.runtime.instrumentation.CreateClassResetClassAdapter - Found static initializer in class net/sf/saxon/trans/SimpleMode
13:35:04.792 [main] INFO org.evosuite.runtime.instrumentation.EvoClassLoader - Keeping class: net.sf.saxon.trans.SimpleMode
13:35:04.792 [main] INFO org.evosuite.runtime.instrumentation.EvoClassLoader - Seeing class for first time: net.sf.saxon.trans.Mode$RuleAction
13:35:04.792 [main] INFO org.evosuite.runtime.instrumentation.EvoClassLoader - Instrumenting class 'net.sf.saxon.trans.Mode$RuleAction'.
13:35:04.793 [main] INFO org.evosuite.runtime.instrumentation.EvoClassLoader - Keeping class: net.sf.saxon.trans.Mode$RuleAction
13:35:04.793 [main] INFO org.evosuite.runtime.instrumentation.EvoClassLoader - Seeing class for first time: net.sf.saxon.expr.instruct.ParameterSet
13:35:04.793 [main] INFO org.evosuite.runtime.instrumentation.EvoClassLoader - Instrumenting class 'net.sf.saxon.expr.instruct.ParameterSet'.
13:35:04.794 [main] INFO org.evosuite.runtime.instrumentation.MethodCallReplacementClassAdapter - Adding mock interface to class net/sf/saxon/expr/instruct/ParameterSet
13:35:04.794 [main] INFO org.evosuite.runtime.instrumentation.CreateClassResetClassAdapter - Found static initializer in class net/sf/saxon/expr/instruct/ParameterSet
13:35:04.795 [main] INFO org.evosuite.runtime.instrumentation.EvoClassLoader - Keeping class: net.sf.saxon.expr.instruct.ParameterSet
13:35:04.795 [main] INFO org.evosuite.runtime.instrumentation.EvoClassLoader - Seeing class for first time: net.sf.saxon.expr.XPathContextMajor
13:35:04.795 [main] INFO org.evosuite.runtime.instrumentation.EvoClassLoader - Instrumenting class 'net.sf.saxon.expr.XPathContextMajor'.
13:35:04.796 [main] INFO org.evosuite.runtime.instrumentation.MethodCallReplacementClassAdapter - Adding mock interface to class net/sf/saxon/expr/XPathContextMajor
13:35:04.801 [main] INFO org.evosuite.runtime.instrumentation.CreateClassResetClassAdapter - Creating brand-new static initializer in class net/sf/saxon/expr/XPathContextMajor
13:35:04.802 [main] INFO org.evosuite.runtime.instrumentation.EvoClassLoader - Seeing class for first time: net.sf.saxon.expr.XPathContextMinor
13:35:04.802 [main] INFO org.evosuite.runtime.instrumentation.EvoClassLoader - Instrumenting class 'net.sf.saxon.expr.XPathContextMinor'.
13:35:04.803 [main] INFO org.evosuite.runtime.instrumentation.MethodCallReplacementClassAdapter - Adding mock interface to class net/sf/saxon/expr/XPathContextMinor
13:35:04.803 [main] INFO org.evosuite.runtime.instrumentation.CreateClassResetClassAdapter - Creating brand-new static initializer in class net/sf/saxon/expr/XPathContextMinor
13:35:04.804 [main] INFO org.evosuite.runtime.instrumentation.EvoClassLoader - Keeping class: net.sf.saxon.expr.XPathContextMinor
13:35:04.804 [main] INFO org.evosuite.runtime.instrumentation.EvoClassLoader - Keeping class: net.sf.saxon.expr.XPathContextMajor
13:35:04.804 [main] INFO org.evosuite.runtime.instrumentation.EvoClassLoader - Seeing class for first time: net.sf.saxon.expr.instruct.TailCall
13:35:04.804 [main] INFO org.evosuite.runtime.instrumentation.EvoClassLoader - Instrumenting class 'net.sf.saxon.expr.instruct.TailCall'.
13:35:04.805 [main] INFO org.evosuite.runtime.instrumentation.EvoClassLoader - Keeping class: net.sf.saxon.expr.instruct.TailCall
13:35:04.806 [main] INFO org.evosuite.runtime.instrumentation.EvoClassLoader - Seeing class for first time: net.sf.saxon.trans.SimpleMode$RuleGroupAction
13:35:04.806 [main] INFO org.evosuite.runtime.instrumentation.EvoClassLoader - Instrumenting class 'net.sf.saxon.trans.SimpleMode$RuleGroupAction'.
13:35:04.807 [main] INFO org.evosuite.runtime.instrumentation.EvoClassLoader - Keeping class: net.sf.saxon.trans.SimpleMode$RuleGroupAction
13:35:04.808 [main] INFO org.evosuite.runtime.instrumentation.EvoClassLoader - Seeing class for first time: net.sf.saxon.trans.rules.RuleChain
13:35:04.808 [main] INFO org.evosuite.runtime.instrumentation.EvoClassLoader - Instrumenting class 'net.sf.saxon.trans.rules.RuleChain'.
13:35:04.808 [main] INFO org.evosuite.runtime.instrumentation.MethodCallReplacementClassAdapter - Adding mock interface to class net/sf/saxon/trans/rules/RuleChain
13:35:04.809 [main] INFO org.evosuite.runtime.instrumentation.CreateClassResetClassAdapter - Creating brand-new static initializer in class net/sf/saxon/trans/rules/RuleChain
13:35:04.809 [main] INFO org.evosuite.runtime.instrumentation.EvoClassLoader - Keeping class: net.sf.saxon.trans.rules.RuleChain
13:35:04.809 [main] INFO org.evosuite.runtime.instrumentation.EvoClassLoader - Seeing class for first time: net.sf.saxon.trans.rules.RuleSearchState
13:35:04.809 [main] INFO org.evosuite.runtime.instrumentation.EvoClassLoader - Instrumenting class 'net.sf.saxon.trans.rules.RuleSearchState'.
13:35:04.809 [main] INFO org.evosuite.runtime.instrumentation.MethodCallReplacementClassAdapter - Adding mock interface to class net/sf/saxon/trans/rules/RuleSearchState
13:35:04.810 [main] INFO org.evosuite.runtime.instrumentation.CreateClassResetClassAdapter - Creating brand-new static initializer in class net/sf/saxon/trans/rules/RuleSearchState
13:35:04.810 [main] INFO org.evosuite.runtime.instrumentation.EvoClassLoader - Keeping class: net.sf.saxon.trans.rules.RuleSearchState
13:35:04.810 [main] INFO org.evosuite.runtime.instrumentation.EvoClassLoader - Seeing class for first time: net.sf.saxon.trans.rules.RuleTarget
13:35:04.810 [main] INFO org.evosuite.runtime.instrumentation.EvoClassLoader - Instrumenting class 'net.sf.saxon.trans.rules.RuleTarget'.
13:35:04.810 [main] INFO org.evosuite.runtime.instrumentation.EvoClassLoader - Keeping class: net.sf.saxon.trans.rules.RuleTarget
13:35:04.810 [main] INFO org.evosuite.runtime.instrumentation.EvoClassLoader - Seeing class for first time: net.sf.saxon.z.IntHashMap
13:35:04.810 [main] INFO org.evosuite.runtime.instrumentation.EvoClassLoader - Instrumenting class 'net.sf.saxon.z.IntHashMap'.
13:35:04.811 [main] INFO org.evosuite.runtime.instrumentation.MethodCallReplacementClassAdapter - Adding mock interface to class net/sf/saxon/z/IntHashMap
13:35:04.814 [main] INFO org.evosuite.runtime.instrumentation.CreateClassResetClassAdapter - Creating brand-new static initializer in class net/sf/saxon/z/IntHashMap
13:35:04.814 [main] INFO org.evosuite.runtime.instrumentation.CreateClassResetClassAdapter - Adding bytecode for initializing field NBIT
13:35:04.814 [main] INFO org.evosuite.runtime.instrumentation.CreateClassResetClassAdapter - Adding bytecode for initializing field NMAX
13:35:04.814 [main] INFO org.evosuite.runtime.instrumentation.EvoClassLoader - Keeping class: net.sf.saxon.z.IntHashMap
13:35:04.816 [main] INFO org.evosuite.runtime.instrumentation.EvoClassLoader - Seeing class for first time: net.sf.saxon.z.IntIterator
13:35:04.816 [main] INFO org.evosuite.runtime.instrumentation.EvoClassLoader - Instrumenting class 'net.sf.saxon.z.IntIterator'.
13:35:04.817 [main] INFO org.evosuite.runtime.instrumentation.EvoClassLoader - Keeping class: net.sf.saxon.z.IntIterator
13:35:04.818 [main] INFO org.evosuite.runtime.instrumentation.EvoClassLoader - Seeing class for first time: net.sf.saxon.trans.rules.TextOnlyCopyRuleSet
13:35:04.818 [main] INFO org.evosuite.runtime.instrumentation.EvoClassLoader - Instrumenting class 'net.sf.saxon.trans.rules.TextOnlyCopyRuleSet'.
13:35:04.819 [main] INFO org.evosuite.runtime.instrumentation.MethodCallReplacementClassAdapter - Adding mock interface to class net/sf/saxon/trans/rules/TextOnlyCopyRuleSet
13:35:04.820 [main] INFO org.evosuite.runtime.instrumentation.CreateClassResetClassAdapter - Found static initializer in class net/sf/saxon/trans/rules/TextOnlyCopyRuleSet
13:35:04.821 [main] INFO org.evosuite.runtime.instrumentation.EvoClassLoader - Keeping class: net.sf.saxon.trans.rules.TextOnlyCopyRuleSet
13:35:04.822 [main] DEBUG io.netty.util.Recycler - -Dio.netty.recycler.maxCapacityPerThread: 4096
13:35:04.822 [main] DEBUG io.netty.util.Recycler - -Dio.netty.recycler.ratio: 8
13:35:04.822 [main] DEBUG io.netty.util.Recycler - -Dio.netty.recycler.chunkSize: 32
13:35:04.822 [main] DEBUG io.netty.util.Recycler - -Dio.netty.recycler.blocking: false
13:35:04.822 [main] DEBUG io.netty.util.Recycler - -Dio.netty.recycler.batchFastThreadLocalOnly: true
13:35:04.824 [main] INFO org.evosuite.runtime.instrumentation.EvoClassLoader - Seeing class for first time: io.netty.util.internal.PlatformDependent$AtomicLongCounter
13:35:04.824 [main] INFO org.evosuite.runtime.instrumentation.EvoClassLoader - Instrumenting class 'io.netty.util.internal.PlatformDependent$AtomicLongCounter'.
13:35:04.825 [main] INFO org.evosuite.runtime.instrumentation.MethodCallReplacementClassAdapter - Adding mock interface to class io/netty/util/internal/PlatformDependent$AtomicLongCounter
13:35:04.825 [main] INFO org.evosuite.runtime.instrumentation.CreateClassResetClassAdapter - Creating brand-new static initializer in class io/netty/util/internal/PlatformDependent$AtomicLongCounter
13:35:04.826 [main] INFO org.evosuite.runtime.instrumentation.EvoClassLoader - Keeping class: io.netty.util.internal.PlatformDependent$AtomicLongCounter
13:35:04.827 [main] DEBUG io.netty.util.internal.PlatformDependent - org.jctools-core.MpscChunkedArrayQueue: available
13:35:04.829 [main] INFO org.evosuite.runtime.instrumentation.EvoClassLoader - Seeing class for first time: io.netty.buffer.IntPriorityQueue
13:35:04.829 [main] INFO org.evosuite.runtime.instrumentation.EvoClassLoader - Instrumenting class 'io.netty.buffer.IntPriorityQueue'.
13:35:04.830 [main] INFO org.evosuite.runtime.instrumentation.MethodCallReplacementClassAdapter - Adding mock interface to class io/netty/buffer/IntPriorityQueue
13:35:04.832 [main] INFO org.evosuite.runtime.instrumentation.CreateClassResetClassAdapter - Creating brand-new static initializer in class io/netty/buffer/IntPriorityQueue
13:35:04.832 [main] INFO org.evosuite.runtime.instrumentation.CreateClassResetClassAdapter - Adding bytecode for initializing field NO_VALUE
13:35:04.833 [main] INFO org.evosuite.runtime.instrumentation.EvoClassLoader - Keeping class: io.netty.buffer.IntPriorityQueue
13:35:04.833 [main] INFO org.evosuite.runtime.instrumentation.EvoClassLoader - Seeing class for first time: io.netty.buffer.LongLongHashMap
13:35:04.834 [main] INFO org.evosuite.runtime.instrumentation.EvoClassLoader - Instrumenting class 'io.netty.buffer.LongLongHashMap'.
13:35:04.834 [main] INFO org.evosuite.runtime.instrumentation.MethodCallReplacementClassAdapter - Adding mock interface to class io/netty/buffer/LongLongHashMap
13:35:04.835 [main] INFO org.evosuite.runtime.instrumentation.CreateClassResetClassAdapter - Creating brand-new static initializer in class io/netty/buffer/LongLongHashMap
13:35:04.835 [main] INFO org.evosuite.runtime.instrumentation.CreateClassResetClassAdapter - Adding bytecode for initializing field MASK_TEMPLATE
13:35:04.836 [main] INFO org.evosuite.runtime.instrumentation.EvoClassLoader - Keeping class: io.netty.buffer.LongLongHashMap
13:35:04.837 [main] INFO org.evosuite.runtime.instrumentation.EvoClassLoader - Seeing class for first time: net.sf.saxon.s9api.AbstractDestination
13:35:04.837 [main] INFO org.evosuite.runtime.instrumentation.EvoClassLoader - Instrumenting class 'net.sf.saxon.s9api.AbstractDestination'.
13:35:04.838 [main] INFO org.evosuite.runtime.instrumentation.MethodCallReplacementClassAdapter - Adding mock interface to class net/sf/saxon/s9api/AbstractDestination
13:35:04.838 [main] INFO org.evosuite.runtime.instrumentation.CreateClassResetClassAdapter - Creating brand-new static initializer in class net/sf/saxon/s9api/AbstractDestination
13:35:04.838 [main] INFO org.evosuite.runtime.instrumentation.EvoClassLoader - Defined package (3): package net.sf.saxon.s9api, -1826734939
13:35:04.838 [main] INFO org.evosuite.runtime.instrumentation.EvoClassLoader - Seeing class for first time: net.sf.saxon.s9api.Destination
13:35:04.838 [main] INFO org.evosuite.runtime.instrumentation.EvoClassLoader - Instrumenting class 'net.sf.saxon.s9api.Destination'.
13:35:04.839 [main] INFO org.evosuite.runtime.instrumentation.EvoClassLoader - Keeping class: net.sf.saxon.s9api.Destination
13:35:04.840 [main] INFO org.evosuite.runtime.instrumentation.EvoClassLoader - Keeping class: net.sf.saxon.s9api.AbstractDestination
13:35:04.840 [main] INFO org.evosuite.runtime.instrumentation.EvoClassLoader - Seeing class for first time: net.sf.saxon.s9api.Action
13:35:04.840 [main] INFO org.evosuite.runtime.instrumentation.EvoClassLoader - Instrumenting class 'net.sf.saxon.s9api.Action'.
13:35:04.841 [main] INFO org.evosuite.runtime.instrumentation.EvoClassLoader - Keeping class: net.sf.saxon.s9api.Action
13:35:04.841 [main] INFO org.evosuite.runtime.instrumentation.EvoClassLoader - Seeing class for first time: net.sf.saxon.s9api.SaxonApiException
13:35:04.841 [main] INFO org.evosuite.runtime.instrumentation.EvoClassLoader - Instrumenting class 'net.sf.saxon.s9api.SaxonApiException'.
13:35:04.843 [main] INFO org.evosuite.runtime.instrumentation.MethodCallReplacementClassAdapter - Adding mock interface to class net/sf/saxon/s9api/SaxonApiException
13:35:04.844 [main] INFO org.evosuite.runtime.instrumentation.CreateClassResetClassAdapter - Creating brand-new static initializer in class net/sf/saxon/s9api/SaxonApiException
13:35:04.844 [main] INFO org.evosuite.runtime.instrumentation.EvoClassLoader - Keeping class: net.sf.saxon.s9api.SaxonApiException
13:35:04.844 [main] INFO org.evosuite.runtime.instrumentation.EvoClassLoader - Seeing class for first time: net.sf.saxon.s9api.XdmDestination
13:35:04.844 [main] INFO org.evosuite.runtime.instrumentation.EvoClassLoader - Instrumenting class 'net.sf.saxon.s9api.XdmDestination'.
13:35:04.845 [main] INFO org.evosuite.runtime.instrumentation.MethodCallReplacementClassAdapter - Adding mock interface to class net/sf/saxon/s9api/XdmDestination
13:35:04.849 [main] INFO org.evosuite.runtime.instrumentation.CreateClassResetClassAdapter - Creating brand-new static initializer in class net/sf/saxon/s9api/XdmDestination
13:35:04.849 [main] INFO org.evosuite.runtime.instrumentation.EvoClassLoader - Keeping class: net.sf.saxon.s9api.XdmDestination
13:35:04.849 [main] INFO org.evosuite.runtime.instrumentation.EvoClassLoader - Seeing class for first time: net.sf.saxon.s9api.XdmNode
13:35:04.849 [main] INFO org.evosuite.runtime.instrumentation.EvoClassLoader - Instrumenting class 'net.sf.saxon.s9api.XdmNode'.
13:35:04.851 [main] INFO org.evosuite.runtime.instrumentation.MethodCallReplacementClassAdapter - Adding mock interface to class net/sf/saxon/s9api/XdmNode
13:35:04.853 [main] INFO org.evosuite.runtime.instrumentation.CreateClassResetClassAdapter - Creating brand-new static initializer in class net/sf/saxon/s9api/XdmNode
13:35:04.854 [main] INFO org.evosuite.runtime.instrumentation.EvoClassLoader - Seeing class for first time: net.sf.saxon.s9api.XdmItem
13:35:04.854 [main] INFO org.evosuite.runtime.instrumentation.EvoClassLoader - Instrumenting class 'net.sf.saxon.s9api.XdmItem'.
13:35:04.855 [main] INFO org.evosuite.runtime.instrumentation.MethodCallReplacementClassAdapter - Adding mock interface to class net/sf/saxon/s9api/XdmItem
13:35:04.856 [main] INFO org.evosuite.runtime.instrumentation.CreateClassResetClassAdapter - Creating brand-new static initializer in class net/sf/saxon/s9api/XdmItem
13:35:04.856 [main] INFO org.evosuite.runtime.instrumentation.EvoClassLoader - Seeing class for first time: net.sf.saxon.s9api.XdmValue
13:35:04.856 [main] INFO org.evosuite.runtime.instrumentation.EvoClassLoader - Instrumenting class 'net.sf.saxon.s9api.XdmValue'.
13:35:04.858 [main] INFO org.evosuite.runtime.instrumentation.MethodCallReplacementClassAdapter - Adding mock interface to class net/sf/saxon/s9api/XdmValue
13:35:04.860 [main] INFO org.evosuite.runtime.instrumentation.CreateClassResetClassAdapter - Creating brand-new static initializer in class net/sf/saxon/s9api/XdmValue
13:35:04.861 [main] INFO org.evosuite.runtime.instrumentation.EvoClassLoader - Keeping class: net.sf.saxon.s9api.XdmValue
13:35:04.861 [main] INFO org.evosuite.runtime.instrumentation.EvoClassLoader - Keeping class: net.sf.saxon.s9api.XdmItem
13:35:04.861 [main] INFO org.evosuite.runtime.instrumentation.EvoClassLoader - Keeping class: net.sf.saxon.s9api.XdmNode
13:35:04.861 [main] INFO org.evosuite.runtime.instrumentation.EvoClassLoader - Seeing class for first time: net.sf.saxon.serialize.SerializationProperties
13:35:04.861 [main] INFO org.evosuite.runtime.instrumentation.EvoClassLoader - Instrumenting class 'net.sf.saxon.serialize.SerializationProperties'.
13:35:04.863 [main] INFO org.evosuite.runtime.instrumentation.MethodCallReplacementClassAdapter - Adding mock interface to class net/sf/saxon/serialize/SerializationProperties
13:35:04.868 [main] INFO org.evosuite.runtime.instrumentation.CreateClassResetClassAdapter - Creating brand-new static initializer in class net/sf/saxon/serialize/SerializationProperties
13:35:04.868 [main] INFO org.evosuite.runtime.instrumentation.EvoClassLoader - Defined package (3): package net.sf.saxon.serialize, 2088964305
13:35:04.868 [main] INFO org.evosuite.runtime.instrumentation.EvoClassLoader - Keeping class: net.sf.saxon.serialize.SerializationProperties
13:35:04.868 [main] INFO org.evosuite.runtime.instrumentation.EvoClassLoader - Seeing class for first time: net.sf.saxon.om.TreeModel
13:35:04.868 [main] INFO org.evosuite.runtime.instrumentation.EvoClassLoader - Instrumenting class 'net.sf.saxon.om.TreeModel'.
13:35:04.869 [main] INFO org.evosuite.runtime.instrumentation.MethodCallReplacementClassAdapter - Adding mock interface to class net/sf/saxon/om/TreeModel
13:35:04.871 [main] INFO org.evosuite.runtime.instrumentation.CreateClassResetClassAdapter - Found static initializer in class net/sf/saxon/om/TreeModel
13:35:04.872 [main] INFO org.evosuite.runtime.instrumentation.EvoClassLoader - Keeping class: net.sf.saxon.om.TreeModel
13:35:04.872 [main] INFO org.evosuite.runtime.instrumentation.EvoClassLoader - Seeing class for first time: net.sf.saxon.s9api.DestinationHelper
13:35:04.872 [main] INFO org.evosuite.runtime.instrumentation.EvoClassLoader - Instrumenting class 'net.sf.saxon.s9api.DestinationHelper'.
13:35:04.873 [main] INFO org.evosuite.runtime.instrumentation.MethodCallReplacementClassAdapter - Adding mock interface to class net/sf/saxon/s9api/DestinationHelper
13:35:04.873 [main] INFO org.evosuite.runtime.instrumentation.CreateClassResetClassAdapter - Creating brand-new static initializer in class net/sf/saxon/s9api/DestinationHelper
13:35:04.873 [main] INFO org.evosuite.runtime.instrumentation.EvoClassLoader - Keeping class: net.sf.saxon.s9api.DestinationHelper
13:35:04.874 [main] INFO org.evosuite.runtime.instrumentation.EvoClassLoader - Seeing class for first time: net.sf.saxon.om.TreeModel$TinyTree
13:35:04.874 [main] INFO org.evosuite.runtime.instrumentation.EvoClassLoader - Instrumenting class 'net.sf.saxon.om.TreeModel$TinyTree'.
13:35:04.874 [main] INFO org.evosuite.runtime.instrumentation.MethodCallReplacementClassAdapter - Adding mock interface to class net/sf/saxon/om/TreeModel$TinyTree
13:35:04.875 [main] INFO org.evosuite.runtime.instrumentation.CreateClassResetClassAdapter - Creating brand-new static initializer in class net/sf/saxon/om/TreeModel$TinyTree
13:35:04.875 [main] INFO org.evosuite.runtime.instrumentation.EvoClassLoader - Keeping class: net.sf.saxon.om.TreeModel$TinyTree
13:35:04.875 [main] INFO org.evosuite.runtime.instrumentation.EvoClassLoader - Seeing class for first time: net.sf.saxon.om.TreeModel$LinkedTree
13:35:04.875 [main] INFO org.evosuite.runtime.instrumentation.EvoClassLoader - Instrumenting class 'net.sf.saxon.om.TreeModel$LinkedTree'.
13:35:04.876 [main] INFO org.evosuite.runtime.instrumentation.MethodCallReplacementClassAdapter - Adding mock interface to class net/sf/saxon/om/TreeModel$LinkedTree
13:35:04.876 [main] INFO org.evosuite.runtime.instrumentation.CreateClassResetClassAdapter - Creating brand-new static initializer in class net/sf/saxon/om/TreeModel$LinkedTree
13:35:04.877 [main] INFO org.evosuite.runtime.instrumentation.EvoClassLoader - Keeping class: net.sf.saxon.om.TreeModel$LinkedTree
13:35:04.877 [main] INFO org.evosuite.runtime.instrumentation.EvoClassLoader - Seeing class for first time: net.sf.saxon.om.TreeModel$TinyTreeCondensed
13:35:04.877 [main] INFO org.evosuite.runtime.instrumentation.EvoClassLoader - Instrumenting class 'net.sf.saxon.om.TreeModel$TinyTreeCondensed'.
13:35:04.877 [main] INFO org.evosuite.runtime.instrumentation.MethodCallReplacementClassAdapter - Adding mock interface to class net/sf/saxon/om/TreeModel$TinyTreeCondensed
13:35:04.878 [main] INFO org.evosuite.runtime.instrumentation.CreateClassResetClassAdapter - Creating brand-new static initializer in class net/sf/saxon/om/TreeModel$TinyTreeCondensed
13:35:04.878 [main] INFO org.evosuite.runtime.instrumentation.EvoClassLoader - Keeping class: net.sf.saxon.om.TreeModel$TinyTreeCondensed
13:35:04.878 [main] INFO org.evosuite.runtime.instrumentation.EvoClassLoader - Seeing class for first time: net.sf.saxon.tree.tiny.TinyBuilder
13:35:04.878 [main] INFO org.evosuite.runtime.instrumentation.EvoClassLoader - Instrumenting class 'net.sf.saxon.tree.tiny.TinyBuilder'.
13:35:04.880 [main] INFO org.evosuite.runtime.instrumentation.MethodCallReplacementClassAdapter - Adding mock interface to class net/sf/saxon/tree/tiny/TinyBuilder
13:35:04.881 [main] INFO org.evosuite.runtime.instrumentation.CreateClassResetClassAdapter - Found static initializer in class net/sf/saxon/tree/tiny/TinyBuilder
13:35:04.882 [main] INFO org.evosuite.runtime.instrumentation.EvoClassLoader - Keeping class: net.sf.saxon.tree.tiny.TinyBuilder
13:35:04.882 [main] INFO org.evosuite.runtime.instrumentation.EvoClassLoader - Seeing class for first time: net.sf.saxon.tree.tiny.TinyBuilderCondensed
13:35:04.882 [main] INFO org.evosuite.runtime.instrumentation.EvoClassLoader - Instrumenting class 'net.sf.saxon.tree.tiny.TinyBuilderCondensed'.
13:35:04.883 [main] INFO org.evosuite.runtime.instrumentation.MethodCallReplacementClassAdapter - Adding mock interface to class net/sf/saxon/tree/tiny/TinyBuilderCondensed
13:35:04.884 [main] INFO org.evosuite.runtime.instrumentation.CreateClassResetClassAdapter - Creating brand-new static initializer in class net/sf/saxon/tree/tiny/TinyBuilderCondensed
13:35:04.884 [main] INFO org.evosuite.runtime.instrumentation.EvoClassLoader - Keeping class: net.sf.saxon.tree.tiny.TinyBuilderCondensed
13:35:04.884 [main] INFO org.evosuite.runtime.instrumentation.EvoClassLoader - Seeing class for first time: net.sf.saxon.tree.linked.LinkedTreeBuilder
13:35:04.884 [main] INFO org.evosuite.runtime.instrumentation.EvoClassLoader - Instrumenting class 'net.sf.saxon.tree.linked.LinkedTreeBuilder'.
13:35:04.886 [main] INFO org.evosuite.runtime.instrumentation.MethodCallReplacementClassAdapter - Adding mock interface to class net/sf/saxon/tree/linked/LinkedTreeBuilder
13:35:04.888 [main] INFO org.evosuite.runtime.instrumentation.CreateClassResetClassAdapter - Found static initializer in class net/sf/saxon/tree/linked/LinkedTreeBuilder
13:35:04.889 [main] INFO org.evosuite.runtime.instrumentation.EvoClassLoader - Keeping class: net.sf.saxon.tree.linked.LinkedTreeBuilder
13:35:04.889 [main] INFO org.evosuite.runtime.instrumentation.EvoClassLoader - Seeing class for first time: net.sf.saxon.lib.Feature
13:35:04.889 [main] INFO org.evosuite.runtime.instrumentation.EvoClassLoader - Instrumenting class 'net.sf.saxon.lib.Feature'.
13:35:04.891 [main] INFO org.evosuite.runtime.instrumentation.MethodCallReplacementClassAdapter - Adding mock interface to class net/sf/saxon/lib/Feature
13:35:04.892 [main] INFO org.evosuite.runtime.instrumentation.CreateClassResetClassAdapter - Found static initializer in class net/sf/saxon/lib/Feature
13:35:04.894 [main] INFO org.evosuite.runtime.instrumentation.EvoClassLoader - Keeping class: net.sf.saxon.lib.Feature
13:35:04.897 [main] INFO org.evosuite.runtime.instrumentation.EvoClassLoader - Seeing class for first time: net.sf.saxon.lib.CollationURIResolver
13:35:04.898 [main] INFO org.evosuite.runtime.instrumentation.EvoClassLoader - Instrumenting class 'net.sf.saxon.lib.CollationURIResolver'.
13:35:04.899 [main] INFO org.evosuite.runtime.instrumentation.EvoClassLoader - Keeping class: net.sf.saxon.lib.CollationURIResolver
13:35:04.899 [main] INFO org.evosuite.runtime.instrumentation.EvoClassLoader - Seeing class for first time: net.sf.saxon.lib.CollectionFinder
13:35:04.899 [main] INFO org.evosuite.runtime.instrumentation.EvoClassLoader - Instrumenting class 'net.sf.saxon.lib.CollectionFinder'.
13:35:04.900 [main] INFO org.evosuite.runtime.instrumentation.EvoClassLoader - Keeping class: net.sf.saxon.lib.CollectionFinder
13:35:04.900 [main] INFO org.evosuite.runtime.instrumentation.EvoClassLoader - Seeing class for first time: net.sf.saxon.lib.CollectionURIResolver
13:35:04.900 [main] INFO org.evosuite.runtime.instrumentation.EvoClassLoader - Instrumenting class 'net.sf.saxon.lib.CollectionURIResolver'.
13:35:04.901 [main] INFO org.evosuite.runtime.instrumentation.EvoClassLoader - Keeping class: net.sf.saxon.lib.CollectionURIResolver
13:35:04.902 [main] INFO org.evosuite.runtime.instrumentation.EvoClassLoader - Seeing class for first time: net.sf.saxon.lib.EnvironmentVariableResolver
13:35:04.902 [main] INFO org.evosuite.runtime.instrumentation.EvoClassLoader - Instrumenting class 'net.sf.saxon.lib.EnvironmentVariableResolver'.
13:35:04.903 [main] INFO org.evosuite.runtime.instrumentation.EvoClassLoader - Keeping class: net.sf.saxon.lib.EnvironmentVariableResolver
13:35:04.903 [main] INFO org.evosuite.runtime.instrumentation.EvoClassLoader - Seeing class for first time: net.sf.saxon.lib.ModuleURIResolver
13:35:04.903 [main] INFO org.evosuite.runtime.instrumentation.EvoClassLoader - Instrumenting class 'net.sf.saxon.lib.ModuleURIResolver'.
13:35:04.904 [main] INFO org.evosuite.runtime.instrumentation.EvoClassLoader - Keeping class: net.sf.saxon.lib.ModuleURIResolver
13:35:04.904 [main] INFO org.evosuite.runtime.instrumentation.EvoClassLoader - Seeing class for first time: net.sf.saxon.lib.OutputURIResolver
13:35:04.904 [main] INFO org.evosuite.runtime.instrumentation.EvoClassLoader - Instrumenting class 'net.sf.saxon.lib.OutputURIResolver'.
13:35:04.906 [main] INFO org.evosuite.runtime.instrumentation.EvoClassLoader - Keeping class: net.sf.saxon.lib.OutputURIResolver
13:35:04.906 [main] INFO org.evosuite.runtime.instrumentation.EvoClassLoader - Seeing class for first time: net.sf.saxon.lib.SchemaURIResolver
13:35:04.906 [main] INFO org.evosuite.runtime.instrumentation.EvoClassLoader - Instrumenting class 'net.sf.saxon.lib.SchemaURIResolver'.
13:35:04.907 [main] INFO org.evosuite.runtime.instrumentation.EvoClassLoader - Keeping class: net.sf.saxon.lib.SchemaURIResolver
13:35:04.907 [main] INFO org.evosuite.runtime.instrumentation.EvoClassLoader - Seeing class for first time: net.sf.saxon.lib.UnparsedTextURIResolver
13:35:04.907 [main] INFO org.evosuite.runtime.instrumentation.EvoClassLoader - Instrumenting class 'net.sf.saxon.lib.UnparsedTextURIResolver'.
13:35:04.908 [main] INFO org.evosuite.runtime.instrumentation.EvoClassLoader - Keeping class: net.sf.saxon.lib.UnparsedTextURIResolver
13:35:04.909 [main] INFO org.evosuite.runtime.instrumentation.EvoClassLoader - Seeing class for first time: net.sf.saxon.expr.parser.XPathParser
13:35:04.909 [main] INFO org.evosuite.runtime.instrumentation.EvoClassLoader - Instrumenting class 'net.sf.saxon.expr.parser.XPathParser'.
13:35:04.915 [main] INFO org.evosuite.runtime.instrumentation.MethodCallReplacementClassAdapter - Adding mock interface to class net/sf/saxon/expr/parser/XPathParser
13:35:04.968 [main] INFO org.evosuite.runtime.instrumentation.CreateClassResetClassAdapter - Found static initializer in class net/sf/saxon/expr/parser/XPathParser
13:35:04.970 [main] INFO org.evosuite.runtime.instrumentation.EvoClassLoader - Keeping class: net.sf.saxon.expr.parser.XPathParser
13:35:04.970 [main] INFO org.evosuite.runtime.instrumentation.EvoClassLoader - Seeing class for first time: net.sf.saxon.query.XQueryParser
13:35:04.970 [main] INFO org.evosuite.runtime.instrumentation.EvoClassLoader - Instrumenting class 'net.sf.saxon.query.XQueryParser'.
13:35:04.977 [main] INFO org.evosuite.runtime.instrumentation.MethodCallReplacementClassAdapter - Adding mock interface to class net/sf/saxon/query/XQueryParser
13:35:05.025 [main] INFO org.evosuite.runtime.instrumentation.CreateClassResetClassAdapter - Found static initializer in class net/sf/saxon/query/XQueryParser
13:35:05.028 [main] INFO org.evosuite.runtime.instrumentation.EvoClassLoader - Keeping class: net.sf.saxon.query.XQueryParser
13:35:05.029 [main] INFO org.evosuite.runtime.instrumentation.EvoClassLoader - Seeing class for first time: net.sf.saxon.pattern.PatternParser30
13:35:05.029 [main] INFO org.evosuite.runtime.instrumentation.EvoClassLoader - Instrumenting class 'net.sf.saxon.pattern.PatternParser30'.
13:35:05.030 [main] INFO org.evosuite.runtime.instrumentation.MethodCallReplacementClassAdapter - Adding mock interface to class net/sf/saxon/pattern/PatternParser30
13:35:05.047 [main] INFO org.evosuite.runtime.instrumentation.CreateClassResetClassAdapter - Creating brand-new static initializer in class net/sf/saxon/pattern/PatternParser30
13:35:05.048 [main] INFO org.evosuite.runtime.instrumentation.EvoClassLoader - Seeing class for first time: net.sf.saxon.pattern.PatternParser
13:35:05.048 [main] INFO org.evosuite.runtime.instrumentation.EvoClassLoader - Instrumenting class 'net.sf.saxon.pattern.PatternParser'.
13:35:05.049 [main] INFO org.evosuite.runtime.instrumentation.EvoClassLoader - Keeping class: net.sf.saxon.pattern.PatternParser
13:35:05.049 [main] INFO org.evosuite.runtime.instrumentation.EvoClassLoader - Keeping class: net.sf.saxon.pattern.PatternParser30
13:35:05.049 [main] INFO org.evosuite.runtime.instrumentation.EvoClassLoader - Seeing class for first time: net.sf.saxon.expr.instruct.SourceDocument
13:35:05.049 [main] INFO org.evosuite.runtime.instrumentation.EvoClassLoader - Instrumenting class 'net.sf.saxon.expr.instruct.SourceDocument'.
13:35:05.050 [main] INFO org.evosuite.runtime.instrumentation.MethodCallReplacementClassAdapter - Adding mock interface to class net/sf/saxon/expr/instruct/SourceDocument
13:35:05.051 [main] INFO org.evosuite.runtime.instrumentation.CreateClassResetClassAdapter - Creating brand-new static initializer in class net/sf/saxon/expr/instruct/SourceDocument
13:35:05.052 [main] INFO org.evosuite.runtime.instrumentation.EvoClassLoader - Keeping class: net.sf.saxon.expr.instruct.SourceDocument
13:35:05.052 [main] INFO org.evosuite.runtime.instrumentation.EvoClassLoader - Seeing class for first time: net.sf.saxon.value.Closure
13:35:05.052 [main] INFO org.evosuite.runtime.instrumentation.EvoClassLoader - Instrumenting class 'net.sf.saxon.value.Closure'.
13:35:05.053 [main] INFO org.evosuite.runtime.instrumentation.MethodCallReplacementClassAdapter - Adding mock interface to class net/sf/saxon/value/Closure
13:35:05.054 [main] INFO org.evosuite.runtime.instrumentation.CreateClassResetClassAdapter - Found static initializer in class net/sf/saxon/value/Closure
13:35:05.054 [main] INFO org.evosuite.runtime.instrumentation.EvoClassLoader - Keeping class: net.sf.saxon.value.Closure
13:35:05.055 [main] INFO org.evosuite.runtime.instrumentation.EvoClassLoader - Seeing class for first time: net.sf.saxon.value.MemoClosure
13:35:05.055 [main] INFO org.evosuite.runtime.instrumentation.EvoClassLoader - Instrumenting class 'net.sf.saxon.value.MemoClosure'.
13:35:05.055 [main] INFO org.evosuite.runtime.instrumentation.MethodCallReplacementClassAdapter - Adding mock interface to class net/sf/saxon/value/MemoClosure
13:35:05.056 [main] INFO org.evosuite.runtime.instrumentation.CreateClassResetClassAdapter - Creating brand-new static initializer in class net/sf/saxon/value/MemoClosure
13:35:05.056 [main] INFO org.evosuite.runtime.instrumentation.EvoClassLoader - Keeping class: net.sf.saxon.value.MemoClosure
13:35:05.057 [main] INFO org.evosuite.runtime.instrumentation.EvoClassLoader - Seeing class for first time: net.sf.saxon.trans.packages.IPackageLoader
13:35:05.057 [main] INFO org.evosuite.runtime.instrumentation.EvoClassLoader - Instrumenting class 'net.sf.saxon.trans.packages.IPackageLoader'.
13:35:05.058 [main] INFO org.evosuite.runtime.instrumentation.EvoClassLoader - Defined package (3): package net.sf.saxon.trans.packages, -408439262
13:35:05.058 [main] INFO org.evosuite.runtime.instrumentation.EvoClassLoader - Keeping class: net.sf.saxon.trans.packages.IPackageLoader
13:35:05.059 [main] INFO org.evosuite.runtime.instrumentation.EvoClassLoader - Seeing class for first time: net.sf.saxon.trans.LicenseException
13:35:05.059 [main] INFO org.evosuite.runtime.instrumentation.EvoClassLoader - Instrumenting class 'net.sf.saxon.trans.LicenseException'.
13:35:05.060 [main] INFO org.evosuite.runtime.instrumentation.MethodCallReplacementClassAdapter - Adding mock interface to class net/sf/saxon/trans/LicenseException
13:35:05.060 [main] INFO org.evosuite.runtime.instrumentation.CreateClassResetClassAdapter - Creating brand-new static initializer in class net/sf/saxon/trans/LicenseException
13:35:05.060 [main] INFO org.evosuite.runtime.instrumentation.CreateClassResetClassAdapter - Adding bytecode for initializing field EXPIRED
13:35:05.060 [main] INFO org.evosuite.runtime.instrumentation.CreateClassResetClassAdapter - Adding bytecode for initializing field INVALID
13:35:05.060 [main] INFO org.evosuite.runtime.instrumentation.CreateClassResetClassAdapter - Adding bytecode for initializing field NOT_FOUND
13:35:05.060 [main] INFO org.evosuite.runtime.instrumentation.CreateClassResetClassAdapter - Adding bytecode for initializing field WRONG_FEATURES
13:35:05.060 [main] INFO org.evosuite.runtime.instrumentation.CreateClassResetClassAdapter - Adding bytecode for initializing field CANNOT_READ
13:35:05.060 [main] INFO org.evosuite.runtime.instrumentation.CreateClassResetClassAdapter - Adding bytecode for initializing field WRONG_CONFIGURATION
13:35:05.061 [main] INFO org.evosuite.runtime.instrumentation.EvoClassLoader - Keeping class: net.sf.saxon.trans.LicenseException
13:35:05.061 [main] INFO org.evosuite.runtime.instrumentation.EvoClassLoader - Seeing class for first time: net.sf.saxon.lib.UnfailingErrorListener
13:35:05.061 [main] INFO org.evosuite.runtime.instrumentation.EvoClassLoader - Instrumenting class 'net.sf.saxon.lib.UnfailingErrorListener'.
13:35:05.062 [main] INFO org.evosuite.runtime.instrumentation.EvoClassLoader - Keeping class: net.sf.saxon.lib.UnfailingErrorListener
13:35:05.062 [main] INFO org.evosuite.runtime.instrumentation.EvoClassLoader - Seeing class for first time: net.sf.saxon.lib.Logger
13:35:05.062 [main] INFO org.evosuite.runtime.instrumentation.EvoClassLoader - Instrumenting class 'net.sf.saxon.lib.Logger'.
13:35:05.063 [main] INFO org.evosuite.runtime.instrumentation.MethodCallReplacementClassAdapter - Adding mock interface to class net/sf/saxon/lib/Logger
13:35:05.063 [main] INFO org.evosuite.runtime.instrumentation.CreateClassResetClassAdapter - Creating brand-new static initializer in class net/sf/saxon/lib/Logger
13:35:05.063 [main] INFO org.evosuite.runtime.instrumentation.CreateClassResetClassAdapter - Adding bytecode for initializing field INFO
13:35:05.063 [main] INFO org.evosuite.runtime.instrumentation.CreateClassResetClassAdapter - Adding bytecode for initializing field WARNING
13:35:05.064 [main] INFO org.evosuite.runtime.instrumentation.CreateClassResetClassAdapter - Adding bytecode for initializing field ERROR
13:35:05.064 [main] INFO org.evosuite.runtime.instrumentation.CreateClassResetClassAdapter - Adding bytecode for initializing field DISASTER
13:35:05.064 [main] INFO org.evosuite.runtime.instrumentation.EvoClassLoader - Keeping class: net.sf.saxon.lib.Logger
13:35:05.064 [main] INFO org.evosuite.runtime.instrumentation.EvoClassLoader - Seeing class for first time: net.sf.saxon.lib.StandardLogger
13:35:05.064 [main] INFO org.evosuite.runtime.instrumentation.EvoClassLoader - Instrumenting class 'net.sf.saxon.lib.StandardLogger'.
13:35:05.065 [main] INFO org.evosuite.runtime.instrumentation.MethodCallReplacementClassAdapter - Adding mock interface to class net/sf/saxon/lib/StandardLogger
13:35:05.066 [main] INFO org.evosuite.runtime.instrumentation.CreateClassResetClassAdapter - Creating brand-new static initializer in class net/sf/saxon/lib/StandardLogger
13:35:05.067 [main] INFO org.evosuite.runtime.instrumentation.EvoClassLoader - Keeping class: net.sf.saxon.lib.StandardLogger
13:35:05.067 [main] INFO org.evosuite.runtime.instrumentation.EvoClassLoader - Seeing class for first time: net.sf.saxon.lib.URIChecker
13:35:05.067 [main] INFO org.evosuite.runtime.instrumentation.EvoClassLoader - Instrumenting class 'net.sf.saxon.lib.URIChecker'.
13:35:05.068 [main] INFO org.evosuite.runtime.instrumentation.EvoClassLoader - Keeping class: net.sf.saxon.lib.URIChecker
13:35:05.068 [main] INFO org.evosuite.runtime.instrumentation.EvoClassLoader - Seeing class for first time: net.sf.saxon.type.StringToDouble
13:35:05.068 [main] INFO org.evosuite.runtime.instrumentation.EvoClassLoader - Instrumenting class 'net.sf.saxon.type.StringToDouble'.
13:35:05.069 [main] INFO org.evosuite.runtime.instrumentation.MethodCallReplacementClassAdapter - Adding mock interface to class net/sf/saxon/type/StringToDouble
13:35:05.070 [main] INFO org.evosuite.runtime.instrumentation.CreateClassResetClassAdapter - Found static initializer in class net/sf/saxon/type/StringToDouble
13:35:05.071 [main] INFO org.evosuite.runtime.instrumentation.EvoClassLoader - Seeing class for first time: net.sf.saxon.type.StringConverter
13:35:05.071 [main] INFO org.evosuite.runtime.instrumentation.EvoClassLoader - Instrumenting class 'net.sf.saxon.type.StringConverter'.
13:35:05.071 [main] INFO org.evosuite.runtime.instrumentation.MethodCallReplacementClassAdapter - Adding mock interface to class net/sf/saxon/type/StringConverter
13:35:05.072 [main] INFO org.evosuite.runtime.instrumentation.CreateClassResetClassAdapter - Creating brand-new static initializer in class net/sf/saxon/type/StringConverter
13:35:05.072 [main] INFO org.evosuite.runtime.instrumentation.EvoClassLoader - Seeing class for first time: net.sf.saxon.type.Converter
13:35:05.072 [main] INFO org.evosuite.runtime.instrumentation.EvoClassLoader - Instrumenting class 'net.sf.saxon.type.Converter'.
13:35:05.073 [main] INFO org.evosuite.runtime.instrumentation.MethodCallReplacementClassAdapter - Adding mock interface to class net/sf/saxon/type/Converter
13:35:05.074 [main] INFO org.evosuite.runtime.instrumentation.CreateClassResetClassAdapter - Creating brand-new static initializer in class net/sf/saxon/type/Converter
13:35:05.074 [main] INFO org.evosuite.runtime.instrumentation.EvoClassLoader - Keeping class: net.sf.saxon.type.Converter
13:35:05.074 [main] INFO org.evosuite.runtime.instrumentation.EvoClassLoader - Keeping class: net.sf.saxon.type.StringConverter
13:35:05.074 [main] INFO org.evosuite.runtime.instrumentation.EvoClassLoader - Keeping class: net.sf.saxon.type.StringToDouble
13:35:05.074 [main] INFO org.evosuite.runtime.instrumentation.EvoClassLoader - Seeing class for first time: net.sf.saxon.value.StringToDouble11
13:35:05.074 [main] INFO org.evosuite.runtime.instrumentation.EvoClassLoader - Instrumenting class 'net.sf.saxon.value.StringToDouble11'.
13:35:05.075 [main] INFO org.evosuite.runtime.instrumentation.MethodCallReplacementClassAdapter - Adding mock interface to class net/sf/saxon/value/StringToDouble11
13:35:05.075 [main] INFO org.evosuite.runtime.instrumentation.CreateClassResetClassAdapter - Found static initializer in class net/sf/saxon/value/StringToDouble11
13:35:05.076 [main] INFO org.evosuite.runtime.instrumentation.EvoClassLoader - Keeping class: net.sf.saxon.value.StringToDouble11
13:35:05.076 [main] INFO org.evosuite.runtime.instrumentation.EvoClassLoader - Seeing class for first time: net.sf.saxon.expr.parser.CodeInjector
13:35:05.076 [main] INFO org.evosuite.runtime.instrumentation.EvoClassLoader - Instrumenting class 'net.sf.saxon.expr.parser.CodeInjector'.
13:35:05.077 [main] INFO org.evosuite.runtime.instrumentation.EvoClassLoader - Keeping class: net.sf.saxon.expr.parser.CodeInjector
13:35:05.077 [main] INFO org.evosuite.runtime.instrumentation.EvoClassLoader - Seeing class for first time: net.sf.saxon.functions.registry.BuiltInFunctionSet
13:35:05.077 [main] INFO org.evosuite.runtime.instrumentation.EvoClassLoader - Instrumenting class 'net.sf.saxon.functions.registry.BuiltInFunctionSet'.
13:35:05.079 [main] INFO org.evosuite.runtime.instrumentation.MethodCallReplacementClassAdapter - Adding mock interface to class net/sf/saxon/functions/registry/BuiltInFunctionSet
13:35:05.082 [main] INFO org.evosuite.runtime.instrumentation.CreateClassResetClassAdapter - Found static initializer in class net/sf/saxon/functions/registry/BuiltInFunctionSet
13:35:05.082 [main] INFO org.evosuite.runtime.instrumentation.EvoClassLoader - Defined package (3): package net.sf.saxon.functions.registry, 1580756575
13:35:05.083 [main] INFO org.evosuite.runtime.instrumentation.EvoClassLoader - Seeing class for first time: net.sf.saxon.functions.FunctionLibrary
13:35:05.083 [main] INFO org.evosuite.runtime.instrumentation.EvoClassLoader - Instrumenting class 'net.sf.saxon.functions.FunctionLibrary'.
13:35:05.084 [main] INFO org.evosuite.runtime.instrumentation.EvoClassLoader - Defined package (3): package net.sf.saxon.functions, -1773096564
13:35:05.084 [main] INFO org.evosuite.runtime.instrumentation.EvoClassLoader - Keeping class: net.sf.saxon.functions.FunctionLibrary
13:35:05.084 [main] INFO org.evosuite.runtime.instrumentation.EvoClassLoader - Keeping class: net.sf.saxon.functions.registry.BuiltInFunctionSet
13:35:05.084 [main] INFO org.evosuite.runtime.instrumentation.EvoClassLoader - Seeing class for first time: net.sf.saxon.functions.registry.XSLT30FunctionSet
13:35:05.084 [main] INFO org.evosuite.runtime.instrumentation.EvoClassLoader - Instrumenting class 'net.sf.saxon.functions.registry.XSLT30FunctionSet'.
13:35:05.085 [main] INFO org.evosuite.runtime.instrumentation.MethodCallReplacementClassAdapter - Adding mock interface to class net/sf/saxon/functions/registry/XSLT30FunctionSet
13:35:05.086 [main] INFO org.evosuite.runtime.instrumentation.CreateClassResetClassAdapter - Found static initializer in class net/sf/saxon/functions/registry/XSLT30FunctionSet
13:35:05.087 [main] INFO org.evosuite.runtime.instrumentation.EvoClassLoader - Keeping class: net.sf.saxon.functions.registry.XSLT30FunctionSet
13:35:05.087 [main] INFO org.evosuite.runtime.instrumentation.EvoClassLoader - Seeing class for first time: net.sf.saxon.functions.registry.UseWhen30FunctionSet
13:35:05.087 [main] INFO org.evosuite.runtime.instrumentation.EvoClassLoader - Instrumenting class 'net.sf.saxon.functions.registry.UseWhen30FunctionSet'.
13:35:05.088 [main] INFO org.evosuite.runtime.instrumentation.MethodCallReplacementClassAdapter - Adding mock interface to class net/sf/saxon/functions/registry/UseWhen30FunctionSet
13:35:05.088 [main] INFO org.evosuite.runtime.instrumentation.CreateClassResetClassAdapter - Found static initializer in class net/sf/saxon/functions/registry/UseWhen30FunctionSet
13:35:05.089 [main] INFO org.evosuite.runtime.instrumentation.EvoClassLoader - Keeping class: net.sf.saxon.functions.registry.UseWhen30FunctionSet
13:35:05.089 [main] INFO org.evosuite.runtime.instrumentation.EvoClassLoader - Seeing class for first time: net.sf.saxon.functions.registry.XPath30FunctionSet
13:35:05.089 [main] INFO org.evosuite.runtime.instrumentation.EvoClassLoader - Instrumenting class 'net.sf.saxon.functions.registry.XPath30FunctionSet'.
13:35:05.090 [main] INFO org.evosuite.runtime.instrumentation.MethodCallReplacementClassAdapter - Adding mock interface to class net/sf/saxon/functions/registry/XPath30FunctionSet
13:35:05.091 [main] INFO org.evosuite.runtime.instrumentation.CreateClassResetClassAdapter - Found static initializer in class net/sf/saxon/functions/registry/XPath30FunctionSet
13:35:05.091 [main] INFO org.evosuite.runtime.instrumentation.EvoClassLoader - Keeping class: net.sf.saxon.functions.registry.XPath30FunctionSet
13:35:05.091 [main] INFO org.evosuite.runtime.instrumentation.EvoClassLoader - Seeing class for first time: net.sf.saxon.functions.registry.XPath31FunctionSet
13:35:05.091 [main] INFO org.evosuite.runtime.instrumentation.EvoClassLoader - Instrumenting class 'net.sf.saxon.functions.registry.XPath31FunctionSet'.
13:35:05.092 [main] INFO org.evosuite.runtime.instrumentation.MethodCallReplacementClassAdapter - Adding mock interface to class net/sf/saxon/functions/registry/XPath31FunctionSet
13:35:05.093 [main] INFO org.evosuite.runtime.instrumentation.CreateClassResetClassAdapter - Found static initializer in class net/sf/saxon/functions/registry/XPath31FunctionSet
13:35:05.093 [main] INFO org.evosuite.runtime.instrumentation.EvoClassLoader - Keeping class: net.sf.saxon.functions.registry.XPath31FunctionSet
13:35:05.094 [main] INFO org.evosuite.runtime.instrumentation.EvoClassLoader - Seeing class for first time: net.sf.saxon.lib.Numberer
13:35:05.094 [main] INFO org.evosuite.runtime.instrumentation.EvoClassLoader - Instrumenting class 'net.sf.saxon.lib.Numberer'.
13:35:05.095 [main] INFO org.evosuite.runtime.instrumentation.EvoClassLoader - Keeping class: net.sf.saxon.lib.Numberer
13:35:05.095 [main] INFO org.evosuite.runtime.instrumentation.EvoClassLoader - Seeing class for first time: net.sf.saxon.expr.parser.TypeChecker
13:35:05.095 [main] INFO org.evosuite.runtime.instrumentation.EvoClassLoader - Instrumenting class 'net.sf.saxon.expr.parser.TypeChecker'.
13:35:05.097 [main] INFO org.evosuite.runtime.instrumentation.MethodCallReplacementClassAdapter - Adding mock interface to class net/sf/saxon/expr/parser/TypeChecker
13:35:05.119 [main] INFO org.evosuite.runtime.instrumentation.CreateClassResetClassAdapter - Creating brand-new static initializer in class net/sf/saxon/expr/parser/TypeChecker
13:35:05.120 [main] INFO org.evosuite.runtime.instrumentation.EvoClassLoader - Keeping class: net.sf.saxon.expr.parser.TypeChecker
13:35:05.120 [main] INFO org.evosuite.runtime.instrumentation.EvoClassLoader - Seeing class for first time: net.sf.saxon.expr.compat.TypeChecker10
13:35:05.120 [main] INFO org.evosuite.runtime.instrumentation.EvoClassLoader - Instrumenting class 'net.sf.saxon.expr.compat.TypeChecker10'.
13:35:05.121 [main] INFO org.evosuite.runtime.instrumentation.MethodCallReplacementClassAdapter - Adding mock interface to class net/sf/saxon/expr/compat/TypeChecker10
13:35:05.125 [main] INFO org.evosuite.runtime.instrumentation.CreateClassResetClassAdapter - Creating brand-new static initializer in class net/sf/saxon/expr/compat/TypeChecker10
13:35:05.125 [main] INFO org.evosuite.runtime.instrumentation.EvoClassLoader - Defined package (3): package net.sf.saxon.expr.compat, 1248518988
13:35:05.125 [main] INFO org.evosuite.runtime.instrumentation.EvoClassLoader - Keeping class: net.sf.saxon.expr.compat.TypeChecker10
13:35:05.127 [main] INFO org.evosuite.runtime.instrumentation.EvoClassLoader - Seeing class for first time: net.sf.saxon.lib.FunctionAnnotationHandler
13:35:05.127 [main] INFO org.evosuite.runtime.instrumentation.EvoClassLoader - Instrumenting class 'net.sf.saxon.lib.FunctionAnnotationHandler'.
13:35:05.128 [main] INFO org.evosuite.runtime.instrumentation.EvoClassLoader - Keeping class: net.sf.saxon.lib.FunctionAnnotationHandler
13:35:05.129 [main] INFO org.evosuite.runtime.instrumentation.EvoClassLoader - Seeing class for first time: net.sf.saxon.expr.instruct.Debugger
13:35:05.129 [main] INFO org.evosuite.runtime.instrumentation.EvoClassLoader - Instrumenting class 'net.sf.saxon.expr.instruct.Debugger'.
13:35:05.130 [main] INFO org.evosuite.runtime.instrumentation.EvoClassLoader - Keeping class: net.sf.saxon.expr.instruct.Debugger
13:35:05.130 [main] INFO org.evosuite.runtime.instrumentation.EvoClassLoader - Seeing class for first time: net.sf.saxon.style.XSLTemplate
13:35:05.130 [main] INFO org.evosuite.runtime.instrumentation.EvoClassLoader - Instrumenting class 'net.sf.saxon.style.XSLTemplate'.
13:35:05.133 [main] INFO org.evosuite.runtime.instrumentation.MethodCallReplacementClassAdapter - Adding mock interface to class net/sf/saxon/style/XSLTemplate
13:35:05.141 [main] INFO org.evosuite.runtime.instrumentation.CreateClassResetClassAdapter - Creating brand-new static initializer in class net/sf/saxon/style/XSLTemplate
13:35:05.143 [main] INFO org.evosuite.runtime.instrumentation.EvoClassLoader - Keeping class: net.sf.saxon.style.XSLTemplate
13:35:05.144 [main] INFO org.evosuite.runtime.instrumentation.EvoClassLoader - Seeing class for first time: net.sf.saxon.expr.parser.OptimizerOptions
13:35:05.144 [main] INFO org.evosuite.runtime.instrumentation.EvoClassLoader - Instrumenting class 'net.sf.saxon.expr.parser.OptimizerOptions'.
13:35:05.144 [main] INFO org.evosuite.runtime.instrumentation.MethodCallReplacementClassAdapter - Adding mock interface to class net/sf/saxon/expr/parser/OptimizerOptions
13:35:05.145 [main] INFO org.evosuite.runtime.instrumentation.CreateClassResetClassAdapter - Found static initializer in class net/sf/saxon/expr/parser/OptimizerOptions
13:35:05.146 [main] INFO org.evosuite.runtime.instrumentation.EvoClassLoader - Keeping class: net.sf.saxon.expr.parser.OptimizerOptions
13:35:05.146 [main] INFO org.evosuite.runtime.instrumentation.EvoClassLoader - Seeing class for first time: net.sf.saxon.type.SpecificFunctionType
13:35:05.146 [main] INFO org.evosuite.runtime.instrumentation.EvoClassLoader - Instrumenting class 'net.sf.saxon.type.SpecificFunctionType'.
13:35:05.147 [main] INFO org.evosuite.runtime.instrumentation.MethodCallReplacementClassAdapter - Adding mock interface to class net/sf/saxon/type/SpecificFunctionType
13:35:05.148 [main] INFO org.evosuite.runtime.instrumentation.CreateClassResetClassAdapter - Creating brand-new static initializer in class net/sf/saxon/type/SpecificFunctionType
13:35:05.149 [main] INFO org.evosuite.runtime.instrumentation.EvoClassLoader - Seeing class for first time: net.sf.saxon.type.AnyFunctionType
13:35:05.149 [main] INFO org.evosuite.runtime.instrumentation.EvoClassLoader - Instrumenting class 'net.sf.saxon.type.AnyFunctionType'.
13:35:05.150 [main] INFO org.evosuite.runtime.instrumentation.MethodCallReplacementClassAdapter - Adding mock interface to class net/sf/saxon/type/AnyFunctionType
13:35:05.150 [main] INFO org.evosuite.runtime.instrumentation.CreateClassResetClassAdapter - Found static initializer in class net/sf/saxon/type/AnyFunctionType
13:35:05.151 [main] INFO org.evosuite.runtime.instrumentation.EvoClassLoader - Seeing class for first time: net.sf.saxon.type.FunctionItemType
13:35:05.151 [main] INFO org.evosuite.runtime.instrumentation.EvoClassLoader - Instrumenting class 'net.sf.saxon.type.FunctionItemType'.
13:35:05.152 [main] INFO org.evosuite.runtime.instrumentation.EvoClassLoader - Keeping class: net.sf.saxon.type.FunctionItemType
13:35:05.152 [main] INFO org.evosuite.runtime.instrumentation.EvoClassLoader - Keeping class: net.sf.saxon.type.AnyFunctionType
13:35:05.152 [main] INFO org.evosuite.runtime.instrumentation.EvoClassLoader - Keeping class: net.sf.saxon.type.SpecificFunctionType
13:35:05.152 [main] INFO org.evosuite.runtime.instrumentation.EvoClassLoader - Seeing class for first time: net.sf.saxon.expr.parser.RoleDiagnostic
13:35:05.152 [main] INFO org.evosuite.runtime.instrumentation.EvoClassLoader - Instrumenting class 'net.sf.saxon.expr.parser.RoleDiagnostic'.
13:35:05.154 [main] INFO org.evosuite.runtime.instrumentation.MethodCallReplacementClassAdapter - Adding mock interface to class net/sf/saxon/expr/parser/RoleDiagnostic
13:35:05.155 [main] INFO org.evosuite.runtime.instrumentation.CreateClassResetClassAdapter - Creating brand-new static initializer in class net/sf/saxon/expr/parser/RoleDiagnostic
13:35:05.155 [main] INFO org.evosuite.runtime.instrumentation.CreateClassResetClassAdapter - Adding bytecode for initializing field FUNCTION
13:35:05.155 [main] INFO org.evosuite.runtime.instrumentation.CreateClassResetClassAdapter - Adding bytecode for initializing field BINARY_EXPR
13:35:05.155 [main] INFO org.evosuite.runtime.instrumentation.CreateClassResetClassAdapter - Adding bytecode for initializing field TYPE_OP
13:35:05.155 [main] INFO org.evosuite.runtime.instrumentation.CreateClassResetClassAdapter - Adding bytecode for initializing field VARIABLE
13:35:05.155 [main] INFO org.evosuite.runtime.instrumentation.CreateClassResetClassAdapter - Adding bytecode for initializing field INSTRUCTION
13:35:05.155 [main] INFO org.evosuite.runtime.instrumentation.CreateClassResetClassAdapter - Adding bytecode for initializing field FUNCTION_RESULT
13:35:05.155 [main] INFO org.evosuite.runtime.instrumentation.CreateClassResetClassAdapter - Adding bytecode for initializing field ORDER_BY
13:35:05.155 [main] INFO org.evosuite.runtime.instrumentation.CreateClassResetClassAdapter - Adding bytecode for initializing field TEMPLATE_RESULT
13:35:05.155 [main] INFO org.evosuite.runtime.instrumentation.CreateClassResetClassAdapter - Adding bytecode for initializing field PARAM
13:35:05.155 [main] INFO org.evosuite.runtime.instrumentation.CreateClassResetClassAdapter - Adding bytecode for initializing field UNARY_EXPR
13:35:05.155 [main] INFO org.evosuite.runtime.instrumentation.CreateClassResetClassAdapter - Adding bytecode for initializing field UPDATING_EXPR
13:35:05.155 [main] INFO org.evosuite.runtime.instrumentation.CreateClassResetClassAdapter - Adding bytecode for initializing field EVALUATE_RESULT
13:35:05.155 [main] INFO org.evosuite.runtime.instrumentation.CreateClassResetClassAdapter - Adding bytecode for initializing field CONTEXT_ITEM
13:35:05.155 [main] INFO org.evosuite.runtime.instrumentation.CreateClassResetClassAdapter - Adding bytecode for initializing field AXIS_STEP
13:35:05.155 [main] INFO org.evosuite.runtime.instrumentation.CreateClassResetClassAdapter - Adding bytecode for initializing field OPTION
13:35:05.155 [main] INFO org.evosuite.runtime.instrumentation.CreateClassResetClassAdapter - Adding bytecode for initializing field CHARACTER_MAP_EXPANSION
13:35:05.155 [main] INFO org.evosuite.runtime.instrumentation.CreateClassResetClassAdapter - Adding bytecode for initializing field MATCH_PATTERN
13:35:05.155 [main] INFO org.evosuite.runtime.instrumentation.CreateClassResetClassAdapter - Adding bytecode for initializing field MISC
13:35:05.156 [main] INFO org.evosuite.runtime.instrumentation.EvoClassLoader - Keeping class: net.sf.saxon.expr.parser.RoleDiagnostic
13:35:05.156 [main] INFO org.evosuite.runtime.instrumentation.EvoClassLoader - Seeing class for first time: net.sf.saxon.expr.parser.ContextItemStaticInfo
13:35:05.156 [main] INFO org.evosuite.runtime.instrumentation.EvoClassLoader - Instrumenting class 'net.sf.saxon.expr.parser.ContextItemStaticInfo'.
13:35:05.157 [main] INFO org.evosuite.runtime.instrumentation.MethodCallReplacementClassAdapter - Adding mock interface to class net/sf/saxon/expr/parser/ContextItemStaticInfo
13:35:05.157 [main] INFO org.evosuite.runtime.instrumentation.CreateClassResetClassAdapter - Found static initializer in class net/sf/saxon/expr/parser/ContextItemStaticInfo
13:35:05.157 [main] INFO org.evosuite.runtime.instrumentation.EvoClassLoader - Keeping class: net.sf.saxon.expr.parser.ContextItemStaticInfo
13:35:05.158 [main] INFO org.evosuite.runtime.instrumentation.EvoClassLoader - Seeing class for first time: net.sf.saxon.query.QueryModule
13:35:05.158 [main] INFO org.evosuite.runtime.instrumentation.EvoClassLoader - Instrumenting class 'net.sf.saxon.query.QueryModule'.
13:35:05.160 [main] INFO org.evosuite.runtime.instrumentation.MethodCallReplacementClassAdapter - Adding mock interface to class net/sf/saxon/query/QueryModule
13:35:05.166 [main] INFO org.evosuite.runtime.instrumentation.CreateClassResetClassAdapter - Creating brand-new static initializer in class net/sf/saxon/query/QueryModule
13:35:05.167 [main] INFO org.evosuite.runtime.instrumentation.EvoClassLoader - Keeping class: net.sf.saxon.query.QueryModule
13:35:05.167 [main] INFO org.evosuite.runtime.instrumentation.EvoClassLoader - Seeing class for first time: net.sf.saxon.query.XQueryExpression
13:35:05.167 [main] INFO org.evosuite.runtime.instrumentation.EvoClassLoader - Instrumenting class 'net.sf.saxon.query.XQueryExpression'.
13:35:05.169 [main] INFO org.evosuite.runtime.instrumentation.MethodCallReplacementClassAdapter - Adding mock interface to class net/sf/saxon/query/XQueryExpression
13:35:05.178 [main] INFO org.evosuite.runtime.instrumentation.CreateClassResetClassAdapter - Creating brand-new static initializer in class net/sf/saxon/query/XQueryExpression
13:35:05.179 [main] INFO org.evosuite.runtime.instrumentation.EvoClassLoader - Keeping class: net.sf.saxon.query.XQueryExpression
13:35:05.179 [main] INFO org.evosuite.runtime.instrumentation.EvoClassLoader - Seeing class for first time: net.sf.saxon.style.StyleNodeFactory
13:35:05.179 [main] INFO org.evosuite.runtime.instrumentation.EvoClassLoader - Instrumenting class 'net.sf.saxon.style.StyleNodeFactory'.
13:35:05.184 [main] INFO org.evosuite.runtime.instrumentation.MethodCallReplacementClassAdapter - Adding mock interface to class net/sf/saxon/style/StyleNodeFactory
13:35:05.243 [main] INFO org.evosuite.runtime.instrumentation.CreateClassResetClassAdapter - Creating brand-new static initializer in class net/sf/saxon/style/StyleNodeFactory
13:35:05.244 [main] INFO org.evosuite.runtime.instrumentation.EvoClassLoader - Keeping class: net.sf.saxon.style.StyleNodeFactory
13:35:05.244 [main] INFO org.evosuite.runtime.instrumentation.EvoClassLoader - Seeing class for first time: net.sf.saxon.style.XSLEvaluate
13:35:05.244 [main] INFO org.evosuite.runtime.instrumentation.EvoClassLoader - Instrumenting class 'net.sf.saxon.style.XSLEvaluate'.
13:35:05.246 [main] INFO org.evosuite.runtime.instrumentation.MethodCallReplacementClassAdapter - Adding mock interface to class net/sf/saxon/style/XSLEvaluate
13:35:05.249 [main] INFO org.evosuite.runtime.instrumentation.CreateClassResetClassAdapter - Creating brand-new static initializer in class net/sf/saxon/style/XSLEvaluate
13:35:05.251 [main] INFO org.evosuite.runtime.instrumentation.EvoClassLoader - Keeping class: net.sf.saxon.style.XSLEvaluate
13:35:05.251 [main] INFO org.evosuite.runtime.instrumentation.EvoClassLoader - Seeing class for first time: net.sf.saxon.expr.accum.AccumulatorRegistry
13:35:05.251 [main] INFO org.evosuite.runtime.instrumentation.EvoClassLoader - Instrumenting class 'net.sf.saxon.expr.accum.AccumulatorRegistry'.
13:35:05.252 [main] INFO org.evosuite.runtime.instrumentation.MethodCallReplacementClassAdapter - Adding mock interface to class net/sf/saxon/expr/accum/AccumulatorRegistry
13:35:05.253 [main] INFO org.evosuite.runtime.instrumentation.CreateClassResetClassAdapter - Creating brand-new static initializer in class net/sf/saxon/expr/accum/AccumulatorRegistry
13:35:05.253 [main] INFO org.evosuite.runtime.instrumentation.EvoClassLoader - Defined package (3): package net.sf.saxon.expr.accum, 1839176143
13:35:05.253 [main] INFO org.evosuite.runtime.instrumentation.EvoClassLoader - Keeping class: net.sf.saxon.expr.accum.AccumulatorRegistry
13:35:05.253 [main] INFO org.evosuite.runtime.instrumentation.EvoClassLoader - Seeing class for first time: net.sf.saxon.lib.ExternalObjectModel
13:35:05.253 [main] INFO org.evosuite.runtime.instrumentation.EvoClassLoader - Instrumenting class 'net.sf.saxon.lib.ExternalObjectModel'.
13:35:05.254 [main] INFO org.evosuite.runtime.instrumentation.EvoClassLoader - Keeping class: net.sf.saxon.lib.ExternalObjectModel
13:35:05.254 [main] INFO org.evosuite.runtime.instrumentation.EvoClassLoader - Seeing class for first time: net.sf.saxon.type.JavaExternalObjectType
13:35:05.254 [main] INFO org.evosuite.runtime.instrumentation.EvoClassLoader - Instrumenting class 'net.sf.saxon.type.JavaExternalObjectType'.
13:35:05.255 [main] INFO org.evosuite.runtime.instrumentation.MethodCallReplacementClassAdapter - Adding mock interface to class net/sf/saxon/type/JavaExternalObjectType
13:35:05.255 [main] INFO org.evosuite.runtime.instrumentation.CreateClassResetClassAdapter - Creating brand-new static initializer in class net/sf/saxon/type/JavaExternalObjectType
13:35:05.256 [main] INFO org.evosuite.runtime.instrumentation.EvoClassLoader - Seeing class for first time: net.sf.saxon.type.ExternalObjectType
13:35:05.256 [main] INFO org.evosuite.runtime.instrumentation.EvoClassLoader - Instrumenting class 'net.sf.saxon.type.ExternalObjectType'.
13:35:05.256 [main] INFO org.evosuite.runtime.instrumentation.MethodCallReplacementClassAdapter - Adding mock interface to class net/sf/saxon/type/ExternalObjectType
13:35:05.257 [main] INFO org.evosuite.runtime.instrumentation.CreateClassResetClassAdapter - Creating brand-new static initializer in class net/sf/saxon/type/ExternalObjectType
13:35:05.257 [main] INFO org.evosuite.runtime.instrumentation.EvoClassLoader - Seeing class for first time: net.sf.saxon.type.AnyExternalObjectType
13:35:05.257 [main] INFO org.evosuite.runtime.instrumentation.EvoClassLoader - Instrumenting class 'net.sf.saxon.type.AnyExternalObjectType'.
13:35:05.257 [main] INFO org.evosuite.runtime.instrumentation.MethodCallReplacementClassAdapter - Adding mock interface to class net/sf/saxon/type/AnyExternalObjectType
13:35:05.258 [main] INFO org.evosuite.runtime.instrumentation.CreateClassResetClassAdapter - Found static initializer in class net/sf/saxon/type/AnyExternalObjectType
13:35:05.258 [main] INFO org.evosuite.runtime.instrumentation.EvoClassLoader - Keeping class: net.sf.saxon.type.AnyExternalObjectType
13:35:05.258 [main] INFO org.evosuite.runtime.instrumentation.EvoClassLoader - Keeping class: net.sf.saxon.type.ExternalObjectType
13:35:05.258 [main] INFO org.evosuite.runtime.instrumentation.EvoClassLoader - Keeping class: net.sf.saxon.type.JavaExternalObjectType
13:35:05.258 [main] INFO org.evosuite.runtime.instrumentation.EvoClassLoader - Seeing class for first time: net.sf.saxon.value.ObjectValue
13:35:05.258 [main] INFO org.evosuite.runtime.instrumentation.EvoClassLoader - Instrumenting class 'net.sf.saxon.value.ObjectValue'.
13:35:05.259 [main] INFO org.evosuite.runtime.instrumentation.MethodCallReplacementClassAdapter - Adding mock interface to class net/sf/saxon/value/ObjectValue
13:35:05.259 [main] INFO org.evosuite.runtime.instrumentation.CreateClassResetClassAdapter - Creating brand-new static initializer in class net/sf/saxon/value/ObjectValue
13:35:05.259 [main] INFO org.evosuite.runtime.instrumentation.EvoClassLoader - Seeing class for first time: net.sf.saxon.value.ExternalObject
13:35:05.259 [main] INFO org.evosuite.runtime.instrumentation.EvoClassLoader - Instrumenting class 'net.sf.saxon.value.ExternalObject'.
13:35:05.260 [main] INFO org.evosuite.runtime.instrumentation.EvoClassLoader - Keeping class: net.sf.saxon.value.ExternalObject
13:35:05.260 [main] INFO org.evosuite.runtime.instrumentation.EvoClassLoader - Keeping class: net.sf.saxon.value.ObjectValue
13:35:05.260 [main] INFO org.evosuite.runtime.instrumentation.EvoClassLoader - Seeing class for first time: net.sf.saxon.ma.map.MapItem
13:35:05.260 [main] INFO org.evosuite.runtime.instrumentation.EvoClassLoader - Instrumenting class 'net.sf.saxon.ma.map.MapItem'.
13:35:05.263 [main] INFO org.evosuite.runtime.instrumentation.EvoClassLoader - Defined package (3): package net.sf.saxon.ma.map, -930564687
13:35:05.264 [main] INFO org.evosuite.runtime.instrumentation.EvoClassLoader - Seeing class for first time: net.sf.saxon.om.Function
13:35:05.264 [main] INFO org.evosuite.runtime.instrumentation.EvoClassLoader - Instrumenting class 'net.sf.saxon.om.Function'.
13:35:05.266 [main] INFO org.evosuite.runtime.instrumentation.EvoClassLoader - Seeing class for first time: net.sf.saxon.expr.Callable
13:35:05.266 [main] INFO org.evosuite.runtime.instrumentation.EvoClassLoader - Instrumenting class 'net.sf.saxon.expr.Callable'.
13:35:05.267 [main] INFO org.evosuite.runtime.instrumentation.EvoClassLoader - Keeping class: net.sf.saxon.expr.Callable
13:35:05.268 [main] INFO org.evosuite.runtime.instrumentation.EvoClassLoader - Keeping class: net.sf.saxon.om.Function
13:35:05.268 [main] INFO org.evosuite.runtime.instrumentation.EvoClassLoader - Keeping class: net.sf.saxon.ma.map.MapItem
13:35:05.268 [main] INFO org.evosuite.runtime.instrumentation.EvoClassLoader - Seeing class for first time: net.sf.saxon.lib.StaticQueryContextFactory
13:35:05.268 [main] INFO org.evosuite.runtime.instrumentation.EvoClassLoader - Instrumenting class 'net.sf.saxon.lib.StaticQueryContextFactory'.
13:35:05.269 [main] INFO org.evosuite.runtime.instrumentation.MethodCallReplacementClassAdapter - Adding mock interface to class net/sf/saxon/lib/StaticQueryContextFactory
13:35:05.269 [main] INFO org.evosuite.runtime.instrumentation.CreateClassResetClassAdapter - Creating brand-new static initializer in class net/sf/saxon/lib/StaticQueryContextFactory
13:35:05.270 [main] INFO org.evosuite.runtime.instrumentation.EvoClassLoader - Keeping class: net.sf.saxon.lib.StaticQueryContextFactory
13:35:05.270 [main] INFO org.evosuite.runtime.instrumentation.EvoClassLoader - Seeing class for first time: net.sf.saxon.expr.PendingUpdateList
13:35:05.270 [main] INFO org.evosuite.runtime.instrumentation.EvoClassLoader - Instrumenting class 'net.sf.saxon.expr.PendingUpdateList'.
13:35:05.272 [main] INFO org.evosuite.runtime.instrumentation.EvoClassLoader - Keeping class: net.sf.saxon.expr.PendingUpdateList
13:35:05.272 [main] INFO org.evosuite.runtime.instrumentation.EvoClassLoader - Seeing class for first time: net.sf.saxon.om.DocumentInfo
13:35:05.272 [main] INFO org.evosuite.runtime.instrumentation.EvoClassLoader - Instrumenting class 'net.sf.saxon.om.DocumentInfo'.
13:35:05.273 [main] INFO org.evosuite.runtime.instrumentation.MethodCallReplacementClassAdapter - Adding mock interface to class net/sf/saxon/om/DocumentInfo
13:35:05.274 [main] INFO org.evosuite.runtime.instrumentation.CreateClassResetClassAdapter - Creating brand-new static initializer in class net/sf/saxon/om/DocumentInfo
13:35:05.275 [main] INFO org.evosuite.runtime.instrumentation.EvoClassLoader - Seeing class for first time: net.sf.saxon.tree.wrapper.AbstractVirtualNode
13:35:05.275 [main] INFO org.evosuite.runtime.instrumentation.EvoClassLoader - Instrumenting class 'net.sf.saxon.tree.wrapper.AbstractVirtualNode'.
13:35:05.276 [main] INFO org.evosuite.runtime.instrumentation.MethodCallReplacementClassAdapter - Adding mock interface to class net/sf/saxon/tree/wrapper/AbstractVirtualNode
13:35:05.278 [main] INFO org.evosuite.runtime.instrumentation.CreateClassResetClassAdapter - Creating brand-new static initializer in class net/sf/saxon/tree/wrapper/AbstractVirtualNode
13:35:05.278 [main] INFO org.evosuite.runtime.instrumentation.EvoClassLoader - Seeing class for first time: net.sf.saxon.tree.wrapper.VirtualNode
13:35:05.278 [main] INFO org.evosuite.runtime.instrumentation.EvoClassLoader - Instrumenting class 'net.sf.saxon.tree.wrapper.VirtualNode'.
13:35:05.279 [main] INFO org.evosuite.runtime.instrumentation.EvoClassLoader - Keeping class: net.sf.saxon.tree.wrapper.VirtualNode
13:35:05.280 [main] INFO org.evosuite.runtime.instrumentation.EvoClassLoader - Keeping class: net.sf.saxon.tree.wrapper.AbstractVirtualNode
13:35:05.280 [main] INFO org.evosuite.runtime.instrumentation.EvoClassLoader - Keeping class: net.sf.saxon.om.DocumentInfo
13:35:05.280 [main] INFO org.evosuite.runtime.instrumentation.EvoClassLoader - Seeing class for first time: net.sf.saxon.tree.tiny.TreeStatistics
13:35:05.280 [main] INFO org.evosuite.runtime.instrumentation.EvoClassLoader - Instrumenting class 'net.sf.saxon.tree.tiny.TreeStatistics'.
13:35:05.281 [main] INFO org.evosuite.runtime.instrumentation.MethodCallReplacementClassAdapter - Adding mock interface to class net/sf/saxon/tree/tiny/TreeStatistics
13:35:05.281 [main] INFO org.evosuite.runtime.instrumentation.CreateClassResetClassAdapter - Creating brand-new static initializer in class net/sf/saxon/tree/tiny/TreeStatistics
13:35:05.282 [main] INFO org.evosuite.runtime.instrumentation.EvoClassLoader - Keeping class: net.sf.saxon.tree.tiny.TreeStatistics
13:35:05.282 [main] INFO org.evosuite.runtime.instrumentation.EvoClassLoader - Seeing class for first time: net.sf.saxon.lib.InvalidityReportGenerator
13:35:05.282 [main] INFO org.evosuite.runtime.instrumentation.EvoClassLoader - Instrumenting class 'net.sf.saxon.lib.InvalidityReportGenerator'.
13:35:05.282 [main] INFO org.evosuite.runtime.instrumentation.MethodCallReplacementClassAdapter - Adding mock interface to class net/sf/saxon/lib/InvalidityReportGenerator
13:35:05.283 [main] INFO org.evosuite.runtime.instrumentation.CreateClassResetClassAdapter - Creating brand-new static initializer in class net/sf/saxon/lib/InvalidityReportGenerator
13:35:05.283 [main] INFO org.evosuite.runtime.instrumentation.CreateClassResetClassAdapter - Adding bytecode for initializing field REPORT_NS
13:35:05.283 [main] INFO org.evosuite.runtime.instrumentation.EvoClassLoader - Seeing class for first time: net.sf.saxon.lib.StandardInvalidityHandler
13:35:05.283 [main] INFO org.evosuite.runtime.instrumentation.EvoClassLoader - Instrumenting class 'net.sf.saxon.lib.StandardInvalidityHandler'.
13:35:05.284 [main] INFO org.evosuite.runtime.instrumentation.MethodCallReplacementClassAdapter - Adding mock interface to class net/sf/saxon/lib/StandardInvalidityHandler
13:35:05.285 [main] INFO org.evosuite.runtime.instrumentation.CreateClassResetClassAdapter - Creating brand-new static initializer in class net/sf/saxon/lib/StandardInvalidityHandler
13:35:05.285 [main] INFO org.evosuite.runtime.instrumentation.EvoClassLoader - Seeing class for first time: net.sf.saxon.lib.InvalidityHandler
13:35:05.285 [main] INFO org.evosuite.runtime.instrumentation.EvoClassLoader - Instrumenting class 'net.sf.saxon.lib.InvalidityHandler'.
13:35:05.286 [main] INFO org.evosuite.runtime.instrumentation.EvoClassLoader - Keeping class: net.sf.saxon.lib.InvalidityHandler
13:35:05.286 [main] INFO org.evosuite.runtime.instrumentation.EvoClassLoader - Keeping class: net.sf.saxon.lib.StandardInvalidityHandler
13:35:05.286 [main] INFO org.evosuite.runtime.instrumentation.EvoClassLoader - Keeping class: net.sf.saxon.lib.InvalidityReportGenerator
13:35:05.287 [main] INFO org.evosuite.runtime.instrumentation.EvoClassLoader - Seeing class for first time: net.sf.saxon.trans.CompilerInfo
13:35:05.287 [main] INFO org.evosuite.runtime.instrumentation.EvoClassLoader - Instrumenting class 'net.sf.saxon.trans.CompilerInfo'.
13:35:05.288 [main] INFO org.evosuite.runtime.instrumentation.MethodCallReplacementClassAdapter - Adding mock interface to class net/sf/saxon/trans/CompilerInfo
13:35:05.289 [main] INFO org.evosuite.runtime.instrumentation.CreateClassResetClassAdapter - Creating brand-new static initializer in class net/sf/saxon/trans/CompilerInfo
13:35:05.290 [main] INFO org.evosuite.runtime.instrumentation.EvoClassLoader - Keeping class: net.sf.saxon.trans.CompilerInfo
13:35:05.290 [main] INFO org.evosuite.runtime.instrumentation.EvoClassLoader - Seeing class for first time: net.sf.saxon.expr.instruct.TemplateRule
13:35:05.290 [main] INFO org.evosuite.runtime.instrumentation.EvoClassLoader - Instrumenting class 'net.sf.saxon.expr.instruct.TemplateRule'.
13:35:05.291 [main] INFO org.evosuite.runtime.instrumentation.MethodCallReplacementClassAdapter - Adding mock interface to class net/sf/saxon/expr/instruct/TemplateRule
13:35:05.295 [main] INFO org.evosuite.runtime.instrumentation.CreateClassResetClassAdapter - Creating brand-new static initializer in class net/sf/saxon/expr/instruct/TemplateRule
13:35:05.305 [main] INFO org.evosuite.runtime.instrumentation.EvoClassLoader - Keeping class: net.sf.saxon.expr.instruct.TemplateRule
13:35:05.305 [main] INFO org.evosuite.runtime.instrumentation.EvoClassLoader - Seeing class for first time: net.sf.saxon.expr.XPathContextMajor$ThreadManager
13:35:05.305 [main] INFO org.evosuite.runtime.instrumentation.EvoClassLoader - Instrumenting class 'net.sf.saxon.expr.XPathContextMajor$ThreadManager'.
13:35:05.306 [main] INFO org.evosuite.runtime.instrumentation.MethodCallReplacementClassAdapter - Adding mock interface to class net/sf/saxon/expr/XPathContextMajor$ThreadManager
13:35:05.306 [main] INFO org.evosuite.runtime.instrumentation.CreateClassResetClassAdapter - Creating brand-new static initializer in class net/sf/saxon/expr/XPathContextMajor$ThreadManager
13:35:05.306 [main] INFO org.evosuite.runtime.instrumentation.EvoClassLoader - Keeping class: net.sf.saxon.expr.XPathContextMajor$ThreadManager
13:35:05.307 [main] INFO org.evosuite.runtime.instrumentation.EvoClassLoader - Seeing class for first time: net.sf.saxon.expr.parser.ICompilerService
13:35:05.307 [main] INFO org.evosuite.runtime.instrumentation.EvoClassLoader - Instrumenting class 'net.sf.saxon.expr.parser.ICompilerService'.
13:35:05.307 [main] INFO org.evosuite.runtime.instrumentation.EvoClassLoader - Keeping class: net.sf.saxon.expr.parser.ICompilerService
13:35:05.308 [main] INFO org.evosuite.runtime.instrumentation.EvoClassLoader - Seeing class for first time: net.sf.saxon.trans.ConfigurationReader
13:35:05.308 [main] INFO org.evosuite.runtime.instrumentation.EvoClassLoader - Instrumenting class 'net.sf.saxon.trans.ConfigurationReader'.
13:35:05.311 [main] INFO org.evosuite.runtime.instrumentation.MethodCallReplacementClassAdapter - Adding mock interface to class net/sf/saxon/trans/ConfigurationReader
13:35:05.327 [main] INFO org.evosuite.runtime.instrumentation.CreateClassResetClassAdapter - Creating brand-new static initializer in class net/sf/saxon/trans/ConfigurationReader
13:35:05.329 [main] INFO org.evosuite.runtime.instrumentation.EvoClassLoader - Keeping class: net.sf.saxon.trans.ConfigurationReader
13:35:05.329 [main] INFO org.evosuite.runtime.instrumentation.EvoClassLoader - Seeing class for first time: net.sf.saxon.lib.StandardURIResolver
13:35:05.329 [main] INFO org.evosuite.runtime.instrumentation.EvoClassLoader - Instrumenting class 'net.sf.saxon.lib.StandardURIResolver'.
13:35:05.330 [main] INFO org.evosuite.runtime.instrumentation.MethodCallReplacementClassAdapter - Adding mock interface to class net/sf/saxon/lib/StandardURIResolver
13:35:05.335 [main] INFO org.evosuite.runtime.instrumentation.CreateClassResetClassAdapter - Found static initializer in class net/sf/saxon/lib/StandardURIResolver
13:35:05.336 [main] INFO org.evosuite.runtime.instrumentation.EvoClassLoader - Seeing class for first time: net.sf.saxon.trans.NonDelegatingURIResolver
13:35:05.336 [main] INFO org.evosuite.runtime.instrumentation.EvoClassLoader - Instrumenting class 'net.sf.saxon.trans.NonDelegatingURIResolver'.
13:35:05.337 [main] INFO org.evosuite.runtime.instrumentation.EvoClassLoader - Keeping class: net.sf.saxon.trans.NonDelegatingURIResolver
13:35:05.337 [main] INFO org.evosuite.runtime.instrumentation.EvoClassLoader - Keeping class: net.sf.saxon.lib.StandardURIResolver
13:35:05.337 [main] INFO org.evosuite.runtime.instrumentation.EvoClassLoader - Seeing class for first time: net.sf.saxon.lib.ResourceFactory
13:35:05.337 [main] INFO org.evosuite.runtime.instrumentation.EvoClassLoader - Instrumenting class 'net.sf.saxon.lib.ResourceFactory'.
13:35:05.338 [main] INFO org.evosuite.runtime.instrumentation.EvoClassLoader - Keeping class: net.sf.saxon.lib.ResourceFactory
13:35:05.338 [main] INFO org.evosuite.runtime.instrumentation.EvoClassLoader - Seeing class for first time: net.sf.saxon.Configuration$ApiProvider
13:35:05.338 [main] INFO org.evosuite.runtime.instrumentation.EvoClassLoader - Instrumenting class 'net.sf.saxon.Configuration$ApiProvider'.
13:35:05.340 [main] INFO org.evosuite.runtime.instrumentation.EvoClassLoader - Keeping class: net.sf.saxon.Configuration$ApiProvider
13:35:05.340 [main] INFO org.evosuite.runtime.instrumentation.EvoClassLoader - Seeing class for first time: net.sf.saxon.trans.DynamicLoader
13:35:05.340 [main] INFO org.evosuite.runtime.instrumentation.EvoClassLoader - Instrumenting class 'net.sf.saxon.trans.DynamicLoader'.
13:35:05.341 [main] INFO org.evosuite.runtime.instrumentation.MethodCallReplacementClassAdapter - Adding mock interface to class net/sf/saxon/trans/DynamicLoader
13:35:05.341 [main] INFO org.evosuite.runtime.instrumentation.CreateClassResetClassAdapter - Creating brand-new static initializer in class net/sf/saxon/trans/DynamicLoader
13:35:05.342 [main] INFO org.evosuite.runtime.instrumentation.EvoClassLoader - Keeping class: net.sf.saxon.trans.DynamicLoader
13:35:05.342 [main] INFO org.evosuite.runtime.instrumentation.EvoClassLoader - Seeing class for first time: net.sf.saxon.query.StaticQueryContext
13:35:05.342 [main] INFO org.evosuite.runtime.instrumentation.EvoClassLoader - Instrumenting class 'net.sf.saxon.query.StaticQueryContext'.
13:35:05.344 [main] INFO org.evosuite.runtime.instrumentation.MethodCallReplacementClassAdapter - Adding mock interface to class net/sf/saxon/query/StaticQueryContext
13:35:05.353 [main] INFO org.evosuite.runtime.instrumentation.CreateClassResetClassAdapter - Creating brand-new static initializer in class net/sf/saxon/query/StaticQueryContext
13:35:05.354 [main] INFO org.evosuite.runtime.instrumentation.EvoClassLoader - Keeping class: net.sf.saxon.query.StaticQueryContext
13:35:05.355 [main] INFO org.evosuite.runtime.instrumentation.EvoClassLoader - Seeing class for first time: net.sf.saxon.lib.ConversionRules
13:35:05.355 [main] INFO org.evosuite.runtime.instrumentation.EvoClassLoader - Instrumenting class 'net.sf.saxon.lib.ConversionRules'.
13:35:05.356 [main] INFO org.evosuite.runtime.instrumentation.MethodCallReplacementClassAdapter - Adding mock interface to class net/sf/saxon/lib/ConversionRules
13:35:05.360 [main] INFO org.evosuite.runtime.instrumentation.CreateClassResetClassAdapter - Found static initializer in class net/sf/saxon/lib/ConversionRules
13:35:05.360 [main] INFO org.evosuite.runtime.instrumentation.EvoClassLoader - Keeping class: net.sf.saxon.lib.ConversionRules
13:35:05.360 [main] INFO org.evosuite.runtime.instrumentation.EvoClassLoader - Seeing class for first time: net.sf.saxon.tree.util.DocumentNumberAllocator
13:35:05.360 [main] INFO org.evosuite.runtime.instrumentation.EvoClassLoader - Instrumenting class 'net.sf.saxon.tree.util.DocumentNumberAllocator'.
13:35:05.361 [main] INFO org.evosuite.runtime.instrumentation.MethodCallReplacementClassAdapter - Adding mock interface to class net/sf/saxon/tree/util/DocumentNumberAllocator
13:35:05.361 [main] INFO org.evosuite.runtime.instrumentation.CreateClassResetClassAdapter - Creating brand-new static initializer in class net/sf/saxon/tree/util/DocumentNumberAllocator
13:35:05.362 [main] INFO org.evosuite.runtime.instrumentation.EvoClassLoader - Keeping class: net.sf.saxon.tree.util.DocumentNumberAllocator
13:35:05.362 [main] INFO org.evosuite.runtime.instrumentation.EvoClassLoader - Seeing class for first time: net.sf.saxon.type.TypeHierarchy
13:35:05.362 [main] INFO org.evosuite.runtime.instrumentation.EvoClassLoader - Instrumenting class 'net.sf.saxon.type.TypeHierarchy'.
13:35:05.363 [main] INFO org.evosuite.runtime.instrumentation.MethodCallReplacementClassAdapter - Adding mock interface to class net/sf/saxon/type/TypeHierarchy
13:35:05.372 [main] INFO org.evosuite.runtime.instrumentation.CreateClassResetClassAdapter - Creating brand-new static initializer in class net/sf/saxon/type/TypeHierarchy
13:35:05.372 [main] INFO org.evosuite.runtime.instrumentation.CreateClassResetClassAdapter - Adding bytecode for initializing field SAME_TYPE
13:35:05.372 [main] INFO org.evosuite.runtime.instrumentation.CreateClassResetClassAdapter - Adding bytecode for initializing field SUBSUMES
13:35:05.372 [main] INFO org.evosuite.runtime.instrumentation.CreateClassResetClassAdapter - Adding bytecode for initializing field SUBSUMED_BY
13:35:05.372 [main] INFO org.evosuite.runtime.instrumentation.CreateClassResetClassAdapter - Adding bytecode for initializing field OVERLAPS
13:35:05.372 [main] INFO org.evosuite.runtime.instrumentation.CreateClassResetClassAdapter - Adding bytecode for initializing field DISJOINT
13:35:05.373 [main] INFO org.evosuite.runtime.instrumentation.EvoClassLoader - Keeping class: net.sf.saxon.type.TypeHierarchy
13:35:05.375 [main] INFO org.evosuite.runtime.instrumentation.EvoClassLoader - Seeing class for first time: net.sf.saxon.functions.SystemFunction
13:35:05.375 [main] INFO org.evosuite.runtime.instrumentation.EvoClassLoader - Instrumenting class 'net.sf.saxon.functions.SystemFunction'.
13:35:05.377 [main] INFO org.evosuite.runtime.instrumentation.MethodCallReplacementClassAdapter - Adding mock interface to class net/sf/saxon/functions/SystemFunction
13:35:05.380 [main] INFO org.evosuite.runtime.instrumentation.CreateClassResetClassAdapter - Creating brand-new static initializer in class net/sf/saxon/functions/SystemFunction
13:35:05.381 [main] INFO org.evosuite.runtime.instrumentation.EvoClassLoader - Seeing class for first time: net.sf.saxon.functions.AbstractFunction
13:35:05.381 [main] INFO org.evosuite.runtime.instrumentation.EvoClassLoader - Instrumenting class 'net.sf.saxon.functions.AbstractFunction'.
13:35:05.382 [main] INFO org.evosuite.runtime.instrumentation.MethodCallReplacementClassAdapter - Adding mock interface to class net/sf/saxon/functions/AbstractFunction
13:35:05.383 [main] INFO org.evosuite.runtime.instrumentation.CreateClassResetClassAdapter - Creating brand-new static initializer in class net/sf/saxon/functions/AbstractFunction
13:35:05.383 [main] INFO org.evosuite.runtime.instrumentation.EvoClassLoader - Keeping class: net.sf.saxon.functions.AbstractFunction
13:35:05.384 [main] INFO org.evosuite.runtime.instrumentation.EvoClassLoader - Keeping class: net.sf.saxon.functions.SystemFunction
13:35:05.384 [main] INFO org.evosuite.runtime.instrumentation.EvoClassLoader - Seeing class for first time: net.sf.saxon.lib.ExtensionFunctionDefinition
13:35:05.384 [main] INFO org.evosuite.runtime.instrumentation.EvoClassLoader - Instrumenting class 'net.sf.saxon.lib.ExtensionFunctionDefinition'.
13:35:05.384 [main] INFO org.evosuite.runtime.instrumentation.MethodCallReplacementClassAdapter - Adding mock interface to class net/sf/saxon/lib/ExtensionFunctionDefinition
13:35:05.384 [main] INFO org.evosuite.runtime.instrumentation.CreateClassResetClassAdapter - Creating brand-new static initializer in class net/sf/saxon/lib/ExtensionFunctionDefinition
13:35:05.385 [main] INFO org.evosuite.runtime.instrumentation.EvoClassLoader - Keeping class: net.sf.saxon.lib.ExtensionFunctionDefinition
13:35:05.385 [main] INFO org.evosuite.runtime.instrumentation.EvoClassLoader - Seeing class for first time: net.sf.saxon.functions.IntegratedFunctionLibrary
13:35:05.385 [main] INFO org.evosuite.runtime.instrumentation.EvoClassLoader - Instrumenting class 'net.sf.saxon.functions.IntegratedFunctionLibrary'.
13:35:05.385 [main] INFO org.evosuite.runtime.instrumentation.MethodCallReplacementClassAdapter - Adding mock interface to class net/sf/saxon/functions/IntegratedFunctionLibrary
13:35:05.386 [main] INFO org.evosuite.runtime.instrumentation.CreateClassResetClassAdapter - Creating brand-new static initializer in class net/sf/saxon/functions/IntegratedFunctionLibrary
13:35:05.386 [main] INFO org.evosuite.runtime.instrumentation.EvoClassLoader - Keeping class: net.sf.saxon.functions.IntegratedFunctionLibrary
13:35:05.386 [main] INFO org.evosuite.runtime.instrumentation.EvoClassLoader - Seeing class for first time: net.sf.saxon.functions.FunctionLibraryList
13:35:05.386 [main] INFO org.evosuite.runtime.instrumentation.EvoClassLoader - Instrumenting class 'net.sf.saxon.functions.FunctionLibraryList'.
13:35:05.387 [main] INFO org.evosuite.runtime.instrumentation.MethodCallReplacementClassAdapter - Adding mock interface to class net/sf/saxon/functions/FunctionLibraryList
13:35:05.388 [main] INFO org.evosuite.runtime.instrumentation.CreateClassResetClassAdapter - Creating brand-new static initializer in class net/sf/saxon/functions/FunctionLibraryList
13:35:05.388 [main] INFO org.evosuite.runtime.instrumentation.EvoClassLoader - Seeing class for first time: net.sf.saxon.query.XQueryFunctionBinder
13:35:05.388 [main] INFO org.evosuite.runtime.instrumentation.EvoClassLoader - Instrumenting class 'net.sf.saxon.query.XQueryFunctionBinder'.
13:35:05.389 [main] INFO org.evosuite.runtime.instrumentation.EvoClassLoader - Keeping class: net.sf.saxon.query.XQueryFunctionBinder
13:35:05.389 [main] INFO org.evosuite.runtime.instrumentation.EvoClassLoader - Keeping class: net.sf.saxon.functions.FunctionLibraryList
13:35:05.389 [main] INFO org.evosuite.runtime.instrumentation.EvoClassLoader - Seeing class for first time: net.sf.saxon.trans.FunctionStreamability
13:35:05.389 [main] INFO org.evosuite.runtime.instrumentation.EvoClassLoader - Instrumenting class 'net.sf.saxon.trans.FunctionStreamability'.
13:35:05.390 [main] INFO org.evosuite.runtime.instrumentation.MethodCallReplacementClassAdapter - Adding mock interface to class net/sf/saxon/trans/FunctionStreamability
13:35:05.390 [main] INFO org.evosuite.runtime.instrumentation.CreateClassResetClassAdapter - Found static initializer in class net/sf/saxon/trans/FunctionStreamability
13:35:05.391 [main] INFO org.evosuite.runtime.instrumentation.EvoClassLoader - Keeping class: net.sf.saxon.trans.FunctionStreamability
13:35:05.391 [main] INFO org.evosuite.runtime.instrumentation.EvoClassLoader - Seeing class for first time: net.sf.saxon.expr.instruct.UserFunction
13:35:05.391 [main] INFO org.evosuite.runtime.instrumentation.EvoClassLoader - Instrumenting class 'net.sf.saxon.expr.instruct.UserFunction'.
13:35:05.404 [main] INFO org.evosuite.runtime.instrumentation.MethodCallReplacementClassAdapter - Adding mock interface to class net/sf/saxon/expr/instruct/UserFunction
13:35:05.409 [main] INFO org.evosuite.runtime.instrumentation.CreateClassResetClassAdapter - Creating brand-new static initializer in class net/sf/saxon/expr/instruct/UserFunction
13:35:05.410 [main] INFO org.evosuite.runtime.instrumentation.CreateClassResetClassAdapter - Adding bytecode for initializing field MAX_INLININGS
13:35:05.411 [main] INFO org.evosuite.runtime.instrumentation.EvoClassLoader - Keeping class: net.sf.saxon.expr.instruct.UserFunction
13:35:05.411 [main] INFO org.evosuite.runtime.instrumentation.EvoClassLoader - Seeing class for first time: net.sf.saxon.lib.ResourceCollection
13:35:05.411 [main] INFO org.evosuite.runtime.instrumentation.EvoClassLoader - Instrumenting class 'net.sf.saxon.lib.ResourceCollection'.
13:35:05.412 [main] INFO org.evosuite.runtime.instrumentation.EvoClassLoader - Keeping class: net.sf.saxon.lib.ResourceCollection
13:35:05.412 [main] INFO org.evosuite.runtime.instrumentation.EvoClassLoader - Seeing class for first time: net.sf.saxon.lib.LocalizerFactory
13:35:05.412 [main] INFO org.evosuite.runtime.instrumentation.EvoClassLoader - Instrumenting class 'net.sf.saxon.lib.LocalizerFactory'.
13:35:05.413 [main] INFO org.evosuite.runtime.instrumentation.MethodCallReplacementClassAdapter - Adding mock interface to class net/sf/saxon/lib/LocalizerFactory
13:35:05.413 [main] INFO org.evosuite.runtime.instrumentation.CreateClassResetClassAdapter - Creating brand-new static initializer in class net/sf/saxon/lib/LocalizerFactory
13:35:05.413 [main] INFO org.evosuite.runtime.instrumentation.EvoClassLoader - Keeping class: net.sf.saxon.lib.LocalizerFactory
13:35:05.413 [main] INFO org.evosuite.runtime.instrumentation.EvoClassLoader - Seeing class for first time: net.sf.saxon.regex.RegularExpression
13:35:05.413 [main] INFO org.evosuite.runtime.instrumentation.EvoClassLoader - Instrumenting class 'net.sf.saxon.regex.RegularExpression'.
13:35:05.414 [main] INFO org.evosuite.runtime.instrumentation.EvoClassLoader - Defined package (3): package net.sf.saxon.regex, -1826342216
13:35:05.414 [main] INFO org.evosuite.runtime.instrumentation.EvoClassLoader - Keeping class: net.sf.saxon.regex.RegularExpression
13:35:05.415 [main] INFO org.evosuite.runtime.instrumentation.EvoClassLoader - Seeing class for first time: net.sf.saxon.lib.SerializerFactory
13:35:05.415 [main] INFO org.evosuite.runtime.instrumentation.EvoClassLoader - Instrumenting class 'net.sf.saxon.lib.SerializerFactory'.
13:35:05.417 [main] INFO org.evosuite.runtime.instrumentation.MethodCallReplacementClassAdapter - Adding mock interface to class net/sf/saxon/lib/SerializerFactory
13:35:05.445 [main] INFO org.evosuite.runtime.instrumentation.CreateClassResetClassAdapter - Found static initializer in class net/sf/saxon/lib/SerializerFactory
13:35:05.447 [main] INFO org.evosuite.runtime.instrumentation.EvoClassLoader - Keeping class: net.sf.saxon.lib.SerializerFactory
13:35:05.447 [main] INFO org.evosuite.runtime.instrumentation.EvoClassLoader - Seeing class for first time: net.sf.saxon.serialize.charcode.CharacterSetFactory
13:35:05.447 [main] INFO org.evosuite.runtime.instrumentation.EvoClassLoader - Instrumenting class 'net.sf.saxon.serialize.charcode.CharacterSetFactory'.
13:35:05.448 [main] INFO org.evosuite.runtime.instrumentation.MethodCallReplacementClassAdapter - Adding mock interface to class net/sf/saxon/serialize/charcode/CharacterSetFactory
13:35:05.448 [main] INFO org.evosuite.runtime.instrumentation.CreateClassResetClassAdapter - Creating brand-new static initializer in class net/sf/saxon/serialize/charcode/CharacterSetFactory
13:35:05.448 [main] INFO org.evosuite.runtime.instrumentation.EvoClassLoader - Defined package (3): package net.sf.saxon.serialize.charcode, -406330688
13:35:05.449 [main] INFO org.evosuite.runtime.instrumentation.EvoClassLoader - Keeping class: net.sf.saxon.serialize.charcode.CharacterSetFactory
13:35:05.449 [main] INFO org.evosuite.runtime.instrumentation.EvoClassLoader - Seeing class for first time: net.sf.saxon.expr.instruct.ResultDocument
13:35:05.449 [main] INFO org.evosuite.runtime.instrumentation.EvoClassLoader - Instrumenting class 'net.sf.saxon.expr.instruct.ResultDocument'.
13:35:05.451 [main] INFO org.evosuite.runtime.instrumentation.MethodCallReplacementClassAdapter - Adding mock interface to class net/sf/saxon/expr/instruct/ResultDocument
13:35:05.457 [main] INFO org.evosuite.runtime.instrumentation.CreateClassResetClassAdapter - Found static initializer in class net/sf/saxon/expr/instruct/ResultDocument
13:35:05.459 [main] INFO org.evosuite.runtime.instrumentation.EvoClassLoader - Keeping class: net.sf.saxon.expr.instruct.ResultDocument
13:35:05.459 [main] INFO org.evosuite.runtime.instrumentation.EvoClassLoader - Seeing class for first time: net.sf.saxon.expr.ItemMappingFunction
13:35:05.459 [main] INFO org.evosuite.runtime.instrumentation.EvoClassLoader - Instrumenting class 'net.sf.saxon.expr.ItemMappingFunction'.
13:35:05.460 [main] INFO org.evosuite.runtime.instrumentation.EvoClassLoader - Keeping class: net.sf.saxon.expr.ItemMappingFunction
13:35:05.460 [main] INFO org.evosuite.runtime.instrumentation.EvoClassLoader - Seeing class for first time: net.sf.saxon.expr.parser.PathMap$PathMapRoot
13:35:05.460 [main] INFO org.evosuite.runtime.instrumentation.EvoClassLoader - Instrumenting class 'net.sf.saxon.expr.parser.PathMap$PathMapRoot'.
13:35:05.460 [main] INFO org.evosuite.runtime.instrumentation.MethodCallReplacementClassAdapter - Adding mock interface to class net/sf/saxon/expr/parser/PathMap$PathMapRoot
13:35:05.461 [main] INFO org.evosuite.runtime.instrumentation.CreateClassResetClassAdapter - Creating brand-new static initializer in class net/sf/saxon/expr/parser/PathMap$PathMapRoot
13:35:05.461 [main] INFO org.evosuite.runtime.instrumentation.EvoClassLoader - Seeing class for first time: net.sf.saxon.expr.parser.PathMap$PathMapNode
13:35:05.461 [main] INFO org.evosuite.runtime.instrumentation.EvoClassLoader - Instrumenting class 'net.sf.saxon.expr.parser.PathMap$PathMapNode'.
13:35:05.462 [main] INFO org.evosuite.runtime.instrumentation.MethodCallReplacementClassAdapter - Adding mock interface to class net/sf/saxon/expr/parser/PathMap$PathMapNode
13:35:05.462 [main] INFO org.evosuite.runtime.instrumentation.CreateClassResetClassAdapter - Creating brand-new static initializer in class net/sf/saxon/expr/parser/PathMap$PathMapNode
13:35:05.463 [main] INFO org.evosuite.runtime.instrumentation.EvoClassLoader - Keeping class: net.sf.saxon.expr.parser.PathMap$PathMapNode
13:35:05.463 [main] INFO org.evosuite.runtime.instrumentation.EvoClassLoader - Keeping class: net.sf.saxon.expr.parser.PathMap$PathMapRoot
13:35:05.463 [main] INFO org.evosuite.runtime.instrumentation.EvoClassLoader - Seeing class for first time: net.sf.saxon.event.FilterFactory
13:35:05.463 [main] INFO org.evosuite.runtime.instrumentation.EvoClassLoader - Instrumenting class 'net.sf.saxon.event.FilterFactory'.
13:35:05.464 [main] INFO org.evosuite.runtime.instrumentation.EvoClassLoader - Keeping class: net.sf.saxon.event.FilterFactory
13:35:05.464 [main] INFO org.evosuite.runtime.instrumentation.EvoClassLoader - Seeing class for first time: net.sf.saxon.trans.TypeAliasManager
13:35:05.464 [main] INFO org.evosuite.runtime.instrumentation.EvoClassLoader - Instrumenting class 'net.sf.saxon.trans.TypeAliasManager'.
13:35:05.465 [main] INFO org.evosuite.runtime.instrumentation.MethodCallReplacementClassAdapter - Adding mock interface to class net/sf/saxon/trans/TypeAliasManager
13:35:05.466 [main] INFO org.evosuite.runtime.instrumentation.CreateClassResetClassAdapter - Creating brand-new static initializer in class net/sf/saxon/trans/TypeAliasManager
13:35:05.466 [main] INFO org.evosuite.runtime.instrumentation.EvoClassLoader - Keeping class: net.sf.saxon.trans.TypeAliasManager
13:35:05.466 [main] INFO org.evosuite.runtime.instrumentation.EvoClassLoader - Seeing class for first time: net.sf.saxon.om.DocumentPool
13:35:05.466 [main] INFO org.evosuite.runtime.instrumentation.EvoClassLoader - Instrumenting class 'net.sf.saxon.om.DocumentPool'.
13:35:05.467 [main] INFO org.evosuite.runtime.instrumentation.MethodCallReplacementClassAdapter - Adding mock interface to class net/sf/saxon/om/DocumentPool
13:35:05.468 [main] INFO org.evosuite.runtime.instrumentation.CreateClassResetClassAdapter - Creating brand-new static initializer in class net/sf/saxon/om/DocumentPool
13:35:05.468 [main] INFO org.evosuite.runtime.instrumentation.EvoClassLoader - Keeping class: net.sf.saxon.om.DocumentPool
13:35:05.468 [main] INFO org.evosuite.runtime.instrumentation.EvoClassLoader - Seeing class for first time: net.sf.saxon.value.QNameValue
13:35:05.469 [main] INFO org.evosuite.runtime.instrumentation.EvoClassLoader - Instrumenting class 'net.sf.saxon.value.QNameValue'.
13:35:05.470 [main] INFO org.evosuite.runtime.instrumentation.MethodCallReplacementClassAdapter - Adding mock interface to class net/sf/saxon/value/QNameValue
13:35:05.472 [main] INFO org.evosuite.runtime.instrumentation.CreateClassResetClassAdapter - Creating brand-new static initializer in class net/sf/saxon/value/QNameValue
13:35:05.473 [main] INFO org.evosuite.runtime.instrumentation.EvoClassLoader - Seeing class for first time: net.sf.saxon.value.QualifiedNameValue
13:35:05.473 [main] INFO org.evosuite.runtime.instrumentation.EvoClassLoader - Instrumenting class 'net.sf.saxon.value.QualifiedNameValue'.
13:35:05.474 [main] INFO org.evosuite.runtime.instrumentation.MethodCallReplacementClassAdapter - Adding mock interface to class net/sf/saxon/value/QualifiedNameValue
13:35:05.477 [main] INFO org.evosuite.runtime.instrumentation.CreateClassResetClassAdapter - Creating brand-new static initializer in class net/sf/saxon/value/QualifiedNameValue
13:35:05.478 [main] INFO org.evosuite.runtime.instrumentation.EvoClassLoader - Keeping class: net.sf.saxon.value.QualifiedNameValue
13:35:05.478 [main] INFO org.evosuite.runtime.instrumentation.EvoClassLoader - Keeping class: net.sf.saxon.value.QNameValue
13:35:05.478 [main] INFO org.evosuite.runtime.instrumentation.EvoClassLoader - Seeing class for first time: net.sf.saxon.type.SchemaDeclaration
13:35:05.478 [main] INFO org.evosuite.runtime.instrumentation.EvoClassLoader - Instrumenting class 'net.sf.saxon.type.SchemaDeclaration'.
13:35:05.479 [main] INFO org.evosuite.runtime.instrumentation.EvoClassLoader - Keeping class: net.sf.saxon.type.SchemaDeclaration
13:35:05.479 [main] INFO org.evosuite.runtime.instrumentation.EvoClassLoader - Seeing class for first time: net.sf.saxon.type.ValidationException
13:35:05.479 [main] INFO org.evosuite.runtime.instrumentation.EvoClassLoader - Instrumenting class 'net.sf.saxon.type.ValidationException'.
13:35:05.479 [main] INFO org.evosuite.runtime.instrumentation.MethodCallReplacementClassAdapter - Adding mock interface to class net/sf/saxon/type/ValidationException
13:35:05.480 [main] INFO org.evosuite.runtime.instrumentation.CreateClassResetClassAdapter - Creating brand-new static initializer in class net/sf/saxon/type/ValidationException
13:35:05.480 [main] INFO org.evosuite.runtime.instrumentation.EvoClassLoader - Keeping class: net.sf.saxon.type.ValidationException
13:35:05.482 [main] INFO org.evosuite.runtime.instrumentation.EvoClassLoader - Seeing class for first time: net.sf.saxon.lib.StandardCollationURIResolver
13:35:05.482 [main] INFO org.evosuite.runtime.instrumentation.EvoClassLoader - Instrumenting class 'net.sf.saxon.lib.StandardCollationURIResolver'.
13:35:05.483 [main] INFO org.evosuite.runtime.instrumentation.MethodCallReplacementClassAdapter - Adding mock interface to class net/sf/saxon/lib/StandardCollationURIResolver
13:35:05.483 [main] INFO org.evosuite.runtime.instrumentation.CreateClassResetClassAdapter - Found static initializer in class net/sf/saxon/lib/StandardCollationURIResolver
13:35:05.484 [main] INFO org.evosuite.runtime.instrumentation.EvoClassLoader - Keeping class: net.sf.saxon.lib.StandardCollationURIResolver
13:35:05.484 [main] INFO org.evosuite.runtime.instrumentation.EvoClassLoader - Seeing class for first time: net.sf.saxon.resource.StandardCollectionFinder
13:35:05.484 [main] INFO org.evosuite.runtime.instrumentation.EvoClassLoader - Instrumenting class 'net.sf.saxon.resource.StandardCollectionFinder'.
13:35:05.485 [main] INFO org.evosuite.runtime.instrumentation.MethodCallReplacementClassAdapter - Adding mock interface to class net/sf/saxon/resource/StandardCollectionFinder
13:35:05.486 [main] INFO org.evosuite.runtime.instrumentation.CreateClassResetClassAdapter - Creating brand-new static initializer in class net/sf/saxon/resource/StandardCollectionFinder
13:35:05.487 [main] INFO org.evosuite.runtime.instrumentation.EvoClassLoader - Defined package (3): package net.sf.saxon.resource, 437557245
13:35:05.487 [main] INFO org.evosuite.runtime.instrumentation.EvoClassLoader - Keeping class: net.sf.saxon.resource.StandardCollectionFinder
13:35:05.488 [main] INFO org.evosuite.runtime.instrumentation.EvoClassLoader - Seeing class for first time: net.sf.saxon.lib.StandardEnvironmentVariableResolver
13:35:05.488 [main] INFO org.evosuite.runtime.instrumentation.EvoClassLoader - Instrumenting class 'net.sf.saxon.lib.StandardEnvironmentVariableResolver'.
13:35:05.488 [main] INFO org.evosuite.runtime.instrumentation.MethodCallReplacementClassAdapter - Adding mock interface to class net/sf/saxon/lib/StandardEnvironmentVariableResolver
13:35:05.489 [main] INFO org.evosuite.runtime.instrumentation.CreateClassResetClassAdapter - Creating brand-new static initializer in class net/sf/saxon/lib/StandardEnvironmentVariableResolver
13:35:05.489 [main] INFO org.evosuite.runtime.instrumentation.EvoClassLoader - Keeping class: net.sf.saxon.lib.StandardEnvironmentVariableResolver
13:35:05.490 [main] INFO org.evosuite.runtime.instrumentation.EvoClassLoader - Seeing class for first time: net.sf.saxon.lib.ValidationStatisticsRecipient
13:35:05.490 [main] INFO org.evosuite.runtime.instrumentation.EvoClassLoader - Instrumenting class 'net.sf.saxon.lib.ValidationStatisticsRecipient'.
13:35:05.491 [main] INFO org.evosuite.runtime.instrumentation.EvoClassLoader - Keeping class: net.sf.saxon.lib.ValidationStatisticsRecipient
13:35:05.491 [main] INFO org.evosuite.runtime.instrumentation.EvoClassLoader - Seeing class for first time: net.sf.saxon.trans.Maker
13:35:05.491 [main] INFO org.evosuite.runtime.instrumentation.EvoClassLoader - Instrumenting class 'net.sf.saxon.trans.Maker'.
13:35:05.492 [main] INFO org.evosuite.runtime.instrumentation.EvoClassLoader - Keeping class: net.sf.saxon.trans.Maker
13:35:05.492 [main] INFO org.evosuite.runtime.instrumentation.EvoClassLoader - Seeing class for first time: net.sf.saxon.type.ValidationParams
13:35:05.492 [main] INFO org.evosuite.runtime.instrumentation.EvoClassLoader - Instrumenting class 'net.sf.saxon.type.ValidationParams'.
13:35:05.492 [main] INFO org.evosuite.runtime.instrumentation.MethodCallReplacementClassAdapter - Adding mock interface to class net/sf/saxon/type/ValidationParams
13:35:05.493 [main] INFO org.evosuite.runtime.instrumentation.CreateClassResetClassAdapter - Creating brand-new static initializer in class net/sf/saxon/type/ValidationParams
13:35:05.493 [main] INFO org.evosuite.runtime.instrumentation.EvoClassLoader - Keeping class: net.sf.saxon.type.ValidationParams
13:35:05.494 [main] INFO org.evosuite.runtime.instrumentation.EvoClassLoader - Seeing class for first time: net.sf.saxon.trans.packages.PackageLibrary
13:35:05.494 [main] INFO org.evosuite.runtime.instrumentation.EvoClassLoader - Instrumenting class 'net.sf.saxon.trans.packages.PackageLibrary'.
13:35:05.495 [main] INFO org.evosuite.runtime.instrumentation.MethodCallReplacementClassAdapter - Adding mock interface to class net/sf/saxon/trans/packages/PackageLibrary
13:35:05.497 [main] INFO org.evosuite.runtime.instrumentation.CreateClassResetClassAdapter - Found static initializer in class net/sf/saxon/trans/packages/PackageLibrary
13:35:05.498 [main] INFO org.evosuite.runtime.instrumentation.EvoClassLoader - Keeping class: net.sf.saxon.trans.packages.PackageLibrary
13:35:05.498 [main] INFO org.evosuite.runtime.instrumentation.EvoClassLoader - Seeing class for first time: net.sf.saxon.expr.instruct.GlobalParameterSet
13:35:05.498 [main] INFO org.evosuite.runtime.instrumentation.EvoClassLoader - Instrumenting class 'net.sf.saxon.expr.instruct.GlobalParameterSet'.
13:35:05.499 [main] INFO org.evosuite.runtime.instrumentation.MethodCallReplacementClassAdapter - Adding mock interface to class net/sf/saxon/expr/instruct/GlobalParameterSet
13:35:05.501 [main] INFO org.evosuite.runtime.instrumentation.CreateClassResetClassAdapter - Creating brand-new static initializer in class net/sf/saxon/expr/instruct/GlobalParameterSet
13:35:05.501 [main] INFO org.evosuite.runtime.instrumentation.EvoClassLoader - Keeping class: net.sf.saxon.expr.instruct.GlobalParameterSet
13:35:05.501 [main] INFO org.evosuite.runtime.instrumentation.EvoClassLoader - Seeing class for first time: net.sf.saxon.lib.StandardOutputResolver
13:35:05.501 [main] INFO org.evosuite.runtime.instrumentation.EvoClassLoader - Instrumenting class 'net.sf.saxon.lib.StandardOutputResolver'.
13:35:05.503 [main] INFO org.evosuite.runtime.instrumentation.MethodCallReplacementClassAdapter - Adding mock interface to class net/sf/saxon/lib/StandardOutputResolver
13:35:05.504 [main] INFO org.evosuite.runtime.instrumentation.CreateClassResetClassAdapter - Found static initializer in class net/sf/saxon/lib/StandardOutputResolver
13:35:05.504 [main] INFO org.evosuite.runtime.instrumentation.EvoClassLoader - Keeping class: net.sf.saxon.lib.StandardOutputResolver
13:35:05.506 [main] INFO org.evosuite.runtime.instrumentation.EvoClassLoader - Seeing class for first time: net.sf.saxon.style.PackageVersionRanges
13:35:05.506 [main] INFO org.evosuite.runtime.instrumentation.EvoClassLoader - Instrumenting class 'net.sf.saxon.style.PackageVersionRanges'.
13:35:05.507 [main] INFO org.evosuite.runtime.instrumentation.MethodCallReplacementClassAdapter - Adding mock interface to class net/sf/saxon/style/PackageVersionRanges
13:35:05.508 [main] INFO org.evosuite.runtime.instrumentation.CreateClassResetClassAdapter - Creating brand-new static initializer in class net/sf/saxon/style/PackageVersionRanges
13:35:05.508 [main] INFO org.evosuite.runtime.instrumentation.EvoClassLoader - Keeping class: net.sf.saxon.style.PackageVersionRanges
13:35:05.508 [main] INFO org.evosuite.runtime.instrumentation.EvoClassLoader - Seeing class for first time: net.sf.saxon.trans.packages.PackageDetails
13:35:05.508 [main] INFO org.evosuite.runtime.instrumentation.EvoClassLoader - Instrumenting class 'net.sf.saxon.trans.packages.PackageDetails'.
13:35:05.509 [main] INFO org.evosuite.runtime.instrumentation.MethodCallReplacementClassAdapter - Adding mock interface to class net/sf/saxon/trans/packages/PackageDetails
13:35:05.510 [main] INFO org.evosuite.runtime.instrumentation.CreateClassResetClassAdapter - Creating brand-new static initializer in class net/sf/saxon/trans/packages/PackageDetails
13:35:05.510 [main] INFO org.evosuite.runtime.instrumentation.EvoClassLoader - Keeping class: net.sf.saxon.trans.packages.PackageDetails
13:35:05.512 [main] INFO org.evosuite.runtime.instrumentation.EvoClassLoader - Seeing class for first time: net.sf.saxon.om.DocumentURI
13:35:05.512 [main] INFO org.evosuite.runtime.instrumentation.EvoClassLoader - Instrumenting class 'net.sf.saxon.om.DocumentURI'.
13:35:05.513 [main] INFO org.evosuite.runtime.instrumentation.MethodCallReplacementClassAdapter - Adding mock interface to class net/sf/saxon/om/DocumentURI
13:35:05.515 [main] INFO org.evosuite.runtime.instrumentation.CreateClassResetClassAdapter - Found static initializer in class net/sf/saxon/om/DocumentURI
13:35:05.516 [main] INFO org.evosuite.runtime.instrumentation.EvoClassLoader - Keeping class: net.sf.saxon.om.DocumentURI
13:35:05.516 [main] INFO org.evosuite.runtime.instrumentation.EvoClassLoader - Seeing class for first time: net.sf.saxon.trans.KeyManager
13:35:05.516 [main] INFO org.evosuite.runtime.instrumentation.EvoClassLoader - Instrumenting class 'net.sf.saxon.trans.KeyManager'.
13:35:05.518 [main] INFO org.evosuite.runtime.instrumentation.MethodCallReplacementClassAdapter - Adding mock interface to class net/sf/saxon/trans/KeyManager
13:35:05.524 [main] INFO org.evosuite.runtime.instrumentation.CreateClassResetClassAdapter - Creating brand-new static initializer in class net/sf/saxon/trans/KeyManager
13:35:05.525 [main] INFO org.evosuite.runtime.instrumentation.EvoClassLoader - Keeping class: net.sf.saxon.trans.KeyManager
13:35:05.525 [main] INFO org.evosuite.runtime.instrumentation.EvoClassLoader - Seeing class for first time: net.sf.saxon.functions.IntegratedFunctionCall
13:35:05.525 [main] INFO org.evosuite.runtime.instrumentation.EvoClassLoader - Instrumenting class 'net.sf.saxon.functions.IntegratedFunctionCall'.
13:35:05.527 [main] INFO org.evosuite.runtime.instrumentation.MethodCallReplacementClassAdapter - Adding mock interface to class net/sf/saxon/functions/IntegratedFunctionCall
13:35:05.529 [main] INFO org.evosuite.runtime.instrumentation.CreateClassResetClassAdapter - Creating brand-new static initializer in class net/sf/saxon/functions/IntegratedFunctionCall
13:35:05.530 [main] INFO org.evosuite.runtime.instrumentation.EvoClassLoader - Seeing class for first time: net.sf.saxon.expr.FunctionCall
13:35:05.530 [main] INFO org.evosuite.runtime.instrumentation.EvoClassLoader - Instrumenting class 'net.sf.saxon.expr.FunctionCall'.
13:35:05.532 [main] INFO org.evosuite.runtime.instrumentation.MethodCallReplacementClassAdapter - Adding mock interface to class net/sf/saxon/expr/FunctionCall
13:35:05.535 [main] INFO org.evosuite.runtime.instrumentation.CreateClassResetClassAdapter - Creating brand-new static initializer in class net/sf/saxon/expr/FunctionCall
13:35:05.536 [main] INFO org.evosuite.runtime.instrumentation.EvoClassLoader - Keeping class: net.sf.saxon.expr.FunctionCall
13:35:05.536 [main] INFO org.evosuite.runtime.instrumentation.EvoClassLoader - Keeping class: net.sf.saxon.functions.IntegratedFunctionCall
13:35:05.536 [main] INFO org.evosuite.runtime.instrumentation.EvoClassLoader - Seeing class for first time: net.sf.saxon.trans.SymbolicName$F
13:35:05.536 [main] INFO org.evosuite.runtime.instrumentation.EvoClassLoader - Instrumenting class 'net.sf.saxon.trans.SymbolicName$F'.
13:35:05.537 [main] INFO org.evosuite.runtime.instrumentation.MethodCallReplacementClassAdapter - Adding mock interface to class net/sf/saxon/trans/SymbolicName$F
13:35:05.537 [main] INFO org.evosuite.runtime.instrumentation.CreateClassResetClassAdapter - Creating brand-new static initializer in class net/sf/saxon/trans/SymbolicName$F
13:35:05.538 [main] INFO org.evosuite.runtime.instrumentation.EvoClassLoader - Keeping class: net.sf.saxon.trans.SymbolicName$F
13:35:05.538 [main] INFO org.evosuite.runtime.instrumentation.EvoClassLoader - Seeing class for first time: net.sf.saxon.om.NamePool$NamePoolLimitException
13:35:05.538 [main] INFO org.evosuite.runtime.instrumentation.EvoClassLoader - Instrumenting class 'net.sf.saxon.om.NamePool$NamePoolLimitException'.
13:35:05.539 [main] INFO org.evosuite.runtime.instrumentation.MethodCallReplacementClassAdapter - Adding mock interface to class net/sf/saxon/om/NamePool$NamePoolLimitException
13:35:05.539 [main] INFO org.evosuite.runtime.instrumentation.CreateClassResetClassAdapter - Creating brand-new static initializer in class net/sf/saxon/om/NamePool$NamePoolLimitException
13:35:05.539 [main] INFO org.evosuite.runtime.instrumentation.EvoClassLoader - Keeping class: net.sf.saxon.om.NamePool$NamePoolLimitException
13:35:05.540 [main] INFO org.evosuite.runtime.instrumentation.EvoClassLoader - Seeing class for first time: net.sf.saxon.event.SequenceReceiver
13:35:05.540 [main] INFO org.evosuite.runtime.instrumentation.EvoClassLoader - Instrumenting class 'net.sf.saxon.event.SequenceReceiver'.
13:35:05.541 [main] INFO org.evosuite.runtime.instrumentation.MethodCallReplacementClassAdapter - Adding mock interface to class net/sf/saxon/event/SequenceReceiver
13:35:05.542 [main] INFO org.evosuite.runtime.instrumentation.CreateClassResetClassAdapter - Creating brand-new static initializer in class net/sf/saxon/event/SequenceReceiver
13:35:05.542 [main] INFO org.evosuite.runtime.instrumentation.EvoClassLoader - Keeping class: net.sf.saxon.event.SequenceReceiver
13:35:05.542 [main] INFO org.evosuite.runtime.instrumentation.EvoClassLoader - Seeing class for first time: net.sf.saxon.event.TreeReceiver
13:35:05.542 [main] INFO org.evosuite.runtime.instrumentation.EvoClassLoader - Instrumenting class 'net.sf.saxon.event.TreeReceiver'.
13:35:05.544 [main] INFO org.evosuite.runtime.instrumentation.MethodCallReplacementClassAdapter - Adding mock interface to class net/sf/saxon/event/TreeReceiver
13:35:05.545 [main] INFO org.evosuite.runtime.instrumentation.CreateClassResetClassAdapter - Creating brand-new static initializer in class net/sf/saxon/event/TreeReceiver
13:35:05.546 [main] INFO org.evosuite.runtime.instrumentation.EvoClassLoader - Keeping class: net.sf.saxon.event.TreeReceiver
13:35:05.546 [main] INFO org.evosuite.runtime.instrumentation.EvoClassLoader - Seeing class for first time: net.sf.saxon.event.SequenceNormalizer
13:35:05.546 [main] INFO org.evosuite.runtime.instrumentation.EvoClassLoader - Instrumenting class 'net.sf.saxon.event.SequenceNormalizer'.
13:35:05.547 [main] INFO org.evosuite.runtime.instrumentation.MethodCallReplacementClassAdapter - Adding mock interface to class net/sf/saxon/event/SequenceNormalizer
13:35:05.548 [main] INFO org.evosuite.runtime.instrumentation.CreateClassResetClassAdapter - Creating brand-new static initializer in class net/sf/saxon/event/SequenceNormalizer
13:35:05.548 [main] INFO org.evosuite.runtime.instrumentation.EvoClassLoader - Seeing class for first time: net.sf.saxon.event.ProxyReceiver
13:35:05.548 [main] INFO org.evosuite.runtime.instrumentation.EvoClassLoader - Instrumenting class 'net.sf.saxon.event.ProxyReceiver'.
13:35:05.549 [main] INFO org.evosuite.runtime.instrumentation.MethodCallReplacementClassAdapter - Adding mock interface to class net/sf/saxon/event/ProxyReceiver
13:35:05.550 [main] INFO org.evosuite.runtime.instrumentation.CreateClassResetClassAdapter - Creating brand-new static initializer in class net/sf/saxon/event/ProxyReceiver
13:35:05.550 [main] INFO org.evosuite.runtime.instrumentation.EvoClassLoader - Keeping class: net.sf.saxon.event.ProxyReceiver
13:35:05.550 [main] INFO org.evosuite.runtime.instrumentation.EvoClassLoader - Keeping class: net.sf.saxon.event.SequenceNormalizer
13:35:05.550 [main] INFO org.evosuite.runtime.instrumentation.EvoClassLoader - Seeing class for first time: net.sf.saxon.event.SequenceNormalizerWithSpaceSeparator
13:35:05.550 [main] INFO org.evosuite.runtime.instrumentation.EvoClassLoader - Instrumenting class 'net.sf.saxon.event.SequenceNormalizerWithSpaceSeparator'.
13:35:05.551 [main] INFO org.evosuite.runtime.instrumentation.MethodCallReplacementClassAdapter - Adding mock interface to class net/sf/saxon/event/SequenceNormalizerWithSpaceSeparator
13:35:05.552 [main] INFO org.evosuite.runtime.instrumentation.CreateClassResetClassAdapter - Creating brand-new static initializer in class net/sf/saxon/event/SequenceNormalizerWithSpaceSeparator
13:35:05.552 [main] INFO org.evosuite.runtime.instrumentation.EvoClassLoader - Keeping class: net.sf.saxon.event.SequenceNormalizerWithSpaceSeparator
13:35:05.552 [main] INFO org.evosuite.runtime.instrumentation.EvoClassLoader - Seeing class for first time: net.sf.saxon.event.SequenceNormalizerWithItemSeparator
13:35:05.552 [main] INFO org.evosuite.runtime.instrumentation.EvoClassLoader - Instrumenting class 'net.sf.saxon.event.SequenceNormalizerWithItemSeparator'.
13:35:05.553 [main] INFO org.evosuite.runtime.instrumentation.MethodCallReplacementClassAdapter - Adding mock interface to class net/sf/saxon/event/SequenceNormalizerWithItemSeparator
13:35:05.553 [main] INFO org.evosuite.runtime.instrumentation.CreateClassResetClassAdapter - Creating brand-new static initializer in class net/sf/saxon/event/SequenceNormalizerWithItemSeparator
13:35:05.553 [main] INFO org.evosuite.runtime.instrumentation.EvoClassLoader - Keeping class: net.sf.saxon.event.SequenceNormalizerWithItemSeparator
13:35:05.554 [main] INFO org.evosuite.runtime.instrumentation.EvoClassLoader - Seeing class for first time: net.sf.saxon.serialize.Emitter
13:35:05.554 [main] INFO org.evosuite.runtime.instrumentation.EvoClassLoader - Instrumenting class 'net.sf.saxon.serialize.Emitter'.
13:35:05.555 [main] INFO org.evosuite.runtime.instrumentation.MethodCallReplacementClassAdapter - Adding mock interface to class net/sf/saxon/serialize/Emitter
13:35:05.558 [main] INFO org.evosuite.runtime.instrumentation.CreateClassResetClassAdapter - Creating brand-new static initializer in class net/sf/saxon/serialize/Emitter
13:35:05.558 [main] INFO org.evosuite.runtime.instrumentation.EvoClassLoader - Seeing class for first time: net.sf.saxon.event.ReceiverWithOutputProperties
13:35:05.558 [main] INFO org.evosuite.runtime.instrumentation.EvoClassLoader - Instrumenting class 'net.sf.saxon.event.ReceiverWithOutputProperties'.
13:35:05.559 [main] INFO org.evosuite.runtime.instrumentation.EvoClassLoader - Keeping class: net.sf.saxon.event.ReceiverWithOutputProperties
13:35:05.559 [main] INFO org.evosuite.runtime.instrumentation.EvoClassLoader - Keeping class: net.sf.saxon.serialize.Emitter
13:35:05.559 [main] INFO org.evosuite.runtime.instrumentation.EvoClassLoader - Seeing class for first time: net.sf.saxon.serialize.XMLEmitter
13:35:05.559 [main] INFO org.evosuite.runtime.instrumentation.EvoClassLoader - Instrumenting class 'net.sf.saxon.serialize.XMLEmitter'.
13:35:05.561 [main] INFO org.evosuite.runtime.instrumentation.MethodCallReplacementClassAdapter - Adding mock interface to class net/sf/saxon/serialize/XMLEmitter
13:35:05.563 [main] INFO org.evosuite.runtime.instrumentation.CreateClassResetClassAdapter - Found static initializer in class net/sf/saxon/serialize/XMLEmitter
13:35:05.564 [main] INFO org.evosuite.runtime.instrumentation.EvoClassLoader - Keeping class: net.sf.saxon.serialize.XMLEmitter
13:35:05.564 [main] INFO org.evosuite.runtime.instrumentation.EvoClassLoader - Seeing class for first time: net.sf.saxon.serialize.XHTML5Emitter
13:35:05.564 [main] INFO org.evosuite.runtime.instrumentation.EvoClassLoader - Instrumenting class 'net.sf.saxon.serialize.XHTML5Emitter'.
13:35:05.564 [main] INFO org.evosuite.runtime.instrumentation.MethodCallReplacementClassAdapter - Adding mock interface to class net/sf/saxon/serialize/XHTML5Emitter
13:35:05.565 [main] INFO org.evosuite.runtime.instrumentation.CreateClassResetClassAdapter - Found static initializer in class net/sf/saxon/serialize/XHTML5Emitter
13:35:05.566 [main] INFO org.evosuite.runtime.instrumentation.EvoClassLoader - Keeping class: net.sf.saxon.serialize.XHTML5Emitter
13:35:05.566 [main] INFO org.evosuite.runtime.instrumentation.EvoClassLoader - Seeing class for first time: net.sf.saxon.serialize.XHTML1Emitter
13:35:05.566 [main] INFO org.evosuite.runtime.instrumentation.EvoClassLoader - Instrumenting class 'net.sf.saxon.serialize.XHTML1Emitter'.
13:35:05.566 [main] INFO org.evosuite.runtime.instrumentation.MethodCallReplacementClassAdapter - Adding mock interface to class net/sf/saxon/serialize/XHTML1Emitter
13:35:05.567 [main] INFO org.evosuite.runtime.instrumentation.CreateClassResetClassAdapter - Found static initializer in class net/sf/saxon/serialize/XHTML1Emitter
13:35:05.567 [main] INFO org.evosuite.runtime.instrumentation.EvoClassLoader - Keeping class: net.sf.saxon.serialize.XHTML1Emitter
13:35:05.567 [main] INFO org.evosuite.runtime.instrumentation.EvoClassLoader - Seeing class for first time: net.sf.saxon.serialize.TEXTEmitter
13:35:05.567 [main] INFO org.evosuite.runtime.instrumentation.EvoClassLoader - Instrumenting class 'net.sf.saxon.serialize.TEXTEmitter'.
13:35:05.568 [main] INFO org.evosuite.runtime.instrumentation.MethodCallReplacementClassAdapter - Adding mock interface to class net/sf/saxon/serialize/TEXTEmitter
13:35:05.569 [main] INFO org.evosuite.runtime.instrumentation.CreateClassResetClassAdapter - Creating brand-new static initializer in class net/sf/saxon/serialize/TEXTEmitter
13:35:05.569 [main] INFO org.evosuite.runtime.instrumentation.EvoClassLoader - Keeping class: net.sf.saxon.serialize.TEXTEmitter
13:35:05.569 [main] INFO org.evosuite.runtime.instrumentation.EvoClassLoader - Seeing class for first time: net.sf.saxon.serialize.JSONSerializer
13:35:05.569 [main] INFO org.evosuite.runtime.instrumentation.EvoClassLoader - Instrumenting class 'net.sf.saxon.serialize.JSONSerializer'.
13:35:05.570 [main] INFO org.evosuite.runtime.instrumentation.MethodCallReplacementClassAdapter - Adding mock interface to class net/sf/saxon/serialize/JSONSerializer
13:35:05.571 [main] INFO org.evosuite.runtime.instrumentation.CreateClassResetClassAdapter - Creating brand-new static initializer in class net/sf/saxon/serialize/JSONSerializer
13:35:05.571 [main] INFO org.evosuite.runtime.instrumentation.EvoClassLoader - Seeing class for first time: net.sf.saxon.event.SequenceWriter
13:35:05.571 [main] INFO org.evosuite.runtime.instrumentation.EvoClassLoader - Instrumenting class 'net.sf.saxon.event.SequenceWriter'.
13:35:05.572 [main] INFO org.evosuite.runtime.instrumentation.MethodCallReplacementClassAdapter - Adding mock interface to class net/sf/saxon/event/SequenceWriter
13:35:05.573 [main] INFO org.evosuite.runtime.instrumentation.CreateClassResetClassAdapter - Creating brand-new static initializer in class net/sf/saxon/event/SequenceWriter
13:35:05.573 [main] INFO org.evosuite.runtime.instrumentation.EvoClassLoader - Keeping class: net.sf.saxon.event.SequenceWriter
13:35:05.573 [main] INFO org.evosuite.runtime.instrumentation.EvoClassLoader - Keeping class: net.sf.saxon.serialize.JSONSerializer
13:35:05.573 [main] INFO org.evosuite.runtime.instrumentation.EvoClassLoader - Seeing class for first time: net.sf.saxon.serialize.AdaptiveEmitter
13:35:05.573 [main] INFO org.evosuite.runtime.instrumentation.EvoClassLoader - Instrumenting class 'net.sf.saxon.serialize.AdaptiveEmitter'.
13:35:05.574 [main] INFO org.evosuite.runtime.instrumentation.MethodCallReplacementClassAdapter - Adding mock interface to class net/sf/saxon/serialize/AdaptiveEmitter
13:35:05.575 [main] INFO org.evosuite.runtime.instrumentation.CreateClassResetClassAdapter - Creating brand-new static initializer in class net/sf/saxon/serialize/AdaptiveEmitter
13:35:05.576 [main] INFO org.evosuite.runtime.instrumentation.EvoClassLoader - Keeping class: net.sf.saxon.serialize.AdaptiveEmitter
13:35:05.576 [main] INFO org.evosuite.runtime.instrumentation.EvoClassLoader - Seeing class for first time: net.sf.saxon.lib.StAXResultHandler
13:35:05.576 [main] INFO org.evosuite.runtime.instrumentation.EvoClassLoader - Instrumenting class 'net.sf.saxon.lib.StAXResultHandler'.
13:35:05.577 [main] INFO org.evosuite.runtime.instrumentation.EvoClassLoader - Keeping class: net.sf.saxon.lib.StAXResultHandler
13:35:05.577 [main] INFO org.evosuite.runtime.instrumentation.EvoClassLoader - Seeing class for first time: net.sf.saxon.serialize.UnicodeNormalizer
13:35:05.577 [main] INFO org.evosuite.runtime.instrumentation.EvoClassLoader - Instrumenting class 'net.sf.saxon.serialize.UnicodeNormalizer'.
13:35:05.578 [main] INFO org.evosuite.runtime.instrumentation.MethodCallReplacementClassAdapter - Adding mock interface to class net/sf/saxon/serialize/UnicodeNormalizer
13:35:05.578 [main] INFO org.evosuite.runtime.instrumentation.CreateClassResetClassAdapter - Creating brand-new static initializer in class net/sf/saxon/serialize/UnicodeNormalizer
13:35:05.578 [main] INFO org.evosuite.runtime.instrumentation.EvoClassLoader - Keeping class: net.sf.saxon.serialize.UnicodeNormalizer
13:35:05.578 [main] INFO org.evosuite.runtime.instrumentation.EvoClassLoader - Seeing class for first time: net.sf.saxon.serialize.HTMLIndenter
13:35:05.578 [main] INFO org.evosuite.runtime.instrumentation.EvoClassLoader - Instrumenting class 'net.sf.saxon.serialize.HTMLIndenter'.
13:35:05.579 [main] INFO org.evosuite.runtime.instrumentation.MethodCallReplacementClassAdapter - Adding mock interface to class net/sf/saxon/serialize/HTMLIndenter
13:35:05.580 [main] INFO org.evosuite.runtime.instrumentation.CreateClassResetClassAdapter - Found static initializer in class net/sf/saxon/serialize/HTMLIndenter
13:35:05.580 [main] INFO org.evosuite.runtime.instrumentation.EvoClassLoader - Keeping class: net.sf.saxon.serialize.HTMLIndenter
13:35:05.580 [main] INFO org.evosuite.runtime.instrumentation.EvoClassLoader - Seeing class for first time: net.sf.saxon.serialize.CDATAFilter
13:35:05.581 [main] INFO org.evosuite.runtime.instrumentation.EvoClassLoader - Instrumenting class 'net.sf.saxon.serialize.CDATAFilter'.
13:35:05.582 [main] INFO org.evosuite.runtime.instrumentation.MethodCallReplacementClassAdapter - Adding mock interface to class net/sf/saxon/serialize/CDATAFilter
13:35:05.582 [main] INFO org.evosuite.runtime.instrumentation.CreateClassResetClassAdapter - Creating brand-new static initializer in class net/sf/saxon/serialize/CDATAFilter
13:35:05.583 [main] INFO org.evosuite.runtime.instrumentation.EvoClassLoader - Keeping class: net.sf.saxon.serialize.CDATAFilter
13:35:05.583 [main] INFO org.evosuite.runtime.instrumentation.EvoClassLoader - Seeing class for first time: net.sf.saxon.serialize.HTMLURIEscaper
13:35:05.583 [main] INFO org.evosuite.runtime.instrumentation.EvoClassLoader - Instrumenting class 'net.sf.saxon.serialize.HTMLURIEscaper'.
13:35:05.584 [main] INFO org.evosuite.runtime.instrumentation.MethodCallReplacementClassAdapter - Adding mock interface to class net/sf/saxon/serialize/HTMLURIEscaper
13:35:05.585 [main] INFO org.evosuite.runtime.instrumentation.CreateClassResetClassAdapter - Found static initializer in class net/sf/saxon/serialize/HTMLURIEscaper
13:35:05.585 [main] INFO org.evosuite.runtime.instrumentation.EvoClassLoader - Keeping class: net.sf.saxon.serialize.HTMLURIEscaper
13:35:05.586 [main] INFO org.evosuite.runtime.instrumentation.EvoClassLoader - Seeing class for first time: net.sf.saxon.serialize.HTMLEmitter
13:35:05.586 [main] INFO org.evosuite.runtime.instrumentation.EvoClassLoader - Instrumenting class 'net.sf.saxon.serialize.HTMLEmitter'.
13:35:05.587 [main] INFO org.evosuite.runtime.instrumentation.MethodCallReplacementClassAdapter - Adding mock interface to class net/sf/saxon/serialize/HTMLEmitter
13:35:05.588 [main] INFO org.evosuite.runtime.instrumentation.CreateClassResetClassAdapter - Found static initializer in class net/sf/saxon/serialize/HTMLEmitter
13:35:05.589 [main] INFO org.evosuite.runtime.instrumentation.EvoClassLoader - Keeping class: net.sf.saxon.serialize.HTMLEmitter
13:35:05.589 [main] INFO org.evosuite.runtime.instrumentation.EvoClassLoader - Seeing class for first time: net.sf.saxon.serialize.HTML50Emitter
13:35:05.589 [main] INFO org.evosuite.runtime.instrumentation.EvoClassLoader - Instrumenting class 'net.sf.saxon.serialize.HTML50Emitter'.
13:35:05.589 [main] INFO org.evosuite.runtime.instrumentation.MethodCallReplacementClassAdapter - Adding mock interface to class net/sf/saxon/serialize/HTML50Emitter
13:35:05.590 [main] INFO org.evosuite.runtime.instrumentation.CreateClassResetClassAdapter - Found static initializer in class net/sf/saxon/serialize/HTML50Emitter
13:35:05.590 [main] INFO org.evosuite.runtime.instrumentation.EvoClassLoader - Keeping class: net.sf.saxon.serialize.HTML50Emitter
13:35:05.590 [main] INFO org.evosuite.runtime.instrumentation.EvoClassLoader - Seeing class for first time: net.sf.saxon.serialize.HTML40Emitter
13:35:05.590 [main] INFO org.evosuite.runtime.instrumentation.EvoClassLoader - Instrumenting class 'net.sf.saxon.serialize.HTML40Emitter'.
13:35:05.591 [main] INFO org.evosuite.runtime.instrumentation.MethodCallReplacementClassAdapter - Adding mock interface to class net/sf/saxon/serialize/HTML40Emitter
13:35:05.592 [main] INFO org.evosuite.runtime.instrumentation.CreateClassResetClassAdapter - Found static initializer in class net/sf/saxon/serialize/HTML40Emitter
13:35:05.592 [main] INFO org.evosuite.runtime.instrumentation.EvoClassLoader - Keeping class: net.sf.saxon.serialize.HTML40Emitter
13:35:05.592 [main] INFO org.evosuite.runtime.instrumentation.EvoClassLoader - Seeing class for first time: net.sf.saxon.serialize.XHTMLURIEscaper
13:35:05.592 [main] INFO org.evosuite.runtime.instrumentation.EvoClassLoader - Instrumenting class 'net.sf.saxon.serialize.XHTMLURIEscaper'.
13:35:05.594 [main] INFO org.evosuite.runtime.instrumentation.MethodCallReplacementClassAdapter - Adding mock interface to class net/sf/saxon/serialize/XHTMLURIEscaper
13:35:05.595 [main] INFO org.evosuite.runtime.instrumentation.CreateClassResetClassAdapter - Found static initializer in class net/sf/saxon/serialize/XHTMLURIEscaper
13:35:05.596 [main] INFO org.evosuite.runtime.instrumentation.EvoClassLoader - Keeping class: net.sf.saxon.serialize.XHTMLURIEscaper
13:35:05.597 [main] INFO org.evosuite.runtime.instrumentation.EvoClassLoader - Seeing class for first time: net.sf.saxon.serialize.XMLIndenter
13:35:05.597 [main] INFO org.evosuite.runtime.instrumentation.EvoClassLoader - Instrumenting class 'net.sf.saxon.serialize.XMLIndenter'.
13:35:05.598 [main] INFO org.evosuite.runtime.instrumentation.MethodCallReplacementClassAdapter - Adding mock interface to class net/sf/saxon/serialize/XMLIndenter
13:35:05.599 [main] INFO org.evosuite.runtime.instrumentation.CreateClassResetClassAdapter - Creating brand-new static initializer in class net/sf/saxon/serialize/XMLIndenter
13:35:05.600 [main] INFO org.evosuite.runtime.instrumentation.EvoClassLoader - Keeping class: net.sf.saxon.serialize.XMLIndenter
13:35:05.600 [main] INFO org.evosuite.runtime.instrumentation.EvoClassLoader - Seeing class for first time: net.sf.saxon.serialize.XML10ContentChecker
13:35:05.600 [main] INFO org.evosuite.runtime.instrumentation.EvoClassLoader - Instrumenting class 'net.sf.saxon.serialize.XML10ContentChecker'.
13:35:05.601 [main] INFO org.evosuite.runtime.instrumentation.MethodCallReplacementClassAdapter - Adding mock interface to class net/sf/saxon/serialize/XML10ContentChecker
13:35:05.601 [main] INFO org.evosuite.runtime.instrumentation.CreateClassResetClassAdapter - Creating brand-new static initializer in class net/sf/saxon/serialize/XML10ContentChecker
13:35:05.602 [main] INFO org.evosuite.runtime.instrumentation.EvoClassLoader - Keeping class: net.sf.saxon.serialize.XML10ContentChecker
13:35:05.603 [main] INFO org.evosuite.runtime.instrumentation.EvoClassLoader - Seeing class for first time: net.sf.saxon.event.StreamWriterToReceiver
13:35:05.603 [main] INFO org.evosuite.runtime.instrumentation.EvoClassLoader - Instrumenting class 'net.sf.saxon.event.StreamWriterToReceiver'.
13:35:05.605 [main] INFO org.evosuite.runtime.instrumentation.MethodCallReplacementClassAdapter - Adding mock interface to class net/sf/saxon/event/StreamWriterToReceiver
13:35:05.611 [main] INFO org.evosuite.runtime.instrumentation.CreateClassResetClassAdapter - Found static initializer in class net/sf/saxon/event/StreamWriterToReceiver
13:35:05.612 [main] INFO org.evosuite.runtime.instrumentation.EvoClassLoader - Keeping class: net.sf.saxon.event.StreamWriterToReceiver
13:35:05.612 [main] INFO org.evosuite.runtime.instrumentation.EvoClassLoader - Seeing class for first time: net.sf.saxon.serialize.UncommittedSerializer
13:35:05.612 [main] INFO org.evosuite.runtime.instrumentation.EvoClassLoader - Instrumenting class 'net.sf.saxon.serialize.UncommittedSerializer'.
13:35:05.614 [main] INFO org.evosuite.runtime.instrumentation.MethodCallReplacementClassAdapter - Adding mock interface to class net/sf/saxon/serialize/UncommittedSerializer
13:35:05.614 [main] INFO org.evosuite.runtime.instrumentation.CreateClassResetClassAdapter - Creating brand-new static initializer in class net/sf/saxon/serialize/UncommittedSerializer
13:35:05.615 [main] INFO org.evosuite.runtime.instrumentation.EvoClassLoader - Keeping class: net.sf.saxon.serialize.UncommittedSerializer
13:35:05.615 [main] INFO org.evosuite.runtime.instrumentation.EvoClassLoader - Seeing class for first time: net.sf.saxon.serialize.CharacterMapIndex
13:35:05.615 [main] INFO org.evosuite.runtime.instrumentation.EvoClassLoader - Instrumenting class 'net.sf.saxon.serialize.CharacterMapIndex'.
13:35:05.616 [main] INFO org.evosuite.runtime.instrumentation.MethodCallReplacementClassAdapter - Adding mock interface to class net/sf/saxon/serialize/CharacterMapIndex
13:35:05.617 [main] INFO org.evosuite.runtime.instrumentation.CreateClassResetClassAdapter - Creating brand-new static initializer in class net/sf/saxon/serialize/CharacterMapIndex
13:35:05.617 [main] INFO org.evosuite.runtime.instrumentation.EvoClassLoader - Keeping class: net.sf.saxon.serialize.CharacterMapIndex
13:35:05.617 [main] INFO org.evosuite.runtime.instrumentation.EvoClassLoader - Seeing class for first time: net.sf.saxon.serialize.CharacterMapExpander
13:35:05.617 [main] INFO org.evosuite.runtime.instrumentation.EvoClassLoader - Instrumenting class 'net.sf.saxon.serialize.CharacterMapExpander'.
13:35:05.618 [main] INFO org.evosuite.runtime.instrumentation.MethodCallReplacementClassAdapter - Adding mock interface to class net/sf/saxon/serialize/CharacterMapExpander
13:35:05.618 [main] INFO org.evosuite.runtime.instrumentation.CreateClassResetClassAdapter - Creating brand-new static initializer in class net/sf/saxon/serialize/CharacterMapExpander
13:35:05.619 [main] INFO org.evosuite.runtime.instrumentation.EvoClassLoader - Keeping class: net.sf.saxon.serialize.CharacterMapExpander
13:35:05.619 [main] INFO org.evosuite.runtime.instrumentation.EvoClassLoader - Seeing class for first time: net.sf.saxon.event.ContentHandlerProxy
13:35:05.619 [main] INFO org.evosuite.runtime.instrumentation.EvoClassLoader - Instrumenting class 'net.sf.saxon.event.ContentHandlerProxy'.
13:35:05.620 [main] INFO org.evosuite.runtime.instrumentation.MethodCallReplacementClassAdapter - Adding mock interface to class net/sf/saxon/event/ContentHandlerProxy
13:35:05.622 [main] INFO org.evosuite.runtime.instrumentation.CreateClassResetClassAdapter - Found static initializer in class net/sf/saxon/event/ContentHandlerProxy
13:35:05.623 [main] INFO org.evosuite.runtime.instrumentation.EvoClassLoader - Keeping class: net.sf.saxon.event.ContentHandlerProxy
13:35:05.623 [main] INFO org.evosuite.runtime.instrumentation.EvoClassLoader - Seeing class for first time: net.sf.saxon.serialize.MetaTagAdjuster
13:35:05.623 [main] INFO org.evosuite.runtime.instrumentation.EvoClassLoader - Instrumenting class 'net.sf.saxon.serialize.MetaTagAdjuster'.
13:35:05.624 [main] INFO org.evosuite.runtime.instrumentation.MethodCallReplacementClassAdapter - Adding mock interface to class net/sf/saxon/serialize/MetaTagAdjuster
13:35:05.624 [main] INFO org.evosuite.runtime.instrumentation.CreateClassResetClassAdapter - Creating brand-new static initializer in class net/sf/saxon/serialize/MetaTagAdjuster
13:35:05.624 [main] INFO org.evosuite.runtime.instrumentation.EvoClassLoader - Keeping class: net.sf.saxon.serialize.MetaTagAdjuster
13:35:05.625 [main] INFO org.evosuite.runtime.instrumentation.EvoClassLoader - Seeing class for first time: net.sf.saxon.query.SequenceWrapper
13:35:05.625 [main] INFO org.evosuite.runtime.instrumentation.EvoClassLoader - Instrumenting class 'net.sf.saxon.query.SequenceWrapper'.
13:35:05.625 [main] INFO org.evosuite.runtime.instrumentation.MethodCallReplacementClassAdapter - Adding mock interface to class net/sf/saxon/query/SequenceWrapper
13:35:05.626 [main] INFO org.evosuite.runtime.instrumentation.CreateClassResetClassAdapter - Found static initializer in class net/sf/saxon/query/SequenceWrapper
13:35:05.626 [main] INFO org.evosuite.runtime.instrumentation.EvoClassLoader - Keeping class: net.sf.saxon.query.SequenceWrapper
13:35:05.627 [main] INFO org.evosuite.runtime.instrumentation.EvoClassLoader - Seeing class for first time: net.sf.saxon.java.JavaPlatform
13:35:05.627 [main] INFO org.evosuite.runtime.instrumentation.EvoClassLoader - Instrumenting class 'net.sf.saxon.java.JavaPlatform'.
13:35:05.628 [main] INFO org.evosuite.runtime.instrumentation.MethodCallReplacementClassAdapter - Adding mock interface to class net/sf/saxon/java/JavaPlatform
13:35:05.629 [main] INFO org.evosuite.runtime.instrumentation.CreateClassResetClassAdapter - Creating brand-new static initializer in class net/sf/saxon/java/JavaPlatform
13:35:05.629 [main] INFO org.evosuite.runtime.instrumentation.EvoClassLoader - Defined package (3): package net.sf.saxon.java, 910675345
13:35:05.629 [main] INFO org.evosuite.runtime.instrumentation.EvoClassLoader - Seeing class for first time: net.sf.saxon.Platform
13:35:05.629 [main] INFO org.evosuite.runtime.instrumentation.EvoClassLoader - Instrumenting class 'net.sf.saxon.Platform'.
13:35:05.631 [main] INFO org.evosuite.runtime.instrumentation.EvoClassLoader - Keeping class: net.sf.saxon.Platform
13:35:05.631 [main] INFO org.evosuite.runtime.instrumentation.EvoClassLoader - Keeping class: net.sf.saxon.java.JavaPlatform
13:35:05.631 [main] INFO org.evosuite.runtime.instrumentation.EvoClassLoader - Seeing class for first time: net.sf.saxon.expr.sort.SimpleCollation
13:35:05.631 [main] INFO org.evosuite.runtime.instrumentation.EvoClassLoader - Instrumenting class 'net.sf.saxon.expr.sort.SimpleCollation'.
13:35:05.632 [main] INFO org.evosuite.runtime.instrumentation.MethodCallReplacementClassAdapter - Adding mock interface to class net/sf/saxon/expr/sort/SimpleCollation
13:35:05.632 [main] INFO org.evosuite.runtime.instrumentation.CreateClassResetClassAdapter - Found static initializer in class net/sf/saxon/expr/sort/SimpleCollation
13:35:05.633 [main] INFO org.evosuite.runtime.instrumentation.EvoClassLoader - Keeping class: net.sf.saxon.expr.sort.SimpleCollation
13:35:05.633 [main] INFO org.evosuite.runtime.instrumentation.EvoClassLoader - Seeing class for first time: net.sf.saxon.xpath.JAXPXPathStaticContext
13:35:05.633 [main] INFO org.evosuite.runtime.instrumentation.EvoClassLoader - Instrumenting class 'net.sf.saxon.xpath.JAXPXPathStaticContext'.
13:35:05.634 [main] INFO org.evosuite.runtime.instrumentation.MethodCallReplacementClassAdapter - Adding mock interface to class net/sf/saxon/xpath/JAXPXPathStaticContext
13:35:05.635 [main] INFO org.evosuite.runtime.instrumentation.CreateClassResetClassAdapter - Creating brand-new static initializer in class net/sf/saxon/xpath/JAXPXPathStaticContext
13:35:05.636 [main] INFO org.evosuite.runtime.instrumentation.EvoClassLoader - Defined package (3): package net.sf.saxon.xpath, -1820478706
13:35:05.636 [main] INFO org.evosuite.runtime.instrumentation.EvoClassLoader - Seeing class for first time: net.sf.saxon.sxpath.AbstractStaticContext
13:35:05.636 [main] INFO org.evosuite.runtime.instrumentation.EvoClassLoader - Instrumenting class 'net.sf.saxon.sxpath.AbstractStaticContext'.
13:35:05.637 [main] INFO org.evosuite.runtime.instrumentation.MethodCallReplacementClassAdapter - Adding mock interface to class net/sf/saxon/sxpath/AbstractStaticContext
13:35:05.638 [main] INFO org.evosuite.runtime.instrumentation.CreateClassResetClassAdapter - Creating brand-new static initializer in class net/sf/saxon/sxpath/AbstractStaticContext
13:35:05.638 [main] INFO org.evosuite.runtime.instrumentation.EvoClassLoader - Defined package (3): package net.sf.saxon.sxpath, -735593543
13:35:05.639 [main] INFO org.evosuite.runtime.instrumentation.EvoClassLoader - Keeping class: net.sf.saxon.sxpath.AbstractStaticContext
13:35:05.639 [main] INFO org.evosuite.runtime.instrumentation.EvoClassLoader - Keeping class: net.sf.saxon.xpath.JAXPXPathStaticContext
13:35:05.639 [main] INFO org.evosuite.runtime.instrumentation.EvoClassLoader - Seeing class for first time: net.sf.saxon.Version
13:35:05.639 [main] INFO org.evosuite.runtime.instrumentation.EvoClassLoader - Instrumenting class 'net.sf.saxon.Version'.
13:35:05.640 [main] INFO org.evosuite.runtime.instrumentation.MethodCallReplacementClassAdapter - Adding mock interface to class net/sf/saxon/Version
13:35:05.641 [main] INFO org.evosuite.runtime.instrumentation.CreateClassResetClassAdapter - Found static initializer in class net/sf/saxon/Version
13:35:05.641 [main] INFO org.evosuite.runtime.instrumentation.EvoClassLoader - Keeping class: net.sf.saxon.Version
13:35:05.642 [main] INFO org.evosuite.runtime.instrumentation.EvoClassLoader - Seeing class for first time: net.sf.saxon.lib.StandardModuleURIResolver
13:35:05.642 [main] INFO org.evosuite.runtime.instrumentation.EvoClassLoader - Instrumenting class 'net.sf.saxon.lib.StandardModuleURIResolver'.
13:35:05.643 [main] INFO org.evosuite.runtime.instrumentation.MethodCallReplacementClassAdapter - Adding mock interface to class net/sf/saxon/lib/StandardModuleURIResolver
13:35:05.645 [main] INFO org.evosuite.runtime.instrumentation.CreateClassResetClassAdapter - Creating brand-new static initializer in class net/sf/saxon/lib/StandardModuleURIResolver
13:35:05.645 [main] INFO org.evosuite.runtime.instrumentation.EvoClassLoader - Keeping class: net.sf.saxon.lib.StandardModuleURIResolver
13:35:05.647 [main] INFO org.evosuite.runtime.instrumentation.EvoClassLoader - Seeing class for first time: net.sf.saxon.lib.StandardUnparsedTextResolver
13:35:05.647 [main] INFO org.evosuite.runtime.instrumentation.EvoClassLoader - Instrumenting class 'net.sf.saxon.lib.StandardUnparsedTextResolver'.
13:35:05.649 [main] INFO org.evosuite.runtime.instrumentation.MethodCallReplacementClassAdapter - Adding mock interface to class net/sf/saxon/lib/StandardUnparsedTextResolver
13:35:05.653 [main] INFO org.evosuite.runtime.instrumentation.CreateClassResetClassAdapter - Found static initializer in class net/sf/saxon/lib/StandardUnparsedTextResolver
13:35:05.654 [main] INFO org.evosuite.runtime.instrumentation.EvoClassLoader - Keeping class: net.sf.saxon.lib.StandardUnparsedTextResolver
13:35:05.656 [main] INFO org.evosuite.runtime.instrumentation.EvoClassLoader - Seeing class for first time: net.sf.saxon.expr.GeneralComparison20
13:35:05.656 [main] INFO org.evosuite.runtime.instrumentation.EvoClassLoader - Instrumenting class 'net.sf.saxon.expr.GeneralComparison20'.
13:35:05.657 [main] INFO org.evosuite.runtime.instrumentation.MethodCallReplacementClassAdapter - Adding mock interface to class net/sf/saxon/expr/GeneralComparison20
13:35:05.657 [main] INFO org.evosuite.runtime.instrumentation.CreateClassResetClassAdapter - Creating brand-new static initializer in class net/sf/saxon/expr/GeneralComparison20
13:35:05.657 [main] INFO org.evosuite.runtime.instrumentation.EvoClassLoader - Seeing class for first time: net.sf.saxon.expr.GeneralComparison
13:35:05.657 [main] INFO org.evosuite.runtime.instrumentation.EvoClassLoader - Instrumenting class 'net.sf.saxon.expr.GeneralComparison'.
13:35:05.659 [main] INFO org.evosuite.runtime.instrumentation.MethodCallReplacementClassAdapter - Adding mock interface to class net/sf/saxon/expr/GeneralComparison
13:35:05.666 [main] INFO org.evosuite.runtime.instrumentation.CreateClassResetClassAdapter - Found static initializer in class net/sf/saxon/expr/GeneralComparison
13:35:05.667 [main] INFO org.evosuite.runtime.instrumentation.EvoClassLoader - Seeing class for first time: net.sf.saxon.expr.ComparisonExpression
13:35:05.667 [main] INFO org.evosuite.runtime.instrumentation.EvoClassLoader - Instrumenting class 'net.sf.saxon.expr.ComparisonExpression'.
13:35:05.668 [main] INFO org.evosuite.runtime.instrumentation.EvoClassLoader - Keeping class: net.sf.saxon.expr.ComparisonExpression
13:35:05.668 [main] INFO org.evosuite.runtime.instrumentation.EvoClassLoader - Seeing class for first time: net.sf.saxon.expr.BinaryExpression
13:35:05.668 [main] INFO org.evosuite.runtime.instrumentation.EvoClassLoader - Instrumenting class 'net.sf.saxon.expr.BinaryExpression'.
13:35:05.670 [main] INFO org.evosuite.runtime.instrumentation.MethodCallReplacementClassAdapter - Adding mock interface to class net/sf/saxon/expr/BinaryExpression
13:35:05.671 [main] INFO org.evosuite.runtime.instrumentation.CreateClassResetClassAdapter - Creating brand-new static initializer in class net/sf/saxon/expr/BinaryExpression
13:35:05.672 [main] INFO org.evosuite.runtime.instrumentation.EvoClassLoader - Keeping class: net.sf.saxon.expr.BinaryExpression
13:35:05.672 [main] INFO org.evosuite.runtime.instrumentation.EvoClassLoader - Keeping class: net.sf.saxon.expr.GeneralComparison
13:35:05.672 [main] INFO org.evosuite.runtime.instrumentation.EvoClassLoader - Keeping class: net.sf.saxon.expr.GeneralComparison20
13:35:05.672 [main] INFO org.evosuite.runtime.instrumentation.EvoClassLoader - Seeing class for first time: net.sf.saxon.expr.ArithmeticExpression
13:35:05.672 [main] INFO org.evosuite.runtime.instrumentation.EvoClassLoader - Instrumenting class 'net.sf.saxon.expr.ArithmeticExpression'.
13:35:05.674 [main] INFO org.evosuite.runtime.instrumentation.MethodCallReplacementClassAdapter - Adding mock interface to class net/sf/saxon/expr/ArithmeticExpression
13:35:05.681 [main] INFO org.evosuite.runtime.instrumentation.CreateClassResetClassAdapter - Creating brand-new static initializer in class net/sf/saxon/expr/ArithmeticExpression
13:35:05.681 [main] INFO org.evosuite.runtime.instrumentation.EvoClassLoader - Keeping class: net.sf.saxon.expr.ArithmeticExpression
13:35:05.682 [main] INFO org.evosuite.runtime.instrumentation.EvoClassLoader - Seeing class for first time: net.sf.saxon.expr.ItemChecker
13:35:05.682 [main] INFO org.evosuite.runtime.instrumentation.EvoClassLoader - Instrumenting class 'net.sf.saxon.expr.ItemChecker'.
13:35:05.683 [main] INFO org.evosuite.runtime.instrumentation.MethodCallReplacementClassAdapter - Adding mock interface to class net/sf/saxon/expr/ItemChecker
13:35:05.684 [main] INFO org.evosuite.runtime.instrumentation.CreateClassResetClassAdapter - Creating brand-new static initializer in class net/sf/saxon/expr/ItemChecker
13:35:05.685 [main] INFO org.evosuite.runtime.instrumentation.EvoClassLoader - Keeping class: net.sf.saxon.expr.ItemChecker
13:35:05.685 [main] INFO org.evosuite.runtime.instrumentation.EvoClassLoader - Seeing class for first time: net.sf.saxon.expr.UntypedSequenceConverter
13:35:05.685 [main] INFO org.evosuite.runtime.instrumentation.EvoClassLoader - Instrumenting class 'net.sf.saxon.expr.UntypedSequenceConverter'.
13:35:05.686 [main] INFO org.evosuite.runtime.instrumentation.MethodCallReplacementClassAdapter - Adding mock interface to class net/sf/saxon/expr/UntypedSequenceConverter
13:35:05.688 [main] INFO org.evosuite.runtime.instrumentation.CreateClassResetClassAdapter - Creating brand-new static initializer in class net/sf/saxon/expr/UntypedSequenceConverter
13:35:05.689 [main] INFO org.evosuite.runtime.instrumentation.EvoClassLoader - Seeing class for first time: net.sf.saxon.expr.AtomicSequenceConverter
13:35:05.689 [main] INFO org.evosuite.runtime.instrumentation.EvoClassLoader - Instrumenting class 'net.sf.saxon.expr.AtomicSequenceConverter'.
13:35:05.694 [main] INFO org.evosuite.runtime.instrumentation.MethodCallReplacementClassAdapter - Adding mock interface to class net/sf/saxon/expr/AtomicSequenceConverter
13:35:05.700 [main] INFO org.evosuite.runtime.instrumentation.CreateClassResetClassAdapter - Found static initializer in class net/sf/saxon/expr/AtomicSequenceConverter
13:35:05.701 [main] INFO org.evosuite.runtime.instrumentation.EvoClassLoader - Keeping class: net.sf.saxon.expr.AtomicSequenceConverter
13:35:05.701 [main] INFO org.evosuite.runtime.instrumentation.EvoClassLoader - Keeping class: net.sf.saxon.expr.UntypedSequenceConverter
13:35:05.702 [main] INFO org.evosuite.runtime.instrumentation.EvoClassLoader - Seeing class for first time: net.sf.saxon.type.Converter$PromoterToDouble
13:35:05.702 [main] INFO org.evosuite.runtime.instrumentation.EvoClassLoader - Instrumenting class 'net.sf.saxon.type.Converter$PromoterToDouble'.
13:35:05.703 [main] INFO org.evosuite.runtime.instrumentation.MethodCallReplacementClassAdapter - Adding mock interface to class net/sf/saxon/type/Converter$PromoterToDouble
13:35:05.703 [main] INFO org.evosuite.runtime.instrumentation.CreateClassResetClassAdapter - Creating brand-new static initializer in class net/sf/saxon/type/Converter$PromoterToDouble
13:35:05.703 [main] INFO org.evosuite.runtime.instrumentation.EvoClassLoader - Keeping class: net.sf.saxon.type.Converter$PromoterToDouble
13:35:05.703 [main] INFO org.evosuite.runtime.instrumentation.EvoClassLoader - Seeing class for first time: net.sf.saxon.type.Converter$PromoterToFloat
13:35:05.703 [main] INFO org.evosuite.runtime.instrumentation.EvoClassLoader - Instrumenting class 'net.sf.saxon.type.Converter$PromoterToFloat'.
13:35:05.704 [main] INFO org.evosuite.runtime.instrumentation.MethodCallReplacementClassAdapter - Adding mock interface to class net/sf/saxon/type/Converter$PromoterToFloat
13:35:05.705 [main] INFO org.evosuite.runtime.instrumentation.CreateClassResetClassAdapter - Creating brand-new static initializer in class net/sf/saxon/type/Converter$PromoterToFloat
13:35:05.705 [main] INFO org.evosuite.runtime.instrumentation.EvoClassLoader - Keeping class: net.sf.saxon.type.Converter$PromoterToFloat
13:35:05.705 [main] INFO org.evosuite.runtime.instrumentation.EvoClassLoader - Seeing class for first time: net.sf.saxon.type.Converter$ToStringConverter
13:35:05.705 [main] INFO org.evosuite.runtime.instrumentation.EvoClassLoader - Instrumenting class 'net.sf.saxon.type.Converter$ToStringConverter'.
13:35:05.706 [main] INFO org.evosuite.runtime.instrumentation.MethodCallReplacementClassAdapter - Adding mock interface to class net/sf/saxon/type/Converter$ToStringConverter
13:35:05.706 [main] INFO org.evosuite.runtime.instrumentation.CreateClassResetClassAdapter - Found static initializer in class net/sf/saxon/type/Converter$ToStringConverter
13:35:05.706 [main] INFO org.evosuite.runtime.instrumentation.EvoClassLoader - Seeing class for first time: net.sf.saxon.type.Converter$UnfailingConverter
13:35:05.706 [main] INFO org.evosuite.runtime.instrumentation.EvoClassLoader - Instrumenting class 'net.sf.saxon.type.Converter$UnfailingConverter'.
13:35:05.707 [main] INFO org.evosuite.runtime.instrumentation.MethodCallReplacementClassAdapter - Adding mock interface to class net/sf/saxon/type/Converter$UnfailingConverter
13:35:05.707 [main] INFO org.evosuite.runtime.instrumentation.CreateClassResetClassAdapter - Creating brand-new static initializer in class net/sf/saxon/type/Converter$UnfailingConverter
13:35:05.707 [main] INFO org.evosuite.runtime.instrumentation.EvoClassLoader - Keeping class: net.sf.saxon.type.Converter$UnfailingConverter
13:35:05.707 [main] INFO org.evosuite.runtime.instrumentation.EvoClassLoader - Keeping class: net.sf.saxon.type.Converter$ToStringConverter
13:35:05.708 [main] INFO org.evosuite.runtime.instrumentation.EvoClassLoader - Seeing class for first time: net.sf.saxon.type.BuiltInAtomicType
13:35:05.708 [main] INFO org.evosuite.runtime.instrumentation.EvoClassLoader - Instrumenting class 'net.sf.saxon.type.BuiltInAtomicType'.
13:35:05.710 [main] INFO org.evosuite.runtime.instrumentation.MethodCallReplacementClassAdapter - Adding mock interface to class net/sf/saxon/type/BuiltInAtomicType
13:35:05.713 [main] INFO org.evosuite.runtime.instrumentation.CreateClassResetClassAdapter - Found static initializer in class net/sf/saxon/type/BuiltInAtomicType
13:35:05.714 [main] INFO org.evosuite.runtime.instrumentation.EvoClassLoader - Keeping class: net.sf.saxon.type.BuiltInAtomicType
13:35:05.715 [main] INFO org.evosuite.runtime.instrumentation.EvoClassLoader - Seeing class for first time: net.sf.saxon.expr.compat.GeneralComparison10
13:35:05.715 [main] INFO org.evosuite.runtime.instrumentation.EvoClassLoader - Instrumenting class 'net.sf.saxon.expr.compat.GeneralComparison10'.
13:35:05.717 [main] INFO org.evosuite.runtime.instrumentation.MethodCallReplacementClassAdapter - Adding mock interface to class net/sf/saxon/expr/compat/GeneralComparison10
13:35:05.723 [main] INFO org.evosuite.runtime.instrumentation.CreateClassResetClassAdapter - Creating brand-new static initializer in class net/sf/saxon/expr/compat/GeneralComparison10
13:35:05.724 [main] INFO org.evosuite.runtime.instrumentation.EvoClassLoader - Keeping class: net.sf.saxon.expr.compat.GeneralComparison10
13:35:05.724 [main] INFO org.evosuite.runtime.instrumentation.EvoClassLoader - Seeing class for first time: net.sf.saxon.expr.compat.ArithmeticExpression10
13:35:05.724 [main] INFO org.evosuite.runtime.instrumentation.EvoClassLoader - Instrumenting class 'net.sf.saxon.expr.compat.ArithmeticExpression10'.
13:35:05.726 [main] INFO org.evosuite.runtime.instrumentation.MethodCallReplacementClassAdapter - Adding mock interface to class net/sf/saxon/expr/compat/ArithmeticExpression10
13:35:05.729 [main] INFO org.evosuite.runtime.instrumentation.CreateClassResetClassAdapter - Creating brand-new static initializer in class net/sf/saxon/expr/compat/ArithmeticExpression10
13:35:05.730 [main] INFO org.evosuite.runtime.instrumentation.EvoClassLoader - Keeping class: net.sf.saxon.expr.compat.ArithmeticExpression10
13:35:05.731 [main] INFO org.evosuite.runtime.instrumentation.EvoClassLoader - Seeing class for first time: net.sf.saxon.tree.tiny.Statistics
13:35:05.731 [main] INFO org.evosuite.runtime.instrumentation.EvoClassLoader - Instrumenting class 'net.sf.saxon.tree.tiny.Statistics'.
13:35:05.732 [main] INFO org.evosuite.runtime.instrumentation.MethodCallReplacementClassAdapter - Adding mock interface to class net/sf/saxon/tree/tiny/Statistics
13:35:05.732 [main] INFO org.evosuite.runtime.instrumentation.CreateClassResetClassAdapter - Creating brand-new static initializer in class net/sf/saxon/tree/tiny/Statistics
13:35:05.733 [main] INFO org.evosuite.runtime.instrumentation.EvoClassLoader - Keeping class: net.sf.saxon.tree.tiny.Statistics
13:35:05.733 [main] INFO org.evosuite.runtime.instrumentation.EvoClassLoader - Seeing class for first time: net.sf.saxon.dom.DOMEnvelope
13:35:05.733 [main] INFO org.evosuite.runtime.instrumentation.EvoClassLoader - Instrumenting class 'net.sf.saxon.dom.DOMEnvelope'.
13:35:05.734 [main] INFO org.evosuite.runtime.instrumentation.MethodCallReplacementClassAdapter - Adding mock interface to class net/sf/saxon/dom/DOMEnvelope
13:35:05.735 [main] INFO org.evosuite.runtime.instrumentation.CreateClassResetClassAdapter - Found static initializer in class net/sf/saxon/dom/DOMEnvelope
13:35:05.735 [main] INFO org.evosuite.runtime.instrumentation.EvoClassLoader - Defined package (3): package net.sf.saxon.dom, -940460045
13:35:05.736 [main] INFO org.evosuite.runtime.instrumentation.EvoClassLoader - Keeping class: net.sf.saxon.dom.DOMEnvelope
13:35:05.736 [main] INFO org.evosuite.runtime.instrumentation.EvoClassLoader - Seeing class for first time: net.sf.saxon.expr.PJConverter
13:35:05.736 [main] INFO org.evosuite.runtime.instrumentation.EvoClassLoader - Instrumenting class 'net.sf.saxon.expr.PJConverter'.
13:35:05.738 [main] INFO org.evosuite.runtime.instrumentation.MethodCallReplacementClassAdapter - Adding mock interface to class net/sf/saxon/expr/PJConverter
13:35:05.741 [main] INFO org.evosuite.runtime.instrumentation.CreateClassResetClassAdapter - Found static initializer in class net/sf/saxon/expr/PJConverter
13:35:05.742 [main] INFO org.evosuite.runtime.instrumentation.EvoClassLoader - Keeping class: net.sf.saxon.expr.PJConverter
13:35:05.742 [main] INFO org.evosuite.runtime.instrumentation.EvoClassLoader - Seeing class for first time: net.sf.saxon.dom.DOMEnvelope$1
13:35:05.742 [main] INFO org.evosuite.runtime.instrumentation.EvoClassLoader - Instrumenting class 'net.sf.saxon.dom.DOMEnvelope$1'.
13:35:05.743 [main] INFO org.evosuite.runtime.instrumentation.MethodCallReplacementClassAdapter - Adding mock interface to class net/sf/saxon/dom/DOMEnvelope$1
13:35:05.744 [main] INFO org.evosuite.runtime.instrumentation.EvoClassLoader - Keeping class: net.sf.saxon.dom.DOMEnvelope$1
13:35:05.744 [main] INFO org.evosuite.runtime.instrumentation.EvoClassLoader - Seeing class for first time: net.sf.saxon.dom.DOMEnvelope$2
13:35:05.744 [main] INFO org.evosuite.runtime.instrumentation.EvoClassLoader - Instrumenting class 'net.sf.saxon.dom.DOMEnvelope$2'.
13:35:05.745 [main] INFO org.evosuite.runtime.instrumentation.MethodCallReplacementClassAdapter - Adding mock interface to class net/sf/saxon/dom/DOMEnvelope$2
13:35:05.746 [main] INFO org.evosuite.runtime.instrumentation.EvoClassLoader - Keeping class: net.sf.saxon.dom.DOMEnvelope$2
13:35:05.746 [main] INFO org.evosuite.runtime.instrumentation.EvoClassLoader - Seeing class for first time: net.sf.saxon.expr.JPConverter
13:35:05.746 [main] INFO org.evosuite.runtime.instrumentation.EvoClassLoader - Instrumenting class 'net.sf.saxon.expr.JPConverter'.
13:35:05.748 [main] INFO org.evosuite.runtime.instrumentation.MethodCallReplacementClassAdapter - Adding mock interface to class net/sf/saxon/expr/JPConverter
13:35:05.748 [main] INFO org.evosuite.runtime.instrumentation.CreateClassResetClassAdapter - Found static initializer in class net/sf/saxon/expr/JPConverter
13:35:05.749 [main] INFO org.evosuite.runtime.instrumentation.EvoClassLoader - Keeping class: net.sf.saxon.expr.JPConverter
13:35:05.749 [main] INFO org.evosuite.runtime.instrumentation.EvoClassLoader - Seeing class for first time: net.sf.saxon.dom.DOMEnvelope$3
13:35:05.749 [main] INFO org.evosuite.runtime.instrumentation.EvoClassLoader - Instrumenting class 'net.sf.saxon.dom.DOMEnvelope$3'.
13:35:05.750 [main] INFO org.evosuite.runtime.instrumentation.MethodCallReplacementClassAdapter - Adding mock interface to class net/sf/saxon/dom/DOMEnvelope$3
13:35:05.750 [main] INFO org.evosuite.runtime.instrumentation.EvoClassLoader - Keeping class: net.sf.saxon.dom.DOMEnvelope$3
13:35:05.751 [main] INFO org.evosuite.runtime.instrumentation.EvoClassLoader - Seeing class for first time: net.sf.saxon.dom.DOMObjectModel
13:35:05.751 [main] INFO org.evosuite.runtime.instrumentation.EvoClassLoader - Instrumenting class 'net.sf.saxon.dom.DOMObjectModel'.
13:35:05.751 [main] INFO org.evosuite.runtime.instrumentation.MethodCallReplacementClassAdapter - Adding mock interface to class net/sf/saxon/dom/DOMObjectModel
13:35:05.753 [main] INFO org.evosuite.runtime.instrumentation.CreateClassResetClassAdapter - Found static initializer in class net/sf/saxon/dom/DOMObjectModel
13:35:05.757 [main] INFO org.evosuite.runtime.instrumentation.EvoClassLoader - Keeping class: net.sf.saxon.dom.DOMObjectModel
13:35:05.757 [main] INFO org.evosuite.runtime.instrumentation.EvoClassLoader - Seeing class for first time: net.sf.saxon.dom.DOMObjectModel$1
13:35:05.758 [main] INFO org.evosuite.runtime.instrumentation.EvoClassLoader - Instrumenting class 'net.sf.saxon.dom.DOMObjectModel$1'.
13:35:05.758 [main] INFO org.evosuite.runtime.instrumentation.MethodCallReplacementClassAdapter - Adding mock interface to class net/sf/saxon/dom/DOMObjectModel$1
13:35:05.759 [main] INFO org.evosuite.runtime.instrumentation.EvoClassLoader - Keeping class: net.sf.saxon.dom.DOMObjectModel$1
13:35:05.759 [main] INFO org.evosuite.runtime.instrumentation.EvoClassLoader - Seeing class for first time: net.sf.saxon.dom.DOMObjectModel$2
13:35:05.759 [main] INFO org.evosuite.runtime.instrumentation.EvoClassLoader - Instrumenting class 'net.sf.saxon.dom.DOMObjectModel$2'.
13:35:05.760 [main] INFO org.evosuite.runtime.instrumentation.MethodCallReplacementClassAdapter - Adding mock interface to class net/sf/saxon/dom/DOMObjectModel$2
13:35:05.761 [main] INFO org.evosuite.runtime.instrumentation.EvoClassLoader - Keeping class: net.sf.saxon.dom.DOMObjectModel$2
13:35:05.761 [main] INFO org.evosuite.runtime.instrumentation.EvoClassLoader - Seeing class for first time: net.sf.saxon.dom.DOMWriter
13:35:05.761 [main] INFO org.evosuite.runtime.instrumentation.EvoClassLoader - Instrumenting class 'net.sf.saxon.dom.DOMWriter'.
13:35:05.763 [main] INFO org.evosuite.runtime.instrumentation.MethodCallReplacementClassAdapter - Adding mock interface to class net/sf/saxon/dom/DOMWriter
13:35:05.764 [main] INFO org.evosuite.runtime.instrumentation.CreateClassResetClassAdapter - Creating brand-new static initializer in class net/sf/saxon/dom/DOMWriter
13:35:05.765 [main] INFO org.evosuite.runtime.instrumentation.EvoClassLoader - Keeping class: net.sf.saxon.dom.DOMWriter
13:35:05.765 [main] INFO org.evosuite.runtime.instrumentation.EvoClassLoader - Seeing class for first time: net.sf.saxon.dom.DOMObjectModel$7
13:35:05.765 [main] INFO org.evosuite.runtime.instrumentation.EvoClassLoader - Instrumenting class 'net.sf.saxon.dom.DOMObjectModel$7'.
13:35:05.766 [main] INFO org.evosuite.runtime.instrumentation.MethodCallReplacementClassAdapter - Adding mock interface to class net/sf/saxon/dom/DOMObjectModel$7
13:35:05.767 [main] INFO org.evosuite.runtime.instrumentation.EvoClassLoader - Keeping class: net.sf.saxon.dom.DOMObjectModel$7
13:35:05.767 [main] INFO org.evosuite.runtime.instrumentation.EvoClassLoader - Seeing class for first time: net.sf.saxon.dom.DOMObjectModel$3
13:35:05.767 [main] INFO org.evosuite.runtime.instrumentation.EvoClassLoader - Instrumenting class 'net.sf.saxon.dom.DOMObjectModel$3'.
13:35:05.768 [main] INFO org.evosuite.runtime.instrumentation.MethodCallReplacementClassAdapter - Adding mock interface to class net/sf/saxon/dom/DOMObjectModel$3
13:35:05.768 [main] INFO org.evosuite.runtime.instrumentation.EvoClassLoader - Keeping class: net.sf.saxon.dom.DOMObjectModel$3
13:35:05.768 [main] INFO org.evosuite.runtime.instrumentation.EvoClassLoader - Seeing class for first time: net.sf.saxon.dom.DOMObjectModel$4
13:35:05.769 [main] INFO org.evosuite.runtime.instrumentation.EvoClassLoader - Instrumenting class 'net.sf.saxon.dom.DOMObjectModel$4'.
13:35:05.769 [main] INFO org.evosuite.runtime.instrumentation.MethodCallReplacementClassAdapter - Adding mock interface to class net/sf/saxon/dom/DOMObjectModel$4
13:35:05.770 [main] INFO org.evosuite.runtime.instrumentation.EvoClassLoader - Keeping class: net.sf.saxon.dom.DOMObjectModel$4
13:35:05.770 [main] INFO org.evosuite.runtime.instrumentation.EvoClassLoader - Seeing class for first time: net.sf.saxon.dom.DOMObjectModel$5
13:35:05.770 [main] INFO org.evosuite.runtime.instrumentation.EvoClassLoader - Instrumenting class 'net.sf.saxon.dom.DOMObjectModel$5'.
13:35:05.771 [main] INFO org.evosuite.runtime.instrumentation.MethodCallReplacementClassAdapter - Adding mock interface to class net/sf/saxon/dom/DOMObjectModel$5
13:35:05.772 [main] INFO org.evosuite.runtime.instrumentation.EvoClassLoader - Keeping class: net.sf.saxon.dom.DOMObjectModel$5
13:35:05.772 [main] INFO org.evosuite.runtime.instrumentation.EvoClassLoader - Seeing class for first time: net.sf.saxon.dom.DOMObjectModel$6
13:35:05.772 [main] INFO org.evosuite.runtime.instrumentation.EvoClassLoader - Instrumenting class 'net.sf.saxon.dom.DOMObjectModel$6'.
13:35:05.773 [main] INFO org.evosuite.runtime.instrumentation.MethodCallReplacementClassAdapter - Adding mock interface to class net/sf/saxon/dom/DOMObjectModel$6
13:35:05.773 [main] INFO org.evosuite.runtime.instrumentation.EvoClassLoader - Keeping class: net.sf.saxon.dom.DOMObjectModel$6
13:35:05.774 [main] INFO org.evosuite.runtime.instrumentation.EvoClassLoader - Seeing class for first time: net.sf.saxon.lib.StandardEntityResolver
13:35:05.774 [main] INFO org.evosuite.runtime.instrumentation.EvoClassLoader - Instrumenting class 'net.sf.saxon.lib.StandardEntityResolver'.
13:35:05.776 [main] INFO org.evosuite.runtime.instrumentation.MethodCallReplacementClassAdapter - Adding mock interface to class net/sf/saxon/lib/StandardEntityResolver
13:35:05.777 [main] INFO org.evosuite.runtime.instrumentation.CreateClassResetClassAdapter - Found static initializer in class net/sf/saxon/lib/StandardEntityResolver
13:35:05.779 [main] INFO org.evosuite.runtime.instrumentation.EvoClassLoader - Keeping class: net.sf.saxon.lib.StandardEntityResolver
13:35:05.781 [main] INFO org.evosuite.runtime.instrumentation.EvoClassLoader - Seeing class for first time: net.sf.saxon.resource.XmlResource$1
13:35:05.781 [main] INFO org.evosuite.runtime.instrumentation.EvoClassLoader - Instrumenting class 'net.sf.saxon.resource.XmlResource$1'.
13:35:05.781 [main] INFO org.evosuite.runtime.instrumentation.MethodCallReplacementClassAdapter - Adding mock interface to class net/sf/saxon/resource/XmlResource$1
13:35:05.783 [main] INFO org.evosuite.runtime.instrumentation.EvoClassLoader - Keeping class: net.sf.saxon.resource.XmlResource$1
13:35:05.783 [main] INFO org.evosuite.runtime.instrumentation.EvoClassLoader - Seeing class for first time: net.sf.saxon.resource.XmlResource
13:35:05.783 [main] INFO org.evosuite.runtime.instrumentation.EvoClassLoader - Instrumenting class 'net.sf.saxon.resource.XmlResource'.
13:35:05.783 [main] INFO org.evosuite.runtime.instrumentation.MethodCallReplacementClassAdapter - Adding mock interface to class net/sf/saxon/resource/XmlResource
13:35:05.785 [main] INFO org.evosuite.runtime.instrumentation.CreateClassResetClassAdapter - Found static initializer in class net/sf/saxon/resource/XmlResource
13:35:05.785 [main] INFO org.evosuite.runtime.instrumentation.EvoClassLoader - Seeing class for first time: net.sf.saxon.lib.Resource
13:35:05.785 [main] INFO org.evosuite.runtime.instrumentation.EvoClassLoader - Instrumenting class 'net.sf.saxon.lib.Resource'.
13:35:05.786 [main] INFO org.evosuite.runtime.instrumentation.EvoClassLoader - Keeping class: net.sf.saxon.lib.Resource
13:35:05.786 [main] INFO org.evosuite.runtime.instrumentation.EvoClassLoader - Keeping class: net.sf.saxon.resource.XmlResource
13:35:05.787 [main] INFO org.evosuite.runtime.instrumentation.EvoClassLoader - Seeing class for first time: net.sf.saxon.resource.UnparsedTextResource$1
13:35:05.787 [main] INFO org.evosuite.runtime.instrumentation.EvoClassLoader - Instrumenting class 'net.sf.saxon.resource.UnparsedTextResource$1'.
13:35:05.788 [main] INFO org.evosuite.runtime.instrumentation.MethodCallReplacementClassAdapter - Adding mock interface to class net/sf/saxon/resource/UnparsedTextResource$1
13:35:05.788 [main] INFO org.evosuite.runtime.instrumentation.EvoClassLoader - Keeping class: net.sf.saxon.resource.UnparsedTextResource$1
13:35:05.788 [main] INFO org.evosuite.runtime.instrumentation.EvoClassLoader - Seeing class for first time: net.sf.saxon.resource.UnparsedTextResource
13:35:05.788 [main] INFO org.evosuite.runtime.instrumentation.EvoClassLoader - Instrumenting class 'net.sf.saxon.resource.UnparsedTextResource'.
13:35:05.789 [main] INFO org.evosuite.runtime.instrumentation.MethodCallReplacementClassAdapter - Adding mock interface to class net/sf/saxon/resource/UnparsedTextResource
13:35:05.789 [main] INFO org.evosuite.runtime.instrumentation.CreateClassResetClassAdapter - Found static initializer in class net/sf/saxon/resource/UnparsedTextResource
13:35:05.789 [main] INFO org.evosuite.runtime.instrumentation.EvoClassLoader - Keeping class: net.sf.saxon.resource.UnparsedTextResource
13:35:05.790 [main] INFO org.evosuite.runtime.instrumentation.EvoClassLoader - Seeing class for first time: net.sf.saxon.resource.BinaryResource$1
13:35:05.790 [main] INFO org.evosuite.runtime.instrumentation.EvoClassLoader - Instrumenting class 'net.sf.saxon.resource.BinaryResource$1'.
13:35:05.790 [main] INFO org.evosuite.runtime.instrumentation.MethodCallReplacementClassAdapter - Adding mock interface to class net/sf/saxon/resource/BinaryResource$1
13:35:05.791 [main] INFO org.evosuite.runtime.instrumentation.EvoClassLoader - Keeping class: net.sf.saxon.resource.BinaryResource$1
13:35:05.791 [main] INFO org.evosuite.runtime.instrumentation.EvoClassLoader - Seeing class for first time: net.sf.saxon.resource.BinaryResource
13:35:05.791 [main] INFO org.evosuite.runtime.instrumentation.EvoClassLoader - Instrumenting class 'net.sf.saxon.resource.BinaryResource'.
13:35:05.792 [main] INFO org.evosuite.runtime.instrumentation.MethodCallReplacementClassAdapter - Adding mock interface to class net/sf/saxon/resource/BinaryResource
13:35:05.792 [main] INFO org.evosuite.runtime.instrumentation.CreateClassResetClassAdapter - Found static initializer in class net/sf/saxon/resource/BinaryResource
13:35:05.793 [main] INFO org.evosuite.runtime.instrumentation.EvoClassLoader - Keeping class: net.sf.saxon.resource.BinaryResource
13:35:05.794 [main] INFO org.evosuite.runtime.instrumentation.EvoClassLoader - Seeing class for first time: net.sf.saxon.resource.JSONResource$1
13:35:05.794 [main] INFO org.evosuite.runtime.instrumentation.EvoClassLoader - Instrumenting class 'net.sf.saxon.resource.JSONResource$1'.
13:35:05.795 [main] INFO org.evosuite.runtime.instrumentation.MethodCallReplacementClassAdapter - Adding mock interface to class net/sf/saxon/resource/JSONResource$1
13:35:05.795 [main] INFO org.evosuite.runtime.instrumentation.EvoClassLoader - Keeping class: net.sf.saxon.resource.JSONResource$1
13:35:05.795 [main] INFO org.evosuite.runtime.instrumentation.EvoClassLoader - Seeing class for first time: net.sf.saxon.resource.JSONResource
13:35:05.795 [main] INFO org.evosuite.runtime.instrumentation.EvoClassLoader - Instrumenting class 'net.sf.saxon.resource.JSONResource'.
13:35:05.796 [main] INFO org.evosuite.runtime.instrumentation.MethodCallReplacementClassAdapter - Adding mock interface to class net/sf/saxon/resource/JSONResource
13:35:05.797 [main] INFO org.evosuite.runtime.instrumentation.CreateClassResetClassAdapter - Found static initializer in class net/sf/saxon/resource/JSONResource
13:35:05.797 [main] INFO org.evosuite.runtime.instrumentation.EvoClassLoader - Keeping class: net.sf.saxon.resource.JSONResource
13:35:05.798 [main] INFO org.evosuite.runtime.instrumentation.EvoClassLoader - Seeing class for first time: net.sf.saxon.lib.XQueryFunctionAnnotationHandler$DisallowedCombination
13:35:05.798 [main] INFO org.evosuite.runtime.instrumentation.EvoClassLoader - Instrumenting class 'net.sf.saxon.lib.XQueryFunctionAnnotationHandler$DisallowedCombination'.
13:35:05.799 [main] INFO org.evosuite.runtime.instrumentation.MethodCallReplacementClassAdapter - Adding mock interface to class net/sf/saxon/lib/XQueryFunctionAnnotationHandler$DisallowedCombination
13:35:05.799 [main] INFO org.evosuite.runtime.instrumentation.CreateClassResetClassAdapter - Creating brand-new static initializer in class net/sf/saxon/lib/XQueryFunctionAnnotationHandler$DisallowedCombination
13:35:05.800 [main] INFO org.evosuite.runtime.instrumentation.EvoClassLoader - Keeping class: net.sf.saxon.lib.XQueryFunctionAnnotationHandler$DisallowedCombination
13:35:05.800 [main] INFO org.evosuite.runtime.instrumentation.EvoClassLoader - Seeing class for first time: net.sf.saxon.lib.XQueryFunctionAnnotationHandler
13:35:05.800 [main] INFO org.evosuite.runtime.instrumentation.EvoClassLoader - Instrumenting class 'net.sf.saxon.lib.XQueryFunctionAnnotationHandler'.
13:35:05.801 [main] INFO org.evosuite.runtime.instrumentation.MethodCallReplacementClassAdapter - Adding mock interface to class net/sf/saxon/lib/XQueryFunctionAnnotationHandler
13:35:05.801 [main] INFO org.evosuite.runtime.instrumentation.CreateClassResetClassAdapter - Found static initializer in class net/sf/saxon/lib/XQueryFunctionAnnotationHandler
13:35:05.802 [main] INFO org.evosuite.runtime.instrumentation.EvoClassLoader - Keeping class: net.sf.saxon.lib.XQueryFunctionAnnotationHandler
13:35:05.802 [main] INFO org.evosuite.runtime.instrumentation.EvoClassLoader - Seeing class for first time: net.sf.saxon.query.Annotation
13:35:05.802 [main] INFO org.evosuite.runtime.instrumentation.EvoClassLoader - Instrumenting class 'net.sf.saxon.query.Annotation'.
13:35:05.803 [main] INFO org.evosuite.runtime.instrumentation.MethodCallReplacementClassAdapter - Adding mock interface to class net/sf/saxon/query/Annotation
13:35:05.804 [main] INFO org.evosuite.runtime.instrumentation.CreateClassResetClassAdapter - Found static initializer in class net/sf/saxon/query/Annotation
13:35:05.804 [main] INFO org.evosuite.runtime.instrumentation.EvoClassLoader - Keeping class: net.sf.saxon.query.Annotation
13:35:05.805 [main] INFO org.evosuite.runtime.instrumentation.EvoClassLoader - Seeing class for first time: net.sf.saxon.query.AnnotationList
13:35:05.805 [main] INFO org.evosuite.runtime.instrumentation.EvoClassLoader - Instrumenting class 'net.sf.saxon.query.AnnotationList'.
13:35:05.805 [main] INFO org.evosuite.runtime.instrumentation.MethodCallReplacementClassAdapter - Adding mock interface to class net/sf/saxon/query/AnnotationList
13:35:05.806 [main] INFO org.evosuite.runtime.instrumentation.CreateClassResetClassAdapter - Found static initializer in class net/sf/saxon/query/AnnotationList
13:35:05.806 [main] INFO org.evosuite.runtime.instrumentation.EvoClassLoader - Keeping class: net.sf.saxon.query.AnnotationList
13:35:05.807 [main] INFO org.evosuite.runtime.instrumentation.EvoClassLoader - Seeing class for first time: net.sf.saxon.trans.ConfigurationReader$1
13:35:05.807 [main] INFO org.evosuite.runtime.instrumentation.EvoClassLoader - Instrumenting class 'net.sf.saxon.trans.ConfigurationReader$1'.
13:35:05.808 [main] INFO org.evosuite.runtime.instrumentation.MethodCallReplacementClassAdapter - Adding mock interface to class net/sf/saxon/trans/ConfigurationReader$1
13:35:05.808 [main] INFO org.evosuite.runtime.instrumentation.EvoClassLoader - Keeping class: net.sf.saxon.trans.ConfigurationReader$1
13:35:05.811 [main] INFO org.evosuite.runtime.instrumentation.EvoClassLoader - Seeing class for first time: net.sf.saxon.regex.UnicodeString
13:35:05.811 [main] INFO org.evosuite.runtime.instrumentation.EvoClassLoader - Instrumenting class 'net.sf.saxon.regex.UnicodeString'.
13:35:05.812 [main] INFO org.evosuite.runtime.instrumentation.MethodCallReplacementClassAdapter - Adding mock interface to class net/sf/saxon/regex/UnicodeString
13:35:05.813 [main] INFO org.evosuite.runtime.instrumentation.CreateClassResetClassAdapter - Creating brand-new static initializer in class net/sf/saxon/regex/UnicodeString
13:35:05.814 [main] INFO org.evosuite.runtime.instrumentation.EvoClassLoader - Keeping class: net.sf.saxon.regex.UnicodeString
13:35:05.814 [main] INFO org.evosuite.runtime.instrumentation.EvoClassLoader - Seeing class for first time: net.sf.saxon.tree.tiny.CharSlice
13:35:05.814 [main] INFO org.evosuite.runtime.instrumentation.EvoClassLoader - Instrumenting class 'net.sf.saxon.tree.tiny.CharSlice'.
13:35:05.815 [main] INFO org.evosuite.runtime.instrumentation.MethodCallReplacementClassAdapter - Adding mock interface to class net/sf/saxon/tree/tiny/CharSlice
13:35:05.817 [main] INFO org.evosuite.runtime.instrumentation.CreateClassResetClassAdapter - Creating brand-new static initializer in class net/sf/saxon/tree/tiny/CharSlice
13:35:05.817 [main] INFO org.evosuite.runtime.instrumentation.EvoClassLoader - Keeping class: net.sf.saxon.tree.tiny.CharSlice
13:35:05.819 [main] INFO org.evosuite.runtime.instrumentation.EvoClassLoader - Seeing class for first time: net.sf.saxon.s9api.SaxonApiUncheckedException
13:35:05.819 [main] INFO org.evosuite.runtime.instrumentation.EvoClassLoader - Instrumenting class 'net.sf.saxon.s9api.SaxonApiUncheckedException'.
13:35:05.820 [main] INFO org.evosuite.runtime.instrumentation.MethodCallReplacementClassAdapter - Adding mock interface to class net/sf/saxon/s9api/SaxonApiUncheckedException
13:35:05.820 [main] INFO org.evosuite.runtime.instrumentation.CreateClassResetClassAdapter - Creating brand-new static initializer in class net/sf/saxon/s9api/SaxonApiUncheckedException
13:35:05.821 [main] INFO org.evosuite.runtime.instrumentation.EvoClassLoader - Keeping class: net.sf.saxon.s9api.SaxonApiUncheckedException
13:35:05.821 [main] INFO org.evosuite.runtime.instrumentation.EvoClassLoader - Seeing class for first time: net.sf.saxon.s9api.XdmMap
13:35:05.821 [main] INFO org.evosuite.runtime.instrumentation.EvoClassLoader - Instrumenting class 'net.sf.saxon.s9api.XdmMap'.
13:35:05.822 [main] INFO org.evosuite.runtime.instrumentation.MethodCallReplacementClassAdapter - Adding mock interface to class net/sf/saxon/s9api/XdmMap
13:35:05.825 [main] INFO org.evosuite.runtime.instrumentation.CreateClassResetClassAdapter - Creating brand-new static initializer in class net/sf/saxon/s9api/XdmMap
13:35:05.825 [main] INFO org.evosuite.runtime.instrumentation.EvoClassLoader - Seeing class for first time: net.sf.saxon.s9api.XdmFunctionItem
13:35:05.825 [main] INFO org.evosuite.runtime.instrumentation.EvoClassLoader - Instrumenting class 'net.sf.saxon.s9api.XdmFunctionItem'.
13:35:05.827 [main] INFO org.evosuite.runtime.instrumentation.MethodCallReplacementClassAdapter - Adding mock interface to class net/sf/saxon/s9api/XdmFunctionItem
13:35:05.831 [main] INFO org.evosuite.runtime.instrumentation.CreateClassResetClassAdapter - Creating brand-new static initializer in class net/sf/saxon/s9api/XdmFunctionItem
13:35:05.831 [main] INFO org.evosuite.runtime.instrumentation.EvoClassLoader - Keeping class: net.sf.saxon.s9api.XdmFunctionItem
13:35:05.832 [main] INFO org.evosuite.runtime.instrumentation.EvoClassLoader - Keeping class: net.sf.saxon.s9api.XdmMap
13:35:05.832 [main] INFO org.evosuite.runtime.instrumentation.EvoClassLoader - Seeing class for first time: net.sf.saxon.s9api.XdmArray
13:35:05.832 [main] INFO org.evosuite.runtime.instrumentation.EvoClassLoader - Instrumenting class 'net.sf.saxon.s9api.XdmArray'.
13:35:05.833 [main] INFO org.evosuite.runtime.instrumentation.MethodCallReplacementClassAdapter - Adding mock interface to class net/sf/saxon/s9api/XdmArray
13:35:05.835 [main] INFO org.evosuite.runtime.instrumentation.CreateClassResetClassAdapter - Creating brand-new static initializer in class net/sf/saxon/s9api/XdmArray
13:35:05.835 [main] INFO org.evosuite.runtime.instrumentation.EvoClassLoader - Keeping class: net.sf.saxon.s9api.XdmArray
13:35:05.835 [main] INFO org.evosuite.runtime.instrumentation.EvoClassLoader - Seeing class for first time: net.sf.saxon.s9api.XdmAtomicValue
13:35:05.835 [main] INFO org.evosuite.runtime.instrumentation.EvoClassLoader - Instrumenting class 'net.sf.saxon.s9api.XdmAtomicValue'.
13:35:05.837 [main] INFO org.evosuite.runtime.instrumentation.MethodCallReplacementClassAdapter - Adding mock interface to class net/sf/saxon/s9api/XdmAtomicValue
13:35:05.840 [main] INFO org.evosuite.runtime.instrumentation.CreateClassResetClassAdapter - Creating brand-new static initializer in class net/sf/saxon/s9api/XdmAtomicValue
13:35:05.841 [main] INFO org.evosuite.runtime.instrumentation.EvoClassLoader - Keeping class: net.sf.saxon.s9api.XdmAtomicValue
13:35:05.841 [main] INFO org.evosuite.runtime.instrumentation.EvoClassLoader - Seeing class for first time: net.sf.saxon.expr.sort.ItemOrderComparer
13:35:05.841 [main] INFO org.evosuite.runtime.instrumentation.EvoClassLoader - Instrumenting class 'net.sf.saxon.expr.sort.ItemOrderComparer'.
13:35:05.842 [main] INFO org.evosuite.runtime.instrumentation.EvoClassLoader - Keeping class: net.sf.saxon.expr.sort.ItemOrderComparer
13:35:05.842 [main] INFO org.evosuite.runtime.instrumentation.EvoClassLoader - Seeing class for first time: net.sf.saxon.s9api.XdmEmptySequence
13:35:05.842 [main] INFO org.evosuite.runtime.instrumentation.EvoClassLoader - Instrumenting class 'net.sf.saxon.s9api.XdmEmptySequence'.
13:35:05.843 [main] INFO org.evosuite.runtime.instrumentation.MethodCallReplacementClassAdapter - Adding mock interface to class net/sf/saxon/s9api/XdmEmptySequence
13:35:05.843 [main] INFO org.evosuite.runtime.instrumentation.CreateClassResetClassAdapter - Found static initializer in class net/sf/saxon/s9api/XdmEmptySequence
13:35:05.844 [main] INFO org.evosuite.runtime.instrumentation.EvoClassLoader - Keeping class: net.sf.saxon.s9api.XdmEmptySequence
13:35:05.844 [main] INFO org.evosuite.runtime.instrumentation.EvoClassLoader - Seeing class for first time: net.sf.saxon.s9api.XdmExternalObject
13:35:05.844 [main] INFO org.evosuite.runtime.instrumentation.EvoClassLoader - Instrumenting class 'net.sf.saxon.s9api.XdmExternalObject'.
13:35:05.845 [main] INFO org.evosuite.runtime.instrumentation.MethodCallReplacementClassAdapter - Adding mock interface to class net/sf/saxon/s9api/XdmExternalObject
13:35:05.845 [main] INFO org.evosuite.runtime.instrumentation.CreateClassResetClassAdapter - Creating brand-new static initializer in class net/sf/saxon/s9api/XdmExternalObject
13:35:05.845 [main] INFO org.evosuite.runtime.instrumentation.EvoClassLoader - Keeping class: net.sf.saxon.s9api.XdmExternalObject
13:35:05.845 [main] INFO org.evosuite.runtime.instrumentation.EvoClassLoader - Seeing class for first time: net.sf.saxon.s9api.streams.Step
13:35:05.845 [main] INFO org.evosuite.runtime.instrumentation.EvoClassLoader - Instrumenting class 'net.sf.saxon.s9api.streams.Step'.
13:35:05.846 [main] INFO org.evosuite.runtime.instrumentation.MethodCallReplacementClassAdapter - Adding mock interface to class net/sf/saxon/s9api/streams/Step
13:35:05.847 [main] INFO org.evosuite.runtime.instrumentation.CreateClassResetClassAdapter - Creating brand-new static initializer in class net/sf/saxon/s9api/streams/Step
13:35:05.847 [main] INFO org.evosuite.runtime.instrumentation.EvoClassLoader - Defined package (3): package net.sf.saxon.s9api.streams, 1770551466
13:35:05.848 [main] INFO org.evosuite.runtime.instrumentation.EvoClassLoader - Keeping class: net.sf.saxon.s9api.streams.Step
13:35:05.848 [main] INFO org.evosuite.runtime.instrumentation.EvoClassLoader - Seeing class for first time: net.sf.saxon.s9api.streams.XdmStream
13:35:05.848 [main] INFO org.evosuite.runtime.instrumentation.EvoClassLoader - Instrumenting class 'net.sf.saxon.s9api.streams.XdmStream'.
13:35:05.849 [main] INFO org.evosuite.runtime.instrumentation.MethodCallReplacementClassAdapter - Adding mock interface to class net/sf/saxon/s9api/streams/XdmStream
13:35:05.850 [main] INFO org.evosuite.runtime.instrumentation.CreateClassResetClassAdapter - Creating brand-new static initializer in class net/sf/saxon/s9api/streams/XdmStream
13:35:05.858 [main] INFO org.evosuite.runtime.instrumentation.EvoClassLoader - Keeping class: net.sf.saxon.s9api.streams.XdmStream
13:35:05.860 [main] INFO org.evosuite.runtime.instrumentation.EvoClassLoader - Seeing class for first time: net.sf.saxon.s9api.ItemType
13:35:05.860 [main] INFO org.evosuite.runtime.instrumentation.EvoClassLoader - Instrumenting class 'net.sf.saxon.s9api.ItemType'.
13:35:05.861 [main] INFO org.evosuite.runtime.instrumentation.MethodCallReplacementClassAdapter - Adding mock interface to class net/sf/saxon/s9api/ItemType
13:35:05.862 [main] INFO org.evosuite.runtime.instrumentation.CreateClassResetClassAdapter - Found static initializer in class net/sf/saxon/s9api/ItemType
13:35:05.863 [main] INFO org.evosuite.runtime.instrumentation.EvoClassLoader - Keeping class: net.sf.saxon.s9api.ItemType
13:35:05.863 [main] INFO org.evosuite.runtime.instrumentation.EvoClassLoader - Seeing class for first time: net.sf.saxon.pattern.NameTest
13:35:05.863 [main] INFO org.evosuite.runtime.instrumentation.EvoClassLoader - Instrumenting class 'net.sf.saxon.pattern.NameTest'.
13:35:05.864 [main] INFO org.evosuite.runtime.instrumentation.MethodCallReplacementClassAdapter - Adding mock interface to class net/sf/saxon/pattern/NameTest
13:35:05.866 [main] INFO org.evosuite.runtime.instrumentation.CreateClassResetClassAdapter - Creating brand-new static initializer in class net/sf/saxon/pattern/NameTest
13:35:05.866 [main] INFO org.evosuite.runtime.instrumentation.EvoClassLoader - Keeping class: net.sf.saxon.pattern.NameTest
13:35:05.867 [main] INFO org.evosuite.runtime.instrumentation.EvoClassLoader - Seeing class for first time: net.sf.saxon.s9api.QName
13:35:05.867 [main] INFO org.evosuite.runtime.instrumentation.EvoClassLoader - Instrumenting class 'net.sf.saxon.s9api.QName'.
13:35:05.868 [main] INFO org.evosuite.runtime.instrumentation.MethodCallReplacementClassAdapter - Adding mock interface to class net/sf/saxon/s9api/QName
13:35:05.870 [main] INFO org.evosuite.runtime.instrumentation.CreateClassResetClassAdapter - Found static initializer in class net/sf/saxon/s9api/QName
13:35:05.873 [main] INFO org.evosuite.runtime.instrumentation.EvoClassLoader - Keeping class: net.sf.saxon.s9api.QName
13:35:05.873 [main] INFO org.evosuite.runtime.instrumentation.EvoClassLoader - Seeing class for first time: net.sf.saxon.s9api.Axis
13:35:05.873 [main] INFO org.evosuite.runtime.instrumentation.EvoClassLoader - Instrumenting class 'net.sf.saxon.s9api.Axis'.
13:35:05.874 [main] INFO org.evosuite.runtime.instrumentation.MethodCallReplacementClassAdapter - Adding mock interface to class net/sf/saxon/s9api/Axis
13:35:05.875 [main] INFO org.evosuite.runtime.instrumentation.CreateClassResetClassAdapter - Found static initializer in class net/sf/saxon/s9api/Axis
13:35:05.875 [main] INFO org.evosuite.runtime.instrumentation.EvoClassLoader - Keeping class: net.sf.saxon.s9api.Axis
13:35:05.875 [main] INFO org.evosuite.runtime.instrumentation.EvoClassLoader - Seeing class for first time: net.sf.saxon.s9api.XdmSequenceIterator
13:35:05.875 [main] INFO org.evosuite.runtime.instrumentation.EvoClassLoader - Instrumenting class 'net.sf.saxon.s9api.XdmSequenceIterator'.
13:35:05.876 [main] INFO org.evosuite.runtime.instrumentation.MethodCallReplacementClassAdapter - Adding mock interface to class net/sf/saxon/s9api/XdmSequenceIterator
13:35:05.877 [main] INFO org.evosuite.runtime.instrumentation.CreateClassResetClassAdapter - Creating brand-new static initializer in class net/sf/saxon/s9api/XdmSequenceIterator
13:35:05.878 [main] INFO org.evosuite.runtime.instrumentation.CreateClassResetClassAdapter - Adding bytecode for initializing field BEFORE_ITEM
13:35:05.878 [main] INFO org.evosuite.runtime.instrumentation.CreateClassResetClassAdapter - Adding bytecode for initializing field ON_ITEM
13:35:05.878 [main] INFO org.evosuite.runtime.instrumentation.CreateClassResetClassAdapter - Adding bytecode for initializing field FINISHED
13:35:05.878 [main] INFO org.evosuite.runtime.instrumentation.EvoClassLoader - Keeping class: net.sf.saxon.s9api.XdmSequenceIterator
13:35:05.878 [main] INFO org.evosuite.runtime.instrumentation.EvoClassLoader - Seeing class for first time: net.sf.saxon.s9api.Processor
13:35:05.878 [main] INFO org.evosuite.runtime.instrumentation.EvoClassLoader - Instrumenting class 'net.sf.saxon.s9api.Processor'.
13:35:05.879 [main] INFO org.evosuite.runtime.instrumentation.MethodCallReplacementClassAdapter - Adding mock interface to class net/sf/saxon/s9api/Processor
13:35:05.883 [main] INFO org.evosuite.runtime.instrumentation.CreateClassResetClassAdapter - Creating brand-new static initializer in class net/sf/saxon/s9api/Processor
13:35:05.884 [main] INFO org.evosuite.runtime.instrumentation.EvoClassLoader - Keeping class: net.sf.saxon.s9api.Processor
13:35:05.884 [main] INFO org.evosuite.runtime.instrumentation.EvoClassLoader - Seeing class for first time: net.sf.saxon.s9api.XdmNodeKind
13:35:05.884 [main] INFO org.evosuite.runtime.instrumentation.EvoClassLoader - Instrumenting class 'net.sf.saxon.s9api.XdmNodeKind'.
13:35:05.885 [main] INFO org.evosuite.runtime.instrumentation.MethodCallReplacementClassAdapter - Adding mock interface to class net/sf/saxon/s9api/XdmNodeKind
13:35:05.886 [main] INFO org.evosuite.runtime.instrumentation.CreateClassResetClassAdapter - Found static initializer in class net/sf/saxon/s9api/XdmNodeKind
13:35:05.886 [main] INFO org.evosuite.runtime.instrumentation.EvoClassLoader - Keeping class: net.sf.saxon.s9api.XdmNodeKind
13:35:05.887 [main] INFO org.evosuite.runtime.instrumentation.EvoClassLoader - Seeing class for first time: net.sf.saxon.s9api.streams.Step$5
13:35:05.887 [main] INFO org.evosuite.runtime.instrumentation.EvoClassLoader - Instrumenting class 'net.sf.saxon.s9api.streams.Step$5'.
13:35:05.888 [main] INFO org.evosuite.runtime.instrumentation.MethodCallReplacementClassAdapter - Adding mock interface to class net/sf/saxon/s9api/streams/Step$5
13:35:05.889 [main] INFO org.evosuite.runtime.instrumentation.EvoClassLoader - Keeping class: net.sf.saxon.s9api.streams.Step$5
13:35:05.889 [main] INFO org.evosuite.runtime.instrumentation.EvoClassLoader - Seeing class for first time: net.sf.saxon.s9api.streams.Step$4
13:35:05.889 [main] INFO org.evosuite.runtime.instrumentation.EvoClassLoader - Instrumenting class 'net.sf.saxon.s9api.streams.Step$4'.
13:35:05.890 [main] INFO org.evosuite.runtime.instrumentation.MethodCallReplacementClassAdapter - Adding mock interface to class net/sf/saxon/s9api/streams/Step$4
13:35:05.891 [main] INFO org.evosuite.runtime.instrumentation.EvoClassLoader - Keeping class: net.sf.saxon.s9api.streams.Step$4
13:35:05.892 [main] INFO org.evosuite.runtime.instrumentation.EvoClassLoader - Seeing class for first time: net.sf.saxon.s9api.streams.Step$1
13:35:05.892 [main] INFO org.evosuite.runtime.instrumentation.EvoClassLoader - Instrumenting class 'net.sf.saxon.s9api.streams.Step$1'.
13:35:05.893 [main] INFO org.evosuite.runtime.instrumentation.MethodCallReplacementClassAdapter - Adding mock interface to class net/sf/saxon/s9api/streams/Step$1
13:35:05.894 [main] INFO org.evosuite.runtime.instrumentation.EvoClassLoader - Keeping class: net.sf.saxon.s9api.streams.Step$1
13:35:05.894 [main] INFO org.evosuite.runtime.instrumentation.EvoClassLoader - Seeing class for first time: net.sf.saxon.s9api.streams.Step$6
13:35:05.894 [main] INFO org.evosuite.runtime.instrumentation.EvoClassLoader - Instrumenting class 'net.sf.saxon.s9api.streams.Step$6'.
13:35:05.895 [main] INFO org.evosuite.runtime.instrumentation.MethodCallReplacementClassAdapter - Adding mock interface to class net/sf/saxon/s9api/streams/Step$6
13:35:05.895 [main] INFO org.evosuite.runtime.instrumentation.EvoClassLoader - Keeping class: net.sf.saxon.s9api.streams.Step$6
13:35:05.895 [main] INFO org.evosuite.runtime.instrumentation.EvoClassLoader - Seeing class for first time: net.sf.saxon.s9api.streams.Step$2
13:35:05.895 [main] INFO org.evosuite.runtime.instrumentation.EvoClassLoader - Instrumenting class 'net.sf.saxon.s9api.streams.Step$2'.
13:35:05.896 [main] INFO org.evosuite.runtime.instrumentation.MethodCallReplacementClassAdapter - Adding mock interface to class net/sf/saxon/s9api/streams/Step$2
13:35:05.897 [main] INFO org.evosuite.runtime.instrumentation.EvoClassLoader - Keeping class: net.sf.saxon.s9api.streams.Step$2
13:35:05.897 [main] INFO org.evosuite.runtime.instrumentation.EvoClassLoader - Seeing class for first time: net.sf.saxon.s9api.streams.Step$3
13:35:05.897 [main] INFO org.evosuite.runtime.instrumentation.EvoClassLoader - Instrumenting class 'net.sf.saxon.s9api.streams.Step$3'.
13:35:05.898 [main] INFO org.evosuite.runtime.instrumentation.MethodCallReplacementClassAdapter - Adding mock interface to class net/sf/saxon/s9api/streams/Step$3
13:35:05.899 [main] INFO org.evosuite.runtime.instrumentation.EvoClassLoader - Keeping class: net.sf.saxon.s9api.streams.Step$3
13:35:05.903 [main] INFO org.evosuite.runtime.instrumentation.EvoClassLoader - Seeing class for first time: net.sf.saxon.s9api.streams.XdmCollectors
13:35:05.904 [main] INFO org.evosuite.runtime.instrumentation.EvoClassLoader - Instrumenting class 'net.sf.saxon.s9api.streams.XdmCollectors'.
13:35:05.904 [main] INFO org.evosuite.runtime.instrumentation.MethodCallReplacementClassAdapter - Adding mock interface to class net/sf/saxon/s9api/streams/XdmCollectors
13:35:05.905 [main] INFO org.evosuite.runtime.instrumentation.CreateClassResetClassAdapter - Creating brand-new static initializer in class net/sf/saxon/s9api/streams/XdmCollectors
13:35:05.905 [main] INFO org.evosuite.runtime.instrumentation.EvoClassLoader - Keeping class: net.sf.saxon.s9api.streams.XdmCollectors
13:35:05.905 [main] INFO org.evosuite.runtime.instrumentation.EvoClassLoader - Seeing class for first time: net.sf.saxon.s9api.streams.XdmCollectors$XdmCollector
13:35:05.905 [main] INFO org.evosuite.runtime.instrumentation.EvoClassLoader - Instrumenting class 'net.sf.saxon.s9api.streams.XdmCollectors$XdmCollector'.
13:35:05.907 [main] INFO org.evosuite.runtime.instrumentation.MethodCallReplacementClassAdapter - Adding mock interface to class net/sf/saxon/s9api/streams/XdmCollectors$XdmCollector
13:35:05.908 [main] INFO org.evosuite.runtime.instrumentation.CreateClassResetClassAdapter - Creating brand-new static initializer in class net/sf/saxon/s9api/streams/XdmCollectors$XdmCollector
13:35:05.908 [main] INFO org.evosuite.runtime.instrumentation.EvoClassLoader - Keeping class: net.sf.saxon.s9api.streams.XdmCollectors$XdmCollector
13:35:05.908 [main] INFO org.evosuite.runtime.instrumentation.EvoClassLoader - Seeing class for first time: net.sf.saxon.s9api.streams.XdmCollectors$9
13:35:05.908 [main] INFO org.evosuite.runtime.instrumentation.EvoClassLoader - Instrumenting class 'net.sf.saxon.s9api.streams.XdmCollectors$9'.
13:35:05.909 [main] INFO org.evosuite.runtime.instrumentation.MethodCallReplacementClassAdapter - Adding mock interface to class net/sf/saxon/s9api/streams/XdmCollectors$9
13:35:05.910 [main] INFO org.evosuite.runtime.instrumentation.EvoClassLoader - Keeping class: net.sf.saxon.s9api.streams.XdmCollectors$9
13:35:05.910 [main] INFO org.evosuite.runtime.instrumentation.EvoClassLoader - Seeing class for first time: net.sf.saxon.s9api.streams.XdmCollectors$7
13:35:05.910 [main] INFO org.evosuite.runtime.instrumentation.EvoClassLoader - Instrumenting class 'net.sf.saxon.s9api.streams.XdmCollectors$7'.
13:35:05.910 [main] INFO org.evosuite.runtime.instrumentation.MethodCallReplacementClassAdapter - Adding mock interface to class net/sf/saxon/s9api/streams/XdmCollectors$7
13:35:05.911 [main] INFO org.evosuite.runtime.instrumentation.EvoClassLoader - Keeping class: net.sf.saxon.s9api.streams.XdmCollectors$7
13:35:05.911 [main] INFO org.evosuite.runtime.instrumentation.EvoClassLoader - Seeing class for first time: net.sf.saxon.s9api.streams.XdmCollectors$4
13:35:05.911 [main] INFO org.evosuite.runtime.instrumentation.EvoClassLoader - Instrumenting class 'net.sf.saxon.s9api.streams.XdmCollectors$4'.
13:35:05.912 [main] INFO org.evosuite.runtime.instrumentation.MethodCallReplacementClassAdapter - Adding mock interface to class net/sf/saxon/s9api/streams/XdmCollectors$4
13:35:05.913 [main] INFO org.evosuite.runtime.instrumentation.EvoClassLoader - Keeping class: net.sf.saxon.s9api.streams.XdmCollectors$4
13:35:05.913 [main] INFO org.evosuite.runtime.instrumentation.EvoClassLoader - Seeing class for first time: net.sf.saxon.s9api.streams.XdmCollectors$1
13:35:05.913 [main] INFO org.evosuite.runtime.instrumentation.EvoClassLoader - Instrumenting class 'net.sf.saxon.s9api.streams.XdmCollectors$1'.
13:35:05.914 [main] INFO org.evosuite.runtime.instrumentation.MethodCallReplacementClassAdapter - Adding mock interface to class net/sf/saxon/s9api/streams/XdmCollectors$1
13:35:05.915 [main] INFO org.evosuite.runtime.instrumentation.EvoClassLoader - Keeping class: net.sf.saxon.s9api.streams.XdmCollectors$1
13:35:05.915 [main] INFO org.evosuite.runtime.instrumentation.EvoClassLoader - Seeing class for first time: net.sf.saxon.s9api.streams.XdmCollectors$3
13:35:05.915 [main] INFO org.evosuite.runtime.instrumentation.EvoClassLoader - Instrumenting class 'net.sf.saxon.s9api.streams.XdmCollectors$3'.
13:35:05.916 [main] INFO org.evosuite.runtime.instrumentation.MethodCallReplacementClassAdapter - Adding mock interface to class net/sf/saxon/s9api/streams/XdmCollectors$3
13:35:05.917 [main] INFO org.evosuite.runtime.instrumentation.EvoClassLoader - Keeping class: net.sf.saxon.s9api.streams.XdmCollectors$3
13:35:05.917 [main] INFO org.evosuite.runtime.instrumentation.EvoClassLoader - Seeing class for first time: net.sf.saxon.s9api.streams.XdmCollectors$2
13:35:05.917 [main] INFO org.evosuite.runtime.instrumentation.EvoClassLoader - Instrumenting class 'net.sf.saxon.s9api.streams.XdmCollectors$2'.
13:35:05.917 [main] INFO org.evosuite.runtime.instrumentation.MethodCallReplacementClassAdapter - Adding mock interface to class net/sf/saxon/s9api/streams/XdmCollectors$2
13:35:05.918 [main] INFO org.evosuite.runtime.instrumentation.EvoClassLoader - Keeping class: net.sf.saxon.s9api.streams.XdmCollectors$2
13:35:05.918 [main] INFO org.evosuite.runtime.instrumentation.EvoClassLoader - Seeing class for first time: net.sf.saxon.s9api.streams.XdmCollectors$5
13:35:05.918 [main] INFO org.evosuite.runtime.instrumentation.EvoClassLoader - Instrumenting class 'net.sf.saxon.s9api.streams.XdmCollectors$5'.
13:35:05.919 [main] INFO org.evosuite.runtime.instrumentation.MethodCallReplacementClassAdapter - Adding mock interface to class net/sf/saxon/s9api/streams/XdmCollectors$5
13:35:05.919 [main] INFO org.evosuite.runtime.instrumentation.EvoClassLoader - Keeping class: net.sf.saxon.s9api.streams.XdmCollectors$5
13:35:05.920 [main] INFO org.evosuite.runtime.instrumentation.EvoClassLoader - Seeing class for first time: net.sf.saxon.s9api.streams.XdmCollectors$6
13:35:05.920 [main] INFO org.evosuite.runtime.instrumentation.EvoClassLoader - Instrumenting class 'net.sf.saxon.s9api.streams.XdmCollectors$6'.
13:35:05.921 [main] INFO org.evosuite.runtime.instrumentation.MethodCallReplacementClassAdapter - Adding mock interface to class net/sf/saxon/s9api/streams/XdmCollectors$6
13:35:05.921 [main] INFO org.evosuite.runtime.instrumentation.EvoClassLoader - Keeping class: net.sf.saxon.s9api.streams.XdmCollectors$6
13:35:05.921 [main] INFO org.evosuite.runtime.instrumentation.EvoClassLoader - Seeing class for first time: net.sf.saxon.s9api.streams.XdmCollectors$8
13:35:05.921 [main] INFO org.evosuite.runtime.instrumentation.EvoClassLoader - Instrumenting class 'net.sf.saxon.s9api.streams.XdmCollectors$8'.
13:35:05.922 [main] INFO org.evosuite.runtime.instrumentation.MethodCallReplacementClassAdapter - Adding mock interface to class net/sf/saxon/s9api/streams/XdmCollectors$8
13:35:05.923 [main] INFO org.evosuite.runtime.instrumentation.EvoClassLoader - Keeping class: net.sf.saxon.s9api.streams.XdmCollectors$8
13:35:05.924 [main] INFO org.evosuite.runtime.instrumentation.EvoClassLoader - Seeing class for first time: net.sf.saxon.resource.AbstractResourceCollection$InputDetails
13:35:05.924 [main] INFO org.evosuite.runtime.instrumentation.EvoClassLoader - Instrumenting class 'net.sf.saxon.resource.AbstractResourceCollection$InputDetails'.
13:35:05.925 [main] INFO org.evosuite.runtime.instrumentation.MethodCallReplacementClassAdapter - Adding mock interface to class net/sf/saxon/resource/AbstractResourceCollection$InputDetails
13:35:05.925 [main] INFO org.evosuite.runtime.instrumentation.CreateClassResetClassAdapter - Creating brand-new static initializer in class net/sf/saxon/resource/AbstractResourceCollection$InputDetails
13:35:05.925 [main] INFO org.evosuite.runtime.instrumentation.EvoClassLoader - Keeping class: net.sf.saxon.resource.AbstractResourceCollection$InputDetails
13:35:05.925 [main] INFO org.evosuite.runtime.instrumentation.EvoClassLoader - Seeing class for first time: net.sf.saxon.resource.AbstractResourceCollection
13:35:05.925 [main] INFO org.evosuite.runtime.instrumentation.EvoClassLoader - Instrumenting class 'net.sf.saxon.resource.AbstractResourceCollection'.
13:35:05.926 [main] INFO org.evosuite.runtime.instrumentation.MethodCallReplacementClassAdapter - Adding mock interface to class net/sf/saxon/resource/AbstractResourceCollection
13:35:05.933 [main] INFO org.evosuite.runtime.instrumentation.CreateClassResetClassAdapter - Creating brand-new static initializer in class net/sf/saxon/resource/AbstractResourceCollection
13:35:05.933 [main] INFO org.evosuite.runtime.instrumentation.EvoClassLoader - Keeping class: net.sf.saxon.resource.AbstractResourceCollection
13:35:05.934 [main] INFO org.evosuite.runtime.instrumentation.EvoClassLoader - Seeing class for first time: net.sf.saxon.tree.iter.AtomicIterator
13:35:05.934 [main] INFO org.evosuite.runtime.instrumentation.EvoClassLoader - Instrumenting class 'net.sf.saxon.tree.iter.AtomicIterator'.
13:35:05.935 [main] INFO org.evosuite.runtime.instrumentation.EvoClassLoader - Keeping class: net.sf.saxon.tree.iter.AtomicIterator
13:35:05.935 [main] INFO org.evosuite.runtime.instrumentation.EvoClassLoader - Seeing class for first time: net.sf.saxon.trans.NoDynamicContextException
13:35:05.935 [main] INFO org.evosuite.runtime.instrumentation.EvoClassLoader - Instrumenting class 'net.sf.saxon.trans.NoDynamicContextException'.
13:35:05.936 [main] INFO org.evosuite.runtime.instrumentation.MethodCallReplacementClassAdapter - Adding mock interface to class net/sf/saxon/trans/NoDynamicContextException
13:35:05.937 [main] INFO org.evosuite.runtime.instrumentation.CreateClassResetClassAdapter - Creating brand-new static initializer in class net/sf/saxon/trans/NoDynamicContextException
13:35:05.937 [main] INFO org.evosuite.runtime.instrumentation.EvoClassLoader - Keeping class: net.sf.saxon.trans.NoDynamicContextException
13:35:05.937 [main] INFO org.evosuite.runtime.instrumentation.EvoClassLoader - Seeing class for first time: net.sf.saxon.functions.AccessorFn$Component
13:35:05.937 [main] INFO org.evosuite.runtime.instrumentation.EvoClassLoader - Instrumenting class 'net.sf.saxon.functions.AccessorFn$Component'.
13:35:05.938 [main] INFO org.evosuite.runtime.instrumentation.MethodCallReplacementClassAdapter - Adding mock interface to class net/sf/saxon/functions/AccessorFn$Component
13:35:05.939 [main] INFO org.evosuite.runtime.instrumentation.CreateClassResetClassAdapter - Found static initializer in class net/sf/saxon/functions/AccessorFn$Component
13:35:05.939 [main] INFO org.evosuite.runtime.instrumentation.EvoClassLoader - Keeping class: net.sf.saxon.functions.AccessorFn$Component
13:35:05.939 [main] INFO org.evosuite.runtime.instrumentation.EvoClassLoader - Seeing class for first time: net.sf.saxon.tree.iter.SingleAtomicIterator
13:35:05.939 [main] INFO org.evosuite.runtime.instrumentation.EvoClassLoader - Instrumenting class 'net.sf.saxon.tree.iter.SingleAtomicIterator'.
13:35:05.940 [main] INFO org.evosuite.runtime.instrumentation.MethodCallReplacementClassAdapter - Adding mock interface to class net/sf/saxon/tree/iter/SingleAtomicIterator
13:35:05.942 [main] INFO org.evosuite.runtime.instrumentation.CreateClassResetClassAdapter - Creating brand-new static initializer in class net/sf/saxon/tree/iter/SingleAtomicIterator
13:35:05.942 [main] INFO org.evosuite.runtime.instrumentation.EvoClassLoader - Seeing class for first time: net.sf.saxon.tree.iter.ReversibleIterator
13:35:05.942 [main] INFO org.evosuite.runtime.instrumentation.EvoClassLoader - Instrumenting class 'net.sf.saxon.tree.iter.ReversibleIterator'.
13:35:05.943 [main] INFO org.evosuite.runtime.instrumentation.EvoClassLoader - Keeping class: net.sf.saxon.tree.iter.ReversibleIterator
13:35:05.943 [main] INFO org.evosuite.runtime.instrumentation.EvoClassLoader - Seeing class for first time: net.sf.saxon.expr.LastPositionFinder
13:35:05.943 [main] INFO org.evosuite.runtime.instrumentation.EvoClassLoader - Instrumenting class 'net.sf.saxon.expr.LastPositionFinder'.
13:35:05.944 [main] INFO org.evosuite.runtime.instrumentation.EvoClassLoader - Keeping class: net.sf.saxon.expr.LastPositionFinder
13:35:05.944 [main] INFO org.evosuite.runtime.instrumentation.EvoClassLoader - Seeing class for first time: net.sf.saxon.tree.iter.GroundedIterator
13:35:05.944 [main] INFO org.evosuite.runtime.instrumentation.EvoClassLoader - Instrumenting class 'net.sf.saxon.tree.iter.GroundedIterator'.
13:35:05.944 [main] INFO org.evosuite.runtime.instrumentation.EvoClassLoader - Keeping class: net.sf.saxon.tree.iter.GroundedIterator
13:35:05.944 [main] INFO org.evosuite.runtime.instrumentation.EvoClassLoader - Seeing class for first time: net.sf.saxon.tree.iter.LookaheadIterator
13:35:05.944 [main] INFO org.evosuite.runtime.instrumentation.EvoClassLoader - Instrumenting class 'net.sf.saxon.tree.iter.LookaheadIterator'.
13:35:05.945 [main] INFO org.evosuite.runtime.instrumentation.EvoClassLoader - Keeping class: net.sf.saxon.tree.iter.LookaheadIterator
13:35:05.945 [main] INFO org.evosuite.runtime.instrumentation.EvoClassLoader - Keeping class: net.sf.saxon.tree.iter.SingleAtomicIterator
13:35:05.945 [main] INFO org.evosuite.runtime.instrumentation.EvoClassLoader - Seeing class for first time: net.sf.saxon.type.UType
13:35:05.945 [main] INFO org.evosuite.runtime.instrumentation.EvoClassLoader - Instrumenting class 'net.sf.saxon.type.UType'.
13:35:05.946 [main] INFO org.evosuite.runtime.instrumentation.MethodCallReplacementClassAdapter - Adding mock interface to class net/sf/saxon/type/UType
13:35:05.948 [main] INFO org.evosuite.runtime.instrumentation.CreateClassResetClassAdapter - Found static initializer in class net/sf/saxon/type/UType
13:35:05.948 [main] INFO org.evosuite.runtime.instrumentation.EvoClassLoader - Keeping class: net.sf.saxon.type.UType
13:35:05.949 [main] INFO org.evosuite.runtime.instrumentation.EvoClassLoader - Seeing class for first time: net.sf.saxon.om.Genre
13:35:05.949 [main] INFO org.evosuite.runtime.instrumentation.EvoClassLoader - Instrumenting class 'net.sf.saxon.om.Genre'.
13:35:05.949 [main] INFO org.evosuite.runtime.instrumentation.MethodCallReplacementClassAdapter - Adding mock interface to class net/sf/saxon/om/Genre
13:35:05.949 [main] INFO org.evosuite.runtime.instrumentation.CreateClassResetClassAdapter - Found static initializer in class net/sf/saxon/om/Genre
13:35:05.950 [main] INFO org.evosuite.runtime.instrumentation.EvoClassLoader - Keeping class: net.sf.saxon.om.Genre
13:35:05.950 [main] INFO org.evosuite.runtime.instrumentation.EvoClassLoader - Seeing class for first time: net.sf.saxon.value.NumericValue
13:35:05.950 [main] INFO org.evosuite.runtime.instrumentation.EvoClassLoader - Instrumenting class 'net.sf.saxon.value.NumericValue'.
13:35:05.951 [main] INFO org.evosuite.runtime.instrumentation.MethodCallReplacementClassAdapter - Adding mock interface to class net/sf/saxon/value/NumericValue
13:35:05.951 [main] INFO org.evosuite.runtime.instrumentation.CreateClassResetClassAdapter - Creating brand-new static initializer in class net/sf/saxon/value/NumericValue
13:35:05.951 [main] INFO org.evosuite.runtime.instrumentation.EvoClassLoader - Keeping class: net.sf.saxon.value.NumericValue
13:35:05.952 [main] INFO org.evosuite.runtime.instrumentation.EvoClassLoader - Seeing class for first time: net.sf.saxon.value.DoubleValue
13:35:05.952 [main] INFO org.evosuite.runtime.instrumentation.EvoClassLoader - Instrumenting class 'net.sf.saxon.value.DoubleValue'.
13:35:05.953 [main] INFO org.evosuite.runtime.instrumentation.MethodCallReplacementClassAdapter - Adding mock interface to class net/sf/saxon/value/DoubleValue
13:35:05.953 [main] INFO org.evosuite.runtime.instrumentation.CreateClassResetClassAdapter - Found static initializer in class net/sf/saxon/value/DoubleValue
13:35:05.954 [main] INFO org.evosuite.runtime.instrumentation.EvoClassLoader - Keeping class: net.sf.saxon.value.DoubleValue
13:35:05.955 [main] INFO org.evosuite.runtime.instrumentation.EvoClassLoader - Seeing class for first time: net.sf.saxon.type.AnySimpleType
13:35:05.955 [main] INFO org.evosuite.runtime.instrumentation.EvoClassLoader - Instrumenting class 'net.sf.saxon.type.AnySimpleType'.
13:35:05.955 [main] INFO org.evosuite.runtime.instrumentation.MethodCallReplacementClassAdapter - Adding mock interface to class net/sf/saxon/type/AnySimpleType
13:35:05.956 [main] INFO org.evosuite.runtime.instrumentation.CreateClassResetClassAdapter - Found static initializer in class net/sf/saxon/type/AnySimpleType
13:35:05.956 [main] INFO org.evosuite.runtime.instrumentation.EvoClassLoader - Keeping class: net.sf.saxon.type.AnySimpleType
13:35:05.957 [main] INFO org.evosuite.runtime.instrumentation.EvoClassLoader - Seeing class for first time: net.sf.saxon.type.ValidationFailure
13:35:05.957 [main] INFO org.evosuite.runtime.instrumentation.EvoClassLoader - Instrumenting class 'net.sf.saxon.type.ValidationFailure'.
13:35:05.958 [main] INFO org.evosuite.runtime.instrumentation.MethodCallReplacementClassAdapter - Adding mock interface to class net/sf/saxon/type/ValidationFailure
13:35:05.959 [main] INFO org.evosuite.runtime.instrumentation.CreateClassResetClassAdapter - Creating brand-new static initializer in class net/sf/saxon/type/ValidationFailure
13:35:05.959 [main] INFO org.evosuite.runtime.instrumentation.EvoClassLoader - Seeing class for first time: net.sf.saxon.lib.Invalidity
13:35:05.959 [main] INFO org.evosuite.runtime.instrumentation.EvoClassLoader - Instrumenting class 'net.sf.saxon.lib.Invalidity'.
13:35:05.960 [main] INFO org.evosuite.runtime.instrumentation.EvoClassLoader - Keeping class: net.sf.saxon.lib.Invalidity
13:35:05.960 [main] INFO org.evosuite.runtime.instrumentation.EvoClassLoader - Keeping class: net.sf.saxon.type.ValidationFailure
13:35:05.961 [main] INFO org.evosuite.runtime.instrumentation.EvoClassLoader - Seeing class for first time: net.sf.saxon.tree.tiny.NodeVectorTree
13:35:05.961 [main] INFO org.evosuite.runtime.instrumentation.EvoClassLoader - Instrumenting class 'net.sf.saxon.tree.tiny.NodeVectorTree'.
13:35:05.962 [main] INFO org.evosuite.runtime.instrumentation.EvoClassLoader - Keeping class: net.sf.saxon.tree.tiny.NodeVectorTree
13:35:05.962 [main] INFO org.evosuite.runtime.instrumentation.EvoClassLoader - Seeing class for first time: net.sf.saxon.type.AnyItemType
13:35:05.962 [main] INFO org.evosuite.runtime.instrumentation.EvoClassLoader - Instrumenting class 'net.sf.saxon.type.AnyItemType'.
13:35:05.963 [main] INFO org.evosuite.runtime.instrumentation.MethodCallReplacementClassAdapter - Adding mock interface to class net/sf/saxon/type/AnyItemType
13:35:05.963 [main] INFO org.evosuite.runtime.instrumentation.CreateClassResetClassAdapter - Found static initializer in class net/sf/saxon/type/AnyItemType
13:35:05.964 [main] INFO org.evosuite.runtime.instrumentation.EvoClassLoader - Keeping class: net.sf.saxon.type.AnyItemType
13:35:05.964 [main] INFO org.evosuite.runtime.instrumentation.EvoClassLoader - Seeing class for first time: net.sf.saxon.type.Type
13:35:05.964 [main] INFO org.evosuite.runtime.instrumentation.EvoClassLoader - Instrumenting class 'net.sf.saxon.type.Type'.
13:35:05.966 [main] INFO org.evosuite.runtime.instrumentation.MethodCallReplacementClassAdapter - Adding mock interface to class net/sf/saxon/type/Type
13:35:05.969 [main] INFO org.evosuite.runtime.instrumentation.CreateClassResetClassAdapter - Found static initializer in class net/sf/saxon/type/Type
13:35:05.970 [main] INFO org.evosuite.runtime.instrumentation.EvoClassLoader - Keeping class: net.sf.saxon.type.Type
13:35:05.971 [main] INFO org.evosuite.runtime.instrumentation.EvoClassLoader - Seeing class for first time: net.sf.saxon.pattern.ContentTypeTest
13:35:05.971 [main] INFO org.evosuite.runtime.instrumentation.EvoClassLoader - Instrumenting class 'net.sf.saxon.pattern.ContentTypeTest'.
13:35:05.972 [main] INFO org.evosuite.runtime.instrumentation.MethodCallReplacementClassAdapter - Adding mock interface to class net/sf/saxon/pattern/ContentTypeTest
13:35:05.973 [main] INFO org.evosuite.runtime.instrumentation.CreateClassResetClassAdapter - Found static initializer in class net/sf/saxon/pattern/ContentTypeTest
13:35:05.973 [main] INFO org.evosuite.runtime.instrumentation.EvoClassLoader - Keeping class: net.sf.saxon.pattern.ContentTypeTest
13:35:05.973 [main] INFO org.evosuite.runtime.instrumentation.EvoClassLoader - Seeing class for first time: net.sf.saxon.pattern.SameNameTest
13:35:05.973 [main] INFO org.evosuite.runtime.instrumentation.EvoClassLoader - Instrumenting class 'net.sf.saxon.pattern.SameNameTest'.
13:35:05.974 [main] INFO org.evosuite.runtime.instrumentation.MethodCallReplacementClassAdapter - Adding mock interface to class net/sf/saxon/pattern/SameNameTest
13:35:05.975 [main] INFO org.evosuite.runtime.instrumentation.CreateClassResetClassAdapter - Creating brand-new static initializer in class net/sf/saxon/pattern/SameNameTest
13:35:05.976 [main] INFO org.evosuite.runtime.instrumentation.EvoClassLoader - Keeping class: net.sf.saxon.pattern.SameNameTest
13:35:05.976 [main] INFO org.evosuite.runtime.instrumentation.EvoClassLoader - Seeing class for first time: net.sf.saxon.type.PrimitiveUType
13:35:05.976 [main] INFO org.evosuite.runtime.instrumentation.EvoClassLoader - Instrumenting class 'net.sf.saxon.type.PrimitiveUType'.
13:35:05.977 [main] INFO org.evosuite.runtime.instrumentation.MethodCallReplacementClassAdapter - Adding mock interface to class net/sf/saxon/type/PrimitiveUType
13:35:05.978 [main] INFO org.evosuite.runtime.instrumentation.CreateClassResetClassAdapter - Found static initializer in class net/sf/saxon/type/PrimitiveUType
13:35:05.979 [main] INFO org.evosuite.runtime.instrumentation.EvoClassLoader - Keeping class: net.sf.saxon.type.PrimitiveUType
13:35:05.980 [main] INFO org.evosuite.runtime.instrumentation.EvoClassLoader - Seeing class for first time: net.sf.saxon.type.AnyType
13:35:05.980 [main] INFO org.evosuite.runtime.instrumentation.EvoClassLoader - Instrumenting class 'net.sf.saxon.type.AnyType'.
13:35:05.981 [main] INFO org.evosuite.runtime.instrumentation.MethodCallReplacementClassAdapter - Adding mock interface to class net/sf/saxon/type/AnyType
13:35:05.981 [main] INFO org.evosuite.runtime.instrumentation.CreateClassResetClassAdapter - Found static initializer in class net/sf/saxon/type/AnyType
13:35:05.982 [main] INFO org.evosuite.runtime.instrumentation.EvoClassLoader - Keeping class: net.sf.saxon.type.AnyType
13:35:05.984 [main] INFO org.evosuite.runtime.instrumentation.EvoClassLoader - Seeing class for first time: net.sf.saxon.type.NumericType
13:35:05.984 [main] INFO org.evosuite.runtime.instrumentation.EvoClassLoader - Instrumenting class 'net.sf.saxon.type.NumericType'.
13:35:05.985 [main] INFO org.evosuite.runtime.instrumentation.MethodCallReplacementClassAdapter - Adding mock interface to class net/sf/saxon/type/NumericType
13:35:05.985 [main] INFO org.evosuite.runtime.instrumentation.CreateClassResetClassAdapter - Found static initializer in class net/sf/saxon/type/NumericType
13:35:05.986 [main] INFO org.evosuite.runtime.instrumentation.EvoClassLoader - Keeping class: net.sf.saxon.type.NumericType
13:35:05.987 [main] INFO org.evosuite.runtime.instrumentation.EvoClassLoader - Seeing class for first time: net.sf.saxon.type.BuiltInType
13:35:05.987 [main] INFO org.evosuite.runtime.instrumentation.EvoClassLoader - Instrumenting class 'net.sf.saxon.type.BuiltInType'.
13:35:05.988 [main] INFO org.evosuite.runtime.instrumentation.MethodCallReplacementClassAdapter - Adding mock interface to class net/sf/saxon/type/BuiltInType
13:35:05.988 [main] INFO org.evosuite.runtime.instrumentation.CreateClassResetClassAdapter - Found static initializer in class net/sf/saxon/type/BuiltInType
13:35:05.988 [main] INFO org.evosuite.runtime.instrumentation.EvoClassLoader - Keeping class: net.sf.saxon.type.BuiltInType
13:35:05.989 [main] INFO org.evosuite.runtime.instrumentation.EvoClassLoader - Seeing class for first time: net.sf.saxon.om.FingerprintedQName
13:35:05.989 [main] INFO org.evosuite.runtime.instrumentation.EvoClassLoader - Instrumenting class 'net.sf.saxon.om.FingerprintedQName'.
13:35:05.989 [main] INFO org.evosuite.runtime.instrumentation.MethodCallReplacementClassAdapter - Adding mock interface to class net/sf/saxon/om/FingerprintedQName
13:35:05.991 [main] INFO org.evosuite.runtime.instrumentation.CreateClassResetClassAdapter - Creating brand-new static initializer in class net/sf/saxon/om/FingerprintedQName
13:35:05.991 [main] INFO org.evosuite.runtime.instrumentation.EvoClassLoader - Keeping class: net.sf.saxon.om.FingerprintedQName
13:35:05.992 [main] INFO org.evosuite.runtime.instrumentation.EvoClassLoader - Seeing class for first time: net.sf.saxon.om.StandardNames
13:35:05.992 [main] INFO org.evosuite.runtime.instrumentation.EvoClassLoader - Instrumenting class 'net.sf.saxon.om.StandardNames'.
13:35:05.994 [main] INFO org.evosuite.runtime.instrumentation.MethodCallReplacementClassAdapter - Adding mock interface to class net/sf/saxon/om/StandardNames
13:35:05.996 [main] INFO org.evosuite.runtime.instrumentation.CreateClassResetClassAdapter - Found static initializer in class net/sf/saxon/om/StandardNames
13:35:06.000 [main] INFO org.evosuite.runtime.instrumentation.EvoClassLoader - Keeping class: net.sf.saxon.om.StandardNames
13:35:06.007 [main] INFO org.evosuite.runtime.instrumentation.EvoClassLoader - Seeing class for first time: net.sf.saxon.type.StringConverter$StringToString
13:35:06.007 [main] INFO org.evosuite.runtime.instrumentation.EvoClassLoader - Instrumenting class 'net.sf.saxon.type.StringConverter$StringToString'.
13:35:06.008 [main] INFO org.evosuite.runtime.instrumentation.MethodCallReplacementClassAdapter - Adding mock interface to class net/sf/saxon/type/StringConverter$StringToString
13:35:06.008 [main] INFO org.evosuite.runtime.instrumentation.CreateClassResetClassAdapter - Found static initializer in class net/sf/saxon/type/StringConverter$StringToString
13:35:06.008 [main] INFO org.evosuite.runtime.instrumentation.EvoClassLoader - Keeping class: net.sf.saxon.type.StringConverter$StringToString
13:35:06.008 [main] INFO org.evosuite.runtime.instrumentation.EvoClassLoader - Seeing class for first time: net.sf.saxon.type.StringConverter$StringToUnionConverter
13:35:06.008 [main] INFO org.evosuite.runtime.instrumentation.EvoClassLoader - Instrumenting class 'net.sf.saxon.type.StringConverter$StringToUnionConverter'.
13:35:06.009 [main] INFO org.evosuite.runtime.instrumentation.MethodCallReplacementClassAdapter - Adding mock interface to class net/sf/saxon/type/StringConverter$StringToUnionConverter
13:35:06.010 [main] INFO org.evosuite.runtime.instrumentation.CreateClassResetClassAdapter - Creating brand-new static initializer in class net/sf/saxon/type/StringConverter$StringToUnionConverter
13:35:06.010 [main] INFO org.evosuite.runtime.instrumentation.EvoClassLoader - Keeping class: net.sf.saxon.type.StringConverter$StringToUnionConverter
13:35:06.011 [main] INFO org.evosuite.runtime.instrumentation.EvoClassLoader - Seeing class for first time: net.sf.saxon.type.StringConverter$StringToAnyURI
13:35:06.011 [main] INFO org.evosuite.runtime.instrumentation.EvoClassLoader - Instrumenting class 'net.sf.saxon.type.StringConverter$StringToAnyURI'.
13:35:06.011 [main] INFO org.evosuite.runtime.instrumentation.MethodCallReplacementClassAdapter - Adding mock interface to class net/sf/saxon/type/StringConverter$StringToAnyURI
13:35:06.012 [main] INFO org.evosuite.runtime.instrumentation.CreateClassResetClassAdapter - Creating brand-new static initializer in class net/sf/saxon/type/StringConverter$StringToAnyURI
13:35:06.012 [main] INFO org.evosuite.runtime.instrumentation.EvoClassLoader - Keeping class: net.sf.saxon.type.StringConverter$StringToAnyURI
13:35:06.012 [main] INFO org.evosuite.runtime.instrumentation.EvoClassLoader - Seeing class for first time: net.sf.saxon.type.StringConverter$StringToNotation
13:35:06.012 [main] INFO org.evosuite.runtime.instrumentation.EvoClassLoader - Instrumenting class 'net.sf.saxon.type.StringConverter$StringToNotation'.
13:35:06.013 [main] INFO org.evosuite.runtime.instrumentation.MethodCallReplacementClassAdapter - Adding mock interface to class net/sf/saxon/type/StringConverter$StringToNotation
13:35:06.013 [main] INFO org.evosuite.runtime.instrumentation.CreateClassResetClassAdapter - Creating brand-new static initializer in class net/sf/saxon/type/StringConverter$StringToNotation
13:35:06.014 [main] INFO org.evosuite.runtime.instrumentation.EvoClassLoader - Keeping class: net.sf.saxon.type.StringConverter$StringToNotation
13:35:06.014 [main] INFO org.evosuite.runtime.instrumentation.EvoClassLoader - Seeing class for first time: net.sf.saxon.type.StringConverter$StringToQName
13:35:06.014 [main] INFO org.evosuite.runtime.instrumentation.EvoClassLoader - Instrumenting class 'net.sf.saxon.type.StringConverter$StringToQName'.
13:35:06.015 [main] INFO org.evosuite.runtime.instrumentation.MethodCallReplacementClassAdapter - Adding mock interface to class net/sf/saxon/type/StringConverter$StringToQName
13:35:06.016 [main] INFO org.evosuite.runtime.instrumentation.CreateClassResetClassAdapter - Creating brand-new static initializer in class net/sf/saxon/type/StringConverter$StringToQName
13:35:06.016 [main] INFO org.evosuite.runtime.instrumentation.EvoClassLoader - Keeping class: net.sf.saxon.type.StringConverter$StringToQName
13:35:06.016 [main] INFO org.evosuite.runtime.instrumentation.EvoClassLoader - Seeing class for first time: net.sf.saxon.type.StringConverter$StringToBase64Binary
13:35:06.016 [main] INFO org.evosuite.runtime.instrumentation.EvoClassLoader - Instrumenting class 'net.sf.saxon.type.StringConverter$StringToBase64Binary'.
13:35:06.017 [main] INFO org.evosuite.runtime.instrumentation.MethodCallReplacementClassAdapter - Adding mock interface to class net/sf/saxon/type/StringConverter$StringToBase64Binary
13:35:06.018 [main] INFO org.evosuite.runtime.instrumentation.CreateClassResetClassAdapter - Found static initializer in class net/sf/saxon/type/StringConverter$StringToBase64Binary
13:35:06.018 [main] INFO org.evosuite.runtime.instrumentation.EvoClassLoader - Keeping class: net.sf.saxon.type.StringConverter$StringToBase64Binary
13:35:06.019 [main] INFO org.evosuite.runtime.instrumentation.EvoClassLoader - Seeing class for first time: net.sf.saxon.type.StringConverter$StringToHexBinary
13:35:06.019 [main] INFO org.evosuite.runtime.instrumentation.EvoClassLoader - Instrumenting class 'net.sf.saxon.type.StringConverter$StringToHexBinary'.
13:35:06.020 [main] INFO org.evosuite.runtime.instrumentation.MethodCallReplacementClassAdapter - Adding mock interface to class net/sf/saxon/type/StringConverter$StringToHexBinary
13:35:06.020 [main] INFO org.evosuite.runtime.instrumentation.CreateClassResetClassAdapter - Found static initializer in class net/sf/saxon/type/StringConverter$StringToHexBinary
13:35:06.021 [main] INFO org.evosuite.runtime.instrumentation.EvoClassLoader - Keeping class: net.sf.saxon.type.StringConverter$StringToHexBinary
13:35:06.021 [main] INFO org.evosuite.runtime.instrumentation.EvoClassLoader - Seeing class for first time: net.sf.saxon.type.StringConverter$StringToBoolean
13:35:06.021 [main] INFO org.evosuite.runtime.instrumentation.EvoClassLoader - Instrumenting class 'net.sf.saxon.type.StringConverter$StringToBoolean'.
13:35:06.021 [main] INFO org.evosuite.runtime.instrumentation.MethodCallReplacementClassAdapter - Adding mock interface to class net/sf/saxon/type/StringConverter$StringToBoolean
13:35:06.022 [main] INFO org.evosuite.runtime.instrumentation.CreateClassResetClassAdapter - Found static initializer in class net/sf/saxon/type/StringConverter$StringToBoolean
13:35:06.022 [main] INFO org.evosuite.runtime.instrumentation.EvoClassLoader - Keeping class: net.sf.saxon.type.StringConverter$StringToBoolean
13:35:06.022 [main] INFO org.evosuite.runtime.instrumentation.EvoClassLoader - Seeing class for first time: net.sf.saxon.type.StringConverter$StringToTime
13:35:06.022 [main] INFO org.evosuite.runtime.instrumentation.EvoClassLoader - Instrumenting class 'net.sf.saxon.type.StringConverter$StringToTime'.
13:35:06.023 [main] INFO org.evosuite.runtime.instrumentation.MethodCallReplacementClassAdapter - Adding mock interface to class net/sf/saxon/type/StringConverter$StringToTime
13:35:06.023 [main] INFO org.evosuite.runtime.instrumentation.CreateClassResetClassAdapter - Found static initializer in class net/sf/saxon/type/StringConverter$StringToTime
13:35:06.023 [main] INFO org.evosuite.runtime.instrumentation.EvoClassLoader - Keeping class: net.sf.saxon.type.StringConverter$StringToTime
13:35:06.024 [main] INFO org.evosuite.runtime.instrumentation.EvoClassLoader - Seeing class for first time: net.sf.saxon.type.StringConverter$StringToGDay
13:35:06.024 [main] INFO org.evosuite.runtime.instrumentation.EvoClassLoader - Instrumenting class 'net.sf.saxon.type.StringConverter$StringToGDay'.
13:35:06.024 [main] INFO org.evosuite.runtime.instrumentation.MethodCallReplacementClassAdapter - Adding mock interface to class net/sf/saxon/type/StringConverter$StringToGDay
13:35:06.025 [main] INFO org.evosuite.runtime.instrumentation.CreateClassResetClassAdapter - Found static initializer in class net/sf/saxon/type/StringConverter$StringToGDay
13:35:06.025 [main] INFO org.evosuite.runtime.instrumentation.EvoClassLoader - Keeping class: net.sf.saxon.type.StringConverter$StringToGDay
13:35:06.025 [main] INFO org.evosuite.runtime.instrumentation.EvoClassLoader - Seeing class for first time: net.sf.saxon.type.StringConverter$StringToGMonthDay
13:35:06.025 [main] INFO org.evosuite.runtime.instrumentation.EvoClassLoader - Instrumenting class 'net.sf.saxon.type.StringConverter$StringToGMonthDay'.
13:35:06.026 [main] INFO org.evosuite.runtime.instrumentation.MethodCallReplacementClassAdapter - Adding mock interface to class net/sf/saxon/type/StringConverter$StringToGMonthDay
13:35:06.026 [main] INFO org.evosuite.runtime.instrumentation.CreateClassResetClassAdapter - Found static initializer in class net/sf/saxon/type/StringConverter$StringToGMonthDay
13:35:06.026 [main] INFO org.evosuite.runtime.instrumentation.EvoClassLoader - Keeping class: net.sf.saxon.type.StringConverter$StringToGMonthDay
13:35:06.026 [main] INFO org.evosuite.runtime.instrumentation.EvoClassLoader - Seeing class for first time: net.sf.saxon.type.StringConverter$StringToGYear
13:35:06.026 [main] INFO org.evosuite.runtime.instrumentation.EvoClassLoader - Instrumenting class 'net.sf.saxon.type.StringConverter$StringToGYear'.
13:35:06.027 [main] INFO org.evosuite.runtime.instrumentation.MethodCallReplacementClassAdapter - Adding mock interface to class net/sf/saxon/type/StringConverter$StringToGYear
13:35:06.027 [main] INFO org.evosuite.runtime.instrumentation.CreateClassResetClassAdapter - Creating brand-new static initializer in class net/sf/saxon/type/StringConverter$StringToGYear
13:35:06.027 [main] INFO org.evosuite.runtime.instrumentation.EvoClassLoader - Keeping class: net.sf.saxon.type.StringConverter$StringToGYear
13:35:06.027 [main] INFO org.evosuite.runtime.instrumentation.EvoClassLoader - Seeing class for first time: net.sf.saxon.type.StringConverter$StringToGYearMonth
13:35:06.028 [main] INFO org.evosuite.runtime.instrumentation.EvoClassLoader - Instrumenting class 'net.sf.saxon.type.StringConverter$StringToGYearMonth'.
13:35:06.028 [main] INFO org.evosuite.runtime.instrumentation.MethodCallReplacementClassAdapter - Adding mock interface to class net/sf/saxon/type/StringConverter$StringToGYearMonth
13:35:06.028 [main] INFO org.evosuite.runtime.instrumentation.CreateClassResetClassAdapter - Creating brand-new static initializer in class net/sf/saxon/type/StringConverter$StringToGYearMonth
13:35:06.029 [main] INFO org.evosuite.runtime.instrumentation.EvoClassLoader - Keeping class: net.sf.saxon.type.StringConverter$StringToGYearMonth
13:35:06.029 [main] INFO org.evosuite.runtime.instrumentation.EvoClassLoader - Seeing class for first time: net.sf.saxon.type.StringConverter$StringToGMonth
13:35:06.029 [main] INFO org.evosuite.runtime.instrumentation.EvoClassLoader - Instrumenting class 'net.sf.saxon.type.StringConverter$StringToGMonth'.
13:35:06.029 [main] INFO org.evosuite.runtime.instrumentation.MethodCallReplacementClassAdapter - Adding mock interface to class net/sf/saxon/type/StringConverter$StringToGMonth
13:35:06.030 [main] INFO org.evosuite.runtime.instrumentation.CreateClassResetClassAdapter - Found static initializer in class net/sf/saxon/type/StringConverter$StringToGMonth
13:35:06.030 [main] INFO org.evosuite.runtime.instrumentation.EvoClassLoader - Keeping class: net.sf.saxon.type.StringConverter$StringToGMonth
13:35:06.030 [main] INFO org.evosuite.runtime.instrumentation.EvoClassLoader - Seeing class for first time: net.sf.saxon.type.StringConverter$StringToDate
13:35:06.030 [main] INFO org.evosuite.runtime.instrumentation.EvoClassLoader - Instrumenting class 'net.sf.saxon.type.StringConverter$StringToDate'.
13:35:06.031 [main] INFO org.evosuite.runtime.instrumentation.MethodCallReplacementClassAdapter - Adding mock interface to class net/sf/saxon/type/StringConverter$StringToDate
13:35:06.031 [main] INFO org.evosuite.runtime.instrumentation.CreateClassResetClassAdapter - Creating brand-new static initializer in class net/sf/saxon/type/StringConverter$StringToDate
13:35:06.031 [main] INFO org.evosuite.runtime.instrumentation.EvoClassLoader - Keeping class: net.sf.saxon.type.StringConverter$StringToDate
13:35:06.031 [main] INFO org.evosuite.runtime.instrumentation.EvoClassLoader - Seeing class for first time: net.sf.saxon.type.StringConverter$StringToDateTimeStamp
13:35:06.031 [main] INFO org.evosuite.runtime.instrumentation.EvoClassLoader - Instrumenting class 'net.sf.saxon.type.StringConverter$StringToDateTimeStamp'.
13:35:06.032 [main] INFO org.evosuite.runtime.instrumentation.MethodCallReplacementClassAdapter - Adding mock interface to class net/sf/saxon/type/StringConverter$StringToDateTimeStamp
13:35:06.033 [main] INFO org.evosuite.runtime.instrumentation.CreateClassResetClassAdapter - Creating brand-new static initializer in class net/sf/saxon/type/StringConverter$StringToDateTimeStamp
13:35:06.033 [main] INFO org.evosuite.runtime.instrumentation.EvoClassLoader - Keeping class: net.sf.saxon.type.StringConverter$StringToDateTimeStamp
13:35:06.033 [main] INFO org.evosuite.runtime.instrumentation.EvoClassLoader - Seeing class for first time: net.sf.saxon.type.StringConverter$StringToDateTime
13:35:06.033 [main] INFO org.evosuite.runtime.instrumentation.EvoClassLoader - Instrumenting class 'net.sf.saxon.type.StringConverter$StringToDateTime'.
13:35:06.034 [main] INFO org.evosuite.runtime.instrumentation.MethodCallReplacementClassAdapter - Adding mock interface to class net/sf/saxon/type/StringConverter$StringToDateTime
13:35:06.034 [main] INFO org.evosuite.runtime.instrumentation.CreateClassResetClassAdapter - Creating brand-new static initializer in class net/sf/saxon/type/StringConverter$StringToDateTime
13:35:06.035 [main] INFO org.evosuite.runtime.instrumentation.EvoClassLoader - Keeping class: net.sf.saxon.type.StringConverter$StringToDateTime
13:35:06.035 [main] INFO org.evosuite.runtime.instrumentation.EvoClassLoader - Seeing class for first time: net.sf.saxon.type.StringConverter$StringToYearMonthDuration
13:35:06.035 [main] INFO org.evosuite.runtime.instrumentation.EvoClassLoader - Instrumenting class 'net.sf.saxon.type.StringConverter$StringToYearMonthDuration'.
13:35:06.036 [main] INFO org.evosuite.runtime.instrumentation.MethodCallReplacementClassAdapter - Adding mock interface to class net/sf/saxon/type/StringConverter$StringToYearMonthDuration
13:35:06.036 [main] INFO org.evosuite.runtime.instrumentation.CreateClassResetClassAdapter - Found static initializer in class net/sf/saxon/type/StringConverter$StringToYearMonthDuration
13:35:06.036 [main] INFO org.evosuite.runtime.instrumentation.EvoClassLoader - Keeping class: net.sf.saxon.type.StringConverter$StringToYearMonthDuration
13:35:06.036 [main] INFO org.evosuite.runtime.instrumentation.EvoClassLoader - Seeing class for first time: net.sf.saxon.type.StringConverter$StringToDayTimeDuration
13:35:06.036 [main] INFO org.evosuite.runtime.instrumentation.EvoClassLoader - Instrumenting class 'net.sf.saxon.type.StringConverter$StringToDayTimeDuration'.
13:35:06.037 [main] INFO org.evosuite.runtime.instrumentation.MethodCallReplacementClassAdapter - Adding mock interface to class net/sf/saxon/type/StringConverter$StringToDayTimeDuration
13:35:06.038 [main] INFO org.evosuite.runtime.instrumentation.CreateClassResetClassAdapter - Found static initializer in class net/sf/saxon/type/StringConverter$StringToDayTimeDuration
13:35:06.038 [main] INFO org.evosuite.runtime.instrumentation.EvoClassLoader - Keeping class: net.sf.saxon.type.StringConverter$StringToDayTimeDuration
13:35:06.038 [main] INFO org.evosuite.runtime.instrumentation.EvoClassLoader - Seeing class for first time: net.sf.saxon.type.StringConverter$StringToDuration
13:35:06.038 [main] INFO org.evosuite.runtime.instrumentation.EvoClassLoader - Instrumenting class 'net.sf.saxon.type.StringConverter$StringToDuration'.
13:35:06.039 [main] INFO org.evosuite.runtime.instrumentation.MethodCallReplacementClassAdapter - Adding mock interface to class net/sf/saxon/type/StringConverter$StringToDuration
13:35:06.039 [main] INFO org.evosuite.runtime.instrumentation.CreateClassResetClassAdapter - Found static initializer in class net/sf/saxon/type/StringConverter$StringToDuration
13:35:06.039 [main] INFO org.evosuite.runtime.instrumentation.EvoClassLoader - Keeping class: net.sf.saxon.type.StringConverter$StringToDuration
13:35:06.040 [main] INFO org.evosuite.runtime.instrumentation.EvoClassLoader - Seeing class for first time: net.sf.saxon.type.StringConverter$StringToIntegerSubtype
13:35:06.040 [main] INFO org.evosuite.runtime.instrumentation.EvoClassLoader - Instrumenting class 'net.sf.saxon.type.StringConverter$StringToIntegerSubtype'.
13:35:06.040 [main] INFO org.evosuite.runtime.instrumentation.MethodCallReplacementClassAdapter - Adding mock interface to class net/sf/saxon/type/StringConverter$StringToIntegerSubtype
13:35:06.040 [main] INFO org.evosuite.runtime.instrumentation.CreateClassResetClassAdapter - Found static initializer in class net/sf/saxon/type/StringConverter$StringToIntegerSubtype
13:35:06.040 [main] INFO org.evosuite.runtime.instrumentation.EvoClassLoader - Keeping class: net.sf.saxon.type.StringConverter$StringToIntegerSubtype
13:35:06.040 [main] INFO org.evosuite.runtime.instrumentation.EvoClassLoader - Seeing class for first time: net.sf.saxon.type.StringConverter$StringToInteger
13:35:06.040 [main] INFO org.evosuite.runtime.instrumentation.EvoClassLoader - Instrumenting class 'net.sf.saxon.type.StringConverter$StringToInteger'.
13:35:06.041 [main] INFO org.evosuite.runtime.instrumentation.MethodCallReplacementClassAdapter - Adding mock interface to class net/sf/saxon/type/StringConverter$StringToInteger
13:35:06.041 [main] INFO org.evosuite.runtime.instrumentation.CreateClassResetClassAdapter - Found static initializer in class net/sf/saxon/type/StringConverter$StringToInteger
13:35:06.041 [main] INFO org.evosuite.runtime.instrumentation.EvoClassLoader - Keeping class: net.sf.saxon.type.StringConverter$StringToInteger
13:35:06.041 [main] INFO org.evosuite.runtime.instrumentation.EvoClassLoader - Seeing class for first time: net.sf.saxon.type.StringConverter$StringToDecimal
13:35:06.041 [main] INFO org.evosuite.runtime.instrumentation.EvoClassLoader - Instrumenting class 'net.sf.saxon.type.StringConverter$StringToDecimal'.
13:35:06.041 [main] INFO org.evosuite.runtime.instrumentation.MethodCallReplacementClassAdapter - Adding mock interface to class net/sf/saxon/type/StringConverter$StringToDecimal
13:35:06.041 [main] INFO org.evosuite.runtime.instrumentation.CreateClassResetClassAdapter - Found static initializer in class net/sf/saxon/type/StringConverter$StringToDecimal
13:35:06.042 [main] INFO org.evosuite.runtime.instrumentation.EvoClassLoader - Keeping class: net.sf.saxon.type.StringConverter$StringToDecimal
13:35:06.042 [main] INFO org.evosuite.runtime.instrumentation.EvoClassLoader - Seeing class for first time: net.sf.saxon.type.StringConverter$StringToFloat
13:35:06.042 [main] INFO org.evosuite.runtime.instrumentation.EvoClassLoader - Instrumenting class 'net.sf.saxon.type.StringConverter$StringToFloat'.
13:35:06.042 [main] INFO org.evosuite.runtime.instrumentation.MethodCallReplacementClassAdapter - Adding mock interface to class net/sf/saxon/type/StringConverter$StringToFloat
13:35:06.042 [main] INFO org.evosuite.runtime.instrumentation.CreateClassResetClassAdapter - Creating brand-new static initializer in class net/sf/saxon/type/StringConverter$StringToFloat
13:35:06.043 [main] INFO org.evosuite.runtime.instrumentation.EvoClassLoader - Keeping class: net.sf.saxon.type.StringConverter$StringToFloat
13:35:06.043 [main] INFO org.evosuite.runtime.instrumentation.EvoClassLoader - Seeing class for first time: net.sf.saxon.type.StringConverter$StringToDerivedStringSubtype
13:35:06.043 [main] INFO org.evosuite.runtime.instrumentation.EvoClassLoader - Instrumenting class 'net.sf.saxon.type.StringConverter$StringToDerivedStringSubtype'.
13:35:06.043 [main] INFO org.evosuite.runtime.instrumentation.MethodCallReplacementClassAdapter - Adding mock interface to class net/sf/saxon/type/StringConverter$StringToDerivedStringSubtype
13:35:06.043 [main] INFO org.evosuite.runtime.instrumentation.CreateClassResetClassAdapter - Creating brand-new static initializer in class net/sf/saxon/type/StringConverter$StringToDerivedStringSubtype
13:35:06.043 [main] INFO org.evosuite.runtime.instrumentation.EvoClassLoader - Keeping class: net.sf.saxon.type.StringConverter$StringToDerivedStringSubtype
13:35:06.043 [main] INFO org.evosuite.runtime.instrumentation.EvoClassLoader - Seeing class for first time: net.sf.saxon.type.StringConverter$StringToStringSubtype
13:35:06.043 [main] INFO org.evosuite.runtime.instrumentation.EvoClassLoader - Instrumenting class 'net.sf.saxon.type.StringConverter$StringToStringSubtype'.
13:35:06.044 [main] INFO org.evosuite.runtime.instrumentation.MethodCallReplacementClassAdapter - Adding mock interface to class net/sf/saxon/type/StringConverter$StringToStringSubtype
13:35:06.044 [main] INFO org.evosuite.runtime.instrumentation.CreateClassResetClassAdapter - Creating brand-new static initializer in class net/sf/saxon/type/StringConverter$StringToStringSubtype
13:35:06.044 [main] INFO org.evosuite.runtime.instrumentation.EvoClassLoader - Keeping class: net.sf.saxon.type.StringConverter$StringToStringSubtype
13:35:06.044 [main] INFO org.evosuite.runtime.instrumentation.EvoClassLoader - Seeing class for first time: net.sf.saxon.type.StringConverter$StringToName
13:35:06.044 [main] INFO org.evosuite.runtime.instrumentation.EvoClassLoader - Instrumenting class 'net.sf.saxon.type.StringConverter$StringToName'.
13:35:06.045 [main] INFO org.evosuite.runtime.instrumentation.MethodCallReplacementClassAdapter - Adding mock interface to class net/sf/saxon/type/StringConverter$StringToName
13:35:06.045 [main] INFO org.evosuite.runtime.instrumentation.CreateClassResetClassAdapter - Found static initializer in class net/sf/saxon/type/StringConverter$StringToName
13:35:06.045 [main] INFO org.evosuite.runtime.instrumentation.EvoClassLoader - Seeing class for first time: net.sf.saxon.type.StringConverter$StringToNCName
13:35:06.045 [main] INFO org.evosuite.runtime.instrumentation.EvoClassLoader - Instrumenting class 'net.sf.saxon.type.StringConverter$StringToNCName'.
13:35:06.045 [main] INFO org.evosuite.runtime.instrumentation.MethodCallReplacementClassAdapter - Adding mock interface to class net/sf/saxon/type/StringConverter$StringToNCName
13:35:06.045 [main] INFO org.evosuite.runtime.instrumentation.CreateClassResetClassAdapter - Found static initializer in class net/sf/saxon/type/StringConverter$StringToNCName
13:35:06.046 [main] INFO org.evosuite.runtime.instrumentation.EvoClassLoader - Keeping class: net.sf.saxon.type.StringConverter$StringToNCName
13:35:06.046 [main] INFO org.evosuite.runtime.instrumentation.EvoClassLoader - Keeping class: net.sf.saxon.type.StringConverter$StringToName
13:35:06.046 [main] INFO org.evosuite.runtime.instrumentation.EvoClassLoader - Seeing class for first time: net.sf.saxon.type.StringConverter$StringToNMTOKEN
13:35:06.046 [main] INFO org.evosuite.runtime.instrumentation.EvoClassLoader - Instrumenting class 'net.sf.saxon.type.StringConverter$StringToNMTOKEN'.
13:35:06.046 [main] INFO org.evosuite.runtime.instrumentation.MethodCallReplacementClassAdapter - Adding mock interface to class net/sf/saxon/type/StringConverter$StringToNMTOKEN
13:35:06.046 [main] INFO org.evosuite.runtime.instrumentation.CreateClassResetClassAdapter - Found static initializer in class net/sf/saxon/type/StringConverter$StringToNMTOKEN
13:35:06.046 [main] INFO org.evosuite.runtime.instrumentation.EvoClassLoader - Keeping class: net.sf.saxon.type.StringConverter$StringToNMTOKEN
13:35:06.046 [main] INFO org.evosuite.runtime.instrumentation.EvoClassLoader - Seeing class for first time: net.sf.saxon.type.StringConverter$StringToLanguage
13:35:06.046 [main] INFO org.evosuite.runtime.instrumentation.EvoClassLoader - Instrumenting class 'net.sf.saxon.type.StringConverter$StringToLanguage'.
13:35:06.047 [main] INFO org.evosuite.runtime.instrumentation.MethodCallReplacementClassAdapter - Adding mock interface to class net/sf/saxon/type/StringConverter$StringToLanguage
13:35:06.047 [main] INFO org.evosuite.runtime.instrumentation.CreateClassResetClassAdapter - Found static initializer in class net/sf/saxon/type/StringConverter$StringToLanguage
13:35:06.047 [main] INFO org.evosuite.runtime.instrumentation.EvoClassLoader - Keeping class: net.sf.saxon.type.StringConverter$StringToLanguage
13:35:06.047 [main] INFO org.evosuite.runtime.instrumentation.EvoClassLoader - Seeing class for first time: net.sf.saxon.type.StringConverter$StringToToken
13:35:06.047 [main] INFO org.evosuite.runtime.instrumentation.EvoClassLoader - Instrumenting class 'net.sf.saxon.type.StringConverter$StringToToken'.
13:35:06.048 [main] INFO org.evosuite.runtime.instrumentation.MethodCallReplacementClassAdapter - Adding mock interface to class net/sf/saxon/type/StringConverter$StringToToken
13:35:06.048 [main] INFO org.evosuite.runtime.instrumentation.CreateClassResetClassAdapter - Found static initializer in class net/sf/saxon/type/StringConverter$StringToToken
13:35:06.048 [main] INFO org.evosuite.runtime.instrumentation.EvoClassLoader - Keeping class: net.sf.saxon.type.StringConverter$StringToToken
13:35:06.048 [main] INFO org.evosuite.runtime.instrumentation.EvoClassLoader - Seeing class for first time: net.sf.saxon.type.StringConverter$StringToNormalizedString
13:35:06.048 [main] INFO org.evosuite.runtime.instrumentation.EvoClassLoader - Instrumenting class 'net.sf.saxon.type.StringConverter$StringToNormalizedString'.
13:35:06.048 [main] INFO org.evosuite.runtime.instrumentation.MethodCallReplacementClassAdapter - Adding mock interface to class net/sf/saxon/type/StringConverter$StringToNormalizedString
13:35:06.049 [main] INFO org.evosuite.runtime.instrumentation.CreateClassResetClassAdapter - Found static initializer in class net/sf/saxon/type/StringConverter$StringToNormalizedString
13:35:06.049 [main] INFO org.evosuite.runtime.instrumentation.EvoClassLoader - Keeping class: net.sf.saxon.type.StringConverter$StringToNormalizedString
13:35:06.049 [main] INFO org.evosuite.runtime.instrumentation.EvoClassLoader - Seeing class for first time: net.sf.saxon.type.StringConverter$StringToUntypedAtomic
13:35:06.049 [main] INFO org.evosuite.runtime.instrumentation.EvoClassLoader - Instrumenting class 'net.sf.saxon.type.StringConverter$StringToUntypedAtomic'.
13:35:06.049 [main] INFO org.evosuite.runtime.instrumentation.MethodCallReplacementClassAdapter - Adding mock interface to class net/sf/saxon/type/StringConverter$StringToUntypedAtomic
13:35:06.049 [main] INFO org.evosuite.runtime.instrumentation.CreateClassResetClassAdapter - Found static initializer in class net/sf/saxon/type/StringConverter$StringToUntypedAtomic
13:35:06.049 [main] INFO org.evosuite.runtime.instrumentation.EvoClassLoader - Keeping class: net.sf.saxon.type.StringConverter$StringToUntypedAtomic
13:35:06.053 [main] INFO org.evosuite.runtime.instrumentation.EvoClassLoader - Seeing class for first time: net.sf.saxon.value.StringValue
13:35:06.053 [main] INFO org.evosuite.runtime.instrumentation.EvoClassLoader - Instrumenting class 'net.sf.saxon.value.StringValue'.
13:35:06.054 [main] INFO org.evosuite.runtime.instrumentation.MethodCallReplacementClassAdapter - Adding mock interface to class net/sf/saxon/value/StringValue
13:35:06.055 [main] INFO org.evosuite.runtime.instrumentation.CreateClassResetClassAdapter - Found static initializer in class net/sf/saxon/value/StringValue
13:35:06.055 [main] INFO org.evosuite.runtime.instrumentation.EvoClassLoader - Keeping class: net.sf.saxon.value.StringValue
13:35:06.056 [main] INFO org.evosuite.runtime.instrumentation.EvoClassLoader - Seeing class for first time: net.sf.saxon.value.UntypedAtomicValue
13:35:06.056 [main] INFO org.evosuite.runtime.instrumentation.EvoClassLoader - Instrumenting class 'net.sf.saxon.value.UntypedAtomicValue'.
13:35:06.057 [main] INFO org.evosuite.runtime.instrumentation.MethodCallReplacementClassAdapter - Adding mock interface to class net/sf/saxon/value/UntypedAtomicValue
13:35:06.058 [main] INFO org.evosuite.runtime.instrumentation.CreateClassResetClassAdapter - Found static initializer in class net/sf/saxon/value/UntypedAtomicValue
13:35:06.058 [main] INFO org.evosuite.runtime.instrumentation.EvoClassLoader - Keeping class: net.sf.saxon.value.UntypedAtomicValue
13:35:06.060 [main] INFO org.evosuite.runtime.instrumentation.EvoClassLoader - Seeing class for first time: net.sf.saxon.value.DecimalValue
13:35:06.060 [main] INFO org.evosuite.runtime.instrumentation.EvoClassLoader - Instrumenting class 'net.sf.saxon.value.DecimalValue'.
13:35:06.060 [main] INFO org.evosuite.runtime.instrumentation.MethodCallReplacementClassAdapter - Adding mock interface to class net/sf/saxon/value/DecimalValue
13:35:06.061 [main] INFO org.evosuite.runtime.instrumentation.CreateClassResetClassAdapter - Creating brand-new static initializer in class net/sf/saxon/value/DecimalValue
13:35:06.061 [main] INFO org.evosuite.runtime.instrumentation.EvoClassLoader - Keeping class: net.sf.saxon.value.DecimalValue
13:35:06.061 [main] INFO org.evosuite.runtime.instrumentation.EvoClassLoader - Seeing class for first time: net.sf.saxon.value.IntegerValue
13:35:06.061 [main] INFO org.evosuite.runtime.instrumentation.EvoClassLoader - Instrumenting class 'net.sf.saxon.value.IntegerValue'.
13:35:06.062 [main] INFO org.evosuite.runtime.instrumentation.MethodCallReplacementClassAdapter - Adding mock interface to class net/sf/saxon/value/IntegerValue
13:35:06.064 [main] INFO org.evosuite.runtime.instrumentation.CreateClassResetClassAdapter - Found static initializer in class net/sf/saxon/value/IntegerValue
13:35:06.065 [main] INFO org.evosuite.runtime.instrumentation.EvoClassLoader - Keeping class: net.sf.saxon.value.IntegerValue
13:35:06.065 [main] INFO org.evosuite.runtime.instrumentation.EvoClassLoader - Seeing class for first time: net.sf.saxon.value.BigIntegerValue
13:35:06.065 [main] INFO org.evosuite.runtime.instrumentation.EvoClassLoader - Instrumenting class 'net.sf.saxon.value.BigIntegerValue'.
13:35:06.068 [main] INFO org.evosuite.runtime.instrumentation.MethodCallReplacementClassAdapter - Adding mock interface to class net/sf/saxon/value/BigIntegerValue
13:35:06.069 [main] INFO org.evosuite.runtime.instrumentation.CreateClassResetClassAdapter - Found static initializer in class net/sf/saxon/value/BigIntegerValue
13:35:06.070 [main] INFO org.evosuite.runtime.instrumentation.EvoClassLoader - Keeping class: net.sf.saxon.value.BigIntegerValue
13:35:06.070 [main] INFO org.evosuite.runtime.instrumentation.EvoClassLoader - Seeing class for first time: net.sf.saxon.value.Int64Value
13:35:06.070 [main] INFO org.evosuite.runtime.instrumentation.EvoClassLoader - Instrumenting class 'net.sf.saxon.value.Int64Value'.
13:35:06.072 [main] INFO org.evosuite.runtime.instrumentation.MethodCallReplacementClassAdapter - Adding mock interface to class net/sf/saxon/value/Int64Value
13:35:06.073 [main] INFO org.evosuite.runtime.instrumentation.CreateClassResetClassAdapter - Found static initializer in class net/sf/saxon/value/Int64Value
13:35:06.074 [main] INFO org.evosuite.runtime.instrumentation.EvoClassLoader - Keeping class: net.sf.saxon.value.Int64Value
13:35:06.075 [main] INFO org.evosuite.runtime.instrumentation.EvoClassLoader - Seeing class for first time: net.sf.saxon.value.BigDecimalValue
13:35:06.075 [main] INFO org.evosuite.runtime.instrumentation.EvoClassLoader - Instrumenting class 'net.sf.saxon.value.BigDecimalValue'.
13:35:06.076 [main] INFO org.evosuite.runtime.instrumentation.MethodCallReplacementClassAdapter - Adding mock interface to class net/sf/saxon/value/BigDecimalValue
13:35:06.078 [main] INFO org.evosuite.runtime.instrumentation.CreateClassResetClassAdapter - Found static initializer in class net/sf/saxon/value/BigDecimalValue
13:35:06.078 [main] INFO org.evosuite.runtime.instrumentation.EvoClassLoader - Keeping class: net.sf.saxon.value.BigDecimalValue
13:35:06.080 [main] INFO org.evosuite.runtime.instrumentation.EvoClassLoader - Seeing class for first time: net.sf.saxon.expr.OperandRole
13:35:06.080 [main] INFO org.evosuite.runtime.instrumentation.EvoClassLoader - Instrumenting class 'net.sf.saxon.expr.OperandRole'.
13:35:06.081 [main] INFO org.evosuite.runtime.instrumentation.MethodCallReplacementClassAdapter - Adding mock interface to class net/sf/saxon/expr/OperandRole
13:35:06.081 [main] INFO org.evosuite.runtime.instrumentation.CreateClassResetClassAdapter - Found static initializer in class net/sf/saxon/expr/OperandRole
13:35:06.082 [main] INFO org.evosuite.runtime.instrumentation.EvoClassLoader - Keeping class: net.sf.saxon.expr.OperandRole
13:35:06.082 [main] INFO org.evosuite.runtime.instrumentation.EvoClassLoader - Seeing class for first time: net.sf.saxon.expr.sort.AtomicComparer
13:35:06.082 [main] INFO org.evosuite.runtime.instrumentation.EvoClassLoader - Instrumenting class 'net.sf.saxon.expr.sort.AtomicComparer'.
13:35:06.084 [main] INFO org.evosuite.runtime.instrumentation.EvoClassLoader - Keeping class: net.sf.saxon.expr.sort.AtomicComparer
13:35:06.084 [main] INFO org.evosuite.runtime.instrumentation.EvoClassLoader - Seeing class for first time: net.sf.saxon.expr.SystemFunctionCall
13:35:06.084 [main] INFO org.evosuite.runtime.instrumentation.EvoClassLoader - Instrumenting class 'net.sf.saxon.expr.SystemFunctionCall'.
13:35:06.085 [main] INFO org.evosuite.runtime.instrumentation.MethodCallReplacementClassAdapter - Adding mock interface to class net/sf/saxon/expr/SystemFunctionCall
13:35:06.088 [main] INFO org.evosuite.runtime.instrumentation.CreateClassResetClassAdapter - Creating brand-new static initializer in class net/sf/saxon/expr/SystemFunctionCall
13:35:06.089 [main] INFO org.evosuite.runtime.instrumentation.EvoClassLoader - Seeing class for first time: net.sf.saxon.expr.Negatable
13:35:06.089 [main] INFO org.evosuite.runtime.instrumentation.EvoClassLoader - Instrumenting class 'net.sf.saxon.expr.Negatable'.
13:35:06.091 [main] INFO org.evosuite.runtime.instrumentation.EvoClassLoader - Keeping class: net.sf.saxon.expr.Negatable
13:35:06.092 [main] INFO org.evosuite.runtime.instrumentation.EvoClassLoader - Seeing class for first time: net.sf.saxon.expr.StaticFunctionCall
13:35:06.092 [main] INFO org.evosuite.runtime.instrumentation.EvoClassLoader - Instrumenting class 'net.sf.saxon.expr.StaticFunctionCall'.
13:35:06.093 [main] INFO org.evosuite.runtime.instrumentation.MethodCallReplacementClassAdapter - Adding mock interface to class net/sf/saxon/expr/StaticFunctionCall
13:35:06.106 [main] INFO org.evosuite.runtime.instrumentation.CreateClassResetClassAdapter - Creating brand-new static initializer in class net/sf/saxon/expr/StaticFunctionCall
13:35:06.107 [main] INFO org.evosuite.runtime.instrumentation.EvoClassLoader - Keeping class: net.sf.saxon.expr.StaticFunctionCall
13:35:06.107 [main] INFO org.evosuite.runtime.instrumentation.EvoClassLoader - Keeping class: net.sf.saxon.expr.SystemFunctionCall
13:35:06.108 [main] INFO org.evosuite.runtime.instrumentation.EvoClassLoader - Seeing class for first time: net.sf.saxon.functions.registry.BuiltInFunctionSet$Entry
13:35:06.108 [main] INFO org.evosuite.runtime.instrumentation.EvoClassLoader - Instrumenting class 'net.sf.saxon.functions.registry.BuiltInFunctionSet$Entry'.
13:35:06.109 [main] INFO org.evosuite.runtime.instrumentation.MethodCallReplacementClassAdapter - Adding mock interface to class net/sf/saxon/functions/registry/BuiltInFunctionSet$Entry
13:35:06.110 [main] INFO org.evosuite.runtime.instrumentation.CreateClassResetClassAdapter - Creating brand-new static initializer in class net/sf/saxon/functions/registry/BuiltInFunctionSet$Entry
13:35:06.110 [main] INFO org.evosuite.runtime.instrumentation.EvoClassLoader - Keeping class: net.sf.saxon.functions.registry.BuiltInFunctionSet$Entry
13:35:06.111 [main] INFO org.evosuite.runtime.instrumentation.EvoClassLoader - Seeing class for first time: net.sf.saxon.functions.FormatNumber
13:35:06.111 [main] INFO org.evosuite.runtime.instrumentation.EvoClassLoader - Instrumenting class 'net.sf.saxon.functions.FormatNumber'.
13:35:06.112 [main] INFO org.evosuite.runtime.instrumentation.MethodCallReplacementClassAdapter - Adding mock interface to class net/sf/saxon/functions/FormatNumber
13:35:06.115 [main] INFO org.evosuite.runtime.instrumentation.CreateClassResetClassAdapter - Found static initializer in class net/sf/saxon/functions/FormatNumber
13:35:06.116 [main] INFO org.evosuite.runtime.instrumentation.EvoClassLoader - Keeping class: net.sf.saxon.functions.FormatNumber
13:35:06.117 [main] INFO org.evosuite.runtime.instrumentation.EvoClassLoader - Seeing class for first time: net.sf.saxon.trans.DecimalSymbols
13:35:06.117 [main] INFO org.evosuite.runtime.instrumentation.EvoClassLoader - Instrumenting class 'net.sf.saxon.trans.DecimalSymbols'.
13:35:06.119 [main] INFO org.evosuite.runtime.instrumentation.MethodCallReplacementClassAdapter - Adding mock interface to class net/sf/saxon/trans/DecimalSymbols
13:35:06.123 [main] INFO org.evosuite.runtime.instrumentation.CreateClassResetClassAdapter - Found static initializer in class net/sf/saxon/trans/DecimalSymbols
13:35:06.124 [main] INFO org.evosuite.runtime.instrumentation.EvoClassLoader - Keeping class: net.sf.saxon.trans.DecimalSymbols
13:35:06.124 [main] INFO org.evosuite.runtime.instrumentation.EvoClassLoader - Seeing class for first time: net.sf.saxon.functions.FormatNumber$SubPicture
13:35:06.124 [main] INFO org.evosuite.runtime.instrumentation.EvoClassLoader - Instrumenting class 'net.sf.saxon.functions.FormatNumber$SubPicture'.
13:35:06.126 [main] INFO org.evosuite.runtime.instrumentation.MethodCallReplacementClassAdapter - Adding mock interface to class net/sf/saxon/functions/FormatNumber$SubPicture
13:35:06.132 [main] INFO org.evosuite.runtime.instrumentation.CreateClassResetClassAdapter - Creating brand-new static initializer in class net/sf/saxon/functions/FormatNumber$SubPicture
13:35:06.132 [main] INFO org.evosuite.runtime.instrumentation.EvoClassLoader - Keeping class: net.sf.saxon.functions.FormatNumber$SubPicture
13:35:06.132 [main] INFO org.evosuite.runtime.instrumentation.EvoClassLoader - Seeing class for first time: net.sf.saxon.trans.DecimalFormatManager
13:35:06.132 [main] INFO org.evosuite.runtime.instrumentation.EvoClassLoader - Instrumenting class 'net.sf.saxon.trans.DecimalFormatManager'.
13:35:06.133 [main] INFO org.evosuite.runtime.instrumentation.MethodCallReplacementClassAdapter - Adding mock interface to class net/sf/saxon/trans/DecimalFormatManager
13:35:06.134 [main] INFO org.evosuite.runtime.instrumentation.CreateClassResetClassAdapter - Creating brand-new static initializer in class net/sf/saxon/trans/DecimalFormatManager
13:35:06.134 [main] INFO org.evosuite.runtime.instrumentation.EvoClassLoader - Keeping class: net.sf.saxon.trans.DecimalFormatManager
13:35:06.138 [main] INFO org.evosuite.runtime.instrumentation.EvoClassLoader - Seeing class for first time: net.sf.saxon.pattern.NodeSetPattern
13:35:06.138 [main] INFO org.evosuite.runtime.instrumentation.EvoClassLoader - Instrumenting class 'net.sf.saxon.pattern.NodeSetPattern'.
13:35:06.139 [main] INFO org.evosuite.runtime.instrumentation.MethodCallReplacementClassAdapter - Adding mock interface to class net/sf/saxon/pattern/NodeSetPattern
13:35:06.143 [main] INFO org.evosuite.runtime.instrumentation.CreateClassResetClassAdapter - Creating brand-new static initializer in class net/sf/saxon/pattern/NodeSetPattern
13:35:06.143 [main] INFO org.evosuite.runtime.instrumentation.EvoClassLoader - Keeping class: net.sf.saxon.pattern.NodeSetPattern
13:35:06.144 [main] INFO org.evosuite.runtime.instrumentation.EvoClassLoader - Seeing class for first time: net.sf.saxon.expr.ContextItemExpression
13:35:06.144 [main] INFO org.evosuite.runtime.instrumentation.EvoClassLoader - Instrumenting class 'net.sf.saxon.expr.ContextItemExpression'.
13:35:06.145 [main] INFO org.evosuite.runtime.instrumentation.MethodCallReplacementClassAdapter - Adding mock interface to class net/sf/saxon/expr/ContextItemExpression
13:35:06.146 [main] INFO org.evosuite.runtime.instrumentation.CreateClassResetClassAdapter - Creating brand-new static initializer in class net/sf/saxon/expr/ContextItemExpression
13:35:06.146 [main] INFO org.evosuite.runtime.instrumentation.EvoClassLoader - Keeping class: net.sf.saxon.expr.ContextItemExpression
13:35:06.147 [main] INFO org.evosuite.runtime.instrumentation.EvoClassLoader - Seeing class for first time: net.sf.saxon.trace.ExpressionPresenter$Options
13:35:06.147 [main] INFO org.evosuite.runtime.instrumentation.EvoClassLoader - Instrumenting class 'net.sf.saxon.trace.ExpressionPresenter$Options'.
13:35:06.147 [main] INFO org.evosuite.runtime.instrumentation.EvoClassLoader - Keeping class: net.sf.saxon.trace.ExpressionPresenter$Options
13:35:06.148 [main] INFO org.evosuite.runtime.instrumentation.EvoClassLoader - Seeing class for first time: net.sf.saxon.expr.parser.PathMap
13:35:06.148 [main] INFO org.evosuite.runtime.instrumentation.EvoClassLoader - Instrumenting class 'net.sf.saxon.expr.parser.PathMap'.
13:35:06.149 [main] INFO org.evosuite.runtime.instrumentation.MethodCallReplacementClassAdapter - Adding mock interface to class net/sf/saxon/expr/parser/PathMap
13:35:06.151 [main] INFO org.evosuite.runtime.instrumentation.CreateClassResetClassAdapter - Creating brand-new static initializer in class net/sf/saxon/expr/parser/PathMap
13:35:06.152 [main] INFO org.evosuite.runtime.instrumentation.EvoClassLoader - Keeping class: net.sf.saxon.expr.parser.PathMap
13:35:06.152 [main] INFO org.evosuite.runtime.instrumentation.EvoClassLoader - Seeing class for first time: net.sf.saxon.expr.parser.PathMap$PathMapNodeSet
13:35:06.152 [main] INFO org.evosuite.runtime.instrumentation.EvoClassLoader - Instrumenting class 'net.sf.saxon.expr.parser.PathMap$PathMapNodeSet'.
13:35:06.153 [main] INFO org.evosuite.runtime.instrumentation.MethodCallReplacementClassAdapter - Adding mock interface to class net/sf/saxon/expr/parser/PathMap$PathMapNodeSet
13:35:06.154 [main] INFO org.evosuite.runtime.instrumentation.CreateClassResetClassAdapter - Creating brand-new static initializer in class net/sf/saxon/expr/parser/PathMap$PathMapNodeSet
13:35:06.154 [main] INFO org.evosuite.runtime.instrumentation.EvoClassLoader - Keeping class: net.sf.saxon.expr.parser.PathMap$PathMapNodeSet
13:35:06.154 [main] INFO org.evosuite.runtime.instrumentation.EvoClassLoader - Seeing class for first time: net.sf.saxon.expr.Operand
13:35:06.154 [main] INFO org.evosuite.runtime.instrumentation.EvoClassLoader - Instrumenting class 'net.sf.saxon.expr.Operand'.
13:35:06.156 [main] INFO org.evosuite.runtime.instrumentation.MethodCallReplacementClassAdapter - Adding mock interface to class net/sf/saxon/expr/Operand
13:35:06.158 [main] INFO org.evosuite.runtime.instrumentation.CreateClassResetClassAdapter - Found static initializer in class net/sf/saxon/expr/Operand
13:35:06.159 [main] INFO org.evosuite.runtime.instrumentation.EvoClassLoader - Keeping class: net.sf.saxon.expr.Operand
13:35:06.159 [main] INFO org.evosuite.runtime.instrumentation.EvoClassLoader - Seeing class for first time: net.sf.saxon.expr.parser.RebindingMap
13:35:06.159 [main] INFO org.evosuite.runtime.instrumentation.EvoClassLoader - Instrumenting class 'net.sf.saxon.expr.parser.RebindingMap'.
13:35:06.160 [main] INFO org.evosuite.runtime.instrumentation.MethodCallReplacementClassAdapter - Adding mock interface to class net/sf/saxon/expr/parser/RebindingMap
13:35:06.161 [main] INFO org.evosuite.runtime.instrumentation.CreateClassResetClassAdapter - Creating brand-new static initializer in class net/sf/saxon/expr/parser/RebindingMap
13:35:06.161 [main] INFO org.evosuite.runtime.instrumentation.EvoClassLoader - Keeping class: net.sf.saxon.expr.parser.RebindingMap
13:35:06.164 [main] INFO org.evosuite.runtime.instrumentation.EvoClassLoader - Seeing class for first time: net.sf.saxon.pattern.AnchorPattern
13:35:06.164 [main] INFO org.evosuite.runtime.instrumentation.EvoClassLoader - Instrumenting class 'net.sf.saxon.pattern.AnchorPattern'.
13:35:06.165 [main] INFO org.evosuite.runtime.instrumentation.MethodCallReplacementClassAdapter - Adding mock interface to class net/sf/saxon/pattern/AnchorPattern
13:35:06.166 [main] INFO org.evosuite.runtime.instrumentation.CreateClassResetClassAdapter - Found static initializer in class net/sf/saxon/pattern/AnchorPattern
13:35:06.166 [main] INFO org.evosuite.runtime.instrumentation.EvoClassLoader - Keeping class: net.sf.saxon.pattern.AnchorPattern
13:35:06.167 [main] INFO org.evosuite.runtime.instrumentation.EvoClassLoader - Seeing class for first time: net.sf.saxon.expr.parser.ExplicitLocation
13:35:06.167 [main] INFO org.evosuite.runtime.instrumentation.EvoClassLoader - Instrumenting class 'net.sf.saxon.expr.parser.ExplicitLocation'.
13:35:06.168 [main] INFO org.evosuite.runtime.instrumentation.MethodCallReplacementClassAdapter - Adding mock interface to class net/sf/saxon/expr/parser/ExplicitLocation
13:35:06.169 [main] INFO org.evosuite.runtime.instrumentation.CreateClassResetClassAdapter - Found static initializer in class net/sf/saxon/expr/parser/ExplicitLocation
13:35:06.170 [main] INFO org.evosuite.runtime.instrumentation.EvoClassLoader - Keeping class: net.sf.saxon.expr.parser.ExplicitLocation
13:35:06.170 [main] INFO org.evosuite.runtime.instrumentation.EvoClassLoader - Seeing class for first time: net.sf.saxon.functions.ResolveURI
13:35:06.171 [main] INFO org.evosuite.runtime.instrumentation.EvoClassLoader - Instrumenting class 'net.sf.saxon.functions.ResolveURI'.
13:35:06.172 [main] INFO org.evosuite.runtime.instrumentation.MethodCallReplacementClassAdapter - Adding mock interface to class net/sf/saxon/functions/ResolveURI
13:35:06.174 [main] INFO org.evosuite.runtime.instrumentation.CreateClassResetClassAdapter - Creating brand-new static initializer in class net/sf/saxon/functions/ResolveURI
13:35:06.174 [main] INFO org.evosuite.runtime.instrumentation.EvoClassLoader - Keeping class: net.sf.saxon.functions.ResolveURI
13:35:06.175 [main] INFO org.evosuite.runtime.instrumentation.EvoClassLoader - Seeing class for first time: net.sf.saxon.om.ZeroOrOne
13:35:06.175 [main] INFO org.evosuite.runtime.instrumentation.EvoClassLoader - Instrumenting class 'net.sf.saxon.om.ZeroOrOne'.
13:35:06.176 [main] INFO org.evosuite.runtime.instrumentation.MethodCallReplacementClassAdapter - Adding mock interface to class net/sf/saxon/om/ZeroOrOne
13:35:06.178 [main] INFO org.evosuite.runtime.instrumentation.CreateClassResetClassAdapter - Found static initializer in class net/sf/saxon/om/ZeroOrOne
13:35:06.178 [main] INFO org.evosuite.runtime.instrumentation.EvoClassLoader - Keeping class: net.sf.saxon.om.ZeroOrOne
13:35:06.178 [main] INFO org.evosuite.runtime.instrumentation.EvoClassLoader - Seeing class for first time: net.sf.saxon.value.AnyURIValue
13:35:06.178 [main] INFO org.evosuite.runtime.instrumentation.EvoClassLoader - Instrumenting class 'net.sf.saxon.value.AnyURIValue'.
13:35:06.179 [main] INFO org.evosuite.runtime.instrumentation.MethodCallReplacementClassAdapter - Adding mock interface to class net/sf/saxon/value/AnyURIValue
13:35:06.180 [main] INFO org.evosuite.runtime.instrumentation.CreateClassResetClassAdapter - Found static initializer in class net/sf/saxon/value/AnyURIValue
13:35:06.181 [main] INFO org.evosuite.runtime.instrumentation.EvoClassLoader - Keeping class: net.sf.saxon.value.AnyURIValue
13:35:06.181 [main] INFO org.evosuite.runtime.instrumentation.EvoClassLoader - Seeing class for first time: net.sf.saxon.style.XSLResultDocument
13:35:06.181 [main] INFO org.evosuite.runtime.instrumentation.EvoClassLoader - Instrumenting class 'net.sf.saxon.style.XSLResultDocument'.
13:35:06.184 [main] INFO org.evosuite.runtime.instrumentation.MethodCallReplacementClassAdapter - Adding mock interface to class net/sf/saxon/style/XSLResultDocument
13:35:06.190 [main] INFO org.evosuite.runtime.instrumentation.CreateClassResetClassAdapter - Found static initializer in class net/sf/saxon/style/XSLResultDocument
13:35:06.192 [main] INFO org.evosuite.runtime.instrumentation.EvoClassLoader - Keeping class: net.sf.saxon.style.XSLResultDocument
13:35:06.203 [main] INFO org.evosuite.runtime.instrumentation.EvoClassLoader - Seeing class for first time: net.sf.saxon.Controller
13:35:06.203 [main] INFO org.evosuite.runtime.instrumentation.EvoClassLoader - Instrumenting class 'net.sf.saxon.Controller'.
13:35:06.206 [main] INFO org.evosuite.runtime.instrumentation.MethodCallReplacementClassAdapter - Adding mock interface to class net/sf/saxon/Controller
13:35:06.225 [main] INFO org.evosuite.runtime.instrumentation.CreateClassResetClassAdapter - Creating brand-new static initializer in class net/sf/saxon/Controller
13:35:06.226 [main] INFO org.evosuite.runtime.instrumentation.CreateClassResetClassAdapter - Adding bytecode for initializing field ANONYMOUS_PRINCIPAL_OUTPUT_URI
13:35:06.227 [main] INFO org.evosuite.runtime.instrumentation.EvoClassLoader - Keeping class: net.sf.saxon.Controller
13:35:06.228 [main] INFO org.evosuite.runtime.instrumentation.EvoClassLoader - Seeing class for first time: net.sf.saxon.trans.XPathException$Circularity
13:35:06.228 [main] INFO org.evosuite.runtime.instrumentation.EvoClassLoader - Instrumenting class 'net.sf.saxon.trans.XPathException$Circularity'.
13:35:06.229 [main] INFO org.evosuite.runtime.instrumentation.MethodCallReplacementClassAdapter - Adding mock interface to class net/sf/saxon/trans/XPathException$Circularity
13:35:06.229 [main] INFO org.evosuite.runtime.instrumentation.CreateClassResetClassAdapter - Creating brand-new static initializer in class net/sf/saxon/trans/XPathException$Circularity
13:35:06.229 [main] INFO org.evosuite.runtime.instrumentation.EvoClassLoader - Keeping class: net.sf.saxon.trans.XPathException$Circularity
13:35:06.231 [main] INFO org.evosuite.runtime.instrumentation.EvoClassLoader - Seeing class for first time: net.sf.saxon.value.DateTimeValue
13:35:06.231 [main] INFO org.evosuite.runtime.instrumentation.EvoClassLoader - Instrumenting class 'net.sf.saxon.value.DateTimeValue'.
13:35:06.234 [main] INFO org.evosuite.runtime.instrumentation.MethodCallReplacementClassAdapter - Adding mock interface to class net/sf/saxon/value/DateTimeValue
13:35:06.245 [main] INFO org.evosuite.runtime.instrumentation.CreateClassResetClassAdapter - Found static initializer in class net/sf/saxon/value/DateTimeValue
13:35:06.247 [main] INFO org.evosuite.runtime.instrumentation.EvoClassLoader - Seeing class for first time: net.sf.saxon.value.CalendarValue
13:35:06.247 [main] INFO org.evosuite.runtime.instrumentation.EvoClassLoader - Instrumenting class 'net.sf.saxon.value.CalendarValue'.
13:35:06.249 [main] INFO org.evosuite.runtime.instrumentation.MethodCallReplacementClassAdapter - Adding mock interface to class net/sf/saxon/value/CalendarValue
13:35:06.250 [main] INFO org.evosuite.runtime.instrumentation.CreateClassResetClassAdapter - Creating brand-new static initializer in class net/sf/saxon/value/CalendarValue
13:35:06.250 [main] INFO org.evosuite.runtime.instrumentation.CreateClassResetClassAdapter - Adding bytecode for initializing field NO_TIMEZONE
13:35:06.250 [main] INFO org.evosuite.runtime.instrumentation.CreateClassResetClassAdapter - Adding bytecode for initializing field MISSING_TIMEZONE
13:35:06.251 [main] INFO org.evosuite.runtime.instrumentation.EvoClassLoader - Keeping class: net.sf.saxon.value.CalendarValue
13:35:06.251 [main] INFO org.evosuite.runtime.instrumentation.EvoClassLoader - Keeping class: net.sf.saxon.value.DateTimeValue
13:35:06.251 [main] INFO org.evosuite.runtime.instrumentation.EvoClassLoader - Seeing class for first time: net.sf.saxon.event.Stripper
13:35:06.251 [main] INFO org.evosuite.runtime.instrumentation.EvoClassLoader - Instrumenting class 'net.sf.saxon.event.Stripper'.
13:35:06.252 [main] INFO org.evosuite.runtime.instrumentation.MethodCallReplacementClassAdapter - Adding mock interface to class net/sf/saxon/event/Stripper
13:35:06.253 [main] INFO org.evosuite.runtime.instrumentation.CreateClassResetClassAdapter - Found static initializer in class net/sf/saxon/event/Stripper
13:35:06.254 [main] INFO org.evosuite.runtime.instrumentation.EvoClassLoader - Keeping class: net.sf.saxon.event.Stripper
13:35:06.254 [main] INFO org.evosuite.runtime.instrumentation.EvoClassLoader - Seeing class for first time: net.sf.saxon.expr.instruct.Bindery
13:35:06.254 [main] INFO org.evosuite.runtime.instrumentation.EvoClassLoader - Instrumenting class 'net.sf.saxon.expr.instruct.Bindery'.
13:35:06.255 [main] INFO org.evosuite.runtime.instrumentation.MethodCallReplacementClassAdapter - Adding mock interface to class net/sf/saxon/expr/instruct/Bindery
13:35:06.256 [main] INFO org.evosuite.runtime.instrumentation.CreateClassResetClassAdapter - Creating brand-new static initializer in class net/sf/saxon/expr/instruct/Bindery
13:35:06.256 [main] INFO org.evosuite.runtime.instrumentation.EvoClassLoader - Keeping class: net.sf.saxon.expr.instruct.Bindery
13:35:06.256 [main] INFO org.evosuite.runtime.instrumentation.EvoClassLoader - Seeing class for first time: net.sf.saxon.trans.rules.RuleManager
13:35:06.256 [main] INFO org.evosuite.runtime.instrumentation.EvoClassLoader - Instrumenting class 'net.sf.saxon.trans.rules.RuleManager'.
13:35:06.257 [main] INFO org.evosuite.runtime.instrumentation.MethodCallReplacementClassAdapter - Adding mock interface to class net/sf/saxon/trans/rules/RuleManager
13:35:06.264 [main] INFO org.evosuite.runtime.instrumentation.CreateClassResetClassAdapter - Creating brand-new static initializer in class net/sf/saxon/trans/rules/RuleManager
13:35:06.265 [main] INFO org.evosuite.runtime.instrumentation.EvoClassLoader - Keeping class: net.sf.saxon.trans.rules.RuleManager
13:35:06.265 [main] INFO org.evosuite.runtime.instrumentation.EvoClassLoader - Seeing class for first time: net.sf.saxon.event.SequenceOutputter
13:35:06.265 [main] INFO org.evosuite.runtime.instrumentation.EvoClassLoader - Instrumenting class 'net.sf.saxon.event.SequenceOutputter'.
13:35:06.266 [main] INFO org.evosuite.runtime.instrumentation.MethodCallReplacementClassAdapter - Adding mock interface to class net/sf/saxon/event/SequenceOutputter
13:35:06.267 [main] INFO org.evosuite.runtime.instrumentation.CreateClassResetClassAdapter - Creating brand-new static initializer in class net/sf/saxon/event/SequenceOutputter
13:35:06.268 [main] INFO org.evosuite.runtime.instrumentation.EvoClassLoader - Keeping class: net.sf.saxon.event.SequenceOutputter
13:35:06.268 [main] INFO org.evosuite.runtime.instrumentation.EvoClassLoader - Seeing class for first time: net.sf.saxon.trans.StylesheetCache
13:35:06.268 [main] INFO org.evosuite.runtime.instrumentation.EvoClassLoader - Instrumenting class 'net.sf.saxon.trans.StylesheetCache'.
13:35:06.269 [main] INFO org.evosuite.runtime.instrumentation.MethodCallReplacementClassAdapter - Adding mock interface to class net/sf/saxon/trans/StylesheetCache
13:35:06.270 [main] INFO org.evosuite.runtime.instrumentation.CreateClassResetClassAdapter - Creating brand-new static initializer in class net/sf/saxon/trans/StylesheetCache
13:35:06.270 [main] INFO org.evosuite.runtime.instrumentation.EvoClassLoader - Keeping class: net.sf.saxon.trans.StylesheetCache
13:35:06.270 [main] INFO org.evosuite.runtime.instrumentation.EvoClassLoader - Seeing class for first time: net.sf.saxon.om.FocusTrackingIterator
13:35:06.270 [main] INFO org.evosuite.runtime.instrumentation.EvoClassLoader - Instrumenting class 'net.sf.saxon.om.FocusTrackingIterator'.
13:35:06.272 [main] INFO org.evosuite.runtime.instrumentation.MethodCallReplacementClassAdapter - Adding mock interface to class net/sf/saxon/om/FocusTrackingIterator
13:35:06.273 [main] INFO org.evosuite.runtime.instrumentation.CreateClassResetClassAdapter - Creating brand-new static initializer in class net/sf/saxon/om/FocusTrackingIterator
13:35:06.273 [main] INFO org.evosuite.runtime.instrumentation.EvoClassLoader - Seeing class for first time: net.sf.saxon.om.FocusIterator
13:35:06.273 [main] INFO org.evosuite.runtime.instrumentation.EvoClassLoader - Instrumenting class 'net.sf.saxon.om.FocusIterator'.
13:35:06.274 [main] INFO org.evosuite.runtime.instrumentation.EvoClassLoader - Keeping class: net.sf.saxon.om.FocusIterator
13:35:06.275 [main] INFO org.evosuite.runtime.instrumentation.EvoClassLoader - Keeping class: net.sf.saxon.om.FocusTrackingIterator
13:35:06.276 [main] INFO org.evosuite.runtime.instrumentation.EvoClassLoader - Seeing class for first time: net.sf.saxon.expr.instruct.GlobalContextRequirement
13:35:06.276 [main] INFO org.evosuite.runtime.instrumentation.EvoClassLoader - Instrumenting class 'net.sf.saxon.expr.instruct.GlobalContextRequirement'.
13:35:06.277 [main] INFO org.evosuite.runtime.instrumentation.MethodCallReplacementClassAdapter - Adding mock interface to class net/sf/saxon/expr/instruct/GlobalContextRequirement
13:35:06.278 [main] INFO org.evosuite.runtime.instrumentation.CreateClassResetClassAdapter - Creating brand-new static initializer in class net/sf/saxon/expr/instruct/GlobalContextRequirement
13:35:06.278 [main] INFO org.evosuite.runtime.instrumentation.EvoClassLoader - Keeping class: net.sf.saxon.expr.instruct.GlobalContextRequirement
13:35:06.279 [main] INFO org.evosuite.runtime.instrumentation.EvoClassLoader - Seeing class for first time: net.sf.saxon.lib.StandardErrorListener
13:35:06.279 [main] INFO org.evosuite.runtime.instrumentation.EvoClassLoader - Instrumenting class 'net.sf.saxon.lib.StandardErrorListener'.
13:35:06.282 [main] INFO org.evosuite.runtime.instrumentation.MethodCallReplacementClassAdapter - Adding mock interface to class net/sf/saxon/lib/StandardErrorListener
13:35:06.297 [main] INFO org.evosuite.runtime.instrumentation.CreateClassResetClassAdapter - Creating brand-new static initializer in class net/sf/saxon/lib/StandardErrorListener
13:35:06.298 [main] INFO org.evosuite.runtime.instrumentation.EvoClassLoader - Keeping class: net.sf.saxon.lib.StandardErrorListener
13:35:06.298 [main] INFO org.evosuite.runtime.instrumentation.EvoClassLoader - Seeing class for first time: net.sf.saxon.regex.LatinString
13:35:06.298 [main] INFO org.evosuite.runtime.instrumentation.EvoClassLoader - Instrumenting class 'net.sf.saxon.regex.LatinString'.
13:35:06.299 [main] INFO org.evosuite.runtime.instrumentation.MethodCallReplacementClassAdapter - Adding mock interface to class net/sf/saxon/regex/LatinString
13:35:06.299 [main] INFO org.evosuite.runtime.instrumentation.CreateClassResetClassAdapter - Found static initializer in class net/sf/saxon/regex/LatinString
13:35:06.300 [main] INFO org.evosuite.runtime.instrumentation.EvoClassLoader - Keeping class: net.sf.saxon.regex.LatinString
13:35:06.300 [main] INFO org.evosuite.runtime.instrumentation.EvoClassLoader - Seeing class for first time: net.sf.saxon.regex.BMPString
13:35:06.300 [main] INFO org.evosuite.runtime.instrumentation.EvoClassLoader - Instrumenting class 'net.sf.saxon.regex.BMPString'.
13:35:06.301 [main] INFO org.evosuite.runtime.instrumentation.MethodCallReplacementClassAdapter - Adding mock interface to class net/sf/saxon/regex/BMPString
13:35:06.301 [main] INFO org.evosuite.runtime.instrumentation.CreateClassResetClassAdapter - Creating brand-new static initializer in class net/sf/saxon/regex/BMPString
13:35:06.302 [main] INFO org.evosuite.runtime.instrumentation.EvoClassLoader - Keeping class: net.sf.saxon.regex.BMPString
13:35:06.302 [main] INFO org.evosuite.runtime.instrumentation.EvoClassLoader - Seeing class for first time: net.sf.saxon.regex.GeneralUnicodeString
13:35:06.302 [main] INFO org.evosuite.runtime.instrumentation.EvoClassLoader - Instrumenting class 'net.sf.saxon.regex.GeneralUnicodeString'.
13:35:06.303 [main] INFO org.evosuite.runtime.instrumentation.MethodCallReplacementClassAdapter - Adding mock interface to class net/sf/saxon/regex/GeneralUnicodeString
13:35:06.303 [main] INFO org.evosuite.runtime.instrumentation.CreateClassResetClassAdapter - Creating brand-new static initializer in class net/sf/saxon/regex/GeneralUnicodeString
13:35:06.304 [main] INFO org.evosuite.runtime.instrumentation.EvoClassLoader - Keeping class: net.sf.saxon.regex.GeneralUnicodeString
13:35:06.306 [main] INFO org.evosuite.runtime.instrumentation.EvoClassLoader - Seeing class for first time: net.sf.saxon.expr.StackFrame
13:35:06.306 [main] INFO org.evosuite.runtime.instrumentation.EvoClassLoader - Instrumenting class 'net.sf.saxon.expr.StackFrame'.
13:35:06.306 [main] INFO org.evosuite.runtime.instrumentation.MethodCallReplacementClassAdapter - Adding mock interface to class net/sf/saxon/expr/StackFrame
13:35:06.308 [main] INFO org.evosuite.runtime.instrumentation.CreateClassResetClassAdapter - Found static initializer in class net/sf/saxon/expr/StackFrame
13:35:06.308 [main] INFO org.evosuite.runtime.instrumentation.EvoClassLoader - Keeping class: net.sf.saxon.expr.StackFrame
13:35:06.308 [main] INFO org.evosuite.runtime.instrumentation.EvoClassLoader - Seeing class for first time: net.sf.saxon.expr.sort.GroupIterator
13:35:06.308 [main] INFO org.evosuite.runtime.instrumentation.EvoClassLoader - Instrumenting class 'net.sf.saxon.expr.sort.GroupIterator'.
13:35:06.309 [main] INFO org.evosuite.runtime.instrumentation.EvoClassLoader - Keeping class: net.sf.saxon.expr.sort.GroupIterator
13:35:06.309 [main] INFO org.evosuite.runtime.instrumentation.EvoClassLoader - Seeing class for first time: net.sf.saxon.regex.RegexIterator
13:35:06.309 [main] INFO org.evosuite.runtime.instrumentation.EvoClassLoader - Instrumenting class 'net.sf.saxon.regex.RegexIterator'.
13:35:06.310 [main] INFO org.evosuite.runtime.instrumentation.EvoClassLoader - Keeping class: net.sf.saxon.regex.RegexIterator
13:35:06.312 [main] INFO org.evosuite.runtime.instrumentation.EvoClassLoader - Seeing class for first time: net.sf.saxon.trans.XsltController
13:35:06.312 [main] INFO org.evosuite.runtime.instrumentation.EvoClassLoader - Instrumenting class 'net.sf.saxon.trans.XsltController'.
13:35:06.315 [main] INFO org.evosuite.runtime.instrumentation.MethodCallReplacementClassAdapter - Adding mock interface to class net/sf/saxon/trans/XsltController
13:35:06.346 [main] INFO org.evosuite.runtime.instrumentation.CreateClassResetClassAdapter - Creating brand-new static initializer in class net/sf/saxon/trans/XsltController
13:35:06.347 [main] INFO org.evosuite.runtime.instrumentation.EvoClassLoader - Keeping class: net.sf.saxon.trans.XsltController
13:35:06.348 [main] INFO org.evosuite.runtime.instrumentation.EvoClassLoader - Seeing class for first time: net.sf.saxon.expr.TailCallLoop$TailCallInfo
13:35:06.348 [main] INFO org.evosuite.runtime.instrumentation.EvoClassLoader - Instrumenting class 'net.sf.saxon.expr.TailCallLoop$TailCallInfo'.
13:35:06.349 [main] INFO org.evosuite.runtime.instrumentation.EvoClassLoader - Keeping class: net.sf.saxon.expr.TailCallLoop$TailCallInfo
13:35:06.350 [main] INFO org.evosuite.runtime.instrumentation.EvoClassLoader - Seeing class for first time: net.sf.saxon.functions.UnparsedTextFunction
13:35:06.350 [main] INFO org.evosuite.runtime.instrumentation.EvoClassLoader - Instrumenting class 'net.sf.saxon.functions.UnparsedTextFunction'.
13:35:06.352 [main] INFO org.evosuite.runtime.instrumentation.MethodCallReplacementClassAdapter - Adding mock interface to class net/sf/saxon/functions/UnparsedTextFunction
13:35:06.353 [main] INFO org.evosuite.runtime.instrumentation.CreateClassResetClassAdapter - Creating brand-new static initializer in class net/sf/saxon/functions/UnparsedTextFunction
13:35:06.354 [main] INFO org.evosuite.runtime.instrumentation.EvoClassLoader - Keeping class: net.sf.saxon.functions.UnparsedTextFunction
13:35:06.355 [main] INFO org.evosuite.runtime.instrumentation.EvoClassLoader - Seeing class for first time: net.sf.saxon.om.One
13:35:06.355 [main] INFO org.evosuite.runtime.instrumentation.EvoClassLoader - Instrumenting class 'net.sf.saxon.om.One'.
13:35:06.356 [main] INFO org.evosuite.runtime.instrumentation.MethodCallReplacementClassAdapter - Adding mock interface to class net/sf/saxon/om/One
13:35:06.358 [main] INFO org.evosuite.runtime.instrumentation.CreateClassResetClassAdapter - Creating brand-new static initializer in class net/sf/saxon/om/One
13:35:06.359 [main] INFO org.evosuite.runtime.instrumentation.EvoClassLoader - Keeping class: net.sf.saxon.om.One
13:35:06.360 [main] INFO org.evosuite.runtime.instrumentation.EvoClassLoader - Seeing class for first time: net.sf.saxon.regex.EmptyString
13:35:06.360 [main] INFO org.evosuite.runtime.instrumentation.EvoClassLoader - Instrumenting class 'net.sf.saxon.regex.EmptyString'.
13:35:06.360 [main] INFO org.evosuite.runtime.instrumentation.MethodCallReplacementClassAdapter - Adding mock interface to class net/sf/saxon/regex/EmptyString
13:35:06.361 [main] INFO org.evosuite.runtime.instrumentation.CreateClassResetClassAdapter - Found static initializer in class net/sf/saxon/regex/EmptyString
13:35:06.361 [main] INFO org.evosuite.runtime.instrumentation.EvoClassLoader - Keeping class: net.sf.saxon.regex.EmptyString
13:35:06.364 [main] INFO org.evosuite.runtime.instrumentation.EvoClassLoader - Seeing class for first time: net.sf.saxon.functions.ScalarSystemFunction
13:35:06.364 [main] INFO org.evosuite.runtime.instrumentation.EvoClassLoader - Instrumenting class 'net.sf.saxon.functions.ScalarSystemFunction'.
13:35:06.365 [main] INFO org.evosuite.runtime.instrumentation.MethodCallReplacementClassAdapter - Adding mock interface to class net/sf/saxon/functions/ScalarSystemFunction
13:35:06.365 [main] INFO org.evosuite.runtime.instrumentation.CreateClassResetClassAdapter - Found static initializer in class net/sf/saxon/functions/ScalarSystemFunction
13:35:06.365 [main] INFO org.evosuite.runtime.instrumentation.EvoClassLoader - Keeping class: net.sf.saxon.functions.ScalarSystemFunction
13:35:06.365 [main] INFO org.evosuite.runtime.instrumentation.EvoClassLoader - Seeing class for first time: net.sf.saxon.functions.ScalarSystemFunction$1
13:35:06.365 [main] INFO org.evosuite.runtime.instrumentation.EvoClassLoader - Instrumenting class 'net.sf.saxon.functions.ScalarSystemFunction$1'.
13:35:06.366 [main] INFO org.evosuite.runtime.instrumentation.MethodCallReplacementClassAdapter - Adding mock interface to class net/sf/saxon/functions/ScalarSystemFunction$1
13:35:06.367 [main] INFO org.evosuite.runtime.instrumentation.EvoClassLoader - Keeping class: net.sf.saxon.functions.ScalarSystemFunction$1
13:35:06.368 [main] INFO org.evosuite.runtime.instrumentation.EvoClassLoader - Seeing class for first time: net.sf.saxon.functions.EncodeForUri
13:35:06.368 [main] INFO org.evosuite.runtime.instrumentation.EvoClassLoader - Instrumenting class 'net.sf.saxon.functions.EncodeForUri'.
13:35:06.368 [main] INFO org.evosuite.runtime.instrumentation.MethodCallReplacementClassAdapter - Adding mock interface to class net/sf/saxon/functions/EncodeForUri
13:35:06.369 [main] INFO org.evosuite.runtime.instrumentation.CreateClassResetClassAdapter - Found static initializer in class net/sf/saxon/functions/EncodeForUri
13:35:06.370 [main] INFO org.evosuite.runtime.instrumentation.EvoClassLoader - Keeping class: net.sf.saxon.functions.EncodeForUri
13:35:06.370 [main] INFO org.evosuite.runtime.instrumentation.EvoClassLoader - Seeing class for first time: net.sf.saxon.style.DataElement
13:35:06.370 [main] INFO org.evosuite.runtime.instrumentation.EvoClassLoader - Instrumenting class 'net.sf.saxon.style.DataElement'.
13:35:06.371 [main] INFO org.evosuite.runtime.instrumentation.MethodCallReplacementClassAdapter - Adding mock interface to class net/sf/saxon/style/DataElement
13:35:06.371 [main] INFO org.evosuite.runtime.instrumentation.CreateClassResetClassAdapter - Creating brand-new static initializer in class net/sf/saxon/style/DataElement
13:35:06.372 [main] INFO org.evosuite.runtime.instrumentation.EvoClassLoader - Keeping class: net.sf.saxon.style.DataElement
13:35:06.372 [main] INFO org.evosuite.runtime.instrumentation.EvoClassLoader - Seeing class for first time: net.sf.saxon.expr.EarlyEvaluationContext
13:35:06.372 [main] INFO org.evosuite.runtime.instrumentation.EvoClassLoader - Instrumenting class 'net.sf.saxon.expr.EarlyEvaluationContext'.
13:35:06.373 [main] INFO org.evosuite.runtime.instrumentation.MethodCallReplacementClassAdapter - Adding mock interface to class net/sf/saxon/expr/EarlyEvaluationContext
13:35:06.374 [main] INFO org.evosuite.runtime.instrumentation.CreateClassResetClassAdapter - Creating brand-new static initializer in class net/sf/saxon/expr/EarlyEvaluationContext
13:35:06.374 [main] INFO org.evosuite.runtime.instrumentation.EvoClassLoader - Keeping class: net.sf.saxon.expr.EarlyEvaluationContext
13:35:06.375 [main] INFO org.evosuite.runtime.instrumentation.EvoClassLoader - Seeing class for first time: net.sf.saxon.style.XSLForEach
13:35:06.375 [main] INFO org.evosuite.runtime.instrumentation.EvoClassLoader - Instrumenting class 'net.sf.saxon.style.XSLForEach'.
13:35:06.376 [main] INFO org.evosuite.runtime.instrumentation.MethodCallReplacementClassAdapter - Adding mock interface to class net/sf/saxon/style/XSLForEach
13:35:06.379 [main] INFO org.evosuite.runtime.instrumentation.CreateClassResetClassAdapter - Found static initializer in class net/sf/saxon/style/XSLForEach
13:35:06.380 [main] INFO org.evosuite.runtime.instrumentation.EvoClassLoader - Keeping class: net.sf.saxon.style.XSLForEach
13:35:06.380 [main] INFO org.evosuite.runtime.instrumentation.EvoClassLoader - Seeing class for first time: net.sf.saxon.expr.sort.SortExpression
13:35:06.380 [main] INFO org.evosuite.runtime.instrumentation.EvoClassLoader - Instrumenting class 'net.sf.saxon.expr.sort.SortExpression'.
13:35:06.381 [main] INFO org.evosuite.runtime.instrumentation.MethodCallReplacementClassAdapter - Adding mock interface to class net/sf/saxon/expr/sort/SortExpression
13:35:06.385 [main] INFO org.evosuite.runtime.instrumentation.CreateClassResetClassAdapter - Found static initializer in class net/sf/saxon/expr/sort/SortExpression
13:35:06.385 [main] INFO org.evosuite.runtime.instrumentation.EvoClassLoader - Seeing class for first time: net.sf.saxon.expr.sort.SortKeyEvaluator
13:35:06.385 [main] INFO org.evosuite.runtime.instrumentation.EvoClassLoader - Instrumenting class 'net.sf.saxon.expr.sort.SortKeyEvaluator'.
13:35:06.387 [main] INFO org.evosuite.runtime.instrumentation.EvoClassLoader - Keeping class: net.sf.saxon.expr.sort.SortKeyEvaluator
13:35:06.387 [main] INFO org.evosuite.runtime.instrumentation.EvoClassLoader - Keeping class: net.sf.saxon.expr.sort.SortExpression
13:35:06.387 [main] INFO org.evosuite.runtime.instrumentation.EvoClassLoader - Seeing class for first time: net.sf.saxon.expr.instruct.ForEach
13:35:06.387 [main] INFO org.evosuite.runtime.instrumentation.EvoClassLoader - Instrumenting class 'net.sf.saxon.expr.instruct.ForEach'.
13:35:06.389 [main] INFO org.evosuite.runtime.instrumentation.MethodCallReplacementClassAdapter - Adding mock interface to class net/sf/saxon/expr/instruct/ForEach
13:35:06.390 [main] INFO org.evosuite.runtime.instrumentation.CreateClassResetClassAdapter - Found static initializer in class net/sf/saxon/expr/instruct/ForEach
13:35:06.390 [main] INFO org.evosuite.runtime.instrumentation.EvoClassLoader - Seeing class for first time: net.sf.saxon.expr.ContextMappingFunction
13:35:06.391 [main] INFO org.evosuite.runtime.instrumentation.EvoClassLoader - Instrumenting class 'net.sf.saxon.expr.ContextMappingFunction'.
13:35:06.392 [main] INFO org.evosuite.runtime.instrumentation.EvoClassLoader - Keeping class: net.sf.saxon.expr.ContextMappingFunction
13:35:06.392 [main] INFO org.evosuite.runtime.instrumentation.EvoClassLoader - Seeing class for first time: net.sf.saxon.expr.ContextSwitchingExpression
13:35:06.392 [main] INFO org.evosuite.runtime.instrumentation.EvoClassLoader - Instrumenting class 'net.sf.saxon.expr.ContextSwitchingExpression'.
13:35:06.392 [main] INFO org.evosuite.runtime.instrumentation.EvoClassLoader - Keeping class: net.sf.saxon.expr.ContextSwitchingExpression
13:35:06.393 [main] INFO org.evosuite.runtime.instrumentation.EvoClassLoader - Keeping class: net.sf.saxon.expr.instruct.ForEach
13:35:06.394 [main] INFO org.evosuite.runtime.instrumentation.EvoClassLoader - Seeing class for first time: net.sf.saxon.trans.packages.VersionedPackageName
13:35:06.394 [main] INFO org.evosuite.runtime.instrumentation.EvoClassLoader - Instrumenting class 'net.sf.saxon.trans.packages.VersionedPackageName'.
13:35:06.395 [main] INFO org.evosuite.runtime.instrumentation.MethodCallReplacementClassAdapter - Adding mock interface to class net/sf/saxon/trans/packages/VersionedPackageName
13:35:06.396 [main] INFO org.evosuite.runtime.instrumentation.CreateClassResetClassAdapter - Creating brand-new static initializer in class net/sf/saxon/trans/packages/VersionedPackageName
13:35:06.396 [main] INFO org.evosuite.runtime.instrumentation.EvoClassLoader - Keeping class: net.sf.saxon.trans.packages.VersionedPackageName
13:35:06.396 [main] INFO org.evosuite.runtime.instrumentation.EvoClassLoader - Seeing class for first time: net.sf.saxon.trans.packages.UsePack
13:35:06.396 [main] INFO org.evosuite.runtime.instrumentation.EvoClassLoader - Instrumenting class 'net.sf.saxon.trans.packages.UsePack'.
13:35:06.397 [main] INFO org.evosuite.runtime.instrumentation.MethodCallReplacementClassAdapter - Adding mock interface to class net/sf/saxon/trans/packages/UsePack
13:35:06.398 [main] INFO org.evosuite.runtime.instrumentation.CreateClassResetClassAdapter - Creating brand-new static initializer in class net/sf/saxon/trans/packages/UsePack
13:35:06.398 [main] INFO org.evosuite.runtime.instrumentation.EvoClassLoader - Keeping class: net.sf.saxon.trans.packages.UsePack
13:35:06.398 [main] INFO org.evosuite.runtime.instrumentation.EvoClassLoader - Seeing class for first time: net.sf.saxon.style.XSLPackage
13:35:06.398 [main] INFO org.evosuite.runtime.instrumentation.EvoClassLoader - Instrumenting class 'net.sf.saxon.style.XSLPackage'.
13:35:06.399 [main] INFO org.evosuite.runtime.instrumentation.MethodCallReplacementClassAdapter - Adding mock interface to class net/sf/saxon/style/XSLPackage
13:35:06.400 [main] INFO org.evosuite.runtime.instrumentation.CreateClassResetClassAdapter - Creating brand-new static initializer in class net/sf/saxon/style/XSLPackage
13:35:06.402 [main] INFO org.evosuite.runtime.instrumentation.EvoClassLoader - Keeping class: net.sf.saxon.style.XSLPackage
13:35:06.402 [main] INFO org.evosuite.runtime.instrumentation.EvoClassLoader - Seeing class for first time: net.sf.saxon.om.QNameParser
13:35:06.402 [main] INFO org.evosuite.runtime.instrumentation.EvoClassLoader - Instrumenting class 'net.sf.saxon.om.QNameParser'.
13:35:06.403 [main] INFO org.evosuite.runtime.instrumentation.MethodCallReplacementClassAdapter - Adding mock interface to class net/sf/saxon/om/QNameParser
13:35:06.405 [main] INFO org.evosuite.runtime.instrumentation.CreateClassResetClassAdapter - Creating brand-new static initializer in class net/sf/saxon/om/QNameParser
13:35:06.405 [main] INFO org.evosuite.runtime.instrumentation.EvoClassLoader - Keeping class: net.sf.saxon.om.QNameParser
13:35:06.406 [main] INFO org.evosuite.runtime.instrumentation.EvoClassLoader - Seeing class for first time: net.sf.saxon.query.XQueryParser$Unescaper
13:35:06.406 [main] INFO org.evosuite.runtime.instrumentation.EvoClassLoader - Instrumenting class 'net.sf.saxon.query.XQueryParser$Unescaper'.
13:35:06.408 [main] INFO org.evosuite.runtime.instrumentation.MethodCallReplacementClassAdapter - Adding mock interface to class net/sf/saxon/query/XQueryParser$Unescaper
13:35:06.409 [main] INFO org.evosuite.runtime.instrumentation.CreateClassResetClassAdapter - Found static initializer in class net/sf/saxon/query/XQueryParser$Unescaper
13:35:06.410 [main] INFO org.evosuite.runtime.instrumentation.EvoClassLoader - Keeping class: net.sf.saxon.query.XQueryParser$Unescaper
13:35:06.412 [main] INFO org.evosuite.runtime.instrumentation.EvoClassLoader - Seeing class for first time: net.sf.saxon.event.BuilderMonitor
13:35:06.412 [main] INFO org.evosuite.runtime.instrumentation.EvoClassLoader - Instrumenting class 'net.sf.saxon.event.BuilderMonitor'.
13:35:06.413 [main] INFO org.evosuite.runtime.instrumentation.MethodCallReplacementClassAdapter - Adding mock interface to class net/sf/saxon/event/BuilderMonitor
13:35:06.413 [main] INFO org.evosuite.runtime.instrumentation.CreateClassResetClassAdapter - Creating brand-new static initializer in class net/sf/saxon/event/BuilderMonitor
13:35:06.413 [main] INFO org.evosuite.runtime.instrumentation.EvoClassLoader - Keeping class: net.sf.saxon.event.BuilderMonitor
13:35:06.413 [main] INFO org.evosuite.runtime.instrumentation.EvoClassLoader - Seeing class for first time: net.sf.saxon.tree.linked.LinkedBuilderMonitor
13:35:06.413 [main] INFO org.evosuite.runtime.instrumentation.EvoClassLoader - Instrumenting class 'net.sf.saxon.tree.linked.LinkedBuilderMonitor'.
13:35:06.414 [main] INFO org.evosuite.runtime.instrumentation.MethodCallReplacementClassAdapter - Adding mock interface to class net/sf/saxon/tree/linked/LinkedBuilderMonitor
13:35:06.415 [main] INFO org.evosuite.runtime.instrumentation.CreateClassResetClassAdapter - Creating brand-new static initializer in class net/sf/saxon/tree/linked/LinkedBuilderMonitor
13:35:06.415 [main] INFO org.evosuite.runtime.instrumentation.EvoClassLoader - Keeping class: net.sf.saxon.tree.linked.LinkedBuilderMonitor
13:35:06.416 [main] INFO org.evosuite.runtime.instrumentation.EvoClassLoader - Seeing class for first time: net.sf.saxon.tree.linked.LinkedTreeBuilder$DefaultNodeFactory
13:35:06.416 [main] INFO org.evosuite.runtime.instrumentation.EvoClassLoader - Instrumenting class 'net.sf.saxon.tree.linked.LinkedTreeBuilder$DefaultNodeFactory'.
13:35:06.416 [main] INFO org.evosuite.runtime.instrumentation.MethodCallReplacementClassAdapter - Adding mock interface to class net/sf/saxon/tree/linked/LinkedTreeBuilder$DefaultNodeFactory
13:35:06.417 [main] INFO org.evosuite.runtime.instrumentation.CreateClassResetClassAdapter - Found static initializer in class net/sf/saxon/tree/linked/LinkedTreeBuilder$DefaultNodeFactory
13:35:06.417 [main] INFO org.evosuite.runtime.instrumentation.EvoClassLoader - Keeping class: net.sf.saxon.tree.linked.LinkedTreeBuilder$DefaultNodeFactory
13:35:06.418 [main] INFO org.evosuite.runtime.instrumentation.EvoClassLoader - Seeing class for first time: net.sf.saxon.style.TextValueTemplateNode
13:35:06.418 [main] INFO org.evosuite.runtime.instrumentation.EvoClassLoader - Instrumenting class 'net.sf.saxon.style.TextValueTemplateNode'.
13:35:06.418 [main] INFO org.evosuite.runtime.instrumentation.MethodCallReplacementClassAdapter - Adding mock interface to class net/sf/saxon/style/TextValueTemplateNode
13:35:06.419 [main] INFO org.evosuite.runtime.instrumentation.CreateClassResetClassAdapter - Creating brand-new static initializer in class net/sf/saxon/style/TextValueTemplateNode
13:35:06.420 [main] INFO org.evosuite.runtime.instrumentation.EvoClassLoader - Keeping class: net.sf.saxon.style.TextValueTemplateNode
13:35:06.420 [main] INFO org.evosuite.runtime.instrumentation.EvoClassLoader - Seeing class for first time: net.sf.saxon.style.AbsentExtensionElement
13:35:06.420 [main] INFO org.evosuite.runtime.instrumentation.EvoClassLoader - Instrumenting class 'net.sf.saxon.style.AbsentExtensionElement'.
13:35:06.421 [main] INFO org.evosuite.runtime.instrumentation.MethodCallReplacementClassAdapter - Adding mock interface to class net/sf/saxon/style/AbsentExtensionElement
13:35:06.421 [main] INFO org.evosuite.runtime.instrumentation.CreateClassResetClassAdapter - Creating brand-new static initializer in class net/sf/saxon/style/AbsentExtensionElement
13:35:06.422 [main] INFO org.evosuite.runtime.instrumentation.EvoClassLoader - Keeping class: net.sf.saxon.style.AbsentExtensionElement
13:35:06.422 [main] INFO org.evosuite.runtime.instrumentation.EvoClassLoader - Seeing class for first time: net.sf.saxon.style.LiteralResultElement
13:35:06.422 [main] INFO org.evosuite.runtime.instrumentation.EvoClassLoader - Instrumenting class 'net.sf.saxon.style.LiteralResultElement'.
13:35:06.423 [main] INFO org.evosuite.runtime.instrumentation.MethodCallReplacementClassAdapter - Adding mock interface to class net/sf/saxon/style/LiteralResultElement
13:35:06.443 [main] INFO org.evosuite.runtime.instrumentation.CreateClassResetClassAdapter - Creating brand-new static initializer in class net/sf/saxon/style/LiteralResultElement
13:35:06.444 [main] INFO org.evosuite.runtime.instrumentation.EvoClassLoader - Keeping class: net.sf.saxon.style.LiteralResultElement
13:35:06.444 [main] INFO org.evosuite.runtime.instrumentation.EvoClassLoader - Seeing class for first time: net.sf.saxon.style.XSLAccept
13:35:06.444 [main] INFO org.evosuite.runtime.instrumentation.EvoClassLoader - Instrumenting class 'net.sf.saxon.style.XSLAccept'.
13:35:06.445 [main] INFO org.evosuite.runtime.instrumentation.MethodCallReplacementClassAdapter - Adding mock interface to class net/sf/saxon/style/XSLAccept
13:35:06.447 [main] INFO org.evosuite.runtime.instrumentation.CreateClassResetClassAdapter - Creating brand-new static initializer in class net/sf/saxon/style/XSLAccept
13:35:06.447 [main] INFO org.evosuite.runtime.instrumentation.EvoClassLoader - Seeing class for first time: net.sf.saxon.style.XSLAcceptExpose
13:35:06.447 [main] INFO org.evosuite.runtime.instrumentation.EvoClassLoader - Instrumenting class 'net.sf.saxon.style.XSLAcceptExpose'.
13:35:06.448 [main] INFO org.evosuite.runtime.instrumentation.MethodCallReplacementClassAdapter - Adding mock interface to class net/sf/saxon/style/XSLAcceptExpose
13:35:06.449 [main] INFO org.evosuite.runtime.instrumentation.CreateClassResetClassAdapter - Creating brand-new static initializer in class net/sf/saxon/style/XSLAcceptExpose
13:35:06.449 [main] INFO org.evosuite.runtime.instrumentation.EvoClassLoader - Keeping class: net.sf.saxon.style.XSLAcceptExpose
13:35:06.449 [main] INFO org.evosuite.runtime.instrumentation.EvoClassLoader - Keeping class: net.sf.saxon.style.XSLAccept
13:35:06.450 [main] INFO org.evosuite.runtime.instrumentation.EvoClassLoader - Seeing class for first time: net.sf.saxon.style.XSLAccumulator
13:35:06.450 [main] INFO org.evosuite.runtime.instrumentation.EvoClassLoader - Instrumenting class 'net.sf.saxon.style.XSLAccumulator'.
13:35:06.451 [main] INFO org.evosuite.runtime.instrumentation.MethodCallReplacementClassAdapter - Adding mock interface to class net/sf/saxon/style/XSLAccumulator
13:35:06.465 [main] INFO org.evosuite.runtime.instrumentation.CreateClassResetClassAdapter - Creating brand-new static initializer in class net/sf/saxon/style/XSLAccumulator
13:35:06.466 [main] INFO org.evosuite.runtime.instrumentation.EvoClassLoader - Keeping class: net.sf.saxon.style.XSLAccumulator
13:35:06.466 [main] INFO org.evosuite.runtime.instrumentation.EvoClassLoader - Seeing class for first time: net.sf.saxon.style.XSLAccumulatorRule
13:35:06.466 [main] INFO org.evosuite.runtime.instrumentation.EvoClassLoader - Instrumenting class 'net.sf.saxon.style.XSLAccumulatorRule'.
13:35:06.467 [main] INFO org.evosuite.runtime.instrumentation.MethodCallReplacementClassAdapter - Adding mock interface to class net/sf/saxon/style/XSLAccumulatorRule
13:35:06.468 [main] INFO org.evosuite.runtime.instrumentation.CreateClassResetClassAdapter - Found static initializer in class net/sf/saxon/style/XSLAccumulatorRule
13:35:06.469 [main] INFO org.evosuite.runtime.instrumentation.EvoClassLoader - Keeping class: net.sf.saxon.style.XSLAccumulatorRule
13:35:06.469 [main] INFO org.evosuite.runtime.instrumentation.EvoClassLoader - Seeing class for first time: net.sf.saxon.style.XSLAnalyzeString
13:35:06.469 [main] INFO org.evosuite.runtime.instrumentation.EvoClassLoader - Instrumenting class 'net.sf.saxon.style.XSLAnalyzeString'.
13:35:06.471 [main] INFO org.evosuite.runtime.instrumentation.MethodCallReplacementClassAdapter - Adding mock interface to class net/sf/saxon/style/XSLAnalyzeString
13:35:06.472 [main] INFO org.evosuite.runtime.instrumentation.CreateClassResetClassAdapter - Creating brand-new static initializer in class net/sf/saxon/style/XSLAnalyzeString
13:35:06.473 [main] INFO org.evosuite.runtime.instrumentation.EvoClassLoader - Keeping class: net.sf.saxon.style.XSLAnalyzeString
13:35:06.473 [main] INFO org.evosuite.runtime.instrumentation.EvoClassLoader - Seeing class for first time: net.sf.saxon.style.XSLApplyImports
13:35:06.473 [main] INFO org.evosuite.runtime.instrumentation.EvoClassLoader - Instrumenting class 'net.sf.saxon.style.XSLApplyImports'.
13:35:06.474 [main] INFO org.evosuite.runtime.instrumentation.MethodCallReplacementClassAdapter - Adding mock interface to class net/sf/saxon/style/XSLApplyImports
13:35:06.475 [main] INFO org.evosuite.runtime.instrumentation.CreateClassResetClassAdapter - Creating brand-new static initializer in class net/sf/saxon/style/XSLApplyImports
13:35:06.475 [main] INFO org.evosuite.runtime.instrumentation.EvoClassLoader - Keeping class: net.sf.saxon.style.XSLApplyImports
13:35:06.476 [main] INFO org.evosuite.runtime.instrumentation.EvoClassLoader - Seeing class for first time: net.sf.saxon.style.XSLApplyTemplates
13:35:06.476 [main] INFO org.evosuite.runtime.instrumentation.EvoClassLoader - Instrumenting class 'net.sf.saxon.style.XSLApplyTemplates'.
13:35:06.477 [main] INFO org.evosuite.runtime.instrumentation.MethodCallReplacementClassAdapter - Adding mock interface to class net/sf/saxon/style/XSLApplyTemplates
13:35:06.489 [main] INFO org.evosuite.runtime.instrumentation.CreateClassResetClassAdapter - Found static initializer in class net/sf/saxon/style/XSLApplyTemplates
13:35:06.490 [main] INFO org.evosuite.runtime.instrumentation.EvoClassLoader - Keeping class: net.sf.saxon.style.XSLApplyTemplates
13:35:06.490 [main] INFO org.evosuite.runtime.instrumentation.EvoClassLoader - Seeing class for first time: net.sf.saxon.style.XSLAssert
13:35:06.490 [main] INFO org.evosuite.runtime.instrumentation.EvoClassLoader - Instrumenting class 'net.sf.saxon.style.XSLAssert'.
13:35:06.492 [main] INFO org.evosuite.runtime.instrumentation.MethodCallReplacementClassAdapter - Adding mock interface to class net/sf/saxon/style/XSLAssert
13:35:06.493 [main] INFO org.evosuite.runtime.instrumentation.CreateClassResetClassAdapter - Creating brand-new static initializer in class net/sf/saxon/style/XSLAssert
13:35:06.493 [main] INFO org.evosuite.runtime.instrumentation.EvoClassLoader - Keeping class: net.sf.saxon.style.XSLAssert
13:35:06.493 [main] INFO org.evosuite.runtime.instrumentation.EvoClassLoader - Seeing class for first time: net.sf.saxon.style.XSLAttribute
13:35:06.494 [main] INFO org.evosuite.runtime.instrumentation.EvoClassLoader - Instrumenting class 'net.sf.saxon.style.XSLAttribute'.
13:35:06.495 [main] INFO org.evosuite.runtime.instrumentation.MethodCallReplacementClassAdapter - Adding mock interface to class net/sf/saxon/style/XSLAttribute
13:35:06.497 [main] INFO org.evosuite.runtime.instrumentation.CreateClassResetClassAdapter - Creating brand-new static initializer in class net/sf/saxon/style/XSLAttribute
13:35:06.497 [main] INFO org.evosuite.runtime.instrumentation.EvoClassLoader - Seeing class for first time: net.sf.saxon.style.XSLLeafNodeConstructor
13:35:06.497 [main] INFO org.evosuite.runtime.instrumentation.EvoClassLoader - Instrumenting class 'net.sf.saxon.style.XSLLeafNodeConstructor'.
13:35:06.498 [main] INFO org.evosuite.runtime.instrumentation.MethodCallReplacementClassAdapter - Adding mock interface to class net/sf/saxon/style/XSLLeafNodeConstructor
13:35:06.508 [main] INFO org.evosuite.runtime.instrumentation.CreateClassResetClassAdapter - Creating brand-new static initializer in class net/sf/saxon/style/XSLLeafNodeConstructor
13:35:06.508 [main] INFO org.evosuite.runtime.instrumentation.EvoClassLoader - Keeping class: net.sf.saxon.style.XSLLeafNodeConstructor
13:35:06.509 [main] INFO org.evosuite.runtime.instrumentation.EvoClassLoader - Keeping class: net.sf.saxon.style.XSLAttribute
13:35:06.509 [main] INFO org.evosuite.runtime.instrumentation.EvoClassLoader - Seeing class for first time: net.sf.saxon.style.XSLAttributeSet
13:35:06.509 [main] INFO org.evosuite.runtime.instrumentation.EvoClassLoader - Instrumenting class 'net.sf.saxon.style.XSLAttributeSet'.
13:35:06.511 [main] INFO org.evosuite.runtime.instrumentation.MethodCallReplacementClassAdapter - Adding mock interface to class net/sf/saxon/style/XSLAttributeSet
13:35:06.513 [main] INFO org.evosuite.runtime.instrumentation.CreateClassResetClassAdapter - Creating brand-new static initializer in class net/sf/saxon/style/XSLAttributeSet
13:35:06.514 [main] INFO org.evosuite.runtime.instrumentation.EvoClassLoader - Keeping class: net.sf.saxon.style.XSLAttributeSet
13:35:06.514 [main] INFO org.evosuite.runtime.instrumentation.EvoClassLoader - Seeing class for first time: net.sf.saxon.style.XSLBreak
13:35:06.514 [main] INFO org.evosuite.runtime.instrumentation.EvoClassLoader - Instrumenting class 'net.sf.saxon.style.XSLBreak'.
13:35:06.515 [main] INFO org.evosuite.runtime.instrumentation.MethodCallReplacementClassAdapter - Adding mock interface to class net/sf/saxon/style/XSLBreak
13:35:06.516 [main] INFO org.evosuite.runtime.instrumentation.CreateClassResetClassAdapter - Creating brand-new static initializer in class net/sf/saxon/style/XSLBreak
13:35:06.516 [main] INFO org.evosuite.runtime.instrumentation.EvoClassLoader - Seeing class for first time: net.sf.saxon.style.XSLBreakOrContinue
13:35:06.516 [main] INFO org.evosuite.runtime.instrumentation.EvoClassLoader - Instrumenting class 'net.sf.saxon.style.XSLBreakOrContinue'.
13:35:06.517 [main] INFO org.evosuite.runtime.instrumentation.MethodCallReplacementClassAdapter - Adding mock interface to class net/sf/saxon/style/XSLBreakOrContinue
13:35:06.525 [main] INFO org.evosuite.runtime.instrumentation.CreateClassResetClassAdapter - Creating brand-new static initializer in class net/sf/saxon/style/XSLBreakOrContinue
13:35:06.526 [main] INFO org.evosuite.runtime.instrumentation.EvoClassLoader - Keeping class: net.sf.saxon.style.XSLBreakOrContinue
13:35:06.526 [main] INFO org.evosuite.runtime.instrumentation.EvoClassLoader - Keeping class: net.sf.saxon.style.XSLBreak
13:35:06.526 [main] INFO org.evosuite.runtime.instrumentation.EvoClassLoader - Seeing class for first time: net.sf.saxon.style.XSLCallTemplate
13:35:06.526 [main] INFO org.evosuite.runtime.instrumentation.EvoClassLoader - Instrumenting class 'net.sf.saxon.style.XSLCallTemplate'.
13:35:06.527 [main] INFO org.evosuite.runtime.instrumentation.MethodCallReplacementClassAdapter - Adding mock interface to class net/sf/saxon/style/XSLCallTemplate
13:35:06.529 [main] INFO org.evosuite.runtime.instrumentation.CreateClassResetClassAdapter - Found static initializer in class net/sf/saxon/style/XSLCallTemplate
13:35:06.530 [main] INFO org.evosuite.runtime.instrumentation.EvoClassLoader - Keeping class: net.sf.saxon.style.XSLCallTemplate
13:35:06.530 [main] INFO org.evosuite.runtime.instrumentation.EvoClassLoader - Seeing class for first time: net.sf.saxon.style.XSLCatch
13:35:06.530 [main] INFO org.evosuite.runtime.instrumentation.EvoClassLoader - Instrumenting class 'net.sf.saxon.style.XSLCatch'.
13:35:06.531 [main] INFO org.evosuite.runtime.instrumentation.MethodCallReplacementClassAdapter - Adding mock interface to class net/sf/saxon/style/XSLCatch
13:35:06.538 [main] INFO org.evosuite.runtime.instrumentation.CreateClassResetClassAdapter - Creating brand-new static initializer in class net/sf/saxon/style/XSLCatch
13:35:06.539 [main] INFO org.evosuite.runtime.instrumentation.EvoClassLoader - Keeping class: net.sf.saxon.style.XSLCatch
13:35:06.539 [main] INFO org.evosuite.runtime.instrumentation.EvoClassLoader - Seeing class for first time: net.sf.saxon.style.XSLContextItem
13:35:06.539 [main] INFO org.evosuite.runtime.instrumentation.EvoClassLoader - Instrumenting class 'net.sf.saxon.style.XSLContextItem'.
13:35:06.540 [main] INFO org.evosuite.runtime.instrumentation.MethodCallReplacementClassAdapter - Adding mock interface to class net/sf/saxon/style/XSLContextItem
13:35:06.541 [main] INFO org.evosuite.runtime.instrumentation.CreateClassResetClassAdapter - Creating brand-new static initializer in class net/sf/saxon/style/XSLContextItem
13:35:06.542 [main] INFO org.evosuite.runtime.instrumentation.EvoClassLoader - Keeping class: net.sf.saxon.style.XSLContextItem
13:35:06.542 [main] INFO org.evosuite.runtime.instrumentation.EvoClassLoader - Seeing class for first time: net.sf.saxon.style.XSLCharacterMap
13:35:06.542 [main] INFO org.evosuite.runtime.instrumentation.EvoClassLoader - Instrumenting class 'net.sf.saxon.style.XSLCharacterMap'.
13:35:06.543 [main] INFO org.evosuite.runtime.instrumentation.MethodCallReplacementClassAdapter - Adding mock interface to class net/sf/saxon/style/XSLCharacterMap
13:35:06.545 [main] INFO org.evosuite.runtime.instrumentation.CreateClassResetClassAdapter - Creating brand-new static initializer in class net/sf/saxon/style/XSLCharacterMap
13:35:06.546 [main] INFO org.evosuite.runtime.instrumentation.EvoClassLoader - Keeping class: net.sf.saxon.style.XSLCharacterMap
13:35:06.546 [main] INFO org.evosuite.runtime.instrumentation.EvoClassLoader - Seeing class for first time: net.sf.saxon.style.XSLChoose
13:35:06.546 [main] INFO org.evosuite.runtime.instrumentation.EvoClassLoader - Instrumenting class 'net.sf.saxon.style.XSLChoose'.
13:35:06.547 [main] INFO org.evosuite.runtime.instrumentation.MethodCallReplacementClassAdapter - Adding mock interface to class net/sf/saxon/style/XSLChoose
13:35:06.552 [main] INFO org.evosuite.runtime.instrumentation.CreateClassResetClassAdapter - Creating brand-new static initializer in class net/sf/saxon/style/XSLChoose
13:35:06.553 [main] INFO org.evosuite.runtime.instrumentation.EvoClassLoader - Keeping class: net.sf.saxon.style.XSLChoose
13:35:06.553 [main] INFO org.evosuite.runtime.instrumentation.EvoClassLoader - Seeing class for first time: net.sf.saxon.style.XSLComment
13:35:06.553 [main] INFO org.evosuite.runtime.instrumentation.EvoClassLoader - Instrumenting class 'net.sf.saxon.style.XSLComment'.
13:35:06.554 [main] INFO org.evosuite.runtime.instrumentation.MethodCallReplacementClassAdapter - Adding mock interface to class net/sf/saxon/style/XSLComment
13:35:06.555 [main] INFO org.evosuite.runtime.instrumentation.CreateClassResetClassAdapter - Creating brand-new static initializer in class net/sf/saxon/style/XSLComment
13:35:06.556 [main] INFO org.evosuite.runtime.instrumentation.EvoClassLoader - Keeping class: net.sf.saxon.style.XSLComment
13:35:06.556 [main] INFO org.evosuite.runtime.instrumentation.EvoClassLoader - Seeing class for first time: net.sf.saxon.style.XSLCopy
13:35:06.556 [main] INFO org.evosuite.runtime.instrumentation.EvoClassLoader - Instrumenting class 'net.sf.saxon.style.XSLCopy'.
13:35:06.557 [main] INFO org.evosuite.runtime.instrumentation.MethodCallReplacementClassAdapter - Adding mock interface to class net/sf/saxon/style/XSLCopy
13:35:06.564 [main] INFO org.evosuite.runtime.instrumentation.CreateClassResetClassAdapter - Creating brand-new static initializer in class net/sf/saxon/style/XSLCopy
13:35:06.565 [main] INFO org.evosuite.runtime.instrumentation.EvoClassLoader - Keeping class: net.sf.saxon.style.XSLCopy
13:35:06.565 [main] INFO org.evosuite.runtime.instrumentation.EvoClassLoader - Seeing class for first time: net.sf.saxon.style.XSLCopyOf
13:35:06.565 [main] INFO org.evosuite.runtime.instrumentation.EvoClassLoader - Instrumenting class 'net.sf.saxon.style.XSLCopyOf'.
13:35:06.566 [main] INFO org.evosuite.runtime.instrumentation.MethodCallReplacementClassAdapter - Adding mock interface to class net/sf/saxon/style/XSLCopyOf
13:35:06.567 [main] INFO org.evosuite.runtime.instrumentation.CreateClassResetClassAdapter - Creating brand-new static initializer in class net/sf/saxon/style/XSLCopyOf
13:35:06.568 [main] INFO org.evosuite.runtime.instrumentation.EvoClassLoader - Keeping class: net.sf.saxon.style.XSLCopyOf
13:35:06.568 [main] INFO org.evosuite.runtime.instrumentation.EvoClassLoader - Seeing class for first time: net.sf.saxon.style.XSLDecimalFormat
13:35:06.568 [main] INFO org.evosuite.runtime.instrumentation.EvoClassLoader - Instrumenting class 'net.sf.saxon.style.XSLDecimalFormat'.
13:35:06.569 [main] INFO org.evosuite.runtime.instrumentation.MethodCallReplacementClassAdapter - Adding mock interface to class net/sf/saxon/style/XSLDecimalFormat
13:35:06.572 [main] INFO org.evosuite.runtime.instrumentation.CreateClassResetClassAdapter - Creating brand-new static initializer in class net/sf/saxon/style/XSLDecimalFormat
13:35:06.573 [main] INFO org.evosuite.runtime.instrumentation.EvoClassLoader - Keeping class: net.sf.saxon.style.XSLDecimalFormat
13:35:06.573 [main] INFO org.evosuite.runtime.instrumentation.EvoClassLoader - Seeing class for first time: net.sf.saxon.style.XSLDocument
13:35:06.573 [main] INFO org.evosuite.runtime.instrumentation.EvoClassLoader - Instrumenting class 'net.sf.saxon.style.XSLDocument'.
13:35:06.574 [main] INFO org.evosuite.runtime.instrumentation.MethodCallReplacementClassAdapter - Adding mock interface to class net/sf/saxon/style/XSLDocument
13:35:06.578 [main] INFO org.evosuite.runtime.instrumentation.CreateClassResetClassAdapter - Creating brand-new static initializer in class net/sf/saxon/style/XSLDocument
13:35:06.579 [main] INFO org.evosuite.runtime.instrumentation.EvoClassLoader - Keeping class: net.sf.saxon.style.XSLDocument
13:35:06.579 [main] INFO org.evosuite.runtime.instrumentation.EvoClassLoader - Seeing class for first time: net.sf.saxon.style.XSLElement
13:35:06.579 [main] INFO org.evosuite.runtime.instrumentation.EvoClassLoader - Instrumenting class 'net.sf.saxon.style.XSLElement'.
13:35:06.581 [main] INFO org.evosuite.runtime.instrumentation.MethodCallReplacementClassAdapter - Adding mock interface to class net/sf/saxon/style/XSLElement
13:35:06.586 [main] INFO org.evosuite.runtime.instrumentation.CreateClassResetClassAdapter - Creating brand-new static initializer in class net/sf/saxon/style/XSLElement
13:35:06.587 [main] INFO org.evosuite.runtime.instrumentation.EvoClassLoader - Keeping class: net.sf.saxon.style.XSLElement
13:35:06.587 [main] INFO org.evosuite.runtime.instrumentation.EvoClassLoader - Seeing class for first time: net.sf.saxon.style.XSLExpose
13:35:06.587 [main] INFO org.evosuite.runtime.instrumentation.EvoClassLoader - Instrumenting class 'net.sf.saxon.style.XSLExpose'.
13:35:06.588 [main] INFO org.evosuite.runtime.instrumentation.MethodCallReplacementClassAdapter - Adding mock interface to class net/sf/saxon/style/XSLExpose
13:35:06.590 [main] INFO org.evosuite.runtime.instrumentation.CreateClassResetClassAdapter - Creating brand-new static initializer in class net/sf/saxon/style/XSLExpose
13:35:06.590 [main] INFO org.evosuite.runtime.instrumentation.EvoClassLoader - Keeping class: net.sf.saxon.style.XSLExpose
13:35:06.590 [main] INFO org.evosuite.runtime.instrumentation.EvoClassLoader - Seeing class for first time: net.sf.saxon.style.XSLFallback
13:35:06.590 [main] INFO org.evosuite.runtime.instrumentation.EvoClassLoader - Instrumenting class 'net.sf.saxon.style.XSLFallback'.
13:35:06.591 [main] INFO org.evosuite.runtime.instrumentation.MethodCallReplacementClassAdapter - Adding mock interface to class net/sf/saxon/style/XSLFallback
13:35:06.591 [main] INFO org.evosuite.runtime.instrumentation.CreateClassResetClassAdapter - Creating brand-new static initializer in class net/sf/saxon/style/XSLFallback
13:35:06.592 [main] INFO org.evosuite.runtime.instrumentation.EvoClassLoader - Keeping class: net.sf.saxon.style.XSLFallback
13:35:06.592 [main] INFO org.evosuite.runtime.instrumentation.EvoClassLoader - Seeing class for first time: net.sf.saxon.style.XSLForEachGroup
13:35:06.592 [main] INFO org.evosuite.runtime.instrumentation.EvoClassLoader - Instrumenting class 'net.sf.saxon.style.XSLForEachGroup'.
13:35:06.593 [main] INFO org.evosuite.runtime.instrumentation.MethodCallReplacementClassAdapter - Adding mock interface to class net/sf/saxon/style/XSLForEachGroup
13:35:06.597 [main] INFO org.evosuite.runtime.instrumentation.CreateClassResetClassAdapter - Creating brand-new static initializer in class net/sf/saxon/style/XSLForEachGroup
13:35:06.598 [main] INFO org.evosuite.runtime.instrumentation.EvoClassLoader - Keeping class: net.sf.saxon.style.XSLForEachGroup
13:35:06.598 [main] INFO org.evosuite.runtime.instrumentation.EvoClassLoader - Seeing class for first time: net.sf.saxon.style.XSLFork
13:35:06.598 [main] INFO org.evosuite.runtime.instrumentation.EvoClassLoader - Instrumenting class 'net.sf.saxon.style.XSLFork'.
13:35:06.599 [main] INFO org.evosuite.runtime.instrumentation.MethodCallReplacementClassAdapter - Adding mock interface to class net/sf/saxon/style/XSLFork
13:35:06.599 [main] INFO org.evosuite.runtime.instrumentation.CreateClassResetClassAdapter - Creating brand-new static initializer in class net/sf/saxon/style/XSLFork
13:35:06.600 [main] INFO org.evosuite.runtime.instrumentation.EvoClassLoader - Keeping class: net.sf.saxon.style.XSLFork
13:35:06.600 [main] INFO org.evosuite.runtime.instrumentation.EvoClassLoader - Seeing class for first time: net.sf.saxon.style.XSLFunction
13:35:06.600 [main] INFO org.evosuite.runtime.instrumentation.EvoClassLoader - Instrumenting class 'net.sf.saxon.style.XSLFunction'.
13:35:06.602 [main] INFO org.evosuite.runtime.instrumentation.MethodCallReplacementClassAdapter - Adding mock interface to class net/sf/saxon/style/XSLFunction
13:35:06.606 [main] INFO org.evosuite.runtime.instrumentation.CreateClassResetClassAdapter - Found static initializer in class net/sf/saxon/style/XSLFunction
13:35:06.607 [main] INFO org.evosuite.runtime.instrumentation.EvoClassLoader - Keeping class: net.sf.saxon.style.XSLFunction
13:35:06.607 [main] INFO org.evosuite.runtime.instrumentation.EvoClassLoader - Seeing class for first time: net.sf.saxon.style.XSLGlobalContextItem
13:35:06.607 [main] INFO org.evosuite.runtime.instrumentation.EvoClassLoader - Instrumenting class 'net.sf.saxon.style.XSLGlobalContextItem'.
13:35:06.608 [main] INFO org.evosuite.runtime.instrumentation.MethodCallReplacementClassAdapter - Adding mock interface to class net/sf/saxon/style/XSLGlobalContextItem
13:35:06.608 [main] INFO org.evosuite.runtime.instrumentation.CreateClassResetClassAdapter - Creating brand-new static initializer in class net/sf/saxon/style/XSLGlobalContextItem
13:35:06.609 [main] INFO org.evosuite.runtime.instrumentation.EvoClassLoader - Keeping class: net.sf.saxon.style.XSLGlobalContextItem
13:35:06.609 [main] INFO org.evosuite.runtime.instrumentation.EvoClassLoader - Seeing class for first time: net.sf.saxon.style.XSLIf
13:35:06.609 [main] INFO org.evosuite.runtime.instrumentation.EvoClassLoader - Instrumenting class 'net.sf.saxon.style.XSLIf'.
13:35:06.609 [main] INFO org.evosuite.runtime.instrumentation.MethodCallReplacementClassAdapter - Adding mock interface to class net/sf/saxon/style/XSLIf
13:35:06.610 [main] INFO org.evosuite.runtime.instrumentation.CreateClassResetClassAdapter - Creating brand-new static initializer in class net/sf/saxon/style/XSLIf
13:35:06.610 [main] INFO org.evosuite.runtime.instrumentation.EvoClassLoader - Keeping class: net.sf.saxon.style.XSLIf
13:35:06.610 [main] INFO org.evosuite.runtime.instrumentation.EvoClassLoader - Seeing class for first time: net.sf.saxon.style.XSLImport
13:35:06.610 [main] INFO org.evosuite.runtime.instrumentation.EvoClassLoader - Instrumenting class 'net.sf.saxon.style.XSLImport'.
13:35:06.611 [main] INFO org.evosuite.runtime.instrumentation.MethodCallReplacementClassAdapter - Adding mock interface to class net/sf/saxon/style/XSLImport
13:35:06.611 [main] INFO org.evosuite.runtime.instrumentation.CreateClassResetClassAdapter - Creating brand-new static initializer in class net/sf/saxon/style/XSLImport
13:35:06.612 [main] INFO org.evosuite.runtime.instrumentation.EvoClassLoader - Seeing class for first time: net.sf.saxon.style.XSLGeneralIncorporate
13:35:06.612 [main] INFO org.evosuite.runtime.instrumentation.EvoClassLoader - Instrumenting class 'net.sf.saxon.style.XSLGeneralIncorporate'.
13:35:06.613 [main] INFO org.evosuite.runtime.instrumentation.MethodCallReplacementClassAdapter - Adding mock interface to class net/sf/saxon/style/XSLGeneralIncorporate
13:35:06.613 [main] INFO org.evosuite.runtime.instrumentation.CreateClassResetClassAdapter - Creating brand-new static initializer in class net/sf/saxon/style/XSLGeneralIncorporate
13:35:06.614 [main] INFO org.evosuite.runtime.instrumentation.EvoClassLoader - Keeping class: net.sf.saxon.style.XSLGeneralIncorporate
13:35:06.614 [main] INFO org.evosuite.runtime.instrumentation.EvoClassLoader - Keeping class: net.sf.saxon.style.XSLImport
13:35:06.614 [main] INFO org.evosuite.runtime.instrumentation.EvoClassLoader - Seeing class for first time: net.sf.saxon.style.XSLImportSchema
13:35:06.614 [main] INFO org.evosuite.runtime.instrumentation.EvoClassLoader - Instrumenting class 'net.sf.saxon.style.XSLImportSchema'.
13:35:06.615 [main] INFO org.evosuite.runtime.instrumentation.MethodCallReplacementClassAdapter - Adding mock interface to class net/sf/saxon/style/XSLImportSchema
13:35:06.617 [main] INFO org.evosuite.runtime.instrumentation.CreateClassResetClassAdapter - Creating brand-new static initializer in class net/sf/saxon/style/XSLImportSchema
13:35:06.618 [main] INFO org.evosuite.runtime.instrumentation.EvoClassLoader - Keeping class: net.sf.saxon.style.XSLImportSchema
13:35:06.618 [main] INFO org.evosuite.runtime.instrumentation.EvoClassLoader - Seeing class for first time: net.sf.saxon.style.XSLInclude
13:35:06.618 [main] INFO org.evosuite.runtime.instrumentation.EvoClassLoader - Instrumenting class 'net.sf.saxon.style.XSLInclude'.
13:35:06.619 [main] INFO org.evosuite.runtime.instrumentation.MethodCallReplacementClassAdapter - Adding mock interface to class net/sf/saxon/style/XSLInclude
13:35:06.619 [main] INFO org.evosuite.runtime.instrumentation.CreateClassResetClassAdapter - Creating brand-new static initializer in class net/sf/saxon/style/XSLInclude
13:35:06.619 [main] INFO org.evosuite.runtime.instrumentation.EvoClassLoader - Keeping class: net.sf.saxon.style.XSLInclude
13:35:06.620 [main] INFO org.evosuite.runtime.instrumentation.EvoClassLoader - Seeing class for first time: net.sf.saxon.style.XSLIterate
13:35:06.620 [main] INFO org.evosuite.runtime.instrumentation.EvoClassLoader - Instrumenting class 'net.sf.saxon.style.XSLIterate'.
13:35:06.620 [main] INFO org.evosuite.runtime.instrumentation.MethodCallReplacementClassAdapter - Adding mock interface to class net/sf/saxon/style/XSLIterate
13:35:06.621 [main] INFO org.evosuite.runtime.instrumentation.CreateClassResetClassAdapter - Creating brand-new static initializer in class net/sf/saxon/style/XSLIterate
13:35:06.622 [main] INFO org.evosuite.runtime.instrumentation.EvoClassLoader - Keeping class: net.sf.saxon.style.XSLIterate
13:35:06.622 [main] INFO org.evosuite.runtime.instrumentation.EvoClassLoader - Seeing class for first time: net.sf.saxon.style.XSLKey
13:35:06.622 [main] INFO org.evosuite.runtime.instrumentation.EvoClassLoader - Instrumenting class 'net.sf.saxon.style.XSLKey'.
13:35:06.624 [main] INFO org.evosuite.runtime.instrumentation.MethodCallReplacementClassAdapter - Adding mock interface to class net/sf/saxon/style/XSLKey
13:35:06.631 [main] INFO org.evosuite.runtime.instrumentation.CreateClassResetClassAdapter - Found static initializer in class net/sf/saxon/style/XSLKey
13:35:06.633 [main] INFO org.evosuite.runtime.instrumentation.EvoClassLoader - Keeping class: net.sf.saxon.style.XSLKey
13:35:06.633 [main] INFO org.evosuite.runtime.instrumentation.EvoClassLoader - Seeing class for first time: net.sf.saxon.style.XSLMap
13:35:06.633 [main] INFO org.evosuite.runtime.instrumentation.EvoClassLoader - Instrumenting class 'net.sf.saxon.style.XSLMap'.
13:35:06.634 [main] INFO org.evosuite.runtime.instrumentation.MethodCallReplacementClassAdapter - Adding mock interface to class net/sf/saxon/style/XSLMap
13:35:06.638 [main] INFO org.evosuite.runtime.instrumentation.CreateClassResetClassAdapter - Creating brand-new static initializer in class net/sf/saxon/style/XSLMap
13:35:06.639 [main] INFO org.evosuite.runtime.instrumentation.EvoClassLoader - Keeping class: net.sf.saxon.style.XSLMap
13:35:06.639 [main] INFO org.evosuite.runtime.instrumentation.EvoClassLoader - Seeing class for first time: net.sf.saxon.style.XSLMapEntry
13:35:06.639 [main] INFO org.evosuite.runtime.instrumentation.EvoClassLoader - Instrumenting class 'net.sf.saxon.style.XSLMapEntry'.
13:35:06.640 [main] INFO org.evosuite.runtime.instrumentation.MethodCallReplacementClassAdapter - Adding mock interface to class net/sf/saxon/style/XSLMapEntry
13:35:06.644 [main] INFO org.evosuite.runtime.instrumentation.CreateClassResetClassAdapter - Creating brand-new static initializer in class net/sf/saxon/style/XSLMapEntry
13:35:06.645 [main] INFO org.evosuite.runtime.instrumentation.EvoClassLoader - Keeping class: net.sf.saxon.style.XSLMapEntry
13:35:06.646 [main] INFO org.evosuite.runtime.instrumentation.EvoClassLoader - Seeing class for first time: net.sf.saxon.style.XSLMatchingSubstring
13:35:06.646 [main] INFO org.evosuite.runtime.instrumentation.EvoClassLoader - Instrumenting class 'net.sf.saxon.style.XSLMatchingSubstring'.
13:35:06.646 [main] INFO org.evosuite.runtime.instrumentation.MethodCallReplacementClassAdapter - Adding mock interface to class net/sf/saxon/style/XSLMatchingSubstring
13:35:06.647 [main] INFO org.evosuite.runtime.instrumentation.CreateClassResetClassAdapter - Creating brand-new static initializer in class net/sf/saxon/style/XSLMatchingSubstring
13:35:06.648 [main] INFO org.evosuite.runtime.instrumentation.EvoClassLoader - Keeping class: net.sf.saxon.style.XSLMatchingSubstring
13:35:06.648 [main] INFO org.evosuite.runtime.instrumentation.EvoClassLoader - Seeing class for first time: net.sf.saxon.style.XSLMerge
13:35:06.648 [main] INFO org.evosuite.runtime.instrumentation.EvoClassLoader - Instrumenting class 'net.sf.saxon.style.XSLMerge'.
13:35:06.649 [main] INFO org.evosuite.runtime.instrumentation.MethodCallReplacementClassAdapter - Adding mock interface to class net/sf/saxon/style/XSLMerge
13:35:06.655 [main] INFO org.evosuite.runtime.instrumentation.CreateClassResetClassAdapter - Creating brand-new static initializer in class net/sf/saxon/style/XSLMerge
13:35:06.656 [main] INFO org.evosuite.runtime.instrumentation.EvoClassLoader - Keeping class: net.sf.saxon.style.XSLMerge
13:35:06.656 [main] INFO org.evosuite.runtime.instrumentation.EvoClassLoader - Seeing class for first time: net.sf.saxon.style.XSLMergeAction
13:35:06.656 [main] INFO org.evosuite.runtime.instrumentation.EvoClassLoader - Instrumenting class 'net.sf.saxon.style.XSLMergeAction'.
13:35:06.656 [main] INFO org.evosuite.runtime.instrumentation.MethodCallReplacementClassAdapter - Adding mock interface to class net/sf/saxon/style/XSLMergeAction
13:35:06.657 [main] INFO org.evosuite.runtime.instrumentation.CreateClassResetClassAdapter - Creating brand-new static initializer in class net/sf/saxon/style/XSLMergeAction
13:35:06.657 [main] INFO org.evosuite.runtime.instrumentation.EvoClassLoader - Keeping class: net.sf.saxon.style.XSLMergeAction
13:35:06.657 [main] INFO org.evosuite.runtime.instrumentation.EvoClassLoader - Seeing class for first time: net.sf.saxon.style.XSLMergeKey
13:35:06.657 [main] INFO org.evosuite.runtime.instrumentation.EvoClassLoader - Instrumenting class 'net.sf.saxon.style.XSLMergeKey'.
13:35:06.658 [main] INFO org.evosuite.runtime.instrumentation.MethodCallReplacementClassAdapter - Adding mock interface to class net/sf/saxon/style/XSLMergeKey
13:35:06.658 [main] INFO org.evosuite.runtime.instrumentation.CreateClassResetClassAdapter - Creating brand-new static initializer in class net/sf/saxon/style/XSLMergeKey
13:35:06.658 [main] INFO org.evosuite.runtime.instrumentation.EvoClassLoader - Seeing class for first time: net.sf.saxon.style.XSLSortOrMergeKey
13:35:06.658 [main] INFO org.evosuite.runtime.instrumentation.EvoClassLoader - Instrumenting class 'net.sf.saxon.style.XSLSortOrMergeKey'.
13:35:06.659 [main] INFO org.evosuite.runtime.instrumentation.MethodCallReplacementClassAdapter - Adding mock interface to class net/sf/saxon/style/XSLSortOrMergeKey
13:35:06.663 [main] INFO org.evosuite.runtime.instrumentation.CreateClassResetClassAdapter - Creating brand-new static initializer in class net/sf/saxon/style/XSLSortOrMergeKey
13:35:06.664 [main] INFO org.evosuite.runtime.instrumentation.EvoClassLoader - Keeping class: net.sf.saxon.style.XSLSortOrMergeKey
13:35:06.664 [main] INFO org.evosuite.runtime.instrumentation.EvoClassLoader - Keeping class: net.sf.saxon.style.XSLMergeKey
13:35:06.664 [main] INFO org.evosuite.runtime.instrumentation.EvoClassLoader - Seeing class for first time: net.sf.saxon.style.XSLMergeSource
13:35:06.664 [main] INFO org.evosuite.runtime.instrumentation.EvoClassLoader - Instrumenting class 'net.sf.saxon.style.XSLMergeSource'.
13:35:06.665 [main] INFO org.evosuite.runtime.instrumentation.MethodCallReplacementClassAdapter - Adding mock interface to class net/sf/saxon/style/XSLMergeSource
13:35:06.668 [main] INFO org.evosuite.runtime.instrumentation.CreateClassResetClassAdapter - Creating brand-new static initializer in class net/sf/saxon/style/XSLMergeSource
13:35:06.669 [main] INFO org.evosuite.runtime.instrumentation.EvoClassLoader - Keeping class: net.sf.saxon.style.XSLMergeSource
13:35:06.669 [main] INFO org.evosuite.runtime.instrumentation.EvoClassLoader - Seeing class for first time: net.sf.saxon.style.XSLMessage
13:35:06.669 [main] INFO org.evosuite.runtime.instrumentation.EvoClassLoader - Instrumenting class 'net.sf.saxon.style.XSLMessage'.
13:35:06.670 [main] INFO org.evosuite.runtime.instrumentation.MethodCallReplacementClassAdapter - Adding mock interface to class net/sf/saxon/style/XSLMessage
13:35:06.670 [main] INFO org.evosuite.runtime.instrumentation.CreateClassResetClassAdapter - Creating brand-new static initializer in class net/sf/saxon/style/XSLMessage
13:35:06.671 [main] INFO org.evosuite.runtime.instrumentation.EvoClassLoader - Keeping class: net.sf.saxon.style.XSLMessage
13:35:06.671 [main] INFO org.evosuite.runtime.instrumentation.EvoClassLoader - Seeing class for first time: net.sf.saxon.style.XSLMode
13:35:06.671 [main] INFO org.evosuite.runtime.instrumentation.EvoClassLoader - Instrumenting class 'net.sf.saxon.style.XSLMode'.
13:35:06.672 [main] INFO org.evosuite.runtime.instrumentation.MethodCallReplacementClassAdapter - Adding mock interface to class net/sf/saxon/style/XSLMode
13:35:06.673 [main] INFO org.evosuite.runtime.instrumentation.CreateClassResetClassAdapter - Found static initializer in class net/sf/saxon/style/XSLMode
13:35:06.674 [main] INFO org.evosuite.runtime.instrumentation.EvoClassLoader - Keeping class: net.sf.saxon.style.XSLMode
13:35:06.674 [main] INFO org.evosuite.runtime.instrumentation.EvoClassLoader - Seeing class for first time: net.sf.saxon.style.XSLNextIteration
13:35:06.674 [main] INFO org.evosuite.runtime.instrumentation.EvoClassLoader - Instrumenting class 'net.sf.saxon.style.XSLNextIteration'.
13:35:06.675 [main] INFO org.evosuite.runtime.instrumentation.MethodCallReplacementClassAdapter - Adding mock interface to class net/sf/saxon/style/XSLNextIteration
13:35:06.676 [main] INFO org.evosuite.runtime.instrumentation.CreateClassResetClassAdapter - Creating brand-new static initializer in class net/sf/saxon/style/XSLNextIteration
13:35:06.677 [main] INFO org.evosuite.runtime.instrumentation.EvoClassLoader - Keeping class: net.sf.saxon.style.XSLNextIteration
13:35:06.677 [main] INFO org.evosuite.runtime.instrumentation.EvoClassLoader - Seeing class for first time: net.sf.saxon.style.XSLNextMatch
13:35:06.677 [main] INFO org.evosuite.runtime.instrumentation.EvoClassLoader - Instrumenting class 'net.sf.saxon.style.XSLNextMatch'.
13:35:06.677 [main] INFO org.evosuite.runtime.instrumentation.MethodCallReplacementClassAdapter - Adding mock interface to class net/sf/saxon/style/XSLNextMatch
13:35:06.678 [main] INFO org.evosuite.runtime.instrumentation.CreateClassResetClassAdapter - Creating brand-new static initializer in class net/sf/saxon/style/XSLNextMatch
13:35:06.678 [main] INFO org.evosuite.runtime.instrumentation.EvoClassLoader - Keeping class: net.sf.saxon.style.XSLNextMatch
13:35:06.678 [main] INFO org.evosuite.runtime.instrumentation.EvoClassLoader - Seeing class for first time: net.sf.saxon.style.XSLNumber
13:35:06.678 [main] INFO org.evosuite.runtime.instrumentation.EvoClassLoader - Instrumenting class 'net.sf.saxon.style.XSLNumber'.
13:35:06.679 [main] INFO org.evosuite.runtime.instrumentation.MethodCallReplacementClassAdapter - Adding mock interface to class net/sf/saxon/style/XSLNumber
13:35:06.680 [main] INFO org.evosuite.runtime.instrumentation.CreateClassResetClassAdapter - Creating brand-new static initializer in class net/sf/saxon/style/XSLNumber
13:35:06.681 [main] INFO org.evosuite.runtime.instrumentation.EvoClassLoader - Keeping class: net.sf.saxon.style.XSLNumber
13:35:06.681 [main] INFO org.evosuite.runtime.instrumentation.EvoClassLoader - Seeing class for first time: net.sf.saxon.style.XSLNamespace
13:35:06.681 [main] INFO org.evosuite.runtime.instrumentation.EvoClassLoader - Instrumenting class 'net.sf.saxon.style.XSLNamespace'.
13:35:06.682 [main] INFO org.evosuite.runtime.instrumentation.MethodCallReplacementClassAdapter - Adding mock interface to class net/sf/saxon/style/XSLNamespace
13:35:06.682 [main] INFO org.evosuite.runtime.instrumentation.CreateClassResetClassAdapter - Creating brand-new static initializer in class net/sf/saxon/style/XSLNamespace
13:35:06.682 [main] INFO org.evosuite.runtime.instrumentation.EvoClassLoader - Keeping class: net.sf.saxon.style.XSLNamespace
13:35:06.683 [main] INFO org.evosuite.runtime.instrumentation.EvoClassLoader - Seeing class for first time: net.sf.saxon.style.XSLNamespaceAlias
13:35:06.683 [main] INFO org.evosuite.runtime.instrumentation.EvoClassLoader - Instrumenting class 'net.sf.saxon.style.XSLNamespaceAlias'.
13:35:06.683 [main] INFO org.evosuite.runtime.instrumentation.MethodCallReplacementClassAdapter - Adding mock interface to class net/sf/saxon/style/XSLNamespaceAlias
13:35:06.683 [main] INFO org.evosuite.runtime.instrumentation.CreateClassResetClassAdapter - Creating brand-new static initializer in class net/sf/saxon/style/XSLNamespaceAlias
13:35:06.684 [main] INFO org.evosuite.runtime.instrumentation.EvoClassLoader - Keeping class: net.sf.saxon.style.XSLNamespaceAlias
13:35:06.684 [main] INFO org.evosuite.runtime.instrumentation.EvoClassLoader - Seeing class for first time: net.sf.saxon.style.XSLOnCompletion
13:35:06.684 [main] INFO org.evosuite.runtime.instrumentation.EvoClassLoader - Instrumenting class 'net.sf.saxon.style.XSLOnCompletion'.
13:35:06.684 [main] INFO org.evosuite.runtime.instrumentation.MethodCallReplacementClassAdapter - Adding mock interface to class net/sf/saxon/style/XSLOnCompletion
13:35:06.685 [main] INFO org.evosuite.runtime.instrumentation.CreateClassResetClassAdapter - Creating brand-new static initializer in class net/sf/saxon/style/XSLOnCompletion
13:35:06.686 [main] INFO org.evosuite.runtime.instrumentation.EvoClassLoader - Keeping class: net.sf.saxon.style.XSLOnCompletion
13:35:06.686 [main] INFO org.evosuite.runtime.instrumentation.EvoClassLoader - Seeing class for first time: net.sf.saxon.style.XSLOnEmpty
13:35:06.686 [main] INFO org.evosuite.runtime.instrumentation.EvoClassLoader - Instrumenting class 'net.sf.saxon.style.XSLOnEmpty'.
13:35:06.686 [main] INFO org.evosuite.runtime.instrumentation.MethodCallReplacementClassAdapter - Adding mock interface to class net/sf/saxon/style/XSLOnEmpty
13:35:06.687 [main] INFO org.evosuite.runtime.instrumentation.CreateClassResetClassAdapter - Creating brand-new static initializer in class net/sf/saxon/style/XSLOnEmpty
13:35:06.687 [main] INFO org.evosuite.runtime.instrumentation.EvoClassLoader - Seeing class for first time: net.sf.saxon.style.XSLSequence
13:35:06.687 [main] INFO org.evosuite.runtime.instrumentation.EvoClassLoader - Instrumenting class 'net.sf.saxon.style.XSLSequence'.
13:35:06.688 [main] INFO org.evosuite.runtime.instrumentation.MethodCallReplacementClassAdapter - Adding mock interface to class net/sf/saxon/style/XSLSequence
13:35:06.688 [main] INFO org.evosuite.runtime.instrumentation.CreateClassResetClassAdapter - Creating brand-new static initializer in class net/sf/saxon/style/XSLSequence
13:35:06.689 [main] INFO org.evosuite.runtime.instrumentation.EvoClassLoader - Keeping class: net.sf.saxon.style.XSLSequence
13:35:06.689 [main] INFO org.evosuite.runtime.instrumentation.EvoClassLoader - Keeping class: net.sf.saxon.style.XSLOnEmpty
13:35:06.690 [main] INFO org.evosuite.runtime.instrumentation.EvoClassLoader - Seeing class for first time: net.sf.saxon.style.XSLOnNonEmpty
13:35:06.690 [main] INFO org.evosuite.runtime.instrumentation.EvoClassLoader - Instrumenting class 'net.sf.saxon.style.XSLOnNonEmpty'.
13:35:06.690 [main] INFO org.evosuite.runtime.instrumentation.MethodCallReplacementClassAdapter - Adding mock interface to class net/sf/saxon/style/XSLOnNonEmpty
13:35:06.691 [main] INFO org.evosuite.runtime.instrumentation.CreateClassResetClassAdapter - Creating brand-new static initializer in class net/sf/saxon/style/XSLOnNonEmpty
13:35:06.692 [main] INFO org.evosuite.runtime.instrumentation.EvoClassLoader - Keeping class: net.sf.saxon.style.XSLOnNonEmpty
13:35:06.692 [main] INFO org.evosuite.runtime.instrumentation.EvoClassLoader - Seeing class for first time: net.sf.saxon.style.XSLOtherwise
13:35:06.692 [main] INFO org.evosuite.runtime.instrumentation.EvoClassLoader - Instrumenting class 'net.sf.saxon.style.XSLOtherwise'.
13:35:06.693 [main] INFO org.evosuite.runtime.instrumentation.MethodCallReplacementClassAdapter - Adding mock interface to class net/sf/saxon/style/XSLOtherwise
13:35:06.693 [main] INFO org.evosuite.runtime.instrumentation.CreateClassResetClassAdapter - Creating brand-new static initializer in class net/sf/saxon/style/XSLOtherwise
13:35:06.694 [main] INFO org.evosuite.runtime.instrumentation.EvoClassLoader - Keeping class: net.sf.saxon.style.XSLOtherwise
13:35:06.694 [main] INFO org.evosuite.runtime.instrumentation.EvoClassLoader - Seeing class for first time: net.sf.saxon.style.XSLOutput
13:35:06.694 [main] INFO org.evosuite.runtime.instrumentation.EvoClassLoader - Instrumenting class 'net.sf.saxon.style.XSLOutput'.
13:35:06.695 [main] INFO org.evosuite.runtime.instrumentation.MethodCallReplacementClassAdapter - Adding mock interface to class net/sf/saxon/style/XSLOutput
13:35:06.700 [main] INFO org.evosuite.runtime.instrumentation.CreateClassResetClassAdapter - Creating brand-new static initializer in class net/sf/saxon/style/XSLOutput
13:35:06.701 [main] INFO org.evosuite.runtime.instrumentation.EvoClassLoader - Keeping class: net.sf.saxon.style.XSLOutput
13:35:06.701 [main] INFO org.evosuite.runtime.instrumentation.EvoClassLoader - Seeing class for first time: net.sf.saxon.style.XSLOutputCharacter
13:35:06.701 [main] INFO org.evosuite.runtime.instrumentation.EvoClassLoader - Instrumenting class 'net.sf.saxon.style.XSLOutputCharacter'.
13:35:06.702 [main] INFO org.evosuite.runtime.instrumentation.MethodCallReplacementClassAdapter - Adding mock interface to class net/sf/saxon/style/XSLOutputCharacter
13:35:06.702 [main] INFO org.evosuite.runtime.instrumentation.CreateClassResetClassAdapter - Creating brand-new static initializer in class net/sf/saxon/style/XSLOutputCharacter
13:35:06.703 [main] INFO org.evosuite.runtime.instrumentation.EvoClassLoader - Keeping class: net.sf.saxon.style.XSLOutputCharacter
13:35:06.703 [main] INFO org.evosuite.runtime.instrumentation.EvoClassLoader - Seeing class for first time: net.sf.saxon.style.XSLOverride
13:35:06.703 [main] INFO org.evosuite.runtime.instrumentation.EvoClassLoader - Instrumenting class 'net.sf.saxon.style.XSLOverride'.
13:35:06.704 [main] INFO org.evosuite.runtime.instrumentation.MethodCallReplacementClassAdapter - Adding mock interface to class net/sf/saxon/style/XSLOverride
13:35:06.712 [main] INFO org.evosuite.runtime.instrumentation.CreateClassResetClassAdapter - Found static initializer in class net/sf/saxon/style/XSLOverride
13:35:06.713 [main] INFO org.evosuite.runtime.instrumentation.EvoClassLoader - Keeping class: net.sf.saxon.style.XSLOverride
13:35:06.713 [main] INFO org.evosuite.runtime.instrumentation.EvoClassLoader - Seeing class for first time: net.sf.saxon.style.XSLLocalParam
13:35:06.713 [main] INFO org.evosuite.runtime.instrumentation.EvoClassLoader - Instrumenting class 'net.sf.saxon.style.XSLLocalParam'.
13:35:06.714 [main] INFO org.evosuite.runtime.instrumentation.MethodCallReplacementClassAdapter - Adding mock interface to class net/sf/saxon/style/XSLLocalParam
13:35:06.716 [main] INFO org.evosuite.runtime.instrumentation.CreateClassResetClassAdapter - Creating brand-new static initializer in class net/sf/saxon/style/XSLLocalParam
13:35:06.716 [main] INFO org.evosuite.runtime.instrumentation.EvoClassLoader - Seeing class for first time: net.sf.saxon.style.XSLGeneralVariable
13:35:06.716 [main] INFO org.evosuite.runtime.instrumentation.EvoClassLoader - Instrumenting class 'net.sf.saxon.style.XSLGeneralVariable'.
13:35:06.717 [main] INFO org.evosuite.runtime.instrumentation.MethodCallReplacementClassAdapter - Adding mock interface to class net/sf/saxon/style/XSLGeneralVariable
13:35:06.717 [main] INFO org.evosuite.runtime.instrumentation.CreateClassResetClassAdapter - Creating brand-new static initializer in class net/sf/saxon/style/XSLGeneralVariable
13:35:06.718 [main] INFO org.evosuite.runtime.instrumentation.EvoClassLoader - Keeping class: net.sf.saxon.style.XSLGeneralVariable
13:35:06.718 [main] INFO org.evosuite.runtime.instrumentation.EvoClassLoader - Keeping class: net.sf.saxon.style.XSLLocalParam
13:35:06.718 [main] INFO org.evosuite.runtime.instrumentation.EvoClassLoader - Seeing class for first time: net.sf.saxon.style.XSLPerformSort
13:35:06.718 [main] INFO org.evosuite.runtime.instrumentation.EvoClassLoader - Instrumenting class 'net.sf.saxon.style.XSLPerformSort'.
13:35:06.719 [main] INFO org.evosuite.runtime.instrumentation.MethodCallReplacementClassAdapter - Adding mock interface to class net/sf/saxon/style/XSLPerformSort
13:35:06.724 [main] INFO org.evosuite.runtime.instrumentation.CreateClassResetClassAdapter - Creating brand-new static initializer in class net/sf/saxon/style/XSLPerformSort
13:35:06.724 [main] INFO org.evosuite.runtime.instrumentation.EvoClassLoader - Keeping class: net.sf.saxon.style.XSLPerformSort
13:35:06.725 [main] INFO org.evosuite.runtime.instrumentation.EvoClassLoader - Seeing class for first time: net.sf.saxon.style.XSLPreserveSpace
13:35:06.725 [main] INFO org.evosuite.runtime.instrumentation.EvoClassLoader - Instrumenting class 'net.sf.saxon.style.XSLPreserveSpace'.
13:35:06.726 [main] INFO org.evosuite.runtime.instrumentation.MethodCallReplacementClassAdapter - Adding mock interface to class net/sf/saxon/style/XSLPreserveSpace
13:35:06.734 [main] INFO org.evosuite.runtime.instrumentation.CreateClassResetClassAdapter - Creating brand-new static initializer in class net/sf/saxon/style/XSLPreserveSpace
13:35:06.736 [main] INFO org.evosuite.runtime.instrumentation.EvoClassLoader - Keeping class: net.sf.saxon.style.XSLPreserveSpace
13:35:06.736 [main] INFO org.evosuite.runtime.instrumentation.EvoClassLoader - Seeing class for first time: net.sf.saxon.style.XSLProcessingInstruction
13:35:06.736 [main] INFO org.evosuite.runtime.instrumentation.EvoClassLoader - Instrumenting class 'net.sf.saxon.style.XSLProcessingInstruction'.
13:35:06.736 [main] INFO org.evosuite.runtime.instrumentation.MethodCallReplacementClassAdapter - Adding mock interface to class net/sf/saxon/style/XSLProcessingInstruction
13:35:06.736 [main] INFO org.evosuite.runtime.instrumentation.CreateClassResetClassAdapter - Creating brand-new static initializer in class net/sf/saxon/style/XSLProcessingInstruction
13:35:06.737 [main] INFO org.evosuite.runtime.instrumentation.EvoClassLoader - Keeping class: net.sf.saxon.style.XSLProcessingInstruction
13:35:06.737 [main] INFO org.evosuite.runtime.instrumentation.EvoClassLoader - Seeing class for first time: net.sf.saxon.style.XSLSort
13:35:06.737 [main] INFO org.evosuite.runtime.instrumentation.EvoClassLoader - Instrumenting class 'net.sf.saxon.style.XSLSort'.
13:35:06.737 [main] INFO org.evosuite.runtime.instrumentation.MethodCallReplacementClassAdapter - Adding mock interface to class net/sf/saxon/style/XSLSort
13:35:06.737 [main] INFO org.evosuite.runtime.instrumentation.CreateClassResetClassAdapter - Creating brand-new static initializer in class net/sf/saxon/style/XSLSort
13:35:06.738 [main] INFO org.evosuite.runtime.instrumentation.EvoClassLoader - Keeping class: net.sf.saxon.style.XSLSort
13:35:06.738 [main] INFO org.evosuite.runtime.instrumentation.EvoClassLoader - Seeing class for first time: net.sf.saxon.style.XSLSourceDocument
13:35:06.738 [main] INFO org.evosuite.runtime.instrumentation.EvoClassLoader - Instrumenting class 'net.sf.saxon.style.XSLSourceDocument'.
13:35:06.738 [main] INFO org.evosuite.runtime.instrumentation.MethodCallReplacementClassAdapter - Adding mock interface to class net/sf/saxon/style/XSLSourceDocument
13:35:06.739 [main] INFO org.evosuite.runtime.instrumentation.CreateClassResetClassAdapter - Creating brand-new static initializer in class net/sf/saxon/style/XSLSourceDocument
13:35:06.739 [main] INFO org.evosuite.runtime.instrumentation.EvoClassLoader - Keeping class: net.sf.saxon.style.XSLSourceDocument
13:35:06.739 [main] INFO org.evosuite.runtime.instrumentation.EvoClassLoader - Seeing class for first time: net.sf.saxon.style.XSLStylesheet
13:35:06.739 [main] INFO org.evosuite.runtime.instrumentation.EvoClassLoader - Instrumenting class 'net.sf.saxon.style.XSLStylesheet'.
13:35:06.740 [main] INFO org.evosuite.runtime.instrumentation.MethodCallReplacementClassAdapter - Adding mock interface to class net/sf/saxon/style/XSLStylesheet
13:35:06.740 [main] INFO org.evosuite.runtime.instrumentation.CreateClassResetClassAdapter - Found static initializer in class net/sf/saxon/style/XSLStylesheet
13:35:06.741 [main] INFO org.evosuite.runtime.instrumentation.EvoClassLoader - Keeping class: net.sf.saxon.style.XSLStylesheet
13:35:06.741 [main] INFO org.evosuite.runtime.instrumentation.EvoClassLoader - Seeing class for first time: net.sf.saxon.style.XSLText
13:35:06.741 [main] INFO org.evosuite.runtime.instrumentation.EvoClassLoader - Instrumenting class 'net.sf.saxon.style.XSLText'.
13:35:06.741 [main] INFO org.evosuite.runtime.instrumentation.MethodCallReplacementClassAdapter - Adding mock interface to class net/sf/saxon/style/XSLText
13:35:06.742 [main] INFO org.evosuite.runtime.instrumentation.CreateClassResetClassAdapter - Creating brand-new static initializer in class net/sf/saxon/style/XSLText
13:35:06.742 [main] INFO org.evosuite.runtime.instrumentation.EvoClassLoader - Keeping class: net.sf.saxon.style.XSLText
13:35:06.742 [main] INFO org.evosuite.runtime.instrumentation.EvoClassLoader - Seeing class for first time: net.sf.saxon.style.XSLTry
13:35:06.742 [main] INFO org.evosuite.runtime.instrumentation.EvoClassLoader - Instrumenting class 'net.sf.saxon.style.XSLTry'.
13:35:06.742 [main] INFO org.evosuite.runtime.instrumentation.MethodCallReplacementClassAdapter - Adding mock interface to class net/sf/saxon/style/XSLTry
13:35:06.743 [main] INFO org.evosuite.runtime.instrumentation.CreateClassResetClassAdapter - Creating brand-new static initializer in class net/sf/saxon/style/XSLTry
13:35:06.743 [main] INFO org.evosuite.runtime.instrumentation.EvoClassLoader - Keeping class: net.sf.saxon.style.XSLTry
13:35:06.743 [main] INFO org.evosuite.runtime.instrumentation.EvoClassLoader - Seeing class for first time: net.sf.saxon.style.XSLUsePackage
13:35:06.743 [main] INFO org.evosuite.runtime.instrumentation.EvoClassLoader - Instrumenting class 'net.sf.saxon.style.XSLUsePackage'.
13:35:06.744 [main] INFO org.evosuite.runtime.instrumentation.MethodCallReplacementClassAdapter - Adding mock interface to class net/sf/saxon/style/XSLUsePackage
13:35:06.746 [main] INFO org.evosuite.runtime.instrumentation.CreateClassResetClassAdapter - Creating brand-new static initializer in class net/sf/saxon/style/XSLUsePackage
13:35:06.748 [main] INFO org.evosuite.runtime.instrumentation.EvoClassLoader - Keeping class: net.sf.saxon.style.XSLUsePackage
13:35:06.748 [main] INFO org.evosuite.runtime.instrumentation.EvoClassLoader - Seeing class for first time: net.sf.saxon.style.XSLValueOf
13:35:06.748 [main] INFO org.evosuite.runtime.instrumentation.EvoClassLoader - Instrumenting class 'net.sf.saxon.style.XSLValueOf'.
13:35:06.749 [main] INFO org.evosuite.runtime.instrumentation.MethodCallReplacementClassAdapter - Adding mock interface to class net/sf/saxon/style/XSLValueOf
13:35:06.750 [main] INFO org.evosuite.runtime.instrumentation.CreateClassResetClassAdapter - Creating brand-new static initializer in class net/sf/saxon/style/XSLValueOf
13:35:06.750 [main] INFO org.evosuite.runtime.instrumentation.EvoClassLoader - Keeping class: net.sf.saxon.style.XSLValueOf
13:35:06.751 [main] INFO org.evosuite.runtime.instrumentation.EvoClassLoader - Seeing class for first time: net.sf.saxon.style.XSLLocalVariable
13:35:06.751 [main] INFO org.evosuite.runtime.instrumentation.EvoClassLoader - Instrumenting class 'net.sf.saxon.style.XSLLocalVariable'.
13:35:06.752 [main] INFO org.evosuite.runtime.instrumentation.MethodCallReplacementClassAdapter - Adding mock interface to class net/sf/saxon/style/XSLLocalVariable
13:35:06.752 [main] INFO org.evosuite.runtime.instrumentation.CreateClassResetClassAdapter - Found static initializer in class net/sf/saxon/style/XSLLocalVariable
13:35:06.753 [main] INFO org.evosuite.runtime.instrumentation.EvoClassLoader - Keeping class: net.sf.saxon.style.XSLLocalVariable
13:35:06.753 [main] INFO org.evosuite.runtime.instrumentation.EvoClassLoader - Seeing class for first time: net.sf.saxon.style.XSLWithParam
13:35:06.753 [main] INFO org.evosuite.runtime.instrumentation.EvoClassLoader - Instrumenting class 'net.sf.saxon.style.XSLWithParam'.
13:35:06.754 [main] INFO org.evosuite.runtime.instrumentation.MethodCallReplacementClassAdapter - Adding mock interface to class net/sf/saxon/style/XSLWithParam
13:35:06.755 [main] INFO org.evosuite.runtime.instrumentation.CreateClassResetClassAdapter - Creating brand-new static initializer in class net/sf/saxon/style/XSLWithParam
13:35:06.755 [main] INFO org.evosuite.runtime.instrumentation.EvoClassLoader - Keeping class: net.sf.saxon.style.XSLWithParam
13:35:06.756 [main] INFO org.evosuite.runtime.instrumentation.EvoClassLoader - Seeing class for first time: net.sf.saxon.style.XSLWhen
13:35:06.756 [main] INFO org.evosuite.runtime.instrumentation.EvoClassLoader - Instrumenting class 'net.sf.saxon.style.XSLWhen'.
13:35:06.756 [main] INFO org.evosuite.runtime.instrumentation.MethodCallReplacementClassAdapter - Adding mock interface to class net/sf/saxon/style/XSLWhen
13:35:06.757 [main] INFO org.evosuite.runtime.instrumentation.CreateClassResetClassAdapter - Creating brand-new static initializer in class net/sf/saxon/style/XSLWhen
13:35:06.758 [main] INFO org.evosuite.runtime.instrumentation.EvoClassLoader - Keeping class: net.sf.saxon.style.XSLWhen
13:35:06.758 [main] INFO org.evosuite.runtime.instrumentation.EvoClassLoader - Seeing class for first time: net.sf.saxon.style.XSLWherePopulated
13:35:06.758 [main] INFO org.evosuite.runtime.instrumentation.EvoClassLoader - Instrumenting class 'net.sf.saxon.style.XSLWherePopulated'.
13:35:06.759 [main] INFO org.evosuite.runtime.instrumentation.MethodCallReplacementClassAdapter - Adding mock interface to class net/sf/saxon/style/XSLWherePopulated
13:35:06.759 [main] INFO org.evosuite.runtime.instrumentation.CreateClassResetClassAdapter - Creating brand-new static initializer in class net/sf/saxon/style/XSLWherePopulated
13:35:06.760 [main] INFO org.evosuite.runtime.instrumentation.EvoClassLoader - Keeping class: net.sf.saxon.style.XSLWherePopulated
13:35:06.761 [main] INFO org.evosuite.runtime.instrumentation.EvoClassLoader - Seeing class for first time: net.sf.saxon.ma.arrays.ArrayItem
13:35:06.761 [main] INFO org.evosuite.runtime.instrumentation.EvoClassLoader - Instrumenting class 'net.sf.saxon.ma.arrays.ArrayItem'.
13:35:06.762 [main] INFO org.evosuite.runtime.instrumentation.EvoClassLoader - Defined package (3): package net.sf.saxon.ma.arrays, 1233611973
13:35:06.763 [main] INFO org.evosuite.runtime.instrumentation.EvoClassLoader - Keeping class: net.sf.saxon.ma.arrays.ArrayItem
13:35:06.764 [main] INFO org.evosuite.runtime.instrumentation.EvoClassLoader - Seeing class for first time: net.sf.saxon.style.UseWhenFilter
13:35:06.764 [main] INFO org.evosuite.runtime.instrumentation.EvoClassLoader - Instrumenting class 'net.sf.saxon.style.UseWhenFilter'.
13:35:06.766 [main] INFO org.evosuite.runtime.instrumentation.MethodCallReplacementClassAdapter - Adding mock interface to class net/sf/saxon/style/UseWhenFilter
13:35:06.772 [main] INFO org.evosuite.runtime.instrumentation.CreateClassResetClassAdapter - Creating brand-new static initializer in class net/sf/saxon/style/UseWhenFilter
13:35:06.773 [main] INFO org.evosuite.runtime.instrumentation.EvoClassLoader - Keeping class: net.sf.saxon.style.UseWhenFilter
13:35:06.774 [main] INFO org.evosuite.runtime.instrumentation.EvoClassLoader - Seeing class for first time: net.sf.saxon.style.UseWhenStaticContext
13:35:06.774 [main] INFO org.evosuite.runtime.instrumentation.EvoClassLoader - Instrumenting class 'net.sf.saxon.style.UseWhenStaticContext'.
13:35:06.775 [main] INFO org.evosuite.runtime.instrumentation.MethodCallReplacementClassAdapter - Adding mock interface to class net/sf/saxon/style/UseWhenStaticContext
13:35:06.775 [main] INFO org.evosuite.runtime.instrumentation.CreateClassResetClassAdapter - Creating brand-new static initializer in class net/sf/saxon/style/UseWhenStaticContext
13:35:06.776 [main] INFO org.evosuite.runtime.instrumentation.EvoClassLoader - Keeping class: net.sf.saxon.style.UseWhenStaticContext
13:35:06.776 [main] INFO org.evosuite.runtime.instrumentation.EvoClassLoader - Seeing class for first time: net.sf.saxon.event.StartTagBuffer
13:35:06.776 [main] INFO org.evosuite.runtime.instrumentation.EvoClassLoader - Instrumenting class 'net.sf.saxon.event.StartTagBuffer'.
13:35:06.777 [main] INFO org.evosuite.runtime.instrumentation.MethodCallReplacementClassAdapter - Adding mock interface to class net/sf/saxon/event/StartTagBuffer
13:35:06.778 [main] INFO org.evosuite.runtime.instrumentation.CreateClassResetClassAdapter - Creating brand-new static initializer in class net/sf/saxon/event/StartTagBuffer
13:35:06.779 [main] INFO org.evosuite.runtime.instrumentation.EvoClassLoader - Keeping class: net.sf.saxon.event.StartTagBuffer
13:35:06.779 [main] INFO org.evosuite.runtime.instrumentation.EvoClassLoader - Seeing class for first time: net.sf.saxon.tree.AttributeLocation
13:35:06.780 [main] INFO org.evosuite.runtime.instrumentation.EvoClassLoader - Instrumenting class 'net.sf.saxon.tree.AttributeLocation'.
13:35:06.780 [main] INFO org.evosuite.runtime.instrumentation.MethodCallReplacementClassAdapter - Adding mock interface to class net/sf/saxon/tree/AttributeLocation
13:35:06.781 [main] INFO org.evosuite.runtime.instrumentation.CreateClassResetClassAdapter - Creating brand-new static initializer in class net/sf/saxon/tree/AttributeLocation
13:35:06.781 [main] INFO org.evosuite.runtime.instrumentation.EvoClassLoader - Defined package (3): package net.sf.saxon.tree, 910989069
13:35:06.781 [main] INFO org.evosuite.runtime.instrumentation.EvoClassLoader - Keeping class: net.sf.saxon.tree.AttributeLocation
13:35:06.783 [main] INFO org.evosuite.runtime.instrumentation.EvoClassLoader - Seeing class for first time: net.sf.saxon.value.SaxonXMLGregorianCalendar
13:35:06.783 [main] INFO org.evosuite.runtime.instrumentation.EvoClassLoader - Instrumenting class 'net.sf.saxon.value.SaxonXMLGregorianCalendar'.
13:35:06.785 [main] INFO org.evosuite.runtime.instrumentation.MethodCallReplacementClassAdapter - Adding mock interface to class net/sf/saxon/value/SaxonXMLGregorianCalendar
13:35:06.789 [main] INFO org.evosuite.runtime.instrumentation.CreateClassResetClassAdapter - Creating brand-new static initializer in class net/sf/saxon/value/SaxonXMLGregorianCalendar
13:35:06.789 [main] INFO org.evosuite.runtime.instrumentation.EvoClassLoader - Keeping class: net.sf.saxon.value.SaxonXMLGregorianCalendar
13:35:06.789 [main] INFO org.evosuite.runtime.instrumentation.EvoClassLoader - Seeing class for first time: net.sf.saxon.value.DayTimeDurationValue
13:35:06.789 [main] INFO org.evosuite.runtime.instrumentation.EvoClassLoader - Instrumenting class 'net.sf.saxon.value.DayTimeDurationValue'.
13:35:06.790 [main] INFO org.evosuite.runtime.instrumentation.MethodCallReplacementClassAdapter - Adding mock interface to class net/sf/saxon/value/DayTimeDurationValue
13:35:06.793 [main] INFO org.evosuite.runtime.instrumentation.CreateClassResetClassAdapter - Creating brand-new static initializer in class net/sf/saxon/value/DayTimeDurationValue
13:35:06.793 [main] INFO org.evosuite.runtime.instrumentation.EvoClassLoader - Seeing class for first time: net.sf.saxon.value.DurationValue
13:35:06.793 [main] INFO org.evosuite.runtime.instrumentation.EvoClassLoader - Instrumenting class 'net.sf.saxon.value.DurationValue'.
13:35:06.794 [main] INFO org.evosuite.runtime.instrumentation.MethodCallReplacementClassAdapter - Adding mock interface to class net/sf/saxon/value/DurationValue
13:35:06.796 [main] INFO org.evosuite.runtime.instrumentation.CreateClassResetClassAdapter - Creating brand-new static initializer in class net/sf/saxon/value/DurationValue
13:35:06.796 [main] INFO org.evosuite.runtime.instrumentation.EvoClassLoader - Keeping class: net.sf.saxon.value.DurationValue
13:35:06.796 [main] INFO org.evosuite.runtime.instrumentation.EvoClassLoader - Keeping class: net.sf.saxon.value.DayTimeDurationValue
13:35:06.798 [main] INFO org.evosuite.runtime.instrumentation.EvoClassLoader - Seeing class for first time: net.sf.saxon.value.DateValue
13:35:06.798 [main] INFO org.evosuite.runtime.instrumentation.EvoClassLoader - Instrumenting class 'net.sf.saxon.value.DateValue'.
13:35:06.799 [main] INFO org.evosuite.runtime.instrumentation.MethodCallReplacementClassAdapter - Adding mock interface to class net/sf/saxon/value/DateValue
13:35:06.800 [main] INFO org.evosuite.runtime.instrumentation.CreateClassResetClassAdapter - Creating brand-new static initializer in class net/sf/saxon/value/DateValue
13:35:06.800 [main] INFO org.evosuite.runtime.instrumentation.EvoClassLoader - Seeing class for first time: net.sf.saxon.value.GDateValue
13:35:06.800 [main] INFO org.evosuite.runtime.instrumentation.EvoClassLoader - Instrumenting class 'net.sf.saxon.value.GDateValue'.
13:35:06.801 [main] INFO org.evosuite.runtime.instrumentation.MethodCallReplacementClassAdapter - Adding mock interface to class net/sf/saxon/value/GDateValue
13:35:06.805 [main] INFO org.evosuite.runtime.instrumentation.CreateClassResetClassAdapter - Found static initializer in class net/sf/saxon/value/GDateValue
13:35:06.806 [main] INFO org.evosuite.runtime.instrumentation.EvoClassLoader - Keeping class: net.sf.saxon.value.GDateValue
13:35:06.806 [main] INFO org.evosuite.runtime.instrumentation.EvoClassLoader - Keeping class: net.sf.saxon.value.DateValue
13:35:06.806 [main] INFO org.evosuite.runtime.instrumentation.EvoClassLoader - Seeing class for first time: net.sf.saxon.value.TimeValue
13:35:06.806 [main] INFO org.evosuite.runtime.instrumentation.EvoClassLoader - Instrumenting class 'net.sf.saxon.value.TimeValue'.
13:35:06.807 [main] INFO org.evosuite.runtime.instrumentation.MethodCallReplacementClassAdapter - Adding mock interface to class net/sf/saxon/value/TimeValue
13:35:06.809 [main] INFO org.evosuite.runtime.instrumentation.CreateClassResetClassAdapter - Creating brand-new static initializer in class net/sf/saxon/value/TimeValue
13:35:06.810 [main] INFO org.evosuite.runtime.instrumentation.EvoClassLoader - Keeping class: net.sf.saxon.value.TimeValue
13:35:06.811 [main] INFO org.evosuite.runtime.instrumentation.EvoClassLoader - Seeing class for first time: net.sf.saxon.event.NoOpenStartTagException
13:35:06.811 [main] INFO org.evosuite.runtime.instrumentation.EvoClassLoader - Instrumenting class 'net.sf.saxon.event.NoOpenStartTagException'.
13:35:06.811 [main] INFO org.evosuite.runtime.instrumentation.MethodCallReplacementClassAdapter - Adding mock interface to class net/sf/saxon/event/NoOpenStartTagException
13:35:06.812 [main] INFO org.evosuite.runtime.instrumentation.CreateClassResetClassAdapter - Creating brand-new static initializer in class net/sf/saxon/event/NoOpenStartTagException
13:35:06.812 [main] INFO org.evosuite.runtime.instrumentation.EvoClassLoader - Keeping class: net.sf.saxon.event.NoOpenStartTagException
13:35:06.814 [main] INFO org.evosuite.runtime.instrumentation.EvoClassLoader - Seeing class for first time: net.sf.saxon.om.StylesheetSpaceStrippingRule
13:35:06.814 [main] INFO org.evosuite.runtime.instrumentation.EvoClassLoader - Instrumenting class 'net.sf.saxon.om.StylesheetSpaceStrippingRule'.
13:35:06.814 [main] INFO org.evosuite.runtime.instrumentation.MethodCallReplacementClassAdapter - Adding mock interface to class net/sf/saxon/om/StylesheetSpaceStrippingRule
13:35:06.815 [main] INFO org.evosuite.runtime.instrumentation.CreateClassResetClassAdapter - Found static initializer in class net/sf/saxon/om/StylesheetSpaceStrippingRule
13:35:06.815 [main] INFO org.evosuite.runtime.instrumentation.EvoClassLoader - Keeping class: net.sf.saxon.om.StylesheetSpaceStrippingRule
13:35:06.816 [main] INFO org.evosuite.runtime.instrumentation.EvoClassLoader - Seeing class for first time: net.sf.saxon.event.Stripper$StripRuleTarget
13:35:06.816 [main] INFO org.evosuite.runtime.instrumentation.EvoClassLoader - Instrumenting class 'net.sf.saxon.event.Stripper$StripRuleTarget'.
13:35:06.816 [main] INFO org.evosuite.runtime.instrumentation.MethodCallReplacementClassAdapter - Adding mock interface to class net/sf/saxon/event/Stripper$StripRuleTarget
13:35:06.816 [main] INFO org.evosuite.runtime.instrumentation.CreateClassResetClassAdapter - Creating brand-new static initializer in class net/sf/saxon/event/Stripper$StripRuleTarget
13:35:06.816 [main] INFO org.evosuite.runtime.instrumentation.EvoClassLoader - Keeping class: net.sf.saxon.event.Stripper$StripRuleTarget
13:35:06.817 [main] INFO org.evosuite.runtime.instrumentation.EvoClassLoader - Seeing class for first time: net.sf.saxon.event.Stripper$1
13:35:06.817 [main] INFO org.evosuite.runtime.instrumentation.EvoClassLoader - Instrumenting class 'net.sf.saxon.event.Stripper$1'.
13:35:06.817 [main] INFO org.evosuite.runtime.instrumentation.MethodCallReplacementClassAdapter - Adding mock interface to class net/sf/saxon/event/Stripper$1
13:35:06.818 [main] INFO org.evosuite.runtime.instrumentation.EvoClassLoader - Keeping class: net.sf.saxon.event.Stripper$1
13:35:06.818 [main] INFO org.evosuite.runtime.instrumentation.EvoClassLoader - Seeing class for first time: net.sf.saxon.event.Stripper$2
13:35:06.818 [main] INFO org.evosuite.runtime.instrumentation.EvoClassLoader - Instrumenting class 'net.sf.saxon.event.Stripper$2'.
13:35:06.818 [main] INFO org.evosuite.runtime.instrumentation.MethodCallReplacementClassAdapter - Adding mock interface to class net/sf/saxon/event/Stripper$2
13:35:06.818 [main] INFO org.evosuite.runtime.instrumentation.EvoClassLoader - Keeping class: net.sf.saxon.event.Stripper$2
13:35:06.819 [main] INFO org.evosuite.runtime.instrumentation.EvoClassLoader - Seeing class for first time: net.sf.saxon.event.CommentStripper
13:35:06.819 [main] INFO org.evosuite.runtime.instrumentation.EvoClassLoader - Instrumenting class 'net.sf.saxon.event.CommentStripper'.
13:35:06.820 [main] INFO org.evosuite.runtime.instrumentation.MethodCallReplacementClassAdapter - Adding mock interface to class net/sf/saxon/event/CommentStripper
13:35:06.820 [main] INFO org.evosuite.runtime.instrumentation.CreateClassResetClassAdapter - Creating brand-new static initializer in class net/sf/saxon/event/CommentStripper
13:35:06.821 [main] INFO org.evosuite.runtime.instrumentation.EvoClassLoader - Keeping class: net.sf.saxon.event.CommentStripper
13:35:06.821 [main] INFO org.evosuite.runtime.instrumentation.EvoClassLoader - Seeing class for first time: net.sf.saxon.tree.tiny.TinyBuilderMonitor
13:35:06.822 [main] INFO org.evosuite.runtime.instrumentation.EvoClassLoader - Instrumenting class 'net.sf.saxon.tree.tiny.TinyBuilderMonitor'.
13:35:06.823 [main] INFO org.evosuite.runtime.instrumentation.MethodCallReplacementClassAdapter - Adding mock interface to class net/sf/saxon/tree/tiny/TinyBuilderMonitor
13:35:06.824 [main] INFO org.evosuite.runtime.instrumentation.CreateClassResetClassAdapter - Creating brand-new static initializer in class net/sf/saxon/tree/tiny/TinyBuilderMonitor
13:35:06.825 [main] INFO org.evosuite.runtime.instrumentation.EvoClassLoader - Keeping class: net.sf.saxon.tree.tiny.TinyBuilderMonitor
13:35:06.825 [main] INFO org.evosuite.runtime.instrumentation.EvoClassLoader - Seeing class for first time: net.sf.saxon.tree.tiny.TinyNodeImpl
13:35:06.825 [main] INFO org.evosuite.runtime.instrumentation.EvoClassLoader - Instrumenting class 'net.sf.saxon.tree.tiny.TinyNodeImpl'.
13:35:06.826 [main] INFO org.evosuite.runtime.instrumentation.MethodCallReplacementClassAdapter - Adding mock interface to class net/sf/saxon/tree/tiny/TinyNodeImpl
13:35:06.829 [main] INFO org.evosuite.runtime.instrumentation.CreateClassResetClassAdapter - Found static initializer in class net/sf/saxon/tree/tiny/TinyNodeImpl
13:35:06.830 [main] INFO org.evosuite.runtime.instrumentation.EvoClassLoader - Keeping class: net.sf.saxon.tree.tiny.TinyNodeImpl
13:35:06.830 [main] INFO org.evosuite.runtime.instrumentation.EvoClassLoader - Seeing class for first time: net.sf.saxon.tree.tiny.TinyElementImpl
13:35:06.830 [main] INFO org.evosuite.runtime.instrumentation.EvoClassLoader - Instrumenting class 'net.sf.saxon.tree.tiny.TinyElementImpl'.
13:35:06.831 [main] INFO org.evosuite.runtime.instrumentation.MethodCallReplacementClassAdapter - Adding mock interface to class net/sf/saxon/tree/tiny/TinyElementImpl
13:35:06.837 [main] INFO org.evosuite.runtime.instrumentation.CreateClassResetClassAdapter - Creating brand-new static initializer in class net/sf/saxon/tree/tiny/TinyElementImpl
13:35:06.837 [main] INFO org.evosuite.runtime.instrumentation.EvoClassLoader - Seeing class for first time: net.sf.saxon.tree.tiny.TinyParentNodeImpl
13:35:06.837 [main] INFO org.evosuite.runtime.instrumentation.EvoClassLoader - Instrumenting class 'net.sf.saxon.tree.tiny.TinyParentNodeImpl'.
13:35:06.838 [main] INFO org.evosuite.runtime.instrumentation.MethodCallReplacementClassAdapter - Adding mock interface to class net/sf/saxon/tree/tiny/TinyParentNodeImpl
13:35:06.838 [main] INFO org.evosuite.runtime.instrumentation.CreateClassResetClassAdapter - Creating brand-new static initializer in class net/sf/saxon/tree/tiny/TinyParentNodeImpl
13:35:06.839 [main] INFO org.evosuite.runtime.instrumentation.EvoClassLoader - Keeping class: net.sf.saxon.tree.tiny.TinyParentNodeImpl
13:35:06.839 [main] INFO org.evosuite.runtime.instrumentation.EvoClassLoader - Keeping class: net.sf.saxon.tree.tiny.TinyElementImpl
13:35:06.839 [main] INFO org.evosuite.runtime.instrumentation.EvoClassLoader - Seeing class for first time: net.sf.saxon.tree.tiny.TinyTree
13:35:06.839 [main] INFO org.evosuite.runtime.instrumentation.EvoClassLoader - Instrumenting class 'net.sf.saxon.tree.tiny.TinyTree'.
13:35:06.841 [main] INFO org.evosuite.runtime.instrumentation.MethodCallReplacementClassAdapter - Adding mock interface to class net/sf/saxon/tree/tiny/TinyTree
13:35:06.848 [main] INFO org.evosuite.runtime.instrumentation.CreateClassResetClassAdapter - Found static initializer in class net/sf/saxon/tree/tiny/TinyTree
13:35:06.850 [main] INFO org.evosuite.runtime.instrumentation.EvoClassLoader - Seeing class for first time: net.sf.saxon.om.GenericTreeInfo
13:35:06.850 [main] INFO org.evosuite.runtime.instrumentation.EvoClassLoader - Instrumenting class 'net.sf.saxon.om.GenericTreeInfo'.
13:35:06.851 [main] INFO org.evosuite.runtime.instrumentation.MethodCallReplacementClassAdapter - Adding mock interface to class net/sf/saxon/om/GenericTreeInfo
13:35:06.852 [main] INFO org.evosuite.runtime.instrumentation.CreateClassResetClassAdapter - Creating brand-new static initializer in class net/sf/saxon/om/GenericTreeInfo
13:35:06.853 [main] INFO org.evosuite.runtime.instrumentation.EvoClassLoader - Keeping class: net.sf.saxon.om.GenericTreeInfo
13:35:06.853 [main] INFO org.evosuite.runtime.instrumentation.EvoClassLoader - Keeping class: net.sf.saxon.tree.tiny.TinyTree
13:35:06.853 [main] INFO org.evosuite.runtime.instrumentation.EvoClassLoader - Seeing class for first time: net.sf.saxon.event.CheckSumFilter
13:35:06.853 [main] INFO org.evosuite.runtime.instrumentation.EvoClassLoader - Instrumenting class 'net.sf.saxon.event.CheckSumFilter'.
13:35:06.854 [main] INFO org.evosuite.runtime.instrumentation.MethodCallReplacementClassAdapter - Adding mock interface to class net/sf/saxon/event/CheckSumFilter
13:35:06.855 [main] INFO org.evosuite.runtime.instrumentation.CreateClassResetClassAdapter - Creating brand-new static initializer in class net/sf/saxon/event/CheckSumFilter
13:35:06.855 [main] INFO org.evosuite.runtime.instrumentation.CreateClassResetClassAdapter - Adding bytecode for initializing field DEBUG
13:35:06.855 [main] INFO org.evosuite.runtime.instrumentation.CreateClassResetClassAdapter - Adding bytecode for initializing field SIGMA
13:35:06.855 [main] INFO org.evosuite.runtime.instrumentation.EvoClassLoader - Keeping class: net.sf.saxon.event.CheckSumFilter
13:35:06.856 [main] INFO org.evosuite.runtime.instrumentation.EvoClassLoader - Seeing class for first time: net.sf.saxon.event.Valve
13:35:06.856 [main] INFO org.evosuite.runtime.instrumentation.EvoClassLoader - Instrumenting class 'net.sf.saxon.event.Valve'.
13:35:06.856 [main] INFO org.evosuite.runtime.instrumentation.MethodCallReplacementClassAdapter - Adding mock interface to class net/sf/saxon/event/Valve
13:35:06.857 [main] INFO org.evosuite.runtime.instrumentation.CreateClassResetClassAdapter - Creating brand-new static initializer in class net/sf/saxon/event/Valve
13:35:06.857 [main] INFO org.evosuite.runtime.instrumentation.EvoClassLoader - Keeping class: net.sf.saxon.event.Valve
13:35:06.857 [main] INFO org.evosuite.runtime.instrumentation.EvoClassLoader - Seeing class for first time: net.sf.saxon.om.NoElementsSpaceStrippingRule
13:35:06.857 [main] INFO org.evosuite.runtime.instrumentation.EvoClassLoader - Instrumenting class 'net.sf.saxon.om.NoElementsSpaceStrippingRule'.
13:35:06.858 [main] INFO org.evosuite.runtime.instrumentation.MethodCallReplacementClassAdapter - Adding mock interface to class net/sf/saxon/om/NoElementsSpaceStrippingRule
13:35:06.858 [main] INFO org.evosuite.runtime.instrumentation.CreateClassResetClassAdapter - Found static initializer in class net/sf/saxon/om/NoElementsSpaceStrippingRule
13:35:06.858 [main] INFO org.evosuite.runtime.instrumentation.EvoClassLoader - Keeping class: net.sf.saxon.om.NoElementsSpaceStrippingRule
13:35:06.859 [main] INFO org.evosuite.runtime.instrumentation.EvoClassLoader - Seeing class for first time: net.sf.saxon.event.Sender
13:35:06.859 [main] INFO org.evosuite.runtime.instrumentation.EvoClassLoader - Instrumenting class 'net.sf.saxon.event.Sender'.
13:35:06.860 [main] INFO org.evosuite.runtime.instrumentation.MethodCallReplacementClassAdapter - Adding mock interface to class net/sf/saxon/event/Sender
13:35:06.867 [main] INFO org.evosuite.runtime.instrumentation.CreateClassResetClassAdapter - Found static initializer in class net/sf/saxon/event/Sender
13:35:06.867 [main] INFO org.evosuite.runtime.instrumentation.EvoClassLoader - Keeping class: net.sf.saxon.event.Sender
13:35:06.868 [main] INFO org.evosuite.runtime.instrumentation.EvoClassLoader - Seeing class for first time: net.sf.saxon.pull.PullProvider
13:35:06.868 [main] INFO org.evosuite.runtime.instrumentation.EvoClassLoader - Instrumenting class 'net.sf.saxon.pull.PullProvider'.
13:35:06.869 [main] INFO org.evosuite.runtime.instrumentation.EvoClassLoader - Defined package (3): package net.sf.saxon.pull, 910873012
13:35:06.869 [main] INFO org.evosuite.runtime.instrumentation.EvoClassLoader - Keeping class: net.sf.saxon.pull.PullProvider
13:35:06.870 [main] INFO org.evosuite.runtime.instrumentation.EvoClassLoader - Seeing class for first time: net.sf.saxon.pull.PullSource
13:35:06.870 [main] INFO org.evosuite.runtime.instrumentation.EvoClassLoader - Instrumenting class 'net.sf.saxon.pull.PullSource'.
13:35:06.870 [main] INFO org.evosuite.runtime.instrumentation.MethodCallReplacementClassAdapter - Adding mock interface to class net/sf/saxon/pull/PullSource
13:35:06.871 [main] INFO org.evosuite.runtime.instrumentation.CreateClassResetClassAdapter - Creating brand-new static initializer in class net/sf/saxon/pull/PullSource
13:35:06.871 [main] INFO org.evosuite.runtime.instrumentation.EvoClassLoader - Keeping class: net.sf.saxon.pull.PullSource
13:35:06.871 [main] INFO org.evosuite.runtime.instrumentation.EvoClassLoader - Seeing class for first time: net.sf.saxon.tree.util.Navigator
13:35:06.871 [main] INFO org.evosuite.runtime.instrumentation.EvoClassLoader - Instrumenting class 'net.sf.saxon.tree.util.Navigator'.
13:35:06.873 [main] INFO org.evosuite.runtime.instrumentation.MethodCallReplacementClassAdapter - Adding mock interface to class net/sf/saxon/tree/util/Navigator
13:35:06.890 [main] INFO org.evosuite.runtime.instrumentation.CreateClassResetClassAdapter - Found static initializer in class net/sf/saxon/tree/util/Navigator
13:35:06.891 [main] INFO org.evosuite.runtime.instrumentation.EvoClassLoader - Keeping class: net.sf.saxon.tree.util.Navigator
13:35:06.892 [main] INFO org.evosuite.runtime.instrumentation.EvoClassLoader - Seeing class for first time: net.sf.saxon.pattern.LocalNameTest
13:35:06.892 [main] INFO org.evosuite.runtime.instrumentation.EvoClassLoader - Instrumenting class 'net.sf.saxon.pattern.LocalNameTest'.
13:35:06.892 [main] INFO org.evosuite.runtime.instrumentation.MethodCallReplacementClassAdapter - Adding mock interface to class net/sf/saxon/pattern/LocalNameTest
13:35:06.893 [main] INFO org.evosuite.runtime.instrumentation.CreateClassResetClassAdapter - Creating brand-new static initializer in class net/sf/saxon/pattern/LocalNameTest
13:35:06.894 [main] INFO org.evosuite.runtime.instrumentation.EvoClassLoader - Keeping class: net.sf.saxon.pattern.LocalNameTest
13:35:06.894 [main] INFO org.evosuite.runtime.instrumentation.EvoClassLoader - Seeing class for first time: net.sf.saxon.pattern.NamespaceTest
13:35:06.894 [main] INFO org.evosuite.runtime.instrumentation.EvoClassLoader - Instrumenting class 'net.sf.saxon.pattern.NamespaceTest'.
13:35:06.895 [main] INFO org.evosuite.runtime.instrumentation.MethodCallReplacementClassAdapter - Adding mock interface to class net/sf/saxon/pattern/NamespaceTest
13:35:06.895 [main] INFO org.evosuite.runtime.instrumentation.CreateClassResetClassAdapter - Creating brand-new static initializer in class net/sf/saxon/pattern/NamespaceTest
13:35:06.896 [main] INFO org.evosuite.runtime.instrumentation.EvoClassLoader - Keeping class: net.sf.saxon.pattern.NamespaceTest
13:35:06.897 [main] INFO org.evosuite.runtime.instrumentation.EvoClassLoader - Seeing class for first time: net.sf.saxon.om.AbsolutePath
13:35:06.897 [main] INFO org.evosuite.runtime.instrumentation.EvoClassLoader - Instrumenting class 'net.sf.saxon.om.AbsolutePath'.
13:35:06.898 [main] INFO org.evosuite.runtime.instrumentation.MethodCallReplacementClassAdapter - Adding mock interface to class net/sf/saxon/om/AbsolutePath
13:35:06.898 [main] INFO org.evosuite.runtime.instrumentation.CreateClassResetClassAdapter - Creating brand-new static initializer in class net/sf/saxon/om/AbsolutePath
13:35:06.898 [main] INFO org.evosuite.runtime.instrumentation.EvoClassLoader - Keeping class: net.sf.saxon.om.AbsolutePath
13:35:06.902 [main] INFO org.evosuite.runtime.instrumentation.EvoClassLoader - Seeing class for first time: net.sf.saxon.regex.Operation
13:35:06.902 [main] INFO org.evosuite.runtime.instrumentation.EvoClassLoader - Instrumenting class 'net.sf.saxon.regex.Operation'.
13:35:06.902 [main] INFO org.evosuite.runtime.instrumentation.MethodCallReplacementClassAdapter - Adding mock interface to class net/sf/saxon/regex/Operation
13:35:06.903 [main] INFO org.evosuite.runtime.instrumentation.CreateClassResetClassAdapter - Creating brand-new static initializer in class net/sf/saxon/regex/Operation
13:35:06.903 [main] INFO org.evosuite.runtime.instrumentation.CreateClassResetClassAdapter - Adding bytecode for initializing field MATCHES_ZLS_AT_START
13:35:06.903 [main] INFO org.evosuite.runtime.instrumentation.CreateClassResetClassAdapter - Adding bytecode for initializing field MATCHES_ZLS_AT_END
13:35:06.903 [main] INFO org.evosuite.runtime.instrumentation.CreateClassResetClassAdapter - Adding bytecode for initializing field MATCHES_ZLS_ANYWHERE
13:35:06.903 [main] INFO org.evosuite.runtime.instrumentation.CreateClassResetClassAdapter - Adding bytecode for initializing field MATCHES_ZLS_NEVER
13:35:06.903 [main] INFO org.evosuite.runtime.instrumentation.EvoClassLoader - Keeping class: net.sf.saxon.regex.Operation
13:35:06.903 [main] INFO org.evosuite.runtime.instrumentation.EvoClassLoader - Seeing class for first time: net.sf.saxon.regex.REMatcher
13:35:06.903 [main] INFO org.evosuite.runtime.instrumentation.EvoClassLoader - Instrumenting class 'net.sf.saxon.regex.REMatcher'.
13:35:06.904 [main] INFO org.evosuite.runtime.instrumentation.MethodCallReplacementClassAdapter - Adding mock interface to class net/sf/saxon/regex/REMatcher
13:35:06.905 [main] INFO org.evosuite.runtime.instrumentation.CreateClassResetClassAdapter - Creating brand-new static initializer in class net/sf/saxon/regex/REMatcher
13:35:06.906 [main] INFO org.evosuite.runtime.instrumentation.CreateClassResetClassAdapter - Adding bytecode for initializing field MAX_PAREN
13:35:06.906 [main] INFO org.evosuite.runtime.instrumentation.EvoClassLoader - Keeping class: net.sf.saxon.regex.REMatcher
13:35:06.906 [main] INFO org.evosuite.runtime.instrumentation.EvoClassLoader - Seeing class for first time: net.sf.saxon.regex.charclass.CharacterClass
13:35:06.906 [main] INFO org.evosuite.runtime.instrumentation.EvoClassLoader - Instrumenting class 'net.sf.saxon.regex.charclass.CharacterClass'.
13:35:06.907 [main] INFO org.evosuite.runtime.instrumentation.EvoClassLoader - Defined package (3): package net.sf.saxon.regex.charclass, 227689516
13:35:06.907 [main] INFO org.evosuite.runtime.instrumentation.EvoClassLoader - Keeping class: net.sf.saxon.regex.charclass.CharacterClass
13:35:06.907 [main] INFO org.evosuite.runtime.instrumentation.EvoClassLoader - Seeing class for first time: net.sf.saxon.regex.REProgram
13:35:06.907 [main] INFO org.evosuite.runtime.instrumentation.EvoClassLoader - Instrumenting class 'net.sf.saxon.regex.REProgram'.
13:35:06.908 [main] INFO org.evosuite.runtime.instrumentation.MethodCallReplacementClassAdapter - Adding mock interface to class net/sf/saxon/regex/REProgram
13:35:06.908 [main] INFO org.evosuite.runtime.instrumentation.CreateClassResetClassAdapter - Creating brand-new static initializer in class net/sf/saxon/regex/REProgram
13:35:06.909 [main] INFO org.evosuite.runtime.instrumentation.CreateClassResetClassAdapter - Adding bytecode for initializing field OPT_HASBACKREFS
13:35:06.909 [main] INFO org.evosuite.runtime.instrumentation.CreateClassResetClassAdapter - Adding bytecode for initializing field OPT_HASBOL
13:35:06.909 [main] INFO org.evosuite.runtime.instrumentation.EvoClassLoader - Keeping class: net.sf.saxon.regex.REProgram
13:35:06.909 [main] INFO org.evosuite.runtime.instrumentation.EvoClassLoader - Seeing class for first time: net.sf.saxon.regex.REFlags
13:35:06.909 [main] INFO org.evosuite.runtime.instrumentation.EvoClassLoader - Instrumenting class 'net.sf.saxon.regex.REFlags'.
13:35:06.910 [main] INFO org.evosuite.runtime.instrumentation.MethodCallReplacementClassAdapter - Adding mock interface to class net/sf/saxon/regex/REFlags
13:35:06.910 [main] INFO org.evosuite.runtime.instrumentation.CreateClassResetClassAdapter - Creating brand-new static initializer in class net/sf/saxon/regex/REFlags
13:35:06.911 [main] INFO org.evosuite.runtime.instrumentation.EvoClassLoader - Keeping class: net.sf.saxon.regex.REFlags
13:35:06.911 [main] INFO org.evosuite.runtime.instrumentation.EvoClassLoader - Seeing class for first time: net.sf.saxon.regex.Operation$OpChoice
13:35:06.911 [main] INFO org.evosuite.runtime.instrumentation.EvoClassLoader - Instrumenting class 'net.sf.saxon.regex.Operation$OpChoice'.
13:35:06.912 [main] INFO org.evosuite.runtime.instrumentation.MethodCallReplacementClassAdapter - Adding mock interface to class net/sf/saxon/regex/Operation$OpChoice
13:35:06.914 [main] INFO org.evosuite.runtime.instrumentation.CreateClassResetClassAdapter - Creating brand-new static initializer in class net/sf/saxon/regex/Operation$OpChoice
13:35:06.915 [main] INFO org.evosuite.runtime.instrumentation.EvoClassLoader - Keeping class: net.sf.saxon.regex.Operation$OpChoice
13:35:06.915 [main] INFO org.evosuite.runtime.instrumentation.EvoClassLoader - Seeing class for first time: net.sf.saxon.regex.Operation$ForceProgressIterator
13:35:06.915 [main] INFO org.evosuite.runtime.instrumentation.EvoClassLoader - Instrumenting class 'net.sf.saxon.regex.Operation$ForceProgressIterator'.
13:35:06.916 [main] INFO org.evosuite.runtime.instrumentation.MethodCallReplacementClassAdapter - Adding mock interface to class net/sf/saxon/regex/Operation$ForceProgressIterator
13:35:06.916 [main] INFO org.evosuite.runtime.instrumentation.CreateClassResetClassAdapter - Creating brand-new static initializer in class net/sf/saxon/regex/Operation$ForceProgressIterator
13:35:06.916 [main] INFO org.evosuite.runtime.instrumentation.EvoClassLoader - Keeping class: net.sf.saxon.regex.Operation$ForceProgressIterator
13:35:06.916 [main] INFO org.evosuite.runtime.instrumentation.EvoClassLoader - Seeing class for first time: net.sf.saxon.regex.Operation$OpTrace
13:35:06.916 [main] INFO org.evosuite.runtime.instrumentation.EvoClassLoader - Instrumenting class 'net.sf.saxon.regex.Operation$OpTrace'.
13:35:06.917 [main] INFO org.evosuite.runtime.instrumentation.MethodCallReplacementClassAdapter - Adding mock interface to class net/sf/saxon/regex/Operation$OpTrace
13:35:06.917 [main] INFO org.evosuite.runtime.instrumentation.CreateClassResetClassAdapter - Found static initializer in class net/sf/saxon/regex/Operation$OpTrace
13:35:06.917 [main] INFO org.evosuite.runtime.instrumentation.EvoClassLoader - Keeping class: net.sf.saxon.regex.Operation$OpTrace
13:35:06.917 [main] INFO org.evosuite.runtime.instrumentation.EvoClassLoader - Seeing class for first time: net.sf.saxon.regex.Operation$OpNothing
13:35:06.917 [main] INFO org.evosuite.runtime.instrumentation.EvoClassLoader - Instrumenting class 'net.sf.saxon.regex.Operation$OpNothing'.
13:35:06.917 [main] INFO org.evosuite.runtime.instrumentation.MethodCallReplacementClassAdapter - Adding mock interface to class net/sf/saxon/regex/Operation$OpNothing
13:35:06.918 [main] INFO org.evosuite.runtime.instrumentation.CreateClassResetClassAdapter - Creating brand-new static initializer in class net/sf/saxon/regex/Operation$OpNothing
13:35:06.918 [main] INFO org.evosuite.runtime.instrumentation.EvoClassLoader - Keeping class: net.sf.saxon.regex.Operation$OpNothing
13:35:06.918 [main] INFO org.evosuite.runtime.instrumentation.EvoClassLoader - Seeing class for first time: net.sf.saxon.regex.Operation$OpBackReference
13:35:06.918 [main] INFO org.evosuite.runtime.instrumentation.EvoClassLoader - Instrumenting class 'net.sf.saxon.regex.Operation$OpBackReference'.
13:35:06.918 [main] INFO org.evosuite.runtime.instrumentation.MethodCallReplacementClassAdapter - Adding mock interface to class net/sf/saxon/regex/Operation$OpBackReference
13:35:06.918 [main] INFO org.evosuite.runtime.instrumentation.CreateClassResetClassAdapter - Creating brand-new static initializer in class net/sf/saxon/regex/Operation$OpBackReference
13:35:06.919 [main] INFO org.evosuite.runtime.instrumentation.EvoClassLoader - Keeping class: net.sf.saxon.regex.Operation$OpBackReference
13:35:06.919 [main] INFO org.evosuite.runtime.instrumentation.EvoClassLoader - Seeing class for first time: net.sf.saxon.regex.Operation$OpCapture
13:35:06.919 [main] INFO org.evosuite.runtime.instrumentation.EvoClassLoader - Instrumenting class 'net.sf.saxon.regex.Operation$OpCapture'.
13:35:06.919 [main] INFO org.evosuite.runtime.instrumentation.MethodCallReplacementClassAdapter - Adding mock interface to class net/sf/saxon/regex/Operation$OpCapture
13:35:06.920 [main] INFO org.evosuite.runtime.instrumentation.CreateClassResetClassAdapter - Creating brand-new static initializer in class net/sf/saxon/regex/Operation$OpCapture
13:35:06.920 [main] INFO org.evosuite.runtime.instrumentation.EvoClassLoader - Keeping class: net.sf.saxon.regex.Operation$OpCapture
13:35:06.920 [main] INFO org.evosuite.runtime.instrumentation.EvoClassLoader - Seeing class for first time: net.sf.saxon.regex.Operation$OpEOL
13:35:06.920 [main] INFO org.evosuite.runtime.instrumentation.EvoClassLoader - Instrumenting class 'net.sf.saxon.regex.Operation$OpEOL'.
13:35:06.921 [main] INFO org.evosuite.runtime.instrumentation.MethodCallReplacementClassAdapter - Adding mock interface to class net/sf/saxon/regex/Operation$OpEOL
13:35:06.922 [main] INFO org.evosuite.runtime.instrumentation.CreateClassResetClassAdapter - Creating brand-new static initializer in class net/sf/saxon/regex/Operation$OpEOL
13:35:06.922 [main] INFO org.evosuite.runtime.instrumentation.EvoClassLoader - Keeping class: net.sf.saxon.regex.Operation$OpEOL
13:35:06.922 [main] INFO org.evosuite.runtime.instrumentation.EvoClassLoader - Seeing class for first time: net.sf.saxon.regex.Operation$OpBOL
13:35:06.922 [main] INFO org.evosuite.runtime.instrumentation.EvoClassLoader - Instrumenting class 'net.sf.saxon.regex.Operation$OpBOL'.
13:35:06.923 [main] INFO org.evosuite.runtime.instrumentation.MethodCallReplacementClassAdapter - Adding mock interface to class net/sf/saxon/regex/Operation$OpBOL
13:35:06.923 [main] INFO org.evosuite.runtime.instrumentation.CreateClassResetClassAdapter - Creating brand-new static initializer in class net/sf/saxon/regex/Operation$OpBOL
13:35:06.924 [main] INFO org.evosuite.runtime.instrumentation.EvoClassLoader - Keeping class: net.sf.saxon.regex.Operation$OpBOL
13:35:06.924 [main] INFO org.evosuite.runtime.instrumentation.EvoClassLoader - Seeing class for first time: net.sf.saxon.regex.Operation$OpEndProgram
13:35:06.924 [main] INFO org.evosuite.runtime.instrumentation.EvoClassLoader - Instrumenting class 'net.sf.saxon.regex.Operation$OpEndProgram'.
13:35:06.925 [main] INFO org.evosuite.runtime.instrumentation.MethodCallReplacementClassAdapter - Adding mock interface to class net/sf/saxon/regex/Operation$OpEndProgram
13:35:06.925 [main] INFO org.evosuite.runtime.instrumentation.CreateClassResetClassAdapter - Creating brand-new static initializer in class net/sf/saxon/regex/Operation$OpEndProgram
13:35:06.925 [main] INFO org.evosuite.runtime.instrumentation.EvoClassLoader - Keeping class: net.sf.saxon.regex.Operation$OpEndProgram
13:35:06.925 [main] INFO org.evosuite.runtime.instrumentation.EvoClassLoader - Seeing class for first time: net.sf.saxon.regex.Operation$OpReluctantFixed
13:35:06.925 [main] INFO org.evosuite.runtime.instrumentation.EvoClassLoader - Instrumenting class 'net.sf.saxon.regex.Operation$OpReluctantFixed'.
13:35:06.926 [main] INFO org.evosuite.runtime.instrumentation.MethodCallReplacementClassAdapter - Adding mock interface to class net/sf/saxon/regex/Operation$OpReluctantFixed
13:35:06.927 [main] INFO org.evosuite.runtime.instrumentation.CreateClassResetClassAdapter - Creating brand-new static initializer in class net/sf/saxon/regex/Operation$OpReluctantFixed
13:35:06.927 [main] INFO org.evosuite.runtime.instrumentation.EvoClassLoader - Seeing class for first time: net.sf.saxon.regex.Operation$OpRepeat
13:35:06.927 [main] INFO org.evosuite.runtime.instrumentation.EvoClassLoader - Instrumenting class 'net.sf.saxon.regex.Operation$OpRepeat'.
13:35:06.928 [main] INFO org.evosuite.runtime.instrumentation.MethodCallReplacementClassAdapter - Adding mock interface to class net/sf/saxon/regex/Operation$OpRepeat
13:35:06.929 [main] INFO org.evosuite.runtime.instrumentation.CreateClassResetClassAdapter - Creating brand-new static initializer in class net/sf/saxon/regex/Operation$OpRepeat
13:35:06.929 [main] INFO org.evosuite.runtime.instrumentation.EvoClassLoader - Keeping class: net.sf.saxon.regex.Operation$OpRepeat
13:35:06.929 [main] INFO org.evosuite.runtime.instrumentation.EvoClassLoader - Keeping class: net.sf.saxon.regex.Operation$OpReluctantFixed
13:35:06.929 [main] INFO org.evosuite.runtime.instrumentation.EvoClassLoader - Seeing class for first time: net.sf.saxon.regex.Operation$OpUnambiguousRepeat
13:35:06.929 [main] INFO org.evosuite.runtime.instrumentation.EvoClassLoader - Instrumenting class 'net.sf.saxon.regex.Operation$OpUnambiguousRepeat'.
13:35:06.930 [main] INFO org.evosuite.runtime.instrumentation.MethodCallReplacementClassAdapter - Adding mock interface to class net/sf/saxon/regex/Operation$OpUnambiguousRepeat
13:35:06.930 [main] INFO org.evosuite.runtime.instrumentation.CreateClassResetClassAdapter - Creating brand-new static initializer in class net/sf/saxon/regex/Operation$OpUnambiguousRepeat
13:35:06.931 [main] INFO org.evosuite.runtime.instrumentation.EvoClassLoader - Keeping class: net.sf.saxon.regex.Operation$OpUnambiguousRepeat
13:35:06.931 [main] INFO org.evosuite.runtime.instrumentation.EvoClassLoader - Seeing class for first time: net.sf.saxon.regex.Operation$OpGreedyFixed
13:35:06.931 [main] INFO org.evosuite.runtime.instrumentation.EvoClassLoader - Instrumenting class 'net.sf.saxon.regex.Operation$OpGreedyFixed'.
13:35:06.932 [main] INFO org.evosuite.runtime.instrumentation.MethodCallReplacementClassAdapter - Adding mock interface to class net/sf/saxon/regex/Operation$OpGreedyFixed
13:35:06.932 [main] INFO org.evosuite.runtime.instrumentation.CreateClassResetClassAdapter - Creating brand-new static initializer in class net/sf/saxon/regex/Operation$OpGreedyFixed
13:35:06.932 [main] INFO org.evosuite.runtime.instrumentation.EvoClassLoader - Keeping class: net.sf.saxon.regex.Operation$OpGreedyFixed
13:35:06.932 [main] INFO org.evosuite.runtime.instrumentation.EvoClassLoader - Seeing class for first time: net.sf.saxon.regex.Operation$OpAtom
13:35:06.932 [main] INFO org.evosuite.runtime.instrumentation.EvoClassLoader - Instrumenting class 'net.sf.saxon.regex.Operation$OpAtom'.
13:35:06.933 [main] INFO org.evosuite.runtime.instrumentation.MethodCallReplacementClassAdapter - Adding mock interface to class net/sf/saxon/regex/Operation$OpAtom
13:35:06.933 [main] INFO org.evosuite.runtime.instrumentation.CreateClassResetClassAdapter - Creating brand-new static initializer in class net/sf/saxon/regex/Operation$OpAtom
13:35:06.933 [main] INFO org.evosuite.runtime.instrumentation.EvoClassLoader - Keeping class: net.sf.saxon.regex.Operation$OpAtom
13:35:06.933 [main] INFO org.evosuite.runtime.instrumentation.EvoClassLoader - Seeing class for first time: net.sf.saxon.regex.Operation$OpCharClass
13:35:06.933 [main] INFO org.evosuite.runtime.instrumentation.EvoClassLoader - Instrumenting class 'net.sf.saxon.regex.Operation$OpCharClass'.
13:35:06.934 [main] INFO org.evosuite.runtime.instrumentation.MethodCallReplacementClassAdapter - Adding mock interface to class net/sf/saxon/regex/Operation$OpCharClass
13:35:06.934 [main] INFO org.evosuite.runtime.instrumentation.CreateClassResetClassAdapter - Creating brand-new static initializer in class net/sf/saxon/regex/Operation$OpCharClass
13:35:06.934 [main] INFO org.evosuite.runtime.instrumentation.EvoClassLoader - Keeping class: net.sf.saxon.regex.Operation$OpCharClass
13:35:06.934 [main] INFO org.evosuite.runtime.instrumentation.EvoClassLoader - Seeing class for first time: net.sf.saxon.regex.Operation$OpSequence
13:35:06.934 [main] INFO org.evosuite.runtime.instrumentation.EvoClassLoader - Instrumenting class 'net.sf.saxon.regex.Operation$OpSequence'.
13:35:06.935 [main] INFO org.evosuite.runtime.instrumentation.MethodCallReplacementClassAdapter - Adding mock interface to class net/sf/saxon/regex/Operation$OpSequence
13:35:06.936 [main] INFO org.evosuite.runtime.instrumentation.CreateClassResetClassAdapter - Creating brand-new static initializer in class net/sf/saxon/regex/Operation$OpSequence
13:35:06.936 [main] INFO org.evosuite.runtime.instrumentation.EvoClassLoader - Keeping class: net.sf.saxon.regex.Operation$OpSequence
13:35:06.937 [main] INFO org.evosuite.runtime.instrumentation.EvoClassLoader - Seeing class for first time: net.sf.saxon.regex.RESyntaxException
13:35:06.937 [main] INFO org.evosuite.runtime.instrumentation.EvoClassLoader - Instrumenting class 'net.sf.saxon.regex.RESyntaxException'.
13:35:06.937 [main] INFO org.evosuite.runtime.instrumentation.MethodCallReplacementClassAdapter - Adding mock interface to class net/sf/saxon/regex/RESyntaxException
13:35:06.938 [main] INFO org.evosuite.runtime.instrumentation.CreateClassResetClassAdapter - Creating brand-new static initializer in class net/sf/saxon/regex/RESyntaxException
13:35:06.938 [main] INFO org.evosuite.runtime.instrumentation.EvoClassLoader - Keeping class: net.sf.saxon.regex.RESyntaxException
13:35:06.938 [main] INFO org.evosuite.runtime.instrumentation.EvoClassLoader - Seeing class for first time: net.sf.saxon.functions.FunctionAvailable
13:35:06.938 [main] INFO org.evosuite.runtime.instrumentation.EvoClassLoader - Instrumenting class 'net.sf.saxon.functions.FunctionAvailable'.
13:35:06.939 [main] INFO org.evosuite.runtime.instrumentation.MethodCallReplacementClassAdapter - Adding mock interface to class net/sf/saxon/functions/FunctionAvailable
13:35:06.940 [main] INFO org.evosuite.runtime.instrumentation.CreateClassResetClassAdapter - Creating brand-new static initializer in class net/sf/saxon/functions/FunctionAvailable
13:35:06.940 [main] INFO org.evosuite.runtime.instrumentation.EvoClassLoader - Keeping class: net.sf.saxon.functions.FunctionAvailable
13:35:06.941 [main] INFO org.evosuite.runtime.instrumentation.EvoClassLoader - Seeing class for first time: net.sf.saxon.value.BooleanValue
13:35:06.941 [main] INFO org.evosuite.runtime.instrumentation.EvoClassLoader - Instrumenting class 'net.sf.saxon.value.BooleanValue'.
13:35:06.941 [main] INFO org.evosuite.runtime.instrumentation.MethodCallReplacementClassAdapter - Adding mock interface to class net/sf/saxon/value/BooleanValue
13:35:06.942 [main] INFO org.evosuite.runtime.instrumentation.CreateClassResetClassAdapter - Found static initializer in class net/sf/saxon/value/BooleanValue
13:35:06.942 [main] INFO org.evosuite.runtime.instrumentation.EvoClassLoader - Keeping class: net.sf.saxon.value.BooleanValue
13:35:06.942 [main] INFO org.evosuite.runtime.instrumentation.EvoClassLoader - Seeing class for first time: io.netty.util.ReferenceCountUtil
13:35:06.943 [main] INFO org.evosuite.runtime.instrumentation.EvoClassLoader - Instrumenting class 'io.netty.util.ReferenceCountUtil'.
13:35:06.943 [main] INFO org.evosuite.runtime.instrumentation.MethodCallReplacementClassAdapter - Adding mock interface to class io/netty/util/ReferenceCountUtil
13:35:06.944 [main] INFO org.evosuite.runtime.instrumentation.CreateClassResetClassAdapter - Found static initializer in class io/netty/util/ReferenceCountUtil
13:35:06.945 [main] INFO org.evosuite.runtime.instrumentation.EvoClassLoader - Keeping class: io.netty.util.ReferenceCountUtil
13:35:06.947 [main] INFO org.evosuite.runtime.instrumentation.EvoClassLoader - Seeing class for first time: net.sf.saxon.functions.Unordered
13:35:06.947 [main] INFO org.evosuite.runtime.instrumentation.EvoClassLoader - Instrumenting class 'net.sf.saxon.functions.Unordered'.
13:35:06.948 [main] INFO org.evosuite.runtime.instrumentation.MethodCallReplacementClassAdapter - Adding mock interface to class net/sf/saxon/functions/Unordered
13:35:06.949 [main] INFO org.evosuite.runtime.instrumentation.CreateClassResetClassAdapter - Creating brand-new static initializer in class net/sf/saxon/functions/Unordered
13:35:06.949 [main] INFO org.evosuite.runtime.instrumentation.EvoClassLoader - Keeping class: net.sf.saxon.functions.Unordered
13:35:06.950 [main] INFO org.evosuite.runtime.instrumentation.EvoClassLoader - Seeing class for first time: net.sf.saxon.expr.instruct.NamespaceConstructor
13:35:06.950 [main] INFO org.evosuite.runtime.instrumentation.EvoClassLoader - Instrumenting class 'net.sf.saxon.expr.instruct.NamespaceConstructor'.
13:35:06.951 [main] INFO org.evosuite.runtime.instrumentation.MethodCallReplacementClassAdapter - Adding mock interface to class net/sf/saxon/expr/instruct/NamespaceConstructor
13:35:06.952 [main] INFO org.evosuite.runtime.instrumentation.CreateClassResetClassAdapter - Found static initializer in class net/sf/saxon/expr/instruct/NamespaceConstructor
13:35:06.953 [main] INFO org.evosuite.runtime.instrumentation.EvoClassLoader - Keeping class: net.sf.saxon.expr.instruct.NamespaceConstructor
13:35:06.954 [main] INFO org.evosuite.runtime.instrumentation.EvoClassLoader - Seeing class for first time: net.sf.saxon.event.ContentHandlerProxy$ContentHandlerProxyTraceListener
13:35:06.954 [main] INFO org.evosuite.runtime.instrumentation.EvoClassLoader - Instrumenting class 'net.sf.saxon.event.ContentHandlerProxy$ContentHandlerProxyTraceListener'.
13:35:06.954 [main] INFO org.evosuite.runtime.instrumentation.MethodCallReplacementClassAdapter - Adding mock interface to class net/sf/saxon/event/ContentHandlerProxy$ContentHandlerProxyTraceListener
13:35:06.955 [main] INFO org.evosuite.runtime.instrumentation.CreateClassResetClassAdapter - Creating brand-new static initializer in class net/sf/saxon/event/ContentHandlerProxy$ContentHandlerProxyTraceListener
13:35:06.955 [main] INFO org.evosuite.runtime.instrumentation.EvoClassLoader - Keeping class: net.sf.saxon.event.ContentHandlerProxy$ContentHandlerProxyTraceListener
13:35:06.956 [main] INFO org.evosuite.runtime.instrumentation.EvoClassLoader - Seeing class for first time: net.sf.saxon.expr.sort.SortKeyDefinition
13:35:06.956 [main] INFO org.evosuite.runtime.instrumentation.EvoClassLoader - Instrumenting class 'net.sf.saxon.expr.sort.SortKeyDefinition'.
13:35:06.957 [main] INFO org.evosuite.runtime.instrumentation.MethodCallReplacementClassAdapter - Adding mock interface to class net/sf/saxon/expr/sort/SortKeyDefinition
13:35:06.967 [main] INFO org.evosuite.runtime.instrumentation.CreateClassResetClassAdapter - Creating brand-new static initializer in class net/sf/saxon/expr/sort/SortKeyDefinition
13:35:06.968 [main] INFO org.evosuite.runtime.instrumentation.EvoClassLoader - Keeping class: net.sf.saxon.expr.sort.SortKeyDefinition
13:35:06.970 [main] INFO org.evosuite.runtime.instrumentation.EvoClassLoader - Seeing class for first time: net.sf.saxon.expr.instruct.ForEachGroup
13:35:06.970 [main] INFO org.evosuite.runtime.instrumentation.EvoClassLoader - Instrumenting class 'net.sf.saxon.expr.instruct.ForEachGroup'.
13:35:06.972 [main] INFO org.evosuite.runtime.instrumentation.MethodCallReplacementClassAdapter - Adding mock interface to class net/sf/saxon/expr/instruct/ForEachGroup
13:35:06.994 [main] INFO org.evosuite.runtime.instrumentation.CreateClassResetClassAdapter - Found static initializer in class net/sf/saxon/expr/instruct/ForEachGroup
13:35:06.995 [main] INFO org.evosuite.runtime.instrumentation.EvoClassLoader - Keeping class: net.sf.saxon.expr.instruct.ForEachGroup
13:35:06.998 [main] INFO org.evosuite.runtime.instrumentation.EvoClassLoader - Seeing class for first time: net.sf.saxon.expr.OperandUsage
13:35:06.998 [main] INFO org.evosuite.runtime.instrumentation.EvoClassLoader - Instrumenting class 'net.sf.saxon.expr.OperandUsage'.
13:35:06.999 [main] INFO org.evosuite.runtime.instrumentation.MethodCallReplacementClassAdapter - Adding mock interface to class net/sf/saxon/expr/OperandUsage
13:35:06.999 [main] INFO org.evosuite.runtime.instrumentation.CreateClassResetClassAdapter - Found static initializer in class net/sf/saxon/expr/OperandUsage
13:35:06.999 [main] INFO org.evosuite.runtime.instrumentation.EvoClassLoader - Keeping class: net.sf.saxon.expr.OperandUsage
13:35:07.001 [main] INFO org.evosuite.runtime.instrumentation.EvoClassLoader - Seeing class for first time: net.sf.saxon.value.Cardinality
13:35:07.001 [main] INFO org.evosuite.runtime.instrumentation.EvoClassLoader - Instrumenting class 'net.sf.saxon.value.Cardinality'.
13:35:07.002 [main] INFO org.evosuite.runtime.instrumentation.MethodCallReplacementClassAdapter - Adding mock interface to class net/sf/saxon/value/Cardinality
13:35:07.003 [main] INFO org.evosuite.runtime.instrumentation.CreateClassResetClassAdapter - Creating brand-new static initializer in class net/sf/saxon/value/Cardinality
13:35:07.004 [main] INFO org.evosuite.runtime.instrumentation.EvoClassLoader - Keeping class: net.sf.saxon.value.Cardinality
13:35:07.006 [main] INFO org.evosuite.runtime.instrumentation.EvoClassLoader - Seeing class for first time: net.sf.saxon.expr.parser.ExpressionTool
13:35:07.006 [main] INFO org.evosuite.runtime.instrumentation.EvoClassLoader - Instrumenting class 'net.sf.saxon.expr.parser.ExpressionTool'.
13:35:07.009 [main] INFO org.evosuite.runtime.instrumentation.MethodCallReplacementClassAdapter - Adding mock interface to class net/sf/saxon/expr/parser/ExpressionTool
13:35:07.036 [main] INFO org.evosuite.runtime.instrumentation.CreateClassResetClassAdapter - Found static initializer in class net/sf/saxon/expr/parser/ExpressionTool
13:35:07.038 [main] INFO org.evosuite.runtime.instrumentation.EvoClassLoader - Keeping class: net.sf.saxon.expr.parser.ExpressionTool
13:35:07.038 [main] INFO org.evosuite.runtime.instrumentation.EvoClassLoader - Seeing class for first time: net.sf.saxon.expr.VariableReference
13:35:07.038 [main] INFO org.evosuite.runtime.instrumentation.EvoClassLoader - Instrumenting class 'net.sf.saxon.expr.VariableReference'.
13:35:07.039 [main] INFO org.evosuite.runtime.instrumentation.MethodCallReplacementClassAdapter - Adding mock interface to class net/sf/saxon/expr/VariableReference
13:35:07.041 [main] INFO org.evosuite.runtime.instrumentation.CreateClassResetClassAdapter - Found static initializer in class net/sf/saxon/expr/VariableReference
13:35:07.042 [main] INFO org.evosuite.runtime.instrumentation.EvoClassLoader - Keeping class: net.sf.saxon.expr.VariableReference
13:35:07.042 [main] INFO org.evosuite.runtime.instrumentation.EvoClassLoader - Seeing class for first time: net.sf.saxon.expr.CurrentItemExpression
13:35:07.042 [main] INFO org.evosuite.runtime.instrumentation.EvoClassLoader - Instrumenting class 'net.sf.saxon.expr.CurrentItemExpression'.
13:35:07.043 [main] INFO org.evosuite.runtime.instrumentation.MethodCallReplacementClassAdapter - Adding mock interface to class net/sf/saxon/expr/CurrentItemExpression
13:35:07.043 [main] INFO org.evosuite.runtime.instrumentation.CreateClassResetClassAdapter - Creating brand-new static initializer in class net/sf/saxon/expr/CurrentItemExpression
13:35:07.043 [main] INFO org.evosuite.runtime.instrumentation.EvoClassLoader - Keeping class: net.sf.saxon.expr.CurrentItemExpression
13:35:07.043 [main] INFO org.evosuite.runtime.instrumentation.EvoClassLoader - Seeing class for first time: net.sf.saxon.expr.TailExpression
13:35:07.043 [main] INFO org.evosuite.runtime.instrumentation.EvoClassLoader - Instrumenting class 'net.sf.saxon.expr.TailExpression'.
13:35:07.044 [main] INFO org.evosuite.runtime.instrumentation.MethodCallReplacementClassAdapter - Adding mock interface to class net/sf/saxon/expr/TailExpression
13:35:07.044 [main] INFO org.evosuite.runtime.instrumentation.CreateClassResetClassAdapter - Creating brand-new static initializer in class net/sf/saxon/expr/TailExpression
13:35:07.044 [main] INFO org.evosuite.runtime.instrumentation.EvoClassLoader - Keeping class: net.sf.saxon.expr.TailExpression
13:35:07.045 [main] INFO org.evosuite.runtime.instrumentation.EvoClassLoader - Seeing class for first time: net.sf.saxon.expr.SlashExpression
13:35:07.045 [main] INFO org.evosuite.runtime.instrumentation.EvoClassLoader - Instrumenting class 'net.sf.saxon.expr.SlashExpression'.
13:35:07.046 [main] INFO org.evosuite.runtime.instrumentation.MethodCallReplacementClassAdapter - Adding mock interface to class net/sf/saxon/expr/SlashExpression
13:35:07.063 [main] INFO org.evosuite.runtime.instrumentation.CreateClassResetClassAdapter - Creating brand-new static initializer in class net/sf/saxon/expr/SlashExpression
13:35:07.066 [main] INFO org.evosuite.runtime.instrumentation.EvoClassLoader - Keeping class: net.sf.saxon.expr.SlashExpression
13:35:07.066 [main] INFO org.evosuite.runtime.instrumentation.EvoClassLoader - Seeing class for first time: net.sf.saxon.expr.LocalVariableReference
13:35:07.066 [main] INFO org.evosuite.runtime.instrumentation.EvoClassLoader - Instrumenting class 'net.sf.saxon.expr.LocalVariableReference'.
13:35:07.066 [main] INFO org.evosuite.runtime.instrumentation.MethodCallReplacementClassAdapter - Adding mock interface to class net/sf/saxon/expr/LocalVariableReference
13:35:07.072 [main] INFO org.evosuite.runtime.instrumentation.CreateClassResetClassAdapter - Creating brand-new static initializer in class net/sf/saxon/expr/LocalVariableReference
13:35:07.073 [main] INFO org.evosuite.runtime.instrumentation.EvoClassLoader - Keeping class: net.sf.saxon.expr.LocalVariableReference
13:35:07.073 [main] INFO org.evosuite.runtime.instrumentation.EvoClassLoader - Seeing class for first time: net.sf.saxon.expr.sort.DocumentSorter
13:35:07.073 [main] INFO org.evosuite.runtime.instrumentation.EvoClassLoader - Instrumenting class 'net.sf.saxon.expr.sort.DocumentSorter'.
13:35:07.074 [main] INFO org.evosuite.runtime.instrumentation.MethodCallReplacementClassAdapter - Adding mock interface to class net/sf/saxon/expr/sort/DocumentSorter
13:35:07.075 [main] INFO org.evosuite.runtime.instrumentation.CreateClassResetClassAdapter - Creating brand-new static initializer in class net/sf/saxon/expr/sort/DocumentSorter
13:35:07.075 [main] INFO org.evosuite.runtime.instrumentation.EvoClassLoader - Keeping class: net.sf.saxon.expr.sort.DocumentSorter
13:35:07.076 [main] INFO org.evosuite.runtime.instrumentation.EvoClassLoader - Seeing class for first time: net.sf.saxon.expr.GlobalVariableReference
13:35:07.076 [main] INFO org.evosuite.runtime.instrumentation.EvoClassLoader - Instrumenting class 'net.sf.saxon.expr.GlobalVariableReference'.
13:35:07.077 [main] INFO org.evosuite.runtime.instrumentation.MethodCallReplacementClassAdapter - Adding mock interface to class net/sf/saxon/expr/GlobalVariableReference
13:35:07.078 [main] INFO org.evosuite.runtime.instrumentation.CreateClassResetClassAdapter - Creating brand-new static initializer in class net/sf/saxon/expr/GlobalVariableReference
13:35:07.078 [main] INFO org.evosuite.runtime.instrumentation.EvoClassLoader - Keeping class: net.sf.saxon.expr.GlobalVariableReference
13:35:07.079 [main] INFO org.evosuite.runtime.instrumentation.EvoClassLoader - Seeing class for first time: net.sf.saxon.expr.parser.ExpressionAction
13:35:07.079 [main] INFO org.evosuite.runtime.instrumentation.EvoClassLoader - Instrumenting class 'net.sf.saxon.expr.parser.ExpressionAction'.
13:35:07.079 [main] INFO org.evosuite.runtime.instrumentation.EvoClassLoader - Keeping class: net.sf.saxon.expr.parser.ExpressionAction
13:35:07.079 [main] INFO org.evosuite.runtime.instrumentation.EvoClassLoader - Seeing class for first time: net.sf.saxon.expr.parser.Evaluator
13:35:07.079 [main] INFO org.evosuite.runtime.instrumentation.EvoClassLoader - Instrumenting class 'net.sf.saxon.expr.parser.Evaluator'.
13:35:07.080 [main] INFO org.evosuite.runtime.instrumentation.MethodCallReplacementClassAdapter - Adding mock interface to class net/sf/saxon/expr/parser/Evaluator
13:35:07.080 [main] INFO org.evosuite.runtime.instrumentation.CreateClassResetClassAdapter - Found static initializer in class net/sf/saxon/expr/parser/Evaluator
13:35:07.081 [main] INFO org.evosuite.runtime.instrumentation.EvoClassLoader - Keeping class: net.sf.saxon.expr.parser.Evaluator
13:35:07.081 [main] INFO org.evosuite.runtime.instrumentation.EvoClassLoader - Seeing class for first time: net.sf.saxon.expr.parser.ExpressionTool$ExpressionSelector
13:35:07.081 [main] INFO org.evosuite.runtime.instrumentation.EvoClassLoader - Instrumenting class 'net.sf.saxon.expr.parser.ExpressionTool$ExpressionSelector'.
13:35:07.082 [main] INFO org.evosuite.runtime.instrumentation.EvoClassLoader - Keeping class: net.sf.saxon.expr.parser.ExpressionTool$ExpressionSelector
13:35:07.083 [main] INFO org.evosuite.runtime.instrumentation.EvoClassLoader - Seeing class for first time: io.netty.util.ResourceLeakDetector$TraceRecord
13:35:07.083 [main] INFO org.evosuite.runtime.instrumentation.EvoClassLoader - Instrumenting class 'io.netty.util.ResourceLeakDetector$TraceRecord'.
13:35:07.084 [main] INFO org.evosuite.runtime.instrumentation.MethodCallReplacementClassAdapter - Adding mock interface to class io/netty/util/ResourceLeakDetector$TraceRecord
13:35:07.085 [main] INFO org.evosuite.runtime.instrumentation.CreateClassResetClassAdapter - Found static initializer in class io/netty/util/ResourceLeakDetector$TraceRecord
13:35:07.085 [main] INFO org.evosuite.runtime.instrumentation.EvoClassLoader - Keeping class: io.netty.util.ResourceLeakDetector$TraceRecord
13:35:07.086 [main] INFO org.evosuite.runtime.instrumentation.EvoClassLoader - Seeing class for first time: io.netty.util.ResourceLeakDetector$TraceRecord$1
13:35:07.086 [main] INFO org.evosuite.runtime.instrumentation.EvoClassLoader - Instrumenting class 'io.netty.util.ResourceLeakDetector$TraceRecord$1'.
13:35:07.087 [main] INFO org.evosuite.runtime.instrumentation.MethodCallReplacementClassAdapter - Adding mock interface to class io/netty/util/ResourceLeakDetector$TraceRecord$1
13:35:07.088 [main] INFO org.evosuite.runtime.instrumentation.EvoClassLoader - Keeping class: io.netty.util.ResourceLeakDetector$TraceRecord$1
13:35:07.089 [main] INFO org.evosuite.runtime.instrumentation.EvoClassLoader - Seeing class for first time: net.sf.saxon.expr.flwor.Clause
13:35:07.089 [main] INFO org.evosuite.runtime.instrumentation.EvoClassLoader - Instrumenting class 'net.sf.saxon.expr.flwor.Clause'.
13:35:07.089 [main] INFO org.evosuite.runtime.instrumentation.MethodCallReplacementClassAdapter - Adding mock interface to class net/sf/saxon/expr/flwor/Clause
13:35:07.090 [main] INFO org.evosuite.runtime.instrumentation.CreateClassResetClassAdapter - Creating brand-new static initializer in class net/sf/saxon/expr/flwor/Clause
13:35:07.090 [main] INFO org.evosuite.runtime.instrumentation.CreateClassResetClassAdapter - Adding bytecode for initializing field FOR
13:35:07.090 [main] INFO org.evosuite.runtime.instrumentation.CreateClassResetClassAdapter - Adding bytecode for initializing field LET
13:35:07.090 [main] INFO org.evosuite.runtime.instrumentation.CreateClassResetClassAdapter - Adding bytecode for initializing field WINDOW
13:35:07.090 [main] INFO org.evosuite.runtime.instrumentation.CreateClassResetClassAdapter - Adding bytecode for initializing field GROUPBYCLAUSE
13:35:07.090 [main] INFO org.evosuite.runtime.instrumentation.CreateClassResetClassAdapter - Adding bytecode for initializing field COUNT
13:35:07.090 [main] INFO org.evosuite.runtime.instrumentation.CreateClassResetClassAdapter - Adding bytecode for initializing field ORDERBYCLAUSE
13:35:07.090 [main] INFO org.evosuite.runtime.instrumentation.CreateClassResetClassAdapter - Adding bytecode for initializing field WHERE
13:35:07.090 [main] INFO org.evosuite.runtime.instrumentation.CreateClassResetClassAdapter - Adding bytecode for initializing field TRACE
13:35:07.090 [main] INFO org.evosuite.runtime.instrumentation.EvoClassLoader - Defined package (3): package net.sf.saxon.expr.flwor, 1844080906
13:35:07.090 [main] INFO org.evosuite.runtime.instrumentation.EvoClassLoader - Keeping class: net.sf.saxon.expr.flwor.Clause
13:35:07.091 [main] INFO org.evosuite.runtime.instrumentation.EvoClassLoader - Seeing class for first time: net.sf.saxon.expr.flwor.LocalVariableBinding
13:35:07.091 [main] INFO org.evosuite.runtime.instrumentation.EvoClassLoader - Instrumenting class 'net.sf.saxon.expr.flwor.LocalVariableBinding'.
13:35:07.091 [main] INFO org.evosuite.runtime.instrumentation.MethodCallReplacementClassAdapter - Adding mock interface to class net/sf/saxon/expr/flwor/LocalVariableBinding
13:35:07.092 [main] INFO org.evosuite.runtime.instrumentation.CreateClassResetClassAdapter - Creating brand-new static initializer in class net/sf/saxon/expr/flwor/LocalVariableBinding
13:35:07.092 [main] INFO org.evosuite.runtime.instrumentation.EvoClassLoader - Keeping class: net.sf.saxon.expr.flwor.LocalVariableBinding
13:35:07.092 [main] INFO org.evosuite.runtime.instrumentation.EvoClassLoader - Seeing class for first time: net.sf.saxon.expr.flwor.TuplePull
13:35:07.092 [main] INFO org.evosuite.runtime.instrumentation.EvoClassLoader - Instrumenting class 'net.sf.saxon.expr.flwor.TuplePull'.
13:35:07.093 [main] INFO org.evosuite.runtime.instrumentation.MethodCallReplacementClassAdapter - Adding mock interface to class net/sf/saxon/expr/flwor/TuplePull
13:35:07.093 [main] INFO org.evosuite.runtime.instrumentation.CreateClassResetClassAdapter - Creating brand-new static initializer in class net/sf/saxon/expr/flwor/TuplePull
13:35:07.093 [main] INFO org.evosuite.runtime.instrumentation.EvoClassLoader - Keeping class: net.sf.saxon.expr.flwor.TuplePull
13:35:07.093 [main] INFO org.evosuite.runtime.instrumentation.EvoClassLoader - Seeing class for first time: net.sf.saxon.expr.flwor.TuplePush
13:35:07.093 [main] INFO org.evosuite.runtime.instrumentation.EvoClassLoader - Instrumenting class 'net.sf.saxon.expr.flwor.TuplePush'.
13:35:07.093 [main] INFO org.evosuite.runtime.instrumentation.MethodCallReplacementClassAdapter - Adding mock interface to class net/sf/saxon/expr/flwor/TuplePush
13:35:07.093 [main] INFO org.evosuite.runtime.instrumentation.CreateClassResetClassAdapter - Creating brand-new static initializer in class net/sf/saxon/expr/flwor/TuplePush
13:35:07.094 [main] INFO org.evosuite.runtime.instrumentation.EvoClassLoader - Keeping class: net.sf.saxon.expr.flwor.TuplePush
13:35:07.094 [main] INFO org.evosuite.runtime.instrumentation.EvoClassLoader - Seeing class for first time: net.sf.saxon.expr.flwor.OperandProcessor
13:35:07.094 [main] INFO org.evosuite.runtime.instrumentation.EvoClassLoader - Instrumenting class 'net.sf.saxon.expr.flwor.OperandProcessor'.
13:35:07.094 [main] INFO org.evosuite.runtime.instrumentation.EvoClassLoader - Keeping class: net.sf.saxon.expr.flwor.OperandProcessor
13:35:07.094 [main] INFO org.evosuite.runtime.instrumentation.EvoClassLoader - Seeing class for first time: net.sf.saxon.expr.flwor.FLWORExpression
13:35:07.094 [main] INFO org.evosuite.runtime.instrumentation.EvoClassLoader - Instrumenting class 'net.sf.saxon.expr.flwor.FLWORExpression'.
13:35:07.096 [main] INFO org.evosuite.runtime.instrumentation.MethodCallReplacementClassAdapter - Adding mock interface to class net/sf/saxon/expr/flwor/FLWORExpression
13:35:07.125 [main] INFO org.evosuite.runtime.instrumentation.CreateClassResetClassAdapter - Found static initializer in class net/sf/saxon/expr/flwor/FLWORExpression
13:35:07.126 [main] INFO org.evosuite.runtime.instrumentation.EvoClassLoader - Keeping class: net.sf.saxon.expr.flwor.FLWORExpression
13:35:07.127 [main] INFO org.evosuite.runtime.instrumentation.EvoClassLoader - Seeing class for first time: net.sf.saxon.expr.flwor.ForClause
13:35:07.127 [main] INFO org.evosuite.runtime.instrumentation.EvoClassLoader - Instrumenting class 'net.sf.saxon.expr.flwor.ForClause'.
13:35:07.128 [main] INFO org.evosuite.runtime.instrumentation.MethodCallReplacementClassAdapter - Adding mock interface to class net/sf/saxon/expr/flwor/ForClause
13:35:07.158 [main] INFO org.evosuite.runtime.instrumentation.CreateClassResetClassAdapter - Found static initializer in class net/sf/saxon/expr/flwor/ForClause
13:35:07.158 [main] INFO org.evosuite.runtime.instrumentation.EvoClassLoader - Keeping class: net.sf.saxon.expr.flwor.ForClause
13:35:07.159 [main] INFO org.evosuite.runtime.instrumentation.EvoClassLoader - Seeing class for first time: net.sf.saxon.expr.flwor.ForClauseOuterPull
13:35:07.159 [main] INFO org.evosuite.runtime.instrumentation.EvoClassLoader - Instrumenting class 'net.sf.saxon.expr.flwor.ForClauseOuterPull'.
13:35:07.159 [main] INFO org.evosuite.runtime.instrumentation.MethodCallReplacementClassAdapter - Adding mock interface to class net/sf/saxon/expr/flwor/ForClauseOuterPull
13:35:07.160 [main] INFO org.evosuite.runtime.instrumentation.CreateClassResetClassAdapter - Creating brand-new static initializer in class net/sf/saxon/expr/flwor/ForClauseOuterPull
13:35:07.160 [main] INFO org.evosuite.runtime.instrumentation.EvoClassLoader - Seeing class for first time: net.sf.saxon.expr.flwor.ForClausePull
13:35:07.160 [main] INFO org.evosuite.runtime.instrumentation.EvoClassLoader - Instrumenting class 'net.sf.saxon.expr.flwor.ForClausePull'.
13:35:07.161 [main] INFO org.evosuite.runtime.instrumentation.MethodCallReplacementClassAdapter - Adding mock interface to class net/sf/saxon/expr/flwor/ForClausePull
13:35:07.161 [main] INFO org.evosuite.runtime.instrumentation.CreateClassResetClassAdapter - Creating brand-new static initializer in class net/sf/saxon/expr/flwor/ForClausePull
13:35:07.161 [main] INFO org.evosuite.runtime.instrumentation.EvoClassLoader - Keeping class: net.sf.saxon.expr.flwor.ForClausePull
13:35:07.161 [main] INFO org.evosuite.runtime.instrumentation.EvoClassLoader - Keeping class: net.sf.saxon.expr.flwor.ForClauseOuterPull
13:35:07.161 [main] INFO org.evosuite.runtime.instrumentation.EvoClassLoader - Seeing class for first time: net.sf.saxon.expr.flwor.ForClauseOuterPush
13:35:07.161 [main] INFO org.evosuite.runtime.instrumentation.EvoClassLoader - Instrumenting class 'net.sf.saxon.expr.flwor.ForClauseOuterPush'.
13:35:07.162 [main] INFO org.evosuite.runtime.instrumentation.MethodCallReplacementClassAdapter - Adding mock interface to class net/sf/saxon/expr/flwor/ForClauseOuterPush
13:35:07.162 [main] INFO org.evosuite.runtime.instrumentation.CreateClassResetClassAdapter - Creating brand-new static initializer in class net/sf/saxon/expr/flwor/ForClauseOuterPush
13:35:07.162 [main] INFO org.evosuite.runtime.instrumentation.EvoClassLoader - Keeping class: net.sf.saxon.expr.flwor.ForClauseOuterPush
13:35:07.162 [main] INFO org.evosuite.runtime.instrumentation.EvoClassLoader - Seeing class for first time: net.sf.saxon.expr.flwor.ForClausePush
13:35:07.162 [main] INFO org.evosuite.runtime.instrumentation.EvoClassLoader - Instrumenting class 'net.sf.saxon.expr.flwor.ForClausePush'.
13:35:07.163 [main] INFO org.evosuite.runtime.instrumentation.MethodCallReplacementClassAdapter - Adding mock interface to class net/sf/saxon/expr/flwor/ForClausePush
13:35:07.163 [main] INFO org.evosuite.runtime.instrumentation.CreateClassResetClassAdapter - Creating brand-new static initializer in class net/sf/saxon/expr/flwor/ForClausePush
13:35:07.163 [main] INFO org.evosuite.runtime.instrumentation.EvoClassLoader - Keeping class: net.sf.saxon.expr.flwor.ForClausePush
13:35:07.163 [main] INFO org.evosuite.runtime.instrumentation.EvoClassLoader - Seeing class for first time: net.sf.saxon.expr.FilterExpression
13:35:07.164 [main] INFO org.evosuite.runtime.instrumentation.EvoClassLoader - Instrumenting class 'net.sf.saxon.expr.FilterExpression'.
13:35:07.165 [main] INFO org.evosuite.runtime.instrumentation.MethodCallReplacementClassAdapter - Adding mock interface to class net/sf/saxon/expr/FilterExpression
13:35:07.173 [main] INFO org.evosuite.runtime.instrumentation.CreateClassResetClassAdapter - Found static initializer in class net/sf/saxon/expr/FilterExpression
13:35:07.175 [main] INFO org.evosuite.runtime.instrumentation.EvoClassLoader - Keeping class: net.sf.saxon.expr.FilterExpression
13:35:07.176 [main] INFO org.evosuite.runtime.instrumentation.EvoClassLoader - Seeing class for first time: io.netty.util.internal.CleanerJava6$2
13:35:07.176 [main] INFO org.evosuite.runtime.instrumentation.EvoClassLoader - Instrumenting class 'io.netty.util.internal.CleanerJava6$2'.
13:35:07.176 [main] INFO org.evosuite.runtime.instrumentation.MethodCallReplacementClassAdapter - Adding mock interface to class io/netty/util/internal/CleanerJava6$2
13:35:07.177 [main] INFO org.evosuite.runtime.instrumentation.EvoClassLoader - Keeping class: io.netty.util.internal.CleanerJava6$2
13:35:07.177 [main] INFO org.evosuite.runtime.instrumentation.EvoClassLoader - Seeing class for first time: net.sf.saxon.expr.instruct.BreakInstr
13:35:07.177 [main] INFO org.evosuite.runtime.instrumentation.EvoClassLoader - Instrumenting class 'net.sf.saxon.expr.instruct.BreakInstr'.
13:35:07.178 [main] INFO org.evosuite.runtime.instrumentation.MethodCallReplacementClassAdapter - Adding mock interface to class net/sf/saxon/expr/instruct/BreakInstr
13:35:07.178 [main] INFO org.evosuite.runtime.instrumentation.CreateClassResetClassAdapter - Creating brand-new static initializer in class net/sf/saxon/expr/instruct/BreakInstr
13:35:07.179 [main] INFO org.evosuite.runtime.instrumentation.EvoClassLoader - Keeping class: net.sf.saxon.expr.instruct.BreakInstr
13:35:07.180 [main] INFO org.evosuite.runtime.instrumentation.EvoClassLoader - Seeing class for first time: io.netty.buffer.HeapByteBufUtil
13:35:07.180 [main] INFO org.evosuite.runtime.instrumentation.EvoClassLoader - Instrumenting class 'io.netty.buffer.HeapByteBufUtil'.
13:35:07.181 [main] INFO org.evosuite.runtime.instrumentation.MethodCallReplacementClassAdapter - Adding mock interface to class io/netty/buffer/HeapByteBufUtil
13:35:07.181 [main] INFO org.evosuite.runtime.instrumentation.CreateClassResetClassAdapter - Creating brand-new static initializer in class io/netty/buffer/HeapByteBufUtil
13:35:07.182 [main] INFO org.evosuite.runtime.instrumentation.EvoClassLoader - Keeping class: io.netty.buffer.HeapByteBufUtil
13:35:07.183 [main] INFO org.evosuite.runtime.instrumentation.EvoClassLoader - Seeing class for first time: net.sf.saxon.expr.instruct.FixedAttribute
13:35:07.183 [main] INFO org.evosuite.runtime.instrumentation.EvoClassLoader - Instrumenting class 'net.sf.saxon.expr.instruct.FixedAttribute'.
13:35:07.184 [main] INFO org.evosuite.runtime.instrumentation.MethodCallReplacementClassAdapter - Adding mock interface to class net/sf/saxon/expr/instruct/FixedAttribute
13:35:07.185 [main] INFO org.evosuite.runtime.instrumentation.CreateClassResetClassAdapter - Found static initializer in class net/sf/saxon/expr/instruct/FixedAttribute
13:35:07.186 [main] INFO org.evosuite.runtime.instrumentation.EvoClassLoader - Seeing class for first time: net.sf.saxon.expr.instruct.AttributeCreator
13:35:07.186 [main] INFO org.evosuite.runtime.instrumentation.EvoClassLoader - Instrumenting class 'net.sf.saxon.expr.instruct.AttributeCreator'.
13:35:07.188 [main] INFO org.evosuite.runtime.instrumentation.MethodCallReplacementClassAdapter - Adding mock interface to class net/sf/saxon/expr/instruct/AttributeCreator
13:35:07.190 [main] INFO org.evosuite.runtime.instrumentation.CreateClassResetClassAdapter - Found static initializer in class net/sf/saxon/expr/instruct/AttributeCreator
13:35:07.191 [main] INFO org.evosuite.runtime.instrumentation.EvoClassLoader - Keeping class: net.sf.saxon.expr.instruct.AttributeCreator
13:35:07.191 [main] INFO org.evosuite.runtime.instrumentation.EvoClassLoader - Keeping class: net.sf.saxon.expr.instruct.FixedAttribute
13:35:07.191 [main] INFO org.evosuite.runtime.instrumentation.EvoClassLoader - Seeing class for first time: net.sf.saxon.expr.instruct.TraceExpression
13:35:07.191 [main] INFO org.evosuite.runtime.instrumentation.EvoClassLoader - Instrumenting class 'net.sf.saxon.expr.instruct.TraceExpression'.
13:35:07.191 [main] INFO org.evosuite.runtime.instrumentation.MethodCallReplacementClassAdapter - Adding mock interface to class net/sf/saxon/expr/instruct/TraceExpression
13:35:07.192 [main] INFO org.evosuite.runtime.instrumentation.CreateClassResetClassAdapter - Found static initializer in class net/sf/saxon/expr/instruct/TraceExpression
13:35:07.193 [main] INFO org.evosuite.runtime.instrumentation.EvoClassLoader - Keeping class: net.sf.saxon.expr.instruct.TraceExpression
13:35:07.193 [main] INFO org.evosuite.runtime.instrumentation.EvoClassLoader - Seeing class for first time: net.sf.saxon.expr.instruct.FixedElement
13:35:07.193 [main] INFO org.evosuite.runtime.instrumentation.EvoClassLoader - Instrumenting class 'net.sf.saxon.expr.instruct.FixedElement'.
13:35:07.194 [main] INFO org.evosuite.runtime.instrumentation.MethodCallReplacementClassAdapter - Adding mock interface to class net/sf/saxon/expr/instruct/FixedElement
13:35:07.198 [main] INFO org.evosuite.runtime.instrumentation.CreateClassResetClassAdapter - Creating brand-new static initializer in class net/sf/saxon/expr/instruct/FixedElement
13:35:07.199 [main] INFO org.evosuite.runtime.instrumentation.EvoClassLoader - Seeing class for first time: net.sf.saxon.expr.instruct.ElementCreator
13:35:07.199 [main] INFO org.evosuite.runtime.instrumentation.EvoClassLoader - Instrumenting class 'net.sf.saxon.expr.instruct.ElementCreator'.
13:35:07.200 [main] INFO org.evosuite.runtime.instrumentation.MethodCallReplacementClassAdapter - Adding mock interface to class net/sf/saxon/expr/instruct/ElementCreator
13:35:07.207 [main] INFO org.evosuite.runtime.instrumentation.CreateClassResetClassAdapter - Creating brand-new static initializer in class net/sf/saxon/expr/instruct/ElementCreator
13:35:07.208 [main] INFO org.evosuite.runtime.instrumentation.EvoClassLoader - Keeping class: net.sf.saxon.expr.instruct.ElementCreator
13:35:07.208 [main] INFO org.evosuite.runtime.instrumentation.EvoClassLoader - Keeping class: net.sf.saxon.expr.instruct.FixedElement
13:35:07.209 [main] INFO org.evosuite.runtime.instrumentation.EvoClassLoader - Seeing class for first time: net.sf.saxon.expr.instruct.Choose
13:35:07.209 [main] INFO org.evosuite.runtime.instrumentation.EvoClassLoader - Instrumenting class 'net.sf.saxon.expr.instruct.Choose'.
13:35:07.210 [main] INFO org.evosuite.runtime.instrumentation.MethodCallReplacementClassAdapter - Adding mock interface to class net/sf/saxon/expr/instruct/Choose
13:35:07.213 [main] INFO org.evosuite.runtime.instrumentation.CreateClassResetClassAdapter - Found static initializer in class net/sf/saxon/expr/instruct/Choose
13:35:07.214 [main] INFO org.evosuite.runtime.instrumentation.EvoClassLoader - Seeing class for first time: net.sf.saxon.expr.instruct.ConditionalInstruction
13:35:07.214 [main] INFO org.evosuite.runtime.instrumentation.EvoClassLoader - Instrumenting class 'net.sf.saxon.expr.instruct.ConditionalInstruction'.
13:35:07.215 [main] INFO org.evosuite.runtime.instrumentation.EvoClassLoader - Keeping class: net.sf.saxon.expr.instruct.ConditionalInstruction
13:35:07.215 [main] INFO org.evosuite.runtime.instrumentation.EvoClassLoader - Keeping class: net.sf.saxon.expr.instruct.Choose
13:35:07.218 [main] INFO org.evosuite.runtime.instrumentation.EvoClassLoader - Seeing class for first time: net.sf.saxon.query.QueryLibrary
13:35:07.218 [main] INFO org.evosuite.runtime.instrumentation.EvoClassLoader - Instrumenting class 'net.sf.saxon.query.QueryLibrary'.
13:35:07.218 [main] INFO org.evosuite.runtime.instrumentation.MethodCallReplacementClassAdapter - Adding mock interface to class net/sf/saxon/query/QueryLibrary
13:35:07.219 [main] INFO org.evosuite.runtime.instrumentation.CreateClassResetClassAdapter - Creating brand-new static initializer in class net/sf/saxon/query/QueryLibrary
13:35:07.219 [main] INFO org.evosuite.runtime.instrumentation.EvoClassLoader - Keeping class: net.sf.saxon.query.QueryLibrary
]]></system-out>
  </testcase>
  <testcase name="test60" classname="io.netty.handler.codec.http.multipart.AbstractDiskHttpData_ESTest" time="0.031">
    <system-out><![CDATA[13:35:07.233 [main] DEBUG io.netty.util.internal.logging.InternalLoggerFactory - Using SLF4J as the default logging framework
13:35:07.233 [main] DEBUG io.netty.util.internal.PlatformDependent0 - -Dio.netty.noUnsafe: false
13:35:07.233 [main] DEBUG io.netty.util.internal.PlatformDependent0 - Java version: 8
13:35:07.233 [main] DEBUG io.netty.util.internal.PlatformDependent0 - sun.misc.Unsafe.theUnsafe: available
13:35:07.233 [main] DEBUG io.netty.util.internal.PlatformDependent0 - sun.misc.Unsafe.copyMemory: available
13:35:07.233 [main] DEBUG io.netty.util.internal.PlatformDependent0 - sun.misc.Unsafe.storeFence: available
13:35:07.233 [main] DEBUG io.netty.util.internal.PlatformDependent0 - java.nio.Buffer.address: available
13:35:07.233 [main] DEBUG io.netty.util.internal.PlatformDependent0 - direct buffer constructor: available
13:35:07.233 [main] DEBUG io.netty.util.internal.PlatformDependent0 - java.nio.Bits.unaligned: available, true
13:35:07.233 [main] DEBUG io.netty.util.internal.PlatformDependent0 - jdk.internal.misc.Unsafe.allocateUninitializedArray(int): unavailable prior to Java9
13:35:07.233 [main] DEBUG io.netty.util.internal.PlatformDependent0 - java.nio.DirectByteBuffer.<init>(long, {int,long}): available
13:35:07.234 [main] DEBUG io.netty.util.internal.CleanerJava6 - java.nio.ByteBuffer.cleaner(): available
13:35:07.234 [main] DEBUG io.netty.util.internal.PlatformDependent - sun.misc.Unsafe: available
13:35:07.234 [main] DEBUG io.netty.util.internal.PlatformDependent - -Dio.netty.tmpdir: /tmp (java.io.tmpdir)
13:35:07.234 [main] DEBUG io.netty.util.internal.PlatformDependent - -Dio.netty.bitMode: 64 (sun.arch.data.model)
13:35:07.234 [main] DEBUG io.netty.util.internal.PlatformDependent - -Dio.netty.maxDirectMemory: 11420041216 bytes
13:35:07.234 [main] DEBUG io.netty.util.internal.PlatformDependent - -Dio.netty.uninitializedArrayAllocationThreshold: -1
13:35:07.234 [main] DEBUG io.netty.util.internal.PlatformDependent - -Dio.netty.noPreferDirect: false
13:35:07.236 [main] DEBUG io.netty.util.internal.CleanerJava9 - java.nio.ByteBuffer.cleaner(): unavailable
java.lang.NoSuchMethodException: sun.misc.Unsafe.invokeCleaner(java.nio.ByteBuffer)
	at java.lang.Class.getDeclaredMethod(Class.java:2130)
	at io.netty.util.internal.CleanerJava9$1.run(CleanerJava9.java:45)
	at java.security.AccessController.doPrivileged(Native Method)
	at io.netty.util.internal.CleanerJava9.__STATIC_RESET(CleanerJava9.java:40)
	at sun.reflect.NativeMethodAccessorImpl.invoke0(Native Method)
	at sun.reflect.NativeMethodAccessorImpl.invoke(NativeMethodAccessorImpl.java:62)
	at sun.reflect.DelegatingMethodAccessorImpl.invoke(DelegatingMethodAccessorImpl.java:43)
	at java.lang.reflect.Method.invoke(Method.java:498)
	at org.evosuite.runtime.classhandling.ClassResetter.reset(ClassResetter.java:159)
	at org.evosuite.runtime.classhandling.ClassStateSupport.resetClasses(ClassStateSupport.java:137)
	at io.netty.handler.codec.http.multipart.AbstractDiskHttpData_ESTest_scaffolding.resetClasses(AbstractDiskHttpData_ESTest_scaffolding.java:318)
	at io.netty.handler.codec.http.multipart.AbstractDiskHttpData_ESTest_scaffolding.doneWithTestCase(AbstractDiskHttpData_ESTest_scaffolding.java:74)
	at sun.reflect.NativeMethodAccessorImpl.invoke0(Native Method)
	at sun.reflect.NativeMethodAccessorImpl.invoke(NativeMethodAccessorImpl.java:62)
	at sun.reflect.DelegatingMethodAccessorImpl.invoke(DelegatingMethodAccessorImpl.java:43)
	at java.lang.reflect.Method.invoke(Method.java:498)
	at org.junit.runners.model.FrameworkMethod$1.runReflectiveCall(FrameworkMethod.java:59)
	at org.junit.internal.runners.model.ReflectiveCallable.run(ReflectiveCallable.java:12)
	at org.junit.runners.model.FrameworkMethod.invokeExplosively(FrameworkMethod.java:56)
	at org.junit.internal.runners.statements.RunAfters.invokeMethod(RunAfters.java:46)
	at org.junit.internal.runners.statements.RunAfters.evaluate(RunAfters.java:33)
	at org.evosuite.runtime.vnet.NonFunctionalRequirementRule$1.evaluate(NonFunctionalRequirementRule.java:41)
	at org.junit.runners.ParentRunner$3.evaluate(ParentRunner.java:306)
	at org.junit.runners.BlockJUnit4ClassRunner$1.evaluate(BlockJUnit4ClassRunner.java:100)
	at org.junit.runners.ParentRunner.runLeaf(ParentRunner.java:366)
	at org.junit.runners.BlockJUnit4ClassRunner.runChild(BlockJUnit4ClassRunner.java:103)
	at org.junit.runners.BlockJUnit4ClassRunner.runChild(BlockJUnit4ClassRunner.java:63)
	at org.junit.runners.ParentRunner$4.run(ParentRunner.java:331)
	at org.junit.runners.ParentRunner$1.schedule(ParentRunner.java:79)
	at org.junit.runners.ParentRunner.runChildren(ParentRunner.java:329)
	at org.junit.runners.ParentRunner.access$100(ParentRunner.java:66)
	at org.junit.runners.ParentRunner$2.evaluate(ParentRunner.java:293)
	at org.junit.internal.runners.statements.RunBefores.evaluate(RunBefores.java:26)
	at org.junit.internal.runners.statements.RunAfters.evaluate(RunAfters.java:27)
	at org.junit.runners.ParentRunner$3.evaluate(ParentRunner.java:306)
	at org.junit.runners.ParentRunner.run(ParentRunner.java:413)
	at org.apache.maven.surefire.junit4.JUnit4Provider.execute(JUnit4Provider.java:316)
	at org.apache.maven.surefire.junit4.JUnit4Provider.executeWithRerun(JUnit4Provider.java:240)
	at org.apache.maven.surefire.junit4.JUnit4Provider.executeTestSet(JUnit4Provider.java:214)
	at org.apache.maven.surefire.junit4.JUnit4Provider.invoke(JUnit4Provider.java:155)
	at org.apache.maven.surefire.booter.ForkedBooter.runSuitesInProcess(ForkedBooter.java:385)
	at org.apache.maven.surefire.booter.ForkedBooter.execute(ForkedBooter.java:162)
	at org.apache.maven.surefire.booter.ForkedBooter.run(ForkedBooter.java:507)
	at org.apache.maven.surefire.booter.ForkedBooter.main(ForkedBooter.java:495)
13:35:07.237 [main] DEBUG io.netty.util.ResourceLeakDetector - -Dio.netty.leakDetection.level: simple
13:35:07.237 [main] DEBUG io.netty.util.ResourceLeakDetector - -Dio.netty.leakDetection.targetRecords: 4
13:35:07.238 [main] DEBUG io.netty.buffer.AbstractByteBuf - -Dio.netty.buffer.checkAccessible: true
13:35:07.238 [main] DEBUG io.netty.buffer.AbstractByteBuf - -Dio.netty.buffer.checkBounds: true
13:35:07.238 [main] DEBUG io.netty.util.ResourceLeakDetectorFactory - Loaded default ResourceLeakDetector: io.netty.util.ResourceLeakDetector@5
13:35:07.238 [main] DEBUG io.netty.util.internal.InternalThreadLocalMap - -Dio.netty.threadLocalMap.stringBuilder.initialSize: 1024
13:35:07.238 [main] DEBUG io.netty.util.internal.InternalThreadLocalMap - -Dio.netty.threadLocalMap.stringBuilder.maxSize: 4096
13:35:07.238 [main] DEBUG io.netty.buffer.PooledByteBufAllocator - -Dio.netty.allocator.numHeapArenas: 0
13:35:07.238 [main] DEBUG io.netty.buffer.PooledByteBufAllocator - -Dio.netty.allocator.numDirectArenas: 2
13:35:07.238 [main] DEBUG io.netty.buffer.PooledByteBufAllocator - -Dio.netty.allocator.pageSize: 8192
13:35:07.238 [main] DEBUG io.netty.buffer.PooledByteBufAllocator - -Dio.netty.allocator.maxOrder: 9
13:35:07.238 [main] DEBUG io.netty.buffer.PooledByteBufAllocator - -Dio.netty.allocator.chunkSize: 4194304
13:35:07.238 [main] DEBUG io.netty.buffer.PooledByteBufAllocator - -Dio.netty.allocator.smallCacheSize: 256
13:35:07.238 [main] DEBUG io.netty.buffer.PooledByteBufAllocator - -Dio.netty.allocator.normalCacheSize: 64
13:35:07.238 [main] DEBUG io.netty.buffer.PooledByteBufAllocator - -Dio.netty.allocator.maxCachedBufferCapacity: 32768
13:35:07.238 [main] DEBUG io.netty.buffer.PooledByteBufAllocator - -Dio.netty.allocator.cacheTrimInterval: 8192
13:35:07.238 [main] DEBUG io.netty.buffer.PooledByteBufAllocator - -Dio.netty.allocator.cacheTrimIntervalMillis: 0
13:35:07.238 [main] DEBUG io.netty.buffer.PooledByteBufAllocator - -Dio.netty.allocator.useCacheForAllThreads: false
13:35:07.238 [main] DEBUG io.netty.buffer.PooledByteBufAllocator - -Dio.netty.allocator.maxCachedByteBuffersPerChunk: 1023
13:35:07.239 [main] DEBUG io.netty.buffer.ByteBufUtil - -Dio.netty.allocator.type: pooled
13:35:07.239 [main] DEBUG io.netty.buffer.ByteBufUtil - -Dio.netty.threadLocalDirectBufferSize: 0
13:35:07.239 [main] DEBUG io.netty.buffer.ByteBufUtil - -Dio.netty.maxThreadLocalCharBufferSize: 16384
13:35:07.241 [main] DEBUG io.netty.util.Recycler - -Dio.netty.recycler.maxCapacityPerThread: 4096
13:35:07.241 [main] DEBUG io.netty.util.Recycler - -Dio.netty.recycler.ratio: 8
13:35:07.241 [main] DEBUG io.netty.util.Recycler - -Dio.netty.recycler.chunkSize: 32
13:35:07.241 [main] DEBUG io.netty.util.Recycler - -Dio.netty.recycler.blocking: false
13:35:07.241 [main] DEBUG io.netty.util.Recycler - -Dio.netty.recycler.batchFastThreadLocalOnly: true
13:35:07.242 [main] DEBUG io.netty.util.internal.PlatformDependent - org.jctools-core.MpscChunkedArrayQueue: available
]]></system-out>
  </testcase>
  <testcase name="test63" classname="io.netty.handler.codec.http.multipart.AbstractDiskHttpData_ESTest" time="1.453">
    <system-out><![CDATA[13:35:08.709 [main] INFO org.evosuite.runtime.thread.ThreadStopper - Found new thread
13:35:08.709 [main] DEBUG io.netty.util.internal.logging.InternalLoggerFactory - Using SLF4J as the default logging framework
13:35:08.710 [main] DEBUG io.netty.util.internal.PlatformDependent0 - -Dio.netty.noUnsafe: false
13:35:08.710 [main] DEBUG io.netty.util.internal.PlatformDependent0 - Java version: 8
13:35:08.710 [main] DEBUG io.netty.util.internal.PlatformDependent0 - sun.misc.Unsafe.theUnsafe: available
13:35:08.710 [main] DEBUG io.netty.util.internal.PlatformDependent0 - sun.misc.Unsafe.copyMemory: available
13:35:08.710 [main] DEBUG io.netty.util.internal.PlatformDependent0 - sun.misc.Unsafe.storeFence: available
13:35:08.710 [main] DEBUG io.netty.util.internal.PlatformDependent0 - java.nio.Buffer.address: available
13:35:08.710 [main] DEBUG io.netty.util.internal.PlatformDependent0 - direct buffer constructor: available
13:35:08.710 [main] DEBUG io.netty.util.internal.PlatformDependent0 - java.nio.Bits.unaligned: available, true
13:35:08.710 [main] DEBUG io.netty.util.internal.PlatformDependent0 - jdk.internal.misc.Unsafe.allocateUninitializedArray(int): unavailable prior to Java9
13:35:08.711 [main] DEBUG io.netty.util.internal.PlatformDependent0 - java.nio.DirectByteBuffer.<init>(long, {int,long}): available
13:35:08.711 [main] DEBUG io.netty.util.internal.CleanerJava6 - java.nio.ByteBuffer.cleaner(): available
13:35:08.711 [main] DEBUG io.netty.util.internal.PlatformDependent - sun.misc.Unsafe: available
13:35:08.711 [main] DEBUG io.netty.util.internal.PlatformDependent - -Dio.netty.tmpdir: /tmp (java.io.tmpdir)
13:35:08.711 [main] DEBUG io.netty.util.internal.PlatformDependent - -Dio.netty.bitMode: 64 (sun.arch.data.model)
13:35:08.712 [main] DEBUG io.netty.util.internal.PlatformDependent - -Dio.netty.maxDirectMemory: 11420041216 bytes
13:35:08.712 [main] DEBUG io.netty.util.internal.PlatformDependent - -Dio.netty.uninitializedArrayAllocationThreshold: -1
13:35:08.712 [main] DEBUG io.netty.util.internal.PlatformDependent - -Dio.netty.noPreferDirect: false
13:35:08.713 [main] DEBUG io.netty.util.internal.CleanerJava9 - java.nio.ByteBuffer.cleaner(): unavailable
java.lang.NoSuchMethodException: sun.misc.Unsafe.invokeCleaner(java.nio.ByteBuffer)
	at java.lang.Class.getDeclaredMethod(Class.java:2130)
	at io.netty.util.internal.CleanerJava9$1.run(CleanerJava9.java:45)
	at java.security.AccessController.doPrivileged(Native Method)
	at io.netty.util.internal.CleanerJava9.__STATIC_RESET(CleanerJava9.java:40)
	at sun.reflect.NativeMethodAccessorImpl.invoke0(Native Method)
	at sun.reflect.NativeMethodAccessorImpl.invoke(NativeMethodAccessorImpl.java:62)
	at sun.reflect.DelegatingMethodAccessorImpl.invoke(DelegatingMethodAccessorImpl.java:43)
	at java.lang.reflect.Method.invoke(Method.java:498)
	at org.evosuite.runtime.classhandling.ClassResetter.reset(ClassResetter.java:159)
	at org.evosuite.runtime.classhandling.ClassStateSupport.resetClasses(ClassStateSupport.java:137)
	at io.netty.handler.codec.http.multipart.AbstractDiskHttpData_ESTest_scaffolding.resetClasses(AbstractDiskHttpData_ESTest_scaffolding.java:318)
	at io.netty.handler.codec.http.multipart.AbstractDiskHttpData_ESTest_scaffolding.doneWithTestCase(AbstractDiskHttpData_ESTest_scaffolding.java:74)
	at sun.reflect.NativeMethodAccessorImpl.invoke0(Native Method)
	at sun.reflect.NativeMethodAccessorImpl.invoke(NativeMethodAccessorImpl.java:62)
	at sun.reflect.DelegatingMethodAccessorImpl.invoke(DelegatingMethodAccessorImpl.java:43)
	at java.lang.reflect.Method.invoke(Method.java:498)
	at org.junit.runners.model.FrameworkMethod$1.runReflectiveCall(FrameworkMethod.java:59)
	at org.junit.internal.runners.model.ReflectiveCallable.run(ReflectiveCallable.java:12)
	at org.junit.runners.model.FrameworkMethod.invokeExplosively(FrameworkMethod.java:56)
	at org.junit.internal.runners.statements.RunAfters.invokeMethod(RunAfters.java:46)
	at org.junit.internal.runners.statements.RunAfters.evaluate(RunAfters.java:33)
	at org.evosuite.runtime.vnet.NonFunctionalRequirementRule$1.evaluate(NonFunctionalRequirementRule.java:41)
	at org.junit.runners.ParentRunner$3.evaluate(ParentRunner.java:306)
	at org.junit.runners.BlockJUnit4ClassRunner$1.evaluate(BlockJUnit4ClassRunner.java:100)
	at org.junit.runners.ParentRunner.runLeaf(ParentRunner.java:366)
	at org.junit.runners.BlockJUnit4ClassRunner.runChild(BlockJUnit4ClassRunner.java:103)
	at org.junit.runners.BlockJUnit4ClassRunner.runChild(BlockJUnit4ClassRunner.java:63)
	at org.junit.runners.ParentRunner$4.run(ParentRunner.java:331)
	at org.junit.runners.ParentRunner$1.schedule(ParentRunner.java:79)
	at org.junit.runners.ParentRunner.runChildren(ParentRunner.java:329)
	at org.junit.runners.ParentRunner.access$100(ParentRunner.java:66)
	at org.junit.runners.ParentRunner$2.evaluate(ParentRunner.java:293)
	at org.junit.internal.runners.statements.RunBefores.evaluate(RunBefores.java:26)
	at org.junit.internal.runners.statements.RunAfters.evaluate(RunAfters.java:27)
	at org.junit.runners.ParentRunner$3.evaluate(ParentRunner.java:306)
	at org.junit.runners.ParentRunner.run(ParentRunner.java:413)
	at org.apache.maven.surefire.junit4.JUnit4Provider.execute(JUnit4Provider.java:316)
	at org.apache.maven.surefire.junit4.JUnit4Provider.executeWithRerun(JUnit4Provider.java:240)
	at org.apache.maven.surefire.junit4.JUnit4Provider.executeTestSet(JUnit4Provider.java:214)
	at org.apache.maven.surefire.junit4.JUnit4Provider.invoke(JUnit4Provider.java:155)
	at org.apache.maven.surefire.booter.ForkedBooter.runSuitesInProcess(ForkedBooter.java:385)
	at org.apache.maven.surefire.booter.ForkedBooter.execute(ForkedBooter.java:162)
	at org.apache.maven.surefire.booter.ForkedBooter.run(ForkedBooter.java:507)
	at org.apache.maven.surefire.booter.ForkedBooter.main(ForkedBooter.java:495)
13:35:08.713 [main] DEBUG io.netty.util.ResourceLeakDetector - -Dio.netty.leakDetection.level: simple
13:35:08.714 [main] DEBUG io.netty.util.ResourceLeakDetector - -Dio.netty.leakDetection.targetRecords: 4
13:35:08.715 [main] DEBUG io.netty.buffer.AbstractByteBuf - -Dio.netty.buffer.checkAccessible: true
13:35:08.715 [main] DEBUG io.netty.buffer.AbstractByteBuf - -Dio.netty.buffer.checkBounds: true
13:35:08.715 [main] DEBUG io.netty.util.ResourceLeakDetectorFactory - Loaded default ResourceLeakDetector: io.netty.util.ResourceLeakDetector@5
13:35:08.715 [main] DEBUG io.netty.util.internal.InternalThreadLocalMap - -Dio.netty.threadLocalMap.stringBuilder.initialSize: 1024
13:35:08.715 [main] DEBUG io.netty.util.internal.InternalThreadLocalMap - -Dio.netty.threadLocalMap.stringBuilder.maxSize: 4096
13:35:08.715 [main] DEBUG io.netty.buffer.PooledByteBufAllocator - -Dio.netty.allocator.numHeapArenas: 0
13:35:08.715 [main] DEBUG io.netty.buffer.PooledByteBufAllocator - -Dio.netty.allocator.numDirectArenas: 2
13:35:08.715 [main] DEBUG io.netty.buffer.PooledByteBufAllocator - -Dio.netty.allocator.pageSize: 8192
13:35:08.715 [main] DEBUG io.netty.buffer.PooledByteBufAllocator - -Dio.netty.allocator.maxOrder: 9
13:35:08.715 [main] DEBUG io.netty.buffer.PooledByteBufAllocator - -Dio.netty.allocator.chunkSize: 4194304
13:35:08.715 [main] DEBUG io.netty.buffer.PooledByteBufAllocator - -Dio.netty.allocator.smallCacheSize: 256
13:35:08.715 [main] DEBUG io.netty.buffer.PooledByteBufAllocator - -Dio.netty.allocator.normalCacheSize: 64
13:35:08.715 [main] DEBUG io.netty.buffer.PooledByteBufAllocator - -Dio.netty.allocator.maxCachedBufferCapacity: 32768
13:35:08.715 [main] DEBUG io.netty.buffer.PooledByteBufAllocator - -Dio.netty.allocator.cacheTrimInterval: 8192
13:35:08.715 [main] DEBUG io.netty.buffer.PooledByteBufAllocator - -Dio.netty.allocator.cacheTrimIntervalMillis: 0
13:35:08.715 [main] DEBUG io.netty.buffer.PooledByteBufAllocator - -Dio.netty.allocator.useCacheForAllThreads: false
13:35:08.715 [main] DEBUG io.netty.buffer.PooledByteBufAllocator - -Dio.netty.allocator.maxCachedByteBuffersPerChunk: 1023
13:35:08.716 [main] DEBUG io.netty.buffer.ByteBufUtil - -Dio.netty.allocator.type: pooled
13:35:08.716 [main] DEBUG io.netty.buffer.ByteBufUtil - -Dio.netty.threadLocalDirectBufferSize: 0
13:35:08.716 [main] DEBUG io.netty.buffer.ByteBufUtil - -Dio.netty.maxThreadLocalCharBufferSize: 16384
13:35:08.717 [main] DEBUG io.netty.util.Recycler - -Dio.netty.recycler.maxCapacityPerThread: 4096
13:35:08.717 [main] DEBUG io.netty.util.Recycler - -Dio.netty.recycler.ratio: 8
13:35:08.717 [main] DEBUG io.netty.util.Recycler - -Dio.netty.recycler.chunkSize: 32
13:35:08.717 [main] DEBUG io.netty.util.Recycler - -Dio.netty.recycler.blocking: false
13:35:08.717 [main] DEBUG io.netty.util.Recycler - -Dio.netty.recycler.batchFastThreadLocalOnly: true
13:35:08.717 [main] DEBUG io.netty.util.internal.PlatformDependent - org.jctools-core.MpscChunkedArrayQueue: available
]]></system-out>
  </testcase>
  <testcase name="test62" classname="io.netty.handler.codec.http.multipart.AbstractDiskHttpData_ESTest" time="0.05">
    <system-out><![CDATA[13:35:08.734 [main] DEBUG io.netty.util.internal.logging.InternalLoggerFactory - Using SLF4J as the default logging framework
13:35:08.734 [main] DEBUG io.netty.util.internal.PlatformDependent0 - -Dio.netty.noUnsafe: false
13:35:08.734 [main] DEBUG io.netty.util.internal.PlatformDependent0 - Java version: 8
13:35:08.734 [main] DEBUG io.netty.util.internal.PlatformDependent0 - sun.misc.Unsafe.theUnsafe: available
13:35:08.734 [main] DEBUG io.netty.util.internal.PlatformDependent0 - sun.misc.Unsafe.copyMemory: available
13:35:08.734 [main] DEBUG io.netty.util.internal.PlatformDependent0 - sun.misc.Unsafe.storeFence: available
13:35:08.734 [main] DEBUG io.netty.util.internal.PlatformDependent0 - java.nio.Buffer.address: available
13:35:08.734 [main] DEBUG io.netty.util.internal.PlatformDependent0 - direct buffer constructor: available
13:35:08.734 [main] DEBUG io.netty.util.internal.PlatformDependent0 - java.nio.Bits.unaligned: available, true
13:35:08.734 [main] DEBUG io.netty.util.internal.PlatformDependent0 - jdk.internal.misc.Unsafe.allocateUninitializedArray(int): unavailable prior to Java9
13:35:08.734 [main] DEBUG io.netty.util.internal.PlatformDependent0 - java.nio.DirectByteBuffer.<init>(long, {int,long}): available
13:35:08.734 [main] DEBUG io.netty.util.internal.CleanerJava6 - java.nio.ByteBuffer.cleaner(): available
13:35:08.734 [main] DEBUG io.netty.util.internal.PlatformDependent - sun.misc.Unsafe: available
13:35:08.734 [main] DEBUG io.netty.util.internal.PlatformDependent - -Dio.netty.tmpdir: /tmp (java.io.tmpdir)
13:35:08.734 [main] DEBUG io.netty.util.internal.PlatformDependent - -Dio.netty.bitMode: 64 (sun.arch.data.model)
13:35:08.734 [main] DEBUG io.netty.util.internal.PlatformDependent - -Dio.netty.maxDirectMemory: 11420041216 bytes
13:35:08.734 [main] DEBUG io.netty.util.internal.PlatformDependent - -Dio.netty.uninitializedArrayAllocationThreshold: -1
13:35:08.734 [main] DEBUG io.netty.util.internal.PlatformDependent - -Dio.netty.noPreferDirect: false
13:35:08.736 [main] DEBUG io.netty.util.internal.CleanerJava9 - java.nio.ByteBuffer.cleaner(): unavailable
java.lang.NoSuchMethodException: sun.misc.Unsafe.invokeCleaner(java.nio.ByteBuffer)
	at java.lang.Class.getDeclaredMethod(Class.java:2130)
	at io.netty.util.internal.CleanerJava9$1.run(CleanerJava9.java:45)
	at java.security.AccessController.doPrivileged(Native Method)
	at io.netty.util.internal.CleanerJava9.__STATIC_RESET(CleanerJava9.java:40)
	at sun.reflect.NativeMethodAccessorImpl.invoke0(Native Method)
	at sun.reflect.NativeMethodAccessorImpl.invoke(NativeMethodAccessorImpl.java:62)
	at sun.reflect.DelegatingMethodAccessorImpl.invoke(DelegatingMethodAccessorImpl.java:43)
	at java.lang.reflect.Method.invoke(Method.java:498)
	at org.evosuite.runtime.classhandling.ClassResetter.reset(ClassResetter.java:159)
	at org.evosuite.runtime.classhandling.ClassStateSupport.resetClasses(ClassStateSupport.java:137)
	at io.netty.handler.codec.http.multipart.AbstractDiskHttpData_ESTest_scaffolding.resetClasses(AbstractDiskHttpData_ESTest_scaffolding.java:318)
	at io.netty.handler.codec.http.multipart.AbstractDiskHttpData_ESTest_scaffolding.doneWithTestCase(AbstractDiskHttpData_ESTest_scaffolding.java:74)
	at sun.reflect.NativeMethodAccessorImpl.invoke0(Native Method)
	at sun.reflect.NativeMethodAccessorImpl.invoke(NativeMethodAccessorImpl.java:62)
	at sun.reflect.DelegatingMethodAccessorImpl.invoke(DelegatingMethodAccessorImpl.java:43)
	at java.lang.reflect.Method.invoke(Method.java:498)
	at org.junit.runners.model.FrameworkMethod$1.runReflectiveCall(FrameworkMethod.java:59)
	at org.junit.internal.runners.model.ReflectiveCallable.run(ReflectiveCallable.java:12)
	at org.junit.runners.model.FrameworkMethod.invokeExplosively(FrameworkMethod.java:56)
	at org.junit.internal.runners.statements.RunAfters.invokeMethod(RunAfters.java:46)
	at org.junit.internal.runners.statements.RunAfters.evaluate(RunAfters.java:33)
	at org.evosuite.runtime.vnet.NonFunctionalRequirementRule$1.evaluate(NonFunctionalRequirementRule.java:41)
	at org.junit.runners.ParentRunner$3.evaluate(ParentRunner.java:306)
	at org.junit.runners.BlockJUnit4ClassRunner$1.evaluate(BlockJUnit4ClassRunner.java:100)
	at org.junit.runners.ParentRunner.runLeaf(ParentRunner.java:366)
	at org.junit.runners.BlockJUnit4ClassRunner.runChild(BlockJUnit4ClassRunner.java:103)
	at org.junit.runners.BlockJUnit4ClassRunner.runChild(BlockJUnit4ClassRunner.java:63)
	at org.junit.runners.ParentRunner$4.run(ParentRunner.java:331)
	at org.junit.runners.ParentRunner$1.schedule(ParentRunner.java:79)
	at org.junit.runners.ParentRunner.runChildren(ParentRunner.java:329)
	at org.junit.runners.ParentRunner.access$100(ParentRunner.java:66)
	at org.junit.runners.ParentRunner$2.evaluate(ParentRunner.java:293)
	at org.junit.internal.runners.statements.RunBefores.evaluate(RunBefores.java:26)
	at org.junit.internal.runners.statements.RunAfters.evaluate(RunAfters.java:27)
	at org.junit.runners.ParentRunner$3.evaluate(ParentRunner.java:306)
	at org.junit.runners.ParentRunner.run(ParentRunner.java:413)
	at org.apache.maven.surefire.junit4.JUnit4Provider.execute(JUnit4Provider.java:316)
	at org.apache.maven.surefire.junit4.JUnit4Provider.executeWithRerun(JUnit4Provider.java:240)
	at org.apache.maven.surefire.junit4.JUnit4Provider.executeTestSet(JUnit4Provider.java:214)
	at org.apache.maven.surefire.junit4.JUnit4Provider.invoke(JUnit4Provider.java:155)
	at org.apache.maven.surefire.booter.ForkedBooter.runSuitesInProcess(ForkedBooter.java:385)
	at org.apache.maven.surefire.booter.ForkedBooter.execute(ForkedBooter.java:162)
	at org.apache.maven.surefire.booter.ForkedBooter.run(ForkedBooter.java:507)
	at org.apache.maven.surefire.booter.ForkedBooter.main(ForkedBooter.java:495)
13:35:08.737 [main] DEBUG io.netty.util.ResourceLeakDetector - -Dio.netty.leakDetection.level: simple
13:35:08.737 [main] DEBUG io.netty.util.ResourceLeakDetector - -Dio.netty.leakDetection.targetRecords: 4
13:35:08.738 [main] DEBUG io.netty.buffer.AbstractByteBuf - -Dio.netty.buffer.checkAccessible: true
13:35:08.738 [main] DEBUG io.netty.buffer.AbstractByteBuf - -Dio.netty.buffer.checkBounds: true
13:35:08.738 [main] DEBUG io.netty.util.ResourceLeakDetectorFactory - Loaded default ResourceLeakDetector: io.netty.util.ResourceLeakDetector@5
13:35:08.738 [main] DEBUG io.netty.util.internal.InternalThreadLocalMap - -Dio.netty.threadLocalMap.stringBuilder.initialSize: 1024
13:35:08.738 [main] DEBUG io.netty.util.internal.InternalThreadLocalMap - -Dio.netty.threadLocalMap.stringBuilder.maxSize: 4096
13:35:08.739 [main] DEBUG io.netty.buffer.PooledByteBufAllocator - -Dio.netty.allocator.numHeapArenas: 0
13:35:08.739 [main] DEBUG io.netty.buffer.PooledByteBufAllocator - -Dio.netty.allocator.numDirectArenas: 2
13:35:08.739 [main] DEBUG io.netty.buffer.PooledByteBufAllocator - -Dio.netty.allocator.pageSize: 8192
13:35:08.739 [main] DEBUG io.netty.buffer.PooledByteBufAllocator - -Dio.netty.allocator.maxOrder: 9
13:35:08.739 [main] DEBUG io.netty.buffer.PooledByteBufAllocator - -Dio.netty.allocator.chunkSize: 4194304
13:35:08.739 [main] DEBUG io.netty.buffer.PooledByteBufAllocator - -Dio.netty.allocator.smallCacheSize: 256
13:35:08.739 [main] DEBUG io.netty.buffer.PooledByteBufAllocator - -Dio.netty.allocator.normalCacheSize: 64
13:35:08.739 [main] DEBUG io.netty.buffer.PooledByteBufAllocator - -Dio.netty.allocator.maxCachedBufferCapacity: 32768
13:35:08.739 [main] DEBUG io.netty.buffer.PooledByteBufAllocator - -Dio.netty.allocator.cacheTrimInterval: 8192
13:35:08.739 [main] DEBUG io.netty.buffer.PooledByteBufAllocator - -Dio.netty.allocator.cacheTrimIntervalMillis: 0
13:35:08.739 [main] DEBUG io.netty.buffer.PooledByteBufAllocator - -Dio.netty.allocator.useCacheForAllThreads: false
13:35:08.739 [main] DEBUG io.netty.buffer.PooledByteBufAllocator - -Dio.netty.allocator.maxCachedByteBuffersPerChunk: 1023
13:35:08.740 [main] DEBUG io.netty.buffer.ByteBufUtil - -Dio.netty.allocator.type: pooled
13:35:08.741 [main] DEBUG io.netty.buffer.ByteBufUtil - -Dio.netty.threadLocalDirectBufferSize: 0
13:35:08.741 [main] DEBUG io.netty.buffer.ByteBufUtil - -Dio.netty.maxThreadLocalCharBufferSize: 16384
13:35:08.743 [main] DEBUG io.netty.util.Recycler - -Dio.netty.recycler.maxCapacityPerThread: 4096
13:35:08.743 [main] DEBUG io.netty.util.Recycler - -Dio.netty.recycler.ratio: 8
13:35:08.743 [main] DEBUG io.netty.util.Recycler - -Dio.netty.recycler.chunkSize: 32
13:35:08.743 [main] DEBUG io.netty.util.Recycler - -Dio.netty.recycler.blocking: false
13:35:08.743 [main] DEBUG io.netty.util.Recycler - -Dio.netty.recycler.batchFastThreadLocalOnly: true
13:35:08.743 [main] DEBUG io.netty.util.internal.PlatformDependent - org.jctools-core.MpscChunkedArrayQueue: available
]]></system-out>
  </testcase>
  <testcase name="test21" classname="io.netty.handler.codec.http.multipart.AbstractDiskHttpData_ESTest" time="0.034">
    <system-out><![CDATA[13:35:08.757 [main] INFO org.evosuite.runtime.thread.ThreadStopper - Found new thread
13:35:08.759 [main] DEBUG io.netty.util.internal.logging.InternalLoggerFactory - Using SLF4J as the default logging framework
13:35:08.759 [main] DEBUG io.netty.util.internal.PlatformDependent0 - -Dio.netty.noUnsafe: false
13:35:08.760 [main] DEBUG io.netty.util.internal.PlatformDependent0 - Java version: 8
13:35:08.760 [main] DEBUG io.netty.util.internal.PlatformDependent0 - sun.misc.Unsafe.theUnsafe: available
13:35:08.760 [main] DEBUG io.netty.util.internal.PlatformDependent0 - sun.misc.Unsafe.copyMemory: available
13:35:08.760 [main] DEBUG io.netty.util.internal.PlatformDependent0 - sun.misc.Unsafe.storeFence: available
13:35:08.760 [main] DEBUG io.netty.util.internal.PlatformDependent0 - java.nio.Buffer.address: available
13:35:08.760 [main] DEBUG io.netty.util.internal.PlatformDependent0 - direct buffer constructor: available
13:35:08.760 [main] DEBUG io.netty.util.internal.PlatformDependent0 - java.nio.Bits.unaligned: available, true
13:35:08.760 [main] DEBUG io.netty.util.internal.PlatformDependent0 - jdk.internal.misc.Unsafe.allocateUninitializedArray(int): unavailable prior to Java9
13:35:08.760 [main] DEBUG io.netty.util.internal.PlatformDependent0 - java.nio.DirectByteBuffer.<init>(long, {int,long}): available
13:35:08.760 [main] DEBUG io.netty.util.internal.CleanerJava6 - java.nio.ByteBuffer.cleaner(): available
13:35:08.760 [main] DEBUG io.netty.util.internal.PlatformDependent - sun.misc.Unsafe: available
13:35:08.760 [main] DEBUG io.netty.util.internal.PlatformDependent - -Dio.netty.tmpdir: /tmp (java.io.tmpdir)
13:35:08.760 [main] DEBUG io.netty.util.internal.PlatformDependent - -Dio.netty.bitMode: 64 (sun.arch.data.model)
13:35:08.761 [main] DEBUG io.netty.util.internal.PlatformDependent - -Dio.netty.maxDirectMemory: 11420041216 bytes
13:35:08.761 [main] DEBUG io.netty.util.internal.PlatformDependent - -Dio.netty.uninitializedArrayAllocationThreshold: -1
13:35:08.761 [main] DEBUG io.netty.util.internal.PlatformDependent - -Dio.netty.noPreferDirect: false
13:35:08.762 [main] DEBUG io.netty.util.internal.CleanerJava9 - java.nio.ByteBuffer.cleaner(): unavailable
java.lang.NoSuchMethodException: sun.misc.Unsafe.invokeCleaner(java.nio.ByteBuffer)
	at java.lang.Class.getDeclaredMethod(Class.java:2130)
	at io.netty.util.internal.CleanerJava9$1.run(CleanerJava9.java:45)
	at java.security.AccessController.doPrivileged(Native Method)
	at io.netty.util.internal.CleanerJava9.__STATIC_RESET(CleanerJava9.java:40)
	at sun.reflect.NativeMethodAccessorImpl.invoke0(Native Method)
	at sun.reflect.NativeMethodAccessorImpl.invoke(NativeMethodAccessorImpl.java:62)
	at sun.reflect.DelegatingMethodAccessorImpl.invoke(DelegatingMethodAccessorImpl.java:43)
	at java.lang.reflect.Method.invoke(Method.java:498)
	at org.evosuite.runtime.classhandling.ClassResetter.reset(ClassResetter.java:159)
	at org.evosuite.runtime.classhandling.ClassStateSupport.resetClasses(ClassStateSupport.java:137)
	at io.netty.handler.codec.http.multipart.AbstractDiskHttpData_ESTest_scaffolding.resetClasses(AbstractDiskHttpData_ESTest_scaffolding.java:318)
	at io.netty.handler.codec.http.multipart.AbstractDiskHttpData_ESTest_scaffolding.doneWithTestCase(AbstractDiskHttpData_ESTest_scaffolding.java:74)
	at sun.reflect.NativeMethodAccessorImpl.invoke0(Native Method)
	at sun.reflect.NativeMethodAccessorImpl.invoke(NativeMethodAccessorImpl.java:62)
	at sun.reflect.DelegatingMethodAccessorImpl.invoke(DelegatingMethodAccessorImpl.java:43)
	at java.lang.reflect.Method.invoke(Method.java:498)
	at org.junit.runners.model.FrameworkMethod$1.runReflectiveCall(FrameworkMethod.java:59)
	at org.junit.internal.runners.model.ReflectiveCallable.run(ReflectiveCallable.java:12)
	at org.junit.runners.model.FrameworkMethod.invokeExplosively(FrameworkMethod.java:56)
	at org.junit.internal.runners.statements.RunAfters.invokeMethod(RunAfters.java:46)
	at org.junit.internal.runners.statements.RunAfters.evaluate(RunAfters.java:33)
	at org.evosuite.runtime.vnet.NonFunctionalRequirementRule$1.evaluate(NonFunctionalRequirementRule.java:41)
	at org.junit.runners.ParentRunner$3.evaluate(ParentRunner.java:306)
	at org.junit.runners.BlockJUnit4ClassRunner$1.evaluate(BlockJUnit4ClassRunner.java:100)
	at org.junit.runners.ParentRunner.runLeaf(ParentRunner.java:366)
	at org.junit.runners.BlockJUnit4ClassRunner.runChild(BlockJUnit4ClassRunner.java:103)
	at org.junit.runners.BlockJUnit4ClassRunner.runChild(BlockJUnit4ClassRunner.java:63)
	at org.junit.runners.ParentRunner$4.run(ParentRunner.java:331)
	at org.junit.runners.ParentRunner$1.schedule(ParentRunner.java:79)
	at org.junit.runners.ParentRunner.runChildren(ParentRunner.java:329)
	at org.junit.runners.ParentRunner.access$100(ParentRunner.java:66)
	at org.junit.runners.ParentRunner$2.evaluate(ParentRunner.java:293)
	at org.junit.internal.runners.statements.RunBefores.evaluate(RunBefores.java:26)
	at org.junit.internal.runners.statements.RunAfters.evaluate(RunAfters.java:27)
	at org.junit.runners.ParentRunner$3.evaluate(ParentRunner.java:306)
	at org.junit.runners.ParentRunner.run(ParentRunner.java:413)
	at org.apache.maven.surefire.junit4.JUnit4Provider.execute(JUnit4Provider.java:316)
	at org.apache.maven.surefire.junit4.JUnit4Provider.executeWithRerun(JUnit4Provider.java:240)
	at org.apache.maven.surefire.junit4.JUnit4Provider.executeTestSet(JUnit4Provider.java:214)
	at org.apache.maven.surefire.junit4.JUnit4Provider.invoke(JUnit4Provider.java:155)
	at org.apache.maven.surefire.booter.ForkedBooter.runSuitesInProcess(ForkedBooter.java:385)
	at org.apache.maven.surefire.booter.ForkedBooter.execute(ForkedBooter.java:162)
	at org.apache.maven.surefire.booter.ForkedBooter.run(ForkedBooter.java:507)
	at org.apache.maven.surefire.booter.ForkedBooter.main(ForkedBooter.java:495)
13:35:08.762 [main] DEBUG io.netty.util.ResourceLeakDetector - -Dio.netty.leakDetection.level: simple
13:35:08.762 [main] DEBUG io.netty.util.ResourceLeakDetector - -Dio.netty.leakDetection.targetRecords: 4
13:35:08.763 [main] DEBUG io.netty.buffer.AbstractByteBuf - -Dio.netty.buffer.checkAccessible: true
13:35:08.763 [main] DEBUG io.netty.buffer.AbstractByteBuf - -Dio.netty.buffer.checkBounds: true
13:35:08.763 [main] DEBUG io.netty.util.ResourceLeakDetectorFactory - Loaded default ResourceLeakDetector: io.netty.util.ResourceLeakDetector@5
13:35:08.764 [main] DEBUG io.netty.util.internal.InternalThreadLocalMap - -Dio.netty.threadLocalMap.stringBuilder.initialSize: 1024
13:35:08.764 [main] DEBUG io.netty.util.internal.InternalThreadLocalMap - -Dio.netty.threadLocalMap.stringBuilder.maxSize: 4096
13:35:08.764 [main] DEBUG io.netty.buffer.PooledByteBufAllocator - -Dio.netty.allocator.numHeapArenas: 0
13:35:08.764 [main] DEBUG io.netty.buffer.PooledByteBufAllocator - -Dio.netty.allocator.numDirectArenas: 2
13:35:08.764 [main] DEBUG io.netty.buffer.PooledByteBufAllocator - -Dio.netty.allocator.pageSize: 8192
13:35:08.764 [main] DEBUG io.netty.buffer.PooledByteBufAllocator - -Dio.netty.allocator.maxOrder: 9
13:35:08.764 [main] DEBUG io.netty.buffer.PooledByteBufAllocator - -Dio.netty.allocator.chunkSize: 4194304
13:35:08.764 [main] DEBUG io.netty.buffer.PooledByteBufAllocator - -Dio.netty.allocator.smallCacheSize: 256
13:35:08.764 [main] DEBUG io.netty.buffer.PooledByteBufAllocator - -Dio.netty.allocator.normalCacheSize: 64
13:35:08.764 [main] DEBUG io.netty.buffer.PooledByteBufAllocator - -Dio.netty.allocator.maxCachedBufferCapacity: 32768
13:35:08.764 [main] DEBUG io.netty.buffer.PooledByteBufAllocator - -Dio.netty.allocator.cacheTrimInterval: 8192
13:35:08.764 [main] DEBUG io.netty.buffer.PooledByteBufAllocator - -Dio.netty.allocator.cacheTrimIntervalMillis: 0
13:35:08.764 [main] DEBUG io.netty.buffer.PooledByteBufAllocator - -Dio.netty.allocator.useCacheForAllThreads: false
13:35:08.764 [main] DEBUG io.netty.buffer.PooledByteBufAllocator - -Dio.netty.allocator.maxCachedByteBuffersPerChunk: 1023
13:35:08.765 [main] DEBUG io.netty.buffer.ByteBufUtil - -Dio.netty.allocator.type: pooled
13:35:08.765 [main] DEBUG io.netty.buffer.ByteBufUtil - -Dio.netty.threadLocalDirectBufferSize: 0
13:35:08.765 [main] DEBUG io.netty.buffer.ByteBufUtil - -Dio.netty.maxThreadLocalCharBufferSize: 16384
13:35:08.767 [main] DEBUG io.netty.util.Recycler - -Dio.netty.recycler.maxCapacityPerThread: 4096
13:35:08.767 [main] DEBUG io.netty.util.Recycler - -Dio.netty.recycler.ratio: 8
13:35:08.767 [main] DEBUG io.netty.util.Recycler - -Dio.netty.recycler.chunkSize: 32
13:35:08.767 [main] DEBUG io.netty.util.Recycler - -Dio.netty.recycler.blocking: false
13:35:08.767 [main] DEBUG io.netty.util.Recycler - -Dio.netty.recycler.batchFastThreadLocalOnly: true
13:35:08.767 [main] DEBUG io.netty.util.internal.PlatformDependent - org.jctools-core.MpscChunkedArrayQueue: available
]]></system-out>
  </testcase>
  <testcase name="test65" classname="io.netty.handler.codec.http.multipart.AbstractDiskHttpData_ESTest" time="3.0">
    <system-out><![CDATA[13:35:08.784 [Time-limited test] INFO org.evosuite.runtime.instrumentation.EvoClassLoader - Seeing class for first time: io.netty.handler.codec.http.multipart.AbstractDiskHttpData_ESTest$10
13:35:08.784 [Time-limited test] INFO org.evosuite.runtime.instrumentation.EvoClassLoader - Instrumenting class 'io.netty.handler.codec.http.multipart.AbstractDiskHttpData_ESTest$10'.
13:35:08.787 [Time-limited test] INFO org.evosuite.runtime.instrumentation.EvoClassLoader - Keeping class: io.netty.handler.codec.http.multipart.AbstractDiskHttpData_ESTest$10
13:35:08.800 [pool-2-thread-1] DEBUG org.evosuite.runtime.sandbox.MSecurityManager - Security manager blocks permission ("java.io.FilePermission" "/tmp/Attr_531998747436015772_1661587804" "write")
java.lang.Thread.getStackTrace(Thread.java:1564)
org.evosuite.runtime.sandbox.MSecurityManager.checkPermission(MSecurityManager.java:424)
java.lang.SecurityManager.checkWrite(SecurityManager.java:979)
sun.nio.fs.UnixChannelFactory.open(UnixChannelFactory.java:247)
sun.nio.fs.UnixChannelFactory.newFileChannel(UnixChannelFactory.java:136)
sun.nio.fs.UnixChannelFactory.newFileChannel(UnixChannelFactory.java:148)
sun.nio.fs.UnixFileSystemProvider.newByteChannel(UnixFileSystemProvider.java:212)
java.nio.file.Files.newByteChannel(Files.java:361)
java.nio.file.Files.createFile(Files.java:632)
java.nio.file.TempFileHelper.create(TempFileHelper.java:138)
java.nio.file.TempFileHelper.createTempFile(TempFileHelper.java:161)
java.nio.file.Files.createTempFile(Files.java:897)
io.netty.util.internal.PlatformDependent.createTempFile(PlatformDependent.java:1499)
io.netty.handler.codec.http.multipart.AbstractDiskHttpData.tempFile(AbstractDiskHttpData.java:92)
io.netty.handler.codec.http.multipart.AbstractDiskHttpData.setContent(AbstractDiskHttpData.java:114)
io.netty.handler.codec.http.multipart.DiskAttribute.setValue(DiskAttribute.java:123)
io.netty.handler.codec.http.multipart.AbstractDiskHttpData_ESTest$10.run(AbstractDiskHttpData_ESTest.java:1158)
java.util.concurrent.Executors$RunnableAdapter.call(Executors.java:511)
java.util.concurrent.FutureTask.run(FutureTask.java:266)
java.util.concurrent.ThreadPoolExecutor.runWorker(ThreadPoolExecutor.java:1149)
java.util.concurrent.ThreadPoolExecutor$Worker.run(ThreadPoolExecutor.java:624)
java.lang.Thread.run(Thread.java:750)

13:35:08.803 [main] INFO org.evosuite.runtime.thread.ThreadStopper - Found new thread
13:35:11.783 [main] INFO org.evosuite.runtime.thread.ThreadStopper - Thread is still alive: pool-2-thread-1
13:35:11.784 [main] DEBUG io.netty.util.internal.logging.InternalLoggerFactory - Using SLF4J as the default logging framework
13:35:11.785 [main] DEBUG io.netty.util.internal.PlatformDependent0 - -Dio.netty.noUnsafe: false
13:35:11.785 [main] DEBUG io.netty.util.internal.PlatformDependent0 - Java version: 8
13:35:11.786 [main] DEBUG io.netty.util.internal.PlatformDependent0 - sun.misc.Unsafe.theUnsafe: available
13:35:11.786 [main] DEBUG io.netty.util.internal.PlatformDependent0 - sun.misc.Unsafe.copyMemory: available
13:35:11.786 [main] DEBUG io.netty.util.internal.PlatformDependent0 - sun.misc.Unsafe.storeFence: available
13:35:11.786 [main] DEBUG io.netty.util.internal.PlatformDependent0 - java.nio.Buffer.address: available
13:35:11.786 [main] DEBUG io.netty.util.internal.PlatformDependent0 - direct buffer constructor: available
13:35:11.786 [main] DEBUG io.netty.util.internal.PlatformDependent0 - java.nio.Bits.unaligned: available, true
13:35:11.786 [main] DEBUG io.netty.util.internal.PlatformDependent0 - jdk.internal.misc.Unsafe.allocateUninitializedArray(int): unavailable prior to Java9
13:35:11.786 [main] DEBUG io.netty.util.internal.PlatformDependent0 - java.nio.DirectByteBuffer.<init>(long, {int,long}): available
13:35:11.786 [main] DEBUG io.netty.util.internal.CleanerJava6 - java.nio.ByteBuffer.cleaner(): available
13:35:11.786 [main] DEBUG io.netty.util.internal.PlatformDependent - sun.misc.Unsafe: available
13:35:11.787 [main] DEBUG io.netty.util.internal.PlatformDependent - -Dio.netty.tmpdir: /tmp (java.io.tmpdir)
13:35:11.787 [main] DEBUG io.netty.util.internal.PlatformDependent - -Dio.netty.bitMode: 64 (sun.arch.data.model)
13:35:11.787 [main] DEBUG io.netty.util.internal.PlatformDependent - -Dio.netty.maxDirectMemory: 11420041216 bytes
13:35:11.787 [main] DEBUG io.netty.util.internal.PlatformDependent - -Dio.netty.uninitializedArrayAllocationThreshold: -1
13:35:11.788 [main] DEBUG io.netty.util.internal.PlatformDependent - -Dio.netty.noPreferDirect: false
13:35:11.789 [main] DEBUG io.netty.util.internal.CleanerJava9 - java.nio.ByteBuffer.cleaner(): unavailable
java.lang.NoSuchMethodException: sun.misc.Unsafe.invokeCleaner(java.nio.ByteBuffer)
	at java.lang.Class.getDeclaredMethod(Class.java:2130)
	at io.netty.util.internal.CleanerJava9$1.run(CleanerJava9.java:45)
	at java.security.AccessController.doPrivileged(Native Method)
	at io.netty.util.internal.CleanerJava9.__STATIC_RESET(CleanerJava9.java:40)
	at sun.reflect.NativeMethodAccessorImpl.invoke0(Native Method)
	at sun.reflect.NativeMethodAccessorImpl.invoke(NativeMethodAccessorImpl.java:62)
	at sun.reflect.DelegatingMethodAccessorImpl.invoke(DelegatingMethodAccessorImpl.java:43)
	at java.lang.reflect.Method.invoke(Method.java:498)
	at org.evosuite.runtime.classhandling.ClassResetter.reset(ClassResetter.java:159)
	at org.evosuite.runtime.classhandling.ClassStateSupport.resetClasses(ClassStateSupport.java:137)
	at io.netty.handler.codec.http.multipart.AbstractDiskHttpData_ESTest_scaffolding.resetClasses(AbstractDiskHttpData_ESTest_scaffolding.java:318)
	at io.netty.handler.codec.http.multipart.AbstractDiskHttpData_ESTest_scaffolding.doneWithTestCase(AbstractDiskHttpData_ESTest_scaffolding.java:74)
	at sun.reflect.NativeMethodAccessorImpl.invoke0(Native Method)
	at sun.reflect.NativeMethodAccessorImpl.invoke(NativeMethodAccessorImpl.java:62)
	at sun.reflect.DelegatingMethodAccessorImpl.invoke(DelegatingMethodAccessorImpl.java:43)
	at java.lang.reflect.Method.invoke(Method.java:498)
	at org.junit.runners.model.FrameworkMethod$1.runReflectiveCall(FrameworkMethod.java:59)
	at org.junit.internal.runners.model.ReflectiveCallable.run(ReflectiveCallable.java:12)
	at org.junit.runners.model.FrameworkMethod.invokeExplosively(FrameworkMethod.java:56)
	at org.junit.internal.runners.statements.RunAfters.invokeMethod(RunAfters.java:46)
	at org.junit.internal.runners.statements.RunAfters.evaluate(RunAfters.java:33)
	at org.evosuite.runtime.vnet.NonFunctionalRequirementRule$1.evaluate(NonFunctionalRequirementRule.java:41)
	at org.junit.runners.ParentRunner$3.evaluate(ParentRunner.java:306)
	at org.junit.runners.BlockJUnit4ClassRunner$1.evaluate(BlockJUnit4ClassRunner.java:100)
	at org.junit.runners.ParentRunner.runLeaf(ParentRunner.java:366)
	at org.junit.runners.BlockJUnit4ClassRunner.runChild(BlockJUnit4ClassRunner.java:103)
	at org.junit.runners.BlockJUnit4ClassRunner.runChild(BlockJUnit4ClassRunner.java:63)
	at org.junit.runners.ParentRunner$4.run(ParentRunner.java:331)
	at org.junit.runners.ParentRunner$1.schedule(ParentRunner.java:79)
	at org.junit.runners.ParentRunner.runChildren(ParentRunner.java:329)
	at org.junit.runners.ParentRunner.access$100(ParentRunner.java:66)
	at org.junit.runners.ParentRunner$2.evaluate(ParentRunner.java:293)
	at org.junit.internal.runners.statements.RunBefores.evaluate(RunBefores.java:26)
	at org.junit.internal.runners.statements.RunAfters.evaluate(RunAfters.java:27)
	at org.junit.runners.ParentRunner$3.evaluate(ParentRunner.java:306)
	at org.junit.runners.ParentRunner.run(ParentRunner.java:413)
	at org.apache.maven.surefire.junit4.JUnit4Provider.execute(JUnit4Provider.java:316)
	at org.apache.maven.surefire.junit4.JUnit4Provider.executeWithRerun(JUnit4Provider.java:240)
	at org.apache.maven.surefire.junit4.JUnit4Provider.executeTestSet(JUnit4Provider.java:214)
	at org.apache.maven.surefire.junit4.JUnit4Provider.invoke(JUnit4Provider.java:155)
	at org.apache.maven.surefire.booter.ForkedBooter.runSuitesInProcess(ForkedBooter.java:385)
	at org.apache.maven.surefire.booter.ForkedBooter.execute(ForkedBooter.java:162)
	at org.apache.maven.surefire.booter.ForkedBooter.run(ForkedBooter.java:507)
	at org.apache.maven.surefire.booter.ForkedBooter.main(ForkedBooter.java:495)
13:35:11.790 [main] DEBUG io.netty.util.ResourceLeakDetector - -Dio.netty.leakDetection.level: simple
13:35:11.790 [main] DEBUG io.netty.util.ResourceLeakDetector - -Dio.netty.leakDetection.targetRecords: 4
13:35:11.792 [main] DEBUG io.netty.buffer.AbstractByteBuf - -Dio.netty.buffer.checkAccessible: true
13:35:11.792 [main] DEBUG io.netty.buffer.AbstractByteBuf - -Dio.netty.buffer.checkBounds: true
13:35:11.792 [main] DEBUG io.netty.util.ResourceLeakDetectorFactory - Loaded default ResourceLeakDetector: io.netty.util.ResourceLeakDetector@5
13:35:11.793 [main] DEBUG io.netty.util.internal.InternalThreadLocalMap - -Dio.netty.threadLocalMap.stringBuilder.initialSize: 1024
13:35:11.793 [main] DEBUG io.netty.util.internal.InternalThreadLocalMap - -Dio.netty.threadLocalMap.stringBuilder.maxSize: 4096
13:35:11.794 [main] DEBUG io.netty.buffer.PooledByteBufAllocator - -Dio.netty.allocator.numHeapArenas: 0
13:35:11.794 [main] DEBUG io.netty.buffer.PooledByteBufAllocator - -Dio.netty.allocator.numDirectArenas: 2
13:35:11.794 [main] DEBUG io.netty.buffer.PooledByteBufAllocator - -Dio.netty.allocator.pageSize: 8192
13:35:11.794 [main] DEBUG io.netty.buffer.PooledByteBufAllocator - -Dio.netty.allocator.maxOrder: 9
13:35:11.794 [main] DEBUG io.netty.buffer.PooledByteBufAllocator - -Dio.netty.allocator.chunkSize: 4194304
13:35:11.794 [main] DEBUG io.netty.buffer.PooledByteBufAllocator - -Dio.netty.allocator.smallCacheSize: 256
13:35:11.794 [main] DEBUG io.netty.buffer.PooledByteBufAllocator - -Dio.netty.allocator.normalCacheSize: 64
13:35:11.794 [main] DEBUG io.netty.buffer.PooledByteBufAllocator - -Dio.netty.allocator.maxCachedBufferCapacity: 32768
13:35:11.794 [main] DEBUG io.netty.buffer.PooledByteBufAllocator - -Dio.netty.allocator.cacheTrimInterval: 8192
13:35:11.794 [main] DEBUG io.netty.buffer.PooledByteBufAllocator - -Dio.netty.allocator.cacheTrimIntervalMillis: 0
13:35:11.794 [main] DEBUG io.netty.buffer.PooledByteBufAllocator - -Dio.netty.allocator.useCacheForAllThreads: false
13:35:11.794 [main] DEBUG io.netty.buffer.PooledByteBufAllocator - -Dio.netty.allocator.maxCachedByteBuffersPerChunk: 1023
13:35:11.796 [main] DEBUG io.netty.buffer.ByteBufUtil - -Dio.netty.allocator.type: pooled
13:35:11.796 [main] DEBUG io.netty.buffer.ByteBufUtil - -Dio.netty.threadLocalDirectBufferSize: 0
13:35:11.796 [main] DEBUG io.netty.buffer.ByteBufUtil - -Dio.netty.maxThreadLocalCharBufferSize: 16384
13:35:11.799 [main] DEBUG io.netty.util.Recycler - -Dio.netty.recycler.maxCapacityPerThread: 4096
13:35:11.799 [main] DEBUG io.netty.util.Recycler - -Dio.netty.recycler.ratio: 8
13:35:11.799 [main] DEBUG io.netty.util.Recycler - -Dio.netty.recycler.chunkSize: 32
13:35:11.799 [main] DEBUG io.netty.util.Recycler - -Dio.netty.recycler.blocking: false
13:35:11.799 [main] DEBUG io.netty.util.Recycler - -Dio.netty.recycler.batchFastThreadLocalOnly: true
13:35:11.799 [main] DEBUG io.netty.util.internal.PlatformDependent - org.jctools-core.MpscChunkedArrayQueue: available
]]></system-out>
  </testcase>
  <testcase name="test20" classname="io.netty.handler.codec.http.multipart.AbstractDiskHttpData_ESTest" time="0.035">
    <system-out><![CDATA[13:35:11.832 [main] DEBUG io.netty.util.internal.logging.InternalLoggerFactory - Using SLF4J as the default logging framework
13:35:11.832 [main] DEBUG io.netty.util.internal.PlatformDependent0 - -Dio.netty.noUnsafe: false
13:35:11.832 [main] DEBUG io.netty.util.internal.PlatformDependent0 - Java version: 8
13:35:11.833 [main] DEBUG io.netty.util.internal.PlatformDependent0 - sun.misc.Unsafe.theUnsafe: available
13:35:11.834 [main] DEBUG io.netty.util.internal.PlatformDependent0 - sun.misc.Unsafe.copyMemory: available
13:35:11.834 [main] DEBUG io.netty.util.internal.PlatformDependent0 - sun.misc.Unsafe.storeFence: available
13:35:11.835 [main] DEBUG io.netty.util.internal.PlatformDependent0 - java.nio.Buffer.address: available
13:35:11.836 [main] DEBUG io.netty.util.internal.PlatformDependent0 - direct buffer constructor: available
13:35:11.836 [main] DEBUG io.netty.util.internal.PlatformDependent0 - java.nio.Bits.unaligned: available, true
13:35:11.836 [main] DEBUG io.netty.util.internal.PlatformDependent0 - jdk.internal.misc.Unsafe.allocateUninitializedArray(int): unavailable prior to Java9
13:35:11.836 [main] DEBUG io.netty.util.internal.PlatformDependent0 - java.nio.DirectByteBuffer.<init>(long, {int,long}): available
13:35:11.836 [main] DEBUG io.netty.util.internal.CleanerJava6 - java.nio.ByteBuffer.cleaner(): available
13:35:11.836 [main] DEBUG io.netty.util.internal.PlatformDependent - sun.misc.Unsafe: available
13:35:11.836 [main] DEBUG io.netty.util.internal.PlatformDependent - -Dio.netty.tmpdir: /tmp (java.io.tmpdir)
13:35:11.836 [main] DEBUG io.netty.util.internal.PlatformDependent - -Dio.netty.bitMode: 64 (sun.arch.data.model)
13:35:11.836 [main] DEBUG io.netty.util.internal.PlatformDependent - -Dio.netty.maxDirectMemory: 11420041216 bytes
13:35:11.836 [main] DEBUG io.netty.util.internal.PlatformDependent - -Dio.netty.uninitializedArrayAllocationThreshold: -1
13:35:11.836 [main] DEBUG io.netty.util.internal.PlatformDependent - -Dio.netty.noPreferDirect: false
13:35:11.837 [main] DEBUG io.netty.util.internal.CleanerJava9 - java.nio.ByteBuffer.cleaner(): unavailable
java.lang.NoSuchMethodException: sun.misc.Unsafe.invokeCleaner(java.nio.ByteBuffer)
	at java.lang.Class.getDeclaredMethod(Class.java:2130)
	at io.netty.util.internal.CleanerJava9$1.run(CleanerJava9.java:45)
	at java.security.AccessController.doPrivileged(Native Method)
	at io.netty.util.internal.CleanerJava9.__STATIC_RESET(CleanerJava9.java:40)
	at sun.reflect.NativeMethodAccessorImpl.invoke0(Native Method)
	at sun.reflect.NativeMethodAccessorImpl.invoke(NativeMethodAccessorImpl.java:62)
	at sun.reflect.DelegatingMethodAccessorImpl.invoke(DelegatingMethodAccessorImpl.java:43)
	at java.lang.reflect.Method.invoke(Method.java:498)
	at org.evosuite.runtime.classhandling.ClassResetter.reset(ClassResetter.java:159)
	at org.evosuite.runtime.classhandling.ClassStateSupport.resetClasses(ClassStateSupport.java:137)
	at io.netty.handler.codec.http.multipart.AbstractDiskHttpData_ESTest_scaffolding.resetClasses(AbstractDiskHttpData_ESTest_scaffolding.java:318)
	at io.netty.handler.codec.http.multipart.AbstractDiskHttpData_ESTest_scaffolding.doneWithTestCase(AbstractDiskHttpData_ESTest_scaffolding.java:74)
	at sun.reflect.NativeMethodAccessorImpl.invoke0(Native Method)
	at sun.reflect.NativeMethodAccessorImpl.invoke(NativeMethodAccessorImpl.java:62)
	at sun.reflect.DelegatingMethodAccessorImpl.invoke(DelegatingMethodAccessorImpl.java:43)
	at java.lang.reflect.Method.invoke(Method.java:498)
	at org.junit.runners.model.FrameworkMethod$1.runReflectiveCall(FrameworkMethod.java:59)
	at org.junit.internal.runners.model.ReflectiveCallable.run(ReflectiveCallable.java:12)
	at org.junit.runners.model.FrameworkMethod.invokeExplosively(FrameworkMethod.java:56)
	at org.junit.internal.runners.statements.RunAfters.invokeMethod(RunAfters.java:46)
	at org.junit.internal.runners.statements.RunAfters.evaluate(RunAfters.java:33)
	at org.evosuite.runtime.vnet.NonFunctionalRequirementRule$1.evaluate(NonFunctionalRequirementRule.java:41)
	at org.junit.runners.ParentRunner$3.evaluate(ParentRunner.java:306)
	at org.junit.runners.BlockJUnit4ClassRunner$1.evaluate(BlockJUnit4ClassRunner.java:100)
	at org.junit.runners.ParentRunner.runLeaf(ParentRunner.java:366)
	at org.junit.runners.BlockJUnit4ClassRunner.runChild(BlockJUnit4ClassRunner.java:103)
	at org.junit.runners.BlockJUnit4ClassRunner.runChild(BlockJUnit4ClassRunner.java:63)
	at org.junit.runners.ParentRunner$4.run(ParentRunner.java:331)
	at org.junit.runners.ParentRunner$1.schedule(ParentRunner.java:79)
	at org.junit.runners.ParentRunner.runChildren(ParentRunner.java:329)
	at org.junit.runners.ParentRunner.access$100(ParentRunner.java:66)
	at org.junit.runners.ParentRunner$2.evaluate(ParentRunner.java:293)
	at org.junit.internal.runners.statements.RunBefores.evaluate(RunBefores.java:26)
	at org.junit.internal.runners.statements.RunAfters.evaluate(RunAfters.java:27)
	at org.junit.runners.ParentRunner$3.evaluate(ParentRunner.java:306)
	at org.junit.runners.ParentRunner.run(ParentRunner.java:413)
	at org.apache.maven.surefire.junit4.JUnit4Provider.execute(JUnit4Provider.java:316)
	at org.apache.maven.surefire.junit4.JUnit4Provider.executeWithRerun(JUnit4Provider.java:240)
	at org.apache.maven.surefire.junit4.JUnit4Provider.executeTestSet(JUnit4Provider.java:214)
	at org.apache.maven.surefire.junit4.JUnit4Provider.invoke(JUnit4Provider.java:155)
	at org.apache.maven.surefire.booter.ForkedBooter.runSuitesInProcess(ForkedBooter.java:385)
	at org.apache.maven.surefire.booter.ForkedBooter.execute(ForkedBooter.java:162)
	at org.apache.maven.surefire.booter.ForkedBooter.run(ForkedBooter.java:507)
	at org.apache.maven.surefire.booter.ForkedBooter.main(ForkedBooter.java:495)
13:35:11.838 [main] DEBUG io.netty.util.ResourceLeakDetector - -Dio.netty.leakDetection.level: simple
13:35:11.838 [main] DEBUG io.netty.util.ResourceLeakDetector - -Dio.netty.leakDetection.targetRecords: 4
13:35:11.839 [main] DEBUG io.netty.buffer.AbstractByteBuf - -Dio.netty.buffer.checkAccessible: true
13:35:11.839 [main] DEBUG io.netty.buffer.AbstractByteBuf - -Dio.netty.buffer.checkBounds: true
13:35:11.839 [main] DEBUG io.netty.util.ResourceLeakDetectorFactory - Loaded default ResourceLeakDetector: io.netty.util.ResourceLeakDetector@5
13:35:11.839 [main] DEBUG io.netty.util.internal.InternalThreadLocalMap - -Dio.netty.threadLocalMap.stringBuilder.initialSize: 1024
13:35:11.839 [main] DEBUG io.netty.util.internal.InternalThreadLocalMap - -Dio.netty.threadLocalMap.stringBuilder.maxSize: 4096
13:35:11.839 [main] DEBUG io.netty.buffer.PooledByteBufAllocator - -Dio.netty.allocator.numHeapArenas: 0
13:35:11.839 [main] DEBUG io.netty.buffer.PooledByteBufAllocator - -Dio.netty.allocator.numDirectArenas: 2
13:35:11.839 [main] DEBUG io.netty.buffer.PooledByteBufAllocator - -Dio.netty.allocator.pageSize: 8192
13:35:11.839 [main] DEBUG io.netty.buffer.PooledByteBufAllocator - -Dio.netty.allocator.maxOrder: 9
13:35:11.839 [main] DEBUG io.netty.buffer.PooledByteBufAllocator - -Dio.netty.allocator.chunkSize: 4194304
13:35:11.839 [main] DEBUG io.netty.buffer.PooledByteBufAllocator - -Dio.netty.allocator.smallCacheSize: 256
13:35:11.839 [main] DEBUG io.netty.buffer.PooledByteBufAllocator - -Dio.netty.allocator.normalCacheSize: 64
13:35:11.839 [main] DEBUG io.netty.buffer.PooledByteBufAllocator - -Dio.netty.allocator.maxCachedBufferCapacity: 32768
13:35:11.839 [main] DEBUG io.netty.buffer.PooledByteBufAllocator - -Dio.netty.allocator.cacheTrimInterval: 8192
13:35:11.839 [main] DEBUG io.netty.buffer.PooledByteBufAllocator - -Dio.netty.allocator.cacheTrimIntervalMillis: 0
13:35:11.839 [main] DEBUG io.netty.buffer.PooledByteBufAllocator - -Dio.netty.allocator.useCacheForAllThreads: false
13:35:11.839 [main] DEBUG io.netty.buffer.PooledByteBufAllocator - -Dio.netty.allocator.maxCachedByteBuffersPerChunk: 1023
13:35:11.839 [main] DEBUG io.netty.buffer.ByteBufUtil - -Dio.netty.allocator.type: pooled
13:35:11.839 [main] DEBUG io.netty.buffer.ByteBufUtil - -Dio.netty.threadLocalDirectBufferSize: 0
13:35:11.839 [main] DEBUG io.netty.buffer.ByteBufUtil - -Dio.netty.maxThreadLocalCharBufferSize: 16384
13:35:11.840 [main] DEBUG io.netty.util.Recycler - -Dio.netty.recycler.maxCapacityPerThread: 4096
13:35:11.840 [main] DEBUG io.netty.util.Recycler - -Dio.netty.recycler.ratio: 8
13:35:11.840 [main] DEBUG io.netty.util.Recycler - -Dio.netty.recycler.chunkSize: 32
13:35:11.840 [main] DEBUG io.netty.util.Recycler - -Dio.netty.recycler.blocking: false
13:35:11.840 [main] DEBUG io.netty.util.Recycler - -Dio.netty.recycler.batchFastThreadLocalOnly: true
13:35:11.840 [main] DEBUG io.netty.util.internal.PlatformDependent - org.jctools-core.MpscChunkedArrayQueue: available
]]></system-out>
  </testcase>
  <testcase name="test64" classname="io.netty.handler.codec.http.multipart.AbstractDiskHttpData_ESTest" time="0.031">
    <system-out><![CDATA[13:35:11.851 [Time-limited test] INFO org.evosuite.runtime.instrumentation.EvoClassLoader - Seeing class for first time: io.netty.handler.codec.http.multipart.AbstractDiskHttpData_ESTest$9
13:35:11.851 [Time-limited test] INFO org.evosuite.runtime.instrumentation.EvoClassLoader - Instrumenting class 'io.netty.handler.codec.http.multipart.AbstractDiskHttpData_ESTest$9'.
13:35:11.852 [Time-limited test] INFO org.evosuite.runtime.instrumentation.EvoClassLoader - Keeping class: io.netty.handler.codec.http.multipart.AbstractDiskHttpData_ESTest$9
13:35:11.854 [pool-2-thread-1] DEBUG org.evosuite.runtime.sandbox.MSecurityManager - Security manager blocks permission ("java.io.FilePermission" "CZcG+*h$VI]_B/FUp_3401039866815440276_-838595071" "write")
java.lang.Thread.getStackTrace(Thread.java:1564)
org.evosuite.runtime.sandbox.MSecurityManager.checkPermission(MSecurityManager.java:424)
java.lang.SecurityManager.checkWrite(SecurityManager.java:979)
sun.nio.fs.UnixChannelFactory.open(UnixChannelFactory.java:247)
sun.nio.fs.UnixChannelFactory.newFileChannel(UnixChannelFactory.java:136)
sun.nio.fs.UnixChannelFactory.newFileChannel(UnixChannelFactory.java:148)
sun.nio.fs.UnixFileSystemProvider.newByteChannel(UnixFileSystemProvider.java:212)
java.nio.file.Files.newByteChannel(Files.java:361)
java.nio.file.Files.createFile(Files.java:632)
java.nio.file.TempFileHelper.create(TempFileHelper.java:138)
java.nio.file.TempFileHelper.createTempFile(TempFileHelper.java:161)
java.nio.file.Files.createTempFile(Files.java:852)
io.netty.util.internal.PlatformDependent.createTempFile(PlatformDependent.java:1501)
io.netty.handler.codec.http.multipart.AbstractDiskHttpData.tempFile(AbstractDiskHttpData.java:94)
io.netty.handler.codec.http.multipart.AbstractDiskHttpData.setContent(AbstractDiskHttpData.java:114)
io.netty.handler.codec.http.multipart.AbstractDiskHttpData_ESTest$9.run(AbstractDiskHttpData_ESTest.java:1105)
java.util.concurrent.Executors$RunnableAdapter.call(Executors.java:511)
java.util.concurrent.FutureTask.run(FutureTask.java:266)
java.util.concurrent.ThreadPoolExecutor.runWorker(ThreadPoolExecutor.java:1149)
java.util.concurrent.ThreadPoolExecutor$Worker.run(ThreadPoolExecutor.java:624)
java.lang.Thread.run(Thread.java:750)

13:35:11.855 [main] DEBUG io.netty.util.internal.logging.InternalLoggerFactory - Using SLF4J as the default logging framework
13:35:11.855 [main] DEBUG io.netty.util.internal.PlatformDependent0 - -Dio.netty.noUnsafe: false
13:35:11.855 [main] DEBUG io.netty.util.internal.PlatformDependent0 - Java version: 8
13:35:11.856 [main] DEBUG io.netty.util.internal.PlatformDependent0 - sun.misc.Unsafe.theUnsafe: available
13:35:11.856 [main] DEBUG io.netty.util.internal.PlatformDependent0 - sun.misc.Unsafe.copyMemory: available
13:35:11.856 [main] DEBUG io.netty.util.internal.PlatformDependent0 - sun.misc.Unsafe.storeFence: available
13:35:11.856 [main] DEBUG io.netty.util.internal.PlatformDependent0 - java.nio.Buffer.address: available
13:35:11.856 [main] DEBUG io.netty.util.internal.PlatformDependent0 - direct buffer constructor: available
13:35:11.856 [main] DEBUG io.netty.util.internal.PlatformDependent0 - java.nio.Bits.unaligned: available, true
13:35:11.856 [main] DEBUG io.netty.util.internal.PlatformDependent0 - jdk.internal.misc.Unsafe.allocateUninitializedArray(int): unavailable prior to Java9
13:35:11.856 [main] DEBUG io.netty.util.internal.PlatformDependent0 - java.nio.DirectByteBuffer.<init>(long, {int,long}): available
13:35:11.856 [main] DEBUG io.netty.util.internal.CleanerJava6 - java.nio.ByteBuffer.cleaner(): available
13:35:11.856 [main] DEBUG io.netty.util.internal.PlatformDependent - sun.misc.Unsafe: available
13:35:11.856 [main] DEBUG io.netty.util.internal.PlatformDependent - -Dio.netty.tmpdir: /tmp (java.io.tmpdir)
13:35:11.856 [main] DEBUG io.netty.util.internal.PlatformDependent - -Dio.netty.bitMode: 64 (sun.arch.data.model)
13:35:11.857 [main] DEBUG io.netty.util.internal.PlatformDependent - -Dio.netty.maxDirectMemory: 11420041216 bytes
13:35:11.857 [main] DEBUG io.netty.util.internal.PlatformDependent - -Dio.netty.uninitializedArrayAllocationThreshold: -1
13:35:11.857 [main] DEBUG io.netty.util.internal.PlatformDependent - -Dio.netty.noPreferDirect: false
13:35:11.857 [main] DEBUG io.netty.util.internal.CleanerJava9 - java.nio.ByteBuffer.cleaner(): unavailable
java.lang.NoSuchMethodException: sun.misc.Unsafe.invokeCleaner(java.nio.ByteBuffer)
	at java.lang.Class.getDeclaredMethod(Class.java:2130)
	at io.netty.util.internal.CleanerJava9$1.run(CleanerJava9.java:45)
	at java.security.AccessController.doPrivileged(Native Method)
	at io.netty.util.internal.CleanerJava9.__STATIC_RESET(CleanerJava9.java:40)
	at sun.reflect.NativeMethodAccessorImpl.invoke0(Native Method)
	at sun.reflect.NativeMethodAccessorImpl.invoke(NativeMethodAccessorImpl.java:62)
	at sun.reflect.DelegatingMethodAccessorImpl.invoke(DelegatingMethodAccessorImpl.java:43)
	at java.lang.reflect.Method.invoke(Method.java:498)
	at org.evosuite.runtime.classhandling.ClassResetter.reset(ClassResetter.java:159)
	at org.evosuite.runtime.classhandling.ClassStateSupport.resetClasses(ClassStateSupport.java:137)
	at io.netty.handler.codec.http.multipart.AbstractDiskHttpData_ESTest_scaffolding.resetClasses(AbstractDiskHttpData_ESTest_scaffolding.java:318)
	at io.netty.handler.codec.http.multipart.AbstractDiskHttpData_ESTest_scaffolding.doneWithTestCase(AbstractDiskHttpData_ESTest_scaffolding.java:74)
	at sun.reflect.NativeMethodAccessorImpl.invoke0(Native Method)
	at sun.reflect.NativeMethodAccessorImpl.invoke(NativeMethodAccessorImpl.java:62)
	at sun.reflect.DelegatingMethodAccessorImpl.invoke(DelegatingMethodAccessorImpl.java:43)
	at java.lang.reflect.Method.invoke(Method.java:498)
	at org.junit.runners.model.FrameworkMethod$1.runReflectiveCall(FrameworkMethod.java:59)
	at org.junit.internal.runners.model.ReflectiveCallable.run(ReflectiveCallable.java:12)
	at org.junit.runners.model.FrameworkMethod.invokeExplosively(FrameworkMethod.java:56)
	at org.junit.internal.runners.statements.RunAfters.invokeMethod(RunAfters.java:46)
	at org.junit.internal.runners.statements.RunAfters.evaluate(RunAfters.java:33)
	at org.evosuite.runtime.vnet.NonFunctionalRequirementRule$1.evaluate(NonFunctionalRequirementRule.java:41)
	at org.junit.runners.ParentRunner$3.evaluate(ParentRunner.java:306)
	at org.junit.runners.BlockJUnit4ClassRunner$1.evaluate(BlockJUnit4ClassRunner.java:100)
	at org.junit.runners.ParentRunner.runLeaf(ParentRunner.java:366)
	at org.junit.runners.BlockJUnit4ClassRunner.runChild(BlockJUnit4ClassRunner.java:103)
	at org.junit.runners.BlockJUnit4ClassRunner.runChild(BlockJUnit4ClassRunner.java:63)
	at org.junit.runners.ParentRunner$4.run(ParentRunner.java:331)
	at org.junit.runners.ParentRunner$1.schedule(ParentRunner.java:79)
	at org.junit.runners.ParentRunner.runChildren(ParentRunner.java:329)
	at org.junit.runners.ParentRunner.access$100(ParentRunner.java:66)
	at org.junit.runners.ParentRunner$2.evaluate(ParentRunner.java:293)
	at org.junit.internal.runners.statements.RunBefores.evaluate(RunBefores.java:26)
	at org.junit.internal.runners.statements.RunAfters.evaluate(RunAfters.java:27)
	at org.junit.runners.ParentRunner$3.evaluate(ParentRunner.java:306)
	at org.junit.runners.ParentRunner.run(ParentRunner.java:413)
	at org.apache.maven.surefire.junit4.JUnit4Provider.execute(JUnit4Provider.java:316)
	at org.apache.maven.surefire.junit4.JUnit4Provider.executeWithRerun(JUnit4Provider.java:240)
	at org.apache.maven.surefire.junit4.JUnit4Provider.executeTestSet(JUnit4Provider.java:214)
	at org.apache.maven.surefire.junit4.JUnit4Provider.invoke(JUnit4Provider.java:155)
	at org.apache.maven.surefire.booter.ForkedBooter.runSuitesInProcess(ForkedBooter.java:385)
	at org.apache.maven.surefire.booter.ForkedBooter.execute(ForkedBooter.java:162)
	at org.apache.maven.surefire.booter.ForkedBooter.run(ForkedBooter.java:507)
	at org.apache.maven.surefire.booter.ForkedBooter.main(ForkedBooter.java:495)
13:35:11.857 [main] DEBUG io.netty.util.ResourceLeakDetector - -Dio.netty.leakDetection.level: simple
13:35:11.857 [main] DEBUG io.netty.util.ResourceLeakDetector - -Dio.netty.leakDetection.targetRecords: 4
13:35:11.858 [main] DEBUG io.netty.buffer.AbstractByteBuf - -Dio.netty.buffer.checkAccessible: true
13:35:11.858 [main] DEBUG io.netty.buffer.AbstractByteBuf - -Dio.netty.buffer.checkBounds: true
13:35:11.858 [main] DEBUG io.netty.util.ResourceLeakDetectorFactory - Loaded default ResourceLeakDetector: io.netty.util.ResourceLeakDetector@5
13:35:11.858 [main] DEBUG io.netty.util.internal.InternalThreadLocalMap - -Dio.netty.threadLocalMap.stringBuilder.initialSize: 1024
13:35:11.858 [main] DEBUG io.netty.util.internal.InternalThreadLocalMap - -Dio.netty.threadLocalMap.stringBuilder.maxSize: 4096
13:35:11.859 [main] DEBUG io.netty.buffer.PooledByteBufAllocator - -Dio.netty.allocator.numHeapArenas: 0
13:35:11.859 [main] DEBUG io.netty.buffer.PooledByteBufAllocator - -Dio.netty.allocator.numDirectArenas: 2
13:35:11.859 [main] DEBUG io.netty.buffer.PooledByteBufAllocator - -Dio.netty.allocator.pageSize: 8192
13:35:11.859 [main] DEBUG io.netty.buffer.PooledByteBufAllocator - -Dio.netty.allocator.maxOrder: 9
13:35:11.859 [main] DEBUG io.netty.buffer.PooledByteBufAllocator - -Dio.netty.allocator.chunkSize: 4194304
13:35:11.859 [main] DEBUG io.netty.buffer.PooledByteBufAllocator - -Dio.netty.allocator.smallCacheSize: 256
13:35:11.859 [main] DEBUG io.netty.buffer.PooledByteBufAllocator - -Dio.netty.allocator.normalCacheSize: 64
13:35:11.859 [main] DEBUG io.netty.buffer.PooledByteBufAllocator - -Dio.netty.allocator.maxCachedBufferCapacity: 32768
13:35:11.859 [main] DEBUG io.netty.buffer.PooledByteBufAllocator - -Dio.netty.allocator.cacheTrimInterval: 8192
13:35:11.859 [main] DEBUG io.netty.buffer.PooledByteBufAllocator - -Dio.netty.allocator.cacheTrimIntervalMillis: 0
13:35:11.859 [main] DEBUG io.netty.buffer.PooledByteBufAllocator - -Dio.netty.allocator.useCacheForAllThreads: false
13:35:11.859 [main] DEBUG io.netty.buffer.PooledByteBufAllocator - -Dio.netty.allocator.maxCachedByteBuffersPerChunk: 1023
13:35:11.859 [main] DEBUG io.netty.buffer.ByteBufUtil - -Dio.netty.allocator.type: pooled
13:35:11.859 [main] DEBUG io.netty.buffer.ByteBufUtil - -Dio.netty.threadLocalDirectBufferSize: 0
13:35:11.859 [main] DEBUG io.netty.buffer.ByteBufUtil - -Dio.netty.maxThreadLocalCharBufferSize: 16384
13:35:11.860 [main] DEBUG io.netty.util.Recycler - -Dio.netty.recycler.maxCapacityPerThread: 4096
13:35:11.860 [main] DEBUG io.netty.util.Recycler - -Dio.netty.recycler.ratio: 8
13:35:11.860 [main] DEBUG io.netty.util.Recycler - -Dio.netty.recycler.chunkSize: 32
13:35:11.860 [main] DEBUG io.netty.util.Recycler - -Dio.netty.recycler.blocking: false
13:35:11.860 [main] DEBUG io.netty.util.Recycler - -Dio.netty.recycler.batchFastThreadLocalOnly: true
13:35:11.860 [main] DEBUG io.netty.util.internal.PlatformDependent - org.jctools-core.MpscChunkedArrayQueue: available
]]></system-out>
  </testcase>
  <testcase name="test23" classname="io.netty.handler.codec.http.multipart.AbstractDiskHttpData_ESTest" time="0.023">
    <system-out><![CDATA[13:35:11.895 [main] DEBUG io.netty.util.internal.logging.InternalLoggerFactory - Using SLF4J as the default logging framework
13:35:11.895 [main] DEBUG io.netty.util.internal.PlatformDependent0 - -Dio.netty.noUnsafe: false
13:35:11.895 [main] DEBUG io.netty.util.internal.PlatformDependent0 - Java version: 8
13:35:11.895 [main] DEBUG io.netty.util.internal.PlatformDependent0 - sun.misc.Unsafe.theUnsafe: available
13:35:11.895 [main] DEBUG io.netty.util.internal.PlatformDependent0 - sun.misc.Unsafe.copyMemory: available
13:35:11.895 [main] DEBUG io.netty.util.internal.PlatformDependent0 - sun.misc.Unsafe.storeFence: available
13:35:11.895 [main] DEBUG io.netty.util.internal.PlatformDependent0 - java.nio.Buffer.address: available
13:35:11.896 [main] DEBUG io.netty.util.internal.PlatformDependent0 - direct buffer constructor: available
13:35:11.896 [main] DEBUG io.netty.util.internal.PlatformDependent0 - java.nio.Bits.unaligned: available, true
13:35:11.896 [main] DEBUG io.netty.util.internal.PlatformDependent0 - jdk.internal.misc.Unsafe.allocateUninitializedArray(int): unavailable prior to Java9
13:35:11.896 [main] DEBUG io.netty.util.internal.PlatformDependent0 - java.nio.DirectByteBuffer.<init>(long, {int,long}): available
13:35:11.896 [main] DEBUG io.netty.util.internal.CleanerJava6 - java.nio.ByteBuffer.cleaner(): available
13:35:11.896 [main] DEBUG io.netty.util.internal.PlatformDependent - sun.misc.Unsafe: available
13:35:11.896 [main] DEBUG io.netty.util.internal.PlatformDependent - -Dio.netty.tmpdir: /tmp (java.io.tmpdir)
13:35:11.896 [main] DEBUG io.netty.util.internal.PlatformDependent - -Dio.netty.bitMode: 64 (sun.arch.data.model)
13:35:11.897 [main] DEBUG io.netty.util.internal.PlatformDependent - -Dio.netty.maxDirectMemory: 11420041216 bytes
13:35:11.897 [main] DEBUG io.netty.util.internal.PlatformDependent - -Dio.netty.uninitializedArrayAllocationThreshold: -1
13:35:11.897 [main] DEBUG io.netty.util.internal.PlatformDependent - -Dio.netty.noPreferDirect: false
13:35:11.897 [main] DEBUG io.netty.util.internal.CleanerJava9 - java.nio.ByteBuffer.cleaner(): unavailable
java.lang.NoSuchMethodException: sun.misc.Unsafe.invokeCleaner(java.nio.ByteBuffer)
	at java.lang.Class.getDeclaredMethod(Class.java:2130)
	at io.netty.util.internal.CleanerJava9$1.run(CleanerJava9.java:45)
	at java.security.AccessController.doPrivileged(Native Method)
	at io.netty.util.internal.CleanerJava9.__STATIC_RESET(CleanerJava9.java:40)
	at sun.reflect.NativeMethodAccessorImpl.invoke0(Native Method)
	at sun.reflect.NativeMethodAccessorImpl.invoke(NativeMethodAccessorImpl.java:62)
	at sun.reflect.DelegatingMethodAccessorImpl.invoke(DelegatingMethodAccessorImpl.java:43)
	at java.lang.reflect.Method.invoke(Method.java:498)
	at org.evosuite.runtime.classhandling.ClassResetter.reset(ClassResetter.java:159)
	at org.evosuite.runtime.classhandling.ClassStateSupport.resetClasses(ClassStateSupport.java:137)
	at io.netty.handler.codec.http.multipart.AbstractDiskHttpData_ESTest_scaffolding.resetClasses(AbstractDiskHttpData_ESTest_scaffolding.java:318)
	at io.netty.handler.codec.http.multipart.AbstractDiskHttpData_ESTest_scaffolding.doneWithTestCase(AbstractDiskHttpData_ESTest_scaffolding.java:74)
	at sun.reflect.NativeMethodAccessorImpl.invoke0(Native Method)
	at sun.reflect.NativeMethodAccessorImpl.invoke(NativeMethodAccessorImpl.java:62)
	at sun.reflect.DelegatingMethodAccessorImpl.invoke(DelegatingMethodAccessorImpl.java:43)
	at java.lang.reflect.Method.invoke(Method.java:498)
	at org.junit.runners.model.FrameworkMethod$1.runReflectiveCall(FrameworkMethod.java:59)
	at org.junit.internal.runners.model.ReflectiveCallable.run(ReflectiveCallable.java:12)
	at org.junit.runners.model.FrameworkMethod.invokeExplosively(FrameworkMethod.java:56)
	at org.junit.internal.runners.statements.RunAfters.invokeMethod(RunAfters.java:46)
	at org.junit.internal.runners.statements.RunAfters.evaluate(RunAfters.java:33)
	at org.evosuite.runtime.vnet.NonFunctionalRequirementRule$1.evaluate(NonFunctionalRequirementRule.java:41)
	at org.junit.runners.ParentRunner$3.evaluate(ParentRunner.java:306)
	at org.junit.runners.BlockJUnit4ClassRunner$1.evaluate(BlockJUnit4ClassRunner.java:100)
	at org.junit.runners.ParentRunner.runLeaf(ParentRunner.java:366)
	at org.junit.runners.BlockJUnit4ClassRunner.runChild(BlockJUnit4ClassRunner.java:103)
	at org.junit.runners.BlockJUnit4ClassRunner.runChild(BlockJUnit4ClassRunner.java:63)
	at org.junit.runners.ParentRunner$4.run(ParentRunner.java:331)
	at org.junit.runners.ParentRunner$1.schedule(ParentRunner.java:79)
	at org.junit.runners.ParentRunner.runChildren(ParentRunner.java:329)
	at org.junit.runners.ParentRunner.access$100(ParentRunner.java:66)
	at org.junit.runners.ParentRunner$2.evaluate(ParentRunner.java:293)
	at org.junit.internal.runners.statements.RunBefores.evaluate(RunBefores.java:26)
	at org.junit.internal.runners.statements.RunAfters.evaluate(RunAfters.java:27)
	at org.junit.runners.ParentRunner$3.evaluate(ParentRunner.java:306)
	at org.junit.runners.ParentRunner.run(ParentRunner.java:413)
	at org.apache.maven.surefire.junit4.JUnit4Provider.execute(JUnit4Provider.java:316)
	at org.apache.maven.surefire.junit4.JUnit4Provider.executeWithRerun(JUnit4Provider.java:240)
	at org.apache.maven.surefire.junit4.JUnit4Provider.executeTestSet(JUnit4Provider.java:214)
	at org.apache.maven.surefire.junit4.JUnit4Provider.invoke(JUnit4Provider.java:155)
	at org.apache.maven.surefire.booter.ForkedBooter.runSuitesInProcess(ForkedBooter.java:385)
	at org.apache.maven.surefire.booter.ForkedBooter.execute(ForkedBooter.java:162)
	at org.apache.maven.surefire.booter.ForkedBooter.run(ForkedBooter.java:507)
	at org.apache.maven.surefire.booter.ForkedBooter.main(ForkedBooter.java:495)
13:35:11.898 [main] DEBUG io.netty.util.ResourceLeakDetector - -Dio.netty.leakDetection.level: simple
13:35:11.898 [main] DEBUG io.netty.util.ResourceLeakDetector - -Dio.netty.leakDetection.targetRecords: 4
13:35:11.899 [main] DEBUG io.netty.buffer.AbstractByteBuf - -Dio.netty.buffer.checkAccessible: true
13:35:11.899 [main] DEBUG io.netty.buffer.AbstractByteBuf - -Dio.netty.buffer.checkBounds: true
13:35:11.899 [main] DEBUG io.netty.util.ResourceLeakDetectorFactory - Loaded default ResourceLeakDetector: io.netty.util.ResourceLeakDetector@5
13:35:11.899 [main] DEBUG io.netty.util.internal.InternalThreadLocalMap - -Dio.netty.threadLocalMap.stringBuilder.initialSize: 1024
13:35:11.899 [main] DEBUG io.netty.util.internal.InternalThreadLocalMap - -Dio.netty.threadLocalMap.stringBuilder.maxSize: 4096
13:35:11.899 [main] DEBUG io.netty.buffer.PooledByteBufAllocator - -Dio.netty.allocator.numHeapArenas: 0
13:35:11.899 [main] DEBUG io.netty.buffer.PooledByteBufAllocator - -Dio.netty.allocator.numDirectArenas: 2
13:35:11.899 [main] DEBUG io.netty.buffer.PooledByteBufAllocator - -Dio.netty.allocator.pageSize: 8192
13:35:11.899 [main] DEBUG io.netty.buffer.PooledByteBufAllocator - -Dio.netty.allocator.maxOrder: 9
13:35:11.899 [main] DEBUG io.netty.buffer.PooledByteBufAllocator - -Dio.netty.allocator.chunkSize: 4194304
13:35:11.899 [main] DEBUG io.netty.buffer.PooledByteBufAllocator - -Dio.netty.allocator.smallCacheSize: 256
13:35:11.899 [main] DEBUG io.netty.buffer.PooledByteBufAllocator - -Dio.netty.allocator.normalCacheSize: 64
13:35:11.899 [main] DEBUG io.netty.buffer.PooledByteBufAllocator - -Dio.netty.allocator.maxCachedBufferCapacity: 32768
13:35:11.899 [main] DEBUG io.netty.buffer.PooledByteBufAllocator - -Dio.netty.allocator.cacheTrimInterval: 8192
13:35:11.899 [main] DEBUG io.netty.buffer.PooledByteBufAllocator - -Dio.netty.allocator.cacheTrimIntervalMillis: 0
13:35:11.899 [main] DEBUG io.netty.buffer.PooledByteBufAllocator - -Dio.netty.allocator.useCacheForAllThreads: false
13:35:11.900 [main] DEBUG io.netty.buffer.PooledByteBufAllocator - -Dio.netty.allocator.maxCachedByteBuffersPerChunk: 1023
13:35:11.901 [main] DEBUG io.netty.buffer.ByteBufUtil - -Dio.netty.allocator.type: pooled
13:35:11.901 [main] DEBUG io.netty.buffer.ByteBufUtil - -Dio.netty.threadLocalDirectBufferSize: 0
13:35:11.901 [main] DEBUG io.netty.buffer.ByteBufUtil - -Dio.netty.maxThreadLocalCharBufferSize: 16384
13:35:11.904 [main] DEBUG io.netty.util.Recycler - -Dio.netty.recycler.maxCapacityPerThread: 4096
13:35:11.904 [main] DEBUG io.netty.util.Recycler - -Dio.netty.recycler.ratio: 8
13:35:11.904 [main] DEBUG io.netty.util.Recycler - -Dio.netty.recycler.chunkSize: 32
13:35:11.904 [main] DEBUG io.netty.util.Recycler - -Dio.netty.recycler.blocking: false
13:35:11.904 [main] DEBUG io.netty.util.Recycler - -Dio.netty.recycler.batchFastThreadLocalOnly: true
13:35:11.904 [main] DEBUG io.netty.util.internal.PlatformDependent - org.jctools-core.MpscChunkedArrayQueue: available
]]></system-out>
  </testcase>
  <testcase name="test67" classname="io.netty.handler.codec.http.multipart.AbstractDiskHttpData_ESTest" time="0.058">
    <system-out><![CDATA[13:35:11.921 [main] DEBUG io.netty.util.internal.logging.InternalLoggerFactory - Using SLF4J as the default logging framework
13:35:11.921 [main] DEBUG io.netty.util.internal.PlatformDependent0 - -Dio.netty.noUnsafe: false
13:35:11.921 [main] DEBUG io.netty.util.internal.PlatformDependent0 - Java version: 8
13:35:11.921 [main] DEBUG io.netty.util.internal.PlatformDependent0 - sun.misc.Unsafe.theUnsafe: available
13:35:11.921 [main] DEBUG io.netty.util.internal.PlatformDependent0 - sun.misc.Unsafe.copyMemory: available
13:35:11.921 [main] DEBUG io.netty.util.internal.PlatformDependent0 - sun.misc.Unsafe.storeFence: available
13:35:11.921 [main] DEBUG io.netty.util.internal.PlatformDependent0 - java.nio.Buffer.address: available
13:35:11.921 [main] DEBUG io.netty.util.internal.PlatformDependent0 - direct buffer constructor: available
13:35:11.921 [main] DEBUG io.netty.util.internal.PlatformDependent0 - java.nio.Bits.unaligned: available, true
13:35:11.921 [main] DEBUG io.netty.util.internal.PlatformDependent0 - jdk.internal.misc.Unsafe.allocateUninitializedArray(int): unavailable prior to Java9
13:35:11.921 [main] DEBUG io.netty.util.internal.PlatformDependent0 - java.nio.DirectByteBuffer.<init>(long, {int,long}): available
13:35:11.922 [main] DEBUG io.netty.util.internal.CleanerJava6 - java.nio.ByteBuffer.cleaner(): available
13:35:11.922 [main] DEBUG io.netty.util.internal.PlatformDependent - sun.misc.Unsafe: available
13:35:11.922 [main] DEBUG io.netty.util.internal.PlatformDependent - -Dio.netty.tmpdir: /tmp (java.io.tmpdir)
13:35:11.922 [main] DEBUG io.netty.util.internal.PlatformDependent - -Dio.netty.bitMode: 64 (sun.arch.data.model)
13:35:11.922 [main] DEBUG io.netty.util.internal.PlatformDependent - -Dio.netty.maxDirectMemory: 11420041216 bytes
13:35:11.922 [main] DEBUG io.netty.util.internal.PlatformDependent - -Dio.netty.uninitializedArrayAllocationThreshold: -1
13:35:11.922 [main] DEBUG io.netty.util.internal.PlatformDependent - -Dio.netty.noPreferDirect: false
13:35:11.923 [main] DEBUG io.netty.util.internal.CleanerJava9 - java.nio.ByteBuffer.cleaner(): unavailable
java.lang.NoSuchMethodException: sun.misc.Unsafe.invokeCleaner(java.nio.ByteBuffer)
	at java.lang.Class.getDeclaredMethod(Class.java:2130)
	at io.netty.util.internal.CleanerJava9$1.run(CleanerJava9.java:45)
	at java.security.AccessController.doPrivileged(Native Method)
	at io.netty.util.internal.CleanerJava9.__STATIC_RESET(CleanerJava9.java:40)
	at sun.reflect.NativeMethodAccessorImpl.invoke0(Native Method)
	at sun.reflect.NativeMethodAccessorImpl.invoke(NativeMethodAccessorImpl.java:62)
	at sun.reflect.DelegatingMethodAccessorImpl.invoke(DelegatingMethodAccessorImpl.java:43)
	at java.lang.reflect.Method.invoke(Method.java:498)
	at org.evosuite.runtime.classhandling.ClassResetter.reset(ClassResetter.java:159)
	at org.evosuite.runtime.classhandling.ClassStateSupport.resetClasses(ClassStateSupport.java:137)
	at io.netty.handler.codec.http.multipart.AbstractDiskHttpData_ESTest_scaffolding.resetClasses(AbstractDiskHttpData_ESTest_scaffolding.java:318)
	at io.netty.handler.codec.http.multipart.AbstractDiskHttpData_ESTest_scaffolding.doneWithTestCase(AbstractDiskHttpData_ESTest_scaffolding.java:74)
	at sun.reflect.NativeMethodAccessorImpl.invoke0(Native Method)
	at sun.reflect.NativeMethodAccessorImpl.invoke(NativeMethodAccessorImpl.java:62)
	at sun.reflect.DelegatingMethodAccessorImpl.invoke(DelegatingMethodAccessorImpl.java:43)
	at java.lang.reflect.Method.invoke(Method.java:498)
	at org.junit.runners.model.FrameworkMethod$1.runReflectiveCall(FrameworkMethod.java:59)
	at org.junit.internal.runners.model.ReflectiveCallable.run(ReflectiveCallable.java:12)
	at org.junit.runners.model.FrameworkMethod.invokeExplosively(FrameworkMethod.java:56)
	at org.junit.internal.runners.statements.RunAfters.invokeMethod(RunAfters.java:46)
	at org.junit.internal.runners.statements.RunAfters.evaluate(RunAfters.java:33)
	at org.evosuite.runtime.vnet.NonFunctionalRequirementRule$1.evaluate(NonFunctionalRequirementRule.java:41)
	at org.junit.runners.ParentRunner$3.evaluate(ParentRunner.java:306)
	at org.junit.runners.BlockJUnit4ClassRunner$1.evaluate(BlockJUnit4ClassRunner.java:100)
	at org.junit.runners.ParentRunner.runLeaf(ParentRunner.java:366)
	at org.junit.runners.BlockJUnit4ClassRunner.runChild(BlockJUnit4ClassRunner.java:103)
	at org.junit.runners.BlockJUnit4ClassRunner.runChild(BlockJUnit4ClassRunner.java:63)
	at org.junit.runners.ParentRunner$4.run(ParentRunner.java:331)
	at org.junit.runners.ParentRunner$1.schedule(ParentRunner.java:79)
	at org.junit.runners.ParentRunner.runChildren(ParentRunner.java:329)
	at org.junit.runners.ParentRunner.access$100(ParentRunner.java:66)
	at org.junit.runners.ParentRunner$2.evaluate(ParentRunner.java:293)
	at org.junit.internal.runners.statements.RunBefores.evaluate(RunBefores.java:26)
	at org.junit.internal.runners.statements.RunAfters.evaluate(RunAfters.java:27)
	at org.junit.runners.ParentRunner$3.evaluate(ParentRunner.java:306)
	at org.junit.runners.ParentRunner.run(ParentRunner.java:413)
	at org.apache.maven.surefire.junit4.JUnit4Provider.execute(JUnit4Provider.java:316)
	at org.apache.maven.surefire.junit4.JUnit4Provider.executeWithRerun(JUnit4Provider.java:240)
	at org.apache.maven.surefire.junit4.JUnit4Provider.executeTestSet(JUnit4Provider.java:214)
	at org.apache.maven.surefire.junit4.JUnit4Provider.invoke(JUnit4Provider.java:155)
	at org.apache.maven.surefire.booter.ForkedBooter.runSuitesInProcess(ForkedBooter.java:385)
	at org.apache.maven.surefire.booter.ForkedBooter.execute(ForkedBooter.java:162)
	at org.apache.maven.surefire.booter.ForkedBooter.run(ForkedBooter.java:507)
	at org.apache.maven.surefire.booter.ForkedBooter.main(ForkedBooter.java:495)
13:35:11.924 [main] DEBUG io.netty.util.ResourceLeakDetector - -Dio.netty.leakDetection.level: simple
13:35:11.924 [main] DEBUG io.netty.util.ResourceLeakDetector - -Dio.netty.leakDetection.targetRecords: 4
13:35:11.925 [main] DEBUG io.netty.buffer.AbstractByteBuf - -Dio.netty.buffer.checkAccessible: true
13:35:11.925 [main] DEBUG io.netty.buffer.AbstractByteBuf - -Dio.netty.buffer.checkBounds: true
13:35:11.925 [main] DEBUG io.netty.util.ResourceLeakDetectorFactory - Loaded default ResourceLeakDetector: io.netty.util.ResourceLeakDetector@5
13:35:11.925 [main] DEBUG io.netty.util.internal.InternalThreadLocalMap - -Dio.netty.threadLocalMap.stringBuilder.initialSize: 1024
13:35:11.925 [main] DEBUG io.netty.util.internal.InternalThreadLocalMap - -Dio.netty.threadLocalMap.stringBuilder.maxSize: 4096
13:35:11.925 [main] DEBUG io.netty.buffer.PooledByteBufAllocator - -Dio.netty.allocator.numHeapArenas: 0
13:35:11.925 [main] DEBUG io.netty.buffer.PooledByteBufAllocator - -Dio.netty.allocator.numDirectArenas: 2
13:35:11.925 [main] DEBUG io.netty.buffer.PooledByteBufAllocator - -Dio.netty.allocator.pageSize: 8192
13:35:11.925 [main] DEBUG io.netty.buffer.PooledByteBufAllocator - -Dio.netty.allocator.maxOrder: 9
13:35:11.925 [main] DEBUG io.netty.buffer.PooledByteBufAllocator - -Dio.netty.allocator.chunkSize: 4194304
13:35:11.925 [main] DEBUG io.netty.buffer.PooledByteBufAllocator - -Dio.netty.allocator.smallCacheSize: 256
13:35:11.925 [main] DEBUG io.netty.buffer.PooledByteBufAllocator - -Dio.netty.allocator.normalCacheSize: 64
13:35:11.925 [main] DEBUG io.netty.buffer.PooledByteBufAllocator - -Dio.netty.allocator.maxCachedBufferCapacity: 32768
13:35:11.925 [main] DEBUG io.netty.buffer.PooledByteBufAllocator - -Dio.netty.allocator.cacheTrimInterval: 8192
13:35:11.925 [main] DEBUG io.netty.buffer.PooledByteBufAllocator - -Dio.netty.allocator.cacheTrimIntervalMillis: 0
13:35:11.925 [main] DEBUG io.netty.buffer.PooledByteBufAllocator - -Dio.netty.allocator.useCacheForAllThreads: false
13:35:11.925 [main] DEBUG io.netty.buffer.PooledByteBufAllocator - -Dio.netty.allocator.maxCachedByteBuffersPerChunk: 1023
13:35:11.926 [main] DEBUG io.netty.buffer.ByteBufUtil - -Dio.netty.allocator.type: pooled
13:35:11.926 [main] DEBUG io.netty.buffer.ByteBufUtil - -Dio.netty.threadLocalDirectBufferSize: 0
13:35:11.926 [main] DEBUG io.netty.buffer.ByteBufUtil - -Dio.netty.maxThreadLocalCharBufferSize: 16384
13:35:11.930 [main] DEBUG io.netty.util.Recycler - -Dio.netty.recycler.maxCapacityPerThread: 4096
13:35:11.930 [main] DEBUG io.netty.util.Recycler - -Dio.netty.recycler.ratio: 8
13:35:11.930 [main] DEBUG io.netty.util.Recycler - -Dio.netty.recycler.chunkSize: 32
13:35:11.930 [main] DEBUG io.netty.util.Recycler - -Dio.netty.recycler.blocking: false
13:35:11.930 [main] DEBUG io.netty.util.Recycler - -Dio.netty.recycler.batchFastThreadLocalOnly: true
13:35:11.930 [main] DEBUG io.netty.util.internal.PlatformDependent - org.jctools-core.MpscChunkedArrayQueue: available
]]></system-out>
  </testcase>
  <testcase name="test22" classname="io.netty.handler.codec.http.multipart.AbstractDiskHttpData_ESTest" time="0.032">
    <system-out><![CDATA[13:35:11.942 [main] INFO org.evosuite.runtime.thread.ThreadStopper - Found new thread
13:35:11.944 [main] DEBUG io.netty.util.internal.logging.InternalLoggerFactory - Using SLF4J as the default logging framework
13:35:11.944 [main] DEBUG io.netty.util.internal.PlatformDependent0 - -Dio.netty.noUnsafe: false
13:35:11.944 [main] DEBUG io.netty.util.internal.PlatformDependent0 - Java version: 8
13:35:11.944 [main] DEBUG io.netty.util.internal.PlatformDependent0 - sun.misc.Unsafe.theUnsafe: available
13:35:11.944 [main] DEBUG io.netty.util.internal.PlatformDependent0 - sun.misc.Unsafe.copyMemory: available
13:35:11.944 [main] DEBUG io.netty.util.internal.PlatformDependent0 - sun.misc.Unsafe.storeFence: available
13:35:11.945 [main] DEBUG io.netty.util.internal.PlatformDependent0 - java.nio.Buffer.address: available
13:35:11.945 [main] DEBUG io.netty.util.internal.PlatformDependent0 - direct buffer constructor: available
13:35:11.945 [main] DEBUG io.netty.util.internal.PlatformDependent0 - java.nio.Bits.unaligned: available, true
13:35:11.945 [main] DEBUG io.netty.util.internal.PlatformDependent0 - jdk.internal.misc.Unsafe.allocateUninitializedArray(int): unavailable prior to Java9
13:35:11.945 [main] DEBUG io.netty.util.internal.PlatformDependent0 - java.nio.DirectByteBuffer.<init>(long, {int,long}): available
13:35:11.945 [main] DEBUG io.netty.util.internal.CleanerJava6 - java.nio.ByteBuffer.cleaner(): available
13:35:11.945 [main] DEBUG io.netty.util.internal.PlatformDependent - sun.misc.Unsafe: available
13:35:11.945 [main] DEBUG io.netty.util.internal.PlatformDependent - -Dio.netty.tmpdir: /tmp (java.io.tmpdir)
13:35:11.945 [main] DEBUG io.netty.util.internal.PlatformDependent - -Dio.netty.bitMode: 64 (sun.arch.data.model)
13:35:11.945 [main] DEBUG io.netty.util.internal.PlatformDependent - -Dio.netty.maxDirectMemory: 11420041216 bytes
13:35:11.945 [main] DEBUG io.netty.util.internal.PlatformDependent - -Dio.netty.uninitializedArrayAllocationThreshold: -1
13:35:11.945 [main] DEBUG io.netty.util.internal.PlatformDependent - -Dio.netty.noPreferDirect: false
13:35:11.946 [main] DEBUG io.netty.util.internal.CleanerJava9 - java.nio.ByteBuffer.cleaner(): unavailable
java.lang.NoSuchMethodException: sun.misc.Unsafe.invokeCleaner(java.nio.ByteBuffer)
	at java.lang.Class.getDeclaredMethod(Class.java:2130)
	at io.netty.util.internal.CleanerJava9$1.run(CleanerJava9.java:45)
	at java.security.AccessController.doPrivileged(Native Method)
	at io.netty.util.internal.CleanerJava9.__STATIC_RESET(CleanerJava9.java:40)
	at sun.reflect.NativeMethodAccessorImpl.invoke0(Native Method)
	at sun.reflect.NativeMethodAccessorImpl.invoke(NativeMethodAccessorImpl.java:62)
	at sun.reflect.DelegatingMethodAccessorImpl.invoke(DelegatingMethodAccessorImpl.java:43)
	at java.lang.reflect.Method.invoke(Method.java:498)
	at org.evosuite.runtime.classhandling.ClassResetter.reset(ClassResetter.java:159)
	at org.evosuite.runtime.classhandling.ClassStateSupport.resetClasses(ClassStateSupport.java:137)
	at io.netty.handler.codec.http.multipart.AbstractDiskHttpData_ESTest_scaffolding.resetClasses(AbstractDiskHttpData_ESTest_scaffolding.java:318)
	at io.netty.handler.codec.http.multipart.AbstractDiskHttpData_ESTest_scaffolding.doneWithTestCase(AbstractDiskHttpData_ESTest_scaffolding.java:74)
	at sun.reflect.NativeMethodAccessorImpl.invoke0(Native Method)
	at sun.reflect.NativeMethodAccessorImpl.invoke(NativeMethodAccessorImpl.java:62)
	at sun.reflect.DelegatingMethodAccessorImpl.invoke(DelegatingMethodAccessorImpl.java:43)
	at java.lang.reflect.Method.invoke(Method.java:498)
	at org.junit.runners.model.FrameworkMethod$1.runReflectiveCall(FrameworkMethod.java:59)
	at org.junit.internal.runners.model.ReflectiveCallable.run(ReflectiveCallable.java:12)
	at org.junit.runners.model.FrameworkMethod.invokeExplosively(FrameworkMethod.java:56)
	at org.junit.internal.runners.statements.RunAfters.invokeMethod(RunAfters.java:46)
	at org.junit.internal.runners.statements.RunAfters.evaluate(RunAfters.java:33)
	at org.evosuite.runtime.vnet.NonFunctionalRequirementRule$1.evaluate(NonFunctionalRequirementRule.java:41)
	at org.junit.runners.ParentRunner$3.evaluate(ParentRunner.java:306)
	at org.junit.runners.BlockJUnit4ClassRunner$1.evaluate(BlockJUnit4ClassRunner.java:100)
	at org.junit.runners.ParentRunner.runLeaf(ParentRunner.java:366)
	at org.junit.runners.BlockJUnit4ClassRunner.runChild(BlockJUnit4ClassRunner.java:103)
	at org.junit.runners.BlockJUnit4ClassRunner.runChild(BlockJUnit4ClassRunner.java:63)
	at org.junit.runners.ParentRunner$4.run(ParentRunner.java:331)
	at org.junit.runners.ParentRunner$1.schedule(ParentRunner.java:79)
	at org.junit.runners.ParentRunner.runChildren(ParentRunner.java:329)
	at org.junit.runners.ParentRunner.access$100(ParentRunner.java:66)
	at org.junit.runners.ParentRunner$2.evaluate(ParentRunner.java:293)
	at org.junit.internal.runners.statements.RunBefores.evaluate(RunBefores.java:26)
	at org.junit.internal.runners.statements.RunAfters.evaluate(RunAfters.java:27)
	at org.junit.runners.ParentRunner$3.evaluate(ParentRunner.java:306)
	at org.junit.runners.ParentRunner.run(ParentRunner.java:413)
	at org.apache.maven.surefire.junit4.JUnit4Provider.execute(JUnit4Provider.java:316)
	at org.apache.maven.surefire.junit4.JUnit4Provider.executeWithRerun(JUnit4Provider.java:240)
	at org.apache.maven.surefire.junit4.JUnit4Provider.executeTestSet(JUnit4Provider.java:214)
	at org.apache.maven.surefire.junit4.JUnit4Provider.invoke(JUnit4Provider.java:155)
	at org.apache.maven.surefire.booter.ForkedBooter.runSuitesInProcess(ForkedBooter.java:385)
	at org.apache.maven.surefire.booter.ForkedBooter.execute(ForkedBooter.java:162)
	at org.apache.maven.surefire.booter.ForkedBooter.run(ForkedBooter.java:507)
	at org.apache.maven.surefire.booter.ForkedBooter.main(ForkedBooter.java:495)
13:35:11.947 [main] DEBUG io.netty.util.ResourceLeakDetector - -Dio.netty.leakDetection.level: simple
13:35:11.947 [main] DEBUG io.netty.util.ResourceLeakDetector - -Dio.netty.leakDetection.targetRecords: 4
13:35:11.948 [main] DEBUG io.netty.buffer.AbstractByteBuf - -Dio.netty.buffer.checkAccessible: true
13:35:11.948 [main] DEBUG io.netty.buffer.AbstractByteBuf - -Dio.netty.buffer.checkBounds: true
13:35:11.948 [main] DEBUG io.netty.util.ResourceLeakDetectorFactory - Loaded default ResourceLeakDetector: io.netty.util.ResourceLeakDetector@5
13:35:11.949 [main] DEBUG io.netty.util.internal.InternalThreadLocalMap - -Dio.netty.threadLocalMap.stringBuilder.initialSize: 1024
13:35:11.949 [main] DEBUG io.netty.util.internal.InternalThreadLocalMap - -Dio.netty.threadLocalMap.stringBuilder.maxSize: 4096
13:35:11.949 [main] DEBUG io.netty.buffer.PooledByteBufAllocator - -Dio.netty.allocator.numHeapArenas: 0
13:35:11.949 [main] DEBUG io.netty.buffer.PooledByteBufAllocator - -Dio.netty.allocator.numDirectArenas: 2
13:35:11.949 [main] DEBUG io.netty.buffer.PooledByteBufAllocator - -Dio.netty.allocator.pageSize: 8192
13:35:11.949 [main] DEBUG io.netty.buffer.PooledByteBufAllocator - -Dio.netty.allocator.maxOrder: 9
13:35:11.949 [main] DEBUG io.netty.buffer.PooledByteBufAllocator - -Dio.netty.allocator.chunkSize: 4194304
13:35:11.949 [main] DEBUG io.netty.buffer.PooledByteBufAllocator - -Dio.netty.allocator.smallCacheSize: 256
13:35:11.949 [main] DEBUG io.netty.buffer.PooledByteBufAllocator - -Dio.netty.allocator.normalCacheSize: 64
13:35:11.949 [main] DEBUG io.netty.buffer.PooledByteBufAllocator - -Dio.netty.allocator.maxCachedBufferCapacity: 32768
13:35:11.949 [main] DEBUG io.netty.buffer.PooledByteBufAllocator - -Dio.netty.allocator.cacheTrimInterval: 8192
13:35:11.949 [main] DEBUG io.netty.buffer.PooledByteBufAllocator - -Dio.netty.allocator.cacheTrimIntervalMillis: 0
13:35:11.949 [main] DEBUG io.netty.buffer.PooledByteBufAllocator - -Dio.netty.allocator.useCacheForAllThreads: false
13:35:11.949 [main] DEBUG io.netty.buffer.PooledByteBufAllocator - -Dio.netty.allocator.maxCachedByteBuffersPerChunk: 1023
13:35:11.950 [main] DEBUG io.netty.buffer.ByteBufUtil - -Dio.netty.allocator.type: pooled
13:35:11.950 [main] DEBUG io.netty.buffer.ByteBufUtil - -Dio.netty.threadLocalDirectBufferSize: 0
13:35:11.950 [main] DEBUG io.netty.buffer.ByteBufUtil - -Dio.netty.maxThreadLocalCharBufferSize: 16384
13:35:11.952 [main] DEBUG io.netty.util.Recycler - -Dio.netty.recycler.maxCapacityPerThread: 4096
13:35:11.952 [main] DEBUG io.netty.util.Recycler - -Dio.netty.recycler.ratio: 8
13:35:11.952 [main] DEBUG io.netty.util.Recycler - -Dio.netty.recycler.chunkSize: 32
13:35:11.952 [main] DEBUG io.netty.util.Recycler - -Dio.netty.recycler.blocking: false
13:35:11.952 [main] DEBUG io.netty.util.Recycler - -Dio.netty.recycler.batchFastThreadLocalOnly: true
13:35:11.952 [main] DEBUG io.netty.util.internal.PlatformDependent - org.jctools-core.MpscChunkedArrayQueue: available
]]></system-out>
  </testcase>
  <testcase name="test66" classname="io.netty.handler.codec.http.multipart.AbstractDiskHttpData_ESTest" time="0.05">
    <system-out><![CDATA[13:35:11.965 [main] DEBUG io.netty.util.internal.logging.InternalLoggerFactory - Using SLF4J as the default logging framework
13:35:11.965 [main] DEBUG io.netty.util.internal.PlatformDependent0 - -Dio.netty.noUnsafe: false
13:35:11.965 [main] DEBUG io.netty.util.internal.PlatformDependent0 - Java version: 8
13:35:11.965 [main] DEBUG io.netty.util.internal.PlatformDependent0 - sun.misc.Unsafe.theUnsafe: available
13:35:11.965 [main] DEBUG io.netty.util.internal.PlatformDependent0 - sun.misc.Unsafe.copyMemory: available
13:35:11.965 [main] DEBUG io.netty.util.internal.PlatformDependent0 - sun.misc.Unsafe.storeFence: available
13:35:11.966 [main] DEBUG io.netty.util.internal.PlatformDependent0 - java.nio.Buffer.address: available
13:35:11.966 [main] DEBUG io.netty.util.internal.PlatformDependent0 - direct buffer constructor: available
13:35:11.966 [main] DEBUG io.netty.util.internal.PlatformDependent0 - java.nio.Bits.unaligned: available, true
13:35:11.966 [main] DEBUG io.netty.util.internal.PlatformDependent0 - jdk.internal.misc.Unsafe.allocateUninitializedArray(int): unavailable prior to Java9
13:35:11.966 [main] DEBUG io.netty.util.internal.PlatformDependent0 - java.nio.DirectByteBuffer.<init>(long, {int,long}): available
13:35:11.966 [main] DEBUG io.netty.util.internal.CleanerJava6 - java.nio.ByteBuffer.cleaner(): available
13:35:11.966 [main] DEBUG io.netty.util.internal.PlatformDependent - sun.misc.Unsafe: available
13:35:11.967 [main] DEBUG io.netty.util.internal.PlatformDependent - -Dio.netty.tmpdir: /tmp (java.io.tmpdir)
13:35:11.967 [main] DEBUG io.netty.util.internal.PlatformDependent - -Dio.netty.bitMode: 64 (sun.arch.data.model)
13:35:11.967 [main] DEBUG io.netty.util.internal.PlatformDependent - -Dio.netty.maxDirectMemory: 11420041216 bytes
13:35:11.967 [main] DEBUG io.netty.util.internal.PlatformDependent - -Dio.netty.uninitializedArrayAllocationThreshold: -1
13:35:11.967 [main] DEBUG io.netty.util.internal.PlatformDependent - -Dio.netty.noPreferDirect: false
13:35:11.968 [main] DEBUG io.netty.util.internal.CleanerJava9 - java.nio.ByteBuffer.cleaner(): unavailable
java.lang.NoSuchMethodException: sun.misc.Unsafe.invokeCleaner(java.nio.ByteBuffer)
	at java.lang.Class.getDeclaredMethod(Class.java:2130)
	at io.netty.util.internal.CleanerJava9$1.run(CleanerJava9.java:45)
	at java.security.AccessController.doPrivileged(Native Method)
	at io.netty.util.internal.CleanerJava9.__STATIC_RESET(CleanerJava9.java:40)
	at sun.reflect.NativeMethodAccessorImpl.invoke0(Native Method)
	at sun.reflect.NativeMethodAccessorImpl.invoke(NativeMethodAccessorImpl.java:62)
	at sun.reflect.DelegatingMethodAccessorImpl.invoke(DelegatingMethodAccessorImpl.java:43)
	at java.lang.reflect.Method.invoke(Method.java:498)
	at org.evosuite.runtime.classhandling.ClassResetter.reset(ClassResetter.java:159)
	at org.evosuite.runtime.classhandling.ClassStateSupport.resetClasses(ClassStateSupport.java:137)
	at io.netty.handler.codec.http.multipart.AbstractDiskHttpData_ESTest_scaffolding.resetClasses(AbstractDiskHttpData_ESTest_scaffolding.java:318)
	at io.netty.handler.codec.http.multipart.AbstractDiskHttpData_ESTest_scaffolding.doneWithTestCase(AbstractDiskHttpData_ESTest_scaffolding.java:74)
	at sun.reflect.NativeMethodAccessorImpl.invoke0(Native Method)
	at sun.reflect.NativeMethodAccessorImpl.invoke(NativeMethodAccessorImpl.java:62)
	at sun.reflect.DelegatingMethodAccessorImpl.invoke(DelegatingMethodAccessorImpl.java:43)
	at java.lang.reflect.Method.invoke(Method.java:498)
	at org.junit.runners.model.FrameworkMethod$1.runReflectiveCall(FrameworkMethod.java:59)
	at org.junit.internal.runners.model.ReflectiveCallable.run(ReflectiveCallable.java:12)
	at org.junit.runners.model.FrameworkMethod.invokeExplosively(FrameworkMethod.java:56)
	at org.junit.internal.runners.statements.RunAfters.invokeMethod(RunAfters.java:46)
	at org.junit.internal.runners.statements.RunAfters.evaluate(RunAfters.java:33)
	at org.evosuite.runtime.vnet.NonFunctionalRequirementRule$1.evaluate(NonFunctionalRequirementRule.java:41)
	at org.junit.runners.ParentRunner$3.evaluate(ParentRunner.java:306)
	at org.junit.runners.BlockJUnit4ClassRunner$1.evaluate(BlockJUnit4ClassRunner.java:100)
	at org.junit.runners.ParentRunner.runLeaf(ParentRunner.java:366)
	at org.junit.runners.BlockJUnit4ClassRunner.runChild(BlockJUnit4ClassRunner.java:103)
	at org.junit.runners.BlockJUnit4ClassRunner.runChild(BlockJUnit4ClassRunner.java:63)
	at org.junit.runners.ParentRunner$4.run(ParentRunner.java:331)
	at org.junit.runners.ParentRunner$1.schedule(ParentRunner.java:79)
	at org.junit.runners.ParentRunner.runChildren(ParentRunner.java:329)
	at org.junit.runners.ParentRunner.access$100(ParentRunner.java:66)
	at org.junit.runners.ParentRunner$2.evaluate(ParentRunner.java:293)
	at org.junit.internal.runners.statements.RunBefores.evaluate(RunBefores.java:26)
	at org.junit.internal.runners.statements.RunAfters.evaluate(RunAfters.java:27)
	at org.junit.runners.ParentRunner$3.evaluate(ParentRunner.java:306)
	at org.junit.runners.ParentRunner.run(ParentRunner.java:413)
	at org.apache.maven.surefire.junit4.JUnit4Provider.execute(JUnit4Provider.java:316)
	at org.apache.maven.surefire.junit4.JUnit4Provider.executeWithRerun(JUnit4Provider.java:240)
	at org.apache.maven.surefire.junit4.JUnit4Provider.executeTestSet(JUnit4Provider.java:214)
	at org.apache.maven.surefire.junit4.JUnit4Provider.invoke(JUnit4Provider.java:155)
	at org.apache.maven.surefire.booter.ForkedBooter.runSuitesInProcess(ForkedBooter.java:385)
	at org.apache.maven.surefire.booter.ForkedBooter.execute(ForkedBooter.java:162)
	at org.apache.maven.surefire.booter.ForkedBooter.run(ForkedBooter.java:507)
	at org.apache.maven.surefire.booter.ForkedBooter.main(ForkedBooter.java:495)
13:35:11.969 [main] DEBUG io.netty.util.ResourceLeakDetector - -Dio.netty.leakDetection.level: simple
13:35:11.969 [main] DEBUG io.netty.util.ResourceLeakDetector - -Dio.netty.leakDetection.targetRecords: 4
13:35:11.969 [main] DEBUG io.netty.buffer.AbstractByteBuf - -Dio.netty.buffer.checkAccessible: true
13:35:11.970 [main] DEBUG io.netty.buffer.AbstractByteBuf - -Dio.netty.buffer.checkBounds: true
13:35:11.970 [main] DEBUG io.netty.util.ResourceLeakDetectorFactory - Loaded default ResourceLeakDetector: io.netty.util.ResourceLeakDetector@5
13:35:11.970 [main] DEBUG io.netty.util.internal.InternalThreadLocalMap - -Dio.netty.threadLocalMap.stringBuilder.initialSize: 1024
13:35:11.970 [main] DEBUG io.netty.util.internal.InternalThreadLocalMap - -Dio.netty.threadLocalMap.stringBuilder.maxSize: 4096
13:35:11.970 [main] DEBUG io.netty.buffer.PooledByteBufAllocator - -Dio.netty.allocator.numHeapArenas: 0
13:35:11.970 [main] DEBUG io.netty.buffer.PooledByteBufAllocator - -Dio.netty.allocator.numDirectArenas: 2
13:35:11.970 [main] DEBUG io.netty.buffer.PooledByteBufAllocator - -Dio.netty.allocator.pageSize: 8192
13:35:11.970 [main] DEBUG io.netty.buffer.PooledByteBufAllocator - -Dio.netty.allocator.maxOrder: 9
13:35:11.970 [main] DEBUG io.netty.buffer.PooledByteBufAllocator - -Dio.netty.allocator.chunkSize: 4194304
13:35:11.970 [main] DEBUG io.netty.buffer.PooledByteBufAllocator - -Dio.netty.allocator.smallCacheSize: 256
13:35:11.970 [main] DEBUG io.netty.buffer.PooledByteBufAllocator - -Dio.netty.allocator.normalCacheSize: 64
13:35:11.970 [main] DEBUG io.netty.buffer.PooledByteBufAllocator - -Dio.netty.allocator.maxCachedBufferCapacity: 32768
13:35:11.970 [main] DEBUG io.netty.buffer.PooledByteBufAllocator - -Dio.netty.allocator.cacheTrimInterval: 8192
13:35:11.970 [main] DEBUG io.netty.buffer.PooledByteBufAllocator - -Dio.netty.allocator.cacheTrimIntervalMillis: 0
13:35:11.970 [main] DEBUG io.netty.buffer.PooledByteBufAllocator - -Dio.netty.allocator.useCacheForAllThreads: false
13:35:11.970 [main] DEBUG io.netty.buffer.PooledByteBufAllocator - -Dio.netty.allocator.maxCachedByteBuffersPerChunk: 1023
13:35:11.971 [main] DEBUG io.netty.buffer.ByteBufUtil - -Dio.netty.allocator.type: pooled
13:35:11.971 [main] DEBUG io.netty.buffer.ByteBufUtil - -Dio.netty.threadLocalDirectBufferSize: 0
13:35:11.971 [main] DEBUG io.netty.buffer.ByteBufUtil - -Dio.netty.maxThreadLocalCharBufferSize: 16384
13:35:11.973 [main] DEBUG io.netty.util.Recycler - -Dio.netty.recycler.maxCapacityPerThread: 4096
13:35:11.973 [main] DEBUG io.netty.util.Recycler - -Dio.netty.recycler.ratio: 8
13:35:11.973 [main] DEBUG io.netty.util.Recycler - -Dio.netty.recycler.chunkSize: 32
13:35:11.973 [main] DEBUG io.netty.util.Recycler - -Dio.netty.recycler.blocking: false
13:35:11.973 [main] DEBUG io.netty.util.Recycler - -Dio.netty.recycler.batchFastThreadLocalOnly: true
13:35:11.973 [main] DEBUG io.netty.util.internal.PlatformDependent - org.jctools-core.MpscChunkedArrayQueue: available
]]></system-out>
  </testcase>
  <testcase name="test25" classname="io.netty.handler.codec.http.multipart.AbstractDiskHttpData_ESTest" time="0.046">
    <system-out><![CDATA[13:35:11.992 [main] DEBUG io.netty.util.internal.logging.InternalLoggerFactory - Using SLF4J as the default logging framework
13:35:11.992 [main] DEBUG io.netty.util.internal.PlatformDependent0 - -Dio.netty.noUnsafe: false
13:35:11.992 [main] DEBUG io.netty.util.internal.PlatformDependent0 - Java version: 8
13:35:11.992 [main] DEBUG io.netty.util.internal.PlatformDependent0 - sun.misc.Unsafe.theUnsafe: available
13:35:11.992 [main] DEBUG io.netty.util.internal.PlatformDependent0 - sun.misc.Unsafe.copyMemory: available
13:35:11.992 [main] DEBUG io.netty.util.internal.PlatformDependent0 - sun.misc.Unsafe.storeFence: available
13:35:11.992 [main] DEBUG io.netty.util.internal.PlatformDependent0 - java.nio.Buffer.address: available
13:35:11.993 [main] DEBUG io.netty.util.internal.PlatformDependent0 - direct buffer constructor: available
13:35:11.993 [main] DEBUG io.netty.util.internal.PlatformDependent0 - java.nio.Bits.unaligned: available, true
13:35:11.993 [main] DEBUG io.netty.util.internal.PlatformDependent0 - jdk.internal.misc.Unsafe.allocateUninitializedArray(int): unavailable prior to Java9
13:35:11.993 [main] DEBUG io.netty.util.internal.PlatformDependent0 - java.nio.DirectByteBuffer.<init>(long, {int,long}): available
13:35:11.993 [main] DEBUG io.netty.util.internal.CleanerJava6 - java.nio.ByteBuffer.cleaner(): available
13:35:11.993 [main] DEBUG io.netty.util.internal.PlatformDependent - sun.misc.Unsafe: available
13:35:11.993 [main] DEBUG io.netty.util.internal.PlatformDependent - -Dio.netty.tmpdir: /tmp (java.io.tmpdir)
13:35:11.993 [main] DEBUG io.netty.util.internal.PlatformDependent - -Dio.netty.bitMode: 64 (sun.arch.data.model)
13:35:11.993 [main] DEBUG io.netty.util.internal.PlatformDependent - -Dio.netty.maxDirectMemory: 11420041216 bytes
13:35:11.993 [main] DEBUG io.netty.util.internal.PlatformDependent - -Dio.netty.uninitializedArrayAllocationThreshold: -1
13:35:11.993 [main] DEBUG io.netty.util.internal.PlatformDependent - -Dio.netty.noPreferDirect: false
13:35:11.994 [main] DEBUG io.netty.util.internal.CleanerJava9 - java.nio.ByteBuffer.cleaner(): unavailable
java.lang.NoSuchMethodException: sun.misc.Unsafe.invokeCleaner(java.nio.ByteBuffer)
	at java.lang.Class.getDeclaredMethod(Class.java:2130)
	at io.netty.util.internal.CleanerJava9$1.run(CleanerJava9.java:45)
	at java.security.AccessController.doPrivileged(Native Method)
	at io.netty.util.internal.CleanerJava9.__STATIC_RESET(CleanerJava9.java:40)
	at sun.reflect.NativeMethodAccessorImpl.invoke0(Native Method)
	at sun.reflect.NativeMethodAccessorImpl.invoke(NativeMethodAccessorImpl.java:62)
	at sun.reflect.DelegatingMethodAccessorImpl.invoke(DelegatingMethodAccessorImpl.java:43)
	at java.lang.reflect.Method.invoke(Method.java:498)
	at org.evosuite.runtime.classhandling.ClassResetter.reset(ClassResetter.java:159)
	at org.evosuite.runtime.classhandling.ClassStateSupport.resetClasses(ClassStateSupport.java:137)
	at io.netty.handler.codec.http.multipart.AbstractDiskHttpData_ESTest_scaffolding.resetClasses(AbstractDiskHttpData_ESTest_scaffolding.java:318)
	at io.netty.handler.codec.http.multipart.AbstractDiskHttpData_ESTest_scaffolding.doneWithTestCase(AbstractDiskHttpData_ESTest_scaffolding.java:74)
	at sun.reflect.NativeMethodAccessorImpl.invoke0(Native Method)
	at sun.reflect.NativeMethodAccessorImpl.invoke(NativeMethodAccessorImpl.java:62)
	at sun.reflect.DelegatingMethodAccessorImpl.invoke(DelegatingMethodAccessorImpl.java:43)
	at java.lang.reflect.Method.invoke(Method.java:498)
	at org.junit.runners.model.FrameworkMethod$1.runReflectiveCall(FrameworkMethod.java:59)
	at org.junit.internal.runners.model.ReflectiveCallable.run(ReflectiveCallable.java:12)
	at org.junit.runners.model.FrameworkMethod.invokeExplosively(FrameworkMethod.java:56)
	at org.junit.internal.runners.statements.RunAfters.invokeMethod(RunAfters.java:46)
	at org.junit.internal.runners.statements.RunAfters.evaluate(RunAfters.java:33)
	at org.evosuite.runtime.vnet.NonFunctionalRequirementRule$1.evaluate(NonFunctionalRequirementRule.java:41)
	at org.junit.runners.ParentRunner$3.evaluate(ParentRunner.java:306)
	at org.junit.runners.BlockJUnit4ClassRunner$1.evaluate(BlockJUnit4ClassRunner.java:100)
	at org.junit.runners.ParentRunner.runLeaf(ParentRunner.java:366)
	at org.junit.runners.BlockJUnit4ClassRunner.runChild(BlockJUnit4ClassRunner.java:103)
	at org.junit.runners.BlockJUnit4ClassRunner.runChild(BlockJUnit4ClassRunner.java:63)
	at org.junit.runners.ParentRunner$4.run(ParentRunner.java:331)
	at org.junit.runners.ParentRunner$1.schedule(ParentRunner.java:79)
	at org.junit.runners.ParentRunner.runChildren(ParentRunner.java:329)
	at org.junit.runners.ParentRunner.access$100(ParentRunner.java:66)
	at org.junit.runners.ParentRunner$2.evaluate(ParentRunner.java:293)
	at org.junit.internal.runners.statements.RunBefores.evaluate(RunBefores.java:26)
	at org.junit.internal.runners.statements.RunAfters.evaluate(RunAfters.java:27)
	at org.junit.runners.ParentRunner$3.evaluate(ParentRunner.java:306)
	at org.junit.runners.ParentRunner.run(ParentRunner.java:413)
	at org.apache.maven.surefire.junit4.JUnit4Provider.execute(JUnit4Provider.java:316)
	at org.apache.maven.surefire.junit4.JUnit4Provider.executeWithRerun(JUnit4Provider.java:240)
	at org.apache.maven.surefire.junit4.JUnit4Provider.executeTestSet(JUnit4Provider.java:214)
	at org.apache.maven.surefire.junit4.JUnit4Provider.invoke(JUnit4Provider.java:155)
	at org.apache.maven.surefire.booter.ForkedBooter.runSuitesInProcess(ForkedBooter.java:385)
	at org.apache.maven.surefire.booter.ForkedBooter.execute(ForkedBooter.java:162)
	at org.apache.maven.surefire.booter.ForkedBooter.run(ForkedBooter.java:507)
	at org.apache.maven.surefire.booter.ForkedBooter.main(ForkedBooter.java:495)
13:35:11.995 [main] DEBUG io.netty.util.ResourceLeakDetector - -Dio.netty.leakDetection.level: simple
13:35:11.995 [main] DEBUG io.netty.util.ResourceLeakDetector - -Dio.netty.leakDetection.targetRecords: 4
13:35:11.996 [main] DEBUG io.netty.buffer.AbstractByteBuf - -Dio.netty.buffer.checkAccessible: true
13:35:11.996 [main] DEBUG io.netty.buffer.AbstractByteBuf - -Dio.netty.buffer.checkBounds: true
13:35:11.996 [main] DEBUG io.netty.util.ResourceLeakDetectorFactory - Loaded default ResourceLeakDetector: io.netty.util.ResourceLeakDetector@5
13:35:11.996 [main] DEBUG io.netty.util.internal.InternalThreadLocalMap - -Dio.netty.threadLocalMap.stringBuilder.initialSize: 1024
13:35:11.996 [main] DEBUG io.netty.util.internal.InternalThreadLocalMap - -Dio.netty.threadLocalMap.stringBuilder.maxSize: 4096
13:35:11.996 [main] DEBUG io.netty.buffer.PooledByteBufAllocator - -Dio.netty.allocator.numHeapArenas: 0
13:35:11.996 [main] DEBUG io.netty.buffer.PooledByteBufAllocator - -Dio.netty.allocator.numDirectArenas: 2
13:35:11.996 [main] DEBUG io.netty.buffer.PooledByteBufAllocator - -Dio.netty.allocator.pageSize: 8192
13:35:11.996 [main] DEBUG io.netty.buffer.PooledByteBufAllocator - -Dio.netty.allocator.maxOrder: 9
13:35:11.996 [main] DEBUG io.netty.buffer.PooledByteBufAllocator - -Dio.netty.allocator.chunkSize: 4194304
13:35:11.996 [main] DEBUG io.netty.buffer.PooledByteBufAllocator - -Dio.netty.allocator.smallCacheSize: 256
13:35:11.996 [main] DEBUG io.netty.buffer.PooledByteBufAllocator - -Dio.netty.allocator.normalCacheSize: 64
13:35:11.996 [main] DEBUG io.netty.buffer.PooledByteBufAllocator - -Dio.netty.allocator.maxCachedBufferCapacity: 32768
13:35:11.996 [main] DEBUG io.netty.buffer.PooledByteBufAllocator - -Dio.netty.allocator.cacheTrimInterval: 8192
13:35:11.996 [main] DEBUG io.netty.buffer.PooledByteBufAllocator - -Dio.netty.allocator.cacheTrimIntervalMillis: 0
13:35:11.996 [main] DEBUG io.netty.buffer.PooledByteBufAllocator - -Dio.netty.allocator.useCacheForAllThreads: false
13:35:11.996 [main] DEBUG io.netty.buffer.PooledByteBufAllocator - -Dio.netty.allocator.maxCachedByteBuffersPerChunk: 1023
13:35:11.997 [main] DEBUG io.netty.buffer.ByteBufUtil - -Dio.netty.allocator.type: pooled
13:35:11.997 [main] DEBUG io.netty.buffer.ByteBufUtil - -Dio.netty.threadLocalDirectBufferSize: 0
13:35:11.997 [main] DEBUG io.netty.buffer.ByteBufUtil - -Dio.netty.maxThreadLocalCharBufferSize: 16384
13:35:11.999 [main] DEBUG io.netty.util.Recycler - -Dio.netty.recycler.maxCapacityPerThread: 4096
13:35:11.999 [main] DEBUG io.netty.util.Recycler - -Dio.netty.recycler.ratio: 8
13:35:11.999 [main] DEBUG io.netty.util.Recycler - -Dio.netty.recycler.chunkSize: 32
13:35:11.999 [main] DEBUG io.netty.util.Recycler - -Dio.netty.recycler.blocking: false
13:35:11.999 [main] DEBUG io.netty.util.Recycler - -Dio.netty.recycler.batchFastThreadLocalOnly: true
13:35:11.999 [main] DEBUG io.netty.util.internal.PlatformDependent - org.jctools-core.MpscChunkedArrayQueue: available
]]></system-out>
  </testcase>
  <testcase name="test24" classname="io.netty.handler.codec.http.multipart.AbstractDiskHttpData_ESTest" time="0.118">
    <system-out><![CDATA[13:35:12.011 [main] DEBUG io.netty.util.internal.logging.InternalLoggerFactory - Using SLF4J as the default logging framework
13:35:12.011 [main] DEBUG io.netty.util.internal.PlatformDependent0 - -Dio.netty.noUnsafe: false
13:35:12.011 [main] DEBUG io.netty.util.internal.PlatformDependent0 - Java version: 8
13:35:12.011 [main] DEBUG io.netty.util.internal.PlatformDependent0 - sun.misc.Unsafe.theUnsafe: available
13:35:12.012 [main] DEBUG io.netty.util.internal.PlatformDependent0 - sun.misc.Unsafe.copyMemory: available
13:35:12.012 [main] DEBUG io.netty.util.internal.PlatformDependent0 - sun.misc.Unsafe.storeFence: available
13:35:12.012 [main] DEBUG io.netty.util.internal.PlatformDependent0 - java.nio.Buffer.address: available
13:35:12.012 [main] DEBUG io.netty.util.internal.PlatformDependent0 - direct buffer constructor: available
13:35:12.012 [main] DEBUG io.netty.util.internal.PlatformDependent0 - java.nio.Bits.unaligned: available, true
13:35:12.012 [main] DEBUG io.netty.util.internal.PlatformDependent0 - jdk.internal.misc.Unsafe.allocateUninitializedArray(int): unavailable prior to Java9
13:35:12.012 [main] DEBUG io.netty.util.internal.PlatformDependent0 - java.nio.DirectByteBuffer.<init>(long, {int,long}): available
13:35:12.012 [main] DEBUG io.netty.util.internal.CleanerJava6 - java.nio.ByteBuffer.cleaner(): available
13:35:12.012 [main] DEBUG io.netty.util.internal.PlatformDependent - sun.misc.Unsafe: available
13:35:12.012 [main] DEBUG io.netty.util.internal.PlatformDependent - -Dio.netty.tmpdir: /tmp (java.io.tmpdir)
13:35:12.012 [main] DEBUG io.netty.util.internal.PlatformDependent - -Dio.netty.bitMode: 64 (sun.arch.data.model)
13:35:12.013 [main] DEBUG io.netty.util.internal.PlatformDependent - -Dio.netty.maxDirectMemory: 11420041216 bytes
13:35:12.013 [main] DEBUG io.netty.util.internal.PlatformDependent - -Dio.netty.uninitializedArrayAllocationThreshold: -1
13:35:12.013 [main] DEBUG io.netty.util.internal.PlatformDependent - -Dio.netty.noPreferDirect: false
13:35:12.013 [main] DEBUG io.netty.util.internal.CleanerJava9 - java.nio.ByteBuffer.cleaner(): unavailable
java.lang.NoSuchMethodException: sun.misc.Unsafe.invokeCleaner(java.nio.ByteBuffer)
	at java.lang.Class.getDeclaredMethod(Class.java:2130)
	at io.netty.util.internal.CleanerJava9$1.run(CleanerJava9.java:45)
	at java.security.AccessController.doPrivileged(Native Method)
	at io.netty.util.internal.CleanerJava9.__STATIC_RESET(CleanerJava9.java:40)
	at sun.reflect.NativeMethodAccessorImpl.invoke0(Native Method)
	at sun.reflect.NativeMethodAccessorImpl.invoke(NativeMethodAccessorImpl.java:62)
	at sun.reflect.DelegatingMethodAccessorImpl.invoke(DelegatingMethodAccessorImpl.java:43)
	at java.lang.reflect.Method.invoke(Method.java:498)
	at org.evosuite.runtime.classhandling.ClassResetter.reset(ClassResetter.java:159)
	at org.evosuite.runtime.classhandling.ClassStateSupport.resetClasses(ClassStateSupport.java:137)
	at io.netty.handler.codec.http.multipart.AbstractDiskHttpData_ESTest_scaffolding.resetClasses(AbstractDiskHttpData_ESTest_scaffolding.java:318)
	at io.netty.handler.codec.http.multipart.AbstractDiskHttpData_ESTest_scaffolding.doneWithTestCase(AbstractDiskHttpData_ESTest_scaffolding.java:74)
	at sun.reflect.NativeMethodAccessorImpl.invoke0(Native Method)
	at sun.reflect.NativeMethodAccessorImpl.invoke(NativeMethodAccessorImpl.java:62)
	at sun.reflect.DelegatingMethodAccessorImpl.invoke(DelegatingMethodAccessorImpl.java:43)
	at java.lang.reflect.Method.invoke(Method.java:498)
	at org.junit.runners.model.FrameworkMethod$1.runReflectiveCall(FrameworkMethod.java:59)
	at org.junit.internal.runners.model.ReflectiveCallable.run(ReflectiveCallable.java:12)
	at org.junit.runners.model.FrameworkMethod.invokeExplosively(FrameworkMethod.java:56)
	at org.junit.internal.runners.statements.RunAfters.invokeMethod(RunAfters.java:46)
	at org.junit.internal.runners.statements.RunAfters.evaluate(RunAfters.java:33)
	at org.evosuite.runtime.vnet.NonFunctionalRequirementRule$1.evaluate(NonFunctionalRequirementRule.java:41)
	at org.junit.runners.ParentRunner$3.evaluate(ParentRunner.java:306)
	at org.junit.runners.BlockJUnit4ClassRunner$1.evaluate(BlockJUnit4ClassRunner.java:100)
	at org.junit.runners.ParentRunner.runLeaf(ParentRunner.java:366)
	at org.junit.runners.BlockJUnit4ClassRunner.runChild(BlockJUnit4ClassRunner.java:103)
	at org.junit.runners.BlockJUnit4ClassRunner.runChild(BlockJUnit4ClassRunner.java:63)
	at org.junit.runners.ParentRunner$4.run(ParentRunner.java:331)
	at org.junit.runners.ParentRunner$1.schedule(ParentRunner.java:79)
	at org.junit.runners.ParentRunner.runChildren(ParentRunner.java:329)
	at org.junit.runners.ParentRunner.access$100(ParentRunner.java:66)
	at org.junit.runners.ParentRunner$2.evaluate(ParentRunner.java:293)
	at org.junit.internal.runners.statements.RunBefores.evaluate(RunBefores.java:26)
	at org.junit.internal.runners.statements.RunAfters.evaluate(RunAfters.java:27)
	at org.junit.runners.ParentRunner$3.evaluate(ParentRunner.java:306)
	at org.junit.runners.ParentRunner.run(ParentRunner.java:413)
	at org.apache.maven.surefire.junit4.JUnit4Provider.execute(JUnit4Provider.java:316)
	at org.apache.maven.surefire.junit4.JUnit4Provider.executeWithRerun(JUnit4Provider.java:240)
	at org.apache.maven.surefire.junit4.JUnit4Provider.executeTestSet(JUnit4Provider.java:214)
	at org.apache.maven.surefire.junit4.JUnit4Provider.invoke(JUnit4Provider.java:155)
	at org.apache.maven.surefire.booter.ForkedBooter.runSuitesInProcess(ForkedBooter.java:385)
	at org.apache.maven.surefire.booter.ForkedBooter.execute(ForkedBooter.java:162)
	at org.apache.maven.surefire.booter.ForkedBooter.run(ForkedBooter.java:507)
	at org.apache.maven.surefire.booter.ForkedBooter.main(ForkedBooter.java:495)
13:35:12.014 [main] DEBUG io.netty.util.ResourceLeakDetector - -Dio.netty.leakDetection.level: simple
13:35:12.014 [main] DEBUG io.netty.util.ResourceLeakDetector - -Dio.netty.leakDetection.targetRecords: 4
13:35:12.015 [main] DEBUG io.netty.buffer.AbstractByteBuf - -Dio.netty.buffer.checkAccessible: true
13:35:12.015 [main] DEBUG io.netty.buffer.AbstractByteBuf - -Dio.netty.buffer.checkBounds: true
13:35:12.015 [main] DEBUG io.netty.util.ResourceLeakDetectorFactory - Loaded default ResourceLeakDetector: io.netty.util.ResourceLeakDetector@5
13:35:12.016 [main] DEBUG io.netty.util.internal.InternalThreadLocalMap - -Dio.netty.threadLocalMap.stringBuilder.initialSize: 1024
13:35:12.016 [main] DEBUG io.netty.util.internal.InternalThreadLocalMap - -Dio.netty.threadLocalMap.stringBuilder.maxSize: 4096
13:35:12.016 [main] DEBUG io.netty.buffer.PooledByteBufAllocator - -Dio.netty.allocator.numHeapArenas: 0
13:35:12.016 [main] DEBUG io.netty.buffer.PooledByteBufAllocator - -Dio.netty.allocator.numDirectArenas: 2
13:35:12.016 [main] DEBUG io.netty.buffer.PooledByteBufAllocator - -Dio.netty.allocator.pageSize: 8192
13:35:12.016 [main] DEBUG io.netty.buffer.PooledByteBufAllocator - -Dio.netty.allocator.maxOrder: 9
13:35:12.016 [main] DEBUG io.netty.buffer.PooledByteBufAllocator - -Dio.netty.allocator.chunkSize: 4194304
13:35:12.016 [main] DEBUG io.netty.buffer.PooledByteBufAllocator - -Dio.netty.allocator.smallCacheSize: 256
13:35:12.016 [main] DEBUG io.netty.buffer.PooledByteBufAllocator - -Dio.netty.allocator.normalCacheSize: 64
13:35:12.016 [main] DEBUG io.netty.buffer.PooledByteBufAllocator - -Dio.netty.allocator.maxCachedBufferCapacity: 32768
13:35:12.016 [main] DEBUG io.netty.buffer.PooledByteBufAllocator - -Dio.netty.allocator.cacheTrimInterval: 8192
13:35:12.016 [main] DEBUG io.netty.buffer.PooledByteBufAllocator - -Dio.netty.allocator.cacheTrimIntervalMillis: 0
13:35:12.016 [main] DEBUG io.netty.buffer.PooledByteBufAllocator - -Dio.netty.allocator.useCacheForAllThreads: false
13:35:12.016 [main] DEBUG io.netty.buffer.PooledByteBufAllocator - -Dio.netty.allocator.maxCachedByteBuffersPerChunk: 1023
13:35:12.017 [main] DEBUG io.netty.buffer.ByteBufUtil - -Dio.netty.allocator.type: pooled
13:35:12.017 [main] DEBUG io.netty.buffer.ByteBufUtil - -Dio.netty.threadLocalDirectBufferSize: 0
13:35:12.017 [main] DEBUG io.netty.buffer.ByteBufUtil - -Dio.netty.maxThreadLocalCharBufferSize: 16384
13:35:12.018 [main] DEBUG io.netty.util.Recycler - -Dio.netty.recycler.maxCapacityPerThread: 4096
13:35:12.018 [main] DEBUG io.netty.util.Recycler - -Dio.netty.recycler.ratio: 8
13:35:12.018 [main] DEBUG io.netty.util.Recycler - -Dio.netty.recycler.chunkSize: 32
13:35:12.018 [main] DEBUG io.netty.util.Recycler - -Dio.netty.recycler.blocking: false
13:35:12.018 [main] DEBUG io.netty.util.Recycler - -Dio.netty.recycler.batchFastThreadLocalOnly: true
13:35:12.018 [main] DEBUG io.netty.util.internal.PlatformDependent - org.jctools-core.MpscChunkedArrayQueue: available
]]></system-out>
  </testcase>
  <testcase name="test27" classname="io.netty.handler.codec.http.multipart.AbstractDiskHttpData_ESTest" time="0.062">
    <system-out><![CDATA[13:35:12.030 [main] INFO org.evosuite.runtime.thread.ThreadStopper - Found new thread
13:35:12.030 [main] DEBUG io.netty.util.internal.logging.InternalLoggerFactory - Using SLF4J as the default logging framework
13:35:12.031 [main] DEBUG io.netty.util.internal.PlatformDependent0 - -Dio.netty.noUnsafe: false
13:35:12.031 [main] DEBUG io.netty.util.internal.PlatformDependent0 - Java version: 8
13:35:12.031 [main] DEBUG io.netty.util.internal.PlatformDependent0 - sun.misc.Unsafe.theUnsafe: available
13:35:12.031 [main] DEBUG io.netty.util.internal.PlatformDependent0 - sun.misc.Unsafe.copyMemory: available
13:35:12.031 [main] DEBUG io.netty.util.internal.PlatformDependent0 - sun.misc.Unsafe.storeFence: available
13:35:12.031 [main] DEBUG io.netty.util.internal.PlatformDependent0 - java.nio.Buffer.address: available
13:35:12.032 [main] DEBUG io.netty.util.internal.PlatformDependent0 - direct buffer constructor: available
13:35:12.032 [main] DEBUG io.netty.util.internal.PlatformDependent0 - java.nio.Bits.unaligned: available, true
13:35:12.032 [main] DEBUG io.netty.util.internal.PlatformDependent0 - jdk.internal.misc.Unsafe.allocateUninitializedArray(int): unavailable prior to Java9
13:35:12.032 [main] DEBUG io.netty.util.internal.PlatformDependent0 - java.nio.DirectByteBuffer.<init>(long, {int,long}): available
13:35:12.033 [main] DEBUG io.netty.util.internal.CleanerJava6 - java.nio.ByteBuffer.cleaner(): available
13:35:12.033 [main] DEBUG io.netty.util.internal.PlatformDependent - sun.misc.Unsafe: available
13:35:12.034 [main] DEBUG io.netty.util.internal.PlatformDependent - -Dio.netty.tmpdir: /tmp (java.io.tmpdir)
13:35:12.034 [main] DEBUG io.netty.util.internal.PlatformDependent - -Dio.netty.bitMode: 64 (sun.arch.data.model)
13:35:12.034 [main] DEBUG io.netty.util.internal.PlatformDependent - -Dio.netty.maxDirectMemory: 11420041216 bytes
13:35:12.034 [main] DEBUG io.netty.util.internal.PlatformDependent - -Dio.netty.uninitializedArrayAllocationThreshold: -1
13:35:12.034 [main] DEBUG io.netty.util.internal.PlatformDependent - -Dio.netty.noPreferDirect: false
13:35:12.037 [main] DEBUG io.netty.util.internal.CleanerJava9 - java.nio.ByteBuffer.cleaner(): unavailable
java.lang.NoSuchMethodException: sun.misc.Unsafe.invokeCleaner(java.nio.ByteBuffer)
	at java.lang.Class.getDeclaredMethod(Class.java:2130)
	at io.netty.util.internal.CleanerJava9$1.run(CleanerJava9.java:45)
	at java.security.AccessController.doPrivileged(Native Method)
	at io.netty.util.internal.CleanerJava9.__STATIC_RESET(CleanerJava9.java:40)
	at sun.reflect.NativeMethodAccessorImpl.invoke0(Native Method)
	at sun.reflect.NativeMethodAccessorImpl.invoke(NativeMethodAccessorImpl.java:62)
	at sun.reflect.DelegatingMethodAccessorImpl.invoke(DelegatingMethodAccessorImpl.java:43)
	at java.lang.reflect.Method.invoke(Method.java:498)
	at org.evosuite.runtime.classhandling.ClassResetter.reset(ClassResetter.java:159)
	at org.evosuite.runtime.classhandling.ClassStateSupport.resetClasses(ClassStateSupport.java:137)
	at io.netty.handler.codec.http.multipart.AbstractDiskHttpData_ESTest_scaffolding.resetClasses(AbstractDiskHttpData_ESTest_scaffolding.java:318)
	at io.netty.handler.codec.http.multipart.AbstractDiskHttpData_ESTest_scaffolding.doneWithTestCase(AbstractDiskHttpData_ESTest_scaffolding.java:74)
	at sun.reflect.NativeMethodAccessorImpl.invoke0(Native Method)
	at sun.reflect.NativeMethodAccessorImpl.invoke(NativeMethodAccessorImpl.java:62)
	at sun.reflect.DelegatingMethodAccessorImpl.invoke(DelegatingMethodAccessorImpl.java:43)
	at java.lang.reflect.Method.invoke(Method.java:498)
	at org.junit.runners.model.FrameworkMethod$1.runReflectiveCall(FrameworkMethod.java:59)
	at org.junit.internal.runners.model.ReflectiveCallable.run(ReflectiveCallable.java:12)
	at org.junit.runners.model.FrameworkMethod.invokeExplosively(FrameworkMethod.java:56)
	at org.junit.internal.runners.statements.RunAfters.invokeMethod(RunAfters.java:46)
	at org.junit.internal.runners.statements.RunAfters.evaluate(RunAfters.java:33)
	at org.evosuite.runtime.vnet.NonFunctionalRequirementRule$1.evaluate(NonFunctionalRequirementRule.java:41)
	at org.junit.runners.ParentRunner$3.evaluate(ParentRunner.java:306)
	at org.junit.runners.BlockJUnit4ClassRunner$1.evaluate(BlockJUnit4ClassRunner.java:100)
	at org.junit.runners.ParentRunner.runLeaf(ParentRunner.java:366)
	at org.junit.runners.BlockJUnit4ClassRunner.runChild(BlockJUnit4ClassRunner.java:103)
	at org.junit.runners.BlockJUnit4ClassRunner.runChild(BlockJUnit4ClassRunner.java:63)
	at org.junit.runners.ParentRunner$4.run(ParentRunner.java:331)
	at org.junit.runners.ParentRunner$1.schedule(ParentRunner.java:79)
	at org.junit.runners.ParentRunner.runChildren(ParentRunner.java:329)
	at org.junit.runners.ParentRunner.access$100(ParentRunner.java:66)
	at org.junit.runners.ParentRunner$2.evaluate(ParentRunner.java:293)
	at org.junit.internal.runners.statements.RunBefores.evaluate(RunBefores.java:26)
	at org.junit.internal.runners.statements.RunAfters.evaluate(RunAfters.java:27)
	at org.junit.runners.ParentRunner$3.evaluate(ParentRunner.java:306)
	at org.junit.runners.ParentRunner.run(ParentRunner.java:413)
	at org.apache.maven.surefire.junit4.JUnit4Provider.execute(JUnit4Provider.java:316)
	at org.apache.maven.surefire.junit4.JUnit4Provider.executeWithRerun(JUnit4Provider.java:240)
	at org.apache.maven.surefire.junit4.JUnit4Provider.executeTestSet(JUnit4Provider.java:214)
	at org.apache.maven.surefire.junit4.JUnit4Provider.invoke(JUnit4Provider.java:155)
	at org.apache.maven.surefire.booter.ForkedBooter.runSuitesInProcess(ForkedBooter.java:385)
	at org.apache.maven.surefire.booter.ForkedBooter.execute(ForkedBooter.java:162)
	at org.apache.maven.surefire.booter.ForkedBooter.run(ForkedBooter.java:507)
	at org.apache.maven.surefire.booter.ForkedBooter.main(ForkedBooter.java:495)
13:35:12.037 [main] DEBUG io.netty.util.ResourceLeakDetector - -Dio.netty.leakDetection.level: simple
13:35:12.037 [main] DEBUG io.netty.util.ResourceLeakDetector - -Dio.netty.leakDetection.targetRecords: 4
13:35:12.038 [main] DEBUG io.netty.buffer.AbstractByteBuf - -Dio.netty.buffer.checkAccessible: true
13:35:12.038 [main] DEBUG io.netty.buffer.AbstractByteBuf - -Dio.netty.buffer.checkBounds: true
13:35:12.039 [main] DEBUG io.netty.util.ResourceLeakDetectorFactory - Loaded default ResourceLeakDetector: io.netty.util.ResourceLeakDetector@5
13:35:12.039 [main] DEBUG io.netty.util.internal.InternalThreadLocalMap - -Dio.netty.threadLocalMap.stringBuilder.initialSize: 1024
13:35:12.039 [main] DEBUG io.netty.util.internal.InternalThreadLocalMap - -Dio.netty.threadLocalMap.stringBuilder.maxSize: 4096
13:35:12.039 [main] DEBUG io.netty.buffer.PooledByteBufAllocator - -Dio.netty.allocator.numHeapArenas: 0
13:35:12.039 [main] DEBUG io.netty.buffer.PooledByteBufAllocator - -Dio.netty.allocator.numDirectArenas: 2
13:35:12.039 [main] DEBUG io.netty.buffer.PooledByteBufAllocator - -Dio.netty.allocator.pageSize: 8192
13:35:12.039 [main] DEBUG io.netty.buffer.PooledByteBufAllocator - -Dio.netty.allocator.maxOrder: 9
13:35:12.039 [main] DEBUG io.netty.buffer.PooledByteBufAllocator - -Dio.netty.allocator.chunkSize: 4194304
13:35:12.039 [main] DEBUG io.netty.buffer.PooledByteBufAllocator - -Dio.netty.allocator.smallCacheSize: 256
13:35:12.039 [main] DEBUG io.netty.buffer.PooledByteBufAllocator - -Dio.netty.allocator.normalCacheSize: 64
13:35:12.039 [main] DEBUG io.netty.buffer.PooledByteBufAllocator - -Dio.netty.allocator.maxCachedBufferCapacity: 32768
13:35:12.039 [main] DEBUG io.netty.buffer.PooledByteBufAllocator - -Dio.netty.allocator.cacheTrimInterval: 8192
13:35:12.039 [main] DEBUG io.netty.buffer.PooledByteBufAllocator - -Dio.netty.allocator.cacheTrimIntervalMillis: 0
13:35:12.039 [main] DEBUG io.netty.buffer.PooledByteBufAllocator - -Dio.netty.allocator.useCacheForAllThreads: false
13:35:12.039 [main] DEBUG io.netty.buffer.PooledByteBufAllocator - -Dio.netty.allocator.maxCachedByteBuffersPerChunk: 1023
13:35:12.040 [main] DEBUG io.netty.buffer.ByteBufUtil - -Dio.netty.allocator.type: pooled
13:35:12.040 [main] DEBUG io.netty.buffer.ByteBufUtil - -Dio.netty.threadLocalDirectBufferSize: 0
13:35:12.040 [main] DEBUG io.netty.buffer.ByteBufUtil - -Dio.netty.maxThreadLocalCharBufferSize: 16384
13:35:12.041 [main] DEBUG io.netty.util.Recycler - -Dio.netty.recycler.maxCapacityPerThread: 4096
13:35:12.041 [main] DEBUG io.netty.util.Recycler - -Dio.netty.recycler.ratio: 8
13:35:12.041 [main] DEBUG io.netty.util.Recycler - -Dio.netty.recycler.chunkSize: 32
13:35:12.041 [main] DEBUG io.netty.util.Recycler - -Dio.netty.recycler.blocking: false
13:35:12.041 [main] DEBUG io.netty.util.Recycler - -Dio.netty.recycler.batchFastThreadLocalOnly: true
13:35:12.042 [main] DEBUG io.netty.util.internal.PlatformDependent - org.jctools-core.MpscChunkedArrayQueue: available
]]></system-out>
  </testcase>
  <testcase name="test26" classname="io.netty.handler.codec.http.multipart.AbstractDiskHttpData_ESTest" time="0.048">
    <system-out><![CDATA[13:35:12.058 [main] DEBUG io.netty.util.internal.logging.InternalLoggerFactory - Using SLF4J as the default logging framework
13:35:12.059 [main] DEBUG io.netty.util.internal.PlatformDependent0 - -Dio.netty.noUnsafe: false
13:35:12.059 [main] DEBUG io.netty.util.internal.PlatformDependent0 - Java version: 8
13:35:12.059 [main] DEBUG io.netty.util.internal.PlatformDependent0 - sun.misc.Unsafe.theUnsafe: available
13:35:12.059 [main] DEBUG io.netty.util.internal.PlatformDependent0 - sun.misc.Unsafe.copyMemory: available
13:35:12.059 [main] DEBUG io.netty.util.internal.PlatformDependent0 - sun.misc.Unsafe.storeFence: available
13:35:12.059 [main] DEBUG io.netty.util.internal.PlatformDependent0 - java.nio.Buffer.address: available
13:35:12.059 [main] DEBUG io.netty.util.internal.PlatformDependent0 - direct buffer constructor: available
13:35:12.059 [main] DEBUG io.netty.util.internal.PlatformDependent0 - java.nio.Bits.unaligned: available, true
13:35:12.059 [main] DEBUG io.netty.util.internal.PlatformDependent0 - jdk.internal.misc.Unsafe.allocateUninitializedArray(int): unavailable prior to Java9
13:35:12.059 [main] DEBUG io.netty.util.internal.PlatformDependent0 - java.nio.DirectByteBuffer.<init>(long, {int,long}): available
13:35:12.060 [main] DEBUG io.netty.util.internal.CleanerJava6 - java.nio.ByteBuffer.cleaner(): available
13:35:12.060 [main] DEBUG io.netty.util.internal.PlatformDependent - sun.misc.Unsafe: available
13:35:12.060 [main] DEBUG io.netty.util.internal.PlatformDependent - -Dio.netty.tmpdir: /tmp (java.io.tmpdir)
13:35:12.060 [main] DEBUG io.netty.util.internal.PlatformDependent - -Dio.netty.bitMode: 64 (sun.arch.data.model)
13:35:12.061 [main] DEBUG io.netty.util.internal.PlatformDependent - -Dio.netty.maxDirectMemory: 11420041216 bytes
13:35:12.061 [main] DEBUG io.netty.util.internal.PlatformDependent - -Dio.netty.uninitializedArrayAllocationThreshold: -1
13:35:12.061 [main] DEBUG io.netty.util.internal.PlatformDependent - -Dio.netty.noPreferDirect: false
13:35:12.065 [main] DEBUG io.netty.util.internal.CleanerJava9 - java.nio.ByteBuffer.cleaner(): unavailable
java.lang.NoSuchMethodException: sun.misc.Unsafe.invokeCleaner(java.nio.ByteBuffer)
	at java.lang.Class.getDeclaredMethod(Class.java:2130)
	at io.netty.util.internal.CleanerJava9$1.run(CleanerJava9.java:45)
	at java.security.AccessController.doPrivileged(Native Method)
	at io.netty.util.internal.CleanerJava9.__STATIC_RESET(CleanerJava9.java:40)
	at sun.reflect.NativeMethodAccessorImpl.invoke0(Native Method)
	at sun.reflect.NativeMethodAccessorImpl.invoke(NativeMethodAccessorImpl.java:62)
	at sun.reflect.DelegatingMethodAccessorImpl.invoke(DelegatingMethodAccessorImpl.java:43)
	at java.lang.reflect.Method.invoke(Method.java:498)
	at org.evosuite.runtime.classhandling.ClassResetter.reset(ClassResetter.java:159)
	at org.evosuite.runtime.classhandling.ClassStateSupport.resetClasses(ClassStateSupport.java:137)
	at io.netty.handler.codec.http.multipart.AbstractDiskHttpData_ESTest_scaffolding.resetClasses(AbstractDiskHttpData_ESTest_scaffolding.java:318)
	at io.netty.handler.codec.http.multipart.AbstractDiskHttpData_ESTest_scaffolding.doneWithTestCase(AbstractDiskHttpData_ESTest_scaffolding.java:74)
	at sun.reflect.NativeMethodAccessorImpl.invoke0(Native Method)
	at sun.reflect.NativeMethodAccessorImpl.invoke(NativeMethodAccessorImpl.java:62)
	at sun.reflect.DelegatingMethodAccessorImpl.invoke(DelegatingMethodAccessorImpl.java:43)
	at java.lang.reflect.Method.invoke(Method.java:498)
	at org.junit.runners.model.FrameworkMethod$1.runReflectiveCall(FrameworkMethod.java:59)
	at org.junit.internal.runners.model.ReflectiveCallable.run(ReflectiveCallable.java:12)
	at org.junit.runners.model.FrameworkMethod.invokeExplosively(FrameworkMethod.java:56)
	at org.junit.internal.runners.statements.RunAfters.invokeMethod(RunAfters.java:46)
	at org.junit.internal.runners.statements.RunAfters.evaluate(RunAfters.java:33)
	at org.evosuite.runtime.vnet.NonFunctionalRequirementRule$1.evaluate(NonFunctionalRequirementRule.java:41)
	at org.junit.runners.ParentRunner$3.evaluate(ParentRunner.java:306)
	at org.junit.runners.BlockJUnit4ClassRunner$1.evaluate(BlockJUnit4ClassRunner.java:100)
	at org.junit.runners.ParentRunner.runLeaf(ParentRunner.java:366)
	at org.junit.runners.BlockJUnit4ClassRunner.runChild(BlockJUnit4ClassRunner.java:103)
	at org.junit.runners.BlockJUnit4ClassRunner.runChild(BlockJUnit4ClassRunner.java:63)
	at org.junit.runners.ParentRunner$4.run(ParentRunner.java:331)
	at org.junit.runners.ParentRunner$1.schedule(ParentRunner.java:79)
	at org.junit.runners.ParentRunner.runChildren(ParentRunner.java:329)
	at org.junit.runners.ParentRunner.access$100(ParentRunner.java:66)
	at org.junit.runners.ParentRunner$2.evaluate(ParentRunner.java:293)
	at org.junit.internal.runners.statements.RunBefores.evaluate(RunBefores.java:26)
	at org.junit.internal.runners.statements.RunAfters.evaluate(RunAfters.java:27)
	at org.junit.runners.ParentRunner$3.evaluate(ParentRunner.java:306)
	at org.junit.runners.ParentRunner.run(ParentRunner.java:413)
	at org.apache.maven.surefire.junit4.JUnit4Provider.execute(JUnit4Provider.java:316)
	at org.apache.maven.surefire.junit4.JUnit4Provider.executeWithRerun(JUnit4Provider.java:240)
	at org.apache.maven.surefire.junit4.JUnit4Provider.executeTestSet(JUnit4Provider.java:214)
	at org.apache.maven.surefire.junit4.JUnit4Provider.invoke(JUnit4Provider.java:155)
	at org.apache.maven.surefire.booter.ForkedBooter.runSuitesInProcess(ForkedBooter.java:385)
	at org.apache.maven.surefire.booter.ForkedBooter.execute(ForkedBooter.java:162)
	at org.apache.maven.surefire.booter.ForkedBooter.run(ForkedBooter.java:507)
	at org.apache.maven.surefire.booter.ForkedBooter.main(ForkedBooter.java:495)
13:35:12.067 [main] DEBUG io.netty.util.ResourceLeakDetector - -Dio.netty.leakDetection.level: simple
13:35:12.067 [main] DEBUG io.netty.util.ResourceLeakDetector - -Dio.netty.leakDetection.targetRecords: 4
13:35:12.072 [main] DEBUG io.netty.buffer.AbstractByteBuf - -Dio.netty.buffer.checkAccessible: true
13:35:12.073 [main] DEBUG io.netty.buffer.AbstractByteBuf - -Dio.netty.buffer.checkBounds: true
13:35:12.073 [main] DEBUG io.netty.util.ResourceLeakDetectorFactory - Loaded default ResourceLeakDetector: io.netty.util.ResourceLeakDetector@5
13:35:12.076 [main] DEBUG io.netty.util.internal.InternalThreadLocalMap - -Dio.netty.threadLocalMap.stringBuilder.initialSize: 1024
13:35:12.076 [main] DEBUG io.netty.util.internal.InternalThreadLocalMap - -Dio.netty.threadLocalMap.stringBuilder.maxSize: 4096
13:35:12.077 [main] DEBUG io.netty.buffer.PooledByteBufAllocator - -Dio.netty.allocator.numHeapArenas: 0
13:35:12.077 [main] DEBUG io.netty.buffer.PooledByteBufAllocator - -Dio.netty.allocator.numDirectArenas: 2
13:35:12.077 [main] DEBUG io.netty.buffer.PooledByteBufAllocator - -Dio.netty.allocator.pageSize: 8192
13:35:12.077 [main] DEBUG io.netty.buffer.PooledByteBufAllocator - -Dio.netty.allocator.maxOrder: 9
13:35:12.077 [main] DEBUG io.netty.buffer.PooledByteBufAllocator - -Dio.netty.allocator.chunkSize: 4194304
13:35:12.077 [main] DEBUG io.netty.buffer.PooledByteBufAllocator - -Dio.netty.allocator.smallCacheSize: 256
13:35:12.077 [main] DEBUG io.netty.buffer.PooledByteBufAllocator - -Dio.netty.allocator.normalCacheSize: 64
13:35:12.077 [main] DEBUG io.netty.buffer.PooledByteBufAllocator - -Dio.netty.allocator.maxCachedBufferCapacity: 32768
13:35:12.077 [main] DEBUG io.netty.buffer.PooledByteBufAllocator - -Dio.netty.allocator.cacheTrimInterval: 8192
13:35:12.077 [main] DEBUG io.netty.buffer.PooledByteBufAllocator - -Dio.netty.allocator.cacheTrimIntervalMillis: 0
13:35:12.077 [main] DEBUG io.netty.buffer.PooledByteBufAllocator - -Dio.netty.allocator.useCacheForAllThreads: false
13:35:12.077 [main] DEBUG io.netty.buffer.PooledByteBufAllocator - -Dio.netty.allocator.maxCachedByteBuffersPerChunk: 1023
13:35:12.079 [main] DEBUG io.netty.buffer.ByteBufUtil - -Dio.netty.allocator.type: pooled
13:35:12.079 [main] DEBUG io.netty.buffer.ByteBufUtil - -Dio.netty.threadLocalDirectBufferSize: 0
13:35:12.079 [main] DEBUG io.netty.buffer.ByteBufUtil - -Dio.netty.maxThreadLocalCharBufferSize: 16384
13:35:12.086 [main] DEBUG io.netty.util.Recycler - -Dio.netty.recycler.maxCapacityPerThread: 4096
13:35:12.086 [main] DEBUG io.netty.util.Recycler - -Dio.netty.recycler.ratio: 8
13:35:12.086 [main] DEBUG io.netty.util.Recycler - -Dio.netty.recycler.chunkSize: 32
13:35:12.086 [main] DEBUG io.netty.util.Recycler - -Dio.netty.recycler.blocking: false
13:35:12.086 [main] DEBUG io.netty.util.Recycler - -Dio.netty.recycler.batchFastThreadLocalOnly: true
13:35:12.087 [main] DEBUG io.netty.util.internal.PlatformDependent - org.jctools-core.MpscChunkedArrayQueue: available
]]></system-out>
  </testcase>
  <testcase name="test29" classname="io.netty.handler.codec.http.multipart.AbstractDiskHttpData_ESTest" time="0.016">
    <system-out><![CDATA[13:35:12.202 [main] DEBUG io.netty.util.internal.logging.InternalLoggerFactory - Using SLF4J as the default logging framework
13:35:12.202 [main] DEBUG io.netty.util.internal.PlatformDependent0 - -Dio.netty.noUnsafe: false
13:35:12.202 [main] DEBUG io.netty.util.internal.PlatformDependent0 - Java version: 8
13:35:12.202 [main] DEBUG io.netty.util.internal.PlatformDependent0 - sun.misc.Unsafe.theUnsafe: available
13:35:12.202 [main] DEBUG io.netty.util.internal.PlatformDependent0 - sun.misc.Unsafe.copyMemory: available
13:35:12.202 [main] DEBUG io.netty.util.internal.PlatformDependent0 - sun.misc.Unsafe.storeFence: available
13:35:12.202 [main] DEBUG io.netty.util.internal.PlatformDependent0 - java.nio.Buffer.address: available
13:35:12.202 [main] DEBUG io.netty.util.internal.PlatformDependent0 - direct buffer constructor: available
13:35:12.202 [main] DEBUG io.netty.util.internal.PlatformDependent0 - java.nio.Bits.unaligned: available, true
13:35:12.202 [main] DEBUG io.netty.util.internal.PlatformDependent0 - jdk.internal.misc.Unsafe.allocateUninitializedArray(int): unavailable prior to Java9
13:35:12.202 [main] DEBUG io.netty.util.internal.PlatformDependent0 - java.nio.DirectByteBuffer.<init>(long, {int,long}): available
13:35:12.202 [main] DEBUG io.netty.util.internal.CleanerJava6 - java.nio.ByteBuffer.cleaner(): available
13:35:12.202 [main] DEBUG io.netty.util.internal.PlatformDependent - sun.misc.Unsafe: available
13:35:12.203 [main] DEBUG io.netty.util.internal.PlatformDependent - -Dio.netty.tmpdir: /tmp (java.io.tmpdir)
13:35:12.203 [main] DEBUG io.netty.util.internal.PlatformDependent - -Dio.netty.bitMode: 64 (sun.arch.data.model)
13:35:12.203 [main] DEBUG io.netty.util.internal.PlatformDependent - -Dio.netty.maxDirectMemory: 11420041216 bytes
13:35:12.203 [main] DEBUG io.netty.util.internal.PlatformDependent - -Dio.netty.uninitializedArrayAllocationThreshold: -1
13:35:12.203 [main] DEBUG io.netty.util.internal.PlatformDependent - -Dio.netty.noPreferDirect: false
13:35:12.204 [main] DEBUG io.netty.util.internal.CleanerJava9 - java.nio.ByteBuffer.cleaner(): unavailable
java.lang.NoSuchMethodException: sun.misc.Unsafe.invokeCleaner(java.nio.ByteBuffer)
	at java.lang.Class.getDeclaredMethod(Class.java:2130)
	at io.netty.util.internal.CleanerJava9$1.run(CleanerJava9.java:45)
	at java.security.AccessController.doPrivileged(Native Method)
	at io.netty.util.internal.CleanerJava9.__STATIC_RESET(CleanerJava9.java:40)
	at sun.reflect.GeneratedMethodAccessor27.invoke(Unknown Source)
	at sun.reflect.DelegatingMethodAccessorImpl.invoke(DelegatingMethodAccessorImpl.java:43)
	at java.lang.reflect.Method.invoke(Method.java:498)
	at org.evosuite.runtime.classhandling.ClassResetter.reset(ClassResetter.java:159)
	at org.evosuite.runtime.classhandling.ClassStateSupport.resetClasses(ClassStateSupport.java:137)
	at io.netty.handler.codec.http.multipart.AbstractDiskHttpData_ESTest_scaffolding.resetClasses(AbstractDiskHttpData_ESTest_scaffolding.java:318)
	at io.netty.handler.codec.http.multipart.AbstractDiskHttpData_ESTest_scaffolding.doneWithTestCase(AbstractDiskHttpData_ESTest_scaffolding.java:74)
	at sun.reflect.GeneratedMethodAccessor6.invoke(Unknown Source)
	at sun.reflect.DelegatingMethodAccessorImpl.invoke(DelegatingMethodAccessorImpl.java:43)
	at java.lang.reflect.Method.invoke(Method.java:498)
	at org.junit.runners.model.FrameworkMethod$1.runReflectiveCall(FrameworkMethod.java:59)
	at org.junit.internal.runners.model.ReflectiveCallable.run(ReflectiveCallable.java:12)
	at org.junit.runners.model.FrameworkMethod.invokeExplosively(FrameworkMethod.java:56)
	at org.junit.internal.runners.statements.RunAfters.invokeMethod(RunAfters.java:46)
	at org.junit.internal.runners.statements.RunAfters.evaluate(RunAfters.java:33)
	at org.evosuite.runtime.vnet.NonFunctionalRequirementRule$1.evaluate(NonFunctionalRequirementRule.java:41)
	at org.junit.runners.ParentRunner$3.evaluate(ParentRunner.java:306)
	at org.junit.runners.BlockJUnit4ClassRunner$1.evaluate(BlockJUnit4ClassRunner.java:100)
	at org.junit.runners.ParentRunner.runLeaf(ParentRunner.java:366)
	at org.junit.runners.BlockJUnit4ClassRunner.runChild(BlockJUnit4ClassRunner.java:103)
	at org.junit.runners.BlockJUnit4ClassRunner.runChild(BlockJUnit4ClassRunner.java:63)
	at org.junit.runners.ParentRunner$4.run(ParentRunner.java:331)
	at org.junit.runners.ParentRunner$1.schedule(ParentRunner.java:79)
	at org.junit.runners.ParentRunner.runChildren(ParentRunner.java:329)
	at org.junit.runners.ParentRunner.access$100(ParentRunner.java:66)
	at org.junit.runners.ParentRunner$2.evaluate(ParentRunner.java:293)
	at org.junit.internal.runners.statements.RunBefores.evaluate(RunBefores.java:26)
	at org.junit.internal.runners.statements.RunAfters.evaluate(RunAfters.java:27)
	at org.junit.runners.ParentRunner$3.evaluate(ParentRunner.java:306)
	at org.junit.runners.ParentRunner.run(ParentRunner.java:413)
	at org.apache.maven.surefire.junit4.JUnit4Provider.execute(JUnit4Provider.java:316)
	at org.apache.maven.surefire.junit4.JUnit4Provider.executeWithRerun(JUnit4Provider.java:240)
	at org.apache.maven.surefire.junit4.JUnit4Provider.executeTestSet(JUnit4Provider.java:214)
	at org.apache.maven.surefire.junit4.JUnit4Provider.invoke(JUnit4Provider.java:155)
	at org.apache.maven.surefire.booter.ForkedBooter.runSuitesInProcess(ForkedBooter.java:385)
	at org.apache.maven.surefire.booter.ForkedBooter.execute(ForkedBooter.java:162)
	at org.apache.maven.surefire.booter.ForkedBooter.run(ForkedBooter.java:507)
	at org.apache.maven.surefire.booter.ForkedBooter.main(ForkedBooter.java:495)
13:35:12.204 [main] DEBUG io.netty.util.ResourceLeakDetector - -Dio.netty.leakDetection.level: simple
13:35:12.204 [main] DEBUG io.netty.util.ResourceLeakDetector - -Dio.netty.leakDetection.targetRecords: 4
13:35:12.205 [main] DEBUG io.netty.buffer.AbstractByteBuf - -Dio.netty.buffer.checkAccessible: true
13:35:12.205 [main] DEBUG io.netty.buffer.AbstractByteBuf - -Dio.netty.buffer.checkBounds: true
13:35:12.205 [main] DEBUG io.netty.util.ResourceLeakDetectorFactory - Loaded default ResourceLeakDetector: io.netty.util.ResourceLeakDetector@5
13:35:12.206 [main] DEBUG io.netty.util.internal.InternalThreadLocalMap - -Dio.netty.threadLocalMap.stringBuilder.initialSize: 1024
13:35:12.206 [main] DEBUG io.netty.util.internal.InternalThreadLocalMap - -Dio.netty.threadLocalMap.stringBuilder.maxSize: 4096
13:35:12.206 [main] DEBUG io.netty.buffer.PooledByteBufAllocator - -Dio.netty.allocator.numHeapArenas: 0
13:35:12.206 [main] DEBUG io.netty.buffer.PooledByteBufAllocator - -Dio.netty.allocator.numDirectArenas: 2
13:35:12.206 [main] DEBUG io.netty.buffer.PooledByteBufAllocator - -Dio.netty.allocator.pageSize: 8192
13:35:12.206 [main] DEBUG io.netty.buffer.PooledByteBufAllocator - -Dio.netty.allocator.maxOrder: 9
13:35:12.206 [main] DEBUG io.netty.buffer.PooledByteBufAllocator - -Dio.netty.allocator.chunkSize: 4194304
13:35:12.206 [main] DEBUG io.netty.buffer.PooledByteBufAllocator - -Dio.netty.allocator.smallCacheSize: 256
13:35:12.206 [main] DEBUG io.netty.buffer.PooledByteBufAllocator - -Dio.netty.allocator.normalCacheSize: 64
13:35:12.206 [main] DEBUG io.netty.buffer.PooledByteBufAllocator - -Dio.netty.allocator.maxCachedBufferCapacity: 32768
13:35:12.206 [main] DEBUG io.netty.buffer.PooledByteBufAllocator - -Dio.netty.allocator.cacheTrimInterval: 8192
13:35:12.206 [main] DEBUG io.netty.buffer.PooledByteBufAllocator - -Dio.netty.allocator.cacheTrimIntervalMillis: 0
13:35:12.206 [main] DEBUG io.netty.buffer.PooledByteBufAllocator - -Dio.netty.allocator.useCacheForAllThreads: false
13:35:12.206 [main] DEBUG io.netty.buffer.PooledByteBufAllocator - -Dio.netty.allocator.maxCachedByteBuffersPerChunk: 1023
13:35:12.207 [main] DEBUG io.netty.buffer.ByteBufUtil - -Dio.netty.allocator.type: pooled
13:35:12.207 [main] DEBUG io.netty.buffer.ByteBufUtil - -Dio.netty.threadLocalDirectBufferSize: 0
13:35:12.207 [main] DEBUG io.netty.buffer.ByteBufUtil - -Dio.netty.maxThreadLocalCharBufferSize: 16384
13:35:12.209 [main] DEBUG io.netty.util.Recycler - -Dio.netty.recycler.maxCapacityPerThread: 4096
13:35:12.209 [main] DEBUG io.netty.util.Recycler - -Dio.netty.recycler.ratio: 8
13:35:12.209 [main] DEBUG io.netty.util.Recycler - -Dio.netty.recycler.chunkSize: 32
13:35:12.209 [main] DEBUG io.netty.util.Recycler - -Dio.netty.recycler.blocking: false
13:35:12.209 [main] DEBUG io.netty.util.Recycler - -Dio.netty.recycler.batchFastThreadLocalOnly: true
13:35:12.209 [main] DEBUG io.netty.util.internal.PlatformDependent - org.jctools-core.MpscChunkedArrayQueue: available
]]></system-out>
  </testcase>
  <testcase name="test28" classname="io.netty.handler.codec.http.multipart.AbstractDiskHttpData_ESTest" time="0.022">
    <system-out><![CDATA[13:35:12.223 [main] DEBUG io.netty.util.internal.logging.InternalLoggerFactory - Using SLF4J as the default logging framework
13:35:12.224 [main] DEBUG io.netty.util.internal.PlatformDependent0 - -Dio.netty.noUnsafe: false
13:35:12.224 [main] DEBUG io.netty.util.internal.PlatformDependent0 - Java version: 8
13:35:12.224 [main] DEBUG io.netty.util.internal.PlatformDependent0 - sun.misc.Unsafe.theUnsafe: available
13:35:12.224 [main] DEBUG io.netty.util.internal.PlatformDependent0 - sun.misc.Unsafe.copyMemory: available
13:35:12.224 [main] DEBUG io.netty.util.internal.PlatformDependent0 - sun.misc.Unsafe.storeFence: available
13:35:12.224 [main] DEBUG io.netty.util.internal.PlatformDependent0 - java.nio.Buffer.address: available
13:35:12.224 [main] DEBUG io.netty.util.internal.PlatformDependent0 - direct buffer constructor: available
13:35:12.224 [main] DEBUG io.netty.util.internal.PlatformDependent0 - java.nio.Bits.unaligned: available, true
13:35:12.224 [main] DEBUG io.netty.util.internal.PlatformDependent0 - jdk.internal.misc.Unsafe.allocateUninitializedArray(int): unavailable prior to Java9
13:35:12.224 [main] DEBUG io.netty.util.internal.PlatformDependent0 - java.nio.DirectByteBuffer.<init>(long, {int,long}): available
13:35:12.224 [main] DEBUG io.netty.util.internal.CleanerJava6 - java.nio.ByteBuffer.cleaner(): available
13:35:12.224 [main] DEBUG io.netty.util.internal.PlatformDependent - sun.misc.Unsafe: available
13:35:12.225 [main] DEBUG io.netty.util.internal.PlatformDependent - -Dio.netty.tmpdir: /tmp (java.io.tmpdir)
13:35:12.225 [main] DEBUG io.netty.util.internal.PlatformDependent - -Dio.netty.bitMode: 64 (sun.arch.data.model)
13:35:12.225 [main] DEBUG io.netty.util.internal.PlatformDependent - -Dio.netty.maxDirectMemory: 11420041216 bytes
13:35:12.225 [main] DEBUG io.netty.util.internal.PlatformDependent - -Dio.netty.uninitializedArrayAllocationThreshold: -1
13:35:12.225 [main] DEBUG io.netty.util.internal.PlatformDependent - -Dio.netty.noPreferDirect: false
13:35:12.226 [main] DEBUG io.netty.util.internal.CleanerJava9 - java.nio.ByteBuffer.cleaner(): unavailable
java.lang.NoSuchMethodException: sun.misc.Unsafe.invokeCleaner(java.nio.ByteBuffer)
	at java.lang.Class.getDeclaredMethod(Class.java:2130)
	at io.netty.util.internal.CleanerJava9$1.run(CleanerJava9.java:45)
	at java.security.AccessController.doPrivileged(Native Method)
	at io.netty.util.internal.CleanerJava9.__STATIC_RESET(CleanerJava9.java:40)
	at sun.reflect.GeneratedMethodAccessor27.invoke(Unknown Source)
	at sun.reflect.DelegatingMethodAccessorImpl.invoke(DelegatingMethodAccessorImpl.java:43)
	at java.lang.reflect.Method.invoke(Method.java:498)
	at org.evosuite.runtime.classhandling.ClassResetter.reset(ClassResetter.java:159)
	at org.evosuite.runtime.classhandling.ClassStateSupport.resetClasses(ClassStateSupport.java:137)
	at io.netty.handler.codec.http.multipart.AbstractDiskHttpData_ESTest_scaffolding.resetClasses(AbstractDiskHttpData_ESTest_scaffolding.java:318)
	at io.netty.handler.codec.http.multipart.AbstractDiskHttpData_ESTest_scaffolding.doneWithTestCase(AbstractDiskHttpData_ESTest_scaffolding.java:74)
	at sun.reflect.GeneratedMethodAccessor6.invoke(Unknown Source)
	at sun.reflect.DelegatingMethodAccessorImpl.invoke(DelegatingMethodAccessorImpl.java:43)
	at java.lang.reflect.Method.invoke(Method.java:498)
	at org.junit.runners.model.FrameworkMethod$1.runReflectiveCall(FrameworkMethod.java:59)
	at org.junit.internal.runners.model.ReflectiveCallable.run(ReflectiveCallable.java:12)
	at org.junit.runners.model.FrameworkMethod.invokeExplosively(FrameworkMethod.java:56)
	at org.junit.internal.runners.statements.RunAfters.invokeMethod(RunAfters.java:46)
	at org.junit.internal.runners.statements.RunAfters.evaluate(RunAfters.java:33)
	at org.evosuite.runtime.vnet.NonFunctionalRequirementRule$1.evaluate(NonFunctionalRequirementRule.java:41)
	at org.junit.runners.ParentRunner$3.evaluate(ParentRunner.java:306)
	at org.junit.runners.BlockJUnit4ClassRunner$1.evaluate(BlockJUnit4ClassRunner.java:100)
	at org.junit.runners.ParentRunner.runLeaf(ParentRunner.java:366)
	at org.junit.runners.BlockJUnit4ClassRunner.runChild(BlockJUnit4ClassRunner.java:103)
	at org.junit.runners.BlockJUnit4ClassRunner.runChild(BlockJUnit4ClassRunner.java:63)
	at org.junit.runners.ParentRunner$4.run(ParentRunner.java:331)
	at org.junit.runners.ParentRunner$1.schedule(ParentRunner.java:79)
	at org.junit.runners.ParentRunner.runChildren(ParentRunner.java:329)
	at org.junit.runners.ParentRunner.access$100(ParentRunner.java:66)
	at org.junit.runners.ParentRunner$2.evaluate(ParentRunner.java:293)
	at org.junit.internal.runners.statements.RunBefores.evaluate(RunBefores.java:26)
	at org.junit.internal.runners.statements.RunAfters.evaluate(RunAfters.java:27)
	at org.junit.runners.ParentRunner$3.evaluate(ParentRunner.java:306)
	at org.junit.runners.ParentRunner.run(ParentRunner.java:413)
	at org.apache.maven.surefire.junit4.JUnit4Provider.execute(JUnit4Provider.java:316)
	at org.apache.maven.surefire.junit4.JUnit4Provider.executeWithRerun(JUnit4Provider.java:240)
	at org.apache.maven.surefire.junit4.JUnit4Provider.executeTestSet(JUnit4Provider.java:214)
	at org.apache.maven.surefire.junit4.JUnit4Provider.invoke(JUnit4Provider.java:155)
	at org.apache.maven.surefire.booter.ForkedBooter.runSuitesInProcess(ForkedBooter.java:385)
	at org.apache.maven.surefire.booter.ForkedBooter.execute(ForkedBooter.java:162)
	at org.apache.maven.surefire.booter.ForkedBooter.run(ForkedBooter.java:507)
	at org.apache.maven.surefire.booter.ForkedBooter.main(ForkedBooter.java:495)
13:35:12.226 [main] DEBUG io.netty.util.ResourceLeakDetector - -Dio.netty.leakDetection.level: simple
13:35:12.226 [main] DEBUG io.netty.util.ResourceLeakDetector - -Dio.netty.leakDetection.targetRecords: 4
13:35:12.227 [main] DEBUG io.netty.buffer.AbstractByteBuf - -Dio.netty.buffer.checkAccessible: true
13:35:12.227 [main] DEBUG io.netty.buffer.AbstractByteBuf - -Dio.netty.buffer.checkBounds: true
13:35:12.227 [main] DEBUG io.netty.util.ResourceLeakDetectorFactory - Loaded default ResourceLeakDetector: io.netty.util.ResourceLeakDetector@5
13:35:12.228 [main] DEBUG io.netty.util.internal.InternalThreadLocalMap - -Dio.netty.threadLocalMap.stringBuilder.initialSize: 1024
13:35:12.228 [main] DEBUG io.netty.util.internal.InternalThreadLocalMap - -Dio.netty.threadLocalMap.stringBuilder.maxSize: 4096
13:35:12.229 [main] DEBUG io.netty.buffer.PooledByteBufAllocator - -Dio.netty.allocator.numHeapArenas: 0
13:35:12.229 [main] DEBUG io.netty.buffer.PooledByteBufAllocator - -Dio.netty.allocator.numDirectArenas: 2
13:35:12.229 [main] DEBUG io.netty.buffer.PooledByteBufAllocator - -Dio.netty.allocator.pageSize: 8192
13:35:12.229 [main] DEBUG io.netty.buffer.PooledByteBufAllocator - -Dio.netty.allocator.maxOrder: 9
13:35:12.229 [main] DEBUG io.netty.buffer.PooledByteBufAllocator - -Dio.netty.allocator.chunkSize: 4194304
13:35:12.229 [main] DEBUG io.netty.buffer.PooledByteBufAllocator - -Dio.netty.allocator.smallCacheSize: 256
13:35:12.229 [main] DEBUG io.netty.buffer.PooledByteBufAllocator - -Dio.netty.allocator.normalCacheSize: 64
13:35:12.229 [main] DEBUG io.netty.buffer.PooledByteBufAllocator - -Dio.netty.allocator.maxCachedBufferCapacity: 32768
13:35:12.229 [main] DEBUG io.netty.buffer.PooledByteBufAllocator - -Dio.netty.allocator.cacheTrimInterval: 8192
13:35:12.229 [main] DEBUG io.netty.buffer.PooledByteBufAllocator - -Dio.netty.allocator.cacheTrimIntervalMillis: 0
13:35:12.229 [main] DEBUG io.netty.buffer.PooledByteBufAllocator - -Dio.netty.allocator.useCacheForAllThreads: false
13:35:12.229 [main] DEBUG io.netty.buffer.PooledByteBufAllocator - -Dio.netty.allocator.maxCachedByteBuffersPerChunk: 1023
13:35:12.230 [main] DEBUG io.netty.buffer.ByteBufUtil - -Dio.netty.allocator.type: pooled
13:35:12.230 [main] DEBUG io.netty.buffer.ByteBufUtil - -Dio.netty.threadLocalDirectBufferSize: 0
13:35:12.230 [main] DEBUG io.netty.buffer.ByteBufUtil - -Dio.netty.maxThreadLocalCharBufferSize: 16384
13:35:12.231 [main] DEBUG io.netty.util.Recycler - -Dio.netty.recycler.maxCapacityPerThread: 4096
13:35:12.231 [main] DEBUG io.netty.util.Recycler - -Dio.netty.recycler.ratio: 8
13:35:12.231 [main] DEBUG io.netty.util.Recycler - -Dio.netty.recycler.chunkSize: 32
13:35:12.231 [main] DEBUG io.netty.util.Recycler - -Dio.netty.recycler.blocking: false
13:35:12.231 [main] DEBUG io.netty.util.Recycler - -Dio.netty.recycler.batchFastThreadLocalOnly: true
13:35:12.231 [main] DEBUG io.netty.util.internal.PlatformDependent - org.jctools-core.MpscChunkedArrayQueue: available
]]></system-out>
  </testcase>
  <testcase name="test30" classname="io.netty.handler.codec.http.multipart.AbstractDiskHttpData_ESTest" time="0.032">
    <system-out><![CDATA[13:35:12.244 [main] DEBUG io.netty.util.internal.logging.InternalLoggerFactory - Using SLF4J as the default logging framework
13:35:12.244 [main] DEBUG io.netty.util.internal.PlatformDependent0 - -Dio.netty.noUnsafe: false
13:35:12.244 [main] DEBUG io.netty.util.internal.PlatformDependent0 - Java version: 8
13:35:12.245 [main] DEBUG io.netty.util.internal.PlatformDependent0 - sun.misc.Unsafe.theUnsafe: available
13:35:12.245 [main] DEBUG io.netty.util.internal.PlatformDependent0 - sun.misc.Unsafe.copyMemory: available
13:35:12.245 [main] DEBUG io.netty.util.internal.PlatformDependent0 - sun.misc.Unsafe.storeFence: available
13:35:12.245 [main] DEBUG io.netty.util.internal.PlatformDependent0 - java.nio.Buffer.address: available
13:35:12.245 [main] DEBUG io.netty.util.internal.PlatformDependent0 - direct buffer constructor: available
13:35:12.245 [main] DEBUG io.netty.util.internal.PlatformDependent0 - java.nio.Bits.unaligned: available, true
13:35:12.245 [main] DEBUG io.netty.util.internal.PlatformDependent0 - jdk.internal.misc.Unsafe.allocateUninitializedArray(int): unavailable prior to Java9
13:35:12.245 [main] DEBUG io.netty.util.internal.PlatformDependent0 - java.nio.DirectByteBuffer.<init>(long, {int,long}): available
13:35:12.245 [main] DEBUG io.netty.util.internal.CleanerJava6 - java.nio.ByteBuffer.cleaner(): available
13:35:12.245 [main] DEBUG io.netty.util.internal.PlatformDependent - sun.misc.Unsafe: available
13:35:12.245 [main] DEBUG io.netty.util.internal.PlatformDependent - -Dio.netty.tmpdir: /tmp (java.io.tmpdir)
13:35:12.245 [main] DEBUG io.netty.util.internal.PlatformDependent - -Dio.netty.bitMode: 64 (sun.arch.data.model)
13:35:12.245 [main] DEBUG io.netty.util.internal.PlatformDependent - -Dio.netty.maxDirectMemory: 11420041216 bytes
13:35:12.245 [main] DEBUG io.netty.util.internal.PlatformDependent - -Dio.netty.uninitializedArrayAllocationThreshold: -1
13:35:12.245 [main] DEBUG io.netty.util.internal.PlatformDependent - -Dio.netty.noPreferDirect: false
13:35:12.246 [main] DEBUG io.netty.util.internal.CleanerJava9 - java.nio.ByteBuffer.cleaner(): unavailable
java.lang.NoSuchMethodException: sun.misc.Unsafe.invokeCleaner(java.nio.ByteBuffer)
	at java.lang.Class.getDeclaredMethod(Class.java:2130)
	at io.netty.util.internal.CleanerJava9$1.run(CleanerJava9.java:45)
	at java.security.AccessController.doPrivileged(Native Method)
	at io.netty.util.internal.CleanerJava9.__STATIC_RESET(CleanerJava9.java:40)
	at sun.reflect.GeneratedMethodAccessor27.invoke(Unknown Source)
	at sun.reflect.DelegatingMethodAccessorImpl.invoke(DelegatingMethodAccessorImpl.java:43)
	at java.lang.reflect.Method.invoke(Method.java:498)
	at org.evosuite.runtime.classhandling.ClassResetter.reset(ClassResetter.java:159)
	at org.evosuite.runtime.classhandling.ClassStateSupport.resetClasses(ClassStateSupport.java:137)
	at io.netty.handler.codec.http.multipart.AbstractDiskHttpData_ESTest_scaffolding.resetClasses(AbstractDiskHttpData_ESTest_scaffolding.java:318)
	at io.netty.handler.codec.http.multipart.AbstractDiskHttpData_ESTest_scaffolding.doneWithTestCase(AbstractDiskHttpData_ESTest_scaffolding.java:74)
	at sun.reflect.GeneratedMethodAccessor6.invoke(Unknown Source)
	at sun.reflect.DelegatingMethodAccessorImpl.invoke(DelegatingMethodAccessorImpl.java:43)
	at java.lang.reflect.Method.invoke(Method.java:498)
	at org.junit.runners.model.FrameworkMethod$1.runReflectiveCall(FrameworkMethod.java:59)
	at org.junit.internal.runners.model.ReflectiveCallable.run(ReflectiveCallable.java:12)
	at org.junit.runners.model.FrameworkMethod.invokeExplosively(FrameworkMethod.java:56)
	at org.junit.internal.runners.statements.RunAfters.invokeMethod(RunAfters.java:46)
	at org.junit.internal.runners.statements.RunAfters.evaluate(RunAfters.java:33)
	at org.evosuite.runtime.vnet.NonFunctionalRequirementRule$1.evaluate(NonFunctionalRequirementRule.java:41)
	at org.junit.runners.ParentRunner$3.evaluate(ParentRunner.java:306)
	at org.junit.runners.BlockJUnit4ClassRunner$1.evaluate(BlockJUnit4ClassRunner.java:100)
	at org.junit.runners.ParentRunner.runLeaf(ParentRunner.java:366)
	at org.junit.runners.BlockJUnit4ClassRunner.runChild(BlockJUnit4ClassRunner.java:103)
	at org.junit.runners.BlockJUnit4ClassRunner.runChild(BlockJUnit4ClassRunner.java:63)
	at org.junit.runners.ParentRunner$4.run(ParentRunner.java:331)
	at org.junit.runners.ParentRunner$1.schedule(ParentRunner.java:79)
	at org.junit.runners.ParentRunner.runChildren(ParentRunner.java:329)
	at org.junit.runners.ParentRunner.access$100(ParentRunner.java:66)
	at org.junit.runners.ParentRunner$2.evaluate(ParentRunner.java:293)
	at org.junit.internal.runners.statements.RunBefores.evaluate(RunBefores.java:26)
	at org.junit.internal.runners.statements.RunAfters.evaluate(RunAfters.java:27)
	at org.junit.runners.ParentRunner$3.evaluate(ParentRunner.java:306)
	at org.junit.runners.ParentRunner.run(ParentRunner.java:413)
	at org.apache.maven.surefire.junit4.JUnit4Provider.execute(JUnit4Provider.java:316)
	at org.apache.maven.surefire.junit4.JUnit4Provider.executeWithRerun(JUnit4Provider.java:240)
	at org.apache.maven.surefire.junit4.JUnit4Provider.executeTestSet(JUnit4Provider.java:214)
	at org.apache.maven.surefire.junit4.JUnit4Provider.invoke(JUnit4Provider.java:155)
	at org.apache.maven.surefire.booter.ForkedBooter.runSuitesInProcess(ForkedBooter.java:385)
	at org.apache.maven.surefire.booter.ForkedBooter.execute(ForkedBooter.java:162)
	at org.apache.maven.surefire.booter.ForkedBooter.run(ForkedBooter.java:507)
	at org.apache.maven.surefire.booter.ForkedBooter.main(ForkedBooter.java:495)
13:35:12.246 [main] DEBUG io.netty.util.ResourceLeakDetector - -Dio.netty.leakDetection.level: simple
13:35:12.246 [main] DEBUG io.netty.util.ResourceLeakDetector - -Dio.netty.leakDetection.targetRecords: 4
13:35:12.246 [main] DEBUG io.netty.buffer.AbstractByteBuf - -Dio.netty.buffer.checkAccessible: true
13:35:12.246 [main] DEBUG io.netty.buffer.AbstractByteBuf - -Dio.netty.buffer.checkBounds: true
13:35:12.246 [main] DEBUG io.netty.util.ResourceLeakDetectorFactory - Loaded default ResourceLeakDetector: io.netty.util.ResourceLeakDetector@5
13:35:12.247 [main] DEBUG io.netty.util.internal.InternalThreadLocalMap - -Dio.netty.threadLocalMap.stringBuilder.initialSize: 1024
13:35:12.247 [main] DEBUG io.netty.util.internal.InternalThreadLocalMap - -Dio.netty.threadLocalMap.stringBuilder.maxSize: 4096
13:35:12.247 [main] DEBUG io.netty.buffer.PooledByteBufAllocator - -Dio.netty.allocator.numHeapArenas: 0
13:35:12.247 [main] DEBUG io.netty.buffer.PooledByteBufAllocator - -Dio.netty.allocator.numDirectArenas: 2
13:35:12.247 [main] DEBUG io.netty.buffer.PooledByteBufAllocator - -Dio.netty.allocator.pageSize: 8192
13:35:12.247 [main] DEBUG io.netty.buffer.PooledByteBufAllocator - -Dio.netty.allocator.maxOrder: 9
13:35:12.247 [main] DEBUG io.netty.buffer.PooledByteBufAllocator - -Dio.netty.allocator.chunkSize: 4194304
13:35:12.247 [main] DEBUG io.netty.buffer.PooledByteBufAllocator - -Dio.netty.allocator.smallCacheSize: 256
13:35:12.247 [main] DEBUG io.netty.buffer.PooledByteBufAllocator - -Dio.netty.allocator.normalCacheSize: 64
13:35:12.247 [main] DEBUG io.netty.buffer.PooledByteBufAllocator - -Dio.netty.allocator.maxCachedBufferCapacity: 32768
13:35:12.247 [main] DEBUG io.netty.buffer.PooledByteBufAllocator - -Dio.netty.allocator.cacheTrimInterval: 8192
13:35:12.247 [main] DEBUG io.netty.buffer.PooledByteBufAllocator - -Dio.netty.allocator.cacheTrimIntervalMillis: 0
13:35:12.247 [main] DEBUG io.netty.buffer.PooledByteBufAllocator - -Dio.netty.allocator.useCacheForAllThreads: false
13:35:12.247 [main] DEBUG io.netty.buffer.PooledByteBufAllocator - -Dio.netty.allocator.maxCachedByteBuffersPerChunk: 1023
13:35:12.248 [main] DEBUG io.netty.buffer.ByteBufUtil - -Dio.netty.allocator.type: pooled
13:35:12.248 [main] DEBUG io.netty.buffer.ByteBufUtil - -Dio.netty.threadLocalDirectBufferSize: 0
13:35:12.248 [main] DEBUG io.netty.buffer.ByteBufUtil - -Dio.netty.maxThreadLocalCharBufferSize: 16384
13:35:12.249 [main] DEBUG io.netty.util.Recycler - -Dio.netty.recycler.maxCapacityPerThread: 4096
13:35:12.249 [main] DEBUG io.netty.util.Recycler - -Dio.netty.recycler.ratio: 8
13:35:12.249 [main] DEBUG io.netty.util.Recycler - -Dio.netty.recycler.chunkSize: 32
13:35:12.249 [main] DEBUG io.netty.util.Recycler - -Dio.netty.recycler.blocking: false
13:35:12.249 [main] DEBUG io.netty.util.Recycler - -Dio.netty.recycler.batchFastThreadLocalOnly: true
13:35:12.250 [main] DEBUG io.netty.util.internal.PlatformDependent - org.jctools-core.MpscChunkedArrayQueue: available
]]></system-out>
  </testcase>
  <testcase name="test32" classname="io.netty.handler.codec.http.multipart.AbstractDiskHttpData_ESTest" time="0.019">
    <system-out><![CDATA[13:35:12.269 [main] DEBUG io.netty.util.internal.logging.InternalLoggerFactory - Using SLF4J as the default logging framework
13:35:12.269 [main] DEBUG io.netty.util.internal.PlatformDependent0 - -Dio.netty.noUnsafe: false
13:35:12.269 [main] DEBUG io.netty.util.internal.PlatformDependent0 - Java version: 8
13:35:12.269 [main] DEBUG io.netty.util.internal.PlatformDependent0 - sun.misc.Unsafe.theUnsafe: available
13:35:12.269 [main] DEBUG io.netty.util.internal.PlatformDependent0 - sun.misc.Unsafe.copyMemory: available
13:35:12.269 [main] DEBUG io.netty.util.internal.PlatformDependent0 - sun.misc.Unsafe.storeFence: available
13:35:12.269 [main] DEBUG io.netty.util.internal.PlatformDependent0 - java.nio.Buffer.address: available
13:35:12.269 [main] DEBUG io.netty.util.internal.PlatformDependent0 - direct buffer constructor: available
13:35:12.270 [main] DEBUG io.netty.util.internal.PlatformDependent0 - java.nio.Bits.unaligned: available, true
13:35:12.270 [main] DEBUG io.netty.util.internal.PlatformDependent0 - jdk.internal.misc.Unsafe.allocateUninitializedArray(int): unavailable prior to Java9
13:35:12.270 [main] DEBUG io.netty.util.internal.PlatformDependent0 - java.nio.DirectByteBuffer.<init>(long, {int,long}): available
13:35:12.270 [main] DEBUG io.netty.util.internal.CleanerJava6 - java.nio.ByteBuffer.cleaner(): available
13:35:12.270 [main] DEBUG io.netty.util.internal.PlatformDependent - sun.misc.Unsafe: available
13:35:12.270 [main] DEBUG io.netty.util.internal.PlatformDependent - -Dio.netty.tmpdir: /tmp (java.io.tmpdir)
13:35:12.270 [main] DEBUG io.netty.util.internal.PlatformDependent - -Dio.netty.bitMode: 64 (sun.arch.data.model)
13:35:12.270 [main] DEBUG io.netty.util.internal.PlatformDependent - -Dio.netty.maxDirectMemory: 11420041216 bytes
13:35:12.270 [main] DEBUG io.netty.util.internal.PlatformDependent - -Dio.netty.uninitializedArrayAllocationThreshold: -1
13:35:12.270 [main] DEBUG io.netty.util.internal.PlatformDependent - -Dio.netty.noPreferDirect: false
13:35:12.271 [main] DEBUG io.netty.util.internal.CleanerJava9 - java.nio.ByteBuffer.cleaner(): unavailable
java.lang.NoSuchMethodException: sun.misc.Unsafe.invokeCleaner(java.nio.ByteBuffer)
	at java.lang.Class.getDeclaredMethod(Class.java:2130)
	at io.netty.util.internal.CleanerJava9$1.run(CleanerJava9.java:45)
	at java.security.AccessController.doPrivileged(Native Method)
	at io.netty.util.internal.CleanerJava9.__STATIC_RESET(CleanerJava9.java:40)
	at sun.reflect.GeneratedMethodAccessor27.invoke(Unknown Source)
	at sun.reflect.DelegatingMethodAccessorImpl.invoke(DelegatingMethodAccessorImpl.java:43)
	at java.lang.reflect.Method.invoke(Method.java:498)
	at org.evosuite.runtime.classhandling.ClassResetter.reset(ClassResetter.java:159)
	at org.evosuite.runtime.classhandling.ClassStateSupport.resetClasses(ClassStateSupport.java:137)
	at io.netty.handler.codec.http.multipart.AbstractDiskHttpData_ESTest_scaffolding.resetClasses(AbstractDiskHttpData_ESTest_scaffolding.java:318)
	at io.netty.handler.codec.http.multipart.AbstractDiskHttpData_ESTest_scaffolding.doneWithTestCase(AbstractDiskHttpData_ESTest_scaffolding.java:74)
	at sun.reflect.GeneratedMethodAccessor6.invoke(Unknown Source)
	at sun.reflect.DelegatingMethodAccessorImpl.invoke(DelegatingMethodAccessorImpl.java:43)
	at java.lang.reflect.Method.invoke(Method.java:498)
	at org.junit.runners.model.FrameworkMethod$1.runReflectiveCall(FrameworkMethod.java:59)
	at org.junit.internal.runners.model.ReflectiveCallable.run(ReflectiveCallable.java:12)
	at org.junit.runners.model.FrameworkMethod.invokeExplosively(FrameworkMethod.java:56)
	at org.junit.internal.runners.statements.RunAfters.invokeMethod(RunAfters.java:46)
	at org.junit.internal.runners.statements.RunAfters.evaluate(RunAfters.java:33)
	at org.evosuite.runtime.vnet.NonFunctionalRequirementRule$1.evaluate(NonFunctionalRequirementRule.java:41)
	at org.junit.runners.ParentRunner$3.evaluate(ParentRunner.java:306)
	at org.junit.runners.BlockJUnit4ClassRunner$1.evaluate(BlockJUnit4ClassRunner.java:100)
	at org.junit.runners.ParentRunner.runLeaf(ParentRunner.java:366)
	at org.junit.runners.BlockJUnit4ClassRunner.runChild(BlockJUnit4ClassRunner.java:103)
	at org.junit.runners.BlockJUnit4ClassRunner.runChild(BlockJUnit4ClassRunner.java:63)
	at org.junit.runners.ParentRunner$4.run(ParentRunner.java:331)
	at org.junit.runners.ParentRunner$1.schedule(ParentRunner.java:79)
	at org.junit.runners.ParentRunner.runChildren(ParentRunner.java:329)
	at org.junit.runners.ParentRunner.access$100(ParentRunner.java:66)
	at org.junit.runners.ParentRunner$2.evaluate(ParentRunner.java:293)
	at org.junit.internal.runners.statements.RunBefores.evaluate(RunBefores.java:26)
	at org.junit.internal.runners.statements.RunAfters.evaluate(RunAfters.java:27)
	at org.junit.runners.ParentRunner$3.evaluate(ParentRunner.java:306)
	at org.junit.runners.ParentRunner.run(ParentRunner.java:413)
	at org.apache.maven.surefire.junit4.JUnit4Provider.execute(JUnit4Provider.java:316)
	at org.apache.maven.surefire.junit4.JUnit4Provider.executeWithRerun(JUnit4Provider.java:240)
	at org.apache.maven.surefire.junit4.JUnit4Provider.executeTestSet(JUnit4Provider.java:214)
	at org.apache.maven.surefire.junit4.JUnit4Provider.invoke(JUnit4Provider.java:155)
	at org.apache.maven.surefire.booter.ForkedBooter.runSuitesInProcess(ForkedBooter.java:385)
	at org.apache.maven.surefire.booter.ForkedBooter.execute(ForkedBooter.java:162)
	at org.apache.maven.surefire.booter.ForkedBooter.run(ForkedBooter.java:507)
	at org.apache.maven.surefire.booter.ForkedBooter.main(ForkedBooter.java:495)
13:35:12.272 [main] DEBUG io.netty.util.ResourceLeakDetector - -Dio.netty.leakDetection.level: simple
13:35:12.272 [main] DEBUG io.netty.util.ResourceLeakDetector - -Dio.netty.leakDetection.targetRecords: 4
13:35:12.273 [main] DEBUG io.netty.buffer.AbstractByteBuf - -Dio.netty.buffer.checkAccessible: true
13:35:12.273 [main] DEBUG io.netty.buffer.AbstractByteBuf - -Dio.netty.buffer.checkBounds: true
13:35:12.273 [main] DEBUG io.netty.util.ResourceLeakDetectorFactory - Loaded default ResourceLeakDetector: io.netty.util.ResourceLeakDetector@5
13:35:12.274 [main] DEBUG io.netty.util.internal.InternalThreadLocalMap - -Dio.netty.threadLocalMap.stringBuilder.initialSize: 1024
13:35:12.274 [main] DEBUG io.netty.util.internal.InternalThreadLocalMap - -Dio.netty.threadLocalMap.stringBuilder.maxSize: 4096
13:35:12.274 [main] DEBUG io.netty.buffer.PooledByteBufAllocator - -Dio.netty.allocator.numHeapArenas: 0
13:35:12.274 [main] DEBUG io.netty.buffer.PooledByteBufAllocator - -Dio.netty.allocator.numDirectArenas: 2
13:35:12.274 [main] DEBUG io.netty.buffer.PooledByteBufAllocator - -Dio.netty.allocator.pageSize: 8192
13:35:12.274 [main] DEBUG io.netty.buffer.PooledByteBufAllocator - -Dio.netty.allocator.maxOrder: 9
13:35:12.274 [main] DEBUG io.netty.buffer.PooledByteBufAllocator - -Dio.netty.allocator.chunkSize: 4194304
13:35:12.274 [main] DEBUG io.netty.buffer.PooledByteBufAllocator - -Dio.netty.allocator.smallCacheSize: 256
13:35:12.274 [main] DEBUG io.netty.buffer.PooledByteBufAllocator - -Dio.netty.allocator.normalCacheSize: 64
13:35:12.274 [main] DEBUG io.netty.buffer.PooledByteBufAllocator - -Dio.netty.allocator.maxCachedBufferCapacity: 32768
13:35:12.274 [main] DEBUG io.netty.buffer.PooledByteBufAllocator - -Dio.netty.allocator.cacheTrimInterval: 8192
13:35:12.274 [main] DEBUG io.netty.buffer.PooledByteBufAllocator - -Dio.netty.allocator.cacheTrimIntervalMillis: 0
13:35:12.274 [main] DEBUG io.netty.buffer.PooledByteBufAllocator - -Dio.netty.allocator.useCacheForAllThreads: false
13:35:12.274 [main] DEBUG io.netty.buffer.PooledByteBufAllocator - -Dio.netty.allocator.maxCachedByteBuffersPerChunk: 1023
13:35:12.275 [main] DEBUG io.netty.buffer.ByteBufUtil - -Dio.netty.allocator.type: pooled
13:35:12.275 [main] DEBUG io.netty.buffer.ByteBufUtil - -Dio.netty.threadLocalDirectBufferSize: 0
13:35:12.275 [main] DEBUG io.netty.buffer.ByteBufUtil - -Dio.netty.maxThreadLocalCharBufferSize: 16384
13:35:12.276 [main] DEBUG io.netty.util.Recycler - -Dio.netty.recycler.maxCapacityPerThread: 4096
13:35:12.276 [main] DEBUG io.netty.util.Recycler - -Dio.netty.recycler.ratio: 8
13:35:12.276 [main] DEBUG io.netty.util.Recycler - -Dio.netty.recycler.chunkSize: 32
13:35:12.276 [main] DEBUG io.netty.util.Recycler - -Dio.netty.recycler.blocking: false
13:35:12.276 [main] DEBUG io.netty.util.Recycler - -Dio.netty.recycler.batchFastThreadLocalOnly: true
13:35:12.277 [main] DEBUG io.netty.util.internal.PlatformDependent - org.jctools-core.MpscChunkedArrayQueue: available
]]></system-out>
  </testcase>
  <testcase name="test31" classname="io.netty.handler.codec.http.multipart.AbstractDiskHttpData_ESTest" time="0.023">
    <system-out><![CDATA[13:35:12.295 [main] DEBUG io.netty.util.internal.logging.InternalLoggerFactory - Using SLF4J as the default logging framework
13:35:12.296 [main] DEBUG io.netty.util.internal.PlatformDependent0 - -Dio.netty.noUnsafe: false
13:35:12.296 [main] DEBUG io.netty.util.internal.PlatformDependent0 - Java version: 8
13:35:12.296 [main] DEBUG io.netty.util.internal.PlatformDependent0 - sun.misc.Unsafe.theUnsafe: available
13:35:12.296 [main] DEBUG io.netty.util.internal.PlatformDependent0 - sun.misc.Unsafe.copyMemory: available
13:35:12.296 [main] DEBUG io.netty.util.internal.PlatformDependent0 - sun.misc.Unsafe.storeFence: available
13:35:12.296 [main] DEBUG io.netty.util.internal.PlatformDependent0 - java.nio.Buffer.address: available
13:35:12.296 [main] DEBUG io.netty.util.internal.PlatformDependent0 - direct buffer constructor: available
13:35:12.296 [main] DEBUG io.netty.util.internal.PlatformDependent0 - java.nio.Bits.unaligned: available, true
13:35:12.296 [main] DEBUG io.netty.util.internal.PlatformDependent0 - jdk.internal.misc.Unsafe.allocateUninitializedArray(int): unavailable prior to Java9
13:35:12.296 [main] DEBUG io.netty.util.internal.PlatformDependent0 - java.nio.DirectByteBuffer.<init>(long, {int,long}): available
13:35:12.296 [main] DEBUG io.netty.util.internal.CleanerJava6 - java.nio.ByteBuffer.cleaner(): available
13:35:12.296 [main] DEBUG io.netty.util.internal.PlatformDependent - sun.misc.Unsafe: available
13:35:12.296 [main] DEBUG io.netty.util.internal.PlatformDependent - -Dio.netty.tmpdir: /tmp (java.io.tmpdir)
13:35:12.296 [main] DEBUG io.netty.util.internal.PlatformDependent - -Dio.netty.bitMode: 64 (sun.arch.data.model)
13:35:12.297 [main] DEBUG io.netty.util.internal.PlatformDependent - -Dio.netty.maxDirectMemory: 11420041216 bytes
13:35:12.297 [main] DEBUG io.netty.util.internal.PlatformDependent - -Dio.netty.uninitializedArrayAllocationThreshold: -1
13:35:12.297 [main] DEBUG io.netty.util.internal.PlatformDependent - -Dio.netty.noPreferDirect: false
13:35:12.298 [main] DEBUG io.netty.util.internal.CleanerJava9 - java.nio.ByteBuffer.cleaner(): unavailable
java.lang.NoSuchMethodException: sun.misc.Unsafe.invokeCleaner(java.nio.ByteBuffer)
	at java.lang.Class.getDeclaredMethod(Class.java:2130)
	at io.netty.util.internal.CleanerJava9$1.run(CleanerJava9.java:45)
	at java.security.AccessController.doPrivileged(Native Method)
	at io.netty.util.internal.CleanerJava9.__STATIC_RESET(CleanerJava9.java:40)
	at sun.reflect.GeneratedMethodAccessor27.invoke(Unknown Source)
	at sun.reflect.DelegatingMethodAccessorImpl.invoke(DelegatingMethodAccessorImpl.java:43)
	at java.lang.reflect.Method.invoke(Method.java:498)
	at org.evosuite.runtime.classhandling.ClassResetter.reset(ClassResetter.java:159)
	at org.evosuite.runtime.classhandling.ClassStateSupport.resetClasses(ClassStateSupport.java:137)
	at io.netty.handler.codec.http.multipart.AbstractDiskHttpData_ESTest_scaffolding.resetClasses(AbstractDiskHttpData_ESTest_scaffolding.java:318)
	at io.netty.handler.codec.http.multipart.AbstractDiskHttpData_ESTest_scaffolding.doneWithTestCase(AbstractDiskHttpData_ESTest_scaffolding.java:74)
	at sun.reflect.GeneratedMethodAccessor6.invoke(Unknown Source)
	at sun.reflect.DelegatingMethodAccessorImpl.invoke(DelegatingMethodAccessorImpl.java:43)
	at java.lang.reflect.Method.invoke(Method.java:498)
	at org.junit.runners.model.FrameworkMethod$1.runReflectiveCall(FrameworkMethod.java:59)
	at org.junit.internal.runners.model.ReflectiveCallable.run(ReflectiveCallable.java:12)
	at org.junit.runners.model.FrameworkMethod.invokeExplosively(FrameworkMethod.java:56)
	at org.junit.internal.runners.statements.RunAfters.invokeMethod(RunAfters.java:46)
	at org.junit.internal.runners.statements.RunAfters.evaluate(RunAfters.java:33)
	at org.evosuite.runtime.vnet.NonFunctionalRequirementRule$1.evaluate(NonFunctionalRequirementRule.java:41)
	at org.junit.runners.ParentRunner$3.evaluate(ParentRunner.java:306)
	at org.junit.runners.BlockJUnit4ClassRunner$1.evaluate(BlockJUnit4ClassRunner.java:100)
	at org.junit.runners.ParentRunner.runLeaf(ParentRunner.java:366)
	at org.junit.runners.BlockJUnit4ClassRunner.runChild(BlockJUnit4ClassRunner.java:103)
	at org.junit.runners.BlockJUnit4ClassRunner.runChild(BlockJUnit4ClassRunner.java:63)
	at org.junit.runners.ParentRunner$4.run(ParentRunner.java:331)
	at org.junit.runners.ParentRunner$1.schedule(ParentRunner.java:79)
	at org.junit.runners.ParentRunner.runChildren(ParentRunner.java:329)
	at org.junit.runners.ParentRunner.access$100(ParentRunner.java:66)
	at org.junit.runners.ParentRunner$2.evaluate(ParentRunner.java:293)
	at org.junit.internal.runners.statements.RunBefores.evaluate(RunBefores.java:26)
	at org.junit.internal.runners.statements.RunAfters.evaluate(RunAfters.java:27)
	at org.junit.runners.ParentRunner$3.evaluate(ParentRunner.java:306)
	at org.junit.runners.ParentRunner.run(ParentRunner.java:413)
	at org.apache.maven.surefire.junit4.JUnit4Provider.execute(JUnit4Provider.java:316)
	at org.apache.maven.surefire.junit4.JUnit4Provider.executeWithRerun(JUnit4Provider.java:240)
	at org.apache.maven.surefire.junit4.JUnit4Provider.executeTestSet(JUnit4Provider.java:214)
	at org.apache.maven.surefire.junit4.JUnit4Provider.invoke(JUnit4Provider.java:155)
	at org.apache.maven.surefire.booter.ForkedBooter.runSuitesInProcess(ForkedBooter.java:385)
	at org.apache.maven.surefire.booter.ForkedBooter.execute(ForkedBooter.java:162)
	at org.apache.maven.surefire.booter.ForkedBooter.run(ForkedBooter.java:507)
	at org.apache.maven.surefire.booter.ForkedBooter.main(ForkedBooter.java:495)
13:35:12.298 [main] DEBUG io.netty.util.ResourceLeakDetector - -Dio.netty.leakDetection.level: simple
13:35:12.298 [main] DEBUG io.netty.util.ResourceLeakDetector - -Dio.netty.leakDetection.targetRecords: 4
13:35:12.299 [main] DEBUG io.netty.buffer.AbstractByteBuf - -Dio.netty.buffer.checkAccessible: true
13:35:12.299 [main] DEBUG io.netty.buffer.AbstractByteBuf - -Dio.netty.buffer.checkBounds: true
13:35:12.299 [main] DEBUG io.netty.util.ResourceLeakDetectorFactory - Loaded default ResourceLeakDetector: io.netty.util.ResourceLeakDetector@5
13:35:12.299 [main] DEBUG io.netty.util.internal.InternalThreadLocalMap - -Dio.netty.threadLocalMap.stringBuilder.initialSize: 1024
13:35:12.299 [main] DEBUG io.netty.util.internal.InternalThreadLocalMap - -Dio.netty.threadLocalMap.stringBuilder.maxSize: 4096
13:35:12.300 [main] DEBUG io.netty.buffer.PooledByteBufAllocator - -Dio.netty.allocator.numHeapArenas: 0
13:35:12.300 [main] DEBUG io.netty.buffer.PooledByteBufAllocator - -Dio.netty.allocator.numDirectArenas: 2
13:35:12.300 [main] DEBUG io.netty.buffer.PooledByteBufAllocator - -Dio.netty.allocator.pageSize: 8192
13:35:12.300 [main] DEBUG io.netty.buffer.PooledByteBufAllocator - -Dio.netty.allocator.maxOrder: 9
13:35:12.300 [main] DEBUG io.netty.buffer.PooledByteBufAllocator - -Dio.netty.allocator.chunkSize: 4194304
13:35:12.300 [main] DEBUG io.netty.buffer.PooledByteBufAllocator - -Dio.netty.allocator.smallCacheSize: 256
13:35:12.300 [main] DEBUG io.netty.buffer.PooledByteBufAllocator - -Dio.netty.allocator.normalCacheSize: 64
13:35:12.300 [main] DEBUG io.netty.buffer.PooledByteBufAllocator - -Dio.netty.allocator.maxCachedBufferCapacity: 32768
13:35:12.300 [main] DEBUG io.netty.buffer.PooledByteBufAllocator - -Dio.netty.allocator.cacheTrimInterval: 8192
13:35:12.300 [main] DEBUG io.netty.buffer.PooledByteBufAllocator - -Dio.netty.allocator.cacheTrimIntervalMillis: 0
13:35:12.300 [main] DEBUG io.netty.buffer.PooledByteBufAllocator - -Dio.netty.allocator.useCacheForAllThreads: false
13:35:12.300 [main] DEBUG io.netty.buffer.PooledByteBufAllocator - -Dio.netty.allocator.maxCachedByteBuffersPerChunk: 1023
13:35:12.301 [main] DEBUG io.netty.buffer.ByteBufUtil - -Dio.netty.allocator.type: pooled
13:35:12.301 [main] DEBUG io.netty.buffer.ByteBufUtil - -Dio.netty.threadLocalDirectBufferSize: 0
13:35:12.301 [main] DEBUG io.netty.buffer.ByteBufUtil - -Dio.netty.maxThreadLocalCharBufferSize: 16384
13:35:12.302 [main] DEBUG io.netty.util.Recycler - -Dio.netty.recycler.maxCapacityPerThread: 4096
13:35:12.302 [main] DEBUG io.netty.util.Recycler - -Dio.netty.recycler.ratio: 8
13:35:12.302 [main] DEBUG io.netty.util.Recycler - -Dio.netty.recycler.chunkSize: 32
13:35:12.302 [main] DEBUG io.netty.util.Recycler - -Dio.netty.recycler.blocking: false
13:35:12.302 [main] DEBUG io.netty.util.Recycler - -Dio.netty.recycler.batchFastThreadLocalOnly: true
13:35:12.302 [main] DEBUG io.netty.util.internal.PlatformDependent - org.jctools-core.MpscChunkedArrayQueue: available
]]></system-out>
  </testcase>
  <testcase name="test34" classname="io.netty.handler.codec.http.multipart.AbstractDiskHttpData_ESTest" time="0.027">
    <system-out><![CDATA[13:35:12.312 [Time-limited test] INFO org.evosuite.runtime.instrumentation.EvoClassLoader - Seeing class for first time: io.netty.handler.codec.http.multipart.AbstractDiskHttpData_ESTest$6
13:35:12.312 [Time-limited test] INFO org.evosuite.runtime.instrumentation.EvoClassLoader - Instrumenting class 'io.netty.handler.codec.http.multipart.AbstractDiskHttpData_ESTest$6'.
13:35:12.313 [Time-limited test] INFO org.evosuite.runtime.instrumentation.EvoClassLoader - Keeping class: io.netty.handler.codec.http.multipart.AbstractDiskHttpData_ESTest$6
13:35:12.316 [pool-2-thread-1] DEBUG org.evosuite.runtime.sandbox.MSecurityManager - Security manager blocks permission ("java.io.FilePermission" "/tmp/Attr_6559320385259590376_-613242400" "write")
java.lang.Thread.getStackTrace(Thread.java:1564)
org.evosuite.runtime.sandbox.MSecurityManager.checkPermission(MSecurityManager.java:424)
java.lang.SecurityManager.checkWrite(SecurityManager.java:979)
sun.nio.fs.UnixChannelFactory.open(UnixChannelFactory.java:247)
sun.nio.fs.UnixChannelFactory.newFileChannel(UnixChannelFactory.java:136)
sun.nio.fs.UnixChannelFactory.newFileChannel(UnixChannelFactory.java:148)
sun.nio.fs.UnixFileSystemProvider.newByteChannel(UnixFileSystemProvider.java:212)
java.nio.file.Files.newByteChannel(Files.java:361)
java.nio.file.Files.createFile(Files.java:632)
java.nio.file.TempFileHelper.create(TempFileHelper.java:138)
java.nio.file.TempFileHelper.createTempFile(TempFileHelper.java:161)
java.nio.file.Files.createTempFile(Files.java:897)
io.netty.util.internal.PlatformDependent.createTempFile(PlatformDependent.java:1499)
io.netty.handler.codec.http.multipart.AbstractDiskHttpData.tempFile(AbstractDiskHttpData.java:92)
io.netty.handler.codec.http.multipart.AbstractDiskHttpData.addContent(AbstractDiskHttpData.java:163)
io.netty.handler.codec.http.multipart.DiskAttribute.addContent(DiskAttribute.java:138)
io.netty.handler.codec.http.multipart.AbstractDiskHttpData_ESTest$6.run(AbstractDiskHttpData_ESTest.java:605)
java.util.concurrent.Executors$RunnableAdapter.call(Executors.java:511)
java.util.concurrent.FutureTask.run(FutureTask.java:266)
java.util.concurrent.ThreadPoolExecutor.runWorker(ThreadPoolExecutor.java:1149)
java.util.concurrent.ThreadPoolExecutor$Worker.run(ThreadPoolExecutor.java:624)
java.lang.Thread.run(Thread.java:750)

13:35:12.317 [main] DEBUG io.netty.util.internal.logging.InternalLoggerFactory - Using SLF4J as the default logging framework
13:35:12.318 [main] DEBUG io.netty.util.internal.PlatformDependent0 - -Dio.netty.noUnsafe: false
13:35:12.318 [main] DEBUG io.netty.util.internal.PlatformDependent0 - Java version: 8
13:35:12.318 [main] DEBUG io.netty.util.internal.PlatformDependent0 - sun.misc.Unsafe.theUnsafe: available
13:35:12.318 [main] DEBUG io.netty.util.internal.PlatformDependent0 - sun.misc.Unsafe.copyMemory: available
13:35:12.318 [main] DEBUG io.netty.util.internal.PlatformDependent0 - sun.misc.Unsafe.storeFence: available
13:35:12.318 [main] DEBUG io.netty.util.internal.PlatformDependent0 - java.nio.Buffer.address: available
13:35:12.318 [main] DEBUG io.netty.util.internal.PlatformDependent0 - direct buffer constructor: available
13:35:12.318 [main] DEBUG io.netty.util.internal.PlatformDependent0 - java.nio.Bits.unaligned: available, true
13:35:12.318 [main] DEBUG io.netty.util.internal.PlatformDependent0 - jdk.internal.misc.Unsafe.allocateUninitializedArray(int): unavailable prior to Java9
13:35:12.318 [main] DEBUG io.netty.util.internal.PlatformDependent0 - java.nio.DirectByteBuffer.<init>(long, {int,long}): available
13:35:12.318 [main] DEBUG io.netty.util.internal.CleanerJava6 - java.nio.ByteBuffer.cleaner(): available
13:35:12.318 [main] DEBUG io.netty.util.internal.PlatformDependent - sun.misc.Unsafe: available
13:35:12.318 [main] DEBUG io.netty.util.internal.PlatformDependent - -Dio.netty.tmpdir: /tmp (java.io.tmpdir)
13:35:12.319 [main] DEBUG io.netty.util.internal.PlatformDependent - -Dio.netty.bitMode: 64 (sun.arch.data.model)
13:35:12.319 [main] DEBUG io.netty.util.internal.PlatformDependent - -Dio.netty.maxDirectMemory: 11420041216 bytes
13:35:12.319 [main] DEBUG io.netty.util.internal.PlatformDependent - -Dio.netty.uninitializedArrayAllocationThreshold: -1
13:35:12.319 [main] DEBUG io.netty.util.internal.PlatformDependent - -Dio.netty.noPreferDirect: false
13:35:12.320 [main] DEBUG io.netty.util.internal.CleanerJava9 - java.nio.ByteBuffer.cleaner(): unavailable
java.lang.NoSuchMethodException: sun.misc.Unsafe.invokeCleaner(java.nio.ByteBuffer)
	at java.lang.Class.getDeclaredMethod(Class.java:2130)
	at io.netty.util.internal.CleanerJava9$1.run(CleanerJava9.java:45)
	at java.security.AccessController.doPrivileged(Native Method)
	at io.netty.util.internal.CleanerJava9.__STATIC_RESET(CleanerJava9.java:40)
	at sun.reflect.GeneratedMethodAccessor27.invoke(Unknown Source)
	at sun.reflect.DelegatingMethodAccessorImpl.invoke(DelegatingMethodAccessorImpl.java:43)
	at java.lang.reflect.Method.invoke(Method.java:498)
	at org.evosuite.runtime.classhandling.ClassResetter.reset(ClassResetter.java:159)
	at org.evosuite.runtime.classhandling.ClassStateSupport.resetClasses(ClassStateSupport.java:137)
	at io.netty.handler.codec.http.multipart.AbstractDiskHttpData_ESTest_scaffolding.resetClasses(AbstractDiskHttpData_ESTest_scaffolding.java:318)
	at io.netty.handler.codec.http.multipart.AbstractDiskHttpData_ESTest_scaffolding.doneWithTestCase(AbstractDiskHttpData_ESTest_scaffolding.java:74)
	at sun.reflect.GeneratedMethodAccessor6.invoke(Unknown Source)
	at sun.reflect.DelegatingMethodAccessorImpl.invoke(DelegatingMethodAccessorImpl.java:43)
	at java.lang.reflect.Method.invoke(Method.java:498)
	at org.junit.runners.model.FrameworkMethod$1.runReflectiveCall(FrameworkMethod.java:59)
	at org.junit.internal.runners.model.ReflectiveCallable.run(ReflectiveCallable.java:12)
	at org.junit.runners.model.FrameworkMethod.invokeExplosively(FrameworkMethod.java:56)
	at org.junit.internal.runners.statements.RunAfters.invokeMethod(RunAfters.java:46)
	at org.junit.internal.runners.statements.RunAfters.evaluate(RunAfters.java:33)
	at org.evosuite.runtime.vnet.NonFunctionalRequirementRule$1.evaluate(NonFunctionalRequirementRule.java:41)
	at org.junit.runners.ParentRunner$3.evaluate(ParentRunner.java:306)
	at org.junit.runners.BlockJUnit4ClassRunner$1.evaluate(BlockJUnit4ClassRunner.java:100)
	at org.junit.runners.ParentRunner.runLeaf(ParentRunner.java:366)
	at org.junit.runners.BlockJUnit4ClassRunner.runChild(BlockJUnit4ClassRunner.java:103)
	at org.junit.runners.BlockJUnit4ClassRunner.runChild(BlockJUnit4ClassRunner.java:63)
	at org.junit.runners.ParentRunner$4.run(ParentRunner.java:331)
	at org.junit.runners.ParentRunner$1.schedule(ParentRunner.java:79)
	at org.junit.runners.ParentRunner.runChildren(ParentRunner.java:329)
	at org.junit.runners.ParentRunner.access$100(ParentRunner.java:66)
	at org.junit.runners.ParentRunner$2.evaluate(ParentRunner.java:293)
	at org.junit.internal.runners.statements.RunBefores.evaluate(RunBefores.java:26)
	at org.junit.internal.runners.statements.RunAfters.evaluate(RunAfters.java:27)
	at org.junit.runners.ParentRunner$3.evaluate(ParentRunner.java:306)
	at org.junit.runners.ParentRunner.run(ParentRunner.java:413)
	at org.apache.maven.surefire.junit4.JUnit4Provider.execute(JUnit4Provider.java:316)
	at org.apache.maven.surefire.junit4.JUnit4Provider.executeWithRerun(JUnit4Provider.java:240)
	at org.apache.maven.surefire.junit4.JUnit4Provider.executeTestSet(JUnit4Provider.java:214)
	at org.apache.maven.surefire.junit4.JUnit4Provider.invoke(JUnit4Provider.java:155)
	at org.apache.maven.surefire.booter.ForkedBooter.runSuitesInProcess(ForkedBooter.java:385)
	at org.apache.maven.surefire.booter.ForkedBooter.execute(ForkedBooter.java:162)
	at org.apache.maven.surefire.booter.ForkedBooter.run(ForkedBooter.java:507)
	at org.apache.maven.surefire.booter.ForkedBooter.main(ForkedBooter.java:495)
13:35:12.320 [main] DEBUG io.netty.util.ResourceLeakDetector - -Dio.netty.leakDetection.level: simple
13:35:12.320 [main] DEBUG io.netty.util.ResourceLeakDetector - -Dio.netty.leakDetection.targetRecords: 4
13:35:12.321 [main] DEBUG io.netty.buffer.AbstractByteBuf - -Dio.netty.buffer.checkAccessible: true
13:35:12.321 [main] DEBUG io.netty.buffer.AbstractByteBuf - -Dio.netty.buffer.checkBounds: true
13:35:12.321 [main] DEBUG io.netty.util.ResourceLeakDetectorFactory - Loaded default ResourceLeakDetector: io.netty.util.ResourceLeakDetector@5
13:35:12.321 [main] DEBUG io.netty.util.internal.InternalThreadLocalMap - -Dio.netty.threadLocalMap.stringBuilder.initialSize: 1024
13:35:12.321 [main] DEBUG io.netty.util.internal.InternalThreadLocalMap - -Dio.netty.threadLocalMap.stringBuilder.maxSize: 4096
13:35:12.322 [main] DEBUG io.netty.buffer.PooledByteBufAllocator - -Dio.netty.allocator.numHeapArenas: 0
13:35:12.322 [main] DEBUG io.netty.buffer.PooledByteBufAllocator - -Dio.netty.allocator.numDirectArenas: 2
13:35:12.322 [main] DEBUG io.netty.buffer.PooledByteBufAllocator - -Dio.netty.allocator.pageSize: 8192
13:35:12.322 [main] DEBUG io.netty.buffer.PooledByteBufAllocator - -Dio.netty.allocator.maxOrder: 9
13:35:12.322 [main] DEBUG io.netty.buffer.PooledByteBufAllocator - -Dio.netty.allocator.chunkSize: 4194304
13:35:12.322 [main] DEBUG io.netty.buffer.PooledByteBufAllocator - -Dio.netty.allocator.smallCacheSize: 256
13:35:12.322 [main] DEBUG io.netty.buffer.PooledByteBufAllocator - -Dio.netty.allocator.normalCacheSize: 64
13:35:12.322 [main] DEBUG io.netty.buffer.PooledByteBufAllocator - -Dio.netty.allocator.maxCachedBufferCapacity: 32768
13:35:12.322 [main] DEBUG io.netty.buffer.PooledByteBufAllocator - -Dio.netty.allocator.cacheTrimInterval: 8192
13:35:12.322 [main] DEBUG io.netty.buffer.PooledByteBufAllocator - -Dio.netty.allocator.cacheTrimIntervalMillis: 0
13:35:12.322 [main] DEBUG io.netty.buffer.PooledByteBufAllocator - -Dio.netty.allocator.useCacheForAllThreads: false
13:35:12.322 [main] DEBUG io.netty.buffer.PooledByteBufAllocator - -Dio.netty.allocator.maxCachedByteBuffersPerChunk: 1023
13:35:12.322 [main] DEBUG io.netty.buffer.ByteBufUtil - -Dio.netty.allocator.type: pooled
13:35:12.322 [main] DEBUG io.netty.buffer.ByteBufUtil - -Dio.netty.threadLocalDirectBufferSize: 0
13:35:12.322 [main] DEBUG io.netty.buffer.ByteBufUtil - -Dio.netty.maxThreadLocalCharBufferSize: 16384
13:35:12.324 [main] DEBUG io.netty.util.Recycler - -Dio.netty.recycler.maxCapacityPerThread: 4096
13:35:12.324 [main] DEBUG io.netty.util.Recycler - -Dio.netty.recycler.ratio: 8
13:35:12.324 [main] DEBUG io.netty.util.Recycler - -Dio.netty.recycler.chunkSize: 32
13:35:12.324 [main] DEBUG io.netty.util.Recycler - -Dio.netty.recycler.blocking: false
13:35:12.324 [main] DEBUG io.netty.util.Recycler - -Dio.netty.recycler.batchFastThreadLocalOnly: true
13:35:12.324 [main] DEBUG io.netty.util.internal.PlatformDependent - org.jctools-core.MpscChunkedArrayQueue: available
]]></system-out>
  </testcase>
  <testcase name="test33" classname="io.netty.handler.codec.http.multipart.AbstractDiskHttpData_ESTest" time="0.02">
    <system-out><![CDATA[13:35:12.336 [main] DEBUG io.netty.util.internal.logging.InternalLoggerFactory - Using SLF4J as the default logging framework
13:35:12.336 [main] DEBUG io.netty.util.internal.PlatformDependent0 - -Dio.netty.noUnsafe: false
13:35:12.336 [main] DEBUG io.netty.util.internal.PlatformDependent0 - Java version: 8
13:35:12.336 [main] DEBUG io.netty.util.internal.PlatformDependent0 - sun.misc.Unsafe.theUnsafe: available
13:35:12.337 [main] DEBUG io.netty.util.internal.PlatformDependent0 - sun.misc.Unsafe.copyMemory: available
13:35:12.337 [main] DEBUG io.netty.util.internal.PlatformDependent0 - sun.misc.Unsafe.storeFence: available
13:35:12.337 [main] DEBUG io.netty.util.internal.PlatformDependent0 - java.nio.Buffer.address: available
13:35:12.337 [main] DEBUG io.netty.util.internal.PlatformDependent0 - direct buffer constructor: available
13:35:12.337 [main] DEBUG io.netty.util.internal.PlatformDependent0 - java.nio.Bits.unaligned: available, true
13:35:12.337 [main] DEBUG io.netty.util.internal.PlatformDependent0 - jdk.internal.misc.Unsafe.allocateUninitializedArray(int): unavailable prior to Java9
13:35:12.337 [main] DEBUG io.netty.util.internal.PlatformDependent0 - java.nio.DirectByteBuffer.<init>(long, {int,long}): available
13:35:12.337 [main] DEBUG io.netty.util.internal.CleanerJava6 - java.nio.ByteBuffer.cleaner(): available
13:35:12.337 [main] DEBUG io.netty.util.internal.PlatformDependent - sun.misc.Unsafe: available
13:35:12.337 [main] DEBUG io.netty.util.internal.PlatformDependent - -Dio.netty.tmpdir: /tmp (java.io.tmpdir)
13:35:12.337 [main] DEBUG io.netty.util.internal.PlatformDependent - -Dio.netty.bitMode: 64 (sun.arch.data.model)
13:35:12.337 [main] DEBUG io.netty.util.internal.PlatformDependent - -Dio.netty.maxDirectMemory: 11420041216 bytes
13:35:12.337 [main] DEBUG io.netty.util.internal.PlatformDependent - -Dio.netty.uninitializedArrayAllocationThreshold: -1
13:35:12.337 [main] DEBUG io.netty.util.internal.PlatformDependent - -Dio.netty.noPreferDirect: false
13:35:12.338 [main] DEBUG io.netty.util.internal.CleanerJava9 - java.nio.ByteBuffer.cleaner(): unavailable
java.lang.NoSuchMethodException: sun.misc.Unsafe.invokeCleaner(java.nio.ByteBuffer)
	at java.lang.Class.getDeclaredMethod(Class.java:2130)
	at io.netty.util.internal.CleanerJava9$1.run(CleanerJava9.java:45)
	at java.security.AccessController.doPrivileged(Native Method)
	at io.netty.util.internal.CleanerJava9.__STATIC_RESET(CleanerJava9.java:40)
	at sun.reflect.GeneratedMethodAccessor27.invoke(Unknown Source)
	at sun.reflect.DelegatingMethodAccessorImpl.invoke(DelegatingMethodAccessorImpl.java:43)
	at java.lang.reflect.Method.invoke(Method.java:498)
	at org.evosuite.runtime.classhandling.ClassResetter.reset(ClassResetter.java:159)
	at org.evosuite.runtime.classhandling.ClassStateSupport.resetClasses(ClassStateSupport.java:137)
	at io.netty.handler.codec.http.multipart.AbstractDiskHttpData_ESTest_scaffolding.resetClasses(AbstractDiskHttpData_ESTest_scaffolding.java:318)
	at io.netty.handler.codec.http.multipart.AbstractDiskHttpData_ESTest_scaffolding.doneWithTestCase(AbstractDiskHttpData_ESTest_scaffolding.java:74)
	at sun.reflect.GeneratedMethodAccessor6.invoke(Unknown Source)
	at sun.reflect.DelegatingMethodAccessorImpl.invoke(DelegatingMethodAccessorImpl.java:43)
	at java.lang.reflect.Method.invoke(Method.java:498)
	at org.junit.runners.model.FrameworkMethod$1.runReflectiveCall(FrameworkMethod.java:59)
	at org.junit.internal.runners.model.ReflectiveCallable.run(ReflectiveCallable.java:12)
	at org.junit.runners.model.FrameworkMethod.invokeExplosively(FrameworkMethod.java:56)
	at org.junit.internal.runners.statements.RunAfters.invokeMethod(RunAfters.java:46)
	at org.junit.internal.runners.statements.RunAfters.evaluate(RunAfters.java:33)
	at org.evosuite.runtime.vnet.NonFunctionalRequirementRule$1.evaluate(NonFunctionalRequirementRule.java:41)
	at org.junit.runners.ParentRunner$3.evaluate(ParentRunner.java:306)
	at org.junit.runners.BlockJUnit4ClassRunner$1.evaluate(BlockJUnit4ClassRunner.java:100)
	at org.junit.runners.ParentRunner.runLeaf(ParentRunner.java:366)
	at org.junit.runners.BlockJUnit4ClassRunner.runChild(BlockJUnit4ClassRunner.java:103)
	at org.junit.runners.BlockJUnit4ClassRunner.runChild(BlockJUnit4ClassRunner.java:63)
	at org.junit.runners.ParentRunner$4.run(ParentRunner.java:331)
	at org.junit.runners.ParentRunner$1.schedule(ParentRunner.java:79)
	at org.junit.runners.ParentRunner.runChildren(ParentRunner.java:329)
	at org.junit.runners.ParentRunner.access$100(ParentRunner.java:66)
	at org.junit.runners.ParentRunner$2.evaluate(ParentRunner.java:293)
	at org.junit.internal.runners.statements.RunBefores.evaluate(RunBefores.java:26)
	at org.junit.internal.runners.statements.RunAfters.evaluate(RunAfters.java:27)
	at org.junit.runners.ParentRunner$3.evaluate(ParentRunner.java:306)
	at org.junit.runners.ParentRunner.run(ParentRunner.java:413)
	at org.apache.maven.surefire.junit4.JUnit4Provider.execute(JUnit4Provider.java:316)
	at org.apache.maven.surefire.junit4.JUnit4Provider.executeWithRerun(JUnit4Provider.java:240)
	at org.apache.maven.surefire.junit4.JUnit4Provider.executeTestSet(JUnit4Provider.java:214)
	at org.apache.maven.surefire.junit4.JUnit4Provider.invoke(JUnit4Provider.java:155)
	at org.apache.maven.surefire.booter.ForkedBooter.runSuitesInProcess(ForkedBooter.java:385)
	at org.apache.maven.surefire.booter.ForkedBooter.execute(ForkedBooter.java:162)
	at org.apache.maven.surefire.booter.ForkedBooter.run(ForkedBooter.java:507)
	at org.apache.maven.surefire.booter.ForkedBooter.main(ForkedBooter.java:495)
13:35:12.339 [main] DEBUG io.netty.util.ResourceLeakDetector - -Dio.netty.leakDetection.level: simple
13:35:12.339 [main] DEBUG io.netty.util.ResourceLeakDetector - -Dio.netty.leakDetection.targetRecords: 4
13:35:12.340 [main] DEBUG io.netty.buffer.AbstractByteBuf - -Dio.netty.buffer.checkAccessible: true
13:35:12.340 [main] DEBUG io.netty.buffer.AbstractByteBuf - -Dio.netty.buffer.checkBounds: true
13:35:12.340 [main] DEBUG io.netty.util.ResourceLeakDetectorFactory - Loaded default ResourceLeakDetector: io.netty.util.ResourceLeakDetector@5
13:35:12.340 [main] DEBUG io.netty.util.internal.InternalThreadLocalMap - -Dio.netty.threadLocalMap.stringBuilder.initialSize: 1024
13:35:12.340 [main] DEBUG io.netty.util.internal.InternalThreadLocalMap - -Dio.netty.threadLocalMap.stringBuilder.maxSize: 4096
13:35:12.340 [main] DEBUG io.netty.buffer.PooledByteBufAllocator - -Dio.netty.allocator.numHeapArenas: 0
13:35:12.340 [main] DEBUG io.netty.buffer.PooledByteBufAllocator - -Dio.netty.allocator.numDirectArenas: 2
13:35:12.340 [main] DEBUG io.netty.buffer.PooledByteBufAllocator - -Dio.netty.allocator.pageSize: 8192
13:35:12.340 [main] DEBUG io.netty.buffer.PooledByteBufAllocator - -Dio.netty.allocator.maxOrder: 9
13:35:12.340 [main] DEBUG io.netty.buffer.PooledByteBufAllocator - -Dio.netty.allocator.chunkSize: 4194304
13:35:12.340 [main] DEBUG io.netty.buffer.PooledByteBufAllocator - -Dio.netty.allocator.smallCacheSize: 256
13:35:12.340 [main] DEBUG io.netty.buffer.PooledByteBufAllocator - -Dio.netty.allocator.normalCacheSize: 64
13:35:12.340 [main] DEBUG io.netty.buffer.PooledByteBufAllocator - -Dio.netty.allocator.maxCachedBufferCapacity: 32768
13:35:12.340 [main] DEBUG io.netty.buffer.PooledByteBufAllocator - -Dio.netty.allocator.cacheTrimInterval: 8192
13:35:12.340 [main] DEBUG io.netty.buffer.PooledByteBufAllocator - -Dio.netty.allocator.cacheTrimIntervalMillis: 0
13:35:12.340 [main] DEBUG io.netty.buffer.PooledByteBufAllocator - -Dio.netty.allocator.useCacheForAllThreads: false
13:35:12.340 [main] DEBUG io.netty.buffer.PooledByteBufAllocator - -Dio.netty.allocator.maxCachedByteBuffersPerChunk: 1023
13:35:12.341 [main] DEBUG io.netty.buffer.ByteBufUtil - -Dio.netty.allocator.type: pooled
13:35:12.341 [main] DEBUG io.netty.buffer.ByteBufUtil - -Dio.netty.threadLocalDirectBufferSize: 0
13:35:12.341 [main] DEBUG io.netty.buffer.ByteBufUtil - -Dio.netty.maxThreadLocalCharBufferSize: 16384
13:35:12.342 [main] DEBUG io.netty.util.Recycler - -Dio.netty.recycler.maxCapacityPerThread: 4096
13:35:12.342 [main] DEBUG io.netty.util.Recycler - -Dio.netty.recycler.ratio: 8
13:35:12.342 [main] DEBUG io.netty.util.Recycler - -Dio.netty.recycler.chunkSize: 32
13:35:12.342 [main] DEBUG io.netty.util.Recycler - -Dio.netty.recycler.blocking: false
13:35:12.342 [main] DEBUG io.netty.util.Recycler - -Dio.netty.recycler.batchFastThreadLocalOnly: true
13:35:12.342 [main] DEBUG io.netty.util.internal.PlatformDependent - org.jctools-core.MpscChunkedArrayQueue: available
]]></system-out>
  </testcase>
  <testcase name="test36" classname="io.netty.handler.codec.http.multipart.AbstractDiskHttpData_ESTest" time="0.037">
    <system-out><![CDATA[13:35:12.368 [main] INFO org.evosuite.runtime.thread.ThreadStopper - Found new thread
13:35:12.369 [main] DEBUG io.netty.util.internal.logging.InternalLoggerFactory - Using SLF4J as the default logging framework
13:35:12.369 [main] DEBUG io.netty.util.internal.PlatformDependent0 - -Dio.netty.noUnsafe: false
13:35:12.369 [main] DEBUG io.netty.util.internal.PlatformDependent0 - Java version: 8
13:35:12.369 [main] DEBUG io.netty.util.internal.PlatformDependent0 - sun.misc.Unsafe.theUnsafe: available
13:35:12.369 [main] DEBUG io.netty.util.internal.PlatformDependent0 - sun.misc.Unsafe.copyMemory: available
13:35:12.369 [main] DEBUG io.netty.util.internal.PlatformDependent0 - sun.misc.Unsafe.storeFence: available
13:35:12.369 [main] DEBUG io.netty.util.internal.PlatformDependent0 - java.nio.Buffer.address: available
13:35:12.369 [main] DEBUG io.netty.util.internal.PlatformDependent0 - direct buffer constructor: available
13:35:12.369 [main] DEBUG io.netty.util.internal.PlatformDependent0 - java.nio.Bits.unaligned: available, true
13:35:12.369 [main] DEBUG io.netty.util.internal.PlatformDependent0 - jdk.internal.misc.Unsafe.allocateUninitializedArray(int): unavailable prior to Java9
13:35:12.369 [main] DEBUG io.netty.util.internal.PlatformDependent0 - java.nio.DirectByteBuffer.<init>(long, {int,long}): available
13:35:12.369 [main] DEBUG io.netty.util.internal.CleanerJava6 - java.nio.ByteBuffer.cleaner(): available
13:35:12.369 [main] DEBUG io.netty.util.internal.PlatformDependent - sun.misc.Unsafe: available
13:35:12.369 [main] DEBUG io.netty.util.internal.PlatformDependent - -Dio.netty.tmpdir: /tmp (java.io.tmpdir)
13:35:12.369 [main] DEBUG io.netty.util.internal.PlatformDependent - -Dio.netty.bitMode: 64 (sun.arch.data.model)
13:35:12.370 [main] DEBUG io.netty.util.internal.PlatformDependent - -Dio.netty.maxDirectMemory: 11420041216 bytes
13:35:12.370 [main] DEBUG io.netty.util.internal.PlatformDependent - -Dio.netty.uninitializedArrayAllocationThreshold: -1
13:35:12.370 [main] DEBUG io.netty.util.internal.PlatformDependent - -Dio.netty.noPreferDirect: false
13:35:12.371 [main] DEBUG io.netty.util.internal.CleanerJava9 - java.nio.ByteBuffer.cleaner(): unavailable
java.lang.NoSuchMethodException: sun.misc.Unsafe.invokeCleaner(java.nio.ByteBuffer)
	at java.lang.Class.getDeclaredMethod(Class.java:2130)
	at io.netty.util.internal.CleanerJava9$1.run(CleanerJava9.java:45)
	at java.security.AccessController.doPrivileged(Native Method)
	at io.netty.util.internal.CleanerJava9.__STATIC_RESET(CleanerJava9.java:40)
	at sun.reflect.GeneratedMethodAccessor27.invoke(Unknown Source)
	at sun.reflect.DelegatingMethodAccessorImpl.invoke(DelegatingMethodAccessorImpl.java:43)
	at java.lang.reflect.Method.invoke(Method.java:498)
	at org.evosuite.runtime.classhandling.ClassResetter.reset(ClassResetter.java:159)
	at org.evosuite.runtime.classhandling.ClassStateSupport.resetClasses(ClassStateSupport.java:137)
	at io.netty.handler.codec.http.multipart.AbstractDiskHttpData_ESTest_scaffolding.resetClasses(AbstractDiskHttpData_ESTest_scaffolding.java:318)
	at io.netty.handler.codec.http.multipart.AbstractDiskHttpData_ESTest_scaffolding.doneWithTestCase(AbstractDiskHttpData_ESTest_scaffolding.java:74)
	at sun.reflect.GeneratedMethodAccessor6.invoke(Unknown Source)
	at sun.reflect.DelegatingMethodAccessorImpl.invoke(DelegatingMethodAccessorImpl.java:43)
	at java.lang.reflect.Method.invoke(Method.java:498)
	at org.junit.runners.model.FrameworkMethod$1.runReflectiveCall(FrameworkMethod.java:59)
	at org.junit.internal.runners.model.ReflectiveCallable.run(ReflectiveCallable.java:12)
	at org.junit.runners.model.FrameworkMethod.invokeExplosively(FrameworkMethod.java:56)
	at org.junit.internal.runners.statements.RunAfters.invokeMethod(RunAfters.java:46)
	at org.junit.internal.runners.statements.RunAfters.evaluate(RunAfters.java:33)
	at org.evosuite.runtime.vnet.NonFunctionalRequirementRule$1.evaluate(NonFunctionalRequirementRule.java:41)
	at org.junit.runners.ParentRunner$3.evaluate(ParentRunner.java:306)
	at org.junit.runners.BlockJUnit4ClassRunner$1.evaluate(BlockJUnit4ClassRunner.java:100)
	at org.junit.runners.ParentRunner.runLeaf(ParentRunner.java:366)
	at org.junit.runners.BlockJUnit4ClassRunner.runChild(BlockJUnit4ClassRunner.java:103)
	at org.junit.runners.BlockJUnit4ClassRunner.runChild(BlockJUnit4ClassRunner.java:63)
	at org.junit.runners.ParentRunner$4.run(ParentRunner.java:331)
	at org.junit.runners.ParentRunner$1.schedule(ParentRunner.java:79)
	at org.junit.runners.ParentRunner.runChildren(ParentRunner.java:329)
	at org.junit.runners.ParentRunner.access$100(ParentRunner.java:66)
	at org.junit.runners.ParentRunner$2.evaluate(ParentRunner.java:293)
	at org.junit.internal.runners.statements.RunBefores.evaluate(RunBefores.java:26)
	at org.junit.internal.runners.statements.RunAfters.evaluate(RunAfters.java:27)
	at org.junit.runners.ParentRunner$3.evaluate(ParentRunner.java:306)
	at org.junit.runners.ParentRunner.run(ParentRunner.java:413)
	at org.apache.maven.surefire.junit4.JUnit4Provider.execute(JUnit4Provider.java:316)
	at org.apache.maven.surefire.junit4.JUnit4Provider.executeWithRerun(JUnit4Provider.java:240)
	at org.apache.maven.surefire.junit4.JUnit4Provider.executeTestSet(JUnit4Provider.java:214)
	at org.apache.maven.surefire.junit4.JUnit4Provider.invoke(JUnit4Provider.java:155)
	at org.apache.maven.surefire.booter.ForkedBooter.runSuitesInProcess(ForkedBooter.java:385)
	at org.apache.maven.surefire.booter.ForkedBooter.execute(ForkedBooter.java:162)
	at org.apache.maven.surefire.booter.ForkedBooter.run(ForkedBooter.java:507)
	at org.apache.maven.surefire.booter.ForkedBooter.main(ForkedBooter.java:495)
13:35:12.371 [main] DEBUG io.netty.util.ResourceLeakDetector - -Dio.netty.leakDetection.level: simple
13:35:12.371 [main] DEBUG io.netty.util.ResourceLeakDetector - -Dio.netty.leakDetection.targetRecords: 4
13:35:12.372 [main] DEBUG io.netty.buffer.AbstractByteBuf - -Dio.netty.buffer.checkAccessible: true
13:35:12.372 [main] DEBUG io.netty.buffer.AbstractByteBuf - -Dio.netty.buffer.checkBounds: true
13:35:12.372 [main] DEBUG io.netty.util.ResourceLeakDetectorFactory - Loaded default ResourceLeakDetector: io.netty.util.ResourceLeakDetector@5
13:35:12.373 [main] DEBUG io.netty.util.internal.InternalThreadLocalMap - -Dio.netty.threadLocalMap.stringBuilder.initialSize: 1024
13:35:12.373 [main] DEBUG io.netty.util.internal.InternalThreadLocalMap - -Dio.netty.threadLocalMap.stringBuilder.maxSize: 4096
13:35:12.373 [main] DEBUG io.netty.buffer.PooledByteBufAllocator - -Dio.netty.allocator.numHeapArenas: 0
13:35:12.373 [main] DEBUG io.netty.buffer.PooledByteBufAllocator - -Dio.netty.allocator.numDirectArenas: 2
13:35:12.373 [main] DEBUG io.netty.buffer.PooledByteBufAllocator - -Dio.netty.allocator.pageSize: 8192
13:35:12.373 [main] DEBUG io.netty.buffer.PooledByteBufAllocator - -Dio.netty.allocator.maxOrder: 9
13:35:12.373 [main] DEBUG io.netty.buffer.PooledByteBufAllocator - -Dio.netty.allocator.chunkSize: 4194304
13:35:12.373 [main] DEBUG io.netty.buffer.PooledByteBufAllocator - -Dio.netty.allocator.smallCacheSize: 256
13:35:12.373 [main] DEBUG io.netty.buffer.PooledByteBufAllocator - -Dio.netty.allocator.normalCacheSize: 64
13:35:12.373 [main] DEBUG io.netty.buffer.PooledByteBufAllocator - -Dio.netty.allocator.maxCachedBufferCapacity: 32768
13:35:12.373 [main] DEBUG io.netty.buffer.PooledByteBufAllocator - -Dio.netty.allocator.cacheTrimInterval: 8192
13:35:12.373 [main] DEBUG io.netty.buffer.PooledByteBufAllocator - -Dio.netty.allocator.cacheTrimIntervalMillis: 0
13:35:12.373 [main] DEBUG io.netty.buffer.PooledByteBufAllocator - -Dio.netty.allocator.useCacheForAllThreads: false
13:35:12.373 [main] DEBUG io.netty.buffer.PooledByteBufAllocator - -Dio.netty.allocator.maxCachedByteBuffersPerChunk: 1023
13:35:12.374 [main] DEBUG io.netty.buffer.ByteBufUtil - -Dio.netty.allocator.type: pooled
13:35:12.374 [main] DEBUG io.netty.buffer.ByteBufUtil - -Dio.netty.threadLocalDirectBufferSize: 0
13:35:12.374 [main] DEBUG io.netty.buffer.ByteBufUtil - -Dio.netty.maxThreadLocalCharBufferSize: 16384
13:35:12.375 [main] DEBUG io.netty.util.Recycler - -Dio.netty.recycler.maxCapacityPerThread: 4096
13:35:12.375 [main] DEBUG io.netty.util.Recycler - -Dio.netty.recycler.ratio: 8
13:35:12.375 [main] DEBUG io.netty.util.Recycler - -Dio.netty.recycler.chunkSize: 32
13:35:12.375 [main] DEBUG io.netty.util.Recycler - -Dio.netty.recycler.blocking: false
13:35:12.375 [main] DEBUG io.netty.util.Recycler - -Dio.netty.recycler.batchFastThreadLocalOnly: true
13:35:12.375 [main] DEBUG io.netty.util.internal.PlatformDependent - org.jctools-core.MpscChunkedArrayQueue: available
]]></system-out>
  </testcase>
  <testcase name="test35" classname="io.netty.handler.codec.http.multipart.AbstractDiskHttpData_ESTest" time="0.025">
    <system-out><![CDATA[13:35:12.394 [main] INFO org.evosuite.runtime.thread.ThreadStopper - Found new thread
13:35:12.394 [main] DEBUG io.netty.util.internal.logging.InternalLoggerFactory - Using SLF4J as the default logging framework
13:35:12.394 [main] DEBUG io.netty.util.internal.PlatformDependent0 - -Dio.netty.noUnsafe: false
13:35:12.394 [main] DEBUG io.netty.util.internal.PlatformDependent0 - Java version: 8
13:35:12.394 [main] DEBUG io.netty.util.internal.PlatformDependent0 - sun.misc.Unsafe.theUnsafe: available
13:35:12.394 [main] DEBUG io.netty.util.internal.PlatformDependent0 - sun.misc.Unsafe.copyMemory: available
13:35:12.394 [main] DEBUG io.netty.util.internal.PlatformDependent0 - sun.misc.Unsafe.storeFence: available
13:35:12.394 [main] DEBUG io.netty.util.internal.PlatformDependent0 - java.nio.Buffer.address: available
13:35:12.394 [main] DEBUG io.netty.util.internal.PlatformDependent0 - direct buffer constructor: available
13:35:12.394 [main] DEBUG io.netty.util.internal.PlatformDependent0 - java.nio.Bits.unaligned: available, true
13:35:12.394 [main] DEBUG io.netty.util.internal.PlatformDependent0 - jdk.internal.misc.Unsafe.allocateUninitializedArray(int): unavailable prior to Java9
13:35:12.394 [main] DEBUG io.netty.util.internal.PlatformDependent0 - java.nio.DirectByteBuffer.<init>(long, {int,long}): available
13:35:12.395 [main] DEBUG io.netty.util.internal.CleanerJava6 - java.nio.ByteBuffer.cleaner(): available
13:35:12.395 [main] DEBUG io.netty.util.internal.PlatformDependent - sun.misc.Unsafe: available
13:35:12.395 [main] DEBUG io.netty.util.internal.PlatformDependent - -Dio.netty.tmpdir: /tmp (java.io.tmpdir)
13:35:12.395 [main] DEBUG io.netty.util.internal.PlatformDependent - -Dio.netty.bitMode: 64 (sun.arch.data.model)
13:35:12.395 [main] DEBUG io.netty.util.internal.PlatformDependent - -Dio.netty.maxDirectMemory: 11420041216 bytes
13:35:12.395 [main] DEBUG io.netty.util.internal.PlatformDependent - -Dio.netty.uninitializedArrayAllocationThreshold: -1
13:35:12.395 [main] DEBUG io.netty.util.internal.PlatformDependent - -Dio.netty.noPreferDirect: false
13:35:12.396 [main] DEBUG io.netty.util.internal.CleanerJava9 - java.nio.ByteBuffer.cleaner(): unavailable
java.lang.NoSuchMethodException: sun.misc.Unsafe.invokeCleaner(java.nio.ByteBuffer)
	at java.lang.Class.getDeclaredMethod(Class.java:2130)
	at io.netty.util.internal.CleanerJava9$1.run(CleanerJava9.java:45)
	at java.security.AccessController.doPrivileged(Native Method)
	at io.netty.util.internal.CleanerJava9.__STATIC_RESET(CleanerJava9.java:40)
	at sun.reflect.GeneratedMethodAccessor27.invoke(Unknown Source)
	at sun.reflect.DelegatingMethodAccessorImpl.invoke(DelegatingMethodAccessorImpl.java:43)
	at java.lang.reflect.Method.invoke(Method.java:498)
	at org.evosuite.runtime.classhandling.ClassResetter.reset(ClassResetter.java:159)
	at org.evosuite.runtime.classhandling.ClassStateSupport.resetClasses(ClassStateSupport.java:137)
	at io.netty.handler.codec.http.multipart.AbstractDiskHttpData_ESTest_scaffolding.resetClasses(AbstractDiskHttpData_ESTest_scaffolding.java:318)
	at io.netty.handler.codec.http.multipart.AbstractDiskHttpData_ESTest_scaffolding.doneWithTestCase(AbstractDiskHttpData_ESTest_scaffolding.java:74)
	at sun.reflect.GeneratedMethodAccessor6.invoke(Unknown Source)
	at sun.reflect.DelegatingMethodAccessorImpl.invoke(DelegatingMethodAccessorImpl.java:43)
	at java.lang.reflect.Method.invoke(Method.java:498)
	at org.junit.runners.model.FrameworkMethod$1.runReflectiveCall(FrameworkMethod.java:59)
	at org.junit.internal.runners.model.ReflectiveCallable.run(ReflectiveCallable.java:12)
	at org.junit.runners.model.FrameworkMethod.invokeExplosively(FrameworkMethod.java:56)
	at org.junit.internal.runners.statements.RunAfters.invokeMethod(RunAfters.java:46)
	at org.junit.internal.runners.statements.RunAfters.evaluate(RunAfters.java:33)
	at org.evosuite.runtime.vnet.NonFunctionalRequirementRule$1.evaluate(NonFunctionalRequirementRule.java:41)
	at org.junit.runners.ParentRunner$3.evaluate(ParentRunner.java:306)
	at org.junit.runners.BlockJUnit4ClassRunner$1.evaluate(BlockJUnit4ClassRunner.java:100)
	at org.junit.runners.ParentRunner.runLeaf(ParentRunner.java:366)
	at org.junit.runners.BlockJUnit4ClassRunner.runChild(BlockJUnit4ClassRunner.java:103)
	at org.junit.runners.BlockJUnit4ClassRunner.runChild(BlockJUnit4ClassRunner.java:63)
	at org.junit.runners.ParentRunner$4.run(ParentRunner.java:331)
	at org.junit.runners.ParentRunner$1.schedule(ParentRunner.java:79)
	at org.junit.runners.ParentRunner.runChildren(ParentRunner.java:329)
	at org.junit.runners.ParentRunner.access$100(ParentRunner.java:66)
	at org.junit.runners.ParentRunner$2.evaluate(ParentRunner.java:293)
	at org.junit.internal.runners.statements.RunBefores.evaluate(RunBefores.java:26)
	at org.junit.internal.runners.statements.RunAfters.evaluate(RunAfters.java:27)
	at org.junit.runners.ParentRunner$3.evaluate(ParentRunner.java:306)
	at org.junit.runners.ParentRunner.run(ParentRunner.java:413)
	at org.apache.maven.surefire.junit4.JUnit4Provider.execute(JUnit4Provider.java:316)
	at org.apache.maven.surefire.junit4.JUnit4Provider.executeWithRerun(JUnit4Provider.java:240)
	at org.apache.maven.surefire.junit4.JUnit4Provider.executeTestSet(JUnit4Provider.java:214)
	at org.apache.maven.surefire.junit4.JUnit4Provider.invoke(JUnit4Provider.java:155)
	at org.apache.maven.surefire.booter.ForkedBooter.runSuitesInProcess(ForkedBooter.java:385)
	at org.apache.maven.surefire.booter.ForkedBooter.execute(ForkedBooter.java:162)
	at org.apache.maven.surefire.booter.ForkedBooter.run(ForkedBooter.java:507)
	at org.apache.maven.surefire.booter.ForkedBooter.main(ForkedBooter.java:495)
13:35:12.396 [main] DEBUG io.netty.util.ResourceLeakDetector - -Dio.netty.leakDetection.level: simple
13:35:12.396 [main] DEBUG io.netty.util.ResourceLeakDetector - -Dio.netty.leakDetection.targetRecords: 4
13:35:12.397 [main] DEBUG io.netty.buffer.AbstractByteBuf - -Dio.netty.buffer.checkAccessible: true
13:35:12.397 [main] DEBUG io.netty.buffer.AbstractByteBuf - -Dio.netty.buffer.checkBounds: true
13:35:12.397 [main] DEBUG io.netty.util.ResourceLeakDetectorFactory - Loaded default ResourceLeakDetector: io.netty.util.ResourceLeakDetector@5
13:35:12.397 [main] DEBUG io.netty.util.internal.InternalThreadLocalMap - -Dio.netty.threadLocalMap.stringBuilder.initialSize: 1024
13:35:12.397 [main] DEBUG io.netty.util.internal.InternalThreadLocalMap - -Dio.netty.threadLocalMap.stringBuilder.maxSize: 4096
13:35:12.398 [main] DEBUG io.netty.buffer.PooledByteBufAllocator - -Dio.netty.allocator.numHeapArenas: 0
13:35:12.398 [main] DEBUG io.netty.buffer.PooledByteBufAllocator - -Dio.netty.allocator.numDirectArenas: 2
13:35:12.398 [main] DEBUG io.netty.buffer.PooledByteBufAllocator - -Dio.netty.allocator.pageSize: 8192
13:35:12.398 [main] DEBUG io.netty.buffer.PooledByteBufAllocator - -Dio.netty.allocator.maxOrder: 9
13:35:12.398 [main] DEBUG io.netty.buffer.PooledByteBufAllocator - -Dio.netty.allocator.chunkSize: 4194304
13:35:12.398 [main] DEBUG io.netty.buffer.PooledByteBufAllocator - -Dio.netty.allocator.smallCacheSize: 256
13:35:12.398 [main] DEBUG io.netty.buffer.PooledByteBufAllocator - -Dio.netty.allocator.normalCacheSize: 64
13:35:12.398 [main] DEBUG io.netty.buffer.PooledByteBufAllocator - -Dio.netty.allocator.maxCachedBufferCapacity: 32768
13:35:12.398 [main] DEBUG io.netty.buffer.PooledByteBufAllocator - -Dio.netty.allocator.cacheTrimInterval: 8192
13:35:12.398 [main] DEBUG io.netty.buffer.PooledByteBufAllocator - -Dio.netty.allocator.cacheTrimIntervalMillis: 0
13:35:12.398 [main] DEBUG io.netty.buffer.PooledByteBufAllocator - -Dio.netty.allocator.useCacheForAllThreads: false
13:35:12.398 [main] DEBUG io.netty.buffer.PooledByteBufAllocator - -Dio.netty.allocator.maxCachedByteBuffersPerChunk: 1023
13:35:12.399 [main] DEBUG io.netty.buffer.ByteBufUtil - -Dio.netty.allocator.type: pooled
13:35:12.399 [main] DEBUG io.netty.buffer.ByteBufUtil - -Dio.netty.threadLocalDirectBufferSize: 0
13:35:12.399 [main] DEBUG io.netty.buffer.ByteBufUtil - -Dio.netty.maxThreadLocalCharBufferSize: 16384
13:35:12.400 [main] DEBUG io.netty.util.Recycler - -Dio.netty.recycler.maxCapacityPerThread: 4096
13:35:12.400 [main] DEBUG io.netty.util.Recycler - -Dio.netty.recycler.ratio: 8
13:35:12.400 [main] DEBUG io.netty.util.Recycler - -Dio.netty.recycler.chunkSize: 32
13:35:12.400 [main] DEBUG io.netty.util.Recycler - -Dio.netty.recycler.blocking: false
13:35:12.400 [main] DEBUG io.netty.util.Recycler - -Dio.netty.recycler.batchFastThreadLocalOnly: true
13:35:12.400 [main] DEBUG io.netty.util.internal.PlatformDependent - org.jctools-core.MpscChunkedArrayQueue: available
]]></system-out>
  </testcase>
  <testcase name="test38" classname="io.netty.handler.codec.http.multipart.AbstractDiskHttpData_ESTest" time="0.016">
    <system-out><![CDATA[13:35:12.431 [main] INFO org.evosuite.runtime.thread.ThreadStopper - Found new thread
13:35:12.432 [main] DEBUG io.netty.util.internal.logging.InternalLoggerFactory - Using SLF4J as the default logging framework
13:35:12.433 [main] DEBUG io.netty.util.internal.PlatformDependent0 - -Dio.netty.noUnsafe: false
13:35:12.433 [main] DEBUG io.netty.util.internal.PlatformDependent0 - Java version: 8
13:35:12.433 [main] DEBUG io.netty.util.internal.PlatformDependent0 - sun.misc.Unsafe.theUnsafe: available
13:35:12.433 [main] DEBUG io.netty.util.internal.PlatformDependent0 - sun.misc.Unsafe.copyMemory: available
13:35:12.433 [main] DEBUG io.netty.util.internal.PlatformDependent0 - sun.misc.Unsafe.storeFence: available
13:35:12.433 [main] DEBUG io.netty.util.internal.PlatformDependent0 - java.nio.Buffer.address: available
13:35:12.433 [main] DEBUG io.netty.util.internal.PlatformDependent0 - direct buffer constructor: available
13:35:12.433 [main] DEBUG io.netty.util.internal.PlatformDependent0 - java.nio.Bits.unaligned: available, true
13:35:12.434 [main] DEBUG io.netty.util.internal.PlatformDependent0 - jdk.internal.misc.Unsafe.allocateUninitializedArray(int): unavailable prior to Java9
13:35:12.434 [main] DEBUG io.netty.util.internal.PlatformDependent0 - java.nio.DirectByteBuffer.<init>(long, {int,long}): available
13:35:12.434 [main] DEBUG io.netty.util.internal.CleanerJava6 - java.nio.ByteBuffer.cleaner(): available
13:35:12.434 [main] DEBUG io.netty.util.internal.PlatformDependent - sun.misc.Unsafe: available
13:35:12.434 [main] DEBUG io.netty.util.internal.PlatformDependent - -Dio.netty.tmpdir: /tmp (java.io.tmpdir)
13:35:12.434 [main] DEBUG io.netty.util.internal.PlatformDependent - -Dio.netty.bitMode: 64 (sun.arch.data.model)
13:35:12.435 [main] DEBUG io.netty.util.internal.PlatformDependent - -Dio.netty.maxDirectMemory: 11420041216 bytes
13:35:12.435 [main] DEBUG io.netty.util.internal.PlatformDependent - -Dio.netty.uninitializedArrayAllocationThreshold: -1
13:35:12.435 [main] DEBUG io.netty.util.internal.PlatformDependent - -Dio.netty.noPreferDirect: false
13:35:12.436 [main] DEBUG io.netty.util.internal.CleanerJava9 - java.nio.ByteBuffer.cleaner(): unavailable
java.lang.NoSuchMethodException: sun.misc.Unsafe.invokeCleaner(java.nio.ByteBuffer)
	at java.lang.Class.getDeclaredMethod(Class.java:2130)
	at io.netty.util.internal.CleanerJava9$1.run(CleanerJava9.java:45)
	at java.security.AccessController.doPrivileged(Native Method)
	at io.netty.util.internal.CleanerJava9.__STATIC_RESET(CleanerJava9.java:40)
	at sun.reflect.GeneratedMethodAccessor27.invoke(Unknown Source)
	at sun.reflect.DelegatingMethodAccessorImpl.invoke(DelegatingMethodAccessorImpl.java:43)
	at java.lang.reflect.Method.invoke(Method.java:498)
	at org.evosuite.runtime.classhandling.ClassResetter.reset(ClassResetter.java:159)
	at org.evosuite.runtime.classhandling.ClassStateSupport.resetClasses(ClassStateSupport.java:137)
	at io.netty.handler.codec.http.multipart.AbstractDiskHttpData_ESTest_scaffolding.resetClasses(AbstractDiskHttpData_ESTest_scaffolding.java:318)
	at io.netty.handler.codec.http.multipart.AbstractDiskHttpData_ESTest_scaffolding.doneWithTestCase(AbstractDiskHttpData_ESTest_scaffolding.java:74)
	at sun.reflect.GeneratedMethodAccessor6.invoke(Unknown Source)
	at sun.reflect.DelegatingMethodAccessorImpl.invoke(DelegatingMethodAccessorImpl.java:43)
	at java.lang.reflect.Method.invoke(Method.java:498)
	at org.junit.runners.model.FrameworkMethod$1.runReflectiveCall(FrameworkMethod.java:59)
	at org.junit.internal.runners.model.ReflectiveCallable.run(ReflectiveCallable.java:12)
	at org.junit.runners.model.FrameworkMethod.invokeExplosively(FrameworkMethod.java:56)
	at org.junit.internal.runners.statements.RunAfters.invokeMethod(RunAfters.java:46)
	at org.junit.internal.runners.statements.RunAfters.evaluate(RunAfters.java:33)
	at org.evosuite.runtime.vnet.NonFunctionalRequirementRule$1.evaluate(NonFunctionalRequirementRule.java:41)
	at org.junit.runners.ParentRunner$3.evaluate(ParentRunner.java:306)
	at org.junit.runners.BlockJUnit4ClassRunner$1.evaluate(BlockJUnit4ClassRunner.java:100)
	at org.junit.runners.ParentRunner.runLeaf(ParentRunner.java:366)
	at org.junit.runners.BlockJUnit4ClassRunner.runChild(BlockJUnit4ClassRunner.java:103)
	at org.junit.runners.BlockJUnit4ClassRunner.runChild(BlockJUnit4ClassRunner.java:63)
	at org.junit.runners.ParentRunner$4.run(ParentRunner.java:331)
	at org.junit.runners.ParentRunner$1.schedule(ParentRunner.java:79)
	at org.junit.runners.ParentRunner.runChildren(ParentRunner.java:329)
	at org.junit.runners.ParentRunner.access$100(ParentRunner.java:66)
	at org.junit.runners.ParentRunner$2.evaluate(ParentRunner.java:293)
	at org.junit.internal.runners.statements.RunBefores.evaluate(RunBefores.java:26)
	at org.junit.internal.runners.statements.RunAfters.evaluate(RunAfters.java:27)
	at org.junit.runners.ParentRunner$3.evaluate(ParentRunner.java:306)
	at org.junit.runners.ParentRunner.run(ParentRunner.java:413)
	at org.apache.maven.surefire.junit4.JUnit4Provider.execute(JUnit4Provider.java:316)
	at org.apache.maven.surefire.junit4.JUnit4Provider.executeWithRerun(JUnit4Provider.java:240)
	at org.apache.maven.surefire.junit4.JUnit4Provider.executeTestSet(JUnit4Provider.java:214)
	at org.apache.maven.surefire.junit4.JUnit4Provider.invoke(JUnit4Provider.java:155)
	at org.apache.maven.surefire.booter.ForkedBooter.runSuitesInProcess(ForkedBooter.java:385)
	at org.apache.maven.surefire.booter.ForkedBooter.execute(ForkedBooter.java:162)
	at org.apache.maven.surefire.booter.ForkedBooter.run(ForkedBooter.java:507)
	at org.apache.maven.surefire.booter.ForkedBooter.main(ForkedBooter.java:495)
13:35:12.437 [main] DEBUG io.netty.util.ResourceLeakDetector - -Dio.netty.leakDetection.level: simple
13:35:12.437 [main] DEBUG io.netty.util.ResourceLeakDetector - -Dio.netty.leakDetection.targetRecords: 4
13:35:12.438 [main] DEBUG io.netty.buffer.AbstractByteBuf - -Dio.netty.buffer.checkAccessible: true
13:35:12.438 [main] DEBUG io.netty.buffer.AbstractByteBuf - -Dio.netty.buffer.checkBounds: true
13:35:12.438 [main] DEBUG io.netty.util.ResourceLeakDetectorFactory - Loaded default ResourceLeakDetector: io.netty.util.ResourceLeakDetector@5
13:35:12.438 [main] DEBUG io.netty.util.internal.InternalThreadLocalMap - -Dio.netty.threadLocalMap.stringBuilder.initialSize: 1024
13:35:12.438 [main] DEBUG io.netty.util.internal.InternalThreadLocalMap - -Dio.netty.threadLocalMap.stringBuilder.maxSize: 4096
13:35:12.438 [main] DEBUG io.netty.buffer.PooledByteBufAllocator - -Dio.netty.allocator.numHeapArenas: 0
13:35:12.438 [main] DEBUG io.netty.buffer.PooledByteBufAllocator - -Dio.netty.allocator.numDirectArenas: 2
13:35:12.438 [main] DEBUG io.netty.buffer.PooledByteBufAllocator - -Dio.netty.allocator.pageSize: 8192
13:35:12.438 [main] DEBUG io.netty.buffer.PooledByteBufAllocator - -Dio.netty.allocator.maxOrder: 9
13:35:12.438 [main] DEBUG io.netty.buffer.PooledByteBufAllocator - -Dio.netty.allocator.chunkSize: 4194304
13:35:12.438 [main] DEBUG io.netty.buffer.PooledByteBufAllocator - -Dio.netty.allocator.smallCacheSize: 256
13:35:12.438 [main] DEBUG io.netty.buffer.PooledByteBufAllocator - -Dio.netty.allocator.normalCacheSize: 64
13:35:12.438 [main] DEBUG io.netty.buffer.PooledByteBufAllocator - -Dio.netty.allocator.maxCachedBufferCapacity: 32768
13:35:12.438 [main] DEBUG io.netty.buffer.PooledByteBufAllocator - -Dio.netty.allocator.cacheTrimInterval: 8192
13:35:12.438 [main] DEBUG io.netty.buffer.PooledByteBufAllocator - -Dio.netty.allocator.cacheTrimIntervalMillis: 0
13:35:12.438 [main] DEBUG io.netty.buffer.PooledByteBufAllocator - -Dio.netty.allocator.useCacheForAllThreads: false
13:35:12.438 [main] DEBUG io.netty.buffer.PooledByteBufAllocator - -Dio.netty.allocator.maxCachedByteBuffersPerChunk: 1023
13:35:12.439 [main] DEBUG io.netty.buffer.ByteBufUtil - -Dio.netty.allocator.type: pooled
13:35:12.439 [main] DEBUG io.netty.buffer.ByteBufUtil - -Dio.netty.threadLocalDirectBufferSize: 0
13:35:12.439 [main] DEBUG io.netty.buffer.ByteBufUtil - -Dio.netty.maxThreadLocalCharBufferSize: 16384
13:35:12.440 [main] DEBUG io.netty.util.Recycler - -Dio.netty.recycler.maxCapacityPerThread: 4096
13:35:12.440 [main] DEBUG io.netty.util.Recycler - -Dio.netty.recycler.ratio: 8
13:35:12.440 [main] DEBUG io.netty.util.Recycler - -Dio.netty.recycler.chunkSize: 32
13:35:12.440 [main] DEBUG io.netty.util.Recycler - -Dio.netty.recycler.blocking: false
13:35:12.440 [main] DEBUG io.netty.util.Recycler - -Dio.netty.recycler.batchFastThreadLocalOnly: true
13:35:12.441 [main] DEBUG io.netty.util.internal.PlatformDependent - org.jctools-core.MpscChunkedArrayQueue: available
]]></system-out>
  </testcase>
  <testcase name="test37" classname="io.netty.handler.codec.http.multipart.AbstractDiskHttpData_ESTest" time="0.029">
    <system-out><![CDATA[13:35:12.461 [main] DEBUG io.netty.util.internal.logging.InternalLoggerFactory - Using SLF4J as the default logging framework
13:35:12.461 [main] DEBUG io.netty.util.internal.PlatformDependent0 - -Dio.netty.noUnsafe: false
13:35:12.461 [main] DEBUG io.netty.util.internal.PlatformDependent0 - Java version: 8
13:35:12.461 [main] DEBUG io.netty.util.internal.PlatformDependent0 - sun.misc.Unsafe.theUnsafe: available
13:35:12.461 [main] DEBUG io.netty.util.internal.PlatformDependent0 - sun.misc.Unsafe.copyMemory: available
13:35:12.461 [main] DEBUG io.netty.util.internal.PlatformDependent0 - sun.misc.Unsafe.storeFence: available
13:35:12.461 [main] DEBUG io.netty.util.internal.PlatformDependent0 - java.nio.Buffer.address: available
13:35:12.461 [main] DEBUG io.netty.util.internal.PlatformDependent0 - direct buffer constructor: available
13:35:12.461 [main] DEBUG io.netty.util.internal.PlatformDependent0 - java.nio.Bits.unaligned: available, true
13:35:12.461 [main] DEBUG io.netty.util.internal.PlatformDependent0 - jdk.internal.misc.Unsafe.allocateUninitializedArray(int): unavailable prior to Java9
13:35:12.461 [main] DEBUG io.netty.util.internal.PlatformDependent0 - java.nio.DirectByteBuffer.<init>(long, {int,long}): available
13:35:12.461 [main] DEBUG io.netty.util.internal.CleanerJava6 - java.nio.ByteBuffer.cleaner(): available
13:35:12.462 [main] DEBUG io.netty.util.internal.PlatformDependent - sun.misc.Unsafe: available
13:35:12.462 [main] DEBUG io.netty.util.internal.PlatformDependent - -Dio.netty.tmpdir: /tmp (java.io.tmpdir)
13:35:12.462 [main] DEBUG io.netty.util.internal.PlatformDependent - -Dio.netty.bitMode: 64 (sun.arch.data.model)
13:35:12.462 [main] DEBUG io.netty.util.internal.PlatformDependent - -Dio.netty.maxDirectMemory: 11420041216 bytes
13:35:12.462 [main] DEBUG io.netty.util.internal.PlatformDependent - -Dio.netty.uninitializedArrayAllocationThreshold: -1
13:35:12.462 [main] DEBUG io.netty.util.internal.PlatformDependent - -Dio.netty.noPreferDirect: false
13:35:12.463 [main] DEBUG io.netty.util.internal.CleanerJava9 - java.nio.ByteBuffer.cleaner(): unavailable
java.lang.NoSuchMethodException: sun.misc.Unsafe.invokeCleaner(java.nio.ByteBuffer)
	at java.lang.Class.getDeclaredMethod(Class.java:2130)
	at io.netty.util.internal.CleanerJava9$1.run(CleanerJava9.java:45)
	at java.security.AccessController.doPrivileged(Native Method)
	at io.netty.util.internal.CleanerJava9.__STATIC_RESET(CleanerJava9.java:40)
	at sun.reflect.GeneratedMethodAccessor27.invoke(Unknown Source)
	at sun.reflect.DelegatingMethodAccessorImpl.invoke(DelegatingMethodAccessorImpl.java:43)
	at java.lang.reflect.Method.invoke(Method.java:498)
	at org.evosuite.runtime.classhandling.ClassResetter.reset(ClassResetter.java:159)
	at org.evosuite.runtime.classhandling.ClassStateSupport.resetClasses(ClassStateSupport.java:137)
	at io.netty.handler.codec.http.multipart.AbstractDiskHttpData_ESTest_scaffolding.resetClasses(AbstractDiskHttpData_ESTest_scaffolding.java:318)
	at io.netty.handler.codec.http.multipart.AbstractDiskHttpData_ESTest_scaffolding.doneWithTestCase(AbstractDiskHttpData_ESTest_scaffolding.java:74)
	at sun.reflect.GeneratedMethodAccessor6.invoke(Unknown Source)
	at sun.reflect.DelegatingMethodAccessorImpl.invoke(DelegatingMethodAccessorImpl.java:43)
	at java.lang.reflect.Method.invoke(Method.java:498)
	at org.junit.runners.model.FrameworkMethod$1.runReflectiveCall(FrameworkMethod.java:59)
	at org.junit.internal.runners.model.ReflectiveCallable.run(ReflectiveCallable.java:12)
	at org.junit.runners.model.FrameworkMethod.invokeExplosively(FrameworkMethod.java:56)
	at org.junit.internal.runners.statements.RunAfters.invokeMethod(RunAfters.java:46)
	at org.junit.internal.runners.statements.RunAfters.evaluate(RunAfters.java:33)
	at org.evosuite.runtime.vnet.NonFunctionalRequirementRule$1.evaluate(NonFunctionalRequirementRule.java:41)
	at org.junit.runners.ParentRunner$3.evaluate(ParentRunner.java:306)
	at org.junit.runners.BlockJUnit4ClassRunner$1.evaluate(BlockJUnit4ClassRunner.java:100)
	at org.junit.runners.ParentRunner.runLeaf(ParentRunner.java:366)
	at org.junit.runners.BlockJUnit4ClassRunner.runChild(BlockJUnit4ClassRunner.java:103)
	at org.junit.runners.BlockJUnit4ClassRunner.runChild(BlockJUnit4ClassRunner.java:63)
	at org.junit.runners.ParentRunner$4.run(ParentRunner.java:331)
	at org.junit.runners.ParentRunner$1.schedule(ParentRunner.java:79)
	at org.junit.runners.ParentRunner.runChildren(ParentRunner.java:329)
	at org.junit.runners.ParentRunner.access$100(ParentRunner.java:66)
	at org.junit.runners.ParentRunner$2.evaluate(ParentRunner.java:293)
	at org.junit.internal.runners.statements.RunBefores.evaluate(RunBefores.java:26)
	at org.junit.internal.runners.statements.RunAfters.evaluate(RunAfters.java:27)
	at org.junit.runners.ParentRunner$3.evaluate(ParentRunner.java:306)
	at org.junit.runners.ParentRunner.run(ParentRunner.java:413)
	at org.apache.maven.surefire.junit4.JUnit4Provider.execute(JUnit4Provider.java:316)
	at org.apache.maven.surefire.junit4.JUnit4Provider.executeWithRerun(JUnit4Provider.java:240)
	at org.apache.maven.surefire.junit4.JUnit4Provider.executeTestSet(JUnit4Provider.java:214)
	at org.apache.maven.surefire.junit4.JUnit4Provider.invoke(JUnit4Provider.java:155)
	at org.apache.maven.surefire.booter.ForkedBooter.runSuitesInProcess(ForkedBooter.java:385)
	at org.apache.maven.surefire.booter.ForkedBooter.execute(ForkedBooter.java:162)
	at org.apache.maven.surefire.booter.ForkedBooter.run(ForkedBooter.java:507)
	at org.apache.maven.surefire.booter.ForkedBooter.main(ForkedBooter.java:495)
13:35:12.464 [main] DEBUG io.netty.util.ResourceLeakDetector - -Dio.netty.leakDetection.level: simple
13:35:12.464 [main] DEBUG io.netty.util.ResourceLeakDetector - -Dio.netty.leakDetection.targetRecords: 4
13:35:12.464 [main] DEBUG io.netty.buffer.AbstractByteBuf - -Dio.netty.buffer.checkAccessible: true
13:35:12.464 [main] DEBUG io.netty.buffer.AbstractByteBuf - -Dio.netty.buffer.checkBounds: true
13:35:12.465 [main] DEBUG io.netty.util.ResourceLeakDetectorFactory - Loaded default ResourceLeakDetector: io.netty.util.ResourceLeakDetector@5
13:35:12.465 [main] DEBUG io.netty.util.internal.InternalThreadLocalMap - -Dio.netty.threadLocalMap.stringBuilder.initialSize: 1024
13:35:12.465 [main] DEBUG io.netty.util.internal.InternalThreadLocalMap - -Dio.netty.threadLocalMap.stringBuilder.maxSize: 4096
13:35:12.465 [main] DEBUG io.netty.buffer.PooledByteBufAllocator - -Dio.netty.allocator.numHeapArenas: 0
13:35:12.465 [main] DEBUG io.netty.buffer.PooledByteBufAllocator - -Dio.netty.allocator.numDirectArenas: 2
13:35:12.465 [main] DEBUG io.netty.buffer.PooledByteBufAllocator - -Dio.netty.allocator.pageSize: 8192
13:35:12.465 [main] DEBUG io.netty.buffer.PooledByteBufAllocator - -Dio.netty.allocator.maxOrder: 9
13:35:12.465 [main] DEBUG io.netty.buffer.PooledByteBufAllocator - -Dio.netty.allocator.chunkSize: 4194304
13:35:12.465 [main] DEBUG io.netty.buffer.PooledByteBufAllocator - -Dio.netty.allocator.smallCacheSize: 256
13:35:12.465 [main] DEBUG io.netty.buffer.PooledByteBufAllocator - -Dio.netty.allocator.normalCacheSize: 64
13:35:12.465 [main] DEBUG io.netty.buffer.PooledByteBufAllocator - -Dio.netty.allocator.maxCachedBufferCapacity: 32768
13:35:12.465 [main] DEBUG io.netty.buffer.PooledByteBufAllocator - -Dio.netty.allocator.cacheTrimInterval: 8192
13:35:12.465 [main] DEBUG io.netty.buffer.PooledByteBufAllocator - -Dio.netty.allocator.cacheTrimIntervalMillis: 0
13:35:12.465 [main] DEBUG io.netty.buffer.PooledByteBufAllocator - -Dio.netty.allocator.useCacheForAllThreads: false
13:35:12.465 [main] DEBUG io.netty.buffer.PooledByteBufAllocator - -Dio.netty.allocator.maxCachedByteBuffersPerChunk: 1023
13:35:12.466 [main] DEBUG io.netty.buffer.ByteBufUtil - -Dio.netty.allocator.type: pooled
13:35:12.466 [main] DEBUG io.netty.buffer.ByteBufUtil - -Dio.netty.threadLocalDirectBufferSize: 0
13:35:12.466 [main] DEBUG io.netty.buffer.ByteBufUtil - -Dio.netty.maxThreadLocalCharBufferSize: 16384
13:35:12.467 [main] DEBUG io.netty.util.Recycler - -Dio.netty.recycler.maxCapacityPerThread: 4096
13:35:12.467 [main] DEBUG io.netty.util.Recycler - -Dio.netty.recycler.ratio: 8
13:35:12.467 [main] DEBUG io.netty.util.Recycler - -Dio.netty.recycler.chunkSize: 32
13:35:12.467 [main] DEBUG io.netty.util.Recycler - -Dio.netty.recycler.blocking: false
13:35:12.467 [main] DEBUG io.netty.util.Recycler - -Dio.netty.recycler.batchFastThreadLocalOnly: true
13:35:12.467 [main] DEBUG io.netty.util.internal.PlatformDependent - org.jctools-core.MpscChunkedArrayQueue: available
]]></system-out>
  </testcase>
  <testcase name="test39" classname="io.netty.handler.codec.http.multipart.AbstractDiskHttpData_ESTest" time="0.016">
    <system-out><![CDATA[13:35:12.478 [main] DEBUG io.netty.util.internal.logging.InternalLoggerFactory - Using SLF4J as the default logging framework
13:35:12.478 [main] DEBUG io.netty.util.internal.PlatformDependent0 - -Dio.netty.noUnsafe: false
13:35:12.478 [main] DEBUG io.netty.util.internal.PlatformDependent0 - Java version: 8
13:35:12.478 [main] DEBUG io.netty.util.internal.PlatformDependent0 - sun.misc.Unsafe.theUnsafe: available
13:35:12.478 [main] DEBUG io.netty.util.internal.PlatformDependent0 - sun.misc.Unsafe.copyMemory: available
13:35:12.478 [main] DEBUG io.netty.util.internal.PlatformDependent0 - sun.misc.Unsafe.storeFence: available
13:35:12.478 [main] DEBUG io.netty.util.internal.PlatformDependent0 - java.nio.Buffer.address: available
13:35:12.478 [main] DEBUG io.netty.util.internal.PlatformDependent0 - direct buffer constructor: available
13:35:12.478 [main] DEBUG io.netty.util.internal.PlatformDependent0 - java.nio.Bits.unaligned: available, true
13:35:12.478 [main] DEBUG io.netty.util.internal.PlatformDependent0 - jdk.internal.misc.Unsafe.allocateUninitializedArray(int): unavailable prior to Java9
13:35:12.478 [main] DEBUG io.netty.util.internal.PlatformDependent0 - java.nio.DirectByteBuffer.<init>(long, {int,long}): available
13:35:12.478 [main] DEBUG io.netty.util.internal.CleanerJava6 - java.nio.ByteBuffer.cleaner(): available
13:35:12.478 [main] DEBUG io.netty.util.internal.PlatformDependent - sun.misc.Unsafe: available
13:35:12.479 [main] DEBUG io.netty.util.internal.PlatformDependent - -Dio.netty.tmpdir: /tmp (java.io.tmpdir)
13:35:12.479 [main] DEBUG io.netty.util.internal.PlatformDependent - -Dio.netty.bitMode: 64 (sun.arch.data.model)
13:35:12.479 [main] DEBUG io.netty.util.internal.PlatformDependent - -Dio.netty.maxDirectMemory: 11420041216 bytes
13:35:12.479 [main] DEBUG io.netty.util.internal.PlatformDependent - -Dio.netty.uninitializedArrayAllocationThreshold: -1
13:35:12.479 [main] DEBUG io.netty.util.internal.PlatformDependent - -Dio.netty.noPreferDirect: false
13:35:12.479 [main] DEBUG io.netty.util.internal.CleanerJava9 - java.nio.ByteBuffer.cleaner(): unavailable
java.lang.NoSuchMethodException: sun.misc.Unsafe.invokeCleaner(java.nio.ByteBuffer)
	at java.lang.Class.getDeclaredMethod(Class.java:2130)
	at io.netty.util.internal.CleanerJava9$1.run(CleanerJava9.java:45)
	at java.security.AccessController.doPrivileged(Native Method)
	at io.netty.util.internal.CleanerJava9.__STATIC_RESET(CleanerJava9.java:40)
	at sun.reflect.GeneratedMethodAccessor27.invoke(Unknown Source)
	at sun.reflect.DelegatingMethodAccessorImpl.invoke(DelegatingMethodAccessorImpl.java:43)
	at java.lang.reflect.Method.invoke(Method.java:498)
	at org.evosuite.runtime.classhandling.ClassResetter.reset(ClassResetter.java:159)
	at org.evosuite.runtime.classhandling.ClassStateSupport.resetClasses(ClassStateSupport.java:137)
	at io.netty.handler.codec.http.multipart.AbstractDiskHttpData_ESTest_scaffolding.resetClasses(AbstractDiskHttpData_ESTest_scaffolding.java:318)
	at io.netty.handler.codec.http.multipart.AbstractDiskHttpData_ESTest_scaffolding.doneWithTestCase(AbstractDiskHttpData_ESTest_scaffolding.java:74)
	at sun.reflect.GeneratedMethodAccessor6.invoke(Unknown Source)
	at sun.reflect.DelegatingMethodAccessorImpl.invoke(DelegatingMethodAccessorImpl.java:43)
	at java.lang.reflect.Method.invoke(Method.java:498)
	at org.junit.runners.model.FrameworkMethod$1.runReflectiveCall(FrameworkMethod.java:59)
	at org.junit.internal.runners.model.ReflectiveCallable.run(ReflectiveCallable.java:12)
	at org.junit.runners.model.FrameworkMethod.invokeExplosively(FrameworkMethod.java:56)
	at org.junit.internal.runners.statements.RunAfters.invokeMethod(RunAfters.java:46)
	at org.junit.internal.runners.statements.RunAfters.evaluate(RunAfters.java:33)
	at org.evosuite.runtime.vnet.NonFunctionalRequirementRule$1.evaluate(NonFunctionalRequirementRule.java:41)
	at org.junit.runners.ParentRunner$3.evaluate(ParentRunner.java:306)
	at org.junit.runners.BlockJUnit4ClassRunner$1.evaluate(BlockJUnit4ClassRunner.java:100)
	at org.junit.runners.ParentRunner.runLeaf(ParentRunner.java:366)
	at org.junit.runners.BlockJUnit4ClassRunner.runChild(BlockJUnit4ClassRunner.java:103)
	at org.junit.runners.BlockJUnit4ClassRunner.runChild(BlockJUnit4ClassRunner.java:63)
	at org.junit.runners.ParentRunner$4.run(ParentRunner.java:331)
	at org.junit.runners.ParentRunner$1.schedule(ParentRunner.java:79)
	at org.junit.runners.ParentRunner.runChildren(ParentRunner.java:329)
	at org.junit.runners.ParentRunner.access$100(ParentRunner.java:66)
	at org.junit.runners.ParentRunner$2.evaluate(ParentRunner.java:293)
	at org.junit.internal.runners.statements.RunBefores.evaluate(RunBefores.java:26)
	at org.junit.internal.runners.statements.RunAfters.evaluate(RunAfters.java:27)
	at org.junit.runners.ParentRunner$3.evaluate(ParentRunner.java:306)
	at org.junit.runners.ParentRunner.run(ParentRunner.java:413)
	at org.apache.maven.surefire.junit4.JUnit4Provider.execute(JUnit4Provider.java:316)
	at org.apache.maven.surefire.junit4.JUnit4Provider.executeWithRerun(JUnit4Provider.java:240)
	at org.apache.maven.surefire.junit4.JUnit4Provider.executeTestSet(JUnit4Provider.java:214)
	at org.apache.maven.surefire.junit4.JUnit4Provider.invoke(JUnit4Provider.java:155)
	at org.apache.maven.surefire.booter.ForkedBooter.runSuitesInProcess(ForkedBooter.java:385)
	at org.apache.maven.surefire.booter.ForkedBooter.execute(ForkedBooter.java:162)
	at org.apache.maven.surefire.booter.ForkedBooter.run(ForkedBooter.java:507)
	at org.apache.maven.surefire.booter.ForkedBooter.main(ForkedBooter.java:495)
13:35:12.480 [main] DEBUG io.netty.util.ResourceLeakDetector - -Dio.netty.leakDetection.level: simple
13:35:12.480 [main] DEBUG io.netty.util.ResourceLeakDetector - -Dio.netty.leakDetection.targetRecords: 4
13:35:12.481 [main] DEBUG io.netty.buffer.AbstractByteBuf - -Dio.netty.buffer.checkAccessible: true
13:35:12.481 [main] DEBUG io.netty.buffer.AbstractByteBuf - -Dio.netty.buffer.checkBounds: true
13:35:12.481 [main] DEBUG io.netty.util.ResourceLeakDetectorFactory - Loaded default ResourceLeakDetector: io.netty.util.ResourceLeakDetector@5
13:35:12.481 [main] DEBUG io.netty.util.internal.InternalThreadLocalMap - -Dio.netty.threadLocalMap.stringBuilder.initialSize: 1024
13:35:12.481 [main] DEBUG io.netty.util.internal.InternalThreadLocalMap - -Dio.netty.threadLocalMap.stringBuilder.maxSize: 4096
13:35:12.481 [main] DEBUG io.netty.buffer.PooledByteBufAllocator - -Dio.netty.allocator.numHeapArenas: 0
13:35:12.481 [main] DEBUG io.netty.buffer.PooledByteBufAllocator - -Dio.netty.allocator.numDirectArenas: 2
13:35:12.481 [main] DEBUG io.netty.buffer.PooledByteBufAllocator - -Dio.netty.allocator.pageSize: 8192
13:35:12.481 [main] DEBUG io.netty.buffer.PooledByteBufAllocator - -Dio.netty.allocator.maxOrder: 9
13:35:12.481 [main] DEBUG io.netty.buffer.PooledByteBufAllocator - -Dio.netty.allocator.chunkSize: 4194304
13:35:12.481 [main] DEBUG io.netty.buffer.PooledByteBufAllocator - -Dio.netty.allocator.smallCacheSize: 256
13:35:12.481 [main] DEBUG io.netty.buffer.PooledByteBufAllocator - -Dio.netty.allocator.normalCacheSize: 64
13:35:12.481 [main] DEBUG io.netty.buffer.PooledByteBufAllocator - -Dio.netty.allocator.maxCachedBufferCapacity: 32768
13:35:12.481 [main] DEBUG io.netty.buffer.PooledByteBufAllocator - -Dio.netty.allocator.cacheTrimInterval: 8192
13:35:12.481 [main] DEBUG io.netty.buffer.PooledByteBufAllocator - -Dio.netty.allocator.cacheTrimIntervalMillis: 0
13:35:12.481 [main] DEBUG io.netty.buffer.PooledByteBufAllocator - -Dio.netty.allocator.useCacheForAllThreads: false
13:35:12.481 [main] DEBUG io.netty.buffer.PooledByteBufAllocator - -Dio.netty.allocator.maxCachedByteBuffersPerChunk: 1023
13:35:12.482 [main] DEBUG io.netty.buffer.ByteBufUtil - -Dio.netty.allocator.type: pooled
13:35:12.482 [main] DEBUG io.netty.buffer.ByteBufUtil - -Dio.netty.threadLocalDirectBufferSize: 0
13:35:12.482 [main] DEBUG io.netty.buffer.ByteBufUtil - -Dio.netty.maxThreadLocalCharBufferSize: 16384
13:35:12.484 [main] DEBUG io.netty.util.Recycler - -Dio.netty.recycler.maxCapacityPerThread: 4096
13:35:12.484 [main] DEBUG io.netty.util.Recycler - -Dio.netty.recycler.ratio: 8
13:35:12.484 [main] DEBUG io.netty.util.Recycler - -Dio.netty.recycler.chunkSize: 32
13:35:12.484 [main] DEBUG io.netty.util.Recycler - -Dio.netty.recycler.blocking: false
13:35:12.484 [main] DEBUG io.netty.util.Recycler - -Dio.netty.recycler.batchFastThreadLocalOnly: true
13:35:12.484 [main] DEBUG io.netty.util.internal.PlatformDependent - org.jctools-core.MpscChunkedArrayQueue: available
]]></system-out>
  </testcase>
  <testcase name="test41" classname="io.netty.handler.codec.http.multipart.AbstractDiskHttpData_ESTest" time="0.02">
    <system-out><![CDATA[13:35:12.509 [main] DEBUG io.netty.util.internal.logging.InternalLoggerFactory - Using SLF4J as the default logging framework
13:35:12.509 [main] DEBUG io.netty.util.internal.PlatformDependent0 - -Dio.netty.noUnsafe: false
13:35:12.509 [main] DEBUG io.netty.util.internal.PlatformDependent0 - Java version: 8
13:35:12.509 [main] DEBUG io.netty.util.internal.PlatformDependent0 - sun.misc.Unsafe.theUnsafe: available
13:35:12.509 [main] DEBUG io.netty.util.internal.PlatformDependent0 - sun.misc.Unsafe.copyMemory: available
13:35:12.509 [main] DEBUG io.netty.util.internal.PlatformDependent0 - sun.misc.Unsafe.storeFence: available
13:35:12.509 [main] DEBUG io.netty.util.internal.PlatformDependent0 - java.nio.Buffer.address: available
13:35:12.509 [main] DEBUG io.netty.util.internal.PlatformDependent0 - direct buffer constructor: available
13:35:12.509 [main] DEBUG io.netty.util.internal.PlatformDependent0 - java.nio.Bits.unaligned: available, true
13:35:12.509 [main] DEBUG io.netty.util.internal.PlatformDependent0 - jdk.internal.misc.Unsafe.allocateUninitializedArray(int): unavailable prior to Java9
13:35:12.509 [main] DEBUG io.netty.util.internal.PlatformDependent0 - java.nio.DirectByteBuffer.<init>(long, {int,long}): available
13:35:12.509 [main] DEBUG io.netty.util.internal.CleanerJava6 - java.nio.ByteBuffer.cleaner(): available
13:35:12.510 [main] DEBUG io.netty.util.internal.PlatformDependent - sun.misc.Unsafe: available
13:35:12.510 [main] DEBUG io.netty.util.internal.PlatformDependent - -Dio.netty.tmpdir: /tmp (java.io.tmpdir)
13:35:12.510 [main] DEBUG io.netty.util.internal.PlatformDependent - -Dio.netty.bitMode: 64 (sun.arch.data.model)
13:35:12.510 [main] DEBUG io.netty.util.internal.PlatformDependent - -Dio.netty.maxDirectMemory: 11420041216 bytes
13:35:12.510 [main] DEBUG io.netty.util.internal.PlatformDependent - -Dio.netty.uninitializedArrayAllocationThreshold: -1
13:35:12.510 [main] DEBUG io.netty.util.internal.PlatformDependent - -Dio.netty.noPreferDirect: false
13:35:12.511 [main] DEBUG io.netty.util.internal.CleanerJava9 - java.nio.ByteBuffer.cleaner(): unavailable
java.lang.NoSuchMethodException: sun.misc.Unsafe.invokeCleaner(java.nio.ByteBuffer)
	at java.lang.Class.getDeclaredMethod(Class.java:2130)
	at io.netty.util.internal.CleanerJava9$1.run(CleanerJava9.java:45)
	at java.security.AccessController.doPrivileged(Native Method)
	at io.netty.util.internal.CleanerJava9.__STATIC_RESET(CleanerJava9.java:40)
	at sun.reflect.GeneratedMethodAccessor27.invoke(Unknown Source)
	at sun.reflect.DelegatingMethodAccessorImpl.invoke(DelegatingMethodAccessorImpl.java:43)
	at java.lang.reflect.Method.invoke(Method.java:498)
	at org.evosuite.runtime.classhandling.ClassResetter.reset(ClassResetter.java:159)
	at org.evosuite.runtime.classhandling.ClassStateSupport.resetClasses(ClassStateSupport.java:137)
	at io.netty.handler.codec.http.multipart.AbstractDiskHttpData_ESTest_scaffolding.resetClasses(AbstractDiskHttpData_ESTest_scaffolding.java:318)
	at io.netty.handler.codec.http.multipart.AbstractDiskHttpData_ESTest_scaffolding.doneWithTestCase(AbstractDiskHttpData_ESTest_scaffolding.java:74)
	at sun.reflect.GeneratedMethodAccessor6.invoke(Unknown Source)
	at sun.reflect.DelegatingMethodAccessorImpl.invoke(DelegatingMethodAccessorImpl.java:43)
	at java.lang.reflect.Method.invoke(Method.java:498)
	at org.junit.runners.model.FrameworkMethod$1.runReflectiveCall(FrameworkMethod.java:59)
	at org.junit.internal.runners.model.ReflectiveCallable.run(ReflectiveCallable.java:12)
	at org.junit.runners.model.FrameworkMethod.invokeExplosively(FrameworkMethod.java:56)
	at org.junit.internal.runners.statements.RunAfters.invokeMethod(RunAfters.java:46)
	at org.junit.internal.runners.statements.RunAfters.evaluate(RunAfters.java:33)
	at org.evosuite.runtime.vnet.NonFunctionalRequirementRule$1.evaluate(NonFunctionalRequirementRule.java:41)
	at org.junit.runners.ParentRunner$3.evaluate(ParentRunner.java:306)
	at org.junit.runners.BlockJUnit4ClassRunner$1.evaluate(BlockJUnit4ClassRunner.java:100)
	at org.junit.runners.ParentRunner.runLeaf(ParentRunner.java:366)
	at org.junit.runners.BlockJUnit4ClassRunner.runChild(BlockJUnit4ClassRunner.java:103)
	at org.junit.runners.BlockJUnit4ClassRunner.runChild(BlockJUnit4ClassRunner.java:63)
	at org.junit.runners.ParentRunner$4.run(ParentRunner.java:331)
	at org.junit.runners.ParentRunner$1.schedule(ParentRunner.java:79)
	at org.junit.runners.ParentRunner.runChildren(ParentRunner.java:329)
	at org.junit.runners.ParentRunner.access$100(ParentRunner.java:66)
	at org.junit.runners.ParentRunner$2.evaluate(ParentRunner.java:293)
	at org.junit.internal.runners.statements.RunBefores.evaluate(RunBefores.java:26)
	at org.junit.internal.runners.statements.RunAfters.evaluate(RunAfters.java:27)
	at org.junit.runners.ParentRunner$3.evaluate(ParentRunner.java:306)
	at org.junit.runners.ParentRunner.run(ParentRunner.java:413)
	at org.apache.maven.surefire.junit4.JUnit4Provider.execute(JUnit4Provider.java:316)
	at org.apache.maven.surefire.junit4.JUnit4Provider.executeWithRerun(JUnit4Provider.java:240)
	at org.apache.maven.surefire.junit4.JUnit4Provider.executeTestSet(JUnit4Provider.java:214)
	at org.apache.maven.surefire.junit4.JUnit4Provider.invoke(JUnit4Provider.java:155)
	at org.apache.maven.surefire.booter.ForkedBooter.runSuitesInProcess(ForkedBooter.java:385)
	at org.apache.maven.surefire.booter.ForkedBooter.execute(ForkedBooter.java:162)
	at org.apache.maven.surefire.booter.ForkedBooter.run(ForkedBooter.java:507)
	at org.apache.maven.surefire.booter.ForkedBooter.main(ForkedBooter.java:495)
13:35:12.511 [main] DEBUG io.netty.util.ResourceLeakDetector - -Dio.netty.leakDetection.level: simple
13:35:12.511 [main] DEBUG io.netty.util.ResourceLeakDetector - -Dio.netty.leakDetection.targetRecords: 4
13:35:12.512 [main] DEBUG io.netty.buffer.AbstractByteBuf - -Dio.netty.buffer.checkAccessible: true
13:35:12.512 [main] DEBUG io.netty.buffer.AbstractByteBuf - -Dio.netty.buffer.checkBounds: true
13:35:12.512 [main] DEBUG io.netty.util.ResourceLeakDetectorFactory - Loaded default ResourceLeakDetector: io.netty.util.ResourceLeakDetector@5
13:35:12.512 [main] DEBUG io.netty.util.internal.InternalThreadLocalMap - -Dio.netty.threadLocalMap.stringBuilder.initialSize: 1024
13:35:12.512 [main] DEBUG io.netty.util.internal.InternalThreadLocalMap - -Dio.netty.threadLocalMap.stringBuilder.maxSize: 4096
13:35:12.512 [main] DEBUG io.netty.buffer.PooledByteBufAllocator - -Dio.netty.allocator.numHeapArenas: 0
13:35:12.512 [main] DEBUG io.netty.buffer.PooledByteBufAllocator - -Dio.netty.allocator.numDirectArenas: 2
13:35:12.512 [main] DEBUG io.netty.buffer.PooledByteBufAllocator - -Dio.netty.allocator.pageSize: 8192
13:35:12.512 [main] DEBUG io.netty.buffer.PooledByteBufAllocator - -Dio.netty.allocator.maxOrder: 9
13:35:12.513 [main] DEBUG io.netty.buffer.PooledByteBufAllocator - -Dio.netty.allocator.chunkSize: 4194304
13:35:12.513 [main] DEBUG io.netty.buffer.PooledByteBufAllocator - -Dio.netty.allocator.smallCacheSize: 256
13:35:12.513 [main] DEBUG io.netty.buffer.PooledByteBufAllocator - -Dio.netty.allocator.normalCacheSize: 64
13:35:12.513 [main] DEBUG io.netty.buffer.PooledByteBufAllocator - -Dio.netty.allocator.maxCachedBufferCapacity: 32768
13:35:12.513 [main] DEBUG io.netty.buffer.PooledByteBufAllocator - -Dio.netty.allocator.cacheTrimInterval: 8192
13:35:12.513 [main] DEBUG io.netty.buffer.PooledByteBufAllocator - -Dio.netty.allocator.cacheTrimIntervalMillis: 0
13:35:12.513 [main] DEBUG io.netty.buffer.PooledByteBufAllocator - -Dio.netty.allocator.useCacheForAllThreads: false
13:35:12.513 [main] DEBUG io.netty.buffer.PooledByteBufAllocator - -Dio.netty.allocator.maxCachedByteBuffersPerChunk: 1023
13:35:12.513 [main] DEBUG io.netty.buffer.ByteBufUtil - -Dio.netty.allocator.type: pooled
13:35:12.513 [main] DEBUG io.netty.buffer.ByteBufUtil - -Dio.netty.threadLocalDirectBufferSize: 0
13:35:12.513 [main] DEBUG io.netty.buffer.ByteBufUtil - -Dio.netty.maxThreadLocalCharBufferSize: 16384
13:35:12.514 [main] DEBUG io.netty.util.Recycler - -Dio.netty.recycler.maxCapacityPerThread: 4096
13:35:12.514 [main] DEBUG io.netty.util.Recycler - -Dio.netty.recycler.ratio: 8
13:35:12.514 [main] DEBUG io.netty.util.Recycler - -Dio.netty.recycler.chunkSize: 32
13:35:12.514 [main] DEBUG io.netty.util.Recycler - -Dio.netty.recycler.blocking: false
13:35:12.514 [main] DEBUG io.netty.util.Recycler - -Dio.netty.recycler.batchFastThreadLocalOnly: true
13:35:12.514 [main] DEBUG io.netty.util.internal.PlatformDependent - org.jctools-core.MpscChunkedArrayQueue: available
]]></system-out>
  </testcase>
  <testcase name="test40" classname="io.netty.handler.codec.http.multipart.AbstractDiskHttpData_ESTest" time="0.015">
    <failure message="Expecting exception: NoSuchMethodError" type="java.lang.AssertionError"><![CDATA[java.lang.AssertionError: Expecting exception: NoSuchMethodError
	at org.junit.Assert.fail(Assert.java:89)
	at io.netty.handler.codec.http.multipart.AbstractDiskHttpData_ESTest.test40(AbstractDiskHttpData_ESTest.java:715)
	at sun.reflect.NativeMethodAccessorImpl.invoke0(Native Method)
	at sun.reflect.NativeMethodAccessorImpl.invoke(NativeMethodAccessorImpl.java:62)
	at sun.reflect.DelegatingMethodAccessorImpl.invoke(DelegatingMethodAccessorImpl.java:43)
	at java.lang.reflect.Method.invoke(Method.java:498)
	at org.junit.runners.model.FrameworkMethod$1.runReflectiveCall(FrameworkMethod.java:59)
	at org.junit.internal.runners.model.ReflectiveCallable.run(ReflectiveCallable.java:12)
	at org.junit.runners.model.FrameworkMethod.invokeExplosively(FrameworkMethod.java:56)
	at org.junit.internal.runners.statements.InvokeMethod.evaluate(InvokeMethod.java:17)
	at org.junit.internal.runners.statements.FailOnTimeout$CallableStatement.call(FailOnTimeout.java:299)
	at org.junit.internal.runners.statements.FailOnTimeout$CallableStatement.call(FailOnTimeout.java:293)
	at java.util.concurrent.FutureTask.run(FutureTask.java:266)
	at java.lang.Thread.run(Thread.java:750)
]]></failure>
    <system-out><![CDATA[13:35:12.528 [main] DEBUG io.netty.util.internal.logging.InternalLoggerFactory - Using SLF4J as the default logging framework
13:35:12.528 [main] DEBUG io.netty.util.internal.PlatformDependent0 - -Dio.netty.noUnsafe: false
13:35:12.529 [main] DEBUG io.netty.util.internal.PlatformDependent0 - Java version: 8
13:35:12.529 [main] DEBUG io.netty.util.internal.PlatformDependent0 - sun.misc.Unsafe.theUnsafe: available
13:35:12.529 [main] DEBUG io.netty.util.internal.PlatformDependent0 - sun.misc.Unsafe.copyMemory: available
13:35:12.529 [main] DEBUG io.netty.util.internal.PlatformDependent0 - sun.misc.Unsafe.storeFence: available
13:35:12.529 [main] DEBUG io.netty.util.internal.PlatformDependent0 - java.nio.Buffer.address: available
13:35:12.529 [main] DEBUG io.netty.util.internal.PlatformDependent0 - direct buffer constructor: available
13:35:12.529 [main] DEBUG io.netty.util.internal.PlatformDependent0 - java.nio.Bits.unaligned: available, true
13:35:12.529 [main] DEBUG io.netty.util.internal.PlatformDependent0 - jdk.internal.misc.Unsafe.allocateUninitializedArray(int): unavailable prior to Java9
13:35:12.529 [main] DEBUG io.netty.util.internal.PlatformDependent0 - java.nio.DirectByteBuffer.<init>(long, {int,long}): available
13:35:12.529 [main] DEBUG io.netty.util.internal.CleanerJava6 - java.nio.ByteBuffer.cleaner(): available
13:35:12.529 [main] DEBUG io.netty.util.internal.PlatformDependent - sun.misc.Unsafe: available
13:35:12.529 [main] DEBUG io.netty.util.internal.PlatformDependent - -Dio.netty.tmpdir: /tmp (java.io.tmpdir)
13:35:12.529 [main] DEBUG io.netty.util.internal.PlatformDependent - -Dio.netty.bitMode: 64 (sun.arch.data.model)
13:35:12.529 [main] DEBUG io.netty.util.internal.PlatformDependent - -Dio.netty.maxDirectMemory: 11420041216 bytes
13:35:12.529 [main] DEBUG io.netty.util.internal.PlatformDependent - -Dio.netty.uninitializedArrayAllocationThreshold: -1
13:35:12.529 [main] DEBUG io.netty.util.internal.PlatformDependent - -Dio.netty.noPreferDirect: false
13:35:12.530 [main] DEBUG io.netty.util.internal.CleanerJava9 - java.nio.ByteBuffer.cleaner(): unavailable
java.lang.NoSuchMethodException: sun.misc.Unsafe.invokeCleaner(java.nio.ByteBuffer)
	at java.lang.Class.getDeclaredMethod(Class.java:2130)
	at io.netty.util.internal.CleanerJava9$1.run(CleanerJava9.java:45)
	at java.security.AccessController.doPrivileged(Native Method)
	at io.netty.util.internal.CleanerJava9.__STATIC_RESET(CleanerJava9.java:40)
	at sun.reflect.GeneratedMethodAccessor27.invoke(Unknown Source)
	at sun.reflect.DelegatingMethodAccessorImpl.invoke(DelegatingMethodAccessorImpl.java:43)
	at java.lang.reflect.Method.invoke(Method.java:498)
	at org.evosuite.runtime.classhandling.ClassResetter.reset(ClassResetter.java:159)
	at org.evosuite.runtime.classhandling.ClassStateSupport.resetClasses(ClassStateSupport.java:137)
	at io.netty.handler.codec.http.multipart.AbstractDiskHttpData_ESTest_scaffolding.resetClasses(AbstractDiskHttpData_ESTest_scaffolding.java:318)
	at io.netty.handler.codec.http.multipart.AbstractDiskHttpData_ESTest_scaffolding.doneWithTestCase(AbstractDiskHttpData_ESTest_scaffolding.java:74)
	at sun.reflect.GeneratedMethodAccessor6.invoke(Unknown Source)
	at sun.reflect.DelegatingMethodAccessorImpl.invoke(DelegatingMethodAccessorImpl.java:43)
	at java.lang.reflect.Method.invoke(Method.java:498)
	at org.junit.runners.model.FrameworkMethod$1.runReflectiveCall(FrameworkMethod.java:59)
	at org.junit.internal.runners.model.ReflectiveCallable.run(ReflectiveCallable.java:12)
	at org.junit.runners.model.FrameworkMethod.invokeExplosively(FrameworkMethod.java:56)
	at org.junit.internal.runners.statements.RunAfters.invokeMethod(RunAfters.java:46)
	at org.junit.internal.runners.statements.RunAfters.evaluate(RunAfters.java:33)
	at org.evosuite.runtime.vnet.NonFunctionalRequirementRule$1.evaluate(NonFunctionalRequirementRule.java:41)
	at org.junit.runners.ParentRunner$3.evaluate(ParentRunner.java:306)
	at org.junit.runners.BlockJUnit4ClassRunner$1.evaluate(BlockJUnit4ClassRunner.java:100)
	at org.junit.runners.ParentRunner.runLeaf(ParentRunner.java:366)
	at org.junit.runners.BlockJUnit4ClassRunner.runChild(BlockJUnit4ClassRunner.java:103)
	at org.junit.runners.BlockJUnit4ClassRunner.runChild(BlockJUnit4ClassRunner.java:63)
	at org.junit.runners.ParentRunner$4.run(ParentRunner.java:331)
	at org.junit.runners.ParentRunner$1.schedule(ParentRunner.java:79)
	at org.junit.runners.ParentRunner.runChildren(ParentRunner.java:329)
	at org.junit.runners.ParentRunner.access$100(ParentRunner.java:66)
	at org.junit.runners.ParentRunner$2.evaluate(ParentRunner.java:293)
	at org.junit.internal.runners.statements.RunBefores.evaluate(RunBefores.java:26)
	at org.junit.internal.runners.statements.RunAfters.evaluate(RunAfters.java:27)
	at org.junit.runners.ParentRunner$3.evaluate(ParentRunner.java:306)
	at org.junit.runners.ParentRunner.run(ParentRunner.java:413)
	at org.apache.maven.surefire.junit4.JUnit4Provider.execute(JUnit4Provider.java:316)
	at org.apache.maven.surefire.junit4.JUnit4Provider.executeWithRerun(JUnit4Provider.java:240)
	at org.apache.maven.surefire.junit4.JUnit4Provider.executeTestSet(JUnit4Provider.java:214)
	at org.apache.maven.surefire.junit4.JUnit4Provider.invoke(JUnit4Provider.java:155)
	at org.apache.maven.surefire.booter.ForkedBooter.runSuitesInProcess(ForkedBooter.java:385)
	at org.apache.maven.surefire.booter.ForkedBooter.execute(ForkedBooter.java:162)
	at org.apache.maven.surefire.booter.ForkedBooter.run(ForkedBooter.java:507)
	at org.apache.maven.surefire.booter.ForkedBooter.main(ForkedBooter.java:495)
13:35:12.530 [main] DEBUG io.netty.util.ResourceLeakDetector - -Dio.netty.leakDetection.level: simple
13:35:12.530 [main] DEBUG io.netty.util.ResourceLeakDetector - -Dio.netty.leakDetection.targetRecords: 4
13:35:12.531 [main] DEBUG io.netty.buffer.AbstractByteBuf - -Dio.netty.buffer.checkAccessible: true
13:35:12.531 [main] DEBUG io.netty.buffer.AbstractByteBuf - -Dio.netty.buffer.checkBounds: true
13:35:12.531 [main] DEBUG io.netty.util.ResourceLeakDetectorFactory - Loaded default ResourceLeakDetector: io.netty.util.ResourceLeakDetector@5
13:35:12.532 [main] DEBUG io.netty.util.internal.InternalThreadLocalMap - -Dio.netty.threadLocalMap.stringBuilder.initialSize: 1024
13:35:12.532 [main] DEBUG io.netty.util.internal.InternalThreadLocalMap - -Dio.netty.threadLocalMap.stringBuilder.maxSize: 4096
13:35:12.532 [main] DEBUG io.netty.buffer.PooledByteBufAllocator - -Dio.netty.allocator.numHeapArenas: 0
13:35:12.532 [main] DEBUG io.netty.buffer.PooledByteBufAllocator - -Dio.netty.allocator.numDirectArenas: 2
13:35:12.532 [main] DEBUG io.netty.buffer.PooledByteBufAllocator - -Dio.netty.allocator.pageSize: 8192
13:35:12.532 [main] DEBUG io.netty.buffer.PooledByteBufAllocator - -Dio.netty.allocator.maxOrder: 9
13:35:12.532 [main] DEBUG io.netty.buffer.PooledByteBufAllocator - -Dio.netty.allocator.chunkSize: 4194304
13:35:12.532 [main] DEBUG io.netty.buffer.PooledByteBufAllocator - -Dio.netty.allocator.smallCacheSize: 256
13:35:12.532 [main] DEBUG io.netty.buffer.PooledByteBufAllocator - -Dio.netty.allocator.normalCacheSize: 64
13:35:12.532 [main] DEBUG io.netty.buffer.PooledByteBufAllocator - -Dio.netty.allocator.maxCachedBufferCapacity: 32768
13:35:12.532 [main] DEBUG io.netty.buffer.PooledByteBufAllocator - -Dio.netty.allocator.cacheTrimInterval: 8192
13:35:12.532 [main] DEBUG io.netty.buffer.PooledByteBufAllocator - -Dio.netty.allocator.cacheTrimIntervalMillis: 0
13:35:12.532 [main] DEBUG io.netty.buffer.PooledByteBufAllocator - -Dio.netty.allocator.useCacheForAllThreads: false
13:35:12.532 [main] DEBUG io.netty.buffer.PooledByteBufAllocator - -Dio.netty.allocator.maxCachedByteBuffersPerChunk: 1023
13:35:12.533 [main] DEBUG io.netty.buffer.ByteBufUtil - -Dio.netty.allocator.type: pooled
13:35:12.533 [main] DEBUG io.netty.buffer.ByteBufUtil - -Dio.netty.threadLocalDirectBufferSize: 0
13:35:12.533 [main] DEBUG io.netty.buffer.ByteBufUtil - -Dio.netty.maxThreadLocalCharBufferSize: 16384
13:35:12.534 [main] DEBUG io.netty.util.Recycler - -Dio.netty.recycler.maxCapacityPerThread: 4096
13:35:12.534 [main] DEBUG io.netty.util.Recycler - -Dio.netty.recycler.ratio: 8
13:35:12.534 [main] DEBUG io.netty.util.Recycler - -Dio.netty.recycler.chunkSize: 32
13:35:12.534 [main] DEBUG io.netty.util.Recycler - -Dio.netty.recycler.blocking: false
13:35:12.534 [main] DEBUG io.netty.util.Recycler - -Dio.netty.recycler.batchFastThreadLocalOnly: true
13:35:12.534 [main] DEBUG io.netty.util.internal.PlatformDependent - org.jctools-core.MpscChunkedArrayQueue: available
]]></system-out>
  </testcase>
  <testcase name="test43" classname="io.netty.handler.codec.http.multipart.AbstractDiskHttpData_ESTest" time="0.02">
    <system-out><![CDATA[13:35:12.608 [main] DEBUG io.netty.util.internal.logging.InternalLoggerFactory - Using SLF4J as the default logging framework
13:35:12.608 [main] DEBUG io.netty.util.internal.PlatformDependent0 - -Dio.netty.noUnsafe: false
13:35:12.608 [main] DEBUG io.netty.util.internal.PlatformDependent0 - Java version: 8
13:35:12.608 [main] DEBUG io.netty.util.internal.PlatformDependent0 - sun.misc.Unsafe.theUnsafe: available
13:35:12.608 [main] DEBUG io.netty.util.internal.PlatformDependent0 - sun.misc.Unsafe.copyMemory: available
13:35:12.608 [main] DEBUG io.netty.util.internal.PlatformDependent0 - sun.misc.Unsafe.storeFence: available
13:35:12.608 [main] DEBUG io.netty.util.internal.PlatformDependent0 - java.nio.Buffer.address: available
13:35:12.608 [main] DEBUG io.netty.util.internal.PlatformDependent0 - direct buffer constructor: available
13:35:12.609 [main] DEBUG io.netty.util.internal.PlatformDependent0 - java.nio.Bits.unaligned: available, true
13:35:12.609 [main] DEBUG io.netty.util.internal.PlatformDependent0 - jdk.internal.misc.Unsafe.allocateUninitializedArray(int): unavailable prior to Java9
13:35:12.609 [main] DEBUG io.netty.util.internal.PlatformDependent0 - java.nio.DirectByteBuffer.<init>(long, {int,long}): available
13:35:12.609 [main] DEBUG io.netty.util.internal.CleanerJava6 - java.nio.ByteBuffer.cleaner(): available
13:35:12.609 [main] DEBUG io.netty.util.internal.PlatformDependent - sun.misc.Unsafe: available
13:35:12.609 [main] DEBUG io.netty.util.internal.PlatformDependent - -Dio.netty.tmpdir: /tmp (java.io.tmpdir)
13:35:12.609 [main] DEBUG io.netty.util.internal.PlatformDependent - -Dio.netty.bitMode: 64 (sun.arch.data.model)
13:35:12.609 [main] DEBUG io.netty.util.internal.PlatformDependent - -Dio.netty.maxDirectMemory: 11420041216 bytes
13:35:12.609 [main] DEBUG io.netty.util.internal.PlatformDependent - -Dio.netty.uninitializedArrayAllocationThreshold: -1
13:35:12.609 [main] DEBUG io.netty.util.internal.PlatformDependent - -Dio.netty.noPreferDirect: false
13:35:12.612 [main] DEBUG io.netty.util.internal.CleanerJava9 - java.nio.ByteBuffer.cleaner(): unavailable
java.lang.NoSuchMethodException: sun.misc.Unsafe.invokeCleaner(java.nio.ByteBuffer)
	at java.lang.Class.getDeclaredMethod(Class.java:2130)
	at io.netty.util.internal.CleanerJava9$1.run(CleanerJava9.java:45)
	at java.security.AccessController.doPrivileged(Native Method)
	at io.netty.util.internal.CleanerJava9.__STATIC_RESET(CleanerJava9.java:40)
	at sun.reflect.GeneratedMethodAccessor27.invoke(Unknown Source)
	at sun.reflect.DelegatingMethodAccessorImpl.invoke(DelegatingMethodAccessorImpl.java:43)
	at java.lang.reflect.Method.invoke(Method.java:498)
	at org.evosuite.runtime.classhandling.ClassResetter.reset(ClassResetter.java:159)
	at org.evosuite.runtime.classhandling.ClassStateSupport.resetClasses(ClassStateSupport.java:137)
	at io.netty.handler.codec.http.multipart.AbstractDiskHttpData_ESTest_scaffolding.resetClasses(AbstractDiskHttpData_ESTest_scaffolding.java:318)
	at io.netty.handler.codec.http.multipart.AbstractDiskHttpData_ESTest_scaffolding.doneWithTestCase(AbstractDiskHttpData_ESTest_scaffolding.java:74)
	at sun.reflect.GeneratedMethodAccessor6.invoke(Unknown Source)
	at sun.reflect.DelegatingMethodAccessorImpl.invoke(DelegatingMethodAccessorImpl.java:43)
	at java.lang.reflect.Method.invoke(Method.java:498)
	at org.junit.runners.model.FrameworkMethod$1.runReflectiveCall(FrameworkMethod.java:59)
	at org.junit.internal.runners.model.ReflectiveCallable.run(ReflectiveCallable.java:12)
	at org.junit.runners.model.FrameworkMethod.invokeExplosively(FrameworkMethod.java:56)
	at org.junit.internal.runners.statements.RunAfters.invokeMethod(RunAfters.java:46)
	at org.junit.internal.runners.statements.RunAfters.evaluate(RunAfters.java:33)
	at org.evosuite.runtime.vnet.NonFunctionalRequirementRule$1.evaluate(NonFunctionalRequirementRule.java:41)
	at org.junit.runners.ParentRunner$3.evaluate(ParentRunner.java:306)
	at org.junit.runners.BlockJUnit4ClassRunner$1.evaluate(BlockJUnit4ClassRunner.java:100)
	at org.junit.runners.ParentRunner.runLeaf(ParentRunner.java:366)
	at org.junit.runners.BlockJUnit4ClassRunner.runChild(BlockJUnit4ClassRunner.java:103)
	at org.junit.runners.BlockJUnit4ClassRunner.runChild(BlockJUnit4ClassRunner.java:63)
	at org.junit.runners.ParentRunner$4.run(ParentRunner.java:331)
	at org.junit.runners.ParentRunner$1.schedule(ParentRunner.java:79)
	at org.junit.runners.ParentRunner.runChildren(ParentRunner.java:329)
	at org.junit.runners.ParentRunner.access$100(ParentRunner.java:66)
	at org.junit.runners.ParentRunner$2.evaluate(ParentRunner.java:293)
	at org.junit.internal.runners.statements.RunBefores.evaluate(RunBefores.java:26)
	at org.junit.internal.runners.statements.RunAfters.evaluate(RunAfters.java:27)
	at org.junit.runners.ParentRunner$3.evaluate(ParentRunner.java:306)
	at org.junit.runners.ParentRunner.run(ParentRunner.java:413)
	at org.apache.maven.surefire.junit4.JUnit4Provider.execute(JUnit4Provider.java:316)
	at org.apache.maven.surefire.junit4.JUnit4Provider.executeWithRerun(JUnit4Provider.java:240)
	at org.apache.maven.surefire.junit4.JUnit4Provider.executeTestSet(JUnit4Provider.java:214)
	at org.apache.maven.surefire.junit4.JUnit4Provider.invoke(JUnit4Provider.java:155)
	at org.apache.maven.surefire.booter.ForkedBooter.runSuitesInProcess(ForkedBooter.java:385)
	at org.apache.maven.surefire.booter.ForkedBooter.execute(ForkedBooter.java:162)
	at org.apache.maven.surefire.booter.ForkedBooter.run(ForkedBooter.java:507)
	at org.apache.maven.surefire.booter.ForkedBooter.main(ForkedBooter.java:495)
13:35:12.613 [main] DEBUG io.netty.util.ResourceLeakDetector - -Dio.netty.leakDetection.level: simple
13:35:12.613 [main] DEBUG io.netty.util.ResourceLeakDetector - -Dio.netty.leakDetection.targetRecords: 4
13:35:12.613 [main] DEBUG io.netty.buffer.AbstractByteBuf - -Dio.netty.buffer.checkAccessible: true
13:35:12.613 [main] DEBUG io.netty.buffer.AbstractByteBuf - -Dio.netty.buffer.checkBounds: true
13:35:12.613 [main] DEBUG io.netty.util.ResourceLeakDetectorFactory - Loaded default ResourceLeakDetector: io.netty.util.ResourceLeakDetector@5
13:35:12.614 [main] DEBUG io.netty.util.internal.InternalThreadLocalMap - -Dio.netty.threadLocalMap.stringBuilder.initialSize: 1024
13:35:12.614 [main] DEBUG io.netty.util.internal.InternalThreadLocalMap - -Dio.netty.threadLocalMap.stringBuilder.maxSize: 4096
13:35:12.614 [main] DEBUG io.netty.buffer.PooledByteBufAllocator - -Dio.netty.allocator.numHeapArenas: 0
13:35:12.614 [main] DEBUG io.netty.buffer.PooledByteBufAllocator - -Dio.netty.allocator.numDirectArenas: 2
13:35:12.614 [main] DEBUG io.netty.buffer.PooledByteBufAllocator - -Dio.netty.allocator.pageSize: 8192
13:35:12.614 [main] DEBUG io.netty.buffer.PooledByteBufAllocator - -Dio.netty.allocator.maxOrder: 9
13:35:12.614 [main] DEBUG io.netty.buffer.PooledByteBufAllocator - -Dio.netty.allocator.chunkSize: 4194304
13:35:12.614 [main] DEBUG io.netty.buffer.PooledByteBufAllocator - -Dio.netty.allocator.smallCacheSize: 256
13:35:12.614 [main] DEBUG io.netty.buffer.PooledByteBufAllocator - -Dio.netty.allocator.normalCacheSize: 64
13:35:12.614 [main] DEBUG io.netty.buffer.PooledByteBufAllocator - -Dio.netty.allocator.maxCachedBufferCapacity: 32768
13:35:12.614 [main] DEBUG io.netty.buffer.PooledByteBufAllocator - -Dio.netty.allocator.cacheTrimInterval: 8192
13:35:12.614 [main] DEBUG io.netty.buffer.PooledByteBufAllocator - -Dio.netty.allocator.cacheTrimIntervalMillis: 0
13:35:12.614 [main] DEBUG io.netty.buffer.PooledByteBufAllocator - -Dio.netty.allocator.useCacheForAllThreads: false
13:35:12.614 [main] DEBUG io.netty.buffer.PooledByteBufAllocator - -Dio.netty.allocator.maxCachedByteBuffersPerChunk: 1023
13:35:12.615 [main] DEBUG io.netty.buffer.ByteBufUtil - -Dio.netty.allocator.type: pooled
13:35:12.615 [main] DEBUG io.netty.buffer.ByteBufUtil - -Dio.netty.threadLocalDirectBufferSize: 0
13:35:12.615 [main] DEBUG io.netty.buffer.ByteBufUtil - -Dio.netty.maxThreadLocalCharBufferSize: 16384
13:35:12.616 [main] DEBUG io.netty.util.Recycler - -Dio.netty.recycler.maxCapacityPerThread: 4096
13:35:12.616 [main] DEBUG io.netty.util.Recycler - -Dio.netty.recycler.ratio: 8
13:35:12.616 [main] DEBUG io.netty.util.Recycler - -Dio.netty.recycler.chunkSize: 32
13:35:12.616 [main] DEBUG io.netty.util.Recycler - -Dio.netty.recycler.blocking: false
13:35:12.616 [main] DEBUG io.netty.util.Recycler - -Dio.netty.recycler.batchFastThreadLocalOnly: true
13:35:12.616 [main] DEBUG io.netty.util.internal.PlatformDependent - org.jctools-core.MpscChunkedArrayQueue: available
]]></system-out>
  </testcase>
  <testcase name="test42" classname="io.netty.handler.codec.http.multipart.AbstractDiskHttpData_ESTest" time="0.06">
    <system-out><![CDATA[13:35:12.672 [main] INFO org.evosuite.runtime.thread.ThreadStopper - Found new thread
13:35:12.674 [main] DEBUG io.netty.util.internal.logging.InternalLoggerFactory - Using SLF4J as the default logging framework
13:35:12.674 [main] DEBUG io.netty.util.internal.PlatformDependent0 - -Dio.netty.noUnsafe: false
13:35:12.674 [main] DEBUG io.netty.util.internal.PlatformDependent0 - Java version: 8
13:35:12.674 [main] DEBUG io.netty.util.internal.PlatformDependent0 - sun.misc.Unsafe.theUnsafe: available
13:35:12.674 [main] DEBUG io.netty.util.internal.PlatformDependent0 - sun.misc.Unsafe.copyMemory: available
13:35:12.675 [main] DEBUG io.netty.util.internal.PlatformDependent0 - sun.misc.Unsafe.storeFence: available
13:35:12.675 [main] DEBUG io.netty.util.internal.PlatformDependent0 - java.nio.Buffer.address: available
13:35:12.675 [main] DEBUG io.netty.util.internal.PlatformDependent0 - direct buffer constructor: available
13:35:12.675 [main] DEBUG io.netty.util.internal.PlatformDependent0 - java.nio.Bits.unaligned: available, true
13:35:12.675 [main] DEBUG io.netty.util.internal.PlatformDependent0 - jdk.internal.misc.Unsafe.allocateUninitializedArray(int): unavailable prior to Java9
13:35:12.675 [main] DEBUG io.netty.util.internal.PlatformDependent0 - java.nio.DirectByteBuffer.<init>(long, {int,long}): available
13:35:12.675 [main] DEBUG io.netty.util.internal.CleanerJava6 - java.nio.ByteBuffer.cleaner(): available
13:35:12.675 [main] DEBUG io.netty.util.internal.PlatformDependent - sun.misc.Unsafe: available
13:35:12.675 [main] DEBUG io.netty.util.internal.PlatformDependent - -Dio.netty.tmpdir: /tmp (java.io.tmpdir)
13:35:12.676 [main] DEBUG io.netty.util.internal.PlatformDependent - -Dio.netty.bitMode: 64 (sun.arch.data.model)
13:35:12.676 [main] DEBUG io.netty.util.internal.PlatformDependent - -Dio.netty.maxDirectMemory: 11420041216 bytes
13:35:12.676 [main] DEBUG io.netty.util.internal.PlatformDependent - -Dio.netty.uninitializedArrayAllocationThreshold: -1
13:35:12.676 [main] DEBUG io.netty.util.internal.PlatformDependent - -Dio.netty.noPreferDirect: false
13:35:12.677 [main] DEBUG io.netty.util.internal.CleanerJava9 - java.nio.ByteBuffer.cleaner(): unavailable
java.lang.NoSuchMethodException: sun.misc.Unsafe.invokeCleaner(java.nio.ByteBuffer)
	at java.lang.Class.getDeclaredMethod(Class.java:2130)
	at io.netty.util.internal.CleanerJava9$1.run(CleanerJava9.java:45)
	at java.security.AccessController.doPrivileged(Native Method)
	at io.netty.util.internal.CleanerJava9.__STATIC_RESET(CleanerJava9.java:40)
	at sun.reflect.GeneratedMethodAccessor27.invoke(Unknown Source)
	at sun.reflect.DelegatingMethodAccessorImpl.invoke(DelegatingMethodAccessorImpl.java:43)
	at java.lang.reflect.Method.invoke(Method.java:498)
	at org.evosuite.runtime.classhandling.ClassResetter.reset(ClassResetter.java:159)
	at org.evosuite.runtime.classhandling.ClassStateSupport.resetClasses(ClassStateSupport.java:137)
	at io.netty.handler.codec.http.multipart.AbstractDiskHttpData_ESTest_scaffolding.resetClasses(AbstractDiskHttpData_ESTest_scaffolding.java:318)
	at io.netty.handler.codec.http.multipart.AbstractDiskHttpData_ESTest_scaffolding.doneWithTestCase(AbstractDiskHttpData_ESTest_scaffolding.java:74)
	at sun.reflect.GeneratedMethodAccessor6.invoke(Unknown Source)
	at sun.reflect.DelegatingMethodAccessorImpl.invoke(DelegatingMethodAccessorImpl.java:43)
	at java.lang.reflect.Method.invoke(Method.java:498)
	at org.junit.runners.model.FrameworkMethod$1.runReflectiveCall(FrameworkMethod.java:59)
	at org.junit.internal.runners.model.ReflectiveCallable.run(ReflectiveCallable.java:12)
	at org.junit.runners.model.FrameworkMethod.invokeExplosively(FrameworkMethod.java:56)
	at org.junit.internal.runners.statements.RunAfters.invokeMethod(RunAfters.java:46)
	at org.junit.internal.runners.statements.RunAfters.evaluate(RunAfters.java:33)
	at org.evosuite.runtime.vnet.NonFunctionalRequirementRule$1.evaluate(NonFunctionalRequirementRule.java:41)
	at org.junit.runners.ParentRunner$3.evaluate(ParentRunner.java:306)
	at org.junit.runners.BlockJUnit4ClassRunner$1.evaluate(BlockJUnit4ClassRunner.java:100)
	at org.junit.runners.ParentRunner.runLeaf(ParentRunner.java:366)
	at org.junit.runners.BlockJUnit4ClassRunner.runChild(BlockJUnit4ClassRunner.java:103)
	at org.junit.runners.BlockJUnit4ClassRunner.runChild(BlockJUnit4ClassRunner.java:63)
	at org.junit.runners.ParentRunner$4.run(ParentRunner.java:331)
	at org.junit.runners.ParentRunner$1.schedule(ParentRunner.java:79)
	at org.junit.runners.ParentRunner.runChildren(ParentRunner.java:329)
	at org.junit.runners.ParentRunner.access$100(ParentRunner.java:66)
	at org.junit.runners.ParentRunner$2.evaluate(ParentRunner.java:293)
	at org.junit.internal.runners.statements.RunBefores.evaluate(RunBefores.java:26)
	at org.junit.internal.runners.statements.RunAfters.evaluate(RunAfters.java:27)
	at org.junit.runners.ParentRunner$3.evaluate(ParentRunner.java:306)
	at org.junit.runners.ParentRunner.run(ParentRunner.java:413)
	at org.apache.maven.surefire.junit4.JUnit4Provider.execute(JUnit4Provider.java:316)
	at org.apache.maven.surefire.junit4.JUnit4Provider.executeWithRerun(JUnit4Provider.java:240)
	at org.apache.maven.surefire.junit4.JUnit4Provider.executeTestSet(JUnit4Provider.java:214)
	at org.apache.maven.surefire.junit4.JUnit4Provider.invoke(JUnit4Provider.java:155)
	at org.apache.maven.surefire.booter.ForkedBooter.runSuitesInProcess(ForkedBooter.java:385)
	at org.apache.maven.surefire.booter.ForkedBooter.execute(ForkedBooter.java:162)
	at org.apache.maven.surefire.booter.ForkedBooter.run(ForkedBooter.java:507)
	at org.apache.maven.surefire.booter.ForkedBooter.main(ForkedBooter.java:495)
13:35:12.678 [main] DEBUG io.netty.util.ResourceLeakDetector - -Dio.netty.leakDetection.level: simple
13:35:12.678 [main] DEBUG io.netty.util.ResourceLeakDetector - -Dio.netty.leakDetection.targetRecords: 4
13:35:12.680 [main] DEBUG io.netty.buffer.AbstractByteBuf - -Dio.netty.buffer.checkAccessible: true
13:35:12.680 [main] DEBUG io.netty.buffer.AbstractByteBuf - -Dio.netty.buffer.checkBounds: true
13:35:12.680 [main] DEBUG io.netty.util.ResourceLeakDetectorFactory - Loaded default ResourceLeakDetector: io.netty.util.ResourceLeakDetector@5
13:35:12.680 [main] DEBUG io.netty.util.internal.InternalThreadLocalMap - -Dio.netty.threadLocalMap.stringBuilder.initialSize: 1024
13:35:12.680 [main] DEBUG io.netty.util.internal.InternalThreadLocalMap - -Dio.netty.threadLocalMap.stringBuilder.maxSize: 4096
13:35:12.681 [main] DEBUG io.netty.buffer.PooledByteBufAllocator - -Dio.netty.allocator.numHeapArenas: 0
13:35:12.681 [main] DEBUG io.netty.buffer.PooledByteBufAllocator - -Dio.netty.allocator.numDirectArenas: 2
13:35:12.681 [main] DEBUG io.netty.buffer.PooledByteBufAllocator - -Dio.netty.allocator.pageSize: 8192
13:35:12.681 [main] DEBUG io.netty.buffer.PooledByteBufAllocator - -Dio.netty.allocator.maxOrder: 9
13:35:12.681 [main] DEBUG io.netty.buffer.PooledByteBufAllocator - -Dio.netty.allocator.chunkSize: 4194304
13:35:12.681 [main] DEBUG io.netty.buffer.PooledByteBufAllocator - -Dio.netty.allocator.smallCacheSize: 256
13:35:12.681 [main] DEBUG io.netty.buffer.PooledByteBufAllocator - -Dio.netty.allocator.normalCacheSize: 64
13:35:12.681 [main] DEBUG io.netty.buffer.PooledByteBufAllocator - -Dio.netty.allocator.maxCachedBufferCapacity: 32768
13:35:12.681 [main] DEBUG io.netty.buffer.PooledByteBufAllocator - -Dio.netty.allocator.cacheTrimInterval: 8192
13:35:12.681 [main] DEBUG io.netty.buffer.PooledByteBufAllocator - -Dio.netty.allocator.cacheTrimIntervalMillis: 0
13:35:12.681 [main] DEBUG io.netty.buffer.PooledByteBufAllocator - -Dio.netty.allocator.useCacheForAllThreads: false
13:35:12.681 [main] DEBUG io.netty.buffer.PooledByteBufAllocator - -Dio.netty.allocator.maxCachedByteBuffersPerChunk: 1023
13:35:12.683 [main] DEBUG io.netty.buffer.ByteBufUtil - -Dio.netty.allocator.type: pooled
13:35:12.683 [main] DEBUG io.netty.buffer.ByteBufUtil - -Dio.netty.threadLocalDirectBufferSize: 0
13:35:12.683 [main] DEBUG io.netty.buffer.ByteBufUtil - -Dio.netty.maxThreadLocalCharBufferSize: 16384
13:35:12.685 [main] DEBUG io.netty.util.Recycler - -Dio.netty.recycler.maxCapacityPerThread: 4096
13:35:12.685 [main] DEBUG io.netty.util.Recycler - -Dio.netty.recycler.ratio: 8
13:35:12.685 [main] DEBUG io.netty.util.Recycler - -Dio.netty.recycler.chunkSize: 32
13:35:12.685 [main] DEBUG io.netty.util.Recycler - -Dio.netty.recycler.blocking: false
13:35:12.685 [main] DEBUG io.netty.util.Recycler - -Dio.netty.recycler.batchFastThreadLocalOnly: true
13:35:12.686 [main] DEBUG io.netty.util.internal.PlatformDependent - org.jctools-core.MpscChunkedArrayQueue: available
]]></system-out>
  </testcase>
  <testcase name="test01" classname="io.netty.handler.codec.http.multipart.AbstractDiskHttpData_ESTest" time="0.051">
    <system-out><![CDATA[13:35:12.712 [Time-limited test] INFO org.evosuite.runtime.instrumentation.EvoClassLoader - Seeing class for first time: io.netty.handler.codec.http.multipart.AbstractDiskHttpData_ESTest$2
13:35:12.712 [Time-limited test] INFO org.evosuite.runtime.instrumentation.EvoClassLoader - Instrumenting class 'io.netty.handler.codec.http.multipart.AbstractDiskHttpData_ESTest$2'.
13:35:12.715 [Time-limited test] INFO org.evosuite.runtime.instrumentation.EvoClassLoader - Keeping class: io.netty.handler.codec.http.multipart.AbstractDiskHttpData_ESTest$2
13:35:12.717 [pool-2-thread-1] DEBUG org.evosuite.runtime.sandbox.MSecurityManager - Security manager blocks permission ("java.io.FilePermission" "/tmp/Attr_6579332372448751974_-1344275239" "write")
java.lang.Thread.getStackTrace(Thread.java:1564)
org.evosuite.runtime.sandbox.MSecurityManager.checkPermission(MSecurityManager.java:424)
java.lang.SecurityManager.checkWrite(SecurityManager.java:979)
sun.nio.fs.UnixChannelFactory.open(UnixChannelFactory.java:247)
sun.nio.fs.UnixChannelFactory.newFileChannel(UnixChannelFactory.java:136)
sun.nio.fs.UnixChannelFactory.newFileChannel(UnixChannelFactory.java:148)
sun.nio.fs.UnixFileSystemProvider.newByteChannel(UnixFileSystemProvider.java:212)
java.nio.file.Files.newByteChannel(Files.java:361)
java.nio.file.Files.createFile(Files.java:632)
java.nio.file.TempFileHelper.create(TempFileHelper.java:138)
java.nio.file.TempFileHelper.createTempFile(TempFileHelper.java:161)
java.nio.file.Files.createTempFile(Files.java:897)
io.netty.util.internal.PlatformDependent.createTempFile(PlatformDependent.java:1499)
io.netty.handler.codec.http.multipart.AbstractDiskHttpData.tempFile(AbstractDiskHttpData.java:92)
io.netty.handler.codec.http.multipart.AbstractDiskHttpData.addContent(AbstractDiskHttpData.java:163)
io.netty.handler.codec.http.multipart.DiskAttribute.addContent(DiskAttribute.java:138)
io.netty.handler.codec.http.multipart.AbstractDiskHttpData_ESTest$2.run(AbstractDiskHttpData_ESTest.java:112)
java.util.concurrent.Executors$RunnableAdapter.call(Executors.java:511)
java.util.concurrent.FutureTask.run(FutureTask.java:266)
java.util.concurrent.ThreadPoolExecutor.runWorker(ThreadPoolExecutor.java:1149)
java.util.concurrent.ThreadPoolExecutor$Worker.run(ThreadPoolExecutor.java:624)
java.lang.Thread.run(Thread.java:750)

13:35:12.726 [main] DEBUG io.netty.util.internal.logging.InternalLoggerFactory - Using SLF4J as the default logging framework
13:35:12.726 [main] DEBUG io.netty.util.internal.PlatformDependent0 - -Dio.netty.noUnsafe: false
13:35:12.726 [main] DEBUG io.netty.util.internal.PlatformDependent0 - Java version: 8
13:35:12.726 [main] DEBUG io.netty.util.internal.PlatformDependent0 - sun.misc.Unsafe.theUnsafe: available
13:35:12.726 [main] DEBUG io.netty.util.internal.PlatformDependent0 - sun.misc.Unsafe.copyMemory: available
13:35:12.726 [main] DEBUG io.netty.util.internal.PlatformDependent0 - sun.misc.Unsafe.storeFence: available
13:35:12.726 [main] DEBUG io.netty.util.internal.PlatformDependent0 - java.nio.Buffer.address: available
13:35:12.726 [main] DEBUG io.netty.util.internal.PlatformDependent0 - direct buffer constructor: available
13:35:12.726 [main] DEBUG io.netty.util.internal.PlatformDependent0 - java.nio.Bits.unaligned: available, true
13:35:12.726 [main] DEBUG io.netty.util.internal.PlatformDependent0 - jdk.internal.misc.Unsafe.allocateUninitializedArray(int): unavailable prior to Java9
13:35:12.726 [main] DEBUG io.netty.util.internal.PlatformDependent0 - java.nio.DirectByteBuffer.<init>(long, {int,long}): available
13:35:12.726 [main] DEBUG io.netty.util.internal.CleanerJava6 - java.nio.ByteBuffer.cleaner(): available
13:35:12.727 [main] DEBUG io.netty.util.internal.PlatformDependent - sun.misc.Unsafe: available
13:35:12.727 [main] DEBUG io.netty.util.internal.PlatformDependent - -Dio.netty.tmpdir: /tmp (java.io.tmpdir)
13:35:12.727 [main] DEBUG io.netty.util.internal.PlatformDependent - -Dio.netty.bitMode: 64 (sun.arch.data.model)
13:35:12.727 [main] DEBUG io.netty.util.internal.PlatformDependent - -Dio.netty.maxDirectMemory: 11420041216 bytes
13:35:12.727 [main] DEBUG io.netty.util.internal.PlatformDependent - -Dio.netty.uninitializedArrayAllocationThreshold: -1
13:35:12.727 [main] DEBUG io.netty.util.internal.PlatformDependent - -Dio.netty.noPreferDirect: false
13:35:12.728 [main] DEBUG io.netty.util.internal.CleanerJava9 - java.nio.ByteBuffer.cleaner(): unavailable
java.lang.NoSuchMethodException: sun.misc.Unsafe.invokeCleaner(java.nio.ByteBuffer)
	at java.lang.Class.getDeclaredMethod(Class.java:2130)
	at io.netty.util.internal.CleanerJava9$1.run(CleanerJava9.java:45)
	at java.security.AccessController.doPrivileged(Native Method)
	at io.netty.util.internal.CleanerJava9.__STATIC_RESET(CleanerJava9.java:40)
	at sun.reflect.GeneratedMethodAccessor27.invoke(Unknown Source)
	at sun.reflect.DelegatingMethodAccessorImpl.invoke(DelegatingMethodAccessorImpl.java:43)
	at java.lang.reflect.Method.invoke(Method.java:498)
	at org.evosuite.runtime.classhandling.ClassResetter.reset(ClassResetter.java:159)
	at org.evosuite.runtime.classhandling.ClassStateSupport.resetClasses(ClassStateSupport.java:137)
	at io.netty.handler.codec.http.multipart.AbstractDiskHttpData_ESTest_scaffolding.resetClasses(AbstractDiskHttpData_ESTest_scaffolding.java:318)
	at io.netty.handler.codec.http.multipart.AbstractDiskHttpData_ESTest_scaffolding.doneWithTestCase(AbstractDiskHttpData_ESTest_scaffolding.java:74)
	at sun.reflect.GeneratedMethodAccessor6.invoke(Unknown Source)
	at sun.reflect.DelegatingMethodAccessorImpl.invoke(DelegatingMethodAccessorImpl.java:43)
	at java.lang.reflect.Method.invoke(Method.java:498)
	at org.junit.runners.model.FrameworkMethod$1.runReflectiveCall(FrameworkMethod.java:59)
	at org.junit.internal.runners.model.ReflectiveCallable.run(ReflectiveCallable.java:12)
	at org.junit.runners.model.FrameworkMethod.invokeExplosively(FrameworkMethod.java:56)
	at org.junit.internal.runners.statements.RunAfters.invokeMethod(RunAfters.java:46)
	at org.junit.internal.runners.statements.RunAfters.evaluate(RunAfters.java:33)
	at org.evosuite.runtime.vnet.NonFunctionalRequirementRule$1.evaluate(NonFunctionalRequirementRule.java:41)
	at org.junit.runners.ParentRunner$3.evaluate(ParentRunner.java:306)
	at org.junit.runners.BlockJUnit4ClassRunner$1.evaluate(BlockJUnit4ClassRunner.java:100)
	at org.junit.runners.ParentRunner.runLeaf(ParentRunner.java:366)
	at org.junit.runners.BlockJUnit4ClassRunner.runChild(BlockJUnit4ClassRunner.java:103)
	at org.junit.runners.BlockJUnit4ClassRunner.runChild(BlockJUnit4ClassRunner.java:63)
	at org.junit.runners.ParentRunner$4.run(ParentRunner.java:331)
	at org.junit.runners.ParentRunner$1.schedule(ParentRunner.java:79)
	at org.junit.runners.ParentRunner.runChildren(ParentRunner.java:329)
	at org.junit.runners.ParentRunner.access$100(ParentRunner.java:66)
	at org.junit.runners.ParentRunner$2.evaluate(ParentRunner.java:293)
	at org.junit.internal.runners.statements.RunBefores.evaluate(RunBefores.java:26)
	at org.junit.internal.runners.statements.RunAfters.evaluate(RunAfters.java:27)
	at org.junit.runners.ParentRunner$3.evaluate(ParentRunner.java:306)
	at org.junit.runners.ParentRunner.run(ParentRunner.java:413)
	at org.apache.maven.surefire.junit4.JUnit4Provider.execute(JUnit4Provider.java:316)
	at org.apache.maven.surefire.junit4.JUnit4Provider.executeWithRerun(JUnit4Provider.java:240)
	at org.apache.maven.surefire.junit4.JUnit4Provider.executeTestSet(JUnit4Provider.java:214)
	at org.apache.maven.surefire.junit4.JUnit4Provider.invoke(JUnit4Provider.java:155)
	at org.apache.maven.surefire.booter.ForkedBooter.runSuitesInProcess(ForkedBooter.java:385)
	at org.apache.maven.surefire.booter.ForkedBooter.execute(ForkedBooter.java:162)
	at org.apache.maven.surefire.booter.ForkedBooter.run(ForkedBooter.java:507)
	at org.apache.maven.surefire.booter.ForkedBooter.main(ForkedBooter.java:495)
13:35:12.728 [main] DEBUG io.netty.util.ResourceLeakDetector - -Dio.netty.leakDetection.level: simple
13:35:12.728 [main] DEBUG io.netty.util.ResourceLeakDetector - -Dio.netty.leakDetection.targetRecords: 4
13:35:12.729 [main] DEBUG io.netty.buffer.AbstractByteBuf - -Dio.netty.buffer.checkAccessible: true
13:35:12.729 [main] DEBUG io.netty.buffer.AbstractByteBuf - -Dio.netty.buffer.checkBounds: true
13:35:12.729 [main] DEBUG io.netty.util.ResourceLeakDetectorFactory - Loaded default ResourceLeakDetector: io.netty.util.ResourceLeakDetector@5
13:35:12.730 [main] DEBUG io.netty.util.internal.InternalThreadLocalMap - -Dio.netty.threadLocalMap.stringBuilder.initialSize: 1024
13:35:12.730 [main] DEBUG io.netty.util.internal.InternalThreadLocalMap - -Dio.netty.threadLocalMap.stringBuilder.maxSize: 4096
13:35:12.730 [main] DEBUG io.netty.buffer.PooledByteBufAllocator - -Dio.netty.allocator.numHeapArenas: 0
13:35:12.730 [main] DEBUG io.netty.buffer.PooledByteBufAllocator - -Dio.netty.allocator.numDirectArenas: 2
13:35:12.730 [main] DEBUG io.netty.buffer.PooledByteBufAllocator - -Dio.netty.allocator.pageSize: 8192
13:35:12.730 [main] DEBUG io.netty.buffer.PooledByteBufAllocator - -Dio.netty.allocator.maxOrder: 9
13:35:12.730 [main] DEBUG io.netty.buffer.PooledByteBufAllocator - -Dio.netty.allocator.chunkSize: 4194304
13:35:12.730 [main] DEBUG io.netty.buffer.PooledByteBufAllocator - -Dio.netty.allocator.smallCacheSize: 256
13:35:12.730 [main] DEBUG io.netty.buffer.PooledByteBufAllocator - -Dio.netty.allocator.normalCacheSize: 64
13:35:12.730 [main] DEBUG io.netty.buffer.PooledByteBufAllocator - -Dio.netty.allocator.maxCachedBufferCapacity: 32768
13:35:12.730 [main] DEBUG io.netty.buffer.PooledByteBufAllocator - -Dio.netty.allocator.cacheTrimInterval: 8192
13:35:12.730 [main] DEBUG io.netty.buffer.PooledByteBufAllocator - -Dio.netty.allocator.cacheTrimIntervalMillis: 0
13:35:12.730 [main] DEBUG io.netty.buffer.PooledByteBufAllocator - -Dio.netty.allocator.useCacheForAllThreads: false
13:35:12.730 [main] DEBUG io.netty.buffer.PooledByteBufAllocator - -Dio.netty.allocator.maxCachedByteBuffersPerChunk: 1023
13:35:12.731 [main] DEBUG io.netty.buffer.ByteBufUtil - -Dio.netty.allocator.type: pooled
13:35:12.731 [main] DEBUG io.netty.buffer.ByteBufUtil - -Dio.netty.threadLocalDirectBufferSize: 0
13:35:12.731 [main] DEBUG io.netty.buffer.ByteBufUtil - -Dio.netty.maxThreadLocalCharBufferSize: 16384
13:35:12.732 [main] DEBUG io.netty.util.Recycler - -Dio.netty.recycler.maxCapacityPerThread: 4096
13:35:12.732 [main] DEBUG io.netty.util.Recycler - -Dio.netty.recycler.ratio: 8
13:35:12.732 [main] DEBUG io.netty.util.Recycler - -Dio.netty.recycler.chunkSize: 32
13:35:12.732 [main] DEBUG io.netty.util.Recycler - -Dio.netty.recycler.blocking: false
13:35:12.732 [main] DEBUG io.netty.util.Recycler - -Dio.netty.recycler.batchFastThreadLocalOnly: true
13:35:12.732 [main] DEBUG io.netty.util.internal.PlatformDependent - org.jctools-core.MpscChunkedArrayQueue: available
]]></system-out>
  </testcase>
  <testcase name="test45" classname="io.netty.handler.codec.http.multipart.AbstractDiskHttpData_ESTest" time="0.043">
    <system-out><![CDATA[13:35:12.744 [Time-limited test] WARN io.netty.handler.codec.http.multipart.AbstractDiskHttpData - Multiple exceptions detected, the following will be suppressed {}
java.io.IOException: Simulated IOException
	at org.evosuite.runtime.vfs.VirtualFileSystem.throwSimuledIOExceptionIfNeeded(VirtualFileSystem.java:169)
	at org.evosuite.runtime.mock.java.io.MockRandomAccessFile.close(MockRandomAccessFile.java:299)
	at io.netty.handler.codec.http.multipart.AbstractDiskHttpData.renameTo(AbstractDiskHttpData.java:401)
	at io.netty.handler.codec.http.multipart.AbstractDiskHttpData_ESTest.test45(AbstractDiskHttpData_ESTest.java:781)
	at sun.reflect.NativeMethodAccessorImpl.invoke0(Native Method)
	at sun.reflect.NativeMethodAccessorImpl.invoke(NativeMethodAccessorImpl.java:62)
	at sun.reflect.DelegatingMethodAccessorImpl.invoke(DelegatingMethodAccessorImpl.java:43)
	at java.lang.reflect.Method.invoke(Method.java:498)
	at org.junit.runners.model.FrameworkMethod$1.runReflectiveCall(FrameworkMethod.java:59)
	at org.junit.internal.runners.model.ReflectiveCallable.run(ReflectiveCallable.java:12)
	at org.junit.runners.model.FrameworkMethod.invokeExplosively(FrameworkMethod.java:56)
	at org.junit.internal.runners.statements.InvokeMethod.evaluate(InvokeMethod.java:17)
	at org.junit.internal.runners.statements.FailOnTimeout$CallableStatement.call(FailOnTimeout.java:299)
	at org.junit.internal.runners.statements.FailOnTimeout$CallableStatement.call(FailOnTimeout.java:293)
	at java.util.concurrent.FutureTask.run(FutureTask.java:266)
	at java.lang.Thread.run(Thread.java:750)
13:35:12.746 [main] DEBUG io.netty.util.internal.logging.InternalLoggerFactory - Using SLF4J as the default logging framework
13:35:12.746 [main] DEBUG io.netty.util.internal.PlatformDependent0 - -Dio.netty.noUnsafe: false
13:35:12.746 [main] DEBUG io.netty.util.internal.PlatformDependent0 - Java version: 8
13:35:12.746 [main] DEBUG io.netty.util.internal.PlatformDependent0 - sun.misc.Unsafe.theUnsafe: available
13:35:12.746 [main] DEBUG io.netty.util.internal.PlatformDependent0 - sun.misc.Unsafe.copyMemory: available
13:35:12.746 [main] DEBUG io.netty.util.internal.PlatformDependent0 - sun.misc.Unsafe.storeFence: available
13:35:12.746 [main] DEBUG io.netty.util.internal.PlatformDependent0 - java.nio.Buffer.address: available
13:35:12.746 [main] DEBUG io.netty.util.internal.PlatformDependent0 - direct buffer constructor: available
13:35:12.747 [main] DEBUG io.netty.util.internal.PlatformDependent0 - java.nio.Bits.unaligned: available, true
13:35:12.747 [main] DEBUG io.netty.util.internal.PlatformDependent0 - jdk.internal.misc.Unsafe.allocateUninitializedArray(int): unavailable prior to Java9
13:35:12.747 [main] DEBUG io.netty.util.internal.PlatformDependent0 - java.nio.DirectByteBuffer.<init>(long, {int,long}): available
13:35:12.747 [main] DEBUG io.netty.util.internal.CleanerJava6 - java.nio.ByteBuffer.cleaner(): available
13:35:12.747 [main] DEBUG io.netty.util.internal.PlatformDependent - sun.misc.Unsafe: available
13:35:12.747 [main] DEBUG io.netty.util.internal.PlatformDependent - -Dio.netty.tmpdir: /tmp (java.io.tmpdir)
13:35:12.747 [main] DEBUG io.netty.util.internal.PlatformDependent - -Dio.netty.bitMode: 64 (sun.arch.data.model)
13:35:12.747 [main] DEBUG io.netty.util.internal.PlatformDependent - -Dio.netty.maxDirectMemory: 11420041216 bytes
13:35:12.747 [main] DEBUG io.netty.util.internal.PlatformDependent - -Dio.netty.uninitializedArrayAllocationThreshold: -1
13:35:12.747 [main] DEBUG io.netty.util.internal.PlatformDependent - -Dio.netty.noPreferDirect: false
13:35:12.748 [main] DEBUG io.netty.util.internal.CleanerJava9 - java.nio.ByteBuffer.cleaner(): unavailable
java.lang.NoSuchMethodException: sun.misc.Unsafe.invokeCleaner(java.nio.ByteBuffer)
	at java.lang.Class.getDeclaredMethod(Class.java:2130)
	at io.netty.util.internal.CleanerJava9$1.run(CleanerJava9.java:45)
	at java.security.AccessController.doPrivileged(Native Method)
	at io.netty.util.internal.CleanerJava9.__STATIC_RESET(CleanerJava9.java:40)
	at sun.reflect.GeneratedMethodAccessor27.invoke(Unknown Source)
	at sun.reflect.DelegatingMethodAccessorImpl.invoke(DelegatingMethodAccessorImpl.java:43)
	at java.lang.reflect.Method.invoke(Method.java:498)
	at org.evosuite.runtime.classhandling.ClassResetter.reset(ClassResetter.java:159)
	at org.evosuite.runtime.classhandling.ClassStateSupport.resetClasses(ClassStateSupport.java:137)
	at io.netty.handler.codec.http.multipart.AbstractDiskHttpData_ESTest_scaffolding.resetClasses(AbstractDiskHttpData_ESTest_scaffolding.java:318)
	at io.netty.handler.codec.http.multipart.AbstractDiskHttpData_ESTest_scaffolding.doneWithTestCase(AbstractDiskHttpData_ESTest_scaffolding.java:74)
	at sun.reflect.GeneratedMethodAccessor6.invoke(Unknown Source)
	at sun.reflect.DelegatingMethodAccessorImpl.invoke(DelegatingMethodAccessorImpl.java:43)
	at java.lang.reflect.Method.invoke(Method.java:498)
	at org.junit.runners.model.FrameworkMethod$1.runReflectiveCall(FrameworkMethod.java:59)
	at org.junit.internal.runners.model.ReflectiveCallable.run(ReflectiveCallable.java:12)
	at org.junit.runners.model.FrameworkMethod.invokeExplosively(FrameworkMethod.java:56)
	at org.junit.internal.runners.statements.RunAfters.invokeMethod(RunAfters.java:46)
	at org.junit.internal.runners.statements.RunAfters.evaluate(RunAfters.java:33)
	at org.evosuite.runtime.vnet.NonFunctionalRequirementRule$1.evaluate(NonFunctionalRequirementRule.java:41)
	at org.junit.runners.ParentRunner$3.evaluate(ParentRunner.java:306)
	at org.junit.runners.BlockJUnit4ClassRunner$1.evaluate(BlockJUnit4ClassRunner.java:100)
	at org.junit.runners.ParentRunner.runLeaf(ParentRunner.java:366)
	at org.junit.runners.BlockJUnit4ClassRunner.runChild(BlockJUnit4ClassRunner.java:103)
	at org.junit.runners.BlockJUnit4ClassRunner.runChild(BlockJUnit4ClassRunner.java:63)
	at org.junit.runners.ParentRunner$4.run(ParentRunner.java:331)
	at org.junit.runners.ParentRunner$1.schedule(ParentRunner.java:79)
	at org.junit.runners.ParentRunner.runChildren(ParentRunner.java:329)
	at org.junit.runners.ParentRunner.access$100(ParentRunner.java:66)
	at org.junit.runners.ParentRunner$2.evaluate(ParentRunner.java:293)
	at org.junit.internal.runners.statements.RunBefores.evaluate(RunBefores.java:26)
	at org.junit.internal.runners.statements.RunAfters.evaluate(RunAfters.java:27)
	at org.junit.runners.ParentRunner$3.evaluate(ParentRunner.java:306)
	at org.junit.runners.ParentRunner.run(ParentRunner.java:413)
	at org.apache.maven.surefire.junit4.JUnit4Provider.execute(JUnit4Provider.java:316)
	at org.apache.maven.surefire.junit4.JUnit4Provider.executeWithRerun(JUnit4Provider.java:240)
	at org.apache.maven.surefire.junit4.JUnit4Provider.executeTestSet(JUnit4Provider.java:214)
	at org.apache.maven.surefire.junit4.JUnit4Provider.invoke(JUnit4Provider.java:155)
	at org.apache.maven.surefire.booter.ForkedBooter.runSuitesInProcess(ForkedBooter.java:385)
	at org.apache.maven.surefire.booter.ForkedBooter.execute(ForkedBooter.java:162)
	at org.apache.maven.surefire.booter.ForkedBooter.run(ForkedBooter.java:507)
	at org.apache.maven.surefire.booter.ForkedBooter.main(ForkedBooter.java:495)
13:35:12.749 [main] DEBUG io.netty.util.ResourceLeakDetector - -Dio.netty.leakDetection.level: simple
13:35:12.749 [main] DEBUG io.netty.util.ResourceLeakDetector - -Dio.netty.leakDetection.targetRecords: 4
13:35:12.750 [main] DEBUG io.netty.buffer.AbstractByteBuf - -Dio.netty.buffer.checkAccessible: true
13:35:12.750 [main] DEBUG io.netty.buffer.AbstractByteBuf - -Dio.netty.buffer.checkBounds: true
13:35:12.750 [main] DEBUG io.netty.util.ResourceLeakDetectorFactory - Loaded default ResourceLeakDetector: io.netty.util.ResourceLeakDetector@5
13:35:12.750 [main] DEBUG io.netty.util.internal.InternalThreadLocalMap - -Dio.netty.threadLocalMap.stringBuilder.initialSize: 1024
13:35:12.750 [main] DEBUG io.netty.util.internal.InternalThreadLocalMap - -Dio.netty.threadLocalMap.stringBuilder.maxSize: 4096
13:35:12.751 [main] DEBUG io.netty.buffer.PooledByteBufAllocator - -Dio.netty.allocator.numHeapArenas: 0
13:35:12.751 [main] DEBUG io.netty.buffer.PooledByteBufAllocator - -Dio.netty.allocator.numDirectArenas: 2
13:35:12.751 [main] DEBUG io.netty.buffer.PooledByteBufAllocator - -Dio.netty.allocator.pageSize: 8192
13:35:12.751 [main] DEBUG io.netty.buffer.PooledByteBufAllocator - -Dio.netty.allocator.maxOrder: 9
13:35:12.751 [main] DEBUG io.netty.buffer.PooledByteBufAllocator - -Dio.netty.allocator.chunkSize: 4194304
13:35:12.751 [main] DEBUG io.netty.buffer.PooledByteBufAllocator - -Dio.netty.allocator.smallCacheSize: 256
13:35:12.751 [main] DEBUG io.netty.buffer.PooledByteBufAllocator - -Dio.netty.allocator.normalCacheSize: 64
13:35:12.751 [main] DEBUG io.netty.buffer.PooledByteBufAllocator - -Dio.netty.allocator.maxCachedBufferCapacity: 32768
13:35:12.751 [main] DEBUG io.netty.buffer.PooledByteBufAllocator - -Dio.netty.allocator.cacheTrimInterval: 8192
13:35:12.751 [main] DEBUG io.netty.buffer.PooledByteBufAllocator - -Dio.netty.allocator.cacheTrimIntervalMillis: 0
13:35:12.751 [main] DEBUG io.netty.buffer.PooledByteBufAllocator - -Dio.netty.allocator.useCacheForAllThreads: false
13:35:12.751 [main] DEBUG io.netty.buffer.PooledByteBufAllocator - -Dio.netty.allocator.maxCachedByteBuffersPerChunk: 1023
13:35:12.752 [main] DEBUG io.netty.buffer.ByteBufUtil - -Dio.netty.allocator.type: pooled
13:35:12.752 [main] DEBUG io.netty.buffer.ByteBufUtil - -Dio.netty.threadLocalDirectBufferSize: 0
13:35:12.752 [main] DEBUG io.netty.buffer.ByteBufUtil - -Dio.netty.maxThreadLocalCharBufferSize: 16384
13:35:12.753 [main] DEBUG io.netty.util.Recycler - -Dio.netty.recycler.maxCapacityPerThread: 4096
13:35:12.753 [main] DEBUG io.netty.util.Recycler - -Dio.netty.recycler.ratio: 8
13:35:12.753 [main] DEBUG io.netty.util.Recycler - -Dio.netty.recycler.chunkSize: 32
13:35:12.753 [main] DEBUG io.netty.util.Recycler - -Dio.netty.recycler.blocking: false
13:35:12.753 [main] DEBUG io.netty.util.Recycler - -Dio.netty.recycler.batchFastThreadLocalOnly: true
13:35:12.753 [main] DEBUG io.netty.util.internal.PlatformDependent - org.jctools-core.MpscChunkedArrayQueue: available
]]></system-out>
  </testcase>
  <testcase name="test00" classname="io.netty.handler.codec.http.multipart.AbstractDiskHttpData_ESTest" time="0.026">
    <system-out><![CDATA[13:35:12.763 [Time-limited test] INFO org.evosuite.runtime.instrumentation.EvoClassLoader - Seeing class for first time: io.netty.handler.codec.http.multipart.AbstractDiskHttpData_ESTest$1
13:35:12.763 [Time-limited test] INFO org.evosuite.runtime.instrumentation.EvoClassLoader - Instrumenting class 'io.netty.handler.codec.http.multipart.AbstractDiskHttpData_ESTest$1'.
13:35:12.764 [Time-limited test] INFO org.evosuite.runtime.instrumentation.EvoClassLoader - Keeping class: io.netty.handler.codec.http.multipart.AbstractDiskHttpData_ESTest$1
13:35:12.773 [pool-2-thread-1] DEBUG org.evosuite.runtime.sandbox.MSecurityManager - Security manager blocks permission ("java.io.FilePermission" ".att/Attr_8825211575270262743_-2111982106" "write")
java.lang.Thread.getStackTrace(Thread.java:1564)
org.evosuite.runtime.sandbox.MSecurityManager.checkPermission(MSecurityManager.java:424)
java.lang.SecurityManager.checkWrite(SecurityManager.java:979)
sun.nio.fs.UnixChannelFactory.open(UnixChannelFactory.java:247)
sun.nio.fs.UnixChannelFactory.newFileChannel(UnixChannelFactory.java:136)
sun.nio.fs.UnixChannelFactory.newFileChannel(UnixChannelFactory.java:148)
sun.nio.fs.UnixFileSystemProvider.newByteChannel(UnixFileSystemProvider.java:212)
java.nio.file.Files.newByteChannel(Files.java:361)
java.nio.file.Files.createFile(Files.java:632)
java.nio.file.TempFileHelper.create(TempFileHelper.java:138)
java.nio.file.TempFileHelper.createTempFile(TempFileHelper.java:161)
java.nio.file.Files.createTempFile(Files.java:852)
io.netty.util.internal.PlatformDependent.createTempFile(PlatformDependent.java:1501)
io.netty.handler.codec.http.multipart.AbstractDiskHttpData.tempFile(AbstractDiskHttpData.java:94)
io.netty.handler.codec.http.multipart.AbstractDiskHttpData.addContent(AbstractDiskHttpData.java:163)
io.netty.handler.codec.http.multipart.DiskAttribute.addContent(DiskAttribute.java:138)
io.netty.handler.codec.http.multipart.AbstractDiskHttpData_ESTest$1.run(AbstractDiskHttpData_ESTest.java:55)
java.util.concurrent.Executors$RunnableAdapter.call(Executors.java:511)
java.util.concurrent.FutureTask.run(FutureTask.java:266)
java.util.concurrent.ThreadPoolExecutor.runWorker(ThreadPoolExecutor.java:1149)
java.util.concurrent.ThreadPoolExecutor$Worker.run(ThreadPoolExecutor.java:624)
java.lang.Thread.run(Thread.java:750)

13:35:12.774 [main] INFO org.evosuite.runtime.thread.ThreadStopper - Found new thread
13:35:12.774 [main] DEBUG io.netty.util.internal.logging.InternalLoggerFactory - Using SLF4J as the default logging framework
13:35:12.774 [main] DEBUG io.netty.util.internal.PlatformDependent0 - -Dio.netty.noUnsafe: false
13:35:12.775 [main] DEBUG io.netty.util.internal.PlatformDependent0 - Java version: 8
13:35:12.775 [main] DEBUG io.netty.util.internal.PlatformDependent0 - sun.misc.Unsafe.theUnsafe: available
13:35:12.775 [main] DEBUG io.netty.util.internal.PlatformDependent0 - sun.misc.Unsafe.copyMemory: available
13:35:12.775 [main] DEBUG io.netty.util.internal.PlatformDependent0 - sun.misc.Unsafe.storeFence: available
13:35:12.775 [main] DEBUG io.netty.util.internal.PlatformDependent0 - java.nio.Buffer.address: available
13:35:12.775 [main] DEBUG io.netty.util.internal.PlatformDependent0 - direct buffer constructor: available
13:35:12.775 [main] DEBUG io.netty.util.internal.PlatformDependent0 - java.nio.Bits.unaligned: available, true
13:35:12.775 [main] DEBUG io.netty.util.internal.PlatformDependent0 - jdk.internal.misc.Unsafe.allocateUninitializedArray(int): unavailable prior to Java9
13:35:12.775 [main] DEBUG io.netty.util.internal.PlatformDependent0 - java.nio.DirectByteBuffer.<init>(long, {int,long}): available
13:35:12.775 [main] DEBUG io.netty.util.internal.CleanerJava6 - java.nio.ByteBuffer.cleaner(): available
13:35:12.775 [main] DEBUG io.netty.util.internal.PlatformDependent - sun.misc.Unsafe: available
13:35:12.776 [main] DEBUG io.netty.util.internal.PlatformDependent - -Dio.netty.tmpdir: /tmp (java.io.tmpdir)
13:35:12.776 [main] DEBUG io.netty.util.internal.PlatformDependent - -Dio.netty.bitMode: 64 (sun.arch.data.model)
13:35:12.776 [main] DEBUG io.netty.util.internal.PlatformDependent - -Dio.netty.maxDirectMemory: 11420041216 bytes
13:35:12.776 [main] DEBUG io.netty.util.internal.PlatformDependent - -Dio.netty.uninitializedArrayAllocationThreshold: -1
13:35:12.776 [main] DEBUG io.netty.util.internal.PlatformDependent - -Dio.netty.noPreferDirect: false
13:35:12.776 [main] DEBUG io.netty.util.internal.CleanerJava9 - java.nio.ByteBuffer.cleaner(): unavailable
java.lang.NoSuchMethodException: sun.misc.Unsafe.invokeCleaner(java.nio.ByteBuffer)
	at java.lang.Class.getDeclaredMethod(Class.java:2130)
	at io.netty.util.internal.CleanerJava9$1.run(CleanerJava9.java:45)
	at java.security.AccessController.doPrivileged(Native Method)
	at io.netty.util.internal.CleanerJava9.__STATIC_RESET(CleanerJava9.java:40)
	at sun.reflect.GeneratedMethodAccessor27.invoke(Unknown Source)
	at sun.reflect.DelegatingMethodAccessorImpl.invoke(DelegatingMethodAccessorImpl.java:43)
	at java.lang.reflect.Method.invoke(Method.java:498)
	at org.evosuite.runtime.classhandling.ClassResetter.reset(ClassResetter.java:159)
	at org.evosuite.runtime.classhandling.ClassStateSupport.resetClasses(ClassStateSupport.java:137)
	at io.netty.handler.codec.http.multipart.AbstractDiskHttpData_ESTest_scaffolding.resetClasses(AbstractDiskHttpData_ESTest_scaffolding.java:318)
	at io.netty.handler.codec.http.multipart.AbstractDiskHttpData_ESTest_scaffolding.doneWithTestCase(AbstractDiskHttpData_ESTest_scaffolding.java:74)
	at sun.reflect.GeneratedMethodAccessor6.invoke(Unknown Source)
	at sun.reflect.DelegatingMethodAccessorImpl.invoke(DelegatingMethodAccessorImpl.java:43)
	at java.lang.reflect.Method.invoke(Method.java:498)
	at org.junit.runners.model.FrameworkMethod$1.runReflectiveCall(FrameworkMethod.java:59)
	at org.junit.internal.runners.model.ReflectiveCallable.run(ReflectiveCallable.java:12)
	at org.junit.runners.model.FrameworkMethod.invokeExplosively(FrameworkMethod.java:56)
	at org.junit.internal.runners.statements.RunAfters.invokeMethod(RunAfters.java:46)
	at org.junit.internal.runners.statements.RunAfters.evaluate(RunAfters.java:33)
	at org.evosuite.runtime.vnet.NonFunctionalRequirementRule$1.evaluate(NonFunctionalRequirementRule.java:41)
	at org.junit.runners.ParentRunner$3.evaluate(ParentRunner.java:306)
	at org.junit.runners.BlockJUnit4ClassRunner$1.evaluate(BlockJUnit4ClassRunner.java:100)
	at org.junit.runners.ParentRunner.runLeaf(ParentRunner.java:366)
	at org.junit.runners.BlockJUnit4ClassRunner.runChild(BlockJUnit4ClassRunner.java:103)
	at org.junit.runners.BlockJUnit4ClassRunner.runChild(BlockJUnit4ClassRunner.java:63)
	at org.junit.runners.ParentRunner$4.run(ParentRunner.java:331)
	at org.junit.runners.ParentRunner$1.schedule(ParentRunner.java:79)
	at org.junit.runners.ParentRunner.runChildren(ParentRunner.java:329)
	at org.junit.runners.ParentRunner.access$100(ParentRunner.java:66)
	at org.junit.runners.ParentRunner$2.evaluate(ParentRunner.java:293)
	at org.junit.internal.runners.statements.RunBefores.evaluate(RunBefores.java:26)
	at org.junit.internal.runners.statements.RunAfters.evaluate(RunAfters.java:27)
	at org.junit.runners.ParentRunner$3.evaluate(ParentRunner.java:306)
	at org.junit.runners.ParentRunner.run(ParentRunner.java:413)
	at org.apache.maven.surefire.junit4.JUnit4Provider.execute(JUnit4Provider.java:316)
	at org.apache.maven.surefire.junit4.JUnit4Provider.executeWithRerun(JUnit4Provider.java:240)
	at org.apache.maven.surefire.junit4.JUnit4Provider.executeTestSet(JUnit4Provider.java:214)
	at org.apache.maven.surefire.junit4.JUnit4Provider.invoke(JUnit4Provider.java:155)
	at org.apache.maven.surefire.booter.ForkedBooter.runSuitesInProcess(ForkedBooter.java:385)
	at org.apache.maven.surefire.booter.ForkedBooter.execute(ForkedBooter.java:162)
	at org.apache.maven.surefire.booter.ForkedBooter.run(ForkedBooter.java:507)
	at org.apache.maven.surefire.booter.ForkedBooter.main(ForkedBooter.java:495)
13:35:12.777 [main] DEBUG io.netty.util.ResourceLeakDetector - -Dio.netty.leakDetection.level: simple
13:35:12.777 [main] DEBUG io.netty.util.ResourceLeakDetector - -Dio.netty.leakDetection.targetRecords: 4
13:35:12.778 [main] DEBUG io.netty.buffer.AbstractByteBuf - -Dio.netty.buffer.checkAccessible: true
13:35:12.778 [main] DEBUG io.netty.buffer.AbstractByteBuf - -Dio.netty.buffer.checkBounds: true
13:35:12.778 [main] DEBUG io.netty.util.ResourceLeakDetectorFactory - Loaded default ResourceLeakDetector: io.netty.util.ResourceLeakDetector@5
13:35:12.778 [main] DEBUG io.netty.util.internal.InternalThreadLocalMap - -Dio.netty.threadLocalMap.stringBuilder.initialSize: 1024
13:35:12.778 [main] DEBUG io.netty.util.internal.InternalThreadLocalMap - -Dio.netty.threadLocalMap.stringBuilder.maxSize: 4096
13:35:12.779 [main] DEBUG io.netty.buffer.PooledByteBufAllocator - -Dio.netty.allocator.numHeapArenas: 0
13:35:12.779 [main] DEBUG io.netty.buffer.PooledByteBufAllocator - -Dio.netty.allocator.numDirectArenas: 2
13:35:12.779 [main] DEBUG io.netty.buffer.PooledByteBufAllocator - -Dio.netty.allocator.pageSize: 8192
13:35:12.779 [main] DEBUG io.netty.buffer.PooledByteBufAllocator - -Dio.netty.allocator.maxOrder: 9
13:35:12.779 [main] DEBUG io.netty.buffer.PooledByteBufAllocator - -Dio.netty.allocator.chunkSize: 4194304
13:35:12.779 [main] DEBUG io.netty.buffer.PooledByteBufAllocator - -Dio.netty.allocator.smallCacheSize: 256
13:35:12.779 [main] DEBUG io.netty.buffer.PooledByteBufAllocator - -Dio.netty.allocator.normalCacheSize: 64
13:35:12.779 [main] DEBUG io.netty.buffer.PooledByteBufAllocator - -Dio.netty.allocator.maxCachedBufferCapacity: 32768
13:35:12.779 [main] DEBUG io.netty.buffer.PooledByteBufAllocator - -Dio.netty.allocator.cacheTrimInterval: 8192
13:35:12.779 [main] DEBUG io.netty.buffer.PooledByteBufAllocator - -Dio.netty.allocator.cacheTrimIntervalMillis: 0
13:35:12.779 [main] DEBUG io.netty.buffer.PooledByteBufAllocator - -Dio.netty.allocator.useCacheForAllThreads: false
13:35:12.779 [main] DEBUG io.netty.buffer.PooledByteBufAllocator - -Dio.netty.allocator.maxCachedByteBuffersPerChunk: 1023
13:35:12.780 [main] DEBUG io.netty.buffer.ByteBufUtil - -Dio.netty.allocator.type: pooled
13:35:12.780 [main] DEBUG io.netty.buffer.ByteBufUtil - -Dio.netty.threadLocalDirectBufferSize: 0
13:35:12.780 [main] DEBUG io.netty.buffer.ByteBufUtil - -Dio.netty.maxThreadLocalCharBufferSize: 16384
13:35:12.780 [main] DEBUG io.netty.util.Recycler - -Dio.netty.recycler.maxCapacityPerThread: 4096
13:35:12.780 [main] DEBUG io.netty.util.Recycler - -Dio.netty.recycler.ratio: 8
13:35:12.780 [main] DEBUG io.netty.util.Recycler - -Dio.netty.recycler.chunkSize: 32
13:35:12.780 [main] DEBUG io.netty.util.Recycler - -Dio.netty.recycler.blocking: false
13:35:12.780 [main] DEBUG io.netty.util.Recycler - -Dio.netty.recycler.batchFastThreadLocalOnly: true
13:35:12.781 [main] DEBUG io.netty.util.internal.PlatformDependent - org.jctools-core.MpscChunkedArrayQueue: available
]]></system-out>
  </testcase>
  <testcase name="test44" classname="io.netty.handler.codec.http.multipart.AbstractDiskHttpData_ESTest" time="0.05">
    <system-out><![CDATA[13:35:12.796 [Time-limited test] WARN io.netty.handler.codec.http.multipart.AbstractDiskHttpData - Failed to delete: .sVgP;a{C)+Ti%FEr
13:35:12.798 [main] DEBUG io.netty.util.internal.logging.InternalLoggerFactory - Using SLF4J as the default logging framework
13:35:12.798 [main] DEBUG io.netty.util.internal.PlatformDependent0 - -Dio.netty.noUnsafe: false
13:35:12.798 [main] DEBUG io.netty.util.internal.PlatformDependent0 - Java version: 8
13:35:12.798 [main] DEBUG io.netty.util.internal.PlatformDependent0 - sun.misc.Unsafe.theUnsafe: available
13:35:12.798 [main] DEBUG io.netty.util.internal.PlatformDependent0 - sun.misc.Unsafe.copyMemory: available
13:35:12.798 [main] DEBUG io.netty.util.internal.PlatformDependent0 - sun.misc.Unsafe.storeFence: available
13:35:12.798 [main] DEBUG io.netty.util.internal.PlatformDependent0 - java.nio.Buffer.address: available
13:35:12.798 [main] DEBUG io.netty.util.internal.PlatformDependent0 - direct buffer constructor: available
13:35:12.798 [main] DEBUG io.netty.util.internal.PlatformDependent0 - java.nio.Bits.unaligned: available, true
13:35:12.798 [main] DEBUG io.netty.util.internal.PlatformDependent0 - jdk.internal.misc.Unsafe.allocateUninitializedArray(int): unavailable prior to Java9
13:35:12.798 [main] DEBUG io.netty.util.internal.PlatformDependent0 - java.nio.DirectByteBuffer.<init>(long, {int,long}): available
13:35:12.798 [main] DEBUG io.netty.util.internal.CleanerJava6 - java.nio.ByteBuffer.cleaner(): available
13:35:12.798 [main] DEBUG io.netty.util.internal.PlatformDependent - sun.misc.Unsafe: available
13:35:12.798 [main] DEBUG io.netty.util.internal.PlatformDependent - -Dio.netty.tmpdir: /tmp (java.io.tmpdir)
13:35:12.798 [main] DEBUG io.netty.util.internal.PlatformDependent - -Dio.netty.bitMode: 64 (sun.arch.data.model)
13:35:12.798 [main] DEBUG io.netty.util.internal.PlatformDependent - -Dio.netty.maxDirectMemory: 11420041216 bytes
13:35:12.798 [main] DEBUG io.netty.util.internal.PlatformDependent - -Dio.netty.uninitializedArrayAllocationThreshold: -1
13:35:12.798 [main] DEBUG io.netty.util.internal.PlatformDependent - -Dio.netty.noPreferDirect: false
13:35:12.799 [main] DEBUG io.netty.util.internal.CleanerJava9 - java.nio.ByteBuffer.cleaner(): unavailable
java.lang.NoSuchMethodException: sun.misc.Unsafe.invokeCleaner(java.nio.ByteBuffer)
	at java.lang.Class.getDeclaredMethod(Class.java:2130)
	at io.netty.util.internal.CleanerJava9$1.run(CleanerJava9.java:45)
	at java.security.AccessController.doPrivileged(Native Method)
	at io.netty.util.internal.CleanerJava9.__STATIC_RESET(CleanerJava9.java:40)
	at sun.reflect.GeneratedMethodAccessor27.invoke(Unknown Source)
	at sun.reflect.DelegatingMethodAccessorImpl.invoke(DelegatingMethodAccessorImpl.java:43)
	at java.lang.reflect.Method.invoke(Method.java:498)
	at org.evosuite.runtime.classhandling.ClassResetter.reset(ClassResetter.java:159)
	at org.evosuite.runtime.classhandling.ClassStateSupport.resetClasses(ClassStateSupport.java:137)
	at io.netty.handler.codec.http.multipart.AbstractDiskHttpData_ESTest_scaffolding.resetClasses(AbstractDiskHttpData_ESTest_scaffolding.java:318)
	at io.netty.handler.codec.http.multipart.AbstractDiskHttpData_ESTest_scaffolding.doneWithTestCase(AbstractDiskHttpData_ESTest_scaffolding.java:74)
	at sun.reflect.GeneratedMethodAccessor6.invoke(Unknown Source)
	at sun.reflect.DelegatingMethodAccessorImpl.invoke(DelegatingMethodAccessorImpl.java:43)
	at java.lang.reflect.Method.invoke(Method.java:498)
	at org.junit.runners.model.FrameworkMethod$1.runReflectiveCall(FrameworkMethod.java:59)
	at org.junit.internal.runners.model.ReflectiveCallable.run(ReflectiveCallable.java:12)
	at org.junit.runners.model.FrameworkMethod.invokeExplosively(FrameworkMethod.java:56)
	at org.junit.internal.runners.statements.RunAfters.invokeMethod(RunAfters.java:46)
	at org.junit.internal.runners.statements.RunAfters.evaluate(RunAfters.java:33)
	at org.evosuite.runtime.vnet.NonFunctionalRequirementRule$1.evaluate(NonFunctionalRequirementRule.java:41)
	at org.junit.runners.ParentRunner$3.evaluate(ParentRunner.java:306)
	at org.junit.runners.BlockJUnit4ClassRunner$1.evaluate(BlockJUnit4ClassRunner.java:100)
	at org.junit.runners.ParentRunner.runLeaf(ParentRunner.java:366)
	at org.junit.runners.BlockJUnit4ClassRunner.runChild(BlockJUnit4ClassRunner.java:103)
	at org.junit.runners.BlockJUnit4ClassRunner.runChild(BlockJUnit4ClassRunner.java:63)
	at org.junit.runners.ParentRunner$4.run(ParentRunner.java:331)
	at org.junit.runners.ParentRunner$1.schedule(ParentRunner.java:79)
	at org.junit.runners.ParentRunner.runChildren(ParentRunner.java:329)
	at org.junit.runners.ParentRunner.access$100(ParentRunner.java:66)
	at org.junit.runners.ParentRunner$2.evaluate(ParentRunner.java:293)
	at org.junit.internal.runners.statements.RunBefores.evaluate(RunBefores.java:26)
	at org.junit.internal.runners.statements.RunAfters.evaluate(RunAfters.java:27)
	at org.junit.runners.ParentRunner$3.evaluate(ParentRunner.java:306)
	at org.junit.runners.ParentRunner.run(ParentRunner.java:413)
	at org.apache.maven.surefire.junit4.JUnit4Provider.execute(JUnit4Provider.java:316)
	at org.apache.maven.surefire.junit4.JUnit4Provider.executeWithRerun(JUnit4Provider.java:240)
	at org.apache.maven.surefire.junit4.JUnit4Provider.executeTestSet(JUnit4Provider.java:214)
	at org.apache.maven.surefire.junit4.JUnit4Provider.invoke(JUnit4Provider.java:155)
	at org.apache.maven.surefire.booter.ForkedBooter.runSuitesInProcess(ForkedBooter.java:385)
	at org.apache.maven.surefire.booter.ForkedBooter.execute(ForkedBooter.java:162)
	at org.apache.maven.surefire.booter.ForkedBooter.run(ForkedBooter.java:507)
	at org.apache.maven.surefire.booter.ForkedBooter.main(ForkedBooter.java:495)
13:35:12.799 [main] DEBUG io.netty.util.ResourceLeakDetector - -Dio.netty.leakDetection.level: simple
13:35:12.799 [main] DEBUG io.netty.util.ResourceLeakDetector - -Dio.netty.leakDetection.targetRecords: 4
13:35:12.800 [main] DEBUG io.netty.buffer.AbstractByteBuf - -Dio.netty.buffer.checkAccessible: true
13:35:12.800 [main] DEBUG io.netty.buffer.AbstractByteBuf - -Dio.netty.buffer.checkBounds: true
13:35:12.800 [main] DEBUG io.netty.util.ResourceLeakDetectorFactory - Loaded default ResourceLeakDetector: io.netty.util.ResourceLeakDetector@5
13:35:12.801 [main] DEBUG io.netty.util.internal.InternalThreadLocalMap - -Dio.netty.threadLocalMap.stringBuilder.initialSize: 1024
13:35:12.801 [main] DEBUG io.netty.util.internal.InternalThreadLocalMap - -Dio.netty.threadLocalMap.stringBuilder.maxSize: 4096
13:35:12.801 [main] DEBUG io.netty.buffer.PooledByteBufAllocator - -Dio.netty.allocator.numHeapArenas: 0
13:35:12.801 [main] DEBUG io.netty.buffer.PooledByteBufAllocator - -Dio.netty.allocator.numDirectArenas: 2
13:35:12.801 [main] DEBUG io.netty.buffer.PooledByteBufAllocator - -Dio.netty.allocator.pageSize: 8192
13:35:12.801 [main] DEBUG io.netty.buffer.PooledByteBufAllocator - -Dio.netty.allocator.maxOrder: 9
13:35:12.801 [main] DEBUG io.netty.buffer.PooledByteBufAllocator - -Dio.netty.allocator.chunkSize: 4194304
13:35:12.801 [main] DEBUG io.netty.buffer.PooledByteBufAllocator - -Dio.netty.allocator.smallCacheSize: 256
13:35:12.801 [main] DEBUG io.netty.buffer.PooledByteBufAllocator - -Dio.netty.allocator.normalCacheSize: 64
13:35:12.801 [main] DEBUG io.netty.buffer.PooledByteBufAllocator - -Dio.netty.allocator.maxCachedBufferCapacity: 32768
13:35:12.801 [main] DEBUG io.netty.buffer.PooledByteBufAllocator - -Dio.netty.allocator.cacheTrimInterval: 8192
13:35:12.801 [main] DEBUG io.netty.buffer.PooledByteBufAllocator - -Dio.netty.allocator.cacheTrimIntervalMillis: 0
13:35:12.801 [main] DEBUG io.netty.buffer.PooledByteBufAllocator - -Dio.netty.allocator.useCacheForAllThreads: false
13:35:12.801 [main] DEBUG io.netty.buffer.PooledByteBufAllocator - -Dio.netty.allocator.maxCachedByteBuffersPerChunk: 1023
13:35:12.802 [main] DEBUG io.netty.buffer.ByteBufUtil - -Dio.netty.allocator.type: pooled
13:35:12.802 [main] DEBUG io.netty.buffer.ByteBufUtil - -Dio.netty.threadLocalDirectBufferSize: 0
13:35:12.802 [main] DEBUG io.netty.buffer.ByteBufUtil - -Dio.netty.maxThreadLocalCharBufferSize: 16384
13:35:12.803 [main] DEBUG io.netty.util.Recycler - -Dio.netty.recycler.maxCapacityPerThread: 4096
13:35:12.803 [main] DEBUG io.netty.util.Recycler - -Dio.netty.recycler.ratio: 8
13:35:12.803 [main] DEBUG io.netty.util.Recycler - -Dio.netty.recycler.chunkSize: 32
13:35:12.803 [main] DEBUG io.netty.util.Recycler - -Dio.netty.recycler.blocking: false
13:35:12.803 [main] DEBUG io.netty.util.Recycler - -Dio.netty.recycler.batchFastThreadLocalOnly: true
13:35:12.803 [main] DEBUG io.netty.util.internal.PlatformDependent - org.jctools-core.MpscChunkedArrayQueue: available
]]></system-out>
  </testcase>
  <testcase name="test03" classname="io.netty.handler.codec.http.multipart.AbstractDiskHttpData_ESTest" time="0.032">
    <system-out><![CDATA[13:35:12.816 [Time-limited test] INFO org.evosuite.runtime.instrumentation.EvoClassLoader - Seeing class for first time: io.netty.handler.codec.http.multipart.AbstractDiskHttpData_ESTest$4
13:35:12.816 [Time-limited test] INFO org.evosuite.runtime.instrumentation.EvoClassLoader - Instrumenting class 'io.netty.handler.codec.http.multipart.AbstractDiskHttpData_ESTest$4'.
13:35:12.818 [Time-limited test] INFO org.evosuite.runtime.instrumentation.EvoClassLoader - Keeping class: io.netty.handler.codec.http.multipart.AbstractDiskHttpData_ESTest$4
13:35:12.820 [pool-2-thread-1] DEBUG org.evosuite.runtime.sandbox.MSecurityManager - Security manager blocks permission ("java.io.FilePermission" "/tmp/Attr_3011827099926358536_351898304" "write")
java.lang.Thread.getStackTrace(Thread.java:1564)
org.evosuite.runtime.sandbox.MSecurityManager.checkPermission(MSecurityManager.java:424)
java.lang.SecurityManager.checkWrite(SecurityManager.java:979)
sun.nio.fs.UnixChannelFactory.open(UnixChannelFactory.java:247)
sun.nio.fs.UnixChannelFactory.newFileChannel(UnixChannelFactory.java:136)
sun.nio.fs.UnixChannelFactory.newFileChannel(UnixChannelFactory.java:148)
sun.nio.fs.UnixFileSystemProvider.newByteChannel(UnixFileSystemProvider.java:212)
java.nio.file.Files.newByteChannel(Files.java:361)
java.nio.file.Files.createFile(Files.java:632)
java.nio.file.TempFileHelper.create(TempFileHelper.java:138)
java.nio.file.TempFileHelper.createTempFile(TempFileHelper.java:161)
java.nio.file.Files.createTempFile(Files.java:897)
io.netty.util.internal.PlatformDependent.createTempFile(PlatformDependent.java:1499)
io.netty.handler.codec.http.multipart.AbstractDiskHttpData.tempFile(AbstractDiskHttpData.java:92)
io.netty.handler.codec.http.multipart.AbstractDiskHttpData.setContent(AbstractDiskHttpData.java:114)
io.netty.handler.codec.http.multipart.DiskAttribute.setValue(DiskAttribute.java:123)
io.netty.handler.codec.http.multipart.AbstractDiskHttpData_ESTest$4.run(AbstractDiskHttpData_ESTest.java:164)
java.util.concurrent.Executors$RunnableAdapter.call(Executors.java:511)
java.util.concurrent.FutureTask.run(FutureTask.java:266)
java.util.concurrent.ThreadPoolExecutor.runWorker(ThreadPoolExecutor.java:1149)
java.util.concurrent.ThreadPoolExecutor$Worker.run(ThreadPoolExecutor.java:624)
java.lang.Thread.run(Thread.java:750)

13:35:12.820 [main] DEBUG io.netty.util.internal.logging.InternalLoggerFactory - Using SLF4J as the default logging framework
13:35:12.821 [main] DEBUG io.netty.util.internal.PlatformDependent0 - -Dio.netty.noUnsafe: false
13:35:12.821 [main] DEBUG io.netty.util.internal.PlatformDependent0 - Java version: 8
13:35:12.821 [main] DEBUG io.netty.util.internal.PlatformDependent0 - sun.misc.Unsafe.theUnsafe: available
13:35:12.821 [main] DEBUG io.netty.util.internal.PlatformDependent0 - sun.misc.Unsafe.copyMemory: available
13:35:12.821 [main] DEBUG io.netty.util.internal.PlatformDependent0 - sun.misc.Unsafe.storeFence: available
13:35:12.821 [main] DEBUG io.netty.util.internal.PlatformDependent0 - java.nio.Buffer.address: available
13:35:12.821 [main] DEBUG io.netty.util.internal.PlatformDependent0 - direct buffer constructor: available
13:35:12.822 [main] DEBUG io.netty.util.internal.PlatformDependent0 - java.nio.Bits.unaligned: available, true
13:35:12.822 [main] DEBUG io.netty.util.internal.PlatformDependent0 - jdk.internal.misc.Unsafe.allocateUninitializedArray(int): unavailable prior to Java9
13:35:12.822 [main] DEBUG io.netty.util.internal.PlatformDependent0 - java.nio.DirectByteBuffer.<init>(long, {int,long}): available
13:35:12.822 [main] DEBUG io.netty.util.internal.CleanerJava6 - java.nio.ByteBuffer.cleaner(): available
13:35:12.822 [main] DEBUG io.netty.util.internal.PlatformDependent - sun.misc.Unsafe: available
13:35:12.822 [main] DEBUG io.netty.util.internal.PlatformDependent - -Dio.netty.tmpdir: /tmp (java.io.tmpdir)
13:35:12.822 [main] DEBUG io.netty.util.internal.PlatformDependent - -Dio.netty.bitMode: 64 (sun.arch.data.model)
13:35:12.822 [main] DEBUG io.netty.util.internal.PlatformDependent - -Dio.netty.maxDirectMemory: 11420041216 bytes
13:35:12.822 [main] DEBUG io.netty.util.internal.PlatformDependent - -Dio.netty.uninitializedArrayAllocationThreshold: -1
13:35:12.822 [main] DEBUG io.netty.util.internal.PlatformDependent - -Dio.netty.noPreferDirect: false
13:35:12.823 [main] DEBUG io.netty.util.internal.CleanerJava9 - java.nio.ByteBuffer.cleaner(): unavailable
java.lang.NoSuchMethodException: sun.misc.Unsafe.invokeCleaner(java.nio.ByteBuffer)
	at java.lang.Class.getDeclaredMethod(Class.java:2130)
	at io.netty.util.internal.CleanerJava9$1.run(CleanerJava9.java:45)
	at java.security.AccessController.doPrivileged(Native Method)
	at io.netty.util.internal.CleanerJava9.__STATIC_RESET(CleanerJava9.java:40)
	at sun.reflect.GeneratedMethodAccessor27.invoke(Unknown Source)
	at sun.reflect.DelegatingMethodAccessorImpl.invoke(DelegatingMethodAccessorImpl.java:43)
	at java.lang.reflect.Method.invoke(Method.java:498)
	at org.evosuite.runtime.classhandling.ClassResetter.reset(ClassResetter.java:159)
	at org.evosuite.runtime.classhandling.ClassStateSupport.resetClasses(ClassStateSupport.java:137)
	at io.netty.handler.codec.http.multipart.AbstractDiskHttpData_ESTest_scaffolding.resetClasses(AbstractDiskHttpData_ESTest_scaffolding.java:318)
	at io.netty.handler.codec.http.multipart.AbstractDiskHttpData_ESTest_scaffolding.doneWithTestCase(AbstractDiskHttpData_ESTest_scaffolding.java:74)
	at sun.reflect.GeneratedMethodAccessor6.invoke(Unknown Source)
	at sun.reflect.DelegatingMethodAccessorImpl.invoke(DelegatingMethodAccessorImpl.java:43)
	at java.lang.reflect.Method.invoke(Method.java:498)
	at org.junit.runners.model.FrameworkMethod$1.runReflectiveCall(FrameworkMethod.java:59)
	at org.junit.internal.runners.model.ReflectiveCallable.run(ReflectiveCallable.java:12)
	at org.junit.runners.model.FrameworkMethod.invokeExplosively(FrameworkMethod.java:56)
	at org.junit.internal.runners.statements.RunAfters.invokeMethod(RunAfters.java:46)
	at org.junit.internal.runners.statements.RunAfters.evaluate(RunAfters.java:33)
	at org.evosuite.runtime.vnet.NonFunctionalRequirementRule$1.evaluate(NonFunctionalRequirementRule.java:41)
	at org.junit.runners.ParentRunner$3.evaluate(ParentRunner.java:306)
	at org.junit.runners.BlockJUnit4ClassRunner$1.evaluate(BlockJUnit4ClassRunner.java:100)
	at org.junit.runners.ParentRunner.runLeaf(ParentRunner.java:366)
	at org.junit.runners.BlockJUnit4ClassRunner.runChild(BlockJUnit4ClassRunner.java:103)
	at org.junit.runners.BlockJUnit4ClassRunner.runChild(BlockJUnit4ClassRunner.java:63)
	at org.junit.runners.ParentRunner$4.run(ParentRunner.java:331)
	at org.junit.runners.ParentRunner$1.schedule(ParentRunner.java:79)
	at org.junit.runners.ParentRunner.runChildren(ParentRunner.java:329)
	at org.junit.runners.ParentRunner.access$100(ParentRunner.java:66)
	at org.junit.runners.ParentRunner$2.evaluate(ParentRunner.java:293)
	at org.junit.internal.runners.statements.RunBefores.evaluate(RunBefores.java:26)
	at org.junit.internal.runners.statements.RunAfters.evaluate(RunAfters.java:27)
	at org.junit.runners.ParentRunner$3.evaluate(ParentRunner.java:306)
	at org.junit.runners.ParentRunner.run(ParentRunner.java:413)
	at org.apache.maven.surefire.junit4.JUnit4Provider.execute(JUnit4Provider.java:316)
	at org.apache.maven.surefire.junit4.JUnit4Provider.executeWithRerun(JUnit4Provider.java:240)
	at org.apache.maven.surefire.junit4.JUnit4Provider.executeTestSet(JUnit4Provider.java:214)
	at org.apache.maven.surefire.junit4.JUnit4Provider.invoke(JUnit4Provider.java:155)
	at org.apache.maven.surefire.booter.ForkedBooter.runSuitesInProcess(ForkedBooter.java:385)
	at org.apache.maven.surefire.booter.ForkedBooter.execute(ForkedBooter.java:162)
	at org.apache.maven.surefire.booter.ForkedBooter.run(ForkedBooter.java:507)
	at org.apache.maven.surefire.booter.ForkedBooter.main(ForkedBooter.java:495)
13:35:12.824 [main] DEBUG io.netty.util.ResourceLeakDetector - -Dio.netty.leakDetection.level: simple
13:35:12.824 [main] DEBUG io.netty.util.ResourceLeakDetector - -Dio.netty.leakDetection.targetRecords: 4
13:35:12.825 [main] DEBUG io.netty.buffer.AbstractByteBuf - -Dio.netty.buffer.checkAccessible: true
13:35:12.825 [main] DEBUG io.netty.buffer.AbstractByteBuf - -Dio.netty.buffer.checkBounds: true
13:35:12.825 [main] DEBUG io.netty.util.ResourceLeakDetectorFactory - Loaded default ResourceLeakDetector: io.netty.util.ResourceLeakDetector@5
13:35:12.825 [main] DEBUG io.netty.util.internal.InternalThreadLocalMap - -Dio.netty.threadLocalMap.stringBuilder.initialSize: 1024
13:35:12.825 [main] DEBUG io.netty.util.internal.InternalThreadLocalMap - -Dio.netty.threadLocalMap.stringBuilder.maxSize: 4096
13:35:12.826 [main] DEBUG io.netty.buffer.PooledByteBufAllocator - -Dio.netty.allocator.numHeapArenas: 0
13:35:12.826 [main] DEBUG io.netty.buffer.PooledByteBufAllocator - -Dio.netty.allocator.numDirectArenas: 2
13:35:12.826 [main] DEBUG io.netty.buffer.PooledByteBufAllocator - -Dio.netty.allocator.pageSize: 8192
13:35:12.826 [main] DEBUG io.netty.buffer.PooledByteBufAllocator - -Dio.netty.allocator.maxOrder: 9
13:35:12.826 [main] DEBUG io.netty.buffer.PooledByteBufAllocator - -Dio.netty.allocator.chunkSize: 4194304
13:35:12.826 [main] DEBUG io.netty.buffer.PooledByteBufAllocator - -Dio.netty.allocator.smallCacheSize: 256
13:35:12.826 [main] DEBUG io.netty.buffer.PooledByteBufAllocator - -Dio.netty.allocator.normalCacheSize: 64
13:35:12.826 [main] DEBUG io.netty.buffer.PooledByteBufAllocator - -Dio.netty.allocator.maxCachedBufferCapacity: 32768
13:35:12.826 [main] DEBUG io.netty.buffer.PooledByteBufAllocator - -Dio.netty.allocator.cacheTrimInterval: 8192
13:35:12.826 [main] DEBUG io.netty.buffer.PooledByteBufAllocator - -Dio.netty.allocator.cacheTrimIntervalMillis: 0
13:35:12.826 [main] DEBUG io.netty.buffer.PooledByteBufAllocator - -Dio.netty.allocator.useCacheForAllThreads: false
13:35:12.826 [main] DEBUG io.netty.buffer.PooledByteBufAllocator - -Dio.netty.allocator.maxCachedByteBuffersPerChunk: 1023
13:35:12.826 [main] DEBUG io.netty.buffer.ByteBufUtil - -Dio.netty.allocator.type: pooled
13:35:12.827 [main] DEBUG io.netty.buffer.ByteBufUtil - -Dio.netty.threadLocalDirectBufferSize: 0
13:35:12.827 [main] DEBUG io.netty.buffer.ByteBufUtil - -Dio.netty.maxThreadLocalCharBufferSize: 16384
13:35:12.828 [main] DEBUG io.netty.util.Recycler - -Dio.netty.recycler.maxCapacityPerThread: 4096
13:35:12.828 [main] DEBUG io.netty.util.Recycler - -Dio.netty.recycler.ratio: 8
13:35:12.828 [main] DEBUG io.netty.util.Recycler - -Dio.netty.recycler.chunkSize: 32
13:35:12.828 [main] DEBUG io.netty.util.Recycler - -Dio.netty.recycler.blocking: false
13:35:12.828 [main] DEBUG io.netty.util.Recycler - -Dio.netty.recycler.batchFastThreadLocalOnly: true
13:35:12.828 [main] DEBUG io.netty.util.internal.PlatformDependent - org.jctools-core.MpscChunkedArrayQueue: available
]]></system-out>
  </testcase>
  <testcase name="test47" classname="io.netty.handler.codec.http.multipart.AbstractDiskHttpData_ESTest" time="0.024">
    <system-out><![CDATA[13:35:12.842 [main] INFO org.evosuite.runtime.thread.ThreadStopper - Found new thread
13:35:12.843 [main] DEBUG io.netty.util.internal.logging.InternalLoggerFactory - Using SLF4J as the default logging framework
13:35:12.843 [main] DEBUG io.netty.util.internal.PlatformDependent0 - -Dio.netty.noUnsafe: false
13:35:12.843 [main] DEBUG io.netty.util.internal.PlatformDependent0 - Java version: 8
13:35:12.843 [main] DEBUG io.netty.util.internal.PlatformDependent0 - sun.misc.Unsafe.theUnsafe: available
13:35:12.843 [main] DEBUG io.netty.util.internal.PlatformDependent0 - sun.misc.Unsafe.copyMemory: available
13:35:12.843 [main] DEBUG io.netty.util.internal.PlatformDependent0 - sun.misc.Unsafe.storeFence: available
13:35:12.843 [main] DEBUG io.netty.util.internal.PlatformDependent0 - java.nio.Buffer.address: available
13:35:12.843 [main] DEBUG io.netty.util.internal.PlatformDependent0 - direct buffer constructor: available
13:35:12.843 [main] DEBUG io.netty.util.internal.PlatformDependent0 - java.nio.Bits.unaligned: available, true
13:35:12.843 [main] DEBUG io.netty.util.internal.PlatformDependent0 - jdk.internal.misc.Unsafe.allocateUninitializedArray(int): unavailable prior to Java9
13:35:12.843 [main] DEBUG io.netty.util.internal.PlatformDependent0 - java.nio.DirectByteBuffer.<init>(long, {int,long}): available
13:35:12.843 [main] DEBUG io.netty.util.internal.CleanerJava6 - java.nio.ByteBuffer.cleaner(): available
13:35:12.844 [main] DEBUG io.netty.util.internal.PlatformDependent - sun.misc.Unsafe: available
13:35:12.844 [main] DEBUG io.netty.util.internal.PlatformDependent - -Dio.netty.tmpdir: /tmp (java.io.tmpdir)
13:35:12.844 [main] DEBUG io.netty.util.internal.PlatformDependent - -Dio.netty.bitMode: 64 (sun.arch.data.model)
13:35:12.844 [main] DEBUG io.netty.util.internal.PlatformDependent - -Dio.netty.maxDirectMemory: 11420041216 bytes
13:35:12.844 [main] DEBUG io.netty.util.internal.PlatformDependent - -Dio.netty.uninitializedArrayAllocationThreshold: -1
13:35:12.844 [main] DEBUG io.netty.util.internal.PlatformDependent - -Dio.netty.noPreferDirect: false
13:35:12.845 [main] DEBUG io.netty.util.internal.CleanerJava9 - java.nio.ByteBuffer.cleaner(): unavailable
java.lang.NoSuchMethodException: sun.misc.Unsafe.invokeCleaner(java.nio.ByteBuffer)
	at java.lang.Class.getDeclaredMethod(Class.java:2130)
	at io.netty.util.internal.CleanerJava9$1.run(CleanerJava9.java:45)
	at java.security.AccessController.doPrivileged(Native Method)
	at io.netty.util.internal.CleanerJava9.__STATIC_RESET(CleanerJava9.java:40)
	at sun.reflect.GeneratedMethodAccessor27.invoke(Unknown Source)
	at sun.reflect.DelegatingMethodAccessorImpl.invoke(DelegatingMethodAccessorImpl.java:43)
	at java.lang.reflect.Method.invoke(Method.java:498)
	at org.evosuite.runtime.classhandling.ClassResetter.reset(ClassResetter.java:159)
	at org.evosuite.runtime.classhandling.ClassStateSupport.resetClasses(ClassStateSupport.java:137)
	at io.netty.handler.codec.http.multipart.AbstractDiskHttpData_ESTest_scaffolding.resetClasses(AbstractDiskHttpData_ESTest_scaffolding.java:318)
	at io.netty.handler.codec.http.multipart.AbstractDiskHttpData_ESTest_scaffolding.doneWithTestCase(AbstractDiskHttpData_ESTest_scaffolding.java:74)
	at sun.reflect.GeneratedMethodAccessor6.invoke(Unknown Source)
	at sun.reflect.DelegatingMethodAccessorImpl.invoke(DelegatingMethodAccessorImpl.java:43)
	at java.lang.reflect.Method.invoke(Method.java:498)
	at org.junit.runners.model.FrameworkMethod$1.runReflectiveCall(FrameworkMethod.java:59)
	at org.junit.internal.runners.model.ReflectiveCallable.run(ReflectiveCallable.java:12)
	at org.junit.runners.model.FrameworkMethod.invokeExplosively(FrameworkMethod.java:56)
	at org.junit.internal.runners.statements.RunAfters.invokeMethod(RunAfters.java:46)
	at org.junit.internal.runners.statements.RunAfters.evaluate(RunAfters.java:33)
	at org.evosuite.runtime.vnet.NonFunctionalRequirementRule$1.evaluate(NonFunctionalRequirementRule.java:41)
	at org.junit.runners.ParentRunner$3.evaluate(ParentRunner.java:306)
	at org.junit.runners.BlockJUnit4ClassRunner$1.evaluate(BlockJUnit4ClassRunner.java:100)
	at org.junit.runners.ParentRunner.runLeaf(ParentRunner.java:366)
	at org.junit.runners.BlockJUnit4ClassRunner.runChild(BlockJUnit4ClassRunner.java:103)
	at org.junit.runners.BlockJUnit4ClassRunner.runChild(BlockJUnit4ClassRunner.java:63)
	at org.junit.runners.ParentRunner$4.run(ParentRunner.java:331)
	at org.junit.runners.ParentRunner$1.schedule(ParentRunner.java:79)
	at org.junit.runners.ParentRunner.runChildren(ParentRunner.java:329)
	at org.junit.runners.ParentRunner.access$100(ParentRunner.java:66)
	at org.junit.runners.ParentRunner$2.evaluate(ParentRunner.java:293)
	at org.junit.internal.runners.statements.RunBefores.evaluate(RunBefores.java:26)
	at org.junit.internal.runners.statements.RunAfters.evaluate(RunAfters.java:27)
	at org.junit.runners.ParentRunner$3.evaluate(ParentRunner.java:306)
	at org.junit.runners.ParentRunner.run(ParentRunner.java:413)
	at org.apache.maven.surefire.junit4.JUnit4Provider.execute(JUnit4Provider.java:316)
	at org.apache.maven.surefire.junit4.JUnit4Provider.executeWithRerun(JUnit4Provider.java:240)
	at org.apache.maven.surefire.junit4.JUnit4Provider.executeTestSet(JUnit4Provider.java:214)
	at org.apache.maven.surefire.junit4.JUnit4Provider.invoke(JUnit4Provider.java:155)
	at org.apache.maven.surefire.booter.ForkedBooter.runSuitesInProcess(ForkedBooter.java:385)
	at org.apache.maven.surefire.booter.ForkedBooter.execute(ForkedBooter.java:162)
	at org.apache.maven.surefire.booter.ForkedBooter.run(ForkedBooter.java:507)
	at org.apache.maven.surefire.booter.ForkedBooter.main(ForkedBooter.java:495)
13:35:12.845 [main] DEBUG io.netty.util.ResourceLeakDetector - -Dio.netty.leakDetection.level: simple
13:35:12.845 [main] DEBUG io.netty.util.ResourceLeakDetector - -Dio.netty.leakDetection.targetRecords: 4
13:35:12.846 [main] DEBUG io.netty.buffer.AbstractByteBuf - -Dio.netty.buffer.checkAccessible: true
13:35:12.846 [main] DEBUG io.netty.buffer.AbstractByteBuf - -Dio.netty.buffer.checkBounds: true
13:35:12.846 [main] DEBUG io.netty.util.ResourceLeakDetectorFactory - Loaded default ResourceLeakDetector: io.netty.util.ResourceLeakDetector@5
13:35:12.846 [main] DEBUG io.netty.util.internal.InternalThreadLocalMap - -Dio.netty.threadLocalMap.stringBuilder.initialSize: 1024
13:35:12.846 [main] DEBUG io.netty.util.internal.InternalThreadLocalMap - -Dio.netty.threadLocalMap.stringBuilder.maxSize: 4096
13:35:12.847 [main] DEBUG io.netty.buffer.PooledByteBufAllocator - -Dio.netty.allocator.numHeapArenas: 0
13:35:12.847 [main] DEBUG io.netty.buffer.PooledByteBufAllocator - -Dio.netty.allocator.numDirectArenas: 2
13:35:12.847 [main] DEBUG io.netty.buffer.PooledByteBufAllocator - -Dio.netty.allocator.pageSize: 8192
13:35:12.847 [main] DEBUG io.netty.buffer.PooledByteBufAllocator - -Dio.netty.allocator.maxOrder: 9
13:35:12.847 [main] DEBUG io.netty.buffer.PooledByteBufAllocator - -Dio.netty.allocator.chunkSize: 4194304
13:35:12.847 [main] DEBUG io.netty.buffer.PooledByteBufAllocator - -Dio.netty.allocator.smallCacheSize: 256
13:35:12.847 [main] DEBUG io.netty.buffer.PooledByteBufAllocator - -Dio.netty.allocator.normalCacheSize: 64
13:35:12.847 [main] DEBUG io.netty.buffer.PooledByteBufAllocator - -Dio.netty.allocator.maxCachedBufferCapacity: 32768
13:35:12.847 [main] DEBUG io.netty.buffer.PooledByteBufAllocator - -Dio.netty.allocator.cacheTrimInterval: 8192
13:35:12.847 [main] DEBUG io.netty.buffer.PooledByteBufAllocator - -Dio.netty.allocator.cacheTrimIntervalMillis: 0
13:35:12.847 [main] DEBUG io.netty.buffer.PooledByteBufAllocator - -Dio.netty.allocator.useCacheForAllThreads: false
13:35:12.847 [main] DEBUG io.netty.buffer.PooledByteBufAllocator - -Dio.netty.allocator.maxCachedByteBuffersPerChunk: 1023
13:35:12.848 [main] DEBUG io.netty.buffer.ByteBufUtil - -Dio.netty.allocator.type: pooled
13:35:12.848 [main] DEBUG io.netty.buffer.ByteBufUtil - -Dio.netty.threadLocalDirectBufferSize: 0
13:35:12.848 [main] DEBUG io.netty.buffer.ByteBufUtil - -Dio.netty.maxThreadLocalCharBufferSize: 16384
13:35:12.848 [main] DEBUG io.netty.util.Recycler - -Dio.netty.recycler.maxCapacityPerThread: 4096
13:35:12.848 [main] DEBUG io.netty.util.Recycler - -Dio.netty.recycler.ratio: 8
13:35:12.849 [main] DEBUG io.netty.util.Recycler - -Dio.netty.recycler.chunkSize: 32
13:35:12.849 [main] DEBUG io.netty.util.Recycler - -Dio.netty.recycler.blocking: false
13:35:12.849 [main] DEBUG io.netty.util.Recycler - -Dio.netty.recycler.batchFastThreadLocalOnly: true
13:35:12.849 [main] DEBUG io.netty.util.internal.PlatformDependent - org.jctools-core.MpscChunkedArrayQueue: available
]]></system-out>
  </testcase>
  <testcase name="test02" classname="io.netty.handler.codec.http.multipart.AbstractDiskHttpData_ESTest" time="0.048">
    <system-out><![CDATA[13:35:12.858 [Time-limited test] INFO org.evosuite.runtime.instrumentation.EvoClassLoader - Seeing class for first time: io.netty.handler.codec.http.multipart.AbstractDiskHttpData_ESTest$3
13:35:12.858 [Time-limited test] INFO org.evosuite.runtime.instrumentation.EvoClassLoader - Instrumenting class 'io.netty.handler.codec.http.multipart.AbstractDiskHttpData_ESTest$3'.
13:35:12.860 [Time-limited test] INFO org.evosuite.runtime.instrumentation.EvoClassLoader - Keeping class: io.netty.handler.codec.http.multipart.AbstractDiskHttpData_ESTest$3
13:35:12.861 [pool-2-thread-1] DEBUG org.evosuite.runtime.sandbox.MSecurityManager - Security manager blocks permission ("java.io.FilePermission" "/tmp/FUp_2308606100613678900_-838595071" "write")
java.lang.Thread.getStackTrace(Thread.java:1564)
org.evosuite.runtime.sandbox.MSecurityManager.checkPermission(MSecurityManager.java:424)
java.lang.SecurityManager.checkWrite(SecurityManager.java:979)
sun.nio.fs.UnixChannelFactory.open(UnixChannelFactory.java:247)
sun.nio.fs.UnixChannelFactory.newFileChannel(UnixChannelFactory.java:136)
sun.nio.fs.UnixChannelFactory.newFileChannel(UnixChannelFactory.java:148)
sun.nio.fs.UnixFileSystemProvider.newByteChannel(UnixFileSystemProvider.java:212)
java.nio.file.Files.newByteChannel(Files.java:361)
java.nio.file.Files.createFile(Files.java:632)
java.nio.file.TempFileHelper.create(TempFileHelper.java:138)
java.nio.file.TempFileHelper.createTempFile(TempFileHelper.java:161)
java.nio.file.Files.createTempFile(Files.java:897)
io.netty.util.internal.PlatformDependent.createTempFile(PlatformDependent.java:1499)
io.netty.handler.codec.http.multipart.AbstractDiskHttpData.tempFile(AbstractDiskHttpData.java:92)
io.netty.handler.codec.http.multipart.AbstractDiskHttpData.addContent(AbstractDiskHttpData.java:163)
io.netty.handler.codec.http.multipart.AbstractDiskHttpData_ESTest$3.run(AbstractDiskHttpData_ESTest.java:139)
java.util.concurrent.Executors$RunnableAdapter.call(Executors.java:511)
java.util.concurrent.FutureTask.run(FutureTask.java:266)
java.util.concurrent.ThreadPoolExecutor.runWorker(ThreadPoolExecutor.java:1149)
java.util.concurrent.ThreadPoolExecutor$Worker.run(ThreadPoolExecutor.java:624)
java.lang.Thread.run(Thread.java:750)

13:35:12.861 [main] INFO org.evosuite.runtime.thread.ThreadStopper - Found new thread
13:35:12.862 [main] DEBUG io.netty.util.internal.logging.InternalLoggerFactory - Using SLF4J as the default logging framework
13:35:12.862 [main] DEBUG io.netty.util.internal.PlatformDependent0 - -Dio.netty.noUnsafe: false
13:35:12.862 [main] DEBUG io.netty.util.internal.PlatformDependent0 - Java version: 8
13:35:12.862 [main] DEBUG io.netty.util.internal.PlatformDependent0 - sun.misc.Unsafe.theUnsafe: available
13:35:12.862 [main] DEBUG io.netty.util.internal.PlatformDependent0 - sun.misc.Unsafe.copyMemory: available
13:35:12.862 [main] DEBUG io.netty.util.internal.PlatformDependent0 - sun.misc.Unsafe.storeFence: available
13:35:12.862 [main] DEBUG io.netty.util.internal.PlatformDependent0 - java.nio.Buffer.address: available
13:35:12.862 [main] DEBUG io.netty.util.internal.PlatformDependent0 - direct buffer constructor: available
13:35:12.862 [main] DEBUG io.netty.util.internal.PlatformDependent0 - java.nio.Bits.unaligned: available, true
13:35:12.863 [main] DEBUG io.netty.util.internal.PlatformDependent0 - jdk.internal.misc.Unsafe.allocateUninitializedArray(int): unavailable prior to Java9
13:35:12.863 [main] DEBUG io.netty.util.internal.PlatformDependent0 - java.nio.DirectByteBuffer.<init>(long, {int,long}): available
13:35:12.863 [main] DEBUG io.netty.util.internal.CleanerJava6 - java.nio.ByteBuffer.cleaner(): available
13:35:12.863 [main] DEBUG io.netty.util.internal.PlatformDependent - sun.misc.Unsafe: available
13:35:12.863 [main] DEBUG io.netty.util.internal.PlatformDependent - -Dio.netty.tmpdir: /tmp (java.io.tmpdir)
13:35:12.863 [main] DEBUG io.netty.util.internal.PlatformDependent - -Dio.netty.bitMode: 64 (sun.arch.data.model)
13:35:12.864 [main] DEBUG io.netty.util.internal.PlatformDependent - -Dio.netty.maxDirectMemory: 11420041216 bytes
13:35:12.864 [main] DEBUG io.netty.util.internal.PlatformDependent - -Dio.netty.uninitializedArrayAllocationThreshold: -1
13:35:12.864 [main] DEBUG io.netty.util.internal.PlatformDependent - -Dio.netty.noPreferDirect: false
13:35:12.865 [main] DEBUG io.netty.util.internal.CleanerJava9 - java.nio.ByteBuffer.cleaner(): unavailable
java.lang.NoSuchMethodException: sun.misc.Unsafe.invokeCleaner(java.nio.ByteBuffer)
	at java.lang.Class.getDeclaredMethod(Class.java:2130)
	at io.netty.util.internal.CleanerJava9$1.run(CleanerJava9.java:45)
	at java.security.AccessController.doPrivileged(Native Method)
	at io.netty.util.internal.CleanerJava9.__STATIC_RESET(CleanerJava9.java:40)
	at sun.reflect.GeneratedMethodAccessor27.invoke(Unknown Source)
	at sun.reflect.DelegatingMethodAccessorImpl.invoke(DelegatingMethodAccessorImpl.java:43)
	at java.lang.reflect.Method.invoke(Method.java:498)
	at org.evosuite.runtime.classhandling.ClassResetter.reset(ClassResetter.java:159)
	at org.evosuite.runtime.classhandling.ClassStateSupport.resetClasses(ClassStateSupport.java:137)
	at io.netty.handler.codec.http.multipart.AbstractDiskHttpData_ESTest_scaffolding.resetClasses(AbstractDiskHttpData_ESTest_scaffolding.java:318)
	at io.netty.handler.codec.http.multipart.AbstractDiskHttpData_ESTest_scaffolding.doneWithTestCase(AbstractDiskHttpData_ESTest_scaffolding.java:74)
	at sun.reflect.GeneratedMethodAccessor6.invoke(Unknown Source)
	at sun.reflect.DelegatingMethodAccessorImpl.invoke(DelegatingMethodAccessorImpl.java:43)
	at java.lang.reflect.Method.invoke(Method.java:498)
	at org.junit.runners.model.FrameworkMethod$1.runReflectiveCall(FrameworkMethod.java:59)
	at org.junit.internal.runners.model.ReflectiveCallable.run(ReflectiveCallable.java:12)
	at org.junit.runners.model.FrameworkMethod.invokeExplosively(FrameworkMethod.java:56)
	at org.junit.internal.runners.statements.RunAfters.invokeMethod(RunAfters.java:46)
	at org.junit.internal.runners.statements.RunAfters.evaluate(RunAfters.java:33)
	at org.evosuite.runtime.vnet.NonFunctionalRequirementRule$1.evaluate(NonFunctionalRequirementRule.java:41)
	at org.junit.runners.ParentRunner$3.evaluate(ParentRunner.java:306)
	at org.junit.runners.BlockJUnit4ClassRunner$1.evaluate(BlockJUnit4ClassRunner.java:100)
	at org.junit.runners.ParentRunner.runLeaf(ParentRunner.java:366)
	at org.junit.runners.BlockJUnit4ClassRunner.runChild(BlockJUnit4ClassRunner.java:103)
	at org.junit.runners.BlockJUnit4ClassRunner.runChild(BlockJUnit4ClassRunner.java:63)
	at org.junit.runners.ParentRunner$4.run(ParentRunner.java:331)
	at org.junit.runners.ParentRunner$1.schedule(ParentRunner.java:79)
	at org.junit.runners.ParentRunner.runChildren(ParentRunner.java:329)
	at org.junit.runners.ParentRunner.access$100(ParentRunner.java:66)
	at org.junit.runners.ParentRunner$2.evaluate(ParentRunner.java:293)
	at org.junit.internal.runners.statements.RunBefores.evaluate(RunBefores.java:26)
	at org.junit.internal.runners.statements.RunAfters.evaluate(RunAfters.java:27)
	at org.junit.runners.ParentRunner$3.evaluate(ParentRunner.java:306)
	at org.junit.runners.ParentRunner.run(ParentRunner.java:413)
	at org.apache.maven.surefire.junit4.JUnit4Provider.execute(JUnit4Provider.java:316)
	at org.apache.maven.surefire.junit4.JUnit4Provider.executeWithRerun(JUnit4Provider.java:240)
	at org.apache.maven.surefire.junit4.JUnit4Provider.executeTestSet(JUnit4Provider.java:214)
	at org.apache.maven.surefire.junit4.JUnit4Provider.invoke(JUnit4Provider.java:155)
	at org.apache.maven.surefire.booter.ForkedBooter.runSuitesInProcess(ForkedBooter.java:385)
	at org.apache.maven.surefire.booter.ForkedBooter.execute(ForkedBooter.java:162)
	at org.apache.maven.surefire.booter.ForkedBooter.run(ForkedBooter.java:507)
	at org.apache.maven.surefire.booter.ForkedBooter.main(ForkedBooter.java:495)
13:35:12.865 [main] DEBUG io.netty.util.ResourceLeakDetector - -Dio.netty.leakDetection.level: simple
13:35:12.865 [main] DEBUG io.netty.util.ResourceLeakDetector - -Dio.netty.leakDetection.targetRecords: 4
13:35:12.866 [main] DEBUG io.netty.buffer.AbstractByteBuf - -Dio.netty.buffer.checkAccessible: true
13:35:12.866 [main] DEBUG io.netty.buffer.AbstractByteBuf - -Dio.netty.buffer.checkBounds: true
13:35:12.866 [main] DEBUG io.netty.util.ResourceLeakDetectorFactory - Loaded default ResourceLeakDetector: io.netty.util.ResourceLeakDetector@5
13:35:12.866 [main] DEBUG io.netty.util.internal.InternalThreadLocalMap - -Dio.netty.threadLocalMap.stringBuilder.initialSize: 1024
13:35:12.866 [main] DEBUG io.netty.util.internal.InternalThreadLocalMap - -Dio.netty.threadLocalMap.stringBuilder.maxSize: 4096
13:35:12.867 [main] DEBUG io.netty.buffer.PooledByteBufAllocator - -Dio.netty.allocator.numHeapArenas: 0
13:35:12.867 [main] DEBUG io.netty.buffer.PooledByteBufAllocator - -Dio.netty.allocator.numDirectArenas: 2
13:35:12.867 [main] DEBUG io.netty.buffer.PooledByteBufAllocator - -Dio.netty.allocator.pageSize: 8192
13:35:12.867 [main] DEBUG io.netty.buffer.PooledByteBufAllocator - -Dio.netty.allocator.maxOrder: 9
13:35:12.867 [main] DEBUG io.netty.buffer.PooledByteBufAllocator - -Dio.netty.allocator.chunkSize: 4194304
13:35:12.867 [main] DEBUG io.netty.buffer.PooledByteBufAllocator - -Dio.netty.allocator.smallCacheSize: 256
13:35:12.867 [main] DEBUG io.netty.buffer.PooledByteBufAllocator - -Dio.netty.allocator.normalCacheSize: 64
13:35:12.867 [main] DEBUG io.netty.buffer.PooledByteBufAllocator - -Dio.netty.allocator.maxCachedBufferCapacity: 32768
13:35:12.867 [main] DEBUG io.netty.buffer.PooledByteBufAllocator - -Dio.netty.allocator.cacheTrimInterval: 8192
13:35:12.867 [main] DEBUG io.netty.buffer.PooledByteBufAllocator - -Dio.netty.allocator.cacheTrimIntervalMillis: 0
13:35:12.867 [main] DEBUG io.netty.buffer.PooledByteBufAllocator - -Dio.netty.allocator.useCacheForAllThreads: false
13:35:12.867 [main] DEBUG io.netty.buffer.PooledByteBufAllocator - -Dio.netty.allocator.maxCachedByteBuffersPerChunk: 1023
13:35:12.868 [main] DEBUG io.netty.buffer.ByteBufUtil - -Dio.netty.allocator.type: pooled
13:35:12.868 [main] DEBUG io.netty.buffer.ByteBufUtil - -Dio.netty.threadLocalDirectBufferSize: 0
13:35:12.868 [main] DEBUG io.netty.buffer.ByteBufUtil - -Dio.netty.maxThreadLocalCharBufferSize: 16384
13:35:12.868 [main] DEBUG io.netty.util.Recycler - -Dio.netty.recycler.maxCapacityPerThread: 4096
13:35:12.868 [main] DEBUG io.netty.util.Recycler - -Dio.netty.recycler.ratio: 8
13:35:12.868 [main] DEBUG io.netty.util.Recycler - -Dio.netty.recycler.chunkSize: 32
13:35:12.868 [main] DEBUG io.netty.util.Recycler - -Dio.netty.recycler.blocking: false
13:35:12.868 [main] DEBUG io.netty.util.Recycler - -Dio.netty.recycler.batchFastThreadLocalOnly: true
13:35:12.869 [main] DEBUG io.netty.util.internal.PlatformDependent - org.jctools-core.MpscChunkedArrayQueue: available
]]></system-out>
  </testcase>
  <testcase name="test46" classname="io.netty.handler.codec.http.multipart.AbstractDiskHttpData_ESTest" time="0.041">
    <system-out><![CDATA[13:35:12.905 [Time-limited test] WARN io.netty.handler.codec.http.multipart.AbstractDiskHttpData - Multiple exceptions detected, the following will be suppressed {}
java.io.IOException: Simulated IOException
	at org.evosuite.runtime.vfs.VirtualFileSystem.throwSimuledIOExceptionIfNeeded(VirtualFileSystem.java:169)
	at org.evosuite.runtime.mock.java.io.MockRandomAccessFile.close(MockRandomAccessFile.java:299)
	at sun.nio.ch.FileChannelImpl.implCloseChannel(FileChannelImpl.java:139)
	at java.nio.channels.spi.AbstractInterruptibleChannel.close(AbstractInterruptibleChannel.java:115)
	at java.io.RandomAccessFile.close(RandomAccessFile.java:614)
	at org.evosuite.runtime.mock.java.io.MockRandomAccessFile.close(MockRandomAccessFile.java:287)
	at io.netty.handler.codec.http.multipart.AbstractDiskHttpData.renameTo(AbstractDiskHttpData.java:412)
	at io.netty.handler.codec.http.multipart.AbstractDiskHttpData_ESTest.test46(AbstractDiskHttpData_ESTest.java:801)
	at sun.reflect.NativeMethodAccessorImpl.invoke0(Native Method)
	at sun.reflect.NativeMethodAccessorImpl.invoke(NativeMethodAccessorImpl.java:62)
	at sun.reflect.DelegatingMethodAccessorImpl.invoke(DelegatingMethodAccessorImpl.java:43)
	at java.lang.reflect.Method.invoke(Method.java:498)
	at org.junit.runners.model.FrameworkMethod$1.runReflectiveCall(FrameworkMethod.java:59)
	at org.junit.internal.runners.model.ReflectiveCallable.run(ReflectiveCallable.java:12)
	at org.junit.runners.model.FrameworkMethod.invokeExplosively(FrameworkMethod.java:56)
	at org.junit.internal.runners.statements.InvokeMethod.evaluate(InvokeMethod.java:17)
	at org.junit.internal.runners.statements.FailOnTimeout$CallableStatement.call(FailOnTimeout.java:299)
	at org.junit.internal.runners.statements.FailOnTimeout$CallableStatement.call(FailOnTimeout.java:293)
	at java.util.concurrent.FutureTask.run(FutureTask.java:266)
	at java.lang.Thread.run(Thread.java:750)
13:35:12.910 [main] DEBUG io.netty.util.internal.logging.InternalLoggerFactory - Using SLF4J as the default logging framework
13:35:12.910 [main] DEBUG io.netty.util.internal.PlatformDependent0 - -Dio.netty.noUnsafe: false
13:35:12.910 [main] DEBUG io.netty.util.internal.PlatformDependent0 - Java version: 8
13:35:12.910 [main] DEBUG io.netty.util.internal.PlatformDependent0 - sun.misc.Unsafe.theUnsafe: available
13:35:12.910 [main] DEBUG io.netty.util.internal.PlatformDependent0 - sun.misc.Unsafe.copyMemory: available
13:35:12.910 [main] DEBUG io.netty.util.internal.PlatformDependent0 - sun.misc.Unsafe.storeFence: available
13:35:12.910 [main] DEBUG io.netty.util.internal.PlatformDependent0 - java.nio.Buffer.address: available
13:35:12.910 [main] DEBUG io.netty.util.internal.PlatformDependent0 - direct buffer constructor: available
13:35:12.910 [main] DEBUG io.netty.util.internal.PlatformDependent0 - java.nio.Bits.unaligned: available, true
13:35:12.910 [main] DEBUG io.netty.util.internal.PlatformDependent0 - jdk.internal.misc.Unsafe.allocateUninitializedArray(int): unavailable prior to Java9
13:35:12.910 [main] DEBUG io.netty.util.internal.PlatformDependent0 - java.nio.DirectByteBuffer.<init>(long, {int,long}): available
13:35:12.911 [main] DEBUG io.netty.util.internal.CleanerJava6 - java.nio.ByteBuffer.cleaner(): available
13:35:12.911 [main] DEBUG io.netty.util.internal.PlatformDependent - sun.misc.Unsafe: available
13:35:12.911 [main] DEBUG io.netty.util.internal.PlatformDependent - -Dio.netty.tmpdir: /tmp (java.io.tmpdir)
13:35:12.911 [main] DEBUG io.netty.util.internal.PlatformDependent - -Dio.netty.bitMode: 64 (sun.arch.data.model)
13:35:12.911 [main] DEBUG io.netty.util.internal.PlatformDependent - -Dio.netty.maxDirectMemory: 11420041216 bytes
13:35:12.911 [main] DEBUG io.netty.util.internal.PlatformDependent - -Dio.netty.uninitializedArrayAllocationThreshold: -1
13:35:12.911 [main] DEBUG io.netty.util.internal.PlatformDependent - -Dio.netty.noPreferDirect: false
13:35:12.912 [main] DEBUG io.netty.util.internal.CleanerJava9 - java.nio.ByteBuffer.cleaner(): unavailable
java.lang.NoSuchMethodException: sun.misc.Unsafe.invokeCleaner(java.nio.ByteBuffer)
	at java.lang.Class.getDeclaredMethod(Class.java:2130)
	at io.netty.util.internal.CleanerJava9$1.run(CleanerJava9.java:45)
	at java.security.AccessController.doPrivileged(Native Method)
	at io.netty.util.internal.CleanerJava9.__STATIC_RESET(CleanerJava9.java:40)
	at sun.reflect.GeneratedMethodAccessor27.invoke(Unknown Source)
	at sun.reflect.DelegatingMethodAccessorImpl.invoke(DelegatingMethodAccessorImpl.java:43)
	at java.lang.reflect.Method.invoke(Method.java:498)
	at org.evosuite.runtime.classhandling.ClassResetter.reset(ClassResetter.java:159)
	at org.evosuite.runtime.classhandling.ClassStateSupport.resetClasses(ClassStateSupport.java:137)
	at io.netty.handler.codec.http.multipart.AbstractDiskHttpData_ESTest_scaffolding.resetClasses(AbstractDiskHttpData_ESTest_scaffolding.java:318)
	at io.netty.handler.codec.http.multipart.AbstractDiskHttpData_ESTest_scaffolding.doneWithTestCase(AbstractDiskHttpData_ESTest_scaffolding.java:74)
	at sun.reflect.GeneratedMethodAccessor6.invoke(Unknown Source)
	at sun.reflect.DelegatingMethodAccessorImpl.invoke(DelegatingMethodAccessorImpl.java:43)
	at java.lang.reflect.Method.invoke(Method.java:498)
	at org.junit.runners.model.FrameworkMethod$1.runReflectiveCall(FrameworkMethod.java:59)
	at org.junit.internal.runners.model.ReflectiveCallable.run(ReflectiveCallable.java:12)
	at org.junit.runners.model.FrameworkMethod.invokeExplosively(FrameworkMethod.java:56)
	at org.junit.internal.runners.statements.RunAfters.invokeMethod(RunAfters.java:46)
	at org.junit.internal.runners.statements.RunAfters.evaluate(RunAfters.java:33)
	at org.evosuite.runtime.vnet.NonFunctionalRequirementRule$1.evaluate(NonFunctionalRequirementRule.java:41)
	at org.junit.runners.ParentRunner$3.evaluate(ParentRunner.java:306)
	at org.junit.runners.BlockJUnit4ClassRunner$1.evaluate(BlockJUnit4ClassRunner.java:100)
	at org.junit.runners.ParentRunner.runLeaf(ParentRunner.java:366)
	at org.junit.runners.BlockJUnit4ClassRunner.runChild(BlockJUnit4ClassRunner.java:103)
	at org.junit.runners.BlockJUnit4ClassRunner.runChild(BlockJUnit4ClassRunner.java:63)
	at org.junit.runners.ParentRunner$4.run(ParentRunner.java:331)
	at org.junit.runners.ParentRunner$1.schedule(ParentRunner.java:79)
	at org.junit.runners.ParentRunner.runChildren(ParentRunner.java:329)
	at org.junit.runners.ParentRunner.access$100(ParentRunner.java:66)
	at org.junit.runners.ParentRunner$2.evaluate(ParentRunner.java:293)
	at org.junit.internal.runners.statements.RunBefores.evaluate(RunBefores.java:26)
	at org.junit.internal.runners.statements.RunAfters.evaluate(RunAfters.java:27)
	at org.junit.runners.ParentRunner$3.evaluate(ParentRunner.java:306)
	at org.junit.runners.ParentRunner.run(ParentRunner.java:413)
	at org.apache.maven.surefire.junit4.JUnit4Provider.execute(JUnit4Provider.java:316)
	at org.apache.maven.surefire.junit4.JUnit4Provider.executeWithRerun(JUnit4Provider.java:240)
	at org.apache.maven.surefire.junit4.JUnit4Provider.executeTestSet(JUnit4Provider.java:214)
	at org.apache.maven.surefire.junit4.JUnit4Provider.invoke(JUnit4Provider.java:155)
	at org.apache.maven.surefire.booter.ForkedBooter.runSuitesInProcess(ForkedBooter.java:385)
	at org.apache.maven.surefire.booter.ForkedBooter.execute(ForkedBooter.java:162)
	at org.apache.maven.surefire.booter.ForkedBooter.run(ForkedBooter.java:507)
	at org.apache.maven.surefire.booter.ForkedBooter.main(ForkedBooter.java:495)
13:35:12.913 [main] DEBUG io.netty.util.ResourceLeakDetector - -Dio.netty.leakDetection.level: simple
13:35:12.913 [main] DEBUG io.netty.util.ResourceLeakDetector - -Dio.netty.leakDetection.targetRecords: 4
13:35:12.915 [main] DEBUG io.netty.buffer.AbstractByteBuf - -Dio.netty.buffer.checkAccessible: true
13:35:12.915 [main] DEBUG io.netty.buffer.AbstractByteBuf - -Dio.netty.buffer.checkBounds: true
13:35:12.916 [main] DEBUG io.netty.util.ResourceLeakDetectorFactory - Loaded default ResourceLeakDetector: io.netty.util.ResourceLeakDetector@5
13:35:12.916 [main] DEBUG io.netty.util.internal.InternalThreadLocalMap - -Dio.netty.threadLocalMap.stringBuilder.initialSize: 1024
13:35:12.916 [main] DEBUG io.netty.util.internal.InternalThreadLocalMap - -Dio.netty.threadLocalMap.stringBuilder.maxSize: 4096
13:35:12.916 [main] DEBUG io.netty.buffer.PooledByteBufAllocator - -Dio.netty.allocator.numHeapArenas: 0
13:35:12.916 [main] DEBUG io.netty.buffer.PooledByteBufAllocator - -Dio.netty.allocator.numDirectArenas: 2
13:35:12.916 [main] DEBUG io.netty.buffer.PooledByteBufAllocator - -Dio.netty.allocator.pageSize: 8192
13:35:12.916 [main] DEBUG io.netty.buffer.PooledByteBufAllocator - -Dio.netty.allocator.maxOrder: 9
13:35:12.916 [main] DEBUG io.netty.buffer.PooledByteBufAllocator - -Dio.netty.allocator.chunkSize: 4194304
13:35:12.916 [main] DEBUG io.netty.buffer.PooledByteBufAllocator - -Dio.netty.allocator.smallCacheSize: 256
13:35:12.916 [main] DEBUG io.netty.buffer.PooledByteBufAllocator - -Dio.netty.allocator.normalCacheSize: 64
13:35:12.916 [main] DEBUG io.netty.buffer.PooledByteBufAllocator - -Dio.netty.allocator.maxCachedBufferCapacity: 32768
13:35:12.916 [main] DEBUG io.netty.buffer.PooledByteBufAllocator - -Dio.netty.allocator.cacheTrimInterval: 8192
13:35:12.916 [main] DEBUG io.netty.buffer.PooledByteBufAllocator - -Dio.netty.allocator.cacheTrimIntervalMillis: 0
13:35:12.916 [main] DEBUG io.netty.buffer.PooledByteBufAllocator - -Dio.netty.allocator.useCacheForAllThreads: false
13:35:12.916 [main] DEBUG io.netty.buffer.PooledByteBufAllocator - -Dio.netty.allocator.maxCachedByteBuffersPerChunk: 1023
13:35:12.917 [main] DEBUG io.netty.buffer.ByteBufUtil - -Dio.netty.allocator.type: pooled
13:35:12.917 [main] DEBUG io.netty.buffer.ByteBufUtil - -Dio.netty.threadLocalDirectBufferSize: 0
13:35:12.917 [main] DEBUG io.netty.buffer.ByteBufUtil - -Dio.netty.maxThreadLocalCharBufferSize: 16384
13:35:12.918 [main] DEBUG io.netty.util.Recycler - -Dio.netty.recycler.maxCapacityPerThread: 4096
13:35:12.918 [main] DEBUG io.netty.util.Recycler - -Dio.netty.recycler.ratio: 8
13:35:12.918 [main] DEBUG io.netty.util.Recycler - -Dio.netty.recycler.chunkSize: 32
13:35:12.918 [main] DEBUG io.netty.util.Recycler - -Dio.netty.recycler.blocking: false
13:35:12.918 [main] DEBUG io.netty.util.Recycler - -Dio.netty.recycler.batchFastThreadLocalOnly: true
13:35:12.918 [main] DEBUG io.netty.util.internal.PlatformDependent - org.jctools-core.MpscChunkedArrayQueue: available
]]></system-out>
  </testcase>
  <testcase name="test05" classname="io.netty.handler.codec.http.multipart.AbstractDiskHttpData_ESTest" time="0.024">
    <system-out><![CDATA[13:35:12.940 [main] DEBUG io.netty.util.internal.logging.InternalLoggerFactory - Using SLF4J as the default logging framework
13:35:12.940 [main] DEBUG io.netty.util.internal.PlatformDependent0 - -Dio.netty.noUnsafe: false
13:35:12.940 [main] DEBUG io.netty.util.internal.PlatformDependent0 - Java version: 8
13:35:12.940 [main] DEBUG io.netty.util.internal.PlatformDependent0 - sun.misc.Unsafe.theUnsafe: available
13:35:12.940 [main] DEBUG io.netty.util.internal.PlatformDependent0 - sun.misc.Unsafe.copyMemory: available
13:35:12.940 [main] DEBUG io.netty.util.internal.PlatformDependent0 - sun.misc.Unsafe.storeFence: available
13:35:12.940 [main] DEBUG io.netty.util.internal.PlatformDependent0 - java.nio.Buffer.address: available
13:35:12.941 [main] DEBUG io.netty.util.internal.PlatformDependent0 - direct buffer constructor: available
13:35:12.941 [main] DEBUG io.netty.util.internal.PlatformDependent0 - java.nio.Bits.unaligned: available, true
13:35:12.941 [main] DEBUG io.netty.util.internal.PlatformDependent0 - jdk.internal.misc.Unsafe.allocateUninitializedArray(int): unavailable prior to Java9
13:35:12.941 [main] DEBUG io.netty.util.internal.PlatformDependent0 - java.nio.DirectByteBuffer.<init>(long, {int,long}): available
13:35:12.941 [main] DEBUG io.netty.util.internal.CleanerJava6 - java.nio.ByteBuffer.cleaner(): available
13:35:12.941 [main] DEBUG io.netty.util.internal.PlatformDependent - sun.misc.Unsafe: available
13:35:12.941 [main] DEBUG io.netty.util.internal.PlatformDependent - -Dio.netty.tmpdir: /tmp (java.io.tmpdir)
13:35:12.941 [main] DEBUG io.netty.util.internal.PlatformDependent - -Dio.netty.bitMode: 64 (sun.arch.data.model)
13:35:12.941 [main] DEBUG io.netty.util.internal.PlatformDependent - -Dio.netty.maxDirectMemory: 11420041216 bytes
13:35:12.941 [main] DEBUG io.netty.util.internal.PlatformDependent - -Dio.netty.uninitializedArrayAllocationThreshold: -1
13:35:12.941 [main] DEBUG io.netty.util.internal.PlatformDependent - -Dio.netty.noPreferDirect: false
13:35:12.942 [main] DEBUG io.netty.util.internal.CleanerJava9 - java.nio.ByteBuffer.cleaner(): unavailable
java.lang.NoSuchMethodException: sun.misc.Unsafe.invokeCleaner(java.nio.ByteBuffer)
	at java.lang.Class.getDeclaredMethod(Class.java:2130)
	at io.netty.util.internal.CleanerJava9$1.run(CleanerJava9.java:45)
	at java.security.AccessController.doPrivileged(Native Method)
	at io.netty.util.internal.CleanerJava9.__STATIC_RESET(CleanerJava9.java:40)
	at sun.reflect.GeneratedMethodAccessor27.invoke(Unknown Source)
	at sun.reflect.DelegatingMethodAccessorImpl.invoke(DelegatingMethodAccessorImpl.java:43)
	at java.lang.reflect.Method.invoke(Method.java:498)
	at org.evosuite.runtime.classhandling.ClassResetter.reset(ClassResetter.java:159)
	at org.evosuite.runtime.classhandling.ClassStateSupport.resetClasses(ClassStateSupport.java:137)
	at io.netty.handler.codec.http.multipart.AbstractDiskHttpData_ESTest_scaffolding.resetClasses(AbstractDiskHttpData_ESTest_scaffolding.java:318)
	at io.netty.handler.codec.http.multipart.AbstractDiskHttpData_ESTest_scaffolding.doneWithTestCase(AbstractDiskHttpData_ESTest_scaffolding.java:74)
	at sun.reflect.GeneratedMethodAccessor6.invoke(Unknown Source)
	at sun.reflect.DelegatingMethodAccessorImpl.invoke(DelegatingMethodAccessorImpl.java:43)
	at java.lang.reflect.Method.invoke(Method.java:498)
	at org.junit.runners.model.FrameworkMethod$1.runReflectiveCall(FrameworkMethod.java:59)
	at org.junit.internal.runners.model.ReflectiveCallable.run(ReflectiveCallable.java:12)
	at org.junit.runners.model.FrameworkMethod.invokeExplosively(FrameworkMethod.java:56)
	at org.junit.internal.runners.statements.RunAfters.invokeMethod(RunAfters.java:46)
	at org.junit.internal.runners.statements.RunAfters.evaluate(RunAfters.java:33)
	at org.evosuite.runtime.vnet.NonFunctionalRequirementRule$1.evaluate(NonFunctionalRequirementRule.java:41)
	at org.junit.runners.ParentRunner$3.evaluate(ParentRunner.java:306)
	at org.junit.runners.BlockJUnit4ClassRunner$1.evaluate(BlockJUnit4ClassRunner.java:100)
	at org.junit.runners.ParentRunner.runLeaf(ParentRunner.java:366)
	at org.junit.runners.BlockJUnit4ClassRunner.runChild(BlockJUnit4ClassRunner.java:103)
	at org.junit.runners.BlockJUnit4ClassRunner.runChild(BlockJUnit4ClassRunner.java:63)
	at org.junit.runners.ParentRunner$4.run(ParentRunner.java:331)
	at org.junit.runners.ParentRunner$1.schedule(ParentRunner.java:79)
	at org.junit.runners.ParentRunner.runChildren(ParentRunner.java:329)
	at org.junit.runners.ParentRunner.access$100(ParentRunner.java:66)
	at org.junit.runners.ParentRunner$2.evaluate(ParentRunner.java:293)
	at org.junit.internal.runners.statements.RunBefores.evaluate(RunBefores.java:26)
	at org.junit.internal.runners.statements.RunAfters.evaluate(RunAfters.java:27)
	at org.junit.runners.ParentRunner$3.evaluate(ParentRunner.java:306)
	at org.junit.runners.ParentRunner.run(ParentRunner.java:413)
	at org.apache.maven.surefire.junit4.JUnit4Provider.execute(JUnit4Provider.java:316)
	at org.apache.maven.surefire.junit4.JUnit4Provider.executeWithRerun(JUnit4Provider.java:240)
	at org.apache.maven.surefire.junit4.JUnit4Provider.executeTestSet(JUnit4Provider.java:214)
	at org.apache.maven.surefire.junit4.JUnit4Provider.invoke(JUnit4Provider.java:155)
	at org.apache.maven.surefire.booter.ForkedBooter.runSuitesInProcess(ForkedBooter.java:385)
	at org.apache.maven.surefire.booter.ForkedBooter.execute(ForkedBooter.java:162)
	at org.apache.maven.surefire.booter.ForkedBooter.run(ForkedBooter.java:507)
	at org.apache.maven.surefire.booter.ForkedBooter.main(ForkedBooter.java:495)
13:35:12.943 [main] DEBUG io.netty.util.ResourceLeakDetector - -Dio.netty.leakDetection.level: simple
13:35:12.943 [main] DEBUG io.netty.util.ResourceLeakDetector - -Dio.netty.leakDetection.targetRecords: 4
13:35:12.944 [main] DEBUG io.netty.buffer.AbstractByteBuf - -Dio.netty.buffer.checkAccessible: true
13:35:12.944 [main] DEBUG io.netty.buffer.AbstractByteBuf - -Dio.netty.buffer.checkBounds: true
13:35:12.944 [main] DEBUG io.netty.util.ResourceLeakDetectorFactory - Loaded default ResourceLeakDetector: io.netty.util.ResourceLeakDetector@5
13:35:12.944 [main] DEBUG io.netty.util.internal.InternalThreadLocalMap - -Dio.netty.threadLocalMap.stringBuilder.initialSize: 1024
13:35:12.944 [main] DEBUG io.netty.util.internal.InternalThreadLocalMap - -Dio.netty.threadLocalMap.stringBuilder.maxSize: 4096
13:35:12.945 [main] DEBUG io.netty.buffer.PooledByteBufAllocator - -Dio.netty.allocator.numHeapArenas: 0
13:35:12.945 [main] DEBUG io.netty.buffer.PooledByteBufAllocator - -Dio.netty.allocator.numDirectArenas: 2
13:35:12.945 [main] DEBUG io.netty.buffer.PooledByteBufAllocator - -Dio.netty.allocator.pageSize: 8192
13:35:12.945 [main] DEBUG io.netty.buffer.PooledByteBufAllocator - -Dio.netty.allocator.maxOrder: 9
13:35:12.945 [main] DEBUG io.netty.buffer.PooledByteBufAllocator - -Dio.netty.allocator.chunkSize: 4194304
13:35:12.945 [main] DEBUG io.netty.buffer.PooledByteBufAllocator - -Dio.netty.allocator.smallCacheSize: 256
13:35:12.945 [main] DEBUG io.netty.buffer.PooledByteBufAllocator - -Dio.netty.allocator.normalCacheSize: 64
13:35:12.945 [main] DEBUG io.netty.buffer.PooledByteBufAllocator - -Dio.netty.allocator.maxCachedBufferCapacity: 32768
13:35:12.945 [main] DEBUG io.netty.buffer.PooledByteBufAllocator - -Dio.netty.allocator.cacheTrimInterval: 8192
13:35:12.945 [main] DEBUG io.netty.buffer.PooledByteBufAllocator - -Dio.netty.allocator.cacheTrimIntervalMillis: 0
13:35:12.945 [main] DEBUG io.netty.buffer.PooledByteBufAllocator - -Dio.netty.allocator.useCacheForAllThreads: false
13:35:12.945 [main] DEBUG io.netty.buffer.PooledByteBufAllocator - -Dio.netty.allocator.maxCachedByteBuffersPerChunk: 1023
13:35:12.946 [main] DEBUG io.netty.buffer.ByteBufUtil - -Dio.netty.allocator.type: pooled
13:35:12.946 [main] DEBUG io.netty.buffer.ByteBufUtil - -Dio.netty.threadLocalDirectBufferSize: 0
13:35:12.946 [main] DEBUG io.netty.buffer.ByteBufUtil - -Dio.netty.maxThreadLocalCharBufferSize: 16384
13:35:12.947 [main] DEBUG io.netty.util.Recycler - -Dio.netty.recycler.maxCapacityPerThread: 4096
13:35:12.947 [main] DEBUG io.netty.util.Recycler - -Dio.netty.recycler.ratio: 8
13:35:12.947 [main] DEBUG io.netty.util.Recycler - -Dio.netty.recycler.chunkSize: 32
13:35:12.947 [main] DEBUG io.netty.util.Recycler - -Dio.netty.recycler.blocking: false
13:35:12.947 [main] DEBUG io.netty.util.Recycler - -Dio.netty.recycler.batchFastThreadLocalOnly: true
13:35:12.947 [main] DEBUG io.netty.util.internal.PlatformDependent - org.jctools-core.MpscChunkedArrayQueue: available
]]></system-out>
  </testcase>
  <testcase name="test49" classname="io.netty.handler.codec.http.multipart.AbstractDiskHttpData_ESTest" time="0.018">
    <system-out><![CDATA[13:35:12.984 [main] DEBUG io.netty.util.internal.logging.InternalLoggerFactory - Using SLF4J as the default logging framework
13:35:12.985 [main] DEBUG io.netty.util.internal.PlatformDependent0 - -Dio.netty.noUnsafe: false
13:35:12.985 [main] DEBUG io.netty.util.internal.PlatformDependent0 - Java version: 8
13:35:12.985 [main] DEBUG io.netty.util.internal.PlatformDependent0 - sun.misc.Unsafe.theUnsafe: available
13:35:12.985 [main] DEBUG io.netty.util.internal.PlatformDependent0 - sun.misc.Unsafe.copyMemory: available
13:35:12.985 [main] DEBUG io.netty.util.internal.PlatformDependent0 - sun.misc.Unsafe.storeFence: available
13:35:12.985 [main] DEBUG io.netty.util.internal.PlatformDependent0 - java.nio.Buffer.address: available
13:35:12.985 [main] DEBUG io.netty.util.internal.PlatformDependent0 - direct buffer constructor: available
13:35:12.985 [main] DEBUG io.netty.util.internal.PlatformDependent0 - java.nio.Bits.unaligned: available, true
13:35:12.985 [main] DEBUG io.netty.util.internal.PlatformDependent0 - jdk.internal.misc.Unsafe.allocateUninitializedArray(int): unavailable prior to Java9
13:35:12.985 [main] DEBUG io.netty.util.internal.PlatformDependent0 - java.nio.DirectByteBuffer.<init>(long, {int,long}): available
13:35:12.985 [main] DEBUG io.netty.util.internal.CleanerJava6 - java.nio.ByteBuffer.cleaner(): available
13:35:12.985 [main] DEBUG io.netty.util.internal.PlatformDependent - sun.misc.Unsafe: available
13:35:12.985 [main] DEBUG io.netty.util.internal.PlatformDependent - -Dio.netty.tmpdir: /tmp (java.io.tmpdir)
13:35:12.985 [main] DEBUG io.netty.util.internal.PlatformDependent - -Dio.netty.bitMode: 64 (sun.arch.data.model)
13:35:12.985 [main] DEBUG io.netty.util.internal.PlatformDependent - -Dio.netty.maxDirectMemory: 11420041216 bytes
13:35:12.985 [main] DEBUG io.netty.util.internal.PlatformDependent - -Dio.netty.uninitializedArrayAllocationThreshold: -1
13:35:12.985 [main] DEBUG io.netty.util.internal.PlatformDependent - -Dio.netty.noPreferDirect: false
13:35:12.986 [main] DEBUG io.netty.util.internal.CleanerJava9 - java.nio.ByteBuffer.cleaner(): unavailable
java.lang.NoSuchMethodException: sun.misc.Unsafe.invokeCleaner(java.nio.ByteBuffer)
	at java.lang.Class.getDeclaredMethod(Class.java:2130)
	at io.netty.util.internal.CleanerJava9$1.run(CleanerJava9.java:45)
	at java.security.AccessController.doPrivileged(Native Method)
	at io.netty.util.internal.CleanerJava9.__STATIC_RESET(CleanerJava9.java:40)
	at sun.reflect.GeneratedMethodAccessor27.invoke(Unknown Source)
	at sun.reflect.DelegatingMethodAccessorImpl.invoke(DelegatingMethodAccessorImpl.java:43)
	at java.lang.reflect.Method.invoke(Method.java:498)
	at org.evosuite.runtime.classhandling.ClassResetter.reset(ClassResetter.java:159)
	at org.evosuite.runtime.classhandling.ClassStateSupport.resetClasses(ClassStateSupport.java:137)
	at io.netty.handler.codec.http.multipart.AbstractDiskHttpData_ESTest_scaffolding.resetClasses(AbstractDiskHttpData_ESTest_scaffolding.java:318)
	at io.netty.handler.codec.http.multipart.AbstractDiskHttpData_ESTest_scaffolding.doneWithTestCase(AbstractDiskHttpData_ESTest_scaffolding.java:74)
	at sun.reflect.GeneratedMethodAccessor6.invoke(Unknown Source)
	at sun.reflect.DelegatingMethodAccessorImpl.invoke(DelegatingMethodAccessorImpl.java:43)
	at java.lang.reflect.Method.invoke(Method.java:498)
	at org.junit.runners.model.FrameworkMethod$1.runReflectiveCall(FrameworkMethod.java:59)
	at org.junit.internal.runners.model.ReflectiveCallable.run(ReflectiveCallable.java:12)
	at org.junit.runners.model.FrameworkMethod.invokeExplosively(FrameworkMethod.java:56)
	at org.junit.internal.runners.statements.RunAfters.invokeMethod(RunAfters.java:46)
	at org.junit.internal.runners.statements.RunAfters.evaluate(RunAfters.java:33)
	at org.evosuite.runtime.vnet.NonFunctionalRequirementRule$1.evaluate(NonFunctionalRequirementRule.java:41)
	at org.junit.runners.ParentRunner$3.evaluate(ParentRunner.java:306)
	at org.junit.runners.BlockJUnit4ClassRunner$1.evaluate(BlockJUnit4ClassRunner.java:100)
	at org.junit.runners.ParentRunner.runLeaf(ParentRunner.java:366)
	at org.junit.runners.BlockJUnit4ClassRunner.runChild(BlockJUnit4ClassRunner.java:103)
	at org.junit.runners.BlockJUnit4ClassRunner.runChild(BlockJUnit4ClassRunner.java:63)
	at org.junit.runners.ParentRunner$4.run(ParentRunner.java:331)
	at org.junit.runners.ParentRunner$1.schedule(ParentRunner.java:79)
	at org.junit.runners.ParentRunner.runChildren(ParentRunner.java:329)
	at org.junit.runners.ParentRunner.access$100(ParentRunner.java:66)
	at org.junit.runners.ParentRunner$2.evaluate(ParentRunner.java:293)
	at org.junit.internal.runners.statements.RunBefores.evaluate(RunBefores.java:26)
	at org.junit.internal.runners.statements.RunAfters.evaluate(RunAfters.java:27)
	at org.junit.runners.ParentRunner$3.evaluate(ParentRunner.java:306)
	at org.junit.runners.ParentRunner.run(ParentRunner.java:413)
	at org.apache.maven.surefire.junit4.JUnit4Provider.execute(JUnit4Provider.java:316)
	at org.apache.maven.surefire.junit4.JUnit4Provider.executeWithRerun(JUnit4Provider.java:240)
	at org.apache.maven.surefire.junit4.JUnit4Provider.executeTestSet(JUnit4Provider.java:214)
	at org.apache.maven.surefire.junit4.JUnit4Provider.invoke(JUnit4Provider.java:155)
	at org.apache.maven.surefire.booter.ForkedBooter.runSuitesInProcess(ForkedBooter.java:385)
	at org.apache.maven.surefire.booter.ForkedBooter.execute(ForkedBooter.java:162)
	at org.apache.maven.surefire.booter.ForkedBooter.run(ForkedBooter.java:507)
	at org.apache.maven.surefire.booter.ForkedBooter.main(ForkedBooter.java:495)
13:35:12.986 [main] DEBUG io.netty.util.ResourceLeakDetector - -Dio.netty.leakDetection.level: simple
13:35:12.986 [main] DEBUG io.netty.util.ResourceLeakDetector - -Dio.netty.leakDetection.targetRecords: 4
13:35:12.986 [main] DEBUG io.netty.buffer.AbstractByteBuf - -Dio.netty.buffer.checkAccessible: true
13:35:12.986 [main] DEBUG io.netty.buffer.AbstractByteBuf - -Dio.netty.buffer.checkBounds: true
13:35:12.986 [main] DEBUG io.netty.util.ResourceLeakDetectorFactory - Loaded default ResourceLeakDetector: io.netty.util.ResourceLeakDetector@5
13:35:12.986 [main] DEBUG io.netty.util.internal.InternalThreadLocalMap - -Dio.netty.threadLocalMap.stringBuilder.initialSize: 1024
13:35:12.986 [main] DEBUG io.netty.util.internal.InternalThreadLocalMap - -Dio.netty.threadLocalMap.stringBuilder.maxSize: 4096
13:35:12.987 [main] DEBUG io.netty.buffer.PooledByteBufAllocator - -Dio.netty.allocator.numHeapArenas: 0
13:35:12.987 [main] DEBUG io.netty.buffer.PooledByteBufAllocator - -Dio.netty.allocator.numDirectArenas: 2
13:35:12.987 [main] DEBUG io.netty.buffer.PooledByteBufAllocator - -Dio.netty.allocator.pageSize: 8192
13:35:12.987 [main] DEBUG io.netty.buffer.PooledByteBufAllocator - -Dio.netty.allocator.maxOrder: 9
13:35:12.987 [main] DEBUG io.netty.buffer.PooledByteBufAllocator - -Dio.netty.allocator.chunkSize: 4194304
13:35:12.987 [main] DEBUG io.netty.buffer.PooledByteBufAllocator - -Dio.netty.allocator.smallCacheSize: 256
13:35:12.987 [main] DEBUG io.netty.buffer.PooledByteBufAllocator - -Dio.netty.allocator.normalCacheSize: 64
13:35:12.987 [main] DEBUG io.netty.buffer.PooledByteBufAllocator - -Dio.netty.allocator.maxCachedBufferCapacity: 32768
13:35:12.987 [main] DEBUG io.netty.buffer.PooledByteBufAllocator - -Dio.netty.allocator.cacheTrimInterval: 8192
13:35:12.987 [main] DEBUG io.netty.buffer.PooledByteBufAllocator - -Dio.netty.allocator.cacheTrimIntervalMillis: 0
13:35:12.987 [main] DEBUG io.netty.buffer.PooledByteBufAllocator - -Dio.netty.allocator.useCacheForAllThreads: false
13:35:12.987 [main] DEBUG io.netty.buffer.PooledByteBufAllocator - -Dio.netty.allocator.maxCachedByteBuffersPerChunk: 1023
13:35:12.987 [main] DEBUG io.netty.buffer.ByteBufUtil - -Dio.netty.allocator.type: pooled
13:35:12.987 [main] DEBUG io.netty.buffer.ByteBufUtil - -Dio.netty.threadLocalDirectBufferSize: 0
13:35:12.987 [main] DEBUG io.netty.buffer.ByteBufUtil - -Dio.netty.maxThreadLocalCharBufferSize: 16384
13:35:12.988 [main] DEBUG io.netty.util.Recycler - -Dio.netty.recycler.maxCapacityPerThread: 4096
13:35:12.988 [main] DEBUG io.netty.util.Recycler - -Dio.netty.recycler.ratio: 8
13:35:12.988 [main] DEBUG io.netty.util.Recycler - -Dio.netty.recycler.chunkSize: 32
13:35:12.988 [main] DEBUG io.netty.util.Recycler - -Dio.netty.recycler.blocking: false
13:35:12.988 [main] DEBUG io.netty.util.Recycler - -Dio.netty.recycler.batchFastThreadLocalOnly: true
13:35:12.988 [main] DEBUG io.netty.util.internal.PlatformDependent - org.jctools-core.MpscChunkedArrayQueue: available
]]></system-out>
  </testcase>
  <testcase name="test04" classname="io.netty.handler.codec.http.multipart.AbstractDiskHttpData_ESTest" time="0.017">
    <system-out><![CDATA[13:35:13.001 [main] DEBUG io.netty.util.internal.logging.InternalLoggerFactory - Using SLF4J as the default logging framework
13:35:13.001 [main] DEBUG io.netty.util.internal.PlatformDependent0 - -Dio.netty.noUnsafe: false
13:35:13.001 [main] DEBUG io.netty.util.internal.PlatformDependent0 - Java version: 8
13:35:13.001 [main] DEBUG io.netty.util.internal.PlatformDependent0 - sun.misc.Unsafe.theUnsafe: available
13:35:13.001 [main] DEBUG io.netty.util.internal.PlatformDependent0 - sun.misc.Unsafe.copyMemory: available
13:35:13.001 [main] DEBUG io.netty.util.internal.PlatformDependent0 - sun.misc.Unsafe.storeFence: available
13:35:13.001 [main] DEBUG io.netty.util.internal.PlatformDependent0 - java.nio.Buffer.address: available
13:35:13.001 [main] DEBUG io.netty.util.internal.PlatformDependent0 - direct buffer constructor: available
13:35:13.001 [main] DEBUG io.netty.util.internal.PlatformDependent0 - java.nio.Bits.unaligned: available, true
13:35:13.001 [main] DEBUG io.netty.util.internal.PlatformDependent0 - jdk.internal.misc.Unsafe.allocateUninitializedArray(int): unavailable prior to Java9
13:35:13.001 [main] DEBUG io.netty.util.internal.PlatformDependent0 - java.nio.DirectByteBuffer.<init>(long, {int,long}): available
13:35:13.001 [main] DEBUG io.netty.util.internal.CleanerJava6 - java.nio.ByteBuffer.cleaner(): available
13:35:13.001 [main] DEBUG io.netty.util.internal.PlatformDependent - sun.misc.Unsafe: available
13:35:13.002 [main] DEBUG io.netty.util.internal.PlatformDependent - -Dio.netty.tmpdir: /tmp (java.io.tmpdir)
13:35:13.002 [main] DEBUG io.netty.util.internal.PlatformDependent - -Dio.netty.bitMode: 64 (sun.arch.data.model)
13:35:13.002 [main] DEBUG io.netty.util.internal.PlatformDependent - -Dio.netty.maxDirectMemory: 11420041216 bytes
13:35:13.002 [main] DEBUG io.netty.util.internal.PlatformDependent - -Dio.netty.uninitializedArrayAllocationThreshold: -1
13:35:13.002 [main] DEBUG io.netty.util.internal.PlatformDependent - -Dio.netty.noPreferDirect: false
13:35:13.002 [main] DEBUG io.netty.util.internal.CleanerJava9 - java.nio.ByteBuffer.cleaner(): unavailable
java.lang.NoSuchMethodException: sun.misc.Unsafe.invokeCleaner(java.nio.ByteBuffer)
	at java.lang.Class.getDeclaredMethod(Class.java:2130)
	at io.netty.util.internal.CleanerJava9$1.run(CleanerJava9.java:45)
	at java.security.AccessController.doPrivileged(Native Method)
	at io.netty.util.internal.CleanerJava9.__STATIC_RESET(CleanerJava9.java:40)
	at sun.reflect.GeneratedMethodAccessor27.invoke(Unknown Source)
	at sun.reflect.DelegatingMethodAccessorImpl.invoke(DelegatingMethodAccessorImpl.java:43)
	at java.lang.reflect.Method.invoke(Method.java:498)
	at org.evosuite.runtime.classhandling.ClassResetter.reset(ClassResetter.java:159)
	at org.evosuite.runtime.classhandling.ClassStateSupport.resetClasses(ClassStateSupport.java:137)
	at io.netty.handler.codec.http.multipart.AbstractDiskHttpData_ESTest_scaffolding.resetClasses(AbstractDiskHttpData_ESTest_scaffolding.java:318)
	at io.netty.handler.codec.http.multipart.AbstractDiskHttpData_ESTest_scaffolding.doneWithTestCase(AbstractDiskHttpData_ESTest_scaffolding.java:74)
	at sun.reflect.GeneratedMethodAccessor6.invoke(Unknown Source)
	at sun.reflect.DelegatingMethodAccessorImpl.invoke(DelegatingMethodAccessorImpl.java:43)
	at java.lang.reflect.Method.invoke(Method.java:498)
	at org.junit.runners.model.FrameworkMethod$1.runReflectiveCall(FrameworkMethod.java:59)
	at org.junit.internal.runners.model.ReflectiveCallable.run(ReflectiveCallable.java:12)
	at org.junit.runners.model.FrameworkMethod.invokeExplosively(FrameworkMethod.java:56)
	at org.junit.internal.runners.statements.RunAfters.invokeMethod(RunAfters.java:46)
	at org.junit.internal.runners.statements.RunAfters.evaluate(RunAfters.java:33)
	at org.evosuite.runtime.vnet.NonFunctionalRequirementRule$1.evaluate(NonFunctionalRequirementRule.java:41)
	at org.junit.runners.ParentRunner$3.evaluate(ParentRunner.java:306)
	at org.junit.runners.BlockJUnit4ClassRunner$1.evaluate(BlockJUnit4ClassRunner.java:100)
	at org.junit.runners.ParentRunner.runLeaf(ParentRunner.java:366)
	at org.junit.runners.BlockJUnit4ClassRunner.runChild(BlockJUnit4ClassRunner.java:103)
	at org.junit.runners.BlockJUnit4ClassRunner.runChild(BlockJUnit4ClassRunner.java:63)
	at org.junit.runners.ParentRunner$4.run(ParentRunner.java:331)
	at org.junit.runners.ParentRunner$1.schedule(ParentRunner.java:79)
	at org.junit.runners.ParentRunner.runChildren(ParentRunner.java:329)
	at org.junit.runners.ParentRunner.access$100(ParentRunner.java:66)
	at org.junit.runners.ParentRunner$2.evaluate(ParentRunner.java:293)
	at org.junit.internal.runners.statements.RunBefores.evaluate(RunBefores.java:26)
	at org.junit.internal.runners.statements.RunAfters.evaluate(RunAfters.java:27)
	at org.junit.runners.ParentRunner$3.evaluate(ParentRunner.java:306)
	at org.junit.runners.ParentRunner.run(ParentRunner.java:413)
	at org.apache.maven.surefire.junit4.JUnit4Provider.execute(JUnit4Provider.java:316)
	at org.apache.maven.surefire.junit4.JUnit4Provider.executeWithRerun(JUnit4Provider.java:240)
	at org.apache.maven.surefire.junit4.JUnit4Provider.executeTestSet(JUnit4Provider.java:214)
	at org.apache.maven.surefire.junit4.JUnit4Provider.invoke(JUnit4Provider.java:155)
	at org.apache.maven.surefire.booter.ForkedBooter.runSuitesInProcess(ForkedBooter.java:385)
	at org.apache.maven.surefire.booter.ForkedBooter.execute(ForkedBooter.java:162)
	at org.apache.maven.surefire.booter.ForkedBooter.run(ForkedBooter.java:507)
	at org.apache.maven.surefire.booter.ForkedBooter.main(ForkedBooter.java:495)
13:35:13.002 [main] DEBUG io.netty.util.ResourceLeakDetector - -Dio.netty.leakDetection.level: simple
13:35:13.002 [main] DEBUG io.netty.util.ResourceLeakDetector - -Dio.netty.leakDetection.targetRecords: 4
13:35:13.003 [main] DEBUG io.netty.buffer.AbstractByteBuf - -Dio.netty.buffer.checkAccessible: true
13:35:13.003 [main] DEBUG io.netty.buffer.AbstractByteBuf - -Dio.netty.buffer.checkBounds: true
13:35:13.003 [main] DEBUG io.netty.util.ResourceLeakDetectorFactory - Loaded default ResourceLeakDetector: io.netty.util.ResourceLeakDetector@5
13:35:13.003 [main] DEBUG io.netty.util.internal.InternalThreadLocalMap - -Dio.netty.threadLocalMap.stringBuilder.initialSize: 1024
13:35:13.003 [main] DEBUG io.netty.util.internal.InternalThreadLocalMap - -Dio.netty.threadLocalMap.stringBuilder.maxSize: 4096
13:35:13.004 [main] DEBUG io.netty.buffer.PooledByteBufAllocator - -Dio.netty.allocator.numHeapArenas: 0
13:35:13.004 [main] DEBUG io.netty.buffer.PooledByteBufAllocator - -Dio.netty.allocator.numDirectArenas: 2
13:35:13.004 [main] DEBUG io.netty.buffer.PooledByteBufAllocator - -Dio.netty.allocator.pageSize: 8192
13:35:13.004 [main] DEBUG io.netty.buffer.PooledByteBufAllocator - -Dio.netty.allocator.maxOrder: 9
13:35:13.004 [main] DEBUG io.netty.buffer.PooledByteBufAllocator - -Dio.netty.allocator.chunkSize: 4194304
13:35:13.004 [main] DEBUG io.netty.buffer.PooledByteBufAllocator - -Dio.netty.allocator.smallCacheSize: 256
13:35:13.004 [main] DEBUG io.netty.buffer.PooledByteBufAllocator - -Dio.netty.allocator.normalCacheSize: 64
13:35:13.004 [main] DEBUG io.netty.buffer.PooledByteBufAllocator - -Dio.netty.allocator.maxCachedBufferCapacity: 32768
13:35:13.004 [main] DEBUG io.netty.buffer.PooledByteBufAllocator - -Dio.netty.allocator.cacheTrimInterval: 8192
13:35:13.004 [main] DEBUG io.netty.buffer.PooledByteBufAllocator - -Dio.netty.allocator.cacheTrimIntervalMillis: 0
13:35:13.004 [main] DEBUG io.netty.buffer.PooledByteBufAllocator - -Dio.netty.allocator.useCacheForAllThreads: false
13:35:13.004 [main] DEBUG io.netty.buffer.PooledByteBufAllocator - -Dio.netty.allocator.maxCachedByteBuffersPerChunk: 1023
13:35:13.006 [main] DEBUG io.netty.buffer.ByteBufUtil - -Dio.netty.allocator.type: pooled
13:35:13.006 [main] DEBUG io.netty.buffer.ByteBufUtil - -Dio.netty.threadLocalDirectBufferSize: 0
13:35:13.006 [main] DEBUG io.netty.buffer.ByteBufUtil - -Dio.netty.maxThreadLocalCharBufferSize: 16384
13:35:13.007 [main] DEBUG io.netty.util.Recycler - -Dio.netty.recycler.maxCapacityPerThread: 4096
13:35:13.007 [main] DEBUG io.netty.util.Recycler - -Dio.netty.recycler.ratio: 8
13:35:13.007 [main] DEBUG io.netty.util.Recycler - -Dio.netty.recycler.chunkSize: 32
13:35:13.007 [main] DEBUG io.netty.util.Recycler - -Dio.netty.recycler.blocking: false
13:35:13.007 [main] DEBUG io.netty.util.Recycler - -Dio.netty.recycler.batchFastThreadLocalOnly: true
13:35:13.007 [main] DEBUG io.netty.util.internal.PlatformDependent - org.jctools-core.MpscChunkedArrayQueue: available
]]></system-out>
  </testcase>
  <testcase name="test48" classname="io.netty.handler.codec.http.multipart.AbstractDiskHttpData_ESTest" time="0.03">
    <system-out><![CDATA[13:35:13.019 [main] DEBUG io.netty.util.internal.logging.InternalLoggerFactory - Using SLF4J as the default logging framework
13:35:13.019 [main] DEBUG io.netty.util.internal.PlatformDependent0 - -Dio.netty.noUnsafe: false
13:35:13.019 [main] DEBUG io.netty.util.internal.PlatformDependent0 - Java version: 8
13:35:13.019 [main] DEBUG io.netty.util.internal.PlatformDependent0 - sun.misc.Unsafe.theUnsafe: available
13:35:13.019 [main] DEBUG io.netty.util.internal.PlatformDependent0 - sun.misc.Unsafe.copyMemory: available
13:35:13.019 [main] DEBUG io.netty.util.internal.PlatformDependent0 - sun.misc.Unsafe.storeFence: available
13:35:13.019 [main] DEBUG io.netty.util.internal.PlatformDependent0 - java.nio.Buffer.address: available
13:35:13.020 [main] DEBUG io.netty.util.internal.PlatformDependent0 - direct buffer constructor: available
13:35:13.020 [main] DEBUG io.netty.util.internal.PlatformDependent0 - java.nio.Bits.unaligned: available, true
13:35:13.020 [main] DEBUG io.netty.util.internal.PlatformDependent0 - jdk.internal.misc.Unsafe.allocateUninitializedArray(int): unavailable prior to Java9
13:35:13.020 [main] DEBUG io.netty.util.internal.PlatformDependent0 - java.nio.DirectByteBuffer.<init>(long, {int,long}): available
13:35:13.020 [main] DEBUG io.netty.util.internal.CleanerJava6 - java.nio.ByteBuffer.cleaner(): available
13:35:13.020 [main] DEBUG io.netty.util.internal.PlatformDependent - sun.misc.Unsafe: available
13:35:13.020 [main] DEBUG io.netty.util.internal.PlatformDependent - -Dio.netty.tmpdir: /tmp (java.io.tmpdir)
13:35:13.020 [main] DEBUG io.netty.util.internal.PlatformDependent - -Dio.netty.bitMode: 64 (sun.arch.data.model)
13:35:13.020 [main] DEBUG io.netty.util.internal.PlatformDependent - -Dio.netty.maxDirectMemory: 11420041216 bytes
13:35:13.020 [main] DEBUG io.netty.util.internal.PlatformDependent - -Dio.netty.uninitializedArrayAllocationThreshold: -1
13:35:13.020 [main] DEBUG io.netty.util.internal.PlatformDependent - -Dio.netty.noPreferDirect: false
13:35:13.020 [main] DEBUG io.netty.util.internal.CleanerJava9 - java.nio.ByteBuffer.cleaner(): unavailable
java.lang.NoSuchMethodException: sun.misc.Unsafe.invokeCleaner(java.nio.ByteBuffer)
	at java.lang.Class.getDeclaredMethod(Class.java:2130)
	at io.netty.util.internal.CleanerJava9$1.run(CleanerJava9.java:45)
	at java.security.AccessController.doPrivileged(Native Method)
	at io.netty.util.internal.CleanerJava9.__STATIC_RESET(CleanerJava9.java:40)
	at sun.reflect.GeneratedMethodAccessor27.invoke(Unknown Source)
	at sun.reflect.DelegatingMethodAccessorImpl.invoke(DelegatingMethodAccessorImpl.java:43)
	at java.lang.reflect.Method.invoke(Method.java:498)
	at org.evosuite.runtime.classhandling.ClassResetter.reset(ClassResetter.java:159)
	at org.evosuite.runtime.classhandling.ClassStateSupport.resetClasses(ClassStateSupport.java:137)
	at io.netty.handler.codec.http.multipart.AbstractDiskHttpData_ESTest_scaffolding.resetClasses(AbstractDiskHttpData_ESTest_scaffolding.java:318)
	at io.netty.handler.codec.http.multipart.AbstractDiskHttpData_ESTest_scaffolding.doneWithTestCase(AbstractDiskHttpData_ESTest_scaffolding.java:74)
	at sun.reflect.GeneratedMethodAccessor6.invoke(Unknown Source)
	at sun.reflect.DelegatingMethodAccessorImpl.invoke(DelegatingMethodAccessorImpl.java:43)
	at java.lang.reflect.Method.invoke(Method.java:498)
	at org.junit.runners.model.FrameworkMethod$1.runReflectiveCall(FrameworkMethod.java:59)
	at org.junit.internal.runners.model.ReflectiveCallable.run(ReflectiveCallable.java:12)
	at org.junit.runners.model.FrameworkMethod.invokeExplosively(FrameworkMethod.java:56)
	at org.junit.internal.runners.statements.RunAfters.invokeMethod(RunAfters.java:46)
	at org.junit.internal.runners.statements.RunAfters.evaluate(RunAfters.java:33)
	at org.evosuite.runtime.vnet.NonFunctionalRequirementRule$1.evaluate(NonFunctionalRequirementRule.java:41)
	at org.junit.runners.ParentRunner$3.evaluate(ParentRunner.java:306)
	at org.junit.runners.BlockJUnit4ClassRunner$1.evaluate(BlockJUnit4ClassRunner.java:100)
	at org.junit.runners.ParentRunner.runLeaf(ParentRunner.java:366)
	at org.junit.runners.BlockJUnit4ClassRunner.runChild(BlockJUnit4ClassRunner.java:103)
	at org.junit.runners.BlockJUnit4ClassRunner.runChild(BlockJUnit4ClassRunner.java:63)
	at org.junit.runners.ParentRunner$4.run(ParentRunner.java:331)
	at org.junit.runners.ParentRunner$1.schedule(ParentRunner.java:79)
	at org.junit.runners.ParentRunner.runChildren(ParentRunner.java:329)
	at org.junit.runners.ParentRunner.access$100(ParentRunner.java:66)
	at org.junit.runners.ParentRunner$2.evaluate(ParentRunner.java:293)
	at org.junit.internal.runners.statements.RunBefores.evaluate(RunBefores.java:26)
	at org.junit.internal.runners.statements.RunAfters.evaluate(RunAfters.java:27)
	at org.junit.runners.ParentRunner$3.evaluate(ParentRunner.java:306)
	at org.junit.runners.ParentRunner.run(ParentRunner.java:413)
	at org.apache.maven.surefire.junit4.JUnit4Provider.execute(JUnit4Provider.java:316)
	at org.apache.maven.surefire.junit4.JUnit4Provider.executeWithRerun(JUnit4Provider.java:240)
	at org.apache.maven.surefire.junit4.JUnit4Provider.executeTestSet(JUnit4Provider.java:214)
	at org.apache.maven.surefire.junit4.JUnit4Provider.invoke(JUnit4Provider.java:155)
	at org.apache.maven.surefire.booter.ForkedBooter.runSuitesInProcess(ForkedBooter.java:385)
	at org.apache.maven.surefire.booter.ForkedBooter.execute(ForkedBooter.java:162)
	at org.apache.maven.surefire.booter.ForkedBooter.run(ForkedBooter.java:507)
	at org.apache.maven.surefire.booter.ForkedBooter.main(ForkedBooter.java:495)
13:35:13.021 [main] DEBUG io.netty.util.ResourceLeakDetector - -Dio.netty.leakDetection.level: simple
13:35:13.021 [main] DEBUG io.netty.util.ResourceLeakDetector - -Dio.netty.leakDetection.targetRecords: 4
13:35:13.021 [main] DEBUG io.netty.buffer.AbstractByteBuf - -Dio.netty.buffer.checkAccessible: true
13:35:13.021 [main] DEBUG io.netty.buffer.AbstractByteBuf - -Dio.netty.buffer.checkBounds: true
13:35:13.021 [main] DEBUG io.netty.util.ResourceLeakDetectorFactory - Loaded default ResourceLeakDetector: io.netty.util.ResourceLeakDetector@5
13:35:13.021 [main] DEBUG io.netty.util.internal.InternalThreadLocalMap - -Dio.netty.threadLocalMap.stringBuilder.initialSize: 1024
13:35:13.022 [main] DEBUG io.netty.util.internal.InternalThreadLocalMap - -Dio.netty.threadLocalMap.stringBuilder.maxSize: 4096
13:35:13.022 [main] DEBUG io.netty.buffer.PooledByteBufAllocator - -Dio.netty.allocator.numHeapArenas: 0
13:35:13.022 [main] DEBUG io.netty.buffer.PooledByteBufAllocator - -Dio.netty.allocator.numDirectArenas: 2
13:35:13.022 [main] DEBUG io.netty.buffer.PooledByteBufAllocator - -Dio.netty.allocator.pageSize: 8192
13:35:13.022 [main] DEBUG io.netty.buffer.PooledByteBufAllocator - -Dio.netty.allocator.maxOrder: 9
13:35:13.022 [main] DEBUG io.netty.buffer.PooledByteBufAllocator - -Dio.netty.allocator.chunkSize: 4194304
13:35:13.022 [main] DEBUG io.netty.buffer.PooledByteBufAllocator - -Dio.netty.allocator.smallCacheSize: 256
13:35:13.022 [main] DEBUG io.netty.buffer.PooledByteBufAllocator - -Dio.netty.allocator.normalCacheSize: 64
13:35:13.022 [main] DEBUG io.netty.buffer.PooledByteBufAllocator - -Dio.netty.allocator.maxCachedBufferCapacity: 32768
13:35:13.022 [main] DEBUG io.netty.buffer.PooledByteBufAllocator - -Dio.netty.allocator.cacheTrimInterval: 8192
13:35:13.022 [main] DEBUG io.netty.buffer.PooledByteBufAllocator - -Dio.netty.allocator.cacheTrimIntervalMillis: 0
13:35:13.022 [main] DEBUG io.netty.buffer.PooledByteBufAllocator - -Dio.netty.allocator.useCacheForAllThreads: false
13:35:13.022 [main] DEBUG io.netty.buffer.PooledByteBufAllocator - -Dio.netty.allocator.maxCachedByteBuffersPerChunk: 1023
13:35:13.022 [main] DEBUG io.netty.buffer.ByteBufUtil - -Dio.netty.allocator.type: pooled
13:35:13.022 [main] DEBUG io.netty.buffer.ByteBufUtil - -Dio.netty.threadLocalDirectBufferSize: 0
13:35:13.022 [main] DEBUG io.netty.buffer.ByteBufUtil - -Dio.netty.maxThreadLocalCharBufferSize: 16384
13:35:13.023 [main] DEBUG io.netty.util.Recycler - -Dio.netty.recycler.maxCapacityPerThread: 4096
13:35:13.023 [main] DEBUG io.netty.util.Recycler - -Dio.netty.recycler.ratio: 8
13:35:13.023 [main] DEBUG io.netty.util.Recycler - -Dio.netty.recycler.chunkSize: 32
13:35:13.023 [main] DEBUG io.netty.util.Recycler - -Dio.netty.recycler.blocking: false
13:35:13.023 [main] DEBUG io.netty.util.Recycler - -Dio.netty.recycler.batchFastThreadLocalOnly: true
13:35:13.023 [main] DEBUG io.netty.util.internal.PlatformDependent - org.jctools-core.MpscChunkedArrayQueue: available
]]></system-out>
  </testcase>
  <testcase name="test07" classname="io.netty.handler.codec.http.multipart.AbstractDiskHttpData_ESTest" time="0.021">
    <system-out><![CDATA[13:35:13.118 [main] DEBUG io.netty.util.internal.logging.InternalLoggerFactory - Using SLF4J as the default logging framework
13:35:13.118 [main] DEBUG io.netty.util.internal.PlatformDependent0 - -Dio.netty.noUnsafe: false
13:35:13.118 [main] DEBUG io.netty.util.internal.PlatformDependent0 - Java version: 8
13:35:13.118 [main] DEBUG io.netty.util.internal.PlatformDependent0 - sun.misc.Unsafe.theUnsafe: available
13:35:13.118 [main] DEBUG io.netty.util.internal.PlatformDependent0 - sun.misc.Unsafe.copyMemory: available
13:35:13.118 [main] DEBUG io.netty.util.internal.PlatformDependent0 - sun.misc.Unsafe.storeFence: available
13:35:13.118 [main] DEBUG io.netty.util.internal.PlatformDependent0 - java.nio.Buffer.address: available
13:35:13.118 [main] DEBUG io.netty.util.internal.PlatformDependent0 - direct buffer constructor: available
13:35:13.119 [main] DEBUG io.netty.util.internal.PlatformDependent0 - java.nio.Bits.unaligned: available, true
13:35:13.119 [main] DEBUG io.netty.util.internal.PlatformDependent0 - jdk.internal.misc.Unsafe.allocateUninitializedArray(int): unavailable prior to Java9
13:35:13.119 [main] DEBUG io.netty.util.internal.PlatformDependent0 - java.nio.DirectByteBuffer.<init>(long, {int,long}): available
13:35:13.119 [main] DEBUG io.netty.util.internal.CleanerJava6 - java.nio.ByteBuffer.cleaner(): available
13:35:13.119 [main] DEBUG io.netty.util.internal.PlatformDependent - sun.misc.Unsafe: available
13:35:13.119 [main] DEBUG io.netty.util.internal.PlatformDependent - -Dio.netty.tmpdir: /tmp (java.io.tmpdir)
13:35:13.119 [main] DEBUG io.netty.util.internal.PlatformDependent - -Dio.netty.bitMode: 64 (sun.arch.data.model)
13:35:13.119 [main] DEBUG io.netty.util.internal.PlatformDependent - -Dio.netty.maxDirectMemory: 11420041216 bytes
13:35:13.119 [main] DEBUG io.netty.util.internal.PlatformDependent - -Dio.netty.uninitializedArrayAllocationThreshold: -1
13:35:13.119 [main] DEBUG io.netty.util.internal.PlatformDependent - -Dio.netty.noPreferDirect: false
13:35:13.120 [main] DEBUG io.netty.util.internal.CleanerJava9 - java.nio.ByteBuffer.cleaner(): unavailable
java.lang.NoSuchMethodException: sun.misc.Unsafe.invokeCleaner(java.nio.ByteBuffer)
	at java.lang.Class.getDeclaredMethod(Class.java:2130)
	at io.netty.util.internal.CleanerJava9$1.run(CleanerJava9.java:45)
	at java.security.AccessController.doPrivileged(Native Method)
	at io.netty.util.internal.CleanerJava9.__STATIC_RESET(CleanerJava9.java:40)
	at sun.reflect.GeneratedMethodAccessor27.invoke(Unknown Source)
	at sun.reflect.DelegatingMethodAccessorImpl.invoke(DelegatingMethodAccessorImpl.java:43)
	at java.lang.reflect.Method.invoke(Method.java:498)
	at org.evosuite.runtime.classhandling.ClassResetter.reset(ClassResetter.java:159)
	at org.evosuite.runtime.classhandling.ClassStateSupport.resetClasses(ClassStateSupport.java:137)
	at io.netty.handler.codec.http.multipart.AbstractDiskHttpData_ESTest_scaffolding.resetClasses(AbstractDiskHttpData_ESTest_scaffolding.java:318)
	at io.netty.handler.codec.http.multipart.AbstractDiskHttpData_ESTest_scaffolding.doneWithTestCase(AbstractDiskHttpData_ESTest_scaffolding.java:74)
	at sun.reflect.GeneratedMethodAccessor6.invoke(Unknown Source)
	at sun.reflect.DelegatingMethodAccessorImpl.invoke(DelegatingMethodAccessorImpl.java:43)
	at java.lang.reflect.Method.invoke(Method.java:498)
	at org.junit.runners.model.FrameworkMethod$1.runReflectiveCall(FrameworkMethod.java:59)
	at org.junit.internal.runners.model.ReflectiveCallable.run(ReflectiveCallable.java:12)
	at org.junit.runners.model.FrameworkMethod.invokeExplosively(FrameworkMethod.java:56)
	at org.junit.internal.runners.statements.RunAfters.invokeMethod(RunAfters.java:46)
	at org.junit.internal.runners.statements.RunAfters.evaluate(RunAfters.java:33)
	at org.evosuite.runtime.vnet.NonFunctionalRequirementRule$1.evaluate(NonFunctionalRequirementRule.java:41)
	at org.junit.runners.ParentRunner$3.evaluate(ParentRunner.java:306)
	at org.junit.runners.BlockJUnit4ClassRunner$1.evaluate(BlockJUnit4ClassRunner.java:100)
	at org.junit.runners.ParentRunner.runLeaf(ParentRunner.java:366)
	at org.junit.runners.BlockJUnit4ClassRunner.runChild(BlockJUnit4ClassRunner.java:103)
	at org.junit.runners.BlockJUnit4ClassRunner.runChild(BlockJUnit4ClassRunner.java:63)
	at org.junit.runners.ParentRunner$4.run(ParentRunner.java:331)
	at org.junit.runners.ParentRunner$1.schedule(ParentRunner.java:79)
	at org.junit.runners.ParentRunner.runChildren(ParentRunner.java:329)
	at org.junit.runners.ParentRunner.access$100(ParentRunner.java:66)
	at org.junit.runners.ParentRunner$2.evaluate(ParentRunner.java:293)
	at org.junit.internal.runners.statements.RunBefores.evaluate(RunBefores.java:26)
	at org.junit.internal.runners.statements.RunAfters.evaluate(RunAfters.java:27)
	at org.junit.runners.ParentRunner$3.evaluate(ParentRunner.java:306)
	at org.junit.runners.ParentRunner.run(ParentRunner.java:413)
	at org.apache.maven.surefire.junit4.JUnit4Provider.execute(JUnit4Provider.java:316)
	at org.apache.maven.surefire.junit4.JUnit4Provider.executeWithRerun(JUnit4Provider.java:240)
	at org.apache.maven.surefire.junit4.JUnit4Provider.executeTestSet(JUnit4Provider.java:214)
	at org.apache.maven.surefire.junit4.JUnit4Provider.invoke(JUnit4Provider.java:155)
	at org.apache.maven.surefire.booter.ForkedBooter.runSuitesInProcess(ForkedBooter.java:385)
	at org.apache.maven.surefire.booter.ForkedBooter.execute(ForkedBooter.java:162)
	at org.apache.maven.surefire.booter.ForkedBooter.run(ForkedBooter.java:507)
	at org.apache.maven.surefire.booter.ForkedBooter.main(ForkedBooter.java:495)
13:35:13.120 [main] DEBUG io.netty.util.ResourceLeakDetector - -Dio.netty.leakDetection.level: simple
13:35:13.120 [main] DEBUG io.netty.util.ResourceLeakDetector - -Dio.netty.leakDetection.targetRecords: 4
13:35:13.121 [main] DEBUG io.netty.buffer.AbstractByteBuf - -Dio.netty.buffer.checkAccessible: true
13:35:13.121 [main] DEBUG io.netty.buffer.AbstractByteBuf - -Dio.netty.buffer.checkBounds: true
13:35:13.121 [main] DEBUG io.netty.util.ResourceLeakDetectorFactory - Loaded default ResourceLeakDetector: io.netty.util.ResourceLeakDetector@5
13:35:13.121 [main] DEBUG io.netty.util.internal.InternalThreadLocalMap - -Dio.netty.threadLocalMap.stringBuilder.initialSize: 1024
13:35:13.121 [main] DEBUG io.netty.util.internal.InternalThreadLocalMap - -Dio.netty.threadLocalMap.stringBuilder.maxSize: 4096
13:35:13.122 [main] DEBUG io.netty.buffer.PooledByteBufAllocator - -Dio.netty.allocator.numHeapArenas: 0
13:35:13.122 [main] DEBUG io.netty.buffer.PooledByteBufAllocator - -Dio.netty.allocator.numDirectArenas: 2
13:35:13.122 [main] DEBUG io.netty.buffer.PooledByteBufAllocator - -Dio.netty.allocator.pageSize: 8192
13:35:13.122 [main] DEBUG io.netty.buffer.PooledByteBufAllocator - -Dio.netty.allocator.maxOrder: 9
13:35:13.122 [main] DEBUG io.netty.buffer.PooledByteBufAllocator - -Dio.netty.allocator.chunkSize: 4194304
13:35:13.122 [main] DEBUG io.netty.buffer.PooledByteBufAllocator - -Dio.netty.allocator.smallCacheSize: 256
13:35:13.122 [main] DEBUG io.netty.buffer.PooledByteBufAllocator - -Dio.netty.allocator.normalCacheSize: 64
13:35:13.122 [main] DEBUG io.netty.buffer.PooledByteBufAllocator - -Dio.netty.allocator.maxCachedBufferCapacity: 32768
13:35:13.122 [main] DEBUG io.netty.buffer.PooledByteBufAllocator - -Dio.netty.allocator.cacheTrimInterval: 8192
13:35:13.122 [main] DEBUG io.netty.buffer.PooledByteBufAllocator - -Dio.netty.allocator.cacheTrimIntervalMillis: 0
13:35:13.122 [main] DEBUG io.netty.buffer.PooledByteBufAllocator - -Dio.netty.allocator.useCacheForAllThreads: false
13:35:13.122 [main] DEBUG io.netty.buffer.PooledByteBufAllocator - -Dio.netty.allocator.maxCachedByteBuffersPerChunk: 1023
13:35:13.122 [main] DEBUG io.netty.buffer.ByteBufUtil - -Dio.netty.allocator.type: pooled
13:35:13.123 [main] DEBUG io.netty.buffer.ByteBufUtil - -Dio.netty.threadLocalDirectBufferSize: 0
13:35:13.123 [main] DEBUG io.netty.buffer.ByteBufUtil - -Dio.netty.maxThreadLocalCharBufferSize: 16384
13:35:13.125 [main] DEBUG io.netty.util.Recycler - -Dio.netty.recycler.maxCapacityPerThread: 4096
13:35:13.125 [main] DEBUG io.netty.util.Recycler - -Dio.netty.recycler.ratio: 8
13:35:13.125 [main] DEBUG io.netty.util.Recycler - -Dio.netty.recycler.chunkSize: 32
13:35:13.125 [main] DEBUG io.netty.util.Recycler - -Dio.netty.recycler.blocking: false
13:35:13.125 [main] DEBUG io.netty.util.Recycler - -Dio.netty.recycler.batchFastThreadLocalOnly: true
13:35:13.125 [main] DEBUG io.netty.util.internal.PlatformDependent - org.jctools-core.MpscChunkedArrayQueue: available
]]></system-out>
  </testcase>
  <testcase name="test06" classname="io.netty.handler.codec.http.multipart.AbstractDiskHttpData_ESTest" time="0.028">
    <system-out><![CDATA[13:35:13.137 [main] DEBUG io.netty.util.internal.logging.InternalLoggerFactory - Using SLF4J as the default logging framework
13:35:13.137 [main] DEBUG io.netty.util.internal.PlatformDependent0 - -Dio.netty.noUnsafe: false
13:35:13.137 [main] DEBUG io.netty.util.internal.PlatformDependent0 - Java version: 8
13:35:13.137 [main] DEBUG io.netty.util.internal.PlatformDependent0 - sun.misc.Unsafe.theUnsafe: available
13:35:13.137 [main] DEBUG io.netty.util.internal.PlatformDependent0 - sun.misc.Unsafe.copyMemory: available
13:35:13.137 [main] DEBUG io.netty.util.internal.PlatformDependent0 - sun.misc.Unsafe.storeFence: available
13:35:13.137 [main] DEBUG io.netty.util.internal.PlatformDependent0 - java.nio.Buffer.address: available
13:35:13.137 [main] DEBUG io.netty.util.internal.PlatformDependent0 - direct buffer constructor: available
13:35:13.137 [main] DEBUG io.netty.util.internal.PlatformDependent0 - java.nio.Bits.unaligned: available, true
13:35:13.137 [main] DEBUG io.netty.util.internal.PlatformDependent0 - jdk.internal.misc.Unsafe.allocateUninitializedArray(int): unavailable prior to Java9
13:35:13.137 [main] DEBUG io.netty.util.internal.PlatformDependent0 - java.nio.DirectByteBuffer.<init>(long, {int,long}): available
13:35:13.137 [main] DEBUG io.netty.util.internal.CleanerJava6 - java.nio.ByteBuffer.cleaner(): available
13:35:13.138 [main] DEBUG io.netty.util.internal.PlatformDependent - sun.misc.Unsafe: available
13:35:13.138 [main] DEBUG io.netty.util.internal.PlatformDependent - -Dio.netty.tmpdir: /tmp (java.io.tmpdir)
13:35:13.138 [main] DEBUG io.netty.util.internal.PlatformDependent - -Dio.netty.bitMode: 64 (sun.arch.data.model)
13:35:13.138 [main] DEBUG io.netty.util.internal.PlatformDependent - -Dio.netty.maxDirectMemory: 11420041216 bytes
13:35:13.138 [main] DEBUG io.netty.util.internal.PlatformDependent - -Dio.netty.uninitializedArrayAllocationThreshold: -1
13:35:13.138 [main] DEBUG io.netty.util.internal.PlatformDependent - -Dio.netty.noPreferDirect: false
13:35:13.140 [main] DEBUG io.netty.util.internal.CleanerJava9 - java.nio.ByteBuffer.cleaner(): unavailable
java.lang.NoSuchMethodException: sun.misc.Unsafe.invokeCleaner(java.nio.ByteBuffer)
	at java.lang.Class.getDeclaredMethod(Class.java:2130)
	at io.netty.util.internal.CleanerJava9$1.run(CleanerJava9.java:45)
	at java.security.AccessController.doPrivileged(Native Method)
	at io.netty.util.internal.CleanerJava9.__STATIC_RESET(CleanerJava9.java:40)
	at sun.reflect.GeneratedMethodAccessor27.invoke(Unknown Source)
	at sun.reflect.DelegatingMethodAccessorImpl.invoke(DelegatingMethodAccessorImpl.java:43)
	at java.lang.reflect.Method.invoke(Method.java:498)
	at org.evosuite.runtime.classhandling.ClassResetter.reset(ClassResetter.java:159)
	at org.evosuite.runtime.classhandling.ClassStateSupport.resetClasses(ClassStateSupport.java:137)
	at io.netty.handler.codec.http.multipart.AbstractDiskHttpData_ESTest_scaffolding.resetClasses(AbstractDiskHttpData_ESTest_scaffolding.java:318)
	at io.netty.handler.codec.http.multipart.AbstractDiskHttpData_ESTest_scaffolding.doneWithTestCase(AbstractDiskHttpData_ESTest_scaffolding.java:74)
	at sun.reflect.GeneratedMethodAccessor6.invoke(Unknown Source)
	at sun.reflect.DelegatingMethodAccessorImpl.invoke(DelegatingMethodAccessorImpl.java:43)
	at java.lang.reflect.Method.invoke(Method.java:498)
	at org.junit.runners.model.FrameworkMethod$1.runReflectiveCall(FrameworkMethod.java:59)
	at org.junit.internal.runners.model.ReflectiveCallable.run(ReflectiveCallable.java:12)
	at org.junit.runners.model.FrameworkMethod.invokeExplosively(FrameworkMethod.java:56)
	at org.junit.internal.runners.statements.RunAfters.invokeMethod(RunAfters.java:46)
	at org.junit.internal.runners.statements.RunAfters.evaluate(RunAfters.java:33)
	at org.evosuite.runtime.vnet.NonFunctionalRequirementRule$1.evaluate(NonFunctionalRequirementRule.java:41)
	at org.junit.runners.ParentRunner$3.evaluate(ParentRunner.java:306)
	at org.junit.runners.BlockJUnit4ClassRunner$1.evaluate(BlockJUnit4ClassRunner.java:100)
	at org.junit.runners.ParentRunner.runLeaf(ParentRunner.java:366)
	at org.junit.runners.BlockJUnit4ClassRunner.runChild(BlockJUnit4ClassRunner.java:103)
	at org.junit.runners.BlockJUnit4ClassRunner.runChild(BlockJUnit4ClassRunner.java:63)
	at org.junit.runners.ParentRunner$4.run(ParentRunner.java:331)
	at org.junit.runners.ParentRunner$1.schedule(ParentRunner.java:79)
	at org.junit.runners.ParentRunner.runChildren(ParentRunner.java:329)
	at org.junit.runners.ParentRunner.access$100(ParentRunner.java:66)
	at org.junit.runners.ParentRunner$2.evaluate(ParentRunner.java:293)
	at org.junit.internal.runners.statements.RunBefores.evaluate(RunBefores.java:26)
	at org.junit.internal.runners.statements.RunAfters.evaluate(RunAfters.java:27)
	at org.junit.runners.ParentRunner$3.evaluate(ParentRunner.java:306)
	at org.junit.runners.ParentRunner.run(ParentRunner.java:413)
	at org.apache.maven.surefire.junit4.JUnit4Provider.execute(JUnit4Provider.java:316)
	at org.apache.maven.surefire.junit4.JUnit4Provider.executeWithRerun(JUnit4Provider.java:240)
	at org.apache.maven.surefire.junit4.JUnit4Provider.executeTestSet(JUnit4Provider.java:214)
	at org.apache.maven.surefire.junit4.JUnit4Provider.invoke(JUnit4Provider.java:155)
	at org.apache.maven.surefire.booter.ForkedBooter.runSuitesInProcess(ForkedBooter.java:385)
	at org.apache.maven.surefire.booter.ForkedBooter.execute(ForkedBooter.java:162)
	at org.apache.maven.surefire.booter.ForkedBooter.run(ForkedBooter.java:507)
	at org.apache.maven.surefire.booter.ForkedBooter.main(ForkedBooter.java:495)
13:35:13.141 [main] DEBUG io.netty.util.ResourceLeakDetector - -Dio.netty.leakDetection.level: simple
13:35:13.141 [main] DEBUG io.netty.util.ResourceLeakDetector - -Dio.netty.leakDetection.targetRecords: 4
13:35:13.142 [main] DEBUG io.netty.buffer.AbstractByteBuf - -Dio.netty.buffer.checkAccessible: true
13:35:13.142 [main] DEBUG io.netty.buffer.AbstractByteBuf - -Dio.netty.buffer.checkBounds: true
13:35:13.142 [main] DEBUG io.netty.util.ResourceLeakDetectorFactory - Loaded default ResourceLeakDetector: io.netty.util.ResourceLeakDetector@5
13:35:13.142 [main] DEBUG io.netty.util.internal.InternalThreadLocalMap - -Dio.netty.threadLocalMap.stringBuilder.initialSize: 1024
13:35:13.142 [main] DEBUG io.netty.util.internal.InternalThreadLocalMap - -Dio.netty.threadLocalMap.stringBuilder.maxSize: 4096
13:35:13.142 [main] DEBUG io.netty.buffer.PooledByteBufAllocator - -Dio.netty.allocator.numHeapArenas: 0
13:35:13.142 [main] DEBUG io.netty.buffer.PooledByteBufAllocator - -Dio.netty.allocator.numDirectArenas: 2
13:35:13.142 [main] DEBUG io.netty.buffer.PooledByteBufAllocator - -Dio.netty.allocator.pageSize: 8192
13:35:13.142 [main] DEBUG io.netty.buffer.PooledByteBufAllocator - -Dio.netty.allocator.maxOrder: 9
13:35:13.142 [main] DEBUG io.netty.buffer.PooledByteBufAllocator - -Dio.netty.allocator.chunkSize: 4194304
13:35:13.142 [main] DEBUG io.netty.buffer.PooledByteBufAllocator - -Dio.netty.allocator.smallCacheSize: 256
13:35:13.142 [main] DEBUG io.netty.buffer.PooledByteBufAllocator - -Dio.netty.allocator.normalCacheSize: 64
13:35:13.142 [main] DEBUG io.netty.buffer.PooledByteBufAllocator - -Dio.netty.allocator.maxCachedBufferCapacity: 32768
13:35:13.142 [main] DEBUG io.netty.buffer.PooledByteBufAllocator - -Dio.netty.allocator.cacheTrimInterval: 8192
13:35:13.142 [main] DEBUG io.netty.buffer.PooledByteBufAllocator - -Dio.netty.allocator.cacheTrimIntervalMillis: 0
13:35:13.142 [main] DEBUG io.netty.buffer.PooledByteBufAllocator - -Dio.netty.allocator.useCacheForAllThreads: false
13:35:13.142 [main] DEBUG io.netty.buffer.PooledByteBufAllocator - -Dio.netty.allocator.maxCachedByteBuffersPerChunk: 1023
13:35:13.144 [main] DEBUG io.netty.buffer.ByteBufUtil - -Dio.netty.allocator.type: pooled
13:35:13.144 [main] DEBUG io.netty.buffer.ByteBufUtil - -Dio.netty.threadLocalDirectBufferSize: 0
13:35:13.144 [main] DEBUG io.netty.buffer.ByteBufUtil - -Dio.netty.maxThreadLocalCharBufferSize: 16384
13:35:13.145 [main] DEBUG io.netty.util.Recycler - -Dio.netty.recycler.maxCapacityPerThread: 4096
13:35:13.145 [main] DEBUG io.netty.util.Recycler - -Dio.netty.recycler.ratio: 8
13:35:13.145 [main] DEBUG io.netty.util.Recycler - -Dio.netty.recycler.chunkSize: 32
13:35:13.145 [main] DEBUG io.netty.util.Recycler - -Dio.netty.recycler.blocking: false
13:35:13.145 [main] DEBUG io.netty.util.Recycler - -Dio.netty.recycler.batchFastThreadLocalOnly: true
13:35:13.145 [main] DEBUG io.netty.util.internal.PlatformDependent - org.jctools-core.MpscChunkedArrayQueue: available
]]></system-out>
  </testcase>
  <testcase name="test09" classname="io.netty.handler.codec.http.multipart.AbstractDiskHttpData_ESTest" time="0.055">
    <system-out><![CDATA[13:35:13.164 [Time-limited test] INFO org.evosuite.runtime.instrumentation.EvoClassLoader - Seeing class for first time: io.netty.handler.codec.http.multipart.AbstractDiskHttpData_ESTest$5
13:35:13.166 [Time-limited test] INFO org.evosuite.runtime.instrumentation.EvoClassLoader - Instrumenting class 'io.netty.handler.codec.http.multipart.AbstractDiskHttpData_ESTest$5'.
13:35:13.168 [Time-limited test] INFO org.evosuite.runtime.instrumentation.EvoClassLoader - Keeping class: io.netty.handler.codec.http.multipart.AbstractDiskHttpData_ESTest$5
13:35:13.199 [pool-2-thread-1] DEBUG org.evosuite.runtime.sandbox.MSecurityManager - Security manager blocks permission ("java.io.FilePermission" "/tmp/Attr_8874885468832405811_-1306833067" "write")
java.lang.Thread.getStackTrace(Thread.java:1564)
org.evosuite.runtime.sandbox.MSecurityManager.checkPermission(MSecurityManager.java:424)
java.lang.SecurityManager.checkWrite(SecurityManager.java:979)
sun.nio.fs.UnixChannelFactory.open(UnixChannelFactory.java:247)
sun.nio.fs.UnixChannelFactory.newFileChannel(UnixChannelFactory.java:136)
sun.nio.fs.UnixChannelFactory.newFileChannel(UnixChannelFactory.java:148)
sun.nio.fs.UnixFileSystemProvider.newByteChannel(UnixFileSystemProvider.java:212)
java.nio.file.Files.newByteChannel(Files.java:361)
java.nio.file.Files.createFile(Files.java:632)
java.nio.file.TempFileHelper.create(TempFileHelper.java:138)
java.nio.file.TempFileHelper.createTempFile(TempFileHelper.java:161)
java.nio.file.Files.createTempFile(Files.java:897)
io.netty.util.internal.PlatformDependent.createTempFile(PlatformDependent.java:1499)
io.netty.handler.codec.http.multipart.AbstractDiskHttpData.tempFile(AbstractDiskHttpData.java:92)
io.netty.handler.codec.http.multipart.AbstractDiskHttpData.setContent(AbstractDiskHttpData.java:114)
io.netty.handler.codec.http.multipart.DiskAttribute.replace(DiskAttribute.java:240)
io.netty.handler.codec.http.multipart.DiskAttribute.copy(DiskAttribute.java:205)
io.netty.handler.codec.http.multipart.AbstractDiskHttpData_ESTest$5.run(AbstractDiskHttpData_ESTest.java:255)
java.util.concurrent.Executors$RunnableAdapter.call(Executors.java:511)
java.util.concurrent.FutureTask.run(FutureTask.java:266)
java.util.concurrent.ThreadPoolExecutor.runWorker(ThreadPoolExecutor.java:1149)
java.util.concurrent.ThreadPoolExecutor$Worker.run(ThreadPoolExecutor.java:624)
java.lang.Thread.run(Thread.java:750)

13:35:13.201 [main] DEBUG io.netty.util.internal.logging.InternalLoggerFactory - Using SLF4J as the default logging framework
13:35:13.202 [main] DEBUG io.netty.util.internal.PlatformDependent0 - -Dio.netty.noUnsafe: false
13:35:13.202 [main] DEBUG io.netty.util.internal.PlatformDependent0 - Java version: 8
13:35:13.202 [main] DEBUG io.netty.util.internal.PlatformDependent0 - sun.misc.Unsafe.theUnsafe: available
13:35:13.202 [main] DEBUG io.netty.util.internal.PlatformDependent0 - sun.misc.Unsafe.copyMemory: available
13:35:13.202 [main] DEBUG io.netty.util.internal.PlatformDependent0 - sun.misc.Unsafe.storeFence: available
13:35:13.202 [main] DEBUG io.netty.util.internal.PlatformDependent0 - java.nio.Buffer.address: available
13:35:13.202 [main] DEBUG io.netty.util.internal.PlatformDependent0 - direct buffer constructor: available
13:35:13.202 [main] DEBUG io.netty.util.internal.PlatformDependent0 - java.nio.Bits.unaligned: available, true
13:35:13.202 [main] DEBUG io.netty.util.internal.PlatformDependent0 - jdk.internal.misc.Unsafe.allocateUninitializedArray(int): unavailable prior to Java9
13:35:13.202 [main] DEBUG io.netty.util.internal.PlatformDependent0 - java.nio.DirectByteBuffer.<init>(long, {int,long}): available
13:35:13.203 [main] DEBUG io.netty.util.internal.CleanerJava6 - java.nio.ByteBuffer.cleaner(): available
13:35:13.203 [main] DEBUG io.netty.util.internal.PlatformDependent - sun.misc.Unsafe: available
13:35:13.204 [main] DEBUG io.netty.util.internal.PlatformDependent - -Dio.netty.tmpdir: /tmp (java.io.tmpdir)
13:35:13.204 [main] DEBUG io.netty.util.internal.PlatformDependent - -Dio.netty.bitMode: 64 (sun.arch.data.model)
13:35:13.204 [main] DEBUG io.netty.util.internal.PlatformDependent - -Dio.netty.maxDirectMemory: 11420041216 bytes
13:35:13.204 [main] DEBUG io.netty.util.internal.PlatformDependent - -Dio.netty.uninitializedArrayAllocationThreshold: -1
13:35:13.204 [main] DEBUG io.netty.util.internal.PlatformDependent - -Dio.netty.noPreferDirect: false
13:35:13.205 [main] DEBUG io.netty.util.internal.CleanerJava9 - java.nio.ByteBuffer.cleaner(): unavailable
java.lang.NoSuchMethodException: sun.misc.Unsafe.invokeCleaner(java.nio.ByteBuffer)
	at java.lang.Class.getDeclaredMethod(Class.java:2130)
	at io.netty.util.internal.CleanerJava9$1.run(CleanerJava9.java:45)
	at java.security.AccessController.doPrivileged(Native Method)
	at io.netty.util.internal.CleanerJava9.__STATIC_RESET(CleanerJava9.java:40)
	at sun.reflect.GeneratedMethodAccessor27.invoke(Unknown Source)
	at sun.reflect.DelegatingMethodAccessorImpl.invoke(DelegatingMethodAccessorImpl.java:43)
	at java.lang.reflect.Method.invoke(Method.java:498)
	at org.evosuite.runtime.classhandling.ClassResetter.reset(ClassResetter.java:159)
	at org.evosuite.runtime.classhandling.ClassStateSupport.resetClasses(ClassStateSupport.java:137)
	at io.netty.handler.codec.http.multipart.AbstractDiskHttpData_ESTest_scaffolding.resetClasses(AbstractDiskHttpData_ESTest_scaffolding.java:318)
	at io.netty.handler.codec.http.multipart.AbstractDiskHttpData_ESTest_scaffolding.doneWithTestCase(AbstractDiskHttpData_ESTest_scaffolding.java:74)
	at sun.reflect.GeneratedMethodAccessor6.invoke(Unknown Source)
	at sun.reflect.DelegatingMethodAccessorImpl.invoke(DelegatingMethodAccessorImpl.java:43)
	at java.lang.reflect.Method.invoke(Method.java:498)
	at org.junit.runners.model.FrameworkMethod$1.runReflectiveCall(FrameworkMethod.java:59)
	at org.junit.internal.runners.model.ReflectiveCallable.run(ReflectiveCallable.java:12)
	at org.junit.runners.model.FrameworkMethod.invokeExplosively(FrameworkMethod.java:56)
	at org.junit.internal.runners.statements.RunAfters.invokeMethod(RunAfters.java:46)
	at org.junit.internal.runners.statements.RunAfters.evaluate(RunAfters.java:33)
	at org.evosuite.runtime.vnet.NonFunctionalRequirementRule$1.evaluate(NonFunctionalRequirementRule.java:41)
	at org.junit.runners.ParentRunner$3.evaluate(ParentRunner.java:306)
	at org.junit.runners.BlockJUnit4ClassRunner$1.evaluate(BlockJUnit4ClassRunner.java:100)
	at org.junit.runners.ParentRunner.runLeaf(ParentRunner.java:366)
	at org.junit.runners.BlockJUnit4ClassRunner.runChild(BlockJUnit4ClassRunner.java:103)
	at org.junit.runners.BlockJUnit4ClassRunner.runChild(BlockJUnit4ClassRunner.java:63)
	at org.junit.runners.ParentRunner$4.run(ParentRunner.java:331)
	at org.junit.runners.ParentRunner$1.schedule(ParentRunner.java:79)
	at org.junit.runners.ParentRunner.runChildren(ParentRunner.java:329)
	at org.junit.runners.ParentRunner.access$100(ParentRunner.java:66)
	at org.junit.runners.ParentRunner$2.evaluate(ParentRunner.java:293)
	at org.junit.internal.runners.statements.RunBefores.evaluate(RunBefores.java:26)
	at org.junit.internal.runners.statements.RunAfters.evaluate(RunAfters.java:27)
	at org.junit.runners.ParentRunner$3.evaluate(ParentRunner.java:306)
	at org.junit.runners.ParentRunner.run(ParentRunner.java:413)
	at org.apache.maven.surefire.junit4.JUnit4Provider.execute(JUnit4Provider.java:316)
	at org.apache.maven.surefire.junit4.JUnit4Provider.executeWithRerun(JUnit4Provider.java:240)
	at org.apache.maven.surefire.junit4.JUnit4Provider.executeTestSet(JUnit4Provider.java:214)
	at org.apache.maven.surefire.junit4.JUnit4Provider.invoke(JUnit4Provider.java:155)
	at org.apache.maven.surefire.booter.ForkedBooter.runSuitesInProcess(ForkedBooter.java:385)
	at org.apache.maven.surefire.booter.ForkedBooter.execute(ForkedBooter.java:162)
	at org.apache.maven.surefire.booter.ForkedBooter.run(ForkedBooter.java:507)
	at org.apache.maven.surefire.booter.ForkedBooter.main(ForkedBooter.java:495)
13:35:13.206 [main] DEBUG io.netty.util.ResourceLeakDetector - -Dio.netty.leakDetection.level: simple
13:35:13.206 [main] DEBUG io.netty.util.ResourceLeakDetector - -Dio.netty.leakDetection.targetRecords: 4
13:35:13.207 [main] DEBUG io.netty.buffer.AbstractByteBuf - -Dio.netty.buffer.checkAccessible: true
13:35:13.207 [main] DEBUG io.netty.buffer.AbstractByteBuf - -Dio.netty.buffer.checkBounds: true
13:35:13.207 [main] DEBUG io.netty.util.ResourceLeakDetectorFactory - Loaded default ResourceLeakDetector: io.netty.util.ResourceLeakDetector@5
13:35:13.208 [main] DEBUG io.netty.util.internal.InternalThreadLocalMap - -Dio.netty.threadLocalMap.stringBuilder.initialSize: 1024
13:35:13.208 [main] DEBUG io.netty.util.internal.InternalThreadLocalMap - -Dio.netty.threadLocalMap.stringBuilder.maxSize: 4096
13:35:13.208 [main] DEBUG io.netty.buffer.PooledByteBufAllocator - -Dio.netty.allocator.numHeapArenas: 0
13:35:13.208 [main] DEBUG io.netty.buffer.PooledByteBufAllocator - -Dio.netty.allocator.numDirectArenas: 2
13:35:13.208 [main] DEBUG io.netty.buffer.PooledByteBufAllocator - -Dio.netty.allocator.pageSize: 8192
13:35:13.208 [main] DEBUG io.netty.buffer.PooledByteBufAllocator - -Dio.netty.allocator.maxOrder: 9
13:35:13.208 [main] DEBUG io.netty.buffer.PooledByteBufAllocator - -Dio.netty.allocator.chunkSize: 4194304
13:35:13.208 [main] DEBUG io.netty.buffer.PooledByteBufAllocator - -Dio.netty.allocator.smallCacheSize: 256
13:35:13.208 [main] DEBUG io.netty.buffer.PooledByteBufAllocator - -Dio.netty.allocator.normalCacheSize: 64
13:35:13.208 [main] DEBUG io.netty.buffer.PooledByteBufAllocator - -Dio.netty.allocator.maxCachedBufferCapacity: 32768
13:35:13.208 [main] DEBUG io.netty.buffer.PooledByteBufAllocator - -Dio.netty.allocator.cacheTrimInterval: 8192
13:35:13.208 [main] DEBUG io.netty.buffer.PooledByteBufAllocator - -Dio.netty.allocator.cacheTrimIntervalMillis: 0
13:35:13.208 [main] DEBUG io.netty.buffer.PooledByteBufAllocator - -Dio.netty.allocator.useCacheForAllThreads: false
13:35:13.208 [main] DEBUG io.netty.buffer.PooledByteBufAllocator - -Dio.netty.allocator.maxCachedByteBuffersPerChunk: 1023
13:35:13.209 [main] DEBUG io.netty.buffer.ByteBufUtil - -Dio.netty.allocator.type: pooled
13:35:13.209 [main] DEBUG io.netty.buffer.ByteBufUtil - -Dio.netty.threadLocalDirectBufferSize: 0
13:35:13.209 [main] DEBUG io.netty.buffer.ByteBufUtil - -Dio.netty.maxThreadLocalCharBufferSize: 16384
13:35:13.210 [main] DEBUG io.netty.util.Recycler - -Dio.netty.recycler.maxCapacityPerThread: 4096
13:35:13.210 [main] DEBUG io.netty.util.Recycler - -Dio.netty.recycler.ratio: 8
13:35:13.210 [main] DEBUG io.netty.util.Recycler - -Dio.netty.recycler.chunkSize: 32
13:35:13.210 [main] DEBUG io.netty.util.Recycler - -Dio.netty.recycler.blocking: false
13:35:13.210 [main] DEBUG io.netty.util.Recycler - -Dio.netty.recycler.batchFastThreadLocalOnly: true
13:35:13.210 [main] DEBUG io.netty.util.internal.PlatformDependent - org.jctools-core.MpscChunkedArrayQueue: available
]]></system-out>
  </testcase>
  <testcase name="test08" classname="io.netty.handler.codec.http.multipart.AbstractDiskHttpData_ESTest" time="1.998">
    <system-out><![CDATA[13:35:15.214 [main] DEBUG io.netty.util.internal.logging.InternalLoggerFactory - Using SLF4J as the default logging framework
13:35:15.215 [main] DEBUG io.netty.util.internal.PlatformDependent0 - -Dio.netty.noUnsafe: false
13:35:15.215 [main] DEBUG io.netty.util.internal.PlatformDependent0 - Java version: 8
13:35:15.216 [main] DEBUG io.netty.util.internal.PlatformDependent0 - sun.misc.Unsafe.theUnsafe: available
13:35:15.216 [main] DEBUG io.netty.util.internal.PlatformDependent0 - sun.misc.Unsafe.copyMemory: available
13:35:15.216 [main] DEBUG io.netty.util.internal.PlatformDependent0 - sun.misc.Unsafe.storeFence: available
13:35:15.216 [main] DEBUG io.netty.util.internal.PlatformDependent0 - java.nio.Buffer.address: available
13:35:15.216 [main] DEBUG io.netty.util.internal.PlatformDependent0 - direct buffer constructor: available
13:35:15.216 [main] DEBUG io.netty.util.internal.PlatformDependent0 - java.nio.Bits.unaligned: available, true
13:35:15.216 [main] DEBUG io.netty.util.internal.PlatformDependent0 - jdk.internal.misc.Unsafe.allocateUninitializedArray(int): unavailable prior to Java9
13:35:15.216 [main] DEBUG io.netty.util.internal.PlatformDependent0 - java.nio.DirectByteBuffer.<init>(long, {int,long}): available
13:35:15.216 [main] DEBUG io.netty.util.internal.CleanerJava6 - java.nio.ByteBuffer.cleaner(): available
13:35:15.216 [main] DEBUG io.netty.util.internal.PlatformDependent - sun.misc.Unsafe: available
13:35:15.217 [main] DEBUG io.netty.util.internal.PlatformDependent - -Dio.netty.tmpdir: /tmp (java.io.tmpdir)
13:35:15.217 [main] DEBUG io.netty.util.internal.PlatformDependent - -Dio.netty.bitMode: 64 (sun.arch.data.model)
13:35:15.217 [main] DEBUG io.netty.util.internal.PlatformDependent - -Dio.netty.maxDirectMemory: 11420041216 bytes
13:35:15.217 [main] DEBUG io.netty.util.internal.PlatformDependent - -Dio.netty.uninitializedArrayAllocationThreshold: -1
13:35:15.217 [main] DEBUG io.netty.util.internal.PlatformDependent - -Dio.netty.noPreferDirect: false
13:35:15.217 [main] DEBUG io.netty.util.internal.CleanerJava9 - java.nio.ByteBuffer.cleaner(): unavailable
java.lang.NoSuchMethodException: sun.misc.Unsafe.invokeCleaner(java.nio.ByteBuffer)
	at java.lang.Class.getDeclaredMethod(Class.java:2130)
	at io.netty.util.internal.CleanerJava9$1.run(CleanerJava9.java:45)
	at java.security.AccessController.doPrivileged(Native Method)
	at io.netty.util.internal.CleanerJava9.__STATIC_RESET(CleanerJava9.java:40)
	at sun.reflect.GeneratedMethodAccessor27.invoke(Unknown Source)
	at sun.reflect.DelegatingMethodAccessorImpl.invoke(DelegatingMethodAccessorImpl.java:43)
	at java.lang.reflect.Method.invoke(Method.java:498)
	at org.evosuite.runtime.classhandling.ClassResetter.reset(ClassResetter.java:159)
	at org.evosuite.runtime.classhandling.ClassStateSupport.resetClasses(ClassStateSupport.java:137)
	at io.netty.handler.codec.http.multipart.AbstractDiskHttpData_ESTest_scaffolding.resetClasses(AbstractDiskHttpData_ESTest_scaffolding.java:318)
	at io.netty.handler.codec.http.multipart.AbstractDiskHttpData_ESTest_scaffolding.doneWithTestCase(AbstractDiskHttpData_ESTest_scaffolding.java:74)
	at sun.reflect.GeneratedMethodAccessor6.invoke(Unknown Source)
	at sun.reflect.DelegatingMethodAccessorImpl.invoke(DelegatingMethodAccessorImpl.java:43)
	at java.lang.reflect.Method.invoke(Method.java:498)
	at org.junit.runners.model.FrameworkMethod$1.runReflectiveCall(FrameworkMethod.java:59)
	at org.junit.internal.runners.model.ReflectiveCallable.run(ReflectiveCallable.java:12)
	at org.junit.runners.model.FrameworkMethod.invokeExplosively(FrameworkMethod.java:56)
	at org.junit.internal.runners.statements.RunAfters.invokeMethod(RunAfters.java:46)
	at org.junit.internal.runners.statements.RunAfters.evaluate(RunAfters.java:33)
	at org.evosuite.runtime.vnet.NonFunctionalRequirementRule$1.evaluate(NonFunctionalRequirementRule.java:41)
	at org.junit.runners.ParentRunner$3.evaluate(ParentRunner.java:306)
	at org.junit.runners.BlockJUnit4ClassRunner$1.evaluate(BlockJUnit4ClassRunner.java:100)
	at org.junit.runners.ParentRunner.runLeaf(ParentRunner.java:366)
	at org.junit.runners.BlockJUnit4ClassRunner.runChild(BlockJUnit4ClassRunner.java:103)
	at org.junit.runners.BlockJUnit4ClassRunner.runChild(BlockJUnit4ClassRunner.java:63)
	at org.junit.runners.ParentRunner$4.run(ParentRunner.java:331)
	at org.junit.runners.ParentRunner$1.schedule(ParentRunner.java:79)
	at org.junit.runners.ParentRunner.runChildren(ParentRunner.java:329)
	at org.junit.runners.ParentRunner.access$100(ParentRunner.java:66)
	at org.junit.runners.ParentRunner$2.evaluate(ParentRunner.java:293)
	at org.junit.internal.runners.statements.RunBefores.evaluate(RunBefores.java:26)
	at org.junit.internal.runners.statements.RunAfters.evaluate(RunAfters.java:27)
	at org.junit.runners.ParentRunner$3.evaluate(ParentRunner.java:306)
	at org.junit.runners.ParentRunner.run(ParentRunner.java:413)
	at org.apache.maven.surefire.junit4.JUnit4Provider.execute(JUnit4Provider.java:316)
	at org.apache.maven.surefire.junit4.JUnit4Provider.executeWithRerun(JUnit4Provider.java:240)
	at org.apache.maven.surefire.junit4.JUnit4Provider.executeTestSet(JUnit4Provider.java:214)
	at org.apache.maven.surefire.junit4.JUnit4Provider.invoke(JUnit4Provider.java:155)
	at org.apache.maven.surefire.booter.ForkedBooter.runSuitesInProcess(ForkedBooter.java:385)
	at org.apache.maven.surefire.booter.ForkedBooter.execute(ForkedBooter.java:162)
	at org.apache.maven.surefire.booter.ForkedBooter.run(ForkedBooter.java:507)
	at org.apache.maven.surefire.booter.ForkedBooter.main(ForkedBooter.java:495)
13:35:15.218 [main] DEBUG io.netty.util.ResourceLeakDetector - -Dio.netty.leakDetection.level: simple
13:35:15.218 [main] DEBUG io.netty.util.ResourceLeakDetector - -Dio.netty.leakDetection.targetRecords: 4
13:35:15.219 [main] DEBUG io.netty.buffer.AbstractByteBuf - -Dio.netty.buffer.checkAccessible: true
13:35:15.219 [main] DEBUG io.netty.buffer.AbstractByteBuf - -Dio.netty.buffer.checkBounds: true
13:35:15.219 [main] DEBUG io.netty.util.ResourceLeakDetectorFactory - Loaded default ResourceLeakDetector: io.netty.util.ResourceLeakDetector@5
13:35:15.219 [main] DEBUG io.netty.util.internal.InternalThreadLocalMap - -Dio.netty.threadLocalMap.stringBuilder.initialSize: 1024
13:35:15.219 [main] DEBUG io.netty.util.internal.InternalThreadLocalMap - -Dio.netty.threadLocalMap.stringBuilder.maxSize: 4096
13:35:15.220 [main] DEBUG io.netty.buffer.PooledByteBufAllocator - -Dio.netty.allocator.numHeapArenas: 0
13:35:15.220 [main] DEBUG io.netty.buffer.PooledByteBufAllocator - -Dio.netty.allocator.numDirectArenas: 2
13:35:15.220 [main] DEBUG io.netty.buffer.PooledByteBufAllocator - -Dio.netty.allocator.pageSize: 8192
13:35:15.220 [main] DEBUG io.netty.buffer.PooledByteBufAllocator - -Dio.netty.allocator.maxOrder: 9
13:35:15.220 [main] DEBUG io.netty.buffer.PooledByteBufAllocator - -Dio.netty.allocator.chunkSize: 4194304
13:35:15.220 [main] DEBUG io.netty.buffer.PooledByteBufAllocator - -Dio.netty.allocator.smallCacheSize: 256
13:35:15.220 [main] DEBUG io.netty.buffer.PooledByteBufAllocator - -Dio.netty.allocator.normalCacheSize: 64
13:35:15.220 [main] DEBUG io.netty.buffer.PooledByteBufAllocator - -Dio.netty.allocator.maxCachedBufferCapacity: 32768
13:35:15.220 [main] DEBUG io.netty.buffer.PooledByteBufAllocator - -Dio.netty.allocator.cacheTrimInterval: 8192
13:35:15.220 [main] DEBUG io.netty.buffer.PooledByteBufAllocator - -Dio.netty.allocator.cacheTrimIntervalMillis: 0
13:35:15.220 [main] DEBUG io.netty.buffer.PooledByteBufAllocator - -Dio.netty.allocator.useCacheForAllThreads: false
13:35:15.220 [main] DEBUG io.netty.buffer.PooledByteBufAllocator - -Dio.netty.allocator.maxCachedByteBuffersPerChunk: 1023
13:35:15.221 [main] DEBUG io.netty.buffer.ByteBufUtil - -Dio.netty.allocator.type: pooled
13:35:15.221 [main] DEBUG io.netty.buffer.ByteBufUtil - -Dio.netty.threadLocalDirectBufferSize: 0
13:35:15.221 [main] DEBUG io.netty.buffer.ByteBufUtil - -Dio.netty.maxThreadLocalCharBufferSize: 16384
13:35:15.222 [main] DEBUG io.netty.util.Recycler - -Dio.netty.recycler.maxCapacityPerThread: 4096
13:35:15.222 [main] DEBUG io.netty.util.Recycler - -Dio.netty.recycler.ratio: 8
13:35:15.222 [main] DEBUG io.netty.util.Recycler - -Dio.netty.recycler.chunkSize: 32
13:35:15.222 [main] DEBUG io.netty.util.Recycler - -Dio.netty.recycler.blocking: false
13:35:15.222 [main] DEBUG io.netty.util.Recycler - -Dio.netty.recycler.batchFastThreadLocalOnly: true
13:35:15.222 [main] DEBUG io.netty.util.internal.PlatformDependent - org.jctools-core.MpscChunkedArrayQueue: available
]]></system-out>
  </testcase>
  <testcase name="test50" classname="io.netty.handler.codec.http.multipart.AbstractDiskHttpData_ESTest" time="0.014">
    <system-out><![CDATA[13:35:15.237 [main] DEBUG io.netty.util.internal.logging.InternalLoggerFactory - Using SLF4J as the default logging framework
13:35:15.238 [main] DEBUG io.netty.util.internal.PlatformDependent0 - -Dio.netty.noUnsafe: false
13:35:15.238 [main] DEBUG io.netty.util.internal.PlatformDependent0 - Java version: 8
13:35:15.239 [main] DEBUG io.netty.util.internal.PlatformDependent0 - sun.misc.Unsafe.theUnsafe: available
13:35:15.239 [main] DEBUG io.netty.util.internal.PlatformDependent0 - sun.misc.Unsafe.copyMemory: available
13:35:15.239 [main] DEBUG io.netty.util.internal.PlatformDependent0 - sun.misc.Unsafe.storeFence: available
13:35:15.239 [main] DEBUG io.netty.util.internal.PlatformDependent0 - java.nio.Buffer.address: available
13:35:15.239 [main] DEBUG io.netty.util.internal.PlatformDependent0 - direct buffer constructor: available
13:35:15.239 [main] DEBUG io.netty.util.internal.PlatformDependent0 - java.nio.Bits.unaligned: available, true
13:35:15.239 [main] DEBUG io.netty.util.internal.PlatformDependent0 - jdk.internal.misc.Unsafe.allocateUninitializedArray(int): unavailable prior to Java9
13:35:15.240 [main] DEBUG io.netty.util.internal.PlatformDependent0 - java.nio.DirectByteBuffer.<init>(long, {int,long}): available
13:35:15.240 [main] DEBUG io.netty.util.internal.CleanerJava6 - java.nio.ByteBuffer.cleaner(): available
13:35:15.240 [main] DEBUG io.netty.util.internal.PlatformDependent - sun.misc.Unsafe: available
13:35:15.240 [main] DEBUG io.netty.util.internal.PlatformDependent - -Dio.netty.tmpdir: /tmp (java.io.tmpdir)
13:35:15.240 [main] DEBUG io.netty.util.internal.PlatformDependent - -Dio.netty.bitMode: 64 (sun.arch.data.model)
13:35:15.242 [main] DEBUG io.netty.util.internal.PlatformDependent - -Dio.netty.maxDirectMemory: 11420041216 bytes
13:35:15.242 [main] DEBUG io.netty.util.internal.PlatformDependent - -Dio.netty.uninitializedArrayAllocationThreshold: -1
13:35:15.242 [main] DEBUG io.netty.util.internal.PlatformDependent - -Dio.netty.noPreferDirect: false
13:35:15.243 [main] DEBUG io.netty.util.internal.CleanerJava9 - java.nio.ByteBuffer.cleaner(): unavailable
java.lang.NoSuchMethodException: sun.misc.Unsafe.invokeCleaner(java.nio.ByteBuffer)
	at java.lang.Class.getDeclaredMethod(Class.java:2130)
	at io.netty.util.internal.CleanerJava9$1.run(CleanerJava9.java:45)
	at java.security.AccessController.doPrivileged(Native Method)
	at io.netty.util.internal.CleanerJava9.__STATIC_RESET(CleanerJava9.java:40)
	at sun.reflect.GeneratedMethodAccessor27.invoke(Unknown Source)
	at sun.reflect.DelegatingMethodAccessorImpl.invoke(DelegatingMethodAccessorImpl.java:43)
	at java.lang.reflect.Method.invoke(Method.java:498)
	at org.evosuite.runtime.classhandling.ClassResetter.reset(ClassResetter.java:159)
	at org.evosuite.runtime.classhandling.ClassStateSupport.resetClasses(ClassStateSupport.java:137)
	at io.netty.handler.codec.http.multipart.AbstractDiskHttpData_ESTest_scaffolding.resetClasses(AbstractDiskHttpData_ESTest_scaffolding.java:318)
	at io.netty.handler.codec.http.multipart.AbstractDiskHttpData_ESTest_scaffolding.doneWithTestCase(AbstractDiskHttpData_ESTest_scaffolding.java:74)
	at sun.reflect.GeneratedMethodAccessor6.invoke(Unknown Source)
	at sun.reflect.DelegatingMethodAccessorImpl.invoke(DelegatingMethodAccessorImpl.java:43)
	at java.lang.reflect.Method.invoke(Method.java:498)
	at org.junit.runners.model.FrameworkMethod$1.runReflectiveCall(FrameworkMethod.java:59)
	at org.junit.internal.runners.model.ReflectiveCallable.run(ReflectiveCallable.java:12)
	at org.junit.runners.model.FrameworkMethod.invokeExplosively(FrameworkMethod.java:56)
	at org.junit.internal.runners.statements.RunAfters.invokeMethod(RunAfters.java:46)
	at org.junit.internal.runners.statements.RunAfters.evaluate(RunAfters.java:33)
	at org.evosuite.runtime.vnet.NonFunctionalRequirementRule$1.evaluate(NonFunctionalRequirementRule.java:41)
	at org.junit.runners.ParentRunner$3.evaluate(ParentRunner.java:306)
	at org.junit.runners.BlockJUnit4ClassRunner$1.evaluate(BlockJUnit4ClassRunner.java:100)
	at org.junit.runners.ParentRunner.runLeaf(ParentRunner.java:366)
	at org.junit.runners.BlockJUnit4ClassRunner.runChild(BlockJUnit4ClassRunner.java:103)
	at org.junit.runners.BlockJUnit4ClassRunner.runChild(BlockJUnit4ClassRunner.java:63)
	at org.junit.runners.ParentRunner$4.run(ParentRunner.java:331)
	at org.junit.runners.ParentRunner$1.schedule(ParentRunner.java:79)
	at org.junit.runners.ParentRunner.runChildren(ParentRunner.java:329)
	at org.junit.runners.ParentRunner.access$100(ParentRunner.java:66)
	at org.junit.runners.ParentRunner$2.evaluate(ParentRunner.java:293)
	at org.junit.internal.runners.statements.RunBefores.evaluate(RunBefores.java:26)
	at org.junit.internal.runners.statements.RunAfters.evaluate(RunAfters.java:27)
	at org.junit.runners.ParentRunner$3.evaluate(ParentRunner.java:306)
	at org.junit.runners.ParentRunner.run(ParentRunner.java:413)
	at org.apache.maven.surefire.junit4.JUnit4Provider.execute(JUnit4Provider.java:316)
	at org.apache.maven.surefire.junit4.JUnit4Provider.executeWithRerun(JUnit4Provider.java:240)
	at org.apache.maven.surefire.junit4.JUnit4Provider.executeTestSet(JUnit4Provider.java:214)
	at org.apache.maven.surefire.junit4.JUnit4Provider.invoke(JUnit4Provider.java:155)
	at org.apache.maven.surefire.booter.ForkedBooter.runSuitesInProcess(ForkedBooter.java:385)
	at org.apache.maven.surefire.booter.ForkedBooter.execute(ForkedBooter.java:162)
	at org.apache.maven.surefire.booter.ForkedBooter.run(ForkedBooter.java:507)
	at org.apache.maven.surefire.booter.ForkedBooter.main(ForkedBooter.java:495)
13:35:15.243 [main] DEBUG io.netty.util.ResourceLeakDetector - -Dio.netty.leakDetection.level: simple
13:35:15.243 [main] DEBUG io.netty.util.ResourceLeakDetector - -Dio.netty.leakDetection.targetRecords: 4
13:35:15.244 [main] DEBUG io.netty.buffer.AbstractByteBuf - -Dio.netty.buffer.checkAccessible: true
13:35:15.244 [main] DEBUG io.netty.buffer.AbstractByteBuf - -Dio.netty.buffer.checkBounds: true
13:35:15.244 [main] DEBUG io.netty.util.ResourceLeakDetectorFactory - Loaded default ResourceLeakDetector: io.netty.util.ResourceLeakDetector@5
13:35:15.245 [main] DEBUG io.netty.util.internal.InternalThreadLocalMap - -Dio.netty.threadLocalMap.stringBuilder.initialSize: 1024
13:35:15.245 [main] DEBUG io.netty.util.internal.InternalThreadLocalMap - -Dio.netty.threadLocalMap.stringBuilder.maxSize: 4096
13:35:15.245 [main] DEBUG io.netty.buffer.PooledByteBufAllocator - -Dio.netty.allocator.numHeapArenas: 0
13:35:15.245 [main] DEBUG io.netty.buffer.PooledByteBufAllocator - -Dio.netty.allocator.numDirectArenas: 2
13:35:15.245 [main] DEBUG io.netty.buffer.PooledByteBufAllocator - -Dio.netty.allocator.pageSize: 8192
13:35:15.245 [main] DEBUG io.netty.buffer.PooledByteBufAllocator - -Dio.netty.allocator.maxOrder: 9
13:35:15.245 [main] DEBUG io.netty.buffer.PooledByteBufAllocator - -Dio.netty.allocator.chunkSize: 4194304
13:35:15.245 [main] DEBUG io.netty.buffer.PooledByteBufAllocator - -Dio.netty.allocator.smallCacheSize: 256
13:35:15.245 [main] DEBUG io.netty.buffer.PooledByteBufAllocator - -Dio.netty.allocator.normalCacheSize: 64
13:35:15.245 [main] DEBUG io.netty.buffer.PooledByteBufAllocator - -Dio.netty.allocator.maxCachedBufferCapacity: 32768
13:35:15.245 [main] DEBUG io.netty.buffer.PooledByteBufAllocator - -Dio.netty.allocator.cacheTrimInterval: 8192
13:35:15.245 [main] DEBUG io.netty.buffer.PooledByteBufAllocator - -Dio.netty.allocator.cacheTrimIntervalMillis: 0
13:35:15.245 [main] DEBUG io.netty.buffer.PooledByteBufAllocator - -Dio.netty.allocator.useCacheForAllThreads: false
13:35:15.245 [main] DEBUG io.netty.buffer.PooledByteBufAllocator - -Dio.netty.allocator.maxCachedByteBuffersPerChunk: 1023
13:35:15.246 [main] DEBUG io.netty.buffer.ByteBufUtil - -Dio.netty.allocator.type: pooled
13:35:15.246 [main] DEBUG io.netty.buffer.ByteBufUtil - -Dio.netty.threadLocalDirectBufferSize: 0
13:35:15.246 [main] DEBUG io.netty.buffer.ByteBufUtil - -Dio.netty.maxThreadLocalCharBufferSize: 16384
13:35:15.247 [main] DEBUG io.netty.util.Recycler - -Dio.netty.recycler.maxCapacityPerThread: 4096
13:35:15.247 [main] DEBUG io.netty.util.Recycler - -Dio.netty.recycler.ratio: 8
13:35:15.247 [main] DEBUG io.netty.util.Recycler - -Dio.netty.recycler.chunkSize: 32
13:35:15.247 [main] DEBUG io.netty.util.Recycler - -Dio.netty.recycler.blocking: false
13:35:15.247 [main] DEBUG io.netty.util.Recycler - -Dio.netty.recycler.batchFastThreadLocalOnly: true
13:35:15.248 [main] DEBUG io.netty.util.internal.PlatformDependent - org.jctools-core.MpscChunkedArrayQueue: available
]]></system-out>
  </testcase>
  <testcase name="test52" classname="io.netty.handler.codec.http.multipart.AbstractDiskHttpData_ESTest" time="0.034">
    <system-out><![CDATA[13:35:15.262 [main] DEBUG io.netty.util.internal.logging.InternalLoggerFactory - Using SLF4J as the default logging framework
13:35:15.264 [main] DEBUG io.netty.util.internal.PlatformDependent0 - -Dio.netty.noUnsafe: false
13:35:15.264 [main] DEBUG io.netty.util.internal.PlatformDependent0 - Java version: 8
13:35:15.264 [main] DEBUG io.netty.util.internal.PlatformDependent0 - sun.misc.Unsafe.theUnsafe: available
13:35:15.264 [main] DEBUG io.netty.util.internal.PlatformDependent0 - sun.misc.Unsafe.copyMemory: available
13:35:15.264 [main] DEBUG io.netty.util.internal.PlatformDependent0 - sun.misc.Unsafe.storeFence: available
13:35:15.264 [main] DEBUG io.netty.util.internal.PlatformDependent0 - java.nio.Buffer.address: available
13:35:15.265 [main] DEBUG io.netty.util.internal.PlatformDependent0 - direct buffer constructor: available
13:35:15.268 [main] DEBUG io.netty.util.internal.PlatformDependent0 - java.nio.Bits.unaligned: available, true
13:35:15.268 [main] DEBUG io.netty.util.internal.PlatformDependent0 - jdk.internal.misc.Unsafe.allocateUninitializedArray(int): unavailable prior to Java9
13:35:15.268 [main] DEBUG io.netty.util.internal.PlatformDependent0 - java.nio.DirectByteBuffer.<init>(long, {int,long}): available
13:35:15.268 [main] DEBUG io.netty.util.internal.CleanerJava6 - java.nio.ByteBuffer.cleaner(): available
13:35:15.268 [main] DEBUG io.netty.util.internal.PlatformDependent - sun.misc.Unsafe: available
13:35:15.268 [main] DEBUG io.netty.util.internal.PlatformDependent - -Dio.netty.tmpdir: /tmp (java.io.tmpdir)
13:35:15.268 [main] DEBUG io.netty.util.internal.PlatformDependent - -Dio.netty.bitMode: 64 (sun.arch.data.model)
13:35:15.268 [main] DEBUG io.netty.util.internal.PlatformDependent - -Dio.netty.maxDirectMemory: 11420041216 bytes
13:35:15.268 [main] DEBUG io.netty.util.internal.PlatformDependent - -Dio.netty.uninitializedArrayAllocationThreshold: -1
13:35:15.268 [main] DEBUG io.netty.util.internal.PlatformDependent - -Dio.netty.noPreferDirect: false
13:35:15.269 [main] DEBUG io.netty.util.internal.CleanerJava9 - java.nio.ByteBuffer.cleaner(): unavailable
java.lang.NoSuchMethodException: sun.misc.Unsafe.invokeCleaner(java.nio.ByteBuffer)
	at java.lang.Class.getDeclaredMethod(Class.java:2130)
	at io.netty.util.internal.CleanerJava9$1.run(CleanerJava9.java:45)
	at java.security.AccessController.doPrivileged(Native Method)
	at io.netty.util.internal.CleanerJava9.__STATIC_RESET(CleanerJava9.java:40)
	at sun.reflect.GeneratedMethodAccessor27.invoke(Unknown Source)
	at sun.reflect.DelegatingMethodAccessorImpl.invoke(DelegatingMethodAccessorImpl.java:43)
	at java.lang.reflect.Method.invoke(Method.java:498)
	at org.evosuite.runtime.classhandling.ClassResetter.reset(ClassResetter.java:159)
	at org.evosuite.runtime.classhandling.ClassStateSupport.resetClasses(ClassStateSupport.java:137)
	at io.netty.handler.codec.http.multipart.AbstractDiskHttpData_ESTest_scaffolding.resetClasses(AbstractDiskHttpData_ESTest_scaffolding.java:318)
	at io.netty.handler.codec.http.multipart.AbstractDiskHttpData_ESTest_scaffolding.doneWithTestCase(AbstractDiskHttpData_ESTest_scaffolding.java:74)
	at sun.reflect.GeneratedMethodAccessor6.invoke(Unknown Source)
	at sun.reflect.DelegatingMethodAccessorImpl.invoke(DelegatingMethodAccessorImpl.java:43)
	at java.lang.reflect.Method.invoke(Method.java:498)
	at org.junit.runners.model.FrameworkMethod$1.runReflectiveCall(FrameworkMethod.java:59)
	at org.junit.internal.runners.model.ReflectiveCallable.run(ReflectiveCallable.java:12)
	at org.junit.runners.model.FrameworkMethod.invokeExplosively(FrameworkMethod.java:56)
	at org.junit.internal.runners.statements.RunAfters.invokeMethod(RunAfters.java:46)
	at org.junit.internal.runners.statements.RunAfters.evaluate(RunAfters.java:33)
	at org.evosuite.runtime.vnet.NonFunctionalRequirementRule$1.evaluate(NonFunctionalRequirementRule.java:41)
	at org.junit.runners.ParentRunner$3.evaluate(ParentRunner.java:306)
	at org.junit.runners.BlockJUnit4ClassRunner$1.evaluate(BlockJUnit4ClassRunner.java:100)
	at org.junit.runners.ParentRunner.runLeaf(ParentRunner.java:366)
	at org.junit.runners.BlockJUnit4ClassRunner.runChild(BlockJUnit4ClassRunner.java:103)
	at org.junit.runners.BlockJUnit4ClassRunner.runChild(BlockJUnit4ClassRunner.java:63)
	at org.junit.runners.ParentRunner$4.run(ParentRunner.java:331)
	at org.junit.runners.ParentRunner$1.schedule(ParentRunner.java:79)
	at org.junit.runners.ParentRunner.runChildren(ParentRunner.java:329)
	at org.junit.runners.ParentRunner.access$100(ParentRunner.java:66)
	at org.junit.runners.ParentRunner$2.evaluate(ParentRunner.java:293)
	at org.junit.internal.runners.statements.RunBefores.evaluate(RunBefores.java:26)
	at org.junit.internal.runners.statements.RunAfters.evaluate(RunAfters.java:27)
	at org.junit.runners.ParentRunner$3.evaluate(ParentRunner.java:306)
	at org.junit.runners.ParentRunner.run(ParentRunner.java:413)
	at org.apache.maven.surefire.junit4.JUnit4Provider.execute(JUnit4Provider.java:316)
	at org.apache.maven.surefire.junit4.JUnit4Provider.executeWithRerun(JUnit4Provider.java:240)
	at org.apache.maven.surefire.junit4.JUnit4Provider.executeTestSet(JUnit4Provider.java:214)
	at org.apache.maven.surefire.junit4.JUnit4Provider.invoke(JUnit4Provider.java:155)
	at org.apache.maven.surefire.booter.ForkedBooter.runSuitesInProcess(ForkedBooter.java:385)
	at org.apache.maven.surefire.booter.ForkedBooter.execute(ForkedBooter.java:162)
	at org.apache.maven.surefire.booter.ForkedBooter.run(ForkedBooter.java:507)
	at org.apache.maven.surefire.booter.ForkedBooter.main(ForkedBooter.java:495)
13:35:15.270 [main] DEBUG io.netty.util.ResourceLeakDetector - -Dio.netty.leakDetection.level: simple
13:35:15.270 [main] DEBUG io.netty.util.ResourceLeakDetector - -Dio.netty.leakDetection.targetRecords: 4
13:35:15.270 [main] DEBUG io.netty.buffer.AbstractByteBuf - -Dio.netty.buffer.checkAccessible: true
13:35:15.270 [main] DEBUG io.netty.buffer.AbstractByteBuf - -Dio.netty.buffer.checkBounds: true
13:35:15.270 [main] DEBUG io.netty.util.ResourceLeakDetectorFactory - Loaded default ResourceLeakDetector: io.netty.util.ResourceLeakDetector@5
13:35:15.271 [main] DEBUG io.netty.util.internal.InternalThreadLocalMap - -Dio.netty.threadLocalMap.stringBuilder.initialSize: 1024
13:35:15.271 [main] DEBUG io.netty.util.internal.InternalThreadLocalMap - -Dio.netty.threadLocalMap.stringBuilder.maxSize: 4096
13:35:15.271 [main] DEBUG io.netty.buffer.PooledByteBufAllocator - -Dio.netty.allocator.numHeapArenas: 0
13:35:15.271 [main] DEBUG io.netty.buffer.PooledByteBufAllocator - -Dio.netty.allocator.numDirectArenas: 2
13:35:15.271 [main] DEBUG io.netty.buffer.PooledByteBufAllocator - -Dio.netty.allocator.pageSize: 8192
13:35:15.271 [main] DEBUG io.netty.buffer.PooledByteBufAllocator - -Dio.netty.allocator.maxOrder: 9
13:35:15.271 [main] DEBUG io.netty.buffer.PooledByteBufAllocator - -Dio.netty.allocator.chunkSize: 4194304
13:35:15.271 [main] DEBUG io.netty.buffer.PooledByteBufAllocator - -Dio.netty.allocator.smallCacheSize: 256
13:35:15.271 [main] DEBUG io.netty.buffer.PooledByteBufAllocator - -Dio.netty.allocator.normalCacheSize: 64
13:35:15.271 [main] DEBUG io.netty.buffer.PooledByteBufAllocator - -Dio.netty.allocator.maxCachedBufferCapacity: 32768
13:35:15.271 [main] DEBUG io.netty.buffer.PooledByteBufAllocator - -Dio.netty.allocator.cacheTrimInterval: 8192
13:35:15.271 [main] DEBUG io.netty.buffer.PooledByteBufAllocator - -Dio.netty.allocator.cacheTrimIntervalMillis: 0
13:35:15.271 [main] DEBUG io.netty.buffer.PooledByteBufAllocator - -Dio.netty.allocator.useCacheForAllThreads: false
13:35:15.271 [main] DEBUG io.netty.buffer.PooledByteBufAllocator - -Dio.netty.allocator.maxCachedByteBuffersPerChunk: 1023
13:35:15.272 [main] DEBUG io.netty.buffer.ByteBufUtil - -Dio.netty.allocator.type: pooled
13:35:15.272 [main] DEBUG io.netty.buffer.ByteBufUtil - -Dio.netty.threadLocalDirectBufferSize: 0
13:35:15.272 [main] DEBUG io.netty.buffer.ByteBufUtil - -Dio.netty.maxThreadLocalCharBufferSize: 16384
13:35:15.273 [main] DEBUG io.netty.util.Recycler - -Dio.netty.recycler.maxCapacityPerThread: 4096
13:35:15.273 [main] DEBUG io.netty.util.Recycler - -Dio.netty.recycler.ratio: 8
13:35:15.273 [main] DEBUG io.netty.util.Recycler - -Dio.netty.recycler.chunkSize: 32
13:35:15.273 [main] DEBUG io.netty.util.Recycler - -Dio.netty.recycler.blocking: false
13:35:15.273 [main] DEBUG io.netty.util.Recycler - -Dio.netty.recycler.batchFastThreadLocalOnly: true
13:35:15.274 [main] DEBUG io.netty.util.internal.PlatformDependent - org.jctools-core.MpscChunkedArrayQueue: available
]]></system-out>
  </testcase>
  <testcase name="test51" classname="io.netty.handler.codec.http.multipart.AbstractDiskHttpData_ESTest" time="0.029">
    <system-out><![CDATA[13:35:15.304 [main] DEBUG io.netty.util.internal.logging.InternalLoggerFactory - Using SLF4J as the default logging framework
13:35:15.304 [main] DEBUG io.netty.util.internal.PlatformDependent0 - -Dio.netty.noUnsafe: false
13:35:15.304 [main] DEBUG io.netty.util.internal.PlatformDependent0 - Java version: 8
13:35:15.304 [main] DEBUG io.netty.util.internal.PlatformDependent0 - sun.misc.Unsafe.theUnsafe: available
13:35:15.304 [main] DEBUG io.netty.util.internal.PlatformDependent0 - sun.misc.Unsafe.copyMemory: available
13:35:15.304 [main] DEBUG io.netty.util.internal.PlatformDependent0 - sun.misc.Unsafe.storeFence: available
13:35:15.304 [main] DEBUG io.netty.util.internal.PlatformDependent0 - java.nio.Buffer.address: available
13:35:15.304 [main] DEBUG io.netty.util.internal.PlatformDependent0 - direct buffer constructor: available
13:35:15.304 [main] DEBUG io.netty.util.internal.PlatformDependent0 - java.nio.Bits.unaligned: available, true
13:35:15.304 [main] DEBUG io.netty.util.internal.PlatformDependent0 - jdk.internal.misc.Unsafe.allocateUninitializedArray(int): unavailable prior to Java9
13:35:15.304 [main] DEBUG io.netty.util.internal.PlatformDependent0 - java.nio.DirectByteBuffer.<init>(long, {int,long}): available
13:35:15.304 [main] DEBUG io.netty.util.internal.CleanerJava6 - java.nio.ByteBuffer.cleaner(): available
13:35:15.304 [main] DEBUG io.netty.util.internal.PlatformDependent - sun.misc.Unsafe: available
13:35:15.304 [main] DEBUG io.netty.util.internal.PlatformDependent - -Dio.netty.tmpdir: /tmp (java.io.tmpdir)
13:35:15.304 [main] DEBUG io.netty.util.internal.PlatformDependent - -Dio.netty.bitMode: 64 (sun.arch.data.model)
13:35:15.304 [main] DEBUG io.netty.util.internal.PlatformDependent - -Dio.netty.maxDirectMemory: 11420041216 bytes
13:35:15.304 [main] DEBUG io.netty.util.internal.PlatformDependent - -Dio.netty.uninitializedArrayAllocationThreshold: -1
13:35:15.304 [main] DEBUG io.netty.util.internal.PlatformDependent - -Dio.netty.noPreferDirect: false
13:35:15.304 [main] DEBUG io.netty.util.internal.CleanerJava9 - java.nio.ByteBuffer.cleaner(): unavailable
java.lang.NoSuchMethodException: sun.misc.Unsafe.invokeCleaner(java.nio.ByteBuffer)
	at java.lang.Class.getDeclaredMethod(Class.java:2130)
	at io.netty.util.internal.CleanerJava9$1.run(CleanerJava9.java:45)
	at java.security.AccessController.doPrivileged(Native Method)
	at io.netty.util.internal.CleanerJava9.__STATIC_RESET(CleanerJava9.java:40)
	at sun.reflect.GeneratedMethodAccessor27.invoke(Unknown Source)
	at sun.reflect.DelegatingMethodAccessorImpl.invoke(DelegatingMethodAccessorImpl.java:43)
	at java.lang.reflect.Method.invoke(Method.java:498)
	at org.evosuite.runtime.classhandling.ClassResetter.reset(ClassResetter.java:159)
	at org.evosuite.runtime.classhandling.ClassStateSupport.resetClasses(ClassStateSupport.java:137)
	at io.netty.handler.codec.http.multipart.AbstractDiskHttpData_ESTest_scaffolding.resetClasses(AbstractDiskHttpData_ESTest_scaffolding.java:318)
	at io.netty.handler.codec.http.multipart.AbstractDiskHttpData_ESTest_scaffolding.doneWithTestCase(AbstractDiskHttpData_ESTest_scaffolding.java:74)
	at sun.reflect.GeneratedMethodAccessor6.invoke(Unknown Source)
	at sun.reflect.DelegatingMethodAccessorImpl.invoke(DelegatingMethodAccessorImpl.java:43)
	at java.lang.reflect.Method.invoke(Method.java:498)
	at org.junit.runners.model.FrameworkMethod$1.runReflectiveCall(FrameworkMethod.java:59)
	at org.junit.internal.runners.model.ReflectiveCallable.run(ReflectiveCallable.java:12)
	at org.junit.runners.model.FrameworkMethod.invokeExplosively(FrameworkMethod.java:56)
	at org.junit.internal.runners.statements.RunAfters.invokeMethod(RunAfters.java:46)
	at org.junit.internal.runners.statements.RunAfters.evaluate(RunAfters.java:33)
	at org.evosuite.runtime.vnet.NonFunctionalRequirementRule$1.evaluate(NonFunctionalRequirementRule.java:41)
	at org.junit.runners.ParentRunner$3.evaluate(ParentRunner.java:306)
	at org.junit.runners.BlockJUnit4ClassRunner$1.evaluate(BlockJUnit4ClassRunner.java:100)
	at org.junit.runners.ParentRunner.runLeaf(ParentRunner.java:366)
	at org.junit.runners.BlockJUnit4ClassRunner.runChild(BlockJUnit4ClassRunner.java:103)
	at org.junit.runners.BlockJUnit4ClassRunner.runChild(BlockJUnit4ClassRunner.java:63)
	at org.junit.runners.ParentRunner$4.run(ParentRunner.java:331)
	at org.junit.runners.ParentRunner$1.schedule(ParentRunner.java:79)
	at org.junit.runners.ParentRunner.runChildren(ParentRunner.java:329)
	at org.junit.runners.ParentRunner.access$100(ParentRunner.java:66)
	at org.junit.runners.ParentRunner$2.evaluate(ParentRunner.java:293)
	at org.junit.internal.runners.statements.RunBefores.evaluate(RunBefores.java:26)
	at org.junit.internal.runners.statements.RunAfters.evaluate(RunAfters.java:27)
	at org.junit.runners.ParentRunner$3.evaluate(ParentRunner.java:306)
	at org.junit.runners.ParentRunner.run(ParentRunner.java:413)
	at org.apache.maven.surefire.junit4.JUnit4Provider.execute(JUnit4Provider.java:316)
	at org.apache.maven.surefire.junit4.JUnit4Provider.executeWithRerun(JUnit4Provider.java:240)
	at org.apache.maven.surefire.junit4.JUnit4Provider.executeTestSet(JUnit4Provider.java:214)
	at org.apache.maven.surefire.junit4.JUnit4Provider.invoke(JUnit4Provider.java:155)
	at org.apache.maven.surefire.booter.ForkedBooter.runSuitesInProcess(ForkedBooter.java:385)
	at org.apache.maven.surefire.booter.ForkedBooter.execute(ForkedBooter.java:162)
	at org.apache.maven.surefire.booter.ForkedBooter.run(ForkedBooter.java:507)
	at org.apache.maven.surefire.booter.ForkedBooter.main(ForkedBooter.java:495)
13:35:15.305 [main] DEBUG io.netty.util.ResourceLeakDetector - -Dio.netty.leakDetection.level: simple
13:35:15.305 [main] DEBUG io.netty.util.ResourceLeakDetector - -Dio.netty.leakDetection.targetRecords: 4
13:35:15.305 [main] DEBUG io.netty.buffer.AbstractByteBuf - -Dio.netty.buffer.checkAccessible: true
13:35:15.305 [main] DEBUG io.netty.buffer.AbstractByteBuf - -Dio.netty.buffer.checkBounds: true
13:35:15.305 [main] DEBUG io.netty.util.ResourceLeakDetectorFactory - Loaded default ResourceLeakDetector: io.netty.util.ResourceLeakDetector@5
13:35:15.305 [main] DEBUG io.netty.util.internal.InternalThreadLocalMap - -Dio.netty.threadLocalMap.stringBuilder.initialSize: 1024
13:35:15.305 [main] DEBUG io.netty.util.internal.InternalThreadLocalMap - -Dio.netty.threadLocalMap.stringBuilder.maxSize: 4096
13:35:15.305 [main] DEBUG io.netty.buffer.PooledByteBufAllocator - -Dio.netty.allocator.numHeapArenas: 0
13:35:15.305 [main] DEBUG io.netty.buffer.PooledByteBufAllocator - -Dio.netty.allocator.numDirectArenas: 2
13:35:15.305 [main] DEBUG io.netty.buffer.PooledByteBufAllocator - -Dio.netty.allocator.pageSize: 8192
13:35:15.305 [main] DEBUG io.netty.buffer.PooledByteBufAllocator - -Dio.netty.allocator.maxOrder: 9
13:35:15.305 [main] DEBUG io.netty.buffer.PooledByteBufAllocator - -Dio.netty.allocator.chunkSize: 4194304
13:35:15.305 [main] DEBUG io.netty.buffer.PooledByteBufAllocator - -Dio.netty.allocator.smallCacheSize: 256
13:35:15.305 [main] DEBUG io.netty.buffer.PooledByteBufAllocator - -Dio.netty.allocator.normalCacheSize: 64
13:35:15.305 [main] DEBUG io.netty.buffer.PooledByteBufAllocator - -Dio.netty.allocator.maxCachedBufferCapacity: 32768
13:35:15.306 [main] DEBUG io.netty.buffer.PooledByteBufAllocator - -Dio.netty.allocator.cacheTrimInterval: 8192
13:35:15.306 [main] DEBUG io.netty.buffer.PooledByteBufAllocator - -Dio.netty.allocator.cacheTrimIntervalMillis: 0
13:35:15.306 [main] DEBUG io.netty.buffer.PooledByteBufAllocator - -Dio.netty.allocator.useCacheForAllThreads: false
13:35:15.306 [main] DEBUG io.netty.buffer.PooledByteBufAllocator - -Dio.netty.allocator.maxCachedByteBuffersPerChunk: 1023
13:35:15.306 [main] DEBUG io.netty.buffer.ByteBufUtil - -Dio.netty.allocator.type: pooled
13:35:15.306 [main] DEBUG io.netty.buffer.ByteBufUtil - -Dio.netty.threadLocalDirectBufferSize: 0
13:35:15.306 [main] DEBUG io.netty.buffer.ByteBufUtil - -Dio.netty.maxThreadLocalCharBufferSize: 16384
13:35:15.306 [main] DEBUG io.netty.util.Recycler - -Dio.netty.recycler.maxCapacityPerThread: 4096
13:35:15.306 [main] DEBUG io.netty.util.Recycler - -Dio.netty.recycler.ratio: 8
13:35:15.306 [main] DEBUG io.netty.util.Recycler - -Dio.netty.recycler.chunkSize: 32
13:35:15.306 [main] DEBUG io.netty.util.Recycler - -Dio.netty.recycler.blocking: false
13:35:15.306 [main] DEBUG io.netty.util.Recycler - -Dio.netty.recycler.batchFastThreadLocalOnly: true
13:35:15.306 [main] DEBUG io.netty.util.internal.PlatformDependent - org.jctools-core.MpscChunkedArrayQueue: available
]]></system-out>
  </testcase>
  <testcase name="test10" classname="io.netty.handler.codec.http.multipart.AbstractDiskHttpData_ESTest" time="0.061">
    <system-out><![CDATA[13:35:15.322 [main] DEBUG io.netty.util.internal.logging.InternalLoggerFactory - Using SLF4J as the default logging framework
13:35:15.323 [main] DEBUG io.netty.util.internal.PlatformDependent0 - -Dio.netty.noUnsafe: false
13:35:15.323 [main] DEBUG io.netty.util.internal.PlatformDependent0 - Java version: 8
13:35:15.323 [main] DEBUG io.netty.util.internal.PlatformDependent0 - sun.misc.Unsafe.theUnsafe: available
13:35:15.323 [main] DEBUG io.netty.util.internal.PlatformDependent0 - sun.misc.Unsafe.copyMemory: available
13:35:15.323 [main] DEBUG io.netty.util.internal.PlatformDependent0 - sun.misc.Unsafe.storeFence: available
13:35:15.323 [main] DEBUG io.netty.util.internal.PlatformDependent0 - java.nio.Buffer.address: available
13:35:15.323 [main] DEBUG io.netty.util.internal.PlatformDependent0 - direct buffer constructor: available
13:35:15.323 [main] DEBUG io.netty.util.internal.PlatformDependent0 - java.nio.Bits.unaligned: available, true
13:35:15.323 [main] DEBUG io.netty.util.internal.PlatformDependent0 - jdk.internal.misc.Unsafe.allocateUninitializedArray(int): unavailable prior to Java9
13:35:15.323 [main] DEBUG io.netty.util.internal.PlatformDependent0 - java.nio.DirectByteBuffer.<init>(long, {int,long}): available
13:35:15.323 [main] DEBUG io.netty.util.internal.CleanerJava6 - java.nio.ByteBuffer.cleaner(): available
13:35:15.323 [main] DEBUG io.netty.util.internal.PlatformDependent - sun.misc.Unsafe: available
13:35:15.323 [main] DEBUG io.netty.util.internal.PlatformDependent - -Dio.netty.tmpdir: /tmp (java.io.tmpdir)
13:35:15.323 [main] DEBUG io.netty.util.internal.PlatformDependent - -Dio.netty.bitMode: 64 (sun.arch.data.model)
13:35:15.324 [main] DEBUG io.netty.util.internal.PlatformDependent - -Dio.netty.maxDirectMemory: 11420041216 bytes
13:35:15.324 [main] DEBUG io.netty.util.internal.PlatformDependent - -Dio.netty.uninitializedArrayAllocationThreshold: -1
13:35:15.324 [main] DEBUG io.netty.util.internal.PlatformDependent - -Dio.netty.noPreferDirect: false
13:35:15.325 [main] DEBUG io.netty.util.internal.CleanerJava9 - java.nio.ByteBuffer.cleaner(): unavailable
java.lang.NoSuchMethodException: sun.misc.Unsafe.invokeCleaner(java.nio.ByteBuffer)
	at java.lang.Class.getDeclaredMethod(Class.java:2130)
	at io.netty.util.internal.CleanerJava9$1.run(CleanerJava9.java:45)
	at java.security.AccessController.doPrivileged(Native Method)
	at io.netty.util.internal.CleanerJava9.__STATIC_RESET(CleanerJava9.java:40)
	at sun.reflect.GeneratedMethodAccessor27.invoke(Unknown Source)
	at sun.reflect.DelegatingMethodAccessorImpl.invoke(DelegatingMethodAccessorImpl.java:43)
	at java.lang.reflect.Method.invoke(Method.java:498)
	at org.evosuite.runtime.classhandling.ClassResetter.reset(ClassResetter.java:159)
	at org.evosuite.runtime.classhandling.ClassStateSupport.resetClasses(ClassStateSupport.java:137)
	at io.netty.handler.codec.http.multipart.AbstractDiskHttpData_ESTest_scaffolding.resetClasses(AbstractDiskHttpData_ESTest_scaffolding.java:318)
	at io.netty.handler.codec.http.multipart.AbstractDiskHttpData_ESTest_scaffolding.doneWithTestCase(AbstractDiskHttpData_ESTest_scaffolding.java:74)
	at sun.reflect.GeneratedMethodAccessor6.invoke(Unknown Source)
	at sun.reflect.DelegatingMethodAccessorImpl.invoke(DelegatingMethodAccessorImpl.java:43)
	at java.lang.reflect.Method.invoke(Method.java:498)
	at org.junit.runners.model.FrameworkMethod$1.runReflectiveCall(FrameworkMethod.java:59)
	at org.junit.internal.runners.model.ReflectiveCallable.run(ReflectiveCallable.java:12)
	at org.junit.runners.model.FrameworkMethod.invokeExplosively(FrameworkMethod.java:56)
	at org.junit.internal.runners.statements.RunAfters.invokeMethod(RunAfters.java:46)
	at org.junit.internal.runners.statements.RunAfters.evaluate(RunAfters.java:33)
	at org.evosuite.runtime.vnet.NonFunctionalRequirementRule$1.evaluate(NonFunctionalRequirementRule.java:41)
	at org.junit.runners.ParentRunner$3.evaluate(ParentRunner.java:306)
	at org.junit.runners.BlockJUnit4ClassRunner$1.evaluate(BlockJUnit4ClassRunner.java:100)
	at org.junit.runners.ParentRunner.runLeaf(ParentRunner.java:366)
	at org.junit.runners.BlockJUnit4ClassRunner.runChild(BlockJUnit4ClassRunner.java:103)
	at org.junit.runners.BlockJUnit4ClassRunner.runChild(BlockJUnit4ClassRunner.java:63)
	at org.junit.runners.ParentRunner$4.run(ParentRunner.java:331)
	at org.junit.runners.ParentRunner$1.schedule(ParentRunner.java:79)
	at org.junit.runners.ParentRunner.runChildren(ParentRunner.java:329)
	at org.junit.runners.ParentRunner.access$100(ParentRunner.java:66)
	at org.junit.runners.ParentRunner$2.evaluate(ParentRunner.java:293)
	at org.junit.internal.runners.statements.RunBefores.evaluate(RunBefores.java:26)
	at org.junit.internal.runners.statements.RunAfters.evaluate(RunAfters.java:27)
	at org.junit.runners.ParentRunner$3.evaluate(ParentRunner.java:306)
	at org.junit.runners.ParentRunner.run(ParentRunner.java:413)
	at org.apache.maven.surefire.junit4.JUnit4Provider.execute(JUnit4Provider.java:316)
	at org.apache.maven.surefire.junit4.JUnit4Provider.executeWithRerun(JUnit4Provider.java:240)
	at org.apache.maven.surefire.junit4.JUnit4Provider.executeTestSet(JUnit4Provider.java:214)
	at org.apache.maven.surefire.junit4.JUnit4Provider.invoke(JUnit4Provider.java:155)
	at org.apache.maven.surefire.booter.ForkedBooter.runSuitesInProcess(ForkedBooter.java:385)
	at org.apache.maven.surefire.booter.ForkedBooter.execute(ForkedBooter.java:162)
	at org.apache.maven.surefire.booter.ForkedBooter.run(ForkedBooter.java:507)
	at org.apache.maven.surefire.booter.ForkedBooter.main(ForkedBooter.java:495)
13:35:15.325 [main] DEBUG io.netty.util.ResourceLeakDetector - -Dio.netty.leakDetection.level: simple
13:35:15.325 [main] DEBUG io.netty.util.ResourceLeakDetector - -Dio.netty.leakDetection.targetRecords: 4
13:35:15.326 [main] DEBUG io.netty.buffer.AbstractByteBuf - -Dio.netty.buffer.checkAccessible: true
13:35:15.326 [main] DEBUG io.netty.buffer.AbstractByteBuf - -Dio.netty.buffer.checkBounds: true
13:35:15.326 [main] DEBUG io.netty.util.ResourceLeakDetectorFactory - Loaded default ResourceLeakDetector: io.netty.util.ResourceLeakDetector@5
13:35:15.326 [main] DEBUG io.netty.util.internal.InternalThreadLocalMap - -Dio.netty.threadLocalMap.stringBuilder.initialSize: 1024
13:35:15.326 [main] DEBUG io.netty.util.internal.InternalThreadLocalMap - -Dio.netty.threadLocalMap.stringBuilder.maxSize: 4096
13:35:15.327 [main] DEBUG io.netty.buffer.PooledByteBufAllocator - -Dio.netty.allocator.numHeapArenas: 0
13:35:15.327 [main] DEBUG io.netty.buffer.PooledByteBufAllocator - -Dio.netty.allocator.numDirectArenas: 2
13:35:15.327 [main] DEBUG io.netty.buffer.PooledByteBufAllocator - -Dio.netty.allocator.pageSize: 8192
13:35:15.327 [main] DEBUG io.netty.buffer.PooledByteBufAllocator - -Dio.netty.allocator.maxOrder: 9
13:35:15.327 [main] DEBUG io.netty.buffer.PooledByteBufAllocator - -Dio.netty.allocator.chunkSize: 4194304
13:35:15.327 [main] DEBUG io.netty.buffer.PooledByteBufAllocator - -Dio.netty.allocator.smallCacheSize: 256
13:35:15.327 [main] DEBUG io.netty.buffer.PooledByteBufAllocator - -Dio.netty.allocator.normalCacheSize: 64
13:35:15.327 [main] DEBUG io.netty.buffer.PooledByteBufAllocator - -Dio.netty.allocator.maxCachedBufferCapacity: 32768
13:35:15.327 [main] DEBUG io.netty.buffer.PooledByteBufAllocator - -Dio.netty.allocator.cacheTrimInterval: 8192
13:35:15.327 [main] DEBUG io.netty.buffer.PooledByteBufAllocator - -Dio.netty.allocator.cacheTrimIntervalMillis: 0
13:35:15.327 [main] DEBUG io.netty.buffer.PooledByteBufAllocator - -Dio.netty.allocator.useCacheForAllThreads: false
13:35:15.327 [main] DEBUG io.netty.buffer.PooledByteBufAllocator - -Dio.netty.allocator.maxCachedByteBuffersPerChunk: 1023
13:35:15.328 [main] DEBUG io.netty.buffer.ByteBufUtil - -Dio.netty.allocator.type: pooled
13:35:15.328 [main] DEBUG io.netty.buffer.ByteBufUtil - -Dio.netty.threadLocalDirectBufferSize: 0
13:35:15.328 [main] DEBUG io.netty.buffer.ByteBufUtil - -Dio.netty.maxThreadLocalCharBufferSize: 16384
13:35:15.329 [main] DEBUG io.netty.util.Recycler - -Dio.netty.recycler.maxCapacityPerThread: 4096
13:35:15.329 [main] DEBUG io.netty.util.Recycler - -Dio.netty.recycler.ratio: 8
13:35:15.329 [main] DEBUG io.netty.util.Recycler - -Dio.netty.recycler.chunkSize: 32
13:35:15.329 [main] DEBUG io.netty.util.Recycler - -Dio.netty.recycler.blocking: false
13:35:15.329 [main] DEBUG io.netty.util.Recycler - -Dio.netty.recycler.batchFastThreadLocalOnly: true
13:35:15.329 [main] DEBUG io.netty.util.internal.PlatformDependent - org.jctools-core.MpscChunkedArrayQueue: available
]]></system-out>
  </testcase>
  <testcase name="test54" classname="io.netty.handler.codec.http.multipart.AbstractDiskHttpData_ESTest" time="0.036">
    <system-out><![CDATA[13:35:15.340 [main] DEBUG io.netty.util.internal.logging.InternalLoggerFactory - Using SLF4J as the default logging framework
13:35:15.340 [main] DEBUG io.netty.util.internal.PlatformDependent0 - -Dio.netty.noUnsafe: false
13:35:15.340 [main] DEBUG io.netty.util.internal.PlatformDependent0 - Java version: 8
13:35:15.340 [main] DEBUG io.netty.util.internal.PlatformDependent0 - sun.misc.Unsafe.theUnsafe: available
13:35:15.340 [main] DEBUG io.netty.util.internal.PlatformDependent0 - sun.misc.Unsafe.copyMemory: available
13:35:15.340 [main] DEBUG io.netty.util.internal.PlatformDependent0 - sun.misc.Unsafe.storeFence: available
13:35:15.340 [main] DEBUG io.netty.util.internal.PlatformDependent0 - java.nio.Buffer.address: available
13:35:15.340 [main] DEBUG io.netty.util.internal.PlatformDependent0 - direct buffer constructor: available
13:35:15.340 [main] DEBUG io.netty.util.internal.PlatformDependent0 - java.nio.Bits.unaligned: available, true
13:35:15.340 [main] DEBUG io.netty.util.internal.PlatformDependent0 - jdk.internal.misc.Unsafe.allocateUninitializedArray(int): unavailable prior to Java9
13:35:15.340 [main] DEBUG io.netty.util.internal.PlatformDependent0 - java.nio.DirectByteBuffer.<init>(long, {int,long}): available
13:35:15.340 [main] DEBUG io.netty.util.internal.CleanerJava6 - java.nio.ByteBuffer.cleaner(): available
13:35:15.340 [main] DEBUG io.netty.util.internal.PlatformDependent - sun.misc.Unsafe: available
13:35:15.340 [main] DEBUG io.netty.util.internal.PlatformDependent - -Dio.netty.tmpdir: /tmp (java.io.tmpdir)
13:35:15.340 [main] DEBUG io.netty.util.internal.PlatformDependent - -Dio.netty.bitMode: 64 (sun.arch.data.model)
13:35:15.340 [main] DEBUG io.netty.util.internal.PlatformDependent - -Dio.netty.maxDirectMemory: 11420041216 bytes
13:35:15.340 [main] DEBUG io.netty.util.internal.PlatformDependent - -Dio.netty.uninitializedArrayAllocationThreshold: -1
13:35:15.340 [main] DEBUG io.netty.util.internal.PlatformDependent - -Dio.netty.noPreferDirect: false
13:35:15.341 [main] DEBUG io.netty.util.internal.CleanerJava9 - java.nio.ByteBuffer.cleaner(): unavailable
java.lang.NoSuchMethodException: sun.misc.Unsafe.invokeCleaner(java.nio.ByteBuffer)
	at java.lang.Class.getDeclaredMethod(Class.java:2130)
	at io.netty.util.internal.CleanerJava9$1.run(CleanerJava9.java:45)
	at java.security.AccessController.doPrivileged(Native Method)
	at io.netty.util.internal.CleanerJava9.__STATIC_RESET(CleanerJava9.java:40)
	at sun.reflect.GeneratedMethodAccessor27.invoke(Unknown Source)
	at sun.reflect.DelegatingMethodAccessorImpl.invoke(DelegatingMethodAccessorImpl.java:43)
	at java.lang.reflect.Method.invoke(Method.java:498)
	at org.evosuite.runtime.classhandling.ClassResetter.reset(ClassResetter.java:159)
	at org.evosuite.runtime.classhandling.ClassStateSupport.resetClasses(ClassStateSupport.java:137)
	at io.netty.handler.codec.http.multipart.AbstractDiskHttpData_ESTest_scaffolding.resetClasses(AbstractDiskHttpData_ESTest_scaffolding.java:318)
	at io.netty.handler.codec.http.multipart.AbstractDiskHttpData_ESTest_scaffolding.doneWithTestCase(AbstractDiskHttpData_ESTest_scaffolding.java:74)
	at sun.reflect.GeneratedMethodAccessor6.invoke(Unknown Source)
	at sun.reflect.DelegatingMethodAccessorImpl.invoke(DelegatingMethodAccessorImpl.java:43)
	at java.lang.reflect.Method.invoke(Method.java:498)
	at org.junit.runners.model.FrameworkMethod$1.runReflectiveCall(FrameworkMethod.java:59)
	at org.junit.internal.runners.model.ReflectiveCallable.run(ReflectiveCallable.java:12)
	at org.junit.runners.model.FrameworkMethod.invokeExplosively(FrameworkMethod.java:56)
	at org.junit.internal.runners.statements.RunAfters.invokeMethod(RunAfters.java:46)
	at org.junit.internal.runners.statements.RunAfters.evaluate(RunAfters.java:33)
	at org.evosuite.runtime.vnet.NonFunctionalRequirementRule$1.evaluate(NonFunctionalRequirementRule.java:41)
	at org.junit.runners.ParentRunner$3.evaluate(ParentRunner.java:306)
	at org.junit.runners.BlockJUnit4ClassRunner$1.evaluate(BlockJUnit4ClassRunner.java:100)
	at org.junit.runners.ParentRunner.runLeaf(ParentRunner.java:366)
	at org.junit.runners.BlockJUnit4ClassRunner.runChild(BlockJUnit4ClassRunner.java:103)
	at org.junit.runners.BlockJUnit4ClassRunner.runChild(BlockJUnit4ClassRunner.java:63)
	at org.junit.runners.ParentRunner$4.run(ParentRunner.java:331)
	at org.junit.runners.ParentRunner$1.schedule(ParentRunner.java:79)
	at org.junit.runners.ParentRunner.runChildren(ParentRunner.java:329)
	at org.junit.runners.ParentRunner.access$100(ParentRunner.java:66)
	at org.junit.runners.ParentRunner$2.evaluate(ParentRunner.java:293)
	at org.junit.internal.runners.statements.RunBefores.evaluate(RunBefores.java:26)
	at org.junit.internal.runners.statements.RunAfters.evaluate(RunAfters.java:27)
	at org.junit.runners.ParentRunner$3.evaluate(ParentRunner.java:306)
	at org.junit.runners.ParentRunner.run(ParentRunner.java:413)
	at org.apache.maven.surefire.junit4.JUnit4Provider.execute(JUnit4Provider.java:316)
	at org.apache.maven.surefire.junit4.JUnit4Provider.executeWithRerun(JUnit4Provider.java:240)
	at org.apache.maven.surefire.junit4.JUnit4Provider.executeTestSet(JUnit4Provider.java:214)
	at org.apache.maven.surefire.junit4.JUnit4Provider.invoke(JUnit4Provider.java:155)
	at org.apache.maven.surefire.booter.ForkedBooter.runSuitesInProcess(ForkedBooter.java:385)
	at org.apache.maven.surefire.booter.ForkedBooter.execute(ForkedBooter.java:162)
	at org.apache.maven.surefire.booter.ForkedBooter.run(ForkedBooter.java:507)
	at org.apache.maven.surefire.booter.ForkedBooter.main(ForkedBooter.java:495)
13:35:15.341 [main] DEBUG io.netty.util.ResourceLeakDetector - -Dio.netty.leakDetection.level: simple
13:35:15.341 [main] DEBUG io.netty.util.ResourceLeakDetector - -Dio.netty.leakDetection.targetRecords: 4
13:35:15.341 [main] DEBUG io.netty.buffer.AbstractByteBuf - -Dio.netty.buffer.checkAccessible: true
13:35:15.341 [main] DEBUG io.netty.buffer.AbstractByteBuf - -Dio.netty.buffer.checkBounds: true
13:35:15.341 [main] DEBUG io.netty.util.ResourceLeakDetectorFactory - Loaded default ResourceLeakDetector: io.netty.util.ResourceLeakDetector@5
13:35:15.342 [main] DEBUG io.netty.util.internal.InternalThreadLocalMap - -Dio.netty.threadLocalMap.stringBuilder.initialSize: 1024
13:35:15.342 [main] DEBUG io.netty.util.internal.InternalThreadLocalMap - -Dio.netty.threadLocalMap.stringBuilder.maxSize: 4096
13:35:15.342 [main] DEBUG io.netty.buffer.PooledByteBufAllocator - -Dio.netty.allocator.numHeapArenas: 0
13:35:15.342 [main] DEBUG io.netty.buffer.PooledByteBufAllocator - -Dio.netty.allocator.numDirectArenas: 2
13:35:15.342 [main] DEBUG io.netty.buffer.PooledByteBufAllocator - -Dio.netty.allocator.pageSize: 8192
13:35:15.342 [main] DEBUG io.netty.buffer.PooledByteBufAllocator - -Dio.netty.allocator.maxOrder: 9
13:35:15.342 [main] DEBUG io.netty.buffer.PooledByteBufAllocator - -Dio.netty.allocator.chunkSize: 4194304
13:35:15.342 [main] DEBUG io.netty.buffer.PooledByteBufAllocator - -Dio.netty.allocator.smallCacheSize: 256
13:35:15.342 [main] DEBUG io.netty.buffer.PooledByteBufAllocator - -Dio.netty.allocator.normalCacheSize: 64
13:35:15.342 [main] DEBUG io.netty.buffer.PooledByteBufAllocator - -Dio.netty.allocator.maxCachedBufferCapacity: 32768
13:35:15.342 [main] DEBUG io.netty.buffer.PooledByteBufAllocator - -Dio.netty.allocator.cacheTrimInterval: 8192
13:35:15.342 [main] DEBUG io.netty.buffer.PooledByteBufAllocator - -Dio.netty.allocator.cacheTrimIntervalMillis: 0
13:35:15.342 [main] DEBUG io.netty.buffer.PooledByteBufAllocator - -Dio.netty.allocator.useCacheForAllThreads: false
13:35:15.342 [main] DEBUG io.netty.buffer.PooledByteBufAllocator - -Dio.netty.allocator.maxCachedByteBuffersPerChunk: 1023
13:35:15.342 [main] DEBUG io.netty.buffer.ByteBufUtil - -Dio.netty.allocator.type: pooled
13:35:15.342 [main] DEBUG io.netty.buffer.ByteBufUtil - -Dio.netty.threadLocalDirectBufferSize: 0
13:35:15.342 [main] DEBUG io.netty.buffer.ByteBufUtil - -Dio.netty.maxThreadLocalCharBufferSize: 16384
13:35:15.343 [main] DEBUG io.netty.util.Recycler - -Dio.netty.recycler.maxCapacityPerThread: 4096
13:35:15.343 [main] DEBUG io.netty.util.Recycler - -Dio.netty.recycler.ratio: 8
13:35:15.343 [main] DEBUG io.netty.util.Recycler - -Dio.netty.recycler.chunkSize: 32
13:35:15.343 [main] DEBUG io.netty.util.Recycler - -Dio.netty.recycler.blocking: false
13:35:15.343 [main] DEBUG io.netty.util.Recycler - -Dio.netty.recycler.batchFastThreadLocalOnly: true
13:35:15.343 [main] DEBUG io.netty.util.internal.PlatformDependent - org.jctools-core.MpscChunkedArrayQueue: available
]]></system-out>
  </testcase>
  <testcase name="test53" classname="io.netty.handler.codec.http.multipart.AbstractDiskHttpData_ESTest" time="0.018">
    <system-out><![CDATA[13:35:15.348 [main] DEBUG io.netty.util.internal.logging.InternalLoggerFactory - Using SLF4J as the default logging framework
13:35:15.348 [main] DEBUG io.netty.util.internal.PlatformDependent0 - -Dio.netty.noUnsafe: false
13:35:15.349 [main] DEBUG io.netty.util.internal.PlatformDependent0 - Java version: 8
13:35:15.349 [main] DEBUG io.netty.util.internal.PlatformDependent0 - sun.misc.Unsafe.theUnsafe: available
13:35:15.349 [main] DEBUG io.netty.util.internal.PlatformDependent0 - sun.misc.Unsafe.copyMemory: available
13:35:15.349 [main] DEBUG io.netty.util.internal.PlatformDependent0 - sun.misc.Unsafe.storeFence: available
13:35:15.349 [main] DEBUG io.netty.util.internal.PlatformDependent0 - java.nio.Buffer.address: available
13:35:15.349 [main] DEBUG io.netty.util.internal.PlatformDependent0 - direct buffer constructor: available
13:35:15.349 [main] DEBUG io.netty.util.internal.PlatformDependent0 - java.nio.Bits.unaligned: available, true
13:35:15.349 [main] DEBUG io.netty.util.internal.PlatformDependent0 - jdk.internal.misc.Unsafe.allocateUninitializedArray(int): unavailable prior to Java9
13:35:15.349 [main] DEBUG io.netty.util.internal.PlatformDependent0 - java.nio.DirectByteBuffer.<init>(long, {int,long}): available
13:35:15.349 [main] DEBUG io.netty.util.internal.CleanerJava6 - java.nio.ByteBuffer.cleaner(): available
13:35:15.349 [main] DEBUG io.netty.util.internal.PlatformDependent - sun.misc.Unsafe: available
13:35:15.349 [main] DEBUG io.netty.util.internal.PlatformDependent - -Dio.netty.tmpdir: /tmp (java.io.tmpdir)
13:35:15.349 [main] DEBUG io.netty.util.internal.PlatformDependent - -Dio.netty.bitMode: 64 (sun.arch.data.model)
13:35:15.349 [main] DEBUG io.netty.util.internal.PlatformDependent - -Dio.netty.maxDirectMemory: 11420041216 bytes
13:35:15.349 [main] DEBUG io.netty.util.internal.PlatformDependent - -Dio.netty.uninitializedArrayAllocationThreshold: -1
13:35:15.349 [main] DEBUG io.netty.util.internal.PlatformDependent - -Dio.netty.noPreferDirect: false
13:35:15.349 [main] DEBUG io.netty.util.internal.CleanerJava9 - java.nio.ByteBuffer.cleaner(): unavailable
java.lang.NoSuchMethodException: sun.misc.Unsafe.invokeCleaner(java.nio.ByteBuffer)
	at java.lang.Class.getDeclaredMethod(Class.java:2130)
	at io.netty.util.internal.CleanerJava9$1.run(CleanerJava9.java:45)
	at java.security.AccessController.doPrivileged(Native Method)
	at io.netty.util.internal.CleanerJava9.__STATIC_RESET(CleanerJava9.java:40)
	at sun.reflect.GeneratedMethodAccessor27.invoke(Unknown Source)
	at sun.reflect.DelegatingMethodAccessorImpl.invoke(DelegatingMethodAccessorImpl.java:43)
	at java.lang.reflect.Method.invoke(Method.java:498)
	at org.evosuite.runtime.classhandling.ClassResetter.reset(ClassResetter.java:159)
	at org.evosuite.runtime.classhandling.ClassStateSupport.resetClasses(ClassStateSupport.java:137)
	at io.netty.handler.codec.http.multipart.AbstractDiskHttpData_ESTest_scaffolding.resetClasses(AbstractDiskHttpData_ESTest_scaffolding.java:318)
	at io.netty.handler.codec.http.multipart.AbstractDiskHttpData_ESTest_scaffolding.doneWithTestCase(AbstractDiskHttpData_ESTest_scaffolding.java:74)
	at sun.reflect.GeneratedMethodAccessor6.invoke(Unknown Source)
	at sun.reflect.DelegatingMethodAccessorImpl.invoke(DelegatingMethodAccessorImpl.java:43)
	at java.lang.reflect.Method.invoke(Method.java:498)
	at org.junit.runners.model.FrameworkMethod$1.runReflectiveCall(FrameworkMethod.java:59)
	at org.junit.internal.runners.model.ReflectiveCallable.run(ReflectiveCallable.java:12)
	at org.junit.runners.model.FrameworkMethod.invokeExplosively(FrameworkMethod.java:56)
	at org.junit.internal.runners.statements.RunAfters.invokeMethod(RunAfters.java:46)
	at org.junit.internal.runners.statements.RunAfters.evaluate(RunAfters.java:33)
	at org.evosuite.runtime.vnet.NonFunctionalRequirementRule$1.evaluate(NonFunctionalRequirementRule.java:41)
	at org.junit.runners.ParentRunner$3.evaluate(ParentRunner.java:306)
	at org.junit.runners.BlockJUnit4ClassRunner$1.evaluate(BlockJUnit4ClassRunner.java:100)
	at org.junit.runners.ParentRunner.runLeaf(ParentRunner.java:366)
	at org.junit.runners.BlockJUnit4ClassRunner.runChild(BlockJUnit4ClassRunner.java:103)
	at org.junit.runners.BlockJUnit4ClassRunner.runChild(BlockJUnit4ClassRunner.java:63)
	at org.junit.runners.ParentRunner$4.run(ParentRunner.java:331)
	at org.junit.runners.ParentRunner$1.schedule(ParentRunner.java:79)
	at org.junit.runners.ParentRunner.runChildren(ParentRunner.java:329)
	at org.junit.runners.ParentRunner.access$100(ParentRunner.java:66)
	at org.junit.runners.ParentRunner$2.evaluate(ParentRunner.java:293)
	at org.junit.internal.runners.statements.RunBefores.evaluate(RunBefores.java:26)
	at org.junit.internal.runners.statements.RunAfters.evaluate(RunAfters.java:27)
	at org.junit.runners.ParentRunner$3.evaluate(ParentRunner.java:306)
	at org.junit.runners.ParentRunner.run(ParentRunner.java:413)
	at org.apache.maven.surefire.junit4.JUnit4Provider.execute(JUnit4Provider.java:316)
	at org.apache.maven.surefire.junit4.JUnit4Provider.executeWithRerun(JUnit4Provider.java:240)
	at org.apache.maven.surefire.junit4.JUnit4Provider.executeTestSet(JUnit4Provider.java:214)
	at org.apache.maven.surefire.junit4.JUnit4Provider.invoke(JUnit4Provider.java:155)
	at org.apache.maven.surefire.booter.ForkedBooter.runSuitesInProcess(ForkedBooter.java:385)
	at org.apache.maven.surefire.booter.ForkedBooter.execute(ForkedBooter.java:162)
	at org.apache.maven.surefire.booter.ForkedBooter.run(ForkedBooter.java:507)
	at org.apache.maven.surefire.booter.ForkedBooter.main(ForkedBooter.java:495)
13:35:15.349 [main] DEBUG io.netty.util.ResourceLeakDetector - -Dio.netty.leakDetection.level: simple
13:35:15.349 [main] DEBUG io.netty.util.ResourceLeakDetector - -Dio.netty.leakDetection.targetRecords: 4
13:35:15.351 [main] DEBUG io.netty.buffer.AbstractByteBuf - -Dio.netty.buffer.checkAccessible: true
13:35:15.351 [main] DEBUG io.netty.buffer.AbstractByteBuf - -Dio.netty.buffer.checkBounds: true
13:35:15.351 [main] DEBUG io.netty.util.ResourceLeakDetectorFactory - Loaded default ResourceLeakDetector: io.netty.util.ResourceLeakDetector@5
13:35:15.351 [main] DEBUG io.netty.util.internal.InternalThreadLocalMap - -Dio.netty.threadLocalMap.stringBuilder.initialSize: 1024
13:35:15.351 [main] DEBUG io.netty.util.internal.InternalThreadLocalMap - -Dio.netty.threadLocalMap.stringBuilder.maxSize: 4096
13:35:15.351 [main] DEBUG io.netty.buffer.PooledByteBufAllocator - -Dio.netty.allocator.numHeapArenas: 0
13:35:15.351 [main] DEBUG io.netty.buffer.PooledByteBufAllocator - -Dio.netty.allocator.numDirectArenas: 2
13:35:15.351 [main] DEBUG io.netty.buffer.PooledByteBufAllocator - -Dio.netty.allocator.pageSize: 8192
13:35:15.351 [main] DEBUG io.netty.buffer.PooledByteBufAllocator - -Dio.netty.allocator.maxOrder: 9
13:35:15.351 [main] DEBUG io.netty.buffer.PooledByteBufAllocator - -Dio.netty.allocator.chunkSize: 4194304
13:35:15.351 [main] DEBUG io.netty.buffer.PooledByteBufAllocator - -Dio.netty.allocator.smallCacheSize: 256
13:35:15.351 [main] DEBUG io.netty.buffer.PooledByteBufAllocator - -Dio.netty.allocator.normalCacheSize: 64
13:35:15.351 [main] DEBUG io.netty.buffer.PooledByteBufAllocator - -Dio.netty.allocator.maxCachedBufferCapacity: 32768
13:35:15.352 [main] DEBUG io.netty.buffer.PooledByteBufAllocator - -Dio.netty.allocator.cacheTrimInterval: 8192
13:35:15.352 [main] DEBUG io.netty.buffer.PooledByteBufAllocator - -Dio.netty.allocator.cacheTrimIntervalMillis: 0
13:35:15.352 [main] DEBUG io.netty.buffer.PooledByteBufAllocator - -Dio.netty.allocator.useCacheForAllThreads: false
13:35:15.352 [main] DEBUG io.netty.buffer.PooledByteBufAllocator - -Dio.netty.allocator.maxCachedByteBuffersPerChunk: 1023
13:35:15.352 [main] DEBUG io.netty.buffer.ByteBufUtil - -Dio.netty.allocator.type: pooled
13:35:15.352 [main] DEBUG io.netty.buffer.ByteBufUtil - -Dio.netty.threadLocalDirectBufferSize: 0
13:35:15.352 [main] DEBUG io.netty.buffer.ByteBufUtil - -Dio.netty.maxThreadLocalCharBufferSize: 16384
13:35:15.353 [main] DEBUG io.netty.util.Recycler - -Dio.netty.recycler.maxCapacityPerThread: 4096
13:35:15.353 [main] DEBUG io.netty.util.Recycler - -Dio.netty.recycler.ratio: 8
13:35:15.353 [main] DEBUG io.netty.util.Recycler - -Dio.netty.recycler.chunkSize: 32
13:35:15.353 [main] DEBUG io.netty.util.Recycler - -Dio.netty.recycler.blocking: false
13:35:15.353 [main] DEBUG io.netty.util.Recycler - -Dio.netty.recycler.batchFastThreadLocalOnly: true
13:35:15.353 [main] DEBUG io.netty.util.internal.PlatformDependent - org.jctools-core.MpscChunkedArrayQueue: available
]]></system-out>
  </testcase>
  <testcase name="test12" classname="io.netty.handler.codec.http.multipart.AbstractDiskHttpData_ESTest" time="0.019">
    <system-out><![CDATA[13:35:15.361 [main] DEBUG io.netty.util.internal.logging.InternalLoggerFactory - Using SLF4J as the default logging framework
13:35:15.362 [main] DEBUG io.netty.util.internal.PlatformDependent0 - -Dio.netty.noUnsafe: false
13:35:15.362 [main] DEBUG io.netty.util.internal.PlatformDependent0 - Java version: 8
13:35:15.362 [main] DEBUG io.netty.util.internal.PlatformDependent0 - sun.misc.Unsafe.theUnsafe: available
13:35:15.362 [main] DEBUG io.netty.util.internal.PlatformDependent0 - sun.misc.Unsafe.copyMemory: available
13:35:15.362 [main] DEBUG io.netty.util.internal.PlatformDependent0 - sun.misc.Unsafe.storeFence: available
13:35:15.362 [main] DEBUG io.netty.util.internal.PlatformDependent0 - java.nio.Buffer.address: available
13:35:15.362 [main] DEBUG io.netty.util.internal.PlatformDependent0 - direct buffer constructor: available
13:35:15.362 [main] DEBUG io.netty.util.internal.PlatformDependent0 - java.nio.Bits.unaligned: available, true
13:35:15.362 [main] DEBUG io.netty.util.internal.PlatformDependent0 - jdk.internal.misc.Unsafe.allocateUninitializedArray(int): unavailable prior to Java9
13:35:15.362 [main] DEBUG io.netty.util.internal.PlatformDependent0 - java.nio.DirectByteBuffer.<init>(long, {int,long}): available
13:35:15.362 [main] DEBUG io.netty.util.internal.CleanerJava6 - java.nio.ByteBuffer.cleaner(): available
13:35:15.362 [main] DEBUG io.netty.util.internal.PlatformDependent - sun.misc.Unsafe: available
13:35:15.362 [main] DEBUG io.netty.util.internal.PlatformDependent - -Dio.netty.tmpdir: /tmp (java.io.tmpdir)
13:35:15.362 [main] DEBUG io.netty.util.internal.PlatformDependent - -Dio.netty.bitMode: 64 (sun.arch.data.model)
13:35:15.362 [main] DEBUG io.netty.util.internal.PlatformDependent - -Dio.netty.maxDirectMemory: 11420041216 bytes
13:35:15.362 [main] DEBUG io.netty.util.internal.PlatformDependent - -Dio.netty.uninitializedArrayAllocationThreshold: -1
13:35:15.362 [main] DEBUG io.netty.util.internal.PlatformDependent - -Dio.netty.noPreferDirect: false
13:35:15.362 [main] DEBUG io.netty.util.internal.CleanerJava9 - java.nio.ByteBuffer.cleaner(): unavailable
java.lang.NoSuchMethodException: sun.misc.Unsafe.invokeCleaner(java.nio.ByteBuffer)
	at java.lang.Class.getDeclaredMethod(Class.java:2130)
	at io.netty.util.internal.CleanerJava9$1.run(CleanerJava9.java:45)
	at java.security.AccessController.doPrivileged(Native Method)
	at io.netty.util.internal.CleanerJava9.__STATIC_RESET(CleanerJava9.java:40)
	at sun.reflect.GeneratedMethodAccessor27.invoke(Unknown Source)
	at sun.reflect.DelegatingMethodAccessorImpl.invoke(DelegatingMethodAccessorImpl.java:43)
	at java.lang.reflect.Method.invoke(Method.java:498)
	at org.evosuite.runtime.classhandling.ClassResetter.reset(ClassResetter.java:159)
	at org.evosuite.runtime.classhandling.ClassStateSupport.resetClasses(ClassStateSupport.java:137)
	at io.netty.handler.codec.http.multipart.AbstractDiskHttpData_ESTest_scaffolding.resetClasses(AbstractDiskHttpData_ESTest_scaffolding.java:318)
	at io.netty.handler.codec.http.multipart.AbstractDiskHttpData_ESTest_scaffolding.doneWithTestCase(AbstractDiskHttpData_ESTest_scaffolding.java:74)
	at sun.reflect.GeneratedMethodAccessor6.invoke(Unknown Source)
	at sun.reflect.DelegatingMethodAccessorImpl.invoke(DelegatingMethodAccessorImpl.java:43)
	at java.lang.reflect.Method.invoke(Method.java:498)
	at org.junit.runners.model.FrameworkMethod$1.runReflectiveCall(FrameworkMethod.java:59)
	at org.junit.internal.runners.model.ReflectiveCallable.run(ReflectiveCallable.java:12)
	at org.junit.runners.model.FrameworkMethod.invokeExplosively(FrameworkMethod.java:56)
	at org.junit.internal.runners.statements.RunAfters.invokeMethod(RunAfters.java:46)
	at org.junit.internal.runners.statements.RunAfters.evaluate(RunAfters.java:33)
	at org.evosuite.runtime.vnet.NonFunctionalRequirementRule$1.evaluate(NonFunctionalRequirementRule.java:41)
	at org.junit.runners.ParentRunner$3.evaluate(ParentRunner.java:306)
	at org.junit.runners.BlockJUnit4ClassRunner$1.evaluate(BlockJUnit4ClassRunner.java:100)
	at org.junit.runners.ParentRunner.runLeaf(ParentRunner.java:366)
	at org.junit.runners.BlockJUnit4ClassRunner.runChild(BlockJUnit4ClassRunner.java:103)
	at org.junit.runners.BlockJUnit4ClassRunner.runChild(BlockJUnit4ClassRunner.java:63)
	at org.junit.runners.ParentRunner$4.run(ParentRunner.java:331)
	at org.junit.runners.ParentRunner$1.schedule(ParentRunner.java:79)
	at org.junit.runners.ParentRunner.runChildren(ParentRunner.java:329)
	at org.junit.runners.ParentRunner.access$100(ParentRunner.java:66)
	at org.junit.runners.ParentRunner$2.evaluate(ParentRunner.java:293)
	at org.junit.internal.runners.statements.RunBefores.evaluate(RunBefores.java:26)
	at org.junit.internal.runners.statements.RunAfters.evaluate(RunAfters.java:27)
	at org.junit.runners.ParentRunner$3.evaluate(ParentRunner.java:306)
	at org.junit.runners.ParentRunner.run(ParentRunner.java:413)
	at org.apache.maven.surefire.junit4.JUnit4Provider.execute(JUnit4Provider.java:316)
	at org.apache.maven.surefire.junit4.JUnit4Provider.executeWithRerun(JUnit4Provider.java:240)
	at org.apache.maven.surefire.junit4.JUnit4Provider.executeTestSet(JUnit4Provider.java:214)
	at org.apache.maven.surefire.junit4.JUnit4Provider.invoke(JUnit4Provider.java:155)
	at org.apache.maven.surefire.booter.ForkedBooter.runSuitesInProcess(ForkedBooter.java:385)
	at org.apache.maven.surefire.booter.ForkedBooter.execute(ForkedBooter.java:162)
	at org.apache.maven.surefire.booter.ForkedBooter.run(ForkedBooter.java:507)
	at org.apache.maven.surefire.booter.ForkedBooter.main(ForkedBooter.java:495)
13:35:15.362 [main] DEBUG io.netty.util.ResourceLeakDetector - -Dio.netty.leakDetection.level: simple
13:35:15.362 [main] DEBUG io.netty.util.ResourceLeakDetector - -Dio.netty.leakDetection.targetRecords: 4
13:35:15.363 [main] DEBUG io.netty.buffer.AbstractByteBuf - -Dio.netty.buffer.checkAccessible: true
13:35:15.363 [main] DEBUG io.netty.buffer.AbstractByteBuf - -Dio.netty.buffer.checkBounds: true
13:35:15.363 [main] DEBUG io.netty.util.ResourceLeakDetectorFactory - Loaded default ResourceLeakDetector: io.netty.util.ResourceLeakDetector@5
13:35:15.363 [main] DEBUG io.netty.util.internal.InternalThreadLocalMap - -Dio.netty.threadLocalMap.stringBuilder.initialSize: 1024
13:35:15.363 [main] DEBUG io.netty.util.internal.InternalThreadLocalMap - -Dio.netty.threadLocalMap.stringBuilder.maxSize: 4096
13:35:15.363 [main] DEBUG io.netty.buffer.PooledByteBufAllocator - -Dio.netty.allocator.numHeapArenas: 0
13:35:15.363 [main] DEBUG io.netty.buffer.PooledByteBufAllocator - -Dio.netty.allocator.numDirectArenas: 2
13:35:15.363 [main] DEBUG io.netty.buffer.PooledByteBufAllocator - -Dio.netty.allocator.pageSize: 8192
13:35:15.363 [main] DEBUG io.netty.buffer.PooledByteBufAllocator - -Dio.netty.allocator.maxOrder: 9
13:35:15.363 [main] DEBUG io.netty.buffer.PooledByteBufAllocator - -Dio.netty.allocator.chunkSize: 4194304
13:35:15.363 [main] DEBUG io.netty.buffer.PooledByteBufAllocator - -Dio.netty.allocator.smallCacheSize: 256
13:35:15.363 [main] DEBUG io.netty.buffer.PooledByteBufAllocator - -Dio.netty.allocator.normalCacheSize: 64
13:35:15.363 [main] DEBUG io.netty.buffer.PooledByteBufAllocator - -Dio.netty.allocator.maxCachedBufferCapacity: 32768
13:35:15.363 [main] DEBUG io.netty.buffer.PooledByteBufAllocator - -Dio.netty.allocator.cacheTrimInterval: 8192
13:35:15.363 [main] DEBUG io.netty.buffer.PooledByteBufAllocator - -Dio.netty.allocator.cacheTrimIntervalMillis: 0
13:35:15.363 [main] DEBUG io.netty.buffer.PooledByteBufAllocator - -Dio.netty.allocator.useCacheForAllThreads: false
13:35:15.363 [main] DEBUG io.netty.buffer.PooledByteBufAllocator - -Dio.netty.allocator.maxCachedByteBuffersPerChunk: 1023
13:35:15.363 [main] DEBUG io.netty.buffer.ByteBufUtil - -Dio.netty.allocator.type: pooled
13:35:15.363 [main] DEBUG io.netty.buffer.ByteBufUtil - -Dio.netty.threadLocalDirectBufferSize: 0
13:35:15.363 [main] DEBUG io.netty.buffer.ByteBufUtil - -Dio.netty.maxThreadLocalCharBufferSize: 16384
13:35:15.364 [main] DEBUG io.netty.util.Recycler - -Dio.netty.recycler.maxCapacityPerThread: 4096
13:35:15.364 [main] DEBUG io.netty.util.Recycler - -Dio.netty.recycler.ratio: 8
13:35:15.364 [main] DEBUG io.netty.util.Recycler - -Dio.netty.recycler.chunkSize: 32
13:35:15.364 [main] DEBUG io.netty.util.Recycler - -Dio.netty.recycler.blocking: false
13:35:15.364 [main] DEBUG io.netty.util.Recycler - -Dio.netty.recycler.batchFastThreadLocalOnly: true
13:35:15.364 [main] DEBUG io.netty.util.internal.PlatformDependent - org.jctools-core.MpscChunkedArrayQueue: available
]]></system-out>
  </testcase>
  <testcase name="test56" classname="io.netty.handler.codec.http.multipart.AbstractDiskHttpData_ESTest" time="0.031">
    <system-out><![CDATA[13:35:15.432 [Time-limited test] INFO org.evosuite.runtime.instrumentation.EvoClassLoader - Seeing class for first time: io.netty.handler.codec.http.multipart.AbstractDiskHttpData_ESTest$7
13:35:15.433 [Time-limited test] INFO org.evosuite.runtime.instrumentation.EvoClassLoader - Instrumenting class 'io.netty.handler.codec.http.multipart.AbstractDiskHttpData_ESTest$7'.
13:35:15.447 [Time-limited test] INFO org.evosuite.runtime.instrumentation.EvoClassLoader - Keeping class: io.netty.handler.codec.http.multipart.AbstractDiskHttpData_ESTest$7
13:35:15.450 [pool-2-thread-1] DEBUG org.evosuite.runtime.sandbox.MSecurityManager - Security manager blocks permission ("java.io.FilePermission" "/tmp/Attr_6151671548594114357_1623300927" "write")
java.lang.Thread.getStackTrace(Thread.java:1564)
org.evosuite.runtime.sandbox.MSecurityManager.checkPermission(MSecurityManager.java:424)
java.lang.SecurityManager.checkWrite(SecurityManager.java:979)
sun.nio.fs.UnixChannelFactory.open(UnixChannelFactory.java:247)
sun.nio.fs.UnixChannelFactory.newFileChannel(UnixChannelFactory.java:136)
sun.nio.fs.UnixChannelFactory.newFileChannel(UnixChannelFactory.java:148)
sun.nio.fs.UnixFileSystemProvider.newByteChannel(UnixFileSystemProvider.java:212)
java.nio.file.Files.newByteChannel(Files.java:361)
java.nio.file.Files.createFile(Files.java:632)
java.nio.file.TempFileHelper.create(TempFileHelper.java:138)
java.nio.file.TempFileHelper.createTempFile(TempFileHelper.java:161)
java.nio.file.Files.createTempFile(Files.java:897)
io.netty.util.internal.PlatformDependent.createTempFile(PlatformDependent.java:1499)
io.netty.handler.codec.http.multipart.AbstractDiskHttpData.tempFile(AbstractDiskHttpData.java:92)
io.netty.handler.codec.http.multipart.AbstractDiskHttpData.setContent(AbstractDiskHttpData.java:229)
io.netty.handler.codec.http.multipart.AbstractDiskHttpData_ESTest$7.run(AbstractDiskHttpData_ESTest.java:959)
java.util.concurrent.Executors$RunnableAdapter.call(Executors.java:511)
java.util.concurrent.FutureTask.run(FutureTask.java:266)
java.util.concurrent.ThreadPoolExecutor.runWorker(ThreadPoolExecutor.java:1149)
java.util.concurrent.ThreadPoolExecutor$Worker.run(ThreadPoolExecutor.java:624)
java.lang.Thread.run(Thread.java:750)

13:35:15.451 [main] DEBUG io.netty.util.internal.logging.InternalLoggerFactory - Using SLF4J as the default logging framework
13:35:15.451 [main] DEBUG io.netty.util.internal.PlatformDependent0 - -Dio.netty.noUnsafe: false
13:35:15.451 [main] DEBUG io.netty.util.internal.PlatformDependent0 - Java version: 8
13:35:15.451 [main] DEBUG io.netty.util.internal.PlatformDependent0 - sun.misc.Unsafe.theUnsafe: available
13:35:15.451 [main] DEBUG io.netty.util.internal.PlatformDependent0 - sun.misc.Unsafe.copyMemory: available
13:35:15.451 [main] DEBUG io.netty.util.internal.PlatformDependent0 - sun.misc.Unsafe.storeFence: available
13:35:15.451 [main] DEBUG io.netty.util.internal.PlatformDependent0 - java.nio.Buffer.address: available
13:35:15.451 [main] DEBUG io.netty.util.internal.PlatformDependent0 - direct buffer constructor: available
13:35:15.451 [main] DEBUG io.netty.util.internal.PlatformDependent0 - java.nio.Bits.unaligned: available, true
13:35:15.451 [main] DEBUG io.netty.util.internal.PlatformDependent0 - jdk.internal.misc.Unsafe.allocateUninitializedArray(int): unavailable prior to Java9
13:35:15.451 [main] DEBUG io.netty.util.internal.PlatformDependent0 - java.nio.DirectByteBuffer.<init>(long, {int,long}): available
13:35:15.451 [main] DEBUG io.netty.util.internal.CleanerJava6 - java.nio.ByteBuffer.cleaner(): available
13:35:15.451 [main] DEBUG io.netty.util.internal.PlatformDependent - sun.misc.Unsafe: available
13:35:15.452 [main] DEBUG io.netty.util.internal.PlatformDependent - -Dio.netty.tmpdir: /tmp (java.io.tmpdir)
13:35:15.452 [main] DEBUG io.netty.util.internal.PlatformDependent - -Dio.netty.bitMode: 64 (sun.arch.data.model)
13:35:15.452 [main] DEBUG io.netty.util.internal.PlatformDependent - -Dio.netty.maxDirectMemory: 11420041216 bytes
13:35:15.452 [main] DEBUG io.netty.util.internal.PlatformDependent - -Dio.netty.uninitializedArrayAllocationThreshold: -1
13:35:15.452 [main] DEBUG io.netty.util.internal.PlatformDependent - -Dio.netty.noPreferDirect: false
13:35:15.453 [main] DEBUG io.netty.util.internal.CleanerJava9 - java.nio.ByteBuffer.cleaner(): unavailable
java.lang.NoSuchMethodException: sun.misc.Unsafe.invokeCleaner(java.nio.ByteBuffer)
	at java.lang.Class.getDeclaredMethod(Class.java:2130)
	at io.netty.util.internal.CleanerJava9$1.run(CleanerJava9.java:45)
	at java.security.AccessController.doPrivileged(Native Method)
	at io.netty.util.internal.CleanerJava9.__STATIC_RESET(CleanerJava9.java:40)
	at sun.reflect.GeneratedMethodAccessor27.invoke(Unknown Source)
	at sun.reflect.DelegatingMethodAccessorImpl.invoke(DelegatingMethodAccessorImpl.java:43)
	at java.lang.reflect.Method.invoke(Method.java:498)
	at org.evosuite.runtime.classhandling.ClassResetter.reset(ClassResetter.java:159)
	at org.evosuite.runtime.classhandling.ClassStateSupport.resetClasses(ClassStateSupport.java:137)
	at io.netty.handler.codec.http.multipart.AbstractDiskHttpData_ESTest_scaffolding.resetClasses(AbstractDiskHttpData_ESTest_scaffolding.java:318)
	at io.netty.handler.codec.http.multipart.AbstractDiskHttpData_ESTest_scaffolding.doneWithTestCase(AbstractDiskHttpData_ESTest_scaffolding.java:74)
	at sun.reflect.GeneratedMethodAccessor6.invoke(Unknown Source)
	at sun.reflect.DelegatingMethodAccessorImpl.invoke(DelegatingMethodAccessorImpl.java:43)
	at java.lang.reflect.Method.invoke(Method.java:498)
	at org.junit.runners.model.FrameworkMethod$1.runReflectiveCall(FrameworkMethod.java:59)
	at org.junit.internal.runners.model.ReflectiveCallable.run(ReflectiveCallable.java:12)
	at org.junit.runners.model.FrameworkMethod.invokeExplosively(FrameworkMethod.java:56)
	at org.junit.internal.runners.statements.RunAfters.invokeMethod(RunAfters.java:46)
	at org.junit.internal.runners.statements.RunAfters.evaluate(RunAfters.java:33)
	at org.evosuite.runtime.vnet.NonFunctionalRequirementRule$1.evaluate(NonFunctionalRequirementRule.java:41)
	at org.junit.runners.ParentRunner$3.evaluate(ParentRunner.java:306)
	at org.junit.runners.BlockJUnit4ClassRunner$1.evaluate(BlockJUnit4ClassRunner.java:100)
	at org.junit.runners.ParentRunner.runLeaf(ParentRunner.java:366)
	at org.junit.runners.BlockJUnit4ClassRunner.runChild(BlockJUnit4ClassRunner.java:103)
	at org.junit.runners.BlockJUnit4ClassRunner.runChild(BlockJUnit4ClassRunner.java:63)
	at org.junit.runners.ParentRunner$4.run(ParentRunner.java:331)
	at org.junit.runners.ParentRunner$1.schedule(ParentRunner.java:79)
	at org.junit.runners.ParentRunner.runChildren(ParentRunner.java:329)
	at org.junit.runners.ParentRunner.access$100(ParentRunner.java:66)
	at org.junit.runners.ParentRunner$2.evaluate(ParentRunner.java:293)
	at org.junit.internal.runners.statements.RunBefores.evaluate(RunBefores.java:26)
	at org.junit.internal.runners.statements.RunAfters.evaluate(RunAfters.java:27)
	at org.junit.runners.ParentRunner$3.evaluate(ParentRunner.java:306)
	at org.junit.runners.ParentRunner.run(ParentRunner.java:413)
	at org.apache.maven.surefire.junit4.JUnit4Provider.execute(JUnit4Provider.java:316)
	at org.apache.maven.surefire.junit4.JUnit4Provider.executeWithRerun(JUnit4Provider.java:240)
	at org.apache.maven.surefire.junit4.JUnit4Provider.executeTestSet(JUnit4Provider.java:214)
	at org.apache.maven.surefire.junit4.JUnit4Provider.invoke(JUnit4Provider.java:155)
	at org.apache.maven.surefire.booter.ForkedBooter.runSuitesInProcess(ForkedBooter.java:385)
	at org.apache.maven.surefire.booter.ForkedBooter.execute(ForkedBooter.java:162)
	at org.apache.maven.surefire.booter.ForkedBooter.run(ForkedBooter.java:507)
	at org.apache.maven.surefire.booter.ForkedBooter.main(ForkedBooter.java:495)
13:35:15.454 [main] DEBUG io.netty.util.ResourceLeakDetector - -Dio.netty.leakDetection.level: simple
13:35:15.454 [main] DEBUG io.netty.util.ResourceLeakDetector - -Dio.netty.leakDetection.targetRecords: 4
13:35:15.455 [main] DEBUG io.netty.buffer.AbstractByteBuf - -Dio.netty.buffer.checkAccessible: true
13:35:15.455 [main] DEBUG io.netty.buffer.AbstractByteBuf - -Dio.netty.buffer.checkBounds: true
13:35:15.455 [main] DEBUG io.netty.util.ResourceLeakDetectorFactory - Loaded default ResourceLeakDetector: io.netty.util.ResourceLeakDetector@5
13:35:15.455 [main] DEBUG io.netty.util.internal.InternalThreadLocalMap - -Dio.netty.threadLocalMap.stringBuilder.initialSize: 1024
13:35:15.455 [main] DEBUG io.netty.util.internal.InternalThreadLocalMap - -Dio.netty.threadLocalMap.stringBuilder.maxSize: 4096
13:35:15.456 [main] DEBUG io.netty.buffer.PooledByteBufAllocator - -Dio.netty.allocator.numHeapArenas: 0
13:35:15.456 [main] DEBUG io.netty.buffer.PooledByteBufAllocator - -Dio.netty.allocator.numDirectArenas: 2
13:35:15.456 [main] DEBUG io.netty.buffer.PooledByteBufAllocator - -Dio.netty.allocator.pageSize: 8192
13:35:15.456 [main] DEBUG io.netty.buffer.PooledByteBufAllocator - -Dio.netty.allocator.maxOrder: 9
13:35:15.456 [main] DEBUG io.netty.buffer.PooledByteBufAllocator - -Dio.netty.allocator.chunkSize: 4194304
13:35:15.456 [main] DEBUG io.netty.buffer.PooledByteBufAllocator - -Dio.netty.allocator.smallCacheSize: 256
13:35:15.456 [main] DEBUG io.netty.buffer.PooledByteBufAllocator - -Dio.netty.allocator.normalCacheSize: 64
13:35:15.456 [main] DEBUG io.netty.buffer.PooledByteBufAllocator - -Dio.netty.allocator.maxCachedBufferCapacity: 32768
13:35:15.456 [main] DEBUG io.netty.buffer.PooledByteBufAllocator - -Dio.netty.allocator.cacheTrimInterval: 8192
13:35:15.456 [main] DEBUG io.netty.buffer.PooledByteBufAllocator - -Dio.netty.allocator.cacheTrimIntervalMillis: 0
13:35:15.456 [main] DEBUG io.netty.buffer.PooledByteBufAllocator - -Dio.netty.allocator.useCacheForAllThreads: false
13:35:15.456 [main] DEBUG io.netty.buffer.PooledByteBufAllocator - -Dio.netty.allocator.maxCachedByteBuffersPerChunk: 1023
13:35:15.457 [main] DEBUG io.netty.buffer.ByteBufUtil - -Dio.netty.allocator.type: pooled
13:35:15.457 [main] DEBUG io.netty.buffer.ByteBufUtil - -Dio.netty.threadLocalDirectBufferSize: 0
13:35:15.457 [main] DEBUG io.netty.buffer.ByteBufUtil - -Dio.netty.maxThreadLocalCharBufferSize: 16384
13:35:15.459 [main] DEBUG io.netty.util.Recycler - -Dio.netty.recycler.maxCapacityPerThread: 4096
13:35:15.459 [main] DEBUG io.netty.util.Recycler - -Dio.netty.recycler.ratio: 8
13:35:15.459 [main] DEBUG io.netty.util.Recycler - -Dio.netty.recycler.chunkSize: 32
13:35:15.459 [main] DEBUG io.netty.util.Recycler - -Dio.netty.recycler.blocking: false
13:35:15.459 [main] DEBUG io.netty.util.Recycler - -Dio.netty.recycler.batchFastThreadLocalOnly: true
13:35:15.459 [main] DEBUG io.netty.util.internal.PlatformDependent - org.jctools-core.MpscChunkedArrayQueue: available
]]></system-out>
  </testcase>
  <testcase name="test11" classname="io.netty.handler.codec.http.multipart.AbstractDiskHttpData_ESTest" time="0.018">
    <system-out><![CDATA[13:35:15.466 [main] DEBUG io.netty.util.internal.logging.InternalLoggerFactory - Using SLF4J as the default logging framework
13:35:15.466 [main] DEBUG io.netty.util.internal.PlatformDependent0 - -Dio.netty.noUnsafe: false
13:35:15.466 [main] DEBUG io.netty.util.internal.PlatformDependent0 - Java version: 8
13:35:15.467 [main] DEBUG io.netty.util.internal.PlatformDependent0 - sun.misc.Unsafe.theUnsafe: available
13:35:15.467 [main] DEBUG io.netty.util.internal.PlatformDependent0 - sun.misc.Unsafe.copyMemory: available
13:35:15.467 [main] DEBUG io.netty.util.internal.PlatformDependent0 - sun.misc.Unsafe.storeFence: available
13:35:15.467 [main] DEBUG io.netty.util.internal.PlatformDependent0 - java.nio.Buffer.address: available
13:35:15.467 [main] DEBUG io.netty.util.internal.PlatformDependent0 - direct buffer constructor: available
13:35:15.467 [main] DEBUG io.netty.util.internal.PlatformDependent0 - java.nio.Bits.unaligned: available, true
13:35:15.467 [main] DEBUG io.netty.util.internal.PlatformDependent0 - jdk.internal.misc.Unsafe.allocateUninitializedArray(int): unavailable prior to Java9
13:35:15.467 [main] DEBUG io.netty.util.internal.PlatformDependent0 - java.nio.DirectByteBuffer.<init>(long, {int,long}): available
13:35:15.467 [main] DEBUG io.netty.util.internal.CleanerJava6 - java.nio.ByteBuffer.cleaner(): available
13:35:15.467 [main] DEBUG io.netty.util.internal.PlatformDependent - sun.misc.Unsafe: available
13:35:15.467 [main] DEBUG io.netty.util.internal.PlatformDependent - -Dio.netty.tmpdir: /tmp (java.io.tmpdir)
13:35:15.467 [main] DEBUG io.netty.util.internal.PlatformDependent - -Dio.netty.bitMode: 64 (sun.arch.data.model)
13:35:15.467 [main] DEBUG io.netty.util.internal.PlatformDependent - -Dio.netty.maxDirectMemory: 11420041216 bytes
13:35:15.467 [main] DEBUG io.netty.util.internal.PlatformDependent - -Dio.netty.uninitializedArrayAllocationThreshold: -1
13:35:15.467 [main] DEBUG io.netty.util.internal.PlatformDependent - -Dio.netty.noPreferDirect: false
13:35:15.468 [main] DEBUG io.netty.util.internal.CleanerJava9 - java.nio.ByteBuffer.cleaner(): unavailable
java.lang.NoSuchMethodException: sun.misc.Unsafe.invokeCleaner(java.nio.ByteBuffer)
	at java.lang.Class.getDeclaredMethod(Class.java:2130)
	at io.netty.util.internal.CleanerJava9$1.run(CleanerJava9.java:45)
	at java.security.AccessController.doPrivileged(Native Method)
	at io.netty.util.internal.CleanerJava9.__STATIC_RESET(CleanerJava9.java:40)
	at sun.reflect.GeneratedMethodAccessor27.invoke(Unknown Source)
	at sun.reflect.DelegatingMethodAccessorImpl.invoke(DelegatingMethodAccessorImpl.java:43)
	at java.lang.reflect.Method.invoke(Method.java:498)
	at org.evosuite.runtime.classhandling.ClassResetter.reset(ClassResetter.java:159)
	at org.evosuite.runtime.classhandling.ClassStateSupport.resetClasses(ClassStateSupport.java:137)
	at io.netty.handler.codec.http.multipart.AbstractDiskHttpData_ESTest_scaffolding.resetClasses(AbstractDiskHttpData_ESTest_scaffolding.java:318)
	at io.netty.handler.codec.http.multipart.AbstractDiskHttpData_ESTest_scaffolding.doneWithTestCase(AbstractDiskHttpData_ESTest_scaffolding.java:74)
	at sun.reflect.GeneratedMethodAccessor6.invoke(Unknown Source)
	at sun.reflect.DelegatingMethodAccessorImpl.invoke(DelegatingMethodAccessorImpl.java:43)
	at java.lang.reflect.Method.invoke(Method.java:498)
	at org.junit.runners.model.FrameworkMethod$1.runReflectiveCall(FrameworkMethod.java:59)
	at org.junit.internal.runners.model.ReflectiveCallable.run(ReflectiveCallable.java:12)
	at org.junit.runners.model.FrameworkMethod.invokeExplosively(FrameworkMethod.java:56)
	at org.junit.internal.runners.statements.RunAfters.invokeMethod(RunAfters.java:46)
	at org.junit.internal.runners.statements.RunAfters.evaluate(RunAfters.java:33)
	at org.evosuite.runtime.vnet.NonFunctionalRequirementRule$1.evaluate(NonFunctionalRequirementRule.java:41)
	at org.junit.runners.ParentRunner$3.evaluate(ParentRunner.java:306)
	at org.junit.runners.BlockJUnit4ClassRunner$1.evaluate(BlockJUnit4ClassRunner.java:100)
	at org.junit.runners.ParentRunner.runLeaf(ParentRunner.java:366)
	at org.junit.runners.BlockJUnit4ClassRunner.runChild(BlockJUnit4ClassRunner.java:103)
	at org.junit.runners.BlockJUnit4ClassRunner.runChild(BlockJUnit4ClassRunner.java:63)
	at org.junit.runners.ParentRunner$4.run(ParentRunner.java:331)
	at org.junit.runners.ParentRunner$1.schedule(ParentRunner.java:79)
	at org.junit.runners.ParentRunner.runChildren(ParentRunner.java:329)
	at org.junit.runners.ParentRunner.access$100(ParentRunner.java:66)
	at org.junit.runners.ParentRunner$2.evaluate(ParentRunner.java:293)
	at org.junit.internal.runners.statements.RunBefores.evaluate(RunBefores.java:26)
	at org.junit.internal.runners.statements.RunAfters.evaluate(RunAfters.java:27)
	at org.junit.runners.ParentRunner$3.evaluate(ParentRunner.java:306)
	at org.junit.runners.ParentRunner.run(ParentRunner.java:413)
	at org.apache.maven.surefire.junit4.JUnit4Provider.execute(JUnit4Provider.java:316)
	at org.apache.maven.surefire.junit4.JUnit4Provider.executeWithRerun(JUnit4Provider.java:240)
	at org.apache.maven.surefire.junit4.JUnit4Provider.executeTestSet(JUnit4Provider.java:214)
	at org.apache.maven.surefire.junit4.JUnit4Provider.invoke(JUnit4Provider.java:155)
	at org.apache.maven.surefire.booter.ForkedBooter.runSuitesInProcess(ForkedBooter.java:385)
	at org.apache.maven.surefire.booter.ForkedBooter.execute(ForkedBooter.java:162)
	at org.apache.maven.surefire.booter.ForkedBooter.run(ForkedBooter.java:507)
	at org.apache.maven.surefire.booter.ForkedBooter.main(ForkedBooter.java:495)
13:35:15.469 [main] DEBUG io.netty.util.ResourceLeakDetector - -Dio.netty.leakDetection.level: simple
13:35:15.469 [main] DEBUG io.netty.util.ResourceLeakDetector - -Dio.netty.leakDetection.targetRecords: 4
13:35:15.469 [main] DEBUG io.netty.buffer.AbstractByteBuf - -Dio.netty.buffer.checkAccessible: true
13:35:15.469 [main] DEBUG io.netty.buffer.AbstractByteBuf - -Dio.netty.buffer.checkBounds: true
13:35:15.469 [main] DEBUG io.netty.util.ResourceLeakDetectorFactory - Loaded default ResourceLeakDetector: io.netty.util.ResourceLeakDetector@5
13:35:15.470 [main] DEBUG io.netty.util.internal.InternalThreadLocalMap - -Dio.netty.threadLocalMap.stringBuilder.initialSize: 1024
13:35:15.470 [main] DEBUG io.netty.util.internal.InternalThreadLocalMap - -Dio.netty.threadLocalMap.stringBuilder.maxSize: 4096
13:35:15.470 [main] DEBUG io.netty.buffer.PooledByteBufAllocator - -Dio.netty.allocator.numHeapArenas: 0
13:35:15.470 [main] DEBUG io.netty.buffer.PooledByteBufAllocator - -Dio.netty.allocator.numDirectArenas: 2
13:35:15.470 [main] DEBUG io.netty.buffer.PooledByteBufAllocator - -Dio.netty.allocator.pageSize: 8192
13:35:15.470 [main] DEBUG io.netty.buffer.PooledByteBufAllocator - -Dio.netty.allocator.maxOrder: 9
13:35:15.470 [main] DEBUG io.netty.buffer.PooledByteBufAllocator - -Dio.netty.allocator.chunkSize: 4194304
13:35:15.470 [main] DEBUG io.netty.buffer.PooledByteBufAllocator - -Dio.netty.allocator.smallCacheSize: 256
13:35:15.470 [main] DEBUG io.netty.buffer.PooledByteBufAllocator - -Dio.netty.allocator.normalCacheSize: 64
13:35:15.470 [main] DEBUG io.netty.buffer.PooledByteBufAllocator - -Dio.netty.allocator.maxCachedBufferCapacity: 32768
13:35:15.470 [main] DEBUG io.netty.buffer.PooledByteBufAllocator - -Dio.netty.allocator.cacheTrimInterval: 8192
13:35:15.470 [main] DEBUG io.netty.buffer.PooledByteBufAllocator - -Dio.netty.allocator.cacheTrimIntervalMillis: 0
13:35:15.470 [main] DEBUG io.netty.buffer.PooledByteBufAllocator - -Dio.netty.allocator.useCacheForAllThreads: false
13:35:15.470 [main] DEBUG io.netty.buffer.PooledByteBufAllocator - -Dio.netty.allocator.maxCachedByteBuffersPerChunk: 1023
13:35:15.471 [main] DEBUG io.netty.buffer.ByteBufUtil - -Dio.netty.allocator.type: pooled
13:35:15.471 [main] DEBUG io.netty.buffer.ByteBufUtil - -Dio.netty.threadLocalDirectBufferSize: 0
13:35:15.471 [main] DEBUG io.netty.buffer.ByteBufUtil - -Dio.netty.maxThreadLocalCharBufferSize: 16384
13:35:15.472 [main] DEBUG io.netty.util.Recycler - -Dio.netty.recycler.maxCapacityPerThread: 4096
13:35:15.472 [main] DEBUG io.netty.util.Recycler - -Dio.netty.recycler.ratio: 8
13:35:15.472 [main] DEBUG io.netty.util.Recycler - -Dio.netty.recycler.chunkSize: 32
13:35:15.472 [main] DEBUG io.netty.util.Recycler - -Dio.netty.recycler.blocking: false
13:35:15.472 [main] DEBUG io.netty.util.Recycler - -Dio.netty.recycler.batchFastThreadLocalOnly: true
13:35:15.472 [main] DEBUG io.netty.util.internal.PlatformDependent - org.jctools-core.MpscChunkedArrayQueue: available
]]></system-out>
  </testcase>
  <testcase name="test55" classname="io.netty.handler.codec.http.multipart.AbstractDiskHttpData_ESTest" time="0.009">
    <system-out><![CDATA[13:35:15.484 [main] DEBUG io.netty.util.internal.logging.InternalLoggerFactory - Using SLF4J as the default logging framework
13:35:15.484 [main] DEBUG io.netty.util.internal.PlatformDependent0 - -Dio.netty.noUnsafe: false
13:35:15.484 [main] DEBUG io.netty.util.internal.PlatformDependent0 - Java version: 8
13:35:15.484 [main] DEBUG io.netty.util.internal.PlatformDependent0 - sun.misc.Unsafe.theUnsafe: available
13:35:15.484 [main] DEBUG io.netty.util.internal.PlatformDependent0 - sun.misc.Unsafe.copyMemory: available
13:35:15.484 [main] DEBUG io.netty.util.internal.PlatformDependent0 - sun.misc.Unsafe.storeFence: available
13:35:15.484 [main] DEBUG io.netty.util.internal.PlatformDependent0 - java.nio.Buffer.address: available
13:35:15.484 [main] DEBUG io.netty.util.internal.PlatformDependent0 - direct buffer constructor: available
13:35:15.484 [main] DEBUG io.netty.util.internal.PlatformDependent0 - java.nio.Bits.unaligned: available, true
13:35:15.484 [main] DEBUG io.netty.util.internal.PlatformDependent0 - jdk.internal.misc.Unsafe.allocateUninitializedArray(int): unavailable prior to Java9
13:35:15.484 [main] DEBUG io.netty.util.internal.PlatformDependent0 - java.nio.DirectByteBuffer.<init>(long, {int,long}): available
13:35:15.484 [main] DEBUG io.netty.util.internal.CleanerJava6 - java.nio.ByteBuffer.cleaner(): available
13:35:15.484 [main] DEBUG io.netty.util.internal.PlatformDependent - sun.misc.Unsafe: available
13:35:15.484 [main] DEBUG io.netty.util.internal.PlatformDependent - -Dio.netty.tmpdir: /tmp (java.io.tmpdir)
13:35:15.484 [main] DEBUG io.netty.util.internal.PlatformDependent - -Dio.netty.bitMode: 64 (sun.arch.data.model)
13:35:15.484 [main] DEBUG io.netty.util.internal.PlatformDependent - -Dio.netty.maxDirectMemory: 11420041216 bytes
13:35:15.484 [main] DEBUG io.netty.util.internal.PlatformDependent - -Dio.netty.uninitializedArrayAllocationThreshold: -1
13:35:15.484 [main] DEBUG io.netty.util.internal.PlatformDependent - -Dio.netty.noPreferDirect: false
13:35:15.485 [main] DEBUG io.netty.util.internal.CleanerJava9 - java.nio.ByteBuffer.cleaner(): unavailable
java.lang.NoSuchMethodException: sun.misc.Unsafe.invokeCleaner(java.nio.ByteBuffer)
	at java.lang.Class.getDeclaredMethod(Class.java:2130)
	at io.netty.util.internal.CleanerJava9$1.run(CleanerJava9.java:45)
	at java.security.AccessController.doPrivileged(Native Method)
	at io.netty.util.internal.CleanerJava9.__STATIC_RESET(CleanerJava9.java:40)
	at sun.reflect.GeneratedMethodAccessor27.invoke(Unknown Source)
	at sun.reflect.DelegatingMethodAccessorImpl.invoke(DelegatingMethodAccessorImpl.java:43)
	at java.lang.reflect.Method.invoke(Method.java:498)
	at org.evosuite.runtime.classhandling.ClassResetter.reset(ClassResetter.java:159)
	at org.evosuite.runtime.classhandling.ClassStateSupport.resetClasses(ClassStateSupport.java:137)
	at io.netty.handler.codec.http.multipart.AbstractDiskHttpData_ESTest_scaffolding.resetClasses(AbstractDiskHttpData_ESTest_scaffolding.java:318)
	at io.netty.handler.codec.http.multipart.AbstractDiskHttpData_ESTest_scaffolding.doneWithTestCase(AbstractDiskHttpData_ESTest_scaffolding.java:74)
	at sun.reflect.GeneratedMethodAccessor6.invoke(Unknown Source)
	at sun.reflect.DelegatingMethodAccessorImpl.invoke(DelegatingMethodAccessorImpl.java:43)
	at java.lang.reflect.Method.invoke(Method.java:498)
	at org.junit.runners.model.FrameworkMethod$1.runReflectiveCall(FrameworkMethod.java:59)
	at org.junit.internal.runners.model.ReflectiveCallable.run(ReflectiveCallable.java:12)
	at org.junit.runners.model.FrameworkMethod.invokeExplosively(FrameworkMethod.java:56)
	at org.junit.internal.runners.statements.RunAfters.invokeMethod(RunAfters.java:46)
	at org.junit.internal.runners.statements.RunAfters.evaluate(RunAfters.java:33)
	at org.evosuite.runtime.vnet.NonFunctionalRequirementRule$1.evaluate(NonFunctionalRequirementRule.java:41)
	at org.junit.runners.ParentRunner$3.evaluate(ParentRunner.java:306)
	at org.junit.runners.BlockJUnit4ClassRunner$1.evaluate(BlockJUnit4ClassRunner.java:100)
	at org.junit.runners.ParentRunner.runLeaf(ParentRunner.java:366)
	at org.junit.runners.BlockJUnit4ClassRunner.runChild(BlockJUnit4ClassRunner.java:103)
	at org.junit.runners.BlockJUnit4ClassRunner.runChild(BlockJUnit4ClassRunner.java:63)
	at org.junit.runners.ParentRunner$4.run(ParentRunner.java:331)
	at org.junit.runners.ParentRunner$1.schedule(ParentRunner.java:79)
	at org.junit.runners.ParentRunner.runChildren(ParentRunner.java:329)
	at org.junit.runners.ParentRunner.access$100(ParentRunner.java:66)
	at org.junit.runners.ParentRunner$2.evaluate(ParentRunner.java:293)
	at org.junit.internal.runners.statements.RunBefores.evaluate(RunBefores.java:26)
	at org.junit.internal.runners.statements.RunAfters.evaluate(RunAfters.java:27)
	at org.junit.runners.ParentRunner$3.evaluate(ParentRunner.java:306)
	at org.junit.runners.ParentRunner.run(ParentRunner.java:413)
	at org.apache.maven.surefire.junit4.JUnit4Provider.execute(JUnit4Provider.java:316)
	at org.apache.maven.surefire.junit4.JUnit4Provider.executeWithRerun(JUnit4Provider.java:240)
	at org.apache.maven.surefire.junit4.JUnit4Provider.executeTestSet(JUnit4Provider.java:214)
	at org.apache.maven.surefire.junit4.JUnit4Provider.invoke(JUnit4Provider.java:155)
	at org.apache.maven.surefire.booter.ForkedBooter.runSuitesInProcess(ForkedBooter.java:385)
	at org.apache.maven.surefire.booter.ForkedBooter.execute(ForkedBooter.java:162)
	at org.apache.maven.surefire.booter.ForkedBooter.run(ForkedBooter.java:507)
	at org.apache.maven.surefire.booter.ForkedBooter.main(ForkedBooter.java:495)
13:35:15.485 [main] DEBUG io.netty.util.ResourceLeakDetector - -Dio.netty.leakDetection.level: simple
13:35:15.485 [main] DEBUG io.netty.util.ResourceLeakDetector - -Dio.netty.leakDetection.targetRecords: 4
13:35:15.485 [main] DEBUG io.netty.buffer.AbstractByteBuf - -Dio.netty.buffer.checkAccessible: true
13:35:15.485 [main] DEBUG io.netty.buffer.AbstractByteBuf - -Dio.netty.buffer.checkBounds: true
13:35:15.485 [main] DEBUG io.netty.util.ResourceLeakDetectorFactory - Loaded default ResourceLeakDetector: io.netty.util.ResourceLeakDetector@5
13:35:15.486 [main] DEBUG io.netty.util.internal.InternalThreadLocalMap - -Dio.netty.threadLocalMap.stringBuilder.initialSize: 1024
13:35:15.486 [main] DEBUG io.netty.util.internal.InternalThreadLocalMap - -Dio.netty.threadLocalMap.stringBuilder.maxSize: 4096
13:35:15.486 [main] DEBUG io.netty.buffer.PooledByteBufAllocator - -Dio.netty.allocator.numHeapArenas: 0
13:35:15.486 [main] DEBUG io.netty.buffer.PooledByteBufAllocator - -Dio.netty.allocator.numDirectArenas: 2
13:35:15.486 [main] DEBUG io.netty.buffer.PooledByteBufAllocator - -Dio.netty.allocator.pageSize: 8192
13:35:15.486 [main] DEBUG io.netty.buffer.PooledByteBufAllocator - -Dio.netty.allocator.maxOrder: 9
13:35:15.486 [main] DEBUG io.netty.buffer.PooledByteBufAllocator - -Dio.netty.allocator.chunkSize: 4194304
13:35:15.486 [main] DEBUG io.netty.buffer.PooledByteBufAllocator - -Dio.netty.allocator.smallCacheSize: 256
13:35:15.486 [main] DEBUG io.netty.buffer.PooledByteBufAllocator - -Dio.netty.allocator.normalCacheSize: 64
13:35:15.486 [main] DEBUG io.netty.buffer.PooledByteBufAllocator - -Dio.netty.allocator.maxCachedBufferCapacity: 32768
13:35:15.486 [main] DEBUG io.netty.buffer.PooledByteBufAllocator - -Dio.netty.allocator.cacheTrimInterval: 8192
13:35:15.486 [main] DEBUG io.netty.buffer.PooledByteBufAllocator - -Dio.netty.allocator.cacheTrimIntervalMillis: 0
13:35:15.486 [main] DEBUG io.netty.buffer.PooledByteBufAllocator - -Dio.netty.allocator.useCacheForAllThreads: false
13:35:15.486 [main] DEBUG io.netty.buffer.PooledByteBufAllocator - -Dio.netty.allocator.maxCachedByteBuffersPerChunk: 1023
13:35:15.486 [main] DEBUG io.netty.buffer.ByteBufUtil - -Dio.netty.allocator.type: pooled
13:35:15.486 [main] DEBUG io.netty.buffer.ByteBufUtil - -Dio.netty.threadLocalDirectBufferSize: 0
13:35:15.486 [main] DEBUG io.netty.buffer.ByteBufUtil - -Dio.netty.maxThreadLocalCharBufferSize: 16384
13:35:15.486 [main] DEBUG io.netty.util.Recycler - -Dio.netty.recycler.maxCapacityPerThread: 4096
13:35:15.486 [main] DEBUG io.netty.util.Recycler - -Dio.netty.recycler.ratio: 8
13:35:15.486 [main] DEBUG io.netty.util.Recycler - -Dio.netty.recycler.chunkSize: 32
13:35:15.486 [main] DEBUG io.netty.util.Recycler - -Dio.netty.recycler.blocking: false
13:35:15.486 [main] DEBUG io.netty.util.Recycler - -Dio.netty.recycler.batchFastThreadLocalOnly: true
13:35:15.487 [main] DEBUG io.netty.util.internal.PlatformDependent - org.jctools-core.MpscChunkedArrayQueue: available
]]></system-out>
  </testcase>
  <testcase name="test14" classname="io.netty.handler.codec.http.multipart.AbstractDiskHttpData_ESTest" time="0.015">
    <system-out><![CDATA[13:35:15.495 [main] DEBUG io.netty.util.internal.logging.InternalLoggerFactory - Using SLF4J as the default logging framework
13:35:15.495 [main] DEBUG io.netty.util.internal.PlatformDependent0 - -Dio.netty.noUnsafe: false
13:35:15.495 [main] DEBUG io.netty.util.internal.PlatformDependent0 - Java version: 8
13:35:15.495 [main] DEBUG io.netty.util.internal.PlatformDependent0 - sun.misc.Unsafe.theUnsafe: available
13:35:15.495 [main] DEBUG io.netty.util.internal.PlatformDependent0 - sun.misc.Unsafe.copyMemory: available
13:35:15.495 [main] DEBUG io.netty.util.internal.PlatformDependent0 - sun.misc.Unsafe.storeFence: available
13:35:15.495 [main] DEBUG io.netty.util.internal.PlatformDependent0 - java.nio.Buffer.address: available
13:35:15.495 [main] DEBUG io.netty.util.internal.PlatformDependent0 - direct buffer constructor: available
13:35:15.495 [main] DEBUG io.netty.util.internal.PlatformDependent0 - java.nio.Bits.unaligned: available, true
13:35:15.495 [main] DEBUG io.netty.util.internal.PlatformDependent0 - jdk.internal.misc.Unsafe.allocateUninitializedArray(int): unavailable prior to Java9
13:35:15.495 [main] DEBUG io.netty.util.internal.PlatformDependent0 - java.nio.DirectByteBuffer.<init>(long, {int,long}): available
13:35:15.495 [main] DEBUG io.netty.util.internal.CleanerJava6 - java.nio.ByteBuffer.cleaner(): available
13:35:15.496 [main] DEBUG io.netty.util.internal.PlatformDependent - sun.misc.Unsafe: available
13:35:15.496 [main] DEBUG io.netty.util.internal.PlatformDependent - -Dio.netty.tmpdir: /tmp (java.io.tmpdir)
13:35:15.496 [main] DEBUG io.netty.util.internal.PlatformDependent - -Dio.netty.bitMode: 64 (sun.arch.data.model)
13:35:15.496 [main] DEBUG io.netty.util.internal.PlatformDependent - -Dio.netty.maxDirectMemory: 11420041216 bytes
13:35:15.496 [main] DEBUG io.netty.util.internal.PlatformDependent - -Dio.netty.uninitializedArrayAllocationThreshold: -1
13:35:15.496 [main] DEBUG io.netty.util.internal.PlatformDependent - -Dio.netty.noPreferDirect: false
13:35:15.497 [main] DEBUG io.netty.util.internal.CleanerJava9 - java.nio.ByteBuffer.cleaner(): unavailable
java.lang.NoSuchMethodException: sun.misc.Unsafe.invokeCleaner(java.nio.ByteBuffer)
	at java.lang.Class.getDeclaredMethod(Class.java:2130)
	at io.netty.util.internal.CleanerJava9$1.run(CleanerJava9.java:45)
	at java.security.AccessController.doPrivileged(Native Method)
	at io.netty.util.internal.CleanerJava9.__STATIC_RESET(CleanerJava9.java:40)
	at sun.reflect.GeneratedMethodAccessor27.invoke(Unknown Source)
	at sun.reflect.DelegatingMethodAccessorImpl.invoke(DelegatingMethodAccessorImpl.java:43)
	at java.lang.reflect.Method.invoke(Method.java:498)
	at org.evosuite.runtime.classhandling.ClassResetter.reset(ClassResetter.java:159)
	at org.evosuite.runtime.classhandling.ClassStateSupport.resetClasses(ClassStateSupport.java:137)
	at io.netty.handler.codec.http.multipart.AbstractDiskHttpData_ESTest_scaffolding.resetClasses(AbstractDiskHttpData_ESTest_scaffolding.java:318)
	at io.netty.handler.codec.http.multipart.AbstractDiskHttpData_ESTest_scaffolding.doneWithTestCase(AbstractDiskHttpData_ESTest_scaffolding.java:74)
	at sun.reflect.GeneratedMethodAccessor6.invoke(Unknown Source)
	at sun.reflect.DelegatingMethodAccessorImpl.invoke(DelegatingMethodAccessorImpl.java:43)
	at java.lang.reflect.Method.invoke(Method.java:498)
	at org.junit.runners.model.FrameworkMethod$1.runReflectiveCall(FrameworkMethod.java:59)
	at org.junit.internal.runners.model.ReflectiveCallable.run(ReflectiveCallable.java:12)
	at org.junit.runners.model.FrameworkMethod.invokeExplosively(FrameworkMethod.java:56)
	at org.junit.internal.runners.statements.RunAfters.invokeMethod(RunAfters.java:46)
	at org.junit.internal.runners.statements.RunAfters.evaluate(RunAfters.java:33)
	at org.evosuite.runtime.vnet.NonFunctionalRequirementRule$1.evaluate(NonFunctionalRequirementRule.java:41)
	at org.junit.runners.ParentRunner$3.evaluate(ParentRunner.java:306)
	at org.junit.runners.BlockJUnit4ClassRunner$1.evaluate(BlockJUnit4ClassRunner.java:100)
	at org.junit.runners.ParentRunner.runLeaf(ParentRunner.java:366)
	at org.junit.runners.BlockJUnit4ClassRunner.runChild(BlockJUnit4ClassRunner.java:103)
	at org.junit.runners.BlockJUnit4ClassRunner.runChild(BlockJUnit4ClassRunner.java:63)
	at org.junit.runners.ParentRunner$4.run(ParentRunner.java:331)
	at org.junit.runners.ParentRunner$1.schedule(ParentRunner.java:79)
	at org.junit.runners.ParentRunner.runChildren(ParentRunner.java:329)
	at org.junit.runners.ParentRunner.access$100(ParentRunner.java:66)
	at org.junit.runners.ParentRunner$2.evaluate(ParentRunner.java:293)
	at org.junit.internal.runners.statements.RunBefores.evaluate(RunBefores.java:26)
	at org.junit.internal.runners.statements.RunAfters.evaluate(RunAfters.java:27)
	at org.junit.runners.ParentRunner$3.evaluate(ParentRunner.java:306)
	at org.junit.runners.ParentRunner.run(ParentRunner.java:413)
	at org.apache.maven.surefire.junit4.JUnit4Provider.execute(JUnit4Provider.java:316)
	at org.apache.maven.surefire.junit4.JUnit4Provider.executeWithRerun(JUnit4Provider.java:240)
	at org.apache.maven.surefire.junit4.JUnit4Provider.executeTestSet(JUnit4Provider.java:214)
	at org.apache.maven.surefire.junit4.JUnit4Provider.invoke(JUnit4Provider.java:155)
	at org.apache.maven.surefire.booter.ForkedBooter.runSuitesInProcess(ForkedBooter.java:385)
	at org.apache.maven.surefire.booter.ForkedBooter.execute(ForkedBooter.java:162)
	at org.apache.maven.surefire.booter.ForkedBooter.run(ForkedBooter.java:507)
	at org.apache.maven.surefire.booter.ForkedBooter.main(ForkedBooter.java:495)
13:35:15.497 [main] DEBUG io.netty.util.ResourceLeakDetector - -Dio.netty.leakDetection.level: simple
13:35:15.497 [main] DEBUG io.netty.util.ResourceLeakDetector - -Dio.netty.leakDetection.targetRecords: 4
13:35:15.498 [main] DEBUG io.netty.buffer.AbstractByteBuf - -Dio.netty.buffer.checkAccessible: true
13:35:15.498 [main] DEBUG io.netty.buffer.AbstractByteBuf - -Dio.netty.buffer.checkBounds: true
13:35:15.498 [main] DEBUG io.netty.util.ResourceLeakDetectorFactory - Loaded default ResourceLeakDetector: io.netty.util.ResourceLeakDetector@5
13:35:15.498 [main] DEBUG io.netty.util.internal.InternalThreadLocalMap - -Dio.netty.threadLocalMap.stringBuilder.initialSize: 1024
13:35:15.498 [main] DEBUG io.netty.util.internal.InternalThreadLocalMap - -Dio.netty.threadLocalMap.stringBuilder.maxSize: 4096
13:35:15.498 [main] DEBUG io.netty.buffer.PooledByteBufAllocator - -Dio.netty.allocator.numHeapArenas: 0
13:35:15.498 [main] DEBUG io.netty.buffer.PooledByteBufAllocator - -Dio.netty.allocator.numDirectArenas: 2
13:35:15.498 [main] DEBUG io.netty.buffer.PooledByteBufAllocator - -Dio.netty.allocator.pageSize: 8192
13:35:15.498 [main] DEBUG io.netty.buffer.PooledByteBufAllocator - -Dio.netty.allocator.maxOrder: 9
13:35:15.498 [main] DEBUG io.netty.buffer.PooledByteBufAllocator - -Dio.netty.allocator.chunkSize: 4194304
13:35:15.498 [main] DEBUG io.netty.buffer.PooledByteBufAllocator - -Dio.netty.allocator.smallCacheSize: 256
13:35:15.498 [main] DEBUG io.netty.buffer.PooledByteBufAllocator - -Dio.netty.allocator.normalCacheSize: 64
13:35:15.498 [main] DEBUG io.netty.buffer.PooledByteBufAllocator - -Dio.netty.allocator.maxCachedBufferCapacity: 32768
13:35:15.498 [main] DEBUG io.netty.buffer.PooledByteBufAllocator - -Dio.netty.allocator.cacheTrimInterval: 8192
13:35:15.498 [main] DEBUG io.netty.buffer.PooledByteBufAllocator - -Dio.netty.allocator.cacheTrimIntervalMillis: 0
13:35:15.498 [main] DEBUG io.netty.buffer.PooledByteBufAllocator - -Dio.netty.allocator.useCacheForAllThreads: false
13:35:15.498 [main] DEBUG io.netty.buffer.PooledByteBufAllocator - -Dio.netty.allocator.maxCachedByteBuffersPerChunk: 1023
13:35:15.499 [main] DEBUG io.netty.buffer.ByteBufUtil - -Dio.netty.allocator.type: pooled
13:35:15.499 [main] DEBUG io.netty.buffer.ByteBufUtil - -Dio.netty.threadLocalDirectBufferSize: 0
13:35:15.499 [main] DEBUG io.netty.buffer.ByteBufUtil - -Dio.netty.maxThreadLocalCharBufferSize: 16384
13:35:15.500 [main] DEBUG io.netty.util.Recycler - -Dio.netty.recycler.maxCapacityPerThread: 4096
13:35:15.500 [main] DEBUG io.netty.util.Recycler - -Dio.netty.recycler.ratio: 8
13:35:15.500 [main] DEBUG io.netty.util.Recycler - -Dio.netty.recycler.chunkSize: 32
13:35:15.500 [main] DEBUG io.netty.util.Recycler - -Dio.netty.recycler.blocking: false
13:35:15.500 [main] DEBUG io.netty.util.Recycler - -Dio.netty.recycler.batchFastThreadLocalOnly: true
13:35:15.501 [main] DEBUG io.netty.util.internal.PlatformDependent - org.jctools-core.MpscChunkedArrayQueue: available
]]></system-out>
  </testcase>
  <testcase name="test58" classname="io.netty.handler.codec.http.multipart.AbstractDiskHttpData_ESTest" time="0.017">
    <system-out><![CDATA[13:35:15.512 [main] DEBUG io.netty.util.internal.logging.InternalLoggerFactory - Using SLF4J as the default logging framework
13:35:15.512 [main] DEBUG io.netty.util.internal.PlatformDependent0 - -Dio.netty.noUnsafe: false
13:35:15.512 [main] DEBUG io.netty.util.internal.PlatformDependent0 - Java version: 8
13:35:15.512 [main] DEBUG io.netty.util.internal.PlatformDependent0 - sun.misc.Unsafe.theUnsafe: available
13:35:15.512 [main] DEBUG io.netty.util.internal.PlatformDependent0 - sun.misc.Unsafe.copyMemory: available
13:35:15.512 [main] DEBUG io.netty.util.internal.PlatformDependent0 - sun.misc.Unsafe.storeFence: available
13:35:15.512 [main] DEBUG io.netty.util.internal.PlatformDependent0 - java.nio.Buffer.address: available
13:35:15.512 [main] DEBUG io.netty.util.internal.PlatformDependent0 - direct buffer constructor: available
13:35:15.513 [main] DEBUG io.netty.util.internal.PlatformDependent0 - java.nio.Bits.unaligned: available, true
13:35:15.513 [main] DEBUG io.netty.util.internal.PlatformDependent0 - jdk.internal.misc.Unsafe.allocateUninitializedArray(int): unavailable prior to Java9
13:35:15.513 [main] DEBUG io.netty.util.internal.PlatformDependent0 - java.nio.DirectByteBuffer.<init>(long, {int,long}): available
13:35:15.513 [main] DEBUG io.netty.util.internal.CleanerJava6 - java.nio.ByteBuffer.cleaner(): available
13:35:15.513 [main] DEBUG io.netty.util.internal.PlatformDependent - sun.misc.Unsafe: available
13:35:15.513 [main] DEBUG io.netty.util.internal.PlatformDependent - -Dio.netty.tmpdir: /tmp (java.io.tmpdir)
13:35:15.513 [main] DEBUG io.netty.util.internal.PlatformDependent - -Dio.netty.bitMode: 64 (sun.arch.data.model)
13:35:15.513 [main] DEBUG io.netty.util.internal.PlatformDependent - -Dio.netty.maxDirectMemory: 11420041216 bytes
13:35:15.513 [main] DEBUG io.netty.util.internal.PlatformDependent - -Dio.netty.uninitializedArrayAllocationThreshold: -1
13:35:15.513 [main] DEBUG io.netty.util.internal.PlatformDependent - -Dio.netty.noPreferDirect: false
13:35:15.514 [main] DEBUG io.netty.util.internal.CleanerJava9 - java.nio.ByteBuffer.cleaner(): unavailable
java.lang.NoSuchMethodException: sun.misc.Unsafe.invokeCleaner(java.nio.ByteBuffer)
	at java.lang.Class.getDeclaredMethod(Class.java:2130)
	at io.netty.util.internal.CleanerJava9$1.run(CleanerJava9.java:45)
	at java.security.AccessController.doPrivileged(Native Method)
	at io.netty.util.internal.CleanerJava9.__STATIC_RESET(CleanerJava9.java:40)
	at sun.reflect.GeneratedMethodAccessor27.invoke(Unknown Source)
	at sun.reflect.DelegatingMethodAccessorImpl.invoke(DelegatingMethodAccessorImpl.java:43)
	at java.lang.reflect.Method.invoke(Method.java:498)
	at org.evosuite.runtime.classhandling.ClassResetter.reset(ClassResetter.java:159)
	at org.evosuite.runtime.classhandling.ClassStateSupport.resetClasses(ClassStateSupport.java:137)
	at io.netty.handler.codec.http.multipart.AbstractDiskHttpData_ESTest_scaffolding.resetClasses(AbstractDiskHttpData_ESTest_scaffolding.java:318)
	at io.netty.handler.codec.http.multipart.AbstractDiskHttpData_ESTest_scaffolding.doneWithTestCase(AbstractDiskHttpData_ESTest_scaffolding.java:74)
	at sun.reflect.GeneratedMethodAccessor6.invoke(Unknown Source)
	at sun.reflect.DelegatingMethodAccessorImpl.invoke(DelegatingMethodAccessorImpl.java:43)
	at java.lang.reflect.Method.invoke(Method.java:498)
	at org.junit.runners.model.FrameworkMethod$1.runReflectiveCall(FrameworkMethod.java:59)
	at org.junit.internal.runners.model.ReflectiveCallable.run(ReflectiveCallable.java:12)
	at org.junit.runners.model.FrameworkMethod.invokeExplosively(FrameworkMethod.java:56)
	at org.junit.internal.runners.statements.RunAfters.invokeMethod(RunAfters.java:46)
	at org.junit.internal.runners.statements.RunAfters.evaluate(RunAfters.java:33)
	at org.evosuite.runtime.vnet.NonFunctionalRequirementRule$1.evaluate(NonFunctionalRequirementRule.java:41)
	at org.junit.runners.ParentRunner$3.evaluate(ParentRunner.java:306)
	at org.junit.runners.BlockJUnit4ClassRunner$1.evaluate(BlockJUnit4ClassRunner.java:100)
	at org.junit.runners.ParentRunner.runLeaf(ParentRunner.java:366)
	at org.junit.runners.BlockJUnit4ClassRunner.runChild(BlockJUnit4ClassRunner.java:103)
	at org.junit.runners.BlockJUnit4ClassRunner.runChild(BlockJUnit4ClassRunner.java:63)
	at org.junit.runners.ParentRunner$4.run(ParentRunner.java:331)
	at org.junit.runners.ParentRunner$1.schedule(ParentRunner.java:79)
	at org.junit.runners.ParentRunner.runChildren(ParentRunner.java:329)
	at org.junit.runners.ParentRunner.access$100(ParentRunner.java:66)
	at org.junit.runners.ParentRunner$2.evaluate(ParentRunner.java:293)
	at org.junit.internal.runners.statements.RunBefores.evaluate(RunBefores.java:26)
	at org.junit.internal.runners.statements.RunAfters.evaluate(RunAfters.java:27)
	at org.junit.runners.ParentRunner$3.evaluate(ParentRunner.java:306)
	at org.junit.runners.ParentRunner.run(ParentRunner.java:413)
	at org.apache.maven.surefire.junit4.JUnit4Provider.execute(JUnit4Provider.java:316)
	at org.apache.maven.surefire.junit4.JUnit4Provider.executeWithRerun(JUnit4Provider.java:240)
	at org.apache.maven.surefire.junit4.JUnit4Provider.executeTestSet(JUnit4Provider.java:214)
	at org.apache.maven.surefire.junit4.JUnit4Provider.invoke(JUnit4Provider.java:155)
	at org.apache.maven.surefire.booter.ForkedBooter.runSuitesInProcess(ForkedBooter.java:385)
	at org.apache.maven.surefire.booter.ForkedBooter.execute(ForkedBooter.java:162)
	at org.apache.maven.surefire.booter.ForkedBooter.run(ForkedBooter.java:507)
	at org.apache.maven.surefire.booter.ForkedBooter.main(ForkedBooter.java:495)
13:35:15.514 [main] DEBUG io.netty.util.ResourceLeakDetector - -Dio.netty.leakDetection.level: simple
13:35:15.514 [main] DEBUG io.netty.util.ResourceLeakDetector - -Dio.netty.leakDetection.targetRecords: 4
13:35:15.515 [main] DEBUG io.netty.buffer.AbstractByteBuf - -Dio.netty.buffer.checkAccessible: true
13:35:15.515 [main] DEBUG io.netty.buffer.AbstractByteBuf - -Dio.netty.buffer.checkBounds: true
13:35:15.515 [main] DEBUG io.netty.util.ResourceLeakDetectorFactory - Loaded default ResourceLeakDetector: io.netty.util.ResourceLeakDetector@5
13:35:15.516 [main] DEBUG io.netty.util.internal.InternalThreadLocalMap - -Dio.netty.threadLocalMap.stringBuilder.initialSize: 1024
13:35:15.516 [main] DEBUG io.netty.util.internal.InternalThreadLocalMap - -Dio.netty.threadLocalMap.stringBuilder.maxSize: 4096
13:35:15.516 [main] DEBUG io.netty.buffer.PooledByteBufAllocator - -Dio.netty.allocator.numHeapArenas: 0
13:35:15.516 [main] DEBUG io.netty.buffer.PooledByteBufAllocator - -Dio.netty.allocator.numDirectArenas: 2
13:35:15.516 [main] DEBUG io.netty.buffer.PooledByteBufAllocator - -Dio.netty.allocator.pageSize: 8192
13:35:15.516 [main] DEBUG io.netty.buffer.PooledByteBufAllocator - -Dio.netty.allocator.maxOrder: 9
13:35:15.516 [main] DEBUG io.netty.buffer.PooledByteBufAllocator - -Dio.netty.allocator.chunkSize: 4194304
13:35:15.516 [main] DEBUG io.netty.buffer.PooledByteBufAllocator - -Dio.netty.allocator.smallCacheSize: 256
13:35:15.516 [main] DEBUG io.netty.buffer.PooledByteBufAllocator - -Dio.netty.allocator.normalCacheSize: 64
13:35:15.516 [main] DEBUG io.netty.buffer.PooledByteBufAllocator - -Dio.netty.allocator.maxCachedBufferCapacity: 32768
13:35:15.516 [main] DEBUG io.netty.buffer.PooledByteBufAllocator - -Dio.netty.allocator.cacheTrimInterval: 8192
13:35:15.516 [main] DEBUG io.netty.buffer.PooledByteBufAllocator - -Dio.netty.allocator.cacheTrimIntervalMillis: 0
13:35:15.516 [main] DEBUG io.netty.buffer.PooledByteBufAllocator - -Dio.netty.allocator.useCacheForAllThreads: false
13:35:15.516 [main] DEBUG io.netty.buffer.PooledByteBufAllocator - -Dio.netty.allocator.maxCachedByteBuffersPerChunk: 1023
13:35:15.517 [main] DEBUG io.netty.buffer.ByteBufUtil - -Dio.netty.allocator.type: pooled
13:35:15.517 [main] DEBUG io.netty.buffer.ByteBufUtil - -Dio.netty.threadLocalDirectBufferSize: 0
13:35:15.517 [main] DEBUG io.netty.buffer.ByteBufUtil - -Dio.netty.maxThreadLocalCharBufferSize: 16384
13:35:15.518 [main] DEBUG io.netty.util.Recycler - -Dio.netty.recycler.maxCapacityPerThread: 4096
13:35:15.518 [main] DEBUG io.netty.util.Recycler - -Dio.netty.recycler.ratio: 8
13:35:15.518 [main] DEBUG io.netty.util.Recycler - -Dio.netty.recycler.chunkSize: 32
13:35:15.518 [main] DEBUG io.netty.util.Recycler - -Dio.netty.recycler.blocking: false
13:35:15.518 [main] DEBUG io.netty.util.Recycler - -Dio.netty.recycler.batchFastThreadLocalOnly: true
13:35:15.518 [main] DEBUG io.netty.util.internal.PlatformDependent - org.jctools-core.MpscChunkedArrayQueue: available
]]></system-out>
  </testcase>
  <testcase name="test13" classname="io.netty.handler.codec.http.multipart.AbstractDiskHttpData_ESTest" time="0.034">
    <system-out><![CDATA[13:35:15.527 [main] DEBUG io.netty.util.internal.logging.InternalLoggerFactory - Using SLF4J as the default logging framework
13:35:15.528 [main] DEBUG io.netty.util.internal.PlatformDependent0 - -Dio.netty.noUnsafe: false
13:35:15.528 [main] DEBUG io.netty.util.internal.PlatformDependent0 - Java version: 8
13:35:15.528 [main] DEBUG io.netty.util.internal.PlatformDependent0 - sun.misc.Unsafe.theUnsafe: available
13:35:15.528 [main] DEBUG io.netty.util.internal.PlatformDependent0 - sun.misc.Unsafe.copyMemory: available
13:35:15.528 [main] DEBUG io.netty.util.internal.PlatformDependent0 - sun.misc.Unsafe.storeFence: available
13:35:15.528 [main] DEBUG io.netty.util.internal.PlatformDependent0 - java.nio.Buffer.address: available
13:35:15.528 [main] DEBUG io.netty.util.internal.PlatformDependent0 - direct buffer constructor: available
13:35:15.528 [main] DEBUG io.netty.util.internal.PlatformDependent0 - java.nio.Bits.unaligned: available, true
13:35:15.528 [main] DEBUG io.netty.util.internal.PlatformDependent0 - jdk.internal.misc.Unsafe.allocateUninitializedArray(int): unavailable prior to Java9
13:35:15.528 [main] DEBUG io.netty.util.internal.PlatformDependent0 - java.nio.DirectByteBuffer.<init>(long, {int,long}): available
13:35:15.529 [main] DEBUG io.netty.util.internal.CleanerJava6 - java.nio.ByteBuffer.cleaner(): available
13:35:15.529 [main] DEBUG io.netty.util.internal.PlatformDependent - sun.misc.Unsafe: available
13:35:15.529 [main] DEBUG io.netty.util.internal.PlatformDependent - -Dio.netty.tmpdir: /tmp (java.io.tmpdir)
13:35:15.529 [main] DEBUG io.netty.util.internal.PlatformDependent - -Dio.netty.bitMode: 64 (sun.arch.data.model)
13:35:15.529 [main] DEBUG io.netty.util.internal.PlatformDependent - -Dio.netty.maxDirectMemory: 11420041216 bytes
13:35:15.529 [main] DEBUG io.netty.util.internal.PlatformDependent - -Dio.netty.uninitializedArrayAllocationThreshold: -1
13:35:15.529 [main] DEBUG io.netty.util.internal.PlatformDependent - -Dio.netty.noPreferDirect: false
13:35:15.530 [main] DEBUG io.netty.util.internal.CleanerJava9 - java.nio.ByteBuffer.cleaner(): unavailable
java.lang.NoSuchMethodException: sun.misc.Unsafe.invokeCleaner(java.nio.ByteBuffer)
	at java.lang.Class.getDeclaredMethod(Class.java:2130)
	at io.netty.util.internal.CleanerJava9$1.run(CleanerJava9.java:45)
	at java.security.AccessController.doPrivileged(Native Method)
	at io.netty.util.internal.CleanerJava9.__STATIC_RESET(CleanerJava9.java:40)
	at sun.reflect.GeneratedMethodAccessor27.invoke(Unknown Source)
	at sun.reflect.DelegatingMethodAccessorImpl.invoke(DelegatingMethodAccessorImpl.java:43)
	at java.lang.reflect.Method.invoke(Method.java:498)
	at org.evosuite.runtime.classhandling.ClassResetter.reset(ClassResetter.java:159)
	at org.evosuite.runtime.classhandling.ClassStateSupport.resetClasses(ClassStateSupport.java:137)
	at io.netty.handler.codec.http.multipart.AbstractDiskHttpData_ESTest_scaffolding.resetClasses(AbstractDiskHttpData_ESTest_scaffolding.java:318)
	at io.netty.handler.codec.http.multipart.AbstractDiskHttpData_ESTest_scaffolding.doneWithTestCase(AbstractDiskHttpData_ESTest_scaffolding.java:74)
	at sun.reflect.GeneratedMethodAccessor6.invoke(Unknown Source)
	at sun.reflect.DelegatingMethodAccessorImpl.invoke(DelegatingMethodAccessorImpl.java:43)
	at java.lang.reflect.Method.invoke(Method.java:498)
	at org.junit.runners.model.FrameworkMethod$1.runReflectiveCall(FrameworkMethod.java:59)
	at org.junit.internal.runners.model.ReflectiveCallable.run(ReflectiveCallable.java:12)
	at org.junit.runners.model.FrameworkMethod.invokeExplosively(FrameworkMethod.java:56)
	at org.junit.internal.runners.statements.RunAfters.invokeMethod(RunAfters.java:46)
	at org.junit.internal.runners.statements.RunAfters.evaluate(RunAfters.java:33)
	at org.evosuite.runtime.vnet.NonFunctionalRequirementRule$1.evaluate(NonFunctionalRequirementRule.java:41)
	at org.junit.runners.ParentRunner$3.evaluate(ParentRunner.java:306)
	at org.junit.runners.BlockJUnit4ClassRunner$1.evaluate(BlockJUnit4ClassRunner.java:100)
	at org.junit.runners.ParentRunner.runLeaf(ParentRunner.java:366)
	at org.junit.runners.BlockJUnit4ClassRunner.runChild(BlockJUnit4ClassRunner.java:103)
	at org.junit.runners.BlockJUnit4ClassRunner.runChild(BlockJUnit4ClassRunner.java:63)
	at org.junit.runners.ParentRunner$4.run(ParentRunner.java:331)
	at org.junit.runners.ParentRunner$1.schedule(ParentRunner.java:79)
	at org.junit.runners.ParentRunner.runChildren(ParentRunner.java:329)
	at org.junit.runners.ParentRunner.access$100(ParentRunner.java:66)
	at org.junit.runners.ParentRunner$2.evaluate(ParentRunner.java:293)
	at org.junit.internal.runners.statements.RunBefores.evaluate(RunBefores.java:26)
	at org.junit.internal.runners.statements.RunAfters.evaluate(RunAfters.java:27)
	at org.junit.runners.ParentRunner$3.evaluate(ParentRunner.java:306)
	at org.junit.runners.ParentRunner.run(ParentRunner.java:413)
	at org.apache.maven.surefire.junit4.JUnit4Provider.execute(JUnit4Provider.java:316)
	at org.apache.maven.surefire.junit4.JUnit4Provider.executeWithRerun(JUnit4Provider.java:240)
	at org.apache.maven.surefire.junit4.JUnit4Provider.executeTestSet(JUnit4Provider.java:214)
	at org.apache.maven.surefire.junit4.JUnit4Provider.invoke(JUnit4Provider.java:155)
	at org.apache.maven.surefire.booter.ForkedBooter.runSuitesInProcess(ForkedBooter.java:385)
	at org.apache.maven.surefire.booter.ForkedBooter.execute(ForkedBooter.java:162)
	at org.apache.maven.surefire.booter.ForkedBooter.run(ForkedBooter.java:507)
	at org.apache.maven.surefire.booter.ForkedBooter.main(ForkedBooter.java:495)
13:35:15.536 [main] DEBUG io.netty.util.ResourceLeakDetector - -Dio.netty.leakDetection.level: simple
13:35:15.536 [main] DEBUG io.netty.util.ResourceLeakDetector - -Dio.netty.leakDetection.targetRecords: 4
13:35:15.536 [main] DEBUG io.netty.buffer.AbstractByteBuf - -Dio.netty.buffer.checkAccessible: true
13:35:15.536 [main] DEBUG io.netty.buffer.AbstractByteBuf - -Dio.netty.buffer.checkBounds: true
13:35:15.536 [main] DEBUG io.netty.util.ResourceLeakDetectorFactory - Loaded default ResourceLeakDetector: io.netty.util.ResourceLeakDetector@5
13:35:15.536 [main] DEBUG io.netty.util.internal.InternalThreadLocalMap - -Dio.netty.threadLocalMap.stringBuilder.initialSize: 1024
13:35:15.537 [main] DEBUG io.netty.util.internal.InternalThreadLocalMap - -Dio.netty.threadLocalMap.stringBuilder.maxSize: 4096
13:35:15.537 [main] DEBUG io.netty.buffer.PooledByteBufAllocator - -Dio.netty.allocator.numHeapArenas: 0
13:35:15.537 [main] DEBUG io.netty.buffer.PooledByteBufAllocator - -Dio.netty.allocator.numDirectArenas: 2
13:35:15.537 [main] DEBUG io.netty.buffer.PooledByteBufAllocator - -Dio.netty.allocator.pageSize: 8192
13:35:15.537 [main] DEBUG io.netty.buffer.PooledByteBufAllocator - -Dio.netty.allocator.maxOrder: 9
13:35:15.537 [main] DEBUG io.netty.buffer.PooledByteBufAllocator - -Dio.netty.allocator.chunkSize: 4194304
13:35:15.537 [main] DEBUG io.netty.buffer.PooledByteBufAllocator - -Dio.netty.allocator.smallCacheSize: 256
13:35:15.537 [main] DEBUG io.netty.buffer.PooledByteBufAllocator - -Dio.netty.allocator.normalCacheSize: 64
13:35:15.537 [main] DEBUG io.netty.buffer.PooledByteBufAllocator - -Dio.netty.allocator.maxCachedBufferCapacity: 32768
13:35:15.537 [main] DEBUG io.netty.buffer.PooledByteBufAllocator - -Dio.netty.allocator.cacheTrimInterval: 8192
13:35:15.537 [main] DEBUG io.netty.buffer.PooledByteBufAllocator - -Dio.netty.allocator.cacheTrimIntervalMillis: 0
13:35:15.537 [main] DEBUG io.netty.buffer.PooledByteBufAllocator - -Dio.netty.allocator.useCacheForAllThreads: false
13:35:15.537 [main] DEBUG io.netty.buffer.PooledByteBufAllocator - -Dio.netty.allocator.maxCachedByteBuffersPerChunk: 1023
13:35:15.537 [main] DEBUG io.netty.buffer.ByteBufUtil - -Dio.netty.allocator.type: pooled
13:35:15.537 [main] DEBUG io.netty.buffer.ByteBufUtil - -Dio.netty.threadLocalDirectBufferSize: 0
13:35:15.537 [main] DEBUG io.netty.buffer.ByteBufUtil - -Dio.netty.maxThreadLocalCharBufferSize: 16384
13:35:15.538 [main] DEBUG io.netty.util.Recycler - -Dio.netty.recycler.maxCapacityPerThread: 4096
13:35:15.538 [main] DEBUG io.netty.util.Recycler - -Dio.netty.recycler.ratio: 8
13:35:15.538 [main] DEBUG io.netty.util.Recycler - -Dio.netty.recycler.chunkSize: 32
13:35:15.538 [main] DEBUG io.netty.util.Recycler - -Dio.netty.recycler.blocking: false
13:35:15.538 [main] DEBUG io.netty.util.Recycler - -Dio.netty.recycler.batchFastThreadLocalOnly: true
13:35:15.538 [main] DEBUG io.netty.util.internal.PlatformDependent - org.jctools-core.MpscChunkedArrayQueue: available
]]></system-out>
  </testcase>
  <testcase name="test57" classname="io.netty.handler.codec.http.multipart.AbstractDiskHttpData_ESTest" time="0.018">
    <system-out><![CDATA[13:35:15.544 [Time-limited test] INFO org.evosuite.runtime.instrumentation.EvoClassLoader - Seeing class for first time: io.netty.handler.codec.http.multipart.AbstractDiskHttpData_ESTest$8
13:35:15.545 [Time-limited test] INFO org.evosuite.runtime.instrumentation.EvoClassLoader - Instrumenting class 'io.netty.handler.codec.http.multipart.AbstractDiskHttpData_ESTest$8'.
13:35:15.546 [Time-limited test] INFO org.evosuite.runtime.instrumentation.EvoClassLoader - Keeping class: io.netty.handler.codec.http.multipart.AbstractDiskHttpData_ESTest$8
13:35:15.547 [pool-2-thread-1] DEBUG org.evosuite.runtime.sandbox.MSecurityManager - Security manager blocks permission ("java.io.FilePermission" "/tmp/Attr_2361947953393353709_1692388912" "write")
java.lang.Thread.getStackTrace(Thread.java:1564)
org.evosuite.runtime.sandbox.MSecurityManager.checkPermission(MSecurityManager.java:424)
java.lang.SecurityManager.checkWrite(SecurityManager.java:979)
sun.nio.fs.UnixChannelFactory.open(UnixChannelFactory.java:247)
sun.nio.fs.UnixChannelFactory.newFileChannel(UnixChannelFactory.java:136)
sun.nio.fs.UnixChannelFactory.newFileChannel(UnixChannelFactory.java:148)
sun.nio.fs.UnixFileSystemProvider.newByteChannel(UnixFileSystemProvider.java:212)
java.nio.file.Files.newByteChannel(Files.java:361)
java.nio.file.Files.createFile(Files.java:632)
java.nio.file.TempFileHelper.create(TempFileHelper.java:138)
java.nio.file.TempFileHelper.createTempFile(TempFileHelper.java:161)
java.nio.file.Files.createTempFile(Files.java:897)
io.netty.util.internal.PlatformDependent.createTempFile(PlatformDependent.java:1499)
io.netty.handler.codec.http.multipart.AbstractDiskHttpData.tempFile(AbstractDiskHttpData.java:92)
io.netty.handler.codec.http.multipart.AbstractDiskHttpData.setContent(AbstractDiskHttpData.java:229)
io.netty.handler.codec.http.multipart.AbstractDiskHttpData_ESTest$8.run(AbstractDiskHttpData_ESTest.java:987)
java.util.concurrent.Executors$RunnableAdapter.call(Executors.java:511)
java.util.concurrent.FutureTask.run(FutureTask.java:266)
java.util.concurrent.ThreadPoolExecutor.runWorker(ThreadPoolExecutor.java:1149)
java.util.concurrent.ThreadPoolExecutor$Worker.run(ThreadPoolExecutor.java:624)
java.lang.Thread.run(Thread.java:750)

13:35:15.549 [main] DEBUG io.netty.util.internal.logging.InternalLoggerFactory - Using SLF4J as the default logging framework
13:35:15.549 [main] DEBUG io.netty.util.internal.PlatformDependent0 - -Dio.netty.noUnsafe: false
13:35:15.549 [main] DEBUG io.netty.util.internal.PlatformDependent0 - Java version: 8
13:35:15.549 [main] DEBUG io.netty.util.internal.PlatformDependent0 - sun.misc.Unsafe.theUnsafe: available
13:35:15.549 [main] DEBUG io.netty.util.internal.PlatformDependent0 - sun.misc.Unsafe.copyMemory: available
13:35:15.549 [main] DEBUG io.netty.util.internal.PlatformDependent0 - sun.misc.Unsafe.storeFence: available
13:35:15.549 [main] DEBUG io.netty.util.internal.PlatformDependent0 - java.nio.Buffer.address: available
13:35:15.549 [main] DEBUG io.netty.util.internal.PlatformDependent0 - direct buffer constructor: available
13:35:15.550 [main] DEBUG io.netty.util.internal.PlatformDependent0 - java.nio.Bits.unaligned: available, true
13:35:15.550 [main] DEBUG io.netty.util.internal.PlatformDependent0 - jdk.internal.misc.Unsafe.allocateUninitializedArray(int): unavailable prior to Java9
13:35:15.550 [main] DEBUG io.netty.util.internal.PlatformDependent0 - java.nio.DirectByteBuffer.<init>(long, {int,long}): available
13:35:15.550 [main] DEBUG io.netty.util.internal.CleanerJava6 - java.nio.ByteBuffer.cleaner(): available
13:35:15.550 [main] DEBUG io.netty.util.internal.PlatformDependent - sun.misc.Unsafe: available
13:35:15.550 [main] DEBUG io.netty.util.internal.PlatformDependent - -Dio.netty.tmpdir: /tmp (java.io.tmpdir)
13:35:15.550 [main] DEBUG io.netty.util.internal.PlatformDependent - -Dio.netty.bitMode: 64 (sun.arch.data.model)
13:35:15.550 [main] DEBUG io.netty.util.internal.PlatformDependent - -Dio.netty.maxDirectMemory: 11420041216 bytes
13:35:15.550 [main] DEBUG io.netty.util.internal.PlatformDependent - -Dio.netty.uninitializedArrayAllocationThreshold: -1
13:35:15.550 [main] DEBUG io.netty.util.internal.PlatformDependent - -Dio.netty.noPreferDirect: false
13:35:15.551 [main] DEBUG io.netty.util.internal.CleanerJava9 - java.nio.ByteBuffer.cleaner(): unavailable
java.lang.NoSuchMethodException: sun.misc.Unsafe.invokeCleaner(java.nio.ByteBuffer)
	at java.lang.Class.getDeclaredMethod(Class.java:2130)
	at io.netty.util.internal.CleanerJava9$1.run(CleanerJava9.java:45)
	at java.security.AccessController.doPrivileged(Native Method)
	at io.netty.util.internal.CleanerJava9.__STATIC_RESET(CleanerJava9.java:40)
	at sun.reflect.GeneratedMethodAccessor27.invoke(Unknown Source)
	at sun.reflect.DelegatingMethodAccessorImpl.invoke(DelegatingMethodAccessorImpl.java:43)
	at java.lang.reflect.Method.invoke(Method.java:498)
	at org.evosuite.runtime.classhandling.ClassResetter.reset(ClassResetter.java:159)
	at org.evosuite.runtime.classhandling.ClassStateSupport.resetClasses(ClassStateSupport.java:137)
	at io.netty.handler.codec.http.multipart.AbstractDiskHttpData_ESTest_scaffolding.resetClasses(AbstractDiskHttpData_ESTest_scaffolding.java:318)
	at io.netty.handler.codec.http.multipart.AbstractDiskHttpData_ESTest_scaffolding.doneWithTestCase(AbstractDiskHttpData_ESTest_scaffolding.java:74)
	at sun.reflect.GeneratedMethodAccessor6.invoke(Unknown Source)
	at sun.reflect.DelegatingMethodAccessorImpl.invoke(DelegatingMethodAccessorImpl.java:43)
	at java.lang.reflect.Method.invoke(Method.java:498)
	at org.junit.runners.model.FrameworkMethod$1.runReflectiveCall(FrameworkMethod.java:59)
	at org.junit.internal.runners.model.ReflectiveCallable.run(ReflectiveCallable.java:12)
	at org.junit.runners.model.FrameworkMethod.invokeExplosively(FrameworkMethod.java:56)
	at org.junit.internal.runners.statements.RunAfters.invokeMethod(RunAfters.java:46)
	at org.junit.internal.runners.statements.RunAfters.evaluate(RunAfters.java:33)
	at org.evosuite.runtime.vnet.NonFunctionalRequirementRule$1.evaluate(NonFunctionalRequirementRule.java:41)
	at org.junit.runners.ParentRunner$3.evaluate(ParentRunner.java:306)
	at org.junit.runners.BlockJUnit4ClassRunner$1.evaluate(BlockJUnit4ClassRunner.java:100)
	at org.junit.runners.ParentRunner.runLeaf(ParentRunner.java:366)
	at org.junit.runners.BlockJUnit4ClassRunner.runChild(BlockJUnit4ClassRunner.java:103)
	at org.junit.runners.BlockJUnit4ClassRunner.runChild(BlockJUnit4ClassRunner.java:63)
	at org.junit.runners.ParentRunner$4.run(ParentRunner.java:331)
	at org.junit.runners.ParentRunner$1.schedule(ParentRunner.java:79)
	at org.junit.runners.ParentRunner.runChildren(ParentRunner.java:329)
	at org.junit.runners.ParentRunner.access$100(ParentRunner.java:66)
	at org.junit.runners.ParentRunner$2.evaluate(ParentRunner.java:293)
	at org.junit.internal.runners.statements.RunBefores.evaluate(RunBefores.java:26)
	at org.junit.internal.runners.statements.RunAfters.evaluate(RunAfters.java:27)
	at org.junit.runners.ParentRunner$3.evaluate(ParentRunner.java:306)
	at org.junit.runners.ParentRunner.run(ParentRunner.java:413)
	at org.apache.maven.surefire.junit4.JUnit4Provider.execute(JUnit4Provider.java:316)
	at org.apache.maven.surefire.junit4.JUnit4Provider.executeWithRerun(JUnit4Provider.java:240)
	at org.apache.maven.surefire.junit4.JUnit4Provider.executeTestSet(JUnit4Provider.java:214)
	at org.apache.maven.surefire.junit4.JUnit4Provider.invoke(JUnit4Provider.java:155)
	at org.apache.maven.surefire.booter.ForkedBooter.runSuitesInProcess(ForkedBooter.java:385)
	at org.apache.maven.surefire.booter.ForkedBooter.execute(ForkedBooter.java:162)
	at org.apache.maven.surefire.booter.ForkedBooter.run(ForkedBooter.java:507)
	at org.apache.maven.surefire.booter.ForkedBooter.main(ForkedBooter.java:495)
13:35:15.552 [main] DEBUG io.netty.util.ResourceLeakDetector - -Dio.netty.leakDetection.level: simple
13:35:15.552 [main] DEBUG io.netty.util.ResourceLeakDetector - -Dio.netty.leakDetection.targetRecords: 4
13:35:15.552 [main] DEBUG io.netty.buffer.AbstractByteBuf - -Dio.netty.buffer.checkAccessible: true
13:35:15.552 [main] DEBUG io.netty.buffer.AbstractByteBuf - -Dio.netty.buffer.checkBounds: true
13:35:15.552 [main] DEBUG io.netty.util.ResourceLeakDetectorFactory - Loaded default ResourceLeakDetector: io.netty.util.ResourceLeakDetector@5
13:35:15.553 [main] DEBUG io.netty.util.internal.InternalThreadLocalMap - -Dio.netty.threadLocalMap.stringBuilder.initialSize: 1024
13:35:15.553 [main] DEBUG io.netty.util.internal.InternalThreadLocalMap - -Dio.netty.threadLocalMap.stringBuilder.maxSize: 4096
13:35:15.553 [main] DEBUG io.netty.buffer.PooledByteBufAllocator - -Dio.netty.allocator.numHeapArenas: 0
13:35:15.553 [main] DEBUG io.netty.buffer.PooledByteBufAllocator - -Dio.netty.allocator.numDirectArenas: 2
13:35:15.553 [main] DEBUG io.netty.buffer.PooledByteBufAllocator - -Dio.netty.allocator.pageSize: 8192
13:35:15.553 [main] DEBUG io.netty.buffer.PooledByteBufAllocator - -Dio.netty.allocator.maxOrder: 9
13:35:15.553 [main] DEBUG io.netty.buffer.PooledByteBufAllocator - -Dio.netty.allocator.chunkSize: 4194304
13:35:15.553 [main] DEBUG io.netty.buffer.PooledByteBufAllocator - -Dio.netty.allocator.smallCacheSize: 256
13:35:15.553 [main] DEBUG io.netty.buffer.PooledByteBufAllocator - -Dio.netty.allocator.normalCacheSize: 64
13:35:15.553 [main] DEBUG io.netty.buffer.PooledByteBufAllocator - -Dio.netty.allocator.maxCachedBufferCapacity: 32768
13:35:15.553 [main] DEBUG io.netty.buffer.PooledByteBufAllocator - -Dio.netty.allocator.cacheTrimInterval: 8192
13:35:15.553 [main] DEBUG io.netty.buffer.PooledByteBufAllocator - -Dio.netty.allocator.cacheTrimIntervalMillis: 0
13:35:15.553 [main] DEBUG io.netty.buffer.PooledByteBufAllocator - -Dio.netty.allocator.useCacheForAllThreads: false
13:35:15.553 [main] DEBUG io.netty.buffer.PooledByteBufAllocator - -Dio.netty.allocator.maxCachedByteBuffersPerChunk: 1023
13:35:15.564 [main] DEBUG io.netty.buffer.ByteBufUtil - -Dio.netty.allocator.type: pooled
13:35:15.564 [main] DEBUG io.netty.buffer.ByteBufUtil - -Dio.netty.threadLocalDirectBufferSize: 0
13:35:15.564 [main] DEBUG io.netty.buffer.ByteBufUtil - -Dio.netty.maxThreadLocalCharBufferSize: 16384
13:35:15.564 [main] DEBUG io.netty.util.Recycler - -Dio.netty.recycler.maxCapacityPerThread: 4096
13:35:15.564 [main] DEBUG io.netty.util.Recycler - -Dio.netty.recycler.ratio: 8
13:35:15.564 [main] DEBUG io.netty.util.Recycler - -Dio.netty.recycler.chunkSize: 32
13:35:15.564 [main] DEBUG io.netty.util.Recycler - -Dio.netty.recycler.blocking: false
13:35:15.564 [main] DEBUG io.netty.util.Recycler - -Dio.netty.recycler.batchFastThreadLocalOnly: true
13:35:15.565 [main] DEBUG io.netty.util.internal.PlatformDependent - org.jctools-core.MpscChunkedArrayQueue: available
]]></system-out>
  </testcase>
  <testcase name="test16" classname="io.netty.handler.codec.http.multipart.AbstractDiskHttpData_ESTest" time="0.03">
    <system-out><![CDATA[13:35:15.571 [main] DEBUG io.netty.util.internal.logging.InternalLoggerFactory - Using SLF4J as the default logging framework
13:35:15.572 [main] DEBUG io.netty.util.internal.PlatformDependent0 - -Dio.netty.noUnsafe: false
13:35:15.572 [main] DEBUG io.netty.util.internal.PlatformDependent0 - Java version: 8
13:35:15.572 [main] DEBUG io.netty.util.internal.PlatformDependent0 - sun.misc.Unsafe.theUnsafe: available
13:35:15.572 [main] DEBUG io.netty.util.internal.PlatformDependent0 - sun.misc.Unsafe.copyMemory: available
13:35:15.572 [main] DEBUG io.netty.util.internal.PlatformDependent0 - sun.misc.Unsafe.storeFence: available
13:35:15.572 [main] DEBUG io.netty.util.internal.PlatformDependent0 - java.nio.Buffer.address: available
13:35:15.572 [main] DEBUG io.netty.util.internal.PlatformDependent0 - direct buffer constructor: available
13:35:15.572 [main] DEBUG io.netty.util.internal.PlatformDependent0 - java.nio.Bits.unaligned: available, true
13:35:15.572 [main] DEBUG io.netty.util.internal.PlatformDependent0 - jdk.internal.misc.Unsafe.allocateUninitializedArray(int): unavailable prior to Java9
13:35:15.572 [main] DEBUG io.netty.util.internal.PlatformDependent0 - java.nio.DirectByteBuffer.<init>(long, {int,long}): available
13:35:15.572 [main] DEBUG io.netty.util.internal.CleanerJava6 - java.nio.ByteBuffer.cleaner(): available
13:35:15.572 [main] DEBUG io.netty.util.internal.PlatformDependent - sun.misc.Unsafe: available
13:35:15.572 [main] DEBUG io.netty.util.internal.PlatformDependent - -Dio.netty.tmpdir: /tmp (java.io.tmpdir)
13:35:15.572 [main] DEBUG io.netty.util.internal.PlatformDependent - -Dio.netty.bitMode: 64 (sun.arch.data.model)
13:35:15.572 [main] DEBUG io.netty.util.internal.PlatformDependent - -Dio.netty.maxDirectMemory: 11420041216 bytes
13:35:15.572 [main] DEBUG io.netty.util.internal.PlatformDependent - -Dio.netty.uninitializedArrayAllocationThreshold: -1
13:35:15.572 [main] DEBUG io.netty.util.internal.PlatformDependent - -Dio.netty.noPreferDirect: false
13:35:15.572 [main] DEBUG io.netty.util.internal.CleanerJava9 - java.nio.ByteBuffer.cleaner(): unavailable
java.lang.NoSuchMethodException: sun.misc.Unsafe.invokeCleaner(java.nio.ByteBuffer)
	at java.lang.Class.getDeclaredMethod(Class.java:2130)
	at io.netty.util.internal.CleanerJava9$1.run(CleanerJava9.java:45)
	at java.security.AccessController.doPrivileged(Native Method)
	at io.netty.util.internal.CleanerJava9.__STATIC_RESET(CleanerJava9.java:40)
	at sun.reflect.GeneratedMethodAccessor27.invoke(Unknown Source)
	at sun.reflect.DelegatingMethodAccessorImpl.invoke(DelegatingMethodAccessorImpl.java:43)
	at java.lang.reflect.Method.invoke(Method.java:498)
	at org.evosuite.runtime.classhandling.ClassResetter.reset(ClassResetter.java:159)
	at org.evosuite.runtime.classhandling.ClassStateSupport.resetClasses(ClassStateSupport.java:137)
	at io.netty.handler.codec.http.multipart.AbstractDiskHttpData_ESTest_scaffolding.resetClasses(AbstractDiskHttpData_ESTest_scaffolding.java:318)
	at io.netty.handler.codec.http.multipart.AbstractDiskHttpData_ESTest_scaffolding.doneWithTestCase(AbstractDiskHttpData_ESTest_scaffolding.java:74)
	at sun.reflect.GeneratedMethodAccessor6.invoke(Unknown Source)
	at sun.reflect.DelegatingMethodAccessorImpl.invoke(DelegatingMethodAccessorImpl.java:43)
	at java.lang.reflect.Method.invoke(Method.java:498)
	at org.junit.runners.model.FrameworkMethod$1.runReflectiveCall(FrameworkMethod.java:59)
	at org.junit.internal.runners.model.ReflectiveCallable.run(ReflectiveCallable.java:12)
	at org.junit.runners.model.FrameworkMethod.invokeExplosively(FrameworkMethod.java:56)
	at org.junit.internal.runners.statements.RunAfters.invokeMethod(RunAfters.java:46)
	at org.junit.internal.runners.statements.RunAfters.evaluate(RunAfters.java:33)
	at org.evosuite.runtime.vnet.NonFunctionalRequirementRule$1.evaluate(NonFunctionalRequirementRule.java:41)
	at org.junit.runners.ParentRunner$3.evaluate(ParentRunner.java:306)
	at org.junit.runners.BlockJUnit4ClassRunner$1.evaluate(BlockJUnit4ClassRunner.java:100)
	at org.junit.runners.ParentRunner.runLeaf(ParentRunner.java:366)
	at org.junit.runners.BlockJUnit4ClassRunner.runChild(BlockJUnit4ClassRunner.java:103)
	at org.junit.runners.BlockJUnit4ClassRunner.runChild(BlockJUnit4ClassRunner.java:63)
	at org.junit.runners.ParentRunner$4.run(ParentRunner.java:331)
	at org.junit.runners.ParentRunner$1.schedule(ParentRunner.java:79)
	at org.junit.runners.ParentRunner.runChildren(ParentRunner.java:329)
	at org.junit.runners.ParentRunner.access$100(ParentRunner.java:66)
	at org.junit.runners.ParentRunner$2.evaluate(ParentRunner.java:293)
	at org.junit.internal.runners.statements.RunBefores.evaluate(RunBefores.java:26)
	at org.junit.internal.runners.statements.RunAfters.evaluate(RunAfters.java:27)
	at org.junit.runners.ParentRunner$3.evaluate(ParentRunner.java:306)
	at org.junit.runners.ParentRunner.run(ParentRunner.java:413)
	at org.apache.maven.surefire.junit4.JUnit4Provider.execute(JUnit4Provider.java:316)
	at org.apache.maven.surefire.junit4.JUnit4Provider.executeWithRerun(JUnit4Provider.java:240)
	at org.apache.maven.surefire.junit4.JUnit4Provider.executeTestSet(JUnit4Provider.java:214)
	at org.apache.maven.surefire.junit4.JUnit4Provider.invoke(JUnit4Provider.java:155)
	at org.apache.maven.surefire.booter.ForkedBooter.runSuitesInProcess(ForkedBooter.java:385)
	at org.apache.maven.surefire.booter.ForkedBooter.execute(ForkedBooter.java:162)
	at org.apache.maven.surefire.booter.ForkedBooter.run(ForkedBooter.java:507)
	at org.apache.maven.surefire.booter.ForkedBooter.main(ForkedBooter.java:495)
13:35:15.573 [main] DEBUG io.netty.util.ResourceLeakDetector - -Dio.netty.leakDetection.level: simple
13:35:15.573 [main] DEBUG io.netty.util.ResourceLeakDetector - -Dio.netty.leakDetection.targetRecords: 4
13:35:15.573 [main] DEBUG io.netty.buffer.AbstractByteBuf - -Dio.netty.buffer.checkAccessible: true
13:35:15.573 [main] DEBUG io.netty.buffer.AbstractByteBuf - -Dio.netty.buffer.checkBounds: true
13:35:15.573 [main] DEBUG io.netty.util.ResourceLeakDetectorFactory - Loaded default ResourceLeakDetector: io.netty.util.ResourceLeakDetector@5
13:35:15.573 [main] DEBUG io.netty.util.internal.InternalThreadLocalMap - -Dio.netty.threadLocalMap.stringBuilder.initialSize: 1024
13:35:15.573 [main] DEBUG io.netty.util.internal.InternalThreadLocalMap - -Dio.netty.threadLocalMap.stringBuilder.maxSize: 4096
13:35:15.573 [main] DEBUG io.netty.buffer.PooledByteBufAllocator - -Dio.netty.allocator.numHeapArenas: 0
13:35:15.573 [main] DEBUG io.netty.buffer.PooledByteBufAllocator - -Dio.netty.allocator.numDirectArenas: 2
13:35:15.573 [main] DEBUG io.netty.buffer.PooledByteBufAllocator - -Dio.netty.allocator.pageSize: 8192
13:35:15.573 [main] DEBUG io.netty.buffer.PooledByteBufAllocator - -Dio.netty.allocator.maxOrder: 9
13:35:15.573 [main] DEBUG io.netty.buffer.PooledByteBufAllocator - -Dio.netty.allocator.chunkSize: 4194304
13:35:15.573 [main] DEBUG io.netty.buffer.PooledByteBufAllocator - -Dio.netty.allocator.smallCacheSize: 256
13:35:15.573 [main] DEBUG io.netty.buffer.PooledByteBufAllocator - -Dio.netty.allocator.normalCacheSize: 64
13:35:15.573 [main] DEBUG io.netty.buffer.PooledByteBufAllocator - -Dio.netty.allocator.maxCachedBufferCapacity: 32768
13:35:15.573 [main] DEBUG io.netty.buffer.PooledByteBufAllocator - -Dio.netty.allocator.cacheTrimInterval: 8192
13:35:15.573 [main] DEBUG io.netty.buffer.PooledByteBufAllocator - -Dio.netty.allocator.cacheTrimIntervalMillis: 0
13:35:15.573 [main] DEBUG io.netty.buffer.PooledByteBufAllocator - -Dio.netty.allocator.useCacheForAllThreads: false
13:35:15.573 [main] DEBUG io.netty.buffer.PooledByteBufAllocator - -Dio.netty.allocator.maxCachedByteBuffersPerChunk: 1023
13:35:15.574 [main] DEBUG io.netty.buffer.ByteBufUtil - -Dio.netty.allocator.type: pooled
13:35:15.574 [main] DEBUG io.netty.buffer.ByteBufUtil - -Dio.netty.threadLocalDirectBufferSize: 0
13:35:15.574 [main] DEBUG io.netty.buffer.ByteBufUtil - -Dio.netty.maxThreadLocalCharBufferSize: 16384
13:35:15.575 [main] DEBUG io.netty.util.Recycler - -Dio.netty.recycler.maxCapacityPerThread: 4096
13:35:15.575 [main] DEBUG io.netty.util.Recycler - -Dio.netty.recycler.ratio: 8
13:35:15.575 [main] DEBUG io.netty.util.Recycler - -Dio.netty.recycler.chunkSize: 32
13:35:15.575 [main] DEBUG io.netty.util.Recycler - -Dio.netty.recycler.blocking: false
13:35:15.575 [main] DEBUG io.netty.util.Recycler - -Dio.netty.recycler.batchFastThreadLocalOnly: true
13:35:15.577 [main] DEBUG io.netty.util.internal.PlatformDependent - org.jctools-core.MpscChunkedArrayQueue: available
]]></system-out>
  </testcase>
  <testcase name="test15" classname="io.netty.handler.codec.http.multipart.AbstractDiskHttpData_ESTest" time="0.013">
    <system-out><![CDATA[13:35:15.584 [main] DEBUG io.netty.util.internal.logging.InternalLoggerFactory - Using SLF4J as the default logging framework
13:35:15.584 [main] DEBUG io.netty.util.internal.PlatformDependent0 - -Dio.netty.noUnsafe: false
13:35:15.584 [main] DEBUG io.netty.util.internal.PlatformDependent0 - Java version: 8
13:35:15.584 [main] DEBUG io.netty.util.internal.PlatformDependent0 - sun.misc.Unsafe.theUnsafe: available
13:35:15.584 [main] DEBUG io.netty.util.internal.PlatformDependent0 - sun.misc.Unsafe.copyMemory: available
13:35:15.584 [main] DEBUG io.netty.util.internal.PlatformDependent0 - sun.misc.Unsafe.storeFence: available
13:35:15.584 [main] DEBUG io.netty.util.internal.PlatformDependent0 - java.nio.Buffer.address: available
13:35:15.584 [main] DEBUG io.netty.util.internal.PlatformDependent0 - direct buffer constructor: available
13:35:15.584 [main] DEBUG io.netty.util.internal.PlatformDependent0 - java.nio.Bits.unaligned: available, true
13:35:15.584 [main] DEBUG io.netty.util.internal.PlatformDependent0 - jdk.internal.misc.Unsafe.allocateUninitializedArray(int): unavailable prior to Java9
13:35:15.584 [main] DEBUG io.netty.util.internal.PlatformDependent0 - java.nio.DirectByteBuffer.<init>(long, {int,long}): available
13:35:15.584 [main] DEBUG io.netty.util.internal.CleanerJava6 - java.nio.ByteBuffer.cleaner(): available
13:35:15.584 [main] DEBUG io.netty.util.internal.PlatformDependent - sun.misc.Unsafe: available
13:35:15.584 [main] DEBUG io.netty.util.internal.PlatformDependent - -Dio.netty.tmpdir: /tmp (java.io.tmpdir)
13:35:15.584 [main] DEBUG io.netty.util.internal.PlatformDependent - -Dio.netty.bitMode: 64 (sun.arch.data.model)
13:35:15.584 [main] DEBUG io.netty.util.internal.PlatformDependent - -Dio.netty.maxDirectMemory: 11420041216 bytes
13:35:15.584 [main] DEBUG io.netty.util.internal.PlatformDependent - -Dio.netty.uninitializedArrayAllocationThreshold: -1
13:35:15.584 [main] DEBUG io.netty.util.internal.PlatformDependent - -Dio.netty.noPreferDirect: false
13:35:15.585 [main] DEBUG io.netty.util.internal.CleanerJava9 - java.nio.ByteBuffer.cleaner(): unavailable
java.lang.NoSuchMethodException: sun.misc.Unsafe.invokeCleaner(java.nio.ByteBuffer)
	at java.lang.Class.getDeclaredMethod(Class.java:2130)
	at io.netty.util.internal.CleanerJava9$1.run(CleanerJava9.java:45)
	at java.security.AccessController.doPrivileged(Native Method)
	at io.netty.util.internal.CleanerJava9.__STATIC_RESET(CleanerJava9.java:40)
	at sun.reflect.GeneratedMethodAccessor27.invoke(Unknown Source)
	at sun.reflect.DelegatingMethodAccessorImpl.invoke(DelegatingMethodAccessorImpl.java:43)
	at java.lang.reflect.Method.invoke(Method.java:498)
	at org.evosuite.runtime.classhandling.ClassResetter.reset(ClassResetter.java:159)
	at org.evosuite.runtime.classhandling.ClassStateSupport.resetClasses(ClassStateSupport.java:137)
	at io.netty.handler.codec.http.multipart.AbstractDiskHttpData_ESTest_scaffolding.resetClasses(AbstractDiskHttpData_ESTest_scaffolding.java:318)
	at io.netty.handler.codec.http.multipart.AbstractDiskHttpData_ESTest_scaffolding.doneWithTestCase(AbstractDiskHttpData_ESTest_scaffolding.java:74)
	at sun.reflect.GeneratedMethodAccessor6.invoke(Unknown Source)
	at sun.reflect.DelegatingMethodAccessorImpl.invoke(DelegatingMethodAccessorImpl.java:43)
	at java.lang.reflect.Method.invoke(Method.java:498)
	at org.junit.runners.model.FrameworkMethod$1.runReflectiveCall(FrameworkMethod.java:59)
	at org.junit.internal.runners.model.ReflectiveCallable.run(ReflectiveCallable.java:12)
	at org.junit.runners.model.FrameworkMethod.invokeExplosively(FrameworkMethod.java:56)
	at org.junit.internal.runners.statements.RunAfters.invokeMethod(RunAfters.java:46)
	at org.junit.internal.runners.statements.RunAfters.evaluate(RunAfters.java:33)
	at org.evosuite.runtime.vnet.NonFunctionalRequirementRule$1.evaluate(NonFunctionalRequirementRule.java:41)
	at org.junit.runners.ParentRunner$3.evaluate(ParentRunner.java:306)
	at org.junit.runners.BlockJUnit4ClassRunner$1.evaluate(BlockJUnit4ClassRunner.java:100)
	at org.junit.runners.ParentRunner.runLeaf(ParentRunner.java:366)
	at org.junit.runners.BlockJUnit4ClassRunner.runChild(BlockJUnit4ClassRunner.java:103)
	at org.junit.runners.BlockJUnit4ClassRunner.runChild(BlockJUnit4ClassRunner.java:63)
	at org.junit.runners.ParentRunner$4.run(ParentRunner.java:331)
	at org.junit.runners.ParentRunner$1.schedule(ParentRunner.java:79)
	at org.junit.runners.ParentRunner.runChildren(ParentRunner.java:329)
	at org.junit.runners.ParentRunner.access$100(ParentRunner.java:66)
	at org.junit.runners.ParentRunner$2.evaluate(ParentRunner.java:293)
	at org.junit.internal.runners.statements.RunBefores.evaluate(RunBefores.java:26)
	at org.junit.internal.runners.statements.RunAfters.evaluate(RunAfters.java:27)
	at org.junit.runners.ParentRunner$3.evaluate(ParentRunner.java:306)
	at org.junit.runners.ParentRunner.run(ParentRunner.java:413)
	at org.apache.maven.surefire.junit4.JUnit4Provider.execute(JUnit4Provider.java:316)
	at org.apache.maven.surefire.junit4.JUnit4Provider.executeWithRerun(JUnit4Provider.java:240)
	at org.apache.maven.surefire.junit4.JUnit4Provider.executeTestSet(JUnit4Provider.java:214)
	at org.apache.maven.surefire.junit4.JUnit4Provider.invoke(JUnit4Provider.java:155)
	at org.apache.maven.surefire.booter.ForkedBooter.runSuitesInProcess(ForkedBooter.java:385)
	at org.apache.maven.surefire.booter.ForkedBooter.execute(ForkedBooter.java:162)
	at org.apache.maven.surefire.booter.ForkedBooter.run(ForkedBooter.java:507)
	at org.apache.maven.surefire.booter.ForkedBooter.main(ForkedBooter.java:495)
13:35:15.585 [main] DEBUG io.netty.util.ResourceLeakDetector - -Dio.netty.leakDetection.level: simple
13:35:15.585 [main] DEBUG io.netty.util.ResourceLeakDetector - -Dio.netty.leakDetection.targetRecords: 4
13:35:15.585 [main] DEBUG io.netty.buffer.AbstractByteBuf - -Dio.netty.buffer.checkAccessible: true
13:35:15.585 [main] DEBUG io.netty.buffer.AbstractByteBuf - -Dio.netty.buffer.checkBounds: true
13:35:15.585 [main] DEBUG io.netty.util.ResourceLeakDetectorFactory - Loaded default ResourceLeakDetector: io.netty.util.ResourceLeakDetector@5
13:35:15.585 [main] DEBUG io.netty.util.internal.InternalThreadLocalMap - -Dio.netty.threadLocalMap.stringBuilder.initialSize: 1024
13:35:15.585 [main] DEBUG io.netty.util.internal.InternalThreadLocalMap - -Dio.netty.threadLocalMap.stringBuilder.maxSize: 4096
13:35:15.585 [main] DEBUG io.netty.buffer.PooledByteBufAllocator - -Dio.netty.allocator.numHeapArenas: 0
13:35:15.585 [main] DEBUG io.netty.buffer.PooledByteBufAllocator - -Dio.netty.allocator.numDirectArenas: 2
13:35:15.585 [main] DEBUG io.netty.buffer.PooledByteBufAllocator - -Dio.netty.allocator.pageSize: 8192
13:35:15.585 [main] DEBUG io.netty.buffer.PooledByteBufAllocator - -Dio.netty.allocator.maxOrder: 9
13:35:15.585 [main] DEBUG io.netty.buffer.PooledByteBufAllocator - -Dio.netty.allocator.chunkSize: 4194304
13:35:15.585 [main] DEBUG io.netty.buffer.PooledByteBufAllocator - -Dio.netty.allocator.smallCacheSize: 256
13:35:15.585 [main] DEBUG io.netty.buffer.PooledByteBufAllocator - -Dio.netty.allocator.normalCacheSize: 64
13:35:15.585 [main] DEBUG io.netty.buffer.PooledByteBufAllocator - -Dio.netty.allocator.maxCachedBufferCapacity: 32768
13:35:15.585 [main] DEBUG io.netty.buffer.PooledByteBufAllocator - -Dio.netty.allocator.cacheTrimInterval: 8192
13:35:15.585 [main] DEBUG io.netty.buffer.PooledByteBufAllocator - -Dio.netty.allocator.cacheTrimIntervalMillis: 0
13:35:15.585 [main] DEBUG io.netty.buffer.PooledByteBufAllocator - -Dio.netty.allocator.useCacheForAllThreads: false
13:35:15.585 [main] DEBUG io.netty.buffer.PooledByteBufAllocator - -Dio.netty.allocator.maxCachedByteBuffersPerChunk: 1023
13:35:15.586 [main] DEBUG io.netty.buffer.ByteBufUtil - -Dio.netty.allocator.type: pooled
13:35:15.586 [main] DEBUG io.netty.buffer.ByteBufUtil - -Dio.netty.threadLocalDirectBufferSize: 0
13:35:15.586 [main] DEBUG io.netty.buffer.ByteBufUtil - -Dio.netty.maxThreadLocalCharBufferSize: 16384
13:35:15.586 [main] DEBUG io.netty.util.Recycler - -Dio.netty.recycler.maxCapacityPerThread: 4096
13:35:15.586 [main] DEBUG io.netty.util.Recycler - -Dio.netty.recycler.ratio: 8
13:35:15.586 [main] DEBUG io.netty.util.Recycler - -Dio.netty.recycler.chunkSize: 32
13:35:15.586 [main] DEBUG io.netty.util.Recycler - -Dio.netty.recycler.blocking: false
13:35:15.586 [main] DEBUG io.netty.util.Recycler - -Dio.netty.recycler.batchFastThreadLocalOnly: true
13:35:15.586 [main] DEBUG io.netty.util.internal.PlatformDependent - org.jctools-core.MpscChunkedArrayQueue: available
]]></system-out>
  </testcase>
  <testcase name="test59" classname="io.netty.handler.codec.http.multipart.AbstractDiskHttpData_ESTest" time="0.01">
    <system-out><![CDATA[13:35:15.623 [main] DEBUG io.netty.util.internal.logging.InternalLoggerFactory - Using SLF4J as the default logging framework
13:35:15.623 [main] DEBUG io.netty.util.internal.PlatformDependent0 - -Dio.netty.noUnsafe: false
13:35:15.623 [main] DEBUG io.netty.util.internal.PlatformDependent0 - Java version: 8
13:35:15.623 [main] DEBUG io.netty.util.internal.PlatformDependent0 - sun.misc.Unsafe.theUnsafe: available
13:35:15.623 [main] DEBUG io.netty.util.internal.PlatformDependent0 - sun.misc.Unsafe.copyMemory: available
13:35:15.623 [main] DEBUG io.netty.util.internal.PlatformDependent0 - sun.misc.Unsafe.storeFence: available
13:35:15.623 [main] DEBUG io.netty.util.internal.PlatformDependent0 - java.nio.Buffer.address: available
13:35:15.623 [main] DEBUG io.netty.util.internal.PlatformDependent0 - direct buffer constructor: available
13:35:15.623 [main] DEBUG io.netty.util.internal.PlatformDependent0 - java.nio.Bits.unaligned: available, true
13:35:15.623 [main] DEBUG io.netty.util.internal.PlatformDependent0 - jdk.internal.misc.Unsafe.allocateUninitializedArray(int): unavailable prior to Java9
13:35:15.623 [main] DEBUG io.netty.util.internal.PlatformDependent0 - java.nio.DirectByteBuffer.<init>(long, {int,long}): available
13:35:15.623 [main] DEBUG io.netty.util.internal.CleanerJava6 - java.nio.ByteBuffer.cleaner(): available
13:35:15.623 [main] DEBUG io.netty.util.internal.PlatformDependent - sun.misc.Unsafe: available
13:35:15.623 [main] DEBUG io.netty.util.internal.PlatformDependent - -Dio.netty.tmpdir: /tmp (java.io.tmpdir)
13:35:15.623 [main] DEBUG io.netty.util.internal.PlatformDependent - -Dio.netty.bitMode: 64 (sun.arch.data.model)
13:35:15.624 [main] DEBUG io.netty.util.internal.PlatformDependent - -Dio.netty.maxDirectMemory: 11420041216 bytes
13:35:15.624 [main] DEBUG io.netty.util.internal.PlatformDependent - -Dio.netty.uninitializedArrayAllocationThreshold: -1
13:35:15.624 [main] DEBUG io.netty.util.internal.PlatformDependent - -Dio.netty.noPreferDirect: false
13:35:15.624 [main] DEBUG io.netty.util.internal.CleanerJava9 - java.nio.ByteBuffer.cleaner(): unavailable
java.lang.NoSuchMethodException: sun.misc.Unsafe.invokeCleaner(java.nio.ByteBuffer)
	at java.lang.Class.getDeclaredMethod(Class.java:2130)
	at io.netty.util.internal.CleanerJava9$1.run(CleanerJava9.java:45)
	at java.security.AccessController.doPrivileged(Native Method)
	at io.netty.util.internal.CleanerJava9.__STATIC_RESET(CleanerJava9.java:40)
	at sun.reflect.GeneratedMethodAccessor27.invoke(Unknown Source)
	at sun.reflect.DelegatingMethodAccessorImpl.invoke(DelegatingMethodAccessorImpl.java:43)
	at java.lang.reflect.Method.invoke(Method.java:498)
	at org.evosuite.runtime.classhandling.ClassResetter.reset(ClassResetter.java:159)
	at org.evosuite.runtime.classhandling.ClassStateSupport.resetClasses(ClassStateSupport.java:137)
	at io.netty.handler.codec.http.multipart.AbstractDiskHttpData_ESTest_scaffolding.resetClasses(AbstractDiskHttpData_ESTest_scaffolding.java:318)
	at io.netty.handler.codec.http.multipart.AbstractDiskHttpData_ESTest_scaffolding.doneWithTestCase(AbstractDiskHttpData_ESTest_scaffolding.java:74)
	at sun.reflect.GeneratedMethodAccessor6.invoke(Unknown Source)
	at sun.reflect.DelegatingMethodAccessorImpl.invoke(DelegatingMethodAccessorImpl.java:43)
	at java.lang.reflect.Method.invoke(Method.java:498)
	at org.junit.runners.model.FrameworkMethod$1.runReflectiveCall(FrameworkMethod.java:59)
	at org.junit.internal.runners.model.ReflectiveCallable.run(ReflectiveCallable.java:12)
	at org.junit.runners.model.FrameworkMethod.invokeExplosively(FrameworkMethod.java:56)
	at org.junit.internal.runners.statements.RunAfters.invokeMethod(RunAfters.java:46)
	at org.junit.internal.runners.statements.RunAfters.evaluate(RunAfters.java:33)
	at org.evosuite.runtime.vnet.NonFunctionalRequirementRule$1.evaluate(NonFunctionalRequirementRule.java:41)
	at org.junit.runners.ParentRunner$3.evaluate(ParentRunner.java:306)
	at org.junit.runners.BlockJUnit4ClassRunner$1.evaluate(BlockJUnit4ClassRunner.java:100)
	at org.junit.runners.ParentRunner.runLeaf(ParentRunner.java:366)
	at org.junit.runners.BlockJUnit4ClassRunner.runChild(BlockJUnit4ClassRunner.java:103)
	at org.junit.runners.BlockJUnit4ClassRunner.runChild(BlockJUnit4ClassRunner.java:63)
	at org.junit.runners.ParentRunner$4.run(ParentRunner.java:331)
	at org.junit.runners.ParentRunner$1.schedule(ParentRunner.java:79)
	at org.junit.runners.ParentRunner.runChildren(ParentRunner.java:329)
	at org.junit.runners.ParentRunner.access$100(ParentRunner.java:66)
	at org.junit.runners.ParentRunner$2.evaluate(ParentRunner.java:293)
	at org.junit.internal.runners.statements.RunBefores.evaluate(RunBefores.java:26)
	at org.junit.internal.runners.statements.RunAfters.evaluate(RunAfters.java:27)
	at org.junit.runners.ParentRunner$3.evaluate(ParentRunner.java:306)
	at org.junit.runners.ParentRunner.run(ParentRunner.java:413)
	at org.apache.maven.surefire.junit4.JUnit4Provider.execute(JUnit4Provider.java:316)
	at org.apache.maven.surefire.junit4.JUnit4Provider.executeWithRerun(JUnit4Provider.java:240)
	at org.apache.maven.surefire.junit4.JUnit4Provider.executeTestSet(JUnit4Provider.java:214)
	at org.apache.maven.surefire.junit4.JUnit4Provider.invoke(JUnit4Provider.java:155)
	at org.apache.maven.surefire.booter.ForkedBooter.runSuitesInProcess(ForkedBooter.java:385)
	at org.apache.maven.surefire.booter.ForkedBooter.execute(ForkedBooter.java:162)
	at org.apache.maven.surefire.booter.ForkedBooter.run(ForkedBooter.java:507)
	at org.apache.maven.surefire.booter.ForkedBooter.main(ForkedBooter.java:495)
13:35:15.625 [main] DEBUG io.netty.util.ResourceLeakDetector - -Dio.netty.leakDetection.level: simple
13:35:15.625 [main] DEBUG io.netty.util.ResourceLeakDetector - -Dio.netty.leakDetection.targetRecords: 4
13:35:15.626 [main] DEBUG io.netty.buffer.AbstractByteBuf - -Dio.netty.buffer.checkAccessible: true
13:35:15.626 [main] DEBUG io.netty.buffer.AbstractByteBuf - -Dio.netty.buffer.checkBounds: true
13:35:15.626 [main] DEBUG io.netty.util.ResourceLeakDetectorFactory - Loaded default ResourceLeakDetector: io.netty.util.ResourceLeakDetector@5
13:35:15.626 [main] DEBUG io.netty.util.internal.InternalThreadLocalMap - -Dio.netty.threadLocalMap.stringBuilder.initialSize: 1024
13:35:15.626 [main] DEBUG io.netty.util.internal.InternalThreadLocalMap - -Dio.netty.threadLocalMap.stringBuilder.maxSize: 4096
13:35:15.626 [main] DEBUG io.netty.buffer.PooledByteBufAllocator - -Dio.netty.allocator.numHeapArenas: 0
13:35:15.626 [main] DEBUG io.netty.buffer.PooledByteBufAllocator - -Dio.netty.allocator.numDirectArenas: 2
13:35:15.626 [main] DEBUG io.netty.buffer.PooledByteBufAllocator - -Dio.netty.allocator.pageSize: 8192
13:35:15.626 [main] DEBUG io.netty.buffer.PooledByteBufAllocator - -Dio.netty.allocator.maxOrder: 9
13:35:15.626 [main] DEBUG io.netty.buffer.PooledByteBufAllocator - -Dio.netty.allocator.chunkSize: 4194304
13:35:15.626 [main] DEBUG io.netty.buffer.PooledByteBufAllocator - -Dio.netty.allocator.smallCacheSize: 256
13:35:15.626 [main] DEBUG io.netty.buffer.PooledByteBufAllocator - -Dio.netty.allocator.normalCacheSize: 64
13:35:15.626 [main] DEBUG io.netty.buffer.PooledByteBufAllocator - -Dio.netty.allocator.maxCachedBufferCapacity: 32768
13:35:15.626 [main] DEBUG io.netty.buffer.PooledByteBufAllocator - -Dio.netty.allocator.cacheTrimInterval: 8192
13:35:15.626 [main] DEBUG io.netty.buffer.PooledByteBufAllocator - -Dio.netty.allocator.cacheTrimIntervalMillis: 0
13:35:15.626 [main] DEBUG io.netty.buffer.PooledByteBufAllocator - -Dio.netty.allocator.useCacheForAllThreads: false
13:35:15.626 [main] DEBUG io.netty.buffer.PooledByteBufAllocator - -Dio.netty.allocator.maxCachedByteBuffersPerChunk: 1023
13:35:15.627 [main] DEBUG io.netty.buffer.ByteBufUtil - -Dio.netty.allocator.type: pooled
13:35:15.627 [main] DEBUG io.netty.buffer.ByteBufUtil - -Dio.netty.threadLocalDirectBufferSize: 0
13:35:15.627 [main] DEBUG io.netty.buffer.ByteBufUtil - -Dio.netty.maxThreadLocalCharBufferSize: 16384
13:35:15.628 [main] DEBUG io.netty.util.Recycler - -Dio.netty.recycler.maxCapacityPerThread: 4096
13:35:15.628 [main] DEBUG io.netty.util.Recycler - -Dio.netty.recycler.ratio: 8
13:35:15.628 [main] DEBUG io.netty.util.Recycler - -Dio.netty.recycler.chunkSize: 32
13:35:15.628 [main] DEBUG io.netty.util.Recycler - -Dio.netty.recycler.blocking: false
13:35:15.628 [main] DEBUG io.netty.util.Recycler - -Dio.netty.recycler.batchFastThreadLocalOnly: true
13:35:15.628 [main] DEBUG io.netty.util.internal.PlatformDependent - org.jctools-core.MpscChunkedArrayQueue: available
]]></system-out>
  </testcase>
  <testcase name="test18" classname="io.netty.handler.codec.http.multipart.AbstractDiskHttpData_ESTest" time="0.011">
    <system-out><![CDATA[13:35:15.634 [main] DEBUG io.netty.util.internal.logging.InternalLoggerFactory - Using SLF4J as the default logging framework
13:35:15.634 [main] DEBUG io.netty.util.internal.PlatformDependent0 - -Dio.netty.noUnsafe: false
13:35:15.634 [main] DEBUG io.netty.util.internal.PlatformDependent0 - Java version: 8
13:35:15.634 [main] DEBUG io.netty.util.internal.PlatformDependent0 - sun.misc.Unsafe.theUnsafe: available
13:35:15.634 [main] DEBUG io.netty.util.internal.PlatformDependent0 - sun.misc.Unsafe.copyMemory: available
13:35:15.634 [main] DEBUG io.netty.util.internal.PlatformDependent0 - sun.misc.Unsafe.storeFence: available
13:35:15.634 [main] DEBUG io.netty.util.internal.PlatformDependent0 - java.nio.Buffer.address: available
13:35:15.634 [main] DEBUG io.netty.util.internal.PlatformDependent0 - direct buffer constructor: available
13:35:15.634 [main] DEBUG io.netty.util.internal.PlatformDependent0 - java.nio.Bits.unaligned: available, true
13:35:15.634 [main] DEBUG io.netty.util.internal.PlatformDependent0 - jdk.internal.misc.Unsafe.allocateUninitializedArray(int): unavailable prior to Java9
13:35:15.634 [main] DEBUG io.netty.util.internal.PlatformDependent0 - java.nio.DirectByteBuffer.<init>(long, {int,long}): available
13:35:15.634 [main] DEBUG io.netty.util.internal.CleanerJava6 - java.nio.ByteBuffer.cleaner(): available
13:35:15.635 [main] DEBUG io.netty.util.internal.PlatformDependent - sun.misc.Unsafe: available
13:35:15.635 [main] DEBUG io.netty.util.internal.PlatformDependent - -Dio.netty.tmpdir: /tmp (java.io.tmpdir)
13:35:15.635 [main] DEBUG io.netty.util.internal.PlatformDependent - -Dio.netty.bitMode: 64 (sun.arch.data.model)
13:35:15.635 [main] DEBUG io.netty.util.internal.PlatformDependent - -Dio.netty.maxDirectMemory: 11420041216 bytes
13:35:15.635 [main] DEBUG io.netty.util.internal.PlatformDependent - -Dio.netty.uninitializedArrayAllocationThreshold: -1
13:35:15.635 [main] DEBUG io.netty.util.internal.PlatformDependent - -Dio.netty.noPreferDirect: false
13:35:15.635 [main] DEBUG io.netty.util.internal.CleanerJava9 - java.nio.ByteBuffer.cleaner(): unavailable
java.lang.NoSuchMethodException: sun.misc.Unsafe.invokeCleaner(java.nio.ByteBuffer)
	at java.lang.Class.getDeclaredMethod(Class.java:2130)
	at io.netty.util.internal.CleanerJava9$1.run(CleanerJava9.java:45)
	at java.security.AccessController.doPrivileged(Native Method)
	at io.netty.util.internal.CleanerJava9.__STATIC_RESET(CleanerJava9.java:40)
	at sun.reflect.GeneratedMethodAccessor27.invoke(Unknown Source)
	at sun.reflect.DelegatingMethodAccessorImpl.invoke(DelegatingMethodAccessorImpl.java:43)
	at java.lang.reflect.Method.invoke(Method.java:498)
	at org.evosuite.runtime.classhandling.ClassResetter.reset(ClassResetter.java:159)
	at org.evosuite.runtime.classhandling.ClassStateSupport.resetClasses(ClassStateSupport.java:137)
	at io.netty.handler.codec.http.multipart.AbstractDiskHttpData_ESTest_scaffolding.resetClasses(AbstractDiskHttpData_ESTest_scaffolding.java:318)
	at io.netty.handler.codec.http.multipart.AbstractDiskHttpData_ESTest_scaffolding.doneWithTestCase(AbstractDiskHttpData_ESTest_scaffolding.java:74)
	at sun.reflect.GeneratedMethodAccessor6.invoke(Unknown Source)
	at sun.reflect.DelegatingMethodAccessorImpl.invoke(DelegatingMethodAccessorImpl.java:43)
	at java.lang.reflect.Method.invoke(Method.java:498)
	at org.junit.runners.model.FrameworkMethod$1.runReflectiveCall(FrameworkMethod.java:59)
	at org.junit.internal.runners.model.ReflectiveCallable.run(ReflectiveCallable.java:12)
	at org.junit.runners.model.FrameworkMethod.invokeExplosively(FrameworkMethod.java:56)
	at org.junit.internal.runners.statements.RunAfters.invokeMethod(RunAfters.java:46)
	at org.junit.internal.runners.statements.RunAfters.evaluate(RunAfters.java:33)
	at org.evosuite.runtime.vnet.NonFunctionalRequirementRule$1.evaluate(NonFunctionalRequirementRule.java:41)
	at org.junit.runners.ParentRunner$3.evaluate(ParentRunner.java:306)
	at org.junit.runners.BlockJUnit4ClassRunner$1.evaluate(BlockJUnit4ClassRunner.java:100)
	at org.junit.runners.ParentRunner.runLeaf(ParentRunner.java:366)
	at org.junit.runners.BlockJUnit4ClassRunner.runChild(BlockJUnit4ClassRunner.java:103)
	at org.junit.runners.BlockJUnit4ClassRunner.runChild(BlockJUnit4ClassRunner.java:63)
	at org.junit.runners.ParentRunner$4.run(ParentRunner.java:331)
	at org.junit.runners.ParentRunner$1.schedule(ParentRunner.java:79)
	at org.junit.runners.ParentRunner.runChildren(ParentRunner.java:329)
	at org.junit.runners.ParentRunner.access$100(ParentRunner.java:66)
	at org.junit.runners.ParentRunner$2.evaluate(ParentRunner.java:293)
	at org.junit.internal.runners.statements.RunBefores.evaluate(RunBefores.java:26)
	at org.junit.internal.runners.statements.RunAfters.evaluate(RunAfters.java:27)
	at org.junit.runners.ParentRunner$3.evaluate(ParentRunner.java:306)
	at org.junit.runners.ParentRunner.run(ParentRunner.java:413)
	at org.apache.maven.surefire.junit4.JUnit4Provider.execute(JUnit4Provider.java:316)
	at org.apache.maven.surefire.junit4.JUnit4Provider.executeWithRerun(JUnit4Provider.java:240)
	at org.apache.maven.surefire.junit4.JUnit4Provider.executeTestSet(JUnit4Provider.java:214)
	at org.apache.maven.surefire.junit4.JUnit4Provider.invoke(JUnit4Provider.java:155)
	at org.apache.maven.surefire.booter.ForkedBooter.runSuitesInProcess(ForkedBooter.java:385)
	at org.apache.maven.surefire.booter.ForkedBooter.execute(ForkedBooter.java:162)
	at org.apache.maven.surefire.booter.ForkedBooter.run(ForkedBooter.java:507)
	at org.apache.maven.surefire.booter.ForkedBooter.main(ForkedBooter.java:495)
13:35:15.635 [main] DEBUG io.netty.util.ResourceLeakDetector - -Dio.netty.leakDetection.level: simple
13:35:15.635 [main] DEBUG io.netty.util.ResourceLeakDetector - -Dio.netty.leakDetection.targetRecords: 4
13:35:15.636 [main] DEBUG io.netty.buffer.AbstractByteBuf - -Dio.netty.buffer.checkAccessible: true
13:35:15.636 [main] DEBUG io.netty.buffer.AbstractByteBuf - -Dio.netty.buffer.checkBounds: true
13:35:15.636 [main] DEBUG io.netty.util.ResourceLeakDetectorFactory - Loaded default ResourceLeakDetector: io.netty.util.ResourceLeakDetector@5
13:35:15.636 [main] DEBUG io.netty.util.internal.InternalThreadLocalMap - -Dio.netty.threadLocalMap.stringBuilder.initialSize: 1024
13:35:15.636 [main] DEBUG io.netty.util.internal.InternalThreadLocalMap - -Dio.netty.threadLocalMap.stringBuilder.maxSize: 4096
13:35:15.636 [main] DEBUG io.netty.buffer.PooledByteBufAllocator - -Dio.netty.allocator.numHeapArenas: 0
13:35:15.636 [main] DEBUG io.netty.buffer.PooledByteBufAllocator - -Dio.netty.allocator.numDirectArenas: 2
13:35:15.636 [main] DEBUG io.netty.buffer.PooledByteBufAllocator - -Dio.netty.allocator.pageSize: 8192
13:35:15.636 [main] DEBUG io.netty.buffer.PooledByteBufAllocator - -Dio.netty.allocator.maxOrder: 9
13:35:15.636 [main] DEBUG io.netty.buffer.PooledByteBufAllocator - -Dio.netty.allocator.chunkSize: 4194304
13:35:15.636 [main] DEBUG io.netty.buffer.PooledByteBufAllocator - -Dio.netty.allocator.smallCacheSize: 256
13:35:15.636 [main] DEBUG io.netty.buffer.PooledByteBufAllocator - -Dio.netty.allocator.normalCacheSize: 64
13:35:15.636 [main] DEBUG io.netty.buffer.PooledByteBufAllocator - -Dio.netty.allocator.maxCachedBufferCapacity: 32768
13:35:15.636 [main] DEBUG io.netty.buffer.PooledByteBufAllocator - -Dio.netty.allocator.cacheTrimInterval: 8192
13:35:15.636 [main] DEBUG io.netty.buffer.PooledByteBufAllocator - -Dio.netty.allocator.cacheTrimIntervalMillis: 0
13:35:15.636 [main] DEBUG io.netty.buffer.PooledByteBufAllocator - -Dio.netty.allocator.useCacheForAllThreads: false
13:35:15.636 [main] DEBUG io.netty.buffer.PooledByteBufAllocator - -Dio.netty.allocator.maxCachedByteBuffersPerChunk: 1023
13:35:15.636 [main] DEBUG io.netty.buffer.ByteBufUtil - -Dio.netty.allocator.type: pooled
13:35:15.636 [main] DEBUG io.netty.buffer.ByteBufUtil - -Dio.netty.threadLocalDirectBufferSize: 0
13:35:15.636 [main] DEBUG io.netty.buffer.ByteBufUtil - -Dio.netty.maxThreadLocalCharBufferSize: 16384
13:35:15.637 [main] DEBUG io.netty.util.Recycler - -Dio.netty.recycler.maxCapacityPerThread: 4096
13:35:15.637 [main] DEBUG io.netty.util.Recycler - -Dio.netty.recycler.ratio: 8
13:35:15.637 [main] DEBUG io.netty.util.Recycler - -Dio.netty.recycler.chunkSize: 32
13:35:15.637 [main] DEBUG io.netty.util.Recycler - -Dio.netty.recycler.blocking: false
13:35:15.637 [main] DEBUG io.netty.util.Recycler - -Dio.netty.recycler.batchFastThreadLocalOnly: true
13:35:15.637 [main] DEBUG io.netty.util.internal.PlatformDependent - org.jctools-core.MpscChunkedArrayQueue: available
]]></system-out>
  </testcase>
  <testcase name="test17" classname="io.netty.handler.codec.http.multipart.AbstractDiskHttpData_ESTest" time="0.028">
    <system-out><![CDATA[13:35:15.642 [main] DEBUG io.netty.util.internal.logging.InternalLoggerFactory - Using SLF4J as the default logging framework
13:35:15.642 [main] DEBUG io.netty.util.internal.PlatformDependent0 - -Dio.netty.noUnsafe: false
13:35:15.642 [main] DEBUG io.netty.util.internal.PlatformDependent0 - Java version: 8
13:35:15.642 [main] DEBUG io.netty.util.internal.PlatformDependent0 - sun.misc.Unsafe.theUnsafe: available
13:35:15.642 [main] DEBUG io.netty.util.internal.PlatformDependent0 - sun.misc.Unsafe.copyMemory: available
13:35:15.642 [main] DEBUG io.netty.util.internal.PlatformDependent0 - sun.misc.Unsafe.storeFence: available
13:35:15.642 [main] DEBUG io.netty.util.internal.PlatformDependent0 - java.nio.Buffer.address: available
13:35:15.642 [main] DEBUG io.netty.util.internal.PlatformDependent0 - direct buffer constructor: available
13:35:15.642 [main] DEBUG io.netty.util.internal.PlatformDependent0 - java.nio.Bits.unaligned: available, true
13:35:15.642 [main] DEBUG io.netty.util.internal.PlatformDependent0 - jdk.internal.misc.Unsafe.allocateUninitializedArray(int): unavailable prior to Java9
13:35:15.642 [main] DEBUG io.netty.util.internal.PlatformDependent0 - java.nio.DirectByteBuffer.<init>(long, {int,long}): available
13:35:15.642 [main] DEBUG io.netty.util.internal.CleanerJava6 - java.nio.ByteBuffer.cleaner(): available
13:35:15.642 [main] DEBUG io.netty.util.internal.PlatformDependent - sun.misc.Unsafe: available
13:35:15.642 [main] DEBUG io.netty.util.internal.PlatformDependent - -Dio.netty.tmpdir: /tmp (java.io.tmpdir)
13:35:15.642 [main] DEBUG io.netty.util.internal.PlatformDependent - -Dio.netty.bitMode: 64 (sun.arch.data.model)
13:35:15.642 [main] DEBUG io.netty.util.internal.PlatformDependent - -Dio.netty.maxDirectMemory: 11420041216 bytes
13:35:15.642 [main] DEBUG io.netty.util.internal.PlatformDependent - -Dio.netty.uninitializedArrayAllocationThreshold: -1
13:35:15.643 [main] DEBUG io.netty.util.internal.PlatformDependent - -Dio.netty.noPreferDirect: false
13:35:15.643 [main] DEBUG io.netty.util.internal.CleanerJava9 - java.nio.ByteBuffer.cleaner(): unavailable
java.lang.NoSuchMethodException: sun.misc.Unsafe.invokeCleaner(java.nio.ByteBuffer)
	at java.lang.Class.getDeclaredMethod(Class.java:2130)
	at io.netty.util.internal.CleanerJava9$1.run(CleanerJava9.java:45)
	at java.security.AccessController.doPrivileged(Native Method)
	at io.netty.util.internal.CleanerJava9.__STATIC_RESET(CleanerJava9.java:40)
	at sun.reflect.GeneratedMethodAccessor27.invoke(Unknown Source)
	at sun.reflect.DelegatingMethodAccessorImpl.invoke(DelegatingMethodAccessorImpl.java:43)
	at java.lang.reflect.Method.invoke(Method.java:498)
	at org.evosuite.runtime.classhandling.ClassResetter.reset(ClassResetter.java:159)
	at org.evosuite.runtime.classhandling.ClassStateSupport.resetClasses(ClassStateSupport.java:137)
	at io.netty.handler.codec.http.multipart.AbstractDiskHttpData_ESTest_scaffolding.resetClasses(AbstractDiskHttpData_ESTest_scaffolding.java:318)
	at io.netty.handler.codec.http.multipart.AbstractDiskHttpData_ESTest_scaffolding.doneWithTestCase(AbstractDiskHttpData_ESTest_scaffolding.java:74)
	at sun.reflect.GeneratedMethodAccessor6.invoke(Unknown Source)
	at sun.reflect.DelegatingMethodAccessorImpl.invoke(DelegatingMethodAccessorImpl.java:43)
	at java.lang.reflect.Method.invoke(Method.java:498)
	at org.junit.runners.model.FrameworkMethod$1.runReflectiveCall(FrameworkMethod.java:59)
	at org.junit.internal.runners.model.ReflectiveCallable.run(ReflectiveCallable.java:12)
	at org.junit.runners.model.FrameworkMethod.invokeExplosively(FrameworkMethod.java:56)
	at org.junit.internal.runners.statements.RunAfters.invokeMethod(RunAfters.java:46)
	at org.junit.internal.runners.statements.RunAfters.evaluate(RunAfters.java:33)
	at org.evosuite.runtime.vnet.NonFunctionalRequirementRule$1.evaluate(NonFunctionalRequirementRule.java:41)
	at org.junit.runners.ParentRunner$3.evaluate(ParentRunner.java:306)
	at org.junit.runners.BlockJUnit4ClassRunner$1.evaluate(BlockJUnit4ClassRunner.java:100)
	at org.junit.runners.ParentRunner.runLeaf(ParentRunner.java:366)
	at org.junit.runners.BlockJUnit4ClassRunner.runChild(BlockJUnit4ClassRunner.java:103)
	at org.junit.runners.BlockJUnit4ClassRunner.runChild(BlockJUnit4ClassRunner.java:63)
	at org.junit.runners.ParentRunner$4.run(ParentRunner.java:331)
	at org.junit.runners.ParentRunner$1.schedule(ParentRunner.java:79)
	at org.junit.runners.ParentRunner.runChildren(ParentRunner.java:329)
	at org.junit.runners.ParentRunner.access$100(ParentRunner.java:66)
	at org.junit.runners.ParentRunner$2.evaluate(ParentRunner.java:293)
	at org.junit.internal.runners.statements.RunBefores.evaluate(RunBefores.java:26)
	at org.junit.internal.runners.statements.RunAfters.evaluate(RunAfters.java:27)
	at org.junit.runners.ParentRunner$3.evaluate(ParentRunner.java:306)
	at org.junit.runners.ParentRunner.run(ParentRunner.java:413)
	at org.apache.maven.surefire.junit4.JUnit4Provider.execute(JUnit4Provider.java:316)
	at org.apache.maven.surefire.junit4.JUnit4Provider.executeWithRerun(JUnit4Provider.java:240)
	at org.apache.maven.surefire.junit4.JUnit4Provider.executeTestSet(JUnit4Provider.java:214)
	at org.apache.maven.surefire.junit4.JUnit4Provider.invoke(JUnit4Provider.java:155)
	at org.apache.maven.surefire.booter.ForkedBooter.runSuitesInProcess(ForkedBooter.java:385)
	at org.apache.maven.surefire.booter.ForkedBooter.execute(ForkedBooter.java:162)
	at org.apache.maven.surefire.booter.ForkedBooter.run(ForkedBooter.java:507)
	at org.apache.maven.surefire.booter.ForkedBooter.main(ForkedBooter.java:495)
13:35:15.644 [main] DEBUG io.netty.util.ResourceLeakDetector - -Dio.netty.leakDetection.level: simple
13:35:15.644 [main] DEBUG io.netty.util.ResourceLeakDetector - -Dio.netty.leakDetection.targetRecords: 4
13:35:15.644 [main] DEBUG io.netty.buffer.AbstractByteBuf - -Dio.netty.buffer.checkAccessible: true
13:35:15.644 [main] DEBUG io.netty.buffer.AbstractByteBuf - -Dio.netty.buffer.checkBounds: true
13:35:15.644 [main] DEBUG io.netty.util.ResourceLeakDetectorFactory - Loaded default ResourceLeakDetector: io.netty.util.ResourceLeakDetector@5
13:35:15.644 [main] DEBUG io.netty.util.internal.InternalThreadLocalMap - -Dio.netty.threadLocalMap.stringBuilder.initialSize: 1024
13:35:15.644 [main] DEBUG io.netty.util.internal.InternalThreadLocalMap - -Dio.netty.threadLocalMap.stringBuilder.maxSize: 4096
13:35:15.645 [main] DEBUG io.netty.buffer.PooledByteBufAllocator - -Dio.netty.allocator.numHeapArenas: 0
13:35:15.645 [main] DEBUG io.netty.buffer.PooledByteBufAllocator - -Dio.netty.allocator.numDirectArenas: 2
13:35:15.645 [main] DEBUG io.netty.buffer.PooledByteBufAllocator - -Dio.netty.allocator.pageSize: 8192
13:35:15.645 [main] DEBUG io.netty.buffer.PooledByteBufAllocator - -Dio.netty.allocator.maxOrder: 9
13:35:15.645 [main] DEBUG io.netty.buffer.PooledByteBufAllocator - -Dio.netty.allocator.chunkSize: 4194304
13:35:15.645 [main] DEBUG io.netty.buffer.PooledByteBufAllocator - -Dio.netty.allocator.smallCacheSize: 256
13:35:15.645 [main] DEBUG io.netty.buffer.PooledByteBufAllocator - -Dio.netty.allocator.normalCacheSize: 64
13:35:15.645 [main] DEBUG io.netty.buffer.PooledByteBufAllocator - -Dio.netty.allocator.maxCachedBufferCapacity: 32768
13:35:15.645 [main] DEBUG io.netty.buffer.PooledByteBufAllocator - -Dio.netty.allocator.cacheTrimInterval: 8192
13:35:15.645 [main] DEBUG io.netty.buffer.PooledByteBufAllocator - -Dio.netty.allocator.cacheTrimIntervalMillis: 0
13:35:15.645 [main] DEBUG io.netty.buffer.PooledByteBufAllocator - -Dio.netty.allocator.useCacheForAllThreads: false
13:35:15.645 [main] DEBUG io.netty.buffer.PooledByteBufAllocator - -Dio.netty.allocator.maxCachedByteBuffersPerChunk: 1023
13:35:15.645 [main] DEBUG io.netty.buffer.ByteBufUtil - -Dio.netty.allocator.type: pooled
13:35:15.646 [main] DEBUG io.netty.buffer.ByteBufUtil - -Dio.netty.threadLocalDirectBufferSize: 0
13:35:15.646 [main] DEBUG io.netty.buffer.ByteBufUtil - -Dio.netty.maxThreadLocalCharBufferSize: 16384
13:35:15.646 [main] DEBUG io.netty.util.Recycler - -Dio.netty.recycler.maxCapacityPerThread: 4096
13:35:15.646 [main] DEBUG io.netty.util.Recycler - -Dio.netty.recycler.ratio: 8
13:35:15.646 [main] DEBUG io.netty.util.Recycler - -Dio.netty.recycler.chunkSize: 32
13:35:15.646 [main] DEBUG io.netty.util.Recycler - -Dio.netty.recycler.blocking: false
13:35:15.646 [main] DEBUG io.netty.util.Recycler - -Dio.netty.recycler.batchFastThreadLocalOnly: true
13:35:15.646 [main] DEBUG io.netty.util.internal.PlatformDependent - org.jctools-core.MpscChunkedArrayQueue: available
]]></system-out>
  </testcase>
  <testcase name="test19" classname="io.netty.handler.codec.http.multipart.AbstractDiskHttpData_ESTest" time="0.009">
    <system-out><![CDATA[13:35:15.656 [main] DEBUG io.netty.util.internal.logging.InternalLoggerFactory - Using SLF4J as the default logging framework
13:35:15.656 [main] DEBUG io.netty.util.internal.PlatformDependent0 - -Dio.netty.noUnsafe: false
13:35:15.656 [main] DEBUG io.netty.util.internal.PlatformDependent0 - Java version: 8
13:35:15.656 [main] DEBUG io.netty.util.internal.PlatformDependent0 - sun.misc.Unsafe.theUnsafe: available
13:35:15.656 [main] DEBUG io.netty.util.internal.PlatformDependent0 - sun.misc.Unsafe.copyMemory: available
13:35:15.656 [main] DEBUG io.netty.util.internal.PlatformDependent0 - sun.misc.Unsafe.storeFence: available
13:35:15.656 [main] DEBUG io.netty.util.internal.PlatformDependent0 - java.nio.Buffer.address: available
13:35:15.656 [main] DEBUG io.netty.util.internal.PlatformDependent0 - direct buffer constructor: available
13:35:15.656 [main] DEBUG io.netty.util.internal.PlatformDependent0 - java.nio.Bits.unaligned: available, true
13:35:15.656 [main] DEBUG io.netty.util.internal.PlatformDependent0 - jdk.internal.misc.Unsafe.allocateUninitializedArray(int): unavailable prior to Java9
13:35:15.656 [main] DEBUG io.netty.util.internal.PlatformDependent0 - java.nio.DirectByteBuffer.<init>(long, {int,long}): available
13:35:15.656 [main] DEBUG io.netty.util.internal.CleanerJava6 - java.nio.ByteBuffer.cleaner(): available
13:35:15.656 [main] DEBUG io.netty.util.internal.PlatformDependent - sun.misc.Unsafe: available
13:35:15.657 [main] DEBUG io.netty.util.internal.PlatformDependent - -Dio.netty.tmpdir: /tmp (java.io.tmpdir)
13:35:15.657 [main] DEBUG io.netty.util.internal.PlatformDependent - -Dio.netty.bitMode: 64 (sun.arch.data.model)
13:35:15.657 [main] DEBUG io.netty.util.internal.PlatformDependent - -Dio.netty.maxDirectMemory: 11420041216 bytes
13:35:15.657 [main] DEBUG io.netty.util.internal.PlatformDependent - -Dio.netty.uninitializedArrayAllocationThreshold: -1
13:35:15.657 [main] DEBUG io.netty.util.internal.PlatformDependent - -Dio.netty.noPreferDirect: false
13:35:15.657 [main] DEBUG io.netty.util.internal.CleanerJava9 - java.nio.ByteBuffer.cleaner(): unavailable
java.lang.NoSuchMethodException: sun.misc.Unsafe.invokeCleaner(java.nio.ByteBuffer)
	at java.lang.Class.getDeclaredMethod(Class.java:2130)
	at io.netty.util.internal.CleanerJava9$1.run(CleanerJava9.java:45)
	at java.security.AccessController.doPrivileged(Native Method)
	at io.netty.util.internal.CleanerJava9.__STATIC_RESET(CleanerJava9.java:40)
	at sun.reflect.GeneratedMethodAccessor27.invoke(Unknown Source)
	at sun.reflect.DelegatingMethodAccessorImpl.invoke(DelegatingMethodAccessorImpl.java:43)
	at java.lang.reflect.Method.invoke(Method.java:498)
	at org.evosuite.runtime.classhandling.ClassResetter.reset(ClassResetter.java:159)
	at org.evosuite.runtime.classhandling.ClassStateSupport.resetClasses(ClassStateSupport.java:137)
	at io.netty.handler.codec.http.multipart.AbstractDiskHttpData_ESTest_scaffolding.resetClasses(AbstractDiskHttpData_ESTest_scaffolding.java:318)
	at io.netty.handler.codec.http.multipart.AbstractDiskHttpData_ESTest_scaffolding.doneWithTestCase(AbstractDiskHttpData_ESTest_scaffolding.java:74)
	at sun.reflect.GeneratedMethodAccessor6.invoke(Unknown Source)
	at sun.reflect.DelegatingMethodAccessorImpl.invoke(DelegatingMethodAccessorImpl.java:43)
	at java.lang.reflect.Method.invoke(Method.java:498)
	at org.junit.runners.model.FrameworkMethod$1.runReflectiveCall(FrameworkMethod.java:59)
	at org.junit.internal.runners.model.ReflectiveCallable.run(ReflectiveCallable.java:12)
	at org.junit.runners.model.FrameworkMethod.invokeExplosively(FrameworkMethod.java:56)
	at org.junit.internal.runners.statements.RunAfters.invokeMethod(RunAfters.java:46)
	at org.junit.internal.runners.statements.RunAfters.evaluate(RunAfters.java:33)
	at org.evosuite.runtime.vnet.NonFunctionalRequirementRule$1.evaluate(NonFunctionalRequirementRule.java:41)
	at org.junit.runners.ParentRunner$3.evaluate(ParentRunner.java:306)
	at org.junit.runners.BlockJUnit4ClassRunner$1.evaluate(BlockJUnit4ClassRunner.java:100)
	at org.junit.runners.ParentRunner.runLeaf(ParentRunner.java:366)
	at org.junit.runners.BlockJUnit4ClassRunner.runChild(BlockJUnit4ClassRunner.java:103)
	at org.junit.runners.BlockJUnit4ClassRunner.runChild(BlockJUnit4ClassRunner.java:63)
	at org.junit.runners.ParentRunner$4.run(ParentRunner.java:331)
	at org.junit.runners.ParentRunner$1.schedule(ParentRunner.java:79)
	at org.junit.runners.ParentRunner.runChildren(ParentRunner.java:329)
	at org.junit.runners.ParentRunner.access$100(ParentRunner.java:66)
	at org.junit.runners.ParentRunner$2.evaluate(ParentRunner.java:293)
	at org.junit.internal.runners.statements.RunBefores.evaluate(RunBefores.java:26)
	at org.junit.internal.runners.statements.RunAfters.evaluate(RunAfters.java:27)
	at org.junit.runners.ParentRunner$3.evaluate(ParentRunner.java:306)
	at org.junit.runners.ParentRunner.run(ParentRunner.java:413)
	at org.apache.maven.surefire.junit4.JUnit4Provider.execute(JUnit4Provider.java:316)
	at org.apache.maven.surefire.junit4.JUnit4Provider.executeWithRerun(JUnit4Provider.java:240)
	at org.apache.maven.surefire.junit4.JUnit4Provider.executeTestSet(JUnit4Provider.java:214)
	at org.apache.maven.surefire.junit4.JUnit4Provider.invoke(JUnit4Provider.java:155)
	at org.apache.maven.surefire.booter.ForkedBooter.runSuitesInProcess(ForkedBooter.java:385)
	at org.apache.maven.surefire.booter.ForkedBooter.execute(ForkedBooter.java:162)
	at org.apache.maven.surefire.booter.ForkedBooter.run(ForkedBooter.java:507)
	at org.apache.maven.surefire.booter.ForkedBooter.main(ForkedBooter.java:495)
13:35:15.658 [main] DEBUG io.netty.util.ResourceLeakDetector - -Dio.netty.leakDetection.level: simple
13:35:15.658 [main] DEBUG io.netty.util.ResourceLeakDetector - -Dio.netty.leakDetection.targetRecords: 4
13:35:15.658 [main] DEBUG io.netty.buffer.AbstractByteBuf - -Dio.netty.buffer.checkAccessible: true
13:35:15.658 [main] DEBUG io.netty.buffer.AbstractByteBuf - -Dio.netty.buffer.checkBounds: true
13:35:15.658 [main] DEBUG io.netty.util.ResourceLeakDetectorFactory - Loaded default ResourceLeakDetector: io.netty.util.ResourceLeakDetector@5
13:35:15.659 [main] DEBUG io.netty.util.internal.InternalThreadLocalMap - -Dio.netty.threadLocalMap.stringBuilder.initialSize: 1024
13:35:15.659 [main] DEBUG io.netty.util.internal.InternalThreadLocalMap - -Dio.netty.threadLocalMap.stringBuilder.maxSize: 4096
13:35:15.659 [main] DEBUG io.netty.buffer.PooledByteBufAllocator - -Dio.netty.allocator.numHeapArenas: 0
13:35:15.659 [main] DEBUG io.netty.buffer.PooledByteBufAllocator - -Dio.netty.allocator.numDirectArenas: 2
13:35:15.659 [main] DEBUG io.netty.buffer.PooledByteBufAllocator - -Dio.netty.allocator.pageSize: 8192
13:35:15.659 [main] DEBUG io.netty.buffer.PooledByteBufAllocator - -Dio.netty.allocator.maxOrder: 9
13:35:15.659 [main] DEBUG io.netty.buffer.PooledByteBufAllocator - -Dio.netty.allocator.chunkSize: 4194304
13:35:15.659 [main] DEBUG io.netty.buffer.PooledByteBufAllocator - -Dio.netty.allocator.smallCacheSize: 256
13:35:15.659 [main] DEBUG io.netty.buffer.PooledByteBufAllocator - -Dio.netty.allocator.normalCacheSize: 64
13:35:15.659 [main] DEBUG io.netty.buffer.PooledByteBufAllocator - -Dio.netty.allocator.maxCachedBufferCapacity: 32768
13:35:15.659 [main] DEBUG io.netty.buffer.PooledByteBufAllocator - -Dio.netty.allocator.cacheTrimInterval: 8192
13:35:15.659 [main] DEBUG io.netty.buffer.PooledByteBufAllocator - -Dio.netty.allocator.cacheTrimIntervalMillis: 0
13:35:15.659 [main] DEBUG io.netty.buffer.PooledByteBufAllocator - -Dio.netty.allocator.useCacheForAllThreads: false
13:35:15.659 [main] DEBUG io.netty.buffer.PooledByteBufAllocator - -Dio.netty.allocator.maxCachedByteBuffersPerChunk: 1023
13:35:15.660 [main] DEBUG io.netty.buffer.ByteBufUtil - -Dio.netty.allocator.type: pooled
13:35:15.660 [main] DEBUG io.netty.buffer.ByteBufUtil - -Dio.netty.threadLocalDirectBufferSize: 0
13:35:15.660 [main] DEBUG io.netty.buffer.ByteBufUtil - -Dio.netty.maxThreadLocalCharBufferSize: 16384
13:35:15.660 [main] DEBUG io.netty.util.Recycler - -Dio.netty.recycler.maxCapacityPerThread: 4096
13:35:15.660 [main] DEBUG io.netty.util.Recycler - -Dio.netty.recycler.ratio: 8
13:35:15.660 [main] DEBUG io.netty.util.Recycler - -Dio.netty.recycler.chunkSize: 32
13:35:15.660 [main] DEBUG io.netty.util.Recycler - -Dio.netty.recycler.blocking: false
13:35:15.661 [main] DEBUG io.netty.util.Recycler - -Dio.netty.recycler.batchFastThreadLocalOnly: true
13:35:15.661 [main] DEBUG io.netty.util.internal.PlatformDependent - org.jctools-core.MpscChunkedArrayQueue: available
]]></system-out>
  </testcase>
</testsuite>