<?xml version="1.0" encoding="UTF-8"?>
<testsuite xmlns:xsi="http://www.w3.org/2001/XMLSchema-instance" xsi:noNamespaceSchemaLocation="https://maven.apache.org/surefire/maven-surefire-plugin/xsd/surefire-test-report-3.0.xsd" version="3.0" name="oshi.util.platform.windows.PerfDataUtil_ESTest" time="0.023" tests="1" errors="0" skipped="0" failures="0">
  <properties>
    <property name="awt.toolkit" value="sun.awt.X11.XToolkit"/>
    <property name="file.encoding.pkg" value="sun.io"/>
    <property name="java.specification.version" value="1.8"/>
    <property name="sun.cpu.isalist" value=""/>
    <property name="sun.jnu.encoding" value="UTF-8"/>
    <property name="java.class.path" value="/home/wtwhite/code/regression-test-generation/find-diff-classes/compile/gaoss/com/github/oshi/oshi-core/6.4.0/target/test-classes:/home/wtwhite/code/regression-test-generation/find-diff-classes/compile/gaoss/com/github/oshi/oshi-core/6.4.0/target/classes:/home/wtwhite/code/craw-redhat-oss/wget/crawl/google-aoss/com/github/oshi/oshi-core/6.4.0/oshi-core-6.4.0.jar:/home/wtwhite/code/regression-test-generation/find-diff-classes/compile/gaoss/com/github/oshi/oshi-core/6.4.0/t/dependency/apiguardian-api-1.1.2.jar:/home/wtwhite/code/regression-test-generation/find-diff-classes/compile/gaoss/com/github/oshi/oshi-core/6.4.0/t/dependency/hamcrest-2.2.jar:/home/wtwhite/code/regression-test-generation/find-diff-classes/compile/gaoss/com/github/oshi/oshi-core/6.4.0/t/dependency/jna-5.12.1.jar:/home/wtwhite/code/regression-test-generation/find-diff-classes/compile/gaoss/com/github/oshi/oshi-core/6.4.0/t/dependency/jna-platform-5.12.1.jar:/home/wtwhite/code/regression-test-generation/find-diff-classes/compile/gaoss/com/github/oshi/oshi-core/6.4.0/t/dependency/junit-jupiter-api-5.9.1.jar:/home/wtwhite/code/regression-test-generation/find-diff-classes/compile/gaoss/com/github/oshi/oshi-core/6.4.0/t/dependency/junit-platform-commons-1.9.1.jar:/home/wtwhite/code/regression-test-generation/find-diff-classes/compile/gaoss/com/github/oshi/oshi-core/6.4.0/t/dependency/opentest4j-1.2.0.jar:/home/wtwhite/code/regression-test-generation/find-diff-classes/compile/gaoss/com/github/oshi/oshi-core/6.4.0/t/dependency/slf4j-api-2.0.5.jar:/home/wtwhite/code/regression-test-generation/find-diff-classes/compile/gaoss/com/github/oshi/oshi-core/6.4.0/t/dependency/slf4j-simple-2.0.5.jar:/home/wtwhite/code/regression-test-generation/evosuite/evosuite-standalone-runtime-1.2.0.jar:/home/wtwhite/.m2/repository/junit/junit/4.13.2/junit-4.13.2.jar:/home/wtwhite/.m2/repository/org/hamcrest/hamcrest-core/1.3/hamcrest-core-1.3.jar:"/>
    <property name="java.vm.vendor" value="Private Build"/>
    <property name="sun.arch.data.model" value="64"/>
    <property name="java.vendor.url" value="http://java.oracle.com/"/>
    <property name="user.timezone" value=""/>
    <property name="java.vm.specification.version" value="1.8"/>
    <property name="os.name" value="Linux"/>
    <property name="RUNDIR" value="/home/wtwhite/code/regression-test-generation/find-diff-classes/run-mvn"/>
    <property name="user.country" value="NZ"/>
    <property name="sun.java.launcher" value="SUN_STANDARD"/>
    <property name="sun.boot.library.path" value="/usr/lib/jvm/java-8-openjdk-amd64/jre/lib/amd64"/>
    <property name="sun.java.command" value="/home/wtwhite/code/regression-test-generation/find-diff-classes/compile/gaoss/com/github/oshi/oshi-core/6.4.0/target/surefire/surefirebooter-20241106180335616_3.jar /home/wtwhite/code/regression-test-generation/find-diff-classes/compile/gaoss/com/github/oshi/oshi-core/6.4.0/target/surefire 2024-11-06T18-03-35_514-jvmRun1 surefire-20241106180335616_1tmp surefire_0-20241106180335616_2tmp"/>
    <property name="surefire.test.class.path" value="/home/wtwhite/code/regression-test-generation/find-diff-classes/compile/gaoss/com/github/oshi/oshi-core/6.4.0/target/test-classes:/home/wtwhite/code/regression-test-generation/find-diff-classes/compile/gaoss/com/github/oshi/oshi-core/6.4.0/target/classes:/home/wtwhite/code/craw-redhat-oss/wget/crawl/google-aoss/com/github/oshi/oshi-core/6.4.0/oshi-core-6.4.0.jar:/home/wtwhite/code/regression-test-generation/find-diff-classes/compile/gaoss/com/github/oshi/oshi-core/6.4.0/t/dependency/apiguardian-api-1.1.2.jar:/home/wtwhite/code/regression-test-generation/find-diff-classes/compile/gaoss/com/github/oshi/oshi-core/6.4.0/t/dependency/hamcrest-2.2.jar:/home/wtwhite/code/regression-test-generation/find-diff-classes/compile/gaoss/com/github/oshi/oshi-core/6.4.0/t/dependency/jna-5.12.1.jar:/home/wtwhite/code/regression-test-generation/find-diff-classes/compile/gaoss/com/github/oshi/oshi-core/6.4.0/t/dependency/jna-platform-5.12.1.jar:/home/wtwhite/code/regression-test-generation/find-diff-classes/compile/gaoss/com/github/oshi/oshi-core/6.4.0/t/dependency/junit-jupiter-api-5.9.1.jar:/home/wtwhite/code/regression-test-generation/find-diff-classes/compile/gaoss/com/github/oshi/oshi-core/6.4.0/t/dependency/junit-platform-commons-1.9.1.jar:/home/wtwhite/code/regression-test-generation/find-diff-classes/compile/gaoss/com/github/oshi/oshi-core/6.4.0/t/dependency/opentest4j-1.2.0.jar:/home/wtwhite/code/regression-test-generation/find-diff-classes/compile/gaoss/com/github/oshi/oshi-core/6.4.0/t/dependency/slf4j-api-2.0.5.jar:/home/wtwhite/code/regression-test-generation/find-diff-classes/compile/gaoss/com/github/oshi/oshi-core/6.4.0/t/dependency/slf4j-simple-2.0.5.jar:/home/wtwhite/code/regression-test-generation/evosuite/evosuite-standalone-runtime-1.2.0.jar:/home/wtwhite/.m2/repository/junit/junit/4.13.2/junit-4.13.2.jar:/home/wtwhite/.m2/repository/org/hamcrest/hamcrest-core/1.3/hamcrest-core-1.3.jar:"/>
    <property name="sun.cpu.endian" value="little"/>
    <property name="user.home" value="/home/wtwhite"/>
    <property name="user.language" value="en"/>
    <property name="java.specification.vendor" value="Oracle Corporation"/>
    <property name="java.home" value="/usr/lib/jvm/java-8-openjdk-amd64/jre"/>
    <property name="basedir" value="/home/wtwhite/code/regression-test-generation/find-diff-classes/compile/gaoss/com/github/oshi/oshi-core/6.4.0"/>
    <property name="file.separator" value="/"/>
    <property name="line.separator" value="&#10;"/>
    <property name="java.vm.specification.vendor" value="Oracle Corporation"/>
    <property name="java.specification.name" value="Java Platform API Specification"/>
    <property name="java.awt.graphicsenv" value="sun.awt.X11GraphicsEnvironment"/>
    <property name="surefire.real.class.path" value="/home/wtwhite/code/regression-test-generation/find-diff-classes/compile/gaoss/com/github/oshi/oshi-core/6.4.0/target/surefire/surefirebooter-20241106180335616_3.jar"/>
    <property name="sun.boot.class.path" value="/usr/lib/jvm/java-8-openjdk-amd64/jre/lib/resources.jar:/usr/lib/jvm/java-8-openjdk-amd64/jre/lib/rt.jar:/usr/lib/jvm/java-8-openjdk-amd64/jre/lib/sunrsasign.jar:/usr/lib/jvm/java-8-openjdk-amd64/jre/lib/jsse.jar:/usr/lib/jvm/java-8-openjdk-amd64/jre/lib/jce.jar:/usr/lib/jvm/java-8-openjdk-amd64/jre/lib/charsets.jar:/usr/lib/jvm/java-8-openjdk-amd64/jre/lib/jfr.jar:/usr/lib/jvm/java-8-openjdk-amd64/jre/classes"/>
    <property name="sun.management.compiler" value="HotSpot 64-Bit Tiered Compilers"/>
    <property name="java.runtime.version" value="1.8.0_382-8u382-ga-1~22.04.1-b05"/>
    <property name="user.name" value="wtwhite"/>
    <property name="path.separator" value=":"/>
    <property name="os.version" value="5.15.0-87-generic"/>
    <property name="java.endorsed.dirs" value="/usr/lib/jvm/java-8-openjdk-amd64/jre/lib/endorsed"/>
    <property name="java.runtime.name" value="OpenJDK Runtime Environment"/>
    <property name="file.encoding" value="UTF-8"/>
    <property name="java.vm.name" value="OpenJDK 64-Bit Server VM"/>
    <property name="localRepository" value="/home/wtwhite/.m2/repository"/>
    <property name="java.vendor.url.bug" value="http://bugreport.sun.com/bugreport/"/>
    <property name="java.io.tmpdir" value="/tmp"/>
    <property name="java.version" value="1.8.0_382"/>
    <property name="user.dir" value="/home/wtwhite/code/regression-test-generation/find-diff-classes/compile/gaoss/com/github/oshi/oshi-core/6.4.0"/>
    <property name="os.arch" value="amd64"/>
    <property name="java.vm.specification.name" value="Java Virtual Machine Specification"/>
    <property name="java.awt.printerjob" value="sun.print.PSPrinterJob"/>
    <property name="sun.os.patch.level" value="unknown"/>
    <property name="java.library.path" value="/usr/java/packages/lib/amd64:/usr/lib/x86_64-linux-gnu/jni:/lib/x86_64-linux-gnu:/usr/lib/x86_64-linux-gnu:/usr/lib/jni:/lib:/usr/lib"/>
    <property name="java.vm.info" value="mixed mode"/>
    <property name="java.vendor" value="Private Build"/>
    <property name="java.vm.version" value="25.382-b05"/>
    <property name="java.specification.maintenance.version" value="5"/>
    <property name="java.ext.dirs" value="/usr/lib/jvm/java-8-openjdk-amd64/jre/lib/ext:/usr/java/packages/lib/ext"/>
    <property name="sun.io.unicode.encoding" value="UnicodeLittle"/>
    <property name="java.class.version" value="52.0"/>
  </properties>
  <testcase name="test0" classname="oshi.util.platform.windows.PerfDataUtil_ESTest" time="0.002">
    <system-err><![CDATA[[main] INFO org.evosuite.runtime.instrumentation.EvoClassLoader - Seeing class for first time: oshi.util.platform.windows.PerfDataUtil_ESTest
[main] INFO org.evosuite.runtime.instrumentation.EvoClassLoader - Instrumenting class 'oshi.util.platform.windows.PerfDataUtil_ESTest'.
[main] INFO org.evosuite.runtime.instrumentation.EvoClassLoader - Seeing class for first time: oshi.util.platform.windows.PerfDataUtil_ESTest_scaffolding
[main] INFO org.evosuite.runtime.instrumentation.EvoClassLoader - Instrumenting class 'oshi.util.platform.windows.PerfDataUtil_ESTest_scaffolding'.
[main] INFO org.evosuite.runtime.instrumentation.EvoClassLoader - Keeping class: oshi.util.platform.windows.PerfDataUtil_ESTest_scaffolding
[main] INFO org.evosuite.runtime.instrumentation.EvoClassLoader - Keeping class: oshi.util.platform.windows.PerfDataUtil_ESTest
[main] INFO org.evosuite.runtime.instrumentation.EvoClassLoader - Seeing class for first time: oshi.util.platform.windows.PerfDataUtil
[main] INFO org.evosuite.runtime.instrumentation.EvoClassLoader - Instrumenting class 'oshi.util.platform.windows.PerfDataUtil'.
[main] INFO org.evosuite.runtime.instrumentation.MethodCallReplacementClassAdapter - Adding mock interface to class oshi/util/platform/windows/PerfDataUtil
[main] INFO org.evosuite.runtime.instrumentation.CreateClassResetClassAdapter - Found static initializer in class oshi/util/platform/windows/PerfDataUtil
[main] INFO org.evosuite.runtime.instrumentation.EvoClassLoader - Keeping class: oshi.util.platform.windows.PerfDataUtil
[main] INFO org.evosuite.runtime.instrumentation.EvoClassLoader - Seeing class for first time: oshi.jna.ByRef$CloseableLONGLONGByReference
[main] INFO org.evosuite.runtime.instrumentation.EvoClassLoader - Instrumenting class 'oshi.jna.ByRef$CloseableLONGLONGByReference'.
[main] INFO org.evosuite.runtime.instrumentation.MethodCallReplacementClassAdapter - Adding mock interface to class oshi/jna/ByRef$CloseableLONGLONGByReference
[main] INFO org.evosuite.runtime.instrumentation.CreateClassResetClassAdapter - Creating brand-new static initializer in class oshi/jna/ByRef$CloseableLONGLONGByReference
[main] INFO org.evosuite.runtime.instrumentation.EvoClassLoader - Defined package (3): package oshi.jna, -2056963052
[main] INFO org.evosuite.runtime.instrumentation.EvoClassLoader - Keeping class: oshi.jna.ByRef$CloseableLONGLONGByReference
[main] INFO org.evosuite.runtime.instrumentation.EvoClassLoader - Seeing class for first time: oshi.jna.Struct$CloseablePdhRawCounter
[main] INFO org.evosuite.runtime.instrumentation.EvoClassLoader - Instrumenting class 'oshi.jna.Struct$CloseablePdhRawCounter'.
[main] INFO org.evosuite.runtime.instrumentation.MethodCallReplacementClassAdapter - Adding mock interface to class oshi/jna/Struct$CloseablePdhRawCounter
[main] INFO org.evosuite.runtime.instrumentation.CreateClassResetClassAdapter - Creating brand-new static initializer in class oshi/jna/Struct$CloseablePdhRawCounter
[main] INFO org.evosuite.runtime.instrumentation.EvoClassLoader - Keeping class: oshi.jna.Struct$CloseablePdhRawCounter
[main] ERROR org.evosuite.runtime.classhandling.ClassStateSupport - Could not initialize oshi.util.platform.windows.PerfDataUtil: Could not initialize class com.sun.jna.Native
[main] INFO org.evosuite.runtime.instrumentation.EvoClassLoader - Seeing class for first time: oshi.util.platform.windows.PerfDataUtil$PerfCounter
[main] INFO org.evosuite.runtime.instrumentation.EvoClassLoader - Instrumenting class 'oshi.util.platform.windows.PerfDataUtil$PerfCounter'.
[main] INFO org.evosuite.runtime.instrumentation.MethodCallReplacementClassAdapter - Adding mock interface to class oshi/util/platform/windows/PerfDataUtil$PerfCounter
[main] INFO org.evosuite.runtime.instrumentation.CreateClassResetClassAdapter - Creating brand-new static initializer in class oshi/util/platform/windows/PerfDataUtil$PerfCounter
[main] INFO org.evosuite.runtime.instrumentation.EvoClassLoader - Keeping class: oshi.util.platform.windows.PerfDataUtil$PerfCounter
[main] ERROR org.evosuite.runtime.classhandling.ClassResetter - java.lang.NoClassDefFoundError: Could not initialize class oshi.util.platform.windows.PerfDataUtil
]]></system-err>
  </testcase>
</testsuite>