<?xml version="1.0" encoding="UTF-8"?>
<testsuite xmlns:xsi="http://www.w3.org/2001/XMLSchema-instance" xsi:noNamespaceSchemaLocation="https://maven.apache.org/surefire/maven-surefire-plugin/xsd/surefire-test-report-3.0.xsd" version="3.0" name="org.apache.hadoop.hdfs.server.namenode.snapshot.SnapshotDiffInfo_ESTest" time="5.003" tests="31" errors="0" skipped="0" failures="0">
  <properties>
    <property name="awt.toolkit" value="sun.awt.X11.XToolkit"/>
    <property name="file.encoding.pkg" value="sun.io"/>
    <property name="java.specification.version" value="1.8"/>
    <property name="sun.cpu.isalist" value=""/>
    <property name="sun.jnu.encoding" value="UTF-8"/>
    <property name="java.class.path" value="/home/wtwhite/code/regression-test-generation-NON-SOURCE-EQUIV/find-diff-classes/compile/gaoss/org/apache/hadoop/hadoop-hdfs/3.3.5/target/test-classes:/home/wtwhite/code/regression-test-generation-NON-SOURCE-EQUIV/find-diff-classes/compile/gaoss/org/apache/hadoop/hadoop-hdfs/3.3.5/target/classes:/home/wtwhite/code/craw-redhat-oss/wget/crawl/google-aoss/org/apache/hadoop/hadoop-hdfs/3.3.5/hadoop-hdfs-3.3.5.jar:/home/wtwhite/code/regression-test-generation-NON-SOURCE-EQUIV/find-diff-classes/compile/gaoss/org/apache/hadoop/hadoop-hdfs/3.3.5/t/dependency/AppleJavaExtensions-1.4.jar:/home/wtwhite/code/regression-test-generation-NON-SOURCE-EQUIV/find-diff-classes/compile/gaoss/org/apache/hadoop/hadoop-hdfs/3.3.5/t/dependency/accessors-smart-2.4.7.jar:/home/wtwhite/code/regression-test-generation-NON-SOURCE-EQUIV/find-diff-classes/compile/gaoss/org/apache/hadoop/hadoop-hdfs/3.3.5/t/dependency/animal-sniffer-annotations-1.17.jar:/home/wtwhite/code/regression-test-generation-NON-SOURCE-EQUIV/find-diff-classes/compile/gaoss/org/apache/hadoop/hadoop-hdfs/3.3.5/t/dependency/asm-5.0.4.jar:/home/wtwhite/code/regression-test-generation-NON-SOURCE-EQUIV/find-diff-classes/compile/gaoss/org/apache/hadoop/hadoop-hdfs/3.3.5/t/dependency/asm-commons-5.0.2.jar:/home/wtwhite/code/regression-test-generation-NON-SOURCE-EQUIV/find-diff-classes/compile/gaoss/org/apache/hadoop/hadoop-hdfs/3.3.5/t/dependency/asm-debug-all-5.0.2.jar:/home/wtwhite/code/regression-test-generation-NON-SOURCE-EQUIV/find-diff-classes/compile/gaoss/org/apache/hadoop/hadoop-hdfs/3.3.5/t/dependency/asm-tree-5.0.2.jar:/home/wtwhite/code/regression-test-generation-NON-SOURCE-EQUIV/find-diff-classes/compile/gaoss/org/apache/hadoop/hadoop-hdfs/3.3.5/t/dependency/assertj-core-3.12.2.jar:/home/wtwhite/code/regression-test-generation-NON-SOURCE-EQUIV/find-diff-classes/compile/gaoss/org/apache/hadoop/hadoop-hdfs/3.3.5/t/dependency/audience-annotations-0.5.0.jar:/home/wtwhite/code/regression-test-generation-NON-SOURCE-EQUIV/find-diff-classes/compile/gaoss/org/apache/hadoop/hadoop-hdfs/3.3.5/t/dependency/avro-1.7.7.jar:/home/wtwhite/code/regression-test-generation-NON-SOURCE-EQUIV/find-diff-classes/compile/gaoss/org/apache/hadoop/hadoop-hdfs/3.3.5/t/dependency/bcel-findbugs-6.0.jar:/home/wtwhite/code/regression-test-generation-NON-SOURCE-EQUIV/find-diff-classes/compile/gaoss/org/apache/hadoop/hadoop-hdfs/3.3.5/t/dependency/bcprov-jdk15on-1.68.jar:/home/wtwhite/code/regression-test-generation-NON-SOURCE-EQUIV/find-diff-classes/compile/gaoss/org/apache/hadoop/hadoop-hdfs/3.3.5/t/dependency/byte-buddy-1.9.10.jar:/home/wtwhite/code/regression-test-generation-NON-SOURCE-EQUIV/find-diff-classes/compile/gaoss/org/apache/hadoop/hadoop-hdfs/3.3.5/t/dependency/byte-buddy-agent-1.9.10.jar:/home/wtwhite/code/regression-test-generation-NON-SOURCE-EQUIV/find-diff-classes/compile/gaoss/org/apache/hadoop/hadoop-hdfs/3.3.5/t/dependency/checker-qual-2.5.2.jar:/home/wtwhite/code/regression-test-generation-NON-SOURCE-EQUIV/find-diff-classes/compile/gaoss/org/apache/hadoop/hadoop-hdfs/3.3.5/t/dependency/commons-beanutils-1.9.4.jar:/home/wtwhite/code/regression-test-generation-NON-SOURCE-EQUIV/find-diff-classes/compile/gaoss/org/apache/hadoop/hadoop-hdfs/3.3.5/t/dependency/commons-cli-1.2.jar:/home/wtwhite/code/regression-test-generation-NON-SOURCE-EQUIV/find-diff-classes/compile/gaoss/org/apache/hadoop/hadoop-hdfs/3.3.5/t/dependency/commons-codec-1.15.jar:/home/wtwhite/code/regression-test-generation-NON-SOURCE-EQUIV/find-diff-classes/compile/gaoss/org/apache/hadoop/hadoop-hdfs/3.3.5/t/dependency/commons-collections-3.2.2.jar:/home/wtwhite/code/regression-test-generation-NON-SOURCE-EQUIV/find-diff-classes/compile/gaoss/org/apache/hadoop/hadoop-hdfs/3.3.5/t/dependency/commons-compress-1.21.jar:/home/wtwhite/code/regression-test-generation-NON-SOURCE-EQUIV/find-diff-classes/compile/gaoss/org/apache/hadoop/hadoop-hdfs/3.3.5/t/dependency/commons-configuration2-2.8.0.jar:/home/wtwhite/code/regression-test-generation-NON-SOURCE-EQUIV/find-diff-classes/compile/gaoss/org/apache/hadoop/hadoop-hdfs/3.3.5/t/dependency/commons-daemon-1.0.13.jar:/home/wtwhite/code/regression-test-generation-NON-SOURCE-EQUIV/find-diff-classes/compile/gaoss/org/apache/hadoop/hadoop-hdfs/3.3.5/t/dependency/commons-io-2.8.0.jar:/home/wtwhite/code/regression-test-generation-NON-SOURCE-EQUIV/find-diff-classes/compile/gaoss/org/apache/hadoop/hadoop-hdfs/3.3.5/t/dependency/commons-lang-2.6.jar:/home/wtwhite/code/regression-test-generation-NON-SOURCE-EQUIV/find-diff-classes/compile/gaoss/org/apache/hadoop/hadoop-hdfs/3.3.5/t/dependency/commons-lang3-3.12.0.jar:/home/wtwhite/code/regression-test-generation-NON-SOURCE-EQUIV/find-diff-classes/compile/gaoss/org/apache/hadoop/hadoop-hdfs/3.3.5/t/dependency/commons-logging-1.1.3.jar:/home/wtwhite/code/regression-test-generation-NON-SOURCE-EQUIV/find-diff-classes/compile/gaoss/org/apache/hadoop/hadoop-hdfs/3.3.5/t/dependency/commons-math3-3.1.1.jar:/home/wtwhite/code/regression-test-generation-NON-SOURCE-EQUIV/find-diff-classes/compile/gaoss/org/apache/hadoop/hadoop-hdfs/3.3.5/t/dependency/commons-net-3.9.0.jar:/home/wtwhite/code/regression-test-generation-NON-SOURCE-EQUIV/find-diff-classes/compile/gaoss/org/apache/hadoop/hadoop-hdfs/3.3.5/t/dependency/commons-text-1.10.0.jar:/home/wtwhite/code/regression-test-generation-NON-SOURCE-EQUIV/find-diff-classes/compile/gaoss/org/apache/hadoop/hadoop-hdfs/3.3.5/t/dependency/curator-client-4.2.0.jar:/home/wtwhite/code/regression-test-generation-NON-SOURCE-EQUIV/find-diff-classes/compile/gaoss/org/apache/hadoop/hadoop-hdfs/3.3.5/t/dependency/curator-framework-4.2.0.jar:/home/wtwhite/code/regression-test-generation-NON-SOURCE-EQUIV/find-diff-classes/compile/gaoss/org/apache/hadoop/hadoop-hdfs/3.3.5/t/dependency/curator-recipes-4.2.0.jar:/home/wtwhite/code/regression-test-generation-NON-SOURCE-EQUIV/find-diff-classes/compile/gaoss/org/apache/hadoop/hadoop-hdfs/3.3.5/t/dependency/curator-test-4.2.0.jar:/home/wtwhite/code/regression-test-generation-NON-SOURCE-EQUIV/find-diff-classes/compile/gaoss/org/apache/hadoop/hadoop-hdfs/3.3.5/t/dependency/dnsjava-2.1.7.jar:/home/wtwhite/code/regression-test-generation-NON-SOURCE-EQUIV/find-diff-classes/compile/gaoss/org/apache/hadoop/hadoop-hdfs/3.3.5/t/dependency/dom4j-1.6.1.jar:/home/wtwhite/code/regression-test-generation-NON-SOURCE-EQUIV/find-diff-classes/compile/gaoss/org/apache/hadoop/hadoop-hdfs/3.3.5/t/dependency/failureaccess-1.0.jar:/home/wtwhite/code/regression-test-generation-NON-SOURCE-EQUIV/find-diff-classes/compile/gaoss/org/apache/hadoop/hadoop-hdfs/3.3.5/t/dependency/findbugs-3.0.1.jar:/home/wtwhite/code/regression-test-generation-NON-SOURCE-EQUIV/find-diff-classes/compile/gaoss/org/apache/hadoop/hadoop-hdfs/3.3.5/t/dependency/gson-2.9.0.jar:/home/wtwhite/code/regression-test-generation-NON-SOURCE-EQUIV/find-diff-classes/compile/gaoss/org/apache/hadoop/hadoop-hdfs/3.3.5/t/dependency/guava-27.0-jre.jar:/home/wtwhite/code/regression-test-generation-NON-SOURCE-EQUIV/find-diff-classes/compile/gaoss/org/apache/hadoop/hadoop-hdfs/3.3.5/t/dependency/hadoop-annotations-3.3.5.jar:/home/wtwhite/code/regression-test-generation-NON-SOURCE-EQUIV/find-diff-classes/compile/gaoss/org/apache/hadoop/hadoop-hdfs/3.3.5/t/dependency/hadoop-auth-3.3.5.jar:/home/wtwhite/code/regression-test-generation-NON-SOURCE-EQUIV/find-diff-classes/compile/gaoss/org/apache/hadoop/hadoop-hdfs/3.3.5/t/dependency/hadoop-common-3.3.5-tests.jar:/home/wtwhite/code/regression-test-generation-NON-SOURCE-EQUIV/find-diff-classes/compile/gaoss/org/apache/hadoop/hadoop-hdfs/3.3.5/t/dependency/hadoop-common-3.3.5.jar:/home/wtwhite/code/regression-test-generation-NON-SOURCE-EQUIV/find-diff-classes/compile/gaoss/org/apache/hadoop/hadoop-hdfs/3.3.5/t/dependency/hadoop-hdfs-client-3.3.5.jar:/home/wtwhite/code/regression-test-generation-NON-SOURCE-EQUIV/find-diff-classes/compile/gaoss/org/apache/hadoop/hadoop-hdfs/3.3.5/t/dependency/hadoop-kms-3.3.5-tests.jar:/home/wtwhite/code/regression-test-generation-NON-SOURCE-EQUIV/find-diff-classes/compile/gaoss/org/apache/hadoop/hadoop-hdfs/3.3.5/t/dependency/hadoop-kms-3.3.5.jar:/home/wtwhite/code/regression-test-generation-NON-SOURCE-EQUIV/find-diff-classes/compile/gaoss/org/apache/hadoop/hadoop-hdfs/3.3.5/t/dependency/hadoop-minikdc-3.3.5.jar:/home/wtwhite/code/regression-test-generation-NON-SOURCE-EQUIV/find-diff-classes/compile/gaoss/org/apache/hadoop/hadoop-hdfs/3.3.5/t/dependency/hadoop-shaded-guava-1.1.1.jar:/home/wtwhite/code/regression-test-generation-NON-SOURCE-EQUIV/find-diff-classes/compile/gaoss/org/apache/hadoop/hadoop-hdfs/3.3.5/t/dependency/hadoop-shaded-protobuf_3_7-1.1.1.jar:/home/wtwhite/code/regression-test-generation-NON-SOURCE-EQUIV/find-diff-classes/compile/gaoss/org/apache/hadoop/hadoop-hdfs/3.3.5/t/dependency/hamcrest-core-1.3.jar:/home/wtwhite/code/regression-test-generation-NON-SOURCE-EQUIV/find-diff-classes/compile/gaoss/org/apache/hadoop/hadoop-hdfs/3.3.5/t/dependency/httpclient-4.5.13.jar:/home/wtwhite/code/regression-test-generation-NON-SOURCE-EQUIV/find-diff-classes/compile/gaoss/org/apache/hadoop/hadoop-hdfs/3.3.5/t/dependency/httpcore-4.4.13.jar:/home/wtwhite/code/regression-test-generation-NON-SOURCE-EQUIV/find-diff-classes/compile/gaoss/org/apache/hadoop/hadoop-hdfs/3.3.5/t/dependency/j2objc-annotations-1.1.jar:/home/wtwhite/code/regression-test-generation-NON-SOURCE-EQUIV/find-diff-classes/compile/gaoss/org/apache/hadoop/hadoop-hdfs/3.3.5/t/dependency/jFormatString-2.0.1.jar:/home/wtwhite/code/regression-test-generation-NON-SOURCE-EQUIV/find-diff-classes/compile/gaoss/org/apache/hadoop/hadoop-hdfs/3.3.5/t/dependency/jackson-annotations-2.12.7.jar:/home/wtwhite/code/regression-test-generation-NON-SOURCE-EQUIV/find-diff-classes/compile/gaoss/org/apache/hadoop/hadoop-hdfs/3.3.5/t/dependency/jackson-core-2.12.7.jar:/home/wtwhite/code/regression-test-generation-NON-SOURCE-EQUIV/find-diff-classes/compile/gaoss/org/apache/hadoop/hadoop-hdfs/3.3.5/t/dependency/jackson-core-asl-1.9.13.jar:/home/wtwhite/code/regression-test-generation-NON-SOURCE-EQUIV/find-diff-classes/compile/gaoss/org/apache/hadoop/hadoop-hdfs/3.3.5/t/dependency/jackson-databind-2.12.7.1.jar:/home/wtwhite/code/regression-test-generation-NON-SOURCE-EQUIV/find-diff-classes/compile/gaoss/org/apache/hadoop/hadoop-hdfs/3.3.5/t/dependency/jackson-mapper-asl-1.9.13.jar:/home/wtwhite/code/regression-test-generation-NON-SOURCE-EQUIV/find-diff-classes/compile/gaoss/org/apache/hadoop/hadoop-hdfs/3.3.5/t/dependency/jakarta.activation-api-1.2.1.jar:/home/wtwhite/code/regression-test-generation-NON-SOURCE-EQUIV/find-diff-classes/compile/gaoss/org/apache/hadoop/hadoop-hdfs/3.3.5/t/dependency/javax.servlet-api-3.1.0.jar:/home/wtwhite/code/regression-test-generation-NON-SOURCE-EQUIV/find-diff-classes/compile/gaoss/org/apache/hadoop/hadoop-hdfs/3.3.5/t/dependency/jaxb-api-2.2.11.jar:/home/wtwhite/code/regression-test-generation-NON-SOURCE-EQUIV/find-diff-classes/compile/gaoss/org/apache/hadoop/hadoop-hdfs/3.3.5/t/dependency/jaxb-impl-2.2.3-1.jar:/home/wtwhite/code/regression-test-generation-NON-SOURCE-EQUIV/find-diff-classes/compile/gaoss/org/apache/hadoop/hadoop-hdfs/3.3.5/t/dependency/jaxen-1.1.6.jar:/home/wtwhite/code/regression-test-generation-NON-SOURCE-EQUIV/find-diff-classes/compile/gaoss/org/apache/hadoop/hadoop-hdfs/3.3.5/t/dependency/jcip-annotations-1.0-1.jar:/home/wtwhite/code/regression-test-generation-NON-SOURCE-EQUIV/find-diff-classes/compile/gaoss/org/apache/hadoop/hadoop-hdfs/3.3.5/t/dependency/jcip-annotations-1.0.jar:/home/wtwhite/code/regression-test-generation-NON-SOURCE-EQUIV/find-diff-classes/compile/gaoss/org/apache/hadoop/hadoop-hdfs/3.3.5/t/dependency/jdk.tools-1.8.jar:/home/wtwhite/code/regression-test-generation-NON-SOURCE-EQUIV/find-diff-classes/compile/gaoss/org/apache/hadoop/hadoop-hdfs/3.3.5/t/dependency/jersey-core-1.19.4.jar:/home/wtwhite/code/regression-test-generation-NON-SOURCE-EQUIV/find-diff-classes/compile/gaoss/org/apache/hadoop/hadoop-hdfs/3.3.5/t/dependency/jersey-json-1.20.jar:/home/wtwhite/code/regression-test-generation-NON-SOURCE-EQUIV/find-diff-classes/compile/gaoss/org/apache/hadoop/hadoop-hdfs/3.3.5/t/dependency/jersey-server-1.19.4.jar:/home/wtwhite/code/regression-test-generation-NON-SOURCE-EQUIV/find-diff-classes/compile/gaoss/org/apache/hadoop/hadoop-hdfs/3.3.5/t/dependency/jersey-servlet-1.19.4.jar:/home/wtwhite/code/regression-test-generation-NON-SOURCE-EQUIV/find-diff-classes/compile/gaoss/org/apache/hadoop/hadoop-hdfs/3.3.5/t/dependency/jettison-1.5.3.jar:/home/wtwhite/code/regression-test-generation-NON-SOURCE-EQUIV/find-diff-classes/compile/gaoss/org/apache/hadoop/hadoop-hdfs/3.3.5/t/dependency/jetty-http-9.4.48.v20220622.jar:/home/wtwhite/code/regression-test-generation-NON-SOURCE-EQUIV/find-diff-classes/compile/gaoss/org/apache/hadoop/hadoop-hdfs/3.3.5/t/dependency/jetty-io-9.4.48.v20220622.jar:/home/wtwhite/code/regression-test-generation-NON-SOURCE-EQUIV/find-diff-classes/compile/gaoss/org/apache/hadoop/hadoop-hdfs/3.3.5/t/dependency/jetty-security-9.4.48.v20220622.jar:/home/wtwhite/code/regression-test-generation-NON-SOURCE-EQUIV/find-diff-classes/compile/gaoss/org/apache/hadoop/hadoop-hdfs/3.3.5/t/dependency/jetty-server-9.4.48.v20220622.jar:/home/wtwhite/code/regression-test-generation-NON-SOURCE-EQUIV/find-diff-classes/compile/gaoss/org/apache/hadoop/hadoop-hdfs/3.3.5/t/dependency/jetty-servlet-9.4.48.v20220622.jar:/home/wtwhite/code/regression-test-generation-NON-SOURCE-EQUIV/find-diff-classes/compile/gaoss/org/apache/hadoop/hadoop-hdfs/3.3.5/t/dependency/jetty-util-9.4.48.v20220622.jar:/home/wtwhite/code/regression-test-generation-NON-SOURCE-EQUIV/find-diff-classes/compile/gaoss/org/apache/hadoop/hadoop-hdfs/3.3.5/t/dependency/jetty-util-ajax-9.4.48.v20220622.jar:/home/wtwhite/code/regression-test-generation-NON-SOURCE-EQUIV/find-diff-classes/compile/gaoss/org/apache/hadoop/hadoop-hdfs/3.3.5/t/dependency/jetty-webapp-9.4.48.v20220622.jar:/home/wtwhite/code/regression-test-generation-NON-SOURCE-EQUIV/find-diff-classes/compile/gaoss/org/apache/hadoop/hadoop-hdfs/3.3.5/t/dependency/jetty-xml-9.4.48.v20220622.jar:/home/wtwhite/code/regression-test-generation-NON-SOURCE-EQUIV/find-diff-classes/compile/gaoss/org/apache/hadoop/hadoop-hdfs/3.3.5/t/dependency/jsch-0.1.55.jar:/home/wtwhite/code/regression-test-generation-NON-SOURCE-EQUIV/find-diff-classes/compile/gaoss/org/apache/hadoop/hadoop-hdfs/3.3.5/t/dependency/json-smart-2.4.7.jar:/home/wtwhite/code/regression-test-generation-NON-SOURCE-EQUIV/find-diff-classes/compile/gaoss/org/apache/hadoop/hadoop-hdfs/3.3.5/t/dependency/jsp-api-2.1.jar:/home/wtwhite/code/regression-test-generation-NON-SOURCE-EQUIV/find-diff-classes/compile/gaoss/org/apache/hadoop/hadoop-hdfs/3.3.5/t/dependency/jsr305-3.0.2.jar:/home/wtwhite/code/regression-test-generation-NON-SOURCE-EQUIV/find-diff-classes/compile/gaoss/org/apache/hadoop/hadoop-hdfs/3.3.5/t/dependency/jsr311-api-1.1.1.jar:/home/wtwhite/code/regression-test-generation-NON-SOURCE-EQUIV/find-diff-classes/compile/gaoss/org/apache/hadoop/hadoop-hdfs/3.3.5/t/dependency/jul-to-slf4j-1.7.36.jar:/home/wtwhite/code/regression-test-generation-NON-SOURCE-EQUIV/find-diff-classes/compile/gaoss/org/apache/hadoop/hadoop-hdfs/3.3.5/t/dependency/junit-4.13.2.jar:/home/wtwhite/code/regression-test-generation-NON-SOURCE-EQUIV/find-diff-classes/compile/gaoss/org/apache/hadoop/hadoop-hdfs/3.3.5/t/dependency/kerb-admin-1.0.1.jar:/home/wtwhite/code/regression-test-generation-NON-SOURCE-EQUIV/find-diff-classes/compile/gaoss/org/apache/hadoop/hadoop-hdfs/3.3.5/t/dependency/kerb-client-1.0.1.jar:/home/wtwhite/code/regression-test-generation-NON-SOURCE-EQUIV/find-diff-classes/compile/gaoss/org/apache/hadoop/hadoop-hdfs/3.3.5/t/dependency/kerb-common-1.0.1.jar:/home/wtwhite/code/regression-test-generation-NON-SOURCE-EQUIV/find-diff-classes/compile/gaoss/org/apache/hadoop/hadoop-hdfs/3.3.5/t/dependency/kerb-core-1.0.1.jar:/home/wtwhite/code/regression-test-generation-NON-SOURCE-EQUIV/find-diff-classes/compile/gaoss/org/apache/hadoop/hadoop-hdfs/3.3.5/t/dependency/kerb-crypto-1.0.1.jar:/home/wtwhite/code/regression-test-generation-NON-SOURCE-EQUIV/find-diff-classes/compile/gaoss/org/apache/hadoop/hadoop-hdfs/3.3.5/t/dependency/kerb-identity-1.0.1.jar:/home/wtwhite/code/regression-test-generation-NON-SOURCE-EQUIV/find-diff-classes/compile/gaoss/org/apache/hadoop/hadoop-hdfs/3.3.5/t/dependency/kerb-server-1.0.1.jar:/home/wtwhite/code/regression-test-generation-NON-SOURCE-EQUIV/find-diff-classes/compile/gaoss/org/apache/hadoop/hadoop-hdfs/3.3.5/t/dependency/kerb-simplekdc-1.0.1.jar:/home/wtwhite/code/regression-test-generation-NON-SOURCE-EQUIV/find-diff-classes/compile/gaoss/org/apache/hadoop/hadoop-hdfs/3.3.5/t/dependency/kerb-util-1.0.1.jar:/home/wtwhite/code/regression-test-generation-NON-SOURCE-EQUIV/find-diff-classes/compile/gaoss/org/apache/hadoop/hadoop-hdfs/3.3.5/t/dependency/kerby-asn1-1.0.1.jar:/home/wtwhite/code/regression-test-generation-NON-SOURCE-EQUIV/find-diff-classes/compile/gaoss/org/apache/hadoop/hadoop-hdfs/3.3.5/t/dependency/kerby-config-1.0.1.jar:/home/wtwhite/code/regression-test-generation-NON-SOURCE-EQUIV/find-diff-classes/compile/gaoss/org/apache/hadoop/hadoop-hdfs/3.3.5/t/dependency/kerby-pkix-1.0.1.jar:/home/wtwhite/code/regression-test-generation-NON-SOURCE-EQUIV/find-diff-classes/compile/gaoss/org/apache/hadoop/hadoop-hdfs/3.3.5/t/dependency/kerby-util-1.0.1.jar:/home/wtwhite/code/regression-test-generation-NON-SOURCE-EQUIV/find-diff-classes/compile/gaoss/org/apache/hadoop/hadoop-hdfs/3.3.5/t/dependency/kerby-xdr-1.0.1.jar:/home/wtwhite/code/regression-test-generation-NON-SOURCE-EQUIV/find-diff-classes/compile/gaoss/org/apache/hadoop/hadoop-hdfs/3.3.5/t/dependency/kotlin-stdlib-1.4.10.jar:/home/wtwhite/code/regression-test-generation-NON-SOURCE-EQUIV/find-diff-classes/compile/gaoss/org/apache/hadoop/hadoop-hdfs/3.3.5/t/dependency/kotlin-stdlib-common-1.4.10.jar:/home/wtwhite/code/regression-test-generation-NON-SOURCE-EQUIV/find-diff-classes/compile/gaoss/org/apache/hadoop/hadoop-hdfs/3.3.5/t/dependency/leveldbjni-all-1.8.jar:/home/wtwhite/code/regression-test-generation-NON-SOURCE-EQUIV/find-diff-classes/compile/gaoss/org/apache/hadoop/hadoop-hdfs/3.3.5/t/dependency/listenablefuture-9999.0-empty-to-avoid-conflict-with-guava.jar:/home/wtwhite/code/regression-test-generation-NON-SOURCE-EQUIV/find-diff-classes/compile/gaoss/org/apache/hadoop/hadoop-hdfs/3.3.5/t/dependency/lz4-java-1.7.1.jar:/home/wtwhite/code/regression-test-generation-NON-SOURCE-EQUIV/find-diff-classes/compile/gaoss/org/apache/hadoop/hadoop-hdfs/3.3.5/t/dependency/metrics-core-3.2.4.jar:/home/wtwhite/code/regression-test-generation-NON-SOURCE-EQUIV/find-diff-classes/compile/gaoss/org/apache/hadoop/hadoop-hdfs/3.3.5/t/dependency/mockito-core-2.28.2.jar:/home/wtwhite/code/regression-test-generation-NON-SOURCE-EQUIV/find-diff-classes/compile/gaoss/org/apache/hadoop/hadoop-hdfs/3.3.5/t/dependency/netty-3.10.6.Final.jar:/home/wtwhite/code/regression-test-generation-NON-SOURCE-EQUIV/find-diff-classes/compile/gaoss/org/apache/hadoop/hadoop-hdfs/3.3.5/t/dependency/netty-all-4.1.77.Final.jar:/home/wtwhite/code/regression-test-generation-NON-SOURCE-EQUIV/find-diff-classes/compile/gaoss/org/apache/hadoop/hadoop-hdfs/3.3.5/t/dependency/netty-buffer-4.1.77.Final.jar:/home/wtwhite/code/regression-test-generation-NON-SOURCE-EQUIV/find-diff-classes/compile/gaoss/org/apache/hadoop/hadoop-hdfs/3.3.5/t/dependency/netty-codec-4.1.77.Final.jar:/home/wtwhite/code/regression-test-generation-NON-SOURCE-EQUIV/find-diff-classes/compile/gaoss/org/apache/hadoop/hadoop-hdfs/3.3.5/t/dependency/netty-codec-dns-4.1.77.Final.jar:/home/wtwhite/code/regression-test-generation-NON-SOURCE-EQUIV/find-diff-classes/compile/gaoss/org/apache/hadoop/hadoop-hdfs/3.3.5/t/dependency/netty-codec-haproxy-4.1.77.Final.jar:/home/wtwhite/code/regression-test-generation-NON-SOURCE-EQUIV/find-diff-classes/compile/gaoss/org/apache/hadoop/hadoop-hdfs/3.3.5/t/dependency/netty-codec-http-4.1.77.Final.jar:/home/wtwhite/code/regression-test-generation-NON-SOURCE-EQUIV/find-diff-classes/compile/gaoss/org/apache/hadoop/hadoop-hdfs/3.3.5/t/dependency/netty-codec-http2-4.1.77.Final.jar:/home/wtwhite/code/regression-test-generation-NON-SOURCE-EQUIV/find-diff-classes/compile/gaoss/org/apache/hadoop/hadoop-hdfs/3.3.5/t/dependency/netty-codec-memcache-4.1.77.Final.jar:/home/wtwhite/code/regression-test-generation-NON-SOURCE-EQUIV/find-diff-classes/compile/gaoss/org/apache/hadoop/hadoop-hdfs/3.3.5/t/dependency/netty-codec-mqtt-4.1.77.Final.jar:/home/wtwhite/code/regression-test-generation-NON-SOURCE-EQUIV/find-diff-classes/compile/gaoss/org/apache/hadoop/hadoop-hdfs/3.3.5/t/dependency/netty-codec-redis-4.1.77.Final.jar:/home/wtwhite/code/regression-test-generation-NON-SOURCE-EQUIV/find-diff-classes/compile/gaoss/org/apache/hadoop/hadoop-hdfs/3.3.5/t/dependency/netty-codec-smtp-4.1.77.Final.jar:/home/wtwhite/code/regression-test-generation-NON-SOURCE-EQUIV/find-diff-classes/compile/gaoss/org/apache/hadoop/hadoop-hdfs/3.3.5/t/dependency/netty-codec-socks-4.1.77.Final.jar:/home/wtwhite/code/regression-test-generation-NON-SOURCE-EQUIV/find-diff-classes/compile/gaoss/org/apache/hadoop/hadoop-hdfs/3.3.5/t/dependency/netty-codec-stomp-4.1.77.Final.jar:/home/wtwhite/code/regression-test-generation-NON-SOURCE-EQUIV/find-diff-classes/compile/gaoss/org/apache/hadoop/hadoop-hdfs/3.3.5/t/dependency/netty-codec-xml-4.1.77.Final.jar:/home/wtwhite/code/regression-test-generation-NON-SOURCE-EQUIV/find-diff-classes/compile/gaoss/org/apache/hadoop/hadoop-hdfs/3.3.5/t/dependency/netty-common-4.1.77.Final.jar:/home/wtwhite/code/regression-test-generation-NON-SOURCE-EQUIV/find-diff-classes/compile/gaoss/org/apache/hadoop/hadoop-hdfs/3.3.5/t/dependency/netty-handler-4.1.77.Final.jar:/home/wtwhite/code/regression-test-generation-NON-SOURCE-EQUIV/find-diff-classes/compile/gaoss/org/apache/hadoop/hadoop-hdfs/3.3.5/t/dependency/netty-handler-proxy-4.1.77.Final.jar:/home/wtwhite/code/regression-test-generation-NON-SOURCE-EQUIV/find-diff-classes/compile/gaoss/org/apache/hadoop/hadoop-hdfs/3.3.5/t/dependency/netty-resolver-4.1.77.Final.jar:/home/wtwhite/code/regression-test-generation-NON-SOURCE-EQUIV/find-diff-classes/compile/gaoss/org/apache/hadoop/hadoop-hdfs/3.3.5/t/dependency/netty-resolver-dns-4.1.77.Final.jar:/home/wtwhite/code/regression-test-generation-NON-SOURCE-EQUIV/find-diff-classes/compile/gaoss/org/apache/hadoop/hadoop-hdfs/3.3.5/t/dependency/netty-resolver-dns-classes-macos-4.1.77.Final.jar:/home/wtwhite/code/regression-test-generation-NON-SOURCE-EQUIV/find-diff-classes/compile/gaoss/org/apache/hadoop/hadoop-hdfs/3.3.5/t/dependency/netty-resolver-dns-native-macos-4.1.77.Final-osx-aarch_64.jar:/home/wtwhite/code/regression-test-generation-NON-SOURCE-EQUIV/find-diff-classes/compile/gaoss/org/apache/hadoop/hadoop-hdfs/3.3.5/t/dependency/netty-resolver-dns-native-macos-4.1.77.Final-osx-x86_64.jar:/home/wtwhite/code/regression-test-generation-NON-SOURCE-EQUIV/find-diff-classes/compile/gaoss/org/apache/hadoop/hadoop-hdfs/3.3.5/t/dependency/netty-transport-4.1.77.Final.jar:/home/wtwhite/code/regression-test-generation-NON-SOURCE-EQUIV/find-diff-classes/compile/gaoss/org/apache/hadoop/hadoop-hdfs/3.3.5/t/dependency/netty-transport-classes-epoll-4.1.77.Final.jar:/home/wtwhite/code/regression-test-generation-NON-SOURCE-EQUIV/find-diff-classes/compile/gaoss/org/apache/hadoop/hadoop-hdfs/3.3.5/t/dependency/netty-transport-classes-kqueue-4.1.77.Final.jar:/home/wtwhite/code/regression-test-generation-NON-SOURCE-EQUIV/find-diff-classes/compile/gaoss/org/apache/hadoop/hadoop-hdfs/3.3.5/t/dependency/netty-transport-native-epoll-4.1.77.Final-linux-aarch_64.jar:/home/wtwhite/code/regression-test-generation-NON-SOURCE-EQUIV/find-diff-classes/compile/gaoss/org/apache/hadoop/hadoop-hdfs/3.3.5/t/dependency/netty-transport-native-epoll-4.1.77.Final-linux-x86_64.jar:/home/wtwhite/code/regression-test-generation-NON-SOURCE-EQUIV/find-diff-classes/compile/gaoss/org/apache/hadoop/hadoop-hdfs/3.3.5/t/dependency/netty-transport-native-kqueue-4.1.77.Final-osx-aarch_64.jar:/home/wtwhite/code/regression-test-generation-NON-SOURCE-EQUIV/find-diff-classes/compile/gaoss/org/apache/hadoop/hadoop-hdfs/3.3.5/t/dependency/netty-transport-native-kqueue-4.1.77.Final-osx-x86_64.jar:/home/wtwhite/code/regression-test-generation-NON-SOURCE-EQUIV/find-diff-classes/compile/gaoss/org/apache/hadoop/hadoop-hdfs/3.3.5/t/dependency/netty-transport-native-unix-common-4.1.77.Final.jar:/home/wtwhite/code/regression-test-generation-NON-SOURCE-EQUIV/find-diff-classes/compile/gaoss/org/apache/hadoop/hadoop-hdfs/3.3.5/t/dependency/netty-transport-rxtx-4.1.77.Final.jar:/home/wtwhite/code/regression-test-generation-NON-SOURCE-EQUIV/find-diff-classes/compile/gaoss/org/apache/hadoop/hadoop-hdfs/3.3.5/t/dependency/netty-transport-sctp-4.1.77.Final.jar:/home/wtwhite/code/regression-test-generation-NON-SOURCE-EQUIV/find-diff-classes/compile/gaoss/org/apache/hadoop/hadoop-hdfs/3.3.5/t/dependency/netty-transport-udt-4.1.77.Final.jar:/home/wtwhite/code/regression-test-generation-NON-SOURCE-EQUIV/find-diff-classes/compile/gaoss/org/apache/hadoop/hadoop-hdfs/3.3.5/t/dependency/nimbus-jose-jwt-9.8.1.jar:/home/wtwhite/code/regression-test-generation-NON-SOURCE-EQUIV/find-diff-classes/compile/gaoss/org/apache/hadoop/hadoop-hdfs/3.3.5/t/dependency/objenesis-2.6.jar:/home/wtwhite/code/regression-test-generation-NON-SOURCE-EQUIV/find-diff-classes/compile/gaoss/org/apache/hadoop/hadoop-hdfs/3.3.5/t/dependency/okhttp-4.9.3.jar:/home/wtwhite/code/regression-test-generation-NON-SOURCE-EQUIV/find-diff-classes/compile/gaoss/org/apache/hadoop/hadoop-hdfs/3.3.5/t/dependency/okio-2.8.0.jar:/home/wtwhite/code/regression-test-generation-NON-SOURCE-EQUIV/find-diff-classes/compile/gaoss/org/apache/hadoop/hadoop-hdfs/3.3.5/t/dependency/paranamer-2.3.jar:/home/wtwhite/code/regression-test-generation-NON-SOURCE-EQUIV/find-diff-classes/compile/gaoss/org/apache/hadoop/hadoop-hdfs/3.3.5/t/dependency/protobuf-java-2.5.0.jar:/home/wtwhite/code/regression-test-generation-NON-SOURCE-EQUIV/find-diff-classes/compile/gaoss/org/apache/hadoop/hadoop-hdfs/3.3.5/t/dependency/re2j-1.1.jar:/home/wtwhite/code/regression-test-generation-NON-SOURCE-EQUIV/find-diff-classes/compile/gaoss/org/apache/hadoop/hadoop-hdfs/3.3.5/t/dependency/reload4j-1.2.22.jar:/home/wtwhite/code/regression-test-generation-NON-SOURCE-EQUIV/find-diff-classes/compile/gaoss/org/apache/hadoop/hadoop-hdfs/3.3.5/t/dependency/slf4j-api-1.7.36.jar:/home/wtwhite/code/regression-test-generation-NON-SOURCE-EQUIV/find-diff-classes/compile/gaoss/org/apache/hadoop/hadoop-hdfs/3.3.5/t/dependency/slf4j-reload4j-1.7.36.jar:/home/wtwhite/code/regression-test-generation-NON-SOURCE-EQUIV/find-diff-classes/compile/gaoss/org/apache/hadoop/hadoop-hdfs/3.3.5/t/dependency/snappy-java-1.1.8.2.jar:/home/wtwhite/code/regression-test-generation-NON-SOURCE-EQUIV/find-diff-classes/compile/gaoss/org/apache/hadoop/hadoop-hdfs/3.3.5/t/dependency/stax2-api-4.2.1.jar:/home/wtwhite/code/regression-test-generation-NON-SOURCE-EQUIV/find-diff-classes/compile/gaoss/org/apache/hadoop/hadoop-hdfs/3.3.5/t/dependency/token-provider-1.0.1.jar:/home/wtwhite/code/regression-test-generation-NON-SOURCE-EQUIV/find-diff-classes/compile/gaoss/org/apache/hadoop/hadoop-hdfs/3.3.5/t/dependency/woodstox-core-5.4.0.jar:/home/wtwhite/code/regression-test-generation-NON-SOURCE-EQUIV/find-diff-classes/compile/gaoss/org/apache/hadoop/hadoop-hdfs/3.3.5/t/dependency/zookeeper-3.5.6-tests.jar:/home/wtwhite/code/regression-test-generation-NON-SOURCE-EQUIV/find-diff-classes/compile/gaoss/org/apache/hadoop/hadoop-hdfs/3.3.5/t/dependency/zookeeper-3.5.6.jar:/home/wtwhite/code/regression-test-generation-NON-SOURCE-EQUIV/find-diff-classes/compile/gaoss/org/apache/hadoop/hadoop-hdfs/3.3.5/t/dependency/zookeeper-jute-3.5.6.jar:/home/wtwhite/code/regression-test-generation/evosuite/evosuite-standalone-runtime-1.2.0.jar:/home/wtwhite/.m2/repository/junit/junit/4.13.2/junit-4.13.2.jar:/home/wtwhite/.m2/repository/org/hamcrest/hamcrest-core/1.3/hamcrest-core-1.3.jar:"/>
    <property name="java.vm.vendor" value="Private Build"/>
    <property name="sun.arch.data.model" value="64"/>
    <property name="java.vendor.url" value="http://java.oracle.com/"/>
    <property name="user.timezone" value="Pacific/Auckland"/>
    <property name="java.vm.specification.version" value="1.8"/>
    <property name="os.name" value="Linux"/>
    <property name="RUNDIR" value="/home/wtwhite/code/regression-test-generation-NON-SOURCE-EQUIV/find-diff-classes/run-mvn"/>
    <property name="user.country" value="NZ"/>
    <property name="sun.java.launcher" value="SUN_STANDARD"/>
    <property name="sun.boot.library.path" value="/usr/lib/jvm/java-8-openjdk-amd64/jre/lib/amd64"/>
    <property name="sun.java.command" value="/home/wtwhite/code/regression-test-generation-NON-SOURCE-EQUIV/find-diff-classes/compile/gaoss/org/apache/hadoop/hadoop-hdfs/3.3.5/target/surefire/surefirebooter-20241112134109694_3.jar /home/wtwhite/code/regression-test-generation-NON-SOURCE-EQUIV/find-diff-classes/compile/gaoss/org/apache/hadoop/hadoop-hdfs/3.3.5/target/surefire 2024-11-12T13-41-09_538-jvmRun1 surefire-20241112134109694_1tmp surefire_0-20241112134109694_2tmp"/>
    <property name="surefire.test.class.path" value="/home/wtwhite/code/regression-test-generation-NON-SOURCE-EQUIV/find-diff-classes/compile/gaoss/org/apache/hadoop/hadoop-hdfs/3.3.5/target/test-classes:/home/wtwhite/code/regression-test-generation-NON-SOURCE-EQUIV/find-diff-classes/compile/gaoss/org/apache/hadoop/hadoop-hdfs/3.3.5/target/classes:/home/wtwhite/code/craw-redhat-oss/wget/crawl/google-aoss/org/apache/hadoop/hadoop-hdfs/3.3.5/hadoop-hdfs-3.3.5.jar:/home/wtwhite/code/regression-test-generation-NON-SOURCE-EQUIV/find-diff-classes/compile/gaoss/org/apache/hadoop/hadoop-hdfs/3.3.5/t/dependency/AppleJavaExtensions-1.4.jar:/home/wtwhite/code/regression-test-generation-NON-SOURCE-EQUIV/find-diff-classes/compile/gaoss/org/apache/hadoop/hadoop-hdfs/3.3.5/t/dependency/accessors-smart-2.4.7.jar:/home/wtwhite/code/regression-test-generation-NON-SOURCE-EQUIV/find-diff-classes/compile/gaoss/org/apache/hadoop/hadoop-hdfs/3.3.5/t/dependency/animal-sniffer-annotations-1.17.jar:/home/wtwhite/code/regression-test-generation-NON-SOURCE-EQUIV/find-diff-classes/compile/gaoss/org/apache/hadoop/hadoop-hdfs/3.3.5/t/dependency/asm-5.0.4.jar:/home/wtwhite/code/regression-test-generation-NON-SOURCE-EQUIV/find-diff-classes/compile/gaoss/org/apache/hadoop/hadoop-hdfs/3.3.5/t/dependency/asm-commons-5.0.2.jar:/home/wtwhite/code/regression-test-generation-NON-SOURCE-EQUIV/find-diff-classes/compile/gaoss/org/apache/hadoop/hadoop-hdfs/3.3.5/t/dependency/asm-debug-all-5.0.2.jar:/home/wtwhite/code/regression-test-generation-NON-SOURCE-EQUIV/find-diff-classes/compile/gaoss/org/apache/hadoop/hadoop-hdfs/3.3.5/t/dependency/asm-tree-5.0.2.jar:/home/wtwhite/code/regression-test-generation-NON-SOURCE-EQUIV/find-diff-classes/compile/gaoss/org/apache/hadoop/hadoop-hdfs/3.3.5/t/dependency/assertj-core-3.12.2.jar:/home/wtwhite/code/regression-test-generation-NON-SOURCE-EQUIV/find-diff-classes/compile/gaoss/org/apache/hadoop/hadoop-hdfs/3.3.5/t/dependency/audience-annotations-0.5.0.jar:/home/wtwhite/code/regression-test-generation-NON-SOURCE-EQUIV/find-diff-classes/compile/gaoss/org/apache/hadoop/hadoop-hdfs/3.3.5/t/dependency/avro-1.7.7.jar:/home/wtwhite/code/regression-test-generation-NON-SOURCE-EQUIV/find-diff-classes/compile/gaoss/org/apache/hadoop/hadoop-hdfs/3.3.5/t/dependency/bcel-findbugs-6.0.jar:/home/wtwhite/code/regression-test-generation-NON-SOURCE-EQUIV/find-diff-classes/compile/gaoss/org/apache/hadoop/hadoop-hdfs/3.3.5/t/dependency/bcprov-jdk15on-1.68.jar:/home/wtwhite/code/regression-test-generation-NON-SOURCE-EQUIV/find-diff-classes/compile/gaoss/org/apache/hadoop/hadoop-hdfs/3.3.5/t/dependency/byte-buddy-1.9.10.jar:/home/wtwhite/code/regression-test-generation-NON-SOURCE-EQUIV/find-diff-classes/compile/gaoss/org/apache/hadoop/hadoop-hdfs/3.3.5/t/dependency/byte-buddy-agent-1.9.10.jar:/home/wtwhite/code/regression-test-generation-NON-SOURCE-EQUIV/find-diff-classes/compile/gaoss/org/apache/hadoop/hadoop-hdfs/3.3.5/t/dependency/checker-qual-2.5.2.jar:/home/wtwhite/code/regression-test-generation-NON-SOURCE-EQUIV/find-diff-classes/compile/gaoss/org/apache/hadoop/hadoop-hdfs/3.3.5/t/dependency/commons-beanutils-1.9.4.jar:/home/wtwhite/code/regression-test-generation-NON-SOURCE-EQUIV/find-diff-classes/compile/gaoss/org/apache/hadoop/hadoop-hdfs/3.3.5/t/dependency/commons-cli-1.2.jar:/home/wtwhite/code/regression-test-generation-NON-SOURCE-EQUIV/find-diff-classes/compile/gaoss/org/apache/hadoop/hadoop-hdfs/3.3.5/t/dependency/commons-codec-1.15.jar:/home/wtwhite/code/regression-test-generation-NON-SOURCE-EQUIV/find-diff-classes/compile/gaoss/org/apache/hadoop/hadoop-hdfs/3.3.5/t/dependency/commons-collections-3.2.2.jar:/home/wtwhite/code/regression-test-generation-NON-SOURCE-EQUIV/find-diff-classes/compile/gaoss/org/apache/hadoop/hadoop-hdfs/3.3.5/t/dependency/commons-compress-1.21.jar:/home/wtwhite/code/regression-test-generation-NON-SOURCE-EQUIV/find-diff-classes/compile/gaoss/org/apache/hadoop/hadoop-hdfs/3.3.5/t/dependency/commons-configuration2-2.8.0.jar:/home/wtwhite/code/regression-test-generation-NON-SOURCE-EQUIV/find-diff-classes/compile/gaoss/org/apache/hadoop/hadoop-hdfs/3.3.5/t/dependency/commons-daemon-1.0.13.jar:/home/wtwhite/code/regression-test-generation-NON-SOURCE-EQUIV/find-diff-classes/compile/gaoss/org/apache/hadoop/hadoop-hdfs/3.3.5/t/dependency/commons-io-2.8.0.jar:/home/wtwhite/code/regression-test-generation-NON-SOURCE-EQUIV/find-diff-classes/compile/gaoss/org/apache/hadoop/hadoop-hdfs/3.3.5/t/dependency/commons-lang-2.6.jar:/home/wtwhite/code/regression-test-generation-NON-SOURCE-EQUIV/find-diff-classes/compile/gaoss/org/apache/hadoop/hadoop-hdfs/3.3.5/t/dependency/commons-lang3-3.12.0.jar:/home/wtwhite/code/regression-test-generation-NON-SOURCE-EQUIV/find-diff-classes/compile/gaoss/org/apache/hadoop/hadoop-hdfs/3.3.5/t/dependency/commons-logging-1.1.3.jar:/home/wtwhite/code/regression-test-generation-NON-SOURCE-EQUIV/find-diff-classes/compile/gaoss/org/apache/hadoop/hadoop-hdfs/3.3.5/t/dependency/commons-math3-3.1.1.jar:/home/wtwhite/code/regression-test-generation-NON-SOURCE-EQUIV/find-diff-classes/compile/gaoss/org/apache/hadoop/hadoop-hdfs/3.3.5/t/dependency/commons-net-3.9.0.jar:/home/wtwhite/code/regression-test-generation-NON-SOURCE-EQUIV/find-diff-classes/compile/gaoss/org/apache/hadoop/hadoop-hdfs/3.3.5/t/dependency/commons-text-1.10.0.jar:/home/wtwhite/code/regression-test-generation-NON-SOURCE-EQUIV/find-diff-classes/compile/gaoss/org/apache/hadoop/hadoop-hdfs/3.3.5/t/dependency/curator-client-4.2.0.jar:/home/wtwhite/code/regression-test-generation-NON-SOURCE-EQUIV/find-diff-classes/compile/gaoss/org/apache/hadoop/hadoop-hdfs/3.3.5/t/dependency/curator-framework-4.2.0.jar:/home/wtwhite/code/regression-test-generation-NON-SOURCE-EQUIV/find-diff-classes/compile/gaoss/org/apache/hadoop/hadoop-hdfs/3.3.5/t/dependency/curator-recipes-4.2.0.jar:/home/wtwhite/code/regression-test-generation-NON-SOURCE-EQUIV/find-diff-classes/compile/gaoss/org/apache/hadoop/hadoop-hdfs/3.3.5/t/dependency/curator-test-4.2.0.jar:/home/wtwhite/code/regression-test-generation-NON-SOURCE-EQUIV/find-diff-classes/compile/gaoss/org/apache/hadoop/hadoop-hdfs/3.3.5/t/dependency/dnsjava-2.1.7.jar:/home/wtwhite/code/regression-test-generation-NON-SOURCE-EQUIV/find-diff-classes/compile/gaoss/org/apache/hadoop/hadoop-hdfs/3.3.5/t/dependency/dom4j-1.6.1.jar:/home/wtwhite/code/regression-test-generation-NON-SOURCE-EQUIV/find-diff-classes/compile/gaoss/org/apache/hadoop/hadoop-hdfs/3.3.5/t/dependency/failureaccess-1.0.jar:/home/wtwhite/code/regression-test-generation-NON-SOURCE-EQUIV/find-diff-classes/compile/gaoss/org/apache/hadoop/hadoop-hdfs/3.3.5/t/dependency/findbugs-3.0.1.jar:/home/wtwhite/code/regression-test-generation-NON-SOURCE-EQUIV/find-diff-classes/compile/gaoss/org/apache/hadoop/hadoop-hdfs/3.3.5/t/dependency/gson-2.9.0.jar:/home/wtwhite/code/regression-test-generation-NON-SOURCE-EQUIV/find-diff-classes/compile/gaoss/org/apache/hadoop/hadoop-hdfs/3.3.5/t/dependency/guava-27.0-jre.jar:/home/wtwhite/code/regression-test-generation-NON-SOURCE-EQUIV/find-diff-classes/compile/gaoss/org/apache/hadoop/hadoop-hdfs/3.3.5/t/dependency/hadoop-annotations-3.3.5.jar:/home/wtwhite/code/regression-test-generation-NON-SOURCE-EQUIV/find-diff-classes/compile/gaoss/org/apache/hadoop/hadoop-hdfs/3.3.5/t/dependency/hadoop-auth-3.3.5.jar:/home/wtwhite/code/regression-test-generation-NON-SOURCE-EQUIV/find-diff-classes/compile/gaoss/org/apache/hadoop/hadoop-hdfs/3.3.5/t/dependency/hadoop-common-3.3.5-tests.jar:/home/wtwhite/code/regression-test-generation-NON-SOURCE-EQUIV/find-diff-classes/compile/gaoss/org/apache/hadoop/hadoop-hdfs/3.3.5/t/dependency/hadoop-common-3.3.5.jar:/home/wtwhite/code/regression-test-generation-NON-SOURCE-EQUIV/find-diff-classes/compile/gaoss/org/apache/hadoop/hadoop-hdfs/3.3.5/t/dependency/hadoop-hdfs-client-3.3.5.jar:/home/wtwhite/code/regression-test-generation-NON-SOURCE-EQUIV/find-diff-classes/compile/gaoss/org/apache/hadoop/hadoop-hdfs/3.3.5/t/dependency/hadoop-kms-3.3.5-tests.jar:/home/wtwhite/code/regression-test-generation-NON-SOURCE-EQUIV/find-diff-classes/compile/gaoss/org/apache/hadoop/hadoop-hdfs/3.3.5/t/dependency/hadoop-kms-3.3.5.jar:/home/wtwhite/code/regression-test-generation-NON-SOURCE-EQUIV/find-diff-classes/compile/gaoss/org/apache/hadoop/hadoop-hdfs/3.3.5/t/dependency/hadoop-minikdc-3.3.5.jar:/home/wtwhite/code/regression-test-generation-NON-SOURCE-EQUIV/find-diff-classes/compile/gaoss/org/apache/hadoop/hadoop-hdfs/3.3.5/t/dependency/hadoop-shaded-guava-1.1.1.jar:/home/wtwhite/code/regression-test-generation-NON-SOURCE-EQUIV/find-diff-classes/compile/gaoss/org/apache/hadoop/hadoop-hdfs/3.3.5/t/dependency/hadoop-shaded-protobuf_3_7-1.1.1.jar:/home/wtwhite/code/regression-test-generation-NON-SOURCE-EQUIV/find-diff-classes/compile/gaoss/org/apache/hadoop/hadoop-hdfs/3.3.5/t/dependency/hamcrest-core-1.3.jar:/home/wtwhite/code/regression-test-generation-NON-SOURCE-EQUIV/find-diff-classes/compile/gaoss/org/apache/hadoop/hadoop-hdfs/3.3.5/t/dependency/httpclient-4.5.13.jar:/home/wtwhite/code/regression-test-generation-NON-SOURCE-EQUIV/find-diff-classes/compile/gaoss/org/apache/hadoop/hadoop-hdfs/3.3.5/t/dependency/httpcore-4.4.13.jar:/home/wtwhite/code/regression-test-generation-NON-SOURCE-EQUIV/find-diff-classes/compile/gaoss/org/apache/hadoop/hadoop-hdfs/3.3.5/t/dependency/j2objc-annotations-1.1.jar:/home/wtwhite/code/regression-test-generation-NON-SOURCE-EQUIV/find-diff-classes/compile/gaoss/org/apache/hadoop/hadoop-hdfs/3.3.5/t/dependency/jFormatString-2.0.1.jar:/home/wtwhite/code/regression-test-generation-NON-SOURCE-EQUIV/find-diff-classes/compile/gaoss/org/apache/hadoop/hadoop-hdfs/3.3.5/t/dependency/jackson-annotations-2.12.7.jar:/home/wtwhite/code/regression-test-generation-NON-SOURCE-EQUIV/find-diff-classes/compile/gaoss/org/apache/hadoop/hadoop-hdfs/3.3.5/t/dependency/jackson-core-2.12.7.jar:/home/wtwhite/code/regression-test-generation-NON-SOURCE-EQUIV/find-diff-classes/compile/gaoss/org/apache/hadoop/hadoop-hdfs/3.3.5/t/dependency/jackson-core-asl-1.9.13.jar:/home/wtwhite/code/regression-test-generation-NON-SOURCE-EQUIV/find-diff-classes/compile/gaoss/org/apache/hadoop/hadoop-hdfs/3.3.5/t/dependency/jackson-databind-2.12.7.1.jar:/home/wtwhite/code/regression-test-generation-NON-SOURCE-EQUIV/find-diff-classes/compile/gaoss/org/apache/hadoop/hadoop-hdfs/3.3.5/t/dependency/jackson-mapper-asl-1.9.13.jar:/home/wtwhite/code/regression-test-generation-NON-SOURCE-EQUIV/find-diff-classes/compile/gaoss/org/apache/hadoop/hadoop-hdfs/3.3.5/t/dependency/jakarta.activation-api-1.2.1.jar:/home/wtwhite/code/regression-test-generation-NON-SOURCE-EQUIV/find-diff-classes/compile/gaoss/org/apache/hadoop/hadoop-hdfs/3.3.5/t/dependency/javax.servlet-api-3.1.0.jar:/home/wtwhite/code/regression-test-generation-NON-SOURCE-EQUIV/find-diff-classes/compile/gaoss/org/apache/hadoop/hadoop-hdfs/3.3.5/t/dependency/jaxb-api-2.2.11.jar:/home/wtwhite/code/regression-test-generation-NON-SOURCE-EQUIV/find-diff-classes/compile/gaoss/org/apache/hadoop/hadoop-hdfs/3.3.5/t/dependency/jaxb-impl-2.2.3-1.jar:/home/wtwhite/code/regression-test-generation-NON-SOURCE-EQUIV/find-diff-classes/compile/gaoss/org/apache/hadoop/hadoop-hdfs/3.3.5/t/dependency/jaxen-1.1.6.jar:/home/wtwhite/code/regression-test-generation-NON-SOURCE-EQUIV/find-diff-classes/compile/gaoss/org/apache/hadoop/hadoop-hdfs/3.3.5/t/dependency/jcip-annotations-1.0-1.jar:/home/wtwhite/code/regression-test-generation-NON-SOURCE-EQUIV/find-diff-classes/compile/gaoss/org/apache/hadoop/hadoop-hdfs/3.3.5/t/dependency/jcip-annotations-1.0.jar:/home/wtwhite/code/regression-test-generation-NON-SOURCE-EQUIV/find-diff-classes/compile/gaoss/org/apache/hadoop/hadoop-hdfs/3.3.5/t/dependency/jdk.tools-1.8.jar:/home/wtwhite/code/regression-test-generation-NON-SOURCE-EQUIV/find-diff-classes/compile/gaoss/org/apache/hadoop/hadoop-hdfs/3.3.5/t/dependency/jersey-core-1.19.4.jar:/home/wtwhite/code/regression-test-generation-NON-SOURCE-EQUIV/find-diff-classes/compile/gaoss/org/apache/hadoop/hadoop-hdfs/3.3.5/t/dependency/jersey-json-1.20.jar:/home/wtwhite/code/regression-test-generation-NON-SOURCE-EQUIV/find-diff-classes/compile/gaoss/org/apache/hadoop/hadoop-hdfs/3.3.5/t/dependency/jersey-server-1.19.4.jar:/home/wtwhite/code/regression-test-generation-NON-SOURCE-EQUIV/find-diff-classes/compile/gaoss/org/apache/hadoop/hadoop-hdfs/3.3.5/t/dependency/jersey-servlet-1.19.4.jar:/home/wtwhite/code/regression-test-generation-NON-SOURCE-EQUIV/find-diff-classes/compile/gaoss/org/apache/hadoop/hadoop-hdfs/3.3.5/t/dependency/jettison-1.5.3.jar:/home/wtwhite/code/regression-test-generation-NON-SOURCE-EQUIV/find-diff-classes/compile/gaoss/org/apache/hadoop/hadoop-hdfs/3.3.5/t/dependency/jetty-http-9.4.48.v20220622.jar:/home/wtwhite/code/regression-test-generation-NON-SOURCE-EQUIV/find-diff-classes/compile/gaoss/org/apache/hadoop/hadoop-hdfs/3.3.5/t/dependency/jetty-io-9.4.48.v20220622.jar:/home/wtwhite/code/regression-test-generation-NON-SOURCE-EQUIV/find-diff-classes/compile/gaoss/org/apache/hadoop/hadoop-hdfs/3.3.5/t/dependency/jetty-security-9.4.48.v20220622.jar:/home/wtwhite/code/regression-test-generation-NON-SOURCE-EQUIV/find-diff-classes/compile/gaoss/org/apache/hadoop/hadoop-hdfs/3.3.5/t/dependency/jetty-server-9.4.48.v20220622.jar:/home/wtwhite/code/regression-test-generation-NON-SOURCE-EQUIV/find-diff-classes/compile/gaoss/org/apache/hadoop/hadoop-hdfs/3.3.5/t/dependency/jetty-servlet-9.4.48.v20220622.jar:/home/wtwhite/code/regression-test-generation-NON-SOURCE-EQUIV/find-diff-classes/compile/gaoss/org/apache/hadoop/hadoop-hdfs/3.3.5/t/dependency/jetty-util-9.4.48.v20220622.jar:/home/wtwhite/code/regression-test-generation-NON-SOURCE-EQUIV/find-diff-classes/compile/gaoss/org/apache/hadoop/hadoop-hdfs/3.3.5/t/dependency/jetty-util-ajax-9.4.48.v20220622.jar:/home/wtwhite/code/regression-test-generation-NON-SOURCE-EQUIV/find-diff-classes/compile/gaoss/org/apache/hadoop/hadoop-hdfs/3.3.5/t/dependency/jetty-webapp-9.4.48.v20220622.jar:/home/wtwhite/code/regression-test-generation-NON-SOURCE-EQUIV/find-diff-classes/compile/gaoss/org/apache/hadoop/hadoop-hdfs/3.3.5/t/dependency/jetty-xml-9.4.48.v20220622.jar:/home/wtwhite/code/regression-test-generation-NON-SOURCE-EQUIV/find-diff-classes/compile/gaoss/org/apache/hadoop/hadoop-hdfs/3.3.5/t/dependency/jsch-0.1.55.jar:/home/wtwhite/code/regression-test-generation-NON-SOURCE-EQUIV/find-diff-classes/compile/gaoss/org/apache/hadoop/hadoop-hdfs/3.3.5/t/dependency/json-smart-2.4.7.jar:/home/wtwhite/code/regression-test-generation-NON-SOURCE-EQUIV/find-diff-classes/compile/gaoss/org/apache/hadoop/hadoop-hdfs/3.3.5/t/dependency/jsp-api-2.1.jar:/home/wtwhite/code/regression-test-generation-NON-SOURCE-EQUIV/find-diff-classes/compile/gaoss/org/apache/hadoop/hadoop-hdfs/3.3.5/t/dependency/jsr305-3.0.2.jar:/home/wtwhite/code/regression-test-generation-NON-SOURCE-EQUIV/find-diff-classes/compile/gaoss/org/apache/hadoop/hadoop-hdfs/3.3.5/t/dependency/jsr311-api-1.1.1.jar:/home/wtwhite/code/regression-test-generation-NON-SOURCE-EQUIV/find-diff-classes/compile/gaoss/org/apache/hadoop/hadoop-hdfs/3.3.5/t/dependency/jul-to-slf4j-1.7.36.jar:/home/wtwhite/code/regression-test-generation-NON-SOURCE-EQUIV/find-diff-classes/compile/gaoss/org/apache/hadoop/hadoop-hdfs/3.3.5/t/dependency/junit-4.13.2.jar:/home/wtwhite/code/regression-test-generation-NON-SOURCE-EQUIV/find-diff-classes/compile/gaoss/org/apache/hadoop/hadoop-hdfs/3.3.5/t/dependency/kerb-admin-1.0.1.jar:/home/wtwhite/code/regression-test-generation-NON-SOURCE-EQUIV/find-diff-classes/compile/gaoss/org/apache/hadoop/hadoop-hdfs/3.3.5/t/dependency/kerb-client-1.0.1.jar:/home/wtwhite/code/regression-test-generation-NON-SOURCE-EQUIV/find-diff-classes/compile/gaoss/org/apache/hadoop/hadoop-hdfs/3.3.5/t/dependency/kerb-common-1.0.1.jar:/home/wtwhite/code/regression-test-generation-NON-SOURCE-EQUIV/find-diff-classes/compile/gaoss/org/apache/hadoop/hadoop-hdfs/3.3.5/t/dependency/kerb-core-1.0.1.jar:/home/wtwhite/code/regression-test-generation-NON-SOURCE-EQUIV/find-diff-classes/compile/gaoss/org/apache/hadoop/hadoop-hdfs/3.3.5/t/dependency/kerb-crypto-1.0.1.jar:/home/wtwhite/code/regression-test-generation-NON-SOURCE-EQUIV/find-diff-classes/compile/gaoss/org/apache/hadoop/hadoop-hdfs/3.3.5/t/dependency/kerb-identity-1.0.1.jar:/home/wtwhite/code/regression-test-generation-NON-SOURCE-EQUIV/find-diff-classes/compile/gaoss/org/apache/hadoop/hadoop-hdfs/3.3.5/t/dependency/kerb-server-1.0.1.jar:/home/wtwhite/code/regression-test-generation-NON-SOURCE-EQUIV/find-diff-classes/compile/gaoss/org/apache/hadoop/hadoop-hdfs/3.3.5/t/dependency/kerb-simplekdc-1.0.1.jar:/home/wtwhite/code/regression-test-generation-NON-SOURCE-EQUIV/find-diff-classes/compile/gaoss/org/apache/hadoop/hadoop-hdfs/3.3.5/t/dependency/kerb-util-1.0.1.jar:/home/wtwhite/code/regression-test-generation-NON-SOURCE-EQUIV/find-diff-classes/compile/gaoss/org/apache/hadoop/hadoop-hdfs/3.3.5/t/dependency/kerby-asn1-1.0.1.jar:/home/wtwhite/code/regression-test-generation-NON-SOURCE-EQUIV/find-diff-classes/compile/gaoss/org/apache/hadoop/hadoop-hdfs/3.3.5/t/dependency/kerby-config-1.0.1.jar:/home/wtwhite/code/regression-test-generation-NON-SOURCE-EQUIV/find-diff-classes/compile/gaoss/org/apache/hadoop/hadoop-hdfs/3.3.5/t/dependency/kerby-pkix-1.0.1.jar:/home/wtwhite/code/regression-test-generation-NON-SOURCE-EQUIV/find-diff-classes/compile/gaoss/org/apache/hadoop/hadoop-hdfs/3.3.5/t/dependency/kerby-util-1.0.1.jar:/home/wtwhite/code/regression-test-generation-NON-SOURCE-EQUIV/find-diff-classes/compile/gaoss/org/apache/hadoop/hadoop-hdfs/3.3.5/t/dependency/kerby-xdr-1.0.1.jar:/home/wtwhite/code/regression-test-generation-NON-SOURCE-EQUIV/find-diff-classes/compile/gaoss/org/apache/hadoop/hadoop-hdfs/3.3.5/t/dependency/kotlin-stdlib-1.4.10.jar:/home/wtwhite/code/regression-test-generation-NON-SOURCE-EQUIV/find-diff-classes/compile/gaoss/org/apache/hadoop/hadoop-hdfs/3.3.5/t/dependency/kotlin-stdlib-common-1.4.10.jar:/home/wtwhite/code/regression-test-generation-NON-SOURCE-EQUIV/find-diff-classes/compile/gaoss/org/apache/hadoop/hadoop-hdfs/3.3.5/t/dependency/leveldbjni-all-1.8.jar:/home/wtwhite/code/regression-test-generation-NON-SOURCE-EQUIV/find-diff-classes/compile/gaoss/org/apache/hadoop/hadoop-hdfs/3.3.5/t/dependency/listenablefuture-9999.0-empty-to-avoid-conflict-with-guava.jar:/home/wtwhite/code/regression-test-generation-NON-SOURCE-EQUIV/find-diff-classes/compile/gaoss/org/apache/hadoop/hadoop-hdfs/3.3.5/t/dependency/lz4-java-1.7.1.jar:/home/wtwhite/code/regression-test-generation-NON-SOURCE-EQUIV/find-diff-classes/compile/gaoss/org/apache/hadoop/hadoop-hdfs/3.3.5/t/dependency/metrics-core-3.2.4.jar:/home/wtwhite/code/regression-test-generation-NON-SOURCE-EQUIV/find-diff-classes/compile/gaoss/org/apache/hadoop/hadoop-hdfs/3.3.5/t/dependency/mockito-core-2.28.2.jar:/home/wtwhite/code/regression-test-generation-NON-SOURCE-EQUIV/find-diff-classes/compile/gaoss/org/apache/hadoop/hadoop-hdfs/3.3.5/t/dependency/netty-3.10.6.Final.jar:/home/wtwhite/code/regression-test-generation-NON-SOURCE-EQUIV/find-diff-classes/compile/gaoss/org/apache/hadoop/hadoop-hdfs/3.3.5/t/dependency/netty-all-4.1.77.Final.jar:/home/wtwhite/code/regression-test-generation-NON-SOURCE-EQUIV/find-diff-classes/compile/gaoss/org/apache/hadoop/hadoop-hdfs/3.3.5/t/dependency/netty-buffer-4.1.77.Final.jar:/home/wtwhite/code/regression-test-generation-NON-SOURCE-EQUIV/find-diff-classes/compile/gaoss/org/apache/hadoop/hadoop-hdfs/3.3.5/t/dependency/netty-codec-4.1.77.Final.jar:/home/wtwhite/code/regression-test-generation-NON-SOURCE-EQUIV/find-diff-classes/compile/gaoss/org/apache/hadoop/hadoop-hdfs/3.3.5/t/dependency/netty-codec-dns-4.1.77.Final.jar:/home/wtwhite/code/regression-test-generation-NON-SOURCE-EQUIV/find-diff-classes/compile/gaoss/org/apache/hadoop/hadoop-hdfs/3.3.5/t/dependency/netty-codec-haproxy-4.1.77.Final.jar:/home/wtwhite/code/regression-test-generation-NON-SOURCE-EQUIV/find-diff-classes/compile/gaoss/org/apache/hadoop/hadoop-hdfs/3.3.5/t/dependency/netty-codec-http-4.1.77.Final.jar:/home/wtwhite/code/regression-test-generation-NON-SOURCE-EQUIV/find-diff-classes/compile/gaoss/org/apache/hadoop/hadoop-hdfs/3.3.5/t/dependency/netty-codec-http2-4.1.77.Final.jar:/home/wtwhite/code/regression-test-generation-NON-SOURCE-EQUIV/find-diff-classes/compile/gaoss/org/apache/hadoop/hadoop-hdfs/3.3.5/t/dependency/netty-codec-memcache-4.1.77.Final.jar:/home/wtwhite/code/regression-test-generation-NON-SOURCE-EQUIV/find-diff-classes/compile/gaoss/org/apache/hadoop/hadoop-hdfs/3.3.5/t/dependency/netty-codec-mqtt-4.1.77.Final.jar:/home/wtwhite/code/regression-test-generation-NON-SOURCE-EQUIV/find-diff-classes/compile/gaoss/org/apache/hadoop/hadoop-hdfs/3.3.5/t/dependency/netty-codec-redis-4.1.77.Final.jar:/home/wtwhite/code/regression-test-generation-NON-SOURCE-EQUIV/find-diff-classes/compile/gaoss/org/apache/hadoop/hadoop-hdfs/3.3.5/t/dependency/netty-codec-smtp-4.1.77.Final.jar:/home/wtwhite/code/regression-test-generation-NON-SOURCE-EQUIV/find-diff-classes/compile/gaoss/org/apache/hadoop/hadoop-hdfs/3.3.5/t/dependency/netty-codec-socks-4.1.77.Final.jar:/home/wtwhite/code/regression-test-generation-NON-SOURCE-EQUIV/find-diff-classes/compile/gaoss/org/apache/hadoop/hadoop-hdfs/3.3.5/t/dependency/netty-codec-stomp-4.1.77.Final.jar:/home/wtwhite/code/regression-test-generation-NON-SOURCE-EQUIV/find-diff-classes/compile/gaoss/org/apache/hadoop/hadoop-hdfs/3.3.5/t/dependency/netty-codec-xml-4.1.77.Final.jar:/home/wtwhite/code/regression-test-generation-NON-SOURCE-EQUIV/find-diff-classes/compile/gaoss/org/apache/hadoop/hadoop-hdfs/3.3.5/t/dependency/netty-common-4.1.77.Final.jar:/home/wtwhite/code/regression-test-generation-NON-SOURCE-EQUIV/find-diff-classes/compile/gaoss/org/apache/hadoop/hadoop-hdfs/3.3.5/t/dependency/netty-handler-4.1.77.Final.jar:/home/wtwhite/code/regression-test-generation-NON-SOURCE-EQUIV/find-diff-classes/compile/gaoss/org/apache/hadoop/hadoop-hdfs/3.3.5/t/dependency/netty-handler-proxy-4.1.77.Final.jar:/home/wtwhite/code/regression-test-generation-NON-SOURCE-EQUIV/find-diff-classes/compile/gaoss/org/apache/hadoop/hadoop-hdfs/3.3.5/t/dependency/netty-resolver-4.1.77.Final.jar:/home/wtwhite/code/regression-test-generation-NON-SOURCE-EQUIV/find-diff-classes/compile/gaoss/org/apache/hadoop/hadoop-hdfs/3.3.5/t/dependency/netty-resolver-dns-4.1.77.Final.jar:/home/wtwhite/code/regression-test-generation-NON-SOURCE-EQUIV/find-diff-classes/compile/gaoss/org/apache/hadoop/hadoop-hdfs/3.3.5/t/dependency/netty-resolver-dns-classes-macos-4.1.77.Final.jar:/home/wtwhite/code/regression-test-generation-NON-SOURCE-EQUIV/find-diff-classes/compile/gaoss/org/apache/hadoop/hadoop-hdfs/3.3.5/t/dependency/netty-resolver-dns-native-macos-4.1.77.Final-osx-aarch_64.jar:/home/wtwhite/code/regression-test-generation-NON-SOURCE-EQUIV/find-diff-classes/compile/gaoss/org/apache/hadoop/hadoop-hdfs/3.3.5/t/dependency/netty-resolver-dns-native-macos-4.1.77.Final-osx-x86_64.jar:/home/wtwhite/code/regression-test-generation-NON-SOURCE-EQUIV/find-diff-classes/compile/gaoss/org/apache/hadoop/hadoop-hdfs/3.3.5/t/dependency/netty-transport-4.1.77.Final.jar:/home/wtwhite/code/regression-test-generation-NON-SOURCE-EQUIV/find-diff-classes/compile/gaoss/org/apache/hadoop/hadoop-hdfs/3.3.5/t/dependency/netty-transport-classes-epoll-4.1.77.Final.jar:/home/wtwhite/code/regression-test-generation-NON-SOURCE-EQUIV/find-diff-classes/compile/gaoss/org/apache/hadoop/hadoop-hdfs/3.3.5/t/dependency/netty-transport-classes-kqueue-4.1.77.Final.jar:/home/wtwhite/code/regression-test-generation-NON-SOURCE-EQUIV/find-diff-classes/compile/gaoss/org/apache/hadoop/hadoop-hdfs/3.3.5/t/dependency/netty-transport-native-epoll-4.1.77.Final-linux-aarch_64.jar:/home/wtwhite/code/regression-test-generation-NON-SOURCE-EQUIV/find-diff-classes/compile/gaoss/org/apache/hadoop/hadoop-hdfs/3.3.5/t/dependency/netty-transport-native-epoll-4.1.77.Final-linux-x86_64.jar:/home/wtwhite/code/regression-test-generation-NON-SOURCE-EQUIV/find-diff-classes/compile/gaoss/org/apache/hadoop/hadoop-hdfs/3.3.5/t/dependency/netty-transport-native-kqueue-4.1.77.Final-osx-aarch_64.jar:/home/wtwhite/code/regression-test-generation-NON-SOURCE-EQUIV/find-diff-classes/compile/gaoss/org/apache/hadoop/hadoop-hdfs/3.3.5/t/dependency/netty-transport-native-kqueue-4.1.77.Final-osx-x86_64.jar:/home/wtwhite/code/regression-test-generation-NON-SOURCE-EQUIV/find-diff-classes/compile/gaoss/org/apache/hadoop/hadoop-hdfs/3.3.5/t/dependency/netty-transport-native-unix-common-4.1.77.Final.jar:/home/wtwhite/code/regression-test-generation-NON-SOURCE-EQUIV/find-diff-classes/compile/gaoss/org/apache/hadoop/hadoop-hdfs/3.3.5/t/dependency/netty-transport-rxtx-4.1.77.Final.jar:/home/wtwhite/code/regression-test-generation-NON-SOURCE-EQUIV/find-diff-classes/compile/gaoss/org/apache/hadoop/hadoop-hdfs/3.3.5/t/dependency/netty-transport-sctp-4.1.77.Final.jar:/home/wtwhite/code/regression-test-generation-NON-SOURCE-EQUIV/find-diff-classes/compile/gaoss/org/apache/hadoop/hadoop-hdfs/3.3.5/t/dependency/netty-transport-udt-4.1.77.Final.jar:/home/wtwhite/code/regression-test-generation-NON-SOURCE-EQUIV/find-diff-classes/compile/gaoss/org/apache/hadoop/hadoop-hdfs/3.3.5/t/dependency/nimbus-jose-jwt-9.8.1.jar:/home/wtwhite/code/regression-test-generation-NON-SOURCE-EQUIV/find-diff-classes/compile/gaoss/org/apache/hadoop/hadoop-hdfs/3.3.5/t/dependency/objenesis-2.6.jar:/home/wtwhite/code/regression-test-generation-NON-SOURCE-EQUIV/find-diff-classes/compile/gaoss/org/apache/hadoop/hadoop-hdfs/3.3.5/t/dependency/okhttp-4.9.3.jar:/home/wtwhite/code/regression-test-generation-NON-SOURCE-EQUIV/find-diff-classes/compile/gaoss/org/apache/hadoop/hadoop-hdfs/3.3.5/t/dependency/okio-2.8.0.jar:/home/wtwhite/code/regression-test-generation-NON-SOURCE-EQUIV/find-diff-classes/compile/gaoss/org/apache/hadoop/hadoop-hdfs/3.3.5/t/dependency/paranamer-2.3.jar:/home/wtwhite/code/regression-test-generation-NON-SOURCE-EQUIV/find-diff-classes/compile/gaoss/org/apache/hadoop/hadoop-hdfs/3.3.5/t/dependency/protobuf-java-2.5.0.jar:/home/wtwhite/code/regression-test-generation-NON-SOURCE-EQUIV/find-diff-classes/compile/gaoss/org/apache/hadoop/hadoop-hdfs/3.3.5/t/dependency/re2j-1.1.jar:/home/wtwhite/code/regression-test-generation-NON-SOURCE-EQUIV/find-diff-classes/compile/gaoss/org/apache/hadoop/hadoop-hdfs/3.3.5/t/dependency/reload4j-1.2.22.jar:/home/wtwhite/code/regression-test-generation-NON-SOURCE-EQUIV/find-diff-classes/compile/gaoss/org/apache/hadoop/hadoop-hdfs/3.3.5/t/dependency/slf4j-api-1.7.36.jar:/home/wtwhite/code/regression-test-generation-NON-SOURCE-EQUIV/find-diff-classes/compile/gaoss/org/apache/hadoop/hadoop-hdfs/3.3.5/t/dependency/slf4j-reload4j-1.7.36.jar:/home/wtwhite/code/regression-test-generation-NON-SOURCE-EQUIV/find-diff-classes/compile/gaoss/org/apache/hadoop/hadoop-hdfs/3.3.5/t/dependency/snappy-java-1.1.8.2.jar:/home/wtwhite/code/regression-test-generation-NON-SOURCE-EQUIV/find-diff-classes/compile/gaoss/org/apache/hadoop/hadoop-hdfs/3.3.5/t/dependency/stax2-api-4.2.1.jar:/home/wtwhite/code/regression-test-generation-NON-SOURCE-EQUIV/find-diff-classes/compile/gaoss/org/apache/hadoop/hadoop-hdfs/3.3.5/t/dependency/token-provider-1.0.1.jar:/home/wtwhite/code/regression-test-generation-NON-SOURCE-EQUIV/find-diff-classes/compile/gaoss/org/apache/hadoop/hadoop-hdfs/3.3.5/t/dependency/woodstox-core-5.4.0.jar:/home/wtwhite/code/regression-test-generation-NON-SOURCE-EQUIV/find-diff-classes/compile/gaoss/org/apache/hadoop/hadoop-hdfs/3.3.5/t/dependency/zookeeper-3.5.6-tests.jar:/home/wtwhite/code/regression-test-generation-NON-SOURCE-EQUIV/find-diff-classes/compile/gaoss/org/apache/hadoop/hadoop-hdfs/3.3.5/t/dependency/zookeeper-3.5.6.jar:/home/wtwhite/code/regression-test-generation-NON-SOURCE-EQUIV/find-diff-classes/compile/gaoss/org/apache/hadoop/hadoop-hdfs/3.3.5/t/dependency/zookeeper-jute-3.5.6.jar:/home/wtwhite/code/regression-test-generation/evosuite/evosuite-standalone-runtime-1.2.0.jar:/home/wtwhite/.m2/repository/junit/junit/4.13.2/junit-4.13.2.jar:/home/wtwhite/.m2/repository/org/hamcrest/hamcrest-core/1.3/hamcrest-core-1.3.jar:"/>
    <property name="sun.cpu.endian" value="little"/>
    <property name="user.home" value="/home/wtwhite"/>
    <property name="user.language" value="en"/>
    <property name="java.specification.vendor" value="Oracle Corporation"/>
    <property name="java.home" value="/usr/lib/jvm/java-8-openjdk-amd64/jre"/>
    <property name="basedir" value="/home/wtwhite/code/regression-test-generation-NON-SOURCE-EQUIV/find-diff-classes/compile/gaoss/org/apache/hadoop/hadoop-hdfs/3.3.5"/>
    <property name="file.separator" value="/"/>
    <property name="line.separator" value="&#10;"/>
    <property name="java.vm.specification.vendor" value="Oracle Corporation"/>
    <property name="java.specification.name" value="Java Platform API Specification"/>
    <property name="java.awt.graphicsenv" value="sun.awt.X11GraphicsEnvironment"/>
    <property name="surefire.real.class.path" value="/home/wtwhite/code/regression-test-generation-NON-SOURCE-EQUIV/find-diff-classes/compile/gaoss/org/apache/hadoop/hadoop-hdfs/3.3.5/target/surefire/surefirebooter-20241112134109694_3.jar"/>
    <property name="sun.boot.class.path" value="/usr/lib/jvm/java-8-openjdk-amd64/jre/lib/resources.jar:/usr/lib/jvm/java-8-openjdk-amd64/jre/lib/rt.jar:/usr/lib/jvm/java-8-openjdk-amd64/jre/lib/sunrsasign.jar:/usr/lib/jvm/java-8-openjdk-amd64/jre/lib/jsse.jar:/usr/lib/jvm/java-8-openjdk-amd64/jre/lib/jce.jar:/usr/lib/jvm/java-8-openjdk-amd64/jre/lib/charsets.jar:/usr/lib/jvm/java-8-openjdk-amd64/jre/lib/jfr.jar:/usr/lib/jvm/java-8-openjdk-amd64/jre/classes"/>
    <property name="sun.management.compiler" value="HotSpot 64-Bit Tiered Compilers"/>
    <property name="java.runtime.version" value="1.8.0_382-8u382-ga-1~22.04.1-b05"/>
    <property name="user.name" value="wtwhite"/>
    <property name="path.separator" value=":"/>
    <property name="os.version" value="5.15.0-87-generic"/>
    <property name="java.endorsed.dirs" value="/usr/lib/jvm/java-8-openjdk-amd64/jre/lib/endorsed"/>
    <property name="java.runtime.name" value="OpenJDK Runtime Environment"/>
    <property name="file.encoding" value="UTF-8"/>
    <property name="java.vm.name" value="OpenJDK 64-Bit Server VM"/>
    <property name="localRepository" value="/home/wtwhite/.m2/repository"/>
    <property name="java.vendor.url.bug" value="http://bugreport.sun.com/bugreport/"/>
    <property name="java.io.tmpdir" value="/tmp"/>
    <property name="java.version" value="1.8.0_382"/>
    <property name="user.dir" value="/home/wtwhite/code/regression-test-generation-NON-SOURCE-EQUIV/find-diff-classes/compile/gaoss/org/apache/hadoop/hadoop-hdfs/3.3.5"/>
    <property name="os.arch" value="amd64"/>
    <property name="java.vm.specification.name" value="Java Virtual Machine Specification"/>
    <property name="java.awt.printerjob" value="sun.print.PSPrinterJob"/>
    <property name="sun.os.patch.level" value="unknown"/>
    <property name="java.library.path" value="/usr/java/packages/lib/amd64:/usr/lib/x86_64-linux-gnu/jni:/lib/x86_64-linux-gnu:/usr/lib/x86_64-linux-gnu:/usr/lib/jni:/lib:/usr/lib"/>
    <property name="java.vm.info" value="mixed mode"/>
    <property name="java.vendor" value="Private Build"/>
    <property name="java.vm.version" value="25.382-b05"/>
    <property name="java.specification.maintenance.version" value="5"/>
    <property name="java.ext.dirs" value="/usr/lib/jvm/java-8-openjdk-amd64/jre/lib/ext:/usr/java/packages/lib/ext"/>
    <property name="sun.io.unicode.encoding" value="UnicodeLittle"/>
    <property name="java.class.version" value="52.0"/>
  </properties>
  <testcase name="test09" classname="org.apache.hadoop.hdfs.server.namenode.snapshot.SnapshotDiffInfo_ESTest" time="2.656">
    <system-out><![CDATA[2024-11-12 13:41:20,327 INFO  EvoClassLoader - Seeing class for first time: org.apache.hadoop.hdfs.server.namenode.snapshot.SnapshotDiffInfo_ESTest
2024-11-12 13:41:20,327 INFO  EvoClassLoader - Instrumenting class 'org.apache.hadoop.hdfs.server.namenode.snapshot.SnapshotDiffInfo_ESTest'.
2024-11-12 13:41:20,329 INFO  EvoClassLoader - Seeing class for first time: org.apache.hadoop.hdfs.server.namenode.snapshot.SnapshotDiffInfo_ESTest_scaffolding
2024-11-12 13:41:20,329 INFO  EvoClassLoader - Instrumenting class 'org.apache.hadoop.hdfs.server.namenode.snapshot.SnapshotDiffInfo_ESTest_scaffolding'.
2024-11-12 13:41:20,332 INFO  EvoClassLoader - Keeping class: org.apache.hadoop.hdfs.server.namenode.snapshot.SnapshotDiffInfo_ESTest_scaffolding
2024-11-12 13:41:20,332 INFO  EvoClassLoader - Keeping class: org.apache.hadoop.hdfs.server.namenode.snapshot.SnapshotDiffInfo_ESTest
2024-11-12 13:41:20,332 INFO  EvoClassLoader - Seeing class for first time: org.apache.hadoop.hdfs.util.Diff$Element
2024-11-12 13:41:20,332 INFO  EvoClassLoader - Instrumenting class 'org.apache.hadoop.hdfs.util.Diff$Element'.
2024-11-12 13:41:20,333 INFO  EvoClassLoader - Keeping class: org.apache.hadoop.hdfs.util.Diff$Element
2024-11-12 13:41:20,333 INFO  EvoClassLoader - Seeing class for first time: org.apache.hadoop.hdfs.server.namenode.INodeDirectory
2024-11-12 13:41:20,333 INFO  EvoClassLoader - Instrumenting class 'org.apache.hadoop.hdfs.server.namenode.INodeDirectory'.
2024-11-12 13:41:20,333 INFO  MethodCallReplacementClassAdapter - Adding mock interface to class org/apache/hadoop/hdfs/server/namenode/INodeDirectory
2024-11-12 13:41:20,339 INFO  CreateClassResetClassAdapter - Found static initializer in class org/apache/hadoop/hdfs/server/namenode/INodeDirectory
2024-11-12 13:41:20,340 INFO  EvoClassLoader - Seeing class for first time: org.apache.hadoop.hdfs.server.namenode.INodeDirectoryAttributes
2024-11-12 13:41:20,340 INFO  EvoClassLoader - Instrumenting class 'org.apache.hadoop.hdfs.server.namenode.INodeDirectoryAttributes'.
2024-11-12 13:41:20,340 INFO  EvoClassLoader - Seeing class for first time: org.apache.hadoop.hdfs.server.namenode.INodeAttributes
2024-11-12 13:41:20,340 INFO  EvoClassLoader - Instrumenting class 'org.apache.hadoop.hdfs.server.namenode.INodeAttributes'.
2024-11-12 13:41:20,340 INFO  EvoClassLoader - Keeping class: org.apache.hadoop.hdfs.server.namenode.INodeAttributes
2024-11-12 13:41:20,340 INFO  EvoClassLoader - Keeping class: org.apache.hadoop.hdfs.server.namenode.INodeDirectoryAttributes
2024-11-12 13:41:20,340 INFO  EvoClassLoader - Seeing class for first time: org.apache.hadoop.hdfs.server.namenode.INodeWithAdditionalFields
2024-11-12 13:41:20,340 INFO  EvoClassLoader - Instrumenting class 'org.apache.hadoop.hdfs.server.namenode.INodeWithAdditionalFields'.
2024-11-12 13:41:20,340 INFO  MethodCallReplacementClassAdapter - Adding mock interface to class org/apache/hadoop/hdfs/server/namenode/INodeWithAdditionalFields
2024-11-12 13:41:20,341 INFO  CreateClassResetClassAdapter - Found static initializer in class org/apache/hadoop/hdfs/server/namenode/INodeWithAdditionalFields
2024-11-12 13:41:20,342 INFO  EvoClassLoader - Seeing class for first time: org.apache.hadoop.util.LightWeightGSet$LinkedElement
2024-11-12 13:41:20,342 INFO  EvoClassLoader - Instrumenting class 'org.apache.hadoop.util.LightWeightGSet$LinkedElement'.
2024-11-12 13:41:20,342 INFO  EvoClassLoader - Keeping class: org.apache.hadoop.util.LightWeightGSet$LinkedElement
2024-11-12 13:41:20,342 INFO  EvoClassLoader - Seeing class for first time: org.apache.hadoop.hdfs.server.namenode.INode
2024-11-12 13:41:20,342 INFO  EvoClassLoader - Instrumenting class 'org.apache.hadoop.hdfs.server.namenode.INode'.
2024-11-12 13:41:20,342 INFO  MethodCallReplacementClassAdapter - Adding mock interface to class org/apache/hadoop/hdfs/server/namenode/INode
2024-11-12 13:41:20,344 INFO  CreateClassResetClassAdapter - Found static initializer in class org/apache/hadoop/hdfs/server/namenode/INode
2024-11-12 13:41:20,344 INFO  EvoClassLoader - Keeping class: org.apache.hadoop.hdfs.server.namenode.INode
2024-11-12 13:41:20,344 INFO  EvoClassLoader - Keeping class: org.apache.hadoop.hdfs.server.namenode.INodeWithAdditionalFields
2024-11-12 13:41:20,344 INFO  EvoClassLoader - Keeping class: org.apache.hadoop.hdfs.server.namenode.INodeDirectory
2024-11-12 13:41:20,344 INFO  EvoClassLoader - Seeing class for first time: org.apache.hadoop.hdfs.server.namenode.snapshot.Snapshot$Root
2024-11-12 13:41:20,344 INFO  EvoClassLoader - Instrumenting class 'org.apache.hadoop.hdfs.server.namenode.snapshot.Snapshot$Root'.
2024-11-12 13:41:20,344 INFO  MethodCallReplacementClassAdapter - Adding mock interface to class org/apache/hadoop/hdfs/server/namenode/snapshot/Snapshot$Root
2024-11-12 13:41:20,345 INFO  CreateClassResetClassAdapter - Creating brand-new static initializer in class org/apache/hadoop/hdfs/server/namenode/snapshot/Snapshot$Root
2024-11-12 13:41:20,345 INFO  EvoClassLoader - Keeping class: org.apache.hadoop.hdfs.server.namenode.snapshot.Snapshot$Root
2024-11-12 13:41:20,346 INFO  EvoClassLoader - Seeing class for first time: org.apache.hadoop.thirdparty.com.google.common.collect.Lists$AbstractListWrapper
2024-11-12 13:41:20,346 INFO  EvoClassLoader - Instrumenting class 'org.apache.hadoop.thirdparty.com.google.common.collect.Lists$AbstractListWrapper'.
2024-11-12 13:41:20,347 INFO  MethodCallReplacementClassAdapter - Adding mock interface to class org/apache/hadoop/thirdparty/com/google/common/collect/Lists$AbstractListWrapper
2024-11-12 13:41:20,348 INFO  CreateClassResetClassAdapter - Creating brand-new static initializer in class org/apache/hadoop/thirdparty/com/google/common/collect/Lists$AbstractListWrapper
2024-11-12 13:41:20,348 INFO  EvoClassLoader - Defined package (3): package org.apache.hadoop.thirdparty.com.google.common.collect, -347820205
2024-11-12 13:41:20,348 INFO  EvoClassLoader - Keeping class: org.apache.hadoop.thirdparty.com.google.common.collect.Lists$AbstractListWrapper
2024-11-12 13:41:20,348 INFO  EvoClassLoader - Seeing class for first time: org.apache.hadoop.hdfs.server.namenode.INode$ReclaimContext
2024-11-12 13:41:20,348 INFO  EvoClassLoader - Instrumenting class 'org.apache.hadoop.hdfs.server.namenode.INode$ReclaimContext'.
2024-11-12 13:41:20,348 INFO  MethodCallReplacementClassAdapter - Adding mock interface to class org/apache/hadoop/hdfs/server/namenode/INode$ReclaimContext
2024-11-12 13:41:20,348 INFO  CreateClassResetClassAdapter - Creating brand-new static initializer in class org/apache/hadoop/hdfs/server/namenode/INode$ReclaimContext
2024-11-12 13:41:20,348 INFO  EvoClassLoader - Keeping class: org.apache.hadoop.hdfs.server.namenode.INode$ReclaimContext
2024-11-12 13:41:20,348 INFO  EvoClassLoader - Seeing class for first time: org.apache.hadoop.hdfs.server.namenode.FSImageFormat$Loader
2024-11-12 13:41:20,348 INFO  EvoClassLoader - Instrumenting class 'org.apache.hadoop.hdfs.server.namenode.FSImageFormat$Loader'.
2024-11-12 13:41:20,349 INFO  MethodCallReplacementClassAdapter - Adding mock interface to class org/apache/hadoop/hdfs/server/namenode/FSImageFormat$Loader
2024-11-12 13:41:20,352 INFO  CreateClassResetClassAdapter - Found static initializer in class org/apache/hadoop/hdfs/server/namenode/FSImageFormat$Loader
2024-11-12 13:41:20,352 INFO  EvoClassLoader - Seeing class for first time: org.apache.hadoop.hdfs.server.namenode.FSImageFormat$AbstractLoader
2024-11-12 13:41:20,352 INFO  EvoClassLoader - Instrumenting class 'org.apache.hadoop.hdfs.server.namenode.FSImageFormat$AbstractLoader'.
2024-11-12 13:41:20,353 INFO  EvoClassLoader - Keeping class: org.apache.hadoop.hdfs.server.namenode.FSImageFormat$AbstractLoader
2024-11-12 13:41:20,353 INFO  EvoClassLoader - Keeping class: org.apache.hadoop.hdfs.server.namenode.FSImageFormat$Loader
2024-11-12 13:41:20,353 INFO  EvoClassLoader - Seeing class for first time: org.apache.hadoop.hdfs.server.common.InconsistentFSStateException
2024-11-12 13:41:20,353 INFO  EvoClassLoader - Instrumenting class 'org.apache.hadoop.hdfs.server.common.InconsistentFSStateException'.
2024-11-12 13:41:20,353 INFO  MethodCallReplacementClassAdapter - Adding mock interface to class org/apache/hadoop/hdfs/server/common/InconsistentFSStateException
2024-11-12 13:41:20,353 INFO  CreateClassResetClassAdapter - Creating brand-new static initializer in class org/apache/hadoop/hdfs/server/common/InconsistentFSStateException
2024-11-12 13:41:20,353 INFO  EvoClassLoader - Defined package (3): package org.apache.hadoop.hdfs.server.common, -1528842716
2024-11-12 13:41:20,353 INFO  EvoClassLoader - Keeping class: org.apache.hadoop.hdfs.server.common.InconsistentFSStateException
2024-11-12 13:41:20,353 INFO  EvoClassLoader - Seeing class for first time: org.apache.hadoop.hdfs.protocol.LayoutVersion$LayoutFeature
2024-11-12 13:41:20,353 INFO  EvoClassLoader - Instrumenting class 'org.apache.hadoop.hdfs.protocol.LayoutVersion$LayoutFeature'.
2024-11-12 13:41:20,353 INFO  EvoClassLoader - Defined package (3): package org.apache.hadoop.hdfs.protocol, -1396960598
2024-11-12 13:41:20,353 INFO  EvoClassLoader - Keeping class: org.apache.hadoop.hdfs.protocol.LayoutVersion$LayoutFeature
2024-11-12 13:41:20,354 INFO  EvoClassLoader - Seeing class for first time: org.apache.hadoop.hdfs.server.blockmanagement.BlockCollection
2024-11-12 13:41:20,354 INFO  EvoClassLoader - Instrumenting class 'org.apache.hadoop.hdfs.server.blockmanagement.BlockCollection'.
2024-11-12 13:41:20,354 INFO  EvoClassLoader - Defined package (3): package org.apache.hadoop.hdfs.server.blockmanagement, -789130121
2024-11-12 13:41:20,355 INFO  EvoClassLoader - Keeping class: org.apache.hadoop.hdfs.server.blockmanagement.BlockCollection
2024-11-12 13:41:20,355 INFO  EvoClassLoader - Seeing class for first time: org.apache.hadoop.hdfs.server.blockmanagement.BlockInfo
2024-11-12 13:41:20,355 INFO  EvoClassLoader - Instrumenting class 'org.apache.hadoop.hdfs.server.blockmanagement.BlockInfo'.
2024-11-12 13:41:20,355 INFO  MethodCallReplacementClassAdapter - Adding mock interface to class org/apache/hadoop/hdfs/server/blockmanagement/BlockInfo
2024-11-12 13:41:20,356 INFO  CreateClassResetClassAdapter - Found static initializer in class org/apache/hadoop/hdfs/server/blockmanagement/BlockInfo
2024-11-12 13:41:20,356 INFO  EvoClassLoader - Seeing class for first time: org.apache.hadoop.hdfs.protocol.Block
2024-11-12 13:41:20,356 INFO  EvoClassLoader - Instrumenting class 'org.apache.hadoop.hdfs.protocol.Block'.
2024-11-12 13:41:20,356 INFO  MethodCallReplacementClassAdapter - Adding mock interface to class org/apache/hadoop/hdfs/protocol/Block
2024-11-12 13:41:20,357 INFO  CreateClassResetClassAdapter - Found static initializer in class org/apache/hadoop/hdfs/protocol/Block
2024-11-12 13:41:20,357 INFO  EvoClassLoader - Seeing class for first time: org.apache.hadoop.io.Writable
2024-11-12 13:41:20,357 INFO  EvoClassLoader - Instrumenting class 'org.apache.hadoop.io.Writable'.
2024-11-12 13:41:20,358 INFO  EvoClassLoader - Defined package (3): package org.apache.hadoop.io, -40118087
2024-11-12 13:41:20,358 INFO  EvoClassLoader - Keeping class: org.apache.hadoop.io.Writable
2024-11-12 13:41:20,358 INFO  EvoClassLoader - Keeping class: org.apache.hadoop.hdfs.protocol.Block
2024-11-12 13:41:20,358 INFO  EvoClassLoader - Keeping class: org.apache.hadoop.hdfs.server.blockmanagement.BlockInfo
2024-11-12 13:41:20,358 INFO  EvoClassLoader - Seeing class for first time: org.apache.hadoop.hdfs.server.blockmanagement.BlockInfoContiguous
2024-11-12 13:41:20,358 INFO  EvoClassLoader - Instrumenting class 'org.apache.hadoop.hdfs.server.blockmanagement.BlockInfoContiguous'.
2024-11-12 13:41:20,358 INFO  MethodCallReplacementClassAdapter - Adding mock interface to class org/apache/hadoop/hdfs/server/blockmanagement/BlockInfoContiguous
2024-11-12 13:41:20,358 INFO  CreateClassResetClassAdapter - Found static initializer in class org/apache/hadoop/hdfs/server/blockmanagement/BlockInfoContiguous
2024-11-12 13:41:20,358 INFO  EvoClassLoader - Keeping class: org.apache.hadoop.hdfs.server.blockmanagement.BlockInfoContiguous
2024-11-12 13:41:20,358 INFO  EvoClassLoader - Seeing class for first time: org.apache.hadoop.hdfs.server.namenode.INodeFile
2024-11-12 13:41:20,358 INFO  EvoClassLoader - Instrumenting class 'org.apache.hadoop.hdfs.server.namenode.INodeFile'.
2024-11-12 13:41:20,359 INFO  MethodCallReplacementClassAdapter - Adding mock interface to class org/apache/hadoop/hdfs/server/namenode/INodeFile
2024-11-12 13:41:20,361 INFO  CreateClassResetClassAdapter - Creating brand-new static initializer in class org/apache/hadoop/hdfs/server/namenode/INodeFile
2024-11-12 13:41:20,361 INFO  CreateClassResetClassAdapter - Adding bytecode for initializing field DEFAULT_REPL_FOR_STRIPED_BLOCKS
2024-11-12 13:41:20,361 INFO  EvoClassLoader - Seeing class for first time: org.apache.hadoop.hdfs.server.namenode.INodeFileAttributes
2024-11-12 13:41:20,361 INFO  EvoClassLoader - Instrumenting class 'org.apache.hadoop.hdfs.server.namenode.INodeFileAttributes'.
2024-11-12 13:41:20,362 INFO  EvoClassLoader - Keeping class: org.apache.hadoop.hdfs.server.namenode.INodeFileAttributes
2024-11-12 13:41:20,362 INFO  EvoClassLoader - Keeping class: org.apache.hadoop.hdfs.server.namenode.INodeFile
2024-11-12 13:41:20,362 INFO  EvoClassLoader - Seeing class for first time: org.apache.hadoop.hdfs.server.namenode.INodeSymlink
2024-11-12 13:41:20,362 INFO  EvoClassLoader - Instrumenting class 'org.apache.hadoop.hdfs.server.namenode.INodeSymlink'.
2024-11-12 13:41:20,363 INFO  MethodCallReplacementClassAdapter - Adding mock interface to class org/apache/hadoop/hdfs/server/namenode/INodeSymlink
2024-11-12 13:41:20,363 INFO  CreateClassResetClassAdapter - Creating brand-new static initializer in class org/apache/hadoop/hdfs/server/namenode/INodeSymlink
2024-11-12 13:41:20,363 INFO  EvoClassLoader - Keeping class: org.apache.hadoop.hdfs.server.namenode.INodeSymlink
2024-11-12 13:41:20,363 INFO  EvoClassLoader - Seeing class for first time: org.apache.hadoop.hdfs.server.namenode.INodeReference$WithName
2024-11-12 13:41:20,363 INFO  EvoClassLoader - Instrumenting class 'org.apache.hadoop.hdfs.server.namenode.INodeReference$WithName'.
2024-11-12 13:41:20,363 INFO  MethodCallReplacementClassAdapter - Adding mock interface to class org/apache/hadoop/hdfs/server/namenode/INodeReference$WithName
2024-11-12 13:41:20,364 INFO  CreateClassResetClassAdapter - Creating brand-new static initializer in class org/apache/hadoop/hdfs/server/namenode/INodeReference$WithName
2024-11-12 13:41:20,364 INFO  EvoClassLoader - Seeing class for first time: org.apache.hadoop.hdfs.server.namenode.INodeReference
2024-11-12 13:41:20,364 INFO  EvoClassLoader - Instrumenting class 'org.apache.hadoop.hdfs.server.namenode.INodeReference'.
2024-11-12 13:41:20,364 INFO  MethodCallReplacementClassAdapter - Adding mock interface to class org/apache/hadoop/hdfs/server/namenode/INodeReference
2024-11-12 13:41:20,364 INFO  CreateClassResetClassAdapter - Creating brand-new static initializer in class org/apache/hadoop/hdfs/server/namenode/INodeReference
2024-11-12 13:41:20,365 INFO  EvoClassLoader - Keeping class: org.apache.hadoop.hdfs.server.namenode.INodeReference
2024-11-12 13:41:20,365 INFO  EvoClassLoader - Keeping class: org.apache.hadoop.hdfs.server.namenode.INodeReference$WithName
2024-11-12 13:41:20,365 INFO  EvoClassLoader - Seeing class for first time: org.apache.hadoop.hdfs.server.namenode.INodeReference$DstReference
2024-11-12 13:41:20,365 INFO  EvoClassLoader - Instrumenting class 'org.apache.hadoop.hdfs.server.namenode.INodeReference$DstReference'.
2024-11-12 13:41:20,365 INFO  MethodCallReplacementClassAdapter - Adding mock interface to class org/apache/hadoop/hdfs/server/namenode/INodeReference$DstReference
2024-11-12 13:41:20,366 INFO  CreateClassResetClassAdapter - Creating brand-new static initializer in class org/apache/hadoop/hdfs/server/namenode/INodeReference$DstReference
2024-11-12 13:41:20,366 INFO  EvoClassLoader - Keeping class: org.apache.hadoop.hdfs.server.namenode.INodeReference$DstReference
2024-11-12 13:41:20,366 INFO  EvoClassLoader - Seeing class for first time: org.apache.hadoop.hdfs.server.namenode.INodeDirectoryAttributes$SnapshotCopy
2024-11-12 13:41:20,366 INFO  EvoClassLoader - Instrumenting class 'org.apache.hadoop.hdfs.server.namenode.INodeDirectoryAttributes$SnapshotCopy'.
2024-11-12 13:41:20,366 INFO  MethodCallReplacementClassAdapter - Adding mock interface to class org/apache/hadoop/hdfs/server/namenode/INodeDirectoryAttributes$SnapshotCopy
2024-11-12 13:41:20,366 INFO  CreateClassResetClassAdapter - Creating brand-new static initializer in class org/apache/hadoop/hdfs/server/namenode/INodeDirectoryAttributes$SnapshotCopy
2024-11-12 13:41:20,366 INFO  EvoClassLoader - Seeing class for first time: org.apache.hadoop.hdfs.server.namenode.INodeAttributes$SnapshotCopy
2024-11-12 13:41:20,366 INFO  EvoClassLoader - Instrumenting class 'org.apache.hadoop.hdfs.server.namenode.INodeAttributes$SnapshotCopy'.
2024-11-12 13:41:20,367 INFO  MethodCallReplacementClassAdapter - Adding mock interface to class org/apache/hadoop/hdfs/server/namenode/INodeAttributes$SnapshotCopy
2024-11-12 13:41:20,367 INFO  CreateClassResetClassAdapter - Creating brand-new static initializer in class org/apache/hadoop/hdfs/server/namenode/INodeAttributes$SnapshotCopy
2024-11-12 13:41:20,373 INFO  EvoClassLoader - Keeping class: org.apache.hadoop.hdfs.server.namenode.INodeAttributes$SnapshotCopy
2024-11-12 13:41:20,373 INFO  EvoClassLoader - Keeping class: org.apache.hadoop.hdfs.server.namenode.INodeDirectoryAttributes$SnapshotCopy
2024-11-12 13:41:20,373 INFO  EvoClassLoader - Seeing class for first time: org.apache.hadoop.hdfs.server.namenode.INodeDirectoryAttributes$CopyWithQuota
2024-11-12 13:41:20,373 INFO  EvoClassLoader - Instrumenting class 'org.apache.hadoop.hdfs.server.namenode.INodeDirectoryAttributes$CopyWithQuota'.
2024-11-12 13:41:20,374 INFO  MethodCallReplacementClassAdapter - Adding mock interface to class org/apache/hadoop/hdfs/server/namenode/INodeDirectoryAttributes$CopyWithQuota
2024-11-12 13:41:20,374 INFO  CreateClassResetClassAdapter - Creating brand-new static initializer in class org/apache/hadoop/hdfs/server/namenode/INodeDirectoryAttributes$CopyWithQuota
2024-11-12 13:41:20,374 INFO  EvoClassLoader - Keeping class: org.apache.hadoop.hdfs.server.namenode.INodeDirectoryAttributes$CopyWithQuota
2024-11-12 13:41:20,374 INFO  EvoClassLoader - Seeing class for first time: org.apache.hadoop.hdfs.server.namenode.FSImageFormat
2024-11-12 13:41:20,374 INFO  EvoClassLoader - Instrumenting class 'org.apache.hadoop.hdfs.server.namenode.FSImageFormat'.
2024-11-12 13:41:20,374 INFO  MethodCallReplacementClassAdapter - Adding mock interface to class org/apache/hadoop/hdfs/server/namenode/FSImageFormat
2024-11-12 13:41:20,374 INFO  CreateClassResetClassAdapter - Found static initializer in class org/apache/hadoop/hdfs/server/namenode/FSImageFormat
2024-11-12 13:41:20,375 INFO  EvoClassLoader - Keeping class: org.apache.hadoop.hdfs.server.namenode.FSImageFormat
2024-11-12 13:41:20,375 INFO  EvoClassLoader - Seeing class for first time: org.apache.hadoop.fs.permission.AclEntryScope
2024-11-12 13:41:20,375 INFO  EvoClassLoader - Instrumenting class 'org.apache.hadoop.fs.permission.AclEntryScope'.
2024-11-12 13:41:20,375 INFO  MethodCallReplacementClassAdapter - Adding mock interface to class org/apache/hadoop/fs/permission/AclEntryScope
2024-11-12 13:41:20,375 INFO  CreateClassResetClassAdapter - Found static initializer in class org/apache/hadoop/fs/permission/AclEntryScope
2024-11-12 13:41:20,375 INFO  EvoClassLoader - Defined package (3): package org.apache.hadoop.fs.permission, 1810436125
2024-11-12 13:41:20,375 INFO  EvoClassLoader - Keeping class: org.apache.hadoop.fs.permission.AclEntryScope
2024-11-12 13:41:20,375 INFO  EvoClassLoader - Seeing class for first time: org.apache.hadoop.fs.permission.FsPermission$ImmutableFsPermission
2024-11-12 13:41:20,375 INFO  EvoClassLoader - Instrumenting class 'org.apache.hadoop.fs.permission.FsPermission$ImmutableFsPermission'.
2024-11-12 13:41:20,375 INFO  MethodCallReplacementClassAdapter - Adding mock interface to class org/apache/hadoop/fs/permission/FsPermission$ImmutableFsPermission
2024-11-12 13:41:20,376 INFO  CreateClassResetClassAdapter - Creating brand-new static initializer in class org/apache/hadoop/fs/permission/FsPermission$ImmutableFsPermission
2024-11-12 13:41:20,376 INFO  EvoClassLoader - Seeing class for first time: org.apache.hadoop.fs.permission.FsPermission
2024-11-12 13:41:20,376 INFO  EvoClassLoader - Instrumenting class 'org.apache.hadoop.fs.permission.FsPermission'.
2024-11-12 13:41:20,377 INFO  MethodCallReplacementClassAdapter - Adding mock interface to class org/apache/hadoop/fs/permission/FsPermission
2024-11-12 13:41:20,377 INFO  CreateClassResetClassAdapter - Found static initializer in class org/apache/hadoop/fs/permission/FsPermission
2024-11-12 13:41:20,378 INFO  EvoClassLoader - Keeping class: org.apache.hadoop.fs.permission.FsPermission
2024-11-12 13:41:20,378 INFO  EvoClassLoader - Keeping class: org.apache.hadoop.fs.permission.FsPermission$ImmutableFsPermission
2024-11-12 13:41:20,378 INFO  EvoClassLoader - Seeing class for first time: org.apache.hadoop.io.WritableFactory
2024-11-12 13:41:20,378 INFO  EvoClassLoader - Instrumenting class 'org.apache.hadoop.io.WritableFactory'.
2024-11-12 13:41:20,379 INFO  EvoClassLoader - Keeping class: org.apache.hadoop.io.WritableFactory
2024-11-12 13:41:20,379 INFO  EvoClassLoader - Seeing class for first time: org.apache.hadoop.fs.permission.FsPermission$1
2024-11-12 13:41:20,379 INFO  EvoClassLoader - Instrumenting class 'org.apache.hadoop.fs.permission.FsPermission$1'.
2024-11-12 13:41:20,379 INFO  MethodCallReplacementClassAdapter - Adding mock interface to class org/apache/hadoop/fs/permission/FsPermission$1
2024-11-12 13:41:20,379 INFO  EvoClassLoader - Keeping class: org.apache.hadoop.fs.permission.FsPermission$1
2024-11-12 13:41:20,379 INFO  EvoClassLoader - Seeing class for first time: org.apache.hadoop.io.WritableFactories
2024-11-12 13:41:20,379 INFO  EvoClassLoader - Instrumenting class 'org.apache.hadoop.io.WritableFactories'.
2024-11-12 13:41:20,379 INFO  MethodCallReplacementClassAdapter - Adding mock interface to class org/apache/hadoop/io/WritableFactories
2024-11-12 13:41:20,379 INFO  CreateClassResetClassAdapter - Found static initializer in class org/apache/hadoop/io/WritableFactories
2024-11-12 13:41:20,380 INFO  EvoClassLoader - Keeping class: org.apache.hadoop.io.WritableFactories
2024-11-12 13:41:20,380 INFO  EvoClassLoader - Seeing class for first time: org.apache.hadoop.fs.permission.FsAction
2024-11-12 13:41:20,380 INFO  EvoClassLoader - Instrumenting class 'org.apache.hadoop.fs.permission.FsAction'.
2024-11-12 13:41:20,380 INFO  MethodCallReplacementClassAdapter - Adding mock interface to class org/apache/hadoop/fs/permission/FsAction
2024-11-12 13:41:20,380 INFO  CreateClassResetClassAdapter - Found static initializer in class org/apache/hadoop/fs/permission/FsAction
2024-11-12 13:41:20,380 INFO  EvoClassLoader - Keeping class: org.apache.hadoop.fs.permission.FsAction
2024-11-12 13:41:20,380 INFO  EvoClassLoader - Seeing class for first time: org.apache.hadoop.fs.FileStatus
2024-11-12 13:41:20,380 INFO  EvoClassLoader - Instrumenting class 'org.apache.hadoop.fs.FileStatus'.
2024-11-12 13:41:20,380 INFO  MethodCallReplacementClassAdapter - Adding mock interface to class org/apache/hadoop/fs/FileStatus
2024-11-12 13:41:20,381 INFO  CreateClassResetClassAdapter - Found static initializer in class org/apache/hadoop/fs/FileStatus
2024-11-12 13:41:20,381 INFO  EvoClassLoader - Defined package (3): package org.apache.hadoop.fs, -40118176
2024-11-12 13:41:20,382 INFO  EvoClassLoader - Keeping class: org.apache.hadoop.fs.FileStatus
2024-11-12 13:41:20,382 INFO  EvoClassLoader - Seeing class for first time: org.apache.hadoop.hdfs.server.namenode.snapshot.SnapshotDiffInfo$1
2024-11-12 13:41:20,382 INFO  EvoClassLoader - Instrumenting class 'org.apache.hadoop.hdfs.server.namenode.snapshot.SnapshotDiffInfo$1'.
2024-11-12 13:41:20,382 INFO  MethodCallReplacementClassAdapter - Adding mock interface to class org/apache/hadoop/hdfs/server/namenode/snapshot/SnapshotDiffInfo$1
2024-11-12 13:41:20,383 INFO  EvoClassLoader - Keeping class: org.apache.hadoop.hdfs.server.namenode.snapshot.SnapshotDiffInfo$1
2024-11-12 13:41:20,383 INFO  EvoClassLoader - Seeing class for first time: org.apache.hadoop.hdfs.server.namenode.INode$Feature
2024-11-12 13:41:20,383 INFO  EvoClassLoader - Instrumenting class 'org.apache.hadoop.hdfs.server.namenode.INode$Feature'.
2024-11-12 13:41:20,383 INFO  EvoClassLoader - Keeping class: org.apache.hadoop.hdfs.server.namenode.INode$Feature
2024-11-12 13:41:20,384 INFO  EvoClassLoader - Seeing class for first time: org.apache.hadoop.fs.PathIsNotDirectoryException
2024-11-12 13:41:20,384 INFO  EvoClassLoader - Instrumenting class 'org.apache.hadoop.fs.PathIsNotDirectoryException'.
2024-11-12 13:41:20,384 INFO  MethodCallReplacementClassAdapter - Adding mock interface to class org/apache/hadoop/fs/PathIsNotDirectoryException
2024-11-12 13:41:20,384 INFO  CreateClassResetClassAdapter - Creating brand-new static initializer in class org/apache/hadoop/fs/PathIsNotDirectoryException
2024-11-12 13:41:20,384 INFO  EvoClassLoader - Seeing class for first time: org.apache.hadoop.fs.PathExistsException
2024-11-12 13:41:20,384 INFO  EvoClassLoader - Instrumenting class 'org.apache.hadoop.fs.PathExistsException'.
2024-11-12 13:41:20,384 INFO  MethodCallReplacementClassAdapter - Adding mock interface to class org/apache/hadoop/fs/PathExistsException
2024-11-12 13:41:20,384 INFO  CreateClassResetClassAdapter - Creating brand-new static initializer in class org/apache/hadoop/fs/PathExistsException
2024-11-12 13:41:20,384 INFO  EvoClassLoader - Seeing class for first time: org.apache.hadoop.fs.PathIOException
2024-11-12 13:41:20,384 INFO  EvoClassLoader - Instrumenting class 'org.apache.hadoop.fs.PathIOException'.
2024-11-12 13:41:20,384 INFO  MethodCallReplacementClassAdapter - Adding mock interface to class org/apache/hadoop/fs/PathIOException
2024-11-12 13:41:20,385 INFO  CreateClassResetClassAdapter - Creating brand-new static initializer in class org/apache/hadoop/fs/PathIOException
2024-11-12 13:41:20,385 INFO  CreateClassResetClassAdapter - Adding bytecode for initializing field EIO
2024-11-12 13:41:20,385 INFO  EvoClassLoader - Keeping class: org.apache.hadoop.fs.PathIOException
2024-11-12 13:41:20,385 INFO  EvoClassLoader - Keeping class: org.apache.hadoop.fs.PathExistsException
2024-11-12 13:41:20,385 INFO  EvoClassLoader - Keeping class: org.apache.hadoop.fs.PathIsNotDirectoryException
2024-11-12 13:41:20,385 INFO  EvoClassLoader - Seeing class for first time: org.apache.hadoop.hdfs.DFSUtil
2024-11-12 13:41:20,385 INFO  EvoClassLoader - Instrumenting class 'org.apache.hadoop.hdfs.DFSUtil'.
2024-11-12 13:41:20,386 INFO  MethodCallReplacementClassAdapter - Adding mock interface to class org/apache/hadoop/hdfs/DFSUtil
2024-11-12 13:41:20,389 INFO  CreateClassResetClassAdapter - Found static initializer in class org/apache/hadoop/hdfs/DFSUtil
2024-11-12 13:41:20,389 INFO  EvoClassLoader - Defined package (3): package org.apache.hadoop.hdfs, 101186972
2024-11-12 13:41:20,390 INFO  EvoClassLoader - Keeping class: org.apache.hadoop.hdfs.DFSUtil
2024-11-12 13:41:20,390 INFO  EvoClassLoader - Seeing class for first time: org.apache.hadoop.hdfs.DFSUtil$1
2024-11-12 13:41:20,390 INFO  EvoClassLoader - Instrumenting class 'org.apache.hadoop.hdfs.DFSUtil$1'.
2024-11-12 13:41:20,391 INFO  MethodCallReplacementClassAdapter - Adding mock interface to class org/apache/hadoop/hdfs/DFSUtil$1
2024-11-12 13:41:20,391 INFO  EvoClassLoader - Keeping class: org.apache.hadoop.hdfs.DFSUtil$1
2024-11-12 13:41:20,391 INFO  EvoClassLoader - Seeing class for first time: org.apache.hadoop.hdfs.DFSUtil$AddressMatcher
2024-11-12 13:41:20,391 INFO  EvoClassLoader - Instrumenting class 'org.apache.hadoop.hdfs.DFSUtil$AddressMatcher'.
2024-11-12 13:41:20,391 INFO  EvoClassLoader - Keeping class: org.apache.hadoop.hdfs.DFSUtil$AddressMatcher
2024-11-12 13:41:20,392 INFO  EvoClassLoader - Seeing class for first time: org.apache.hadoop.HadoopIllegalArgumentException
2024-11-12 13:41:20,392 INFO  EvoClassLoader - Instrumenting class 'org.apache.hadoop.HadoopIllegalArgumentException'.
2024-11-12 13:41:20,392 INFO  MethodCallReplacementClassAdapter - Adding mock interface to class org/apache/hadoop/HadoopIllegalArgumentException
2024-11-12 13:41:20,392 INFO  CreateClassResetClassAdapter - Creating brand-new static initializer in class org/apache/hadoop/HadoopIllegalArgumentException
2024-11-12 13:41:20,392 INFO  EvoClassLoader - Defined package (3): package org.apache.hadoop, 975885115
2024-11-12 13:41:20,392 INFO  EvoClassLoader - Keeping class: org.apache.hadoop.HadoopIllegalArgumentException
2024-11-12 13:41:20,392 INFO  EvoClassLoader - Seeing class for first time: org.apache.commons.cli.ParseException
2024-11-12 13:41:20,392 INFO  EvoClassLoader - Instrumenting class 'org.apache.commons.cli.ParseException'.
2024-11-12 13:41:20,393 INFO  MethodCallReplacementClassAdapter - Adding mock interface to class org/apache/commons/cli/ParseException
2024-11-12 13:41:20,393 INFO  CreateClassResetClassAdapter - Creating brand-new static initializer in class org/apache/commons/cli/ParseException
2024-11-12 13:41:20,393 INFO  EvoClassLoader - Defined package (3): package org.apache.commons.cli, -528318268
2024-11-12 13:41:20,393 INFO  EvoClassLoader - Keeping class: org.apache.commons.cli.ParseException
2024-11-12 13:41:20,393 INFO  EvoClassLoader - Seeing class for first time: org.apache.commons.cli.CommandLineParser
2024-11-12 13:41:20,393 INFO  EvoClassLoader - Instrumenting class 'org.apache.commons.cli.CommandLineParser'.
2024-11-12 13:41:20,393 INFO  EvoClassLoader - Keeping class: org.apache.commons.cli.CommandLineParser
2024-11-12 13:41:20,393 INFO  EvoClassLoader - Seeing class for first time: org.apache.hadoop.security.AccessControlException
2024-11-12 13:41:20,393 INFO  EvoClassLoader - Instrumenting class 'org.apache.hadoop.security.AccessControlException'.
2024-11-12 13:41:20,393 INFO  MethodCallReplacementClassAdapter - Adding mock interface to class org/apache/hadoop/security/AccessControlException
2024-11-12 13:41:20,393 INFO  CreateClassResetClassAdapter - Creating brand-new static initializer in class org/apache/hadoop/security/AccessControlException
2024-11-12 13:41:20,393 INFO  EvoClassLoader - Defined package (3): package org.apache.hadoop.security, 1193150611
2024-11-12 13:41:20,393 INFO  EvoClassLoader - Keeping class: org.apache.hadoop.security.AccessControlException
2024-11-12 13:41:20,394 INFO  EvoClassLoader - Seeing class for first time: org.apache.hadoop.hdfs.DFSUtil$2
2024-11-12 13:41:20,394 INFO  EvoClassLoader - Instrumenting class 'org.apache.hadoop.hdfs.DFSUtil$2'.
2024-11-12 13:41:20,394 INFO  MethodCallReplacementClassAdapter - Adding mock interface to class org/apache/hadoop/hdfs/DFSUtil$2
2024-11-12 13:41:20,394 INFO  EvoClassLoader - Keeping class: org.apache.hadoop.hdfs.DFSUtil$2
2024-11-12 13:41:20,394 INFO  EvoClassLoader - Seeing class for first time: org.apache.commons.cli.Options
2024-11-12 13:41:20,394 INFO  EvoClassLoader - Instrumenting class 'org.apache.commons.cli.Options'.
2024-11-12 13:41:20,394 INFO  MethodCallReplacementClassAdapter - Adding mock interface to class org/apache/commons/cli/Options
2024-11-12 13:41:20,394 INFO  CreateClassResetClassAdapter - Creating brand-new static initializer in class org/apache/commons/cli/Options
2024-11-12 13:41:20,394 INFO  EvoClassLoader - Keeping class: org.apache.commons.cli.Options
2024-11-12 13:41:20,395 INFO  EvoClassLoader - Seeing class for first time: org.apache.commons.cli.Option
2024-11-12 13:41:20,395 INFO  EvoClassLoader - Instrumenting class 'org.apache.commons.cli.Option'.
2024-11-12 13:41:20,395 INFO  MethodCallReplacementClassAdapter - Adding mock interface to class org/apache/commons/cli/Option
2024-11-12 13:41:20,395 INFO  CreateClassResetClassAdapter - Creating brand-new static initializer in class org/apache/commons/cli/Option
2024-11-12 13:41:20,395 INFO  CreateClassResetClassAdapter - Adding bytecode for initializing field UNINITIALIZED
2024-11-12 13:41:20,395 INFO  CreateClassResetClassAdapter - Adding bytecode for initializing field UNLIMITED_VALUES
2024-11-12 13:41:20,396 INFO  EvoClassLoader - Keeping class: org.apache.commons.cli.Option
2024-11-12 13:41:20,396 INFO  EvoClassLoader - Seeing class for first time: org.apache.commons.cli.OptionValidator
2024-11-12 13:41:20,396 INFO  EvoClassLoader - Instrumenting class 'org.apache.commons.cli.OptionValidator'.
2024-11-12 13:41:20,396 INFO  MethodCallReplacementClassAdapter - Adding mock interface to class org/apache/commons/cli/OptionValidator
2024-11-12 13:41:20,396 INFO  CreateClassResetClassAdapter - Creating brand-new static initializer in class org/apache/commons/cli/OptionValidator
2024-11-12 13:41:20,397 INFO  EvoClassLoader - Keeping class: org.apache.commons.cli.OptionValidator
2024-11-12 13:41:20,397 INFO  EvoClassLoader - Seeing class for first time: org.apache.hadoop.hdfs.DFSUtilClient
2024-11-12 13:41:20,397 INFO  EvoClassLoader - Instrumenting class 'org.apache.hadoop.hdfs.DFSUtilClient'.
2024-11-12 13:41:20,397 INFO  MethodCallReplacementClassAdapter - Adding mock interface to class org/apache/hadoop/hdfs/DFSUtilClient
2024-11-12 13:41:20,399 INFO  CreateClassResetClassAdapter - Found static initializer in class org/apache/hadoop/hdfs/DFSUtilClient
2024-11-12 13:41:20,400 INFO  EvoClassLoader - Keeping class: org.apache.hadoop.hdfs.DFSUtilClient
2024-11-12 13:41:20,400 INFO  EvoClassLoader - Seeing class for first time: org.apache.hadoop.hdfs.protocol.ClientDatanodeProtocol
2024-11-12 13:41:20,400 INFO  EvoClassLoader - Instrumenting class 'org.apache.hadoop.hdfs.protocol.ClientDatanodeProtocol'.
2024-11-12 13:41:20,401 INFO  EvoClassLoader - Keeping class: org.apache.hadoop.hdfs.protocol.ClientDatanodeProtocol
2024-11-12 13:41:20,401 INFO  EvoClassLoader - Seeing class for first time: org.apache.hadoop.hdfs.protocol.ReconfigurationProtocol
2024-11-12 13:41:20,401 INFO  EvoClassLoader - Instrumenting class 'org.apache.hadoop.hdfs.protocol.ReconfigurationProtocol'.
2024-11-12 13:41:20,401 INFO  EvoClassLoader - Keeping class: org.apache.hadoop.hdfs.protocol.ReconfigurationProtocol
2024-11-12 13:41:20,401 INFO  EvoClassLoader - Seeing class for first time: org.apache.hadoop.hdfs.net.Peer
2024-11-12 13:41:20,401 INFO  EvoClassLoader - Instrumenting class 'org.apache.hadoop.hdfs.net.Peer'.
2024-11-12 13:41:20,401 INFO  EvoClassLoader - Defined package (3): package org.apache.hadoop.hdfs.net, -1603378613
2024-11-12 13:41:20,401 INFO  EvoClassLoader - Keeping class: org.apache.hadoop.hdfs.net.Peer
2024-11-12 13:41:20,401 INFO  EvoClassLoader - Seeing class for first time: org.apache.hadoop.hdfs.protocol.DatanodeInfo
2024-11-12 13:41:20,401 INFO  EvoClassLoader - Instrumenting class 'org.apache.hadoop.hdfs.protocol.DatanodeInfo'.
2024-11-12 13:41:20,402 INFO  MethodCallReplacementClassAdapter - Adding mock interface to class org/apache/hadoop/hdfs/protocol/DatanodeInfo
2024-11-12 13:41:20,403 INFO  CreateClassResetClassAdapter - Found static initializer in class org/apache/hadoop/hdfs/protocol/DatanodeInfo
2024-11-12 13:41:20,403 INFO  EvoClassLoader - Seeing class for first time: org.apache.hadoop.net.Node
2024-11-12 13:41:20,403 INFO  EvoClassLoader - Instrumenting class 'org.apache.hadoop.net.Node'.
2024-11-12 13:41:20,403 INFO  EvoClassLoader - Defined package (3): package org.apache.hadoop.net, -1243656086
2024-11-12 13:41:20,403 INFO  EvoClassLoader - Keeping class: org.apache.hadoop.net.Node
2024-11-12 13:41:20,403 INFO  EvoClassLoader - Seeing class for first time: org.apache.hadoop.hdfs.protocol.DatanodeID
2024-11-12 13:41:20,403 INFO  EvoClassLoader - Instrumenting class 'org.apache.hadoop.hdfs.protocol.DatanodeID'.
2024-11-12 13:41:20,403 INFO  MethodCallReplacementClassAdapter - Adding mock interface to class org/apache/hadoop/hdfs/protocol/DatanodeID
2024-11-12 13:41:20,404 INFO  CreateClassResetClassAdapter - Found static initializer in class org/apache/hadoop/hdfs/protocol/DatanodeID
2024-11-12 13:41:20,404 INFO  EvoClassLoader - Keeping class: org.apache.hadoop.hdfs.protocol.DatanodeID
2024-11-12 13:41:20,404 INFO  EvoClassLoader - Keeping class: org.apache.hadoop.hdfs.protocol.DatanodeInfo
2024-11-12 13:41:20,404 INFO  EvoClassLoader - Seeing class for first time: org.apache.hadoop.hdfs.protocol.DatanodeInfoWithStorage
2024-11-12 13:41:20,404 INFO  EvoClassLoader - Instrumenting class 'org.apache.hadoop.hdfs.protocol.DatanodeInfoWithStorage'.
2024-11-12 13:41:20,404 INFO  MethodCallReplacementClassAdapter - Adding mock interface to class org/apache/hadoop/hdfs/protocol/DatanodeInfoWithStorage
2024-11-12 13:41:20,404 INFO  CreateClassResetClassAdapter - Creating brand-new static initializer in class org/apache/hadoop/hdfs/protocol/DatanodeInfoWithStorage
2024-11-12 13:41:20,404 INFO  EvoClassLoader - Keeping class: org.apache.hadoop.hdfs.protocol.DatanodeInfoWithStorage
2024-11-12 13:41:20,405 INFO  EvoClassLoader - Seeing class for first time: org.apache.hadoop.net.SocketInputWrapper
2024-11-12 13:41:20,405 INFO  EvoClassLoader - Instrumenting class 'org.apache.hadoop.net.SocketInputWrapper'.
2024-11-12 13:41:20,405 INFO  MethodCallReplacementClassAdapter - Adding mock interface to class org/apache/hadoop/net/SocketInputWrapper
2024-11-12 13:41:20,405 INFO  CreateClassResetClassAdapter - Creating brand-new static initializer in class org/apache/hadoop/net/SocketInputWrapper
2024-11-12 13:41:20,405 INFO  EvoClassLoader - Keeping class: org.apache.hadoop.net.SocketInputWrapper
2024-11-12 13:41:20,405 INFO  EvoClassLoader - Seeing class for first time: org.apache.hadoop.classification.InterfaceAudience$Private
2024-11-12 13:41:20,405 INFO  EvoClassLoader - Instrumenting class 'org.apache.hadoop.classification.InterfaceAudience$Private'.
2024-11-12 13:41:20,405 INFO  EvoClassLoader - Defined package (3): package org.apache.hadoop.classification, 1598700281
2024-11-12 13:41:20,406 INFO  EvoClassLoader - Keeping class: org.apache.hadoop.classification.InterfaceAudience$Private
2024-11-12 13:41:20,406 INFO  EvoClassLoader - Seeing class for first time: org.apache.hadoop.thirdparty.com.google.common.collect.UnmodifiableListIterator
2024-11-12 13:41:20,406 INFO  EvoClassLoader - Instrumenting class 'org.apache.hadoop.thirdparty.com.google.common.collect.UnmodifiableListIterator'.
2024-11-12 13:41:20,406 INFO  MethodCallReplacementClassAdapter - Adding mock interface to class org/apache/hadoop/thirdparty/com/google/common/collect/UnmodifiableListIterator
2024-11-12 13:41:20,406 INFO  CreateClassResetClassAdapter - Creating brand-new static initializer in class org/apache/hadoop/thirdparty/com/google/common/collect/UnmodifiableListIterator
2024-11-12 13:41:20,406 INFO  EvoClassLoader - Seeing class for first time: org.apache.hadoop.thirdparty.com.google.common.collect.UnmodifiableIterator
2024-11-12 13:41:20,406 INFO  EvoClassLoader - Instrumenting class 'org.apache.hadoop.thirdparty.com.google.common.collect.UnmodifiableIterator'.
2024-11-12 13:41:20,406 INFO  MethodCallReplacementClassAdapter - Adding mock interface to class org/apache/hadoop/thirdparty/com/google/common/collect/UnmodifiableIterator
2024-11-12 13:41:20,406 INFO  CreateClassResetClassAdapter - Creating brand-new static initializer in class org/apache/hadoop/thirdparty/com/google/common/collect/UnmodifiableIterator
2024-11-12 13:41:20,406 INFO  EvoClassLoader - Keeping class: org.apache.hadoop.thirdparty.com.google.common.collect.UnmodifiableIterator
2024-11-12 13:41:20,406 INFO  EvoClassLoader - Keeping class: org.apache.hadoop.thirdparty.com.google.common.collect.UnmodifiableListIterator
2024-11-12 13:41:20,406 INFO  EvoClassLoader - Seeing class for first time: org.apache.hadoop.hdfs.server.namenode.LeaseManager$Lease
2024-11-12 13:41:20,406 INFO  EvoClassLoader - Instrumenting class 'org.apache.hadoop.hdfs.server.namenode.LeaseManager$Lease'.
2024-11-12 13:41:20,406 INFO  MethodCallReplacementClassAdapter - Adding mock interface to class org/apache/hadoop/hdfs/server/namenode/LeaseManager$Lease
2024-11-12 13:41:20,406 INFO  CreateClassResetClassAdapter - Creating brand-new static initializer in class org/apache/hadoop/hdfs/server/namenode/LeaseManager$Lease
2024-11-12 13:41:20,406 INFO  EvoClassLoader - Keeping class: org.apache.hadoop.hdfs.server.namenode.LeaseManager$Lease
2024-11-12 13:41:20,407 INFO  EvoClassLoader - Seeing class for first time: org.apache.hadoop.conf.Configuration
2024-11-12 13:41:20,407 INFO  EvoClassLoader - Instrumenting class 'org.apache.hadoop.conf.Configuration'.
2024-11-12 13:41:20,407 INFO  MethodCallReplacementClassAdapter - Adding mock interface to class org/apache/hadoop/conf/Configuration
2024-11-12 13:41:20,410 INFO  CreateClassResetClassAdapter - Found static initializer in class org/apache/hadoop/conf/Configuration
2024-11-12 13:41:20,411 INFO  EvoClassLoader - Defined package (3): package org.apache.hadoop.conf, 101048823
2024-11-12 13:41:20,423 INFO  EvoClassLoader - Keeping class: org.apache.hadoop.conf.Configuration
2024-11-12 13:41:20,426 INFO  EvoClassLoader - Seeing class for first time: com.ctc.wstx.io.InputBootstrapper
2024-11-12 13:41:20,426 INFO  EvoClassLoader - Instrumenting class 'com.ctc.wstx.io.InputBootstrapper'.
2024-11-12 13:41:20,429 INFO  MethodCallReplacementClassAdapter - Adding mock interface to class com/ctc/wstx/io/InputBootstrapper
2024-11-12 13:41:20,433 INFO  CreateClassResetClassAdapter - Creating brand-new static initializer in class com/ctc/wstx/io/InputBootstrapper
2024-11-12 13:41:20,434 INFO  CreateClassResetClassAdapter - Adding bytecode for initializing field ERR_XMLDECL_KW_VERSION
2024-11-12 13:41:20,434 INFO  CreateClassResetClassAdapter - Adding bytecode for initializing field ERR_XMLDECL_KW_ENCODING
2024-11-12 13:41:20,434 INFO  CreateClassResetClassAdapter - Adding bytecode for initializing field ERR_XMLDECL_KW_STANDALONE
2024-11-12 13:41:20,434 INFO  CreateClassResetClassAdapter - Adding bytecode for initializing field ERR_XMLDECL_END_MARKER
2024-11-12 13:41:20,434 INFO  CreateClassResetClassAdapter - Adding bytecode for initializing field ERR_XMLDECL_EXP_SPACE
2024-11-12 13:41:20,434 INFO  CreateClassResetClassAdapter - Adding bytecode for initializing field ERR_XMLDECL_EXP_EQ
2024-11-12 13:41:20,434 INFO  CreateClassResetClassAdapter - Adding bytecode for initializing field ERR_XMLDECL_EXP_ATTRVAL
2024-11-12 13:41:20,434 INFO  CreateClassResetClassAdapter - Adding bytecode for initializing field CHAR_NULL
2024-11-12 13:41:20,434 INFO  CreateClassResetClassAdapter - Adding bytecode for initializing field CHAR_SPACE
2024-11-12 13:41:20,434 INFO  CreateClassResetClassAdapter - Adding bytecode for initializing field CHAR_NEL
2024-11-12 13:41:20,434 INFO  CreateClassResetClassAdapter - Adding bytecode for initializing field CHAR_CR
2024-11-12 13:41:20,434 INFO  CreateClassResetClassAdapter - Adding bytecode for initializing field CHAR_LF
2024-11-12 13:41:20,434 INFO  CreateClassResetClassAdapter - Adding bytecode for initializing field BYTE_NULL
2024-11-12 13:41:20,434 INFO  CreateClassResetClassAdapter - Adding bytecode for initializing field BYTE_CR
2024-11-12 13:41:20,434 INFO  CreateClassResetClassAdapter - Adding bytecode for initializing field BYTE_LF
2024-11-12 13:41:20,434 INFO  EvoClassLoader - Defined package (3): package com.ctc.wstx.io, 1195124395
2024-11-12 13:41:20,436 INFO  EvoClassLoader - Keeping class: com.ctc.wstx.io.InputBootstrapper
2024-11-12 13:41:20,436 INFO  EvoClassLoader - Seeing class for first time: com.ctc.wstx.io.StreamBootstrapper
2024-11-12 13:41:20,436 INFO  EvoClassLoader - Instrumenting class 'com.ctc.wstx.io.StreamBootstrapper'.
2024-11-12 13:41:20,436 INFO  MethodCallReplacementClassAdapter - Adding mock interface to class com/ctc/wstx/io/StreamBootstrapper
2024-11-12 13:41:20,438 INFO  CreateClassResetClassAdapter - Creating brand-new static initializer in class com/ctc/wstx/io/StreamBootstrapper
2024-11-12 13:41:20,438 INFO  CreateClassResetClassAdapter - Adding bytecode for initializing field MIN_BUF_SIZE
2024-11-12 13:41:20,439 INFO  EvoClassLoader - Keeping class: com.ctc.wstx.io.StreamBootstrapper
2024-11-12 13:41:20,440 INFO  EvoClassLoader - Seeing class for first time: org.apache.hadoop.fs.FileSystem
2024-11-12 13:41:20,440 INFO  EvoClassLoader - Instrumenting class 'org.apache.hadoop.fs.FileSystem'.
2024-11-12 13:41:20,440 INFO  MethodCallReplacementClassAdapter - Adding mock interface to class org/apache/hadoop/fs/FileSystem
2024-11-12 13:41:20,445 INFO  CreateClassResetClassAdapter - Found static initializer in class org/apache/hadoop/fs/FileSystem
2024-11-12 13:41:20,446 INFO  EvoClassLoader - Seeing class for first time: org.apache.hadoop.security.token.DelegationTokenIssuer
2024-11-12 13:41:20,446 INFO  EvoClassLoader - Instrumenting class 'org.apache.hadoop.security.token.DelegationTokenIssuer'.
2024-11-12 13:41:20,447 INFO  EvoClassLoader - Defined package (3): package org.apache.hadoop.security.token, -540953378
2024-11-12 13:41:20,447 INFO  EvoClassLoader - Keeping class: org.apache.hadoop.security.token.DelegationTokenIssuer
2024-11-12 13:41:20,447 INFO  EvoClassLoader - Seeing class for first time: org.apache.hadoop.fs.PathCapabilities
2024-11-12 13:41:20,447 INFO  EvoClassLoader - Instrumenting class 'org.apache.hadoop.fs.PathCapabilities'.
2024-11-12 13:41:20,447 INFO  EvoClassLoader - Keeping class: org.apache.hadoop.fs.PathCapabilities
2024-11-12 13:41:20,447 INFO  EvoClassLoader - Seeing class for first time: org.apache.hadoop.conf.Configured
2024-11-12 13:41:20,447 INFO  EvoClassLoader - Instrumenting class 'org.apache.hadoop.conf.Configured'.
2024-11-12 13:41:20,447 INFO  MethodCallReplacementClassAdapter - Adding mock interface to class org/apache/hadoop/conf/Configured
2024-11-12 13:41:20,447 INFO  CreateClassResetClassAdapter - Creating brand-new static initializer in class org/apache/hadoop/conf/Configured
2024-11-12 13:41:20,447 INFO  EvoClassLoader - Seeing class for first time: org.apache.hadoop.conf.Configurable
2024-11-12 13:41:20,447 INFO  EvoClassLoader - Instrumenting class 'org.apache.hadoop.conf.Configurable'.
2024-11-12 13:41:20,448 INFO  EvoClassLoader - Keeping class: org.apache.hadoop.conf.Configurable
2024-11-12 13:41:20,448 INFO  EvoClassLoader - Keeping class: org.apache.hadoop.conf.Configured
2024-11-12 13:41:20,448 INFO  EvoClassLoader - Keeping class: org.apache.hadoop.fs.FileSystem
2024-11-12 13:41:20,448 INFO  EvoClassLoader - Seeing class for first time: org.apache.hadoop.fs.LocalFileSystem
2024-11-12 13:41:20,448 INFO  EvoClassLoader - Instrumenting class 'org.apache.hadoop.fs.LocalFileSystem'.
2024-11-12 13:41:20,448 INFO  MethodCallReplacementClassAdapter - Adding mock interface to class org/apache/hadoop/fs/LocalFileSystem
2024-11-12 13:41:20,448 INFO  CreateClassResetClassAdapter - Found static initializer in class org/apache/hadoop/fs/LocalFileSystem
2024-11-12 13:41:20,449 INFO  EvoClassLoader - Seeing class for first time: org.apache.hadoop.fs.ChecksumFileSystem
2024-11-12 13:41:20,449 INFO  EvoClassLoader - Instrumenting class 'org.apache.hadoop.fs.ChecksumFileSystem'.
2024-11-12 13:41:20,449 INFO  MethodCallReplacementClassAdapter - Adding mock interface to class org/apache/hadoop/fs/ChecksumFileSystem
2024-11-12 13:41:20,451 INFO  CreateClassResetClassAdapter - Found static initializer in class org/apache/hadoop/fs/ChecksumFileSystem
2024-11-12 13:41:20,452 INFO  EvoClassLoader - Seeing class for first time: org.apache.hadoop.fs.FilterFileSystem
2024-11-12 13:41:20,452 INFO  EvoClassLoader - Instrumenting class 'org.apache.hadoop.fs.FilterFileSystem'.
2024-11-12 13:41:20,452 INFO  MethodCallReplacementClassAdapter - Adding mock interface to class org/apache/hadoop/fs/FilterFileSystem
2024-11-12 13:41:20,452 INFO  CreateClassResetClassAdapter - Creating brand-new static initializer in class org/apache/hadoop/fs/FilterFileSystem
2024-11-12 13:41:20,453 INFO  EvoClassLoader - Keeping class: org.apache.hadoop.fs.FilterFileSystem
2024-11-12 13:41:20,453 INFO  EvoClassLoader - Keeping class: org.apache.hadoop.fs.ChecksumFileSystem
2024-11-12 13:41:20,453 INFO  EvoClassLoader - Keeping class: org.apache.hadoop.fs.LocalFileSystem
2024-11-12 13:41:20,454 INFO  EvoClassLoader - Seeing class for first time: org.apache.hadoop.conf.Configuration$NegativeCacheSentinel
2024-11-12 13:41:20,454 INFO  EvoClassLoader - Instrumenting class 'org.apache.hadoop.conf.Configuration$NegativeCacheSentinel'.
2024-11-12 13:41:20,454 INFO  MethodCallReplacementClassAdapter - Adding mock interface to class org/apache/hadoop/conf/Configuration$NegativeCacheSentinel
2024-11-12 13:41:20,454 INFO  CreateClassResetClassAdapter - Creating brand-new static initializer in class org/apache/hadoop/conf/Configuration$NegativeCacheSentinel
2024-11-12 13:41:20,454 INFO  EvoClassLoader - Keeping class: org.apache.hadoop.conf.Configuration$NegativeCacheSentinel
2024-11-12 13:41:20,454 INFO  EvoClassLoader - Seeing class for first time: com.ctc.wstx.stax.WstxInputFactory
2024-11-12 13:41:20,454 INFO  EvoClassLoader - Instrumenting class 'com.ctc.wstx.stax.WstxInputFactory'.
2024-11-12 13:41:20,455 INFO  MethodCallReplacementClassAdapter - Adding mock interface to class com/ctc/wstx/stax/WstxInputFactory
2024-11-12 13:41:20,457 INFO  CreateClassResetClassAdapter - Found static initializer in class com/ctc/wstx/stax/WstxInputFactory
2024-11-12 13:41:20,457 INFO  EvoClassLoader - Defined package (3): package com.ctc.wstx.stax, 1758581405
2024-11-12 13:41:20,458 INFO  EvoClassLoader - Seeing class for first time: com.ctc.wstx.sr.ReaderCreator
2024-11-12 13:41:20,458 INFO  EvoClassLoader - Instrumenting class 'com.ctc.wstx.sr.ReaderCreator'.
2024-11-12 13:41:20,459 INFO  EvoClassLoader - Defined package (3): package com.ctc.wstx.sr, 1195124708
2024-11-12 13:41:20,459 INFO  EvoClassLoader - Keeping class: com.ctc.wstx.sr.ReaderCreator
2024-11-12 13:41:20,459 INFO  EvoClassLoader - Seeing class for first time: com.ctc.wstx.cfg.InputConfigFlags
2024-11-12 13:41:20,459 INFO  EvoClassLoader - Instrumenting class 'com.ctc.wstx.cfg.InputConfigFlags'.
2024-11-12 13:41:20,459 INFO  EvoClassLoader - Defined package (3): package com.ctc.wstx.cfg, -1605855361
2024-11-12 13:41:20,459 INFO  EvoClassLoader - Keeping class: com.ctc.wstx.cfg.InputConfigFlags
2024-11-12 13:41:20,460 INFO  EvoClassLoader - Seeing class for first time: org.codehaus.stax2.XMLInputFactory2
2024-11-12 13:41:20,460 INFO  EvoClassLoader - Instrumenting class 'org.codehaus.stax2.XMLInputFactory2'.
2024-11-12 13:41:20,460 INFO  MethodCallReplacementClassAdapter - Adding mock interface to class org/codehaus/stax2/XMLInputFactory2
2024-11-12 13:41:20,460 INFO  CreateClassResetClassAdapter - Creating brand-new static initializer in class org/codehaus/stax2/XMLInputFactory2
2024-11-12 13:41:20,460 INFO  CreateClassResetClassAdapter - Adding bytecode for initializing field P_REPORT_PROLOG_WHITESPACE
2024-11-12 13:41:20,460 INFO  CreateClassResetClassAdapter - Adding bytecode for initializing field P_REPORT_CDATA
2024-11-12 13:41:20,460 INFO  CreateClassResetClassAdapter - Adding bytecode for initializing field P_LAZY_PARSING
2024-11-12 13:41:20,460 INFO  CreateClassResetClassAdapter - Adding bytecode for initializing field P_INTERN_NAMES
2024-11-12 13:41:20,460 INFO  CreateClassResetClassAdapter - Adding bytecode for initializing field P_INTERN_NS_URIS
2024-11-12 13:41:20,460 INFO  CreateClassResetClassAdapter - Adding bytecode for initializing field P_PRESERVE_LOCATION
2024-11-12 13:41:20,460 INFO  CreateClassResetClassAdapter - Adding bytecode for initializing field P_AUTO_CLOSE_INPUT
2024-11-12 13:41:20,460 INFO  CreateClassResetClassAdapter - Adding bytecode for initializing field P_DTD_OVERRIDE
2024-11-12 13:41:20,460 INFO  EvoClassLoader - Defined package (3): package org.codehaus.stax2, -1889860742
2024-11-12 13:41:20,460 INFO  EvoClassLoader - Seeing class for first time: org.codehaus.stax2.XMLStreamProperties
2024-11-12 13:41:20,460 INFO  EvoClassLoader - Instrumenting class 'org.codehaus.stax2.XMLStreamProperties'.
2024-11-12 13:41:20,460 INFO  EvoClassLoader - Keeping class: org.codehaus.stax2.XMLStreamProperties
2024-11-12 13:41:20,460 INFO  EvoClassLoader - Keeping class: org.codehaus.stax2.XMLInputFactory2
2024-11-12 13:41:20,460 INFO  EvoClassLoader - Keeping class: com.ctc.wstx.stax.WstxInputFactory
2024-11-12 13:41:20,461 INFO  EvoClassLoader - Seeing class for first time: com.ctc.wstx.exc.WstxIOException
2024-11-12 13:41:20,461 INFO  EvoClassLoader - Instrumenting class 'com.ctc.wstx.exc.WstxIOException'.
2024-11-12 13:41:20,461 INFO  MethodCallReplacementClassAdapter - Adding mock interface to class com/ctc/wstx/exc/WstxIOException
2024-11-12 13:41:20,461 INFO  CreateClassResetClassAdapter - Creating brand-new static initializer in class com/ctc/wstx/exc/WstxIOException
2024-11-12 13:41:20,461 INFO  EvoClassLoader - Defined package (3): package com.ctc.wstx.exc, -1605852885
2024-11-12 13:41:20,461 INFO  EvoClassLoader - Seeing class for first time: com.ctc.wstx.exc.WstxException
2024-11-12 13:41:20,461 INFO  EvoClassLoader - Instrumenting class 'com.ctc.wstx.exc.WstxException'.
2024-11-12 13:41:20,461 INFO  MethodCallReplacementClassAdapter - Adding mock interface to class com/ctc/wstx/exc/WstxException
2024-11-12 13:41:20,461 INFO  CreateClassResetClassAdapter - Creating brand-new static initializer in class com/ctc/wstx/exc/WstxException
2024-11-12 13:41:20,461 INFO  EvoClassLoader - Keeping class: com.ctc.wstx.exc.WstxException
2024-11-12 13:41:20,461 INFO  EvoClassLoader - Keeping class: com.ctc.wstx.exc.WstxIOException
2024-11-12 13:41:20,461 INFO  EvoClassLoader - Seeing class for first time: com.ctc.wstx.io.ReaderBootstrapper
2024-11-12 13:41:20,461 INFO  EvoClassLoader - Instrumenting class 'com.ctc.wstx.io.ReaderBootstrapper'.
2024-11-12 13:41:20,462 INFO  MethodCallReplacementClassAdapter - Adding mock interface to class com/ctc/wstx/io/ReaderBootstrapper
2024-11-12 13:41:20,462 INFO  CreateClassResetClassAdapter - Creating brand-new static initializer in class com/ctc/wstx/io/ReaderBootstrapper
2024-11-12 13:41:20,462 INFO  CreateClassResetClassAdapter - Adding bytecode for initializing field CHAR_BOM_MARKER
2024-11-12 13:41:20,462 INFO  EvoClassLoader - Keeping class: com.ctc.wstx.io.ReaderBootstrapper
2024-11-12 13:41:20,462 INFO  EvoClassLoader - Seeing class for first time: org.codehaus.stax2.XMLStreamReader2
2024-11-12 13:41:20,462 INFO  EvoClassLoader - Instrumenting class 'org.codehaus.stax2.XMLStreamReader2'.
2024-11-12 13:41:20,463 INFO  EvoClassLoader - Seeing class for first time: org.codehaus.stax2.typed.TypedXMLStreamReader
2024-11-12 13:41:20,463 INFO  EvoClassLoader - Instrumenting class 'org.codehaus.stax2.typed.TypedXMLStreamReader'.
2024-11-12 13:41:20,463 INFO  EvoClassLoader - Defined package (3): package org.codehaus.stax2.typed, -1667283722
2024-11-12 13:41:20,463 INFO  EvoClassLoader - Keeping class: org.codehaus.stax2.typed.TypedXMLStreamReader
2024-11-12 13:41:20,463 INFO  EvoClassLoader - Seeing class for first time: org.codehaus.stax2.validation.Validatable
2024-11-12 13:41:20,463 INFO  EvoClassLoader - Instrumenting class 'org.codehaus.stax2.validation.Validatable'.
2024-11-12 13:41:20,463 INFO  EvoClassLoader - Defined package (3): package org.codehaus.stax2.validation, 1474122605
2024-11-12 13:41:20,463 INFO  EvoClassLoader - Keeping class: org.codehaus.stax2.validation.Validatable
2024-11-12 13:41:20,463 INFO  EvoClassLoader - Keeping class: org.codehaus.stax2.XMLStreamReader2
2024-11-12 13:41:20,463 INFO  EvoClassLoader - Seeing class for first time: org.codehaus.stax2.XMLEventReader2
2024-11-12 13:41:20,463 INFO  EvoClassLoader - Instrumenting class 'org.codehaus.stax2.XMLEventReader2'.
2024-11-12 13:41:20,464 INFO  EvoClassLoader - Keeping class: org.codehaus.stax2.XMLEventReader2
2024-11-12 13:41:20,464 INFO  EvoClassLoader - Seeing class for first time: com.ctc.wstx.util.DefaultXmlSymbolTable
2024-11-12 13:41:20,464 INFO  EvoClassLoader - Instrumenting class 'com.ctc.wstx.util.DefaultXmlSymbolTable'.
2024-11-12 13:41:20,464 INFO  MethodCallReplacementClassAdapter - Adding mock interface to class com/ctc/wstx/util/DefaultXmlSymbolTable
2024-11-12 13:41:20,465 INFO  CreateClassResetClassAdapter - Found static initializer in class com/ctc/wstx/util/DefaultXmlSymbolTable
2024-11-12 13:41:20,465 INFO  EvoClassLoader - Defined package (3): package com.ctc.wstx.util, 1758641223
2024-11-12 13:41:20,465 INFO  EvoClassLoader - Keeping class: com.ctc.wstx.util.DefaultXmlSymbolTable
2024-11-12 13:41:20,465 INFO  EvoClassLoader - Seeing class for first time: com.ctc.wstx.util.SymbolTable
2024-11-12 13:41:20,465 INFO  EvoClassLoader - Instrumenting class 'com.ctc.wstx.util.SymbolTable'.
2024-11-12 13:41:20,465 INFO  MethodCallReplacementClassAdapter - Adding mock interface to class com/ctc/wstx/util/SymbolTable
2024-11-12 13:41:20,466 INFO  CreateClassResetClassAdapter - Creating brand-new static initializer in class com/ctc/wstx/util/SymbolTable
2024-11-12 13:41:20,466 INFO  CreateClassResetClassAdapter - Adding bytecode for initializing field DEFAULT_TABLE_SIZE
2024-11-12 13:41:20,466 INFO  CreateClassResetClassAdapter - Adding bytecode for initializing field DEFAULT_FILL_FACTOR
2024-11-12 13:41:20,466 INFO  CreateClassResetClassAdapter - Adding bytecode for initializing field EMPTY_STRING
2024-11-12 13:41:20,467 INFO  EvoClassLoader - Keeping class: com.ctc.wstx.util.SymbolTable
2024-11-12 13:41:20,467 INFO  EvoClassLoader - Seeing class for first time: com.ctc.wstx.util.SymbolTable$Bucket
2024-11-12 13:41:20,467 INFO  EvoClassLoader - Instrumenting class 'com.ctc.wstx.util.SymbolTable$Bucket'.
2024-11-12 13:41:20,467 INFO  MethodCallReplacementClassAdapter - Adding mock interface to class com/ctc/wstx/util/SymbolTable$Bucket
2024-11-12 13:41:20,467 INFO  CreateClassResetClassAdapter - Creating brand-new static initializer in class com/ctc/wstx/util/SymbolTable$Bucket
2024-11-12 13:41:20,467 INFO  EvoClassLoader - Keeping class: com.ctc.wstx.util.SymbolTable$Bucket
2024-11-12 13:41:20,468 INFO  EvoClassLoader - Seeing class for first time: com.ctc.wstx.api.ReaderConfig
2024-11-12 13:41:20,468 INFO  EvoClassLoader - Instrumenting class 'com.ctc.wstx.api.ReaderConfig'.
2024-11-12 13:41:20,468 INFO  MethodCallReplacementClassAdapter - Adding mock interface to class com/ctc/wstx/api/ReaderConfig
2024-11-12 13:41:20,470 INFO  CreateClassResetClassAdapter - Found static initializer in class com/ctc/wstx/api/ReaderConfig
2024-11-12 13:41:20,470 INFO  EvoClassLoader - Defined package (3): package com.ctc.wstx.api, -1605856971
2024-11-12 13:41:20,471 INFO  EvoClassLoader - Seeing class for first time: com.ctc.wstx.api.CommonConfig
2024-11-12 13:41:20,471 INFO  EvoClassLoader - Instrumenting class 'com.ctc.wstx.api.CommonConfig'.
2024-11-12 13:41:20,471 INFO  MethodCallReplacementClassAdapter - Adding mock interface to class com/ctc/wstx/api/CommonConfig
2024-11-12 13:41:20,471 INFO  CreateClassResetClassAdapter - Found static initializer in class com/ctc/wstx/api/CommonConfig
2024-11-12 13:41:20,472 INFO  EvoClassLoader - Keeping class: com.ctc.wstx.api.CommonConfig
2024-11-12 13:41:20,472 INFO  EvoClassLoader - Keeping class: com.ctc.wstx.api.ReaderConfig
2024-11-12 13:41:20,472 INFO  EvoClassLoader - Seeing class for first time: com.ctc.wstx.api.WstxInputProperties
2024-11-12 13:41:20,472 INFO  EvoClassLoader - Instrumenting class 'com.ctc.wstx.api.WstxInputProperties'.
2024-11-12 13:41:20,473 INFO  MethodCallReplacementClassAdapter - Adding mock interface to class com/ctc/wstx/api/WstxInputProperties
2024-11-12 13:41:20,473 INFO  CreateClassResetClassAdapter - Found static initializer in class com/ctc/wstx/api/WstxInputProperties
2024-11-12 13:41:20,473 INFO  EvoClassLoader - Keeping class: com.ctc.wstx.api.WstxInputProperties
2024-11-12 13:41:20,473 INFO  EvoClassLoader - Seeing class for first time: com.ctc.wstx.api.WstxInputProperties$ParsingMode
2024-11-12 13:41:20,473 INFO  EvoClassLoader - Instrumenting class 'com.ctc.wstx.api.WstxInputProperties$ParsingMode'.
2024-11-12 13:41:20,473 INFO  MethodCallReplacementClassAdapter - Adding mock interface to class com/ctc/wstx/api/WstxInputProperties$ParsingMode
2024-11-12 13:41:20,473 INFO  CreateClassResetClassAdapter - Creating brand-new static initializer in class com/ctc/wstx/api/WstxInputProperties$ParsingMode
2024-11-12 13:41:20,473 INFO  EvoClassLoader - Keeping class: com.ctc.wstx.api.WstxInputProperties$ParsingMode
2024-11-12 13:41:20,473 INFO  EvoClassLoader - Seeing class for first time: org.apache.hadoop.conf.Configuration$DeprecationDelta
2024-11-12 13:41:20,473 INFO  EvoClassLoader - Instrumenting class 'org.apache.hadoop.conf.Configuration$DeprecationDelta'.
2024-11-12 13:41:20,473 INFO  MethodCallReplacementClassAdapter - Adding mock interface to class org/apache/hadoop/conf/Configuration$DeprecationDelta
2024-11-12 13:41:20,473 INFO  CreateClassResetClassAdapter - Creating brand-new static initializer in class org/apache/hadoop/conf/Configuration$DeprecationDelta
2024-11-12 13:41:20,473 INFO  EvoClassLoader - Keeping class: org.apache.hadoop.conf.Configuration$DeprecationDelta
2024-11-12 13:41:20,473 INFO  EvoClassLoader - Seeing class for first time: org.apache.hadoop.util.Preconditions
2024-11-12 13:41:20,473 INFO  EvoClassLoader - Instrumenting class 'org.apache.hadoop.util.Preconditions'.
2024-11-12 13:41:20,474 INFO  MethodCallReplacementClassAdapter - Adding mock interface to class org/apache/hadoop/util/Preconditions
2024-11-12 13:41:20,474 INFO  CreateClassResetClassAdapter - Found static initializer in class org/apache/hadoop/util/Preconditions
2024-11-12 13:41:20,475 INFO  EvoClassLoader - Keeping class: org.apache.hadoop.util.Preconditions
2024-11-12 13:41:20,475 INFO  EvoClassLoader - Seeing class for first time: org.apache.hadoop.conf.Configuration$DeprecationContext
2024-11-12 13:41:20,475 INFO  EvoClassLoader - Instrumenting class 'org.apache.hadoop.conf.Configuration$DeprecationContext'.
2024-11-12 13:41:20,475 INFO  MethodCallReplacementClassAdapter - Adding mock interface to class org/apache/hadoop/conf/Configuration$DeprecationContext
2024-11-12 13:41:20,475 INFO  CreateClassResetClassAdapter - Creating brand-new static initializer in class org/apache/hadoop/conf/Configuration$DeprecationContext
2024-11-12 13:41:20,475 INFO  EvoClassLoader - Keeping class: org.apache.hadoop.conf.Configuration$DeprecationContext
2024-11-12 13:41:20,475 INFO  EvoClassLoader - Seeing class for first time: org.apache.hadoop.conf.Configuration$DeprecatedKeyInfo
2024-11-12 13:41:20,475 INFO  EvoClassLoader - Instrumenting class 'org.apache.hadoop.conf.Configuration$DeprecatedKeyInfo'.
2024-11-12 13:41:20,476 INFO  MethodCallReplacementClassAdapter - Adding mock interface to class org/apache/hadoop/conf/Configuration$DeprecatedKeyInfo
2024-11-12 13:41:20,476 INFO  CreateClassResetClassAdapter - Creating brand-new static initializer in class org/apache/hadoop/conf/Configuration$DeprecatedKeyInfo
2024-11-12 13:41:20,476 INFO  EvoClassLoader - Keeping class: org.apache.hadoop.conf.Configuration$DeprecatedKeyInfo
2024-11-12 13:41:20,476 INFO  EvoClassLoader - Seeing class for first time: org.apache.commons.collections.map.UnmodifiableMap
2024-11-12 13:41:20,476 INFO  EvoClassLoader - Instrumenting class 'org.apache.commons.collections.map.UnmodifiableMap'.
2024-11-12 13:41:20,476 INFO  MethodCallReplacementClassAdapter - Adding mock interface to class org/apache/commons/collections/map/UnmodifiableMap
2024-11-12 13:41:20,476 INFO  CreateClassResetClassAdapter - Creating brand-new static initializer in class org/apache/commons/collections/map/UnmodifiableMap
2024-11-12 13:41:20,476 INFO  EvoClassLoader - Defined package (3): package org.apache.commons.collections.map, -1340437721
2024-11-12 13:41:20,476 INFO  EvoClassLoader - Seeing class for first time: org.apache.commons.collections.IterableMap
2024-11-12 13:41:20,476 INFO  EvoClassLoader - Instrumenting class 'org.apache.commons.collections.IterableMap'.
2024-11-12 13:41:20,477 INFO  EvoClassLoader - Defined package (3): package org.apache.commons.collections, -177651399
2024-11-12 13:41:20,477 INFO  EvoClassLoader - Keeping class: org.apache.commons.collections.IterableMap
2024-11-12 13:41:20,477 INFO  EvoClassLoader - Seeing class for first time: org.apache.commons.collections.Unmodifiable
2024-11-12 13:41:20,477 INFO  EvoClassLoader - Instrumenting class 'org.apache.commons.collections.Unmodifiable'.
2024-11-12 13:41:20,477 INFO  EvoClassLoader - Keeping class: org.apache.commons.collections.Unmodifiable
2024-11-12 13:41:20,477 INFO  EvoClassLoader - Seeing class for first time: org.apache.commons.collections.map.AbstractMapDecorator
2024-11-12 13:41:20,477 INFO  EvoClassLoader - Instrumenting class 'org.apache.commons.collections.map.AbstractMapDecorator'.
2024-11-12 13:41:20,477 INFO  MethodCallReplacementClassAdapter - Adding mock interface to class org/apache/commons/collections/map/AbstractMapDecorator
2024-11-12 13:41:20,477 INFO  CreateClassResetClassAdapter - Creating brand-new static initializer in class org/apache/commons/collections/map/AbstractMapDecorator
2024-11-12 13:41:20,478 INFO  EvoClassLoader - Keeping class: org.apache.commons.collections.map.AbstractMapDecorator
2024-11-12 13:41:20,478 INFO  EvoClassLoader - Keeping class: org.apache.commons.collections.map.UnmodifiableMap
2024-11-12 13:41:20,478 INFO  EvoClassLoader - Seeing class for first time: org.apache.commons.collections.MapIterator
2024-11-12 13:41:20,478 INFO  EvoClassLoader - Instrumenting class 'org.apache.commons.collections.MapIterator'.
2024-11-12 13:41:20,478 INFO  EvoClassLoader - Keeping class: org.apache.commons.collections.MapIterator
2024-11-12 13:41:20,478 INFO  EvoClassLoader - Seeing class for first time: org.apache.hadoop.thirdparty.com.google.common.collect.Iterators$ArrayItr
2024-11-12 13:41:20,478 INFO  EvoClassLoader - Instrumenting class 'org.apache.hadoop.thirdparty.com.google.common.collect.Iterators$ArrayItr'.
2024-11-12 13:41:20,479 INFO  MethodCallReplacementClassAdapter - Adding mock interface to class org/apache/hadoop/thirdparty/com/google/common/collect/Iterators$ArrayItr
2024-11-12 13:41:20,479 INFO  CreateClassResetClassAdapter - Found static initializer in class org/apache/hadoop/thirdparty/com/google/common/collect/Iterators$ArrayItr
2024-11-12 13:41:20,479 INFO  EvoClassLoader - Seeing class for first time: org.apache.hadoop.thirdparty.com.google.common.collect.AbstractIndexedListIterator
2024-11-12 13:41:20,479 INFO  EvoClassLoader - Instrumenting class 'org.apache.hadoop.thirdparty.com.google.common.collect.AbstractIndexedListIterator'.
2024-11-12 13:41:20,479 INFO  MethodCallReplacementClassAdapter - Adding mock interface to class org/apache/hadoop/thirdparty/com/google/common/collect/AbstractIndexedListIterator
2024-11-12 13:41:20,479 INFO  CreateClassResetClassAdapter - Creating brand-new static initializer in class org/apache/hadoop/thirdparty/com/google/common/collect/AbstractIndexedListIterator
2024-11-12 13:41:20,479 INFO  EvoClassLoader - Keeping class: org.apache.hadoop.thirdparty.com.google.common.collect.AbstractIndexedListIterator
2024-11-12 13:41:20,479 INFO  EvoClassLoader - Keeping class: org.apache.hadoop.thirdparty.com.google.common.collect.Iterators$ArrayItr
2024-11-12 13:41:20,479 INFO  EvoClassLoader - Seeing class for first time: org.apache.hadoop.thirdparty.com.google.common.base.Preconditions
2024-11-12 13:41:20,479 INFO  EvoClassLoader - Instrumenting class 'org.apache.hadoop.thirdparty.com.google.common.base.Preconditions'.
2024-11-12 13:41:20,480 INFO  MethodCallReplacementClassAdapter - Adding mock interface to class org/apache/hadoop/thirdparty/com/google/common/base/Preconditions
2024-11-12 13:41:20,481 INFO  CreateClassResetClassAdapter - Found static initializer in class org/apache/hadoop/thirdparty/com/google/common/base/Preconditions
2024-11-12 13:41:20,481 INFO  EvoClassLoader - Defined package (3): package org.apache.hadoop.thirdparty.com.google.common.base, -2047700664
2024-11-12 13:41:20,482 INFO  EvoClassLoader - Keeping class: org.apache.hadoop.thirdparty.com.google.common.base.Preconditions
2024-11-12 13:41:20,482 INFO  EvoClassLoader - Seeing class for first time: org.apache.hadoop.thirdparty.com.google.common.base.Java8Usage
2024-11-12 13:41:20,483 INFO  EvoClassLoader - Instrumenting class 'org.apache.hadoop.thirdparty.com.google.common.base.Java8Usage'.
2024-11-12 13:41:20,483 INFO  MethodCallReplacementClassAdapter - Adding mock interface to class org/apache/hadoop/thirdparty/com/google/common/base/Java8Usage
2024-11-12 13:41:20,483 INFO  CreateClassResetClassAdapter - Creating brand-new static initializer in class org/apache/hadoop/thirdparty/com/google/common/base/Java8Usage
2024-11-12 13:41:20,483 INFO  EvoClassLoader - Keeping class: org.apache.hadoop.thirdparty.com.google.common.base.Java8Usage
2024-11-12 13:41:20,484 INFO  EvoClassLoader - Seeing class for first time: org.apache.hadoop.fs.StorageType
2024-11-12 13:41:20,484 INFO  EvoClassLoader - Instrumenting class 'org.apache.hadoop.fs.StorageType'.
2024-11-12 13:41:20,484 INFO  MethodCallReplacementClassAdapter - Adding mock interface to class org/apache/hadoop/fs/StorageType
2024-11-12 13:41:20,484 INFO  CreateClassResetClassAdapter - Found static initializer in class org/apache/hadoop/fs/StorageType
2024-11-12 13:41:20,485 INFO  EvoClassLoader - Keeping class: org.apache.hadoop.fs.StorageType
2024-11-12 13:41:20,485 INFO  EvoClassLoader - Seeing class for first time: org.apache.hadoop.fs.InvalidPathException
2024-11-12 13:41:20,485 INFO  EvoClassLoader - Instrumenting class 'org.apache.hadoop.fs.InvalidPathException'.
2024-11-12 13:41:20,485 INFO  MethodCallReplacementClassAdapter - Adding mock interface to class org/apache/hadoop/fs/InvalidPathException
2024-11-12 13:41:20,485 INFO  CreateClassResetClassAdapter - Creating brand-new static initializer in class org/apache/hadoop/fs/InvalidPathException
2024-11-12 13:41:20,485 INFO  EvoClassLoader - Keeping class: org.apache.hadoop.fs.InvalidPathException
2024-11-12 13:41:20,485 INFO  EvoClassLoader - Seeing class for first time: org.apache.hadoop.thirdparty.com.google.common.collect.Lists$StringAsImmutableList
2024-11-12 13:41:20,485 INFO  EvoClassLoader - Instrumenting class 'org.apache.hadoop.thirdparty.com.google.common.collect.Lists$StringAsImmutableList'.
2024-11-12 13:41:20,486 INFO  MethodCallReplacementClassAdapter - Adding mock interface to class org/apache/hadoop/thirdparty/com/google/common/collect/Lists$StringAsImmutableList
2024-11-12 13:41:20,486 INFO  CreateClassResetClassAdapter - Creating brand-new static initializer in class org/apache/hadoop/thirdparty/com/google/common/collect/Lists$StringAsImmutableList
2024-11-12 13:41:20,486 INFO  EvoClassLoader - Seeing class for first time: org.apache.hadoop.thirdparty.com.google.common.collect.ImmutableList
2024-11-12 13:41:20,486 INFO  EvoClassLoader - Instrumenting class 'org.apache.hadoop.thirdparty.com.google.common.collect.ImmutableList'.
2024-11-12 13:41:20,486 INFO  MethodCallReplacementClassAdapter - Adding mock interface to class org/apache/hadoop/thirdparty/com/google/common/collect/ImmutableList
2024-11-12 13:41:20,487 INFO  CreateClassResetClassAdapter - Creating brand-new static initializer in class org/apache/hadoop/thirdparty/com/google/common/collect/ImmutableList
2024-11-12 13:41:20,487 INFO  EvoClassLoader - Seeing class for first time: org.apache.hadoop.thirdparty.com.google.common.collect.ImmutableCollection
2024-11-12 13:41:20,487 INFO  EvoClassLoader - Instrumenting class 'org.apache.hadoop.thirdparty.com.google.common.collect.ImmutableCollection'.
2024-11-12 13:41:20,488 INFO  MethodCallReplacementClassAdapter - Adding mock interface to class org/apache/hadoop/thirdparty/com/google/common/collect/ImmutableCollection
2024-11-12 13:41:20,488 INFO  CreateClassResetClassAdapter - Found static initializer in class org/apache/hadoop/thirdparty/com/google/common/collect/ImmutableCollection
2024-11-12 13:41:20,488 INFO  EvoClassLoader - Keeping class: org.apache.hadoop.thirdparty.com.google.common.collect.ImmutableCollection
2024-11-12 13:41:20,488 INFO  EvoClassLoader - Keeping class: org.apache.hadoop.thirdparty.com.google.common.collect.ImmutableList
2024-11-12 13:41:20,488 INFO  EvoClassLoader - Keeping class: org.apache.hadoop.thirdparty.com.google.common.collect.Lists$StringAsImmutableList
2024-11-12 13:41:20,488 INFO  EvoClassLoader - Seeing class for first time: org.apache.hadoop.thirdparty.com.google.common.collect.RegularImmutableAsList
2024-11-12 13:41:20,488 INFO  EvoClassLoader - Instrumenting class 'org.apache.hadoop.thirdparty.com.google.common.collect.RegularImmutableAsList'.
2024-11-12 13:41:20,488 INFO  MethodCallReplacementClassAdapter - Adding mock interface to class org/apache/hadoop/thirdparty/com/google/common/collect/RegularImmutableAsList
2024-11-12 13:41:20,488 INFO  CreateClassResetClassAdapter - Creating brand-new static initializer in class org/apache/hadoop/thirdparty/com/google/common/collect/RegularImmutableAsList
2024-11-12 13:41:20,488 INFO  EvoClassLoader - Seeing class for first time: org.apache.hadoop.thirdparty.com.google.common.collect.ImmutableAsList
2024-11-12 13:41:20,488 INFO  EvoClassLoader - Instrumenting class 'org.apache.hadoop.thirdparty.com.google.common.collect.ImmutableAsList'.
2024-11-12 13:41:20,489 INFO  MethodCallReplacementClassAdapter - Adding mock interface to class org/apache/hadoop/thirdparty/com/google/common/collect/ImmutableAsList
2024-11-12 13:41:20,489 INFO  CreateClassResetClassAdapter - Creating brand-new static initializer in class org/apache/hadoop/thirdparty/com/google/common/collect/ImmutableAsList
2024-11-12 13:41:20,489 INFO  EvoClassLoader - Keeping class: org.apache.hadoop.thirdparty.com.google.common.collect.ImmutableAsList
2024-11-12 13:41:20,489 INFO  EvoClassLoader - Keeping class: org.apache.hadoop.thirdparty.com.google.common.collect.RegularImmutableAsList
2024-11-12 13:41:20,489 INFO  EvoClassLoader - Seeing class for first time: org.apache.hadoop.thirdparty.com.google.common.collect.ImmutableList$ReverseImmutableList
2024-11-12 13:41:20,489 INFO  EvoClassLoader - Instrumenting class 'org.apache.hadoop.thirdparty.com.google.common.collect.ImmutableList$ReverseImmutableList'.
2024-11-12 13:41:20,489 INFO  MethodCallReplacementClassAdapter - Adding mock interface to class org/apache/hadoop/thirdparty/com/google/common/collect/ImmutableList$ReverseImmutableList
2024-11-12 13:41:20,489 INFO  CreateClassResetClassAdapter - Creating brand-new static initializer in class org/apache/hadoop/thirdparty/com/google/common/collect/ImmutableList$ReverseImmutableList
2024-11-12 13:41:20,489 INFO  EvoClassLoader - Keeping class: org.apache.hadoop.thirdparty.com.google.common.collect.ImmutableList$ReverseImmutableList
2024-11-12 13:41:20,489 INFO  EvoClassLoader - Seeing class for first time: org.apache.hadoop.thirdparty.com.google.common.collect.SingletonImmutableList
2024-11-12 13:41:20,489 INFO  EvoClassLoader - Instrumenting class 'org.apache.hadoop.thirdparty.com.google.common.collect.SingletonImmutableList'.
2024-11-12 13:41:20,489 INFO  MethodCallReplacementClassAdapter - Adding mock interface to class org/apache/hadoop/thirdparty/com/google/common/collect/SingletonImmutableList
2024-11-12 13:41:20,490 INFO  CreateClassResetClassAdapter - Creating brand-new static initializer in class org/apache/hadoop/thirdparty/com/google/common/collect/SingletonImmutableList
2024-11-12 13:41:20,490 INFO  EvoClassLoader - Keeping class: org.apache.hadoop.thirdparty.com.google.common.collect.SingletonImmutableList
2024-11-12 13:41:20,490 INFO  EvoClassLoader - Seeing class for first time: org.apache.hadoop.thirdparty.com.google.common.collect.ImmutableList$1
2024-11-12 13:41:20,490 INFO  EvoClassLoader - Instrumenting class 'org.apache.hadoop.thirdparty.com.google.common.collect.ImmutableList$1'.
2024-11-12 13:41:20,490 INFO  MethodCallReplacementClassAdapter - Adding mock interface to class org/apache/hadoop/thirdparty/com/google/common/collect/ImmutableList$1
2024-11-12 13:41:20,491 INFO  EvoClassLoader - Keeping class: org.apache.hadoop.thirdparty.com.google.common.collect.ImmutableList$1
2024-11-12 13:41:20,491 INFO  EvoClassLoader - Seeing class for first time: org.apache.hadoop.thirdparty.com.google.common.collect.RegularImmutableList
2024-11-12 13:41:20,491 INFO  EvoClassLoader - Instrumenting class 'org.apache.hadoop.thirdparty.com.google.common.collect.RegularImmutableList'.
2024-11-12 13:41:20,491 INFO  MethodCallReplacementClassAdapter - Adding mock interface to class org/apache/hadoop/thirdparty/com/google/common/collect/RegularImmutableList
2024-11-12 13:41:20,491 INFO  CreateClassResetClassAdapter - Found static initializer in class org/apache/hadoop/thirdparty/com/google/common/collect/RegularImmutableList
2024-11-12 13:41:20,491 INFO  EvoClassLoader - Keeping class: org.apache.hadoop.thirdparty.com.google.common.collect.RegularImmutableList
2024-11-12 13:41:20,491 INFO  EvoClassLoader - Seeing class for first time: org.apache.hadoop.thirdparty.com.google.common.collect.ImmutableList$SubList
2024-11-12 13:41:20,491 INFO  EvoClassLoader - Instrumenting class 'org.apache.hadoop.thirdparty.com.google.common.collect.ImmutableList$SubList'.
2024-11-12 13:41:20,491 INFO  MethodCallReplacementClassAdapter - Adding mock interface to class org/apache/hadoop/thirdparty/com/google/common/collect/ImmutableList$SubList
2024-11-12 13:41:20,491 INFO  CreateClassResetClassAdapter - Creating brand-new static initializer in class org/apache/hadoop/thirdparty/com/google/common/collect/ImmutableList$SubList
2024-11-12 13:41:20,491 INFO  EvoClassLoader - Keeping class: org.apache.hadoop.thirdparty.com.google.common.collect.ImmutableList$SubList
2024-11-12 13:41:20,491 INFO  EvoClassLoader - Seeing class for first time: org.apache.hadoop.classification.InterfaceStability$Stable
2024-11-12 13:41:20,491 INFO  EvoClassLoader - Instrumenting class 'org.apache.hadoop.classification.InterfaceStability$Stable'.
2024-11-12 13:41:20,492 INFO  EvoClassLoader - Keeping class: org.apache.hadoop.classification.InterfaceStability$Stable
2024-11-12 13:41:20,492 INFO  EvoClassLoader - Seeing class for first time: org.apache.hadoop.hdfs.protocol.SnapshotDiffReport$DiffReportEntry
2024-11-12 13:41:20,492 INFO  EvoClassLoader - Instrumenting class 'org.apache.hadoop.hdfs.protocol.SnapshotDiffReport$DiffReportEntry'.
2024-11-12 13:41:20,492 INFO  MethodCallReplacementClassAdapter - Adding mock interface to class org/apache/hadoop/hdfs/protocol/SnapshotDiffReport$DiffReportEntry
2024-11-12 13:41:20,492 INFO  CreateClassResetClassAdapter - Creating brand-new static initializer in class org/apache/hadoop/hdfs/protocol/SnapshotDiffReport$DiffReportEntry
2024-11-12 13:41:20,492 INFO  EvoClassLoader - Keeping class: org.apache.hadoop.hdfs.protocol.SnapshotDiffReport$DiffReportEntry
2024-11-12 13:41:20,492 INFO  EvoClassLoader - Seeing class for first time: org.apache.hadoop.thirdparty.com.google.common.base.Optional
2024-11-12 13:41:20,492 INFO  EvoClassLoader - Instrumenting class 'org.apache.hadoop.thirdparty.com.google.common.base.Optional'.
2024-11-12 13:41:20,492 INFO  MethodCallReplacementClassAdapter - Adding mock interface to class org/apache/hadoop/thirdparty/com/google/common/base/Optional
2024-11-12 13:41:20,493 INFO  CreateClassResetClassAdapter - Creating brand-new static initializer in class org/apache/hadoop/thirdparty/com/google/common/base/Optional
2024-11-12 13:41:20,493 INFO  EvoClassLoader - Keeping class: org.apache.hadoop.thirdparty.com.google.common.base.Optional
2024-11-12 13:41:20,493 INFO  EvoClassLoader - Seeing class for first time: org.apache.hadoop.thirdparty.com.google.common.base.Present
2024-11-12 13:41:20,493 INFO  EvoClassLoader - Instrumenting class 'org.apache.hadoop.thirdparty.com.google.common.base.Present'.
2024-11-12 13:41:20,493 INFO  MethodCallReplacementClassAdapter - Adding mock interface to class org/apache/hadoop/thirdparty/com/google/common/base/Present
2024-11-12 13:41:20,493 INFO  CreateClassResetClassAdapter - Creating brand-new static initializer in class org/apache/hadoop/thirdparty/com/google/common/base/Present
2024-11-12 13:41:20,493 INFO  EvoClassLoader - Keeping class: org.apache.hadoop.thirdparty.com.google.common.base.Present
2024-11-12 13:41:20,493 INFO  EvoClassLoader - Seeing class for first time: org.apache.hadoop.hdfs.util.LongBitFormat$Enum
2024-11-12 13:41:20,493 INFO  EvoClassLoader - Instrumenting class 'org.apache.hadoop.hdfs.util.LongBitFormat$Enum'.
2024-11-12 13:41:20,493 INFO  EvoClassLoader - Keeping class: org.apache.hadoop.hdfs.util.LongBitFormat$Enum
2024-11-12 13:41:20,493 INFO  EvoClassLoader - Seeing class for first time: org.apache.hadoop.hdfs.server.namenode.FSNamesystem
2024-11-12 13:41:20,493 INFO  EvoClassLoader - Instrumenting class 'org.apache.hadoop.hdfs.server.namenode.FSNamesystem'.
2024-11-12 13:41:20,496 INFO  MethodCallReplacementClassAdapter - Adding mock interface to class org/apache/hadoop/hdfs/server/namenode/FSNamesystem
2024-11-12 13:41:20,506 INFO  CreateClassResetClassAdapter - Found static initializer in class org/apache/hadoop/hdfs/server/namenode/FSNamesystem
2024-11-12 13:41:20,509 INFO  EvoClassLoader - Seeing class for first time: org.apache.hadoop.hdfs.server.namenode.Namesystem
2024-11-12 13:41:20,509 INFO  EvoClassLoader - Instrumenting class 'org.apache.hadoop.hdfs.server.namenode.Namesystem'.
2024-11-12 13:41:20,509 INFO  EvoClassLoader - Seeing class for first time: org.apache.hadoop.hdfs.util.RwLock
2024-11-12 13:41:20,509 INFO  EvoClassLoader - Instrumenting class 'org.apache.hadoop.hdfs.util.RwLock'.
2024-11-12 13:41:20,509 INFO  EvoClassLoader - Keeping class: org.apache.hadoop.hdfs.util.RwLock
2024-11-12 13:41:20,509 INFO  EvoClassLoader - Seeing class for first time: org.apache.hadoop.hdfs.server.namenode.SafeMode
2024-11-12 13:41:20,509 INFO  EvoClassLoader - Instrumenting class 'org.apache.hadoop.hdfs.server.namenode.SafeMode'.
2024-11-12 13:41:20,510 INFO  EvoClassLoader - Keeping class: org.apache.hadoop.hdfs.server.namenode.SafeMode
2024-11-12 13:41:20,510 INFO  EvoClassLoader - Keeping class: org.apache.hadoop.hdfs.server.namenode.Namesystem
2024-11-12 13:41:20,510 INFO  EvoClassLoader - Seeing class for first time: org.apache.hadoop.hdfs.server.namenode.metrics.FSNamesystemMBean
2024-11-12 13:41:20,510 INFO  EvoClassLoader - Instrumenting class 'org.apache.hadoop.hdfs.server.namenode.metrics.FSNamesystemMBean'.
2024-11-12 13:41:20,510 INFO  EvoClassLoader - Defined package (3): package org.apache.hadoop.hdfs.server.namenode.metrics, -1864648741
2024-11-12 13:41:20,510 INFO  EvoClassLoader - Keeping class: org.apache.hadoop.hdfs.server.namenode.metrics.FSNamesystemMBean
2024-11-12 13:41:20,510 INFO  EvoClassLoader - Seeing class for first time: org.apache.hadoop.hdfs.server.namenode.NameNodeMXBean
2024-11-12 13:41:20,510 INFO  EvoClassLoader - Instrumenting class 'org.apache.hadoop.hdfs.server.namenode.NameNodeMXBean'.
2024-11-12 13:41:20,510 INFO  EvoClassLoader - Keeping class: org.apache.hadoop.hdfs.server.namenode.NameNodeMXBean
2024-11-12 13:41:20,510 INFO  EvoClassLoader - Seeing class for first time: org.apache.hadoop.hdfs.server.namenode.metrics.ReplicatedBlocksMBean
2024-11-12 13:41:20,510 INFO  EvoClassLoader - Instrumenting class 'org.apache.hadoop.hdfs.server.namenode.metrics.ReplicatedBlocksMBean'.
2024-11-12 13:41:20,510 INFO  EvoClassLoader - Keeping class: org.apache.hadoop.hdfs.server.namenode.metrics.ReplicatedBlocksMBean
2024-11-12 13:41:20,510 INFO  EvoClassLoader - Seeing class for first time: org.apache.hadoop.hdfs.server.namenode.metrics.ECBlockGroupsMBean
2024-11-12 13:41:20,510 INFO  EvoClassLoader - Instrumenting class 'org.apache.hadoop.hdfs.server.namenode.metrics.ECBlockGroupsMBean'.
2024-11-12 13:41:20,510 INFO  EvoClassLoader - Keeping class: org.apache.hadoop.hdfs.server.namenode.metrics.ECBlockGroupsMBean
2024-11-12 13:41:20,511 INFO  EvoClassLoader - Keeping class: org.apache.hadoop.hdfs.server.namenode.FSNamesystem
2024-11-12 13:41:20,512 INFO  EvoClassLoader - Seeing class for first time: org.apache.hadoop.hdfs.HdfsConfiguration
2024-11-12 13:41:20,512 INFO  EvoClassLoader - Instrumenting class 'org.apache.hadoop.hdfs.HdfsConfiguration'.
2024-11-12 13:41:20,512 INFO  MethodCallReplacementClassAdapter - Adding mock interface to class org/apache/hadoop/hdfs/HdfsConfiguration
2024-11-12 13:41:20,512 INFO  CreateClassResetClassAdapter - Found static initializer in class org/apache/hadoop/hdfs/HdfsConfiguration
2024-11-12 13:41:20,512 INFO  EvoClassLoader - Keeping class: org.apache.hadoop.hdfs.HdfsConfiguration
2024-11-12 13:41:20,512 INFO  EvoClassLoader - Seeing class for first time: org.apache.hadoop.security.token.SecretManager
2024-11-12 13:41:20,512 INFO  EvoClassLoader - Instrumenting class 'org.apache.hadoop.security.token.SecretManager'.
2024-11-12 13:41:20,513 INFO  MethodCallReplacementClassAdapter - Adding mock interface to class org/apache/hadoop/security/token/SecretManager
2024-11-12 13:41:20,513 INFO  CreateClassResetClassAdapter - Found static initializer in class org/apache/hadoop/security/token/SecretManager
2024-11-12 13:41:20,513 INFO  EvoClassLoader - Keeping class: org.apache.hadoop.security.token.SecretManager
2024-11-12 13:41:20,513 INFO  EvoClassLoader - Seeing class for first time: org.apache.hadoop.hdfs.security.token.delegation.DelegationTokenSecretManager
2024-11-12 13:41:20,513 INFO  EvoClassLoader - Instrumenting class 'org.apache.hadoop.hdfs.security.token.delegation.DelegationTokenSecretManager'.
2024-11-12 13:41:20,513 INFO  MethodCallReplacementClassAdapter - Adding mock interface to class org/apache/hadoop/hdfs/security/token/delegation/DelegationTokenSecretManager
2024-11-12 13:41:20,514 INFO  CreateClassResetClassAdapter - Found static initializer in class org/apache/hadoop/hdfs/security/token/delegation/DelegationTokenSecretManager
2024-11-12 13:41:20,514 INFO  EvoClassLoader - Defined package (3): package org.apache.hadoop.hdfs.security.token.delegation, -1678507175
2024-11-12 13:41:20,514 INFO  EvoClassLoader - Seeing class for first time: org.apache.hadoop.security.token.delegation.AbstractDelegationTokenSecretManager
2024-11-12 13:41:20,514 INFO  EvoClassLoader - Instrumenting class 'org.apache.hadoop.security.token.delegation.AbstractDelegationTokenSecretManager'.
2024-11-12 13:41:20,515 INFO  MethodCallReplacementClassAdapter - Adding mock interface to class org/apache/hadoop/security/token/delegation/AbstractDelegationTokenSecretManager
2024-11-12 13:41:20,516 INFO  CreateClassResetClassAdapter - Found static initializer in class org/apache/hadoop/security/token/delegation/AbstractDelegationTokenSecretManager
2024-11-12 13:41:20,516 INFO  EvoClassLoader - Defined package (3): package org.apache.hadoop.security.token.delegation, 367001656
2024-11-12 13:41:20,517 INFO  EvoClassLoader - Keeping class: org.apache.hadoop.security.token.delegation.AbstractDelegationTokenSecretManager
2024-11-12 13:41:20,517 INFO  EvoClassLoader - Keeping class: org.apache.hadoop.hdfs.security.token.delegation.DelegationTokenSecretManager
2024-11-12 13:41:20,517 INFO  EvoClassLoader - Seeing class for first time: org.apache.hadoop.security.token.TokenIdentifier
2024-11-12 13:41:20,517 INFO  EvoClassLoader - Instrumenting class 'org.apache.hadoop.security.token.TokenIdentifier'.
2024-11-12 13:41:20,517 INFO  MethodCallReplacementClassAdapter - Adding mock interface to class org/apache/hadoop/security/token/TokenIdentifier
2024-11-12 13:41:20,517 INFO  CreateClassResetClassAdapter - Creating brand-new static initializer in class org/apache/hadoop/security/token/TokenIdentifier
2024-11-12 13:41:20,517 INFO  EvoClassLoader - Keeping class: org.apache.hadoop.security.token.TokenIdentifier
2024-11-12 13:41:20,517 INFO  EvoClassLoader - Seeing class for first time: org.apache.hadoop.hdfs.security.token.delegation.DelegationTokenIdentifier
2024-11-12 13:41:20,517 INFO  EvoClassLoader - Instrumenting class 'org.apache.hadoop.hdfs.security.token.delegation.DelegationTokenIdentifier'.
2024-11-12 13:41:20,518 INFO  MethodCallReplacementClassAdapter - Adding mock interface to class org/apache/hadoop/hdfs/security/token/delegation/DelegationTokenIdentifier
2024-11-12 13:41:20,518 INFO  CreateClassResetClassAdapter - Found static initializer in class org/apache/hadoop/hdfs/security/token/delegation/DelegationTokenIdentifier
2024-11-12 13:41:20,518 INFO  EvoClassLoader - Seeing class for first time: org.apache.hadoop.security.token.delegation.AbstractDelegationTokenIdentifier
2024-11-12 13:41:20,518 INFO  EvoClassLoader - Instrumenting class 'org.apache.hadoop.security.token.delegation.AbstractDelegationTokenIdentifier'.
2024-11-12 13:41:20,519 INFO  MethodCallReplacementClassAdapter - Adding mock interface to class org/apache/hadoop/security/token/delegation/AbstractDelegationTokenIdentifier
2024-11-12 13:41:20,521 INFO  CreateClassResetClassAdapter - Creating brand-new static initializer in class org/apache/hadoop/security/token/delegation/AbstractDelegationTokenIdentifier
2024-11-12 13:41:20,521 INFO  CreateClassResetClassAdapter - Adding bytecode for initializing field VERSION
2024-11-12 13:41:20,521 INFO  EvoClassLoader - Keeping class: org.apache.hadoop.security.token.delegation.AbstractDelegationTokenIdentifier
2024-11-12 13:41:20,521 INFO  EvoClassLoader - Keeping class: org.apache.hadoop.hdfs.security.token.delegation.DelegationTokenIdentifier
2024-11-12 13:41:20,522 INFO  EvoClassLoader - Seeing class for first time: org.apache.hadoop.ipc.StandbyException
2024-11-12 13:41:20,522 INFO  EvoClassLoader - Instrumenting class 'org.apache.hadoop.ipc.StandbyException'.
2024-11-12 13:41:20,522 INFO  MethodCallReplacementClassAdapter - Adding mock interface to class org/apache/hadoop/ipc/StandbyException
2024-11-12 13:41:20,522 INFO  CreateClassResetClassAdapter - Creating brand-new static initializer in class org/apache/hadoop/ipc/StandbyException
2024-11-12 13:41:20,522 INFO  EvoClassLoader - Defined package (3): package org.apache.hadoop.ipc, -1243660567
2024-11-12 13:41:20,522 INFO  EvoClassLoader - Keeping class: org.apache.hadoop.ipc.StandbyException
2024-11-12 13:41:20,523 INFO  EvoClassLoader - Seeing class for first time: org.apache.hadoop.hdfs.server.namenode.SafeModeException
2024-11-12 13:41:20,523 INFO  EvoClassLoader - Instrumenting class 'org.apache.hadoop.hdfs.server.namenode.SafeModeException'.
2024-11-12 13:41:20,524 INFO  MethodCallReplacementClassAdapter - Adding mock interface to class org/apache/hadoop/hdfs/server/namenode/SafeModeException
2024-11-12 13:41:20,524 INFO  CreateClassResetClassAdapter - Creating brand-new static initializer in class org/apache/hadoop/hdfs/server/namenode/SafeModeException
2024-11-12 13:41:20,524 INFO  EvoClassLoader - Keeping class: org.apache.hadoop.hdfs.server.namenode.SafeModeException
2024-11-12 13:41:20,524 INFO  EvoClassLoader - Seeing class for first time: org.apache.hadoop.ipc.RetriableException
2024-11-12 13:41:20,524 INFO  EvoClassLoader - Instrumenting class 'org.apache.hadoop.ipc.RetriableException'.
2024-11-12 13:41:20,524 INFO  MethodCallReplacementClassAdapter - Adding mock interface to class org/apache/hadoop/ipc/RetriableException
2024-11-12 13:41:20,524 INFO  CreateClassResetClassAdapter - Creating brand-new static initializer in class org/apache/hadoop/ipc/RetriableException
2024-11-12 13:41:20,524 INFO  EvoClassLoader - Keeping class: org.apache.hadoop.ipc.RetriableException
2024-11-12 13:41:20,525 INFO  EvoClassLoader - Seeing class for first time: org.apache.log4j.Appender
2024-11-12 13:41:20,525 INFO  EvoClassLoader - Instrumenting class 'org.apache.log4j.Appender'.
2024-11-12 13:41:20,525 INFO  EvoClassLoader - Keeping class: org.apache.log4j.Appender
2024-11-12 13:41:20,525 INFO  EvoClassLoader - Seeing class for first time: org.apache.hadoop.hdfs.server.namenode.AuditLogger
2024-11-12 13:41:20,525 INFO  EvoClassLoader - Instrumenting class 'org.apache.hadoop.hdfs.server.namenode.AuditLogger'.
2024-11-12 13:41:20,525 INFO  EvoClassLoader - Keeping class: org.apache.hadoop.hdfs.server.namenode.AuditLogger
2024-11-12 13:41:20,525 INFO  EvoClassLoader - Seeing class for first time: org.apache.hadoop.hdfs.server.common.StorageInfo
2024-11-12 13:41:20,525 INFO  EvoClassLoader - Instrumenting class 'org.apache.hadoop.hdfs.server.common.StorageInfo'.
2024-11-12 13:41:20,526 INFO  MethodCallReplacementClassAdapter - Adding mock interface to class org/apache/hadoop/hdfs/server/common/StorageInfo
2024-11-12 13:41:20,527 INFO  CreateClassResetClassAdapter - Creating brand-new static initializer in class org/apache/hadoop/hdfs/server/common/StorageInfo
2024-11-12 13:41:20,527 INFO  CreateClassResetClassAdapter - Adding bytecode for initializing field STORAGE_FILE_VERSION
2024-11-12 13:41:20,527 INFO  EvoClassLoader - Keeping class: org.apache.hadoop.hdfs.server.common.StorageInfo
2024-11-12 13:41:20,527 INFO  EvoClassLoader - Seeing class for first time: org.apache.hadoop.hdfs.server.namenode.NNStorage
2024-11-12 13:41:20,527 INFO  EvoClassLoader - Instrumenting class 'org.apache.hadoop.hdfs.server.namenode.NNStorage'.
2024-11-12 13:41:20,528 INFO  MethodCallReplacementClassAdapter - Adding mock interface to class org/apache/hadoop/hdfs/server/namenode/NNStorage
2024-11-12 13:41:20,530 INFO  CreateClassResetClassAdapter - Found static initializer in class org/apache/hadoop/hdfs/server/namenode/NNStorage
2024-11-12 13:41:20,531 INFO  EvoClassLoader - Seeing class for first time: org.apache.hadoop.hdfs.server.common.StorageErrorReporter
2024-11-12 13:41:20,531 INFO  EvoClassLoader - Instrumenting class 'org.apache.hadoop.hdfs.server.common.StorageErrorReporter'.
2024-11-12 13:41:20,531 INFO  EvoClassLoader - Keeping class: org.apache.hadoop.hdfs.server.common.StorageErrorReporter
2024-11-12 13:41:20,531 INFO  EvoClassLoader - Seeing class for first time: org.apache.hadoop.hdfs.server.common.Storage
2024-11-12 13:41:20,531 INFO  EvoClassLoader - Instrumenting class 'org.apache.hadoop.hdfs.server.common.Storage'.
2024-11-12 13:41:20,531 INFO  MethodCallReplacementClassAdapter - Adding mock interface to class org/apache/hadoop/hdfs/server/common/Storage
2024-11-12 13:41:20,533 INFO  CreateClassResetClassAdapter - Found static initializer in class org/apache/hadoop/hdfs/server/common/Storage
2024-11-12 13:41:20,533 INFO  EvoClassLoader - Keeping class: org.apache.hadoop.hdfs.server.common.Storage
2024-11-12 13:41:20,533 INFO  EvoClassLoader - Keeping class: org.apache.hadoop.hdfs.server.namenode.NNStorage
2024-11-12 13:41:20,533 INFO  EvoClassLoader - Seeing class for first time: org.apache.hadoop.ipc.ObserverRetryOnActiveException
2024-11-12 13:41:20,533 INFO  EvoClassLoader - Instrumenting class 'org.apache.hadoop.ipc.ObserverRetryOnActiveException'.
2024-11-12 13:41:20,534 INFO  MethodCallReplacementClassAdapter - Adding mock interface to class org/apache/hadoop/ipc/ObserverRetryOnActiveException
2024-11-12 13:41:20,534 INFO  CreateClassResetClassAdapter - Creating brand-new static initializer in class org/apache/hadoop/ipc/ObserverRetryOnActiveException
2024-11-12 13:41:20,534 INFO  EvoClassLoader - Keeping class: org.apache.hadoop.ipc.ObserverRetryOnActiveException
2024-11-12 13:41:20,534 INFO  EvoClassLoader - Seeing class for first time: org.apache.hadoop.hdfs.server.namenode.UnsupportedActionException
2024-11-12 13:41:20,534 INFO  EvoClassLoader - Instrumenting class 'org.apache.hadoop.hdfs.server.namenode.UnsupportedActionException'.
2024-11-12 13:41:20,534 INFO  MethodCallReplacementClassAdapter - Adding mock interface to class org/apache/hadoop/hdfs/server/namenode/UnsupportedActionException
2024-11-12 13:41:20,534 INFO  CreateClassResetClassAdapter - Creating brand-new static initializer in class org/apache/hadoop/hdfs/server/namenode/UnsupportedActionException
2024-11-12 13:41:20,534 INFO  EvoClassLoader - Keeping class: org.apache.hadoop.hdfs.server.namenode.UnsupportedActionException
2024-11-12 13:41:20,534 INFO  EvoClassLoader - Seeing class for first time: org.apache.hadoop.hdfs.UnknownCryptoProtocolVersionException
2024-11-12 13:41:20,534 INFO  EvoClassLoader - Instrumenting class 'org.apache.hadoop.hdfs.UnknownCryptoProtocolVersionException'.
2024-11-12 13:41:20,534 INFO  MethodCallReplacementClassAdapter - Adding mock interface to class org/apache/hadoop/hdfs/UnknownCryptoProtocolVersionException
2024-11-12 13:41:20,534 INFO  CreateClassResetClassAdapter - Creating brand-new static initializer in class org/apache/hadoop/hdfs/UnknownCryptoProtocolVersionException
2024-11-12 13:41:20,534 INFO  EvoClassLoader - Keeping class: org.apache.hadoop.hdfs.UnknownCryptoProtocolVersionException
2024-11-12 13:41:20,534 INFO  EvoClassLoader - Seeing class for first time: org.apache.hadoop.hdfs.protocol.AlreadyBeingCreatedException
2024-11-12 13:41:20,534 INFO  EvoClassLoader - Instrumenting class 'org.apache.hadoop.hdfs.protocol.AlreadyBeingCreatedException'.
2024-11-12 13:41:20,534 INFO  MethodCallReplacementClassAdapter - Adding mock interface to class org/apache/hadoop/hdfs/protocol/AlreadyBeingCreatedException
2024-11-12 13:41:20,535 INFO  CreateClassResetClassAdapter - Creating brand-new static initializer in class org/apache/hadoop/hdfs/protocol/AlreadyBeingCreatedException
2024-11-12 13:41:20,535 INFO  EvoClassLoader - Keeping class: org.apache.hadoop.hdfs.protocol.AlreadyBeingCreatedException
2024-11-12 13:41:20,535 INFO  EvoClassLoader - Seeing class for first time: org.apache.hadoop.hdfs.protocol.RecoveryInProgressException
2024-11-12 13:41:20,535 INFO  EvoClassLoader - Instrumenting class 'org.apache.hadoop.hdfs.protocol.RecoveryInProgressException'.
2024-11-12 13:41:20,535 INFO  MethodCallReplacementClassAdapter - Adding mock interface to class org/apache/hadoop/hdfs/protocol/RecoveryInProgressException
2024-11-12 13:41:20,535 INFO  CreateClassResetClassAdapter - Creating brand-new static initializer in class org/apache/hadoop/hdfs/protocol/RecoveryInProgressException
2024-11-12 13:41:20,535 INFO  EvoClassLoader - Keeping class: org.apache.hadoop.hdfs.protocol.RecoveryInProgressException
2024-11-12 13:41:20,535 INFO  EvoClassLoader - Seeing class for first time: org.apache.hadoop.hdfs.server.namenode.LeaseExpiredException
2024-11-12 13:41:20,535 INFO  EvoClassLoader - Instrumenting class 'org.apache.hadoop.hdfs.server.namenode.LeaseExpiredException'.
2024-11-12 13:41:20,535 INFO  MethodCallReplacementClassAdapter - Adding mock interface to class org/apache/hadoop/hdfs/server/namenode/LeaseExpiredException
2024-11-12 13:41:20,535 INFO  CreateClassResetClassAdapter - Creating brand-new static initializer in class org/apache/hadoop/hdfs/server/namenode/LeaseExpiredException
2024-11-12 13:41:20,535 INFO  EvoClassLoader - Keeping class: org.apache.hadoop.hdfs.server.namenode.LeaseExpiredException
2024-11-12 13:41:20,536 INFO  EvoClassLoader - Seeing class for first time: org.apache.hadoop.hdfs.protocol.RollingUpgradeStatus
2024-11-12 13:41:20,536 INFO  EvoClassLoader - Instrumenting class 'org.apache.hadoop.hdfs.protocol.RollingUpgradeStatus'.
2024-11-12 13:41:20,536 INFO  MethodCallReplacementClassAdapter - Adding mock interface to class org/apache/hadoop/hdfs/protocol/RollingUpgradeStatus
2024-11-12 13:41:20,536 INFO  CreateClassResetClassAdapter - Creating brand-new static initializer in class org/apache/hadoop/hdfs/protocol/RollingUpgradeStatus
2024-11-12 13:41:20,536 INFO  EvoClassLoader - Keeping class: org.apache.hadoop.hdfs.protocol.RollingUpgradeStatus
2024-11-12 13:41:20,536 INFO  EvoClassLoader - Seeing class for first time: org.apache.hadoop.hdfs.protocol.RollingUpgradeInfo
2024-11-12 13:41:20,536 INFO  EvoClassLoader - Instrumenting class 'org.apache.hadoop.hdfs.protocol.RollingUpgradeInfo'.
2024-11-12 13:41:20,536 INFO  MethodCallReplacementClassAdapter - Adding mock interface to class org/apache/hadoop/hdfs/protocol/RollingUpgradeInfo
2024-11-12 13:41:20,536 INFO  CreateClassResetClassAdapter - Creating brand-new static initializer in class org/apache/hadoop/hdfs/protocol/RollingUpgradeInfo
2024-11-12 13:41:20,536 INFO  EvoClassLoader - Keeping class: org.apache.hadoop.hdfs.protocol.RollingUpgradeInfo
2024-11-12 13:41:20,537 INFO  EvoClassLoader - Seeing class for first time: org.apache.hadoop.hdfs.protocol.SnapshotException
2024-11-12 13:41:20,537 INFO  EvoClassLoader - Instrumenting class 'org.apache.hadoop.hdfs.protocol.SnapshotException'.
2024-11-12 13:41:20,537 INFO  MethodCallReplacementClassAdapter - Adding mock interface to class org/apache/hadoop/hdfs/protocol/SnapshotException
2024-11-12 13:41:20,537 INFO  CreateClassResetClassAdapter - Creating brand-new static initializer in class org/apache/hadoop/hdfs/protocol/SnapshotException
2024-11-12 13:41:20,537 INFO  EvoClassLoader - Keeping class: org.apache.hadoop.hdfs.protocol.SnapshotException
2024-11-12 13:41:20,537 INFO  EvoClassLoader - Seeing class for first time: org.apache.hadoop.security.token.SecretManager$InvalidToken
2024-11-12 13:41:20,537 INFO  EvoClassLoader - Instrumenting class 'org.apache.hadoop.security.token.SecretManager$InvalidToken'.
2024-11-12 13:41:20,537 INFO  MethodCallReplacementClassAdapter - Adding mock interface to class org/apache/hadoop/security/token/SecretManager$InvalidToken
2024-11-12 13:41:20,537 INFO  CreateClassResetClassAdapter - Creating brand-new static initializer in class org/apache/hadoop/security/token/SecretManager$InvalidToken
2024-11-12 13:41:20,538 INFO  EvoClassLoader - Keeping class: org.apache.hadoop.security.token.SecretManager$InvalidToken
2024-11-12 13:41:20,538 INFO  EvoClassLoader - Seeing class for first time: org.apache.hadoop.hdfs.protocol.RollingUpgradeException
2024-11-12 13:41:20,538 INFO  EvoClassLoader - Instrumenting class 'org.apache.hadoop.hdfs.protocol.RollingUpgradeException'.
2024-11-12 13:41:20,538 INFO  MethodCallReplacementClassAdapter - Adding mock interface to class org/apache/hadoop/hdfs/protocol/RollingUpgradeException
2024-11-12 13:41:20,538 INFO  CreateClassResetClassAdapter - Creating brand-new static initializer in class org/apache/hadoop/hdfs/protocol/RollingUpgradeException
2024-11-12 13:41:20,538 INFO  EvoClassLoader - Keeping class: org.apache.hadoop.hdfs.protocol.RollingUpgradeException
2024-11-12 13:41:20,539 INFO  EvoClassLoader - Seeing class for first time: org.apache.commons.logging.impl.Log4JLogger
2024-11-12 13:41:20,539 INFO  EvoClassLoader - Instrumenting class 'org.apache.commons.logging.impl.Log4JLogger'.
2024-11-12 13:41:20,539 INFO  MethodCallReplacementClassAdapter - Adding mock interface to class org/apache/commons/logging/impl/Log4JLogger
2024-11-12 13:41:20,539 INFO  CreateClassResetClassAdapter - Found static initializer in class org/apache/commons/logging/impl/Log4JLogger
2024-11-12 13:41:20,540 INFO  EvoClassLoader - Keeping class: org.apache.commons.logging.impl.Log4JLogger
2024-11-12 13:41:20,540 INFO  EvoClassLoader - Seeing class for first time: org.apache.log4j.Category
2024-11-12 13:41:20,540 INFO  EvoClassLoader - Instrumenting class 'org.apache.log4j.Category'.
2024-11-12 13:41:20,541 INFO  MethodCallReplacementClassAdapter - Adding mock interface to class org/apache/log4j/Category
2024-11-12 13:41:20,541 INFO  CreateClassResetClassAdapter - Found static initializer in class org/apache/log4j/Category
2024-11-12 13:41:20,541 INFO  EvoClassLoader - Seeing class for first time: org.apache.log4j.spi.AppenderAttachable
2024-11-12 13:41:20,541 INFO  EvoClassLoader - Instrumenting class 'org.apache.log4j.spi.AppenderAttachable'.
2024-11-12 13:41:20,542 INFO  EvoClassLoader - Keeping class: org.apache.log4j.spi.AppenderAttachable
2024-11-12 13:41:20,542 INFO  EvoClassLoader - Keeping class: org.apache.log4j.Category
2024-11-12 13:41:20,542 INFO  EvoClassLoader - Seeing class for first time: org.apache.log4j.Logger
2024-11-12 13:41:20,542 INFO  EvoClassLoader - Instrumenting class 'org.apache.log4j.Logger'.
2024-11-12 13:41:20,542 INFO  MethodCallReplacementClassAdapter - Adding mock interface to class org/apache/log4j/Logger
2024-11-12 13:41:20,542 INFO  CreateClassResetClassAdapter - Found static initializer in class org/apache/log4j/Logger
2024-11-12 13:41:20,543 INFO  EvoClassLoader - Keeping class: org.apache.log4j.Logger
2024-11-12 13:41:20,543 INFO  EvoClassLoader - Seeing class for first time: org.apache.log4j.Priority
2024-11-12 13:41:20,543 INFO  EvoClassLoader - Instrumenting class 'org.apache.log4j.Priority'.
2024-11-12 13:41:20,543 INFO  MethodCallReplacementClassAdapter - Adding mock interface to class org/apache/log4j/Priority
2024-11-12 13:41:20,543 INFO  CreateClassResetClassAdapter - Found static initializer in class org/apache/log4j/Priority
2024-11-12 13:41:20,543 INFO  EvoClassLoader - Keeping class: org.apache.log4j.Priority
2024-11-12 13:41:20,543 INFO  EvoClassLoader - Seeing class for first time: org.apache.log4j.Level
2024-11-12 13:41:20,543 INFO  EvoClassLoader - Instrumenting class 'org.apache.log4j.Level'.
2024-11-12 13:41:20,543 INFO  MethodCallReplacementClassAdapter - Adding mock interface to class org/apache/log4j/Level
2024-11-12 13:41:20,544 INFO  CreateClassResetClassAdapter - Found static initializer in class org/apache/log4j/Level
2024-11-12 13:41:20,544 INFO  EvoClassLoader - Keeping class: org.apache.log4j.Level
2024-11-12 13:41:20,545 INFO  EvoClassLoader - Seeing class for first time: org.apache.log4j.LogManager
2024-11-12 13:41:20,545 INFO  EvoClassLoader - Instrumenting class 'org.apache.log4j.LogManager'.
2024-11-12 13:41:20,546 INFO  MethodCallReplacementClassAdapter - Adding mock interface to class org/apache/log4j/LogManager
2024-11-12 13:41:20,547 INFO  CreateClassResetClassAdapter - Found static initializer in class org/apache/log4j/LogManager
2024-11-12 13:41:20,548 INFO  EvoClassLoader - Keeping class: org.apache.log4j.LogManager
2024-11-12 13:41:20,548 INFO  EvoClassLoader - Seeing class for first time: org.apache.log4j.spi.RootLogger
2024-11-12 13:41:20,548 INFO  EvoClassLoader - Instrumenting class 'org.apache.log4j.spi.RootLogger'.
2024-11-12 13:41:20,548 INFO  MethodCallReplacementClassAdapter - Adding mock interface to class org/apache/log4j/spi/RootLogger
2024-11-12 13:41:20,548 INFO  CreateClassResetClassAdapter - Creating brand-new static initializer in class org/apache/log4j/spi/RootLogger
2024-11-12 13:41:20,548 INFO  EvoClassLoader - Keeping class: org.apache.log4j.spi.RootLogger
2024-11-12 13:41:20,548 INFO  EvoClassLoader - Seeing class for first time: org.apache.log4j.spi.LoggerRepository
2024-11-12 13:41:20,548 INFO  EvoClassLoader - Instrumenting class 'org.apache.log4j.spi.LoggerRepository'.
2024-11-12 13:41:20,549 INFO  EvoClassLoader - Keeping class: org.apache.log4j.spi.LoggerRepository
2024-11-12 13:41:20,549 INFO  EvoClassLoader - Seeing class for first time: org.apache.log4j.spi.RepositorySelector
2024-11-12 13:41:20,549 INFO  EvoClassLoader - Instrumenting class 'org.apache.log4j.spi.RepositorySelector'.
2024-11-12 13:41:20,549 INFO  EvoClassLoader - Keeping class: org.apache.log4j.spi.RepositorySelector
2024-11-12 13:41:20,550 INFO  EvoClassLoader - Seeing class for first time: org.apache.log4j.Hierarchy
2024-11-12 13:41:20,550 INFO  EvoClassLoader - Instrumenting class 'org.apache.log4j.Hierarchy'.
2024-11-12 13:41:20,550 INFO  MethodCallReplacementClassAdapter - Adding mock interface to class org/apache/log4j/Hierarchy
2024-11-12 13:41:20,551 INFO  CreateClassResetClassAdapter - Creating brand-new static initializer in class org/apache/log4j/Hierarchy
2024-11-12 13:41:20,552 INFO  EvoClassLoader - Seeing class for first time: org.apache.log4j.spi.RendererSupport
2024-11-12 13:41:20,552 INFO  EvoClassLoader - Instrumenting class 'org.apache.log4j.spi.RendererSupport'.
2024-11-12 13:41:20,552 INFO  EvoClassLoader - Keeping class: org.apache.log4j.spi.RendererSupport
2024-11-12 13:41:20,552 INFO  EvoClassLoader - Seeing class for first time: org.apache.log4j.spi.ThrowableRendererSupport
2024-11-12 13:41:20,552 INFO  EvoClassLoader - Instrumenting class 'org.apache.log4j.spi.ThrowableRendererSupport'.
2024-11-12 13:41:20,553 INFO  EvoClassLoader - Keeping class: org.apache.log4j.spi.ThrowableRendererSupport
2024-11-12 13:41:20,553 INFO  EvoClassLoader - Keeping class: org.apache.log4j.Hierarchy
2024-11-12 13:41:20,553 INFO  EvoClassLoader - Seeing class for first time: org.apache.log4j.spi.LoggerFactory
2024-11-12 13:41:20,553 INFO  EvoClassLoader - Instrumenting class 'org.apache.log4j.spi.LoggerFactory'.
2024-11-12 13:41:20,553 INFO  EvoClassLoader - Keeping class: org.apache.log4j.spi.LoggerFactory
2024-11-12 13:41:20,554 INFO  EvoClassLoader - Seeing class for first time: org.apache.log4j.or.RendererMap
2024-11-12 13:41:20,554 INFO  EvoClassLoader - Instrumenting class 'org.apache.log4j.or.RendererMap'.
2024-11-12 13:41:20,554 INFO  MethodCallReplacementClassAdapter - Adding mock interface to class org/apache/log4j/or/RendererMap
2024-11-12 13:41:20,555 INFO  CreateClassResetClassAdapter - Found static initializer in class org/apache/log4j/or/RendererMap
2024-11-12 13:41:20,555 INFO  EvoClassLoader - Keeping class: org.apache.log4j.or.RendererMap
2024-11-12 13:41:20,555 INFO  EvoClassLoader - Seeing class for first time: org.apache.log4j.or.ObjectRenderer
2024-11-12 13:41:20,555 INFO  EvoClassLoader - Instrumenting class 'org.apache.log4j.or.ObjectRenderer'.
2024-11-12 13:41:20,555 INFO  EvoClassLoader - Keeping class: org.apache.log4j.or.ObjectRenderer
2024-11-12 13:41:20,555 INFO  EvoClassLoader - Seeing class for first time: org.apache.log4j.or.DefaultRenderer
2024-11-12 13:41:20,555 INFO  EvoClassLoader - Instrumenting class 'org.apache.log4j.or.DefaultRenderer'.
2024-11-12 13:41:20,556 INFO  MethodCallReplacementClassAdapter - Adding mock interface to class org/apache/log4j/or/DefaultRenderer
2024-11-12 13:41:20,556 INFO  CreateClassResetClassAdapter - Creating brand-new static initializer in class org/apache/log4j/or/DefaultRenderer
2024-11-12 13:41:20,556 INFO  EvoClassLoader - Keeping class: org.apache.log4j.or.DefaultRenderer
2024-11-12 13:41:20,556 INFO  EvoClassLoader - Seeing class for first time: org.apache.log4j.DefaultCategoryFactory
2024-11-12 13:41:20,556 INFO  EvoClassLoader - Instrumenting class 'org.apache.log4j.DefaultCategoryFactory'.
2024-11-12 13:41:20,556 INFO  MethodCallReplacementClassAdapter - Adding mock interface to class org/apache/log4j/DefaultCategoryFactory
2024-11-12 13:41:20,556 INFO  CreateClassResetClassAdapter - Creating brand-new static initializer in class org/apache/log4j/DefaultCategoryFactory
2024-11-12 13:41:20,556 INFO  EvoClassLoader - Keeping class: org.apache.log4j.DefaultCategoryFactory
2024-11-12 13:41:20,556 INFO  EvoClassLoader - Seeing class for first time: org.apache.log4j.spi.DefaultRepositorySelector
2024-11-12 13:41:20,556 INFO  EvoClassLoader - Instrumenting class 'org.apache.log4j.spi.DefaultRepositorySelector'.
2024-11-12 13:41:20,557 INFO  MethodCallReplacementClassAdapter - Adding mock interface to class org/apache/log4j/spi/DefaultRepositorySelector
2024-11-12 13:41:20,557 INFO  CreateClassResetClassAdapter - Creating brand-new static initializer in class org/apache/log4j/spi/DefaultRepositorySelector
2024-11-12 13:41:20,557 INFO  EvoClassLoader - Keeping class: org.apache.log4j.spi.DefaultRepositorySelector
2024-11-12 13:41:20,557 INFO  EvoClassLoader - Seeing class for first time: org.apache.log4j.helpers.OptionConverter
2024-11-12 13:41:20,557 INFO  EvoClassLoader - Instrumenting class 'org.apache.log4j.helpers.OptionConverter'.
2024-11-12 13:41:20,557 INFO  MethodCallReplacementClassAdapter - Adding mock interface to class org/apache/log4j/helpers/OptionConverter
2024-11-12 13:41:20,560 INFO  CreateClassResetClassAdapter - Found static initializer in class org/apache/log4j/helpers/OptionConverter
2024-11-12 13:41:20,560 INFO  EvoClassLoader - Keeping class: org.apache.log4j.helpers.OptionConverter
2024-11-12 13:41:20,561 INFO  EvoClassLoader - Seeing class for first time: org.apache.log4j.spi.Configurator
2024-11-12 13:41:20,561 INFO  EvoClassLoader - Instrumenting class 'org.apache.log4j.spi.Configurator'.
2024-11-12 13:41:20,561 INFO  EvoClassLoader - Keeping class: org.apache.log4j.spi.Configurator
2024-11-12 13:41:20,561 INFO  EvoClassLoader - Seeing class for first time: org.apache.log4j.helpers.Loader
2024-11-12 13:41:20,561 INFO  EvoClassLoader - Instrumenting class 'org.apache.log4j.helpers.Loader'.
2024-11-12 13:41:20,562 INFO  MethodCallReplacementClassAdapter - Adding mock interface to class org/apache/log4j/helpers/Loader
2024-11-12 13:41:20,562 INFO  CreateClassResetClassAdapter - Found static initializer in class org/apache/log4j/helpers/Loader
2024-11-12 13:41:20,562 INFO  EvoClassLoader - Keeping class: org.apache.log4j.helpers.Loader
2024-11-12 13:41:20,562 INFO  EvoClassLoader - Seeing class for first time: org.apache.log4j.helpers.LogLog
2024-11-12 13:41:20,562 INFO  EvoClassLoader - Instrumenting class 'org.apache.log4j.helpers.LogLog'.
2024-11-12 13:41:20,562 INFO  MethodCallReplacementClassAdapter - Adding mock interface to class org/apache/log4j/helpers/LogLog
2024-11-12 13:41:20,563 INFO  CreateClassResetClassAdapter - Found static initializer in class org/apache/log4j/helpers/LogLog
2024-11-12 13:41:20,563 INFO  EvoClassLoader - Keeping class: org.apache.log4j.helpers.LogLog
2024-11-12 13:41:20,563 INFO  EvoClassLoader - Seeing class for first time: org.apache.log4j.PropertyConfigurator
2024-11-12 13:41:20,563 INFO  EvoClassLoader - Instrumenting class 'org.apache.log4j.PropertyConfigurator'.
2024-11-12 13:41:20,563 INFO  MethodCallReplacementClassAdapter - Adding mock interface to class org/apache/log4j/PropertyConfigurator
2024-11-12 13:41:20,564 INFO  CreateClassResetClassAdapter - Creating brand-new static initializer in class org/apache/log4j/PropertyConfigurator
2024-11-12 13:41:20,564 INFO  CreateClassResetClassAdapter - Adding bytecode for initializing field CATEGORY_PREFIX
2024-11-12 13:41:20,564 INFO  CreateClassResetClassAdapter - Adding bytecode for initializing field LOGGER_PREFIX
2024-11-12 13:41:20,564 INFO  CreateClassResetClassAdapter - Adding bytecode for initializing field FACTORY_PREFIX
2024-11-12 13:41:20,564 INFO  CreateClassResetClassAdapter - Adding bytecode for initializing field ADDITIVITY_PREFIX
2024-11-12 13:41:20,564 INFO  CreateClassResetClassAdapter - Adding bytecode for initializing field ROOT_CATEGORY_PREFIX
2024-11-12 13:41:20,564 INFO  CreateClassResetClassAdapter - Adding bytecode for initializing field ROOT_LOGGER_PREFIX
2024-11-12 13:41:20,564 INFO  CreateClassResetClassAdapter - Adding bytecode for initializing field APPENDER_PREFIX
2024-11-12 13:41:20,564 INFO  CreateClassResetClassAdapter - Adding bytecode for initializing field RENDERER_PREFIX
2024-11-12 13:41:20,564 INFO  CreateClassResetClassAdapter - Adding bytecode for initializing field THRESHOLD_PREFIX
2024-11-12 13:41:20,564 INFO  CreateClassResetClassAdapter - Adding bytecode for initializing field THROWABLE_RENDERER_PREFIX
2024-11-12 13:41:20,564 INFO  CreateClassResetClassAdapter - Adding bytecode for initializing field LOGGER_REF
2024-11-12 13:41:20,564 INFO  CreateClassResetClassAdapter - Adding bytecode for initializing field ROOT_REF
2024-11-12 13:41:20,564 INFO  CreateClassResetClassAdapter - Adding bytecode for initializing field APPENDER_REF_TAG
2024-11-12 13:41:20,564 INFO  CreateClassResetClassAdapter - Adding bytecode for initializing field LOGGER_FACTORY_KEY
2024-11-12 13:41:20,564 INFO  CreateClassResetClassAdapter - Adding bytecode for initializing field RESET_KEY
2024-11-12 13:41:20,564 INFO  CreateClassResetClassAdapter - Adding bytecode for initializing field INTERNAL_ROOT_NAME
2024-11-12 13:41:20,565 INFO  EvoClassLoader - Keeping class: org.apache.log4j.PropertyConfigurator
2024-11-12 13:41:20,566 INFO  EvoClassLoader - Seeing class for first time: org.apache.log4j.CategoryKey
2024-11-12 13:41:20,566 INFO  EvoClassLoader - Instrumenting class 'org.apache.log4j.CategoryKey'.
2024-11-12 13:41:20,566 INFO  MethodCallReplacementClassAdapter - Adding mock interface to class org/apache/log4j/CategoryKey
2024-11-12 13:41:20,566 INFO  CreateClassResetClassAdapter - Creating brand-new static initializer in class org/apache/log4j/CategoryKey
2024-11-12 13:41:20,566 INFO  EvoClassLoader - Keeping class: org.apache.log4j.CategoryKey
2024-11-12 13:41:20,566 INFO  EvoClassLoader - Seeing class for first time: org.apache.log4j.ProvisionNode
2024-11-12 13:41:20,566 INFO  EvoClassLoader - Instrumenting class 'org.apache.log4j.ProvisionNode'.
2024-11-12 13:41:20,566 INFO  MethodCallReplacementClassAdapter - Adding mock interface to class org/apache/log4j/ProvisionNode
2024-11-12 13:41:20,570 INFO  CreateClassResetClassAdapter - Creating brand-new static initializer in class org/apache/log4j/ProvisionNode
2024-11-12 13:41:20,571 INFO  EvoClassLoader - Keeping class: org.apache.log4j.ProvisionNode
2024-11-12 13:41:20,571 INFO  EvoClassLoader - Seeing class for first time: org.apache.hadoop.hdfs.server.namenode.startupprogress.Step
2024-11-12 13:41:20,571 INFO  EvoClassLoader - Instrumenting class 'org.apache.hadoop.hdfs.server.namenode.startupprogress.Step'.
2024-11-12 13:41:20,571 INFO  MethodCallReplacementClassAdapter - Adding mock interface to class org/apache/hadoop/hdfs/server/namenode/startupprogress/Step
2024-11-12 13:41:20,571 INFO  CreateClassResetClassAdapter - Found static initializer in class org/apache/hadoop/hdfs/server/namenode/startupprogress/Step
2024-11-12 13:41:20,571 INFO  EvoClassLoader - Defined package (3): package org.apache.hadoop.hdfs.server.namenode.startupprogress, -2052155710
2024-11-12 13:41:20,571 INFO  EvoClassLoader - Keeping class: org.apache.hadoop.hdfs.server.namenode.startupprogress.Step
2024-11-12 13:41:20,571 INFO  EvoClassLoader - Seeing class for first time: org.apache.hadoop.hdfs.server.namenode.startupprogress.StepType
2024-11-12 13:41:20,571 INFO  EvoClassLoader - Instrumenting class 'org.apache.hadoop.hdfs.server.namenode.startupprogress.StepType'.
2024-11-12 13:41:20,572 INFO  MethodCallReplacementClassAdapter - Adding mock interface to class org/apache/hadoop/hdfs/server/namenode/startupprogress/StepType
2024-11-12 13:41:20,572 INFO  CreateClassResetClassAdapter - Found static initializer in class org/apache/hadoop/hdfs/server/namenode/startupprogress/StepType
2024-11-12 13:41:20,572 INFO  EvoClassLoader - Keeping class: org.apache.hadoop.hdfs.server.namenode.startupprogress.StepType
2024-11-12 13:41:20,572 INFO  EvoClassLoader - Seeing class for first time: org.apache.hadoop.thirdparty.com.google.common.collect.AbstractIterator
2024-11-12 13:41:20,572 INFO  EvoClassLoader - Instrumenting class 'org.apache.hadoop.thirdparty.com.google.common.collect.AbstractIterator'.
2024-11-12 13:41:20,572 INFO  MethodCallReplacementClassAdapter - Adding mock interface to class org/apache/hadoop/thirdparty/com/google/common/collect/AbstractIterator
2024-11-12 13:41:20,572 INFO  CreateClassResetClassAdapter - Creating brand-new static initializer in class org/apache/hadoop/thirdparty/com/google/common/collect/AbstractIterator
2024-11-12 13:41:20,573 INFO  EvoClassLoader - Keeping class: org.apache.hadoop.thirdparty.com.google.common.collect.AbstractIterator
2024-11-12 13:41:20,573 INFO  EvoClassLoader - Seeing class for first time: org.apache.hadoop.hdfs.util.ReadOnlyList
2024-11-12 13:41:20,573 INFO  EvoClassLoader - Instrumenting class 'org.apache.hadoop.hdfs.util.ReadOnlyList'.
2024-11-12 13:41:20,573 INFO  EvoClassLoader - Keeping class: org.apache.hadoop.hdfs.util.ReadOnlyList
2024-11-12 13:41:20,573 INFO  EvoClassLoader - Seeing class for first time: org.apache.hadoop.hdfs.protocol.HdfsFileStatus$Flags
2024-11-12 13:41:20,573 INFO  EvoClassLoader - Instrumenting class 'org.apache.hadoop.hdfs.protocol.HdfsFileStatus$Flags'.
2024-11-12 13:41:20,573 INFO  MethodCallReplacementClassAdapter - Adding mock interface to class org/apache/hadoop/hdfs/protocol/HdfsFileStatus$Flags
2024-11-12 13:41:20,573 INFO  CreateClassResetClassAdapter - Found static initializer in class org/apache/hadoop/hdfs/protocol/HdfsFileStatus$Flags
2024-11-12 13:41:20,573 INFO  EvoClassLoader - Keeping class: org.apache.hadoop.hdfs.protocol.HdfsFileStatus$Flags
2024-11-12 13:41:20,573 INFO  EvoClassLoader - Seeing class for first time: org.apache.hadoop.hdfs.protocol.FsPermissionExtension
2024-11-12 13:41:20,573 INFO  EvoClassLoader - Instrumenting class 'org.apache.hadoop.hdfs.protocol.FsPermissionExtension'.
2024-11-12 13:41:20,573 INFO  MethodCallReplacementClassAdapter - Adding mock interface to class org/apache/hadoop/hdfs/protocol/FsPermissionExtension
2024-11-12 13:41:20,573 INFO  CreateClassResetClassAdapter - Creating brand-new static initializer in class org/apache/hadoop/hdfs/protocol/FsPermissionExtension
2024-11-12 13:41:20,573 INFO  CreateClassResetClassAdapter - Adding bytecode for initializing field ACL_BIT
2024-11-12 13:41:20,573 INFO  CreateClassResetClassAdapter - Adding bytecode for initializing field ENCRYPTED_BIT
2024-11-12 13:41:20,573 INFO  CreateClassResetClassAdapter - Adding bytecode for initializing field ERASURE_CODED_BIT
2024-11-12 13:41:20,574 INFO  EvoClassLoader - Keeping class: org.apache.hadoop.hdfs.protocol.FsPermissionExtension
2024-11-12 13:41:20,574 INFO  EvoClassLoader - Seeing class for first time: org.apache.hadoop.hdfs.server.namenode.INodeWithAdditionalFields$PermissionStatusFormat
2024-11-12 13:41:20,574 INFO  EvoClassLoader - Instrumenting class 'org.apache.hadoop.hdfs.server.namenode.INodeWithAdditionalFields$PermissionStatusFormat'.
2024-11-12 13:41:20,574 INFO  MethodCallReplacementClassAdapter - Adding mock interface to class org/apache/hadoop/hdfs/server/namenode/INodeWithAdditionalFields$PermissionStatusFormat
2024-11-12 13:41:20,574 INFO  CreateClassResetClassAdapter - Found static initializer in class org/apache/hadoop/hdfs/server/namenode/INodeWithAdditionalFields$PermissionStatusFormat
2024-11-12 13:41:20,574 INFO  EvoClassLoader - Keeping class: org.apache.hadoop.hdfs.server.namenode.INodeWithAdditionalFields$PermissionStatusFormat
2024-11-12 13:41:20,574 INFO  EvoClassLoader - Seeing class for first time: org.apache.hadoop.hdfs.util.LongBitFormat
2024-11-12 13:41:20,574 INFO  EvoClassLoader - Instrumenting class 'org.apache.hadoop.hdfs.util.LongBitFormat'.
2024-11-12 13:41:20,574 INFO  MethodCallReplacementClassAdapter - Adding mock interface to class org/apache/hadoop/hdfs/util/LongBitFormat
2024-11-12 13:41:20,575 INFO  CreateClassResetClassAdapter - Creating brand-new static initializer in class org/apache/hadoop/hdfs/util/LongBitFormat
2024-11-12 13:41:20,575 INFO  EvoClassLoader - Keeping class: org.apache.hadoop.hdfs.util.LongBitFormat
2024-11-12 13:41:20,575 INFO  EvoClassLoader - Seeing class for first time: org.apache.hadoop.thirdparty.protobuf.ByteString
2024-11-12 13:41:20,575 INFO  EvoClassLoader - Instrumenting class 'org.apache.hadoop.thirdparty.protobuf.ByteString'.
2024-11-12 13:41:20,576 INFO  MethodCallReplacementClassAdapter - Adding mock interface to class org/apache/hadoop/thirdparty/protobuf/ByteString
2024-11-12 13:41:20,576 INFO  CreateClassResetClassAdapter - Found static initializer in class org/apache/hadoop/thirdparty/protobuf/ByteString
2024-11-12 13:41:20,577 INFO  EvoClassLoader - Defined package (3): package org.apache.hadoop.thirdparty.protobuf, -1105315961
2024-11-12 13:41:20,577 INFO  EvoClassLoader - Keeping class: org.apache.hadoop.thirdparty.protobuf.ByteString
2024-11-12 13:41:20,577 INFO  EvoClassLoader - Seeing class for first time: org.apache.hadoop.thirdparty.protobuf.ByteString$LiteralByteString
2024-11-12 13:41:20,577 INFO  EvoClassLoader - Instrumenting class 'org.apache.hadoop.thirdparty.protobuf.ByteString$LiteralByteString'.
2024-11-12 13:41:20,577 INFO  MethodCallReplacementClassAdapter - Adding mock interface to class org/apache/hadoop/thirdparty/protobuf/ByteString$LiteralByteString
2024-11-12 13:41:20,578 INFO  CreateClassResetClassAdapter - Creating brand-new static initializer in class org/apache/hadoop/thirdparty/protobuf/ByteString$LiteralByteString
2024-11-12 13:41:20,578 INFO  EvoClassLoader - Seeing class for first time: org.apache.hadoop.thirdparty.protobuf.ByteString$LeafByteString
2024-11-12 13:41:20,578 INFO  EvoClassLoader - Instrumenting class 'org.apache.hadoop.thirdparty.protobuf.ByteString$LeafByteString'.
2024-11-12 13:41:20,578 INFO  MethodCallReplacementClassAdapter - Adding mock interface to class org/apache/hadoop/thirdparty/protobuf/ByteString$LeafByteString
2024-11-12 13:41:20,578 INFO  CreateClassResetClassAdapter - Creating brand-new static initializer in class org/apache/hadoop/thirdparty/protobuf/ByteString$LeafByteString
2024-11-12 13:41:20,579 INFO  EvoClassLoader - Keeping class: org.apache.hadoop.thirdparty.protobuf.ByteString$LeafByteString
2024-11-12 13:41:20,579 INFO  EvoClassLoader - Keeping class: org.apache.hadoop.thirdparty.protobuf.ByteString$LiteralByteString
2024-11-12 13:41:20,579 INFO  EvoClassLoader - Seeing class for first time: org.apache.hadoop.thirdparty.protobuf.ByteString$ByteArrayCopier
2024-11-12 13:41:20,579 INFO  EvoClassLoader - Instrumenting class 'org.apache.hadoop.thirdparty.protobuf.ByteString$ByteArrayCopier'.
2024-11-12 13:41:20,579 INFO  EvoClassLoader - Keeping class: org.apache.hadoop.thirdparty.protobuf.ByteString$ByteArrayCopier
2024-11-12 13:41:20,579 INFO  EvoClassLoader - Seeing class for first time: org.apache.hadoop.thirdparty.protobuf.ByteString$ByteIterator
2024-11-12 13:41:20,579 INFO  EvoClassLoader - Instrumenting class 'org.apache.hadoop.thirdparty.protobuf.ByteString$ByteIterator'.
2024-11-12 13:41:20,579 INFO  EvoClassLoader - Keeping class: org.apache.hadoop.thirdparty.protobuf.ByteString$ByteIterator
2024-11-12 13:41:20,579 INFO  EvoClassLoader - Seeing class for first time: org.apache.hadoop.thirdparty.protobuf.NioByteString
2024-11-12 13:41:20,579 INFO  EvoClassLoader - Instrumenting class 'org.apache.hadoop.thirdparty.protobuf.NioByteString'.
2024-11-12 13:41:20,579 INFO  MethodCallReplacementClassAdapter - Adding mock interface to class org/apache/hadoop/thirdparty/protobuf/NioByteString
2024-11-12 13:41:20,580 INFO  CreateClassResetClassAdapter - Creating brand-new static initializer in class org/apache/hadoop/thirdparty/protobuf/NioByteString
2024-11-12 13:41:20,580 INFO  EvoClassLoader - Keeping class: org.apache.hadoop.thirdparty.protobuf.NioByteString
2024-11-12 13:41:20,580 INFO  EvoClassLoader - Seeing class for first time: org.apache.hadoop.thirdparty.protobuf.ByteString$BoundedByteString
2024-11-12 13:41:20,580 INFO  EvoClassLoader - Instrumenting class 'org.apache.hadoop.thirdparty.protobuf.ByteString$BoundedByteString'.
2024-11-12 13:41:20,580 INFO  MethodCallReplacementClassAdapter - Adding mock interface to class org/apache/hadoop/thirdparty/protobuf/ByteString$BoundedByteString
2024-11-12 13:41:20,580 INFO  CreateClassResetClassAdapter - Creating brand-new static initializer in class org/apache/hadoop/thirdparty/protobuf/ByteString$BoundedByteString
2024-11-12 13:41:20,580 INFO  EvoClassLoader - Keeping class: org.apache.hadoop.thirdparty.protobuf.ByteString$BoundedByteString
2024-11-12 13:41:20,581 INFO  EvoClassLoader - Seeing class for first time: org.apache.hadoop.thirdparty.protobuf.Internal
2024-11-12 13:41:20,581 INFO  EvoClassLoader - Instrumenting class 'org.apache.hadoop.thirdparty.protobuf.Internal'.
2024-11-12 13:41:20,581 INFO  MethodCallReplacementClassAdapter - Adding mock interface to class org/apache/hadoop/thirdparty/protobuf/Internal
2024-11-12 13:41:20,581 INFO  CreateClassResetClassAdapter - Found static initializer in class org/apache/hadoop/thirdparty/protobuf/Internal
2024-11-12 13:41:20,582 INFO  EvoClassLoader - Keeping class: org.apache.hadoop.thirdparty.protobuf.Internal
2024-11-12 13:41:20,582 INFO  EvoClassLoader - Seeing class for first time: org.apache.hadoop.thirdparty.protobuf.CodedInputStream
2024-11-12 13:41:20,582 INFO  EvoClassLoader - Instrumenting class 'org.apache.hadoop.thirdparty.protobuf.CodedInputStream'.
2024-11-12 13:41:20,582 INFO  MethodCallReplacementClassAdapter - Adding mock interface to class org/apache/hadoop/thirdparty/protobuf/CodedInputStream
2024-11-12 13:41:20,583 INFO  CreateClassResetClassAdapter - Creating brand-new static initializer in class org/apache/hadoop/thirdparty/protobuf/CodedInputStream
2024-11-12 13:41:20,583 INFO  CreateClassResetClassAdapter - Adding bytecode for initializing field DEFAULT_BUFFER_SIZE
2024-11-12 13:41:20,583 INFO  CreateClassResetClassAdapter - Adding bytecode for initializing field DEFAULT_RECURSION_LIMIT
2024-11-12 13:41:20,583 INFO  CreateClassResetClassAdapter - Adding bytecode for initializing field DEFAULT_SIZE_LIMIT
2024-11-12 13:41:20,583 INFO  EvoClassLoader - Keeping class: org.apache.hadoop.thirdparty.protobuf.CodedInputStream
2024-11-12 13:41:20,583 INFO  EvoClassLoader - Seeing class for first time: org.apache.hadoop.thirdparty.protobuf.CodedInputStream$IterableDirectByteBufferDecoder
2024-11-12 13:41:20,583 INFO  EvoClassLoader - Instrumenting class 'org.apache.hadoop.thirdparty.protobuf.CodedInputStream$IterableDirectByteBufferDecoder'.
2024-11-12 13:41:20,584 INFO  MethodCallReplacementClassAdapter - Adding mock interface to class org/apache/hadoop/thirdparty/protobuf/CodedInputStream$IterableDirectByteBufferDecoder
2024-11-12 13:41:20,585 INFO  CreateClassResetClassAdapter - Creating brand-new static initializer in class org/apache/hadoop/thirdparty/protobuf/CodedInputStream$IterableDirectByteBufferDecoder
2024-11-12 13:41:20,585 INFO  EvoClassLoader - Keeping class: org.apache.hadoop.thirdparty.protobuf.CodedInputStream$IterableDirectByteBufferDecoder
2024-11-12 13:41:20,585 INFO  EvoClassLoader - Seeing class for first time: org.apache.hadoop.thirdparty.protobuf.IterableByteBufferInputStream
2024-11-12 13:41:20,585 INFO  EvoClassLoader - Instrumenting class 'org.apache.hadoop.thirdparty.protobuf.IterableByteBufferInputStream'.
2024-11-12 13:41:20,585 INFO  MethodCallReplacementClassAdapter - Adding mock interface to class org/apache/hadoop/thirdparty/protobuf/IterableByteBufferInputStream
2024-11-12 13:41:20,585 INFO  CreateClassResetClassAdapter - Creating brand-new static initializer in class org/apache/hadoop/thirdparty/protobuf/IterableByteBufferInputStream
2024-11-12 13:41:20,585 INFO  EvoClassLoader - Keeping class: org.apache.hadoop.thirdparty.protobuf.IterableByteBufferInputStream
2024-11-12 13:41:20,586 INFO  EvoClassLoader - Seeing class for first time: org.apache.hadoop.thirdparty.protobuf.CodedInputStream$StreamDecoder
2024-11-12 13:41:20,586 INFO  EvoClassLoader - Instrumenting class 'org.apache.hadoop.thirdparty.protobuf.CodedInputStream$StreamDecoder'.
2024-11-12 13:41:20,586 INFO  MethodCallReplacementClassAdapter - Adding mock interface to class org/apache/hadoop/thirdparty/protobuf/CodedInputStream$StreamDecoder
2024-11-12 13:41:20,587 INFO  CreateClassResetClassAdapter - Creating brand-new static initializer in class org/apache/hadoop/thirdparty/protobuf/CodedInputStream$StreamDecoder
2024-11-12 13:41:20,587 INFO  EvoClassLoader - Keeping class: org.apache.hadoop.thirdparty.protobuf.CodedInputStream$StreamDecoder
2024-11-12 13:41:20,587 INFO  EvoClassLoader - Seeing class for first time: org.apache.hadoop.thirdparty.protobuf.InvalidProtocolBufferException
2024-11-12 13:41:20,587 INFO  EvoClassLoader - Instrumenting class 'org.apache.hadoop.thirdparty.protobuf.InvalidProtocolBufferException'.
2024-11-12 13:41:20,588 INFO  MethodCallReplacementClassAdapter - Adding mock interface to class org/apache/hadoop/thirdparty/protobuf/InvalidProtocolBufferException
2024-11-12 13:41:20,588 INFO  CreateClassResetClassAdapter - Creating brand-new static initializer in class org/apache/hadoop/thirdparty/protobuf/InvalidProtocolBufferException
2024-11-12 13:41:20,588 INFO  EvoClassLoader - Keeping class: org.apache.hadoop.thirdparty.protobuf.InvalidProtocolBufferException
2024-11-12 13:41:20,588 INFO  EvoClassLoader - Seeing class for first time: org.apache.hadoop.thirdparty.protobuf.CodedInputStream$ArrayDecoder
2024-11-12 13:41:20,588 INFO  EvoClassLoader - Instrumenting class 'org.apache.hadoop.thirdparty.protobuf.CodedInputStream$ArrayDecoder'.
2024-11-12 13:41:20,588 INFO  MethodCallReplacementClassAdapter - Adding mock interface to class org/apache/hadoop/thirdparty/protobuf/CodedInputStream$ArrayDecoder
2024-11-12 13:41:20,589 INFO  CreateClassResetClassAdapter - Creating brand-new static initializer in class org/apache/hadoop/thirdparty/protobuf/CodedInputStream$ArrayDecoder
2024-11-12 13:41:20,589 INFO  EvoClassLoader - Keeping class: org.apache.hadoop.thirdparty.protobuf.CodedInputStream$ArrayDecoder
2024-11-12 13:41:20,589 INFO  EvoClassLoader - Seeing class for first time: org.apache.hadoop.thirdparty.protobuf.CodedInputStream$UnsafeDirectNioDecoder
2024-11-12 13:41:20,589 INFO  EvoClassLoader - Instrumenting class 'org.apache.hadoop.thirdparty.protobuf.CodedInputStream$UnsafeDirectNioDecoder'.
2024-11-12 13:41:20,589 INFO  MethodCallReplacementClassAdapter - Adding mock interface to class org/apache/hadoop/thirdparty/protobuf/CodedInputStream$UnsafeDirectNioDecoder
2024-11-12 13:41:20,590 INFO  CreateClassResetClassAdapter - Creating brand-new static initializer in class org/apache/hadoop/thirdparty/protobuf/CodedInputStream$UnsafeDirectNioDecoder
2024-11-12 13:41:20,591 INFO  EvoClassLoader - Keeping class: org.apache.hadoop.thirdparty.protobuf.CodedInputStream$UnsafeDirectNioDecoder
2024-11-12 13:41:20,591 INFO  EvoClassLoader - Seeing class for first time: org.apache.hadoop.thirdparty.protobuf.InvalidProtocolBufferException$InvalidWireTypeException
2024-11-12 13:41:20,591 INFO  EvoClassLoader - Instrumenting class 'org.apache.hadoop.thirdparty.protobuf.InvalidProtocolBufferException$InvalidWireTypeException'.
2024-11-12 13:41:20,592 INFO  MethodCallReplacementClassAdapter - Adding mock interface to class org/apache/hadoop/thirdparty/protobuf/InvalidProtocolBufferException$InvalidWireTypeException
2024-11-12 13:41:20,592 INFO  CreateClassResetClassAdapter - Creating brand-new static initializer in class org/apache/hadoop/thirdparty/protobuf/InvalidProtocolBufferException$InvalidWireTypeException
2024-11-12 13:41:20,592 INFO  EvoClassLoader - Keeping class: org.apache.hadoop.thirdparty.protobuf.InvalidProtocolBufferException$InvalidWireTypeException
2024-11-12 13:41:20,592 INFO  EvoClassLoader - Seeing class for first time: org.apache.hadoop.thirdparty.protobuf.Android
2024-11-12 13:41:20,592 INFO  EvoClassLoader - Instrumenting class 'org.apache.hadoop.thirdparty.protobuf.Android'.
2024-11-12 13:41:20,592 INFO  MethodCallReplacementClassAdapter - Adding mock interface to class org/apache/hadoop/thirdparty/protobuf/Android
2024-11-12 13:41:20,592 INFO  CreateClassResetClassAdapter - Found static initializer in class org/apache/hadoop/thirdparty/protobuf/Android
2024-11-12 13:41:20,592 INFO  EvoClassLoader - Keeping class: org.apache.hadoop.thirdparty.protobuf.Android
2024-11-12 13:41:20,593 INFO  EvoClassLoader - Seeing class for first time: libcore.io.Memory
2024-11-12 13:41:20,593 INFO  EvoClassLoader - Instrumenting class 'libcore.io.Memory'.
2024-11-12 13:41:20,593 INFO  EvoClassLoader - Error while loading class: java.lang.ClassNotFoundException: Class 'libcore/io/Memory.class' should be in target project, but could not be found!
2024-11-12 13:41:20,593 INFO  EvoClassLoader - Seeing class for first time: org.robolectric.Robolectric
2024-11-12 13:41:20,593 INFO  EvoClassLoader - Instrumenting class 'org.robolectric.Robolectric'.
2024-11-12 13:41:20,593 INFO  EvoClassLoader - Error while loading class: java.lang.ClassNotFoundException: Class 'org/robolectric/Robolectric.class' should be in target project, but could not be found!
2024-11-12 13:41:20,593 INFO  EvoClassLoader - Seeing class for first time: org.apache.hadoop.thirdparty.protobuf.ByteString$ArraysByteArrayCopier
2024-11-12 13:41:20,593 INFO  EvoClassLoader - Instrumenting class 'org.apache.hadoop.thirdparty.protobuf.ByteString$ArraysByteArrayCopier'.
2024-11-12 13:41:20,593 INFO  MethodCallReplacementClassAdapter - Adding mock interface to class org/apache/hadoop/thirdparty/protobuf/ByteString$ArraysByteArrayCopier
2024-11-12 13:41:20,593 INFO  CreateClassResetClassAdapter - Creating brand-new static initializer in class org/apache/hadoop/thirdparty/protobuf/ByteString$ArraysByteArrayCopier
2024-11-12 13:41:20,593 INFO  EvoClassLoader - Keeping class: org.apache.hadoop.thirdparty.protobuf.ByteString$ArraysByteArrayCopier
2024-11-12 13:41:20,593 INFO  EvoClassLoader - Seeing class for first time: org.apache.hadoop.thirdparty.protobuf.ByteString$2
2024-11-12 13:41:20,593 INFO  EvoClassLoader - Instrumenting class 'org.apache.hadoop.thirdparty.protobuf.ByteString$2'.
2024-11-12 13:41:20,593 INFO  MethodCallReplacementClassAdapter - Adding mock interface to class org/apache/hadoop/thirdparty/protobuf/ByteString$2
2024-11-12 13:41:20,594 INFO  EvoClassLoader - Keeping class: org.apache.hadoop.thirdparty.protobuf.ByteString$2
2024-11-12 13:41:20,594 INFO  EvoClassLoader - Seeing class for first time: org.apache.hadoop.util.ChunkedArrayList$1
2024-11-12 13:41:20,594 INFO  EvoClassLoader - Instrumenting class 'org.apache.hadoop.util.ChunkedArrayList$1'.
2024-11-12 13:41:20,594 INFO  MethodCallReplacementClassAdapter - Adding mock interface to class org/apache/hadoop/util/ChunkedArrayList$1
2024-11-12 13:41:20,595 INFO  EvoClassLoader - Keeping class: org.apache.hadoop.util.ChunkedArrayList$1
2024-11-12 13:41:20,595 INFO  EvoClassLoader - Seeing class for first time: org.apache.hadoop.fs.BatchedRemoteIterator
2024-11-12 13:41:20,595 INFO  EvoClassLoader - Instrumenting class 'org.apache.hadoop.fs.BatchedRemoteIterator'.
2024-11-12 13:41:20,595 INFO  MethodCallReplacementClassAdapter - Adding mock interface to class org/apache/hadoop/fs/BatchedRemoteIterator
2024-11-12 13:41:20,595 INFO  CreateClassResetClassAdapter - Creating brand-new static initializer in class org/apache/hadoop/fs/BatchedRemoteIterator
2024-11-12 13:41:20,595 INFO  EvoClassLoader - Seeing class for first time: org.apache.hadoop.fs.RemoteIterator
2024-11-12 13:41:20,595 INFO  EvoClassLoader - Instrumenting class 'org.apache.hadoop.fs.RemoteIterator'.
2024-11-12 13:41:20,595 INFO  EvoClassLoader - Keeping class: org.apache.hadoop.fs.RemoteIterator
2024-11-12 13:41:20,596 INFO  EvoClassLoader - Keeping class: org.apache.hadoop.fs.BatchedRemoteIterator
2024-11-12 13:41:20,596 INFO  EvoClassLoader - Seeing class for first time: org.apache.hadoop.hdfs.server.namenode.LeaseManager
2024-11-12 13:41:20,596 INFO  EvoClassLoader - Instrumenting class 'org.apache.hadoop.hdfs.server.namenode.LeaseManager'.
2024-11-12 13:41:20,596 INFO  MethodCallReplacementClassAdapter - Adding mock interface to class org/apache/hadoop/hdfs/server/namenode/LeaseManager
2024-11-12 13:41:20,598 INFO  CreateClassResetClassAdapter - Found static initializer in class org/apache/hadoop/hdfs/server/namenode/LeaseManager
2024-11-12 13:41:20,599 INFO  EvoClassLoader - Keeping class: org.apache.hadoop.hdfs.server.namenode.LeaseManager
2024-11-12 13:41:20,600 INFO  EvoClassLoader - Seeing class for first time: org.apache.hadoop.hdfs.server.namenode.AclEntryStatusFormat
2024-11-12 13:41:20,600 INFO  EvoClassLoader - Instrumenting class 'org.apache.hadoop.hdfs.server.namenode.AclEntryStatusFormat'.
2024-11-12 13:41:20,600 INFO  MethodCallReplacementClassAdapter - Adding mock interface to class org/apache/hadoop/hdfs/server/namenode/AclEntryStatusFormat
2024-11-12 13:41:20,600 INFO  CreateClassResetClassAdapter - Found static initializer in class org/apache/hadoop/hdfs/server/namenode/AclEntryStatusFormat
2024-11-12 13:41:20,601 INFO  EvoClassLoader - Keeping class: org.apache.hadoop.hdfs.server.namenode.AclEntryStatusFormat
2024-11-12 13:41:20,601 INFO  EvoClassLoader - Seeing class for first time: org.apache.hadoop.fs.permission.AclEntryType
2024-11-12 13:41:20,601 INFO  EvoClassLoader - Instrumenting class 'org.apache.hadoop.fs.permission.AclEntryType'.
2024-11-12 13:41:20,601 INFO  MethodCallReplacementClassAdapter - Adding mock interface to class org/apache/hadoop/fs/permission/AclEntryType
2024-11-12 13:41:20,601 INFO  CreateClassResetClassAdapter - Found static initializer in class org/apache/hadoop/fs/permission/AclEntryType
2024-11-12 13:41:20,601 INFO  EvoClassLoader - Keeping class: org.apache.hadoop.fs.permission.AclEntryType
2024-11-12 13:41:20,602 INFO  EvoClassLoader - Seeing class for first time: org.apache.hadoop.hdfs.util.Diff$Container
2024-11-12 13:41:20,602 INFO  EvoClassLoader - Instrumenting class 'org.apache.hadoop.hdfs.util.Diff$Container'.
2024-11-12 13:41:20,602 INFO  MethodCallReplacementClassAdapter - Adding mock interface to class org/apache/hadoop/hdfs/util/Diff$Container
2024-11-12 13:41:20,602 INFO  CreateClassResetClassAdapter - Creating brand-new static initializer in class org/apache/hadoop/hdfs/util/Diff$Container
2024-11-12 13:41:20,603 INFO  EvoClassLoader - Keeping class: org.apache.hadoop.hdfs.util.Diff$Container
2024-11-12 13:41:20,603 INFO  EvoClassLoader - Seeing class for first time: org.apache.hadoop.hdfs.util.ReferenceCountMap$ReferenceCounter
2024-11-12 13:41:20,603 INFO  EvoClassLoader - Instrumenting class 'org.apache.hadoop.hdfs.util.ReferenceCountMap$ReferenceCounter'.
2024-11-12 13:41:20,603 INFO  EvoClassLoader - Keeping class: org.apache.hadoop.hdfs.util.ReferenceCountMap$ReferenceCounter
2024-11-12 13:41:20,603 INFO  EvoClassLoader - Seeing class for first time: org.apache.hadoop.hdfs.protocol.Block$1
2024-11-12 13:41:20,603 INFO  EvoClassLoader - Instrumenting class 'org.apache.hadoop.hdfs.protocol.Block$1'.
2024-11-12 13:41:20,603 INFO  MethodCallReplacementClassAdapter - Adding mock interface to class org/apache/hadoop/hdfs/protocol/Block$1
2024-11-12 13:41:20,604 INFO  EvoClassLoader - Keeping class: org.apache.hadoop.hdfs.protocol.Block$1
2024-11-12 13:41:20,604 INFO  EvoClassLoader - Seeing class for first time: org.apache.hadoop.thirdparty.com.google.common.collect.Lists$RandomAccessPartition
2024-11-12 13:41:20,604 INFO  EvoClassLoader - Instrumenting class 'org.apache.hadoop.thirdparty.com.google.common.collect.Lists$RandomAccessPartition'.
2024-11-12 13:41:20,604 INFO  MethodCallReplacementClassAdapter - Adding mock interface to class org/apache/hadoop/thirdparty/com/google/common/collect/Lists$RandomAccessPartition
2024-11-12 13:41:20,604 INFO  CreateClassResetClassAdapter - Creating brand-new static initializer in class org/apache/hadoop/thirdparty/com/google/common/collect/Lists$RandomAccessPartition
2024-11-12 13:41:20,604 INFO  EvoClassLoader - Seeing class for first time: org.apache.hadoop.thirdparty.com.google.common.collect.Lists$Partition
2024-11-12 13:41:20,604 INFO  EvoClassLoader - Instrumenting class 'org.apache.hadoop.thirdparty.com.google.common.collect.Lists$Partition'.
2024-11-12 13:41:20,604 INFO  MethodCallReplacementClassAdapter - Adding mock interface to class org/apache/hadoop/thirdparty/com/google/common/collect/Lists$Partition
2024-11-12 13:41:20,604 INFO  CreateClassResetClassAdapter - Creating brand-new static initializer in class org/apache/hadoop/thirdparty/com/google/common/collect/Lists$Partition
2024-11-12 13:41:20,604 INFO  EvoClassLoader - Keeping class: org.apache.hadoop.thirdparty.com.google.common.collect.Lists$Partition
2024-11-12 13:41:20,604 INFO  EvoClassLoader - Keeping class: org.apache.hadoop.thirdparty.com.google.common.collect.Lists$RandomAccessPartition
2024-11-12 13:41:20,604 INFO  EvoClassLoader - Seeing class for first time: org.apache.hadoop.hdfs.server.namenode.FSDirectory
2024-11-12 13:41:20,604 INFO  EvoClassLoader - Instrumenting class 'org.apache.hadoop.hdfs.server.namenode.FSDirectory'.
2024-11-12 13:41:20,605 INFO  MethodCallReplacementClassAdapter - Adding mock interface to class org/apache/hadoop/hdfs/server/namenode/FSDirectory
2024-11-12 13:41:20,609 INFO  CreateClassResetClassAdapter - Found static initializer in class org/apache/hadoop/hdfs/server/namenode/FSDirectory
2024-11-12 13:41:20,610 INFO  EvoClassLoader - Keeping class: org.apache.hadoop.hdfs.server.namenode.FSDirectory
2024-11-12 13:41:20,610 INFO  EvoClassLoader - Seeing class for first time: org.apache.hadoop.fs.ParentNotDirectoryException
2024-11-12 13:41:20,610 INFO  EvoClassLoader - Instrumenting class 'org.apache.hadoop.fs.ParentNotDirectoryException'.
2024-11-12 13:41:20,610 INFO  MethodCallReplacementClassAdapter - Adding mock interface to class org/apache/hadoop/fs/ParentNotDirectoryException
2024-11-12 13:41:20,610 INFO  CreateClassResetClassAdapter - Creating brand-new static initializer in class org/apache/hadoop/fs/ParentNotDirectoryException
2024-11-12 13:41:20,610 INFO  EvoClassLoader - Keeping class: org.apache.hadoop.fs.ParentNotDirectoryException
2024-11-12 13:41:20,611 INFO  EvoClassLoader - Seeing class for first time: org.apache.hadoop.hdfs.server.namenode.FSDirectory$InitQuotaTask
2024-11-12 13:41:20,611 INFO  EvoClassLoader - Instrumenting class 'org.apache.hadoop.hdfs.server.namenode.FSDirectory$InitQuotaTask'.
2024-11-12 13:41:20,611 INFO  MethodCallReplacementClassAdapter - Adding mock interface to class org/apache/hadoop/hdfs/server/namenode/FSDirectory$InitQuotaTask
2024-11-12 13:41:20,611 INFO  CreateClassResetClassAdapter - Creating brand-new static initializer in class org/apache/hadoop/hdfs/server/namenode/FSDirectory$InitQuotaTask
2024-11-12 13:41:20,611 INFO  EvoClassLoader - Keeping class: org.apache.hadoop.hdfs.server.namenode.FSDirectory$InitQuotaTask
2024-11-12 13:41:20,612 INFO  EvoClassLoader - Seeing class for first time: org.apache.hadoop.hdfs.protocol.SnapshotAccessControlException
2024-11-12 13:41:20,612 INFO  EvoClassLoader - Instrumenting class 'org.apache.hadoop.hdfs.protocol.SnapshotAccessControlException'.
2024-11-12 13:41:20,612 INFO  MethodCallReplacementClassAdapter - Adding mock interface to class org/apache/hadoop/hdfs/protocol/SnapshotAccessControlException
2024-11-12 13:41:20,612 INFO  CreateClassResetClassAdapter - Creating brand-new static initializer in class org/apache/hadoop/hdfs/protocol/SnapshotAccessControlException
2024-11-12 13:41:20,612 INFO  EvoClassLoader - Keeping class: org.apache.hadoop.hdfs.protocol.SnapshotAccessControlException
2024-11-12 13:41:20,612 INFO  EvoClassLoader - Seeing class for first time: org.apache.hadoop.hdfs.protocol.QuotaExceededException
2024-11-12 13:41:20,613 INFO  EvoClassLoader - Instrumenting class 'org.apache.hadoop.hdfs.protocol.QuotaExceededException'.
2024-11-12 13:41:20,613 INFO  MethodCallReplacementClassAdapter - Adding mock interface to class org/apache/hadoop/hdfs/protocol/QuotaExceededException
2024-11-12 13:41:20,613 INFO  CreateClassResetClassAdapter - Creating brand-new static initializer in class org/apache/hadoop/hdfs/protocol/QuotaExceededException
2024-11-12 13:41:20,613 INFO  EvoClassLoader - Seeing class for first time: org.apache.hadoop.fs.ClusterStorageCapacityExceededException
2024-11-12 13:41:20,613 INFO  EvoClassLoader - Instrumenting class 'org.apache.hadoop.fs.ClusterStorageCapacityExceededException'.
2024-11-12 13:41:20,613 INFO  MethodCallReplacementClassAdapter - Adding mock interface to class org/apache/hadoop/fs/ClusterStorageCapacityExceededException
2024-11-12 13:41:20,613 INFO  CreateClassResetClassAdapter - Creating brand-new static initializer in class org/apache/hadoop/fs/ClusterStorageCapacityExceededException
2024-11-12 13:41:20,613 INFO  EvoClassLoader - Keeping class: org.apache.hadoop.fs.ClusterStorageCapacityExceededException
2024-11-12 13:41:20,614 INFO  EvoClassLoader - Keeping class: org.apache.hadoop.hdfs.protocol.QuotaExceededException
2024-11-12 13:41:20,614 INFO  EvoClassLoader - Seeing class for first time: org.apache.hadoop.hdfs.protocol.FSLimitException$PathComponentTooLongException
2024-11-12 13:41:20,614 INFO  EvoClassLoader - Instrumenting class 'org.apache.hadoop.hdfs.protocol.FSLimitException$PathComponentTooLongException'.
2024-11-12 13:41:20,614 INFO  MethodCallReplacementClassAdapter - Adding mock interface to class org/apache/hadoop/hdfs/protocol/FSLimitException$PathComponentTooLongException
2024-11-12 13:41:20,614 INFO  CreateClassResetClassAdapter - Creating brand-new static initializer in class org/apache/hadoop/hdfs/protocol/FSLimitException$PathComponentTooLongException
2024-11-12 13:41:20,614 INFO  EvoClassLoader - Seeing class for first time: org.apache.hadoop.hdfs.protocol.FSLimitException
2024-11-12 13:41:20,614 INFO  EvoClassLoader - Instrumenting class 'org.apache.hadoop.hdfs.protocol.FSLimitException'.
2024-11-12 13:41:20,614 INFO  MethodCallReplacementClassAdapter - Adding mock interface to class org/apache/hadoop/hdfs/protocol/FSLimitException
2024-11-12 13:41:20,614 INFO  CreateClassResetClassAdapter - Creating brand-new static initializer in class org/apache/hadoop/hdfs/protocol/FSLimitException
2024-11-12 13:41:20,614 INFO  EvoClassLoader - Keeping class: org.apache.hadoop.hdfs.protocol.FSLimitException
2024-11-12 13:41:20,615 INFO  EvoClassLoader - Keeping class: org.apache.hadoop.hdfs.protocol.FSLimitException$PathComponentTooLongException
2024-11-12 13:41:20,615 INFO  EvoClassLoader - Seeing class for first time: org.apache.hadoop.hdfs.protocol.FSLimitException$MaxDirectoryItemsExceededException
2024-11-12 13:41:20,615 INFO  EvoClassLoader - Instrumenting class 'org.apache.hadoop.hdfs.protocol.FSLimitException$MaxDirectoryItemsExceededException'.
2024-11-12 13:41:20,616 INFO  MethodCallReplacementClassAdapter - Adding mock interface to class org/apache/hadoop/hdfs/protocol/FSLimitException$MaxDirectoryItemsExceededException
2024-11-12 13:41:20,616 INFO  CreateClassResetClassAdapter - Creating brand-new static initializer in class org/apache/hadoop/hdfs/protocol/FSLimitException$MaxDirectoryItemsExceededException
2024-11-12 13:41:20,616 INFO  EvoClassLoader - Keeping class: org.apache.hadoop.hdfs.protocol.FSLimitException$MaxDirectoryItemsExceededException
2024-11-12 13:41:20,617 INFO  EvoClassLoader - Seeing class for first time: org.apache.hadoop.hdfs.protocol.HdfsFileStatus$Builder
2024-11-12 13:41:20,617 INFO  EvoClassLoader - Instrumenting class 'org.apache.hadoop.hdfs.protocol.HdfsFileStatus$Builder'.
2024-11-12 13:41:20,617 INFO  MethodCallReplacementClassAdapter - Adding mock interface to class org/apache/hadoop/hdfs/protocol/HdfsFileStatus$Builder
2024-11-12 13:41:20,617 INFO  CreateClassResetClassAdapter - Creating brand-new static initializer in class org/apache/hadoop/hdfs/protocol/HdfsFileStatus$Builder
2024-11-12 13:41:20,617 INFO  EvoClassLoader - Keeping class: org.apache.hadoop.hdfs.protocol.HdfsFileStatus$Builder
2024-11-12 13:41:20,617 INFO  EvoClassLoader - Seeing class for first time: org.apache.hadoop.hdfs.protocol.HdfsFileStatus
2024-11-12 13:41:20,618 INFO  EvoClassLoader - Instrumenting class 'org.apache.hadoop.hdfs.protocol.HdfsFileStatus'.
2024-11-12 13:41:20,618 INFO  EvoClassLoader - Keeping class: org.apache.hadoop.hdfs.protocol.HdfsFileStatus
2024-11-12 13:41:20,619 INFO  EvoClassLoader - Seeing class for first time: org.apache.hadoop.hdfs.protocol.HdfsFileStatus$1
2024-11-12 13:41:20,619 INFO  EvoClassLoader - Instrumenting class 'org.apache.hadoop.hdfs.protocol.HdfsFileStatus$1'.
2024-11-12 13:41:20,619 INFO  MethodCallReplacementClassAdapter - Adding mock interface to class org/apache/hadoop/hdfs/protocol/HdfsFileStatus$1
2024-11-12 13:41:20,619 INFO  EvoClassLoader - Keeping class: org.apache.hadoop.hdfs.protocol.HdfsFileStatus$1
2024-11-12 13:41:20,619 INFO  EvoClassLoader - Seeing class for first time: org.apache.hadoop.hdfs.protocol.HdfsLocatedFileStatus
2024-11-12 13:41:20,619 INFO  EvoClassLoader - Instrumenting class 'org.apache.hadoop.hdfs.protocol.HdfsLocatedFileStatus'.
2024-11-12 13:41:20,620 INFO  MethodCallReplacementClassAdapter - Adding mock interface to class org/apache/hadoop/hdfs/protocol/HdfsLocatedFileStatus
2024-11-12 13:41:20,620 INFO  CreateClassResetClassAdapter - Creating brand-new static initializer in class org/apache/hadoop/hdfs/protocol/HdfsLocatedFileStatus
2024-11-12 13:41:20,621 INFO  EvoClassLoader - Seeing class for first time: org.apache.hadoop.fs.LocatedFileStatus
2024-11-12 13:41:20,621 INFO  EvoClassLoader - Instrumenting class 'org.apache.hadoop.fs.LocatedFileStatus'.
2024-11-12 13:41:20,621 INFO  MethodCallReplacementClassAdapter - Adding mock interface to class org/apache/hadoop/fs/LocatedFileStatus
2024-11-12 13:41:20,622 INFO  CreateClassResetClassAdapter - Creating brand-new static initializer in class org/apache/hadoop/fs/LocatedFileStatus
2024-11-12 13:41:20,622 INFO  EvoClassLoader - Keeping class: org.apache.hadoop.fs.LocatedFileStatus
2024-11-12 13:41:20,622 INFO  EvoClassLoader - Keeping class: org.apache.hadoop.hdfs.protocol.HdfsLocatedFileStatus
2024-11-12 13:41:20,628 INFO  EvoClassLoader - Seeing class for first time: org.apache.hadoop.hdfs.server.namenode.snapshot.AbstractINodeDiffList
2024-11-12 13:41:20,628 INFO  EvoClassLoader - Instrumenting class 'org.apache.hadoop.hdfs.server.namenode.snapshot.AbstractINodeDiffList'.
2024-11-12 13:41:20,629 INFO  MethodCallReplacementClassAdapter - Adding mock interface to class org/apache/hadoop/hdfs/server/namenode/snapshot/AbstractINodeDiffList
2024-11-12 13:41:20,630 INFO  CreateClassResetClassAdapter - Creating brand-new static initializer in class org/apache/hadoop/hdfs/server/namenode/snapshot/AbstractINodeDiffList
2024-11-12 13:41:20,631 INFO  EvoClassLoader - Keeping class: org.apache.hadoop.hdfs.server.namenode.snapshot.AbstractINodeDiffList
2024-11-12 13:41:20,631 INFO  EvoClassLoader - Seeing class for first time: org.apache.hadoop.hdfs.server.namenode.snapshot.DiffList
2024-11-12 13:41:20,631 INFO  EvoClassLoader - Instrumenting class 'org.apache.hadoop.hdfs.server.namenode.snapshot.DiffList'.
2024-11-12 13:41:20,632 INFO  EvoClassLoader - Keeping class: org.apache.hadoop.hdfs.server.namenode.snapshot.DiffList
2024-11-12 13:41:20,632 INFO  EvoClassLoader - Seeing class for first time: org.apache.hadoop.thirdparty.com.google.common.collect.Lists$TransformingSequentialList
2024-11-12 13:41:20,632 INFO  EvoClassLoader - Instrumenting class 'org.apache.hadoop.thirdparty.com.google.common.collect.Lists$TransformingSequentialList'.
2024-11-12 13:41:20,633 INFO  MethodCallReplacementClassAdapter - Adding mock interface to class org/apache/hadoop/thirdparty/com/google/common/collect/Lists$TransformingSequentialList
2024-11-12 13:41:20,633 INFO  CreateClassResetClassAdapter - Creating brand-new static initializer in class org/apache/hadoop/thirdparty/com/google/common/collect/Lists$TransformingSequentialList
2024-11-12 13:41:20,633 INFO  EvoClassLoader - Keeping class: org.apache.hadoop.thirdparty.com.google.common.collect.Lists$TransformingSequentialList
2024-11-12 13:41:20,633 INFO  EvoClassLoader - Seeing class for first time: org.apache.hadoop.hdfs.server.namenode.snapshot.SnapshotDiffInfo
2024-11-12 13:41:20,633 INFO  EvoClassLoader - Instrumenting class 'org.apache.hadoop.hdfs.server.namenode.snapshot.SnapshotDiffInfo'.
2024-11-12 13:41:20,634 INFO  MethodCallReplacementClassAdapter - Adding mock interface to class org/apache/hadoop/hdfs/server/namenode/snapshot/SnapshotDiffInfo
2024-11-12 13:41:20,634 INFO  CreateClassResetClassAdapter - Found static initializer in class org/apache/hadoop/hdfs/server/namenode/snapshot/SnapshotDiffInfo
2024-11-12 13:41:20,634 INFO  EvoClassLoader - Keeping class: org.apache.hadoop.hdfs.server.namenode.snapshot.SnapshotDiffInfo
2024-11-12 13:41:20,634 INFO  EvoClassLoader - Seeing class for first time: org.apache.hadoop.hdfs.protocol.OpenFileEntry
2024-11-12 13:41:20,634 INFO  EvoClassLoader - Instrumenting class 'org.apache.hadoop.hdfs.protocol.OpenFileEntry'.
2024-11-12 13:41:20,635 INFO  MethodCallReplacementClassAdapter - Adding mock interface to class org/apache/hadoop/hdfs/protocol/OpenFileEntry
2024-11-12 13:41:20,635 INFO  CreateClassResetClassAdapter - Creating brand-new static initializer in class org/apache/hadoop/hdfs/protocol/OpenFileEntry
2024-11-12 13:41:20,635 INFO  EvoClassLoader - Keeping class: org.apache.hadoop.hdfs.protocol.OpenFileEntry
2024-11-12 13:41:20,635 INFO  EvoClassLoader - Seeing class for first time: org.apache.hadoop.thirdparty.com.google.common.collect.Iterators
2024-11-12 13:41:20,635 INFO  EvoClassLoader - Instrumenting class 'org.apache.hadoop.thirdparty.com.google.common.collect.Iterators'.
2024-11-12 13:41:20,635 INFO  MethodCallReplacementClassAdapter - Adding mock interface to class org/apache/hadoop/thirdparty/com/google/common/collect/Iterators
2024-11-12 13:41:20,636 INFO  CreateClassResetClassAdapter - Creating brand-new static initializer in class org/apache/hadoop/thirdparty/com/google/common/collect/Iterators
2024-11-12 13:41:20,636 INFO  EvoClassLoader - Keeping class: org.apache.hadoop.thirdparty.com.google.common.collect.Iterators
2024-11-12 13:41:20,637 INFO  EvoClassLoader - Seeing class for first time: org.apache.hadoop.thirdparty.com.google.common.collect.Iterators$9
2024-11-12 13:41:20,637 INFO  EvoClassLoader - Instrumenting class 'org.apache.hadoop.thirdparty.com.google.common.collect.Iterators$9'.
2024-11-12 13:41:20,637 INFO  MethodCallReplacementClassAdapter - Adding mock interface to class org/apache/hadoop/thirdparty/com/google/common/collect/Iterators$9
2024-11-12 13:41:20,637 INFO  EvoClassLoader - Keeping class: org.apache.hadoop.thirdparty.com.google.common.collect.Iterators$9
2024-11-12 13:41:20,637 INFO  EvoClassLoader - Seeing class for first time: org.apache.hadoop.thirdparty.com.google.common.collect.Iterators$5
2024-11-12 13:41:20,637 INFO  EvoClassLoader - Instrumenting class 'org.apache.hadoop.thirdparty.com.google.common.collect.Iterators$5'.
2024-11-12 13:41:20,637 INFO  MethodCallReplacementClassAdapter - Adding mock interface to class org/apache/hadoop/thirdparty/com/google/common/collect/Iterators$5
2024-11-12 13:41:20,637 INFO  EvoClassLoader - Keeping class: org.apache.hadoop.thirdparty.com.google.common.collect.Iterators$5
2024-11-12 13:41:20,637 INFO  EvoClassLoader - Seeing class for first time: org.apache.hadoop.thirdparty.com.google.common.collect.Iterators$1
2024-11-12 13:41:20,637 INFO  EvoClassLoader - Instrumenting class 'org.apache.hadoop.thirdparty.com.google.common.collect.Iterators$1'.
2024-11-12 13:41:20,638 INFO  MethodCallReplacementClassAdapter - Adding mock interface to class org/apache/hadoop/thirdparty/com/google/common/collect/Iterators$1
2024-11-12 13:41:20,638 INFO  EvoClassLoader - Keeping class: org.apache.hadoop.thirdparty.com.google.common.collect.Iterators$1
2024-11-12 13:41:20,638 INFO  EvoClassLoader - Seeing class for first time: org.apache.hadoop.thirdparty.com.google.common.collect.Iterators$10
2024-11-12 13:41:20,638 INFO  EvoClassLoader - Instrumenting class 'org.apache.hadoop.thirdparty.com.google.common.collect.Iterators$10'.
2024-11-12 13:41:20,638 INFO  MethodCallReplacementClassAdapter - Adding mock interface to class org/apache/hadoop/thirdparty/com/google/common/collect/Iterators$10
2024-11-12 13:41:20,638 INFO  EvoClassLoader - Keeping class: org.apache.hadoop.thirdparty.com.google.common.collect.Iterators$10
2024-11-12 13:41:20,638 INFO  EvoClassLoader - Seeing class for first time: org.apache.hadoop.thirdparty.com.google.common.collect.Iterators$4
2024-11-12 13:41:20,638 INFO  EvoClassLoader - Instrumenting class 'org.apache.hadoop.thirdparty.com.google.common.collect.Iterators$4'.
2024-11-12 13:41:20,638 INFO  MethodCallReplacementClassAdapter - Adding mock interface to class org/apache/hadoop/thirdparty/com/google/common/collect/Iterators$4
2024-11-12 13:41:20,639 INFO  EvoClassLoader - Keeping class: org.apache.hadoop.thirdparty.com.google.common.collect.Iterators$4
2024-11-12 13:41:20,639 INFO  EvoClassLoader - Seeing class for first time: org.apache.hadoop.thirdparty.com.google.common.collect.PeekingIterator
2024-11-12 13:41:20,639 INFO  EvoClassLoader - Instrumenting class 'org.apache.hadoop.thirdparty.com.google.common.collect.PeekingIterator'.
2024-11-12 13:41:20,639 INFO  EvoClassLoader - Keeping class: org.apache.hadoop.thirdparty.com.google.common.collect.PeekingIterator
2024-11-12 13:41:20,639 INFO  EvoClassLoader - Seeing class for first time: org.apache.hadoop.thirdparty.com.google.common.collect.Iterators$MergingIterator
2024-11-12 13:41:20,639 INFO  EvoClassLoader - Instrumenting class 'org.apache.hadoop.thirdparty.com.google.common.collect.Iterators$MergingIterator'.
2024-11-12 13:41:20,639 INFO  MethodCallReplacementClassAdapter - Adding mock interface to class org/apache/hadoop/thirdparty/com/google/common/collect/Iterators$MergingIterator
2024-11-12 13:41:20,639 INFO  CreateClassResetClassAdapter - Creating brand-new static initializer in class org/apache/hadoop/thirdparty/com/google/common/collect/Iterators$MergingIterator
2024-11-12 13:41:20,639 INFO  EvoClassLoader - Keeping class: org.apache.hadoop.thirdparty.com.google.common.collect.Iterators$MergingIterator
2024-11-12 13:41:20,639 INFO  EvoClassLoader - Seeing class for first time: org.apache.hadoop.hdfs.server.namenode.INodeReference$WithCount
2024-11-12 13:41:20,639 INFO  EvoClassLoader - Instrumenting class 'org.apache.hadoop.hdfs.server.namenode.INodeReference$WithCount'.
2024-11-12 13:41:20,640 INFO  MethodCallReplacementClassAdapter - Adding mock interface to class org/apache/hadoop/hdfs/server/namenode/INodeReference$WithCount
2024-11-12 13:41:20,640 INFO  CreateClassResetClassAdapter - Found static initializer in class org/apache/hadoop/hdfs/server/namenode/INodeReference$WithCount
2024-11-12 13:41:20,640 INFO  EvoClassLoader - Keeping class: org.apache.hadoop.hdfs.server.namenode.INodeReference$WithCount
2024-11-12 13:41:20,640 INFO  EvoClassLoader - Seeing class for first time: org.apache.hadoop.hdfs.server.namenode.QuotaCounts
2024-11-12 13:41:20,640 INFO  EvoClassLoader - Instrumenting class 'org.apache.hadoop.hdfs.server.namenode.QuotaCounts'.
2024-11-12 13:41:20,640 INFO  MethodCallReplacementClassAdapter - Adding mock interface to class org/apache/hadoop/hdfs/server/namenode/QuotaCounts
2024-11-12 13:41:20,641 INFO  CreateClassResetClassAdapter - Found static initializer in class org/apache/hadoop/hdfs/server/namenode/QuotaCounts
2024-11-12 13:41:20,642 INFO  EvoClassLoader - Keeping class: org.apache.hadoop.hdfs.server.namenode.QuotaCounts
2024-11-12 13:41:20,642 INFO  EvoClassLoader - Seeing class for first time: org.apache.hadoop.hdfs.util.EnumCounters
2024-11-12 13:41:20,642 INFO  EvoClassLoader - Instrumenting class 'org.apache.hadoop.hdfs.util.EnumCounters'.
2024-11-12 13:41:20,642 INFO  MethodCallReplacementClassAdapter - Adding mock interface to class org/apache/hadoop/hdfs/util/EnumCounters
2024-11-12 13:41:20,642 INFO  CreateClassResetClassAdapter - Creating brand-new static initializer in class org/apache/hadoop/hdfs/util/EnumCounters
2024-11-12 13:41:20,643 INFO  EvoClassLoader - Keeping class: org.apache.hadoop.hdfs.util.EnumCounters
2024-11-12 13:41:20,643 INFO  EvoClassLoader - Seeing class for first time: org.apache.hadoop.hdfs.util.ConstEnumCounters
2024-11-12 13:41:20,643 INFO  EvoClassLoader - Instrumenting class 'org.apache.hadoop.hdfs.util.ConstEnumCounters'.
2024-11-12 13:41:20,643 INFO  MethodCallReplacementClassAdapter - Adding mock interface to class org/apache/hadoop/hdfs/util/ConstEnumCounters
2024-11-12 13:41:20,643 INFO  CreateClassResetClassAdapter - Found static initializer in class org/apache/hadoop/hdfs/util/ConstEnumCounters
2024-11-12 13:41:20,643 INFO  EvoClassLoader - Keeping class: org.apache.hadoop.hdfs.util.ConstEnumCounters
2024-11-12 13:41:20,643 INFO  EvoClassLoader - Seeing class for first time: org.apache.hadoop.hdfs.server.namenode.Quota
2024-11-12 13:41:20,643 INFO  EvoClassLoader - Instrumenting class 'org.apache.hadoop.hdfs.server.namenode.Quota'.
2024-11-12 13:41:20,643 INFO  MethodCallReplacementClassAdapter - Adding mock interface to class org/apache/hadoop/hdfs/server/namenode/Quota
2024-11-12 13:41:20,643 INFO  CreateClassResetClassAdapter - Found static initializer in class org/apache/hadoop/hdfs/server/namenode/Quota
2024-11-12 13:41:20,643 INFO  EvoClassLoader - Keeping class: org.apache.hadoop.hdfs.server.namenode.Quota
2024-11-12 13:41:20,643 INFO  EvoClassLoader - Seeing class for first time: org.apache.hadoop.hdfs.util.ConstEnumCounters$ConstEnumException
2024-11-12 13:41:20,643 INFO  EvoClassLoader - Instrumenting class 'org.apache.hadoop.hdfs.util.ConstEnumCounters$ConstEnumException'.
2024-11-12 13:41:20,644 INFO  MethodCallReplacementClassAdapter - Adding mock interface to class org/apache/hadoop/hdfs/util/ConstEnumCounters$ConstEnumException
2024-11-12 13:41:20,644 INFO  CreateClassResetClassAdapter - Creating brand-new static initializer in class org/apache/hadoop/hdfs/util/ConstEnumCounters$ConstEnumException
2024-11-12 13:41:20,644 INFO  EvoClassLoader - Keeping class: org.apache.hadoop.hdfs.util.ConstEnumCounters$ConstEnumException
2024-11-12 13:41:20,645 INFO  EvoClassLoader - Seeing class for first time: org.apache.hadoop.hdfs.server.namenode.snapshot.DiffListByArrayList
2024-11-12 13:41:20,645 INFO  EvoClassLoader - Instrumenting class 'org.apache.hadoop.hdfs.server.namenode.snapshot.DiffListByArrayList'.
2024-11-12 13:41:20,646 INFO  MethodCallReplacementClassAdapter - Adding mock interface to class org/apache/hadoop/hdfs/server/namenode/snapshot/DiffListByArrayList
2024-11-12 13:41:20,646 INFO  CreateClassResetClassAdapter - Creating brand-new static initializer in class org/apache/hadoop/hdfs/server/namenode/snapshot/DiffListByArrayList
2024-11-12 13:41:20,646 INFO  EvoClassLoader - Keeping class: org.apache.hadoop.hdfs.server.namenode.snapshot.DiffListByArrayList
2024-11-12 13:41:20,646 INFO  EvoClassLoader - Seeing class for first time: org.apache.hadoop.thirdparty.com.google.common.collect.Iterators$6
2024-11-12 13:41:20,646 INFO  EvoClassLoader - Instrumenting class 'org.apache.hadoop.thirdparty.com.google.common.collect.Iterators$6'.
2024-11-12 13:41:20,647 INFO  MethodCallReplacementClassAdapter - Adding mock interface to class org/apache/hadoop/thirdparty/com/google/common/collect/Iterators$6
2024-11-12 13:41:20,648 INFO  EvoClassLoader - Seeing class for first time: org.apache.hadoop.thirdparty.com.google.common.collect.TransformedIterator
2024-11-12 13:41:20,648 INFO  EvoClassLoader - Instrumenting class 'org.apache.hadoop.thirdparty.com.google.common.collect.TransformedIterator'.
2024-11-12 13:41:20,649 INFO  MethodCallReplacementClassAdapter - Adding mock interface to class org/apache/hadoop/thirdparty/com/google/common/collect/TransformedIterator
2024-11-12 13:41:20,649 INFO  CreateClassResetClassAdapter - Creating brand-new static initializer in class org/apache/hadoop/thirdparty/com/google/common/collect/TransformedIterator
2024-11-12 13:41:20,650 INFO  EvoClassLoader - Keeping class: org.apache.hadoop.thirdparty.com.google.common.collect.TransformedIterator
2024-11-12 13:41:20,650 INFO  EvoClassLoader - Keeping class: org.apache.hadoop.thirdparty.com.google.common.collect.Iterators$6
2024-11-12 13:41:20,650 INFO  EvoClassLoader - Seeing class for first time: org.apache.hadoop.hdfs.server.namenode.snapshot.AbstractINodeDiff
2024-11-12 13:41:20,650 INFO  EvoClassLoader - Instrumenting class 'org.apache.hadoop.hdfs.server.namenode.snapshot.AbstractINodeDiff'.
2024-11-12 13:41:20,652 INFO  MethodCallReplacementClassAdapter - Adding mock interface to class org/apache/hadoop/hdfs/server/namenode/snapshot/AbstractINodeDiff
2024-11-12 13:41:20,652 INFO  CreateClassResetClassAdapter - Creating brand-new static initializer in class org/apache/hadoop/hdfs/server/namenode/snapshot/AbstractINodeDiff
2024-11-12 13:41:20,653 INFO  EvoClassLoader - Keeping class: org.apache.hadoop.hdfs.server.namenode.snapshot.AbstractINodeDiff
2024-11-12 13:41:20,653 INFO  EvoClassLoader - Seeing class for first time: org.apache.hadoop.hdfs.protocol.SnapshotDiffReport$DiffType
2024-11-12 13:41:20,653 INFO  EvoClassLoader - Instrumenting class 'org.apache.hadoop.hdfs.protocol.SnapshotDiffReport$DiffType'.
2024-11-12 13:41:20,654 INFO  MethodCallReplacementClassAdapter - Adding mock interface to class org/apache/hadoop/hdfs/protocol/SnapshotDiffReport$DiffType
2024-11-12 13:41:20,654 INFO  CreateClassResetClassAdapter - Found static initializer in class org/apache/hadoop/hdfs/protocol/SnapshotDiffReport$DiffType
2024-11-12 13:41:20,654 INFO  EvoClassLoader - Keeping class: org.apache.hadoop.hdfs.protocol.SnapshotDiffReport$DiffType
2024-11-12 13:41:20,655 INFO  EvoClassLoader - Seeing class for first time: org.apache.hadoop.fs.QuotaUsage
2024-11-12 13:41:20,655 INFO  EvoClassLoader - Instrumenting class 'org.apache.hadoop.fs.QuotaUsage'.
2024-11-12 13:41:20,656 INFO  MethodCallReplacementClassAdapter - Adding mock interface to class org/apache/hadoop/fs/QuotaUsage
2024-11-12 13:41:20,656 INFO  CreateClassResetClassAdapter - Found static initializer in class org/apache/hadoop/fs/QuotaUsage
2024-11-12 13:41:20,657 INFO  EvoClassLoader - Keeping class: org.apache.hadoop.fs.QuotaUsage
2024-11-12 13:41:20,661 INFO  EvoClassLoader - Seeing class for first time: org.apache.hadoop.hdfs.util.Diff$Processor
2024-11-12 13:41:20,661 INFO  EvoClassLoader - Instrumenting class 'org.apache.hadoop.hdfs.util.Diff$Processor'.
2024-11-12 13:41:20,662 INFO  EvoClassLoader - Keeping class: org.apache.hadoop.hdfs.util.Diff$Processor
2024-11-12 13:41:20,663 INFO  EvoClassLoader - Seeing class for first time: org.apache.hadoop.thirdparty.com.google.common.collect.Lists$2
2024-11-12 13:41:20,663 INFO  EvoClassLoader - Instrumenting class 'org.apache.hadoop.thirdparty.com.google.common.collect.Lists$2'.
2024-11-12 13:41:20,664 INFO  MethodCallReplacementClassAdapter - Adding mock interface to class org/apache/hadoop/thirdparty/com/google/common/collect/Lists$2
2024-11-12 13:41:20,668 INFO  EvoClassLoader - Keeping class: org.apache.hadoop.thirdparty.com.google.common.collect.Lists$2
2024-11-12 13:41:20,668 INFO  EvoClassLoader - Seeing class for first time: org.apache.hadoop.thirdparty.com.google.common.collect.Lists$RandomAccessListWrapper
2024-11-12 13:41:20,668 INFO  EvoClassLoader - Instrumenting class 'org.apache.hadoop.thirdparty.com.google.common.collect.Lists$RandomAccessListWrapper'.
2024-11-12 13:41:20,673 INFO  MethodCallReplacementClassAdapter - Adding mock interface to class org/apache/hadoop/thirdparty/com/google/common/collect/Lists$RandomAccessListWrapper
2024-11-12 13:41:20,673 INFO  CreateClassResetClassAdapter - Creating brand-new static initializer in class org/apache/hadoop/thirdparty/com/google/common/collect/Lists$RandomAccessListWrapper
2024-11-12 13:41:20,674 INFO  EvoClassLoader - Keeping class: org.apache.hadoop.thirdparty.com.google.common.collect.Lists$RandomAccessListWrapper
2024-11-12 13:41:20,674 INFO  EvoClassLoader - Seeing class for first time: org.apache.hadoop.hdfs.protocol.SnapshotDiffReport$DiffStats
2024-11-12 13:41:20,674 INFO  EvoClassLoader - Instrumenting class 'org.apache.hadoop.hdfs.protocol.SnapshotDiffReport$DiffStats'.
2024-11-12 13:41:20,675 INFO  MethodCallReplacementClassAdapter - Adding mock interface to class org/apache/hadoop/hdfs/protocol/SnapshotDiffReport$DiffStats
2024-11-12 13:41:20,675 INFO  CreateClassResetClassAdapter - Creating brand-new static initializer in class org/apache/hadoop/hdfs/protocol/SnapshotDiffReport$DiffStats
2024-11-12 13:41:20,676 INFO  EvoClassLoader - Keeping class: org.apache.hadoop.hdfs.protocol.SnapshotDiffReport$DiffStats
2024-11-12 13:41:20,676 INFO  EvoClassLoader - Seeing class for first time: org.apache.hadoop.thirdparty.com.google.common.collect.Lists$1
2024-11-12 13:41:20,676 INFO  EvoClassLoader - Instrumenting class 'org.apache.hadoop.thirdparty.com.google.common.collect.Lists$1'.
2024-11-12 13:41:20,676 INFO  MethodCallReplacementClassAdapter - Adding mock interface to class org/apache/hadoop/thirdparty/com/google/common/collect/Lists$1
2024-11-12 13:41:20,677 INFO  EvoClassLoader - Keeping class: org.apache.hadoop.thirdparty.com.google.common.collect.Lists$1
2024-11-12 13:41:20,677 INFO  EvoClassLoader - Seeing class for first time: org.apache.hadoop.fs.XAttr$NameSpace
2024-11-12 13:41:20,677 INFO  EvoClassLoader - Instrumenting class 'org.apache.hadoop.fs.XAttr$NameSpace'.
2024-11-12 13:41:20,677 INFO  MethodCallReplacementClassAdapter - Adding mock interface to class org/apache/hadoop/fs/XAttr$NameSpace
2024-11-12 13:41:20,677 INFO  CreateClassResetClassAdapter - Found static initializer in class org/apache/hadoop/fs/XAttr$NameSpace
2024-11-12 13:41:20,677 INFO  EvoClassLoader - Keeping class: org.apache.hadoop.fs.XAttr$NameSpace
2024-11-12 13:41:20,677 INFO  EvoClassLoader - Seeing class for first time: org.apache.hadoop.util.ChunkedArrayList
2024-11-12 13:41:20,677 INFO  EvoClassLoader - Instrumenting class 'org.apache.hadoop.util.ChunkedArrayList'.
2024-11-12 13:41:20,677 INFO  MethodCallReplacementClassAdapter - Adding mock interface to class org/apache/hadoop/util/ChunkedArrayList
2024-11-12 13:41:20,678 INFO  CreateClassResetClassAdapter - Creating brand-new static initializer in class org/apache/hadoop/util/ChunkedArrayList
2024-11-12 13:41:20,678 INFO  CreateClassResetClassAdapter - Adding bytecode for initializing field DEFAULT_INITIAL_CHUNK_CAPACITY
2024-11-12 13:41:20,678 INFO  CreateClassResetClassAdapter - Adding bytecode for initializing field DEFAULT_MAX_CHUNK_SIZE
2024-11-12 13:41:20,678 INFO  EvoClassLoader - Keeping class: org.apache.hadoop.util.ChunkedArrayList
2024-11-12 13:41:20,678 INFO  EvoClassLoader - Seeing class for first time: org.apache.hadoop.hdfs.server.namenode.snapshot.DirectorySnapshottableFeature
2024-11-12 13:41:20,678 INFO  EvoClassLoader - Instrumenting class 'org.apache.hadoop.hdfs.server.namenode.snapshot.DirectorySnapshottableFeature'.
2024-11-12 13:41:20,679 INFO  MethodCallReplacementClassAdapter - Adding mock interface to class org/apache/hadoop/hdfs/server/namenode/snapshot/DirectorySnapshottableFeature
2024-11-12 13:41:20,680 INFO  CreateClassResetClassAdapter - Creating brand-new static initializer in class org/apache/hadoop/hdfs/server/namenode/snapshot/DirectorySnapshottableFeature
2024-11-12 13:41:20,680 INFO  CreateClassResetClassAdapter - Adding bytecode for initializing field SNAPSHOT_QUOTA_DEFAULT
2024-11-12 13:41:20,681 INFO  EvoClassLoader - Seeing class for first time: org.apache.hadoop.hdfs.server.namenode.snapshot.DirectoryWithSnapshotFeature
2024-11-12 13:41:20,681 INFO  EvoClassLoader - Instrumenting class 'org.apache.hadoop.hdfs.server.namenode.snapshot.DirectoryWithSnapshotFeature'.
2024-11-12 13:41:20,681 INFO  MethodCallReplacementClassAdapter - Adding mock interface to class org/apache/hadoop/hdfs/server/namenode/snapshot/DirectoryWithSnapshotFeature
2024-11-12 13:41:20,682 INFO  CreateClassResetClassAdapter - Creating brand-new static initializer in class org/apache/hadoop/hdfs/server/namenode/snapshot/DirectoryWithSnapshotFeature
2024-11-12 13:41:20,682 INFO  EvoClassLoader - Keeping class: org.apache.hadoop.hdfs.server.namenode.snapshot.DirectoryWithSnapshotFeature
2024-11-12 13:41:20,682 INFO  EvoClassLoader - Keeping class: org.apache.hadoop.hdfs.server.namenode.snapshot.DirectorySnapshottableFeature
2024-11-12 13:41:20,683 INFO  EvoClassLoader - Seeing class for first time: org.apache.hadoop.hdfs.util.Diff
2024-11-12 13:41:20,683 INFO  EvoClassLoader - Instrumenting class 'org.apache.hadoop.hdfs.util.Diff'.
2024-11-12 13:41:20,683 INFO  MethodCallReplacementClassAdapter - Adding mock interface to class org/apache/hadoop/hdfs/util/Diff
2024-11-12 13:41:20,683 INFO  CreateClassResetClassAdapter - Creating brand-new static initializer in class org/apache/hadoop/hdfs/util/Diff
2024-11-12 13:41:20,683 INFO  CreateClassResetClassAdapter - Adding bytecode for initializing field DEFAULT_ARRAY_INITIAL_CAPACITY
2024-11-12 13:41:20,684 INFO  EvoClassLoader - Keeping class: org.apache.hadoop.hdfs.util.Diff
2024-11-12 13:41:20,684 INFO  EvoClassLoader - Seeing class for first time: org.apache.hadoop.hdfs.server.namenode.snapshot.DirectoryWithSnapshotFeature$ChildrenDiff
2024-11-12 13:41:20,684 INFO  EvoClassLoader - Instrumenting class 'org.apache.hadoop.hdfs.server.namenode.snapshot.DirectoryWithSnapshotFeature$ChildrenDiff'.
2024-11-12 13:41:20,684 INFO  MethodCallReplacementClassAdapter - Adding mock interface to class org/apache/hadoop/hdfs/server/namenode/snapshot/DirectoryWithSnapshotFeature$ChildrenDiff
2024-11-12 13:41:20,684 INFO  CreateClassResetClassAdapter - Creating brand-new static initializer in class org/apache/hadoop/hdfs/server/namenode/snapshot/DirectoryWithSnapshotFeature$ChildrenDiff
2024-11-12 13:41:20,684 INFO  EvoClassLoader - Keeping class: org.apache.hadoop.hdfs.server.namenode.snapshot.DirectoryWithSnapshotFeature$ChildrenDiff
2024-11-12 13:41:20,685 INFO  EvoClassLoader - Seeing class for first time: org.apache.hadoop.thirdparty.com.google.common.primitives.SignedBytes$LexicographicalComparator
2024-11-12 13:41:20,685 INFO  EvoClassLoader - Instrumenting class 'org.apache.hadoop.thirdparty.com.google.common.primitives.SignedBytes$LexicographicalComparator'.
2024-11-12 13:41:20,685 INFO  MethodCallReplacementClassAdapter - Adding mock interface to class org/apache/hadoop/thirdparty/com/google/common/primitives/SignedBytes$LexicographicalComparator
2024-11-12 13:41:20,685 INFO  CreateClassResetClassAdapter - Found static initializer in class org/apache/hadoop/thirdparty/com/google/common/primitives/SignedBytes$LexicographicalComparator
2024-11-12 13:41:20,685 INFO  EvoClassLoader - Defined package (3): package org.apache.hadoop.thirdparty.com.google.common.primitives, -1753668189
2024-11-12 13:41:20,685 INFO  EvoClassLoader - Keeping class: org.apache.hadoop.thirdparty.com.google.common.primitives.SignedBytes$LexicographicalComparator
2024-11-12 13:41:20,685 INFO  EvoClassLoader - Seeing class for first time: org.apache.hadoop.fs.BatchedRemoteIterator$BatchedListEntries
2024-11-12 13:41:20,685 INFO  EvoClassLoader - Instrumenting class 'org.apache.hadoop.fs.BatchedRemoteIterator$BatchedListEntries'.
2024-11-12 13:41:20,685 INFO  MethodCallReplacementClassAdapter - Adding mock interface to class org/apache/hadoop/fs/BatchedRemoteIterator$BatchedListEntries
2024-11-12 13:41:20,686 INFO  CreateClassResetClassAdapter - Creating brand-new static initializer in class org/apache/hadoop/fs/BatchedRemoteIterator$BatchedListEntries
2024-11-12 13:41:20,686 INFO  EvoClassLoader - Seeing class for first time: org.apache.hadoop.fs.BatchedRemoteIterator$BatchedEntries
2024-11-12 13:41:20,686 INFO  EvoClassLoader - Instrumenting class 'org.apache.hadoop.fs.BatchedRemoteIterator$BatchedEntries'.
2024-11-12 13:41:20,686 INFO  EvoClassLoader - Keeping class: org.apache.hadoop.fs.BatchedRemoteIterator$BatchedEntries
2024-11-12 13:41:20,686 INFO  EvoClassLoader - Keeping class: org.apache.hadoop.fs.BatchedRemoteIterator$BatchedListEntries
2024-11-12 13:41:20,686 INFO  EvoClassLoader - Seeing class for first time: org.apache.hadoop.thirdparty.com.google.common.collect.FluentIterable
2024-11-12 13:41:20,686 INFO  EvoClassLoader - Instrumenting class 'org.apache.hadoop.thirdparty.com.google.common.collect.FluentIterable'.
2024-11-12 13:41:20,686 INFO  MethodCallReplacementClassAdapter - Adding mock interface to class org/apache/hadoop/thirdparty/com/google/common/collect/FluentIterable
2024-11-12 13:41:20,687 INFO  CreateClassResetClassAdapter - Creating brand-new static initializer in class org/apache/hadoop/thirdparty/com/google/common/collect/FluentIterable
2024-11-12 13:41:20,687 INFO  EvoClassLoader - Keeping class: org.apache.hadoop.thirdparty.com.google.common.collect.FluentIterable
2024-11-12 13:41:20,687 INFO  EvoClassLoader - Seeing class for first time: org.apache.hadoop.thirdparty.com.google.common.collect.FluentIterable$1
2024-11-12 13:41:20,687 INFO  EvoClassLoader - Instrumenting class 'org.apache.hadoop.thirdparty.com.google.common.collect.FluentIterable$1'.
2024-11-12 13:41:20,687 INFO  MethodCallReplacementClassAdapter - Adding mock interface to class org/apache/hadoop/thirdparty/com/google/common/collect/FluentIterable$1
2024-11-12 13:41:20,688 INFO  EvoClassLoader - Keeping class: org.apache.hadoop.thirdparty.com.google.common.collect.FluentIterable$1
2024-11-12 13:41:20,688 INFO  EvoClassLoader - Seeing class for first time: org.apache.hadoop.thirdparty.com.google.common.collect.FluentIterable$2
2024-11-12 13:41:20,688 INFO  EvoClassLoader - Instrumenting class 'org.apache.hadoop.thirdparty.com.google.common.collect.FluentIterable$2'.
2024-11-12 13:41:20,688 INFO  MethodCallReplacementClassAdapter - Adding mock interface to class org/apache/hadoop/thirdparty/com/google/common/collect/FluentIterable$2
2024-11-12 13:41:20,688 INFO  EvoClassLoader - Keeping class: org.apache.hadoop.thirdparty.com.google.common.collect.FluentIterable$2
2024-11-12 13:41:20,688 INFO  EvoClassLoader - Seeing class for first time: org.apache.hadoop.thirdparty.com.google.common.collect.FluentIterable$3
2024-11-12 13:41:20,688 INFO  EvoClassLoader - Instrumenting class 'org.apache.hadoop.thirdparty.com.google.common.collect.FluentIterable$3'.
2024-11-12 13:41:20,688 INFO  MethodCallReplacementClassAdapter - Adding mock interface to class org/apache/hadoop/thirdparty/com/google/common/collect/FluentIterable$3
2024-11-12 13:41:20,688 INFO  EvoClassLoader - Keeping class: org.apache.hadoop.thirdparty.com.google.common.collect.FluentIterable$3
2024-11-12 13:41:20,688 INFO  EvoClassLoader - Seeing class for first time: org.apache.hadoop.hdfs.server.namenode.SerialNumberMap
2024-11-12 13:41:20,688 INFO  EvoClassLoader - Instrumenting class 'org.apache.hadoop.hdfs.server.namenode.SerialNumberMap'.
2024-11-12 13:41:20,689 INFO  MethodCallReplacementClassAdapter - Adding mock interface to class org/apache/hadoop/hdfs/server/namenode/SerialNumberMap
2024-11-12 13:41:20,689 INFO  CreateClassResetClassAdapter - Creating brand-new static initializer in class org/apache/hadoop/hdfs/server/namenode/SerialNumberMap
2024-11-12 13:41:20,689 INFO  EvoClassLoader - Keeping class: org.apache.hadoop.hdfs.server.namenode.SerialNumberMap
2024-11-12 13:41:20,689 INFO  EvoClassLoader - Seeing class for first time: org.apache.hadoop.hdfs.server.namenode.snapshot.DirectoryDiffListFactory
2024-11-12 13:41:20,689 INFO  EvoClassLoader - Instrumenting class 'org.apache.hadoop.hdfs.server.namenode.snapshot.DirectoryDiffListFactory'.
2024-11-12 13:41:20,689 INFO  MethodCallReplacementClassAdapter - Adding mock interface to class org/apache/hadoop/hdfs/server/namenode/snapshot/DirectoryDiffListFactory
2024-11-12 13:41:20,690 INFO  CreateClassResetClassAdapter - Found static initializer in class org/apache/hadoop/hdfs/server/namenode/snapshot/DirectoryDiffListFactory
2024-11-12 13:41:20,690 INFO  EvoClassLoader - Keeping class: org.apache.hadoop.hdfs.server.namenode.snapshot.DirectoryDiffListFactory
2024-11-12 13:41:20,692 INFO  EvoClassLoader - Seeing class for first time: org.apache.hadoop.hdfs.server.namenode.AclFeature
2024-11-12 13:41:20,692 INFO  EvoClassLoader - Instrumenting class 'org.apache.hadoop.hdfs.server.namenode.AclFeature'.
2024-11-12 13:41:20,692 INFO  MethodCallReplacementClassAdapter - Adding mock interface to class org/apache/hadoop/hdfs/server/namenode/AclFeature
2024-11-12 13:41:20,692 INFO  CreateClassResetClassAdapter - Found static initializer in class org/apache/hadoop/hdfs/server/namenode/AclFeature
2024-11-12 13:41:20,692 INFO  EvoClassLoader - Keeping class: org.apache.hadoop.hdfs.server.namenode.AclFeature
2024-11-12 13:41:20,692 INFO  EvoClassLoader - Seeing class for first time: org.apache.hadoop.hdfs.util.ReadOnlyList$Util
2024-11-12 13:41:20,692 INFO  EvoClassLoader - Instrumenting class 'org.apache.hadoop.hdfs.util.ReadOnlyList$Util'.
2024-11-12 13:41:20,693 INFO  MethodCallReplacementClassAdapter - Adding mock interface to class org/apache/hadoop/hdfs/util/ReadOnlyList$Util
2024-11-12 13:41:20,693 INFO  CreateClassResetClassAdapter - Creating brand-new static initializer in class org/apache/hadoop/hdfs/util/ReadOnlyList$Util
2024-11-12 13:41:20,693 INFO  EvoClassLoader - Keeping class: org.apache.hadoop.hdfs.util.ReadOnlyList$Util
2024-11-12 13:41:20,693 INFO  EvoClassLoader - Seeing class for first time: org.apache.hadoop.fs.ContentSummary
2024-11-12 13:41:20,693 INFO  EvoClassLoader - Instrumenting class 'org.apache.hadoop.fs.ContentSummary'.
2024-11-12 13:41:20,693 INFO  MethodCallReplacementClassAdapter - Adding mock interface to class org/apache/hadoop/fs/ContentSummary
2024-11-12 13:41:20,693 INFO  CreateClassResetClassAdapter - Found static initializer in class org/apache/hadoop/fs/ContentSummary
2024-11-12 13:41:20,693 INFO  EvoClassLoader - Keeping class: org.apache.hadoop.fs.ContentSummary
2024-11-12 13:41:20,694 INFO  EvoClassLoader - Seeing class for first time: org.apache.hadoop.fs.QuotaUsage$Builder
2024-11-12 13:41:20,694 INFO  EvoClassLoader - Instrumenting class 'org.apache.hadoop.fs.QuotaUsage$Builder'.
2024-11-12 13:41:20,694 INFO  MethodCallReplacementClassAdapter - Adding mock interface to class org/apache/hadoop/fs/QuotaUsage$Builder
2024-11-12 13:41:20,694 INFO  CreateClassResetClassAdapter - Creating brand-new static initializer in class org/apache/hadoop/fs/QuotaUsage$Builder
2024-11-12 13:41:20,694 INFO  EvoClassLoader - Keeping class: org.apache.hadoop.fs.QuotaUsage$Builder
2024-11-12 13:41:20,694 INFO  EvoClassLoader - Seeing class for first time: org.apache.hadoop.fs.ContentSummary$Builder
2024-11-12 13:41:20,694 INFO  EvoClassLoader - Instrumenting class 'org.apache.hadoop.fs.ContentSummary$Builder'.
2024-11-12 13:41:20,694 INFO  MethodCallReplacementClassAdapter - Adding mock interface to class org/apache/hadoop/fs/ContentSummary$Builder
2024-11-12 13:41:20,694 INFO  CreateClassResetClassAdapter - Creating brand-new static initializer in class org/apache/hadoop/fs/ContentSummary$Builder
2024-11-12 13:41:20,702 INFO  EvoClassLoader - Keeping class: org.apache.hadoop.fs.ContentSummary$Builder
2024-11-12 13:41:20,703 INFO  EvoClassLoader - Seeing class for first time: org.apache.hadoop.thirdparty.com.google.common.collect.Lists
2024-11-12 13:41:20,703 INFO  EvoClassLoader - Instrumenting class 'org.apache.hadoop.thirdparty.com.google.common.collect.Lists'.
2024-11-12 13:41:20,703 INFO  MethodCallReplacementClassAdapter - Adding mock interface to class org/apache/hadoop/thirdparty/com/google/common/collect/Lists
2024-11-12 13:41:20,705 INFO  CreateClassResetClassAdapter - Creating brand-new static initializer in class org/apache/hadoop/thirdparty/com/google/common/collect/Lists
2024-11-12 13:41:20,705 INFO  EvoClassLoader - Keeping class: org.apache.hadoop.thirdparty.com.google.common.collect.Lists
2024-11-12 13:41:20,705 INFO  EvoClassLoader - Seeing class for first time: org.apache.hadoop.thirdparty.com.google.common.collect.Lists$TransformingRandomAccessList
2024-11-12 13:41:20,705 INFO  EvoClassLoader - Instrumenting class 'org.apache.hadoop.thirdparty.com.google.common.collect.Lists$TransformingRandomAccessList'.
2024-11-12 13:41:20,705 INFO  MethodCallReplacementClassAdapter - Adding mock interface to class org/apache/hadoop/thirdparty/com/google/common/collect/Lists$TransformingRandomAccessList
2024-11-12 13:41:20,705 INFO  CreateClassResetClassAdapter - Creating brand-new static initializer in class org/apache/hadoop/thirdparty/com/google/common/collect/Lists$TransformingRandomAccessList
2024-11-12 13:41:20,706 INFO  EvoClassLoader - Keeping class: org.apache.hadoop.thirdparty.com.google.common.collect.Lists$TransformingRandomAccessList
2024-11-12 13:41:20,706 INFO  EvoClassLoader - Seeing class for first time: org.apache.hadoop.hdfs.server.namenode.LeaseManager$Monitor
2024-11-12 13:41:20,706 INFO  EvoClassLoader - Instrumenting class 'org.apache.hadoop.hdfs.server.namenode.LeaseManager$Monitor'.
2024-11-12 13:41:20,706 INFO  MethodCallReplacementClassAdapter - Adding mock interface to class org/apache/hadoop/hdfs/server/namenode/LeaseManager$Monitor
2024-11-12 13:41:20,706 INFO  CreateClassResetClassAdapter - Creating brand-new static initializer in class org/apache/hadoop/hdfs/server/namenode/LeaseManager$Monitor
2024-11-12 13:41:20,706 INFO  EvoClassLoader - Keeping class: org.apache.hadoop.hdfs.server.namenode.LeaseManager$Monitor
2024-11-12 13:41:20,706 INFO  EvoClassLoader - Seeing class for first time: org.apache.hadoop.hdfs.server.namenode.snapshot.DirectoryWithSnapshotFeature$DirectoryDiff
2024-11-12 13:41:20,706 INFO  EvoClassLoader - Instrumenting class 'org.apache.hadoop.hdfs.server.namenode.snapshot.DirectoryWithSnapshotFeature$DirectoryDiff'.
2024-11-12 13:41:20,706 INFO  MethodCallReplacementClassAdapter - Adding mock interface to class org/apache/hadoop/hdfs/server/namenode/snapshot/DirectoryWithSnapshotFeature$DirectoryDiff
2024-11-12 13:41:20,707 INFO  CreateClassResetClassAdapter - Creating brand-new static initializer in class org/apache/hadoop/hdfs/server/namenode/snapshot/DirectoryWithSnapshotFeature$DirectoryDiff
2024-11-12 13:41:20,707 INFO  EvoClassLoader - Keeping class: org.apache.hadoop.hdfs.server.namenode.snapshot.DirectoryWithSnapshotFeature$DirectoryDiff
2024-11-12 13:41:20,707 INFO  EvoClassLoader - Seeing class for first time: org.apache.hadoop.fs.permission.PermissionStatus$2
2024-11-12 13:41:20,707 INFO  EvoClassLoader - Instrumenting class 'org.apache.hadoop.fs.permission.PermissionStatus$2'.
2024-11-12 13:41:20,707 INFO  MethodCallReplacementClassAdapter - Adding mock interface to class org/apache/hadoop/fs/permission/PermissionStatus$2
2024-11-12 13:41:20,707 INFO  EvoClassLoader - Seeing class for first time: org.apache.hadoop.fs.permission.PermissionStatus
2024-11-12 13:41:20,707 INFO  EvoClassLoader - Instrumenting class 'org.apache.hadoop.fs.permission.PermissionStatus'.
2024-11-12 13:41:20,707 INFO  MethodCallReplacementClassAdapter - Adding mock interface to class org/apache/hadoop/fs/permission/PermissionStatus
2024-11-12 13:41:20,707 INFO  CreateClassResetClassAdapter - Found static initializer in class org/apache/hadoop/fs/permission/PermissionStatus
2024-11-12 13:41:20,708 INFO  EvoClassLoader - Keeping class: org.apache.hadoop.fs.permission.PermissionStatus
2024-11-12 13:41:20,708 INFO  EvoClassLoader - Keeping class: org.apache.hadoop.fs.permission.PermissionStatus$2
2024-11-12 13:41:20,708 INFO  EvoClassLoader - Seeing class for first time: org.apache.hadoop.fs.permission.PermissionStatus$1
2024-11-12 13:41:20,708 INFO  EvoClassLoader - Instrumenting class 'org.apache.hadoop.fs.permission.PermissionStatus$1'.
2024-11-12 13:41:20,708 INFO  MethodCallReplacementClassAdapter - Adding mock interface to class org/apache/hadoop/fs/permission/PermissionStatus$1
2024-11-12 13:41:20,708 INFO  EvoClassLoader - Keeping class: org.apache.hadoop.fs.permission.PermissionStatus$1
2024-11-12 13:41:20,708 INFO  EvoClassLoader - Seeing class for first time: org.apache.hadoop.hdfs.server.namenode.DirectoryWithQuotaFeature
2024-11-12 13:41:20,708 INFO  EvoClassLoader - Instrumenting class 'org.apache.hadoop.hdfs.server.namenode.DirectoryWithQuotaFeature'.
2024-11-12 13:41:20,708 INFO  MethodCallReplacementClassAdapter - Adding mock interface to class org/apache/hadoop/hdfs/server/namenode/DirectoryWithQuotaFeature
2024-11-12 13:41:20,708 INFO  CreateClassResetClassAdapter - Creating brand-new static initializer in class org/apache/hadoop/hdfs/server/namenode/DirectoryWithQuotaFeature
2024-11-12 13:41:20,708 INFO  CreateClassResetClassAdapter - Adding bytecode for initializing field DEFAULT_NAMESPACE_QUOTA
2024-11-12 13:41:20,708 INFO  CreateClassResetClassAdapter - Adding bytecode for initializing field DEFAULT_STORAGE_SPACE_QUOTA
2024-11-12 13:41:20,709 INFO  EvoClassLoader - Keeping class: org.apache.hadoop.hdfs.server.namenode.DirectoryWithQuotaFeature
2024-11-12 13:41:20,709 INFO  EvoClassLoader - Seeing class for first time: org.apache.hadoop.hdfs.protocol.NSQuotaExceededException
2024-11-12 13:41:20,709 INFO  EvoClassLoader - Instrumenting class 'org.apache.hadoop.hdfs.protocol.NSQuotaExceededException'.
2024-11-12 13:41:20,709 INFO  MethodCallReplacementClassAdapter - Adding mock interface to class org/apache/hadoop/hdfs/protocol/NSQuotaExceededException
2024-11-12 13:41:20,709 INFO  CreateClassResetClassAdapter - Creating brand-new static initializer in class org/apache/hadoop/hdfs/protocol/NSQuotaExceededException
2024-11-12 13:41:20,709 INFO  EvoClassLoader - Keeping class: org.apache.hadoop.hdfs.protocol.NSQuotaExceededException
2024-11-12 13:41:20,709 INFO  EvoClassLoader - Seeing class for first time: org.apache.hadoop.hdfs.protocol.DSQuotaExceededException
2024-11-12 13:41:20,709 INFO  EvoClassLoader - Instrumenting class 'org.apache.hadoop.hdfs.protocol.DSQuotaExceededException'.
2024-11-12 13:41:20,709 INFO  MethodCallReplacementClassAdapter - Adding mock interface to class org/apache/hadoop/hdfs/protocol/DSQuotaExceededException
2024-11-12 13:41:20,709 INFO  CreateClassResetClassAdapter - Creating brand-new static initializer in class org/apache/hadoop/hdfs/protocol/DSQuotaExceededException
2024-11-12 13:41:20,709 INFO  EvoClassLoader - Keeping class: org.apache.hadoop.hdfs.protocol.DSQuotaExceededException
2024-11-12 13:41:20,709 INFO  EvoClassLoader - Seeing class for first time: org.apache.hadoop.hdfs.protocol.QuotaByStorageTypeExceededException
2024-11-12 13:41:20,709 INFO  EvoClassLoader - Instrumenting class 'org.apache.hadoop.hdfs.protocol.QuotaByStorageTypeExceededException'.
2024-11-12 13:41:20,709 INFO  MethodCallReplacementClassAdapter - Adding mock interface to class org/apache/hadoop/hdfs/protocol/QuotaByStorageTypeExceededException
2024-11-12 13:41:20,709 INFO  CreateClassResetClassAdapter - Creating brand-new static initializer in class org/apache/hadoop/hdfs/protocol/QuotaByStorageTypeExceededException
2024-11-12 13:41:20,710 INFO  EvoClassLoader - Keeping class: org.apache.hadoop.hdfs.protocol.QuotaByStorageTypeExceededException
2024-11-12 13:41:20,710 INFO  EvoClassLoader - Seeing class for first time: org.apache.hadoop.classification.InterfaceAudience$LimitedPrivate
2024-11-12 13:41:20,710 INFO  EvoClassLoader - Instrumenting class 'org.apache.hadoop.classification.InterfaceAudience$LimitedPrivate'.
2024-11-12 13:41:20,710 INFO  EvoClassLoader - Keeping class: org.apache.hadoop.classification.InterfaceAudience$LimitedPrivate
2024-11-12 13:41:20,710 INFO  EvoClassLoader - Seeing class for first time: org.apache.hadoop.hdfs.server.namenode.snapshot.DirectoryWithSnapshotFeature$DirectoryDiffList
2024-11-12 13:41:20,710 INFO  EvoClassLoader - Instrumenting class 'org.apache.hadoop.hdfs.server.namenode.snapshot.DirectoryWithSnapshotFeature$DirectoryDiffList'.
2024-11-12 13:41:20,710 INFO  MethodCallReplacementClassAdapter - Adding mock interface to class org/apache/hadoop/hdfs/server/namenode/snapshot/DirectoryWithSnapshotFeature$DirectoryDiffList
2024-11-12 13:41:20,711 INFO  CreateClassResetClassAdapter - Creating brand-new static initializer in class org/apache/hadoop/hdfs/server/namenode/snapshot/DirectoryWithSnapshotFeature$DirectoryDiffList
2024-11-12 13:41:20,711 INFO  EvoClassLoader - Keeping class: org.apache.hadoop.hdfs.server.namenode.snapshot.DirectoryWithSnapshotFeature$DirectoryDiffList
2024-11-12 13:41:20,711 INFO  EvoClassLoader - Seeing class for first time: org.apache.hadoop.thirdparty.com.google.common.collect.Iterables
2024-11-12 13:41:20,711 INFO  EvoClassLoader - Instrumenting class 'org.apache.hadoop.thirdparty.com.google.common.collect.Iterables'.
2024-11-12 13:41:20,711 INFO  MethodCallReplacementClassAdapter - Adding mock interface to class org/apache/hadoop/thirdparty/com/google/common/collect/Iterables
2024-11-12 13:41:20,712 INFO  CreateClassResetClassAdapter - Creating brand-new static initializer in class org/apache/hadoop/thirdparty/com/google/common/collect/Iterables
2024-11-12 13:41:20,712 INFO  EvoClassLoader - Keeping class: org.apache.hadoop.thirdparty.com.google.common.collect.Iterables
2024-11-12 13:41:20,712 INFO  EvoClassLoader - Seeing class for first time: org.apache.hadoop.thirdparty.com.google.common.base.Function
2024-11-12 13:41:20,712 INFO  EvoClassLoader - Instrumenting class 'org.apache.hadoop.thirdparty.com.google.common.base.Function'.
2024-11-12 13:41:20,712 INFO  EvoClassLoader - Keeping class: org.apache.hadoop.thirdparty.com.google.common.base.Function
2024-11-12 13:41:20,713 INFO  EvoClassLoader - Seeing class for first time: org.apache.hadoop.hdfs.server.namenode.ContentSummaryComputationContext
2024-11-12 13:41:20,713 INFO  EvoClassLoader - Instrumenting class 'org.apache.hadoop.hdfs.server.namenode.ContentSummaryComputationContext'.
2024-11-12 13:41:20,713 INFO  MethodCallReplacementClassAdapter - Adding mock interface to class org/apache/hadoop/hdfs/server/namenode/ContentSummaryComputationContext
2024-11-12 13:41:20,713 INFO  CreateClassResetClassAdapter - Found static initializer in class org/apache/hadoop/hdfs/server/namenode/ContentSummaryComputationContext
2024-11-12 13:41:20,713 INFO  EvoClassLoader - Keeping class: org.apache.hadoop.hdfs.server.namenode.ContentSummaryComputationContext
2024-11-12 13:41:20,713 INFO  EvoClassLoader - Seeing class for first time: org.apache.hadoop.hdfs.util.ReadOnlyList$Util$1
2024-11-12 13:41:20,713 INFO  EvoClassLoader - Instrumenting class 'org.apache.hadoop.hdfs.util.ReadOnlyList$Util$1'.
2024-11-12 13:41:20,713 INFO  MethodCallReplacementClassAdapter - Adding mock interface to class org/apache/hadoop/hdfs/util/ReadOnlyList$Util$1
2024-11-12 13:41:20,714 INFO  EvoClassLoader - Keeping class: org.apache.hadoop.hdfs.util.ReadOnlyList$Util$1
2024-11-12 13:41:20,714 INFO  EvoClassLoader - Seeing class for first time: org.apache.hadoop.classification.InterfaceAudience$Public
2024-11-12 13:41:20,714 INFO  EvoClassLoader - Instrumenting class 'org.apache.hadoop.classification.InterfaceAudience$Public'.
2024-11-12 13:41:20,714 INFO  EvoClassLoader - Keeping class: org.apache.hadoop.classification.InterfaceAudience$Public
2024-11-12 13:41:20,714 INFO  EvoClassLoader - Seeing class for first time: org.apache.hadoop.hdfs.server.namenode.INodesInPath
2024-11-12 13:41:20,714 INFO  EvoClassLoader - Instrumenting class 'org.apache.hadoop.hdfs.server.namenode.INodesInPath'.
2024-11-12 13:41:20,714 INFO  MethodCallReplacementClassAdapter - Adding mock interface to class org/apache/hadoop/hdfs/server/namenode/INodesInPath
2024-11-12 13:41:20,716 INFO  CreateClassResetClassAdapter - Found static initializer in class org/apache/hadoop/hdfs/server/namenode/INodesInPath
2024-11-12 13:41:20,716 INFO  EvoClassLoader - Keeping class: org.apache.hadoop.hdfs.server.namenode.INodesInPath
2024-11-12 13:41:20,717 INFO  EvoClassLoader - Seeing class for first time: org.apache.hadoop.thirdparty.com.google.common.collect.Iterators$ConcatenatedIterator
2024-11-12 13:41:20,717 INFO  EvoClassLoader - Instrumenting class 'org.apache.hadoop.thirdparty.com.google.common.collect.Iterators$ConcatenatedIterator'.
2024-11-12 13:41:20,717 INFO  MethodCallReplacementClassAdapter - Adding mock interface to class org/apache/hadoop/thirdparty/com/google/common/collect/Iterators$ConcatenatedIterator
2024-11-12 13:41:20,717 INFO  CreateClassResetClassAdapter - Creating brand-new static initializer in class org/apache/hadoop/thirdparty/com/google/common/collect/Iterators$ConcatenatedIterator
2024-11-12 13:41:20,717 INFO  EvoClassLoader - Keeping class: org.apache.hadoop.thirdparty.com.google.common.collect.Iterators$ConcatenatedIterator
2024-11-12 13:41:20,717 INFO  EvoClassLoader - Seeing class for first time: org.apache.hadoop.hdfs.server.namenode.XAttrFormat
2024-11-12 13:41:20,717 INFO  EvoClassLoader - Instrumenting class 'org.apache.hadoop.hdfs.server.namenode.XAttrFormat'.
2024-11-12 13:41:20,718 INFO  MethodCallReplacementClassAdapter - Adding mock interface to class org/apache/hadoop/hdfs/server/namenode/XAttrFormat
2024-11-12 13:41:20,718 INFO  CreateClassResetClassAdapter - Found static initializer in class org/apache/hadoop/hdfs/server/namenode/XAttrFormat
2024-11-12 13:41:20,718 INFO  EvoClassLoader - Keeping class: org.apache.hadoop.hdfs.server.namenode.XAttrFormat
2024-11-12 13:41:20,719 INFO  EvoClassLoader - Seeing class for first time: org.apache.hadoop.thirdparty.com.google.common.collect.CollectPreconditions
2024-11-12 13:41:20,719 INFO  EvoClassLoader - Instrumenting class 'org.apache.hadoop.thirdparty.com.google.common.collect.CollectPreconditions'.
2024-11-12 13:41:20,719 INFO  MethodCallReplacementClassAdapter - Adding mock interface to class org/apache/hadoop/thirdparty/com/google/common/collect/CollectPreconditions
2024-11-12 13:41:20,719 INFO  CreateClassResetClassAdapter - Creating brand-new static initializer in class org/apache/hadoop/thirdparty/com/google/common/collect/CollectPreconditions
2024-11-12 13:41:20,720 INFO  EvoClassLoader - Keeping class: org.apache.hadoop.thirdparty.com.google.common.collect.CollectPreconditions
2024-11-12 13:41:20,720 INFO  EvoClassLoader - Seeing class for first time: org.apache.hadoop.hdfs.server.namenode.INodeMap
2024-11-12 13:41:20,720 INFO  EvoClassLoader - Instrumenting class 'org.apache.hadoop.hdfs.server.namenode.INodeMap'.
2024-11-12 13:41:20,720 INFO  MethodCallReplacementClassAdapter - Adding mock interface to class org/apache/hadoop/hdfs/server/namenode/INodeMap
2024-11-12 13:41:20,720 INFO  CreateClassResetClassAdapter - Creating brand-new static initializer in class org/apache/hadoop/hdfs/server/namenode/INodeMap
2024-11-12 13:41:20,720 INFO  EvoClassLoader - Keeping class: org.apache.hadoop.hdfs.server.namenode.INodeMap
2024-11-12 13:41:20,720 INFO  EvoClassLoader - Seeing class for first time: org.apache.hadoop.util.GSet
2024-11-12 13:41:20,720 INFO  EvoClassLoader - Instrumenting class 'org.apache.hadoop.util.GSet'.
2024-11-12 13:41:20,720 INFO  EvoClassLoader - Keeping class: org.apache.hadoop.util.GSet
2024-11-12 13:41:20,720 INFO  EvoClassLoader - Seeing class for first time: org.apache.hadoop.hdfs.server.namenode.snapshot.Snapshot$1
2024-11-12 13:41:20,720 INFO  EvoClassLoader - Instrumenting class 'org.apache.hadoop.hdfs.server.namenode.snapshot.Snapshot$1'.
2024-11-12 13:41:20,721 INFO  MethodCallReplacementClassAdapter - Adding mock interface to class org/apache/hadoop/hdfs/server/namenode/snapshot/Snapshot$1
2024-11-12 13:41:20,721 INFO  EvoClassLoader - Keeping class: org.apache.hadoop.hdfs.server.namenode.snapshot.Snapshot$1
2024-11-12 13:41:20,721 INFO  EvoClassLoader - Seeing class for first time: org.apache.hadoop.hdfs.server.namenode.snapshot.Snapshot$2
2024-11-12 13:41:20,721 INFO  EvoClassLoader - Instrumenting class 'org.apache.hadoop.hdfs.server.namenode.snapshot.Snapshot$2'.
2024-11-12 13:41:20,721 INFO  MethodCallReplacementClassAdapter - Adding mock interface to class org/apache/hadoop/hdfs/server/namenode/snapshot/Snapshot$2
2024-11-12 13:41:20,721 INFO  EvoClassLoader - Keeping class: org.apache.hadoop.hdfs.server.namenode.snapshot.Snapshot$2
2024-11-12 13:41:20,721 INFO  EvoClassLoader - Seeing class for first time: org.apache.hadoop.hdfs.server.namenode.snapshot.SnapshotDiffInfo$RenameEntry
2024-11-12 13:41:20,721 INFO  EvoClassLoader - Instrumenting class 'org.apache.hadoop.hdfs.server.namenode.snapshot.SnapshotDiffInfo$RenameEntry'.
2024-11-12 13:41:20,721 INFO  MethodCallReplacementClassAdapter - Adding mock interface to class org/apache/hadoop/hdfs/server/namenode/snapshot/SnapshotDiffInfo$RenameEntry
2024-11-12 13:41:20,721 INFO  CreateClassResetClassAdapter - Creating brand-new static initializer in class org/apache/hadoop/hdfs/server/namenode/snapshot/SnapshotDiffInfo$RenameEntry
2024-11-12 13:41:20,721 INFO  EvoClassLoader - Keeping class: org.apache.hadoop.hdfs.server.namenode.snapshot.SnapshotDiffInfo$RenameEntry
2024-11-12 13:41:20,721 INFO  EvoClassLoader - Seeing class for first time: org.apache.hadoop.hdfs.util.Diff$UndoInfo
2024-11-12 13:41:20,721 INFO  EvoClassLoader - Instrumenting class 'org.apache.hadoop.hdfs.util.Diff$UndoInfo'.
2024-11-12 13:41:20,721 INFO  MethodCallReplacementClassAdapter - Adding mock interface to class org/apache/hadoop/hdfs/util/Diff$UndoInfo
2024-11-12 13:41:20,721 INFO  CreateClassResetClassAdapter - Creating brand-new static initializer in class org/apache/hadoop/hdfs/util/Diff$UndoInfo
2024-11-12 13:41:20,722 INFO  EvoClassLoader - Keeping class: org.apache.hadoop.hdfs.util.Diff$UndoInfo
2024-11-12 13:41:20,722 INFO  EvoClassLoader - Seeing class for first time: org.apache.hadoop.hdfs.server.namenode.SerialNumberManager
2024-11-12 13:41:20,722 INFO  EvoClassLoader - Instrumenting class 'org.apache.hadoop.hdfs.server.namenode.SerialNumberManager'.
2024-11-12 13:41:20,722 INFO  MethodCallReplacementClassAdapter - Adding mock interface to class org/apache/hadoop/hdfs/server/namenode/SerialNumberManager
2024-11-12 13:41:20,722 INFO  CreateClassResetClassAdapter - Found static initializer in class org/apache/hadoop/hdfs/server/namenode/SerialNumberManager
2024-11-12 13:41:20,723 INFO  EvoClassLoader - Keeping class: org.apache.hadoop.hdfs.server.namenode.SerialNumberManager
2024-11-12 13:41:20,723 INFO  FSDirectory - GLOBAL serial map: bits=29 maxEntries=536870911
2024-11-12 13:41:20,723 INFO  FSDirectory - USER serial map: bits=24 maxEntries=16777215
2024-11-12 13:41:20,723 INFO  FSDirectory - GROUP serial map: bits=24 maxEntries=16777215
2024-11-12 13:41:20,723 INFO  FSDirectory - XATTR serial map: bits=24 maxEntries=16777215
2024-11-12 13:41:20,723 INFO  EvoClassLoader - Seeing class for first time: org.apache.hadoop.hdfs.server.namenode.snapshot.DirectoryWithSnapshotFeature$1
2024-11-12 13:41:20,723 INFO  EvoClassLoader - Instrumenting class 'org.apache.hadoop.hdfs.server.namenode.snapshot.DirectoryWithSnapshotFeature$1'.
2024-11-12 13:41:20,723 INFO  MethodCallReplacementClassAdapter - Adding mock interface to class org/apache/hadoop/hdfs/server/namenode/snapshot/DirectoryWithSnapshotFeature$1
2024-11-12 13:41:20,723 INFO  EvoClassLoader - Keeping class: org.apache.hadoop.hdfs.server.namenode.snapshot.DirectoryWithSnapshotFeature$1
2024-11-12 13:41:20,723 INFO  EvoClassLoader - Seeing class for first time: org.apache.hadoop.thirdparty.com.google.common.base.Absent
2024-11-12 13:41:20,723 INFO  EvoClassLoader - Instrumenting class 'org.apache.hadoop.thirdparty.com.google.common.base.Absent'.
2024-11-12 13:41:20,723 INFO  MethodCallReplacementClassAdapter - Adding mock interface to class org/apache/hadoop/thirdparty/com/google/common/base/Absent
2024-11-12 13:41:20,724 INFO  CreateClassResetClassAdapter - Found static initializer in class org/apache/hadoop/thirdparty/com/google/common/base/Absent
2024-11-12 13:41:20,724 INFO  EvoClassLoader - Keeping class: org.apache.hadoop.thirdparty.com.google.common.base.Absent
2024-11-12 13:41:20,724 INFO  EvoClassLoader - Seeing class for first time: org.apache.hadoop.hdfs.server.namenode.XAttrFeature
2024-11-12 13:41:20,724 INFO  EvoClassLoader - Instrumenting class 'org.apache.hadoop.hdfs.server.namenode.XAttrFeature'.
2024-11-12 13:41:20,724 INFO  MethodCallReplacementClassAdapter - Adding mock interface to class org/apache/hadoop/hdfs/server/namenode/XAttrFeature
2024-11-12 13:41:20,726 INFO  CreateClassResetClassAdapter - Creating brand-new static initializer in class org/apache/hadoop/hdfs/server/namenode/XAttrFeature
2024-11-12 13:41:20,726 INFO  CreateClassResetClassAdapter - Adding bytecode for initializing field PACK_THRESHOLD
2024-11-12 13:41:20,726 INFO  EvoClassLoader - Keeping class: org.apache.hadoop.hdfs.server.namenode.XAttrFeature
2024-11-12 13:41:20,726 INFO  EvoClassLoader - Seeing class for first time: org.apache.hadoop.hdfs.protocol.SnapshotDiffReport
2024-11-12 13:41:20,726 INFO  EvoClassLoader - Instrumenting class 'org.apache.hadoop.hdfs.protocol.SnapshotDiffReport'.
2024-11-12 13:41:20,726 INFO  MethodCallReplacementClassAdapter - Adding mock interface to class org/apache/hadoop/hdfs/protocol/SnapshotDiffReport
2024-11-12 13:41:20,727 INFO  CreateClassResetClassAdapter - Found static initializer in class org/apache/hadoop/hdfs/protocol/SnapshotDiffReport
2024-11-12 13:41:20,727 INFO  EvoClassLoader - Keeping class: org.apache.hadoop.hdfs.protocol.SnapshotDiffReport
2024-11-12 13:41:20,727 INFO  EvoClassLoader - Seeing class for first time: org.apache.hadoop.classification.InterfaceStability$Unstable
2024-11-12 13:41:20,727 INFO  EvoClassLoader - Instrumenting class 'org.apache.hadoop.classification.InterfaceStability$Unstable'.
2024-11-12 13:41:20,727 INFO  EvoClassLoader - Keeping class: org.apache.hadoop.classification.InterfaceStability$Unstable
2024-11-12 13:41:20,727 INFO  EvoClassLoader - Seeing class for first time: org.apache.hadoop.thirdparty.com.google.common.primitives.SignedBytes
2024-11-12 13:41:20,727 INFO  EvoClassLoader - Instrumenting class 'org.apache.hadoop.thirdparty.com.google.common.primitives.SignedBytes'.
2024-11-12 13:41:20,727 INFO  MethodCallReplacementClassAdapter - Adding mock interface to class org/apache/hadoop/thirdparty/com/google/common/primitives/SignedBytes
2024-11-12 13:41:20,727 INFO  CreateClassResetClassAdapter - Creating brand-new static initializer in class org/apache/hadoop/thirdparty/com/google/common/primitives/SignedBytes
2024-11-12 13:41:20,727 INFO  CreateClassResetClassAdapter - Adding bytecode for initializing field MAX_POWER_OF_TWO
2024-11-12 13:41:20,728 INFO  EvoClassLoader - Keeping class: org.apache.hadoop.thirdparty.com.google.common.primitives.SignedBytes
2024-11-12 13:41:20,728 INFO  EvoClassLoader - Seeing class for first time: org.apache.hadoop.hdfs.server.namenode.snapshot.Snapshot
2024-11-12 13:41:20,728 INFO  EvoClassLoader - Instrumenting class 'org.apache.hadoop.hdfs.server.namenode.snapshot.Snapshot'.
2024-11-12 13:41:20,728 INFO  MethodCallReplacementClassAdapter - Adding mock interface to class org/apache/hadoop/hdfs/server/namenode/snapshot/Snapshot
2024-11-12 13:41:20,729 INFO  CreateClassResetClassAdapter - Found static initializer in class org/apache/hadoop/hdfs/server/namenode/snapshot/Snapshot
2024-11-12 13:41:20,729 INFO  EvoClassLoader - Keeping class: org.apache.hadoop.hdfs.server.namenode.snapshot.Snapshot
2024-11-12 13:41:20,729 INFO  EvoClassLoader - Seeing class for first time: org.apache.hadoop.hdfs.server.blockmanagement.BlockStoragePolicySuite
2024-11-12 13:41:20,729 INFO  EvoClassLoader - Instrumenting class 'org.apache.hadoop.hdfs.server.blockmanagement.BlockStoragePolicySuite'.
2024-11-12 13:41:20,730 INFO  MethodCallReplacementClassAdapter - Adding mock interface to class org/apache/hadoop/hdfs/server/blockmanagement/BlockStoragePolicySuite
2024-11-12 13:41:20,730 INFO  CreateClassResetClassAdapter - Found static initializer in class org/apache/hadoop/hdfs/server/blockmanagement/BlockStoragePolicySuite
2024-11-12 13:41:20,730 INFO  EvoClassLoader - Keeping class: org.apache.hadoop.hdfs.server.blockmanagement.BlockStoragePolicySuite
2024-11-12 13:41:20,730 INFO  EvoClassLoader - Seeing class for first time: org.apache.hadoop.thirdparty.com.google.common.collect.Iterables$10
2024-11-12 13:41:20,730 INFO  EvoClassLoader - Instrumenting class 'org.apache.hadoop.thirdparty.com.google.common.collect.Iterables$10'.
2024-11-12 13:41:20,730 INFO  MethodCallReplacementClassAdapter - Adding mock interface to class org/apache/hadoop/thirdparty/com/google/common/collect/Iterables$10
2024-11-12 13:41:20,730 INFO  EvoClassLoader - Keeping class: org.apache.hadoop.thirdparty.com.google.common.collect.Iterables$10
2024-11-12 13:41:20,730 INFO  EvoClassLoader - Seeing class for first time: org.apache.hadoop.hdfs.server.namenode.INode$QuotaDelta
2024-11-12 13:41:20,730 INFO  EvoClassLoader - Instrumenting class 'org.apache.hadoop.hdfs.server.namenode.INode$QuotaDelta'.
2024-11-12 13:41:20,731 INFO  MethodCallReplacementClassAdapter - Adding mock interface to class org/apache/hadoop/hdfs/server/namenode/INode$QuotaDelta
2024-11-12 13:41:20,731 INFO  CreateClassResetClassAdapter - Creating brand-new static initializer in class org/apache/hadoop/hdfs/server/namenode/INode$QuotaDelta
2024-11-12 13:41:20,731 INFO  EvoClassLoader - Keeping class: org.apache.hadoop.hdfs.server.namenode.INode$QuotaDelta
2024-11-12 13:41:20,731 INFO  EvoClassLoader - Seeing class for first time: org.apache.hadoop.hdfs.server.namenode.INode$BlocksMapUpdateInfo
2024-11-12 13:41:20,731 INFO  EvoClassLoader - Instrumenting class 'org.apache.hadoop.hdfs.server.namenode.INode$BlocksMapUpdateInfo'.
2024-11-12 13:41:20,731 INFO  MethodCallReplacementClassAdapter - Adding mock interface to class org/apache/hadoop/hdfs/server/namenode/INode$BlocksMapUpdateInfo
2024-11-12 13:41:20,731 INFO  CreateClassResetClassAdapter - Found static initializer in class org/apache/hadoop/hdfs/server/namenode/INode$BlocksMapUpdateInfo
2024-11-12 13:41:20,731 INFO  EvoClassLoader - Keeping class: org.apache.hadoop.hdfs.server.namenode.INode$BlocksMapUpdateInfo
2024-11-12 13:41:20,731 INFO  EvoClassLoader - Seeing class for first time: org.apache.hadoop.io.MD5Hash
2024-11-12 13:41:20,731 INFO  EvoClassLoader - Instrumenting class 'org.apache.hadoop.io.MD5Hash'.
2024-11-12 13:41:20,731 INFO  MethodCallReplacementClassAdapter - Adding mock interface to class org/apache/hadoop/io/MD5Hash
2024-11-12 13:41:20,732 INFO  CreateClassResetClassAdapter - Found static initializer in class org/apache/hadoop/io/MD5Hash
2024-11-12 13:41:20,732 INFO  EvoClassLoader - Seeing class for first time: org.apache.hadoop.io.WritableComparable
2024-11-12 13:41:20,732 INFO  EvoClassLoader - Instrumenting class 'org.apache.hadoop.io.WritableComparable'.
2024-11-12 13:41:20,733 INFO  EvoClassLoader - Keeping class: org.apache.hadoop.io.WritableComparable
2024-11-12 13:41:20,733 INFO  EvoClassLoader - Keeping class: org.apache.hadoop.io.MD5Hash
2024-11-12 13:41:20,733 INFO  EvoClassLoader - Seeing class for first time: org.apache.hadoop.hdfs.server.namenode.startupprogress.StartupProgress$Counter
2024-11-12 13:41:20,733 INFO  EvoClassLoader - Instrumenting class 'org.apache.hadoop.hdfs.server.namenode.startupprogress.StartupProgress$Counter'.
2024-11-12 13:41:20,733 INFO  EvoClassLoader - Keeping class: org.apache.hadoop.hdfs.server.namenode.startupprogress.StartupProgress$Counter
2024-11-12 13:41:20,733 INFO  EvoClassLoader - Seeing class for first time: org.apache.hadoop.hdfs.server.namenode.IllegalReservedPathException
2024-11-12 13:41:20,733 INFO  EvoClassLoader - Instrumenting class 'org.apache.hadoop.hdfs.server.namenode.IllegalReservedPathException'.
2024-11-12 13:41:20,733 INFO  MethodCallReplacementClassAdapter - Adding mock interface to class org/apache/hadoop/hdfs/server/namenode/IllegalReservedPathException
2024-11-12 13:41:20,733 INFO  CreateClassResetClassAdapter - Creating brand-new static initializer in class org/apache/hadoop/hdfs/server/namenode/IllegalReservedPathException
2024-11-12 13:41:20,733 INFO  EvoClassLoader - Keeping class: org.apache.hadoop.hdfs.server.namenode.IllegalReservedPathException
2024-11-12 13:41:20,733 INFO  EvoClassLoader - Seeing class for first time: org.apache.hadoop.fs.Path
2024-11-12 13:41:20,733 INFO  EvoClassLoader - Instrumenting class 'org.apache.hadoop.fs.Path'.
2024-11-12 13:41:20,733 INFO  MethodCallReplacementClassAdapter - Adding mock interface to class org/apache/hadoop/fs/Path
2024-11-12 13:41:20,735 INFO  CreateClassResetClassAdapter - Found static initializer in class org/apache/hadoop/fs/Path
2024-11-12 13:41:20,735 INFO  EvoClassLoader - Keeping class: org.apache.hadoop.fs.Path
2024-11-12 13:41:20,735 INFO  EvoClassLoader - Seeing class for first time: org.apache.hadoop.conf.Configuration$Resource
2024-11-12 13:41:20,735 INFO  EvoClassLoader - Instrumenting class 'org.apache.hadoop.conf.Configuration$Resource'.
2024-11-12 13:41:20,735 INFO  MethodCallReplacementClassAdapter - Adding mock interface to class org/apache/hadoop/conf/Configuration$Resource
2024-11-12 13:41:20,736 INFO  CreateClassResetClassAdapter - Creating brand-new static initializer in class org/apache/hadoop/conf/Configuration$Resource
2024-11-12 13:41:20,736 INFO  EvoClassLoader - Keeping class: org.apache.hadoop.conf.Configuration$Resource
2024-11-12 13:41:20,736 INFO  EvoClassLoader - Seeing class for first time: org.apache.hadoop.conf.StorageUnit
2024-11-12 13:41:20,736 INFO  EvoClassLoader - Instrumenting class 'org.apache.hadoop.conf.StorageUnit'.
2024-11-12 13:41:20,736 INFO  MethodCallReplacementClassAdapter - Adding mock interface to class org/apache/hadoop/conf/StorageUnit
2024-11-12 13:41:20,736 INFO  CreateClassResetClassAdapter - Found static initializer in class org/apache/hadoop/conf/StorageUnit
2024-11-12 13:41:20,736 INFO  EvoClassLoader - Keeping class: org.apache.hadoop.conf.StorageUnit
2024-11-12 13:41:20,736 INFO  EvoClassLoader - Seeing class for first time: org.apache.hadoop.conf.Configuration$IntegerRanges
2024-11-12 13:41:20,736 INFO  EvoClassLoader - Instrumenting class 'org.apache.hadoop.conf.Configuration$IntegerRanges'.
2024-11-12 13:41:20,736 INFO  MethodCallReplacementClassAdapter - Adding mock interface to class org/apache/hadoop/conf/Configuration$IntegerRanges
2024-11-12 13:41:20,737 INFO  CreateClassResetClassAdapter - Creating brand-new static initializer in class org/apache/hadoop/conf/Configuration$IntegerRanges
2024-11-12 13:41:20,737 INFO  EvoClassLoader - Keeping class: org.apache.hadoop.conf.Configuration$IntegerRanges
2024-11-12 13:41:20,737 INFO  EvoClassLoader - Seeing class for first time: com.fasterxml.jackson.core.JsonGenerator
2024-11-12 13:41:20,737 INFO  EvoClassLoader - Instrumenting class 'com.fasterxml.jackson.core.JsonGenerator'.
2024-11-12 13:41:20,737 INFO  MethodCallReplacementClassAdapter - Adding mock interface to class com/fasterxml/jackson/core/JsonGenerator
2024-11-12 13:41:20,739 INFO  CreateClassResetClassAdapter - Found static initializer in class com/fasterxml/jackson/core/JsonGenerator
2024-11-12 13:41:20,739 INFO  EvoClassLoader - Defined package (3): package com.fasterxml.jackson.core, 1215208167
2024-11-12 13:41:20,741 INFO  EvoClassLoader - Seeing class for first time: com.fasterxml.jackson.core.Versioned
2024-11-12 13:41:20,741 INFO  EvoClassLoader - Instrumenting class 'com.fasterxml.jackson.core.Versioned'.
2024-11-12 13:41:20,741 INFO  EvoClassLoader - Keeping class: com.fasterxml.jackson.core.Versioned
2024-11-12 13:41:20,741 INFO  EvoClassLoader - Keeping class: com.fasterxml.jackson.core.JsonGenerator
2024-11-12 13:41:20,741 INFO  EvoClassLoader - Seeing class for first time: org.apache.hadoop.conf.ConfigRedactor
2024-11-12 13:41:20,741 INFO  EvoClassLoader - Instrumenting class 'org.apache.hadoop.conf.ConfigRedactor'.
2024-11-12 13:41:20,741 INFO  MethodCallReplacementClassAdapter - Adding mock interface to class org/apache/hadoop/conf/ConfigRedactor
2024-11-12 13:41:20,741 INFO  CreateClassResetClassAdapter - Creating brand-new static initializer in class org/apache/hadoop/conf/ConfigRedactor
2024-11-12 13:41:20,741 INFO  CreateClassResetClassAdapter - Adding bytecode for initializing field REDACTED_TEXT
2024-11-12 13:41:20,741 INFO  EvoClassLoader - Keeping class: org.apache.hadoop.conf.ConfigRedactor
2024-11-12 13:41:20,741 INFO  EvoClassLoader - Seeing class for first time: org.apache.hadoop.security.alias.CredentialProvider
2024-11-12 13:41:20,741 INFO  EvoClassLoader - Instrumenting class 'org.apache.hadoop.security.alias.CredentialProvider'.
2024-11-12 13:41:20,742 INFO  MethodCallReplacementClassAdapter - Adding mock interface to class org/apache/hadoop/security/alias/CredentialProvider
2024-11-12 13:41:20,742 INFO  CreateClassResetClassAdapter - Creating brand-new static initializer in class org/apache/hadoop/security/alias/CredentialProvider
2024-11-12 13:41:20,742 INFO  CreateClassResetClassAdapter - Adding bytecode for initializing field CLEAR_TEXT_FALLBACK
2024-11-12 13:41:20,742 INFO  EvoClassLoader - Defined package (3): package org.apache.hadoop.security.alias, -558591691
2024-11-12 13:41:20,742 INFO  EvoClassLoader - Keeping class: org.apache.hadoop.security.alias.CredentialProvider
2024-11-12 13:41:20,742 INFO  EvoClassLoader - Seeing class for first time: org.apache.hadoop.security.alias.CredentialProvider$CredentialEntry
2024-11-12 13:41:20,742 INFO  EvoClassLoader - Instrumenting class 'org.apache.hadoop.security.alias.CredentialProvider$CredentialEntry'.
2024-11-12 13:41:20,742 INFO  MethodCallReplacementClassAdapter - Adding mock interface to class org/apache/hadoop/security/alias/CredentialProvider$CredentialEntry
2024-11-12 13:41:20,742 INFO  CreateClassResetClassAdapter - Creating brand-new static initializer in class org/apache/hadoop/security/alias/CredentialProvider$CredentialEntry
2024-11-12 13:41:20,742 INFO  EvoClassLoader - Keeping class: org.apache.hadoop.security.alias.CredentialProvider$CredentialEntry
2024-11-12 13:41:20,742 INFO  EvoClassLoader - Seeing class for first time: org.apache.hadoop.thirdparty.com.google.common.base.Supplier
2024-11-12 13:41:20,742 INFO  EvoClassLoader - Instrumenting class 'org.apache.hadoop.thirdparty.com.google.common.base.Supplier'.
2024-11-12 13:41:20,743 INFO  EvoClassLoader - Keeping class: org.apache.hadoop.thirdparty.com.google.common.base.Supplier
2024-11-12 13:41:20,743 INFO  EvoClassLoader - Seeing class for first time: org.apache.hadoop.crypto.key.KeyProviderCryptoExtension
2024-11-12 13:41:20,743 INFO  EvoClassLoader - Instrumenting class 'org.apache.hadoop.crypto.key.KeyProviderCryptoExtension'.
2024-11-12 13:41:20,743 INFO  MethodCallReplacementClassAdapter - Adding mock interface to class org/apache/hadoop/crypto/key/KeyProviderCryptoExtension
2024-11-12 13:41:20,743 INFO  CreateClassResetClassAdapter - Creating brand-new static initializer in class org/apache/hadoop/crypto/key/KeyProviderCryptoExtension
2024-11-12 13:41:20,743 INFO  CreateClassResetClassAdapter - Adding bytecode for initializing field EEK
2024-11-12 13:41:20,743 INFO  CreateClassResetClassAdapter - Adding bytecode for initializing field EK
2024-11-12 13:41:20,743 INFO  EvoClassLoader - Defined package (3): package org.apache.hadoop.crypto.key, 588888133
2024-11-12 13:41:20,743 INFO  EvoClassLoader - Seeing class for first time: org.apache.hadoop.crypto.key.KeyProviderExtension
2024-11-12 13:41:20,743 INFO  EvoClassLoader - Instrumenting class 'org.apache.hadoop.crypto.key.KeyProviderExtension'.
2024-11-12 13:41:20,744 INFO  MethodCallReplacementClassAdapter - Adding mock interface to class org/apache/hadoop/crypto/key/KeyProviderExtension
2024-11-12 13:41:20,744 INFO  CreateClassResetClassAdapter - Creating brand-new static initializer in class org/apache/hadoop/crypto/key/KeyProviderExtension
2024-11-12 13:41:20,744 INFO  EvoClassLoader - Seeing class for first time: org.apache.hadoop.crypto.key.KeyProvider
2024-11-12 13:41:20,744 INFO  EvoClassLoader - Instrumenting class 'org.apache.hadoop.crypto.key.KeyProvider'.
2024-11-12 13:41:20,744 INFO  MethodCallReplacementClassAdapter - Adding mock interface to class org/apache/hadoop/crypto/key/KeyProvider
2024-11-12 13:41:20,745 INFO  CreateClassResetClassAdapter - Creating brand-new static initializer in class org/apache/hadoop/crypto/key/KeyProvider
2024-11-12 13:41:20,745 INFO  CreateClassResetClassAdapter - Adding bytecode for initializing field DEFAULT_CIPHER_NAME
2024-11-12 13:41:20,745 INFO  CreateClassResetClassAdapter - Adding bytecode for initializing field DEFAULT_CIPHER
2024-11-12 13:41:20,745 INFO  CreateClassResetClassAdapter - Adding bytecode for initializing field DEFAULT_BITLENGTH_NAME
2024-11-12 13:41:20,745 INFO  CreateClassResetClassAdapter - Adding bytecode for initializing field DEFAULT_BITLENGTH
2024-11-12 13:41:20,745 INFO  CreateClassResetClassAdapter - Adding bytecode for initializing field JCEKS_KEY_SERIALFILTER_DEFAULT
2024-11-12 13:41:20,745 INFO  CreateClassResetClassAdapter - Adding bytecode for initializing field JCEKS_KEY_SERIAL_FILTER
2024-11-12 13:41:20,745 INFO  EvoClassLoader - Keeping class: org.apache.hadoop.crypto.key.KeyProvider
2024-11-12 13:41:20,745 INFO  EvoClassLoader - Keeping class: org.apache.hadoop.crypto.key.KeyProviderExtension
2024-11-12 13:41:20,745 INFO  EvoClassLoader - Keeping class: org.apache.hadoop.crypto.key.KeyProviderCryptoExtension
2024-11-12 13:41:20,745 INFO  EvoClassLoader - Seeing class for first time: org.apache.hadoop.hdfs.server.blockmanagement.BlockManager
2024-11-12 13:41:20,745 INFO  EvoClassLoader - Instrumenting class 'org.apache.hadoop.hdfs.server.blockmanagement.BlockManager'.
2024-11-12 13:41:20,747 INFO  MethodCallReplacementClassAdapter - Adding mock interface to class org/apache/hadoop/hdfs/server/blockmanagement/BlockManager
2024-11-12 13:41:20,756 INFO  CreateClassResetClassAdapter - Found static initializer in class org/apache/hadoop/hdfs/server/blockmanagement/BlockManager
2024-11-12 13:41:20,758 INFO  EvoClassLoader - Seeing class for first time: org.apache.hadoop.hdfs.server.blockmanagement.BlockStatsMXBean
2024-11-12 13:41:20,758 INFO  EvoClassLoader - Instrumenting class 'org.apache.hadoop.hdfs.server.blockmanagement.BlockStatsMXBean'.
2024-11-12 13:41:20,758 INFO  EvoClassLoader - Keeping class: org.apache.hadoop.hdfs.server.blockmanagement.BlockStatsMXBean
2024-11-12 13:41:20,758 INFO  EvoClassLoader - Keeping class: org.apache.hadoop.hdfs.server.blockmanagement.BlockManager
2024-11-12 13:41:20,758 INFO  EvoClassLoader - Seeing class for first time: org.apache.hadoop.ha.HAServiceProtocol$HAServiceState
2024-11-12 13:41:20,758 INFO  EvoClassLoader - Instrumenting class 'org.apache.hadoop.ha.HAServiceProtocol$HAServiceState'.
2024-11-12 13:41:20,759 INFO  MethodCallReplacementClassAdapter - Adding mock interface to class org/apache/hadoop/ha/HAServiceProtocol$HAServiceState
2024-11-12 13:41:20,759 INFO  CreateClassResetClassAdapter - Found static initializer in class org/apache/hadoop/ha/HAServiceProtocol$HAServiceState
2024-11-12 13:41:20,759 INFO  EvoClassLoader - Defined package (3): package org.apache.hadoop.ha, -40118132
2024-11-12 13:41:20,759 INFO  EvoClassLoader - Keeping class: org.apache.hadoop.ha.HAServiceProtocol$HAServiceState
2024-11-12 13:41:20,759 INFO  EvoClassLoader - Seeing class for first time: org.apache.hadoop.fs.Options$Rename
2024-11-12 13:41:20,759 INFO  EvoClassLoader - Instrumenting class 'org.apache.hadoop.fs.Options$Rename'.
2024-11-12 13:41:20,759 INFO  MethodCallReplacementClassAdapter - Adding mock interface to class org/apache/hadoop/fs/Options$Rename
2024-11-12 13:41:20,759 INFO  CreateClassResetClassAdapter - Found static initializer in class org/apache/hadoop/fs/Options$Rename
2024-11-12 13:41:20,759 INFO  EvoClassLoader - Keeping class: org.apache.hadoop.fs.Options$Rename
2024-11-12 13:41:20,759 INFO  EvoClassLoader - Seeing class for first time: org.apache.hadoop.fs.UnresolvedLinkException
2024-11-12 13:41:20,759 INFO  EvoClassLoader - Instrumenting class 'org.apache.hadoop.fs.UnresolvedLinkException'.
2024-11-12 13:41:20,759 INFO  MethodCallReplacementClassAdapter - Adding mock interface to class org/apache/hadoop/fs/UnresolvedLinkException
2024-11-12 13:41:20,759 INFO  CreateClassResetClassAdapter - Creating brand-new static initializer in class org/apache/hadoop/fs/UnresolvedLinkException
2024-11-12 13:41:20,759 INFO  EvoClassLoader - Keeping class: org.apache.hadoop.fs.UnresolvedLinkException
2024-11-12 13:41:20,760 INFO  EvoClassLoader - Seeing class for first time: org.apache.hadoop.hdfs.protocol.ExtendedBlock
2024-11-12 13:41:20,760 INFO  EvoClassLoader - Instrumenting class 'org.apache.hadoop.hdfs.protocol.ExtendedBlock'.
2024-11-12 13:41:20,760 INFO  MethodCallReplacementClassAdapter - Adding mock interface to class org/apache/hadoop/hdfs/protocol/ExtendedBlock
2024-11-12 13:41:20,760 INFO  CreateClassResetClassAdapter - Creating brand-new static initializer in class org/apache/hadoop/hdfs/protocol/ExtendedBlock
2024-11-12 13:41:20,760 INFO  EvoClassLoader - Keeping class: org.apache.hadoop.hdfs.protocol.ExtendedBlock
2024-11-12 13:41:20,760 INFO  EvoClassLoader - Seeing class for first time: org.apache.hadoop.hdfs.protocol.LocatedBlock
2024-11-12 13:41:20,760 INFO  EvoClassLoader - Instrumenting class 'org.apache.hadoop.hdfs.protocol.LocatedBlock'.
2024-11-12 13:41:20,760 INFO  MethodCallReplacementClassAdapter - Adding mock interface to class org/apache/hadoop/hdfs/protocol/LocatedBlock
2024-11-12 13:41:20,761 INFO  CreateClassResetClassAdapter - Found static initializer in class org/apache/hadoop/hdfs/protocol/LocatedBlock
2024-11-12 13:41:20,761 INFO  EvoClassLoader - Keeping class: org.apache.hadoop.hdfs.protocol.LocatedBlock
2024-11-12 13:41:20,761 INFO  EvoClassLoader - Seeing class for first time: org.apache.hadoop.hdfs.protocol.ReplicatedBlockStats
2024-11-12 13:41:20,761 INFO  EvoClassLoader - Instrumenting class 'org.apache.hadoop.hdfs.protocol.ReplicatedBlockStats'.
2024-11-12 13:41:20,762 INFO  MethodCallReplacementClassAdapter - Adding mock interface to class org/apache/hadoop/hdfs/protocol/ReplicatedBlockStats
2024-11-12 13:41:20,762 INFO  CreateClassResetClassAdapter - Creating brand-new static initializer in class org/apache/hadoop/hdfs/protocol/ReplicatedBlockStats
2024-11-12 13:41:20,762 INFO  EvoClassLoader - Keeping class: org.apache.hadoop.hdfs.protocol.ReplicatedBlockStats
2024-11-12 13:41:20,762 INFO  EvoClassLoader - Seeing class for first time: org.apache.hadoop.hdfs.protocol.ECBlockGroupStats
2024-11-12 13:41:20,762 INFO  EvoClassLoader - Instrumenting class 'org.apache.hadoop.hdfs.protocol.ECBlockGroupStats'.
2024-11-12 13:41:20,762 INFO  MethodCallReplacementClassAdapter - Adding mock interface to class org/apache/hadoop/hdfs/protocol/ECBlockGroupStats
2024-11-12 13:41:20,762 INFO  CreateClassResetClassAdapter - Creating brand-new static initializer in class org/apache/hadoop/hdfs/protocol/ECBlockGroupStats
2024-11-12 13:41:20,762 INFO  EvoClassLoader - Keeping class: org.apache.hadoop.hdfs.protocol.ECBlockGroupStats
2024-11-12 13:41:20,762 INFO  EvoClassLoader - Seeing class for first time: org.apache.hadoop.hdfs.server.protocol.BlocksWithLocations
2024-11-12 13:41:20,762 INFO  EvoClassLoader - Instrumenting class 'org.apache.hadoop.hdfs.server.protocol.BlocksWithLocations'.
2024-11-12 13:41:20,762 INFO  MethodCallReplacementClassAdapter - Adding mock interface to class org/apache/hadoop/hdfs/server/protocol/BlocksWithLocations
2024-11-12 13:41:20,763 INFO  CreateClassResetClassAdapter - Creating brand-new static initializer in class org/apache/hadoop/hdfs/server/protocol/BlocksWithLocations
2024-11-12 13:41:20,763 INFO  EvoClassLoader - Defined package (3): package org.apache.hadoop.hdfs.server.protocol, -726077295
2024-11-12 13:41:20,763 INFO  EvoClassLoader - Keeping class: org.apache.hadoop.hdfs.server.protocol.BlocksWithLocations
2024-11-12 13:41:20,763 INFO  EvoClassLoader - Seeing class for first time: org.apache.hadoop.hdfs.protocol.HdfsConstants$SafeModeAction
2024-11-12 13:41:20,763 INFO  EvoClassLoader - Instrumenting class 'org.apache.hadoop.hdfs.protocol.HdfsConstants$SafeModeAction'.
2024-11-12 13:41:20,763 INFO  MethodCallReplacementClassAdapter - Adding mock interface to class org/apache/hadoop/hdfs/protocol/HdfsConstants$SafeModeAction
2024-11-12 13:41:20,763 INFO  CreateClassResetClassAdapter - Found static initializer in class org/apache/hadoop/hdfs/protocol/HdfsConstants$SafeModeAction
2024-11-12 13:41:20,763 INFO  EvoClassLoader - Keeping class: org.apache.hadoop.hdfs.protocol.HdfsConstants$SafeModeAction
2024-11-12 13:41:20,763 INFO  EvoClassLoader - Seeing class for first time: org.apache.hadoop.io.Text
2024-11-12 13:41:20,763 INFO  EvoClassLoader - Instrumenting class 'org.apache.hadoop.io.Text'.
2024-11-12 13:41:20,763 INFO  MethodCallReplacementClassAdapter - Adding mock interface to class org/apache/hadoop/io/Text
2024-11-12 13:41:20,764 INFO  CreateClassResetClassAdapter - Found static initializer in class org/apache/hadoop/io/Text
2024-11-12 13:41:20,765 INFO  EvoClassLoader - Seeing class for first time: org.apache.hadoop.io.BinaryComparable
2024-11-12 13:41:20,765 INFO  EvoClassLoader - Instrumenting class 'org.apache.hadoop.io.BinaryComparable'.
2024-11-12 13:41:20,765 INFO  MethodCallReplacementClassAdapter - Adding mock interface to class org/apache/hadoop/io/BinaryComparable
2024-11-12 13:41:20,765 INFO  CreateClassResetClassAdapter - Creating brand-new static initializer in class org/apache/hadoop/io/BinaryComparable
2024-11-12 13:41:20,765 INFO  EvoClassLoader - Keeping class: org.apache.hadoop.io.BinaryComparable
2024-11-12 13:41:20,765 INFO  EvoClassLoader - Keeping class: org.apache.hadoop.io.Text
2024-11-12 13:41:20,765 INFO  EvoClassLoader - Seeing class for first time: org.apache.hadoop.security.token.Token
2024-11-12 13:41:20,765 INFO  EvoClassLoader - Instrumenting class 'org.apache.hadoop.security.token.Token'.
2024-11-12 13:41:20,765 INFO  MethodCallReplacementClassAdapter - Adding mock interface to class org/apache/hadoop/security/token/Token
2024-11-12 13:41:20,766 INFO  CreateClassResetClassAdapter - Found static initializer in class org/apache/hadoop/security/token/Token
2024-11-12 13:41:20,767 INFO  EvoClassLoader - Keeping class: org.apache.hadoop.security.token.Token
2024-11-12 13:41:20,767 INFO  EvoClassLoader - Seeing class for first time: org.apache.hadoop.fs.FsServerDefaults
2024-11-12 13:41:20,767 INFO  EvoClassLoader - Instrumenting class 'org.apache.hadoop.fs.FsServerDefaults'.
2024-11-12 13:41:20,767 INFO  MethodCallReplacementClassAdapter - Adding mock interface to class org/apache/hadoop/fs/FsServerDefaults
2024-11-12 13:41:20,767 INFO  CreateClassResetClassAdapter - Found static initializer in class org/apache/hadoop/fs/FsServerDefaults
2024-11-12 13:41:20,767 INFO  EvoClassLoader - Keeping class: org.apache.hadoop.fs.FsServerDefaults
2024-11-12 13:41:20,767 INFO  EvoClassLoader - Seeing class for first time: org.apache.hadoop.hdfs.protocol.ErasureCodingPolicy
2024-11-12 13:41:20,767 INFO  EvoClassLoader - Instrumenting class 'org.apache.hadoop.hdfs.protocol.ErasureCodingPolicy'.
2024-11-12 13:41:20,767 INFO  MethodCallReplacementClassAdapter - Adding mock interface to class org/apache/hadoop/hdfs/protocol/ErasureCodingPolicy
2024-11-12 13:41:20,768 INFO  CreateClassResetClassAdapter - Creating brand-new static initializer in class org/apache/hadoop/hdfs/protocol/ErasureCodingPolicy
2024-11-12 13:41:20,768 INFO  EvoClassLoader - Keeping class: org.apache.hadoop.hdfs.protocol.ErasureCodingPolicy
2024-11-12 13:41:20,768 INFO  EvoClassLoader - Seeing class for first time: org.apache.hadoop.fs.permission.AclStatus
2024-11-12 13:41:20,768 INFO  EvoClassLoader - Instrumenting class 'org.apache.hadoop.fs.permission.AclStatus'.
2024-11-12 13:41:20,768 INFO  MethodCallReplacementClassAdapter - Adding mock interface to class org/apache/hadoop/fs/permission/AclStatus
2024-11-12 13:41:20,768 INFO  CreateClassResetClassAdapter - Creating brand-new static initializer in class org/apache/hadoop/fs/permission/AclStatus
2024-11-12 13:41:20,768 INFO  EvoClassLoader - Keeping class: org.apache.hadoop.fs.permission.AclStatus
2024-11-12 13:41:20,768 INFO  EvoClassLoader - Seeing class for first time: org.apache.hadoop.fs.XAttr
2024-11-12 13:41:20,768 INFO  EvoClassLoader - Instrumenting class 'org.apache.hadoop.fs.XAttr'.
2024-11-12 13:41:20,769 INFO  MethodCallReplacementClassAdapter - Adding mock interface to class org/apache/hadoop/fs/XAttr
2024-11-12 13:41:20,769 INFO  CreateClassResetClassAdapter - Creating brand-new static initializer in class org/apache/hadoop/fs/XAttr
2024-11-12 13:41:20,769 INFO  EvoClassLoader - Keeping class: org.apache.hadoop.fs.XAttr
2024-11-12 13:41:20,769 INFO  EvoClassLoader - Seeing class for first time: org.apache.hadoop.hdfs.protocol.BlockStoragePolicy
2024-11-12 13:41:20,769 INFO  EvoClassLoader - Instrumenting class 'org.apache.hadoop.hdfs.protocol.BlockStoragePolicy'.
2024-11-12 13:41:20,769 INFO  MethodCallReplacementClassAdapter - Adding mock interface to class org/apache/hadoop/hdfs/protocol/BlockStoragePolicy
2024-11-12 13:41:20,769 INFO  CreateClassResetClassAdapter - Found static initializer in class org/apache/hadoop/hdfs/protocol/BlockStoragePolicy
2024-11-12 13:41:20,769 INFO  EvoClassLoader - Seeing class for first time: org.apache.hadoop.fs.BlockStoragePolicySpi
2024-11-12 13:41:20,769 INFO  EvoClassLoader - Instrumenting class 'org.apache.hadoop.fs.BlockStoragePolicySpi'.
2024-11-12 13:41:20,769 INFO  EvoClassLoader - Keeping class: org.apache.hadoop.fs.BlockStoragePolicySpi
2024-11-12 13:41:20,770 INFO  EvoClassLoader - Keeping class: org.apache.hadoop.hdfs.protocol.BlockStoragePolicy
2024-11-12 13:41:20,770 INFO  EvoClassLoader - Seeing class for first time: org.apache.hadoop.hdfs.protocol.LastBlockWithStatus
2024-11-12 13:41:20,770 INFO  EvoClassLoader - Instrumenting class 'org.apache.hadoop.hdfs.protocol.LastBlockWithStatus'.
2024-11-12 13:41:20,770 INFO  MethodCallReplacementClassAdapter - Adding mock interface to class org/apache/hadoop/hdfs/protocol/LastBlockWithStatus
2024-11-12 13:41:20,770 INFO  CreateClassResetClassAdapter - Creating brand-new static initializer in class org/apache/hadoop/hdfs/protocol/LastBlockWithStatus
2024-11-12 13:41:20,770 INFO  EvoClassLoader - Keeping class: org.apache.hadoop.hdfs.protocol.LastBlockWithStatus
2024-11-12 13:41:20,770 INFO  EvoClassLoader - Seeing class for first time: org.apache.hadoop.hdfs.protocol.HdfsConstants$DatanodeReportType
2024-11-12 13:41:20,770 INFO  EvoClassLoader - Instrumenting class 'org.apache.hadoop.hdfs.protocol.HdfsConstants$DatanodeReportType'.
2024-11-12 13:41:20,770 INFO  MethodCallReplacementClassAdapter - Adding mock interface to class org/apache/hadoop/hdfs/protocol/HdfsConstants$DatanodeReportType
2024-11-12 13:41:20,770 INFO  CreateClassResetClassAdapter - Found static initializer in class org/apache/hadoop/hdfs/protocol/HdfsConstants$DatanodeReportType
2024-11-12 13:41:20,770 INFO  EvoClassLoader - Keeping class: org.apache.hadoop.hdfs.protocol.HdfsConstants$DatanodeReportType
2024-11-12 13:41:20,770 INFO  EvoClassLoader - Seeing class for first time: org.apache.hadoop.hdfs.server.protocol.DatanodeStorageReport
2024-11-12 13:41:20,770 INFO  EvoClassLoader - Instrumenting class 'org.apache.hadoop.hdfs.server.protocol.DatanodeStorageReport'.
2024-11-12 13:41:20,770 INFO  MethodCallReplacementClassAdapter - Adding mock interface to class org/apache/hadoop/hdfs/server/protocol/DatanodeStorageReport
2024-11-12 13:41:20,770 INFO  CreateClassResetClassAdapter - Creating brand-new static initializer in class org/apache/hadoop/hdfs/server/protocol/DatanodeStorageReport
2024-11-12 13:41:20,770 INFO  EvoClassLoader - Keeping class: org.apache.hadoop.hdfs.server.protocol.DatanodeStorageReport
2024-11-12 13:41:20,770 INFO  EvoClassLoader - Seeing class for first time: org.apache.hadoop.hdfs.server.namenode.CheckpointSignature
2024-11-12 13:41:20,770 INFO  EvoClassLoader - Instrumenting class 'org.apache.hadoop.hdfs.server.namenode.CheckpointSignature'.
2024-11-12 13:41:20,770 INFO  MethodCallReplacementClassAdapter - Adding mock interface to class org/apache/hadoop/hdfs/server/namenode/CheckpointSignature
2024-11-12 13:41:20,771 INFO  CreateClassResetClassAdapter - Found static initializer in class org/apache/hadoop/hdfs/server/namenode/CheckpointSignature
2024-11-12 13:41:20,771 INFO  EvoClassLoader - Keeping class: org.apache.hadoop.hdfs.server.namenode.CheckpointSignature
2024-11-12 13:41:20,771 INFO  EvoClassLoader - Seeing class for first time: org.apache.hadoop.hdfs.server.protocol.NamenodeRegistration
2024-11-12 13:41:20,771 INFO  EvoClassLoader - Instrumenting class 'org.apache.hadoop.hdfs.server.protocol.NamenodeRegistration'.
2024-11-12 13:41:20,771 INFO  MethodCallReplacementClassAdapter - Adding mock interface to class org/apache/hadoop/hdfs/server/protocol/NamenodeRegistration
2024-11-12 13:41:20,771 INFO  CreateClassResetClassAdapter - Creating brand-new static initializer in class org/apache/hadoop/hdfs/server/protocol/NamenodeRegistration
2024-11-12 13:41:20,771 INFO  EvoClassLoader - Seeing class for first time: org.apache.hadoop.hdfs.server.protocol.NodeRegistration
2024-11-12 13:41:20,771 INFO  EvoClassLoader - Instrumenting class 'org.apache.hadoop.hdfs.server.protocol.NodeRegistration'.
2024-11-12 13:41:20,772 INFO  EvoClassLoader - Keeping class: org.apache.hadoop.hdfs.server.protocol.NodeRegistration
2024-11-12 13:41:20,772 INFO  EvoClassLoader - Keeping class: org.apache.hadoop.hdfs.server.protocol.NamenodeRegistration
2024-11-12 13:41:20,772 INFO  EvoClassLoader - Seeing class for first time: org.apache.hadoop.hdfs.server.protocol.NamenodeCommand
2024-11-12 13:41:20,772 INFO  EvoClassLoader - Instrumenting class 'org.apache.hadoop.hdfs.server.protocol.NamenodeCommand'.
2024-11-12 13:41:20,772 INFO  MethodCallReplacementClassAdapter - Adding mock interface to class org/apache/hadoop/hdfs/server/protocol/NamenodeCommand
2024-11-12 13:41:20,772 INFO  CreateClassResetClassAdapter - Creating brand-new static initializer in class org/apache/hadoop/hdfs/server/protocol/NamenodeCommand
2024-11-12 13:41:20,772 INFO  EvoClassLoader - Seeing class for first time: org.apache.hadoop.hdfs.server.protocol.ServerCommand
2024-11-12 13:41:20,772 INFO  EvoClassLoader - Instrumenting class 'org.apache.hadoop.hdfs.server.protocol.ServerCommand'.
2024-11-12 13:41:20,772 INFO  MethodCallReplacementClassAdapter - Adding mock interface to class org/apache/hadoop/hdfs/server/protocol/ServerCommand
2024-11-12 13:41:20,772 INFO  CreateClassResetClassAdapter - Creating brand-new static initializer in class org/apache/hadoop/hdfs/server/protocol/ServerCommand
2024-11-12 13:41:20,772 INFO  EvoClassLoader - Keeping class: org.apache.hadoop.hdfs.server.protocol.ServerCommand
2024-11-12 13:41:20,772 INFO  EvoClassLoader - Keeping class: org.apache.hadoop.hdfs.server.protocol.NamenodeCommand
2024-11-12 13:41:20,772 INFO  EvoClassLoader - Seeing class for first time: org.apache.hadoop.hdfs.protocol.SnapshottableDirectoryStatus
2024-11-12 13:41:20,772 INFO  EvoClassLoader - Instrumenting class 'org.apache.hadoop.hdfs.protocol.SnapshottableDirectoryStatus'.
2024-11-12 13:41:20,772 INFO  MethodCallReplacementClassAdapter - Adding mock interface to class org/apache/hadoop/hdfs/protocol/SnapshottableDirectoryStatus
2024-11-12 13:41:20,773 INFO  CreateClassResetClassAdapter - Found static initializer in class org/apache/hadoop/hdfs/protocol/SnapshottableDirectoryStatus
2024-11-12 13:41:20,773 INFO  EvoClassLoader - Keeping class: org.apache.hadoop.hdfs.protocol.SnapshottableDirectoryStatus
2024-11-12 13:41:20,773 INFO  EvoClassLoader - Seeing class for first time: org.apache.hadoop.hdfs.protocol.SnapshotDiffReportListing
2024-11-12 13:41:20,773 INFO  EvoClassLoader - Instrumenting class 'org.apache.hadoop.hdfs.protocol.SnapshotDiffReportListing'.
2024-11-12 13:41:20,774 INFO  MethodCallReplacementClassAdapter - Adding mock interface to class org/apache/hadoop/hdfs/protocol/SnapshotDiffReportListing
2024-11-12 13:41:20,774 INFO  CreateClassResetClassAdapter - Creating brand-new static initializer in class org/apache/hadoop/hdfs/protocol/SnapshotDiffReportListing
2024-11-12 13:41:20,774 INFO  EvoClassLoader - Keeping class: org.apache.hadoop.hdfs.protocol.SnapshotDiffReportListing
2024-11-12 13:41:20,774 INFO  EvoClassLoader - Seeing class for first time: org.apache.hadoop.hdfs.protocol.CacheDirectiveInfo
2024-11-12 13:41:20,774 INFO  EvoClassLoader - Instrumenting class 'org.apache.hadoop.hdfs.protocol.CacheDirectiveInfo'.
2024-11-12 13:41:20,774 INFO  MethodCallReplacementClassAdapter - Adding mock interface to class org/apache/hadoop/hdfs/protocol/CacheDirectiveInfo
2024-11-12 13:41:20,774 INFO  CreateClassResetClassAdapter - Creating brand-new static initializer in class org/apache/hadoop/hdfs/protocol/CacheDirectiveInfo
2024-11-12 13:41:20,774 INFO  EvoClassLoader - Keeping class: org.apache.hadoop.hdfs.protocol.CacheDirectiveInfo
2024-11-12 13:41:20,775 INFO  EvoClassLoader - Seeing class for first time: org.apache.hadoop.hdfs.protocol.CachePoolInfo
2024-11-12 13:41:20,775 INFO  EvoClassLoader - Instrumenting class 'org.apache.hadoop.hdfs.protocol.CachePoolInfo'.
2024-11-12 13:41:20,775 INFO  MethodCallReplacementClassAdapter - Adding mock interface to class org/apache/hadoop/hdfs/protocol/CachePoolInfo
2024-11-12 13:41:20,776 INFO  CreateClassResetClassAdapter - Creating brand-new static initializer in class org/apache/hadoop/hdfs/protocol/CachePoolInfo
2024-11-12 13:41:20,776 INFO  CreateClassResetClassAdapter - Adding bytecode for initializing field RELATIVE_EXPIRY_NEVER
2024-11-12 13:41:20,776 INFO  CreateClassResetClassAdapter - Adding bytecode for initializing field DEFAULT_MAX_RELATIVE_EXPIRY
2024-11-12 13:41:20,776 INFO  CreateClassResetClassAdapter - Adding bytecode for initializing field LIMIT_UNLIMITED
2024-11-12 13:41:20,776 INFO  CreateClassResetClassAdapter - Adding bytecode for initializing field DEFAULT_LIMIT
2024-11-12 13:41:20,776 INFO  CreateClassResetClassAdapter - Adding bytecode for initializing field DEFAULT_REPLICATION_NUM
2024-11-12 13:41:20,777 INFO  EvoClassLoader - Keeping class: org.apache.hadoop.hdfs.protocol.CachePoolInfo
2024-11-12 13:41:20,777 INFO  EvoClassLoader - Seeing class for first time: org.apache.hadoop.hdfs.protocol.EncryptionZone
2024-11-12 13:41:20,777 INFO  EvoClassLoader - Instrumenting class 'org.apache.hadoop.hdfs.protocol.EncryptionZone'.
2024-11-12 13:41:20,777 INFO  MethodCallReplacementClassAdapter - Adding mock interface to class org/apache/hadoop/hdfs/protocol/EncryptionZone
2024-11-12 13:41:20,778 INFO  CreateClassResetClassAdapter - Creating brand-new static initializer in class org/apache/hadoop/hdfs/protocol/EncryptionZone
2024-11-12 13:41:20,778 INFO  EvoClassLoader - Keeping class: org.apache.hadoop.hdfs.protocol.EncryptionZone
2024-11-12 13:41:20,778 INFO  EvoClassLoader - Seeing class for first time: org.apache.hadoop.hdfs.protocol.HdfsConstants$ReencryptAction
2024-11-12 13:41:20,778 INFO  EvoClassLoader - Instrumenting class 'org.apache.hadoop.hdfs.protocol.HdfsConstants$ReencryptAction'.
2024-11-12 13:41:20,778 INFO  MethodCallReplacementClassAdapter - Adding mock interface to class org/apache/hadoop/hdfs/protocol/HdfsConstants$ReencryptAction
2024-11-12 13:41:20,778 INFO  CreateClassResetClassAdapter - Found static initializer in class org/apache/hadoop/hdfs/protocol/HdfsConstants$ReencryptAction
2024-11-12 13:41:20,778 INFO  EvoClassLoader - Keeping class: org.apache.hadoop.hdfs.protocol.HdfsConstants$ReencryptAction
2024-11-12 13:41:20,778 INFO  EvoClassLoader - Seeing class for first time: org.apache.hadoop.hdfs.protocol.ErasureCodingPolicyInfo
2024-11-12 13:41:20,778 INFO  EvoClassLoader - Instrumenting class 'org.apache.hadoop.hdfs.protocol.ErasureCodingPolicyInfo'.
2024-11-12 13:41:20,779 INFO  MethodCallReplacementClassAdapter - Adding mock interface to class org/apache/hadoop/hdfs/protocol/ErasureCodingPolicyInfo
2024-11-12 13:41:20,779 INFO  CreateClassResetClassAdapter - Creating brand-new static initializer in class org/apache/hadoop/hdfs/protocol/ErasureCodingPolicyInfo
2024-11-12 13:41:20,779 INFO  EvoClassLoader - Keeping class: org.apache.hadoop.hdfs.protocol.ErasureCodingPolicyInfo
2024-11-12 13:41:20,779 INFO  EvoClassLoader - Seeing class for first time: org.apache.hadoop.hdfs.protocol.AddErasureCodingPolicyResponse
2024-11-12 13:41:20,779 INFO  EvoClassLoader - Instrumenting class 'org.apache.hadoop.hdfs.protocol.AddErasureCodingPolicyResponse'.
2024-11-12 13:41:20,779 INFO  MethodCallReplacementClassAdapter - Adding mock interface to class org/apache/hadoop/hdfs/protocol/AddErasureCodingPolicyResponse
2024-11-12 13:41:20,779 INFO  CreateClassResetClassAdapter - Creating brand-new static initializer in class org/apache/hadoop/hdfs/protocol/AddErasureCodingPolicyResponse
2024-11-12 13:41:20,780 INFO  EvoClassLoader - Keeping class: org.apache.hadoop.hdfs.protocol.AddErasureCodingPolicyResponse
2024-11-12 13:41:20,780 INFO  EvoClassLoader - Seeing class for first time: org.apache.hadoop.hdfs.protocol.ECTopologyVerifierResult
2024-11-12 13:41:20,780 INFO  EvoClassLoader - Instrumenting class 'org.apache.hadoop.hdfs.protocol.ECTopologyVerifierResult'.
2024-11-12 13:41:20,780 INFO  MethodCallReplacementClassAdapter - Adding mock interface to class org/apache/hadoop/hdfs/protocol/ECTopologyVerifierResult
2024-11-12 13:41:20,780 INFO  CreateClassResetClassAdapter - Creating brand-new static initializer in class org/apache/hadoop/hdfs/protocol/ECTopologyVerifierResult
2024-11-12 13:41:20,780 INFO  EvoClassLoader - Keeping class: org.apache.hadoop.hdfs.protocol.ECTopologyVerifierResult
2024-11-12 13:41:20,780 INFO  EvoClassLoader - Seeing class for first time: org.apache.hadoop.hdfs.server.blockmanagement.DatanodeDescriptor
2024-11-12 13:41:20,780 INFO  EvoClassLoader - Instrumenting class 'org.apache.hadoop.hdfs.server.blockmanagement.DatanodeDescriptor'.
2024-11-12 13:41:20,781 INFO  MethodCallReplacementClassAdapter - Adding mock interface to class org/apache/hadoop/hdfs/server/blockmanagement/DatanodeDescriptor
2024-11-12 13:41:20,782 INFO  CreateClassResetClassAdapter - Found static initializer in class org/apache/hadoop/hdfs/server/blockmanagement/DatanodeDescriptor
2024-11-12 13:41:20,783 INFO  EvoClassLoader - Keeping class: org.apache.hadoop.hdfs.server.blockmanagement.DatanodeDescriptor
2024-11-12 13:41:20,783 INFO  EvoClassLoader - Seeing class for first time: org.apache.hadoop.hdfs.protocol.LocatedBlocks
2024-11-12 13:41:20,783 INFO  EvoClassLoader - Instrumenting class 'org.apache.hadoop.hdfs.protocol.LocatedBlocks'.
2024-11-12 13:41:20,783 INFO  MethodCallReplacementClassAdapter - Adding mock interface to class org/apache/hadoop/hdfs/protocol/LocatedBlocks
2024-11-12 13:41:20,783 INFO  CreateClassResetClassAdapter - Found static initializer in class org/apache/hadoop/hdfs/protocol/LocatedBlocks
2024-11-12 13:41:20,784 INFO  EvoClassLoader - Keeping class: org.apache.hadoop.hdfs.protocol.LocatedBlocks
2024-11-12 13:41:20,784 INFO  EvoClassLoader - Seeing class for first time: org.apache.hadoop.hdfs.protocol.DirectoryListing
2024-11-12 13:41:20,784 INFO  EvoClassLoader - Instrumenting class 'org.apache.hadoop.hdfs.protocol.DirectoryListing'.
2024-11-12 13:41:20,784 INFO  MethodCallReplacementClassAdapter - Adding mock interface to class org/apache/hadoop/hdfs/protocol/DirectoryListing
2024-11-12 13:41:20,785 INFO  CreateClassResetClassAdapter - Creating brand-new static initializer in class org/apache/hadoop/hdfs/protocol/DirectoryListing
2024-11-12 13:41:20,785 INFO  EvoClassLoader - Keeping class: org.apache.hadoop.hdfs.protocol.DirectoryListing
2024-11-12 13:41:20,785 INFO  EvoClassLoader - Seeing class for first time: org.apache.hadoop.hdfs.protocol.BatchedDirectoryListing
2024-11-12 13:41:20,785 INFO  EvoClassLoader - Instrumenting class 'org.apache.hadoop.hdfs.protocol.BatchedDirectoryListing'.
2024-11-12 13:41:20,785 INFO  MethodCallReplacementClassAdapter - Adding mock interface to class org/apache/hadoop/hdfs/protocol/BatchedDirectoryListing
2024-11-12 13:41:20,785 INFO  CreateClassResetClassAdapter - Creating brand-new static initializer in class org/apache/hadoop/hdfs/protocol/BatchedDirectoryListing
2024-11-12 13:41:20,785 INFO  EvoClassLoader - Keeping class: org.apache.hadoop.hdfs.protocol.BatchedDirectoryListing
2024-11-12 13:41:20,785 INFO  EvoClassLoader - Seeing class for first time: org.apache.hadoop.security.UserGroupInformation
2024-11-12 13:41:20,785 INFO  EvoClassLoader - Instrumenting class 'org.apache.hadoop.security.UserGroupInformation'.
2024-11-12 13:41:20,786 INFO  MethodCallReplacementClassAdapter - Adding mock interface to class org/apache/hadoop/security/UserGroupInformation
2024-11-12 13:41:20,790 INFO  CreateClassResetClassAdapter - Found static initializer in class org/apache/hadoop/security/UserGroupInformation
2024-11-12 13:41:20,792 INFO  EvoClassLoader - Keeping class: org.apache.hadoop.security.UserGroupInformation
2024-11-12 13:41:20,792 INFO  EvoClassLoader - Seeing class for first time: org.apache.hadoop.hdfs.server.namenode.snapshot.SnapshotManager
2024-11-12 13:41:20,792 INFO  EvoClassLoader - Instrumenting class 'org.apache.hadoop.hdfs.server.namenode.snapshot.SnapshotManager'.
2024-11-12 13:41:20,792 INFO  MethodCallReplacementClassAdapter - Adding mock interface to class org/apache/hadoop/hdfs/server/namenode/snapshot/SnapshotManager
2024-11-12 13:41:20,794 INFO  CreateClassResetClassAdapter - Found static initializer in class org/apache/hadoop/hdfs/server/namenode/snapshot/SnapshotManager
2024-11-12 13:41:20,794 INFO  EvoClassLoader - Seeing class for first time: org.apache.hadoop.hdfs.server.namenode.snapshot.SnapshotStatsMXBean
2024-11-12 13:41:20,794 INFO  EvoClassLoader - Instrumenting class 'org.apache.hadoop.hdfs.server.namenode.snapshot.SnapshotStatsMXBean'.
2024-11-12 13:41:20,795 INFO  EvoClassLoader - Keeping class: org.apache.hadoop.hdfs.server.namenode.snapshot.SnapshotStatsMXBean
2024-11-12 13:41:20,795 INFO  EvoClassLoader - Keeping class: org.apache.hadoop.hdfs.server.namenode.snapshot.SnapshotManager
2024-11-12 13:41:20,795 INFO  EvoClassLoader - Seeing class for first time: org.apache.hadoop.hdfs.server.namenode.FsImageProto$SecretManagerSection
2024-11-12 13:41:20,795 INFO  EvoClassLoader - Instrumenting class 'org.apache.hadoop.hdfs.server.namenode.FsImageProto$SecretManagerSection'.
2024-11-12 13:41:20,796 INFO  MethodCallReplacementClassAdapter - Adding mock interface to class org/apache/hadoop/hdfs/server/namenode/FsImageProto$SecretManagerSection
2024-11-12 13:41:20,798 INFO  CreateClassResetClassAdapter - Found static initializer in class org/apache/hadoop/hdfs/server/namenode/FsImageProto$SecretManagerSection
2024-11-12 13:41:20,798 INFO  EvoClassLoader - Seeing class for first time: org.apache.hadoop.hdfs.server.namenode.FsImageProto$SecretManagerSectionOrBuilder
2024-11-12 13:41:20,798 INFO  EvoClassLoader - Instrumenting class 'org.apache.hadoop.hdfs.server.namenode.FsImageProto$SecretManagerSectionOrBuilder'.
2024-11-12 13:41:20,799 INFO  EvoClassLoader - Seeing class for first time: org.apache.hadoop.thirdparty.protobuf.MessageOrBuilder
2024-11-12 13:41:20,799 INFO  EvoClassLoader - Instrumenting class 'org.apache.hadoop.thirdparty.protobuf.MessageOrBuilder'.
2024-11-12 13:41:20,799 INFO  EvoClassLoader - Seeing class for first time: org.apache.hadoop.thirdparty.protobuf.MessageLiteOrBuilder
2024-11-12 13:41:20,799 INFO  EvoClassLoader - Instrumenting class 'org.apache.hadoop.thirdparty.protobuf.MessageLiteOrBuilder'.
2024-11-12 13:41:20,800 INFO  EvoClassLoader - Keeping class: org.apache.hadoop.thirdparty.protobuf.MessageLiteOrBuilder
2024-11-12 13:41:20,800 INFO  EvoClassLoader - Keeping class: org.apache.hadoop.thirdparty.protobuf.MessageOrBuilder
2024-11-12 13:41:20,800 INFO  EvoClassLoader - Keeping class: org.apache.hadoop.hdfs.server.namenode.FsImageProto$SecretManagerSectionOrBuilder
2024-11-12 13:41:20,800 INFO  EvoClassLoader - Seeing class for first time: org.apache.hadoop.thirdparty.protobuf.GeneratedMessageV3
2024-11-12 13:41:20,800 INFO  EvoClassLoader - Instrumenting class 'org.apache.hadoop.thirdparty.protobuf.GeneratedMessageV3'.
2024-11-12 13:41:20,800 INFO  MethodCallReplacementClassAdapter - Adding mock interface to class org/apache/hadoop/thirdparty/protobuf/GeneratedMessageV3
2024-11-12 13:41:20,804 INFO  CreateClassResetClassAdapter - Found static initializer in class org/apache/hadoop/thirdparty/protobuf/GeneratedMessageV3
2024-11-12 13:41:20,805 INFO  EvoClassLoader - Seeing class for first time: org.apache.hadoop.thirdparty.protobuf.AbstractMessage
2024-11-12 13:41:20,805 INFO  EvoClassLoader - Instrumenting class 'org.apache.hadoop.thirdparty.protobuf.AbstractMessage'.
2024-11-12 13:41:20,805 INFO  MethodCallReplacementClassAdapter - Adding mock interface to class org/apache/hadoop/thirdparty/protobuf/AbstractMessage
2024-11-12 13:41:20,806 INFO  CreateClassResetClassAdapter - Creating brand-new static initializer in class org/apache/hadoop/thirdparty/protobuf/AbstractMessage
2024-11-12 13:41:20,806 INFO  EvoClassLoader - Seeing class for first time: org.apache.hadoop.thirdparty.protobuf.Message
2024-11-12 13:41:20,806 INFO  EvoClassLoader - Instrumenting class 'org.apache.hadoop.thirdparty.protobuf.Message'.
2024-11-12 13:41:20,806 INFO  EvoClassLoader - Seeing class for first time: org.apache.hadoop.thirdparty.protobuf.MessageLite
2024-11-12 13:41:20,806 INFO  EvoClassLoader - Instrumenting class 'org.apache.hadoop.thirdparty.protobuf.MessageLite'.
2024-11-12 13:41:20,806 INFO  EvoClassLoader - Keeping class: org.apache.hadoop.thirdparty.protobuf.MessageLite
2024-11-12 13:41:20,806 INFO  EvoClassLoader - Keeping class: org.apache.hadoop.thirdparty.protobuf.Message
2024-11-12 13:41:20,806 INFO  EvoClassLoader - Seeing class for first time: org.apache.hadoop.thirdparty.protobuf.AbstractMessageLite
2024-11-12 13:41:20,806 INFO  EvoClassLoader - Instrumenting class 'org.apache.hadoop.thirdparty.protobuf.AbstractMessageLite'.
2024-11-12 13:41:20,807 INFO  MethodCallReplacementClassAdapter - Adding mock interface to class org/apache/hadoop/thirdparty/protobuf/AbstractMessageLite
2024-11-12 13:41:20,807 INFO  CreateClassResetClassAdapter - Creating brand-new static initializer in class org/apache/hadoop/thirdparty/protobuf/AbstractMessageLite
2024-11-12 13:41:20,807 INFO  EvoClassLoader - Keeping class: org.apache.hadoop.thirdparty.protobuf.AbstractMessageLite
2024-11-12 13:41:20,807 INFO  EvoClassLoader - Keeping class: org.apache.hadoop.thirdparty.protobuf.AbstractMessage
2024-11-12 13:41:20,808 INFO  EvoClassLoader - Keeping class: org.apache.hadoop.thirdparty.protobuf.GeneratedMessageV3
2024-11-12 13:41:20,808 INFO  EvoClassLoader - Keeping class: org.apache.hadoop.hdfs.server.namenode.FsImageProto$SecretManagerSection
2024-11-12 13:41:20,808 INFO  EvoClassLoader - Seeing class for first time: org.apache.hadoop.hdfs.server.namenode.CacheManager
2024-11-12 13:41:20,808 INFO  EvoClassLoader - Instrumenting class 'org.apache.hadoop.hdfs.server.namenode.CacheManager'.
2024-11-12 13:41:20,808 INFO  MethodCallReplacementClassAdapter - Adding mock interface to class org/apache/hadoop/hdfs/server/namenode/CacheManager
2024-11-12 13:41:20,810 INFO  CreateClassResetClassAdapter - Found static initializer in class org/apache/hadoop/hdfs/server/namenode/CacheManager
2024-11-12 13:41:20,812 INFO  EvoClassLoader - Keeping class: org.apache.hadoop.hdfs.server.namenode.CacheManager
2024-11-12 13:41:20,812 INFO  EvoClassLoader - Seeing class for first time: org.apache.hadoop.hdfs.server.namenode.FSImage
2024-11-12 13:41:20,812 INFO  EvoClassLoader - Instrumenting class 'org.apache.hadoop.hdfs.server.namenode.FSImage'.
2024-11-12 13:41:20,813 INFO  MethodCallReplacementClassAdapter - Adding mock interface to class org/apache/hadoop/hdfs/server/namenode/FSImage
2024-11-12 13:41:20,817 INFO  CreateClassResetClassAdapter - Found static initializer in class org/apache/hadoop/hdfs/server/namenode/FSImage
2024-11-12 13:41:20,818 INFO  EvoClassLoader - Keeping class: org.apache.hadoop.hdfs.server.namenode.FSImage
2024-11-12 13:41:20,818 INFO  EvoClassLoader - Seeing class for first time: org.apache.hadoop.hdfs.server.namenode.FSEditLog
2024-11-12 13:41:20,818 INFO  EvoClassLoader - Instrumenting class 'org.apache.hadoop.hdfs.server.namenode.FSEditLog'.
2024-11-12 13:41:20,819 INFO  MethodCallReplacementClassAdapter - Adding mock interface to class org/apache/hadoop/hdfs/server/namenode/FSEditLog
2024-11-12 13:41:20,828 INFO  CreateClassResetClassAdapter - Found static initializer in class org/apache/hadoop/hdfs/server/namenode/FSEditLog
2024-11-12 13:41:20,829 INFO  EvoClassLoader - Seeing class for first time: org.apache.hadoop.hdfs.server.namenode.LogsPurgeable
2024-11-12 13:41:20,829 INFO  EvoClassLoader - Instrumenting class 'org.apache.hadoop.hdfs.server.namenode.LogsPurgeable'.
2024-11-12 13:41:20,830 INFO  EvoClassLoader - Keeping class: org.apache.hadoop.hdfs.server.namenode.LogsPurgeable
2024-11-12 13:41:20,830 INFO  EvoClassLoader - Keeping class: org.apache.hadoop.hdfs.server.namenode.FSEditLog
2024-11-12 13:41:20,830 INFO  EvoClassLoader - Seeing class for first time: org.apache.hadoop.ipc.RetryCache
2024-11-12 13:41:20,830 INFO  EvoClassLoader - Instrumenting class 'org.apache.hadoop.ipc.RetryCache'.
2024-11-12 13:41:20,830 INFO  MethodCallReplacementClassAdapter - Adding mock interface to class org/apache/hadoop/ipc/RetryCache
2024-11-12 13:41:20,830 INFO  CreateClassResetClassAdapter - Found static initializer in class org/apache/hadoop/ipc/RetryCache
2024-11-12 13:41:20,831 INFO  EvoClassLoader - Keeping class: org.apache.hadoop.ipc.RetryCache
2024-11-12 13:41:20,831 INFO  EvoClassLoader - Seeing class for first time: org.apache.hadoop.hdfs.server.namenode.ha.HAContext
2024-11-12 13:41:20,831 INFO  EvoClassLoader - Instrumenting class 'org.apache.hadoop.hdfs.server.namenode.ha.HAContext'.
2024-11-12 13:41:20,831 INFO  EvoClassLoader - Defined package (3): package org.apache.hadoop.hdfs.server.namenode.ha, -80410911
2024-11-12 13:41:20,831 INFO  EvoClassLoader - Keeping class: org.apache.hadoop.hdfs.server.namenode.ha.HAContext
2024-11-12 13:41:20,831 INFO  EvoClassLoader - Seeing class for first time: org.apache.hadoop.ha.ServiceFailedException
2024-11-12 13:41:20,831 INFO  EvoClassLoader - Instrumenting class 'org.apache.hadoop.ha.ServiceFailedException'.
2024-11-12 13:41:20,831 INFO  MethodCallReplacementClassAdapter - Adding mock interface to class org/apache/hadoop/ha/ServiceFailedException
2024-11-12 13:41:20,831 INFO  CreateClassResetClassAdapter - Creating brand-new static initializer in class org/apache/hadoop/ha/ServiceFailedException
2024-11-12 13:41:20,831 INFO  EvoClassLoader - Keeping class: org.apache.hadoop.ha.ServiceFailedException
2024-11-12 13:41:20,831 INFO  EvoClassLoader - Seeing class for first time: org.apache.hadoop.hdfs.server.namenode.NameNode$OperationCategory
2024-11-12 13:41:20,831 INFO  EvoClassLoader - Instrumenting class 'org.apache.hadoop.hdfs.server.namenode.NameNode$OperationCategory'.
2024-11-12 13:41:20,832 INFO  MethodCallReplacementClassAdapter - Adding mock interface to class org/apache/hadoop/hdfs/server/namenode/NameNode$OperationCategory
2024-11-12 13:41:20,832 INFO  CreateClassResetClassAdapter - Found static initializer in class org/apache/hadoop/hdfs/server/namenode/NameNode$OperationCategory
2024-11-12 13:41:20,832 INFO  EvoClassLoader - Keeping class: org.apache.hadoop.hdfs.server.namenode.NameNode$OperationCategory
2024-11-12 13:41:20,832 INFO  EvoClassLoader - Seeing class for first time: org.apache.hadoop.hdfs.server.protocol.NamespaceInfo
2024-11-12 13:41:20,832 INFO  EvoClassLoader - Instrumenting class 'org.apache.hadoop.hdfs.server.protocol.NamespaceInfo'.
2024-11-12 13:41:20,832 INFO  MethodCallReplacementClassAdapter - Adding mock interface to class org/apache/hadoop/hdfs/server/protocol/NamespaceInfo
2024-11-12 13:41:20,832 INFO  CreateClassResetClassAdapter - Found static initializer in class org/apache/hadoop/hdfs/server/protocol/NamespaceInfo
2024-11-12 13:41:20,833 INFO  EvoClassLoader - Keeping class: org.apache.hadoop.hdfs.server.protocol.NamespaceInfo
2024-11-12 13:41:20,833 INFO  EvoClassLoader - Seeing class for first time: org.apache.hadoop.hdfs.server.namenode.FSPermissionChecker
2024-11-12 13:41:20,833 INFO  EvoClassLoader - Instrumenting class 'org.apache.hadoop.hdfs.server.namenode.FSPermissionChecker'.
2024-11-12 13:41:20,833 INFO  MethodCallReplacementClassAdapter - Adding mock interface to class org/apache/hadoop/hdfs/server/namenode/FSPermissionChecker
2024-11-12 13:41:20,837 INFO  CreateClassResetClassAdapter - Found static initializer in class org/apache/hadoop/hdfs/server/namenode/FSPermissionChecker
2024-11-12 13:41:20,838 INFO  EvoClassLoader - Seeing class for first time: org.apache.hadoop.hdfs.server.namenode.INodeAttributeProvider$AccessControlEnforcer
2024-11-12 13:41:20,838 INFO  EvoClassLoader - Instrumenting class 'org.apache.hadoop.hdfs.server.namenode.INodeAttributeProvider$AccessControlEnforcer'.
2024-11-12 13:41:20,839 INFO  EvoClassLoader - Keeping class: org.apache.hadoop.hdfs.server.namenode.INodeAttributeProvider$AccessControlEnforcer
2024-11-12 13:41:20,839 INFO  EvoClassLoader - Keeping class: org.apache.hadoop.hdfs.server.namenode.FSPermissionChecker
2024-11-12 13:41:20,839 INFO  EvoClassLoader - Seeing class for first time: org.apache.hadoop.ipc.CallerContext
2024-11-12 13:41:20,839 INFO  EvoClassLoader - Instrumenting class 'org.apache.hadoop.ipc.CallerContext'.
2024-11-12 13:41:20,839 INFO  MethodCallReplacementClassAdapter - Adding mock interface to class org/apache/hadoop/ipc/CallerContext
2024-11-12 13:41:20,839 INFO  CreateClassResetClassAdapter - Found static initializer in class org/apache/hadoop/ipc/CallerContext
2024-11-12 13:41:20,839 INFO  EvoClassLoader - Keeping class: org.apache.hadoop.ipc.CallerContext
2024-11-12 13:41:20,839 INFO  EvoClassLoader - Seeing class for first time: org.apache.hadoop.hdfs.server.common.HdfsServerConstants$StartupOption
2024-11-12 13:41:20,839 INFO  EvoClassLoader - Instrumenting class 'org.apache.hadoop.hdfs.server.common.HdfsServerConstants$StartupOption'.
2024-11-12 13:41:20,840 INFO  MethodCallReplacementClassAdapter - Adding mock interface to class org/apache/hadoop/hdfs/server/common/HdfsServerConstants$StartupOption
2024-11-12 13:41:20,840 INFO  CreateClassResetClassAdapter - Found static initializer in class org/apache/hadoop/hdfs/server/common/HdfsServerConstants$StartupOption
2024-11-12 13:41:20,840 INFO  EvoClassLoader - Keeping class: org.apache.hadoop.hdfs.server.common.HdfsServerConstants$StartupOption
2024-11-12 13:41:20,840 INFO  EvoClassLoader - Seeing class for first time: org.apache.hadoop.hdfs.server.namenode.NameNodeLayoutVersion$Feature
2024-11-12 13:41:20,840 INFO  EvoClassLoader - Instrumenting class 'org.apache.hadoop.hdfs.server.namenode.NameNodeLayoutVersion$Feature'.
2024-11-12 13:41:20,840 INFO  MethodCallReplacementClassAdapter - Adding mock interface to class org/apache/hadoop/hdfs/server/namenode/NameNodeLayoutVersion$Feature
2024-11-12 13:41:20,840 INFO  CreateClassResetClassAdapter - Found static initializer in class org/apache/hadoop/hdfs/server/namenode/NameNodeLayoutVersion$Feature
2024-11-12 13:41:20,841 INFO  EvoClassLoader - Keeping class: org.apache.hadoop.hdfs.server.namenode.NameNodeLayoutVersion$Feature
2024-11-12 13:41:20,841 INFO  EvoClassLoader - Seeing class for first time: org.apache.hadoop.crypto.CryptoProtocolVersion
2024-11-12 13:41:20,841 INFO  EvoClassLoader - Instrumenting class 'org.apache.hadoop.crypto.CryptoProtocolVersion'.
2024-11-12 13:41:20,841 INFO  MethodCallReplacementClassAdapter - Adding mock interface to class org/apache/hadoop/crypto/CryptoProtocolVersion
2024-11-12 13:41:20,841 INFO  CreateClassResetClassAdapter - Found static initializer in class org/apache/hadoop/crypto/CryptoProtocolVersion
2024-11-12 13:41:20,841 INFO  EvoClassLoader - Defined package (3): package org.apache.hadoop.crypto, -1673217324
2024-11-12 13:41:20,841 INFO  EvoClassLoader - Keeping class: org.apache.hadoop.crypto.CryptoProtocolVersion
2024-11-12 13:41:20,841 INFO  EvoClassLoader - Seeing class for first time: org.apache.hadoop.hdfs.server.namenode.FSNamesystem$RecoverLeaseOp
2024-11-12 13:41:20,841 INFO  EvoClassLoader - Instrumenting class 'org.apache.hadoop.hdfs.server.namenode.FSNamesystem$RecoverLeaseOp'.
2024-11-12 13:41:20,841 INFO  MethodCallReplacementClassAdapter - Adding mock interface to class org/apache/hadoop/hdfs/server/namenode/FSNamesystem$RecoverLeaseOp
2024-11-12 13:41:20,841 INFO  CreateClassResetClassAdapter - Found static initializer in class org/apache/hadoop/hdfs/server/namenode/FSNamesystem$RecoverLeaseOp
2024-11-12 13:41:20,841 INFO  EvoClassLoader - Keeping class: org.apache.hadoop.hdfs.server.namenode.FSNamesystem$RecoverLeaseOp
2024-11-12 13:41:20,841 INFO  EvoClassLoader - Seeing class for first time: org.apache.hadoop.hdfs.protocol.BlockType
2024-11-12 13:41:20,841 INFO  EvoClassLoader - Instrumenting class 'org.apache.hadoop.hdfs.protocol.BlockType'.
2024-11-12 13:41:20,842 INFO  MethodCallReplacementClassAdapter - Adding mock interface to class org/apache/hadoop/hdfs/protocol/BlockType
2024-11-12 13:41:20,842 INFO  CreateClassResetClassAdapter - Found static initializer in class org/apache/hadoop/hdfs/protocol/BlockType
2024-11-12 13:41:20,842 INFO  EvoClassLoader - Keeping class: org.apache.hadoop.hdfs.protocol.BlockType
2024-11-12 13:41:20,842 INFO  EvoClassLoader - Seeing class for first time: org.apache.hadoop.hdfs.server.protocol.DatanodeRegistration
2024-11-12 13:41:20,842 INFO  EvoClassLoader - Instrumenting class 'org.apache.hadoop.hdfs.server.protocol.DatanodeRegistration'.
2024-11-12 13:41:20,842 INFO  MethodCallReplacementClassAdapter - Adding mock interface to class org/apache/hadoop/hdfs/server/protocol/DatanodeRegistration
2024-11-12 13:41:20,842 INFO  CreateClassResetClassAdapter - Creating brand-new static initializer in class org/apache/hadoop/hdfs/server/protocol/DatanodeRegistration
2024-11-12 13:41:20,842 INFO  EvoClassLoader - Keeping class: org.apache.hadoop.hdfs.server.protocol.DatanodeRegistration
2024-11-12 13:41:20,842 INFO  EvoClassLoader - Seeing class for first time: org.apache.hadoop.hdfs.server.protocol.StorageReport
2024-11-12 13:41:20,842 INFO  EvoClassLoader - Instrumenting class 'org.apache.hadoop.hdfs.server.protocol.StorageReport'.
2024-11-12 13:41:20,842 INFO  MethodCallReplacementClassAdapter - Adding mock interface to class org/apache/hadoop/hdfs/server/protocol/StorageReport
2024-11-12 13:41:20,842 INFO  CreateClassResetClassAdapter - Found static initializer in class org/apache/hadoop/hdfs/server/protocol/StorageReport
2024-11-12 13:41:20,842 INFO  EvoClassLoader - Keeping class: org.apache.hadoop.hdfs.server.protocol.StorageReport
2024-11-12 13:41:20,842 INFO  EvoClassLoader - Seeing class for first time: org.apache.hadoop.hdfs.server.protocol.VolumeFailureSummary
2024-11-12 13:41:20,842 INFO  EvoClassLoader - Instrumenting class 'org.apache.hadoop.hdfs.server.protocol.VolumeFailureSummary'.
2024-11-12 13:41:20,843 INFO  MethodCallReplacementClassAdapter - Adding mock interface to class org/apache/hadoop/hdfs/server/protocol/VolumeFailureSummary
2024-11-12 13:41:20,843 INFO  CreateClassResetClassAdapter - Creating brand-new static initializer in class org/apache/hadoop/hdfs/server/protocol/VolumeFailureSummary
2024-11-12 13:41:20,843 INFO  EvoClassLoader - Keeping class: org.apache.hadoop.hdfs.server.protocol.VolumeFailureSummary
2024-11-12 13:41:20,843 INFO  EvoClassLoader - Seeing class for first time: org.apache.hadoop.hdfs.server.protocol.SlowPeerReports
2024-11-12 13:41:20,843 INFO  EvoClassLoader - Instrumenting class 'org.apache.hadoop.hdfs.server.protocol.SlowPeerReports'.
2024-11-12 13:41:20,843 INFO  MethodCallReplacementClassAdapter - Adding mock interface to class org/apache/hadoop/hdfs/server/protocol/SlowPeerReports
2024-11-12 13:41:20,843 INFO  CreateClassResetClassAdapter - Found static initializer in class org/apache/hadoop/hdfs/server/protocol/SlowPeerReports
2024-11-12 13:41:20,843 INFO  EvoClassLoader - Keeping class: org.apache.hadoop.hdfs.server.protocol.SlowPeerReports
2024-11-12 13:41:20,843 INFO  EvoClassLoader - Seeing class for first time: org.apache.hadoop.hdfs.server.protocol.SlowDiskReports
2024-11-12 13:41:20,843 INFO  EvoClassLoader - Instrumenting class 'org.apache.hadoop.hdfs.server.protocol.SlowDiskReports'.
2024-11-12 13:41:20,843 INFO  MethodCallReplacementClassAdapter - Adding mock interface to class org/apache/hadoop/hdfs/server/protocol/SlowDiskReports
2024-11-12 13:41:20,843 INFO  CreateClassResetClassAdapter - Found static initializer in class org/apache/hadoop/hdfs/server/protocol/SlowDiskReports
2024-11-12 13:41:20,844 INFO  EvoClassLoader - Keeping class: org.apache.hadoop.hdfs.server.protocol.SlowDiskReports
2024-11-12 13:41:20,844 INFO  EvoClassLoader - Seeing class for first time: org.apache.hadoop.hdfs.server.protocol.HeartbeatResponse
2024-11-12 13:41:20,844 INFO  EvoClassLoader - Instrumenting class 'org.apache.hadoop.hdfs.server.protocol.HeartbeatResponse'.
2024-11-12 13:41:20,844 INFO  MethodCallReplacementClassAdapter - Adding mock interface to class org/apache/hadoop/hdfs/server/protocol/HeartbeatResponse
2024-11-12 13:41:20,844 INFO  CreateClassResetClassAdapter - Creating brand-new static initializer in class org/apache/hadoop/hdfs/server/protocol/HeartbeatResponse
2024-11-12 13:41:20,844 INFO  EvoClassLoader - Keeping class: org.apache.hadoop.hdfs.server.protocol.HeartbeatResponse
2024-11-12 13:41:20,844 INFO  EvoClassLoader - Seeing class for first time: org.apache.hadoop.hdfs.server.protocol.StorageReceivedDeletedBlocks
2024-11-12 13:41:20,844 INFO  EvoClassLoader - Instrumenting class 'org.apache.hadoop.hdfs.server.protocol.StorageReceivedDeletedBlocks'.
2024-11-12 13:41:20,844 INFO  MethodCallReplacementClassAdapter - Adding mock interface to class org/apache/hadoop/hdfs/server/protocol/StorageReceivedDeletedBlocks
2024-11-12 13:41:20,844 INFO  CreateClassResetClassAdapter - Creating brand-new static initializer in class org/apache/hadoop/hdfs/server/protocol/StorageReceivedDeletedBlocks
2024-11-12 13:41:20,844 INFO  EvoClassLoader - Keeping class: org.apache.hadoop.hdfs.server.protocol.StorageReceivedDeletedBlocks
2024-11-12 13:41:20,844 INFO  EvoClassLoader - Seeing class for first time: org.apache.hadoop.hdfs.server.namenode.ErasureCodingPolicyManager
2024-11-12 13:41:20,844 INFO  EvoClassLoader - Instrumenting class 'org.apache.hadoop.hdfs.server.namenode.ErasureCodingPolicyManager'.
2024-11-12 13:41:20,844 INFO  MethodCallReplacementClassAdapter - Adding mock interface to class org/apache/hadoop/hdfs/server/namenode/ErasureCodingPolicyManager
2024-11-12 13:41:20,845 INFO  CreateClassResetClassAdapter - Found static initializer in class org/apache/hadoop/hdfs/server/namenode/ErasureCodingPolicyManager
2024-11-12 13:41:20,846 INFO  EvoClassLoader - Keeping class: org.apache.hadoop.hdfs.server.namenode.ErasureCodingPolicyManager
2024-11-12 13:41:20,846 INFO  EvoClassLoader - Seeing class for first time: org.apache.hadoop.hdfs.security.token.delegation.DelegationTokenSecretManager$SecretManagerState
2024-11-12 13:41:20,846 INFO  EvoClassLoader - Instrumenting class 'org.apache.hadoop.hdfs.security.token.delegation.DelegationTokenSecretManager$SecretManagerState'.
2024-11-12 13:41:20,846 INFO  MethodCallReplacementClassAdapter - Adding mock interface to class org/apache/hadoop/hdfs/security/token/delegation/DelegationTokenSecretManager$SecretManagerState
2024-11-12 13:41:20,846 INFO  CreateClassResetClassAdapter - Creating brand-new static initializer in class org/apache/hadoop/hdfs/security/token/delegation/DelegationTokenSecretManager$SecretManagerState
2024-11-12 13:41:20,846 INFO  EvoClassLoader - Keeping class: org.apache.hadoop.hdfs.security.token.delegation.DelegationTokenSecretManager$SecretManagerState
2024-11-12 13:41:20,846 INFO  EvoClassLoader - Seeing class for first time: org.apache.hadoop.security.token.delegation.DelegationKey
2024-11-12 13:41:20,846 INFO  EvoClassLoader - Instrumenting class 'org.apache.hadoop.security.token.delegation.DelegationKey'.
2024-11-12 13:41:20,846 INFO  MethodCallReplacementClassAdapter - Adding mock interface to class org/apache/hadoop/security/token/delegation/DelegationKey
2024-11-12 13:41:20,847 INFO  CreateClassResetClassAdapter - Creating brand-new static initializer in class org/apache/hadoop/security/token/delegation/DelegationKey
2024-11-12 13:41:20,847 INFO  CreateClassResetClassAdapter - Adding bytecode for initializing field MAX_KEY_LEN
2024-11-12 13:41:20,847 INFO  EvoClassLoader - Keeping class: org.apache.hadoop.security.token.delegation.DelegationKey
2024-11-12 13:41:20,847 INFO  EvoClassLoader - Seeing class for first time: org.apache.hadoop.security.UserGroupInformation$AuthenticationMethod
2024-11-12 13:41:20,847 INFO  EvoClassLoader - Instrumenting class 'org.apache.hadoop.security.UserGroupInformation$AuthenticationMethod'.
2024-11-12 13:41:20,848 INFO  MethodCallReplacementClassAdapter - Adding mock interface to class org/apache/hadoop/security/UserGroupInformation$AuthenticationMethod
2024-11-12 13:41:20,848 INFO  CreateClassResetClassAdapter - Found static initializer in class org/apache/hadoop/security/UserGroupInformation$AuthenticationMethod
2024-11-12 13:41:20,849 INFO  EvoClassLoader - Keeping class: org.apache.hadoop.security.UserGroupInformation$AuthenticationMethod
2024-11-12 13:41:20,849 INFO  EvoClassLoader - Seeing class for first time: org.apache.hadoop.hdfs.server.namenode.ha.EditLogTailer
2024-11-12 13:41:20,849 INFO  EvoClassLoader - Instrumenting class 'org.apache.hadoop.hdfs.server.namenode.ha.EditLogTailer'.
2024-11-12 13:41:20,849 INFO  MethodCallReplacementClassAdapter - Adding mock interface to class org/apache/hadoop/hdfs/server/namenode/ha/EditLogTailer
2024-11-12 13:41:20,850 INFO  CreateClassResetClassAdapter - Found static initializer in class org/apache/hadoop/hdfs/server/namenode/ha/EditLogTailer
2024-11-12 13:41:20,851 INFO  EvoClassLoader - Keeping class: org.apache.hadoop.hdfs.server.namenode.ha.EditLogTailer
2024-11-12 13:41:20,851 INFO  EvoClassLoader - Seeing class for first time: org.apache.hadoop.hdfs.server.namenode.NameNodeResourceChecker
2024-11-12 13:41:20,851 INFO  EvoClassLoader - Instrumenting class 'org.apache.hadoop.hdfs.server.namenode.NameNodeResourceChecker'.
2024-11-12 13:41:20,851 INFO  MethodCallReplacementClassAdapter - Adding mock interface to class org/apache/hadoop/hdfs/server/namenode/NameNodeResourceChecker
2024-11-12 13:41:20,852 INFO  CreateClassResetClassAdapter - Found static initializer in class org/apache/hadoop/hdfs/server/namenode/NameNodeResourceChecker
2024-11-12 13:41:20,852 INFO  EvoClassLoader - Keeping class: org.apache.hadoop.hdfs.server.namenode.NameNodeResourceChecker
2024-11-12 13:41:20,852 INFO  EvoClassLoader - Seeing class for first time: org.apache.hadoop.hdfs.protocol.RollingUpgradeInfo$Bean
2024-11-12 13:41:20,852 INFO  EvoClassLoader - Instrumenting class 'org.apache.hadoop.hdfs.protocol.RollingUpgradeInfo$Bean'.
2024-11-12 13:41:20,853 INFO  MethodCallReplacementClassAdapter - Adding mock interface to class org/apache/hadoop/hdfs/protocol/RollingUpgradeInfo$Bean
2024-11-12 13:41:20,853 INFO  CreateClassResetClassAdapter - Creating brand-new static initializer in class org/apache/hadoop/hdfs/protocol/RollingUpgradeInfo$Bean
2024-11-12 13:41:20,853 INFO  EvoClassLoader - Keeping class: org.apache.hadoop.hdfs.protocol.RollingUpgradeInfo$Bean
2024-11-12 13:41:20,853 INFO  EvoClassLoader - Seeing class for first time: org.apache.hadoop.hdfs.server.namenode.SerialNumberManager$StringTable
2024-11-12 13:41:20,853 INFO  EvoClassLoader - Instrumenting class 'org.apache.hadoop.hdfs.server.namenode.SerialNumberManager$StringTable'.
2024-11-12 13:41:20,853 INFO  MethodCallReplacementClassAdapter - Adding mock interface to class org/apache/hadoop/hdfs/server/namenode/SerialNumberManager$StringTable
2024-11-12 13:41:20,853 INFO  CreateClassResetClassAdapter - Creating brand-new static initializer in class org/apache/hadoop/hdfs/server/namenode/SerialNumberManager$StringTable
2024-11-12 13:41:20,854 INFO  EvoClassLoader - Keeping class: org.apache.hadoop.hdfs.server.namenode.SerialNumberManager$StringTable
2024-11-12 13:41:20,854 INFO  EvoClassLoader - Seeing class for first time: org.apache.hadoop.hdfs.server.blockmanagement.DatanodeStorageInfo
2024-11-12 13:41:20,854 INFO  EvoClassLoader - Instrumenting class 'org.apache.hadoop.hdfs.server.blockmanagement.DatanodeStorageInfo'.
2024-11-12 13:41:20,854 INFO  MethodCallReplacementClassAdapter - Adding mock interface to class org/apache/hadoop/hdfs/server/blockmanagement/DatanodeStorageInfo
2024-11-12 13:41:20,854 INFO  CreateClassResetClassAdapter - Found static initializer in class org/apache/hadoop/hdfs/server/blockmanagement/DatanodeStorageInfo
2024-11-12 13:41:20,854 INFO  EvoClassLoader - Keeping class: org.apache.hadoop.hdfs.server.blockmanagement.DatanodeStorageInfo
2024-11-12 13:41:20,855 INFO  EvoClassLoader - Seeing class for first time: org.apache.hadoop.fs.permission.AclEntry
2024-11-12 13:41:20,855 INFO  EvoClassLoader - Instrumenting class 'org.apache.hadoop.fs.permission.AclEntry'.
2024-11-12 13:41:20,855 INFO  MethodCallReplacementClassAdapter - Adding mock interface to class org/apache/hadoop/fs/permission/AclEntry
2024-11-12 13:41:20,855 INFO  CreateClassResetClassAdapter - Creating brand-new static initializer in class org/apache/hadoop/fs/permission/AclEntry
2024-11-12 13:41:20,855 INFO  EvoClassLoader - Keeping class: org.apache.hadoop.fs.permission.AclEntry
2024-11-12 13:41:20,855 INFO  EvoClassLoader - Seeing class for first time: org.apache.hadoop.hdfs.server.namenode.snapshot.FileDiffList
2024-11-12 13:41:20,855 INFO  EvoClassLoader - Instrumenting class 'org.apache.hadoop.hdfs.server.namenode.snapshot.FileDiffList'.
2024-11-12 13:41:20,856 INFO  MethodCallReplacementClassAdapter - Adding mock interface to class org/apache/hadoop/hdfs/server/namenode/snapshot/FileDiffList
2024-11-12 13:41:20,856 INFO  CreateClassResetClassAdapter - Found static initializer in class org/apache/hadoop/hdfs/server/namenode/snapshot/FileDiffList
2024-11-12 13:41:20,857 INFO  EvoClassLoader - Keeping class: org.apache.hadoop.hdfs.server.namenode.snapshot.FileDiffList
2024-11-12 13:41:20,857 INFO  EvoClassLoader - Seeing class for first time: org.apache.hadoop.hdfs.server.namenode.snapshot.FileWithSnapshotFeature
2024-11-12 13:41:20,857 INFO  EvoClassLoader - Instrumenting class 'org.apache.hadoop.hdfs.server.namenode.snapshot.FileWithSnapshotFeature'.
2024-11-12 13:41:20,857 INFO  MethodCallReplacementClassAdapter - Adding mock interface to class org/apache/hadoop/hdfs/server/namenode/snapshot/FileWithSnapshotFeature
2024-11-12 13:41:20,857 INFO  CreateClassResetClassAdapter - Creating brand-new static initializer in class org/apache/hadoop/hdfs/server/namenode/snapshot/FileWithSnapshotFeature
2024-11-12 13:41:20,858 INFO  EvoClassLoader - Keeping class: org.apache.hadoop.hdfs.server.namenode.snapshot.FileWithSnapshotFeature
2024-11-12 13:41:20,858 INFO  EvoClassLoader - Seeing class for first time: org.apache.hadoop.hdfs.server.namenode.FileUnderConstructionFeature
2024-11-12 13:41:20,858 INFO  EvoClassLoader - Instrumenting class 'org.apache.hadoop.hdfs.server.namenode.FileUnderConstructionFeature'.
2024-11-12 13:41:20,858 INFO  MethodCallReplacementClassAdapter - Adding mock interface to class org/apache/hadoop/hdfs/server/namenode/FileUnderConstructionFeature
2024-11-12 13:41:20,858 INFO  CreateClassResetClassAdapter - Found static initializer in class org/apache/hadoop/hdfs/server/namenode/FileUnderConstructionFeature
2024-11-12 13:41:20,858 INFO  EvoClassLoader - Keeping class: org.apache.hadoop.hdfs.server.namenode.FileUnderConstructionFeature
2024-11-12 13:41:20,858 INFO  EvoClassLoader - Seeing class for first time: org.apache.hadoop.hdfs.server.namenode.ContentCounts
2024-11-12 13:41:20,858 INFO  EvoClassLoader - Instrumenting class 'org.apache.hadoop.hdfs.server.namenode.ContentCounts'.
2024-11-12 13:41:20,858 INFO  MethodCallReplacementClassAdapter - Adding mock interface to class org/apache/hadoop/hdfs/server/namenode/ContentCounts
2024-11-12 13:41:20,858 INFO  CreateClassResetClassAdapter - Creating brand-new static initializer in class org/apache/hadoop/hdfs/server/namenode/ContentCounts
2024-11-12 13:41:20,858 INFO  EvoClassLoader - Keeping class: org.apache.hadoop.hdfs.server.namenode.ContentCounts
2024-11-12 13:41:20,859 INFO  EvoClassLoader - Seeing class for first time: org.apache.hadoop.hdfs.server.common.HdfsServerConstants$BlockUCState
2024-11-12 13:41:20,859 INFO  EvoClassLoader - Instrumenting class 'org.apache.hadoop.hdfs.server.common.HdfsServerConstants$BlockUCState'.
2024-11-12 13:41:20,859 INFO  MethodCallReplacementClassAdapter - Adding mock interface to class org/apache/hadoop/hdfs/server/common/HdfsServerConstants$BlockUCState
2024-11-12 13:41:20,859 INFO  CreateClassResetClassAdapter - Found static initializer in class org/apache/hadoop/hdfs/server/common/HdfsServerConstants$BlockUCState
2024-11-12 13:41:20,859 INFO  EvoClassLoader - Keeping class: org.apache.hadoop.hdfs.server.common.HdfsServerConstants$BlockUCState
2024-11-12 13:41:20,859 INFO  EvoClassLoader - Seeing class for first time: org.apache.hadoop.hdfs.server.blockmanagement.BlockUnderConstructionFeature
2024-11-12 13:41:20,859 INFO  EvoClassLoader - Instrumenting class 'org.apache.hadoop.hdfs.server.blockmanagement.BlockUnderConstructionFeature'.
2024-11-12 13:41:20,859 INFO  MethodCallReplacementClassAdapter - Adding mock interface to class org/apache/hadoop/hdfs/server/blockmanagement/BlockUnderConstructionFeature
2024-11-12 13:41:20,860 INFO  CreateClassResetClassAdapter - Found static initializer in class org/apache/hadoop/hdfs/server/blockmanagement/BlockUnderConstructionFeature
2024-11-12 13:41:20,860 INFO  EvoClassLoader - Keeping class: org.apache.hadoop.hdfs.server.blockmanagement.BlockUnderConstructionFeature
2024-11-12 13:41:20,860 INFO  EvoClassLoader - Seeing class for first time: org.apache.hadoop.hdfs.server.namenode.FSDirectory$DirOp
2024-11-12 13:41:20,860 INFO  EvoClassLoader - Instrumenting class 'org.apache.hadoop.hdfs.server.namenode.FSDirectory$DirOp'.
2024-11-12 13:41:20,860 INFO  MethodCallReplacementClassAdapter - Adding mock interface to class org/apache/hadoop/hdfs/server/namenode/FSDirectory$DirOp
2024-11-12 13:41:20,860 INFO  CreateClassResetClassAdapter - Found static initializer in class org/apache/hadoop/hdfs/server/namenode/FSDirectory$DirOp
2024-11-12 13:41:20,860 INFO  EvoClassLoader - Keeping class: org.apache.hadoop.hdfs.server.namenode.FSDirectory$DirOp
2024-11-12 13:41:20,860 INFO  EvoClassLoader - Seeing class for first time: org.apache.hadoop.hdfs.server.namenode.INodeAttributeProvider
2024-11-12 13:41:20,860 INFO  EvoClassLoader - Instrumenting class 'org.apache.hadoop.hdfs.server.namenode.INodeAttributeProvider'.
2024-11-12 13:41:20,860 INFO  MethodCallReplacementClassAdapter - Adding mock interface to class org/apache/hadoop/hdfs/server/namenode/INodeAttributeProvider
2024-11-12 13:41:20,861 INFO  CreateClassResetClassAdapter - Creating brand-new static initializer in class org/apache/hadoop/hdfs/server/namenode/INodeAttributeProvider
2024-11-12 13:41:20,861 INFO  EvoClassLoader - Keeping class: org.apache.hadoop.hdfs.server.namenode.INodeAttributeProvider
2024-11-12 13:41:20,861 INFO  EvoClassLoader - Seeing class for first time: org.apache.hadoop.hdfs.protocol.UnresolvedPathException
2024-11-12 13:41:20,861 INFO  EvoClassLoader - Instrumenting class 'org.apache.hadoop.hdfs.protocol.UnresolvedPathException'.
2024-11-12 13:41:20,861 INFO  MethodCallReplacementClassAdapter - Adding mock interface to class org/apache/hadoop/hdfs/protocol/UnresolvedPathException
2024-11-12 13:41:20,862 INFO  CreateClassResetClassAdapter - Creating brand-new static initializer in class org/apache/hadoop/hdfs/protocol/UnresolvedPathException
2024-11-12 13:41:20,862 INFO  EvoClassLoader - Keeping class: org.apache.hadoop.hdfs.protocol.UnresolvedPathException
2024-11-12 13:41:20,862 INFO  EvoClassLoader - Seeing class for first time: org.apache.hadoop.thirdparty.com.google.common.base.Predicate
2024-11-12 13:41:20,862 INFO  EvoClassLoader - Instrumenting class 'org.apache.hadoop.thirdparty.com.google.common.base.Predicate'.
2024-11-12 13:41:20,862 INFO  EvoClassLoader - Keeping class: org.apache.hadoop.thirdparty.com.google.common.base.Predicate
2024-11-12 13:41:20,862 INFO  EvoClassLoader - Seeing class for first time: org.apache.hadoop.hdfs.protocol.BlockLocalPathInfo
2024-11-12 13:41:20,862 INFO  EvoClassLoader - Instrumenting class 'org.apache.hadoop.hdfs.protocol.BlockLocalPathInfo'.
2024-11-12 13:41:20,863 INFO  MethodCallReplacementClassAdapter - Adding mock interface to class org/apache/hadoop/hdfs/protocol/BlockLocalPathInfo
2024-11-12 13:41:20,863 INFO  CreateClassResetClassAdapter - Creating brand-new static initializer in class org/apache/hadoop/hdfs/protocol/BlockLocalPathInfo
2024-11-12 13:41:20,863 INFO  EvoClassLoader - Keeping class: org.apache.hadoop.hdfs.protocol.BlockLocalPathInfo
2024-11-12 13:41:20,863 INFO  EvoClassLoader - Seeing class for first time: org.apache.hadoop.hdfs.server.datanode.DiskBalancerWorkStatus
2024-11-12 13:41:20,863 INFO  EvoClassLoader - Instrumenting class 'org.apache.hadoop.hdfs.server.datanode.DiskBalancerWorkStatus'.
2024-11-12 13:41:20,863 INFO  MethodCallReplacementClassAdapter - Adding mock interface to class org/apache/hadoop/hdfs/server/datanode/DiskBalancerWorkStatus
2024-11-12 13:41:20,863 INFO  CreateClassResetClassAdapter - Found static initializer in class org/apache/hadoop/hdfs/server/datanode/DiskBalancerWorkStatus
2024-11-12 13:41:20,863 INFO  EvoClassLoader - Defined package (3): package org.apache.hadoop.hdfs.server.datanode, 2052922021
2024-11-12 13:41:20,863 INFO  EvoClassLoader - Keeping class: org.apache.hadoop.hdfs.server.datanode.DiskBalancerWorkStatus
2024-11-12 13:41:20,863 INFO  EvoClassLoader - Seeing class for first time: org.apache.hadoop.hdfs.protocol.DatanodeLocalInfo
2024-11-12 13:41:20,863 INFO  EvoClassLoader - Instrumenting class 'org.apache.hadoop.hdfs.protocol.DatanodeLocalInfo'.
2024-11-12 13:41:20,863 INFO  MethodCallReplacementClassAdapter - Adding mock interface to class org/apache/hadoop/hdfs/protocol/DatanodeLocalInfo
2024-11-12 13:41:20,863 INFO  CreateClassResetClassAdapter - Creating brand-new static initializer in class org/apache/hadoop/hdfs/protocol/DatanodeLocalInfo
2024-11-12 13:41:20,863 INFO  EvoClassLoader - Keeping class: org.apache.hadoop.hdfs.protocol.DatanodeLocalInfo
2024-11-12 13:41:20,863 INFO  EvoClassLoader - Seeing class for first time: org.apache.hadoop.hdfs.client.BlockReportOptions
2024-11-12 13:41:20,863 INFO  EvoClassLoader - Instrumenting class 'org.apache.hadoop.hdfs.client.BlockReportOptions'.
2024-11-12 13:41:20,864 INFO  MethodCallReplacementClassAdapter - Adding mock interface to class org/apache/hadoop/hdfs/client/BlockReportOptions
2024-11-12 13:41:20,864 INFO  CreateClassResetClassAdapter - Creating brand-new static initializer in class org/apache/hadoop/hdfs/client/BlockReportOptions
2024-11-12 13:41:20,864 INFO  EvoClassLoader - Defined package (3): package org.apache.hadoop.hdfs.client, 2065323101
2024-11-12 13:41:20,864 INFO  EvoClassLoader - Keeping class: org.apache.hadoop.hdfs.client.BlockReportOptions
2024-11-12 13:41:20,864 INFO  EvoClassLoader - Seeing class for first time: org.apache.hadoop.conf.ReconfigurationTaskStatus
2024-11-12 13:41:20,864 INFO  EvoClassLoader - Instrumenting class 'org.apache.hadoop.conf.ReconfigurationTaskStatus'.
2024-11-12 13:41:20,865 INFO  MethodCallReplacementClassAdapter - Adding mock interface to class org/apache/hadoop/conf/ReconfigurationTaskStatus
2024-11-12 13:41:20,865 INFO  CreateClassResetClassAdapter - Creating brand-new static initializer in class org/apache/hadoop/conf/ReconfigurationTaskStatus
2024-11-12 13:41:20,865 INFO  EvoClassLoader - Keeping class: org.apache.hadoop.conf.ReconfigurationTaskStatus
2024-11-12 13:41:20,865 INFO  EvoClassLoader - Seeing class for first time: org.apache.hadoop.net.unix.DomainSocket
2024-11-12 13:41:20,865 INFO  EvoClassLoader - Instrumenting class 'org.apache.hadoop.net.unix.DomainSocket'.
2024-11-12 13:41:20,866 INFO  MethodCallReplacementClassAdapter - Adding mock interface to class org/apache/hadoop/net/unix/DomainSocket
2024-11-12 13:41:20,868 INFO  CreateClassResetClassAdapter - Found static initializer in class org/apache/hadoop/net/unix/DomainSocket
2024-11-12 13:41:20,868 INFO  EvoClassLoader - Defined package (3): package org.apache.hadoop.net.unix, 1490252940
2024-11-12 13:41:20,869 INFO  EvoClassLoader - Keeping class: org.apache.hadoop.net.unix.DomainSocket
2024-11-12 13:41:20,869 INFO  EvoClassLoader - Seeing class for first time: org.apache.hadoop.hdfs.server.namenode.snapshot.SnapshotFSImageFormat$ReferenceMap
2024-11-12 13:41:20,869 INFO  EvoClassLoader - Instrumenting class 'org.apache.hadoop.hdfs.server.namenode.snapshot.SnapshotFSImageFormat$ReferenceMap'.
2024-11-12 13:41:20,870 INFO  MethodCallReplacementClassAdapter - Adding mock interface to class org/apache/hadoop/hdfs/server/namenode/snapshot/SnapshotFSImageFormat$ReferenceMap
2024-11-12 13:41:20,870 INFO  CreateClassResetClassAdapter - Creating brand-new static initializer in class org/apache/hadoop/hdfs/server/namenode/snapshot/SnapshotFSImageFormat$ReferenceMap
2024-11-12 13:41:20,870 INFO  EvoClassLoader - Keeping class: org.apache.hadoop.hdfs.server.namenode.snapshot.SnapshotFSImageFormat$ReferenceMap
2024-11-12 13:41:20,870 INFO  EvoClassLoader - Seeing class for first time: org.apache.commons.cli.OptionGroup
2024-11-12 13:41:20,870 INFO  EvoClassLoader - Instrumenting class 'org.apache.commons.cli.OptionGroup'.
2024-11-12 13:41:20,870 INFO  MethodCallReplacementClassAdapter - Adding mock interface to class org/apache/commons/cli/OptionGroup
2024-11-12 13:41:20,870 INFO  CreateClassResetClassAdapter - Creating brand-new static initializer in class org/apache/commons/cli/OptionGroup
2024-11-12 13:41:20,871 INFO  EvoClassLoader - Keeping class: org.apache.commons.cli.OptionGroup
2024-11-12 13:41:20,871 INFO  EvoClassLoader - Seeing class for first time: org.apache.commons.cli.CommandLine
2024-11-12 13:41:20,871 INFO  EvoClassLoader - Instrumenting class 'org.apache.commons.cli.CommandLine'.
2024-11-12 13:41:20,871 INFO  MethodCallReplacementClassAdapter - Adding mock interface to class org/apache/commons/cli/CommandLine
2024-11-12 13:41:20,871 INFO  CreateClassResetClassAdapter - Creating brand-new static initializer in class org/apache/commons/cli/CommandLine
2024-11-12 13:41:20,871 INFO  EvoClassLoader - Keeping class: org.apache.commons.cli.CommandLine
2024-11-12 13:41:20,872 INFO  EvoClassLoader - Seeing class for first time: org.apache.hadoop.fs.FileEncryptionInfo
2024-11-12 13:41:20,872 INFO  EvoClassLoader - Instrumenting class 'org.apache.hadoop.fs.FileEncryptionInfo'.
2024-11-12 13:41:20,872 INFO  MethodCallReplacementClassAdapter - Adding mock interface to class org/apache/hadoop/fs/FileEncryptionInfo
2024-11-12 13:41:20,872 INFO  CreateClassResetClassAdapter - Creating brand-new static initializer in class org/apache/hadoop/fs/FileEncryptionInfo
2024-11-12 13:41:20,872 INFO  EvoClassLoader - Keeping class: org.apache.hadoop.fs.FileEncryptionInfo
2024-11-12 13:41:20,872 INFO  EvoClassLoader - Seeing class for first time: org.apache.hadoop.hdfs.server.namenode.snapshot.SnapshotDiffListingInfo
2024-11-12 13:41:20,872 INFO  EvoClassLoader - Instrumenting class 'org.apache.hadoop.hdfs.server.namenode.snapshot.SnapshotDiffListingInfo'.
2024-11-12 13:41:20,872 INFO  MethodCallReplacementClassAdapter - Adding mock interface to class org/apache/hadoop/hdfs/server/namenode/snapshot/SnapshotDiffListingInfo
2024-11-12 13:41:20,873 INFO  CreateClassResetClassAdapter - Creating brand-new static initializer in class org/apache/hadoop/hdfs/server/namenode/snapshot/SnapshotDiffListingInfo
2024-11-12 13:41:20,873 INFO  EvoClassLoader - Keeping class: org.apache.hadoop.hdfs.server.namenode.snapshot.SnapshotDiffListingInfo
2024-11-12 13:41:20,873 INFO  EvoClassLoader - Seeing class for first time: org.apache.hadoop.thirdparty.com.google.common.collect.ImmutableListMultimap
2024-11-12 13:41:20,873 INFO  EvoClassLoader - Instrumenting class 'org.apache.hadoop.thirdparty.com.google.common.collect.ImmutableListMultimap'.
2024-11-12 13:41:20,874 INFO  MethodCallReplacementClassAdapter - Adding mock interface to class org/apache/hadoop/thirdparty/com/google/common/collect/ImmutableListMultimap
2024-11-12 13:41:20,874 INFO  CreateClassResetClassAdapter - Creating brand-new static initializer in class org/apache/hadoop/thirdparty/com/google/common/collect/ImmutableListMultimap
2024-11-12 13:41:20,874 INFO  EvoClassLoader - Seeing class for first time: org.apache.hadoop.thirdparty.com.google.common.collect.ListMultimap
2024-11-12 13:41:20,874 INFO  EvoClassLoader - Instrumenting class 'org.apache.hadoop.thirdparty.com.google.common.collect.ListMultimap'.
2024-11-12 13:41:20,875 INFO  EvoClassLoader - Seeing class for first time: org.apache.hadoop.thirdparty.com.google.common.collect.Multimap
2024-11-12 13:41:20,875 INFO  EvoClassLoader - Instrumenting class 'org.apache.hadoop.thirdparty.com.google.common.collect.Multimap'.
2024-11-12 13:41:20,875 INFO  EvoClassLoader - Keeping class: org.apache.hadoop.thirdparty.com.google.common.collect.Multimap
2024-11-12 13:41:20,875 INFO  EvoClassLoader - Keeping class: org.apache.hadoop.thirdparty.com.google.common.collect.ListMultimap
2024-11-12 13:41:20,875 INFO  EvoClassLoader - Seeing class for first time: org.apache.hadoop.thirdparty.com.google.common.collect.ImmutableMultimap
2024-11-12 13:41:20,875 INFO  EvoClassLoader - Instrumenting class 'org.apache.hadoop.thirdparty.com.google.common.collect.ImmutableMultimap'.
2024-11-12 13:41:20,876 INFO  MethodCallReplacementClassAdapter - Adding mock interface to class org/apache/hadoop/thirdparty/com/google/common/collect/ImmutableMultimap
2024-11-12 13:41:20,876 INFO  CreateClassResetClassAdapter - Creating brand-new static initializer in class org/apache/hadoop/thirdparty/com/google/common/collect/ImmutableMultimap
2024-11-12 13:41:20,876 INFO  EvoClassLoader - Seeing class for first time: org.apache.hadoop.thirdparty.com.google.common.collect.BaseImmutableMultimap
2024-11-12 13:41:20,876 INFO  EvoClassLoader - Instrumenting class 'org.apache.hadoop.thirdparty.com.google.common.collect.BaseImmutableMultimap'.
2024-11-12 13:41:20,876 INFO  MethodCallReplacementClassAdapter - Adding mock interface to class org/apache/hadoop/thirdparty/com/google/common/collect/BaseImmutableMultimap
2024-11-12 13:41:20,876 INFO  CreateClassResetClassAdapter - Creating brand-new static initializer in class org/apache/hadoop/thirdparty/com/google/common/collect/BaseImmutableMultimap
2024-11-12 13:41:20,876 INFO  EvoClassLoader - Seeing class for first time: org.apache.hadoop.thirdparty.com.google.common.collect.AbstractMultimap
2024-11-12 13:41:20,876 INFO  EvoClassLoader - Instrumenting class 'org.apache.hadoop.thirdparty.com.google.common.collect.AbstractMultimap'.
2024-11-12 13:41:20,877 INFO  MethodCallReplacementClassAdapter - Adding mock interface to class org/apache/hadoop/thirdparty/com/google/common/collect/AbstractMultimap
2024-11-12 13:41:20,877 INFO  CreateClassResetClassAdapter - Creating brand-new static initializer in class org/apache/hadoop/thirdparty/com/google/common/collect/AbstractMultimap
2024-11-12 13:41:20,877 INFO  EvoClassLoader - Keeping class: org.apache.hadoop.thirdparty.com.google.common.collect.AbstractMultimap
2024-11-12 13:41:20,877 INFO  EvoClassLoader - Keeping class: org.apache.hadoop.thirdparty.com.google.common.collect.BaseImmutableMultimap
2024-11-12 13:41:20,877 INFO  EvoClassLoader - Keeping class: org.apache.hadoop.thirdparty.com.google.common.collect.ImmutableMultimap
2024-11-12 13:41:20,877 INFO  EvoClassLoader - Keeping class: org.apache.hadoop.thirdparty.com.google.common.collect.ImmutableListMultimap
2024-11-12 13:41:20,877 INFO  EvoClassLoader - Seeing class for first time: org.apache.hadoop.thirdparty.com.google.common.base.Joiner
2024-11-12 13:41:20,877 INFO  EvoClassLoader - Instrumenting class 'org.apache.hadoop.thirdparty.com.google.common.base.Joiner'.
2024-11-12 13:41:20,877 INFO  MethodCallReplacementClassAdapter - Adding mock interface to class org/apache/hadoop/thirdparty/com/google/common/base/Joiner
2024-11-12 13:41:20,878 INFO  CreateClassResetClassAdapter - Creating brand-new static initializer in class org/apache/hadoop/thirdparty/com/google/common/base/Joiner
2024-11-12 13:41:20,878 INFO  EvoClassLoader - Keeping class: org.apache.hadoop.thirdparty.com.google.common.base.Joiner
2024-11-12 13:41:20,878 INFO  EvoClassLoader - Seeing class for first time: org.apache.hadoop.thirdparty.com.google.common.collect.ImmutableMap
2024-11-12 13:41:20,878 INFO  EvoClassLoader - Instrumenting class 'org.apache.hadoop.thirdparty.com.google.common.collect.ImmutableMap'.
2024-11-12 13:41:20,878 INFO  MethodCallReplacementClassAdapter - Adding mock interface to class org/apache/hadoop/thirdparty/com/google/common/collect/ImmutableMap
2024-11-12 13:41:20,879 INFO  CreateClassResetClassAdapter - Found static initializer in class org/apache/hadoop/thirdparty/com/google/common/collect/ImmutableMap
2024-11-12 13:41:20,880 INFO  EvoClassLoader - Keeping class: org.apache.hadoop.thirdparty.com.google.common.collect.ImmutableMap
2024-11-12 13:41:20,880 INFO  EvoClassLoader - Seeing class for first time: org.apache.hadoop.thirdparty.com.google.common.collect.ImmutableSortedSet
2024-11-12 13:41:20,880 INFO  EvoClassLoader - Instrumenting class 'org.apache.hadoop.thirdparty.com.google.common.collect.ImmutableSortedSet'.
2024-11-12 13:41:20,880 INFO  MethodCallReplacementClassAdapter - Adding mock interface to class org/apache/hadoop/thirdparty/com/google/common/collect/ImmutableSortedSet
2024-11-12 13:41:20,880 INFO  CreateClassResetClassAdapter - Creating brand-new static initializer in class org/apache/hadoop/thirdparty/com/google/common/collect/ImmutableSortedSet
2024-11-12 13:41:20,880 INFO  CreateClassResetClassAdapter - Adding bytecode for initializing field SPLITERATOR_CHARACTERISTICS
2024-11-12 13:41:20,881 INFO  EvoClassLoader - Seeing class for first time: org.apache.hadoop.thirdparty.com.google.common.collect.SortedIterable
2024-11-12 13:41:20,881 INFO  EvoClassLoader - Instrumenting class 'org.apache.hadoop.thirdparty.com.google.common.collect.SortedIterable'.
2024-11-12 13:41:20,881 INFO  EvoClassLoader - Keeping class: org.apache.hadoop.thirdparty.com.google.common.collect.SortedIterable
2024-11-12 13:41:20,881 INFO  EvoClassLoader - Seeing class for first time: org.apache.hadoop.thirdparty.com.google.common.collect.ImmutableSortedSetFauxverideShim
2024-11-12 13:41:20,881 INFO  EvoClassLoader - Instrumenting class 'org.apache.hadoop.thirdparty.com.google.common.collect.ImmutableSortedSetFauxverideShim'.
2024-11-12 13:41:20,881 INFO  MethodCallReplacementClassAdapter - Adding mock interface to class org/apache/hadoop/thirdparty/com/google/common/collect/ImmutableSortedSetFauxverideShim
2024-11-12 13:41:20,881 INFO  CreateClassResetClassAdapter - Creating brand-new static initializer in class org/apache/hadoop/thirdparty/com/google/common/collect/ImmutableSortedSetFauxverideShim
2024-11-12 13:41:20,881 INFO  EvoClassLoader - Seeing class for first time: org.apache.hadoop.thirdparty.com.google.common.collect.ImmutableSet
2024-11-12 13:41:20,881 INFO  EvoClassLoader - Instrumenting class 'org.apache.hadoop.thirdparty.com.google.common.collect.ImmutableSet'.
2024-11-12 13:41:20,882 INFO  MethodCallReplacementClassAdapter - Adding mock interface to class org/apache/hadoop/thirdparty/com/google/common/collect/ImmutableSet
2024-11-12 13:41:20,884 INFO  CreateClassResetClassAdapter - Creating brand-new static initializer in class org/apache/hadoop/thirdparty/com/google/common/collect/ImmutableSet
2024-11-12 13:41:20,884 INFO  CreateClassResetClassAdapter - Adding bytecode for initializing field SPLITERATOR_CHARACTERISTICS
2024-11-12 13:41:20,884 INFO  CreateClassResetClassAdapter - Adding bytecode for initializing field MAX_TABLE_SIZE
2024-11-12 13:41:20,884 INFO  CreateClassResetClassAdapter - Adding bytecode for initializing field DESIRED_LOAD_FACTOR
2024-11-12 13:41:20,884 INFO  CreateClassResetClassAdapter - Adding bytecode for initializing field CUTOFF
2024-11-12 13:41:20,884 INFO  CreateClassResetClassAdapter - Adding bytecode for initializing field HASH_FLOODING_FPP
2024-11-12 13:41:20,884 INFO  CreateClassResetClassAdapter - Adding bytecode for initializing field MAX_RUN_MULTIPLIER
2024-11-12 13:41:20,885 INFO  EvoClassLoader - Keeping class: org.apache.hadoop.thirdparty.com.google.common.collect.ImmutableSet
2024-11-12 13:41:20,885 INFO  EvoClassLoader - Keeping class: org.apache.hadoop.thirdparty.com.google.common.collect.ImmutableSortedSetFauxverideShim
2024-11-12 13:41:20,885 INFO  EvoClassLoader - Keeping class: org.apache.hadoop.thirdparty.com.google.common.collect.ImmutableSortedSet
2024-11-12 13:41:20,885 INFO  EvoClassLoader - Seeing class for first time: org.apache.hadoop.thirdparty.com.google.common.collect.ImmutableMultiset
2024-11-12 13:41:20,885 INFO  EvoClassLoader - Instrumenting class 'org.apache.hadoop.thirdparty.com.google.common.collect.ImmutableMultiset'.
2024-11-12 13:41:20,886 INFO  MethodCallReplacementClassAdapter - Adding mock interface to class org/apache/hadoop/thirdparty/com/google/common/collect/ImmutableMultiset
2024-11-12 13:41:20,888 INFO  CreateClassResetClassAdapter - Creating brand-new static initializer in class org/apache/hadoop/thirdparty/com/google/common/collect/ImmutableMultiset
2024-11-12 13:41:20,888 INFO  EvoClassLoader - Seeing class for first time: org.apache.hadoop.thirdparty.com.google.common.collect.Multiset
2024-11-12 13:41:20,888 INFO  EvoClassLoader - Instrumenting class 'org.apache.hadoop.thirdparty.com.google.common.collect.Multiset'.
2024-11-12 13:41:20,889 INFO  EvoClassLoader - Keeping class: org.apache.hadoop.thirdparty.com.google.common.collect.Multiset
2024-11-12 13:41:20,889 INFO  EvoClassLoader - Seeing class for first time: org.apache.hadoop.thirdparty.com.google.common.collect.ImmutableMultisetGwtSerializationDependencies
2024-11-12 13:41:20,889 INFO  EvoClassLoader - Instrumenting class 'org.apache.hadoop.thirdparty.com.google.common.collect.ImmutableMultisetGwtSerializationDependencies'.
2024-11-12 13:41:20,889 INFO  MethodCallReplacementClassAdapter - Adding mock interface to class org/apache/hadoop/thirdparty/com/google/common/collect/ImmutableMultisetGwtSerializationDependencies
2024-11-12 13:41:20,889 INFO  CreateClassResetClassAdapter - Creating brand-new static initializer in class org/apache/hadoop/thirdparty/com/google/common/collect/ImmutableMultisetGwtSerializationDependencies
2024-11-12 13:41:20,889 INFO  EvoClassLoader - Keeping class: org.apache.hadoop.thirdparty.com.google.common.collect.ImmutableMultisetGwtSerializationDependencies
2024-11-12 13:41:20,889 INFO  EvoClassLoader - Keeping class: org.apache.hadoop.thirdparty.com.google.common.collect.ImmutableMultiset
2024-11-12 13:41:20,889 INFO  EvoClassLoader - Seeing class for first time: org.apache.hadoop.http.HttpConfig$Policy
2024-11-12 13:41:20,889 INFO  EvoClassLoader - Instrumenting class 'org.apache.hadoop.http.HttpConfig$Policy'.
2024-11-12 13:41:20,890 INFO  MethodCallReplacementClassAdapter - Adding mock interface to class org/apache/hadoop/http/HttpConfig$Policy
2024-11-12 13:41:20,890 INFO  CreateClassResetClassAdapter - Found static initializer in class org/apache/hadoop/http/HttpConfig$Policy
2024-11-12 13:41:20,890 INFO  EvoClassLoader - Defined package (3): package org.apache.hadoop.http, 101202779
2024-11-12 13:41:20,890 INFO  EvoClassLoader - Keeping class: org.apache.hadoop.http.HttpConfig$Policy
2024-11-12 13:41:20,890 INFO  EvoClassLoader - Seeing class for first time: com.google.protobuf.BlockingService
2024-11-12 13:41:20,890 INFO  EvoClassLoader - Instrumenting class 'com.google.protobuf.BlockingService'.
2024-11-12 13:41:20,890 INFO  EvoClassLoader - Defined package (3): package com.google.protobuf, -650818253
2024-11-12 13:41:20,890 INFO  EvoClassLoader - Keeping class: com.google.protobuf.BlockingService
2024-11-12 13:41:20,890 INFO  EvoClassLoader - Seeing class for first time: org.apache.hadoop.ipc.RPC$Server
2024-11-12 13:41:20,890 INFO  EvoClassLoader - Instrumenting class 'org.apache.hadoop.ipc.RPC$Server'.
2024-11-12 13:41:20,890 INFO  MethodCallReplacementClassAdapter - Adding mock interface to class org/apache/hadoop/ipc/RPC$Server
2024-11-12 13:41:20,891 INFO  CreateClassResetClassAdapter - Found static initializer in class org/apache/hadoop/ipc/RPC$Server
2024-11-12 13:41:20,891 INFO  EvoClassLoader - Seeing class for first time: org.apache.hadoop.ipc.Server
2024-11-12 13:41:20,891 INFO  EvoClassLoader - Instrumenting class 'org.apache.hadoop.ipc.Server'.
2024-11-12 13:41:20,892 INFO  MethodCallReplacementClassAdapter - Adding mock interface to class org/apache/hadoop/ipc/Server
2024-11-12 13:41:20,894 INFO  CreateClassResetClassAdapter - Found static initializer in class org/apache/hadoop/ipc/Server
2024-11-12 13:41:20,896 INFO  EvoClassLoader - Keeping class: org.apache.hadoop.ipc.Server
2024-11-12 13:41:20,896 INFO  EvoClassLoader - Keeping class: org.apache.hadoop.ipc.RPC$Server
2024-11-12 13:41:20,896 INFO  EvoClassLoader - Seeing class for first time: org.apache.hadoop.thirdparty.protobuf.BlockingService
2024-11-12 13:41:20,896 INFO  EvoClassLoader - Instrumenting class 'org.apache.hadoop.thirdparty.protobuf.BlockingService'.
2024-11-12 13:41:20,896 INFO  EvoClassLoader - Keeping class: org.apache.hadoop.thirdparty.protobuf.BlockingService
2024-11-12 13:41:20,896 INFO  EvoClassLoader - Seeing class for first time: org.apache.hadoop.http.HttpServer2$Builder
2024-11-12 13:41:20,896 INFO  EvoClassLoader - Instrumenting class 'org.apache.hadoop.http.HttpServer2$Builder'.
2024-11-12 13:41:20,897 INFO  MethodCallReplacementClassAdapter - Adding mock interface to class org/apache/hadoop/http/HttpServer2$Builder
2024-11-12 13:41:20,898 INFO  CreateClassResetClassAdapter - Creating brand-new static initializer in class org/apache/hadoop/http/HttpServer2$Builder
2024-11-12 13:41:20,899 INFO  EvoClassLoader - Keeping class: org.apache.hadoop.http.HttpServer2$Builder
2024-11-12 13:41:20,901 INFO  EvoClassLoader - Seeing class for first time: org.apache.hadoop.thirdparty.com.google.common.collect.ImmutableList$Builder
2024-11-12 13:41:20,901 INFO  EvoClassLoader - Instrumenting class 'org.apache.hadoop.thirdparty.com.google.common.collect.ImmutableList$Builder'.
2024-11-12 13:41:20,901 INFO  MethodCallReplacementClassAdapter - Adding mock interface to class org/apache/hadoop/thirdparty/com/google/common/collect/ImmutableList$Builder
2024-11-12 13:41:20,901 INFO  CreateClassResetClassAdapter - Creating brand-new static initializer in class org/apache/hadoop/thirdparty/com/google/common/collect/ImmutableList$Builder
2024-11-12 13:41:20,902 INFO  EvoClassLoader - Seeing class for first time: org.apache.hadoop.thirdparty.com.google.common.collect.ImmutableCollection$Builder
2024-11-12 13:41:20,902 INFO  EvoClassLoader - Instrumenting class 'org.apache.hadoop.thirdparty.com.google.common.collect.ImmutableCollection$Builder'.
2024-11-12 13:41:20,902 INFO  MethodCallReplacementClassAdapter - Adding mock interface to class org/apache/hadoop/thirdparty/com/google/common/collect/ImmutableCollection$Builder
2024-11-12 13:41:20,902 INFO  CreateClassResetClassAdapter - Creating brand-new static initializer in class org/apache/hadoop/thirdparty/com/google/common/collect/ImmutableCollection$Builder
2024-11-12 13:41:20,902 INFO  CreateClassResetClassAdapter - Adding bytecode for initializing field DEFAULT_INITIAL_CAPACITY
2024-11-12 13:41:20,902 INFO  EvoClassLoader - Keeping class: org.apache.hadoop.thirdparty.com.google.common.collect.ImmutableCollection$Builder
2024-11-12 13:41:20,902 INFO  EvoClassLoader - Keeping class: org.apache.hadoop.thirdparty.com.google.common.collect.ImmutableList$Builder
2024-11-12 13:41:20,903 INFO  EvoClassLoader - Seeing class for first time: org.apache.hadoop.fs.BlockLocation
2024-11-12 13:41:20,903 INFO  EvoClassLoader - Instrumenting class 'org.apache.hadoop.fs.BlockLocation'.
2024-11-12 13:41:20,903 INFO  MethodCallReplacementClassAdapter - Adding mock interface to class org/apache/hadoop/fs/BlockLocation
2024-11-12 13:41:20,903 INFO  CreateClassResetClassAdapter - Found static initializer in class org/apache/hadoop/fs/BlockLocation
2024-11-12 13:41:20,904 INFO  EvoClassLoader - Keeping class: org.apache.hadoop.fs.BlockLocation
2024-11-12 13:41:20,904 INFO  EvoClassLoader - Seeing class for first time: org.apache.hadoop.hdfs.protocol.datatransfer.sasl.SaslDataTransferClient
2024-11-12 13:41:20,904 INFO  EvoClassLoader - Instrumenting class 'org.apache.hadoop.hdfs.protocol.datatransfer.sasl.SaslDataTransferClient'.
2024-11-12 13:41:20,904 INFO  MethodCallReplacementClassAdapter - Adding mock interface to class org/apache/hadoop/hdfs/protocol/datatransfer/sasl/SaslDataTransferClient
2024-11-12 13:41:20,906 INFO  CreateClassResetClassAdapter - Found static initializer in class org/apache/hadoop/hdfs/protocol/datatransfer/sasl/SaslDataTransferClient
2024-11-12 13:41:20,906 INFO  EvoClassLoader - Defined package (3): package org.apache.hadoop.hdfs.protocol.datatransfer.sasl, 575598492
2024-11-12 13:41:20,906 INFO  EvoClassLoader - Keeping class: org.apache.hadoop.hdfs.protocol.datatransfer.sasl.SaslDataTransferClient
2024-11-12 13:41:20,906 INFO  EvoClassLoader - Seeing class for first time: org.apache.hadoop.hdfs.protocol.datatransfer.sasl.DataEncryptionKeyFactory
2024-11-12 13:41:20,906 INFO  EvoClassLoader - Instrumenting class 'org.apache.hadoop.hdfs.protocol.datatransfer.sasl.DataEncryptionKeyFactory'.
2024-11-12 13:41:20,906 INFO  EvoClassLoader - Keeping class: org.apache.hadoop.hdfs.protocol.datatransfer.sasl.DataEncryptionKeyFactory
2024-11-12 13:41:20,906 INFO  EvoClassLoader - Seeing class for first time: org.apache.hadoop.hdfs.protocol.datatransfer.IOStreamPair
2024-11-12 13:41:20,906 INFO  EvoClassLoader - Instrumenting class 'org.apache.hadoop.hdfs.protocol.datatransfer.IOStreamPair'.
2024-11-12 13:41:20,906 INFO  MethodCallReplacementClassAdapter - Adding mock interface to class org/apache/hadoop/hdfs/protocol/datatransfer/IOStreamPair
2024-11-12 13:41:20,906 INFO  CreateClassResetClassAdapter - Creating brand-new static initializer in class org/apache/hadoop/hdfs/protocol/datatransfer/IOStreamPair
2024-11-12 13:41:20,906 INFO  EvoClassLoader - Defined package (3): package org.apache.hadoop.hdfs.protocol.datatransfer, -312567207
2024-11-12 13:41:20,907 INFO  EvoClassLoader - Keeping class: org.apache.hadoop.hdfs.protocol.datatransfer.IOStreamPair
2024-11-12 13:41:20,907 INFO  EvoClassLoader - Seeing class for first time: org.apache.hadoop.hdfs.protocol.DatanodeInfo$AdminStates
2024-11-12 13:41:20,907 INFO  EvoClassLoader - Instrumenting class 'org.apache.hadoop.hdfs.protocol.DatanodeInfo$AdminStates'.
2024-11-12 13:41:20,907 INFO  MethodCallReplacementClassAdapter - Adding mock interface to class org/apache/hadoop/hdfs/protocol/DatanodeInfo$AdminStates
2024-11-12 13:41:20,907 INFO  CreateClassResetClassAdapter - Found static initializer in class org/apache/hadoop/hdfs/protocol/DatanodeInfo$AdminStates
2024-11-12 13:41:20,907 INFO  EvoClassLoader - Keeping class: org.apache.hadoop.hdfs.protocol.DatanodeInfo$AdminStates
2024-11-12 13:41:20,940 INFO  EvoClassLoader - Seeing class for first time: org.apache.hadoop.metrics2.annotation.Metric$Type
2024-11-12 13:41:20,940 INFO  EvoClassLoader - Instrumenting class 'org.apache.hadoop.metrics2.annotation.Metric$Type'.
2024-11-12 13:41:20,940 INFO  MethodCallReplacementClassAdapter - Adding mock interface to class org/apache/hadoop/metrics2/annotation/Metric$Type
2024-11-12 13:41:20,940 INFO  CreateClassResetClassAdapter - Found static initializer in class org/apache/hadoop/metrics2/annotation/Metric$Type
2024-11-12 13:41:20,940 INFO  EvoClassLoader - Defined package (3): package org.apache.hadoop.metrics2.annotation, 1989769083
2024-11-12 13:41:20,940 INFO  EvoClassLoader - Keeping class: org.apache.hadoop.metrics2.annotation.Metric$Type
2024-11-12 13:41:20,940 INFO  EvoClassLoader - Seeing class for first time: org.apache.hadoop.metrics2.annotation.Metric
2024-11-12 13:41:20,940 INFO  EvoClassLoader - Instrumenting class 'org.apache.hadoop.metrics2.annotation.Metric'.
2024-11-12 13:41:20,941 INFO  EvoClassLoader - Keeping class: org.apache.hadoop.metrics2.annotation.Metric
2024-11-12 13:41:20,941 INFO  EvoClassLoader - Seeing class for first time: net.bytebuddy.build.HashCodeAndEqualsPlugin$Enhance$InvokeSuper
2024-11-12 13:41:20,941 INFO  EvoClassLoader - Instrumenting class 'net.bytebuddy.build.HashCodeAndEqualsPlugin$Enhance$InvokeSuper'.
2024-11-12 13:41:20,941 INFO  MethodCallReplacementClassAdapter - Adding mock interface to class net/bytebuddy/build/HashCodeAndEqualsPlugin$Enhance$InvokeSuper
2024-11-12 13:41:20,941 INFO  CreateClassResetClassAdapter - Found static initializer in class net/bytebuddy/build/HashCodeAndEqualsPlugin$Enhance$InvokeSuper
2024-11-12 13:41:20,941 INFO  EvoClassLoader - Defined package (3): package net.bytebuddy.build, -1091202835
2024-11-12 13:41:20,941 INFO  EvoClassLoader - Keeping class: net.bytebuddy.build.HashCodeAndEqualsPlugin$Enhance$InvokeSuper
2024-11-12 13:41:20,941 INFO  EvoClassLoader - Seeing class for first time: net.bytebuddy.build.HashCodeAndEqualsPlugin$Enhance
2024-11-12 13:41:20,941 INFO  EvoClassLoader - Instrumenting class 'net.bytebuddy.build.HashCodeAndEqualsPlugin$Enhance'.
2024-11-12 13:41:20,942 INFO  EvoClassLoader - Keeping class: net.bytebuddy.build.HashCodeAndEqualsPlugin$Enhance
2024-11-12 13:41:20,942 INFO  EvoClassLoader - Seeing class for first time: net.bytebuddy.build.HashCodeAndEqualsPlugin
2024-11-12 13:41:20,942 INFO  EvoClassLoader - Instrumenting class 'net.bytebuddy.build.HashCodeAndEqualsPlugin'.
2024-11-12 13:41:20,942 INFO  MethodCallReplacementClassAdapter - Adding mock interface to class net/bytebuddy/build/HashCodeAndEqualsPlugin
2024-11-12 13:41:20,943 INFO  CreateClassResetClassAdapter - Creating brand-new static initializer in class net/bytebuddy/build/HashCodeAndEqualsPlugin
2024-11-12 13:41:20,943 INFO  EvoClassLoader - Seeing class for first time: net.bytebuddy.build.Plugin
2024-11-12 13:41:20,943 INFO  EvoClassLoader - Instrumenting class 'net.bytebuddy.build.Plugin'.
2024-11-12 13:41:20,944 INFO  EvoClassLoader - Seeing class for first time: net.bytebuddy.matcher.ElementMatcher
2024-11-12 13:41:20,944 INFO  EvoClassLoader - Instrumenting class 'net.bytebuddy.matcher.ElementMatcher'.
2024-11-12 13:41:20,944 INFO  EvoClassLoader - Defined package (3): package net.bytebuddy.matcher, -63983631
2024-11-12 13:41:20,944 INFO  EvoClassLoader - Keeping class: net.bytebuddy.matcher.ElementMatcher
2024-11-12 13:41:20,944 INFO  EvoClassLoader - Keeping class: net.bytebuddy.build.Plugin
2024-11-12 13:41:20,944 INFO  EvoClassLoader - Seeing class for first time: net.bytebuddy.build.Plugin$Factory
2024-11-12 13:41:20,944 INFO  EvoClassLoader - Instrumenting class 'net.bytebuddy.build.Plugin$Factory'.
2024-11-12 13:41:20,944 INFO  EvoClassLoader - Keeping class: net.bytebuddy.build.Plugin$Factory
2024-11-12 13:41:20,944 INFO  EvoClassLoader - Keeping class: net.bytebuddy.build.HashCodeAndEqualsPlugin
2024-11-12 13:41:20,944 INFO  EvoClassLoader - Seeing class for first time: net.bytebuddy.build.HashCodeAndEqualsPlugin$Enhance$InvokeSuper$1
2024-11-12 13:41:20,944 INFO  EvoClassLoader - Instrumenting class 'net.bytebuddy.build.HashCodeAndEqualsPlugin$Enhance$InvokeSuper$1'.
2024-11-12 13:41:20,944 INFO  MethodCallReplacementClassAdapter - Adding mock interface to class net/bytebuddy/build/HashCodeAndEqualsPlugin$Enhance$InvokeSuper$1
2024-11-12 13:41:20,947 INFO  EvoClassLoader - Keeping class: net.bytebuddy.build.HashCodeAndEqualsPlugin$Enhance$InvokeSuper$1
2024-11-12 13:41:20,947 INFO  EvoClassLoader - Seeing class for first time: net.bytebuddy.build.HashCodeAndEqualsPlugin$Enhance$InvokeSuper$2
2024-11-12 13:41:20,947 INFO  EvoClassLoader - Instrumenting class 'net.bytebuddy.build.HashCodeAndEqualsPlugin$Enhance$InvokeSuper$2'.
2024-11-12 13:41:20,947 INFO  MethodCallReplacementClassAdapter - Adding mock interface to class net/bytebuddy/build/HashCodeAndEqualsPlugin$Enhance$InvokeSuper$2
2024-11-12 13:41:20,948 INFO  EvoClassLoader - Keeping class: net.bytebuddy.build.HashCodeAndEqualsPlugin$Enhance$InvokeSuper$2
2024-11-12 13:41:20,948 INFO  EvoClassLoader - Seeing class for first time: net.bytebuddy.build.HashCodeAndEqualsPlugin$Enhance$InvokeSuper$3
2024-11-12 13:41:20,948 INFO  EvoClassLoader - Instrumenting class 'net.bytebuddy.build.HashCodeAndEqualsPlugin$Enhance$InvokeSuper$3'.
2024-11-12 13:41:20,948 INFO  MethodCallReplacementClassAdapter - Adding mock interface to class net/bytebuddy/build/HashCodeAndEqualsPlugin$Enhance$InvokeSuper$3
2024-11-12 13:41:20,948 INFO  EvoClassLoader - Keeping class: net.bytebuddy.build.HashCodeAndEqualsPlugin$Enhance$InvokeSuper$3
2024-11-12 13:41:20,948 INFO  EvoClassLoader - Seeing class for first time: net.bytebuddy.build.HashCodeAndEqualsPlugin$Enhance$InvokeSuper$4
2024-11-12 13:41:20,948 INFO  EvoClassLoader - Instrumenting class 'net.bytebuddy.build.HashCodeAndEqualsPlugin$Enhance$InvokeSuper$4'.
2024-11-12 13:41:20,948 INFO  MethodCallReplacementClassAdapter - Adding mock interface to class net/bytebuddy/build/HashCodeAndEqualsPlugin$Enhance$InvokeSuper$4
2024-11-12 13:41:20,948 INFO  EvoClassLoader - Keeping class: net.bytebuddy.build.HashCodeAndEqualsPlugin$Enhance$InvokeSuper$4
2024-11-12 13:41:20,949 INFO  EvoClassLoader - Seeing class for first time: net.bytebuddy.description.type.TypeDescription
2024-11-12 13:41:20,949 INFO  EvoClassLoader - Instrumenting class 'net.bytebuddy.description.type.TypeDescription'.
2024-11-12 13:41:20,949 INFO  EvoClassLoader - Defined package (3): package net.bytebuddy.description.type, 1043161613
2024-11-12 13:41:20,949 INFO  EvoClassLoader - Seeing class for first time: net.bytebuddy.description.type.TypeDefinition
2024-11-12 13:41:20,949 INFO  EvoClassLoader - Instrumenting class 'net.bytebuddy.description.type.TypeDefinition'.
2024-11-12 13:41:20,949 INFO  EvoClassLoader - Seeing class for first time: net.bytebuddy.description.NamedElement
2024-11-12 13:41:20,949 INFO  EvoClassLoader - Instrumenting class 'net.bytebuddy.description.NamedElement'.
2024-11-12 13:41:20,949 INFO  EvoClassLoader - Defined package (3): package net.bytebuddy.description, 348599099
2024-11-12 13:41:20,949 INFO  EvoClassLoader - Keeping class: net.bytebuddy.description.NamedElement
2024-11-12 13:41:20,949 INFO  EvoClassLoader - Seeing class for first time: net.bytebuddy.description.ModifierReviewable$ForTypeDefinition
2024-11-12 13:41:20,949 INFO  EvoClassLoader - Instrumenting class 'net.bytebuddy.description.ModifierReviewable$ForTypeDefinition'.
2024-11-12 13:41:20,950 INFO  EvoClassLoader - Seeing class for first time: net.bytebuddy.description.ModifierReviewable$OfAbstraction
2024-11-12 13:41:20,950 INFO  EvoClassLoader - Instrumenting class 'net.bytebuddy.description.ModifierReviewable$OfAbstraction'.
2024-11-12 13:41:20,950 INFO  EvoClassLoader - Seeing class for first time: net.bytebuddy.description.ModifierReviewable$OfByteCodeElement
2024-11-12 13:41:20,950 INFO  EvoClassLoader - Instrumenting class 'net.bytebuddy.description.ModifierReviewable$OfByteCodeElement'.
2024-11-12 13:41:20,950 INFO  EvoClassLoader - Seeing class for first time: net.bytebuddy.description.ModifierReviewable
2024-11-12 13:41:20,950 INFO  EvoClassLoader - Instrumenting class 'net.bytebuddy.description.ModifierReviewable'.
2024-11-12 13:41:20,950 INFO  EvoClassLoader - Keeping class: net.bytebuddy.description.ModifierReviewable
2024-11-12 13:41:20,950 INFO  EvoClassLoader - Keeping class: net.bytebuddy.description.ModifierReviewable$OfByteCodeElement
2024-11-12 13:41:20,950 INFO  EvoClassLoader - Keeping class: net.bytebuddy.description.ModifierReviewable$OfAbstraction
2024-11-12 13:41:20,950 INFO  EvoClassLoader - Seeing class for first time: net.bytebuddy.description.ModifierReviewable$OfEnumeration
2024-11-12 13:41:20,950 INFO  EvoClassLoader - Instrumenting class 'net.bytebuddy.description.ModifierReviewable$OfEnumeration'.
2024-11-12 13:41:20,950 INFO  EvoClassLoader - Keeping class: net.bytebuddy.description.ModifierReviewable$OfEnumeration
2024-11-12 13:41:20,950 INFO  EvoClassLoader - Keeping class: net.bytebuddy.description.ModifierReviewable$ForTypeDefinition
2024-11-12 13:41:20,950 INFO  EvoClassLoader - Keeping class: net.bytebuddy.description.type.TypeDefinition
2024-11-12 13:41:20,950 INFO  EvoClassLoader - Seeing class for first time: net.bytebuddy.description.ByteCodeElement
2024-11-12 13:41:20,950 INFO  EvoClassLoader - Instrumenting class 'net.bytebuddy.description.ByteCodeElement'.
2024-11-12 13:41:20,951 INFO  EvoClassLoader - Seeing class for first time: net.bytebuddy.description.NamedElement$WithRuntimeName
2024-11-12 13:41:20,951 INFO  EvoClassLoader - Instrumenting class 'net.bytebuddy.description.NamedElement$WithRuntimeName'.
2024-11-12 13:41:20,951 INFO  EvoClassLoader - Keeping class: net.bytebuddy.description.NamedElement$WithRuntimeName
2024-11-12 13:41:20,951 INFO  EvoClassLoader - Seeing class for first time: net.bytebuddy.description.DeclaredByType
2024-11-12 13:41:20,951 INFO  EvoClassLoader - Instrumenting class 'net.bytebuddy.description.DeclaredByType'.
2024-11-12 13:41:20,951 INFO  EvoClassLoader - Keeping class: net.bytebuddy.description.DeclaredByType
2024-11-12 13:41:20,951 INFO  EvoClassLoader - Seeing class for first time: net.bytebuddy.description.annotation.AnnotationSource
2024-11-12 13:41:20,951 INFO  EvoClassLoader - Instrumenting class 'net.bytebuddy.description.annotation.AnnotationSource'.
2024-11-12 13:41:20,952 INFO  EvoClassLoader - Defined package (3): package net.bytebuddy.description.annotation, -2027678782
2024-11-12 13:41:20,952 INFO  EvoClassLoader - Keeping class: net.bytebuddy.description.annotation.AnnotationSource
2024-11-12 13:41:20,952 INFO  EvoClassLoader - Keeping class: net.bytebuddy.description.ByteCodeElement
2024-11-12 13:41:20,952 INFO  EvoClassLoader - Seeing class for first time: net.bytebuddy.description.TypeVariableSource
2024-11-12 13:41:20,952 INFO  EvoClassLoader - Instrumenting class 'net.bytebuddy.description.TypeVariableSource'.
2024-11-12 13:41:20,952 INFO  EvoClassLoader - Keeping class: net.bytebuddy.description.TypeVariableSource
2024-11-12 13:41:20,952 INFO  EvoClassLoader - Keeping class: net.bytebuddy.description.type.TypeDescription
2024-11-12 13:41:20,952 INFO  EvoClassLoader - Seeing class for first time: net.bytebuddy.implementation.HashCodeMethod
2024-11-12 13:41:20,952 INFO  EvoClassLoader - Instrumenting class 'net.bytebuddy.implementation.HashCodeMethod'.
2024-11-12 13:41:20,953 INFO  MethodCallReplacementClassAdapter - Adding mock interface to class net/bytebuddy/implementation/HashCodeMethod
2024-11-12 13:41:20,955 INFO  CreateClassResetClassAdapter - Found static initializer in class net/bytebuddy/implementation/HashCodeMethod
2024-11-12 13:41:20,955 INFO  EvoClassLoader - Defined package (3): package net.bytebuddy.implementation, 1120813075
2024-11-12 13:41:20,956 INFO  EvoClassLoader - Seeing class for first time: net.bytebuddy.implementation.Implementation
2024-11-12 13:41:20,956 INFO  EvoClassLoader - Instrumenting class 'net.bytebuddy.implementation.Implementation'.
2024-11-12 13:41:20,956 INFO  EvoClassLoader - Seeing class for first time: net.bytebuddy.dynamic.scaffold.InstrumentedType$Prepareable
2024-11-12 13:41:20,956 INFO  EvoClassLoader - Instrumenting class 'net.bytebuddy.dynamic.scaffold.InstrumentedType$Prepareable'.
2024-11-12 13:41:20,956 INFO  EvoClassLoader - Defined package (3): package net.bytebuddy.dynamic.scaffold, 1693317350
2024-11-12 13:41:20,956 INFO  EvoClassLoader - Keeping class: net.bytebuddy.dynamic.scaffold.InstrumentedType$Prepareable
2024-11-12 13:41:20,957 INFO  EvoClassLoader - Keeping class: net.bytebuddy.implementation.Implementation
2024-11-12 13:41:20,957 INFO  EvoClassLoader - Keeping class: net.bytebuddy.implementation.HashCodeMethod
2024-11-12 13:41:20,957 INFO  EvoClassLoader - Seeing class for first time: net.bytebuddy.implementation.EqualsMethod
2024-11-12 13:41:20,957 INFO  EvoClassLoader - Instrumenting class 'net.bytebuddy.implementation.EqualsMethod'.
2024-11-12 13:41:20,957 INFO  MethodCallReplacementClassAdapter - Adding mock interface to class net/bytebuddy/implementation/EqualsMethod
2024-11-12 13:41:20,957 INFO  CreateClassResetClassAdapter - Found static initializer in class net/bytebuddy/implementation/EqualsMethod
2024-11-12 13:41:20,958 INFO  EvoClassLoader - Keeping class: net.bytebuddy.implementation.EqualsMethod
2024-11-12 13:41:20,958 INFO  EvoClassLoader - Seeing class for first time: net.bytebuddy.description.type.TypeDescription$Generic
2024-11-12 13:41:20,958 INFO  EvoClassLoader - Instrumenting class 'net.bytebuddy.description.type.TypeDescription$Generic'.
2024-11-12 13:41:20,958 INFO  EvoClassLoader - Keeping class: net.bytebuddy.description.type.TypeDescription$Generic
2024-11-12 13:41:20,958 INFO  EvoClassLoader - Seeing class for first time: org.assertj.core.internal.bytebuddy.build.HashCodeAndEqualsPlugin$Enhance$InvokeSuper
2024-11-12 13:41:20,958 INFO  EvoClassLoader - Instrumenting class 'org.assertj.core.internal.bytebuddy.build.HashCodeAndEqualsPlugin$Enhance$InvokeSuper'.
2024-11-12 13:41:20,959 INFO  MethodCallReplacementClassAdapter - Adding mock interface to class org/assertj/core/internal/bytebuddy/build/HashCodeAndEqualsPlugin$Enhance$InvokeSuper
2024-11-12 13:41:20,959 INFO  CreateClassResetClassAdapter - Found static initializer in class org/assertj/core/internal/bytebuddy/build/HashCodeAndEqualsPlugin$Enhance$InvokeSuper
2024-11-12 13:41:20,959 INFO  EvoClassLoader - Defined package (3): package org.assertj.core.internal.bytebuddy.build, -2103311512
2024-11-12 13:41:20,959 INFO  EvoClassLoader - Keeping class: org.assertj.core.internal.bytebuddy.build.HashCodeAndEqualsPlugin$Enhance$InvokeSuper
2024-11-12 13:41:20,959 INFO  EvoClassLoader - Seeing class for first time: org.assertj.core.internal.bytebuddy.build.HashCodeAndEqualsPlugin$Enhance
2024-11-12 13:41:20,959 INFO  EvoClassLoader - Instrumenting class 'org.assertj.core.internal.bytebuddy.build.HashCodeAndEqualsPlugin$Enhance'.
2024-11-12 13:41:20,959 INFO  EvoClassLoader - Keeping class: org.assertj.core.internal.bytebuddy.build.HashCodeAndEqualsPlugin$Enhance
2024-11-12 13:41:20,959 INFO  EvoClassLoader - Seeing class for first time: org.assertj.core.internal.bytebuddy.build.HashCodeAndEqualsPlugin
2024-11-12 13:41:20,959 INFO  EvoClassLoader - Instrumenting class 'org.assertj.core.internal.bytebuddy.build.HashCodeAndEqualsPlugin'.
2024-11-12 13:41:20,960 INFO  MethodCallReplacementClassAdapter - Adding mock interface to class org/assertj/core/internal/bytebuddy/build/HashCodeAndEqualsPlugin
2024-11-12 13:41:20,960 INFO  CreateClassResetClassAdapter - Creating brand-new static initializer in class org/assertj/core/internal/bytebuddy/build/HashCodeAndEqualsPlugin
2024-11-12 13:41:20,961 INFO  EvoClassLoader - Seeing class for first time: org.assertj.core.internal.bytebuddy.build.Plugin
2024-11-12 13:41:20,961 INFO  EvoClassLoader - Instrumenting class 'org.assertj.core.internal.bytebuddy.build.Plugin'.
2024-11-12 13:41:20,961 INFO  EvoClassLoader - Seeing class for first time: org.assertj.core.internal.bytebuddy.matcher.ElementMatcher
2024-11-12 13:41:20,961 INFO  EvoClassLoader - Instrumenting class 'org.assertj.core.internal.bytebuddy.matcher.ElementMatcher'.
2024-11-12 13:41:20,962 INFO  EvoClassLoader - Defined package (3): package org.assertj.core.internal.bytebuddy.matcher, -2037813332
2024-11-12 13:41:20,962 INFO  EvoClassLoader - Keeping class: org.assertj.core.internal.bytebuddy.matcher.ElementMatcher
2024-11-12 13:41:20,962 INFO  EvoClassLoader - Keeping class: org.assertj.core.internal.bytebuddy.build.Plugin
2024-11-12 13:41:20,962 INFO  EvoClassLoader - Seeing class for first time: org.assertj.core.internal.bytebuddy.build.Plugin$Factory
2024-11-12 13:41:20,962 INFO  EvoClassLoader - Instrumenting class 'org.assertj.core.internal.bytebuddy.build.Plugin$Factory'.
2024-11-12 13:41:20,962 INFO  EvoClassLoader - Keeping class: org.assertj.core.internal.bytebuddy.build.Plugin$Factory
2024-11-12 13:41:20,962 INFO  EvoClassLoader - Keeping class: org.assertj.core.internal.bytebuddy.build.HashCodeAndEqualsPlugin
2024-11-12 13:41:20,963 INFO  EvoClassLoader - Seeing class for first time: org.assertj.core.internal.bytebuddy.build.HashCodeAndEqualsPlugin$Enhance$InvokeSuper$1
2024-11-12 13:41:20,963 INFO  EvoClassLoader - Instrumenting class 'org.assertj.core.internal.bytebuddy.build.HashCodeAndEqualsPlugin$Enhance$InvokeSuper$1'.
2024-11-12 13:41:20,963 INFO  MethodCallReplacementClassAdapter - Adding mock interface to class org/assertj/core/internal/bytebuddy/build/HashCodeAndEqualsPlugin$Enhance$InvokeSuper$1
2024-11-12 13:41:20,968 INFO  EvoClassLoader - Keeping class: org.assertj.core.internal.bytebuddy.build.HashCodeAndEqualsPlugin$Enhance$InvokeSuper$1
2024-11-12 13:41:20,968 INFO  EvoClassLoader - Seeing class for first time: org.assertj.core.internal.bytebuddy.build.HashCodeAndEqualsPlugin$Enhance$InvokeSuper$2
2024-11-12 13:41:20,968 INFO  EvoClassLoader - Instrumenting class 'org.assertj.core.internal.bytebuddy.build.HashCodeAndEqualsPlugin$Enhance$InvokeSuper$2'.
2024-11-12 13:41:20,969 INFO  MethodCallReplacementClassAdapter - Adding mock interface to class org/assertj/core/internal/bytebuddy/build/HashCodeAndEqualsPlugin$Enhance$InvokeSuper$2
2024-11-12 13:41:20,969 INFO  EvoClassLoader - Keeping class: org.assertj.core.internal.bytebuddy.build.HashCodeAndEqualsPlugin$Enhance$InvokeSuper$2
2024-11-12 13:41:20,969 INFO  EvoClassLoader - Seeing class for first time: org.assertj.core.internal.bytebuddy.build.HashCodeAndEqualsPlugin$Enhance$InvokeSuper$3
2024-11-12 13:41:20,969 INFO  EvoClassLoader - Instrumenting class 'org.assertj.core.internal.bytebuddy.build.HashCodeAndEqualsPlugin$Enhance$InvokeSuper$3'.
2024-11-12 13:41:20,969 INFO  MethodCallReplacementClassAdapter - Adding mock interface to class org/assertj/core/internal/bytebuddy/build/HashCodeAndEqualsPlugin$Enhance$InvokeSuper$3
2024-11-12 13:41:20,969 INFO  EvoClassLoader - Keeping class: org.assertj.core.internal.bytebuddy.build.HashCodeAndEqualsPlugin$Enhance$InvokeSuper$3
2024-11-12 13:41:20,970 INFO  EvoClassLoader - Seeing class for first time: org.assertj.core.internal.bytebuddy.build.HashCodeAndEqualsPlugin$Enhance$InvokeSuper$4
2024-11-12 13:41:20,970 INFO  EvoClassLoader - Instrumenting class 'org.assertj.core.internal.bytebuddy.build.HashCodeAndEqualsPlugin$Enhance$InvokeSuper$4'.
2024-11-12 13:41:20,970 INFO  MethodCallReplacementClassAdapter - Adding mock interface to class org/assertj/core/internal/bytebuddy/build/HashCodeAndEqualsPlugin$Enhance$InvokeSuper$4
2024-11-12 13:41:20,970 INFO  EvoClassLoader - Keeping class: org.assertj.core.internal.bytebuddy.build.HashCodeAndEqualsPlugin$Enhance$InvokeSuper$4
2024-11-12 13:41:20,970 INFO  EvoClassLoader - Seeing class for first time: org.assertj.core.internal.bytebuddy.description.type.TypeDescription
2024-11-12 13:41:20,970 INFO  EvoClassLoader - Instrumenting class 'org.assertj.core.internal.bytebuddy.description.type.TypeDescription'.
2024-11-12 13:41:20,970 INFO  EvoClassLoader - Defined package (3): package org.assertj.core.internal.bytebuddy.description.type, -2063588174
2024-11-12 13:41:20,970 INFO  EvoClassLoader - Seeing class for first time: org.assertj.core.internal.bytebuddy.description.type.TypeDefinition
2024-11-12 13:41:20,970 INFO  EvoClassLoader - Instrumenting class 'org.assertj.core.internal.bytebuddy.description.type.TypeDefinition'.
2024-11-12 13:41:20,970 INFO  EvoClassLoader - Seeing class for first time: org.assertj.core.internal.bytebuddy.description.NamedElement
2024-11-12 13:41:20,970 INFO  EvoClassLoader - Instrumenting class 'org.assertj.core.internal.bytebuddy.description.NamedElement'.
2024-11-12 13:41:20,970 INFO  EvoClassLoader - Defined package (3): package org.assertj.core.internal.bytebuddy.description, 1484037494
2024-11-12 13:41:20,970 INFO  EvoClassLoader - Keeping class: org.assertj.core.internal.bytebuddy.description.NamedElement
2024-11-12 13:41:20,970 INFO  EvoClassLoader - Seeing class for first time: org.assertj.core.internal.bytebuddy.description.ModifierReviewable$ForTypeDefinition
2024-11-12 13:41:20,970 INFO  EvoClassLoader - Instrumenting class 'org.assertj.core.internal.bytebuddy.description.ModifierReviewable$ForTypeDefinition'.
2024-11-12 13:41:20,971 INFO  EvoClassLoader - Seeing class for first time: org.assertj.core.internal.bytebuddy.description.ModifierReviewable$OfAbstraction
2024-11-12 13:41:20,971 INFO  EvoClassLoader - Instrumenting class 'org.assertj.core.internal.bytebuddy.description.ModifierReviewable$OfAbstraction'.
2024-11-12 13:41:20,971 INFO  EvoClassLoader - Seeing class for first time: org.assertj.core.internal.bytebuddy.description.ModifierReviewable$OfByteCodeElement
2024-11-12 13:41:20,971 INFO  EvoClassLoader - Instrumenting class 'org.assertj.core.internal.bytebuddy.description.ModifierReviewable$OfByteCodeElement'.
2024-11-12 13:41:20,971 INFO  EvoClassLoader - Seeing class for first time: org.assertj.core.internal.bytebuddy.description.ModifierReviewable
2024-11-12 13:41:20,971 INFO  EvoClassLoader - Instrumenting class 'org.assertj.core.internal.bytebuddy.description.ModifierReviewable'.
2024-11-12 13:41:20,971 INFO  EvoClassLoader - Keeping class: org.assertj.core.internal.bytebuddy.description.ModifierReviewable
2024-11-12 13:41:20,971 INFO  EvoClassLoader - Keeping class: org.assertj.core.internal.bytebuddy.description.ModifierReviewable$OfByteCodeElement
2024-11-12 13:41:20,971 INFO  EvoClassLoader - Keeping class: org.assertj.core.internal.bytebuddy.description.ModifierReviewable$OfAbstraction
2024-11-12 13:41:20,971 INFO  EvoClassLoader - Seeing class for first time: org.assertj.core.internal.bytebuddy.description.ModifierReviewable$OfEnumeration
2024-11-12 13:41:20,971 INFO  EvoClassLoader - Instrumenting class 'org.assertj.core.internal.bytebuddy.description.ModifierReviewable$OfEnumeration'.
2024-11-12 13:41:20,971 INFO  EvoClassLoader - Keeping class: org.assertj.core.internal.bytebuddy.description.ModifierReviewable$OfEnumeration
2024-11-12 13:41:20,971 INFO  EvoClassLoader - Keeping class: org.assertj.core.internal.bytebuddy.description.ModifierReviewable$ForTypeDefinition
2024-11-12 13:41:20,971 INFO  EvoClassLoader - Keeping class: org.assertj.core.internal.bytebuddy.description.type.TypeDefinition
2024-11-12 13:41:20,971 INFO  EvoClassLoader - Seeing class for first time: org.assertj.core.internal.bytebuddy.description.ByteCodeElement
2024-11-12 13:41:20,971 INFO  EvoClassLoader - Instrumenting class 'org.assertj.core.internal.bytebuddy.description.ByteCodeElement'.
2024-11-12 13:41:20,971 INFO  EvoClassLoader - Seeing class for first time: org.assertj.core.internal.bytebuddy.description.NamedElement$WithRuntimeName
2024-11-12 13:41:20,971 INFO  EvoClassLoader - Instrumenting class 'org.assertj.core.internal.bytebuddy.description.NamedElement$WithRuntimeName'.
2024-11-12 13:41:20,971 INFO  EvoClassLoader - Keeping class: org.assertj.core.internal.bytebuddy.description.NamedElement$WithRuntimeName
2024-11-12 13:41:20,971 INFO  EvoClassLoader - Seeing class for first time: org.assertj.core.internal.bytebuddy.description.DeclaredByType
2024-11-12 13:41:20,971 INFO  EvoClassLoader - Instrumenting class 'org.assertj.core.internal.bytebuddy.description.DeclaredByType'.
2024-11-12 13:41:20,972 INFO  EvoClassLoader - Keeping class: org.assertj.core.internal.bytebuddy.description.DeclaredByType
2024-11-12 13:41:20,972 INFO  EvoClassLoader - Seeing class for first time: org.assertj.core.internal.bytebuddy.description.annotation.AnnotationSource
2024-11-12 13:41:20,972 INFO  EvoClassLoader - Instrumenting class 'org.assertj.core.internal.bytebuddy.description.annotation.AnnotationSource'.
2024-11-12 13:41:20,972 INFO  EvoClassLoader - Defined package (3): package org.assertj.core.internal.bytebuddy.description.annotation, 2042726055
2024-11-12 13:41:20,972 INFO  EvoClassLoader - Keeping class: org.assertj.core.internal.bytebuddy.description.annotation.AnnotationSource
2024-11-12 13:41:20,972 INFO  EvoClassLoader - Keeping class: org.assertj.core.internal.bytebuddy.description.ByteCodeElement
2024-11-12 13:41:20,972 INFO  EvoClassLoader - Seeing class for first time: org.assertj.core.internal.bytebuddy.description.TypeVariableSource
2024-11-12 13:41:20,972 INFO  EvoClassLoader - Instrumenting class 'org.assertj.core.internal.bytebuddy.description.TypeVariableSource'.
2024-11-12 13:41:20,972 INFO  EvoClassLoader - Keeping class: org.assertj.core.internal.bytebuddy.description.TypeVariableSource
2024-11-12 13:41:20,972 INFO  EvoClassLoader - Keeping class: org.assertj.core.internal.bytebuddy.description.type.TypeDescription
2024-11-12 13:41:20,972 INFO  EvoClassLoader - Seeing class for first time: org.assertj.core.internal.bytebuddy.implementation.HashCodeMethod
2024-11-12 13:41:20,972 INFO  EvoClassLoader - Instrumenting class 'org.assertj.core.internal.bytebuddy.implementation.HashCodeMethod'.
2024-11-12 13:41:20,973 INFO  MethodCallReplacementClassAdapter - Adding mock interface to class org/assertj/core/internal/bytebuddy/implementation/HashCodeMethod
2024-11-12 13:41:20,974 INFO  CreateClassResetClassAdapter - Found static initializer in class org/assertj/core/internal/bytebuddy/implementation/HashCodeMethod
2024-11-12 13:41:20,974 INFO  EvoClassLoader - Defined package (3): package org.assertj.core.internal.bytebuddy.implementation, -196384776
2024-11-12 13:41:20,974 INFO  EvoClassLoader - Seeing class for first time: org.assertj.core.internal.bytebuddy.implementation.Implementation
2024-11-12 13:41:20,974 INFO  EvoClassLoader - Instrumenting class 'org.assertj.core.internal.bytebuddy.implementation.Implementation'.
2024-11-12 13:41:20,974 INFO  EvoClassLoader - Seeing class for first time: org.assertj.core.internal.bytebuddy.dynamic.scaffold.InstrumentedType$Prepareable
2024-11-12 13:41:20,974 INFO  EvoClassLoader - Instrumenting class 'org.assertj.core.internal.bytebuddy.dynamic.scaffold.InstrumentedType$Prepareable'.
2024-11-12 13:41:20,975 INFO  EvoClassLoader - Defined package (3): package org.assertj.core.internal.bytebuddy.dynamic.scaffold, -1413432437
2024-11-12 13:41:20,975 INFO  EvoClassLoader - Keeping class: org.assertj.core.internal.bytebuddy.dynamic.scaffold.InstrumentedType$Prepareable
2024-11-12 13:41:20,975 INFO  EvoClassLoader - Keeping class: org.assertj.core.internal.bytebuddy.implementation.Implementation
2024-11-12 13:41:20,975 INFO  EvoClassLoader - Keeping class: org.assertj.core.internal.bytebuddy.implementation.HashCodeMethod
2024-11-12 13:41:20,975 INFO  EvoClassLoader - Seeing class for first time: org.assertj.core.internal.bytebuddy.implementation.EqualsMethod
2024-11-12 13:41:20,975 INFO  EvoClassLoader - Instrumenting class 'org.assertj.core.internal.bytebuddy.implementation.EqualsMethod'.
2024-11-12 13:41:20,975 INFO  MethodCallReplacementClassAdapter - Adding mock interface to class org/assertj/core/internal/bytebuddy/implementation/EqualsMethod
2024-11-12 13:41:20,975 INFO  CreateClassResetClassAdapter - Found static initializer in class org/assertj/core/internal/bytebuddy/implementation/EqualsMethod
2024-11-12 13:41:20,976 INFO  EvoClassLoader - Keeping class: org.assertj.core.internal.bytebuddy.implementation.EqualsMethod
2024-11-12 13:41:20,976 INFO  EvoClassLoader - Seeing class for first time: org.assertj.core.internal.bytebuddy.description.type.TypeDescription$Generic
2024-11-12 13:41:20,976 INFO  EvoClassLoader - Instrumenting class 'org.assertj.core.internal.bytebuddy.description.type.TypeDescription$Generic'.
2024-11-12 13:41:20,976 INFO  EvoClassLoader - Keeping class: org.assertj.core.internal.bytebuddy.description.type.TypeDescription$Generic
2024-11-12 13:41:20,977 INFO  EvoClassLoader - Seeing class for first time: org.apache.hadoop.fs.XAttr$Builder
2024-11-12 13:41:20,977 INFO  EvoClassLoader - Instrumenting class 'org.apache.hadoop.fs.XAttr$Builder'.
2024-11-12 13:41:20,977 INFO  MethodCallReplacementClassAdapter - Adding mock interface to class org/apache/hadoop/fs/XAttr$Builder
2024-11-12 13:41:20,977 INFO  CreateClassResetClassAdapter - Creating brand-new static initializer in class org/apache/hadoop/fs/XAttr$Builder
2024-11-12 13:41:20,977 INFO  EvoClassLoader - Keeping class: org.apache.hadoop.fs.XAttr$Builder
2024-11-12 13:41:20,978 INFO  FSDirectory - GLOBAL serial map: bits=29 maxEntries=536870911
2024-11-12 13:41:20,978 INFO  FSDirectory - USER serial map: bits=24 maxEntries=16777215
2024-11-12 13:41:20,978 INFO  FSDirectory - GROUP serial map: bits=24 maxEntries=16777215
2024-11-12 13:41:20,978 INFO  FSDirectory - XATTR serial map: bits=24 maxEntries=16777215
2024-11-12 13:41:20,978 INFO  EvoClassLoader - Seeing class for first time: org.apache.log4j.spi.LoggingEvent
2024-11-12 13:41:20,978 INFO  EvoClassLoader - Instrumenting class 'org.apache.log4j.spi.LoggingEvent'.
2024-11-12 13:41:20,978 INFO  MethodCallReplacementClassAdapter - Adding mock interface to class org/apache/log4j/spi/LoggingEvent
2024-11-12 13:41:20,980 INFO  CreateClassResetClassAdapter - Found static initializer in class org/apache/log4j/spi/LoggingEvent
2024-11-12 13:41:20,980 INFO  EvoClassLoader - Keeping class: org.apache.log4j.spi.LoggingEvent
2024-11-12 13:41:20,980 INFO  EvoClassLoader - Seeing class for first time: org.apache.log4j.spi.ThrowableRenderer
2024-11-12 13:41:20,980 INFO  EvoClassLoader - Instrumenting class 'org.apache.log4j.spi.ThrowableRenderer'.
2024-11-12 13:41:20,980 INFO  EvoClassLoader - Keeping class: org.apache.log4j.spi.ThrowableRenderer
2024-11-12 13:41:20,980 INFO  EvoClassLoader - Seeing class for first time: org.apache.log4j.spi.HierarchyEventListener
2024-11-12 13:41:20,980 INFO  EvoClassLoader - Instrumenting class 'org.apache.log4j.spi.HierarchyEventListener'.
2024-11-12 13:41:20,981 INFO  EvoClassLoader - Keeping class: org.apache.log4j.spi.HierarchyEventListener
2024-11-12 13:41:20,981 INFO  EvoClassLoader - Seeing class for first time: org.apache.log4j.spi.ErrorHandler
2024-11-12 13:41:20,981 INFO  EvoClassLoader - Instrumenting class 'org.apache.log4j.spi.ErrorHandler'.
2024-11-12 13:41:20,981 INFO  EvoClassLoader - Seeing class for first time: org.apache.log4j.spi.OptionHandler
2024-11-12 13:41:20,981 INFO  EvoClassLoader - Instrumenting class 'org.apache.log4j.spi.OptionHandler'.
2024-11-12 13:41:20,981 INFO  EvoClassLoader - Keeping class: org.apache.log4j.spi.OptionHandler
2024-11-12 13:41:20,981 INFO  EvoClassLoader - Keeping class: org.apache.log4j.spi.ErrorHandler
2024-11-12 13:41:20,982 INFO  EvoClassLoader - Seeing class for first time: org.apache.hadoop.fs.FileSystem$Cache
2024-11-12 13:41:20,982 INFO  EvoClassLoader - Instrumenting class 'org.apache.hadoop.fs.FileSystem$Cache'.
2024-11-12 13:41:20,982 INFO  MethodCallReplacementClassAdapter - Adding mock interface to class org/apache/hadoop/fs/FileSystem$Cache
2024-11-12 13:41:20,983 INFO  CreateClassResetClassAdapter - Found static initializer in class org/apache/hadoop/fs/FileSystem$Cache
2024-11-12 13:41:20,984 INFO  EvoClassLoader - Keeping class: org.apache.hadoop.fs.FileSystem$Cache
2024-11-12 13:41:20,984 INFO  EvoClassLoader - Seeing class for first time: org.apache.hadoop.fs.FileSystem$FSDataInputStreamBuilder
2024-11-12 13:41:20,984 INFO  EvoClassLoader - Instrumenting class 'org.apache.hadoop.fs.FileSystem$FSDataInputStreamBuilder'.
2024-11-12 13:41:20,984 INFO  MethodCallReplacementClassAdapter - Adding mock interface to class org/apache/hadoop/fs/FileSystem$FSDataInputStreamBuilder
2024-11-12 13:41:20,984 INFO  CreateClassResetClassAdapter - Creating brand-new static initializer in class org/apache/hadoop/fs/FileSystem$FSDataInputStreamBuilder
2024-11-12 13:41:20,984 INFO  EvoClassLoader - Seeing class for first time: org.apache.hadoop.fs.FutureDataInputStreamBuilder
2024-11-12 13:41:20,984 INFO  EvoClassLoader - Instrumenting class 'org.apache.hadoop.fs.FutureDataInputStreamBuilder'.
2024-11-12 13:41:20,984 INFO  EvoClassLoader - Seeing class for first time: org.apache.hadoop.fs.FSBuilder
2024-11-12 13:41:20,984 INFO  EvoClassLoader - Instrumenting class 'org.apache.hadoop.fs.FSBuilder'.
2024-11-12 13:41:20,985 INFO  EvoClassLoader - Keeping class: org.apache.hadoop.fs.FSBuilder
2024-11-12 13:41:20,985 INFO  EvoClassLoader - Keeping class: org.apache.hadoop.fs.FutureDataInputStreamBuilder
2024-11-12 13:41:20,985 INFO  EvoClassLoader - Seeing class for first time: org.apache.hadoop.fs.impl.FutureDataInputStreamBuilderImpl
2024-11-12 13:41:20,985 INFO  EvoClassLoader - Instrumenting class 'org.apache.hadoop.fs.impl.FutureDataInputStreamBuilderImpl'.
2024-11-12 13:41:20,985 INFO  MethodCallReplacementClassAdapter - Adding mock interface to class org/apache/hadoop/fs/impl/FutureDataInputStreamBuilderImpl
2024-11-12 13:41:20,985 INFO  CreateClassResetClassAdapter - Creating brand-new static initializer in class org/apache/hadoop/fs/impl/FutureDataInputStreamBuilderImpl
2024-11-12 13:41:20,985 INFO  EvoClassLoader - Defined package (3): package org.apache.hadoop.fs.impl, -2003435794
2024-11-12 13:41:20,985 INFO  EvoClassLoader - Seeing class for first time: org.apache.hadoop.fs.impl.AbstractFSBuilderImpl
2024-11-12 13:41:20,985 INFO  EvoClassLoader - Instrumenting class 'org.apache.hadoop.fs.impl.AbstractFSBuilderImpl'.
2024-11-12 13:41:20,986 INFO  MethodCallReplacementClassAdapter - Adding mock interface to class org/apache/hadoop/fs/impl/AbstractFSBuilderImpl
2024-11-12 13:41:20,986 INFO  CreateClassResetClassAdapter - Creating brand-new static initializer in class org/apache/hadoop/fs/impl/AbstractFSBuilderImpl
2024-11-12 13:41:20,986 INFO  CreateClassResetClassAdapter - Adding bytecode for initializing field UNKNOWN_MANDATORY_KEY
2024-11-12 13:41:20,986 INFO  CreateClassResetClassAdapter - Adding bytecode for initializing field E_BOTH_A_PATH_AND_A_PATH_HANDLE
2024-11-12 13:41:20,986 INFO  EvoClassLoader - Keeping class: org.apache.hadoop.fs.impl.AbstractFSBuilderImpl
2024-11-12 13:41:20,986 INFO  EvoClassLoader - Keeping class: org.apache.hadoop.fs.impl.FutureDataInputStreamBuilderImpl
2024-11-12 13:41:20,986 INFO  EvoClassLoader - Keeping class: org.apache.hadoop.fs.FileSystem$FSDataInputStreamBuilder
2024-11-12 13:41:20,986 INFO  EvoClassLoader - Seeing class for first time: org.apache.hadoop.fs.FileSystem$FileSystemDataOutputStreamBuilder
2024-11-12 13:41:20,986 INFO  EvoClassLoader - Instrumenting class 'org.apache.hadoop.fs.FileSystem$FileSystemDataOutputStreamBuilder'.
2024-11-12 13:41:20,986 INFO  MethodCallReplacementClassAdapter - Adding mock interface to class org/apache/hadoop/fs/FileSystem$FileSystemDataOutputStreamBuilder
2024-11-12 13:41:20,987 INFO  CreateClassResetClassAdapter - Creating brand-new static initializer in class org/apache/hadoop/fs/FileSystem$FileSystemDataOutputStreamBuilder
2024-11-12 13:41:20,987 INFO  EvoClassLoader - Seeing class for first time: org.apache.hadoop.fs.FSDataOutputStreamBuilder
2024-11-12 13:41:20,987 INFO  EvoClassLoader - Instrumenting class 'org.apache.hadoop.fs.FSDataOutputStreamBuilder'.
2024-11-12 13:41:20,987 INFO  MethodCallReplacementClassAdapter - Adding mock interface to class org/apache/hadoop/fs/FSDataOutputStreamBuilder
2024-11-12 13:41:20,987 INFO  CreateClassResetClassAdapter - Creating brand-new static initializer in class org/apache/hadoop/fs/FSDataOutputStreamBuilder
2024-11-12 13:41:20,987 INFO  EvoClassLoader - Keeping class: org.apache.hadoop.fs.FSDataOutputStreamBuilder
2024-11-12 13:41:20,987 INFO  EvoClassLoader - Keeping class: org.apache.hadoop.fs.FileSystem$FileSystemDataOutputStreamBuilder
2024-11-12 13:41:20,987 INFO  EvoClassLoader - Seeing class for first time: org.apache.hadoop.fs.FileSystem$Statistics
2024-11-12 13:41:20,987 INFO  EvoClassLoader - Instrumenting class 'org.apache.hadoop.fs.FileSystem$Statistics'.
2024-11-12 13:41:20,988 INFO  MethodCallReplacementClassAdapter - Adding mock interface to class org/apache/hadoop/fs/FileSystem$Statistics
2024-11-12 13:41:20,988 INFO  CreateClassResetClassAdapter - Found static initializer in class org/apache/hadoop/fs/FileSystem$Statistics
2024-11-12 13:41:20,989 INFO  EvoClassLoader - Keeping class: org.apache.hadoop.fs.FileSystem$Statistics
2024-11-12 13:41:20,989 INFO  EvoClassLoader - Seeing class for first time: org.apache.hadoop.fs.FileSystem$Cache$Key
2024-11-12 13:41:20,989 INFO  EvoClassLoader - Instrumenting class 'org.apache.hadoop.fs.FileSystem$Cache$Key'.
2024-11-12 13:41:20,990 INFO  MethodCallReplacementClassAdapter - Adding mock interface to class org/apache/hadoop/fs/FileSystem$Cache$Key
2024-11-12 13:41:20,990 INFO  CreateClassResetClassAdapter - Creating brand-new static initializer in class org/apache/hadoop/fs/FileSystem$Cache$Key
2024-11-12 13:41:20,990 INFO  EvoClassLoader - Keeping class: org.apache.hadoop.fs.FileSystem$Cache$Key
2024-11-12 13:41:20,990 INFO  EvoClassLoader - Seeing class for first time: com.ctc.wstx.io.SystemId
2024-11-12 13:41:20,990 INFO  EvoClassLoader - Instrumenting class 'com.ctc.wstx.io.SystemId'.
2024-11-12 13:41:20,990 INFO  MethodCallReplacementClassAdapter - Adding mock interface to class com/ctc/wstx/io/SystemId
2024-11-12 13:41:20,991 INFO  CreateClassResetClassAdapter - Creating brand-new static initializer in class com/ctc/wstx/io/SystemId
2024-11-12 13:41:20,991 INFO  EvoClassLoader - Keeping class: com.ctc.wstx.io.SystemId
2024-11-12 13:41:20,991 INFO  EvoClassLoader - Seeing class for first time: com.ctc.wstx.dtd.DTDId
2024-11-12 13:41:20,991 INFO  EvoClassLoader - Instrumenting class 'com.ctc.wstx.dtd.DTDId'.
2024-11-12 13:41:20,991 INFO  MethodCallReplacementClassAdapter - Adding mock interface to class com/ctc/wstx/dtd/DTDId
2024-11-12 13:41:20,992 INFO  CreateClassResetClassAdapter - Creating brand-new static initializer in class com/ctc/wstx/dtd/DTDId
2024-11-12 13:41:20,992 INFO  EvoClassLoader - Defined package (3): package com.ctc.wstx.dtd, -1605853969
2024-11-12 13:41:20,992 INFO  EvoClassLoader - Keeping class: com.ctc.wstx.dtd.DTDId
2024-11-12 13:41:20,992 INFO  EvoClassLoader - Seeing class for first time: com.ctc.wstx.dtd.DTDSubset
2024-11-12 13:41:20,992 INFO  EvoClassLoader - Instrumenting class 'com.ctc.wstx.dtd.DTDSubset'.
2024-11-12 13:41:20,992 INFO  MethodCallReplacementClassAdapter - Adding mock interface to class com/ctc/wstx/dtd/DTDSubset
2024-11-12 13:41:20,992 INFO  CreateClassResetClassAdapter - Creating brand-new static initializer in class com/ctc/wstx/dtd/DTDSubset
2024-11-12 13:41:20,992 INFO  EvoClassLoader - Seeing class for first time: org.codehaus.stax2.validation.DTDValidationSchema
2024-11-12 13:41:20,992 INFO  EvoClassLoader - Instrumenting class 'org.codehaus.stax2.validation.DTDValidationSchema'.
2024-11-12 13:41:20,992 INFO  EvoClassLoader - Seeing class for first time: org.codehaus.stax2.validation.XMLValidationSchema
2024-11-12 13:41:20,992 INFO  EvoClassLoader - Instrumenting class 'org.codehaus.stax2.validation.XMLValidationSchema'.
2024-11-12 13:41:20,993 INFO  EvoClassLoader - Keeping class: org.codehaus.stax2.validation.XMLValidationSchema
2024-11-12 13:41:20,993 INFO  EvoClassLoader - Keeping class: org.codehaus.stax2.validation.DTDValidationSchema
2024-11-12 13:41:20,993 INFO  EvoClassLoader - Keeping class: com.ctc.wstx.dtd.DTDSubset
2024-11-12 13:41:20,993 INFO  EvoClassLoader - Seeing class for first time: com.ctc.wstx.ent.EntityDecl
2024-11-12 13:41:20,993 INFO  EvoClassLoader - Instrumenting class 'com.ctc.wstx.ent.EntityDecl'.
2024-11-12 13:41:20,993 INFO  MethodCallReplacementClassAdapter - Adding mock interface to class com/ctc/wstx/ent/EntityDecl
2024-11-12 13:41:20,993 INFO  CreateClassResetClassAdapter - Creating brand-new static initializer in class com/ctc/wstx/ent/EntityDecl
2024-11-12 13:41:20,993 INFO  EvoClassLoader - Defined package (3): package com.ctc.wstx.ent, -1605853178
2024-11-12 13:41:20,993 INFO  EvoClassLoader - Seeing class for first time: com.ctc.wstx.evt.WEntityDeclaration
2024-11-12 13:41:20,993 INFO  EvoClassLoader - Instrumenting class 'com.ctc.wstx.evt.WEntityDeclaration'.
2024-11-12 13:41:20,994 INFO  MethodCallReplacementClassAdapter - Adding mock interface to class com/ctc/wstx/evt/WEntityDeclaration
2024-11-12 13:41:20,994 INFO  CreateClassResetClassAdapter - Creating brand-new static initializer in class com/ctc/wstx/evt/WEntityDeclaration
2024-11-12 13:41:20,994 INFO  EvoClassLoader - Defined package (3): package com.ctc.wstx.evt, -1605852930
2024-11-12 13:41:20,995 INFO  EvoClassLoader - Seeing class for first time: org.codehaus.stax2.ri.evt.BaseEventImpl
2024-11-12 13:41:20,995 INFO  EvoClassLoader - Instrumenting class 'org.codehaus.stax2.ri.evt.BaseEventImpl'.
2024-11-12 13:41:20,995 INFO  MethodCallReplacementClassAdapter - Adding mock interface to class org/codehaus/stax2/ri/evt/BaseEventImpl
2024-11-12 13:41:20,995 INFO  CreateClassResetClassAdapter - Creating brand-new static initializer in class org/codehaus/stax2/ri/evt/BaseEventImpl
2024-11-12 13:41:20,995 INFO  EvoClassLoader - Defined package (3): package org.codehaus.stax2.ri.evt, -220188000
2024-11-12 13:41:20,995 INFO  EvoClassLoader - Seeing class for first time: org.codehaus.stax2.evt.XMLEvent2
2024-11-12 13:41:20,995 INFO  EvoClassLoader - Instrumenting class 'org.codehaus.stax2.evt.XMLEvent2'.
2024-11-12 13:41:20,995 INFO  EvoClassLoader - Defined package (3): package org.codehaus.stax2.evt, -1695602321
2024-11-12 13:41:20,995 INFO  EvoClassLoader - Keeping class: org.codehaus.stax2.evt.XMLEvent2
2024-11-12 13:41:20,995 INFO  EvoClassLoader - Keeping class: org.codehaus.stax2.ri.evt.BaseEventImpl
2024-11-12 13:41:20,995 INFO  EvoClassLoader - Keeping class: com.ctc.wstx.evt.WEntityDeclaration
2024-11-12 13:41:20,995 INFO  EvoClassLoader - Keeping class: com.ctc.wstx.ent.EntityDecl
2024-11-12 13:41:20,995 INFO  EvoClassLoader - Seeing class for first time: com.ctc.wstx.dtd.DTDEventListener
2024-11-12 13:41:20,995 INFO  EvoClassLoader - Instrumenting class 'com.ctc.wstx.dtd.DTDEventListener'.
2024-11-12 13:41:20,996 INFO  EvoClassLoader - Keeping class: com.ctc.wstx.dtd.DTDEventListener
2024-11-12 13:41:20,996 INFO  EvoClassLoader - Seeing class for first time: com.ctc.wstx.io.BufferRecycler
2024-11-12 13:41:20,996 INFO  EvoClassLoader - Instrumenting class 'com.ctc.wstx.io.BufferRecycler'.
2024-11-12 13:41:20,996 INFO  MethodCallReplacementClassAdapter - Adding mock interface to class com/ctc/wstx/io/BufferRecycler
2024-11-12 13:41:20,996 INFO  CreateClassResetClassAdapter - Creating brand-new static initializer in class com/ctc/wstx/io/BufferRecycler
2024-11-12 13:41:20,996 INFO  EvoClassLoader - Keeping class: com.ctc.wstx.io.BufferRecycler
2024-11-12 13:41:20,996 INFO  EvoClassLoader - Seeing class for first time: org.apache.hadoop.conf.Configuration$Parser
2024-11-12 13:41:20,996 INFO  EvoClassLoader - Instrumenting class 'org.apache.hadoop.conf.Configuration$Parser'.
2024-11-12 13:41:20,996 INFO  MethodCallReplacementClassAdapter - Adding mock interface to class org/apache/hadoop/conf/Configuration$Parser
2024-11-12 13:41:21,002 INFO  CreateClassResetClassAdapter - Creating brand-new static initializer in class org/apache/hadoop/conf/Configuration$Parser
2024-11-12 13:41:21,002 INFO  EvoClassLoader - Keeping class: org.apache.hadoop.conf.Configuration$Parser
2024-11-12 13:41:21,002 INFO  EvoClassLoader - Seeing class for first time: org.apache.hadoop.conf.Configuration$ParsedItem
2024-11-12 13:41:21,002 INFO  EvoClassLoader - Instrumenting class 'org.apache.hadoop.conf.Configuration$ParsedItem'.
2024-11-12 13:41:21,003 INFO  MethodCallReplacementClassAdapter - Adding mock interface to class org/apache/hadoop/conf/Configuration$ParsedItem
2024-11-12 13:41:21,003 INFO  CreateClassResetClassAdapter - Creating brand-new static initializer in class org/apache/hadoop/conf/Configuration$ParsedItem
2024-11-12 13:41:21,003 INFO  EvoClassLoader - Keeping class: org.apache.hadoop.conf.Configuration$ParsedItem
2024-11-12 13:41:21,003 INFO  EvoClassLoader - Seeing class for first time: org.apache.hadoop.conf.Configuration$ParsedTimeDuration
2024-11-12 13:41:21,003 INFO  EvoClassLoader - Instrumenting class 'org.apache.hadoop.conf.Configuration$ParsedTimeDuration'.
2024-11-12 13:41:21,003 INFO  MethodCallReplacementClassAdapter - Adding mock interface to class org/apache/hadoop/conf/Configuration$ParsedTimeDuration
2024-11-12 13:41:21,004 INFO  CreateClassResetClassAdapter - Found static initializer in class org/apache/hadoop/conf/Configuration$ParsedTimeDuration
2024-11-12 13:41:21,004 INFO  EvoClassLoader - Keeping class: org.apache.hadoop.conf.Configuration$ParsedTimeDuration
2024-11-12 13:41:21,005 INFO  EvoClassLoader - Seeing class for first time: org.apache.hadoop.fs.FileSystem$Cache$ClientFinalizer
2024-11-12 13:41:21,005 INFO  EvoClassLoader - Instrumenting class 'org.apache.hadoop.fs.FileSystem$Cache$ClientFinalizer'.
2024-11-12 13:41:21,005 INFO  MethodCallReplacementClassAdapter - Adding mock interface to class org/apache/hadoop/fs/FileSystem$Cache$ClientFinalizer
2024-11-12 13:41:21,005 INFO  CreateClassResetClassAdapter - Creating brand-new static initializer in class org/apache/hadoop/fs/FileSystem$Cache$ClientFinalizer
2024-11-12 13:41:21,005 INFO  EvoClassLoader - Keeping class: org.apache.hadoop.fs.FileSystem$Cache$ClientFinalizer
2024-11-12 13:41:21,006 INFO  EvoClassLoader - Seeing class for first time: com.ctc.wstx.exc.WstxUnexpectedCharException
2024-11-12 13:41:21,006 INFO  EvoClassLoader - Instrumenting class 'com.ctc.wstx.exc.WstxUnexpectedCharException'.
2024-11-12 13:41:21,006 INFO  MethodCallReplacementClassAdapter - Adding mock interface to class com/ctc/wstx/exc/WstxUnexpectedCharException
2024-11-12 13:41:21,006 INFO  CreateClassResetClassAdapter - Creating brand-new static initializer in class com/ctc/wstx/exc/WstxUnexpectedCharException
2024-11-12 13:41:21,007 INFO  EvoClassLoader - Seeing class for first time: com.ctc.wstx.exc.WstxParsingException
2024-11-12 13:41:21,007 INFO  EvoClassLoader - Instrumenting class 'com.ctc.wstx.exc.WstxParsingException'.
2024-11-12 13:41:21,007 INFO  MethodCallReplacementClassAdapter - Adding mock interface to class com/ctc/wstx/exc/WstxParsingException
2024-11-12 13:41:21,007 INFO  CreateClassResetClassAdapter - Creating brand-new static initializer in class com/ctc/wstx/exc/WstxParsingException
2024-11-12 13:41:21,007 INFO  EvoClassLoader - Keeping class: com.ctc.wstx.exc.WstxParsingException
2024-11-12 13:41:21,007 INFO  EvoClassLoader - Keeping class: com.ctc.wstx.exc.WstxUnexpectedCharException
2024-11-12 13:41:21,008 INFO  EvoClassLoader - Seeing class for first time: com.ctc.wstx.exc.WstxEOFException
2024-11-12 13:41:21,008 INFO  EvoClassLoader - Instrumenting class 'com.ctc.wstx.exc.WstxEOFException'.
2024-11-12 13:41:21,009 INFO  MethodCallReplacementClassAdapter - Adding mock interface to class com/ctc/wstx/exc/WstxEOFException
2024-11-12 13:41:21,009 INFO  CreateClassResetClassAdapter - Creating brand-new static initializer in class com/ctc/wstx/exc/WstxEOFException
2024-11-12 13:41:21,009 INFO  EvoClassLoader - Keeping class: com.ctc.wstx.exc.WstxEOFException
2024-11-12 13:41:21,009 INFO  EvoClassLoader - Seeing class for first time: com.ctc.wstx.io.BaseReader
2024-11-12 13:41:21,009 INFO  EvoClassLoader - Instrumenting class 'com.ctc.wstx.io.BaseReader'.
2024-11-12 13:41:21,010 INFO  MethodCallReplacementClassAdapter - Adding mock interface to class com/ctc/wstx/io/BaseReader
2024-11-12 13:41:21,012 INFO  CreateClassResetClassAdapter - Creating brand-new static initializer in class com/ctc/wstx/io/BaseReader
2024-11-12 13:41:21,012 INFO  CreateClassResetClassAdapter - Adding bytecode for initializing field NULL_CHAR
2024-11-12 13:41:21,012 INFO  CreateClassResetClassAdapter - Adding bytecode for initializing field NULL_BYTE
2024-11-12 13:41:21,012 INFO  CreateClassResetClassAdapter - Adding bytecode for initializing field CONVERT_NEL_TO
2024-11-12 13:41:21,012 INFO  CreateClassResetClassAdapter - Adding bytecode for initializing field CONVERT_LSEP_TO
2024-11-12 13:41:21,012 INFO  CreateClassResetClassAdapter - Adding bytecode for initializing field CHAR_DEL
2024-11-12 13:41:21,012 INFO  EvoClassLoader - Keeping class: com.ctc.wstx.io.BaseReader
2024-11-12 13:41:21,012 INFO  EvoClassLoader - Seeing class for first time: com.ctc.wstx.io.UTF8Reader
2024-11-12 13:41:21,012 INFO  EvoClassLoader - Instrumenting class 'com.ctc.wstx.io.UTF8Reader'.
2024-11-12 13:41:21,012 INFO  MethodCallReplacementClassAdapter - Adding mock interface to class com/ctc/wstx/io/UTF8Reader
2024-11-12 13:41:21,013 INFO  CreateClassResetClassAdapter - Creating brand-new static initializer in class com/ctc/wstx/io/UTF8Reader
2024-11-12 13:41:21,013 INFO  EvoClassLoader - Keeping class: com.ctc.wstx.io.UTF8Reader
2024-11-12 13:41:21,013 INFO  EvoClassLoader - Seeing class for first time: com.ctc.wstx.io.ISOLatinReader
2024-11-12 13:41:21,013 INFO  EvoClassLoader - Instrumenting class 'com.ctc.wstx.io.ISOLatinReader'.
2024-11-12 13:41:21,013 INFO  MethodCallReplacementClassAdapter - Adding mock interface to class com/ctc/wstx/io/ISOLatinReader
2024-11-12 13:41:21,013 INFO  CreateClassResetClassAdapter - Creating brand-new static initializer in class com/ctc/wstx/io/ISOLatinReader
2024-11-12 13:41:21,014 INFO  EvoClassLoader - Keeping class: com.ctc.wstx.io.ISOLatinReader
2024-11-12 13:41:21,014 INFO  EvoClassLoader - Seeing class for first time: com.ctc.wstx.io.AsciiReader
2024-11-12 13:41:21,014 INFO  EvoClassLoader - Instrumenting class 'com.ctc.wstx.io.AsciiReader'.
2024-11-12 13:41:21,014 INFO  MethodCallReplacementClassAdapter - Adding mock interface to class com/ctc/wstx/io/AsciiReader
2024-11-12 13:41:21,014 INFO  CreateClassResetClassAdapter - Creating brand-new static initializer in class com/ctc/wstx/io/AsciiReader
2024-11-12 13:41:21,014 INFO  EvoClassLoader - Keeping class: com.ctc.wstx.io.AsciiReader
2024-11-12 13:41:21,014 INFO  EvoClassLoader - Seeing class for first time: com.ctc.wstx.io.UTF32Reader
2024-11-12 13:41:21,014 INFO  EvoClassLoader - Instrumenting class 'com.ctc.wstx.io.UTF32Reader'.
2024-11-12 13:41:21,015 INFO  MethodCallReplacementClassAdapter - Adding mock interface to class com/ctc/wstx/io/UTF32Reader
2024-11-12 13:41:21,016 INFO  CreateClassResetClassAdapter - Creating brand-new static initializer in class com/ctc/wstx/io/UTF32Reader
2024-11-12 13:41:21,016 INFO  EvoClassLoader - Keeping class: com.ctc.wstx.io.UTF32Reader
2024-11-12 13:41:21,016 INFO  EvoClassLoader - Seeing class for first time: com.ctc.wstx.io.MergedStream
2024-11-12 13:41:21,016 INFO  EvoClassLoader - Instrumenting class 'com.ctc.wstx.io.MergedStream'.
2024-11-12 13:41:21,017 INFO  MethodCallReplacementClassAdapter - Adding mock interface to class com/ctc/wstx/io/MergedStream
2024-11-12 13:41:21,017 INFO  CreateClassResetClassAdapter - Creating brand-new static initializer in class com/ctc/wstx/io/MergedStream
2024-11-12 13:41:21,017 INFO  EvoClassLoader - Keeping class: com.ctc.wstx.io.MergedStream
2024-11-12 13:41:21,018 INFO  EvoClassLoader - Seeing class for first time: com.ctc.wstx.io.InputSourceFactory
2024-11-12 13:41:21,018 INFO  EvoClassLoader - Instrumenting class 'com.ctc.wstx.io.InputSourceFactory'.
2024-11-12 13:41:21,018 INFO  MethodCallReplacementClassAdapter - Adding mock interface to class com/ctc/wstx/io/InputSourceFactory
2024-11-12 13:41:21,018 INFO  CreateClassResetClassAdapter - Creating brand-new static initializer in class com/ctc/wstx/io/InputSourceFactory
2024-11-12 13:41:21,018 INFO  EvoClassLoader - Keeping class: com.ctc.wstx.io.InputSourceFactory
2024-11-12 13:41:21,018 INFO  EvoClassLoader - Seeing class for first time: com.ctc.wstx.io.WstxInputSource
2024-11-12 13:41:21,018 INFO  EvoClassLoader - Instrumenting class 'com.ctc.wstx.io.WstxInputSource'.
2024-11-12 13:41:21,019 INFO  MethodCallReplacementClassAdapter - Adding mock interface to class com/ctc/wstx/io/WstxInputSource
2024-11-12 13:41:21,019 INFO  CreateClassResetClassAdapter - Creating brand-new static initializer in class com/ctc/wstx/io/WstxInputSource
2024-11-12 13:41:21,019 INFO  EvoClassLoader - Keeping class: com.ctc.wstx.io.WstxInputSource
2024-11-12 13:41:21,019 INFO  EvoClassLoader - Seeing class for first time: com.ctc.wstx.io.CharArraySource
2024-11-12 13:41:21,019 INFO  EvoClassLoader - Instrumenting class 'com.ctc.wstx.io.CharArraySource'.
2024-11-12 13:41:21,019 INFO  MethodCallReplacementClassAdapter - Adding mock interface to class com/ctc/wstx/io/CharArraySource
2024-11-12 13:41:21,020 INFO  CreateClassResetClassAdapter - Creating brand-new static initializer in class com/ctc/wstx/io/CharArraySource
2024-11-12 13:41:21,020 INFO  EvoClassLoader - Seeing class for first time: com.ctc.wstx.io.BaseInputSource
2024-11-12 13:41:21,020 INFO  EvoClassLoader - Instrumenting class 'com.ctc.wstx.io.BaseInputSource'.
2024-11-12 13:41:21,020 INFO  MethodCallReplacementClassAdapter - Adding mock interface to class com/ctc/wstx/io/BaseInputSource
2024-11-12 13:41:21,020 INFO  CreateClassResetClassAdapter - Creating brand-new static initializer in class com/ctc/wstx/io/BaseInputSource
2024-11-12 13:41:21,020 INFO  EvoClassLoader - Keeping class: com.ctc.wstx.io.BaseInputSource
2024-11-12 13:41:21,020 INFO  EvoClassLoader - Keeping class: com.ctc.wstx.io.CharArraySource
2024-11-12 13:41:21,020 INFO  EvoClassLoader - Seeing class for first time: com.ctc.wstx.io.BranchingReaderSource
2024-11-12 13:41:21,020 INFO  EvoClassLoader - Instrumenting class 'com.ctc.wstx.io.BranchingReaderSource'.
2024-11-12 13:41:21,020 INFO  MethodCallReplacementClassAdapter - Adding mock interface to class com/ctc/wstx/io/BranchingReaderSource
2024-11-12 13:41:21,021 INFO  CreateClassResetClassAdapter - Creating brand-new static initializer in class com/ctc/wstx/io/BranchingReaderSource
2024-11-12 13:41:21,021 INFO  EvoClassLoader - Seeing class for first time: com.ctc.wstx.io.ReaderSource
2024-11-12 13:41:21,021 INFO  EvoClassLoader - Instrumenting class 'com.ctc.wstx.io.ReaderSource'.
2024-11-12 13:41:21,021 INFO  MethodCallReplacementClassAdapter - Adding mock interface to class com/ctc/wstx/io/ReaderSource
2024-11-12 13:41:21,021 INFO  CreateClassResetClassAdapter - Creating brand-new static initializer in class com/ctc/wstx/io/ReaderSource
2024-11-12 13:41:21,021 INFO  EvoClassLoader - Keeping class: com.ctc.wstx.io.ReaderSource
2024-11-12 13:41:21,021 INFO  EvoClassLoader - Keeping class: com.ctc.wstx.io.BranchingReaderSource
2024-11-12 13:41:21,021 INFO  EvoClassLoader - Seeing class for first time: com.ctc.wstx.io.WstxInputLocation
2024-11-12 13:41:21,021 INFO  EvoClassLoader - Instrumenting class 'com.ctc.wstx.io.WstxInputLocation'.
2024-11-12 13:41:21,022 INFO  MethodCallReplacementClassAdapter - Adding mock interface to class com/ctc/wstx/io/WstxInputLocation
2024-11-12 13:41:21,022 INFO  CreateClassResetClassAdapter - Found static initializer in class com/ctc/wstx/io/WstxInputLocation
2024-11-12 13:41:21,022 INFO  EvoClassLoader - Seeing class for first time: org.codehaus.stax2.XMLStreamLocation2
2024-11-12 13:41:21,022 INFO  EvoClassLoader - Instrumenting class 'org.codehaus.stax2.XMLStreamLocation2'.
2024-11-12 13:41:21,022 INFO  EvoClassLoader - Keeping class: org.codehaus.stax2.XMLStreamLocation2
2024-11-12 13:41:21,022 INFO  EvoClassLoader - Keeping class: com.ctc.wstx.io.WstxInputLocation
2024-11-12 13:41:21,022 INFO  EvoClassLoader - Seeing class for first time: com.ctc.wstx.io.WstxInputData
2024-11-12 13:41:21,022 INFO  EvoClassLoader - Instrumenting class 'com.ctc.wstx.io.WstxInputData'.
2024-11-12 13:41:21,022 INFO  MethodCallReplacementClassAdapter - Adding mock interface to class com/ctc/wstx/io/WstxInputData
2024-11-12 13:41:21,023 INFO  CreateClassResetClassAdapter - Found static initializer in class com/ctc/wstx/io/WstxInputData
2024-11-12 13:41:21,023 INFO  EvoClassLoader - Keeping class: com.ctc.wstx.io.WstxInputData
2024-11-12 13:41:21,023 INFO  EvoClassLoader - Seeing class for first time: com.ctc.wstx.util.TextBuffer
2024-11-12 13:41:21,023 INFO  EvoClassLoader - Instrumenting class 'com.ctc.wstx.util.TextBuffer'.
2024-11-12 13:41:21,024 INFO  MethodCallReplacementClassAdapter - Adding mock interface to class com/ctc/wstx/util/TextBuffer
2024-11-12 13:41:21,025 INFO  CreateClassResetClassAdapter - Found static initializer in class com/ctc/wstx/util/TextBuffer
2024-11-12 13:41:21,025 INFO  EvoClassLoader - Keeping class: com.ctc.wstx.util.TextBuffer
2024-11-12 13:41:21,025 INFO  EvoClassLoader - Seeing class for first time: com.ctc.wstx.sr.StreamScanner
2024-11-12 13:41:21,025 INFO  EvoClassLoader - Instrumenting class 'com.ctc.wstx.sr.StreamScanner'.
2024-11-12 13:41:21,026 INFO  MethodCallReplacementClassAdapter - Adding mock interface to class com/ctc/wstx/sr/StreamScanner
2024-11-12 13:41:21,029 INFO  CreateClassResetClassAdapter - Found static initializer in class com/ctc/wstx/sr/StreamScanner
2024-11-12 13:41:21,030 INFO  EvoClassLoader - Seeing class for first time: com.ctc.wstx.sr.InputProblemReporter
2024-11-12 13:41:21,030 INFO  EvoClassLoader - Instrumenting class 'com.ctc.wstx.sr.InputProblemReporter'.
2024-11-12 13:41:21,030 INFO  EvoClassLoader - Keeping class: com.ctc.wstx.sr.InputProblemReporter
2024-11-12 13:41:21,030 INFO  EvoClassLoader - Seeing class for first time: com.ctc.wstx.cfg.ParsingErrorMsgs
2024-11-12 13:41:21,030 INFO  EvoClassLoader - Instrumenting class 'com.ctc.wstx.cfg.ParsingErrorMsgs'.
2024-11-12 13:41:21,030 INFO  EvoClassLoader - Keeping class: com.ctc.wstx.cfg.ParsingErrorMsgs
2024-11-12 13:41:21,030 INFO  EvoClassLoader - Keeping class: com.ctc.wstx.sr.StreamScanner
2024-11-12 13:41:21,031 INFO  EvoClassLoader - Seeing class for first time: com.ctc.wstx.exc.WstxValidationException
2024-11-12 13:41:21,031 INFO  EvoClassLoader - Instrumenting class 'com.ctc.wstx.exc.WstxValidationException'.
2024-11-12 13:41:21,031 INFO  MethodCallReplacementClassAdapter - Adding mock interface to class com/ctc/wstx/exc/WstxValidationException
2024-11-12 13:41:21,031 INFO  CreateClassResetClassAdapter - Creating brand-new static initializer in class com/ctc/wstx/exc/WstxValidationException
2024-11-12 13:41:21,031 INFO  EvoClassLoader - Seeing class for first time: org.codehaus.stax2.validation.XMLValidationException
2024-11-12 13:41:21,031 INFO  EvoClassLoader - Instrumenting class 'org.codehaus.stax2.validation.XMLValidationException'.
2024-11-12 13:41:21,032 INFO  MethodCallReplacementClassAdapter - Adding mock interface to class org/codehaus/stax2/validation/XMLValidationException
2024-11-12 13:41:21,032 INFO  CreateClassResetClassAdapter - Creating brand-new static initializer in class org/codehaus/stax2/validation/XMLValidationException
2024-11-12 13:41:21,032 INFO  EvoClassLoader - Keeping class: org.codehaus.stax2.validation.XMLValidationException
2024-11-12 13:41:21,032 INFO  EvoClassLoader - Keeping class: com.ctc.wstx.exc.WstxValidationException
2024-11-12 13:41:21,033 INFO  EvoClassLoader - Seeing class for first time: com.ctc.wstx.ent.IntEntity
2024-11-12 13:41:21,033 INFO  EvoClassLoader - Instrumenting class 'com.ctc.wstx.ent.IntEntity'.
2024-11-12 13:41:21,033 INFO  MethodCallReplacementClassAdapter - Adding mock interface to class com/ctc/wstx/ent/IntEntity
2024-11-12 13:41:21,033 INFO  CreateClassResetClassAdapter - Creating brand-new static initializer in class com/ctc/wstx/ent/IntEntity
2024-11-12 13:41:21,034 INFO  EvoClassLoader - Keeping class: com.ctc.wstx.ent.IntEntity
2024-11-12 13:41:21,035 INFO  EvoClassLoader - Seeing class for first time: org.codehaus.stax2.validation.XMLValidationProblem
2024-11-12 13:41:21,035 INFO  EvoClassLoader - Instrumenting class 'org.codehaus.stax2.validation.XMLValidationProblem'.
2024-11-12 13:41:21,035 INFO  MethodCallReplacementClassAdapter - Adding mock interface to class org/codehaus/stax2/validation/XMLValidationProblem
2024-11-12 13:41:21,035 INFO  CreateClassResetClassAdapter - Creating brand-new static initializer in class org/codehaus/stax2/validation/XMLValidationProblem
2024-11-12 13:41:21,035 INFO  CreateClassResetClassAdapter - Adding bytecode for initializing field SEVERITY_WARNING
2024-11-12 13:41:21,035 INFO  CreateClassResetClassAdapter - Adding bytecode for initializing field SEVERITY_ERROR
2024-11-12 13:41:21,035 INFO  CreateClassResetClassAdapter - Adding bytecode for initializing field SEVERITY_FATAL
2024-11-12 13:41:21,036 INFO  EvoClassLoader - Keeping class: org.codehaus.stax2.validation.XMLValidationProblem
2024-11-12 13:41:21,036 INFO  EvoClassLoader - Seeing class for first time: com.ctc.wstx.sr.BasicStreamReader
2024-11-12 13:41:21,036 INFO  EvoClassLoader - Instrumenting class 'com.ctc.wstx.sr.BasicStreamReader'.
2024-11-12 13:41:21,038 INFO  MethodCallReplacementClassAdapter - Adding mock interface to class com/ctc/wstx/sr/BasicStreamReader
2024-11-12 13:41:21,060 INFO  CreateClassResetClassAdapter - Found static initializer in class com/ctc/wstx/sr/BasicStreamReader
2024-11-12 13:41:21,062 INFO  EvoClassLoader - Seeing class for first time: com.ctc.wstx.sr.StreamReaderImpl
2024-11-12 13:41:21,062 INFO  EvoClassLoader - Instrumenting class 'com.ctc.wstx.sr.StreamReaderImpl'.
2024-11-12 13:41:21,063 INFO  EvoClassLoader - Keeping class: com.ctc.wstx.sr.StreamReaderImpl
2024-11-12 13:41:21,063 INFO  EvoClassLoader - Seeing class for first time: org.codehaus.stax2.DTDInfo
2024-11-12 13:41:21,063 INFO  EvoClassLoader - Instrumenting class 'org.codehaus.stax2.DTDInfo'.
2024-11-12 13:41:21,063 INFO  EvoClassLoader - Keeping class: org.codehaus.stax2.DTDInfo
2024-11-12 13:41:21,063 INFO  EvoClassLoader - Seeing class for first time: org.codehaus.stax2.LocationInfo
2024-11-12 13:41:21,063 INFO  EvoClassLoader - Instrumenting class 'org.codehaus.stax2.LocationInfo'.
2024-11-12 13:41:21,064 INFO  EvoClassLoader - Keeping class: org.codehaus.stax2.LocationInfo
2024-11-12 13:41:21,065 INFO  EvoClassLoader - Keeping class: com.ctc.wstx.sr.BasicStreamReader
2024-11-12 13:41:21,065 INFO  EvoClassLoader - Seeing class for first time: org.codehaus.stax2.AttributeInfo
2024-11-12 13:41:21,065 INFO  EvoClassLoader - Instrumenting class 'org.codehaus.stax2.AttributeInfo'.
2024-11-12 13:41:21,066 INFO  EvoClassLoader - Keeping class: org.codehaus.stax2.AttributeInfo
2024-11-12 13:41:21,066 INFO  EvoClassLoader - Seeing class for first time: org.codehaus.stax2.typed.TypedXMLStreamException
2024-11-12 13:41:21,066 INFO  EvoClassLoader - Instrumenting class 'org.codehaus.stax2.typed.TypedXMLStreamException'.
2024-11-12 13:41:21,067 INFO  MethodCallReplacementClassAdapter - Adding mock interface to class org/codehaus/stax2/typed/TypedXMLStreamException
2024-11-12 13:41:21,067 INFO  CreateClassResetClassAdapter - Creating brand-new static initializer in class org/codehaus/stax2/typed/TypedXMLStreamException
2024-11-12 13:41:21,067 INFO  EvoClassLoader - Keeping class: org.codehaus.stax2.typed.TypedXMLStreamException
2024-11-12 13:41:21,068 INFO  EvoClassLoader - Seeing class for first time: org.codehaus.stax2.validation.XMLValidator
2024-11-12 13:41:21,068 INFO  EvoClassLoader - Instrumenting class 'org.codehaus.stax2.validation.XMLValidator'.
2024-11-12 13:41:21,068 INFO  MethodCallReplacementClassAdapter - Adding mock interface to class org/codehaus/stax2/validation/XMLValidator
2024-11-12 13:41:21,069 INFO  CreateClassResetClassAdapter - Creating brand-new static initializer in class org/codehaus/stax2/validation/XMLValidator
2024-11-12 13:41:21,069 INFO  CreateClassResetClassAdapter - Adding bytecode for initializing field CONTENT_ALLOW_NONE
2024-11-12 13:41:21,069 INFO  CreateClassResetClassAdapter - Adding bytecode for initializing field CONTENT_ALLOW_WS
2024-11-12 13:41:21,069 INFO  CreateClassResetClassAdapter - Adding bytecode for initializing field CONTENT_ALLOW_WS_NONSTRICT
2024-11-12 13:41:21,069 INFO  CreateClassResetClassAdapter - Adding bytecode for initializing field CONTENT_ALLOW_VALIDATABLE_TEXT
2024-11-12 13:41:21,069 INFO  CreateClassResetClassAdapter - Adding bytecode for initializing field CONTENT_ALLOW_ANY_TEXT
2024-11-12 13:41:21,069 INFO  CreateClassResetClassAdapter - Adding bytecode for initializing field CONTENT_ALLOW_UNDEFINED
2024-11-12 13:41:21,069 INFO  EvoClassLoader - Keeping class: org.codehaus.stax2.validation.XMLValidator
2024-11-12 13:41:21,069 INFO  EvoClassLoader - Seeing class for first time: org.codehaus.stax2.validation.ValidationProblemHandler
2024-11-12 13:41:21,069 INFO  EvoClassLoader - Instrumenting class 'org.codehaus.stax2.validation.ValidationProblemHandler'.
2024-11-12 13:41:21,069 INFO  EvoClassLoader - Keeping class: org.codehaus.stax2.validation.ValidationProblemHandler
2024-11-12 13:41:21,069 INFO  EvoClassLoader - Seeing class for first time: com.ctc.wstx.sr.InputElementStack
2024-11-12 13:41:21,069 INFO  EvoClassLoader - Instrumenting class 'com.ctc.wstx.sr.InputElementStack'.
2024-11-12 13:41:21,069 INFO  MethodCallReplacementClassAdapter - Adding mock interface to class com/ctc/wstx/sr/InputElementStack
2024-11-12 13:41:21,070 INFO  CreateClassResetClassAdapter - Creating brand-new static initializer in class com/ctc/wstx/sr/InputElementStack
2024-11-12 13:41:21,070 INFO  CreateClassResetClassAdapter - Adding bytecode for initializing field ID_ATTR_NONE
2024-11-12 13:41:21,071 INFO  EvoClassLoader - Seeing class for first time: org.codehaus.stax2.validation.ValidationContext
2024-11-12 13:41:21,071 INFO  EvoClassLoader - Instrumenting class 'org.codehaus.stax2.validation.ValidationContext'.
2024-11-12 13:41:21,071 INFO  EvoClassLoader - Keeping class: org.codehaus.stax2.validation.ValidationContext
2024-11-12 13:41:21,071 INFO  EvoClassLoader - Keeping class: com.ctc.wstx.sr.InputElementStack
2024-11-12 13:41:21,071 INFO  EvoClassLoader - Seeing class for first time: com.ctc.wstx.sr.ElemCallback
2024-11-12 13:41:21,071 INFO  EvoClassLoader - Instrumenting class 'com.ctc.wstx.sr.ElemCallback'.
2024-11-12 13:41:21,072 INFO  MethodCallReplacementClassAdapter - Adding mock interface to class com/ctc/wstx/sr/ElemCallback
2024-11-12 13:41:21,072 INFO  CreateClassResetClassAdapter - Creating brand-new static initializer in class com/ctc/wstx/sr/ElemCallback
2024-11-12 13:41:21,072 INFO  EvoClassLoader - Keeping class: com.ctc.wstx.sr.ElemCallback
2024-11-12 13:41:21,072 INFO  EvoClassLoader - Seeing class for first time: com.ctc.wstx.sr.AttributeCollector
2024-11-12 13:41:21,072 INFO  EvoClassLoader - Instrumenting class 'com.ctc.wstx.sr.AttributeCollector'.
2024-11-12 13:41:21,072 INFO  MethodCallReplacementClassAdapter - Adding mock interface to class com/ctc/wstx/sr/AttributeCollector
2024-11-12 13:41:21,073 INFO  CreateClassResetClassAdapter - Found static initializer in class com/ctc/wstx/sr/AttributeCollector
2024-11-12 13:41:21,073 INFO  EvoClassLoader - Keeping class: com.ctc.wstx.sr.AttributeCollector
2024-11-12 13:41:21,074 INFO  EvoClassLoader - Seeing class for first time: com.ctc.wstx.util.TextBuilder
2024-11-12 13:41:21,074 INFO  EvoClassLoader - Instrumenting class 'com.ctc.wstx.util.TextBuilder'.
2024-11-12 13:41:21,074 INFO  MethodCallReplacementClassAdapter - Adding mock interface to class com/ctc/wstx/util/TextBuilder
2024-11-12 13:41:21,074 INFO  CreateClassResetClassAdapter - Creating brand-new static initializer in class com/ctc/wstx/util/TextBuilder
2024-11-12 13:41:21,074 INFO  CreateClassResetClassAdapter - Adding bytecode for initializing field MIN_LEN
2024-11-12 13:41:21,074 INFO  CreateClassResetClassAdapter - Adding bytecode for initializing field MAX_LEN
2024-11-12 13:41:21,074 INFO  EvoClassLoader - Keeping class: com.ctc.wstx.util.TextBuilder
2024-11-12 13:41:21,075 INFO  EvoClassLoader - Seeing class for first time: com.ctc.wstx.sr.TypedStreamReader
2024-11-12 13:41:21,075 INFO  EvoClassLoader - Instrumenting class 'com.ctc.wstx.sr.TypedStreamReader'.
2024-11-12 13:41:21,075 INFO  MethodCallReplacementClassAdapter - Adding mock interface to class com/ctc/wstx/sr/TypedStreamReader
2024-11-12 13:41:21,077 INFO  CreateClassResetClassAdapter - Creating brand-new static initializer in class com/ctc/wstx/sr/TypedStreamReader
2024-11-12 13:41:21,077 INFO  CreateClassResetClassAdapter - Adding bytecode for initializing field MASK_TYPED_ACCESS_ARRAY
2024-11-12 13:41:21,077 INFO  CreateClassResetClassAdapter - Adding bytecode for initializing field MASK_TYPED_ACCESS_BINARY
2024-11-12 13:41:21,077 INFO  CreateClassResetClassAdapter - Adding bytecode for initializing field MIN_BINARY_CHUNK
2024-11-12 13:41:21,078 INFO  EvoClassLoader - Keeping class: com.ctc.wstx.sr.TypedStreamReader
2024-11-12 13:41:21,078 INFO  EvoClassLoader - Seeing class for first time: org.codehaus.stax2.typed.TypedValueDecoder
2024-11-12 13:41:21,078 INFO  EvoClassLoader - Instrumenting class 'org.codehaus.stax2.typed.TypedValueDecoder'.
2024-11-12 13:41:21,078 INFO  MethodCallReplacementClassAdapter - Adding mock interface to class org/codehaus/stax2/typed/TypedValueDecoder
2024-11-12 13:41:21,078 INFO  CreateClassResetClassAdapter - Creating brand-new static initializer in class org/codehaus/stax2/typed/TypedValueDecoder
2024-11-12 13:41:21,078 INFO  EvoClassLoader - Keeping class: org.codehaus.stax2.typed.TypedValueDecoder
2024-11-12 13:41:21,078 INFO  EvoClassLoader - Seeing class for first time: org.codehaus.stax2.ri.typed.ValueDecoderFactory$BooleanDecoder
2024-11-12 13:41:21,078 INFO  EvoClassLoader - Instrumenting class 'org.codehaus.stax2.ri.typed.ValueDecoderFactory$BooleanDecoder'.
2024-11-12 13:41:21,079 INFO  MethodCallReplacementClassAdapter - Adding mock interface to class org/codehaus/stax2/ri/typed/ValueDecoderFactory$BooleanDecoder
2024-11-12 13:41:21,079 INFO  CreateClassResetClassAdapter - Creating brand-new static initializer in class org/codehaus/stax2/ri/typed/ValueDecoderFactory$BooleanDecoder
2024-11-12 13:41:21,079 INFO  EvoClassLoader - Defined package (3): package org.codehaus.stax2.ri.typed, -1133328921
2024-11-12 13:41:21,079 INFO  EvoClassLoader - Seeing class for first time: org.codehaus.stax2.ri.typed.ValueDecoderFactory$DecoderBase
2024-11-12 13:41:21,079 INFO  EvoClassLoader - Instrumenting class 'org.codehaus.stax2.ri.typed.ValueDecoderFactory$DecoderBase'.
2024-11-12 13:41:21,079 INFO  MethodCallReplacementClassAdapter - Adding mock interface to class org/codehaus/stax2/ri/typed/ValueDecoderFactory$DecoderBase
2024-11-12 13:41:21,080 INFO  CreateClassResetClassAdapter - Found static initializer in class org/codehaus/stax2/ri/typed/ValueDecoderFactory$DecoderBase
2024-11-12 13:41:21,081 INFO  EvoClassLoader - Keeping class: org.codehaus.stax2.ri.typed.ValueDecoderFactory$DecoderBase
2024-11-12 13:41:21,081 INFO  EvoClassLoader - Keeping class: org.codehaus.stax2.ri.typed.ValueDecoderFactory$BooleanDecoder
2024-11-12 13:41:21,081 INFO  EvoClassLoader - Seeing class for first time: org.codehaus.stax2.ri.typed.ValueDecoderFactory$LongDecoder
2024-11-12 13:41:21,081 INFO  EvoClassLoader - Instrumenting class 'org.codehaus.stax2.ri.typed.ValueDecoderFactory$LongDecoder'.
2024-11-12 13:41:21,081 INFO  MethodCallReplacementClassAdapter - Adding mock interface to class org/codehaus/stax2/ri/typed/ValueDecoderFactory$LongDecoder
2024-11-12 13:41:21,082 INFO  CreateClassResetClassAdapter - Creating brand-new static initializer in class org/codehaus/stax2/ri/typed/ValueDecoderFactory$LongDecoder
2024-11-12 13:41:21,082 INFO  EvoClassLoader - Keeping class: org.codehaus.stax2.ri.typed.ValueDecoderFactory$LongDecoder
2024-11-12 13:41:21,082 INFO  EvoClassLoader - Seeing class for first time: org.codehaus.stax2.ri.typed.ValueDecoderFactory$FloatDecoder
2024-11-12 13:41:21,082 INFO  EvoClassLoader - Instrumenting class 'org.codehaus.stax2.ri.typed.ValueDecoderFactory$FloatDecoder'.
2024-11-12 13:41:21,083 INFO  MethodCallReplacementClassAdapter - Adding mock interface to class org/codehaus/stax2/ri/typed/ValueDecoderFactory$FloatDecoder
2024-11-12 13:41:21,083 INFO  CreateClassResetClassAdapter - Creating brand-new static initializer in class org/codehaus/stax2/ri/typed/ValueDecoderFactory$FloatDecoder
2024-11-12 13:41:21,083 INFO  EvoClassLoader - Keeping class: org.codehaus.stax2.ri.typed.ValueDecoderFactory$FloatDecoder
2024-11-12 13:41:21,083 INFO  EvoClassLoader - Seeing class for first time: org.codehaus.stax2.ri.typed.ValueDecoderFactory$DoubleDecoder
2024-11-12 13:41:21,083 INFO  EvoClassLoader - Instrumenting class 'org.codehaus.stax2.ri.typed.ValueDecoderFactory$DoubleDecoder'.
2024-11-12 13:41:21,084 INFO  MethodCallReplacementClassAdapter - Adding mock interface to class org/codehaus/stax2/ri/typed/ValueDecoderFactory$DoubleDecoder
2024-11-12 13:41:21,084 INFO  CreateClassResetClassAdapter - Creating brand-new static initializer in class org/codehaus/stax2/ri/typed/ValueDecoderFactory$DoubleDecoder
2024-11-12 13:41:21,084 INFO  EvoClassLoader - Keeping class: org.codehaus.stax2.ri.typed.ValueDecoderFactory$DoubleDecoder
2024-11-12 13:41:21,084 INFO  EvoClassLoader - Seeing class for first time: org.codehaus.stax2.ri.typed.ValueDecoderFactory$IntegerDecoder
2024-11-12 13:41:21,084 INFO  EvoClassLoader - Instrumenting class 'org.codehaus.stax2.ri.typed.ValueDecoderFactory$IntegerDecoder'.
2024-11-12 13:41:21,084 INFO  MethodCallReplacementClassAdapter - Adding mock interface to class org/codehaus/stax2/ri/typed/ValueDecoderFactory$IntegerDecoder
2024-11-12 13:41:21,084 INFO  CreateClassResetClassAdapter - Creating brand-new static initializer in class org/codehaus/stax2/ri/typed/ValueDecoderFactory$IntegerDecoder
2024-11-12 13:41:21,084 INFO  EvoClassLoader - Keeping class: org.codehaus.stax2.ri.typed.ValueDecoderFactory$IntegerDecoder
2024-11-12 13:41:21,084 INFO  EvoClassLoader - Seeing class for first time: org.codehaus.stax2.ri.typed.ValueDecoderFactory$DecimalDecoder
2024-11-12 13:41:21,084 INFO  EvoClassLoader - Instrumenting class 'org.codehaus.stax2.ri.typed.ValueDecoderFactory$DecimalDecoder'.
2024-11-12 13:41:21,084 INFO  MethodCallReplacementClassAdapter - Adding mock interface to class org/codehaus/stax2/ri/typed/ValueDecoderFactory$DecimalDecoder
2024-11-12 13:41:21,085 INFO  CreateClassResetClassAdapter - Creating brand-new static initializer in class org/codehaus/stax2/ri/typed/ValueDecoderFactory$DecimalDecoder
2024-11-12 13:41:21,085 INFO  EvoClassLoader - Keeping class: org.codehaus.stax2.ri.typed.ValueDecoderFactory$DecimalDecoder
2024-11-12 13:41:21,085 INFO  EvoClassLoader - Seeing class for first time: org.codehaus.stax2.ri.typed.ValueDecoderFactory$QNameDecoder
2024-11-12 13:41:21,085 INFO  EvoClassLoader - Instrumenting class 'org.codehaus.stax2.ri.typed.ValueDecoderFactory$QNameDecoder'.
2024-11-12 13:41:21,085 INFO  MethodCallReplacementClassAdapter - Adding mock interface to class org/codehaus/stax2/ri/typed/ValueDecoderFactory$QNameDecoder
2024-11-12 13:41:21,085 INFO  CreateClassResetClassAdapter - Creating brand-new static initializer in class org/codehaus/stax2/ri/typed/ValueDecoderFactory$QNameDecoder
2024-11-12 13:41:21,085 INFO  EvoClassLoader - Keeping class: org.codehaus.stax2.ri.typed.ValueDecoderFactory$QNameDecoder
2024-11-12 13:41:21,085 INFO  EvoClassLoader - Seeing class for first time: org.codehaus.stax2.typed.TypedArrayDecoder
2024-11-12 13:41:21,085 INFO  EvoClassLoader - Instrumenting class 'org.codehaus.stax2.typed.TypedArrayDecoder'.
2024-11-12 13:41:21,086 INFO  MethodCallReplacementClassAdapter - Adding mock interface to class org/codehaus/stax2/typed/TypedArrayDecoder
2024-11-12 13:41:21,086 INFO  CreateClassResetClassAdapter - Creating brand-new static initializer in class org/codehaus/stax2/typed/TypedArrayDecoder
2024-11-12 13:41:21,086 INFO  EvoClassLoader - Keeping class: org.codehaus.stax2.typed.TypedArrayDecoder
2024-11-12 13:41:21,086 INFO  EvoClassLoader - Seeing class for first time: org.codehaus.stax2.ri.typed.ValueDecoderFactory$IntArrayDecoder
2024-11-12 13:41:21,086 INFO  EvoClassLoader - Instrumenting class 'org.codehaus.stax2.ri.typed.ValueDecoderFactory$IntArrayDecoder'.
2024-11-12 13:41:21,086 INFO  MethodCallReplacementClassAdapter - Adding mock interface to class org/codehaus/stax2/ri/typed/ValueDecoderFactory$IntArrayDecoder
2024-11-12 13:41:21,086 INFO  CreateClassResetClassAdapter - Creating brand-new static initializer in class org/codehaus/stax2/ri/typed/ValueDecoderFactory$IntArrayDecoder
2024-11-12 13:41:21,086 INFO  EvoClassLoader - Seeing class for first time: org.codehaus.stax2.ri.typed.ValueDecoderFactory$BaseArrayDecoder
2024-11-12 13:41:21,086 INFO  EvoClassLoader - Instrumenting class 'org.codehaus.stax2.ri.typed.ValueDecoderFactory$BaseArrayDecoder'.
2024-11-12 13:41:21,086 INFO  MethodCallReplacementClassAdapter - Adding mock interface to class org/codehaus/stax2/ri/typed/ValueDecoderFactory$BaseArrayDecoder
2024-11-12 13:41:21,087 INFO  CreateClassResetClassAdapter - Creating brand-new static initializer in class org/codehaus/stax2/ri/typed/ValueDecoderFactory$BaseArrayDecoder
2024-11-12 13:41:21,087 INFO  CreateClassResetClassAdapter - Adding bytecode for initializing field INITIAL_RESULT_BUFFER_SIZE
2024-11-12 13:41:21,087 INFO  CreateClassResetClassAdapter - Adding bytecode for initializing field SMALL_RESULT_BUFFER_SIZE
2024-11-12 13:41:21,087 INFO  EvoClassLoader - Keeping class: org.codehaus.stax2.ri.typed.ValueDecoderFactory$BaseArrayDecoder
2024-11-12 13:41:21,087 INFO  EvoClassLoader - Keeping class: org.codehaus.stax2.ri.typed.ValueDecoderFactory$IntArrayDecoder
2024-11-12 13:41:21,087 INFO  EvoClassLoader - Seeing class for first time: org.codehaus.stax2.ri.typed.ValueDecoderFactory$LongArrayDecoder
2024-11-12 13:41:21,087 INFO  EvoClassLoader - Instrumenting class 'org.codehaus.stax2.ri.typed.ValueDecoderFactory$LongArrayDecoder'.
2024-11-12 13:41:21,087 INFO  MethodCallReplacementClassAdapter - Adding mock interface to class org/codehaus/stax2/ri/typed/ValueDecoderFactory$LongArrayDecoder
2024-11-12 13:41:21,087 INFO  CreateClassResetClassAdapter - Creating brand-new static initializer in class org/codehaus/stax2/ri/typed/ValueDecoderFactory$LongArrayDecoder
2024-11-12 13:41:21,087 INFO  EvoClassLoader - Keeping class: org.codehaus.stax2.ri.typed.ValueDecoderFactory$LongArrayDecoder
2024-11-12 13:41:21,087 INFO  EvoClassLoader - Seeing class for first time: org.codehaus.stax2.ri.typed.ValueDecoderFactory$FloatArrayDecoder
2024-11-12 13:41:21,087 INFO  EvoClassLoader - Instrumenting class 'org.codehaus.stax2.ri.typed.ValueDecoderFactory$FloatArrayDecoder'.
2024-11-12 13:41:21,087 INFO  MethodCallReplacementClassAdapter - Adding mock interface to class org/codehaus/stax2/ri/typed/ValueDecoderFactory$FloatArrayDecoder
2024-11-12 13:41:21,087 INFO  CreateClassResetClassAdapter - Creating brand-new static initializer in class org/codehaus/stax2/ri/typed/ValueDecoderFactory$FloatArrayDecoder
2024-11-12 13:41:21,087 INFO  EvoClassLoader - Keeping class: org.codehaus.stax2.ri.typed.ValueDecoderFactory$FloatArrayDecoder
2024-11-12 13:41:21,087 INFO  EvoClassLoader - Seeing class for first time: org.codehaus.stax2.ri.typed.ValueDecoderFactory$DoubleArrayDecoder
2024-11-12 13:41:21,087 INFO  EvoClassLoader - Instrumenting class 'org.codehaus.stax2.ri.typed.ValueDecoderFactory$DoubleArrayDecoder'.
2024-11-12 13:41:21,088 INFO  MethodCallReplacementClassAdapter - Adding mock interface to class org/codehaus/stax2/ri/typed/ValueDecoderFactory$DoubleArrayDecoder
2024-11-12 13:41:21,088 INFO  CreateClassResetClassAdapter - Creating brand-new static initializer in class org/codehaus/stax2/ri/typed/ValueDecoderFactory$DoubleArrayDecoder
2024-11-12 13:41:21,088 INFO  EvoClassLoader - Keeping class: org.codehaus.stax2.ri.typed.ValueDecoderFactory$DoubleArrayDecoder
2024-11-12 13:41:21,088 INFO  EvoClassLoader - Seeing class for first time: org.codehaus.stax2.ri.typed.ValueDecoderFactory$IntDecoder
2024-11-12 13:41:21,088 INFO  EvoClassLoader - Instrumenting class 'org.codehaus.stax2.ri.typed.ValueDecoderFactory$IntDecoder'.
2024-11-12 13:41:21,088 INFO  MethodCallReplacementClassAdapter - Adding mock interface to class org/codehaus/stax2/ri/typed/ValueDecoderFactory$IntDecoder
2024-11-12 13:41:21,088 INFO  CreateClassResetClassAdapter - Creating brand-new static initializer in class org/codehaus/stax2/ri/typed/ValueDecoderFactory$IntDecoder
2024-11-12 13:41:21,088 INFO  EvoClassLoader - Keeping class: org.codehaus.stax2.ri.typed.ValueDecoderFactory$IntDecoder
2024-11-12 13:41:21,089 INFO  EvoClassLoader - Seeing class for first time: org.codehaus.stax2.typed.Base64Variant
2024-11-12 13:41:21,089 INFO  EvoClassLoader - Instrumenting class 'org.codehaus.stax2.typed.Base64Variant'.
2024-11-12 13:41:21,089 INFO  MethodCallReplacementClassAdapter - Adding mock interface to class org/codehaus/stax2/typed/Base64Variant
2024-11-12 13:41:21,090 INFO  CreateClassResetClassAdapter - Creating brand-new static initializer in class org/codehaus/stax2/typed/Base64Variant
2024-11-12 13:41:21,090 INFO  CreateClassResetClassAdapter - Adding bytecode for initializing field PADDING_CHAR_NONE
2024-11-12 13:41:21,090 INFO  CreateClassResetClassAdapter - Adding bytecode for initializing field BASE64_VALUE_INVALID
2024-11-12 13:41:21,090 INFO  CreateClassResetClassAdapter - Adding bytecode for initializing field BASE64_VALUE_PADDING
2024-11-12 13:41:21,090 INFO  EvoClassLoader - Keeping class: org.codehaus.stax2.typed.Base64Variant
2024-11-12 13:41:21,090 INFO  EvoClassLoader - Seeing class for first time: org.codehaus.stax2.ri.typed.ValueDecoderFactory
2024-11-12 13:41:21,090 INFO  EvoClassLoader - Instrumenting class 'org.codehaus.stax2.ri.typed.ValueDecoderFactory'.
2024-11-12 13:41:21,090 INFO  MethodCallReplacementClassAdapter - Adding mock interface to class org/codehaus/stax2/ri/typed/ValueDecoderFactory
2024-11-12 13:41:21,090 INFO  CreateClassResetClassAdapter - Creating brand-new static initializer in class org/codehaus/stax2/ri/typed/ValueDecoderFactory
2024-11-12 13:41:21,090 INFO  EvoClassLoader - Keeping class: org.codehaus.stax2.ri.typed.ValueDecoderFactory
2024-11-12 13:41:21,090 INFO  EvoClassLoader - Seeing class for first time: org.codehaus.stax2.ri.typed.CharArrayBase64Decoder
2024-11-12 13:41:21,090 INFO  EvoClassLoader - Instrumenting class 'org.codehaus.stax2.ri.typed.CharArrayBase64Decoder'.
2024-11-12 13:41:21,091 INFO  MethodCallReplacementClassAdapter - Adding mock interface to class org/codehaus/stax2/ri/typed/CharArrayBase64Decoder
2024-11-12 13:41:21,091 INFO  CreateClassResetClassAdapter - Creating brand-new static initializer in class org/codehaus/stax2/ri/typed/CharArrayBase64Decoder
2024-11-12 13:41:21,092 INFO  EvoClassLoader - Seeing class for first time: org.codehaus.stax2.ri.typed.Base64DecoderBase
2024-11-12 13:41:21,092 INFO  EvoClassLoader - Instrumenting class 'org.codehaus.stax2.ri.typed.Base64DecoderBase'.
2024-11-12 13:41:21,092 INFO  MethodCallReplacementClassAdapter - Adding mock interface to class org/codehaus/stax2/ri/typed/Base64DecoderBase
2024-11-12 13:41:21,093 INFO  CreateClassResetClassAdapter - Creating brand-new static initializer in class org/codehaus/stax2/ri/typed/Base64DecoderBase
2024-11-12 13:41:21,093 INFO  CreateClassResetClassAdapter - Adding bytecode for initializing field STATE_INITIAL
2024-11-12 13:41:21,093 INFO  CreateClassResetClassAdapter - Adding bytecode for initializing field STATE_VALID_1
2024-11-12 13:41:21,093 INFO  CreateClassResetClassAdapter - Adding bytecode for initializing field STATE_VALID_2
2024-11-12 13:41:21,093 INFO  CreateClassResetClassAdapter - Adding bytecode for initializing field STATE_VALID_3
2024-11-12 13:41:21,093 INFO  CreateClassResetClassAdapter - Adding bytecode for initializing field STATE_OUTPUT_3
2024-11-12 13:41:21,093 INFO  CreateClassResetClassAdapter - Adding bytecode for initializing field STATE_OUTPUT_2
2024-11-12 13:41:21,093 INFO  CreateClassResetClassAdapter - Adding bytecode for initializing field STATE_OUTPUT_1
2024-11-12 13:41:21,093 INFO  CreateClassResetClassAdapter - Adding bytecode for initializing field STATE_VALID_2_AND_PADDING
2024-11-12 13:41:21,093 INFO  CreateClassResetClassAdapter - Adding bytecode for initializing field INT_SPACE
2024-11-12 13:41:21,093 INFO  EvoClassLoader - Keeping class: org.codehaus.stax2.ri.typed.Base64DecoderBase
2024-11-12 13:41:21,093 INFO  EvoClassLoader - Keeping class: org.codehaus.stax2.ri.typed.CharArrayBase64Decoder
2024-11-12 13:41:21,093 INFO  EvoClassLoader - Seeing class for first time: com.ctc.wstx.sr.ValidatingStreamReader
2024-11-12 13:41:21,093 INFO  EvoClassLoader - Instrumenting class 'com.ctc.wstx.sr.ValidatingStreamReader'.
2024-11-12 13:41:21,093 INFO  MethodCallReplacementClassAdapter - Adding mock interface to class com/ctc/wstx/sr/ValidatingStreamReader
2024-11-12 13:41:21,095 INFO  CreateClassResetClassAdapter - Creating brand-new static initializer in class com/ctc/wstx/sr/ValidatingStreamReader
2024-11-12 13:41:21,095 INFO  CreateClassResetClassAdapter - Adding bytecode for initializing field STAX_PROP_ENTITIES
2024-11-12 13:41:21,095 INFO  CreateClassResetClassAdapter - Adding bytecode for initializing field STAX_PROP_NOTATIONS
2024-11-12 13:41:21,096 INFO  EvoClassLoader - Keeping class: com.ctc.wstx.sr.ValidatingStreamReader
2024-11-12 13:41:21,096 INFO  EvoClassLoader - Seeing class for first time: com.ctc.wstx.sr.NsDefaultProvider
2024-11-12 13:41:21,096 INFO  EvoClassLoader - Instrumenting class 'com.ctc.wstx.sr.NsDefaultProvider'.
2024-11-12 13:41:21,097 INFO  EvoClassLoader - Keeping class: com.ctc.wstx.sr.NsDefaultProvider
2024-11-12 13:41:21,098 INFO  EvoClassLoader - Seeing class for first time: com.ctc.wstx.util.BaseNsContext
2024-11-12 13:41:21,098 INFO  EvoClassLoader - Instrumenting class 'com.ctc.wstx.util.BaseNsContext'.
2024-11-12 13:41:21,099 INFO  MethodCallReplacementClassAdapter - Adding mock interface to class com/ctc/wstx/util/BaseNsContext
2024-11-12 13:41:21,100 INFO  CreateClassResetClassAdapter - Creating brand-new static initializer in class com/ctc/wstx/util/BaseNsContext
2024-11-12 13:41:21,100 INFO  CreateClassResetClassAdapter - Adding bytecode for initializing field UNDECLARED_NS_URI
2024-11-12 13:41:21,100 INFO  EvoClassLoader - Keeping class: com.ctc.wstx.util.BaseNsContext
2024-11-12 13:41:21,100 INFO  EvoClassLoader - Seeing class for first time: com.ctc.wstx.util.EmptyNamespaceContext
2024-11-12 13:41:21,100 INFO  EvoClassLoader - Instrumenting class 'com.ctc.wstx.util.EmptyNamespaceContext'.
2024-11-12 13:41:21,100 INFO  MethodCallReplacementClassAdapter - Adding mock interface to class com/ctc/wstx/util/EmptyNamespaceContext
2024-11-12 13:41:21,100 INFO  CreateClassResetClassAdapter - Found static initializer in class com/ctc/wstx/util/EmptyNamespaceContext
2024-11-12 13:41:21,100 INFO  EvoClassLoader - Keeping class: com.ctc.wstx.util.EmptyNamespaceContext
2024-11-12 13:41:21,100 INFO  EvoClassLoader - Seeing class for first time: com.ctc.wstx.sr.CompactNsContext
2024-11-12 13:41:21,100 INFO  EvoClassLoader - Instrumenting class 'com.ctc.wstx.sr.CompactNsContext'.
2024-11-12 13:41:21,101 INFO  MethodCallReplacementClassAdapter - Adding mock interface to class com/ctc/wstx/sr/CompactNsContext
2024-11-12 13:41:21,101 INFO  CreateClassResetClassAdapter - Creating brand-new static initializer in class com/ctc/wstx/sr/CompactNsContext
2024-11-12 13:41:21,101 INFO  EvoClassLoader - Keeping class: com.ctc.wstx.sr.CompactNsContext
2024-11-12 13:41:21,101 INFO  EvoClassLoader - Seeing class for first time: org.codehaus.stax2.validation.ValidatorPair
2024-11-12 13:41:21,101 INFO  EvoClassLoader - Instrumenting class 'org.codehaus.stax2.validation.ValidatorPair'.
2024-11-12 13:41:21,101 INFO  MethodCallReplacementClassAdapter - Adding mock interface to class org/codehaus/stax2/validation/ValidatorPair
2024-11-12 13:41:21,101 INFO  CreateClassResetClassAdapter - Creating brand-new static initializer in class org/codehaus/stax2/validation/ValidatorPair
2024-11-12 13:41:21,101 INFO  CreateClassResetClassAdapter - Adding bytecode for initializing field ATTR_TYPE_DEFAULT
2024-11-12 13:41:21,102 INFO  EvoClassLoader - Keeping class: org.codehaus.stax2.validation.ValidatorPair
2024-11-12 13:41:21,102 INFO  EvoClassLoader - Seeing class for first time: com.ctc.wstx.util.StringVector
2024-11-12 13:41:21,102 INFO  EvoClassLoader - Instrumenting class 'com.ctc.wstx.util.StringVector'.
2024-11-12 13:41:21,102 INFO  MethodCallReplacementClassAdapter - Adding mock interface to class com/ctc/wstx/util/StringVector
2024-11-12 13:41:21,103 INFO  CreateClassResetClassAdapter - Creating brand-new static initializer in class com/ctc/wstx/util/StringVector
2024-11-12 13:41:21,103 INFO  EvoClassLoader - Keeping class: com.ctc.wstx.util.StringVector
2024-11-12 13:41:21,104 INFO  EvoClassLoader - Seeing class for first time: com.ctc.wstx.util.InternCache
2024-11-12 13:41:21,104 INFO  EvoClassLoader - Instrumenting class 'com.ctc.wstx.util.InternCache'.
2024-11-12 13:41:21,104 INFO  MethodCallReplacementClassAdapter - Adding mock interface to class com/ctc/wstx/util/InternCache
2024-11-12 13:41:21,104 INFO  CreateClassResetClassAdapter - Found static initializer in class com/ctc/wstx/util/InternCache
2024-11-12 13:41:21,105 INFO  EvoClassLoader - Keeping class: com.ctc.wstx.util.InternCache
2024-11-12 13:41:21,106 INFO  EvoClassLoader - Seeing class for first time: com.ctc.wstx.sw.XmlWriter
2024-11-12 13:41:21,106 INFO  EvoClassLoader - Instrumenting class 'com.ctc.wstx.sw.XmlWriter'.
2024-11-12 13:41:21,107 INFO  MethodCallReplacementClassAdapter - Adding mock interface to class com/ctc/wstx/sw/XmlWriter
2024-11-12 13:41:21,109 INFO  CreateClassResetClassAdapter - Creating brand-new static initializer in class com/ctc/wstx/sw/XmlWriter
2024-11-12 13:41:21,109 INFO  CreateClassResetClassAdapter - Adding bytecode for initializing field SURR1_FIRST
2024-11-12 13:41:21,109 INFO  CreateClassResetClassAdapter - Adding bytecode for initializing field SURR1_LAST
2024-11-12 13:41:21,109 INFO  CreateClassResetClassAdapter - Adding bytecode for initializing field SURR2_FIRST
2024-11-12 13:41:21,109 INFO  CreateClassResetClassAdapter - Adding bytecode for initializing field SURR2_LAST
2024-11-12 13:41:21,109 INFO  CreateClassResetClassAdapter - Adding bytecode for initializing field DEFAULT_QUOTE_CHAR
2024-11-12 13:41:21,109 INFO  EvoClassLoader - Defined package (3): package com.ctc.wstx.sw, 1195124713
2024-11-12 13:41:21,109 INFO  EvoClassLoader - Keeping class: com.ctc.wstx.sw.XmlWriter
2024-11-12 13:41:21,110 INFO  EvoClassLoader - Seeing class for first time: com.ctc.wstx.sr.Attribute
2024-11-12 13:41:21,110 INFO  EvoClassLoader - Instrumenting class 'com.ctc.wstx.sr.Attribute'.
2024-11-12 13:41:21,110 INFO  MethodCallReplacementClassAdapter - Adding mock interface to class com/ctc/wstx/sr/Attribute
2024-11-12 13:41:21,110 INFO  CreateClassResetClassAdapter - Creating brand-new static initializer in class com/ctc/wstx/sr/Attribute
2024-11-12 13:41:21,110 INFO  EvoClassLoader - Keeping class: com.ctc.wstx.sr.Attribute
2024-11-12 13:41:21,110 INFO  EvoClassLoader - Seeing class for first time: com.ctc.wstx.sr.ElemAttrs
2024-11-12 13:41:21,110 INFO  EvoClassLoader - Instrumenting class 'com.ctc.wstx.sr.ElemAttrs'.
2024-11-12 13:41:21,110 INFO  MethodCallReplacementClassAdapter - Adding mock interface to class com/ctc/wstx/sr/ElemAttrs
2024-11-12 13:41:21,111 INFO  CreateClassResetClassAdapter - Creating brand-new static initializer in class com/ctc/wstx/sr/ElemAttrs
2024-11-12 13:41:21,111 INFO  CreateClassResetClassAdapter - Adding bytecode for initializing field OFFSET_NS_URI
2024-11-12 13:41:21,111 INFO  EvoClassLoader - Keeping class: com.ctc.wstx.sr.ElemAttrs
2024-11-12 13:41:21,112 INFO  EvoClassLoader - Seeing class for first time: com.ctc.wstx.util.TextBuffer$BufferReader
2024-11-12 13:41:21,112 INFO  EvoClassLoader - Instrumenting class 'com.ctc.wstx.util.TextBuffer$BufferReader'.
2024-11-12 13:41:21,112 INFO  MethodCallReplacementClassAdapter - Adding mock interface to class com/ctc/wstx/util/TextBuffer$BufferReader
2024-11-12 13:41:21,113 INFO  CreateClassResetClassAdapter - Creating brand-new static initializer in class com/ctc/wstx/util/TextBuffer$BufferReader
2024-11-12 13:41:21,113 INFO  EvoClassLoader - Keeping class: com.ctc.wstx.util.TextBuffer$BufferReader
2024-11-12 13:41:21,114 INFO  EvoClassLoader - Seeing class for first time: com.ctc.wstx.sr.Element
2024-11-12 13:41:21,114 INFO  EvoClassLoader - Instrumenting class 'com.ctc.wstx.sr.Element'.
2024-11-12 13:41:21,115 INFO  MethodCallReplacementClassAdapter - Adding mock interface to class com/ctc/wstx/sr/Element
2024-11-12 13:41:21,115 INFO  CreateClassResetClassAdapter - Creating brand-new static initializer in class com/ctc/wstx/sr/Element
2024-11-12 13:41:21,116 INFO  EvoClassLoader - Keeping class: com.ctc.wstx.sr.Element
2024-11-12 13:41:21,116 INFO  EvoClassLoader - Seeing class for first time: org.apache.hadoop.thirdparty.com.google.common.collect.Interners
2024-11-12 13:41:21,116 INFO  EvoClassLoader - Instrumenting class 'org.apache.hadoop.thirdparty.com.google.common.collect.Interners'.
2024-11-12 13:41:21,116 INFO  MethodCallReplacementClassAdapter - Adding mock interface to class org/apache/hadoop/thirdparty/com/google/common/collect/Interners
2024-11-12 13:41:21,117 INFO  CreateClassResetClassAdapter - Creating brand-new static initializer in class org/apache/hadoop/thirdparty/com/google/common/collect/Interners
2024-11-12 13:41:21,117 INFO  EvoClassLoader - Keeping class: org.apache.hadoop.thirdparty.com.google.common.collect.Interners
2024-11-12 13:41:21,117 INFO  EvoClassLoader - Seeing class for first time: org.apache.hadoop.thirdparty.com.google.common.collect.Interner
2024-11-12 13:41:21,117 INFO  EvoClassLoader - Instrumenting class 'org.apache.hadoop.thirdparty.com.google.common.collect.Interner'.
2024-11-12 13:41:21,118 INFO  EvoClassLoader - Keeping class: org.apache.hadoop.thirdparty.com.google.common.collect.Interner
2024-11-12 13:41:21,118 INFO  EvoClassLoader - Seeing class for first time: org.apache.hadoop.thirdparty.com.google.common.collect.Interners$InternerBuilder
2024-11-12 13:41:21,118 INFO  EvoClassLoader - Instrumenting class 'org.apache.hadoop.thirdparty.com.google.common.collect.Interners$InternerBuilder'.
2024-11-12 13:41:21,118 INFO  MethodCallReplacementClassAdapter - Adding mock interface to class org/apache/hadoop/thirdparty/com/google/common/collect/Interners$InternerBuilder
2024-11-12 13:41:21,119 INFO  CreateClassResetClassAdapter - Creating brand-new static initializer in class org/apache/hadoop/thirdparty/com/google/common/collect/Interners$InternerBuilder
2024-11-12 13:41:21,119 INFO  EvoClassLoader - Keeping class: org.apache.hadoop.thirdparty.com.google.common.collect.Interners$InternerBuilder
2024-11-12 13:41:21,119 INFO  EvoClassLoader - Seeing class for first time: org.apache.hadoop.thirdparty.com.google.common.collect.Interners$InternerFunction
2024-11-12 13:41:21,119 INFO  EvoClassLoader - Instrumenting class 'org.apache.hadoop.thirdparty.com.google.common.collect.Interners$InternerFunction'.
2024-11-12 13:41:21,119 INFO  MethodCallReplacementClassAdapter - Adding mock interface to class org/apache/hadoop/thirdparty/com/google/common/collect/Interners$InternerFunction
2024-11-12 13:41:21,119 INFO  CreateClassResetClassAdapter - Creating brand-new static initializer in class org/apache/hadoop/thirdparty/com/google/common/collect/Interners$InternerFunction
2024-11-12 13:41:21,120 INFO  EvoClassLoader - Keeping class: org.apache.hadoop.thirdparty.com.google.common.collect.Interners$InternerFunction
2024-11-12 13:41:21,120 INFO  EvoClassLoader - Seeing class for first time: org.apache.hadoop.thirdparty.com.google.common.collect.Interners$InternerImpl
2024-11-12 13:41:21,120 INFO  EvoClassLoader - Instrumenting class 'org.apache.hadoop.thirdparty.com.google.common.collect.Interners$InternerImpl'.
2024-11-12 13:41:21,120 INFO  MethodCallReplacementClassAdapter - Adding mock interface to class org/apache/hadoop/thirdparty/com/google/common/collect/Interners$InternerImpl
2024-11-12 13:41:21,120 INFO  CreateClassResetClassAdapter - Creating brand-new static initializer in class org/apache/hadoop/thirdparty/com/google/common/collect/Interners$InternerImpl
2024-11-12 13:41:21,121 INFO  EvoClassLoader - Keeping class: org.apache.hadoop.thirdparty.com.google.common.collect.Interners$InternerImpl
2024-11-12 13:41:21,121 INFO  EvoClassLoader - Seeing class for first time: org.apache.hadoop.thirdparty.com.google.common.collect.MapMaker
2024-11-12 13:41:21,121 INFO  EvoClassLoader - Instrumenting class 'org.apache.hadoop.thirdparty.com.google.common.collect.MapMaker'.
2024-11-12 13:41:21,121 INFO  MethodCallReplacementClassAdapter - Adding mock interface to class org/apache/hadoop/thirdparty/com/google/common/collect/MapMaker
2024-11-12 13:41:21,121 INFO  CreateClassResetClassAdapter - Creating brand-new static initializer in class org/apache/hadoop/thirdparty/com/google/common/collect/MapMaker
2024-11-12 13:41:21,121 INFO  CreateClassResetClassAdapter - Adding bytecode for initializing field DEFAULT_INITIAL_CAPACITY
2024-11-12 13:41:21,121 INFO  CreateClassResetClassAdapter - Adding bytecode for initializing field DEFAULT_CONCURRENCY_LEVEL
2024-11-12 13:41:21,121 INFO  CreateClassResetClassAdapter - Adding bytecode for initializing field UNSET_INT
2024-11-12 13:41:21,122 INFO  EvoClassLoader - Keeping class: org.apache.hadoop.thirdparty.com.google.common.collect.MapMaker
2024-11-12 13:41:21,122 INFO  EvoClassLoader - Seeing class for first time: org.apache.hadoop.thirdparty.com.google.common.base.Equivalence
2024-11-12 13:41:21,122 INFO  EvoClassLoader - Instrumenting class 'org.apache.hadoop.thirdparty.com.google.common.base.Equivalence'.
2024-11-12 13:41:21,122 INFO  MethodCallReplacementClassAdapter - Adding mock interface to class org/apache/hadoop/thirdparty/com/google/common/base/Equivalence
2024-11-12 13:41:21,122 INFO  CreateClassResetClassAdapter - Creating brand-new static initializer in class org/apache/hadoop/thirdparty/com/google/common/base/Equivalence
2024-11-12 13:41:21,122 INFO  EvoClassLoader - Keeping class: org.apache.hadoop.thirdparty.com.google.common.base.Equivalence
2024-11-12 13:41:21,123 INFO  EvoClassLoader - Seeing class for first time: org.apache.hadoop.thirdparty.com.google.common.collect.MapMakerInternalMap$Strength
2024-11-12 13:41:21,123 INFO  EvoClassLoader - Instrumenting class 'org.apache.hadoop.thirdparty.com.google.common.collect.MapMakerInternalMap$Strength'.
2024-11-12 13:41:21,123 INFO  MethodCallReplacementClassAdapter - Adding mock interface to class org/apache/hadoop/thirdparty/com/google/common/collect/MapMakerInternalMap$Strength
2024-11-12 13:41:21,123 INFO  CreateClassResetClassAdapter - Found static initializer in class org/apache/hadoop/thirdparty/com/google/common/collect/MapMakerInternalMap$Strength
2024-11-12 13:41:21,123 INFO  EvoClassLoader - Keeping class: org.apache.hadoop.thirdparty.com.google.common.collect.MapMakerInternalMap$Strength
2024-11-12 13:41:21,123 INFO  EvoClassLoader - Seeing class for first time: org.apache.hadoop.thirdparty.com.google.common.base.Equivalence$Equals
2024-11-12 13:41:21,123 INFO  EvoClassLoader - Instrumenting class 'org.apache.hadoop.thirdparty.com.google.common.base.Equivalence$Equals'.
2024-11-12 13:41:21,124 INFO  MethodCallReplacementClassAdapter - Adding mock interface to class org/apache/hadoop/thirdparty/com/google/common/base/Equivalence$Equals
2024-11-12 13:41:21,124 INFO  CreateClassResetClassAdapter - Found static initializer in class org/apache/hadoop/thirdparty/com/google/common/base/Equivalence$Equals
2024-11-12 13:41:21,124 INFO  EvoClassLoader - Keeping class: org.apache.hadoop.thirdparty.com.google.common.base.Equivalence$Equals
2024-11-12 13:41:21,124 INFO  EvoClassLoader - Seeing class for first time: org.apache.hadoop.thirdparty.com.google.common.base.Equivalence$Identity
2024-11-12 13:41:21,124 INFO  EvoClassLoader - Instrumenting class 'org.apache.hadoop.thirdparty.com.google.common.base.Equivalence$Identity'.
2024-11-12 13:41:21,124 INFO  MethodCallReplacementClassAdapter - Adding mock interface to class org/apache/hadoop/thirdparty/com/google/common/base/Equivalence$Identity
2024-11-12 13:41:21,124 INFO  CreateClassResetClassAdapter - Found static initializer in class org/apache/hadoop/thirdparty/com/google/common/base/Equivalence$Identity
2024-11-12 13:41:21,125 INFO  EvoClassLoader - Keeping class: org.apache.hadoop.thirdparty.com.google.common.base.Equivalence$Identity
2024-11-12 13:41:21,125 INFO  EvoClassLoader - Seeing class for first time: org.apache.hadoop.thirdparty.com.google.common.base.PairwiseEquivalence
2024-11-12 13:41:21,125 INFO  EvoClassLoader - Instrumenting class 'org.apache.hadoop.thirdparty.com.google.common.base.PairwiseEquivalence'.
2024-11-12 13:41:21,125 INFO  MethodCallReplacementClassAdapter - Adding mock interface to class org/apache/hadoop/thirdparty/com/google/common/base/PairwiseEquivalence
2024-11-12 13:41:21,125 INFO  CreateClassResetClassAdapter - Creating brand-new static initializer in class org/apache/hadoop/thirdparty/com/google/common/base/PairwiseEquivalence
2024-11-12 13:41:21,125 INFO  EvoClassLoader - Keeping class: org.apache.hadoop.thirdparty.com.google.common.base.PairwiseEquivalence
2024-11-12 13:41:21,126 INFO  EvoClassLoader - Seeing class for first time: org.apache.hadoop.thirdparty.com.google.common.base.FunctionalEquivalence
2024-11-12 13:41:21,126 INFO  EvoClassLoader - Instrumenting class 'org.apache.hadoop.thirdparty.com.google.common.base.FunctionalEquivalence'.
2024-11-12 13:41:21,126 INFO  MethodCallReplacementClassAdapter - Adding mock interface to class org/apache/hadoop/thirdparty/com/google/common/base/FunctionalEquivalence
2024-11-12 13:41:21,126 INFO  CreateClassResetClassAdapter - Creating brand-new static initializer in class org/apache/hadoop/thirdparty/com/google/common/base/FunctionalEquivalence
2024-11-12 13:41:21,126 INFO  EvoClassLoader - Keeping class: org.apache.hadoop.thirdparty.com.google.common.base.FunctionalEquivalence
2024-11-12 13:41:21,126 INFO  EvoClassLoader - Seeing class for first time: org.apache.hadoop.thirdparty.com.google.common.base.Equivalence$Wrapper
2024-11-12 13:41:21,126 INFO  EvoClassLoader - Instrumenting class 'org.apache.hadoop.thirdparty.com.google.common.base.Equivalence$Wrapper'.
2024-11-12 13:41:21,126 INFO  MethodCallReplacementClassAdapter - Adding mock interface to class org/apache/hadoop/thirdparty/com/google/common/base/Equivalence$Wrapper
2024-11-12 13:41:21,126 INFO  CreateClassResetClassAdapter - Creating brand-new static initializer in class org/apache/hadoop/thirdparty/com/google/common/base/Equivalence$Wrapper
2024-11-12 13:41:21,127 INFO  EvoClassLoader - Keeping class: org.apache.hadoop.thirdparty.com.google.common.base.Equivalence$Wrapper
2024-11-12 13:41:21,127 INFO  EvoClassLoader - Seeing class for first time: org.apache.hadoop.thirdparty.com.google.common.collect.MapMakerInternalMap$1
2024-11-12 13:41:21,127 INFO  EvoClassLoader - Instrumenting class 'org.apache.hadoop.thirdparty.com.google.common.collect.MapMakerInternalMap$1'.
2024-11-12 13:41:21,127 INFO  MethodCallReplacementClassAdapter - Adding mock interface to class org/apache/hadoop/thirdparty/com/google/common/collect/MapMakerInternalMap$1
2024-11-12 13:41:21,127 INFO  EvoClassLoader - Seeing class for first time: org.apache.hadoop.thirdparty.com.google.common.collect.MapMakerInternalMap$WeakValueReference
2024-11-12 13:41:21,127 INFO  EvoClassLoader - Instrumenting class 'org.apache.hadoop.thirdparty.com.google.common.collect.MapMakerInternalMap$WeakValueReference'.
2024-11-12 13:41:21,127 INFO  EvoClassLoader - Keeping class: org.apache.hadoop.thirdparty.com.google.common.collect.MapMakerInternalMap$WeakValueReference
2024-11-12 13:41:21,127 INFO  EvoClassLoader - Keeping class: org.apache.hadoop.thirdparty.com.google.common.collect.MapMakerInternalMap$1
2024-11-12 13:41:21,127 INFO  EvoClassLoader - Seeing class for first time: org.apache.hadoop.thirdparty.com.google.common.collect.MapMakerInternalMap
2024-11-12 13:41:21,127 INFO  EvoClassLoader - Instrumenting class 'org.apache.hadoop.thirdparty.com.google.common.collect.MapMakerInternalMap'.
2024-11-12 13:41:21,128 INFO  MethodCallReplacementClassAdapter - Adding mock interface to class org/apache/hadoop/thirdparty/com/google/common/collect/MapMakerInternalMap
2024-11-12 13:41:21,131 INFO  CreateClassResetClassAdapter - Found static initializer in class org/apache/hadoop/thirdparty/com/google/common/collect/MapMakerInternalMap
2024-11-12 13:41:21,132 INFO  EvoClassLoader - Keeping class: org.apache.hadoop.thirdparty.com.google.common.collect.MapMakerInternalMap
2024-11-12 13:41:21,132 INFO  EvoClassLoader - Seeing class for first time: org.apache.hadoop.thirdparty.com.google.common.collect.MapMakerInternalMap$InternalEntryHelper
2024-11-12 13:41:21,132 INFO  EvoClassLoader - Instrumenting class 'org.apache.hadoop.thirdparty.com.google.common.collect.MapMakerInternalMap$InternalEntryHelper'.
2024-11-12 13:41:21,133 INFO  EvoClassLoader - Keeping class: org.apache.hadoop.thirdparty.com.google.common.collect.MapMakerInternalMap$InternalEntryHelper
2024-11-12 13:41:21,134 INFO  EvoClassLoader - Seeing class for first time: org.apache.hadoop.thirdparty.com.google.common.collect.MapMakerInternalMap$InternalEntry
2024-11-12 13:41:21,134 INFO  EvoClassLoader - Instrumenting class 'org.apache.hadoop.thirdparty.com.google.common.collect.MapMakerInternalMap$InternalEntry'.
2024-11-12 13:41:21,135 INFO  EvoClassLoader - Keeping class: org.apache.hadoop.thirdparty.com.google.common.collect.MapMakerInternalMap$InternalEntry
2024-11-12 13:41:21,135 INFO  EvoClassLoader - Seeing class for first time: org.apache.hadoop.thirdparty.com.google.common.collect.MapMakerInternalMap$Segment
2024-11-12 13:41:21,135 INFO  EvoClassLoader - Instrumenting class 'org.apache.hadoop.thirdparty.com.google.common.collect.MapMakerInternalMap$Segment'.
2024-11-12 13:41:21,135 INFO  MethodCallReplacementClassAdapter - Adding mock interface to class org/apache/hadoop/thirdparty/com/google/common/collect/MapMakerInternalMap$Segment
2024-11-12 13:41:21,137 INFO  CreateClassResetClassAdapter - Creating brand-new static initializer in class org/apache/hadoop/thirdparty/com/google/common/collect/MapMakerInternalMap$Segment
2024-11-12 13:41:21,138 INFO  EvoClassLoader - Keeping class: org.apache.hadoop.thirdparty.com.google.common.collect.MapMakerInternalMap$Segment
2024-11-12 13:41:21,138 INFO  EvoClassLoader - Seeing class for first time: org.apache.hadoop.thirdparty.com.google.common.collect.MapMakerInternalMap$SerializationProxy
2024-11-12 13:41:21,138 INFO  EvoClassLoader - Instrumenting class 'org.apache.hadoop.thirdparty.com.google.common.collect.MapMakerInternalMap$SerializationProxy'.
2024-11-12 13:41:21,138 INFO  MethodCallReplacementClassAdapter - Adding mock interface to class org/apache/hadoop/thirdparty/com/google/common/collect/MapMakerInternalMap$SerializationProxy
2024-11-12 13:41:21,139 INFO  CreateClassResetClassAdapter - Creating brand-new static initializer in class org/apache/hadoop/thirdparty/com/google/common/collect/MapMakerInternalMap$SerializationProxy
2024-11-12 13:41:21,139 INFO  EvoClassLoader - Seeing class for first time: org.apache.hadoop.thirdparty.com.google.common.collect.MapMakerInternalMap$AbstractSerializationProxy
2024-11-12 13:41:21,139 INFO  EvoClassLoader - Instrumenting class 'org.apache.hadoop.thirdparty.com.google.common.collect.MapMakerInternalMap$AbstractSerializationProxy'.
2024-11-12 13:41:21,139 INFO  MethodCallReplacementClassAdapter - Adding mock interface to class org/apache/hadoop/thirdparty/com/google/common/collect/MapMakerInternalMap$AbstractSerializationProxy
2024-11-12 13:41:21,140 INFO  CreateClassResetClassAdapter - Creating brand-new static initializer in class org/apache/hadoop/thirdparty/com/google/common/collect/MapMakerInternalMap$AbstractSerializationProxy
2024-11-12 13:41:21,140 INFO  EvoClassLoader - Seeing class for first time: org.apache.hadoop.thirdparty.com.google.common.collect.ForwardingConcurrentMap
2024-11-12 13:41:21,140 INFO  EvoClassLoader - Instrumenting class 'org.apache.hadoop.thirdparty.com.google.common.collect.ForwardingConcurrentMap'.
2024-11-12 13:41:21,140 INFO  MethodCallReplacementClassAdapter - Adding mock interface to class org/apache/hadoop/thirdparty/com/google/common/collect/ForwardingConcurrentMap
2024-11-12 13:41:21,140 INFO  CreateClassResetClassAdapter - Creating brand-new static initializer in class org/apache/hadoop/thirdparty/com/google/common/collect/ForwardingConcurrentMap
2024-11-12 13:41:21,140 INFO  EvoClassLoader - Seeing class for first time: org.apache.hadoop.thirdparty.com.google.common.collect.ForwardingMap
2024-11-12 13:41:21,140 INFO  EvoClassLoader - Instrumenting class 'org.apache.hadoop.thirdparty.com.google.common.collect.ForwardingMap'.
2024-11-12 13:41:21,141 INFO  MethodCallReplacementClassAdapter - Adding mock interface to class org/apache/hadoop/thirdparty/com/google/common/collect/ForwardingMap
2024-11-12 13:41:21,141 INFO  CreateClassResetClassAdapter - Creating brand-new static initializer in class org/apache/hadoop/thirdparty/com/google/common/collect/ForwardingMap
2024-11-12 13:41:21,141 INFO  EvoClassLoader - Seeing class for first time: org.apache.hadoop.thirdparty.com.google.common.collect.ForwardingObject
2024-11-12 13:41:21,141 INFO  EvoClassLoader - Instrumenting class 'org.apache.hadoop.thirdparty.com.google.common.collect.ForwardingObject'.
2024-11-12 13:41:21,142 INFO  MethodCallReplacementClassAdapter - Adding mock interface to class org/apache/hadoop/thirdparty/com/google/common/collect/ForwardingObject
2024-11-12 13:41:21,142 INFO  CreateClassResetClassAdapter - Creating brand-new static initializer in class org/apache/hadoop/thirdparty/com/google/common/collect/ForwardingObject
2024-11-12 13:41:21,142 INFO  EvoClassLoader - Keeping class: org.apache.hadoop.thirdparty.com.google.common.collect.ForwardingObject
2024-11-12 13:41:21,142 INFO  EvoClassLoader - Keeping class: org.apache.hadoop.thirdparty.com.google.common.collect.ForwardingMap
2024-11-12 13:41:21,142 INFO  EvoClassLoader - Keeping class: org.apache.hadoop.thirdparty.com.google.common.collect.ForwardingConcurrentMap
2024-11-12 13:41:21,142 INFO  EvoClassLoader - Keeping class: org.apache.hadoop.thirdparty.com.google.common.collect.MapMakerInternalMap$AbstractSerializationProxy
2024-11-12 13:41:21,142 INFO  EvoClassLoader - Keeping class: org.apache.hadoop.thirdparty.com.google.common.collect.MapMakerInternalMap$SerializationProxy
2024-11-12 13:41:21,142 INFO  EvoClassLoader - Seeing class for first time: org.apache.hadoop.thirdparty.com.google.common.collect.MapMakerInternalMap$SafeToArraySet
2024-11-12 13:41:21,142 INFO  EvoClassLoader - Instrumenting class 'org.apache.hadoop.thirdparty.com.google.common.collect.MapMakerInternalMap$SafeToArraySet'.
2024-11-12 13:41:21,142 INFO  MethodCallReplacementClassAdapter - Adding mock interface to class org/apache/hadoop/thirdparty/com/google/common/collect/MapMakerInternalMap$SafeToArraySet
2024-11-12 13:41:21,142 INFO  CreateClassResetClassAdapter - Creating brand-new static initializer in class org/apache/hadoop/thirdparty/com/google/common/collect/MapMakerInternalMap$SafeToArraySet
2024-11-12 13:41:21,143 INFO  EvoClassLoader - Keeping class: org.apache.hadoop.thirdparty.com.google.common.collect.MapMakerInternalMap$SafeToArraySet
2024-11-12 13:41:21,143 INFO  EvoClassLoader - Seeing class for first time: org.apache.hadoop.thirdparty.com.google.common.collect.MapMakerInternalMap$EntrySet
2024-11-12 13:41:21,143 INFO  EvoClassLoader - Instrumenting class 'org.apache.hadoop.thirdparty.com.google.common.collect.MapMakerInternalMap$EntrySet'.
2024-11-12 13:41:21,143 INFO  MethodCallReplacementClassAdapter - Adding mock interface to class org/apache/hadoop/thirdparty/com/google/common/collect/MapMakerInternalMap$EntrySet
2024-11-12 13:41:21,143 INFO  CreateClassResetClassAdapter - Creating brand-new static initializer in class org/apache/hadoop/thirdparty/com/google/common/collect/MapMakerInternalMap$EntrySet
2024-11-12 13:41:21,143 INFO  EvoClassLoader - Keeping class: org.apache.hadoop.thirdparty.com.google.common.collect.MapMakerInternalMap$EntrySet
2024-11-12 13:41:21,143 INFO  EvoClassLoader - Seeing class for first time: org.apache.hadoop.thirdparty.com.google.common.collect.MapMakerInternalMap$Values
2024-11-12 13:41:21,143 INFO  EvoClassLoader - Instrumenting class 'org.apache.hadoop.thirdparty.com.google.common.collect.MapMakerInternalMap$Values'.
2024-11-12 13:41:21,143 INFO  MethodCallReplacementClassAdapter - Adding mock interface to class org/apache/hadoop/thirdparty/com/google/common/collect/MapMakerInternalMap$Values
2024-11-12 13:41:21,144 INFO  CreateClassResetClassAdapter - Creating brand-new static initializer in class org/apache/hadoop/thirdparty/com/google/common/collect/MapMakerInternalMap$Values
2024-11-12 13:41:21,144 INFO  EvoClassLoader - Keeping class: org.apache.hadoop.thirdparty.com.google.common.collect.MapMakerInternalMap$Values
2024-11-12 13:41:21,144 INFO  EvoClassLoader - Seeing class for first time: org.apache.hadoop.thirdparty.com.google.common.collect.MapMakerInternalMap$KeySet
2024-11-12 13:41:21,144 INFO  EvoClassLoader - Instrumenting class 'org.apache.hadoop.thirdparty.com.google.common.collect.MapMakerInternalMap$KeySet'.
2024-11-12 13:41:21,144 INFO  MethodCallReplacementClassAdapter - Adding mock interface to class org/apache/hadoop/thirdparty/com/google/common/collect/MapMakerInternalMap$KeySet
2024-11-12 13:41:21,144 INFO  CreateClassResetClassAdapter - Creating brand-new static initializer in class org/apache/hadoop/thirdparty/com/google/common/collect/MapMakerInternalMap$KeySet
2024-11-12 13:41:21,144 INFO  EvoClassLoader - Keeping class: org.apache.hadoop.thirdparty.com.google.common.collect.MapMakerInternalMap$KeySet
2024-11-12 13:41:21,144 INFO  EvoClassLoader - Seeing class for first time: org.apache.hadoop.thirdparty.com.google.common.collect.MapMakerInternalMap$EntryIterator
2024-11-12 13:41:21,144 INFO  EvoClassLoader - Instrumenting class 'org.apache.hadoop.thirdparty.com.google.common.collect.MapMakerInternalMap$EntryIterator'.
2024-11-12 13:41:21,144 INFO  MethodCallReplacementClassAdapter - Adding mock interface to class org/apache/hadoop/thirdparty/com/google/common/collect/MapMakerInternalMap$EntryIterator
2024-11-12 13:41:21,145 INFO  CreateClassResetClassAdapter - Creating brand-new static initializer in class org/apache/hadoop/thirdparty/com/google/common/collect/MapMakerInternalMap$EntryIterator
2024-11-12 13:41:21,145 INFO  EvoClassLoader - Seeing class for first time: org.apache.hadoop.thirdparty.com.google.common.collect.MapMakerInternalMap$HashIterator
2024-11-12 13:41:21,145 INFO  EvoClassLoader - Instrumenting class 'org.apache.hadoop.thirdparty.com.google.common.collect.MapMakerInternalMap$HashIterator'.
2024-11-12 13:41:21,145 INFO  MethodCallReplacementClassAdapter - Adding mock interface to class org/apache/hadoop/thirdparty/com/google/common/collect/MapMakerInternalMap$HashIterator
2024-11-12 13:41:21,145 INFO  CreateClassResetClassAdapter - Creating brand-new static initializer in class org/apache/hadoop/thirdparty/com/google/common/collect/MapMakerInternalMap$HashIterator
2024-11-12 13:41:21,146 INFO  EvoClassLoader - Keeping class: org.apache.hadoop.thirdparty.com.google.common.collect.MapMakerInternalMap$HashIterator
2024-11-12 13:41:21,146 INFO  EvoClassLoader - Keeping class: org.apache.hadoop.thirdparty.com.google.common.collect.MapMakerInternalMap$EntryIterator
2024-11-12 13:41:21,146 INFO  EvoClassLoader - Seeing class for first time: org.apache.hadoop.thirdparty.com.google.common.collect.MapMakerInternalMap$WriteThroughEntry
2024-11-12 13:41:21,146 INFO  EvoClassLoader - Instrumenting class 'org.apache.hadoop.thirdparty.com.google.common.collect.MapMakerInternalMap$WriteThroughEntry'.
2024-11-12 13:41:21,146 INFO  MethodCallReplacementClassAdapter - Adding mock interface to class org/apache/hadoop/thirdparty/com/google/common/collect/MapMakerInternalMap$WriteThroughEntry
2024-11-12 13:41:21,146 INFO  CreateClassResetClassAdapter - Creating brand-new static initializer in class org/apache/hadoop/thirdparty/com/google/common/collect/MapMakerInternalMap$WriteThroughEntry
2024-11-12 13:41:21,147 INFO  EvoClassLoader - Seeing class for first time: org.apache.hadoop.thirdparty.com.google.common.collect.AbstractMapEntry
2024-11-12 13:41:21,147 INFO  EvoClassLoader - Instrumenting class 'org.apache.hadoop.thirdparty.com.google.common.collect.AbstractMapEntry'.
2024-11-12 13:41:21,147 INFO  MethodCallReplacementClassAdapter - Adding mock interface to class org/apache/hadoop/thirdparty/com/google/common/collect/AbstractMapEntry
2024-11-12 13:41:21,147 INFO  CreateClassResetClassAdapter - Creating brand-new static initializer in class org/apache/hadoop/thirdparty/com/google/common/collect/AbstractMapEntry
2024-11-12 13:41:21,147 INFO  EvoClassLoader - Keeping class: org.apache.hadoop.thirdparty.com.google.common.collect.AbstractMapEntry
2024-11-12 13:41:21,147 INFO  EvoClassLoader - Keeping class: org.apache.hadoop.thirdparty.com.google.common.collect.MapMakerInternalMap$WriteThroughEntry
2024-11-12 13:41:21,147 INFO  EvoClassLoader - Seeing class for first time: org.apache.hadoop.thirdparty.com.google.common.collect.MapMakerInternalMap$ValueIterator
2024-11-12 13:41:21,147 INFO  EvoClassLoader - Instrumenting class 'org.apache.hadoop.thirdparty.com.google.common.collect.MapMakerInternalMap$ValueIterator'.
2024-11-12 13:41:21,147 INFO  MethodCallReplacementClassAdapter - Adding mock interface to class org/apache/hadoop/thirdparty/com/google/common/collect/MapMakerInternalMap$ValueIterator
2024-11-12 13:41:21,148 INFO  CreateClassResetClassAdapter - Creating brand-new static initializer in class org/apache/hadoop/thirdparty/com/google/common/collect/MapMakerInternalMap$ValueIterator
2024-11-12 13:41:21,148 INFO  EvoClassLoader - Keeping class: org.apache.hadoop.thirdparty.com.google.common.collect.MapMakerInternalMap$ValueIterator
2024-11-12 13:41:21,148 INFO  EvoClassLoader - Seeing class for first time: org.apache.hadoop.thirdparty.com.google.common.collect.MapMakerInternalMap$KeyIterator
2024-11-12 13:41:21,148 INFO  EvoClassLoader - Instrumenting class 'org.apache.hadoop.thirdparty.com.google.common.collect.MapMakerInternalMap$KeyIterator'.
2024-11-12 13:41:21,148 INFO  MethodCallReplacementClassAdapter - Adding mock interface to class org/apache/hadoop/thirdparty/com/google/common/collect/MapMakerInternalMap$KeyIterator
2024-11-12 13:41:21,148 INFO  CreateClassResetClassAdapter - Creating brand-new static initializer in class org/apache/hadoop/thirdparty/com/google/common/collect/MapMakerInternalMap$KeyIterator
2024-11-12 13:41:21,148 INFO  EvoClassLoader - Keeping class: org.apache.hadoop.thirdparty.com.google.common.collect.MapMakerInternalMap$KeyIterator
2024-11-12 13:41:21,149 INFO  EvoClassLoader - Seeing class for first time: org.apache.hadoop.thirdparty.com.google.common.collect.MapMakerInternalMap$CleanupMapTask
2024-11-12 13:41:21,149 INFO  EvoClassLoader - Instrumenting class 'org.apache.hadoop.thirdparty.com.google.common.collect.MapMakerInternalMap$CleanupMapTask'.
2024-11-12 13:41:21,149 INFO  MethodCallReplacementClassAdapter - Adding mock interface to class org/apache/hadoop/thirdparty/com/google/common/collect/MapMakerInternalMap$CleanupMapTask
2024-11-12 13:41:21,149 INFO  CreateClassResetClassAdapter - Creating brand-new static initializer in class org/apache/hadoop/thirdparty/com/google/common/collect/MapMakerInternalMap$CleanupMapTask
2024-11-12 13:41:21,149 INFO  EvoClassLoader - Keeping class: org.apache.hadoop.thirdparty.com.google.common.collect.MapMakerInternalMap$CleanupMapTask
2024-11-12 13:41:21,149 INFO  EvoClassLoader - Seeing class for first time: org.apache.hadoop.thirdparty.com.google.common.collect.MapMakerInternalMap$WeakKeyDummyValueSegment
2024-11-12 13:41:21,149 INFO  EvoClassLoader - Instrumenting class 'org.apache.hadoop.thirdparty.com.google.common.collect.MapMakerInternalMap$WeakKeyDummyValueSegment'.
2024-11-12 13:41:21,149 INFO  MethodCallReplacementClassAdapter - Adding mock interface to class org/apache/hadoop/thirdparty/com/google/common/collect/MapMakerInternalMap$WeakKeyDummyValueSegment
2024-11-12 13:41:21,149 INFO  CreateClassResetClassAdapter - Creating brand-new static initializer in class org/apache/hadoop/thirdparty/com/google/common/collect/MapMakerInternalMap$WeakKeyDummyValueSegment
2024-11-12 13:41:21,150 INFO  EvoClassLoader - Keeping class: org.apache.hadoop.thirdparty.com.google.common.collect.MapMakerInternalMap$WeakKeyDummyValueSegment
2024-11-12 13:41:21,150 INFO  EvoClassLoader - Seeing class for first time: org.apache.hadoop.thirdparty.com.google.common.collect.MapMakerInternalMap$WeakKeyWeakValueSegment
2024-11-12 13:41:21,150 INFO  EvoClassLoader - Instrumenting class 'org.apache.hadoop.thirdparty.com.google.common.collect.MapMakerInternalMap$WeakKeyWeakValueSegment'.
2024-11-12 13:41:21,150 INFO  MethodCallReplacementClassAdapter - Adding mock interface to class org/apache/hadoop/thirdparty/com/google/common/collect/MapMakerInternalMap$WeakKeyWeakValueSegment
2024-11-12 13:41:21,150 INFO  CreateClassResetClassAdapter - Creating brand-new static initializer in class org/apache/hadoop/thirdparty/com/google/common/collect/MapMakerInternalMap$WeakKeyWeakValueSegment
2024-11-12 13:41:21,150 INFO  EvoClassLoader - Keeping class: org.apache.hadoop.thirdparty.com.google.common.collect.MapMakerInternalMap$WeakKeyWeakValueSegment
2024-11-12 13:41:21,150 INFO  EvoClassLoader - Seeing class for first time: org.apache.hadoop.thirdparty.com.google.common.collect.MapMakerInternalMap$WeakKeyStrongValueSegment
2024-11-12 13:41:21,150 INFO  EvoClassLoader - Instrumenting class 'org.apache.hadoop.thirdparty.com.google.common.collect.MapMakerInternalMap$WeakKeyStrongValueSegment'.
2024-11-12 13:41:21,151 INFO  MethodCallReplacementClassAdapter - Adding mock interface to class org/apache/hadoop/thirdparty/com/google/common/collect/MapMakerInternalMap$WeakKeyStrongValueSegment
2024-11-12 13:41:21,151 INFO  CreateClassResetClassAdapter - Creating brand-new static initializer in class org/apache/hadoop/thirdparty/com/google/common/collect/MapMakerInternalMap$WeakKeyStrongValueSegment
2024-11-12 13:41:21,151 INFO  EvoClassLoader - Keeping class: org.apache.hadoop.thirdparty.com.google.common.collect.MapMakerInternalMap$WeakKeyStrongValueSegment
2024-11-12 13:41:21,151 INFO  EvoClassLoader - Seeing class for first time: org.apache.hadoop.thirdparty.com.google.common.collect.MapMakerInternalMap$StrongKeyDummyValueSegment
2024-11-12 13:41:21,151 INFO  EvoClassLoader - Instrumenting class 'org.apache.hadoop.thirdparty.com.google.common.collect.MapMakerInternalMap$StrongKeyDummyValueSegment'.
2024-11-12 13:41:21,151 INFO  MethodCallReplacementClassAdapter - Adding mock interface to class org/apache/hadoop/thirdparty/com/google/common/collect/MapMakerInternalMap$StrongKeyDummyValueSegment
2024-11-12 13:41:21,151 INFO  CreateClassResetClassAdapter - Creating brand-new static initializer in class org/apache/hadoop/thirdparty/com/google/common/collect/MapMakerInternalMap$StrongKeyDummyValueSegment
2024-11-12 13:41:21,152 INFO  EvoClassLoader - Keeping class: org.apache.hadoop.thirdparty.com.google.common.collect.MapMakerInternalMap$StrongKeyDummyValueSegment
2024-11-12 13:41:21,152 INFO  EvoClassLoader - Seeing class for first time: org.apache.hadoop.thirdparty.com.google.common.collect.MapMakerInternalMap$StrongKeyWeakValueSegment
2024-11-12 13:41:21,152 INFO  EvoClassLoader - Instrumenting class 'org.apache.hadoop.thirdparty.com.google.common.collect.MapMakerInternalMap$StrongKeyWeakValueSegment'.
2024-11-12 13:41:21,152 INFO  MethodCallReplacementClassAdapter - Adding mock interface to class org/apache/hadoop/thirdparty/com/google/common/collect/MapMakerInternalMap$StrongKeyWeakValueSegment
2024-11-12 13:41:21,153 INFO  CreateClassResetClassAdapter - Creating brand-new static initializer in class org/apache/hadoop/thirdparty/com/google/common/collect/MapMakerInternalMap$StrongKeyWeakValueSegment
2024-11-12 13:41:21,154 INFO  EvoClassLoader - Keeping class: org.apache.hadoop.thirdparty.com.google.common.collect.MapMakerInternalMap$StrongKeyWeakValueSegment
2024-11-12 13:41:21,154 INFO  EvoClassLoader - Seeing class for first time: org.apache.hadoop.thirdparty.com.google.common.collect.MapMakerInternalMap$StrongKeyStrongValueSegment
2024-11-12 13:41:21,154 INFO  EvoClassLoader - Instrumenting class 'org.apache.hadoop.thirdparty.com.google.common.collect.MapMakerInternalMap$StrongKeyStrongValueSegment'.
2024-11-12 13:41:21,154 INFO  MethodCallReplacementClassAdapter - Adding mock interface to class org/apache/hadoop/thirdparty/com/google/common/collect/MapMakerInternalMap$StrongKeyStrongValueSegment
2024-11-12 13:41:21,155 INFO  CreateClassResetClassAdapter - Creating brand-new static initializer in class org/apache/hadoop/thirdparty/com/google/common/collect/MapMakerInternalMap$StrongKeyStrongValueSegment
2024-11-12 13:41:21,155 INFO  EvoClassLoader - Keeping class: org.apache.hadoop.thirdparty.com.google.common.collect.MapMakerInternalMap$StrongKeyStrongValueSegment
2024-11-12 13:41:21,155 INFO  EvoClassLoader - Seeing class for first time: org.apache.hadoop.thirdparty.com.google.common.collect.MapMakerInternalMap$WeakValueReferenceImpl
2024-11-12 13:41:21,155 INFO  EvoClassLoader - Instrumenting class 'org.apache.hadoop.thirdparty.com.google.common.collect.MapMakerInternalMap$WeakValueReferenceImpl'.
2024-11-12 13:41:21,155 INFO  MethodCallReplacementClassAdapter - Adding mock interface to class org/apache/hadoop/thirdparty/com/google/common/collect/MapMakerInternalMap$WeakValueReferenceImpl
2024-11-12 13:41:21,156 INFO  CreateClassResetClassAdapter - Creating brand-new static initializer in class org/apache/hadoop/thirdparty/com/google/common/collect/MapMakerInternalMap$WeakValueReferenceImpl
2024-11-12 13:41:21,156 INFO  EvoClassLoader - Keeping class: org.apache.hadoop.thirdparty.com.google.common.collect.MapMakerInternalMap$WeakValueReferenceImpl
2024-11-12 13:41:21,156 INFO  EvoClassLoader - Seeing class for first time: org.apache.hadoop.thirdparty.com.google.common.collect.MapMakerInternalMap$DummyInternalEntry
2024-11-12 13:41:21,156 INFO  EvoClassLoader - Instrumenting class 'org.apache.hadoop.thirdparty.com.google.common.collect.MapMakerInternalMap$DummyInternalEntry'.
2024-11-12 13:41:21,156 INFO  MethodCallReplacementClassAdapter - Adding mock interface to class org/apache/hadoop/thirdparty/com/google/common/collect/MapMakerInternalMap$DummyInternalEntry
2024-11-12 13:41:21,156 INFO  CreateClassResetClassAdapter - Creating brand-new static initializer in class org/apache/hadoop/thirdparty/com/google/common/collect/MapMakerInternalMap$DummyInternalEntry
2024-11-12 13:41:21,156 INFO  EvoClassLoader - Keeping class: org.apache.hadoop.thirdparty.com.google.common.collect.MapMakerInternalMap$DummyInternalEntry
2024-11-12 13:41:21,156 INFO  EvoClassLoader - Seeing class for first time: org.apache.hadoop.thirdparty.com.google.common.collect.MapMakerInternalMap$WeakKeyWeakValueEntry
2024-11-12 13:41:21,156 INFO  EvoClassLoader - Instrumenting class 'org.apache.hadoop.thirdparty.com.google.common.collect.MapMakerInternalMap$WeakKeyWeakValueEntry'.
2024-11-12 13:41:21,156 INFO  MethodCallReplacementClassAdapter - Adding mock interface to class org/apache/hadoop/thirdparty/com/google/common/collect/MapMakerInternalMap$WeakKeyWeakValueEntry
2024-11-12 13:41:21,156 INFO  CreateClassResetClassAdapter - Creating brand-new static initializer in class org/apache/hadoop/thirdparty/com/google/common/collect/MapMakerInternalMap$WeakKeyWeakValueEntry
2024-11-12 13:41:21,157 INFO  EvoClassLoader - Seeing class for first time: org.apache.hadoop.thirdparty.com.google.common.collect.MapMakerInternalMap$WeakValueEntry
2024-11-12 13:41:21,157 INFO  EvoClassLoader - Instrumenting class 'org.apache.hadoop.thirdparty.com.google.common.collect.MapMakerInternalMap$WeakValueEntry'.
2024-11-12 13:41:21,157 INFO  EvoClassLoader - Keeping class: org.apache.hadoop.thirdparty.com.google.common.collect.MapMakerInternalMap$WeakValueEntry
2024-11-12 13:41:21,157 INFO  EvoClassLoader - Seeing class for first time: org.apache.hadoop.thirdparty.com.google.common.collect.MapMakerInternalMap$AbstractWeakKeyEntry
2024-11-12 13:41:21,157 INFO  EvoClassLoader - Instrumenting class 'org.apache.hadoop.thirdparty.com.google.common.collect.MapMakerInternalMap$AbstractWeakKeyEntry'.
2024-11-12 13:41:21,157 INFO  MethodCallReplacementClassAdapter - Adding mock interface to class org/apache/hadoop/thirdparty/com/google/common/collect/MapMakerInternalMap$AbstractWeakKeyEntry
2024-11-12 13:41:21,157 INFO  CreateClassResetClassAdapter - Creating brand-new static initializer in class org/apache/hadoop/thirdparty/com/google/common/collect/MapMakerInternalMap$AbstractWeakKeyEntry
2024-11-12 13:41:21,157 INFO  EvoClassLoader - Keeping class: org.apache.hadoop.thirdparty.com.google.common.collect.MapMakerInternalMap$AbstractWeakKeyEntry
2024-11-12 13:41:21,157 INFO  EvoClassLoader - Keeping class: org.apache.hadoop.thirdparty.com.google.common.collect.MapMakerInternalMap$WeakKeyWeakValueEntry
2024-11-12 13:41:21,157 INFO  EvoClassLoader - Seeing class for first time: org.apache.hadoop.thirdparty.com.google.common.collect.MapMakerInternalMap$WeakKeyStrongValueEntry
2024-11-12 13:41:21,157 INFO  EvoClassLoader - Instrumenting class 'org.apache.hadoop.thirdparty.com.google.common.collect.MapMakerInternalMap$WeakKeyStrongValueEntry'.
2024-11-12 13:41:21,157 INFO  MethodCallReplacementClassAdapter - Adding mock interface to class org/apache/hadoop/thirdparty/com/google/common/collect/MapMakerInternalMap$WeakKeyStrongValueEntry
2024-11-12 13:41:21,158 INFO  CreateClassResetClassAdapter - Creating brand-new static initializer in class org/apache/hadoop/thirdparty/com/google/common/collect/MapMakerInternalMap$WeakKeyStrongValueEntry
2024-11-12 13:41:21,158 INFO  EvoClassLoader - Seeing class for first time: org.apache.hadoop.thirdparty.com.google.common.collect.MapMakerInternalMap$StrongValueEntry
2024-11-12 13:41:21,158 INFO  EvoClassLoader - Instrumenting class 'org.apache.hadoop.thirdparty.com.google.common.collect.MapMakerInternalMap$StrongValueEntry'.
2024-11-12 13:41:21,158 INFO  EvoClassLoader - Keeping class: org.apache.hadoop.thirdparty.com.google.common.collect.MapMakerInternalMap$StrongValueEntry
2024-11-12 13:41:21,158 INFO  EvoClassLoader - Keeping class: org.apache.hadoop.thirdparty.com.google.common.collect.MapMakerInternalMap$WeakKeyStrongValueEntry
2024-11-12 13:41:21,158 INFO  EvoClassLoader - Seeing class for first time: org.apache.hadoop.thirdparty.com.google.common.collect.MapMakerInternalMap$WeakKeyDummyValueEntry
2024-11-12 13:41:21,158 INFO  EvoClassLoader - Instrumenting class 'org.apache.hadoop.thirdparty.com.google.common.collect.MapMakerInternalMap$WeakKeyDummyValueEntry'.
2024-11-12 13:41:21,158 INFO  MethodCallReplacementClassAdapter - Adding mock interface to class org/apache/hadoop/thirdparty/com/google/common/collect/MapMakerInternalMap$WeakKeyDummyValueEntry
2024-11-12 13:41:21,158 INFO  CreateClassResetClassAdapter - Creating brand-new static initializer in class org/apache/hadoop/thirdparty/com/google/common/collect/MapMakerInternalMap$WeakKeyDummyValueEntry
2024-11-12 13:41:21,158 INFO  EvoClassLoader - Keeping class: org.apache.hadoop.thirdparty.com.google.common.collect.MapMakerInternalMap$WeakKeyDummyValueEntry
2024-11-12 13:41:21,158 INFO  EvoClassLoader - Seeing class for first time: org.apache.hadoop.thirdparty.com.google.common.collect.MapMakerInternalMap$StrongKeyDummyValueEntry
2024-11-12 13:41:21,158 INFO  EvoClassLoader - Instrumenting class 'org.apache.hadoop.thirdparty.com.google.common.collect.MapMakerInternalMap$StrongKeyDummyValueEntry'.
2024-11-12 13:41:21,159 INFO  MethodCallReplacementClassAdapter - Adding mock interface to class org/apache/hadoop/thirdparty/com/google/common/collect/MapMakerInternalMap$StrongKeyDummyValueEntry
2024-11-12 13:41:21,159 INFO  CreateClassResetClassAdapter - Creating brand-new static initializer in class org/apache/hadoop/thirdparty/com/google/common/collect/MapMakerInternalMap$StrongKeyDummyValueEntry
2024-11-12 13:41:21,159 INFO  EvoClassLoader - Seeing class for first time: org.apache.hadoop.thirdparty.com.google.common.collect.MapMakerInternalMap$AbstractStrongKeyEntry
2024-11-12 13:41:21,159 INFO  EvoClassLoader - Instrumenting class 'org.apache.hadoop.thirdparty.com.google.common.collect.MapMakerInternalMap$AbstractStrongKeyEntry'.
2024-11-12 13:41:21,159 INFO  MethodCallReplacementClassAdapter - Adding mock interface to class org/apache/hadoop/thirdparty/com/google/common/collect/MapMakerInternalMap$AbstractStrongKeyEntry
2024-11-12 13:41:21,159 INFO  CreateClassResetClassAdapter - Creating brand-new static initializer in class org/apache/hadoop/thirdparty/com/google/common/collect/MapMakerInternalMap$AbstractStrongKeyEntry
2024-11-12 13:41:21,159 INFO  EvoClassLoader - Keeping class: org.apache.hadoop.thirdparty.com.google.common.collect.MapMakerInternalMap$AbstractStrongKeyEntry
2024-11-12 13:41:21,159 INFO  EvoClassLoader - Keeping class: org.apache.hadoop.thirdparty.com.google.common.collect.MapMakerInternalMap$StrongKeyDummyValueEntry
2024-11-12 13:41:21,159 INFO  EvoClassLoader - Seeing class for first time: org.apache.hadoop.thirdparty.com.google.common.collect.MapMakerInternalMap$StrongKeyWeakValueEntry
2024-11-12 13:41:21,159 INFO  EvoClassLoader - Instrumenting class 'org.apache.hadoop.thirdparty.com.google.common.collect.MapMakerInternalMap$StrongKeyWeakValueEntry'.
2024-11-12 13:41:21,159 INFO  MethodCallReplacementClassAdapter - Adding mock interface to class org/apache/hadoop/thirdparty/com/google/common/collect/MapMakerInternalMap$StrongKeyWeakValueEntry
2024-11-12 13:41:21,159 INFO  CreateClassResetClassAdapter - Creating brand-new static initializer in class org/apache/hadoop/thirdparty/com/google/common/collect/MapMakerInternalMap$StrongKeyWeakValueEntry
2024-11-12 13:41:21,160 INFO  EvoClassLoader - Keeping class: org.apache.hadoop.thirdparty.com.google.common.collect.MapMakerInternalMap$StrongKeyWeakValueEntry
2024-11-12 13:41:21,160 INFO  EvoClassLoader - Seeing class for first time: org.apache.hadoop.thirdparty.com.google.common.collect.MapMakerInternalMap$StrongKeyStrongValueEntry
2024-11-12 13:41:21,160 INFO  EvoClassLoader - Instrumenting class 'org.apache.hadoop.thirdparty.com.google.common.collect.MapMakerInternalMap$StrongKeyStrongValueEntry'.
2024-11-12 13:41:21,160 INFO  MethodCallReplacementClassAdapter - Adding mock interface to class org/apache/hadoop/thirdparty/com/google/common/collect/MapMakerInternalMap$StrongKeyStrongValueEntry
2024-11-12 13:41:21,160 INFO  CreateClassResetClassAdapter - Creating brand-new static initializer in class org/apache/hadoop/thirdparty/com/google/common/collect/MapMakerInternalMap$StrongKeyStrongValueEntry
2024-11-12 13:41:21,160 INFO  EvoClassLoader - Keeping class: org.apache.hadoop.thirdparty.com.google.common.collect.MapMakerInternalMap$StrongKeyStrongValueEntry
2024-11-12 13:41:21,160 INFO  EvoClassLoader - Seeing class for first time: org.apache.hadoop.thirdparty.com.google.common.collect.MapMakerInternalMap$Strength$1
2024-11-12 13:41:21,160 INFO  EvoClassLoader - Instrumenting class 'org.apache.hadoop.thirdparty.com.google.common.collect.MapMakerInternalMap$Strength$1'.
2024-11-12 13:41:21,160 INFO  MethodCallReplacementClassAdapter - Adding mock interface to class org/apache/hadoop/thirdparty/com/google/common/collect/MapMakerInternalMap$Strength$1
2024-11-12 13:41:21,161 INFO  EvoClassLoader - Keeping class: org.apache.hadoop.thirdparty.com.google.common.collect.MapMakerInternalMap$Strength$1
2024-11-12 13:41:21,161 INFO  EvoClassLoader - Seeing class for first time: org.apache.hadoop.thirdparty.com.google.common.collect.MapMakerInternalMap$Strength$2
2024-11-12 13:41:21,161 INFO  EvoClassLoader - Instrumenting class 'org.apache.hadoop.thirdparty.com.google.common.collect.MapMakerInternalMap$Strength$2'.
2024-11-12 13:41:21,161 INFO  MethodCallReplacementClassAdapter - Adding mock interface to class org/apache/hadoop/thirdparty/com/google/common/collect/MapMakerInternalMap$Strength$2
2024-11-12 13:41:21,161 INFO  EvoClassLoader - Keeping class: org.apache.hadoop.thirdparty.com.google.common.collect.MapMakerInternalMap$Strength$2
2024-11-12 13:41:21,162 INFO  EvoClassLoader - Seeing class for first time: org.apache.hadoop.thirdparty.com.google.common.base.MoreObjects
2024-11-12 13:41:21,162 INFO  EvoClassLoader - Instrumenting class 'org.apache.hadoop.thirdparty.com.google.common.base.MoreObjects'.
2024-11-12 13:41:21,162 INFO  MethodCallReplacementClassAdapter - Adding mock interface to class org/apache/hadoop/thirdparty/com/google/common/base/MoreObjects
2024-11-12 13:41:21,163 INFO  CreateClassResetClassAdapter - Creating brand-new static initializer in class org/apache/hadoop/thirdparty/com/google/common/base/MoreObjects
2024-11-12 13:41:21,163 INFO  EvoClassLoader - Keeping class: org.apache.hadoop.thirdparty.com.google.common.base.MoreObjects
2024-11-12 13:41:21,163 INFO  EvoClassLoader - Seeing class for first time: org.apache.hadoop.thirdparty.com.google.common.base.MoreObjects$ToStringHelper
2024-11-12 13:41:21,163 INFO  EvoClassLoader - Instrumenting class 'org.apache.hadoop.thirdparty.com.google.common.base.MoreObjects$ToStringHelper'.
2024-11-12 13:41:21,164 INFO  MethodCallReplacementClassAdapter - Adding mock interface to class org/apache/hadoop/thirdparty/com/google/common/base/MoreObjects$ToStringHelper
2024-11-12 13:41:21,164 INFO  CreateClassResetClassAdapter - Creating brand-new static initializer in class org/apache/hadoop/thirdparty/com/google/common/base/MoreObjects$ToStringHelper
2024-11-12 13:41:21,164 INFO  EvoClassLoader - Keeping class: org.apache.hadoop.thirdparty.com.google.common.base.MoreObjects$ToStringHelper
2024-11-12 13:41:21,164 INFO  EvoClassLoader - Seeing class for first time: org.apache.hadoop.thirdparty.com.google.common.collect.MapMakerInternalMap$StrongKeyDummyValueEntry$Helper
2024-11-12 13:41:21,164 INFO  EvoClassLoader - Instrumenting class 'org.apache.hadoop.thirdparty.com.google.common.collect.MapMakerInternalMap$StrongKeyDummyValueEntry$Helper'.
2024-11-12 13:41:21,164 INFO  MethodCallReplacementClassAdapter - Adding mock interface to class org/apache/hadoop/thirdparty/com/google/common/collect/MapMakerInternalMap$StrongKeyDummyValueEntry$Helper
2024-11-12 13:41:21,165 INFO  CreateClassResetClassAdapter - Found static initializer in class org/apache/hadoop/thirdparty/com/google/common/collect/MapMakerInternalMap$StrongKeyDummyValueEntry$Helper
2024-11-12 13:41:21,165 INFO  EvoClassLoader - Keeping class: org.apache.hadoop.thirdparty.com.google.common.collect.MapMakerInternalMap$StrongKeyDummyValueEntry$Helper
2024-11-12 13:41:21,165 INFO  EvoClassLoader - Seeing class for first time: org.apache.hadoop.thirdparty.com.google.common.collect.MapMaker$Dummy
2024-11-12 13:41:21,165 INFO  EvoClassLoader - Instrumenting class 'org.apache.hadoop.thirdparty.com.google.common.collect.MapMaker$Dummy'.
2024-11-12 13:41:21,165 INFO  MethodCallReplacementClassAdapter - Adding mock interface to class org/apache/hadoop/thirdparty/com/google/common/collect/MapMaker$Dummy
2024-11-12 13:41:21,165 INFO  CreateClassResetClassAdapter - Found static initializer in class org/apache/hadoop/thirdparty/com/google/common/collect/MapMaker$Dummy
2024-11-12 13:41:21,165 INFO  EvoClassLoader - Keeping class: org.apache.hadoop.thirdparty.com.google.common.collect.MapMaker$Dummy
2024-11-12 13:41:21,169 INFO  EvoClassLoader - Seeing class for first time: org.apache.hadoop.util.StringInterner
2024-11-12 13:41:21,169 INFO  EvoClassLoader - Instrumenting class 'org.apache.hadoop.util.StringInterner'.
2024-11-12 13:41:21,169 INFO  MethodCallReplacementClassAdapter - Adding mock interface to class org/apache/hadoop/util/StringInterner
2024-11-12 13:41:21,170 INFO  CreateClassResetClassAdapter - Found static initializer in class org/apache/hadoop/util/StringInterner
2024-11-12 13:41:21,171 INFO  EvoClassLoader - Keeping class: org.apache.hadoop.util.StringInterner
2024-11-12 13:41:21,171 INFO  EvoClassLoader - Seeing class for first time: org.apache.hadoop.fs.FileSystem$3
2024-11-12 13:41:21,171 INFO  EvoClassLoader - Instrumenting class 'org.apache.hadoop.fs.FileSystem$3'.
2024-11-12 13:41:21,171 INFO  MethodCallReplacementClassAdapter - Adding mock interface to class org/apache/hadoop/fs/FileSystem$3
2024-11-12 13:41:21,172 INFO  EvoClassLoader - Seeing class for first time: org.apache.hadoop.fs.PathFilter
2024-11-12 13:41:21,172 INFO  EvoClassLoader - Instrumenting class 'org.apache.hadoop.fs.PathFilter'.
2024-11-12 13:41:21,172 INFO  EvoClassLoader - Keeping class: org.apache.hadoop.fs.PathFilter
2024-11-12 13:41:21,172 INFO  EvoClassLoader - Keeping class: org.apache.hadoop.fs.FileSystem$3
2024-11-12 13:41:21,173 INFO  EvoClassLoader - Seeing class for first time: org.apache.hadoop.fs.FileAlreadyExistsException
2024-11-12 13:41:21,173 INFO  EvoClassLoader - Instrumenting class 'org.apache.hadoop.fs.FileAlreadyExistsException'.
2024-11-12 13:41:21,173 INFO  MethodCallReplacementClassAdapter - Adding mock interface to class org/apache/hadoop/fs/FileAlreadyExistsException
2024-11-12 13:41:21,173 INFO  CreateClassResetClassAdapter - Creating brand-new static initializer in class org/apache/hadoop/fs/FileAlreadyExistsException
2024-11-12 13:41:21,173 INFO  EvoClassLoader - Keeping class: org.apache.hadoop.fs.FileAlreadyExistsException
2024-11-12 13:41:21,174 INFO  EvoClassLoader - Seeing class for first time: org.apache.hadoop.fs.GlobalStorageStatistics$StorageStatisticsProvider
2024-11-12 13:41:21,174 INFO  EvoClassLoader - Instrumenting class 'org.apache.hadoop.fs.GlobalStorageStatistics$StorageStatisticsProvider'.
2024-11-12 13:41:21,174 INFO  EvoClassLoader - Keeping class: org.apache.hadoop.fs.GlobalStorageStatistics$StorageStatisticsProvider
2024-11-12 13:41:21,174 INFO  EvoClassLoader - Seeing class for first time: org.apache.hadoop.fs.CreateFlag
2024-11-12 13:41:21,174 INFO  EvoClassLoader - Instrumenting class 'org.apache.hadoop.fs.CreateFlag'.
2024-11-12 13:41:21,175 INFO  MethodCallReplacementClassAdapter - Adding mock interface to class org/apache/hadoop/fs/CreateFlag
2024-11-12 13:41:21,175 INFO  CreateClassResetClassAdapter - Found static initializer in class org/apache/hadoop/fs/CreateFlag
2024-11-12 13:41:21,175 INFO  EvoClassLoader - Keeping class: org.apache.hadoop.fs.CreateFlag
2024-11-12 13:41:21,176 INFO  EvoClassLoader - Seeing class for first time: org.apache.hadoop.fs.XAttrSetFlag
2024-11-12 13:41:21,176 INFO  EvoClassLoader - Instrumenting class 'org.apache.hadoop.fs.XAttrSetFlag'.
2024-11-12 13:41:21,176 INFO  MethodCallReplacementClassAdapter - Adding mock interface to class org/apache/hadoop/fs/XAttrSetFlag
2024-11-12 13:41:21,177 INFO  CreateClassResetClassAdapter - Found static initializer in class org/apache/hadoop/fs/XAttrSetFlag
2024-11-12 13:41:21,177 INFO  EvoClassLoader - Keeping class: org.apache.hadoop.fs.XAttrSetFlag
2024-11-12 13:41:21,178 INFO  EvoClassLoader - Seeing class for first time: org.apache.hadoop.fs.UnsupportedFileSystemException
2024-11-12 13:41:21,178 INFO  EvoClassLoader - Instrumenting class 'org.apache.hadoop.fs.UnsupportedFileSystemException'.
2024-11-12 13:41:21,178 INFO  MethodCallReplacementClassAdapter - Adding mock interface to class org/apache/hadoop/fs/UnsupportedFileSystemException
2024-11-12 13:41:21,178 INFO  CreateClassResetClassAdapter - Creating brand-new static initializer in class org/apache/hadoop/fs/UnsupportedFileSystemException
2024-11-12 13:41:21,178 INFO  EvoClassLoader - Keeping class: org.apache.hadoop.fs.UnsupportedFileSystemException
2024-11-12 13:41:21,178 INFO  EvoClassLoader - Seeing class for first time: org.apache.hadoop.fs.StorageStatistics
2024-11-12 13:41:21,178 INFO  EvoClassLoader - Instrumenting class 'org.apache.hadoop.fs.StorageStatistics'.
2024-11-12 13:41:21,178 INFO  MethodCallReplacementClassAdapter - Adding mock interface to class org/apache/hadoop/fs/StorageStatistics
2024-11-12 13:41:21,179 INFO  CreateClassResetClassAdapter - Creating brand-new static initializer in class org/apache/hadoop/fs/StorageStatistics
2024-11-12 13:41:21,179 INFO  EvoClassLoader - Keeping class: org.apache.hadoop.fs.StorageStatistics
2024-11-12 13:41:21,179 INFO  EvoClassLoader - Seeing class for first time: org.apache.hadoop.fs.EmptyStorageStatistics
2024-11-12 13:41:21,179 INFO  EvoClassLoader - Instrumenting class 'org.apache.hadoop.fs.EmptyStorageStatistics'.
2024-11-12 13:41:21,179 INFO  MethodCallReplacementClassAdapter - Adding mock interface to class org/apache/hadoop/fs/EmptyStorageStatistics
2024-11-12 13:41:21,179 INFO  CreateClassResetClassAdapter - Creating brand-new static initializer in class org/apache/hadoop/fs/EmptyStorageStatistics
2024-11-12 13:41:21,179 INFO  EvoClassLoader - Keeping class: org.apache.hadoop.fs.EmptyStorageStatistics
2024-11-12 13:41:21,180 INFO  EvoClassLoader - Seeing class for first time: org.apache.hadoop.fs.FSDataOutputStream
2024-11-12 13:41:21,180 INFO  EvoClassLoader - Instrumenting class 'org.apache.hadoop.fs.FSDataOutputStream'.
2024-11-12 13:41:21,180 INFO  MethodCallReplacementClassAdapter - Adding mock interface to class org/apache/hadoop/fs/FSDataOutputStream
2024-11-12 13:41:21,180 INFO  CreateClassResetClassAdapter - Creating brand-new static initializer in class org/apache/hadoop/fs/FSDataOutputStream
2024-11-12 13:41:21,180 INFO  EvoClassLoader - Seeing class for first time: org.apache.hadoop.fs.Syncable
2024-11-12 13:41:21,180 INFO  EvoClassLoader - Instrumenting class 'org.apache.hadoop.fs.Syncable'.
2024-11-12 13:41:21,180 INFO  EvoClassLoader - Keeping class: org.apache.hadoop.fs.Syncable
2024-11-12 13:41:21,180 INFO  EvoClassLoader - Seeing class for first time: org.apache.hadoop.fs.CanSetDropBehind
2024-11-12 13:41:21,180 INFO  EvoClassLoader - Instrumenting class 'org.apache.hadoop.fs.CanSetDropBehind'.
2024-11-12 13:41:21,180 INFO  EvoClassLoader - Keeping class: org.apache.hadoop.fs.CanSetDropBehind
2024-11-12 13:41:21,180 INFO  EvoClassLoader - Seeing class for first time: org.apache.hadoop.fs.StreamCapabilities
2024-11-12 13:41:21,180 INFO  EvoClassLoader - Instrumenting class 'org.apache.hadoop.fs.StreamCapabilities'.
2024-11-12 13:41:21,181 INFO  EvoClassLoader - Keeping class: org.apache.hadoop.fs.StreamCapabilities
2024-11-12 13:41:21,181 INFO  EvoClassLoader - Seeing class for first time: org.apache.hadoop.fs.statistics.IOStatisticsSource
2024-11-12 13:41:21,181 INFO  EvoClassLoader - Instrumenting class 'org.apache.hadoop.fs.statistics.IOStatisticsSource'.
2024-11-12 13:41:21,181 INFO  EvoClassLoader - Defined package (3): package org.apache.hadoop.fs.statistics, -2061501583
2024-11-12 13:41:21,181 INFO  EvoClassLoader - Keeping class: org.apache.hadoop.fs.statistics.IOStatisticsSource
2024-11-12 13:41:21,181 INFO  EvoClassLoader - Seeing class for first time: org.apache.hadoop.fs.Abortable
2024-11-12 13:41:21,181 INFO  EvoClassLoader - Instrumenting class 'org.apache.hadoop.fs.Abortable'.
2024-11-12 13:41:21,181 INFO  EvoClassLoader - Keeping class: org.apache.hadoop.fs.Abortable
2024-11-12 13:41:21,181 INFO  EvoClassLoader - Keeping class: org.apache.hadoop.fs.FSDataOutputStream
2024-11-12 13:41:21,181 INFO  EvoClassLoader - Seeing class for first time: org.apache.hadoop.util.Progressable
2024-11-12 13:41:21,181 INFO  EvoClassLoader - Instrumenting class 'org.apache.hadoop.util.Progressable'.
2024-11-12 13:41:21,181 INFO  EvoClassLoader - Keeping class: org.apache.hadoop.util.Progressable
2024-11-12 13:41:21,181 INFO  EvoClassLoader - Seeing class for first time: org.apache.hadoop.fs.Options$ChecksumOpt
2024-11-12 13:41:21,181 INFO  EvoClassLoader - Instrumenting class 'org.apache.hadoop.fs.Options$ChecksumOpt'.
2024-11-12 13:41:21,182 INFO  MethodCallReplacementClassAdapter - Adding mock interface to class org/apache/hadoop/fs/Options$ChecksumOpt
2024-11-12 13:41:21,182 INFO  CreateClassResetClassAdapter - Creating brand-new static initializer in class org/apache/hadoop/fs/Options$ChecksumOpt
2024-11-12 13:41:21,182 INFO  EvoClassLoader - Keeping class: org.apache.hadoop.fs.Options$ChecksumOpt
2024-11-12 13:41:21,182 INFO  EvoClassLoader - Seeing class for first time: org.apache.hadoop.fs.PathHandle
2024-11-12 13:41:21,182 INFO  EvoClassLoader - Instrumenting class 'org.apache.hadoop.fs.PathHandle'.
2024-11-12 13:41:21,182 INFO  EvoClassLoader - Keeping class: org.apache.hadoop.fs.PathHandle
2024-11-12 13:41:21,182 INFO  EvoClassLoader - Seeing class for first time: org.apache.hadoop.fs.FSDataInputStream
2024-11-12 13:41:21,182 INFO  EvoClassLoader - Instrumenting class 'org.apache.hadoop.fs.FSDataInputStream'.
2024-11-12 13:41:21,182 INFO  MethodCallReplacementClassAdapter - Adding mock interface to class org/apache/hadoop/fs/FSDataInputStream
2024-11-12 13:41:21,183 INFO  CreateClassResetClassAdapter - Found static initializer in class org/apache/hadoop/fs/FSDataInputStream
2024-11-12 13:41:21,183 INFO  EvoClassLoader - Seeing class for first time: org.apache.hadoop.fs.Seekable
2024-11-12 13:41:21,183 INFO  EvoClassLoader - Instrumenting class 'org.apache.hadoop.fs.Seekable'.
2024-11-12 13:41:21,184 INFO  EvoClassLoader - Keeping class: org.apache.hadoop.fs.Seekable
2024-11-12 13:41:21,184 INFO  EvoClassLoader - Seeing class for first time: org.apache.hadoop.fs.PositionedReadable
2024-11-12 13:41:21,184 INFO  EvoClassLoader - Instrumenting class 'org.apache.hadoop.fs.PositionedReadable'.
2024-11-12 13:41:21,184 INFO  EvoClassLoader - Keeping class: org.apache.hadoop.fs.PositionedReadable
2024-11-12 13:41:21,184 INFO  EvoClassLoader - Seeing class for first time: org.apache.hadoop.fs.ByteBufferReadable
2024-11-12 13:41:21,184 INFO  EvoClassLoader - Instrumenting class 'org.apache.hadoop.fs.ByteBufferReadable'.
2024-11-12 13:41:21,184 INFO  EvoClassLoader - Keeping class: org.apache.hadoop.fs.ByteBufferReadable
2024-11-12 13:41:21,184 INFO  EvoClassLoader - Seeing class for first time: org.apache.hadoop.fs.HasFileDescriptor
2024-11-12 13:41:21,184 INFO  EvoClassLoader - Instrumenting class 'org.apache.hadoop.fs.HasFileDescriptor'.
2024-11-12 13:41:21,184 INFO  EvoClassLoader - Keeping class: org.apache.hadoop.fs.HasFileDescriptor
2024-11-12 13:41:21,184 INFO  EvoClassLoader - Seeing class for first time: org.apache.hadoop.fs.CanSetReadahead
2024-11-12 13:41:21,184 INFO  EvoClassLoader - Instrumenting class 'org.apache.hadoop.fs.CanSetReadahead'.
2024-11-12 13:41:21,184 INFO  EvoClassLoader - Keeping class: org.apache.hadoop.fs.CanSetReadahead
2024-11-12 13:41:21,184 INFO  EvoClassLoader - Seeing class for first time: org.apache.hadoop.fs.HasEnhancedByteBufferAccess
2024-11-12 13:41:21,184 INFO  EvoClassLoader - Instrumenting class 'org.apache.hadoop.fs.HasEnhancedByteBufferAccess'.
2024-11-12 13:41:21,185 INFO  EvoClassLoader - Keeping class: org.apache.hadoop.fs.HasEnhancedByteBufferAccess
2024-11-12 13:41:21,185 INFO  EvoClassLoader - Seeing class for first time: org.apache.hadoop.fs.CanUnbuffer
2024-11-12 13:41:21,185 INFO  EvoClassLoader - Instrumenting class 'org.apache.hadoop.fs.CanUnbuffer'.
2024-11-12 13:41:21,185 INFO  EvoClassLoader - Keeping class: org.apache.hadoop.fs.CanUnbuffer
2024-11-12 13:41:21,185 INFO  EvoClassLoader - Seeing class for first time: org.apache.hadoop.fs.ByteBufferPositionedReadable
2024-11-12 13:41:21,185 INFO  EvoClassLoader - Instrumenting class 'org.apache.hadoop.fs.ByteBufferPositionedReadable'.
2024-11-12 13:41:21,185 INFO  EvoClassLoader - Keeping class: org.apache.hadoop.fs.ByteBufferPositionedReadable
2024-11-12 13:41:21,185 INFO  EvoClassLoader - Keeping class: org.apache.hadoop.fs.FSDataInputStream
2024-11-12 13:41:21,185 INFO  EvoClassLoader - Seeing class for first time: org.apache.hadoop.fs.Options$HandleOpt
2024-11-12 13:41:21,185 INFO  EvoClassLoader - Instrumenting class 'org.apache.hadoop.fs.Options$HandleOpt'.
2024-11-12 13:41:21,185 INFO  MethodCallReplacementClassAdapter - Adding mock interface to class org/apache/hadoop/fs/Options$HandleOpt
2024-11-12 13:41:21,186 INFO  CreateClassResetClassAdapter - Creating brand-new static initializer in class org/apache/hadoop/fs/Options$HandleOpt
2024-11-12 13:41:21,186 INFO  EvoClassLoader - Keeping class: org.apache.hadoop.fs.Options$HandleOpt
2024-11-12 13:41:21,186 INFO  EvoClassLoader - Seeing class for first time: org.apache.hadoop.fs.FileSystem$DirectoryEntries
2024-11-12 13:41:21,186 INFO  EvoClassLoader - Instrumenting class 'org.apache.hadoop.fs.FileSystem$DirectoryEntries'.
2024-11-12 13:41:21,186 INFO  MethodCallReplacementClassAdapter - Adding mock interface to class org/apache/hadoop/fs/FileSystem$DirectoryEntries
2024-11-12 13:41:21,186 INFO  CreateClassResetClassAdapter - Creating brand-new static initializer in class org/apache/hadoop/fs/FileSystem$DirectoryEntries
2024-11-12 13:41:21,186 INFO  EvoClassLoader - Keeping class: org.apache.hadoop.fs.FileSystem$DirectoryEntries
2024-11-12 13:41:21,186 INFO  EvoClassLoader - Seeing class for first time: org.apache.hadoop.fs.FileChecksum
2024-11-12 13:41:21,186 INFO  EvoClassLoader - Instrumenting class 'org.apache.hadoop.fs.FileChecksum'.
2024-11-12 13:41:21,187 INFO  MethodCallReplacementClassAdapter - Adding mock interface to class org/apache/hadoop/fs/FileChecksum
2024-11-12 13:41:21,187 INFO  CreateClassResetClassAdapter - Creating brand-new static initializer in class org/apache/hadoop/fs/FileChecksum
2024-11-12 13:41:21,187 INFO  EvoClassLoader - Keeping class: org.apache.hadoop.fs.FileChecksum
2024-11-12 13:41:21,187 INFO  EvoClassLoader - Seeing class for first time: org.apache.hadoop.fs.FsStatus
2024-11-12 13:41:21,187 INFO  EvoClassLoader - Instrumenting class 'org.apache.hadoop.fs.FsStatus'.
2024-11-12 13:41:21,187 INFO  MethodCallReplacementClassAdapter - Adding mock interface to class org/apache/hadoop/fs/FsStatus
2024-11-12 13:41:21,187 INFO  CreateClassResetClassAdapter - Creating brand-new static initializer in class org/apache/hadoop/fs/FsStatus
2024-11-12 13:41:21,187 INFO  EvoClassLoader - Keeping class: org.apache.hadoop.fs.FsStatus
2024-11-12 13:41:21,187 INFO  EvoClassLoader - Seeing class for first time: org.apache.hadoop.fs.GlobalStorageStatistics
2024-11-12 13:41:21,187 INFO  EvoClassLoader - Instrumenting class 'org.apache.hadoop.fs.GlobalStorageStatistics'.
2024-11-12 13:41:21,187 INFO  MethodCallReplacementClassAdapter - Adding mock interface to class org/apache/hadoop/fs/GlobalStorageStatistics
2024-11-12 13:41:21,188 INFO  CreateClassResetClassAdapter - Found static initializer in class org/apache/hadoop/fs/GlobalStorageStatistics
2024-11-12 13:41:21,188 INFO  EvoClassLoader - Keeping class: org.apache.hadoop.fs.GlobalStorageStatistics
2024-11-12 13:41:21,188 INFO  EvoClassLoader - Seeing class for first time: org.apache.hadoop.fs.impl.OpenFileParameters
2024-11-12 13:41:21,188 INFO  EvoClassLoader - Instrumenting class 'org.apache.hadoop.fs.impl.OpenFileParameters'.
2024-11-12 13:41:21,188 INFO  MethodCallReplacementClassAdapter - Adding mock interface to class org/apache/hadoop/fs/impl/OpenFileParameters
2024-11-12 13:41:21,188 INFO  CreateClassResetClassAdapter - Creating brand-new static initializer in class org/apache/hadoop/fs/impl/OpenFileParameters
2024-11-12 13:41:21,189 INFO  EvoClassLoader - Keeping class: org.apache.hadoop.fs.impl.OpenFileParameters
2024-11-12 13:41:21,189 INFO  EvoClassLoader - Seeing class for first time: org.apache.hadoop.fs.MultipartUploaderBuilder
2024-11-12 13:41:21,189 INFO  EvoClassLoader - Instrumenting class 'org.apache.hadoop.fs.MultipartUploaderBuilder'.
2024-11-12 13:41:21,190 INFO  EvoClassLoader - Keeping class: org.apache.hadoop.fs.MultipartUploaderBuilder
2024-11-12 13:41:21,309 INFO  EvoClassLoader - Seeing class for first time: org.apache.hadoop.fs.HarFileSystem
2024-11-12 13:41:21,309 INFO  EvoClassLoader - Instrumenting class 'org.apache.hadoop.fs.HarFileSystem'.
2024-11-12 13:41:21,309 INFO  MethodCallReplacementClassAdapter - Adding mock interface to class org/apache/hadoop/fs/HarFileSystem
2024-11-12 13:41:21,310 INFO  CreateClassResetClassAdapter - Found static initializer in class org/apache/hadoop/fs/HarFileSystem
2024-11-12 13:41:21,311 INFO  EvoClassLoader - Keeping class: org.apache.hadoop.fs.HarFileSystem
2024-11-12 13:41:21,312 INFO  EvoClassLoader - Seeing class for first time: org.apache.hadoop.fs.HarFileSystem$HarFSDataInputStream
2024-11-12 13:41:21,312 INFO  EvoClassLoader - Instrumenting class 'org.apache.hadoop.fs.HarFileSystem$HarFSDataInputStream'.
2024-11-12 13:41:21,312 INFO  MethodCallReplacementClassAdapter - Adding mock interface to class org/apache/hadoop/fs/HarFileSystem$HarFSDataInputStream
2024-11-12 13:41:21,312 INFO  CreateClassResetClassAdapter - Creating brand-new static initializer in class org/apache/hadoop/fs/HarFileSystem$HarFSDataInputStream
2024-11-12 13:41:21,312 INFO  EvoClassLoader - Keeping class: org.apache.hadoop.fs.HarFileSystem$HarFSDataInputStream
2024-11-12 13:41:21,313 INFO  EvoClassLoader - Seeing class for first time: org.apache.hadoop.fs.HarFileSystem$HarMetaData
2024-11-12 13:41:21,313 INFO  EvoClassLoader - Instrumenting class 'org.apache.hadoop.fs.HarFileSystem$HarMetaData'.
2024-11-12 13:41:21,313 INFO  MethodCallReplacementClassAdapter - Adding mock interface to class org/apache/hadoop/fs/HarFileSystem$HarMetaData
2024-11-12 13:41:21,315 INFO  CreateClassResetClassAdapter - Creating brand-new static initializer in class org/apache/hadoop/fs/HarFileSystem$HarMetaData
2024-11-12 13:41:21,316 INFO  EvoClassLoader - Keeping class: org.apache.hadoop.fs.HarFileSystem$HarMetaData
2024-11-12 13:41:21,316 INFO  EvoClassLoader - Seeing class for first time: org.apache.hadoop.fs.HarFileSystem$HarStatus
2024-11-12 13:41:21,316 INFO  EvoClassLoader - Instrumenting class 'org.apache.hadoop.fs.HarFileSystem$HarStatus'.
2024-11-12 13:41:21,316 INFO  MethodCallReplacementClassAdapter - Adding mock interface to class org/apache/hadoop/fs/HarFileSystem$HarStatus
2024-11-12 13:41:21,316 INFO  CreateClassResetClassAdapter - Creating brand-new static initializer in class org/apache/hadoop/fs/HarFileSystem$HarStatus
2024-11-12 13:41:21,317 INFO  EvoClassLoader - Keeping class: org.apache.hadoop.fs.HarFileSystem$HarStatus
2024-11-12 13:41:21,317 INFO  EvoClassLoader - Seeing class for first time: org.apache.hadoop.security.UserGroupInformation$UgiMetrics
2024-11-12 13:41:21,317 INFO  EvoClassLoader - Instrumenting class 'org.apache.hadoop.security.UserGroupInformation$UgiMetrics'.
2024-11-12 13:41:21,317 INFO  MethodCallReplacementClassAdapter - Adding mock interface to class org/apache/hadoop/security/UserGroupInformation$UgiMetrics
2024-11-12 13:41:21,317 INFO  CreateClassResetClassAdapter - Creating brand-new static initializer in class org/apache/hadoop/security/UserGroupInformation$UgiMetrics
2024-11-12 13:41:21,317 INFO  EvoClassLoader - Keeping class: org.apache.hadoop.security.UserGroupInformation$UgiMetrics
2024-11-12 13:41:21,317 INFO  EvoClassLoader - Seeing class for first time: org.apache.hadoop.security.UserGroupInformation$HadoopConfiguration
2024-11-12 13:41:21,317 INFO  EvoClassLoader - Instrumenting class 'org.apache.hadoop.security.UserGroupInformation$HadoopConfiguration'.
2024-11-12 13:41:21,318 INFO  MethodCallReplacementClassAdapter - Adding mock interface to class org/apache/hadoop/security/UserGroupInformation$HadoopConfiguration
2024-11-12 13:41:21,318 INFO  CreateClassResetClassAdapter - Found static initializer in class org/apache/hadoop/security/UserGroupInformation$HadoopConfiguration
2024-11-12 13:41:21,319 INFO  EvoClassLoader - Keeping class: org.apache.hadoop.security.UserGroupInformation$HadoopConfiguration
2024-11-12 13:41:21,319 INFO  EvoClassLoader - Seeing class for first time: org.apache.hadoop.security.UserGroupInformation$HadoopLoginContext
2024-11-12 13:41:21,319 INFO  EvoClassLoader - Instrumenting class 'org.apache.hadoop.security.UserGroupInformation$HadoopLoginContext'.
2024-11-12 13:41:21,319 INFO  MethodCallReplacementClassAdapter - Adding mock interface to class org/apache/hadoop/security/UserGroupInformation$HadoopLoginContext
2024-11-12 13:41:21,320 INFO  CreateClassResetClassAdapter - Creating brand-new static initializer in class org/apache/hadoop/security/UserGroupInformation$HadoopLoginContext
2024-11-12 13:41:21,320 INFO  EvoClassLoader - Keeping class: org.apache.hadoop.security.UserGroupInformation$HadoopLoginContext
2024-11-12 13:41:21,320 INFO  EvoClassLoader - Seeing class for first time: org.apache.hadoop.security.UserGroupInformation$LoginParams
2024-11-12 13:41:21,320 INFO  EvoClassLoader - Instrumenting class 'org.apache.hadoop.security.UserGroupInformation$LoginParams'.
2024-11-12 13:41:21,320 INFO  MethodCallReplacementClassAdapter - Adding mock interface to class org/apache/hadoop/security/UserGroupInformation$LoginParams
2024-11-12 13:41:21,320 INFO  CreateClassResetClassAdapter - Creating brand-new static initializer in class org/apache/hadoop/security/UserGroupInformation$LoginParams
2024-11-12 13:41:21,321 INFO  EvoClassLoader - Keeping class: org.apache.hadoop.security.UserGroupInformation$LoginParams
2024-11-12 13:41:21,321 INFO  EvoClassLoader - Seeing class for first time: org.apache.hadoop.security.UserGroupInformation$LoginParam
2024-11-12 13:41:21,321 INFO  EvoClassLoader - Instrumenting class 'org.apache.hadoop.security.UserGroupInformation$LoginParam'.
2024-11-12 13:41:21,321 INFO  MethodCallReplacementClassAdapter - Adding mock interface to class org/apache/hadoop/security/UserGroupInformation$LoginParam
2024-11-12 13:41:21,321 INFO  CreateClassResetClassAdapter - Found static initializer in class org/apache/hadoop/security/UserGroupInformation$LoginParam
2024-11-12 13:41:21,322 INFO  EvoClassLoader - Keeping class: org.apache.hadoop.security.UserGroupInformation$LoginParam
2024-11-12 13:41:21,322 INFO  EvoClassLoader - Seeing class for first time: org.apache.hadoop.security.UserGroupInformation$TestingGroups
2024-11-12 13:41:21,322 INFO  EvoClassLoader - Instrumenting class 'org.apache.hadoop.security.UserGroupInformation$TestingGroups'.
2024-11-12 13:41:21,322 INFO  MethodCallReplacementClassAdapter - Adding mock interface to class org/apache/hadoop/security/UserGroupInformation$TestingGroups
2024-11-12 13:41:21,322 INFO  CreateClassResetClassAdapter - Creating brand-new static initializer in class org/apache/hadoop/security/UserGroupInformation$TestingGroups
2024-11-12 13:41:21,323 INFO  EvoClassLoader - Seeing class for first time: org.apache.hadoop.security.Groups
2024-11-12 13:41:21,323 INFO  EvoClassLoader - Instrumenting class 'org.apache.hadoop.security.Groups'.
2024-11-12 13:41:21,323 INFO  MethodCallReplacementClassAdapter - Adding mock interface to class org/apache/hadoop/security/Groups
2024-11-12 13:41:21,324 INFO  CreateClassResetClassAdapter - Found static initializer in class org/apache/hadoop/security/Groups
2024-11-12 13:41:21,324 INFO  EvoClassLoader - Keeping class: org.apache.hadoop.security.Groups
2024-11-12 13:41:21,324 INFO  EvoClassLoader - Keeping class: org.apache.hadoop.security.UserGroupInformation$TestingGroups
2024-11-12 13:41:21,325 INFO  EvoClassLoader - Seeing class for first time: org.apache.hadoop.security.UserGroupInformation$KeytabRenewalRunnable
2024-11-12 13:41:21,325 INFO  EvoClassLoader - Instrumenting class 'org.apache.hadoop.security.UserGroupInformation$KeytabRenewalRunnable'.
2024-11-12 13:41:21,325 INFO  MethodCallReplacementClassAdapter - Adding mock interface to class org/apache/hadoop/security/UserGroupInformation$KeytabRenewalRunnable
2024-11-12 13:41:21,325 INFO  CreateClassResetClassAdapter - Creating brand-new static initializer in class org/apache/hadoop/security/UserGroupInformation$KeytabRenewalRunnable
2024-11-12 13:41:21,325 INFO  EvoClassLoader - Seeing class for first time: org.apache.hadoop.security.UserGroupInformation$AutoRenewalForUserCredsRunnable
2024-11-12 13:41:21,325 INFO  EvoClassLoader - Instrumenting class 'org.apache.hadoop.security.UserGroupInformation$AutoRenewalForUserCredsRunnable'.
2024-11-12 13:41:21,325 INFO  MethodCallReplacementClassAdapter - Adding mock interface to class org/apache/hadoop/security/UserGroupInformation$AutoRenewalForUserCredsRunnable
2024-11-12 13:41:21,326 INFO  CreateClassResetClassAdapter - Creating brand-new static initializer in class org/apache/hadoop/security/UserGroupInformation$AutoRenewalForUserCredsRunnable
2024-11-12 13:41:21,326 INFO  EvoClassLoader - Keeping class: org.apache.hadoop.security.UserGroupInformation$AutoRenewalForUserCredsRunnable
2024-11-12 13:41:21,326 INFO  EvoClassLoader - Keeping class: org.apache.hadoop.security.UserGroupInformation$KeytabRenewalRunnable
2024-11-12 13:41:21,326 INFO  EvoClassLoader - Seeing class for first time: org.apache.hadoop.security.UserGroupInformation$TicketCacheRenewalRunnable
2024-11-12 13:41:21,326 INFO  EvoClassLoader - Instrumenting class 'org.apache.hadoop.security.UserGroupInformation$TicketCacheRenewalRunnable'.
2024-11-12 13:41:21,326 INFO  MethodCallReplacementClassAdapter - Adding mock interface to class org/apache/hadoop/security/UserGroupInformation$TicketCacheRenewalRunnable
2024-11-12 13:41:21,326 INFO  CreateClassResetClassAdapter - Creating brand-new static initializer in class org/apache/hadoop/security/UserGroupInformation$TicketCacheRenewalRunnable
2024-11-12 13:41:21,326 INFO  EvoClassLoader - Keeping class: org.apache.hadoop.security.UserGroupInformation$TicketCacheRenewalRunnable
2024-11-12 13:41:21,326 INFO  EvoClassLoader - Seeing class for first time: org.apache.hadoop.security.UserGroupInformation$RealUser
2024-11-12 13:41:21,326 INFO  EvoClassLoader - Instrumenting class 'org.apache.hadoop.security.UserGroupInformation$RealUser'.
2024-11-12 13:41:21,327 INFO  MethodCallReplacementClassAdapter - Adding mock interface to class org/apache/hadoop/security/UserGroupInformation$RealUser
2024-11-12 13:41:21,327 INFO  CreateClassResetClassAdapter - Creating brand-new static initializer in class org/apache/hadoop/security/UserGroupInformation$RealUser
2024-11-12 13:41:21,327 INFO  EvoClassLoader - Keeping class: org.apache.hadoop.security.UserGroupInformation$RealUser
2024-11-12 13:41:21,327 INFO  EvoClassLoader - Seeing class for first time: org.apache.hadoop.security.UserGroupInformation$HadoopLoginModule
2024-11-12 13:41:21,327 INFO  EvoClassLoader - Instrumenting class 'org.apache.hadoop.security.UserGroupInformation$HadoopLoginModule'.
2024-11-12 13:41:21,327 INFO  MethodCallReplacementClassAdapter - Adding mock interface to class org/apache/hadoop/security/UserGroupInformation$HadoopLoginModule
2024-11-12 13:41:21,328 INFO  CreateClassResetClassAdapter - Creating brand-new static initializer in class org/apache/hadoop/security/UserGroupInformation$HadoopLoginModule
2024-11-12 13:41:21,328 INFO  EvoClassLoader - Keeping class: org.apache.hadoop.security.UserGroupInformation$HadoopLoginModule
2024-11-12 13:41:21,328 INFO  EvoClassLoader - Seeing class for first time: org.apache.hadoop.metrics2.lib.MutableGaugeInt
2024-11-12 13:41:21,328 INFO  EvoClassLoader - Instrumenting class 'org.apache.hadoop.metrics2.lib.MutableGaugeInt'.
2024-11-12 13:41:21,328 INFO  MethodCallReplacementClassAdapter - Adding mock interface to class org/apache/hadoop/metrics2/lib/MutableGaugeInt
2024-11-12 13:41:21,328 INFO  CreateClassResetClassAdapter - Creating brand-new static initializer in class org/apache/hadoop/metrics2/lib/MutableGaugeInt
2024-11-12 13:41:21,328 INFO  EvoClassLoader - Defined package (3): package org.apache.hadoop.metrics2.lib, 1694766009
2024-11-12 13:41:21,328 INFO  EvoClassLoader - Seeing class for first time: org.apache.hadoop.metrics2.lib.MutableGauge
2024-11-12 13:41:21,328 INFO  EvoClassLoader - Instrumenting class 'org.apache.hadoop.metrics2.lib.MutableGauge'.
2024-11-12 13:41:21,328 INFO  MethodCallReplacementClassAdapter - Adding mock interface to class org/apache/hadoop/metrics2/lib/MutableGauge
2024-11-12 13:41:21,328 INFO  CreateClassResetClassAdapter - Creating brand-new static initializer in class org/apache/hadoop/metrics2/lib/MutableGauge
2024-11-12 13:41:21,328 INFO  EvoClassLoader - Seeing class for first time: org.apache.hadoop.metrics2.lib.MutableMetric
2024-11-12 13:41:21,328 INFO  EvoClassLoader - Instrumenting class 'org.apache.hadoop.metrics2.lib.MutableMetric'.
2024-11-12 13:41:21,329 INFO  MethodCallReplacementClassAdapter - Adding mock interface to class org/apache/hadoop/metrics2/lib/MutableMetric
2024-11-12 13:41:21,329 INFO  CreateClassResetClassAdapter - Creating brand-new static initializer in class org/apache/hadoop/metrics2/lib/MutableMetric
2024-11-12 13:41:21,329 INFO  EvoClassLoader - Keeping class: org.apache.hadoop.metrics2.lib.MutableMetric
2024-11-12 13:41:21,329 INFO  EvoClassLoader - Keeping class: org.apache.hadoop.metrics2.lib.MutableGauge
2024-11-12 13:41:21,329 INFO  EvoClassLoader - Keeping class: org.apache.hadoop.metrics2.lib.MutableGaugeInt
2024-11-12 13:41:21,329 INFO  EvoClassLoader - Seeing class for first time: org.apache.hadoop.metrics2.lib.MutableGaugeLong
2024-11-12 13:41:21,329 INFO  EvoClassLoader - Instrumenting class 'org.apache.hadoop.metrics2.lib.MutableGaugeLong'.
2024-11-12 13:41:21,329 INFO  MethodCallReplacementClassAdapter - Adding mock interface to class org/apache/hadoop/metrics2/lib/MutableGaugeLong
2024-11-12 13:41:21,329 INFO  CreateClassResetClassAdapter - Creating brand-new static initializer in class org/apache/hadoop/metrics2/lib/MutableGaugeLong
2024-11-12 13:41:21,329 INFO  EvoClassLoader - Keeping class: org.apache.hadoop.metrics2.lib.MutableGaugeLong
2024-11-12 13:41:21,329 INFO  EvoClassLoader - Seeing class for first time: org.apache.hadoop.metrics2.MetricsSystem
2024-11-12 13:41:21,329 INFO  EvoClassLoader - Instrumenting class 'org.apache.hadoop.metrics2.MetricsSystem'.
2024-11-12 13:41:21,329 INFO  MethodCallReplacementClassAdapter - Adding mock interface to class org/apache/hadoop/metrics2/MetricsSystem
2024-11-12 13:41:21,329 INFO  CreateClassResetClassAdapter - Creating brand-new static initializer in class org/apache/hadoop/metrics2/MetricsSystem
2024-11-12 13:41:21,329 INFO  EvoClassLoader - Defined package (3): package org.apache.hadoop.metrics2, -190125790
2024-11-12 13:41:21,329 INFO  EvoClassLoader - Seeing class for first time: org.apache.hadoop.metrics2.MetricsSystemMXBean
2024-11-12 13:41:21,329 INFO  EvoClassLoader - Instrumenting class 'org.apache.hadoop.metrics2.MetricsSystemMXBean'.
2024-11-12 13:41:21,330 INFO  EvoClassLoader - Keeping class: org.apache.hadoop.metrics2.MetricsSystemMXBean
2024-11-12 13:41:21,330 INFO  EvoClassLoader - Keeping class: org.apache.hadoop.metrics2.MetricsSystem
2024-11-12 13:41:21,330 INFO  EvoClassLoader - Seeing class for first time: org.apache.hadoop.metrics2.MetricsSink
2024-11-12 13:41:21,330 INFO  EvoClassLoader - Instrumenting class 'org.apache.hadoop.metrics2.MetricsSink'.
2024-11-12 13:41:21,330 INFO  EvoClassLoader - Seeing class for first time: org.apache.hadoop.metrics2.MetricsPlugin
2024-11-12 13:41:21,330 INFO  EvoClassLoader - Instrumenting class 'org.apache.hadoop.metrics2.MetricsPlugin'.
2024-11-12 13:41:21,330 INFO  EvoClassLoader - Keeping class: org.apache.hadoop.metrics2.MetricsPlugin
2024-11-12 13:41:21,330 INFO  EvoClassLoader - Keeping class: org.apache.hadoop.metrics2.MetricsSink
2024-11-12 13:41:21,330 INFO  EvoClassLoader - Seeing class for first time: org.apache.hadoop.metrics2.MetricsSystem$Callback
2024-11-12 13:41:21,330 INFO  EvoClassLoader - Instrumenting class 'org.apache.hadoop.metrics2.MetricsSystem$Callback'.
2024-11-12 13:41:21,330 INFO  EvoClassLoader - Keeping class: org.apache.hadoop.metrics2.MetricsSystem$Callback
2024-11-12 13:41:21,330 INFO  EvoClassLoader - Seeing class for first time: org.apache.hadoop.metrics2.MetricsSource
2024-11-12 13:41:21,330 INFO  EvoClassLoader - Instrumenting class 'org.apache.hadoop.metrics2.MetricsSource'.
2024-11-12 13:41:21,331 INFO  EvoClassLoader - Keeping class: org.apache.hadoop.metrics2.MetricsSource
2024-11-12 13:41:21,331 INFO  EvoClassLoader - Seeing class for first time: org.apache.hadoop.metrics2.impl.MetricsSystemImpl
2024-11-12 13:41:21,331 INFO  EvoClassLoader - Instrumenting class 'org.apache.hadoop.metrics2.impl.MetricsSystemImpl'.
2024-11-12 13:41:21,332 INFO  MethodCallReplacementClassAdapter - Adding mock interface to class org/apache/hadoop/metrics2/impl/MetricsSystemImpl
2024-11-12 13:41:21,334 INFO  CreateClassResetClassAdapter - Found static initializer in class org/apache/hadoop/metrics2/impl/MetricsSystemImpl
2024-11-12 13:41:21,334 INFO  EvoClassLoader - Defined package (3): package org.apache.hadoop.metrics2.impl, 998053740
2024-11-12 13:41:21,335 INFO  EvoClassLoader - Keeping class: org.apache.hadoop.metrics2.impl.MetricsSystemImpl
2024-11-12 13:41:21,335 INFO  EvoClassLoader - Seeing class for first time: org.apache.hadoop.metrics2.MetricsInfo
2024-11-12 13:41:21,335 INFO  EvoClassLoader - Instrumenting class 'org.apache.hadoop.metrics2.MetricsInfo'.
2024-11-12 13:41:21,336 INFO  EvoClassLoader - Keeping class: org.apache.hadoop.metrics2.MetricsInfo
2024-11-12 13:41:21,336 INFO  EvoClassLoader - Seeing class for first time: org.apache.hadoop.metrics2.impl.MetricsConfigException
2024-11-12 13:41:21,336 INFO  EvoClassLoader - Instrumenting class 'org.apache.hadoop.metrics2.impl.MetricsConfigException'.
2024-11-12 13:41:21,336 INFO  MethodCallReplacementClassAdapter - Adding mock interface to class org/apache/hadoop/metrics2/impl/MetricsConfigException
2024-11-12 13:41:21,336 INFO  CreateClassResetClassAdapter - Creating brand-new static initializer in class org/apache/hadoop/metrics2/impl/MetricsConfigException
2024-11-12 13:41:21,336 INFO  EvoClassLoader - Seeing class for first time: org.apache.hadoop.metrics2.MetricsException
2024-11-12 13:41:21,336 INFO  EvoClassLoader - Instrumenting class 'org.apache.hadoop.metrics2.MetricsException'.
2024-11-12 13:41:21,336 INFO  MethodCallReplacementClassAdapter - Adding mock interface to class org/apache/hadoop/metrics2/MetricsException
2024-11-12 13:41:21,337 INFO  CreateClassResetClassAdapter - Creating brand-new static initializer in class org/apache/hadoop/metrics2/MetricsException
2024-11-12 13:41:21,337 INFO  EvoClassLoader - Keeping class: org.apache.hadoop.metrics2.MetricsException
2024-11-12 13:41:21,337 INFO  EvoClassLoader - Keeping class: org.apache.hadoop.metrics2.impl.MetricsConfigException
2024-11-12 13:41:21,337 INFO  EvoClassLoader - Seeing class for first time: org.apache.commons.configuration2.Configuration
2024-11-12 13:41:21,337 INFO  EvoClassLoader - Instrumenting class 'org.apache.commons.configuration2.Configuration'.
2024-11-12 13:41:21,337 INFO  EvoClassLoader - Defined package (3): package org.apache.commons.configuration2, -1539130408
2024-11-12 13:41:21,337 INFO  EvoClassLoader - Seeing class for first time: org.apache.commons.configuration2.ImmutableConfiguration
2024-11-12 13:41:21,337 INFO  EvoClassLoader - Instrumenting class 'org.apache.commons.configuration2.ImmutableConfiguration'.
2024-11-12 13:41:21,337 INFO  EvoClassLoader - Keeping class: org.apache.commons.configuration2.ImmutableConfiguration
2024-11-12 13:41:21,337 INFO  EvoClassLoader - Seeing class for first time: org.apache.commons.configuration2.sync.SynchronizerSupport
2024-11-12 13:41:21,337 INFO  EvoClassLoader - Instrumenting class 'org.apache.commons.configuration2.sync.SynchronizerSupport'.
2024-11-12 13:41:21,338 INFO  EvoClassLoader - Defined package (3): package org.apache.commons.configuration2.sync, 1116684017
2024-11-12 13:41:21,338 INFO  EvoClassLoader - Keeping class: org.apache.commons.configuration2.sync.SynchronizerSupport
2024-11-12 13:41:21,338 INFO  EvoClassLoader - Keeping class: org.apache.commons.configuration2.Configuration
2024-11-12 13:41:21,338 INFO  EvoClassLoader - Seeing class for first time: org.apache.hadoop.metrics2.impl.MetricsSystemImpl$4
2024-11-12 13:41:21,338 INFO  EvoClassLoader - Instrumenting class 'org.apache.hadoop.metrics2.impl.MetricsSystemImpl$4'.
2024-11-12 13:41:21,338 INFO  MethodCallReplacementClassAdapter - Adding mock interface to class org/apache/hadoop/metrics2/impl/MetricsSystemImpl$4
2024-11-12 13:41:21,338 INFO  EvoClassLoader - Keeping class: org.apache.hadoop.metrics2.impl.MetricsSystemImpl$4
2024-11-12 13:41:21,338 INFO  EvoClassLoader - Seeing class for first time: org.apache.hadoop.metrics2.MetricsCollector
2024-11-12 13:41:21,338 INFO  EvoClassLoader - Instrumenting class 'org.apache.hadoop.metrics2.MetricsCollector'.
2024-11-12 13:41:21,339 INFO  EvoClassLoader - Keeping class: org.apache.hadoop.metrics2.MetricsCollector
2024-11-12 13:41:21,339 INFO  EvoClassLoader - Seeing class for first time: org.apache.hadoop.metrics2.impl.MetricsSystemImpl$InitMode
2024-11-12 13:41:21,339 INFO  EvoClassLoader - Instrumenting class 'org.apache.hadoop.metrics2.impl.MetricsSystemImpl$InitMode'.
2024-11-12 13:41:21,339 INFO  MethodCallReplacementClassAdapter - Adding mock interface to class org/apache/hadoop/metrics2/impl/MetricsSystemImpl$InitMode
2024-11-12 13:41:21,339 INFO  CreateClassResetClassAdapter - Found static initializer in class org/apache/hadoop/metrics2/impl/MetricsSystemImpl$InitMode
2024-11-12 13:41:21,339 INFO  EvoClassLoader - Keeping class: org.apache.hadoop.metrics2.impl.MetricsSystemImpl$InitMode
2024-11-12 13:41:21,339 INFO  EvoClassLoader - Seeing class for first time: org.apache.hadoop.metrics2.impl.MetricsConfig
2024-11-12 13:41:21,339 INFO  EvoClassLoader - Instrumenting class 'org.apache.hadoop.metrics2.impl.MetricsConfig'.
2024-11-12 13:41:21,339 INFO  MethodCallReplacementClassAdapter - Adding mock interface to class org/apache/hadoop/metrics2/impl/MetricsConfig
2024-11-12 13:41:21,340 INFO  CreateClassResetClassAdapter - Found static initializer in class org/apache/hadoop/metrics2/impl/MetricsConfig
2024-11-12 13:41:21,340 INFO  EvoClassLoader - Seeing class for first time: org.apache.commons.configuration2.SubsetConfiguration
2024-11-12 13:41:21,340 INFO  EvoClassLoader - Instrumenting class 'org.apache.commons.configuration2.SubsetConfiguration'.
2024-11-12 13:41:21,340 INFO  MethodCallReplacementClassAdapter - Adding mock interface to class org/apache/commons/configuration2/SubsetConfiguration
2024-11-12 13:41:21,341 INFO  CreateClassResetClassAdapter - Creating brand-new static initializer in class org/apache/commons/configuration2/SubsetConfiguration
2024-11-12 13:41:21,341 INFO  EvoClassLoader - Seeing class for first time: org.apache.commons.configuration2.AbstractConfiguration
2024-11-12 13:41:21,341 INFO  EvoClassLoader - Instrumenting class 'org.apache.commons.configuration2.AbstractConfiguration'.
2024-11-12 13:41:21,342 INFO  MethodCallReplacementClassAdapter - Adding mock interface to class org/apache/commons/configuration2/AbstractConfiguration
2024-11-12 13:41:21,344 INFO  CreateClassResetClassAdapter - Creating brand-new static initializer in class org/apache/commons/configuration2/AbstractConfiguration
2024-11-12 13:41:21,344 INFO  EvoClassLoader - Seeing class for first time: org.apache.commons.configuration2.event.BaseEventSource
2024-11-12 13:41:21,344 INFO  EvoClassLoader - Instrumenting class 'org.apache.commons.configuration2.event.BaseEventSource'.
2024-11-12 13:41:21,344 INFO  MethodCallReplacementClassAdapter - Adding mock interface to class org/apache/commons/configuration2/event/BaseEventSource
2024-11-12 13:41:21,345 INFO  CreateClassResetClassAdapter - Creating brand-new static initializer in class org/apache/commons/configuration2/event/BaseEventSource
2024-11-12 13:41:21,345 INFO  EvoClassLoader - Defined package (3): package org.apache.commons.configuration2.event, 244439300
2024-11-12 13:41:21,345 INFO  EvoClassLoader - Seeing class for first time: org.apache.commons.configuration2.event.EventSource
2024-11-12 13:41:21,345 INFO  EvoClassLoader - Instrumenting class 'org.apache.commons.configuration2.event.EventSource'.
2024-11-12 13:41:21,345 INFO  EvoClassLoader - Keeping class: org.apache.commons.configuration2.event.EventSource
2024-11-12 13:41:21,345 INFO  EvoClassLoader - Keeping class: org.apache.commons.configuration2.event.BaseEventSource
2024-11-12 13:41:21,345 INFO  EvoClassLoader - Keeping class: org.apache.commons.configuration2.AbstractConfiguration
2024-11-12 13:41:21,345 INFO  EvoClassLoader - Keeping class: org.apache.commons.configuration2.SubsetConfiguration
2024-11-12 13:41:21,345 INFO  EvoClassLoader - Keeping class: org.apache.hadoop.metrics2.impl.MetricsConfig
2024-11-12 13:41:21,345 INFO  EvoClassLoader - Seeing class for first time: org.apache.hadoop.metrics2.impl.MetricsSinkAdapter
2024-11-12 13:41:21,345 INFO  EvoClassLoader - Instrumenting class 'org.apache.hadoop.metrics2.impl.MetricsSinkAdapter'.
2024-11-12 13:41:21,346 INFO  MethodCallReplacementClassAdapter - Adding mock interface to class org/apache/hadoop/metrics2/impl/MetricsSinkAdapter
2024-11-12 13:41:21,347 INFO  CreateClassResetClassAdapter - Found static initializer in class org/apache/hadoop/metrics2/impl/MetricsSinkAdapter
2024-11-12 13:41:21,347 INFO  EvoClassLoader - Seeing class for first time: org.apache.hadoop.metrics2.impl.SinkQueue$Consumer
2024-11-12 13:41:21,347 INFO  EvoClassLoader - Instrumenting class 'org.apache.hadoop.metrics2.impl.SinkQueue$Consumer'.
2024-11-12 13:41:21,347 INFO  EvoClassLoader - Keeping class: org.apache.hadoop.metrics2.impl.SinkQueue$Consumer
2024-11-12 13:41:21,347 INFO  EvoClassLoader - Keeping class: org.apache.hadoop.metrics2.impl.MetricsSinkAdapter
2024-11-12 13:41:21,347 INFO  EvoClassLoader - Seeing class for first time: org.apache.hadoop.metrics2.impl.MetricsBuffer
2024-11-12 13:41:21,347 INFO  EvoClassLoader - Instrumenting class 'org.apache.hadoop.metrics2.impl.MetricsBuffer'.
2024-11-12 13:41:21,348 INFO  MethodCallReplacementClassAdapter - Adding mock interface to class org/apache/hadoop/metrics2/impl/MetricsBuffer
2024-11-12 13:41:21,348 INFO  CreateClassResetClassAdapter - Creating brand-new static initializer in class org/apache/hadoop/metrics2/impl/MetricsBuffer
2024-11-12 13:41:21,348 INFO  EvoClassLoader - Keeping class: org.apache.hadoop.metrics2.impl.MetricsBuffer
2024-11-12 13:41:21,348 INFO  EvoClassLoader - Seeing class for first time: org.apache.hadoop.metrics2.impl.MetricsSourceAdapter
2024-11-12 13:41:21,348 INFO  EvoClassLoader - Instrumenting class 'org.apache.hadoop.metrics2.impl.MetricsSourceAdapter'.
2024-11-12 13:41:21,348 INFO  MethodCallReplacementClassAdapter - Adding mock interface to class org/apache/hadoop/metrics2/impl/MetricsSourceAdapter
2024-11-12 13:41:21,349 INFO  CreateClassResetClassAdapter - Found static initializer in class org/apache/hadoop/metrics2/impl/MetricsSourceAdapter
2024-11-12 13:41:21,350 INFO  EvoClassLoader - Keeping class: org.apache.hadoop.metrics2.impl.MetricsSourceAdapter
2024-11-12 13:41:21,350 INFO  EvoClassLoader - Seeing class for first time: org.apache.hadoop.metrics2.impl.MetricsBufferBuilder
2024-11-12 13:41:21,350 INFO  EvoClassLoader - Instrumenting class 'org.apache.hadoop.metrics2.impl.MetricsBufferBuilder'.
2024-11-12 13:41:21,350 INFO  MethodCallReplacementClassAdapter - Adding mock interface to class org/apache/hadoop/metrics2/impl/MetricsBufferBuilder
2024-11-12 13:41:21,350 INFO  CreateClassResetClassAdapter - Creating brand-new static initializer in class org/apache/hadoop/metrics2/impl/MetricsBufferBuilder
2024-11-12 13:41:21,351 INFO  EvoClassLoader - Keeping class: org.apache.hadoop.metrics2.impl.MetricsBufferBuilder
2024-11-12 13:41:21,351 INFO  EvoClassLoader - Seeing class for first time: org.apache.hadoop.metrics2.lib.MetricsRegistry
2024-11-12 13:41:21,351 INFO  EvoClassLoader - Instrumenting class 'org.apache.hadoop.metrics2.lib.MetricsRegistry'.
2024-11-12 13:41:21,351 INFO  MethodCallReplacementClassAdapter - Adding mock interface to class org/apache/hadoop/metrics2/lib/MetricsRegistry
2024-11-12 13:41:21,352 INFO  CreateClassResetClassAdapter - Creating brand-new static initializer in class org/apache/hadoop/metrics2/lib/MetricsRegistry
2024-11-12 13:41:21,352 INFO  EvoClassLoader - Keeping class: org.apache.hadoop.metrics2.lib.MetricsRegistry
2024-11-12 13:41:21,353 INFO  EvoClassLoader - Seeing class for first time: org.apache.hadoop.metrics2.lib.MutableRate
2024-11-12 13:41:21,353 INFO  EvoClassLoader - Instrumenting class 'org.apache.hadoop.metrics2.lib.MutableRate'.
2024-11-12 13:41:21,353 INFO  MethodCallReplacementClassAdapter - Adding mock interface to class org/apache/hadoop/metrics2/lib/MutableRate
2024-11-12 13:41:21,353 INFO  CreateClassResetClassAdapter - Creating brand-new static initializer in class org/apache/hadoop/metrics2/lib/MutableRate
2024-11-12 13:41:21,353 INFO  EvoClassLoader - Seeing class for first time: org.apache.hadoop.metrics2.lib.MutableStat
2024-11-12 13:41:21,353 INFO  EvoClassLoader - Instrumenting class 'org.apache.hadoop.metrics2.lib.MutableStat'.
2024-11-12 13:41:21,353 INFO  MethodCallReplacementClassAdapter - Adding mock interface to class org/apache/hadoop/metrics2/lib/MutableStat
2024-11-12 13:41:21,354 INFO  CreateClassResetClassAdapter - Creating brand-new static initializer in class org/apache/hadoop/metrics2/lib/MutableStat
2024-11-12 13:41:21,354 INFO  EvoClassLoader - Keeping class: org.apache.hadoop.metrics2.lib.MutableStat
2024-11-12 13:41:21,354 INFO  EvoClassLoader - Keeping class: org.apache.hadoop.metrics2.lib.MutableRate
2024-11-12 13:41:21,354 INFO  EvoClassLoader - Seeing class for first time: org.apache.hadoop.metrics2.lib.MutableCounterLong
2024-11-12 13:41:21,354 INFO  EvoClassLoader - Instrumenting class 'org.apache.hadoop.metrics2.lib.MutableCounterLong'.
2024-11-12 13:41:21,354 INFO  MethodCallReplacementClassAdapter - Adding mock interface to class org/apache/hadoop/metrics2/lib/MutableCounterLong
2024-11-12 13:41:21,354 INFO  CreateClassResetClassAdapter - Creating brand-new static initializer in class org/apache/hadoop/metrics2/lib/MutableCounterLong
2024-11-12 13:41:21,354 INFO  EvoClassLoader - Seeing class for first time: org.apache.hadoop.metrics2.lib.MutableCounter
2024-11-12 13:41:21,354 INFO  EvoClassLoader - Instrumenting class 'org.apache.hadoop.metrics2.lib.MutableCounter'.
2024-11-12 13:41:21,354 INFO  MethodCallReplacementClassAdapter - Adding mock interface to class org/apache/hadoop/metrics2/lib/MutableCounter
2024-11-12 13:41:21,355 INFO  CreateClassResetClassAdapter - Creating brand-new static initializer in class org/apache/hadoop/metrics2/lib/MutableCounter
2024-11-12 13:41:21,355 INFO  EvoClassLoader - Keeping class: org.apache.hadoop.metrics2.lib.MutableCounter
2024-11-12 13:41:21,355 INFO  EvoClassLoader - Keeping class: org.apache.hadoop.metrics2.lib.MutableCounterLong
2024-11-12 13:41:21,355 INFO  EvoClassLoader - Seeing class for first time: org.apache.hadoop.metrics2.lib.MutableCounterInt
2024-11-12 13:41:21,355 INFO  EvoClassLoader - Instrumenting class 'org.apache.hadoop.metrics2.lib.MutableCounterInt'.
2024-11-12 13:41:21,355 INFO  MethodCallReplacementClassAdapter - Adding mock interface to class org/apache/hadoop/metrics2/lib/MutableCounterInt
2024-11-12 13:41:21,355 INFO  CreateClassResetClassAdapter - Creating brand-new static initializer in class org/apache/hadoop/metrics2/lib/MutableCounterInt
2024-11-12 13:41:21,355 INFO  EvoClassLoader - Keeping class: org.apache.hadoop.metrics2.lib.MutableCounterInt
2024-11-12 13:41:21,355 INFO  EvoClassLoader - Seeing class for first time: org.apache.hadoop.metrics2.lib.MutableGaugeFloat
2024-11-12 13:41:21,355 INFO  EvoClassLoader - Instrumenting class 'org.apache.hadoop.metrics2.lib.MutableGaugeFloat'.
2024-11-12 13:41:21,355 INFO  MethodCallReplacementClassAdapter - Adding mock interface to class org/apache/hadoop/metrics2/lib/MutableGaugeFloat
2024-11-12 13:41:21,355 INFO  CreateClassResetClassAdapter - Creating brand-new static initializer in class org/apache/hadoop/metrics2/lib/MutableGaugeFloat
2024-11-12 13:41:21,355 INFO  EvoClassLoader - Keeping class: org.apache.hadoop.metrics2.lib.MutableGaugeFloat
2024-11-12 13:41:21,355 INFO  EvoClassLoader - Seeing class for first time: org.apache.hadoop.metrics2.lib.MutableRatesWithAggregation
2024-11-12 13:41:21,355 INFO  EvoClassLoader - Instrumenting class 'org.apache.hadoop.metrics2.lib.MutableRatesWithAggregation'.
2024-11-12 13:41:21,356 INFO  MethodCallReplacementClassAdapter - Adding mock interface to class org/apache/hadoop/metrics2/lib/MutableRatesWithAggregation
2024-11-12 13:41:21,356 INFO  CreateClassResetClassAdapter - Found static initializer in class org/apache/hadoop/metrics2/lib/MutableRatesWithAggregation
2024-11-12 13:41:21,356 INFO  EvoClassLoader - Keeping class: org.apache.hadoop.metrics2.lib.MutableRatesWithAggregation
2024-11-12 13:41:21,356 INFO  EvoClassLoader - Seeing class for first time: org.apache.hadoop.metrics2.lib.MutableRollingAverages
2024-11-12 13:41:21,356 INFO  EvoClassLoader - Instrumenting class 'org.apache.hadoop.metrics2.lib.MutableRollingAverages'.
2024-11-12 13:41:21,357 INFO  MethodCallReplacementClassAdapter - Adding mock interface to class org/apache/hadoop/metrics2/lib/MutableRollingAverages
2024-11-12 13:41:21,357 INFO  CreateClassResetClassAdapter - Found static initializer in class org/apache/hadoop/metrics2/lib/MutableRollingAverages
2024-11-12 13:41:21,357 INFO  EvoClassLoader - Keeping class: org.apache.hadoop.metrics2.lib.MutableRollingAverages
2024-11-12 13:41:21,357 INFO  EvoClassLoader - Seeing class for first time: org.apache.hadoop.metrics2.MetricsRecordBuilder
2024-11-12 13:41:21,357 INFO  EvoClassLoader - Instrumenting class 'org.apache.hadoop.metrics2.MetricsRecordBuilder'.
2024-11-12 13:41:21,357 INFO  MethodCallReplacementClassAdapter - Adding mock interface to class org/apache/hadoop/metrics2/MetricsRecordBuilder
2024-11-12 13:41:21,357 INFO  CreateClassResetClassAdapter - Creating brand-new static initializer in class org/apache/hadoop/metrics2/MetricsRecordBuilder
2024-11-12 13:41:21,358 INFO  EvoClassLoader - Keeping class: org.apache.hadoop.metrics2.MetricsRecordBuilder
2024-11-12 13:41:21,358 INFO  EvoClassLoader - Seeing class for first time: org.apache.hadoop.metrics2.MetricsTag
2024-11-12 13:41:21,358 INFO  EvoClassLoader - Instrumenting class 'org.apache.hadoop.metrics2.MetricsTag'.
2024-11-12 13:41:21,358 INFO  MethodCallReplacementClassAdapter - Adding mock interface to class org/apache/hadoop/metrics2/MetricsTag
2024-11-12 13:41:21,358 INFO  CreateClassResetClassAdapter - Creating brand-new static initializer in class org/apache/hadoop/metrics2/MetricsTag
2024-11-12 13:41:21,358 INFO  EvoClassLoader - Keeping class: org.apache.hadoop.metrics2.MetricsTag
2024-11-12 13:41:21,358 INFO  EvoClassLoader - Seeing class for first time: org.apache.hadoop.metrics2.lib.MutableQuantiles
2024-11-12 13:41:21,358 INFO  EvoClassLoader - Instrumenting class 'org.apache.hadoop.metrics2.lib.MutableQuantiles'.
2024-11-12 13:41:21,358 INFO  MethodCallReplacementClassAdapter - Adding mock interface to class org/apache/hadoop/metrics2/lib/MutableQuantiles
2024-11-12 13:41:21,358 INFO  CreateClassResetClassAdapter - Found static initializer in class org/apache/hadoop/metrics2/lib/MutableQuantiles
2024-11-12 13:41:21,359 INFO  EvoClassLoader - Keeping class: org.apache.hadoop.metrics2.lib.MutableQuantiles
2024-11-12 13:41:21,359 INFO  EvoClassLoader - Seeing class for first time: org.apache.hadoop.thirdparty.com.google.common.collect.Maps
2024-11-12 13:41:21,359 INFO  EvoClassLoader - Instrumenting class 'org.apache.hadoop.thirdparty.com.google.common.collect.Maps'.
2024-11-12 13:41:21,359 INFO  MethodCallReplacementClassAdapter - Adding mock interface to class org/apache/hadoop/thirdparty/com/google/common/collect/Maps
2024-11-12 13:41:21,362 INFO  CreateClassResetClassAdapter - Creating brand-new static initializer in class org/apache/hadoop/thirdparty/com/google/common/collect/Maps
2024-11-12 13:41:21,363 INFO  EvoClassLoader - Keeping class: org.apache.hadoop.thirdparty.com.google.common.collect.Maps
2024-11-12 13:41:21,363 INFO  EvoClassLoader - Seeing class for first time: org.apache.hadoop.thirdparty.com.google.common.collect.SortedMapDifference
2024-11-12 13:41:21,363 INFO  EvoClassLoader - Instrumenting class 'org.apache.hadoop.thirdparty.com.google.common.collect.SortedMapDifference'.
2024-11-12 13:41:21,363 INFO  EvoClassLoader - Seeing class for first time: org.apache.hadoop.thirdparty.com.google.common.collect.MapDifference
2024-11-12 13:41:21,363 INFO  EvoClassLoader - Instrumenting class 'org.apache.hadoop.thirdparty.com.google.common.collect.MapDifference'.
2024-11-12 13:41:21,364 INFO  EvoClassLoader - Keeping class: org.apache.hadoop.thirdparty.com.google.common.collect.MapDifference
2024-11-12 13:41:21,364 INFO  EvoClassLoader - Keeping class: org.apache.hadoop.thirdparty.com.google.common.collect.SortedMapDifference
2024-11-12 13:41:21,364 INFO  EvoClassLoader - Seeing class for first time: org.apache.hadoop.thirdparty.com.google.common.collect.Maps$8
2024-11-12 13:41:21,364 INFO  EvoClassLoader - Instrumenting class 'org.apache.hadoop.thirdparty.com.google.common.collect.Maps$8'.
2024-11-12 13:41:21,364 INFO  MethodCallReplacementClassAdapter - Adding mock interface to class org/apache/hadoop/thirdparty/com/google/common/collect/Maps$8
2024-11-12 13:41:21,365 INFO  EvoClassLoader - Keeping class: org.apache.hadoop.thirdparty.com.google.common.collect.Maps$8
2024-11-12 13:41:21,365 INFO  EvoClassLoader - Seeing class for first time: org.apache.hadoop.thirdparty.com.google.common.base.Converter
2024-11-12 13:41:21,365 INFO  EvoClassLoader - Instrumenting class 'org.apache.hadoop.thirdparty.com.google.common.base.Converter'.
2024-11-12 13:41:21,365 INFO  MethodCallReplacementClassAdapter - Adding mock interface to class org/apache/hadoop/thirdparty/com/google/common/base/Converter
2024-11-12 13:41:21,366 INFO  CreateClassResetClassAdapter - Creating brand-new static initializer in class org/apache/hadoop/thirdparty/com/google/common/base/Converter
2024-11-12 13:41:21,366 INFO  EvoClassLoader - Keeping class: org.apache.hadoop.thirdparty.com.google.common.base.Converter
2024-11-12 13:41:21,366 INFO  EvoClassLoader - Seeing class for first time: org.apache.hadoop.thirdparty.com.google.common.collect.Maps$BiMapConverter
2024-11-12 13:41:21,366 INFO  EvoClassLoader - Instrumenting class 'org.apache.hadoop.thirdparty.com.google.common.collect.Maps$BiMapConverter'.
2024-11-12 13:41:21,367 INFO  MethodCallReplacementClassAdapter - Adding mock interface to class org/apache/hadoop/thirdparty/com/google/common/collect/Maps$BiMapConverter
2024-11-12 13:41:21,367 INFO  CreateClassResetClassAdapter - Creating brand-new static initializer in class org/apache/hadoop/thirdparty/com/google/common/collect/Maps$BiMapConverter
2024-11-12 13:41:21,367 INFO  EvoClassLoader - Keeping class: org.apache.hadoop.thirdparty.com.google.common.collect.Maps$BiMapConverter
2024-11-12 13:41:21,367 INFO  EvoClassLoader - Seeing class for first time: org.apache.hadoop.thirdparty.com.google.common.collect.BiMap
2024-11-12 13:41:21,367 INFO  EvoClassLoader - Instrumenting class 'org.apache.hadoop.thirdparty.com.google.common.collect.BiMap'.
2024-11-12 13:41:21,368 INFO  EvoClassLoader - Keeping class: org.apache.hadoop.thirdparty.com.google.common.collect.BiMap
2024-11-12 13:41:21,368 INFO  EvoClassLoader - Seeing class for first time: org.apache.hadoop.thirdparty.com.google.common.collect.Maps$EntryTransformer
2024-11-12 13:41:21,368 INFO  EvoClassLoader - Instrumenting class 'org.apache.hadoop.thirdparty.com.google.common.collect.Maps$EntryTransformer'.
2024-11-12 13:41:21,369 INFO  EvoClassLoader - Keeping class: org.apache.hadoop.thirdparty.com.google.common.collect.Maps$EntryTransformer
2024-11-12 13:41:21,369 INFO  EvoClassLoader - Seeing class for first time: org.apache.hadoop.thirdparty.com.google.common.collect.ImmutableEnumMap
2024-11-12 13:41:21,369 INFO  EvoClassLoader - Instrumenting class 'org.apache.hadoop.thirdparty.com.google.common.collect.ImmutableEnumMap'.
2024-11-12 13:41:21,369 INFO  MethodCallReplacementClassAdapter - Adding mock interface to class org/apache/hadoop/thirdparty/com/google/common/collect/ImmutableEnumMap
2024-11-12 13:41:21,369 INFO  CreateClassResetClassAdapter - Creating brand-new static initializer in class org/apache/hadoop/thirdparty/com/google/common/collect/ImmutableEnumMap
2024-11-12 13:41:21,370 INFO  EvoClassLoader - Seeing class for first time: org.apache.hadoop.thirdparty.com.google.common.collect.ImmutableMap$IteratorBasedImmutableMap
2024-11-12 13:41:21,370 INFO  EvoClassLoader - Instrumenting class 'org.apache.hadoop.thirdparty.com.google.common.collect.ImmutableMap$IteratorBasedImmutableMap'.
2024-11-12 13:41:21,370 INFO  MethodCallReplacementClassAdapter - Adding mock interface to class org/apache/hadoop/thirdparty/com/google/common/collect/ImmutableMap$IteratorBasedImmutableMap
2024-11-12 13:41:21,370 INFO  CreateClassResetClassAdapter - Creating brand-new static initializer in class org/apache/hadoop/thirdparty/com/google/common/collect/ImmutableMap$IteratorBasedImmutableMap
2024-11-12 13:41:21,370 INFO  EvoClassLoader - Keeping class: org.apache.hadoop.thirdparty.com.google.common.collect.ImmutableMap$IteratorBasedImmutableMap
2024-11-12 13:41:21,370 INFO  EvoClassLoader - Keeping class: org.apache.hadoop.thirdparty.com.google.common.collect.ImmutableEnumMap
2024-11-12 13:41:21,370 INFO  EvoClassLoader - Seeing class for first time: org.apache.hadoop.thirdparty.com.google.common.collect.Range
2024-11-12 13:41:21,370 INFO  EvoClassLoader - Instrumenting class 'org.apache.hadoop.thirdparty.com.google.common.collect.Range'.
2024-11-12 13:41:21,371 INFO  MethodCallReplacementClassAdapter - Adding mock interface to class org/apache/hadoop/thirdparty/com/google/common/collect/Range
2024-11-12 13:41:21,371 INFO  CreateClassResetClassAdapter - Found static initializer in class org/apache/hadoop/thirdparty/com/google/common/collect/Range
2024-11-12 13:41:21,372 INFO  EvoClassLoader - Seeing class for first time: org.apache.hadoop.thirdparty.com.google.common.collect.RangeGwtSerializationDependencies
2024-11-12 13:41:21,372 INFO  EvoClassLoader - Instrumenting class 'org.apache.hadoop.thirdparty.com.google.common.collect.RangeGwtSerializationDependencies'.
2024-11-12 13:41:21,372 INFO  MethodCallReplacementClassAdapter - Adding mock interface to class org/apache/hadoop/thirdparty/com/google/common/collect/RangeGwtSerializationDependencies
2024-11-12 13:41:21,372 INFO  CreateClassResetClassAdapter - Creating brand-new static initializer in class org/apache/hadoop/thirdparty/com/google/common/collect/RangeGwtSerializationDependencies
2024-11-12 13:41:21,372 INFO  EvoClassLoader - Keeping class: org.apache.hadoop.thirdparty.com.google.common.collect.RangeGwtSerializationDependencies
2024-11-12 13:41:21,372 INFO  EvoClassLoader - Keeping class: org.apache.hadoop.thirdparty.com.google.common.collect.Range
2024-11-12 13:41:21,372 INFO  EvoClassLoader - Seeing class for first time: org.apache.hadoop.thirdparty.com.google.common.collect.Maps$AbstractFilteredMap
2024-11-12 13:41:21,372 INFO  EvoClassLoader - Instrumenting class 'org.apache.hadoop.thirdparty.com.google.common.collect.Maps$AbstractFilteredMap'.
2024-11-12 13:41:21,372 INFO  MethodCallReplacementClassAdapter - Adding mock interface to class org/apache/hadoop/thirdparty/com/google/common/collect/Maps$AbstractFilteredMap
2024-11-12 13:41:21,372 INFO  CreateClassResetClassAdapter - Creating brand-new static initializer in class org/apache/hadoop/thirdparty/com/google/common/collect/Maps$AbstractFilteredMap
2024-11-12 13:41:21,372 INFO  EvoClassLoader - Seeing class for first time: org.apache.hadoop.thirdparty.com.google.common.collect.Maps$ViewCachingAbstractMap
2024-11-12 13:41:21,372 INFO  EvoClassLoader - Instrumenting class 'org.apache.hadoop.thirdparty.com.google.common.collect.Maps$ViewCachingAbstractMap'.
2024-11-12 13:41:21,373 INFO  MethodCallReplacementClassAdapter - Adding mock interface to class org/apache/hadoop/thirdparty/com/google/common/collect/Maps$ViewCachingAbstractMap
2024-11-12 13:41:21,373 INFO  CreateClassResetClassAdapter - Creating brand-new static initializer in class org/apache/hadoop/thirdparty/com/google/common/collect/Maps$ViewCachingAbstractMap
2024-11-12 13:41:21,373 INFO  EvoClassLoader - Keeping class: org.apache.hadoop.thirdparty.com.google.common.collect.Maps$ViewCachingAbstractMap
2024-11-12 13:41:21,373 INFO  EvoClassLoader - Keeping class: org.apache.hadoop.thirdparty.com.google.common.collect.Maps$AbstractFilteredMap
2024-11-12 13:41:21,373 INFO  EvoClassLoader - Seeing class for first time: org.apache.hadoop.thirdparty.com.google.common.collect.Maps$FilteredEntrySortedMap
2024-11-12 13:41:21,373 INFO  EvoClassLoader - Instrumenting class 'org.apache.hadoop.thirdparty.com.google.common.collect.Maps$FilteredEntrySortedMap'.
2024-11-12 13:41:21,373 INFO  MethodCallReplacementClassAdapter - Adding mock interface to class org/apache/hadoop/thirdparty/com/google/common/collect/Maps$FilteredEntrySortedMap
2024-11-12 13:41:21,373 INFO  CreateClassResetClassAdapter - Creating brand-new static initializer in class org/apache/hadoop/thirdparty/com/google/common/collect/Maps$FilteredEntrySortedMap
2024-11-12 13:41:21,373 INFO  EvoClassLoader - Seeing class for first time: org.apache.hadoop.thirdparty.com.google.common.collect.Maps$FilteredEntryMap
2024-11-12 13:41:21,373 INFO  EvoClassLoader - Instrumenting class 'org.apache.hadoop.thirdparty.com.google.common.collect.Maps$FilteredEntryMap'.
2024-11-12 13:41:21,373 INFO  MethodCallReplacementClassAdapter - Adding mock interface to class org/apache/hadoop/thirdparty/com/google/common/collect/Maps$FilteredEntryMap
2024-11-12 13:41:21,373 INFO  CreateClassResetClassAdapter - Creating brand-new static initializer in class org/apache/hadoop/thirdparty/com/google/common/collect/Maps$FilteredEntryMap
2024-11-12 13:41:21,374 INFO  EvoClassLoader - Keeping class: org.apache.hadoop.thirdparty.com.google.common.collect.Maps$FilteredEntryMap
2024-11-12 13:41:21,374 INFO  EvoClassLoader - Keeping class: org.apache.hadoop.thirdparty.com.google.common.collect.Maps$FilteredEntrySortedMap
2024-11-12 13:41:21,374 INFO  EvoClassLoader - Seeing class for first time: org.apache.hadoop.thirdparty.com.google.common.collect.Maps$FilteredEntryNavigableMap
2024-11-12 13:41:21,374 INFO  EvoClassLoader - Instrumenting class 'org.apache.hadoop.thirdparty.com.google.common.collect.Maps$FilteredEntryNavigableMap'.
2024-11-12 13:41:21,374 INFO  MethodCallReplacementClassAdapter - Adding mock interface to class org/apache/hadoop/thirdparty/com/google/common/collect/Maps$FilteredEntryNavigableMap
2024-11-12 13:41:21,374 INFO  CreateClassResetClassAdapter - Creating brand-new static initializer in class org/apache/hadoop/thirdparty/com/google/common/collect/Maps$FilteredEntryNavigableMap
2024-11-12 13:41:21,374 INFO  EvoClassLoader - Seeing class for first time: org.apache.hadoop.thirdparty.com.google.common.collect.AbstractNavigableMap
2024-11-12 13:41:21,374 INFO  EvoClassLoader - Instrumenting class 'org.apache.hadoop.thirdparty.com.google.common.collect.AbstractNavigableMap'.
2024-11-12 13:41:21,374 INFO  MethodCallReplacementClassAdapter - Adding mock interface to class org/apache/hadoop/thirdparty/com/google/common/collect/AbstractNavigableMap
2024-11-12 13:41:21,374 INFO  CreateClassResetClassAdapter - Creating brand-new static initializer in class org/apache/hadoop/thirdparty/com/google/common/collect/AbstractNavigableMap
2024-11-12 13:41:21,374 INFO  EvoClassLoader - Seeing class for first time: org.apache.hadoop.thirdparty.com.google.common.collect.Maps$IteratorBasedAbstractMap
2024-11-12 13:41:21,374 INFO  EvoClassLoader - Instrumenting class 'org.apache.hadoop.thirdparty.com.google.common.collect.Maps$IteratorBasedAbstractMap'.
2024-11-12 13:41:21,375 INFO  MethodCallReplacementClassAdapter - Adding mock interface to class org/apache/hadoop/thirdparty/com/google/common/collect/Maps$IteratorBasedAbstractMap
2024-11-12 13:41:21,375 INFO  CreateClassResetClassAdapter - Creating brand-new static initializer in class org/apache/hadoop/thirdparty/com/google/common/collect/Maps$IteratorBasedAbstractMap
2024-11-12 13:41:21,375 INFO  EvoClassLoader - Keeping class: org.apache.hadoop.thirdparty.com.google.common.collect.Maps$IteratorBasedAbstractMap
2024-11-12 13:41:21,375 INFO  EvoClassLoader - Keeping class: org.apache.hadoop.thirdparty.com.google.common.collect.AbstractNavigableMap
2024-11-12 13:41:21,375 INFO  EvoClassLoader - Keeping class: org.apache.hadoop.thirdparty.com.google.common.collect.Maps$FilteredEntryNavigableMap
2024-11-12 13:41:21,375 INFO  EvoClassLoader - Seeing class for first time: org.apache.hadoop.thirdparty.com.google.common.collect.Maps$FilteredEntryBiMap
2024-11-12 13:41:21,375 INFO  EvoClassLoader - Instrumenting class 'org.apache.hadoop.thirdparty.com.google.common.collect.Maps$FilteredEntryBiMap'.
2024-11-12 13:41:21,375 INFO  MethodCallReplacementClassAdapter - Adding mock interface to class org/apache/hadoop/thirdparty/com/google/common/collect/Maps$FilteredEntryBiMap
2024-11-12 13:41:21,375 INFO  CreateClassResetClassAdapter - Creating brand-new static initializer in class org/apache/hadoop/thirdparty/com/google/common/collect/Maps$FilteredEntryBiMap
2024-11-12 13:41:21,375 INFO  EvoClassLoader - Keeping class: org.apache.hadoop.thirdparty.com.google.common.collect.Maps$FilteredEntryBiMap
2024-11-12 13:41:21,376 INFO  EvoClassLoader - Seeing class for first time: org.apache.hadoop.metrics2.lib.Interns
2024-11-12 13:41:21,376 INFO  EvoClassLoader - Instrumenting class 'org.apache.hadoop.metrics2.lib.Interns'.
2024-11-12 13:41:21,376 INFO  MethodCallReplacementClassAdapter - Adding mock interface to class org/apache/hadoop/metrics2/lib/Interns
2024-11-12 13:41:21,376 INFO  CreateClassResetClassAdapter - Found static initializer in class org/apache/hadoop/metrics2/lib/Interns
2024-11-12 13:41:21,376 INFO  EvoClassLoader - Keeping class: org.apache.hadoop.metrics2.lib.Interns
2024-11-12 13:41:21,376 INFO  EvoClassLoader - Seeing class for first time: org.apache.hadoop.metrics2.lib.Interns$CacheWith2Keys
2024-11-12 13:41:21,376 INFO  EvoClassLoader - Instrumenting class 'org.apache.hadoop.metrics2.lib.Interns$CacheWith2Keys'.
2024-11-12 13:41:21,376 INFO  MethodCallReplacementClassAdapter - Adding mock interface to class org/apache/hadoop/metrics2/lib/Interns$CacheWith2Keys
2024-11-12 13:41:21,377 INFO  CreateClassResetClassAdapter - Creating brand-new static initializer in class org/apache/hadoop/metrics2/lib/Interns$CacheWith2Keys
2024-11-12 13:41:21,377 INFO  EvoClassLoader - Keeping class: org.apache.hadoop.metrics2.lib.Interns$CacheWith2Keys
2024-11-12 13:41:21,377 INFO  EvoClassLoader - Seeing class for first time: org.apache.hadoop.metrics2.lib.Interns$Tags
2024-11-12 13:41:21,377 INFO  EvoClassLoader - Instrumenting class 'org.apache.hadoop.metrics2.lib.Interns$Tags'.
2024-11-12 13:41:21,377 INFO  MethodCallReplacementClassAdapter - Adding mock interface to class org/apache/hadoop/metrics2/lib/Interns$Tags
2024-11-12 13:41:21,377 INFO  CreateClassResetClassAdapter - Found static initializer in class org/apache/hadoop/metrics2/lib/Interns$Tags
2024-11-12 13:41:21,377 INFO  EvoClassLoader - Keeping class: org.apache.hadoop.metrics2.lib.Interns$Tags
2024-11-12 13:41:21,377 INFO  EvoClassLoader - Seeing class for first time: org.apache.hadoop.metrics2.lib.Interns$Info
2024-11-12 13:41:21,377 INFO  EvoClassLoader - Instrumenting class 'org.apache.hadoop.metrics2.lib.Interns$Info'.
2024-11-12 13:41:21,377 INFO  MethodCallReplacementClassAdapter - Adding mock interface to class org/apache/hadoop/metrics2/lib/Interns$Info
2024-11-12 13:41:21,377 INFO  CreateClassResetClassAdapter - Found static initializer in class org/apache/hadoop/metrics2/lib/Interns$Info
2024-11-12 13:41:21,377 INFO  EvoClassLoader - Keeping class: org.apache.hadoop.metrics2.lib.Interns$Info
2024-11-12 13:41:21,377 INFO  EvoClassLoader - Seeing class for first time: org.apache.hadoop.metrics2.lib.Interns$Info$1
2024-11-12 13:41:21,377 INFO  EvoClassLoader - Instrumenting class 'org.apache.hadoop.metrics2.lib.Interns$Info$1'.
2024-11-12 13:41:21,378 INFO  MethodCallReplacementClassAdapter - Adding mock interface to class org/apache/hadoop/metrics2/lib/Interns$Info$1
2024-11-12 13:41:21,378 INFO  EvoClassLoader - Keeping class: org.apache.hadoop.metrics2.lib.Interns$Info$1
2024-11-12 13:41:21,378 INFO  EvoClassLoader - Seeing class for first time: org.apache.hadoop.metrics2.lib.Interns$CacheWith2Keys$1
2024-11-12 13:41:21,378 INFO  EvoClassLoader - Instrumenting class 'org.apache.hadoop.metrics2.lib.Interns$CacheWith2Keys$1'.
2024-11-12 13:41:21,378 INFO  MethodCallReplacementClassAdapter - Adding mock interface to class org/apache/hadoop/metrics2/lib/Interns$CacheWith2Keys$1
2024-11-12 13:41:21,378 INFO  EvoClassLoader - Keeping class: org.apache.hadoop.metrics2.lib.Interns$CacheWith2Keys$1
2024-11-12 13:41:21,378 INFO  EvoClassLoader - Seeing class for first time: org.apache.hadoop.metrics2.lib.Interns$CacheWith2Keys$2
2024-11-12 13:41:21,378 INFO  EvoClassLoader - Instrumenting class 'org.apache.hadoop.metrics2.lib.Interns$CacheWith2Keys$2'.
2024-11-12 13:41:21,378 INFO  MethodCallReplacementClassAdapter - Adding mock interface to class org/apache/hadoop/metrics2/lib/Interns$CacheWith2Keys$2
2024-11-12 13:41:21,379 INFO  EvoClassLoader - Keeping class: org.apache.hadoop.metrics2.lib.Interns$CacheWith2Keys$2
2024-11-12 13:41:21,379 INFO  EvoClassLoader - Seeing class for first time: org.apache.hadoop.metrics2.lib.MetricsInfoImpl
2024-11-12 13:41:21,379 INFO  EvoClassLoader - Instrumenting class 'org.apache.hadoop.metrics2.lib.MetricsInfoImpl'.
2024-11-12 13:41:21,379 INFO  MethodCallReplacementClassAdapter - Adding mock interface to class org/apache/hadoop/metrics2/lib/MetricsInfoImpl
2024-11-12 13:41:21,379 INFO  CreateClassResetClassAdapter - Creating brand-new static initializer in class org/apache/hadoop/metrics2/lib/MetricsInfoImpl
2024-11-12 13:41:21,379 INFO  EvoClassLoader - Keeping class: org.apache.hadoop.metrics2.lib.MetricsInfoImpl
2024-11-12 13:41:21,379 INFO  EvoClassLoader - Seeing class for first time: org.apache.hadoop.metrics2.impl.MetricsCollectorImpl
2024-11-12 13:41:21,379 INFO  EvoClassLoader - Instrumenting class 'org.apache.hadoop.metrics2.impl.MetricsCollectorImpl'.
2024-11-12 13:41:21,379 INFO  MethodCallReplacementClassAdapter - Adding mock interface to class org/apache/hadoop/metrics2/impl/MetricsCollectorImpl
2024-11-12 13:41:21,379 INFO  CreateClassResetClassAdapter - Creating brand-new static initializer in class org/apache/hadoop/metrics2/impl/MetricsCollectorImpl
2024-11-12 13:41:21,380 INFO  EvoClassLoader - Keeping class: org.apache.hadoop.metrics2.impl.MetricsCollectorImpl
2024-11-12 13:41:21,380 INFO  EvoClassLoader - Seeing class for first time: org.apache.hadoop.metrics2.impl.MetricsRecordBuilderImpl
2024-11-12 13:41:21,380 INFO  EvoClassLoader - Instrumenting class 'org.apache.hadoop.metrics2.impl.MetricsRecordBuilderImpl'.
2024-11-12 13:41:21,380 INFO  MethodCallReplacementClassAdapter - Adding mock interface to class org/apache/hadoop/metrics2/impl/MetricsRecordBuilderImpl
2024-11-12 13:41:21,380 INFO  CreateClassResetClassAdapter - Creating brand-new static initializer in class org/apache/hadoop/metrics2/impl/MetricsRecordBuilderImpl
2024-11-12 13:41:21,380 INFO  EvoClassLoader - Keeping class: org.apache.hadoop.metrics2.impl.MetricsRecordBuilderImpl
2024-11-12 13:41:21,381 INFO  EvoClassLoader - Seeing class for first time: org.apache.hadoop.metrics2.MetricsFilter
2024-11-12 13:41:21,381 INFO  EvoClassLoader - Instrumenting class 'org.apache.hadoop.metrics2.MetricsFilter'.
2024-11-12 13:41:21,381 INFO  MethodCallReplacementClassAdapter - Adding mock interface to class org/apache/hadoop/metrics2/MetricsFilter
2024-11-12 13:41:21,381 INFO  CreateClassResetClassAdapter - Creating brand-new static initializer in class org/apache/hadoop/metrics2/MetricsFilter
2024-11-12 13:41:21,381 INFO  EvoClassLoader - Keeping class: org.apache.hadoop.metrics2.MetricsFilter
2024-11-12 13:41:21,381 INFO  EvoClassLoader - Seeing class for first time: org.apache.hadoop.thirdparty.com.google.common.base.Joiner$2
2024-11-12 13:41:21,381 INFO  EvoClassLoader - Instrumenting class 'org.apache.hadoop.thirdparty.com.google.common.base.Joiner$2'.
2024-11-12 13:41:21,382 INFO  MethodCallReplacementClassAdapter - Adding mock interface to class org/apache/hadoop/thirdparty/com/google/common/base/Joiner$2
2024-11-12 13:41:21,383 INFO  EvoClassLoader - Keeping class: org.apache.hadoop.thirdparty.com.google.common.base.Joiner$2
2024-11-12 13:41:21,383 INFO  EvoClassLoader - Seeing class for first time: org.apache.hadoop.thirdparty.com.google.common.base.Joiner$1
2024-11-12 13:41:21,383 INFO  EvoClassLoader - Instrumenting class 'org.apache.hadoop.thirdparty.com.google.common.base.Joiner$1'.
2024-11-12 13:41:21,383 INFO  MethodCallReplacementClassAdapter - Adding mock interface to class org/apache/hadoop/thirdparty/com/google/common/base/Joiner$1
2024-11-12 13:41:21,384 INFO  EvoClassLoader - Keeping class: org.apache.hadoop.thirdparty.com.google.common.base.Joiner$1
2024-11-12 13:41:21,384 INFO  EvoClassLoader - Seeing class for first time: org.apache.hadoop.thirdparty.com.google.common.base.Joiner$MapJoiner
2024-11-12 13:41:21,384 INFO  EvoClassLoader - Instrumenting class 'org.apache.hadoop.thirdparty.com.google.common.base.Joiner$MapJoiner'.
2024-11-12 13:41:21,384 INFO  MethodCallReplacementClassAdapter - Adding mock interface to class org/apache/hadoop/thirdparty/com/google/common/base/Joiner$MapJoiner
2024-11-12 13:41:21,384 INFO  CreateClassResetClassAdapter - Creating brand-new static initializer in class org/apache/hadoop/thirdparty/com/google/common/base/Joiner$MapJoiner
2024-11-12 13:41:21,385 INFO  EvoClassLoader - Keeping class: org.apache.hadoop.thirdparty.com.google.common.base.Joiner$MapJoiner
2024-11-12 13:41:21,385 INFO  EvoClassLoader - Seeing class for first time: org.apache.hadoop.metrics2.lib.UniqueNames
2024-11-12 13:41:21,385 INFO  EvoClassLoader - Instrumenting class 'org.apache.hadoop.metrics2.lib.UniqueNames'.
2024-11-12 13:41:21,385 INFO  MethodCallReplacementClassAdapter - Adding mock interface to class org/apache/hadoop/metrics2/lib/UniqueNames
2024-11-12 13:41:21,385 INFO  CreateClassResetClassAdapter - Found static initializer in class org/apache/hadoop/metrics2/lib/UniqueNames
2024-11-12 13:41:21,385 INFO  EvoClassLoader - Keeping class: org.apache.hadoop.metrics2.lib.UniqueNames
2024-11-12 13:41:21,386 INFO  EvoClassLoader - Seeing class for first time: org.apache.hadoop.metrics2.lib.DefaultMetricsSystem
2024-11-12 13:41:21,386 INFO  EvoClassLoader - Instrumenting class 'org.apache.hadoop.metrics2.lib.DefaultMetricsSystem'.
2024-11-12 13:41:21,386 INFO  MethodCallReplacementClassAdapter - Adding mock interface to class org/apache/hadoop/metrics2/lib/DefaultMetricsSystem
2024-11-12 13:41:21,386 INFO  CreateClassResetClassAdapter - Found static initializer in class org/apache/hadoop/metrics2/lib/DefaultMetricsSystem
2024-11-12 13:41:21,387 INFO  EvoClassLoader - Keeping class: org.apache.hadoop.metrics2.lib.DefaultMetricsSystem
2024-11-12 13:41:21,387 INFO  EvoClassLoader - Seeing class for first time: org.apache.hadoop.metrics2.lib.MetricsAnnotations
2024-11-12 13:41:21,387 INFO  EvoClassLoader - Instrumenting class 'org.apache.hadoop.metrics2.lib.MetricsAnnotations'.
2024-11-12 13:41:21,388 INFO  MethodCallReplacementClassAdapter - Adding mock interface to class org/apache/hadoop/metrics2/lib/MetricsAnnotations
2024-11-12 13:41:21,388 INFO  CreateClassResetClassAdapter - Creating brand-new static initializer in class org/apache/hadoop/metrics2/lib/MetricsAnnotations
2024-11-12 13:41:21,388 INFO  EvoClassLoader - Keeping class: org.apache.hadoop.metrics2.lib.MetricsAnnotations
2024-11-12 13:41:21,388 INFO  EvoClassLoader - Seeing class for first time: org.apache.hadoop.metrics2.lib.MetricsSourceBuilder
2024-11-12 13:41:21,388 INFO  EvoClassLoader - Instrumenting class 'org.apache.hadoop.metrics2.lib.MetricsSourceBuilder'.
2024-11-12 13:41:21,388 INFO  MethodCallReplacementClassAdapter - Adding mock interface to class org/apache/hadoop/metrics2/lib/MetricsSourceBuilder
2024-11-12 13:41:21,388 INFO  CreateClassResetClassAdapter - Found static initializer in class org/apache/hadoop/metrics2/lib/MetricsSourceBuilder
2024-11-12 13:41:21,389 INFO  EvoClassLoader - Keeping class: org.apache.hadoop.metrics2.lib.MetricsSourceBuilder
2024-11-12 13:41:21,389 INFO  EvoClassLoader - Seeing class for first time: org.apache.hadoop.metrics2.lib.DefaultMetricsFactory
2024-11-12 13:41:21,389 INFO  EvoClassLoader - Instrumenting class 'org.apache.hadoop.metrics2.lib.DefaultMetricsFactory'.
2024-11-12 13:41:21,389 INFO  MethodCallReplacementClassAdapter - Adding mock interface to class org/apache/hadoop/metrics2/lib/DefaultMetricsFactory
2024-11-12 13:41:21,389 INFO  CreateClassResetClassAdapter - Found static initializer in class org/apache/hadoop/metrics2/lib/DefaultMetricsFactory
2024-11-12 13:41:21,389 INFO  EvoClassLoader - Keeping class: org.apache.hadoop.metrics2.lib.DefaultMetricsFactory
2024-11-12 13:41:21,389 INFO  EvoClassLoader - Seeing class for first time: org.apache.hadoop.metrics2.lib.MutableMetricsFactory
2024-11-12 13:41:21,389 INFO  EvoClassLoader - Instrumenting class 'org.apache.hadoop.metrics2.lib.MutableMetricsFactory'.
2024-11-12 13:41:21,390 INFO  MethodCallReplacementClassAdapter - Adding mock interface to class org/apache/hadoop/metrics2/lib/MutableMetricsFactory
2024-11-12 13:41:21,390 INFO  CreateClassResetClassAdapter - Found static initializer in class org/apache/hadoop/metrics2/lib/MutableMetricsFactory
2024-11-12 13:41:21,391 INFO  EvoClassLoader - Keeping class: org.apache.hadoop.metrics2.lib.MutableMetricsFactory
2024-11-12 13:41:21,391 INFO  EvoClassLoader - Seeing class for first time: org.apache.hadoop.metrics2.lib.MutableRates
2024-11-12 13:41:21,391 INFO  EvoClassLoader - Instrumenting class 'org.apache.hadoop.metrics2.lib.MutableRates'.
2024-11-12 13:41:21,391 INFO  MethodCallReplacementClassAdapter - Adding mock interface to class org/apache/hadoop/metrics2/lib/MutableRates
2024-11-12 13:41:21,391 INFO  CreateClassResetClassAdapter - Found static initializer in class org/apache/hadoop/metrics2/lib/MutableRates
2024-11-12 13:41:21,391 INFO  EvoClassLoader - Keeping class: org.apache.hadoop.metrics2.lib.MutableRates
2024-11-12 13:41:21,391 INFO  EvoClassLoader - Seeing class for first time: org.apache.hadoop.metrics2.lib.MethodMetric
2024-11-12 13:41:21,391 INFO  EvoClassLoader - Instrumenting class 'org.apache.hadoop.metrics2.lib.MethodMetric'.
2024-11-12 13:41:21,391 INFO  MethodCallReplacementClassAdapter - Adding mock interface to class org/apache/hadoop/metrics2/lib/MethodMetric
2024-11-12 13:41:21,392 INFO  CreateClassResetClassAdapter - Found static initializer in class org/apache/hadoop/metrics2/lib/MethodMetric
2024-11-12 13:41:21,392 INFO  EvoClassLoader - Keeping class: org.apache.hadoop.metrics2.lib.MethodMetric
2024-11-12 13:41:21,392 INFO  EvoClassLoader - Seeing class for first time: org.apache.hadoop.metrics2.annotation.Metrics
2024-11-12 13:41:21,392 INFO  EvoClassLoader - Instrumenting class 'org.apache.hadoop.metrics2.annotation.Metrics'.
2024-11-12 13:41:21,392 INFO  EvoClassLoader - Keeping class: org.apache.hadoop.metrics2.annotation.Metrics
2024-11-12 13:41:21,392 INFO  EvoClassLoader - Seeing class for first time: org.apache.hadoop.util.ReflectionUtils$1
2024-11-12 13:41:21,392 INFO  EvoClassLoader - Instrumenting class 'org.apache.hadoop.util.ReflectionUtils$1'.
2024-11-12 13:41:21,392 INFO  MethodCallReplacementClassAdapter - Adding mock interface to class org/apache/hadoop/util/ReflectionUtils$1
2024-11-12 13:41:21,393 INFO  EvoClassLoader - Keeping class: org.apache.hadoop.util.ReflectionUtils$1
2024-11-12 13:41:21,393 INFO  EvoClassLoader - Seeing class for first time: org.apache.hadoop.util.ReflectionUtils
2024-11-12 13:41:21,393 INFO  EvoClassLoader - Instrumenting class 'org.apache.hadoop.util.ReflectionUtils'.
2024-11-12 13:41:21,393 INFO  MethodCallReplacementClassAdapter - Adding mock interface to class org/apache/hadoop/util/ReflectionUtils
2024-11-12 13:41:21,395 INFO  CreateClassResetClassAdapter - Found static initializer in class org/apache/hadoop/util/ReflectionUtils
2024-11-12 13:41:21,396 INFO  EvoClassLoader - Keeping class: org.apache.hadoop.util.ReflectionUtils
2024-11-12 13:41:21,396 INFO  EvoClassLoader - Seeing class for first time: org.apache.hadoop.io.DataOutputBuffer
2024-11-12 13:41:21,396 INFO  EvoClassLoader - Instrumenting class 'org.apache.hadoop.io.DataOutputBuffer'.
2024-11-12 13:41:21,396 INFO  MethodCallReplacementClassAdapter - Adding mock interface to class org/apache/hadoop/io/DataOutputBuffer
2024-11-12 13:41:21,396 INFO  CreateClassResetClassAdapter - Creating brand-new static initializer in class org/apache/hadoop/io/DataOutputBuffer
2024-11-12 13:41:21,397 INFO  EvoClassLoader - Keeping class: org.apache.hadoop.io.DataOutputBuffer
2024-11-12 13:41:21,397 INFO  EvoClassLoader - Seeing class for first time: org.apache.hadoop.io.DataInputBuffer
2024-11-12 13:41:21,397 INFO  EvoClassLoader - Instrumenting class 'org.apache.hadoop.io.DataInputBuffer'.
2024-11-12 13:41:21,397 INFO  MethodCallReplacementClassAdapter - Adding mock interface to class org/apache/hadoop/io/DataInputBuffer
2024-11-12 13:41:21,397 INFO  CreateClassResetClassAdapter - Creating brand-new static initializer in class org/apache/hadoop/io/DataInputBuffer
2024-11-12 13:41:21,397 INFO  EvoClassLoader - Keeping class: org.apache.hadoop.io.DataInputBuffer
2024-11-12 13:41:21,398 INFO  EvoClassLoader - Seeing class for first time: org.apache.hadoop.io.serializer.SerializationFactory
2024-11-12 13:41:21,398 INFO  EvoClassLoader - Instrumenting class 'org.apache.hadoop.io.serializer.SerializationFactory'.
2024-11-12 13:41:21,398 INFO  MethodCallReplacementClassAdapter - Adding mock interface to class org/apache/hadoop/io/serializer/SerializationFactory
2024-11-12 13:41:21,399 INFO  CreateClassResetClassAdapter - Found static initializer in class org/apache/hadoop/io/serializer/SerializationFactory
2024-11-12 13:41:21,399 INFO  EvoClassLoader - Defined package (3): package org.apache.hadoop.io.serializer, 333528551
2024-11-12 13:41:21,399 INFO  EvoClassLoader - Keeping class: org.apache.hadoop.io.serializer.SerializationFactory
2024-11-12 13:41:21,400 INFO  EvoClassLoader - Seeing class for first time: org.apache.hadoop.util.ReflectionUtils$2
2024-11-12 13:41:21,400 INFO  EvoClassLoader - Instrumenting class 'org.apache.hadoop.util.ReflectionUtils$2'.
2024-11-12 13:41:21,400 INFO  MethodCallReplacementClassAdapter - Adding mock interface to class org/apache/hadoop/util/ReflectionUtils$2
2024-11-12 13:41:21,400 INFO  EvoClassLoader - Keeping class: org.apache.hadoop.util.ReflectionUtils$2
2024-11-12 13:41:21,400 INFO  EvoClassLoader - Seeing class for first time: org.apache.hadoop.metrics2.impl.MsInfo
2024-11-12 13:41:21,400 INFO  EvoClassLoader - Instrumenting class 'org.apache.hadoop.metrics2.impl.MsInfo'.
2024-11-12 13:41:21,401 INFO  MethodCallReplacementClassAdapter - Adding mock interface to class org/apache/hadoop/metrics2/impl/MsInfo
2024-11-12 13:41:21,401 INFO  CreateClassResetClassAdapter - Found static initializer in class org/apache/hadoop/metrics2/impl/MsInfo
2024-11-12 13:41:21,401 INFO  EvoClassLoader - Keeping class: org.apache.hadoop.metrics2.impl.MsInfo
2024-11-12 13:41:21,401 INFO  EvoClassLoader - Seeing class for first time: org.apache.hadoop.metrics2.lib.Interns$Tags$1
2024-11-12 13:41:21,401 INFO  EvoClassLoader - Instrumenting class 'org.apache.hadoop.metrics2.lib.Interns$Tags$1'.
2024-11-12 13:41:21,401 INFO  MethodCallReplacementClassAdapter - Adding mock interface to class org/apache/hadoop/metrics2/lib/Interns$Tags$1
2024-11-12 13:41:21,401 INFO  EvoClassLoader - Keeping class: org.apache.hadoop.metrics2.lib.Interns$Tags$1
2024-11-12 13:41:21,402 INFO  EvoClassLoader - Seeing class for first time: org.apache.commons.lang3.StringUtils
2024-11-12 13:41:21,402 INFO  EvoClassLoader - Instrumenting class 'org.apache.commons.lang3.StringUtils'.
2024-11-12 13:41:21,403 INFO  MethodCallReplacementClassAdapter - Adding mock interface to class org/apache/commons/lang3/StringUtils
2024-11-12 13:41:21,406 INFO  CreateClassResetClassAdapter - Found static initializer in class org/apache/commons/lang3/StringUtils
2024-11-12 13:41:21,406 INFO  EvoClassLoader - Defined package (3): package org.apache.commons.lang3, -899722583
2024-11-12 13:41:21,407 INFO  EvoClassLoader - Keeping class: org.apache.commons.lang3.StringUtils
2024-11-12 13:41:21,409 INFO  EvoClassLoader - Seeing class for first time: org.apache.commons.lang3.function.ToBooleanBiFunction
2024-11-12 13:41:21,409 INFO  EvoClassLoader - Instrumenting class 'org.apache.commons.lang3.function.ToBooleanBiFunction'.
2024-11-12 13:41:21,410 INFO  EvoClassLoader - Defined package (3): package org.apache.commons.lang3.function, 835977597
2024-11-12 13:41:21,410 INFO  EvoClassLoader - Keeping class: org.apache.commons.lang3.function.ToBooleanBiFunction
2024-11-12 13:41:21,410 INFO  EvoClassLoader - Seeing class for first time: org.apache.hadoop.metrics2.util.SampleStat
2024-11-12 13:41:21,410 INFO  EvoClassLoader - Instrumenting class 'org.apache.hadoop.metrics2.util.SampleStat'.
2024-11-12 13:41:21,410 INFO  MethodCallReplacementClassAdapter - Adding mock interface to class org/apache/hadoop/metrics2/util/SampleStat
2024-11-12 13:41:21,411 INFO  CreateClassResetClassAdapter - Creating brand-new static initializer in class org/apache/hadoop/metrics2/util/SampleStat
2024-11-12 13:41:21,411 INFO  EvoClassLoader - Defined package (3): package org.apache.hadoop.metrics2.util, 998417742
2024-11-12 13:41:21,411 INFO  EvoClassLoader - Keeping class: org.apache.hadoop.metrics2.util.SampleStat
2024-11-12 13:41:21,411 INFO  EvoClassLoader - Seeing class for first time: org.apache.hadoop.metrics2.util.SampleStat$MinMax
2024-11-12 13:41:21,411 INFO  EvoClassLoader - Instrumenting class 'org.apache.hadoop.metrics2.util.SampleStat$MinMax'.
2024-11-12 13:41:21,411 INFO  MethodCallReplacementClassAdapter - Adding mock interface to class org/apache/hadoop/metrics2/util/SampleStat$MinMax
2024-11-12 13:41:21,411 INFO  CreateClassResetClassAdapter - Creating brand-new static initializer in class org/apache/hadoop/metrics2/util/SampleStat$MinMax
2024-11-12 13:41:21,411 INFO  CreateClassResetClassAdapter - Adding bytecode for initializing field DEFAULT_MIN_VALUE
2024-11-12 13:41:21,411 INFO  CreateClassResetClassAdapter - Adding bytecode for initializing field DEFAULT_MAX_VALUE
2024-11-12 13:41:21,411 INFO  EvoClassLoader - Keeping class: org.apache.hadoop.metrics2.util.SampleStat$MinMax
2024-11-12 13:41:21,411 INFO  EvoClassLoader - Seeing class for first time: org.apache.hadoop.metrics2.lib.MetricsSourceBuilder$1
2024-11-12 13:41:21,411 INFO  EvoClassLoader - Instrumenting class 'org.apache.hadoop.metrics2.lib.MetricsSourceBuilder$1'.
2024-11-12 13:41:21,412 INFO  MethodCallReplacementClassAdapter - Adding mock interface to class org/apache/hadoop/metrics2/lib/MetricsSourceBuilder$1
2024-11-12 13:41:21,412 INFO  EvoClassLoader - Keeping class: org.apache.hadoop.metrics2.lib.MetricsSourceBuilder$1
2024-11-12 13:41:21,412 INFO  EvoClassLoader - Seeing class for first time: org.apache.hadoop.metrics2.lib.UniqueNames$Count
2024-11-12 13:41:21,412 INFO  EvoClassLoader - Instrumenting class 'org.apache.hadoop.metrics2.lib.UniqueNames$Count'.
2024-11-12 13:41:21,412 INFO  MethodCallReplacementClassAdapter - Adding mock interface to class org/apache/hadoop/metrics2/lib/UniqueNames$Count
2024-11-12 13:41:21,412 INFO  CreateClassResetClassAdapter - Creating brand-new static initializer in class org/apache/hadoop/metrics2/lib/UniqueNames$Count
2024-11-12 13:41:21,412 INFO  EvoClassLoader - Keeping class: org.apache.hadoop.metrics2.lib.UniqueNames$Count
2024-11-12 13:41:21,412 INFO  EvoClassLoader - Seeing class for first time: org.apache.hadoop.metrics2.MetricsSystem$AbstractCallback
2024-11-12 13:41:21,412 INFO  EvoClassLoader - Instrumenting class 'org.apache.hadoop.metrics2.MetricsSystem$AbstractCallback'.
2024-11-12 13:41:21,412 INFO  MethodCallReplacementClassAdapter - Adding mock interface to class org/apache/hadoop/metrics2/MetricsSystem$AbstractCallback
2024-11-12 13:41:21,412 INFO  CreateClassResetClassAdapter - Creating brand-new static initializer in class org/apache/hadoop/metrics2/MetricsSystem$AbstractCallback
2024-11-12 13:41:21,412 INFO  EvoClassLoader - Keeping class: org.apache.hadoop.metrics2.MetricsSystem$AbstractCallback
2024-11-12 13:41:21,412 INFO  EvoClassLoader - Seeing class for first time: org.apache.hadoop.metrics2.impl.MetricsSystemImpl$1
2024-11-12 13:41:21,412 INFO  EvoClassLoader - Instrumenting class 'org.apache.hadoop.metrics2.impl.MetricsSystemImpl$1'.
2024-11-12 13:41:21,413 INFO  MethodCallReplacementClassAdapter - Adding mock interface to class org/apache/hadoop/metrics2/impl/MetricsSystemImpl$1
2024-11-12 13:41:21,413 INFO  EvoClassLoader - Keeping class: org.apache.hadoop.metrics2.impl.MetricsSystemImpl$1
2024-11-12 13:41:21,413 INFO  EvoClassLoader - Seeing class for first time: org.apache.hadoop.metrics2.impl.MetricsSystemImpl$3
2024-11-12 13:41:21,413 INFO  EvoClassLoader - Instrumenting class 'org.apache.hadoop.metrics2.impl.MetricsSystemImpl$3'.
2024-11-12 13:41:21,413 INFO  MethodCallReplacementClassAdapter - Adding mock interface to class org/apache/hadoop/metrics2/impl/MetricsSystemImpl$3
2024-11-12 13:41:21,413 INFO  EvoClassLoader - Keeping class: org.apache.hadoop.metrics2.impl.MetricsSystemImpl$3
2024-11-12 13:41:21,413 INFO  EvoClassLoader - Seeing class for first time: org.apache.hadoop.util.PlatformName
2024-11-12 13:41:21,413 INFO  EvoClassLoader - Instrumenting class 'org.apache.hadoop.util.PlatformName'.
2024-11-12 13:41:21,413 INFO  MethodCallReplacementClassAdapter - Adding mock interface to class org/apache/hadoop/util/PlatformName
2024-11-12 13:41:21,413 INFO  CreateClassResetClassAdapter - Found static initializer in class org/apache/hadoop/util/PlatformName
2024-11-12 13:41:21,414 INFO  EvoClassLoader - Keeping class: org.apache.hadoop.util.PlatformName
2024-11-12 13:41:21,415 INFO  EvoClassLoader - Seeing class for first time: org.apache.hadoop.security.KerberosAuthException
2024-11-12 13:41:21,415 INFO  EvoClassLoader - Instrumenting class 'org.apache.hadoop.security.KerberosAuthException'.
2024-11-12 13:41:21,415 INFO  MethodCallReplacementClassAdapter - Adding mock interface to class org/apache/hadoop/security/KerberosAuthException
2024-11-12 13:41:21,416 INFO  CreateClassResetClassAdapter - Creating brand-new static initializer in class org/apache/hadoop/security/KerberosAuthException
2024-11-12 13:41:21,416 INFO  EvoClassLoader - Keeping class: org.apache.hadoop.security.KerberosAuthException
2024-11-12 13:41:21,417 INFO  EvoClassLoader - Seeing class for first time: org.apache.hadoop.security.SaslRpcServer$AuthMethod
2024-11-12 13:41:21,417 INFO  EvoClassLoader - Instrumenting class 'org.apache.hadoop.security.SaslRpcServer$AuthMethod'.
2024-11-12 13:41:21,417 INFO  MethodCallReplacementClassAdapter - Adding mock interface to class org/apache/hadoop/security/SaslRpcServer$AuthMethod
2024-11-12 13:41:21,417 INFO  CreateClassResetClassAdapter - Found static initializer in class org/apache/hadoop/security/SaslRpcServer$AuthMethod
2024-11-12 13:41:21,417 INFO  EvoClassLoader - Keeping class: org.apache.hadoop.security.SaslRpcServer$AuthMethod
2024-11-12 13:41:21,417 INFO  EvoClassLoader - Seeing class for first time: org.apache.hadoop.security.Credentials
2024-11-12 13:41:21,417 INFO  EvoClassLoader - Instrumenting class 'org.apache.hadoop.security.Credentials'.
2024-11-12 13:41:21,418 INFO  MethodCallReplacementClassAdapter - Adding mock interface to class org/apache/hadoop/security/Credentials
2024-11-12 13:41:21,419 INFO  CreateClassResetClassAdapter - Found static initializer in class org/apache/hadoop/security/Credentials
2024-11-12 13:41:21,419 INFO  EvoClassLoader - Keeping class: org.apache.hadoop.security.Credentials
2024-11-12 13:41:21,419 INFO  EvoClassLoader - Seeing class for first time: org.apache.hadoop.io.retry.RetryPolicy
2024-11-12 13:41:21,419 INFO  EvoClassLoader - Instrumenting class 'org.apache.hadoop.io.retry.RetryPolicy'.
2024-11-12 13:41:21,420 INFO  EvoClassLoader - Defined package (3): package org.apache.hadoop.io.retry, -290473677
2024-11-12 13:41:21,420 INFO  EvoClassLoader - Keeping class: org.apache.hadoop.io.retry.RetryPolicy
2024-11-12 13:41:21,420 INFO  EvoClassLoader - Seeing class for first time: org.apache.hadoop.classification.InterfaceStability$Evolving
2024-11-12 13:41:21,420 INFO  EvoClassLoader - Instrumenting class 'org.apache.hadoop.classification.InterfaceStability$Evolving'.
2024-11-12 13:41:21,421 INFO  EvoClassLoader - Keeping class: org.apache.hadoop.classification.InterfaceStability$Evolving
2024-11-12 13:41:21,424 INFO  EvoClassLoader - Seeing class for first time: org.apache.hadoop.hdfs.server.namenode.INodeReference$WithCount$1
2024-11-12 13:41:21,424 INFO  EvoClassLoader - Instrumenting class 'org.apache.hadoop.hdfs.server.namenode.INodeReference$WithCount$1'.
2024-11-12 13:41:21,425 INFO  MethodCallReplacementClassAdapter - Adding mock interface to class org/apache/hadoop/hdfs/server/namenode/INodeReference$WithCount$1
2024-11-12 13:41:21,425 INFO  EvoClassLoader - Keeping class: org.apache.hadoop.hdfs.server.namenode.INodeReference$WithCount$1
2024-11-12 13:41:21,426 INFO  EvoClassLoader - Seeing class for first time: org.apache.hadoop.fs.permission.PermissionParser
2024-11-12 13:41:21,426 INFO  EvoClassLoader - Instrumenting class 'org.apache.hadoop.fs.permission.PermissionParser'.
2024-11-12 13:41:21,426 INFO  MethodCallReplacementClassAdapter - Adding mock interface to class org/apache/hadoop/fs/permission/PermissionParser
2024-11-12 13:41:21,428 INFO  CreateClassResetClassAdapter - Creating brand-new static initializer in class org/apache/hadoop/fs/permission/PermissionParser
2024-11-12 13:41:21,428 INFO  EvoClassLoader - Keeping class: org.apache.hadoop.fs.permission.PermissionParser
2024-11-12 13:41:21,429 INFO  EvoClassLoader - Seeing class for first time: org.apache.hadoop.fs.permission.RawParser
2024-11-12 13:41:21,429 INFO  EvoClassLoader - Instrumenting class 'org.apache.hadoop.fs.permission.RawParser'.
2024-11-12 13:41:21,429 INFO  MethodCallReplacementClassAdapter - Adding mock interface to class org/apache/hadoop/fs/permission/RawParser
2024-11-12 13:41:21,429 INFO  CreateClassResetClassAdapter - Found static initializer in class org/apache/hadoop/fs/permission/RawParser
2024-11-12 13:41:21,429 INFO  EvoClassLoader - Keeping class: org.apache.hadoop.fs.permission.RawParser
2024-11-12 13:41:21,430 INFO  EvoClassLoader - Seeing class for first time: org.apache.hadoop.hdfs.server.namenode.QuotaCounts$Builder
2024-11-12 13:41:21,430 INFO  EvoClassLoader - Instrumenting class 'org.apache.hadoop.hdfs.server.namenode.QuotaCounts$Builder'.
2024-11-12 13:41:21,430 INFO  MethodCallReplacementClassAdapter - Adding mock interface to class org/apache/hadoop/hdfs/server/namenode/QuotaCounts$Builder
2024-11-12 13:41:21,430 INFO  CreateClassResetClassAdapter - Creating brand-new static initializer in class org/apache/hadoop/hdfs/server/namenode/QuotaCounts$Builder
2024-11-12 13:41:21,431 INFO  EvoClassLoader - Keeping class: org.apache.hadoop.hdfs.server.namenode.QuotaCounts$Builder
2024-11-12 13:41:21,432 INFO  EvoClassLoader - Seeing class for first time: org.apache.hadoop.hdfs.server.namenode.snapshot.SnapshotFSImageFormat
2024-11-12 13:41:21,432 INFO  EvoClassLoader - Instrumenting class 'org.apache.hadoop.hdfs.server.namenode.snapshot.SnapshotFSImageFormat'.
2024-11-12 13:41:21,432 INFO  MethodCallReplacementClassAdapter - Adding mock interface to class org/apache/hadoop/hdfs/server/namenode/snapshot/SnapshotFSImageFormat
2024-11-12 13:41:21,434 INFO  CreateClassResetClassAdapter - Creating brand-new static initializer in class org/apache/hadoop/hdfs/server/namenode/snapshot/SnapshotFSImageFormat
2024-11-12 13:41:21,435 INFO  EvoClassLoader - Keeping class: org.apache.hadoop.hdfs.server.namenode.snapshot.SnapshotFSImageFormat
2024-11-12 13:41:21,436 INFO  EvoClassLoader - Seeing class for first time: org.apache.hadoop.hdfs.server.namenode.FSImageFormat$Saver
2024-11-12 13:41:21,436 INFO  EvoClassLoader - Instrumenting class 'org.apache.hadoop.hdfs.server.namenode.FSImageFormat$Saver'.
2024-11-12 13:41:21,436 INFO  MethodCallReplacementClassAdapter - Adding mock interface to class org/apache/hadoop/hdfs/server/namenode/FSImageFormat$Saver
2024-11-12 13:41:21,437 INFO  CreateClassResetClassAdapter - Creating brand-new static initializer in class org/apache/hadoop/hdfs/server/namenode/FSImageFormat$Saver
2024-11-12 13:41:21,437 INFO  CreateClassResetClassAdapter - Adding bytecode for initializing field LAYOUT_VERSION
2024-11-12 13:41:21,437 INFO  CreateClassResetClassAdapter - Adding bytecode for initializing field CHECK_CANCEL_INTERVAL
2024-11-12 13:41:21,438 INFO  EvoClassLoader - Keeping class: org.apache.hadoop.hdfs.server.namenode.FSImageFormat$Saver
2024-11-12 13:41:21,438 INFO  EvoClassLoader - Seeing class for first time: org.apache.hadoop.fs.RawLocalFileSystem
2024-11-12 13:41:21,438 INFO  EvoClassLoader - Instrumenting class 'org.apache.hadoop.fs.RawLocalFileSystem'.
2024-11-12 13:41:21,438 INFO  MethodCallReplacementClassAdapter - Adding mock interface to class org/apache/hadoop/fs/RawLocalFileSystem
2024-11-12 13:41:21,441 INFO  CreateClassResetClassAdapter - Found static initializer in class org/apache/hadoop/fs/RawLocalFileSystem
2024-11-12 13:41:21,441 INFO  EvoClassLoader - Keeping class: org.apache.hadoop.fs.RawLocalFileSystem
2024-11-12 13:41:21,442 INFO  EvoClassLoader - Seeing class for first time: org.apache.hadoop.fs.statistics.BufferedIOStatisticsOutputStream
2024-11-12 13:41:21,442 INFO  EvoClassLoader - Instrumenting class 'org.apache.hadoop.fs.statistics.BufferedIOStatisticsOutputStream'.
2024-11-12 13:41:21,442 INFO  MethodCallReplacementClassAdapter - Adding mock interface to class org/apache/hadoop/fs/statistics/BufferedIOStatisticsOutputStream
2024-11-12 13:41:21,442 INFO  CreateClassResetClassAdapter - Creating brand-new static initializer in class org/apache/hadoop/fs/statistics/BufferedIOStatisticsOutputStream
2024-11-12 13:41:21,442 INFO  EvoClassLoader - Keeping class: org.apache.hadoop.fs.statistics.BufferedIOStatisticsOutputStream
2024-11-12 13:41:21,442 INFO  EvoClassLoader - Seeing class for first time: org.apache.hadoop.fs.FSError
2024-11-12 13:41:21,442 INFO  EvoClassLoader - Instrumenting class 'org.apache.hadoop.fs.FSError'.
2024-11-12 13:41:21,442 INFO  MethodCallReplacementClassAdapter - Adding mock interface to class org/apache/hadoop/fs/FSError
2024-11-12 13:41:21,442 INFO  CreateClassResetClassAdapter - Creating brand-new static initializer in class org/apache/hadoop/fs/FSError
2024-11-12 13:41:21,443 INFO  EvoClassLoader - Keeping class: org.apache.hadoop.fs.FSError
2024-11-12 13:41:21,443 INFO  EvoClassLoader - Seeing class for first time: org.apache.hadoop.fs.FSInputStream
2024-11-12 13:41:21,443 INFO  EvoClassLoader - Instrumenting class 'org.apache.hadoop.fs.FSInputStream'.
2024-11-12 13:41:21,443 INFO  MethodCallReplacementClassAdapter - Adding mock interface to class org/apache/hadoop/fs/FSInputStream
2024-11-12 13:41:21,443 INFO  CreateClassResetClassAdapter - Found static initializer in class org/apache/hadoop/fs/FSInputStream
2024-11-12 13:41:21,443 INFO  EvoClassLoader - Keeping class: org.apache.hadoop.fs.FSInputStream
2024-11-12 13:41:21,443 INFO  EvoClassLoader - Seeing class for first time: org.apache.hadoop.fs.RawLocalFileSystem$LocalFSFileInputStream
2024-11-12 13:41:21,443 INFO  EvoClassLoader - Instrumenting class 'org.apache.hadoop.fs.RawLocalFileSystem$LocalFSFileInputStream'.
2024-11-12 13:41:21,443 INFO  MethodCallReplacementClassAdapter - Adding mock interface to class org/apache/hadoop/fs/RawLocalFileSystem$LocalFSFileInputStream
2024-11-12 13:41:21,444 INFO  CreateClassResetClassAdapter - Creating brand-new static initializer in class org/apache/hadoop/fs/RawLocalFileSystem$LocalFSFileInputStream
2024-11-12 13:41:21,444 INFO  EvoClassLoader - Keeping class: org.apache.hadoop.fs.RawLocalFileSystem$LocalFSFileInputStream
2024-11-12 13:41:21,445 INFO  EvoClassLoader - Seeing class for first time: org.apache.hadoop.fs.BufferedFSInputStream
2024-11-12 13:41:21,445 INFO  EvoClassLoader - Instrumenting class 'org.apache.hadoop.fs.BufferedFSInputStream'.
2024-11-12 13:41:21,445 INFO  MethodCallReplacementClassAdapter - Adding mock interface to class org/apache/hadoop/fs/BufferedFSInputStream
2024-11-12 13:41:21,445 INFO  CreateClassResetClassAdapter - Creating brand-new static initializer in class org/apache/hadoop/fs/BufferedFSInputStream
2024-11-12 13:41:21,445 INFO  EvoClassLoader - Keeping class: org.apache.hadoop.fs.BufferedFSInputStream
2024-11-12 13:41:21,446 INFO  EvoClassLoader - Seeing class for first time: org.apache.hadoop.fs.RawLocalFileSystem$DeprecatedRawLocalFileStatus
2024-11-12 13:41:21,446 INFO  EvoClassLoader - Instrumenting class 'org.apache.hadoop.fs.RawLocalFileSystem$DeprecatedRawLocalFileStatus'.
2024-11-12 13:41:21,446 INFO  MethodCallReplacementClassAdapter - Adding mock interface to class org/apache/hadoop/fs/RawLocalFileSystem$DeprecatedRawLocalFileStatus
2024-11-12 13:41:21,447 INFO  CreateClassResetClassAdapter - Creating brand-new static initializer in class org/apache/hadoop/fs/RawLocalFileSystem$DeprecatedRawLocalFileStatus
2024-11-12 13:41:21,447 INFO  EvoClassLoader - Keeping class: org.apache.hadoop.fs.RawLocalFileSystem$DeprecatedRawLocalFileStatus
2024-11-12 13:41:21,447 INFO  EvoClassLoader - Seeing class for first time: org.apache.hadoop.fs.RawLocalFileSystem$LocalFSFileOutputStream
2024-11-12 13:41:21,447 INFO  EvoClassLoader - Instrumenting class 'org.apache.hadoop.fs.RawLocalFileSystem$LocalFSFileOutputStream'.
2024-11-12 13:41:21,448 INFO  MethodCallReplacementClassAdapter - Adding mock interface to class org/apache/hadoop/fs/RawLocalFileSystem$LocalFSFileOutputStream
2024-11-12 13:41:21,448 INFO  CreateClassResetClassAdapter - Creating brand-new static initializer in class org/apache/hadoop/fs/RawLocalFileSystem$LocalFSFileOutputStream
2024-11-12 13:41:21,448 INFO  EvoClassLoader - Keeping class: org.apache.hadoop.fs.RawLocalFileSystem$LocalFSFileOutputStream
2024-11-12 13:41:21,449 INFO  EvoClassLoader - Seeing class for first time: org.apache.hadoop.io.Text$1
2024-11-12 13:41:21,449 INFO  EvoClassLoader - Instrumenting class 'org.apache.hadoop.io.Text$1'.
2024-11-12 13:41:21,449 INFO  MethodCallReplacementClassAdapter - Adding mock interface to class org/apache/hadoop/io/Text$1
2024-11-12 13:41:21,449 INFO  EvoClassLoader - Keeping class: org.apache.hadoop.io.Text$1
2024-11-12 13:41:21,449 INFO  EvoClassLoader - Seeing class for first time: org.apache.hadoop.io.Text$2
2024-11-12 13:41:21,449 INFO  EvoClassLoader - Instrumenting class 'org.apache.hadoop.io.Text$2'.
2024-11-12 13:41:21,450 INFO  MethodCallReplacementClassAdapter - Adding mock interface to class org/apache/hadoop/io/Text$2
2024-11-12 13:41:21,450 INFO  EvoClassLoader - Keeping class: org.apache.hadoop.io.Text$2
2024-11-12 13:41:21,450 INFO  EvoClassLoader - Seeing class for first time: org.apache.hadoop.io.WritableComparator
2024-11-12 13:41:21,450 INFO  EvoClassLoader - Instrumenting class 'org.apache.hadoop.io.WritableComparator'.
2024-11-12 13:41:21,450 INFO  MethodCallReplacementClassAdapter - Adding mock interface to class org/apache/hadoop/io/WritableComparator
2024-11-12 13:41:21,451 INFO  CreateClassResetClassAdapter - Found static initializer in class org/apache/hadoop/io/WritableComparator
2024-11-12 13:41:21,451 INFO  EvoClassLoader - Seeing class for first time: org.apache.hadoop.io.RawComparator
2024-11-12 13:41:21,451 INFO  EvoClassLoader - Instrumenting class 'org.apache.hadoop.io.RawComparator'.
2024-11-12 13:41:21,452 INFO  EvoClassLoader - Keeping class: org.apache.hadoop.io.RawComparator
2024-11-12 13:41:21,452 INFO  EvoClassLoader - Keeping class: org.apache.hadoop.io.WritableComparator
2024-11-12 13:41:21,452 INFO  EvoClassLoader - Seeing class for first time: org.apache.hadoop.io.Text$Comparator
2024-11-12 13:41:21,452 INFO  EvoClassLoader - Instrumenting class 'org.apache.hadoop.io.Text$Comparator'.
2024-11-12 13:41:21,452 INFO  MethodCallReplacementClassAdapter - Adding mock interface to class org/apache/hadoop/io/Text$Comparator
2024-11-12 13:41:21,452 INFO  CreateClassResetClassAdapter - Creating brand-new static initializer in class org/apache/hadoop/io/Text$Comparator
2024-11-12 13:41:21,452 INFO  EvoClassLoader - Keeping class: org.apache.hadoop.io.Text$Comparator
2024-11-12 13:41:21,453 INFO  EvoClassLoader - Seeing class for first time: org.apache.hadoop.io.WritableUtils
2024-11-12 13:41:21,453 INFO  EvoClassLoader - Instrumenting class 'org.apache.hadoop.io.WritableUtils'.
2024-11-12 13:41:21,453 INFO  MethodCallReplacementClassAdapter - Adding mock interface to class org/apache/hadoop/io/WritableUtils
2024-11-12 13:41:21,454 INFO  CreateClassResetClassAdapter - Creating brand-new static initializer in class org/apache/hadoop/io/WritableUtils
2024-11-12 13:41:21,455 INFO  EvoClassLoader - Keeping class: org.apache.hadoop.io.WritableUtils
2024-11-12 13:41:21,455 INFO  EvoClassLoader - Seeing class for first time: org.apache.hadoop.hdfs.server.namenode.snapshot.FileDiff
2024-11-12 13:41:21,455 INFO  EvoClassLoader - Instrumenting class 'org.apache.hadoop.hdfs.server.namenode.snapshot.FileDiff'.
2024-11-12 13:41:21,456 INFO  MethodCallReplacementClassAdapter - Adding mock interface to class org/apache/hadoop/hdfs/server/namenode/snapshot/FileDiff
2024-11-12 13:41:21,456 INFO  CreateClassResetClassAdapter - Found static initializer in class org/apache/hadoop/hdfs/server/namenode/snapshot/FileDiff
2024-11-12 13:41:21,457 INFO  EvoClassLoader - Keeping class: org.apache.hadoop.hdfs.server.namenode.snapshot.FileDiff
2024-11-12 13:41:21,457 INFO  EvoClassLoader - Seeing class for first time: org.apache.hadoop.hdfs.server.common.IncorrectVersionException
2024-11-12 13:41:21,457 INFO  EvoClassLoader - Instrumenting class 'org.apache.hadoop.hdfs.server.common.IncorrectVersionException'.
2024-11-12 13:41:21,458 INFO  MethodCallReplacementClassAdapter - Adding mock interface to class org/apache/hadoop/hdfs/server/common/IncorrectVersionException
2024-11-12 13:41:21,458 INFO  CreateClassResetClassAdapter - Creating brand-new static initializer in class org/apache/hadoop/hdfs/server/common/IncorrectVersionException
2024-11-12 13:41:21,458 INFO  EvoClassLoader - Keeping class: org.apache.hadoop.hdfs.server.common.IncorrectVersionException
2024-11-12 13:41:21,458 INFO  EvoClassLoader - Seeing class for first time: org.apache.hadoop.hdfs.server.common.Storage$StorageDirectory
2024-11-12 13:41:21,458 INFO  EvoClassLoader - Instrumenting class 'org.apache.hadoop.hdfs.server.common.Storage$StorageDirectory'.
2024-11-12 13:41:21,459 INFO  MethodCallReplacementClassAdapter - Adding mock interface to class org/apache/hadoop/hdfs/server/common/Storage$StorageDirectory
2024-11-12 13:41:21,462 INFO  CreateClassResetClassAdapter - Found static initializer in class org/apache/hadoop/hdfs/server/common/Storage$StorageDirectory
2024-11-12 13:41:21,463 INFO  EvoClassLoader - Seeing class for first time: org.apache.hadoop.hdfs.server.common.Storage$FormatConfirmable
2024-11-12 13:41:21,463 INFO  EvoClassLoader - Instrumenting class 'org.apache.hadoop.hdfs.server.common.Storage$FormatConfirmable'.
2024-11-12 13:41:21,463 INFO  EvoClassLoader - Keeping class: org.apache.hadoop.hdfs.server.common.Storage$FormatConfirmable
2024-11-12 13:41:21,464 INFO  EvoClassLoader - Keeping class: org.apache.hadoop.hdfs.server.common.Storage$StorageDirectory
2024-11-12 13:41:21,464 INFO  EvoClassLoader - Seeing class for first time: org.apache.hadoop.io.nativeio.NativeIOException
2024-11-12 13:41:21,464 INFO  EvoClassLoader - Instrumenting class 'org.apache.hadoop.io.nativeio.NativeIOException'.
2024-11-12 13:41:21,464 INFO  MethodCallReplacementClassAdapter - Adding mock interface to class org/apache/hadoop/io/nativeio/NativeIOException
2024-11-12 13:41:21,464 INFO  CreateClassResetClassAdapter - Creating brand-new static initializer in class org/apache/hadoop/io/nativeio/NativeIOException
2024-11-12 13:41:21,464 INFO  EvoClassLoader - Defined package (3): package org.apache.hadoop.io.nativeio, -1081832174
2024-11-12 13:41:21,464 INFO  EvoClassLoader - Keeping class: org.apache.hadoop.io.nativeio.NativeIOException
2024-11-12 13:41:21,465 INFO  EvoClassLoader - Seeing class for first time: org.apache.hadoop.hdfs.server.common.Storage$StorageDirType
2024-11-12 13:41:21,465 INFO  EvoClassLoader - Instrumenting class 'org.apache.hadoop.hdfs.server.common.Storage$StorageDirType'.
2024-11-12 13:41:21,465 INFO  EvoClassLoader - Keeping class: org.apache.hadoop.hdfs.server.common.Storage$StorageDirType
2024-11-12 13:41:21,465 INFO  EvoClassLoader - Seeing class for first time: org.apache.hadoop.hdfs.server.datanode.StorageLocation
2024-11-12 13:41:21,465 INFO  EvoClassLoader - Instrumenting class 'org.apache.hadoop.hdfs.server.datanode.StorageLocation'.
2024-11-12 13:41:21,465 INFO  MethodCallReplacementClassAdapter - Adding mock interface to class org/apache/hadoop/hdfs/server/datanode/StorageLocation
2024-11-12 13:41:21,469 INFO  CreateClassResetClassAdapter - Found static initializer in class org/apache/hadoop/hdfs/server/datanode/StorageLocation
2024-11-12 13:41:21,469 INFO  EvoClassLoader - Seeing class for first time: org.apache.hadoop.hdfs.server.datanode.checker.Checkable
2024-11-12 13:41:21,469 INFO  EvoClassLoader - Instrumenting class 'org.apache.hadoop.hdfs.server.datanode.checker.Checkable'.
2024-11-12 13:41:21,470 INFO  EvoClassLoader - Defined package (3): package org.apache.hadoop.hdfs.server.datanode.checker, 661882220
2024-11-12 13:41:21,470 INFO  EvoClassLoader - Keeping class: org.apache.hadoop.hdfs.server.datanode.checker.Checkable
2024-11-12 13:41:21,470 INFO  EvoClassLoader - Keeping class: org.apache.hadoop.hdfs.server.datanode.StorageLocation
2024-11-12 13:41:21,471 INFO  EvoClassLoader - Seeing class for first time: org.apache.hadoop.hdfs.server.namenode.FSImageStorageInspector
2024-11-12 13:41:21,471 INFO  EvoClassLoader - Instrumenting class 'org.apache.hadoop.hdfs.server.namenode.FSImageStorageInspector'.
2024-11-12 13:41:21,471 INFO  MethodCallReplacementClassAdapter - Adding mock interface to class org/apache/hadoop/hdfs/server/namenode/FSImageStorageInspector
2024-11-12 13:41:21,471 INFO  CreateClassResetClassAdapter - Creating brand-new static initializer in class org/apache/hadoop/hdfs/server/namenode/FSImageStorageInspector
2024-11-12 13:41:21,471 INFO  EvoClassLoader - Keeping class: org.apache.hadoop.hdfs.server.namenode.FSImageStorageInspector
2024-11-12 13:41:21,471 INFO  EvoClassLoader - Seeing class for first time: org.apache.hadoop.hdfs.server.namenode.FSImageTransactionalStorageInspector
2024-11-12 13:41:21,471 INFO  EvoClassLoader - Instrumenting class 'org.apache.hadoop.hdfs.server.namenode.FSImageTransactionalStorageInspector'.
2024-11-12 13:41:21,471 INFO  MethodCallReplacementClassAdapter - Adding mock interface to class org/apache/hadoop/hdfs/server/namenode/FSImageTransactionalStorageInspector
2024-11-12 13:41:21,471 INFO  CreateClassResetClassAdapter - Found static initializer in class org/apache/hadoop/hdfs/server/namenode/FSImageTransactionalStorageInspector
2024-11-12 13:41:21,472 INFO  EvoClassLoader - Keeping class: org.apache.hadoop.hdfs.server.namenode.FSImageTransactionalStorageInspector
2024-11-12 13:41:21,472 INFO  EvoClassLoader - Seeing class for first time: org.apache.hadoop.hdfs.server.namenode.FSImagePreTransactionalStorageInspector
2024-11-12 13:41:21,472 INFO  EvoClassLoader - Instrumenting class 'org.apache.hadoop.hdfs.server.namenode.FSImagePreTransactionalStorageInspector'.
2024-11-12 13:41:21,472 INFO  MethodCallReplacementClassAdapter - Adding mock interface to class org/apache/hadoop/hdfs/server/namenode/FSImagePreTransactionalStorageInspector
2024-11-12 13:41:21,472 INFO  CreateClassResetClassAdapter - Found static initializer in class org/apache/hadoop/hdfs/server/namenode/FSImagePreTransactionalStorageInspector
2024-11-12 13:41:21,473 INFO  EvoClassLoader - Keeping class: org.apache.hadoop.hdfs.server.namenode.FSImagePreTransactionalStorageInspector
2024-11-12 13:41:21,473 INFO  EvoClassLoader - Seeing class for first time: org.apache.hadoop.hdfs.server.namenode.NNStorage$NameNodeDirType
2024-11-12 13:41:21,473 INFO  EvoClassLoader - Instrumenting class 'org.apache.hadoop.hdfs.server.namenode.NNStorage$NameNodeDirType'.
2024-11-12 13:41:21,473 INFO  MethodCallReplacementClassAdapter - Adding mock interface to class org/apache/hadoop/hdfs/server/namenode/NNStorage$NameNodeDirType
2024-11-12 13:41:21,473 INFO  CreateClassResetClassAdapter - Found static initializer in class org/apache/hadoop/hdfs/server/namenode/NNStorage$NameNodeDirType
2024-11-12 13:41:21,473 INFO  EvoClassLoader - Keeping class: org.apache.hadoop.hdfs.server.namenode.NNStorage$NameNodeDirType
2024-11-12 13:41:21,473 INFO  EvoClassLoader - Seeing class for first time: org.apache.hadoop.hdfs.server.namenode.NNStorage$NameNodeFile
2024-11-12 13:41:21,473 INFO  EvoClassLoader - Instrumenting class 'org.apache.hadoop.hdfs.server.namenode.NNStorage$NameNodeFile'.
2024-11-12 13:41:21,474 INFO  MethodCallReplacementClassAdapter - Adding mock interface to class org/apache/hadoop/hdfs/server/namenode/NNStorage$NameNodeFile
2024-11-12 13:41:21,474 INFO  CreateClassResetClassAdapter - Found static initializer in class org/apache/hadoop/hdfs/server/namenode/NNStorage$NameNodeFile
2024-11-12 13:41:21,474 INFO  EvoClassLoader - Keeping class: org.apache.hadoop.hdfs.server.namenode.NNStorage$NameNodeFile
2024-11-12 13:41:21,474 INFO  EvoClassLoader - Seeing class for first time: org.apache.hadoop.fs.ChecksumFileSystem$9
2024-11-12 13:41:21,474 INFO  EvoClassLoader - Instrumenting class 'org.apache.hadoop.fs.ChecksumFileSystem$9'.
2024-11-12 13:41:21,475 INFO  MethodCallReplacementClassAdapter - Adding mock interface to class org/apache/hadoop/fs/ChecksumFileSystem$9
2024-11-12 13:41:21,475 INFO  EvoClassLoader - Keeping class: org.apache.hadoop.fs.ChecksumFileSystem$9
2024-11-12 13:41:21,475 INFO  EvoClassLoader - Seeing class for first time: org.apache.hadoop.fs.ChecksumFileSystem$ChecksumFSOutputSummer
2024-11-12 13:41:21,475 INFO  EvoClassLoader - Instrumenting class 'org.apache.hadoop.fs.ChecksumFileSystem$ChecksumFSOutputSummer'.
2024-11-12 13:41:21,476 INFO  MethodCallReplacementClassAdapter - Adding mock interface to class org/apache/hadoop/fs/ChecksumFileSystem$ChecksumFSOutputSummer
2024-11-12 13:41:21,476 INFO  CreateClassResetClassAdapter - Creating brand-new static initializer in class org/apache/hadoop/fs/ChecksumFileSystem$ChecksumFSOutputSummer
2024-11-12 13:41:21,476 INFO  CreateClassResetClassAdapter - Adding bytecode for initializing field CHKSUM_AS_FRACTION
2024-11-12 13:41:21,476 INFO  EvoClassLoader - Seeing class for first time: org.apache.hadoop.fs.FSOutputSummer
2024-11-12 13:41:21,476 INFO  EvoClassLoader - Instrumenting class 'org.apache.hadoop.fs.FSOutputSummer'.
2024-11-12 13:41:21,476 INFO  MethodCallReplacementClassAdapter - Adding mock interface to class org/apache/hadoop/fs/FSOutputSummer
2024-11-12 13:41:21,477 INFO  CreateClassResetClassAdapter - Creating brand-new static initializer in class org/apache/hadoop/fs/FSOutputSummer
2024-11-12 13:41:21,477 INFO  CreateClassResetClassAdapter - Adding bytecode for initializing field BUFFER_NUM_CHUNKS
2024-11-12 13:41:21,477 INFO  EvoClassLoader - Keeping class: org.apache.hadoop.fs.FSOutputSummer
2024-11-12 13:41:21,477 INFO  EvoClassLoader - Keeping class: org.apache.hadoop.fs.ChecksumFileSystem$ChecksumFSOutputSummer
2024-11-12 13:41:21,477 INFO  EvoClassLoader - Seeing class for first time: org.apache.hadoop.fs.ChecksumFileSystem$ChecksumFSInputChecker
2024-11-12 13:41:21,477 INFO  EvoClassLoader - Instrumenting class 'org.apache.hadoop.fs.ChecksumFileSystem$ChecksumFSInputChecker'.
2024-11-12 13:41:21,477 INFO  MethodCallReplacementClassAdapter - Adding mock interface to class org/apache/hadoop/fs/ChecksumFileSystem$ChecksumFSInputChecker
2024-11-12 13:41:21,478 INFO  CreateClassResetClassAdapter - Found static initializer in class org/apache/hadoop/fs/ChecksumFileSystem$ChecksumFSInputChecker
2024-11-12 13:41:21,478 INFO  EvoClassLoader - Seeing class for first time: org.apache.hadoop.fs.FSInputChecker
2024-11-12 13:41:21,478 INFO  EvoClassLoader - Instrumenting class 'org.apache.hadoop.fs.FSInputChecker'.
2024-11-12 13:41:21,479 INFO  MethodCallReplacementClassAdapter - Adding mock interface to class org/apache/hadoop/fs/FSInputChecker
2024-11-12 13:41:21,479 INFO  CreateClassResetClassAdapter - Found static initializer in class org/apache/hadoop/fs/FSInputChecker
2024-11-12 13:41:21,479 INFO  EvoClassLoader - Keeping class: org.apache.hadoop.fs.FSInputChecker
2024-11-12 13:41:21,480 INFO  EvoClassLoader - Keeping class: org.apache.hadoop.fs.ChecksumFileSystem$ChecksumFSInputChecker
2024-11-12 13:41:21,480 INFO  EvoClassLoader - Seeing class for first time: org.apache.hadoop.fs.ChecksumFileSystem$FSDataBoundedInputStream
2024-11-12 13:41:21,480 INFO  EvoClassLoader - Instrumenting class 'org.apache.hadoop.fs.ChecksumFileSystem$FSDataBoundedInputStream'.
2024-11-12 13:41:21,480 INFO  MethodCallReplacementClassAdapter - Adding mock interface to class org/apache/hadoop/fs/ChecksumFileSystem$FSDataBoundedInputStream
2024-11-12 13:41:21,480 INFO  CreateClassResetClassAdapter - Creating brand-new static initializer in class org/apache/hadoop/fs/ChecksumFileSystem$FSDataBoundedInputStream
2024-11-12 13:41:21,480 INFO  EvoClassLoader - Keeping class: org.apache.hadoop.fs.ChecksumFileSystem$FSDataBoundedInputStream
2024-11-12 13:41:21,480 INFO  EvoClassLoader - Seeing class for first time: org.apache.hadoop.fs.LocalFileSystemPathHandle
2024-11-12 13:41:21,480 INFO  EvoClassLoader - Instrumenting class 'org.apache.hadoop.fs.LocalFileSystemPathHandle'.
2024-11-12 13:41:21,481 INFO  MethodCallReplacementClassAdapter - Adding mock interface to class org/apache/hadoop/fs/LocalFileSystemPathHandle
2024-11-12 13:41:21,481 INFO  CreateClassResetClassAdapter - Creating brand-new static initializer in class org/apache/hadoop/fs/LocalFileSystemPathHandle
2024-11-12 13:41:21,481 INFO  EvoClassLoader - Keeping class: org.apache.hadoop.fs.LocalFileSystemPathHandle
2024-11-12 13:41:21,481 INFO  EvoClassLoader - Seeing class for first time: org.apache.hadoop.fs.InvalidPathHandleException
2024-11-12 13:41:21,481 INFO  EvoClassLoader - Instrumenting class 'org.apache.hadoop.fs.InvalidPathHandleException'.
2024-11-12 13:41:21,481 INFO  MethodCallReplacementClassAdapter - Adding mock interface to class org/apache/hadoop/fs/InvalidPathHandleException
2024-11-12 13:41:21,481 INFO  CreateClassResetClassAdapter - Creating brand-new static initializer in class org/apache/hadoop/fs/InvalidPathHandleException
2024-11-12 13:41:21,482 INFO  EvoClassLoader - Keeping class: org.apache.hadoop.fs.InvalidPathHandleException
2024-11-12 13:41:21,482 INFO  EvoClassLoader - Seeing class for first time: org.apache.hadoop.thirdparty.protobuf.ByteString$CodedBuilder
2024-11-12 13:41:21,482 INFO  EvoClassLoader - Instrumenting class 'org.apache.hadoop.thirdparty.protobuf.ByteString$CodedBuilder'.
2024-11-12 13:41:21,482 INFO  MethodCallReplacementClassAdapter - Adding mock interface to class org/apache/hadoop/thirdparty/protobuf/ByteString$CodedBuilder
2024-11-12 13:41:21,482 INFO  CreateClassResetClassAdapter - Creating brand-new static initializer in class org/apache/hadoop/thirdparty/protobuf/ByteString$CodedBuilder
2024-11-12 13:41:21,482 INFO  EvoClassLoader - Keeping class: org.apache.hadoop.thirdparty.protobuf.ByteString$CodedBuilder
2024-11-12 13:41:21,482 INFO  EvoClassLoader - Seeing class for first time: org.apache.hadoop.thirdparty.protobuf.ByteString$Output
2024-11-12 13:41:21,482 INFO  EvoClassLoader - Instrumenting class 'org.apache.hadoop.thirdparty.protobuf.ByteString$Output'.
2024-11-12 13:41:21,482 INFO  MethodCallReplacementClassAdapter - Adding mock interface to class org/apache/hadoop/thirdparty/protobuf/ByteString$Output
2024-11-12 13:41:21,483 INFO  CreateClassResetClassAdapter - Found static initializer in class org/apache/hadoop/thirdparty/protobuf/ByteString$Output
2024-11-12 13:41:21,483 INFO  EvoClassLoader - Keeping class: org.apache.hadoop.thirdparty.protobuf.ByteString$Output
2024-11-12 13:41:21,483 INFO  EvoClassLoader - Seeing class for first time: org.apache.hadoop.thirdparty.protobuf.ByteOutput
2024-11-12 13:41:21,483 INFO  EvoClassLoader - Instrumenting class 'org.apache.hadoop.thirdparty.protobuf.ByteOutput'.
2024-11-12 13:41:21,484 INFO  MethodCallReplacementClassAdapter - Adding mock interface to class org/apache/hadoop/thirdparty/protobuf/ByteOutput
2024-11-12 13:41:21,484 INFO  CreateClassResetClassAdapter - Creating brand-new static initializer in class org/apache/hadoop/thirdparty/protobuf/ByteOutput
2024-11-12 13:41:21,484 INFO  EvoClassLoader - Keeping class: org.apache.hadoop.thirdparty.protobuf.ByteOutput
2024-11-12 13:41:21,484 INFO  EvoClassLoader - Seeing class for first time: org.apache.hadoop.thirdparty.protobuf.CodedOutputStream
2024-11-12 13:41:21,484 INFO  EvoClassLoader - Instrumenting class 'org.apache.hadoop.thirdparty.protobuf.CodedOutputStream'.
2024-11-12 13:41:21,485 INFO  MethodCallReplacementClassAdapter - Adding mock interface to class org/apache/hadoop/thirdparty/protobuf/CodedOutputStream
2024-11-12 13:41:21,486 INFO  CreateClassResetClassAdapter - Found static initializer in class org/apache/hadoop/thirdparty/protobuf/CodedOutputStream
2024-11-12 13:41:21,486 INFO  EvoClassLoader - Keeping class: org.apache.hadoop.thirdparty.protobuf.CodedOutputStream
2024-11-12 13:41:21,486 INFO  EvoClassLoader - Seeing class for first time: org.apache.hadoop.thirdparty.protobuf.Parser
2024-11-12 13:41:21,486 INFO  EvoClassLoader - Instrumenting class 'org.apache.hadoop.thirdparty.protobuf.Parser'.
2024-11-12 13:41:21,486 INFO  EvoClassLoader - Keeping class: org.apache.hadoop.thirdparty.protobuf.Parser
2024-11-12 13:41:21,486 INFO  EvoClassLoader - Seeing class for first time: org.apache.hadoop.thirdparty.protobuf.ExtensionRegistryLite
2024-11-12 13:41:21,486 INFO  EvoClassLoader - Instrumenting class 'org.apache.hadoop.thirdparty.protobuf.ExtensionRegistryLite'.
2024-11-12 13:41:21,487 INFO  MethodCallReplacementClassAdapter - Adding mock interface to class org/apache/hadoop/thirdparty/protobuf/ExtensionRegistryLite
2024-11-12 13:41:21,487 INFO  CreateClassResetClassAdapter - Found static initializer in class org/apache/hadoop/thirdparty/protobuf/ExtensionRegistryLite
2024-11-12 13:41:21,487 INFO  EvoClassLoader - Keeping class: org.apache.hadoop.thirdparty.protobuf.ExtensionRegistryLite
2024-11-12 13:41:21,487 INFO  EvoClassLoader - Seeing class for first time: org.apache.hadoop.thirdparty.protobuf.MessageLite$Builder
2024-11-12 13:41:21,487 INFO  EvoClassLoader - Instrumenting class 'org.apache.hadoop.thirdparty.protobuf.MessageLite$Builder'.
2024-11-12 13:41:21,487 INFO  EvoClassLoader - Keeping class: org.apache.hadoop.thirdparty.protobuf.MessageLite$Builder
2024-11-12 13:41:21,488 INFO  EvoClassLoader - Seeing class for first time: org.apache.hadoop.thirdparty.protobuf.Internal$EnumLite
2024-11-12 13:41:21,488 INFO  EvoClassLoader - Instrumenting class 'org.apache.hadoop.thirdparty.protobuf.Internal$EnumLite'.
2024-11-12 13:41:21,488 INFO  EvoClassLoader - Keeping class: org.apache.hadoop.thirdparty.protobuf.Internal$EnumLite
2024-11-12 13:41:21,488 INFO  EvoClassLoader - Seeing class for first time: libcore.io.Memory
2024-11-12 13:41:21,488 INFO  EvoClassLoader - Instrumenting class 'libcore.io.Memory'.
2024-11-12 13:41:21,488 INFO  EvoClassLoader - Error while loading class: java.lang.ClassNotFoundException: Class 'libcore/io/Memory.class' should be in target project, but could not be found!
2024-11-12 13:41:21,488 INFO  EvoClassLoader - Seeing class for first time: org.robolectric.Robolectric
2024-11-12 13:41:21,488 INFO  EvoClassLoader - Instrumenting class 'org.robolectric.Robolectric'.
2024-11-12 13:41:21,488 INFO  EvoClassLoader - Error while loading class: java.lang.ClassNotFoundException: Class 'org/robolectric/Robolectric.class' should be in target project, but could not be found!
2024-11-12 13:41:21,488 INFO  EvoClassLoader - Seeing class for first time: org.apache.hadoop.thirdparty.protobuf.ByteString$AbstractByteIterator
2024-11-12 13:41:21,488 INFO  EvoClassLoader - Instrumenting class 'org.apache.hadoop.thirdparty.protobuf.ByteString$AbstractByteIterator'.
2024-11-12 13:41:21,489 INFO  MethodCallReplacementClassAdapter - Adding mock interface to class org/apache/hadoop/thirdparty/protobuf/ByteString$AbstractByteIterator
2024-11-12 13:41:21,489 INFO  CreateClassResetClassAdapter - Creating brand-new static initializer in class org/apache/hadoop/thirdparty/protobuf/ByteString$AbstractByteIterator
2024-11-12 13:41:21,489 INFO  EvoClassLoader - Keeping class: org.apache.hadoop.thirdparty.protobuf.ByteString$AbstractByteIterator
2024-11-12 13:41:21,489 INFO  EvoClassLoader - Seeing class for first time: org.apache.hadoop.thirdparty.protobuf.UninitializedMessageException
2024-11-12 13:41:21,489 INFO  EvoClassLoader - Instrumenting class 'org.apache.hadoop.thirdparty.protobuf.UninitializedMessageException'.
2024-11-12 13:41:21,489 INFO  MethodCallReplacementClassAdapter - Adding mock interface to class org/apache/hadoop/thirdparty/protobuf/UninitializedMessageException
2024-11-12 13:41:21,489 INFO  CreateClassResetClassAdapter - Creating brand-new static initializer in class org/apache/hadoop/thirdparty/protobuf/UninitializedMessageException
2024-11-12 13:41:21,489 INFO  EvoClassLoader - Keeping class: org.apache.hadoop.thirdparty.protobuf.UninitializedMessageException
2024-11-12 13:41:21,490 INFO  EvoClassLoader - Seeing class for first time: org.apache.hadoop.thirdparty.protobuf.AbstractMessage$BuilderParent
2024-11-12 13:41:21,490 INFO  EvoClassLoader - Instrumenting class 'org.apache.hadoop.thirdparty.protobuf.AbstractMessage$BuilderParent'.
2024-11-12 13:41:21,490 INFO  EvoClassLoader - Keeping class: org.apache.hadoop.thirdparty.protobuf.AbstractMessage$BuilderParent
2024-11-12 13:41:21,490 INFO  EvoClassLoader - Seeing class for first time: org.apache.hadoop.thirdparty.protobuf.Message$Builder
2024-11-12 13:41:21,490 INFO  EvoClassLoader - Instrumenting class 'org.apache.hadoop.thirdparty.protobuf.Message$Builder'.
2024-11-12 13:41:21,490 INFO  EvoClassLoader - Keeping class: org.apache.hadoop.thirdparty.protobuf.Message$Builder
2024-11-12 13:41:21,490 INFO  EvoClassLoader - Seeing class for first time: org.apache.hadoop.thirdparty.protobuf.Descriptors$OneofDescriptor
2024-11-12 13:41:21,490 INFO  EvoClassLoader - Instrumenting class 'org.apache.hadoop.thirdparty.protobuf.Descriptors$OneofDescriptor'.
2024-11-12 13:41:21,490 INFO  MethodCallReplacementClassAdapter - Adding mock interface to class org/apache/hadoop/thirdparty/protobuf/Descriptors$OneofDescriptor
2024-11-12 13:41:21,490 INFO  CreateClassResetClassAdapter - Creating brand-new static initializer in class org/apache/hadoop/thirdparty/protobuf/Descriptors$OneofDescriptor
2024-11-12 13:41:21,490 INFO  EvoClassLoader - Keeping class: org.apache.hadoop.thirdparty.protobuf.Descriptors$OneofDescriptor
2024-11-12 13:41:21,490 INFO  EvoClassLoader - Seeing class for first time: org.apache.hadoop.thirdparty.protobuf.Descriptors$FieldDescriptor
2024-11-12 13:41:21,490 INFO  EvoClassLoader - Instrumenting class 'org.apache.hadoop.thirdparty.protobuf.Descriptors$FieldDescriptor'.
2024-11-12 13:41:21,491 INFO  MethodCallReplacementClassAdapter - Adding mock interface to class org/apache/hadoop/thirdparty/protobuf/Descriptors$FieldDescriptor
2024-11-12 13:41:21,491 INFO  CreateClassResetClassAdapter - Found static initializer in class org/apache/hadoop/thirdparty/protobuf/Descriptors$FieldDescriptor
2024-11-12 13:41:21,492 INFO  EvoClassLoader - Seeing class for first time: org.apache.hadoop.thirdparty.protobuf.FieldSet$FieldDescriptorLite
2024-11-12 13:41:21,492 INFO  EvoClassLoader - Instrumenting class 'org.apache.hadoop.thirdparty.protobuf.FieldSet$FieldDescriptorLite'.
2024-11-12 13:41:21,492 INFO  EvoClassLoader - Keeping class: org.apache.hadoop.thirdparty.protobuf.FieldSet$FieldDescriptorLite
2024-11-12 13:41:21,492 INFO  EvoClassLoader - Seeing class for first time: org.apache.hadoop.thirdparty.protobuf.Descriptors$GenericDescriptor
2024-11-12 13:41:21,492 INFO  EvoClassLoader - Instrumenting class 'org.apache.hadoop.thirdparty.protobuf.Descriptors$GenericDescriptor'.
2024-11-12 13:41:21,493 INFO  MethodCallReplacementClassAdapter - Adding mock interface to class org/apache/hadoop/thirdparty/protobuf/Descriptors$GenericDescriptor
2024-11-12 13:41:21,493 INFO  CreateClassResetClassAdapter - Creating brand-new static initializer in class org/apache/hadoop/thirdparty/protobuf/Descriptors$GenericDescriptor
2024-11-12 13:41:21,493 INFO  EvoClassLoader - Keeping class: org.apache.hadoop.thirdparty.protobuf.Descriptors$GenericDescriptor
2024-11-12 13:41:21,493 INFO  EvoClassLoader - Keeping class: org.apache.hadoop.thirdparty.protobuf.Descriptors$FieldDescriptor
2024-11-12 13:41:21,493 INFO  EvoClassLoader - Seeing class for first time: org.apache.hadoop.thirdparty.protobuf.GeneratedMessageV3$BuilderParent
2024-11-12 13:41:21,493 INFO  EvoClassLoader - Instrumenting class 'org.apache.hadoop.thirdparty.protobuf.GeneratedMessageV3$BuilderParent'.
2024-11-12 13:41:21,493 INFO  EvoClassLoader - Keeping class: org.apache.hadoop.thirdparty.protobuf.GeneratedMessageV3$BuilderParent
2024-11-12 13:41:21,493 INFO  EvoClassLoader - Seeing class for first time: org.apache.hadoop.thirdparty.protobuf.Internal$IntList
2024-11-12 13:41:21,493 INFO  EvoClassLoader - Instrumenting class 'org.apache.hadoop.thirdparty.protobuf.Internal$IntList'.
2024-11-12 13:41:21,493 INFO  EvoClassLoader - Seeing class for first time: org.apache.hadoop.thirdparty.protobuf.Internal$ProtobufList
2024-11-12 13:41:21,493 INFO  EvoClassLoader - Instrumenting class 'org.apache.hadoop.thirdparty.protobuf.Internal$ProtobufList'.
2024-11-12 13:41:21,494 INFO  EvoClassLoader - Keeping class: org.apache.hadoop.thirdparty.protobuf.Internal$ProtobufList
2024-11-12 13:41:21,494 INFO  EvoClassLoader - Keeping class: org.apache.hadoop.thirdparty.protobuf.Internal$IntList
2024-11-12 13:41:21,494 INFO  EvoClassLoader - Seeing class for first time: org.apache.hadoop.thirdparty.protobuf.Internal$LongList
2024-11-12 13:41:21,494 INFO  EvoClassLoader - Instrumenting class 'org.apache.hadoop.thirdparty.protobuf.Internal$LongList'.
2024-11-12 13:41:21,494 INFO  EvoClassLoader - Keeping class: org.apache.hadoop.thirdparty.protobuf.Internal$LongList
2024-11-12 13:41:21,494 INFO  EvoClassLoader - Seeing class for first time: org.apache.hadoop.thirdparty.protobuf.Internal$FloatList
2024-11-12 13:41:21,494 INFO  EvoClassLoader - Instrumenting class 'org.apache.hadoop.thirdparty.protobuf.Internal$FloatList'.
2024-11-12 13:41:21,494 INFO  EvoClassLoader - Keeping class: org.apache.hadoop.thirdparty.protobuf.Internal$FloatList
2024-11-12 13:41:21,494 INFO  EvoClassLoader - Seeing class for first time: org.apache.hadoop.thirdparty.protobuf.Internal$DoubleList
2024-11-12 13:41:21,494 INFO  EvoClassLoader - Instrumenting class 'org.apache.hadoop.thirdparty.protobuf.Internal$DoubleList'.
2024-11-12 13:41:21,495 INFO  EvoClassLoader - Keeping class: org.apache.hadoop.thirdparty.protobuf.Internal$DoubleList
2024-11-12 13:41:21,495 INFO  EvoClassLoader - Seeing class for first time: org.apache.hadoop.thirdparty.protobuf.Internal$BooleanList
2024-11-12 13:41:21,495 INFO  EvoClassLoader - Instrumenting class 'org.apache.hadoop.thirdparty.protobuf.Internal$BooleanList'.
2024-11-12 13:41:21,495 INFO  EvoClassLoader - Keeping class: org.apache.hadoop.thirdparty.protobuf.Internal$BooleanList
2024-11-12 13:41:21,495 INFO  EvoClassLoader - Seeing class for first time: org.apache.hadoop.thirdparty.protobuf.ExtensionLite
2024-11-12 13:41:21,495 INFO  EvoClassLoader - Instrumenting class 'org.apache.hadoop.thirdparty.protobuf.ExtensionLite'.
2024-11-12 13:41:21,495 INFO  MethodCallReplacementClassAdapter - Adding mock interface to class org/apache/hadoop/thirdparty/protobuf/ExtensionLite
2024-11-12 13:41:21,495 INFO  CreateClassResetClassAdapter - Creating brand-new static initializer in class org/apache/hadoop/thirdparty/protobuf/ExtensionLite
2024-11-12 13:41:21,495 INFO  EvoClassLoader - Keeping class: org.apache.hadoop.thirdparty.protobuf.ExtensionLite
2024-11-12 13:41:21,495 INFO  EvoClassLoader - Seeing class for first time: org.apache.hadoop.thirdparty.protobuf.Extension
2024-11-12 13:41:21,495 INFO  EvoClassLoader - Instrumenting class 'org.apache.hadoop.thirdparty.protobuf.Extension'.
2024-11-12 13:41:21,496 INFO  MethodCallReplacementClassAdapter - Adding mock interface to class org/apache/hadoop/thirdparty/protobuf/Extension
2024-11-12 13:41:21,496 INFO  CreateClassResetClassAdapter - Creating brand-new static initializer in class org/apache/hadoop/thirdparty/protobuf/Extension
2024-11-12 13:41:21,496 INFO  EvoClassLoader - Keeping class: org.apache.hadoop.thirdparty.protobuf.Extension
2024-11-12 13:41:21,496 INFO  EvoClassLoader - Seeing class for first time: org.apache.hadoop.thirdparty.protobuf.UnknownFieldSet$Builder
2024-11-12 13:41:21,496 INFO  EvoClassLoader - Instrumenting class 'org.apache.hadoop.thirdparty.protobuf.UnknownFieldSet$Builder'.
2024-11-12 13:41:21,496 INFO  MethodCallReplacementClassAdapter - Adding mock interface to class org/apache/hadoop/thirdparty/protobuf/UnknownFieldSet$Builder
2024-11-12 13:41:21,497 INFO  CreateClassResetClassAdapter - Creating brand-new static initializer in class org/apache/hadoop/thirdparty/protobuf/UnknownFieldSet$Builder
2024-11-12 13:41:21,497 INFO  EvoClassLoader - Keeping class: org.apache.hadoop.thirdparty.protobuf.UnknownFieldSet$Builder
2024-11-12 13:41:21,497 INFO  EvoClassLoader - Seeing class for first time: org.apache.hadoop.thirdparty.protobuf.GeneratedMessageV3$FieldAccessorTable
2024-11-12 13:41:21,497 INFO  EvoClassLoader - Instrumenting class 'org.apache.hadoop.thirdparty.protobuf.GeneratedMessageV3$FieldAccessorTable'.
2024-11-12 13:41:21,498 INFO  MethodCallReplacementClassAdapter - Adding mock interface to class org/apache/hadoop/thirdparty/protobuf/GeneratedMessageV3$FieldAccessorTable
2024-11-12 13:41:21,498 INFO  CreateClassResetClassAdapter - Creating brand-new static initializer in class org/apache/hadoop/thirdparty/protobuf/GeneratedMessageV3$FieldAccessorTable
2024-11-12 13:41:21,498 INFO  EvoClassLoader - Keeping class: org.apache.hadoop.thirdparty.protobuf.GeneratedMessageV3$FieldAccessorTable
2024-11-12 13:41:21,498 INFO  EvoClassLoader - Seeing class for first time: org.apache.hadoop.thirdparty.protobuf.UnknownFieldSet
2024-11-12 13:41:21,498 INFO  EvoClassLoader - Instrumenting class 'org.apache.hadoop.thirdparty.protobuf.UnknownFieldSet'.
2024-11-12 13:41:21,499 INFO  MethodCallReplacementClassAdapter - Adding mock interface to class org/apache/hadoop/thirdparty/protobuf/UnknownFieldSet
2024-11-12 13:41:21,499 INFO  CreateClassResetClassAdapter - Found static initializer in class org/apache/hadoop/thirdparty/protobuf/UnknownFieldSet
2024-11-12 13:41:21,500 INFO  EvoClassLoader - Keeping class: org.apache.hadoop.thirdparty.protobuf.UnknownFieldSet
2024-11-12 13:41:21,500 INFO  EvoClassLoader - Seeing class for first time: org.apache.hadoop.thirdparty.protobuf.Descriptors$Descriptor
2024-11-12 13:41:21,500 INFO  EvoClassLoader - Instrumenting class 'org.apache.hadoop.thirdparty.protobuf.Descriptors$Descriptor'.
2024-11-12 13:41:21,500 INFO  MethodCallReplacementClassAdapter - Adding mock interface to class org/apache/hadoop/thirdparty/protobuf/Descriptors$Descriptor
2024-11-12 13:41:21,500 INFO  CreateClassResetClassAdapter - Creating brand-new static initializer in class org/apache/hadoop/thirdparty/protobuf/Descriptors$Descriptor
2024-11-12 13:41:21,501 INFO  EvoClassLoader - Keeping class: org.apache.hadoop.thirdparty.protobuf.Descriptors$Descriptor
2024-11-12 13:41:21,501 INFO  EvoClassLoader - Seeing class for first time: org.apache.hadoop.thirdparty.protobuf.MapField
2024-11-12 13:41:21,501 INFO  EvoClassLoader - Instrumenting class 'org.apache.hadoop.thirdparty.protobuf.MapField'.
2024-11-12 13:41:21,501 INFO  MethodCallReplacementClassAdapter - Adding mock interface to class org/apache/hadoop/thirdparty/protobuf/MapField
2024-11-12 13:41:21,501 INFO  CreateClassResetClassAdapter - Creating brand-new static initializer in class org/apache/hadoop/thirdparty/protobuf/MapField
2024-11-12 13:41:21,501 INFO  EvoClassLoader - Seeing class for first time: org.apache.hadoop.thirdparty.protobuf.MutabilityOracle
2024-11-12 13:41:21,501 INFO  EvoClassLoader - Instrumenting class 'org.apache.hadoop.thirdparty.protobuf.MutabilityOracle'.
2024-11-12 13:41:21,502 INFO  EvoClassLoader - Keeping class: org.apache.hadoop.thirdparty.protobuf.MutabilityOracle
2024-11-12 13:41:21,502 INFO  EvoClassLoader - Keeping class: org.apache.hadoop.thirdparty.protobuf.MapField
2024-11-12 13:41:21,502 INFO  EvoClassLoader - Seeing class for first time: org.apache.hadoop.thirdparty.protobuf.MapEntry
2024-11-12 13:41:21,502 INFO  EvoClassLoader - Instrumenting class 'org.apache.hadoop.thirdparty.protobuf.MapEntry'.
2024-11-12 13:41:21,502 INFO  MethodCallReplacementClassAdapter - Adding mock interface to class org/apache/hadoop/thirdparty/protobuf/MapEntry
2024-11-12 13:41:21,503 INFO  CreateClassResetClassAdapter - Creating brand-new static initializer in class org/apache/hadoop/thirdparty/protobuf/MapEntry
2024-11-12 13:41:21,503 INFO  EvoClassLoader - Keeping class: org.apache.hadoop.thirdparty.protobuf.MapEntry
2024-11-12 13:41:21,503 INFO  EvoClassLoader - Seeing class for first time: org.apache.hadoop.thirdparty.protobuf.WireFormat$FieldType
2024-11-12 13:41:21,503 INFO  EvoClassLoader - Instrumenting class 'org.apache.hadoop.thirdparty.protobuf.WireFormat$FieldType'.
2024-11-12 13:41:21,504 INFO  MethodCallReplacementClassAdapter - Adding mock interface to class org/apache/hadoop/thirdparty/protobuf/WireFormat$FieldType
2024-11-12 13:41:21,504 INFO  CreateClassResetClassAdapter - Found static initializer in class org/apache/hadoop/thirdparty/protobuf/WireFormat$FieldType
2024-11-12 13:41:21,504 INFO  EvoClassLoader - Keeping class: org.apache.hadoop.thirdparty.protobuf.WireFormat$FieldType
2024-11-12 13:41:21,504 INFO  EvoClassLoader - Seeing class for first time: org.apache.hadoop.thirdparty.protobuf.Extension$ExtensionType
2024-11-12 13:41:21,504 INFO  EvoClassLoader - Instrumenting class 'org.apache.hadoop.thirdparty.protobuf.Extension$ExtensionType'.
2024-11-12 13:41:21,504 INFO  MethodCallReplacementClassAdapter - Adding mock interface to class org/apache/hadoop/thirdparty/protobuf/Extension$ExtensionType
2024-11-12 13:41:21,504 INFO  CreateClassResetClassAdapter - Found static initializer in class org/apache/hadoop/thirdparty/protobuf/Extension$ExtensionType
2024-11-12 13:41:21,504 INFO  EvoClassLoader - Keeping class: org.apache.hadoop.thirdparty.protobuf.Extension$ExtensionType
2024-11-12 13:41:21,504 INFO  EvoClassLoader - Seeing class for first time: org.apache.hadoop.thirdparty.protobuf.Extension$MessageType
2024-11-12 13:41:21,504 INFO  EvoClassLoader - Instrumenting class 'org.apache.hadoop.thirdparty.protobuf.Extension$MessageType'.
2024-11-12 13:41:21,504 INFO  MethodCallReplacementClassAdapter - Adding mock interface to class org/apache/hadoop/thirdparty/protobuf/Extension$MessageType
2024-11-12 13:41:21,505 INFO  CreateClassResetClassAdapter - Found static initializer in class org/apache/hadoop/thirdparty/protobuf/Extension$MessageType
2024-11-12 13:41:21,505 INFO  EvoClassLoader - Keeping class: org.apache.hadoop.thirdparty.protobuf.Extension$MessageType
2024-11-12 13:41:21,505 INFO  EvoClassLoader - Seeing class for first time: org.apache.hadoop.thirdparty.protobuf.GeneratedMessageLite$GeneratedExtension
2024-11-12 13:41:21,505 INFO  EvoClassLoader - Instrumenting class 'org.apache.hadoop.thirdparty.protobuf.GeneratedMessageLite$GeneratedExtension'.
2024-11-12 13:41:21,505 INFO  MethodCallReplacementClassAdapter - Adding mock interface to class org/apache/hadoop/thirdparty/protobuf/GeneratedMessageLite$GeneratedExtension
2024-11-12 13:41:21,505 INFO  CreateClassResetClassAdapter - Creating brand-new static initializer in class org/apache/hadoop/thirdparty/protobuf/GeneratedMessageLite$GeneratedExtension
2024-11-12 13:41:21,505 INFO  EvoClassLoader - Keeping class: org.apache.hadoop.thirdparty.protobuf.GeneratedMessageLite$GeneratedExtension
2024-11-12 13:41:21,506 INFO  EvoClassLoader - Seeing class for first time: org.apache.hadoop.thirdparty.protobuf.ExtensionRegistry
2024-11-12 13:41:21,506 INFO  EvoClassLoader - Instrumenting class 'org.apache.hadoop.thirdparty.protobuf.ExtensionRegistry'.
2024-11-12 13:41:21,506 INFO  MethodCallReplacementClassAdapter - Adding mock interface to class org/apache/hadoop/thirdparty/protobuf/ExtensionRegistry
2024-11-12 13:41:21,507 INFO  CreateClassResetClassAdapter - Found static initializer in class org/apache/hadoop/thirdparty/protobuf/ExtensionRegistry
2024-11-12 13:41:21,507 INFO  EvoClassLoader - Keeping class: org.apache.hadoop.thirdparty.protobuf.ExtensionRegistry
2024-11-12 13:41:21,507 INFO  EvoClassLoader - Seeing class for first time: org.apache.hadoop.thirdparty.protobuf.GeneratedMessage$GeneratedExtension
2024-11-12 13:41:21,507 INFO  EvoClassLoader - Instrumenting class 'org.apache.hadoop.thirdparty.protobuf.GeneratedMessage$GeneratedExtension'.
2024-11-12 13:41:21,507 INFO  MethodCallReplacementClassAdapter - Adding mock interface to class org/apache/hadoop/thirdparty/protobuf/GeneratedMessage$GeneratedExtension
2024-11-12 13:41:21,508 INFO  CreateClassResetClassAdapter - Creating brand-new static initializer in class org/apache/hadoop/thirdparty/protobuf/GeneratedMessage$GeneratedExtension
2024-11-12 13:41:21,508 INFO  EvoClassLoader - Keeping class: org.apache.hadoop.thirdparty.protobuf.GeneratedMessage$GeneratedExtension
2024-11-12 13:41:21,508 INFO  EvoClassLoader - Seeing class for first time: org.apache.hadoop.thirdparty.protobuf.ExtensionRegistry$ExtensionInfo
2024-11-12 13:41:21,508 INFO  EvoClassLoader - Instrumenting class 'org.apache.hadoop.thirdparty.protobuf.ExtensionRegistry$ExtensionInfo'.
2024-11-12 13:41:21,508 INFO  MethodCallReplacementClassAdapter - Adding mock interface to class org/apache/hadoop/thirdparty/protobuf/ExtensionRegistry$ExtensionInfo
2024-11-12 13:41:21,508 INFO  CreateClassResetClassAdapter - Creating brand-new static initializer in class org/apache/hadoop/thirdparty/protobuf/ExtensionRegistry$ExtensionInfo
2024-11-12 13:41:21,509 INFO  EvoClassLoader - Keeping class: org.apache.hadoop.thirdparty.protobuf.ExtensionRegistry$ExtensionInfo
2024-11-12 13:41:21,509 INFO  EvoClassLoader - Seeing class for first time: org.apache.hadoop.thirdparty.protobuf.ExtensionRegistryFactory
2024-11-12 13:41:21,509 INFO  EvoClassLoader - Instrumenting class 'org.apache.hadoop.thirdparty.protobuf.ExtensionRegistryFactory'.
2024-11-12 13:41:21,509 INFO  MethodCallReplacementClassAdapter - Adding mock interface to class org/apache/hadoop/thirdparty/protobuf/ExtensionRegistryFactory
2024-11-12 13:41:21,509 INFO  CreateClassResetClassAdapter - Found static initializer in class org/apache/hadoop/thirdparty/protobuf/ExtensionRegistryFactory
2024-11-12 13:41:21,509 INFO  EvoClassLoader - Keeping class: org.apache.hadoop.thirdparty.protobuf.ExtensionRegistryFactory
2024-11-12 13:41:21,509 INFO  EvoClassLoader - Seeing class for first time: org.apache.hadoop.thirdparty.protobuf.AbstractParser
2024-11-12 13:41:21,509 INFO  EvoClassLoader - Instrumenting class 'org.apache.hadoop.thirdparty.protobuf.AbstractParser'.
2024-11-12 13:41:21,510 INFO  MethodCallReplacementClassAdapter - Adding mock interface to class org/apache/hadoop/thirdparty/protobuf/AbstractParser
2024-11-12 13:41:21,510 INFO  CreateClassResetClassAdapter - Found static initializer in class org/apache/hadoop/thirdparty/protobuf/AbstractParser
2024-11-12 13:41:21,510 INFO  EvoClassLoader - Keeping class: org.apache.hadoop.thirdparty.protobuf.AbstractParser
2024-11-12 13:41:21,510 INFO  EvoClassLoader - Seeing class for first time: org.apache.hadoop.thirdparty.protobuf.AbstractMessageLite$Builder$LimitedInputStream
2024-11-12 13:41:21,510 INFO  EvoClassLoader - Instrumenting class 'org.apache.hadoop.thirdparty.protobuf.AbstractMessageLite$Builder$LimitedInputStream'.
2024-11-12 13:41:21,511 INFO  MethodCallReplacementClassAdapter - Adding mock interface to class org/apache/hadoop/thirdparty/protobuf/AbstractMessageLite$Builder$LimitedInputStream
2024-11-12 13:41:21,511 INFO  CreateClassResetClassAdapter - Creating brand-new static initializer in class org/apache/hadoop/thirdparty/protobuf/AbstractMessageLite$Builder$LimitedInputStream
2024-11-12 13:41:21,511 INFO  EvoClassLoader - Keeping class: org.apache.hadoop.thirdparty.protobuf.AbstractMessageLite$Builder$LimitedInputStream
2024-11-12 13:41:21,511 INFO  EvoClassLoader - Seeing class for first time: org.apache.hadoop.thirdparty.protobuf.UnknownFieldSet$Parser
2024-11-12 13:41:21,511 INFO  EvoClassLoader - Instrumenting class 'org.apache.hadoop.thirdparty.protobuf.UnknownFieldSet$Parser'.
2024-11-12 13:41:21,511 INFO  MethodCallReplacementClassAdapter - Adding mock interface to class org/apache/hadoop/thirdparty/protobuf/UnknownFieldSet$Parser
2024-11-12 13:41:21,511 INFO  CreateClassResetClassAdapter - Creating brand-new static initializer in class org/apache/hadoop/thirdparty/protobuf/UnknownFieldSet$Parser
2024-11-12 13:41:21,511 INFO  EvoClassLoader - Keeping class: org.apache.hadoop.thirdparty.protobuf.UnknownFieldSet$Parser
2024-11-12 13:41:21,511 INFO  EvoClassLoader - Seeing class for first time: org.apache.hadoop.thirdparty.protobuf.UnknownFieldSet$Field
2024-11-12 13:41:21,511 INFO  EvoClassLoader - Instrumenting class 'org.apache.hadoop.thirdparty.protobuf.UnknownFieldSet$Field'.
2024-11-12 13:41:21,512 INFO  MethodCallReplacementClassAdapter - Adding mock interface to class org/apache/hadoop/thirdparty/protobuf/UnknownFieldSet$Field
2024-11-12 13:41:21,513 INFO  CreateClassResetClassAdapter - Found static initializer in class org/apache/hadoop/thirdparty/protobuf/UnknownFieldSet$Field
2024-11-12 13:41:21,513 INFO  EvoClassLoader - Keeping class: org.apache.hadoop.thirdparty.protobuf.UnknownFieldSet$Field
2024-11-12 13:41:21,513 INFO  EvoClassLoader - Seeing class for first time: org.apache.hadoop.fs.FSProtos$LocalFileSystemPathHandleProto$1
2024-11-12 13:41:21,513 INFO  EvoClassLoader - Instrumenting class 'org.apache.hadoop.fs.FSProtos$LocalFileSystemPathHandleProto$1'.
2024-11-12 13:41:21,513 INFO  MethodCallReplacementClassAdapter - Adding mock interface to class org/apache/hadoop/fs/FSProtos$LocalFileSystemPathHandleProto$1
2024-11-12 13:41:21,514 INFO  EvoClassLoader - Keeping class: org.apache.hadoop.fs.FSProtos$LocalFileSystemPathHandleProto$1
2024-11-12 13:41:21,514 INFO  EvoClassLoader - Seeing class for first time: org.apache.hadoop.fs.FSProtos$LocalFileSystemPathHandleProto
2024-11-12 13:41:21,514 INFO  EvoClassLoader - Instrumenting class 'org.apache.hadoop.fs.FSProtos$LocalFileSystemPathHandleProto'.
2024-11-12 13:41:21,514 INFO  MethodCallReplacementClassAdapter - Adding mock interface to class org/apache/hadoop/fs/FSProtos$LocalFileSystemPathHandleProto
2024-11-12 13:41:21,516 INFO  CreateClassResetClassAdapter - Found static initializer in class org/apache/hadoop/fs/FSProtos$LocalFileSystemPathHandleProto
2024-11-12 13:41:21,516 INFO  EvoClassLoader - Seeing class for first time: org.apache.hadoop.fs.FSProtos$LocalFileSystemPathHandleProtoOrBuilder
2024-11-12 13:41:21,516 INFO  EvoClassLoader - Instrumenting class 'org.apache.hadoop.fs.FSProtos$LocalFileSystemPathHandleProtoOrBuilder'.
2024-11-12 13:41:21,517 INFO  EvoClassLoader - Keeping class: org.apache.hadoop.fs.FSProtos$LocalFileSystemPathHandleProtoOrBuilder
2024-11-12 13:41:21,517 INFO  EvoClassLoader - Keeping class: org.apache.hadoop.fs.FSProtos$LocalFileSystemPathHandleProto
2024-11-12 13:41:21,517 INFO  EvoClassLoader - Seeing class for first time: org.apache.hadoop.fs.FSProtos
2024-11-12 13:41:21,517 INFO  EvoClassLoader - Instrumenting class 'org.apache.hadoop.fs.FSProtos'.
2024-11-12 13:41:21,518 INFO  MethodCallReplacementClassAdapter - Adding mock interface to class org/apache/hadoop/fs/FSProtos
2024-11-12 13:41:21,518 INFO  CreateClassResetClassAdapter - Found static initializer in class org/apache/hadoop/fs/FSProtos
2024-11-12 13:41:21,518 INFO  EvoClassLoader - Keeping class: org.apache.hadoop.fs.FSProtos
2024-11-12 13:41:21,519 INFO  EvoClassLoader - Seeing class for first time: org.apache.hadoop.fs.FSProtos$LocalFileSystemPathHandleProto$Builder
2024-11-12 13:41:21,519 INFO  EvoClassLoader - Instrumenting class 'org.apache.hadoop.fs.FSProtos$LocalFileSystemPathHandleProto$Builder'.
2024-11-12 13:41:21,519 INFO  MethodCallReplacementClassAdapter - Adding mock interface to class org/apache/hadoop/fs/FSProtos$LocalFileSystemPathHandleProto$Builder
2024-11-12 13:41:21,520 INFO  CreateClassResetClassAdapter - Creating brand-new static initializer in class org/apache/hadoop/fs/FSProtos$LocalFileSystemPathHandleProto$Builder
2024-11-12 13:41:21,520 INFO  EvoClassLoader - Seeing class for first time: org.apache.hadoop.thirdparty.protobuf.GeneratedMessageV3$Builder
2024-11-12 13:41:21,520 INFO  EvoClassLoader - Instrumenting class 'org.apache.hadoop.thirdparty.protobuf.GeneratedMessageV3$Builder'.
2024-11-12 13:41:21,520 INFO  MethodCallReplacementClassAdapter - Adding mock interface to class org/apache/hadoop/thirdparty/protobuf/GeneratedMessageV3$Builder
2024-11-12 13:41:21,521 INFO  CreateClassResetClassAdapter - Creating brand-new static initializer in class org/apache/hadoop/thirdparty/protobuf/GeneratedMessageV3$Builder
2024-11-12 13:41:21,521 INFO  EvoClassLoader - Seeing class for first time: org.apache.hadoop.thirdparty.protobuf.AbstractMessage$Builder
2024-11-12 13:41:21,521 INFO  EvoClassLoader - Instrumenting class 'org.apache.hadoop.thirdparty.protobuf.AbstractMessage$Builder'.
2024-11-12 13:41:21,522 INFO  MethodCallReplacementClassAdapter - Adding mock interface to class org/apache/hadoop/thirdparty/protobuf/AbstractMessage$Builder
2024-11-12 13:41:21,522 INFO  CreateClassResetClassAdapter - Creating brand-new static initializer in class org/apache/hadoop/thirdparty/protobuf/AbstractMessage$Builder
2024-11-12 13:41:21,523 INFO  EvoClassLoader - Seeing class for first time: org.apache.hadoop.thirdparty.protobuf.AbstractMessageLite$Builder
2024-11-12 13:41:21,523 INFO  EvoClassLoader - Instrumenting class 'org.apache.hadoop.thirdparty.protobuf.AbstractMessageLite$Builder'.
2024-11-12 13:41:21,523 INFO  MethodCallReplacementClassAdapter - Adding mock interface to class org/apache/hadoop/thirdparty/protobuf/AbstractMessageLite$Builder
2024-11-12 13:41:21,525 INFO  CreateClassResetClassAdapter - Creating brand-new static initializer in class org/apache/hadoop/thirdparty/protobuf/AbstractMessageLite$Builder
2024-11-12 13:41:21,526 INFO  EvoClassLoader - Keeping class: org.apache.hadoop.thirdparty.protobuf.AbstractMessageLite$Builder
2024-11-12 13:41:21,526 INFO  EvoClassLoader - Keeping class: org.apache.hadoop.thirdparty.protobuf.AbstractMessage$Builder
2024-11-12 13:41:21,526 INFO  EvoClassLoader - Keeping class: org.apache.hadoop.thirdparty.protobuf.GeneratedMessageV3$Builder
2024-11-12 13:41:21,526 INFO  EvoClassLoader - Keeping class: org.apache.hadoop.fs.FSProtos$LocalFileSystemPathHandleProto$Builder
2024-11-12 13:41:21,526 INFO  EvoClassLoader - Seeing class for first time: org.apache.hadoop.thirdparty.protobuf.UnknownFieldSet$Field$Builder
2024-11-12 13:41:21,526 INFO  EvoClassLoader - Instrumenting class 'org.apache.hadoop.thirdparty.protobuf.UnknownFieldSet$Field$Builder'.
2024-11-12 13:41:21,527 INFO  MethodCallReplacementClassAdapter - Adding mock interface to class org/apache/hadoop/thirdparty/protobuf/UnknownFieldSet$Field$Builder
2024-11-12 13:41:21,527 INFO  CreateClassResetClassAdapter - Creating brand-new static initializer in class org/apache/hadoop/thirdparty/protobuf/UnknownFieldSet$Field$Builder
2024-11-12 13:41:21,527 INFO  EvoClassLoader - Keeping class: org.apache.hadoop.thirdparty.protobuf.UnknownFieldSet$Field$Builder
2024-11-12 13:41:21,527 INFO  EvoClassLoader - Seeing class for first time: org.apache.hadoop.thirdparty.protobuf.WireFormat
2024-11-12 13:41:21,527 INFO  EvoClassLoader - Instrumenting class 'org.apache.hadoop.thirdparty.protobuf.WireFormat'.
2024-11-12 13:41:21,528 INFO  MethodCallReplacementClassAdapter - Adding mock interface to class org/apache/hadoop/thirdparty/protobuf/WireFormat
2024-11-12 13:41:21,529 INFO  CreateClassResetClassAdapter - Found static initializer in class org/apache/hadoop/thirdparty/protobuf/WireFormat
2024-11-12 13:41:21,530 INFO  EvoClassLoader - Keeping class: org.apache.hadoop.thirdparty.protobuf.WireFormat
2024-11-12 13:41:21,530 INFO  EvoClassLoader - Seeing class for first time: org.apache.hadoop.thirdparty.protobuf.WireFormat$Utf8Validation
2024-11-12 13:41:21,530 INFO  EvoClassLoader - Instrumenting class 'org.apache.hadoop.thirdparty.protobuf.WireFormat$Utf8Validation'.
2024-11-12 13:41:21,531 INFO  MethodCallReplacementClassAdapter - Adding mock interface to class org/apache/hadoop/thirdparty/protobuf/WireFormat$Utf8Validation
2024-11-12 13:41:21,531 INFO  CreateClassResetClassAdapter - Found static initializer in class org/apache/hadoop/thirdparty/protobuf/WireFormat$Utf8Validation
2024-11-12 13:41:21,531 INFO  EvoClassLoader - Keeping class: org.apache.hadoop.thirdparty.protobuf.WireFormat$Utf8Validation
2024-11-12 13:41:21,531 INFO  EvoClassLoader - Seeing class for first time: org.apache.hadoop.fs.TestFileSystemCaching$InitializeForeverFileSystem
2024-11-12 13:41:21,531 INFO  EvoClassLoader - Instrumenting class 'org.apache.hadoop.fs.TestFileSystemCaching$InitializeForeverFileSystem'.
2024-11-12 13:41:21,532 INFO  MethodCallReplacementClassAdapter - Adding mock interface to class org/apache/hadoop/fs/TestFileSystemCaching$InitializeForeverFileSystem
2024-11-12 13:41:21,532 INFO  CreateClassResetClassAdapter - Found static initializer in class org/apache/hadoop/fs/TestFileSystemCaching$InitializeForeverFileSystem
2024-11-12 13:41:21,532 INFO  EvoClassLoader - Keeping class: org.apache.hadoop.fs.TestFileSystemCaching$InitializeForeverFileSystem
2024-11-12 13:41:21,532 INFO  EvoClassLoader - Seeing class for first time: org.apache.hadoop.fs.TestFileSystemCaching
2024-11-12 13:41:21,532 INFO  EvoClassLoader - Instrumenting class 'org.apache.hadoop.fs.TestFileSystemCaching'.
2024-11-12 13:41:21,533 INFO  MethodCallReplacementClassAdapter - Adding mock interface to class org/apache/hadoop/fs/TestFileSystemCaching
2024-11-12 13:41:21,534 INFO  CreateClassResetClassAdapter - Creating brand-new static initializer in class org/apache/hadoop/fs/TestFileSystemCaching
2024-11-12 13:41:21,535 INFO  EvoClassLoader - Seeing class for first time: org.apache.hadoop.test.HadoopTestBase
2024-11-12 13:41:21,535 INFO  EvoClassLoader - Instrumenting class 'org.apache.hadoop.test.HadoopTestBase'.
2024-11-12 13:41:21,535 INFO  MethodCallReplacementClassAdapter - Adding mock interface to class org/apache/hadoop/test/HadoopTestBase
2024-11-12 13:41:21,535 INFO  CreateClassResetClassAdapter - Creating brand-new static initializer in class org/apache/hadoop/test/HadoopTestBase
2024-11-12 13:41:21,535 INFO  CreateClassResetClassAdapter - Adding bytecode for initializing field PROPERTY_TEST_DEFAULT_TIMEOUT
2024-11-12 13:41:21,535 INFO  CreateClassResetClassAdapter - Adding bytecode for initializing field TEST_DEFAULT_TIMEOUT_VALUE
2024-11-12 13:41:21,535 INFO  EvoClassLoader - Defined package (3): package org.apache.hadoop.test, 101545829
2024-11-12 13:41:21,536 INFO  EvoClassLoader - Keeping class: org.apache.hadoop.test.HadoopTestBase
2024-11-12 13:41:21,536 INFO  EvoClassLoader - Keeping class: org.apache.hadoop.fs.TestFileSystemCaching
2024-11-12 13:41:21,536 INFO  EvoClassLoader - Seeing class for first time: org.apache.hadoop.fs.TestFileSystemCaching$BlockingInitializer
2024-11-12 13:41:21,536 INFO  EvoClassLoader - Instrumenting class 'org.apache.hadoop.fs.TestFileSystemCaching$BlockingInitializer'.
2024-11-12 13:41:21,536 INFO  MethodCallReplacementClassAdapter - Adding mock interface to class org/apache/hadoop/fs/TestFileSystemCaching$BlockingInitializer
2024-11-12 13:41:21,536 INFO  CreateClassResetClassAdapter - Found static initializer in class org/apache/hadoop/fs/TestFileSystemCaching$BlockingInitializer
2024-11-12 13:41:21,537 INFO  EvoClassLoader - Keeping class: org.apache.hadoop.fs.TestFileSystemCaching$BlockingInitializer
2024-11-12 13:41:21,537 INFO  EvoClassLoader - Seeing class for first time: org.apache.hadoop.fs.FsUrlStreamHandlerFactory
2024-11-12 13:41:21,537 INFO  EvoClassLoader - Instrumenting class 'org.apache.hadoop.fs.FsUrlStreamHandlerFactory'.
2024-11-12 13:41:21,537 INFO  MethodCallReplacementClassAdapter - Adding mock interface to class org/apache/hadoop/fs/FsUrlStreamHandlerFactory
2024-11-12 13:41:21,539 INFO  CreateClassResetClassAdapter - Found static initializer in class org/apache/hadoop/fs/FsUrlStreamHandlerFactory
2024-11-12 13:41:21,539 INFO  EvoClassLoader - Keeping class: org.apache.hadoop.fs.FsUrlStreamHandlerFactory
2024-11-12 13:41:21,539 INFO  EvoClassLoader - Seeing class for first time: org.apache.hadoop.fs.FsUrlStreamHandler
2024-11-12 13:41:21,539 INFO  EvoClassLoader - Instrumenting class 'org.apache.hadoop.fs.FsUrlStreamHandler'.
2024-11-12 13:41:21,540 INFO  MethodCallReplacementClassAdapter - Adding mock interface to class org/apache/hadoop/fs/FsUrlStreamHandler
2024-11-12 13:41:21,540 INFO  CreateClassResetClassAdapter - Creating brand-new static initializer in class org/apache/hadoop/fs/FsUrlStreamHandler
2024-11-12 13:41:21,540 INFO  EvoClassLoader - Keeping class: org.apache.hadoop.fs.FsUrlStreamHandler
2024-11-12 13:41:21,540 INFO  EvoClassLoader - Seeing class for first time: org.apache.hadoop.fs.TestFileSystemInitialization$FailingFileSystem
2024-11-12 13:41:21,540 INFO  EvoClassLoader - Instrumenting class 'org.apache.hadoop.fs.TestFileSystemInitialization$FailingFileSystem'.
2024-11-12 13:41:21,541 INFO  MethodCallReplacementClassAdapter - Adding mock interface to class org/apache/hadoop/fs/TestFileSystemInitialization$FailingFileSystem
2024-11-12 13:41:21,541 INFO  CreateClassResetClassAdapter - Creating brand-new static initializer in class org/apache/hadoop/fs/TestFileSystemInitialization$FailingFileSystem
2024-11-12 13:41:21,541 INFO  CreateClassResetClassAdapter - Adding bytecode for initializing field INITIALIZE
2024-11-12 13:41:21,541 INFO  CreateClassResetClassAdapter - Adding bytecode for initializing field CLOSE
2024-11-12 13:41:21,541 INFO  CreateClassResetClassAdapter - Adding bytecode for initializing field initCount
2024-11-12 13:41:21,541 INFO  CreateClassResetClassAdapter - Adding bytecode for initializing field closeCount
2024-11-12 13:41:21,542 INFO  EvoClassLoader - Keeping class: org.apache.hadoop.fs.TestFileSystemInitialization$FailingFileSystem
2024-11-12 13:41:21,542 INFO  EvoClassLoader - Seeing class for first time: org.apache.hadoop.fs.TestFileSystemInitialization
2024-11-12 13:41:21,542 INFO  EvoClassLoader - Instrumenting class 'org.apache.hadoop.fs.TestFileSystemInitialization'.
2024-11-12 13:41:21,542 INFO  MethodCallReplacementClassAdapter - Adding mock interface to class org/apache/hadoop/fs/TestFileSystemInitialization
2024-11-12 13:41:21,543 INFO  CreateClassResetClassAdapter - Creating brand-new static initializer in class org/apache/hadoop/fs/TestFileSystemInitialization
2024-11-12 13:41:21,544 INFO  EvoClassLoader - Keeping class: org.apache.hadoop.fs.TestFileSystemInitialization
2024-11-12 13:41:21,544 INFO  EvoClassLoader - Seeing class for first time: org.apache.hadoop.io.EnumSetWritable$1
2024-11-12 13:41:21,544 INFO  EvoClassLoader - Instrumenting class 'org.apache.hadoop.io.EnumSetWritable$1'.
2024-11-12 13:41:21,544 INFO  MethodCallReplacementClassAdapter - Adding mock interface to class org/apache/hadoop/io/EnumSetWritable$1
2024-11-12 13:41:21,544 INFO  EvoClassLoader - Keeping class: org.apache.hadoop.io.EnumSetWritable$1
2024-11-12 13:41:21,544 INFO  EvoClassLoader - Seeing class for first time: org.apache.hadoop.io.EnumSetWritable
2024-11-12 13:41:21,544 INFO  EvoClassLoader - Instrumenting class 'org.apache.hadoop.io.EnumSetWritable'.
2024-11-12 13:41:21,545 INFO  MethodCallReplacementClassAdapter - Adding mock interface to class org/apache/hadoop/io/EnumSetWritable
2024-11-12 13:41:21,545 INFO  CreateClassResetClassAdapter - Found static initializer in class org/apache/hadoop/io/EnumSetWritable
2024-11-12 13:41:21,546 INFO  EvoClassLoader - Keeping class: org.apache.hadoop.io.EnumSetWritable
2024-11-12 13:41:21,546 INFO  EvoClassLoader - Seeing class for first time: org.apache.hadoop.hdfs.server.datanode.StorageLocation$CheckContext
2024-11-12 13:41:21,546 INFO  EvoClassLoader - Instrumenting class 'org.apache.hadoop.hdfs.server.datanode.StorageLocation$CheckContext'.
2024-11-12 13:41:21,547 INFO  MethodCallReplacementClassAdapter - Adding mock interface to class org/apache/hadoop/hdfs/server/datanode/StorageLocation$CheckContext
2024-11-12 13:41:21,547 INFO  CreateClassResetClassAdapter - Creating brand-new static initializer in class org/apache/hadoop/hdfs/server/datanode/StorageLocation$CheckContext
2024-11-12 13:41:21,547 INFO  EvoClassLoader - Keeping class: org.apache.hadoop.hdfs.server.datanode.StorageLocation$CheckContext
2024-11-12 13:41:21,547 INFO  EvoClassLoader - Seeing class for first time: org.apache.hadoop.hdfs.server.datanode.checker.VolumeCheckResult
2024-11-12 13:41:21,547 INFO  EvoClassLoader - Instrumenting class 'org.apache.hadoop.hdfs.server.datanode.checker.VolumeCheckResult'.
2024-11-12 13:41:21,547 INFO  MethodCallReplacementClassAdapter - Adding mock interface to class org/apache/hadoop/hdfs/server/datanode/checker/VolumeCheckResult
2024-11-12 13:41:21,548 INFO  CreateClassResetClassAdapter - Found static initializer in class org/apache/hadoop/hdfs/server/datanode/checker/VolumeCheckResult
2024-11-12 13:41:21,548 INFO  EvoClassLoader - Keeping class: org.apache.hadoop.hdfs.server.datanode.checker.VolumeCheckResult
2024-11-12 13:41:21,548 INFO  EvoClassLoader - Seeing class for first time: org.apache.hadoop.fs.FileSystemTestHelper$MockFileSystem
2024-11-12 13:41:21,548 INFO  EvoClassLoader - Instrumenting class 'org.apache.hadoop.fs.FileSystemTestHelper$MockFileSystem'.
2024-11-12 13:41:21,548 INFO  MethodCallReplacementClassAdapter - Adding mock interface to class org/apache/hadoop/fs/FileSystemTestHelper$MockFileSystem
2024-11-12 13:41:21,548 INFO  CreateClassResetClassAdapter - Creating brand-new static initializer in class org/apache/hadoop/fs/FileSystemTestHelper$MockFileSystem
2024-11-12 13:41:21,549 INFO  EvoClassLoader - Keeping class: org.apache.hadoop.fs.FileSystemTestHelper$MockFileSystem
2024-11-12 13:41:21,549 INFO  EvoClassLoader - Seeing class for first time: org.apache.hadoop.fs.FileSystemTestHelper
2024-11-12 13:41:21,549 INFO  EvoClassLoader - Instrumenting class 'org.apache.hadoop.fs.FileSystemTestHelper'.
2024-11-12 13:41:21,549 INFO  MethodCallReplacementClassAdapter - Adding mock interface to class org/apache/hadoop/fs/FileSystemTestHelper
2024-11-12 13:41:21,550 INFO  CreateClassResetClassAdapter - Creating brand-new static initializer in class org/apache/hadoop/fs/FileSystemTestHelper
2024-11-12 13:41:21,550 INFO  CreateClassResetClassAdapter - Adding bytecode for initializing field DEFAULT_BLOCK_SIZE
2024-11-12 13:41:21,550 INFO  CreateClassResetClassAdapter - Adding bytecode for initializing field DEFAULT_NUM_BLOCKS
2024-11-12 13:41:21,550 INFO  CreateClassResetClassAdapter - Adding bytecode for initializing field DEFAULT_NUM_REPL
2024-11-12 13:41:21,551 INFO  EvoClassLoader - Keeping class: org.apache.hadoop.fs.FileSystemTestHelper
2024-11-12 13:41:21,551 INFO  EvoClassLoader - Seeing class for first time: org.mockito.ArgumentMatchers
2024-11-12 13:41:21,551 INFO  EvoClassLoader - Instrumenting class 'org.mockito.ArgumentMatchers'.
2024-11-12 13:41:21,552 INFO  MethodCallReplacementClassAdapter - Adding mock interface to class org/mockito/ArgumentMatchers
2024-11-12 13:41:21,552 INFO  CreateClassResetClassAdapter - Creating brand-new static initializer in class org/mockito/ArgumentMatchers
2024-11-12 13:41:21,552 INFO  EvoClassLoader - Defined package (3): package org.mockito, -218950192
2024-11-12 13:41:21,552 INFO  EvoClassLoader - Keeping class: org.mockito.ArgumentMatchers
2024-11-12 13:41:21,552 INFO  EvoClassLoader - Seeing class for first time: org.mockito.ArgumentMatcher
2024-11-12 13:41:21,552 INFO  EvoClassLoader - Instrumenting class 'org.mockito.ArgumentMatcher'.
2024-11-12 13:41:21,552 INFO  EvoClassLoader - Keeping class: org.mockito.ArgumentMatcher
2024-11-12 13:41:21,553 INFO  EvoClassLoader - Seeing class for first time: org.mockito.internal.MockitoCore
2024-11-12 13:41:21,553 INFO  EvoClassLoader - Instrumenting class 'org.mockito.internal.MockitoCore'.
2024-11-12 13:41:21,553 INFO  MethodCallReplacementClassAdapter - Adding mock interface to class org/mockito/internal/MockitoCore
2024-11-12 13:41:21,554 INFO  CreateClassResetClassAdapter - Creating brand-new static initializer in class org/mockito/internal/MockitoCore
2024-11-12 13:41:21,554 INFO  EvoClassLoader - Defined package (3): package org.mockito.internal, -156488421
2024-11-12 13:41:21,555 INFO  EvoClassLoader - Keeping class: org.mockito.internal.MockitoCore
2024-11-12 13:41:21,555 INFO  EvoClassLoader - Seeing class for first time: org.mockito.stubbing.LenientStubber
2024-11-12 13:41:21,555 INFO  EvoClassLoader - Instrumenting class 'org.mockito.stubbing.LenientStubber'.
2024-11-12 13:41:21,555 INFO  EvoClassLoader - Defined package (3): package org.mockito.stubbing, 1147178060
2024-11-12 13:41:21,555 INFO  EvoClassLoader - Seeing class for first time: org.mockito.stubbing.BaseStubber
2024-11-12 13:41:21,555 INFO  EvoClassLoader - Instrumenting class 'org.mockito.stubbing.BaseStubber'.
2024-11-12 13:41:21,556 INFO  EvoClassLoader - Keeping class: org.mockito.stubbing.BaseStubber
2024-11-12 13:41:21,556 INFO  EvoClassLoader - Keeping class: org.mockito.stubbing.LenientStubber
2024-11-12 13:41:21,556 INFO  EvoClassLoader - Seeing class for first time: org.mockito.exceptions.base.MockitoException
2024-11-12 13:41:21,556 INFO  EvoClassLoader - Instrumenting class 'org.mockito.exceptions.base.MockitoException'.
2024-11-12 13:41:21,556 INFO  MethodCallReplacementClassAdapter - Adding mock interface to class org/mockito/exceptions/base/MockitoException
2024-11-12 13:41:21,556 INFO  CreateClassResetClassAdapter - Creating brand-new static initializer in class org/mockito/exceptions/base/MockitoException
2024-11-12 13:41:21,556 INFO  EvoClassLoader - Defined package (3): package org.mockito.exceptions.base, 2039938141
2024-11-12 13:41:21,556 INFO  EvoClassLoader - Keeping class: org.mockito.exceptions.base.MockitoException
2024-11-12 13:41:21,557 INFO  EvoClassLoader - Seeing class for first time: org.mockito.verification.VerificationMode
2024-11-12 13:41:21,557 INFO  EvoClassLoader - Instrumenting class 'org.mockito.verification.VerificationMode'.
2024-11-12 13:41:21,557 INFO  EvoClassLoader - Defined package (3): package org.mockito.verification, -390341255
2024-11-12 13:41:21,557 INFO  EvoClassLoader - Keeping class: org.mockito.verification.VerificationMode
2024-11-12 13:41:21,557 INFO  EvoClassLoader - Seeing class for first time: org.mockito.InOrder
2024-11-12 13:41:21,557 INFO  EvoClassLoader - Instrumenting class 'org.mockito.InOrder'.
2024-11-12 13:41:21,557 INFO  EvoClassLoader - Keeping class: org.mockito.InOrder
2024-11-12 13:41:21,557 INFO  EvoClassLoader - Seeing class for first time: org.mockito.MockingDetails
2024-11-12 13:41:21,557 INFO  EvoClassLoader - Instrumenting class 'org.mockito.MockingDetails'.
2024-11-12 13:41:21,557 INFO  EvoClassLoader - Keeping class: org.mockito.MockingDetails
2024-11-12 13:41:21,557 INFO  EvoClassLoader - Seeing class for first time: org.mockito.exceptions.misusing.NotAMockException
2024-11-12 13:41:21,557 INFO  EvoClassLoader - Instrumenting class 'org.mockito.exceptions.misusing.NotAMockException'.
2024-11-12 13:41:21,558 INFO  MethodCallReplacementClassAdapter - Adding mock interface to class org/mockito/exceptions/misusing/NotAMockException
2024-11-12 13:41:21,558 INFO  CreateClassResetClassAdapter - Creating brand-new static initializer in class org/mockito/exceptions/misusing/NotAMockException
2024-11-12 13:41:21,558 INFO  EvoClassLoader - Defined package (3): package org.mockito.exceptions.misusing, -1043487719
2024-11-12 13:41:21,558 INFO  EvoClassLoader - Keeping class: org.mockito.exceptions.misusing.NotAMockException
2024-11-12 13:41:21,558 INFO  EvoClassLoader - Seeing class for first time: org.mockito.internal.verification.api.VerificationData
2024-11-12 13:41:21,558 INFO  EvoClassLoader - Instrumenting class 'org.mockito.internal.verification.api.VerificationData'.
2024-11-12 13:41:21,558 INFO  EvoClassLoader - Defined package (3): package org.mockito.internal.verification.api, -1145445318
2024-11-12 13:41:21,558 INFO  EvoClassLoader - Keeping class: org.mockito.internal.verification.api.VerificationData
2024-11-12 13:41:21,558 INFO  EvoClassLoader - Seeing class for first time: org.mockito.stubbing.Stubber
2024-11-12 13:41:21,558 INFO  EvoClassLoader - Instrumenting class 'org.mockito.stubbing.Stubber'.
2024-11-12 13:41:21,558 INFO  EvoClassLoader - Keeping class: org.mockito.stubbing.Stubber
2024-11-12 13:41:21,558 INFO  EvoClassLoader - Seeing class for first time: org.mockito.internal.verification.api.VerificationDataInOrder
2024-11-12 13:41:21,558 INFO  EvoClassLoader - Instrumenting class 'org.mockito.internal.verification.api.VerificationDataInOrder'.
2024-11-12 13:41:21,558 INFO  EvoClassLoader - Keeping class: org.mockito.internal.verification.api.VerificationDataInOrder
2024-11-12 13:41:21,558 INFO  EvoClassLoader - Seeing class for first time: org.mockito.MockSettings
2024-11-12 13:41:21,558 INFO  EvoClassLoader - Instrumenting class 'org.mockito.MockSettings'.
2024-11-12 13:41:21,559 INFO  EvoClassLoader - Keeping class: org.mockito.MockSettings
2024-11-12 13:41:21,559 INFO  EvoClassLoader - Seeing class for first time: org.mockito.stubbing.OngoingStubbing
2024-11-12 13:41:21,559 INFO  EvoClassLoader - Instrumenting class 'org.mockito.stubbing.OngoingStubbing'.
2024-11-12 13:41:21,559 INFO  EvoClassLoader - Keeping class: org.mockito.stubbing.OngoingStubbing
2024-11-12 13:41:21,559 INFO  EvoClassLoader - Seeing class for first time: org.mockito.quality.Strictness
2024-11-12 13:41:21,559 INFO  EvoClassLoader - Instrumenting class 'org.mockito.quality.Strictness'.
2024-11-12 13:41:21,559 INFO  MethodCallReplacementClassAdapter - Adding mock interface to class org/mockito/quality/Strictness
2024-11-12 13:41:21,559 INFO  CreateClassResetClassAdapter - Found static initializer in class org/mockito/quality/Strictness
2024-11-12 13:41:21,559 INFO  EvoClassLoader - Defined package (3): package org.mockito.quality, 904861409
2024-11-12 13:41:21,559 INFO  EvoClassLoader - Keeping class: org.mockito.quality.Strictness
2024-11-12 13:41:21,559 INFO  EvoClassLoader - Seeing class for first time: org.mockito.internal.verification.api.InOrderContext
2024-11-12 13:41:21,559 INFO  EvoClassLoader - Instrumenting class 'org.mockito.internal.verification.api.InOrderContext'.
2024-11-12 13:41:21,559 INFO  EvoClassLoader - Keeping class: org.mockito.internal.verification.api.InOrderContext
2024-11-12 13:41:21,559 INFO  EvoClassLoader - Seeing class for first time: org.mockito.invocation.Invocation
2024-11-12 13:41:21,559 INFO  EvoClassLoader - Instrumenting class 'org.mockito.invocation.Invocation'.
2024-11-12 13:41:21,560 INFO  EvoClassLoader - Defined package (3): package org.mockito.invocation, -1026637970
2024-11-12 13:41:21,560 INFO  EvoClassLoader - Seeing class for first time: org.mockito.invocation.InvocationOnMock
2024-11-12 13:41:21,560 INFO  EvoClassLoader - Instrumenting class 'org.mockito.invocation.InvocationOnMock'.
2024-11-12 13:41:21,560 INFO  EvoClassLoader - Keeping class: org.mockito.invocation.InvocationOnMock
2024-11-12 13:41:21,560 INFO  EvoClassLoader - Seeing class for first time: org.mockito.invocation.DescribedInvocation
2024-11-12 13:41:21,560 INFO  EvoClassLoader - Instrumenting class 'org.mockito.invocation.DescribedInvocation'.
2024-11-12 13:41:21,560 INFO  EvoClassLoader - Keeping class: org.mockito.invocation.DescribedInvocation
2024-11-12 13:41:21,560 INFO  EvoClassLoader - Keeping class: org.mockito.invocation.Invocation
2024-11-12 13:41:21,560 INFO  EvoClassLoader - Seeing class for first time: org.mockito.internal.stubbing.defaultanswers.GloballyConfiguredAnswer
2024-11-12 13:41:21,560 INFO  EvoClassLoader - Instrumenting class 'org.mockito.internal.stubbing.defaultanswers.GloballyConfiguredAnswer'.
2024-11-12 13:41:21,560 INFO  MethodCallReplacementClassAdapter - Adding mock interface to class org/mockito/internal/stubbing/defaultanswers/GloballyConfiguredAnswer
2024-11-12 13:41:21,560 INFO  CreateClassResetClassAdapter - Creating brand-new static initializer in class org/mockito/internal/stubbing/defaultanswers/GloballyConfiguredAnswer
2024-11-12 13:41:21,560 INFO  EvoClassLoader - Defined package (3): package org.mockito.internal.stubbing.defaultanswers, -315287743
2024-11-12 13:41:21,560 INFO  EvoClassLoader - Seeing class for first time: org.mockito.stubbing.Answer
2024-11-12 13:41:21,560 INFO  EvoClassLoader - Instrumenting class 'org.mockito.stubbing.Answer'.
2024-11-12 13:41:21,561 INFO  EvoClassLoader - Keeping class: org.mockito.stubbing.Answer
2024-11-12 13:41:21,561 INFO  EvoClassLoader - Keeping class: org.mockito.internal.stubbing.defaultanswers.GloballyConfiguredAnswer
2024-11-12 13:41:21,561 INFO  EvoClassLoader - Seeing class for first time: org.mockito.internal.stubbing.defaultanswers.ReturnsSmartNulls
2024-11-12 13:41:21,561 INFO  EvoClassLoader - Instrumenting class 'org.mockito.internal.stubbing.defaultanswers.ReturnsSmartNulls'.
2024-11-12 13:41:21,561 INFO  MethodCallReplacementClassAdapter - Adding mock interface to class org/mockito/internal/stubbing/defaultanswers/ReturnsSmartNulls
2024-11-12 13:41:21,561 INFO  CreateClassResetClassAdapter - Creating brand-new static initializer in class org/mockito/internal/stubbing/defaultanswers/ReturnsSmartNulls
2024-11-12 13:41:21,561 INFO  EvoClassLoader - Keeping class: org.mockito.internal.stubbing.defaultanswers.ReturnsSmartNulls
2024-11-12 13:41:21,561 INFO  EvoClassLoader - Seeing class for first time: org.mockito.internal.stubbing.defaultanswers.RetrieveGenericsForDefaultAnswers$AnswerCallback
2024-11-12 13:41:21,561 INFO  EvoClassLoader - Instrumenting class 'org.mockito.internal.stubbing.defaultanswers.RetrieveGenericsForDefaultAnswers$AnswerCallback'.
2024-11-12 13:41:21,561 INFO  EvoClassLoader - Keeping class: org.mockito.internal.stubbing.defaultanswers.RetrieveGenericsForDefaultAnswers$AnswerCallback
2024-11-12 13:41:21,561 INFO  EvoClassLoader - Seeing class for first time: org.mockito.internal.stubbing.defaultanswers.ReturnsMoreEmptyValues
2024-11-12 13:41:21,561 INFO  EvoClassLoader - Instrumenting class 'org.mockito.internal.stubbing.defaultanswers.ReturnsMoreEmptyValues'.
2024-11-12 13:41:21,562 INFO  MethodCallReplacementClassAdapter - Adding mock interface to class org/mockito/internal/stubbing/defaultanswers/ReturnsMoreEmptyValues
2024-11-12 13:41:21,562 INFO  CreateClassResetClassAdapter - Creating brand-new static initializer in class org/mockito/internal/stubbing/defaultanswers/ReturnsMoreEmptyValues
2024-11-12 13:41:21,562 INFO  EvoClassLoader - Keeping class: org.mockito.internal.stubbing.defaultanswers.ReturnsMoreEmptyValues
2024-11-12 13:41:21,562 INFO  EvoClassLoader - Seeing class for first time: org.mockito.internal.stubbing.defaultanswers.ReturnsEmptyValues
2024-11-12 13:41:21,562 INFO  EvoClassLoader - Instrumenting class 'org.mockito.internal.stubbing.defaultanswers.ReturnsEmptyValues'.
2024-11-12 13:41:21,562 INFO  MethodCallReplacementClassAdapter - Adding mock interface to class org/mockito/internal/stubbing/defaultanswers/ReturnsEmptyValues
2024-11-12 13:41:21,562 INFO  CreateClassResetClassAdapter - Creating brand-new static initializer in class org/mockito/internal/stubbing/defaultanswers/ReturnsEmptyValues
2024-11-12 13:41:21,562 INFO  EvoClassLoader - Keeping class: org.mockito.internal.stubbing.defaultanswers.ReturnsEmptyValues
2024-11-12 13:41:21,562 INFO  EvoClassLoader - Seeing class for first time: org.mockito.internal.stubbing.defaultanswers.ReturnsMocks
2024-11-12 13:41:21,562 INFO  EvoClassLoader - Instrumenting class 'org.mockito.internal.stubbing.defaultanswers.ReturnsMocks'.
2024-11-12 13:41:21,563 INFO  MethodCallReplacementClassAdapter - Adding mock interface to class org/mockito/internal/stubbing/defaultanswers/ReturnsMocks
2024-11-12 13:41:21,563 INFO  CreateClassResetClassAdapter - Creating brand-new static initializer in class org/mockito/internal/stubbing/defaultanswers/ReturnsMocks
2024-11-12 13:41:21,563 INFO  EvoClassLoader - Keeping class: org.mockito.internal.stubbing.defaultanswers.ReturnsMocks
2024-11-12 13:41:21,563 INFO  EvoClassLoader - Seeing class for first time: org.mockito.internal.stubbing.defaultanswers.ReturnsDeepStubs
2024-11-12 13:41:21,563 INFO  EvoClassLoader - Instrumenting class 'org.mockito.internal.stubbing.defaultanswers.ReturnsDeepStubs'.
2024-11-12 13:41:21,563 INFO  MethodCallReplacementClassAdapter - Adding mock interface to class org/mockito/internal/stubbing/defaultanswers/ReturnsDeepStubs
2024-11-12 13:41:21,564 INFO  CreateClassResetClassAdapter - Creating brand-new static initializer in class org/mockito/internal/stubbing/defaultanswers/ReturnsDeepStubs
2024-11-12 13:41:21,564 INFO  EvoClassLoader - Keeping class: org.mockito.internal.stubbing.defaultanswers.ReturnsDeepStubs
2024-11-12 13:41:21,564 INFO  EvoClassLoader - Seeing class for first time: org.mockito.internal.stubbing.defaultanswers.ReturnsDeepStubs$ReturnsDeepStubsSerializationFallback
2024-11-12 13:41:21,564 INFO  EvoClassLoader - Instrumenting class 'org.mockito.internal.stubbing.defaultanswers.ReturnsDeepStubs$ReturnsDeepStubsSerializationFallback'.
2024-11-12 13:41:21,565 INFO  MethodCallReplacementClassAdapter - Adding mock interface to class org/mockito/internal/stubbing/defaultanswers/ReturnsDeepStubs$ReturnsDeepStubsSerializationFallback
2024-11-12 13:41:21,565 INFO  CreateClassResetClassAdapter - Creating brand-new static initializer in class org/mockito/internal/stubbing/defaultanswers/ReturnsDeepStubs$ReturnsDeepStubsSerializationFallback
2024-11-12 13:41:21,566 INFO  EvoClassLoader - Keeping class: org.mockito.internal.stubbing.defaultanswers.ReturnsDeepStubs$ReturnsDeepStubsSerializationFallback
2024-11-12 13:41:21,566 INFO  EvoClassLoader - Seeing class for first time: org.mockito.internal.util.reflection.GenericMetadataSupport
2024-11-12 13:41:21,566 INFO  EvoClassLoader - Instrumenting class 'org.mockito.internal.util.reflection.GenericMetadataSupport'.
2024-11-12 13:41:21,567 INFO  MethodCallReplacementClassAdapter - Adding mock interface to class org/mockito/internal/util/reflection/GenericMetadataSupport
2024-11-12 13:41:21,567 INFO  CreateClassResetClassAdapter - Creating brand-new static initializer in class org/mockito/internal/util/reflection/GenericMetadataSupport
2024-11-12 13:41:21,567 INFO  EvoClassLoader - Defined package (3): package org.mockito.internal.util.reflection, -252650812
2024-11-12 13:41:21,568 INFO  EvoClassLoader - Keeping class: org.mockito.internal.util.reflection.GenericMetadataSupport
2024-11-12 13:41:21,568 INFO  EvoClassLoader - Seeing class for first time: org.mockito.internal.stubbing.InvocationContainerImpl
2024-11-12 13:41:21,568 INFO  EvoClassLoader - Instrumenting class 'org.mockito.internal.stubbing.InvocationContainerImpl'.
2024-11-12 13:41:21,568 INFO  MethodCallReplacementClassAdapter - Adding mock interface to class org/mockito/internal/stubbing/InvocationContainerImpl
2024-11-12 13:41:21,569 INFO  CreateClassResetClassAdapter - Found static initializer in class org/mockito/internal/stubbing/InvocationContainerImpl
2024-11-12 13:41:21,569 INFO  EvoClassLoader - Defined package (3): package org.mockito.internal.stubbing, -1955235487
2024-11-12 13:41:21,569 INFO  EvoClassLoader - Seeing class for first time: org.mockito.invocation.InvocationContainer
2024-11-12 13:41:21,569 INFO  EvoClassLoader - Instrumenting class 'org.mockito.invocation.InvocationContainer'.
2024-11-12 13:41:21,570 INFO  EvoClassLoader - Keeping class: org.mockito.invocation.InvocationContainer
2024-11-12 13:41:21,570 INFO  EvoClassLoader - Keeping class: org.mockito.internal.stubbing.InvocationContainerImpl
2024-11-12 13:41:21,570 INFO  EvoClassLoader - Seeing class for first time: org.mockito.internal.stubbing.StubbedInvocationMatcher
2024-11-12 13:41:21,570 INFO  EvoClassLoader - Instrumenting class 'org.mockito.internal.stubbing.StubbedInvocationMatcher'.
2024-11-12 13:41:21,570 INFO  MethodCallReplacementClassAdapter - Adding mock interface to class org/mockito/internal/stubbing/StubbedInvocationMatcher
2024-11-12 13:41:21,570 INFO  CreateClassResetClassAdapter - Creating brand-new static initializer in class org/mockito/internal/stubbing/StubbedInvocationMatcher
2024-11-12 13:41:21,570 INFO  EvoClassLoader - Seeing class for first time: org.mockito.stubbing.Stubbing
2024-11-12 13:41:21,570 INFO  EvoClassLoader - Instrumenting class 'org.mockito.stubbing.Stubbing'.
2024-11-12 13:41:21,571 INFO  EvoClassLoader - Keeping class: org.mockito.stubbing.Stubbing
2024-11-12 13:41:21,571 INFO  EvoClassLoader - Seeing class for first time: org.mockito.internal.invocation.InvocationMatcher
2024-11-12 13:41:21,571 INFO  EvoClassLoader - Instrumenting class 'org.mockito.internal.invocation.InvocationMatcher'.
2024-11-12 13:41:21,571 INFO  MethodCallReplacementClassAdapter - Adding mock interface to class org/mockito/internal/invocation/InvocationMatcher
2024-11-12 13:41:21,572 INFO  CreateClassResetClassAdapter - Creating brand-new static initializer in class org/mockito/internal/invocation/InvocationMatcher
2024-11-12 13:41:21,572 INFO  EvoClassLoader - Defined package (3): package org.mockito.internal.invocation, -1738753213
2024-11-12 13:41:21,572 INFO  EvoClassLoader - Seeing class for first time: org.mockito.invocation.MatchableInvocation
2024-11-12 13:41:21,572 INFO  EvoClassLoader - Instrumenting class 'org.mockito.invocation.MatchableInvocation'.
2024-11-12 13:41:21,572 INFO  EvoClassLoader - Keeping class: org.mockito.invocation.MatchableInvocation
2024-11-12 13:41:21,572 INFO  EvoClassLoader - Keeping class: org.mockito.internal.invocation.InvocationMatcher
2024-11-12 13:41:21,572 INFO  EvoClassLoader - Keeping class: org.mockito.internal.stubbing.StubbedInvocationMatcher
2024-11-12 13:41:21,572 INFO  EvoClassLoader - Seeing class for first time: org.mockito.mock.MockCreationSettings
2024-11-12 13:41:21,572 INFO  EvoClassLoader - Instrumenting class 'org.mockito.mock.MockCreationSettings'.
2024-11-12 13:41:21,573 INFO  EvoClassLoader - Defined package (3): package org.mockito.mock, 677215976
2024-11-12 13:41:21,573 INFO  EvoClassLoader - Keeping class: org.mockito.mock.MockCreationSettings
2024-11-12 13:41:21,573 INFO  EvoClassLoader - Seeing class for first time: org.mockito.internal.stubbing.answers.CallsRealMethods
2024-11-12 13:41:21,573 INFO  EvoClassLoader - Instrumenting class 'org.mockito.internal.stubbing.answers.CallsRealMethods'.
2024-11-12 13:41:21,573 INFO  MethodCallReplacementClassAdapter - Adding mock interface to class org/mockito/internal/stubbing/answers/CallsRealMethods
2024-11-12 13:41:21,574 INFO  CreateClassResetClassAdapter - Creating brand-new static initializer in class org/mockito/internal/stubbing/answers/CallsRealMethods
2024-11-12 13:41:21,574 INFO  EvoClassLoader - Defined package (3): package org.mockito.internal.stubbing.answers, 1154371816
2024-11-12 13:41:21,574 INFO  EvoClassLoader - Seeing class for first time: org.mockito.stubbing.ValidableAnswer
2024-11-12 13:41:21,574 INFO  EvoClassLoader - Instrumenting class 'org.mockito.stubbing.ValidableAnswer'.
2024-11-12 13:41:21,575 INFO  EvoClassLoader - Keeping class: org.mockito.stubbing.ValidableAnswer
2024-11-12 13:41:21,575 INFO  EvoClassLoader - Keeping class: org.mockito.internal.stubbing.answers.CallsRealMethods
2024-11-12 13:41:21,575 INFO  EvoClassLoader - Seeing class for first time: org.mockito.internal.stubbing.defaultanswers.TriesToReturnSelf
2024-11-12 13:41:21,575 INFO  EvoClassLoader - Instrumenting class 'org.mockito.internal.stubbing.defaultanswers.TriesToReturnSelf'.
2024-11-12 13:41:21,576 INFO  MethodCallReplacementClassAdapter - Adding mock interface to class org/mockito/internal/stubbing/defaultanswers/TriesToReturnSelf
2024-11-12 13:41:21,576 INFO  CreateClassResetClassAdapter - Creating brand-new static initializer in class org/mockito/internal/stubbing/defaultanswers/TriesToReturnSelf
2024-11-12 13:41:21,576 INFO  EvoClassLoader - Keeping class: org.mockito.internal.stubbing.defaultanswers.TriesToReturnSelf
2024-11-12 13:41:21,576 INFO  EvoClassLoader - Seeing class for first time: org.mockito.Answers
2024-11-12 13:41:21,576 INFO  EvoClassLoader - Instrumenting class 'org.mockito.Answers'.
2024-11-12 13:41:21,577 INFO  MethodCallReplacementClassAdapter - Adding mock interface to class org/mockito/Answers
2024-11-12 13:41:21,577 INFO  CreateClassResetClassAdapter - Found static initializer in class org/mockito/Answers
2024-11-12 13:41:21,577 INFO  EvoClassLoader - Keeping class: org.mockito.Answers
2024-11-12 13:41:21,578 INFO  EvoClassLoader - Seeing class for first time: org.mockito.Mockito
2024-11-12 13:41:21,578 INFO  EvoClassLoader - Instrumenting class 'org.mockito.Mockito'.
2024-11-12 13:41:21,578 INFO  MethodCallReplacementClassAdapter - Adding mock interface to class org/mockito/Mockito
2024-11-12 13:41:21,578 INFO  CreateClassResetClassAdapter - Found static initializer in class org/mockito/Mockito
2024-11-12 13:41:21,579 INFO  EvoClassLoader - Keeping class: org.mockito.Mockito
2024-11-12 13:41:21,579 INFO  EvoClassLoader - Seeing class for first time: org.mockito.MockitoDebugger
2024-11-12 13:41:21,579 INFO  EvoClassLoader - Instrumenting class 'org.mockito.MockitoDebugger'.
2024-11-12 13:41:21,579 INFO  EvoClassLoader - Keeping class: org.mockito.MockitoDebugger
2024-11-12 13:41:21,579 INFO  EvoClassLoader - Seeing class for first time: org.mockito.verification.VerificationAfterDelay
2024-11-12 13:41:21,579 INFO  EvoClassLoader - Instrumenting class 'org.mockito.verification.VerificationAfterDelay'.
2024-11-12 13:41:21,580 INFO  EvoClassLoader - Keeping class: org.mockito.verification.VerificationAfterDelay
2024-11-12 13:41:21,580 INFO  EvoClassLoader - Seeing class for first time: org.mockito.verification.VerificationWithTimeout
2024-11-12 13:41:21,580 INFO  EvoClassLoader - Instrumenting class 'org.mockito.verification.VerificationWithTimeout'.
2024-11-12 13:41:21,580 INFO  EvoClassLoader - Keeping class: org.mockito.verification.VerificationWithTimeout
2024-11-12 13:41:21,580 INFO  EvoClassLoader - Seeing class for first time: org.mockito.MockitoFramework
2024-11-12 13:41:21,580 INFO  EvoClassLoader - Instrumenting class 'org.mockito.MockitoFramework'.
2024-11-12 13:41:21,581 INFO  EvoClassLoader - Keeping class: org.mockito.MockitoFramework
2024-11-12 13:41:21,581 INFO  EvoClassLoader - Seeing class for first time: org.mockito.session.MockitoSessionBuilder
2024-11-12 13:41:21,581 INFO  EvoClassLoader - Instrumenting class 'org.mockito.session.MockitoSessionBuilder'.
2024-11-12 13:41:21,581 INFO  EvoClassLoader - Defined package (3): package org.mockito.session, -2056333192
2024-11-12 13:41:21,581 INFO  EvoClassLoader - Keeping class: org.mockito.session.MockitoSessionBuilder
2024-11-12 13:41:21,581 INFO  EvoClassLoader - Seeing class for first time: org.mockito.internal.creation.settings.CreationSettings
2024-11-12 13:41:21,581 INFO  EvoClassLoader - Instrumenting class 'org.mockito.internal.creation.settings.CreationSettings'.
2024-11-12 13:41:21,582 INFO  MethodCallReplacementClassAdapter - Adding mock interface to class org/mockito/internal/creation/settings/CreationSettings
2024-11-12 13:41:21,582 INFO  CreateClassResetClassAdapter - Creating brand-new static initializer in class org/mockito/internal/creation/settings/CreationSettings
2024-11-12 13:41:21,582 INFO  EvoClassLoader - Defined package (3): package org.mockito.internal.creation.settings, -2096338881
2024-11-12 13:41:21,583 INFO  EvoClassLoader - Keeping class: org.mockito.internal.creation.settings.CreationSettings
2024-11-12 13:41:21,583 INFO  EvoClassLoader - Seeing class for first time: org.mockito.mock.MockName
2024-11-12 13:41:21,583 INFO  EvoClassLoader - Instrumenting class 'org.mockito.mock.MockName'.
2024-11-12 13:41:21,583 INFO  EvoClassLoader - Keeping class: org.mockito.mock.MockName
2024-11-12 13:41:21,583 INFO  EvoClassLoader - Seeing class for first time: org.mockito.mock.SerializableMode
2024-11-12 13:41:21,583 INFO  EvoClassLoader - Instrumenting class 'org.mockito.mock.SerializableMode'.
2024-11-12 13:41:21,583 INFO  MethodCallReplacementClassAdapter - Adding mock interface to class org/mockito/mock/SerializableMode
2024-11-12 13:41:21,584 INFO  CreateClassResetClassAdapter - Found static initializer in class org/mockito/mock/SerializableMode
2024-11-12 13:41:21,584 INFO  EvoClassLoader - Keeping class: org.mockito.mock.SerializableMode
2024-11-12 13:41:21,584 INFO  EvoClassLoader - Seeing class for first time: org.mockito.internal.creation.MockSettingsImpl
2024-11-12 13:41:21,584 INFO  EvoClassLoader - Instrumenting class 'org.mockito.internal.creation.MockSettingsImpl'.
2024-11-12 13:41:21,584 INFO  MethodCallReplacementClassAdapter - Adding mock interface to class org/mockito/internal/creation/MockSettingsImpl
2024-11-12 13:41:21,584 INFO  CreateClassResetClassAdapter - Creating brand-new static initializer in class org/mockito/internal/creation/MockSettingsImpl
2024-11-12 13:41:21,584 INFO  EvoClassLoader - Defined package (3): package org.mockito.internal.creation, -2008890798
2024-11-12 13:41:21,584 INFO  EvoClassLoader - Keeping class: org.mockito.internal.creation.MockSettingsImpl
2024-11-12 13:41:21,585 INFO  EvoClassLoader - Seeing class for first time: org.mockito.listeners.InvocationListener
2024-11-12 13:41:21,585 INFO  EvoClassLoader - Instrumenting class 'org.mockito.listeners.InvocationListener'.
2024-11-12 13:41:21,585 INFO  EvoClassLoader - Defined package (3): package org.mockito.listeners, 2017212321
2024-11-12 13:41:21,585 INFO  EvoClassLoader - Keeping class: org.mockito.listeners.InvocationListener
2024-11-12 13:41:21,585 INFO  EvoClassLoader - Seeing class for first time: org.mockito.listeners.StubbingLookupListener
2024-11-12 13:41:21,585 INFO  EvoClassLoader - Instrumenting class 'org.mockito.listeners.StubbingLookupListener'.
2024-11-12 13:41:21,585 INFO  EvoClassLoader - Keeping class: org.mockito.listeners.StubbingLookupListener
2024-11-12 13:41:21,585 INFO  EvoClassLoader - Seeing class for first time: org.mockito.listeners.VerificationStartedListener
2024-11-12 13:41:21,585 INFO  EvoClassLoader - Instrumenting class 'org.mockito.listeners.VerificationStartedListener'.
2024-11-12 13:41:21,585 INFO  EvoClassLoader - Keeping class: org.mockito.listeners.VerificationStartedListener
2024-11-12 13:41:21,585 INFO  EvoClassLoader - Seeing class for first time: org.mockito.internal.util.MockCreationValidator
2024-11-12 13:41:21,585 INFO  EvoClassLoader - Instrumenting class 'org.mockito.internal.util.MockCreationValidator'.
2024-11-12 13:41:21,586 INFO  MethodCallReplacementClassAdapter - Adding mock interface to class org/mockito/internal/util/MockCreationValidator
2024-11-12 13:41:21,586 INFO  CreateClassResetClassAdapter - Creating brand-new static initializer in class org/mockito/internal/util/MockCreationValidator
2024-11-12 13:41:21,586 INFO  EvoClassLoader - Defined package (3): package org.mockito.internal.util, 1337586933
2024-11-12 13:41:21,586 INFO  EvoClassLoader - Keeping class: org.mockito.internal.util.MockCreationValidator
2024-11-12 13:41:21,586 INFO  EvoClassLoader - Seeing class for first time: org.mockito.internal.configuration.plugins.PluginRegistry
2024-11-12 13:41:21,586 INFO  EvoClassLoader - Instrumenting class 'org.mockito.internal.configuration.plugins.PluginRegistry'.
2024-11-12 13:41:21,586 INFO  MethodCallReplacementClassAdapter - Adding mock interface to class org/mockito/internal/configuration/plugins/PluginRegistry
2024-11-12 13:41:21,586 INFO  CreateClassResetClassAdapter - Creating brand-new static initializer in class org/mockito/internal/configuration/plugins/PluginRegistry
2024-11-12 13:41:21,586 INFO  EvoClassLoader - Defined package (3): package org.mockito.internal.configuration.plugins, -1086470635
2024-11-12 13:41:21,586 INFO  EvoClassLoader - Keeping class: org.mockito.internal.configuration.plugins.PluginRegistry
2024-11-12 13:41:21,586 INFO  EvoClassLoader - Seeing class for first time: org.mockito.plugins.PluginSwitch
2024-11-12 13:41:21,586 INFO  EvoClassLoader - Instrumenting class 'org.mockito.plugins.PluginSwitch'.
2024-11-12 13:41:21,587 INFO  EvoClassLoader - Defined package (3): package org.mockito.plugins, -221983358
2024-11-12 13:41:21,587 INFO  EvoClassLoader - Keeping class: org.mockito.plugins.PluginSwitch
2024-11-12 13:41:21,587 INFO  EvoClassLoader - Seeing class for first time: org.mockito.plugins.InstantiatorProvider2
2024-11-12 13:41:21,587 INFO  EvoClassLoader - Instrumenting class 'org.mockito.plugins.InstantiatorProvider2'.
2024-11-12 13:41:21,587 INFO  EvoClassLoader - Keeping class: org.mockito.plugins.InstantiatorProvider2
2024-11-12 13:41:21,587 INFO  EvoClassLoader - Seeing class for first time: org.mockito.plugins.MockMaker
2024-11-12 13:41:21,587 INFO  EvoClassLoader - Instrumenting class 'org.mockito.plugins.MockMaker'.
2024-11-12 13:41:21,587 INFO  EvoClassLoader - Keeping class: org.mockito.plugins.MockMaker
2024-11-12 13:41:21,587 INFO  EvoClassLoader - Seeing class for first time: org.mockito.plugins.StackTraceCleanerProvider
2024-11-12 13:41:21,587 INFO  EvoClassLoader - Instrumenting class 'org.mockito.plugins.StackTraceCleanerProvider'.
2024-11-12 13:41:21,587 INFO  EvoClassLoader - Keeping class: org.mockito.plugins.StackTraceCleanerProvider
2024-11-12 13:41:21,587 INFO  EvoClassLoader - Seeing class for first time: org.mockito.plugins.AnnotationEngine
2024-11-12 13:41:21,587 INFO  EvoClassLoader - Instrumenting class 'org.mockito.plugins.AnnotationEngine'.
2024-11-12 13:41:21,587 INFO  EvoClassLoader - Keeping class: org.mockito.plugins.AnnotationEngine
2024-11-12 13:41:21,587 INFO  EvoClassLoader - Seeing class for first time: org.mockito.plugins.MockitoLogger
2024-11-12 13:41:21,587 INFO  EvoClassLoader - Instrumenting class 'org.mockito.plugins.MockitoLogger'.
2024-11-12 13:41:21,588 INFO  EvoClassLoader - Keeping class: org.mockito.plugins.MockitoLogger
2024-11-12 13:41:21,588 INFO  EvoClassLoader - Seeing class for first time: org.mockito.internal.configuration.plugins.PluginLoader
2024-11-12 13:41:21,588 INFO  EvoClassLoader - Instrumenting class 'org.mockito.internal.configuration.plugins.PluginLoader'.
2024-11-12 13:41:21,588 INFO  MethodCallReplacementClassAdapter - Adding mock interface to class org/mockito/internal/configuration/plugins/PluginLoader
2024-11-12 13:41:21,588 INFO  CreateClassResetClassAdapter - Creating brand-new static initializer in class org/mockito/internal/configuration/plugins/PluginLoader
2024-11-12 13:41:21,588 INFO  EvoClassLoader - Keeping class: org.mockito.internal.configuration.plugins.PluginLoader
2024-11-12 13:41:21,588 INFO  EvoClassLoader - Seeing class for first time: org.mockito.internal.configuration.plugins.DefaultPluginSwitch
2024-11-12 13:41:21,588 INFO  EvoClassLoader - Instrumenting class 'org.mockito.internal.configuration.plugins.DefaultPluginSwitch'.
2024-11-12 13:41:21,589 INFO  MethodCallReplacementClassAdapter - Adding mock interface to class org/mockito/internal/configuration/plugins/DefaultPluginSwitch
2024-11-12 13:41:21,589 INFO  CreateClassResetClassAdapter - Creating brand-new static initializer in class org/mockito/internal/configuration/plugins/DefaultPluginSwitch
2024-11-12 13:41:21,589 INFO  EvoClassLoader - Keeping class: org.mockito.internal.configuration.plugins.DefaultPluginSwitch
2024-11-12 13:41:21,589 INFO  EvoClassLoader - Seeing class for first time: org.mockito.internal.configuration.plugins.DefaultMockitoPlugins
2024-11-12 13:41:21,589 INFO  EvoClassLoader - Instrumenting class 'org.mockito.internal.configuration.plugins.DefaultMockitoPlugins'.
2024-11-12 13:41:21,589 INFO  MethodCallReplacementClassAdapter - Adding mock interface to class org/mockito/internal/configuration/plugins/DefaultMockitoPlugins
2024-11-12 13:41:21,589 INFO  CreateClassResetClassAdapter - Found static initializer in class org/mockito/internal/configuration/plugins/DefaultMockitoPlugins
2024-11-12 13:41:21,589 INFO  EvoClassLoader - Seeing class for first time: org.mockito.plugins.MockitoPlugins
2024-11-12 13:41:21,589 INFO  EvoClassLoader - Instrumenting class 'org.mockito.plugins.MockitoPlugins'.
2024-11-12 13:41:21,590 INFO  EvoClassLoader - Keeping class: org.mockito.plugins.MockitoPlugins
2024-11-12 13:41:21,590 INFO  EvoClassLoader - Keeping class: org.mockito.internal.configuration.plugins.DefaultMockitoPlugins
2024-11-12 13:41:21,590 INFO  EvoClassLoader - Seeing class for first time: org.mockito.internal.configuration.plugins.PluginInitializer
2024-11-12 13:41:21,590 INFO  EvoClassLoader - Instrumenting class 'org.mockito.internal.configuration.plugins.PluginInitializer'.
2024-11-12 13:41:21,590 INFO  MethodCallReplacementClassAdapter - Adding mock interface to class org/mockito/internal/configuration/plugins/PluginInitializer
2024-11-12 13:41:21,591 INFO  CreateClassResetClassAdapter - Creating brand-new static initializer in class org/mockito/internal/configuration/plugins/PluginInitializer
2024-11-12 13:41:21,591 INFO  EvoClassLoader - Keeping class: org.mockito.internal.configuration.plugins.PluginInitializer
2024-11-12 13:41:21,591 INFO  EvoClassLoader - Seeing class for first time: org.mockito.internal.configuration.plugins.PluginFinder
2024-11-12 13:41:21,591 INFO  EvoClassLoader - Instrumenting class 'org.mockito.internal.configuration.plugins.PluginFinder'.
2024-11-12 13:41:21,591 INFO  MethodCallReplacementClassAdapter - Adding mock interface to class org/mockito/internal/configuration/plugins/PluginFinder
2024-11-12 13:41:21,591 INFO  CreateClassResetClassAdapter - Creating brand-new static initializer in class org/mockito/internal/configuration/plugins/PluginFinder
2024-11-12 13:41:21,591 INFO  EvoClassLoader - Keeping class: org.mockito.internal.configuration.plugins.PluginFinder
2024-11-12 13:41:21,591 INFO  EvoClassLoader - Seeing class for first time: org.mockito.internal.util.collections.Iterables
2024-11-12 13:41:21,591 INFO  EvoClassLoader - Instrumenting class 'org.mockito.internal.util.collections.Iterables'.
2024-11-12 13:41:21,592 INFO  MethodCallReplacementClassAdapter - Adding mock interface to class org/mockito/internal/util/collections/Iterables
2024-11-12 13:41:21,592 INFO  CreateClassResetClassAdapter - Creating brand-new static initializer in class org/mockito/internal/util/collections/Iterables
2024-11-12 13:41:21,592 INFO  EvoClassLoader - Defined package (3): package org.mockito.internal.util.collections, 2017266204
2024-11-12 13:41:21,592 INFO  EvoClassLoader - Keeping class: org.mockito.internal.util.collections.Iterables
2024-11-12 13:41:21,592 INFO  EvoClassLoader - Seeing class for first time: org.mockito.internal.creation.bytebuddy.ByteBuddyMockMaker
2024-11-12 13:41:21,592 INFO  EvoClassLoader - Instrumenting class 'org.mockito.internal.creation.bytebuddy.ByteBuddyMockMaker'.
2024-11-12 13:41:21,592 INFO  MethodCallReplacementClassAdapter - Adding mock interface to class org/mockito/internal/creation/bytebuddy/ByteBuddyMockMaker
2024-11-12 13:41:21,592 INFO  CreateClassResetClassAdapter - Creating brand-new static initializer in class org/mockito/internal/creation/bytebuddy/ByteBuddyMockMaker
2024-11-12 13:41:21,592 INFO  EvoClassLoader - Defined package (3): package org.mockito.internal.creation.bytebuddy, 160730658
2024-11-12 13:41:21,592 INFO  EvoClassLoader - Seeing class for first time: org.mockito.internal.creation.bytebuddy.ClassCreatingMockMaker
2024-11-12 13:41:21,592 INFO  EvoClassLoader - Instrumenting class 'org.mockito.internal.creation.bytebuddy.ClassCreatingMockMaker'.
2024-11-12 13:41:21,593 INFO  EvoClassLoader - Keeping class: org.mockito.internal.creation.bytebuddy.ClassCreatingMockMaker
2024-11-12 13:41:21,593 INFO  EvoClassLoader - Keeping class: org.mockito.internal.creation.bytebuddy.ByteBuddyMockMaker
2024-11-12 13:41:21,593 INFO  EvoClassLoader - Seeing class for first time: org.mockito.invocation.MockHandler
2024-11-12 13:41:21,593 INFO  EvoClassLoader - Instrumenting class 'org.mockito.invocation.MockHandler'.
2024-11-12 13:41:21,593 INFO  EvoClassLoader - Keeping class: org.mockito.invocation.MockHandler
2024-11-12 13:41:21,593 INFO  EvoClassLoader - Seeing class for first time: org.mockito.plugins.MockMaker$TypeMockability
2024-11-12 13:41:21,593 INFO  EvoClassLoader - Instrumenting class 'org.mockito.plugins.MockMaker$TypeMockability'.
2024-11-12 13:41:21,593 INFO  EvoClassLoader - Keeping class: org.mockito.plugins.MockMaker$TypeMockability
2024-11-12 13:41:21,593 INFO  EvoClassLoader - Seeing class for first time: org.mockito.internal.creation.bytebuddy.SubclassByteBuddyMockMaker
2024-11-12 13:41:21,593 INFO  EvoClassLoader - Instrumenting class 'org.mockito.internal.creation.bytebuddy.SubclassByteBuddyMockMaker'.
2024-11-12 13:41:21,593 INFO  MethodCallReplacementClassAdapter - Adding mock interface to class org/mockito/internal/creation/bytebuddy/SubclassByteBuddyMockMaker
2024-11-12 13:41:21,594 INFO  CreateClassResetClassAdapter - Creating brand-new static initializer in class org/mockito/internal/creation/bytebuddy/SubclassByteBuddyMockMaker
2024-11-12 13:41:21,594 INFO  EvoClassLoader - Keeping class: org.mockito.internal.creation.bytebuddy.SubclassByteBuddyMockMaker
2024-11-12 13:41:21,594 INFO  EvoClassLoader - Seeing class for first time: org.mockito.internal.creation.bytebuddy.SubclassLoader
2024-11-12 13:41:21,594 INFO  EvoClassLoader - Instrumenting class 'org.mockito.internal.creation.bytebuddy.SubclassLoader'.
2024-11-12 13:41:21,594 INFO  EvoClassLoader - Keeping class: org.mockito.internal.creation.bytebuddy.SubclassLoader
2024-11-12 13:41:21,594 INFO  EvoClassLoader - Seeing class for first time: org.mockito.internal.creation.bytebuddy.BytecodeGenerator
2024-11-12 13:41:21,594 INFO  EvoClassLoader - Instrumenting class 'org.mockito.internal.creation.bytebuddy.BytecodeGenerator'.
2024-11-12 13:41:21,594 INFO  EvoClassLoader - Keeping class: org.mockito.internal.creation.bytebuddy.BytecodeGenerator
2024-11-12 13:41:21,600 INFO  EvoClassLoader - Seeing class for first time: org.mockito.creation.instance.InstantiationException
2024-11-12 13:41:21,600 INFO  EvoClassLoader - Instrumenting class 'org.mockito.creation.instance.InstantiationException'.
2024-11-12 13:41:21,600 INFO  MethodCallReplacementClassAdapter - Adding mock interface to class org/mockito/creation/instance/InstantiationException
2024-11-12 13:41:21,601 INFO  CreateClassResetClassAdapter - Creating brand-new static initializer in class org/mockito/creation/instance/InstantiationException
2024-11-12 13:41:21,601 INFO  EvoClassLoader - Defined package (3): package org.mockito.creation.instance, -680245722
2024-11-12 13:41:21,601 INFO  EvoClassLoader - Keeping class: org.mockito.creation.instance.InstantiationException
2024-11-12 13:41:21,601 INFO  EvoClassLoader - Seeing class for first time: org.mockito.internal.util.StringUtil
2024-11-12 13:41:21,601 INFO  EvoClassLoader - Instrumenting class 'org.mockito.internal.util.StringUtil'.
2024-11-12 13:41:21,602 INFO  MethodCallReplacementClassAdapter - Adding mock interface to class org/mockito/internal/util/StringUtil
2024-11-12 13:41:21,602 INFO  CreateClassResetClassAdapter - Found static initializer in class org/mockito/internal/util/StringUtil
2024-11-12 13:41:21,602 INFO  EvoClassLoader - Keeping class: org.mockito.internal.util.StringUtil
2024-11-12 13:41:21,602 INFO  EvoClassLoader - Seeing class for first time: org.mockito.internal.creation.bytebuddy.SubclassInjectionLoader
2024-11-12 13:41:21,602 INFO  EvoClassLoader - Instrumenting class 'org.mockito.internal.creation.bytebuddy.SubclassInjectionLoader'.
2024-11-12 13:41:21,602 INFO  MethodCallReplacementClassAdapter - Adding mock interface to class org/mockito/internal/creation/bytebuddy/SubclassInjectionLoader
2024-11-12 13:41:21,603 INFO  CreateClassResetClassAdapter - Found static initializer in class org/mockito/internal/creation/bytebuddy/SubclassInjectionLoader
2024-11-12 13:41:21,603 INFO  EvoClassLoader - Keeping class: org.mockito.internal.creation.bytebuddy.SubclassInjectionLoader
2024-11-12 13:41:21,603 INFO  EvoClassLoader - Seeing class for first time: net.bytebuddy.dynamic.loading.ClassLoadingStrategy
2024-11-12 13:41:21,603 INFO  EvoClassLoader - Instrumenting class 'net.bytebuddy.dynamic.loading.ClassLoadingStrategy'.
2024-11-12 13:41:21,603 INFO  EvoClassLoader - Defined package (3): package net.bytebuddy.dynamic.loading, -549610932
2024-11-12 13:41:21,603 INFO  EvoClassLoader - Keeping class: net.bytebuddy.dynamic.loading.ClassLoadingStrategy
2024-11-12 13:41:21,603 INFO  EvoClassLoader - Seeing class for first time: net.bytebuddy.dynamic.loading.ClassInjector$AbstractBase
2024-11-12 13:41:21,603 INFO  EvoClassLoader - Instrumenting class 'net.bytebuddy.dynamic.loading.ClassInjector$AbstractBase'.
2024-11-12 13:41:21,603 INFO  MethodCallReplacementClassAdapter - Adding mock interface to class net/bytebuddy/dynamic/loading/ClassInjector$AbstractBase
2024-11-12 13:41:21,604 INFO  CreateClassResetClassAdapter - Creating brand-new static initializer in class net/bytebuddy/dynamic/loading/ClassInjector$AbstractBase
2024-11-12 13:41:21,604 INFO  EvoClassLoader - Seeing class for first time: net.bytebuddy.dynamic.loading.ClassInjector
2024-11-12 13:41:21,604 INFO  EvoClassLoader - Instrumenting class 'net.bytebuddy.dynamic.loading.ClassInjector'.
2024-11-12 13:41:21,604 INFO  EvoClassLoader - Keeping class: net.bytebuddy.dynamic.loading.ClassInjector
2024-11-12 13:41:21,604 INFO  EvoClassLoader - Keeping class: net.bytebuddy.dynamic.loading.ClassInjector$AbstractBase
2024-11-12 13:41:21,604 INFO  EvoClassLoader - Seeing class for first time: net.bytebuddy.dynamic.loading.ClassInjector$UsingInstrumentation
2024-11-12 13:41:21,604 INFO  EvoClassLoader - Instrumenting class 'net.bytebuddy.dynamic.loading.ClassInjector$UsingInstrumentation'.
2024-11-12 13:41:21,604 INFO  MethodCallReplacementClassAdapter - Adding mock interface to class net/bytebuddy/dynamic/loading/ClassInjector$UsingInstrumentation
2024-11-12 13:41:21,605 INFO  CreateClassResetClassAdapter - Found static initializer in class net/bytebuddy/dynamic/loading/ClassInjector$UsingInstrumentation
2024-11-12 13:41:21,606 INFO  EvoClassLoader - Keeping class: net.bytebuddy.dynamic.loading.ClassInjector$UsingInstrumentation
2024-11-12 13:41:21,606 INFO  EvoClassLoader - Seeing class for first time: net.bytebuddy.dynamic.loading.ClassInjector$UsingUnsafe
2024-11-12 13:41:21,606 INFO  EvoClassLoader - Instrumenting class 'net.bytebuddy.dynamic.loading.ClassInjector$UsingUnsafe'.
2024-11-12 13:41:21,606 INFO  MethodCallReplacementClassAdapter - Adding mock interface to class net/bytebuddy/dynamic/loading/ClassInjector$UsingUnsafe
2024-11-12 13:41:21,606 INFO  CreateClassResetClassAdapter - Found static initializer in class net/bytebuddy/dynamic/loading/ClassInjector$UsingUnsafe
2024-11-12 13:41:21,607 INFO  EvoClassLoader - Keeping class: net.bytebuddy.dynamic.loading.ClassInjector$UsingUnsafe
2024-11-12 13:41:21,607 INFO  EvoClassLoader - Seeing class for first time: net.bytebuddy.dynamic.loading.ClassInjector$UsingLookup
2024-11-12 13:41:21,607 INFO  EvoClassLoader - Instrumenting class 'net.bytebuddy.dynamic.loading.ClassInjector$UsingLookup'.
2024-11-12 13:41:21,607 INFO  MethodCallReplacementClassAdapter - Adding mock interface to class net/bytebuddy/dynamic/loading/ClassInjector$UsingLookup
2024-11-12 13:41:21,608 INFO  CreateClassResetClassAdapter - Found static initializer in class net/bytebuddy/dynamic/loading/ClassInjector$UsingLookup
2024-11-12 13:41:21,609 INFO  EvoClassLoader - Keeping class: net.bytebuddy.dynamic.loading.ClassInjector$UsingLookup
2024-11-12 13:41:21,609 INFO  EvoClassLoader - Seeing class for first time: net.bytebuddy.dynamic.loading.ClassInjector$UsingReflection
2024-11-12 13:41:21,609 INFO  EvoClassLoader - Instrumenting class 'net.bytebuddy.dynamic.loading.ClassInjector$UsingReflection'.
2024-11-12 13:41:21,609 INFO  MethodCallReplacementClassAdapter - Adding mock interface to class net/bytebuddy/dynamic/loading/ClassInjector$UsingReflection
2024-11-12 13:41:21,610 INFO  CreateClassResetClassAdapter - Found static initializer in class net/bytebuddy/dynamic/loading/ClassInjector$UsingReflection
2024-11-12 13:41:21,611 INFO  EvoClassLoader - Keeping class: net.bytebuddy.dynamic.loading.ClassInjector$UsingReflection
2024-11-12 13:41:21,612 INFO  EvoClassLoader - Seeing class for first time: net.bytebuddy.dynamic.loading.ClassInjector$UsingReflection$Dispatcher$CreationAction
2024-11-12 13:41:21,612 INFO  EvoClassLoader - Instrumenting class 'net.bytebuddy.dynamic.loading.ClassInjector$UsingReflection$Dispatcher$CreationAction'.
2024-11-12 13:41:21,612 INFO  MethodCallReplacementClassAdapter - Adding mock interface to class net/bytebuddy/dynamic/loading/ClassInjector$UsingReflection$Dispatcher$CreationAction
2024-11-12 13:41:21,613 INFO  CreateClassResetClassAdapter - Found static initializer in class net/bytebuddy/dynamic/loading/ClassInjector$UsingReflection$Dispatcher$CreationAction
2024-11-12 13:41:21,613 INFO  EvoClassLoader - Keeping class: net.bytebuddy.dynamic.loading.ClassInjector$UsingReflection$Dispatcher$CreationAction
2024-11-12 13:41:21,613 INFO  EvoClassLoader - Seeing class for first time: net.bytebuddy.dynamic.loading.ClassInjector$UsingReflection$Dispatcher
2024-11-12 13:41:21,613 INFO  EvoClassLoader - Instrumenting class 'net.bytebuddy.dynamic.loading.ClassInjector$UsingReflection$Dispatcher'.
2024-11-12 13:41:21,613 INFO  EvoClassLoader - Keeping class: net.bytebuddy.dynamic.loading.ClassInjector$UsingReflection$Dispatcher
2024-11-12 13:41:21,613 INFO  EvoClassLoader - Seeing class for first time: net.bytebuddy.dynamic.loading.ClassInjector$UsingReflection$Dispatcher$Unavailable
2024-11-12 13:41:21,613 INFO  EvoClassLoader - Instrumenting class 'net.bytebuddy.dynamic.loading.ClassInjector$UsingReflection$Dispatcher$Unavailable'.
2024-11-12 13:41:21,614 INFO  MethodCallReplacementClassAdapter - Adding mock interface to class net/bytebuddy/dynamic/loading/ClassInjector$UsingReflection$Dispatcher$Unavailable
2024-11-12 13:41:21,614 INFO  CreateClassResetClassAdapter - Creating brand-new static initializer in class net/bytebuddy/dynamic/loading/ClassInjector$UsingReflection$Dispatcher$Unavailable
2024-11-12 13:41:21,614 INFO  EvoClassLoader - Keeping class: net.bytebuddy.dynamic.loading.ClassInjector$UsingReflection$Dispatcher$Unavailable
2024-11-12 13:41:21,615 INFO  EvoClassLoader - Seeing class for first time: net.bytebuddy.dynamic.loading.ClassInjector$UsingReflection$Dispatcher$UsingUnsafeOverride
2024-11-12 13:41:21,615 INFO  EvoClassLoader - Instrumenting class 'net.bytebuddy.dynamic.loading.ClassInjector$UsingReflection$Dispatcher$UsingUnsafeOverride'.
2024-11-12 13:41:21,615 INFO  MethodCallReplacementClassAdapter - Adding mock interface to class net/bytebuddy/dynamic/loading/ClassInjector$UsingReflection$Dispatcher$UsingUnsafeOverride
2024-11-12 13:41:21,617 INFO  CreateClassResetClassAdapter - Creating brand-new static initializer in class net/bytebuddy/dynamic/loading/ClassInjector$UsingReflection$Dispatcher$UsingUnsafeOverride
2024-11-12 13:41:21,617 INFO  EvoClassLoader - Seeing class for first time: net.bytebuddy.dynamic.loading.ClassInjector$UsingReflection$Dispatcher$Initializable
2024-11-12 13:41:21,617 INFO  EvoClassLoader - Instrumenting class 'net.bytebuddy.dynamic.loading.ClassInjector$UsingReflection$Dispatcher$Initializable'.
2024-11-12 13:41:21,618 INFO  EvoClassLoader - Keeping class: net.bytebuddy.dynamic.loading.ClassInjector$UsingReflection$Dispatcher$Initializable
2024-11-12 13:41:21,618 INFO  EvoClassLoader - Keeping class: net.bytebuddy.dynamic.loading.ClassInjector$UsingReflection$Dispatcher$UsingUnsafeOverride
2024-11-12 13:41:21,618 INFO  EvoClassLoader - Seeing class for first time: net.bytebuddy.dynamic.loading.ClassInjector$UsingReflection$Dispatcher$UsingUnsafeInjection
2024-11-12 13:41:21,618 INFO  EvoClassLoader - Instrumenting class 'net.bytebuddy.dynamic.loading.ClassInjector$UsingReflection$Dispatcher$UsingUnsafeInjection'.
2024-11-12 13:41:21,618 INFO  MethodCallReplacementClassAdapter - Adding mock interface to class net/bytebuddy/dynamic/loading/ClassInjector$UsingReflection$Dispatcher$UsingUnsafeInjection
2024-11-12 13:41:21,620 INFO  CreateClassResetClassAdapter - Creating brand-new static initializer in class net/bytebuddy/dynamic/loading/ClassInjector$UsingReflection$Dispatcher$UsingUnsafeInjection
2024-11-12 13:41:21,621 INFO  EvoClassLoader - Keeping class: net.bytebuddy.dynamic.loading.ClassInjector$UsingReflection$Dispatcher$UsingUnsafeInjection
2024-11-12 13:41:21,621 INFO  EvoClassLoader - Seeing class for first time: net.bytebuddy.dynamic.loading.ClassInjector$UsingReflection$Dispatcher$Direct
2024-11-12 13:41:21,621 INFO  EvoClassLoader - Instrumenting class 'net.bytebuddy.dynamic.loading.ClassInjector$UsingReflection$Dispatcher$Direct'.
2024-11-12 13:41:21,622 INFO  MethodCallReplacementClassAdapter - Adding mock interface to class net/bytebuddy/dynamic/loading/ClassInjector$UsingReflection$Dispatcher$Direct
2024-11-12 13:41:21,623 INFO  CreateClassResetClassAdapter - Creating brand-new static initializer in class net/bytebuddy/dynamic/loading/ClassInjector$UsingReflection$Dispatcher$Direct
2024-11-12 13:41:21,623 INFO  EvoClassLoader - Keeping class: net.bytebuddy.dynamic.loading.ClassInjector$UsingReflection$Dispatcher$Direct
2024-11-12 13:41:21,624 INFO  EvoClassLoader - Seeing class for first time: net.bytebuddy.utility.JavaModule$Dispatcher$CreationAction
2024-11-12 13:41:21,624 INFO  EvoClassLoader - Instrumenting class 'net.bytebuddy.utility.JavaModule$Dispatcher$CreationAction'.
2024-11-12 13:41:21,624 INFO  MethodCallReplacementClassAdapter - Adding mock interface to class net/bytebuddy/utility/JavaModule$Dispatcher$CreationAction
2024-11-12 13:41:21,624 INFO  CreateClassResetClassAdapter - Found static initializer in class net/bytebuddy/utility/JavaModule$Dispatcher$CreationAction
2024-11-12 13:41:21,624 INFO  EvoClassLoader - Defined package (3): package net.bytebuddy.utility, -1019824085
2024-11-12 13:41:21,625 INFO  EvoClassLoader - Keeping class: net.bytebuddy.utility.JavaModule$Dispatcher$CreationAction
2024-11-12 13:41:21,625 INFO  EvoClassLoader - Seeing class for first time: net.bytebuddy.utility.JavaModule$Dispatcher
2024-11-12 13:41:21,625 INFO  EvoClassLoader - Instrumenting class 'net.bytebuddy.utility.JavaModule$Dispatcher'.
2024-11-12 13:41:21,625 INFO  EvoClassLoader - Keeping class: net.bytebuddy.utility.JavaModule$Dispatcher
2024-11-12 13:41:21,625 INFO  EvoClassLoader - Seeing class for first time: net.bytebuddy.utility.JavaModule
2024-11-12 13:41:21,625 INFO  EvoClassLoader - Instrumenting class 'net.bytebuddy.utility.JavaModule'.
2024-11-12 13:41:21,625 INFO  MethodCallReplacementClassAdapter - Adding mock interface to class net/bytebuddy/utility/JavaModule
2024-11-12 13:41:21,626 INFO  CreateClassResetClassAdapter - Found static initializer in class net/bytebuddy/utility/JavaModule
2024-11-12 13:41:21,627 INFO  EvoClassLoader - Seeing class for first time: net.bytebuddy.description.NamedElement$WithOptionalName
2024-11-12 13:41:21,627 INFO  EvoClassLoader - Instrumenting class 'net.bytebuddy.description.NamedElement$WithOptionalName'.
2024-11-12 13:41:21,627 INFO  EvoClassLoader - Keeping class: net.bytebuddy.description.NamedElement$WithOptionalName
2024-11-12 13:41:21,627 INFO  EvoClassLoader - Keeping class: net.bytebuddy.utility.JavaModule
2024-11-12 13:41:21,627 INFO  EvoClassLoader - Seeing class for first time: net.bytebuddy.utility.JavaModule$Dispatcher$Disabled
2024-11-12 13:41:21,627 INFO  EvoClassLoader - Instrumenting class 'net.bytebuddy.utility.JavaModule$Dispatcher$Disabled'.
2024-11-12 13:41:21,628 INFO  MethodCallReplacementClassAdapter - Adding mock interface to class net/bytebuddy/utility/JavaModule$Dispatcher$Disabled
2024-11-12 13:41:21,628 INFO  CreateClassResetClassAdapter - Found static initializer in class net/bytebuddy/utility/JavaModule$Dispatcher$Disabled
2024-11-12 13:41:21,628 INFO  EvoClassLoader - Keeping class: net.bytebuddy.utility.JavaModule$Dispatcher$Disabled
2024-11-12 13:41:21,628 INFO  EvoClassLoader - Seeing class for first time: net.bytebuddy.utility.JavaModule$Dispatcher$Enabled
2024-11-12 13:41:21,628 INFO  EvoClassLoader - Instrumenting class 'net.bytebuddy.utility.JavaModule$Dispatcher$Enabled'.
2024-11-12 13:41:21,628 INFO  MethodCallReplacementClassAdapter - Adding mock interface to class net/bytebuddy/utility/JavaModule$Dispatcher$Enabled
2024-11-12 13:41:21,629 INFO  CreateClassResetClassAdapter - Found static initializer in class net/bytebuddy/utility/JavaModule$Dispatcher$Enabled
2024-11-12 13:41:21,630 INFO  EvoClassLoader - Keeping class: net.bytebuddy.utility.JavaModule$Dispatcher$Enabled
2024-11-12 13:41:21,633 INFO  EvoClassLoader - Seeing class for first time: net.bytebuddy.dynamic.loading.ClassInjector$UsingReflection$Dispatcher$Direct$ForJava7CapableVm
2024-11-12 13:41:21,633 INFO  EvoClassLoader - Instrumenting class 'net.bytebuddy.dynamic.loading.ClassInjector$UsingReflection$Dispatcher$Direct$ForJava7CapableVm'.
2024-11-12 13:41:21,633 INFO  MethodCallReplacementClassAdapter - Adding mock interface to class net/bytebuddy/dynamic/loading/ClassInjector$UsingReflection$Dispatcher$Direct$ForJava7CapableVm
2024-11-12 13:41:21,634 INFO  CreateClassResetClassAdapter - Creating brand-new static initializer in class net/bytebuddy/dynamic/loading/ClassInjector$UsingReflection$Dispatcher$Direct$ForJava7CapableVm
2024-11-12 13:41:21,635 INFO  EvoClassLoader - Keeping class: net.bytebuddy.dynamic.loading.ClassInjector$UsingReflection$Dispatcher$Direct$ForJava7CapableVm
2024-11-12 13:41:21,635 INFO  EvoClassLoader - Seeing class for first time: net.bytebuddy.dynamic.loading.ClassInjector$UsingReflection$Dispatcher$Direct$ForLegacyVm
2024-11-12 13:41:21,635 INFO  EvoClassLoader - Instrumenting class 'net.bytebuddy.dynamic.loading.ClassInjector$UsingReflection$Dispatcher$Direct$ForLegacyVm'.
2024-11-12 13:41:21,635 INFO  MethodCallReplacementClassAdapter - Adding mock interface to class net/bytebuddy/dynamic/loading/ClassInjector$UsingReflection$Dispatcher$Direct$ForLegacyVm
2024-11-12 13:41:21,635 INFO  CreateClassResetClassAdapter - Creating brand-new static initializer in class net/bytebuddy/dynamic/loading/ClassInjector$UsingReflection$Dispatcher$Direct$ForLegacyVm
2024-11-12 13:41:21,636 INFO  EvoClassLoader - Keeping class: net.bytebuddy.dynamic.loading.ClassInjector$UsingReflection$Dispatcher$Direct$ForLegacyVm
2024-11-12 13:41:21,637 INFO  EvoClassLoader - Seeing class for first time: net.bytebuddy.dynamic.loading.PackageDefinitionStrategy
2024-11-12 13:41:21,637 INFO  EvoClassLoader - Instrumenting class 'net.bytebuddy.dynamic.loading.PackageDefinitionStrategy'.
2024-11-12 13:41:21,637 INFO  EvoClassLoader - Keeping class: net.bytebuddy.dynamic.loading.PackageDefinitionStrategy
2024-11-12 13:41:21,638 INFO  EvoClassLoader - Seeing class for first time: org.mockito.internal.creation.bytebuddy.SubclassInjectionLoader$WithReflection
2024-11-12 13:41:21,638 INFO  EvoClassLoader - Instrumenting class 'org.mockito.internal.creation.bytebuddy.SubclassInjectionLoader$WithReflection'.
2024-11-12 13:41:21,638 INFO  MethodCallReplacementClassAdapter - Adding mock interface to class org/mockito/internal/creation/bytebuddy/SubclassInjectionLoader$WithReflection
2024-11-12 13:41:21,639 INFO  CreateClassResetClassAdapter - Creating brand-new static initializer in class org/mockito/internal/creation/bytebuddy/SubclassInjectionLoader$WithReflection
2024-11-12 13:41:21,639 INFO  EvoClassLoader - Keeping class: org.mockito.internal.creation.bytebuddy.SubclassInjectionLoader$WithReflection
2024-11-12 13:41:21,639 INFO  EvoClassLoader - Seeing class for first time: org.mockito.internal.creation.bytebuddy.SubclassInjectionLoader$WithLookup
2024-11-12 13:41:21,639 INFO  EvoClassLoader - Instrumenting class 'org.mockito.internal.creation.bytebuddy.SubclassInjectionLoader$WithLookup'.
2024-11-12 13:41:21,640 INFO  MethodCallReplacementClassAdapter - Adding mock interface to class org/mockito/internal/creation/bytebuddy/SubclassInjectionLoader$WithLookup
2024-11-12 13:41:21,640 INFO  CreateClassResetClassAdapter - Creating brand-new static initializer in class org/mockito/internal/creation/bytebuddy/SubclassInjectionLoader$WithLookup
2024-11-12 13:41:21,640 INFO  EvoClassLoader - Keeping class: org.mockito.internal.creation.bytebuddy.SubclassInjectionLoader$WithLookup
2024-11-12 13:41:21,640 INFO  EvoClassLoader - Seeing class for first time: org.mockito.internal.creation.bytebuddy.TypeCachingBytecodeGenerator
2024-11-12 13:41:21,640 INFO  EvoClassLoader - Instrumenting class 'org.mockito.internal.creation.bytebuddy.TypeCachingBytecodeGenerator'.
2024-11-12 13:41:21,640 INFO  MethodCallReplacementClassAdapter - Adding mock interface to class org/mockito/internal/creation/bytebuddy/TypeCachingBytecodeGenerator
2024-11-12 13:41:21,641 INFO  CreateClassResetClassAdapter - Creating brand-new static initializer in class org/mockito/internal/creation/bytebuddy/TypeCachingBytecodeGenerator
2024-11-12 13:41:21,641 INFO  EvoClassLoader - Keeping class: org.mockito.internal.creation.bytebuddy.TypeCachingBytecodeGenerator
2024-11-12 13:41:21,641 INFO  EvoClassLoader - Seeing class for first time: net.bytebuddy.TypeCache
2024-11-12 13:41:21,641 INFO  EvoClassLoader - Instrumenting class 'net.bytebuddy.TypeCache'.
2024-11-12 13:41:21,641 INFO  MethodCallReplacementClassAdapter - Adding mock interface to class net/bytebuddy/TypeCache
2024-11-12 13:41:21,642 INFO  CreateClassResetClassAdapter - Found static initializer in class net/bytebuddy/TypeCache
2024-11-12 13:41:21,642 INFO  EvoClassLoader - Defined package (3): package net.bytebuddy, 1746867117
2024-11-12 13:41:21,642 INFO  EvoClassLoader - Keeping class: net.bytebuddy.TypeCache
2024-11-12 13:41:21,642 INFO  EvoClassLoader - Seeing class for first time: net.bytebuddy.TypeCache$WithInlineExpunction
2024-11-12 13:41:21,642 INFO  EvoClassLoader - Instrumenting class 'net.bytebuddy.TypeCache$WithInlineExpunction'.
2024-11-12 13:41:21,642 INFO  MethodCallReplacementClassAdapter - Adding mock interface to class net/bytebuddy/TypeCache$WithInlineExpunction
2024-11-12 13:41:21,642 INFO  CreateClassResetClassAdapter - Creating brand-new static initializer in class net/bytebuddy/TypeCache$WithInlineExpunction
2024-11-12 13:41:21,642 INFO  EvoClassLoader - Keeping class: net.bytebuddy.TypeCache$WithInlineExpunction
2024-11-12 13:41:21,642 INFO  EvoClassLoader - Seeing class for first time: org.mockito.internal.creation.bytebuddy.MockFeatures
2024-11-12 13:41:21,642 INFO  EvoClassLoader - Instrumenting class 'org.mockito.internal.creation.bytebuddy.MockFeatures'.
2024-11-12 13:41:21,643 INFO  MethodCallReplacementClassAdapter - Adding mock interface to class org/mockito/internal/creation/bytebuddy/MockFeatures
2024-11-12 13:41:21,643 INFO  CreateClassResetClassAdapter - Creating brand-new static initializer in class org/mockito/internal/creation/bytebuddy/MockFeatures
2024-11-12 13:41:21,643 INFO  EvoClassLoader - Keeping class: org.mockito.internal.creation.bytebuddy.MockFeatures
2024-11-12 13:41:21,643 INFO  EvoClassLoader - Seeing class for first time: org.mockito.internal.creation.bytebuddy.SubclassBytecodeGenerator
2024-11-12 13:41:21,643 INFO  EvoClassLoader - Instrumenting class 'org.mockito.internal.creation.bytebuddy.SubclassBytecodeGenerator'.
2024-11-12 13:41:21,643 INFO  MethodCallReplacementClassAdapter - Adding mock interface to class org/mockito/internal/creation/bytebuddy/SubclassBytecodeGenerator
2024-11-12 13:41:21,645 INFO  CreateClassResetClassAdapter - Creating brand-new static initializer in class org/mockito/internal/creation/bytebuddy/SubclassBytecodeGenerator
2024-11-12 13:41:21,645 INFO  CreateClassResetClassAdapter - Adding bytecode for initializing field CODEGEN_PACKAGE
2024-11-12 13:41:21,646 INFO  EvoClassLoader - Keeping class: org.mockito.internal.creation.bytebuddy.SubclassBytecodeGenerator
2024-11-12 13:41:21,646 INFO  EvoClassLoader - Seeing class for first time: net.bytebuddy.implementation.attribute.MethodAttributeAppender$NoOp
2024-11-12 13:41:21,646 INFO  EvoClassLoader - Instrumenting class 'net.bytebuddy.implementation.attribute.MethodAttributeAppender$NoOp'.
2024-11-12 13:41:21,646 INFO  MethodCallReplacementClassAdapter - Adding mock interface to class net/bytebuddy/implementation/attribute/MethodAttributeAppender$NoOp
2024-11-12 13:41:21,646 INFO  CreateClassResetClassAdapter - Found static initializer in class net/bytebuddy/implementation/attribute/MethodAttributeAppender$NoOp
2024-11-12 13:41:21,646 INFO  EvoClassLoader - Defined package (3): package net.bytebuddy.implementation.attribute, -1192131967
2024-11-12 13:41:21,646 INFO  EvoClassLoader - Seeing class for first time: net.bytebuddy.implementation.attribute.MethodAttributeAppender
2024-11-12 13:41:21,646 INFO  EvoClassLoader - Instrumenting class 'net.bytebuddy.implementation.attribute.MethodAttributeAppender'.
2024-11-12 13:41:21,646 INFO  EvoClassLoader - Keeping class: net.bytebuddy.implementation.attribute.MethodAttributeAppender
2024-11-12 13:41:21,646 INFO  EvoClassLoader - Seeing class for first time: net.bytebuddy.implementation.attribute.MethodAttributeAppender$Factory
2024-11-12 13:41:21,646 INFO  EvoClassLoader - Instrumenting class 'net.bytebuddy.implementation.attribute.MethodAttributeAppender$Factory'.
2024-11-12 13:41:21,647 INFO  EvoClassLoader - Keeping class: net.bytebuddy.implementation.attribute.MethodAttributeAppender$Factory
2024-11-12 13:41:21,647 INFO  EvoClassLoader - Keeping class: net.bytebuddy.implementation.attribute.MethodAttributeAppender$NoOp
2024-11-12 13:41:21,647 INFO  EvoClassLoader - Seeing class for first time: net.bytebuddy.implementation.attribute.MethodAttributeAppender$ForInstrumentedMethod
2024-11-12 13:41:21,647 INFO  EvoClassLoader - Instrumenting class 'net.bytebuddy.implementation.attribute.MethodAttributeAppender$ForInstrumentedMethod'.
2024-11-12 13:41:21,647 INFO  MethodCallReplacementClassAdapter - Adding mock interface to class net/bytebuddy/implementation/attribute/MethodAttributeAppender$ForInstrumentedMethod
2024-11-12 13:41:21,647 INFO  CreateClassResetClassAdapter - Found static initializer in class net/bytebuddy/implementation/attribute/MethodAttributeAppender$ForInstrumentedMethod
2024-11-12 13:41:21,647 INFO  EvoClassLoader - Keeping class: net.bytebuddy.implementation.attribute.MethodAttributeAppender$ForInstrumentedMethod
2024-11-12 13:41:21,647 INFO  EvoClassLoader - Seeing class for first time: net.bytebuddy.dynamic.DynamicType$Builder
2024-11-12 13:41:21,647 INFO  EvoClassLoader - Instrumenting class 'net.bytebuddy.dynamic.DynamicType$Builder'.
2024-11-12 13:41:21,648 INFO  EvoClassLoader - Defined package (3): package net.bytebuddy.dynamic, 1219921662
2024-11-12 13:41:21,648 INFO  EvoClassLoader - Keeping class: net.bytebuddy.dynamic.DynamicType$Builder
2024-11-12 13:41:21,649 INFO  EvoClassLoader - Seeing class for first time: net.bytebuddy.matcher.ElementMatchers
2024-11-12 13:41:21,649 INFO  EvoClassLoader - Instrumenting class 'net.bytebuddy.matcher.ElementMatchers'.
2024-11-12 13:41:21,650 INFO  MethodCallReplacementClassAdapter - Adding mock interface to class net/bytebuddy/matcher/ElementMatchers
2024-11-12 13:41:21,654 INFO  CreateClassResetClassAdapter - Found static initializer in class net/bytebuddy/matcher/ElementMatchers
2024-11-12 13:41:21,655 INFO  EvoClassLoader - Keeping class: net.bytebuddy.matcher.ElementMatchers
2024-11-12 13:41:21,655 INFO  EvoClassLoader - Seeing class for first time: net.bytebuddy.matcher.ElementMatcher$Junction
2024-11-12 13:41:21,655 INFO  EvoClassLoader - Instrumenting class 'net.bytebuddy.matcher.ElementMatcher$Junction'.
2024-11-12 13:41:21,656 INFO  EvoClassLoader - Keeping class: net.bytebuddy.matcher.ElementMatcher$Junction
2024-11-12 13:41:21,656 INFO  EvoClassLoader - Seeing class for first time: net.bytebuddy.matcher.BooleanMatcher
2024-11-12 13:41:21,656 INFO  EvoClassLoader - Instrumenting class 'net.bytebuddy.matcher.BooleanMatcher'.
2024-11-12 13:41:21,656 INFO  MethodCallReplacementClassAdapter - Adding mock interface to class net/bytebuddy/matcher/BooleanMatcher
2024-11-12 13:41:21,656 INFO  CreateClassResetClassAdapter - Creating brand-new static initializer in class net/bytebuddy/matcher/BooleanMatcher
2024-11-12 13:41:21,656 INFO  EvoClassLoader - Seeing class for first time: net.bytebuddy.matcher.ElementMatcher$Junction$AbstractBase
2024-11-12 13:41:21,656 INFO  EvoClassLoader - Instrumenting class 'net.bytebuddy.matcher.ElementMatcher$Junction$AbstractBase'.
2024-11-12 13:41:21,656 INFO  MethodCallReplacementClassAdapter - Adding mock interface to class net/bytebuddy/matcher/ElementMatcher$Junction$AbstractBase
2024-11-12 13:41:21,656 INFO  CreateClassResetClassAdapter - Creating brand-new static initializer in class net/bytebuddy/matcher/ElementMatcher$Junction$AbstractBase
2024-11-12 13:41:21,656 INFO  EvoClassLoader - Keeping class: net.bytebuddy.matcher.ElementMatcher$Junction$AbstractBase
2024-11-12 13:41:21,656 INFO  EvoClassLoader - Keeping class: net.bytebuddy.matcher.BooleanMatcher
2024-11-12 13:41:21,657 INFO  EvoClassLoader - Seeing class for first time: net.bytebuddy.matcher.NullMatcher
2024-11-12 13:41:21,657 INFO  EvoClassLoader - Instrumenting class 'net.bytebuddy.matcher.NullMatcher'.
2024-11-12 13:41:21,657 INFO  MethodCallReplacementClassAdapter - Adding mock interface to class net/bytebuddy/matcher/NullMatcher
2024-11-12 13:41:21,657 INFO  CreateClassResetClassAdapter - Creating brand-new static initializer in class net/bytebuddy/matcher/NullMatcher
2024-11-12 13:41:21,657 INFO  EvoClassLoader - Keeping class: net.bytebuddy.matcher.NullMatcher
2024-11-12 13:41:21,657 INFO  EvoClassLoader - Seeing class for first time: net.bytebuddy.matcher.EqualityMatcher
2024-11-12 13:41:21,657 INFO  EvoClassLoader - Instrumenting class 'net.bytebuddy.matcher.EqualityMatcher'.
2024-11-12 13:41:21,657 INFO  MethodCallReplacementClassAdapter - Adding mock interface to class net/bytebuddy/matcher/EqualityMatcher
2024-11-12 13:41:21,657 INFO  CreateClassResetClassAdapter - Creating brand-new static initializer in class net/bytebuddy/matcher/EqualityMatcher
2024-11-12 13:41:21,657 INFO  EvoClassLoader - Keeping class: net.bytebuddy.matcher.EqualityMatcher
2024-11-12 13:41:21,657 INFO  EvoClassLoader - Seeing class for first time: net.bytebuddy.description.field.FieldDescription$InDefinedShape
2024-11-12 13:41:21,657 INFO  EvoClassLoader - Instrumenting class 'net.bytebuddy.description.field.FieldDescription$InDefinedShape'.
2024-11-12 13:41:21,657 INFO  EvoClassLoader - Defined package (3): package net.bytebuddy.description.field, -2035144569
2024-11-12 13:41:21,658 INFO  EvoClassLoader - Seeing class for first time: net.bytebuddy.description.field.FieldDescription
2024-11-12 13:41:21,658 INFO  EvoClassLoader - Instrumenting class 'net.bytebuddy.description.field.FieldDescription'.
2024-11-12 13:41:21,658 INFO  EvoClassLoader - Seeing class for first time: net.bytebuddy.description.ModifierReviewable$ForFieldDescription
2024-11-12 13:41:21,658 INFO  EvoClassLoader - Instrumenting class 'net.bytebuddy.description.ModifierReviewable$ForFieldDescription'.
2024-11-12 13:41:21,658 INFO  EvoClassLoader - Keeping class: net.bytebuddy.description.ModifierReviewable$ForFieldDescription
2024-11-12 13:41:21,658 INFO  EvoClassLoader - Seeing class for first time: net.bytebuddy.description.NamedElement$WithGenericName
2024-11-12 13:41:21,658 INFO  EvoClassLoader - Instrumenting class 'net.bytebuddy.description.NamedElement$WithGenericName'.
2024-11-12 13:41:21,658 INFO  EvoClassLoader - Keeping class: net.bytebuddy.description.NamedElement$WithGenericName
2024-11-12 13:41:21,658 INFO  EvoClassLoader - Seeing class for first time: net.bytebuddy.description.ByteCodeElement$TypeDependant
2024-11-12 13:41:21,658 INFO  EvoClassLoader - Instrumenting class 'net.bytebuddy.description.ByteCodeElement$TypeDependant'.
2024-11-12 13:41:21,658 INFO  EvoClassLoader - Keeping class: net.bytebuddy.description.ByteCodeElement$TypeDependant
2024-11-12 13:41:21,658 INFO  EvoClassLoader - Keeping class: net.bytebuddy.description.field.FieldDescription
2024-11-12 13:41:21,658 INFO  EvoClassLoader - Keeping class: net.bytebuddy.description.field.FieldDescription$InDefinedShape
2024-11-12 13:41:21,658 INFO  EvoClassLoader - Seeing class for first time: net.bytebuddy.description.method.MethodDescription$InDefinedShape
2024-11-12 13:41:21,658 INFO  EvoClassLoader - Instrumenting class 'net.bytebuddy.description.method.MethodDescription$InDefinedShape'.
2024-11-12 13:41:21,658 INFO  EvoClassLoader - Defined package (3): package net.bytebuddy.description.method, 1532181236
2024-11-12 13:41:21,658 INFO  EvoClassLoader - Seeing class for first time: net.bytebuddy.description.method.MethodDescription
2024-11-12 13:41:21,658 INFO  EvoClassLoader - Instrumenting class 'net.bytebuddy.description.method.MethodDescription'.
2024-11-12 13:41:21,659 INFO  EvoClassLoader - Seeing class for first time: net.bytebuddy.description.ModifierReviewable$ForMethodDescription
2024-11-12 13:41:21,659 INFO  EvoClassLoader - Instrumenting class 'net.bytebuddy.description.ModifierReviewable$ForMethodDescription'.
2024-11-12 13:41:21,659 INFO  EvoClassLoader - Keeping class: net.bytebuddy.description.ModifierReviewable$ForMethodDescription
2024-11-12 13:41:21,659 INFO  EvoClassLoader - Keeping class: net.bytebuddy.description.method.MethodDescription
2024-11-12 13:41:21,659 INFO  EvoClassLoader - Keeping class: net.bytebuddy.description.method.MethodDescription$InDefinedShape
2024-11-12 13:41:21,660 INFO  EvoClassLoader - Seeing class for first time: net.bytebuddy.description.method.ParameterDescription$InDefinedShape
2024-11-12 13:41:21,660 INFO  EvoClassLoader - Instrumenting class 'net.bytebuddy.description.method.ParameterDescription$InDefinedShape'.
2024-11-12 13:41:21,660 INFO  EvoClassLoader - Seeing class for first time: net.bytebuddy.description.method.ParameterDescription
2024-11-12 13:41:21,660 INFO  EvoClassLoader - Instrumenting class 'net.bytebuddy.description.method.ParameterDescription'.
2024-11-12 13:41:21,660 INFO  EvoClassLoader - Seeing class for first time: net.bytebuddy.description.ModifierReviewable$ForParameterDescription
2024-11-12 13:41:21,660 INFO  EvoClassLoader - Instrumenting class 'net.bytebuddy.description.ModifierReviewable$ForParameterDescription'.
2024-11-12 13:41:21,661 INFO  EvoClassLoader - Keeping class: net.bytebuddy.description.ModifierReviewable$ForParameterDescription
2024-11-12 13:41:21,661 INFO  EvoClassLoader - Keeping class: net.bytebuddy.description.method.ParameterDescription
2024-11-12 13:41:21,661 INFO  EvoClassLoader - Keeping class: net.bytebuddy.description.method.ParameterDescription$InDefinedShape
2024-11-12 13:41:21,661 INFO  EvoClassLoader - Seeing class for first time: net.bytebuddy.description.method.MethodDescription$SignatureToken
2024-11-12 13:41:21,661 INFO  EvoClassLoader - Instrumenting class 'net.bytebuddy.description.method.MethodDescription$SignatureToken'.
2024-11-12 13:41:21,661 INFO  MethodCallReplacementClassAdapter - Adding mock interface to class net/bytebuddy/description/method/MethodDescription$SignatureToken
2024-11-12 13:41:21,661 INFO  CreateClassResetClassAdapter - Creating brand-new static initializer in class net/bytebuddy/description/method/MethodDescription$SignatureToken
2024-11-12 13:41:21,662 INFO  EvoClassLoader - Keeping class: net.bytebuddy.description.method.MethodDescription$SignatureToken
2024-11-12 13:41:21,662 INFO  EvoClassLoader - Seeing class for first time: net.bytebuddy.description.type.TypeDefinition$Sort
2024-11-12 13:41:21,662 INFO  EvoClassLoader - Instrumenting class 'net.bytebuddy.description.type.TypeDefinition$Sort'.
2024-11-12 13:41:21,662 INFO  MethodCallReplacementClassAdapter - Adding mock interface to class net/bytebuddy/description/type/TypeDefinition$Sort
2024-11-12 13:41:21,662 INFO  CreateClassResetClassAdapter - Found static initializer in class net/bytebuddy/description/type/TypeDefinition$Sort
2024-11-12 13:41:21,663 INFO  EvoClassLoader - Keeping class: net.bytebuddy.description.type.TypeDefinition$Sort
2024-11-12 13:41:21,663 INFO  EvoClassLoader - Seeing class for first time: net.bytebuddy.matcher.ElementMatcher$Junction$Disjunction
2024-11-12 13:41:21,663 INFO  EvoClassLoader - Instrumenting class 'net.bytebuddy.matcher.ElementMatcher$Junction$Disjunction'.
2024-11-12 13:41:21,663 INFO  MethodCallReplacementClassAdapter - Adding mock interface to class net/bytebuddy/matcher/ElementMatcher$Junction$Disjunction
2024-11-12 13:41:21,663 INFO  CreateClassResetClassAdapter - Creating brand-new static initializer in class net/bytebuddy/matcher/ElementMatcher$Junction$Disjunction
2024-11-12 13:41:21,663 INFO  EvoClassLoader - Keeping class: net.bytebuddy.matcher.ElementMatcher$Junction$Disjunction
2024-11-12 13:41:21,663 INFO  EvoClassLoader - Seeing class for first time: net.bytebuddy.matcher.ElementMatcher$Junction$Conjunction
2024-11-12 13:41:21,663 INFO  EvoClassLoader - Instrumenting class 'net.bytebuddy.matcher.ElementMatcher$Junction$Conjunction'.
2024-11-12 13:41:21,663 INFO  MethodCallReplacementClassAdapter - Adding mock interface to class net/bytebuddy/matcher/ElementMatcher$Junction$Conjunction
2024-11-12 13:41:21,663 INFO  CreateClassResetClassAdapter - Creating brand-new static initializer in class net/bytebuddy/matcher/ElementMatcher$Junction$Conjunction
2024-11-12 13:41:21,664 INFO  EvoClassLoader - Keeping class: net.bytebuddy.matcher.ElementMatcher$Junction$Conjunction
2024-11-12 13:41:21,664 INFO  EvoClassLoader - Seeing class for first time: net.bytebuddy.implementation.MethodDelegation
2024-11-12 13:41:21,664 INFO  EvoClassLoader - Instrumenting class 'net.bytebuddy.implementation.MethodDelegation'.
2024-11-12 13:41:21,664 INFO  MethodCallReplacementClassAdapter - Adding mock interface to class net/bytebuddy/implementation/MethodDelegation
2024-11-12 13:41:21,664 INFO  CreateClassResetClassAdapter - Creating brand-new static initializer in class net/bytebuddy/implementation/MethodDelegation
2024-11-12 13:41:21,665 INFO  EvoClassLoader - Seeing class for first time: net.bytebuddy.implementation.Implementation$Composable
2024-11-12 13:41:21,665 INFO  EvoClassLoader - Instrumenting class 'net.bytebuddy.implementation.Implementation$Composable'.
2024-11-12 13:41:21,665 INFO  EvoClassLoader - Keeping class: net.bytebuddy.implementation.Implementation$Composable
2024-11-12 13:41:21,665 INFO  EvoClassLoader - Keeping class: net.bytebuddy.implementation.MethodDelegation
2024-11-12 13:41:21,665 INFO  EvoClassLoader - Seeing class for first time: net.bytebuddy.implementation.bind.MethodDelegationBinder$AmbiguityResolver
2024-11-12 13:41:21,665 INFO  EvoClassLoader - Instrumenting class 'net.bytebuddy.implementation.bind.MethodDelegationBinder$AmbiguityResolver'.
2024-11-12 13:41:21,666 INFO  EvoClassLoader - Defined package (3): package net.bytebuddy.implementation.bind, -1489227464
2024-11-12 13:41:21,666 INFO  EvoClassLoader - Keeping class: net.bytebuddy.implementation.bind.MethodDelegationBinder$AmbiguityResolver
2024-11-12 13:41:21,666 INFO  EvoClassLoader - Seeing class for first time: net.bytebuddy.implementation.bind.MethodDelegationBinder$Record
2024-11-12 13:41:21,666 INFO  EvoClassLoader - Instrumenting class 'net.bytebuddy.implementation.bind.MethodDelegationBinder$Record'.
2024-11-12 13:41:21,666 INFO  EvoClassLoader - Keeping class: net.bytebuddy.implementation.bind.MethodDelegationBinder$Record
2024-11-12 13:41:21,666 INFO  EvoClassLoader - Seeing class for first time: net.bytebuddy.implementation.bytecode.ByteCodeAppender
2024-11-12 13:41:21,666 INFO  EvoClassLoader - Instrumenting class 'net.bytebuddy.implementation.bytecode.ByteCodeAppender'.
2024-11-12 13:41:21,666 INFO  EvoClassLoader - Defined package (3): package net.bytebuddy.implementation.bytecode, -1213308304
2024-11-12 13:41:21,666 INFO  EvoClassLoader - Keeping class: net.bytebuddy.implementation.bytecode.ByteCodeAppender
2024-11-12 13:41:21,666 INFO  EvoClassLoader - Seeing class for first time: net.bytebuddy.implementation.bind.MethodDelegationBinder$TerminationHandler
2024-11-12 13:41:21,666 INFO  EvoClassLoader - Instrumenting class 'net.bytebuddy.implementation.bind.MethodDelegationBinder$TerminationHandler'.
2024-11-12 13:41:21,667 INFO  EvoClassLoader - Keeping class: net.bytebuddy.implementation.bind.MethodDelegationBinder$TerminationHandler
2024-11-12 13:41:21,667 INFO  EvoClassLoader - Seeing class for first time: net.bytebuddy.dynamic.scaffold.MethodGraph$Compiler
2024-11-12 13:41:21,667 INFO  EvoClassLoader - Instrumenting class 'net.bytebuddy.dynamic.scaffold.MethodGraph$Compiler'.
2024-11-12 13:41:21,667 INFO  EvoClassLoader - Keeping class: net.bytebuddy.dynamic.scaffold.MethodGraph$Compiler
2024-11-12 13:41:21,667 INFO  EvoClassLoader - Seeing class for first time: net.bytebuddy.dynamic.scaffold.InstrumentedType
2024-11-12 13:41:21,667 INFO  EvoClassLoader - Instrumenting class 'net.bytebuddy.dynamic.scaffold.InstrumentedType'.
2024-11-12 13:41:21,668 INFO  EvoClassLoader - Keeping class: net.bytebuddy.dynamic.scaffold.InstrumentedType
2024-11-12 13:41:21,668 INFO  EvoClassLoader - Seeing class for first time: net.bytebuddy.implementation.Implementation$Target
2024-11-12 13:41:21,668 INFO  EvoClassLoader - Instrumenting class 'net.bytebuddy.implementation.Implementation$Target'.
2024-11-12 13:41:21,668 INFO  EvoClassLoader - Keeping class: net.bytebuddy.implementation.Implementation$Target
2024-11-12 13:41:21,668 INFO  EvoClassLoader - Seeing class for first time: net.bytebuddy.implementation.MethodDelegation$WithCustomProperties
2024-11-12 13:41:21,668 INFO  EvoClassLoader - Instrumenting class 'net.bytebuddy.implementation.MethodDelegation$WithCustomProperties'.
2024-11-12 13:41:21,668 INFO  MethodCallReplacementClassAdapter - Adding mock interface to class net/bytebuddy/implementation/MethodDelegation$WithCustomProperties
2024-11-12 13:41:21,669 INFO  CreateClassResetClassAdapter - Creating brand-new static initializer in class net/bytebuddy/implementation/MethodDelegation$WithCustomProperties
2024-11-12 13:41:21,669 INFO  EvoClassLoader - Keeping class: net.bytebuddy.implementation.MethodDelegation$WithCustomProperties
2024-11-12 13:41:21,669 INFO  EvoClassLoader - Seeing class for first time: net.bytebuddy.implementation.bytecode.assign.Assigner
2024-11-12 13:41:21,669 INFO  EvoClassLoader - Instrumenting class 'net.bytebuddy.implementation.bytecode.assign.Assigner'.
2024-11-12 13:41:21,669 INFO  EvoClassLoader - Defined package (3): package net.bytebuddy.implementation.bytecode.assign, -1145952723
2024-11-12 13:41:21,669 INFO  EvoClassLoader - Keeping class: net.bytebuddy.implementation.bytecode.assign.Assigner
2024-11-12 13:41:21,669 INFO  EvoClassLoader - Seeing class for first time: net.bytebuddy.dynamic.scaffold.FieldLocator$Factory
2024-11-12 13:41:21,669 INFO  EvoClassLoader - Instrumenting class 'net.bytebuddy.dynamic.scaffold.FieldLocator$Factory'.
2024-11-12 13:41:21,670 INFO  EvoClassLoader - Keeping class: net.bytebuddy.dynamic.scaffold.FieldLocator$Factory
2024-11-12 13:41:21,670 INFO  EvoClassLoader - Seeing class for first time: net.bytebuddy.implementation.MethodDelegation$ImplementationDelegate
2024-11-12 13:41:21,670 INFO  EvoClassLoader - Instrumenting class 'net.bytebuddy.implementation.MethodDelegation$ImplementationDelegate'.
2024-11-12 13:41:21,670 INFO  EvoClassLoader - Keeping class: net.bytebuddy.implementation.MethodDelegation$ImplementationDelegate
2024-11-12 13:41:21,670 INFO  EvoClassLoader - Seeing class for first time: net.bytebuddy.implementation.bind.MethodDelegationBinder$BindingResolver
2024-11-12 13:41:21,670 INFO  EvoClassLoader - Instrumenting class 'net.bytebuddy.implementation.bind.MethodDelegationBinder$BindingResolver'.
2024-11-12 13:41:21,670 INFO  EvoClassLoader - Keeping class: net.bytebuddy.implementation.bind.MethodDelegationBinder$BindingResolver
2024-11-12 13:41:21,671 INFO  EvoClassLoader - Seeing class for first time: net.bytebuddy.implementation.bind.annotation.TargetMethodAnnotationDrivenBinder$ParameterBinder
2024-11-12 13:41:21,671 INFO  EvoClassLoader - Instrumenting class 'net.bytebuddy.implementation.bind.annotation.TargetMethodAnnotationDrivenBinder$ParameterBinder'.
2024-11-12 13:41:21,671 INFO  EvoClassLoader - Defined package (3): package net.bytebuddy.implementation.bind.annotation, -818977371
2024-11-12 13:41:21,671 INFO  EvoClassLoader - Keeping class: net.bytebuddy.implementation.bind.annotation.TargetMethodAnnotationDrivenBinder$ParameterBinder
2024-11-12 13:41:21,671 INFO  EvoClassLoader - Seeing class for first time: net.bytebuddy.implementation.bind.MethodDelegationBinder$AmbiguityResolver$Compound
2024-11-12 13:41:21,671 INFO  EvoClassLoader - Instrumenting class 'net.bytebuddy.implementation.bind.MethodDelegationBinder$AmbiguityResolver$Compound'.
2024-11-12 13:41:21,671 INFO  MethodCallReplacementClassAdapter - Adding mock interface to class net/bytebuddy/implementation/bind/MethodDelegationBinder$AmbiguityResolver$Compound
2024-11-12 13:41:21,671 INFO  CreateClassResetClassAdapter - Creating brand-new static initializer in class net/bytebuddy/implementation/bind/MethodDelegationBinder$AmbiguityResolver$Compound
2024-11-12 13:41:21,671 INFO  EvoClassLoader - Keeping class: net.bytebuddy.implementation.bind.MethodDelegationBinder$AmbiguityResolver$Compound
2024-11-12 13:41:21,672 INFO  EvoClassLoader - Seeing class for first time: net.bytebuddy.implementation.bind.MethodDelegationBinder
2024-11-12 13:41:21,672 INFO  EvoClassLoader - Instrumenting class 'net.bytebuddy.implementation.bind.MethodDelegationBinder'.
2024-11-12 13:41:21,672 INFO  EvoClassLoader - Keeping class: net.bytebuddy.implementation.bind.MethodDelegationBinder
2024-11-12 13:41:21,672 INFO  EvoClassLoader - Seeing class for first time: net.bytebuddy.implementation.bind.MethodDelegationBinder$MethodBinding
2024-11-12 13:41:21,672 INFO  EvoClassLoader - Instrumenting class 'net.bytebuddy.implementation.bind.MethodDelegationBinder$MethodBinding'.
2024-11-12 13:41:21,672 INFO  EvoClassLoader - Seeing class for first time: net.bytebuddy.implementation.bytecode.StackManipulation
2024-11-12 13:41:21,672 INFO  EvoClassLoader - Instrumenting class 'net.bytebuddy.implementation.bytecode.StackManipulation'.
2024-11-12 13:41:21,672 INFO  EvoClassLoader - Keeping class: net.bytebuddy.implementation.bytecode.StackManipulation
2024-11-12 13:41:21,672 INFO  EvoClassLoader - Keeping class: net.bytebuddy.implementation.bind.MethodDelegationBinder$MethodBinding
2024-11-12 13:41:21,672 INFO  EvoClassLoader - Seeing class for first time: net.bytebuddy.implementation.bind.MethodDelegationBinder$AmbiguityResolver$Resolution
2024-11-12 13:41:21,672 INFO  EvoClassLoader - Instrumenting class 'net.bytebuddy.implementation.bind.MethodDelegationBinder$AmbiguityResolver$Resolution'.
2024-11-12 13:41:21,672 INFO  MethodCallReplacementClassAdapter - Adding mock interface to class net/bytebuddy/implementation/bind/MethodDelegationBinder$AmbiguityResolver$Resolution
2024-11-12 13:41:21,672 INFO  CreateClassResetClassAdapter - Found static initializer in class net/bytebuddy/implementation/bind/MethodDelegationBinder$AmbiguityResolver$Resolution
2024-11-12 13:41:21,673 INFO  EvoClassLoader - Keeping class: net.bytebuddy.implementation.bind.MethodDelegationBinder$AmbiguityResolver$Resolution
2024-11-12 13:41:21,673 INFO  EvoClassLoader - Seeing class for first time: net.bytebuddy.implementation.bind.annotation.BindingPriority$Resolver
2024-11-12 13:41:21,673 INFO  EvoClassLoader - Instrumenting class 'net.bytebuddy.implementation.bind.annotation.BindingPriority$Resolver'.
2024-11-12 13:41:21,673 INFO  MethodCallReplacementClassAdapter - Adding mock interface to class net/bytebuddy/implementation/bind/annotation/BindingPriority$Resolver
2024-11-12 13:41:21,673 INFO  CreateClassResetClassAdapter - Found static initializer in class net/bytebuddy/implementation/bind/annotation/BindingPriority$Resolver
2024-11-12 13:41:21,673 INFO  EvoClassLoader - Keeping class: net.bytebuddy.implementation.bind.annotation.BindingPriority$Resolver
2024-11-12 13:41:21,673 INFO  EvoClassLoader - Seeing class for first time: net.bytebuddy.implementation.bind.annotation.BindingPriority
2024-11-12 13:41:21,673 INFO  EvoClassLoader - Instrumenting class 'net.bytebuddy.implementation.bind.annotation.BindingPriority'.
2024-11-12 13:41:21,673 INFO  EvoClassLoader - Keeping class: net.bytebuddy.implementation.bind.annotation.BindingPriority
2024-11-12 13:41:21,673 INFO  EvoClassLoader - Seeing class for first time: net.bytebuddy.description.annotation.AnnotationDescription$Loadable
2024-11-12 13:41:21,673 INFO  EvoClassLoader - Instrumenting class 'net.bytebuddy.description.annotation.AnnotationDescription$Loadable'.
2024-11-12 13:41:21,674 INFO  EvoClassLoader - Seeing class for first time: net.bytebuddy.description.annotation.AnnotationDescription
2024-11-12 13:41:21,674 INFO  EvoClassLoader - Instrumenting class 'net.bytebuddy.description.annotation.AnnotationDescription'.
2024-11-12 13:41:21,674 INFO  EvoClassLoader - Keeping class: net.bytebuddy.description.annotation.AnnotationDescription
2024-11-12 13:41:21,674 INFO  EvoClassLoader - Keeping class: net.bytebuddy.description.annotation.AnnotationDescription$Loadable
2024-11-12 13:41:21,674 INFO  EvoClassLoader - Seeing class for first time: net.bytebuddy.implementation.bind.DeclaringTypeResolver
2024-11-12 13:41:21,674 INFO  EvoClassLoader - Instrumenting class 'net.bytebuddy.implementation.bind.DeclaringTypeResolver'.
2024-11-12 13:41:21,674 INFO  MethodCallReplacementClassAdapter - Adding mock interface to class net/bytebuddy/implementation/bind/DeclaringTypeResolver
2024-11-12 13:41:21,674 INFO  CreateClassResetClassAdapter - Found static initializer in class net/bytebuddy/implementation/bind/DeclaringTypeResolver
2024-11-12 13:41:21,674 INFO  EvoClassLoader - Keeping class: net.bytebuddy.implementation.bind.DeclaringTypeResolver
2024-11-12 13:41:21,675 INFO  EvoClassLoader - Seeing class for first time: net.bytebuddy.implementation.bind.ArgumentTypeResolver
2024-11-12 13:41:21,675 INFO  EvoClassLoader - Instrumenting class 'net.bytebuddy.implementation.bind.ArgumentTypeResolver'.
2024-11-12 13:41:21,675 INFO  MethodCallReplacementClassAdapter - Adding mock interface to class net/bytebuddy/implementation/bind/ArgumentTypeResolver
2024-11-12 13:41:21,675 INFO  CreateClassResetClassAdapter - Found static initializer in class net/bytebuddy/implementation/bind/ArgumentTypeResolver
2024-11-12 13:41:21,675 INFO  EvoClassLoader - Keeping class: net.bytebuddy.implementation.bind.ArgumentTypeResolver
2024-11-12 13:41:21,675 INFO  EvoClassLoader - Seeing class for first time: net.bytebuddy.implementation.bind.MethodNameEqualityResolver
2024-11-12 13:41:21,675 INFO  EvoClassLoader - Instrumenting class 'net.bytebuddy.implementation.bind.MethodNameEqualityResolver'.
2024-11-12 13:41:21,675 INFO  MethodCallReplacementClassAdapter - Adding mock interface to class net/bytebuddy/implementation/bind/MethodNameEqualityResolver
2024-11-12 13:41:21,675 INFO  CreateClassResetClassAdapter - Found static initializer in class net/bytebuddy/implementation/bind/MethodNameEqualityResolver
2024-11-12 13:41:21,676 INFO  EvoClassLoader - Keeping class: net.bytebuddy.implementation.bind.MethodNameEqualityResolver
2024-11-12 13:41:21,676 INFO  EvoClassLoader - Seeing class for first time: net.bytebuddy.implementation.bind.ParameterLengthResolver
2024-11-12 13:41:21,676 INFO  EvoClassLoader - Instrumenting class 'net.bytebuddy.implementation.bind.ParameterLengthResolver'.
2024-11-12 13:41:21,676 INFO  MethodCallReplacementClassAdapter - Adding mock interface to class net/bytebuddy/implementation/bind/ParameterLengthResolver
2024-11-12 13:41:21,676 INFO  CreateClassResetClassAdapter - Found static initializer in class net/bytebuddy/implementation/bind/ParameterLengthResolver
2024-11-12 13:41:21,676 INFO  EvoClassLoader - Keeping class: net.bytebuddy.implementation.bind.ParameterLengthResolver
2024-11-12 13:41:21,676 INFO  EvoClassLoader - Seeing class for first time: net.bytebuddy.implementation.bind.annotation.Argument$Binder
2024-11-12 13:41:21,676 INFO  EvoClassLoader - Instrumenting class 'net.bytebuddy.implementation.bind.annotation.Argument$Binder'.
2024-11-12 13:41:21,676 INFO  MethodCallReplacementClassAdapter - Adding mock interface to class net/bytebuddy/implementation/bind/annotation/Argument$Binder
2024-11-12 13:41:21,677 INFO  CreateClassResetClassAdapter - Found static initializer in class net/bytebuddy/implementation/bind/annotation/Argument$Binder
2024-11-12 13:41:21,677 INFO  EvoClassLoader - Keeping class: net.bytebuddy.implementation.bind.annotation.Argument$Binder
2024-11-12 13:41:21,677 INFO  EvoClassLoader - Seeing class for first time: net.bytebuddy.implementation.bind.annotation.Argument
2024-11-12 13:41:21,677 INFO  EvoClassLoader - Instrumenting class 'net.bytebuddy.implementation.bind.annotation.Argument'.
2024-11-12 13:41:21,677 INFO  EvoClassLoader - Keeping class: net.bytebuddy.implementation.bind.annotation.Argument
2024-11-12 13:41:21,677 INFO  EvoClassLoader - Seeing class for first time: net.bytebuddy.implementation.bind.MethodDelegationBinder$ParameterBinding
2024-11-12 13:41:21,677 INFO  EvoClassLoader - Instrumenting class 'net.bytebuddy.implementation.bind.MethodDelegationBinder$ParameterBinding'.
2024-11-12 13:41:21,677 INFO  EvoClassLoader - Keeping class: net.bytebuddy.implementation.bind.MethodDelegationBinder$ParameterBinding
2024-11-12 13:41:21,678 INFO  EvoClassLoader - Seeing class for first time: net.bytebuddy.implementation.bytecode.assign.Assigner$Typing
2024-11-12 13:41:21,678 INFO  EvoClassLoader - Instrumenting class 'net.bytebuddy.implementation.bytecode.assign.Assigner$Typing'.
2024-11-12 13:41:21,678 INFO  MethodCallReplacementClassAdapter - Adding mock interface to class net/bytebuddy/implementation/bytecode/assign/Assigner$Typing
2024-11-12 13:41:21,678 INFO  CreateClassResetClassAdapter - Found static initializer in class net/bytebuddy/implementation/bytecode/assign/Assigner$Typing
2024-11-12 13:41:21,678 INFO  EvoClassLoader - Keeping class: net.bytebuddy.implementation.bytecode.assign.Assigner$Typing
2024-11-12 13:41:21,678 INFO  EvoClassLoader - Seeing class for first time: net.bytebuddy.implementation.bind.annotation.AllArguments$Binder
2024-11-12 13:41:21,678 INFO  EvoClassLoader - Instrumenting class 'net.bytebuddy.implementation.bind.annotation.AllArguments$Binder'.
2024-11-12 13:41:21,678 INFO  MethodCallReplacementClassAdapter - Adding mock interface to class net/bytebuddy/implementation/bind/annotation/AllArguments$Binder
2024-11-12 13:41:21,679 INFO  CreateClassResetClassAdapter - Found static initializer in class net/bytebuddy/implementation/bind/annotation/AllArguments$Binder
2024-11-12 13:41:21,680 INFO  EvoClassLoader - Keeping class: net.bytebuddy.implementation.bind.annotation.AllArguments$Binder
2024-11-12 13:41:21,680 INFO  EvoClassLoader - Seeing class for first time: net.bytebuddy.implementation.bind.annotation.AllArguments
2024-11-12 13:41:21,680 INFO  EvoClassLoader - Instrumenting class 'net.bytebuddy.implementation.bind.annotation.AllArguments'.
2024-11-12 13:41:21,680 INFO  EvoClassLoader - Keeping class: net.bytebuddy.implementation.bind.annotation.AllArguments
2024-11-12 13:41:21,680 INFO  EvoClassLoader - Seeing class for first time: net.bytebuddy.implementation.bind.annotation.Origin$Binder
2024-11-12 13:41:21,680 INFO  EvoClassLoader - Instrumenting class 'net.bytebuddy.implementation.bind.annotation.Origin$Binder'.
2024-11-12 13:41:21,680 INFO  MethodCallReplacementClassAdapter - Adding mock interface to class net/bytebuddy/implementation/bind/annotation/Origin$Binder
2024-11-12 13:41:21,681 INFO  CreateClassResetClassAdapter - Found static initializer in class net/bytebuddy/implementation/bind/annotation/Origin$Binder
2024-11-12 13:41:21,682 INFO  EvoClassLoader - Keeping class: net.bytebuddy.implementation.bind.annotation.Origin$Binder
2024-11-12 13:41:21,682 INFO  EvoClassLoader - Seeing class for first time: net.bytebuddy.implementation.bind.annotation.Origin
2024-11-12 13:41:21,682 INFO  EvoClassLoader - Instrumenting class 'net.bytebuddy.implementation.bind.annotation.Origin'.
2024-11-12 13:41:21,682 INFO  EvoClassLoader - Keeping class: net.bytebuddy.implementation.bind.annotation.Origin
2024-11-12 13:41:21,683 INFO  EvoClassLoader - Seeing class for first time: net.bytebuddy.implementation.bind.MethodDelegationBinder$ParameterBinding$Anonymous
2024-11-12 13:41:21,683 INFO  EvoClassLoader - Instrumenting class 'net.bytebuddy.implementation.bind.MethodDelegationBinder$ParameterBinding$Anonymous'.
2024-11-12 13:41:21,683 INFO  MethodCallReplacementClassAdapter - Adding mock interface to class net/bytebuddy/implementation/bind/MethodDelegationBinder$ParameterBinding$Anonymous
2024-11-12 13:41:21,683 INFO  CreateClassResetClassAdapter - Creating brand-new static initializer in class net/bytebuddy/implementation/bind/MethodDelegationBinder$ParameterBinding$Anonymous
2024-11-12 13:41:21,684 INFO  EvoClassLoader - Keeping class: net.bytebuddy.implementation.bind.MethodDelegationBinder$ParameterBinding$Anonymous
2024-11-12 13:41:21,684 INFO  EvoClassLoader - Seeing class for first time: net.bytebuddy.implementation.bind.MethodDelegationBinder$ParameterBinding$Illegal
2024-11-12 13:41:21,684 INFO  EvoClassLoader - Instrumenting class 'net.bytebuddy.implementation.bind.MethodDelegationBinder$ParameterBinding$Illegal'.
2024-11-12 13:41:21,684 INFO  MethodCallReplacementClassAdapter - Adding mock interface to class net/bytebuddy/implementation/bind/MethodDelegationBinder$ParameterBinding$Illegal
2024-11-12 13:41:21,685 INFO  CreateClassResetClassAdapter - Found static initializer in class net/bytebuddy/implementation/bind/MethodDelegationBinder$ParameterBinding$Illegal
2024-11-12 13:41:21,685 INFO  EvoClassLoader - Keeping class: net.bytebuddy.implementation.bind.MethodDelegationBinder$ParameterBinding$Illegal
2024-11-12 13:41:21,685 INFO  EvoClassLoader - Seeing class for first time: net.bytebuddy.utility.JavaConstant
2024-11-12 13:41:21,685 INFO  EvoClassLoader - Instrumenting class 'net.bytebuddy.utility.JavaConstant'.
2024-11-12 13:41:21,685 INFO  EvoClassLoader - Keeping class: net.bytebuddy.utility.JavaConstant
2024-11-12 13:41:21,685 INFO  EvoClassLoader - Seeing class for first time: net.bytebuddy.implementation.bind.annotation.This$Binder
2024-11-12 13:41:21,685 INFO  EvoClassLoader - Instrumenting class 'net.bytebuddy.implementation.bind.annotation.This$Binder'.
2024-11-12 13:41:21,686 INFO  MethodCallReplacementClassAdapter - Adding mock interface to class net/bytebuddy/implementation/bind/annotation/This$Binder
2024-11-12 13:41:21,686 INFO  CreateClassResetClassAdapter - Found static initializer in class net/bytebuddy/implementation/bind/annotation/This$Binder
2024-11-12 13:41:21,687 INFO  EvoClassLoader - Keeping class: net.bytebuddy.implementation.bind.annotation.This$Binder
2024-11-12 13:41:21,687 INFO  EvoClassLoader - Seeing class for first time: net.bytebuddy.implementation.bind.annotation.This
2024-11-12 13:41:21,687 INFO  EvoClassLoader - Instrumenting class 'net.bytebuddy.implementation.bind.annotation.This'.
2024-11-12 13:41:21,687 INFO  EvoClassLoader - Keeping class: net.bytebuddy.implementation.bind.annotation.This
2024-11-12 13:41:21,687 INFO  EvoClassLoader - Seeing class for first time: net.bytebuddy.implementation.bytecode.constant.NullConstant
2024-11-12 13:41:21,687 INFO  EvoClassLoader - Instrumenting class 'net.bytebuddy.implementation.bytecode.constant.NullConstant'.
2024-11-12 13:41:21,687 INFO  MethodCallReplacementClassAdapter - Adding mock interface to class net/bytebuddy/implementation/bytecode/constant/NullConstant
2024-11-12 13:41:21,687 INFO  CreateClassResetClassAdapter - Found static initializer in class net/bytebuddy/implementation/bytecode/constant/NullConstant
2024-11-12 13:41:21,687 INFO  EvoClassLoader - Defined package (3): package net.bytebuddy.implementation.bytecode.constant, -1946865310
2024-11-12 13:41:21,687 INFO  EvoClassLoader - Keeping class: net.bytebuddy.implementation.bytecode.constant.NullConstant
2024-11-12 13:41:21,687 INFO  EvoClassLoader - Seeing class for first time: net.bytebuddy.implementation.bytecode.StackManipulation$Compound
2024-11-12 13:41:21,687 INFO  EvoClassLoader - Instrumenting class 'net.bytebuddy.implementation.bytecode.StackManipulation$Compound'.
2024-11-12 13:41:21,687 INFO  MethodCallReplacementClassAdapter - Adding mock interface to class net/bytebuddy/implementation/bytecode/StackManipulation$Compound
2024-11-12 13:41:21,688 INFO  CreateClassResetClassAdapter - Creating brand-new static initializer in class net/bytebuddy/implementation/bytecode/StackManipulation$Compound
2024-11-12 13:41:21,688 INFO  EvoClassLoader - Keeping class: net.bytebuddy.implementation.bytecode.StackManipulation$Compound
2024-11-12 13:41:21,688 INFO  EvoClassLoader - Seeing class for first time: net.bytebuddy.description.ModifierReviewable$AbstractBase
2024-11-12 13:41:21,688 INFO  EvoClassLoader - Instrumenting class 'net.bytebuddy.description.ModifierReviewable$AbstractBase'.
2024-11-12 13:41:21,688 INFO  MethodCallReplacementClassAdapter - Adding mock interface to class net/bytebuddy/description/ModifierReviewable$AbstractBase
2024-11-12 13:41:21,689 INFO  CreateClassResetClassAdapter - Creating brand-new static initializer in class net/bytebuddy/description/ModifierReviewable$AbstractBase
2024-11-12 13:41:21,689 INFO  EvoClassLoader - Keeping class: net.bytebuddy.description.ModifierReviewable$AbstractBase
2024-11-12 13:41:21,689 INFO  EvoClassLoader - Seeing class for first time: net.bytebuddy.description.modifier.TypeManifestation
2024-11-12 13:41:21,689 INFO  EvoClassLoader - Instrumenting class 'net.bytebuddy.description.modifier.TypeManifestation'.
2024-11-12 13:41:21,689 INFO  MethodCallReplacementClassAdapter - Adding mock interface to class net/bytebuddy/description/modifier/TypeManifestation
2024-11-12 13:41:21,689 INFO  CreateClassResetClassAdapter - Found static initializer in class net/bytebuddy/description/modifier/TypeManifestation
2024-11-12 13:41:21,689 INFO  EvoClassLoader - Defined package (3): package net.bytebuddy.description.modifier, -919915478
2024-11-12 13:41:21,690 INFO  EvoClassLoader - Seeing class for first time: net.bytebuddy.description.modifier.ModifierContributor$ForType
2024-11-12 13:41:21,690 INFO  EvoClassLoader - Instrumenting class 'net.bytebuddy.description.modifier.ModifierContributor$ForType'.
2024-11-12 13:41:21,690 INFO  EvoClassLoader - Seeing class for first time: net.bytebuddy.description.modifier.ModifierContributor
2024-11-12 13:41:21,690 INFO  EvoClassLoader - Instrumenting class 'net.bytebuddy.description.modifier.ModifierContributor'.
2024-11-12 13:41:21,690 INFO  EvoClassLoader - Keeping class: net.bytebuddy.description.modifier.ModifierContributor
2024-11-12 13:41:21,690 INFO  EvoClassLoader - Keeping class: net.bytebuddy.description.modifier.ModifierContributor$ForType
2024-11-12 13:41:21,690 INFO  EvoClassLoader - Keeping class: net.bytebuddy.description.modifier.TypeManifestation
2024-11-12 13:41:21,690 INFO  EvoClassLoader - Seeing class for first time: net.bytebuddy.description.modifier.SyntheticState
2024-11-12 13:41:21,690 INFO  EvoClassLoader - Instrumenting class 'net.bytebuddy.description.modifier.SyntheticState'.
2024-11-12 13:41:21,690 INFO  MethodCallReplacementClassAdapter - Adding mock interface to class net/bytebuddy/description/modifier/SyntheticState
2024-11-12 13:41:21,690 INFO  CreateClassResetClassAdapter - Found static initializer in class net/bytebuddy/description/modifier/SyntheticState
2024-11-12 13:41:21,690 INFO  EvoClassLoader - Seeing class for first time: net.bytebuddy.description.modifier.ModifierContributor$ForMethod
2024-11-12 13:41:21,690 INFO  EvoClassLoader - Instrumenting class 'net.bytebuddy.description.modifier.ModifierContributor$ForMethod'.
2024-11-12 13:41:21,690 INFO  EvoClassLoader - Keeping class: net.bytebuddy.description.modifier.ModifierContributor$ForMethod
2024-11-12 13:41:21,690 INFO  EvoClassLoader - Seeing class for first time: net.bytebuddy.description.modifier.ModifierContributor$ForField
2024-11-12 13:41:21,690 INFO  EvoClassLoader - Instrumenting class 'net.bytebuddy.description.modifier.ModifierContributor$ForField'.
2024-11-12 13:41:21,690 INFO  EvoClassLoader - Keeping class: net.bytebuddy.description.modifier.ModifierContributor$ForField
2024-11-12 13:41:21,690 INFO  EvoClassLoader - Seeing class for first time: net.bytebuddy.description.modifier.ModifierContributor$ForParameter
2024-11-12 13:41:21,690 INFO  EvoClassLoader - Instrumenting class 'net.bytebuddy.description.modifier.ModifierContributor$ForParameter'.
2024-11-12 13:41:21,691 INFO  EvoClassLoader - Keeping class: net.bytebuddy.description.modifier.ModifierContributor$ForParameter
2024-11-12 13:41:21,691 INFO  EvoClassLoader - Keeping class: net.bytebuddy.description.modifier.SyntheticState
2024-11-12 13:41:21,691 INFO  EvoClassLoader - Seeing class for first time: net.bytebuddy.description.modifier.Ownership
2024-11-12 13:41:21,691 INFO  EvoClassLoader - Instrumenting class 'net.bytebuddy.description.modifier.Ownership'.
2024-11-12 13:41:21,691 INFO  MethodCallReplacementClassAdapter - Adding mock interface to class net/bytebuddy/description/modifier/Ownership
2024-11-12 13:41:21,691 INFO  CreateClassResetClassAdapter - Found static initializer in class net/bytebuddy/description/modifier/Ownership
2024-11-12 13:41:21,691 INFO  EvoClassLoader - Keeping class: net.bytebuddy.description.modifier.Ownership
2024-11-12 13:41:21,691 INFO  EvoClassLoader - Seeing class for first time: net.bytebuddy.description.modifier.Visibility
2024-11-12 13:41:21,691 INFO  EvoClassLoader - Instrumenting class 'net.bytebuddy.description.modifier.Visibility'.
2024-11-12 13:41:21,691 INFO  MethodCallReplacementClassAdapter - Adding mock interface to class net/bytebuddy/description/modifier/Visibility
2024-11-12 13:41:21,692 INFO  CreateClassResetClassAdapter - Found static initializer in class net/bytebuddy/description/modifier/Visibility
2024-11-12 13:41:21,692 INFO  EvoClassLoader - Keeping class: net.bytebuddy.description.modifier.Visibility
2024-11-12 13:41:21,692 INFO  EvoClassLoader - Seeing class for first time: net.bytebuddy.description.modifier.EnumerationState
2024-11-12 13:41:21,692 INFO  EvoClassLoader - Instrumenting class 'net.bytebuddy.description.modifier.EnumerationState'.
2024-11-12 13:41:21,692 INFO  MethodCallReplacementClassAdapter - Adding mock interface to class net/bytebuddy/description/modifier/EnumerationState
2024-11-12 13:41:21,692 INFO  CreateClassResetClassAdapter - Found static initializer in class net/bytebuddy/description/modifier/EnumerationState
2024-11-12 13:41:21,693 INFO  EvoClassLoader - Keeping class: net.bytebuddy.description.modifier.EnumerationState
2024-11-12 13:41:21,693 INFO  EvoClassLoader - Seeing class for first time: net.bytebuddy.description.modifier.FieldManifestation
2024-11-12 13:41:21,693 INFO  EvoClassLoader - Instrumenting class 'net.bytebuddy.description.modifier.FieldManifestation'.
2024-11-12 13:41:21,693 INFO  MethodCallReplacementClassAdapter - Adding mock interface to class net/bytebuddy/description/modifier/FieldManifestation
2024-11-12 13:41:21,693 INFO  CreateClassResetClassAdapter - Found static initializer in class net/bytebuddy/description/modifier/FieldManifestation
2024-11-12 13:41:21,693 INFO  EvoClassLoader - Keeping class: net.bytebuddy.description.modifier.FieldManifestation
2024-11-12 13:41:21,693 INFO  EvoClassLoader - Seeing class for first time: net.bytebuddy.description.modifier.FieldPersistence
2024-11-12 13:41:21,693 INFO  EvoClassLoader - Instrumenting class 'net.bytebuddy.description.modifier.FieldPersistence'.
2024-11-12 13:41:21,693 INFO  MethodCallReplacementClassAdapter - Adding mock interface to class net/bytebuddy/description/modifier/FieldPersistence
2024-11-12 13:41:21,693 INFO  CreateClassResetClassAdapter - Found static initializer in class net/bytebuddy/description/modifier/FieldPersistence
2024-11-12 13:41:21,693 INFO  EvoClassLoader - Keeping class: net.bytebuddy.description.modifier.FieldPersistence
2024-11-12 13:41:21,693 INFO  EvoClassLoader - Seeing class for first time: net.bytebuddy.description.modifier.SynchronizationState
2024-11-12 13:41:21,693 INFO  EvoClassLoader - Instrumenting class 'net.bytebuddy.description.modifier.SynchronizationState'.
2024-11-12 13:41:21,693 INFO  MethodCallReplacementClassAdapter - Adding mock interface to class net/bytebuddy/description/modifier/SynchronizationState
2024-11-12 13:41:21,693 INFO  CreateClassResetClassAdapter - Found static initializer in class net/bytebuddy/description/modifier/SynchronizationState
2024-11-12 13:41:21,694 INFO  EvoClassLoader - Keeping class: net.bytebuddy.description.modifier.SynchronizationState
2024-11-12 13:41:21,694 INFO  EvoClassLoader - Seeing class for first time: net.bytebuddy.description.modifier.MethodStrictness
2024-11-12 13:41:21,694 INFO  EvoClassLoader - Instrumenting class 'net.bytebuddy.description.modifier.MethodStrictness'.
2024-11-12 13:41:21,694 INFO  MethodCallReplacementClassAdapter - Adding mock interface to class net/bytebuddy/description/modifier/MethodStrictness
2024-11-12 13:41:21,694 INFO  CreateClassResetClassAdapter - Found static initializer in class net/bytebuddy/description/modifier/MethodStrictness
2024-11-12 13:41:21,694 INFO  EvoClassLoader - Keeping class: net.bytebuddy.description.modifier.MethodStrictness
2024-11-12 13:41:21,694 INFO  EvoClassLoader - Seeing class for first time: net.bytebuddy.description.modifier.MethodManifestation
2024-11-12 13:41:21,694 INFO  EvoClassLoader - Instrumenting class 'net.bytebuddy.description.modifier.MethodManifestation'.
2024-11-12 13:41:21,694 INFO  MethodCallReplacementClassAdapter - Adding mock interface to class net/bytebuddy/description/modifier/MethodManifestation
2024-11-12 13:41:21,694 INFO  CreateClassResetClassAdapter - Found static initializer in class net/bytebuddy/description/modifier/MethodManifestation
2024-11-12 13:41:21,694 INFO  EvoClassLoader - Keeping class: net.bytebuddy.description.modifier.MethodManifestation
2024-11-12 13:41:21,694 INFO  EvoClassLoader - Seeing class for first time: net.bytebuddy.description.modifier.ParameterManifestation
2024-11-12 13:41:21,694 INFO  EvoClassLoader - Instrumenting class 'net.bytebuddy.description.modifier.ParameterManifestation'.
2024-11-12 13:41:21,694 INFO  MethodCallReplacementClassAdapter - Adding mock interface to class net/bytebuddy/description/modifier/ParameterManifestation
2024-11-12 13:41:21,694 INFO  CreateClassResetClassAdapter - Found static initializer in class net/bytebuddy/description/modifier/ParameterManifestation
2024-11-12 13:41:21,695 INFO  EvoClassLoader - Keeping class: net.bytebuddy.description.modifier.ParameterManifestation
2024-11-12 13:41:21,695 INFO  EvoClassLoader - Seeing class for first time: net.bytebuddy.description.modifier.ProvisioningState
2024-11-12 13:41:21,695 INFO  EvoClassLoader - Instrumenting class 'net.bytebuddy.description.modifier.ProvisioningState'.
2024-11-12 13:41:21,695 INFO  MethodCallReplacementClassAdapter - Adding mock interface to class net/bytebuddy/description/modifier/ProvisioningState
2024-11-12 13:41:21,695 INFO  CreateClassResetClassAdapter - Found static initializer in class net/bytebuddy/description/modifier/ProvisioningState
2024-11-12 13:41:21,695 INFO  EvoClassLoader - Keeping class: net.bytebuddy.description.modifier.ProvisioningState
2024-11-12 13:41:21,695 INFO  EvoClassLoader - Seeing class for first time: net.bytebuddy.description.TypeVariableSource$AbstractBase
2024-11-12 13:41:21,695 INFO  EvoClassLoader - Instrumenting class 'net.bytebuddy.description.TypeVariableSource$AbstractBase'.
2024-11-12 13:41:21,695 INFO  MethodCallReplacementClassAdapter - Adding mock interface to class net/bytebuddy/description/TypeVariableSource$AbstractBase
2024-11-12 13:41:21,695 INFO  CreateClassResetClassAdapter - Creating brand-new static initializer in class net/bytebuddy/description/TypeVariableSource$AbstractBase
2024-11-12 13:41:21,695 INFO  EvoClassLoader - Keeping class: net.bytebuddy.description.TypeVariableSource$AbstractBase
2024-11-12 13:41:21,695 INFO  EvoClassLoader - Seeing class for first time: net.bytebuddy.utility.privilege.GetSystemPropertyAction
2024-11-12 13:41:21,695 INFO  EvoClassLoader - Instrumenting class 'net.bytebuddy.utility.privilege.GetSystemPropertyAction'.
2024-11-12 13:41:21,695 INFO  MethodCallReplacementClassAdapter - Adding mock interface to class net/bytebuddy/utility/privilege/GetSystemPropertyAction
2024-11-12 13:41:21,695 INFO  CreateClassResetClassAdapter - Creating brand-new static initializer in class net/bytebuddy/utility/privilege/GetSystemPropertyAction
2024-11-12 13:41:21,695 INFO  EvoClassLoader - Defined package (3): package net.bytebuddy.utility.privilege, -1580726098
2024-11-12 13:41:21,696 INFO  EvoClassLoader - Keeping class: net.bytebuddy.utility.privilege.GetSystemPropertyAction
2024-11-12 13:41:21,696 INFO  EvoClassLoader - Seeing class for first time: net.bytebuddy.description.type.TypeDescription$AbstractBase
2024-11-12 13:41:21,696 INFO  EvoClassLoader - Instrumenting class 'net.bytebuddy.description.type.TypeDescription$AbstractBase'.
2024-11-12 13:41:21,696 INFO  MethodCallReplacementClassAdapter - Adding mock interface to class net/bytebuddy/description/type/TypeDescription$AbstractBase
2024-11-12 13:41:21,701 INFO  CreateClassResetClassAdapter - Found static initializer in class net/bytebuddy/description/type/TypeDescription$AbstractBase
2024-11-12 13:41:21,702 INFO  EvoClassLoader - Keeping class: net.bytebuddy.description.type.TypeDescription$AbstractBase
2024-11-12 13:41:21,702 INFO  EvoClassLoader - Seeing class for first time: net.bytebuddy.description.type.TypeDescription$SuperTypeLoading
2024-11-12 13:41:21,702 INFO  EvoClassLoader - Instrumenting class 'net.bytebuddy.description.type.TypeDescription$SuperTypeLoading'.
2024-11-12 13:41:21,702 INFO  MethodCallReplacementClassAdapter - Adding mock interface to class net/bytebuddy/description/type/TypeDescription$SuperTypeLoading
2024-11-12 13:41:21,704 INFO  CreateClassResetClassAdapter - Creating brand-new static initializer in class net/bytebuddy/description/type/TypeDescription$SuperTypeLoading
2024-11-12 13:41:21,704 INFO  EvoClassLoader - Keeping class: net.bytebuddy.description.type.TypeDescription$SuperTypeLoading
2024-11-12 13:41:21,704 INFO  EvoClassLoader - Seeing class for first time: net.bytebuddy.description.type.TypeDescription$ForPackageDescription
2024-11-12 13:41:21,704 INFO  EvoClassLoader - Instrumenting class 'net.bytebuddy.description.type.TypeDescription$ForPackageDescription'.
2024-11-12 13:41:21,704 INFO  MethodCallReplacementClassAdapter - Adding mock interface to class net/bytebuddy/description/type/TypeDescription$ForPackageDescription
2024-11-12 13:41:21,705 INFO  CreateClassResetClassAdapter - Creating brand-new static initializer in class net/bytebuddy/description/type/TypeDescription$ForPackageDescription
2024-11-12 13:41:21,705 INFO  EvoClassLoader - Seeing class for first time: net.bytebuddy.description.type.TypeDescription$AbstractBase$OfSimpleType
2024-11-12 13:41:21,705 INFO  EvoClassLoader - Instrumenting class 'net.bytebuddy.description.type.TypeDescription$AbstractBase$OfSimpleType'.
2024-11-12 13:41:21,705 INFO  MethodCallReplacementClassAdapter - Adding mock interface to class net/bytebuddy/description/type/TypeDescription$AbstractBase$OfSimpleType
2024-11-12 13:41:21,705 INFO  CreateClassResetClassAdapter - Creating brand-new static initializer in class net/bytebuddy/description/type/TypeDescription$AbstractBase$OfSimpleType
2024-11-12 13:41:21,705 INFO  EvoClassLoader - Keeping class: net.bytebuddy.description.type.TypeDescription$AbstractBase$OfSimpleType
2024-11-12 13:41:21,705 INFO  EvoClassLoader - Keeping class: net.bytebuddy.description.type.TypeDescription$ForPackageDescription
2024-11-12 13:41:21,705 INFO  EvoClassLoader - Seeing class for first time: net.bytebuddy.description.type.TypeDescription$Latent
2024-11-12 13:41:21,705 INFO  EvoClassLoader - Instrumenting class 'net.bytebuddy.description.type.TypeDescription$Latent'.
2024-11-12 13:41:21,706 INFO  MethodCallReplacementClassAdapter - Adding mock interface to class net/bytebuddy/description/type/TypeDescription$Latent
2024-11-12 13:41:21,706 INFO  CreateClassResetClassAdapter - Creating brand-new static initializer in class net/bytebuddy/description/type/TypeDescription$Latent
2024-11-12 13:41:21,707 INFO  EvoClassLoader - Keeping class: net.bytebuddy.description.type.TypeDescription$Latent
2024-11-12 13:41:21,707 INFO  EvoClassLoader - Seeing class for first time: net.bytebuddy.description.type.TypeDescription$ArrayProjection
2024-11-12 13:41:21,707 INFO  EvoClassLoader - Instrumenting class 'net.bytebuddy.description.type.TypeDescription$ArrayProjection'.
2024-11-12 13:41:21,707 INFO  MethodCallReplacementClassAdapter - Adding mock interface to class net/bytebuddy/description/type/TypeDescription$ArrayProjection
2024-11-12 13:41:21,708 INFO  CreateClassResetClassAdapter - Creating brand-new static initializer in class net/bytebuddy/description/type/TypeDescription$ArrayProjection
2024-11-12 13:41:21,708 INFO  CreateClassResetClassAdapter - Adding bytecode for initializing field ARRAY_IMPLIED
2024-11-12 13:41:21,708 INFO  CreateClassResetClassAdapter - Adding bytecode for initializing field ARRAY_EXCLUDED
2024-11-12 13:41:21,709 INFO  EvoClassLoader - Keeping class: net.bytebuddy.description.type.TypeDescription$ArrayProjection
2024-11-12 13:41:21,709 INFO  EvoClassLoader - Seeing class for first time: net.bytebuddy.description.type.TypeDescription$ForLoadedType
2024-11-12 13:41:21,709 INFO  EvoClassLoader - Instrumenting class 'net.bytebuddy.description.type.TypeDescription$ForLoadedType'.
2024-11-12 13:41:21,709 INFO  MethodCallReplacementClassAdapter - Adding mock interface to class net/bytebuddy/description/type/TypeDescription$ForLoadedType
2024-11-12 13:41:21,713 INFO  CreateClassResetClassAdapter - Found static initializer in class net/bytebuddy/description/type/TypeDescription$ForLoadedType
2024-11-12 13:41:21,714 INFO  EvoClassLoader - Keeping class: net.bytebuddy.description.type.TypeDescription$ForLoadedType
2024-11-12 13:41:21,714 INFO  EvoClassLoader - Seeing class for first time: net.bytebuddy.description.type.TypeList$Generic
2024-11-12 13:41:21,714 INFO  EvoClassLoader - Instrumenting class 'net.bytebuddy.description.type.TypeList$Generic'.
2024-11-12 13:41:21,714 INFO  EvoClassLoader - Seeing class for first time: net.bytebuddy.matcher.FilterableList
2024-11-12 13:41:21,714 INFO  EvoClassLoader - Instrumenting class 'net.bytebuddy.matcher.FilterableList'.
2024-11-12 13:41:21,715 INFO  EvoClassLoader - Keeping class: net.bytebuddy.matcher.FilterableList
2024-11-12 13:41:21,715 INFO  EvoClassLoader - Keeping class: net.bytebuddy.description.type.TypeList$Generic
2024-11-12 13:41:21,715 INFO  EvoClassLoader - Seeing class for first time: net.bytebuddy.description.annotation.AnnotationList
2024-11-12 13:41:21,715 INFO  EvoClassLoader - Instrumenting class 'net.bytebuddy.description.annotation.AnnotationList'.
2024-11-12 13:41:21,716 INFO  EvoClassLoader - Keeping class: net.bytebuddy.description.annotation.AnnotationList
2024-11-12 13:41:21,716 INFO  EvoClassLoader - Seeing class for first time: net.bytebuddy.description.type.TypeDescription$Generic$Visitor
2024-11-12 13:41:21,716 INFO  EvoClassLoader - Instrumenting class 'net.bytebuddy.description.type.TypeDescription$Generic$Visitor'.
2024-11-12 13:41:21,717 INFO  EvoClassLoader - Keeping class: net.bytebuddy.description.type.TypeDescription$Generic$Visitor
2024-11-12 13:41:21,717 INFO  EvoClassLoader - Seeing class for first time: net.bytebuddy.description.TypeVariableSource$Visitor
2024-11-12 13:41:21,717 INFO  EvoClassLoader - Instrumenting class 'net.bytebuddy.description.TypeVariableSource$Visitor'.
2024-11-12 13:41:21,718 INFO  EvoClassLoader - Keeping class: net.bytebuddy.description.TypeVariableSource$Visitor
2024-11-12 13:41:21,718 INFO  EvoClassLoader - Seeing class for first time: net.bytebuddy.description.type.TypeDescription$ForLoadedType$Dispatcher$CreationAction
2024-11-12 13:41:21,718 INFO  EvoClassLoader - Instrumenting class 'net.bytebuddy.description.type.TypeDescription$ForLoadedType$Dispatcher$CreationAction'.
2024-11-12 13:41:21,718 INFO  MethodCallReplacementClassAdapter - Adding mock interface to class net/bytebuddy/description/type/TypeDescription$ForLoadedType$Dispatcher$CreationAction
2024-11-12 13:41:21,719 INFO  CreateClassResetClassAdapter - Found static initializer in class net/bytebuddy/description/type/TypeDescription$ForLoadedType$Dispatcher$CreationAction
2024-11-12 13:41:21,719 INFO  EvoClassLoader - Keeping class: net.bytebuddy.description.type.TypeDescription$ForLoadedType$Dispatcher$CreationAction
2024-11-12 13:41:21,719 INFO  EvoClassLoader - Seeing class for first time: net.bytebuddy.description.type.TypeDescription$ForLoadedType$Dispatcher
2024-11-12 13:41:21,719 INFO  EvoClassLoader - Instrumenting class 'net.bytebuddy.description.type.TypeDescription$ForLoadedType$Dispatcher'.
2024-11-12 13:41:21,720 INFO  EvoClassLoader - Keeping class: net.bytebuddy.description.type.TypeDescription$ForLoadedType$Dispatcher
2024-11-12 13:41:21,720 INFO  EvoClassLoader - Seeing class for first time: net.bytebuddy.description.type.TypeDescription$ForLoadedType$Dispatcher$ForJava11CapableVm
2024-11-12 13:41:21,720 INFO  EvoClassLoader - Instrumenting class 'net.bytebuddy.description.type.TypeDescription$ForLoadedType$Dispatcher$ForJava11CapableVm'.
2024-11-12 13:41:21,720 INFO  MethodCallReplacementClassAdapter - Adding mock interface to class net/bytebuddy/description/type/TypeDescription$ForLoadedType$Dispatcher$ForJava11CapableVm
2024-11-12 13:41:21,721 INFO  CreateClassResetClassAdapter - Creating brand-new static initializer in class net/bytebuddy/description/type/TypeDescription$ForLoadedType$Dispatcher$ForJava11CapableVm
2024-11-12 13:41:21,722 INFO  EvoClassLoader - Keeping class: net.bytebuddy.description.type.TypeDescription$ForLoadedType$Dispatcher$ForJava11CapableVm
2024-11-12 13:41:21,722 INFO  EvoClassLoader - Seeing class for first time: net.bytebuddy.description.type.TypeDescription$ForLoadedType$Dispatcher$ForLegacyVm
2024-11-12 13:41:21,722 INFO  EvoClassLoader - Instrumenting class 'net.bytebuddy.description.type.TypeDescription$ForLoadedType$Dispatcher$ForLegacyVm'.
2024-11-12 13:41:21,722 INFO  MethodCallReplacementClassAdapter - Adding mock interface to class net/bytebuddy/description/type/TypeDescription$ForLoadedType$Dispatcher$ForLegacyVm
2024-11-12 13:41:21,722 INFO  CreateClassResetClassAdapter - Found static initializer in class net/bytebuddy/description/type/TypeDescription$ForLoadedType$Dispatcher$ForLegacyVm
2024-11-12 13:41:21,722 INFO  EvoClassLoader - Keeping class: net.bytebuddy.description.type.TypeDescription$ForLoadedType$Dispatcher$ForLegacyVm
2024-11-12 13:41:21,723 INFO  EvoClassLoader - Seeing class for first time: net.bytebuddy.description.type.TypeList
2024-11-12 13:41:21,723 INFO  EvoClassLoader - Instrumenting class 'net.bytebuddy.description.type.TypeList'.
2024-11-12 13:41:21,724 INFO  EvoClassLoader - Keeping class: net.bytebuddy.description.type.TypeList
2024-11-12 13:41:21,724 INFO  EvoClassLoader - Seeing class for first time: net.bytebuddy.description.method.MethodList
2024-11-12 13:41:21,724 INFO  EvoClassLoader - Instrumenting class 'net.bytebuddy.description.method.MethodList'.
2024-11-12 13:41:21,724 INFO  EvoClassLoader - Keeping class: net.bytebuddy.description.method.MethodList
2024-11-12 13:41:21,725 INFO  EvoClassLoader - Seeing class for first time: net.bytebuddy.description.field.FieldList
2024-11-12 13:41:21,725 INFO  EvoClassLoader - Instrumenting class 'net.bytebuddy.description.field.FieldList'.
2024-11-12 13:41:21,725 INFO  EvoClassLoader - Keeping class: net.bytebuddy.description.field.FieldList
2024-11-12 13:41:21,725 INFO  EvoClassLoader - Seeing class for first time: net.bytebuddy.description.type.PackageDescription
2024-11-12 13:41:21,725 INFO  EvoClassLoader - Instrumenting class 'net.bytebuddy.description.type.PackageDescription'.
2024-11-12 13:41:21,726 INFO  EvoClassLoader - Keeping class: net.bytebuddy.description.type.PackageDescription
2024-11-12 13:41:21,726 INFO  EvoClassLoader - Seeing class for first time: net.bytebuddy.implementation.bytecode.StackSize
2024-11-12 13:41:21,726 INFO  EvoClassLoader - Instrumenting class 'net.bytebuddy.implementation.bytecode.StackSize'.
2024-11-12 13:41:21,726 INFO  MethodCallReplacementClassAdapter - Adding mock interface to class net/bytebuddy/implementation/bytecode/StackSize
2024-11-12 13:41:21,727 INFO  CreateClassResetClassAdapter - Found static initializer in class net/bytebuddy/implementation/bytecode/StackSize
2024-11-12 13:41:21,728 INFO  EvoClassLoader - Keeping class: net.bytebuddy.implementation.bytecode.StackSize
2024-11-12 13:41:21,728 INFO  EvoClassLoader - Seeing class for first time: net.bytebuddy.dynamic.TargetType
2024-11-12 13:41:21,728 INFO  EvoClassLoader - Instrumenting class 'net.bytebuddy.dynamic.TargetType'.
2024-11-12 13:41:21,728 INFO  MethodCallReplacementClassAdapter - Adding mock interface to class net/bytebuddy/dynamic/TargetType
2024-11-12 13:41:21,728 INFO  CreateClassResetClassAdapter - Found static initializer in class net/bytebuddy/dynamic/TargetType
2024-11-12 13:41:21,729 INFO  EvoClassLoader - Keeping class: net.bytebuddy.dynamic.TargetType
2024-11-12 13:41:21,729 INFO  EvoClassLoader - Seeing class for first time: net.bytebuddy.matcher.FilterableList$AbstractBase
2024-11-12 13:41:21,729 INFO  EvoClassLoader - Instrumenting class 'net.bytebuddy.matcher.FilterableList$AbstractBase'.
2024-11-12 13:41:21,729 INFO  MethodCallReplacementClassAdapter - Adding mock interface to class net/bytebuddy/matcher/FilterableList$AbstractBase
2024-11-12 13:41:21,730 INFO  CreateClassResetClassAdapter - Creating brand-new static initializer in class net/bytebuddy/matcher/FilterableList$AbstractBase
2024-11-12 13:41:21,730 INFO  CreateClassResetClassAdapter - Adding bytecode for initializing field ONLY
2024-11-12 13:41:21,730 INFO  EvoClassLoader - Keeping class: net.bytebuddy.matcher.FilterableList$AbstractBase
2024-11-12 13:41:21,731 INFO  EvoClassLoader - Seeing class for first time: net.bytebuddy.description.method.MethodList$AbstractBase
2024-11-12 13:41:21,731 INFO  EvoClassLoader - Instrumenting class 'net.bytebuddy.description.method.MethodList$AbstractBase'.
2024-11-12 13:41:21,731 INFO  MethodCallReplacementClassAdapter - Adding mock interface to class net/bytebuddy/description/method/MethodList$AbstractBase
2024-11-12 13:41:21,731 INFO  CreateClassResetClassAdapter - Creating brand-new static initializer in class net/bytebuddy/description/method/MethodList$AbstractBase
2024-11-12 13:41:21,731 INFO  EvoClassLoader - Keeping class: net.bytebuddy.description.method.MethodList$AbstractBase
2024-11-12 13:41:21,731 INFO  EvoClassLoader - Seeing class for first time: net.bytebuddy.description.method.MethodList$Empty
2024-11-12 13:41:21,731 INFO  EvoClassLoader - Instrumenting class 'net.bytebuddy.description.method.MethodList$Empty'.
2024-11-12 13:41:21,732 INFO  MethodCallReplacementClassAdapter - Adding mock interface to class net/bytebuddy/description/method/MethodList$Empty
2024-11-12 13:41:21,732 INFO  CreateClassResetClassAdapter - Creating brand-new static initializer in class net/bytebuddy/description/method/MethodList$Empty
2024-11-12 13:41:21,732 INFO  EvoClassLoader - Seeing class for first time: net.bytebuddy.matcher.FilterableList$Empty
2024-11-12 13:41:21,732 INFO  EvoClassLoader - Instrumenting class 'net.bytebuddy.matcher.FilterableList$Empty'.
2024-11-12 13:41:21,732 INFO  MethodCallReplacementClassAdapter - Adding mock interface to class net/bytebuddy/matcher/FilterableList$Empty
2024-11-12 13:41:21,733 INFO  CreateClassResetClassAdapter - Creating brand-new static initializer in class net/bytebuddy/matcher/FilterableList$Empty
2024-11-12 13:41:21,733 INFO  EvoClassLoader - Keeping class: net.bytebuddy.matcher.FilterableList$Empty
2024-11-12 13:41:21,733 INFO  EvoClassLoader - Keeping class: net.bytebuddy.description.method.MethodList$Empty
2024-11-12 13:41:21,733 INFO  EvoClassLoader - Seeing class for first time: net.bytebuddy.description.method.MethodList$TypeSubstituting
2024-11-12 13:41:21,733 INFO  EvoClassLoader - Instrumenting class 'net.bytebuddy.description.method.MethodList$TypeSubstituting'.
2024-11-12 13:41:21,733 INFO  MethodCallReplacementClassAdapter - Adding mock interface to class net/bytebuddy/description/method/MethodList$TypeSubstituting
2024-11-12 13:41:21,734 INFO  CreateClassResetClassAdapter - Creating brand-new static initializer in class net/bytebuddy/description/method/MethodList$TypeSubstituting
2024-11-12 13:41:21,734 INFO  EvoClassLoader - Keeping class: net.bytebuddy.description.method.MethodList$TypeSubstituting
2024-11-12 13:41:21,734 INFO  EvoClassLoader - Seeing class for first time: net.bytebuddy.description.method.MethodList$ForTokens
2024-11-12 13:41:21,734 INFO  EvoClassLoader - Instrumenting class 'net.bytebuddy.description.method.MethodList$ForTokens'.
2024-11-12 13:41:21,734 INFO  MethodCallReplacementClassAdapter - Adding mock interface to class net/bytebuddy/description/method/MethodList$ForTokens
2024-11-12 13:41:21,734 INFO  CreateClassResetClassAdapter - Creating brand-new static initializer in class net/bytebuddy/description/method/MethodList$ForTokens
2024-11-12 13:41:21,734 INFO  EvoClassLoader - Keeping class: net.bytebuddy.description.method.MethodList$ForTokens
2024-11-12 13:41:21,734 INFO  EvoClassLoader - Seeing class for first time: net.bytebuddy.description.method.MethodList$Explicit
2024-11-12 13:41:21,734 INFO  EvoClassLoader - Instrumenting class 'net.bytebuddy.description.method.MethodList$Explicit'.
2024-11-12 13:41:21,734 INFO  MethodCallReplacementClassAdapter - Adding mock interface to class net/bytebuddy/description/method/MethodList$Explicit
2024-11-12 13:41:21,734 INFO  CreateClassResetClassAdapter - Creating brand-new static initializer in class net/bytebuddy/description/method/MethodList$Explicit
2024-11-12 13:41:21,734 INFO  EvoClassLoader - Keeping class: net.bytebuddy.description.method.MethodList$Explicit
2024-11-12 13:41:21,734 INFO  EvoClassLoader - Seeing class for first time: net.bytebuddy.description.method.MethodList$ForLoadedMethods
2024-11-12 13:41:21,734 INFO  EvoClassLoader - Instrumenting class 'net.bytebuddy.description.method.MethodList$ForLoadedMethods'.
2024-11-12 13:41:21,734 INFO  MethodCallReplacementClassAdapter - Adding mock interface to class net/bytebuddy/description/method/MethodList$ForLoadedMethods
2024-11-12 13:41:21,736 INFO  CreateClassResetClassAdapter - Creating brand-new static initializer in class net/bytebuddy/description/method/MethodList$ForLoadedMethods
2024-11-12 13:41:21,737 INFO  EvoClassLoader - Keeping class: net.bytebuddy.description.method.MethodList$ForLoadedMethods
2024-11-12 13:41:21,737 INFO  EvoClassLoader - Seeing class for first time: net.bytebuddy.description.ByteCodeElement$Token$TokenList
2024-11-12 13:41:21,737 INFO  EvoClassLoader - Instrumenting class 'net.bytebuddy.description.ByteCodeElement$Token$TokenList'.
2024-11-12 13:41:21,737 INFO  MethodCallReplacementClassAdapter - Adding mock interface to class net/bytebuddy/description/ByteCodeElement$Token$TokenList
2024-11-12 13:41:21,738 INFO  CreateClassResetClassAdapter - Creating brand-new static initializer in class net/bytebuddy/description/ByteCodeElement$Token$TokenList
2024-11-12 13:41:21,738 INFO  EvoClassLoader - Keeping class: net.bytebuddy.description.ByteCodeElement$Token$TokenList
2024-11-12 13:41:21,738 INFO  EvoClassLoader - Seeing class for first time: net.bytebuddy.description.method.MethodDescription$ForLoadedConstructor
2024-11-12 13:41:21,738 INFO  EvoClassLoader - Instrumenting class 'net.bytebuddy.description.method.MethodDescription$ForLoadedConstructor'.
2024-11-12 13:41:21,738 INFO  MethodCallReplacementClassAdapter - Adding mock interface to class net/bytebuddy/description/method/MethodDescription$ForLoadedConstructor
2024-11-12 13:41:21,739 INFO  CreateClassResetClassAdapter - Creating brand-new static initializer in class net/bytebuddy/description/method/MethodDescription$ForLoadedConstructor
2024-11-12 13:41:21,739 INFO  EvoClassLoader - Seeing class for first time: net.bytebuddy.description.method.ParameterDescription$ForLoadedParameter$ParameterAnnotationSource
2024-11-12 13:41:21,739 INFO  EvoClassLoader - Instrumenting class 'net.bytebuddy.description.method.ParameterDescription$ForLoadedParameter$ParameterAnnotationSource'.
2024-11-12 13:41:21,740 INFO  EvoClassLoader - Keeping class: net.bytebuddy.description.method.ParameterDescription$ForLoadedParameter$ParameterAnnotationSource
2024-11-12 13:41:21,740 INFO  EvoClassLoader - Seeing class for first time: net.bytebuddy.description.method.MethodDescription$InDefinedShape$AbstractBase
2024-11-12 13:41:21,740 INFO  EvoClassLoader - Instrumenting class 'net.bytebuddy.description.method.MethodDescription$InDefinedShape$AbstractBase'.
2024-11-12 13:41:21,740 INFO  MethodCallReplacementClassAdapter - Adding mock interface to class net/bytebuddy/description/method/MethodDescription$InDefinedShape$AbstractBase
2024-11-12 13:41:21,740 INFO  CreateClassResetClassAdapter - Creating brand-new static initializer in class net/bytebuddy/description/method/MethodDescription$InDefinedShape$AbstractBase
2024-11-12 13:41:21,740 INFO  EvoClassLoader - Seeing class for first time: net.bytebuddy.description.method.MethodDescription$AbstractBase
2024-11-12 13:41:21,740 INFO  EvoClassLoader - Instrumenting class 'net.bytebuddy.description.method.MethodDescription$AbstractBase'.
2024-11-12 13:41:21,740 INFO  MethodCallReplacementClassAdapter - Adding mock interface to class net/bytebuddy/description/method/MethodDescription$AbstractBase
2024-11-12 13:41:21,741 INFO  CreateClassResetClassAdapter - Creating brand-new static initializer in class net/bytebuddy/description/method/MethodDescription$AbstractBase
2024-11-12 13:41:21,741 INFO  CreateClassResetClassAdapter - Adding bytecode for initializing field SOURCE_MODIFIERS
2024-11-12 13:41:21,742 INFO  EvoClassLoader - Keeping class: net.bytebuddy.description.method.MethodDescription$AbstractBase
2024-11-12 13:41:21,742 INFO  EvoClassLoader - Keeping class: net.bytebuddy.description.method.MethodDescription$InDefinedShape$AbstractBase
2024-11-12 13:41:21,742 INFO  EvoClassLoader - Keeping class: net.bytebuddy.description.method.MethodDescription$ForLoadedConstructor
2024-11-12 13:41:21,742 INFO  EvoClassLoader - Seeing class for first time: net.bytebuddy.description.method.MethodDescription$ForLoadedMethod
2024-11-12 13:41:21,742 INFO  EvoClassLoader - Instrumenting class 'net.bytebuddy.description.method.MethodDescription$ForLoadedMethod'.
2024-11-12 13:41:21,742 INFO  MethodCallReplacementClassAdapter - Adding mock interface to class net/bytebuddy/description/method/MethodDescription$ForLoadedMethod
2024-11-12 13:41:21,743 INFO  CreateClassResetClassAdapter - Creating brand-new static initializer in class net/bytebuddy/description/method/MethodDescription$ForLoadedMethod
2024-11-12 13:41:21,743 INFO  EvoClassLoader - Keeping class: net.bytebuddy.description.method.MethodDescription$ForLoadedMethod
2024-11-12 13:41:21,743 INFO  EvoClassLoader - Seeing class for first time: net.bytebuddy.matcher.NameMatcher
2024-11-12 13:41:21,743 INFO  EvoClassLoader - Instrumenting class 'net.bytebuddy.matcher.NameMatcher'.
2024-11-12 13:41:21,744 INFO  MethodCallReplacementClassAdapter - Adding mock interface to class net/bytebuddy/matcher/NameMatcher
2024-11-12 13:41:21,744 INFO  CreateClassResetClassAdapter - Creating brand-new static initializer in class net/bytebuddy/matcher/NameMatcher
2024-11-12 13:41:21,744 INFO  EvoClassLoader - Keeping class: net.bytebuddy.matcher.NameMatcher
2024-11-12 13:41:21,744 INFO  EvoClassLoader - Seeing class for first time: net.bytebuddy.matcher.StringMatcher
2024-11-12 13:41:21,744 INFO  EvoClassLoader - Instrumenting class 'net.bytebuddy.matcher.StringMatcher'.
2024-11-12 13:41:21,744 INFO  MethodCallReplacementClassAdapter - Adding mock interface to class net/bytebuddy/matcher/StringMatcher
2024-11-12 13:41:21,744 INFO  CreateClassResetClassAdapter - Creating brand-new static initializer in class net/bytebuddy/matcher/StringMatcher
2024-11-12 13:41:21,744 INFO  EvoClassLoader - Keeping class: net.bytebuddy.matcher.StringMatcher
2024-11-12 13:41:21,744 INFO  EvoClassLoader - Seeing class for first time: net.bytebuddy.matcher.StringMatcher$Mode
2024-11-12 13:41:21,744 INFO  EvoClassLoader - Instrumenting class 'net.bytebuddy.matcher.StringMatcher$Mode'.
2024-11-12 13:41:21,745 INFO  MethodCallReplacementClassAdapter - Adding mock interface to class net/bytebuddy/matcher/StringMatcher$Mode
2024-11-12 13:41:21,745 INFO  CreateClassResetClassAdapter - Found static initializer in class net/bytebuddy/matcher/StringMatcher$Mode
2024-11-12 13:41:21,745 INFO  EvoClassLoader - Keeping class: net.bytebuddy.matcher.StringMatcher$Mode
2024-11-12 13:41:21,745 INFO  EvoClassLoader - Seeing class for first time: net.bytebuddy.matcher.StringMatcher$Mode$1
2024-11-12 13:41:21,745 INFO  EvoClassLoader - Instrumenting class 'net.bytebuddy.matcher.StringMatcher$Mode$1'.
2024-11-12 13:41:21,745 INFO  MethodCallReplacementClassAdapter - Adding mock interface to class net/bytebuddy/matcher/StringMatcher$Mode$1
2024-11-12 13:41:21,745 INFO  EvoClassLoader - Keeping class: net.bytebuddy.matcher.StringMatcher$Mode$1
2024-11-12 13:41:21,745 INFO  EvoClassLoader - Seeing class for first time: net.bytebuddy.matcher.StringMatcher$Mode$2
2024-11-12 13:41:21,745 INFO  EvoClassLoader - Instrumenting class 'net.bytebuddy.matcher.StringMatcher$Mode$2'.
2024-11-12 13:41:21,745 INFO  MethodCallReplacementClassAdapter - Adding mock interface to class net/bytebuddy/matcher/StringMatcher$Mode$2
2024-11-12 13:41:21,745 INFO  EvoClassLoader - Keeping class: net.bytebuddy.matcher.StringMatcher$Mode$2
2024-11-12 13:41:21,745 INFO  EvoClassLoader - Seeing class for first time: net.bytebuddy.matcher.StringMatcher$Mode$3
2024-11-12 13:41:21,745 INFO  EvoClassLoader - Instrumenting class 'net.bytebuddy.matcher.StringMatcher$Mode$3'.
2024-11-12 13:41:21,745 INFO  MethodCallReplacementClassAdapter - Adding mock interface to class net/bytebuddy/matcher/StringMatcher$Mode$3
2024-11-12 13:41:21,745 INFO  EvoClassLoader - Keeping class: net.bytebuddy.matcher.StringMatcher$Mode$3
2024-11-12 13:41:21,745 INFO  EvoClassLoader - Seeing class for first time: net.bytebuddy.matcher.StringMatcher$Mode$4
2024-11-12 13:41:21,745 INFO  EvoClassLoader - Instrumenting class 'net.bytebuddy.matcher.StringMatcher$Mode$4'.
2024-11-12 13:41:21,746 INFO  MethodCallReplacementClassAdapter - Adding mock interface to class net/bytebuddy/matcher/StringMatcher$Mode$4
2024-11-12 13:41:21,746 INFO  EvoClassLoader - Keeping class: net.bytebuddy.matcher.StringMatcher$Mode$4
2024-11-12 13:41:21,746 INFO  EvoClassLoader - Seeing class for first time: net.bytebuddy.matcher.StringMatcher$Mode$5
2024-11-12 13:41:21,746 INFO  EvoClassLoader - Instrumenting class 'net.bytebuddy.matcher.StringMatcher$Mode$5'.
2024-11-12 13:41:21,746 INFO  MethodCallReplacementClassAdapter - Adding mock interface to class net/bytebuddy/matcher/StringMatcher$Mode$5
2024-11-12 13:41:21,746 INFO  EvoClassLoader - Keeping class: net.bytebuddy.matcher.StringMatcher$Mode$5
2024-11-12 13:41:21,746 INFO  EvoClassLoader - Seeing class for first time: net.bytebuddy.matcher.StringMatcher$Mode$6
2024-11-12 13:41:21,746 INFO  EvoClassLoader - Instrumenting class 'net.bytebuddy.matcher.StringMatcher$Mode$6'.
2024-11-12 13:41:21,746 INFO  MethodCallReplacementClassAdapter - Adding mock interface to class net/bytebuddy/matcher/StringMatcher$Mode$6
2024-11-12 13:41:21,746 INFO  EvoClassLoader - Keeping class: net.bytebuddy.matcher.StringMatcher$Mode$6
2024-11-12 13:41:21,746 INFO  EvoClassLoader - Seeing class for first time: net.bytebuddy.matcher.StringMatcher$Mode$7
2024-11-12 13:41:21,746 INFO  EvoClassLoader - Instrumenting class 'net.bytebuddy.matcher.StringMatcher$Mode$7'.
2024-11-12 13:41:21,746 INFO  MethodCallReplacementClassAdapter - Adding mock interface to class net/bytebuddy/matcher/StringMatcher$Mode$7
2024-11-12 13:41:21,746 INFO  EvoClassLoader - Keeping class: net.bytebuddy.matcher.StringMatcher$Mode$7
2024-11-12 13:41:21,746 INFO  EvoClassLoader - Seeing class for first time: net.bytebuddy.matcher.StringMatcher$Mode$8
2024-11-12 13:41:21,746 INFO  EvoClassLoader - Instrumenting class 'net.bytebuddy.matcher.StringMatcher$Mode$8'.
2024-11-12 13:41:21,746 INFO  MethodCallReplacementClassAdapter - Adding mock interface to class net/bytebuddy/matcher/StringMatcher$Mode$8
2024-11-12 13:41:21,746 INFO  EvoClassLoader - Keeping class: net.bytebuddy.matcher.StringMatcher$Mode$8
2024-11-12 13:41:21,746 INFO  EvoClassLoader - Seeing class for first time: net.bytebuddy.matcher.StringMatcher$Mode$9
2024-11-12 13:41:21,746 INFO  EvoClassLoader - Instrumenting class 'net.bytebuddy.matcher.StringMatcher$Mode$9'.
2024-11-12 13:41:21,746 INFO  MethodCallReplacementClassAdapter - Adding mock interface to class net/bytebuddy/matcher/StringMatcher$Mode$9
2024-11-12 13:41:21,747 INFO  EvoClassLoader - Keeping class: net.bytebuddy.matcher.StringMatcher$Mode$9
2024-11-12 13:41:21,747 INFO  EvoClassLoader - Seeing class for first time: net.bytebuddy.description.method.MethodDescription$TypeToken
2024-11-12 13:41:21,747 INFO  EvoClassLoader - Instrumenting class 'net.bytebuddy.description.method.MethodDescription$TypeToken'.
2024-11-12 13:41:21,747 INFO  MethodCallReplacementClassAdapter - Adding mock interface to class net/bytebuddy/description/method/MethodDescription$TypeToken
2024-11-12 13:41:21,747 INFO  CreateClassResetClassAdapter - Creating brand-new static initializer in class net/bytebuddy/description/method/MethodDescription$TypeToken
2024-11-12 13:41:21,747 INFO  EvoClassLoader - Keeping class: net.bytebuddy.description.method.MethodDescription$TypeToken
2024-11-12 13:41:21,747 INFO  EvoClassLoader - Seeing class for first time: net.bytebuddy.description.method.MethodDescription$Token
2024-11-12 13:41:21,747 INFO  EvoClassLoader - Instrumenting class 'net.bytebuddy.description.method.MethodDescription$Token'.
2024-11-12 13:41:21,747 INFO  MethodCallReplacementClassAdapter - Adding mock interface to class net/bytebuddy/description/method/MethodDescription$Token
2024-11-12 13:41:21,748 INFO  CreateClassResetClassAdapter - Creating brand-new static initializer in class net/bytebuddy/description/method/MethodDescription$Token
2024-11-12 13:41:21,748 INFO  EvoClassLoader - Seeing class for first time: net.bytebuddy.description.ByteCodeElement$Token
2024-11-12 13:41:21,748 INFO  EvoClassLoader - Instrumenting class 'net.bytebuddy.description.ByteCodeElement$Token'.
2024-11-12 13:41:21,748 INFO  EvoClassLoader - Keeping class: net.bytebuddy.description.ByteCodeElement$Token
2024-11-12 13:41:21,748 INFO  EvoClassLoader - Keeping class: net.bytebuddy.description.method.MethodDescription$Token
2024-11-12 13:41:21,748 INFO  EvoClassLoader - Seeing class for first time: net.bytebuddy.description.method.MethodDescription$TypeSubstituting
2024-11-12 13:41:21,748 INFO  EvoClassLoader - Instrumenting class 'net.bytebuddy.description.method.MethodDescription$TypeSubstituting'.
2024-11-12 13:41:21,748 INFO  MethodCallReplacementClassAdapter - Adding mock interface to class net/bytebuddy/description/method/MethodDescription$TypeSubstituting
2024-11-12 13:41:21,748 INFO  CreateClassResetClassAdapter - Creating brand-new static initializer in class net/bytebuddy/description/method/MethodDescription$TypeSubstituting
2024-11-12 13:41:21,749 INFO  EvoClassLoader - Seeing class for first time: net.bytebuddy.description.method.MethodDescription$InGenericShape
2024-11-12 13:41:21,749 INFO  EvoClassLoader - Instrumenting class 'net.bytebuddy.description.method.MethodDescription$InGenericShape'.
2024-11-12 13:41:21,749 INFO  EvoClassLoader - Keeping class: net.bytebuddy.description.method.MethodDescription$InGenericShape
2024-11-12 13:41:21,749 INFO  EvoClassLoader - Keeping class: net.bytebuddy.description.method.MethodDescription$TypeSubstituting
2024-11-12 13:41:21,749 INFO  EvoClassLoader - Seeing class for first time: net.bytebuddy.description.method.MethodDescription$Latent
2024-11-12 13:41:21,749 INFO  EvoClassLoader - Instrumenting class 'net.bytebuddy.description.method.MethodDescription$Latent'.
2024-11-12 13:41:21,749 INFO  MethodCallReplacementClassAdapter - Adding mock interface to class net/bytebuddy/description/method/MethodDescription$Latent
2024-11-12 13:41:21,749 INFO  CreateClassResetClassAdapter - Creating brand-new static initializer in class net/bytebuddy/description/method/MethodDescription$Latent
2024-11-12 13:41:21,749 INFO  EvoClassLoader - Keeping class: net.bytebuddy.description.method.MethodDescription$Latent
2024-11-12 13:41:21,751 INFO  EvoClassLoader - Seeing class for first time: net.bytebuddy.description.annotation.AnnotationValue
2024-11-12 13:41:21,751 INFO  EvoClassLoader - Instrumenting class 'net.bytebuddy.description.annotation.AnnotationValue'.
2024-11-12 13:41:21,751 INFO  EvoClassLoader - Keeping class: net.bytebuddy.description.annotation.AnnotationValue
2024-11-12 13:41:21,751 INFO  EvoClassLoader - Seeing class for first time: net.bytebuddy.description.enumeration.EnumerationDescription
2024-11-12 13:41:21,751 INFO  EvoClassLoader - Instrumenting class 'net.bytebuddy.description.enumeration.EnumerationDescription'.
2024-11-12 13:41:21,751 INFO  EvoClassLoader - Defined package (3): package net.bytebuddy.description.enumeration, -242486252
2024-11-12 13:41:21,751 INFO  EvoClassLoader - Keeping class: net.bytebuddy.description.enumeration.EnumerationDescription
2024-11-12 13:41:21,752 INFO  EvoClassLoader - Seeing class for first time: net.bytebuddy.description.method.ParameterList
2024-11-12 13:41:21,752 INFO  EvoClassLoader - Instrumenting class 'net.bytebuddy.description.method.ParameterList'.
2024-11-12 13:41:21,752 INFO  EvoClassLoader - Keeping class: net.bytebuddy.description.method.ParameterList
2024-11-12 13:41:21,752 INFO  EvoClassLoader - Seeing class for first time: net.bytebuddy.implementation.bind.annotation.Super$Binder
2024-11-12 13:41:21,752 INFO  EvoClassLoader - Instrumenting class 'net.bytebuddy.implementation.bind.annotation.Super$Binder'.
2024-11-12 13:41:21,753 INFO  MethodCallReplacementClassAdapter - Adding mock interface to class net/bytebuddy/implementation/bind/annotation/Super$Binder
2024-11-12 13:41:21,753 INFO  CreateClassResetClassAdapter - Found static initializer in class net/bytebuddy/implementation/bind/annotation/Super$Binder
2024-11-12 13:41:21,754 INFO  EvoClassLoader - Keeping class: net.bytebuddy.implementation.bind.annotation.Super$Binder
2024-11-12 13:41:21,754 INFO  EvoClassLoader - Seeing class for first time: net.bytebuddy.implementation.bind.annotation.Super
2024-11-12 13:41:21,754 INFO  EvoClassLoader - Instrumenting class 'net.bytebuddy.implementation.bind.annotation.Super'.
2024-11-12 13:41:21,754 INFO  EvoClassLoader - Keeping class: net.bytebuddy.implementation.bind.annotation.Super
2024-11-12 13:41:21,754 INFO  EvoClassLoader - Seeing class for first time: net.bytebuddy.implementation.bind.annotation.Super$Instantiation
2024-11-12 13:41:21,754 INFO  EvoClassLoader - Instrumenting class 'net.bytebuddy.implementation.bind.annotation.Super$Instantiation'.
2024-11-12 13:41:21,754 INFO  MethodCallReplacementClassAdapter - Adding mock interface to class net/bytebuddy/implementation/bind/annotation/Super$Instantiation
2024-11-12 13:41:21,755 INFO  CreateClassResetClassAdapter - Found static initializer in class net/bytebuddy/implementation/bind/annotation/Super$Instantiation
2024-11-12 13:41:21,756 INFO  EvoClassLoader - Keeping class: net.bytebuddy.implementation.bind.annotation.Super$Instantiation
2024-11-12 13:41:21,756 INFO  EvoClassLoader - Seeing class for first time: net.bytebuddy.implementation.bind.annotation.Default$Binder
2024-11-12 13:41:21,756 INFO  EvoClassLoader - Instrumenting class 'net.bytebuddy.implementation.bind.annotation.Default$Binder'.
2024-11-12 13:41:21,757 INFO  MethodCallReplacementClassAdapter - Adding mock interface to class net/bytebuddy/implementation/bind/annotation/Default$Binder
2024-11-12 13:41:21,758 INFO  CreateClassResetClassAdapter - Found static initializer in class net/bytebuddy/implementation/bind/annotation/Default$Binder
2024-11-12 13:41:21,758 INFO  EvoClassLoader - Keeping class: net.bytebuddy.implementation.bind.annotation.Default$Binder
2024-11-12 13:41:21,758 INFO  EvoClassLoader - Seeing class for first time: net.bytebuddy.implementation.bind.annotation.Default
2024-11-12 13:41:21,758 INFO  EvoClassLoader - Instrumenting class 'net.bytebuddy.implementation.bind.annotation.Default'.
2024-11-12 13:41:21,758 INFO  EvoClassLoader - Keeping class: net.bytebuddy.implementation.bind.annotation.Default
2024-11-12 13:41:21,759 INFO  EvoClassLoader - Seeing class for first time: net.bytebuddy.implementation.bind.annotation.SuperCall$Binder
2024-11-12 13:41:21,759 INFO  EvoClassLoader - Instrumenting class 'net.bytebuddy.implementation.bind.annotation.SuperCall$Binder'.
2024-11-12 13:41:21,759 INFO  MethodCallReplacementClassAdapter - Adding mock interface to class net/bytebuddy/implementation/bind/annotation/SuperCall$Binder
2024-11-12 13:41:21,760 INFO  CreateClassResetClassAdapter - Found static initializer in class net/bytebuddy/implementation/bind/annotation/SuperCall$Binder
2024-11-12 13:41:21,761 INFO  EvoClassLoader - Keeping class: net.bytebuddy.implementation.bind.annotation.SuperCall$Binder
2024-11-12 13:41:21,761 INFO  EvoClassLoader - Seeing class for first time: net.bytebuddy.implementation.bind.annotation.SuperCall
2024-11-12 13:41:21,761 INFO  EvoClassLoader - Instrumenting class 'net.bytebuddy.implementation.bind.annotation.SuperCall'.
2024-11-12 13:41:21,761 INFO  EvoClassLoader - Keeping class: net.bytebuddy.implementation.bind.annotation.SuperCall
2024-11-12 13:41:21,761 INFO  EvoClassLoader - Seeing class for first time: net.bytebuddy.implementation.auxiliary.MethodCallProxy$AssignableSignatureCall
2024-11-12 13:41:21,761 INFO  EvoClassLoader - Instrumenting class 'net.bytebuddy.implementation.auxiliary.MethodCallProxy$AssignableSignatureCall'.
2024-11-12 13:41:21,761 INFO  MethodCallReplacementClassAdapter - Adding mock interface to class net/bytebuddy/implementation/auxiliary/MethodCallProxy$AssignableSignatureCall
2024-11-12 13:41:21,761 INFO  CreateClassResetClassAdapter - Creating brand-new static initializer in class net/bytebuddy/implementation/auxiliary/MethodCallProxy$AssignableSignatureCall
2024-11-12 13:41:21,761 INFO  EvoClassLoader - Defined package (3): package net.bytebuddy.implementation.auxiliary, -448976725
2024-11-12 13:41:21,761 INFO  EvoClassLoader - Keeping class: net.bytebuddy.implementation.auxiliary.MethodCallProxy$AssignableSignatureCall
2024-11-12 13:41:21,761 INFO  EvoClassLoader - Seeing class for first time: net.bytebuddy.implementation.bind.annotation.DefaultCall$Binder
2024-11-12 13:41:21,761 INFO  EvoClassLoader - Instrumenting class 'net.bytebuddy.implementation.bind.annotation.DefaultCall$Binder'.
2024-11-12 13:41:21,762 INFO  MethodCallReplacementClassAdapter - Adding mock interface to class net/bytebuddy/implementation/bind/annotation/DefaultCall$Binder
2024-11-12 13:41:21,763 INFO  CreateClassResetClassAdapter - Found static initializer in class net/bytebuddy/implementation/bind/annotation/DefaultCall$Binder
2024-11-12 13:41:21,763 INFO  EvoClassLoader - Keeping class: net.bytebuddy.implementation.bind.annotation.DefaultCall$Binder
2024-11-12 13:41:21,763 INFO  EvoClassLoader - Seeing class for first time: net.bytebuddy.implementation.bind.annotation.DefaultCall
2024-11-12 13:41:21,763 INFO  EvoClassLoader - Instrumenting class 'net.bytebuddy.implementation.bind.annotation.DefaultCall'.
2024-11-12 13:41:21,763 INFO  EvoClassLoader - Keeping class: net.bytebuddy.implementation.bind.annotation.DefaultCall
2024-11-12 13:41:21,763 INFO  EvoClassLoader - Seeing class for first time: net.bytebuddy.implementation.bind.annotation.DefaultCall$Binder$DefaultMethodLocator$Implicit
2024-11-12 13:41:21,763 INFO  EvoClassLoader - Instrumenting class 'net.bytebuddy.implementation.bind.annotation.DefaultCall$Binder$DefaultMethodLocator$Implicit'.
2024-11-12 13:41:21,763 INFO  MethodCallReplacementClassAdapter - Adding mock interface to class net/bytebuddy/implementation/bind/annotation/DefaultCall$Binder$DefaultMethodLocator$Implicit
2024-11-12 13:41:21,763 INFO  CreateClassResetClassAdapter - Found static initializer in class net/bytebuddy/implementation/bind/annotation/DefaultCall$Binder$DefaultMethodLocator$Implicit
2024-11-12 13:41:21,764 INFO  EvoClassLoader - Seeing class for first time: net.bytebuddy.implementation.bind.annotation.DefaultCall$Binder$DefaultMethodLocator
2024-11-12 13:41:21,764 INFO  EvoClassLoader - Instrumenting class 'net.bytebuddy.implementation.bind.annotation.DefaultCall$Binder$DefaultMethodLocator'.
2024-11-12 13:41:21,764 INFO  EvoClassLoader - Keeping class: net.bytebuddy.implementation.bind.annotation.DefaultCall$Binder$DefaultMethodLocator
2024-11-12 13:41:21,764 INFO  EvoClassLoader - Keeping class: net.bytebuddy.implementation.bind.annotation.DefaultCall$Binder$DefaultMethodLocator$Implicit
2024-11-12 13:41:21,764 INFO  EvoClassLoader - Seeing class for first time: net.bytebuddy.implementation.bind.annotation.DefaultCall$Binder$DefaultMethodLocator$Explicit
2024-11-12 13:41:21,764 INFO  EvoClassLoader - Instrumenting class 'net.bytebuddy.implementation.bind.annotation.DefaultCall$Binder$DefaultMethodLocator$Explicit'.
2024-11-12 13:41:21,765 INFO  MethodCallReplacementClassAdapter - Adding mock interface to class net/bytebuddy/implementation/bind/annotation/DefaultCall$Binder$DefaultMethodLocator$Explicit
2024-11-12 13:41:21,765 INFO  CreateClassResetClassAdapter - Creating brand-new static initializer in class net/bytebuddy/implementation/bind/annotation/DefaultCall$Binder$DefaultMethodLocator$Explicit
2024-11-12 13:41:21,766 INFO  EvoClassLoader - Keeping class: net.bytebuddy.implementation.bind.annotation.DefaultCall$Binder$DefaultMethodLocator$Explicit
2024-11-12 13:41:21,766 INFO  EvoClassLoader - Seeing class for first time: net.bytebuddy.implementation.bind.annotation.SuperMethod$Binder
2024-11-12 13:41:21,766 INFO  EvoClassLoader - Instrumenting class 'net.bytebuddy.implementation.bind.annotation.SuperMethod$Binder'.
2024-11-12 13:41:21,767 INFO  MethodCallReplacementClassAdapter - Adding mock interface to class net/bytebuddy/implementation/bind/annotation/SuperMethod$Binder
2024-11-12 13:41:21,768 INFO  CreateClassResetClassAdapter - Found static initializer in class net/bytebuddy/implementation/bind/annotation/SuperMethod$Binder
2024-11-12 13:41:21,768 INFO  EvoClassLoader - Keeping class: net.bytebuddy.implementation.bind.annotation.SuperMethod$Binder
2024-11-12 13:41:21,768 INFO  EvoClassLoader - Seeing class for first time: net.bytebuddy.implementation.bind.annotation.SuperMethod
2024-11-12 13:41:21,768 INFO  EvoClassLoader - Instrumenting class 'net.bytebuddy.implementation.bind.annotation.SuperMethod'.
2024-11-12 13:41:21,768 INFO  EvoClassLoader - Keeping class: net.bytebuddy.implementation.bind.annotation.SuperMethod
2024-11-12 13:41:21,769 INFO  EvoClassLoader - Seeing class for first time: net.bytebuddy.implementation.bind.annotation.DefaultMethod$Binder
2024-11-12 13:41:21,769 INFO  EvoClassLoader - Instrumenting class 'net.bytebuddy.implementation.bind.annotation.DefaultMethod$Binder'.
2024-11-12 13:41:21,769 INFO  MethodCallReplacementClassAdapter - Adding mock interface to class net/bytebuddy/implementation/bind/annotation/DefaultMethod$Binder
2024-11-12 13:41:21,770 INFO  CreateClassResetClassAdapter - Found static initializer in class net/bytebuddy/implementation/bind/annotation/DefaultMethod$Binder
2024-11-12 13:41:21,771 INFO  EvoClassLoader - Keeping class: net.bytebuddy.implementation.bind.annotation.DefaultMethod$Binder
2024-11-12 13:41:21,771 INFO  EvoClassLoader - Seeing class for first time: net.bytebuddy.implementation.bind.annotation.DefaultMethod
2024-11-12 13:41:21,771 INFO  EvoClassLoader - Instrumenting class 'net.bytebuddy.implementation.bind.annotation.DefaultMethod'.
2024-11-12 13:41:21,771 INFO  EvoClassLoader - Keeping class: net.bytebuddy.implementation.bind.annotation.DefaultMethod
2024-11-12 13:41:21,771 INFO  EvoClassLoader - Seeing class for first time: net.bytebuddy.implementation.bind.annotation.DefaultMethod$Binder$MethodLocator$ForImplicitType
2024-11-12 13:41:21,771 INFO  EvoClassLoader - Instrumenting class 'net.bytebuddy.implementation.bind.annotation.DefaultMethod$Binder$MethodLocator$ForImplicitType'.
2024-11-12 13:41:21,771 INFO  MethodCallReplacementClassAdapter - Adding mock interface to class net/bytebuddy/implementation/bind/annotation/DefaultMethod$Binder$MethodLocator$ForImplicitType
2024-11-12 13:41:21,771 INFO  CreateClassResetClassAdapter - Found static initializer in class net/bytebuddy/implementation/bind/annotation/DefaultMethod$Binder$MethodLocator$ForImplicitType
2024-11-12 13:41:21,771 INFO  EvoClassLoader - Seeing class for first time: net.bytebuddy.implementation.bind.annotation.DefaultMethod$Binder$MethodLocator
2024-11-12 13:41:21,771 INFO  EvoClassLoader - Instrumenting class 'net.bytebuddy.implementation.bind.annotation.DefaultMethod$Binder$MethodLocator'.
2024-11-12 13:41:21,772 INFO  EvoClassLoader - Keeping class: net.bytebuddy.implementation.bind.annotation.DefaultMethod$Binder$MethodLocator
2024-11-12 13:41:21,772 INFO  EvoClassLoader - Keeping class: net.bytebuddy.implementation.bind.annotation.DefaultMethod$Binder$MethodLocator$ForImplicitType
2024-11-12 13:41:21,772 INFO  EvoClassLoader - Seeing class for first time: net.bytebuddy.implementation.bind.annotation.DefaultMethod$Binder$MethodLocator$ForExplicitType
2024-11-12 13:41:21,772 INFO  EvoClassLoader - Instrumenting class 'net.bytebuddy.implementation.bind.annotation.DefaultMethod$Binder$MethodLocator$ForExplicitType'.
2024-11-12 13:41:21,772 INFO  MethodCallReplacementClassAdapter - Adding mock interface to class net/bytebuddy/implementation/bind/annotation/DefaultMethod$Binder$MethodLocator$ForExplicitType
2024-11-12 13:41:21,772 INFO  CreateClassResetClassAdapter - Creating brand-new static initializer in class net/bytebuddy/implementation/bind/annotation/DefaultMethod$Binder$MethodLocator$ForExplicitType
2024-11-12 13:41:21,772 INFO  EvoClassLoader - Keeping class: net.bytebuddy.implementation.bind.annotation.DefaultMethod$Binder$MethodLocator$ForExplicitType
2024-11-12 13:41:21,773 INFO  EvoClassLoader - Seeing class for first time: net.bytebuddy.implementation.bind.annotation.TargetMethodAnnotationDrivenBinder$ParameterBinder$ForFieldBinding
2024-11-12 13:41:21,773 INFO  EvoClassLoader - Instrumenting class 'net.bytebuddy.implementation.bind.annotation.TargetMethodAnnotationDrivenBinder$ParameterBinder$ForFieldBinding'.
2024-11-12 13:41:21,773 INFO  MethodCallReplacementClassAdapter - Adding mock interface to class net/bytebuddy/implementation/bind/annotation/TargetMethodAnnotationDrivenBinder$ParameterBinder$ForFieldBinding
2024-11-12 13:41:21,774 INFO  CreateClassResetClassAdapter - Creating brand-new static initializer in class net/bytebuddy/implementation/bind/annotation/TargetMethodAnnotationDrivenBinder$ParameterBinder$ForFieldBinding
2024-11-12 13:41:21,774 INFO  CreateClassResetClassAdapter - Adding bytecode for initializing field BEAN_PROPERTY
2024-11-12 13:41:21,775 INFO  EvoClassLoader - Keeping class: net.bytebuddy.implementation.bind.annotation.TargetMethodAnnotationDrivenBinder$ParameterBinder$ForFieldBinding
2024-11-12 13:41:21,775 INFO  EvoClassLoader - Seeing class for first time: net.bytebuddy.implementation.bind.annotation.TargetMethodAnnotationDrivenBinder
2024-11-12 13:41:21,775 INFO  EvoClassLoader - Instrumenting class 'net.bytebuddy.implementation.bind.annotation.TargetMethodAnnotationDrivenBinder'.
2024-11-12 13:41:21,775 INFO  MethodCallReplacementClassAdapter - Adding mock interface to class net/bytebuddy/implementation/bind/annotation/TargetMethodAnnotationDrivenBinder
2024-11-12 13:41:21,775 INFO  CreateClassResetClassAdapter - Creating brand-new static initializer in class net/bytebuddy/implementation/bind/annotation/TargetMethodAnnotationDrivenBinder
2024-11-12 13:41:21,775 INFO  EvoClassLoader - Keeping class: net.bytebuddy.implementation.bind.annotation.TargetMethodAnnotationDrivenBinder
2024-11-12 13:41:21,776 INFO  EvoClassLoader - Seeing class for first time: net.bytebuddy.dynamic.scaffold.FieldLocator$Resolution
2024-11-12 13:41:21,776 INFO  EvoClassLoader - Instrumenting class 'net.bytebuddy.dynamic.scaffold.FieldLocator$Resolution'.
2024-11-12 13:41:21,776 INFO  EvoClassLoader - Keeping class: net.bytebuddy.dynamic.scaffold.FieldLocator$Resolution
2024-11-12 13:41:21,776 INFO  EvoClassLoader - Seeing class for first time: net.bytebuddy.dynamic.scaffold.FieldLocator$ForClassHierarchy
2024-11-12 13:41:21,776 INFO  EvoClassLoader - Instrumenting class 'net.bytebuddy.dynamic.scaffold.FieldLocator$ForClassHierarchy'.
2024-11-12 13:41:21,776 INFO  MethodCallReplacementClassAdapter - Adding mock interface to class net/bytebuddy/dynamic/scaffold/FieldLocator$ForClassHierarchy
2024-11-12 13:41:21,776 INFO  CreateClassResetClassAdapter - Creating brand-new static initializer in class net/bytebuddy/dynamic/scaffold/FieldLocator$ForClassHierarchy
2024-11-12 13:41:21,777 INFO  EvoClassLoader - Seeing class for first time: net.bytebuddy.dynamic.scaffold.FieldLocator$AbstractBase
2024-11-12 13:41:21,777 INFO  EvoClassLoader - Instrumenting class 'net.bytebuddy.dynamic.scaffold.FieldLocator$AbstractBase'.
2024-11-12 13:41:21,777 INFO  MethodCallReplacementClassAdapter - Adding mock interface to class net/bytebuddy/dynamic/scaffold/FieldLocator$AbstractBase
2024-11-12 13:41:21,778 INFO  CreateClassResetClassAdapter - Creating brand-new static initializer in class net/bytebuddy/dynamic/scaffold/FieldLocator$AbstractBase
2024-11-12 13:41:21,778 INFO  EvoClassLoader - Seeing class for first time: net.bytebuddy.dynamic.scaffold.FieldLocator
2024-11-12 13:41:21,778 INFO  EvoClassLoader - Instrumenting class 'net.bytebuddy.dynamic.scaffold.FieldLocator'.
2024-11-12 13:41:21,778 INFO  EvoClassLoader - Keeping class: net.bytebuddy.dynamic.scaffold.FieldLocator
2024-11-12 13:41:21,778 INFO  EvoClassLoader - Keeping class: net.bytebuddy.dynamic.scaffold.FieldLocator$AbstractBase
2024-11-12 13:41:21,778 INFO  EvoClassLoader - Keeping class: net.bytebuddy.dynamic.scaffold.FieldLocator$ForClassHierarchy
2024-11-12 13:41:21,778 INFO  EvoClassLoader - Seeing class for first time: net.bytebuddy.dynamic.scaffold.FieldLocator$ForExactType
2024-11-12 13:41:21,778 INFO  EvoClassLoader - Instrumenting class 'net.bytebuddy.dynamic.scaffold.FieldLocator$ForExactType'.
2024-11-12 13:41:21,779 INFO  MethodCallReplacementClassAdapter - Adding mock interface to class net/bytebuddy/dynamic/scaffold/FieldLocator$ForExactType
2024-11-12 13:41:21,779 INFO  CreateClassResetClassAdapter - Creating brand-new static initializer in class net/bytebuddy/dynamic/scaffold/FieldLocator$ForExactType
2024-11-12 13:41:21,779 INFO  EvoClassLoader - Keeping class: net.bytebuddy.dynamic.scaffold.FieldLocator$ForExactType
2024-11-12 13:41:21,779 INFO  EvoClassLoader - Seeing class for first time: net.bytebuddy.implementation.bind.annotation.FieldValue$Binder$Delegate
2024-11-12 13:41:21,779 INFO  EvoClassLoader - Instrumenting class 'net.bytebuddy.implementation.bind.annotation.FieldValue$Binder$Delegate'.
2024-11-12 13:41:21,780 INFO  MethodCallReplacementClassAdapter - Adding mock interface to class net/bytebuddy/implementation/bind/annotation/FieldValue$Binder$Delegate
2024-11-12 13:41:21,781 INFO  CreateClassResetClassAdapter - Creating brand-new static initializer in class net/bytebuddy/implementation/bind/annotation/FieldValue$Binder$Delegate
2024-11-12 13:41:21,781 INFO  EvoClassLoader - Keeping class: net.bytebuddy.implementation.bind.annotation.FieldValue$Binder$Delegate
2024-11-12 13:41:21,781 INFO  EvoClassLoader - Seeing class for first time: net.bytebuddy.implementation.bind.annotation.FieldValue$Binder
2024-11-12 13:41:21,781 INFO  EvoClassLoader - Instrumenting class 'net.bytebuddy.implementation.bind.annotation.FieldValue$Binder'.
2024-11-12 13:41:21,782 INFO  MethodCallReplacementClassAdapter - Adding mock interface to class net/bytebuddy/implementation/bind/annotation/FieldValue$Binder
2024-11-12 13:41:21,782 INFO  CreateClassResetClassAdapter - Found static initializer in class net/bytebuddy/implementation/bind/annotation/FieldValue$Binder
2024-11-12 13:41:21,782 INFO  EvoClassLoader - Keeping class: net.bytebuddy.implementation.bind.annotation.FieldValue$Binder
2024-11-12 13:41:21,782 INFO  EvoClassLoader - Seeing class for first time: net.bytebuddy.implementation.bind.annotation.FieldValue
2024-11-12 13:41:21,782 INFO  EvoClassLoader - Instrumenting class 'net.bytebuddy.implementation.bind.annotation.FieldValue'.
2024-11-12 13:41:21,783 INFO  EvoClassLoader - Keeping class: net.bytebuddy.implementation.bind.annotation.FieldValue
2024-11-12 13:41:21,783 INFO  EvoClassLoader - Seeing class for first time: net.bytebuddy.implementation.bytecode.StackManipulation$Trivial
2024-11-12 13:41:21,783 INFO  EvoClassLoader - Instrumenting class 'net.bytebuddy.implementation.bytecode.StackManipulation$Trivial'.
2024-11-12 13:41:21,783 INFO  MethodCallReplacementClassAdapter - Adding mock interface to class net/bytebuddy/implementation/bytecode/StackManipulation$Trivial
2024-11-12 13:41:21,784 INFO  CreateClassResetClassAdapter - Found static initializer in class net/bytebuddy/implementation/bytecode/StackManipulation$Trivial
2024-11-12 13:41:21,784 INFO  EvoClassLoader - Keeping class: net.bytebuddy.implementation.bytecode.StackManipulation$Trivial
2024-11-12 13:41:21,785 INFO  EvoClassLoader - Seeing class for first time: net.bytebuddy.implementation.bind.annotation.StubValue$Binder
2024-11-12 13:41:21,785 INFO  EvoClassLoader - Instrumenting class 'net.bytebuddy.implementation.bind.annotation.StubValue$Binder'.
2024-11-12 13:41:21,785 INFO  MethodCallReplacementClassAdapter - Adding mock interface to class net/bytebuddy/implementation/bind/annotation/StubValue$Binder
2024-11-12 13:41:21,786 INFO  CreateClassResetClassAdapter - Found static initializer in class net/bytebuddy/implementation/bind/annotation/StubValue$Binder
2024-11-12 13:41:21,787 INFO  EvoClassLoader - Keeping class: net.bytebuddy.implementation.bind.annotation.StubValue$Binder
2024-11-12 13:41:21,787 INFO  EvoClassLoader - Seeing class for first time: net.bytebuddy.implementation.bind.annotation.StubValue
2024-11-12 13:41:21,787 INFO  EvoClassLoader - Instrumenting class 'net.bytebuddy.implementation.bind.annotation.StubValue'.
2024-11-12 13:41:21,788 INFO  EvoClassLoader - Keeping class: net.bytebuddy.implementation.bind.annotation.StubValue
2024-11-12 13:41:21,788 INFO  EvoClassLoader - Seeing class for first time: net.bytebuddy.implementation.bind.annotation.Empty$Binder
2024-11-12 13:41:21,788 INFO  EvoClassLoader - Instrumenting class 'net.bytebuddy.implementation.bind.annotation.Empty$Binder'.
2024-11-12 13:41:21,788 INFO  MethodCallReplacementClassAdapter - Adding mock interface to class net/bytebuddy/implementation/bind/annotation/Empty$Binder
2024-11-12 13:41:21,788 INFO  CreateClassResetClassAdapter - Found static initializer in class net/bytebuddy/implementation/bind/annotation/Empty$Binder
2024-11-12 13:41:21,789 INFO  EvoClassLoader - Keeping class: net.bytebuddy.implementation.bind.annotation.Empty$Binder
2024-11-12 13:41:21,789 INFO  EvoClassLoader - Seeing class for first time: net.bytebuddy.implementation.bind.annotation.Empty
2024-11-12 13:41:21,789 INFO  EvoClassLoader - Instrumenting class 'net.bytebuddy.implementation.bind.annotation.Empty'.
2024-11-12 13:41:21,789 INFO  EvoClassLoader - Keeping class: net.bytebuddy.implementation.bind.annotation.Empty
2024-11-12 13:41:21,789 INFO  EvoClassLoader - Seeing class for first time: net.bytebuddy.implementation.bind.MethodDelegationBinder$BindingResolver$Default
2024-11-12 13:41:21,789 INFO  EvoClassLoader - Instrumenting class 'net.bytebuddy.implementation.bind.MethodDelegationBinder$BindingResolver$Default'.
2024-11-12 13:41:21,789 INFO  MethodCallReplacementClassAdapter - Adding mock interface to class net/bytebuddy/implementation/bind/MethodDelegationBinder$BindingResolver$Default
2024-11-12 13:41:21,791 INFO  CreateClassResetClassAdapter - Found static initializer in class net/bytebuddy/implementation/bind/MethodDelegationBinder$BindingResolver$Default
2024-11-12 13:41:21,791 INFO  EvoClassLoader - Keeping class: net.bytebuddy.implementation.bind.MethodDelegationBinder$BindingResolver$Default
2024-11-12 13:41:21,791 INFO  EvoClassLoader - Seeing class for first time: net.bytebuddy.implementation.bind.MethodDelegationBinder$BindingResolver$StreamWriting
2024-11-12 13:41:21,791 INFO  EvoClassLoader - Instrumenting class 'net.bytebuddy.implementation.bind.MethodDelegationBinder$BindingResolver$StreamWriting'.
2024-11-12 13:41:21,791 INFO  MethodCallReplacementClassAdapter - Adding mock interface to class net/bytebuddy/implementation/bind/MethodDelegationBinder$BindingResolver$StreamWriting
2024-11-12 13:41:21,792 INFO  CreateClassResetClassAdapter - Creating brand-new static initializer in class net/bytebuddy/implementation/bind/MethodDelegationBinder$BindingResolver$StreamWriting
2024-11-12 13:41:21,792 INFO  EvoClassLoader - Keeping class: net.bytebuddy.implementation.bind.MethodDelegationBinder$BindingResolver$StreamWriting
2024-11-12 13:41:21,792 INFO  EvoClassLoader - Seeing class for first time: net.bytebuddy.implementation.bind.MethodDelegationBinder$BindingResolver$Unique
2024-11-12 13:41:21,792 INFO  EvoClassLoader - Instrumenting class 'net.bytebuddy.implementation.bind.MethodDelegationBinder$BindingResolver$Unique'.
2024-11-12 13:41:21,792 INFO  MethodCallReplacementClassAdapter - Adding mock interface to class net/bytebuddy/implementation/bind/MethodDelegationBinder$BindingResolver$Unique
2024-11-12 13:41:21,792 INFO  CreateClassResetClassAdapter - Found static initializer in class net/bytebuddy/implementation/bind/MethodDelegationBinder$BindingResolver$Unique
2024-11-12 13:41:21,792 INFO  EvoClassLoader - Keeping class: net.bytebuddy.implementation.bind.MethodDelegationBinder$BindingResolver$Unique
2024-11-12 13:41:21,793 INFO  EvoClassLoader - Seeing class for first time: net.bytebuddy.matcher.ModifierMatcher
2024-11-12 13:41:21,793 INFO  EvoClassLoader - Instrumenting class 'net.bytebuddy.matcher.ModifierMatcher'.
2024-11-12 13:41:21,793 INFO  MethodCallReplacementClassAdapter - Adding mock interface to class net/bytebuddy/matcher/ModifierMatcher
2024-11-12 13:41:21,793 INFO  CreateClassResetClassAdapter - Creating brand-new static initializer in class net/bytebuddy/matcher/ModifierMatcher
2024-11-12 13:41:21,793 INFO  EvoClassLoader - Keeping class: net.bytebuddy.matcher.ModifierMatcher
2024-11-12 13:41:21,793 INFO  EvoClassLoader - Seeing class for first time: net.bytebuddy.matcher.ModifierMatcher$Mode
2024-11-12 13:41:21,793 INFO  EvoClassLoader - Instrumenting class 'net.bytebuddy.matcher.ModifierMatcher$Mode'.
2024-11-12 13:41:21,793 INFO  MethodCallReplacementClassAdapter - Adding mock interface to class net/bytebuddy/matcher/ModifierMatcher$Mode
2024-11-12 13:41:21,793 INFO  CreateClassResetClassAdapter - Found static initializer in class net/bytebuddy/matcher/ModifierMatcher$Mode
2024-11-12 13:41:21,794 INFO  EvoClassLoader - Keeping class: net.bytebuddy.matcher.ModifierMatcher$Mode
2024-11-12 13:41:21,794 INFO  EvoClassLoader - Seeing class for first time: net.bytebuddy.implementation.bind.annotation.TargetMethodAnnotationDrivenBinder$DelegationProcessor
2024-11-12 13:41:21,794 INFO  EvoClassLoader - Instrumenting class 'net.bytebuddy.implementation.bind.annotation.TargetMethodAnnotationDrivenBinder$DelegationProcessor'.
2024-11-12 13:41:21,794 INFO  MethodCallReplacementClassAdapter - Adding mock interface to class net/bytebuddy/implementation/bind/annotation/TargetMethodAnnotationDrivenBinder$DelegationProcessor
2024-11-12 13:41:21,795 INFO  CreateClassResetClassAdapter - Creating brand-new static initializer in class net/bytebuddy/implementation/bind/annotation/TargetMethodAnnotationDrivenBinder$DelegationProcessor
2024-11-12 13:41:21,796 INFO  EvoClassLoader - Keeping class: net.bytebuddy.implementation.bind.annotation.TargetMethodAnnotationDrivenBinder$DelegationProcessor
2024-11-12 13:41:21,796 INFO  EvoClassLoader - Seeing class for first time: net.bytebuddy.implementation.bind.annotation.TargetMethodAnnotationDrivenBinder$DelegationProcessor$Handler
2024-11-12 13:41:21,796 INFO  EvoClassLoader - Instrumenting class 'net.bytebuddy.implementation.bind.annotation.TargetMethodAnnotationDrivenBinder$DelegationProcessor$Handler'.
2024-11-12 13:41:21,796 INFO  EvoClassLoader - Keeping class: net.bytebuddy.implementation.bind.annotation.TargetMethodAnnotationDrivenBinder$DelegationProcessor$Handler
2024-11-12 13:41:21,796 INFO  EvoClassLoader - Seeing class for first time: net.bytebuddy.implementation.bind.annotation.TargetMethodAnnotationDrivenBinder$DelegationProcessor$Handler$Unbound
2024-11-12 13:41:21,796 INFO  EvoClassLoader - Instrumenting class 'net.bytebuddy.implementation.bind.annotation.TargetMethodAnnotationDrivenBinder$DelegationProcessor$Handler$Unbound'.
2024-11-12 13:41:21,796 INFO  MethodCallReplacementClassAdapter - Adding mock interface to class net/bytebuddy/implementation/bind/annotation/TargetMethodAnnotationDrivenBinder$DelegationProcessor$Handler$Unbound
2024-11-12 13:41:21,796 INFO  CreateClassResetClassAdapter - Creating brand-new static initializer in class net/bytebuddy/implementation/bind/annotation/TargetMethodAnnotationDrivenBinder$DelegationProcessor$Handler$Unbound
2024-11-12 13:41:21,796 INFO  EvoClassLoader - Keeping class: net.bytebuddy.implementation.bind.annotation.TargetMethodAnnotationDrivenBinder$DelegationProcessor$Handler$Unbound
2024-11-12 13:41:21,796 INFO  EvoClassLoader - Seeing class for first time: net.bytebuddy.implementation.MethodDelegation$ImplementationDelegate$ForStaticMethod
2024-11-12 13:41:21,796 INFO  EvoClassLoader - Instrumenting class 'net.bytebuddy.implementation.MethodDelegation$ImplementationDelegate$ForStaticMethod'.
2024-11-12 13:41:21,797 INFO  MethodCallReplacementClassAdapter - Adding mock interface to class net/bytebuddy/implementation/MethodDelegation$ImplementationDelegate$ForStaticMethod
2024-11-12 13:41:21,797 INFO  CreateClassResetClassAdapter - Creating brand-new static initializer in class net/bytebuddy/implementation/MethodDelegation$ImplementationDelegate$ForStaticMethod
2024-11-12 13:41:21,797 INFO  EvoClassLoader - Keeping class: net.bytebuddy.implementation.MethodDelegation$ImplementationDelegate$ForStaticMethod
2024-11-12 13:41:21,797 INFO  EvoClassLoader - Seeing class for first time: net.bytebuddy.implementation.MethodDelegation$ImplementationDelegate$ForConstruction
2024-11-12 13:41:21,797 INFO  EvoClassLoader - Instrumenting class 'net.bytebuddy.implementation.MethodDelegation$ImplementationDelegate$ForConstruction'.
2024-11-12 13:41:21,797 INFO  MethodCallReplacementClassAdapter - Adding mock interface to class net/bytebuddy/implementation/MethodDelegation$ImplementationDelegate$ForConstruction
2024-11-12 13:41:21,797 INFO  CreateClassResetClassAdapter - Creating brand-new static initializer in class net/bytebuddy/implementation/MethodDelegation$ImplementationDelegate$ForConstruction
2024-11-12 13:41:21,797 INFO  EvoClassLoader - Keeping class: net.bytebuddy.implementation.MethodDelegation$ImplementationDelegate$ForConstruction
2024-11-12 13:41:21,797 INFO  EvoClassLoader - Seeing class for first time: net.bytebuddy.implementation.MethodDelegation$ImplementationDelegate$ForMethodReturn
2024-11-12 13:41:21,797 INFO  EvoClassLoader - Instrumenting class 'net.bytebuddy.implementation.MethodDelegation$ImplementationDelegate$ForMethodReturn'.
2024-11-12 13:41:21,797 INFO  MethodCallReplacementClassAdapter - Adding mock interface to class net/bytebuddy/implementation/MethodDelegation$ImplementationDelegate$ForMethodReturn
2024-11-12 13:41:21,798 INFO  CreateClassResetClassAdapter - Creating brand-new static initializer in class net/bytebuddy/implementation/MethodDelegation$ImplementationDelegate$ForMethodReturn
2024-11-12 13:41:21,798 INFO  EvoClassLoader - Keeping class: net.bytebuddy.implementation.MethodDelegation$ImplementationDelegate$ForMethodReturn
2024-11-12 13:41:21,798 INFO  EvoClassLoader - Seeing class for first time: net.bytebuddy.implementation.MethodDelegation$ImplementationDelegate$ForField
2024-11-12 13:41:21,798 INFO  EvoClassLoader - Instrumenting class 'net.bytebuddy.implementation.MethodDelegation$ImplementationDelegate$ForField'.
2024-11-12 13:41:21,798 INFO  MethodCallReplacementClassAdapter - Adding mock interface to class net/bytebuddy/implementation/MethodDelegation$ImplementationDelegate$ForField
2024-11-12 13:41:21,799 INFO  CreateClassResetClassAdapter - Creating brand-new static initializer in class net/bytebuddy/implementation/MethodDelegation$ImplementationDelegate$ForField
2024-11-12 13:41:21,799 INFO  EvoClassLoader - Keeping class: net.bytebuddy.implementation.MethodDelegation$ImplementationDelegate$ForField
2024-11-12 13:41:21,799 INFO  EvoClassLoader - Seeing class for first time: net.bytebuddy.implementation.MethodDelegation$ImplementationDelegate$Compiled
2024-11-12 13:41:21,799 INFO  EvoClassLoader - Instrumenting class 'net.bytebuddy.implementation.MethodDelegation$ImplementationDelegate$Compiled'.
2024-11-12 13:41:21,800 INFO  EvoClassLoader - Keeping class: net.bytebuddy.implementation.MethodDelegation$ImplementationDelegate$Compiled
2024-11-12 13:41:21,800 INFO  EvoClassLoader - Seeing class for first time: net.bytebuddy.implementation.bind.annotation.IgnoreForBinding$Verifier
2024-11-12 13:41:21,800 INFO  EvoClassLoader - Instrumenting class 'net.bytebuddy.implementation.bind.annotation.IgnoreForBinding$Verifier'.
2024-11-12 13:41:21,800 INFO  MethodCallReplacementClassAdapter - Adding mock interface to class net/bytebuddy/implementation/bind/annotation/IgnoreForBinding$Verifier
2024-11-12 13:41:21,800 INFO  CreateClassResetClassAdapter - Creating brand-new static initializer in class net/bytebuddy/implementation/bind/annotation/IgnoreForBinding$Verifier
2024-11-12 13:41:21,800 INFO  EvoClassLoader - Keeping class: net.bytebuddy.implementation.bind.annotation.IgnoreForBinding$Verifier
2024-11-12 13:41:21,800 INFO  EvoClassLoader - Seeing class for first time: net.bytebuddy.implementation.bind.annotation.IgnoreForBinding
2024-11-12 13:41:21,800 INFO  EvoClassLoader - Instrumenting class 'net.bytebuddy.implementation.bind.annotation.IgnoreForBinding'.
2024-11-12 13:41:21,800 INFO  EvoClassLoader - Keeping class: net.bytebuddy.implementation.bind.annotation.IgnoreForBinding
2024-11-12 13:41:21,800 INFO  EvoClassLoader - Seeing class for first time: net.bytebuddy.description.annotation.AnnotationList$AbstractBase
2024-11-12 13:41:21,800 INFO  EvoClassLoader - Instrumenting class 'net.bytebuddy.description.annotation.AnnotationList$AbstractBase'.
2024-11-12 13:41:21,800 INFO  MethodCallReplacementClassAdapter - Adding mock interface to class net/bytebuddy/description/annotation/AnnotationList$AbstractBase
2024-11-12 13:41:21,800 INFO  CreateClassResetClassAdapter - Creating brand-new static initializer in class net/bytebuddy/description/annotation/AnnotationList$AbstractBase
2024-11-12 13:41:21,801 INFO  EvoClassLoader - Keeping class: net.bytebuddy.description.annotation.AnnotationList$AbstractBase
2024-11-12 13:41:21,801 INFO  EvoClassLoader - Seeing class for first time: net.bytebuddy.description.annotation.AnnotationList$Empty
2024-11-12 13:41:21,801 INFO  EvoClassLoader - Instrumenting class 'net.bytebuddy.description.annotation.AnnotationList$Empty'.
2024-11-12 13:41:21,801 INFO  MethodCallReplacementClassAdapter - Adding mock interface to class net/bytebuddy/description/annotation/AnnotationList$Empty
2024-11-12 13:41:21,801 INFO  CreateClassResetClassAdapter - Creating brand-new static initializer in class net/bytebuddy/description/annotation/AnnotationList$Empty
2024-11-12 13:41:21,801 INFO  EvoClassLoader - Keeping class: net.bytebuddy.description.annotation.AnnotationList$Empty
2024-11-12 13:41:21,801 INFO  EvoClassLoader - Seeing class for first time: net.bytebuddy.description.annotation.AnnotationList$Explicit
2024-11-12 13:41:21,801 INFO  EvoClassLoader - Instrumenting class 'net.bytebuddy.description.annotation.AnnotationList$Explicit'.
2024-11-12 13:41:21,801 INFO  MethodCallReplacementClassAdapter - Adding mock interface to class net/bytebuddy/description/annotation/AnnotationList$Explicit
2024-11-12 13:41:21,801 INFO  CreateClassResetClassAdapter - Creating brand-new static initializer in class net/bytebuddy/description/annotation/AnnotationList$Explicit
2024-11-12 13:41:21,801 INFO  EvoClassLoader - Keeping class: net.bytebuddy.description.annotation.AnnotationList$Explicit
2024-11-12 13:41:21,801 INFO  EvoClassLoader - Seeing class for first time: net.bytebuddy.description.annotation.AnnotationList$ForLoadedAnnotations
2024-11-12 13:41:21,801 INFO  EvoClassLoader - Instrumenting class 'net.bytebuddy.description.annotation.AnnotationList$ForLoadedAnnotations'.
2024-11-12 13:41:21,801 INFO  MethodCallReplacementClassAdapter - Adding mock interface to class net/bytebuddy/description/annotation/AnnotationList$ForLoadedAnnotations
2024-11-12 13:41:21,802 INFO  CreateClassResetClassAdapter - Creating brand-new static initializer in class net/bytebuddy/description/annotation/AnnotationList$ForLoadedAnnotations
2024-11-12 13:41:21,802 INFO  EvoClassLoader - Keeping class: net.bytebuddy.description.annotation.AnnotationList$ForLoadedAnnotations
2024-11-12 13:41:21,802 INFO  EvoClassLoader - Seeing class for first time: net.bytebuddy.description.annotation.AnnotationDescription$AbstractBase
2024-11-12 13:41:21,802 INFO  EvoClassLoader - Instrumenting class 'net.bytebuddy.description.annotation.AnnotationDescription$AbstractBase'.
2024-11-12 13:41:21,802 INFO  MethodCallReplacementClassAdapter - Adding mock interface to class net/bytebuddy/description/annotation/AnnotationDescription$AbstractBase
2024-11-12 13:41:21,802 INFO  CreateClassResetClassAdapter - Found static initializer in class net/bytebuddy/description/annotation/AnnotationDescription$AbstractBase
2024-11-12 13:41:21,803 INFO  EvoClassLoader - Keeping class: net.bytebuddy.description.annotation.AnnotationDescription$AbstractBase
2024-11-12 13:41:21,803 INFO  EvoClassLoader - Seeing class for first time: net.bytebuddy.description.annotation.AnnotationDescription$Builder
2024-11-12 13:41:21,803 INFO  EvoClassLoader - Instrumenting class 'net.bytebuddy.description.annotation.AnnotationDescription$Builder'.
2024-11-12 13:41:21,803 INFO  MethodCallReplacementClassAdapter - Adding mock interface to class net/bytebuddy/description/annotation/AnnotationDescription$Builder
2024-11-12 13:41:21,805 INFO  CreateClassResetClassAdapter - Creating brand-new static initializer in class net/bytebuddy/description/annotation/AnnotationDescription$Builder
2024-11-12 13:41:21,805 INFO  EvoClassLoader - Keeping class: net.bytebuddy.description.annotation.AnnotationDescription$Builder
2024-11-12 13:41:21,805 INFO  EvoClassLoader - Seeing class for first time: net.bytebuddy.description.annotation.AnnotationDescription$Latent
2024-11-12 13:41:21,805 INFO  EvoClassLoader - Instrumenting class 'net.bytebuddy.description.annotation.AnnotationDescription$Latent'.
2024-11-12 13:41:21,805 INFO  MethodCallReplacementClassAdapter - Adding mock interface to class net/bytebuddy/description/annotation/AnnotationDescription$Latent
2024-11-12 13:41:21,806 INFO  CreateClassResetClassAdapter - Creating brand-new static initializer in class net/bytebuddy/description/annotation/AnnotationDescription$Latent
2024-11-12 13:41:21,806 INFO  EvoClassLoader - Keeping class: net.bytebuddy.description.annotation.AnnotationDescription$Latent
2024-11-12 13:41:21,806 INFO  EvoClassLoader - Seeing class for first time: net.bytebuddy.description.annotation.AnnotationDescription$ForLoadedAnnotation
2024-11-12 13:41:21,806 INFO  EvoClassLoader - Instrumenting class 'net.bytebuddy.description.annotation.AnnotationDescription$ForLoadedAnnotation'.
2024-11-12 13:41:21,806 INFO  MethodCallReplacementClassAdapter - Adding mock interface to class net/bytebuddy/description/annotation/AnnotationDescription$ForLoadedAnnotation
2024-11-12 13:41:21,808 INFO  CreateClassResetClassAdapter - Creating brand-new static initializer in class net/bytebuddy/description/annotation/AnnotationDescription$ForLoadedAnnotation
2024-11-12 13:41:21,808 INFO  EvoClassLoader - Seeing class for first time: net.bytebuddy.description.annotation.AnnotationDescription$AbstractBase$ForPrepared
2024-11-12 13:41:21,808 INFO  EvoClassLoader - Instrumenting class 'net.bytebuddy.description.annotation.AnnotationDescription$AbstractBase$ForPrepared'.
2024-11-12 13:41:21,808 INFO  MethodCallReplacementClassAdapter - Adding mock interface to class net/bytebuddy/description/annotation/AnnotationDescription$AbstractBase$ForPrepared
2024-11-12 13:41:21,809 INFO  CreateClassResetClassAdapter - Creating brand-new static initializer in class net/bytebuddy/description/annotation/AnnotationDescription$AbstractBase$ForPrepared
2024-11-12 13:41:21,809 INFO  EvoClassLoader - Keeping class: net.bytebuddy.description.annotation.AnnotationDescription$AbstractBase$ForPrepared
2024-11-12 13:41:21,809 INFO  EvoClassLoader - Keeping class: net.bytebuddy.description.annotation.AnnotationDescription$ForLoadedAnnotation
2024-11-12 13:41:21,809 INFO  EvoClassLoader - Seeing class for first time: net.bytebuddy.description.type.TypeDefinition$SuperClassIterator
2024-11-12 13:41:21,809 INFO  EvoClassLoader - Instrumenting class 'net.bytebuddy.description.type.TypeDefinition$SuperClassIterator'.
2024-11-12 13:41:21,809 INFO  MethodCallReplacementClassAdapter - Adding mock interface to class net/bytebuddy/description/type/TypeDefinition$SuperClassIterator
2024-11-12 13:41:21,810 INFO  CreateClassResetClassAdapter - Creating brand-new static initializer in class net/bytebuddy/description/type/TypeDefinition$SuperClassIterator
2024-11-12 13:41:21,810 INFO  EvoClassLoader - Keeping class: net.bytebuddy.description.type.TypeDefinition$SuperClassIterator
2024-11-12 13:41:21,810 INFO  EvoClassLoader - Seeing class for first time: net.bytebuddy.description.type.TypeDescription$Generic$AnnotationReader
2024-11-12 13:41:21,810 INFO  EvoClassLoader - Instrumenting class 'net.bytebuddy.description.type.TypeDescription$Generic$AnnotationReader'.
2024-11-12 13:41:21,810 INFO  EvoClassLoader - Keeping class: net.bytebuddy.description.type.TypeDescription$Generic$AnnotationReader
2024-11-12 13:41:21,810 INFO  EvoClassLoader - Seeing class for first time: net.bytebuddy.description.type.TypeDescription$Generic$AnnotationReader$NoOp
2024-11-12 13:41:21,810 INFO  EvoClassLoader - Instrumenting class 'net.bytebuddy.description.type.TypeDescription$Generic$AnnotationReader$NoOp'.
2024-11-12 13:41:21,810 INFO  MethodCallReplacementClassAdapter - Adding mock interface to class net/bytebuddy/description/type/TypeDescription$Generic$AnnotationReader$NoOp
2024-11-12 13:41:21,811 INFO  CreateClassResetClassAdapter - Found static initializer in class net/bytebuddy/description/type/TypeDescription$Generic$AnnotationReader$NoOp
2024-11-12 13:41:21,811 INFO  EvoClassLoader - Keeping class: net.bytebuddy.description.type.TypeDescription$Generic$AnnotationReader$NoOp
2024-11-12 13:41:21,811 INFO  EvoClassLoader - Seeing class for first time: net.bytebuddy.description.type.TypeDescription$Generic$AnnotationReader$ForOwnerType
2024-11-12 13:41:21,811 INFO  EvoClassLoader - Instrumenting class 'net.bytebuddy.description.type.TypeDescription$Generic$AnnotationReader$ForOwnerType'.
2024-11-12 13:41:21,811 INFO  MethodCallReplacementClassAdapter - Adding mock interface to class net/bytebuddy/description/type/TypeDescription$Generic$AnnotationReader$ForOwnerType
2024-11-12 13:41:21,812 INFO  CreateClassResetClassAdapter - Found static initializer in class net/bytebuddy/description/type/TypeDescription$Generic$AnnotationReader$ForOwnerType
2024-11-12 13:41:21,813 INFO  EvoClassLoader - Seeing class for first time: net.bytebuddy.description.type.TypeDescription$Generic$AnnotationReader$Delegator$Chained
2024-11-12 13:41:21,813 INFO  EvoClassLoader - Instrumenting class 'net.bytebuddy.description.type.TypeDescription$Generic$AnnotationReader$Delegator$Chained'.
2024-11-12 13:41:21,813 INFO  MethodCallReplacementClassAdapter - Adding mock interface to class net/bytebuddy/description/type/TypeDescription$Generic$AnnotationReader$Delegator$Chained
2024-11-12 13:41:21,813 INFO  CreateClassResetClassAdapter - Found static initializer in class net/bytebuddy/description/type/TypeDescription$Generic$AnnotationReader$Delegator$Chained
2024-11-12 13:41:21,813 INFO  EvoClassLoader - Seeing class for first time: net.bytebuddy.description.type.TypeDescription$Generic$AnnotationReader$Delegator
2024-11-12 13:41:21,813 INFO  EvoClassLoader - Instrumenting class 'net.bytebuddy.description.type.TypeDescription$Generic$AnnotationReader$Delegator'.
2024-11-12 13:41:21,813 INFO  MethodCallReplacementClassAdapter - Adding mock interface to class net/bytebuddy/description/type/TypeDescription$Generic$AnnotationReader$Delegator
2024-11-12 13:41:21,813 INFO  CreateClassResetClassAdapter - Found static initializer in class net/bytebuddy/description/type/TypeDescription$Generic$AnnotationReader$Delegator
2024-11-12 13:41:21,813 INFO  EvoClassLoader - Keeping class: net.bytebuddy.description.type.TypeDescription$Generic$AnnotationReader$Delegator
2024-11-12 13:41:21,813 INFO  EvoClassLoader - Keeping class: net.bytebuddy.description.type.TypeDescription$Generic$AnnotationReader$Delegator$Chained
2024-11-12 13:41:21,813 INFO  EvoClassLoader - Keeping class: net.bytebuddy.description.type.TypeDescription$Generic$AnnotationReader$ForOwnerType
2024-11-12 13:41:21,813 INFO  EvoClassLoader - Seeing class for first time: net.bytebuddy.description.type.TypeDescription$Generic$AnnotationReader$ForComponentType
2024-11-12 13:41:21,813 INFO  EvoClassLoader - Instrumenting class 'net.bytebuddy.description.type.TypeDescription$Generic$AnnotationReader$ForComponentType'.
2024-11-12 13:41:21,813 INFO  MethodCallReplacementClassAdapter - Adding mock interface to class net/bytebuddy/description/type/TypeDescription$Generic$AnnotationReader$ForComponentType
2024-11-12 13:41:21,814 INFO  CreateClassResetClassAdapter - Found static initializer in class net/bytebuddy/description/type/TypeDescription$Generic$AnnotationReader$ForComponentType
2024-11-12 13:41:21,814 INFO  EvoClassLoader - Keeping class: net.bytebuddy.description.type.TypeDescription$Generic$AnnotationReader$ForComponentType
2024-11-12 13:41:21,814 INFO  EvoClassLoader - Seeing class for first time: net.bytebuddy.description.type.TypeDescription$Generic$AnnotationReader$ForTypeArgument
2024-11-12 13:41:21,814 INFO  EvoClassLoader - Instrumenting class 'net.bytebuddy.description.type.TypeDescription$Generic$AnnotationReader$ForTypeArgument'.
2024-11-12 13:41:21,814 INFO  MethodCallReplacementClassAdapter - Adding mock interface to class net/bytebuddy/description/type/TypeDescription$Generic$AnnotationReader$ForTypeArgument
2024-11-12 13:41:21,815 INFO  CreateClassResetClassAdapter - Found static initializer in class net/bytebuddy/description/type/TypeDescription$Generic$AnnotationReader$ForTypeArgument
2024-11-12 13:41:21,815 INFO  EvoClassLoader - Keeping class: net.bytebuddy.description.type.TypeDescription$Generic$AnnotationReader$ForTypeArgument
2024-11-12 13:41:21,815 INFO  EvoClassLoader - Seeing class for first time: net.bytebuddy.description.type.TypeDescription$Generic$AnnotationReader$ForTypeVariableBoundType
2024-11-12 13:41:21,815 INFO  EvoClassLoader - Instrumenting class 'net.bytebuddy.description.type.TypeDescription$Generic$AnnotationReader$ForTypeVariableBoundType'.
2024-11-12 13:41:21,815 INFO  MethodCallReplacementClassAdapter - Adding mock interface to class net/bytebuddy/description/type/TypeDescription$Generic$AnnotationReader$ForTypeVariableBoundType
2024-11-12 13:41:21,815 INFO  CreateClassResetClassAdapter - Found static initializer in class net/bytebuddy/description/type/TypeDescription$Generic$AnnotationReader$ForTypeVariableBoundType
2024-11-12 13:41:21,816 INFO  EvoClassLoader - Keeping class: net.bytebuddy.description.type.TypeDescription$Generic$AnnotationReader$ForTypeVariableBoundType
2024-11-12 13:41:21,816 INFO  EvoClassLoader - Seeing class for first time: net.bytebuddy.description.type.TypeDescription$Generic$AnnotationReader$ForWildcardLowerBoundType
2024-11-12 13:41:21,816 INFO  EvoClassLoader - Instrumenting class 'net.bytebuddy.description.type.TypeDescription$Generic$AnnotationReader$ForWildcardLowerBoundType'.
2024-11-12 13:41:21,816 INFO  MethodCallReplacementClassAdapter - Adding mock interface to class net/bytebuddy/description/type/TypeDescription$Generic$AnnotationReader$ForWildcardLowerBoundType
2024-11-12 13:41:21,816 INFO  CreateClassResetClassAdapter - Found static initializer in class net/bytebuddy/description/type/TypeDescription$Generic$AnnotationReader$ForWildcardLowerBoundType
2024-11-12 13:41:21,816 INFO  EvoClassLoader - Keeping class: net.bytebuddy.description.type.TypeDescription$Generic$AnnotationReader$ForWildcardLowerBoundType
2024-11-12 13:41:21,816 INFO  EvoClassLoader - Seeing class for first time: net.bytebuddy.description.type.TypeDescription$Generic$AnnotationReader$ForWildcardUpperBoundType
2024-11-12 13:41:21,816 INFO  EvoClassLoader - Instrumenting class 'net.bytebuddy.description.type.TypeDescription$Generic$AnnotationReader$ForWildcardUpperBoundType'.
2024-11-12 13:41:21,817 INFO  MethodCallReplacementClassAdapter - Adding mock interface to class net/bytebuddy/description/type/TypeDescription$Generic$AnnotationReader$ForWildcardUpperBoundType
2024-11-12 13:41:21,817 INFO  CreateClassResetClassAdapter - Found static initializer in class net/bytebuddy/description/type/TypeDescription$Generic$AnnotationReader$ForWildcardUpperBoundType
2024-11-12 13:41:21,817 INFO  EvoClassLoader - Keeping class: net.bytebuddy.description.type.TypeDescription$Generic$AnnotationReader$ForWildcardUpperBoundType
2024-11-12 13:41:21,817 INFO  EvoClassLoader - Seeing class for first time: net.bytebuddy.description.type.TypeDescription$Generic$AbstractBase
2024-11-12 13:41:21,817 INFO  EvoClassLoader - Instrumenting class 'net.bytebuddy.description.type.TypeDescription$Generic$AbstractBase'.
2024-11-12 13:41:21,817 INFO  MethodCallReplacementClassAdapter - Adding mock interface to class net/bytebuddy/description/type/TypeDescription$Generic$AbstractBase
2024-11-12 13:41:21,818 INFO  CreateClassResetClassAdapter - Creating brand-new static initializer in class net/bytebuddy/description/type/TypeDescription$Generic$AbstractBase
2024-11-12 13:41:21,818 INFO  EvoClassLoader - Keeping class: net.bytebuddy.description.type.TypeDescription$Generic$AbstractBase
2024-11-12 13:41:21,818 INFO  EvoClassLoader - Seeing class for first time: net.bytebuddy.description.type.TypeDescription$Generic$Builder
2024-11-12 13:41:21,818 INFO  EvoClassLoader - Instrumenting class 'net.bytebuddy.description.type.TypeDescription$Generic$Builder'.
2024-11-12 13:41:21,818 INFO  MethodCallReplacementClassAdapter - Adding mock interface to class net/bytebuddy/description/type/TypeDescription$Generic$Builder
2024-11-12 13:41:21,819 INFO  CreateClassResetClassAdapter - Found static initializer in class net/bytebuddy/description/type/TypeDescription$Generic$Builder
2024-11-12 13:41:21,820 INFO  EvoClassLoader - Keeping class: net.bytebuddy.description.type.TypeDescription$Generic$Builder
2024-11-12 13:41:21,820 INFO  EvoClassLoader - Seeing class for first time: net.bytebuddy.description.type.TypeDescription$Generic$LazyProjection
2024-11-12 13:41:21,820 INFO  EvoClassLoader - Instrumenting class 'net.bytebuddy.description.type.TypeDescription$Generic$LazyProjection'.
2024-11-12 13:41:21,820 INFO  MethodCallReplacementClassAdapter - Adding mock interface to class net/bytebuddy/description/type/TypeDescription$Generic$LazyProjection
2024-11-12 13:41:21,820 INFO  CreateClassResetClassAdapter - Creating brand-new static initializer in class net/bytebuddy/description/type/TypeDescription$Generic$LazyProjection
2024-11-12 13:41:21,820 INFO  EvoClassLoader - Keeping class: net.bytebuddy.description.type.TypeDescription$Generic$LazyProjection
2024-11-12 13:41:21,820 INFO  EvoClassLoader - Seeing class for first time: net.bytebuddy.description.type.TypeDescription$Generic$OfTypeVariable
2024-11-12 13:41:21,820 INFO  EvoClassLoader - Instrumenting class 'net.bytebuddy.description.type.TypeDescription$Generic$OfTypeVariable'.
2024-11-12 13:41:21,822 INFO  MethodCallReplacementClassAdapter - Adding mock interface to class net/bytebuddy/description/type/TypeDescription$Generic$OfTypeVariable
2024-11-12 13:41:21,823 INFO  CreateClassResetClassAdapter - Creating brand-new static initializer in class net/bytebuddy/description/type/TypeDescription$Generic$OfTypeVariable
2024-11-12 13:41:21,823 INFO  EvoClassLoader - Keeping class: net.bytebuddy.description.type.TypeDescription$Generic$OfTypeVariable
2024-11-12 13:41:21,823 INFO  EvoClassLoader - Seeing class for first time: net.bytebuddy.description.type.TypeDescription$Generic$OfParameterizedType
2024-11-12 13:41:21,823 INFO  EvoClassLoader - Instrumenting class 'net.bytebuddy.description.type.TypeDescription$Generic$OfParameterizedType'.
2024-11-12 13:41:21,823 INFO  MethodCallReplacementClassAdapter - Adding mock interface to class net/bytebuddy/description/type/TypeDescription$Generic$OfParameterizedType
2024-11-12 13:41:21,825 INFO  CreateClassResetClassAdapter - Creating brand-new static initializer in class net/bytebuddy/description/type/TypeDescription$Generic$OfParameterizedType
2024-11-12 13:41:21,826 INFO  EvoClassLoader - Keeping class: net.bytebuddy.description.type.TypeDescription$Generic$OfParameterizedType
2024-11-12 13:41:21,826 INFO  EvoClassLoader - Seeing class for first time: net.bytebuddy.description.type.TypeDescription$Generic$OfWildcardType
2024-11-12 13:41:21,826 INFO  EvoClassLoader - Instrumenting class 'net.bytebuddy.description.type.TypeDescription$Generic$OfWildcardType'.
2024-11-12 13:41:21,826 INFO  MethodCallReplacementClassAdapter - Adding mock interface to class net/bytebuddy/description/type/TypeDescription$Generic$OfWildcardType
2024-11-12 13:41:21,826 INFO  CreateClassResetClassAdapter - Creating brand-new static initializer in class net/bytebuddy/description/type/TypeDescription$Generic$OfWildcardType
2024-11-12 13:41:21,827 INFO  CreateClassResetClassAdapter - Adding bytecode for initializing field SYMBOL
2024-11-12 13:41:21,827 INFO  EvoClassLoader - Keeping class: net.bytebuddy.description.type.TypeDescription$Generic$OfWildcardType
2024-11-12 13:41:21,827 INFO  EvoClassLoader - Seeing class for first time: net.bytebuddy.description.type.TypeDescription$Generic$OfGenericArray
2024-11-12 13:41:21,827 INFO  EvoClassLoader - Instrumenting class 'net.bytebuddy.description.type.TypeDescription$Generic$OfGenericArray'.
2024-11-12 13:41:21,827 INFO  MethodCallReplacementClassAdapter - Adding mock interface to class net/bytebuddy/description/type/TypeDescription$Generic$OfGenericArray
2024-11-12 13:41:21,827 INFO  CreateClassResetClassAdapter - Creating brand-new static initializer in class net/bytebuddy/description/type/TypeDescription$Generic$OfGenericArray
2024-11-12 13:41:21,828 INFO  EvoClassLoader - Keeping class: net.bytebuddy.description.type.TypeDescription$Generic$OfGenericArray
2024-11-12 13:41:21,828 INFO  EvoClassLoader - Seeing class for first time: net.bytebuddy.description.type.TypeDescription$Generic$OfNonGenericType
2024-11-12 13:41:21,828 INFO  EvoClassLoader - Instrumenting class 'net.bytebuddy.description.type.TypeDescription$Generic$OfNonGenericType'.
2024-11-12 13:41:21,828 INFO  MethodCallReplacementClassAdapter - Adding mock interface to class net/bytebuddy/description/type/TypeDescription$Generic$OfNonGenericType
2024-11-12 13:41:21,829 INFO  CreateClassResetClassAdapter - Creating brand-new static initializer in class net/bytebuddy/description/type/TypeDescription$Generic$OfNonGenericType
2024-11-12 13:41:21,829 INFO  EvoClassLoader - Keeping class: net.bytebuddy.description.type.TypeDescription$Generic$OfNonGenericType
2024-11-12 13:41:21,829 INFO  EvoClassLoader - Seeing class for first time: net.bytebuddy.description.type.TypeDescription$Generic$Visitor$NoOp
2024-11-12 13:41:21,829 INFO  EvoClassLoader - Instrumenting class 'net.bytebuddy.description.type.TypeDescription$Generic$Visitor$NoOp'.
2024-11-12 13:41:21,829 INFO  MethodCallReplacementClassAdapter - Adding mock interface to class net/bytebuddy/description/type/TypeDescription$Generic$Visitor$NoOp
2024-11-12 13:41:21,830 INFO  CreateClassResetClassAdapter - Found static initializer in class net/bytebuddy/description/type/TypeDescription$Generic$Visitor$NoOp
2024-11-12 13:41:21,830 INFO  EvoClassLoader - Keeping class: net.bytebuddy.description.type.TypeDescription$Generic$Visitor$NoOp
2024-11-12 13:41:21,830 INFO  EvoClassLoader - Seeing class for first time: net.bytebuddy.description.type.TypeDescription$Generic$Visitor$ForRawType
2024-11-12 13:41:21,830 INFO  EvoClassLoader - Instrumenting class 'net.bytebuddy.description.type.TypeDescription$Generic$Visitor$ForRawType'.
2024-11-12 13:41:21,830 INFO  MethodCallReplacementClassAdapter - Adding mock interface to class net/bytebuddy/description/type/TypeDescription$Generic$Visitor$ForRawType
2024-11-12 13:41:21,830 INFO  CreateClassResetClassAdapter - Creating brand-new static initializer in class net/bytebuddy/description/type/TypeDescription$Generic$Visitor$ForRawType
2024-11-12 13:41:21,830 INFO  EvoClassLoader - Keeping class: net.bytebuddy.description.type.TypeDescription$Generic$Visitor$ForRawType
2024-11-12 13:41:21,831 INFO  EvoClassLoader - Seeing class for first time: net.bytebuddy.description.type.TypeDescription$Generic$OfNonGenericType$ForLoadedType
2024-11-12 13:41:21,831 INFO  EvoClassLoader - Instrumenting class 'net.bytebuddy.description.type.TypeDescription$Generic$OfNonGenericType$ForLoadedType'.
2024-11-12 13:41:21,831 INFO  MethodCallReplacementClassAdapter - Adding mock interface to class net/bytebuddy/description/type/TypeDescription$Generic$OfNonGenericType$ForLoadedType
2024-11-12 13:41:21,832 INFO  CreateClassResetClassAdapter - Found static initializer in class net/bytebuddy/description/type/TypeDescription$Generic$OfNonGenericType$ForLoadedType
2024-11-12 13:41:21,832 INFO  EvoClassLoader - Keeping class: net.bytebuddy.description.type.TypeDescription$Generic$OfNonGenericType$ForLoadedType
2024-11-12 13:41:21,832 INFO  EvoClassLoader - Seeing class for first time: net.bytebuddy.description.type.TypeDescription$Generic$OfNonGenericType$ForReifiedErasure
2024-11-12 13:41:21,832 INFO  EvoClassLoader - Instrumenting class 'net.bytebuddy.description.type.TypeDescription$Generic$OfNonGenericType$ForReifiedErasure'.
2024-11-12 13:41:21,833 INFO  MethodCallReplacementClassAdapter - Adding mock interface to class net/bytebuddy/description/type/TypeDescription$Generic$OfNonGenericType$ForReifiedErasure
2024-11-12 13:41:21,834 INFO  CreateClassResetClassAdapter - Creating brand-new static initializer in class net/bytebuddy/description/type/TypeDescription$Generic$OfNonGenericType$ForReifiedErasure
2024-11-12 13:41:21,834 INFO  EvoClassLoader - Keeping class: net.bytebuddy.description.type.TypeDescription$Generic$OfNonGenericType$ForReifiedErasure
2024-11-12 13:41:21,834 INFO  EvoClassLoader - Seeing class for first time: net.bytebuddy.description.type.TypeDescription$Generic$OfNonGenericType$Latent
2024-11-12 13:41:21,834 INFO  EvoClassLoader - Instrumenting class 'net.bytebuddy.description.type.TypeDescription$Generic$OfNonGenericType$Latent'.
2024-11-12 13:41:21,834 INFO  MethodCallReplacementClassAdapter - Adding mock interface to class net/bytebuddy/description/type/TypeDescription$Generic$OfNonGenericType$Latent
2024-11-12 13:41:21,834 INFO  CreateClassResetClassAdapter - Creating brand-new static initializer in class net/bytebuddy/description/type/TypeDescription$Generic$OfNonGenericType$Latent
2024-11-12 13:41:21,834 INFO  EvoClassLoader - Keeping class: net.bytebuddy.description.type.TypeDescription$Generic$OfNonGenericType$Latent
2024-11-12 13:41:21,835 INFO  EvoClassLoader - Seeing class for first time: net.bytebuddy.description.type.TypeDescription$Generic$OfNonGenericType$ForErasure
2024-11-12 13:41:21,835 INFO  EvoClassLoader - Instrumenting class 'net.bytebuddy.description.type.TypeDescription$Generic$OfNonGenericType$ForErasure'.
2024-11-12 13:41:21,835 INFO  MethodCallReplacementClassAdapter - Adding mock interface to class net/bytebuddy/description/type/TypeDescription$Generic$OfNonGenericType$ForErasure
2024-11-12 13:41:21,835 INFO  CreateClassResetClassAdapter - Creating brand-new static initializer in class net/bytebuddy/description/type/TypeDescription$Generic$OfNonGenericType$ForErasure
2024-11-12 13:41:21,835 INFO  EvoClassLoader - Keeping class: net.bytebuddy.description.type.TypeDescription$Generic$OfNonGenericType$ForErasure
2024-11-12 13:41:21,835 INFO  EvoClassLoader - Seeing class for first time: net.bytebuddy.description.method.ParameterList$AbstractBase
2024-11-12 13:41:21,835 INFO  EvoClassLoader - Instrumenting class 'net.bytebuddy.description.method.ParameterList$AbstractBase'.
2024-11-12 13:41:21,835 INFO  MethodCallReplacementClassAdapter - Adding mock interface to class net/bytebuddy/description/method/ParameterList$AbstractBase
2024-11-12 13:41:21,835 INFO  CreateClassResetClassAdapter - Creating brand-new static initializer in class net/bytebuddy/description/method/ParameterList$AbstractBase
2024-11-12 13:41:21,836 INFO  EvoClassLoader - Keeping class: net.bytebuddy.description.method.ParameterList$AbstractBase
2024-11-12 13:41:21,836 INFO  EvoClassLoader - Seeing class for first time: net.bytebuddy.description.method.ParameterList$Empty
2024-11-12 13:41:21,836 INFO  EvoClassLoader - Instrumenting class 'net.bytebuddy.description.method.ParameterList$Empty'.
2024-11-12 13:41:21,836 INFO  MethodCallReplacementClassAdapter - Adding mock interface to class net/bytebuddy/description/method/ParameterList$Empty
2024-11-12 13:41:21,836 INFO  CreateClassResetClassAdapter - Creating brand-new static initializer in class net/bytebuddy/description/method/ParameterList$Empty
2024-11-12 13:41:21,836 INFO  EvoClassLoader - Keeping class: net.bytebuddy.description.method.ParameterList$Empty
2024-11-12 13:41:21,836 INFO  EvoClassLoader - Seeing class for first time: net.bytebuddy.description.method.ParameterList$TypeSubstituting
2024-11-12 13:41:21,836 INFO  EvoClassLoader - Instrumenting class 'net.bytebuddy.description.method.ParameterList$TypeSubstituting'.
2024-11-12 13:41:21,836 INFO  MethodCallReplacementClassAdapter - Adding mock interface to class net/bytebuddy/description/method/ParameterList$TypeSubstituting
2024-11-12 13:41:21,836 INFO  CreateClassResetClassAdapter - Creating brand-new static initializer in class net/bytebuddy/description/method/ParameterList$TypeSubstituting
2024-11-12 13:41:21,836 INFO  EvoClassLoader - Keeping class: net.bytebuddy.description.method.ParameterList$TypeSubstituting
2024-11-12 13:41:21,836 INFO  EvoClassLoader - Seeing class for first time: net.bytebuddy.description.method.ParameterList$ForTokens
2024-11-12 13:41:21,836 INFO  EvoClassLoader - Instrumenting class 'net.bytebuddy.description.method.ParameterList$ForTokens'.
2024-11-12 13:41:21,836 INFO  MethodCallReplacementClassAdapter - Adding mock interface to class net/bytebuddy/description/method/ParameterList$ForTokens
2024-11-12 13:41:21,837 INFO  CreateClassResetClassAdapter - Creating brand-new static initializer in class net/bytebuddy/description/method/ParameterList$ForTokens
2024-11-12 13:41:21,837 INFO  EvoClassLoader - Keeping class: net.bytebuddy.description.method.ParameterList$ForTokens
2024-11-12 13:41:21,837 INFO  EvoClassLoader - Seeing class for first time: net.bytebuddy.description.method.ParameterList$Explicit
2024-11-12 13:41:21,837 INFO  EvoClassLoader - Instrumenting class 'net.bytebuddy.description.method.ParameterList$Explicit'.
2024-11-12 13:41:21,837 INFO  MethodCallReplacementClassAdapter - Adding mock interface to class net/bytebuddy/description/method/ParameterList$Explicit
2024-11-12 13:41:21,837 INFO  CreateClassResetClassAdapter - Creating brand-new static initializer in class net/bytebuddy/description/method/ParameterList$Explicit
2024-11-12 13:41:21,837 INFO  EvoClassLoader - Keeping class: net.bytebuddy.description.method.ParameterList$Explicit
2024-11-12 13:41:21,837 INFO  EvoClassLoader - Seeing class for first time: net.bytebuddy.description.method.ParameterList$ForLoadedExecutable
2024-11-12 13:41:21,837 INFO  EvoClassLoader - Instrumenting class 'net.bytebuddy.description.method.ParameterList$ForLoadedExecutable'.
2024-11-12 13:41:21,837 INFO  MethodCallReplacementClassAdapter - Adding mock interface to class net/bytebuddy/description/method/ParameterList$ForLoadedExecutable
2024-11-12 13:41:21,837 INFO  CreateClassResetClassAdapter - Found static initializer in class net/bytebuddy/description/method/ParameterList$ForLoadedExecutable
2024-11-12 13:41:21,837 INFO  EvoClassLoader - Keeping class: net.bytebuddy.description.method.ParameterList$ForLoadedExecutable
2024-11-12 13:41:21,838 INFO  EvoClassLoader - Seeing class for first time: net.bytebuddy.description.method.ParameterList$ForLoadedExecutable$Dispatcher$CreationAction
2024-11-12 13:41:21,838 INFO  EvoClassLoader - Instrumenting class 'net.bytebuddy.description.method.ParameterList$ForLoadedExecutable$Dispatcher$CreationAction'.
2024-11-12 13:41:21,838 INFO  MethodCallReplacementClassAdapter - Adding mock interface to class net/bytebuddy/description/method/ParameterList$ForLoadedExecutable$Dispatcher$CreationAction
2024-11-12 13:41:21,838 INFO  CreateClassResetClassAdapter - Found static initializer in class net/bytebuddy/description/method/ParameterList$ForLoadedExecutable$Dispatcher$CreationAction
2024-11-12 13:41:21,838 INFO  EvoClassLoader - Keeping class: net.bytebuddy.description.method.ParameterList$ForLoadedExecutable$Dispatcher$CreationAction
2024-11-12 13:41:21,838 INFO  EvoClassLoader - Seeing class for first time: net.bytebuddy.description.method.ParameterList$ForLoadedExecutable$Dispatcher
2024-11-12 13:41:21,838 INFO  EvoClassLoader - Instrumenting class 'net.bytebuddy.description.method.ParameterList$ForLoadedExecutable$Dispatcher'.
2024-11-12 13:41:21,838 INFO  EvoClassLoader - Keeping class: net.bytebuddy.description.method.ParameterList$ForLoadedExecutable$Dispatcher
2024-11-12 13:41:21,838 INFO  EvoClassLoader - Seeing class for first time: net.bytebuddy.description.method.ParameterList$ForLoadedExecutable$Dispatcher$ForJava8CapableVm
2024-11-12 13:41:21,838 INFO  EvoClassLoader - Instrumenting class 'net.bytebuddy.description.method.ParameterList$ForLoadedExecutable$Dispatcher$ForJava8CapableVm'.
2024-11-12 13:41:21,838 INFO  MethodCallReplacementClassAdapter - Adding mock interface to class net/bytebuddy/description/method/ParameterList$ForLoadedExecutable$Dispatcher$ForJava8CapableVm
2024-11-12 13:41:21,839 INFO  CreateClassResetClassAdapter - Found static initializer in class net/bytebuddy/description/method/ParameterList$ForLoadedExecutable$Dispatcher$ForJava8CapableVm
2024-11-12 13:41:21,839 INFO  EvoClassLoader - Keeping class: net.bytebuddy.description.method.ParameterList$ForLoadedExecutable$Dispatcher$ForJava8CapableVm
2024-11-12 13:41:21,839 INFO  EvoClassLoader - Seeing class for first time: net.bytebuddy.description.method.ParameterList$ForLoadedExecutable$Dispatcher$ForLegacyVm
2024-11-12 13:41:21,839 INFO  EvoClassLoader - Instrumenting class 'net.bytebuddy.description.method.ParameterList$ForLoadedExecutable$Dispatcher$ForLegacyVm'.
2024-11-12 13:41:21,839 INFO  MethodCallReplacementClassAdapter - Adding mock interface to class net/bytebuddy/description/method/ParameterList$ForLoadedExecutable$Dispatcher$ForLegacyVm
2024-11-12 13:41:21,840 INFO  CreateClassResetClassAdapter - Found static initializer in class net/bytebuddy/description/method/ParameterList$ForLoadedExecutable$Dispatcher$ForLegacyVm
2024-11-12 13:41:21,840 INFO  EvoClassLoader - Keeping class: net.bytebuddy.description.method.ParameterList$ForLoadedExecutable$Dispatcher$ForLegacyVm
2024-11-12 13:41:21,840 INFO  EvoClassLoader - Seeing class for first time: net.bytebuddy.description.method.ParameterList$ForLoadedExecutable$OfMethod
2024-11-12 13:41:21,840 INFO  EvoClassLoader - Instrumenting class 'net.bytebuddy.description.method.ParameterList$ForLoadedExecutable$OfMethod'.
2024-11-12 13:41:21,840 INFO  MethodCallReplacementClassAdapter - Adding mock interface to class net/bytebuddy/description/method/ParameterList$ForLoadedExecutable$OfMethod
2024-11-12 13:41:21,840 INFO  CreateClassResetClassAdapter - Creating brand-new static initializer in class net/bytebuddy/description/method/ParameterList$ForLoadedExecutable$OfMethod
2024-11-12 13:41:21,841 INFO  EvoClassLoader - Keeping class: net.bytebuddy.description.method.ParameterList$ForLoadedExecutable$OfMethod
2024-11-12 13:41:21,841 INFO  EvoClassLoader - Seeing class for first time: net.bytebuddy.description.method.ParameterList$ForLoadedExecutable$OfLegacyVmMethod
2024-11-12 13:41:21,841 INFO  EvoClassLoader - Instrumenting class 'net.bytebuddy.description.method.ParameterList$ForLoadedExecutable$OfLegacyVmMethod'.
2024-11-12 13:41:21,841 INFO  MethodCallReplacementClassAdapter - Adding mock interface to class net/bytebuddy/description/method/ParameterList$ForLoadedExecutable$OfLegacyVmMethod
2024-11-12 13:41:21,841 INFO  CreateClassResetClassAdapter - Creating brand-new static initializer in class net/bytebuddy/description/method/ParameterList$ForLoadedExecutable$OfLegacyVmMethod
2024-11-12 13:41:21,841 INFO  EvoClassLoader - Keeping class: net.bytebuddy.description.method.ParameterList$ForLoadedExecutable$OfLegacyVmMethod
2024-11-12 13:41:21,841 INFO  EvoClassLoader - Seeing class for first time: net.bytebuddy.description.method.ParameterList$ForLoadedExecutable$OfLegacyVmConstructor
2024-11-12 13:41:21,841 INFO  EvoClassLoader - Instrumenting class 'net.bytebuddy.description.method.ParameterList$ForLoadedExecutable$OfLegacyVmConstructor'.
2024-11-12 13:41:21,841 INFO  MethodCallReplacementClassAdapter - Adding mock interface to class net/bytebuddy/description/method/ParameterList$ForLoadedExecutable$OfLegacyVmConstructor
2024-11-12 13:41:21,841 INFO  CreateClassResetClassAdapter - Creating brand-new static initializer in class net/bytebuddy/description/method/ParameterList$ForLoadedExecutable$OfLegacyVmConstructor
2024-11-12 13:41:21,841 INFO  EvoClassLoader - Keeping class: net.bytebuddy.description.method.ParameterList$ForLoadedExecutable$OfLegacyVmConstructor
2024-11-12 13:41:21,841 INFO  EvoClassLoader - Seeing class for first time: net.bytebuddy.description.method.ParameterDescription$AbstractBase
2024-11-12 13:41:21,841 INFO  EvoClassLoader - Instrumenting class 'net.bytebuddy.description.method.ParameterDescription$AbstractBase'.
2024-11-12 13:41:21,842 INFO  MethodCallReplacementClassAdapter - Adding mock interface to class net/bytebuddy/description/method/ParameterDescription$AbstractBase
2024-11-12 13:41:21,843 INFO  CreateClassResetClassAdapter - Creating brand-new static initializer in class net/bytebuddy/description/method/ParameterDescription$AbstractBase
2024-11-12 13:41:21,843 INFO  EvoClassLoader - Keeping class: net.bytebuddy.description.method.ParameterDescription$AbstractBase
2024-11-12 13:41:21,843 INFO  EvoClassLoader - Seeing class for first time: net.bytebuddy.description.method.ParameterDescription$Token
2024-11-12 13:41:21,843 INFO  EvoClassLoader - Instrumenting class 'net.bytebuddy.description.method.ParameterDescription$Token'.
2024-11-12 13:41:21,843 INFO  MethodCallReplacementClassAdapter - Adding mock interface to class net/bytebuddy/description/method/ParameterDescription$Token
2024-11-12 13:41:21,844 INFO  CreateClassResetClassAdapter - Found static initializer in class net/bytebuddy/description/method/ParameterDescription$Token
2024-11-12 13:41:21,844 INFO  EvoClassLoader - Keeping class: net.bytebuddy.description.method.ParameterDescription$Token
2024-11-12 13:41:21,844 INFO  EvoClassLoader - Seeing class for first time: net.bytebuddy.description.method.ParameterDescription$TypeSubstituting
2024-11-12 13:41:21,844 INFO  EvoClassLoader - Instrumenting class 'net.bytebuddy.description.method.ParameterDescription$TypeSubstituting'.
2024-11-12 13:41:21,844 INFO  MethodCallReplacementClassAdapter - Adding mock interface to class net/bytebuddy/description/method/ParameterDescription$TypeSubstituting
2024-11-12 13:41:21,845 INFO  CreateClassResetClassAdapter - Creating brand-new static initializer in class net/bytebuddy/description/method/ParameterDescription$TypeSubstituting
2024-11-12 13:41:21,845 INFO  EvoClassLoader - Seeing class for first time: net.bytebuddy.description.method.ParameterDescription$InGenericShape
2024-11-12 13:41:21,845 INFO  EvoClassLoader - Instrumenting class 'net.bytebuddy.description.method.ParameterDescription$InGenericShape'.
2024-11-12 13:41:21,845 INFO  EvoClassLoader - Keeping class: net.bytebuddy.description.method.ParameterDescription$InGenericShape
2024-11-12 13:41:21,846 INFO  EvoClassLoader - Keeping class: net.bytebuddy.description.method.ParameterDescription$TypeSubstituting
2024-11-12 13:41:21,846 INFO  EvoClassLoader - Seeing class for first time: net.bytebuddy.description.method.ParameterDescription$Latent
2024-11-12 13:41:21,846 INFO  EvoClassLoader - Instrumenting class 'net.bytebuddy.description.method.ParameterDescription$Latent'.
2024-11-12 13:41:21,846 INFO  MethodCallReplacementClassAdapter - Adding mock interface to class net/bytebuddy/description/method/ParameterDescription$Latent
2024-11-12 13:41:21,846 INFO  CreateClassResetClassAdapter - Creating brand-new static initializer in class net/bytebuddy/description/method/ParameterDescription$Latent
2024-11-12 13:41:21,846 INFO  EvoClassLoader - Seeing class for first time: net.bytebuddy.description.method.ParameterDescription$InDefinedShape$AbstractBase
2024-11-12 13:41:21,846 INFO  EvoClassLoader - Instrumenting class 'net.bytebuddy.description.method.ParameterDescription$InDefinedShape$AbstractBase'.
2024-11-12 13:41:21,847 INFO  MethodCallReplacementClassAdapter - Adding mock interface to class net/bytebuddy/description/method/ParameterDescription$InDefinedShape$AbstractBase
2024-11-12 13:41:21,847 INFO  CreateClassResetClassAdapter - Creating brand-new static initializer in class net/bytebuddy/description/method/ParameterDescription$InDefinedShape$AbstractBase
2024-11-12 13:41:21,847 INFO  EvoClassLoader - Keeping class: net.bytebuddy.description.method.ParameterDescription$InDefinedShape$AbstractBase
2024-11-12 13:41:21,847 INFO  EvoClassLoader - Keeping class: net.bytebuddy.description.method.ParameterDescription$Latent
2024-11-12 13:41:21,847 INFO  EvoClassLoader - Seeing class for first time: net.bytebuddy.description.method.ParameterDescription$ForLoadedParameter
2024-11-12 13:41:21,847 INFO  EvoClassLoader - Instrumenting class 'net.bytebuddy.description.method.ParameterDescription$ForLoadedParameter'.
2024-11-12 13:41:21,847 INFO  MethodCallReplacementClassAdapter - Adding mock interface to class net/bytebuddy/description/method/ParameterDescription$ForLoadedParameter
2024-11-12 13:41:21,847 INFO  CreateClassResetClassAdapter - Found static initializer in class net/bytebuddy/description/method/ParameterDescription$ForLoadedParameter
2024-11-12 13:41:21,848 INFO  EvoClassLoader - Keeping class: net.bytebuddy.description.method.ParameterDescription$ForLoadedParameter
2024-11-12 13:41:21,848 INFO  EvoClassLoader - Seeing class for first time: net.bytebuddy.description.method.ParameterDescription$ForLoadedParameter$Dispatcher$CreationAction
2024-11-12 13:41:21,848 INFO  EvoClassLoader - Instrumenting class 'net.bytebuddy.description.method.ParameterDescription$ForLoadedParameter$Dispatcher$CreationAction'.
2024-11-12 13:41:21,848 INFO  MethodCallReplacementClassAdapter - Adding mock interface to class net/bytebuddy/description/method/ParameterDescription$ForLoadedParameter$Dispatcher$CreationAction
2024-11-12 13:41:21,849 INFO  CreateClassResetClassAdapter - Found static initializer in class net/bytebuddy/description/method/ParameterDescription$ForLoadedParameter$Dispatcher$CreationAction
2024-11-12 13:41:21,849 INFO  EvoClassLoader - Keeping class: net.bytebuddy.description.method.ParameterDescription$ForLoadedParameter$Dispatcher$CreationAction
2024-11-12 13:41:21,849 INFO  EvoClassLoader - Seeing class for first time: net.bytebuddy.description.method.ParameterDescription$ForLoadedParameter$Dispatcher
2024-11-12 13:41:21,849 INFO  EvoClassLoader - Instrumenting class 'net.bytebuddy.description.method.ParameterDescription$ForLoadedParameter$Dispatcher'.
2024-11-12 13:41:21,849 INFO  EvoClassLoader - Keeping class: net.bytebuddy.description.method.ParameterDescription$ForLoadedParameter$Dispatcher
2024-11-12 13:41:21,849 INFO  EvoClassLoader - Seeing class for first time: net.bytebuddy.description.method.ParameterDescription$ForLoadedParameter$Dispatcher$ForLegacyVm
2024-11-12 13:41:21,849 INFO  EvoClassLoader - Instrumenting class 'net.bytebuddy.description.method.ParameterDescription$ForLoadedParameter$Dispatcher$ForLegacyVm'.
2024-11-12 13:41:21,849 INFO  MethodCallReplacementClassAdapter - Adding mock interface to class net/bytebuddy/description/method/ParameterDescription$ForLoadedParameter$Dispatcher$ForLegacyVm
2024-11-12 13:41:21,850 INFO  CreateClassResetClassAdapter - Found static initializer in class net/bytebuddy/description/method/ParameterDescription$ForLoadedParameter$Dispatcher$ForLegacyVm
2024-11-12 13:41:21,850 INFO  EvoClassLoader - Keeping class: net.bytebuddy.description.method.ParameterDescription$ForLoadedParameter$Dispatcher$ForLegacyVm
2024-11-12 13:41:21,850 INFO  EvoClassLoader - Seeing class for first time: net.bytebuddy.description.method.ParameterDescription$ForLoadedParameter$Dispatcher$ForJava8CapableVm
2024-11-12 13:41:21,850 INFO  EvoClassLoader - Instrumenting class 'net.bytebuddy.description.method.ParameterDescription$ForLoadedParameter$Dispatcher$ForJava8CapableVm'.
2024-11-12 13:41:21,850 INFO  MethodCallReplacementClassAdapter - Adding mock interface to class net/bytebuddy/description/method/ParameterDescription$ForLoadedParameter$Dispatcher$ForJava8CapableVm
2024-11-12 13:41:21,851 INFO  CreateClassResetClassAdapter - Found static initializer in class net/bytebuddy/description/method/ParameterDescription$ForLoadedParameter$Dispatcher$ForJava8CapableVm
2024-11-12 13:41:21,851 INFO  EvoClassLoader - Keeping class: net.bytebuddy.description.method.ParameterDescription$ForLoadedParameter$Dispatcher$ForJava8CapableVm
2024-11-12 13:41:21,852 INFO  EvoClassLoader - Seeing class for first time: net.bytebuddy.description.method.ParameterDescription$ForLoadedParameter$OfMethod
2024-11-12 13:41:21,852 INFO  EvoClassLoader - Instrumenting class 'net.bytebuddy.description.method.ParameterDescription$ForLoadedParameter$OfMethod'.
2024-11-12 13:41:21,852 INFO  MethodCallReplacementClassAdapter - Adding mock interface to class net/bytebuddy/description/method/ParameterDescription$ForLoadedParameter$OfMethod
2024-11-12 13:41:21,852 INFO  CreateClassResetClassAdapter - Creating brand-new static initializer in class net/bytebuddy/description/method/ParameterDescription$ForLoadedParameter$OfMethod
2024-11-12 13:41:21,852 INFO  EvoClassLoader - Keeping class: net.bytebuddy.description.method.ParameterDescription$ForLoadedParameter$OfMethod
2024-11-12 13:41:21,852 INFO  EvoClassLoader - Seeing class for first time: net.bytebuddy.description.method.ParameterDescription$ForLoadedParameter$OfLegacyVmConstructor
2024-11-12 13:41:21,852 INFO  EvoClassLoader - Instrumenting class 'net.bytebuddy.description.method.ParameterDescription$ForLoadedParameter$OfLegacyVmConstructor'.
2024-11-12 13:41:21,853 INFO  MethodCallReplacementClassAdapter - Adding mock interface to class net/bytebuddy/description/method/ParameterDescription$ForLoadedParameter$OfLegacyVmConstructor
2024-11-12 13:41:21,853 INFO  CreateClassResetClassAdapter - Creating brand-new static initializer in class net/bytebuddy/description/method/ParameterDescription$ForLoadedParameter$OfLegacyVmConstructor
2024-11-12 13:41:21,853 INFO  EvoClassLoader - Keeping class: net.bytebuddy.description.method.ParameterDescription$ForLoadedParameter$OfLegacyVmConstructor
2024-11-12 13:41:21,853 INFO  EvoClassLoader - Seeing class for first time: net.bytebuddy.description.method.ParameterDescription$ForLoadedParameter$OfLegacyVmMethod
2024-11-12 13:41:21,853 INFO  EvoClassLoader - Instrumenting class 'net.bytebuddy.description.method.ParameterDescription$ForLoadedParameter$OfLegacyVmMethod'.
2024-11-12 13:41:21,854 INFO  MethodCallReplacementClassAdapter - Adding mock interface to class net/bytebuddy/description/method/ParameterDescription$ForLoadedParameter$OfLegacyVmMethod
2024-11-12 13:41:21,854 INFO  CreateClassResetClassAdapter - Creating brand-new static initializer in class net/bytebuddy/description/method/ParameterDescription$ForLoadedParameter$OfLegacyVmMethod
2024-11-12 13:41:21,854 INFO  EvoClassLoader - Keeping class: net.bytebuddy.description.method.ParameterDescription$ForLoadedParameter$OfLegacyVmMethod
2024-11-12 13:41:21,854 INFO  EvoClassLoader - Seeing class for first time: net.bytebuddy.description.method.ParameterDescription$ForLoadedParameter$OfConstructor
2024-11-12 13:41:21,854 INFO  EvoClassLoader - Instrumenting class 'net.bytebuddy.description.method.ParameterDescription$ForLoadedParameter$OfConstructor'.
2024-11-12 13:41:21,854 INFO  MethodCallReplacementClassAdapter - Adding mock interface to class net/bytebuddy/description/method/ParameterDescription$ForLoadedParameter$OfConstructor
2024-11-12 13:41:21,854 INFO  CreateClassResetClassAdapter - Creating brand-new static initializer in class net/bytebuddy/description/method/ParameterDescription$ForLoadedParameter$OfConstructor
2024-11-12 13:41:21,855 INFO  EvoClassLoader - Keeping class: net.bytebuddy.description.method.ParameterDescription$ForLoadedParameter$OfConstructor
2024-11-12 13:41:21,855 INFO  EvoClassLoader - Seeing class for first time: net.bytebuddy.implementation.bind.annotation.RuntimeType$Verifier
2024-11-12 13:41:21,855 INFO  EvoClassLoader - Instrumenting class 'net.bytebuddy.implementation.bind.annotation.RuntimeType$Verifier'.
2024-11-12 13:41:21,855 INFO  MethodCallReplacementClassAdapter - Adding mock interface to class net/bytebuddy/implementation/bind/annotation/RuntimeType$Verifier
2024-11-12 13:41:21,855 INFO  CreateClassResetClassAdapter - Creating brand-new static initializer in class net/bytebuddy/implementation/bind/annotation/RuntimeType$Verifier
2024-11-12 13:41:21,855 INFO  EvoClassLoader - Keeping class: net.bytebuddy.implementation.bind.annotation.RuntimeType$Verifier
2024-11-12 13:41:21,855 INFO  EvoClassLoader - Seeing class for first time: net.bytebuddy.implementation.bind.annotation.RuntimeType
2024-11-12 13:41:21,855 INFO  EvoClassLoader - Instrumenting class 'net.bytebuddy.implementation.bind.annotation.RuntimeType'.
2024-11-12 13:41:21,855 INFO  EvoClassLoader - Keeping class: net.bytebuddy.implementation.bind.annotation.RuntimeType
2024-11-12 13:41:21,855 INFO  EvoClassLoader - Seeing class for first time: net.bytebuddy.implementation.bind.annotation.AllArguments$Assignment
2024-11-12 13:41:21,855 INFO  EvoClassLoader - Instrumenting class 'net.bytebuddy.implementation.bind.annotation.AllArguments$Assignment'.
2024-11-12 13:41:21,856 INFO  MethodCallReplacementClassAdapter - Adding mock interface to class net/bytebuddy/implementation/bind/annotation/AllArguments$Assignment
2024-11-12 13:41:21,856 INFO  CreateClassResetClassAdapter - Found static initializer in class net/bytebuddy/implementation/bind/annotation/AllArguments$Assignment
2024-11-12 13:41:21,856 INFO  EvoClassLoader - Keeping class: net.bytebuddy.implementation.bind.annotation.AllArguments$Assignment
2024-11-12 13:41:21,856 INFO  EvoClassLoader - Seeing class for first time: net.bytebuddy.implementation.bytecode.assign.Assigner$Refusing
2024-11-12 13:41:21,856 INFO  EvoClassLoader - Instrumenting class 'net.bytebuddy.implementation.bytecode.assign.Assigner$Refusing'.
2024-11-12 13:41:21,857 INFO  MethodCallReplacementClassAdapter - Adding mock interface to class net/bytebuddy/implementation/bytecode/assign/Assigner$Refusing
2024-11-12 13:41:21,857 INFO  CreateClassResetClassAdapter - Found static initializer in class net/bytebuddy/implementation/bytecode/assign/Assigner$Refusing
2024-11-12 13:41:21,857 INFO  EvoClassLoader - Keeping class: net.bytebuddy.implementation.bytecode.assign.Assigner$Refusing
2024-11-12 13:41:21,857 INFO  EvoClassLoader - Seeing class for first time: net.bytebuddy.implementation.bytecode.assign.Assigner$EqualTypesOnly
2024-11-12 13:41:21,857 INFO  EvoClassLoader - Instrumenting class 'net.bytebuddy.implementation.bytecode.assign.Assigner$EqualTypesOnly'.
2024-11-12 13:41:21,857 INFO  MethodCallReplacementClassAdapter - Adding mock interface to class net/bytebuddy/implementation/bytecode/assign/Assigner$EqualTypesOnly
2024-11-12 13:41:21,857 INFO  CreateClassResetClassAdapter - Found static initializer in class net/bytebuddy/implementation/bytecode/assign/Assigner$EqualTypesOnly
2024-11-12 13:41:21,858 INFO  EvoClassLoader - Keeping class: net.bytebuddy.implementation.bytecode.assign.Assigner$EqualTypesOnly
2024-11-12 13:41:21,858 INFO  EvoClassLoader - Seeing class for first time: net.bytebuddy.implementation.bind.annotation.TargetMethodAnnotationDrivenBinder$DelegationProcessor$Handler$Bound
2024-11-12 13:41:21,858 INFO  EvoClassLoader - Instrumenting class 'net.bytebuddy.implementation.bind.annotation.TargetMethodAnnotationDrivenBinder$DelegationProcessor$Handler$Bound'.
2024-11-12 13:41:21,858 INFO  MethodCallReplacementClassAdapter - Adding mock interface to class net/bytebuddy/implementation/bind/annotation/TargetMethodAnnotationDrivenBinder$DelegationProcessor$Handler$Bound
2024-11-12 13:41:21,858 INFO  CreateClassResetClassAdapter - Creating brand-new static initializer in class net/bytebuddy/implementation/bind/annotation/TargetMethodAnnotationDrivenBinder$DelegationProcessor$Handler$Bound
2024-11-12 13:41:21,859 INFO  EvoClassLoader - Keeping class: net.bytebuddy.implementation.bind.annotation.TargetMethodAnnotationDrivenBinder$DelegationProcessor$Handler$Bound
2024-11-12 13:41:21,859 INFO  EvoClassLoader - Seeing class for first time: net.bytebuddy.implementation.bind.annotation.TargetMethodAnnotationDrivenBinder$Record
2024-11-12 13:41:21,859 INFO  EvoClassLoader - Instrumenting class 'net.bytebuddy.implementation.bind.annotation.TargetMethodAnnotationDrivenBinder$Record'.
2024-11-12 13:41:21,859 INFO  MethodCallReplacementClassAdapter - Adding mock interface to class net/bytebuddy/implementation/bind/annotation/TargetMethodAnnotationDrivenBinder$Record
2024-11-12 13:41:21,859 INFO  CreateClassResetClassAdapter - Creating brand-new static initializer in class net/bytebuddy/implementation/bind/annotation/TargetMethodAnnotationDrivenBinder$Record
2024-11-12 13:41:21,860 INFO  EvoClassLoader - Keeping class: net.bytebuddy.implementation.bind.annotation.TargetMethodAnnotationDrivenBinder$Record
2024-11-12 13:41:21,860 INFO  EvoClassLoader - Seeing class for first time: net.bytebuddy.implementation.bind.MethodDelegationBinder$MethodInvoker
2024-11-12 13:41:21,860 INFO  EvoClassLoader - Instrumenting class 'net.bytebuddy.implementation.bind.MethodDelegationBinder$MethodInvoker'.
2024-11-12 13:41:21,860 INFO  EvoClassLoader - Keeping class: net.bytebuddy.implementation.bind.MethodDelegationBinder$MethodInvoker
2024-11-12 13:41:21,860 INFO  EvoClassLoader - Seeing class for first time: net.bytebuddy.implementation.bind.MethodDelegationBinder$TerminationHandler$Default
2024-11-12 13:41:21,860 INFO  EvoClassLoader - Instrumenting class 'net.bytebuddy.implementation.bind.MethodDelegationBinder$TerminationHandler$Default'.
2024-11-12 13:41:21,860 INFO  MethodCallReplacementClassAdapter - Adding mock interface to class net/bytebuddy/implementation/bind/MethodDelegationBinder$TerminationHandler$Default
2024-11-12 13:41:21,860 INFO  CreateClassResetClassAdapter - Found static initializer in class net/bytebuddy/implementation/bind/MethodDelegationBinder$TerminationHandler$Default
2024-11-12 13:41:21,860 INFO  EvoClassLoader - Keeping class: net.bytebuddy.implementation.bind.MethodDelegationBinder$TerminationHandler$Default
2024-11-12 13:41:21,860 INFO  EvoClassLoader - Seeing class for first time: net.bytebuddy.implementation.bind.MethodDelegationBinder$TerminationHandler$Default$1
2024-11-12 13:41:21,860 INFO  EvoClassLoader - Instrumenting class 'net.bytebuddy.implementation.bind.MethodDelegationBinder$TerminationHandler$Default$1'.
2024-11-12 13:41:21,861 INFO  MethodCallReplacementClassAdapter - Adding mock interface to class net/bytebuddy/implementation/bind/MethodDelegationBinder$TerminationHandler$Default$1
2024-11-12 13:41:21,861 INFO  EvoClassLoader - Keeping class: net.bytebuddy.implementation.bind.MethodDelegationBinder$TerminationHandler$Default$1
2024-11-12 13:41:21,861 INFO  EvoClassLoader - Seeing class for first time: net.bytebuddy.implementation.bind.MethodDelegationBinder$TerminationHandler$Default$2
2024-11-12 13:41:21,861 INFO  EvoClassLoader - Instrumenting class 'net.bytebuddy.implementation.bind.MethodDelegationBinder$TerminationHandler$Default$2'.
2024-11-12 13:41:21,861 INFO  MethodCallReplacementClassAdapter - Adding mock interface to class net/bytebuddy/implementation/bind/MethodDelegationBinder$TerminationHandler$Default$2
2024-11-12 13:41:21,861 INFO  EvoClassLoader - Keeping class: net.bytebuddy.implementation.bind.MethodDelegationBinder$TerminationHandler$Default$2
2024-11-12 13:41:21,861 INFO  EvoClassLoader - Seeing class for first time: net.bytebuddy.implementation.bytecode.assign.primitive.VoidAwareAssigner
2024-11-12 13:41:21,861 INFO  EvoClassLoader - Instrumenting class 'net.bytebuddy.implementation.bytecode.assign.primitive.VoidAwareAssigner'.
2024-11-12 13:41:21,862 INFO  MethodCallReplacementClassAdapter - Adding mock interface to class net/bytebuddy/implementation/bytecode/assign/primitive/VoidAwareAssigner
2024-11-12 13:41:21,862 INFO  CreateClassResetClassAdapter - Creating brand-new static initializer in class net/bytebuddy/implementation/bytecode/assign/primitive/VoidAwareAssigner
2024-11-12 13:41:21,862 INFO  EvoClassLoader - Defined package (3): package net.bytebuddy.implementation.bytecode.assign.primitive, -607948186
2024-11-12 13:41:21,862 INFO  EvoClassLoader - Keeping class: net.bytebuddy.implementation.bytecode.assign.primitive.VoidAwareAssigner
2024-11-12 13:41:21,862 INFO  EvoClassLoader - Seeing class for first time: net.bytebuddy.implementation.bytecode.assign.primitive.PrimitiveTypeAwareAssigner
2024-11-12 13:41:21,862 INFO  EvoClassLoader - Instrumenting class 'net.bytebuddy.implementation.bytecode.assign.primitive.PrimitiveTypeAwareAssigner'.
2024-11-12 13:41:21,862 INFO  MethodCallReplacementClassAdapter - Adding mock interface to class net/bytebuddy/implementation/bytecode/assign/primitive/PrimitiveTypeAwareAssigner
2024-11-12 13:41:21,862 INFO  CreateClassResetClassAdapter - Creating brand-new static initializer in class net/bytebuddy/implementation/bytecode/assign/primitive/PrimitiveTypeAwareAssigner
2024-11-12 13:41:21,863 INFO  EvoClassLoader - Keeping class: net.bytebuddy.implementation.bytecode.assign.primitive.PrimitiveTypeAwareAssigner
2024-11-12 13:41:21,863 INFO  EvoClassLoader - Seeing class for first time: net.bytebuddy.implementation.bytecode.assign.reference.ReferenceTypeAwareAssigner
2024-11-12 13:41:21,863 INFO  EvoClassLoader - Instrumenting class 'net.bytebuddy.implementation.bytecode.assign.reference.ReferenceTypeAwareAssigner'.
2024-11-12 13:41:21,863 INFO  MethodCallReplacementClassAdapter - Adding mock interface to class net/bytebuddy/implementation/bytecode/assign/reference/ReferenceTypeAwareAssigner
2024-11-12 13:41:21,864 INFO  CreateClassResetClassAdapter - Found static initializer in class net/bytebuddy/implementation/bytecode/assign/reference/ReferenceTypeAwareAssigner
2024-11-12 13:41:21,864 INFO  EvoClassLoader - Defined package (3): package net.bytebuddy.implementation.bytecode.assign.reference, 301704394
2024-11-12 13:41:21,864 INFO  EvoClassLoader - Keeping class: net.bytebuddy.implementation.bytecode.assign.reference.ReferenceTypeAwareAssigner
2024-11-12 13:41:21,864 INFO  EvoClassLoader - Seeing class for first time: net.bytebuddy.implementation.bytecode.StackManipulation$Illegal
2024-11-12 13:41:21,864 INFO  EvoClassLoader - Instrumenting class 'net.bytebuddy.implementation.bytecode.StackManipulation$Illegal'.
2024-11-12 13:41:21,864 INFO  MethodCallReplacementClassAdapter - Adding mock interface to class net/bytebuddy/implementation/bytecode/StackManipulation$Illegal
2024-11-12 13:41:21,864 INFO  CreateClassResetClassAdapter - Found static initializer in class net/bytebuddy/implementation/bytecode/StackManipulation$Illegal
2024-11-12 13:41:21,865 INFO  EvoClassLoader - Keeping class: net.bytebuddy.implementation.bytecode.StackManipulation$Illegal
2024-11-12 13:41:21,865 INFO  EvoClassLoader - Seeing class for first time: net.bytebuddy.implementation.bind.annotation.Argument$BindingMechanic
2024-11-12 13:41:21,865 INFO  EvoClassLoader - Instrumenting class 'net.bytebuddy.implementation.bind.annotation.Argument$BindingMechanic'.
2024-11-12 13:41:21,865 INFO  MethodCallReplacementClassAdapter - Adding mock interface to class net/bytebuddy/implementation/bind/annotation/Argument$BindingMechanic
2024-11-12 13:41:21,865 INFO  CreateClassResetClassAdapter - Found static initializer in class net/bytebuddy/implementation/bind/annotation/Argument$BindingMechanic
2024-11-12 13:41:21,865 INFO  EvoClassLoader - Keeping class: net.bytebuddy.implementation.bind.annotation.Argument$BindingMechanic
2024-11-12 13:41:21,865 INFO  EvoClassLoader - Seeing class for first time: net.bytebuddy.implementation.bind.annotation.Argument$BindingMechanic$1
2024-11-12 13:41:21,865 INFO  EvoClassLoader - Instrumenting class 'net.bytebuddy.implementation.bind.annotation.Argument$BindingMechanic$1'.
2024-11-12 13:41:21,865 INFO  MethodCallReplacementClassAdapter - Adding mock interface to class net/bytebuddy/implementation/bind/annotation/Argument$BindingMechanic$1
2024-11-12 13:41:21,866 INFO  EvoClassLoader - Keeping class: net.bytebuddy.implementation.bind.annotation.Argument$BindingMechanic$1
2024-11-12 13:41:21,866 INFO  EvoClassLoader - Seeing class for first time: net.bytebuddy.implementation.bind.annotation.Argument$BindingMechanic$2
2024-11-12 13:41:21,866 INFO  EvoClassLoader - Instrumenting class 'net.bytebuddy.implementation.bind.annotation.Argument$BindingMechanic$2'.
2024-11-12 13:41:21,866 INFO  MethodCallReplacementClassAdapter - Adding mock interface to class net/bytebuddy/implementation/bind/annotation/Argument$BindingMechanic$2
2024-11-12 13:41:21,866 INFO  EvoClassLoader - Keeping class: net.bytebuddy.implementation.bind.annotation.Argument$BindingMechanic$2
2024-11-12 13:41:21,866 INFO  EvoClassLoader - Seeing class for first time: net.bytebuddy.ByteBuddy
2024-11-12 13:41:21,866 INFO  EvoClassLoader - Instrumenting class 'net.bytebuddy.ByteBuddy'.
2024-11-12 13:41:21,866 INFO  MethodCallReplacementClassAdapter - Adding mock interface to class net/bytebuddy/ByteBuddy
2024-11-12 13:41:21,868 INFO  CreateClassResetClassAdapter - Creating brand-new static initializer in class net/bytebuddy/ByteBuddy
2024-11-12 13:41:21,868 INFO  CreateClassResetClassAdapter - Adding bytecode for initializing field BYTE_BUDDY_DEFAULT_PREFIX
2024-11-12 13:41:21,868 INFO  CreateClassResetClassAdapter - Adding bytecode for initializing field BYTE_BUDDY_DEFAULT_SUFFIX
2024-11-12 13:41:21,869 INFO  EvoClassLoader - Keeping class: net.bytebuddy.ByteBuddy
2024-11-12 13:41:21,869 INFO  EvoClassLoader - Seeing class for first time: net.bytebuddy.dynamic.scaffold.subclass.ConstructorStrategy
2024-11-12 13:41:21,869 INFO  EvoClassLoader - Instrumenting class 'net.bytebuddy.dynamic.scaffold.subclass.ConstructorStrategy'.
2024-11-12 13:41:21,870 INFO  EvoClassLoader - Defined package (3): package net.bytebuddy.dynamic.scaffold.subclass, -1647218880
2024-11-12 13:41:21,870 INFO  EvoClassLoader - Keeping class: net.bytebuddy.dynamic.scaffold.subclass.ConstructorStrategy
2024-11-12 13:41:21,870 INFO  EvoClassLoader - Seeing class for first time: net.bytebuddy.description.type.TypeList$Generic$Explicit
2024-11-12 13:41:21,870 INFO  EvoClassLoader - Instrumenting class 'net.bytebuddy.description.type.TypeList$Generic$Explicit'.
2024-11-12 13:41:21,870 INFO  MethodCallReplacementClassAdapter - Adding mock interface to class net/bytebuddy/description/type/TypeList$Generic$Explicit
2024-11-12 13:41:21,870 INFO  CreateClassResetClassAdapter - Creating brand-new static initializer in class net/bytebuddy/description/type/TypeList$Generic$Explicit
2024-11-12 13:41:21,870 INFO  EvoClassLoader - Seeing class for first time: net.bytebuddy.description.type.TypeList$Generic$AbstractBase
2024-11-12 13:41:21,870 INFO  EvoClassLoader - Instrumenting class 'net.bytebuddy.description.type.TypeList$Generic$AbstractBase'.
2024-11-12 13:41:21,870 INFO  MethodCallReplacementClassAdapter - Adding mock interface to class net/bytebuddy/description/type/TypeList$Generic$AbstractBase
2024-11-12 13:41:21,870 INFO  CreateClassResetClassAdapter - Creating brand-new static initializer in class net/bytebuddy/description/type/TypeList$Generic$AbstractBase
2024-11-12 13:41:21,870 INFO  EvoClassLoader - Keeping class: net.bytebuddy.description.type.TypeList$Generic$AbstractBase
2024-11-12 13:41:21,870 INFO  EvoClassLoader - Keeping class: net.bytebuddy.description.type.TypeList$Generic$Explicit
2024-11-12 13:41:21,870 INFO  EvoClassLoader - Seeing class for first time: net.bytebuddy.description.type.TypeList$Generic$Empty
2024-11-12 13:41:21,870 INFO  EvoClassLoader - Instrumenting class 'net.bytebuddy.description.type.TypeList$Generic$Empty'.
2024-11-12 13:41:21,870 INFO  MethodCallReplacementClassAdapter - Adding mock interface to class net/bytebuddy/description/type/TypeList$Generic$Empty
2024-11-12 13:41:21,871 INFO  CreateClassResetClassAdapter - Creating brand-new static initializer in class net/bytebuddy/description/type/TypeList$Generic$Empty
2024-11-12 13:41:21,871 INFO  EvoClassLoader - Keeping class: net.bytebuddy.description.type.TypeList$Generic$Empty
2024-11-12 13:41:21,871 INFO  EvoClassLoader - Seeing class for first time: net.bytebuddy.NamingStrategy
2024-11-12 13:41:21,871 INFO  EvoClassLoader - Instrumenting class 'net.bytebuddy.NamingStrategy'.
2024-11-12 13:41:21,871 INFO  EvoClassLoader - Keeping class: net.bytebuddy.NamingStrategy
2024-11-12 13:41:21,871 INFO  EvoClassLoader - Seeing class for first time: net.bytebuddy.implementation.auxiliary.AuxiliaryType$NamingStrategy
2024-11-12 13:41:21,871 INFO  EvoClassLoader - Instrumenting class 'net.bytebuddy.implementation.auxiliary.AuxiliaryType$NamingStrategy'.
2024-11-12 13:41:21,871 INFO  EvoClassLoader - Keeping class: net.bytebuddy.implementation.auxiliary.AuxiliaryType$NamingStrategy
2024-11-12 13:41:21,871 INFO  EvoClassLoader - Seeing class for first time: net.bytebuddy.implementation.attribute.AnnotationValueFilter$Factory
2024-11-12 13:41:21,871 INFO  EvoClassLoader - Instrumenting class 'net.bytebuddy.implementation.attribute.AnnotationValueFilter$Factory'.
2024-11-12 13:41:21,871 INFO  EvoClassLoader - Keeping class: net.bytebuddy.implementation.attribute.AnnotationValueFilter$Factory
2024-11-12 13:41:21,871 INFO  EvoClassLoader - Seeing class for first time: net.bytebuddy.implementation.Implementation$Context$Factory
2024-11-12 13:41:21,871 INFO  EvoClassLoader - Instrumenting class 'net.bytebuddy.implementation.Implementation$Context$Factory'.
2024-11-12 13:41:21,872 INFO  EvoClassLoader - Keeping class: net.bytebuddy.implementation.Implementation$Context$Factory
2024-11-12 13:41:21,872 INFO  EvoClassLoader - Seeing class for first time: net.bytebuddy.dynamic.scaffold.InstrumentedType$Factory
2024-11-12 13:41:21,872 INFO  EvoClassLoader - Instrumenting class 'net.bytebuddy.dynamic.scaffold.InstrumentedType$Factory'.
2024-11-12 13:41:21,872 INFO  EvoClassLoader - Keeping class: net.bytebuddy.dynamic.scaffold.InstrumentedType$Factory
2024-11-12 13:41:21,872 INFO  EvoClassLoader - Seeing class for first time: net.bytebuddy.dynamic.VisibilityBridgeStrategy
2024-11-12 13:41:21,872 INFO  EvoClassLoader - Instrumenting class 'net.bytebuddy.dynamic.VisibilityBridgeStrategy'.
2024-11-12 13:41:21,872 INFO  EvoClassLoader - Keeping class: net.bytebuddy.dynamic.VisibilityBridgeStrategy
2024-11-12 13:41:21,872 INFO  EvoClassLoader - Seeing class for first time: net.bytebuddy.dynamic.scaffold.ClassWriterStrategy
2024-11-12 13:41:21,872 INFO  EvoClassLoader - Instrumenting class 'net.bytebuddy.dynamic.scaffold.ClassWriterStrategy'.
2024-11-12 13:41:21,872 INFO  EvoClassLoader - Keeping class: net.bytebuddy.dynamic.scaffold.ClassWriterStrategy
2024-11-12 13:41:21,872 INFO  EvoClassLoader - Seeing class for first time: net.bytebuddy.matcher.LatentMatcher
2024-11-12 13:41:21,872 INFO  EvoClassLoader - Instrumenting class 'net.bytebuddy.matcher.LatentMatcher'.
2024-11-12 13:41:21,872 INFO  EvoClassLoader - Keeping class: net.bytebuddy.matcher.LatentMatcher
2024-11-12 13:41:21,872 INFO  EvoClassLoader - Seeing class for first time: net.bytebuddy.implementation.attribute.AnnotationRetention
2024-11-12 13:41:21,872 INFO  EvoClassLoader - Instrumenting class 'net.bytebuddy.implementation.attribute.AnnotationRetention'.
2024-11-12 13:41:21,872 INFO  MethodCallReplacementClassAdapter - Adding mock interface to class net/bytebuddy/implementation/attribute/AnnotationRetention
2024-11-12 13:41:21,872 INFO  CreateClassResetClassAdapter - Found static initializer in class net/bytebuddy/implementation/attribute/AnnotationRetention
2024-11-12 13:41:21,873 INFO  EvoClassLoader - Keeping class: net.bytebuddy.implementation.attribute.AnnotationRetention
2024-11-12 13:41:21,873 INFO  EvoClassLoader - Seeing class for first time: net.bytebuddy.ClassFileVersion
2024-11-12 13:41:21,873 INFO  EvoClassLoader - Instrumenting class 'net.bytebuddy.ClassFileVersion'.
2024-11-12 13:41:21,873 INFO  MethodCallReplacementClassAdapter - Adding mock interface to class net/bytebuddy/ClassFileVersion
2024-11-12 13:41:21,873 INFO  CreateClassResetClassAdapter - Found static initializer in class net/bytebuddy/ClassFileVersion
2024-11-12 13:41:21,874 INFO  EvoClassLoader - Keeping class: net.bytebuddy.ClassFileVersion
2024-11-12 13:41:21,874 INFO  EvoClassLoader - Seeing class for first time: net.bytebuddy.dynamic.scaffold.TypeValidation
2024-11-12 13:41:21,874 INFO  EvoClassLoader - Instrumenting class 'net.bytebuddy.dynamic.scaffold.TypeValidation'.
2024-11-12 13:41:21,874 INFO  MethodCallReplacementClassAdapter - Adding mock interface to class net/bytebuddy/dynamic/scaffold/TypeValidation
2024-11-12 13:41:21,874 INFO  CreateClassResetClassAdapter - Found static initializer in class net/bytebuddy/dynamic/scaffold/TypeValidation
2024-11-12 13:41:21,874 INFO  EvoClassLoader - Keeping class: net.bytebuddy.dynamic.scaffold.TypeValidation
2024-11-12 13:41:21,874 INFO  EvoClassLoader - Seeing class for first time: net.bytebuddy.dynamic.ClassFileLocator
2024-11-12 13:41:21,874 INFO  EvoClassLoader - Instrumenting class 'net.bytebuddy.dynamic.ClassFileLocator'.
2024-11-12 13:41:21,874 INFO  EvoClassLoader - Keeping class: net.bytebuddy.dynamic.ClassFileLocator
2024-11-12 13:41:21,874 INFO  EvoClassLoader - Seeing class for first time: net.bytebuddy.dynamic.scaffold.inline.MethodNameTransformer
2024-11-12 13:41:21,874 INFO  EvoClassLoader - Instrumenting class 'net.bytebuddy.dynamic.scaffold.inline.MethodNameTransformer'.
2024-11-12 13:41:21,875 INFO  EvoClassLoader - Defined package (3): package net.bytebuddy.dynamic.scaffold.inline, 1493541025
2024-11-12 13:41:21,875 INFO  EvoClassLoader - Keeping class: net.bytebuddy.dynamic.scaffold.inline.MethodNameTransformer
2024-11-12 13:41:21,875 INFO  EvoClassLoader - Seeing class for first time: net.bytebuddy.ClassFileVersion$VersionLocator$CreationAction
2024-11-12 13:41:21,875 INFO  EvoClassLoader - Instrumenting class 'net.bytebuddy.ClassFileVersion$VersionLocator$CreationAction'.
2024-11-12 13:41:21,875 INFO  MethodCallReplacementClassAdapter - Adding mock interface to class net/bytebuddy/ClassFileVersion$VersionLocator$CreationAction
2024-11-12 13:41:21,875 INFO  CreateClassResetClassAdapter - Found static initializer in class net/bytebuddy/ClassFileVersion$VersionLocator$CreationAction
2024-11-12 13:41:21,875 INFO  EvoClassLoader - Keeping class: net.bytebuddy.ClassFileVersion$VersionLocator$CreationAction
2024-11-12 13:41:21,875 INFO  EvoClassLoader - Seeing class for first time: net.bytebuddy.ClassFileVersion$VersionLocator
2024-11-12 13:41:21,875 INFO  EvoClassLoader - Instrumenting class 'net.bytebuddy.ClassFileVersion$VersionLocator'.
2024-11-12 13:41:21,875 INFO  EvoClassLoader - Keeping class: net.bytebuddy.ClassFileVersion$VersionLocator
2024-11-12 13:41:21,875 INFO  EvoClassLoader - Seeing class for first time: net.bytebuddy.ClassFileVersion$VersionLocator$ForLegacyVm
2024-11-12 13:41:21,875 INFO  EvoClassLoader - Instrumenting class 'net.bytebuddy.ClassFileVersion$VersionLocator$ForLegacyVm'.
2024-11-12 13:41:21,875 INFO  MethodCallReplacementClassAdapter - Adding mock interface to class net/bytebuddy/ClassFileVersion$VersionLocator$ForLegacyVm
2024-11-12 13:41:21,876 INFO  CreateClassResetClassAdapter - Found static initializer in class net/bytebuddy/ClassFileVersion$VersionLocator$ForLegacyVm
2024-11-12 13:41:21,876 INFO  EvoClassLoader - Keeping class: net.bytebuddy.ClassFileVersion$VersionLocator$ForLegacyVm
2024-11-12 13:41:21,876 INFO  EvoClassLoader - Seeing class for first time: net.bytebuddy.ClassFileVersion$VersionLocator$ForJava9CapableVm
2024-11-12 13:41:21,876 INFO  EvoClassLoader - Instrumenting class 'net.bytebuddy.ClassFileVersion$VersionLocator$ForJava9CapableVm'.
2024-11-12 13:41:21,876 INFO  MethodCallReplacementClassAdapter - Adding mock interface to class net/bytebuddy/ClassFileVersion$VersionLocator$ForJava9CapableVm
2024-11-12 13:41:21,876 INFO  CreateClassResetClassAdapter - Found static initializer in class net/bytebuddy/ClassFileVersion$VersionLocator$ForJava9CapableVm
2024-11-12 13:41:21,876 INFO  EvoClassLoader - Keeping class: net.bytebuddy.ClassFileVersion$VersionLocator$ForJava9CapableVm
2024-11-12 13:41:21,877 INFO  EvoClassLoader - Seeing class for first time: net.bytebuddy.jar.asm.ClassVisitor
2024-11-12 13:41:21,877 INFO  EvoClassLoader - Instrumenting class 'net.bytebuddy.jar.asm.ClassVisitor'.
2024-11-12 13:41:21,877 INFO  MethodCallReplacementClassAdapter - Adding mock interface to class net/bytebuddy/jar/asm/ClassVisitor
2024-11-12 13:41:21,878 INFO  CreateClassResetClassAdapter - Creating brand-new static initializer in class net/bytebuddy/jar/asm/ClassVisitor
2024-11-12 13:41:21,878 INFO  EvoClassLoader - Defined package (3): package net.bytebuddy.jar.asm, 1565040359
2024-11-12 13:41:21,878 INFO  EvoClassLoader - Keeping class: net.bytebuddy.jar.asm.ClassVisitor
2024-11-12 13:41:21,878 INFO  EvoClassLoader - Seeing class for first time: net.bytebuddy.ClassFileVersion$VersionExtractor
2024-11-12 13:41:21,878 INFO  EvoClassLoader - Instrumenting class 'net.bytebuddy.ClassFileVersion$VersionExtractor'.
2024-11-12 13:41:21,878 INFO  MethodCallReplacementClassAdapter - Adding mock interface to class net/bytebuddy/ClassFileVersion$VersionExtractor
2024-11-12 13:41:21,878 INFO  CreateClassResetClassAdapter - Creating brand-new static initializer in class net/bytebuddy/ClassFileVersion$VersionExtractor
2024-11-12 13:41:21,878 INFO  EvoClassLoader - Keeping class: net.bytebuddy.ClassFileVersion$VersionExtractor
2024-11-12 13:41:21,879 INFO  EvoClassLoader - Seeing class for first time: net.bytebuddy.NamingStrategy$AbstractBase
2024-11-12 13:41:21,879 INFO  EvoClassLoader - Instrumenting class 'net.bytebuddy.NamingStrategy$AbstractBase'.
2024-11-12 13:41:21,879 INFO  MethodCallReplacementClassAdapter - Adding mock interface to class net/bytebuddy/NamingStrategy$AbstractBase
2024-11-12 13:41:21,879 INFO  CreateClassResetClassAdapter - Creating brand-new static initializer in class net/bytebuddy/NamingStrategy$AbstractBase
2024-11-12 13:41:21,879 INFO  EvoClassLoader - Keeping class: net.bytebuddy.NamingStrategy$AbstractBase
2024-11-12 13:41:21,879 INFO  EvoClassLoader - Seeing class for first time: net.bytebuddy.NamingStrategy$PrefixingRandom
2024-11-12 13:41:21,879 INFO  EvoClassLoader - Instrumenting class 'net.bytebuddy.NamingStrategy$PrefixingRandom'.
2024-11-12 13:41:21,879 INFO  MethodCallReplacementClassAdapter - Adding mock interface to class net/bytebuddy/NamingStrategy$PrefixingRandom
2024-11-12 13:41:21,879 INFO  CreateClassResetClassAdapter - Creating brand-new static initializer in class net/bytebuddy/NamingStrategy$PrefixingRandom
2024-11-12 13:41:21,879 INFO  EvoClassLoader - Keeping class: net.bytebuddy.NamingStrategy$PrefixingRandom
2024-11-12 13:41:21,879 INFO  EvoClassLoader - Seeing class for first time: net.bytebuddy.NamingStrategy$SuffixingRandom
2024-11-12 13:41:21,879 INFO  EvoClassLoader - Instrumenting class 'net.bytebuddy.NamingStrategy$SuffixingRandom'.
2024-11-12 13:41:21,879 INFO  MethodCallReplacementClassAdapter - Adding mock interface to class net/bytebuddy/NamingStrategy$SuffixingRandom
2024-11-12 13:41:21,880 INFO  CreateClassResetClassAdapter - Creating brand-new static initializer in class net/bytebuddy/NamingStrategy$SuffixingRandom
2024-11-12 13:41:21,880 INFO  CreateClassResetClassAdapter - Adding bytecode for initializing field BYTE_BUDDY_RENAME_PACKAGE
2024-11-12 13:41:21,880 INFO  CreateClassResetClassAdapter - Adding bytecode for initializing field NO_PREFIX
2024-11-12 13:41:21,880 INFO  CreateClassResetClassAdapter - Adding bytecode for initializing field JAVA_PACKAGE
2024-11-12 13:41:21,880 INFO  EvoClassLoader - Keeping class: net.bytebuddy.NamingStrategy$SuffixingRandom
2024-11-12 13:41:21,880 INFO  EvoClassLoader - Seeing class for first time: net.bytebuddy.NamingStrategy$SuffixingRandom$BaseNameResolver
2024-11-12 13:41:21,880 INFO  EvoClassLoader - Instrumenting class 'net.bytebuddy.NamingStrategy$SuffixingRandom$BaseNameResolver'.
2024-11-12 13:41:21,880 INFO  EvoClassLoader - Keeping class: net.bytebuddy.NamingStrategy$SuffixingRandom$BaseNameResolver
2024-11-12 13:41:21,880 INFO  EvoClassLoader - Seeing class for first time: net.bytebuddy.NamingStrategy$SuffixingRandom$BaseNameResolver$ForUnnamedType
2024-11-12 13:41:21,880 INFO  EvoClassLoader - Instrumenting class 'net.bytebuddy.NamingStrategy$SuffixingRandom$BaseNameResolver$ForUnnamedType'.
2024-11-12 13:41:21,880 INFO  MethodCallReplacementClassAdapter - Adding mock interface to class net/bytebuddy/NamingStrategy$SuffixingRandom$BaseNameResolver$ForUnnamedType
2024-11-12 13:41:21,880 INFO  CreateClassResetClassAdapter - Found static initializer in class net/bytebuddy/NamingStrategy$SuffixingRandom$BaseNameResolver$ForUnnamedType
2024-11-12 13:41:21,880 INFO  EvoClassLoader - Keeping class: net.bytebuddy.NamingStrategy$SuffixingRandom$BaseNameResolver$ForUnnamedType
2024-11-12 13:41:21,880 INFO  EvoClassLoader - Seeing class for first time: net.bytebuddy.NamingStrategy$SuffixingRandom$BaseNameResolver$ForFixedValue
2024-11-12 13:41:21,880 INFO  EvoClassLoader - Instrumenting class 'net.bytebuddy.NamingStrategy$SuffixingRandom$BaseNameResolver$ForFixedValue'.
2024-11-12 13:41:21,881 INFO  MethodCallReplacementClassAdapter - Adding mock interface to class net/bytebuddy/NamingStrategy$SuffixingRandom$BaseNameResolver$ForFixedValue
2024-11-12 13:41:21,881 INFO  CreateClassResetClassAdapter - Creating brand-new static initializer in class net/bytebuddy/NamingStrategy$SuffixingRandom$BaseNameResolver$ForFixedValue
2024-11-12 13:41:21,881 INFO  EvoClassLoader - Keeping class: net.bytebuddy.NamingStrategy$SuffixingRandom$BaseNameResolver$ForFixedValue
2024-11-12 13:41:21,881 INFO  EvoClassLoader - Seeing class for first time: net.bytebuddy.NamingStrategy$SuffixingRandom$BaseNameResolver$ForGivenType
2024-11-12 13:41:21,881 INFO  EvoClassLoader - Instrumenting class 'net.bytebuddy.NamingStrategy$SuffixingRandom$BaseNameResolver$ForGivenType'.
2024-11-12 13:41:21,881 INFO  MethodCallReplacementClassAdapter - Adding mock interface to class net/bytebuddy/NamingStrategy$SuffixingRandom$BaseNameResolver$ForGivenType
2024-11-12 13:41:21,881 INFO  CreateClassResetClassAdapter - Creating brand-new static initializer in class net/bytebuddy/NamingStrategy$SuffixingRandom$BaseNameResolver$ForGivenType
2024-11-12 13:41:21,881 INFO  EvoClassLoader - Keeping class: net.bytebuddy.NamingStrategy$SuffixingRandom$BaseNameResolver$ForGivenType
2024-11-12 13:41:21,881 INFO  EvoClassLoader - Seeing class for first time: net.bytebuddy.utility.RandomString
2024-11-12 13:41:21,881 INFO  EvoClassLoader - Instrumenting class 'net.bytebuddy.utility.RandomString'.
2024-11-12 13:41:21,881 INFO  MethodCallReplacementClassAdapter - Adding mock interface to class net/bytebuddy/utility/RandomString
2024-11-12 13:41:21,882 INFO  CreateClassResetClassAdapter - Found static initializer in class net/bytebuddy/utility/RandomString
2024-11-12 13:41:21,882 INFO  EvoClassLoader - Keeping class: net.bytebuddy.utility.RandomString
2024-11-12 13:41:21,883 INFO  EvoClassLoader - Seeing class for first time: net.bytebuddy.implementation.auxiliary.AuxiliaryType$NamingStrategy$SuffixingRandom
2024-11-12 13:41:21,883 INFO  EvoClassLoader - Instrumenting class 'net.bytebuddy.implementation.auxiliary.AuxiliaryType$NamingStrategy$SuffixingRandom'.
2024-11-12 13:41:21,883 INFO  MethodCallReplacementClassAdapter - Adding mock interface to class net/bytebuddy/implementation/auxiliary/AuxiliaryType$NamingStrategy$SuffixingRandom
2024-11-12 13:41:21,883 INFO  CreateClassResetClassAdapter - Creating brand-new static initializer in class net/bytebuddy/implementation/auxiliary/AuxiliaryType$NamingStrategy$SuffixingRandom
2024-11-12 13:41:21,883 INFO  EvoClassLoader - Keeping class: net.bytebuddy.implementation.auxiliary.AuxiliaryType$NamingStrategy$SuffixingRandom
2024-11-12 13:41:21,883 INFO  EvoClassLoader - Seeing class for first time: net.bytebuddy.implementation.auxiliary.AuxiliaryType
2024-11-12 13:41:21,883 INFO  EvoClassLoader - Instrumenting class 'net.bytebuddy.implementation.auxiliary.AuxiliaryType'.
2024-11-12 13:41:21,884 INFO  EvoClassLoader - Keeping class: net.bytebuddy.implementation.auxiliary.AuxiliaryType
2024-11-12 13:41:21,884 INFO  EvoClassLoader - Seeing class for first time: net.bytebuddy.implementation.attribute.AnnotationValueFilter$Default
2024-11-12 13:41:21,884 INFO  EvoClassLoader - Instrumenting class 'net.bytebuddy.implementation.attribute.AnnotationValueFilter$Default'.
2024-11-12 13:41:21,884 INFO  MethodCallReplacementClassAdapter - Adding mock interface to class net/bytebuddy/implementation/attribute/AnnotationValueFilter$Default
2024-11-12 13:41:21,884 INFO  CreateClassResetClassAdapter - Found static initializer in class net/bytebuddy/implementation/attribute/AnnotationValueFilter$Default
2024-11-12 13:41:21,884 INFO  EvoClassLoader - Seeing class for first time: net.bytebuddy.implementation.attribute.AnnotationValueFilter
2024-11-12 13:41:21,884 INFO  EvoClassLoader - Instrumenting class 'net.bytebuddy.implementation.attribute.AnnotationValueFilter'.
2024-11-12 13:41:21,884 INFO  EvoClassLoader - Keeping class: net.bytebuddy.implementation.attribute.AnnotationValueFilter
2024-11-12 13:41:21,884 INFO  EvoClassLoader - Keeping class: net.bytebuddy.implementation.attribute.AnnotationValueFilter$Default
2024-11-12 13:41:21,884 INFO  EvoClassLoader - Seeing class for first time: net.bytebuddy.implementation.attribute.AnnotationValueFilter$Default$1
2024-11-12 13:41:21,884 INFO  EvoClassLoader - Instrumenting class 'net.bytebuddy.implementation.attribute.AnnotationValueFilter$Default$1'.
2024-11-12 13:41:21,884 INFO  MethodCallReplacementClassAdapter - Adding mock interface to class net/bytebuddy/implementation/attribute/AnnotationValueFilter$Default$1
2024-11-12 13:41:21,885 INFO  EvoClassLoader - Keeping class: net.bytebuddy.implementation.attribute.AnnotationValueFilter$Default$1
2024-11-12 13:41:21,885 INFO  EvoClassLoader - Seeing class for first time: net.bytebuddy.implementation.attribute.AnnotationValueFilter$Default$2
2024-11-12 13:41:21,885 INFO  EvoClassLoader - Instrumenting class 'net.bytebuddy.implementation.attribute.AnnotationValueFilter$Default$2'.
2024-11-12 13:41:21,885 INFO  MethodCallReplacementClassAdapter - Adding mock interface to class net/bytebuddy/implementation/attribute/AnnotationValueFilter$Default$2
2024-11-12 13:41:21,885 INFO  EvoClassLoader - Keeping class: net.bytebuddy.implementation.attribute.AnnotationValueFilter$Default$2
2024-11-12 13:41:21,885 INFO  EvoClassLoader - Seeing class for first time: net.bytebuddy.implementation.Implementation$Context$Default$Factory
2024-11-12 13:41:21,885 INFO  EvoClassLoader - Instrumenting class 'net.bytebuddy.implementation.Implementation$Context$Default$Factory'.
2024-11-12 13:41:21,885 INFO  MethodCallReplacementClassAdapter - Adding mock interface to class net/bytebuddy/implementation/Implementation$Context$Default$Factory
2024-11-12 13:41:21,885 INFO  CreateClassResetClassAdapter - Found static initializer in class net/bytebuddy/implementation/Implementation$Context$Default$Factory
2024-11-12 13:41:21,885 INFO  EvoClassLoader - Keeping class: net.bytebuddy.implementation.Implementation$Context$Default$Factory
2024-11-12 13:41:21,885 INFO  EvoClassLoader - Seeing class for first time: net.bytebuddy.implementation.Implementation$Context$Default
2024-11-12 13:41:21,885 INFO  EvoClassLoader - Instrumenting class 'net.bytebuddy.implementation.Implementation$Context$Default'.
2024-11-12 13:41:21,886 INFO  MethodCallReplacementClassAdapter - Adding mock interface to class net/bytebuddy/implementation/Implementation$Context$Default
2024-11-12 13:41:21,888 INFO  CreateClassResetClassAdapter - Creating brand-new static initializer in class net/bytebuddy/implementation/Implementation$Context$Default
2024-11-12 13:41:21,888 INFO  CreateClassResetClassAdapter - Adding bytecode for initializing field ACCESSOR_METHOD_SUFFIX
2024-11-12 13:41:21,888 INFO  CreateClassResetClassAdapter - Adding bytecode for initializing field FIELD_CACHE_PREFIX
2024-11-12 13:41:21,888 INFO  EvoClassLoader - Seeing class for first time: net.bytebuddy.implementation.Implementation$Context$ExtractableView$AbstractBase
2024-11-12 13:41:21,888 INFO  EvoClassLoader - Instrumenting class 'net.bytebuddy.implementation.Implementation$Context$ExtractableView$AbstractBase'.
2024-11-12 13:41:21,888 INFO  MethodCallReplacementClassAdapter - Adding mock interface to class net/bytebuddy/implementation/Implementation$Context$ExtractableView$AbstractBase
2024-11-12 13:41:21,888 INFO  CreateClassResetClassAdapter - Creating brand-new static initializer in class net/bytebuddy/implementation/Implementation$Context$ExtractableView$AbstractBase
2024-11-12 13:41:21,888 INFO  EvoClassLoader - Seeing class for first time: net.bytebuddy.implementation.Implementation$Context$ExtractableView
2024-11-12 13:41:21,888 INFO  EvoClassLoader - Instrumenting class 'net.bytebuddy.implementation.Implementation$Context$ExtractableView'.
2024-11-12 13:41:21,888 INFO  EvoClassLoader - Seeing class for first time: net.bytebuddy.implementation.Implementation$Context
2024-11-12 13:41:21,888 INFO  EvoClassLoader - Instrumenting class 'net.bytebuddy.implementation.Implementation$Context'.
2024-11-12 13:41:21,889 INFO  EvoClassLoader - Seeing class for first time: net.bytebuddy.implementation.MethodAccessorFactory
2024-11-12 13:41:21,889 INFO  EvoClassLoader - Instrumenting class 'net.bytebuddy.implementation.MethodAccessorFactory'.
2024-11-12 13:41:21,889 INFO  EvoClassLoader - Keeping class: net.bytebuddy.implementation.MethodAccessorFactory
2024-11-12 13:41:21,889 INFO  EvoClassLoader - Keeping class: net.bytebuddy.implementation.Implementation$Context
2024-11-12 13:41:21,889 INFO  EvoClassLoader - Keeping class: net.bytebuddy.implementation.Implementation$Context$ExtractableView
2024-11-12 13:41:21,889 INFO  EvoClassLoader - Keeping class: net.bytebuddy.implementation.Implementation$Context$ExtractableView$AbstractBase
2024-11-12 13:41:21,889 INFO  EvoClassLoader - Keeping class: net.bytebuddy.implementation.Implementation$Context$Default
2024-11-12 13:41:21,889 INFO  EvoClassLoader - Seeing class for first time: net.bytebuddy.dynamic.scaffold.TypeInitializer
2024-11-12 13:41:21,889 INFO  EvoClassLoader - Instrumenting class 'net.bytebuddy.dynamic.scaffold.TypeInitializer'.
2024-11-12 13:41:21,889 INFO  EvoClassLoader - Keeping class: net.bytebuddy.dynamic.scaffold.TypeInitializer
2024-11-12 13:41:21,889 INFO  EvoClassLoader - Seeing class for first time: net.bytebuddy.dynamic.scaffold.MethodGraph$Compiler$AbstractBase
2024-11-12 13:41:21,889 INFO  EvoClassLoader - Instrumenting class 'net.bytebuddy.dynamic.scaffold.MethodGraph$Compiler$AbstractBase'.
2024-11-12 13:41:21,890 INFO  MethodCallReplacementClassAdapter - Adding mock interface to class net/bytebuddy/dynamic/scaffold/MethodGraph$Compiler$AbstractBase
2024-11-12 13:41:21,890 INFO  CreateClassResetClassAdapter - Creating brand-new static initializer in class net/bytebuddy/dynamic/scaffold/MethodGraph$Compiler$AbstractBase
2024-11-12 13:41:21,890 INFO  EvoClassLoader - Keeping class: net.bytebuddy.dynamic.scaffold.MethodGraph$Compiler$AbstractBase
2024-11-12 13:41:21,890 INFO  EvoClassLoader - Seeing class for first time: net.bytebuddy.dynamic.scaffold.MethodGraph
2024-11-12 13:41:21,890 INFO  EvoClassLoader - Instrumenting class 'net.bytebuddy.dynamic.scaffold.MethodGraph'.
2024-11-12 13:41:21,890 INFO  EvoClassLoader - Keeping class: net.bytebuddy.dynamic.scaffold.MethodGraph
2024-11-12 13:41:21,890 INFO  EvoClassLoader - Seeing class for first time: net.bytebuddy.dynamic.scaffold.MethodGraph$Compiler$Default
2024-11-12 13:41:21,890 INFO  EvoClassLoader - Instrumenting class 'net.bytebuddy.dynamic.scaffold.MethodGraph$Compiler$Default'.
2024-11-12 13:41:21,890 INFO  MethodCallReplacementClassAdapter - Adding mock interface to class net/bytebuddy/dynamic/scaffold/MethodGraph$Compiler$Default
2024-11-12 13:41:21,891 INFO  CreateClassResetClassAdapter - Creating brand-new static initializer in class net/bytebuddy/dynamic/scaffold/MethodGraph$Compiler$Default
2024-11-12 13:41:21,891 INFO  EvoClassLoader - Keeping class: net.bytebuddy.dynamic.scaffold.MethodGraph$Compiler$Default
2024-11-12 13:41:21,891 INFO  EvoClassLoader - Seeing class for first time: net.bytebuddy.dynamic.scaffold.MethodGraph$Linked
2024-11-12 13:41:21,891 INFO  EvoClassLoader - Instrumenting class 'net.bytebuddy.dynamic.scaffold.MethodGraph$Linked'.
2024-11-12 13:41:21,891 INFO  EvoClassLoader - Keeping class: net.bytebuddy.dynamic.scaffold.MethodGraph$Linked
2024-11-12 13:41:21,891 INFO  EvoClassLoader - Seeing class for first time: net.bytebuddy.dynamic.scaffold.MethodGraph$Compiler$Default$Harmonizer
2024-11-12 13:41:21,891 INFO  EvoClassLoader - Instrumenting class 'net.bytebuddy.dynamic.scaffold.MethodGraph$Compiler$Default$Harmonizer'.
2024-11-12 13:41:21,891 INFO  EvoClassLoader - Keeping class: net.bytebuddy.dynamic.scaffold.MethodGraph$Compiler$Default$Harmonizer
2024-11-12 13:41:21,891 INFO  EvoClassLoader - Seeing class for first time: net.bytebuddy.dynamic.scaffold.MethodGraph$Compiler$Default$Merger
2024-11-12 13:41:21,891 INFO  EvoClassLoader - Instrumenting class 'net.bytebuddy.dynamic.scaffold.MethodGraph$Compiler$Default$Merger'.
2024-11-12 13:41:21,892 INFO  EvoClassLoader - Keeping class: net.bytebuddy.dynamic.scaffold.MethodGraph$Compiler$Default$Merger
2024-11-12 13:41:21,892 INFO  EvoClassLoader - Seeing class for first time: net.bytebuddy.dynamic.scaffold.MethodGraph$Empty
2024-11-12 13:41:21,892 INFO  EvoClassLoader - Instrumenting class 'net.bytebuddy.dynamic.scaffold.MethodGraph$Empty'.
2024-11-12 13:41:21,892 INFO  MethodCallReplacementClassAdapter - Adding mock interface to class net/bytebuddy/dynamic/scaffold/MethodGraph$Empty
2024-11-12 13:41:21,892 INFO  CreateClassResetClassAdapter - Found static initializer in class net/bytebuddy/dynamic/scaffold/MethodGraph$Empty
2024-11-12 13:41:21,893 INFO  EvoClassLoader - Keeping class: net.bytebuddy.dynamic.scaffold.MethodGraph$Empty
2024-11-12 13:41:21,893 INFO  EvoClassLoader - Seeing class for first time: net.bytebuddy.dynamic.scaffold.MethodGraph$Compiler$Default$Key$Store
2024-11-12 13:41:21,893 INFO  EvoClassLoader - Instrumenting class 'net.bytebuddy.dynamic.scaffold.MethodGraph$Compiler$Default$Key$Store'.
2024-11-12 13:41:21,893 INFO  MethodCallReplacementClassAdapter - Adding mock interface to class net/bytebuddy/dynamic/scaffold/MethodGraph$Compiler$Default$Key$Store
2024-11-12 13:41:21,895 INFO  CreateClassResetClassAdapter - Creating brand-new static initializer in class net/bytebuddy/dynamic/scaffold/MethodGraph$Compiler$Default$Key$Store
2024-11-12 13:41:21,895 INFO  EvoClassLoader - Keeping class: net.bytebuddy.dynamic.scaffold.MethodGraph$Compiler$Default$Key$Store
2024-11-12 13:41:21,896 INFO  EvoClassLoader - Seeing class for first time: net.bytebuddy.dynamic.scaffold.MethodGraph$Compiler$Default$Harmonizer$ForJavaMethod
2024-11-12 13:41:21,896 INFO  EvoClassLoader - Instrumenting class 'net.bytebuddy.dynamic.scaffold.MethodGraph$Compiler$Default$Harmonizer$ForJavaMethod'.
2024-11-12 13:41:21,896 INFO  MethodCallReplacementClassAdapter - Adding mock interface to class net/bytebuddy/dynamic/scaffold/MethodGraph$Compiler$Default$Harmonizer$ForJavaMethod
2024-11-12 13:41:21,896 INFO  CreateClassResetClassAdapter - Found static initializer in class net/bytebuddy/dynamic/scaffold/MethodGraph$Compiler$Default$Harmonizer$ForJavaMethod
2024-11-12 13:41:21,897 INFO  EvoClassLoader - Keeping class: net.bytebuddy.dynamic.scaffold.MethodGraph$Compiler$Default$Harmonizer$ForJavaMethod
2024-11-12 13:41:21,897 INFO  EvoClassLoader - Seeing class for first time: net.bytebuddy.dynamic.scaffold.MethodGraph$Compiler$Default$Harmonizer$ForJVMMethod
2024-11-12 13:41:21,897 INFO  EvoClassLoader - Instrumenting class 'net.bytebuddy.dynamic.scaffold.MethodGraph$Compiler$Default$Harmonizer$ForJVMMethod'.
2024-11-12 13:41:21,897 INFO  MethodCallReplacementClassAdapter - Adding mock interface to class net/bytebuddy/dynamic/scaffold/MethodGraph$Compiler$Default$Harmonizer$ForJVMMethod
2024-11-12 13:41:21,897 INFO  CreateClassResetClassAdapter - Found static initializer in class net/bytebuddy/dynamic/scaffold/MethodGraph$Compiler$Default$Harmonizer$ForJVMMethod
2024-11-12 13:41:21,897 INFO  EvoClassLoader - Keeping class: net.bytebuddy.dynamic.scaffold.MethodGraph$Compiler$Default$Harmonizer$ForJVMMethod
2024-11-12 13:41:21,897 INFO  EvoClassLoader - Seeing class for first time: net.bytebuddy.dynamic.scaffold.MethodGraph$Compiler$Default$Harmonizer$ForJavaMethod$Token
2024-11-12 13:41:21,897 INFO  EvoClassLoader - Instrumenting class 'net.bytebuddy.dynamic.scaffold.MethodGraph$Compiler$Default$Harmonizer$ForJavaMethod$Token'.
2024-11-12 13:41:21,898 INFO  MethodCallReplacementClassAdapter - Adding mock interface to class net/bytebuddy/dynamic/scaffold/MethodGraph$Compiler$Default$Harmonizer$ForJavaMethod$Token
2024-11-12 13:41:21,898 INFO  CreateClassResetClassAdapter - Creating brand-new static initializer in class net/bytebuddy/dynamic/scaffold/MethodGraph$Compiler$Default$Harmonizer$ForJavaMethod$Token
2024-11-12 13:41:21,898 INFO  EvoClassLoader - Keeping class: net.bytebuddy.dynamic.scaffold.MethodGraph$Compiler$Default$Harmonizer$ForJavaMethod$Token
2024-11-12 13:41:21,898 INFO  EvoClassLoader - Seeing class for first time: net.bytebuddy.dynamic.scaffold.MethodGraph$Compiler$Default$Merger$Directional
2024-11-12 13:41:21,898 INFO  EvoClassLoader - Instrumenting class 'net.bytebuddy.dynamic.scaffold.MethodGraph$Compiler$Default$Merger$Directional'.
2024-11-12 13:41:21,898 INFO  MethodCallReplacementClassAdapter - Adding mock interface to class net/bytebuddy/dynamic/scaffold/MethodGraph$Compiler$Default$Merger$Directional
2024-11-12 13:41:21,899 INFO  CreateClassResetClassAdapter - Found static initializer in class net/bytebuddy/dynamic/scaffold/MethodGraph$Compiler$Default$Merger$Directional
2024-11-12 13:41:21,899 INFO  EvoClassLoader - Keeping class: net.bytebuddy.dynamic.scaffold.MethodGraph$Compiler$Default$Merger$Directional
2024-11-12 13:41:21,899 INFO  EvoClassLoader - Seeing class for first time: net.bytebuddy.description.type.TypeDescription$Generic$Visitor$Reifying
2024-11-12 13:41:21,899 INFO  EvoClassLoader - Instrumenting class 'net.bytebuddy.description.type.TypeDescription$Generic$Visitor$Reifying'.
2024-11-12 13:41:21,899 INFO  MethodCallReplacementClassAdapter - Adding mock interface to class net/bytebuddy/description/type/TypeDescription$Generic$Visitor$Reifying
2024-11-12 13:41:21,901 INFO  CreateClassResetClassAdapter - Found static initializer in class net/bytebuddy/description/type/TypeDescription$Generic$Visitor$Reifying
2024-11-12 13:41:21,901 INFO  EvoClassLoader - Keeping class: net.bytebuddy.description.type.TypeDescription$Generic$Visitor$Reifying
2024-11-12 13:41:21,901 INFO  EvoClassLoader - Seeing class for first time: net.bytebuddy.description.type.TypeDescription$Generic$Visitor$Reducing
2024-11-12 13:41:21,901 INFO  EvoClassLoader - Instrumenting class 'net.bytebuddy.description.type.TypeDescription$Generic$Visitor$Reducing'.
2024-11-12 13:41:21,901 INFO  MethodCallReplacementClassAdapter - Adding mock interface to class net/bytebuddy/description/type/TypeDescription$Generic$Visitor$Reducing
2024-11-12 13:41:21,902 INFO  CreateClassResetClassAdapter - Creating brand-new static initializer in class net/bytebuddy/description/type/TypeDescription$Generic$Visitor$Reducing
2024-11-12 13:41:21,902 INFO  EvoClassLoader - Keeping class: net.bytebuddy.description.type.TypeDescription$Generic$Visitor$Reducing
2024-11-12 13:41:21,902 INFO  EvoClassLoader - Seeing class for first time: net.bytebuddy.description.type.TypeDescription$Generic$Visitor$Substitutor
2024-11-12 13:41:21,902 INFO  EvoClassLoader - Instrumenting class 'net.bytebuddy.description.type.TypeDescription$Generic$Visitor$Substitutor'.
2024-11-12 13:41:21,903 INFO  MethodCallReplacementClassAdapter - Adding mock interface to class net/bytebuddy/description/type/TypeDescription$Generic$Visitor$Substitutor
2024-11-12 13:41:21,903 INFO  CreateClassResetClassAdapter - Creating brand-new static initializer in class net/bytebuddy/description/type/TypeDescription$Generic$Visitor$Substitutor
2024-11-12 13:41:21,903 INFO  EvoClassLoader - Keeping class: net.bytebuddy.description.type.TypeDescription$Generic$Visitor$Substitutor
2024-11-12 13:41:21,903 INFO  EvoClassLoader - Seeing class for first time: net.bytebuddy.description.type.TypeDescription$Generic$Visitor$ForSignatureVisitor
2024-11-12 13:41:21,903 INFO  EvoClassLoader - Instrumenting class 'net.bytebuddy.description.type.TypeDescription$Generic$Visitor$ForSignatureVisitor'.
2024-11-12 13:41:21,904 INFO  MethodCallReplacementClassAdapter - Adding mock interface to class net/bytebuddy/description/type/TypeDescription$Generic$Visitor$ForSignatureVisitor
2024-11-12 13:41:21,904 INFO  CreateClassResetClassAdapter - Creating brand-new static initializer in class net/bytebuddy/description/type/TypeDescription$Generic$Visitor$ForSignatureVisitor
2024-11-12 13:41:21,904 INFO  CreateClassResetClassAdapter - Adding bytecode for initializing field ONLY_CHARACTER
2024-11-12 13:41:21,905 INFO  EvoClassLoader - Keeping class: net.bytebuddy.description.type.TypeDescription$Generic$Visitor$ForSignatureVisitor
2024-11-12 13:41:21,905 INFO  EvoClassLoader - Seeing class for first time: net.bytebuddy.description.type.TypeDescription$Generic$Visitor$Reifying$1
2024-11-12 13:41:21,905 INFO  EvoClassLoader - Instrumenting class 'net.bytebuddy.description.type.TypeDescription$Generic$Visitor$Reifying$1'.
2024-11-12 13:41:21,905 INFO  MethodCallReplacementClassAdapter - Adding mock interface to class net/bytebuddy/description/type/TypeDescription$Generic$Visitor$Reifying$1
2024-11-12 13:41:21,905 INFO  EvoClassLoader - Keeping class: net.bytebuddy.description.type.TypeDescription$Generic$Visitor$Reifying$1
2024-11-12 13:41:21,905 INFO  EvoClassLoader - Seeing class for first time: net.bytebuddy.description.type.TypeDescription$Generic$Visitor$Reifying$2
2024-11-12 13:41:21,905 INFO  EvoClassLoader - Instrumenting class 'net.bytebuddy.description.type.TypeDescription$Generic$Visitor$Reifying$2'.
2024-11-12 13:41:21,905 INFO  MethodCallReplacementClassAdapter - Adding mock interface to class net/bytebuddy/description/type/TypeDescription$Generic$Visitor$Reifying$2
2024-11-12 13:41:21,905 INFO  EvoClassLoader - Keeping class: net.bytebuddy.description.type.TypeDescription$Generic$Visitor$Reifying$2
2024-11-12 13:41:21,905 INFO  EvoClassLoader - Seeing class for first time: net.bytebuddy.dynamic.scaffold.InstrumentedType$Factory$Default
2024-11-12 13:41:21,905 INFO  EvoClassLoader - Instrumenting class 'net.bytebuddy.dynamic.scaffold.InstrumentedType$Factory$Default'.
2024-11-12 13:41:21,906 INFO  MethodCallReplacementClassAdapter - Adding mock interface to class net/bytebuddy/dynamic/scaffold/InstrumentedType$Factory$Default
2024-11-12 13:41:21,906 INFO  CreateClassResetClassAdapter - Found static initializer in class net/bytebuddy/dynamic/scaffold/InstrumentedType$Factory$Default
2024-11-12 13:41:21,906 INFO  EvoClassLoader - Keeping class: net.bytebuddy.dynamic.scaffold.InstrumentedType$Factory$Default
2024-11-12 13:41:21,906 INFO  EvoClassLoader - Seeing class for first time: net.bytebuddy.implementation.LoadedTypeInitializer
2024-11-12 13:41:21,906 INFO  EvoClassLoader - Instrumenting class 'net.bytebuddy.implementation.LoadedTypeInitializer'.
2024-11-12 13:41:21,906 INFO  EvoClassLoader - Keeping class: net.bytebuddy.implementation.LoadedTypeInitializer
2024-11-12 13:41:21,906 INFO  EvoClassLoader - Seeing class for first time: net.bytebuddy.dynamic.scaffold.InstrumentedType$WithFlexibleName
2024-11-12 13:41:21,906 INFO  EvoClassLoader - Instrumenting class 'net.bytebuddy.dynamic.scaffold.InstrumentedType$WithFlexibleName'.
2024-11-12 13:41:21,907 INFO  EvoClassLoader - Keeping class: net.bytebuddy.dynamic.scaffold.InstrumentedType$WithFlexibleName
2024-11-12 13:41:21,907 INFO  EvoClassLoader - Seeing class for first time: net.bytebuddy.dynamic.scaffold.InstrumentedType$Factory$Default$1
2024-11-12 13:41:21,907 INFO  EvoClassLoader - Instrumenting class 'net.bytebuddy.dynamic.scaffold.InstrumentedType$Factory$Default$1'.
2024-11-12 13:41:21,907 INFO  MethodCallReplacementClassAdapter - Adding mock interface to class net/bytebuddy/dynamic/scaffold/InstrumentedType$Factory$Default$1
2024-11-12 13:41:21,907 INFO  EvoClassLoader - Keeping class: net.bytebuddy.dynamic.scaffold.InstrumentedType$Factory$Default$1
2024-11-12 13:41:21,907 INFO  EvoClassLoader - Seeing class for first time: net.bytebuddy.dynamic.scaffold.InstrumentedType$Factory$Default$2
2024-11-12 13:41:21,907 INFO  EvoClassLoader - Instrumenting class 'net.bytebuddy.dynamic.scaffold.InstrumentedType$Factory$Default$2'.
2024-11-12 13:41:21,908 INFO  MethodCallReplacementClassAdapter - Adding mock interface to class net/bytebuddy/dynamic/scaffold/InstrumentedType$Factory$Default$2
2024-11-12 13:41:21,908 INFO  EvoClassLoader - Keeping class: net.bytebuddy.dynamic.scaffold.InstrumentedType$Factory$Default$2
2024-11-12 13:41:21,908 INFO  EvoClassLoader - Seeing class for first time: net.bytebuddy.dynamic.VisibilityBridgeStrategy$Default
2024-11-12 13:41:21,908 INFO  EvoClassLoader - Instrumenting class 'net.bytebuddy.dynamic.VisibilityBridgeStrategy$Default'.
2024-11-12 13:41:21,908 INFO  MethodCallReplacementClassAdapter - Adding mock interface to class net/bytebuddy/dynamic/VisibilityBridgeStrategy$Default
2024-11-12 13:41:21,908 INFO  CreateClassResetClassAdapter - Found static initializer in class net/bytebuddy/dynamic/VisibilityBridgeStrategy$Default
2024-11-12 13:41:21,908 INFO  EvoClassLoader - Keeping class: net.bytebuddy.dynamic.VisibilityBridgeStrategy$Default
2024-11-12 13:41:21,908 INFO  EvoClassLoader - Seeing class for first time: net.bytebuddy.dynamic.VisibilityBridgeStrategy$Default$1
2024-11-12 13:41:21,908 INFO  EvoClassLoader - Instrumenting class 'net.bytebuddy.dynamic.VisibilityBridgeStrategy$Default$1'.
2024-11-12 13:41:21,908 INFO  MethodCallReplacementClassAdapter - Adding mock interface to class net/bytebuddy/dynamic/VisibilityBridgeStrategy$Default$1
2024-11-12 13:41:21,908 INFO  EvoClassLoader - Keeping class: net.bytebuddy.dynamic.VisibilityBridgeStrategy$Default$1
2024-11-12 13:41:21,908 INFO  EvoClassLoader - Seeing class for first time: net.bytebuddy.dynamic.VisibilityBridgeStrategy$Default$2
2024-11-12 13:41:21,908 INFO  EvoClassLoader - Instrumenting class 'net.bytebuddy.dynamic.VisibilityBridgeStrategy$Default$2'.
2024-11-12 13:41:21,909 INFO  MethodCallReplacementClassAdapter - Adding mock interface to class net/bytebuddy/dynamic/VisibilityBridgeStrategy$Default$2
2024-11-12 13:41:21,909 INFO  EvoClassLoader - Keeping class: net.bytebuddy.dynamic.VisibilityBridgeStrategy$Default$2
2024-11-12 13:41:21,909 INFO  EvoClassLoader - Seeing class for first time: net.bytebuddy.dynamic.VisibilityBridgeStrategy$Default$3
2024-11-12 13:41:21,909 INFO  EvoClassLoader - Instrumenting class 'net.bytebuddy.dynamic.VisibilityBridgeStrategy$Default$3'.
2024-11-12 13:41:21,909 INFO  MethodCallReplacementClassAdapter - Adding mock interface to class net/bytebuddy/dynamic/VisibilityBridgeStrategy$Default$3
2024-11-12 13:41:21,909 INFO  EvoClassLoader - Keeping class: net.bytebuddy.dynamic.VisibilityBridgeStrategy$Default$3
2024-11-12 13:41:21,909 INFO  EvoClassLoader - Seeing class for first time: net.bytebuddy.dynamic.scaffold.ClassWriterStrategy$Default
2024-11-12 13:41:21,909 INFO  EvoClassLoader - Instrumenting class 'net.bytebuddy.dynamic.scaffold.ClassWriterStrategy$Default'.
2024-11-12 13:41:21,909 INFO  MethodCallReplacementClassAdapter - Adding mock interface to class net/bytebuddy/dynamic/scaffold/ClassWriterStrategy$Default
2024-11-12 13:41:21,909 INFO  CreateClassResetClassAdapter - Found static initializer in class net/bytebuddy/dynamic/scaffold/ClassWriterStrategy$Default
2024-11-12 13:41:21,909 INFO  EvoClassLoader - Keeping class: net.bytebuddy.dynamic.scaffold.ClassWriterStrategy$Default
2024-11-12 13:41:21,909 INFO  EvoClassLoader - Seeing class for first time: net.bytebuddy.dynamic.scaffold.ClassWriterStrategy$FrameComputingClassWriter
2024-11-12 13:41:21,909 INFO  EvoClassLoader - Instrumenting class 'net.bytebuddy.dynamic.scaffold.ClassWriterStrategy$FrameComputingClassWriter'.
2024-11-12 13:41:21,910 INFO  MethodCallReplacementClassAdapter - Adding mock interface to class net/bytebuddy/dynamic/scaffold/ClassWriterStrategy$FrameComputingClassWriter
2024-11-12 13:41:21,910 INFO  CreateClassResetClassAdapter - Creating brand-new static initializer in class net/bytebuddy/dynamic/scaffold/ClassWriterStrategy$FrameComputingClassWriter
2024-11-12 13:41:21,910 INFO  EvoClassLoader - Seeing class for first time: net.bytebuddy.jar.asm.ClassWriter
2024-11-12 13:41:21,910 INFO  EvoClassLoader - Instrumenting class 'net.bytebuddy.jar.asm.ClassWriter'.
2024-11-12 13:41:21,910 INFO  MethodCallReplacementClassAdapter - Adding mock interface to class net/bytebuddy/jar/asm/ClassWriter
2024-11-12 13:41:21,911 INFO  CreateClassResetClassAdapter - Creating brand-new static initializer in class net/bytebuddy/jar/asm/ClassWriter
2024-11-12 13:41:21,911 INFO  CreateClassResetClassAdapter - Adding bytecode for initializing field COMPUTE_MAXS
2024-11-12 13:41:21,911 INFO  CreateClassResetClassAdapter - Adding bytecode for initializing field COMPUTE_FRAMES
2024-11-12 13:41:21,911 INFO  EvoClassLoader - Keeping class: net.bytebuddy.jar.asm.ClassWriter
2024-11-12 13:41:21,911 INFO  EvoClassLoader - Keeping class: net.bytebuddy.dynamic.scaffold.ClassWriterStrategy$FrameComputingClassWriter
2024-11-12 13:41:21,911 INFO  EvoClassLoader - Seeing class for first time: net.bytebuddy.dynamic.scaffold.ClassWriterStrategy$Default$1
2024-11-12 13:41:21,911 INFO  EvoClassLoader - Instrumenting class 'net.bytebuddy.dynamic.scaffold.ClassWriterStrategy$Default$1'.
2024-11-12 13:41:21,911 INFO  MethodCallReplacementClassAdapter - Adding mock interface to class net/bytebuddy/dynamic/scaffold/ClassWriterStrategy$Default$1
2024-11-12 13:41:21,912 INFO  EvoClassLoader - Keeping class: net.bytebuddy.dynamic.scaffold.ClassWriterStrategy$Default$1
2024-11-12 13:41:21,912 INFO  EvoClassLoader - Seeing class for first time: net.bytebuddy.dynamic.scaffold.ClassWriterStrategy$Default$2
2024-11-12 13:41:21,912 INFO  EvoClassLoader - Instrumenting class 'net.bytebuddy.dynamic.scaffold.ClassWriterStrategy$Default$2'.
2024-11-12 13:41:21,912 INFO  MethodCallReplacementClassAdapter - Adding mock interface to class net/bytebuddy/dynamic/scaffold/ClassWriterStrategy$Default$2
2024-11-12 13:41:21,912 INFO  EvoClassLoader - Keeping class: net.bytebuddy.dynamic.scaffold.ClassWriterStrategy$Default$2
2024-11-12 13:41:21,912 INFO  EvoClassLoader - Seeing class for first time: net.bytebuddy.pool.TypePool
2024-11-12 13:41:21,912 INFO  EvoClassLoader - Instrumenting class 'net.bytebuddy.pool.TypePool'.
2024-11-12 13:41:21,912 INFO  EvoClassLoader - Defined package (3): package net.bytebuddy.pool, 1766326717
2024-11-12 13:41:21,912 INFO  EvoClassLoader - Keeping class: net.bytebuddy.pool.TypePool
2024-11-12 13:41:21,912 INFO  EvoClassLoader - Seeing class for first time: net.bytebuddy.matcher.LatentMatcher$Resolved
2024-11-12 13:41:21,912 INFO  EvoClassLoader - Instrumenting class 'net.bytebuddy.matcher.LatentMatcher$Resolved'.
2024-11-12 13:41:21,912 INFO  MethodCallReplacementClassAdapter - Adding mock interface to class net/bytebuddy/matcher/LatentMatcher$Resolved
2024-11-12 13:41:21,912 INFO  CreateClassResetClassAdapter - Creating brand-new static initializer in class net/bytebuddy/matcher/LatentMatcher$Resolved
2024-11-12 13:41:21,912 INFO  EvoClassLoader - Keeping class: net.bytebuddy.matcher.LatentMatcher$Resolved
2024-11-12 13:41:21,912 INFO  EvoClassLoader - Seeing class for first time: net.bytebuddy.matcher.LatentMatcher$Disjunction
2024-11-12 13:41:21,912 INFO  EvoClassLoader - Instrumenting class 'net.bytebuddy.matcher.LatentMatcher$Disjunction'.
2024-11-12 13:41:21,913 INFO  MethodCallReplacementClassAdapter - Adding mock interface to class net/bytebuddy/matcher/LatentMatcher$Disjunction
2024-11-12 13:41:21,913 INFO  CreateClassResetClassAdapter - Creating brand-new static initializer in class net/bytebuddy/matcher/LatentMatcher$Disjunction
2024-11-12 13:41:21,913 INFO  EvoClassLoader - Keeping class: net.bytebuddy.matcher.LatentMatcher$Disjunction
2024-11-12 13:41:21,913 INFO  EvoClassLoader - Seeing class for first time: net.bytebuddy.matcher.LatentMatcher$Conjunction
2024-11-12 13:41:21,913 INFO  EvoClassLoader - Instrumenting class 'net.bytebuddy.matcher.LatentMatcher$Conjunction'.
2024-11-12 13:41:21,913 INFO  MethodCallReplacementClassAdapter - Adding mock interface to class net/bytebuddy/matcher/LatentMatcher$Conjunction
2024-11-12 13:41:21,913 INFO  CreateClassResetClassAdapter - Creating brand-new static initializer in class net/bytebuddy/matcher/LatentMatcher$Conjunction
2024-11-12 13:41:21,913 INFO  EvoClassLoader - Keeping class: net.bytebuddy.matcher.LatentMatcher$Conjunction
2024-11-12 13:41:21,913 INFO  EvoClassLoader - Seeing class for first time: net.bytebuddy.matcher.LatentMatcher$ForMethodToken
2024-11-12 13:41:21,913 INFO  EvoClassLoader - Instrumenting class 'net.bytebuddy.matcher.LatentMatcher$ForMethodToken'.
2024-11-12 13:41:21,913 INFO  MethodCallReplacementClassAdapter - Adding mock interface to class net/bytebuddy/matcher/LatentMatcher$ForMethodToken
2024-11-12 13:41:21,913 INFO  CreateClassResetClassAdapter - Creating brand-new static initializer in class net/bytebuddy/matcher/LatentMatcher$ForMethodToken
2024-11-12 13:41:21,913 INFO  EvoClassLoader - Keeping class: net.bytebuddy.matcher.LatentMatcher$ForMethodToken
2024-11-12 13:41:21,913 INFO  EvoClassLoader - Seeing class for first time: net.bytebuddy.matcher.LatentMatcher$ForFieldToken
2024-11-12 13:41:21,913 INFO  EvoClassLoader - Instrumenting class 'net.bytebuddy.matcher.LatentMatcher$ForFieldToken'.
2024-11-12 13:41:21,913 INFO  MethodCallReplacementClassAdapter - Adding mock interface to class net/bytebuddy/matcher/LatentMatcher$ForFieldToken
2024-11-12 13:41:21,913 INFO  CreateClassResetClassAdapter - Creating brand-new static initializer in class net/bytebuddy/matcher/LatentMatcher$ForFieldToken
2024-11-12 13:41:21,913 INFO  EvoClassLoader - Keeping class: net.bytebuddy.matcher.LatentMatcher$ForFieldToken
2024-11-12 13:41:21,914 INFO  EvoClassLoader - Seeing class for first time: net.bytebuddy.matcher.MethodParametersMatcher
2024-11-12 13:41:21,914 INFO  EvoClassLoader - Instrumenting class 'net.bytebuddy.matcher.MethodParametersMatcher'.
2024-11-12 13:41:21,914 INFO  MethodCallReplacementClassAdapter - Adding mock interface to class net/bytebuddy/matcher/MethodParametersMatcher
2024-11-12 13:41:21,914 INFO  CreateClassResetClassAdapter - Creating brand-new static initializer in class net/bytebuddy/matcher/MethodParametersMatcher
2024-11-12 13:41:21,914 INFO  EvoClassLoader - Keeping class: net.bytebuddy.matcher.MethodParametersMatcher
2024-11-12 13:41:21,914 INFO  EvoClassLoader - Seeing class for first time: net.bytebuddy.matcher.CollectionSizeMatcher
2024-11-12 13:41:21,914 INFO  EvoClassLoader - Instrumenting class 'net.bytebuddy.matcher.CollectionSizeMatcher'.
2024-11-12 13:41:21,914 INFO  MethodCallReplacementClassAdapter - Adding mock interface to class net/bytebuddy/matcher/CollectionSizeMatcher
2024-11-12 13:41:21,915 INFO  CreateClassResetClassAdapter - Creating brand-new static initializer in class net/bytebuddy/matcher/CollectionSizeMatcher
2024-11-12 13:41:21,915 INFO  EvoClassLoader - Keeping class: net.bytebuddy.matcher.CollectionSizeMatcher
2024-11-12 13:41:21,915 INFO  EvoClassLoader - Seeing class for first time: net.bytebuddy.description.type.TypeList$Generic$OfMethodExceptionTypes
2024-11-12 13:41:21,915 INFO  EvoClassLoader - Instrumenting class 'net.bytebuddy.description.type.TypeList$Generic$OfMethodExceptionTypes'.
2024-11-12 13:41:21,915 INFO  MethodCallReplacementClassAdapter - Adding mock interface to class net/bytebuddy/description/type/TypeList$Generic$OfMethodExceptionTypes
2024-11-12 13:41:21,915 INFO  CreateClassResetClassAdapter - Creating brand-new static initializer in class net/bytebuddy/description/type/TypeList$Generic$OfMethodExceptionTypes
2024-11-12 13:41:21,915 INFO  EvoClassLoader - Keeping class: net.bytebuddy.description.type.TypeList$Generic$OfMethodExceptionTypes
2024-11-12 13:41:21,915 INFO  EvoClassLoader - Seeing class for first time: net.bytebuddy.description.type.TypeList$Generic$OfConstructorExceptionTypes
2024-11-12 13:41:21,915 INFO  EvoClassLoader - Instrumenting class 'net.bytebuddy.description.type.TypeList$Generic$OfConstructorExceptionTypes'.
2024-11-12 13:41:21,916 INFO  MethodCallReplacementClassAdapter - Adding mock interface to class net/bytebuddy/description/type/TypeList$Generic$OfConstructorExceptionTypes
2024-11-12 13:41:21,916 INFO  CreateClassResetClassAdapter - Creating brand-new static initializer in class net/bytebuddy/description/type/TypeList$Generic$OfConstructorExceptionTypes
2024-11-12 13:41:21,916 INFO  EvoClassLoader - Keeping class: net.bytebuddy.description.type.TypeList$Generic$OfConstructorExceptionTypes
2024-11-12 13:41:21,916 INFO  EvoClassLoader - Seeing class for first time: net.bytebuddy.description.type.TypeList$Generic$OfLoadedInterfaceTypes
2024-11-12 13:41:21,916 INFO  EvoClassLoader - Instrumenting class 'net.bytebuddy.description.type.TypeList$Generic$OfLoadedInterfaceTypes'.
2024-11-12 13:41:21,916 INFO  MethodCallReplacementClassAdapter - Adding mock interface to class net/bytebuddy/description/type/TypeList$Generic$OfLoadedInterfaceTypes
2024-11-12 13:41:21,917 INFO  CreateClassResetClassAdapter - Creating brand-new static initializer in class net/bytebuddy/description/type/TypeList$Generic$OfLoadedInterfaceTypes
2024-11-12 13:41:21,917 INFO  EvoClassLoader - Keeping class: net.bytebuddy.description.type.TypeList$Generic$OfLoadedInterfaceTypes
2024-11-12 13:41:21,917 INFO  EvoClassLoader - Seeing class for first time: net.bytebuddy.description.type.TypeList$Generic$ForDetachedTypes
2024-11-12 13:41:21,917 INFO  EvoClassLoader - Instrumenting class 'net.bytebuddy.description.type.TypeList$Generic$ForDetachedTypes'.
2024-11-12 13:41:21,917 INFO  MethodCallReplacementClassAdapter - Adding mock interface to class net/bytebuddy/description/type/TypeList$Generic$ForDetachedTypes
2024-11-12 13:41:21,917 INFO  CreateClassResetClassAdapter - Creating brand-new static initializer in class net/bytebuddy/description/type/TypeList$Generic$ForDetachedTypes
2024-11-12 13:41:21,917 INFO  EvoClassLoader - Keeping class: net.bytebuddy.description.type.TypeList$Generic$ForDetachedTypes
2024-11-12 13:41:21,917 INFO  EvoClassLoader - Seeing class for first time: net.bytebuddy.description.type.TypeList$Generic$ForLoadedTypes
2024-11-12 13:41:21,917 INFO  EvoClassLoader - Instrumenting class 'net.bytebuddy.description.type.TypeList$Generic$ForLoadedTypes'.
2024-11-12 13:41:21,917 INFO  MethodCallReplacementClassAdapter - Adding mock interface to class net/bytebuddy/description/type/TypeList$Generic$ForLoadedTypes
2024-11-12 13:41:21,917 INFO  CreateClassResetClassAdapter - Creating brand-new static initializer in class net/bytebuddy/description/type/TypeList$Generic$ForLoadedTypes
2024-11-12 13:41:21,918 INFO  EvoClassLoader - Keeping class: net.bytebuddy.description.type.TypeList$Generic$ForLoadedTypes
2024-11-12 13:41:21,918 INFO  EvoClassLoader - Seeing class for first time: net.bytebuddy.matcher.ErasureMatcher
2024-11-12 13:41:21,918 INFO  EvoClassLoader - Instrumenting class 'net.bytebuddy.matcher.ErasureMatcher'.
2024-11-12 13:41:21,918 INFO  MethodCallReplacementClassAdapter - Adding mock interface to class net/bytebuddy/matcher/ErasureMatcher
2024-11-12 13:41:21,918 INFO  CreateClassResetClassAdapter - Creating brand-new static initializer in class net/bytebuddy/matcher/ErasureMatcher
2024-11-12 13:41:21,918 INFO  EvoClassLoader - Keeping class: net.bytebuddy.matcher.ErasureMatcher
2024-11-12 13:41:21,918 INFO  EvoClassLoader - Seeing class for first time: net.bytebuddy.matcher.MethodReturnTypeMatcher
2024-11-12 13:41:21,918 INFO  EvoClassLoader - Instrumenting class 'net.bytebuddy.matcher.MethodReturnTypeMatcher'.
2024-11-12 13:41:21,919 INFO  MethodCallReplacementClassAdapter - Adding mock interface to class net/bytebuddy/matcher/MethodReturnTypeMatcher
2024-11-12 13:41:21,919 INFO  CreateClassResetClassAdapter - Creating brand-new static initializer in class net/bytebuddy/matcher/MethodReturnTypeMatcher
2024-11-12 13:41:21,919 INFO  EvoClassLoader - Keeping class: net.bytebuddy.matcher.MethodReturnTypeMatcher
2024-11-12 13:41:21,919 INFO  EvoClassLoader - Seeing class for first time: net.bytebuddy.matcher.DeclaringTypeMatcher
2024-11-12 13:41:21,919 INFO  EvoClassLoader - Instrumenting class 'net.bytebuddy.matcher.DeclaringTypeMatcher'.
2024-11-12 13:41:21,919 INFO  MethodCallReplacementClassAdapter - Adding mock interface to class net/bytebuddy/matcher/DeclaringTypeMatcher
2024-11-12 13:41:21,919 INFO  CreateClassResetClassAdapter - Creating brand-new static initializer in class net/bytebuddy/matcher/DeclaringTypeMatcher
2024-11-12 13:41:21,919 INFO  EvoClassLoader - Keeping class: net.bytebuddy.matcher.DeclaringTypeMatcher
2024-11-12 13:41:21,919 INFO  EvoClassLoader - Seeing class for first time: org.mockito.internal.creation.bytebuddy.ModuleHandler
2024-11-12 13:41:21,919 INFO  EvoClassLoader - Instrumenting class 'org.mockito.internal.creation.bytebuddy.ModuleHandler'.
2024-11-12 13:41:21,920 INFO  MethodCallReplacementClassAdapter - Adding mock interface to class org/mockito/internal/creation/bytebuddy/ModuleHandler
2024-11-12 13:41:21,920 INFO  CreateClassResetClassAdapter - Creating brand-new static initializer in class org/mockito/internal/creation/bytebuddy/ModuleHandler
2024-11-12 13:41:21,920 INFO  EvoClassLoader - Keeping class: org.mockito.internal.creation.bytebuddy.ModuleHandler
2024-11-12 13:41:21,920 INFO  EvoClassLoader - Seeing class for first time: org.mockito.internal.creation.bytebuddy.ModuleHandler$ModuleSystemFound
2024-11-12 13:41:21,920 INFO  EvoClassLoader - Instrumenting class 'org.mockito.internal.creation.bytebuddy.ModuleHandler$ModuleSystemFound'.
2024-11-12 13:41:21,920 INFO  MethodCallReplacementClassAdapter - Adding mock interface to class org/mockito/internal/creation/bytebuddy/ModuleHandler$ModuleSystemFound
2024-11-12 13:41:21,922 INFO  CreateClassResetClassAdapter - Creating brand-new static initializer in class org/mockito/internal/creation/bytebuddy/ModuleHandler$ModuleSystemFound
2024-11-12 13:41:21,922 INFO  EvoClassLoader - Keeping class: org.mockito.internal.creation.bytebuddy.ModuleHandler$ModuleSystemFound
2024-11-12 13:41:21,922 INFO  EvoClassLoader - Seeing class for first time: org.mockito.internal.creation.bytebuddy.ModuleHandler$NoModuleSystemFound
2024-11-12 13:41:21,922 INFO  EvoClassLoader - Instrumenting class 'org.mockito.internal.creation.bytebuddy.ModuleHandler$NoModuleSystemFound'.
2024-11-12 13:41:21,922 INFO  MethodCallReplacementClassAdapter - Adding mock interface to class org/mockito/internal/creation/bytebuddy/ModuleHandler$NoModuleSystemFound
2024-11-12 13:41:21,922 INFO  CreateClassResetClassAdapter - Creating brand-new static initializer in class org/mockito/internal/creation/bytebuddy/ModuleHandler$NoModuleSystemFound
2024-11-12 13:41:21,922 INFO  EvoClassLoader - Keeping class: org.mockito.internal.creation.bytebuddy.ModuleHandler$NoModuleSystemFound
2024-11-12 13:41:21,923 INFO  EvoClassLoader - Seeing class for first time: net.bytebuddy.TypeCache$SimpleKey
2024-11-12 13:41:21,923 INFO  EvoClassLoader - Instrumenting class 'net.bytebuddy.TypeCache$SimpleKey'.
2024-11-12 13:41:21,923 INFO  MethodCallReplacementClassAdapter - Adding mock interface to class net/bytebuddy/TypeCache$SimpleKey
2024-11-12 13:41:21,924 INFO  CreateClassResetClassAdapter - Creating brand-new static initializer in class net/bytebuddy/TypeCache$SimpleKey
2024-11-12 13:41:21,924 INFO  EvoClassLoader - Keeping class: net.bytebuddy.TypeCache$SimpleKey
2024-11-12 13:41:21,924 INFO  EvoClassLoader - Seeing class for first time: net.bytebuddy.TypeCache$Sort
2024-11-12 13:41:21,924 INFO  EvoClassLoader - Instrumenting class 'net.bytebuddy.TypeCache$Sort'.
2024-11-12 13:41:21,924 INFO  MethodCallReplacementClassAdapter - Adding mock interface to class net/bytebuddy/TypeCache$Sort
2024-11-12 13:41:21,924 INFO  CreateClassResetClassAdapter - Found static initializer in class net/bytebuddy/TypeCache$Sort
2024-11-12 13:41:21,924 INFO  EvoClassLoader - Keeping class: net.bytebuddy.TypeCache$Sort
2024-11-12 13:41:21,924 INFO  EvoClassLoader - Seeing class for first time: net.bytebuddy.TypeCache$StorageKey
2024-11-12 13:41:21,924 INFO  EvoClassLoader - Instrumenting class 'net.bytebuddy.TypeCache$StorageKey'.
2024-11-12 13:41:21,924 INFO  MethodCallReplacementClassAdapter - Adding mock interface to class net/bytebuddy/TypeCache$StorageKey
2024-11-12 13:41:21,924 INFO  CreateClassResetClassAdapter - Creating brand-new static initializer in class net/bytebuddy/TypeCache$StorageKey
2024-11-12 13:41:21,925 INFO  EvoClassLoader - Keeping class: net.bytebuddy.TypeCache$StorageKey
2024-11-12 13:41:21,925 INFO  EvoClassLoader - Seeing class for first time: net.bytebuddy.TypeCache$LookupKey
2024-11-12 13:41:21,925 INFO  EvoClassLoader - Instrumenting class 'net.bytebuddy.TypeCache$LookupKey'.
2024-11-12 13:41:21,925 INFO  MethodCallReplacementClassAdapter - Adding mock interface to class net/bytebuddy/TypeCache$LookupKey
2024-11-12 13:41:21,925 INFO  CreateClassResetClassAdapter - Creating brand-new static initializer in class net/bytebuddy/TypeCache$LookupKey
2024-11-12 13:41:21,925 INFO  EvoClassLoader - Keeping class: net.bytebuddy.TypeCache$LookupKey
2024-11-12 13:41:21,925 INFO  EvoClassLoader - Seeing class for first time: net.bytebuddy.TypeCache$Sort$1
2024-11-12 13:41:21,925 INFO  EvoClassLoader - Instrumenting class 'net.bytebuddy.TypeCache$Sort$1'.
2024-11-12 13:41:21,925 INFO  MethodCallReplacementClassAdapter - Adding mock interface to class net/bytebuddy/TypeCache$Sort$1
2024-11-12 13:41:21,925 INFO  EvoClassLoader - Keeping class: net.bytebuddy.TypeCache$Sort$1
2024-11-12 13:41:21,925 INFO  EvoClassLoader - Seeing class for first time: net.bytebuddy.TypeCache$Sort$2
2024-11-12 13:41:21,925 INFO  EvoClassLoader - Instrumenting class 'net.bytebuddy.TypeCache$Sort$2'.
2024-11-12 13:41:21,925 INFO  MethodCallReplacementClassAdapter - Adding mock interface to class net/bytebuddy/TypeCache$Sort$2
2024-11-12 13:41:21,925 INFO  EvoClassLoader - Keeping class: net.bytebuddy.TypeCache$Sort$2
2024-11-12 13:41:21,925 INFO  EvoClassLoader - Seeing class for first time: org.mockito.internal.exceptions.stacktrace.DefaultStackTraceCleanerProvider
2024-11-12 13:41:21,925 INFO  EvoClassLoader - Instrumenting class 'org.mockito.internal.exceptions.stacktrace.DefaultStackTraceCleanerProvider'.
2024-11-12 13:41:21,926 INFO  MethodCallReplacementClassAdapter - Adding mock interface to class org/mockito/internal/exceptions/stacktrace/DefaultStackTraceCleanerProvider
2024-11-12 13:41:21,926 INFO  CreateClassResetClassAdapter - Creating brand-new static initializer in class org/mockito/internal/exceptions/stacktrace/DefaultStackTraceCleanerProvider
2024-11-12 13:41:21,926 INFO  EvoClassLoader - Defined package (3): package org.mockito.internal.exceptions.stacktrace, 1054137684
2024-11-12 13:41:21,926 INFO  EvoClassLoader - Keeping class: org.mockito.internal.exceptions.stacktrace.DefaultStackTraceCleanerProvider
2024-11-12 13:41:21,926 INFO  EvoClassLoader - Seeing class for first time: org.mockito.exceptions.stacktrace.StackTraceCleaner
2024-11-12 13:41:21,926 INFO  EvoClassLoader - Instrumenting class 'org.mockito.exceptions.stacktrace.StackTraceCleaner'.
2024-11-12 13:41:21,926 INFO  EvoClassLoader - Defined package (3): package org.mockito.exceptions.stacktrace, -1970331575
2024-11-12 13:41:21,926 INFO  EvoClassLoader - Keeping class: org.mockito.exceptions.stacktrace.StackTraceCleaner
2024-11-12 13:41:21,926 INFO  EvoClassLoader - Seeing class for first time: org.mockito.internal.configuration.InjectingAnnotationEngine
2024-11-12 13:41:21,926 INFO  EvoClassLoader - Instrumenting class 'org.mockito.internal.configuration.InjectingAnnotationEngine'.
2024-11-12 13:41:21,926 INFO  MethodCallReplacementClassAdapter - Adding mock interface to class org/mockito/internal/configuration/InjectingAnnotationEngine
2024-11-12 13:41:21,926 INFO  CreateClassResetClassAdapter - Creating brand-new static initializer in class org/mockito/internal/configuration/InjectingAnnotationEngine
2024-11-12 13:41:21,926 INFO  EvoClassLoader - Defined package (3): package org.mockito.internal.configuration, -292859549
2024-11-12 13:41:21,927 INFO  EvoClassLoader - Seeing class for first time: org.mockito.configuration.AnnotationEngine
2024-11-12 13:41:21,927 INFO  EvoClassLoader - Instrumenting class 'org.mockito.configuration.AnnotationEngine'.
2024-11-12 13:41:21,927 INFO  EvoClassLoader - Defined package (3): package org.mockito.configuration, 1488869720
2024-11-12 13:41:21,927 INFO  EvoClassLoader - Keeping class: org.mockito.configuration.AnnotationEngine
2024-11-12 13:41:21,927 INFO  EvoClassLoader - Keeping class: org.mockito.internal.configuration.InjectingAnnotationEngine
2024-11-12 13:41:21,927 INFO  EvoClassLoader - Seeing class for first time: org.mockito.internal.configuration.IndependentAnnotationEngine
2024-11-12 13:41:21,927 INFO  EvoClassLoader - Instrumenting class 'org.mockito.internal.configuration.IndependentAnnotationEngine'.
2024-11-12 13:41:21,927 INFO  MethodCallReplacementClassAdapter - Adding mock interface to class org/mockito/internal/configuration/IndependentAnnotationEngine
2024-11-12 13:41:21,928 INFO  CreateClassResetClassAdapter - Creating brand-new static initializer in class org/mockito/internal/configuration/IndependentAnnotationEngine
2024-11-12 13:41:21,928 INFO  EvoClassLoader - Keeping class: org.mockito.internal.configuration.IndependentAnnotationEngine
2024-11-12 13:41:21,928 INFO  EvoClassLoader - Seeing class for first time: org.mockito.internal.configuration.FieldAnnotationProcessor
2024-11-12 13:41:21,928 INFO  EvoClassLoader - Instrumenting class 'org.mockito.internal.configuration.FieldAnnotationProcessor'.
2024-11-12 13:41:21,929 INFO  EvoClassLoader - Keeping class: org.mockito.internal.configuration.FieldAnnotationProcessor
2024-11-12 13:41:21,929 INFO  EvoClassLoader - Seeing class for first time: org.mockito.internal.configuration.MockAnnotationProcessor
2024-11-12 13:41:21,929 INFO  EvoClassLoader - Instrumenting class 'org.mockito.internal.configuration.MockAnnotationProcessor'.
2024-11-12 13:41:21,929 INFO  MethodCallReplacementClassAdapter - Adding mock interface to class org/mockito/internal/configuration/MockAnnotationProcessor
2024-11-12 13:41:21,929 INFO  CreateClassResetClassAdapter - Creating brand-new static initializer in class org/mockito/internal/configuration/MockAnnotationProcessor
2024-11-12 13:41:21,929 INFO  EvoClassLoader - Keeping class: org.mockito.internal.configuration.MockAnnotationProcessor
2024-11-12 13:41:21,929 INFO  EvoClassLoader - Seeing class for first time: org.mockito.Mock
2024-11-12 13:41:21,929 INFO  EvoClassLoader - Instrumenting class 'org.mockito.Mock'.
2024-11-12 13:41:21,930 INFO  EvoClassLoader - Keeping class: org.mockito.Mock
2024-11-12 13:41:21,930 INFO  EvoClassLoader - Seeing class for first time: org.mockito.internal.configuration.CaptorAnnotationProcessor
2024-11-12 13:41:21,930 INFO  EvoClassLoader - Instrumenting class 'org.mockito.internal.configuration.CaptorAnnotationProcessor'.
2024-11-12 13:41:21,930 INFO  MethodCallReplacementClassAdapter - Adding mock interface to class org/mockito/internal/configuration/CaptorAnnotationProcessor
2024-11-12 13:41:21,930 INFO  CreateClassResetClassAdapter - Creating brand-new static initializer in class org/mockito/internal/configuration/CaptorAnnotationProcessor
2024-11-12 13:41:21,930 INFO  EvoClassLoader - Keeping class: org.mockito.internal.configuration.CaptorAnnotationProcessor
2024-11-12 13:41:21,930 INFO  EvoClassLoader - Seeing class for first time: org.mockito.Captor
2024-11-12 13:41:21,930 INFO  EvoClassLoader - Instrumenting class 'org.mockito.Captor'.
2024-11-12 13:41:21,931 INFO  EvoClassLoader - Keeping class: org.mockito.Captor
2024-11-12 13:41:21,931 INFO  EvoClassLoader - Seeing class for first time: org.mockito.internal.configuration.SpyAnnotationEngine
2024-11-12 13:41:21,931 INFO  EvoClassLoader - Instrumenting class 'org.mockito.internal.configuration.SpyAnnotationEngine'.
2024-11-12 13:41:21,931 INFO  MethodCallReplacementClassAdapter - Adding mock interface to class org/mockito/internal/configuration/SpyAnnotationEngine
2024-11-12 13:41:21,931 INFO  CreateClassResetClassAdapter - Creating brand-new static initializer in class org/mockito/internal/configuration/SpyAnnotationEngine
2024-11-12 13:41:21,932 INFO  EvoClassLoader - Keeping class: org.mockito.internal.configuration.SpyAnnotationEngine
2024-11-12 13:41:21,932 INFO  EvoClassLoader - Seeing class for first time: org.mockito.internal.util.ConsoleMockitoLogger
2024-11-12 13:41:21,932 INFO  EvoClassLoader - Instrumenting class 'org.mockito.internal.util.ConsoleMockitoLogger'.
2024-11-12 13:41:21,932 INFO  MethodCallReplacementClassAdapter - Adding mock interface to class org/mockito/internal/util/ConsoleMockitoLogger
2024-11-12 13:41:21,932 INFO  CreateClassResetClassAdapter - Creating brand-new static initializer in class org/mockito/internal/util/ConsoleMockitoLogger
2024-11-12 13:41:21,932 INFO  EvoClassLoader - Keeping class: org.mockito.internal.util.ConsoleMockitoLogger
2024-11-12 13:41:21,932 INFO  EvoClassLoader - Seeing class for first time: org.mockito.internal.creation.instance.ObjenesisInstantiator
2024-11-12 13:41:21,932 INFO  EvoClassLoader - Instrumenting class 'org.mockito.internal.creation.instance.ObjenesisInstantiator'.
2024-11-12 13:41:21,933 INFO  MethodCallReplacementClassAdapter - Adding mock interface to class org/mockito/internal/creation/instance/ObjenesisInstantiator
2024-11-12 13:41:21,933 INFO  CreateClassResetClassAdapter - Creating brand-new static initializer in class org/mockito/internal/creation/instance/ObjenesisInstantiator
2024-11-12 13:41:21,933 INFO  EvoClassLoader - Defined package (3): package org.mockito.internal.creation.instance, 1319125169
2024-11-12 13:41:21,933 INFO  EvoClassLoader - Seeing class for first time: org.mockito.creation.instance.Instantiator
2024-11-12 13:41:21,933 INFO  EvoClassLoader - Instrumenting class 'org.mockito.creation.instance.Instantiator'.
2024-11-12 13:41:21,933 INFO  EvoClassLoader - Keeping class: org.mockito.creation.instance.Instantiator
2024-11-12 13:41:21,933 INFO  EvoClassLoader - Keeping class: org.mockito.internal.creation.instance.ObjenesisInstantiator
2024-11-12 13:41:21,933 INFO  EvoClassLoader - Seeing class for first time: org.objenesis.ObjenesisBase
2024-11-12 13:41:21,933 INFO  EvoClassLoader - Instrumenting class 'org.objenesis.ObjenesisBase'.
2024-11-12 13:41:21,934 INFO  MethodCallReplacementClassAdapter - Adding mock interface to class org/objenesis/ObjenesisBase
2024-11-12 13:41:21,935 INFO  CreateClassResetClassAdapter - Creating brand-new static initializer in class org/objenesis/ObjenesisBase
2024-11-12 13:41:21,935 INFO  EvoClassLoader - Defined package (3): package org.objenesis, 1290585006
2024-11-12 13:41:21,935 INFO  EvoClassLoader - Seeing class for first time: org.objenesis.Objenesis
2024-11-12 13:41:21,935 INFO  EvoClassLoader - Instrumenting class 'org.objenesis.Objenesis'.
2024-11-12 13:41:21,935 INFO  EvoClassLoader - Keeping class: org.objenesis.Objenesis
2024-11-12 13:41:21,935 INFO  EvoClassLoader - Keeping class: org.objenesis.ObjenesisBase
2024-11-12 13:41:21,935 INFO  EvoClassLoader - Seeing class for first time: org.objenesis.instantiator.ObjectInstantiator
2024-11-12 13:41:21,935 INFO  EvoClassLoader - Instrumenting class 'org.objenesis.instantiator.ObjectInstantiator'.
2024-11-12 13:41:21,936 INFO  EvoClassLoader - Defined package (3): package org.objenesis.instantiator, 1421553214
2024-11-12 13:41:21,936 INFO  EvoClassLoader - Keeping class: org.objenesis.instantiator.ObjectInstantiator
2024-11-12 13:41:21,936 INFO  EvoClassLoader - Seeing class for first time: org.objenesis.ObjenesisStd
2024-11-12 13:41:21,936 INFO  EvoClassLoader - Instrumenting class 'org.objenesis.ObjenesisStd'.
2024-11-12 13:41:21,936 INFO  MethodCallReplacementClassAdapter - Adding mock interface to class org/objenesis/ObjenesisStd
2024-11-12 13:41:21,936 INFO  CreateClassResetClassAdapter - Creating brand-new static initializer in class org/objenesis/ObjenesisStd
2024-11-12 13:41:21,936 INFO  EvoClassLoader - Keeping class: org.objenesis.ObjenesisStd
2024-11-12 13:41:21,936 INFO  EvoClassLoader - Seeing class for first time: org.objenesis.strategy.InstantiatorStrategy
2024-11-12 13:41:21,936 INFO  EvoClassLoader - Instrumenting class 'org.objenesis.strategy.InstantiatorStrategy'.
2024-11-12 13:41:21,936 INFO  EvoClassLoader - Defined package (3): package org.objenesis.strategy, -2038098509
2024-11-12 13:41:21,936 INFO  EvoClassLoader - Keeping class: org.objenesis.strategy.InstantiatorStrategy
2024-11-12 13:41:21,936 INFO  EvoClassLoader - Seeing class for first time: org.mockito.internal.configuration.GlobalConfiguration
2024-11-12 13:41:21,936 INFO  EvoClassLoader - Instrumenting class 'org.mockito.internal.configuration.GlobalConfiguration'.
2024-11-12 13:41:21,936 INFO  MethodCallReplacementClassAdapter - Adding mock interface to class org/mockito/internal/configuration/GlobalConfiguration
2024-11-12 13:41:21,936 INFO  CreateClassResetClassAdapter - Found static initializer in class org/mockito/internal/configuration/GlobalConfiguration
2024-11-12 13:41:21,937 INFO  EvoClassLoader - Seeing class for first time: org.mockito.configuration.IMockitoConfiguration
2024-11-12 13:41:21,937 INFO  EvoClassLoader - Instrumenting class 'org.mockito.configuration.IMockitoConfiguration'.
2024-11-12 13:41:21,937 INFO  EvoClassLoader - Keeping class: org.mockito.configuration.IMockitoConfiguration
2024-11-12 13:41:21,937 INFO  EvoClassLoader - Keeping class: org.mockito.internal.configuration.GlobalConfiguration
2024-11-12 13:41:21,937 INFO  EvoClassLoader - Seeing class for first time: org.mockito.configuration.DefaultMockitoConfiguration
2024-11-12 13:41:21,937 INFO  EvoClassLoader - Instrumenting class 'org.mockito.configuration.DefaultMockitoConfiguration'.
2024-11-12 13:41:21,937 INFO  MethodCallReplacementClassAdapter - Adding mock interface to class org/mockito/configuration/DefaultMockitoConfiguration
2024-11-12 13:41:21,937 INFO  CreateClassResetClassAdapter - Creating brand-new static initializer in class org/mockito/configuration/DefaultMockitoConfiguration
2024-11-12 13:41:21,937 INFO  EvoClassLoader - Keeping class: org.mockito.configuration.DefaultMockitoConfiguration
2024-11-12 13:41:21,937 INFO  EvoClassLoader - Seeing class for first time: org.mockito.internal.configuration.ClassPathLoader
2024-11-12 13:41:21,937 INFO  EvoClassLoader - Instrumenting class 'org.mockito.internal.configuration.ClassPathLoader'.
2024-11-12 13:41:21,938 INFO  MethodCallReplacementClassAdapter - Adding mock interface to class org/mockito/internal/configuration/ClassPathLoader
2024-11-12 13:41:21,938 INFO  CreateClassResetClassAdapter - Creating brand-new static initializer in class org/mockito/internal/configuration/ClassPathLoader
2024-11-12 13:41:21,938 INFO  CreateClassResetClassAdapter - Adding bytecode for initializing field MOCKITO_CONFIGURATION_CLASS_NAME
2024-11-12 13:41:21,938 INFO  EvoClassLoader - Keeping class: org.mockito.internal.configuration.ClassPathLoader
2024-11-12 13:41:21,938 INFO  EvoClassLoader - Seeing class for first time: org.mockito.exceptions.misusing.MockitoConfigurationException
2024-11-12 13:41:21,938 INFO  EvoClassLoader - Instrumenting class 'org.mockito.exceptions.misusing.MockitoConfigurationException'.
2024-11-12 13:41:21,938 INFO  MethodCallReplacementClassAdapter - Adding mock interface to class org/mockito/exceptions/misusing/MockitoConfigurationException
2024-11-12 13:41:21,938 INFO  CreateClassResetClassAdapter - Creating brand-new static initializer in class org/mockito/exceptions/misusing/MockitoConfigurationException
2024-11-12 13:41:21,938 INFO  EvoClassLoader - Keeping class: org.mockito.exceptions.misusing.MockitoConfigurationException
2024-11-12 13:41:21,938 INFO  EvoClassLoader - Seeing class for first time: org.objenesis.strategy.BaseInstantiatorStrategy
2024-11-12 13:41:21,938 INFO  EvoClassLoader - Instrumenting class 'org.objenesis.strategy.BaseInstantiatorStrategy'.
2024-11-12 13:41:21,938 INFO  MethodCallReplacementClassAdapter - Adding mock interface to class org/objenesis/strategy/BaseInstantiatorStrategy
2024-11-12 13:41:21,938 INFO  CreateClassResetClassAdapter - Creating brand-new static initializer in class org/objenesis/strategy/BaseInstantiatorStrategy
2024-11-12 13:41:21,938 INFO  EvoClassLoader - Keeping class: org.objenesis.strategy.BaseInstantiatorStrategy
2024-11-12 13:41:21,938 INFO  EvoClassLoader - Seeing class for first time: org.objenesis.strategy.StdInstantiatorStrategy
2024-11-12 13:41:21,938 INFO  EvoClassLoader - Instrumenting class 'org.objenesis.strategy.StdInstantiatorStrategy'.
2024-11-12 13:41:21,939 INFO  MethodCallReplacementClassAdapter - Adding mock interface to class org/objenesis/strategy/StdInstantiatorStrategy
2024-11-12 13:41:21,939 INFO  CreateClassResetClassAdapter - Creating brand-new static initializer in class org/objenesis/strategy/StdInstantiatorStrategy
2024-11-12 13:41:21,939 INFO  EvoClassLoader - Keeping class: org.objenesis.strategy.StdInstantiatorStrategy
2024-11-12 13:41:21,939 INFO  EvoClassLoader - Seeing class for first time: org.mockito.internal.creation.instance.DefaultInstantiatorProvider
2024-11-12 13:41:21,939 INFO  EvoClassLoader - Instrumenting class 'org.mockito.internal.creation.instance.DefaultInstantiatorProvider'.
2024-11-12 13:41:21,939 INFO  MethodCallReplacementClassAdapter - Adding mock interface to class org/mockito/internal/creation/instance/DefaultInstantiatorProvider
2024-11-12 13:41:21,939 INFO  CreateClassResetClassAdapter - Found static initializer in class org/mockito/internal/creation/instance/DefaultInstantiatorProvider
2024-11-12 13:41:21,939 INFO  EvoClassLoader - Keeping class: org.mockito.internal.creation.instance.DefaultInstantiatorProvider
2024-11-12 13:41:21,939 INFO  EvoClassLoader - Seeing class for first time: org.mockito.configuration.MockitoConfiguration
2024-11-12 13:41:21,939 INFO  EvoClassLoader - Instrumenting class 'org.mockito.configuration.MockitoConfiguration'.
2024-11-12 13:41:21,940 INFO  EvoClassLoader - Error while loading class: java.lang.ClassNotFoundException: Class 'org/mockito/configuration/MockitoConfiguration.class' should be in target project, but could not be found!
2024-11-12 13:41:21,940 INFO  EvoClassLoader - Seeing class for first time: org.mockito.internal.configuration.plugins.Plugins
2024-11-12 13:41:21,940 INFO  EvoClassLoader - Instrumenting class 'org.mockito.internal.configuration.plugins.Plugins'.
2024-11-12 13:41:21,940 INFO  MethodCallReplacementClassAdapter - Adding mock interface to class org/mockito/internal/configuration/plugins/Plugins
2024-11-12 13:41:21,940 INFO  CreateClassResetClassAdapter - Found static initializer in class org/mockito/internal/configuration/plugins/Plugins
2024-11-12 13:41:21,940 INFO  EvoClassLoader - Keeping class: org.mockito.internal.configuration.plugins.Plugins
2024-11-12 13:41:21,940 INFO  EvoClassLoader - Seeing class for first time: org.mockito.plugins.InstantiatorProvider
2024-11-12 13:41:21,940 INFO  EvoClassLoader - Instrumenting class 'org.mockito.plugins.InstantiatorProvider'.
2024-11-12 13:41:21,941 INFO  EvoClassLoader - Keeping class: org.mockito.plugins.InstantiatorProvider
2024-11-12 13:41:21,941 INFO  EvoClassLoader - Seeing class for first time: org.mockito.internal.creation.bytebuddy.MockMethodInterceptor$DispatcherDefaultingToRealMethod
2024-11-12 13:41:21,941 INFO  EvoClassLoader - Instrumenting class 'org.mockito.internal.creation.bytebuddy.MockMethodInterceptor$DispatcherDefaultingToRealMethod'.
2024-11-12 13:41:21,941 INFO  MethodCallReplacementClassAdapter - Adding mock interface to class org/mockito/internal/creation/bytebuddy/MockMethodInterceptor$DispatcherDefaultingToRealMethod
2024-11-12 13:41:21,941 INFO  CreateClassResetClassAdapter - Creating brand-new static initializer in class org/mockito/internal/creation/bytebuddy/MockMethodInterceptor$DispatcherDefaultingToRealMethod
2024-11-12 13:41:21,941 INFO  EvoClassLoader - Keeping class: org.mockito.internal.creation.bytebuddy.MockMethodInterceptor$DispatcherDefaultingToRealMethod
2024-11-12 13:41:21,942 INFO  EvoClassLoader - Seeing class for first time: net.bytebuddy.implementation.bind.MethodDelegationBinder$AmbiguityResolver$NoOp
2024-11-12 13:41:21,942 INFO  EvoClassLoader - Instrumenting class 'net.bytebuddy.implementation.bind.MethodDelegationBinder$AmbiguityResolver$NoOp'.
2024-11-12 13:41:21,942 INFO  MethodCallReplacementClassAdapter - Adding mock interface to class net/bytebuddy/implementation/bind/MethodDelegationBinder$AmbiguityResolver$NoOp
2024-11-12 13:41:21,942 INFO  CreateClassResetClassAdapter - Found static initializer in class net/bytebuddy/implementation/bind/MethodDelegationBinder$AmbiguityResolver$NoOp
2024-11-12 13:41:21,942 INFO  EvoClassLoader - Keeping class: net.bytebuddy.implementation.bind.MethodDelegationBinder$AmbiguityResolver$NoOp
2024-11-12 13:41:21,942 INFO  EvoClassLoader - Seeing class for first time: org.mockito.internal.invocation.RealMethod
2024-11-12 13:41:21,942 INFO  EvoClassLoader - Instrumenting class 'org.mockito.internal.invocation.RealMethod'.
2024-11-12 13:41:21,942 INFO  EvoClassLoader - Keeping class: org.mockito.internal.invocation.RealMethod
2024-11-12 13:41:21,942 INFO  EvoClassLoader - Seeing class for first time: org.mockito.internal.creation.bytebuddy.MockMethodInterceptor
2024-11-12 13:41:21,942 INFO  EvoClassLoader - Instrumenting class 'org.mockito.internal.creation.bytebuddy.MockMethodInterceptor'.
2024-11-12 13:41:21,942 INFO  MethodCallReplacementClassAdapter - Adding mock interface to class org/mockito/internal/creation/bytebuddy/MockMethodInterceptor
2024-11-12 13:41:21,943 INFO  CreateClassResetClassAdapter - Creating brand-new static initializer in class org/mockito/internal/creation/bytebuddy/MockMethodInterceptor
2024-11-12 13:41:21,943 INFO  EvoClassLoader - Keeping class: org.mockito.internal.creation.bytebuddy.MockMethodInterceptor
2024-11-12 13:41:21,947 INFO  EvoClassLoader - Seeing class for first time: org.mockito.internal.creation.bytebuddy.MockMethodInterceptor$ForHashCode
2024-11-12 13:41:21,947 INFO  EvoClassLoader - Instrumenting class 'org.mockito.internal.creation.bytebuddy.MockMethodInterceptor$ForHashCode'.
2024-11-12 13:41:21,948 INFO  MethodCallReplacementClassAdapter - Adding mock interface to class org/mockito/internal/creation/bytebuddy/MockMethodInterceptor$ForHashCode
2024-11-12 13:41:21,948 INFO  CreateClassResetClassAdapter - Creating brand-new static initializer in class org/mockito/internal/creation/bytebuddy/MockMethodInterceptor$ForHashCode
2024-11-12 13:41:21,948 INFO  EvoClassLoader - Keeping class: org.mockito.internal.creation.bytebuddy.MockMethodInterceptor$ForHashCode
2024-11-12 13:41:21,948 INFO  EvoClassLoader - Seeing class for first time: org.mockito.internal.creation.bytebuddy.MockMethodInterceptor$ForEquals
2024-11-12 13:41:21,948 INFO  EvoClassLoader - Instrumenting class 'org.mockito.internal.creation.bytebuddy.MockMethodInterceptor$ForEquals'.
2024-11-12 13:41:21,948 INFO  MethodCallReplacementClassAdapter - Adding mock interface to class org/mockito/internal/creation/bytebuddy/MockMethodInterceptor$ForEquals
2024-11-12 13:41:21,948 INFO  CreateClassResetClassAdapter - Creating brand-new static initializer in class org/mockito/internal/creation/bytebuddy/MockMethodInterceptor$ForEquals
2024-11-12 13:41:21,949 INFO  EvoClassLoader - Keeping class: org.mockito.internal.creation.bytebuddy.MockMethodInterceptor$ForEquals
2024-11-12 13:41:21,950 INFO  EvoClassLoader - Seeing class for first time: org.mockito.internal.creation.bytebuddy.MockMethodInterceptor$ForWriteReplace
2024-11-12 13:41:21,950 INFO  EvoClassLoader - Instrumenting class 'org.mockito.internal.creation.bytebuddy.MockMethodInterceptor$ForWriteReplace'.
2024-11-12 13:41:21,951 INFO  MethodCallReplacementClassAdapter - Adding mock interface to class org/mockito/internal/creation/bytebuddy/MockMethodInterceptor$ForWriteReplace
2024-11-12 13:41:21,951 INFO  CreateClassResetClassAdapter - Creating brand-new static initializer in class org/mockito/internal/creation/bytebuddy/MockMethodInterceptor$ForWriteReplace
2024-11-12 13:41:21,951 INFO  EvoClassLoader - Keeping class: org.mockito.internal.creation.bytebuddy.MockMethodInterceptor$ForWriteReplace
2024-11-12 13:41:21,951 INFO  EvoClassLoader - Seeing class for first time: org.mockito.internal.creation.bytebuddy.MockAccess
2024-11-12 13:41:21,951 INFO  EvoClassLoader - Instrumenting class 'org.mockito.internal.creation.bytebuddy.MockAccess'.
2024-11-12 13:41:21,952 INFO  EvoClassLoader - Keeping class: org.mockito.internal.creation.bytebuddy.MockAccess
2024-11-12 13:41:21,957 INFO  EvoClassLoader - Seeing class for first time: org.mockito.internal.util.MockUtil
2024-11-12 13:41:21,957 INFO  EvoClassLoader - Instrumenting class 'org.mockito.internal.util.MockUtil'.
2024-11-12 13:41:21,958 INFO  MethodCallReplacementClassAdapter - Adding mock interface to class org/mockito/internal/util/MockUtil
2024-11-12 13:41:21,958 INFO  CreateClassResetClassAdapter - Found static initializer in class org/mockito/internal/util/MockUtil
2024-11-12 13:41:21,959 INFO  EvoClassLoader - Keeping class: org.mockito.internal.util.MockUtil
2024-11-12 13:41:21,959 INFO  EvoClassLoader - Seeing class for first time: org.mockito.internal.creation.bytebuddy.SubclassByteBuddyMockMaker$1
2024-11-12 13:41:21,959 INFO  EvoClassLoader - Instrumenting class 'org.mockito.internal.creation.bytebuddy.SubclassByteBuddyMockMaker$1'.
2024-11-12 13:41:21,959 INFO  MethodCallReplacementClassAdapter - Adding mock interface to class org/mockito/internal/creation/bytebuddy/SubclassByteBuddyMockMaker$1
2024-11-12 13:41:21,960 INFO  EvoClassLoader - Keeping class: org.mockito.internal.creation.bytebuddy.SubclassByteBuddyMockMaker$1
2024-11-12 13:41:21,960 INFO  EvoClassLoader - Seeing class for first time: org.mockito.internal.util.MockNameImpl
2024-11-12 13:41:21,960 INFO  EvoClassLoader - Instrumenting class 'org.mockito.internal.util.MockNameImpl'.
2024-11-12 13:41:21,960 INFO  MethodCallReplacementClassAdapter - Adding mock interface to class org/mockito/internal/util/MockNameImpl
2024-11-12 13:41:21,961 INFO  CreateClassResetClassAdapter - Creating brand-new static initializer in class org/mockito/internal/util/MockNameImpl
2024-11-12 13:41:21,961 INFO  EvoClassLoader - Keeping class: org.mockito.internal.util.MockNameImpl
2024-11-12 13:41:21,961 INFO  EvoClassLoader - Seeing class for first time: org.mockito.internal.handler.MockHandlerFactory
2024-11-12 13:41:21,961 INFO  EvoClassLoader - Instrumenting class 'org.mockito.internal.handler.MockHandlerFactory'.
2024-11-12 13:41:21,961 INFO  MethodCallReplacementClassAdapter - Adding mock interface to class org/mockito/internal/handler/MockHandlerFactory
2024-11-12 13:41:21,962 INFO  CreateClassResetClassAdapter - Creating brand-new static initializer in class org/mockito/internal/handler/MockHandlerFactory
2024-11-12 13:41:21,962 INFO  EvoClassLoader - Defined package (3): package org.mockito.internal.handler, 153635191
2024-11-12 13:41:21,963 INFO  EvoClassLoader - Keeping class: org.mockito.internal.handler.MockHandlerFactory
2024-11-12 13:41:21,963 INFO  EvoClassLoader - Seeing class for first time: org.mockito.internal.handler.MockHandlerImpl
2024-11-12 13:41:21,963 INFO  EvoClassLoader - Instrumenting class 'org.mockito.internal.handler.MockHandlerImpl'.
2024-11-12 13:41:21,964 INFO  MethodCallReplacementClassAdapter - Adding mock interface to class org/mockito/internal/handler/MockHandlerImpl
2024-11-12 13:41:21,964 INFO  CreateClassResetClassAdapter - Creating brand-new static initializer in class org/mockito/internal/handler/MockHandlerImpl
2024-11-12 13:41:21,964 INFO  EvoClassLoader - Keeping class: org.mockito.internal.handler.MockHandlerImpl
2024-11-12 13:41:21,965 INFO  EvoClassLoader - Seeing class for first time: org.mockito.internal.invocation.MatchersBinder
2024-11-12 13:41:21,965 INFO  EvoClassLoader - Instrumenting class 'org.mockito.internal.invocation.MatchersBinder'.
2024-11-12 13:41:21,965 INFO  MethodCallReplacementClassAdapter - Adding mock interface to class org/mockito/internal/invocation/MatchersBinder
2024-11-12 13:41:21,966 INFO  CreateClassResetClassAdapter - Creating brand-new static initializer in class org/mockito/internal/invocation/MatchersBinder
2024-11-12 13:41:21,966 INFO  EvoClassLoader - Keeping class: org.mockito.internal.invocation.MatchersBinder
2024-11-12 13:41:21,966 INFO  EvoClassLoader - Seeing class for first time: org.mockito.internal.progress.ArgumentMatcherStorage
2024-11-12 13:41:21,966 INFO  EvoClassLoader - Instrumenting class 'org.mockito.internal.progress.ArgumentMatcherStorage'.
2024-11-12 13:41:21,967 INFO  EvoClassLoader - Defined package (3): package org.mockito.internal.progress, -535423584
2024-11-12 13:41:21,967 INFO  EvoClassLoader - Keeping class: org.mockito.internal.progress.ArgumentMatcherStorage
2024-11-12 13:41:21,967 INFO  EvoClassLoader - Seeing class for first time: org.mockito.invocation.StubInfo
2024-11-12 13:41:21,967 INFO  EvoClassLoader - Instrumenting class 'org.mockito.invocation.StubInfo'.
2024-11-12 13:41:21,967 INFO  EvoClassLoader - Keeping class: org.mockito.invocation.StubInfo
2024-11-12 13:41:21,967 INFO  EvoClassLoader - Seeing class for first time: org.mockito.internal.verification.RegisteredInvocations
2024-11-12 13:41:21,967 INFO  EvoClassLoader - Instrumenting class 'org.mockito.internal.verification.RegisteredInvocations'.
2024-11-12 13:41:21,968 INFO  EvoClassLoader - Defined package (3): package org.mockito.internal.verification, -1833289714
2024-11-12 13:41:21,968 INFO  EvoClassLoader - Keeping class: org.mockito.internal.verification.RegisteredInvocations
2024-11-12 13:41:21,968 INFO  EvoClassLoader - Seeing class for first time: org.mockito.internal.verification.DefaultRegisteredInvocations
2024-11-12 13:41:21,968 INFO  EvoClassLoader - Instrumenting class 'org.mockito.internal.verification.DefaultRegisteredInvocations'.
2024-11-12 13:41:21,968 INFO  MethodCallReplacementClassAdapter - Adding mock interface to class org/mockito/internal/verification/DefaultRegisteredInvocations
2024-11-12 13:41:21,969 INFO  CreateClassResetClassAdapter - Creating brand-new static initializer in class org/mockito/internal/verification/DefaultRegisteredInvocations
2024-11-12 13:41:21,969 INFO  EvoClassLoader - Keeping class: org.mockito.internal.verification.DefaultRegisteredInvocations
2024-11-12 13:41:21,969 INFO  EvoClassLoader - Seeing class for first time: org.mockito.internal.util.collections.ListUtil$Filter
2024-11-12 13:41:21,969 INFO  EvoClassLoader - Instrumenting class 'org.mockito.internal.util.collections.ListUtil$Filter'.
2024-11-12 13:41:21,969 INFO  EvoClassLoader - Keeping class: org.mockito.internal.util.collections.ListUtil$Filter
2024-11-12 13:41:21,969 INFO  EvoClassLoader - Seeing class for first time: org.mockito.internal.stubbing.DoAnswerStyleStubbing
2024-11-12 13:41:21,969 INFO  EvoClassLoader - Instrumenting class 'org.mockito.internal.stubbing.DoAnswerStyleStubbing'.
2024-11-12 13:41:21,970 INFO  MethodCallReplacementClassAdapter - Adding mock interface to class org/mockito/internal/stubbing/DoAnswerStyleStubbing
2024-11-12 13:41:21,970 INFO  CreateClassResetClassAdapter - Creating brand-new static initializer in class org/mockito/internal/stubbing/DoAnswerStyleStubbing
2024-11-12 13:41:21,970 INFO  EvoClassLoader - Keeping class: org.mockito.internal.stubbing.DoAnswerStyleStubbing
2024-11-12 13:41:21,970 INFO  EvoClassLoader - Seeing class for first time: org.mockito.internal.handler.NullResultGuardian
2024-11-12 13:41:21,970 INFO  EvoClassLoader - Instrumenting class 'org.mockito.internal.handler.NullResultGuardian'.
2024-11-12 13:41:21,970 INFO  MethodCallReplacementClassAdapter - Adding mock interface to class org/mockito/internal/handler/NullResultGuardian
2024-11-12 13:41:21,971 INFO  CreateClassResetClassAdapter - Creating brand-new static initializer in class org/mockito/internal/handler/NullResultGuardian
2024-11-12 13:41:21,971 INFO  EvoClassLoader - Keeping class: org.mockito.internal.handler.NullResultGuardian
2024-11-12 13:41:21,971 INFO  EvoClassLoader - Seeing class for first time: org.mockito.internal.handler.InvocationNotifierHandler
2024-11-12 13:41:21,971 INFO  EvoClassLoader - Instrumenting class 'org.mockito.internal.handler.InvocationNotifierHandler'.
2024-11-12 13:41:21,971 INFO  MethodCallReplacementClassAdapter - Adding mock interface to class org/mockito/internal/handler/InvocationNotifierHandler
2024-11-12 13:41:21,971 INFO  CreateClassResetClassAdapter - Creating brand-new static initializer in class org/mockito/internal/handler/InvocationNotifierHandler
2024-11-12 13:41:21,971 INFO  EvoClassLoader - Keeping class: org.mockito.internal.handler.InvocationNotifierHandler
2024-11-12 13:41:21,972 INFO  EvoClassLoader - Seeing class for first time: org.mockito.listeners.MethodInvocationReport
2024-11-12 13:41:21,972 INFO  EvoClassLoader - Instrumenting class 'org.mockito.listeners.MethodInvocationReport'.
2024-11-12 13:41:21,972 INFO  EvoClassLoader - Keeping class: org.mockito.listeners.MethodInvocationReport
2024-11-12 13:41:21,972 INFO  EvoClassLoader - Seeing class for first time: org.mockito.internal.creation.bytebuddy.TypeCachingBytecodeGenerator$MockitoMockKey
2024-11-12 13:41:21,972 INFO  EvoClassLoader - Instrumenting class 'org.mockito.internal.creation.bytebuddy.TypeCachingBytecodeGenerator$MockitoMockKey'.
2024-11-12 13:41:21,972 INFO  MethodCallReplacementClassAdapter - Adding mock interface to class org/mockito/internal/creation/bytebuddy/TypeCachingBytecodeGenerator$MockitoMockKey
2024-11-12 13:41:21,972 INFO  CreateClassResetClassAdapter - Creating brand-new static initializer in class org/mockito/internal/creation/bytebuddy/TypeCachingBytecodeGenerator$MockitoMockKey
2024-11-12 13:41:21,973 INFO  EvoClassLoader - Keeping class: org.mockito.internal.creation.bytebuddy.TypeCachingBytecodeGenerator$MockitoMockKey
2024-11-12 13:41:21,973 INFO  EvoClassLoader - Seeing class for first time: net.bytebuddy.utility.CompoundList
2024-11-12 13:41:21,973 INFO  EvoClassLoader - Instrumenting class 'net.bytebuddy.utility.CompoundList'.
2024-11-12 13:41:21,973 INFO  MethodCallReplacementClassAdapter - Adding mock interface to class net/bytebuddy/utility/CompoundList
2024-11-12 13:41:21,973 INFO  CreateClassResetClassAdapter - Creating brand-new static initializer in class net/bytebuddy/utility/CompoundList
2024-11-12 13:41:21,973 INFO  EvoClassLoader - Keeping class: net.bytebuddy.utility.CompoundList
2024-11-12 13:41:21,973 INFO  EvoClassLoader - Seeing class for first time: org.mockito.internal.creation.bytebuddy.TypeCachingBytecodeGenerator$1
2024-11-12 13:41:21,973 INFO  EvoClassLoader - Instrumenting class 'org.mockito.internal.creation.bytebuddy.TypeCachingBytecodeGenerator$1'.
2024-11-12 13:41:21,973 INFO  MethodCallReplacementClassAdapter - Adding mock interface to class org/mockito/internal/creation/bytebuddy/TypeCachingBytecodeGenerator$1
2024-11-12 13:41:21,973 INFO  EvoClassLoader - Keeping class: org.mockito.internal.creation.bytebuddy.TypeCachingBytecodeGenerator$1
2024-11-12 13:41:21,973 INFO  EvoClassLoader - Seeing class for first time: net.bytebuddy.dynamic.loading.MultipleParentClassLoader$Builder
2024-11-12 13:41:21,973 INFO  EvoClassLoader - Instrumenting class 'net.bytebuddy.dynamic.loading.MultipleParentClassLoader$Builder'.
2024-11-12 13:41:21,974 INFO  MethodCallReplacementClassAdapter - Adding mock interface to class net/bytebuddy/dynamic/loading/MultipleParentClassLoader$Builder
2024-11-12 13:41:21,974 INFO  CreateClassResetClassAdapter - Creating brand-new static initializer in class net/bytebuddy/dynamic/loading/MultipleParentClassLoader$Builder
2024-11-12 13:41:21,974 INFO  CreateClassResetClassAdapter - Adding bytecode for initializing field ONLY
2024-11-12 13:41:21,975 INFO  EvoClassLoader - Keeping class: net.bytebuddy.dynamic.loading.MultipleParentClassLoader$Builder
2024-11-12 13:41:21,975 INFO  EvoClassLoader - Seeing class for first time: net.bytebuddy.dynamic.loading.MultipleParentClassLoader
2024-11-12 13:41:21,975 INFO  EvoClassLoader - Instrumenting class 'net.bytebuddy.dynamic.loading.MultipleParentClassLoader'.
2024-11-12 13:41:21,975 INFO  MethodCallReplacementClassAdapter - Adding mock interface to class net/bytebuddy/dynamic/loading/MultipleParentClassLoader
2024-11-12 13:41:21,975 INFO  CreateClassResetClassAdapter - Creating brand-new static initializer in class net/bytebuddy/dynamic/loading/MultipleParentClassLoader
2024-11-12 13:41:21,975 INFO  EvoClassLoader - Seeing class for first time: net.bytebuddy.dynamic.loading.InjectionClassLoader
2024-11-12 13:41:21,975 INFO  EvoClassLoader - Instrumenting class 'net.bytebuddy.dynamic.loading.InjectionClassLoader'.
2024-11-12 13:41:21,975 INFO  MethodCallReplacementClassAdapter - Adding mock interface to class net/bytebuddy/dynamic/loading/InjectionClassLoader
2024-11-12 13:41:21,976 INFO  CreateClassResetClassAdapter - Creating brand-new static initializer in class net/bytebuddy/dynamic/loading/InjectionClassLoader
2024-11-12 13:41:21,976 INFO  EvoClassLoader - Keeping class: net.bytebuddy.dynamic.loading.InjectionClassLoader
2024-11-12 13:41:21,976 INFO  EvoClassLoader - Keeping class: net.bytebuddy.dynamic.loading.MultipleParentClassLoader
2024-11-12 13:41:21,977 INFO  EvoClassLoader - Seeing class for first time: net.bytebuddy.dynamic.scaffold.subclass.ConstructorStrategy$Default
2024-11-12 13:41:21,977 INFO  EvoClassLoader - Instrumenting class 'net.bytebuddy.dynamic.scaffold.subclass.ConstructorStrategy$Default'.
2024-11-12 13:41:21,977 INFO  MethodCallReplacementClassAdapter - Adding mock interface to class net/bytebuddy/dynamic/scaffold/subclass/ConstructorStrategy$Default
2024-11-12 13:41:21,977 INFO  CreateClassResetClassAdapter - Found static initializer in class net/bytebuddy/dynamic/scaffold/subclass/ConstructorStrategy$Default
2024-11-12 13:41:21,977 INFO  EvoClassLoader - Keeping class: net.bytebuddy.dynamic.scaffold.subclass.ConstructorStrategy$Default
2024-11-12 13:41:21,977 INFO  EvoClassLoader - Seeing class for first time: net.bytebuddy.dynamic.scaffold.subclass.ConstructorStrategy$ForDefaultConstructor
2024-11-12 13:41:21,977 INFO  EvoClassLoader - Instrumenting class 'net.bytebuddy.dynamic.scaffold.subclass.ConstructorStrategy$ForDefaultConstructor'.
2024-11-12 13:41:21,977 INFO  MethodCallReplacementClassAdapter - Adding mock interface to class net/bytebuddy/dynamic/scaffold/subclass/ConstructorStrategy$ForDefaultConstructor
2024-11-12 13:41:21,978 INFO  CreateClassResetClassAdapter - Creating brand-new static initializer in class net/bytebuddy/dynamic/scaffold/subclass/ConstructorStrategy$ForDefaultConstructor
2024-11-12 13:41:21,978 INFO  EvoClassLoader - Keeping class: net.bytebuddy.dynamic.scaffold.subclass.ConstructorStrategy$ForDefaultConstructor
2024-11-12 13:41:21,979 INFO  EvoClassLoader - Seeing class for first time: net.bytebuddy.dynamic.scaffold.subclass.ConstructorStrategy$Default$1
2024-11-12 13:41:21,979 INFO  EvoClassLoader - Instrumenting class 'net.bytebuddy.dynamic.scaffold.subclass.ConstructorStrategy$Default$1'.
2024-11-12 13:41:21,979 INFO  MethodCallReplacementClassAdapter - Adding mock interface to class net/bytebuddy/dynamic/scaffold/subclass/ConstructorStrategy$Default$1
2024-11-12 13:41:21,979 INFO  EvoClassLoader - Keeping class: net.bytebuddy.dynamic.scaffold.subclass.ConstructorStrategy$Default$1
2024-11-12 13:41:21,979 INFO  EvoClassLoader - Seeing class for first time: net.bytebuddy.dynamic.scaffold.subclass.ConstructorStrategy$Default$2
2024-11-12 13:41:21,979 INFO  EvoClassLoader - Instrumenting class 'net.bytebuddy.dynamic.scaffold.subclass.ConstructorStrategy$Default$2'.
2024-11-12 13:41:21,979 INFO  MethodCallReplacementClassAdapter - Adding mock interface to class net/bytebuddy/dynamic/scaffold/subclass/ConstructorStrategy$Default$2
2024-11-12 13:41:21,980 INFO  EvoClassLoader - Keeping class: net.bytebuddy.dynamic.scaffold.subclass.ConstructorStrategy$Default$2
2024-11-12 13:41:21,980 INFO  EvoClassLoader - Seeing class for first time: net.bytebuddy.dynamic.scaffold.subclass.ConstructorStrategy$Default$3
2024-11-12 13:41:21,980 INFO  EvoClassLoader - Instrumenting class 'net.bytebuddy.dynamic.scaffold.subclass.ConstructorStrategy$Default$3'.
2024-11-12 13:41:21,981 INFO  MethodCallReplacementClassAdapter - Adding mock interface to class net/bytebuddy/dynamic/scaffold/subclass/ConstructorStrategy$Default$3
2024-11-12 13:41:21,981 INFO  EvoClassLoader - Keeping class: net.bytebuddy.dynamic.scaffold.subclass.ConstructorStrategy$Default$3
2024-11-12 13:41:21,981 INFO  EvoClassLoader - Seeing class for first time: net.bytebuddy.dynamic.scaffold.subclass.ConstructorStrategy$Default$4
2024-11-12 13:41:21,981 INFO  EvoClassLoader - Instrumenting class 'net.bytebuddy.dynamic.scaffold.subclass.ConstructorStrategy$Default$4'.
2024-11-12 13:41:21,981 INFO  MethodCallReplacementClassAdapter - Adding mock interface to class net/bytebuddy/dynamic/scaffold/subclass/ConstructorStrategy$Default$4
2024-11-12 13:41:21,982 INFO  EvoClassLoader - Keeping class: net.bytebuddy.dynamic.scaffold.subclass.ConstructorStrategy$Default$4
2024-11-12 13:41:21,982 INFO  EvoClassLoader - Seeing class for first time: net.bytebuddy.dynamic.scaffold.subclass.ConstructorStrategy$Default$5
2024-11-12 13:41:21,982 INFO  EvoClassLoader - Instrumenting class 'net.bytebuddy.dynamic.scaffold.subclass.ConstructorStrategy$Default$5'.
2024-11-12 13:41:21,982 INFO  MethodCallReplacementClassAdapter - Adding mock interface to class net/bytebuddy/dynamic/scaffold/subclass/ConstructorStrategy$Default$5
2024-11-12 13:41:21,983 INFO  EvoClassLoader - Keeping class: net.bytebuddy.dynamic.scaffold.subclass.ConstructorStrategy$Default$5
2024-11-12 13:41:21,983 INFO  EvoClassLoader - Seeing class for first time: net.bytebuddy.dynamic.scaffold.MethodRegistry
2024-11-12 13:41:21,983 INFO  EvoClassLoader - Instrumenting class 'net.bytebuddy.dynamic.scaffold.MethodRegistry'.
2024-11-12 13:41:21,983 INFO  EvoClassLoader - Keeping class: net.bytebuddy.dynamic.scaffold.MethodRegistry
2024-11-12 13:41:21,984 INFO  EvoClassLoader - Seeing class for first time: net.bytebuddy.dynamic.scaffold.MethodRegistry$Handler
2024-11-12 13:41:21,984 INFO  EvoClassLoader - Instrumenting class 'net.bytebuddy.dynamic.scaffold.MethodRegistry$Handler'.
2024-11-12 13:41:21,984 INFO  EvoClassLoader - Keeping class: net.bytebuddy.dynamic.scaffold.MethodRegistry$Handler
2024-11-12 13:41:21,984 INFO  EvoClassLoader - Seeing class for first time: net.bytebuddy.dynamic.DynamicType$Builder$AbstractBase
2024-11-12 13:41:21,984 INFO  EvoClassLoader - Instrumenting class 'net.bytebuddy.dynamic.DynamicType$Builder$AbstractBase'.
2024-11-12 13:41:21,985 INFO  MethodCallReplacementClassAdapter - Adding mock interface to class net/bytebuddy/dynamic/DynamicType$Builder$AbstractBase
2024-11-12 13:41:21,989 INFO  CreateClassResetClassAdapter - Creating brand-new static initializer in class net/bytebuddy/dynamic/DynamicType$Builder$AbstractBase
2024-11-12 13:41:21,989 INFO  EvoClassLoader - Keeping class: net.bytebuddy.dynamic.DynamicType$Builder$AbstractBase
2024-11-12 13:41:21,989 INFO  EvoClassLoader - Seeing class for first time: net.bytebuddy.dynamic.DynamicType
2024-11-12 13:41:21,989 INFO  EvoClassLoader - Instrumenting class 'net.bytebuddy.dynamic.DynamicType'.
2024-11-12 13:41:21,990 INFO  EvoClassLoader - Keeping class: net.bytebuddy.dynamic.DynamicType
2024-11-12 13:41:21,990 INFO  EvoClassLoader - Seeing class for first time: net.bytebuddy.dynamic.DynamicType$Builder$MethodDefinition$ReceiverTypeDefinition
2024-11-12 13:41:21,990 INFO  EvoClassLoader - Instrumenting class 'net.bytebuddy.dynamic.DynamicType$Builder$MethodDefinition$ReceiverTypeDefinition'.
2024-11-12 13:41:21,990 INFO  EvoClassLoader - Seeing class for first time: net.bytebuddy.dynamic.DynamicType$Builder$MethodDefinition
2024-11-12 13:41:21,990 INFO  EvoClassLoader - Instrumenting class 'net.bytebuddy.dynamic.DynamicType$Builder$MethodDefinition'.
2024-11-12 13:41:21,990 INFO  EvoClassLoader - Keeping class: net.bytebuddy.dynamic.DynamicType$Builder$MethodDefinition
2024-11-12 13:41:21,990 INFO  EvoClassLoader - Keeping class: net.bytebuddy.dynamic.DynamicType$Builder$MethodDefinition$ReceiverTypeDefinition
2024-11-12 13:41:21,990 INFO  EvoClassLoader - Seeing class for first time: net.bytebuddy.dynamic.DynamicType$Builder$FieldDefinition$Optional
2024-11-12 13:41:21,990 INFO  EvoClassLoader - Instrumenting class 'net.bytebuddy.dynamic.DynamicType$Builder$FieldDefinition$Optional'.
2024-11-12 13:41:21,990 INFO  EvoClassLoader - Seeing class for first time: net.bytebuddy.dynamic.DynamicType$Builder$FieldDefinition
2024-11-12 13:41:21,990 INFO  EvoClassLoader - Instrumenting class 'net.bytebuddy.dynamic.DynamicType$Builder$FieldDefinition'.
2024-11-12 13:41:21,990 INFO  EvoClassLoader - Keeping class: net.bytebuddy.dynamic.DynamicType$Builder$FieldDefinition
2024-11-12 13:41:21,991 INFO  EvoClassLoader - Keeping class: net.bytebuddy.dynamic.DynamicType$Builder$FieldDefinition$Optional
2024-11-12 13:41:21,991 INFO  EvoClassLoader - Seeing class for first time: net.bytebuddy.dynamic.DynamicType$Builder$MethodDefinition$ParameterDefinition
2024-11-12 13:41:21,991 INFO  EvoClassLoader - Instrumenting class 'net.bytebuddy.dynamic.DynamicType$Builder$MethodDefinition$ParameterDefinition'.
2024-11-12 13:41:21,991 INFO  EvoClassLoader - Seeing class for first time: net.bytebuddy.dynamic.DynamicType$Builder$MethodDefinition$ExceptionDefinition
2024-11-12 13:41:21,991 INFO  EvoClassLoader - Instrumenting class 'net.bytebuddy.dynamic.DynamicType$Builder$MethodDefinition$ExceptionDefinition'.
2024-11-12 13:41:21,991 INFO  EvoClassLoader - Seeing class for first time: net.bytebuddy.dynamic.DynamicType$Builder$MethodDefinition$TypeVariableDefinition
2024-11-12 13:41:21,991 INFO  EvoClassLoader - Instrumenting class 'net.bytebuddy.dynamic.DynamicType$Builder$MethodDefinition$TypeVariableDefinition'.
2024-11-12 13:41:21,991 INFO  EvoClassLoader - Seeing class for first time: net.bytebuddy.dynamic.DynamicType$Builder$MethodDefinition$ImplementationDefinition
2024-11-12 13:41:21,991 INFO  EvoClassLoader - Instrumenting class 'net.bytebuddy.dynamic.DynamicType$Builder$MethodDefinition$ImplementationDefinition'.
2024-11-12 13:41:21,991 INFO  EvoClassLoader - Keeping class: net.bytebuddy.dynamic.DynamicType$Builder$MethodDefinition$ImplementationDefinition
2024-11-12 13:41:21,992 INFO  EvoClassLoader - Keeping class: net.bytebuddy.dynamic.DynamicType$Builder$MethodDefinition$TypeVariableDefinition
2024-11-12 13:41:21,992 INFO  EvoClassLoader - Keeping class: net.bytebuddy.dynamic.DynamicType$Builder$MethodDefinition$ExceptionDefinition
2024-11-12 13:41:21,992 INFO  EvoClassLoader - Keeping class: net.bytebuddy.dynamic.DynamicType$Builder$MethodDefinition$ParameterDefinition
2024-11-12 13:41:21,992 INFO  EvoClassLoader - Seeing class for first time: net.bytebuddy.dynamic.DynamicType$Builder$MethodDefinition$ParameterDefinition$Initial
2024-11-12 13:41:21,992 INFO  EvoClassLoader - Instrumenting class 'net.bytebuddy.dynamic.DynamicType$Builder$MethodDefinition$ParameterDefinition$Initial'.
2024-11-12 13:41:21,992 INFO  EvoClassLoader - Seeing class for first time: net.bytebuddy.dynamic.DynamicType$Builder$MethodDefinition$ParameterDefinition$Simple
2024-11-12 13:41:21,992 INFO  EvoClassLoader - Instrumenting class 'net.bytebuddy.dynamic.DynamicType$Builder$MethodDefinition$ParameterDefinition$Simple'.
2024-11-12 13:41:21,992 INFO  EvoClassLoader - Keeping class: net.bytebuddy.dynamic.DynamicType$Builder$MethodDefinition$ParameterDefinition$Simple
2024-11-12 13:41:21,992 INFO  EvoClassLoader - Keeping class: net.bytebuddy.dynamic.DynamicType$Builder$MethodDefinition$ParameterDefinition$Initial
2024-11-12 13:41:21,993 INFO  EvoClassLoader - Seeing class for first time: net.bytebuddy.dynamic.TypeResolutionStrategy
2024-11-12 13:41:21,993 INFO  EvoClassLoader - Instrumenting class 'net.bytebuddy.dynamic.TypeResolutionStrategy'.
2024-11-12 13:41:21,993 INFO  EvoClassLoader - Keeping class: net.bytebuddy.dynamic.TypeResolutionStrategy
2024-11-12 13:41:21,993 INFO  EvoClassLoader - Seeing class for first time: net.bytebuddy.dynamic.DynamicType$Unloaded
2024-11-12 13:41:21,993 INFO  EvoClassLoader - Instrumenting class 'net.bytebuddy.dynamic.DynamicType$Unloaded'.
2024-11-12 13:41:21,994 INFO  EvoClassLoader - Keeping class: net.bytebuddy.dynamic.DynamicType$Unloaded
2024-11-12 13:41:21,994 INFO  EvoClassLoader - Seeing class for first time: net.bytebuddy.dynamic.DynamicType$Builder$FieldDefinition$Valuable
2024-11-12 13:41:21,994 INFO  EvoClassLoader - Instrumenting class 'net.bytebuddy.dynamic.DynamicType$Builder$FieldDefinition$Valuable'.
2024-11-12 13:41:21,994 INFO  EvoClassLoader - Keeping class: net.bytebuddy.dynamic.DynamicType$Builder$FieldDefinition$Valuable
2024-11-12 13:41:21,994 INFO  EvoClassLoader - Seeing class for first time: net.bytebuddy.dynamic.DynamicType$Builder$FieldDefinition$Optional$Valuable
2024-11-12 13:41:21,994 INFO  EvoClassLoader - Instrumenting class 'net.bytebuddy.dynamic.DynamicType$Builder$FieldDefinition$Optional$Valuable'.
2024-11-12 13:41:21,994 INFO  EvoClassLoader - Keeping class: net.bytebuddy.dynamic.DynamicType$Builder$FieldDefinition$Optional$Valuable
2024-11-12 13:41:21,994 INFO  EvoClassLoader - Seeing class for first time: net.bytebuddy.dynamic.DynamicType$Builder$InnerTypeDefinition
2024-11-12 13:41:21,994 INFO  EvoClassLoader - Instrumenting class 'net.bytebuddy.dynamic.DynamicType$Builder$InnerTypeDefinition'.
2024-11-12 13:41:21,995 INFO  EvoClassLoader - Keeping class: net.bytebuddy.dynamic.DynamicType$Builder$InnerTypeDefinition
2024-11-12 13:41:21,995 INFO  EvoClassLoader - Seeing class for first time: net.bytebuddy.dynamic.DynamicType$Builder$InnerTypeDefinition$ForType
2024-11-12 13:41:21,995 INFO  EvoClassLoader - Instrumenting class 'net.bytebuddy.dynamic.DynamicType$Builder$InnerTypeDefinition$ForType'.
2024-11-12 13:41:21,995 INFO  EvoClassLoader - Keeping class: net.bytebuddy.dynamic.DynamicType$Builder$InnerTypeDefinition$ForType
2024-11-12 13:41:21,995 INFO  EvoClassLoader - Seeing class for first time: net.bytebuddy.dynamic.DynamicType$Builder$TypeVariableDefinition
2024-11-12 13:41:21,995 INFO  EvoClassLoader - Instrumenting class 'net.bytebuddy.dynamic.DynamicType$Builder$TypeVariableDefinition'.
2024-11-12 13:41:21,995 INFO  EvoClassLoader - Keeping class: net.bytebuddy.dynamic.DynamicType$Builder$TypeVariableDefinition
2024-11-12 13:41:21,995 INFO  EvoClassLoader - Seeing class for first time: net.bytebuddy.dynamic.DynamicType$Builder$MethodDefinition$ImplementationDefinition$Optional
2024-11-12 13:41:21,995 INFO  EvoClassLoader - Instrumenting class 'net.bytebuddy.dynamic.DynamicType$Builder$MethodDefinition$ImplementationDefinition$Optional'.
2024-11-12 13:41:21,996 INFO  EvoClassLoader - Keeping class: net.bytebuddy.dynamic.DynamicType$Builder$MethodDefinition$ImplementationDefinition$Optional
2024-11-12 13:41:21,996 INFO  EvoClassLoader - Seeing class for first time: net.bytebuddy.dynamic.DynamicType$Builder$AbstractBase$Adapter
2024-11-12 13:41:21,996 INFO  EvoClassLoader - Instrumenting class 'net.bytebuddy.dynamic.DynamicType$Builder$AbstractBase$Adapter'.
2024-11-12 13:41:21,996 INFO  MethodCallReplacementClassAdapter - Adding mock interface to class net/bytebuddy/dynamic/DynamicType$Builder$AbstractBase$Adapter
2024-11-12 13:41:21,998 INFO  CreateClassResetClassAdapter - Creating brand-new static initializer in class net/bytebuddy/dynamic/DynamicType$Builder$AbstractBase$Adapter
2024-11-12 13:41:21,999 INFO  EvoClassLoader - Keeping class: net.bytebuddy.dynamic.DynamicType$Builder$AbstractBase$Adapter
2024-11-12 13:41:21,999 INFO  EvoClassLoader - Seeing class for first time: net.bytebuddy.dynamic.DynamicType$Builder$AbstractBase$Adapter$InnerTypeDefinitionForTypeAdapter
2024-11-12 13:41:21,999 INFO  EvoClassLoader - Instrumenting class 'net.bytebuddy.dynamic.DynamicType$Builder$AbstractBase$Adapter$InnerTypeDefinitionForTypeAdapter'.
2024-11-12 13:41:22,000 INFO  MethodCallReplacementClassAdapter - Adding mock interface to class net/bytebuddy/dynamic/DynamicType$Builder$AbstractBase$Adapter$InnerTypeDefinitionForTypeAdapter
2024-11-12 13:41:22,000 INFO  CreateClassResetClassAdapter - Creating brand-new static initializer in class net/bytebuddy/dynamic/DynamicType$Builder$AbstractBase$Adapter$InnerTypeDefinitionForTypeAdapter
2024-11-12 13:41:22,000 INFO  EvoClassLoader - Seeing class for first time: net.bytebuddy.dynamic.DynamicType$Builder$AbstractBase$Delegator
2024-11-12 13:41:22,000 INFO  EvoClassLoader - Instrumenting class 'net.bytebuddy.dynamic.DynamicType$Builder$AbstractBase$Delegator'.
2024-11-12 13:41:22,000 INFO  MethodCallReplacementClassAdapter - Adding mock interface to class net/bytebuddy/dynamic/DynamicType$Builder$AbstractBase$Delegator
2024-11-12 13:41:22,000 INFO  CreateClassResetClassAdapter - Creating brand-new static initializer in class net/bytebuddy/dynamic/DynamicType$Builder$AbstractBase$Delegator
2024-11-12 13:41:22,001 INFO  EvoClassLoader - Keeping class: net.bytebuddy.dynamic.DynamicType$Builder$AbstractBase$Delegator
2024-11-12 13:41:22,001 INFO  EvoClassLoader - Keeping class: net.bytebuddy.dynamic.DynamicType$Builder$AbstractBase$Adapter$InnerTypeDefinitionForTypeAdapter
2024-11-12 13:41:22,001 INFO  EvoClassLoader - Seeing class for first time: net.bytebuddy.dynamic.DynamicType$Builder$AbstractBase$Adapter$InnerTypeDefinitionForMethodAdapter
2024-11-12 13:41:22,001 INFO  EvoClassLoader - Instrumenting class 'net.bytebuddy.dynamic.DynamicType$Builder$AbstractBase$Adapter$InnerTypeDefinitionForMethodAdapter'.
2024-11-12 13:41:22,001 INFO  MethodCallReplacementClassAdapter - Adding mock interface to class net/bytebuddy/dynamic/DynamicType$Builder$AbstractBase$Adapter$InnerTypeDefinitionForMethodAdapter
2024-11-12 13:41:22,001 INFO  CreateClassResetClassAdapter - Creating brand-new static initializer in class net/bytebuddy/dynamic/DynamicType$Builder$AbstractBase$Adapter$InnerTypeDefinitionForMethodAdapter
2024-11-12 13:41:22,001 INFO  EvoClassLoader - Keeping class: net.bytebuddy.dynamic.DynamicType$Builder$AbstractBase$Adapter$InnerTypeDefinitionForMethodAdapter
2024-11-12 13:41:22,001 INFO  EvoClassLoader - Seeing class for first time: net.bytebuddy.implementation.attribute.TypeAttributeAppender
2024-11-12 13:41:22,001 INFO  EvoClassLoader - Instrumenting class 'net.bytebuddy.implementation.attribute.TypeAttributeAppender'.
2024-11-12 13:41:22,002 INFO  EvoClassLoader - Keeping class: net.bytebuddy.implementation.attribute.TypeAttributeAppender
2024-11-12 13:41:22,002 INFO  EvoClassLoader - Seeing class for first time: net.bytebuddy.asm.AsmVisitorWrapper
2024-11-12 13:41:22,002 INFO  EvoClassLoader - Instrumenting class 'net.bytebuddy.asm.AsmVisitorWrapper'.
2024-11-12 13:41:22,002 INFO  EvoClassLoader - Defined package (3): package net.bytebuddy.asm, 1442437306
2024-11-12 13:41:22,002 INFO  EvoClassLoader - Keeping class: net.bytebuddy.asm.AsmVisitorWrapper
2024-11-12 13:41:22,002 INFO  EvoClassLoader - Seeing class for first time: net.bytebuddy.dynamic.scaffold.FieldRegistry
2024-11-12 13:41:22,002 INFO  EvoClassLoader - Instrumenting class 'net.bytebuddy.dynamic.scaffold.FieldRegistry'.
2024-11-12 13:41:22,002 INFO  EvoClassLoader - Keeping class: net.bytebuddy.dynamic.scaffold.FieldRegistry
2024-11-12 13:41:22,002 INFO  EvoClassLoader - Seeing class for first time: net.bytebuddy.dynamic.Transformer
2024-11-12 13:41:22,002 INFO  EvoClassLoader - Instrumenting class 'net.bytebuddy.dynamic.Transformer'.
2024-11-12 13:41:22,002 INFO  EvoClassLoader - Keeping class: net.bytebuddy.dynamic.Transformer
2024-11-12 13:41:22,003 INFO  EvoClassLoader - Seeing class for first time: net.bytebuddy.dynamic.scaffold.subclass.SubclassDynamicTypeBuilder
2024-11-12 13:41:22,003 INFO  EvoClassLoader - Instrumenting class 'net.bytebuddy.dynamic.scaffold.subclass.SubclassDynamicTypeBuilder'.
2024-11-12 13:41:22,003 INFO  MethodCallReplacementClassAdapter - Adding mock interface to class net/bytebuddy/dynamic/scaffold/subclass/SubclassDynamicTypeBuilder
2024-11-12 13:41:22,003 INFO  CreateClassResetClassAdapter - Creating brand-new static initializer in class net/bytebuddy/dynamic/scaffold/subclass/SubclassDynamicTypeBuilder
2024-11-12 13:41:22,003 INFO  EvoClassLoader - Keeping class: net.bytebuddy.dynamic.scaffold.subclass.SubclassDynamicTypeBuilder
2024-11-12 13:41:22,003 INFO  EvoClassLoader - Seeing class for first time: net.bytebuddy.implementation.Implementation$Target$Factory
2024-11-12 13:41:22,003 INFO  EvoClassLoader - Instrumenting class 'net.bytebuddy.implementation.Implementation$Target$Factory'.
2024-11-12 13:41:22,004 INFO  EvoClassLoader - Keeping class: net.bytebuddy.implementation.Implementation$Target$Factory
2024-11-12 13:41:22,004 INFO  EvoClassLoader - Seeing class for first time: net.bytebuddy.dynamic.scaffold.TypeWriter$FieldPool
2024-11-12 13:41:22,004 INFO  EvoClassLoader - Instrumenting class 'net.bytebuddy.dynamic.scaffold.TypeWriter$FieldPool'.
2024-11-12 13:41:22,004 INFO  EvoClassLoader - Keeping class: net.bytebuddy.dynamic.scaffold.TypeWriter$FieldPool
2024-11-12 13:41:22,004 INFO  EvoClassLoader - Seeing class for first time: net.bytebuddy.description.modifier.ModifierContributor$Resolver
2024-11-12 13:41:22,004 INFO  EvoClassLoader - Instrumenting class 'net.bytebuddy.description.modifier.ModifierContributor$Resolver'.
2024-11-12 13:41:22,005 INFO  MethodCallReplacementClassAdapter - Adding mock interface to class net/bytebuddy/description/modifier/ModifierContributor$Resolver
2024-11-12 13:41:22,005 INFO  CreateClassResetClassAdapter - Creating brand-new static initializer in class net/bytebuddy/description/modifier/ModifierContributor$Resolver
2024-11-12 13:41:22,005 INFO  EvoClassLoader - Keeping class: net.bytebuddy.description.modifier.ModifierContributor$Resolver
2024-11-12 13:41:22,005 INFO  EvoClassLoader - Seeing class for first time: net.bytebuddy.dynamic.scaffold.InstrumentedType$Default
2024-11-12 13:41:22,005 INFO  EvoClassLoader - Instrumenting class 'net.bytebuddy.dynamic.scaffold.InstrumentedType$Default'.
2024-11-12 13:41:22,006 INFO  MethodCallReplacementClassAdapter - Adding mock interface to class net/bytebuddy/dynamic/scaffold/InstrumentedType$Default
2024-11-12 13:41:22,009 INFO  CreateClassResetClassAdapter - Found static initializer in class net/bytebuddy/dynamic/scaffold/InstrumentedType$Default
2024-11-12 13:41:22,009 INFO  EvoClassLoader - Keeping class: net.bytebuddy.dynamic.scaffold.InstrumentedType$Default
2024-11-12 13:41:22,009 INFO  EvoClassLoader - Seeing class for first time: net.bytebuddy.dynamic.scaffold.InstrumentedType$Frozen
2024-11-12 13:41:22,009 INFO  EvoClassLoader - Instrumenting class 'net.bytebuddy.dynamic.scaffold.InstrumentedType$Frozen'.
2024-11-12 13:41:22,010 INFO  MethodCallReplacementClassAdapter - Adding mock interface to class net/bytebuddy/dynamic/scaffold/InstrumentedType$Frozen
2024-11-12 13:41:22,010 INFO  CreateClassResetClassAdapter - Creating brand-new static initializer in class net/bytebuddy/dynamic/scaffold/InstrumentedType$Frozen
2024-11-12 13:41:22,011 INFO  EvoClassLoader - Keeping class: net.bytebuddy.dynamic.scaffold.InstrumentedType$Frozen
2024-11-12 13:41:22,012 INFO  EvoClassLoader - Seeing class for first time: net.bytebuddy.description.type.TypeList$Explicit
2024-11-12 13:41:22,012 INFO  EvoClassLoader - Instrumenting class 'net.bytebuddy.description.type.TypeList$Explicit'.
2024-11-12 13:41:22,012 INFO  MethodCallReplacementClassAdapter - Adding mock interface to class net/bytebuddy/description/type/TypeList$Explicit
2024-11-12 13:41:22,012 INFO  CreateClassResetClassAdapter - Creating brand-new static initializer in class net/bytebuddy/description/type/TypeList$Explicit
2024-11-12 13:41:22,012 INFO  EvoClassLoader - Seeing class for first time: net.bytebuddy.description.type.TypeList$AbstractBase
2024-11-12 13:41:22,012 INFO  EvoClassLoader - Instrumenting class 'net.bytebuddy.description.type.TypeList$AbstractBase'.
2024-11-12 13:41:22,013 INFO  MethodCallReplacementClassAdapter - Adding mock interface to class net/bytebuddy/description/type/TypeList$AbstractBase
2024-11-12 13:41:22,013 INFO  CreateClassResetClassAdapter - Creating brand-new static initializer in class net/bytebuddy/description/type/TypeList$AbstractBase
2024-11-12 13:41:22,013 INFO  EvoClassLoader - Keeping class: net.bytebuddy.description.type.TypeList$AbstractBase
2024-11-12 13:41:22,013 INFO  EvoClassLoader - Keeping class: net.bytebuddy.description.type.TypeList$Explicit
2024-11-12 13:41:22,013 INFO  EvoClassLoader - Seeing class for first time: net.bytebuddy.description.field.FieldDescription$Token
2024-11-12 13:41:22,013 INFO  EvoClassLoader - Instrumenting class 'net.bytebuddy.description.field.FieldDescription$Token'.
2024-11-12 13:41:22,014 INFO  MethodCallReplacementClassAdapter - Adding mock interface to class net/bytebuddy/description/field/FieldDescription$Token
2024-11-12 13:41:22,014 INFO  CreateClassResetClassAdapter - Creating brand-new static initializer in class net/bytebuddy/description/field/FieldDescription$Token
2024-11-12 13:41:22,014 INFO  EvoClassLoader - Keeping class: net.bytebuddy.description.field.FieldDescription$Token
2024-11-12 13:41:22,014 INFO  EvoClassLoader - Seeing class for first time: net.bytebuddy.description.type.TypeVariableToken
2024-11-12 13:41:22,014 INFO  EvoClassLoader - Instrumenting class 'net.bytebuddy.description.type.TypeVariableToken'.
2024-11-12 13:41:22,015 INFO  MethodCallReplacementClassAdapter - Adding mock interface to class net/bytebuddy/description/type/TypeVariableToken
2024-11-12 13:41:22,015 INFO  CreateClassResetClassAdapter - Creating brand-new static initializer in class net/bytebuddy/description/type/TypeVariableToken
2024-11-12 13:41:22,015 INFO  EvoClassLoader - Keeping class: net.bytebuddy.description.type.TypeVariableToken
2024-11-12 13:41:22,016 INFO  EvoClassLoader - Seeing class for first time: net.bytebuddy.dynamic.scaffold.TypeInitializer$None
2024-11-12 13:41:22,016 INFO  EvoClassLoader - Instrumenting class 'net.bytebuddy.dynamic.scaffold.TypeInitializer$None'.
2024-11-12 13:41:22,016 INFO  MethodCallReplacementClassAdapter - Adding mock interface to class net/bytebuddy/dynamic/scaffold/TypeInitializer$None
2024-11-12 13:41:22,016 INFO  CreateClassResetClassAdapter - Found static initializer in class net/bytebuddy/dynamic/scaffold/TypeInitializer$None
2024-11-12 13:41:22,016 INFO  EvoClassLoader - Keeping class: net.bytebuddy.dynamic.scaffold.TypeInitializer$None
2024-11-12 13:41:22,016 INFO  EvoClassLoader - Seeing class for first time: net.bytebuddy.dynamic.scaffold.TypeInitializer$Simple
2024-11-12 13:41:22,016 INFO  EvoClassLoader - Instrumenting class 'net.bytebuddy.dynamic.scaffold.TypeInitializer$Simple'.
2024-11-12 13:41:22,016 INFO  MethodCallReplacementClassAdapter - Adding mock interface to class net/bytebuddy/dynamic/scaffold/TypeInitializer$Simple
2024-11-12 13:41:22,016 INFO  CreateClassResetClassAdapter - Creating brand-new static initializer in class net/bytebuddy/dynamic/scaffold/TypeInitializer$Simple
2024-11-12 13:41:22,016 INFO  EvoClassLoader - Keeping class: net.bytebuddy.dynamic.scaffold.TypeInitializer$Simple
2024-11-12 13:41:22,017 INFO  EvoClassLoader - Seeing class for first time: net.bytebuddy.jar.asm.MethodVisitor
2024-11-12 13:41:22,017 INFO  EvoClassLoader - Instrumenting class 'net.bytebuddy.jar.asm.MethodVisitor'.
2024-11-12 13:41:22,017 INFO  MethodCallReplacementClassAdapter - Adding mock interface to class net/bytebuddy/jar/asm/MethodVisitor
2024-11-12 13:41:22,017 INFO  CreateClassResetClassAdapter - Creating brand-new static initializer in class net/bytebuddy/jar/asm/MethodVisitor
2024-11-12 13:41:22,017 INFO  CreateClassResetClassAdapter - Adding bytecode for initializing field REQUIRES_ASM5
2024-11-12 13:41:22,018 INFO  EvoClassLoader - Keeping class: net.bytebuddy.jar.asm.MethodVisitor
2024-11-12 13:41:22,018 INFO  EvoClassLoader - Seeing class for first time: net.bytebuddy.implementation.bytecode.ByteCodeAppender$Size
2024-11-12 13:41:22,018 INFO  EvoClassLoader - Instrumenting class 'net.bytebuddy.implementation.bytecode.ByteCodeAppender$Size'.
2024-11-12 13:41:22,018 INFO  MethodCallReplacementClassAdapter - Adding mock interface to class net/bytebuddy/implementation/bytecode/ByteCodeAppender$Size
2024-11-12 13:41:22,018 INFO  CreateClassResetClassAdapter - Creating brand-new static initializer in class net/bytebuddy/implementation/bytecode/ByteCodeAppender$Size
2024-11-12 13:41:22,018 INFO  EvoClassLoader - Keeping class: net.bytebuddy.implementation.bytecode.ByteCodeAppender$Size
2024-11-12 13:41:22,018 INFO  EvoClassLoader - Seeing class for first time: net.bytebuddy.dynamic.scaffold.TypeWriter$MethodPool$Record
2024-11-12 13:41:22,018 INFO  EvoClassLoader - Instrumenting class 'net.bytebuddy.dynamic.scaffold.TypeWriter$MethodPool$Record'.
2024-11-12 13:41:22,018 INFO  EvoClassLoader - Keeping class: net.bytebuddy.dynamic.scaffold.TypeWriter$MethodPool$Record
2024-11-12 13:41:22,018 INFO  EvoClassLoader - Seeing class for first time: net.bytebuddy.implementation.LoadedTypeInitializer$NoOp
2024-11-12 13:41:22,018 INFO  EvoClassLoader - Instrumenting class 'net.bytebuddy.implementation.LoadedTypeInitializer$NoOp'.
2024-11-12 13:41:22,019 INFO  MethodCallReplacementClassAdapter - Adding mock interface to class net/bytebuddy/implementation/LoadedTypeInitializer$NoOp
2024-11-12 13:41:22,019 INFO  CreateClassResetClassAdapter - Found static initializer in class net/bytebuddy/implementation/LoadedTypeInitializer$NoOp
2024-11-12 13:41:22,019 INFO  EvoClassLoader - Keeping class: net.bytebuddy.implementation.LoadedTypeInitializer$NoOp
2024-11-12 13:41:22,019 INFO  EvoClassLoader - Seeing class for first time: net.bytebuddy.implementation.LoadedTypeInitializer$Compound
2024-11-12 13:41:22,019 INFO  EvoClassLoader - Instrumenting class 'net.bytebuddy.implementation.LoadedTypeInitializer$Compound'.
2024-11-12 13:41:22,019 INFO  MethodCallReplacementClassAdapter - Adding mock interface to class net/bytebuddy/implementation/LoadedTypeInitializer$Compound
2024-11-12 13:41:22,019 INFO  CreateClassResetClassAdapter - Creating brand-new static initializer in class net/bytebuddy/implementation/LoadedTypeInitializer$Compound
2024-11-12 13:41:22,019 INFO  EvoClassLoader - Keeping class: net.bytebuddy.implementation.LoadedTypeInitializer$Compound
2024-11-12 13:41:22,019 INFO  EvoClassLoader - Seeing class for first time: net.bytebuddy.implementation.LoadedTypeInitializer$ForStaticField
2024-11-12 13:41:22,019 INFO  EvoClassLoader - Instrumenting class 'net.bytebuddy.implementation.LoadedTypeInitializer$ForStaticField'.
2024-11-12 13:41:22,020 INFO  MethodCallReplacementClassAdapter - Adding mock interface to class net/bytebuddy/implementation/LoadedTypeInitializer$ForStaticField
2024-11-12 13:41:22,021 INFO  CreateClassResetClassAdapter - Found static initializer in class net/bytebuddy/implementation/LoadedTypeInitializer$ForStaticField
2024-11-12 13:41:22,021 INFO  EvoClassLoader - Keeping class: net.bytebuddy.implementation.LoadedTypeInitializer$ForStaticField
2024-11-12 13:41:22,022 INFO  EvoClassLoader - Seeing class for first time: net.bytebuddy.description.type.TypeDescription$Generic$OfGenericArray$Latent
2024-11-12 13:41:22,022 INFO  EvoClassLoader - Instrumenting class 'net.bytebuddy.description.type.TypeDescription$Generic$OfGenericArray$Latent'.
2024-11-12 13:41:22,022 INFO  MethodCallReplacementClassAdapter - Adding mock interface to class net/bytebuddy/description/type/TypeDescription$Generic$OfGenericArray$Latent
2024-11-12 13:41:22,022 INFO  CreateClassResetClassAdapter - Creating brand-new static initializer in class net/bytebuddy/description/type/TypeDescription$Generic$OfGenericArray$Latent
2024-11-12 13:41:22,022 INFO  EvoClassLoader - Keeping class: net.bytebuddy.description.type.TypeDescription$Generic$OfGenericArray$Latent
2024-11-12 13:41:22,023 INFO  EvoClassLoader - Seeing class for first time: net.bytebuddy.description.type.TypeDescription$Generic$Visitor$Substitutor$ForDetachment
2024-11-12 13:41:22,023 INFO  EvoClassLoader - Instrumenting class 'net.bytebuddy.description.type.TypeDescription$Generic$Visitor$Substitutor$ForDetachment'.
2024-11-12 13:41:22,023 INFO  MethodCallReplacementClassAdapter - Adding mock interface to class net/bytebuddy/description/type/TypeDescription$Generic$Visitor$Substitutor$ForDetachment
2024-11-12 13:41:22,023 INFO  CreateClassResetClassAdapter - Creating brand-new static initializer in class net/bytebuddy/description/type/TypeDescription$Generic$Visitor$Substitutor$ForDetachment
2024-11-12 13:41:22,024 INFO  EvoClassLoader - Keeping class: net.bytebuddy.description.type.TypeDescription$Generic$Visitor$Substitutor$ForDetachment
2024-11-12 13:41:22,024 INFO  EvoClassLoader - Seeing class for first time: net.bytebuddy.description.type.TypeDescription$Generic$Visitor$Substitutor$ForTokenNormalization
2024-11-12 13:41:22,024 INFO  EvoClassLoader - Instrumenting class 'net.bytebuddy.description.type.TypeDescription$Generic$Visitor$Substitutor$ForTokenNormalization'.
2024-11-12 13:41:22,024 INFO  MethodCallReplacementClassAdapter - Adding mock interface to class net/bytebuddy/description/type/TypeDescription$Generic$Visitor$Substitutor$ForTokenNormalization
2024-11-12 13:41:22,025 INFO  CreateClassResetClassAdapter - Creating brand-new static initializer in class net/bytebuddy/description/type/TypeDescription$Generic$Visitor$Substitutor$ForTokenNormalization
2024-11-12 13:41:22,025 INFO  EvoClassLoader - Keeping class: net.bytebuddy.description.type.TypeDescription$Generic$Visitor$Substitutor$ForTokenNormalization
2024-11-12 13:41:22,025 INFO  EvoClassLoader - Seeing class for first time: net.bytebuddy.description.type.TypeDescription$Generic$Visitor$Substitutor$ForTypeVariableBinding
2024-11-12 13:41:22,025 INFO  EvoClassLoader - Instrumenting class 'net.bytebuddy.description.type.TypeDescription$Generic$Visitor$Substitutor$ForTypeVariableBinding'.
2024-11-12 13:41:22,025 INFO  MethodCallReplacementClassAdapter - Adding mock interface to class net/bytebuddy/description/type/TypeDescription$Generic$Visitor$Substitutor$ForTypeVariableBinding
2024-11-12 13:41:22,025 INFO  CreateClassResetClassAdapter - Creating brand-new static initializer in class net/bytebuddy/description/type/TypeDescription$Generic$Visitor$Substitutor$ForTypeVariableBinding
2024-11-12 13:41:22,025 INFO  EvoClassLoader - Seeing class for first time: net.bytebuddy.description.type.TypeDescription$Generic$Visitor$Substitutor$WithoutTypeSubstitution
2024-11-12 13:41:22,025 INFO  EvoClassLoader - Instrumenting class 'net.bytebuddy.description.type.TypeDescription$Generic$Visitor$Substitutor$WithoutTypeSubstitution'.
2024-11-12 13:41:22,026 INFO  MethodCallReplacementClassAdapter - Adding mock interface to class net/bytebuddy/description/type/TypeDescription$Generic$Visitor$Substitutor$WithoutTypeSubstitution
2024-11-12 13:41:22,026 INFO  CreateClassResetClassAdapter - Creating brand-new static initializer in class net/bytebuddy/description/type/TypeDescription$Generic$Visitor$Substitutor$WithoutTypeSubstitution
2024-11-12 13:41:22,026 INFO  EvoClassLoader - Keeping class: net.bytebuddy.description.type.TypeDescription$Generic$Visitor$Substitutor$WithoutTypeSubstitution
2024-11-12 13:41:22,026 INFO  EvoClassLoader - Keeping class: net.bytebuddy.description.type.TypeDescription$Generic$Visitor$Substitutor$ForTypeVariableBinding
2024-11-12 13:41:22,026 INFO  EvoClassLoader - Seeing class for first time: net.bytebuddy.dynamic.scaffold.FieldRegistry$Default
2024-11-12 13:41:22,026 INFO  EvoClassLoader - Instrumenting class 'net.bytebuddy.dynamic.scaffold.FieldRegistry$Default'.
2024-11-12 13:41:22,026 INFO  MethodCallReplacementClassAdapter - Adding mock interface to class net/bytebuddy/dynamic/scaffold/FieldRegistry$Default
2024-11-12 13:41:22,027 INFO  CreateClassResetClassAdapter - Creating brand-new static initializer in class net/bytebuddy/dynamic/scaffold/FieldRegistry$Default
2024-11-12 13:41:22,027 INFO  EvoClassLoader - Keeping class: net.bytebuddy.dynamic.scaffold.FieldRegistry$Default
2024-11-12 13:41:22,027 INFO  EvoClassLoader - Seeing class for first time: net.bytebuddy.dynamic.scaffold.FieldRegistry$Compiled
2024-11-12 13:41:22,027 INFO  EvoClassLoader - Instrumenting class 'net.bytebuddy.dynamic.scaffold.FieldRegistry$Compiled'.
2024-11-12 13:41:22,027 INFO  EvoClassLoader - Keeping class: net.bytebuddy.dynamic.scaffold.FieldRegistry$Compiled
2024-11-12 13:41:22,027 INFO  EvoClassLoader - Seeing class for first time: net.bytebuddy.implementation.attribute.FieldAttributeAppender$Factory
2024-11-12 13:41:22,027 INFO  EvoClassLoader - Instrumenting class 'net.bytebuddy.implementation.attribute.FieldAttributeAppender$Factory'.
2024-11-12 13:41:22,027 INFO  EvoClassLoader - Keeping class: net.bytebuddy.implementation.attribute.FieldAttributeAppender$Factory
2024-11-12 13:41:22,027 INFO  EvoClassLoader - Seeing class for first time: net.bytebuddy.dynamic.scaffold.MethodRegistry$Default
2024-11-12 13:41:22,027 INFO  EvoClassLoader - Instrumenting class 'net.bytebuddy.dynamic.scaffold.MethodRegistry$Default'.
2024-11-12 13:41:22,028 INFO  MethodCallReplacementClassAdapter - Adding mock interface to class net/bytebuddy/dynamic/scaffold/MethodRegistry$Default
2024-11-12 13:41:22,029 INFO  CreateClassResetClassAdapter - Creating brand-new static initializer in class net/bytebuddy/dynamic/scaffold/MethodRegistry$Default
2024-11-12 13:41:22,030 INFO  EvoClassLoader - Keeping class: net.bytebuddy.dynamic.scaffold.MethodRegistry$Default
2024-11-12 13:41:22,030 INFO  EvoClassLoader - Seeing class for first time: net.bytebuddy.dynamic.scaffold.MethodRegistry$Prepared
2024-11-12 13:41:22,030 INFO  EvoClassLoader - Instrumenting class 'net.bytebuddy.dynamic.scaffold.MethodRegistry$Prepared'.
2024-11-12 13:41:22,030 INFO  EvoClassLoader - Keeping class: net.bytebuddy.dynamic.scaffold.MethodRegistry$Prepared
2024-11-12 13:41:22,031 INFO  EvoClassLoader - Seeing class for first time: net.bytebuddy.implementation.attribute.TypeAttributeAppender$ForInstrumentedType
2024-11-12 13:41:22,031 INFO  EvoClassLoader - Instrumenting class 'net.bytebuddy.implementation.attribute.TypeAttributeAppender$ForInstrumentedType'.
2024-11-12 13:41:22,031 INFO  MethodCallReplacementClassAdapter - Adding mock interface to class net/bytebuddy/implementation/attribute/TypeAttributeAppender$ForInstrumentedType
2024-11-12 13:41:22,032 INFO  CreateClassResetClassAdapter - Found static initializer in class net/bytebuddy/implementation/attribute/TypeAttributeAppender$ForInstrumentedType
2024-11-12 13:41:22,032 INFO  EvoClassLoader - Keeping class: net.bytebuddy.implementation.attribute.TypeAttributeAppender$ForInstrumentedType
2024-11-12 13:41:22,032 INFO  EvoClassLoader - Seeing class for first time: net.bytebuddy.implementation.attribute.TypeAttributeAppender$Compound
2024-11-12 13:41:22,032 INFO  EvoClassLoader - Instrumenting class 'net.bytebuddy.implementation.attribute.TypeAttributeAppender$Compound'.
2024-11-12 13:41:22,032 INFO  MethodCallReplacementClassAdapter - Adding mock interface to class net/bytebuddy/implementation/attribute/TypeAttributeAppender$Compound
2024-11-12 13:41:22,033 INFO  CreateClassResetClassAdapter - Creating brand-new static initializer in class net/bytebuddy/implementation/attribute/TypeAttributeAppender$Compound
2024-11-12 13:41:22,033 INFO  EvoClassLoader - Keeping class: net.bytebuddy.implementation.attribute.TypeAttributeAppender$Compound
2024-11-12 13:41:22,033 INFO  EvoClassLoader - Seeing class for first time: net.bytebuddy.implementation.attribute.TypeAttributeAppender$Explicit
2024-11-12 13:41:22,033 INFO  EvoClassLoader - Instrumenting class 'net.bytebuddy.implementation.attribute.TypeAttributeAppender$Explicit'.
2024-11-12 13:41:22,033 INFO  MethodCallReplacementClassAdapter - Adding mock interface to class net/bytebuddy/implementation/attribute/TypeAttributeAppender$Explicit
2024-11-12 13:41:22,034 INFO  CreateClassResetClassAdapter - Creating brand-new static initializer in class net/bytebuddy/implementation/attribute/TypeAttributeAppender$Explicit
2024-11-12 13:41:22,034 INFO  EvoClassLoader - Keeping class: net.bytebuddy.implementation.attribute.TypeAttributeAppender$Explicit
2024-11-12 13:41:22,034 INFO  EvoClassLoader - Seeing class for first time: net.bytebuddy.implementation.attribute.AnnotationAppender$Target
2024-11-12 13:41:22,034 INFO  EvoClassLoader - Instrumenting class 'net.bytebuddy.implementation.attribute.AnnotationAppender$Target'.
2024-11-12 13:41:22,034 INFO  EvoClassLoader - Keeping class: net.bytebuddy.implementation.attribute.AnnotationAppender$Target
2024-11-12 13:41:22,034 INFO  EvoClassLoader - Seeing class for first time: net.bytebuddy.implementation.attribute.AnnotationAppender
2024-11-12 13:41:22,035 INFO  EvoClassLoader - Instrumenting class 'net.bytebuddy.implementation.attribute.AnnotationAppender'.
2024-11-12 13:41:22,035 INFO  EvoClassLoader - Keeping class: net.bytebuddy.implementation.attribute.AnnotationAppender
2024-11-12 13:41:22,035 INFO  EvoClassLoader - Seeing class for first time: net.bytebuddy.asm.AsmVisitorWrapper$NoOp
2024-11-12 13:41:22,035 INFO  EvoClassLoader - Instrumenting class 'net.bytebuddy.asm.AsmVisitorWrapper$NoOp'.
2024-11-12 13:41:22,035 INFO  MethodCallReplacementClassAdapter - Adding mock interface to class net/bytebuddy/asm/AsmVisitorWrapper$NoOp
2024-11-12 13:41:22,035 INFO  CreateClassResetClassAdapter - Found static initializer in class net/bytebuddy/asm/AsmVisitorWrapper$NoOp
2024-11-12 13:41:22,035 INFO  EvoClassLoader - Keeping class: net.bytebuddy.asm.AsmVisitorWrapper$NoOp
2024-11-12 13:41:22,035 INFO  EvoClassLoader - Seeing class for first time: net.bytebuddy.asm.AsmVisitorWrapper$Compound
2024-11-12 13:41:22,035 INFO  EvoClassLoader - Instrumenting class 'net.bytebuddy.asm.AsmVisitorWrapper$Compound'.
2024-11-12 13:41:22,036 INFO  MethodCallReplacementClassAdapter - Adding mock interface to class net/bytebuddy/asm/AsmVisitorWrapper$Compound
2024-11-12 13:41:22,036 INFO  CreateClassResetClassAdapter - Creating brand-new static initializer in class net/bytebuddy/asm/AsmVisitorWrapper$Compound
2024-11-12 13:41:22,036 INFO  EvoClassLoader - Keeping class: net.bytebuddy.asm.AsmVisitorWrapper$Compound
2024-11-12 13:41:22,036 INFO  EvoClassLoader - Seeing class for first time: net.bytebuddy.asm.AsmVisitorWrapper$ForDeclaredMethods
2024-11-12 13:41:22,036 INFO  EvoClassLoader - Instrumenting class 'net.bytebuddy.asm.AsmVisitorWrapper$ForDeclaredMethods'.
2024-11-12 13:41:22,036 INFO  MethodCallReplacementClassAdapter - Adding mock interface to class net/bytebuddy/asm/AsmVisitorWrapper$ForDeclaredMethods
2024-11-12 13:41:22,036 INFO  CreateClassResetClassAdapter - Creating brand-new static initializer in class net/bytebuddy/asm/AsmVisitorWrapper$ForDeclaredMethods
2024-11-12 13:41:22,036 INFO  EvoClassLoader - Keeping class: net.bytebuddy.asm.AsmVisitorWrapper$ForDeclaredMethods
2024-11-12 13:41:22,036 INFO  EvoClassLoader - Seeing class for first time: net.bytebuddy.asm.AsmVisitorWrapper$ForDeclaredFields
2024-11-12 13:41:22,036 INFO  EvoClassLoader - Instrumenting class 'net.bytebuddy.asm.AsmVisitorWrapper$ForDeclaredFields'.
2024-11-12 13:41:22,037 INFO  MethodCallReplacementClassAdapter - Adding mock interface to class net/bytebuddy/asm/AsmVisitorWrapper$ForDeclaredFields
2024-11-12 13:41:22,037 INFO  CreateClassResetClassAdapter - Creating brand-new static initializer in class net/bytebuddy/asm/AsmVisitorWrapper$ForDeclaredFields
2024-11-12 13:41:22,037 INFO  EvoClassLoader - Seeing class for first time: net.bytebuddy.asm.AsmVisitorWrapper$AbstractBase
2024-11-12 13:41:22,037 INFO  EvoClassLoader - Instrumenting class 'net.bytebuddy.asm.AsmVisitorWrapper$AbstractBase'.
2024-11-12 13:41:22,037 INFO  MethodCallReplacementClassAdapter - Adding mock interface to class net/bytebuddy/asm/AsmVisitorWrapper$AbstractBase
2024-11-12 13:41:22,037 INFO  CreateClassResetClassAdapter - Creating brand-new static initializer in class net/bytebuddy/asm/AsmVisitorWrapper$AbstractBase
2024-11-12 13:41:22,037 INFO  EvoClassLoader - Keeping class: net.bytebuddy.asm.AsmVisitorWrapper$AbstractBase
2024-11-12 13:41:22,037 INFO  EvoClassLoader - Keeping class: net.bytebuddy.asm.AsmVisitorWrapper$ForDeclaredFields
2024-11-12 13:41:22,037 INFO  EvoClassLoader - Seeing class for first time: net.bytebuddy.dynamic.DynamicType$Builder$AbstractBase$Adapter$OptionalMethodMatchAdapter
2024-11-12 13:41:22,037 INFO  EvoClassLoader - Instrumenting class 'net.bytebuddy.dynamic.DynamicType$Builder$AbstractBase$Adapter$OptionalMethodMatchAdapter'.
2024-11-12 13:41:22,038 INFO  MethodCallReplacementClassAdapter - Adding mock interface to class net/bytebuddy/dynamic/DynamicType$Builder$AbstractBase$Adapter$OptionalMethodMatchAdapter
2024-11-12 13:41:22,038 INFO  CreateClassResetClassAdapter - Creating brand-new static initializer in class net/bytebuddy/dynamic/DynamicType$Builder$AbstractBase$Adapter$OptionalMethodMatchAdapter
2024-11-12 13:41:22,038 INFO  EvoClassLoader - Keeping class: net.bytebuddy.dynamic.DynamicType$Builder$AbstractBase$Adapter$OptionalMethodMatchAdapter
2024-11-12 13:41:22,038 INFO  EvoClassLoader - Seeing class for first time: net.bytebuddy.matcher.MethodSortMatcher
2024-11-12 13:41:22,038 INFO  EvoClassLoader - Instrumenting class 'net.bytebuddy.matcher.MethodSortMatcher'.
2024-11-12 13:41:22,038 INFO  MethodCallReplacementClassAdapter - Adding mock interface to class net/bytebuddy/matcher/MethodSortMatcher
2024-11-12 13:41:22,038 INFO  CreateClassResetClassAdapter - Creating brand-new static initializer in class net/bytebuddy/matcher/MethodSortMatcher
2024-11-12 13:41:22,039 INFO  EvoClassLoader - Keeping class: net.bytebuddy.matcher.MethodSortMatcher
2024-11-12 13:41:22,039 INFO  EvoClassLoader - Seeing class for first time: net.bytebuddy.matcher.MethodSortMatcher$Sort
2024-11-12 13:41:22,039 INFO  EvoClassLoader - Instrumenting class 'net.bytebuddy.matcher.MethodSortMatcher$Sort'.
2024-11-12 13:41:22,039 INFO  MethodCallReplacementClassAdapter - Adding mock interface to class net/bytebuddy/matcher/MethodSortMatcher$Sort
2024-11-12 13:41:22,039 INFO  CreateClassResetClassAdapter - Found static initializer in class net/bytebuddy/matcher/MethodSortMatcher$Sort
2024-11-12 13:41:22,039 INFO  EvoClassLoader - Keeping class: net.bytebuddy.matcher.MethodSortMatcher$Sort
2024-11-12 13:41:22,039 INFO  EvoClassLoader - Seeing class for first time: net.bytebuddy.matcher.MethodSortMatcher$Sort$1
2024-11-12 13:41:22,039 INFO  EvoClassLoader - Instrumenting class 'net.bytebuddy.matcher.MethodSortMatcher$Sort$1'.
2024-11-12 13:41:22,039 INFO  MethodCallReplacementClassAdapter - Adding mock interface to class net/bytebuddy/matcher/MethodSortMatcher$Sort$1
2024-11-12 13:41:22,039 INFO  EvoClassLoader - Keeping class: net.bytebuddy.matcher.MethodSortMatcher$Sort$1
2024-11-12 13:41:22,039 INFO  EvoClassLoader - Seeing class for first time: net.bytebuddy.matcher.MethodSortMatcher$Sort$2
2024-11-12 13:41:22,039 INFO  EvoClassLoader - Instrumenting class 'net.bytebuddy.matcher.MethodSortMatcher$Sort$2'.
2024-11-12 13:41:22,039 INFO  MethodCallReplacementClassAdapter - Adding mock interface to class net/bytebuddy/matcher/MethodSortMatcher$Sort$2
2024-11-12 13:41:22,040 INFO  EvoClassLoader - Keeping class: net.bytebuddy.matcher.MethodSortMatcher$Sort$2
2024-11-12 13:41:22,040 INFO  EvoClassLoader - Seeing class for first time: net.bytebuddy.matcher.MethodSortMatcher$Sort$3
2024-11-12 13:41:22,040 INFO  EvoClassLoader - Instrumenting class 'net.bytebuddy.matcher.MethodSortMatcher$Sort$3'.
2024-11-12 13:41:22,040 INFO  MethodCallReplacementClassAdapter - Adding mock interface to class net/bytebuddy/matcher/MethodSortMatcher$Sort$3
2024-11-12 13:41:22,040 INFO  EvoClassLoader - Keeping class: net.bytebuddy.matcher.MethodSortMatcher$Sort$3
2024-11-12 13:41:22,040 INFO  EvoClassLoader - Seeing class for first time: net.bytebuddy.matcher.MethodSortMatcher$Sort$4
2024-11-12 13:41:22,040 INFO  EvoClassLoader - Instrumenting class 'net.bytebuddy.matcher.MethodSortMatcher$Sort$4'.
2024-11-12 13:41:22,040 INFO  MethodCallReplacementClassAdapter - Adding mock interface to class net/bytebuddy/matcher/MethodSortMatcher$Sort$4
2024-11-12 13:41:22,040 INFO  EvoClassLoader - Keeping class: net.bytebuddy.matcher.MethodSortMatcher$Sort$4
2024-11-12 13:41:22,040 INFO  EvoClassLoader - Seeing class for first time: net.bytebuddy.matcher.MethodSortMatcher$Sort$5
2024-11-12 13:41:22,040 INFO  EvoClassLoader - Instrumenting class 'net.bytebuddy.matcher.MethodSortMatcher$Sort$5'.
2024-11-12 13:41:22,041 INFO  MethodCallReplacementClassAdapter - Adding mock interface to class net/bytebuddy/matcher/MethodSortMatcher$Sort$5
2024-11-12 13:41:22,041 INFO  EvoClassLoader - Keeping class: net.bytebuddy.matcher.MethodSortMatcher$Sort$5
2024-11-12 13:41:22,041 INFO  EvoClassLoader - Seeing class for first time: net.bytebuddy.dynamic.DynamicType$Builder$MethodDefinition$ImplementationDefinition$AbstractBase
2024-11-12 13:41:22,041 INFO  EvoClassLoader - Instrumenting class 'net.bytebuddy.dynamic.DynamicType$Builder$MethodDefinition$ImplementationDefinition$AbstractBase'.
2024-11-12 13:41:22,041 INFO  MethodCallReplacementClassAdapter - Adding mock interface to class net/bytebuddy/dynamic/DynamicType$Builder$MethodDefinition$ImplementationDefinition$AbstractBase
2024-11-12 13:41:22,041 INFO  CreateClassResetClassAdapter - Creating brand-new static initializer in class net/bytebuddy/dynamic/DynamicType$Builder$MethodDefinition$ImplementationDefinition$AbstractBase
2024-11-12 13:41:22,041 INFO  EvoClassLoader - Keeping class: net.bytebuddy.dynamic.DynamicType$Builder$MethodDefinition$ImplementationDefinition$AbstractBase
2024-11-12 13:41:22,041 INFO  EvoClassLoader - Seeing class for first time: net.bytebuddy.dynamic.DynamicType$Builder$AbstractBase$Adapter$MethodMatchAdapter
2024-11-12 13:41:22,041 INFO  EvoClassLoader - Instrumenting class 'net.bytebuddy.dynamic.DynamicType$Builder$AbstractBase$Adapter$MethodMatchAdapter'.
2024-11-12 13:41:22,041 INFO  MethodCallReplacementClassAdapter - Adding mock interface to class net/bytebuddy/dynamic/DynamicType$Builder$AbstractBase$Adapter$MethodMatchAdapter
2024-11-12 13:41:22,041 INFO  CreateClassResetClassAdapter - Creating brand-new static initializer in class net/bytebuddy/dynamic/DynamicType$Builder$AbstractBase$Adapter$MethodMatchAdapter
2024-11-12 13:41:22,041 INFO  EvoClassLoader - Keeping class: net.bytebuddy.dynamic.DynamicType$Builder$AbstractBase$Adapter$MethodMatchAdapter
2024-11-12 13:41:22,042 INFO  EvoClassLoader - Seeing class for first time: net.bytebuddy.dynamic.scaffold.MethodRegistry$Handler$ForImplementation
2024-11-12 13:41:22,042 INFO  EvoClassLoader - Instrumenting class 'net.bytebuddy.dynamic.scaffold.MethodRegistry$Handler$ForImplementation'.
2024-11-12 13:41:22,042 INFO  MethodCallReplacementClassAdapter - Adding mock interface to class net/bytebuddy/dynamic/scaffold/MethodRegistry$Handler$ForImplementation
2024-11-12 13:41:22,042 INFO  CreateClassResetClassAdapter - Creating brand-new static initializer in class net/bytebuddy/dynamic/scaffold/MethodRegistry$Handler$ForImplementation
2024-11-12 13:41:22,042 INFO  EvoClassLoader - Keeping class: net.bytebuddy.dynamic.scaffold.MethodRegistry$Handler$ForImplementation
2024-11-12 13:41:22,042 INFO  EvoClassLoader - Seeing class for first time: net.bytebuddy.dynamic.scaffold.MethodRegistry$Handler$ForAnnotationValue
2024-11-12 13:41:22,042 INFO  EvoClassLoader - Instrumenting class 'net.bytebuddy.dynamic.scaffold.MethodRegistry$Handler$ForAnnotationValue'.
2024-11-12 13:41:22,042 INFO  MethodCallReplacementClassAdapter - Adding mock interface to class net/bytebuddy/dynamic/scaffold/MethodRegistry$Handler$ForAnnotationValue
2024-11-12 13:41:22,042 INFO  CreateClassResetClassAdapter - Creating brand-new static initializer in class net/bytebuddy/dynamic/scaffold/MethodRegistry$Handler$ForAnnotationValue
2024-11-12 13:41:22,042 INFO  EvoClassLoader - Seeing class for first time: net.bytebuddy.dynamic.scaffold.MethodRegistry$Handler$Compiled
2024-11-12 13:41:22,042 INFO  EvoClassLoader - Instrumenting class 'net.bytebuddy.dynamic.scaffold.MethodRegistry$Handler$Compiled'.
2024-11-12 13:41:22,042 INFO  EvoClassLoader - Keeping class: net.bytebuddy.dynamic.scaffold.MethodRegistry$Handler$Compiled
2024-11-12 13:41:22,042 INFO  EvoClassLoader - Keeping class: net.bytebuddy.dynamic.scaffold.MethodRegistry$Handler$ForAnnotationValue
2024-11-12 13:41:22,042 INFO  EvoClassLoader - Seeing class for first time: net.bytebuddy.dynamic.scaffold.MethodRegistry$Handler$ForImplementation$Compiled
2024-11-12 13:41:22,042 INFO  EvoClassLoader - Instrumenting class 'net.bytebuddy.dynamic.scaffold.MethodRegistry$Handler$ForImplementation$Compiled'.
2024-11-12 13:41:22,042 INFO  MethodCallReplacementClassAdapter - Adding mock interface to class net/bytebuddy/dynamic/scaffold/MethodRegistry$Handler$ForImplementation$Compiled
2024-11-12 13:41:22,043 INFO  CreateClassResetClassAdapter - Creating brand-new static initializer in class net/bytebuddy/dynamic/scaffold/MethodRegistry$Handler$ForImplementation$Compiled
2024-11-12 13:41:22,043 INFO  EvoClassLoader - Keeping class: net.bytebuddy.dynamic.scaffold.MethodRegistry$Handler$ForImplementation$Compiled
2024-11-12 13:41:22,043 INFO  EvoClassLoader - Seeing class for first time: net.bytebuddy.dynamic.DynamicType$Builder$MethodDefinition$AbstractBase
2024-11-12 13:41:22,043 INFO  EvoClassLoader - Instrumenting class 'net.bytebuddy.dynamic.DynamicType$Builder$MethodDefinition$AbstractBase'.
2024-11-12 13:41:22,043 INFO  MethodCallReplacementClassAdapter - Adding mock interface to class net/bytebuddy/dynamic/DynamicType$Builder$MethodDefinition$AbstractBase
2024-11-12 13:41:22,043 INFO  CreateClassResetClassAdapter - Creating brand-new static initializer in class net/bytebuddy/dynamic/DynamicType$Builder$MethodDefinition$AbstractBase
2024-11-12 13:41:22,043 INFO  EvoClassLoader - Keeping class: net.bytebuddy.dynamic.DynamicType$Builder$MethodDefinition$AbstractBase
2024-11-12 13:41:22,043 INFO  EvoClassLoader - Seeing class for first time: net.bytebuddy.dynamic.DynamicType$Builder$MethodDefinition$ReceiverTypeDefinition$AbstractBase
2024-11-12 13:41:22,043 INFO  EvoClassLoader - Instrumenting class 'net.bytebuddy.dynamic.DynamicType$Builder$MethodDefinition$ReceiverTypeDefinition$AbstractBase'.
2024-11-12 13:41:22,044 INFO  MethodCallReplacementClassAdapter - Adding mock interface to class net/bytebuddy/dynamic/DynamicType$Builder$MethodDefinition$ReceiverTypeDefinition$AbstractBase
2024-11-12 13:41:22,044 INFO  CreateClassResetClassAdapter - Creating brand-new static initializer in class net/bytebuddy/dynamic/DynamicType$Builder$MethodDefinition$ReceiverTypeDefinition$AbstractBase
2024-11-12 13:41:22,044 INFO  EvoClassLoader - Keeping class: net.bytebuddy.dynamic.DynamicType$Builder$MethodDefinition$ReceiverTypeDefinition$AbstractBase
2024-11-12 13:41:22,044 INFO  EvoClassLoader - Seeing class for first time: net.bytebuddy.dynamic.DynamicType$Builder$MethodDefinition$AbstractBase$Adapter
2024-11-12 13:41:22,044 INFO  EvoClassLoader - Instrumenting class 'net.bytebuddy.dynamic.DynamicType$Builder$MethodDefinition$AbstractBase$Adapter'.
2024-11-12 13:41:22,044 INFO  MethodCallReplacementClassAdapter - Adding mock interface to class net/bytebuddy/dynamic/DynamicType$Builder$MethodDefinition$AbstractBase$Adapter
2024-11-12 13:41:22,044 INFO  CreateClassResetClassAdapter - Creating brand-new static initializer in class net/bytebuddy/dynamic/DynamicType$Builder$MethodDefinition$AbstractBase$Adapter
2024-11-12 13:41:22,044 INFO  EvoClassLoader - Keeping class: net.bytebuddy.dynamic.DynamicType$Builder$MethodDefinition$AbstractBase$Adapter
2024-11-12 13:41:22,045 INFO  EvoClassLoader - Seeing class for first time: net.bytebuddy.dynamic.DynamicType$Builder$AbstractBase$Adapter$MethodMatchAdapter$AnnotationAdapter
2024-11-12 13:41:22,045 INFO  EvoClassLoader - Instrumenting class 'net.bytebuddy.dynamic.DynamicType$Builder$AbstractBase$Adapter$MethodMatchAdapter$AnnotationAdapter'.
2024-11-12 13:41:22,045 INFO  MethodCallReplacementClassAdapter - Adding mock interface to class net/bytebuddy/dynamic/DynamicType$Builder$AbstractBase$Adapter$MethodMatchAdapter$AnnotationAdapter
2024-11-12 13:41:22,045 INFO  CreateClassResetClassAdapter - Creating brand-new static initializer in class net/bytebuddy/dynamic/DynamicType$Builder$AbstractBase$Adapter$MethodMatchAdapter$AnnotationAdapter
2024-11-12 13:41:22,045 INFO  EvoClassLoader - Keeping class: net.bytebuddy.dynamic.DynamicType$Builder$AbstractBase$Adapter$MethodMatchAdapter$AnnotationAdapter
2024-11-12 13:41:22,045 INFO  EvoClassLoader - Seeing class for first time: net.bytebuddy.implementation.attribute.MethodAttributeAppender$Compound
2024-11-12 13:41:22,045 INFO  EvoClassLoader - Instrumenting class 'net.bytebuddy.implementation.attribute.MethodAttributeAppender$Compound'.
2024-11-12 13:41:22,045 INFO  MethodCallReplacementClassAdapter - Adding mock interface to class net/bytebuddy/implementation/attribute/MethodAttributeAppender$Compound
2024-11-12 13:41:22,046 INFO  CreateClassResetClassAdapter - Creating brand-new static initializer in class net/bytebuddy/implementation/attribute/MethodAttributeAppender$Compound
2024-11-12 13:41:22,046 INFO  EvoClassLoader - Keeping class: net.bytebuddy.implementation.attribute.MethodAttributeAppender$Compound
2024-11-12 13:41:22,046 INFO  EvoClassLoader - Seeing class for first time: net.bytebuddy.implementation.attribute.MethodAttributeAppender$ForReceiverType
2024-11-12 13:41:22,046 INFO  EvoClassLoader - Instrumenting class 'net.bytebuddy.implementation.attribute.MethodAttributeAppender$ForReceiverType'.
2024-11-12 13:41:22,046 INFO  MethodCallReplacementClassAdapter - Adding mock interface to class net/bytebuddy/implementation/attribute/MethodAttributeAppender$ForReceiverType
2024-11-12 13:41:22,046 INFO  CreateClassResetClassAdapter - Creating brand-new static initializer in class net/bytebuddy/implementation/attribute/MethodAttributeAppender$ForReceiverType
2024-11-12 13:41:22,046 INFO  EvoClassLoader - Keeping class: net.bytebuddy.implementation.attribute.MethodAttributeAppender$ForReceiverType
2024-11-12 13:41:22,046 INFO  EvoClassLoader - Seeing class for first time: net.bytebuddy.implementation.attribute.MethodAttributeAppender$Explicit
2024-11-12 13:41:22,046 INFO  EvoClassLoader - Instrumenting class 'net.bytebuddy.implementation.attribute.MethodAttributeAppender$Explicit'.
2024-11-12 13:41:22,046 INFO  MethodCallReplacementClassAdapter - Adding mock interface to class net/bytebuddy/implementation/attribute/MethodAttributeAppender$Explicit
2024-11-12 13:41:22,046 INFO  CreateClassResetClassAdapter - Creating brand-new static initializer in class net/bytebuddy/implementation/attribute/MethodAttributeAppender$Explicit
2024-11-12 13:41:22,047 INFO  EvoClassLoader - Keeping class: net.bytebuddy.implementation.attribute.MethodAttributeAppender$Explicit
2024-11-12 13:41:22,047 INFO  EvoClassLoader - Seeing class for first time: net.bytebuddy.dynamic.Transformer$NoOp
2024-11-12 13:41:22,047 INFO  EvoClassLoader - Instrumenting class 'net.bytebuddy.dynamic.Transformer$NoOp'.
2024-11-12 13:41:22,047 INFO  MethodCallReplacementClassAdapter - Adding mock interface to class net/bytebuddy/dynamic/Transformer$NoOp
2024-11-12 13:41:22,047 INFO  CreateClassResetClassAdapter - Found static initializer in class net/bytebuddy/dynamic/Transformer$NoOp
2024-11-12 13:41:22,047 INFO  EvoClassLoader - Keeping class: net.bytebuddy.dynamic.Transformer$NoOp
2024-11-12 13:41:22,047 INFO  EvoClassLoader - Seeing class for first time: net.bytebuddy.dynamic.Transformer$Compound
2024-11-12 13:41:22,047 INFO  EvoClassLoader - Instrumenting class 'net.bytebuddy.dynamic.Transformer$Compound'.
2024-11-12 13:41:22,047 INFO  MethodCallReplacementClassAdapter - Adding mock interface to class net/bytebuddy/dynamic/Transformer$Compound
2024-11-12 13:41:22,047 INFO  CreateClassResetClassAdapter - Creating brand-new static initializer in class net/bytebuddy/dynamic/Transformer$Compound
2024-11-12 13:41:22,047 INFO  EvoClassLoader - Keeping class: net.bytebuddy.dynamic.Transformer$Compound
2024-11-12 13:41:22,047 INFO  EvoClassLoader - Seeing class for first time: net.bytebuddy.dynamic.Transformer$ForMethod
2024-11-12 13:41:22,047 INFO  EvoClassLoader - Instrumenting class 'net.bytebuddy.dynamic.Transformer$ForMethod'.
2024-11-12 13:41:22,048 INFO  MethodCallReplacementClassAdapter - Adding mock interface to class net/bytebuddy/dynamic/Transformer$ForMethod
2024-11-12 13:41:22,048 INFO  CreateClassResetClassAdapter - Creating brand-new static initializer in class net/bytebuddy/dynamic/Transformer$ForMethod
2024-11-12 13:41:22,048 INFO  EvoClassLoader - Keeping class: net.bytebuddy.dynamic.Transformer$ForMethod
2024-11-12 13:41:22,048 INFO  EvoClassLoader - Seeing class for first time: net.bytebuddy.dynamic.Transformer$ForField
2024-11-12 13:41:22,048 INFO  EvoClassLoader - Instrumenting class 'net.bytebuddy.dynamic.Transformer$ForField'.
2024-11-12 13:41:22,048 INFO  MethodCallReplacementClassAdapter - Adding mock interface to class net/bytebuddy/dynamic/Transformer$ForField
2024-11-12 13:41:22,048 INFO  CreateClassResetClassAdapter - Creating brand-new static initializer in class net/bytebuddy/dynamic/Transformer$ForField
2024-11-12 13:41:22,048 INFO  EvoClassLoader - Keeping class: net.bytebuddy.dynamic.Transformer$ForField
2024-11-12 13:41:22,049 INFO  EvoClassLoader - Seeing class for first time: net.bytebuddy.dynamic.Transformer$ForMethod$MethodModifierTransformer
2024-11-12 13:41:22,049 INFO  EvoClassLoader - Instrumenting class 'net.bytebuddy.dynamic.Transformer$ForMethod$MethodModifierTransformer'.
2024-11-12 13:41:22,049 INFO  MethodCallReplacementClassAdapter - Adding mock interface to class net/bytebuddy/dynamic/Transformer$ForMethod$MethodModifierTransformer
2024-11-12 13:41:22,049 INFO  CreateClassResetClassAdapter - Creating brand-new static initializer in class net/bytebuddy/dynamic/Transformer$ForMethod$MethodModifierTransformer
2024-11-12 13:41:22,049 INFO  EvoClassLoader - Keeping class: net.bytebuddy.dynamic.Transformer$ForMethod$MethodModifierTransformer
2024-11-12 13:41:22,049 INFO  EvoClassLoader - Seeing class for first time: net.bytebuddy.dynamic.Transformer$ForMethod$TransformedMethod
2024-11-12 13:41:22,049 INFO  EvoClassLoader - Instrumenting class 'net.bytebuddy.dynamic.Transformer$ForMethod$TransformedMethod'.
2024-11-12 13:41:22,050 INFO  MethodCallReplacementClassAdapter - Adding mock interface to class net/bytebuddy/dynamic/Transformer$ForMethod$TransformedMethod
2024-11-12 13:41:22,050 INFO  CreateClassResetClassAdapter - Creating brand-new static initializer in class net/bytebuddy/dynamic/Transformer$ForMethod$TransformedMethod
2024-11-12 13:41:22,050 INFO  EvoClassLoader - Keeping class: net.bytebuddy.dynamic.Transformer$ForMethod$TransformedMethod
2024-11-12 13:41:22,050 INFO  EvoClassLoader - Seeing class for first time: net.bytebuddy.implementation.attribute.MethodAttributeAppender$ForInstrumentedMethod$1
2024-11-12 13:41:22,050 INFO  EvoClassLoader - Instrumenting class 'net.bytebuddy.implementation.attribute.MethodAttributeAppender$ForInstrumentedMethod$1'.
2024-11-12 13:41:22,050 INFO  MethodCallReplacementClassAdapter - Adding mock interface to class net/bytebuddy/implementation/attribute/MethodAttributeAppender$ForInstrumentedMethod$1
2024-11-12 13:41:22,050 INFO  EvoClassLoader - Keeping class: net.bytebuddy.implementation.attribute.MethodAttributeAppender$ForInstrumentedMethod$1
2024-11-12 13:41:22,051 INFO  EvoClassLoader - Seeing class for first time: net.bytebuddy.implementation.attribute.MethodAttributeAppender$ForInstrumentedMethod$2
2024-11-12 13:41:22,051 INFO  EvoClassLoader - Instrumenting class 'net.bytebuddy.implementation.attribute.MethodAttributeAppender$ForInstrumentedMethod$2'.
2024-11-12 13:41:22,051 INFO  MethodCallReplacementClassAdapter - Adding mock interface to class net/bytebuddy/implementation/attribute/MethodAttributeAppender$ForInstrumentedMethod$2
2024-11-12 13:41:22,051 INFO  EvoClassLoader - Keeping class: net.bytebuddy.implementation.attribute.MethodAttributeAppender$ForInstrumentedMethod$2
2024-11-12 13:41:22,051 INFO  EvoClassLoader - Seeing class for first time: net.bytebuddy.implementation.attribute.MethodAttributeAppender$Factory$Compound
2024-11-12 13:41:22,051 INFO  EvoClassLoader - Instrumenting class 'net.bytebuddy.implementation.attribute.MethodAttributeAppender$Factory$Compound'.
2024-11-12 13:41:22,052 INFO  MethodCallReplacementClassAdapter - Adding mock interface to class net/bytebuddy/implementation/attribute/MethodAttributeAppender$Factory$Compound
2024-11-12 13:41:22,052 INFO  CreateClassResetClassAdapter - Creating brand-new static initializer in class net/bytebuddy/implementation/attribute/MethodAttributeAppender$Factory$Compound
2024-11-12 13:41:22,052 INFO  EvoClassLoader - Keeping class: net.bytebuddy.implementation.attribute.MethodAttributeAppender$Factory$Compound
2024-11-12 13:41:22,052 INFO  EvoClassLoader - Seeing class for first time: net.bytebuddy.dynamic.scaffold.MethodRegistry$Default$Entry
2024-11-12 13:41:22,052 INFO  EvoClassLoader - Instrumenting class 'net.bytebuddy.dynamic.scaffold.MethodRegistry$Default$Entry'.
2024-11-12 13:41:22,053 INFO  MethodCallReplacementClassAdapter - Adding mock interface to class net/bytebuddy/dynamic/scaffold/MethodRegistry$Default$Entry
2024-11-12 13:41:22,053 INFO  CreateClassResetClassAdapter - Creating brand-new static initializer in class net/bytebuddy/dynamic/scaffold/MethodRegistry$Default$Entry
2024-11-12 13:41:22,053 INFO  EvoClassLoader - Keeping class: net.bytebuddy.dynamic.scaffold.MethodRegistry$Default$Entry
2024-11-12 13:41:22,053 INFO  EvoClassLoader - Seeing class for first time: net.bytebuddy.dynamic.scaffold.MethodRegistry$Default$Compiled
2024-11-12 13:41:22,053 INFO  EvoClassLoader - Instrumenting class 'net.bytebuddy.dynamic.scaffold.MethodRegistry$Default$Compiled'.
2024-11-12 13:41:22,053 INFO  MethodCallReplacementClassAdapter - Adding mock interface to class net/bytebuddy/dynamic/scaffold/MethodRegistry$Default$Compiled
2024-11-12 13:41:22,054 INFO  CreateClassResetClassAdapter - Creating brand-new static initializer in class net/bytebuddy/dynamic/scaffold/MethodRegistry$Default$Compiled
2024-11-12 13:41:22,054 INFO  EvoClassLoader - Seeing class for first time: net.bytebuddy.dynamic.scaffold.MethodRegistry$Compiled
2024-11-12 13:41:22,054 INFO  EvoClassLoader - Instrumenting class 'net.bytebuddy.dynamic.scaffold.MethodRegistry$Compiled'.
2024-11-12 13:41:22,055 INFO  EvoClassLoader - Seeing class for first time: net.bytebuddy.dynamic.scaffold.TypeWriter$MethodPool
2024-11-12 13:41:22,055 INFO  EvoClassLoader - Instrumenting class 'net.bytebuddy.dynamic.scaffold.TypeWriter$MethodPool'.
2024-11-12 13:41:22,055 INFO  EvoClassLoader - Keeping class: net.bytebuddy.dynamic.scaffold.TypeWriter$MethodPool
2024-11-12 13:41:22,055 INFO  EvoClassLoader - Keeping class: net.bytebuddy.dynamic.scaffold.MethodRegistry$Compiled
2024-11-12 13:41:22,055 INFO  EvoClassLoader - Keeping class: net.bytebuddy.dynamic.scaffold.MethodRegistry$Default$Compiled
2024-11-12 13:41:22,055 INFO  EvoClassLoader - Seeing class for first time: net.bytebuddy.dynamic.scaffold.MethodRegistry$Default$Prepared
2024-11-12 13:41:22,055 INFO  EvoClassLoader - Instrumenting class 'net.bytebuddy.dynamic.scaffold.MethodRegistry$Default$Prepared'.
2024-11-12 13:41:22,055 INFO  MethodCallReplacementClassAdapter - Adding mock interface to class net/bytebuddy/dynamic/scaffold/MethodRegistry$Default$Prepared
2024-11-12 13:41:22,056 INFO  CreateClassResetClassAdapter - Creating brand-new static initializer in class net/bytebuddy/dynamic/scaffold/MethodRegistry$Default$Prepared
2024-11-12 13:41:22,057 INFO  EvoClassLoader - Keeping class: net.bytebuddy.dynamic.scaffold.MethodRegistry$Default$Prepared
2024-11-12 13:41:22,057 INFO  EvoClassLoader - Seeing class for first time: net.bytebuddy.dynamic.scaffold.MethodRegistry$Default$Prepared$Entry
2024-11-12 13:41:22,057 INFO  EvoClassLoader - Instrumenting class 'net.bytebuddy.dynamic.scaffold.MethodRegistry$Default$Prepared$Entry'.
2024-11-12 13:41:22,057 INFO  MethodCallReplacementClassAdapter - Adding mock interface to class net/bytebuddy/dynamic/scaffold/MethodRegistry$Default$Prepared$Entry
2024-11-12 13:41:22,058 INFO  CreateClassResetClassAdapter - Creating brand-new static initializer in class net/bytebuddy/dynamic/scaffold/MethodRegistry$Default$Prepared$Entry
2024-11-12 13:41:22,058 INFO  EvoClassLoader - Keeping class: net.bytebuddy.dynamic.scaffold.MethodRegistry$Default$Prepared$Entry
2024-11-12 13:41:22,058 INFO  EvoClassLoader - Seeing class for first time: net.bytebuddy.matcher.CollectionOneToOneMatcher
2024-11-12 13:41:22,058 INFO  EvoClassLoader - Instrumenting class 'net.bytebuddy.matcher.CollectionOneToOneMatcher'.
2024-11-12 13:41:22,058 INFO  MethodCallReplacementClassAdapter - Adding mock interface to class net/bytebuddy/matcher/CollectionOneToOneMatcher
2024-11-12 13:41:22,059 INFO  CreateClassResetClassAdapter - Creating brand-new static initializer in class net/bytebuddy/matcher/CollectionOneToOneMatcher
2024-11-12 13:41:22,059 INFO  EvoClassLoader - Keeping class: net.bytebuddy.matcher.CollectionOneToOneMatcher
2024-11-12 13:41:22,059 INFO  EvoClassLoader - Seeing class for first time: net.bytebuddy.matcher.CollectionErasureMatcher
2024-11-12 13:41:22,059 INFO  EvoClassLoader - Instrumenting class 'net.bytebuddy.matcher.CollectionErasureMatcher'.
2024-11-12 13:41:22,059 INFO  MethodCallReplacementClassAdapter - Adding mock interface to class net/bytebuddy/matcher/CollectionErasureMatcher
2024-11-12 13:41:22,059 INFO  CreateClassResetClassAdapter - Creating brand-new static initializer in class net/bytebuddy/matcher/CollectionErasureMatcher
2024-11-12 13:41:22,060 INFO  EvoClassLoader - Keeping class: net.bytebuddy.matcher.CollectionErasureMatcher
2024-11-12 13:41:22,060 INFO  EvoClassLoader - Seeing class for first time: net.bytebuddy.matcher.MethodParameterTypesMatcher
2024-11-12 13:41:22,060 INFO  EvoClassLoader - Instrumenting class 'net.bytebuddy.matcher.MethodParameterTypesMatcher'.
2024-11-12 13:41:22,060 INFO  MethodCallReplacementClassAdapter - Adding mock interface to class net/bytebuddy/matcher/MethodParameterTypesMatcher
2024-11-12 13:41:22,060 INFO  CreateClassResetClassAdapter - Creating brand-new static initializer in class net/bytebuddy/matcher/MethodParameterTypesMatcher
2024-11-12 13:41:22,060 INFO  EvoClassLoader - Keeping class: net.bytebuddy.matcher.MethodParameterTypesMatcher
2024-11-12 13:41:22,061 INFO  EvoClassLoader - Seeing class for first time: net.bytebuddy.dynamic.DynamicType$Builder$FieldDefinition$Optional$AbstractBase
2024-11-12 13:41:22,061 INFO  EvoClassLoader - Instrumenting class 'net.bytebuddy.dynamic.DynamicType$Builder$FieldDefinition$Optional$AbstractBase'.
2024-11-12 13:41:22,061 INFO  MethodCallReplacementClassAdapter - Adding mock interface to class net/bytebuddy/dynamic/DynamicType$Builder$FieldDefinition$Optional$AbstractBase
2024-11-12 13:41:22,061 INFO  CreateClassResetClassAdapter - Creating brand-new static initializer in class net/bytebuddy/dynamic/DynamicType$Builder$FieldDefinition$Optional$AbstractBase
2024-11-12 13:41:22,061 INFO  EvoClassLoader - Keeping class: net.bytebuddy.dynamic.DynamicType$Builder$FieldDefinition$Optional$AbstractBase
2024-11-12 13:41:22,061 INFO  EvoClassLoader - Seeing class for first time: net.bytebuddy.dynamic.DynamicType$Builder$FieldDefinition$Optional$Valuable$AbstractBase
2024-11-12 13:41:22,061 INFO  EvoClassLoader - Instrumenting class 'net.bytebuddy.dynamic.DynamicType$Builder$FieldDefinition$Optional$Valuable$AbstractBase'.
2024-11-12 13:41:22,062 INFO  MethodCallReplacementClassAdapter - Adding mock interface to class net/bytebuddy/dynamic/DynamicType$Builder$FieldDefinition$Optional$Valuable$AbstractBase
2024-11-12 13:41:22,062 INFO  CreateClassResetClassAdapter - Creating brand-new static initializer in class net/bytebuddy/dynamic/DynamicType$Builder$FieldDefinition$Optional$Valuable$AbstractBase
2024-11-12 13:41:22,062 INFO  EvoClassLoader - Keeping class: net.bytebuddy.dynamic.DynamicType$Builder$FieldDefinition$Optional$Valuable$AbstractBase
2024-11-12 13:41:22,063 INFO  EvoClassLoader - Seeing class for first time: net.bytebuddy.dynamic.DynamicType$Builder$FieldDefinition$Optional$Valuable$AbstractBase$Adapter
2024-11-12 13:41:22,063 INFO  EvoClassLoader - Instrumenting class 'net.bytebuddy.dynamic.DynamicType$Builder$FieldDefinition$Optional$Valuable$AbstractBase$Adapter'.
2024-11-12 13:41:22,063 INFO  MethodCallReplacementClassAdapter - Adding mock interface to class net/bytebuddy/dynamic/DynamicType$Builder$FieldDefinition$Optional$Valuable$AbstractBase$Adapter
2024-11-12 13:41:22,063 INFO  CreateClassResetClassAdapter - Creating brand-new static initializer in class net/bytebuddy/dynamic/DynamicType$Builder$FieldDefinition$Optional$Valuable$AbstractBase$Adapter
2024-11-12 13:41:22,064 INFO  EvoClassLoader - Keeping class: net.bytebuddy.dynamic.DynamicType$Builder$FieldDefinition$Optional$Valuable$AbstractBase$Adapter
2024-11-12 13:41:22,064 INFO  EvoClassLoader - Seeing class for first time: net.bytebuddy.dynamic.DynamicType$Builder$AbstractBase$Adapter$FieldDefinitionAdapter
2024-11-12 13:41:22,064 INFO  EvoClassLoader - Instrumenting class 'net.bytebuddy.dynamic.DynamicType$Builder$AbstractBase$Adapter$FieldDefinitionAdapter'.
2024-11-12 13:41:22,064 INFO  MethodCallReplacementClassAdapter - Adding mock interface to class net/bytebuddy/dynamic/DynamicType$Builder$AbstractBase$Adapter$FieldDefinitionAdapter
2024-11-12 13:41:22,065 INFO  CreateClassResetClassAdapter - Creating brand-new static initializer in class net/bytebuddy/dynamic/DynamicType$Builder$AbstractBase$Adapter$FieldDefinitionAdapter
2024-11-12 13:41:22,065 INFO  EvoClassLoader - Keeping class: net.bytebuddy.dynamic.DynamicType$Builder$AbstractBase$Adapter$FieldDefinitionAdapter
2024-11-12 13:41:22,065 INFO  EvoClassLoader - Seeing class for first time: net.bytebuddy.dynamic.DynamicType$Builder$AbstractBase$Adapter$MethodDefinitionAdapter
2024-11-12 13:41:22,065 INFO  EvoClassLoader - Instrumenting class 'net.bytebuddy.dynamic.DynamicType$Builder$AbstractBase$Adapter$MethodDefinitionAdapter'.
2024-11-12 13:41:22,065 INFO  MethodCallReplacementClassAdapter - Adding mock interface to class net/bytebuddy/dynamic/DynamicType$Builder$AbstractBase$Adapter$MethodDefinitionAdapter
2024-11-12 13:41:22,066 INFO  CreateClassResetClassAdapter - Creating brand-new static initializer in class net/bytebuddy/dynamic/DynamicType$Builder$AbstractBase$Adapter$MethodDefinitionAdapter
2024-11-12 13:41:22,066 INFO  EvoClassLoader - Seeing class for first time: net.bytebuddy.dynamic.DynamicType$Builder$MethodDefinition$ParameterDefinition$Initial$AbstractBase
2024-11-12 13:41:22,066 INFO  EvoClassLoader - Instrumenting class 'net.bytebuddy.dynamic.DynamicType$Builder$MethodDefinition$ParameterDefinition$Initial$AbstractBase'.
2024-11-12 13:41:22,066 INFO  MethodCallReplacementClassAdapter - Adding mock interface to class net/bytebuddy/dynamic/DynamicType$Builder$MethodDefinition$ParameterDefinition$Initial$AbstractBase
2024-11-12 13:41:22,069 INFO  CreateClassResetClassAdapter - Creating brand-new static initializer in class net/bytebuddy/dynamic/DynamicType$Builder$MethodDefinition$ParameterDefinition$Initial$AbstractBase
2024-11-12 13:41:22,069 INFO  EvoClassLoader - Seeing class for first time: net.bytebuddy.dynamic.DynamicType$Builder$MethodDefinition$ParameterDefinition$AbstractBase
2024-11-12 13:41:22,069 INFO  EvoClassLoader - Instrumenting class 'net.bytebuddy.dynamic.DynamicType$Builder$MethodDefinition$ParameterDefinition$AbstractBase'.
2024-11-12 13:41:22,069 INFO  MethodCallReplacementClassAdapter - Adding mock interface to class net/bytebuddy/dynamic/DynamicType$Builder$MethodDefinition$ParameterDefinition$AbstractBase
2024-11-12 13:41:22,070 INFO  CreateClassResetClassAdapter - Creating brand-new static initializer in class net/bytebuddy/dynamic/DynamicType$Builder$MethodDefinition$ParameterDefinition$AbstractBase
2024-11-12 13:41:22,070 INFO  EvoClassLoader - Seeing class for first time: net.bytebuddy.dynamic.DynamicType$Builder$MethodDefinition$ExceptionDefinition$AbstractBase
2024-11-12 13:41:22,070 INFO  EvoClassLoader - Instrumenting class 'net.bytebuddy.dynamic.DynamicType$Builder$MethodDefinition$ExceptionDefinition$AbstractBase'.
2024-11-12 13:41:22,070 INFO  MethodCallReplacementClassAdapter - Adding mock interface to class net/bytebuddy/dynamic/DynamicType$Builder$MethodDefinition$ExceptionDefinition$AbstractBase
2024-11-12 13:41:22,070 INFO  CreateClassResetClassAdapter - Creating brand-new static initializer in class net/bytebuddy/dynamic/DynamicType$Builder$MethodDefinition$ExceptionDefinition$AbstractBase
2024-11-12 13:41:22,070 INFO  EvoClassLoader - Seeing class for first time: net.bytebuddy.dynamic.DynamicType$Builder$MethodDefinition$TypeVariableDefinition$AbstractBase
2024-11-12 13:41:22,070 INFO  EvoClassLoader - Instrumenting class 'net.bytebuddy.dynamic.DynamicType$Builder$MethodDefinition$TypeVariableDefinition$AbstractBase'.
2024-11-12 13:41:22,070 INFO  MethodCallReplacementClassAdapter - Adding mock interface to class net/bytebuddy/dynamic/DynamicType$Builder$MethodDefinition$TypeVariableDefinition$AbstractBase
2024-11-12 13:41:22,070 INFO  CreateClassResetClassAdapter - Creating brand-new static initializer in class net/bytebuddy/dynamic/DynamicType$Builder$MethodDefinition$TypeVariableDefinition$AbstractBase
2024-11-12 13:41:22,070 INFO  EvoClassLoader - Keeping class: net.bytebuddy.dynamic.DynamicType$Builder$MethodDefinition$TypeVariableDefinition$AbstractBase
2024-11-12 13:41:22,070 INFO  EvoClassLoader - Keeping class: net.bytebuddy.dynamic.DynamicType$Builder$MethodDefinition$ExceptionDefinition$AbstractBase
2024-11-12 13:41:22,070 INFO  EvoClassLoader - Keeping class: net.bytebuddy.dynamic.DynamicType$Builder$MethodDefinition$ParameterDefinition$AbstractBase
2024-11-12 13:41:22,070 INFO  EvoClassLoader - Keeping class: net.bytebuddy.dynamic.DynamicType$Builder$MethodDefinition$ParameterDefinition$Initial$AbstractBase
2024-11-12 13:41:22,070 INFO  EvoClassLoader - Keeping class: net.bytebuddy.dynamic.DynamicType$Builder$AbstractBase$Adapter$MethodDefinitionAdapter
2024-11-12 13:41:22,070 INFO  EvoClassLoader - Seeing class for first time: net.bytebuddy.dynamic.DynamicType$Builder$AbstractBase$Adapter$FieldMatchAdapter
2024-11-12 13:41:22,070 INFO  EvoClassLoader - Instrumenting class 'net.bytebuddy.dynamic.DynamicType$Builder$AbstractBase$Adapter$FieldMatchAdapter'.
2024-11-12 13:41:22,070 INFO  MethodCallReplacementClassAdapter - Adding mock interface to class net/bytebuddy/dynamic/DynamicType$Builder$AbstractBase$Adapter$FieldMatchAdapter
2024-11-12 13:41:22,071 INFO  CreateClassResetClassAdapter - Creating brand-new static initializer in class net/bytebuddy/dynamic/DynamicType$Builder$AbstractBase$Adapter$FieldMatchAdapter
2024-11-12 13:41:22,071 INFO  EvoClassLoader - Keeping class: net.bytebuddy.dynamic.DynamicType$Builder$AbstractBase$Adapter$FieldMatchAdapter
2024-11-12 13:41:22,071 INFO  EvoClassLoader - Seeing class for first time: net.bytebuddy.description.field.FieldDescription$SignatureToken
2024-11-12 13:41:22,071 INFO  EvoClassLoader - Instrumenting class 'net.bytebuddy.description.field.FieldDescription$SignatureToken'.
2024-11-12 13:41:22,071 INFO  MethodCallReplacementClassAdapter - Adding mock interface to class net/bytebuddy/description/field/FieldDescription$SignatureToken
2024-11-12 13:41:22,072 INFO  CreateClassResetClassAdapter - Creating brand-new static initializer in class net/bytebuddy/description/field/FieldDescription$SignatureToken
2024-11-12 13:41:22,072 INFO  EvoClassLoader - Keeping class: net.bytebuddy.description.field.FieldDescription$SignatureToken
2024-11-12 13:41:22,072 INFO  EvoClassLoader - Seeing class for first time: net.bytebuddy.implementation.attribute.FieldAttributeAppender$ForInstrumentedField
2024-11-12 13:41:22,072 INFO  EvoClassLoader - Instrumenting class 'net.bytebuddy.implementation.attribute.FieldAttributeAppender$ForInstrumentedField'.
2024-11-12 13:41:22,072 INFO  MethodCallReplacementClassAdapter - Adding mock interface to class net/bytebuddy/implementation/attribute/FieldAttributeAppender$ForInstrumentedField
2024-11-12 13:41:22,072 INFO  CreateClassResetClassAdapter - Found static initializer in class net/bytebuddy/implementation/attribute/FieldAttributeAppender$ForInstrumentedField
2024-11-12 13:41:22,073 INFO  EvoClassLoader - Seeing class for first time: net.bytebuddy.implementation.attribute.FieldAttributeAppender
2024-11-12 13:41:22,073 INFO  EvoClassLoader - Instrumenting class 'net.bytebuddy.implementation.attribute.FieldAttributeAppender'.
2024-11-12 13:41:22,073 INFO  EvoClassLoader - Keeping class: net.bytebuddy.implementation.attribute.FieldAttributeAppender
2024-11-12 13:41:22,073 INFO  EvoClassLoader - Keeping class: net.bytebuddy.implementation.attribute.FieldAttributeAppender$ForInstrumentedField
2024-11-12 13:41:22,073 INFO  EvoClassLoader - Seeing class for first time: net.bytebuddy.implementation.attribute.FieldAttributeAppender$Compound
2024-11-12 13:41:22,073 INFO  EvoClassLoader - Instrumenting class 'net.bytebuddy.implementation.attribute.FieldAttributeAppender$Compound'.
2024-11-12 13:41:22,073 INFO  MethodCallReplacementClassAdapter - Adding mock interface to class net/bytebuddy/implementation/attribute/FieldAttributeAppender$Compound
2024-11-12 13:41:22,073 INFO  CreateClassResetClassAdapter - Creating brand-new static initializer in class net/bytebuddy/implementation/attribute/FieldAttributeAppender$Compound
2024-11-12 13:41:22,073 INFO  EvoClassLoader - Keeping class: net.bytebuddy.implementation.attribute.FieldAttributeAppender$Compound
2024-11-12 13:41:22,073 INFO  EvoClassLoader - Seeing class for first time: net.bytebuddy.implementation.attribute.FieldAttributeAppender$Explicit
2024-11-12 13:41:22,073 INFO  EvoClassLoader - Instrumenting class 'net.bytebuddy.implementation.attribute.FieldAttributeAppender$Explicit'.
2024-11-12 13:41:22,073 INFO  MethodCallReplacementClassAdapter - Adding mock interface to class net/bytebuddy/implementation/attribute/FieldAttributeAppender$Explicit
2024-11-12 13:41:22,074 INFO  CreateClassResetClassAdapter - Creating brand-new static initializer in class net/bytebuddy/implementation/attribute/FieldAttributeAppender$Explicit
2024-11-12 13:41:22,074 INFO  EvoClassLoader - Keeping class: net.bytebuddy.implementation.attribute.FieldAttributeAppender$Explicit
2024-11-12 13:41:22,074 INFO  EvoClassLoader - Seeing class for first time: net.bytebuddy.jar.asm.FieldVisitor
2024-11-12 13:41:22,074 INFO  EvoClassLoader - Instrumenting class 'net.bytebuddy.jar.asm.FieldVisitor'.
2024-11-12 13:41:22,074 INFO  MethodCallReplacementClassAdapter - Adding mock interface to class net/bytebuddy/jar/asm/FieldVisitor
2024-11-12 13:41:22,075 INFO  CreateClassResetClassAdapter - Creating brand-new static initializer in class net/bytebuddy/jar/asm/FieldVisitor
2024-11-12 13:41:22,075 INFO  EvoClassLoader - Keeping class: net.bytebuddy.jar.asm.FieldVisitor
2024-11-12 13:41:22,075 INFO  EvoClassLoader - Seeing class for first time: net.bytebuddy.dynamic.scaffold.FieldRegistry$Default$Entry
2024-11-12 13:41:22,075 INFO  EvoClassLoader - Instrumenting class 'net.bytebuddy.dynamic.scaffold.FieldRegistry$Default$Entry'.
2024-11-12 13:41:22,075 INFO  MethodCallReplacementClassAdapter - Adding mock interface to class net/bytebuddy/dynamic/scaffold/FieldRegistry$Default$Entry
2024-11-12 13:41:22,075 INFO  CreateClassResetClassAdapter - Creating brand-new static initializer in class net/bytebuddy/dynamic/scaffold/FieldRegistry$Default$Entry
2024-11-12 13:41:22,075 INFO  EvoClassLoader - Keeping class: net.bytebuddy.dynamic.scaffold.FieldRegistry$Default$Entry
2024-11-12 13:41:22,075 INFO  EvoClassLoader - Seeing class for first time: net.bytebuddy.dynamic.scaffold.FieldRegistry$Default$Compiled
2024-11-12 13:41:22,075 INFO  EvoClassLoader - Instrumenting class 'net.bytebuddy.dynamic.scaffold.FieldRegistry$Default$Compiled'.
2024-11-12 13:41:22,076 INFO  MethodCallReplacementClassAdapter - Adding mock interface to class net/bytebuddy/dynamic/scaffold/FieldRegistry$Default$Compiled
2024-11-12 13:41:22,076 INFO  CreateClassResetClassAdapter - Creating brand-new static initializer in class net/bytebuddy/dynamic/scaffold/FieldRegistry$Default$Compiled
2024-11-12 13:41:22,076 INFO  EvoClassLoader - Keeping class: net.bytebuddy.dynamic.scaffold.FieldRegistry$Default$Compiled
2024-11-12 13:41:22,076 INFO  EvoClassLoader - Seeing class for first time: net.bytebuddy.implementation.FieldAccessor
2024-11-12 13:41:22,076 INFO  EvoClassLoader - Instrumenting class 'net.bytebuddy.implementation.FieldAccessor'.
2024-11-12 13:41:22,076 INFO  MethodCallReplacementClassAdapter - Adding mock interface to class net/bytebuddy/implementation/FieldAccessor
2024-11-12 13:41:22,076 INFO  CreateClassResetClassAdapter - Creating brand-new static initializer in class net/bytebuddy/implementation/FieldAccessor
2024-11-12 13:41:22,076 INFO  EvoClassLoader - Keeping class: net.bytebuddy.implementation.FieldAccessor
2024-11-12 13:41:22,076 INFO  EvoClassLoader - Seeing class for first time: net.bytebuddy.implementation.FieldAccessor$FieldNameExtractor
2024-11-12 13:41:22,076 INFO  EvoClassLoader - Instrumenting class 'net.bytebuddy.implementation.FieldAccessor$FieldNameExtractor'.
2024-11-12 13:41:22,077 INFO  EvoClassLoader - Keeping class: net.bytebuddy.implementation.FieldAccessor$FieldNameExtractor
2024-11-12 13:41:22,077 INFO  EvoClassLoader - Seeing class for first time: net.bytebuddy.implementation.FieldAccessor$FieldLocation
2024-11-12 13:41:22,077 INFO  EvoClassLoader - Instrumenting class 'net.bytebuddy.implementation.FieldAccessor$FieldLocation'.
2024-11-12 13:41:22,077 INFO  EvoClassLoader - Keeping class: net.bytebuddy.implementation.FieldAccessor$FieldLocation
2024-11-12 13:41:22,077 INFO  EvoClassLoader - Seeing class for first time: net.bytebuddy.implementation.FieldAccessor$OwnerTypeLocatable
2024-11-12 13:41:22,077 INFO  EvoClassLoader - Instrumenting class 'net.bytebuddy.implementation.FieldAccessor$OwnerTypeLocatable'.
2024-11-12 13:41:22,077 INFO  EvoClassLoader - Seeing class for first time: net.bytebuddy.implementation.FieldAccessor$AssignerConfigurable
2024-11-12 13:41:22,077 INFO  EvoClassLoader - Instrumenting class 'net.bytebuddy.implementation.FieldAccessor$AssignerConfigurable'.
2024-11-12 13:41:22,077 INFO  EvoClassLoader - Seeing class for first time: net.bytebuddy.implementation.FieldAccessor$PropertyConfigurable
2024-11-12 13:41:22,077 INFO  EvoClassLoader - Instrumenting class 'net.bytebuddy.implementation.FieldAccessor$PropertyConfigurable'.
2024-11-12 13:41:22,077 INFO  EvoClassLoader - Keeping class: net.bytebuddy.implementation.FieldAccessor$PropertyConfigurable
2024-11-12 13:41:22,077 INFO  EvoClassLoader - Keeping class: net.bytebuddy.implementation.FieldAccessor$AssignerConfigurable
2024-11-12 13:41:22,077 INFO  EvoClassLoader - Keeping class: net.bytebuddy.implementation.FieldAccessor$OwnerTypeLocatable
2024-11-12 13:41:22,077 INFO  EvoClassLoader - Seeing class for first time: net.bytebuddy.implementation.FieldAccessor$FieldNameExtractor$ForBeanProperty
2024-11-12 13:41:22,077 INFO  EvoClassLoader - Instrumenting class 'net.bytebuddy.implementation.FieldAccessor$FieldNameExtractor$ForBeanProperty'.
2024-11-12 13:41:22,077 INFO  MethodCallReplacementClassAdapter - Adding mock interface to class net/bytebuddy/implementation/FieldAccessor$FieldNameExtractor$ForBeanProperty
2024-11-12 13:41:22,078 INFO  CreateClassResetClassAdapter - Found static initializer in class net/bytebuddy/implementation/FieldAccessor$FieldNameExtractor$ForBeanProperty
2024-11-12 13:41:22,078 INFO  EvoClassLoader - Keeping class: net.bytebuddy.implementation.FieldAccessor$FieldNameExtractor$ForBeanProperty
2024-11-12 13:41:22,078 INFO  EvoClassLoader - Seeing class for first time: net.bytebuddy.implementation.FieldAccessor$FieldNameExtractor$ForFixedValue
2024-11-12 13:41:22,078 INFO  EvoClassLoader - Instrumenting class 'net.bytebuddy.implementation.FieldAccessor$FieldNameExtractor$ForFixedValue'.
2024-11-12 13:41:22,078 INFO  MethodCallReplacementClassAdapter - Adding mock interface to class net/bytebuddy/implementation/FieldAccessor$FieldNameExtractor$ForFixedValue
2024-11-12 13:41:22,078 INFO  CreateClassResetClassAdapter - Creating brand-new static initializer in class net/bytebuddy/implementation/FieldAccessor$FieldNameExtractor$ForFixedValue
2024-11-12 13:41:22,078 INFO  EvoClassLoader - Keeping class: net.bytebuddy.implementation.FieldAccessor$FieldNameExtractor$ForFixedValue
2024-11-12 13:41:22,078 INFO  EvoClassLoader - Seeing class for first time: net.bytebuddy.implementation.FieldAccessor$ForImplicitProperty
2024-11-12 13:41:22,078 INFO  EvoClassLoader - Instrumenting class 'net.bytebuddy.implementation.FieldAccessor$ForImplicitProperty'.
2024-11-12 13:41:22,079 INFO  MethodCallReplacementClassAdapter - Adding mock interface to class net/bytebuddy/implementation/FieldAccessor$ForImplicitProperty
2024-11-12 13:41:22,079 INFO  CreateClassResetClassAdapter - Creating brand-new static initializer in class net/bytebuddy/implementation/FieldAccessor$ForImplicitProperty
2024-11-12 13:41:22,079 INFO  EvoClassLoader - Keeping class: net.bytebuddy.implementation.FieldAccessor$ForImplicitProperty
2024-11-12 13:41:22,079 INFO  EvoClassLoader - Seeing class for first time: net.bytebuddy.implementation.FieldAccessor$ForSetter
2024-11-12 13:41:22,079 INFO  EvoClassLoader - Instrumenting class 'net.bytebuddy.implementation.FieldAccessor$ForSetter'.
2024-11-12 13:41:22,079 INFO  MethodCallReplacementClassAdapter - Adding mock interface to class net/bytebuddy/implementation/FieldAccessor$ForSetter
2024-11-12 13:41:22,080 INFO  CreateClassResetClassAdapter - Creating brand-new static initializer in class net/bytebuddy/implementation/FieldAccessor$ForSetter
2024-11-12 13:41:22,080 INFO  EvoClassLoader - Keeping class: net.bytebuddy.implementation.FieldAccessor$ForSetter
2024-11-12 13:41:22,080 INFO  EvoClassLoader - Seeing class for first time: net.bytebuddy.implementation.FieldAccessor$FieldLocation$Relative
2024-11-12 13:41:22,080 INFO  EvoClassLoader - Instrumenting class 'net.bytebuddy.implementation.FieldAccessor$FieldLocation$Relative'.
2024-11-12 13:41:22,080 INFO  MethodCallReplacementClassAdapter - Adding mock interface to class net/bytebuddy/implementation/FieldAccessor$FieldLocation$Relative
2024-11-12 13:41:22,080 INFO  CreateClassResetClassAdapter - Creating brand-new static initializer in class net/bytebuddy/implementation/FieldAccessor$FieldLocation$Relative
2024-11-12 13:41:22,080 INFO  EvoClassLoader - Keeping class: net.bytebuddy.implementation.FieldAccessor$FieldLocation$Relative
2024-11-12 13:41:22,080 INFO  EvoClassLoader - Seeing class for first time: net.bytebuddy.implementation.FieldAccessor$FieldLocation$Prepared
2024-11-12 13:41:22,080 INFO  EvoClassLoader - Instrumenting class 'net.bytebuddy.implementation.FieldAccessor$FieldLocation$Prepared'.
2024-11-12 13:41:22,081 INFO  EvoClassLoader - Keeping class: net.bytebuddy.implementation.FieldAccessor$FieldLocation$Prepared
2024-11-12 13:41:22,081 INFO  EvoClassLoader - Seeing class for first time: net.bytebuddy.dynamic.scaffold.FieldLocator$ForClassHierarchy$Factory
2024-11-12 13:41:22,081 INFO  EvoClassLoader - Instrumenting class 'net.bytebuddy.dynamic.scaffold.FieldLocator$ForClassHierarchy$Factory'.
2024-11-12 13:41:22,081 INFO  MethodCallReplacementClassAdapter - Adding mock interface to class net/bytebuddy/dynamic/scaffold/FieldLocator$ForClassHierarchy$Factory
2024-11-12 13:41:22,081 INFO  CreateClassResetClassAdapter - Found static initializer in class net/bytebuddy/dynamic/scaffold/FieldLocator$ForClassHierarchy$Factory
2024-11-12 13:41:22,081 INFO  EvoClassLoader - Keeping class: net.bytebuddy.dynamic.scaffold.FieldLocator$ForClassHierarchy$Factory
2024-11-12 13:41:22,081 INFO  EvoClassLoader - Seeing class for first time: net.bytebuddy.description.type.TypeList$Empty
2024-11-12 13:41:22,081 INFO  EvoClassLoader - Instrumenting class 'net.bytebuddy.description.type.TypeList$Empty'.
2024-11-12 13:41:22,081 INFO  MethodCallReplacementClassAdapter - Adding mock interface to class net/bytebuddy/description/type/TypeList$Empty
2024-11-12 13:41:22,081 INFO  CreateClassResetClassAdapter - Creating brand-new static initializer in class net/bytebuddy/description/type/TypeList$Empty
2024-11-12 13:41:22,082 INFO  EvoClassLoader - Keeping class: net.bytebuddy.description.type.TypeList$Empty
2024-11-12 13:41:22,082 INFO  EvoClassLoader - Seeing class for first time: net.bytebuddy.description.type.TypeList$ForLoadedTypes
2024-11-12 13:41:22,082 INFO  EvoClassLoader - Instrumenting class 'net.bytebuddy.description.type.TypeList$ForLoadedTypes'.
2024-11-12 13:41:22,082 INFO  MethodCallReplacementClassAdapter - Adding mock interface to class net/bytebuddy/description/type/TypeList$ForLoadedTypes
2024-11-12 13:41:22,082 INFO  CreateClassResetClassAdapter - Creating brand-new static initializer in class net/bytebuddy/description/type/TypeList$ForLoadedTypes
2024-11-12 13:41:22,082 INFO  EvoClassLoader - Keeping class: net.bytebuddy.description.type.TypeList$ForLoadedTypes
2024-11-12 13:41:22,082 INFO  EvoClassLoader - Seeing class for first time: net.bytebuddy.matcher.SuperTypeMatcher
2024-11-12 13:41:22,082 INFO  EvoClassLoader - Instrumenting class 'net.bytebuddy.matcher.SuperTypeMatcher'.
2024-11-12 13:41:22,082 INFO  MethodCallReplacementClassAdapter - Adding mock interface to class net/bytebuddy/matcher/SuperTypeMatcher
2024-11-12 13:41:22,083 INFO  CreateClassResetClassAdapter - Creating brand-new static initializer in class net/bytebuddy/matcher/SuperTypeMatcher
2024-11-12 13:41:22,083 INFO  EvoClassLoader - Keeping class: net.bytebuddy.matcher.SuperTypeMatcher
2024-11-12 13:41:22,083 INFO  EvoClassLoader - Seeing class for first time: net.bytebuddy.dynamic.TypeResolutionStrategy$Passive
2024-11-12 13:41:22,083 INFO  EvoClassLoader - Instrumenting class 'net.bytebuddy.dynamic.TypeResolutionStrategy$Passive'.
2024-11-12 13:41:22,083 INFO  MethodCallReplacementClassAdapter - Adding mock interface to class net/bytebuddy/dynamic/TypeResolutionStrategy$Passive
2024-11-12 13:41:22,083 INFO  CreateClassResetClassAdapter - Found static initializer in class net/bytebuddy/dynamic/TypeResolutionStrategy$Passive
2024-11-12 13:41:22,083 INFO  EvoClassLoader - Seeing class for first time: net.bytebuddy.dynamic.TypeResolutionStrategy$Resolved
2024-11-12 13:41:22,083 INFO  EvoClassLoader - Instrumenting class 'net.bytebuddy.dynamic.TypeResolutionStrategy$Resolved'.
2024-11-12 13:41:22,084 INFO  EvoClassLoader - Keeping class: net.bytebuddy.dynamic.TypeResolutionStrategy$Resolved
2024-11-12 13:41:22,084 INFO  EvoClassLoader - Keeping class: net.bytebuddy.dynamic.TypeResolutionStrategy$Passive
2024-11-12 13:41:22,084 INFO  EvoClassLoader - Seeing class for first time: net.bytebuddy.dynamic.TypeResolutionStrategy$Disabled
2024-11-12 13:41:22,084 INFO  EvoClassLoader - Instrumenting class 'net.bytebuddy.dynamic.TypeResolutionStrategy$Disabled'.
2024-11-12 13:41:22,084 INFO  MethodCallReplacementClassAdapter - Adding mock interface to class net/bytebuddy/dynamic/TypeResolutionStrategy$Disabled
2024-11-12 13:41:22,084 INFO  CreateClassResetClassAdapter - Found static initializer in class net/bytebuddy/dynamic/TypeResolutionStrategy$Disabled
2024-11-12 13:41:22,084 INFO  EvoClassLoader - Keeping class: net.bytebuddy.dynamic.TypeResolutionStrategy$Disabled
2024-11-12 13:41:22,084 INFO  EvoClassLoader - Seeing class for first time: net.bytebuddy.dynamic.TypeResolutionStrategy$Lazy
2024-11-12 13:41:22,084 INFO  EvoClassLoader - Instrumenting class 'net.bytebuddy.dynamic.TypeResolutionStrategy$Lazy'.
2024-11-12 13:41:22,084 INFO  MethodCallReplacementClassAdapter - Adding mock interface to class net/bytebuddy/dynamic/TypeResolutionStrategy$Lazy
2024-11-12 13:41:22,084 INFO  CreateClassResetClassAdapter - Found static initializer in class net/bytebuddy/dynamic/TypeResolutionStrategy$Lazy
2024-11-12 13:41:22,085 INFO  EvoClassLoader - Keeping class: net.bytebuddy.dynamic.TypeResolutionStrategy$Lazy
2024-11-12 13:41:22,085 INFO  EvoClassLoader - Seeing class for first time: net.bytebuddy.dynamic.TypeResolutionStrategy$Active
2024-11-12 13:41:22,085 INFO  EvoClassLoader - Instrumenting class 'net.bytebuddy.dynamic.TypeResolutionStrategy$Active'.
2024-11-12 13:41:22,085 INFO  MethodCallReplacementClassAdapter - Adding mock interface to class net/bytebuddy/dynamic/TypeResolutionStrategy$Active
2024-11-12 13:41:22,085 INFO  CreateClassResetClassAdapter - Creating brand-new static initializer in class net/bytebuddy/dynamic/TypeResolutionStrategy$Active
2024-11-12 13:41:22,085 INFO  EvoClassLoader - Keeping class: net.bytebuddy.dynamic.TypeResolutionStrategy$Active
2024-11-12 13:41:22,085 INFO  EvoClassLoader - Seeing class for first time: net.bytebuddy.jar.asm.Type
2024-11-12 13:41:22,085 INFO  EvoClassLoader - Instrumenting class 'net.bytebuddy.jar.asm.Type'.
2024-11-12 13:41:22,086 INFO  MethodCallReplacementClassAdapter - Adding mock interface to class net/bytebuddy/jar/asm/Type
2024-11-12 13:41:22,086 INFO  CreateClassResetClassAdapter - Found static initializer in class net/bytebuddy/jar/asm/Type
2024-11-12 13:41:22,087 INFO  EvoClassLoader - Keeping class: net.bytebuddy.jar.asm.Type
2024-11-12 13:41:22,088 INFO  EvoClassLoader - Seeing class for first time: net.bytebuddy.pool.TypePool$AbstractBase
2024-11-12 13:41:22,088 INFO  EvoClassLoader - Instrumenting class 'net.bytebuddy.pool.TypePool$AbstractBase'.
2024-11-12 13:41:22,088 INFO  MethodCallReplacementClassAdapter - Adding mock interface to class net/bytebuddy/pool/TypePool$AbstractBase
2024-11-12 13:41:22,089 INFO  CreateClassResetClassAdapter - Found static initializer in class net/bytebuddy/pool/TypePool$AbstractBase
2024-11-12 13:41:22,089 INFO  EvoClassLoader - Keeping class: net.bytebuddy.pool.TypePool$AbstractBase
2024-11-12 13:41:22,089 INFO  EvoClassLoader - Seeing class for first time: net.bytebuddy.pool.TypePool$Explicit
2024-11-12 13:41:22,089 INFO  EvoClassLoader - Instrumenting class 'net.bytebuddy.pool.TypePool$Explicit'.
2024-11-12 13:41:22,089 INFO  MethodCallReplacementClassAdapter - Adding mock interface to class net/bytebuddy/pool/TypePool$Explicit
2024-11-12 13:41:22,090 INFO  CreateClassResetClassAdapter - Creating brand-new static initializer in class net/bytebuddy/pool/TypePool$Explicit
2024-11-12 13:41:22,090 INFO  EvoClassLoader - Seeing class for first time: net.bytebuddy.pool.TypePool$AbstractBase$Hierarchical
2024-11-12 13:41:22,090 INFO  EvoClassLoader - Instrumenting class 'net.bytebuddy.pool.TypePool$AbstractBase$Hierarchical'.
2024-11-12 13:41:22,090 INFO  MethodCallReplacementClassAdapter - Adding mock interface to class net/bytebuddy/pool/TypePool$AbstractBase$Hierarchical
2024-11-12 13:41:22,090 INFO  CreateClassResetClassAdapter - Creating brand-new static initializer in class net/bytebuddy/pool/TypePool$AbstractBase$Hierarchical
2024-11-12 13:41:22,090 INFO  EvoClassLoader - Keeping class: net.bytebuddy.pool.TypePool$AbstractBase$Hierarchical
2024-11-12 13:41:22,090 INFO  EvoClassLoader - Keeping class: net.bytebuddy.pool.TypePool$Explicit
2024-11-12 13:41:22,090 INFO  EvoClassLoader - Seeing class for first time: net.bytebuddy.pool.TypePool$ClassLoading
2024-11-12 13:41:22,090 INFO  EvoClassLoader - Instrumenting class 'net.bytebuddy.pool.TypePool$ClassLoading'.
2024-11-12 13:41:22,090 INFO  MethodCallReplacementClassAdapter - Adding mock interface to class net/bytebuddy/pool/TypePool$ClassLoading
2024-11-12 13:41:22,090 INFO  CreateClassResetClassAdapter - Found static initializer in class net/bytebuddy/pool/TypePool$ClassLoading
2024-11-12 13:41:22,090 INFO  EvoClassLoader - Keeping class: net.bytebuddy.pool.TypePool$ClassLoading
2024-11-12 13:41:22,090 INFO  EvoClassLoader - Seeing class for first time: net.bytebuddy.pool.TypePool$LazyFacade
2024-11-12 13:41:22,090 INFO  EvoClassLoader - Instrumenting class 'net.bytebuddy.pool.TypePool$LazyFacade'.
2024-11-12 13:41:22,091 INFO  MethodCallReplacementClassAdapter - Adding mock interface to class net/bytebuddy/pool/TypePool$LazyFacade
2024-11-12 13:41:22,091 INFO  CreateClassResetClassAdapter - Creating brand-new static initializer in class net/bytebuddy/pool/TypePool$LazyFacade
2024-11-12 13:41:22,091 INFO  EvoClassLoader - Keeping class: net.bytebuddy.pool.TypePool$LazyFacade
2024-11-12 13:41:22,091 INFO  EvoClassLoader - Seeing class for first time: net.bytebuddy.pool.TypePool$Default
2024-11-12 13:41:22,091 INFO  EvoClassLoader - Instrumenting class 'net.bytebuddy.pool.TypePool$Default'.
2024-11-12 13:41:22,091 INFO  MethodCallReplacementClassAdapter - Adding mock interface to class net/bytebuddy/pool/TypePool$Default
2024-11-12 13:41:22,091 INFO  CreateClassResetClassAdapter - Found static initializer in class net/bytebuddy/pool/TypePool$Default
2024-11-12 13:41:22,092 INFO  EvoClassLoader - Keeping class: net.bytebuddy.pool.TypePool$Default
2024-11-12 13:41:22,092 INFO  EvoClassLoader - Seeing class for first time: net.bytebuddy.pool.TypePool$Resolution
2024-11-12 13:41:22,092 INFO  EvoClassLoader - Instrumenting class 'net.bytebuddy.pool.TypePool$Resolution'.
2024-11-12 13:41:22,092 INFO  EvoClassLoader - Keeping class: net.bytebuddy.pool.TypePool$Resolution
2024-11-12 13:41:22,092 INFO  EvoClassLoader - Seeing class for first time: net.bytebuddy.pool.TypePool$AbstractBase$RawDescriptionArray
2024-11-12 13:41:22,092 INFO  EvoClassLoader - Instrumenting class 'net.bytebuddy.pool.TypePool$AbstractBase$RawDescriptionArray'.
2024-11-12 13:41:22,093 INFO  MethodCallReplacementClassAdapter - Adding mock interface to class net/bytebuddy/pool/TypePool$AbstractBase$RawDescriptionArray
2024-11-12 13:41:22,093 INFO  CreateClassResetClassAdapter - Creating brand-new static initializer in class net/bytebuddy/pool/TypePool$AbstractBase$RawDescriptionArray
2024-11-12 13:41:22,093 INFO  EvoClassLoader - Seeing class for first time: net.bytebuddy.description.annotation.AnnotationValue$AbstractBase
2024-11-12 13:41:22,093 INFO  EvoClassLoader - Instrumenting class 'net.bytebuddy.description.annotation.AnnotationValue$AbstractBase'.
2024-11-12 13:41:22,093 INFO  MethodCallReplacementClassAdapter - Adding mock interface to class net/bytebuddy/description/annotation/AnnotationValue$AbstractBase
2024-11-12 13:41:22,094 INFO  CreateClassResetClassAdapter - Creating brand-new static initializer in class net/bytebuddy/description/annotation/AnnotationValue$AbstractBase
2024-11-12 13:41:22,094 INFO  EvoClassLoader - Keeping class: net.bytebuddy.description.annotation.AnnotationValue$AbstractBase
2024-11-12 13:41:22,094 INFO  EvoClassLoader - Keeping class: net.bytebuddy.pool.TypePool$AbstractBase$RawDescriptionArray
2024-11-12 13:41:22,094 INFO  EvoClassLoader - Seeing class for first time: net.bytebuddy.pool.TypePool$AbstractBase$RawTypeValue
2024-11-12 13:41:22,094 INFO  EvoClassLoader - Instrumenting class 'net.bytebuddy.pool.TypePool$AbstractBase$RawTypeValue'.
2024-11-12 13:41:22,094 INFO  MethodCallReplacementClassAdapter - Adding mock interface to class net/bytebuddy/pool/TypePool$AbstractBase$RawTypeValue
2024-11-12 13:41:22,094 INFO  CreateClassResetClassAdapter - Creating brand-new static initializer in class net/bytebuddy/pool/TypePool$AbstractBase$RawTypeValue
2024-11-12 13:41:22,094 INFO  CreateClassResetClassAdapter - Adding bytecode for initializing field NO_INITIALIZATION
2024-11-12 13:41:22,094 INFO  EvoClassLoader - Keeping class: net.bytebuddy.pool.TypePool$AbstractBase$RawTypeValue
2024-11-12 13:41:22,094 INFO  EvoClassLoader - Seeing class for first time: net.bytebuddy.pool.TypePool$AbstractBase$RawEnumerationValue
2024-11-12 13:41:22,094 INFO  EvoClassLoader - Instrumenting class 'net.bytebuddy.pool.TypePool$AbstractBase$RawEnumerationValue'.
2024-11-12 13:41:22,094 INFO  MethodCallReplacementClassAdapter - Adding mock interface to class net/bytebuddy/pool/TypePool$AbstractBase$RawEnumerationValue
2024-11-12 13:41:22,095 INFO  CreateClassResetClassAdapter - Creating brand-new static initializer in class net/bytebuddy/pool/TypePool$AbstractBase$RawEnumerationValue
2024-11-12 13:41:22,095 INFO  EvoClassLoader - Keeping class: net.bytebuddy.pool.TypePool$AbstractBase$RawEnumerationValue
2024-11-12 13:41:22,095 INFO  EvoClassLoader - Seeing class for first time: net.bytebuddy.pool.TypePool$AbstractBase$RawAnnotationValue
2024-11-12 13:41:22,095 INFO  EvoClassLoader - Instrumenting class 'net.bytebuddy.pool.TypePool$AbstractBase$RawAnnotationValue'.
2024-11-12 13:41:22,096 INFO  MethodCallReplacementClassAdapter - Adding mock interface to class net/bytebuddy/pool/TypePool$AbstractBase$RawAnnotationValue
2024-11-12 13:41:22,096 INFO  CreateClassResetClassAdapter - Creating brand-new static initializer in class net/bytebuddy/pool/TypePool$AbstractBase$RawAnnotationValue
2024-11-12 13:41:22,096 INFO  EvoClassLoader - Keeping class: net.bytebuddy.pool.TypePool$AbstractBase$RawAnnotationValue
2024-11-12 13:41:22,096 INFO  EvoClassLoader - Seeing class for first time: net.bytebuddy.pool.TypePool$AbstractBase$ArrayTypeResolution
2024-11-12 13:41:22,096 INFO  EvoClassLoader - Instrumenting class 'net.bytebuddy.pool.TypePool$AbstractBase$ArrayTypeResolution'.
2024-11-12 13:41:22,096 INFO  MethodCallReplacementClassAdapter - Adding mock interface to class net/bytebuddy/pool/TypePool$AbstractBase$ArrayTypeResolution
2024-11-12 13:41:22,096 INFO  CreateClassResetClassAdapter - Creating brand-new static initializer in class net/bytebuddy/pool/TypePool$AbstractBase$ArrayTypeResolution
2024-11-12 13:41:22,096 INFO  EvoClassLoader - Keeping class: net.bytebuddy.pool.TypePool$AbstractBase$ArrayTypeResolution
2024-11-12 13:41:22,097 INFO  EvoClassLoader - Seeing class for first time: net.bytebuddy.pool.TypePool$CacheProvider
2024-11-12 13:41:22,097 INFO  EvoClassLoader - Instrumenting class 'net.bytebuddy.pool.TypePool$CacheProvider'.
2024-11-12 13:41:22,097 INFO  EvoClassLoader - Keeping class: net.bytebuddy.pool.TypePool$CacheProvider
2024-11-12 13:41:22,097 INFO  EvoClassLoader - Seeing class for first time: net.bytebuddy.pool.TypePool$Empty
2024-11-12 13:41:22,097 INFO  EvoClassLoader - Instrumenting class 'net.bytebuddy.pool.TypePool$Empty'.
2024-11-12 13:41:22,097 INFO  MethodCallReplacementClassAdapter - Adding mock interface to class net/bytebuddy/pool/TypePool$Empty
2024-11-12 13:41:22,097 INFO  CreateClassResetClassAdapter - Found static initializer in class net/bytebuddy/pool/TypePool$Empty
2024-11-12 13:41:22,097 INFO  EvoClassLoader - Keeping class: net.bytebuddy.pool.TypePool$Empty
2024-11-12 13:41:22,097 INFO  EvoClassLoader - Seeing class for first time: net.bytebuddy.pool.TypePool$CacheProvider$NoOp
2024-11-12 13:41:22,097 INFO  EvoClassLoader - Instrumenting class 'net.bytebuddy.pool.TypePool$CacheProvider$NoOp'.
2024-11-12 13:41:22,098 INFO  MethodCallReplacementClassAdapter - Adding mock interface to class net/bytebuddy/pool/TypePool$CacheProvider$NoOp
2024-11-12 13:41:22,098 INFO  CreateClassResetClassAdapter - Found static initializer in class net/bytebuddy/pool/TypePool$CacheProvider$NoOp
2024-11-12 13:41:22,098 INFO  EvoClassLoader - Keeping class: net.bytebuddy.pool.TypePool$CacheProvider$NoOp
2024-11-12 13:41:22,098 INFO  EvoClassLoader - Seeing class for first time: net.bytebuddy.pool.TypePool$CacheProvider$Simple
2024-11-12 13:41:22,098 INFO  EvoClassLoader - Instrumenting class 'net.bytebuddy.pool.TypePool$CacheProvider$Simple'.
2024-11-12 13:41:22,098 INFO  MethodCallReplacementClassAdapter - Adding mock interface to class net/bytebuddy/pool/TypePool$CacheProvider$Simple
2024-11-12 13:41:22,098 INFO  CreateClassResetClassAdapter - Creating brand-new static initializer in class net/bytebuddy/pool/TypePool$CacheProvider$Simple
2024-11-12 13:41:22,099 INFO  EvoClassLoader - Keeping class: net.bytebuddy.pool.TypePool$CacheProvider$Simple
2024-11-12 13:41:22,099 INFO  EvoClassLoader - Seeing class for first time: net.bytebuddy.implementation.SuperMethodCall
2024-11-12 13:41:22,099 INFO  EvoClassLoader - Instrumenting class 'net.bytebuddy.implementation.SuperMethodCall'.
2024-11-12 13:41:22,099 INFO  MethodCallReplacementClassAdapter - Adding mock interface to class net/bytebuddy/implementation/SuperMethodCall
2024-11-12 13:41:22,099 INFO  CreateClassResetClassAdapter - Found static initializer in class net/bytebuddy/implementation/SuperMethodCall
2024-11-12 13:41:22,099 INFO  EvoClassLoader - Keeping class: net.bytebuddy.implementation.SuperMethodCall
2024-11-12 13:41:22,100 INFO  EvoClassLoader - Seeing class for first time: net.bytebuddy.description.type.TypeDescription$Generic$LazyProjection$WithEagerNavigation
2024-11-12 13:41:22,100 INFO  EvoClassLoader - Instrumenting class 'net.bytebuddy.description.type.TypeDescription$Generic$LazyProjection$WithEagerNavigation'.
2024-11-12 13:41:22,100 INFO  MethodCallReplacementClassAdapter - Adding mock interface to class net/bytebuddy/description/type/TypeDescription$Generic$LazyProjection$WithEagerNavigation
2024-11-12 13:41:22,100 INFO  CreateClassResetClassAdapter - Creating brand-new static initializer in class net/bytebuddy/description/type/TypeDescription$Generic$LazyProjection$WithEagerNavigation
2024-11-12 13:41:22,100 INFO  EvoClassLoader - Keeping class: net.bytebuddy.description.type.TypeDescription$Generic$LazyProjection$WithEagerNavigation
2024-11-12 13:41:22,100 INFO  EvoClassLoader - Seeing class for first time: net.bytebuddy.description.type.TypeDescription$Generic$LazyProjection$WithResolvedErasure
2024-11-12 13:41:22,100 INFO  EvoClassLoader - Instrumenting class 'net.bytebuddy.description.type.TypeDescription$Generic$LazyProjection$WithResolvedErasure'.
2024-11-12 13:41:22,100 INFO  MethodCallReplacementClassAdapter - Adding mock interface to class net/bytebuddy/description/type/TypeDescription$Generic$LazyProjection$WithResolvedErasure
2024-11-12 13:41:22,101 INFO  CreateClassResetClassAdapter - Creating brand-new static initializer in class net/bytebuddy/description/type/TypeDescription$Generic$LazyProjection$WithResolvedErasure
2024-11-12 13:41:22,101 INFO  EvoClassLoader - Keeping class: net.bytebuddy.description.type.TypeDescription$Generic$LazyProjection$WithResolvedErasure
2024-11-12 13:41:22,101 INFO  EvoClassLoader - Seeing class for first time: net.bytebuddy.description.type.TypeDescription$Generic$LazyProjection$OfMethodParameter
2024-11-12 13:41:22,101 INFO  EvoClassLoader - Instrumenting class 'net.bytebuddy.description.type.TypeDescription$Generic$LazyProjection$OfMethodParameter'.
2024-11-12 13:41:22,102 INFO  MethodCallReplacementClassAdapter - Adding mock interface to class net/bytebuddy/description/type/TypeDescription$Generic$LazyProjection$OfMethodParameter
2024-11-12 13:41:22,102 INFO  CreateClassResetClassAdapter - Creating brand-new static initializer in class net/bytebuddy/description/type/TypeDescription$Generic$LazyProjection$OfMethodParameter
2024-11-12 13:41:22,102 INFO  EvoClassLoader - Seeing class for first time: net.bytebuddy.description.type.TypeDescription$Generic$LazyProjection$WithEagerNavigation$OfAnnotatedElement
2024-11-12 13:41:22,102 INFO  EvoClassLoader - Instrumenting class 'net.bytebuddy.description.type.TypeDescription$Generic$LazyProjection$WithEagerNavigation$OfAnnotatedElement'.
2024-11-12 13:41:22,103 INFO  MethodCallReplacementClassAdapter - Adding mock interface to class net/bytebuddy/description/type/TypeDescription$Generic$LazyProjection$WithEagerNavigation$OfAnnotatedElement
2024-11-12 13:41:22,103 INFO  CreateClassResetClassAdapter - Creating brand-new static initializer in class net/bytebuddy/description/type/TypeDescription$Generic$LazyProjection$WithEagerNavigation$OfAnnotatedElement
2024-11-12 13:41:22,103 INFO  EvoClassLoader - Keeping class: net.bytebuddy.description.type.TypeDescription$Generic$LazyProjection$WithEagerNavigation$OfAnnotatedElement
2024-11-12 13:41:22,103 INFO  EvoClassLoader - Keeping class: net.bytebuddy.description.type.TypeDescription$Generic$LazyProjection$OfMethodParameter
2024-11-12 13:41:22,103 INFO  EvoClassLoader - Seeing class for first time: net.bytebuddy.description.type.TypeDescription$Generic$LazyProjection$OfConstructorParameter
2024-11-12 13:41:22,103 INFO  EvoClassLoader - Instrumenting class 'net.bytebuddy.description.type.TypeDescription$Generic$LazyProjection$OfConstructorParameter'.
2024-11-12 13:41:22,103 INFO  MethodCallReplacementClassAdapter - Adding mock interface to class net/bytebuddy/description/type/TypeDescription$Generic$LazyProjection$OfConstructorParameter
2024-11-12 13:41:22,104 INFO  CreateClassResetClassAdapter - Creating brand-new static initializer in class net/bytebuddy/description/type/TypeDescription$Generic$LazyProjection$OfConstructorParameter
2024-11-12 13:41:22,104 INFO  EvoClassLoader - Keeping class: net.bytebuddy.description.type.TypeDescription$Generic$LazyProjection$OfConstructorParameter
2024-11-12 13:41:22,104 INFO  EvoClassLoader - Seeing class for first time: net.bytebuddy.description.type.TypeDescription$Generic$LazyProjection$ForLoadedReturnType
2024-11-12 13:41:22,104 INFO  EvoClassLoader - Instrumenting class 'net.bytebuddy.description.type.TypeDescription$Generic$LazyProjection$ForLoadedReturnType'.
2024-11-12 13:41:22,104 INFO  MethodCallReplacementClassAdapter - Adding mock interface to class net/bytebuddy/description/type/TypeDescription$Generic$LazyProjection$ForLoadedReturnType
2024-11-12 13:41:22,104 INFO  CreateClassResetClassAdapter - Creating brand-new static initializer in class net/bytebuddy/description/type/TypeDescription$Generic$LazyProjection$ForLoadedReturnType
2024-11-12 13:41:22,105 INFO  EvoClassLoader - Keeping class: net.bytebuddy.description.type.TypeDescription$Generic$LazyProjection$ForLoadedReturnType
2024-11-12 13:41:22,105 INFO  EvoClassLoader - Seeing class for first time: net.bytebuddy.description.type.TypeDescription$Generic$LazyProjection$ForLoadedFieldType
2024-11-12 13:41:22,105 INFO  EvoClassLoader - Instrumenting class 'net.bytebuddy.description.type.TypeDescription$Generic$LazyProjection$ForLoadedFieldType'.
2024-11-12 13:41:22,105 INFO  MethodCallReplacementClassAdapter - Adding mock interface to class net/bytebuddy/description/type/TypeDescription$Generic$LazyProjection$ForLoadedFieldType
2024-11-12 13:41:22,105 INFO  CreateClassResetClassAdapter - Creating brand-new static initializer in class net/bytebuddy/description/type/TypeDescription$Generic$LazyProjection$ForLoadedFieldType
2024-11-12 13:41:22,105 INFO  EvoClassLoader - Keeping class: net.bytebuddy.description.type.TypeDescription$Generic$LazyProjection$ForLoadedFieldType
2024-11-12 13:41:22,105 INFO  EvoClassLoader - Seeing class for first time: net.bytebuddy.description.type.TypeDescription$Generic$LazyProjection$ForLoadedSuperClass
2024-11-12 13:41:22,105 INFO  EvoClassLoader - Instrumenting class 'net.bytebuddy.description.type.TypeDescription$Generic$LazyProjection$ForLoadedSuperClass'.
2024-11-12 13:41:22,106 INFO  MethodCallReplacementClassAdapter - Adding mock interface to class net/bytebuddy/description/type/TypeDescription$Generic$LazyProjection$ForLoadedSuperClass
2024-11-12 13:41:22,106 INFO  CreateClassResetClassAdapter - Creating brand-new static initializer in class net/bytebuddy/description/type/TypeDescription$Generic$LazyProjection$ForLoadedSuperClass
2024-11-12 13:41:22,106 INFO  EvoClassLoader - Seeing class for first time: net.bytebuddy.description.type.TypeDescription$Generic$LazyProjection$WithLazyNavigation$OfAnnotatedElement
2024-11-12 13:41:22,106 INFO  EvoClassLoader - Instrumenting class 'net.bytebuddy.description.type.TypeDescription$Generic$LazyProjection$WithLazyNavigation$OfAnnotatedElement'.
2024-11-12 13:41:22,106 INFO  MethodCallReplacementClassAdapter - Adding mock interface to class net/bytebuddy/description/type/TypeDescription$Generic$LazyProjection$WithLazyNavigation$OfAnnotatedElement
2024-11-12 13:41:22,106 INFO  CreateClassResetClassAdapter - Creating brand-new static initializer in class net/bytebuddy/description/type/TypeDescription$Generic$LazyProjection$WithLazyNavigation$OfAnnotatedElement
2024-11-12 13:41:22,106 INFO  EvoClassLoader - Seeing class for first time: net.bytebuddy.description.type.TypeDescription$Generic$LazyProjection$WithLazyNavigation
2024-11-12 13:41:22,106 INFO  EvoClassLoader - Instrumenting class 'net.bytebuddy.description.type.TypeDescription$Generic$LazyProjection$WithLazyNavigation'.
2024-11-12 13:41:22,106 INFO  MethodCallReplacementClassAdapter - Adding mock interface to class net/bytebuddy/description/type/TypeDescription$Generic$LazyProjection$WithLazyNavigation
2024-11-12 13:41:22,107 INFO  CreateClassResetClassAdapter - Creating brand-new static initializer in class net/bytebuddy/description/type/TypeDescription$Generic$LazyProjection$WithLazyNavigation
2024-11-12 13:41:22,107 INFO  EvoClassLoader - Keeping class: net.bytebuddy.description.type.TypeDescription$Generic$LazyProjection$WithLazyNavigation
2024-11-12 13:41:22,107 INFO  EvoClassLoader - Keeping class: net.bytebuddy.description.type.TypeDescription$Generic$LazyProjection$WithLazyNavigation$OfAnnotatedElement
2024-11-12 13:41:22,107 INFO  EvoClassLoader - Keeping class: net.bytebuddy.description.type.TypeDescription$Generic$LazyProjection$ForLoadedSuperClass
2024-11-12 13:41:22,107 INFO  EvoClassLoader - Seeing class for first time: net.bytebuddy.description.type.TypeDescription$Generic$Visitor$Substitutor$ForAttachment
2024-11-12 13:41:22,107 INFO  EvoClassLoader - Instrumenting class 'net.bytebuddy.description.type.TypeDescription$Generic$Visitor$Substitutor$ForAttachment'.
2024-11-12 13:41:22,108 INFO  MethodCallReplacementClassAdapter - Adding mock interface to class net/bytebuddy/description/type/TypeDescription$Generic$Visitor$Substitutor$ForAttachment
2024-11-12 13:41:22,109 INFO  CreateClassResetClassAdapter - Creating brand-new static initializer in class net/bytebuddy/description/type/TypeDescription$Generic$Visitor$Substitutor$ForAttachment
2024-11-12 13:41:22,109 INFO  EvoClassLoader - Keeping class: net.bytebuddy.description.type.TypeDescription$Generic$Visitor$Substitutor$ForAttachment
2024-11-12 13:41:22,110 INFO  EvoClassLoader - Seeing class for first time: net.bytebuddy.matcher.VisibilityMatcher
2024-11-12 13:41:22,110 INFO  EvoClassLoader - Instrumenting class 'net.bytebuddy.matcher.VisibilityMatcher'.
2024-11-12 13:41:22,110 INFO  MethodCallReplacementClassAdapter - Adding mock interface to class net/bytebuddy/matcher/VisibilityMatcher
2024-11-12 13:41:22,110 INFO  CreateClassResetClassAdapter - Creating brand-new static initializer in class net/bytebuddy/matcher/VisibilityMatcher
2024-11-12 13:41:22,110 INFO  EvoClassLoader - Keeping class: net.bytebuddy.matcher.VisibilityMatcher
2024-11-12 13:41:22,110 INFO  EvoClassLoader - Seeing class for first time: net.bytebuddy.description.type.TypeDescription$Generic$AnnotationReader$Dispatcher$CreationAction
2024-11-12 13:41:22,110 INFO  EvoClassLoader - Instrumenting class 'net.bytebuddy.description.type.TypeDescription$Generic$AnnotationReader$Dispatcher$CreationAction'.
2024-11-12 13:41:22,111 INFO  MethodCallReplacementClassAdapter - Adding mock interface to class net/bytebuddy/description/type/TypeDescription$Generic$AnnotationReader$Dispatcher$CreationAction
2024-11-12 13:41:22,111 INFO  CreateClassResetClassAdapter - Found static initializer in class net/bytebuddy/description/type/TypeDescription$Generic$AnnotationReader$Dispatcher$CreationAction
2024-11-12 13:41:22,111 INFO  EvoClassLoader - Keeping class: net.bytebuddy.description.type.TypeDescription$Generic$AnnotationReader$Dispatcher$CreationAction
2024-11-12 13:41:22,111 INFO  EvoClassLoader - Seeing class for first time: net.bytebuddy.description.type.TypeDescription$Generic$AnnotationReader$Dispatcher
2024-11-12 13:41:22,111 INFO  EvoClassLoader - Instrumenting class 'net.bytebuddy.description.type.TypeDescription$Generic$AnnotationReader$Dispatcher'.
2024-11-12 13:41:22,111 INFO  EvoClassLoader - Keeping class: net.bytebuddy.description.type.TypeDescription$Generic$AnnotationReader$Dispatcher
2024-11-12 13:41:22,111 INFO  EvoClassLoader - Seeing class for first time: net.bytebuddy.description.type.TypeDescription$Generic$AnnotationReader$Dispatcher$ForJava8CapableVm
2024-11-12 13:41:22,111 INFO  EvoClassLoader - Instrumenting class 'net.bytebuddy.description.type.TypeDescription$Generic$AnnotationReader$Dispatcher$ForJava8CapableVm'.
2024-11-12 13:41:22,111 INFO  MethodCallReplacementClassAdapter - Adding mock interface to class net/bytebuddy/description/type/TypeDescription$Generic$AnnotationReader$Dispatcher$ForJava8CapableVm
2024-11-12 13:41:22,112 INFO  CreateClassResetClassAdapter - Creating brand-new static initializer in class net/bytebuddy/description/type/TypeDescription$Generic$AnnotationReader$Dispatcher$ForJava8CapableVm
2024-11-12 13:41:22,112 INFO  EvoClassLoader - Keeping class: net.bytebuddy.description.type.TypeDescription$Generic$AnnotationReader$Dispatcher$ForJava8CapableVm
2024-11-12 13:41:22,112 INFO  EvoClassLoader - Seeing class for first time: net.bytebuddy.description.type.TypeDescription$Generic$AnnotationReader$Dispatcher$ForLegacyVm
2024-11-12 13:41:22,112 INFO  EvoClassLoader - Instrumenting class 'net.bytebuddy.description.type.TypeDescription$Generic$AnnotationReader$Dispatcher$ForLegacyVm'.
2024-11-12 13:41:22,112 INFO  MethodCallReplacementClassAdapter - Adding mock interface to class net/bytebuddy/description/type/TypeDescription$Generic$AnnotationReader$Dispatcher$ForLegacyVm
2024-11-12 13:41:22,112 INFO  CreateClassResetClassAdapter - Found static initializer in class net/bytebuddy/description/type/TypeDescription$Generic$AnnotationReader$Dispatcher$ForLegacyVm
2024-11-12 13:41:22,112 INFO  EvoClassLoader - Keeping class: net.bytebuddy.description.type.TypeDescription$Generic$AnnotationReader$Dispatcher$ForLegacyVm
2024-11-12 13:41:22,113 INFO  EvoClassLoader - Seeing class for first time: net.bytebuddy.description.type.TypeDescription$Generic$AnnotationReader$Dispatcher$ForJava8CapableVm$Resolved
2024-11-12 13:41:22,113 INFO  EvoClassLoader - Instrumenting class 'net.bytebuddy.description.type.TypeDescription$Generic$AnnotationReader$Dispatcher$ForJava8CapableVm$Resolved'.
2024-11-12 13:41:22,113 INFO  MethodCallReplacementClassAdapter - Adding mock interface to class net/bytebuddy/description/type/TypeDescription$Generic$AnnotationReader$Dispatcher$ForJava8CapableVm$Resolved
2024-11-12 13:41:22,113 INFO  CreateClassResetClassAdapter - Creating brand-new static initializer in class net/bytebuddy/description/type/TypeDescription$Generic$AnnotationReader$Dispatcher$ForJava8CapableVm$Resolved
2024-11-12 13:41:22,113 INFO  EvoClassLoader - Keeping class: net.bytebuddy.description.type.TypeDescription$Generic$AnnotationReader$Dispatcher$ForJava8CapableVm$Resolved
2024-11-12 13:41:22,113 INFO  EvoClassLoader - Seeing class for first time: net.bytebuddy.description.type.TypeDescription$Generic$AnnotationReader$Dispatcher$ForJava8CapableVm$AnnotatedExceptionType
2024-11-12 13:41:22,113 INFO  EvoClassLoader - Instrumenting class 'net.bytebuddy.description.type.TypeDescription$Generic$AnnotationReader$Dispatcher$ForJava8CapableVm$AnnotatedExceptionType'.
2024-11-12 13:41:22,113 INFO  MethodCallReplacementClassAdapter - Adding mock interface to class net/bytebuddy/description/type/TypeDescription$Generic$AnnotationReader$Dispatcher$ForJava8CapableVm$AnnotatedExceptionType
2024-11-12 13:41:22,114 INFO  CreateClassResetClassAdapter - Creating brand-new static initializer in class net/bytebuddy/description/type/TypeDescription$Generic$AnnotationReader$Dispatcher$ForJava8CapableVm$AnnotatedExceptionType
2024-11-12 13:41:22,114 INFO  EvoClassLoader - Keeping class: net.bytebuddy.description.type.TypeDescription$Generic$AnnotationReader$Dispatcher$ForJava8CapableVm$AnnotatedExceptionType
2024-11-12 13:41:22,114 INFO  EvoClassLoader - Seeing class for first time: net.bytebuddy.description.type.TypeDescription$Generic$AnnotationReader$Dispatcher$ForJava8CapableVm$AnnotatedParameterizedType
2024-11-12 13:41:22,114 INFO  EvoClassLoader - Instrumenting class 'net.bytebuddy.description.type.TypeDescription$Generic$AnnotationReader$Dispatcher$ForJava8CapableVm$AnnotatedParameterizedType'.
2024-11-12 13:41:22,114 INFO  MethodCallReplacementClassAdapter - Adding mock interface to class net/bytebuddy/description/type/TypeDescription$Generic$AnnotationReader$Dispatcher$ForJava8CapableVm$AnnotatedParameterizedType
2024-11-12 13:41:22,115 INFO  CreateClassResetClassAdapter - Creating brand-new static initializer in class net/bytebuddy/description/type/TypeDescription$Generic$AnnotationReader$Dispatcher$ForJava8CapableVm$AnnotatedParameterizedType
2024-11-12 13:41:22,115 INFO  EvoClassLoader - Keeping class: net.bytebuddy.description.type.TypeDescription$Generic$AnnotationReader$Dispatcher$ForJava8CapableVm$AnnotatedParameterizedType
2024-11-12 13:41:22,115 INFO  EvoClassLoader - Seeing class for first time: net.bytebuddy.description.type.TypeDescription$Generic$AnnotationReader$Dispatcher$ForJava8CapableVm$AnnotatedReturnType
2024-11-12 13:41:22,115 INFO  EvoClassLoader - Instrumenting class 'net.bytebuddy.description.type.TypeDescription$Generic$AnnotationReader$Dispatcher$ForJava8CapableVm$AnnotatedReturnType'.
2024-11-12 13:41:22,115 INFO  MethodCallReplacementClassAdapter - Adding mock interface to class net/bytebuddy/description/type/TypeDescription$Generic$AnnotationReader$Dispatcher$ForJava8CapableVm$AnnotatedReturnType
2024-11-12 13:41:22,115 INFO  CreateClassResetClassAdapter - Creating brand-new static initializer in class net/bytebuddy/description/type/TypeDescription$Generic$AnnotationReader$Dispatcher$ForJava8CapableVm$AnnotatedReturnType
2024-11-12 13:41:22,115 INFO  EvoClassLoader - Keeping class: net.bytebuddy.description.type.TypeDescription$Generic$AnnotationReader$Dispatcher$ForJava8CapableVm$AnnotatedReturnType
2024-11-12 13:41:22,115 INFO  EvoClassLoader - Seeing class for first time: net.bytebuddy.description.type.TypeDescription$Generic$AnnotationReader$Dispatcher$ForJava8CapableVm$AnnotatedFieldType
2024-11-12 13:41:22,115 INFO  EvoClassLoader - Instrumenting class 'net.bytebuddy.description.type.TypeDescription$Generic$AnnotationReader$Dispatcher$ForJava8CapableVm$AnnotatedFieldType'.
2024-11-12 13:41:22,116 INFO  MethodCallReplacementClassAdapter - Adding mock interface to class net/bytebuddy/description/type/TypeDescription$Generic$AnnotationReader$Dispatcher$ForJava8CapableVm$AnnotatedFieldType
2024-11-12 13:41:22,116 INFO  CreateClassResetClassAdapter - Creating brand-new static initializer in class net/bytebuddy/description/type/TypeDescription$Generic$AnnotationReader$Dispatcher$ForJava8CapableVm$AnnotatedFieldType
2024-11-12 13:41:22,116 INFO  EvoClassLoader - Keeping class: net.bytebuddy.description.type.TypeDescription$Generic$AnnotationReader$Dispatcher$ForJava8CapableVm$AnnotatedFieldType
2024-11-12 13:41:22,116 INFO  EvoClassLoader - Seeing class for first time: net.bytebuddy.description.type.TypeDescription$Generic$AnnotationReader$Dispatcher$ForJava8CapableVm$AnnotatedInterfaceType
2024-11-12 13:41:22,116 INFO  EvoClassLoader - Instrumenting class 'net.bytebuddy.description.type.TypeDescription$Generic$AnnotationReader$Dispatcher$ForJava8CapableVm$AnnotatedInterfaceType'.
2024-11-12 13:41:22,116 INFO  MethodCallReplacementClassAdapter - Adding mock interface to class net/bytebuddy/description/type/TypeDescription$Generic$AnnotationReader$Dispatcher$ForJava8CapableVm$AnnotatedInterfaceType
2024-11-12 13:41:22,117 INFO  CreateClassResetClassAdapter - Creating brand-new static initializer in class net/bytebuddy/description/type/TypeDescription$Generic$AnnotationReader$Dispatcher$ForJava8CapableVm$AnnotatedInterfaceType
2024-11-12 13:41:22,117 INFO  EvoClassLoader - Keeping class: net.bytebuddy.description.type.TypeDescription$Generic$AnnotationReader$Dispatcher$ForJava8CapableVm$AnnotatedInterfaceType
2024-11-12 13:41:22,117 INFO  EvoClassLoader - Seeing class for first time: net.bytebuddy.description.type.TypeDescription$Generic$AnnotationReader$Dispatcher$ForJava8CapableVm$AnnotatedSuperClass
2024-11-12 13:41:22,117 INFO  EvoClassLoader - Instrumenting class 'net.bytebuddy.description.type.TypeDescription$Generic$AnnotationReader$Dispatcher$ForJava8CapableVm$AnnotatedSuperClass'.
2024-11-12 13:41:22,117 INFO  MethodCallReplacementClassAdapter - Adding mock interface to class net/bytebuddy/description/type/TypeDescription$Generic$AnnotationReader$Dispatcher$ForJava8CapableVm$AnnotatedSuperClass
2024-11-12 13:41:22,118 INFO  CreateClassResetClassAdapter - Creating brand-new static initializer in class net/bytebuddy/description/type/TypeDescription$Generic$AnnotationReader$Dispatcher$ForJava8CapableVm$AnnotatedSuperClass
2024-11-12 13:41:22,118 INFO  EvoClassLoader - Keeping class: net.bytebuddy.description.type.TypeDescription$Generic$AnnotationReader$Dispatcher$ForJava8CapableVm$AnnotatedSuperClass
2024-11-12 13:41:22,118 INFO  EvoClassLoader - Seeing class for first time: net.bytebuddy.description.type.TypeDescription$Generic$AnnotationReader$Dispatcher$ForJava8CapableVm$AnnotatedTypeVariableType
2024-11-12 13:41:22,118 INFO  EvoClassLoader - Instrumenting class 'net.bytebuddy.description.type.TypeDescription$Generic$AnnotationReader$Dispatcher$ForJava8CapableVm$AnnotatedTypeVariableType'.
2024-11-12 13:41:22,118 INFO  MethodCallReplacementClassAdapter - Adding mock interface to class net/bytebuddy/description/type/TypeDescription$Generic$AnnotationReader$Dispatcher$ForJava8CapableVm$AnnotatedTypeVariableType
2024-11-12 13:41:22,118 INFO  CreateClassResetClassAdapter - Creating brand-new static initializer in class net/bytebuddy/description/type/TypeDescription$Generic$AnnotationReader$Dispatcher$ForJava8CapableVm$AnnotatedTypeVariableType
2024-11-12 13:41:22,118 INFO  EvoClassLoader - Keeping class: net.bytebuddy.description.type.TypeDescription$Generic$AnnotationReader$Dispatcher$ForJava8CapableVm$AnnotatedTypeVariableType
2024-11-12 13:41:22,119 INFO  EvoClassLoader - Seeing class for first time: net.bytebuddy.description.type.TypeList$Generic$ForLoadedTypes$OfTypeVariables
2024-11-12 13:41:22,119 INFO  EvoClassLoader - Instrumenting class 'net.bytebuddy.description.type.TypeList$Generic$ForLoadedTypes$OfTypeVariables'.
2024-11-12 13:41:22,119 INFO  MethodCallReplacementClassAdapter - Adding mock interface to class net/bytebuddy/description/type/TypeList$Generic$ForLoadedTypes$OfTypeVariables
2024-11-12 13:41:22,119 INFO  CreateClassResetClassAdapter - Creating brand-new static initializer in class net/bytebuddy/description/type/TypeList$Generic$ForLoadedTypes$OfTypeVariables
2024-11-12 13:41:22,119 INFO  EvoClassLoader - Keeping class: net.bytebuddy.description.type.TypeList$Generic$ForLoadedTypes$OfTypeVariables
2024-11-12 13:41:22,119 INFO  EvoClassLoader - Seeing class for first time: net.bytebuddy.matcher.TypeSortMatcher
2024-11-12 13:41:22,119 INFO  EvoClassLoader - Instrumenting class 'net.bytebuddy.matcher.TypeSortMatcher'.
2024-11-12 13:41:22,119 INFO  MethodCallReplacementClassAdapter - Adding mock interface to class net/bytebuddy/matcher/TypeSortMatcher
2024-11-12 13:41:22,119 INFO  CreateClassResetClassAdapter - Creating brand-new static initializer in class net/bytebuddy/matcher/TypeSortMatcher
2024-11-12 13:41:22,119 INFO  EvoClassLoader - Keeping class: net.bytebuddy.matcher.TypeSortMatcher
2024-11-12 13:41:22,120 INFO  EvoClassLoader - Seeing class for first time: net.bytebuddy.description.method.ParameterList$ForLoadedExecutable$OfConstructor
2024-11-12 13:41:22,120 INFO  EvoClassLoader - Instrumenting class 'net.bytebuddy.description.method.ParameterList$ForLoadedExecutable$OfConstructor'.
2024-11-12 13:41:22,120 INFO  MethodCallReplacementClassAdapter - Adding mock interface to class net/bytebuddy/description/method/ParameterList$ForLoadedExecutable$OfConstructor
2024-11-12 13:41:22,120 INFO  CreateClassResetClassAdapter - Creating brand-new static initializer in class net/bytebuddy/description/method/ParameterList$ForLoadedExecutable$OfConstructor
2024-11-12 13:41:22,120 INFO  EvoClassLoader - Keeping class: net.bytebuddy.description.method.ParameterList$ForLoadedExecutable$OfConstructor
2024-11-12 13:41:22,121 INFO  EvoClassLoader - Seeing class for first time: net.bytebuddy.dynamic.scaffold.subclass.SubclassDynamicTypeBuilder$InstrumentableMatcher
2024-11-12 13:41:22,121 INFO  EvoClassLoader - Instrumenting class 'net.bytebuddy.dynamic.scaffold.subclass.SubclassDynamicTypeBuilder$InstrumentableMatcher'.
2024-11-12 13:41:22,121 INFO  MethodCallReplacementClassAdapter - Adding mock interface to class net/bytebuddy/dynamic/scaffold/subclass/SubclassDynamicTypeBuilder$InstrumentableMatcher
2024-11-12 13:41:22,121 INFO  CreateClassResetClassAdapter - Creating brand-new static initializer in class net/bytebuddy/dynamic/scaffold/subclass/SubclassDynamicTypeBuilder$InstrumentableMatcher
2024-11-12 13:41:22,121 INFO  EvoClassLoader - Keeping class: net.bytebuddy.dynamic.scaffold.subclass.SubclassDynamicTypeBuilder$InstrumentableMatcher
2024-11-12 13:41:22,121 INFO  EvoClassLoader - Seeing class for first time: net.bytebuddy.description.annotation.AnnotationSource$Empty
2024-11-12 13:41:22,121 INFO  EvoClassLoader - Instrumenting class 'net.bytebuddy.description.annotation.AnnotationSource$Empty'.
2024-11-12 13:41:22,122 INFO  MethodCallReplacementClassAdapter - Adding mock interface to class net/bytebuddy/description/annotation/AnnotationSource$Empty
2024-11-12 13:41:22,122 INFO  CreateClassResetClassAdapter - Found static initializer in class net/bytebuddy/description/annotation/AnnotationSource$Empty
2024-11-12 13:41:22,122 INFO  EvoClassLoader - Keeping class: net.bytebuddy.description.annotation.AnnotationSource$Empty
2024-11-12 13:41:22,122 INFO  EvoClassLoader - Seeing class for first time: net.bytebuddy.description.annotation.AnnotationSource$Explicit
2024-11-12 13:41:22,122 INFO  EvoClassLoader - Instrumenting class 'net.bytebuddy.description.annotation.AnnotationSource$Explicit'.
2024-11-12 13:41:22,122 INFO  MethodCallReplacementClassAdapter - Adding mock interface to class net/bytebuddy/description/annotation/AnnotationSource$Explicit
2024-11-12 13:41:22,123 INFO  CreateClassResetClassAdapter - Creating brand-new static initializer in class net/bytebuddy/description/annotation/AnnotationSource$Explicit
2024-11-12 13:41:22,123 INFO  EvoClassLoader - Keeping class: net.bytebuddy.description.annotation.AnnotationSource$Explicit
2024-11-12 13:41:22,123 INFO  EvoClassLoader - Seeing class for first time: net.bytebuddy.dynamic.scaffold.MethodGraph$Compiler$Default$Key
2024-11-12 13:41:22,123 INFO  EvoClassLoader - Instrumenting class 'net.bytebuddy.dynamic.scaffold.MethodGraph$Compiler$Default$Key'.
2024-11-12 13:41:22,123 INFO  MethodCallReplacementClassAdapter - Adding mock interface to class net/bytebuddy/dynamic/scaffold/MethodGraph$Compiler$Default$Key
2024-11-12 13:41:22,123 INFO  CreateClassResetClassAdapter - Creating brand-new static initializer in class net/bytebuddy/dynamic/scaffold/MethodGraph$Compiler$Default$Key
2024-11-12 13:41:22,123 INFO  EvoClassLoader - Keeping class: net.bytebuddy.dynamic.scaffold.MethodGraph$Compiler$Default$Key
2024-11-12 13:41:22,123 INFO  EvoClassLoader - Seeing class for first time: net.bytebuddy.dynamic.scaffold.MethodGraph$Compiler$Default$Key$Store$Entry$Initial
2024-11-12 13:41:22,123 INFO  EvoClassLoader - Instrumenting class 'net.bytebuddy.dynamic.scaffold.MethodGraph$Compiler$Default$Key$Store$Entry$Initial'.
2024-11-12 13:41:22,124 INFO  MethodCallReplacementClassAdapter - Adding mock interface to class net/bytebuddy/dynamic/scaffold/MethodGraph$Compiler$Default$Key$Store$Entry$Initial
2024-11-12 13:41:22,125 INFO  CreateClassResetClassAdapter - Creating brand-new static initializer in class net/bytebuddy/dynamic/scaffold/MethodGraph$Compiler$Default$Key$Store$Entry$Initial
2024-11-12 13:41:22,125 INFO  EvoClassLoader - Seeing class for first time: net.bytebuddy.dynamic.scaffold.MethodGraph$Compiler$Default$Key$Store$Entry
2024-11-12 13:41:22,125 INFO  EvoClassLoader - Instrumenting class 'net.bytebuddy.dynamic.scaffold.MethodGraph$Compiler$Default$Key$Store$Entry'.
2024-11-12 13:41:22,126 INFO  EvoClassLoader - Keeping class: net.bytebuddy.dynamic.scaffold.MethodGraph$Compiler$Default$Key$Store$Entry
2024-11-12 13:41:22,126 INFO  EvoClassLoader - Keeping class: net.bytebuddy.dynamic.scaffold.MethodGraph$Compiler$Default$Key$Store$Entry$Initial
2024-11-12 13:41:22,126 INFO  EvoClassLoader - Seeing class for first time: net.bytebuddy.dynamic.scaffold.MethodGraph$Compiler$Default$Key$Store$Entry$Resolved
2024-11-12 13:41:22,126 INFO  EvoClassLoader - Instrumenting class 'net.bytebuddy.dynamic.scaffold.MethodGraph$Compiler$Default$Key$Store$Entry$Resolved'.
2024-11-12 13:41:22,126 INFO  MethodCallReplacementClassAdapter - Adding mock interface to class net/bytebuddy/dynamic/scaffold/MethodGraph$Compiler$Default$Key$Store$Entry$Resolved
2024-11-12 13:41:22,127 INFO  CreateClassResetClassAdapter - Creating brand-new static initializer in class net/bytebuddy/dynamic/scaffold/MethodGraph$Compiler$Default$Key$Store$Entry$Resolved
2024-11-12 13:41:22,127 INFO  CreateClassResetClassAdapter - Adding bytecode for initializing field MADE_VISIBLE
2024-11-12 13:41:22,127 INFO  CreateClassResetClassAdapter - Adding bytecode for initializing field NOT_MADE_VISIBLE
2024-11-12 13:41:22,127 INFO  EvoClassLoader - Keeping class: net.bytebuddy.dynamic.scaffold.MethodGraph$Compiler$Default$Key$Store$Entry$Resolved
2024-11-12 13:41:22,127 INFO  EvoClassLoader - Seeing class for first time: net.bytebuddy.dynamic.scaffold.MethodGraph$Compiler$Default$Key$Store$Entry$Ambiguous
2024-11-12 13:41:22,127 INFO  EvoClassLoader - Instrumenting class 'net.bytebuddy.dynamic.scaffold.MethodGraph$Compiler$Default$Key$Store$Entry$Ambiguous'.
2024-11-12 13:41:22,127 INFO  MethodCallReplacementClassAdapter - Adding mock interface to class net/bytebuddy/dynamic/scaffold/MethodGraph$Compiler$Default$Key$Store$Entry$Ambiguous
2024-11-12 13:41:22,128 INFO  CreateClassResetClassAdapter - Creating brand-new static initializer in class net/bytebuddy/dynamic/scaffold/MethodGraph$Compiler$Default$Key$Store$Entry$Ambiguous
2024-11-12 13:41:22,128 INFO  EvoClassLoader - Keeping class: net.bytebuddy.dynamic.scaffold.MethodGraph$Compiler$Default$Key$Store$Entry$Ambiguous
2024-11-12 13:41:22,128 INFO  EvoClassLoader - Seeing class for first time: net.bytebuddy.description.type.TypeList$Generic$ForDetachedTypes$WithResolvedErasure
2024-11-12 13:41:22,128 INFO  EvoClassLoader - Instrumenting class 'net.bytebuddy.description.type.TypeList$Generic$ForDetachedTypes$WithResolvedErasure'.
2024-11-12 13:41:22,128 INFO  MethodCallReplacementClassAdapter - Adding mock interface to class net/bytebuddy/description/type/TypeList$Generic$ForDetachedTypes$WithResolvedErasure
2024-11-12 13:41:22,128 INFO  CreateClassResetClassAdapter - Creating brand-new static initializer in class net/bytebuddy/description/type/TypeList$Generic$ForDetachedTypes$WithResolvedErasure
2024-11-12 13:41:22,128 INFO  EvoClassLoader - Keeping class: net.bytebuddy.description.type.TypeList$Generic$ForDetachedTypes$WithResolvedErasure
2024-11-12 13:41:22,128 INFO  EvoClassLoader - Seeing class for first time: net.bytebuddy.description.type.TypeList$Generic$ForDetachedTypes$OfTypeVariables
2024-11-12 13:41:22,128 INFO  EvoClassLoader - Instrumenting class 'net.bytebuddy.description.type.TypeList$Generic$ForDetachedTypes$OfTypeVariables'.
2024-11-12 13:41:22,129 INFO  MethodCallReplacementClassAdapter - Adding mock interface to class net/bytebuddy/description/type/TypeList$Generic$ForDetachedTypes$OfTypeVariables
2024-11-12 13:41:22,129 INFO  CreateClassResetClassAdapter - Creating brand-new static initializer in class net/bytebuddy/description/type/TypeList$Generic$ForDetachedTypes$OfTypeVariables
2024-11-12 13:41:22,129 INFO  EvoClassLoader - Keeping class: net.bytebuddy.description.type.TypeList$Generic$ForDetachedTypes$OfTypeVariables
2024-11-12 13:41:22,129 INFO  EvoClassLoader - Seeing class for first time: net.bytebuddy.dynamic.scaffold.MethodGraph$Compiler$Default$Key$Harmonized
2024-11-12 13:41:22,129 INFO  EvoClassLoader - Instrumenting class 'net.bytebuddy.dynamic.scaffold.MethodGraph$Compiler$Default$Key$Harmonized'.
2024-11-12 13:41:22,129 INFO  MethodCallReplacementClassAdapter - Adding mock interface to class net/bytebuddy/dynamic/scaffold/MethodGraph$Compiler$Default$Key$Harmonized
2024-11-12 13:41:22,129 INFO  CreateClassResetClassAdapter - Creating brand-new static initializer in class net/bytebuddy/dynamic/scaffold/MethodGraph$Compiler$Default$Key$Harmonized
2024-11-12 13:41:22,130 INFO  EvoClassLoader - Keeping class: net.bytebuddy.dynamic.scaffold.MethodGraph$Compiler$Default$Key$Harmonized
2024-11-12 13:41:22,130 INFO  EvoClassLoader - Seeing class for first time: net.bytebuddy.dynamic.scaffold.MethodGraph$Compiler$Default$Key$Detached
2024-11-12 13:41:22,130 INFO  EvoClassLoader - Instrumenting class 'net.bytebuddy.dynamic.scaffold.MethodGraph$Compiler$Default$Key$Detached'.
2024-11-12 13:41:22,130 INFO  MethodCallReplacementClassAdapter - Adding mock interface to class net/bytebuddy/dynamic/scaffold/MethodGraph$Compiler$Default$Key$Detached
2024-11-12 13:41:22,130 INFO  CreateClassResetClassAdapter - Creating brand-new static initializer in class net/bytebuddy/dynamic/scaffold/MethodGraph$Compiler$Default$Key$Detached
2024-11-12 13:41:22,130 INFO  EvoClassLoader - Keeping class: net.bytebuddy.dynamic.scaffold.MethodGraph$Compiler$Default$Key$Detached
2024-11-12 13:41:22,131 INFO  EvoClassLoader - Seeing class for first time: net.bytebuddy.dynamic.scaffold.MethodGraph$Node
2024-11-12 13:41:22,131 INFO  EvoClassLoader - Instrumenting class 'net.bytebuddy.dynamic.scaffold.MethodGraph$Node'.
2024-11-12 13:41:22,131 INFO  EvoClassLoader - Keeping class: net.bytebuddy.dynamic.scaffold.MethodGraph$Node
2024-11-12 13:41:22,132 INFO  EvoClassLoader - Seeing class for first time: net.bytebuddy.description.type.TypeDescription$Generic$OfParameterizedType$ForLoadedType
2024-11-12 13:41:22,132 INFO  EvoClassLoader - Instrumenting class 'net.bytebuddy.description.type.TypeDescription$Generic$OfParameterizedType$ForLoadedType'.
2024-11-12 13:41:22,132 INFO  MethodCallReplacementClassAdapter - Adding mock interface to class net/bytebuddy/description/type/TypeDescription$Generic$OfParameterizedType$ForLoadedType
2024-11-12 13:41:22,132 INFO  CreateClassResetClassAdapter - Creating brand-new static initializer in class net/bytebuddy/description/type/TypeDescription$Generic$OfParameterizedType$ForLoadedType
2024-11-12 13:41:22,132 INFO  EvoClassLoader - Keeping class: net.bytebuddy.description.type.TypeDescription$Generic$OfParameterizedType$ForLoadedType
2024-11-12 13:41:22,132 INFO  EvoClassLoader - Seeing class for first time: net.bytebuddy.description.type.TypeDescription$Generic$OfParameterizedType$ForGenerifiedErasure
2024-11-12 13:41:22,132 INFO  EvoClassLoader - Instrumenting class 'net.bytebuddy.description.type.TypeDescription$Generic$OfParameterizedType$ForGenerifiedErasure'.
2024-11-12 13:41:22,132 INFO  MethodCallReplacementClassAdapter - Adding mock interface to class net/bytebuddy/description/type/TypeDescription$Generic$OfParameterizedType$ForGenerifiedErasure
2024-11-12 13:41:22,133 INFO  CreateClassResetClassAdapter - Creating brand-new static initializer in class net/bytebuddy/description/type/TypeDescription$Generic$OfParameterizedType$ForGenerifiedErasure
2024-11-12 13:41:22,133 INFO  EvoClassLoader - Keeping class: net.bytebuddy.description.type.TypeDescription$Generic$OfParameterizedType$ForGenerifiedErasure
2024-11-12 13:41:22,133 INFO  EvoClassLoader - Seeing class for first time: net.bytebuddy.description.type.TypeDescription$Generic$OfParameterizedType$ForReifiedType
2024-11-12 13:41:22,133 INFO  EvoClassLoader - Instrumenting class 'net.bytebuddy.description.type.TypeDescription$Generic$OfParameterizedType$ForReifiedType'.
2024-11-12 13:41:22,133 INFO  MethodCallReplacementClassAdapter - Adding mock interface to class net/bytebuddy/description/type/TypeDescription$Generic$OfParameterizedType$ForReifiedType
2024-11-12 13:41:22,134 INFO  CreateClassResetClassAdapter - Creating brand-new static initializer in class net/bytebuddy/description/type/TypeDescription$Generic$OfParameterizedType$ForReifiedType
2024-11-12 13:41:22,134 INFO  EvoClassLoader - Keeping class: net.bytebuddy.description.type.TypeDescription$Generic$OfParameterizedType$ForReifiedType
2024-11-12 13:41:22,134 INFO  EvoClassLoader - Seeing class for first time: net.bytebuddy.description.type.TypeDescription$Generic$OfParameterizedType$Latent
2024-11-12 13:41:22,134 INFO  EvoClassLoader - Instrumenting class 'net.bytebuddy.description.type.TypeDescription$Generic$OfParameterizedType$Latent'.
2024-11-12 13:41:22,134 INFO  MethodCallReplacementClassAdapter - Adding mock interface to class net/bytebuddy/description/type/TypeDescription$Generic$OfParameterizedType$Latent
2024-11-12 13:41:22,134 INFO  CreateClassResetClassAdapter - Creating brand-new static initializer in class net/bytebuddy/description/type/TypeDescription$Generic$OfParameterizedType$Latent
2024-11-12 13:41:22,134 INFO  EvoClassLoader - Keeping class: net.bytebuddy.description.type.TypeDescription$Generic$OfParameterizedType$Latent
2024-11-12 13:41:22,134 INFO  EvoClassLoader - Seeing class for first time: net.bytebuddy.description.type.TypeList$Generic$OfLoadedInterfaceTypes$TypeProjection
2024-11-12 13:41:22,134 INFO  EvoClassLoader - Instrumenting class 'net.bytebuddy.description.type.TypeList$Generic$OfLoadedInterfaceTypes$TypeProjection'.
2024-11-12 13:41:22,135 INFO  MethodCallReplacementClassAdapter - Adding mock interface to class net/bytebuddy/description/type/TypeList$Generic$OfLoadedInterfaceTypes$TypeProjection
2024-11-12 13:41:22,135 INFO  CreateClassResetClassAdapter - Creating brand-new static initializer in class net/bytebuddy/description/type/TypeList$Generic$OfLoadedInterfaceTypes$TypeProjection
2024-11-12 13:41:22,135 INFO  EvoClassLoader - Keeping class: net.bytebuddy.description.type.TypeList$Generic$OfLoadedInterfaceTypes$TypeProjection
2024-11-12 13:41:22,135 INFO  EvoClassLoader - Seeing class for first time: net.bytebuddy.description.modifier.Visibility$1
2024-11-12 13:41:22,135 INFO  EvoClassLoader - Instrumenting class 'net.bytebuddy.description.modifier.Visibility$1'.
2024-11-12 13:41:22,135 INFO  MethodCallReplacementClassAdapter - Adding mock interface to class net/bytebuddy/description/modifier/Visibility$1
2024-11-12 13:41:22,135 INFO  EvoClassLoader - Keeping class: net.bytebuddy.description.modifier.Visibility$1
2024-11-12 13:41:22,136 INFO  EvoClassLoader - Seeing class for first time: net.bytebuddy.description.type.TypeDescription$Generic$OfGenericArray$ForLoadedType
2024-11-12 13:41:22,136 INFO  EvoClassLoader - Instrumenting class 'net.bytebuddy.description.type.TypeDescription$Generic$OfGenericArray$ForLoadedType'.
2024-11-12 13:41:22,136 INFO  MethodCallReplacementClassAdapter - Adding mock interface to class net/bytebuddy/description/type/TypeDescription$Generic$OfGenericArray$ForLoadedType
2024-11-12 13:41:22,136 INFO  CreateClassResetClassAdapter - Creating brand-new static initializer in class net/bytebuddy/description/type/TypeDescription$Generic$OfGenericArray$ForLoadedType
2024-11-12 13:41:22,136 INFO  EvoClassLoader - Keeping class: net.bytebuddy.description.type.TypeDescription$Generic$OfGenericArray$ForLoadedType
2024-11-12 13:41:22,137 INFO  EvoClassLoader - Seeing class for first time: net.bytebuddy.dynamic.scaffold.MethodGraph$Compiler$Default$Key$Store$Entry$Resolved$Node
2024-11-12 13:41:22,137 INFO  EvoClassLoader - Instrumenting class 'net.bytebuddy.dynamic.scaffold.MethodGraph$Compiler$Default$Key$Store$Entry$Resolved$Node'.
2024-11-12 13:41:22,138 INFO  MethodCallReplacementClassAdapter - Adding mock interface to class net/bytebuddy/dynamic/scaffold/MethodGraph$Compiler$Default$Key$Store$Entry$Resolved$Node
2024-11-12 13:41:22,138 INFO  CreateClassResetClassAdapter - Creating brand-new static initializer in class net/bytebuddy/dynamic/scaffold/MethodGraph$Compiler$Default$Key$Store$Entry$Resolved$Node
2024-11-12 13:41:22,138 INFO  EvoClassLoader - Keeping class: net.bytebuddy.dynamic.scaffold.MethodGraph$Compiler$Default$Key$Store$Entry$Resolved$Node
2024-11-12 13:41:22,138 INFO  EvoClassLoader - Seeing class for first time: net.bytebuddy.dynamic.scaffold.MethodGraph$Node$Sort
2024-11-12 13:41:22,138 INFO  EvoClassLoader - Instrumenting class 'net.bytebuddy.dynamic.scaffold.MethodGraph$Node$Sort'.
2024-11-12 13:41:22,139 INFO  MethodCallReplacementClassAdapter - Adding mock interface to class net/bytebuddy/dynamic/scaffold/MethodGraph$Node$Sort
2024-11-12 13:41:22,139 INFO  CreateClassResetClassAdapter - Found static initializer in class net/bytebuddy/dynamic/scaffold/MethodGraph$Node$Sort
2024-11-12 13:41:22,139 INFO  EvoClassLoader - Keeping class: net.bytebuddy.dynamic.scaffold.MethodGraph$Node$Sort
2024-11-12 13:41:22,140 INFO  EvoClassLoader - Seeing class for first time: net.bytebuddy.dynamic.scaffold.MethodGraph$Compiler$Default$Key$Store$Graph
2024-11-12 13:41:22,140 INFO  EvoClassLoader - Instrumenting class 'net.bytebuddy.dynamic.scaffold.MethodGraph$Compiler$Default$Key$Store$Graph'.
2024-11-12 13:41:22,140 INFO  MethodCallReplacementClassAdapter - Adding mock interface to class net/bytebuddy/dynamic/scaffold/MethodGraph$Compiler$Default$Key$Store$Graph
2024-11-12 13:41:22,141 INFO  CreateClassResetClassAdapter - Creating brand-new static initializer in class net/bytebuddy/dynamic/scaffold/MethodGraph$Compiler$Default$Key$Store$Graph
2024-11-12 13:41:22,141 INFO  EvoClassLoader - Keeping class: net.bytebuddy.dynamic.scaffold.MethodGraph$Compiler$Default$Key$Store$Graph
2024-11-12 13:41:22,141 INFO  EvoClassLoader - Seeing class for first time: net.bytebuddy.dynamic.scaffold.MethodGraph$Node$Unresolved
2024-11-12 13:41:22,141 INFO  EvoClassLoader - Instrumenting class 'net.bytebuddy.dynamic.scaffold.MethodGraph$Node$Unresolved'.
2024-11-12 13:41:22,141 INFO  MethodCallReplacementClassAdapter - Adding mock interface to class net/bytebuddy/dynamic/scaffold/MethodGraph$Node$Unresolved
2024-11-12 13:41:22,142 INFO  CreateClassResetClassAdapter - Found static initializer in class net/bytebuddy/dynamic/scaffold/MethodGraph$Node$Unresolved
2024-11-12 13:41:22,142 INFO  EvoClassLoader - Keeping class: net.bytebuddy.dynamic.scaffold.MethodGraph$Node$Unresolved
2024-11-12 13:41:22,142 INFO  EvoClassLoader - Seeing class for first time: net.bytebuddy.dynamic.scaffold.MethodGraph$NodeList
2024-11-12 13:41:22,142 INFO  EvoClassLoader - Instrumenting class 'net.bytebuddy.dynamic.scaffold.MethodGraph$NodeList'.
2024-11-12 13:41:22,142 INFO  MethodCallReplacementClassAdapter - Adding mock interface to class net/bytebuddy/dynamic/scaffold/MethodGraph$NodeList
2024-11-12 13:41:22,143 INFO  CreateClassResetClassAdapter - Creating brand-new static initializer in class net/bytebuddy/dynamic/scaffold/MethodGraph$NodeList
2024-11-12 13:41:22,143 INFO  EvoClassLoader - Keeping class: net.bytebuddy.dynamic.scaffold.MethodGraph$NodeList
2024-11-12 13:41:22,143 INFO  EvoClassLoader - Seeing class for first time: net.bytebuddy.dynamic.scaffold.MethodGraph$Linked$Delegation
2024-11-12 13:41:22,143 INFO  EvoClassLoader - Instrumenting class 'net.bytebuddy.dynamic.scaffold.MethodGraph$Linked$Delegation'.
2024-11-12 13:41:22,143 INFO  MethodCallReplacementClassAdapter - Adding mock interface to class net/bytebuddy/dynamic/scaffold/MethodGraph$Linked$Delegation
2024-11-12 13:41:22,144 INFO  CreateClassResetClassAdapter - Creating brand-new static initializer in class net/bytebuddy/dynamic/scaffold/MethodGraph$Linked$Delegation
2024-11-12 13:41:22,144 INFO  EvoClassLoader - Keeping class: net.bytebuddy.dynamic.scaffold.MethodGraph$Linked$Delegation
2024-11-12 13:41:22,144 INFO  EvoClassLoader - Seeing class for first time: net.bytebuddy.matcher.NegatingMatcher
2024-11-12 13:41:22,144 INFO  EvoClassLoader - Instrumenting class 'net.bytebuddy.matcher.NegatingMatcher'.
2024-11-12 13:41:22,145 INFO  MethodCallReplacementClassAdapter - Adding mock interface to class net/bytebuddy/matcher/NegatingMatcher
2024-11-12 13:41:22,145 INFO  CreateClassResetClassAdapter - Creating brand-new static initializer in class net/bytebuddy/matcher/NegatingMatcher
2024-11-12 13:41:22,145 INFO  EvoClassLoader - Keeping class: net.bytebuddy.matcher.NegatingMatcher
2024-11-12 13:41:22,145 INFO  EvoClassLoader - Seeing class for first time: net.bytebuddy.matcher.MethodParameterTypeMatcher
2024-11-12 13:41:22,145 INFO  EvoClassLoader - Instrumenting class 'net.bytebuddy.matcher.MethodParameterTypeMatcher'.
2024-11-12 13:41:22,145 INFO  MethodCallReplacementClassAdapter - Adding mock interface to class net/bytebuddy/matcher/MethodParameterTypeMatcher
2024-11-12 13:41:22,145 INFO  CreateClassResetClassAdapter - Creating brand-new static initializer in class net/bytebuddy/matcher/MethodParameterTypeMatcher
2024-11-12 13:41:22,145 INFO  EvoClassLoader - Keeping class: net.bytebuddy.matcher.MethodParameterTypeMatcher
2024-11-12 13:41:22,146 INFO  EvoClassLoader - Seeing class for first time: net.bytebuddy.matcher.CollectionItemMatcher
2024-11-12 13:41:22,146 INFO  EvoClassLoader - Instrumenting class 'net.bytebuddy.matcher.CollectionItemMatcher'.
2024-11-12 13:41:22,146 INFO  MethodCallReplacementClassAdapter - Adding mock interface to class net/bytebuddy/matcher/CollectionItemMatcher
2024-11-12 13:41:22,146 INFO  CreateClassResetClassAdapter - Creating brand-new static initializer in class net/bytebuddy/matcher/CollectionItemMatcher
2024-11-12 13:41:22,146 INFO  EvoClassLoader - Keeping class: net.bytebuddy.matcher.CollectionItemMatcher
2024-11-12 13:41:22,146 INFO  EvoClassLoader - Seeing class for first time: net.bytebuddy.dynamic.scaffold.MethodGraph$Simple
2024-11-12 13:41:22,146 INFO  EvoClassLoader - Instrumenting class 'net.bytebuddy.dynamic.scaffold.MethodGraph$Simple'.
2024-11-12 13:41:22,146 INFO  MethodCallReplacementClassAdapter - Adding mock interface to class net/bytebuddy/dynamic/scaffold/MethodGraph$Simple
2024-11-12 13:41:22,146 INFO  CreateClassResetClassAdapter - Creating brand-new static initializer in class net/bytebuddy/dynamic/scaffold/MethodGraph$Simple
2024-11-12 13:41:22,147 INFO  EvoClassLoader - Keeping class: net.bytebuddy.dynamic.scaffold.MethodGraph$Simple
2024-11-12 13:41:22,147 INFO  EvoClassLoader - Seeing class for first time: net.bytebuddy.description.type.TypeList$Generic$OfMethodExceptionTypes$TypeProjection
2024-11-12 13:41:22,147 INFO  EvoClassLoader - Instrumenting class 'net.bytebuddy.description.type.TypeList$Generic$OfMethodExceptionTypes$TypeProjection'.
2024-11-12 13:41:22,147 INFO  MethodCallReplacementClassAdapter - Adding mock interface to class net/bytebuddy/description/type/TypeList$Generic$OfMethodExceptionTypes$TypeProjection
2024-11-12 13:41:22,147 INFO  CreateClassResetClassAdapter - Creating brand-new static initializer in class net/bytebuddy/description/type/TypeList$Generic$OfMethodExceptionTypes$TypeProjection
2024-11-12 13:41:22,148 INFO  EvoClassLoader - Keeping class: net.bytebuddy.description.type.TypeList$Generic$OfMethodExceptionTypes$TypeProjection
2024-11-12 13:41:22,148 INFO  EvoClassLoader - Seeing class for first time: net.bytebuddy.dynamic.scaffold.MethodGraph$Node$Simple
2024-11-12 13:41:22,148 INFO  EvoClassLoader - Instrumenting class 'net.bytebuddy.dynamic.scaffold.MethodGraph$Node$Simple'.
2024-11-12 13:41:22,148 INFO  MethodCallReplacementClassAdapter - Adding mock interface to class net/bytebuddy/dynamic/scaffold/MethodGraph$Node$Simple
2024-11-12 13:41:22,148 INFO  CreateClassResetClassAdapter - Creating brand-new static initializer in class net/bytebuddy/dynamic/scaffold/MethodGraph$Node$Simple
2024-11-12 13:41:22,148 INFO  EvoClassLoader - Keeping class: net.bytebuddy.dynamic.scaffold.MethodGraph$Node$Simple
2024-11-12 13:41:22,149 INFO  EvoClassLoader - Seeing class for first time: net.bytebuddy.description.type.TypeDescription$Generic$OfParameterizedType$ForLoadedType$ParameterArgumentTypeList
2024-11-12 13:41:22,149 INFO  EvoClassLoader - Instrumenting class 'net.bytebuddy.description.type.TypeDescription$Generic$OfParameterizedType$ForLoadedType$ParameterArgumentTypeList'.
2024-11-12 13:41:22,149 INFO  MethodCallReplacementClassAdapter - Adding mock interface to class net/bytebuddy/description/type/TypeDescription$Generic$OfParameterizedType$ForLoadedType$ParameterArgumentTypeList
2024-11-12 13:41:22,149 INFO  CreateClassResetClassAdapter - Creating brand-new static initializer in class net/bytebuddy/description/type/TypeDescription$Generic$OfParameterizedType$ForLoadedType$ParameterArgumentTypeList
2024-11-12 13:41:22,149 INFO  EvoClassLoader - Keeping class: net.bytebuddy.description.type.TypeDescription$Generic$OfParameterizedType$ForLoadedType$ParameterArgumentTypeList
2024-11-12 13:41:22,150 INFO  EvoClassLoader - Seeing class for first time: net.bytebuddy.description.type.TypeDescription$Generic$OfWildcardType$ForLoadedType
2024-11-12 13:41:22,150 INFO  EvoClassLoader - Instrumenting class 'net.bytebuddy.description.type.TypeDescription$Generic$OfWildcardType$ForLoadedType'.
2024-11-12 13:41:22,150 INFO  MethodCallReplacementClassAdapter - Adding mock interface to class net/bytebuddy/description/type/TypeDescription$Generic$OfWildcardType$ForLoadedType
2024-11-12 13:41:22,150 INFO  CreateClassResetClassAdapter - Creating brand-new static initializer in class net/bytebuddy/description/type/TypeDescription$Generic$OfWildcardType$ForLoadedType
2024-11-12 13:41:22,150 INFO  EvoClassLoader - Keeping class: net.bytebuddy.description.type.TypeDescription$Generic$OfWildcardType$ForLoadedType
2024-11-12 13:41:22,150 INFO  EvoClassLoader - Seeing class for first time: net.bytebuddy.description.type.TypeDescription$Generic$OfWildcardType$Latent
2024-11-12 13:41:22,150 INFO  EvoClassLoader - Instrumenting class 'net.bytebuddy.description.type.TypeDescription$Generic$OfWildcardType$Latent'.
2024-11-12 13:41:22,151 INFO  MethodCallReplacementClassAdapter - Adding mock interface to class net/bytebuddy/description/type/TypeDescription$Generic$OfWildcardType$Latent
2024-11-12 13:41:22,151 INFO  CreateClassResetClassAdapter - Creating brand-new static initializer in class net/bytebuddy/description/type/TypeDescription$Generic$OfWildcardType$Latent
2024-11-12 13:41:22,151 INFO  EvoClassLoader - Keeping class: net.bytebuddy.description.type.TypeDescription$Generic$OfWildcardType$Latent
2024-11-12 13:41:22,151 INFO  EvoClassLoader - Seeing class for first time: net.bytebuddy.description.type.TypeDescription$Generic$OfWildcardType$ForLoadedType$WildcardUpperBoundTypeList
2024-11-12 13:41:22,151 INFO  EvoClassLoader - Instrumenting class 'net.bytebuddy.description.type.TypeDescription$Generic$OfWildcardType$ForLoadedType$WildcardUpperBoundTypeList'.
2024-11-12 13:41:22,151 INFO  MethodCallReplacementClassAdapter - Adding mock interface to class net/bytebuddy/description/type/TypeDescription$Generic$OfWildcardType$ForLoadedType$WildcardUpperBoundTypeList
2024-11-12 13:41:22,151 INFO  CreateClassResetClassAdapter - Creating brand-new static initializer in class net/bytebuddy/description/type/TypeDescription$Generic$OfWildcardType$ForLoadedType$WildcardUpperBoundTypeList
2024-11-12 13:41:22,151 INFO  EvoClassLoader - Keeping class: net.bytebuddy.description.type.TypeDescription$Generic$OfWildcardType$ForLoadedType$WildcardUpperBoundTypeList
2024-11-12 13:41:22,151 INFO  EvoClassLoader - Seeing class for first time: net.bytebuddy.description.type.TypeDescription$Generic$OfWildcardType$ForLoadedType$WildcardLowerBoundTypeList
2024-11-12 13:41:22,151 INFO  EvoClassLoader - Instrumenting class 'net.bytebuddy.description.type.TypeDescription$Generic$OfWildcardType$ForLoadedType$WildcardLowerBoundTypeList'.
2024-11-12 13:41:22,152 INFO  MethodCallReplacementClassAdapter - Adding mock interface to class net/bytebuddy/description/type/TypeDescription$Generic$OfWildcardType$ForLoadedType$WildcardLowerBoundTypeList
2024-11-12 13:41:22,152 INFO  CreateClassResetClassAdapter - Creating brand-new static initializer in class net/bytebuddy/description/type/TypeDescription$Generic$OfWildcardType$ForLoadedType$WildcardLowerBoundTypeList
2024-11-12 13:41:22,152 INFO  EvoClassLoader - Keeping class: net.bytebuddy.description.type.TypeDescription$Generic$OfWildcardType$ForLoadedType$WildcardLowerBoundTypeList
2024-11-12 13:41:22,152 INFO  EvoClassLoader - Seeing class for first time: net.bytebuddy.description.method.MethodDescription$Latent$TypeInitializer
2024-11-12 13:41:22,152 INFO  EvoClassLoader - Instrumenting class 'net.bytebuddy.description.method.MethodDescription$Latent$TypeInitializer'.
2024-11-12 13:41:22,152 INFO  MethodCallReplacementClassAdapter - Adding mock interface to class net/bytebuddy/description/method/MethodDescription$Latent$TypeInitializer
2024-11-12 13:41:22,153 INFO  CreateClassResetClassAdapter - Creating brand-new static initializer in class net/bytebuddy/description/method/MethodDescription$Latent$TypeInitializer
2024-11-12 13:41:22,153 INFO  EvoClassLoader - Keeping class: net.bytebuddy.description.method.MethodDescription$Latent$TypeInitializer
2024-11-12 13:41:22,153 INFO  EvoClassLoader - Seeing class for first time: net.bytebuddy.dynamic.scaffold.subclass.SubclassImplementationTarget$OriginTypeResolver
2024-11-12 13:41:22,153 INFO  EvoClassLoader - Instrumenting class 'net.bytebuddy.dynamic.scaffold.subclass.SubclassImplementationTarget$OriginTypeResolver'.
2024-11-12 13:41:22,153 INFO  MethodCallReplacementClassAdapter - Adding mock interface to class net/bytebuddy/dynamic/scaffold/subclass/SubclassImplementationTarget$OriginTypeResolver
2024-11-12 13:41:22,153 INFO  CreateClassResetClassAdapter - Found static initializer in class net/bytebuddy/dynamic/scaffold/subclass/SubclassImplementationTarget$OriginTypeResolver
2024-11-12 13:41:22,153 INFO  EvoClassLoader - Keeping class: net.bytebuddy.dynamic.scaffold.subclass.SubclassImplementationTarget$OriginTypeResolver
2024-11-12 13:41:22,153 INFO  EvoClassLoader - Seeing class for first time: net.bytebuddy.dynamic.scaffold.subclass.SubclassImplementationTarget
2024-11-12 13:41:22,153 INFO  EvoClassLoader - Instrumenting class 'net.bytebuddy.dynamic.scaffold.subclass.SubclassImplementationTarget'.
2024-11-12 13:41:22,154 INFO  MethodCallReplacementClassAdapter - Adding mock interface to class net/bytebuddy/dynamic/scaffold/subclass/SubclassImplementationTarget
2024-11-12 13:41:22,154 INFO  CreateClassResetClassAdapter - Creating brand-new static initializer in class net/bytebuddy/dynamic/scaffold/subclass/SubclassImplementationTarget
2024-11-12 13:41:22,154 INFO  EvoClassLoader - Seeing class for first time: net.bytebuddy.implementation.Implementation$Target$AbstractBase
2024-11-12 13:41:22,154 INFO  EvoClassLoader - Instrumenting class 'net.bytebuddy.implementation.Implementation$Target$AbstractBase'.
2024-11-12 13:41:22,155 INFO  MethodCallReplacementClassAdapter - Adding mock interface to class net/bytebuddy/implementation/Implementation$Target$AbstractBase
2024-11-12 13:41:22,155 INFO  CreateClassResetClassAdapter - Creating brand-new static initializer in class net/bytebuddy/implementation/Implementation$Target$AbstractBase
2024-11-12 13:41:22,155 INFO  EvoClassLoader - Keeping class: net.bytebuddy.implementation.Implementation$Target$AbstractBase
2024-11-12 13:41:22,155 INFO  EvoClassLoader - Keeping class: net.bytebuddy.dynamic.scaffold.subclass.SubclassImplementationTarget
2024-11-12 13:41:22,155 INFO  EvoClassLoader - Seeing class for first time: net.bytebuddy.dynamic.scaffold.subclass.SubclassImplementationTarget$Factory
2024-11-12 13:41:22,155 INFO  EvoClassLoader - Instrumenting class 'net.bytebuddy.dynamic.scaffold.subclass.SubclassImplementationTarget$Factory'.
2024-11-12 13:41:22,155 INFO  MethodCallReplacementClassAdapter - Adding mock interface to class net/bytebuddy/dynamic/scaffold/subclass/SubclassImplementationTarget$Factory
2024-11-12 13:41:22,155 INFO  CreateClassResetClassAdapter - Found static initializer in class net/bytebuddy/dynamic/scaffold/subclass/SubclassImplementationTarget$Factory
2024-11-12 13:41:22,155 INFO  EvoClassLoader - Keeping class: net.bytebuddy.dynamic.scaffold.subclass.SubclassImplementationTarget$Factory
2024-11-12 13:41:22,155 INFO  EvoClassLoader - Seeing class for first time: net.bytebuddy.dynamic.scaffold.subclass.SubclassImplementationTarget$OriginTypeResolver$1
2024-11-12 13:41:22,155 INFO  EvoClassLoader - Instrumenting class 'net.bytebuddy.dynamic.scaffold.subclass.SubclassImplementationTarget$OriginTypeResolver$1'.
2024-11-12 13:41:22,156 INFO  MethodCallReplacementClassAdapter - Adding mock interface to class net/bytebuddy/dynamic/scaffold/subclass/SubclassImplementationTarget$OriginTypeResolver$1
2024-11-12 13:41:22,156 INFO  EvoClassLoader - Keeping class: net.bytebuddy.dynamic.scaffold.subclass.SubclassImplementationTarget$OriginTypeResolver$1
2024-11-12 13:41:22,156 INFO  EvoClassLoader - Seeing class for first time: net.bytebuddy.dynamic.scaffold.subclass.SubclassImplementationTarget$OriginTypeResolver$2
2024-11-12 13:41:22,156 INFO  EvoClassLoader - Instrumenting class 'net.bytebuddy.dynamic.scaffold.subclass.SubclassImplementationTarget$OriginTypeResolver$2'.
2024-11-12 13:41:22,156 INFO  MethodCallReplacementClassAdapter - Adding mock interface to class net/bytebuddy/dynamic/scaffold/subclass/SubclassImplementationTarget$OriginTypeResolver$2
2024-11-12 13:41:22,156 INFO  EvoClassLoader - Keeping class: net.bytebuddy.dynamic.scaffold.subclass.SubclassImplementationTarget$OriginTypeResolver$2
2024-11-12 13:41:22,157 INFO  EvoClassLoader - Seeing class for first time: net.bytebuddy.implementation.Implementation$SpecialMethodInvocation
2024-11-12 13:41:22,157 INFO  EvoClassLoader - Instrumenting class 'net.bytebuddy.implementation.Implementation$SpecialMethodInvocation'.
2024-11-12 13:41:22,157 INFO  EvoClassLoader - Keeping class: net.bytebuddy.implementation.Implementation$SpecialMethodInvocation
2024-11-12 13:41:22,157 INFO  EvoClassLoader - Seeing class for first time: net.bytebuddy.implementation.Implementation$SpecialMethodInvocation$Illegal
2024-11-12 13:41:22,157 INFO  EvoClassLoader - Instrumenting class 'net.bytebuddy.implementation.Implementation$SpecialMethodInvocation$Illegal'.
2024-11-12 13:41:22,157 INFO  MethodCallReplacementClassAdapter - Adding mock interface to class net/bytebuddy/implementation/Implementation$SpecialMethodInvocation$Illegal
2024-11-12 13:41:22,158 INFO  CreateClassResetClassAdapter - Found static initializer in class net/bytebuddy/implementation/Implementation$SpecialMethodInvocation$Illegal
2024-11-12 13:41:22,158 INFO  EvoClassLoader - Keeping class: net.bytebuddy.implementation.Implementation$SpecialMethodInvocation$Illegal
2024-11-12 13:41:22,158 INFO  EvoClassLoader - Seeing class for first time: net.bytebuddy.implementation.Implementation$Target$AbstractBase$DefaultMethodInvocation
2024-11-12 13:41:22,158 INFO  EvoClassLoader - Instrumenting class 'net.bytebuddy.implementation.Implementation$Target$AbstractBase$DefaultMethodInvocation'.
2024-11-12 13:41:22,159 INFO  MethodCallReplacementClassAdapter - Adding mock interface to class net/bytebuddy/implementation/Implementation$Target$AbstractBase$DefaultMethodInvocation
2024-11-12 13:41:22,159 INFO  CreateClassResetClassAdapter - Found static initializer in class net/bytebuddy/implementation/Implementation$Target$AbstractBase$DefaultMethodInvocation
2024-11-12 13:41:22,159 INFO  EvoClassLoader - Keeping class: net.bytebuddy.implementation.Implementation$Target$AbstractBase$DefaultMethodInvocation
2024-11-12 13:41:22,159 INFO  EvoClassLoader - Seeing class for first time: net.bytebuddy.implementation.Implementation$Target$AbstractBase$DefaultMethodInvocation$1
2024-11-12 13:41:22,159 INFO  EvoClassLoader - Instrumenting class 'net.bytebuddy.implementation.Implementation$Target$AbstractBase$DefaultMethodInvocation$1'.
2024-11-12 13:41:22,159 INFO  MethodCallReplacementClassAdapter - Adding mock interface to class net/bytebuddy/implementation/Implementation$Target$AbstractBase$DefaultMethodInvocation$1
2024-11-12 13:41:22,160 INFO  EvoClassLoader - Keeping class: net.bytebuddy.implementation.Implementation$Target$AbstractBase$DefaultMethodInvocation$1
2024-11-12 13:41:22,160 INFO  EvoClassLoader - Seeing class for first time: net.bytebuddy.implementation.Implementation$Target$AbstractBase$DefaultMethodInvocation$2
2024-11-12 13:41:22,160 INFO  EvoClassLoader - Instrumenting class 'net.bytebuddy.implementation.Implementation$Target$AbstractBase$DefaultMethodInvocation$2'.
2024-11-12 13:41:22,160 INFO  MethodCallReplacementClassAdapter - Adding mock interface to class net/bytebuddy/implementation/Implementation$Target$AbstractBase$DefaultMethodInvocation$2
2024-11-12 13:41:22,160 INFO  EvoClassLoader - Keeping class: net.bytebuddy.implementation.Implementation$Target$AbstractBase$DefaultMethodInvocation$2
2024-11-12 13:41:22,161 INFO  EvoClassLoader - Seeing class for first time: net.bytebuddy.implementation.MethodDelegation$ImplementationDelegate$Compiled$ForStaticCall
2024-11-12 13:41:22,161 INFO  EvoClassLoader - Instrumenting class 'net.bytebuddy.implementation.MethodDelegation$ImplementationDelegate$Compiled$ForStaticCall'.
2024-11-12 13:41:22,161 INFO  MethodCallReplacementClassAdapter - Adding mock interface to class net/bytebuddy/implementation/MethodDelegation$ImplementationDelegate$Compiled$ForStaticCall
2024-11-12 13:41:22,161 INFO  CreateClassResetClassAdapter - Creating brand-new static initializer in class net/bytebuddy/implementation/MethodDelegation$ImplementationDelegate$Compiled$ForStaticCall
2024-11-12 13:41:22,162 INFO  EvoClassLoader - Keeping class: net.bytebuddy.implementation.MethodDelegation$ImplementationDelegate$Compiled$ForStaticCall
2024-11-12 13:41:22,162 INFO  EvoClassLoader - Seeing class for first time: net.bytebuddy.implementation.MethodDelegation$ImplementationDelegate$Compiled$ForConstruction
2024-11-12 13:41:22,162 INFO  EvoClassLoader - Instrumenting class 'net.bytebuddy.implementation.MethodDelegation$ImplementationDelegate$Compiled$ForConstruction'.
2024-11-12 13:41:22,162 INFO  MethodCallReplacementClassAdapter - Adding mock interface to class net/bytebuddy/implementation/MethodDelegation$ImplementationDelegate$Compiled$ForConstruction
2024-11-12 13:41:22,162 INFO  CreateClassResetClassAdapter - Creating brand-new static initializer in class net/bytebuddy/implementation/MethodDelegation$ImplementationDelegate$Compiled$ForConstruction
2024-11-12 13:41:22,162 INFO  EvoClassLoader - Keeping class: net.bytebuddy.implementation.MethodDelegation$ImplementationDelegate$Compiled$ForConstruction
2024-11-12 13:41:22,162 INFO  EvoClassLoader - Seeing class for first time: net.bytebuddy.implementation.MethodDelegation$ImplementationDelegate$Compiled$ForMethodReturn
2024-11-12 13:41:22,162 INFO  EvoClassLoader - Instrumenting class 'net.bytebuddy.implementation.MethodDelegation$ImplementationDelegate$Compiled$ForMethodReturn'.
2024-11-12 13:41:22,163 INFO  MethodCallReplacementClassAdapter - Adding mock interface to class net/bytebuddy/implementation/MethodDelegation$ImplementationDelegate$Compiled$ForMethodReturn
2024-11-12 13:41:22,163 INFO  CreateClassResetClassAdapter - Creating brand-new static initializer in class net/bytebuddy/implementation/MethodDelegation$ImplementationDelegate$Compiled$ForMethodReturn
2024-11-12 13:41:22,164 INFO  EvoClassLoader - Keeping class: net.bytebuddy.implementation.MethodDelegation$ImplementationDelegate$Compiled$ForMethodReturn
2024-11-12 13:41:22,164 INFO  EvoClassLoader - Seeing class for first time: net.bytebuddy.implementation.MethodDelegation$ImplementationDelegate$Compiled$ForField
2024-11-12 13:41:22,164 INFO  EvoClassLoader - Instrumenting class 'net.bytebuddy.implementation.MethodDelegation$ImplementationDelegate$Compiled$ForField'.
2024-11-12 13:41:22,164 INFO  MethodCallReplacementClassAdapter - Adding mock interface to class net/bytebuddy/implementation/MethodDelegation$ImplementationDelegate$Compiled$ForField
2024-11-12 13:41:22,165 INFO  CreateClassResetClassAdapter - Creating brand-new static initializer in class net/bytebuddy/implementation/MethodDelegation$ImplementationDelegate$Compiled$ForField
2024-11-12 13:41:22,165 INFO  EvoClassLoader - Keeping class: net.bytebuddy.implementation.MethodDelegation$ImplementationDelegate$Compiled$ForField
2024-11-12 13:41:22,165 INFO  EvoClassLoader - Seeing class for first time: net.bytebuddy.implementation.MethodDelegation$Appender
2024-11-12 13:41:22,165 INFO  EvoClassLoader - Instrumenting class 'net.bytebuddy.implementation.MethodDelegation$Appender'.
2024-11-12 13:41:22,165 INFO  MethodCallReplacementClassAdapter - Adding mock interface to class net/bytebuddy/implementation/MethodDelegation$Appender
2024-11-12 13:41:22,166 INFO  CreateClassResetClassAdapter - Creating brand-new static initializer in class net/bytebuddy/implementation/MethodDelegation$Appender
2024-11-12 13:41:22,166 INFO  EvoClassLoader - Keeping class: net.bytebuddy.implementation.MethodDelegation$Appender
2024-11-12 13:41:22,166 INFO  EvoClassLoader - Seeing class for first time: net.bytebuddy.implementation.bind.MethodDelegationBinder$Processor
2024-11-12 13:41:22,166 INFO  EvoClassLoader - Instrumenting class 'net.bytebuddy.implementation.bind.MethodDelegationBinder$Processor'.
2024-11-12 13:41:22,166 INFO  MethodCallReplacementClassAdapter - Adding mock interface to class net/bytebuddy/implementation/bind/MethodDelegationBinder$Processor
2024-11-12 13:41:22,167 INFO  CreateClassResetClassAdapter - Creating brand-new static initializer in class net/bytebuddy/implementation/bind/MethodDelegationBinder$Processor
2024-11-12 13:41:22,167 INFO  EvoClassLoader - Keeping class: net.bytebuddy.implementation.bind.MethodDelegationBinder$Processor
2024-11-12 13:41:22,167 INFO  EvoClassLoader - Seeing class for first time: net.bytebuddy.dynamic.scaffold.MethodRegistry$Default$Compiled$Entry
2024-11-12 13:41:22,167 INFO  EvoClassLoader - Instrumenting class 'net.bytebuddy.dynamic.scaffold.MethodRegistry$Default$Compiled$Entry'.
2024-11-12 13:41:22,167 INFO  MethodCallReplacementClassAdapter - Adding mock interface to class net/bytebuddy/dynamic/scaffold/MethodRegistry$Default$Compiled$Entry
2024-11-12 13:41:22,168 INFO  CreateClassResetClassAdapter - Creating brand-new static initializer in class net/bytebuddy/dynamic/scaffold/MethodRegistry$Default$Compiled$Entry
2024-11-12 13:41:22,168 INFO  EvoClassLoader - Keeping class: net.bytebuddy.dynamic.scaffold.MethodRegistry$Default$Compiled$Entry
2024-11-12 13:41:22,168 INFO  EvoClassLoader - Seeing class for first time: net.bytebuddy.dynamic.Transformer$ForMethod$TransformedMethod$AttachmentVisitor
2024-11-12 13:41:22,168 INFO  EvoClassLoader - Instrumenting class 'net.bytebuddy.dynamic.Transformer$ForMethod$TransformedMethod$AttachmentVisitor'.
2024-11-12 13:41:22,168 INFO  MethodCallReplacementClassAdapter - Adding mock interface to class net/bytebuddy/dynamic/Transformer$ForMethod$TransformedMethod$AttachmentVisitor
2024-11-12 13:41:22,168 INFO  CreateClassResetClassAdapter - Creating brand-new static initializer in class net/bytebuddy/dynamic/Transformer$ForMethod$TransformedMethod$AttachmentVisitor
2024-11-12 13:41:22,169 INFO  EvoClassLoader - Keeping class: net.bytebuddy.dynamic.Transformer$ForMethod$TransformedMethod$AttachmentVisitor
2024-11-12 13:41:22,169 INFO  EvoClassLoader - Seeing class for first time: net.bytebuddy.dynamic.Transformer$ForMethod$TransformedMethod$TransformedParameterList
2024-11-12 13:41:22,169 INFO  EvoClassLoader - Instrumenting class 'net.bytebuddy.dynamic.Transformer$ForMethod$TransformedMethod$TransformedParameterList'.
2024-11-12 13:41:22,169 INFO  MethodCallReplacementClassAdapter - Adding mock interface to class net/bytebuddy/dynamic/Transformer$ForMethod$TransformedMethod$TransformedParameterList
2024-11-12 13:41:22,169 INFO  CreateClassResetClassAdapter - Creating brand-new static initializer in class net/bytebuddy/dynamic/Transformer$ForMethod$TransformedMethod$TransformedParameterList
2024-11-12 13:41:22,169 INFO  EvoClassLoader - Keeping class: net.bytebuddy.dynamic.Transformer$ForMethod$TransformedMethod$TransformedParameterList
2024-11-12 13:41:22,169 INFO  EvoClassLoader - Seeing class for first time: net.bytebuddy.dynamic.Transformer$ForMethod$TransformedMethod$TransformedParameter
2024-11-12 13:41:22,169 INFO  EvoClassLoader - Instrumenting class 'net.bytebuddy.dynamic.Transformer$ForMethod$TransformedMethod$TransformedParameter'.
2024-11-12 13:41:22,169 INFO  MethodCallReplacementClassAdapter - Adding mock interface to class net/bytebuddy/dynamic/Transformer$ForMethod$TransformedMethod$TransformedParameter
2024-11-12 13:41:22,169 INFO  CreateClassResetClassAdapter - Creating brand-new static initializer in class net/bytebuddy/dynamic/Transformer$ForMethod$TransformedMethod$TransformedParameter
2024-11-12 13:41:22,169 INFO  EvoClassLoader - Keeping class: net.bytebuddy.dynamic.Transformer$ForMethod$TransformedMethod$TransformedParameter
2024-11-12 13:41:22,170 INFO  EvoClassLoader - Seeing class for first time: net.bytebuddy.implementation.FieldAccessor$ForImplicitProperty$Appender
2024-11-12 13:41:22,170 INFO  EvoClassLoader - Instrumenting class 'net.bytebuddy.implementation.FieldAccessor$ForImplicitProperty$Appender'.
2024-11-12 13:41:22,170 INFO  MethodCallReplacementClassAdapter - Adding mock interface to class net/bytebuddy/implementation/FieldAccessor$ForImplicitProperty$Appender
2024-11-12 13:41:22,170 INFO  CreateClassResetClassAdapter - Creating brand-new static initializer in class net/bytebuddy/implementation/FieldAccessor$ForImplicitProperty$Appender
2024-11-12 13:41:22,171 INFO  EvoClassLoader - Keeping class: net.bytebuddy.implementation.FieldAccessor$ForImplicitProperty$Appender
2024-11-12 13:41:22,171 INFO  EvoClassLoader - Seeing class for first time: net.bytebuddy.implementation.FieldAccessor$FieldLocation$Relative$Prepared
2024-11-12 13:41:22,171 INFO  EvoClassLoader - Instrumenting class 'net.bytebuddy.implementation.FieldAccessor$FieldLocation$Relative$Prepared'.
2024-11-12 13:41:22,171 INFO  MethodCallReplacementClassAdapter - Adding mock interface to class net/bytebuddy/implementation/FieldAccessor$FieldLocation$Relative$Prepared
2024-11-12 13:41:22,172 INFO  CreateClassResetClassAdapter - Creating brand-new static initializer in class net/bytebuddy/implementation/FieldAccessor$FieldLocation$Relative$Prepared
2024-11-12 13:41:22,172 INFO  EvoClassLoader - Keeping class: net.bytebuddy.implementation.FieldAccessor$FieldLocation$Relative$Prepared
2024-11-12 13:41:22,172 INFO  EvoClassLoader - Seeing class for first time: net.bytebuddy.dynamic.scaffold.FieldLocator$ForTopLevelType
2024-11-12 13:41:22,172 INFO  EvoClassLoader - Instrumenting class 'net.bytebuddy.dynamic.scaffold.FieldLocator$ForTopLevelType'.
2024-11-12 13:41:22,172 INFO  MethodCallReplacementClassAdapter - Adding mock interface to class net/bytebuddy/dynamic/scaffold/FieldLocator$ForTopLevelType
2024-11-12 13:41:22,172 INFO  CreateClassResetClassAdapter - Creating brand-new static initializer in class net/bytebuddy/dynamic/scaffold/FieldLocator$ForTopLevelType
2024-11-12 13:41:22,172 INFO  EvoClassLoader - Keeping class: net.bytebuddy.dynamic.scaffold.FieldLocator$ForTopLevelType
2024-11-12 13:41:22,172 INFO  EvoClassLoader - Seeing class for first time: net.bytebuddy.dynamic.scaffold.FieldLocator$Resolution$Simple
2024-11-12 13:41:22,172 INFO  EvoClassLoader - Instrumenting class 'net.bytebuddy.dynamic.scaffold.FieldLocator$Resolution$Simple'.
2024-11-12 13:41:22,172 INFO  MethodCallReplacementClassAdapter - Adding mock interface to class net/bytebuddy/dynamic/scaffold/FieldLocator$Resolution$Simple
2024-11-12 13:41:22,172 INFO  CreateClassResetClassAdapter - Creating brand-new static initializer in class net/bytebuddy/dynamic/scaffold/FieldLocator$Resolution$Simple
2024-11-12 13:41:22,172 INFO  EvoClassLoader - Keeping class: net.bytebuddy.dynamic.scaffold.FieldLocator$Resolution$Simple
2024-11-12 13:41:22,173 INFO  EvoClassLoader - Seeing class for first time: net.bytebuddy.dynamic.scaffold.FieldLocator$Resolution$Illegal
2024-11-12 13:41:22,173 INFO  EvoClassLoader - Instrumenting class 'net.bytebuddy.dynamic.scaffold.FieldLocator$Resolution$Illegal'.
2024-11-12 13:41:22,173 INFO  MethodCallReplacementClassAdapter - Adding mock interface to class net/bytebuddy/dynamic/scaffold/FieldLocator$Resolution$Illegal
2024-11-12 13:41:22,173 INFO  CreateClassResetClassAdapter - Found static initializer in class net/bytebuddy/dynamic/scaffold/FieldLocator$Resolution$Illegal
2024-11-12 13:41:22,173 INFO  EvoClassLoader - Keeping class: net.bytebuddy.dynamic.scaffold.FieldLocator$Resolution$Illegal
2024-11-12 13:41:22,173 INFO  EvoClassLoader - Seeing class for first time: net.bytebuddy.implementation.SuperMethodCall$Appender
2024-11-12 13:41:22,173 INFO  EvoClassLoader - Instrumenting class 'net.bytebuddy.implementation.SuperMethodCall$Appender'.
2024-11-12 13:41:22,173 INFO  MethodCallReplacementClassAdapter - Adding mock interface to class net/bytebuddy/implementation/SuperMethodCall$Appender
2024-11-12 13:41:22,174 INFO  CreateClassResetClassAdapter - Creating brand-new static initializer in class net/bytebuddy/implementation/SuperMethodCall$Appender
2024-11-12 13:41:22,174 INFO  EvoClassLoader - Keeping class: net.bytebuddy.implementation.SuperMethodCall$Appender
2024-11-12 13:41:22,174 INFO  EvoClassLoader - Seeing class for first time: net.bytebuddy.implementation.SuperMethodCall$Appender$TerminationHandler
2024-11-12 13:41:22,174 INFO  EvoClassLoader - Instrumenting class 'net.bytebuddy.implementation.SuperMethodCall$Appender$TerminationHandler'.
2024-11-12 13:41:22,174 INFO  MethodCallReplacementClassAdapter - Adding mock interface to class net/bytebuddy/implementation/SuperMethodCall$Appender$TerminationHandler
2024-11-12 13:41:22,174 INFO  CreateClassResetClassAdapter - Found static initializer in class net/bytebuddy/implementation/SuperMethodCall$Appender$TerminationHandler
2024-11-12 13:41:22,175 INFO  EvoClassLoader - Keeping class: net.bytebuddy.implementation.SuperMethodCall$Appender$TerminationHandler
2024-11-12 13:41:22,175 INFO  EvoClassLoader - Seeing class for first time: net.bytebuddy.implementation.SuperMethodCall$Appender$TerminationHandler$1
2024-11-12 13:41:22,175 INFO  EvoClassLoader - Instrumenting class 'net.bytebuddy.implementation.SuperMethodCall$Appender$TerminationHandler$1'.
2024-11-12 13:41:22,175 INFO  MethodCallReplacementClassAdapter - Adding mock interface to class net/bytebuddy/implementation/SuperMethodCall$Appender$TerminationHandler$1
2024-11-12 13:41:22,175 INFO  EvoClassLoader - Keeping class: net.bytebuddy.implementation.SuperMethodCall$Appender$TerminationHandler$1
2024-11-12 13:41:22,175 INFO  EvoClassLoader - Seeing class for first time: net.bytebuddy.implementation.SuperMethodCall$Appender$TerminationHandler$2
2024-11-12 13:41:22,175 INFO  EvoClassLoader - Instrumenting class 'net.bytebuddy.implementation.SuperMethodCall$Appender$TerminationHandler$2'.
2024-11-12 13:41:22,176 INFO  MethodCallReplacementClassAdapter - Adding mock interface to class net/bytebuddy/implementation/SuperMethodCall$Appender$TerminationHandler$2
2024-11-12 13:41:22,176 INFO  EvoClassLoader - Keeping class: net.bytebuddy.implementation.SuperMethodCall$Appender$TerminationHandler$2
2024-11-12 13:41:22,176 INFO  EvoClassLoader - Seeing class for first time: net.bytebuddy.dynamic.scaffold.TypeWriter$MethodPool$Record$ForNonImplementedMethod
2024-11-12 13:41:22,176 INFO  EvoClassLoader - Instrumenting class 'net.bytebuddy.dynamic.scaffold.TypeWriter$MethodPool$Record$ForNonImplementedMethod'.
2024-11-12 13:41:22,176 INFO  MethodCallReplacementClassAdapter - Adding mock interface to class net/bytebuddy/dynamic/scaffold/TypeWriter$MethodPool$Record$ForNonImplementedMethod
2024-11-12 13:41:22,177 INFO  CreateClassResetClassAdapter - Creating brand-new static initializer in class net/bytebuddy/dynamic/scaffold/TypeWriter$MethodPool$Record$ForNonImplementedMethod
2024-11-12 13:41:22,178 INFO  EvoClassLoader - Keeping class: net.bytebuddy.dynamic.scaffold.TypeWriter$MethodPool$Record$ForNonImplementedMethod
2024-11-12 13:41:22,178 INFO  EvoClassLoader - Seeing class for first time: net.bytebuddy.dynamic.scaffold.FieldRegistry$Default$Compiled$Entry
2024-11-12 13:41:22,178 INFO  EvoClassLoader - Instrumenting class 'net.bytebuddy.dynamic.scaffold.FieldRegistry$Default$Compiled$Entry'.
2024-11-12 13:41:22,178 INFO  MethodCallReplacementClassAdapter - Adding mock interface to class net/bytebuddy/dynamic/scaffold/FieldRegistry$Default$Compiled$Entry
2024-11-12 13:41:22,178 INFO  CreateClassResetClassAdapter - Creating brand-new static initializer in class net/bytebuddy/dynamic/scaffold/FieldRegistry$Default$Compiled$Entry
2024-11-12 13:41:22,178 INFO  EvoClassLoader - Keeping class: net.bytebuddy.dynamic.scaffold.FieldRegistry$Default$Compiled$Entry
2024-11-12 13:41:22,179 INFO  EvoClassLoader - Seeing class for first time: net.bytebuddy.dynamic.scaffold.TypeWriter$FieldPool$Record
2024-11-12 13:41:22,179 INFO  EvoClassLoader - Instrumenting class 'net.bytebuddy.dynamic.scaffold.TypeWriter$FieldPool$Record'.
2024-11-12 13:41:22,179 INFO  EvoClassLoader - Keeping class: net.bytebuddy.dynamic.scaffold.TypeWriter$FieldPool$Record
2024-11-12 13:41:22,179 INFO  EvoClassLoader - Seeing class for first time: net.bytebuddy.matcher.LatentMatcher$ForFieldToken$ResolvedMatcher
2024-11-12 13:41:22,179 INFO  EvoClassLoader - Instrumenting class 'net.bytebuddy.matcher.LatentMatcher$ForFieldToken$ResolvedMatcher'.
2024-11-12 13:41:22,179 INFO  MethodCallReplacementClassAdapter - Adding mock interface to class net/bytebuddy/matcher/LatentMatcher$ForFieldToken$ResolvedMatcher
2024-11-12 13:41:22,179 INFO  CreateClassResetClassAdapter - Creating brand-new static initializer in class net/bytebuddy/matcher/LatentMatcher$ForFieldToken$ResolvedMatcher
2024-11-12 13:41:22,179 INFO  EvoClassLoader - Keeping class: net.bytebuddy.matcher.LatentMatcher$ForFieldToken$ResolvedMatcher
2024-11-12 13:41:22,180 INFO  EvoClassLoader - Seeing class for first time: net.bytebuddy.dynamic.scaffold.TypeWriter$Default
2024-11-12 13:41:22,180 INFO  EvoClassLoader - Instrumenting class 'net.bytebuddy.dynamic.scaffold.TypeWriter$Default'.
2024-11-12 13:41:22,180 INFO  MethodCallReplacementClassAdapter - Adding mock interface to class net/bytebuddy/dynamic/scaffold/TypeWriter$Default
2024-11-12 13:41:22,180 INFO  CreateClassResetClassAdapter - Found static initializer in class net/bytebuddy/dynamic/scaffold/TypeWriter$Default
2024-11-12 13:41:22,181 INFO  EvoClassLoader - Seeing class for first time: net.bytebuddy.dynamic.scaffold.TypeWriter
2024-11-12 13:41:22,181 INFO  EvoClassLoader - Instrumenting class 'net.bytebuddy.dynamic.scaffold.TypeWriter'.
2024-11-12 13:41:22,182 INFO  EvoClassLoader - Keeping class: net.bytebuddy.dynamic.scaffold.TypeWriter
2024-11-12 13:41:22,182 INFO  EvoClassLoader - Keeping class: net.bytebuddy.dynamic.scaffold.TypeWriter$Default
2024-11-12 13:41:22,182 INFO  EvoClassLoader - Seeing class for first time: net.bytebuddy.dynamic.scaffold.inline.MethodRebaseResolver
2024-11-12 13:41:22,182 INFO  EvoClassLoader - Instrumenting class 'net.bytebuddy.dynamic.scaffold.inline.MethodRebaseResolver'.
2024-11-12 13:41:22,182 INFO  EvoClassLoader - Keeping class: net.bytebuddy.dynamic.scaffold.inline.MethodRebaseResolver
2024-11-12 13:41:22,182 INFO  EvoClassLoader - Seeing class for first time: net.bytebuddy.dynamic.scaffold.TypeWriter$Default$UnresolvedType
2024-11-12 13:41:22,182 INFO  EvoClassLoader - Instrumenting class 'net.bytebuddy.dynamic.scaffold.TypeWriter$Default$UnresolvedType'.
2024-11-12 13:41:22,183 INFO  MethodCallReplacementClassAdapter - Adding mock interface to class net/bytebuddy/dynamic/scaffold/TypeWriter$Default$UnresolvedType
2024-11-12 13:41:22,183 INFO  CreateClassResetClassAdapter - Creating brand-new static initializer in class net/bytebuddy/dynamic/scaffold/TypeWriter$Default$UnresolvedType
2024-11-12 13:41:22,183 INFO  EvoClassLoader - Keeping class: net.bytebuddy.dynamic.scaffold.TypeWriter$Default$UnresolvedType
2024-11-12 13:41:22,183 INFO  EvoClassLoader - Seeing class for first time: net.bytebuddy.dynamic.scaffold.TypeWriter$Default$ForCreation
2024-11-12 13:41:22,183 INFO  EvoClassLoader - Instrumenting class 'net.bytebuddy.dynamic.scaffold.TypeWriter$Default$ForCreation'.
2024-11-12 13:41:22,183 INFO  MethodCallReplacementClassAdapter - Adding mock interface to class net/bytebuddy/dynamic/scaffold/TypeWriter$Default$ForCreation
2024-11-12 13:41:22,184 INFO  CreateClassResetClassAdapter - Creating brand-new static initializer in class net/bytebuddy/dynamic/scaffold/TypeWriter$Default$ForCreation
2024-11-12 13:41:22,184 INFO  EvoClassLoader - Keeping class: net.bytebuddy.dynamic.scaffold.TypeWriter$Default$ForCreation
2024-11-12 13:41:22,184 INFO  EvoClassLoader - Seeing class for first time: net.bytebuddy.dynamic.scaffold.TypeWriter$Default$ClassDumpAction
2024-11-12 13:41:22,184 INFO  EvoClassLoader - Instrumenting class 'net.bytebuddy.dynamic.scaffold.TypeWriter$Default$ClassDumpAction'.
2024-11-12 13:41:22,184 INFO  MethodCallReplacementClassAdapter - Adding mock interface to class net/bytebuddy/dynamic/scaffold/TypeWriter$Default$ClassDumpAction
2024-11-12 13:41:22,185 INFO  CreateClassResetClassAdapter - Found static initializer in class net/bytebuddy/dynamic/scaffold/TypeWriter$Default$ClassDumpAction
2024-11-12 13:41:22,185 INFO  EvoClassLoader - Keeping class: net.bytebuddy.dynamic.scaffold.TypeWriter$Default$ClassDumpAction
2024-11-12 13:41:22,186 INFO  EvoClassLoader - Seeing class for first time: net.bytebuddy.dynamic.scaffold.TypeInitializer$Drain
2024-11-12 13:41:22,186 INFO  EvoClassLoader - Instrumenting class 'net.bytebuddy.dynamic.scaffold.TypeInitializer$Drain'.
2024-11-12 13:41:22,186 INFO  EvoClassLoader - Keeping class: net.bytebuddy.dynamic.scaffold.TypeInitializer$Drain
2024-11-12 13:41:22,186 INFO  EvoClassLoader - Seeing class for first time: net.bytebuddy.description.field.FieldList$AbstractBase
2024-11-12 13:41:22,186 INFO  EvoClassLoader - Instrumenting class 'net.bytebuddy.description.field.FieldList$AbstractBase'.
2024-11-12 13:41:22,186 INFO  MethodCallReplacementClassAdapter - Adding mock interface to class net/bytebuddy/description/field/FieldList$AbstractBase
2024-11-12 13:41:22,186 INFO  CreateClassResetClassAdapter - Creating brand-new static initializer in class net/bytebuddy/description/field/FieldList$AbstractBase
2024-11-12 13:41:22,186 INFO  EvoClassLoader - Keeping class: net.bytebuddy.description.field.FieldList$AbstractBase
2024-11-12 13:41:22,186 INFO  EvoClassLoader - Seeing class for first time: net.bytebuddy.description.field.FieldList$Empty
2024-11-12 13:41:22,186 INFO  EvoClassLoader - Instrumenting class 'net.bytebuddy.description.field.FieldList$Empty'.
2024-11-12 13:41:22,186 INFO  MethodCallReplacementClassAdapter - Adding mock interface to class net/bytebuddy/description/field/FieldList$Empty
2024-11-12 13:41:22,186 INFO  CreateClassResetClassAdapter - Creating brand-new static initializer in class net/bytebuddy/description/field/FieldList$Empty
2024-11-12 13:41:22,186 INFO  EvoClassLoader - Keeping class: net.bytebuddy.description.field.FieldList$Empty
2024-11-12 13:41:22,186 INFO  EvoClassLoader - Seeing class for first time: net.bytebuddy.description.field.FieldList$TypeSubstituting
2024-11-12 13:41:22,186 INFO  EvoClassLoader - Instrumenting class 'net.bytebuddy.description.field.FieldList$TypeSubstituting'.
2024-11-12 13:41:22,187 INFO  MethodCallReplacementClassAdapter - Adding mock interface to class net/bytebuddy/description/field/FieldList$TypeSubstituting
2024-11-12 13:41:22,187 INFO  CreateClassResetClassAdapter - Creating brand-new static initializer in class net/bytebuddy/description/field/FieldList$TypeSubstituting
2024-11-12 13:41:22,187 INFO  EvoClassLoader - Keeping class: net.bytebuddy.description.field.FieldList$TypeSubstituting
2024-11-12 13:41:22,187 INFO  EvoClassLoader - Seeing class for first time: net.bytebuddy.description.field.FieldList$ForTokens
2024-11-12 13:41:22,187 INFO  EvoClassLoader - Instrumenting class 'net.bytebuddy.description.field.FieldList$ForTokens'.
2024-11-12 13:41:22,187 INFO  MethodCallReplacementClassAdapter - Adding mock interface to class net/bytebuddy/description/field/FieldList$ForTokens
2024-11-12 13:41:22,187 INFO  CreateClassResetClassAdapter - Creating brand-new static initializer in class net/bytebuddy/description/field/FieldList$ForTokens
2024-11-12 13:41:22,187 INFO  EvoClassLoader - Keeping class: net.bytebuddy.description.field.FieldList$ForTokens
2024-11-12 13:41:22,187 INFO  EvoClassLoader - Seeing class for first time: net.bytebuddy.description.field.FieldList$Explicit
2024-11-12 13:41:22,187 INFO  EvoClassLoader - Instrumenting class 'net.bytebuddy.description.field.FieldList$Explicit'.
2024-11-12 13:41:22,187 INFO  MethodCallReplacementClassAdapter - Adding mock interface to class net/bytebuddy/description/field/FieldList$Explicit
2024-11-12 13:41:22,187 INFO  CreateClassResetClassAdapter - Creating brand-new static initializer in class net/bytebuddy/description/field/FieldList$Explicit
2024-11-12 13:41:22,188 INFO  EvoClassLoader - Keeping class: net.bytebuddy.description.field.FieldList$Explicit
2024-11-12 13:41:22,188 INFO  EvoClassLoader - Seeing class for first time: net.bytebuddy.description.field.FieldList$ForLoadedFields
2024-11-12 13:41:22,188 INFO  EvoClassLoader - Instrumenting class 'net.bytebuddy.description.field.FieldList$ForLoadedFields'.
2024-11-12 13:41:22,188 INFO  MethodCallReplacementClassAdapter - Adding mock interface to class net/bytebuddy/description/field/FieldList$ForLoadedFields
2024-11-12 13:41:22,188 INFO  CreateClassResetClassAdapter - Creating brand-new static initializer in class net/bytebuddy/description/field/FieldList$ForLoadedFields
2024-11-12 13:41:22,188 INFO  EvoClassLoader - Keeping class: net.bytebuddy.description.field.FieldList$ForLoadedFields
2024-11-12 13:41:22,188 INFO  EvoClassLoader - Seeing class for first time: net.bytebuddy.jar.asm.AnnotationVisitor
2024-11-12 13:41:22,188 INFO  EvoClassLoader - Instrumenting class 'net.bytebuddy.jar.asm.AnnotationVisitor'.
2024-11-12 13:41:22,188 INFO  MethodCallReplacementClassAdapter - Adding mock interface to class net/bytebuddy/jar/asm/AnnotationVisitor
2024-11-12 13:41:22,189 INFO  CreateClassResetClassAdapter - Creating brand-new static initializer in class net/bytebuddy/jar/asm/AnnotationVisitor
2024-11-12 13:41:22,189 INFO  EvoClassLoader - Keeping class: net.bytebuddy.jar.asm.AnnotationVisitor
2024-11-12 13:41:22,189 INFO  EvoClassLoader - Seeing class for first time: net.bytebuddy.jar.asm.TypePath
2024-11-12 13:41:22,189 INFO  EvoClassLoader - Instrumenting class 'net.bytebuddy.jar.asm.TypePath'.
2024-11-12 13:41:22,189 INFO  MethodCallReplacementClassAdapter - Adding mock interface to class net/bytebuddy/jar/asm/TypePath
2024-11-12 13:41:22,189 INFO  CreateClassResetClassAdapter - Creating brand-new static initializer in class net/bytebuddy/jar/asm/TypePath
2024-11-12 13:41:22,189 INFO  CreateClassResetClassAdapter - Adding bytecode for initializing field ARRAY_ELEMENT
2024-11-12 13:41:22,189 INFO  CreateClassResetClassAdapter - Adding bytecode for initializing field INNER_TYPE
2024-11-12 13:41:22,189 INFO  CreateClassResetClassAdapter - Adding bytecode for initializing field WILDCARD_BOUND
2024-11-12 13:41:22,189 INFO  CreateClassResetClassAdapter - Adding bytecode for initializing field TYPE_ARGUMENT
2024-11-12 13:41:22,190 INFO  EvoClassLoader - Keeping class: net.bytebuddy.jar.asm.TypePath
2024-11-12 13:41:22,190 INFO  EvoClassLoader - Seeing class for first time: net.bytebuddy.jar.asm.Attribute
2024-11-12 13:41:22,190 INFO  EvoClassLoader - Instrumenting class 'net.bytebuddy.jar.asm.Attribute'.
2024-11-12 13:41:22,190 INFO  MethodCallReplacementClassAdapter - Adding mock interface to class net/bytebuddy/jar/asm/Attribute
2024-11-12 13:41:22,190 INFO  CreateClassResetClassAdapter - Creating brand-new static initializer in class net/bytebuddy/jar/asm/Attribute
2024-11-12 13:41:22,190 INFO  EvoClassLoader - Keeping class: net.bytebuddy.jar.asm.Attribute
2024-11-12 13:41:22,190 INFO  EvoClassLoader - Seeing class for first time: net.bytebuddy.jar.asm.ModuleVisitor
2024-11-12 13:41:22,190 INFO  EvoClassLoader - Instrumenting class 'net.bytebuddy.jar.asm.ModuleVisitor'.
2024-11-12 13:41:22,190 INFO  MethodCallReplacementClassAdapter - Adding mock interface to class net/bytebuddy/jar/asm/ModuleVisitor
2024-11-12 13:41:22,191 INFO  CreateClassResetClassAdapter - Creating brand-new static initializer in class net/bytebuddy/jar/asm/ModuleVisitor
2024-11-12 13:41:22,191 INFO  EvoClassLoader - Keeping class: net.bytebuddy.jar.asm.ModuleVisitor
2024-11-12 13:41:22,191 INFO  EvoClassLoader - Seeing class for first time: net.bytebuddy.jar.asm.ModuleWriter
2024-11-12 13:41:22,191 INFO  EvoClassLoader - Instrumenting class 'net.bytebuddy.jar.asm.ModuleWriter'.
2024-11-12 13:41:22,191 INFO  MethodCallReplacementClassAdapter - Adding mock interface to class net/bytebuddy/jar/asm/ModuleWriter
2024-11-12 13:41:22,191 INFO  CreateClassResetClassAdapter - Creating brand-new static initializer in class net/bytebuddy/jar/asm/ModuleWriter
2024-11-12 13:41:22,191 INFO  EvoClassLoader - Keeping class: net.bytebuddy.jar.asm.ModuleWriter
2024-11-12 13:41:22,192 INFO  EvoClassLoader - Seeing class for first time: net.bytebuddy.jar.asm.ClassTooLargeException
2024-11-12 13:41:22,192 INFO  EvoClassLoader - Instrumenting class 'net.bytebuddy.jar.asm.ClassTooLargeException'.
2024-11-12 13:41:22,192 INFO  MethodCallReplacementClassAdapter - Adding mock interface to class net/bytebuddy/jar/asm/ClassTooLargeException
2024-11-12 13:41:22,192 INFO  CreateClassResetClassAdapter - Creating brand-new static initializer in class net/bytebuddy/jar/asm/ClassTooLargeException
2024-11-12 13:41:22,192 INFO  EvoClassLoader - Keeping class: net.bytebuddy.jar.asm.ClassTooLargeException
2024-11-12 13:41:22,192 INFO  EvoClassLoader - Seeing class for first time: net.bytebuddy.jar.asm.AnnotationWriter
2024-11-12 13:41:22,192 INFO  EvoClassLoader - Instrumenting class 'net.bytebuddy.jar.asm.AnnotationWriter'.
2024-11-12 13:41:22,192 INFO  MethodCallReplacementClassAdapter - Adding mock interface to class net/bytebuddy/jar/asm/AnnotationWriter
2024-11-12 13:41:22,193 INFO  CreateClassResetClassAdapter - Creating brand-new static initializer in class net/bytebuddy/jar/asm/AnnotationWriter
2024-11-12 13:41:22,193 INFO  EvoClassLoader - Keeping class: net.bytebuddy.jar.asm.AnnotationWriter
2024-11-12 13:41:22,193 INFO  EvoClassLoader - Seeing class for first time: net.bytebuddy.jar.asm.MethodWriter
2024-11-12 13:41:22,193 INFO  EvoClassLoader - Instrumenting class 'net.bytebuddy.jar.asm.MethodWriter'.
2024-11-12 13:41:22,194 INFO  MethodCallReplacementClassAdapter - Adding mock interface to class net/bytebuddy/jar/asm/MethodWriter
2024-11-12 13:41:22,196 INFO  CreateClassResetClassAdapter - Found static initializer in class net/bytebuddy/jar/asm/MethodWriter
2024-11-12 13:41:22,197 INFO  EvoClassLoader - Keeping class: net.bytebuddy.jar.asm.MethodWriter
2024-11-12 13:41:22,197 INFO  EvoClassLoader - Seeing class for first time: net.bytebuddy.jar.asm.FieldWriter
2024-11-12 13:41:22,197 INFO  EvoClassLoader - Instrumenting class 'net.bytebuddy.jar.asm.FieldWriter'.
2024-11-12 13:41:22,197 INFO  MethodCallReplacementClassAdapter - Adding mock interface to class net/bytebuddy/jar/asm/FieldWriter
2024-11-12 13:41:22,197 INFO  CreateClassResetClassAdapter - Creating brand-new static initializer in class net/bytebuddy/jar/asm/FieldWriter
2024-11-12 13:41:22,198 INFO  EvoClassLoader - Keeping class: net.bytebuddy.jar.asm.FieldWriter
2024-11-12 13:41:22,198 INFO  EvoClassLoader - Seeing class for first time: net.bytebuddy.jar.asm.Handle
2024-11-12 13:41:22,198 INFO  EvoClassLoader - Instrumenting class 'net.bytebuddy.jar.asm.Handle'.
2024-11-12 13:41:22,198 INFO  MethodCallReplacementClassAdapter - Adding mock interface to class net/bytebuddy/jar/asm/Handle
2024-11-12 13:41:22,198 INFO  CreateClassResetClassAdapter - Creating brand-new static initializer in class net/bytebuddy/jar/asm/Handle
2024-11-12 13:41:22,198 INFO  EvoClassLoader - Keeping class: net.bytebuddy.jar.asm.Handle
2024-11-12 13:41:22,198 INFO  EvoClassLoader - Seeing class for first time: net.bytebuddy.jar.asm.MethodTooLargeException
2024-11-12 13:41:22,198 INFO  EvoClassLoader - Instrumenting class 'net.bytebuddy.jar.asm.MethodTooLargeException'.
2024-11-12 13:41:22,199 INFO  MethodCallReplacementClassAdapter - Adding mock interface to class net/bytebuddy/jar/asm/MethodTooLargeException
2024-11-12 13:41:22,199 INFO  CreateClassResetClassAdapter - Creating brand-new static initializer in class net/bytebuddy/jar/asm/MethodTooLargeException
2024-11-12 13:41:22,199 INFO  EvoClassLoader - Keeping class: net.bytebuddy.jar.asm.MethodTooLargeException
2024-11-12 13:41:22,199 INFO  EvoClassLoader - Seeing class for first time: net.bytebuddy.jar.asm.SymbolTable
2024-11-12 13:41:22,199 INFO  EvoClassLoader - Instrumenting class 'net.bytebuddy.jar.asm.SymbolTable'.
2024-11-12 13:41:22,199 INFO  MethodCallReplacementClassAdapter - Adding mock interface to class net/bytebuddy/jar/asm/SymbolTable
2024-11-12 13:41:22,201 INFO  CreateClassResetClassAdapter - Creating brand-new static initializer in class net/bytebuddy/jar/asm/SymbolTable
2024-11-12 13:41:22,201 INFO  EvoClassLoader - Keeping class: net.bytebuddy.jar.asm.SymbolTable
2024-11-12 13:41:22,201 INFO  EvoClassLoader - Seeing class for first time: net.bytebuddy.jar.asm.Symbol
2024-11-12 13:41:22,201 INFO  EvoClassLoader - Instrumenting class 'net.bytebuddy.jar.asm.Symbol'.
2024-11-12 13:41:22,201 INFO  MethodCallReplacementClassAdapter - Adding mock interface to class net/bytebuddy/jar/asm/Symbol
2024-11-12 13:41:22,201 INFO  CreateClassResetClassAdapter - Creating brand-new static initializer in class net/bytebuddy/jar/asm/Symbol
2024-11-12 13:41:22,201 INFO  CreateClassResetClassAdapter - Adding bytecode for initializing field CONSTANT_CLASS_TAG
2024-11-12 13:41:22,201 INFO  CreateClassResetClassAdapter - Adding bytecode for initializing field CONSTANT_FIELDREF_TAG
2024-11-12 13:41:22,201 INFO  CreateClassResetClassAdapter - Adding bytecode for initializing field CONSTANT_METHODREF_TAG
2024-11-12 13:41:22,201 INFO  CreateClassResetClassAdapter - Adding bytecode for initializing field CONSTANT_INTERFACE_METHODREF_TAG
2024-11-12 13:41:22,201 INFO  CreateClassResetClassAdapter - Adding bytecode for initializing field CONSTANT_STRING_TAG
2024-11-12 13:41:22,201 INFO  CreateClassResetClassAdapter - Adding bytecode for initializing field CONSTANT_INTEGER_TAG
2024-11-12 13:41:22,201 INFO  CreateClassResetClassAdapter - Adding bytecode for initializing field CONSTANT_FLOAT_TAG
2024-11-12 13:41:22,201 INFO  CreateClassResetClassAdapter - Adding bytecode for initializing field CONSTANT_LONG_TAG
2024-11-12 13:41:22,201 INFO  CreateClassResetClassAdapter - Adding bytecode for initializing field CONSTANT_DOUBLE_TAG
2024-11-12 13:41:22,201 INFO  CreateClassResetClassAdapter - Adding bytecode for initializing field CONSTANT_NAME_AND_TYPE_TAG
2024-11-12 13:41:22,201 INFO  CreateClassResetClassAdapter - Adding bytecode for initializing field CONSTANT_UTF8_TAG
2024-11-12 13:41:22,201 INFO  CreateClassResetClassAdapter - Adding bytecode for initializing field CONSTANT_METHOD_HANDLE_TAG
2024-11-12 13:41:22,201 INFO  CreateClassResetClassAdapter - Adding bytecode for initializing field CONSTANT_METHOD_TYPE_TAG
2024-11-12 13:41:22,201 INFO  CreateClassResetClassAdapter - Adding bytecode for initializing field CONSTANT_DYNAMIC_TAG
2024-11-12 13:41:22,201 INFO  CreateClassResetClassAdapter - Adding bytecode for initializing field CONSTANT_INVOKE_DYNAMIC_TAG
2024-11-12 13:41:22,201 INFO  CreateClassResetClassAdapter - Adding bytecode for initializing field CONSTANT_MODULE_TAG
2024-11-12 13:41:22,201 INFO  CreateClassResetClassAdapter - Adding bytecode for initializing field CONSTANT_PACKAGE_TAG
2024-11-12 13:41:22,201 INFO  CreateClassResetClassAdapter - Adding bytecode for initializing field BOOTSTRAP_METHOD_TAG
2024-11-12 13:41:22,201 INFO  CreateClassResetClassAdapter - Adding bytecode for initializing field TYPE_TAG
2024-11-12 13:41:22,201 INFO  CreateClassResetClassAdapter - Adding bytecode for initializing field UNINITIALIZED_TYPE_TAG
2024-11-12 13:41:22,201 INFO  CreateClassResetClassAdapter - Adding bytecode for initializing field MERGED_TYPE_TAG
2024-11-12 13:41:22,202 INFO  EvoClassLoader - Keeping class: net.bytebuddy.jar.asm.Symbol
2024-11-12 13:41:22,202 INFO  EvoClassLoader - Seeing class for first time: net.bytebuddy.jar.asm.SymbolTable$Entry
2024-11-12 13:41:22,202 INFO  EvoClassLoader - Instrumenting class 'net.bytebuddy.jar.asm.SymbolTable$Entry'.
2024-11-12 13:41:22,202 INFO  MethodCallReplacementClassAdapter - Adding mock interface to class net/bytebuddy/jar/asm/SymbolTable$Entry
2024-11-12 13:41:22,202 INFO  CreateClassResetClassAdapter - Creating brand-new static initializer in class net/bytebuddy/jar/asm/SymbolTable$Entry
2024-11-12 13:41:22,202 INFO  EvoClassLoader - Keeping class: net.bytebuddy.jar.asm.SymbolTable$Entry
2024-11-12 13:41:22,203 INFO  EvoClassLoader - Seeing class for first time: net.bytebuddy.jar.asm.ByteVector
2024-11-12 13:41:22,203 INFO  EvoClassLoader - Instrumenting class 'net.bytebuddy.jar.asm.ByteVector'.
2024-11-12 13:41:22,203 INFO  MethodCallReplacementClassAdapter - Adding mock interface to class net/bytebuddy/jar/asm/ByteVector
2024-11-12 13:41:22,204 INFO  CreateClassResetClassAdapter - Creating brand-new static initializer in class net/bytebuddy/jar/asm/ByteVector
2024-11-12 13:41:22,204 INFO  EvoClassLoader - Keeping class: net.bytebuddy.jar.asm.ByteVector
2024-11-12 13:41:22,204 INFO  EvoClassLoader - Seeing class for first time: net.bytebuddy.jar.asm.ClassReader
2024-11-12 13:41:22,204 INFO  EvoClassLoader - Instrumenting class 'net.bytebuddy.jar.asm.ClassReader'.
2024-11-12 13:41:22,205 INFO  MethodCallReplacementClassAdapter - Adding mock interface to class net/bytebuddy/jar/asm/ClassReader
2024-11-12 13:41:22,210 INFO  CreateClassResetClassAdapter - Creating brand-new static initializer in class net/bytebuddy/jar/asm/ClassReader
2024-11-12 13:41:22,210 INFO  CreateClassResetClassAdapter - Adding bytecode for initializing field SKIP_CODE
2024-11-12 13:41:22,210 INFO  CreateClassResetClassAdapter - Adding bytecode for initializing field SKIP_DEBUG
2024-11-12 13:41:22,210 INFO  CreateClassResetClassAdapter - Adding bytecode for initializing field SKIP_FRAMES
2024-11-12 13:41:22,210 INFO  CreateClassResetClassAdapter - Adding bytecode for initializing field EXPAND_FRAMES
2024-11-12 13:41:22,210 INFO  CreateClassResetClassAdapter - Adding bytecode for initializing field EXPAND_ASM_INSNS
2024-11-12 13:41:22,210 INFO  CreateClassResetClassAdapter - Adding bytecode for initializing field INPUT_STREAM_DATA_CHUNK_SIZE
2024-11-12 13:41:22,211 INFO  EvoClassLoader - Keeping class: net.bytebuddy.jar.asm.ClassReader
2024-11-12 13:41:22,212 INFO  EvoClassLoader - Seeing class for first time: net.bytebuddy.implementation.Implementation$Context$Default$FieldSetterDelegation
2024-11-12 13:41:22,212 INFO  EvoClassLoader - Instrumenting class 'net.bytebuddy.implementation.Implementation$Context$Default$FieldSetterDelegation'.
2024-11-12 13:41:22,212 INFO  MethodCallReplacementClassAdapter - Adding mock interface to class net/bytebuddy/implementation/Implementation$Context$Default$FieldSetterDelegation
2024-11-12 13:41:22,213 INFO  CreateClassResetClassAdapter - Creating brand-new static initializer in class net/bytebuddy/implementation/Implementation$Context$Default$FieldSetterDelegation
2024-11-12 13:41:22,213 INFO  EvoClassLoader - Seeing class for first time: net.bytebuddy.implementation.Implementation$Context$Default$DelegationRecord
2024-11-12 13:41:22,213 INFO  EvoClassLoader - Instrumenting class 'net.bytebuddy.implementation.Implementation$Context$Default$DelegationRecord'.
2024-11-12 13:41:22,213 INFO  MethodCallReplacementClassAdapter - Adding mock interface to class net/bytebuddy/implementation/Implementation$Context$Default$DelegationRecord
2024-11-12 13:41:22,213 INFO  CreateClassResetClassAdapter - Creating brand-new static initializer in class net/bytebuddy/implementation/Implementation$Context$Default$DelegationRecord
2024-11-12 13:41:22,213 INFO  EvoClassLoader - Seeing class for first time: net.bytebuddy.dynamic.scaffold.TypeWriter$MethodPool$Record$ForDefinedMethod
2024-11-12 13:41:22,213 INFO  EvoClassLoader - Instrumenting class 'net.bytebuddy.dynamic.scaffold.TypeWriter$MethodPool$Record$ForDefinedMethod'.
2024-11-12 13:41:22,213 INFO  MethodCallReplacementClassAdapter - Adding mock interface to class net/bytebuddy/dynamic/scaffold/TypeWriter$MethodPool$Record$ForDefinedMethod
2024-11-12 13:41:22,214 INFO  CreateClassResetClassAdapter - Creating brand-new static initializer in class net/bytebuddy/dynamic/scaffold/TypeWriter$MethodPool$Record$ForDefinedMethod
2024-11-12 13:41:22,214 INFO  EvoClassLoader - Keeping class: net.bytebuddy.dynamic.scaffold.TypeWriter$MethodPool$Record$ForDefinedMethod
2024-11-12 13:41:22,214 INFO  EvoClassLoader - Keeping class: net.bytebuddy.implementation.Implementation$Context$Default$DelegationRecord
2024-11-12 13:41:22,214 INFO  EvoClassLoader - Keeping class: net.bytebuddy.implementation.Implementation$Context$Default$FieldSetterDelegation
2024-11-12 13:41:22,214 INFO  EvoClassLoader - Seeing class for first time: net.bytebuddy.implementation.Implementation$Context$Default$FieldGetterDelegation
2024-11-12 13:41:22,214 INFO  EvoClassLoader - Instrumenting class 'net.bytebuddy.implementation.Implementation$Context$Default$FieldGetterDelegation'.
2024-11-12 13:41:22,214 INFO  MethodCallReplacementClassAdapter - Adding mock interface to class net/bytebuddy/implementation/Implementation$Context$Default$FieldGetterDelegation
2024-11-12 13:41:22,214 INFO  CreateClassResetClassAdapter - Creating brand-new static initializer in class net/bytebuddy/implementation/Implementation$Context$Default$FieldGetterDelegation
2024-11-12 13:41:22,214 INFO  EvoClassLoader - Keeping class: net.bytebuddy.implementation.Implementation$Context$Default$FieldGetterDelegation
2024-11-12 13:41:22,214 INFO  EvoClassLoader - Seeing class for first time: net.bytebuddy.implementation.Implementation$Context$Default$AccessorMethodDelegation
2024-11-12 13:41:22,214 INFO  EvoClassLoader - Instrumenting class 'net.bytebuddy.implementation.Implementation$Context$Default$AccessorMethodDelegation'.
2024-11-12 13:41:22,215 INFO  MethodCallReplacementClassAdapter - Adding mock interface to class net/bytebuddy/implementation/Implementation$Context$Default$AccessorMethodDelegation
2024-11-12 13:41:22,215 INFO  CreateClassResetClassAdapter - Creating brand-new static initializer in class net/bytebuddy/implementation/Implementation$Context$Default$AccessorMethodDelegation
2024-11-12 13:41:22,215 INFO  EvoClassLoader - Keeping class: net.bytebuddy.implementation.Implementation$Context$Default$AccessorMethodDelegation
2024-11-12 13:41:22,215 INFO  EvoClassLoader - Seeing class for first time: net.bytebuddy.implementation.MethodAccessorFactory$AccessType
2024-11-12 13:41:22,215 INFO  EvoClassLoader - Instrumenting class 'net.bytebuddy.implementation.MethodAccessorFactory$AccessType'.
2024-11-12 13:41:22,215 INFO  MethodCallReplacementClassAdapter - Adding mock interface to class net/bytebuddy/implementation/MethodAccessorFactory$AccessType
2024-11-12 13:41:22,215 INFO  CreateClassResetClassAdapter - Found static initializer in class net/bytebuddy/implementation/MethodAccessorFactory$AccessType
2024-11-12 13:41:22,216 INFO  EvoClassLoader - Keeping class: net.bytebuddy.implementation.MethodAccessorFactory$AccessType
2024-11-12 13:41:22,216 INFO  EvoClassLoader - Seeing class for first time: net.bytebuddy.dynamic.scaffold.TypeWriter$Default$ValidatingClassVisitor
2024-11-12 13:41:22,216 INFO  EvoClassLoader - Instrumenting class 'net.bytebuddy.dynamic.scaffold.TypeWriter$Default$ValidatingClassVisitor'.
2024-11-12 13:41:22,216 INFO  MethodCallReplacementClassAdapter - Adding mock interface to class net/bytebuddy/dynamic/scaffold/TypeWriter$Default$ValidatingClassVisitor
2024-11-12 13:41:22,217 INFO  CreateClassResetClassAdapter - Found static initializer in class net/bytebuddy/dynamic/scaffold/TypeWriter$Default$ValidatingClassVisitor
2024-11-12 13:41:22,218 INFO  EvoClassLoader - Keeping class: net.bytebuddy.dynamic.scaffold.TypeWriter$Default$ValidatingClassVisitor
2024-11-12 13:41:22,218 INFO  EvoClassLoader - Seeing class for first time: net.bytebuddy.dynamic.scaffold.TypeWriter$Default$ForInlining
2024-11-12 13:41:22,218 INFO  EvoClassLoader - Instrumenting class 'net.bytebuddy.dynamic.scaffold.TypeWriter$Default$ForInlining'.
2024-11-12 13:41:22,218 INFO  MethodCallReplacementClassAdapter - Adding mock interface to class net/bytebuddy/dynamic/scaffold/TypeWriter$Default$ForInlining
2024-11-12 13:41:22,218 INFO  CreateClassResetClassAdapter - Found static initializer in class net/bytebuddy/dynamic/scaffold/TypeWriter$Default$ForInlining
2024-11-12 13:41:22,219 INFO  EvoClassLoader - Keeping class: net.bytebuddy.dynamic.scaffold.TypeWriter$Default$ForInlining
2024-11-12 13:41:22,219 INFO  EvoClassLoader - Seeing class for first time: net.bytebuddy.dynamic.scaffold.TypeWriter$Default$ValidatingClassVisitor$ValidatingMethodVisitor
2024-11-12 13:41:22,219 INFO  EvoClassLoader - Instrumenting class 'net.bytebuddy.dynamic.scaffold.TypeWriter$Default$ValidatingClassVisitor$ValidatingMethodVisitor'.
2024-11-12 13:41:22,219 INFO  MethodCallReplacementClassAdapter - Adding mock interface to class net/bytebuddy/dynamic/scaffold/TypeWriter$Default$ValidatingClassVisitor$ValidatingMethodVisitor
2024-11-12 13:41:22,219 INFO  CreateClassResetClassAdapter - Creating brand-new static initializer in class net/bytebuddy/dynamic/scaffold/TypeWriter$Default$ValidatingClassVisitor$ValidatingMethodVisitor
2024-11-12 13:41:22,219 INFO  EvoClassLoader - Keeping class: net.bytebuddy.dynamic.scaffold.TypeWriter$Default$ValidatingClassVisitor$ValidatingMethodVisitor
2024-11-12 13:41:22,219 INFO  EvoClassLoader - Seeing class for first time: net.bytebuddy.dynamic.scaffold.TypeWriter$Default$ValidatingClassVisitor$ValidatingFieldVisitor
2024-11-12 13:41:22,219 INFO  EvoClassLoader - Instrumenting class 'net.bytebuddy.dynamic.scaffold.TypeWriter$Default$ValidatingClassVisitor$ValidatingFieldVisitor'.
2024-11-12 13:41:22,219 INFO  MethodCallReplacementClassAdapter - Adding mock interface to class net/bytebuddy/dynamic/scaffold/TypeWriter$Default$ValidatingClassVisitor$ValidatingFieldVisitor
2024-11-12 13:41:22,219 INFO  CreateClassResetClassAdapter - Creating brand-new static initializer in class net/bytebuddy/dynamic/scaffold/TypeWriter$Default$ValidatingClassVisitor$ValidatingFieldVisitor
2024-11-12 13:41:22,220 INFO  EvoClassLoader - Keeping class: net.bytebuddy.dynamic.scaffold.TypeWriter$Default$ValidatingClassVisitor$ValidatingFieldVisitor
2024-11-12 13:41:22,220 INFO  EvoClassLoader - Seeing class for first time: net.bytebuddy.dynamic.scaffold.TypeWriter$Default$ValidatingClassVisitor$Constraint
2024-11-12 13:41:22,220 INFO  EvoClassLoader - Instrumenting class 'net.bytebuddy.dynamic.scaffold.TypeWriter$Default$ValidatingClassVisitor$Constraint'.
2024-11-12 13:41:22,220 INFO  EvoClassLoader - Keeping class: net.bytebuddy.dynamic.scaffold.TypeWriter$Default$ValidatingClassVisitor$Constraint
2024-11-12 13:41:22,220 INFO  EvoClassLoader - Seeing class for first time: net.bytebuddy.jar.asm.signature.SignatureVisitor
2024-11-12 13:41:22,220 INFO  EvoClassLoader - Instrumenting class 'net.bytebuddy.jar.asm.signature.SignatureVisitor'.
2024-11-12 13:41:22,220 INFO  MethodCallReplacementClassAdapter - Adding mock interface to class net/bytebuddy/jar/asm/signature/SignatureVisitor
2024-11-12 13:41:22,221 INFO  CreateClassResetClassAdapter - Creating brand-new static initializer in class net/bytebuddy/jar/asm/signature/SignatureVisitor
2024-11-12 13:41:22,221 INFO  CreateClassResetClassAdapter - Adding bytecode for initializing field EXTENDS
2024-11-12 13:41:22,221 INFO  CreateClassResetClassAdapter - Adding bytecode for initializing field SUPER
2024-11-12 13:41:22,221 INFO  CreateClassResetClassAdapter - Adding bytecode for initializing field INSTANCEOF
2024-11-12 13:41:22,221 INFO  EvoClassLoader - Defined package (3): package net.bytebuddy.jar.asm.signature, 153638513
2024-11-12 13:41:22,221 INFO  EvoClassLoader - Keeping class: net.bytebuddy.jar.asm.signature.SignatureVisitor
2024-11-12 13:41:22,221 INFO  EvoClassLoader - Seeing class for first time: net.bytebuddy.jar.asm.signature.SignatureWriter
2024-11-12 13:41:22,221 INFO  EvoClassLoader - Instrumenting class 'net.bytebuddy.jar.asm.signature.SignatureWriter'.
2024-11-12 13:41:22,221 INFO  MethodCallReplacementClassAdapter - Adding mock interface to class net/bytebuddy/jar/asm/signature/SignatureWriter
2024-11-12 13:41:22,221 INFO  CreateClassResetClassAdapter - Creating brand-new static initializer in class net/bytebuddy/jar/asm/signature/SignatureWriter
2024-11-12 13:41:22,221 INFO  EvoClassLoader - Keeping class: net.bytebuddy.jar.asm.signature.SignatureWriter
2024-11-12 13:41:22,222 INFO  EvoClassLoader - Seeing class for first time: net.bytebuddy.implementation.attribute.AnnotationAppender$Default
2024-11-12 13:41:22,222 INFO  EvoClassLoader - Instrumenting class 'net.bytebuddy.implementation.attribute.AnnotationAppender$Default'.
2024-11-12 13:41:22,223 INFO  MethodCallReplacementClassAdapter - Adding mock interface to class net/bytebuddy/implementation/attribute/AnnotationAppender$Default
2024-11-12 13:41:22,224 INFO  CreateClassResetClassAdapter - Creating brand-new static initializer in class net/bytebuddy/implementation/attribute/AnnotationAppender$Default
2024-11-12 13:41:22,224 INFO  EvoClassLoader - Keeping class: net.bytebuddy.implementation.attribute.AnnotationAppender$Default
2024-11-12 13:41:22,224 INFO  EvoClassLoader - Seeing class for first time: net.bytebuddy.implementation.attribute.AnnotationAppender$ForTypeAnnotations
2024-11-12 13:41:22,224 INFO  EvoClassLoader - Instrumenting class 'net.bytebuddy.implementation.attribute.AnnotationAppender$ForTypeAnnotations'.
2024-11-12 13:41:22,225 INFO  MethodCallReplacementClassAdapter - Adding mock interface to class net/bytebuddy/implementation/attribute/AnnotationAppender$ForTypeAnnotations
2024-11-12 13:41:22,225 INFO  CreateClassResetClassAdapter - Creating brand-new static initializer in class net/bytebuddy/implementation/attribute/AnnotationAppender$ForTypeAnnotations
2024-11-12 13:41:22,225 INFO  CreateClassResetClassAdapter - Adding bytecode for initializing field VARIABLE_ON_TYPE
2024-11-12 13:41:22,225 INFO  CreateClassResetClassAdapter - Adding bytecode for initializing field VARIABLE_ON_INVOKEABLE
2024-11-12 13:41:22,225 INFO  CreateClassResetClassAdapter - Adding bytecode for initializing field EMPTY_TYPE_PATH
2024-11-12 13:41:22,225 INFO  CreateClassResetClassAdapter - Adding bytecode for initializing field COMPONENT_TYPE_PATH
2024-11-12 13:41:22,225 INFO  CreateClassResetClassAdapter - Adding bytecode for initializing field WILDCARD_TYPE_PATH
2024-11-12 13:41:22,225 INFO  CreateClassResetClassAdapter - Adding bytecode for initializing field INNER_CLASS_PATH
2024-11-12 13:41:22,225 INFO  CreateClassResetClassAdapter - Adding bytecode for initializing field INDEXED_TYPE_DELIMITER
2024-11-12 13:41:22,225 INFO  CreateClassResetClassAdapter - Adding bytecode for initializing field SUPER_CLASS_INDEX
2024-11-12 13:41:22,226 INFO  EvoClassLoader - Keeping class: net.bytebuddy.implementation.attribute.AnnotationAppender$ForTypeAnnotations
2024-11-12 13:41:22,226 INFO  EvoClassLoader - Seeing class for first time: net.bytebuddy.implementation.attribute.AnnotationAppender$Target$OnType
2024-11-12 13:41:22,226 INFO  EvoClassLoader - Instrumenting class 'net.bytebuddy.implementation.attribute.AnnotationAppender$Target$OnType'.
2024-11-12 13:41:22,226 INFO  MethodCallReplacementClassAdapter - Adding mock interface to class net/bytebuddy/implementation/attribute/AnnotationAppender$Target$OnType
2024-11-12 13:41:22,226 INFO  CreateClassResetClassAdapter - Creating brand-new static initializer in class net/bytebuddy/implementation/attribute/AnnotationAppender$Target$OnType
2024-11-12 13:41:22,226 INFO  EvoClassLoader - Keeping class: net.bytebuddy.implementation.attribute.AnnotationAppender$Target$OnType
2024-11-12 13:41:22,227 INFO  EvoClassLoader - Seeing class for first time: net.bytebuddy.implementation.attribute.AnnotationAppender$Target$OnField
2024-11-12 13:41:22,227 INFO  EvoClassLoader - Instrumenting class 'net.bytebuddy.implementation.attribute.AnnotationAppender$Target$OnField'.
2024-11-12 13:41:22,227 INFO  MethodCallReplacementClassAdapter - Adding mock interface to class net/bytebuddy/implementation/attribute/AnnotationAppender$Target$OnField
2024-11-12 13:41:22,227 INFO  CreateClassResetClassAdapter - Creating brand-new static initializer in class net/bytebuddy/implementation/attribute/AnnotationAppender$Target$OnField
2024-11-12 13:41:22,227 INFO  EvoClassLoader - Keeping class: net.bytebuddy.implementation.attribute.AnnotationAppender$Target$OnField
2024-11-12 13:41:22,227 INFO  EvoClassLoader - Seeing class for first time: net.bytebuddy.implementation.attribute.AnnotationAppender$Target$OnMethodParameter
2024-11-12 13:41:22,227 INFO  EvoClassLoader - Instrumenting class 'net.bytebuddy.implementation.attribute.AnnotationAppender$Target$OnMethodParameter'.
2024-11-12 13:41:22,227 INFO  MethodCallReplacementClassAdapter - Adding mock interface to class net/bytebuddy/implementation/attribute/AnnotationAppender$Target$OnMethodParameter
2024-11-12 13:41:22,227 INFO  CreateClassResetClassAdapter - Creating brand-new static initializer in class net/bytebuddy/implementation/attribute/AnnotationAppender$Target$OnMethodParameter
2024-11-12 13:41:22,227 INFO  EvoClassLoader - Keeping class: net.bytebuddy.implementation.attribute.AnnotationAppender$Target$OnMethodParameter
2024-11-12 13:41:22,227 INFO  EvoClassLoader - Seeing class for first time: net.bytebuddy.implementation.attribute.AnnotationAppender$Target$OnMethod
2024-11-12 13:41:22,227 INFO  EvoClassLoader - Instrumenting class 'net.bytebuddy.implementation.attribute.AnnotationAppender$Target$OnMethod'.
2024-11-12 13:41:22,227 INFO  MethodCallReplacementClassAdapter - Adding mock interface to class net/bytebuddy/implementation/attribute/AnnotationAppender$Target$OnMethod
2024-11-12 13:41:22,227 INFO  CreateClassResetClassAdapter - Creating brand-new static initializer in class net/bytebuddy/implementation/attribute/AnnotationAppender$Target$OnMethod
2024-11-12 13:41:22,227 INFO  EvoClassLoader - Keeping class: net.bytebuddy.implementation.attribute.AnnotationAppender$Target$OnMethod
2024-11-12 13:41:22,228 INFO  EvoClassLoader - Seeing class for first time: net.bytebuddy.jar.asm.TypeReference
2024-11-12 13:41:22,228 INFO  EvoClassLoader - Instrumenting class 'net.bytebuddy.jar.asm.TypeReference'.
2024-11-12 13:41:22,228 INFO  MethodCallReplacementClassAdapter - Adding mock interface to class net/bytebuddy/jar/asm/TypeReference
2024-11-12 13:41:22,229 INFO  CreateClassResetClassAdapter - Creating brand-new static initializer in class net/bytebuddy/jar/asm/TypeReference
2024-11-12 13:41:22,229 INFO  CreateClassResetClassAdapter - Adding bytecode for initializing field CLASS_TYPE_PARAMETER
2024-11-12 13:41:22,229 INFO  CreateClassResetClassAdapter - Adding bytecode for initializing field METHOD_TYPE_PARAMETER
2024-11-12 13:41:22,229 INFO  CreateClassResetClassAdapter - Adding bytecode for initializing field CLASS_EXTENDS
2024-11-12 13:41:22,229 INFO  CreateClassResetClassAdapter - Adding bytecode for initializing field CLASS_TYPE_PARAMETER_BOUND
2024-11-12 13:41:22,229 INFO  CreateClassResetClassAdapter - Adding bytecode for initializing field METHOD_TYPE_PARAMETER_BOUND
2024-11-12 13:41:22,229 INFO  CreateClassResetClassAdapter - Adding bytecode for initializing field FIELD
2024-11-12 13:41:22,229 INFO  CreateClassResetClassAdapter - Adding bytecode for initializing field METHOD_RETURN
2024-11-12 13:41:22,229 INFO  CreateClassResetClassAdapter - Adding bytecode for initializing field METHOD_RECEIVER
2024-11-12 13:41:22,229 INFO  CreateClassResetClassAdapter - Adding bytecode for initializing field METHOD_FORMAL_PARAMETER
2024-11-12 13:41:22,229 INFO  CreateClassResetClassAdapter - Adding bytecode for initializing field THROWS
2024-11-12 13:41:22,229 INFO  CreateClassResetClassAdapter - Adding bytecode for initializing field LOCAL_VARIABLE
2024-11-12 13:41:22,229 INFO  CreateClassResetClassAdapter - Adding bytecode for initializing field RESOURCE_VARIABLE
2024-11-12 13:41:22,229 INFO  CreateClassResetClassAdapter - Adding bytecode for initializing field EXCEPTION_PARAMETER
2024-11-12 13:41:22,229 INFO  CreateClassResetClassAdapter - Adding bytecode for initializing field INSTANCEOF
2024-11-12 13:41:22,229 INFO  CreateClassResetClassAdapter - Adding bytecode for initializing field NEW
2024-11-12 13:41:22,229 INFO  CreateClassResetClassAdapter - Adding bytecode for initializing field CONSTRUCTOR_REFERENCE
2024-11-12 13:41:22,229 INFO  CreateClassResetClassAdapter - Adding bytecode for initializing field METHOD_REFERENCE
2024-11-12 13:41:22,229 INFO  CreateClassResetClassAdapter - Adding bytecode for initializing field CAST
2024-11-12 13:41:22,229 INFO  CreateClassResetClassAdapter - Adding bytecode for initializing field CONSTRUCTOR_INVOCATION_TYPE_ARGUMENT
2024-11-12 13:41:22,229 INFO  CreateClassResetClassAdapter - Adding bytecode for initializing field METHOD_INVOCATION_TYPE_ARGUMENT
2024-11-12 13:41:22,229 INFO  CreateClassResetClassAdapter - Adding bytecode for initializing field CONSTRUCTOR_REFERENCE_TYPE_ARGUMENT
2024-11-12 13:41:22,229 INFO  CreateClassResetClassAdapter - Adding bytecode for initializing field METHOD_REFERENCE_TYPE_ARGUMENT
2024-11-12 13:41:22,229 INFO  EvoClassLoader - Keeping class: net.bytebuddy.jar.asm.TypeReference
2024-11-12 13:41:22,229 INFO  EvoClassLoader - Seeing class for first time: net.bytebuddy.description.field.FieldDescription$AbstractBase
2024-11-12 13:41:22,229 INFO  EvoClassLoader - Instrumenting class 'net.bytebuddy.description.field.FieldDescription$AbstractBase'.
2024-11-12 13:41:22,230 INFO  MethodCallReplacementClassAdapter - Adding mock interface to class net/bytebuddy/description/field/FieldDescription$AbstractBase
2024-11-12 13:41:22,230 INFO  CreateClassResetClassAdapter - Creating brand-new static initializer in class net/bytebuddy/description/field/FieldDescription$AbstractBase
2024-11-12 13:41:22,231 INFO  EvoClassLoader - Keeping class: net.bytebuddy.description.field.FieldDescription$AbstractBase
2024-11-12 13:41:22,231 INFO  EvoClassLoader - Seeing class for first time: net.bytebuddy.description.field.FieldDescription$TypeSubstituting
2024-11-12 13:41:22,231 INFO  EvoClassLoader - Instrumenting class 'net.bytebuddy.description.field.FieldDescription$TypeSubstituting'.
2024-11-12 13:41:22,231 INFO  MethodCallReplacementClassAdapter - Adding mock interface to class net/bytebuddy/description/field/FieldDescription$TypeSubstituting
2024-11-12 13:41:22,231 INFO  CreateClassResetClassAdapter - Creating brand-new static initializer in class net/bytebuddy/description/field/FieldDescription$TypeSubstituting
2024-11-12 13:41:22,231 INFO  EvoClassLoader - Seeing class for first time: net.bytebuddy.description.field.FieldDescription$InGenericShape
2024-11-12 13:41:22,231 INFO  EvoClassLoader - Instrumenting class 'net.bytebuddy.description.field.FieldDescription$InGenericShape'.
2024-11-12 13:41:22,232 INFO  EvoClassLoader - Keeping class: net.bytebuddy.description.field.FieldDescription$InGenericShape
2024-11-12 13:41:22,232 INFO  EvoClassLoader - Keeping class: net.bytebuddy.description.field.FieldDescription$TypeSubstituting
2024-11-12 13:41:22,232 INFO  EvoClassLoader - Seeing class for first time: net.bytebuddy.description.field.FieldDescription$Latent
2024-11-12 13:41:22,232 INFO  EvoClassLoader - Instrumenting class 'net.bytebuddy.description.field.FieldDescription$Latent'.
2024-11-12 13:41:22,232 INFO  MethodCallReplacementClassAdapter - Adding mock interface to class net/bytebuddy/description/field/FieldDescription$Latent
2024-11-12 13:41:22,232 INFO  CreateClassResetClassAdapter - Creating brand-new static initializer in class net/bytebuddy/description/field/FieldDescription$Latent
2024-11-12 13:41:22,233 INFO  EvoClassLoader - Seeing class for first time: net.bytebuddy.description.field.FieldDescription$InDefinedShape$AbstractBase
2024-11-12 13:41:22,233 INFO  EvoClassLoader - Instrumenting class 'net.bytebuddy.description.field.FieldDescription$InDefinedShape$AbstractBase'.
2024-11-12 13:41:22,233 INFO  MethodCallReplacementClassAdapter - Adding mock interface to class net/bytebuddy/description/field/FieldDescription$InDefinedShape$AbstractBase
2024-11-12 13:41:22,233 INFO  CreateClassResetClassAdapter - Creating brand-new static initializer in class net/bytebuddy/description/field/FieldDescription$InDefinedShape$AbstractBase
2024-11-12 13:41:22,233 INFO  EvoClassLoader - Keeping class: net.bytebuddy.description.field.FieldDescription$InDefinedShape$AbstractBase
2024-11-12 13:41:22,233 INFO  EvoClassLoader - Keeping class: net.bytebuddy.description.field.FieldDescription$Latent
2024-11-12 13:41:22,233 INFO  EvoClassLoader - Seeing class for first time: net.bytebuddy.description.field.FieldDescription$ForLoadedField
2024-11-12 13:41:22,233 INFO  EvoClassLoader - Instrumenting class 'net.bytebuddy.description.field.FieldDescription$ForLoadedField'.
2024-11-12 13:41:22,233 INFO  MethodCallReplacementClassAdapter - Adding mock interface to class net/bytebuddy/description/field/FieldDescription$ForLoadedField
2024-11-12 13:41:22,234 INFO  CreateClassResetClassAdapter - Creating brand-new static initializer in class net/bytebuddy/description/field/FieldDescription$ForLoadedField
2024-11-12 13:41:22,234 INFO  EvoClassLoader - Keeping class: net.bytebuddy.description.field.FieldDescription$ForLoadedField
2024-11-12 13:41:22,234 INFO  EvoClassLoader - Seeing class for first time: net.bytebuddy.dynamic.scaffold.TypeWriter$FieldPool$Record$ForExplicitField
2024-11-12 13:41:22,234 INFO  EvoClassLoader - Instrumenting class 'net.bytebuddy.dynamic.scaffold.TypeWriter$FieldPool$Record$ForExplicitField'.
2024-11-12 13:41:22,235 INFO  MethodCallReplacementClassAdapter - Adding mock interface to class net/bytebuddy/dynamic/scaffold/TypeWriter$FieldPool$Record$ForExplicitField
2024-11-12 13:41:22,235 INFO  CreateClassResetClassAdapter - Creating brand-new static initializer in class net/bytebuddy/dynamic/scaffold/TypeWriter$FieldPool$Record$ForExplicitField
2024-11-12 13:41:22,235 INFO  EvoClassLoader - Keeping class: net.bytebuddy.dynamic.scaffold.TypeWriter$FieldPool$Record$ForExplicitField
2024-11-12 13:41:22,235 INFO  EvoClassLoader - Seeing class for first time: net.bytebuddy.jar.asm.Attribute$Set
2024-11-12 13:41:22,235 INFO  EvoClassLoader - Instrumenting class 'net.bytebuddy.jar.asm.Attribute$Set'.
2024-11-12 13:41:22,235 INFO  MethodCallReplacementClassAdapter - Adding mock interface to class net/bytebuddy/jar/asm/Attribute$Set
2024-11-12 13:41:22,236 INFO  CreateClassResetClassAdapter - Creating brand-new static initializer in class net/bytebuddy/jar/asm/Attribute$Set
2024-11-12 13:41:22,236 INFO  CreateClassResetClassAdapter - Adding bytecode for initializing field SIZE_INCREMENT
2024-11-12 13:41:22,236 INFO  EvoClassLoader - Keeping class: net.bytebuddy.jar.asm.Attribute$Set
2024-11-12 13:41:22,236 INFO  EvoClassLoader - Seeing class for first time: net.bytebuddy.dynamic.scaffold.TypeWriter$MethodPool$Record$AccessBridgeWrapper
2024-11-12 13:41:22,236 INFO  EvoClassLoader - Instrumenting class 'net.bytebuddy.dynamic.scaffold.TypeWriter$MethodPool$Record$AccessBridgeWrapper'.
2024-11-12 13:41:22,236 INFO  MethodCallReplacementClassAdapter - Adding mock interface to class net/bytebuddy/dynamic/scaffold/TypeWriter$MethodPool$Record$AccessBridgeWrapper
2024-11-12 13:41:22,236 INFO  CreateClassResetClassAdapter - Creating brand-new static initializer in class net/bytebuddy/dynamic/scaffold/TypeWriter$MethodPool$Record$AccessBridgeWrapper
2024-11-12 13:41:22,237 INFO  EvoClassLoader - Keeping class: net.bytebuddy.dynamic.scaffold.TypeWriter$MethodPool$Record$AccessBridgeWrapper
2024-11-12 13:41:22,237 INFO  EvoClassLoader - Seeing class for first time: net.bytebuddy.dynamic.scaffold.TypeWriter$MethodPool$Record$Sort
2024-11-12 13:41:22,237 INFO  EvoClassLoader - Instrumenting class 'net.bytebuddy.dynamic.scaffold.TypeWriter$MethodPool$Record$Sort'.
2024-11-12 13:41:22,237 INFO  MethodCallReplacementClassAdapter - Adding mock interface to class net/bytebuddy/dynamic/scaffold/TypeWriter$MethodPool$Record$Sort
2024-11-12 13:41:22,237 INFO  CreateClassResetClassAdapter - Found static initializer in class net/bytebuddy/dynamic/scaffold/TypeWriter$MethodPool$Record$Sort
2024-11-12 13:41:22,237 INFO  EvoClassLoader - Keeping class: net.bytebuddy.dynamic.scaffold.TypeWriter$MethodPool$Record$Sort
2024-11-12 13:41:22,237 INFO  EvoClassLoader - Seeing class for first time: net.bytebuddy.dynamic.scaffold.TypeInitializer$Drain$Default
2024-11-12 13:41:22,237 INFO  EvoClassLoader - Instrumenting class 'net.bytebuddy.dynamic.scaffold.TypeInitializer$Drain$Default'.
2024-11-12 13:41:22,237 INFO  MethodCallReplacementClassAdapter - Adding mock interface to class net/bytebuddy/dynamic/scaffold/TypeInitializer$Drain$Default
2024-11-12 13:41:22,237 INFO  CreateClassResetClassAdapter - Creating brand-new static initializer in class net/bytebuddy/dynamic/scaffold/TypeInitializer$Drain$Default
2024-11-12 13:41:22,238 INFO  EvoClassLoader - Keeping class: net.bytebuddy.dynamic.scaffold.TypeInitializer$Drain$Default
2024-11-12 13:41:22,238 INFO  EvoClassLoader - Seeing class for first time: net.bytebuddy.dynamic.DynamicType$Default$Dispatcher$CreationAction
2024-11-12 13:41:22,238 INFO  EvoClassLoader - Instrumenting class 'net.bytebuddy.dynamic.DynamicType$Default$Dispatcher$CreationAction'.
2024-11-12 13:41:22,238 INFO  MethodCallReplacementClassAdapter - Adding mock interface to class net/bytebuddy/dynamic/DynamicType$Default$Dispatcher$CreationAction
2024-11-12 13:41:22,238 INFO  CreateClassResetClassAdapter - Found static initializer in class net/bytebuddy/dynamic/DynamicType$Default$Dispatcher$CreationAction
2024-11-12 13:41:22,238 INFO  EvoClassLoader - Keeping class: net.bytebuddy.dynamic.DynamicType$Default$Dispatcher$CreationAction
2024-11-12 13:41:22,238 INFO  EvoClassLoader - Seeing class for first time: net.bytebuddy.dynamic.DynamicType$Default$Dispatcher
2024-11-12 13:41:22,238 INFO  EvoClassLoader - Instrumenting class 'net.bytebuddy.dynamic.DynamicType$Default$Dispatcher'.
2024-11-12 13:41:22,239 INFO  EvoClassLoader - Keeping class: net.bytebuddy.dynamic.DynamicType$Default$Dispatcher
2024-11-12 13:41:22,239 INFO  EvoClassLoader - Seeing class for first time: net.bytebuddy.dynamic.DynamicType$Default
2024-11-12 13:41:22,239 INFO  EvoClassLoader - Instrumenting class 'net.bytebuddy.dynamic.DynamicType$Default'.
2024-11-12 13:41:22,239 INFO  MethodCallReplacementClassAdapter - Adding mock interface to class net/bytebuddy/dynamic/DynamicType$Default
2024-11-12 13:41:22,242 INFO  CreateClassResetClassAdapter - Found static initializer in class net/bytebuddy/dynamic/DynamicType$Default
2024-11-12 13:41:22,243 INFO  EvoClassLoader - Keeping class: net.bytebuddy.dynamic.DynamicType$Default
2024-11-12 13:41:22,243 INFO  EvoClassLoader - Seeing class for first time: net.bytebuddy.dynamic.DynamicType$Default$Dispatcher$ForJava7CapableVm
2024-11-12 13:41:22,243 INFO  EvoClassLoader - Instrumenting class 'net.bytebuddy.dynamic.DynamicType$Default$Dispatcher$ForJava7CapableVm'.
2024-11-12 13:41:22,243 INFO  MethodCallReplacementClassAdapter - Adding mock interface to class net/bytebuddy/dynamic/DynamicType$Default$Dispatcher$ForJava7CapableVm
2024-11-12 13:41:22,243 INFO  CreateClassResetClassAdapter - Creating brand-new static initializer in class net/bytebuddy/dynamic/DynamicType$Default$Dispatcher$ForJava7CapableVm
2024-11-12 13:41:22,244 INFO  EvoClassLoader - Keeping class: net.bytebuddy.dynamic.DynamicType$Default$Dispatcher$ForJava7CapableVm
2024-11-12 13:41:22,244 INFO  EvoClassLoader - Seeing class for first time: net.bytebuddy.dynamic.DynamicType$Default$Dispatcher$ForLegacyVm
2024-11-12 13:41:22,244 INFO  EvoClassLoader - Instrumenting class 'net.bytebuddy.dynamic.DynamicType$Default$Dispatcher$ForLegacyVm'.
2024-11-12 13:41:22,244 INFO  MethodCallReplacementClassAdapter - Adding mock interface to class net/bytebuddy/dynamic/DynamicType$Default$Dispatcher$ForLegacyVm
2024-11-12 13:41:22,245 INFO  CreateClassResetClassAdapter - Found static initializer in class net/bytebuddy/dynamic/DynamicType$Default$Dispatcher$ForLegacyVm
2024-11-12 13:41:22,245 INFO  EvoClassLoader - Keeping class: net.bytebuddy.dynamic.DynamicType$Default$Dispatcher$ForLegacyVm
2024-11-12 13:41:22,247 INFO  EvoClassLoader - Seeing class for first time: net.bytebuddy.dynamic.DynamicType$Default$Unloaded
2024-11-12 13:41:22,247 INFO  EvoClassLoader - Instrumenting class 'net.bytebuddy.dynamic.DynamicType$Default$Unloaded'.
2024-11-12 13:41:22,247 INFO  MethodCallReplacementClassAdapter - Adding mock interface to class net/bytebuddy/dynamic/DynamicType$Default$Unloaded
2024-11-12 13:41:22,247 INFO  CreateClassResetClassAdapter - Creating brand-new static initializer in class net/bytebuddy/dynamic/DynamicType$Default$Unloaded
2024-11-12 13:41:22,248 INFO  EvoClassLoader - Keeping class: net.bytebuddy.dynamic.DynamicType$Default$Unloaded
2024-11-12 13:41:22,248 INFO  EvoClassLoader - Seeing class for first time: net.bytebuddy.dynamic.DynamicType$Default$Loaded
2024-11-12 13:41:22,248 INFO  EvoClassLoader - Instrumenting class 'net.bytebuddy.dynamic.DynamicType$Default$Loaded'.
2024-11-12 13:41:22,248 INFO  MethodCallReplacementClassAdapter - Adding mock interface to class net/bytebuddy/dynamic/DynamicType$Default$Loaded
2024-11-12 13:41:22,248 INFO  CreateClassResetClassAdapter - Creating brand-new static initializer in class net/bytebuddy/dynamic/DynamicType$Default$Loaded
2024-11-12 13:41:22,248 INFO  EvoClassLoader - Seeing class for first time: net.bytebuddy.dynamic.DynamicType$Loaded
2024-11-12 13:41:22,248 INFO  EvoClassLoader - Instrumenting class 'net.bytebuddy.dynamic.DynamicType$Loaded'.
2024-11-12 13:41:22,249 INFO  EvoClassLoader - Keeping class: net.bytebuddy.dynamic.DynamicType$Loaded
2024-11-12 13:41:22,249 INFO  EvoClassLoader - Keeping class: net.bytebuddy.dynamic.DynamicType$Default$Loaded
2024-11-12 13:41:22,249 INFO  EvoClassLoader - Seeing class for first time: net.bytebuddy.dynamic.loading.ClassLoadingStrategy$Default$WrappingDispatcher
2024-11-12 13:41:22,249 INFO  EvoClassLoader - Instrumenting class 'net.bytebuddy.dynamic.loading.ClassLoadingStrategy$Default$WrappingDispatcher'.
2024-11-12 13:41:22,249 INFO  MethodCallReplacementClassAdapter - Adding mock interface to class net/bytebuddy/dynamic/loading/ClassLoadingStrategy$Default$WrappingDispatcher
2024-11-12 13:41:22,250 INFO  CreateClassResetClassAdapter - Creating brand-new static initializer in class net/bytebuddy/dynamic/loading/ClassLoadingStrategy$Default$WrappingDispatcher
2024-11-12 13:41:22,250 INFO  CreateClassResetClassAdapter - Adding bytecode for initializing field CHILD_FIRST
2024-11-12 13:41:22,250 INFO  CreateClassResetClassAdapter - Adding bytecode for initializing field PARENT_FIRST
2024-11-12 13:41:22,250 INFO  EvoClassLoader - Seeing class for first time: net.bytebuddy.dynamic.loading.ClassLoadingStrategy$Configurable
2024-11-12 13:41:22,250 INFO  EvoClassLoader - Instrumenting class 'net.bytebuddy.dynamic.loading.ClassLoadingStrategy$Configurable'.
2024-11-12 13:41:22,251 INFO  EvoClassLoader - Keeping class: net.bytebuddy.dynamic.loading.ClassLoadingStrategy$Configurable
2024-11-12 13:41:22,251 INFO  EvoClassLoader - Keeping class: net.bytebuddy.dynamic.loading.ClassLoadingStrategy$Default$WrappingDispatcher
2024-11-12 13:41:22,251 INFO  EvoClassLoader - Seeing class for first time: net.bytebuddy.dynamic.loading.ClassLoadingStrategy$Default
2024-11-12 13:41:22,251 INFO  EvoClassLoader - Instrumenting class 'net.bytebuddy.dynamic.loading.ClassLoadingStrategy$Default'.
2024-11-12 13:41:22,251 INFO  MethodCallReplacementClassAdapter - Adding mock interface to class net/bytebuddy/dynamic/loading/ClassLoadingStrategy$Default
2024-11-12 13:41:22,251 INFO  CreateClassResetClassAdapter - Found static initializer in class net/bytebuddy/dynamic/loading/ClassLoadingStrategy$Default
2024-11-12 13:41:22,252 INFO  EvoClassLoader - Keeping class: net.bytebuddy.dynamic.loading.ClassLoadingStrategy$Default
2024-11-12 13:41:22,252 INFO  EvoClassLoader - Seeing class for first time: net.bytebuddy.dynamic.loading.ByteArrayClassLoader$PersistenceHandler
2024-11-12 13:41:22,252 INFO  EvoClassLoader - Instrumenting class 'net.bytebuddy.dynamic.loading.ByteArrayClassLoader$PersistenceHandler'.
2024-11-12 13:41:22,252 INFO  MethodCallReplacementClassAdapter - Adding mock interface to class net/bytebuddy/dynamic/loading/ByteArrayClassLoader$PersistenceHandler
2024-11-12 13:41:22,252 INFO  CreateClassResetClassAdapter - Found static initializer in class net/bytebuddy/dynamic/loading/ByteArrayClassLoader$PersistenceHandler
2024-11-12 13:41:22,252 INFO  EvoClassLoader - Keeping class: net.bytebuddy.dynamic.loading.ByteArrayClassLoader$PersistenceHandler
2024-11-12 13:41:22,252 INFO  EvoClassLoader - Seeing class for first time: net.bytebuddy.dynamic.loading.ByteArrayClassLoader
2024-11-12 13:41:22,252 INFO  EvoClassLoader - Instrumenting class 'net.bytebuddy.dynamic.loading.ByteArrayClassLoader'.
2024-11-12 13:41:22,253 INFO  MethodCallReplacementClassAdapter - Adding mock interface to class net/bytebuddy/dynamic/loading/ByteArrayClassLoader
2024-11-12 13:41:22,255 INFO  CreateClassResetClassAdapter - Found static initializer in class net/bytebuddy/dynamic/loading/ByteArrayClassLoader
2024-11-12 13:41:22,256 INFO  EvoClassLoader - Keeping class: net.bytebuddy.dynamic.loading.ByteArrayClassLoader
2024-11-12 13:41:22,256 INFO  EvoClassLoader - Seeing class for first time: net.bytebuddy.dynamic.loading.ByteArrayClassLoader$SingletonEnumeration
2024-11-12 13:41:22,256 INFO  EvoClassLoader - Instrumenting class 'net.bytebuddy.dynamic.loading.ByteArrayClassLoader$SingletonEnumeration'.
2024-11-12 13:41:22,256 INFO  MethodCallReplacementClassAdapter - Adding mock interface to class net/bytebuddy/dynamic/loading/ByteArrayClassLoader$SingletonEnumeration
2024-11-12 13:41:22,257 INFO  CreateClassResetClassAdapter - Creating brand-new static initializer in class net/bytebuddy/dynamic/loading/ByteArrayClassLoader$SingletonEnumeration
2024-11-12 13:41:22,257 INFO  EvoClassLoader - Keeping class: net.bytebuddy.dynamic.loading.ByteArrayClassLoader$SingletonEnumeration
2024-11-12 13:41:22,257 INFO  EvoClassLoader - Seeing class for first time: net.bytebuddy.dynamic.loading.ByteArrayClassLoader$EmptyEnumeration
2024-11-12 13:41:22,257 INFO  EvoClassLoader - Instrumenting class 'net.bytebuddy.dynamic.loading.ByteArrayClassLoader$EmptyEnumeration'.
2024-11-12 13:41:22,257 INFO  MethodCallReplacementClassAdapter - Adding mock interface to class net/bytebuddy/dynamic/loading/ByteArrayClassLoader$EmptyEnumeration
2024-11-12 13:41:22,257 INFO  CreateClassResetClassAdapter - Found static initializer in class net/bytebuddy/dynamic/loading/ByteArrayClassLoader$EmptyEnumeration
2024-11-12 13:41:22,257 INFO  EvoClassLoader - Keeping class: net.bytebuddy.dynamic.loading.ByteArrayClassLoader$EmptyEnumeration
2024-11-12 13:41:22,257 INFO  EvoClassLoader - Seeing class for first time: net.bytebuddy.dynamic.loading.ByteArrayClassLoader$ChildFirst
2024-11-12 13:41:22,257 INFO  EvoClassLoader - Instrumenting class 'net.bytebuddy.dynamic.loading.ByteArrayClassLoader$ChildFirst'.
2024-11-12 13:41:22,257 INFO  MethodCallReplacementClassAdapter - Adding mock interface to class net/bytebuddy/dynamic/loading/ByteArrayClassLoader$ChildFirst
2024-11-12 13:41:22,259 INFO  CreateClassResetClassAdapter - Creating brand-new static initializer in class net/bytebuddy/dynamic/loading/ByteArrayClassLoader$ChildFirst
2024-11-12 13:41:22,259 INFO  CreateClassResetClassAdapter - Adding bytecode for initializing field CLASS_FILE_SUFFIX
2024-11-12 13:41:22,259 INFO  EvoClassLoader - Keeping class: net.bytebuddy.dynamic.loading.ByteArrayClassLoader$ChildFirst
2024-11-12 13:41:22,259 INFO  EvoClassLoader - Seeing class for first time: net.bytebuddy.dynamic.loading.ByteArrayClassLoader$PersistenceHandler$1
2024-11-12 13:41:22,259 INFO  EvoClassLoader - Instrumenting class 'net.bytebuddy.dynamic.loading.ByteArrayClassLoader$PersistenceHandler$1'.
2024-11-12 13:41:22,260 INFO  MethodCallReplacementClassAdapter - Adding mock interface to class net/bytebuddy/dynamic/loading/ByteArrayClassLoader$PersistenceHandler$1
2024-11-12 13:41:22,260 INFO  EvoClassLoader - Keeping class: net.bytebuddy.dynamic.loading.ByteArrayClassLoader$PersistenceHandler$1
2024-11-12 13:41:22,260 INFO  EvoClassLoader - Seeing class for first time: net.bytebuddy.dynamic.loading.ByteArrayClassLoader$PersistenceHandler$2
2024-11-12 13:41:22,260 INFO  EvoClassLoader - Instrumenting class 'net.bytebuddy.dynamic.loading.ByteArrayClassLoader$PersistenceHandler$2'.
2024-11-12 13:41:22,260 INFO  MethodCallReplacementClassAdapter - Adding mock interface to class net/bytebuddy/dynamic/loading/ByteArrayClassLoader$PersistenceHandler$2
2024-11-12 13:41:22,261 INFO  EvoClassLoader - Keeping class: net.bytebuddy.dynamic.loading.ByteArrayClassLoader$PersistenceHandler$2
2024-11-12 13:41:22,261 INFO  EvoClassLoader - Seeing class for first time: net.bytebuddy.dynamic.loading.PackageDefinitionStrategy$Trivial
2024-11-12 13:41:22,261 INFO  EvoClassLoader - Instrumenting class 'net.bytebuddy.dynamic.loading.PackageDefinitionStrategy$Trivial'.
2024-11-12 13:41:22,261 INFO  MethodCallReplacementClassAdapter - Adding mock interface to class net/bytebuddy/dynamic/loading/PackageDefinitionStrategy$Trivial
2024-11-12 13:41:22,261 INFO  CreateClassResetClassAdapter - Found static initializer in class net/bytebuddy/dynamic/loading/PackageDefinitionStrategy$Trivial
2024-11-12 13:41:22,262 INFO  EvoClassLoader - Keeping class: net.bytebuddy.dynamic.loading.PackageDefinitionStrategy$Trivial
2024-11-12 13:41:22,262 INFO  EvoClassLoader - Seeing class for first time: net.bytebuddy.dynamic.loading.PackageDefinitionStrategy$ManifestReading
2024-11-12 13:41:22,262 INFO  EvoClassLoader - Instrumenting class 'net.bytebuddy.dynamic.loading.PackageDefinitionStrategy$ManifestReading'.
2024-11-12 13:41:22,262 INFO  MethodCallReplacementClassAdapter - Adding mock interface to class net/bytebuddy/dynamic/loading/PackageDefinitionStrategy$ManifestReading
2024-11-12 13:41:22,263 INFO  CreateClassResetClassAdapter - Found static initializer in class net/bytebuddy/dynamic/loading/PackageDefinitionStrategy$ManifestReading
2024-11-12 13:41:22,263 INFO  EvoClassLoader - Keeping class: net.bytebuddy.dynamic.loading.PackageDefinitionStrategy$ManifestReading
2024-11-12 13:41:22,264 INFO  EvoClassLoader - Seeing class for first time: net.bytebuddy.dynamic.loading.PackageDefinitionStrategy$Definition
2024-11-12 13:41:22,264 INFO  EvoClassLoader - Instrumenting class 'net.bytebuddy.dynamic.loading.PackageDefinitionStrategy$Definition'.
2024-11-12 13:41:22,264 INFO  EvoClassLoader - Keeping class: net.bytebuddy.dynamic.loading.PackageDefinitionStrategy$Definition
2024-11-12 13:41:22,264 INFO  EvoClassLoader - Seeing class for first time: net.bytebuddy.dynamic.loading.ClassLoadingStrategy$Default$InjectionDispatcher
2024-11-12 13:41:22,264 INFO  EvoClassLoader - Instrumenting class 'net.bytebuddy.dynamic.loading.ClassLoadingStrategy$Default$InjectionDispatcher'.
2024-11-12 13:41:22,265 INFO  MethodCallReplacementClassAdapter - Adding mock interface to class net/bytebuddy/dynamic/loading/ClassLoadingStrategy$Default$InjectionDispatcher
2024-11-12 13:41:22,265 INFO  CreateClassResetClassAdapter - Creating brand-new static initializer in class net/bytebuddy/dynamic/loading/ClassLoadingStrategy$Default$InjectionDispatcher
2024-11-12 13:41:22,265 INFO  EvoClassLoader - Keeping class: net.bytebuddy.dynamic.loading.ClassLoadingStrategy$Default$InjectionDispatcher
2024-11-12 13:41:22,265 INFO  EvoClassLoader - Seeing class for first time: net.bytebuddy.dynamic.loading.PackageDefinitionStrategy$NoOp
2024-11-12 13:41:22,265 INFO  EvoClassLoader - Instrumenting class 'net.bytebuddy.dynamic.loading.PackageDefinitionStrategy$NoOp'.
2024-11-12 13:41:22,265 INFO  MethodCallReplacementClassAdapter - Adding mock interface to class net/bytebuddy/dynamic/loading/PackageDefinitionStrategy$NoOp
2024-11-12 13:41:22,265 INFO  CreateClassResetClassAdapter - Found static initializer in class net/bytebuddy/dynamic/loading/PackageDefinitionStrategy$NoOp
2024-11-12 13:41:22,265 INFO  EvoClassLoader - Keeping class: net.bytebuddy.dynamic.loading.PackageDefinitionStrategy$NoOp
2024-11-12 13:41:22,266 INFO  EvoClassLoader - Seeing class for first time: net.bytebuddy.dynamic.loading.ClassLoadingStrategy$ForUnsafeInjection
2024-11-12 13:41:22,266 INFO  EvoClassLoader - Instrumenting class 'net.bytebuddy.dynamic.loading.ClassLoadingStrategy$ForUnsafeInjection'.
2024-11-12 13:41:22,266 INFO  MethodCallReplacementClassAdapter - Adding mock interface to class net/bytebuddy/dynamic/loading/ClassLoadingStrategy$ForUnsafeInjection
2024-11-12 13:41:22,266 INFO  CreateClassResetClassAdapter - Creating brand-new static initializer in class net/bytebuddy/dynamic/loading/ClassLoadingStrategy$ForUnsafeInjection
2024-11-12 13:41:22,266 INFO  EvoClassLoader - Keeping class: net.bytebuddy.dynamic.loading.ClassLoadingStrategy$ForUnsafeInjection
2024-11-12 13:41:22,266 INFO  EvoClassLoader - Seeing class for first time: net.bytebuddy.dynamic.loading.ClassLoadingStrategy$ForBootstrapInjection
2024-11-12 13:41:22,266 INFO  EvoClassLoader - Instrumenting class 'net.bytebuddy.dynamic.loading.ClassLoadingStrategy$ForBootstrapInjection'.
2024-11-12 13:41:22,266 INFO  MethodCallReplacementClassAdapter - Adding mock interface to class net/bytebuddy/dynamic/loading/ClassLoadingStrategy$ForBootstrapInjection
2024-11-12 13:41:22,267 INFO  CreateClassResetClassAdapter - Creating brand-new static initializer in class net/bytebuddy/dynamic/loading/ClassLoadingStrategy$ForBootstrapInjection
2024-11-12 13:41:22,267 INFO  EvoClassLoader - Keeping class: net.bytebuddy.dynamic.loading.ClassLoadingStrategy$ForBootstrapInjection
2024-11-12 13:41:22,267 INFO  EvoClassLoader - Seeing class for first time: net.bytebuddy.dynamic.loading.ClassLoadingStrategy$UsingLookup
2024-11-12 13:41:22,267 INFO  EvoClassLoader - Instrumenting class 'net.bytebuddy.dynamic.loading.ClassLoadingStrategy$UsingLookup'.
2024-11-12 13:41:22,267 INFO  MethodCallReplacementClassAdapter - Adding mock interface to class net/bytebuddy/dynamic/loading/ClassLoadingStrategy$UsingLookup
2024-11-12 13:41:22,267 INFO  CreateClassResetClassAdapter - Creating brand-new static initializer in class net/bytebuddy/dynamic/loading/ClassLoadingStrategy$UsingLookup
2024-11-12 13:41:22,267 INFO  EvoClassLoader - Keeping class: net.bytebuddy.dynamic.loading.ClassLoadingStrategy$UsingLookup
2024-11-12 13:41:22,268 INFO  EvoClassLoader - Seeing class for first time: net.bytebuddy.dynamic.loading.PackageDefinitionStrategy$Definition$Undefined
2024-11-12 13:41:22,268 INFO  EvoClassLoader - Instrumenting class 'net.bytebuddy.dynamic.loading.PackageDefinitionStrategy$Definition$Undefined'.
2024-11-12 13:41:22,268 INFO  MethodCallReplacementClassAdapter - Adding mock interface to class net/bytebuddy/dynamic/loading/PackageDefinitionStrategy$Definition$Undefined
2024-11-12 13:41:22,269 INFO  CreateClassResetClassAdapter - Found static initializer in class net/bytebuddy/dynamic/loading/PackageDefinitionStrategy$Definition$Undefined
2024-11-12 13:41:22,269 INFO  EvoClassLoader - Keeping class: net.bytebuddy.dynamic.loading.PackageDefinitionStrategy$Definition$Undefined
2024-11-12 13:41:22,269 INFO  EvoClassLoader - Seeing class for first time: net.bytebuddy.dynamic.loading.PackageDefinitionStrategy$Definition$Simple
2024-11-12 13:41:22,269 INFO  EvoClassLoader - Instrumenting class 'net.bytebuddy.dynamic.loading.PackageDefinitionStrategy$Definition$Simple'.
2024-11-12 13:41:22,270 INFO  MethodCallReplacementClassAdapter - Adding mock interface to class net/bytebuddy/dynamic/loading/PackageDefinitionStrategy$Definition$Simple
2024-11-12 13:41:22,270 INFO  CreateClassResetClassAdapter - Creating brand-new static initializer in class net/bytebuddy/dynamic/loading/PackageDefinitionStrategy$Definition$Simple
2024-11-12 13:41:22,270 INFO  EvoClassLoader - Keeping class: net.bytebuddy.dynamic.loading.PackageDefinitionStrategy$Definition$Simple
2024-11-12 13:41:22,270 INFO  EvoClassLoader - Seeing class for first time: net.bytebuddy.dynamic.loading.PackageDefinitionStrategy$Definition$Trivial
2024-11-12 13:41:22,270 INFO  EvoClassLoader - Instrumenting class 'net.bytebuddy.dynamic.loading.PackageDefinitionStrategy$Definition$Trivial'.
2024-11-12 13:41:22,270 INFO  MethodCallReplacementClassAdapter - Adding mock interface to class net/bytebuddy/dynamic/loading/PackageDefinitionStrategy$Definition$Trivial
2024-11-12 13:41:22,270 INFO  CreateClassResetClassAdapter - Found static initializer in class net/bytebuddy/dynamic/loading/PackageDefinitionStrategy$Definition$Trivial
2024-11-12 13:41:22,271 INFO  EvoClassLoader - Keeping class: net.bytebuddy.dynamic.loading.PackageDefinitionStrategy$Definition$Trivial
2024-11-12 13:41:22,271 INFO  EvoClassLoader - Seeing class for first time: org.objenesis.strategy.PlatformDescription
2024-11-12 13:41:22,271 INFO  EvoClassLoader - Instrumenting class 'org.objenesis.strategy.PlatformDescription'.
2024-11-12 13:41:22,272 INFO  MethodCallReplacementClassAdapter - Adding mock interface to class org/objenesis/strategy/PlatformDescription
2024-11-12 13:41:22,273 INFO  CreateClassResetClassAdapter - Found static initializer in class org/objenesis/strategy/PlatformDescription
2024-11-12 13:41:22,273 INFO  EvoClassLoader - Keeping class: org.objenesis.strategy.PlatformDescription
2024-11-12 13:41:22,273 INFO  EvoClassLoader - Seeing class for first time: org.objenesis.ObjenesisException
2024-11-12 13:41:22,273 INFO  EvoClassLoader - Instrumenting class 'org.objenesis.ObjenesisException'.
2024-11-12 13:41:22,274 INFO  MethodCallReplacementClassAdapter - Adding mock interface to class org/objenesis/ObjenesisException
2024-11-12 13:41:22,274 INFO  CreateClassResetClassAdapter - Creating brand-new static initializer in class org/objenesis/ObjenesisException
2024-11-12 13:41:22,274 INFO  EvoClassLoader - Keeping class: org.objenesis.ObjenesisException
2024-11-12 13:41:22,274 INFO  EvoClassLoader - Seeing class for first time: org.objenesis.instantiator.sun.SunReflectionFactoryInstantiator
2024-11-12 13:41:22,274 INFO  EvoClassLoader - Instrumenting class 'org.objenesis.instantiator.sun.SunReflectionFactoryInstantiator'.
2024-11-12 13:41:22,274 INFO  MethodCallReplacementClassAdapter - Adding mock interface to class org/objenesis/instantiator/sun/SunReflectionFactoryInstantiator
2024-11-12 13:41:22,274 INFO  CreateClassResetClassAdapter - Creating brand-new static initializer in class org/objenesis/instantiator/sun/SunReflectionFactoryInstantiator
2024-11-12 13:41:22,274 INFO  EvoClassLoader - Defined package (3): package org.objenesis.instantiator.sun, 183797404
2024-11-12 13:41:22,275 INFO  EvoClassLoader - Keeping class: org.objenesis.instantiator.sun.SunReflectionFactoryInstantiator
2024-11-12 13:41:22,275 INFO  EvoClassLoader - Seeing class for first time: org.objenesis.instantiator.sun.SunReflectionFactoryHelper
2024-11-12 13:41:22,275 INFO  EvoClassLoader - Instrumenting class 'org.objenesis.instantiator.sun.SunReflectionFactoryHelper'.
2024-11-12 13:41:22,275 INFO  MethodCallReplacementClassAdapter - Adding mock interface to class org/objenesis/instantiator/sun/SunReflectionFactoryHelper
2024-11-12 13:41:22,275 INFO  CreateClassResetClassAdapter - Creating brand-new static initializer in class org/objenesis/instantiator/sun/SunReflectionFactoryHelper
2024-11-12 13:41:22,275 INFO  EvoClassLoader - Keeping class: org.objenesis.instantiator.sun.SunReflectionFactoryHelper
2024-11-12 13:41:22,275 INFO  EvoClassLoader - Seeing class for first time: org.mockito.invocation.Location
2024-11-12 13:41:22,275 INFO  EvoClassLoader - Instrumenting class 'org.mockito.invocation.Location'.
2024-11-12 13:41:22,276 INFO  EvoClassLoader - Keeping class: org.mockito.invocation.Location
2024-11-12 13:41:22,276 INFO  EvoClassLoader - Seeing class for first time: org.mockito.internal.creation.bytebuddy.ByteBuddyCrossClassLoaderSerializationSupport
2024-11-12 13:41:22,276 INFO  EvoClassLoader - Instrumenting class 'org.mockito.internal.creation.bytebuddy.ByteBuddyCrossClassLoaderSerializationSupport'.
2024-11-12 13:41:22,276 INFO  MethodCallReplacementClassAdapter - Adding mock interface to class org/mockito/internal/creation/bytebuddy/ByteBuddyCrossClassLoaderSerializationSupport
2024-11-12 13:41:22,276 INFO  CreateClassResetClassAdapter - Creating brand-new static initializer in class org/mockito/internal/creation/bytebuddy/ByteBuddyCrossClassLoaderSerializationSupport
2024-11-12 13:41:22,276 INFO  CreateClassResetClassAdapter - Adding bytecode for initializing field MOCKITO_PROXY_MARKER
2024-11-12 13:41:22,276 INFO  EvoClassLoader - Keeping class: org.mockito.internal.creation.bytebuddy.ByteBuddyCrossClassLoaderSerializationSupport
2024-11-12 13:41:22,276 INFO  EvoClassLoader - Seeing class for first time: org.mockito.exceptions.base.MockitoSerializationIssue
2024-11-12 13:41:22,276 INFO  EvoClassLoader - Instrumenting class 'org.mockito.exceptions.base.MockitoSerializationIssue'.
2024-11-12 13:41:22,277 INFO  MethodCallReplacementClassAdapter - Adding mock interface to class org/mockito/exceptions/base/MockitoSerializationIssue
2024-11-12 13:41:22,277 INFO  CreateClassResetClassAdapter - Creating brand-new static initializer in class org/mockito/exceptions/base/MockitoSerializationIssue
2024-11-12 13:41:22,277 INFO  EvoClassLoader - Keeping class: org.mockito.exceptions.base.MockitoSerializationIssue
2024-11-12 13:41:22,277 INFO  EvoClassLoader - Seeing class for first time: org.apache.hadoop.fs.ChecksumException
2024-11-12 13:41:22,277 INFO  EvoClassLoader - Instrumenting class 'org.apache.hadoop.fs.ChecksumException'.
2024-11-12 13:41:22,277 INFO  MethodCallReplacementClassAdapter - Adding mock interface to class org/apache/hadoop/fs/ChecksumException
2024-11-12 13:41:22,277 INFO  CreateClassResetClassAdapter - Creating brand-new static initializer in class org/apache/hadoop/fs/ChecksumException
2024-11-12 13:41:22,277 INFO  EvoClassLoader - Keeping class: org.apache.hadoop.fs.ChecksumException
2024-11-12 13:41:22,278 INFO  EvoClassLoader - Seeing class for first time: org.apache.hadoop.fs.ChecksumFileSystem$FsOperation
2024-11-12 13:41:22,278 INFO  EvoClassLoader - Instrumenting class 'org.apache.hadoop.fs.ChecksumFileSystem$FsOperation'.
2024-11-12 13:41:22,278 INFO  MethodCallReplacementClassAdapter - Adding mock interface to class org/apache/hadoop/fs/ChecksumFileSystem$FsOperation
2024-11-12 13:41:22,278 INFO  CreateClassResetClassAdapter - Creating brand-new static initializer in class org/apache/hadoop/fs/ChecksumFileSystem$FsOperation
2024-11-12 13:41:22,278 INFO  EvoClassLoader - Keeping class: org.apache.hadoop.fs.ChecksumFileSystem$FsOperation
2024-11-12 13:41:22,278 INFO  EvoClassLoader - Seeing class for first time: org.apache.hadoop.fs.statistics.IOStatistics
2024-11-12 13:41:22,278 INFO  EvoClassLoader - Instrumenting class 'org.apache.hadoop.fs.statistics.IOStatistics'.
2024-11-12 13:41:22,278 INFO  EvoClassLoader - Keeping class: org.apache.hadoop.fs.statistics.IOStatistics
2024-11-12 13:41:22,278 INFO  EvoClassLoader - Seeing class for first time: org.apache.hadoop.fs.impl.CombinedFileRange
2024-11-12 13:41:22,278 INFO  EvoClassLoader - Instrumenting class 'org.apache.hadoop.fs.impl.CombinedFileRange'.
2024-11-12 13:41:22,279 INFO  MethodCallReplacementClassAdapter - Adding mock interface to class org/apache/hadoop/fs/impl/CombinedFileRange
2024-11-12 13:41:22,279 INFO  CreateClassResetClassAdapter - Creating brand-new static initializer in class org/apache/hadoop/fs/impl/CombinedFileRange
2024-11-12 13:41:22,279 INFO  EvoClassLoader - Seeing class for first time: org.apache.hadoop.fs.impl.FileRangeImpl
2024-11-12 13:41:22,279 INFO  EvoClassLoader - Instrumenting class 'org.apache.hadoop.fs.impl.FileRangeImpl'.
2024-11-12 13:41:22,279 INFO  MethodCallReplacementClassAdapter - Adding mock interface to class org/apache/hadoop/fs/impl/FileRangeImpl
2024-11-12 13:41:22,279 INFO  CreateClassResetClassAdapter - Creating brand-new static initializer in class org/apache/hadoop/fs/impl/FileRangeImpl
2024-11-12 13:41:22,279 INFO  EvoClassLoader - Seeing class for first time: org.apache.hadoop.fs.FileRange
2024-11-12 13:41:22,279 INFO  EvoClassLoader - Instrumenting class 'org.apache.hadoop.fs.FileRange'.
2024-11-12 13:41:22,279 INFO  EvoClassLoader - Keeping class: org.apache.hadoop.fs.FileRange
2024-11-12 13:41:22,280 INFO  EvoClassLoader - Keeping class: org.apache.hadoop.fs.impl.FileRangeImpl
2024-11-12 13:41:22,280 INFO  EvoClassLoader - Keeping class: org.apache.hadoop.fs.impl.CombinedFileRange
2024-11-12 13:41:22,280 INFO  EvoClassLoader - Seeing class for first time: org.apache.hadoop.util.Shell$OSType
2024-11-12 13:41:22,280 INFO  EvoClassLoader - Instrumenting class 'org.apache.hadoop.util.Shell$OSType'.
2024-11-12 13:41:22,280 INFO  MethodCallReplacementClassAdapter - Adding mock interface to class org/apache/hadoop/util/Shell$OSType
2024-11-12 13:41:22,280 INFO  CreateClassResetClassAdapter - Found static initializer in class org/apache/hadoop/util/Shell$OSType
2024-11-12 13:41:22,280 INFO  EvoClassLoader - Keeping class: org.apache.hadoop.util.Shell$OSType
2024-11-12 13:41:22,280 INFO  EvoClassLoader - Seeing class for first time: org.apache.hadoop.util.Shell
2024-11-12 13:41:22,280 INFO  EvoClassLoader - Instrumenting class 'org.apache.hadoop.util.Shell'.
2024-11-12 13:41:22,281 INFO  MethodCallReplacementClassAdapter - Adding mock interface to class org/apache/hadoop/util/Shell
2024-11-12 13:41:22,285 INFO  CreateClassResetClassAdapter - Found static initializer in class org/apache/hadoop/util/Shell
2024-11-12 13:41:22,287 INFO  EvoClassLoader - Keeping class: org.apache.hadoop.util.Shell
2024-11-12 13:41:22,287 INFO  EvoClassLoader - Seeing class for first time: org.apache.hadoop.util.Shell$ShellTimeoutTimerTask
2024-11-12 13:41:22,287 INFO  EvoClassLoader - Instrumenting class 'org.apache.hadoop.util.Shell$ShellTimeoutTimerTask'.
2024-11-12 13:41:22,287 INFO  MethodCallReplacementClassAdapter - Adding mock interface to class org/apache/hadoop/util/Shell$ShellTimeoutTimerTask
2024-11-12 13:41:22,287 INFO  CreateClassResetClassAdapter - Creating brand-new static initializer in class org/apache/hadoop/util/Shell$ShellTimeoutTimerTask
2024-11-12 13:41:22,287 INFO  EvoClassLoader - Keeping class: org.apache.hadoop.util.Shell$ShellTimeoutTimerTask
2024-11-12 13:41:22,287 INFO  EvoClassLoader - Seeing class for first time: org.apache.hadoop.util.Shell$ShellCommandExecutor
2024-11-12 13:41:22,287 INFO  EvoClassLoader - Instrumenting class 'org.apache.hadoop.util.Shell$ShellCommandExecutor'.
2024-11-12 13:41:22,288 INFO  MethodCallReplacementClassAdapter - Adding mock interface to class org/apache/hadoop/util/Shell$ShellCommandExecutor
2024-11-12 13:41:22,288 INFO  CreateClassResetClassAdapter - Creating brand-new static initializer in class org/apache/hadoop/util/Shell$ShellCommandExecutor
2024-11-12 13:41:22,289 INFO  EvoClassLoader - Seeing class for first time: org.apache.hadoop.util.Shell$CommandExecutor
2024-11-12 13:41:22,289 INFO  EvoClassLoader - Instrumenting class 'org.apache.hadoop.util.Shell$CommandExecutor'.
2024-11-12 13:41:22,289 INFO  EvoClassLoader - Keeping class: org.apache.hadoop.util.Shell$CommandExecutor
2024-11-12 13:41:22,289 INFO  EvoClassLoader - Keeping class: org.apache.hadoop.util.Shell$ShellCommandExecutor
2024-11-12 13:41:22,289 INFO  EvoClassLoader - Seeing class for first time: org.apache.hadoop.util.Shell$ExitCodeException
2024-11-12 13:41:22,289 INFO  EvoClassLoader - Instrumenting class 'org.apache.hadoop.util.Shell$ExitCodeException'.
2024-11-12 13:41:22,289 INFO  MethodCallReplacementClassAdapter - Adding mock interface to class org/apache/hadoop/util/Shell$ExitCodeException
2024-11-12 13:41:22,289 INFO  CreateClassResetClassAdapter - Creating brand-new static initializer in class org/apache/hadoop/util/Shell$ExitCodeException
2024-11-12 13:41:22,289 INFO  EvoClassLoader - Keeping class: org.apache.hadoop.util.Shell$ExitCodeException
2024-11-12 13:41:22,290 INFO  EvoClassLoader - Seeing class for first time: org.apache.hadoop.util.Shell$1
2024-11-12 13:41:22,290 INFO  EvoClassLoader - Instrumenting class 'org.apache.hadoop.util.Shell$1'.
2024-11-12 13:41:22,290 INFO  MethodCallReplacementClassAdapter - Adding mock interface to class org/apache/hadoop/util/Shell$1
2024-11-12 13:41:22,291 INFO  EvoClassLoader - Keeping class: org.apache.hadoop.util.Shell$1
2024-11-12 13:41:22,292 INFO  EvoClassLoader - Seeing class for first time: org.apache.hadoop.util.Time
2024-11-12 13:41:22,292 INFO  EvoClassLoader - Instrumenting class 'org.apache.hadoop.util.Time'.
2024-11-12 13:41:22,292 INFO  MethodCallReplacementClassAdapter - Adding mock interface to class org/apache/hadoop/util/Time
2024-11-12 13:41:22,293 INFO  CreateClassResetClassAdapter - Found static initializer in class org/apache/hadoop/util/Time
2024-11-12 13:41:22,293 INFO  EvoClassLoader - Keeping class: org.apache.hadoop.util.Time
2024-11-12 13:41:22,293 INFO  EvoClassLoader - Seeing class for first time: org.apache.hadoop.util.Time$1
2024-11-12 13:41:22,293 INFO  EvoClassLoader - Instrumenting class 'org.apache.hadoop.util.Time$1'.
2024-11-12 13:41:22,293 INFO  MethodCallReplacementClassAdapter - Adding mock interface to class org/apache/hadoop/util/Time$1
2024-11-12 13:41:22,294 INFO  EvoClassLoader - Keeping class: org.apache.hadoop.util.Time$1
2024-11-12 13:41:22,296 INFO  EvoClassLoader - Seeing class for first time: org.apache.hadoop.util.StringUtils
2024-11-12 13:41:22,296 INFO  EvoClassLoader - Instrumenting class 'org.apache.hadoop.util.StringUtils'.
2024-11-12 13:41:22,297 INFO  MethodCallReplacementClassAdapter - Adding mock interface to class org/apache/hadoop/util/StringUtils
2024-11-12 13:41:22,300 INFO  CreateClassResetClassAdapter - Found static initializer in class org/apache/hadoop/util/StringUtils
2024-11-12 13:41:22,301 INFO  EvoClassLoader - Keeping class: org.apache.hadoop.util.StringUtils
2024-11-12 13:41:22,301 INFO  EvoClassLoader - Seeing class for first time: org.apache.commons.lang3.time.FastDateFormat
2024-11-12 13:41:22,301 INFO  EvoClassLoader - Instrumenting class 'org.apache.commons.lang3.time.FastDateFormat'.
2024-11-12 13:41:22,301 INFO  MethodCallReplacementClassAdapter - Adding mock interface to class org/apache/commons/lang3/time/FastDateFormat
2024-11-12 13:41:22,302 INFO  CreateClassResetClassAdapter - Found static initializer in class org/apache/commons/lang3/time/FastDateFormat
2024-11-12 13:41:22,302 INFO  EvoClassLoader - Defined package (3): package org.apache.commons.lang3.time, -377128206
2024-11-12 13:41:22,302 INFO  EvoClassLoader - Seeing class for first time: org.apache.commons.lang3.time.DateParser
2024-11-12 13:41:22,302 INFO  EvoClassLoader - Instrumenting class 'org.apache.commons.lang3.time.DateParser'.
2024-11-12 13:41:22,302 INFO  EvoClassLoader - Keeping class: org.apache.commons.lang3.time.DateParser
2024-11-12 13:41:22,302 INFO  EvoClassLoader - Seeing class for first time: org.apache.commons.lang3.time.DatePrinter
2024-11-12 13:41:22,302 INFO  EvoClassLoader - Instrumenting class 'org.apache.commons.lang3.time.DatePrinter'.
2024-11-12 13:41:22,302 INFO  EvoClassLoader - Keeping class: org.apache.commons.lang3.time.DatePrinter
2024-11-12 13:41:22,302 INFO  EvoClassLoader - Keeping class: org.apache.commons.lang3.time.FastDateFormat
2024-11-12 13:41:22,302 INFO  EvoClassLoader - Seeing class for first time: org.apache.hadoop.util.LogAdapter
2024-11-12 13:41:22,302 INFO  EvoClassLoader - Instrumenting class 'org.apache.hadoop.util.LogAdapter'.
2024-11-12 13:41:22,303 INFO  MethodCallReplacementClassAdapter - Adding mock interface to class org/apache/hadoop/util/LogAdapter
2024-11-12 13:41:22,303 INFO  CreateClassResetClassAdapter - Creating brand-new static initializer in class org/apache/hadoop/util/LogAdapter
2024-11-12 13:41:22,303 INFO  EvoClassLoader - Keeping class: org.apache.hadoop.util.LogAdapter
2024-11-12 13:41:22,303 INFO  EvoClassLoader - Seeing class for first time: org.apache.hadoop.security.SecurityUtil$StandardHostResolver
2024-11-12 13:41:22,303 INFO  EvoClassLoader - Instrumenting class 'org.apache.hadoop.security.SecurityUtil$StandardHostResolver'.
2024-11-12 13:41:22,303 INFO  MethodCallReplacementClassAdapter - Adding mock interface to class org/apache/hadoop/security/SecurityUtil$StandardHostResolver
2024-11-12 13:41:22,303 INFO  CreateClassResetClassAdapter - Creating brand-new static initializer in class org/apache/hadoop/security/SecurityUtil$StandardHostResolver
2024-11-12 13:41:22,303 INFO  EvoClassLoader - Seeing class for first time: org.apache.hadoop.security.SecurityUtil$HostResolver
2024-11-12 13:41:22,303 INFO  EvoClassLoader - Instrumenting class 'org.apache.hadoop.security.SecurityUtil$HostResolver'.
2024-11-12 13:41:22,304 INFO  EvoClassLoader - Keeping class: org.apache.hadoop.security.SecurityUtil$HostResolver
2024-11-12 13:41:22,304 INFO  EvoClassLoader - Keeping class: org.apache.hadoop.security.SecurityUtil$StandardHostResolver
2024-11-12 13:41:22,304 INFO  EvoClassLoader - Seeing class for first time: org.apache.hadoop.security.SecurityUtil
2024-11-12 13:41:22,304 INFO  EvoClassLoader - Instrumenting class 'org.apache.hadoop.security.SecurityUtil'.
2024-11-12 13:41:22,304 INFO  MethodCallReplacementClassAdapter - Adding mock interface to class org/apache/hadoop/security/SecurityUtil
2024-11-12 13:41:22,307 INFO  CreateClassResetClassAdapter - Found static initializer in class org/apache/hadoop/security/SecurityUtil
2024-11-12 13:41:22,308 INFO  EvoClassLoader - Keeping class: org.apache.hadoop.security.SecurityUtil
2024-11-12 13:41:22,308 INFO  EvoClassLoader - Seeing class for first time: org.apache.hadoop.security.SecurityUtil$QualifiedHostResolver
2024-11-12 13:41:22,308 INFO  EvoClassLoader - Instrumenting class 'org.apache.hadoop.security.SecurityUtil$QualifiedHostResolver'.
2024-11-12 13:41:22,308 INFO  MethodCallReplacementClassAdapter - Adding mock interface to class org/apache/hadoop/security/SecurityUtil$QualifiedHostResolver
2024-11-12 13:41:22,308 INFO  CreateClassResetClassAdapter - Creating brand-new static initializer in class org/apache/hadoop/security/SecurityUtil$QualifiedHostResolver
2024-11-12 13:41:22,309 INFO  EvoClassLoader - Keeping class: org.apache.hadoop.security.SecurityUtil$QualifiedHostResolver
2024-11-12 13:41:22,309 INFO  EvoClassLoader - Seeing class for first time: org.apache.hadoop.net.DomainNameResolverFactory
2024-11-12 13:41:22,309 INFO  EvoClassLoader - Instrumenting class 'org.apache.hadoop.net.DomainNameResolverFactory'.
2024-11-12 13:41:22,309 INFO  MethodCallReplacementClassAdapter - Adding mock interface to class org/apache/hadoop/net/DomainNameResolverFactory
2024-11-12 13:41:22,309 INFO  CreateClassResetClassAdapter - Creating brand-new static initializer in class org/apache/hadoop/net/DomainNameResolverFactory
2024-11-12 13:41:22,309 INFO  EvoClassLoader - Keeping class: org.apache.hadoop.net.DomainNameResolverFactory
2024-11-12 13:41:22,310 INFO  EvoClassLoader - Seeing class for first time: org.apache.hadoop.net.DomainNameResolver
2024-11-12 13:41:22,310 INFO  EvoClassLoader - Instrumenting class 'org.apache.hadoop.net.DomainNameResolver'.
2024-11-12 13:41:22,310 INFO  EvoClassLoader - Keeping class: org.apache.hadoop.net.DomainNameResolver
2024-11-12 13:41:22,310 INFO  EvoClassLoader - Seeing class for first time: org.apache.hadoop.net.DNSDomainNameResolver
2024-11-12 13:41:22,310 INFO  EvoClassLoader - Instrumenting class 'org.apache.hadoop.net.DNSDomainNameResolver'.
2024-11-12 13:41:22,310 INFO  MethodCallReplacementClassAdapter - Adding mock interface to class org/apache/hadoop/net/DNSDomainNameResolver
2024-11-12 13:41:22,310 INFO  CreateClassResetClassAdapter - Found static initializer in class org/apache/hadoop/net/DNSDomainNameResolver
2024-11-12 13:41:22,310 INFO  EvoClassLoader - Keeping class: org.apache.hadoop.net.DNSDomainNameResolver
2024-11-12 13:41:22,311 INFO  EvoClassLoader - Seeing class for first time: org.apache.hadoop.util.ZKUtil$BadAuthFormatException
2024-11-12 13:41:22,311 INFO  EvoClassLoader - Instrumenting class 'org.apache.hadoop.util.ZKUtil$BadAuthFormatException'.
2024-11-12 13:41:22,311 INFO  MethodCallReplacementClassAdapter - Adding mock interface to class org/apache/hadoop/util/ZKUtil$BadAuthFormatException
2024-11-12 13:41:22,311 INFO  CreateClassResetClassAdapter - Creating brand-new static initializer in class org/apache/hadoop/util/ZKUtil$BadAuthFormatException
2024-11-12 13:41:22,311 INFO  EvoClassLoader - Keeping class: org.apache.hadoop.util.ZKUtil$BadAuthFormatException
2024-11-12 13:41:22,311 INFO  EvoClassLoader - Seeing class for first time: org.apache.hadoop.security.token.TokenInfo
2024-11-12 13:41:22,311 INFO  EvoClassLoader - Instrumenting class 'org.apache.hadoop.security.token.TokenInfo'.
2024-11-12 13:41:22,311 INFO  EvoClassLoader - Keeping class: org.apache.hadoop.security.token.TokenInfo
2024-11-12 13:41:22,312 INFO  EvoClassLoader - Seeing class for first time: org.apache.hadoop.security.SecurityInfo
2024-11-12 13:41:22,312 INFO  EvoClassLoader - Instrumenting class 'org.apache.hadoop.security.SecurityInfo'.
2024-11-12 13:41:22,312 INFO  MethodCallReplacementClassAdapter - Adding mock interface to class org/apache/hadoop/security/SecurityInfo
2024-11-12 13:41:22,312 INFO  CreateClassResetClassAdapter - Creating brand-new static initializer in class org/apache/hadoop/security/SecurityInfo
2024-11-12 13:41:22,312 INFO  EvoClassLoader - Keeping class: org.apache.hadoop.security.SecurityInfo
2024-11-12 13:41:22,312 INFO  EvoClassLoader - Seeing class for first time: org.apache.hadoop.security.KerberosInfo
2024-11-12 13:41:22,312 INFO  EvoClassLoader - Instrumenting class 'org.apache.hadoop.security.KerberosInfo'.
2024-11-12 13:41:22,312 INFO  EvoClassLoader - Keeping class: org.apache.hadoop.security.KerberosInfo
2024-11-12 13:41:22,332 INFO  EvoClassLoader - Seeing class for first time: org.apache.hadoop.mapred.JobConf
2024-11-12 13:41:22,332 INFO  EvoClassLoader - Instrumenting class 'org.apache.hadoop.mapred.JobConf'.
2024-11-12 13:41:22,333 INFO  EvoClassLoader - Error while loading class: java.lang.ClassNotFoundException: Class 'org/apache/hadoop/mapred/JobConf.class' should be in target project, but could not be found!
2024-11-12 13:41:22,345 INFO  EvoClassLoader - Seeing class for first time: org.apache.hadoop.security.SaslRpcServer
2024-11-12 13:41:22,345 INFO  EvoClassLoader - Instrumenting class 'org.apache.hadoop.security.SaslRpcServer'.
2024-11-12 13:41:22,346 INFO  MethodCallReplacementClassAdapter - Adding mock interface to class org/apache/hadoop/security/SaslRpcServer
2024-11-12 13:41:22,346 INFO  CreateClassResetClassAdapter - Found static initializer in class org/apache/hadoop/security/SaslRpcServer
2024-11-12 13:41:22,347 INFO  EvoClassLoader - Keeping class: org.apache.hadoop.security.SaslRpcServer
2024-11-12 13:41:22,347 INFO  EvoClassLoader - Seeing class for first time: org.apache.hadoop.security.SaslRpcServer$SaslGssCallbackHandler
2024-11-12 13:41:22,347 INFO  EvoClassLoader - Instrumenting class 'org.apache.hadoop.security.SaslRpcServer$SaslGssCallbackHandler'.
2024-11-12 13:41:22,347 INFO  MethodCallReplacementClassAdapter - Adding mock interface to class org/apache/hadoop/security/SaslRpcServer$SaslGssCallbackHandler
2024-11-12 13:41:22,347 INFO  CreateClassResetClassAdapter - Creating brand-new static initializer in class org/apache/hadoop/security/SaslRpcServer$SaslGssCallbackHandler
2024-11-12 13:41:22,347 INFO  EvoClassLoader - Keeping class: org.apache.hadoop.security.SaslRpcServer$SaslGssCallbackHandler
2024-11-12 13:41:22,347 INFO  EvoClassLoader - Seeing class for first time: org.apache.hadoop.security.SaslRpcServer$SaslDigestCallbackHandler
2024-11-12 13:41:22,347 INFO  EvoClassLoader - Instrumenting class 'org.apache.hadoop.security.SaslRpcServer$SaslDigestCallbackHandler'.
2024-11-12 13:41:22,347 INFO  MethodCallReplacementClassAdapter - Adding mock interface to class org/apache/hadoop/security/SaslRpcServer$SaslDigestCallbackHandler
2024-11-12 13:41:22,348 INFO  CreateClassResetClassAdapter - Creating brand-new static initializer in class org/apache/hadoop/security/SaslRpcServer$SaslDigestCallbackHandler
2024-11-12 13:41:22,348 INFO  EvoClassLoader - Keeping class: org.apache.hadoop.security.SaslRpcServer$SaslDigestCallbackHandler
2024-11-12 13:41:22,348 INFO  EvoClassLoader - Seeing class for first time: org.apache.hadoop.security.authentication.util.KerberosName
2024-11-12 13:41:22,348 INFO  EvoClassLoader - Instrumenting class 'org.apache.hadoop.security.authentication.util.KerberosName'.
2024-11-12 13:41:22,349 INFO  MethodCallReplacementClassAdapter - Adding mock interface to class org/apache/hadoop/security/authentication/util/KerberosName
2024-11-12 13:41:22,349 INFO  CreateClassResetClassAdapter - Found static initializer in class org/apache/hadoop/security/authentication/util/KerberosName
2024-11-12 13:41:22,349 INFO  EvoClassLoader - Defined package (3): package org.apache.hadoop.security.authentication.util, 2083362781
2024-11-12 13:41:22,350 INFO  EvoClassLoader - Keeping class: org.apache.hadoop.security.authentication.util.KerberosName
2024-11-12 13:41:22,350 INFO  EvoClassLoader - Seeing class for first time: org.apache.hadoop.security.authentication.util.KerberosName$NoMatchingRule
2024-11-12 13:41:22,350 INFO  EvoClassLoader - Instrumenting class 'org.apache.hadoop.security.authentication.util.KerberosName$NoMatchingRule'.
2024-11-12 13:41:22,350 INFO  MethodCallReplacementClassAdapter - Adding mock interface to class org/apache/hadoop/security/authentication/util/KerberosName$NoMatchingRule
2024-11-12 13:41:22,350 INFO  CreateClassResetClassAdapter - Creating brand-new static initializer in class org/apache/hadoop/security/authentication/util/KerberosName$NoMatchingRule
2024-11-12 13:41:22,350 INFO  EvoClassLoader - Keeping class: org.apache.hadoop.security.authentication.util.KerberosName$NoMatchingRule
2024-11-12 13:41:22,350 INFO  EvoClassLoader - Seeing class for first time: org.apache.hadoop.security.HadoopKerberosName
2024-11-12 13:41:22,350 INFO  EvoClassLoader - Instrumenting class 'org.apache.hadoop.security.HadoopKerberosName'.
2024-11-12 13:41:22,351 INFO  MethodCallReplacementClassAdapter - Adding mock interface to class org/apache/hadoop/security/HadoopKerberosName
2024-11-12 13:41:22,351 INFO  CreateClassResetClassAdapter - Found static initializer in class org/apache/hadoop/security/HadoopKerberosName
2024-11-12 13:41:22,351 INFO  EvoClassLoader - Keeping class: org.apache.hadoop.security.HadoopKerberosName
2024-11-12 13:41:22,351 INFO  EvoClassLoader - Seeing class for first time: org.apache.hadoop.security.HadoopKerberosName$1
2024-11-12 13:41:22,351 INFO  EvoClassLoader - Instrumenting class 'org.apache.hadoop.security.HadoopKerberosName$1'.
2024-11-12 13:41:22,351 INFO  MethodCallReplacementClassAdapter - Adding mock interface to class org/apache/hadoop/security/HadoopKerberosName$1
2024-11-12 13:41:22,352 INFO  EvoClassLoader - Keeping class: org.apache.hadoop.security.HadoopKerberosName$1
2024-11-12 13:41:22,352 INFO  EvoClassLoader - Seeing class for first time: org.apache.hadoop.security.authentication.util.KerberosName$Rule
2024-11-12 13:41:22,352 INFO  EvoClassLoader - Instrumenting class 'org.apache.hadoop.security.authentication.util.KerberosName$Rule'.
2024-11-12 13:41:22,352 INFO  MethodCallReplacementClassAdapter - Adding mock interface to class org/apache/hadoop/security/authentication/util/KerberosName$Rule
2024-11-12 13:41:22,352 INFO  CreateClassResetClassAdapter - Creating brand-new static initializer in class org/apache/hadoop/security/authentication/util/KerberosName$Rule
2024-11-12 13:41:22,352 INFO  EvoClassLoader - Keeping class: org.apache.hadoop.security.authentication.util.KerberosName$Rule
2024-11-12 13:41:22,352 INFO  EvoClassLoader - Seeing class for first time: org.apache.hadoop.security.authentication.util.KerberosName$BadFormatString
2024-11-12 13:41:22,352 INFO  EvoClassLoader - Instrumenting class 'org.apache.hadoop.security.authentication.util.KerberosName$BadFormatString'.
2024-11-12 13:41:22,352 INFO  MethodCallReplacementClassAdapter - Adding mock interface to class org/apache/hadoop/security/authentication/util/KerberosName$BadFormatString
2024-11-12 13:41:22,352 INFO  CreateClassResetClassAdapter - Creating brand-new static initializer in class org/apache/hadoop/security/authentication/util/KerberosName$BadFormatString
2024-11-12 13:41:22,352 INFO  EvoClassLoader - Keeping class: org.apache.hadoop.security.authentication.util.KerberosName$BadFormatString
2024-11-12 13:41:22,353 INFO  EvoClassLoader - Seeing class for first time: org.apache.hadoop.thirdparty.com.google.common.base.Ticker
2024-11-12 13:41:22,353 INFO  EvoClassLoader - Instrumenting class 'org.apache.hadoop.thirdparty.com.google.common.base.Ticker'.
2024-11-12 13:41:22,353 INFO  MethodCallReplacementClassAdapter - Adding mock interface to class org/apache/hadoop/thirdparty/com/google/common/base/Ticker
2024-11-12 13:41:22,353 INFO  CreateClassResetClassAdapter - Found static initializer in class org/apache/hadoop/thirdparty/com/google/common/base/Ticker
2024-11-12 13:41:22,353 INFO  EvoClassLoader - Keeping class: org.apache.hadoop.thirdparty.com.google.common.base.Ticker
2024-11-12 13:41:22,353 INFO  EvoClassLoader - Seeing class for first time: org.apache.hadoop.security.Groups$TimerToTickerAdapter
2024-11-12 13:41:22,353 INFO  EvoClassLoader - Instrumenting class 'org.apache.hadoop.security.Groups$TimerToTickerAdapter'.
2024-11-12 13:41:22,353 INFO  MethodCallReplacementClassAdapter - Adding mock interface to class org/apache/hadoop/security/Groups$TimerToTickerAdapter
2024-11-12 13:41:22,353 INFO  CreateClassResetClassAdapter - Creating brand-new static initializer in class org/apache/hadoop/security/Groups$TimerToTickerAdapter
2024-11-12 13:41:22,353 INFO  EvoClassLoader - Keeping class: org.apache.hadoop.security.Groups$TimerToTickerAdapter
2024-11-12 13:41:22,353 INFO  EvoClassLoader - Seeing class for first time: org.apache.hadoop.thirdparty.com.google.common.cache.CacheLoader
2024-11-12 13:41:22,353 INFO  EvoClassLoader - Instrumenting class 'org.apache.hadoop.thirdparty.com.google.common.cache.CacheLoader'.
2024-11-12 13:41:22,354 INFO  MethodCallReplacementClassAdapter - Adding mock interface to class org/apache/hadoop/thirdparty/com/google/common/cache/CacheLoader
2024-11-12 13:41:22,354 INFO  CreateClassResetClassAdapter - Creating brand-new static initializer in class org/apache/hadoop/thirdparty/com/google/common/cache/CacheLoader
2024-11-12 13:41:22,354 INFO  EvoClassLoader - Defined package (3): package org.apache.hadoop.thirdparty.com.google.common.cache, 946697195
2024-11-12 13:41:22,354 INFO  EvoClassLoader - Keeping class: org.apache.hadoop.thirdparty.com.google.common.cache.CacheLoader
2024-11-12 13:41:22,354 INFO  EvoClassLoader - Seeing class for first time: org.apache.hadoop.security.Groups$GroupCacheLoader
2024-11-12 13:41:22,354 INFO  EvoClassLoader - Instrumenting class 'org.apache.hadoop.security.Groups$GroupCacheLoader'.
2024-11-12 13:41:22,354 INFO  MethodCallReplacementClassAdapter - Adding mock interface to class org/apache/hadoop/security/Groups$GroupCacheLoader
2024-11-12 13:41:22,354 INFO  CreateClassResetClassAdapter - Creating brand-new static initializer in class org/apache/hadoop/security/Groups$GroupCacheLoader
2024-11-12 13:41:22,354 INFO  EvoClassLoader - Keeping class: org.apache.hadoop.security.Groups$GroupCacheLoader
2024-11-12 13:41:22,355 INFO  EvoClassLoader - Seeing class for first time: org.apache.hadoop.util.Timer
2024-11-12 13:41:22,355 INFO  EvoClassLoader - Instrumenting class 'org.apache.hadoop.util.Timer'.
2024-11-12 13:41:22,355 INFO  MethodCallReplacementClassAdapter - Adding mock interface to class org/apache/hadoop/util/Timer
2024-11-12 13:41:22,355 INFO  CreateClassResetClassAdapter - Creating brand-new static initializer in class org/apache/hadoop/util/Timer
2024-11-12 13:41:22,356 INFO  EvoClassLoader - Keeping class: org.apache.hadoop.util.Timer
2024-11-12 13:41:22,356 INFO  EvoClassLoader - Seeing class for first time: org.apache.hadoop.security.GroupMappingServiceProvider
2024-11-12 13:41:22,356 INFO  EvoClassLoader - Instrumenting class 'org.apache.hadoop.security.GroupMappingServiceProvider'.
2024-11-12 13:41:22,356 INFO  EvoClassLoader - Keeping class: org.apache.hadoop.security.GroupMappingServiceProvider
2024-11-12 13:41:22,356 INFO  EvoClassLoader - Seeing class for first time: org.apache.hadoop.security.JniBasedUnixGroupsMappingWithFallback
2024-11-12 13:41:22,356 INFO  EvoClassLoader - Instrumenting class 'org.apache.hadoop.security.JniBasedUnixGroupsMappingWithFallback'.
2024-11-12 13:41:22,356 INFO  MethodCallReplacementClassAdapter - Adding mock interface to class org/apache/hadoop/security/JniBasedUnixGroupsMappingWithFallback
2024-11-12 13:41:22,357 INFO  CreateClassResetClassAdapter - Found static initializer in class org/apache/hadoop/security/JniBasedUnixGroupsMappingWithFallback
2024-11-12 13:41:22,357 INFO  EvoClassLoader - Keeping class: org.apache.hadoop.security.JniBasedUnixGroupsMappingWithFallback
2024-11-12 13:41:22,357 INFO  EvoClassLoader - Seeing class for first time: org.apache.hadoop.util.NativeCodeLoader
2024-11-12 13:41:22,357 INFO  EvoClassLoader - Instrumenting class 'org.apache.hadoop.util.NativeCodeLoader'.
2024-11-12 13:41:22,357 INFO  MethodCallReplacementClassAdapter - Adding mock interface to class org/apache/hadoop/util/NativeCodeLoader
2024-11-12 13:41:22,357 INFO  CreateClassResetClassAdapter - Found static initializer in class org/apache/hadoop/util/NativeCodeLoader
2024-11-12 13:41:22,357 INFO  EvoClassLoader - Keeping class: org.apache.hadoop.util.NativeCodeLoader
2024-11-12 13:41:22,358 INFO  EvoClassLoader - Seeing class for first time: org.apache.hadoop.util.PerformanceAdvisory
2024-11-12 13:41:22,358 INFO  EvoClassLoader - Instrumenting class 'org.apache.hadoop.util.PerformanceAdvisory'.
2024-11-12 13:41:22,359 INFO  MethodCallReplacementClassAdapter - Adding mock interface to class org/apache/hadoop/util/PerformanceAdvisory
2024-11-12 13:41:22,359 INFO  CreateClassResetClassAdapter - Found static initializer in class org/apache/hadoop/util/PerformanceAdvisory
2024-11-12 13:41:22,359 INFO  EvoClassLoader - Keeping class: org.apache.hadoop.util.PerformanceAdvisory
2024-11-12 13:41:22,359 INFO  EvoClassLoader - Seeing class for first time: org.apache.hadoop.security.ShellBasedUnixGroupsMapping
2024-11-12 13:41:22,359 INFO  EvoClassLoader - Instrumenting class 'org.apache.hadoop.security.ShellBasedUnixGroupsMapping'.
2024-11-12 13:41:22,359 INFO  MethodCallReplacementClassAdapter - Adding mock interface to class org/apache/hadoop/security/ShellBasedUnixGroupsMapping
2024-11-12 13:41:22,360 INFO  CreateClassResetClassAdapter - Found static initializer in class org/apache/hadoop/security/ShellBasedUnixGroupsMapping
2024-11-12 13:41:22,360 INFO  EvoClassLoader - Keeping class: org.apache.hadoop.security.ShellBasedUnixGroupsMapping
2024-11-12 13:41:22,360 INFO  EvoClassLoader - Seeing class for first time: org.apache.hadoop.security.ShellBasedUnixGroupsMapping$PartialGroupNameException
2024-11-12 13:41:22,360 INFO  EvoClassLoader - Instrumenting class 'org.apache.hadoop.security.ShellBasedUnixGroupsMapping$PartialGroupNameException'.
2024-11-12 13:41:22,360 INFO  MethodCallReplacementClassAdapter - Adding mock interface to class org/apache/hadoop/security/ShellBasedUnixGroupsMapping$PartialGroupNameException
2024-11-12 13:41:22,360 INFO  CreateClassResetClassAdapter - Creating brand-new static initializer in class org/apache/hadoop/security/ShellBasedUnixGroupsMapping$PartialGroupNameException
2024-11-12 13:41:22,360 INFO  EvoClassLoader - Keeping class: org.apache.hadoop.security.ShellBasedUnixGroupsMapping$PartialGroupNameException
2024-11-12 13:41:22,360 INFO  EvoClassLoader - Seeing class for first time: org.apache.hadoop.thirdparty.com.google.common.cache.CacheBuilder$1
2024-11-12 13:41:22,360 INFO  EvoClassLoader - Instrumenting class 'org.apache.hadoop.thirdparty.com.google.common.cache.CacheBuilder$1'.
2024-11-12 13:41:22,361 INFO  MethodCallReplacementClassAdapter - Adding mock interface to class org/apache/hadoop/thirdparty/com/google/common/cache/CacheBuilder$1
2024-11-12 13:41:22,361 INFO  EvoClassLoader - Seeing class for first time: org.apache.hadoop.thirdparty.com.google.common.cache.AbstractCache$StatsCounter
2024-11-12 13:41:22,361 INFO  EvoClassLoader - Instrumenting class 'org.apache.hadoop.thirdparty.com.google.common.cache.AbstractCache$StatsCounter'.
2024-11-12 13:41:22,361 INFO  EvoClassLoader - Keeping class: org.apache.hadoop.thirdparty.com.google.common.cache.AbstractCache$StatsCounter
2024-11-12 13:41:22,361 INFO  EvoClassLoader - Keeping class: org.apache.hadoop.thirdparty.com.google.common.cache.CacheBuilder$1
2024-11-12 13:41:22,361 INFO  EvoClassLoader - Seeing class for first time: org.apache.hadoop.thirdparty.com.google.common.cache.CacheBuilder
2024-11-12 13:41:22,361 INFO  EvoClassLoader - Instrumenting class 'org.apache.hadoop.thirdparty.com.google.common.cache.CacheBuilder'.
2024-11-12 13:41:22,361 INFO  MethodCallReplacementClassAdapter - Adding mock interface to class org/apache/hadoop/thirdparty/com/google/common/cache/CacheBuilder
2024-11-12 13:41:22,362 INFO  CreateClassResetClassAdapter - Found static initializer in class org/apache/hadoop/thirdparty/com/google/common/cache/CacheBuilder
2024-11-12 13:41:22,362 INFO  EvoClassLoader - Keeping class: org.apache.hadoop.thirdparty.com.google.common.cache.CacheBuilder
2024-11-12 13:41:22,362 INFO  EvoClassLoader - Seeing class for first time: org.apache.hadoop.thirdparty.com.google.common.base.Suppliers
2024-11-12 13:41:22,362 INFO  EvoClassLoader - Instrumenting class 'org.apache.hadoop.thirdparty.com.google.common.base.Suppliers'.
2024-11-12 13:41:22,363 INFO  MethodCallReplacementClassAdapter - Adding mock interface to class org/apache/hadoop/thirdparty/com/google/common/base/Suppliers
2024-11-12 13:41:22,363 INFO  CreateClassResetClassAdapter - Creating brand-new static initializer in class org/apache/hadoop/thirdparty/com/google/common/base/Suppliers
2024-11-12 13:41:22,363 INFO  EvoClassLoader - Keeping class: org.apache.hadoop.thirdparty.com.google.common.base.Suppliers
2024-11-12 13:41:22,363 INFO  EvoClassLoader - Seeing class for first time: org.apache.hadoop.thirdparty.com.google.common.base.Suppliers$SupplierOfInstance
2024-11-12 13:41:22,363 INFO  EvoClassLoader - Instrumenting class 'org.apache.hadoop.thirdparty.com.google.common.base.Suppliers$SupplierOfInstance'.
2024-11-12 13:41:22,364 INFO  MethodCallReplacementClassAdapter - Adding mock interface to class org/apache/hadoop/thirdparty/com/google/common/base/Suppliers$SupplierOfInstance
2024-11-12 13:41:22,364 INFO  CreateClassResetClassAdapter - Creating brand-new static initializer in class org/apache/hadoop/thirdparty/com/google/common/base/Suppliers$SupplierOfInstance
2024-11-12 13:41:22,364 INFO  EvoClassLoader - Keeping class: org.apache.hadoop.thirdparty.com.google.common.base.Suppliers$SupplierOfInstance
2024-11-12 13:41:22,364 INFO  EvoClassLoader - Seeing class for first time: org.apache.hadoop.thirdparty.com.google.common.base.Suppliers$SupplierFunctionImpl
2024-11-12 13:41:22,364 INFO  EvoClassLoader - Instrumenting class 'org.apache.hadoop.thirdparty.com.google.common.base.Suppliers$SupplierFunctionImpl'.
2024-11-12 13:41:22,364 INFO  MethodCallReplacementClassAdapter - Adding mock interface to class org/apache/hadoop/thirdparty/com/google/common/base/Suppliers$SupplierFunctionImpl
2024-11-12 13:41:22,364 INFO  CreateClassResetClassAdapter - Found static initializer in class org/apache/hadoop/thirdparty/com/google/common/base/Suppliers$SupplierFunctionImpl
2024-11-12 13:41:22,364 INFO  EvoClassLoader - Seeing class for first time: org.apache.hadoop.thirdparty.com.google.common.base.Suppliers$SupplierFunction
2024-11-12 13:41:22,364 INFO  EvoClassLoader - Instrumenting class 'org.apache.hadoop.thirdparty.com.google.common.base.Suppliers$SupplierFunction'.
2024-11-12 13:41:22,365 INFO  EvoClassLoader - Keeping class: org.apache.hadoop.thirdparty.com.google.common.base.Suppliers$SupplierFunction
2024-11-12 13:41:22,365 INFO  EvoClassLoader - Keeping class: org.apache.hadoop.thirdparty.com.google.common.base.Suppliers$SupplierFunctionImpl
2024-11-12 13:41:22,365 INFO  EvoClassLoader - Seeing class for first time: org.apache.hadoop.thirdparty.com.google.common.base.Suppliers$ThreadSafeSupplier
2024-11-12 13:41:22,365 INFO  EvoClassLoader - Instrumenting class 'org.apache.hadoop.thirdparty.com.google.common.base.Suppliers$ThreadSafeSupplier'.
2024-11-12 13:41:22,365 INFO  MethodCallReplacementClassAdapter - Adding mock interface to class org/apache/hadoop/thirdparty/com/google/common/base/Suppliers$ThreadSafeSupplier
2024-11-12 13:41:22,365 INFO  CreateClassResetClassAdapter - Creating brand-new static initializer in class org/apache/hadoop/thirdparty/com/google/common/base/Suppliers$ThreadSafeSupplier
2024-11-12 13:41:22,365 INFO  EvoClassLoader - Keeping class: org.apache.hadoop.thirdparty.com.google.common.base.Suppliers$ThreadSafeSupplier
2024-11-12 13:41:22,365 INFO  EvoClassLoader - Seeing class for first time: org.apache.hadoop.thirdparty.com.google.common.cache.CacheStats
2024-11-12 13:41:22,365 INFO  EvoClassLoader - Instrumenting class 'org.apache.hadoop.thirdparty.com.google.common.cache.CacheStats'.
2024-11-12 13:41:22,365 INFO  MethodCallReplacementClassAdapter - Adding mock interface to class org/apache/hadoop/thirdparty/com/google/common/cache/CacheStats
2024-11-12 13:41:22,366 INFO  CreateClassResetClassAdapter - Creating brand-new static initializer in class org/apache/hadoop/thirdparty/com/google/common/cache/CacheStats
2024-11-12 13:41:22,366 INFO  EvoClassLoader - Keeping class: org.apache.hadoop.thirdparty.com.google.common.cache.CacheStats
2024-11-12 13:41:22,366 INFO  EvoClassLoader - Seeing class for first time: org.apache.hadoop.thirdparty.com.google.common.cache.CacheBuilder$2
2024-11-12 13:41:22,366 INFO  EvoClassLoader - Instrumenting class 'org.apache.hadoop.thirdparty.com.google.common.cache.CacheBuilder$2'.
2024-11-12 13:41:22,366 INFO  MethodCallReplacementClassAdapter - Adding mock interface to class org/apache/hadoop/thirdparty/com/google/common/cache/CacheBuilder$2
2024-11-12 13:41:22,367 INFO  EvoClassLoader - Keeping class: org.apache.hadoop.thirdparty.com.google.common.cache.CacheBuilder$2
2024-11-12 13:41:22,367 INFO  EvoClassLoader - Seeing class for first time: org.apache.hadoop.thirdparty.com.google.common.base.Ticker$1
2024-11-12 13:41:22,367 INFO  EvoClassLoader - Instrumenting class 'org.apache.hadoop.thirdparty.com.google.common.base.Ticker$1'.
2024-11-12 13:41:22,367 INFO  MethodCallReplacementClassAdapter - Adding mock interface to class org/apache/hadoop/thirdparty/com/google/common/base/Ticker$1
2024-11-12 13:41:22,367 INFO  EvoClassLoader - Keeping class: org.apache.hadoop.thirdparty.com.google.common.base.Ticker$1
2024-11-12 13:41:22,367 INFO  EvoClassLoader - Seeing class for first time: org.apache.hadoop.thirdparty.com.google.common.cache.CacheBuilder$3
2024-11-12 13:41:22,367 INFO  EvoClassLoader - Instrumenting class 'org.apache.hadoop.thirdparty.com.google.common.cache.CacheBuilder$3'.
2024-11-12 13:41:22,367 INFO  MethodCallReplacementClassAdapter - Adding mock interface to class org/apache/hadoop/thirdparty/com/google/common/cache/CacheBuilder$3
2024-11-12 13:41:22,368 INFO  EvoClassLoader - Keeping class: org.apache.hadoop.thirdparty.com.google.common.cache.CacheBuilder$3
2024-11-12 13:41:22,368 INFO  EvoClassLoader - Seeing class for first time: org.apache.hadoop.thirdparty.com.google.common.cache.LoadingCache
2024-11-12 13:41:22,368 INFO  EvoClassLoader - Instrumenting class 'org.apache.hadoop.thirdparty.com.google.common.cache.LoadingCache'.
2024-11-12 13:41:22,368 INFO  EvoClassLoader - Seeing class for first time: org.apache.hadoop.thirdparty.com.google.common.cache.Cache
2024-11-12 13:41:22,368 INFO  EvoClassLoader - Instrumenting class 'org.apache.hadoop.thirdparty.com.google.common.cache.Cache'.
2024-11-12 13:41:22,369 INFO  EvoClassLoader - Keeping class: org.apache.hadoop.thirdparty.com.google.common.cache.Cache
2024-11-12 13:41:22,369 INFO  EvoClassLoader - Keeping class: org.apache.hadoop.thirdparty.com.google.common.cache.LoadingCache
2024-11-12 13:41:22,369 INFO  EvoClassLoader - Seeing class for first time: org.apache.hadoop.thirdparty.com.google.common.cache.CacheBuilderSpec
2024-11-12 13:41:22,370 INFO  EvoClassLoader - Instrumenting class 'org.apache.hadoop.thirdparty.com.google.common.cache.CacheBuilderSpec'.
2024-11-12 13:41:22,370 INFO  MethodCallReplacementClassAdapter - Adding mock interface to class org/apache/hadoop/thirdparty/com/google/common/cache/CacheBuilderSpec
2024-11-12 13:41:22,370 INFO  CreateClassResetClassAdapter - Found static initializer in class org/apache/hadoop/thirdparty/com/google/common/cache/CacheBuilderSpec
2024-11-12 13:41:22,370 INFO  EvoClassLoader - Keeping class: org.apache.hadoop.thirdparty.com.google.common.cache.CacheBuilderSpec
2024-11-12 13:41:22,370 INFO  EvoClassLoader - Seeing class for first time: org.apache.hadoop.thirdparty.com.google.common.cache.LocalCache$Strength
2024-11-12 13:41:22,370 INFO  EvoClassLoader - Instrumenting class 'org.apache.hadoop.thirdparty.com.google.common.cache.LocalCache$Strength'.
2024-11-12 13:41:22,371 INFO  MethodCallReplacementClassAdapter - Adding mock interface to class org/apache/hadoop/thirdparty/com/google/common/cache/LocalCache$Strength
2024-11-12 13:41:22,371 INFO  CreateClassResetClassAdapter - Found static initializer in class org/apache/hadoop/thirdparty/com/google/common/cache/LocalCache$Strength
2024-11-12 13:41:22,371 INFO  EvoClassLoader - Keeping class: org.apache.hadoop.thirdparty.com.google.common.cache.LocalCache$Strength
2024-11-12 13:41:22,371 INFO  EvoClassLoader - Seeing class for first time: org.apache.hadoop.thirdparty.com.google.common.cache.Weigher
2024-11-12 13:41:22,371 INFO  EvoClassLoader - Instrumenting class 'org.apache.hadoop.thirdparty.com.google.common.cache.Weigher'.
2024-11-12 13:41:22,371 INFO  EvoClassLoader - Keeping class: org.apache.hadoop.thirdparty.com.google.common.cache.Weigher
2024-11-12 13:41:22,371 INFO  EvoClassLoader - Seeing class for first time: org.apache.hadoop.thirdparty.com.google.common.cache.RemovalListener
2024-11-12 13:41:22,371 INFO  EvoClassLoader - Instrumenting class 'org.apache.hadoop.thirdparty.com.google.common.cache.RemovalListener'.
2024-11-12 13:41:22,371 INFO  EvoClassLoader - Keeping class: org.apache.hadoop.thirdparty.com.google.common.cache.RemovalListener
2024-11-12 13:41:22,372 INFO  EvoClassLoader - Seeing class for first time: org.apache.hadoop.thirdparty.com.google.common.cache.CacheLoader$FunctionToCacheLoader
2024-11-12 13:41:22,372 INFO  EvoClassLoader - Instrumenting class 'org.apache.hadoop.thirdparty.com.google.common.cache.CacheLoader$FunctionToCacheLoader'.
2024-11-12 13:41:22,372 INFO  MethodCallReplacementClassAdapter - Adding mock interface to class org/apache/hadoop/thirdparty/com/google/common/cache/CacheLoader$FunctionToCacheLoader
2024-11-12 13:41:22,372 INFO  CreateClassResetClassAdapter - Creating brand-new static initializer in class org/apache/hadoop/thirdparty/com/google/common/cache/CacheLoader$FunctionToCacheLoader
2024-11-12 13:41:22,372 INFO  EvoClassLoader - Keeping class: org.apache.hadoop.thirdparty.com.google.common.cache.CacheLoader$FunctionToCacheLoader
2024-11-12 13:41:22,372 INFO  EvoClassLoader - Seeing class for first time: org.apache.hadoop.thirdparty.com.google.common.cache.CacheLoader$SupplierToCacheLoader
2024-11-12 13:41:22,372 INFO  EvoClassLoader - Instrumenting class 'org.apache.hadoop.thirdparty.com.google.common.cache.CacheLoader$SupplierToCacheLoader'.
2024-11-12 13:41:22,372 INFO  MethodCallReplacementClassAdapter - Adding mock interface to class org/apache/hadoop/thirdparty/com/google/common/cache/CacheLoader$SupplierToCacheLoader
2024-11-12 13:41:22,372 INFO  CreateClassResetClassAdapter - Creating brand-new static initializer in class org/apache/hadoop/thirdparty/com/google/common/cache/CacheLoader$SupplierToCacheLoader
2024-11-12 13:41:22,372 INFO  EvoClassLoader - Keeping class: org.apache.hadoop.thirdparty.com.google.common.cache.CacheLoader$SupplierToCacheLoader
2024-11-12 13:41:22,372 INFO  EvoClassLoader - Seeing class for first time: org.apache.hadoop.thirdparty.com.google.common.cache.CacheLoader$UnsupportedLoadingOperationException
2024-11-12 13:41:22,372 INFO  EvoClassLoader - Instrumenting class 'org.apache.hadoop.thirdparty.com.google.common.cache.CacheLoader$UnsupportedLoadingOperationException'.
2024-11-12 13:41:22,372 INFO  MethodCallReplacementClassAdapter - Adding mock interface to class org/apache/hadoop/thirdparty/com/google/common/cache/CacheLoader$UnsupportedLoadingOperationException
2024-11-12 13:41:22,372 INFO  CreateClassResetClassAdapter - Creating brand-new static initializer in class org/apache/hadoop/thirdparty/com/google/common/cache/CacheLoader$UnsupportedLoadingOperationException
2024-11-12 13:41:22,372 INFO  EvoClassLoader - Keeping class: org.apache.hadoop.thirdparty.com.google.common.cache.CacheLoader$UnsupportedLoadingOperationException
2024-11-12 13:41:22,373 INFO  EvoClassLoader - Seeing class for first time: org.apache.hadoop.thirdparty.com.google.common.cache.CacheLoader$1
2024-11-12 13:41:22,373 INFO  EvoClassLoader - Instrumenting class 'org.apache.hadoop.thirdparty.com.google.common.cache.CacheLoader$1'.
2024-11-12 13:41:22,373 INFO  MethodCallReplacementClassAdapter - Adding mock interface to class org/apache/hadoop/thirdparty/com/google/common/cache/CacheLoader$1
2024-11-12 13:41:22,373 INFO  EvoClassLoader - Keeping class: org.apache.hadoop.thirdparty.com.google.common.cache.CacheLoader$1
2024-11-12 13:41:22,373 INFO  EvoClassLoader - Seeing class for first time: org.apache.hadoop.thirdparty.com.google.common.util.concurrent.ListenableFuture
2024-11-12 13:41:22,373 INFO  EvoClassLoader - Instrumenting class 'org.apache.hadoop.thirdparty.com.google.common.util.concurrent.ListenableFuture'.
2024-11-12 13:41:22,373 INFO  EvoClassLoader - Defined package (3): package org.apache.hadoop.thirdparty.com.google.common.util.concurrent, 872641612
2024-11-12 13:41:22,373 INFO  EvoClassLoader - Keeping class: org.apache.hadoop.thirdparty.com.google.common.util.concurrent.ListenableFuture
2024-11-12 13:41:22,373 INFO  EvoClassLoader - Seeing class for first time: org.apache.hadoop.thirdparty.com.google.common.util.concurrent.FutureCallback
2024-11-12 13:41:22,373 INFO  EvoClassLoader - Instrumenting class 'org.apache.hadoop.thirdparty.com.google.common.util.concurrent.FutureCallback'.
2024-11-12 13:41:22,373 INFO  EvoClassLoader - Keeping class: org.apache.hadoop.thirdparty.com.google.common.util.concurrent.FutureCallback
2024-11-12 13:41:22,374 INFO  EvoClassLoader - Seeing class for first time: org.apache.hadoop.thirdparty.com.google.common.cache.LocalCache$LocalManualCache
2024-11-12 13:41:22,374 INFO  EvoClassLoader - Instrumenting class 'org.apache.hadoop.thirdparty.com.google.common.cache.LocalCache$LocalManualCache'.
2024-11-12 13:41:22,374 INFO  MethodCallReplacementClassAdapter - Adding mock interface to class org/apache/hadoop/thirdparty/com/google/common/cache/LocalCache$LocalManualCache
2024-11-12 13:41:22,374 INFO  CreateClassResetClassAdapter - Creating brand-new static initializer in class org/apache/hadoop/thirdparty/com/google/common/cache/LocalCache$LocalManualCache
2024-11-12 13:41:22,374 INFO  EvoClassLoader - Keeping class: org.apache.hadoop.thirdparty.com.google.common.cache.LocalCache$LocalManualCache
2024-11-12 13:41:22,374 INFO  EvoClassLoader - Seeing class for first time: org.apache.hadoop.thirdparty.com.google.common.cache.LocalCache
2024-11-12 13:41:22,374 INFO  EvoClassLoader - Instrumenting class 'org.apache.hadoop.thirdparty.com.google.common.cache.LocalCache'.
2024-11-12 13:41:22,375 INFO  MethodCallReplacementClassAdapter - Adding mock interface to class org/apache/hadoop/thirdparty/com/google/common/cache/LocalCache
2024-11-12 13:41:22,380 INFO  CreateClassResetClassAdapter - Found static initializer in class org/apache/hadoop/thirdparty/com/google/common/cache/LocalCache
2024-11-12 13:41:22,381 INFO  EvoClassLoader - Keeping class: org.apache.hadoop.thirdparty.com.google.common.cache.LocalCache
2024-11-12 13:41:22,381 INFO  EvoClassLoader - Seeing class for first time: org.apache.hadoop.thirdparty.com.google.common.cache.LocalCache$LocalLoadingCache
2024-11-12 13:41:22,381 INFO  EvoClassLoader - Instrumenting class 'org.apache.hadoop.thirdparty.com.google.common.cache.LocalCache$LocalLoadingCache'.
2024-11-12 13:41:22,382 INFO  MethodCallReplacementClassAdapter - Adding mock interface to class org/apache/hadoop/thirdparty/com/google/common/cache/LocalCache$LocalLoadingCache
2024-11-12 13:41:22,382 INFO  CreateClassResetClassAdapter - Creating brand-new static initializer in class org/apache/hadoop/thirdparty/com/google/common/cache/LocalCache$LocalLoadingCache
2024-11-12 13:41:22,382 INFO  EvoClassLoader - Keeping class: org.apache.hadoop.thirdparty.com.google.common.cache.LocalCache$LocalLoadingCache
2024-11-12 13:41:22,382 INFO  EvoClassLoader - Seeing class for first time: org.apache.hadoop.thirdparty.com.google.common.cache.LocalCache$LocalManualCache$1
2024-11-12 13:41:22,382 INFO  EvoClassLoader - Instrumenting class 'org.apache.hadoop.thirdparty.com.google.common.cache.LocalCache$LocalManualCache$1'.
2024-11-12 13:41:22,382 INFO  MethodCallReplacementClassAdapter - Adding mock interface to class org/apache/hadoop/thirdparty/com/google/common/cache/LocalCache$LocalManualCache$1
2024-11-12 13:41:22,383 INFO  EvoClassLoader - Keeping class: org.apache.hadoop.thirdparty.com.google.common.cache.LocalCache$LocalManualCache$1
2024-11-12 13:41:22,383 INFO  EvoClassLoader - Seeing class for first time: org.apache.hadoop.thirdparty.com.google.common.util.concurrent.UncheckedExecutionException
2024-11-12 13:41:22,383 INFO  EvoClassLoader - Instrumenting class 'org.apache.hadoop.thirdparty.com.google.common.util.concurrent.UncheckedExecutionException'.
2024-11-12 13:41:22,383 INFO  MethodCallReplacementClassAdapter - Adding mock interface to class org/apache/hadoop/thirdparty/com/google/common/util/concurrent/UncheckedExecutionException
2024-11-12 13:41:22,383 INFO  CreateClassResetClassAdapter - Creating brand-new static initializer in class org/apache/hadoop/thirdparty/com/google/common/util/concurrent/UncheckedExecutionException
2024-11-12 13:41:22,383 INFO  EvoClassLoader - Keeping class: org.apache.hadoop.thirdparty.com.google.common.util.concurrent.UncheckedExecutionException
2024-11-12 13:41:22,383 INFO  EvoClassLoader - Seeing class for first time: org.apache.hadoop.thirdparty.com.google.common.cache.LocalCache$1
2024-11-12 13:41:22,383 INFO  EvoClassLoader - Instrumenting class 'org.apache.hadoop.thirdparty.com.google.common.cache.LocalCache$1'.
2024-11-12 13:41:22,383 INFO  MethodCallReplacementClassAdapter - Adding mock interface to class org/apache/hadoop/thirdparty/com/google/common/cache/LocalCache$1
2024-11-12 13:41:22,384 INFO  EvoClassLoader - Seeing class for first time: org.apache.hadoop.thirdparty.com.google.common.cache.LocalCache$ValueReference
2024-11-12 13:41:22,384 INFO  EvoClassLoader - Instrumenting class 'org.apache.hadoop.thirdparty.com.google.common.cache.LocalCache$ValueReference'.
2024-11-12 13:41:22,384 INFO  EvoClassLoader - Keeping class: org.apache.hadoop.thirdparty.com.google.common.cache.LocalCache$ValueReference
2024-11-12 13:41:22,384 INFO  EvoClassLoader - Keeping class: org.apache.hadoop.thirdparty.com.google.common.cache.LocalCache$1
2024-11-12 13:41:22,384 INFO  EvoClassLoader - Seeing class for first time: org.apache.hadoop.thirdparty.com.google.common.cache.LocalCache$2
2024-11-12 13:41:22,384 INFO  EvoClassLoader - Instrumenting class 'org.apache.hadoop.thirdparty.com.google.common.cache.LocalCache$2'.
2024-11-12 13:41:22,384 INFO  MethodCallReplacementClassAdapter - Adding mock interface to class org/apache/hadoop/thirdparty/com/google/common/cache/LocalCache$2
2024-11-12 13:41:22,384 INFO  EvoClassLoader - Keeping class: org.apache.hadoop.thirdparty.com.google.common.cache.LocalCache$2
2024-11-12 13:41:22,384 INFO  EvoClassLoader - Seeing class for first time: org.apache.hadoop.thirdparty.com.google.common.cache.CacheLoader$InvalidCacheLoadException
2024-11-12 13:41:22,384 INFO  EvoClassLoader - Instrumenting class 'org.apache.hadoop.thirdparty.com.google.common.cache.CacheLoader$InvalidCacheLoadException'.
2024-11-12 13:41:22,385 INFO  MethodCallReplacementClassAdapter - Adding mock interface to class org/apache/hadoop/thirdparty/com/google/common/cache/CacheLoader$InvalidCacheLoadException
2024-11-12 13:41:22,385 INFO  CreateClassResetClassAdapter - Creating brand-new static initializer in class org/apache/hadoop/thirdparty/com/google/common/cache/CacheLoader$InvalidCacheLoadException
2024-11-12 13:41:22,385 INFO  EvoClassLoader - Keeping class: org.apache.hadoop.thirdparty.com.google.common.cache.CacheLoader$InvalidCacheLoadException
2024-11-12 13:41:22,385 INFO  EvoClassLoader - Seeing class for first time: org.apache.hadoop.thirdparty.com.google.common.util.concurrent.ExecutionError
2024-11-12 13:41:22,385 INFO  EvoClassLoader - Instrumenting class 'org.apache.hadoop.thirdparty.com.google.common.util.concurrent.ExecutionError'.
2024-11-12 13:41:22,385 INFO  MethodCallReplacementClassAdapter - Adding mock interface to class org/apache/hadoop/thirdparty/com/google/common/util/concurrent/ExecutionError
2024-11-12 13:41:22,385 INFO  CreateClassResetClassAdapter - Creating brand-new static initializer in class org/apache/hadoop/thirdparty/com/google/common/util/concurrent/ExecutionError
2024-11-12 13:41:22,385 INFO  EvoClassLoader - Keeping class: org.apache.hadoop.thirdparty.com.google.common.util.concurrent.ExecutionError
2024-11-12 13:41:22,385 INFO  EvoClassLoader - Seeing class for first time: org.apache.hadoop.thirdparty.com.google.common.cache.ReferenceEntry
2024-11-12 13:41:22,385 INFO  EvoClassLoader - Instrumenting class 'org.apache.hadoop.thirdparty.com.google.common.cache.ReferenceEntry'.
2024-11-12 13:41:22,386 INFO  EvoClassLoader - Keeping class: org.apache.hadoop.thirdparty.com.google.common.cache.ReferenceEntry
2024-11-12 13:41:22,386 INFO  EvoClassLoader - Seeing class for first time: org.apache.hadoop.thirdparty.com.google.common.cache.LocalCache$Segment
2024-11-12 13:41:22,386 INFO  EvoClassLoader - Instrumenting class 'org.apache.hadoop.thirdparty.com.google.common.cache.LocalCache$Segment'.
2024-11-12 13:41:22,387 INFO  MethodCallReplacementClassAdapter - Adding mock interface to class org/apache/hadoop/thirdparty/com/google/common/cache/LocalCache$Segment
2024-11-12 13:41:22,388 INFO  CreateClassResetClassAdapter - Creating brand-new static initializer in class org/apache/hadoop/thirdparty/com/google/common/cache/LocalCache$Segment
2024-11-12 13:41:22,389 INFO  EvoClassLoader - Keeping class: org.apache.hadoop.thirdparty.com.google.common.cache.LocalCache$Segment
2024-11-12 13:41:22,389 INFO  EvoClassLoader - Seeing class for first time: org.apache.hadoop.thirdparty.com.google.common.cache.LocalCache$LoadingSerializationProxy
2024-11-12 13:41:22,389 INFO  EvoClassLoader - Instrumenting class 'org.apache.hadoop.thirdparty.com.google.common.cache.LocalCache$LoadingSerializationProxy'.
2024-11-12 13:41:22,390 INFO  MethodCallReplacementClassAdapter - Adding mock interface to class org/apache/hadoop/thirdparty/com/google/common/cache/LocalCache$LoadingSerializationProxy
2024-11-12 13:41:22,390 INFO  CreateClassResetClassAdapter - Creating brand-new static initializer in class org/apache/hadoop/thirdparty/com/google/common/cache/LocalCache$LoadingSerializationProxy
2024-11-12 13:41:22,390 INFO  EvoClassLoader - Seeing class for first time: org.apache.hadoop.thirdparty.com.google.common.cache.LocalCache$ManualSerializationProxy
2024-11-12 13:41:22,390 INFO  EvoClassLoader - Instrumenting class 'org.apache.hadoop.thirdparty.com.google.common.cache.LocalCache$ManualSerializationProxy'.
2024-11-12 13:41:22,390 INFO  MethodCallReplacementClassAdapter - Adding mock interface to class org/apache/hadoop/thirdparty/com/google/common/cache/LocalCache$ManualSerializationProxy
2024-11-12 13:41:22,390 INFO  CreateClassResetClassAdapter - Creating brand-new static initializer in class org/apache/hadoop/thirdparty/com/google/common/cache/LocalCache$ManualSerializationProxy
2024-11-12 13:41:22,390 INFO  EvoClassLoader - Seeing class for first time: org.apache.hadoop.thirdparty.com.google.common.cache.ForwardingCache
2024-11-12 13:41:22,390 INFO  EvoClassLoader - Instrumenting class 'org.apache.hadoop.thirdparty.com.google.common.cache.ForwardingCache'.
2024-11-12 13:41:22,391 INFO  MethodCallReplacementClassAdapter - Adding mock interface to class org/apache/hadoop/thirdparty/com/google/common/cache/ForwardingCache
2024-11-12 13:41:22,391 INFO  CreateClassResetClassAdapter - Creating brand-new static initializer in class org/apache/hadoop/thirdparty/com/google/common/cache/ForwardingCache
2024-11-12 13:41:22,391 INFO  EvoClassLoader - Keeping class: org.apache.hadoop.thirdparty.com.google.common.cache.ForwardingCache
2024-11-12 13:41:22,391 INFO  EvoClassLoader - Keeping class: org.apache.hadoop.thirdparty.com.google.common.cache.LocalCache$ManualSerializationProxy
2024-11-12 13:41:22,391 INFO  EvoClassLoader - Keeping class: org.apache.hadoop.thirdparty.com.google.common.cache.LocalCache$LoadingSerializationProxy
2024-11-12 13:41:22,391 INFO  EvoClassLoader - Seeing class for first time: org.apache.hadoop.thirdparty.com.google.common.cache.LocalCache$EntrySet
2024-11-12 13:41:22,391 INFO  EvoClassLoader - Instrumenting class 'org.apache.hadoop.thirdparty.com.google.common.cache.LocalCache$EntrySet'.
2024-11-12 13:41:22,391 INFO  MethodCallReplacementClassAdapter - Adding mock interface to class org/apache/hadoop/thirdparty/com/google/common/cache/LocalCache$EntrySet
2024-11-12 13:41:22,391 INFO  CreateClassResetClassAdapter - Creating brand-new static initializer in class org/apache/hadoop/thirdparty/com/google/common/cache/LocalCache$EntrySet
2024-11-12 13:41:22,391 INFO  EvoClassLoader - Seeing class for first time: org.apache.hadoop.thirdparty.com.google.common.cache.LocalCache$AbstractCacheSet
2024-11-12 13:41:22,391 INFO  EvoClassLoader - Instrumenting class 'org.apache.hadoop.thirdparty.com.google.common.cache.LocalCache$AbstractCacheSet'.
2024-11-12 13:41:22,391 INFO  MethodCallReplacementClassAdapter - Adding mock interface to class org/apache/hadoop/thirdparty/com/google/common/cache/LocalCache$AbstractCacheSet
2024-11-12 13:41:22,392 INFO  CreateClassResetClassAdapter - Creating brand-new static initializer in class org/apache/hadoop/thirdparty/com/google/common/cache/LocalCache$AbstractCacheSet
2024-11-12 13:41:22,392 INFO  EvoClassLoader - Keeping class: org.apache.hadoop.thirdparty.com.google.common.cache.LocalCache$AbstractCacheSet
2024-11-12 13:41:22,392 INFO  EvoClassLoader - Keeping class: org.apache.hadoop.thirdparty.com.google.common.cache.LocalCache$EntrySet
2024-11-12 13:41:22,392 INFO  EvoClassLoader - Seeing class for first time: org.apache.hadoop.thirdparty.com.google.common.cache.LocalCache$Values
2024-11-12 13:41:22,392 INFO  EvoClassLoader - Instrumenting class 'org.apache.hadoop.thirdparty.com.google.common.cache.LocalCache$Values'.
2024-11-12 13:41:22,392 INFO  MethodCallReplacementClassAdapter - Adding mock interface to class org/apache/hadoop/thirdparty/com/google/common/cache/LocalCache$Values
2024-11-12 13:41:22,392 INFO  CreateClassResetClassAdapter - Creating brand-new static initializer in class org/apache/hadoop/thirdparty/com/google/common/cache/LocalCache$Values
2024-11-12 13:41:22,392 INFO  EvoClassLoader - Keeping class: org.apache.hadoop.thirdparty.com.google.common.cache.LocalCache$Values
2024-11-12 13:41:22,392 INFO  EvoClassLoader - Seeing class for first time: org.apache.hadoop.thirdparty.com.google.common.cache.LocalCache$KeySet
2024-11-12 13:41:22,392 INFO  EvoClassLoader - Instrumenting class 'org.apache.hadoop.thirdparty.com.google.common.cache.LocalCache$KeySet'.
2024-11-12 13:41:22,392 INFO  MethodCallReplacementClassAdapter - Adding mock interface to class org/apache/hadoop/thirdparty/com/google/common/cache/LocalCache$KeySet
2024-11-12 13:41:22,392 INFO  CreateClassResetClassAdapter - Creating brand-new static initializer in class org/apache/hadoop/thirdparty/com/google/common/cache/LocalCache$KeySet
2024-11-12 13:41:22,392 INFO  EvoClassLoader - Keeping class: org.apache.hadoop.thirdparty.com.google.common.cache.LocalCache$KeySet
2024-11-12 13:41:22,392 INFO  EvoClassLoader - Seeing class for first time: org.apache.hadoop.thirdparty.com.google.common.cache.LocalCache$EntryIterator
2024-11-12 13:41:22,392 INFO  EvoClassLoader - Instrumenting class 'org.apache.hadoop.thirdparty.com.google.common.cache.LocalCache$EntryIterator'.
2024-11-12 13:41:22,393 INFO  MethodCallReplacementClassAdapter - Adding mock interface to class org/apache/hadoop/thirdparty/com/google/common/cache/LocalCache$EntryIterator
2024-11-12 13:41:22,393 INFO  CreateClassResetClassAdapter - Creating brand-new static initializer in class org/apache/hadoop/thirdparty/com/google/common/cache/LocalCache$EntryIterator
2024-11-12 13:41:22,393 INFO  EvoClassLoader - Seeing class for first time: org.apache.hadoop.thirdparty.com.google.common.cache.LocalCache$HashIterator
2024-11-12 13:41:22,393 INFO  EvoClassLoader - Instrumenting class 'org.apache.hadoop.thirdparty.com.google.common.cache.LocalCache$HashIterator'.
2024-11-12 13:41:22,393 INFO  MethodCallReplacementClassAdapter - Adding mock interface to class org/apache/hadoop/thirdparty/com/google/common/cache/LocalCache$HashIterator
2024-11-12 13:41:22,393 INFO  CreateClassResetClassAdapter - Creating brand-new static initializer in class org/apache/hadoop/thirdparty/com/google/common/cache/LocalCache$HashIterator
2024-11-12 13:41:22,393 INFO  EvoClassLoader - Keeping class: org.apache.hadoop.thirdparty.com.google.common.cache.LocalCache$HashIterator
2024-11-12 13:41:22,393 INFO  EvoClassLoader - Keeping class: org.apache.hadoop.thirdparty.com.google.common.cache.LocalCache$EntryIterator
2024-11-12 13:41:22,393 INFO  EvoClassLoader - Seeing class for first time: org.apache.hadoop.thirdparty.com.google.common.cache.LocalCache$WriteThroughEntry
2024-11-12 13:41:22,393 INFO  EvoClassLoader - Instrumenting class 'org.apache.hadoop.thirdparty.com.google.common.cache.LocalCache$WriteThroughEntry'.
2024-11-12 13:41:22,393 INFO  MethodCallReplacementClassAdapter - Adding mock interface to class org/apache/hadoop/thirdparty/com/google/common/cache/LocalCache$WriteThroughEntry
2024-11-12 13:41:22,393 INFO  CreateClassResetClassAdapter - Creating brand-new static initializer in class org/apache/hadoop/thirdparty/com/google/common/cache/LocalCache$WriteThroughEntry
2024-11-12 13:41:22,394 INFO  EvoClassLoader - Keeping class: org.apache.hadoop.thirdparty.com.google.common.cache.LocalCache$WriteThroughEntry
2024-11-12 13:41:22,394 INFO  EvoClassLoader - Seeing class for first time: org.apache.hadoop.thirdparty.com.google.common.cache.LocalCache$ValueIterator
2024-11-12 13:41:22,394 INFO  EvoClassLoader - Instrumenting class 'org.apache.hadoop.thirdparty.com.google.common.cache.LocalCache$ValueIterator'.
2024-11-12 13:41:22,394 INFO  MethodCallReplacementClassAdapter - Adding mock interface to class org/apache/hadoop/thirdparty/com/google/common/cache/LocalCache$ValueIterator
2024-11-12 13:41:22,394 INFO  CreateClassResetClassAdapter - Creating brand-new static initializer in class org/apache/hadoop/thirdparty/com/google/common/cache/LocalCache$ValueIterator
2024-11-12 13:41:22,394 INFO  EvoClassLoader - Keeping class: org.apache.hadoop.thirdparty.com.google.common.cache.LocalCache$ValueIterator
2024-11-12 13:41:22,394 INFO  EvoClassLoader - Seeing class for first time: org.apache.hadoop.thirdparty.com.google.common.cache.LocalCache$KeyIterator
2024-11-12 13:41:22,394 INFO  EvoClassLoader - Instrumenting class 'org.apache.hadoop.thirdparty.com.google.common.cache.LocalCache$KeyIterator'.
2024-11-12 13:41:22,394 INFO  MethodCallReplacementClassAdapter - Adding mock interface to class org/apache/hadoop/thirdparty/com/google/common/cache/LocalCache$KeyIterator
2024-11-12 13:41:22,394 INFO  CreateClassResetClassAdapter - Creating brand-new static initializer in class org/apache/hadoop/thirdparty/com/google/common/cache/LocalCache$KeyIterator
2024-11-12 13:41:22,394 INFO  EvoClassLoader - Keeping class: org.apache.hadoop.thirdparty.com.google.common.cache.LocalCache$KeyIterator
2024-11-12 13:41:22,394 INFO  EvoClassLoader - Seeing class for first time: org.apache.hadoop.thirdparty.com.google.common.cache.LocalCache$AccessQueue
2024-11-12 13:41:22,394 INFO  EvoClassLoader - Instrumenting class 'org.apache.hadoop.thirdparty.com.google.common.cache.LocalCache$AccessQueue'.
2024-11-12 13:41:22,394 INFO  MethodCallReplacementClassAdapter - Adding mock interface to class org/apache/hadoop/thirdparty/com/google/common/cache/LocalCache$AccessQueue
2024-11-12 13:41:22,394 INFO  CreateClassResetClassAdapter - Creating brand-new static initializer in class org/apache/hadoop/thirdparty/com/google/common/cache/LocalCache$AccessQueue
2024-11-12 13:41:22,394 INFO  EvoClassLoader - Keeping class: org.apache.hadoop.thirdparty.com.google.common.cache.LocalCache$AccessQueue
2024-11-12 13:41:22,394 INFO  EvoClassLoader - Seeing class for first time: org.apache.hadoop.thirdparty.com.google.common.cache.LocalCache$WriteQueue
2024-11-12 13:41:22,394 INFO  EvoClassLoader - Instrumenting class 'org.apache.hadoop.thirdparty.com.google.common.cache.LocalCache$WriteQueue'.
2024-11-12 13:41:22,395 INFO  MethodCallReplacementClassAdapter - Adding mock interface to class org/apache/hadoop/thirdparty/com/google/common/cache/LocalCache$WriteQueue
2024-11-12 13:41:22,395 INFO  CreateClassResetClassAdapter - Creating brand-new static initializer in class org/apache/hadoop/thirdparty/com/google/common/cache/LocalCache$WriteQueue
2024-11-12 13:41:22,395 INFO  EvoClassLoader - Keeping class: org.apache.hadoop.thirdparty.com.google.common.cache.LocalCache$WriteQueue
2024-11-12 13:41:22,395 INFO  EvoClassLoader - Seeing class for first time: org.apache.hadoop.thirdparty.com.google.common.cache.LocalCache$ComputingValueReference
2024-11-12 13:41:22,395 INFO  EvoClassLoader - Instrumenting class 'org.apache.hadoop.thirdparty.com.google.common.cache.LocalCache$ComputingValueReference'.
2024-11-12 13:41:22,395 INFO  MethodCallReplacementClassAdapter - Adding mock interface to class org/apache/hadoop/thirdparty/com/google/common/cache/LocalCache$ComputingValueReference
2024-11-12 13:41:22,395 INFO  CreateClassResetClassAdapter - Creating brand-new static initializer in class org/apache/hadoop/thirdparty/com/google/common/cache/LocalCache$ComputingValueReference
2024-11-12 13:41:22,395 INFO  EvoClassLoader - Seeing class for first time: org.apache.hadoop.thirdparty.com.google.common.cache.LocalCache$LoadingValueReference
2024-11-12 13:41:22,395 INFO  EvoClassLoader - Instrumenting class 'org.apache.hadoop.thirdparty.com.google.common.cache.LocalCache$LoadingValueReference'.
2024-11-12 13:41:22,396 INFO  MethodCallReplacementClassAdapter - Adding mock interface to class org/apache/hadoop/thirdparty/com/google/common/cache/LocalCache$LoadingValueReference
2024-11-12 13:41:22,396 INFO  CreateClassResetClassAdapter - Creating brand-new static initializer in class org/apache/hadoop/thirdparty/com/google/common/cache/LocalCache$LoadingValueReference
2024-11-12 13:41:22,396 INFO  EvoClassLoader - Keeping class: org.apache.hadoop.thirdparty.com.google.common.cache.LocalCache$LoadingValueReference
2024-11-12 13:41:22,396 INFO  EvoClassLoader - Keeping class: org.apache.hadoop.thirdparty.com.google.common.cache.LocalCache$ComputingValueReference
2024-11-12 13:41:22,396 INFO  EvoClassLoader - Seeing class for first time: org.apache.hadoop.thirdparty.com.google.common.cache.LocalCache$WeightedStrongValueReference
2024-11-12 13:41:22,397 INFO  EvoClassLoader - Instrumenting class 'org.apache.hadoop.thirdparty.com.google.common.cache.LocalCache$WeightedStrongValueReference'.
2024-11-12 13:41:22,397 INFO  MethodCallReplacementClassAdapter - Adding mock interface to class org/apache/hadoop/thirdparty/com/google/common/cache/LocalCache$WeightedStrongValueReference
2024-11-12 13:41:22,397 INFO  CreateClassResetClassAdapter - Creating brand-new static initializer in class org/apache/hadoop/thirdparty/com/google/common/cache/LocalCache$WeightedStrongValueReference
2024-11-12 13:41:22,397 INFO  EvoClassLoader - Seeing class for first time: org.apache.hadoop.thirdparty.com.google.common.cache.LocalCache$StrongValueReference
2024-11-12 13:41:22,397 INFO  EvoClassLoader - Instrumenting class 'org.apache.hadoop.thirdparty.com.google.common.cache.LocalCache$StrongValueReference'.
2024-11-12 13:41:22,397 INFO  MethodCallReplacementClassAdapter - Adding mock interface to class org/apache/hadoop/thirdparty/com/google/common/cache/LocalCache$StrongValueReference
2024-11-12 13:41:22,397 INFO  CreateClassResetClassAdapter - Creating brand-new static initializer in class org/apache/hadoop/thirdparty/com/google/common/cache/LocalCache$StrongValueReference
2024-11-12 13:41:22,397 INFO  EvoClassLoader - Keeping class: org.apache.hadoop.thirdparty.com.google.common.cache.LocalCache$StrongValueReference
2024-11-12 13:41:22,397 INFO  EvoClassLoader - Keeping class: org.apache.hadoop.thirdparty.com.google.common.cache.LocalCache$WeightedStrongValueReference
2024-11-12 13:41:22,397 INFO  EvoClassLoader - Seeing class for first time: org.apache.hadoop.thirdparty.com.google.common.cache.LocalCache$WeightedSoftValueReference
2024-11-12 13:41:22,397 INFO  EvoClassLoader - Instrumenting class 'org.apache.hadoop.thirdparty.com.google.common.cache.LocalCache$WeightedSoftValueReference'.
2024-11-12 13:41:22,397 INFO  MethodCallReplacementClassAdapter - Adding mock interface to class org/apache/hadoop/thirdparty/com/google/common/cache/LocalCache$WeightedSoftValueReference
2024-11-12 13:41:22,397 INFO  CreateClassResetClassAdapter - Creating brand-new static initializer in class org/apache/hadoop/thirdparty/com/google/common/cache/LocalCache$WeightedSoftValueReference
2024-11-12 13:41:22,397 INFO  EvoClassLoader - Seeing class for first time: org.apache.hadoop.thirdparty.com.google.common.cache.LocalCache$SoftValueReference
2024-11-12 13:41:22,397 INFO  EvoClassLoader - Instrumenting class 'org.apache.hadoop.thirdparty.com.google.common.cache.LocalCache$SoftValueReference'.
2024-11-12 13:41:22,398 INFO  MethodCallReplacementClassAdapter - Adding mock interface to class org/apache/hadoop/thirdparty/com/google/common/cache/LocalCache$SoftValueReference
2024-11-12 13:41:22,398 INFO  CreateClassResetClassAdapter - Creating brand-new static initializer in class org/apache/hadoop/thirdparty/com/google/common/cache/LocalCache$SoftValueReference
2024-11-12 13:41:22,398 INFO  EvoClassLoader - Keeping class: org.apache.hadoop.thirdparty.com.google.common.cache.LocalCache$SoftValueReference
2024-11-12 13:41:22,398 INFO  EvoClassLoader - Keeping class: org.apache.hadoop.thirdparty.com.google.common.cache.LocalCache$WeightedSoftValueReference
2024-11-12 13:41:22,398 INFO  EvoClassLoader - Seeing class for first time: org.apache.hadoop.thirdparty.com.google.common.cache.LocalCache$WeightedWeakValueReference
2024-11-12 13:41:22,398 INFO  EvoClassLoader - Instrumenting class 'org.apache.hadoop.thirdparty.com.google.common.cache.LocalCache$WeightedWeakValueReference'.
2024-11-12 13:41:22,398 INFO  MethodCallReplacementClassAdapter - Adding mock interface to class org/apache/hadoop/thirdparty/com/google/common/cache/LocalCache$WeightedWeakValueReference
2024-11-12 13:41:22,398 INFO  CreateClassResetClassAdapter - Creating brand-new static initializer in class org/apache/hadoop/thirdparty/com/google/common/cache/LocalCache$WeightedWeakValueReference
2024-11-12 13:41:22,398 INFO  EvoClassLoader - Seeing class for first time: org.apache.hadoop.thirdparty.com.google.common.cache.LocalCache$WeakValueReference
2024-11-12 13:41:22,398 INFO  EvoClassLoader - Instrumenting class 'org.apache.hadoop.thirdparty.com.google.common.cache.LocalCache$WeakValueReference'.
2024-11-12 13:41:22,398 INFO  MethodCallReplacementClassAdapter - Adding mock interface to class org/apache/hadoop/thirdparty/com/google/common/cache/LocalCache$WeakValueReference
2024-11-12 13:41:22,398 INFO  CreateClassResetClassAdapter - Creating brand-new static initializer in class org/apache/hadoop/thirdparty/com/google/common/cache/LocalCache$WeakValueReference
2024-11-12 13:41:22,398 INFO  EvoClassLoader - Keeping class: org.apache.hadoop.thirdparty.com.google.common.cache.LocalCache$WeakValueReference
2024-11-12 13:41:22,398 INFO  EvoClassLoader - Keeping class: org.apache.hadoop.thirdparty.com.google.common.cache.LocalCache$WeightedWeakValueReference
2024-11-12 13:41:22,398 INFO  EvoClassLoader - Seeing class for first time: org.apache.hadoop.thirdparty.com.google.common.cache.LocalCache$WeakAccessWriteEntry
2024-11-12 13:41:22,398 INFO  EvoClassLoader - Instrumenting class 'org.apache.hadoop.thirdparty.com.google.common.cache.LocalCache$WeakAccessWriteEntry'.
2024-11-12 13:41:22,399 INFO  MethodCallReplacementClassAdapter - Adding mock interface to class org/apache/hadoop/thirdparty/com/google/common/cache/LocalCache$WeakAccessWriteEntry
2024-11-12 13:41:22,399 INFO  CreateClassResetClassAdapter - Creating brand-new static initializer in class org/apache/hadoop/thirdparty/com/google/common/cache/LocalCache$WeakAccessWriteEntry
2024-11-12 13:41:22,399 INFO  EvoClassLoader - Seeing class for first time: org.apache.hadoop.thirdparty.com.google.common.cache.LocalCache$WeakEntry
2024-11-12 13:41:22,399 INFO  EvoClassLoader - Instrumenting class 'org.apache.hadoop.thirdparty.com.google.common.cache.LocalCache$WeakEntry'.
2024-11-12 13:41:22,399 INFO  MethodCallReplacementClassAdapter - Adding mock interface to class org/apache/hadoop/thirdparty/com/google/common/cache/LocalCache$WeakEntry
2024-11-12 13:41:22,399 INFO  CreateClassResetClassAdapter - Creating brand-new static initializer in class org/apache/hadoop/thirdparty/com/google/common/cache/LocalCache$WeakEntry
2024-11-12 13:41:22,399 INFO  EvoClassLoader - Keeping class: org.apache.hadoop.thirdparty.com.google.common.cache.LocalCache$WeakEntry
2024-11-12 13:41:22,399 INFO  EvoClassLoader - Keeping class: org.apache.hadoop.thirdparty.com.google.common.cache.LocalCache$WeakAccessWriteEntry
2024-11-12 13:41:22,400 INFO  EvoClassLoader - Seeing class for first time: org.apache.hadoop.thirdparty.com.google.common.cache.LocalCache$WeakWriteEntry
2024-11-12 13:41:22,400 INFO  EvoClassLoader - Instrumenting class 'org.apache.hadoop.thirdparty.com.google.common.cache.LocalCache$WeakWriteEntry'.
2024-11-12 13:41:22,400 INFO  MethodCallReplacementClassAdapter - Adding mock interface to class org/apache/hadoop/thirdparty/com/google/common/cache/LocalCache$WeakWriteEntry
2024-11-12 13:41:22,400 INFO  CreateClassResetClassAdapter - Creating brand-new static initializer in class org/apache/hadoop/thirdparty/com/google/common/cache/LocalCache$WeakWriteEntry
2024-11-12 13:41:22,400 INFO  EvoClassLoader - Keeping class: org.apache.hadoop.thirdparty.com.google.common.cache.LocalCache$WeakWriteEntry
2024-11-12 13:41:22,400 INFO  EvoClassLoader - Seeing class for first time: org.apache.hadoop.thirdparty.com.google.common.cache.LocalCache$WeakAccessEntry
2024-11-12 13:41:22,400 INFO  EvoClassLoader - Instrumenting class 'org.apache.hadoop.thirdparty.com.google.common.cache.LocalCache$WeakAccessEntry'.
2024-11-12 13:41:22,400 INFO  MethodCallReplacementClassAdapter - Adding mock interface to class org/apache/hadoop/thirdparty/com/google/common/cache/LocalCache$WeakAccessEntry
2024-11-12 13:41:22,400 INFO  CreateClassResetClassAdapter - Creating brand-new static initializer in class org/apache/hadoop/thirdparty/com/google/common/cache/LocalCache$WeakAccessEntry
2024-11-12 13:41:22,400 INFO  EvoClassLoader - Keeping class: org.apache.hadoop.thirdparty.com.google.common.cache.LocalCache$WeakAccessEntry
2024-11-12 13:41:22,400 INFO  EvoClassLoader - Seeing class for first time: org.apache.hadoop.thirdparty.com.google.common.cache.LocalCache$StrongAccessWriteEntry
2024-11-12 13:41:22,400 INFO  EvoClassLoader - Instrumenting class 'org.apache.hadoop.thirdparty.com.google.common.cache.LocalCache$StrongAccessWriteEntry'.
2024-11-12 13:41:22,401 INFO  MethodCallReplacementClassAdapter - Adding mock interface to class org/apache/hadoop/thirdparty/com/google/common/cache/LocalCache$StrongAccessWriteEntry
2024-11-12 13:41:22,401 INFO  CreateClassResetClassAdapter - Creating brand-new static initializer in class org/apache/hadoop/thirdparty/com/google/common/cache/LocalCache$StrongAccessWriteEntry
2024-11-12 13:41:22,401 INFO  EvoClassLoader - Seeing class for first time: org.apache.hadoop.thirdparty.com.google.common.cache.LocalCache$StrongEntry
2024-11-12 13:41:22,401 INFO  EvoClassLoader - Instrumenting class 'org.apache.hadoop.thirdparty.com.google.common.cache.LocalCache$StrongEntry'.
2024-11-12 13:41:22,401 INFO  MethodCallReplacementClassAdapter - Adding mock interface to class org/apache/hadoop/thirdparty/com/google/common/cache/LocalCache$StrongEntry
2024-11-12 13:41:22,401 INFO  CreateClassResetClassAdapter - Creating brand-new static initializer in class org/apache/hadoop/thirdparty/com/google/common/cache/LocalCache$StrongEntry
2024-11-12 13:41:22,401 INFO  EvoClassLoader - Seeing class for first time: org.apache.hadoop.thirdparty.com.google.common.cache.LocalCache$AbstractReferenceEntry
2024-11-12 13:41:22,401 INFO  EvoClassLoader - Instrumenting class 'org.apache.hadoop.thirdparty.com.google.common.cache.LocalCache$AbstractReferenceEntry'.
2024-11-12 13:41:22,401 INFO  MethodCallReplacementClassAdapter - Adding mock interface to class org/apache/hadoop/thirdparty/com/google/common/cache/LocalCache$AbstractReferenceEntry
2024-11-12 13:41:22,401 INFO  CreateClassResetClassAdapter - Creating brand-new static initializer in class org/apache/hadoop/thirdparty/com/google/common/cache/LocalCache$AbstractReferenceEntry
2024-11-12 13:41:22,401 INFO  EvoClassLoader - Keeping class: org.apache.hadoop.thirdparty.com.google.common.cache.LocalCache$AbstractReferenceEntry
2024-11-12 13:41:22,401 INFO  EvoClassLoader - Keeping class: org.apache.hadoop.thirdparty.com.google.common.cache.LocalCache$StrongEntry
2024-11-12 13:41:22,401 INFO  EvoClassLoader - Keeping class: org.apache.hadoop.thirdparty.com.google.common.cache.LocalCache$StrongAccessWriteEntry
2024-11-12 13:41:22,402 INFO  EvoClassLoader - Seeing class for first time: org.apache.hadoop.thirdparty.com.google.common.cache.LocalCache$StrongWriteEntry
2024-11-12 13:41:22,402 INFO  EvoClassLoader - Instrumenting class 'org.apache.hadoop.thirdparty.com.google.common.cache.LocalCache$StrongWriteEntry'.
2024-11-12 13:41:22,402 INFO  MethodCallReplacementClassAdapter - Adding mock interface to class org/apache/hadoop/thirdparty/com/google/common/cache/LocalCache$StrongWriteEntry
2024-11-12 13:41:22,402 INFO  CreateClassResetClassAdapter - Creating brand-new static initializer in class org/apache/hadoop/thirdparty/com/google/common/cache/LocalCache$StrongWriteEntry
2024-11-12 13:41:22,402 INFO  EvoClassLoader - Keeping class: org.apache.hadoop.thirdparty.com.google.common.cache.LocalCache$StrongWriteEntry
2024-11-12 13:41:22,402 INFO  EvoClassLoader - Seeing class for first time: org.apache.hadoop.thirdparty.com.google.common.cache.LocalCache$StrongAccessEntry
2024-11-12 13:41:22,402 INFO  EvoClassLoader - Instrumenting class 'org.apache.hadoop.thirdparty.com.google.common.cache.LocalCache$StrongAccessEntry'.
2024-11-12 13:41:22,402 INFO  MethodCallReplacementClassAdapter - Adding mock interface to class org/apache/hadoop/thirdparty/com/google/common/cache/LocalCache$StrongAccessEntry
2024-11-12 13:41:22,402 INFO  CreateClassResetClassAdapter - Creating brand-new static initializer in class org/apache/hadoop/thirdparty/com/google/common/cache/LocalCache$StrongAccessEntry
2024-11-12 13:41:22,402 INFO  EvoClassLoader - Keeping class: org.apache.hadoop.thirdparty.com.google.common.cache.LocalCache$StrongAccessEntry
2024-11-12 13:41:22,402 INFO  EvoClassLoader - Seeing class for first time: org.apache.hadoop.thirdparty.com.google.common.cache.LocalCache$NullEntry
2024-11-12 13:41:22,402 INFO  EvoClassLoader - Instrumenting class 'org.apache.hadoop.thirdparty.com.google.common.cache.LocalCache$NullEntry'.
2024-11-12 13:41:22,402 INFO  MethodCallReplacementClassAdapter - Adding mock interface to class org/apache/hadoop/thirdparty/com/google/common/cache/LocalCache$NullEntry
2024-11-12 13:41:22,402 INFO  CreateClassResetClassAdapter - Found static initializer in class org/apache/hadoop/thirdparty/com/google/common/cache/LocalCache$NullEntry
2024-11-12 13:41:22,403 INFO  EvoClassLoader - Keeping class: org.apache.hadoop.thirdparty.com.google.common.cache.LocalCache$NullEntry
2024-11-12 13:41:22,403 INFO  EvoClassLoader - Seeing class for first time: org.apache.hadoop.thirdparty.com.google.common.cache.LocalCache$EntryFactory
2024-11-12 13:41:22,403 INFO  EvoClassLoader - Instrumenting class 'org.apache.hadoop.thirdparty.com.google.common.cache.LocalCache$EntryFactory'.
2024-11-12 13:41:22,403 INFO  MethodCallReplacementClassAdapter - Adding mock interface to class org/apache/hadoop/thirdparty/com/google/common/cache/LocalCache$EntryFactory
2024-11-12 13:41:22,403 INFO  CreateClassResetClassAdapter - Found static initializer in class org/apache/hadoop/thirdparty/com/google/common/cache/LocalCache$EntryFactory
2024-11-12 13:41:22,403 INFO  EvoClassLoader - Keeping class: org.apache.hadoop.thirdparty.com.google.common.cache.LocalCache$EntryFactory
2024-11-12 13:41:22,403 INFO  EvoClassLoader - Seeing class for first time: org.apache.hadoop.thirdparty.com.google.common.cache.LocalCache$Strength$1
2024-11-12 13:41:22,403 INFO  EvoClassLoader - Instrumenting class 'org.apache.hadoop.thirdparty.com.google.common.cache.LocalCache$Strength$1'.
2024-11-12 13:41:22,403 INFO  MethodCallReplacementClassAdapter - Adding mock interface to class org/apache/hadoop/thirdparty/com/google/common/cache/LocalCache$Strength$1
2024-11-12 13:41:22,404 INFO  EvoClassLoader - Keeping class: org.apache.hadoop.thirdparty.com.google.common.cache.LocalCache$Strength$1
2024-11-12 13:41:22,404 INFO  EvoClassLoader - Seeing class for first time: org.apache.hadoop.thirdparty.com.google.common.cache.LocalCache$Strength$2
2024-11-12 13:41:22,404 INFO  EvoClassLoader - Instrumenting class 'org.apache.hadoop.thirdparty.com.google.common.cache.LocalCache$Strength$2'.
2024-11-12 13:41:22,404 INFO  MethodCallReplacementClassAdapter - Adding mock interface to class org/apache/hadoop/thirdparty/com/google/common/cache/LocalCache$Strength$2
2024-11-12 13:41:22,405 INFO  EvoClassLoader - Keeping class: org.apache.hadoop.thirdparty.com.google.common.cache.LocalCache$Strength$2
2024-11-12 13:41:22,405 INFO  EvoClassLoader - Seeing class for first time: org.apache.hadoop.thirdparty.com.google.common.cache.LocalCache$Strength$3
2024-11-12 13:41:22,405 INFO  EvoClassLoader - Instrumenting class 'org.apache.hadoop.thirdparty.com.google.common.cache.LocalCache$Strength$3'.
2024-11-12 13:41:22,405 INFO  MethodCallReplacementClassAdapter - Adding mock interface to class org/apache/hadoop/thirdparty/com/google/common/cache/LocalCache$Strength$3
2024-11-12 13:41:22,405 INFO  EvoClassLoader - Keeping class: org.apache.hadoop.thirdparty.com.google.common.cache.LocalCache$Strength$3
2024-11-12 13:41:22,406 INFO  EvoClassLoader - Seeing class for first time: org.apache.hadoop.thirdparty.com.google.common.cache.CacheBuilder$OneWeigher
2024-11-12 13:41:22,406 INFO  EvoClassLoader - Instrumenting class 'org.apache.hadoop.thirdparty.com.google.common.cache.CacheBuilder$OneWeigher'.
2024-11-12 13:41:22,406 INFO  MethodCallReplacementClassAdapter - Adding mock interface to class org/apache/hadoop/thirdparty/com/google/common/cache/CacheBuilder$OneWeigher
2024-11-12 13:41:22,406 INFO  CreateClassResetClassAdapter - Found static initializer in class org/apache/hadoop/thirdparty/com/google/common/cache/CacheBuilder$OneWeigher
2024-11-12 13:41:22,406 INFO  EvoClassLoader - Keeping class: org.apache.hadoop.thirdparty.com.google.common.cache.CacheBuilder$OneWeigher
2024-11-12 13:41:22,406 INFO  EvoClassLoader - Seeing class for first time: org.apache.hadoop.thirdparty.com.google.common.cache.CacheBuilder$NullListener
2024-11-12 13:41:22,406 INFO  EvoClassLoader - Instrumenting class 'org.apache.hadoop.thirdparty.com.google.common.cache.CacheBuilder$NullListener'.
2024-11-12 13:41:22,406 INFO  MethodCallReplacementClassAdapter - Adding mock interface to class org/apache/hadoop/thirdparty/com/google/common/cache/CacheBuilder$NullListener
2024-11-12 13:41:22,406 INFO  CreateClassResetClassAdapter - Found static initializer in class org/apache/hadoop/thirdparty/com/google/common/cache/CacheBuilder$NullListener
2024-11-12 13:41:22,406 INFO  EvoClassLoader - Keeping class: org.apache.hadoop.thirdparty.com.google.common.cache.CacheBuilder$NullListener
2024-11-12 13:41:22,406 INFO  EvoClassLoader - Seeing class for first time: org.apache.hadoop.thirdparty.com.google.common.cache.RemovalNotification
2024-11-12 13:41:22,406 INFO  EvoClassLoader - Instrumenting class 'org.apache.hadoop.thirdparty.com.google.common.cache.RemovalNotification'.
2024-11-12 13:41:22,407 INFO  MethodCallReplacementClassAdapter - Adding mock interface to class org/apache/hadoop/thirdparty/com/google/common/cache/RemovalNotification
2024-11-12 13:41:22,407 INFO  CreateClassResetClassAdapter - Creating brand-new static initializer in class org/apache/hadoop/thirdparty/com/google/common/cache/RemovalNotification
2024-11-12 13:41:22,407 INFO  EvoClassLoader - Keeping class: org.apache.hadoop.thirdparty.com.google.common.cache.RemovalNotification
2024-11-12 13:41:22,407 INFO  EvoClassLoader - Seeing class for first time: org.apache.hadoop.thirdparty.com.google.common.cache.LocalCache$EntryFactory$1
2024-11-12 13:41:22,407 INFO  EvoClassLoader - Instrumenting class 'org.apache.hadoop.thirdparty.com.google.common.cache.LocalCache$EntryFactory$1'.
2024-11-12 13:41:22,407 INFO  MethodCallReplacementClassAdapter - Adding mock interface to class org/apache/hadoop/thirdparty/com/google/common/cache/LocalCache$EntryFactory$1
2024-11-12 13:41:22,408 INFO  EvoClassLoader - Keeping class: org.apache.hadoop.thirdparty.com.google.common.cache.LocalCache$EntryFactory$1
2024-11-12 13:41:22,408 INFO  EvoClassLoader - Seeing class for first time: org.apache.hadoop.thirdparty.com.google.common.cache.LocalCache$EntryFactory$2
2024-11-12 13:41:22,408 INFO  EvoClassLoader - Instrumenting class 'org.apache.hadoop.thirdparty.com.google.common.cache.LocalCache$EntryFactory$2'.
2024-11-12 13:41:22,408 INFO  MethodCallReplacementClassAdapter - Adding mock interface to class org/apache/hadoop/thirdparty/com/google/common/cache/LocalCache$EntryFactory$2
2024-11-12 13:41:22,408 INFO  EvoClassLoader - Keeping class: org.apache.hadoop.thirdparty.com.google.common.cache.LocalCache$EntryFactory$2
2024-11-12 13:41:22,408 INFO  EvoClassLoader - Seeing class for first time: org.apache.hadoop.thirdparty.com.google.common.cache.LocalCache$EntryFactory$3
2024-11-12 13:41:22,408 INFO  EvoClassLoader - Instrumenting class 'org.apache.hadoop.thirdparty.com.google.common.cache.LocalCache$EntryFactory$3'.
2024-11-12 13:41:22,409 INFO  MethodCallReplacementClassAdapter - Adding mock interface to class org/apache/hadoop/thirdparty/com/google/common/cache/LocalCache$EntryFactory$3
2024-11-12 13:41:22,409 INFO  EvoClassLoader - Keeping class: org.apache.hadoop.thirdparty.com.google.common.cache.LocalCache$EntryFactory$3
2024-11-12 13:41:22,409 INFO  EvoClassLoader - Seeing class for first time: org.apache.hadoop.thirdparty.com.google.common.cache.LocalCache$EntryFactory$4
2024-11-12 13:41:22,409 INFO  EvoClassLoader - Instrumenting class 'org.apache.hadoop.thirdparty.com.google.common.cache.LocalCache$EntryFactory$4'.
2024-11-12 13:41:22,409 INFO  MethodCallReplacementClassAdapter - Adding mock interface to class org/apache/hadoop/thirdparty/com/google/common/cache/LocalCache$EntryFactory$4
2024-11-12 13:41:22,409 INFO  EvoClassLoader - Keeping class: org.apache.hadoop.thirdparty.com.google.common.cache.LocalCache$EntryFactory$4
2024-11-12 13:41:22,409 INFO  EvoClassLoader - Seeing class for first time: org.apache.hadoop.thirdparty.com.google.common.cache.LocalCache$EntryFactory$5
2024-11-12 13:41:22,409 INFO  EvoClassLoader - Instrumenting class 'org.apache.hadoop.thirdparty.com.google.common.cache.LocalCache$EntryFactory$5'.
2024-11-12 13:41:22,409 INFO  MethodCallReplacementClassAdapter - Adding mock interface to class org/apache/hadoop/thirdparty/com/google/common/cache/LocalCache$EntryFactory$5
2024-11-12 13:41:22,410 INFO  EvoClassLoader - Keeping class: org.apache.hadoop.thirdparty.com.google.common.cache.LocalCache$EntryFactory$5
2024-11-12 13:41:22,410 INFO  EvoClassLoader - Seeing class for first time: org.apache.hadoop.thirdparty.com.google.common.cache.LocalCache$EntryFactory$6
2024-11-12 13:41:22,410 INFO  EvoClassLoader - Instrumenting class 'org.apache.hadoop.thirdparty.com.google.common.cache.LocalCache$EntryFactory$6'.
2024-11-12 13:41:22,410 INFO  MethodCallReplacementClassAdapter - Adding mock interface to class org/apache/hadoop/thirdparty/com/google/common/cache/LocalCache$EntryFactory$6
2024-11-12 13:41:22,410 INFO  EvoClassLoader - Keeping class: org.apache.hadoop.thirdparty.com.google.common.cache.LocalCache$EntryFactory$6
2024-11-12 13:41:22,410 INFO  EvoClassLoader - Seeing class for first time: org.apache.hadoop.thirdparty.com.google.common.cache.LocalCache$EntryFactory$7
2024-11-12 13:41:22,410 INFO  EvoClassLoader - Instrumenting class 'org.apache.hadoop.thirdparty.com.google.common.cache.LocalCache$EntryFactory$7'.
2024-11-12 13:41:22,410 INFO  MethodCallReplacementClassAdapter - Adding mock interface to class org/apache/hadoop/thirdparty/com/google/common/cache/LocalCache$EntryFactory$7
2024-11-12 13:41:22,410 INFO  EvoClassLoader - Keeping class: org.apache.hadoop.thirdparty.com.google.common.cache.LocalCache$EntryFactory$7
2024-11-12 13:41:22,410 INFO  EvoClassLoader - Seeing class for first time: org.apache.hadoop.thirdparty.com.google.common.cache.LocalCache$EntryFactory$8
2024-11-12 13:41:22,410 INFO  EvoClassLoader - Instrumenting class 'org.apache.hadoop.thirdparty.com.google.common.cache.LocalCache$EntryFactory$8'.
2024-11-12 13:41:22,410 INFO  MethodCallReplacementClassAdapter - Adding mock interface to class org/apache/hadoop/thirdparty/com/google/common/cache/LocalCache$EntryFactory$8
2024-11-12 13:41:22,410 INFO  EvoClassLoader - Keeping class: org.apache.hadoop.thirdparty.com.google.common.cache.LocalCache$EntryFactory$8
2024-11-12 13:41:22,413 INFO  EvoClassLoader - Seeing class for first time: org.apache.hadoop.thirdparty.com.google.common.cache.RemovalCause
2024-11-12 13:41:22,413 INFO  EvoClassLoader - Instrumenting class 'org.apache.hadoop.thirdparty.com.google.common.cache.RemovalCause'.
2024-11-12 13:41:22,413 INFO  MethodCallReplacementClassAdapter - Adding mock interface to class org/apache/hadoop/thirdparty/com/google/common/cache/RemovalCause
2024-11-12 13:41:22,413 INFO  CreateClassResetClassAdapter - Found static initializer in class org/apache/hadoop/thirdparty/com/google/common/cache/RemovalCause
2024-11-12 13:41:22,414 INFO  EvoClassLoader - Keeping class: org.apache.hadoop.thirdparty.com.google.common.cache.RemovalCause
2024-11-12 13:41:22,414 INFO  EvoClassLoader - Seeing class for first time: org.apache.hadoop.thirdparty.com.google.common.cache.LocalCache$WriteQueue$1
2024-11-12 13:41:22,414 INFO  EvoClassLoader - Instrumenting class 'org.apache.hadoop.thirdparty.com.google.common.cache.LocalCache$WriteQueue$1'.
2024-11-12 13:41:22,415 INFO  MethodCallReplacementClassAdapter - Adding mock interface to class org/apache/hadoop/thirdparty/com/google/common/cache/LocalCache$WriteQueue$1
2024-11-12 13:41:22,415 INFO  EvoClassLoader - Keeping class: org.apache.hadoop.thirdparty.com.google.common.cache.LocalCache$WriteQueue$1
2024-11-12 13:41:22,415 INFO  EvoClassLoader - Seeing class for first time: org.apache.hadoop.io.GenericWritable
2024-11-12 13:41:22,415 INFO  EvoClassLoader - Instrumenting class 'org.apache.hadoop.io.GenericWritable'.
2024-11-12 13:41:22,416 INFO  MethodCallReplacementClassAdapter - Adding mock interface to class org/apache/hadoop/io/GenericWritable
2024-11-12 13:41:22,417 INFO  CreateClassResetClassAdapter - Creating brand-new static initializer in class org/apache/hadoop/io/GenericWritable
2024-11-12 13:41:22,417 INFO  CreateClassResetClassAdapter - Adding bytecode for initializing field NOT_SET
2024-11-12 13:41:22,417 INFO  EvoClassLoader - Keeping class: org.apache.hadoop.io.GenericWritable
2024-11-12 13:41:22,417 INFO  EvoClassLoader - Seeing class for first time: org.apache.hadoop.io.TestGenericWritable$FooGenericWritable
2024-11-12 13:41:22,417 INFO  EvoClassLoader - Instrumenting class 'org.apache.hadoop.io.TestGenericWritable$FooGenericWritable'.
2024-11-12 13:41:22,417 INFO  MethodCallReplacementClassAdapter - Adding mock interface to class org/apache/hadoop/io/TestGenericWritable$FooGenericWritable
2024-11-12 13:41:22,417 INFO  CreateClassResetClassAdapter - Creating brand-new static initializer in class org/apache/hadoop/io/TestGenericWritable$FooGenericWritable
2024-11-12 13:41:22,418 INFO  EvoClassLoader - Keeping class: org.apache.hadoop.io.TestGenericWritable$FooGenericWritable
2024-11-12 13:41:22,418 INFO  EvoClassLoader - Seeing class for first time: org.apache.hadoop.io.TestGenericWritable
2024-11-12 13:41:22,418 INFO  EvoClassLoader - Instrumenting class 'org.apache.hadoop.io.TestGenericWritable'.
2024-11-12 13:41:22,418 INFO  MethodCallReplacementClassAdapter - Adding mock interface to class org/apache/hadoop/io/TestGenericWritable
2024-11-12 13:41:22,418 INFO  CreateClassResetClassAdapter - Creating brand-new static initializer in class org/apache/hadoop/io/TestGenericWritable
2024-11-12 13:41:22,418 INFO  CreateClassResetClassAdapter - Adding bytecode for initializing field CONF_TEST_KEY
2024-11-12 13:41:22,418 INFO  CreateClassResetClassAdapter - Adding bytecode for initializing field CONF_TEST_VALUE
2024-11-12 13:41:22,418 INFO  EvoClassLoader - Keeping class: org.apache.hadoop.io.TestGenericWritable
2024-11-12 13:41:22,418 INFO  EvoClassLoader - Seeing class for first time: org.apache.hadoop.conf.ReconfigurableBase
2024-11-12 13:41:22,418 INFO  EvoClassLoader - Instrumenting class 'org.apache.hadoop.conf.ReconfigurableBase'.
2024-11-12 13:41:22,418 INFO  MethodCallReplacementClassAdapter - Adding mock interface to class org/apache/hadoop/conf/ReconfigurableBase
2024-11-12 13:41:22,419 INFO  CreateClassResetClassAdapter - Found static initializer in class org/apache/hadoop/conf/ReconfigurableBase
2024-11-12 13:41:22,419 INFO  EvoClassLoader - Seeing class for first time: org.apache.hadoop.conf.Reconfigurable
2024-11-12 13:41:22,419 INFO  EvoClassLoader - Instrumenting class 'org.apache.hadoop.conf.Reconfigurable'.
2024-11-12 13:41:22,419 INFO  EvoClassLoader - Keeping class: org.apache.hadoop.conf.Reconfigurable
2024-11-12 13:41:22,419 INFO  EvoClassLoader - Keeping class: org.apache.hadoop.conf.ReconfigurableBase
2024-11-12 13:41:22,419 INFO  EvoClassLoader - Seeing class for first time: org.apache.hadoop.conf.ReconfigurableBase$ReconfigurationThread
2024-11-12 13:41:22,419 INFO  EvoClassLoader - Instrumenting class 'org.apache.hadoop.conf.ReconfigurableBase$ReconfigurationThread'.
2024-11-12 13:41:22,420 INFO  MethodCallReplacementClassAdapter - Adding mock interface to class org/apache/hadoop/conf/ReconfigurableBase$ReconfigurationThread
2024-11-12 13:41:22,420 INFO  CreateClassResetClassAdapter - Creating brand-new static initializer in class org/apache/hadoop/conf/ReconfigurableBase$ReconfigurationThread
2024-11-12 13:41:22,420 INFO  EvoClassLoader - Keeping class: org.apache.hadoop.conf.ReconfigurableBase$ReconfigurationThread
2024-11-12 13:41:22,420 INFO  EvoClassLoader - Seeing class for first time: org.apache.hadoop.conf.ReconfigurationException
2024-11-12 13:41:22,420 INFO  EvoClassLoader - Instrumenting class 'org.apache.hadoop.conf.ReconfigurationException'.
2024-11-12 13:41:22,420 INFO  MethodCallReplacementClassAdapter - Adding mock interface to class org/apache/hadoop/conf/ReconfigurationException
2024-11-12 13:41:22,421 INFO  CreateClassResetClassAdapter - Creating brand-new static initializer in class org/apache/hadoop/conf/ReconfigurationException
2024-11-12 13:41:22,421 INFO  EvoClassLoader - Keeping class: org.apache.hadoop.conf.ReconfigurationException
2024-11-12 13:41:22,421 INFO  EvoClassLoader - Seeing class for first time: org.apache.hadoop.conf.ReconfigurationUtil
2024-11-12 13:41:22,421 INFO  EvoClassLoader - Instrumenting class 'org.apache.hadoop.conf.ReconfigurationUtil'.
2024-11-12 13:41:22,421 INFO  MethodCallReplacementClassAdapter - Adding mock interface to class org/apache/hadoop/conf/ReconfigurationUtil
2024-11-12 13:41:22,421 INFO  CreateClassResetClassAdapter - Creating brand-new static initializer in class org/apache/hadoop/conf/ReconfigurationUtil
2024-11-12 13:41:22,421 INFO  EvoClassLoader - Keeping class: org.apache.hadoop.conf.ReconfigurationUtil
2024-11-12 13:41:22,421 INFO  EvoClassLoader - Seeing class for first time: org.apache.commons.collections.collection.AbstractCollectionDecorator
2024-11-12 13:41:22,421 INFO  EvoClassLoader - Instrumenting class 'org.apache.commons.collections.collection.AbstractCollectionDecorator'.
2024-11-12 13:41:22,421 INFO  MethodCallReplacementClassAdapter - Adding mock interface to class org/apache/commons/collections/collection/AbstractCollectionDecorator
2024-11-12 13:41:22,422 INFO  CreateClassResetClassAdapter - Creating brand-new static initializer in class org/apache/commons/collections/collection/AbstractCollectionDecorator
2024-11-12 13:41:22,422 INFO  EvoClassLoader - Defined package (3): package org.apache.commons.collections.collection, -372261261
2024-11-12 13:41:22,422 INFO  EvoClassLoader - Keeping class: org.apache.commons.collections.collection.AbstractCollectionDecorator
2024-11-12 13:41:22,422 INFO  EvoClassLoader - Seeing class for first time: org.apache.commons.collections.set.AbstractSetDecorator
2024-11-12 13:41:22,422 INFO  EvoClassLoader - Instrumenting class 'org.apache.commons.collections.set.AbstractSetDecorator'.
2024-11-12 13:41:22,422 INFO  MethodCallReplacementClassAdapter - Adding mock interface to class org/apache/commons/collections/set/AbstractSetDecorator
2024-11-12 13:41:22,422 INFO  CreateClassResetClassAdapter - Creating brand-new static initializer in class org/apache/commons/collections/set/AbstractSetDecorator
2024-11-12 13:41:22,422 INFO  EvoClassLoader - Defined package (3): package org.apache.commons.collections.set, -1340431827
2024-11-12 13:41:22,422 INFO  EvoClassLoader - Keeping class: org.apache.commons.collections.set.AbstractSetDecorator
2024-11-12 13:41:22,423 INFO  EvoClassLoader - Seeing class for first time: org.apache.commons.collections.map.UnmodifiableEntrySet
2024-11-12 13:41:22,423 INFO  EvoClassLoader - Instrumenting class 'org.apache.commons.collections.map.UnmodifiableEntrySet'.
2024-11-12 13:41:22,423 INFO  MethodCallReplacementClassAdapter - Adding mock interface to class org/apache/commons/collections/map/UnmodifiableEntrySet
2024-11-12 13:41:22,424 INFO  CreateClassResetClassAdapter - Creating brand-new static initializer in class org/apache/commons/collections/map/UnmodifiableEntrySet
2024-11-12 13:41:22,424 INFO  EvoClassLoader - Keeping class: org.apache.commons.collections.map.UnmodifiableEntrySet
2024-11-12 13:41:22,424 INFO  EvoClassLoader - Seeing class for first time: org.apache.commons.collections.iterators.AbstractIteratorDecorator
2024-11-12 13:41:22,424 INFO  EvoClassLoader - Instrumenting class 'org.apache.commons.collections.iterators.AbstractIteratorDecorator'.
2024-11-12 13:41:22,424 INFO  MethodCallReplacementClassAdapter - Adding mock interface to class org/apache/commons/collections/iterators/AbstractIteratorDecorator
2024-11-12 13:41:22,424 INFO  CreateClassResetClassAdapter - Creating brand-new static initializer in class org/apache/commons/collections/iterators/AbstractIteratorDecorator
2024-11-12 13:41:22,424 INFO  EvoClassLoader - Defined package (3): package org.apache.commons.collections.iterators, -1397807280
2024-11-12 13:41:22,424 INFO  EvoClassLoader - Keeping class: org.apache.commons.collections.iterators.AbstractIteratorDecorator
2024-11-12 13:41:22,425 INFO  EvoClassLoader - Seeing class for first time: org.apache.commons.collections.map.UnmodifiableEntrySet$UnmodifiableEntrySetIterator
2024-11-12 13:41:22,425 INFO  EvoClassLoader - Instrumenting class 'org.apache.commons.collections.map.UnmodifiableEntrySet$UnmodifiableEntrySetIterator'.
2024-11-12 13:41:22,425 INFO  MethodCallReplacementClassAdapter - Adding mock interface to class org/apache/commons/collections/map/UnmodifiableEntrySet$UnmodifiableEntrySetIterator
2024-11-12 13:41:22,425 INFO  CreateClassResetClassAdapter - Creating brand-new static initializer in class org/apache/commons/collections/map/UnmodifiableEntrySet$UnmodifiableEntrySetIterator
2024-11-12 13:41:22,425 INFO  EvoClassLoader - Keeping class: org.apache.commons.collections.map.UnmodifiableEntrySet$UnmodifiableEntrySetIterator
2024-11-12 13:41:22,425 INFO  EvoClassLoader - Seeing class for first time: org.apache.commons.collections.map.UnmodifiableEntrySet$UnmodifiableEntry
2024-11-12 13:41:22,425 INFO  EvoClassLoader - Instrumenting class 'org.apache.commons.collections.map.UnmodifiableEntrySet$UnmodifiableEntry'.
2024-11-12 13:41:22,425 INFO  MethodCallReplacementClassAdapter - Adding mock interface to class org/apache/commons/collections/map/UnmodifiableEntrySet$UnmodifiableEntry
2024-11-12 13:41:22,425 INFO  CreateClassResetClassAdapter - Creating brand-new static initializer in class org/apache/commons/collections/map/UnmodifiableEntrySet$UnmodifiableEntry
2024-11-12 13:41:22,425 INFO  EvoClassLoader - Seeing class for first time: org.apache.commons.collections.keyvalue.AbstractMapEntryDecorator
2024-11-12 13:41:22,425 INFO  EvoClassLoader - Instrumenting class 'org.apache.commons.collections.keyvalue.AbstractMapEntryDecorator'.
2024-11-12 13:41:22,425 INFO  MethodCallReplacementClassAdapter - Adding mock interface to class org/apache/commons/collections/keyvalue/AbstractMapEntryDecorator
2024-11-12 13:41:22,425 INFO  CreateClassResetClassAdapter - Creating brand-new static initializer in class org/apache/commons/collections/keyvalue/AbstractMapEntryDecorator
2024-11-12 13:41:22,426 INFO  EvoClassLoader - Defined package (3): package org.apache.commons.collections.keyvalue, -567273593
2024-11-12 13:41:22,426 INFO  EvoClassLoader - Seeing class for first time: org.apache.commons.collections.KeyValue
2024-11-12 13:41:22,426 INFO  EvoClassLoader - Instrumenting class 'org.apache.commons.collections.KeyValue'.
2024-11-12 13:41:22,426 INFO  EvoClassLoader - Keeping class: org.apache.commons.collections.KeyValue
2024-11-12 13:41:22,426 INFO  EvoClassLoader - Keeping class: org.apache.commons.collections.keyvalue.AbstractMapEntryDecorator
2024-11-12 13:41:22,426 INFO  EvoClassLoader - Keeping class: org.apache.commons.collections.map.UnmodifiableEntrySet$UnmodifiableEntry
2024-11-12 13:41:22,426 INFO  EvoClassLoader - Seeing class for first time: org.apache.hadoop.hdfs.server.common.HdfsServerConstants
2024-11-12 13:41:22,426 INFO  EvoClassLoader - Instrumenting class 'org.apache.hadoop.hdfs.server.common.HdfsServerConstants'.
2024-11-12 13:41:22,427 INFO  EvoClassLoader - Keeping class: org.apache.hadoop.hdfs.server.common.HdfsServerConstants
2024-11-12 13:41:22,427 INFO  EvoClassLoader - Seeing class for first time: org.apache.hadoop.hdfs.server.common.HdfsServerConstants$ReplicaState
2024-11-12 13:41:22,427 INFO  EvoClassLoader - Instrumenting class 'org.apache.hadoop.hdfs.server.common.HdfsServerConstants$ReplicaState'.
2024-11-12 13:41:22,427 INFO  MethodCallReplacementClassAdapter - Adding mock interface to class org/apache/hadoop/hdfs/server/common/HdfsServerConstants$ReplicaState
2024-11-12 13:41:22,427 INFO  CreateClassResetClassAdapter - Found static initializer in class org/apache/hadoop/hdfs/server/common/HdfsServerConstants$ReplicaState
2024-11-12 13:41:22,427 INFO  EvoClassLoader - Keeping class: org.apache.hadoop.hdfs.server.common.HdfsServerConstants$ReplicaState
2024-11-12 13:41:22,427 INFO  EvoClassLoader - Seeing class for first time: org.apache.hadoop.hdfs.server.common.HdfsServerConstants$NamenodeRole
2024-11-12 13:41:22,427 INFO  EvoClassLoader - Instrumenting class 'org.apache.hadoop.hdfs.server.common.HdfsServerConstants$NamenodeRole'.
2024-11-12 13:41:22,428 INFO  MethodCallReplacementClassAdapter - Adding mock interface to class org/apache/hadoop/hdfs/server/common/HdfsServerConstants$NamenodeRole
2024-11-12 13:41:22,428 INFO  CreateClassResetClassAdapter - Found static initializer in class org/apache/hadoop/hdfs/server/common/HdfsServerConstants$NamenodeRole
2024-11-12 13:41:22,428 INFO  EvoClassLoader - Keeping class: org.apache.hadoop.hdfs.server.common.HdfsServerConstants$NamenodeRole
2024-11-12 13:41:22,428 INFO  EvoClassLoader - Seeing class for first time: org.apache.hadoop.hdfs.server.namenode.MetaRecoveryContext
2024-11-12 13:41:22,428 INFO  EvoClassLoader - Instrumenting class 'org.apache.hadoop.hdfs.server.namenode.MetaRecoveryContext'.
2024-11-12 13:41:22,428 INFO  MethodCallReplacementClassAdapter - Adding mock interface to class org/apache/hadoop/hdfs/server/namenode/MetaRecoveryContext
2024-11-12 13:41:22,428 INFO  CreateClassResetClassAdapter - Found static initializer in class org/apache/hadoop/hdfs/server/namenode/MetaRecoveryContext
2024-11-12 13:41:22,429 INFO  EvoClassLoader - Keeping class: org.apache.hadoop.hdfs.server.namenode.MetaRecoveryContext
2024-11-12 13:41:22,429 INFO  EvoClassLoader - Seeing class for first time: org.apache.hadoop.hdfs.server.common.HdfsServerConstants$RollingUpgradeStartupOption
2024-11-12 13:41:22,429 INFO  EvoClassLoader - Instrumenting class 'org.apache.hadoop.hdfs.server.common.HdfsServerConstants$RollingUpgradeStartupOption'.
2024-11-12 13:41:22,429 INFO  MethodCallReplacementClassAdapter - Adding mock interface to class org/apache/hadoop/hdfs/server/common/HdfsServerConstants$RollingUpgradeStartupOption
2024-11-12 13:41:22,429 INFO  CreateClassResetClassAdapter - Found static initializer in class org/apache/hadoop/hdfs/server/common/HdfsServerConstants$RollingUpgradeStartupOption
2024-11-12 13:41:22,429 INFO  EvoClassLoader - Keeping class: org.apache.hadoop.hdfs.server.common.HdfsServerConstants$RollingUpgradeStartupOption
2024-11-12 13:41:22,430 INFO  EvoClassLoader - Seeing class for first time: org.apache.hadoop.hdfs.server.namenode.ha.HAState
2024-11-12 13:41:22,430 INFO  EvoClassLoader - Instrumenting class 'org.apache.hadoop.hdfs.server.namenode.ha.HAState'.
2024-11-12 13:41:22,430 INFO  MethodCallReplacementClassAdapter - Adding mock interface to class org/apache/hadoop/hdfs/server/namenode/ha/HAState
2024-11-12 13:41:22,430 INFO  CreateClassResetClassAdapter - Creating brand-new static initializer in class org/apache/hadoop/hdfs/server/namenode/ha/HAState
2024-11-12 13:41:22,430 INFO  EvoClassLoader - Keeping class: org.apache.hadoop.hdfs.server.namenode.ha.HAState
2024-11-12 13:41:22,430 INFO  EvoClassLoader - Seeing class for first time: org.apache.hadoop.hdfs.server.namenode.ha.ActiveState
2024-11-12 13:41:22,430 INFO  EvoClassLoader - Instrumenting class 'org.apache.hadoop.hdfs.server.namenode.ha.ActiveState'.
2024-11-12 13:41:22,430 INFO  MethodCallReplacementClassAdapter - Adding mock interface to class org/apache/hadoop/hdfs/server/namenode/ha/ActiveState
2024-11-12 13:41:22,430 INFO  CreateClassResetClassAdapter - Creating brand-new static initializer in class org/apache/hadoop/hdfs/server/namenode/ha/ActiveState
2024-11-12 13:41:22,430 INFO  EvoClassLoader - Keeping class: org.apache.hadoop.hdfs.server.namenode.ha.ActiveState
2024-11-12 13:41:22,430 INFO  EvoClassLoader - Seeing class for first time: org.apache.hadoop.ha.HAServiceProtocol
2024-11-12 13:41:22,430 INFO  EvoClassLoader - Instrumenting class 'org.apache.hadoop.ha.HAServiceProtocol'.
2024-11-12 13:41:22,431 INFO  EvoClassLoader - Keeping class: org.apache.hadoop.ha.HAServiceProtocol
2024-11-12 13:41:22,431 INFO  EvoClassLoader - Seeing class for first time: org.apache.hadoop.ha.HAServiceProtocol$StateChangeRequestInfo
2024-11-12 13:41:22,431 INFO  EvoClassLoader - Instrumenting class 'org.apache.hadoop.ha.HAServiceProtocol$StateChangeRequestInfo'.
2024-11-12 13:41:22,431 INFO  MethodCallReplacementClassAdapter - Adding mock interface to class org/apache/hadoop/ha/HAServiceProtocol$StateChangeRequestInfo
2024-11-12 13:41:22,431 INFO  CreateClassResetClassAdapter - Creating brand-new static initializer in class org/apache/hadoop/ha/HAServiceProtocol$StateChangeRequestInfo
2024-11-12 13:41:22,431 INFO  EvoClassLoader - Keeping class: org.apache.hadoop.ha.HAServiceProtocol$StateChangeRequestInfo
2024-11-12 13:41:22,431 INFO  EvoClassLoader - Seeing class for first time: org.apache.hadoop.ha.HAServiceProtocol$RequestSource
2024-11-12 13:41:22,431 INFO  EvoClassLoader - Instrumenting class 'org.apache.hadoop.ha.HAServiceProtocol$RequestSource'.
2024-11-12 13:41:22,431 INFO  MethodCallReplacementClassAdapter - Adding mock interface to class org/apache/hadoop/ha/HAServiceProtocol$RequestSource
2024-11-12 13:41:22,431 INFO  CreateClassResetClassAdapter - Found static initializer in class org/apache/hadoop/ha/HAServiceProtocol$RequestSource
2024-11-12 13:41:22,431 INFO  EvoClassLoader - Keeping class: org.apache.hadoop.ha.HAServiceProtocol$RequestSource
2024-11-12 13:41:22,432 INFO  EvoClassLoader - Seeing class for first time: org.apache.hadoop.hdfs.server.namenode.ha.StandbyState
2024-11-12 13:41:22,432 INFO  EvoClassLoader - Instrumenting class 'org.apache.hadoop.hdfs.server.namenode.ha.StandbyState'.
2024-11-12 13:41:22,432 INFO  MethodCallReplacementClassAdapter - Adding mock interface to class org/apache/hadoop/hdfs/server/namenode/ha/StandbyState
2024-11-12 13:41:22,432 INFO  CreateClassResetClassAdapter - Creating brand-new static initializer in class org/apache/hadoop/hdfs/server/namenode/ha/StandbyState
2024-11-12 13:41:22,432 INFO  EvoClassLoader - Keeping class: org.apache.hadoop.hdfs.server.namenode.ha.StandbyState
2024-11-12 13:41:22,432 INFO  EvoClassLoader - Seeing class for first time: org.apache.hadoop.hdfs.server.namenode.startupprogress.StartupProgress
2024-11-12 13:41:22,432 INFO  EvoClassLoader - Instrumenting class 'org.apache.hadoop.hdfs.server.namenode.startupprogress.StartupProgress'.
2024-11-12 13:41:22,433 INFO  MethodCallReplacementClassAdapter - Adding mock interface to class org/apache/hadoop/hdfs/server/namenode/startupprogress/StartupProgress
2024-11-12 13:41:22,433 INFO  CreateClassResetClassAdapter - Creating brand-new static initializer in class org/apache/hadoop/hdfs/server/namenode/startupprogress/StartupProgress
2024-11-12 13:41:22,433 INFO  EvoClassLoader - Keeping class: org.apache.hadoop.hdfs.server.namenode.startupprogress.StartupProgress
2024-11-12 13:41:22,433 INFO  EvoClassLoader - Seeing class for first time: org.apache.hadoop.hdfs.server.namenode.startupprogress.Phase
2024-11-12 13:41:22,433 INFO  EvoClassLoader - Instrumenting class 'org.apache.hadoop.hdfs.server.namenode.startupprogress.Phase'.
2024-11-12 13:41:22,433 INFO  MethodCallReplacementClassAdapter - Adding mock interface to class org/apache/hadoop/hdfs/server/namenode/startupprogress/Phase
2024-11-12 13:41:22,434 INFO  CreateClassResetClassAdapter - Found static initializer in class org/apache/hadoop/hdfs/server/namenode/startupprogress/Phase
2024-11-12 13:41:22,434 INFO  EvoClassLoader - Keeping class: org.apache.hadoop.hdfs.server.namenode.startupprogress.Phase
2024-11-12 13:41:22,434 INFO  EvoClassLoader - Seeing class for first time: org.apache.hadoop.hdfs.server.namenode.startupprogress.Status
2024-11-12 13:41:22,434 INFO  EvoClassLoader - Instrumenting class 'org.apache.hadoop.hdfs.server.namenode.startupprogress.Status'.
2024-11-12 13:41:22,434 INFO  MethodCallReplacementClassAdapter - Adding mock interface to class org/apache/hadoop/hdfs/server/namenode/startupprogress/Status
2024-11-12 13:41:22,434 INFO  CreateClassResetClassAdapter - Found static initializer in class org/apache/hadoop/hdfs/server/namenode/startupprogress/Status
2024-11-12 13:41:22,434 INFO  EvoClassLoader - Keeping class: org.apache.hadoop.hdfs.server.namenode.startupprogress.Status
2024-11-12 13:41:22,434 INFO  EvoClassLoader - Seeing class for first time: org.apache.hadoop.hdfs.server.namenode.startupprogress.StepTracking
2024-11-12 13:41:22,434 INFO  EvoClassLoader - Instrumenting class 'org.apache.hadoop.hdfs.server.namenode.startupprogress.StepTracking'.
2024-11-12 13:41:22,434 INFO  MethodCallReplacementClassAdapter - Adding mock interface to class org/apache/hadoop/hdfs/server/namenode/startupprogress/StepTracking
2024-11-12 13:41:22,434 INFO  CreateClassResetClassAdapter - Creating brand-new static initializer in class org/apache/hadoop/hdfs/server/namenode/startupprogress/StepTracking
2024-11-12 13:41:22,434 INFO  EvoClassLoader - Seeing class for first time: org.apache.hadoop.hdfs.server.namenode.startupprogress.AbstractTracking
2024-11-12 13:41:22,434 INFO  EvoClassLoader - Instrumenting class 'org.apache.hadoop.hdfs.server.namenode.startupprogress.AbstractTracking'.
2024-11-12 13:41:22,434 INFO  MethodCallReplacementClassAdapter - Adding mock interface to class org/apache/hadoop/hdfs/server/namenode/startupprogress/AbstractTracking
2024-11-12 13:41:22,435 INFO  CreateClassResetClassAdapter - Creating brand-new static initializer in class org/apache/hadoop/hdfs/server/namenode/startupprogress/AbstractTracking
2024-11-12 13:41:22,435 INFO  EvoClassLoader - Keeping class: org.apache.hadoop.hdfs.server.namenode.startupprogress.AbstractTracking
2024-11-12 13:41:22,435 INFO  EvoClassLoader - Keeping class: org.apache.hadoop.hdfs.server.namenode.startupprogress.StepTracking
2024-11-12 13:41:22,435 INFO  EvoClassLoader - Seeing class for first time: org.apache.hadoop.hdfs.server.namenode.startupprogress.StartupProgressView
2024-11-12 13:41:22,435 INFO  EvoClassLoader - Instrumenting class 'org.apache.hadoop.hdfs.server.namenode.startupprogress.StartupProgressView'.
2024-11-12 13:41:22,435 INFO  MethodCallReplacementClassAdapter - Adding mock interface to class org/apache/hadoop/hdfs/server/namenode/startupprogress/StartupProgressView
2024-11-12 13:41:22,435 INFO  CreateClassResetClassAdapter - Creating brand-new static initializer in class org/apache/hadoop/hdfs/server/namenode/startupprogress/StartupProgressView
2024-11-12 13:41:22,435 INFO  EvoClassLoader - Keeping class: org.apache.hadoop.hdfs.server.namenode.startupprogress.StartupProgressView
2024-11-12 13:41:22,435 INFO  EvoClassLoader - Seeing class for first time: org.apache.hadoop.hdfs.server.namenode.startupprogress.PhaseTracking
2024-11-12 13:41:22,435 INFO  EvoClassLoader - Instrumenting class 'org.apache.hadoop.hdfs.server.namenode.startupprogress.PhaseTracking'.
2024-11-12 13:41:22,436 INFO  MethodCallReplacementClassAdapter - Adding mock interface to class org/apache/hadoop/hdfs/server/namenode/startupprogress/PhaseTracking
2024-11-12 13:41:22,436 INFO  CreateClassResetClassAdapter - Creating brand-new static initializer in class org/apache/hadoop/hdfs/server/namenode/startupprogress/PhaseTracking
2024-11-12 13:41:22,436 INFO  EvoClassLoader - Keeping class: org.apache.hadoop.hdfs.server.namenode.startupprogress.PhaseTracking
2024-11-12 13:41:22,436 INFO  EvoClassLoader - Seeing class for first time: org.apache.hadoop.hdfs.server.namenode.NameNode
2024-11-12 13:41:22,436 INFO  EvoClassLoader - Instrumenting class 'org.apache.hadoop.hdfs.server.namenode.NameNode'.
2024-11-12 13:41:22,437 INFO  MethodCallReplacementClassAdapter - Adding mock interface to class org/apache/hadoop/hdfs/server/namenode/NameNode
2024-11-12 13:41:22,451 INFO  CreateClassResetClassAdapter - Found static initializer in class org/apache/hadoop/hdfs/server/namenode/NameNode
2024-11-12 13:41:22,452 INFO  EvoClassLoader - Seeing class for first time: org.apache.hadoop.hdfs.server.namenode.NameNodeStatusMXBean
2024-11-12 13:41:22,452 INFO  EvoClassLoader - Instrumenting class 'org.apache.hadoop.hdfs.server.namenode.NameNodeStatusMXBean'.
2024-11-12 13:41:22,453 INFO  EvoClassLoader - Keeping class: org.apache.hadoop.hdfs.server.namenode.NameNodeStatusMXBean
2024-11-12 13:41:22,453 INFO  EvoClassLoader - Seeing class for first time: org.apache.hadoop.hdfs.server.common.TokenVerifier
2024-11-12 13:41:22,453 INFO  EvoClassLoader - Instrumenting class 'org.apache.hadoop.hdfs.server.common.TokenVerifier'.
2024-11-12 13:41:22,453 INFO  EvoClassLoader - Keeping class: org.apache.hadoop.hdfs.server.common.TokenVerifier
2024-11-12 13:41:22,453 INFO  EvoClassLoader - Keeping class: org.apache.hadoop.hdfs.server.namenode.NameNode
2024-11-12 13:41:22,453 INFO  EvoClassLoader - Seeing class for first time: org.apache.hadoop.hdfs.server.namenode.NameNodeFormatException
2024-11-12 13:41:22,453 INFO  EvoClassLoader - Instrumenting class 'org.apache.hadoop.hdfs.server.namenode.NameNodeFormatException'.
2024-11-12 13:41:22,453 INFO  MethodCallReplacementClassAdapter - Adding mock interface to class org/apache/hadoop/hdfs/server/namenode/NameNodeFormatException
2024-11-12 13:41:22,454 INFO  CreateClassResetClassAdapter - Creating brand-new static initializer in class org/apache/hadoop/hdfs/server/namenode/NameNodeFormatException
2024-11-12 13:41:22,454 INFO  EvoClassLoader - Keeping class: org.apache.hadoop.hdfs.server.namenode.NameNodeFormatException
2024-11-12 13:41:22,454 INFO  EvoClassLoader - Seeing class for first time: org.apache.hadoop.hdfs.server.protocol.NamenodeProtocols
2024-11-12 13:41:22,454 INFO  EvoClassLoader - Instrumenting class 'org.apache.hadoop.hdfs.server.protocol.NamenodeProtocols'.
2024-11-12 13:41:22,454 INFO  EvoClassLoader - Seeing class for first time: org.apache.hadoop.hdfs.protocol.ClientProtocol
2024-11-12 13:41:22,454 INFO  EvoClassLoader - Instrumenting class 'org.apache.hadoop.hdfs.protocol.ClientProtocol'.
2024-11-12 13:41:22,455 INFO  EvoClassLoader - Keeping class: org.apache.hadoop.hdfs.protocol.ClientProtocol
2024-11-12 13:41:22,455 INFO  EvoClassLoader - Seeing class for first time: org.apache.hadoop.hdfs.server.protocol.DatanodeProtocol
2024-11-12 13:41:22,455 INFO  EvoClassLoader - Instrumenting class 'org.apache.hadoop.hdfs.server.protocol.DatanodeProtocol'.
2024-11-12 13:41:22,455 INFO  EvoClassLoader - Keeping class: org.apache.hadoop.hdfs.server.protocol.DatanodeProtocol
2024-11-12 13:41:22,455 INFO  EvoClassLoader - Seeing class for first time: org.apache.hadoop.hdfs.server.protocol.DatanodeLifelineProtocol
2024-11-12 13:41:22,455 INFO  EvoClassLoader - Instrumenting class 'org.apache.hadoop.hdfs.server.protocol.DatanodeLifelineProtocol'.
2024-11-12 13:41:22,456 INFO  EvoClassLoader - Keeping class: org.apache.hadoop.hdfs.server.protocol.DatanodeLifelineProtocol
2024-11-12 13:41:22,456 INFO  EvoClassLoader - Seeing class for first time: org.apache.hadoop.hdfs.server.protocol.NamenodeProtocol
2024-11-12 13:41:22,456 INFO  EvoClassLoader - Instrumenting class 'org.apache.hadoop.hdfs.server.protocol.NamenodeProtocol'.
2024-11-12 13:41:22,456 INFO  EvoClassLoader - Keeping class: org.apache.hadoop.hdfs.server.protocol.NamenodeProtocol
2024-11-12 13:41:22,456 INFO  EvoClassLoader - Seeing class for first time: org.apache.hadoop.security.authorize.RefreshAuthorizationPolicyProtocol
2024-11-12 13:41:22,456 INFO  EvoClassLoader - Instrumenting class 'org.apache.hadoop.security.authorize.RefreshAuthorizationPolicyProtocol'.
2024-11-12 13:41:22,456 INFO  EvoClassLoader - Defined package (3): package org.apache.hadoop.security.authorize, 1538066510
2024-11-12 13:41:22,456 INFO  EvoClassLoader - Keeping class: org.apache.hadoop.security.authorize.RefreshAuthorizationPolicyProtocol
2024-11-12 13:41:22,456 INFO  EvoClassLoader - Seeing class for first time: org.apache.hadoop.security.RefreshUserMappingsProtocol
2024-11-12 13:41:22,456 INFO  EvoClassLoader - Instrumenting class 'org.apache.hadoop.security.RefreshUserMappingsProtocol'.
2024-11-12 13:41:22,456 INFO  EvoClassLoader - Keeping class: org.apache.hadoop.security.RefreshUserMappingsProtocol
2024-11-12 13:41:22,456 INFO  EvoClassLoader - Seeing class for first time: org.apache.hadoop.ipc.RefreshCallQueueProtocol
2024-11-12 13:41:22,456 INFO  EvoClassLoader - Instrumenting class 'org.apache.hadoop.ipc.RefreshCallQueueProtocol'.
2024-11-12 13:41:22,456 INFO  EvoClassLoader - Keeping class: org.apache.hadoop.ipc.RefreshCallQueueProtocol
2024-11-12 13:41:22,456 INFO  EvoClassLoader - Seeing class for first time: org.apache.hadoop.ipc.GenericRefreshProtocol
2024-11-12 13:41:22,456 INFO  EvoClassLoader - Instrumenting class 'org.apache.hadoop.ipc.GenericRefreshProtocol'.
2024-11-12 13:41:22,457 INFO  EvoClassLoader - Keeping class: org.apache.hadoop.ipc.GenericRefreshProtocol
2024-11-12 13:41:22,457 INFO  EvoClassLoader - Seeing class for first time: org.apache.hadoop.tools.GetUserMappingsProtocol
2024-11-12 13:41:22,457 INFO  EvoClassLoader - Instrumenting class 'org.apache.hadoop.tools.GetUserMappingsProtocol'.
2024-11-12 13:41:22,457 INFO  EvoClassLoader - Defined package (3): package org.apache.hadoop.tools, -1146752664
2024-11-12 13:41:22,457 INFO  EvoClassLoader - Keeping class: org.apache.hadoop.tools.GetUserMappingsProtocol
2024-11-12 13:41:22,457 INFO  EvoClassLoader - Keeping class: org.apache.hadoop.hdfs.server.protocol.NamenodeProtocols
2024-11-12 13:41:22,457 INFO  EvoClassLoader - Seeing class for first time: org.apache.hadoop.ipc.Server$Call
2024-11-12 13:41:22,457 INFO  EvoClassLoader - Instrumenting class 'org.apache.hadoop.ipc.Server$Call'.
2024-11-12 13:41:22,457 INFO  MethodCallReplacementClassAdapter - Adding mock interface to class org/apache/hadoop/ipc/Server$Call
2024-11-12 13:41:22,457 INFO  CreateClassResetClassAdapter - Found static initializer in class org/apache/hadoop/ipc/Server$Call
2024-11-12 13:41:22,457 INFO  EvoClassLoader - Seeing class for first time: org.apache.hadoop.ipc.Schedulable
2024-11-12 13:41:22,457 INFO  EvoClassLoader - Instrumenting class 'org.apache.hadoop.ipc.Schedulable'.
2024-11-12 13:41:22,458 INFO  EvoClassLoader - Keeping class: org.apache.hadoop.ipc.Schedulable
2024-11-12 13:41:22,458 INFO  EvoClassLoader - Keeping class: org.apache.hadoop.ipc.Server$Call
2024-11-12 13:41:22,458 INFO  EvoClassLoader - Seeing class for first time: org.apache.hadoop.ipc.ExternalCall
2024-11-12 13:41:22,458 INFO  EvoClassLoader - Instrumenting class 'org.apache.hadoop.ipc.ExternalCall'.
2024-11-12 13:41:22,458 INFO  MethodCallReplacementClassAdapter - Adding mock interface to class org/apache/hadoop/ipc/ExternalCall
2024-11-12 13:41:22,458 INFO  CreateClassResetClassAdapter - Creating brand-new static initializer in class org/apache/hadoop/ipc/ExternalCall
2024-11-12 13:41:22,458 INFO  EvoClassLoader - Keeping class: org.apache.hadoop.ipc.ExternalCall
2024-11-12 13:41:22,459 INFO  EvoClassLoader - Seeing class for first time: org.apache.hadoop.hdfs.server.namenode.BackupNode
2024-11-12 13:41:22,459 INFO  EvoClassLoader - Instrumenting class 'org.apache.hadoop.hdfs.server.namenode.BackupNode'.
2024-11-12 13:41:22,459 INFO  MethodCallReplacementClassAdapter - Adding mock interface to class org/apache/hadoop/hdfs/server/namenode/BackupNode
2024-11-12 13:41:22,460 INFO  CreateClassResetClassAdapter - Found static initializer in class org/apache/hadoop/hdfs/server/namenode/BackupNode
2024-11-12 13:41:22,460 INFO  EvoClassLoader - Keeping class: org.apache.hadoop.hdfs.server.namenode.BackupNode
2024-11-12 13:41:22,460 INFO  EvoClassLoader - Seeing class for first time: org.apache.hadoop.ha.HealthCheckFailedException
2024-11-12 13:41:22,460 INFO  EvoClassLoader - Instrumenting class 'org.apache.hadoop.ha.HealthCheckFailedException'.
2024-11-12 13:41:22,461 INFO  MethodCallReplacementClassAdapter - Adding mock interface to class org/apache/hadoop/ha/HealthCheckFailedException
2024-11-12 13:41:22,461 INFO  CreateClassResetClassAdapter - Creating brand-new static initializer in class org/apache/hadoop/ha/HealthCheckFailedException
2024-11-12 13:41:22,461 INFO  EvoClassLoader - Keeping class: org.apache.hadoop.ha.HealthCheckFailedException
2024-11-12 13:41:22,462 INFO  EvoClassLoader - Seeing class for first time: org.apache.hadoop.http.HttpServer2
2024-11-12 13:41:22,462 INFO  EvoClassLoader - Instrumenting class 'org.apache.hadoop.http.HttpServer2'.
2024-11-12 13:41:22,462 INFO  MethodCallReplacementClassAdapter - Adding mock interface to class org/apache/hadoop/http/HttpServer2
2024-11-12 13:41:22,466 INFO  CreateClassResetClassAdapter - Found static initializer in class org/apache/hadoop/http/HttpServer2
2024-11-12 13:41:22,467 INFO  EvoClassLoader - Seeing class for first time: org.apache.hadoop.http.FilterContainer
2024-11-12 13:41:22,467 INFO  EvoClassLoader - Instrumenting class 'org.apache.hadoop.http.FilterContainer'.
2024-11-12 13:41:22,467 INFO  EvoClassLoader - Keeping class: org.apache.hadoop.http.FilterContainer
2024-11-12 13:41:22,468 INFO  EvoClassLoader - Keeping class: org.apache.hadoop.http.HttpServer2
2024-11-12 13:41:22,468 INFO  EvoClassLoader - Seeing class for first time: org.apache.hadoop.hdfs.server.namenode.metrics.NameNodeMetrics
2024-11-12 13:41:22,468 INFO  EvoClassLoader - Instrumenting class 'org.apache.hadoop.hdfs.server.namenode.metrics.NameNodeMetrics'.
2024-11-12 13:41:22,468 INFO  MethodCallReplacementClassAdapter - Adding mock interface to class org/apache/hadoop/hdfs/server/namenode/metrics/NameNodeMetrics
2024-11-12 13:41:22,469 INFO  CreateClassResetClassAdapter - Creating brand-new static initializer in class org/apache/hadoop/hdfs/server/namenode/metrics/NameNodeMetrics
2024-11-12 13:41:22,469 INFO  EvoClassLoader - Keeping class: org.apache.hadoop.hdfs.server.namenode.metrics.NameNodeMetrics
2024-11-12 13:41:22,469 INFO  EvoClassLoader - Seeing class for first time: org.apache.hadoop.hdfs.server.namenode.NameNodeRpcServer
2024-11-12 13:41:22,469 INFO  EvoClassLoader - Instrumenting class 'org.apache.hadoop.hdfs.server.namenode.NameNodeRpcServer'.
2024-11-12 13:41:22,470 INFO  MethodCallReplacementClassAdapter - Adding mock interface to class org/apache/hadoop/hdfs/server/namenode/NameNodeRpcServer
2024-11-12 13:41:22,474 INFO  CreateClassResetClassAdapter - Found static initializer in class org/apache/hadoop/hdfs/server/namenode/NameNodeRpcServer
2024-11-12 13:41:22,476 INFO  EvoClassLoader - Keeping class: org.apache.hadoop.hdfs.server.namenode.NameNodeRpcServer
2024-11-12 13:41:22,476 INFO  EvoClassLoader - Seeing class for first time: org.apache.hadoop.hdfs.server.aliasmap.InMemoryLevelDBAliasMapServer
2024-11-12 13:41:22,476 INFO  EvoClassLoader - Instrumenting class 'org.apache.hadoop.hdfs.server.aliasmap.InMemoryLevelDBAliasMapServer'.
2024-11-12 13:41:22,476 INFO  MethodCallReplacementClassAdapter - Adding mock interface to class org/apache/hadoop/hdfs/server/aliasmap/InMemoryLevelDBAliasMapServer
2024-11-12 13:41:22,477 INFO  CreateClassResetClassAdapter - Found static initializer in class org/apache/hadoop/hdfs/server/aliasmap/InMemoryLevelDBAliasMapServer
2024-11-12 13:41:22,477 INFO  EvoClassLoader - Defined package (3): package org.apache.hadoop.hdfs.server.aliasmap, 1977290501
2024-11-12 13:41:22,477 INFO  EvoClassLoader - Seeing class for first time: org.apache.hadoop.hdfs.server.aliasmap.InMemoryAliasMapProtocol
2024-11-12 13:41:22,477 INFO  EvoClassLoader - Instrumenting class 'org.apache.hadoop.hdfs.server.aliasmap.InMemoryAliasMapProtocol'.
2024-11-12 13:41:22,478 INFO  EvoClassLoader - Keeping class: org.apache.hadoop.hdfs.server.aliasmap.InMemoryAliasMapProtocol
2024-11-12 13:41:22,478 INFO  EvoClassLoader - Keeping class: org.apache.hadoop.hdfs.server.aliasmap.InMemoryLevelDBAliasMapServer
2024-11-12 13:41:22,478 INFO  EvoClassLoader - Seeing class for first time: org.apache.hadoop.ha.HAServiceStatus
2024-11-12 13:41:22,478 INFO  EvoClassLoader - Instrumenting class 'org.apache.hadoop.ha.HAServiceStatus'.
2024-11-12 13:41:22,478 INFO  MethodCallReplacementClassAdapter - Adding mock interface to class org/apache/hadoop/ha/HAServiceStatus
2024-11-12 13:41:22,478 INFO  CreateClassResetClassAdapter - Creating brand-new static initializer in class org/apache/hadoop/ha/HAServiceStatus
2024-11-12 13:41:22,478 INFO  EvoClassLoader - Keeping class: org.apache.hadoop.ha.HAServiceStatus
2024-11-12 13:41:22,478 INFO  EvoClassLoader - Seeing class for first time: org.apache.hadoop.util.ExitUtil$ExitException
2024-11-12 13:41:22,478 INFO  EvoClassLoader - Instrumenting class 'org.apache.hadoop.util.ExitUtil$ExitException'.
2024-11-12 13:41:22,478 INFO  MethodCallReplacementClassAdapter - Adding mock interface to class org/apache/hadoop/util/ExitUtil$ExitException
2024-11-12 13:41:22,478 INFO  CreateClassResetClassAdapter - Creating brand-new static initializer in class org/apache/hadoop/util/ExitUtil$ExitException
2024-11-12 13:41:22,478 INFO  EvoClassLoader - Seeing class for first time: org.apache.hadoop.util.ExitCodeProvider
2024-11-12 13:41:22,478 INFO  EvoClassLoader - Instrumenting class 'org.apache.hadoop.util.ExitCodeProvider'.
2024-11-12 13:41:22,478 INFO  EvoClassLoader - Keeping class: org.apache.hadoop.util.ExitCodeProvider
2024-11-12 13:41:22,478 INFO  EvoClassLoader - Keeping class: org.apache.hadoop.util.ExitUtil$ExitException
2024-11-12 13:41:22,478 INFO  EvoClassLoader - Seeing class for first time: org.apache.hadoop.hdfs.server.blockmanagement.DatanodeManager
2024-11-12 13:41:22,478 INFO  EvoClassLoader - Instrumenting class 'org.apache.hadoop.hdfs.server.blockmanagement.DatanodeManager'.
2024-11-12 13:41:22,480 INFO  MethodCallReplacementClassAdapter - Adding mock interface to class org/apache/hadoop/hdfs/server/blockmanagement/DatanodeManager
2024-11-12 13:41:22,491 INFO  CreateClassResetClassAdapter - Found static initializer in class org/apache/hadoop/hdfs/server/blockmanagement/DatanodeManager
2024-11-12 13:41:22,493 INFO  EvoClassLoader - Keeping class: org.apache.hadoop.hdfs.server.blockmanagement.DatanodeManager
2024-11-12 13:41:22,494 INFO  EvoClassLoader - Seeing class for first time: org.apache.hadoop.hdfs.security.token.block.BlockTokenIdentifier$AccessMode
2024-11-12 13:41:22,494 INFO  EvoClassLoader - Instrumenting class 'org.apache.hadoop.hdfs.security.token.block.BlockTokenIdentifier$AccessMode'.
2024-11-12 13:41:22,494 INFO  MethodCallReplacementClassAdapter - Adding mock interface to class org/apache/hadoop/hdfs/security/token/block/BlockTokenIdentifier$AccessMode
2024-11-12 13:41:22,494 INFO  CreateClassResetClassAdapter - Found static initializer in class org/apache/hadoop/hdfs/security/token/block/BlockTokenIdentifier$AccessMode
2024-11-12 13:41:22,494 INFO  EvoClassLoader - Defined package (3): package org.apache.hadoop.hdfs.security.token.block, 2046137276
2024-11-12 13:41:22,494 INFO  EvoClassLoader - Keeping class: org.apache.hadoop.hdfs.security.token.block.BlockTokenIdentifier$AccessMode
2024-11-12 13:41:22,495 INFO  EvoClassLoader - Seeing class for first time: org.apache.hadoop.hdfs.server.blockmanagement.ReplicaUnderConstruction
2024-11-12 13:41:22,495 INFO  EvoClassLoader - Instrumenting class 'org.apache.hadoop.hdfs.server.blockmanagement.ReplicaUnderConstruction'.
2024-11-12 13:41:22,495 INFO  MethodCallReplacementClassAdapter - Adding mock interface to class org/apache/hadoop/hdfs/server/blockmanagement/ReplicaUnderConstruction
2024-11-12 13:41:22,495 INFO  CreateClassResetClassAdapter - Creating brand-new static initializer in class org/apache/hadoop/hdfs/server/blockmanagement/ReplicaUnderConstruction
2024-11-12 13:41:22,495 INFO  EvoClassLoader - Keeping class: org.apache.hadoop.hdfs.server.blockmanagement.ReplicaUnderConstruction
2024-11-12 13:41:22,495 INFO  EvoClassLoader - Seeing class for first time: org.apache.hadoop.hdfs.protocol.LocatedStripedBlock
2024-11-12 13:41:22,495 INFO  EvoClassLoader - Instrumenting class 'org.apache.hadoop.hdfs.protocol.LocatedStripedBlock'.
2024-11-12 13:41:22,495 INFO  MethodCallReplacementClassAdapter - Adding mock interface to class org/apache/hadoop/hdfs/protocol/LocatedStripedBlock
2024-11-12 13:41:22,495 INFO  CreateClassResetClassAdapter - Found static initializer in class org/apache/hadoop/hdfs/protocol/LocatedStripedBlock
2024-11-12 13:41:22,496 INFO  EvoClassLoader - Keeping class: org.apache.hadoop.hdfs.protocol.LocatedStripedBlock
2024-11-12 13:41:22,496 INFO  EvoClassLoader - Seeing class for first time: org.apache.hadoop.hdfs.server.blockmanagement.BlockInfoStriped
2024-11-12 13:41:22,496 INFO  EvoClassLoader - Instrumenting class 'org.apache.hadoop.hdfs.server.blockmanagement.BlockInfoStriped'.
2024-11-12 13:41:22,496 INFO  MethodCallReplacementClassAdapter - Adding mock interface to class org/apache/hadoop/hdfs/server/blockmanagement/BlockInfoStriped
2024-11-12 13:41:22,496 INFO  CreateClassResetClassAdapter - Found static initializer in class org/apache/hadoop/hdfs/server/blockmanagement/BlockInfoStriped
2024-11-12 13:41:22,497 INFO  EvoClassLoader - Keeping class: org.apache.hadoop.hdfs.server.blockmanagement.BlockInfoStriped
2024-11-12 13:41:22,497 INFO  EvoClassLoader - Seeing class for first time: org.apache.hadoop.hdfs.protocol.UnregisteredNodeException
2024-11-12 13:41:22,497 INFO  EvoClassLoader - Instrumenting class 'org.apache.hadoop.hdfs.protocol.UnregisteredNodeException'.
2024-11-12 13:41:22,497 INFO  MethodCallReplacementClassAdapter - Adding mock interface to class org/apache/hadoop/hdfs/protocol/UnregisteredNodeException
2024-11-12 13:41:22,497 INFO  CreateClassResetClassAdapter - Creating brand-new static initializer in class org/apache/hadoop/hdfs/protocol/UnregisteredNodeException
2024-11-12 13:41:22,497 INFO  EvoClassLoader - Keeping class: org.apache.hadoop.hdfs.protocol.UnregisteredNodeException
2024-11-12 13:41:22,497 INFO  EvoClassLoader - Seeing class for first time: org.apache.hadoop.hdfs.server.blockmanagement.BlockReconstructionWork
2024-11-12 13:41:22,497 INFO  EvoClassLoader - Instrumenting class 'org.apache.hadoop.hdfs.server.blockmanagement.BlockReconstructionWork'.
2024-11-12 13:41:22,497 INFO  MethodCallReplacementClassAdapter - Adding mock interface to class org/apache/hadoop/hdfs/server/blockmanagement/BlockReconstructionWork
2024-11-12 13:41:22,497 INFO  CreateClassResetClassAdapter - Found static initializer in class org/apache/hadoop/hdfs/server/blockmanagement/BlockReconstructionWork
2024-11-12 13:41:22,497 INFO  EvoClassLoader - Keeping class: org.apache.hadoop.hdfs.server.blockmanagement.BlockReconstructionWork
2024-11-12 13:41:22,497 INFO  EvoClassLoader - Seeing class for first time: org.apache.hadoop.hdfs.server.blockmanagement.ErasureCodingWork
2024-11-12 13:41:22,497 INFO  EvoClassLoader - Instrumenting class 'org.apache.hadoop.hdfs.server.blockmanagement.ErasureCodingWork'.
2024-11-12 13:41:22,498 INFO  MethodCallReplacementClassAdapter - Adding mock interface to class org/apache/hadoop/hdfs/server/blockmanagement/ErasureCodingWork
2024-11-12 13:41:22,498 INFO  CreateClassResetClassAdapter - Found static initializer in class org/apache/hadoop/hdfs/server/blockmanagement/ErasureCodingWork
2024-11-12 13:41:22,498 INFO  EvoClassLoader - Keeping class: org.apache.hadoop.hdfs.server.blockmanagement.ErasureCodingWork
2024-11-12 13:41:22,498 INFO  EvoClassLoader - Seeing class for first time: org.apache.hadoop.hdfs.server.blockmanagement.ReplicationWork
2024-11-12 13:41:22,498 INFO  EvoClassLoader - Instrumenting class 'org.apache.hadoop.hdfs.server.blockmanagement.ReplicationWork'.
2024-11-12 13:41:22,499 INFO  MethodCallReplacementClassAdapter - Adding mock interface to class org/apache/hadoop/hdfs/server/blockmanagement/ReplicationWork
2024-11-12 13:41:22,499 INFO  CreateClassResetClassAdapter - Found static initializer in class org/apache/hadoop/hdfs/server/blockmanagement/ReplicationWork
2024-11-12 13:41:22,499 INFO  EvoClassLoader - Keeping class: org.apache.hadoop.hdfs.server.blockmanagement.ReplicationWork
2024-11-12 13:41:22,499 INFO  EvoClassLoader - Seeing class for first time: org.apache.hadoop.hdfs.server.blockmanagement.BlockPlacementStatus
2024-11-12 13:41:22,499 INFO  EvoClassLoader - Instrumenting class 'org.apache.hadoop.hdfs.server.blockmanagement.BlockPlacementStatus'.
2024-11-12 13:41:22,499 INFO  EvoClassLoader - Keeping class: org.apache.hadoop.hdfs.server.blockmanagement.BlockPlacementStatus
2024-11-12 13:41:22,499 INFO  EvoClassLoader - Seeing class for first time: org.apache.hadoop.hdfs.server.blockmanagement.NumberReplicas$StoredReplicaState
2024-11-12 13:41:22,499 INFO  EvoClassLoader - Instrumenting class 'org.apache.hadoop.hdfs.server.blockmanagement.NumberReplicas$StoredReplicaState'.
2024-11-12 13:41:22,500 INFO  MethodCallReplacementClassAdapter - Adding mock interface to class org/apache/hadoop/hdfs/server/blockmanagement/NumberReplicas$StoredReplicaState
2024-11-12 13:41:22,500 INFO  CreateClassResetClassAdapter - Found static initializer in class org/apache/hadoop/hdfs/server/blockmanagement/NumberReplicas$StoredReplicaState
2024-11-12 13:41:22,500 INFO  EvoClassLoader - Keeping class: org.apache.hadoop.hdfs.server.blockmanagement.NumberReplicas$StoredReplicaState
2024-11-12 13:41:22,500 INFO  EvoClassLoader - Seeing class for first time: org.apache.hadoop.hdfs.protocol.BlockListAsLongs$BlockReportReplica
2024-11-12 13:41:22,500 INFO  EvoClassLoader - Instrumenting class 'org.apache.hadoop.hdfs.protocol.BlockListAsLongs$BlockReportReplica'.
2024-11-12 13:41:22,500 INFO  MethodCallReplacementClassAdapter - Adding mock interface to class org/apache/hadoop/hdfs/protocol/BlockListAsLongs$BlockReportReplica
2024-11-12 13:41:22,500 INFO  CreateClassResetClassAdapter - Creating brand-new static initializer in class org/apache/hadoop/hdfs/protocol/BlockListAsLongs$BlockReportReplica
2024-11-12 13:41:22,500 INFO  EvoClassLoader - Seeing class for first time: org.apache.hadoop.hdfs.server.datanode.Replica
2024-11-12 13:41:22,500 INFO  EvoClassLoader - Instrumenting class 'org.apache.hadoop.hdfs.server.datanode.Replica'.
2024-11-12 13:41:22,501 INFO  EvoClassLoader - Keeping class: org.apache.hadoop.hdfs.server.datanode.Replica
2024-11-12 13:41:22,501 INFO  EvoClassLoader - Keeping class: org.apache.hadoop.hdfs.protocol.BlockListAsLongs$BlockReportReplica
2024-11-12 13:41:22,501 INFO  EvoClassLoader - Seeing class for first time: org.apache.hadoop.util.Daemon
2024-11-12 13:41:22,501 INFO  EvoClassLoader - Instrumenting class 'org.apache.hadoop.util.Daemon'.
2024-11-12 13:41:22,501 INFO  MethodCallReplacementClassAdapter - Adding mock interface to class org/apache/hadoop/util/Daemon
2024-11-12 13:41:22,501 INFO  CreateClassResetClassAdapter - Creating brand-new static initializer in class org/apache/hadoop/util/Daemon
2024-11-12 13:41:22,502 INFO  EvoClassLoader - Keeping class: org.apache.hadoop.util.Daemon
2024-11-12 13:41:22,502 INFO  EvoClassLoader - Seeing class for first time: org.apache.hadoop.hdfs.server.blockmanagement.BlockManager$1
2024-11-12 13:41:22,502 INFO  EvoClassLoader - Instrumenting class 'org.apache.hadoop.hdfs.server.blockmanagement.BlockManager$1'.
2024-11-12 13:41:22,502 INFO  MethodCallReplacementClassAdapter - Adding mock interface to class org/apache/hadoop/hdfs/server/blockmanagement/BlockManager$1
2024-11-12 13:41:22,502 INFO  EvoClassLoader - Keeping class: org.apache.hadoop.hdfs.server.blockmanagement.BlockManager$1
2024-11-12 13:41:22,503 INFO  EvoClassLoader - Seeing class for first time: org.apache.hadoop.hdfs.security.token.block.DataEncryptionKey
2024-11-12 13:41:22,503 INFO  EvoClassLoader - Instrumenting class 'org.apache.hadoop.hdfs.security.token.block.DataEncryptionKey'.
2024-11-12 13:41:22,503 INFO  MethodCallReplacementClassAdapter - Adding mock interface to class org/apache/hadoop/hdfs/security/token/block/DataEncryptionKey
2024-11-12 13:41:22,503 INFO  CreateClassResetClassAdapter - Creating brand-new static initializer in class org/apache/hadoop/hdfs/security/token/block/DataEncryptionKey
2024-11-12 13:41:22,504 INFO  EvoClassLoader - Keeping class: org.apache.hadoop.hdfs.security.token.block.DataEncryptionKey
2024-11-12 13:41:22,504 INFO  EvoClassLoader - Seeing class for first time: org.apache.hadoop.hdfs.security.token.block.ExportedBlockKeys
2024-11-12 13:41:22,504 INFO  EvoClassLoader - Instrumenting class 'org.apache.hadoop.hdfs.security.token.block.ExportedBlockKeys'.
2024-11-12 13:41:22,504 INFO  MethodCallReplacementClassAdapter - Adding mock interface to class org/apache/hadoop/hdfs/security/token/block/ExportedBlockKeys
2024-11-12 13:41:22,504 INFO  CreateClassResetClassAdapter - Found static initializer in class org/apache/hadoop/hdfs/security/token/block/ExportedBlockKeys
2024-11-12 13:41:22,504 INFO  EvoClassLoader - Keeping class: org.apache.hadoop.hdfs.security.token.block.ExportedBlockKeys
2024-11-12 13:41:22,505 INFO  EvoClassLoader - Seeing class for first time: org.apache.hadoop.hdfs.server.blockmanagement.BlockIdManager
2024-11-12 13:41:22,505 INFO  EvoClassLoader - Instrumenting class 'org.apache.hadoop.hdfs.server.blockmanagement.BlockIdManager'.
2024-11-12 13:41:22,505 INFO  MethodCallReplacementClassAdapter - Adding mock interface to class org/apache/hadoop/hdfs/server/blockmanagement/BlockIdManager
2024-11-12 13:41:22,506 INFO  CreateClassResetClassAdapter - Creating brand-new static initializer in class org/apache/hadoop/hdfs/server/blockmanagement/BlockIdManager
2024-11-12 13:41:22,506 INFO  EvoClassLoader - Keeping class: org.apache.hadoop.hdfs.server.blockmanagement.BlockIdManager
2024-11-12 13:41:22,506 INFO  EvoClassLoader - Seeing class for first time: org.apache.hadoop.hdfs.server.namenode.sps.StoragePolicySatisfyManager
2024-11-12 13:41:22,506 INFO  EvoClassLoader - Instrumenting class 'org.apache.hadoop.hdfs.server.namenode.sps.StoragePolicySatisfyManager'.
2024-11-12 13:41:22,506 INFO  MethodCallReplacementClassAdapter - Adding mock interface to class org/apache/hadoop/hdfs/server/namenode/sps/StoragePolicySatisfyManager
2024-11-12 13:41:22,507 INFO  CreateClassResetClassAdapter - Found static initializer in class org/apache/hadoop/hdfs/server/namenode/sps/StoragePolicySatisfyManager
2024-11-12 13:41:22,508 INFO  EvoClassLoader - Defined package (3): package org.apache.hadoop.hdfs.server.namenode.sps, 1802240206
2024-11-12 13:41:22,508 INFO  EvoClassLoader - Keeping class: org.apache.hadoop.hdfs.server.namenode.sps.StoragePolicySatisfyManager
2024-11-12 13:41:22,508 INFO  EvoClassLoader - Seeing class for first time: org.apache.hadoop.hdfs.security.token.block.BlockTokenSecretManager
2024-11-12 13:41:22,508 INFO  EvoClassLoader - Instrumenting class 'org.apache.hadoop.hdfs.security.token.block.BlockTokenSecretManager'.
2024-11-12 13:41:22,508 INFO  MethodCallReplacementClassAdapter - Adding mock interface to class org/apache/hadoop/hdfs/security/token/block/BlockTokenSecretManager
2024-11-12 13:41:22,510 INFO  CreateClassResetClassAdapter - Found static initializer in class org/apache/hadoop/hdfs/security/token/block/BlockTokenSecretManager
2024-11-12 13:41:22,511 INFO  EvoClassLoader - Keeping class: org.apache.hadoop.hdfs.security.token.block.BlockTokenSecretManager
2024-11-12 13:41:22,511 INFO  EvoClassLoader - Seeing class for first time: org.apache.hadoop.hdfs.server.blockmanagement.BlockPlacementPolicy
2024-11-12 13:41:22,511 INFO  EvoClassLoader - Instrumenting class 'org.apache.hadoop.hdfs.server.blockmanagement.BlockPlacementPolicy'.
2024-11-12 13:41:22,511 INFO  MethodCallReplacementClassAdapter - Adding mock interface to class org/apache/hadoop/hdfs/server/blockmanagement/BlockPlacementPolicy
2024-11-12 13:41:22,511 INFO  CreateClassResetClassAdapter - Found static initializer in class org/apache/hadoop/hdfs/server/blockmanagement/BlockPlacementPolicy
2024-11-12 13:41:22,512 INFO  EvoClassLoader - Keeping class: org.apache.hadoop.hdfs.server.blockmanagement.BlockPlacementPolicy
2024-11-12 13:41:22,512 INFO  EvoClassLoader - Seeing class for first time: org.apache.hadoop.hdfs.server.blockmanagement.NumberReplicas
2024-11-12 13:41:22,512 INFO  EvoClassLoader - Instrumenting class 'org.apache.hadoop.hdfs.server.blockmanagement.NumberReplicas'.
2024-11-12 13:41:22,512 INFO  MethodCallReplacementClassAdapter - Adding mock interface to class org/apache/hadoop/hdfs/server/blockmanagement/NumberReplicas
2024-11-12 13:41:22,512 INFO  CreateClassResetClassAdapter - Creating brand-new static initializer in class org/apache/hadoop/hdfs/server/blockmanagement/NumberReplicas
2024-11-12 13:41:22,512 INFO  EvoClassLoader - Keeping class: org.apache.hadoop.hdfs.server.blockmanagement.NumberReplicas
2024-11-12 13:41:22,512 INFO  EvoClassLoader - Seeing class for first time: org.apache.hadoop.hdfs.server.blockmanagement.LocatedBlockBuilder
2024-11-12 13:41:22,512 INFO  EvoClassLoader - Instrumenting class 'org.apache.hadoop.hdfs.server.blockmanagement.LocatedBlockBuilder'.
2024-11-12 13:41:22,513 INFO  MethodCallReplacementClassAdapter - Adding mock interface to class org/apache/hadoop/hdfs/server/blockmanagement/LocatedBlockBuilder
2024-11-12 13:41:22,513 INFO  CreateClassResetClassAdapter - Creating brand-new static initializer in class org/apache/hadoop/hdfs/server/blockmanagement/LocatedBlockBuilder
2024-11-12 13:41:22,513 INFO  EvoClassLoader - Keeping class: org.apache.hadoop.hdfs.server.blockmanagement.LocatedBlockBuilder
2024-11-12 13:41:22,513 INFO  EvoClassLoader - Seeing class for first time: org.apache.hadoop.hdfs.server.blockmanagement.BlockToMarkCorrupt
2024-11-12 13:41:22,513 INFO  EvoClassLoader - Instrumenting class 'org.apache.hadoop.hdfs.server.blockmanagement.BlockToMarkCorrupt'.
2024-11-12 13:41:22,513 INFO  MethodCallReplacementClassAdapter - Adding mock interface to class org/apache/hadoop/hdfs/server/blockmanagement/BlockToMarkCorrupt
2024-11-12 13:41:22,513 INFO  CreateClassResetClassAdapter - Creating brand-new static initializer in class org/apache/hadoop/hdfs/server/blockmanagement/BlockToMarkCorrupt
2024-11-12 13:41:22,514 INFO  EvoClassLoader - Keeping class: org.apache.hadoop.hdfs.server.blockmanagement.BlockToMarkCorrupt
2024-11-12 13:41:22,514 INFO  EvoClassLoader - Seeing class for first time: org.apache.hadoop.hdfs.server.protocol.BlockReportContext
2024-11-12 13:41:22,514 INFO  EvoClassLoader - Instrumenting class 'org.apache.hadoop.hdfs.server.protocol.BlockReportContext'.
2024-11-12 13:41:22,514 INFO  MethodCallReplacementClassAdapter - Adding mock interface to class org/apache/hadoop/hdfs/server/protocol/BlockReportContext
2024-11-12 13:41:22,514 INFO  CreateClassResetClassAdapter - Creating brand-new static initializer in class org/apache/hadoop/hdfs/server/protocol/BlockReportContext
2024-11-12 13:41:22,514 INFO  EvoClassLoader - Keeping class: org.apache.hadoop.hdfs.server.protocol.BlockReportContext
2024-11-12 13:41:22,514 INFO  EvoClassLoader - Seeing class for first time: org.apache.hadoop.hdfs.server.protocol.DatanodeStorage
2024-11-12 13:41:22,514 INFO  EvoClassLoader - Instrumenting class 'org.apache.hadoop.hdfs.server.protocol.DatanodeStorage'.
2024-11-12 13:41:22,514 INFO  MethodCallReplacementClassAdapter - Adding mock interface to class org/apache/hadoop/hdfs/server/protocol/DatanodeStorage
2024-11-12 13:41:22,515 INFO  CreateClassResetClassAdapter - Creating brand-new static initializer in class org/apache/hadoop/hdfs/server/protocol/DatanodeStorage
2024-11-12 13:41:22,515 INFO  CreateClassResetClassAdapter - Adding bytecode for initializing field STORAGE_ID_PREFIX
2024-11-12 13:41:22,515 INFO  EvoClassLoader - Keeping class: org.apache.hadoop.hdfs.server.protocol.DatanodeStorage
2024-11-12 13:41:22,515 INFO  EvoClassLoader - Seeing class for first time: org.apache.hadoop.hdfs.protocol.BlockListAsLongs
2024-11-12 13:41:22,515 INFO  EvoClassLoader - Instrumenting class 'org.apache.hadoop.hdfs.protocol.BlockListAsLongs'.
2024-11-12 13:41:22,515 INFO  MethodCallReplacementClassAdapter - Adding mock interface to class org/apache/hadoop/hdfs/protocol/BlockListAsLongs
2024-11-12 13:41:22,516 INFO  CreateClassResetClassAdapter - Found static initializer in class org/apache/hadoop/hdfs/protocol/BlockListAsLongs
2024-11-12 13:41:22,516 INFO  EvoClassLoader - Keeping class: org.apache.hadoop.hdfs.protocol.BlockListAsLongs
2024-11-12 13:41:22,516 INFO  EvoClassLoader - Seeing class for first time: org.apache.hadoop.hdfs.server.blockmanagement.BlockReportLeaseManager
2024-11-12 13:41:22,516 INFO  EvoClassLoader - Instrumenting class 'org.apache.hadoop.hdfs.server.blockmanagement.BlockReportLeaseManager'.
2024-11-12 13:41:22,517 INFO  MethodCallReplacementClassAdapter - Adding mock interface to class org/apache/hadoop/hdfs/server/blockmanagement/BlockReportLeaseManager
2024-11-12 13:41:22,517 INFO  CreateClassResetClassAdapter - Found static initializer in class org/apache/hadoop/hdfs/server/blockmanagement/BlockReportLeaseManager
2024-11-12 13:41:22,517 INFO  EvoClassLoader - Keeping class: org.apache.hadoop.hdfs.server.blockmanagement.BlockReportLeaseManager
2024-11-12 13:41:22,517 INFO  EvoClassLoader - Seeing class for first time: org.apache.hadoop.hdfs.server.blockmanagement.BlockManager$MisReplicationResult
2024-11-12 13:41:22,517 INFO  EvoClassLoader - Instrumenting class 'org.apache.hadoop.hdfs.server.blockmanagement.BlockManager$MisReplicationResult'.
2024-11-12 13:41:22,517 INFO  MethodCallReplacementClassAdapter - Adding mock interface to class org/apache/hadoop/hdfs/server/blockmanagement/BlockManager$MisReplicationResult
2024-11-12 13:41:22,517 INFO  CreateClassResetClassAdapter - Found static initializer in class org/apache/hadoop/hdfs/server/blockmanagement/BlockManager$MisReplicationResult
2024-11-12 13:41:22,518 INFO  EvoClassLoader - Keeping class: org.apache.hadoop.hdfs.server.blockmanagement.BlockManager$MisReplicationResult
2024-11-12 13:41:22,518 INFO  EvoClassLoader - Seeing class for first time: org.apache.hadoop.hdfs.server.blockmanagement.BlockManager$StatefulBlockInfo
2024-11-12 13:41:22,518 INFO  EvoClassLoader - Instrumenting class 'org.apache.hadoop.hdfs.server.blockmanagement.BlockManager$StatefulBlockInfo'.
2024-11-12 13:41:22,518 INFO  MethodCallReplacementClassAdapter - Adding mock interface to class org/apache/hadoop/hdfs/server/blockmanagement/BlockManager$StatefulBlockInfo
2024-11-12 13:41:22,518 INFO  CreateClassResetClassAdapter - Creating brand-new static initializer in class org/apache/hadoop/hdfs/server/blockmanagement/BlockManager$StatefulBlockInfo
2024-11-12 13:41:22,518 INFO  EvoClassLoader - Keeping class: org.apache.hadoop.hdfs.server.blockmanagement.BlockManager$StatefulBlockInfo
2024-11-12 13:41:22,518 INFO  EvoClassLoader - Seeing class for first time: org.apache.hadoop.hdfs.server.blockmanagement.ProvidedStorageMap
2024-11-12 13:41:22,518 INFO  EvoClassLoader - Instrumenting class 'org.apache.hadoop.hdfs.server.blockmanagement.ProvidedStorageMap'.
2024-11-12 13:41:22,518 INFO  MethodCallReplacementClassAdapter - Adding mock interface to class org/apache/hadoop/hdfs/server/blockmanagement/ProvidedStorageMap
2024-11-12 13:41:22,518 INFO  CreateClassResetClassAdapter - Found static initializer in class org/apache/hadoop/hdfs/server/blockmanagement/ProvidedStorageMap
2024-11-12 13:41:22,519 INFO  EvoClassLoader - Keeping class: org.apache.hadoop.hdfs.server.blockmanagement.ProvidedStorageMap
2024-11-12 13:41:22,519 INFO  EvoClassLoader - Seeing class for first time: org.apache.hadoop.hdfs.server.blockmanagement.PendingDataNodeMessages
2024-11-12 13:41:22,519 INFO  EvoClassLoader - Instrumenting class 'org.apache.hadoop.hdfs.server.blockmanagement.PendingDataNodeMessages'.
2024-11-12 13:41:22,519 INFO  MethodCallReplacementClassAdapter - Adding mock interface to class org/apache/hadoop/hdfs/server/blockmanagement/PendingDataNodeMessages
2024-11-12 13:41:22,520 INFO  CreateClassResetClassAdapter - Creating brand-new static initializer in class org/apache/hadoop/hdfs/server/blockmanagement/PendingDataNodeMessages
2024-11-12 13:41:22,520 INFO  EvoClassLoader - Keeping class: org.apache.hadoop.hdfs.server.blockmanagement.PendingDataNodeMessages
2024-11-12 13:41:22,520 INFO  EvoClassLoader - Seeing class for first time: org.apache.hadoop.hdfs.server.blockmanagement.BlockManager$RedundancyMonitor
2024-11-12 13:41:22,520 INFO  EvoClassLoader - Instrumenting class 'org.apache.hadoop.hdfs.server.blockmanagement.BlockManager$RedundancyMonitor'.
2024-11-12 13:41:22,520 INFO  MethodCallReplacementClassAdapter - Adding mock interface to class org/apache/hadoop/hdfs/server/blockmanagement/BlockManager$RedundancyMonitor
2024-11-12 13:41:22,520 INFO  CreateClassResetClassAdapter - Creating brand-new static initializer in class org/apache/hadoop/hdfs/server/blockmanagement/BlockManager$RedundancyMonitor
2024-11-12 13:41:22,521 INFO  EvoClassLoader - Keeping class: org.apache.hadoop.hdfs.server.blockmanagement.BlockManager$RedundancyMonitor
2024-11-12 13:41:22,521 INFO  EvoClassLoader - Seeing class for first time: org.apache.hadoop.hdfs.server.blockmanagement.BlockManager$BlockReportProcessingThread
2024-11-12 13:41:22,521 INFO  EvoClassLoader - Instrumenting class 'org.apache.hadoop.hdfs.server.blockmanagement.BlockManager$BlockReportProcessingThread'.
2024-11-12 13:41:22,521 INFO  MethodCallReplacementClassAdapter - Adding mock interface to class org/apache/hadoop/hdfs/server/blockmanagement/BlockManager$BlockReportProcessingThread
2024-11-12 13:41:22,521 INFO  CreateClassResetClassAdapter - Creating brand-new static initializer in class org/apache/hadoop/hdfs/server/blockmanagement/BlockManager$BlockReportProcessingThread
2024-11-12 13:41:22,521 INFO  EvoClassLoader - Keeping class: org.apache.hadoop.hdfs.server.blockmanagement.BlockManager$BlockReportProcessingThread
2024-11-12 13:41:22,521 INFO  EvoClassLoader - Seeing class for first time: org.apache.hadoop.hdfs.server.blockmanagement.BlockManager$MarkedDeleteBlockScrubber
2024-11-12 13:41:22,521 INFO  EvoClassLoader - Instrumenting class 'org.apache.hadoop.hdfs.server.blockmanagement.BlockManager$MarkedDeleteBlockScrubber'.
2024-11-12 13:41:22,521 INFO  MethodCallReplacementClassAdapter - Adding mock interface to class org/apache/hadoop/hdfs/server/blockmanagement/BlockManager$MarkedDeleteBlockScrubber
2024-11-12 13:41:22,521 INFO  CreateClassResetClassAdapter - Creating brand-new static initializer in class org/apache/hadoop/hdfs/server/blockmanagement/BlockManager$MarkedDeleteBlockScrubber
2024-11-12 13:41:22,522 INFO  EvoClassLoader - Keeping class: org.apache.hadoop.hdfs.server.blockmanagement.BlockManager$MarkedDeleteBlockScrubber
2024-11-12 13:41:22,522 INFO  EvoClassLoader - Seeing class for first time: org.apache.hadoop.hdfs.server.blockmanagement.CorruptReplicasMap
2024-11-12 13:41:22,522 INFO  EvoClassLoader - Instrumenting class 'org.apache.hadoop.hdfs.server.blockmanagement.CorruptReplicasMap'.
2024-11-12 13:41:22,522 INFO  MethodCallReplacementClassAdapter - Adding mock interface to class org/apache/hadoop/hdfs/server/blockmanagement/CorruptReplicasMap
2024-11-12 13:41:22,522 INFO  CreateClassResetClassAdapter - Creating brand-new static initializer in class org/apache/hadoop/hdfs/server/blockmanagement/CorruptReplicasMap
2024-11-12 13:41:22,523 INFO  EvoClassLoader - Keeping class: org.apache.hadoop.hdfs.server.blockmanagement.CorruptReplicasMap
2024-11-12 13:41:22,523 INFO  EvoClassLoader - Seeing class for first time: org.apache.hadoop.hdfs.server.blockmanagement.CorruptReplicasMap$Reason
2024-11-12 13:41:22,523 INFO  EvoClassLoader - Instrumenting class 'org.apache.hadoop.hdfs.server.blockmanagement.CorruptReplicasMap$Reason'.
2024-11-12 13:41:22,523 INFO  MethodCallReplacementClassAdapter - Adding mock interface to class org/apache/hadoop/hdfs/server/blockmanagement/CorruptReplicasMap$Reason
2024-11-12 13:41:22,523 INFO  CreateClassResetClassAdapter - Found static initializer in class org/apache/hadoop/hdfs/server/blockmanagement/CorruptReplicasMap$Reason
2024-11-12 13:41:22,523 INFO  EvoClassLoader - Keeping class: org.apache.hadoop.hdfs.server.blockmanagement.CorruptReplicasMap$Reason
2024-11-12 13:41:22,524 INFO  EvoClassLoader - Seeing class for first time: org.apache.hadoop.hdfs.server.blockmanagement.ExcessRedundancyMap
2024-11-12 13:41:22,524 INFO  EvoClassLoader - Instrumenting class 'org.apache.hadoop.hdfs.server.blockmanagement.ExcessRedundancyMap'.
2024-11-12 13:41:22,524 INFO  MethodCallReplacementClassAdapter - Adding mock interface to class org/apache/hadoop/hdfs/server/blockmanagement/ExcessRedundancyMap
2024-11-12 13:41:22,524 INFO  CreateClassResetClassAdapter - Found static initializer in class org/apache/hadoop/hdfs/server/blockmanagement/ExcessRedundancyMap
2024-11-12 13:41:22,524 INFO  EvoClassLoader - Keeping class: org.apache.hadoop.hdfs.server.blockmanagement.ExcessRedundancyMap
2024-11-12 13:41:22,524 INFO  EvoClassLoader - Seeing class for first time: org.apache.hadoop.hdfs.server.blockmanagement.LowRedundancyBlocks
2024-11-12 13:41:22,524 INFO  EvoClassLoader - Instrumenting class 'org.apache.hadoop.hdfs.server.blockmanagement.LowRedundancyBlocks'.
2024-11-12 13:41:22,525 INFO  MethodCallReplacementClassAdapter - Adding mock interface to class org/apache/hadoop/hdfs/server/blockmanagement/LowRedundancyBlocks
2024-11-12 13:41:22,525 INFO  CreateClassResetClassAdapter - Found static initializer in class org/apache/hadoop/hdfs/server/blockmanagement/LowRedundancyBlocks
2024-11-12 13:41:22,525 INFO  EvoClassLoader - Keeping class: org.apache.hadoop.hdfs.server.blockmanagement.LowRedundancyBlocks
2024-11-12 13:41:22,525 INFO  EvoClassLoader - Seeing class for first time: org.apache.hadoop.hdfs.util.LightWeightHashSet
2024-11-12 13:41:22,525 INFO  EvoClassLoader - Instrumenting class 'org.apache.hadoop.hdfs.util.LightWeightHashSet'.
2024-11-12 13:41:22,526 INFO  MethodCallReplacementClassAdapter - Adding mock interface to class org/apache/hadoop/hdfs/util/LightWeightHashSet
2024-11-12 13:41:22,527 INFO  CreateClassResetClassAdapter - Found static initializer in class org/apache/hadoop/hdfs/util/LightWeightHashSet
2024-11-12 13:41:22,528 INFO  EvoClassLoader - Keeping class: org.apache.hadoop.hdfs.util.LightWeightHashSet
2024-11-12 13:41:22,528 INFO  EvoClassLoader - Seeing class for first time: org.apache.hadoop.hdfs.util.LightWeightHashSet$LinkedElement
2024-11-12 13:41:22,528 INFO  EvoClassLoader - Instrumenting class 'org.apache.hadoop.hdfs.util.LightWeightHashSet$LinkedElement'.
2024-11-12 13:41:22,528 INFO  MethodCallReplacementClassAdapter - Adding mock interface to class org/apache/hadoop/hdfs/util/LightWeightHashSet$LinkedElement
2024-11-12 13:41:22,529 INFO  CreateClassResetClassAdapter - Creating brand-new static initializer in class org/apache/hadoop/hdfs/util/LightWeightHashSet$LinkedElement
2024-11-12 13:41:22,529 INFO  EvoClassLoader - Keeping class: org.apache.hadoop.hdfs.util.LightWeightHashSet$LinkedElement
2024-11-12 13:41:22,529 INFO  EvoClassLoader - Seeing class for first time: org.apache.hadoop.hdfs.util.LightWeightLinkedSet
2024-11-12 13:41:22,529 INFO  EvoClassLoader - Instrumenting class 'org.apache.hadoop.hdfs.util.LightWeightLinkedSet'.
2024-11-12 13:41:22,529 INFO  MethodCallReplacementClassAdapter - Adding mock interface to class org/apache/hadoop/hdfs/util/LightWeightLinkedSet
2024-11-12 13:41:22,531 INFO  CreateClassResetClassAdapter - Creating brand-new static initializer in class org/apache/hadoop/hdfs/util/LightWeightLinkedSet
2024-11-12 13:41:22,531 INFO  EvoClassLoader - Keeping class: org.apache.hadoop.hdfs.util.LightWeightLinkedSet
2024-11-12 13:41:22,531 INFO  EvoClassLoader - Seeing class for first time: org.apache.hadoop.hdfs.util.LightWeightLinkedSet$DoubleLinkedElement
2024-11-12 13:41:22,531 INFO  EvoClassLoader - Instrumenting class 'org.apache.hadoop.hdfs.util.LightWeightLinkedSet$DoubleLinkedElement'.
2024-11-12 13:41:22,531 INFO  MethodCallReplacementClassAdapter - Adding mock interface to class org/apache/hadoop/hdfs/util/LightWeightLinkedSet$DoubleLinkedElement
2024-11-12 13:41:22,531 INFO  CreateClassResetClassAdapter - Creating brand-new static initializer in class org/apache/hadoop/hdfs/util/LightWeightLinkedSet$DoubleLinkedElement
2024-11-12 13:41:22,531 INFO  EvoClassLoader - Keeping class: org.apache.hadoop.hdfs.util.LightWeightLinkedSet$DoubleLinkedElement
2024-11-12 13:41:22,532 INFO  EvoClassLoader - Seeing class for first time: org.apache.hadoop.hdfs.util.LightWeightLinkedSet$LinkedSetIterator
2024-11-12 13:41:22,532 INFO  EvoClassLoader - Instrumenting class 'org.apache.hadoop.hdfs.util.LightWeightLinkedSet$LinkedSetIterator'.
2024-11-12 13:41:22,532 INFO  MethodCallReplacementClassAdapter - Adding mock interface to class org/apache/hadoop/hdfs/util/LightWeightLinkedSet$LinkedSetIterator
2024-11-12 13:41:22,532 INFO  CreateClassResetClassAdapter - Creating brand-new static initializer in class org/apache/hadoop/hdfs/util/LightWeightLinkedSet$LinkedSetIterator
2024-11-12 13:41:22,532 INFO  EvoClassLoader - Keeping class: org.apache.hadoop.hdfs.util.LightWeightLinkedSet$LinkedSetIterator
2024-11-12 13:41:22,532 INFO  EvoClassLoader - Seeing class for first time: org.apache.hadoop.thirdparty.com.google.common.collect.Sets
2024-11-12 13:41:22,532 INFO  EvoClassLoader - Instrumenting class 'org.apache.hadoop.thirdparty.com.google.common.collect.Sets'.
2024-11-12 13:41:22,533 INFO  MethodCallReplacementClassAdapter - Adding mock interface to class org/apache/hadoop/thirdparty/com/google/common/collect/Sets
2024-11-12 13:41:22,534 INFO  CreateClassResetClassAdapter - Creating brand-new static initializer in class org/apache/hadoop/thirdparty/com/google/common/collect/Sets
2024-11-12 13:41:22,534 INFO  EvoClassLoader - Keeping class: org.apache.hadoop.thirdparty.com.google.common.collect.Sets
2024-11-12 13:41:22,535 INFO  EvoClassLoader - Seeing class for first time: org.apache.hadoop.thirdparty.com.google.common.collect.Sets$SetView
2024-11-12 13:41:22,535 INFO  EvoClassLoader - Instrumenting class 'org.apache.hadoop.thirdparty.com.google.common.collect.Sets$SetView'.
2024-11-12 13:41:22,535 INFO  MethodCallReplacementClassAdapter - Adding mock interface to class org/apache/hadoop/thirdparty/com/google/common/collect/Sets$SetView
2024-11-12 13:41:22,535 INFO  CreateClassResetClassAdapter - Creating brand-new static initializer in class org/apache/hadoop/thirdparty/com/google/common/collect/Sets$SetView
2024-11-12 13:41:22,535 INFO  EvoClassLoader - Keeping class: org.apache.hadoop.thirdparty.com.google.common.collect.Sets$SetView
2024-11-12 13:41:22,535 INFO  EvoClassLoader - Seeing class for first time: org.apache.hadoop.thirdparty.com.google.common.collect.Sets$1
2024-11-12 13:41:22,535 INFO  EvoClassLoader - Instrumenting class 'org.apache.hadoop.thirdparty.com.google.common.collect.Sets$1'.
2024-11-12 13:41:22,535 INFO  MethodCallReplacementClassAdapter - Adding mock interface to class org/apache/hadoop/thirdparty/com/google/common/collect/Sets$1
2024-11-12 13:41:22,536 INFO  EvoClassLoader - Keeping class: org.apache.hadoop.thirdparty.com.google.common.collect.Sets$1
2024-11-12 13:41:22,536 INFO  EvoClassLoader - Seeing class for first time: org.apache.hadoop.thirdparty.com.google.common.collect.Sets$2
2024-11-12 13:41:22,536 INFO  EvoClassLoader - Instrumenting class 'org.apache.hadoop.thirdparty.com.google.common.collect.Sets$2'.
2024-11-12 13:41:22,536 INFO  MethodCallReplacementClassAdapter - Adding mock interface to class org/apache/hadoop/thirdparty/com/google/common/collect/Sets$2
2024-11-12 13:41:22,536 INFO  EvoClassLoader - Keeping class: org.apache.hadoop.thirdparty.com.google.common.collect.Sets$2
2024-11-12 13:41:22,536 INFO  EvoClassLoader - Seeing class for first time: org.apache.hadoop.thirdparty.com.google.common.collect.Sets$3
2024-11-12 13:41:22,536 INFO  EvoClassLoader - Instrumenting class 'org.apache.hadoop.thirdparty.com.google.common.collect.Sets$3'.
2024-11-12 13:41:22,536 INFO  MethodCallReplacementClassAdapter - Adding mock interface to class org/apache/hadoop/thirdparty/com/google/common/collect/Sets$3
2024-11-12 13:41:22,536 INFO  EvoClassLoader - Keeping class: org.apache.hadoop.thirdparty.com.google.common.collect.Sets$3
2024-11-12 13:41:22,537 INFO  EvoClassLoader - Seeing class for first time: org.apache.hadoop.thirdparty.com.google.common.collect.ImmutableEnumSet
2024-11-12 13:41:22,537 INFO  EvoClassLoader - Instrumenting class 'org.apache.hadoop.thirdparty.com.google.common.collect.ImmutableEnumSet'.
2024-11-12 13:41:22,537 INFO  MethodCallReplacementClassAdapter - Adding mock interface to class org/apache/hadoop/thirdparty/com/google/common/collect/ImmutableEnumSet
2024-11-12 13:41:22,537 INFO  CreateClassResetClassAdapter - Creating brand-new static initializer in class org/apache/hadoop/thirdparty/com/google/common/collect/ImmutableEnumSet
2024-11-12 13:41:22,537 INFO  EvoClassLoader - Keeping class: org.apache.hadoop.thirdparty.com.google.common.collect.ImmutableEnumSet
2024-11-12 13:41:22,537 INFO  EvoClassLoader - Seeing class for first time: org.apache.hadoop.thirdparty.com.google.common.collect.Sets$4
2024-11-12 13:41:22,537 INFO  EvoClassLoader - Instrumenting class 'org.apache.hadoop.thirdparty.com.google.common.collect.Sets$4'.
2024-11-12 13:41:22,538 INFO  MethodCallReplacementClassAdapter - Adding mock interface to class org/apache/hadoop/thirdparty/com/google/common/collect/Sets$4
2024-11-12 13:41:22,538 INFO  EvoClassLoader - Keeping class: org.apache.hadoop.thirdparty.com.google.common.collect.Sets$4
2024-11-12 13:41:22,538 INFO  EvoClassLoader - Seeing class for first time: org.apache.hadoop.net.NetworkTopology
2024-11-12 13:41:22,538 INFO  EvoClassLoader - Instrumenting class 'org.apache.hadoop.net.NetworkTopology'.
2024-11-12 13:41:22,539 INFO  MethodCallReplacementClassAdapter - Adding mock interface to class org/apache/hadoop/net/NetworkTopology
2024-11-12 13:41:22,540 INFO  CreateClassResetClassAdapter - Found static initializer in class org/apache/hadoop/net/NetworkTopology
2024-11-12 13:41:22,541 INFO  EvoClassLoader - Keeping class: org.apache.hadoop.net.NetworkTopology
2024-11-12 13:41:22,541 INFO  EvoClassLoader - Seeing class for first time: org.apache.hadoop.hdfs.net.DFSNetworkTopology
2024-11-12 13:41:22,541 INFO  EvoClassLoader - Instrumenting class 'org.apache.hadoop.hdfs.net.DFSNetworkTopology'.
2024-11-12 13:41:22,541 INFO  MethodCallReplacementClassAdapter - Adding mock interface to class org/apache/hadoop/hdfs/net/DFSNetworkTopology
2024-11-12 13:41:22,541 INFO  CreateClassResetClassAdapter - Found static initializer in class org/apache/hadoop/hdfs/net/DFSNetworkTopology
2024-11-12 13:41:22,542 INFO  EvoClassLoader - Keeping class: org.apache.hadoop.hdfs.net.DFSNetworkTopology
2024-11-12 13:41:22,542 INFO  EvoClassLoader - Seeing class for first time: org.apache.hadoop.hdfs.server.blockmanagement.DatanodeStatistics
2024-11-12 13:41:22,542 INFO  EvoClassLoader - Instrumenting class 'org.apache.hadoop.hdfs.server.blockmanagement.DatanodeStatistics'.
2024-11-12 13:41:22,543 INFO  EvoClassLoader - Keeping class: org.apache.hadoop.hdfs.server.blockmanagement.DatanodeStatistics
2024-11-12 13:41:22,543 INFO  EvoClassLoader - Seeing class for first time: org.apache.hadoop.hdfs.DFSUtil$ServiceComparator
2024-11-12 13:41:22,543 INFO  EvoClassLoader - Instrumenting class 'org.apache.hadoop.hdfs.DFSUtil$ServiceComparator'.
2024-11-12 13:41:22,543 INFO  MethodCallReplacementClassAdapter - Adding mock interface to class org/apache/hadoop/hdfs/DFSUtil$ServiceComparator
2024-11-12 13:41:22,543 INFO  CreateClassResetClassAdapter - Creating brand-new static initializer in class org/apache/hadoop/hdfs/DFSUtil$ServiceComparator
2024-11-12 13:41:22,543 INFO  EvoClassLoader - Keeping class: org.apache.hadoop.hdfs.DFSUtil$ServiceComparator
2024-11-12 13:41:22,543 INFO  EvoClassLoader - Seeing class for first time: org.apache.hadoop.hdfs.DFSUtil$StaleAndSlowComparator
2024-11-12 13:41:22,543 INFO  EvoClassLoader - Instrumenting class 'org.apache.hadoop.hdfs.DFSUtil$StaleAndSlowComparator'.
2024-11-12 13:41:22,543 INFO  MethodCallReplacementClassAdapter - Adding mock interface to class org/apache/hadoop/hdfs/DFSUtil$StaleAndSlowComparator
2024-11-12 13:41:22,543 INFO  CreateClassResetClassAdapter - Creating brand-new static initializer in class org/apache/hadoop/hdfs/DFSUtil$StaleAndSlowComparator
2024-11-12 13:41:22,543 INFO  EvoClassLoader - Keeping class: org.apache.hadoop.hdfs.DFSUtil$StaleAndSlowComparator
2024-11-12 13:41:22,543 INFO  EvoClassLoader - Seeing class for first time: org.apache.hadoop.net.NetworkTopology$InvalidTopologyException
2024-11-12 13:41:22,543 INFO  EvoClassLoader - Instrumenting class 'org.apache.hadoop.net.NetworkTopology$InvalidTopologyException'.
2024-11-12 13:41:22,543 INFO  MethodCallReplacementClassAdapter - Adding mock interface to class org/apache/hadoop/net/NetworkTopology$InvalidTopologyException
2024-11-12 13:41:22,543 INFO  CreateClassResetClassAdapter - Creating brand-new static initializer in class org/apache/hadoop/net/NetworkTopology$InvalidTopologyException
2024-11-12 13:41:22,544 INFO  EvoClassLoader - Keeping class: org.apache.hadoop.net.NetworkTopology$InvalidTopologyException
2024-11-12 13:41:22,544 INFO  EvoClassLoader - Seeing class for first time: org.apache.hadoop.hdfs.server.protocol.DisallowedDatanodeException
2024-11-12 13:41:22,544 INFO  EvoClassLoader - Instrumenting class 'org.apache.hadoop.hdfs.server.protocol.DisallowedDatanodeException'.
2024-11-12 13:41:22,544 INFO  MethodCallReplacementClassAdapter - Adding mock interface to class org/apache/hadoop/hdfs/server/protocol/DisallowedDatanodeException
2024-11-12 13:41:22,544 INFO  CreateClassResetClassAdapter - Creating brand-new static initializer in class org/apache/hadoop/hdfs/server/protocol/DisallowedDatanodeException
2024-11-12 13:41:22,544 INFO  EvoClassLoader - Keeping class: org.apache.hadoop.hdfs.server.protocol.DisallowedDatanodeException
2024-11-12 13:41:22,544 INFO  EvoClassLoader - Seeing class for first time: org.apache.hadoop.hdfs.server.blockmanagement.SlowPeerTracker
2024-11-12 13:41:22,544 INFO  EvoClassLoader - Instrumenting class 'org.apache.hadoop.hdfs.server.blockmanagement.SlowPeerTracker'.
2024-11-12 13:41:22,544 INFO  MethodCallReplacementClassAdapter - Adding mock interface to class org/apache/hadoop/hdfs/server/blockmanagement/SlowPeerTracker
2024-11-12 13:41:22,545 INFO  CreateClassResetClassAdapter - Found static initializer in class org/apache/hadoop/hdfs/server/blockmanagement/SlowPeerTracker
2024-11-12 13:41:22,545 INFO  EvoClassLoader - Keeping class: org.apache.hadoop.hdfs.server.blockmanagement.SlowPeerTracker
2024-11-12 13:41:22,545 INFO  EvoClassLoader - Seeing class for first time: org.apache.hadoop.hdfs.server.blockmanagement.SlowPeerDisabledTracker
2024-11-12 13:41:22,545 INFO  EvoClassLoader - Instrumenting class 'org.apache.hadoop.hdfs.server.blockmanagement.SlowPeerDisabledTracker'.
2024-11-12 13:41:22,545 INFO  MethodCallReplacementClassAdapter - Adding mock interface to class org/apache/hadoop/hdfs/server/blockmanagement/SlowPeerDisabledTracker
2024-11-12 13:41:22,545 INFO  CreateClassResetClassAdapter - Found static initializer in class org/apache/hadoop/hdfs/server/blockmanagement/SlowPeerDisabledTracker
2024-11-12 13:41:22,545 INFO  EvoClassLoader - Keeping class: org.apache.hadoop.hdfs.server.blockmanagement.SlowPeerDisabledTracker
2024-11-12 13:41:22,545 INFO  EvoClassLoader - Seeing class for first time: org.apache.hadoop.hdfs.server.blockmanagement.FSClusterStats
2024-11-12 13:41:22,545 INFO  EvoClassLoader - Instrumenting class 'org.apache.hadoop.hdfs.server.blockmanagement.FSClusterStats'.
2024-11-12 13:41:22,546 INFO  EvoClassLoader - Keeping class: org.apache.hadoop.hdfs.server.blockmanagement.FSClusterStats
2024-11-12 13:41:22,546 INFO  EvoClassLoader - Seeing class for first time: org.apache.hadoop.hdfs.server.blockmanagement.UnresolvedTopologyException
2024-11-12 13:41:22,546 INFO  EvoClassLoader - Instrumenting class 'org.apache.hadoop.hdfs.server.blockmanagement.UnresolvedTopologyException'.
2024-11-12 13:41:22,546 INFO  MethodCallReplacementClassAdapter - Adding mock interface to class org/apache/hadoop/hdfs/server/blockmanagement/UnresolvedTopologyException
2024-11-12 13:41:22,546 INFO  CreateClassResetClassAdapter - Creating brand-new static initializer in class org/apache/hadoop/hdfs/server/blockmanagement/UnresolvedTopologyException
2024-11-12 13:41:22,546 INFO  EvoClassLoader - Keeping class: org.apache.hadoop.hdfs.server.blockmanagement.UnresolvedTopologyException
2024-11-12 13:41:22,546 INFO  EvoClassLoader - Seeing class for first time: org.apache.hadoop.hdfs.server.protocol.BlockRecoveryCommand$RecoveringBlock
2024-11-12 13:41:22,546 INFO  EvoClassLoader - Instrumenting class 'org.apache.hadoop.hdfs.server.protocol.BlockRecoveryCommand$RecoveringBlock'.
2024-11-12 13:41:22,546 INFO  MethodCallReplacementClassAdapter - Adding mock interface to class org/apache/hadoop/hdfs/server/protocol/BlockRecoveryCommand$RecoveringBlock
2024-11-12 13:41:22,546 INFO  CreateClassResetClassAdapter - Creating brand-new static initializer in class org/apache/hadoop/hdfs/server/protocol/BlockRecoveryCommand$RecoveringBlock
2024-11-12 13:41:22,546 INFO  EvoClassLoader - Keeping class: org.apache.hadoop.hdfs.server.protocol.BlockRecoveryCommand$RecoveringBlock
2024-11-12 13:41:22,546 INFO  EvoClassLoader - Seeing class for first time: org.apache.hadoop.hdfs.server.protocol.BlockRecoveryCommand$RecoveringStripedBlock
2024-11-12 13:41:22,546 INFO  EvoClassLoader - Instrumenting class 'org.apache.hadoop.hdfs.server.protocol.BlockRecoveryCommand$RecoveringStripedBlock'.
2024-11-12 13:41:22,547 INFO  MethodCallReplacementClassAdapter - Adding mock interface to class org/apache/hadoop/hdfs/server/protocol/BlockRecoveryCommand$RecoveringStripedBlock
2024-11-12 13:41:22,547 INFO  CreateClassResetClassAdapter - Creating brand-new static initializer in class org/apache/hadoop/hdfs/server/protocol/BlockRecoveryCommand$RecoveringStripedBlock
2024-11-12 13:41:22,547 INFO  EvoClassLoader - Keeping class: org.apache.hadoop.hdfs.server.protocol.BlockRecoveryCommand$RecoveringStripedBlock
2024-11-12 13:41:22,547 INFO  EvoClassLoader - Seeing class for first time: org.apache.hadoop.hdfs.server.protocol.DatanodeCommand
2024-11-12 13:41:22,547 INFO  EvoClassLoader - Instrumenting class 'org.apache.hadoop.hdfs.server.protocol.DatanodeCommand'.
2024-11-12 13:41:22,547 INFO  MethodCallReplacementClassAdapter - Adding mock interface to class org/apache/hadoop/hdfs/server/protocol/DatanodeCommand
2024-11-12 13:41:22,547 INFO  CreateClassResetClassAdapter - Creating brand-new static initializer in class org/apache/hadoop/hdfs/server/protocol/DatanodeCommand
2024-11-12 13:41:22,547 INFO  EvoClassLoader - Keeping class: org.apache.hadoop.hdfs.server.protocol.DatanodeCommand
2024-11-12 13:41:22,547 INFO  EvoClassLoader - Seeing class for first time: org.apache.hadoop.hdfs.server.protocol.BlockIdCommand
2024-11-12 13:41:22,547 INFO  EvoClassLoader - Instrumenting class 'org.apache.hadoop.hdfs.server.protocol.BlockIdCommand'.
2024-11-12 13:41:22,547 INFO  MethodCallReplacementClassAdapter - Adding mock interface to class org/apache/hadoop/hdfs/server/protocol/BlockIdCommand
2024-11-12 13:41:22,547 INFO  CreateClassResetClassAdapter - Creating brand-new static initializer in class org/apache/hadoop/hdfs/server/protocol/BlockIdCommand
2024-11-12 13:41:22,547 INFO  EvoClassLoader - Keeping class: org.apache.hadoop.hdfs.server.protocol.BlockIdCommand
2024-11-12 13:41:22,547 INFO  EvoClassLoader - Seeing class for first time: org.apache.hadoop.hdfs.server.blockmanagement.HeartbeatManager
2024-11-12 13:41:22,547 INFO  EvoClassLoader - Instrumenting class 'org.apache.hadoop.hdfs.server.blockmanagement.HeartbeatManager'.
2024-11-12 13:41:22,548 INFO  MethodCallReplacementClassAdapter - Adding mock interface to class org/apache/hadoop/hdfs/server/blockmanagement/HeartbeatManager
2024-11-12 13:41:22,548 INFO  CreateClassResetClassAdapter - Found static initializer in class org/apache/hadoop/hdfs/server/blockmanagement/HeartbeatManager
2024-11-12 13:41:22,549 INFO  EvoClassLoader - Keeping class: org.apache.hadoop.hdfs.server.blockmanagement.HeartbeatManager
2024-11-12 13:41:22,549 INFO  EvoClassLoader - Seeing class for first time: org.apache.hadoop.hdfs.server.blockmanagement.Host2NodesMap
2024-11-12 13:41:22,549 INFO  EvoClassLoader - Instrumenting class 'org.apache.hadoop.hdfs.server.blockmanagement.Host2NodesMap'.
2024-11-12 13:41:22,549 INFO  MethodCallReplacementClassAdapter - Adding mock interface to class org/apache/hadoop/hdfs/server/blockmanagement/Host2NodesMap
2024-11-12 13:41:22,549 INFO  CreateClassResetClassAdapter - Creating brand-new static initializer in class org/apache/hadoop/hdfs/server/blockmanagement/Host2NodesMap
2024-11-12 13:41:22,549 INFO  EvoClassLoader - Keeping class: org.apache.hadoop.hdfs.server.blockmanagement.Host2NodesMap
2024-11-12 13:41:22,549 INFO  EvoClassLoader - Seeing class for first time: org.apache.hadoop.hdfs.server.blockmanagement.DatanodeAdminManager
2024-11-12 13:41:22,549 INFO  EvoClassLoader - Instrumenting class 'org.apache.hadoop.hdfs.server.blockmanagement.DatanodeAdminManager'.
2024-11-12 13:41:22,550 INFO  MethodCallReplacementClassAdapter - Adding mock interface to class org/apache/hadoop/hdfs/server/blockmanagement/DatanodeAdminManager
2024-11-12 13:41:22,550 INFO  CreateClassResetClassAdapter - Found static initializer in class org/apache/hadoop/hdfs/server/blockmanagement/DatanodeAdminManager
2024-11-12 13:41:22,551 INFO  EvoClassLoader - Keeping class: org.apache.hadoop.hdfs.server.blockmanagement.DatanodeAdminManager
2024-11-12 13:41:22,551 INFO  EvoClassLoader - Seeing class for first time: org.apache.hadoop.hdfs.server.blockmanagement.HostConfigManager
2024-11-12 13:41:22,551 INFO  EvoClassLoader - Instrumenting class 'org.apache.hadoop.hdfs.server.blockmanagement.HostConfigManager'.
2024-11-12 13:41:22,551 INFO  MethodCallReplacementClassAdapter - Adding mock interface to class org/apache/hadoop/hdfs/server/blockmanagement/HostConfigManager
2024-11-12 13:41:22,551 INFO  CreateClassResetClassAdapter - Creating brand-new static initializer in class org/apache/hadoop/hdfs/server/blockmanagement/HostConfigManager
2024-11-12 13:41:22,551 INFO  EvoClassLoader - Keeping class: org.apache.hadoop.hdfs.server.blockmanagement.HostConfigManager
2024-11-12 13:41:22,551 INFO  EvoClassLoader - Seeing class for first time: org.apache.hadoop.hdfs.server.protocol.BlockRecoveryCommand
2024-11-12 13:41:22,552 INFO  EvoClassLoader - Instrumenting class 'org.apache.hadoop.hdfs.server.protocol.BlockRecoveryCommand'.
2024-11-12 13:41:22,552 INFO  MethodCallReplacementClassAdapter - Adding mock interface to class org/apache/hadoop/hdfs/server/protocol/BlockRecoveryCommand
2024-11-12 13:41:22,552 INFO  CreateClassResetClassAdapter - Creating brand-new static initializer in class org/apache/hadoop/hdfs/server/protocol/BlockRecoveryCommand
2024-11-12 13:41:22,552 INFO  EvoClassLoader - Keeping class: org.apache.hadoop.hdfs.server.protocol.BlockRecoveryCommand
2024-11-12 13:41:22,552 INFO  EvoClassLoader - Seeing class for first time: org.apache.hadoop.hdfs.server.blockmanagement.DatanodeDescriptor$CachedBlocksList
2024-11-12 13:41:22,552 INFO  EvoClassLoader - Instrumenting class 'org.apache.hadoop.hdfs.server.blockmanagement.DatanodeDescriptor$CachedBlocksList'.
2024-11-12 13:41:22,552 INFO  MethodCallReplacementClassAdapter - Adding mock interface to class org/apache/hadoop/hdfs/server/blockmanagement/DatanodeDescriptor$CachedBlocksList
2024-11-12 13:41:22,552 INFO  CreateClassResetClassAdapter - Creating brand-new static initializer in class org/apache/hadoop/hdfs/server/blockmanagement/DatanodeDescriptor$CachedBlocksList
2024-11-12 13:41:22,553 INFO  EvoClassLoader - Seeing class for first time: org.apache.hadoop.util.IntrusiveCollection
2024-11-12 13:41:22,553 INFO  EvoClassLoader - Instrumenting class 'org.apache.hadoop.util.IntrusiveCollection'.
2024-11-12 13:41:22,553 INFO  MethodCallReplacementClassAdapter - Adding mock interface to class org/apache/hadoop/util/IntrusiveCollection
2024-11-12 13:41:22,553 INFO  CreateClassResetClassAdapter - Found static initializer in class org/apache/hadoop/util/IntrusiveCollection
2024-11-12 13:41:22,554 INFO  EvoClassLoader - Keeping class: org.apache.hadoop.util.IntrusiveCollection
2024-11-12 13:41:22,554 INFO  EvoClassLoader - Keeping class: org.apache.hadoop.hdfs.server.blockmanagement.DatanodeDescriptor$CachedBlocksList
2024-11-12 13:41:22,554 INFO  EvoClassLoader - Seeing class for first time: org.apache.hadoop.hdfs.server.blockmanagement.SlowDiskTracker
2024-11-12 13:41:22,554 INFO  EvoClassLoader - Instrumenting class 'org.apache.hadoop.hdfs.server.blockmanagement.SlowDiskTracker'.
2024-11-12 13:41:22,554 INFO  MethodCallReplacementClassAdapter - Adding mock interface to class org/apache/hadoop/hdfs/server/blockmanagement/SlowDiskTracker
2024-11-12 13:41:22,556 INFO  CreateClassResetClassAdapter - Found static initializer in class org/apache/hadoop/hdfs/server/blockmanagement/SlowDiskTracker
2024-11-12 13:41:22,556 INFO  EvoClassLoader - Keeping class: org.apache.hadoop.hdfs.server.blockmanagement.SlowDiskTracker
2024-11-12 13:41:22,556 INFO  EvoClassLoader - Seeing class for first time: org.apache.hadoop.io.ObjectWritable
2024-11-12 13:41:22,556 INFO  EvoClassLoader - Instrumenting class 'org.apache.hadoop.io.ObjectWritable'.
2024-11-12 13:41:22,557 INFO  MethodCallReplacementClassAdapter - Adding mock interface to class org/apache/hadoop/io/ObjectWritable
2024-11-12 13:41:22,560 INFO  CreateClassResetClassAdapter - Found static initializer in class org/apache/hadoop/io/ObjectWritable
2024-11-12 13:41:22,561 INFO  EvoClassLoader - Keeping class: org.apache.hadoop.io.ObjectWritable
2024-11-12 13:41:22,562 INFO  EvoClassLoader - Seeing class for first time: org.apache.hadoop.hdfs.server.datanode.DataNode
2024-11-12 13:41:22,562 INFO  EvoClassLoader - Instrumenting class 'org.apache.hadoop.hdfs.server.datanode.DataNode'.
2024-11-12 13:41:22,564 INFO  MethodCallReplacementClassAdapter - Adding mock interface to class org/apache/hadoop/hdfs/server/datanode/DataNode
2024-11-12 13:41:22,581 INFO  CreateClassResetClassAdapter - Found static initializer in class org/apache/hadoop/hdfs/server/datanode/DataNode
2024-11-12 13:41:22,584 INFO  EvoClassLoader - Seeing class for first time: org.apache.hadoop.hdfs.server.protocol.InterDatanodeProtocol
2024-11-12 13:41:22,584 INFO  EvoClassLoader - Instrumenting class 'org.apache.hadoop.hdfs.server.protocol.InterDatanodeProtocol'.
2024-11-12 13:41:22,584 INFO  EvoClassLoader - Keeping class: org.apache.hadoop.hdfs.server.protocol.InterDatanodeProtocol
2024-11-12 13:41:22,584 INFO  EvoClassLoader - Seeing class for first time: org.apache.hadoop.hdfs.server.datanode.DataNodeMXBean
2024-11-12 13:41:22,584 INFO  EvoClassLoader - Instrumenting class 'org.apache.hadoop.hdfs.server.datanode.DataNodeMXBean'.
2024-11-12 13:41:22,585 INFO  EvoClassLoader - Keeping class: org.apache.hadoop.hdfs.server.datanode.DataNodeMXBean
2024-11-12 13:41:22,585 INFO  EvoClassLoader - Keeping class: org.apache.hadoop.hdfs.server.datanode.DataNode
2024-11-12 13:41:22,586 INFO  EvoClassLoader - Seeing class for first time: org.apache.hadoop.hdfs.server.datanode.DataNode$1
2024-11-12 13:41:22,586 INFO  EvoClassLoader - Instrumenting class 'org.apache.hadoop.hdfs.server.datanode.DataNode$1'.
2024-11-12 13:41:22,586 INFO  MethodCallReplacementClassAdapter - Adding mock interface to class org/apache/hadoop/hdfs/server/datanode/DataNode$1
2024-11-12 13:41:22,586 INFO  EvoClassLoader - Keeping class: org.apache.hadoop.hdfs.server.datanode.DataNode$1
2024-11-12 13:41:22,587 INFO  EvoClassLoader - Seeing class for first time: org.apache.hadoop.hdfs.server.datanode.DataNode$5
2024-11-12 13:41:22,587 INFO  EvoClassLoader - Instrumenting class 'org.apache.hadoop.hdfs.server.datanode.DataNode$5'.
2024-11-12 13:41:22,587 INFO  MethodCallReplacementClassAdapter - Adding mock interface to class org/apache/hadoop/hdfs/server/datanode/DataNode$5
2024-11-12 13:41:22,588 INFO  EvoClassLoader - Keeping class: org.apache.hadoop.hdfs.server.datanode.DataNode$5
2024-11-12 13:41:22,588 INFO  EvoClassLoader - Seeing class for first time: org.apache.hadoop.hdfs.server.diskbalancer.DiskBalancerException
2024-11-12 13:41:22,588 INFO  EvoClassLoader - Instrumenting class 'org.apache.hadoop.hdfs.server.diskbalancer.DiskBalancerException'.
2024-11-12 13:41:22,588 INFO  MethodCallReplacementClassAdapter - Adding mock interface to class org/apache/hadoop/hdfs/server/diskbalancer/DiskBalancerException
2024-11-12 13:41:22,588 INFO  CreateClassResetClassAdapter - Creating brand-new static initializer in class org/apache/hadoop/hdfs/server/diskbalancer/DiskBalancerException
2024-11-12 13:41:22,588 INFO  EvoClassLoader - Defined package (3): package org.apache.hadoop.hdfs.server.diskbalancer, 1129990956
2024-11-12 13:41:22,589 INFO  EvoClassLoader - Keeping class: org.apache.hadoop.hdfs.server.diskbalancer.DiskBalancerException
2024-11-12 13:41:22,591 INFO  EvoClassLoader - Seeing class for first time: org.apache.hadoop.hdfs.protocol.proto.ClientDatanodeProtocolProtos$ClientDatanodeProtocolService$BlockingInterface
2024-11-12 13:41:22,591 INFO  EvoClassLoader - Instrumenting class 'org.apache.hadoop.hdfs.protocol.proto.ClientDatanodeProtocolProtos$ClientDatanodeProtocolService$BlockingInterface'.
2024-11-12 13:41:22,591 INFO  EvoClassLoader - Defined package (3): package org.apache.hadoop.hdfs.protocol.proto, -710368860
2024-11-12 13:41:22,591 INFO  EvoClassLoader - Keeping class: org.apache.hadoop.hdfs.protocol.proto.ClientDatanodeProtocolProtos$ClientDatanodeProtocolService$BlockingInterface
2024-11-12 13:41:22,592 INFO  EvoClassLoader - Seeing class for first time: org.apache.hadoop.hdfs.security.token.block.BlockPoolTokenSecretManager
2024-11-12 13:41:22,592 INFO  EvoClassLoader - Instrumenting class 'org.apache.hadoop.hdfs.security.token.block.BlockPoolTokenSecretManager'.
2024-11-12 13:41:22,592 INFO  MethodCallReplacementClassAdapter - Adding mock interface to class org/apache/hadoop/hdfs/security/token/block/BlockPoolTokenSecretManager
2024-11-12 13:41:22,592 INFO  CreateClassResetClassAdapter - Creating brand-new static initializer in class org/apache/hadoop/hdfs/security/token/block/BlockPoolTokenSecretManager
2024-11-12 13:41:22,593 INFO  EvoClassLoader - Keeping class: org.apache.hadoop.hdfs.security.token.block.BlockPoolTokenSecretManager
2024-11-12 13:41:22,593 INFO  EvoClassLoader - Seeing class for first time: org.apache.hadoop.hdfs.protocol.proto.ReconfigurationProtocolProtos$ReconfigurationProtocolService$BlockingInterface
2024-11-12 13:41:22,593 INFO  EvoClassLoader - Instrumenting class 'org.apache.hadoop.hdfs.protocol.proto.ReconfigurationProtocolProtos$ReconfigurationProtocolService$BlockingInterface'.
2024-11-12 13:41:22,593 INFO  EvoClassLoader - Keeping class: org.apache.hadoop.hdfs.protocol.proto.ReconfigurationProtocolProtos$ReconfigurationProtocolService$BlockingInterface
2024-11-12 13:41:22,593 INFO  EvoClassLoader - Seeing class for first time: org.apache.hadoop.hdfs.protocol.proto.InterDatanodeProtocolProtos$InterDatanodeProtocolService$BlockingInterface
2024-11-12 13:41:22,593 INFO  EvoClassLoader - Instrumenting class 'org.apache.hadoop.hdfs.protocol.proto.InterDatanodeProtocolProtos$InterDatanodeProtocolService$BlockingInterface'.
2024-11-12 13:41:22,593 INFO  EvoClassLoader - Keeping class: org.apache.hadoop.hdfs.protocol.proto.InterDatanodeProtocolProtos$InterDatanodeProtocolService$BlockingInterface
2024-11-12 13:41:22,593 INFO  EvoClassLoader - Seeing class for first time: org.apache.hadoop.security.authorize.PolicyProvider
2024-11-12 13:41:22,593 INFO  EvoClassLoader - Instrumenting class 'org.apache.hadoop.security.authorize.PolicyProvider'.
2024-11-12 13:41:22,594 INFO  MethodCallReplacementClassAdapter - Adding mock interface to class org/apache/hadoop/security/authorize/PolicyProvider
2024-11-12 13:41:22,594 INFO  CreateClassResetClassAdapter - Found static initializer in class org/apache/hadoop/security/authorize/PolicyProvider
2024-11-12 13:41:22,594 INFO  EvoClassLoader - Keeping class: org.apache.hadoop.security.authorize.PolicyProvider
2024-11-12 13:41:22,594 INFO  EvoClassLoader - Seeing class for first time: org.apache.hadoop.hdfs.HDFSPolicyProvider
2024-11-12 13:41:22,594 INFO  EvoClassLoader - Instrumenting class 'org.apache.hadoop.hdfs.HDFSPolicyProvider'.
2024-11-12 13:41:22,594 INFO  MethodCallReplacementClassAdapter - Adding mock interface to class org/apache/hadoop/hdfs/HDFSPolicyProvider
2024-11-12 13:41:22,594 INFO  CreateClassResetClassAdapter - Found static initializer in class org/apache/hadoop/hdfs/HDFSPolicyProvider
2024-11-12 13:41:22,594 INFO  EvoClassLoader - Keeping class: org.apache.hadoop.hdfs.HDFSPolicyProvider
2024-11-12 13:41:22,594 INFO  EvoClassLoader - Seeing class for first time: org.apache.hadoop.hdfs.server.datanode.DiskBalancer$BlockMover
2024-11-12 13:41:22,594 INFO  EvoClassLoader - Instrumenting class 'org.apache.hadoop.hdfs.server.datanode.DiskBalancer$BlockMover'.
2024-11-12 13:41:22,595 INFO  EvoClassLoader - Keeping class: org.apache.hadoop.hdfs.server.datanode.DiskBalancer$BlockMover
2024-11-12 13:41:22,595 INFO  EvoClassLoader - Seeing class for first time: org.apache.hadoop.hdfs.net.PeerServer
2024-11-12 13:41:22,595 INFO  EvoClassLoader - Instrumenting class 'org.apache.hadoop.hdfs.net.PeerServer'.
2024-11-12 13:41:22,595 INFO  EvoClassLoader - Keeping class: org.apache.hadoop.hdfs.net.PeerServer
2024-11-12 13:41:22,595 INFO  EvoClassLoader - Seeing class for first time: org.apache.hadoop.hdfs.server.datanode.BlockPoolSliceStorage
2024-11-12 13:41:22,595 INFO  EvoClassLoader - Instrumenting class 'org.apache.hadoop.hdfs.server.datanode.BlockPoolSliceStorage'.
2024-11-12 13:41:22,596 INFO  MethodCallReplacementClassAdapter - Adding mock interface to class org/apache/hadoop/hdfs/server/datanode/BlockPoolSliceStorage
2024-11-12 13:41:22,597 INFO  CreateClassResetClassAdapter - Found static initializer in class org/apache/hadoop/hdfs/server/datanode/BlockPoolSliceStorage
2024-11-12 13:41:22,598 INFO  EvoClassLoader - Keeping class: org.apache.hadoop.hdfs.server.datanode.BlockPoolSliceStorage
2024-11-12 13:41:22,598 INFO  EvoClassLoader - Seeing class for first time: org.apache.hadoop.hdfs.server.datanode.fsdataset.impl.AddBlockPoolException
2024-11-12 13:41:22,598 INFO  EvoClassLoader - Instrumenting class 'org.apache.hadoop.hdfs.server.datanode.fsdataset.impl.AddBlockPoolException'.
2024-11-12 13:41:22,599 INFO  MethodCallReplacementClassAdapter - Adding mock interface to class org/apache/hadoop/hdfs/server/datanode/fsdataset/impl/AddBlockPoolException
2024-11-12 13:41:22,599 INFO  CreateClassResetClassAdapter - Creating brand-new static initializer in class org/apache/hadoop/hdfs/server/datanode/fsdataset/impl/AddBlockPoolException
2024-11-12 13:41:22,599 INFO  EvoClassLoader - Defined package (3): package org.apache.hadoop.hdfs.server.datanode.fsdataset.impl, -115281524
2024-11-12 13:41:22,599 INFO  EvoClassLoader - Keeping class: org.apache.hadoop.hdfs.server.datanode.fsdataset.impl.AddBlockPoolException
2024-11-12 13:41:22,599 INFO  EvoClassLoader - Seeing class for first time: org.apache.hadoop.hdfs.server.datanode.DataNode$ShortCircuitFdsUnsupportedException
2024-11-12 13:41:22,599 INFO  EvoClassLoader - Instrumenting class 'org.apache.hadoop.hdfs.server.datanode.DataNode$ShortCircuitFdsUnsupportedException'.
2024-11-12 13:41:22,600 INFO  MethodCallReplacementClassAdapter - Adding mock interface to class org/apache/hadoop/hdfs/server/datanode/DataNode$ShortCircuitFdsUnsupportedException
2024-11-12 13:41:22,600 INFO  CreateClassResetClassAdapter - Creating brand-new static initializer in class org/apache/hadoop/hdfs/server/datanode/DataNode$ShortCircuitFdsUnsupportedException
2024-11-12 13:41:22,600 INFO  EvoClassLoader - Keeping class: org.apache.hadoop.hdfs.server.datanode.DataNode$ShortCircuitFdsUnsupportedException
2024-11-12 13:41:22,600 INFO  EvoClassLoader - Seeing class for first time: org.apache.hadoop.hdfs.server.datanode.DataNode$ShortCircuitFdsVersionException
2024-11-12 13:41:22,600 INFO  EvoClassLoader - Instrumenting class 'org.apache.hadoop.hdfs.server.datanode.DataNode$ShortCircuitFdsVersionException'.
2024-11-12 13:41:22,600 INFO  MethodCallReplacementClassAdapter - Adding mock interface to class org/apache/hadoop/hdfs/server/datanode/DataNode$ShortCircuitFdsVersionException
2024-11-12 13:41:22,600 INFO  CreateClassResetClassAdapter - Creating brand-new static initializer in class org/apache/hadoop/hdfs/server/datanode/DataNode$ShortCircuitFdsVersionException
2024-11-12 13:41:22,600 INFO  EvoClassLoader - Keeping class: org.apache.hadoop.hdfs.server.datanode.DataNode$ShortCircuitFdsVersionException
2024-11-12 13:41:22,600 INFO  EvoClassLoader - Seeing class for first time: org.apache.hadoop.hdfs.server.datanode.ReplicaNotFoundException
2024-11-12 13:41:22,600 INFO  EvoClassLoader - Instrumenting class 'org.apache.hadoop.hdfs.server.datanode.ReplicaNotFoundException'.
2024-11-12 13:41:22,600 INFO  MethodCallReplacementClassAdapter - Adding mock interface to class org/apache/hadoop/hdfs/server/datanode/ReplicaNotFoundException
2024-11-12 13:41:22,601 INFO  CreateClassResetClassAdapter - Creating brand-new static initializer in class org/apache/hadoop/hdfs/server/datanode/ReplicaNotFoundException
2024-11-12 13:41:22,601 INFO  CreateClassResetClassAdapter - Adding bytecode for initializing field NON_RBW_REPLICA
2024-11-12 13:41:22,601 INFO  CreateClassResetClassAdapter - Adding bytecode for initializing field UNFINALIZED_REPLICA
2024-11-12 13:41:22,601 INFO  CreateClassResetClassAdapter - Adding bytecode for initializing field UNFINALIZED_AND_NONRBW_REPLICA
2024-11-12 13:41:22,601 INFO  CreateClassResetClassAdapter - Adding bytecode for initializing field NON_EXISTENT_REPLICA
2024-11-12 13:41:22,601 INFO  CreateClassResetClassAdapter - Adding bytecode for initializing field UNEXPECTED_GS_REPLICA
2024-11-12 13:41:22,601 INFO  CreateClassResetClassAdapter - Adding bytecode for initializing field POSSIBLE_ROOT_CAUSE_MSG
2024-11-12 13:41:22,601 INFO  EvoClassLoader - Keeping class: org.apache.hadoop.hdfs.server.datanode.ReplicaNotFoundException
2024-11-12 13:41:22,601 INFO  EvoClassLoader - Seeing class for first time: org.apache.hadoop.hdfs.server.datanode.UnexpectedReplicaStateException
2024-11-12 13:41:22,601 INFO  EvoClassLoader - Instrumenting class 'org.apache.hadoop.hdfs.server.datanode.UnexpectedReplicaStateException'.
2024-11-12 13:41:22,601 INFO  MethodCallReplacementClassAdapter - Adding mock interface to class org/apache/hadoop/hdfs/server/datanode/UnexpectedReplicaStateException
2024-11-12 13:41:22,601 INFO  CreateClassResetClassAdapter - Creating brand-new static initializer in class org/apache/hadoop/hdfs/server/datanode/UnexpectedReplicaStateException
2024-11-12 13:41:22,601 INFO  EvoClassLoader - Keeping class: org.apache.hadoop.hdfs.server.datanode.UnexpectedReplicaStateException
2024-11-12 13:41:22,602 INFO  EvoClassLoader - Seeing class for first time: org.apache.hadoop.hdfs.server.datanode.metrics.DataNodeMetrics
2024-11-12 13:41:22,602 INFO  EvoClassLoader - Instrumenting class 'org.apache.hadoop.hdfs.server.datanode.metrics.DataNodeMetrics'.
2024-11-12 13:41:22,602 INFO  MethodCallReplacementClassAdapter - Adding mock interface to class org/apache/hadoop/hdfs/server/datanode/metrics/DataNodeMetrics
2024-11-12 13:41:22,603 INFO  CreateClassResetClassAdapter - Creating brand-new static initializer in class org/apache/hadoop/hdfs/server/datanode/metrics/DataNodeMetrics
2024-11-12 13:41:22,603 INFO  EvoClassLoader - Defined package (3): package org.apache.hadoop.hdfs.server.datanode.metrics, 875394682
2024-11-12 13:41:22,603 INFO  EvoClassLoader - Keeping class: org.apache.hadoop.hdfs.server.datanode.metrics.DataNodeMetrics
2024-11-12 13:41:22,603 INFO  EvoClassLoader - Seeing class for first time: org.apache.hadoop.hdfs.protocol.datatransfer.BlockConstructionStage
2024-11-12 13:41:22,603 INFO  EvoClassLoader - Instrumenting class 'org.apache.hadoop.hdfs.protocol.datatransfer.BlockConstructionStage'.
2024-11-12 13:41:22,604 INFO  MethodCallReplacementClassAdapter - Adding mock interface to class org/apache/hadoop/hdfs/protocol/datatransfer/BlockConstructionStage
2024-11-12 13:41:22,604 INFO  CreateClassResetClassAdapter - Found static initializer in class org/apache/hadoop/hdfs/protocol/datatransfer/BlockConstructionStage
2024-11-12 13:41:22,604 INFO  EvoClassLoader - Keeping class: org.apache.hadoop.hdfs.protocol.datatransfer.BlockConstructionStage
2024-11-12 13:41:22,604 INFO  EvoClassLoader - Seeing class for first time: org.apache.hadoop.hdfs.server.datanode.BlockPoolManager
2024-11-12 13:41:22,604 INFO  EvoClassLoader - Instrumenting class 'org.apache.hadoop.hdfs.server.datanode.BlockPoolManager'.
2024-11-12 13:41:22,605 INFO  MethodCallReplacementClassAdapter - Adding mock interface to class org/apache/hadoop/hdfs/server/datanode/BlockPoolManager
2024-11-12 13:41:22,606 INFO  CreateClassResetClassAdapter - Found static initializer in class org/apache/hadoop/hdfs/server/datanode/BlockPoolManager
2024-11-12 13:41:22,607 INFO  EvoClassLoader - Keeping class: org.apache.hadoop.hdfs.server.datanode.BlockPoolManager
2024-11-12 13:41:22,607 INFO  EvoClassLoader - Seeing class for first time: org.apache.hadoop.hdfs.server.datanode.DNConf
2024-11-12 13:41:22,607 INFO  EvoClassLoader - Instrumenting class 'org.apache.hadoop.hdfs.server.datanode.DNConf'.
2024-11-12 13:41:22,607 INFO  MethodCallReplacementClassAdapter - Adding mock interface to class org/apache/hadoop/hdfs/server/datanode/DNConf
2024-11-12 13:41:22,607 INFO  CreateClassResetClassAdapter - Creating brand-new static initializer in class org/apache/hadoop/hdfs/server/datanode/DNConf
2024-11-12 13:41:22,608 INFO  EvoClassLoader - Keeping class: org.apache.hadoop.hdfs.server.datanode.DNConf
2024-11-12 13:41:22,608 INFO  EvoClassLoader - Seeing class for first time: org.apache.hadoop.hdfs.server.datanode.DirectoryScanner
2024-11-12 13:41:22,608 INFO  EvoClassLoader - Instrumenting class 'org.apache.hadoop.hdfs.server.datanode.DirectoryScanner'.
2024-11-12 13:41:22,608 INFO  MethodCallReplacementClassAdapter - Adding mock interface to class org/apache/hadoop/hdfs/server/datanode/DirectoryScanner
2024-11-12 13:41:22,609 INFO  CreateClassResetClassAdapter - Found static initializer in class org/apache/hadoop/hdfs/server/datanode/DirectoryScanner
2024-11-12 13:41:22,610 INFO  EvoClassLoader - Keeping class: org.apache.hadoop.hdfs.server.datanode.DirectoryScanner
2024-11-12 13:41:22,610 INFO  EvoClassLoader - Seeing class for first time: org.apache.hadoop.tracing.Tracer
2024-11-12 13:41:22,610 INFO  EvoClassLoader - Instrumenting class 'org.apache.hadoop.tracing.Tracer'.
2024-11-12 13:41:22,610 INFO  MethodCallReplacementClassAdapter - Adding mock interface to class org/apache/hadoop/tracing/Tracer
2024-11-12 13:41:22,610 INFO  CreateClassResetClassAdapter - Found static initializer in class org/apache/hadoop/tracing/Tracer
2024-11-12 13:41:22,610 INFO  EvoClassLoader - Defined package (3): package org.apache.hadoop.tracing, 1849968911
2024-11-12 13:41:22,610 INFO  EvoClassLoader - Keeping class: org.apache.hadoop.tracing.Tracer
2024-11-12 13:41:22,610 INFO  EvoClassLoader - Seeing class for first time: org.apache.hadoop.hdfs.server.datanode.fsdataset.FsVolumeSpi
2024-11-12 13:41:22,610 INFO  EvoClassLoader - Instrumenting class 'org.apache.hadoop.hdfs.server.datanode.fsdataset.FsVolumeSpi'.
2024-11-12 13:41:22,610 INFO  EvoClassLoader - Defined package (3): package org.apache.hadoop.hdfs.server.datanode.fsdataset, 340736770
2024-11-12 13:41:22,610 INFO  EvoClassLoader - Keeping class: org.apache.hadoop.hdfs.server.datanode.fsdataset.FsVolumeSpi
2024-11-12 13:41:22,610 INFO  EvoClassLoader - Seeing class for first time: org.apache.hadoop.hdfs.server.datanode.DataStorage
2024-11-12 13:41:22,610 INFO  EvoClassLoader - Instrumenting class 'org.apache.hadoop.hdfs.server.datanode.DataStorage'.
2024-11-12 13:41:22,611 INFO  MethodCallReplacementClassAdapter - Adding mock interface to class org/apache/hadoop/hdfs/server/datanode/DataStorage
2024-11-12 13:41:22,614 INFO  CreateClassResetClassAdapter - Found static initializer in class org/apache/hadoop/hdfs/server/datanode/DataStorage
2024-11-12 13:41:22,617 INFO  EvoClassLoader - Keeping class: org.apache.hadoop.hdfs.server.datanode.DataStorage
2024-11-12 13:41:22,617 INFO  EvoClassLoader - Seeing class for first time: org.apache.hadoop.hdfs.server.datanode.SecureDataNodeStarter$SecureResources
2024-11-12 13:41:22,617 INFO  EvoClassLoader - Instrumenting class 'org.apache.hadoop.hdfs.server.datanode.SecureDataNodeStarter$SecureResources'.
2024-11-12 13:41:22,617 INFO  MethodCallReplacementClassAdapter - Adding mock interface to class org/apache/hadoop/hdfs/server/datanode/SecureDataNodeStarter$SecureResources
2024-11-12 13:41:22,618 INFO  CreateClassResetClassAdapter - Creating brand-new static initializer in class org/apache/hadoop/hdfs/server/datanode/SecureDataNodeStarter$SecureResources
2024-11-12 13:41:22,618 INFO  EvoClassLoader - Keeping class: org.apache.hadoop.hdfs.server.datanode.SecureDataNodeStarter$SecureResources
2024-11-12 13:41:22,618 INFO  EvoClassLoader - Seeing class for first time: org.apache.hadoop.hdfs.server.datanode.DataXceiverServer
2024-11-12 13:41:22,618 INFO  EvoClassLoader - Instrumenting class 'org.apache.hadoop.hdfs.server.datanode.DataXceiverServer'.
2024-11-12 13:41:22,619 INFO  MethodCallReplacementClassAdapter - Adding mock interface to class org/apache/hadoop/hdfs/server/datanode/DataXceiverServer
2024-11-12 13:41:22,620 INFO  CreateClassResetClassAdapter - Found static initializer in class org/apache/hadoop/hdfs/server/datanode/DataXceiverServer
2024-11-12 13:41:22,621 INFO  EvoClassLoader - Keeping class: org.apache.hadoop.hdfs.server.datanode.DataXceiverServer
2024-11-12 13:41:22,621 INFO  EvoClassLoader - Seeing class for first time: org.apache.hadoop.hdfs.protocol.datatransfer.PipelineAck$ECN
2024-11-12 13:41:22,621 INFO  EvoClassLoader - Instrumenting class 'org.apache.hadoop.hdfs.protocol.datatransfer.PipelineAck$ECN'.
2024-11-12 13:41:22,621 INFO  MethodCallReplacementClassAdapter - Adding mock interface to class org/apache/hadoop/hdfs/protocol/datatransfer/PipelineAck$ECN
2024-11-12 13:41:22,621 INFO  CreateClassResetClassAdapter - Found static initializer in class org/apache/hadoop/hdfs/protocol/datatransfer/PipelineAck$ECN
2024-11-12 13:41:22,622 INFO  EvoClassLoader - Keeping class: org.apache.hadoop.hdfs.protocol.datatransfer.PipelineAck$ECN
2024-11-12 13:41:22,622 INFO  EvoClassLoader - Seeing class for first time: org.apache.hadoop.hdfs.server.datanode.FileIoProvider
2024-11-12 13:41:22,622 INFO  EvoClassLoader - Instrumenting class 'org.apache.hadoop.hdfs.server.datanode.FileIoProvider'.
2024-11-12 13:41:22,622 INFO  MethodCallReplacementClassAdapter - Adding mock interface to class org/apache/hadoop/hdfs/server/datanode/FileIoProvider
2024-11-12 13:41:22,625 INFO  CreateClassResetClassAdapter - Found static initializer in class org/apache/hadoop/hdfs/server/datanode/FileIoProvider
2024-11-12 13:41:22,625 INFO  EvoClassLoader - Keeping class: org.apache.hadoop.hdfs.server.datanode.FileIoProvider
2024-11-12 13:41:22,625 INFO  EvoClassLoader - Seeing class for first time: org.apache.hadoop.hdfs.server.datanode.DataNode$ChangedVolumes
2024-11-12 13:41:22,625 INFO  EvoClassLoader - Instrumenting class 'org.apache.hadoop.hdfs.server.datanode.DataNode$ChangedVolumes'.
2024-11-12 13:41:22,626 INFO  MethodCallReplacementClassAdapter - Adding mock interface to class org/apache/hadoop/hdfs/server/datanode/DataNode$ChangedVolumes
2024-11-12 13:41:22,626 INFO  CreateClassResetClassAdapter - Creating brand-new static initializer in class org/apache/hadoop/hdfs/server/datanode/DataNode$ChangedVolumes
2024-11-12 13:41:22,626 INFO  EvoClassLoader - Keeping class: org.apache.hadoop.hdfs.server.datanode.DataNode$ChangedVolumes
2024-11-12 13:41:22,626 INFO  EvoClassLoader - Seeing class for first time: org.apache.hadoop.hdfs.server.datanode.fsdataset.FsDatasetSpi
2024-11-12 13:41:22,626 INFO  EvoClassLoader - Instrumenting class 'org.apache.hadoop.hdfs.server.datanode.fsdataset.FsDatasetSpi'.
2024-11-12 13:41:22,626 INFO  EvoClassLoader - Seeing class for first time: org.apache.hadoop.hdfs.server.datanode.metrics.FSDatasetMBean
2024-11-12 13:41:22,626 INFO  EvoClassLoader - Instrumenting class 'org.apache.hadoop.hdfs.server.datanode.metrics.FSDatasetMBean'.
2024-11-12 13:41:22,627 INFO  EvoClassLoader - Keeping class: org.apache.hadoop.hdfs.server.datanode.metrics.FSDatasetMBean
2024-11-12 13:41:22,627 INFO  EvoClassLoader - Keeping class: org.apache.hadoop.hdfs.server.datanode.fsdataset.FsDatasetSpi
2024-11-12 13:41:22,627 INFO  EvoClassLoader - Seeing class for first time: org.apache.hadoop.hdfs.net.DomainPeerServer
2024-11-12 13:41:22,627 INFO  EvoClassLoader - Instrumenting class 'org.apache.hadoop.hdfs.net.DomainPeerServer'.
2024-11-12 13:41:22,627 INFO  MethodCallReplacementClassAdapter - Adding mock interface to class org/apache/hadoop/hdfs/net/DomainPeerServer
2024-11-12 13:41:22,627 INFO  CreateClassResetClassAdapter - Found static initializer in class org/apache/hadoop/hdfs/net/DomainPeerServer
2024-11-12 13:41:22,627 INFO  EvoClassLoader - Keeping class: org.apache.hadoop.hdfs.net.DomainPeerServer
2024-11-12 13:41:22,627 INFO  EvoClassLoader - Seeing class for first time: org.apache.hadoop.hdfs.server.datanode.BPOfferService
2024-11-12 13:41:22,627 INFO  EvoClassLoader - Instrumenting class 'org.apache.hadoop.hdfs.server.datanode.BPOfferService'.
2024-11-12 13:41:22,628 INFO  MethodCallReplacementClassAdapter - Adding mock interface to class org/apache/hadoop/hdfs/server/datanode/BPOfferService
2024-11-12 13:41:22,631 INFO  CreateClassResetClassAdapter - Found static initializer in class org/apache/hadoop/hdfs/server/datanode/BPOfferService
2024-11-12 13:41:22,633 INFO  EvoClassLoader - Keeping class: org.apache.hadoop.hdfs.server.datanode.BPOfferService
2024-11-12 13:41:22,633 INFO  EvoClassLoader - Seeing class for first time: org.apache.hadoop.hdfs.DFSUtilClient$CorruptedBlocks
2024-11-12 13:41:22,633 INFO  EvoClassLoader - Instrumenting class 'org.apache.hadoop.hdfs.DFSUtilClient$CorruptedBlocks'.
2024-11-12 13:41:22,633 INFO  MethodCallReplacementClassAdapter - Adding mock interface to class org/apache/hadoop/hdfs/DFSUtilClient$CorruptedBlocks
2024-11-12 13:41:22,633 INFO  CreateClassResetClassAdapter - Creating brand-new static initializer in class org/apache/hadoop/hdfs/DFSUtilClient$CorruptedBlocks
2024-11-12 13:41:22,633 INFO  EvoClassLoader - Keeping class: org.apache.hadoop.hdfs.DFSUtilClient$CorruptedBlocks
2024-11-12 13:41:22,633 INFO  EvoClassLoader - Seeing class for first time: org.apache.hadoop.hdfs.protocol.datatransfer.sasl.SaslDataTransferServer
2024-11-12 13:41:22,633 INFO  EvoClassLoader - Instrumenting class 'org.apache.hadoop.hdfs.protocol.datatransfer.sasl.SaslDataTransferServer'.
2024-11-12 13:41:22,634 INFO  MethodCallReplacementClassAdapter - Adding mock interface to class org/apache/hadoop/hdfs/protocol/datatransfer/sasl/SaslDataTransferServer
2024-11-12 13:41:22,635 INFO  CreateClassResetClassAdapter - Found static initializer in class org/apache/hadoop/hdfs/protocol/datatransfer/sasl/SaslDataTransferServer
2024-11-12 13:41:22,636 INFO  EvoClassLoader - Keeping class: org.apache.hadoop.hdfs.protocol.datatransfer.sasl.SaslDataTransferServer
2024-11-12 13:41:22,636 INFO  EvoClassLoader - Seeing class for first time: org.apache.hadoop.hdfs.protocolPB.DatanodeProtocolClientSideTranslatorPB
2024-11-12 13:41:22,636 INFO  EvoClassLoader - Instrumenting class 'org.apache.hadoop.hdfs.protocolPB.DatanodeProtocolClientSideTranslatorPB'.
2024-11-12 13:41:22,637 INFO  MethodCallReplacementClassAdapter - Adding mock interface to class org/apache/hadoop/hdfs/protocolPB/DatanodeProtocolClientSideTranslatorPB
2024-11-12 13:41:22,641 INFO  CreateClassResetClassAdapter - Found static initializer in class org/apache/hadoop/hdfs/protocolPB/DatanodeProtocolClientSideTranslatorPB
2024-11-12 13:41:22,641 INFO  EvoClassLoader - Defined package (3): package org.apache.hadoop.hdfs.protocolPB, 1845631516
2024-11-12 13:41:22,641 INFO  EvoClassLoader - Seeing class for first time: org.apache.hadoop.ipc.ProtocolMetaInterface
2024-11-12 13:41:22,641 INFO  EvoClassLoader - Instrumenting class 'org.apache.hadoop.ipc.ProtocolMetaInterface'.
2024-11-12 13:41:22,642 INFO  EvoClassLoader - Keeping class: org.apache.hadoop.ipc.ProtocolMetaInterface
2024-11-12 13:41:22,642 INFO  EvoClassLoader - Keeping class: org.apache.hadoop.hdfs.protocolPB.DatanodeProtocolClientSideTranslatorPB
2024-11-12 13:41:22,642 INFO  EvoClassLoader - Seeing class for first time: org.apache.hadoop.hdfs.protocolPB.DatanodeLifelineProtocolClientSideTranslatorPB
2024-11-12 13:41:22,642 INFO  EvoClassLoader - Instrumenting class 'org.apache.hadoop.hdfs.protocolPB.DatanodeLifelineProtocolClientSideTranslatorPB'.
2024-11-12 13:41:22,642 INFO  MethodCallReplacementClassAdapter - Adding mock interface to class org/apache/hadoop/hdfs/protocolPB/DatanodeLifelineProtocolClientSideTranslatorPB
2024-11-12 13:41:22,643 INFO  CreateClassResetClassAdapter - Found static initializer in class org/apache/hadoop/hdfs/protocolPB/DatanodeLifelineProtocolClientSideTranslatorPB
2024-11-12 13:41:22,643 INFO  EvoClassLoader - Keeping class: org.apache.hadoop.hdfs.protocolPB.DatanodeLifelineProtocolClientSideTranslatorPB
2024-11-12 13:41:22,643 INFO  EvoClassLoader - Seeing class for first time: org.apache.hadoop.hdfs.server.datanode.metrics.DataNodeDiskMetrics
2024-11-12 13:41:22,643 INFO  EvoClassLoader - Instrumenting class 'org.apache.hadoop.hdfs.server.datanode.metrics.DataNodeDiskMetrics'.
2024-11-12 13:41:22,644 INFO  MethodCallReplacementClassAdapter - Adding mock interface to class org/apache/hadoop/hdfs/server/datanode/metrics/DataNodeDiskMetrics
2024-11-12 13:41:22,644 INFO  CreateClassResetClassAdapter - Found static initializer in class org/apache/hadoop/hdfs/server/datanode/metrics/DataNodeDiskMetrics
2024-11-12 13:41:22,645 INFO  EvoClassLoader - Keeping class: org.apache.hadoop.hdfs.server.datanode.metrics.DataNodeDiskMetrics
2024-11-12 13:41:22,645 INFO  EvoClassLoader - Seeing class for first time: org.apache.hadoop.hdfs.server.datanode.metrics.DataNodePeerMetrics
2024-11-12 13:41:22,645 INFO  EvoClassLoader - Instrumenting class 'org.apache.hadoop.hdfs.server.datanode.metrics.DataNodePeerMetrics'.
2024-11-12 13:41:22,645 INFO  MethodCallReplacementClassAdapter - Adding mock interface to class org/apache/hadoop/hdfs/server/datanode/metrics/DataNodePeerMetrics
2024-11-12 13:41:22,646 INFO  CreateClassResetClassAdapter - Found static initializer in class org/apache/hadoop/hdfs/server/datanode/metrics/DataNodePeerMetrics
2024-11-12 13:41:22,646 INFO  EvoClassLoader - Keeping class: org.apache.hadoop.hdfs.server.datanode.metrics.DataNodePeerMetrics
2024-11-12 13:41:22,646 INFO  EvoClassLoader - Seeing class for first time: org.apache.hadoop.hdfs.server.datanode.BlockScanner
2024-11-12 13:41:22,646 INFO  EvoClassLoader - Instrumenting class 'org.apache.hadoop.hdfs.server.datanode.BlockScanner'.
2024-11-12 13:41:22,647 INFO  MethodCallReplacementClassAdapter - Adding mock interface to class org/apache/hadoop/hdfs/server/datanode/BlockScanner
2024-11-12 13:41:22,647 INFO  CreateClassResetClassAdapter - Found static initializer in class org/apache/hadoop/hdfs/server/datanode/BlockScanner
2024-11-12 13:41:22,647 INFO  EvoClassLoader - Keeping class: org.apache.hadoop.hdfs.server.datanode.BlockScanner
2024-11-12 13:41:22,648 INFO  EvoClassLoader - Seeing class for first time: org.apache.hadoop.hdfs.server.protocol.ReplicaRecoveryInfo
2024-11-12 13:41:22,648 INFO  EvoClassLoader - Instrumenting class 'org.apache.hadoop.hdfs.server.protocol.ReplicaRecoveryInfo'.
2024-11-12 13:41:22,648 INFO  MethodCallReplacementClassAdapter - Adding mock interface to class org/apache/hadoop/hdfs/server/protocol/ReplicaRecoveryInfo
2024-11-12 13:41:22,648 INFO  CreateClassResetClassAdapter - Creating brand-new static initializer in class org/apache/hadoop/hdfs/server/protocol/ReplicaRecoveryInfo
2024-11-12 13:41:22,648 INFO  EvoClassLoader - Keeping class: org.apache.hadoop.hdfs.server.protocol.ReplicaRecoveryInfo
2024-11-12 13:41:22,648 INFO  EvoClassLoader - Seeing class for first time: org.apache.hadoop.hdfs.server.datanode.DiskBalancer
2024-11-12 13:41:22,648 INFO  EvoClassLoader - Instrumenting class 'org.apache.hadoop.hdfs.server.datanode.DiskBalancer'.
2024-11-12 13:41:22,648 INFO  MethodCallReplacementClassAdapter - Adding mock interface to class org/apache/hadoop/hdfs/server/datanode/DiskBalancer
2024-11-12 13:41:22,649 INFO  CreateClassResetClassAdapter - Found static initializer in class org/apache/hadoop/hdfs/server/datanode/DiskBalancer
2024-11-12 13:41:22,650 INFO  EvoClassLoader - Keeping class: org.apache.hadoop.hdfs.server.datanode.DiskBalancer
2024-11-12 13:41:22,650 INFO  EvoClassLoader - Seeing class for first time: org.apache.hadoop.hdfs.server.datanode.ShortCircuitRegistry
2024-11-12 13:41:22,650 INFO  EvoClassLoader - Instrumenting class 'org.apache.hadoop.hdfs.server.datanode.ShortCircuitRegistry'.
2024-11-12 13:41:22,650 INFO  MethodCallReplacementClassAdapter - Adding mock interface to class org/apache/hadoop/hdfs/server/datanode/ShortCircuitRegistry
2024-11-12 13:41:22,651 INFO  CreateClassResetClassAdapter - Found static initializer in class org/apache/hadoop/hdfs/server/datanode/ShortCircuitRegistry
2024-11-12 13:41:22,651 INFO  EvoClassLoader - Keeping class: org.apache.hadoop.hdfs.server.datanode.ShortCircuitRegistry
2024-11-12 13:41:22,651 INFO  EvoClassLoader - Seeing class for first time: org.apache.hadoop.hdfs.util.DataTransferThrottler
2024-11-12 13:41:22,651 INFO  EvoClassLoader - Instrumenting class 'org.apache.hadoop.hdfs.util.DataTransferThrottler'.
2024-11-12 13:41:22,651 INFO  MethodCallReplacementClassAdapter - Adding mock interface to class org/apache/hadoop/hdfs/util/DataTransferThrottler
2024-11-12 13:41:22,652 INFO  CreateClassResetClassAdapter - Creating brand-new static initializer in class org/apache/hadoop/hdfs/util/DataTransferThrottler
2024-11-12 13:41:22,652 INFO  EvoClassLoader - Keeping class: org.apache.hadoop.hdfs.util.DataTransferThrottler
2024-11-12 13:41:22,652 INFO  EvoClassLoader - Seeing class for first time: org.apache.hadoop.hdfs.server.datanode.BlockRecoveryWorker
2024-11-12 13:41:22,652 INFO  EvoClassLoader - Instrumenting class 'org.apache.hadoop.hdfs.server.datanode.BlockRecoveryWorker'.
2024-11-12 13:41:22,652 INFO  MethodCallReplacementClassAdapter - Adding mock interface to class org/apache/hadoop/hdfs/server/datanode/BlockRecoveryWorker
2024-11-12 13:41:22,653 INFO  CreateClassResetClassAdapter - Found static initializer in class org/apache/hadoop/hdfs/server/datanode/BlockRecoveryWorker
2024-11-12 13:41:22,653 INFO  EvoClassLoader - Keeping class: org.apache.hadoop.hdfs.server.datanode.BlockRecoveryWorker
2024-11-12 13:41:22,653 INFO  EvoClassLoader - Seeing class for first time: org.apache.hadoop.hdfs.server.datanode.erasurecode.ErasureCodingWorker
2024-11-12 13:41:22,653 INFO  EvoClassLoader - Instrumenting class 'org.apache.hadoop.hdfs.server.datanode.erasurecode.ErasureCodingWorker'.
2024-11-12 13:41:22,653 INFO  MethodCallReplacementClassAdapter - Adding mock interface to class org/apache/hadoop/hdfs/server/datanode/erasurecode/ErasureCodingWorker
2024-11-12 13:41:22,654 INFO  CreateClassResetClassAdapter - Found static initializer in class org/apache/hadoop/hdfs/server/datanode/erasurecode/ErasureCodingWorker
2024-11-12 13:41:22,654 INFO  EvoClassLoader - Defined package (3): package org.apache.hadoop.hdfs.server.datanode.erasurecode, -1771528435
2024-11-12 13:41:22,654 INFO  EvoClassLoader - Keeping class: org.apache.hadoop.hdfs.server.datanode.erasurecode.ErasureCodingWorker
2024-11-12 13:41:22,654 INFO  EvoClassLoader - Seeing class for first time: org.apache.hadoop.hdfs.protocol.proto.DataTransferProtos$Status
2024-11-12 13:41:22,654 INFO  EvoClassLoader - Instrumenting class 'org.apache.hadoop.hdfs.protocol.proto.DataTransferProtos$Status'.
2024-11-12 13:41:22,654 INFO  MethodCallReplacementClassAdapter - Adding mock interface to class org/apache/hadoop/hdfs/protocol/proto/DataTransferProtos$Status
2024-11-12 13:41:22,655 INFO  CreateClassResetClassAdapter - Found static initializer in class org/apache/hadoop/hdfs/protocol/proto/DataTransferProtos$Status
2024-11-12 13:41:22,655 INFO  EvoClassLoader - Seeing class for first time: org.apache.hadoop.thirdparty.protobuf.ProtocolMessageEnum
2024-11-12 13:41:22,655 INFO  EvoClassLoader - Instrumenting class 'org.apache.hadoop.thirdparty.protobuf.ProtocolMessageEnum'.
2024-11-12 13:41:22,656 INFO  EvoClassLoader - Keeping class: org.apache.hadoop.thirdparty.protobuf.ProtocolMessageEnum
2024-11-12 13:41:22,656 INFO  EvoClassLoader - Keeping class: org.apache.hadoop.hdfs.protocol.proto.DataTransferProtos$Status
2024-11-12 13:41:22,656 INFO  EvoClassLoader - Seeing class for first time: org.apache.hadoop.util.GenericOptionsParser
2024-11-12 13:41:22,656 INFO  EvoClassLoader - Instrumenting class 'org.apache.hadoop.util.GenericOptionsParser'.
2024-11-12 13:41:22,657 INFO  MethodCallReplacementClassAdapter - Adding mock interface to class org/apache/hadoop/util/GenericOptionsParser
2024-11-12 13:41:22,658 INFO  CreateClassResetClassAdapter - Found static initializer in class org/apache/hadoop/util/GenericOptionsParser
2024-11-12 13:41:22,659 INFO  EvoClassLoader - Keeping class: org.apache.hadoop.util.GenericOptionsParser
2024-11-12 13:41:22,659 INFO  EvoClassLoader - Seeing class for first time: org.apache.commons.cli.OptionBuilder
2024-11-12 13:41:22,659 INFO  EvoClassLoader - Instrumenting class 'org.apache.commons.cli.OptionBuilder'.
2024-11-12 13:41:22,660 INFO  MethodCallReplacementClassAdapter - Adding mock interface to class org/apache/commons/cli/OptionBuilder
2024-11-12 13:41:22,661 INFO  CreateClassResetClassAdapter - Found static initializer in class org/apache/commons/cli/OptionBuilder
2024-11-12 13:41:22,661 INFO  EvoClassLoader - Keeping class: org.apache.commons.cli.OptionBuilder
2024-11-12 13:41:22,661 INFO  EvoClassLoader - Seeing class for first time: org.apache.commons.cli.Parser
2024-11-12 13:41:22,661 INFO  EvoClassLoader - Instrumenting class 'org.apache.commons.cli.Parser'.
2024-11-12 13:41:22,662 INFO  MethodCallReplacementClassAdapter - Adding mock interface to class org/apache/commons/cli/Parser
2024-11-12 13:41:22,662 INFO  CreateClassResetClassAdapter - Creating brand-new static initializer in class org/apache/commons/cli/Parser
2024-11-12 13:41:22,663 INFO  EvoClassLoader - Keeping class: org.apache.commons.cli.Parser
2024-11-12 13:41:22,663 INFO  EvoClassLoader - Seeing class for first time: org.apache.commons.cli.MissingOptionException
2024-11-12 13:41:22,663 INFO  EvoClassLoader - Instrumenting class 'org.apache.commons.cli.MissingOptionException'.
2024-11-12 13:41:22,663 INFO  MethodCallReplacementClassAdapter - Adding mock interface to class org/apache/commons/cli/MissingOptionException
2024-11-12 13:41:22,663 INFO  CreateClassResetClassAdapter - Creating brand-new static initializer in class org/apache/commons/cli/MissingOptionException
2024-11-12 13:41:22,663 INFO  EvoClassLoader - Keeping class: org.apache.commons.cli.MissingOptionException
2024-11-12 13:41:22,663 INFO  EvoClassLoader - Seeing class for first time: org.apache.commons.cli.MissingArgumentException
2024-11-12 13:41:22,663 INFO  EvoClassLoader - Instrumenting class 'org.apache.commons.cli.MissingArgumentException'.
2024-11-12 13:41:22,664 INFO  MethodCallReplacementClassAdapter - Adding mock interface to class org/apache/commons/cli/MissingArgumentException
2024-11-12 13:41:22,664 INFO  CreateClassResetClassAdapter - Creating brand-new static initializer in class org/apache/commons/cli/MissingArgumentException
2024-11-12 13:41:22,664 INFO  EvoClassLoader - Keeping class: org.apache.commons.cli.MissingArgumentException
2024-11-12 13:41:22,664 INFO  EvoClassLoader - Seeing class for first time: org.apache.commons.cli.UnrecognizedOptionException
2024-11-12 13:41:22,664 INFO  EvoClassLoader - Instrumenting class 'org.apache.commons.cli.UnrecognizedOptionException'.
2024-11-12 13:41:22,664 INFO  MethodCallReplacementClassAdapter - Adding mock interface to class org/apache/commons/cli/UnrecognizedOptionException
2024-11-12 13:41:22,664 INFO  CreateClassResetClassAdapter - Creating brand-new static initializer in class org/apache/commons/cli/UnrecognizedOptionException
2024-11-12 13:41:22,664 INFO  EvoClassLoader - Keeping class: org.apache.commons.cli.UnrecognizedOptionException
2024-11-12 13:41:22,665 INFO  EvoClassLoader - Seeing class for first time: org.apache.commons.cli.GnuParser
2024-11-12 13:41:22,665 INFO  EvoClassLoader - Instrumenting class 'org.apache.commons.cli.GnuParser'.
2024-11-12 13:41:22,665 INFO  MethodCallReplacementClassAdapter - Adding mock interface to class org/apache/commons/cli/GnuParser
2024-11-12 13:41:22,665 INFO  CreateClassResetClassAdapter - Creating brand-new static initializer in class org/apache/commons/cli/GnuParser
2024-11-12 13:41:22,666 INFO  EvoClassLoader - Keeping class: org.apache.commons.cli.GnuParser
2024-11-12 13:41:22,666 INFO  EvoClassLoader - Seeing class for first time: org.apache.commons.cli.Util
2024-11-12 13:41:22,666 INFO  EvoClassLoader - Instrumenting class 'org.apache.commons.cli.Util'.
2024-11-12 13:41:22,666 INFO  MethodCallReplacementClassAdapter - Adding mock interface to class org/apache/commons/cli/Util
2024-11-12 13:41:22,667 INFO  CreateClassResetClassAdapter - Creating brand-new static initializer in class org/apache/commons/cli/Util
2024-11-12 13:41:22,667 INFO  EvoClassLoader - Keeping class: org.apache.commons.cli.Util
2024-11-12 13:41:22,667 INFO  EvoClassLoader - Seeing class for first time: org.apache.hadoop.fs.FileUtil
2024-11-12 13:41:22,667 INFO  EvoClassLoader - Instrumenting class 'org.apache.hadoop.fs.FileUtil'.
2024-11-12 13:41:22,668 INFO  MethodCallReplacementClassAdapter - Adding mock interface to class org/apache/hadoop/fs/FileUtil
2024-11-12 13:41:22,674 INFO  CreateClassResetClassAdapter - Found static initializer in class org/apache/hadoop/fs/FileUtil
2024-11-12 13:41:22,675 INFO  EvoClassLoader - Keeping class: org.apache.hadoop.fs.FileUtil
2024-11-12 13:41:22,677 INFO  EvoClassLoader - Seeing class for first time: org.apache.commons.compress.archivers.zip.ZipArchiveInputStream
2024-11-12 13:41:22,677 INFO  EvoClassLoader - Instrumenting class 'org.apache.commons.compress.archivers.zip.ZipArchiveInputStream'.
2024-11-12 13:41:22,677 INFO  MethodCallReplacementClassAdapter - Adding mock interface to class org/apache/commons/compress/archivers/zip/ZipArchiveInputStream
2024-11-12 13:41:22,680 INFO  CreateClassResetClassAdapter - Found static initializer in class org/apache/commons/compress/archivers/zip/ZipArchiveInputStream
2024-11-12 13:41:22,680 INFO  EvoClassLoader - Defined package (3): package org.apache.commons.compress.archivers.zip, -1697835642
2024-11-12 13:41:22,680 INFO  EvoClassLoader - Seeing class for first time: org.apache.commons.compress.utils.InputStreamStatistics
2024-11-12 13:41:22,680 INFO  EvoClassLoader - Instrumenting class 'org.apache.commons.compress.utils.InputStreamStatistics'.
2024-11-12 13:41:22,680 INFO  EvoClassLoader - Defined package (3): package org.apache.commons.compress.utils, -373561087
2024-11-12 13:41:22,680 INFO  EvoClassLoader - Keeping class: org.apache.commons.compress.utils.InputStreamStatistics
2024-11-12 13:41:22,681 INFO  EvoClassLoader - Seeing class for first time: org.apache.commons.compress.archivers.ArchiveInputStream
2024-11-12 13:41:22,681 INFO  EvoClassLoader - Instrumenting class 'org.apache.commons.compress.archivers.ArchiveInputStream'.
2024-11-12 13:41:22,681 INFO  MethodCallReplacementClassAdapter - Adding mock interface to class org/apache/commons/compress/archivers/ArchiveInputStream
2024-11-12 13:41:22,681 INFO  CreateClassResetClassAdapter - Creating brand-new static initializer in class org/apache/commons/compress/archivers/ArchiveInputStream
2024-11-12 13:41:22,681 INFO  CreateClassResetClassAdapter - Adding bytecode for initializing field BYTE_MASK
2024-11-12 13:41:22,681 INFO  EvoClassLoader - Defined package (3): package org.apache.commons.compress.archivers, -1107036461
2024-11-12 13:41:22,681 INFO  EvoClassLoader - Keeping class: org.apache.commons.compress.archivers.ArchiveInputStream
2024-11-12 13:41:22,681 INFO  EvoClassLoader - Keeping class: org.apache.commons.compress.archivers.zip.ZipArchiveInputStream
2024-11-12 13:41:22,681 INFO  EvoClassLoader - Seeing class for first time: org.apache.hadoop.io.IOUtils$NullOutputStream
2024-11-12 13:41:22,681 INFO  EvoClassLoader - Instrumenting class 'org.apache.hadoop.io.IOUtils$NullOutputStream'.
2024-11-12 13:41:22,682 INFO  MethodCallReplacementClassAdapter - Adding mock interface to class org/apache/hadoop/io/IOUtils$NullOutputStream
2024-11-12 13:41:22,682 INFO  CreateClassResetClassAdapter - Creating brand-new static initializer in class org/apache/hadoop/io/IOUtils$NullOutputStream
2024-11-12 13:41:22,682 INFO  EvoClassLoader - Keeping class: org.apache.hadoop.io.IOUtils$NullOutputStream
2024-11-12 13:41:22,682 INFO  EvoClassLoader - Seeing class for first time: org.apache.commons.compress.archivers.tar.TarArchiveInputStream
2024-11-12 13:41:22,682 INFO  EvoClassLoader - Instrumenting class 'org.apache.commons.compress.archivers.tar.TarArchiveInputStream'.
2024-11-12 13:41:22,683 INFO  MethodCallReplacementClassAdapter - Adding mock interface to class org/apache/commons/compress/archivers/tar/TarArchiveInputStream
2024-11-12 13:41:22,685 INFO  CreateClassResetClassAdapter - Creating brand-new static initializer in class org/apache/commons/compress/archivers/tar/TarArchiveInputStream
2024-11-12 13:41:22,685 INFO  CreateClassResetClassAdapter - Adding bytecode for initializing field SMALL_BUFFER_SIZE
2024-11-12 13:41:22,685 INFO  EvoClassLoader - Defined package (3): package org.apache.commons.compress.archivers.tar, -1697841654
2024-11-12 13:41:22,685 INFO  EvoClassLoader - Keeping class: org.apache.commons.compress.archivers.tar.TarArchiveInputStream
2024-11-12 13:41:22,686 INFO  EvoClassLoader - Seeing class for first time: org.apache.hadoop.fs.PathIsDirectoryException
2024-11-12 13:41:22,686 INFO  EvoClassLoader - Instrumenting class 'org.apache.hadoop.fs.PathIsDirectoryException'.
2024-11-12 13:41:22,686 INFO  MethodCallReplacementClassAdapter - Adding mock interface to class org/apache/hadoop/fs/PathIsDirectoryException
2024-11-12 13:41:22,686 INFO  CreateClassResetClassAdapter - Creating brand-new static initializer in class org/apache/hadoop/fs/PathIsDirectoryException
2024-11-12 13:41:22,686 INFO  EvoClassLoader - Keeping class: org.apache.hadoop.fs.PathIsDirectoryException
2024-11-12 13:41:22,686 INFO  EvoClassLoader - Seeing class for first time: org.apache.hadoop.fs.FileContext
2024-11-12 13:41:22,686 INFO  EvoClassLoader - Instrumenting class 'org.apache.hadoop.fs.FileContext'.
2024-11-12 13:41:22,687 INFO  MethodCallReplacementClassAdapter - Adding mock interface to class org/apache/hadoop/fs/FileContext
2024-11-12 13:41:22,689 INFO  CreateClassResetClassAdapter - Found static initializer in class org/apache/hadoop/fs/FileContext
2024-11-12 13:41:22,690 INFO  EvoClassLoader - Keeping class: org.apache.hadoop.fs.FileContext
2024-11-12 13:41:22,690 INFO  EvoClassLoader - Seeing class for first time: org.apache.commons.compress.archivers.tar.TarArchiveEntry
2024-11-12 13:41:22,690 INFO  EvoClassLoader - Instrumenting class 'org.apache.commons.compress.archivers.tar.TarArchiveEntry'.
2024-11-12 13:41:22,691 INFO  MethodCallReplacementClassAdapter - Adding mock interface to class org/apache/commons/compress/archivers/tar/TarArchiveEntry
2024-11-12 13:41:22,693 INFO  CreateClassResetClassAdapter - Found static initializer in class org/apache/commons/compress/archivers/tar/TarArchiveEntry
2024-11-12 13:41:22,694 INFO  EvoClassLoader - Seeing class for first time: org.apache.commons.compress.archivers.ArchiveEntry
2024-11-12 13:41:22,694 INFO  EvoClassLoader - Instrumenting class 'org.apache.commons.compress.archivers.ArchiveEntry'.
2024-11-12 13:41:22,694 INFO  EvoClassLoader - Keeping class: org.apache.commons.compress.archivers.ArchiveEntry
2024-11-12 13:41:22,694 INFO  EvoClassLoader - Seeing class for first time: org.apache.commons.compress.archivers.tar.TarConstants
2024-11-12 13:41:22,694 INFO  EvoClassLoader - Instrumenting class 'org.apache.commons.compress.archivers.tar.TarConstants'.
2024-11-12 13:41:22,695 INFO  EvoClassLoader - Keeping class: org.apache.commons.compress.archivers.tar.TarConstants
2024-11-12 13:41:22,695 INFO  EvoClassLoader - Seeing class for first time: org.apache.commons.compress.archivers.EntryStreamOffsets
2024-11-12 13:41:22,695 INFO  EvoClassLoader - Instrumenting class 'org.apache.commons.compress.archivers.EntryStreamOffsets'.
2024-11-12 13:41:22,695 INFO  EvoClassLoader - Keeping class: org.apache.commons.compress.archivers.EntryStreamOffsets
2024-11-12 13:41:22,695 INFO  EvoClassLoader - Keeping class: org.apache.commons.compress.archivers.tar.TarArchiveEntry
2024-11-12 13:41:22,695 INFO  EvoClassLoader - Seeing class for first time: org.apache.hadoop.io.AbstractMapWritable
2024-11-12 13:41:22,695 INFO  EvoClassLoader - Instrumenting class 'org.apache.hadoop.io.AbstractMapWritable'.
2024-11-12 13:41:22,695 INFO  MethodCallReplacementClassAdapter - Adding mock interface to class org/apache/hadoop/io/AbstractMapWritable
2024-11-12 13:41:22,696 INFO  CreateClassResetClassAdapter - Creating brand-new static initializer in class org/apache/hadoop/io/AbstractMapWritable
2024-11-12 13:41:22,696 INFO  EvoClassLoader - Keeping class: org.apache.hadoop.io.AbstractMapWritable
2024-11-12 13:41:22,697 INFO  EvoClassLoader - Seeing class for first time: org.apache.hadoop.io.MapWritable
2024-11-12 13:41:22,697 INFO  EvoClassLoader - Instrumenting class 'org.apache.hadoop.io.MapWritable'.
2024-11-12 13:41:22,697 INFO  MethodCallReplacementClassAdapter - Adding mock interface to class org/apache/hadoop/io/MapWritable
2024-11-12 13:41:22,697 INFO  CreateClassResetClassAdapter - Creating brand-new static initializer in class org/apache/hadoop/io/MapWritable
2024-11-12 13:41:22,697 INFO  EvoClassLoader - Keeping class: org.apache.hadoop.io.MapWritable
2024-11-12 13:41:22,698 INFO  EvoClassLoader - Seeing class for first time: org.apache.hadoop.io.DataOutputBuffer$Buffer
2024-11-12 13:41:22,698 INFO  EvoClassLoader - Instrumenting class 'org.apache.hadoop.io.DataOutputBuffer$Buffer'.
2024-11-12 13:41:22,698 INFO  MethodCallReplacementClassAdapter - Adding mock interface to class org/apache/hadoop/io/DataOutputBuffer$Buffer
2024-11-12 13:41:22,698 INFO  CreateClassResetClassAdapter - Creating brand-new static initializer in class org/apache/hadoop/io/DataOutputBuffer$Buffer
2024-11-12 13:41:22,698 INFO  EvoClassLoader - Keeping class: org.apache.hadoop.io.DataOutputBuffer$Buffer
2024-11-12 13:41:22,698 INFO  EvoClassLoader - Seeing class for first time: org.apache.hadoop.io.DataInputBuffer$Buffer
2024-11-12 13:41:22,698 INFO  EvoClassLoader - Instrumenting class 'org.apache.hadoop.io.DataInputBuffer$Buffer'.
2024-11-12 13:41:22,699 INFO  MethodCallReplacementClassAdapter - Adding mock interface to class org/apache/hadoop/io/DataInputBuffer$Buffer
2024-11-12 13:41:22,699 INFO  CreateClassResetClassAdapter - Creating brand-new static initializer in class org/apache/hadoop/io/DataInputBuffer$Buffer
2024-11-12 13:41:22,699 INFO  EvoClassLoader - Keeping class: org.apache.hadoop.io.DataInputBuffer$Buffer
2024-11-12 13:41:22,699 INFO  EvoClassLoader - Seeing class for first time: org.apache.hadoop.fs.RawPathHandle
2024-11-12 13:41:22,699 INFO  EvoClassLoader - Instrumenting class 'org.apache.hadoop.fs.RawPathHandle'.
2024-11-12 13:41:22,700 INFO  MethodCallReplacementClassAdapter - Adding mock interface to class org/apache/hadoop/fs/RawPathHandle
2024-11-12 13:41:22,700 INFO  CreateClassResetClassAdapter - Creating brand-new static initializer in class org/apache/hadoop/fs/RawPathHandle
2024-11-12 13:41:22,700 INFO  CreateClassResetClassAdapter - Adding bytecode for initializing field MAX_SIZE
2024-11-12 13:41:22,700 INFO  EvoClassLoader - Keeping class: org.apache.hadoop.fs.RawPathHandle
2024-11-12 13:41:22,701 INFO  EvoClassLoader - Seeing class for first time: org.apache.hadoop.security.token.delegation.TestDelegationToken$TestDelegationTokenIdentifier
2024-11-12 13:41:22,701 INFO  EvoClassLoader - Instrumenting class 'org.apache.hadoop.security.token.delegation.TestDelegationToken$TestDelegationTokenIdentifier'.
2024-11-12 13:41:22,701 INFO  MethodCallReplacementClassAdapter - Adding mock interface to class org/apache/hadoop/security/token/delegation/TestDelegationToken$TestDelegationTokenIdentifier
2024-11-12 13:41:22,701 INFO  CreateClassResetClassAdapter - Creating brand-new static initializer in class org/apache/hadoop/security/token/delegation/TestDelegationToken$TestDelegationTokenIdentifier
2024-11-12 13:41:22,701 INFO  EvoClassLoader - Keeping class: org.apache.hadoop.security.token.delegation.TestDelegationToken$TestDelegationTokenIdentifier
2024-11-12 13:41:22,701 INFO  EvoClassLoader - Seeing class for first time: org.apache.hadoop.security.token.delegation.TestDelegationToken
2024-11-12 13:41:22,701 INFO  EvoClassLoader - Instrumenting class 'org.apache.hadoop.security.token.delegation.TestDelegationToken'.
2024-11-12 13:41:22,702 INFO  MethodCallReplacementClassAdapter - Adding mock interface to class org/apache/hadoop/security/token/delegation/TestDelegationToken
2024-11-12 13:41:22,702 INFO  CreateClassResetClassAdapter - Found static initializer in class org/apache/hadoop/security/token/delegation/TestDelegationToken
2024-11-12 13:41:22,703 INFO  EvoClassLoader - Keeping class: org.apache.hadoop.security.token.delegation.TestDelegationToken
2024-11-12 13:41:22,703 INFO  EvoClassLoader - Seeing class for first time: org.apache.hadoop.security.token.delegation.TestDelegationToken$TokenSelector
2024-11-12 13:41:22,703 INFO  EvoClassLoader - Instrumenting class 'org.apache.hadoop.security.token.delegation.TestDelegationToken$TokenSelector'.
2024-11-12 13:41:22,703 INFO  MethodCallReplacementClassAdapter - Adding mock interface to class org/apache/hadoop/security/token/delegation/TestDelegationToken$TokenSelector
2024-11-12 13:41:22,703 INFO  CreateClassResetClassAdapter - Creating brand-new static initializer in class org/apache/hadoop/security/token/delegation/TestDelegationToken$TokenSelector
2024-11-12 13:41:22,703 INFO  EvoClassLoader - Seeing class for first time: org.apache.hadoop.security.token.delegation.AbstractDelegationTokenSelector
2024-11-12 13:41:22,703 INFO  EvoClassLoader - Instrumenting class 'org.apache.hadoop.security.token.delegation.AbstractDelegationTokenSelector'.
2024-11-12 13:41:22,703 INFO  MethodCallReplacementClassAdapter - Adding mock interface to class org/apache/hadoop/security/token/delegation/AbstractDelegationTokenSelector
2024-11-12 13:41:22,703 INFO  CreateClassResetClassAdapter - Creating brand-new static initializer in class org/apache/hadoop/security/token/delegation/AbstractDelegationTokenSelector
2024-11-12 13:41:22,703 INFO  EvoClassLoader - Seeing class for first time: org.apache.hadoop.security.token.TokenSelector
2024-11-12 13:41:22,703 INFO  EvoClassLoader - Instrumenting class 'org.apache.hadoop.security.token.TokenSelector'.
2024-11-12 13:41:22,704 INFO  EvoClassLoader - Keeping class: org.apache.hadoop.security.token.TokenSelector
2024-11-12 13:41:22,704 INFO  EvoClassLoader - Keeping class: org.apache.hadoop.security.token.delegation.AbstractDelegationTokenSelector
2024-11-12 13:41:22,704 INFO  EvoClassLoader - Keeping class: org.apache.hadoop.security.token.delegation.TestDelegationToken$TokenSelector
2024-11-12 13:41:22,704 INFO  EvoClassLoader - Seeing class for first time: org.apache.hadoop.security.token.delegation.TestDelegationToken$TestFailureDelegationTokenSecretManager
2024-11-12 13:41:22,704 INFO  EvoClassLoader - Instrumenting class 'org.apache.hadoop.security.token.delegation.TestDelegationToken$TestFailureDelegationTokenSecretManager'.
2024-11-12 13:41:22,704 INFO  MethodCallReplacementClassAdapter - Adding mock interface to class org/apache/hadoop/security/token/delegation/TestDelegationToken$TestFailureDelegationTokenSecretManager
2024-11-12 13:41:22,704 INFO  CreateClassResetClassAdapter - Creating brand-new static initializer in class org/apache/hadoop/security/token/delegation/TestDelegationToken$TestFailureDelegationTokenSecretManager
2024-11-12 13:41:22,705 INFO  EvoClassLoader - Seeing class for first time: org.apache.hadoop.security.token.delegation.TestDelegationToken$TestDelegationTokenSecretManager
2024-11-12 13:41:22,705 INFO  EvoClassLoader - Instrumenting class 'org.apache.hadoop.security.token.delegation.TestDelegationToken$TestDelegationTokenSecretManager'.
2024-11-12 13:41:22,705 INFO  MethodCallReplacementClassAdapter - Adding mock interface to class org/apache/hadoop/security/token/delegation/TestDelegationToken$TestDelegationTokenSecretManager
2024-11-12 13:41:22,705 INFO  CreateClassResetClassAdapter - Creating brand-new static initializer in class org/apache/hadoop/security/token/delegation/TestDelegationToken$TestDelegationTokenSecretManager
2024-11-12 13:41:22,705 INFO  EvoClassLoader - Keeping class: org.apache.hadoop.security.token.delegation.TestDelegationToken$TestDelegationTokenSecretManager
2024-11-12 13:41:22,705 INFO  EvoClassLoader - Keeping class: org.apache.hadoop.security.token.delegation.TestDelegationToken$TestFailureDelegationTokenSecretManager
2024-11-12 13:41:22,705 INFO  EvoClassLoader - Seeing class for first time: org.mockito.internal.util.Platform
2024-11-12 13:41:22,705 INFO  EvoClassLoader - Instrumenting class 'org.mockito.internal.util.Platform'.
2024-11-12 13:41:22,705 INFO  MethodCallReplacementClassAdapter - Adding mock interface to class org/mockito/internal/util/Platform
2024-11-12 13:41:22,706 INFO  CreateClassResetClassAdapter - Found static initializer in class org/mockito/internal/util/Platform
2024-11-12 13:41:22,706 INFO  EvoClassLoader - Keeping class: org.mockito.internal.util.Platform
2024-11-12 13:41:22,706 INFO  EvoClassLoader - Seeing class for first time: org.mockito.internal.exceptions.stacktrace.ConditionalStackTraceFilter
2024-11-12 13:41:22,706 INFO  EvoClassLoader - Instrumenting class 'org.mockito.internal.exceptions.stacktrace.ConditionalStackTraceFilter'.
2024-11-12 13:41:22,706 INFO  MethodCallReplacementClassAdapter - Adding mock interface to class org/mockito/internal/exceptions/stacktrace/ConditionalStackTraceFilter
2024-11-12 13:41:22,706 INFO  CreateClassResetClassAdapter - Creating brand-new static initializer in class org/mockito/internal/exceptions/stacktrace/ConditionalStackTraceFilter
2024-11-12 13:41:22,706 INFO  EvoClassLoader - Keeping class: org.mockito.internal.exceptions.stacktrace.ConditionalStackTraceFilter
2024-11-12 13:41:22,707 INFO  EvoClassLoader - Seeing class for first time: org.mockito.internal.exceptions.stacktrace.DefaultStackTraceCleaner
2024-11-12 13:41:22,707 INFO  EvoClassLoader - Instrumenting class 'org.mockito.internal.exceptions.stacktrace.DefaultStackTraceCleaner'.
2024-11-12 13:41:22,707 INFO  MethodCallReplacementClassAdapter - Adding mock interface to class org/mockito/internal/exceptions/stacktrace/DefaultStackTraceCleaner
2024-11-12 13:41:22,707 INFO  CreateClassResetClassAdapter - Creating brand-new static initializer in class org/mockito/internal/exceptions/stacktrace/DefaultStackTraceCleaner
2024-11-12 13:41:22,707 INFO  EvoClassLoader - Keeping class: org.mockito.internal.exceptions.stacktrace.DefaultStackTraceCleaner
2024-11-12 13:41:22,707 INFO  EvoClassLoader - Seeing class for first time: org.mockito.internal.exceptions.stacktrace.StackTraceFilter
2024-11-12 13:41:22,707 INFO  EvoClassLoader - Instrumenting class 'org.mockito.internal.exceptions.stacktrace.StackTraceFilter'.
2024-11-12 13:41:22,707 INFO  MethodCallReplacementClassAdapter - Adding mock interface to class org/mockito/internal/exceptions/stacktrace/StackTraceFilter
2024-11-12 13:41:22,707 INFO  CreateClassResetClassAdapter - Found static initializer in class org/mockito/internal/exceptions/stacktrace/StackTraceFilter
2024-11-12 13:41:22,708 INFO  EvoClassLoader - Keeping class: org.mockito.internal.exceptions.stacktrace.StackTraceFilter
2024-11-12 13:41:22,708 INFO  EvoClassLoader - Seeing class for first time: org.apache.hadoop.security.token.SecretManager$1
2024-11-12 13:41:22,708 INFO  EvoClassLoader - Instrumenting class 'org.apache.hadoop.security.token.SecretManager$1'.
2024-11-12 13:41:22,708 INFO  MethodCallReplacementClassAdapter - Adding mock interface to class org/apache/hadoop/security/token/SecretManager$1
2024-11-12 13:41:22,708 INFO  EvoClassLoader - Keeping class: org.apache.hadoop.security.token.SecretManager$1
2024-11-12 13:41:22,709 INFO  EvoClassLoader - Seeing class for first time: org.apache.hadoop.security.token.delegation.AbstractDelegationTokenSecretManager$DelegationTokenSecretManagerMetrics
2024-11-12 13:41:22,709 INFO  EvoClassLoader - Instrumenting class 'org.apache.hadoop.security.token.delegation.AbstractDelegationTokenSecretManager$DelegationTokenSecretManagerMetrics'.
2024-11-12 13:41:22,709 INFO  MethodCallReplacementClassAdapter - Adding mock interface to class org/apache/hadoop/security/token/delegation/AbstractDelegationTokenSecretManager$DelegationTokenSecretManagerMetrics
2024-11-12 13:41:22,709 INFO  CreateClassResetClassAdapter - Found static initializer in class org/apache/hadoop/security/token/delegation/AbstractDelegationTokenSecretManager$DelegationTokenSecretManagerMetrics
2024-11-12 13:41:22,709 INFO  EvoClassLoader - Seeing class for first time: org.apache.hadoop.fs.statistics.DurationTrackerFactory
2024-11-12 13:41:22,709 INFO  EvoClassLoader - Instrumenting class 'org.apache.hadoop.fs.statistics.DurationTrackerFactory'.
2024-11-12 13:41:22,709 INFO  EvoClassLoader - Keeping class: org.apache.hadoop.fs.statistics.DurationTrackerFactory
2024-11-12 13:41:22,709 INFO  EvoClassLoader - Keeping class: org.apache.hadoop.security.token.delegation.AbstractDelegationTokenSecretManager$DelegationTokenSecretManagerMetrics
2024-11-12 13:41:22,710 INFO  EvoClassLoader - Seeing class for first time: org.apache.hadoop.util.functional.InvocationRaisingIOE
2024-11-12 13:41:22,710 INFO  EvoClassLoader - Instrumenting class 'org.apache.hadoop.util.functional.InvocationRaisingIOE'.
2024-11-12 13:41:22,710 INFO  EvoClassLoader - Defined package (3): package org.apache.hadoop.util.functional, 22101692
2024-11-12 13:41:22,710 INFO  EvoClassLoader - Keeping class: org.apache.hadoop.util.functional.InvocationRaisingIOE
2024-11-12 13:41:22,710 INFO  EvoClassLoader - Seeing class for first time: org.apache.hadoop.fs.statistics.DurationTracker
2024-11-12 13:41:22,710 INFO  EvoClassLoader - Instrumenting class 'org.apache.hadoop.fs.statistics.DurationTracker'.
2024-11-12 13:41:22,710 INFO  EvoClassLoader - Keeping class: org.apache.hadoop.fs.statistics.DurationTracker
2024-11-12 13:41:22,710 INFO  EvoClassLoader - Seeing class for first time: org.apache.hadoop.fs.statistics.impl.IOStatisticsStore
2024-11-12 13:41:22,710 INFO  EvoClassLoader - Instrumenting class 'org.apache.hadoop.fs.statistics.impl.IOStatisticsStore'.
2024-11-12 13:41:22,710 INFO  EvoClassLoader - Defined package (3): package org.apache.hadoop.fs.statistics.impl, -365814147
2024-11-12 13:41:22,710 INFO  EvoClassLoader - Seeing class for first time: org.apache.hadoop.fs.statistics.IOStatisticsAggregator
2024-11-12 13:41:22,710 INFO  EvoClassLoader - Instrumenting class 'org.apache.hadoop.fs.statistics.IOStatisticsAggregator'.
2024-11-12 13:41:22,711 INFO  EvoClassLoader - Keeping class: org.apache.hadoop.fs.statistics.IOStatisticsAggregator
2024-11-12 13:41:22,711 INFO  EvoClassLoader - Keeping class: org.apache.hadoop.fs.statistics.impl.IOStatisticsStore
2024-11-12 13:41:22,711 INFO  EvoClassLoader - Seeing class for first time: org.apache.hadoop.fs.statistics.impl.IOStatisticsBinding
2024-11-12 13:41:22,711 INFO  EvoClassLoader - Instrumenting class 'org.apache.hadoop.fs.statistics.impl.IOStatisticsBinding'.
2024-11-12 13:41:22,711 INFO  MethodCallReplacementClassAdapter - Adding mock interface to class org/apache/hadoop/fs/statistics/impl/IOStatisticsBinding
2024-11-12 13:41:22,712 INFO  CreateClassResetClassAdapter - Creating brand-new static initializer in class org/apache/hadoop/fs/statistics/impl/IOStatisticsBinding
2024-11-12 13:41:22,712 INFO  CreateClassResetClassAdapter - Adding bytecode for initializing field ENTRY_PATTERN
2024-11-12 13:41:22,712 INFO  CreateClassResetClassAdapter - Adding bytecode for initializing field NULL_SOURCE
2024-11-12 13:41:22,713 INFO  EvoClassLoader - Keeping class: org.apache.hadoop.fs.statistics.impl.IOStatisticsBinding
2024-11-12 13:41:22,713 INFO  EvoClassLoader - Seeing class for first time: org.apache.hadoop.fs.statistics.impl.IOStatisticsStoreBuilder
2024-11-12 13:41:22,713 INFO  EvoClassLoader - Instrumenting class 'org.apache.hadoop.fs.statistics.impl.IOStatisticsStoreBuilder'.
2024-11-12 13:41:22,713 INFO  EvoClassLoader - Keeping class: org.apache.hadoop.fs.statistics.impl.IOStatisticsStoreBuilder
2024-11-12 13:41:22,713 INFO  EvoClassLoader - Seeing class for first time: org.apache.hadoop.fs.statistics.impl.StorageStatisticsFromIOStatistics
2024-11-12 13:41:22,713 INFO  EvoClassLoader - Instrumenting class 'org.apache.hadoop.fs.statistics.impl.StorageStatisticsFromIOStatistics'.
2024-11-12 13:41:22,714 INFO  MethodCallReplacementClassAdapter - Adding mock interface to class org/apache/hadoop/fs/statistics/impl/StorageStatisticsFromIOStatistics
2024-11-12 13:41:22,714 INFO  CreateClassResetClassAdapter - Creating brand-new static initializer in class org/apache/hadoop/fs/statistics/impl/StorageStatisticsFromIOStatistics
2024-11-12 13:41:22,714 INFO  EvoClassLoader - Keeping class: org.apache.hadoop.fs.statistics.impl.StorageStatisticsFromIOStatistics
2024-11-12 13:41:22,714 INFO  EvoClassLoader - Seeing class for first time: org.apache.hadoop.util.functional.CallableRaisingIOE
2024-11-12 13:41:22,714 INFO  EvoClassLoader - Instrumenting class 'org.apache.hadoop.util.functional.CallableRaisingIOE'.
2024-11-12 13:41:22,715 INFO  EvoClassLoader - Keeping class: org.apache.hadoop.util.functional.CallableRaisingIOE
2024-11-12 13:41:22,715 INFO  EvoClassLoader - Seeing class for first time: org.apache.hadoop.fs.statistics.impl.DynamicIOStatisticsBuilder
2024-11-12 13:41:22,715 INFO  EvoClassLoader - Instrumenting class 'org.apache.hadoop.fs.statistics.impl.DynamicIOStatisticsBuilder'.
2024-11-12 13:41:22,715 INFO  MethodCallReplacementClassAdapter - Adding mock interface to class org/apache/hadoop/fs/statistics/impl/DynamicIOStatisticsBuilder
2024-11-12 13:41:22,715 INFO  CreateClassResetClassAdapter - Creating brand-new static initializer in class org/apache/hadoop/fs/statistics/impl/DynamicIOStatisticsBuilder
2024-11-12 13:41:22,716 INFO  EvoClassLoader - Keeping class: org.apache.hadoop.fs.statistics.impl.DynamicIOStatisticsBuilder
2024-11-12 13:41:22,716 INFO  EvoClassLoader - Seeing class for first time: org.apache.hadoop.fs.statistics.MeanStatistic
2024-11-12 13:41:22,716 INFO  EvoClassLoader - Instrumenting class 'org.apache.hadoop.fs.statistics.MeanStatistic'.
2024-11-12 13:41:22,717 INFO  MethodCallReplacementClassAdapter - Adding mock interface to class org/apache/hadoop/fs/statistics/MeanStatistic
2024-11-12 13:41:22,717 INFO  CreateClassResetClassAdapter - Creating brand-new static initializer in class org/apache/hadoop/fs/statistics/MeanStatistic
2024-11-12 13:41:22,717 INFO  EvoClassLoader - Keeping class: org.apache.hadoop.fs.statistics.MeanStatistic
2024-11-12 13:41:22,717 INFO  EvoClassLoader - Seeing class for first time: org.apache.hadoop.util.functional.FunctionRaisingIOE
2024-11-12 13:41:22,717 INFO  EvoClassLoader - Instrumenting class 'org.apache.hadoop.util.functional.FunctionRaisingIOE'.
2024-11-12 13:41:22,717 INFO  EvoClassLoader - Keeping class: org.apache.hadoop.util.functional.FunctionRaisingIOE
2024-11-12 13:41:22,717 INFO  EvoClassLoader - Seeing class for first time: org.apache.hadoop.util.functional.ConsumerRaisingIOE
2024-11-12 13:41:22,717 INFO  EvoClassLoader - Instrumenting class 'org.apache.hadoop.util.functional.ConsumerRaisingIOE'.
2024-11-12 13:41:22,718 INFO  EvoClassLoader - Keeping class: org.apache.hadoop.util.functional.ConsumerRaisingIOE
2024-11-12 13:41:22,718 INFO  EvoClassLoader - Seeing class for first time: org.apache.hadoop.fs.statistics.impl.IOStatisticsStoreBuilderImpl
2024-11-12 13:41:22,718 INFO  EvoClassLoader - Instrumenting class 'org.apache.hadoop.fs.statistics.impl.IOStatisticsStoreBuilderImpl'.
2024-11-12 13:41:22,718 INFO  MethodCallReplacementClassAdapter - Adding mock interface to class org/apache/hadoop/fs/statistics/impl/IOStatisticsStoreBuilderImpl
2024-11-12 13:41:22,718 INFO  CreateClassResetClassAdapter - Creating brand-new static initializer in class org/apache/hadoop/fs/statistics/impl/IOStatisticsStoreBuilderImpl
2024-11-12 13:41:22,718 INFO  EvoClassLoader - Keeping class: org.apache.hadoop.fs.statistics.impl.IOStatisticsStoreBuilderImpl
2024-11-12 13:41:22,719 INFO  EvoClassLoader - Seeing class for first time: org.apache.hadoop.fs.statistics.impl.AbstractIOStatisticsImpl
2024-11-12 13:41:22,719 INFO  EvoClassLoader - Instrumenting class 'org.apache.hadoop.fs.statistics.impl.AbstractIOStatisticsImpl'.
2024-11-12 13:41:22,719 INFO  MethodCallReplacementClassAdapter - Adding mock interface to class org/apache/hadoop/fs/statistics/impl/AbstractIOStatisticsImpl
2024-11-12 13:41:22,719 INFO  CreateClassResetClassAdapter - Creating brand-new static initializer in class org/apache/hadoop/fs/statistics/impl/AbstractIOStatisticsImpl
2024-11-12 13:41:22,720 INFO  EvoClassLoader - Keeping class: org.apache.hadoop.fs.statistics.impl.AbstractIOStatisticsImpl
2024-11-12 13:41:22,720 INFO  EvoClassLoader - Seeing class for first time: org.apache.hadoop.fs.statistics.impl.WrappedIOStatistics
2024-11-12 13:41:22,720 INFO  EvoClassLoader - Instrumenting class 'org.apache.hadoop.fs.statistics.impl.WrappedIOStatistics'.
2024-11-12 13:41:22,720 INFO  MethodCallReplacementClassAdapter - Adding mock interface to class org/apache/hadoop/fs/statistics/impl/WrappedIOStatistics
2024-11-12 13:41:22,720 INFO  CreateClassResetClassAdapter - Creating brand-new static initializer in class org/apache/hadoop/fs/statistics/impl/WrappedIOStatistics
2024-11-12 13:41:22,721 INFO  EvoClassLoader - Keeping class: org.apache.hadoop.fs.statistics.impl.WrappedIOStatistics
2024-11-12 13:41:22,721 INFO  EvoClassLoader - Seeing class for first time: org.apache.hadoop.fs.statistics.impl.IOStatisticsStoreImpl
2024-11-12 13:41:22,721 INFO  EvoClassLoader - Instrumenting class 'org.apache.hadoop.fs.statistics.impl.IOStatisticsStoreImpl'.
2024-11-12 13:41:22,722 INFO  MethodCallReplacementClassAdapter - Adding mock interface to class org/apache/hadoop/fs/statistics/impl/IOStatisticsStoreImpl
2024-11-12 13:41:22,722 INFO  CreateClassResetClassAdapter - Found static initializer in class org/apache/hadoop/fs/statistics/impl/IOStatisticsStoreImpl
2024-11-12 13:41:22,723 INFO  EvoClassLoader - Keeping class: org.apache.hadoop.fs.statistics.impl.IOStatisticsStoreImpl
2024-11-12 13:41:22,723 INFO  EvoClassLoader - Seeing class for first time: org.apache.hadoop.fs.statistics.impl.DynamicIOStatistics
2024-11-12 13:41:22,723 INFO  EvoClassLoader - Instrumenting class 'org.apache.hadoop.fs.statistics.impl.DynamicIOStatistics'.
2024-11-12 13:41:22,724 INFO  MethodCallReplacementClassAdapter - Adding mock interface to class org/apache/hadoop/fs/statistics/impl/DynamicIOStatistics
2024-11-12 13:41:22,724 INFO  CreateClassResetClassAdapter - Creating brand-new static initializer in class org/apache/hadoop/fs/statistics/impl/DynamicIOStatistics
2024-11-12 13:41:22,724 INFO  EvoClassLoader - Keeping class: org.apache.hadoop.fs.statistics.impl.DynamicIOStatistics
2024-11-12 13:41:22,724 INFO  EvoClassLoader - Seeing class for first time: org.apache.hadoop.fs.statistics.impl.EvaluatingStatisticsMap
2024-11-12 13:41:22,724 INFO  EvoClassLoader - Instrumenting class 'org.apache.hadoop.fs.statistics.impl.EvaluatingStatisticsMap'.
2024-11-12 13:41:22,725 INFO  MethodCallReplacementClassAdapter - Adding mock interface to class org/apache/hadoop/fs/statistics/impl/EvaluatingStatisticsMap
2024-11-12 13:41:22,725 INFO  CreateClassResetClassAdapter - Creating brand-new static initializer in class org/apache/hadoop/fs/statistics/impl/EvaluatingStatisticsMap
2024-11-12 13:41:22,725 INFO  EvoClassLoader - Keeping class: org.apache.hadoop.fs.statistics.impl.EvaluatingStatisticsMap
2024-11-12 13:41:22,725 INFO  EvoClassLoader - Seeing class for first time: org.apache.hadoop.fs.statistics.impl.EvaluatingStatisticsMap$EntryImpl
2024-11-12 13:41:22,725 INFO  EvoClassLoader - Instrumenting class 'org.apache.hadoop.fs.statistics.impl.EvaluatingStatisticsMap$EntryImpl'.
2024-11-12 13:41:22,725 INFO  MethodCallReplacementClassAdapter - Adding mock interface to class org/apache/hadoop/fs/statistics/impl/EvaluatingStatisticsMap$EntryImpl
2024-11-12 13:41:22,725 INFO  CreateClassResetClassAdapter - Creating brand-new static initializer in class org/apache/hadoop/fs/statistics/impl/EvaluatingStatisticsMap$EntryImpl
2024-11-12 13:41:22,726 INFO  EvoClassLoader - Keeping class: org.apache.hadoop.fs.statistics.impl.EvaluatingStatisticsMap$EntryImpl
2024-11-12 13:41:22,726 INFO  EvoClassLoader - Seeing class for first time: org.apache.hadoop.security.token.delegation.AbstractDelegationTokenSecretManager$DelegationTokenInformation
2024-11-12 13:41:22,726 INFO  EvoClassLoader - Instrumenting class 'org.apache.hadoop.security.token.delegation.AbstractDelegationTokenSecretManager$DelegationTokenInformation'.
2024-11-12 13:41:22,726 INFO  MethodCallReplacementClassAdapter - Adding mock interface to class org/apache/hadoop/security/token/delegation/AbstractDelegationTokenSecretManager$DelegationTokenInformation
2024-11-12 13:41:22,726 INFO  CreateClassResetClassAdapter - Creating brand-new static initializer in class org/apache/hadoop/security/token/delegation/AbstractDelegationTokenSecretManager$DelegationTokenInformation
2024-11-12 13:41:22,727 INFO  EvoClassLoader - Keeping class: org.apache.hadoop.security.token.delegation.AbstractDelegationTokenSecretManager$DelegationTokenInformation
2024-11-12 13:41:22,733 INFO  EvoClassLoader - Seeing class for first time: org.apache.hadoop.io.TestGenericWritable$Bar
2024-11-12 13:41:22,733 INFO  EvoClassLoader - Instrumenting class 'org.apache.hadoop.io.TestGenericWritable$Bar'.
2024-11-12 13:41:22,733 INFO  MethodCallReplacementClassAdapter - Adding mock interface to class org/apache/hadoop/io/TestGenericWritable$Bar
2024-11-12 13:41:22,733 INFO  CreateClassResetClassAdapter - Creating brand-new static initializer in class org/apache/hadoop/io/TestGenericWritable$Bar
2024-11-12 13:41:22,734 INFO  EvoClassLoader - Keeping class: org.apache.hadoop.io.TestGenericWritable$Bar
2024-11-12 13:41:22,734 INFO  EvoClassLoader - Seeing class for first time: org.apache.hadoop.io.TestGenericWritable$Baz
2024-11-12 13:41:22,734 INFO  EvoClassLoader - Instrumenting class 'org.apache.hadoop.io.TestGenericWritable$Baz'.
2024-11-12 13:41:22,734 INFO  MethodCallReplacementClassAdapter - Adding mock interface to class org/apache/hadoop/io/TestGenericWritable$Baz
2024-11-12 13:41:22,734 INFO  CreateClassResetClassAdapter - Creating brand-new static initializer in class org/apache/hadoop/io/TestGenericWritable$Baz
2024-11-12 13:41:22,734 INFO  EvoClassLoader - Keeping class: org.apache.hadoop.io.TestGenericWritable$Baz
2024-11-12 13:41:22,735 INFO  EvoClassLoader - Seeing class for first time: org.apache.commons.collections.map.AbstractHashedMap
2024-11-12 13:41:22,735 INFO  EvoClassLoader - Instrumenting class 'org.apache.commons.collections.map.AbstractHashedMap'.
2024-11-12 13:41:22,735 INFO  MethodCallReplacementClassAdapter - Adding mock interface to class org/apache/commons/collections/map/AbstractHashedMap
2024-11-12 13:41:22,736 INFO  CreateClassResetClassAdapter - Found static initializer in class org/apache/commons/collections/map/AbstractHashedMap
2024-11-12 13:41:22,737 INFO  EvoClassLoader - Keeping class: org.apache.commons.collections.map.AbstractHashedMap
2024-11-12 13:41:22,737 INFO  EvoClassLoader - Seeing class for first time: org.apache.commons.collections.map.AbstractHashedMap$HashEntry
2024-11-12 13:41:22,737 INFO  EvoClassLoader - Instrumenting class 'org.apache.commons.collections.map.AbstractHashedMap$HashEntry'.
2024-11-12 13:41:22,737 INFO  MethodCallReplacementClassAdapter - Adding mock interface to class org/apache/commons/collections/map/AbstractHashedMap$HashEntry
2024-11-12 13:41:22,738 INFO  CreateClassResetClassAdapter - Creating brand-new static initializer in class org/apache/commons/collections/map/AbstractHashedMap$HashEntry
2024-11-12 13:41:22,738 INFO  EvoClassLoader - Keeping class: org.apache.commons.collections.map.AbstractHashedMap$HashEntry
2024-11-12 13:41:22,738 INFO  EvoClassLoader - Seeing class for first time: org.apache.commons.collections.map.AbstractLinkedMap
2024-11-12 13:41:22,738 INFO  EvoClassLoader - Instrumenting class 'org.apache.commons.collections.map.AbstractLinkedMap'.
2024-11-12 13:41:22,738 INFO  MethodCallReplacementClassAdapter - Adding mock interface to class org/apache/commons/collections/map/AbstractLinkedMap
2024-11-12 13:41:22,738 INFO  CreateClassResetClassAdapter - Creating brand-new static initializer in class org/apache/commons/collections/map/AbstractLinkedMap
2024-11-12 13:41:22,738 INFO  EvoClassLoader - Seeing class for first time: org.apache.commons.collections.OrderedMap
2024-11-12 13:41:22,738 INFO  EvoClassLoader - Instrumenting class 'org.apache.commons.collections.OrderedMap'.
2024-11-12 13:41:22,738 INFO  EvoClassLoader - Keeping class: org.apache.commons.collections.OrderedMap
2024-11-12 13:41:22,739 INFO  EvoClassLoader - Keeping class: org.apache.commons.collections.map.AbstractLinkedMap
2024-11-12 13:41:22,739 INFO  EvoClassLoader - Seeing class for first time: org.apache.commons.collections.OrderedMapIterator
2024-11-12 13:41:22,739 INFO  EvoClassLoader - Instrumenting class 'org.apache.commons.collections.OrderedMapIterator'.
2024-11-12 13:41:22,739 INFO  EvoClassLoader - Seeing class for first time: org.apache.commons.collections.OrderedIterator
2024-11-12 13:41:22,739 INFO  EvoClassLoader - Instrumenting class 'org.apache.commons.collections.OrderedIterator'.
2024-11-12 13:41:22,739 INFO  EvoClassLoader - Keeping class: org.apache.commons.collections.OrderedIterator
2024-11-12 13:41:22,739 INFO  EvoClassLoader - Keeping class: org.apache.commons.collections.OrderedMapIterator
2024-11-12 13:41:22,739 INFO  EvoClassLoader - Seeing class for first time: org.apache.commons.collections.map.AbstractLinkedMap$LinkEntry
2024-11-12 13:41:22,739 INFO  EvoClassLoader - Instrumenting class 'org.apache.commons.collections.map.AbstractLinkedMap$LinkEntry'.
2024-11-12 13:41:22,739 INFO  MethodCallReplacementClassAdapter - Adding mock interface to class org/apache/commons/collections/map/AbstractLinkedMap$LinkEntry
2024-11-12 13:41:22,739 INFO  CreateClassResetClassAdapter - Creating brand-new static initializer in class org/apache/commons/collections/map/AbstractLinkedMap$LinkEntry
2024-11-12 13:41:22,739 INFO  EvoClassLoader - Keeping class: org.apache.commons.collections.map.AbstractLinkedMap$LinkEntry
2024-11-12 13:41:22,740 INFO  EvoClassLoader - Seeing class for first time: org.apache.commons.collections.map.LRUMap
2024-11-12 13:41:22,740 INFO  EvoClassLoader - Instrumenting class 'org.apache.commons.collections.map.LRUMap'.
2024-11-12 13:41:22,740 INFO  MethodCallReplacementClassAdapter - Adding mock interface to class org/apache/commons/collections/map/LRUMap
2024-11-12 13:41:22,741 INFO  CreateClassResetClassAdapter - Creating brand-new static initializer in class org/apache/commons/collections/map/LRUMap
2024-11-12 13:41:22,741 INFO  CreateClassResetClassAdapter - Adding bytecode for initializing field DEFAULT_MAX_SIZE
2024-11-12 13:41:22,742 INFO  EvoClassLoader - Seeing class for first time: org.apache.commons.collections.BoundedMap
2024-11-12 13:41:22,742 INFO  EvoClassLoader - Instrumenting class 'org.apache.commons.collections.BoundedMap'.
2024-11-12 13:41:22,742 INFO  EvoClassLoader - Keeping class: org.apache.commons.collections.BoundedMap
2024-11-12 13:41:22,742 INFO  EvoClassLoader - Keeping class: org.apache.commons.collections.map.LRUMap
2024-11-12 13:41:22,743 INFO  EvoClassLoader - Seeing class for first time: org.apache.commons.collections.map.AbstractHashedMap$HashIterator
2024-11-12 13:41:22,743 INFO  EvoClassLoader - Instrumenting class 'org.apache.commons.collections.map.AbstractHashedMap$HashIterator'.
2024-11-12 13:41:22,743 INFO  MethodCallReplacementClassAdapter - Adding mock interface to class org/apache/commons/collections/map/AbstractHashedMap$HashIterator
2024-11-12 13:41:22,743 INFO  CreateClassResetClassAdapter - Creating brand-new static initializer in class org/apache/commons/collections/map/AbstractHashedMap$HashIterator
2024-11-12 13:41:22,743 INFO  EvoClassLoader - Keeping class: org.apache.commons.collections.map.AbstractHashedMap$HashIterator
2024-11-12 13:41:22,743 INFO  EvoClassLoader - Seeing class for first time: org.apache.commons.collections.map.AbstractLinkedMap$LinkIterator
2024-11-12 13:41:22,743 INFO  EvoClassLoader - Instrumenting class 'org.apache.commons.collections.map.AbstractLinkedMap$LinkIterator'.
2024-11-12 13:41:22,744 INFO  MethodCallReplacementClassAdapter - Adding mock interface to class org/apache/commons/collections/map/AbstractLinkedMap$LinkIterator
2024-11-12 13:41:22,744 INFO  CreateClassResetClassAdapter - Creating brand-new static initializer in class org/apache/commons/collections/map/AbstractLinkedMap$LinkIterator
2024-11-12 13:41:22,744 INFO  EvoClassLoader - Seeing class for first time: org.apache.commons.collections.ResettableIterator
2024-11-12 13:41:22,744 INFO  EvoClassLoader - Instrumenting class 'org.apache.commons.collections.ResettableIterator'.
2024-11-12 13:41:22,744 INFO  EvoClassLoader - Keeping class: org.apache.commons.collections.ResettableIterator
2024-11-12 13:41:22,745 INFO  EvoClassLoader - Keeping class: org.apache.commons.collections.map.AbstractLinkedMap$LinkIterator
2024-11-12 13:41:22,746 INFO  EvoClassLoader - Seeing class for first time: org.apache.hadoop.hdfs.util.ReferenceCountMap
2024-11-12 13:41:22,746 INFO  EvoClassLoader - Instrumenting class 'org.apache.hadoop.hdfs.util.ReferenceCountMap'.
2024-11-12 13:41:22,746 INFO  MethodCallReplacementClassAdapter - Adding mock interface to class org/apache/hadoop/hdfs/util/ReferenceCountMap
2024-11-12 13:41:22,747 INFO  CreateClassResetClassAdapter - Creating brand-new static initializer in class org/apache/hadoop/hdfs/util/ReferenceCountMap
2024-11-12 13:41:22,747 INFO  EvoClassLoader - Keeping class: org.apache.hadoop.hdfs.util.ReferenceCountMap
2024-11-12 13:41:22,747 INFO  EvoClassLoader - Seeing class for first time: org.apache.hadoop.hdfs.server.namenode.AclStorage
2024-11-12 13:41:22,747 INFO  EvoClassLoader - Instrumenting class 'org.apache.hadoop.hdfs.server.namenode.AclStorage'.
2024-11-12 13:41:22,748 INFO  MethodCallReplacementClassAdapter - Adding mock interface to class org/apache/hadoop/hdfs/server/namenode/AclStorage
2024-11-12 13:41:22,748 INFO  CreateClassResetClassAdapter - Found static initializer in class org/apache/hadoop/hdfs/server/namenode/AclStorage
2024-11-12 13:41:22,749 INFO  EvoClassLoader - Keeping class: org.apache.hadoop.hdfs.server.namenode.AclStorage
2024-11-12 13:41:22,749 INFO  EvoClassLoader - Seeing class for first time: org.apache.hadoop.hdfs.protocol.AclException
2024-11-12 13:41:22,749 INFO  EvoClassLoader - Instrumenting class 'org.apache.hadoop.hdfs.protocol.AclException'.
2024-11-12 13:41:22,750 INFO  MethodCallReplacementClassAdapter - Adding mock interface to class org/apache/hadoop/hdfs/protocol/AclException
2024-11-12 13:41:22,750 INFO  CreateClassResetClassAdapter - Creating brand-new static initializer in class org/apache/hadoop/hdfs/protocol/AclException
2024-11-12 13:41:22,750 INFO  EvoClassLoader - Keeping class: org.apache.hadoop.hdfs.protocol.AclException
2024-11-12 13:41:22,750 INFO  EvoClassLoader - Seeing class for first time: org.apache.hadoop.thirdparty.com.google.common.base.Strings
2024-11-12 13:41:22,751 INFO  EvoClassLoader - Instrumenting class 'org.apache.hadoop.thirdparty.com.google.common.base.Strings'.
2024-11-12 13:41:22,751 INFO  MethodCallReplacementClassAdapter - Adding mock interface to class org/apache/hadoop/thirdparty/com/google/common/base/Strings
2024-11-12 13:41:22,752 INFO  CreateClassResetClassAdapter - Creating brand-new static initializer in class org/apache/hadoop/thirdparty/com/google/common/base/Strings
2024-11-12 13:41:22,752 INFO  EvoClassLoader - Keeping class: org.apache.hadoop.thirdparty.com.google.common.base.Strings
2024-11-12 13:41:22,752 INFO  EvoClassLoader - Seeing class for first time: org.apache.hadoop.hdfs.server.namenode.INodeDirectory$1
2024-11-12 13:41:22,752 INFO  EvoClassLoader - Instrumenting class 'org.apache.hadoop.hdfs.server.namenode.INodeDirectory$1'.
2024-11-12 13:41:22,753 INFO  MethodCallReplacementClassAdapter - Adding mock interface to class org/apache/hadoop/hdfs/server/namenode/INodeDirectory$1
2024-11-12 13:41:22,753 INFO  EvoClassLoader - Keeping class: org.apache.hadoop.hdfs.server.namenode.INodeDirectory$1
2024-11-12 13:41:22,753 INFO  EvoClassLoader - Seeing class for first time: org.apache.hadoop.hdfs.server.namenode.INodeDirectory$1$1
2024-11-12 13:41:22,753 INFO  EvoClassLoader - Instrumenting class 'org.apache.hadoop.hdfs.server.namenode.INodeDirectory$1$1'.
2024-11-12 13:41:22,753 INFO  MethodCallReplacementClassAdapter - Adding mock interface to class org/apache/hadoop/hdfs/server/namenode/INodeDirectory$1$1
2024-11-12 13:41:22,753 INFO  EvoClassLoader - Keeping class: org.apache.hadoop.hdfs.server.namenode.INodeDirectory$1$1
2024-11-12 13:41:22,753 INFO  EvoClassLoader - Seeing class for first time: org.apache.hadoop.io.TestWritable$SimpleWritable
2024-11-12 13:41:22,753 INFO  EvoClassLoader - Instrumenting class 'org.apache.hadoop.io.TestWritable$SimpleWritable'.
2024-11-12 13:41:22,753 INFO  MethodCallReplacementClassAdapter - Adding mock interface to class org/apache/hadoop/io/TestWritable$SimpleWritable
2024-11-12 13:41:22,753 INFO  CreateClassResetClassAdapter - Found static initializer in class org/apache/hadoop/io/TestWritable$SimpleWritable
2024-11-12 13:41:22,754 INFO  EvoClassLoader - Keeping class: org.apache.hadoop.io.TestWritable$SimpleWritable
2024-11-12 13:41:22,754 INFO  EvoClassLoader - Seeing class for first time: org.apache.hadoop.io.TestWritable
2024-11-12 13:41:22,754 INFO  EvoClassLoader - Instrumenting class 'org.apache.hadoop.io.TestWritable'.
2024-11-12 13:41:22,754 INFO  MethodCallReplacementClassAdapter - Adding mock interface to class org/apache/hadoop/io/TestWritable
2024-11-12 13:41:22,754 INFO  CreateClassResetClassAdapter - Found static initializer in class org/apache/hadoop/io/TestWritable
2024-11-12 13:41:22,755 INFO  EvoClassLoader - Keeping class: org.apache.hadoop.io.TestWritable
2024-11-12 13:41:22,755 INFO  EvoClassLoader - Seeing class for first time: org.apache.hadoop.io.TestWritable$Frob
2024-11-12 13:41:22,755 INFO  EvoClassLoader - Instrumenting class 'org.apache.hadoop.io.TestWritable$Frob'.
2024-11-12 13:41:22,755 INFO  MethodCallReplacementClassAdapter - Adding mock interface to class org/apache/hadoop/io/TestWritable$Frob
2024-11-12 13:41:22,755 INFO  CreateClassResetClassAdapter - Found static initializer in class org/apache/hadoop/io/TestWritable$Frob
2024-11-12 13:41:22,755 INFO  EvoClassLoader - Keeping class: org.apache.hadoop.io.TestWritable$Frob
2024-11-12 13:41:22,755 INFO  EvoClassLoader - Seeing class for first time: org.apache.hadoop.io.TestWritable$FrobComparator
2024-11-12 13:41:22,755 INFO  EvoClassLoader - Instrumenting class 'org.apache.hadoop.io.TestWritable$FrobComparator'.
2024-11-12 13:41:22,755 INFO  MethodCallReplacementClassAdapter - Adding mock interface to class org/apache/hadoop/io/TestWritable$FrobComparator
2024-11-12 13:41:22,756 INFO  CreateClassResetClassAdapter - Creating brand-new static initializer in class org/apache/hadoop/io/TestWritable$FrobComparator
2024-11-12 13:41:22,756 INFO  EvoClassLoader - Keeping class: org.apache.hadoop.io.TestWritable$FrobComparator
2024-11-12 13:41:22,756 INFO  EvoClassLoader - Seeing class for first time: org.apache.hadoop.io.TestWritable$SimpleWritableComparable
2024-11-12 13:41:22,756 INFO  EvoClassLoader - Instrumenting class 'org.apache.hadoop.io.TestWritable$SimpleWritableComparable'.
2024-11-12 13:41:22,756 INFO  MethodCallReplacementClassAdapter - Adding mock interface to class org/apache/hadoop/io/TestWritable$SimpleWritableComparable
2024-11-12 13:41:22,756 INFO  CreateClassResetClassAdapter - Creating brand-new static initializer in class org/apache/hadoop/io/TestWritable$SimpleWritableComparable
2024-11-12 13:41:22,756 INFO  EvoClassLoader - Keeping class: org.apache.hadoop.io.TestWritable$SimpleWritableComparable
2024-11-12 13:41:22,756 INFO  EvoClassLoader - Seeing class for first time: org.apache.hadoop.fs.ReadOption
2024-11-12 13:41:22,756 INFO  EvoClassLoader - Instrumenting class 'org.apache.hadoop.fs.ReadOption'.
2024-11-12 13:41:22,756 INFO  MethodCallReplacementClassAdapter - Adding mock interface to class org/apache/hadoop/fs/ReadOption
2024-11-12 13:41:22,756 INFO  CreateClassResetClassAdapter - Found static initializer in class org/apache/hadoop/fs/ReadOption
2024-11-12 13:41:22,757 INFO  EvoClassLoader - Keeping class: org.apache.hadoop.fs.ReadOption
2024-11-12 13:41:22,757 INFO  EvoClassLoader - Seeing class for first time: org.apache.hadoop.io.ByteBufferPool
2024-11-12 13:41:22,757 INFO  EvoClassLoader - Instrumenting class 'org.apache.hadoop.io.ByteBufferPool'.
2024-11-12 13:41:22,757 INFO  EvoClassLoader - Keeping class: org.apache.hadoop.io.ByteBufferPool
2024-11-12 13:41:22,757 INFO  EvoClassLoader - Seeing class for first time: org.apache.hadoop.fs.RawLocalFileSystem$AsyncHandler
2024-11-12 13:41:22,757 INFO  EvoClassLoader - Instrumenting class 'org.apache.hadoop.fs.RawLocalFileSystem$AsyncHandler'.
2024-11-12 13:41:22,758 INFO  MethodCallReplacementClassAdapter - Adding mock interface to class org/apache/hadoop/fs/RawLocalFileSystem$AsyncHandler
2024-11-12 13:41:22,758 INFO  CreateClassResetClassAdapter - Creating brand-new static initializer in class org/apache/hadoop/fs/RawLocalFileSystem$AsyncHandler
2024-11-12 13:41:22,758 INFO  EvoClassLoader - Keeping class: org.apache.hadoop.fs.RawLocalFileSystem$AsyncHandler
2024-11-12 13:41:22,759 INFO  EvoClassLoader - Seeing class for first time: org.apache.hadoop.hdfs.server.common.Storage$StorageState
2024-11-12 13:41:22,759 INFO  EvoClassLoader - Instrumenting class 'org.apache.hadoop.hdfs.server.common.Storage$StorageState'.
2024-11-12 13:41:22,759 INFO  MethodCallReplacementClassAdapter - Adding mock interface to class org/apache/hadoop/hdfs/server/common/Storage$StorageState
2024-11-12 13:41:22,759 INFO  CreateClassResetClassAdapter - Found static initializer in class org/apache/hadoop/hdfs/server/common/Storage$StorageState
2024-11-12 13:41:22,759 INFO  EvoClassLoader - Keeping class: org.apache.hadoop.hdfs.server.common.Storage$StorageState
2024-11-12 13:41:22,759 INFO  EvoClassLoader - Seeing class for first time: org.apache.hadoop.fs.Options
2024-11-12 13:41:22,759 INFO  EvoClassLoader - Instrumenting class 'org.apache.hadoop.fs.Options'.
2024-11-12 13:41:22,760 INFO  MethodCallReplacementClassAdapter - Adding mock interface to class org/apache/hadoop/fs/Options
2024-11-12 13:41:22,760 INFO  CreateClassResetClassAdapter - Creating brand-new static initializer in class org/apache/hadoop/fs/Options
2024-11-12 13:41:22,760 INFO  EvoClassLoader - Keeping class: org.apache.hadoop.fs.Options
2024-11-12 13:41:22,760 INFO  EvoClassLoader - Seeing class for first time: org.apache.hadoop.fs.Options$OpenFileOptions
2024-11-12 13:41:22,760 INFO  EvoClassLoader - Instrumenting class 'org.apache.hadoop.fs.Options$OpenFileOptions'.
2024-11-12 13:41:22,760 INFO  MethodCallReplacementClassAdapter - Adding mock interface to class org/apache/hadoop/fs/Options$OpenFileOptions
2024-11-12 13:41:22,760 INFO  CreateClassResetClassAdapter - Found static initializer in class org/apache/hadoop/fs/Options$OpenFileOptions
2024-11-12 13:41:22,760 INFO  EvoClassLoader - Keeping class: org.apache.hadoop.fs.Options$OpenFileOptions
2024-11-12 13:41:22,760 INFO  EvoClassLoader - Seeing class for first time: org.apache.hadoop.fs.Options$ChecksumCombineMode
2024-11-12 13:41:22,760 INFO  EvoClassLoader - Instrumenting class 'org.apache.hadoop.fs.Options$ChecksumCombineMode'.
2024-11-12 13:41:22,760 INFO  MethodCallReplacementClassAdapter - Adding mock interface to class org/apache/hadoop/fs/Options$ChecksumCombineMode
2024-11-12 13:41:22,761 INFO  CreateClassResetClassAdapter - Found static initializer in class org/apache/hadoop/fs/Options$ChecksumCombineMode
2024-11-12 13:41:22,761 INFO  EvoClassLoader - Keeping class: org.apache.hadoop.fs.Options$ChecksumCombineMode
2024-11-12 13:41:22,761 INFO  EvoClassLoader - Seeing class for first time: org.apache.hadoop.fs.Options$HandleOpt$Data
2024-11-12 13:41:22,761 INFO  EvoClassLoader - Instrumenting class 'org.apache.hadoop.fs.Options$HandleOpt$Data'.
2024-11-12 13:41:22,761 INFO  MethodCallReplacementClassAdapter - Adding mock interface to class org/apache/hadoop/fs/Options$HandleOpt$Data
2024-11-12 13:41:22,761 INFO  CreateClassResetClassAdapter - Creating brand-new static initializer in class org/apache/hadoop/fs/Options$HandleOpt$Data
2024-11-12 13:41:22,761 INFO  EvoClassLoader - Keeping class: org.apache.hadoop.fs.Options$HandleOpt$Data
2024-11-12 13:41:22,761 INFO  EvoClassLoader - Seeing class for first time: org.apache.hadoop.fs.Options$HandleOpt$Location
2024-11-12 13:41:22,761 INFO  EvoClassLoader - Instrumenting class 'org.apache.hadoop.fs.Options$HandleOpt$Location'.
2024-11-12 13:41:22,761 INFO  MethodCallReplacementClassAdapter - Adding mock interface to class org/apache/hadoop/fs/Options$HandleOpt$Location
2024-11-12 13:41:22,761 INFO  CreateClassResetClassAdapter - Creating brand-new static initializer in class org/apache/hadoop/fs/Options$HandleOpt$Location
2024-11-12 13:41:22,761 INFO  EvoClassLoader - Keeping class: org.apache.hadoop.fs.Options$HandleOpt$Location
2024-11-12 13:41:22,761 INFO  EvoClassLoader - Seeing class for first time: org.apache.hadoop.hdfs.server.datanode.SecureDataNodeStarter
2024-11-12 13:41:22,761 INFO  EvoClassLoader - Instrumenting class 'org.apache.hadoop.hdfs.server.datanode.SecureDataNodeStarter'.
2024-11-12 13:41:22,761 INFO  MethodCallReplacementClassAdapter - Adding mock interface to class org/apache/hadoop/hdfs/server/datanode/SecureDataNodeStarter
2024-11-12 13:41:22,762 INFO  CreateClassResetClassAdapter - Creating brand-new static initializer in class org/apache/hadoop/hdfs/server/datanode/SecureDataNodeStarter
2024-11-12 13:41:22,762 INFO  EvoClassLoader - Seeing class for first time: org.apache.commons.daemon.Daemon
2024-11-12 13:41:22,762 INFO  EvoClassLoader - Instrumenting class 'org.apache.commons.daemon.Daemon'.
2024-11-12 13:41:22,763 INFO  EvoClassLoader - Defined package (3): package org.apache.commons.daemon, 1944077408
2024-11-12 13:41:22,763 INFO  EvoClassLoader - Keeping class: org.apache.commons.daemon.Daemon
2024-11-12 13:41:22,763 INFO  EvoClassLoader - Keeping class: org.apache.hadoop.hdfs.server.datanode.SecureDataNodeStarter
2024-11-12 13:41:22,763 INFO  EvoClassLoader - Seeing class for first time: org.apache.hadoop.hdfs.server.datanode.ReplicaInfo
2024-11-12 13:41:22,763 INFO  EvoClassLoader - Instrumenting class 'org.apache.hadoop.hdfs.server.datanode.ReplicaInfo'.
2024-11-12 13:41:22,764 INFO  MethodCallReplacementClassAdapter - Adding mock interface to class org/apache/hadoop/hdfs/server/datanode/ReplicaInfo
2024-11-12 13:41:22,764 INFO  CreateClassResetClassAdapter - Found static initializer in class org/apache/hadoop/hdfs/server/datanode/ReplicaInfo
2024-11-12 13:41:22,764 INFO  EvoClassLoader - Keeping class: org.apache.hadoop.hdfs.server.datanode.ReplicaInfo
2024-11-12 13:41:22,764 INFO  EvoClassLoader - Seeing class for first time: org.apache.hadoop.hdfs.server.common.HdfsServerConstants$NodeType
2024-11-12 13:41:22,764 INFO  EvoClassLoader - Instrumenting class 'org.apache.hadoop.hdfs.server.common.HdfsServerConstants$NodeType'.
2024-11-12 13:41:22,764 INFO  MethodCallReplacementClassAdapter - Adding mock interface to class org/apache/hadoop/hdfs/server/common/HdfsServerConstants$NodeType
2024-11-12 13:41:22,765 INFO  CreateClassResetClassAdapter - Found static initializer in class org/apache/hadoop/hdfs/server/common/HdfsServerConstants$NodeType
2024-11-12 13:41:22,765 INFO  EvoClassLoader - Keeping class: org.apache.hadoop.hdfs.server.common.HdfsServerConstants$NodeType
2024-11-12 13:41:22,765 INFO  EvoClassLoader - Seeing class for first time: org.apache.hadoop.hdfs.server.datanode.FileIoProvider$WrappedFileInputStream
2024-11-12 13:41:22,765 INFO  EvoClassLoader - Instrumenting class 'org.apache.hadoop.hdfs.server.datanode.FileIoProvider$WrappedFileInputStream'.
2024-11-12 13:41:22,766 INFO  MethodCallReplacementClassAdapter - Adding mock interface to class org/apache/hadoop/hdfs/server/datanode/FileIoProvider$WrappedFileInputStream
2024-11-12 13:41:22,766 INFO  CreateClassResetClassAdapter - Creating brand-new static initializer in class org/apache/hadoop/hdfs/server/datanode/FileIoProvider$WrappedFileInputStream
2024-11-12 13:41:22,766 INFO  EvoClassLoader - Keeping class: org.apache.hadoop.hdfs.server.datanode.FileIoProvider$WrappedFileInputStream
2024-11-12 13:41:22,766 INFO  EvoClassLoader - Seeing class for first time: org.apache.hadoop.hdfs.server.datanode.FileIoProvider$WrappedFileOutputStream
2024-11-12 13:41:22,766 INFO  EvoClassLoader - Instrumenting class 'org.apache.hadoop.hdfs.server.datanode.FileIoProvider$WrappedFileOutputStream'.
2024-11-12 13:41:22,766 INFO  MethodCallReplacementClassAdapter - Adding mock interface to class org/apache/hadoop/hdfs/server/datanode/FileIoProvider$WrappedFileOutputStream
2024-11-12 13:41:22,766 INFO  CreateClassResetClassAdapter - Creating brand-new static initializer in class org/apache/hadoop/hdfs/server/datanode/FileIoProvider$WrappedFileOutputStream
2024-11-12 13:41:22,767 INFO  EvoClassLoader - Keeping class: org.apache.hadoop.hdfs.server.datanode.FileIoProvider$WrappedFileOutputStream
2024-11-12 13:41:22,767 INFO  EvoClassLoader - Seeing class for first time: org.apache.hadoop.hdfs.server.datanode.FileIoProvider$WrappedRandomAccessFile
2024-11-12 13:41:22,767 INFO  EvoClassLoader - Instrumenting class 'org.apache.hadoop.hdfs.server.datanode.FileIoProvider$WrappedRandomAccessFile'.
2024-11-12 13:41:22,767 INFO  MethodCallReplacementClassAdapter - Adding mock interface to class org/apache/hadoop/hdfs/server/datanode/FileIoProvider$WrappedRandomAccessFile
2024-11-12 13:41:22,767 INFO  CreateClassResetClassAdapter - Creating brand-new static initializer in class org/apache/hadoop/hdfs/server/datanode/FileIoProvider$WrappedRandomAccessFile
2024-11-12 13:41:22,767 INFO  EvoClassLoader - Keeping class: org.apache.hadoop.hdfs.server.datanode.FileIoProvider$WrappedRandomAccessFile
2024-11-12 13:41:22,767 INFO  EvoClassLoader - Seeing class for first time: org.apache.hadoop.hdfs.server.datanode.ProfilingFileIoEvents
2024-11-12 13:41:22,767 INFO  EvoClassLoader - Instrumenting class 'org.apache.hadoop.hdfs.server.datanode.ProfilingFileIoEvents'.
2024-11-12 13:41:22,767 INFO  MethodCallReplacementClassAdapter - Adding mock interface to class org/apache/hadoop/hdfs/server/datanode/ProfilingFileIoEvents
2024-11-12 13:41:22,768 INFO  CreateClassResetClassAdapter - Found static initializer in class org/apache/hadoop/hdfs/server/datanode/ProfilingFileIoEvents
2024-11-12 13:41:22,768 INFO  EvoClassLoader - Keeping class: org.apache.hadoop.hdfs.server.datanode.ProfilingFileIoEvents
2024-11-12 13:41:22,768 INFO  EvoClassLoader - Seeing class for first time: org.apache.hadoop.hdfs.server.datanode.FaultInjectorFileIoEvents
2024-11-12 13:41:22,768 INFO  EvoClassLoader - Instrumenting class 'org.apache.hadoop.hdfs.server.datanode.FaultInjectorFileIoEvents'.
2024-11-12 13:41:22,768 INFO  MethodCallReplacementClassAdapter - Adding mock interface to class org/apache/hadoop/hdfs/server/datanode/FaultInjectorFileIoEvents
2024-11-12 13:41:22,768 INFO  CreateClassResetClassAdapter - Creating brand-new static initializer in class org/apache/hadoop/hdfs/server/datanode/FaultInjectorFileIoEvents
2024-11-12 13:41:22,768 INFO  EvoClassLoader - Keeping class: org.apache.hadoop.hdfs.server.datanode.FaultInjectorFileIoEvents
2024-11-12 13:41:22,768 INFO  EvoClassLoader - Seeing class for first time: org.apache.hadoop.net.SocketOutputStream
2024-11-12 13:41:22,768 INFO  EvoClassLoader - Instrumenting class 'org.apache.hadoop.net.SocketOutputStream'.
2024-11-12 13:41:22,769 INFO  MethodCallReplacementClassAdapter - Adding mock interface to class org/apache/hadoop/net/SocketOutputStream
2024-11-12 13:41:22,769 INFO  CreateClassResetClassAdapter - Creating brand-new static initializer in class org/apache/hadoop/net/SocketOutputStream
2024-11-12 13:41:22,769 INFO  EvoClassLoader - Keeping class: org.apache.hadoop.net.SocketOutputStream
2024-11-12 13:41:22,769 INFO  EvoClassLoader - Seeing class for first time: org.apache.hadoop.io.LongWritable
2024-11-12 13:41:22,769 INFO  EvoClassLoader - Instrumenting class 'org.apache.hadoop.io.LongWritable'.
2024-11-12 13:41:22,770 INFO  MethodCallReplacementClassAdapter - Adding mock interface to class org/apache/hadoop/io/LongWritable
2024-11-12 13:41:22,770 INFO  CreateClassResetClassAdapter - Found static initializer in class org/apache/hadoop/io/LongWritable
2024-11-12 13:41:22,770 INFO  EvoClassLoader - Keeping class: org.apache.hadoop.io.LongWritable
2024-11-12 13:41:22,770 INFO  EvoClassLoader - Seeing class for first time: org.apache.hadoop.hdfs.server.datanode.FileIoProvider$OPERATION
2024-11-12 13:41:22,770 INFO  EvoClassLoader - Instrumenting class 'org.apache.hadoop.hdfs.server.datanode.FileIoProvider$OPERATION'.
2024-11-12 13:41:22,770 INFO  MethodCallReplacementClassAdapter - Adding mock interface to class org/apache/hadoop/hdfs/server/datanode/FileIoProvider$OPERATION
2024-11-12 13:41:22,770 INFO  CreateClassResetClassAdapter - Found static initializer in class org/apache/hadoop/hdfs/server/datanode/FileIoProvider$OPERATION
2024-11-12 13:41:22,770 INFO  EvoClassLoader - Keeping class: org.apache.hadoop.hdfs.server.datanode.FileIoProvider$OPERATION
2024-11-12 13:41:22,770 INFO  EvoClassLoader - Seeing class for first time: org.apache.hadoop.hdfs.server.datanode.fsdataset.DataNodeVolumeMetrics
2024-11-12 13:41:22,770 INFO  EvoClassLoader - Instrumenting class 'org.apache.hadoop.hdfs.server.datanode.fsdataset.DataNodeVolumeMetrics'.
2024-11-12 13:41:22,771 INFO  MethodCallReplacementClassAdapter - Adding mock interface to class org/apache/hadoop/hdfs/server/datanode/fsdataset/DataNodeVolumeMetrics
2024-11-12 13:41:22,771 INFO  CreateClassResetClassAdapter - Creating brand-new static initializer in class org/apache/hadoop/hdfs/server/datanode/fsdataset/DataNodeVolumeMetrics
2024-11-12 13:41:22,771 INFO  EvoClassLoader - Keeping class: org.apache.hadoop.hdfs.server.datanode.fsdataset.DataNodeVolumeMetrics
2024-11-12 13:41:22,771 INFO  EvoClassLoader - Seeing class for first time: org.apache.hadoop.hdfs.server.datanode.fsdataset.FsVolumeSpi$ScanInfo
2024-11-12 13:41:22,771 INFO  EvoClassLoader - Instrumenting class 'org.apache.hadoop.hdfs.server.datanode.fsdataset.FsVolumeSpi$ScanInfo'.
2024-11-12 13:41:22,772 INFO  MethodCallReplacementClassAdapter - Adding mock interface to class org/apache/hadoop/hdfs/server/datanode/fsdataset/FsVolumeSpi$ScanInfo
2024-11-12 13:41:22,773 INFO  CreateClassResetClassAdapter - Found static initializer in class org/apache/hadoop/hdfs/server/datanode/fsdataset/FsVolumeSpi$ScanInfo
2024-11-12 13:41:22,773 INFO  EvoClassLoader - Keeping class: org.apache.hadoop.hdfs.server.datanode.fsdataset.FsVolumeSpi$ScanInfo
2024-11-12 13:41:22,773 INFO  EvoClassLoader - Seeing class for first time: org.apache.hadoop.hdfs.server.datanode.fsdataset.LengthInputStream
2024-11-12 13:41:22,773 INFO  EvoClassLoader - Instrumenting class 'org.apache.hadoop.hdfs.server.datanode.fsdataset.LengthInputStream'.
2024-11-12 13:41:22,773 INFO  MethodCallReplacementClassAdapter - Adding mock interface to class org/apache/hadoop/hdfs/server/datanode/fsdataset/LengthInputStream
2024-11-12 13:41:22,773 INFO  CreateClassResetClassAdapter - Creating brand-new static initializer in class org/apache/hadoop/hdfs/server/datanode/fsdataset/LengthInputStream
2024-11-12 13:41:22,773 INFO  EvoClassLoader - Keeping class: org.apache.hadoop.hdfs.server.datanode.fsdataset.LengthInputStream
2024-11-12 13:41:22,773 INFO  EvoClassLoader - Seeing class for first time: org.apache.hadoop.hdfs.server.datanode.LocalReplica
2024-11-12 13:41:22,773 INFO  EvoClassLoader - Instrumenting class 'org.apache.hadoop.hdfs.server.datanode.LocalReplica'.
2024-11-12 13:41:22,774 INFO  MethodCallReplacementClassAdapter - Adding mock interface to class org/apache/hadoop/hdfs/server/datanode/LocalReplica
2024-11-12 13:41:22,775 INFO  CreateClassResetClassAdapter - Found static initializer in class org/apache/hadoop/hdfs/server/datanode/LocalReplica
2024-11-12 13:41:22,775 INFO  EvoClassLoader - Keeping class: org.apache.hadoop.hdfs.server.datanode.LocalReplica
2024-11-12 13:41:22,776 INFO  EvoClassLoader - Seeing class for first time: org.apache.hadoop.hdfs.server.datanode.LocalReplica$ReplicaDirInfo
2024-11-12 13:41:22,776 INFO  EvoClassLoader - Instrumenting class 'org.apache.hadoop.hdfs.server.datanode.LocalReplica$ReplicaDirInfo'.
2024-11-12 13:41:22,776 INFO  MethodCallReplacementClassAdapter - Adding mock interface to class org/apache/hadoop/hdfs/server/datanode/LocalReplica$ReplicaDirInfo
2024-11-12 13:41:22,776 INFO  CreateClassResetClassAdapter - Creating brand-new static initializer in class org/apache/hadoop/hdfs/server/datanode/LocalReplica$ReplicaDirInfo
2024-11-12 13:41:22,776 INFO  EvoClassLoader - Keeping class: org.apache.hadoop.hdfs.server.datanode.LocalReplica$ReplicaDirInfo
2024-11-12 13:41:22,776 INFO  EvoClassLoader - Seeing class for first time: org.apache.hadoop.hdfs.server.datanode.ReplicaUnderRecovery
2024-11-12 13:41:22,776 INFO  EvoClassLoader - Instrumenting class 'org.apache.hadoop.hdfs.server.datanode.ReplicaUnderRecovery'.
2024-11-12 13:41:22,776 INFO  MethodCallReplacementClassAdapter - Adding mock interface to class org/apache/hadoop/hdfs/server/datanode/ReplicaUnderRecovery
2024-11-12 13:41:22,777 INFO  CreateClassResetClassAdapter - Creating brand-new static initializer in class org/apache/hadoop/hdfs/server/datanode/ReplicaUnderRecovery
2024-11-12 13:41:22,777 INFO  EvoClassLoader - Keeping class: org.apache.hadoop.hdfs.server.datanode.ReplicaUnderRecovery
2024-11-12 13:41:22,777 INFO  EvoClassLoader - Seeing class for first time: org.apache.hadoop.hdfs.server.protocol.NamespaceInfo$Capability
2024-11-12 13:41:22,777 INFO  EvoClassLoader - Instrumenting class 'org.apache.hadoop.hdfs.server.protocol.NamespaceInfo$Capability'.
2024-11-12 13:41:22,777 INFO  MethodCallReplacementClassAdapter - Adding mock interface to class org/apache/hadoop/hdfs/server/protocol/NamespaceInfo$Capability
2024-11-12 13:41:22,777 INFO  CreateClassResetClassAdapter - Found static initializer in class org/apache/hadoop/hdfs/server/protocol/NamespaceInfo$Capability
2024-11-12 13:41:22,777 INFO  EvoClassLoader - Keeping class: org.apache.hadoop.hdfs.server.protocol.NamespaceInfo$Capability
2024-11-12 13:41:22,778 INFO  EvoClassLoader - Seeing class for first time: org.apache.hadoop.hdfs.web.URLConnectionFactory$1
2024-11-12 13:41:22,778 INFO  EvoClassLoader - Instrumenting class 'org.apache.hadoop.hdfs.web.URLConnectionFactory$1'.
2024-11-12 13:41:22,778 INFO  MethodCallReplacementClassAdapter - Adding mock interface to class org/apache/hadoop/hdfs/web/URLConnectionFactory$1
2024-11-12 13:41:22,778 INFO  EvoClassLoader - Defined package (3): package org.apache.hadoop.hdfs.web, -1603369982
2024-11-12 13:41:22,778 INFO  EvoClassLoader - Seeing class for first time: org.apache.hadoop.security.authentication.client.ConnectionConfigurator
2024-11-12 13:41:22,778 INFO  EvoClassLoader - Instrumenting class 'org.apache.hadoop.security.authentication.client.ConnectionConfigurator'.
2024-11-12 13:41:22,778 INFO  EvoClassLoader - Defined package (3): package org.apache.hadoop.security.authentication.client, 134156518
2024-11-12 13:41:22,779 INFO  EvoClassLoader - Keeping class: org.apache.hadoop.security.authentication.client.ConnectionConfigurator
2024-11-12 13:41:22,779 INFO  EvoClassLoader - Keeping class: org.apache.hadoop.hdfs.web.URLConnectionFactory$1
2024-11-12 13:41:22,779 INFO  EvoClassLoader - Seeing class for first time: org.apache.hadoop.hdfs.web.URLConnectionFactory
2024-11-12 13:41:22,779 INFO  EvoClassLoader - Instrumenting class 'org.apache.hadoop.hdfs.web.URLConnectionFactory'.
2024-11-12 13:41:22,779 INFO  MethodCallReplacementClassAdapter - Adding mock interface to class org/apache/hadoop/hdfs/web/URLConnectionFactory
2024-11-12 13:41:22,780 INFO  CreateClassResetClassAdapter - Found static initializer in class org/apache/hadoop/hdfs/web/URLConnectionFactory
2024-11-12 13:41:22,780 INFO  EvoClassLoader - Keeping class: org.apache.hadoop.hdfs.web.URLConnectionFactory
2024-11-12 13:41:22,780 INFO  EvoClassLoader - Seeing class for first time: org.apache.hadoop.security.authentication.client.Authenticator
2024-11-12 13:41:22,780 INFO  EvoClassLoader - Instrumenting class 'org.apache.hadoop.security.authentication.client.Authenticator'.
2024-11-12 13:41:22,780 INFO  EvoClassLoader - Keeping class: org.apache.hadoop.security.authentication.client.Authenticator
2024-11-12 13:41:22,780 INFO  EvoClassLoader - Seeing class for first time: org.apache.hadoop.security.authentication.client.AuthenticationException
2024-11-12 13:41:22,780 INFO  EvoClassLoader - Instrumenting class 'org.apache.hadoop.security.authentication.client.AuthenticationException'.
2024-11-12 13:41:22,781 INFO  MethodCallReplacementClassAdapter - Adding mock interface to class org/apache/hadoop/security/authentication/client/AuthenticationException
2024-11-12 13:41:22,781 INFO  CreateClassResetClassAdapter - Creating brand-new static initializer in class org/apache/hadoop/security/authentication/client/AuthenticationException
2024-11-12 13:41:22,781 INFO  EvoClassLoader - Keeping class: org.apache.hadoop.security.authentication.client.AuthenticationException
2024-11-12 13:41:22,781 INFO  EvoClassLoader - Seeing class for first time: org.apache.hadoop.hdfs.web.SSLConnectionConfigurator
2024-11-12 13:41:22,781 INFO  EvoClassLoader - Instrumenting class 'org.apache.hadoop.hdfs.web.SSLConnectionConfigurator'.
2024-11-12 13:41:22,781 INFO  MethodCallReplacementClassAdapter - Adding mock interface to class org/apache/hadoop/hdfs/web/SSLConnectionConfigurator
2024-11-12 13:41:22,781 INFO  CreateClassResetClassAdapter - Creating brand-new static initializer in class org/apache/hadoop/hdfs/web/SSLConnectionConfigurator
2024-11-12 13:41:22,781 INFO  EvoClassLoader - Keeping class: org.apache.hadoop.hdfs.web.SSLConnectionConfigurator
2024-11-12 13:41:22,781 INFO  EvoClassLoader - Seeing class for first time: org.apache.hadoop.security.ssl.SSLFactory
2024-11-12 13:41:22,781 INFO  EvoClassLoader - Instrumenting class 'org.apache.hadoop.security.ssl.SSLFactory'.
2024-11-12 13:41:22,782 INFO  MethodCallReplacementClassAdapter - Adding mock interface to class org/apache/hadoop/security/ssl/SSLFactory
2024-11-12 13:41:22,784 INFO  CreateClassResetClassAdapter - Found static initializer in class org/apache/hadoop/security/ssl/SSLFactory
2024-11-12 13:41:22,784 INFO  EvoClassLoader - Defined package (3): package org.apache.hadoop.security.ssl, 17313329
2024-11-12 13:41:22,785 INFO  EvoClassLoader - Keeping class: org.apache.hadoop.security.ssl.SSLFactory
2024-11-12 13:41:22,785 INFO  EvoClassLoader - Seeing class for first time: org.apache.hadoop.security.ssl.SSLFactory$Mode
2024-11-12 13:41:22,785 INFO  EvoClassLoader - Instrumenting class 'org.apache.hadoop.security.ssl.SSLFactory$Mode'.
2024-11-12 13:41:22,785 INFO  MethodCallReplacementClassAdapter - Adding mock interface to class org/apache/hadoop/security/ssl/SSLFactory$Mode
2024-11-12 13:41:22,785 INFO  CreateClassResetClassAdapter - Found static initializer in class org/apache/hadoop/security/ssl/SSLFactory$Mode
2024-11-12 13:41:22,785 INFO  EvoClassLoader - Keeping class: org.apache.hadoop.security.ssl.SSLFactory$Mode
2024-11-12 13:41:22,785 INFO  EvoClassLoader - Seeing class for first time: org.apache.hadoop.security.ssl.KeyStoresFactory
2024-11-12 13:41:22,785 INFO  EvoClassLoader - Instrumenting class 'org.apache.hadoop.security.ssl.KeyStoresFactory'.
2024-11-12 13:41:22,786 INFO  EvoClassLoader - Keeping class: org.apache.hadoop.security.ssl.KeyStoresFactory
2024-11-12 13:41:22,786 INFO  EvoClassLoader - Seeing class for first time: org.apache.hadoop.security.ssl.FileBasedKeyStoresFactory
2024-11-12 13:41:22,786 INFO  EvoClassLoader - Instrumenting class 'org.apache.hadoop.security.ssl.FileBasedKeyStoresFactory'.
2024-11-12 13:41:22,786 INFO  MethodCallReplacementClassAdapter - Adding mock interface to class org/apache/hadoop/security/ssl/FileBasedKeyStoresFactory
2024-11-12 13:41:22,787 INFO  CreateClassResetClassAdapter - Found static initializer in class org/apache/hadoop/security/ssl/FileBasedKeyStoresFactory
2024-11-12 13:41:22,787 INFO  EvoClassLoader - Keeping class: org.apache.hadoop.security.ssl.FileBasedKeyStoresFactory
2024-11-12 13:41:22,788 INFO  EvoClassLoader - Seeing class for first time: org.apache.hadoop.security.ssl.FileMonitoringTimerTask
2024-11-12 13:41:22,788 INFO  EvoClassLoader - Instrumenting class 'org.apache.hadoop.security.ssl.FileMonitoringTimerTask'.
2024-11-12 13:41:22,788 INFO  MethodCallReplacementClassAdapter - Adding mock interface to class org/apache/hadoop/security/ssl/FileMonitoringTimerTask
2024-11-12 13:41:22,788 INFO  CreateClassResetClassAdapter - Found static initializer in class org/apache/hadoop/security/ssl/FileMonitoringTimerTask
2024-11-12 13:41:22,789 INFO  EvoClassLoader - Keeping class: org.apache.hadoop.security.ssl.FileMonitoringTimerTask
2024-11-12 13:41:22,789 INFO  EvoClassLoader - Seeing class for first time: org.apache.hadoop.security.ssl.ReloadingX509KeystoreManager
2024-11-12 13:41:22,789 INFO  EvoClassLoader - Instrumenting class 'org.apache.hadoop.security.ssl.ReloadingX509KeystoreManager'.
2024-11-12 13:41:22,789 INFO  MethodCallReplacementClassAdapter - Adding mock interface to class org/apache/hadoop/security/ssl/ReloadingX509KeystoreManager
2024-11-12 13:41:22,790 INFO  CreateClassResetClassAdapter - Found static initializer in class org/apache/hadoop/security/ssl/ReloadingX509KeystoreManager
2024-11-12 13:41:22,790 INFO  EvoClassLoader - Keeping class: org.apache.hadoop.security.ssl.ReloadingX509KeystoreManager
2024-11-12 13:41:22,790 INFO  EvoClassLoader - Seeing class for first time: org.apache.hadoop.security.ssl.SSLHostnameVerifier$AbstractVerifier
2024-11-12 13:41:22,790 INFO  EvoClassLoader - Instrumenting class 'org.apache.hadoop.security.ssl.SSLHostnameVerifier$AbstractVerifier'.
2024-11-12 13:41:22,790 INFO  MethodCallReplacementClassAdapter - Adding mock interface to class org/apache/hadoop/security/ssl/SSLHostnameVerifier$AbstractVerifier
2024-11-12 13:41:22,791 INFO  CreateClassResetClassAdapter - Found static initializer in class org/apache/hadoop/security/ssl/SSLHostnameVerifier$AbstractVerifier
2024-11-12 13:41:22,791 INFO  EvoClassLoader - Seeing class for first time: org.apache.hadoop.security.ssl.SSLHostnameVerifier
2024-11-12 13:41:22,791 INFO  EvoClassLoader - Instrumenting class 'org.apache.hadoop.security.ssl.SSLHostnameVerifier'.
2024-11-12 13:41:22,791 INFO  EvoClassLoader - Keeping class: org.apache.hadoop.security.ssl.SSLHostnameVerifier
2024-11-12 13:41:22,791 INFO  EvoClassLoader - Keeping class: org.apache.hadoop.security.ssl.SSLHostnameVerifier$AbstractVerifier
2024-11-12 13:41:22,791 INFO  EvoClassLoader - Seeing class for first time: org.apache.hadoop.security.ssl.SSLHostnameVerifier$Certificates
2024-11-12 13:41:22,791 INFO  EvoClassLoader - Instrumenting class 'org.apache.hadoop.security.ssl.SSLHostnameVerifier$Certificates'.
2024-11-12 13:41:22,792 INFO  MethodCallReplacementClassAdapter - Adding mock interface to class org/apache/hadoop/security/ssl/SSLHostnameVerifier$Certificates
2024-11-12 13:41:22,792 INFO  CreateClassResetClassAdapter - Creating brand-new static initializer in class org/apache/hadoop/security/ssl/SSLHostnameVerifier$Certificates
2024-11-12 13:41:22,792 INFO  EvoClassLoader - Keeping class: org.apache.hadoop.security.ssl.SSLHostnameVerifier$Certificates
2024-11-12 13:41:22,792 INFO  EvoClassLoader - Seeing class for first time: org.apache.hadoop.security.ssl.SSLHostnameVerifier$1
2024-11-12 13:41:22,792 INFO  EvoClassLoader - Instrumenting class 'org.apache.hadoop.security.ssl.SSLHostnameVerifier$1'.
2024-11-12 13:41:22,792 INFO  MethodCallReplacementClassAdapter - Adding mock interface to class org/apache/hadoop/security/ssl/SSLHostnameVerifier$1
2024-11-12 13:41:22,792 INFO  EvoClassLoader - Keeping class: org.apache.hadoop.security.ssl.SSLHostnameVerifier$1
2024-11-12 13:41:22,792 INFO  EvoClassLoader - Seeing class for first time: org.apache.hadoop.security.ssl.SSLHostnameVerifier$2
2024-11-12 13:41:22,792 INFO  EvoClassLoader - Instrumenting class 'org.apache.hadoop.security.ssl.SSLHostnameVerifier$2'.
2024-11-12 13:41:22,793 INFO  MethodCallReplacementClassAdapter - Adding mock interface to class org/apache/hadoop/security/ssl/SSLHostnameVerifier$2
2024-11-12 13:41:22,793 INFO  EvoClassLoader - Keeping class: org.apache.hadoop.security.ssl.SSLHostnameVerifier$2
2024-11-12 13:41:22,793 INFO  EvoClassLoader - Seeing class for first time: org.apache.hadoop.security.ssl.SSLHostnameVerifier$3
2024-11-12 13:41:22,793 INFO  EvoClassLoader - Instrumenting class 'org.apache.hadoop.security.ssl.SSLHostnameVerifier$3'.
2024-11-12 13:41:22,793 INFO  MethodCallReplacementClassAdapter - Adding mock interface to class org/apache/hadoop/security/ssl/SSLHostnameVerifier$3
2024-11-12 13:41:22,793 INFO  EvoClassLoader - Keeping class: org.apache.hadoop.security.ssl.SSLHostnameVerifier$3
2024-11-12 13:41:22,793 INFO  EvoClassLoader - Seeing class for first time: org.apache.hadoop.security.ssl.SSLHostnameVerifier$4
2024-11-12 13:41:22,793 INFO  EvoClassLoader - Instrumenting class 'org.apache.hadoop.security.ssl.SSLHostnameVerifier$4'.
2024-11-12 13:41:22,793 INFO  MethodCallReplacementClassAdapter - Adding mock interface to class org/apache/hadoop/security/ssl/SSLHostnameVerifier$4
2024-11-12 13:41:22,793 INFO  EvoClassLoader - Keeping class: org.apache.hadoop.security.ssl.SSLHostnameVerifier$4
2024-11-12 13:41:22,793 INFO  EvoClassLoader - Seeing class for first time: org.apache.hadoop.security.ssl.SSLHostnameVerifier$5
2024-11-12 13:41:22,793 INFO  EvoClassLoader - Instrumenting class 'org.apache.hadoop.security.ssl.SSLHostnameVerifier$5'.
2024-11-12 13:41:22,793 INFO  MethodCallReplacementClassAdapter - Adding mock interface to class org/apache/hadoop/security/ssl/SSLHostnameVerifier$5
2024-11-12 13:41:22,793 INFO  EvoClassLoader - Keeping class: org.apache.hadoop.security.ssl.SSLHostnameVerifier$5
2024-11-12 13:41:22,793 INFO  EvoClassLoader - Seeing class for first time: org.apache.hadoop.hdfs.server.common.Util
2024-11-12 13:41:22,793 INFO  EvoClassLoader - Instrumenting class 'org.apache.hadoop.hdfs.server.common.Util'.
2024-11-12 13:41:22,793 INFO  MethodCallReplacementClassAdapter - Adding mock interface to class org/apache/hadoop/hdfs/server/common/Util
2024-11-12 13:41:22,796 INFO  CreateClassResetClassAdapter - Found static initializer in class org/apache/hadoop/hdfs/server/common/Util
2024-11-12 13:41:22,797 INFO  EvoClassLoader - Keeping class: org.apache.hadoop.hdfs.server.common.Util
2024-11-12 13:41:22,797 INFO  EvoClassLoader - Seeing class for first time: org.apache.hadoop.hdfs.server.common.HttpGetFailedException
2024-11-12 13:41:22,797 INFO  EvoClassLoader - Instrumenting class 'org.apache.hadoop.hdfs.server.common.HttpGetFailedException'.
2024-11-12 13:41:22,797 INFO  MethodCallReplacementClassAdapter - Adding mock interface to class org/apache/hadoop/hdfs/server/common/HttpGetFailedException
2024-11-12 13:41:22,797 INFO  CreateClassResetClassAdapter - Creating brand-new static initializer in class org/apache/hadoop/hdfs/server/common/HttpGetFailedException
2024-11-12 13:41:22,797 INFO  EvoClassLoader - Keeping class: org.apache.hadoop.hdfs.server.common.HttpGetFailedException
2024-11-12 13:41:22,898 INFO  EvoClassLoader - Seeing class for first time: org.apache.hadoop.hdfs.server.common.Storage$DirIterator
2024-11-12 13:41:22,898 INFO  EvoClassLoader - Instrumenting class 'org.apache.hadoop.hdfs.server.common.Storage$DirIterator'.
2024-11-12 13:41:22,898 INFO  MethodCallReplacementClassAdapter - Adding mock interface to class org/apache/hadoop/hdfs/server/common/Storage$DirIterator
2024-11-12 13:41:22,899 INFO  CreateClassResetClassAdapter - Creating brand-new static initializer in class org/apache/hadoop/hdfs/server/common/Storage$DirIterator
2024-11-12 13:41:22,899 INFO  EvoClassLoader - Keeping class: org.apache.hadoop.hdfs.server.common.Storage$DirIterator
2024-11-12 13:41:22,899 INFO  EvoClassLoader - Seeing class for first time: org.apache.hadoop.hdfs.server.namenode.FSPermissionChecker$TraverseAccessControlException
2024-11-12 13:41:22,899 INFO  EvoClassLoader - Instrumenting class 'org.apache.hadoop.hdfs.server.namenode.FSPermissionChecker$TraverseAccessControlException'.
2024-11-12 13:41:22,899 INFO  MethodCallReplacementClassAdapter - Adding mock interface to class org/apache/hadoop/hdfs/server/namenode/FSPermissionChecker$TraverseAccessControlException
2024-11-12 13:41:22,899 INFO  CreateClassResetClassAdapter - Creating brand-new static initializer in class org/apache/hadoop/hdfs/server/namenode/FSPermissionChecker$TraverseAccessControlException
2024-11-12 13:41:22,899 INFO  EvoClassLoader - Keeping class: org.apache.hadoop.hdfs.server.namenode.FSPermissionChecker$TraverseAccessControlException
2024-11-12 13:41:22,900 INFO  EvoClassLoader - Seeing class for first time: org.apache.hadoop.hdfs.server.namenode.CachePool
2024-11-12 13:41:22,900 INFO  EvoClassLoader - Instrumenting class 'org.apache.hadoop.hdfs.server.namenode.CachePool'.
2024-11-12 13:41:22,900 INFO  MethodCallReplacementClassAdapter - Adding mock interface to class org/apache/hadoop/hdfs/server/namenode/CachePool
2024-11-12 13:41:22,900 INFO  CreateClassResetClassAdapter - Creating brand-new static initializer in class org/apache/hadoop/hdfs/server/namenode/CachePool
2024-11-12 13:41:22,901 INFO  EvoClassLoader - Keeping class: org.apache.hadoop.hdfs.server.namenode.CachePool
2024-11-12 13:41:22,901 INFO  EvoClassLoader - Seeing class for first time: org.apache.hadoop.hdfs.server.namenode.INodeAttributeProvider$AuthorizationContext
2024-11-12 13:41:22,901 INFO  EvoClassLoader - Instrumenting class 'org.apache.hadoop.hdfs.server.namenode.INodeAttributeProvider$AuthorizationContext'.
2024-11-12 13:41:22,901 INFO  MethodCallReplacementClassAdapter - Adding mock interface to class org/apache/hadoop/hdfs/server/namenode/INodeAttributeProvider$AuthorizationContext
2024-11-12 13:41:22,901 INFO  CreateClassResetClassAdapter - Found static initializer in class org/apache/hadoop/hdfs/server/namenode/INodeAttributeProvider$AuthorizationContext
2024-11-12 13:41:22,901 INFO  EvoClassLoader - Keeping class: org.apache.hadoop.hdfs.server.namenode.INodeAttributeProvider$AuthorizationContext
2024-11-12 13:41:22,901 INFO  EvoClassLoader - Seeing class for first time: org.apache.hadoop.hdfs.server.namenode.ContentCounts$Builder
2024-11-12 13:41:22,901 INFO  EvoClassLoader - Instrumenting class 'org.apache.hadoop.hdfs.server.namenode.ContentCounts$Builder'.
2024-11-12 13:41:22,902 INFO  MethodCallReplacementClassAdapter - Adding mock interface to class org/apache/hadoop/hdfs/server/namenode/ContentCounts$Builder
2024-11-12 13:41:22,902 INFO  CreateClassResetClassAdapter - Creating brand-new static initializer in class org/apache/hadoop/hdfs/server/namenode/ContentCounts$Builder
2024-11-12 13:41:22,902 INFO  EvoClassLoader - Keeping class: org.apache.hadoop.hdfs.server.namenode.ContentCounts$Builder
2024-11-12 13:41:22,902 INFO  EvoClassLoader - Seeing class for first time: org.apache.hadoop.hdfs.server.namenode.Content
2024-11-12 13:41:22,902 INFO  EvoClassLoader - Instrumenting class 'org.apache.hadoop.hdfs.server.namenode.Content'.
2024-11-12 13:41:22,902 INFO  MethodCallReplacementClassAdapter - Adding mock interface to class org/apache/hadoop/hdfs/server/namenode/Content
2024-11-12 13:41:22,902 INFO  CreateClassResetClassAdapter - Found static initializer in class org/apache/hadoop/hdfs/server/namenode/Content
2024-11-12 13:41:22,902 INFO  EvoClassLoader - Keeping class: org.apache.hadoop.hdfs.server.namenode.Content
2024-11-12 13:41:22,902 INFO  EvoClassLoader - Seeing class for first time: org.apache.commons.lang3.ArrayUtils
2024-11-12 13:41:22,902 INFO  EvoClassLoader - Instrumenting class 'org.apache.commons.lang3.ArrayUtils'.
2024-11-12 13:41:22,903 INFO  MethodCallReplacementClassAdapter - Adding mock interface to class org/apache/commons/lang3/ArrayUtils
2024-11-12 13:41:22,906 INFO  CreateClassResetClassAdapter - Found static initializer in class org/apache/commons/lang3/ArrayUtils
2024-11-12 13:41:22,907 INFO  EvoClassLoader - Keeping class: org.apache.commons.lang3.ArrayUtils
2024-11-12 13:41:22,910 INFO  EvoClassLoader - Seeing class for first time: org.apache.hadoop.fs.permission.FsCreateModes
2024-11-12 13:41:22,910 INFO  EvoClassLoader - Instrumenting class 'org.apache.hadoop.fs.permission.FsCreateModes'.
2024-11-12 13:41:22,910 INFO  MethodCallReplacementClassAdapter - Adding mock interface to class org/apache/hadoop/fs/permission/FsCreateModes
2024-11-12 13:41:22,910 INFO  CreateClassResetClassAdapter - Found static initializer in class org/apache/hadoop/fs/permission/FsCreateModes
2024-11-12 13:41:22,910 INFO  EvoClassLoader - Keeping class: org.apache.hadoop.fs.permission.FsCreateModes
2024-11-12 13:41:22,910 INFO  EvoClassLoader - Seeing class for first time: org.apache.hadoop.io.nativeio.NativeIO
2024-11-12 13:41:22,910 INFO  EvoClassLoader - Instrumenting class 'org.apache.hadoop.io.nativeio.NativeIO'.
2024-11-12 13:41:22,911 INFO  MethodCallReplacementClassAdapter - Adding mock interface to class org/apache/hadoop/io/nativeio/NativeIO
2024-11-12 13:41:22,912 INFO  CreateClassResetClassAdapter - Found static initializer in class org/apache/hadoop/io/nativeio/NativeIO
2024-11-12 13:41:22,913 INFO  EvoClassLoader - Keeping class: org.apache.hadoop.io.nativeio.NativeIO
2024-11-12 13:41:22,913 INFO  EvoClassLoader - Seeing class for first time: org.apache.hadoop.io.SecureIOUtils$AlreadyExistsException
2024-11-12 13:41:22,913 INFO  EvoClassLoader - Instrumenting class 'org.apache.hadoop.io.SecureIOUtils$AlreadyExistsException'.
2024-11-12 13:41:22,913 INFO  MethodCallReplacementClassAdapter - Adding mock interface to class org/apache/hadoop/io/SecureIOUtils$AlreadyExistsException
2024-11-12 13:41:22,913 INFO  CreateClassResetClassAdapter - Creating brand-new static initializer in class org/apache/hadoop/io/SecureIOUtils$AlreadyExistsException
2024-11-12 13:41:22,913 INFO  EvoClassLoader - Keeping class: org.apache.hadoop.io.SecureIOUtils$AlreadyExistsException
2024-11-12 13:41:22,913 INFO  EvoClassLoader - Seeing class for first time: org.apache.hadoop.thirdparty.com.google.common.collect.Iterators$PeekingImpl
2024-11-12 13:41:22,913 INFO  EvoClassLoader - Instrumenting class 'org.apache.hadoop.thirdparty.com.google.common.collect.Iterators$PeekingImpl'.
2024-11-12 13:41:22,914 INFO  MethodCallReplacementClassAdapter - Adding mock interface to class org/apache/hadoop/thirdparty/com/google/common/collect/Iterators$PeekingImpl
2024-11-12 13:41:22,914 INFO  CreateClassResetClassAdapter - Creating brand-new static initializer in class org/apache/hadoop/thirdparty/com/google/common/collect/Iterators$PeekingImpl
2024-11-12 13:41:22,914 INFO  EvoClassLoader - Keeping class: org.apache.hadoop.thirdparty.com.google.common.collect.Iterators$PeekingImpl
2024-11-12 13:41:22,914 INFO  EvoClassLoader - Seeing class for first time: org.apache.hadoop.hdfs.server.namenode.snapshot.DirectorySnapshottableFeature$1
2024-11-12 13:41:22,914 INFO  EvoClassLoader - Instrumenting class 'org.apache.hadoop.hdfs.server.namenode.snapshot.DirectorySnapshottableFeature$1'.
2024-11-12 13:41:22,914 INFO  MethodCallReplacementClassAdapter - Adding mock interface to class org/apache/hadoop/hdfs/server/namenode/snapshot/DirectorySnapshottableFeature$1
2024-11-12 13:41:22,914 INFO  EvoClassLoader - Keeping class: org.apache.hadoop.hdfs.server.namenode.snapshot.DirectorySnapshottableFeature$1
2024-11-12 13:41:22,914 INFO  EvoClassLoader - Seeing class for first time: org.apache.hadoop.hdfs.server.namenode.snapshot.DirectorySnapshottableFeature$1$1
2024-11-12 13:41:22,914 INFO  EvoClassLoader - Instrumenting class 'org.apache.hadoop.hdfs.server.namenode.snapshot.DirectorySnapshottableFeature$1$1'.
2024-11-12 13:41:22,915 INFO  MethodCallReplacementClassAdapter - Adding mock interface to class org/apache/hadoop/hdfs/server/namenode/snapshot/DirectorySnapshottableFeature$1$1
2024-11-12 13:41:22,915 INFO  EvoClassLoader - Keeping class: org.apache.hadoop.hdfs.server.namenode.snapshot.DirectorySnapshottableFeature$1$1
2024-11-12 13:41:22,915 INFO  EvoClassLoader - Seeing class for first time: org.bouncycastle.asn1.ASN1Object
2024-11-12 13:41:22,915 INFO  EvoClassLoader - Instrumenting class 'org.bouncycastle.asn1.ASN1Object'.
2024-11-12 13:41:22,916 INFO  MethodCallReplacementClassAdapter - Adding mock interface to class org/bouncycastle/asn1/ASN1Object
2024-11-12 13:41:22,916 INFO  CreateClassResetClassAdapter - Creating brand-new static initializer in class org/bouncycastle/asn1/ASN1Object
2024-11-12 13:41:22,916 INFO  EvoClassLoader - Defined package (3): package org.bouncycastle.asn1, 752919493
2024-11-12 13:41:22,916 INFO  EvoClassLoader - Seeing class for first time: org.bouncycastle.asn1.ASN1Encodable
2024-11-12 13:41:22,916 INFO  EvoClassLoader - Instrumenting class 'org.bouncycastle.asn1.ASN1Encodable'.
2024-11-12 13:41:22,916 INFO  EvoClassLoader - Keeping class: org.bouncycastle.asn1.ASN1Encodable
2024-11-12 13:41:22,916 INFO  EvoClassLoader - Seeing class for first time: org.bouncycastle.util.Encodable
2024-11-12 13:41:22,916 INFO  EvoClassLoader - Instrumenting class 'org.bouncycastle.util.Encodable'.
2024-11-12 13:41:22,916 INFO  EvoClassLoader - Defined package (3): package org.bouncycastle.util, 753516178
2024-11-12 13:41:22,916 INFO  EvoClassLoader - Keeping class: org.bouncycastle.util.Encodable
2024-11-12 13:41:22,916 INFO  EvoClassLoader - Keeping class: org.bouncycastle.asn1.ASN1Object
2024-11-12 13:41:22,916 INFO  EvoClassLoader - Seeing class for first time: org.bouncycastle.asn1.ASN1Primitive
2024-11-12 13:41:22,916 INFO  EvoClassLoader - Instrumenting class 'org.bouncycastle.asn1.ASN1Primitive'.
2024-11-12 13:41:22,917 INFO  MethodCallReplacementClassAdapter - Adding mock interface to class org/bouncycastle/asn1/ASN1Primitive
2024-11-12 13:41:22,917 INFO  CreateClassResetClassAdapter - Creating brand-new static initializer in class org/bouncycastle/asn1/ASN1Primitive
2024-11-12 13:41:22,917 INFO  EvoClassLoader - Keeping class: org.bouncycastle.asn1.ASN1Primitive
2024-11-12 13:41:22,917 INFO  EvoClassLoader - Seeing class for first time: org.bouncycastle.asn1.ASN1OutputStream
2024-11-12 13:41:22,917 INFO  EvoClassLoader - Instrumenting class 'org.bouncycastle.asn1.ASN1OutputStream'.
2024-11-12 13:41:22,917 INFO  MethodCallReplacementClassAdapter - Adding mock interface to class org/bouncycastle/asn1/ASN1OutputStream
2024-11-12 13:41:22,918 INFO  CreateClassResetClassAdapter - Creating brand-new static initializer in class org/bouncycastle/asn1/ASN1OutputStream
2024-11-12 13:41:22,918 INFO  EvoClassLoader - Keeping class: org.bouncycastle.asn1.ASN1OutputStream
2024-11-12 13:41:22,918 INFO  EvoClassLoader - Seeing class for first time: org.bouncycastle.asn1.ASN1OctetString
2024-11-12 13:41:22,918 INFO  EvoClassLoader - Instrumenting class 'org.bouncycastle.asn1.ASN1OctetString'.
2024-11-12 13:41:22,918 INFO  MethodCallReplacementClassAdapter - Adding mock interface to class org/bouncycastle/asn1/ASN1OctetString
2024-11-12 13:41:22,919 INFO  CreateClassResetClassAdapter - Creating brand-new static initializer in class org/bouncycastle/asn1/ASN1OctetString
2024-11-12 13:41:22,919 INFO  EvoClassLoader - Seeing class for first time: org.bouncycastle.asn1.ASN1OctetStringParser
2024-11-12 13:41:22,919 INFO  EvoClassLoader - Instrumenting class 'org.bouncycastle.asn1.ASN1OctetStringParser'.
2024-11-12 13:41:22,919 INFO  EvoClassLoader - Seeing class for first time: org.bouncycastle.asn1.InMemoryRepresentable
2024-11-12 13:41:22,919 INFO  EvoClassLoader - Instrumenting class 'org.bouncycastle.asn1.InMemoryRepresentable'.
2024-11-12 13:41:22,919 INFO  EvoClassLoader - Keeping class: org.bouncycastle.asn1.InMemoryRepresentable
2024-11-12 13:41:22,919 INFO  EvoClassLoader - Keeping class: org.bouncycastle.asn1.ASN1OctetStringParser
2024-11-12 13:41:22,919 INFO  EvoClassLoader - Keeping class: org.bouncycastle.asn1.ASN1OctetString
2024-11-12 13:41:22,919 INFO  EvoClassLoader - Seeing class for first time: org.bouncycastle.asn1.DEROctetString
2024-11-12 13:41:22,919 INFO  EvoClassLoader - Instrumenting class 'org.bouncycastle.asn1.DEROctetString'.
2024-11-12 13:41:22,920 INFO  MethodCallReplacementClassAdapter - Adding mock interface to class org/bouncycastle/asn1/DEROctetString
2024-11-12 13:41:22,920 INFO  CreateClassResetClassAdapter - Creating brand-new static initializer in class org/bouncycastle/asn1/DEROctetString
2024-11-12 13:41:22,920 INFO  EvoClassLoader - Keeping class: org.bouncycastle.asn1.DEROctetString
2024-11-12 13:41:22,920 INFO  EvoClassLoader - Seeing class for first time: org.bouncycastle.asn1.BEROctetString
2024-11-12 13:41:22,920 INFO  EvoClassLoader - Instrumenting class 'org.bouncycastle.asn1.BEROctetString'.
2024-11-12 13:41:22,920 INFO  MethodCallReplacementClassAdapter - Adding mock interface to class org/bouncycastle/asn1/BEROctetString
2024-11-12 13:41:22,920 INFO  CreateClassResetClassAdapter - Creating brand-new static initializer in class org/bouncycastle/asn1/BEROctetString
2024-11-12 13:41:22,920 INFO  CreateClassResetClassAdapter - Adding bytecode for initializing field DEFAULT_CHUNK_SIZE
2024-11-12 13:41:22,920 INFO  EvoClassLoader - Keeping class: org.bouncycastle.asn1.BEROctetString
2024-11-12 13:41:22,921 INFO  EvoClassLoader - Seeing class for first time: org.bouncycastle.asn1.ASN1TaggedObject
2024-11-12 13:41:22,921 INFO  EvoClassLoader - Instrumenting class 'org.bouncycastle.asn1.ASN1TaggedObject'.
2024-11-12 13:41:22,921 INFO  MethodCallReplacementClassAdapter - Adding mock interface to class org/bouncycastle/asn1/ASN1TaggedObject
2024-11-12 13:41:22,921 INFO  CreateClassResetClassAdapter - Creating brand-new static initializer in class org/bouncycastle/asn1/ASN1TaggedObject
2024-11-12 13:41:22,921 INFO  EvoClassLoader - Seeing class for first time: org.bouncycastle.asn1.ASN1TaggedObjectParser
2024-11-12 13:41:22,921 INFO  EvoClassLoader - Instrumenting class 'org.bouncycastle.asn1.ASN1TaggedObjectParser'.
2024-11-12 13:41:22,922 INFO  EvoClassLoader - Keeping class: org.bouncycastle.asn1.ASN1TaggedObjectParser
2024-11-12 13:41:22,922 INFO  EvoClassLoader - Keeping class: org.bouncycastle.asn1.ASN1TaggedObject
2024-11-12 13:41:22,922 INFO  EvoClassLoader - Seeing class for first time: org.bouncycastle.asn1.ASN1Sequence
2024-11-12 13:41:22,922 INFO  EvoClassLoader - Instrumenting class 'org.bouncycastle.asn1.ASN1Sequence'.
2024-11-12 13:41:22,922 INFO  MethodCallReplacementClassAdapter - Adding mock interface to class org/bouncycastle/asn1/ASN1Sequence
2024-11-12 13:41:22,923 INFO  CreateClassResetClassAdapter - Creating brand-new static initializer in class org/bouncycastle/asn1/ASN1Sequence
2024-11-12 13:41:22,923 INFO  EvoClassLoader - Seeing class for first time: org.bouncycastle.util.Iterable
2024-11-12 13:41:22,923 INFO  EvoClassLoader - Instrumenting class 'org.bouncycastle.util.Iterable'.
2024-11-12 13:41:22,923 INFO  EvoClassLoader - Keeping class: org.bouncycastle.util.Iterable
2024-11-12 13:41:22,923 INFO  EvoClassLoader - Keeping class: org.bouncycastle.asn1.ASN1Sequence
2024-11-12 13:41:22,923 INFO  EvoClassLoader - Seeing class for first time: org.apache.hadoop.net.InnerNode$Factory
2024-11-12 13:41:22,923 INFO  EvoClassLoader - Instrumenting class 'org.apache.hadoop.net.InnerNode$Factory'.
2024-11-12 13:41:22,923 INFO  EvoClassLoader - Keeping class: org.apache.hadoop.net.InnerNode$Factory
2024-11-12 13:41:22,924 INFO  EvoClassLoader - Seeing class for first time: org.apache.hadoop.net.InnerNode
2024-11-12 13:41:22,924 INFO  EvoClassLoader - Instrumenting class 'org.apache.hadoop.net.InnerNode'.
2024-11-12 13:41:22,924 INFO  EvoClassLoader - Keeping class: org.apache.hadoop.net.InnerNode
2024-11-12 13:41:22,924 INFO  EvoClassLoader - Seeing class for first time: org.apache.hadoop.hdfs.net.DFSTopologyNodeImpl
2024-11-12 13:41:22,924 INFO  EvoClassLoader - Instrumenting class 'org.apache.hadoop.hdfs.net.DFSTopologyNodeImpl'.
2024-11-12 13:41:22,925 INFO  MethodCallReplacementClassAdapter - Adding mock interface to class org/apache/hadoop/hdfs/net/DFSTopologyNodeImpl
2024-11-12 13:41:22,927 INFO  CreateClassResetClassAdapter - Found static initializer in class org/apache/hadoop/hdfs/net/DFSTopologyNodeImpl
2024-11-12 13:41:22,927 INFO  EvoClassLoader - Seeing class for first time: org.apache.hadoop.net.InnerNodeImpl
2024-11-12 13:41:22,927 INFO  EvoClassLoader - Instrumenting class 'org.apache.hadoop.net.InnerNodeImpl'.
2024-11-12 13:41:22,927 INFO  MethodCallReplacementClassAdapter - Adding mock interface to class org/apache/hadoop/net/InnerNodeImpl
2024-11-12 13:41:22,928 INFO  CreateClassResetClassAdapter - Found static initializer in class org/apache/hadoop/net/InnerNodeImpl
2024-11-12 13:41:22,928 INFO  EvoClassLoader - Seeing class for first time: org.apache.hadoop.net.NodeBase
2024-11-12 13:41:22,928 INFO  EvoClassLoader - Instrumenting class 'org.apache.hadoop.net.NodeBase'.
2024-11-12 13:41:22,928 INFO  MethodCallReplacementClassAdapter - Adding mock interface to class org/apache/hadoop/net/NodeBase
2024-11-12 13:41:22,929 INFO  CreateClassResetClassAdapter - Creating brand-new static initializer in class org/apache/hadoop/net/NodeBase
2024-11-12 13:41:22,929 INFO  CreateClassResetClassAdapter - Adding bytecode for initializing field PATH_SEPARATOR
2024-11-12 13:41:22,929 INFO  CreateClassResetClassAdapter - Adding bytecode for initializing field PATH_SEPARATOR_STR
2024-11-12 13:41:22,929 INFO  CreateClassResetClassAdapter - Adding bytecode for initializing field ROOT
2024-11-12 13:41:22,929 INFO  EvoClassLoader - Keeping class: org.apache.hadoop.net.NodeBase
2024-11-12 13:41:22,929 INFO  EvoClassLoader - Keeping class: org.apache.hadoop.net.InnerNodeImpl
2024-11-12 13:41:22,929 INFO  EvoClassLoader - Keeping class: org.apache.hadoop.hdfs.net.DFSTopologyNodeImpl
2024-11-12 13:41:22,929 INFO  EvoClassLoader - Seeing class for first time: org.apache.hadoop.crypto.CipherSuite
2024-11-12 13:41:22,929 INFO  EvoClassLoader - Instrumenting class 'org.apache.hadoop.crypto.CipherSuite'.
2024-11-12 13:41:22,929 INFO  MethodCallReplacementClassAdapter - Adding mock interface to class org/apache/hadoop/crypto/CipherSuite
2024-11-12 13:41:22,930 INFO  CreateClassResetClassAdapter - Found static initializer in class org/apache/hadoop/crypto/CipherSuite
2024-11-12 13:41:22,930 INFO  EvoClassLoader - Keeping class: org.apache.hadoop.crypto.CipherSuite
2024-11-12 13:41:22,930 INFO  EvoClassLoader - Seeing class for first time: org.apache.hadoop.fs.CommonConfigurationKeysPublic
2024-11-12 13:41:22,930 INFO  EvoClassLoader - Instrumenting class 'org.apache.hadoop.fs.CommonConfigurationKeysPublic'.
2024-11-12 13:41:22,930 INFO  MethodCallReplacementClassAdapter - Adding mock interface to class org/apache/hadoop/fs/CommonConfigurationKeysPublic
2024-11-12 13:41:22,930 INFO  CreateClassResetClassAdapter - Found static initializer in class org/apache/hadoop/fs/CommonConfigurationKeysPublic
2024-11-12 13:41:22,931 INFO  EvoClassLoader - Keeping class: org.apache.hadoop.fs.CommonConfigurationKeysPublic
2024-11-12 13:41:22,932 INFO  EvoClassLoader - Seeing class for first time: org.apache.hadoop.crypto.OpensslAesCtrCryptoCodec
2024-11-12 13:41:22,932 INFO  EvoClassLoader - Instrumenting class 'org.apache.hadoop.crypto.OpensslAesCtrCryptoCodec'.
2024-11-12 13:41:22,932 INFO  MethodCallReplacementClassAdapter - Adding mock interface to class org/apache/hadoop/crypto/OpensslAesCtrCryptoCodec
2024-11-12 13:41:22,933 INFO  CreateClassResetClassAdapter - Found static initializer in class org/apache/hadoop/crypto/OpensslAesCtrCryptoCodec
2024-11-12 13:41:22,933 INFO  EvoClassLoader - Seeing class for first time: org.apache.hadoop.crypto.AesCtrCryptoCodec
2024-11-12 13:41:22,933 INFO  EvoClassLoader - Instrumenting class 'org.apache.hadoop.crypto.AesCtrCryptoCodec'.
2024-11-12 13:41:22,933 INFO  MethodCallReplacementClassAdapter - Adding mock interface to class org/apache/hadoop/crypto/AesCtrCryptoCodec
2024-11-12 13:41:22,933 INFO  CreateClassResetClassAdapter - Found static initializer in class org/apache/hadoop/crypto/AesCtrCryptoCodec
2024-11-12 13:41:22,933 INFO  EvoClassLoader - Seeing class for first time: org.apache.hadoop.crypto.CryptoCodec
2024-11-12 13:41:22,933 INFO  EvoClassLoader - Instrumenting class 'org.apache.hadoop.crypto.CryptoCodec'.
2024-11-12 13:41:22,933 INFO  MethodCallReplacementClassAdapter - Adding mock interface to class org/apache/hadoop/crypto/CryptoCodec
2024-11-12 13:41:22,934 INFO  CreateClassResetClassAdapter - Found static initializer in class org/apache/hadoop/crypto/CryptoCodec
2024-11-12 13:41:22,934 INFO  EvoClassLoader - Keeping class: org.apache.hadoop.crypto.CryptoCodec
2024-11-12 13:41:22,934 INFO  EvoClassLoader - Keeping class: org.apache.hadoop.crypto.AesCtrCryptoCodec
2024-11-12 13:41:22,934 INFO  EvoClassLoader - Keeping class: org.apache.hadoop.crypto.OpensslAesCtrCryptoCodec
2024-11-12 13:41:22,934 INFO  EvoClassLoader - Seeing class for first time: org.apache.hadoop.crypto.JceAesCtrCryptoCodec
2024-11-12 13:41:22,934 INFO  EvoClassLoader - Instrumenting class 'org.apache.hadoop.crypto.JceAesCtrCryptoCodec'.
2024-11-12 13:41:22,934 INFO  MethodCallReplacementClassAdapter - Adding mock interface to class org/apache/hadoop/crypto/JceAesCtrCryptoCodec
2024-11-12 13:41:22,934 INFO  CreateClassResetClassAdapter - Found static initializer in class org/apache/hadoop/crypto/JceAesCtrCryptoCodec
2024-11-12 13:41:22,934 INFO  EvoClassLoader - Keeping class: org.apache.hadoop.crypto.JceAesCtrCryptoCodec
2024-11-12 13:41:22,935 INFO  EvoClassLoader - Seeing class for first time: org.apache.hadoop.fs.CommonConfigurationKeys
2024-11-12 13:41:22,935 INFO  EvoClassLoader - Instrumenting class 'org.apache.hadoop.fs.CommonConfigurationKeys'.
2024-11-12 13:41:22,935 INFO  MethodCallReplacementClassAdapter - Adding mock interface to class org/apache/hadoop/fs/CommonConfigurationKeys
2024-11-12 13:41:22,935 INFO  CreateClassResetClassAdapter - Found static initializer in class org/apache/hadoop/fs/CommonConfigurationKeys
2024-11-12 13:41:22,936 INFO  EvoClassLoader - Keeping class: org.apache.hadoop.fs.CommonConfigurationKeys
2024-11-12 13:41:22,936 INFO  EvoClassLoader - Seeing class for first time: org.apache.hadoop.hdfs.protocol.HdfsConstants$StoragePolicySatisfierMode
2024-11-12 13:41:22,936 INFO  EvoClassLoader - Instrumenting class 'org.apache.hadoop.hdfs.protocol.HdfsConstants$StoragePolicySatisfierMode'.
2024-11-12 13:41:22,936 INFO  MethodCallReplacementClassAdapter - Adding mock interface to class org/apache/hadoop/hdfs/protocol/HdfsConstants$StoragePolicySatisfierMode
2024-11-12 13:41:22,936 INFO  CreateClassResetClassAdapter - Found static initializer in class org/apache/hadoop/hdfs/protocol/HdfsConstants$StoragePolicySatisfierMode
2024-11-12 13:41:22,937 INFO  EvoClassLoader - Keeping class: org.apache.hadoop.hdfs.protocol.HdfsConstants$StoragePolicySatisfierMode
2024-11-12 13:41:22,937 INFO  EvoClassLoader - Seeing class for first time: org.apache.hadoop.hdfs.protocol.HdfsConstants
2024-11-12 13:41:22,937 INFO  EvoClassLoader - Instrumenting class 'org.apache.hadoop.hdfs.protocol.HdfsConstants'.
2024-11-12 13:41:22,937 INFO  MethodCallReplacementClassAdapter - Adding mock interface to class org/apache/hadoop/hdfs/protocol/HdfsConstants
2024-11-12 13:41:22,937 INFO  CreateClassResetClassAdapter - Creating brand-new static initializer in class org/apache/hadoop/hdfs/protocol/HdfsConstants
2024-11-12 13:41:22,937 INFO  CreateClassResetClassAdapter - Adding bytecode for initializing field QUOTA_DONT_SET
2024-11-12 13:41:22,937 INFO  CreateClassResetClassAdapter - Adding bytecode for initializing field QUOTA_RESET
2024-11-12 13:41:22,937 INFO  CreateClassResetClassAdapter - Adding bytecode for initializing field BYTES_IN_INTEGER
2024-11-12 13:41:22,937 INFO  CreateClassResetClassAdapter - Adding bytecode for initializing field HDFS_URI_SCHEME
2024-11-12 13:41:22,937 INFO  CreateClassResetClassAdapter - Adding bytecode for initializing field MEMORY_STORAGE_POLICY_ID
2024-11-12 13:41:22,937 INFO  CreateClassResetClassAdapter - Adding bytecode for initializing field MEMORY_STORAGE_POLICY_NAME
2024-11-12 13:41:22,937 INFO  CreateClassResetClassAdapter - Adding bytecode for initializing field ALLSSD_STORAGE_POLICY_ID
2024-11-12 13:41:22,937 INFO  CreateClassResetClassAdapter - Adding bytecode for initializing field ALLSSD_STORAGE_POLICY_NAME
2024-11-12 13:41:22,937 INFO  CreateClassResetClassAdapter - Adding bytecode for initializing field ONESSD_STORAGE_POLICY_ID
2024-11-12 13:41:22,937 INFO  CreateClassResetClassAdapter - Adding bytecode for initializing field ONESSD_STORAGE_POLICY_NAME
2024-11-12 13:41:22,937 INFO  CreateClassResetClassAdapter - Adding bytecode for initializing field HOT_STORAGE_POLICY_ID
2024-11-12 13:41:22,937 INFO  CreateClassResetClassAdapter - Adding bytecode for initializing field HOT_STORAGE_POLICY_NAME
2024-11-12 13:41:22,937 INFO  CreateClassResetClassAdapter - Adding bytecode for initializing field WARM_STORAGE_POLICY_ID
2024-11-12 13:41:22,937 INFO  CreateClassResetClassAdapter - Adding bytecode for initializing field WARM_STORAGE_POLICY_NAME
2024-11-12 13:41:22,937 INFO  CreateClassResetClassAdapter - Adding bytecode for initializing field COLD_STORAGE_POLICY_ID
2024-11-12 13:41:22,937 INFO  CreateClassResetClassAdapter - Adding bytecode for initializing field COLD_STORAGE_POLICY_NAME
2024-11-12 13:41:22,937 INFO  CreateClassResetClassAdapter - Adding bytecode for initializing field PROVIDED_STORAGE_POLICY_ID
2024-11-12 13:41:22,937 INFO  CreateClassResetClassAdapter - Adding bytecode for initializing field PROVIDED_STORAGE_POLICY_NAME
2024-11-12 13:41:22,937 INFO  CreateClassResetClassAdapter - Adding bytecode for initializing field DEFAULT_DATA_SOCKET_SIZE
2024-11-12 13:41:22,937 INFO  CreateClassResetClassAdapter - Adding bytecode for initializing field DOT_SNAPSHOT_DIR
2024-11-12 13:41:22,937 INFO  CreateClassResetClassAdapter - Adding bytecode for initializing field SEPARATOR_DOT_SNAPSHOT_DIR
2024-11-12 13:41:22,937 INFO  CreateClassResetClassAdapter - Adding bytecode for initializing field SEPARATOR_DOT_SNAPSHOT_DIR_SEPARATOR
2024-11-12 13:41:22,937 INFO  CreateClassResetClassAdapter - Adding bytecode for initializing field DOT_RESERVED_STRING
2024-11-12 13:41:22,937 INFO  CreateClassResetClassAdapter - Adding bytecode for initializing field DOT_RESERVED_PATH_PREFIX
2024-11-12 13:41:22,937 INFO  CreateClassResetClassAdapter - Adding bytecode for initializing field DOT_INODES_STRING
2024-11-12 13:41:22,937 INFO  CreateClassResetClassAdapter - Adding bytecode for initializing field GRANDFATHER_GENERATION_STAMP
2024-11-12 13:41:22,937 INFO  CreateClassResetClassAdapter - Adding bytecode for initializing field GRANDFATHER_INODE_ID
2024-11-12 13:41:22,937 INFO  CreateClassResetClassAdapter - Adding bytecode for initializing field BLOCK_STORAGE_POLICY_ID_UNSPECIFIED
2024-11-12 13:41:22,937 INFO  CreateClassResetClassAdapter - Adding bytecode for initializing field HA_DT_SERVICE_PREFIX
2024-11-12 13:41:22,937 INFO  CreateClassResetClassAdapter - Adding bytecode for initializing field SAFEMODE_EXCEPTION_CLASS_NAME
2024-11-12 13:41:22,937 INFO  CreateClassResetClassAdapter - Adding bytecode for initializing field CLIENT_NAMENODE_PROTOCOL_NAME
2024-11-12 13:41:22,937 INFO  CreateClassResetClassAdapter - Adding bytecode for initializing field ROUTER_ADMIN_PROTOCOL_NAME
2024-11-12 13:41:22,937 INFO  CreateClassResetClassAdapter - Adding bytecode for initializing field READ_TIMEOUT
2024-11-12 13:41:22,937 INFO  CreateClassResetClassAdapter - Adding bytecode for initializing field READ_TIMEOUT_EXTENSION
2024-11-12 13:41:22,937 INFO  CreateClassResetClassAdapter - Adding bytecode for initializing field WRITE_TIMEOUT
2024-11-12 13:41:22,937 INFO  CreateClassResetClassAdapter - Adding bytecode for initializing field WRITE_TIMEOUT_EXTENSION
2024-11-12 13:41:22,937 INFO  CreateClassResetClassAdapter - Adding bytecode for initializing field LEASE_SOFTLIMIT_PERIOD
2024-11-12 13:41:22,937 INFO  EvoClassLoader - Keeping class: org.apache.hadoop.hdfs.protocol.HdfsConstants
2024-11-12 13:41:22,937 INFO  EvoClassLoader - Seeing class for first time: org.apache.hadoop.hdfs.protocol.HdfsConstants$UpgradeAction
2024-11-12 13:41:22,937 INFO  EvoClassLoader - Instrumenting class 'org.apache.hadoop.hdfs.protocol.HdfsConstants$UpgradeAction'.
2024-11-12 13:41:22,937 INFO  MethodCallReplacementClassAdapter - Adding mock interface to class org/apache/hadoop/hdfs/protocol/HdfsConstants$UpgradeAction
2024-11-12 13:41:22,937 INFO  CreateClassResetClassAdapter - Found static initializer in class org/apache/hadoop/hdfs/protocol/HdfsConstants$UpgradeAction
2024-11-12 13:41:22,937 INFO  EvoClassLoader - Keeping class: org.apache.hadoop.hdfs.protocol.HdfsConstants$UpgradeAction
2024-11-12 13:41:22,937 INFO  EvoClassLoader - Seeing class for first time: org.apache.hadoop.hdfs.protocol.HdfsConstants$RollingUpgradeAction
2024-11-12 13:41:22,937 INFO  EvoClassLoader - Instrumenting class 'org.apache.hadoop.hdfs.protocol.HdfsConstants$RollingUpgradeAction'.
2024-11-12 13:41:22,937 INFO  MethodCallReplacementClassAdapter - Adding mock interface to class org/apache/hadoop/hdfs/protocol/HdfsConstants$RollingUpgradeAction
2024-11-12 13:41:22,937 INFO  CreateClassResetClassAdapter - Found static initializer in class org/apache/hadoop/hdfs/protocol/HdfsConstants$RollingUpgradeAction
2024-11-12 13:41:22,938 INFO  EvoClassLoader - Keeping class: org.apache.hadoop.hdfs.protocol.HdfsConstants$RollingUpgradeAction
2024-11-12 13:41:22,938 INFO  EvoClassLoader - Seeing class for first time: org.apache.hadoop.http.HttpConfig
2024-11-12 13:41:22,938 INFO  EvoClassLoader - Instrumenting class 'org.apache.hadoop.http.HttpConfig'.
2024-11-12 13:41:22,938 INFO  MethodCallReplacementClassAdapter - Adding mock interface to class org/apache/hadoop/http/HttpConfig
2024-11-12 13:41:22,938 INFO  CreateClassResetClassAdapter - Creating brand-new static initializer in class org/apache/hadoop/http/HttpConfig
2024-11-12 13:41:22,938 INFO  EvoClassLoader - Keeping class: org.apache.hadoop.http.HttpConfig
2024-11-12 13:41:22,938 INFO  EvoClassLoader - Seeing class for first time: org.apache.hadoop.hdfs.client.HdfsClientConfigKeys$Read$ShortCircuit
2024-11-12 13:41:22,938 INFO  EvoClassLoader - Instrumenting class 'org.apache.hadoop.hdfs.client.HdfsClientConfigKeys$Read$ShortCircuit'.
2024-11-12 13:41:22,938 INFO  EvoClassLoader - Keeping class: org.apache.hadoop.hdfs.client.HdfsClientConfigKeys$Read$ShortCircuit
2024-11-12 13:41:22,938 INFO  EvoClassLoader - Seeing class for first time: org.apache.hadoop.hdfs.client.HdfsClientConfigKeys
2024-11-12 13:41:22,938 INFO  EvoClassLoader - Instrumenting class 'org.apache.hadoop.hdfs.client.HdfsClientConfigKeys'.
2024-11-12 13:41:22,939 INFO  EvoClassLoader - Keeping class: org.apache.hadoop.hdfs.client.HdfsClientConfigKeys
2024-11-12 13:41:22,939 INFO  EvoClassLoader - Seeing class for first time: org.apache.hadoop.hdfs.DFSConfigKeys
2024-11-12 13:41:22,939 INFO  EvoClassLoader - Instrumenting class 'org.apache.hadoop.hdfs.DFSConfigKeys'.
2024-11-12 13:41:22,940 INFO  MethodCallReplacementClassAdapter - Adding mock interface to class org/apache/hadoop/hdfs/DFSConfigKeys
2024-11-12 13:41:22,941 INFO  CreateClassResetClassAdapter - Found static initializer in class org/apache/hadoop/hdfs/DFSConfigKeys
2024-11-12 13:41:22,949 INFO  EvoClassLoader - Keeping class: org.apache.hadoop.hdfs.DFSConfigKeys
2024-11-12 13:41:22,954 INFO  EvoClassLoader - Seeing class for first time: org.apache.hadoop.hdfs.server.datanode.fsdataset.impl.RamDiskReplicaLruTracker
2024-11-12 13:41:22,954 INFO  EvoClassLoader - Instrumenting class 'org.apache.hadoop.hdfs.server.datanode.fsdataset.impl.RamDiskReplicaLruTracker'.
2024-11-12 13:41:22,954 INFO  MethodCallReplacementClassAdapter - Adding mock interface to class org/apache/hadoop/hdfs/server/datanode/fsdataset/impl/RamDiskReplicaLruTracker
2024-11-12 13:41:22,955 INFO  CreateClassResetClassAdapter - Creating brand-new static initializer in class org/apache/hadoop/hdfs/server/datanode/fsdataset/impl/RamDiskReplicaLruTracker
2024-11-12 13:41:22,955 INFO  EvoClassLoader - Seeing class for first time: org.apache.hadoop.hdfs.server.datanode.fsdataset.impl.RamDiskReplicaTracker
2024-11-12 13:41:22,955 INFO  EvoClassLoader - Instrumenting class 'org.apache.hadoop.hdfs.server.datanode.fsdataset.impl.RamDiskReplicaTracker'.
2024-11-12 13:41:22,955 INFO  MethodCallReplacementClassAdapter - Adding mock interface to class org/apache/hadoop/hdfs/server/datanode/fsdataset/impl/RamDiskReplicaTracker
2024-11-12 13:41:22,955 INFO  CreateClassResetClassAdapter - Found static initializer in class org/apache/hadoop/hdfs/server/datanode/fsdataset/impl/RamDiskReplicaTracker
2024-11-12 13:41:22,956 INFO  EvoClassLoader - Keeping class: org.apache.hadoop.hdfs.server.datanode.fsdataset.impl.RamDiskReplicaTracker
2024-11-12 13:41:22,956 INFO  EvoClassLoader - Keeping class: org.apache.hadoop.hdfs.server.datanode.fsdataset.impl.RamDiskReplicaLruTracker
2024-11-12 13:41:22,956 INFO  EvoClassLoader - Seeing class for first time: org.apache.hadoop.hdfs.server.datanode.fsdataset.impl.ReservedSpaceCalculator$ReservedSpaceCalculatorAbsolute
2024-11-12 13:41:22,956 INFO  EvoClassLoader - Instrumenting class 'org.apache.hadoop.hdfs.server.datanode.fsdataset.impl.ReservedSpaceCalculator$ReservedSpaceCalculatorAbsolute'.
2024-11-12 13:41:22,956 INFO  MethodCallReplacementClassAdapter - Adding mock interface to class org/apache/hadoop/hdfs/server/datanode/fsdataset/impl/ReservedSpaceCalculator$ReservedSpaceCalculatorAbsolute
2024-11-12 13:41:22,956 INFO  CreateClassResetClassAdapter - Creating brand-new static initializer in class org/apache/hadoop/hdfs/server/datanode/fsdataset/impl/ReservedSpaceCalculator$ReservedSpaceCalculatorAbsolute
2024-11-12 13:41:22,956 INFO  EvoClassLoader - Seeing class for first time: org.apache.hadoop.hdfs.server.datanode.fsdataset.impl.ReservedSpaceCalculator
2024-11-12 13:41:22,956 INFO  EvoClassLoader - Instrumenting class 'org.apache.hadoop.hdfs.server.datanode.fsdataset.impl.ReservedSpaceCalculator'.
2024-11-12 13:41:22,956 INFO  MethodCallReplacementClassAdapter - Adding mock interface to class org/apache/hadoop/hdfs/server/datanode/fsdataset/impl/ReservedSpaceCalculator
2024-11-12 13:41:22,956 INFO  CreateClassResetClassAdapter - Creating brand-new static initializer in class org/apache/hadoop/hdfs/server/datanode/fsdataset/impl/ReservedSpaceCalculator
2024-11-12 13:41:22,956 INFO  EvoClassLoader - Keeping class: org.apache.hadoop.hdfs.server.datanode.fsdataset.impl.ReservedSpaceCalculator
2024-11-12 13:41:22,956 INFO  EvoClassLoader - Keeping class: org.apache.hadoop.hdfs.server.datanode.fsdataset.impl.ReservedSpaceCalculator$ReservedSpaceCalculatorAbsolute
2024-11-12 13:41:22,956 INFO  EvoClassLoader - Seeing class for first time: org.apache.hadoop.hdfs.server.blockmanagement.BlockPlacementPolicyDefault
2024-11-12 13:41:22,956 INFO  EvoClassLoader - Instrumenting class 'org.apache.hadoop.hdfs.server.blockmanagement.BlockPlacementPolicyDefault'.
2024-11-12 13:41:22,957 INFO  MethodCallReplacementClassAdapter - Adding mock interface to class org/apache/hadoop/hdfs/server/blockmanagement/BlockPlacementPolicyDefault
2024-11-12 13:41:22,960 INFO  CreateClassResetClassAdapter - Found static initializer in class org/apache/hadoop/hdfs/server/blockmanagement/BlockPlacementPolicyDefault
2024-11-12 13:41:22,961 INFO  EvoClassLoader - Keeping class: org.apache.hadoop.hdfs.server.blockmanagement.BlockPlacementPolicyDefault
2024-11-12 13:41:22,961 INFO  EvoClassLoader - Seeing class for first time: org.apache.hadoop.hdfs.server.blockmanagement.BlockPlacementPolicyRackFaultTolerant
2024-11-12 13:41:22,961 INFO  EvoClassLoader - Instrumenting class 'org.apache.hadoop.hdfs.server.blockmanagement.BlockPlacementPolicyRackFaultTolerant'.
2024-11-12 13:41:22,962 INFO  MethodCallReplacementClassAdapter - Adding mock interface to class org/apache/hadoop/hdfs/server/blockmanagement/BlockPlacementPolicyRackFaultTolerant
2024-11-12 13:41:22,963 INFO  CreateClassResetClassAdapter - Found static initializer in class org/apache/hadoop/hdfs/server/blockmanagement/BlockPlacementPolicyRackFaultTolerant
2024-11-12 13:41:22,963 INFO  EvoClassLoader - Keeping class: org.apache.hadoop.hdfs.server.blockmanagement.BlockPlacementPolicyRackFaultTolerant
2024-11-12 13:41:22,968 INFO  EvoClassLoader - Seeing class for first time: org.apache.hadoop.net.InnerNodeImpl$Factory
2024-11-12 13:41:22,968 INFO  EvoClassLoader - Instrumenting class 'org.apache.hadoop.net.InnerNodeImpl$Factory'.
2024-11-12 13:41:22,968 INFO  MethodCallReplacementClassAdapter - Adding mock interface to class org/apache/hadoop/net/InnerNodeImpl$Factory
2024-11-12 13:41:22,968 INFO  CreateClassResetClassAdapter - Creating brand-new static initializer in class org/apache/hadoop/net/InnerNodeImpl$Factory
2024-11-12 13:41:22,969 INFO  EvoClassLoader - Keeping class: org.apache.hadoop.net.InnerNodeImpl$Factory
2024-11-12 13:41:22,969 INFO  EvoClassLoader - Seeing class for first time: org.apache.hadoop.hdfs.net.DFSTopologyNodeImpl$Factory
2024-11-12 13:41:22,969 INFO  EvoClassLoader - Instrumenting class 'org.apache.hadoop.hdfs.net.DFSTopologyNodeImpl$Factory'.
2024-11-12 13:41:22,969 INFO  MethodCallReplacementClassAdapter - Adding mock interface to class org/apache/hadoop/hdfs/net/DFSTopologyNodeImpl$Factory
2024-11-12 13:41:22,969 INFO  CreateClassResetClassAdapter - Creating brand-new static initializer in class org/apache/hadoop/hdfs/net/DFSTopologyNodeImpl$Factory
2024-11-12 13:41:22,969 INFO  EvoClassLoader - Keeping class: org.apache.hadoop.hdfs.net.DFSTopologyNodeImpl$Factory
2024-11-12 13:41:22,970 INFO  EvoClassLoader - Seeing class for first time: org.apache.hadoop.hdfs.server.blockmanagement.DatanodeStats
2024-11-12 13:41:22,970 INFO  EvoClassLoader - Instrumenting class 'org.apache.hadoop.hdfs.server.blockmanagement.DatanodeStats'.
2024-11-12 13:41:22,970 INFO  MethodCallReplacementClassAdapter - Adding mock interface to class org/apache/hadoop/hdfs/server/blockmanagement/DatanodeStats
2024-11-12 13:41:22,970 INFO  CreateClassResetClassAdapter - Creating brand-new static initializer in class org/apache/hadoop/hdfs/server/blockmanagement/DatanodeStats
2024-11-12 13:41:22,971 INFO  EvoClassLoader - Keeping class: org.apache.hadoop.hdfs.server.blockmanagement.DatanodeStats
2024-11-12 13:41:22,971 INFO  EvoClassLoader - Seeing class for first time: org.apache.hadoop.hdfs.server.blockmanagement.DatanodeStats$StorageTypeStatsMap
2024-11-12 13:41:22,971 INFO  EvoClassLoader - Instrumenting class 'org.apache.hadoop.hdfs.server.blockmanagement.DatanodeStats$StorageTypeStatsMap'.
2024-11-12 13:41:22,971 INFO  MethodCallReplacementClassAdapter - Adding mock interface to class org/apache/hadoop/hdfs/server/blockmanagement/DatanodeStats$StorageTypeStatsMap
2024-11-12 13:41:22,971 INFO  CreateClassResetClassAdapter - Creating brand-new static initializer in class org/apache/hadoop/hdfs/server/blockmanagement/DatanodeStats$StorageTypeStatsMap
2024-11-12 13:41:22,971 INFO  EvoClassLoader - Keeping class: org.apache.hadoop.hdfs.server.blockmanagement.DatanodeStats$StorageTypeStatsMap
2024-11-12 13:41:22,972 INFO  EvoClassLoader - Seeing class for first time: org.apache.hadoop.hdfs.server.blockmanagement.HeartbeatManager$Monitor
2024-11-12 13:41:22,972 INFO  EvoClassLoader - Instrumenting class 'org.apache.hadoop.hdfs.server.blockmanagement.HeartbeatManager$Monitor'.
2024-11-12 13:41:22,972 INFO  MethodCallReplacementClassAdapter - Adding mock interface to class org/apache/hadoop/hdfs/server/blockmanagement/HeartbeatManager$Monitor
2024-11-12 13:41:22,972 INFO  CreateClassResetClassAdapter - Creating brand-new static initializer in class org/apache/hadoop/hdfs/server/blockmanagement/HeartbeatManager$Monitor
2024-11-12 13:41:22,972 INFO  EvoClassLoader - Keeping class: org.apache.hadoop.hdfs.server.blockmanagement.HeartbeatManager$Monitor
2024-11-12 13:41:22,972 INFO  EvoClassLoader - Seeing class for first time: org.apache.hadoop.util.StopWatch
2024-11-12 13:41:22,972 INFO  EvoClassLoader - Instrumenting class 'org.apache.hadoop.util.StopWatch'.
2024-11-12 13:41:22,972 INFO  MethodCallReplacementClassAdapter - Adding mock interface to class org/apache/hadoop/util/StopWatch
2024-11-12 13:41:22,973 INFO  CreateClassResetClassAdapter - Creating brand-new static initializer in class org/apache/hadoop/util/StopWatch
2024-11-12 13:41:22,973 INFO  EvoClassLoader - Keeping class: org.apache.hadoop.util.StopWatch
2024-11-12 13:41:22,974 INFO  EvoClassLoader - Seeing class for first time: org.apache.hadoop.thirdparty.com.google.common.util.concurrent.ThreadFactoryBuilder
2024-11-12 13:41:22,974 INFO  EvoClassLoader - Instrumenting class 'org.apache.hadoop.thirdparty.com.google.common.util.concurrent.ThreadFactoryBuilder'.
2024-11-12 13:41:22,974 INFO  MethodCallReplacementClassAdapter - Adding mock interface to class org/apache/hadoop/thirdparty/com/google/common/util/concurrent/ThreadFactoryBuilder
2024-11-12 13:41:22,974 INFO  CreateClassResetClassAdapter - Creating brand-new static initializer in class org/apache/hadoop/thirdparty/com/google/common/util/concurrent/ThreadFactoryBuilder
2024-11-12 13:41:22,974 INFO  EvoClassLoader - Keeping class: org.apache.hadoop.thirdparty.com.google.common.util.concurrent.ThreadFactoryBuilder
2024-11-12 13:41:22,974 INFO  EvoClassLoader - Seeing class for first time: org.apache.hadoop.thirdparty.com.google.common.util.concurrent.ThreadFactoryBuilder$1
2024-11-12 13:41:22,974 INFO  EvoClassLoader - Instrumenting class 'org.apache.hadoop.thirdparty.com.google.common.util.concurrent.ThreadFactoryBuilder$1'.
2024-11-12 13:41:22,975 INFO  MethodCallReplacementClassAdapter - Adding mock interface to class org/apache/hadoop/thirdparty/com/google/common/util/concurrent/ThreadFactoryBuilder$1
2024-11-12 13:41:22,975 INFO  EvoClassLoader - Keeping class: org.apache.hadoop.thirdparty.com.google.common.util.concurrent.ThreadFactoryBuilder$1
2024-11-12 13:41:22,975 INFO  EvoClassLoader - Seeing class for first time: org.apache.hadoop.hdfs.server.blockmanagement.DatanodeManager$2
2024-11-12 13:41:22,975 INFO  EvoClassLoader - Instrumenting class 'org.apache.hadoop.hdfs.server.blockmanagement.DatanodeManager$2'.
2024-11-12 13:41:22,975 INFO  MethodCallReplacementClassAdapter - Adding mock interface to class org/apache/hadoop/hdfs/server/blockmanagement/DatanodeManager$2
2024-11-12 13:41:22,975 INFO  EvoClassLoader - Keeping class: org.apache.hadoop.hdfs.server.blockmanagement.DatanodeManager$2
2024-11-12 13:41:22,975 INFO  EvoClassLoader - Seeing class for first time: com.fasterxml.jackson.core.TreeCodec
2024-11-12 13:41:22,975 INFO  EvoClassLoader - Instrumenting class 'com.fasterxml.jackson.core.TreeCodec'.
2024-11-12 13:41:22,975 INFO  MethodCallReplacementClassAdapter - Adding mock interface to class com/fasterxml/jackson/core/TreeCodec
2024-11-12 13:41:22,975 INFO  CreateClassResetClassAdapter - Creating brand-new static initializer in class com/fasterxml/jackson/core/TreeCodec
2024-11-12 13:41:22,975 INFO  EvoClassLoader - Keeping class: com.fasterxml.jackson.core.TreeCodec
2024-11-12 13:41:22,975 INFO  EvoClassLoader - Seeing class for first time: com.fasterxml.jackson.core.TreeNode
2024-11-12 13:41:22,975 INFO  EvoClassLoader - Instrumenting class 'com.fasterxml.jackson.core.TreeNode'.
2024-11-12 13:41:22,976 INFO  EvoClassLoader - Keeping class: com.fasterxml.jackson.core.TreeNode
2024-11-12 13:41:22,976 INFO  EvoClassLoader - Seeing class for first time: com.fasterxml.jackson.core.JsonProcessingException
2024-11-12 13:41:22,976 INFO  EvoClassLoader - Instrumenting class 'com.fasterxml.jackson.core.JsonProcessingException'.
2024-11-12 13:41:22,976 INFO  MethodCallReplacementClassAdapter - Adding mock interface to class com/fasterxml/jackson/core/JsonProcessingException
2024-11-12 13:41:22,976 INFO  CreateClassResetClassAdapter - Creating brand-new static initializer in class com/fasterxml/jackson/core/JsonProcessingException
2024-11-12 13:41:22,976 INFO  EvoClassLoader - Seeing class for first time: com.fasterxml.jackson.core.JacksonException
2024-11-12 13:41:22,976 INFO  EvoClassLoader - Instrumenting class 'com.fasterxml.jackson.core.JacksonException'.
2024-11-12 13:41:22,976 INFO  MethodCallReplacementClassAdapter - Adding mock interface to class com/fasterxml/jackson/core/JacksonException
2024-11-12 13:41:22,976 INFO  CreateClassResetClassAdapter - Creating brand-new static initializer in class com/fasterxml/jackson/core/JacksonException
2024-11-12 13:41:22,976 INFO  EvoClassLoader - Keeping class: com.fasterxml.jackson.core.JacksonException
2024-11-12 13:41:22,976 INFO  EvoClassLoader - Keeping class: com.fasterxml.jackson.core.JsonProcessingException
2024-11-12 13:41:22,976 INFO  EvoClassLoader - Seeing class for first time: com.fasterxml.jackson.core.JsonParser
2024-11-12 13:41:22,976 INFO  EvoClassLoader - Instrumenting class 'com.fasterxml.jackson.core.JsonParser'.
2024-11-12 13:41:22,977 INFO  MethodCallReplacementClassAdapter - Adding mock interface to class com/fasterxml/jackson/core/JsonParser
2024-11-12 13:41:22,977 INFO  CreateClassResetClassAdapter - Found static initializer in class com/fasterxml/jackson/core/JsonParser
2024-11-12 13:41:22,978 INFO  EvoClassLoader - Keeping class: com.fasterxml.jackson.core.JsonParser
2024-11-12 13:41:22,978 INFO  EvoClassLoader - Seeing class for first time: com.fasterxml.jackson.core.ObjectCodec
2024-11-12 13:41:22,978 INFO  EvoClassLoader - Instrumenting class 'com.fasterxml.jackson.core.ObjectCodec'.
2024-11-12 13:41:22,978 INFO  MethodCallReplacementClassAdapter - Adding mock interface to class com/fasterxml/jackson/core/ObjectCodec
2024-11-12 13:41:22,978 INFO  CreateClassResetClassAdapter - Creating brand-new static initializer in class com/fasterxml/jackson/core/ObjectCodec
2024-11-12 13:41:22,978 INFO  EvoClassLoader - Keeping class: com.fasterxml.jackson.core.ObjectCodec
2024-11-12 13:41:22,978 INFO  EvoClassLoader - Seeing class for first time: com.fasterxml.jackson.core.JsonFactory
2024-11-12 13:41:22,978 INFO  EvoClassLoader - Instrumenting class 'com.fasterxml.jackson.core.JsonFactory'.
2024-11-12 13:41:22,979 INFO  MethodCallReplacementClassAdapter - Adding mock interface to class com/fasterxml/jackson/core/JsonFactory
2024-11-12 13:41:22,980 INFO  CreateClassResetClassAdapter - Found static initializer in class com/fasterxml/jackson/core/JsonFactory
2024-11-12 13:41:22,981 INFO  EvoClassLoader - Seeing class for first time: com.fasterxml.jackson.core.TokenStreamFactory
2024-11-12 13:41:22,981 INFO  EvoClassLoader - Instrumenting class 'com.fasterxml.jackson.core.TokenStreamFactory'.
2024-11-12 13:41:22,981 INFO  MethodCallReplacementClassAdapter - Adding mock interface to class com/fasterxml/jackson/core/TokenStreamFactory
2024-11-12 13:41:22,981 INFO  CreateClassResetClassAdapter - Creating brand-new static initializer in class com/fasterxml/jackson/core/TokenStreamFactory
2024-11-12 13:41:22,981 INFO  EvoClassLoader - Keeping class: com.fasterxml.jackson.core.TokenStreamFactory
2024-11-12 13:41:22,981 INFO  EvoClassLoader - Keeping class: com.fasterxml.jackson.core.JsonFactory
2024-11-12 13:41:22,981 INFO  EvoClassLoader - Seeing class for first time: com.fasterxml.jackson.core.Version
2024-11-12 13:41:22,981 INFO  EvoClassLoader - Instrumenting class 'com.fasterxml.jackson.core.Version'.
2024-11-12 13:41:22,982 INFO  MethodCallReplacementClassAdapter - Adding mock interface to class com/fasterxml/jackson/core/Version
2024-11-12 13:41:22,982 INFO  CreateClassResetClassAdapter - Found static initializer in class com/fasterxml/jackson/core/Version
2024-11-12 13:41:22,982 INFO  EvoClassLoader - Keeping class: com.fasterxml.jackson.core.Version
2024-11-12 13:41:22,982 INFO  EvoClassLoader - Seeing class for first time: com.fasterxml.jackson.core.type.TypeReference
2024-11-12 13:41:22,982 INFO  EvoClassLoader - Instrumenting class 'com.fasterxml.jackson.core.type.TypeReference'.
2024-11-12 13:41:22,982 INFO  MethodCallReplacementClassAdapter - Adding mock interface to class com/fasterxml/jackson/core/type/TypeReference
2024-11-12 13:41:22,983 INFO  CreateClassResetClassAdapter - Creating brand-new static initializer in class com/fasterxml/jackson/core/type/TypeReference
2024-11-12 13:41:22,983 INFO  EvoClassLoader - Defined package (3): package com.fasterxml.jackson.core.type, 596633057
2024-11-12 13:41:22,983 INFO  EvoClassLoader - Keeping class: com.fasterxml.jackson.core.type.TypeReference
2024-11-12 13:41:22,983 INFO  EvoClassLoader - Seeing class for first time: com.fasterxml.jackson.core.type.ResolvedType
2024-11-12 13:41:22,983 INFO  EvoClassLoader - Instrumenting class 'com.fasterxml.jackson.core.type.ResolvedType'.
2024-11-12 13:41:22,983 INFO  MethodCallReplacementClassAdapter - Adding mock interface to class com/fasterxml/jackson/core/type/ResolvedType
2024-11-12 13:41:22,983 INFO  CreateClassResetClassAdapter - Creating brand-new static initializer in class com/fasterxml/jackson/core/type/ResolvedType
2024-11-12 13:41:22,983 INFO  EvoClassLoader - Keeping class: com.fasterxml.jackson.core.type.ResolvedType
2024-11-12 13:41:22,983 INFO  EvoClassLoader - Seeing class for first time: com.fasterxml.jackson.databind.AnnotationIntrospector
2024-11-12 13:41:22,983 INFO  EvoClassLoader - Instrumenting class 'com.fasterxml.jackson.databind.AnnotationIntrospector'.
2024-11-12 13:41:22,983 INFO  MethodCallReplacementClassAdapter - Adding mock interface to class com/fasterxml/jackson/databind/AnnotationIntrospector
2024-11-12 13:41:22,984 INFO  CreateClassResetClassAdapter - Creating brand-new static initializer in class com/fasterxml/jackson/databind/AnnotationIntrospector
2024-11-12 13:41:22,984 INFO  EvoClassLoader - Defined package (3): package com.fasterxml.jackson.databind, 1861367343
2024-11-12 13:41:22,984 INFO  EvoClassLoader - Keeping class: com.fasterxml.jackson.databind.AnnotationIntrospector
2024-11-12 13:41:22,984 INFO  EvoClassLoader - Seeing class for first time: com.fasterxml.jackson.databind.introspect.AnnotationIntrospectorPair
2024-11-12 13:41:22,984 INFO  EvoClassLoader - Instrumenting class 'com.fasterxml.jackson.databind.introspect.AnnotationIntrospectorPair'.
2024-11-12 13:41:22,985 INFO  MethodCallReplacementClassAdapter - Adding mock interface to class com/fasterxml/jackson/databind/introspect/AnnotationIntrospectorPair
2024-11-12 13:41:22,985 INFO  CreateClassResetClassAdapter - Creating brand-new static initializer in class com/fasterxml/jackson/databind/introspect/AnnotationIntrospectorPair
2024-11-12 13:41:22,985 INFO  EvoClassLoader - Defined package (3): package com.fasterxml.jackson.databind.introspect, 359547468
2024-11-12 13:41:22,986 INFO  EvoClassLoader - Keeping class: com.fasterxml.jackson.databind.introspect.AnnotationIntrospectorPair
2024-11-12 13:41:22,986 INFO  EvoClassLoader - Seeing class for first time: com.fasterxml.jackson.databind.introspect.NopAnnotationIntrospector
2024-11-12 13:41:22,986 INFO  EvoClassLoader - Instrumenting class 'com.fasterxml.jackson.databind.introspect.NopAnnotationIntrospector'.
2024-11-12 13:41:22,986 INFO  MethodCallReplacementClassAdapter - Adding mock interface to class com/fasterxml/jackson/databind/introspect/NopAnnotationIntrospector
2024-11-12 13:41:22,986 INFO  CreateClassResetClassAdapter - Found static initializer in class com/fasterxml/jackson/databind/introspect/NopAnnotationIntrospector
2024-11-12 13:41:22,986 INFO  EvoClassLoader - Keeping class: com.fasterxml.jackson.databind.introspect.NopAnnotationIntrospector
2024-11-12 13:41:22,986 INFO  EvoClassLoader - Seeing class for first time: com.fasterxml.jackson.databind.introspect.Annotated
2024-11-12 13:41:22,986 INFO  EvoClassLoader - Instrumenting class 'com.fasterxml.jackson.databind.introspect.Annotated'.
2024-11-12 13:41:22,986 INFO  MethodCallReplacementClassAdapter - Adding mock interface to class com/fasterxml/jackson/databind/introspect/Annotated
2024-11-12 13:41:22,986 INFO  CreateClassResetClassAdapter - Creating brand-new static initializer in class com/fasterxml/jackson/databind/introspect/Annotated
2024-11-12 13:41:22,986 INFO  EvoClassLoader - Keeping class: com.fasterxml.jackson.databind.introspect.Annotated
2024-11-12 13:41:22,987 INFO  EvoClassLoader - Seeing class for first time: com.fasterxml.jackson.databind.introspect.ObjectIdInfo
2024-11-12 13:41:22,987 INFO  EvoClassLoader - Instrumenting class 'com.fasterxml.jackson.databind.introspect.ObjectIdInfo'.
2024-11-12 13:41:22,987 INFO  MethodCallReplacementClassAdapter - Adding mock interface to class com/fasterxml/jackson/databind/introspect/ObjectIdInfo
2024-11-12 13:41:22,987 INFO  CreateClassResetClassAdapter - Found static initializer in class com/fasterxml/jackson/databind/introspect/ObjectIdInfo
2024-11-12 13:41:22,987 INFO  EvoClassLoader - Keeping class: com.fasterxml.jackson.databind.introspect.ObjectIdInfo
2024-11-12 13:41:22,987 INFO  EvoClassLoader - Seeing class for first time: com.fasterxml.jackson.databind.introspect.AnnotatedClass
2024-11-12 13:41:22,987 INFO  EvoClassLoader - Instrumenting class 'com.fasterxml.jackson.databind.introspect.AnnotatedClass'.
2024-11-12 13:41:22,988 INFO  MethodCallReplacementClassAdapter - Adding mock interface to class com/fasterxml/jackson/databind/introspect/AnnotatedClass
2024-11-12 13:41:22,988 INFO  CreateClassResetClassAdapter - Found static initializer in class com/fasterxml/jackson/databind/introspect/AnnotatedClass
2024-11-12 13:41:22,988 INFO  EvoClassLoader - Seeing class for first time: com.fasterxml.jackson.databind.introspect.TypeResolutionContext
2024-11-12 13:41:22,988 INFO  EvoClassLoader - Instrumenting class 'com.fasterxml.jackson.databind.introspect.TypeResolutionContext'.
2024-11-12 13:41:22,988 INFO  EvoClassLoader - Keeping class: com.fasterxml.jackson.databind.introspect.TypeResolutionContext
2024-11-12 13:41:22,988 INFO  EvoClassLoader - Keeping class: com.fasterxml.jackson.databind.introspect.AnnotatedClass
2024-11-12 13:41:22,988 INFO  EvoClassLoader - Seeing class for first time: com.fasterxml.jackson.databind.PropertyName
2024-11-12 13:41:22,988 INFO  EvoClassLoader - Instrumenting class 'com.fasterxml.jackson.databind.PropertyName'.
2024-11-12 13:41:22,989 INFO  MethodCallReplacementClassAdapter - Adding mock interface to class com/fasterxml/jackson/databind/PropertyName
2024-11-12 13:41:22,989 INFO  CreateClassResetClassAdapter - Found static initializer in class com/fasterxml/jackson/databind/PropertyName
2024-11-12 13:41:22,989 INFO  EvoClassLoader - Keeping class: com.fasterxml.jackson.databind.PropertyName
2024-11-12 13:41:22,989 INFO  EvoClassLoader - Seeing class for first time: com.fasterxml.jackson.databind.cfg.MapperConfig
2024-11-12 13:41:22,989 INFO  EvoClassLoader - Instrumenting class 'com.fasterxml.jackson.databind.cfg.MapperConfig'.
2024-11-12 13:41:22,989 INFO  MethodCallReplacementClassAdapter - Adding mock interface to class com/fasterxml/jackson/databind/cfg/MapperConfig
2024-11-12 13:41:22,990 INFO  CreateClassResetClassAdapter - Found static initializer in class com/fasterxml/jackson/databind/cfg/MapperConfig
2024-11-12 13:41:22,990 INFO  EvoClassLoader - Defined package (3): package com.fasterxml.jackson.databind.cfg, -1584140251
2024-11-12 13:41:22,990 INFO  EvoClassLoader - Seeing class for first time: com.fasterxml.jackson.databind.introspect.ClassIntrospector$MixInResolver
2024-11-12 13:41:22,990 INFO  EvoClassLoader - Instrumenting class 'com.fasterxml.jackson.databind.introspect.ClassIntrospector$MixInResolver'.
2024-11-12 13:41:22,990 INFO  EvoClassLoader - Keeping class: com.fasterxml.jackson.databind.introspect.ClassIntrospector$MixInResolver
2024-11-12 13:41:22,991 INFO  EvoClassLoader - Keeping class: com.fasterxml.jackson.databind.cfg.MapperConfig
2024-11-12 13:41:22,991 INFO  EvoClassLoader - Seeing class for first time: com.fasterxml.jackson.annotation.JsonIgnoreProperties$Value
2024-11-12 13:41:22,991 INFO  EvoClassLoader - Instrumenting class 'com.fasterxml.jackson.annotation.JsonIgnoreProperties$Value'.
2024-11-12 13:41:22,991 INFO  MethodCallReplacementClassAdapter - Adding mock interface to class com/fasterxml/jackson/annotation/JsonIgnoreProperties$Value
2024-11-12 13:41:22,991 INFO  CreateClassResetClassAdapter - Found static initializer in class com/fasterxml/jackson/annotation/JsonIgnoreProperties$Value
2024-11-12 13:41:22,991 INFO  EvoClassLoader - Defined package (3): package com.fasterxml.jackson.annotation, -1183563657
2024-11-12 13:41:22,991 INFO  EvoClassLoader - Seeing class for first time: com.fasterxml.jackson.annotation.JacksonAnnotationValue
2024-11-12 13:41:22,991 INFO  EvoClassLoader - Instrumenting class 'com.fasterxml.jackson.annotation.JacksonAnnotationValue'.
2024-11-12 13:41:22,992 INFO  EvoClassLoader - Keeping class: com.fasterxml.jackson.annotation.JacksonAnnotationValue
2024-11-12 13:41:22,992 INFO  EvoClassLoader - Keeping class: com.fasterxml.jackson.annotation.JsonIgnoreProperties$Value
2024-11-12 13:41:22,992 INFO  EvoClassLoader - Seeing class for first time: com.fasterxml.jackson.annotation.JsonIncludeProperties$Value
2024-11-12 13:41:22,992 INFO  EvoClassLoader - Instrumenting class 'com.fasterxml.jackson.annotation.JsonIncludeProperties$Value'.
2024-11-12 13:41:22,992 INFO  MethodCallReplacementClassAdapter - Adding mock interface to class com/fasterxml/jackson/annotation/JsonIncludeProperties$Value
2024-11-12 13:41:22,992 INFO  CreateClassResetClassAdapter - Found static initializer in class com/fasterxml/jackson/annotation/JsonIncludeProperties$Value
2024-11-12 13:41:22,992 INFO  EvoClassLoader - Keeping class: com.fasterxml.jackson.annotation.JsonIncludeProperties$Value
2024-11-12 13:41:22,993 INFO  EvoClassLoader - Seeing class for first time: com.fasterxml.jackson.databind.introspect.VisibilityChecker
2024-11-12 13:41:22,993 INFO  EvoClassLoader - Instrumenting class 'com.fasterxml.jackson.databind.introspect.VisibilityChecker'.
2024-11-12 13:41:22,993 INFO  EvoClassLoader - Keeping class: com.fasterxml.jackson.databind.introspect.VisibilityChecker
2024-11-12 13:41:22,993 INFO  EvoClassLoader - Seeing class for first time: com.fasterxml.jackson.databind.JavaType
2024-11-12 13:41:22,993 INFO  EvoClassLoader - Instrumenting class 'com.fasterxml.jackson.databind.JavaType'.
2024-11-12 13:41:22,993 INFO  MethodCallReplacementClassAdapter - Adding mock interface to class com/fasterxml/jackson/databind/JavaType
2024-11-12 13:41:22,993 INFO  CreateClassResetClassAdapter - Creating brand-new static initializer in class com/fasterxml/jackson/databind/JavaType
2024-11-12 13:41:22,993 INFO  EvoClassLoader - Keeping class: com.fasterxml.jackson.databind.JavaType
2024-11-12 13:41:22,993 INFO  EvoClassLoader - Seeing class for first time: com.fasterxml.jackson.databind.jsontype.TypeResolverBuilder
2024-11-12 13:41:22,993 INFO  EvoClassLoader - Instrumenting class 'com.fasterxml.jackson.databind.jsontype.TypeResolverBuilder'.
2024-11-12 13:41:22,994 INFO  EvoClassLoader - Defined package (3): package com.fasterxml.jackson.databind.jsontype, -951449343
2024-11-12 13:41:22,994 INFO  EvoClassLoader - Keeping class: com.fasterxml.jackson.databind.jsontype.TypeResolverBuilder
2024-11-12 13:41:22,994 INFO  EvoClassLoader - Seeing class for first time: com.fasterxml.jackson.databind.introspect.AnnotatedMember
2024-11-12 13:41:22,994 INFO  EvoClassLoader - Instrumenting class 'com.fasterxml.jackson.databind.introspect.AnnotatedMember'.
2024-11-12 13:41:22,994 INFO  MethodCallReplacementClassAdapter - Adding mock interface to class com/fasterxml/jackson/databind/introspect/AnnotatedMember
2024-11-12 13:41:22,994 INFO  CreateClassResetClassAdapter - Creating brand-new static initializer in class com/fasterxml/jackson/databind/introspect/AnnotatedMember
2024-11-12 13:41:22,994 INFO  EvoClassLoader - Keeping class: com.fasterxml.jackson.databind.introspect.AnnotatedMember
2024-11-12 13:41:22,994 INFO  EvoClassLoader - Seeing class for first time: com.fasterxml.jackson.databind.AnnotationIntrospector$ReferenceProperty
2024-11-12 13:41:22,994 INFO  EvoClassLoader - Instrumenting class 'com.fasterxml.jackson.databind.AnnotationIntrospector$ReferenceProperty'.
2024-11-12 13:41:22,994 INFO  MethodCallReplacementClassAdapter - Adding mock interface to class com/fasterxml/jackson/databind/AnnotationIntrospector$ReferenceProperty
2024-11-12 13:41:22,995 INFO  CreateClassResetClassAdapter - Creating brand-new static initializer in class com/fasterxml/jackson/databind/AnnotationIntrospector$ReferenceProperty
2024-11-12 13:41:22,995 INFO  EvoClassLoader - Keeping class: com.fasterxml.jackson.databind.AnnotationIntrospector$ReferenceProperty
2024-11-12 13:41:22,995 INFO  EvoClassLoader - Seeing class for first time: com.fasterxml.jackson.databind.util.NameTransformer
2024-11-12 13:41:22,995 INFO  EvoClassLoader - Instrumenting class 'com.fasterxml.jackson.databind.util.NameTransformer'.
2024-11-12 13:41:22,995 INFO  MethodCallReplacementClassAdapter - Adding mock interface to class com/fasterxml/jackson/databind/util/NameTransformer
2024-11-12 13:41:22,995 INFO  CreateClassResetClassAdapter - Found static initializer in class com/fasterxml/jackson/databind/util/NameTransformer
2024-11-12 13:41:22,995 INFO  EvoClassLoader - Defined package (3): package com.fasterxml.jackson.databind.util, -1863157663
2024-11-12 13:41:22,995 INFO  EvoClassLoader - Keeping class: com.fasterxml.jackson.databind.util.NameTransformer
2024-11-12 13:41:22,995 INFO  EvoClassLoader - Seeing class for first time: com.fasterxml.jackson.annotation.JacksonInject$Value
2024-11-12 13:41:22,995 INFO  EvoClassLoader - Instrumenting class 'com.fasterxml.jackson.annotation.JacksonInject$Value'.
2024-11-12 13:41:22,995 INFO  MethodCallReplacementClassAdapter - Adding mock interface to class com/fasterxml/jackson/annotation/JacksonInject$Value
2024-11-12 13:41:22,995 INFO  CreateClassResetClassAdapter - Found static initializer in class com/fasterxml/jackson/annotation/JacksonInject$Value
2024-11-12 13:41:22,996 INFO  EvoClassLoader - Keeping class: com.fasterxml.jackson.annotation.JacksonInject$Value
2024-11-12 13:41:22,996 INFO  EvoClassLoader - Seeing class for first time: com.fasterxml.jackson.annotation.JsonFormat$Value
2024-11-12 13:41:22,996 INFO  EvoClassLoader - Instrumenting class 'com.fasterxml.jackson.annotation.JsonFormat$Value'.
2024-11-12 13:41:22,996 INFO  MethodCallReplacementClassAdapter - Adding mock interface to class com/fasterxml/jackson/annotation/JsonFormat$Value
2024-11-12 13:41:22,996 INFO  CreateClassResetClassAdapter - Found static initializer in class com/fasterxml/jackson/annotation/JsonFormat$Value
2024-11-12 13:41:22,997 INFO  EvoClassLoader - Keeping class: com.fasterxml.jackson.annotation.JsonFormat$Value
2024-11-12 13:41:22,997 INFO  EvoClassLoader - Seeing class for first time: com.fasterxml.jackson.annotation.JsonProperty$Access
2024-11-12 13:41:22,997 INFO  EvoClassLoader - Instrumenting class 'com.fasterxml.jackson.annotation.JsonProperty$Access'.
2024-11-12 13:41:22,997 INFO  MethodCallReplacementClassAdapter - Adding mock interface to class com/fasterxml/jackson/annotation/JsonProperty$Access
2024-11-12 13:41:22,997 INFO  CreateClassResetClassAdapter - Found static initializer in class com/fasterxml/jackson/annotation/JsonProperty$Access
2024-11-12 13:41:22,997 INFO  EvoClassLoader - Keeping class: com.fasterxml.jackson.annotation.JsonProperty$Access
2024-11-12 13:41:22,997 INFO  EvoClassLoader - Seeing class for first time: com.fasterxml.jackson.databind.introspect.AnnotatedMethod
2024-11-12 13:41:22,997 INFO  EvoClassLoader - Instrumenting class 'com.fasterxml.jackson.databind.introspect.AnnotatedMethod'.
2024-11-12 13:41:22,997 INFO  MethodCallReplacementClassAdapter - Adding mock interface to class com/fasterxml/jackson/databind/introspect/AnnotatedMethod
2024-11-12 13:41:22,998 INFO  CreateClassResetClassAdapter - Creating brand-new static initializer in class com/fasterxml/jackson/databind/introspect/AnnotatedMethod
2024-11-12 13:41:22,998 INFO  EvoClassLoader - Seeing class for first time: com.fasterxml.jackson.databind.introspect.AnnotatedWithParams
2024-11-12 13:41:22,998 INFO  EvoClassLoader - Instrumenting class 'com.fasterxml.jackson.databind.introspect.AnnotatedWithParams'.
2024-11-12 13:41:22,999 INFO  MethodCallReplacementClassAdapter - Adding mock interface to class com/fasterxml/jackson/databind/introspect/AnnotatedWithParams
2024-11-12 13:41:22,999 INFO  CreateClassResetClassAdapter - Creating brand-new static initializer in class com/fasterxml/jackson/databind/introspect/AnnotatedWithParams
2024-11-12 13:41:22,999 INFO  EvoClassLoader - Keeping class: com.fasterxml.jackson.databind.introspect.AnnotatedWithParams
2024-11-12 13:41:22,999 INFO  EvoClassLoader - Keeping class: com.fasterxml.jackson.databind.introspect.AnnotatedMethod
2024-11-12 13:41:22,999 INFO  EvoClassLoader - Seeing class for first time: com.fasterxml.jackson.databind.introspect.AnnotatedField
2024-11-12 13:41:22,999 INFO  EvoClassLoader - Instrumenting class 'com.fasterxml.jackson.databind.introspect.AnnotatedField'.
2024-11-12 13:41:23,000 INFO  MethodCallReplacementClassAdapter - Adding mock interface to class com/fasterxml/jackson/databind/introspect/AnnotatedField
2024-11-12 13:41:23,001 INFO  CreateClassResetClassAdapter - Creating brand-new static initializer in class com/fasterxml/jackson/databind/introspect/AnnotatedField
2024-11-12 13:41:23,001 INFO  EvoClassLoader - Keeping class: com.fasterxml.jackson.databind.introspect.AnnotatedField
2024-11-12 13:41:23,001 INFO  EvoClassLoader - Seeing class for first time: com.fasterxml.jackson.databind.annotation.JsonSerialize$Typing
2024-11-12 13:41:23,001 INFO  EvoClassLoader - Instrumenting class 'com.fasterxml.jackson.databind.annotation.JsonSerialize$Typing'.
2024-11-12 13:41:23,001 INFO  MethodCallReplacementClassAdapter - Adding mock interface to class com/fasterxml/jackson/databind/annotation/JsonSerialize$Typing
2024-11-12 13:41:23,002 INFO  CreateClassResetClassAdapter - Found static initializer in class com/fasterxml/jackson/databind/annotation/JsonSerialize$Typing
2024-11-12 13:41:23,002 INFO  EvoClassLoader - Defined package (3): package com.fasterxml.jackson.databind.annotation, 1823830094
2024-11-12 13:41:23,002 INFO  EvoClassLoader - Keeping class: com.fasterxml.jackson.databind.annotation.JsonSerialize$Typing
2024-11-12 13:41:23,002 INFO  EvoClassLoader - Seeing class for first time: com.fasterxml.jackson.annotation.JsonInclude$Value
2024-11-12 13:41:23,002 INFO  EvoClassLoader - Instrumenting class 'com.fasterxml.jackson.annotation.JsonInclude$Value'.
2024-11-12 13:41:23,002 INFO  MethodCallReplacementClassAdapter - Adding mock interface to class com/fasterxml/jackson/annotation/JsonInclude$Value
2024-11-12 13:41:23,003 INFO  CreateClassResetClassAdapter - Found static initializer in class com/fasterxml/jackson/annotation/JsonInclude$Value
2024-11-12 13:41:23,003 INFO  EvoClassLoader - Keeping class: com.fasterxml.jackson.annotation.JsonInclude$Value
2024-11-12 13:41:23,003 INFO  EvoClassLoader - Seeing class for first time: com.fasterxml.jackson.annotation.JsonInclude$Include
2024-11-12 13:41:23,003 INFO  EvoClassLoader - Instrumenting class 'com.fasterxml.jackson.annotation.JsonInclude$Include'.
2024-11-12 13:41:23,003 INFO  MethodCallReplacementClassAdapter - Adding mock interface to class com/fasterxml/jackson/annotation/JsonInclude$Include
2024-11-12 13:41:23,004 INFO  CreateClassResetClassAdapter - Found static initializer in class com/fasterxml/jackson/annotation/JsonInclude$Include
2024-11-12 13:41:23,004 INFO  EvoClassLoader - Keeping class: com.fasterxml.jackson.annotation.JsonInclude$Include
2024-11-12 13:41:23,004 INFO  EvoClassLoader - Seeing class for first time: com.fasterxml.jackson.databind.JsonMappingException
2024-11-12 13:41:23,004 INFO  EvoClassLoader - Instrumenting class 'com.fasterxml.jackson.databind.JsonMappingException'.
2024-11-12 13:41:23,004 INFO  MethodCallReplacementClassAdapter - Adding mock interface to class com/fasterxml/jackson/databind/JsonMappingException
2024-11-12 13:41:23,004 INFO  CreateClassResetClassAdapter - Creating brand-new static initializer in class com/fasterxml/jackson/databind/JsonMappingException
2024-11-12 13:41:23,004 INFO  CreateClassResetClassAdapter - Adding bytecode for initializing field MAX_REFS_TO_LIST
2024-11-12 13:41:23,005 INFO  EvoClassLoader - Keeping class: com.fasterxml.jackson.databind.JsonMappingException
2024-11-12 13:41:23,005 INFO  EvoClassLoader - Seeing class for first time: com.fasterxml.jackson.databind.annotation.JsonPOJOBuilder$Value
2024-11-12 13:41:23,005 INFO  EvoClassLoader - Instrumenting class 'com.fasterxml.jackson.databind.annotation.JsonPOJOBuilder$Value'.
2024-11-12 13:41:23,005 INFO  MethodCallReplacementClassAdapter - Adding mock interface to class com/fasterxml/jackson/databind/annotation/JsonPOJOBuilder$Value
2024-11-12 13:41:23,005 INFO  CreateClassResetClassAdapter - Creating brand-new static initializer in class com/fasterxml/jackson/databind/annotation/JsonPOJOBuilder$Value
2024-11-12 13:41:23,005 INFO  EvoClassLoader - Keeping class: com.fasterxml.jackson.databind.annotation.JsonPOJOBuilder$Value
2024-11-12 13:41:23,005 INFO  EvoClassLoader - Seeing class for first time: com.fasterxml.jackson.annotation.JsonSetter$Value
2024-11-12 13:41:23,005 INFO  EvoClassLoader - Instrumenting class 'com.fasterxml.jackson.annotation.JsonSetter$Value'.
2024-11-12 13:41:23,006 INFO  MethodCallReplacementClassAdapter - Adding mock interface to class com/fasterxml/jackson/annotation/JsonSetter$Value
2024-11-12 13:41:23,006 INFO  CreateClassResetClassAdapter - Found static initializer in class com/fasterxml/jackson/annotation/JsonSetter$Value
2024-11-12 13:41:23,006 INFO  EvoClassLoader - Keeping class: com.fasterxml.jackson.annotation.JsonSetter$Value
2024-11-12 13:41:23,006 INFO  EvoClassLoader - Seeing class for first time: com.fasterxml.jackson.annotation.JsonCreator$Mode
2024-11-12 13:41:23,006 INFO  EvoClassLoader - Instrumenting class 'com.fasterxml.jackson.annotation.JsonCreator$Mode'.
2024-11-12 13:41:23,006 INFO  MethodCallReplacementClassAdapter - Adding mock interface to class com/fasterxml/jackson/annotation/JsonCreator$Mode
2024-11-12 13:41:23,006 INFO  CreateClassResetClassAdapter - Found static initializer in class com/fasterxml/jackson/annotation/JsonCreator$Mode
2024-11-12 13:41:23,006 INFO  EvoClassLoader - Keeping class: com.fasterxml.jackson.annotation.JsonCreator$Mode
2024-11-12 13:41:23,006 INFO  EvoClassLoader - Seeing class for first time: com.fasterxml.jackson.databind.ext.Java7SupportImpl
2024-11-12 13:41:23,006 INFO  EvoClassLoader - Instrumenting class 'com.fasterxml.jackson.databind.ext.Java7SupportImpl'.
2024-11-12 13:41:23,007 INFO  MethodCallReplacementClassAdapter - Adding mock interface to class com/fasterxml/jackson/databind/ext/Java7SupportImpl
2024-11-12 13:41:23,007 INFO  CreateClassResetClassAdapter - Creating brand-new static initializer in class com/fasterxml/jackson/databind/ext/Java7SupportImpl
2024-11-12 13:41:23,007 INFO  EvoClassLoader - Defined package (3): package com.fasterxml.jackson.databind.ext, -1584137758
2024-11-12 13:41:23,007 INFO  EvoClassLoader - Seeing class for first time: com.fasterxml.jackson.databind.ext.Java7Support
2024-11-12 13:41:23,007 INFO  EvoClassLoader - Instrumenting class 'com.fasterxml.jackson.databind.ext.Java7Support'.
2024-11-12 13:41:23,007 INFO  MethodCallReplacementClassAdapter - Adding mock interface to class com/fasterxml/jackson/databind/ext/Java7Support
2024-11-12 13:41:23,007 INFO  CreateClassResetClassAdapter - Found static initializer in class com/fasterxml/jackson/databind/ext/Java7Support
2024-11-12 13:41:23,007 INFO  EvoClassLoader - Keeping class: com.fasterxml.jackson.databind.ext.Java7Support
2024-11-12 13:41:23,007 INFO  EvoClassLoader - Keeping class: com.fasterxml.jackson.databind.ext.Java7SupportImpl
2024-11-12 13:41:23,008 INFO  EvoClassLoader - Seeing class for first time: com.fasterxml.jackson.databind.introspect.AnnotatedParameter
2024-11-12 13:41:23,008 INFO  EvoClassLoader - Instrumenting class 'com.fasterxml.jackson.databind.introspect.AnnotatedParameter'.
2024-11-12 13:41:23,008 INFO  MethodCallReplacementClassAdapter - Adding mock interface to class com/fasterxml/jackson/databind/introspect/AnnotatedParameter
2024-11-12 13:41:23,008 INFO  CreateClassResetClassAdapter - Creating brand-new static initializer in class com/fasterxml/jackson/databind/introspect/AnnotatedParameter
2024-11-12 13:41:23,008 INFO  EvoClassLoader - Keeping class: com.fasterxml.jackson.databind.introspect.AnnotatedParameter
2024-11-12 13:41:23,008 INFO  EvoClassLoader - Seeing class for first time: com.fasterxml.jackson.databind.util.ClassUtil
2024-11-12 13:41:23,008 INFO  EvoClassLoader - Instrumenting class 'com.fasterxml.jackson.databind.util.ClassUtil'.
2024-11-12 13:41:23,009 INFO  MethodCallReplacementClassAdapter - Adding mock interface to class com/fasterxml/jackson/databind/util/ClassUtil
2024-11-12 13:41:23,011 INFO  CreateClassResetClassAdapter - Found static initializer in class com/fasterxml/jackson/databind/util/ClassUtil
2024-11-12 13:41:23,011 INFO  EvoClassLoader - Keeping class: com.fasterxml.jackson.databind.util.ClassUtil
2024-11-12 13:41:23,012 INFO  EvoClassLoader - Seeing class for first time: com.fasterxml.jackson.databind.util.ClassUtil$Ctor
2024-11-12 13:41:23,012 INFO  EvoClassLoader - Instrumenting class 'com.fasterxml.jackson.databind.util.ClassUtil$Ctor'.
2024-11-12 13:41:23,012 INFO  MethodCallReplacementClassAdapter - Adding mock interface to class com/fasterxml/jackson/databind/util/ClassUtil$Ctor
2024-11-12 13:41:23,012 INFO  CreateClassResetClassAdapter - Creating brand-new static initializer in class com/fasterxml/jackson/databind/util/ClassUtil$Ctor
2024-11-12 13:41:23,012 INFO  EvoClassLoader - Keeping class: com.fasterxml.jackson.databind.util.ClassUtil$Ctor
2024-11-12 13:41:23,013 INFO  EvoClassLoader - Seeing class for first time: com.fasterxml.jackson.databind.util.Named
2024-11-12 13:41:23,013 INFO  EvoClassLoader - Instrumenting class 'com.fasterxml.jackson.databind.util.Named'.
2024-11-12 13:41:23,013 INFO  EvoClassLoader - Keeping class: com.fasterxml.jackson.databind.util.Named
2024-11-12 13:41:23,013 INFO  EvoClassLoader - Seeing class for first time: com.fasterxml.jackson.databind.DeserializationContext
2024-11-12 13:41:23,013 INFO  EvoClassLoader - Instrumenting class 'com.fasterxml.jackson.databind.DeserializationContext'.
2024-11-12 13:41:23,013 INFO  MethodCallReplacementClassAdapter - Adding mock interface to class com/fasterxml/jackson/databind/DeserializationContext
2024-11-12 13:41:23,016 INFO  CreateClassResetClassAdapter - Creating brand-new static initializer in class com/fasterxml/jackson/databind/DeserializationContext
2024-11-12 13:41:23,017 INFO  EvoClassLoader - Seeing class for first time: com.fasterxml.jackson.databind.DatabindContext
2024-11-12 13:41:23,017 INFO  EvoClassLoader - Instrumenting class 'com.fasterxml.jackson.databind.DatabindContext'.
2024-11-12 13:41:23,017 INFO  MethodCallReplacementClassAdapter - Adding mock interface to class com/fasterxml/jackson/databind/DatabindContext
2024-11-12 13:41:23,019 INFO  CreateClassResetClassAdapter - Creating brand-new static initializer in class com/fasterxml/jackson/databind/DatabindContext
2024-11-12 13:41:23,019 INFO  CreateClassResetClassAdapter - Adding bytecode for initializing field MAX_ERROR_STR_LEN
2024-11-12 13:41:23,019 INFO  EvoClassLoader - Keeping class: com.fasterxml.jackson.databind.DatabindContext
2024-11-12 13:41:23,019 INFO  EvoClassLoader - Keeping class: com.fasterxml.jackson.databind.DeserializationContext
2024-11-12 13:41:23,020 INFO  EvoClassLoader - Seeing class for first time: com.fasterxml.jackson.databind.introspect.JacksonAnnotationIntrospector
2024-11-12 13:41:23,020 INFO  EvoClassLoader - Instrumenting class 'com.fasterxml.jackson.databind.introspect.JacksonAnnotationIntrospector'.
2024-11-12 13:41:23,021 INFO  MethodCallReplacementClassAdapter - Adding mock interface to class com/fasterxml/jackson/databind/introspect/JacksonAnnotationIntrospector
2024-11-12 13:41:23,024 INFO  CreateClassResetClassAdapter - Found static initializer in class com/fasterxml/jackson/databind/introspect/JacksonAnnotationIntrospector
2024-11-12 13:41:23,025 INFO  EvoClassLoader - Keeping class: com.fasterxml.jackson.databind.introspect.JacksonAnnotationIntrospector
2024-11-12 13:41:23,026 INFO  EvoClassLoader - Seeing class for first time: com.fasterxml.jackson.databind.type.MapLikeType
2024-11-12 13:41:23,026 INFO  EvoClassLoader - Instrumenting class 'com.fasterxml.jackson.databind.type.MapLikeType'.
2024-11-12 13:41:23,026 INFO  MethodCallReplacementClassAdapter - Adding mock interface to class com/fasterxml/jackson/databind/type/MapLikeType
2024-11-12 13:41:23,028 INFO  CreateClassResetClassAdapter - Creating brand-new static initializer in class com/fasterxml/jackson/databind/type/MapLikeType
2024-11-12 13:41:23,028 INFO  EvoClassLoader - Defined package (3): package com.fasterxml.jackson.databind.type, -1863182439
2024-11-12 13:41:23,028 INFO  EvoClassLoader - Seeing class for first time: com.fasterxml.jackson.databind.type.TypeBase
2024-11-12 13:41:23,028 INFO  EvoClassLoader - Instrumenting class 'com.fasterxml.jackson.databind.type.TypeBase'.
2024-11-12 13:41:23,029 INFO  MethodCallReplacementClassAdapter - Adding mock interface to class com/fasterxml/jackson/databind/type/TypeBase
2024-11-12 13:41:23,029 INFO  CreateClassResetClassAdapter - Found static initializer in class com/fasterxml/jackson/databind/type/TypeBase
2024-11-12 13:41:23,029 INFO  EvoClassLoader - Seeing class for first time: com.fasterxml.jackson.databind.JsonSerializable
2024-11-12 13:41:23,029 INFO  EvoClassLoader - Instrumenting class 'com.fasterxml.jackson.databind.JsonSerializable'.
2024-11-12 13:41:23,030 INFO  EvoClassLoader - Keeping class: com.fasterxml.jackson.databind.JsonSerializable
2024-11-12 13:41:23,030 INFO  EvoClassLoader - Keeping class: com.fasterxml.jackson.databind.type.TypeBase
2024-11-12 13:41:23,030 INFO  EvoClassLoader - Keeping class: com.fasterxml.jackson.databind.type.MapLikeType
2024-11-12 13:41:23,030 INFO  EvoClassLoader - Seeing class for first time: com.fasterxml.jackson.databind.introspect.VirtualAnnotatedMember
2024-11-12 13:41:23,030 INFO  EvoClassLoader - Instrumenting class 'com.fasterxml.jackson.databind.introspect.VirtualAnnotatedMember'.
2024-11-12 13:41:23,030 INFO  MethodCallReplacementClassAdapter - Adding mock interface to class com/fasterxml/jackson/databind/introspect/VirtualAnnotatedMember
2024-11-12 13:41:23,031 INFO  CreateClassResetClassAdapter - Creating brand-new static initializer in class com/fasterxml/jackson/databind/introspect/VirtualAnnotatedMember
2024-11-12 13:41:23,031 INFO  EvoClassLoader - Keeping class: com.fasterxml.jackson.databind.introspect.VirtualAnnotatedMember
2024-11-12 13:41:23,031 INFO  EvoClassLoader - Seeing class for first time: com.fasterxml.jackson.databind.introspect.BeanPropertyDefinition
2024-11-12 13:41:23,031 INFO  EvoClassLoader - Instrumenting class 'com.fasterxml.jackson.databind.introspect.BeanPropertyDefinition'.
2024-11-12 13:41:23,031 INFO  MethodCallReplacementClassAdapter - Adding mock interface to class com/fasterxml/jackson/databind/introspect/BeanPropertyDefinition
2024-11-12 13:41:23,035 INFO  CreateClassResetClassAdapter - Found static initializer in class com/fasterxml/jackson/databind/introspect/BeanPropertyDefinition
2024-11-12 13:41:23,035 INFO  EvoClassLoader - Keeping class: com.fasterxml.jackson.databind.introspect.BeanPropertyDefinition
2024-11-12 13:41:23,035 INFO  EvoClassLoader - Seeing class for first time: com.fasterxml.jackson.databind.util.SimpleBeanPropertyDefinition
2024-11-12 13:41:23,035 INFO  EvoClassLoader - Instrumenting class 'com.fasterxml.jackson.databind.util.SimpleBeanPropertyDefinition'.
2024-11-12 13:41:23,036 INFO  MethodCallReplacementClassAdapter - Adding mock interface to class com/fasterxml/jackson/databind/util/SimpleBeanPropertyDefinition
2024-11-12 13:41:23,036 INFO  CreateClassResetClassAdapter - Creating brand-new static initializer in class com/fasterxml/jackson/databind/util/SimpleBeanPropertyDefinition
2024-11-12 13:41:23,036 INFO  EvoClassLoader - Keeping class: com.fasterxml.jackson.databind.util.SimpleBeanPropertyDefinition
2024-11-12 13:41:23,036 INFO  EvoClassLoader - Seeing class for first time: com.fasterxml.jackson.databind.ser.BeanPropertyWriter
2024-11-12 13:41:23,036 INFO  EvoClassLoader - Instrumenting class 'com.fasterxml.jackson.databind.ser.BeanPropertyWriter'.
2024-11-12 13:41:23,037 INFO  MethodCallReplacementClassAdapter - Adding mock interface to class com/fasterxml/jackson/databind/ser/BeanPropertyWriter
2024-11-12 13:41:23,039 INFO  CreateClassResetClassAdapter - Found static initializer in class com/fasterxml/jackson/databind/ser/BeanPropertyWriter
2024-11-12 13:41:23,039 INFO  EvoClassLoader - Defined package (3): package com.fasterxml.jackson.databind.ser, -1584124895
2024-11-12 13:41:23,039 INFO  EvoClassLoader - Seeing class for first time: com.fasterxml.jackson.databind.ser.PropertyWriter
2024-11-12 13:41:23,039 INFO  EvoClassLoader - Instrumenting class 'com.fasterxml.jackson.databind.ser.PropertyWriter'.
2024-11-12 13:41:23,040 INFO  MethodCallReplacementClassAdapter - Adding mock interface to class com/fasterxml/jackson/databind/ser/PropertyWriter
2024-11-12 13:41:23,040 INFO  CreateClassResetClassAdapter - Creating brand-new static initializer in class com/fasterxml/jackson/databind/ser/PropertyWriter
2024-11-12 13:41:23,040 INFO  EvoClassLoader - Seeing class for first time: com.fasterxml.jackson.databind.introspect.ConcreteBeanPropertyBase
2024-11-12 13:41:23,040 INFO  EvoClassLoader - Instrumenting class 'com.fasterxml.jackson.databind.introspect.ConcreteBeanPropertyBase'.
2024-11-12 13:41:23,040 INFO  MethodCallReplacementClassAdapter - Adding mock interface to class com/fasterxml/jackson/databind/introspect/ConcreteBeanPropertyBase
2024-11-12 13:41:23,040 INFO  CreateClassResetClassAdapter - Creating brand-new static initializer in class com/fasterxml/jackson/databind/introspect/ConcreteBeanPropertyBase
2024-11-12 13:41:23,041 INFO  EvoClassLoader - Seeing class for first time: com.fasterxml.jackson.databind.BeanProperty
2024-11-12 13:41:23,041 INFO  EvoClassLoader - Instrumenting class 'com.fasterxml.jackson.databind.BeanProperty'.
2024-11-12 13:41:23,041 INFO  EvoClassLoader - Keeping class: com.fasterxml.jackson.databind.BeanProperty
2024-11-12 13:41:23,041 INFO  EvoClassLoader - Keeping class: com.fasterxml.jackson.databind.introspect.ConcreteBeanPropertyBase
2024-11-12 13:41:23,041 INFO  EvoClassLoader - Keeping class: com.fasterxml.jackson.databind.ser.PropertyWriter
2024-11-12 13:41:23,041 INFO  EvoClassLoader - Keeping class: com.fasterxml.jackson.databind.ser.BeanPropertyWriter
2024-11-12 13:41:23,041 INFO  EvoClassLoader - Seeing class for first time: com.fasterxml.jackson.databind.ser.impl.AttributePropertyWriter
2024-11-12 13:41:23,041 INFO  EvoClassLoader - Instrumenting class 'com.fasterxml.jackson.databind.ser.impl.AttributePropertyWriter'.
2024-11-12 13:41:23,041 INFO  MethodCallReplacementClassAdapter - Adding mock interface to class com/fasterxml/jackson/databind/ser/impl/AttributePropertyWriter
2024-11-12 13:41:23,042 INFO  CreateClassResetClassAdapter - Creating brand-new static initializer in class com/fasterxml/jackson/databind/ser/impl/AttributePropertyWriter
2024-11-12 13:41:23,042 INFO  EvoClassLoader - Defined package (3): package com.fasterxml.jackson.databind.ser.impl, -1959732275
2024-11-12 13:41:23,042 INFO  EvoClassLoader - Seeing class for first time: com.fasterxml.jackson.databind.ser.VirtualBeanPropertyWriter
2024-11-12 13:41:23,042 INFO  EvoClassLoader - Instrumenting class 'com.fasterxml.jackson.databind.ser.VirtualBeanPropertyWriter'.
2024-11-12 13:41:23,042 INFO  MethodCallReplacementClassAdapter - Adding mock interface to class com/fasterxml/jackson/databind/ser/VirtualBeanPropertyWriter
2024-11-12 13:41:23,042 INFO  CreateClassResetClassAdapter - Creating brand-new static initializer in class com/fasterxml/jackson/databind/ser/VirtualBeanPropertyWriter
2024-11-12 13:41:23,042 INFO  EvoClassLoader - Keeping class: com.fasterxml.jackson.databind.ser.VirtualBeanPropertyWriter
2024-11-12 13:41:23,042 INFO  EvoClassLoader - Keeping class: com.fasterxml.jackson.databind.ser.impl.AttributePropertyWriter
2024-11-12 13:41:23,043 INFO  EvoClassLoader - Seeing class for first time: com.fasterxml.jackson.databind.annotation.JsonAppend$Attr
2024-11-12 13:41:23,043 INFO  EvoClassLoader - Instrumenting class 'com.fasterxml.jackson.databind.annotation.JsonAppend$Attr'.
2024-11-12 13:41:23,043 INFO  EvoClassLoader - Keeping class: com.fasterxml.jackson.databind.annotation.JsonAppend$Attr
2024-11-12 13:41:23,043 INFO  EvoClassLoader - Seeing class for first time: com.fasterxml.jackson.databind.annotation.JsonAppend$Prop
2024-11-12 13:41:23,043 INFO  EvoClassLoader - Instrumenting class 'com.fasterxml.jackson.databind.annotation.JsonAppend$Prop'.
2024-11-12 13:41:23,043 INFO  EvoClassLoader - Keeping class: com.fasterxml.jackson.databind.annotation.JsonAppend$Prop
2024-11-12 13:41:23,043 INFO  EvoClassLoader - Seeing class for first time: com.fasterxml.jackson.databind.jsontype.impl.StdTypeResolverBuilder
2024-11-12 13:41:23,043 INFO  EvoClassLoader - Instrumenting class 'com.fasterxml.jackson.databind.jsontype.impl.StdTypeResolverBuilder'.
2024-11-12 13:41:23,043 INFO  MethodCallReplacementClassAdapter - Adding mock interface to class com/fasterxml/jackson/databind/jsontype/impl/StdTypeResolverBuilder
2024-11-12 13:41:23,044 INFO  CreateClassResetClassAdapter - Creating brand-new static initializer in class com/fasterxml/jackson/databind/jsontype/impl/StdTypeResolverBuilder
2024-11-12 13:41:23,044 INFO  EvoClassLoader - Defined package (3): package com.fasterxml.jackson.databind.jsontype.impl, -1761473811
2024-11-12 13:41:23,045 INFO  EvoClassLoader - Keeping class: com.fasterxml.jackson.databind.jsontype.impl.StdTypeResolverBuilder
2024-11-12 13:41:23,045 INFO  EvoClassLoader - Seeing class for first time: com.fasterxml.jackson.databind.annotation.JsonSerialize
2024-11-12 13:41:23,045 INFO  EvoClassLoader - Instrumenting class 'com.fasterxml.jackson.databind.annotation.JsonSerialize'.
2024-11-12 13:41:23,045 INFO  EvoClassLoader - Keeping class: com.fasterxml.jackson.databind.annotation.JsonSerialize
2024-11-12 13:41:23,045 INFO  EvoClassLoader - Seeing class for first time: com.fasterxml.jackson.annotation.JsonView
2024-11-12 13:41:23,045 INFO  EvoClassLoader - Instrumenting class 'com.fasterxml.jackson.annotation.JsonView'.
2024-11-12 13:41:23,046 INFO  EvoClassLoader - Keeping class: com.fasterxml.jackson.annotation.JsonView
2024-11-12 13:41:23,046 INFO  EvoClassLoader - Seeing class for first time: com.fasterxml.jackson.annotation.JsonFormat
2024-11-12 13:41:23,046 INFO  EvoClassLoader - Instrumenting class 'com.fasterxml.jackson.annotation.JsonFormat'.
2024-11-12 13:41:23,046 INFO  EvoClassLoader - Keeping class: com.fasterxml.jackson.annotation.JsonFormat
2024-11-12 13:41:23,046 INFO  EvoClassLoader - Seeing class for first time: com.fasterxml.jackson.annotation.JsonTypeInfo
2024-11-12 13:41:23,046 INFO  EvoClassLoader - Instrumenting class 'com.fasterxml.jackson.annotation.JsonTypeInfo'.
2024-11-12 13:41:23,046 INFO  EvoClassLoader - Keeping class: com.fasterxml.jackson.annotation.JsonTypeInfo
2024-11-12 13:41:23,046 INFO  EvoClassLoader - Seeing class for first time: com.fasterxml.jackson.annotation.JsonRawValue
2024-11-12 13:41:23,046 INFO  EvoClassLoader - Instrumenting class 'com.fasterxml.jackson.annotation.JsonRawValue'.
2024-11-12 13:41:23,046 INFO  EvoClassLoader - Keeping class: com.fasterxml.jackson.annotation.JsonRawValue
2024-11-12 13:41:23,046 INFO  EvoClassLoader - Seeing class for first time: com.fasterxml.jackson.annotation.JsonUnwrapped
2024-11-12 13:41:23,046 INFO  EvoClassLoader - Instrumenting class 'com.fasterxml.jackson.annotation.JsonUnwrapped'.
2024-11-12 13:41:23,047 INFO  EvoClassLoader - Keeping class: com.fasterxml.jackson.annotation.JsonUnwrapped
2024-11-12 13:41:23,047 INFO  EvoClassLoader - Seeing class for first time: com.fasterxml.jackson.annotation.JsonBackReference
2024-11-12 13:41:23,047 INFO  EvoClassLoader - Instrumenting class 'com.fasterxml.jackson.annotation.JsonBackReference'.
2024-11-12 13:41:23,047 INFO  EvoClassLoader - Keeping class: com.fasterxml.jackson.annotation.JsonBackReference
2024-11-12 13:41:23,047 INFO  EvoClassLoader - Seeing class for first time: com.fasterxml.jackson.annotation.JsonManagedReference
2024-11-12 13:41:23,047 INFO  EvoClassLoader - Instrumenting class 'com.fasterxml.jackson.annotation.JsonManagedReference'.
2024-11-12 13:41:23,047 INFO  EvoClassLoader - Keeping class: com.fasterxml.jackson.annotation.JsonManagedReference
2024-11-12 13:41:23,047 INFO  EvoClassLoader - Seeing class for first time: com.fasterxml.jackson.databind.annotation.JsonDeserialize
2024-11-12 13:41:23,047 INFO  EvoClassLoader - Instrumenting class 'com.fasterxml.jackson.databind.annotation.JsonDeserialize'.
2024-11-12 13:41:23,047 INFO  EvoClassLoader - Keeping class: com.fasterxml.jackson.databind.annotation.JsonDeserialize
2024-11-12 13:41:23,047 INFO  EvoClassLoader - Seeing class for first time: com.fasterxml.jackson.annotation.JsonMerge
2024-11-12 13:41:23,047 INFO  EvoClassLoader - Instrumenting class 'com.fasterxml.jackson.annotation.JsonMerge'.
2024-11-12 13:41:23,047 INFO  EvoClassLoader - Keeping class: com.fasterxml.jackson.annotation.JsonMerge
2024-11-12 13:41:23,047 INFO  EvoClassLoader - Seeing class for first time: com.fasterxml.jackson.databind.util.LRUMap
2024-11-12 13:41:23,047 INFO  EvoClassLoader - Instrumenting class 'com.fasterxml.jackson.databind.util.LRUMap'.
2024-11-12 13:41:23,047 INFO  MethodCallReplacementClassAdapter - Adding mock interface to class com/fasterxml/jackson/databind/util/LRUMap
2024-11-12 13:41:23,048 INFO  CreateClassResetClassAdapter - Creating brand-new static initializer in class com/fasterxml/jackson/databind/util/LRUMap
2024-11-12 13:41:23,048 INFO  EvoClassLoader - Seeing class for first time: com.fasterxml.jackson.databind.util.LookupCache
2024-11-12 13:41:23,048 INFO  EvoClassLoader - Instrumenting class 'com.fasterxml.jackson.databind.util.LookupCache'.
2024-11-12 13:41:23,048 INFO  EvoClassLoader - Keeping class: com.fasterxml.jackson.databind.util.LookupCache
2024-11-12 13:41:23,048 INFO  EvoClassLoader - Keeping class: com.fasterxml.jackson.databind.util.LRUMap
2024-11-12 13:41:23,048 INFO  EvoClassLoader - Seeing class for first time: com.fasterxml.jackson.databind.cfg.BaseSettings
2024-11-12 13:41:23,048 INFO  EvoClassLoader - Instrumenting class 'com.fasterxml.jackson.databind.cfg.BaseSettings'.
2024-11-12 13:41:23,048 INFO  MethodCallReplacementClassAdapter - Adding mock interface to class com/fasterxml/jackson/databind/cfg/BaseSettings
2024-11-12 13:41:23,049 INFO  CreateClassResetClassAdapter - Found static initializer in class com/fasterxml/jackson/databind/cfg/BaseSettings
2024-11-12 13:41:23,049 INFO  EvoClassLoader - Keeping class: com.fasterxml.jackson.databind.cfg.BaseSettings
2024-11-12 13:41:23,049 INFO  EvoClassLoader - Seeing class for first time: com.fasterxml.jackson.databind.introspect.AccessorNamingStrategy$Provider
2024-11-12 13:41:23,049 INFO  EvoClassLoader - Instrumenting class 'com.fasterxml.jackson.databind.introspect.AccessorNamingStrategy$Provider'.
2024-11-12 13:41:23,049 INFO  MethodCallReplacementClassAdapter - Adding mock interface to class com/fasterxml/jackson/databind/introspect/AccessorNamingStrategy$Provider
2024-11-12 13:41:23,049 INFO  CreateClassResetClassAdapter - Creating brand-new static initializer in class com/fasterxml/jackson/databind/introspect/AccessorNamingStrategy$Provider
2024-11-12 13:41:23,049 INFO  EvoClassLoader - Keeping class: com.fasterxml.jackson.databind.introspect.AccessorNamingStrategy$Provider
2024-11-12 13:41:23,049 INFO  EvoClassLoader - Seeing class for first time: com.fasterxml.jackson.databind.introspect.DefaultAccessorNamingStrategy$Provider
2024-11-12 13:41:23,049 INFO  EvoClassLoader - Instrumenting class 'com.fasterxml.jackson.databind.introspect.DefaultAccessorNamingStrategy$Provider'.
2024-11-12 13:41:23,050 INFO  MethodCallReplacementClassAdapter - Adding mock interface to class com/fasterxml/jackson/databind/introspect/DefaultAccessorNamingStrategy$Provider
2024-11-12 13:41:23,050 INFO  CreateClassResetClassAdapter - Creating brand-new static initializer in class com/fasterxml/jackson/databind/introspect/DefaultAccessorNamingStrategy$Provider
2024-11-12 13:41:23,051 INFO  EvoClassLoader - Keeping class: com.fasterxml.jackson.databind.introspect.DefaultAccessorNamingStrategy$Provider
2024-11-12 13:41:23,051 INFO  EvoClassLoader - Seeing class for first time: com.fasterxml.jackson.databind.util.StdDateFormat
2024-11-12 13:41:23,051 INFO  EvoClassLoader - Instrumenting class 'com.fasterxml.jackson.databind.util.StdDateFormat'.
2024-11-12 13:41:23,051 INFO  MethodCallReplacementClassAdapter - Adding mock interface to class com/fasterxml/jackson/databind/util/StdDateFormat
2024-11-12 13:41:23,052 INFO  CreateClassResetClassAdapter - Found static initializer in class com/fasterxml/jackson/databind/util/StdDateFormat
2024-11-12 13:41:23,054 INFO  EvoClassLoader - Keeping class: com.fasterxml.jackson.databind.util.StdDateFormat
2024-11-12 13:41:23,054 INFO  EvoClassLoader - Seeing class for first time: com.fasterxml.jackson.databind.jsontype.PolymorphicTypeValidator
2024-11-12 13:41:23,054 INFO  EvoClassLoader - Instrumenting class 'com.fasterxml.jackson.databind.jsontype.PolymorphicTypeValidator'.
2024-11-12 13:41:23,054 INFO  MethodCallReplacementClassAdapter - Adding mock interface to class com/fasterxml/jackson/databind/jsontype/PolymorphicTypeValidator
2024-11-12 13:41:23,054 INFO  CreateClassResetClassAdapter - Creating brand-new static initializer in class com/fasterxml/jackson/databind/jsontype/PolymorphicTypeValidator
2024-11-12 13:41:23,054 INFO  EvoClassLoader - Keeping class: com.fasterxml.jackson.databind.jsontype.PolymorphicTypeValidator
2024-11-12 13:41:23,054 INFO  EvoClassLoader - Seeing class for first time: com.fasterxml.jackson.core.Base64Variant
2024-11-12 13:41:23,054 INFO  EvoClassLoader - Instrumenting class 'com.fasterxml.jackson.core.Base64Variant'.
2024-11-12 13:41:23,055 INFO  MethodCallReplacementClassAdapter - Adding mock interface to class com/fasterxml/jackson/core/Base64Variant
2024-11-12 13:41:23,056 INFO  CreateClassResetClassAdapter - Creating brand-new static initializer in class com/fasterxml/jackson/core/Base64Variant
2024-11-12 13:41:23,056 INFO  CreateClassResetClassAdapter - Adding bytecode for initializing field INT_SPACE
2024-11-12 13:41:23,056 INFO  CreateClassResetClassAdapter - Adding bytecode for initializing field PADDING_CHAR_NONE
2024-11-12 13:41:23,056 INFO  CreateClassResetClassAdapter - Adding bytecode for initializing field BASE64_VALUE_INVALID
2024-11-12 13:41:23,056 INFO  CreateClassResetClassAdapter - Adding bytecode for initializing field BASE64_VALUE_PADDING
2024-11-12 13:41:23,056 INFO  EvoClassLoader - Keeping class: com.fasterxml.jackson.core.Base64Variant
2024-11-12 13:41:23,056 INFO  EvoClassLoader - Seeing class for first time: com.fasterxml.jackson.databind.introspect.ClassIntrospector
2024-11-12 13:41:23,056 INFO  EvoClassLoader - Instrumenting class 'com.fasterxml.jackson.databind.introspect.ClassIntrospector'.
2024-11-12 13:41:23,056 INFO  MethodCallReplacementClassAdapter - Adding mock interface to class com/fasterxml/jackson/databind/introspect/ClassIntrospector
2024-11-12 13:41:23,056 INFO  CreateClassResetClassAdapter - Creating brand-new static initializer in class com/fasterxml/jackson/databind/introspect/ClassIntrospector
2024-11-12 13:41:23,056 INFO  EvoClassLoader - Keeping class: com.fasterxml.jackson.databind.introspect.ClassIntrospector
2024-11-12 13:41:23,056 INFO  EvoClassLoader - Seeing class for first time: com.fasterxml.jackson.databind.PropertyNamingStrategy
2024-11-12 13:41:23,056 INFO  EvoClassLoader - Instrumenting class 'com.fasterxml.jackson.databind.PropertyNamingStrategy'.
2024-11-12 13:41:23,057 INFO  MethodCallReplacementClassAdapter - Adding mock interface to class com/fasterxml/jackson/databind/PropertyNamingStrategy
2024-11-12 13:41:23,057 INFO  CreateClassResetClassAdapter - Found static initializer in class com/fasterxml/jackson/databind/PropertyNamingStrategy
2024-11-12 13:41:23,057 INFO  EvoClassLoader - Keeping class: com.fasterxml.jackson.databind.PropertyNamingStrategy
2024-11-12 13:41:23,057 INFO  EvoClassLoader - Seeing class for first time: com.fasterxml.jackson.databind.cfg.HandlerInstantiator
2024-11-12 13:41:23,057 INFO  EvoClassLoader - Instrumenting class 'com.fasterxml.jackson.databind.cfg.HandlerInstantiator'.
2024-11-12 13:41:23,057 INFO  MethodCallReplacementClassAdapter - Adding mock interface to class com/fasterxml/jackson/databind/cfg/HandlerInstantiator
2024-11-12 13:41:23,058 INFO  CreateClassResetClassAdapter - Creating brand-new static initializer in class com/fasterxml/jackson/databind/cfg/HandlerInstantiator
2024-11-12 13:41:23,058 INFO  EvoClassLoader - Keeping class: com.fasterxml.jackson.databind.cfg.HandlerInstantiator
2024-11-12 13:41:23,058 INFO  EvoClassLoader - Seeing class for first time: com.fasterxml.jackson.databind.type.TypeFactory
2024-11-12 13:41:23,058 INFO  EvoClassLoader - Instrumenting class 'com.fasterxml.jackson.databind.type.TypeFactory'.
2024-11-12 13:41:23,058 INFO  MethodCallReplacementClassAdapter - Adding mock interface to class com/fasterxml/jackson/databind/type/TypeFactory
2024-11-12 13:41:23,062 INFO  CreateClassResetClassAdapter - Found static initializer in class com/fasterxml/jackson/databind/type/TypeFactory
2024-11-12 13:41:23,063 INFO  EvoClassLoader - Keeping class: com.fasterxml.jackson.databind.type.TypeFactory
2024-11-12 13:41:23,063 INFO  EvoClassLoader - Seeing class for first time: com.fasterxml.jackson.databind.type.TypeParser
2024-11-12 13:41:23,064 INFO  EvoClassLoader - Instrumenting class 'com.fasterxml.jackson.databind.type.TypeParser'.
2024-11-12 13:41:23,064 INFO  MethodCallReplacementClassAdapter - Adding mock interface to class com/fasterxml/jackson/databind/type/TypeParser
2024-11-12 13:41:23,066 INFO  CreateClassResetClassAdapter - Creating brand-new static initializer in class com/fasterxml/jackson/databind/type/TypeParser
2024-11-12 13:41:23,067 INFO  EvoClassLoader - Keeping class: com.fasterxml.jackson.databind.type.TypeParser
2024-11-12 13:41:23,067 INFO  EvoClassLoader - Seeing class for first time: com.fasterxml.jackson.databind.type.TypeParser$MyTokenizer
2024-11-12 13:41:23,067 INFO  EvoClassLoader - Instrumenting class 'com.fasterxml.jackson.databind.type.TypeParser$MyTokenizer'.
2024-11-12 13:41:23,067 INFO  MethodCallReplacementClassAdapter - Adding mock interface to class com/fasterxml/jackson/databind/type/TypeParser$MyTokenizer
2024-11-12 13:41:23,067 INFO  CreateClassResetClassAdapter - Creating brand-new static initializer in class com/fasterxml/jackson/databind/type/TypeParser$MyTokenizer
2024-11-12 13:41:23,067 INFO  EvoClassLoader - Keeping class: com.fasterxml.jackson.databind.type.TypeParser$MyTokenizer
2024-11-12 13:41:23,068 INFO  EvoClassLoader - Seeing class for first time: com.fasterxml.jackson.databind.type.TypeBindings
2024-11-12 13:41:23,068 INFO  EvoClassLoader - Instrumenting class 'com.fasterxml.jackson.databind.type.TypeBindings'.
2024-11-12 13:41:23,068 INFO  MethodCallReplacementClassAdapter - Adding mock interface to class com/fasterxml/jackson/databind/type/TypeBindings
2024-11-12 13:41:23,069 INFO  CreateClassResetClassAdapter - Found static initializer in class com/fasterxml/jackson/databind/type/TypeBindings
2024-11-12 13:41:23,069 INFO  EvoClassLoader - Keeping class: com.fasterxml.jackson.databind.type.TypeBindings
2024-11-12 13:41:23,069 INFO  EvoClassLoader - Seeing class for first time: com.fasterxml.jackson.databind.SerializerProvider
2024-11-12 13:41:23,069 INFO  EvoClassLoader - Instrumenting class 'com.fasterxml.jackson.databind.SerializerProvider'.
2024-11-12 13:41:23,070 INFO  MethodCallReplacementClassAdapter - Adding mock interface to class com/fasterxml/jackson/databind/SerializerProvider
2024-11-12 13:41:23,072 INFO  CreateClassResetClassAdapter - Found static initializer in class com/fasterxml/jackson/databind/SerializerProvider
2024-11-12 13:41:23,072 INFO  EvoClassLoader - Keeping class: com.fasterxml.jackson.databind.SerializerProvider
2024-11-12 13:41:23,072 INFO  EvoClassLoader - Seeing class for first time: com.fasterxml.jackson.databind.jsontype.TypeSerializer
2024-11-12 13:41:23,072 INFO  EvoClassLoader - Instrumenting class 'com.fasterxml.jackson.databind.jsontype.TypeSerializer'.
2024-11-12 13:41:23,073 INFO  MethodCallReplacementClassAdapter - Adding mock interface to class com/fasterxml/jackson/databind/jsontype/TypeSerializer
2024-11-12 13:41:23,073 INFO  CreateClassResetClassAdapter - Creating brand-new static initializer in class com/fasterxml/jackson/databind/jsontype/TypeSerializer
2024-11-12 13:41:23,073 INFO  EvoClassLoader - Keeping class: com.fasterxml.jackson.databind.jsontype.TypeSerializer
2024-11-12 13:41:23,073 INFO  EvoClassLoader - Seeing class for first time: com.fasterxml.jackson.databind.type.SimpleType
2024-11-12 13:41:23,073 INFO  EvoClassLoader - Instrumenting class 'com.fasterxml.jackson.databind.type.SimpleType'.
2024-11-12 13:41:23,073 INFO  MethodCallReplacementClassAdapter - Adding mock interface to class com/fasterxml/jackson/databind/type/SimpleType
2024-11-12 13:41:23,074 INFO  CreateClassResetClassAdapter - Creating brand-new static initializer in class com/fasterxml/jackson/databind/type/SimpleType
2024-11-12 13:41:23,074 INFO  EvoClassLoader - Keeping class: com.fasterxml.jackson.databind.type.SimpleType
2024-11-12 13:41:23,075 INFO  EvoClassLoader - Seeing class for first time: com.fasterxml.jackson.databind.type.ResolvedRecursiveType
2024-11-12 13:41:23,075 INFO  EvoClassLoader - Instrumenting class 'com.fasterxml.jackson.databind.type.ResolvedRecursiveType'.
2024-11-12 13:41:23,075 INFO  MethodCallReplacementClassAdapter - Adding mock interface to class com/fasterxml/jackson/databind/type/ResolvedRecursiveType
2024-11-12 13:41:23,075 INFO  CreateClassResetClassAdapter - Creating brand-new static initializer in class com/fasterxml/jackson/databind/type/ResolvedRecursiveType
2024-11-12 13:41:23,076 INFO  EvoClassLoader - Keeping class: com.fasterxml.jackson.databind.type.ResolvedRecursiveType
2024-11-12 13:41:23,076 INFO  EvoClassLoader - Seeing class for first time: com.fasterxml.jackson.databind.type.ArrayType
2024-11-12 13:41:23,076 INFO  EvoClassLoader - Instrumenting class 'com.fasterxml.jackson.databind.type.ArrayType'.
2024-11-12 13:41:23,076 INFO  MethodCallReplacementClassAdapter - Adding mock interface to class com/fasterxml/jackson/databind/type/ArrayType
2024-11-12 13:41:23,076 INFO  CreateClassResetClassAdapter - Creating brand-new static initializer in class com/fasterxml/jackson/databind/type/ArrayType
2024-11-12 13:41:23,076 INFO  EvoClassLoader - Keeping class: com.fasterxml.jackson.databind.type.ArrayType
2024-11-12 13:41:23,076 INFO  EvoClassLoader - Seeing class for first time: com.fasterxml.jackson.databind.type.MapType
2024-11-12 13:41:23,076 INFO  EvoClassLoader - Instrumenting class 'com.fasterxml.jackson.databind.type.MapType'.
2024-11-12 13:41:23,077 INFO  MethodCallReplacementClassAdapter - Adding mock interface to class com/fasterxml/jackson/databind/type/MapType
2024-11-12 13:41:23,077 INFO  CreateClassResetClassAdapter - Creating brand-new static initializer in class com/fasterxml/jackson/databind/type/MapType
2024-11-12 13:41:23,077 INFO  EvoClassLoader - Keeping class: com.fasterxml.jackson.databind.type.MapType
2024-11-12 13:41:23,077 INFO  EvoClassLoader - Seeing class for first time: com.fasterxml.jackson.databind.type.PlaceholderForType
2024-11-12 13:41:23,077 INFO  EvoClassLoader - Instrumenting class 'com.fasterxml.jackson.databind.type.PlaceholderForType'.
2024-11-12 13:41:23,077 INFO  MethodCallReplacementClassAdapter - Adding mock interface to class com/fasterxml/jackson/databind/type/PlaceholderForType
2024-11-12 13:41:23,077 INFO  CreateClassResetClassAdapter - Creating brand-new static initializer in class com/fasterxml/jackson/databind/type/PlaceholderForType
2024-11-12 13:41:23,077 INFO  EvoClassLoader - Keeping class: com.fasterxml.jackson.databind.type.PlaceholderForType
2024-11-12 13:41:23,077 INFO  EvoClassLoader - Seeing class for first time: com.fasterxml.jackson.databind.type.ReferenceType
2024-11-12 13:41:23,077 INFO  EvoClassLoader - Instrumenting class 'com.fasterxml.jackson.databind.type.ReferenceType'.
2024-11-12 13:41:23,078 INFO  MethodCallReplacementClassAdapter - Adding mock interface to class com/fasterxml/jackson/databind/type/ReferenceType
2024-11-12 13:41:23,079 INFO  CreateClassResetClassAdapter - Creating brand-new static initializer in class com/fasterxml/jackson/databind/type/ReferenceType
2024-11-12 13:41:23,079 INFO  EvoClassLoader - Keeping class: com.fasterxml.jackson.databind.type.ReferenceType
2024-11-12 13:41:23,079 INFO  EvoClassLoader - Seeing class for first time: com.fasterxml.jackson.databind.type.CollectionType
2024-11-12 13:41:23,079 INFO  EvoClassLoader - Instrumenting class 'com.fasterxml.jackson.databind.type.CollectionType'.
2024-11-12 13:41:23,079 INFO  MethodCallReplacementClassAdapter - Adding mock interface to class com/fasterxml/jackson/databind/type/CollectionType
2024-11-12 13:41:23,079 INFO  CreateClassResetClassAdapter - Creating brand-new static initializer in class com/fasterxml/jackson/databind/type/CollectionType
2024-11-12 13:41:23,080 INFO  EvoClassLoader - Seeing class for first time: com.fasterxml.jackson.databind.type.CollectionLikeType
2024-11-12 13:41:23,080 INFO  EvoClassLoader - Instrumenting class 'com.fasterxml.jackson.databind.type.CollectionLikeType'.
2024-11-12 13:41:23,080 INFO  MethodCallReplacementClassAdapter - Adding mock interface to class com/fasterxml/jackson/databind/type/CollectionLikeType
2024-11-12 13:41:23,081 INFO  CreateClassResetClassAdapter - Creating brand-new static initializer in class com/fasterxml/jackson/databind/type/CollectionLikeType
2024-11-12 13:41:23,081 INFO  EvoClassLoader - Keeping class: com.fasterxml.jackson.databind.type.CollectionLikeType
2024-11-12 13:41:23,081 INFO  EvoClassLoader - Keeping class: com.fasterxml.jackson.databind.type.CollectionType
2024-11-12 13:41:23,081 INFO  EvoClassLoader - Seeing class for first time: com.fasterxml.jackson.databind.type.TypeModifier
2024-11-12 13:41:23,081 INFO  EvoClassLoader - Instrumenting class 'com.fasterxml.jackson.databind.type.TypeModifier'.
2024-11-12 13:41:23,081 INFO  MethodCallReplacementClassAdapter - Adding mock interface to class com/fasterxml/jackson/databind/type/TypeModifier
2024-11-12 13:41:23,081 INFO  CreateClassResetClassAdapter - Creating brand-new static initializer in class com/fasterxml/jackson/databind/type/TypeModifier
2024-11-12 13:41:23,082 INFO  EvoClassLoader - Keeping class: com.fasterxml.jackson.databind.type.TypeModifier
2024-11-12 13:41:23,082 INFO  EvoClassLoader - Seeing class for first time: com.fasterxml.jackson.databind.type.ClassStack
2024-11-12 13:41:23,082 INFO  EvoClassLoader - Instrumenting class 'com.fasterxml.jackson.databind.type.ClassStack'.
2024-11-12 13:41:23,082 INFO  MethodCallReplacementClassAdapter - Adding mock interface to class com/fasterxml/jackson/databind/type/ClassStack
2024-11-12 13:41:23,082 INFO  CreateClassResetClassAdapter - Creating brand-new static initializer in class com/fasterxml/jackson/databind/type/ClassStack
2024-11-12 13:41:23,082 INFO  EvoClassLoader - Keeping class: com.fasterxml.jackson.databind.type.ClassStack
2024-11-12 13:41:23,083 INFO  EvoClassLoader - Seeing class for first time: com.fasterxml.jackson.databind.JsonNode
2024-11-12 13:41:23,083 INFO  EvoClassLoader - Instrumenting class 'com.fasterxml.jackson.databind.JsonNode'.
2024-11-12 13:41:23,084 INFO  MethodCallReplacementClassAdapter - Adding mock interface to class com/fasterxml/jackson/databind/JsonNode
2024-11-12 13:41:23,085 INFO  CreateClassResetClassAdapter - Creating brand-new static initializer in class com/fasterxml/jackson/databind/JsonNode
2024-11-12 13:41:23,085 INFO  EvoClassLoader - Seeing class for first time: com.fasterxml.jackson.databind.JsonSerializable$Base
2024-11-12 13:41:23,085 INFO  EvoClassLoader - Instrumenting class 'com.fasterxml.jackson.databind.JsonSerializable$Base'.
2024-11-12 13:41:23,086 INFO  MethodCallReplacementClassAdapter - Adding mock interface to class com/fasterxml/jackson/databind/JsonSerializable$Base
2024-11-12 13:41:23,086 INFO  CreateClassResetClassAdapter - Creating brand-new static initializer in class com/fasterxml/jackson/databind/JsonSerializable$Base
2024-11-12 13:41:23,086 INFO  EvoClassLoader - Keeping class: com.fasterxml.jackson.databind.JsonSerializable$Base
2024-11-12 13:41:23,086 INFO  EvoClassLoader - Keeping class: com.fasterxml.jackson.databind.JsonNode
2024-11-12 13:41:23,088 INFO  EvoClassLoader - Seeing class for first time: com.fasterxml.jackson.core.util.ByteArrayBuilder
2024-11-12 13:41:23,088 INFO  EvoClassLoader - Instrumenting class 'com.fasterxml.jackson.core.util.ByteArrayBuilder'.
2024-11-12 13:41:23,088 INFO  MethodCallReplacementClassAdapter - Adding mock interface to class com/fasterxml/jackson/core/util/ByteArrayBuilder
2024-11-12 13:41:23,090 INFO  CreateClassResetClassAdapter - Found static initializer in class com/fasterxml/jackson/core/util/ByteArrayBuilder
2024-11-12 13:41:23,090 INFO  EvoClassLoader - Defined package (3): package com.fasterxml.jackson.core.util, 596657833
2024-11-12 13:41:23,090 INFO  EvoClassLoader - Keeping class: com.fasterxml.jackson.core.util.ByteArrayBuilder
2024-11-12 13:41:23,090 INFO  EvoClassLoader - Seeing class for first time: com.fasterxml.jackson.core.Base64Variant$PaddingReadBehaviour
2024-11-12 13:41:23,090 INFO  EvoClassLoader - Instrumenting class 'com.fasterxml.jackson.core.Base64Variant$PaddingReadBehaviour'.
2024-11-12 13:41:23,090 INFO  MethodCallReplacementClassAdapter - Adding mock interface to class com/fasterxml/jackson/core/Base64Variant$PaddingReadBehaviour
2024-11-12 13:41:23,090 INFO  CreateClassResetClassAdapter - Found static initializer in class com/fasterxml/jackson/core/Base64Variant$PaddingReadBehaviour
2024-11-12 13:41:23,091 INFO  EvoClassLoader - Keeping class: com.fasterxml.jackson.core.Base64Variant$PaddingReadBehaviour
2024-11-12 13:41:23,091 INFO  EvoClassLoader - Seeing class for first time: com.fasterxml.jackson.core.Base64Variants
2024-11-12 13:41:23,091 INFO  EvoClassLoader - Instrumenting class 'com.fasterxml.jackson.core.Base64Variants'.
2024-11-12 13:41:23,091 INFO  MethodCallReplacementClassAdapter - Adding mock interface to class com/fasterxml/jackson/core/Base64Variants
2024-11-12 13:41:23,093 INFO  CreateClassResetClassAdapter - Found static initializer in class com/fasterxml/jackson/core/Base64Variants
2024-11-12 13:41:23,093 INFO  EvoClassLoader - Keeping class: com.fasterxml.jackson.core.Base64Variants
2024-11-12 13:41:23,094 INFO  EvoClassLoader - Seeing class for first time: com.fasterxml.jackson.databind.jsontype.PolymorphicTypeValidator$Validity
2024-11-12 13:41:23,094 INFO  EvoClassLoader - Instrumenting class 'com.fasterxml.jackson.databind.jsontype.PolymorphicTypeValidator$Validity'.
2024-11-12 13:41:23,094 INFO  MethodCallReplacementClassAdapter - Adding mock interface to class com/fasterxml/jackson/databind/jsontype/PolymorphicTypeValidator$Validity
2024-11-12 13:41:23,094 INFO  CreateClassResetClassAdapter - Found static initializer in class com/fasterxml/jackson/databind/jsontype/PolymorphicTypeValidator$Validity
2024-11-12 13:41:23,094 INFO  EvoClassLoader - Keeping class: com.fasterxml.jackson.databind.jsontype.PolymorphicTypeValidator$Validity
2024-11-12 13:41:23,094 INFO  EvoClassLoader - Seeing class for first time: com.fasterxml.jackson.databind.jsontype.PolymorphicTypeValidator$Base
2024-11-12 13:41:23,095 INFO  EvoClassLoader - Instrumenting class 'com.fasterxml.jackson.databind.jsontype.PolymorphicTypeValidator$Base'.
2024-11-12 13:41:23,095 INFO  MethodCallReplacementClassAdapter - Adding mock interface to class com/fasterxml/jackson/databind/jsontype/PolymorphicTypeValidator$Base
2024-11-12 13:41:23,095 INFO  CreateClassResetClassAdapter - Creating brand-new static initializer in class com/fasterxml/jackson/databind/jsontype/PolymorphicTypeValidator$Base
2024-11-12 13:41:23,095 INFO  EvoClassLoader - Keeping class: com.fasterxml.jackson.databind.jsontype.PolymorphicTypeValidator$Base
2024-11-12 13:41:23,095 INFO  EvoClassLoader - Seeing class for first time: com.fasterxml.jackson.databind.jsontype.impl.LaissezFaireSubTypeValidator
2024-11-12 13:41:23,095 INFO  EvoClassLoader - Instrumenting class 'com.fasterxml.jackson.databind.jsontype.impl.LaissezFaireSubTypeValidator'.
2024-11-12 13:41:23,096 INFO  MethodCallReplacementClassAdapter - Adding mock interface to class com/fasterxml/jackson/databind/jsontype/impl/LaissezFaireSubTypeValidator
2024-11-12 13:41:23,096 INFO  CreateClassResetClassAdapter - Found static initializer in class com/fasterxml/jackson/databind/jsontype/impl/LaissezFaireSubTypeValidator
2024-11-12 13:41:23,096 INFO  EvoClassLoader - Keeping class: com.fasterxml.jackson.databind.jsontype.impl.LaissezFaireSubTypeValidator
2024-11-12 13:41:23,096 INFO  EvoClassLoader - Seeing class for first time: com.fasterxml.jackson.databind.introspect.AccessorNamingStrategy
2024-11-12 13:41:23,096 INFO  EvoClassLoader - Instrumenting class 'com.fasterxml.jackson.databind.introspect.AccessorNamingStrategy'.
2024-11-12 13:41:23,097 INFO  MethodCallReplacementClassAdapter - Adding mock interface to class com/fasterxml/jackson/databind/introspect/AccessorNamingStrategy
2024-11-12 13:41:23,097 INFO  CreateClassResetClassAdapter - Creating brand-new static initializer in class com/fasterxml/jackson/databind/introspect/AccessorNamingStrategy
2024-11-12 13:41:23,097 INFO  EvoClassLoader - Keeping class: com.fasterxml.jackson.databind.introspect.AccessorNamingStrategy
2024-11-12 13:41:23,097 INFO  EvoClassLoader - Seeing class for first time: com.fasterxml.jackson.databind.BeanDescription
2024-11-12 13:41:23,097 INFO  EvoClassLoader - Instrumenting class 'com.fasterxml.jackson.databind.BeanDescription'.
2024-11-12 13:41:23,097 INFO  MethodCallReplacementClassAdapter - Adding mock interface to class com/fasterxml/jackson/databind/BeanDescription
2024-11-12 13:41:23,098 INFO  CreateClassResetClassAdapter - Creating brand-new static initializer in class com/fasterxml/jackson/databind/BeanDescription
2024-11-12 13:41:23,098 INFO  EvoClassLoader - Keeping class: com.fasterxml.jackson.databind.BeanDescription
2024-11-12 13:41:23,098 INFO  EvoClassLoader - Seeing class for first time: com.fasterxml.jackson.databind.introspect.DefaultAccessorNamingStrategy
2024-11-12 13:41:23,098 INFO  EvoClassLoader - Instrumenting class 'com.fasterxml.jackson.databind.introspect.DefaultAccessorNamingStrategy'.
2024-11-12 13:41:23,098 INFO  MethodCallReplacementClassAdapter - Adding mock interface to class com/fasterxml/jackson/databind/introspect/DefaultAccessorNamingStrategy
2024-11-12 13:41:23,099 INFO  CreateClassResetClassAdapter - Creating brand-new static initializer in class com/fasterxml/jackson/databind/introspect/DefaultAccessorNamingStrategy
2024-11-12 13:41:23,099 INFO  EvoClassLoader - Keeping class: com.fasterxml.jackson.databind.introspect.DefaultAccessorNamingStrategy
2024-11-12 13:41:23,099 INFO  EvoClassLoader - Seeing class for first time: com.fasterxml.jackson.databind.introspect.DefaultAccessorNamingStrategy$RecordNaming
2024-11-12 13:41:23,099 INFO  EvoClassLoader - Instrumenting class 'com.fasterxml.jackson.databind.introspect.DefaultAccessorNamingStrategy$RecordNaming'.
2024-11-12 13:41:23,100 INFO  MethodCallReplacementClassAdapter - Adding mock interface to class com/fasterxml/jackson/databind/introspect/DefaultAccessorNamingStrategy$RecordNaming
2024-11-12 13:41:23,100 INFO  CreateClassResetClassAdapter - Creating brand-new static initializer in class com/fasterxml/jackson/databind/introspect/DefaultAccessorNamingStrategy$RecordNaming
2024-11-12 13:41:23,100 INFO  EvoClassLoader - Keeping class: com.fasterxml.jackson.databind.introspect.DefaultAccessorNamingStrategy$RecordNaming
2024-11-12 13:41:23,100 INFO  EvoClassLoader - Seeing class for first time: com.fasterxml.jackson.databind.introspect.DefaultAccessorNamingStrategy$FirstCharBasedValidator
2024-11-12 13:41:23,100 INFO  EvoClassLoader - Instrumenting class 'com.fasterxml.jackson.databind.introspect.DefaultAccessorNamingStrategy$FirstCharBasedValidator'.
2024-11-12 13:41:23,100 INFO  MethodCallReplacementClassAdapter - Adding mock interface to class com/fasterxml/jackson/databind/introspect/DefaultAccessorNamingStrategy$FirstCharBasedValidator
2024-11-12 13:41:23,101 INFO  CreateClassResetClassAdapter - Creating brand-new static initializer in class com/fasterxml/jackson/databind/introspect/DefaultAccessorNamingStrategy$FirstCharBasedValidator
2024-11-12 13:41:23,101 INFO  EvoClassLoader - Seeing class for first time: com.fasterxml.jackson.databind.introspect.DefaultAccessorNamingStrategy$BaseNameValidator
2024-11-12 13:41:23,101 INFO  EvoClassLoader - Instrumenting class 'com.fasterxml.jackson.databind.introspect.DefaultAccessorNamingStrategy$BaseNameValidator'.
2024-11-12 13:41:23,101 INFO  EvoClassLoader - Keeping class: com.fasterxml.jackson.databind.introspect.DefaultAccessorNamingStrategy$BaseNameValidator
2024-11-12 13:41:23,101 INFO  EvoClassLoader - Keeping class: com.fasterxml.jackson.databind.introspect.DefaultAccessorNamingStrategy$FirstCharBasedValidator
2024-11-12 13:41:23,101 INFO  EvoClassLoader - Seeing class for first time: com.fasterxml.jackson.databind.ObjectMapper
2024-11-12 13:41:23,101 INFO  EvoClassLoader - Instrumenting class 'com.fasterxml.jackson.databind.ObjectMapper'.
2024-11-12 13:41:23,103 INFO  MethodCallReplacementClassAdapter - Adding mock interface to class com/fasterxml/jackson/databind/ObjectMapper
2024-11-12 13:41:23,111 INFO  CreateClassResetClassAdapter - Found static initializer in class com/fasterxml/jackson/databind/ObjectMapper
2024-11-12 13:41:23,112 INFO  EvoClassLoader - Keeping class: com.fasterxml.jackson.databind.ObjectMapper
2024-11-12 13:41:23,112 INFO  EvoClassLoader - Seeing class for first time: com.fasterxml.jackson.databind.MappingJsonFactory
2024-11-12 13:41:23,112 INFO  EvoClassLoader - Instrumenting class 'com.fasterxml.jackson.databind.MappingJsonFactory'.
2024-11-12 13:41:23,113 INFO  MethodCallReplacementClassAdapter - Adding mock interface to class com/fasterxml/jackson/databind/MappingJsonFactory
2024-11-12 13:41:23,113 INFO  CreateClassResetClassAdapter - Creating brand-new static initializer in class com/fasterxml/jackson/databind/MappingJsonFactory
2024-11-12 13:41:23,113 INFO  EvoClassLoader - Keeping class: com.fasterxml.jackson.databind.MappingJsonFactory
2024-11-12 13:41:23,113 INFO  EvoClassLoader - Seeing class for first time: com.fasterxml.jackson.databind.jsontype.SubtypeResolver
2024-11-12 13:41:23,113 INFO  EvoClassLoader - Instrumenting class 'com.fasterxml.jackson.databind.jsontype.SubtypeResolver'.
2024-11-12 13:41:23,113 INFO  MethodCallReplacementClassAdapter - Adding mock interface to class com/fasterxml/jackson/databind/jsontype/SubtypeResolver
2024-11-12 13:41:23,113 INFO  CreateClassResetClassAdapter - Creating brand-new static initializer in class com/fasterxml/jackson/databind/jsontype/SubtypeResolver
2024-11-12 13:41:23,113 INFO  EvoClassLoader - Keeping class: com.fasterxml.jackson.databind.jsontype.SubtypeResolver
2024-11-12 13:41:23,113 INFO  EvoClassLoader - Seeing class for first time: com.fasterxml.jackson.databind.jsontype.impl.StdSubtypeResolver
2024-11-12 13:41:23,113 INFO  EvoClassLoader - Instrumenting class 'com.fasterxml.jackson.databind.jsontype.impl.StdSubtypeResolver'.
2024-11-12 13:41:23,113 INFO  MethodCallReplacementClassAdapter - Adding mock interface to class com/fasterxml/jackson/databind/jsontype/impl/StdSubtypeResolver
2024-11-12 13:41:23,114 INFO  CreateClassResetClassAdapter - Creating brand-new static initializer in class com/fasterxml/jackson/databind/jsontype/impl/StdSubtypeResolver
2024-11-12 13:41:23,114 INFO  EvoClassLoader - Keeping class: com.fasterxml.jackson.databind.jsontype.impl.StdSubtypeResolver
2024-11-12 13:41:23,114 INFO  EvoClassLoader - Seeing class for first time: com.fasterxml.jackson.databind.ser.DefaultSerializerProvider
2024-11-12 13:41:23,114 INFO  EvoClassLoader - Instrumenting class 'com.fasterxml.jackson.databind.ser.DefaultSerializerProvider'.
2024-11-12 13:41:23,115 INFO  MethodCallReplacementClassAdapter - Adding mock interface to class com/fasterxml/jackson/databind/ser/DefaultSerializerProvider
2024-11-12 13:41:23,116 INFO  CreateClassResetClassAdapter - Creating brand-new static initializer in class com/fasterxml/jackson/databind/ser/DefaultSerializerProvider
2024-11-12 13:41:23,117 INFO  EvoClassLoader - Keeping class: com.fasterxml.jackson.databind.ser.DefaultSerializerProvider
2024-11-12 13:41:23,117 INFO  EvoClassLoader - Seeing class for first time: com.fasterxml.jackson.databind.ser.DefaultSerializerProvider$Impl
2024-11-12 13:41:23,117 INFO  EvoClassLoader - Instrumenting class 'com.fasterxml.jackson.databind.ser.DefaultSerializerProvider$Impl'.
2024-11-12 13:41:23,117 INFO  MethodCallReplacementClassAdapter - Adding mock interface to class com/fasterxml/jackson/databind/ser/DefaultSerializerProvider$Impl
2024-11-12 13:41:23,117 INFO  CreateClassResetClassAdapter - Creating brand-new static initializer in class com/fasterxml/jackson/databind/ser/DefaultSerializerProvider$Impl
2024-11-12 13:41:23,117 INFO  EvoClassLoader - Keeping class: com.fasterxml.jackson.databind.ser.DefaultSerializerProvider$Impl
2024-11-12 13:41:23,117 INFO  EvoClassLoader - Seeing class for first time: com.fasterxml.jackson.databind.deser.DeserializerFactory
2024-11-12 13:41:23,117 INFO  EvoClassLoader - Instrumenting class 'com.fasterxml.jackson.databind.deser.DeserializerFactory'.
2024-11-12 13:41:23,117 INFO  MethodCallReplacementClassAdapter - Adding mock interface to class com/fasterxml/jackson/databind/deser/DeserializerFactory
2024-11-12 13:41:23,117 INFO  CreateClassResetClassAdapter - Found static initializer in class com/fasterxml/jackson/databind/deser/DeserializerFactory
2024-11-12 13:41:23,117 INFO  EvoClassLoader - Defined package (3): package com.fasterxml.jackson.databind.deser, -1939449920
2024-11-12 13:41:23,118 INFO  EvoClassLoader - Keeping class: com.fasterxml.jackson.databind.deser.DeserializerFactory
2024-11-12 13:41:23,118 INFO  EvoClassLoader - Seeing class for first time: com.fasterxml.jackson.databind.deser.BeanDeserializerFactory
2024-11-12 13:41:23,118 INFO  EvoClassLoader - Instrumenting class 'com.fasterxml.jackson.databind.deser.BeanDeserializerFactory'.
2024-11-12 13:41:23,118 INFO  MethodCallReplacementClassAdapter - Adding mock interface to class com/fasterxml/jackson/databind/deser/BeanDeserializerFactory
2024-11-12 13:41:23,130 INFO  CreateClassResetClassAdapter - Found static initializer in class com/fasterxml/jackson/databind/deser/BeanDeserializerFactory
2024-11-12 13:41:23,132 INFO  EvoClassLoader - Seeing class for first time: com.fasterxml.jackson.databind.deser.BasicDeserializerFactory
2024-11-12 13:41:23,132 INFO  EvoClassLoader - Instrumenting class 'com.fasterxml.jackson.databind.deser.BasicDeserializerFactory'.
2024-11-12 13:41:23,132 INFO  MethodCallReplacementClassAdapter - Adding mock interface to class com/fasterxml/jackson/databind/deser/BasicDeserializerFactory
2024-11-12 13:41:23,144 INFO  CreateClassResetClassAdapter - Found static initializer in class com/fasterxml/jackson/databind/deser/BasicDeserializerFactory
2024-11-12 13:41:23,146 INFO  EvoClassLoader - Keeping class: com.fasterxml.jackson.databind.deser.BasicDeserializerFactory
2024-11-12 13:41:23,146 INFO  EvoClassLoader - Keeping class: com.fasterxml.jackson.databind.deser.BeanDeserializerFactory
2024-11-12 13:41:23,146 INFO  EvoClassLoader - Seeing class for first time: com.fasterxml.jackson.databind.deser.DefaultDeserializationContext
2024-11-12 13:41:23,146 INFO  EvoClassLoader - Instrumenting class 'com.fasterxml.jackson.databind.deser.DefaultDeserializationContext'.
2024-11-12 13:41:23,146 INFO  MethodCallReplacementClassAdapter - Adding mock interface to class com/fasterxml/jackson/databind/deser/DefaultDeserializationContext
2024-11-12 13:41:23,146 INFO  CreateClassResetClassAdapter - Creating brand-new static initializer in class com/fasterxml/jackson/databind/deser/DefaultDeserializationContext
2024-11-12 13:41:23,147 INFO  EvoClassLoader - Keeping class: com.fasterxml.jackson.databind.deser.DefaultDeserializationContext
2024-11-12 13:41:23,147 INFO  EvoClassLoader - Seeing class for first time: com.fasterxml.jackson.databind.deser.DefaultDeserializationContext$Impl
2024-11-12 13:41:23,147 INFO  EvoClassLoader - Instrumenting class 'com.fasterxml.jackson.databind.deser.DefaultDeserializationContext$Impl'.
2024-11-12 13:41:23,147 INFO  MethodCallReplacementClassAdapter - Adding mock interface to class com/fasterxml/jackson/databind/deser/DefaultDeserializationContext$Impl
2024-11-12 13:41:23,147 INFO  CreateClassResetClassAdapter - Creating brand-new static initializer in class com/fasterxml/jackson/databind/deser/DefaultDeserializationContext$Impl
2024-11-12 13:41:23,147 INFO  EvoClassLoader - Keeping class: com.fasterxml.jackson.databind.deser.DefaultDeserializationContext$Impl
2024-11-12 13:41:23,147 INFO  EvoClassLoader - Seeing class for first time: com.fasterxml.jackson.databind.ser.SerializerFactory
2024-11-12 13:41:23,147 INFO  EvoClassLoader - Instrumenting class 'com.fasterxml.jackson.databind.ser.SerializerFactory'.
2024-11-12 13:41:23,147 INFO  MethodCallReplacementClassAdapter - Adding mock interface to class com/fasterxml/jackson/databind/ser/SerializerFactory
2024-11-12 13:41:23,147 INFO  CreateClassResetClassAdapter - Creating brand-new static initializer in class com/fasterxml/jackson/databind/ser/SerializerFactory
2024-11-12 13:41:23,148 INFO  EvoClassLoader - Keeping class: com.fasterxml.jackson.databind.ser.SerializerFactory
2024-11-12 13:41:23,148 INFO  EvoClassLoader - Seeing class for first time: com.fasterxml.jackson.databind.ser.BeanSerializerFactory
2024-11-12 13:41:23,148 INFO  EvoClassLoader - Instrumenting class 'com.fasterxml.jackson.databind.ser.BeanSerializerFactory'.
2024-11-12 13:41:23,148 INFO  MethodCallReplacementClassAdapter - Adding mock interface to class com/fasterxml/jackson/databind/ser/BeanSerializerFactory
2024-11-12 13:41:23,150 INFO  CreateClassResetClassAdapter - Found static initializer in class com/fasterxml/jackson/databind/ser/BeanSerializerFactory
2024-11-12 13:41:23,151 INFO  EvoClassLoader - Seeing class for first time: com.fasterxml.jackson.databind.ser.BasicSerializerFactory
2024-11-12 13:41:23,151 INFO  EvoClassLoader - Instrumenting class 'com.fasterxml.jackson.databind.ser.BasicSerializerFactory'.
2024-11-12 13:41:23,151 INFO  MethodCallReplacementClassAdapter - Adding mock interface to class com/fasterxml/jackson/databind/ser/BasicSerializerFactory
2024-11-12 13:41:23,157 INFO  CreateClassResetClassAdapter - Found static initializer in class com/fasterxml/jackson/databind/ser/BasicSerializerFactory
2024-11-12 13:41:23,158 INFO  EvoClassLoader - Keeping class: com.fasterxml.jackson.databind.ser.BasicSerializerFactory
2024-11-12 13:41:23,158 INFO  EvoClassLoader - Keeping class: com.fasterxml.jackson.databind.ser.BeanSerializerFactory
2024-11-12 13:41:23,159 INFO  EvoClassLoader - Seeing class for first time: com.fasterxml.jackson.core.io.SegmentedStringWriter
2024-11-12 13:41:23,159 INFO  EvoClassLoader - Instrumenting class 'com.fasterxml.jackson.core.io.SegmentedStringWriter'.
2024-11-12 13:41:23,159 INFO  MethodCallReplacementClassAdapter - Adding mock interface to class com/fasterxml/jackson/core/io/SegmentedStringWriter
2024-11-12 13:41:23,159 INFO  CreateClassResetClassAdapter - Creating brand-new static initializer in class com/fasterxml/jackson/core/io/SegmentedStringWriter
2024-11-12 13:41:23,159 INFO  EvoClassLoader - Defined package (3): package com.fasterxml.jackson.core.io, -12787315
2024-11-12 13:41:23,159 INFO  EvoClassLoader - Keeping class: com.fasterxml.jackson.core.io.SegmentedStringWriter
2024-11-12 13:41:23,159 INFO  EvoClassLoader - Seeing class for first time: com.fasterxml.jackson.databind.node.NullNode
2024-11-12 13:41:23,159 INFO  EvoClassLoader - Instrumenting class 'com.fasterxml.jackson.databind.node.NullNode'.
2024-11-12 13:41:23,160 INFO  MethodCallReplacementClassAdapter - Adding mock interface to class com/fasterxml/jackson/databind/node/NullNode
2024-11-12 13:41:23,160 INFO  CreateClassResetClassAdapter - Found static initializer in class com/fasterxml/jackson/databind/node/NullNode
2024-11-12 13:41:23,160 INFO  EvoClassLoader - Defined package (3): package com.fasterxml.jackson.databind.node, -1863371167
2024-11-12 13:41:23,160 INFO  EvoClassLoader - Seeing class for first time: com.fasterxml.jackson.databind.node.ValueNode
2024-11-12 13:41:23,160 INFO  EvoClassLoader - Instrumenting class 'com.fasterxml.jackson.databind.node.ValueNode'.
2024-11-12 13:41:23,160 INFO  MethodCallReplacementClassAdapter - Adding mock interface to class com/fasterxml/jackson/databind/node/ValueNode
2024-11-12 13:41:23,160 INFO  CreateClassResetClassAdapter - Creating brand-new static initializer in class com/fasterxml/jackson/databind/node/ValueNode
2024-11-12 13:41:23,160 INFO  EvoClassLoader - Seeing class for first time: com.fasterxml.jackson.databind.node.BaseJsonNode
2024-11-12 13:41:23,160 INFO  EvoClassLoader - Instrumenting class 'com.fasterxml.jackson.databind.node.BaseJsonNode'.
2024-11-12 13:41:23,161 INFO  MethodCallReplacementClassAdapter - Adding mock interface to class com/fasterxml/jackson/databind/node/BaseJsonNode
2024-11-12 13:41:23,161 INFO  CreateClassResetClassAdapter - Creating brand-new static initializer in class com/fasterxml/jackson/databind/node/BaseJsonNode
2024-11-12 13:41:23,161 INFO  EvoClassLoader - Keeping class: com.fasterxml.jackson.databind.node.BaseJsonNode
2024-11-12 13:41:23,161 INFO  EvoClassLoader - Keeping class: com.fasterxml.jackson.databind.node.ValueNode
2024-11-12 13:41:23,161 INFO  EvoClassLoader - Keeping class: com.fasterxml.jackson.databind.node.NullNode
2024-11-12 13:41:23,161 INFO  EvoClassLoader - Seeing class for first time: com.fasterxml.jackson.databind.node.TreeTraversingParser
2024-11-12 13:41:23,161 INFO  EvoClassLoader - Instrumenting class 'com.fasterxml.jackson.databind.node.TreeTraversingParser'.
2024-11-12 13:41:23,161 INFO  MethodCallReplacementClassAdapter - Adding mock interface to class com/fasterxml/jackson/databind/node/TreeTraversingParser
2024-11-12 13:41:23,161 INFO  CreateClassResetClassAdapter - Creating brand-new static initializer in class com/fasterxml/jackson/databind/node/TreeTraversingParser
2024-11-12 13:41:23,162 INFO  EvoClassLoader - Seeing class for first time: com.fasterxml.jackson.core.base.ParserMinimalBase
2024-11-12 13:41:23,162 INFO  EvoClassLoader - Instrumenting class 'com.fasterxml.jackson.core.base.ParserMinimalBase'.
2024-11-12 13:41:23,162 INFO  MethodCallReplacementClassAdapter - Adding mock interface to class com/fasterxml/jackson/core/base/ParserMinimalBase
2024-11-12 13:41:23,163 INFO  CreateClassResetClassAdapter - Found static initializer in class com/fasterxml/jackson/core/base/ParserMinimalBase
2024-11-12 13:41:23,163 INFO  EvoClassLoader - Defined package (3): package com.fasterxml.jackson.core.base, 596073848
2024-11-12 13:41:23,163 INFO  EvoClassLoader - Keeping class: com.fasterxml.jackson.core.base.ParserMinimalBase
2024-11-12 13:41:23,163 INFO  EvoClassLoader - Keeping class: com.fasterxml.jackson.databind.node.TreeTraversingParser
2024-11-12 13:41:23,163 INFO  EvoClassLoader - Seeing class for first time: com.fasterxml.jackson.databind.introspect.BasicClassIntrospector
2024-11-12 13:41:23,163 INFO  EvoClassLoader - Instrumenting class 'com.fasterxml.jackson.databind.introspect.BasicClassIntrospector'.
2024-11-12 13:41:23,164 INFO  MethodCallReplacementClassAdapter - Adding mock interface to class com/fasterxml/jackson/databind/introspect/BasicClassIntrospector
2024-11-12 13:41:23,164 INFO  CreateClassResetClassAdapter - Found static initializer in class com/fasterxml/jackson/databind/introspect/BasicClassIntrospector
2024-11-12 13:41:23,164 INFO  EvoClassLoader - Keeping class: com.fasterxml.jackson.databind.introspect.BasicClassIntrospector
2024-11-12 13:41:23,165 INFO  EvoClassLoader - Seeing class for first time: com.fasterxml.jackson.databind.Module$SetupContext
2024-11-12 13:41:23,165 INFO  EvoClassLoader - Instrumenting class 'com.fasterxml.jackson.databind.Module$SetupContext'.
2024-11-12 13:41:23,165 INFO  EvoClassLoader - Keeping class: com.fasterxml.jackson.databind.Module$SetupContext
2024-11-12 13:41:23,165 INFO  EvoClassLoader - Seeing class for first time: com.fasterxml.jackson.databind.util.TokenBuffer
2024-11-12 13:41:23,165 INFO  EvoClassLoader - Instrumenting class 'com.fasterxml.jackson.databind.util.TokenBuffer'.
2024-11-12 13:41:23,166 INFO  MethodCallReplacementClassAdapter - Adding mock interface to class com/fasterxml/jackson/databind/util/TokenBuffer
2024-11-12 13:41:23,167 INFO  CreateClassResetClassAdapter - Found static initializer in class com/fasterxml/jackson/databind/util/TokenBuffer
2024-11-12 13:41:23,167 INFO  EvoClassLoader - Keeping class: com.fasterxml.jackson.databind.util.TokenBuffer
2024-11-12 13:41:23,168 INFO  EvoClassLoader - Seeing class for first time: com.fasterxml.jackson.databind.exc.MismatchedInputException
2024-11-12 13:41:23,168 INFO  EvoClassLoader - Instrumenting class 'com.fasterxml.jackson.databind.exc.MismatchedInputException'.
2024-11-12 13:41:23,168 INFO  MethodCallReplacementClassAdapter - Adding mock interface to class com/fasterxml/jackson/databind/exc/MismatchedInputException
2024-11-12 13:41:23,168 INFO  CreateClassResetClassAdapter - Creating brand-new static initializer in class com/fasterxml/jackson/databind/exc/MismatchedInputException
2024-11-12 13:41:23,168 INFO  EvoClassLoader - Defined package (3): package com.fasterxml.jackson.databind.exc, -1584137775
2024-11-12 13:41:23,168 INFO  EvoClassLoader - Keeping class: com.fasterxml.jackson.databind.exc.MismatchedInputException
2024-11-12 13:41:23,168 INFO  EvoClassLoader - Seeing class for first time: com.fasterxml.jackson.databind.cfg.ContextAttributes
2024-11-12 13:41:23,168 INFO  EvoClassLoader - Instrumenting class 'com.fasterxml.jackson.databind.cfg.ContextAttributes'.
2024-11-12 13:41:23,169 INFO  MethodCallReplacementClassAdapter - Adding mock interface to class com/fasterxml/jackson/databind/cfg/ContextAttributes
2024-11-12 13:41:23,169 INFO  CreateClassResetClassAdapter - Creating brand-new static initializer in class com/fasterxml/jackson/databind/cfg/ContextAttributes
2024-11-12 13:41:23,169 INFO  EvoClassLoader - Keeping class: com.fasterxml.jackson.databind.cfg.ContextAttributes
2024-11-12 13:41:23,169 INFO  EvoClassLoader - Seeing class for first time: com.fasterxml.jackson.databind.ObjectReader
2024-11-12 13:41:23,169 INFO  EvoClassLoader - Instrumenting class 'com.fasterxml.jackson.databind.ObjectReader'.
2024-11-12 13:41:23,169 INFO  MethodCallReplacementClassAdapter - Adding mock interface to class com/fasterxml/jackson/databind/ObjectReader
2024-11-12 13:41:23,172 INFO  CreateClassResetClassAdapter - Creating brand-new static initializer in class com/fasterxml/jackson/databind/ObjectReader
2024-11-12 13:41:23,172 INFO  EvoClassLoader - Keeping class: com.fasterxml.jackson.databind.ObjectReader
2024-11-12 13:41:23,172 INFO  EvoClassLoader - Seeing class for first time: com.fasterxml.jackson.databind.InjectableValues
2024-11-12 13:41:23,172 INFO  EvoClassLoader - Instrumenting class 'com.fasterxml.jackson.databind.InjectableValues'.
2024-11-12 13:41:23,173 INFO  MethodCallReplacementClassAdapter - Adding mock interface to class com/fasterxml/jackson/databind/InjectableValues
2024-11-12 13:41:23,173 INFO  CreateClassResetClassAdapter - Creating brand-new static initializer in class com/fasterxml/jackson/databind/InjectableValues
2024-11-12 13:41:23,173 INFO  EvoClassLoader - Keeping class: com.fasterxml.jackson.databind.InjectableValues
2024-11-12 13:41:23,173 INFO  EvoClassLoader - Seeing class for first time: com.fasterxml.jackson.databind.DeserializationFeature
2024-11-12 13:41:23,173 INFO  EvoClassLoader - Instrumenting class 'com.fasterxml.jackson.databind.DeserializationFeature'.
2024-11-12 13:41:23,173 INFO  MethodCallReplacementClassAdapter - Adding mock interface to class com/fasterxml/jackson/databind/DeserializationFeature
2024-11-12 13:41:23,173 INFO  CreateClassResetClassAdapter - Found static initializer in class com/fasterxml/jackson/databind/DeserializationFeature
2024-11-12 13:41:23,173 INFO  EvoClassLoader - Seeing class for first time: com.fasterxml.jackson.databind.cfg.ConfigFeature
2024-11-12 13:41:23,173 INFO  EvoClassLoader - Instrumenting class 'com.fasterxml.jackson.databind.cfg.ConfigFeature'.
2024-11-12 13:41:23,173 INFO  EvoClassLoader - Keeping class: com.fasterxml.jackson.databind.cfg.ConfigFeature
2024-11-12 13:41:23,173 INFO  EvoClassLoader - Keeping class: com.fasterxml.jackson.databind.DeserializationFeature
2024-11-12 13:41:23,173 INFO  EvoClassLoader - Seeing class for first time: com.fasterxml.jackson.core.FormatSchema
2024-11-12 13:41:23,173 INFO  EvoClassLoader - Instrumenting class 'com.fasterxml.jackson.core.FormatSchema'.
2024-11-12 13:41:23,173 INFO  EvoClassLoader - Keeping class: com.fasterxml.jackson.core.FormatSchema
2024-11-12 13:41:23,173 INFO  EvoClassLoader - Seeing class for first time: com.fasterxml.jackson.databind.node.JsonNodeFactory
2024-11-12 13:41:23,173 INFO  EvoClassLoader - Instrumenting class 'com.fasterxml.jackson.databind.node.JsonNodeFactory'.
2024-11-12 13:41:23,173 INFO  MethodCallReplacementClassAdapter - Adding mock interface to class com/fasterxml/jackson/databind/node/JsonNodeFactory
2024-11-12 13:41:23,177 INFO  CreateClassResetClassAdapter - Found static initializer in class com/fasterxml/jackson/databind/node/JsonNodeFactory
2024-11-12 13:41:23,177 INFO  EvoClassLoader - Seeing class for first time: com.fasterxml.jackson.databind.node.JsonNodeCreator
2024-11-12 13:41:23,177 INFO  EvoClassLoader - Instrumenting class 'com.fasterxml.jackson.databind.node.JsonNodeCreator'.
2024-11-12 13:41:23,177 INFO  EvoClassLoader - Keeping class: com.fasterxml.jackson.databind.node.JsonNodeCreator
2024-11-12 13:41:23,177 INFO  EvoClassLoader - Keeping class: com.fasterxml.jackson.databind.node.JsonNodeFactory
2024-11-12 13:41:23,177 INFO  EvoClassLoader - Seeing class for first time: com.fasterxml.jackson.databind.deser.DeserializationProblemHandler
2024-11-12 13:41:23,177 INFO  EvoClassLoader - Instrumenting class 'com.fasterxml.jackson.databind.deser.DeserializationProblemHandler'.
2024-11-12 13:41:23,177 INFO  MethodCallReplacementClassAdapter - Adding mock interface to class com/fasterxml/jackson/databind/deser/DeserializationProblemHandler
2024-11-12 13:41:23,177 INFO  CreateClassResetClassAdapter - Found static initializer in class com/fasterxml/jackson/databind/deser/DeserializationProblemHandler
2024-11-12 13:41:23,178 INFO  EvoClassLoader - Keeping class: com.fasterxml.jackson.databind.deser.DeserializationProblemHandler
2024-11-12 13:41:23,178 INFO  EvoClassLoader - Seeing class for first time: com.fasterxml.jackson.core.JsonParser$Feature
2024-11-12 13:41:23,178 INFO  EvoClassLoader - Instrumenting class 'com.fasterxml.jackson.core.JsonParser$Feature'.
2024-11-12 13:41:23,178 INFO  MethodCallReplacementClassAdapter - Adding mock interface to class com/fasterxml/jackson/core/JsonParser$Feature
2024-11-12 13:41:23,178 INFO  CreateClassResetClassAdapter - Found static initializer in class com/fasterxml/jackson/core/JsonParser$Feature
2024-11-12 13:41:23,178 INFO  EvoClassLoader - Keeping class: com.fasterxml.jackson.core.JsonParser$Feature
2024-11-12 13:41:23,178 INFO  EvoClassLoader - Seeing class for first time: com.fasterxml.jackson.core.JsonGenerator$Feature
2024-11-12 13:41:23,178 INFO  EvoClassLoader - Instrumenting class 'com.fasterxml.jackson.core.JsonGenerator$Feature'.
2024-11-12 13:41:23,178 INFO  MethodCallReplacementClassAdapter - Adding mock interface to class com/fasterxml/jackson/core/JsonGenerator$Feature
2024-11-12 13:41:23,178 INFO  CreateClassResetClassAdapter - Found static initializer in class com/fasterxml/jackson/core/JsonGenerator$Feature
2024-11-12 13:41:23,178 INFO  EvoClassLoader - Keeping class: com.fasterxml.jackson.core.JsonGenerator$Feature
2024-11-12 13:41:23,178 INFO  EvoClassLoader - Seeing class for first time: com.fasterxml.jackson.databind.MapperFeature
2024-11-12 13:41:23,178 INFO  EvoClassLoader - Instrumenting class 'com.fasterxml.jackson.databind.MapperFeature'.
2024-11-12 13:41:23,179 INFO  MethodCallReplacementClassAdapter - Adding mock interface to class com/fasterxml/jackson/databind/MapperFeature
2024-11-12 13:41:23,179 INFO  CreateClassResetClassAdapter - Found static initializer in class com/fasterxml/jackson/databind/MapperFeature
2024-11-12 13:41:23,179 INFO  EvoClassLoader - Keeping class: com.fasterxml.jackson.databind.MapperFeature
2024-11-12 13:41:23,179 INFO  EvoClassLoader - Seeing class for first time: com.fasterxml.jackson.databind.SerializationFeature
2024-11-12 13:41:23,179 INFO  EvoClassLoader - Instrumenting class 'com.fasterxml.jackson.databind.SerializationFeature'.
2024-11-12 13:41:23,179 INFO  MethodCallReplacementClassAdapter - Adding mock interface to class com/fasterxml/jackson/databind/SerializationFeature
2024-11-12 13:41:23,179 INFO  CreateClassResetClassAdapter - Found static initializer in class com/fasterxml/jackson/databind/SerializationFeature
2024-11-12 13:41:23,179 INFO  EvoClassLoader - Keeping class: com.fasterxml.jackson.databind.SerializationFeature
2024-11-12 13:41:23,179 INFO  EvoClassLoader - Seeing class for first time: com.fasterxml.jackson.databind.ser.FilterProvider
2024-11-12 13:41:23,179 INFO  EvoClassLoader - Instrumenting class 'com.fasterxml.jackson.databind.ser.FilterProvider'.
2024-11-12 13:41:23,179 INFO  MethodCallReplacementClassAdapter - Adding mock interface to class com/fasterxml/jackson/databind/ser/FilterProvider
2024-11-12 13:41:23,179 INFO  CreateClassResetClassAdapter - Creating brand-new static initializer in class com/fasterxml/jackson/databind/ser/FilterProvider
2024-11-12 13:41:23,179 INFO  EvoClassLoader - Keeping class: com.fasterxml.jackson.databind.ser.FilterProvider
2024-11-12 13:41:23,179 INFO  EvoClassLoader - Seeing class for first time: com.fasterxml.jackson.databind.ObjectWriter
2024-11-12 13:41:23,179 INFO  EvoClassLoader - Instrumenting class 'com.fasterxml.jackson.databind.ObjectWriter'.
2024-11-12 13:41:23,180 INFO  MethodCallReplacementClassAdapter - Adding mock interface to class com/fasterxml/jackson/databind/ObjectWriter
2024-11-12 13:41:23,180 INFO  CreateClassResetClassAdapter - Found static initializer in class com/fasterxml/jackson/databind/ObjectWriter
2024-11-12 13:41:23,181 INFO  EvoClassLoader - Keeping class: com.fasterxml.jackson.databind.ObjectWriter
2024-11-12 13:41:23,181 INFO  EvoClassLoader - Seeing class for first time: com.fasterxml.jackson.core.PrettyPrinter
2024-11-12 13:41:23,181 INFO  EvoClassLoader - Instrumenting class 'com.fasterxml.jackson.core.PrettyPrinter'.
2024-11-12 13:41:23,181 INFO  EvoClassLoader - Keeping class: com.fasterxml.jackson.core.PrettyPrinter
2024-11-12 13:41:23,181 INFO  EvoClassLoader - Seeing class for first time: com.fasterxml.jackson.core.io.CharacterEscapes
2024-11-12 13:41:23,181 INFO  EvoClassLoader - Instrumenting class 'com.fasterxml.jackson.core.io.CharacterEscapes'.
2024-11-12 13:41:23,181 INFO  MethodCallReplacementClassAdapter - Adding mock interface to class com/fasterxml/jackson/core/io/CharacterEscapes
2024-11-12 13:41:23,181 INFO  CreateClassResetClassAdapter - Creating brand-new static initializer in class com/fasterxml/jackson/core/io/CharacterEscapes
2024-11-12 13:41:23,181 INFO  CreateClassResetClassAdapter - Adding bytecode for initializing field ESCAPE_NONE
2024-11-12 13:41:23,181 INFO  CreateClassResetClassAdapter - Adding bytecode for initializing field ESCAPE_STANDARD
2024-11-12 13:41:23,181 INFO  CreateClassResetClassAdapter - Adding bytecode for initializing field ESCAPE_CUSTOM
2024-11-12 13:41:23,181 INFO  EvoClassLoader - Keeping class: com.fasterxml.jackson.core.io.CharacterEscapes
2024-11-12 13:41:23,181 INFO  EvoClassLoader - Seeing class for first time: com.fasterxml.jackson.core.JsonFactory$Feature
2024-11-12 13:41:23,181 INFO  EvoClassLoader - Instrumenting class 'com.fasterxml.jackson.core.JsonFactory$Feature'.
2024-11-12 13:41:23,182 INFO  MethodCallReplacementClassAdapter - Adding mock interface to class com/fasterxml/jackson/core/JsonFactory$Feature
2024-11-12 13:41:23,182 INFO  CreateClassResetClassAdapter - Found static initializer in class com/fasterxml/jackson/core/JsonFactory$Feature
2024-11-12 13:41:23,182 INFO  EvoClassLoader - Seeing class for first time: com.fasterxml.jackson.core.util.JacksonFeature
2024-11-12 13:41:23,182 INFO  EvoClassLoader - Instrumenting class 'com.fasterxml.jackson.core.util.JacksonFeature'.
2024-11-12 13:41:23,182 INFO  EvoClassLoader - Keeping class: com.fasterxml.jackson.core.util.JacksonFeature
2024-11-12 13:41:23,182 INFO  EvoClassLoader - Keeping class: com.fasterxml.jackson.core.JsonFactory$Feature
2024-11-12 13:41:23,182 INFO  EvoClassLoader - Seeing class for first time: com.fasterxml.jackson.core.StreamWriteFeature
2024-11-12 13:41:23,182 INFO  EvoClassLoader - Instrumenting class 'com.fasterxml.jackson.core.StreamWriteFeature'.
2024-11-12 13:41:23,182 INFO  MethodCallReplacementClassAdapter - Adding mock interface to class com/fasterxml/jackson/core/StreamWriteFeature
2024-11-12 13:41:23,182 INFO  CreateClassResetClassAdapter - Found static initializer in class com/fasterxml/jackson/core/StreamWriteFeature
2024-11-12 13:41:23,182 INFO  EvoClassLoader - Keeping class: com.fasterxml.jackson.core.StreamWriteFeature
2024-11-12 13:41:23,182 INFO  EvoClassLoader - Seeing class for first time: com.fasterxml.jackson.core.StreamReadFeature
2024-11-12 13:41:23,182 INFO  EvoClassLoader - Instrumenting class 'com.fasterxml.jackson.core.StreamReadFeature'.
2024-11-12 13:41:23,182 INFO  MethodCallReplacementClassAdapter - Adding mock interface to class com/fasterxml/jackson/core/StreamReadFeature
2024-11-12 13:41:23,182 INFO  CreateClassResetClassAdapter - Found static initializer in class com/fasterxml/jackson/core/StreamReadFeature
2024-11-12 13:41:23,183 INFO  EvoClassLoader - Keeping class: com.fasterxml.jackson.core.StreamReadFeature
2024-11-12 13:41:23,183 INFO  EvoClassLoader - Seeing class for first time: com.fasterxml.jackson.core.JsonEncoding
2024-11-12 13:41:23,183 INFO  EvoClassLoader - Instrumenting class 'com.fasterxml.jackson.core.JsonEncoding'.
2024-11-12 13:41:23,183 INFO  MethodCallReplacementClassAdapter - Adding mock interface to class com/fasterxml/jackson/core/JsonEncoding
2024-11-12 13:41:23,183 INFO  CreateClassResetClassAdapter - Found static initializer in class com/fasterxml/jackson/core/JsonEncoding
2024-11-12 13:41:23,183 INFO  EvoClassLoader - Keeping class: com.fasterxml.jackson.core.JsonEncoding
2024-11-12 13:41:23,183 INFO  EvoClassLoader - Seeing class for first time: com.fasterxml.jackson.core.JsonParseException
2024-11-12 13:41:23,183 INFO  EvoClassLoader - Instrumenting class 'com.fasterxml.jackson.core.JsonParseException'.
2024-11-12 13:41:23,183 INFO  MethodCallReplacementClassAdapter - Adding mock interface to class com/fasterxml/jackson/core/JsonParseException
2024-11-12 13:41:23,183 INFO  CreateClassResetClassAdapter - Creating brand-new static initializer in class com/fasterxml/jackson/core/JsonParseException
2024-11-12 13:41:23,183 INFO  EvoClassLoader - Seeing class for first time: com.fasterxml.jackson.core.exc.StreamReadException
2024-11-12 13:41:23,183 INFO  EvoClassLoader - Instrumenting class 'com.fasterxml.jackson.core.exc.StreamReadException'.
2024-11-12 13:41:23,184 INFO  MethodCallReplacementClassAdapter - Adding mock interface to class com/fasterxml/jackson/core/exc/StreamReadException
2024-11-12 13:41:23,184 INFO  CreateClassResetClassAdapter - Creating brand-new static initializer in class com/fasterxml/jackson/core/exc/StreamReadException
2024-11-12 13:41:23,184 INFO  EvoClassLoader - Defined package (3): package com.fasterxml.jackson.core.exc, -396410231
2024-11-12 13:41:23,184 INFO  EvoClassLoader - Keeping class: com.fasterxml.jackson.core.exc.StreamReadException
2024-11-12 13:41:23,184 INFO  EvoClassLoader - Keeping class: com.fasterxml.jackson.core.JsonParseException
2024-11-12 13:41:23,184 INFO  EvoClassLoader - Seeing class for first time: com.fasterxml.jackson.databind.MappingIterator
2024-11-12 13:41:23,184 INFO  EvoClassLoader - Instrumenting class 'com.fasterxml.jackson.databind.MappingIterator'.
2024-11-12 13:41:23,185 INFO  MethodCallReplacementClassAdapter - Adding mock interface to class com/fasterxml/jackson/databind/MappingIterator
2024-11-12 13:41:23,185 INFO  CreateClassResetClassAdapter - Found static initializer in class com/fasterxml/jackson/databind/MappingIterator
2024-11-12 13:41:23,185 INFO  EvoClassLoader - Keeping class: com.fasterxml.jackson.databind.MappingIterator
2024-11-12 13:41:23,185 INFO  EvoClassLoader - Seeing class for first time: com.fasterxml.jackson.core.JsonGenerationException
2024-11-12 13:41:23,185 INFO  EvoClassLoader - Instrumenting class 'com.fasterxml.jackson.core.JsonGenerationException'.
2024-11-12 13:41:23,186 INFO  MethodCallReplacementClassAdapter - Adding mock interface to class com/fasterxml/jackson/core/JsonGenerationException
2024-11-12 13:41:23,186 INFO  CreateClassResetClassAdapter - Creating brand-new static initializer in class com/fasterxml/jackson/core/JsonGenerationException
2024-11-12 13:41:23,186 INFO  EvoClassLoader - Keeping class: com.fasterxml.jackson.core.JsonGenerationException
2024-11-12 13:41:23,186 INFO  EvoClassLoader - Seeing class for first time: com.fasterxml.jackson.databind.node.ObjectNode
2024-11-12 13:41:23,186 INFO  EvoClassLoader - Instrumenting class 'com.fasterxml.jackson.databind.node.ObjectNode'.
2024-11-12 13:41:23,186 INFO  MethodCallReplacementClassAdapter - Adding mock interface to class com/fasterxml/jackson/databind/node/ObjectNode
2024-11-12 13:41:23,192 INFO  CreateClassResetClassAdapter - Creating brand-new static initializer in class com/fasterxml/jackson/databind/node/ObjectNode
2024-11-12 13:41:23,193 INFO  EvoClassLoader - Seeing class for first time: com.fasterxml.jackson.databind.node.ContainerNode
2024-11-12 13:41:23,193 INFO  EvoClassLoader - Instrumenting class 'com.fasterxml.jackson.databind.node.ContainerNode'.
2024-11-12 13:41:23,193 INFO  MethodCallReplacementClassAdapter - Adding mock interface to class com/fasterxml/jackson/databind/node/ContainerNode
2024-11-12 13:41:23,194 INFO  CreateClassResetClassAdapter - Creating brand-new static initializer in class com/fasterxml/jackson/databind/node/ContainerNode
2024-11-12 13:41:23,194 INFO  EvoClassLoader - Keeping class: com.fasterxml.jackson.databind.node.ContainerNode
2024-11-12 13:41:23,194 INFO  EvoClassLoader - Keeping class: com.fasterxml.jackson.databind.node.ObjectNode
2024-11-12 13:41:23,194 INFO  EvoClassLoader - Seeing class for first time: com.fasterxml.jackson.databind.node.ArrayNode
2024-11-12 13:41:23,194 INFO  EvoClassLoader - Instrumenting class 'com.fasterxml.jackson.databind.node.ArrayNode'.
2024-11-12 13:41:23,194 INFO  MethodCallReplacementClassAdapter - Adding mock interface to class com/fasterxml/jackson/databind/node/ArrayNode
2024-11-12 13:41:23,195 INFO  CreateClassResetClassAdapter - Creating brand-new static initializer in class com/fasterxml/jackson/databind/node/ArrayNode
2024-11-12 13:41:23,195 INFO  EvoClassLoader - Keeping class: com.fasterxml.jackson.databind.node.ArrayNode
2024-11-12 13:41:23,195 INFO  EvoClassLoader - Seeing class for first time: com.fasterxml.jackson.databind.SerializationConfig
2024-11-12 13:41:23,195 INFO  EvoClassLoader - Instrumenting class 'com.fasterxml.jackson.databind.SerializationConfig'.
2024-11-12 13:41:23,196 INFO  MethodCallReplacementClassAdapter - Adding mock interface to class com/fasterxml/jackson/databind/SerializationConfig
2024-11-12 13:41:23,196 INFO  CreateClassResetClassAdapter - Found static initializer in class com/fasterxml/jackson/databind/SerializationConfig
2024-11-12 13:41:23,197 INFO  EvoClassLoader - Seeing class for first time: com.fasterxml.jackson.databind.cfg.MapperConfigBase
2024-11-12 13:41:23,197 INFO  EvoClassLoader - Instrumenting class 'com.fasterxml.jackson.databind.cfg.MapperConfigBase'.
2024-11-12 13:41:23,197 INFO  MethodCallReplacementClassAdapter - Adding mock interface to class com/fasterxml/jackson/databind/cfg/MapperConfigBase
2024-11-12 13:41:23,197 INFO  CreateClassResetClassAdapter - Found static initializer in class com/fasterxml/jackson/databind/cfg/MapperConfigBase
2024-11-12 13:41:23,198 INFO  EvoClassLoader - Keeping class: com.fasterxml.jackson.databind.cfg.MapperConfigBase
2024-11-12 13:41:23,198 INFO  EvoClassLoader - Keeping class: com.fasterxml.jackson.databind.SerializationConfig
2024-11-12 13:41:23,198 INFO  EvoClassLoader - Seeing class for first time: com.fasterxml.jackson.databind.DeserializationConfig
2024-11-12 13:41:23,198 INFO  EvoClassLoader - Instrumenting class 'com.fasterxml.jackson.databind.DeserializationConfig'.
2024-11-12 13:41:23,198 INFO  MethodCallReplacementClassAdapter - Adding mock interface to class com/fasterxml/jackson/databind/DeserializationConfig
2024-11-12 13:41:23,198 INFO  CreateClassResetClassAdapter - Found static initializer in class com/fasterxml/jackson/databind/DeserializationConfig
2024-11-12 13:41:23,199 INFO  EvoClassLoader - Keeping class: com.fasterxml.jackson.databind.DeserializationConfig
2024-11-12 13:41:23,199 INFO  EvoClassLoader - Seeing class for first time: com.fasterxml.jackson.databind.Module
2024-11-12 13:41:23,199 INFO  EvoClassLoader - Instrumenting class 'com.fasterxml.jackson.databind.Module'.
2024-11-12 13:41:23,199 INFO  MethodCallReplacementClassAdapter - Adding mock interface to class com/fasterxml/jackson/databind/Module
2024-11-12 13:41:23,199 INFO  CreateClassResetClassAdapter - Creating brand-new static initializer in class com/fasterxml/jackson/databind/Module
2024-11-12 13:41:23,199 INFO  EvoClassLoader - Keeping class: com.fasterxml.jackson.databind.Module
2024-11-12 13:41:23,199 INFO  EvoClassLoader - Seeing class for first time: com.fasterxml.jackson.annotation.PropertyAccessor
2024-11-12 13:41:23,199 INFO  EvoClassLoader - Instrumenting class 'com.fasterxml.jackson.annotation.PropertyAccessor'.
2024-11-12 13:41:23,199 INFO  MethodCallReplacementClassAdapter - Adding mock interface to class com/fasterxml/jackson/annotation/PropertyAccessor
2024-11-12 13:41:23,199 INFO  CreateClassResetClassAdapter - Found static initializer in class com/fasterxml/jackson/annotation/PropertyAccessor
2024-11-12 13:41:23,199 INFO  EvoClassLoader - Keeping class: com.fasterxml.jackson.annotation.PropertyAccessor
2024-11-12 13:41:23,199 INFO  EvoClassLoader - Seeing class for first time: com.fasterxml.jackson.annotation.JsonAutoDetect$Visibility
2024-11-12 13:41:23,199 INFO  EvoClassLoader - Instrumenting class 'com.fasterxml.jackson.annotation.JsonAutoDetect$Visibility'.
2024-11-12 13:41:23,200 INFO  MethodCallReplacementClassAdapter - Adding mock interface to class com/fasterxml/jackson/annotation/JsonAutoDetect$Visibility
2024-11-12 13:41:23,200 INFO  CreateClassResetClassAdapter - Found static initializer in class com/fasterxml/jackson/annotation/JsonAutoDetect$Visibility
2024-11-12 13:41:23,200 INFO  EvoClassLoader - Keeping class: com.fasterxml.jackson.annotation.JsonAutoDetect$Visibility
2024-11-12 13:41:23,200 INFO  EvoClassLoader - Seeing class for first time: com.fasterxml.jackson.annotation.JsonAutoDetect$Value
2024-11-12 13:41:23,200 INFO  EvoClassLoader - Instrumenting class 'com.fasterxml.jackson.annotation.JsonAutoDetect$Value'.
2024-11-12 13:41:23,200 INFO  MethodCallReplacementClassAdapter - Adding mock interface to class com/fasterxml/jackson/annotation/JsonAutoDetect$Value
2024-11-12 13:41:23,200 INFO  CreateClassResetClassAdapter - Found static initializer in class com/fasterxml/jackson/annotation/JsonAutoDetect$Value
2024-11-12 13:41:23,200 INFO  EvoClassLoader - Keeping class: com.fasterxml.jackson.annotation.JsonAutoDetect$Value
2024-11-12 13:41:23,200 INFO  EvoClassLoader - Seeing class for first time: com.fasterxml.jackson.databind.jsontype.NamedType
2024-11-12 13:41:23,200 INFO  EvoClassLoader - Instrumenting class 'com.fasterxml.jackson.databind.jsontype.NamedType'.
2024-11-12 13:41:23,201 INFO  MethodCallReplacementClassAdapter - Adding mock interface to class com/fasterxml/jackson/databind/jsontype/NamedType
2024-11-12 13:41:23,201 INFO  CreateClassResetClassAdapter - Creating brand-new static initializer in class com/fasterxml/jackson/databind/jsontype/NamedType
2024-11-12 13:41:23,201 INFO  EvoClassLoader - Keeping class: com.fasterxml.jackson.databind.jsontype.NamedType
2024-11-12 13:41:23,201 INFO  EvoClassLoader - Seeing class for first time: com.fasterxml.jackson.databind.ObjectMapper$DefaultTyping
2024-11-12 13:41:23,201 INFO  EvoClassLoader - Instrumenting class 'com.fasterxml.jackson.databind.ObjectMapper$DefaultTyping'.
2024-11-12 13:41:23,201 INFO  MethodCallReplacementClassAdapter - Adding mock interface to class com/fasterxml/jackson/databind/ObjectMapper$DefaultTyping
2024-11-12 13:41:23,201 INFO  CreateClassResetClassAdapter - Found static initializer in class com/fasterxml/jackson/databind/ObjectMapper$DefaultTyping
2024-11-12 13:41:23,201 INFO  EvoClassLoader - Keeping class: com.fasterxml.jackson.databind.ObjectMapper$DefaultTyping
2024-11-12 13:41:23,201 INFO  EvoClassLoader - Seeing class for first time: com.fasterxml.jackson.annotation.JsonTypeInfo$As
2024-11-12 13:41:23,201 INFO  EvoClassLoader - Instrumenting class 'com.fasterxml.jackson.annotation.JsonTypeInfo$As'.
2024-11-12 13:41:23,201 INFO  MethodCallReplacementClassAdapter - Adding mock interface to class com/fasterxml/jackson/annotation/JsonTypeInfo$As
2024-11-12 13:41:23,201 INFO  CreateClassResetClassAdapter - Found static initializer in class com/fasterxml/jackson/annotation/JsonTypeInfo$As
2024-11-12 13:41:23,201 INFO  EvoClassLoader - Keeping class: com.fasterxml.jackson.annotation.JsonTypeInfo$As
2024-11-12 13:41:23,201 INFO  EvoClassLoader - Seeing class for first time: com.fasterxml.jackson.databind.cfg.MutableConfigOverride
2024-11-12 13:41:23,201 INFO  EvoClassLoader - Instrumenting class 'com.fasterxml.jackson.databind.cfg.MutableConfigOverride'.
2024-11-12 13:41:23,201 INFO  MethodCallReplacementClassAdapter - Adding mock interface to class com/fasterxml/jackson/databind/cfg/MutableConfigOverride
2024-11-12 13:41:23,201 INFO  CreateClassResetClassAdapter - Creating brand-new static initializer in class com/fasterxml/jackson/databind/cfg/MutableConfigOverride
2024-11-12 13:41:23,201 INFO  EvoClassLoader - Seeing class for first time: com.fasterxml.jackson.databind.cfg.ConfigOverride
2024-11-12 13:41:23,202 INFO  EvoClassLoader - Instrumenting class 'com.fasterxml.jackson.databind.cfg.ConfigOverride'.
2024-11-12 13:41:23,202 INFO  MethodCallReplacementClassAdapter - Adding mock interface to class com/fasterxml/jackson/databind/cfg/ConfigOverride
2024-11-12 13:41:23,202 INFO  CreateClassResetClassAdapter - Creating brand-new static initializer in class com/fasterxml/jackson/databind/cfg/ConfigOverride
2024-11-12 13:41:23,202 INFO  EvoClassLoader - Keeping class: com.fasterxml.jackson.databind.cfg.ConfigOverride
2024-11-12 13:41:23,202 INFO  EvoClassLoader - Keeping class: com.fasterxml.jackson.databind.cfg.MutableConfigOverride
2024-11-12 13:41:23,202 INFO  EvoClassLoader - Seeing class for first time: com.fasterxml.jackson.databind.cfg.MutableCoercionConfig
2024-11-12 13:41:23,202 INFO  EvoClassLoader - Instrumenting class 'com.fasterxml.jackson.databind.cfg.MutableCoercionConfig'.
2024-11-12 13:41:23,202 INFO  MethodCallReplacementClassAdapter - Adding mock interface to class com/fasterxml/jackson/databind/cfg/MutableCoercionConfig
2024-11-12 13:41:23,202 INFO  CreateClassResetClassAdapter - Creating brand-new static initializer in class com/fasterxml/jackson/databind/cfg/MutableCoercionConfig
2024-11-12 13:41:23,202 INFO  EvoClassLoader - Seeing class for first time: com.fasterxml.jackson.databind.cfg.CoercionConfig
2024-11-12 13:41:23,202 INFO  EvoClassLoader - Instrumenting class 'com.fasterxml.jackson.databind.cfg.CoercionConfig'.
2024-11-12 13:41:23,202 INFO  MethodCallReplacementClassAdapter - Adding mock interface to class com/fasterxml/jackson/databind/cfg/CoercionConfig
2024-11-12 13:41:23,202 INFO  CreateClassResetClassAdapter - Found static initializer in class com/fasterxml/jackson/databind/cfg/CoercionConfig
2024-11-12 13:41:23,202 INFO  EvoClassLoader - Keeping class: com.fasterxml.jackson.databind.cfg.CoercionConfig
2024-11-12 13:41:23,202 INFO  EvoClassLoader - Keeping class: com.fasterxml.jackson.databind.cfg.MutableCoercionConfig
2024-11-12 13:41:23,202 INFO  EvoClassLoader - Seeing class for first time: com.fasterxml.jackson.databind.type.LogicalType
2024-11-12 13:41:23,202 INFO  EvoClassLoader - Instrumenting class 'com.fasterxml.jackson.databind.type.LogicalType'.
2024-11-12 13:41:23,203 INFO  MethodCallReplacementClassAdapter - Adding mock interface to class com/fasterxml/jackson/databind/type/LogicalType
2024-11-12 13:41:23,203 INFO  CreateClassResetClassAdapter - Found static initializer in class com/fasterxml/jackson/databind/type/LogicalType
2024-11-12 13:41:23,203 INFO  EvoClassLoader - Keeping class: com.fasterxml.jackson.databind.type.LogicalType
2024-11-12 13:41:23,203 INFO  EvoClassLoader - Seeing class for first time: com.fasterxml.jackson.databind.cfg.ConstructorDetector
2024-11-12 13:41:23,203 INFO  EvoClassLoader - Instrumenting class 'com.fasterxml.jackson.databind.cfg.ConstructorDetector'.
2024-11-12 13:41:23,203 INFO  MethodCallReplacementClassAdapter - Adding mock interface to class com/fasterxml/jackson/databind/cfg/ConstructorDetector
2024-11-12 13:41:23,203 INFO  CreateClassResetClassAdapter - Found static initializer in class com/fasterxml/jackson/databind/cfg/ConstructorDetector
2024-11-12 13:41:23,204 INFO  EvoClassLoader - Keeping class: com.fasterxml.jackson.databind.cfg.ConstructorDetector
2024-11-12 13:41:23,204 INFO  EvoClassLoader - Seeing class for first time: com.fasterxml.jackson.databind.JsonDeserializer
2024-11-12 13:41:23,204 INFO  EvoClassLoader - Instrumenting class 'com.fasterxml.jackson.databind.JsonDeserializer'.
2024-11-12 13:41:23,204 INFO  MethodCallReplacementClassAdapter - Adding mock interface to class com/fasterxml/jackson/databind/JsonDeserializer
2024-11-12 13:41:23,204 INFO  CreateClassResetClassAdapter - Creating brand-new static initializer in class com/fasterxml/jackson/databind/JsonDeserializer
2024-11-12 13:41:23,204 INFO  EvoClassLoader - Seeing class for first time: com.fasterxml.jackson.databind.deser.NullValueProvider
2024-11-12 13:41:23,204 INFO  EvoClassLoader - Instrumenting class 'com.fasterxml.jackson.databind.deser.NullValueProvider'.
2024-11-12 13:41:23,204 INFO  EvoClassLoader - Keeping class: com.fasterxml.jackson.databind.deser.NullValueProvider
2024-11-12 13:41:23,205 INFO  EvoClassLoader - Keeping class: com.fasterxml.jackson.databind.JsonDeserializer
2024-11-12 13:41:23,205 INFO  EvoClassLoader - Seeing class for first time: com.fasterxml.jackson.core.JsonToken
2024-11-12 13:41:23,205 INFO  EvoClassLoader - Instrumenting class 'com.fasterxml.jackson.core.JsonToken'.
2024-11-12 13:41:23,205 INFO  MethodCallReplacementClassAdapter - Adding mock interface to class com/fasterxml/jackson/core/JsonToken
2024-11-12 13:41:23,205 INFO  CreateClassResetClassAdapter - Found static initializer in class com/fasterxml/jackson/core/JsonToken
2024-11-12 13:41:23,205 INFO  EvoClassLoader - Keeping class: com.fasterxml.jackson.core.JsonToken
2024-11-12 13:41:23,205 INFO  EvoClassLoader - Seeing class for first time: com.fasterxml.jackson.databind.jsonschema.JsonSchema
2024-11-12 13:41:23,205 INFO  EvoClassLoader - Instrumenting class 'com.fasterxml.jackson.databind.jsonschema.JsonSchema'.
2024-11-12 13:41:23,205 INFO  MethodCallReplacementClassAdapter - Adding mock interface to class com/fasterxml/jackson/databind/jsonschema/JsonSchema
2024-11-12 13:41:23,205 INFO  CreateClassResetClassAdapter - Creating brand-new static initializer in class com/fasterxml/jackson/databind/jsonschema/JsonSchema
2024-11-12 13:41:23,205 INFO  EvoClassLoader - Defined package (3): package com.fasterxml.jackson.databind.jsonschema, 436033960
2024-11-12 13:41:23,205 INFO  EvoClassLoader - Keeping class: com.fasterxml.jackson.databind.jsonschema.JsonSchema
2024-11-12 13:41:23,205 INFO  EvoClassLoader - Seeing class for first time: com.fasterxml.jackson.databind.jsonFormatVisitors.JsonFormatVisitorWrapper
2024-11-12 13:41:23,205 INFO  EvoClassLoader - Instrumenting class 'com.fasterxml.jackson.databind.jsonFormatVisitors.JsonFormatVisitorWrapper'.
2024-11-12 13:41:23,205 INFO  EvoClassLoader - Defined package (3): package com.fasterxml.jackson.databind.jsonFormatVisitors, 1118619651
2024-11-12 13:41:23,205 INFO  EvoClassLoader - Seeing class for first time: com.fasterxml.jackson.databind.jsonFormatVisitors.JsonFormatVisitorWithSerializerProvider
2024-11-12 13:41:23,205 INFO  EvoClassLoader - Instrumenting class 'com.fasterxml.jackson.databind.jsonFormatVisitors.JsonFormatVisitorWithSerializerProvider'.
2024-11-12 13:41:23,206 INFO  EvoClassLoader - Keeping class: com.fasterxml.jackson.databind.jsonFormatVisitors.JsonFormatVisitorWithSerializerProvider
2024-11-12 13:41:23,206 INFO  EvoClassLoader - Keeping class: com.fasterxml.jackson.databind.jsonFormatVisitors.JsonFormatVisitorWrapper
2024-11-12 13:41:23,206 INFO  EvoClassLoader - Seeing class for first time: com.fasterxml.jackson.core.io.DataOutputAsStream
2024-11-12 13:41:23,206 INFO  EvoClassLoader - Instrumenting class 'com.fasterxml.jackson.core.io.DataOutputAsStream'.
2024-11-12 13:41:23,206 INFO  MethodCallReplacementClassAdapter - Adding mock interface to class com/fasterxml/jackson/core/io/DataOutputAsStream
2024-11-12 13:41:23,206 INFO  CreateClassResetClassAdapter - Creating brand-new static initializer in class com/fasterxml/jackson/core/io/DataOutputAsStream
2024-11-12 13:41:23,206 INFO  EvoClassLoader - Keeping class: com.fasterxml.jackson.core.io.DataOutputAsStream
2024-11-12 13:41:23,207 INFO  EvoClassLoader - Seeing class for first time: com.fasterxml.jackson.core.io.CharTypes
2024-11-12 13:41:23,207 INFO  EvoClassLoader - Instrumenting class 'com.fasterxml.jackson.core.io.CharTypes'.
2024-11-12 13:41:23,207 INFO  MethodCallReplacementClassAdapter - Adding mock interface to class com/fasterxml/jackson/core/io/CharTypes
2024-11-12 13:41:23,207 INFO  CreateClassResetClassAdapter - Found static initializer in class com/fasterxml/jackson/core/io/CharTypes
2024-11-12 13:41:23,207 INFO  EvoClassLoader - Keeping class: com.fasterxml.jackson.core.io.CharTypes
2024-11-12 13:41:23,208 INFO  EvoClassLoader - Seeing class for first time: com.fasterxml.jackson.core.io.JsonStringEncoder
2024-11-12 13:41:23,208 INFO  EvoClassLoader - Instrumenting class 'com.fasterxml.jackson.core.io.JsonStringEncoder'.
2024-11-12 13:41:23,208 INFO  MethodCallReplacementClassAdapter - Adding mock interface to class com/fasterxml/jackson/core/io/JsonStringEncoder
2024-11-12 13:41:23,209 INFO  CreateClassResetClassAdapter - Found static initializer in class com/fasterxml/jackson/core/io/JsonStringEncoder
2024-11-12 13:41:23,210 INFO  EvoClassLoader - Keeping class: com.fasterxml.jackson.core.io.JsonStringEncoder
2024-11-12 13:41:23,210 INFO  EvoClassLoader - Seeing class for first time: com.fasterxml.jackson.core.io.SerializedString
2024-11-12 13:41:23,210 INFO  EvoClassLoader - Instrumenting class 'com.fasterxml.jackson.core.io.SerializedString'.
2024-11-12 13:41:23,211 INFO  MethodCallReplacementClassAdapter - Adding mock interface to class com/fasterxml/jackson/core/io/SerializedString
2024-11-12 13:41:23,211 INFO  CreateClassResetClassAdapter - Found static initializer in class com/fasterxml/jackson/core/io/SerializedString
2024-11-12 13:41:23,211 INFO  EvoClassLoader - Seeing class for first time: com.fasterxml.jackson.core.SerializableString
2024-11-12 13:41:23,211 INFO  EvoClassLoader - Instrumenting class 'com.fasterxml.jackson.core.SerializableString'.
2024-11-12 13:41:23,212 INFO  EvoClassLoader - Keeping class: com.fasterxml.jackson.core.SerializableString
2024-11-12 13:41:23,212 INFO  EvoClassLoader - Keeping class: com.fasterxml.jackson.core.io.SerializedString
2024-11-12 13:41:23,212 INFO  EvoClassLoader - Seeing class for first time: com.fasterxml.jackson.core.util.DefaultPrettyPrinter
2024-11-12 13:41:23,212 INFO  EvoClassLoader - Instrumenting class 'com.fasterxml.jackson.core.util.DefaultPrettyPrinter'.
2024-11-12 13:41:23,212 INFO  MethodCallReplacementClassAdapter - Adding mock interface to class com/fasterxml/jackson/core/util/DefaultPrettyPrinter
2024-11-12 13:41:23,214 INFO  CreateClassResetClassAdapter - Found static initializer in class com/fasterxml/jackson/core/util/DefaultPrettyPrinter
2024-11-12 13:41:23,214 INFO  EvoClassLoader - Seeing class for first time: com.fasterxml.jackson.core.util.Instantiatable
2024-11-12 13:41:23,214 INFO  EvoClassLoader - Instrumenting class 'com.fasterxml.jackson.core.util.Instantiatable'.
2024-11-12 13:41:23,215 INFO  EvoClassLoader - Keeping class: com.fasterxml.jackson.core.util.Instantiatable
2024-11-12 13:41:23,215 INFO  EvoClassLoader - Keeping class: com.fasterxml.jackson.core.util.DefaultPrettyPrinter
2024-11-12 13:41:23,215 INFO  EvoClassLoader - Seeing class for first time: com.fasterxml.jackson.core.util.DefaultPrettyPrinter$Indenter
2024-11-12 13:41:23,215 INFO  EvoClassLoader - Instrumenting class 'com.fasterxml.jackson.core.util.DefaultPrettyPrinter$Indenter'.
2024-11-12 13:41:23,215 INFO  EvoClassLoader - Keeping class: com.fasterxml.jackson.core.util.DefaultPrettyPrinter$Indenter
2024-11-12 13:41:23,216 INFO  EvoClassLoader - Seeing class for first time: com.fasterxml.jackson.core.util.Separators
2024-11-12 13:41:23,216 INFO  EvoClassLoader - Instrumenting class 'com.fasterxml.jackson.core.util.Separators'.
2024-11-12 13:41:23,216 INFO  MethodCallReplacementClassAdapter - Adding mock interface to class com/fasterxml/jackson/core/util/Separators
2024-11-12 13:41:23,216 INFO  CreateClassResetClassAdapter - Creating brand-new static initializer in class com/fasterxml/jackson/core/util/Separators
2024-11-12 13:41:23,217 INFO  EvoClassLoader - Keeping class: com.fasterxml.jackson.core.util.Separators
2024-11-12 13:41:23,217 INFO  EvoClassLoader - Seeing class for first time: com.fasterxml.jackson.core.TSFBuilder
2024-11-12 13:41:23,217 INFO  EvoClassLoader - Instrumenting class 'com.fasterxml.jackson.core.TSFBuilder'.
2024-11-12 13:41:23,218 INFO  MethodCallReplacementClassAdapter - Adding mock interface to class com/fasterxml/jackson/core/TSFBuilder
2024-11-12 13:41:23,219 INFO  CreateClassResetClassAdapter - Found static initializer in class com/fasterxml/jackson/core/TSFBuilder
2024-11-12 13:41:23,219 INFO  EvoClassLoader - Keeping class: com.fasterxml.jackson.core.TSFBuilder
2024-11-12 13:41:23,219 INFO  EvoClassLoader - Seeing class for first time: com.fasterxml.jackson.core.JsonFactoryBuilder
2024-11-12 13:41:23,219 INFO  EvoClassLoader - Instrumenting class 'com.fasterxml.jackson.core.JsonFactoryBuilder'.
2024-11-12 13:41:23,220 INFO  MethodCallReplacementClassAdapter - Adding mock interface to class com/fasterxml/jackson/core/JsonFactoryBuilder
2024-11-12 13:41:23,220 INFO  CreateClassResetClassAdapter - Creating brand-new static initializer in class com/fasterxml/jackson/core/JsonFactoryBuilder
2024-11-12 13:41:23,220 INFO  EvoClassLoader - Keeping class: com.fasterxml.jackson.core.JsonFactoryBuilder
2024-11-12 13:41:23,221 INFO  EvoClassLoader - Seeing class for first time: com.fasterxml.jackson.core.json.ReaderBasedJsonParser
2024-11-12 13:41:23,221 INFO  EvoClassLoader - Instrumenting class 'com.fasterxml.jackson.core.json.ReaderBasedJsonParser'.
2024-11-12 13:41:23,221 INFO  MethodCallReplacementClassAdapter - Adding mock interface to class com/fasterxml/jackson/core/json/ReaderBasedJsonParser
2024-11-12 13:41:23,223 INFO  CreateClassResetClassAdapter - Found static initializer in class com/fasterxml/jackson/core/json/ReaderBasedJsonParser
2024-11-12 13:41:23,223 INFO  EvoClassLoader - Defined package (3): package com.fasterxml.jackson.core.json, 596329359
2024-11-12 13:41:23,224 INFO  EvoClassLoader - Seeing class for first time: com.fasterxml.jackson.core.base.ParserBase
2024-11-12 13:41:23,224 INFO  EvoClassLoader - Instrumenting class 'com.fasterxml.jackson.core.base.ParserBase'.
2024-11-12 13:41:23,225 INFO  MethodCallReplacementClassAdapter - Adding mock interface to class com/fasterxml/jackson/core/base/ParserBase
2024-11-12 13:41:23,227 INFO  CreateClassResetClassAdapter - Found static initializer in class com/fasterxml/jackson/core/base/ParserBase
2024-11-12 13:41:23,227 INFO  EvoClassLoader - Keeping class: com.fasterxml.jackson.core.base.ParserBase
2024-11-12 13:41:23,227 INFO  EvoClassLoader - Keeping class: com.fasterxml.jackson.core.json.ReaderBasedJsonParser
2024-11-12 13:41:23,227 INFO  EvoClassLoader - Seeing class for first time: com.fasterxml.jackson.core.json.UTF8DataInputJsonParser
2024-11-12 13:41:23,227 INFO  EvoClassLoader - Instrumenting class 'com.fasterxml.jackson.core.json.UTF8DataInputJsonParser'.
2024-11-12 13:41:23,228 INFO  MethodCallReplacementClassAdapter - Adding mock interface to class com/fasterxml/jackson/core/json/UTF8DataInputJsonParser
2024-11-12 13:41:23,229 INFO  CreateClassResetClassAdapter - Found static initializer in class com/fasterxml/jackson/core/json/UTF8DataInputJsonParser
2024-11-12 13:41:23,230 INFO  EvoClassLoader - Keeping class: com.fasterxml.jackson.core.json.UTF8DataInputJsonParser
2024-11-12 13:41:23,230 INFO  EvoClassLoader - Seeing class for first time: com.fasterxml.jackson.core.json.async.NonBlockingJsonParser
2024-11-12 13:41:23,230 INFO  EvoClassLoader - Instrumenting class 'com.fasterxml.jackson.core.json.async.NonBlockingJsonParser'.
2024-11-12 13:41:23,231 INFO  MethodCallReplacementClassAdapter - Adding mock interface to class com/fasterxml/jackson/core/json/async/NonBlockingJsonParser
2024-11-12 13:41:23,232 INFO  CreateClassResetClassAdapter - Found static initializer in class com/fasterxml/jackson/core/json/async/NonBlockingJsonParser
2024-11-12 13:41:23,233 INFO  EvoClassLoader - Defined package (3): package com.fasterxml.jackson.core.json.async, 829688669
2024-11-12 13:41:23,233 INFO  EvoClassLoader - Seeing class for first time: com.fasterxml.jackson.core.async.ByteArrayFeeder
2024-11-12 13:41:23,233 INFO  EvoClassLoader - Instrumenting class 'com.fasterxml.jackson.core.async.ByteArrayFeeder'.
2024-11-12 13:41:23,233 INFO  EvoClassLoader - Defined package (3): package com.fasterxml.jackson.core.async, 1298038965
2024-11-12 13:41:23,233 INFO  EvoClassLoader - Seeing class for first time: com.fasterxml.jackson.core.async.NonBlockingInputFeeder
2024-11-12 13:41:23,233 INFO  EvoClassLoader - Instrumenting class 'com.fasterxml.jackson.core.async.NonBlockingInputFeeder'.
2024-11-12 13:41:23,233 INFO  EvoClassLoader - Keeping class: com.fasterxml.jackson.core.async.NonBlockingInputFeeder
2024-11-12 13:41:23,233 INFO  EvoClassLoader - Keeping class: com.fasterxml.jackson.core.async.ByteArrayFeeder
2024-11-12 13:41:23,234 INFO  EvoClassLoader - Seeing class for first time: com.fasterxml.jackson.core.json.async.NonBlockingJsonParserBase
2024-11-12 13:41:23,234 INFO  EvoClassLoader - Instrumenting class 'com.fasterxml.jackson.core.json.async.NonBlockingJsonParserBase'.
2024-11-12 13:41:23,234 INFO  MethodCallReplacementClassAdapter - Adding mock interface to class com/fasterxml/jackson/core/json/async/NonBlockingJsonParserBase
2024-11-12 13:41:23,234 INFO  CreateClassResetClassAdapter - Found static initializer in class com/fasterxml/jackson/core/json/async/NonBlockingJsonParserBase
2024-11-12 13:41:23,235 INFO  EvoClassLoader - Keeping class: com.fasterxml.jackson.core.json.async.NonBlockingJsonParserBase
2024-11-12 13:41:23,235 INFO  EvoClassLoader - Keeping class: com.fasterxml.jackson.core.json.async.NonBlockingJsonParser
2024-11-12 13:41:23,235 INFO  EvoClassLoader - Seeing class for first time: com.fasterxml.jackson.core.json.UTF8JsonGenerator
2024-11-12 13:41:23,235 INFO  EvoClassLoader - Instrumenting class 'com.fasterxml.jackson.core.json.UTF8JsonGenerator'.
2024-11-12 13:41:23,236 INFO  MethodCallReplacementClassAdapter - Adding mock interface to class com/fasterxml/jackson/core/json/UTF8JsonGenerator
2024-11-12 13:41:23,238 INFO  CreateClassResetClassAdapter - Found static initializer in class com/fasterxml/jackson/core/json/UTF8JsonGenerator
2024-11-12 13:41:23,238 INFO  EvoClassLoader - Seeing class for first time: com.fasterxml.jackson.core.json.JsonGeneratorImpl
2024-11-12 13:41:23,238 INFO  EvoClassLoader - Instrumenting class 'com.fasterxml.jackson.core.json.JsonGeneratorImpl'.
2024-11-12 13:41:23,239 INFO  MethodCallReplacementClassAdapter - Adding mock interface to class com/fasterxml/jackson/core/json/JsonGeneratorImpl
2024-11-12 13:41:23,239 INFO  CreateClassResetClassAdapter - Found static initializer in class com/fasterxml/jackson/core/json/JsonGeneratorImpl
2024-11-12 13:41:23,239 INFO  EvoClassLoader - Seeing class for first time: com.fasterxml.jackson.core.base.GeneratorBase
2024-11-12 13:41:23,239 INFO  EvoClassLoader - Instrumenting class 'com.fasterxml.jackson.core.base.GeneratorBase'.
2024-11-12 13:41:23,239 INFO  MethodCallReplacementClassAdapter - Adding mock interface to class com/fasterxml/jackson/core/base/GeneratorBase
2024-11-12 13:41:23,240 INFO  CreateClassResetClassAdapter - Found static initializer in class com/fasterxml/jackson/core/base/GeneratorBase
2024-11-12 13:41:23,240 INFO  EvoClassLoader - Keeping class: com.fasterxml.jackson.core.base.GeneratorBase
2024-11-12 13:41:23,240 INFO  EvoClassLoader - Keeping class: com.fasterxml.jackson.core.json.JsonGeneratorImpl
2024-11-12 13:41:23,240 INFO  EvoClassLoader - Keeping class: com.fasterxml.jackson.core.json.UTF8JsonGenerator
2024-11-12 13:41:23,240 INFO  EvoClassLoader - Seeing class for first time: com.fasterxml.jackson.core.io.UTF8Writer
2024-11-12 13:41:23,240 INFO  EvoClassLoader - Instrumenting class 'com.fasterxml.jackson.core.io.UTF8Writer'.
2024-11-12 13:41:23,241 INFO  MethodCallReplacementClassAdapter - Adding mock interface to class com/fasterxml/jackson/core/io/UTF8Writer
2024-11-12 13:41:23,241 INFO  CreateClassResetClassAdapter - Creating brand-new static initializer in class com/fasterxml/jackson/core/io/UTF8Writer
2024-11-12 13:41:23,241 INFO  CreateClassResetClassAdapter - Adding bytecode for initializing field SURR1_FIRST
2024-11-12 13:41:23,241 INFO  CreateClassResetClassAdapter - Adding bytecode for initializing field SURR1_LAST
2024-11-12 13:41:23,241 INFO  CreateClassResetClassAdapter - Adding bytecode for initializing field SURR2_FIRST
2024-11-12 13:41:23,241 INFO  CreateClassResetClassAdapter - Adding bytecode for initializing field SURR2_LAST
2024-11-12 13:41:23,241 INFO  EvoClassLoader - Keeping class: com.fasterxml.jackson.core.io.UTF8Writer
2024-11-12 13:41:23,241 INFO  EvoClassLoader - Seeing class for first time: com.fasterxml.jackson.core.json.WriterBasedJsonGenerator
2024-11-12 13:41:23,241 INFO  EvoClassLoader - Instrumenting class 'com.fasterxml.jackson.core.json.WriterBasedJsonGenerator'.
2024-11-12 13:41:23,242 INFO  MethodCallReplacementClassAdapter - Adding mock interface to class com/fasterxml/jackson/core/json/WriterBasedJsonGenerator
2024-11-12 13:41:23,243 INFO  CreateClassResetClassAdapter - Found static initializer in class com/fasterxml/jackson/core/json/WriterBasedJsonGenerator
2024-11-12 13:41:23,244 INFO  EvoClassLoader - Keeping class: com.fasterxml.jackson.core.json.WriterBasedJsonGenerator
2024-11-12 13:41:23,244 INFO  EvoClassLoader - Seeing class for first time: com.fasterxml.jackson.core.format.InputAccessor
2024-11-12 13:41:23,244 INFO  EvoClassLoader - Instrumenting class 'com.fasterxml.jackson.core.format.InputAccessor'.
2024-11-12 13:41:23,245 INFO  EvoClassLoader - Defined package (3): package com.fasterxml.jackson.core.format, 1723744478
2024-11-12 13:41:23,245 INFO  EvoClassLoader - Keeping class: com.fasterxml.jackson.core.format.InputAccessor
2024-11-12 13:41:23,245 INFO  EvoClassLoader - Seeing class for first time: com.fasterxml.jackson.core.format.MatchStrength
2024-11-12 13:41:23,245 INFO  EvoClassLoader - Instrumenting class 'com.fasterxml.jackson.core.format.MatchStrength'.
2024-11-12 13:41:23,245 INFO  MethodCallReplacementClassAdapter - Adding mock interface to class com/fasterxml/jackson/core/format/MatchStrength
2024-11-12 13:41:23,245 INFO  CreateClassResetClassAdapter - Found static initializer in class com/fasterxml/jackson/core/format/MatchStrength
2024-11-12 13:41:23,245 INFO  EvoClassLoader - Keeping class: com.fasterxml.jackson.core.format.MatchStrength
2024-11-12 13:41:23,245 INFO  EvoClassLoader - Seeing class for first time: com.fasterxml.jackson.core.io.InputDecorator
2024-11-12 13:41:23,245 INFO  EvoClassLoader - Instrumenting class 'com.fasterxml.jackson.core.io.InputDecorator'.
2024-11-12 13:41:23,246 INFO  MethodCallReplacementClassAdapter - Adding mock interface to class com/fasterxml/jackson/core/io/InputDecorator
2024-11-12 13:41:23,246 INFO  CreateClassResetClassAdapter - Creating brand-new static initializer in class com/fasterxml/jackson/core/io/InputDecorator
2024-11-12 13:41:23,246 INFO  EvoClassLoader - Keeping class: com.fasterxml.jackson.core.io.InputDecorator
2024-11-12 13:41:23,246 INFO  EvoClassLoader - Seeing class for first time: com.fasterxml.jackson.core.io.OutputDecorator
2024-11-12 13:41:23,246 INFO  EvoClassLoader - Instrumenting class 'com.fasterxml.jackson.core.io.OutputDecorator'.
2024-11-12 13:41:23,246 INFO  MethodCallReplacementClassAdapter - Adding mock interface to class com/fasterxml/jackson/core/io/OutputDecorator
2024-11-12 13:41:23,246 INFO  CreateClassResetClassAdapter - Creating brand-new static initializer in class com/fasterxml/jackson/core/io/OutputDecorator
2024-11-12 13:41:23,246 INFO  EvoClassLoader - Keeping class: com.fasterxml.jackson.core.io.OutputDecorator
2024-11-12 13:41:23,246 INFO  EvoClassLoader - Seeing class for first time: com.fasterxml.jackson.core.io.IOContext
2024-11-12 13:41:23,246 INFO  EvoClassLoader - Instrumenting class 'com.fasterxml.jackson.core.io.IOContext'.
2024-11-12 13:41:23,246 INFO  MethodCallReplacementClassAdapter - Adding mock interface to class com/fasterxml/jackson/core/io/IOContext
2024-11-12 13:41:23,247 INFO  CreateClassResetClassAdapter - Creating brand-new static initializer in class com/fasterxml/jackson/core/io/IOContext
2024-11-12 13:41:23,248 INFO  EvoClassLoader - Keeping class: com.fasterxml.jackson.core.io.IOContext
2024-11-12 13:41:23,248 INFO  EvoClassLoader - Seeing class for first time: com.fasterxml.jackson.core.util.BufferRecycler
2024-11-12 13:41:23,248 INFO  EvoClassLoader - Instrumenting class 'com.fasterxml.jackson.core.util.BufferRecycler'.
2024-11-12 13:41:23,248 INFO  MethodCallReplacementClassAdapter - Adding mock interface to class com/fasterxml/jackson/core/util/BufferRecycler
2024-11-12 13:41:23,249 INFO  CreateClassResetClassAdapter - Found static initializer in class com/fasterxml/jackson/core/util/BufferRecycler
2024-11-12 13:41:23,249 INFO  EvoClassLoader - Keeping class: com.fasterxml.jackson.core.util.BufferRecycler
2024-11-12 13:41:23,250 INFO  EvoClassLoader - Seeing class for first time: com.fasterxml.jackson.core.sym.CharsToNameCanonicalizer
2024-11-12 13:41:23,250 INFO  EvoClassLoader - Instrumenting class 'com.fasterxml.jackson.core.sym.CharsToNameCanonicalizer'.
2024-11-12 13:41:23,250 INFO  MethodCallReplacementClassAdapter - Adding mock interface to class com/fasterxml/jackson/core/sym/CharsToNameCanonicalizer
2024-11-12 13:41:23,251 INFO  CreateClassResetClassAdapter - Creating brand-new static initializer in class com/fasterxml/jackson/core/sym/CharsToNameCanonicalizer
2024-11-12 13:41:23,251 INFO  CreateClassResetClassAdapter - Adding bytecode for initializing field HASH_MULT
2024-11-12 13:41:23,251 INFO  CreateClassResetClassAdapter - Adding bytecode for initializing field DEFAULT_T_SIZE
2024-11-12 13:41:23,251 INFO  CreateClassResetClassAdapter - Adding bytecode for initializing field MAX_T_SIZE
2024-11-12 13:41:23,251 INFO  CreateClassResetClassAdapter - Adding bytecode for initializing field MAX_ENTRIES_FOR_REUSE
2024-11-12 13:41:23,251 INFO  CreateClassResetClassAdapter - Adding bytecode for initializing field MAX_COLL_CHAIN_LENGTH
2024-11-12 13:41:23,251 INFO  EvoClassLoader - Defined package (3): package com.fasterxml.jackson.core.sym, -396396736
2024-11-12 13:41:23,251 INFO  EvoClassLoader - Keeping class: com.fasterxml.jackson.core.sym.CharsToNameCanonicalizer
2024-11-12 13:41:23,252 INFO  EvoClassLoader - Seeing class for first time: com.fasterxml.jackson.core.sym.CharsToNameCanonicalizer$TableInfo
2024-11-12 13:41:23,252 INFO  EvoClassLoader - Instrumenting class 'com.fasterxml.jackson.core.sym.CharsToNameCanonicalizer$TableInfo'.
2024-11-12 13:41:23,252 INFO  MethodCallReplacementClassAdapter - Adding mock interface to class com/fasterxml/jackson/core/sym/CharsToNameCanonicalizer$TableInfo
2024-11-12 13:41:23,252 INFO  CreateClassResetClassAdapter - Creating brand-new static initializer in class com/fasterxml/jackson/core/sym/CharsToNameCanonicalizer$TableInfo
2024-11-12 13:41:23,252 INFO  EvoClassLoader - Keeping class: com.fasterxml.jackson.core.sym.CharsToNameCanonicalizer$TableInfo
2024-11-12 13:41:23,252 INFO  EvoClassLoader - Seeing class for first time: com.fasterxml.jackson.core.sym.CharsToNameCanonicalizer$Bucket
2024-11-12 13:41:23,252 INFO  EvoClassLoader - Instrumenting class 'com.fasterxml.jackson.core.sym.CharsToNameCanonicalizer$Bucket'.
2024-11-12 13:41:23,253 INFO  MethodCallReplacementClassAdapter - Adding mock interface to class com/fasterxml/jackson/core/sym/CharsToNameCanonicalizer$Bucket
2024-11-12 13:41:23,253 INFO  CreateClassResetClassAdapter - Creating brand-new static initializer in class com/fasterxml/jackson/core/sym/CharsToNameCanonicalizer$Bucket
2024-11-12 13:41:23,253 INFO  EvoClassLoader - Keeping class: com.fasterxml.jackson.core.sym.CharsToNameCanonicalizer$Bucket
2024-11-12 13:41:23,253 INFO  EvoClassLoader - Seeing class for first time: com.fasterxml.jackson.core.sym.ByteQuadsCanonicalizer
2024-11-12 13:41:23,253 INFO  EvoClassLoader - Instrumenting class 'com.fasterxml.jackson.core.sym.ByteQuadsCanonicalizer'.
2024-11-12 13:41:23,302 INFO  MethodCallReplacementClassAdapter - Adding mock interface to class com/fasterxml/jackson/core/sym/ByteQuadsCanonicalizer
2024-11-12 13:41:23,304 INFO  CreateClassResetClassAdapter - Creating brand-new static initializer in class com/fasterxml/jackson/core/sym/ByteQuadsCanonicalizer
2024-11-12 13:41:23,304 INFO  CreateClassResetClassAdapter - Adding bytecode for initializing field DEFAULT_T_SIZE
2024-11-12 13:41:23,304 INFO  CreateClassResetClassAdapter - Adding bytecode for initializing field MAX_T_SIZE
2024-11-12 13:41:23,304 INFO  CreateClassResetClassAdapter - Adding bytecode for initializing field MIN_HASH_SIZE
2024-11-12 13:41:23,304 INFO  CreateClassResetClassAdapter - Adding bytecode for initializing field MAX_ENTRIES_FOR_REUSE
2024-11-12 13:41:23,304 INFO  CreateClassResetClassAdapter - Adding bytecode for initializing field MULT
2024-11-12 13:41:23,304 INFO  CreateClassResetClassAdapter - Adding bytecode for initializing field MULT2
2024-11-12 13:41:23,304 INFO  CreateClassResetClassAdapter - Adding bytecode for initializing field MULT3
2024-11-12 13:41:23,305 INFO  EvoClassLoader - Keeping class: com.fasterxml.jackson.core.sym.ByteQuadsCanonicalizer
2024-11-12 13:41:23,305 INFO  EvoClassLoader - Seeing class for first time: com.fasterxml.jackson.core.sym.ByteQuadsCanonicalizer$TableInfo
2024-11-12 13:41:23,305 INFO  EvoClassLoader - Instrumenting class 'com.fasterxml.jackson.core.sym.ByteQuadsCanonicalizer$TableInfo'.
2024-11-12 13:41:23,305 INFO  MethodCallReplacementClassAdapter - Adding mock interface to class com/fasterxml/jackson/core/sym/ByteQuadsCanonicalizer$TableInfo
2024-11-12 13:41:23,305 INFO  CreateClassResetClassAdapter - Creating brand-new static initializer in class com/fasterxml/jackson/core/sym/ByteQuadsCanonicalizer$TableInfo
2024-11-12 13:41:23,305 INFO  EvoClassLoader - Keeping class: com.fasterxml.jackson.core.sym.ByteQuadsCanonicalizer$TableInfo
2024-11-12 13:41:23,306 INFO  EvoClassLoader - Seeing class for first time: com.fasterxml.jackson.databind.util.RootNameLookup
2024-11-12 13:41:23,306 INFO  EvoClassLoader - Instrumenting class 'com.fasterxml.jackson.databind.util.RootNameLookup'.
2024-11-12 13:41:23,306 INFO  MethodCallReplacementClassAdapter - Adding mock interface to class com/fasterxml/jackson/databind/util/RootNameLookup
2024-11-12 13:41:23,306 INFO  CreateClassResetClassAdapter - Creating brand-new static initializer in class com/fasterxml/jackson/databind/util/RootNameLookup
2024-11-12 13:41:23,306 INFO  EvoClassLoader - Keeping class: com.fasterxml.jackson.databind.util.RootNameLookup
2024-11-12 13:41:23,306 INFO  EvoClassLoader - Seeing class for first time: com.fasterxml.jackson.databind.introspect.SimpleMixInResolver
2024-11-12 13:41:23,306 INFO  EvoClassLoader - Instrumenting class 'com.fasterxml.jackson.databind.introspect.SimpleMixInResolver'.
2024-11-12 13:41:23,307 INFO  MethodCallReplacementClassAdapter - Adding mock interface to class com/fasterxml/jackson/databind/introspect/SimpleMixInResolver
2024-11-12 13:41:23,307 INFO  CreateClassResetClassAdapter - Creating brand-new static initializer in class com/fasterxml/jackson/databind/introspect/SimpleMixInResolver
2024-11-12 13:41:23,307 INFO  EvoClassLoader - Keeping class: com.fasterxml.jackson.databind.introspect.SimpleMixInResolver
2024-11-12 13:41:23,307 INFO  EvoClassLoader - Seeing class for first time: com.fasterxml.jackson.databind.introspect.AnnotationCollector$NoAnnotations
2024-11-12 13:41:23,307 INFO  EvoClassLoader - Instrumenting class 'com.fasterxml.jackson.databind.introspect.AnnotationCollector$NoAnnotations'.
2024-11-12 13:41:23,307 INFO  MethodCallReplacementClassAdapter - Adding mock interface to class com/fasterxml/jackson/databind/introspect/AnnotationCollector$NoAnnotations
2024-11-12 13:41:23,307 INFO  CreateClassResetClassAdapter - Creating brand-new static initializer in class com/fasterxml/jackson/databind/introspect/AnnotationCollector$NoAnnotations
2024-11-12 13:41:23,307 INFO  EvoClassLoader - Seeing class for first time: com.fasterxml.jackson.databind.util.Annotations
2024-11-12 13:41:23,307 INFO  EvoClassLoader - Instrumenting class 'com.fasterxml.jackson.databind.util.Annotations'.
2024-11-12 13:41:23,308 INFO  EvoClassLoader - Keeping class: com.fasterxml.jackson.databind.util.Annotations
2024-11-12 13:41:23,308 INFO  EvoClassLoader - Keeping class: com.fasterxml.jackson.databind.introspect.AnnotationCollector$NoAnnotations
2024-11-12 13:41:23,308 INFO  EvoClassLoader - Seeing class for first time: com.fasterxml.jackson.databind.introspect.AnnotationCollector
2024-11-12 13:41:23,308 INFO  EvoClassLoader - Instrumenting class 'com.fasterxml.jackson.databind.introspect.AnnotationCollector'.
2024-11-12 13:41:23,308 INFO  MethodCallReplacementClassAdapter - Adding mock interface to class com/fasterxml/jackson/databind/introspect/AnnotationCollector
2024-11-12 13:41:23,308 INFO  CreateClassResetClassAdapter - Found static initializer in class com/fasterxml/jackson/databind/introspect/AnnotationCollector
2024-11-12 13:41:23,308 INFO  EvoClassLoader - Keeping class: com.fasterxml.jackson.databind.introspect.AnnotationCollector
2024-11-12 13:41:23,308 INFO  EvoClassLoader - Seeing class for first time: com.fasterxml.jackson.databind.introspect.AnnotationCollector$TwoAnnotations
2024-11-12 13:41:23,308 INFO  EvoClassLoader - Instrumenting class 'com.fasterxml.jackson.databind.introspect.AnnotationCollector$TwoAnnotations'.
2024-11-12 13:41:23,308 INFO  MethodCallReplacementClassAdapter - Adding mock interface to class com/fasterxml/jackson/databind/introspect/AnnotationCollector$TwoAnnotations
2024-11-12 13:41:23,308 INFO  CreateClassResetClassAdapter - Creating brand-new static initializer in class com/fasterxml/jackson/databind/introspect/AnnotationCollector$TwoAnnotations
2024-11-12 13:41:23,308 INFO  EvoClassLoader - Keeping class: com.fasterxml.jackson.databind.introspect.AnnotationCollector$TwoAnnotations
2024-11-12 13:41:23,308 INFO  EvoClassLoader - Seeing class for first time: com.fasterxml.jackson.databind.introspect.AnnotationCollector$OneAnnotation
2024-11-12 13:41:23,308 INFO  EvoClassLoader - Instrumenting class 'com.fasterxml.jackson.databind.introspect.AnnotationCollector$OneAnnotation'.
2024-11-12 13:41:23,309 INFO  MethodCallReplacementClassAdapter - Adding mock interface to class com/fasterxml/jackson/databind/introspect/AnnotationCollector$OneAnnotation
2024-11-12 13:41:23,309 INFO  CreateClassResetClassAdapter - Creating brand-new static initializer in class com/fasterxml/jackson/databind/introspect/AnnotationCollector$OneAnnotation
2024-11-12 13:41:23,309 INFO  EvoClassLoader - Keeping class: com.fasterxml.jackson.databind.introspect.AnnotationCollector$OneAnnotation
2024-11-12 13:41:23,309 INFO  EvoClassLoader - Seeing class for first time: com.fasterxml.jackson.databind.introspect.AnnotationCollector$EmptyCollector
2024-11-12 13:41:23,309 INFO  EvoClassLoader - Instrumenting class 'com.fasterxml.jackson.databind.introspect.AnnotationCollector$EmptyCollector'.
2024-11-12 13:41:23,309 INFO  MethodCallReplacementClassAdapter - Adding mock interface to class com/fasterxml/jackson/databind/introspect/AnnotationCollector$EmptyCollector
2024-11-12 13:41:23,309 INFO  CreateClassResetClassAdapter - Found static initializer in class com/fasterxml/jackson/databind/introspect/AnnotationCollector$EmptyCollector
2024-11-12 13:41:23,309 INFO  EvoClassLoader - Keeping class: com.fasterxml.jackson.databind.introspect.AnnotationCollector$EmptyCollector
2024-11-12 13:41:23,309 INFO  EvoClassLoader - Seeing class for first time: com.fasterxml.jackson.databind.introspect.AnnotationMap
2024-11-12 13:41:23,309 INFO  EvoClassLoader - Instrumenting class 'com.fasterxml.jackson.databind.introspect.AnnotationMap'.
2024-11-12 13:41:23,309 INFO  MethodCallReplacementClassAdapter - Adding mock interface to class com/fasterxml/jackson/databind/introspect/AnnotationMap
2024-11-12 13:41:23,309 INFO  CreateClassResetClassAdapter - Creating brand-new static initializer in class com/fasterxml/jackson/databind/introspect/AnnotationMap
2024-11-12 13:41:23,310 INFO  EvoClassLoader - Keeping class: com.fasterxml.jackson.databind.introspect.AnnotationMap
2024-11-12 13:41:23,310 INFO  EvoClassLoader - Seeing class for first time: com.fasterxml.jackson.databind.introspect.AnnotatedClassResolver
2024-11-12 13:41:23,310 INFO  EvoClassLoader - Instrumenting class 'com.fasterxml.jackson.databind.introspect.AnnotatedClassResolver'.
2024-11-12 13:41:23,310 INFO  MethodCallReplacementClassAdapter - Adding mock interface to class com/fasterxml/jackson/databind/introspect/AnnotatedClassResolver
2024-11-12 13:41:23,310 INFO  CreateClassResetClassAdapter - Found static initializer in class com/fasterxml/jackson/databind/introspect/AnnotatedClassResolver
2024-11-12 13:41:23,311 INFO  EvoClassLoader - Keeping class: com.fasterxml.jackson.databind.introspect.AnnotatedClassResolver
2024-11-12 13:41:23,311 INFO  EvoClassLoader - Seeing class for first time: com.fasterxml.jackson.databind.introspect.AnnotatedClass$Creators
2024-11-12 13:41:23,311 INFO  EvoClassLoader - Instrumenting class 'com.fasterxml.jackson.databind.introspect.AnnotatedClass$Creators'.
2024-11-12 13:41:23,311 INFO  MethodCallReplacementClassAdapter - Adding mock interface to class com/fasterxml/jackson/databind/introspect/AnnotatedClass$Creators
2024-11-12 13:41:23,311 INFO  CreateClassResetClassAdapter - Creating brand-new static initializer in class com/fasterxml/jackson/databind/introspect/AnnotatedClass$Creators
2024-11-12 13:41:23,312 INFO  EvoClassLoader - Keeping class: com.fasterxml.jackson.databind.introspect.AnnotatedClass$Creators
2024-11-12 13:41:23,312 INFO  EvoClassLoader - Seeing class for first time: com.fasterxml.jackson.databind.introspect.AnnotatedConstructor
2024-11-12 13:41:23,312 INFO  EvoClassLoader - Instrumenting class 'com.fasterxml.jackson.databind.introspect.AnnotatedConstructor'.
2024-11-12 13:41:23,312 INFO  MethodCallReplacementClassAdapter - Adding mock interface to class com/fasterxml/jackson/databind/introspect/AnnotatedConstructor
2024-11-12 13:41:23,312 INFO  CreateClassResetClassAdapter - Creating brand-new static initializer in class com/fasterxml/jackson/databind/introspect/AnnotatedConstructor
2024-11-12 13:41:23,313 INFO  EvoClassLoader - Keeping class: com.fasterxml.jackson.databind.introspect.AnnotatedConstructor
2024-11-12 13:41:23,313 INFO  EvoClassLoader - Seeing class for first time: com.fasterxml.jackson.databind.introspect.AnnotatedMethodMap
2024-11-12 13:41:23,313 INFO  EvoClassLoader - Instrumenting class 'com.fasterxml.jackson.databind.introspect.AnnotatedMethodMap'.
2024-11-12 13:41:23,313 INFO  MethodCallReplacementClassAdapter - Adding mock interface to class com/fasterxml/jackson/databind/introspect/AnnotatedMethodMap
2024-11-12 13:41:23,313 INFO  CreateClassResetClassAdapter - Creating brand-new static initializer in class com/fasterxml/jackson/databind/introspect/AnnotatedMethodMap
2024-11-12 13:41:23,313 INFO  EvoClassLoader - Keeping class: com.fasterxml.jackson.databind.introspect.AnnotatedMethodMap
2024-11-12 13:41:23,313 INFO  EvoClassLoader - Seeing class for first time: com.fasterxml.jackson.databind.util.Converter
2024-11-12 13:41:23,313 INFO  EvoClassLoader - Instrumenting class 'com.fasterxml.jackson.databind.util.Converter'.
2024-11-12 13:41:23,313 INFO  EvoClassLoader - Keeping class: com.fasterxml.jackson.databind.util.Converter
2024-11-12 13:41:23,314 INFO  EvoClassLoader - Seeing class for first time: com.fasterxml.jackson.databind.introspect.BasicBeanDescription
2024-11-12 13:41:23,314 INFO  EvoClassLoader - Instrumenting class 'com.fasterxml.jackson.databind.introspect.BasicBeanDescription'.
2024-11-12 13:41:23,314 INFO  MethodCallReplacementClassAdapter - Adding mock interface to class com/fasterxml/jackson/databind/introspect/BasicBeanDescription
2024-11-12 13:41:23,315 INFO  CreateClassResetClassAdapter - Found static initializer in class com/fasterxml/jackson/databind/introspect/BasicBeanDescription
2024-11-12 13:41:23,316 INFO  EvoClassLoader - Keeping class: com.fasterxml.jackson.databind.introspect.BasicBeanDescription
2024-11-12 13:41:23,316 INFO  EvoClassLoader - Seeing class for first time: com.fasterxml.jackson.databind.introspect.POJOPropertiesCollector
2024-11-12 13:41:23,316 INFO  EvoClassLoader - Instrumenting class 'com.fasterxml.jackson.databind.introspect.POJOPropertiesCollector'.
2024-11-12 13:41:23,317 INFO  MethodCallReplacementClassAdapter - Adding mock interface to class com/fasterxml/jackson/databind/introspect/POJOPropertiesCollector
2024-11-12 13:41:23,319 INFO  CreateClassResetClassAdapter - Creating brand-new static initializer in class com/fasterxml/jackson/databind/introspect/POJOPropertiesCollector
2024-11-12 13:41:23,320 INFO  EvoClassLoader - Keeping class: com.fasterxml.jackson.databind.introspect.POJOPropertiesCollector
2024-11-12 13:41:23,320 INFO  EvoClassLoader - Seeing class for first time: com.fasterxml.jackson.databind.cfg.ConfigOverrides
2024-11-12 13:41:23,320 INFO  EvoClassLoader - Instrumenting class 'com.fasterxml.jackson.databind.cfg.ConfigOverrides'.
2024-11-12 13:41:23,321 INFO  MethodCallReplacementClassAdapter - Adding mock interface to class com/fasterxml/jackson/databind/cfg/ConfigOverrides
2024-11-12 13:41:23,321 INFO  CreateClassResetClassAdapter - Creating brand-new static initializer in class com/fasterxml/jackson/databind/cfg/ConfigOverrides
2024-11-12 13:41:23,321 INFO  EvoClassLoader - Keeping class: com.fasterxml.jackson.databind.cfg.ConfigOverrides
2024-11-12 13:41:23,321 INFO  EvoClassLoader - Seeing class for first time: com.fasterxml.jackson.annotation.JsonInclude
2024-11-12 13:41:23,321 INFO  EvoClassLoader - Instrumenting class 'com.fasterxml.jackson.annotation.JsonInclude'.
2024-11-12 13:41:23,322 INFO  EvoClassLoader - Keeping class: com.fasterxml.jackson.annotation.JsonInclude
2024-11-12 13:41:23,322 INFO  EvoClassLoader - Seeing class for first time: com.fasterxml.jackson.annotation.Nulls
2024-11-12 13:41:23,322 INFO  EvoClassLoader - Instrumenting class 'com.fasterxml.jackson.annotation.Nulls'.
2024-11-12 13:41:23,322 INFO  MethodCallReplacementClassAdapter - Adding mock interface to class com/fasterxml/jackson/annotation/Nulls
2024-11-12 13:41:23,322 INFO  CreateClassResetClassAdapter - Found static initializer in class com/fasterxml/jackson/annotation/Nulls
2024-11-12 13:41:23,322 INFO  EvoClassLoader - Keeping class: com.fasterxml.jackson.annotation.Nulls
2024-11-12 13:41:23,322 INFO  EvoClassLoader - Seeing class for first time: com.fasterxml.jackson.annotation.JsonSetter
2024-11-12 13:41:23,322 INFO  EvoClassLoader - Instrumenting class 'com.fasterxml.jackson.annotation.JsonSetter'.
2024-11-12 13:41:23,323 INFO  EvoClassLoader - Keeping class: com.fasterxml.jackson.annotation.JsonSetter
2024-11-12 13:41:23,323 INFO  EvoClassLoader - Seeing class for first time: com.fasterxml.jackson.annotation.JsonAutoDetect
2024-11-12 13:41:23,323 INFO  EvoClassLoader - Instrumenting class 'com.fasterxml.jackson.annotation.JsonAutoDetect'.
2024-11-12 13:41:23,323 INFO  EvoClassLoader - Keeping class: com.fasterxml.jackson.annotation.JsonAutoDetect
2024-11-12 13:41:23,323 INFO  EvoClassLoader - Seeing class for first time: com.fasterxml.jackson.databind.introspect.VisibilityChecker$Std
2024-11-12 13:41:23,323 INFO  EvoClassLoader - Instrumenting class 'com.fasterxml.jackson.databind.introspect.VisibilityChecker$Std'.
2024-11-12 13:41:23,323 INFO  MethodCallReplacementClassAdapter - Adding mock interface to class com/fasterxml/jackson/databind/introspect/VisibilityChecker$Std
2024-11-12 13:41:23,324 INFO  CreateClassResetClassAdapter - Found static initializer in class com/fasterxml/jackson/databind/introspect/VisibilityChecker$Std
2024-11-12 13:41:23,324 INFO  EvoClassLoader - Keeping class: com.fasterxml.jackson.databind.introspect.VisibilityChecker$Std
2024-11-12 13:41:23,324 INFO  EvoClassLoader - Seeing class for first time: com.fasterxml.jackson.databind.cfg.CoercionConfigs
2024-11-12 13:41:23,324 INFO  EvoClassLoader - Instrumenting class 'com.fasterxml.jackson.databind.cfg.CoercionConfigs'.
2024-11-12 13:41:23,325 INFO  MethodCallReplacementClassAdapter - Adding mock interface to class com/fasterxml/jackson/databind/cfg/CoercionConfigs
2024-11-12 13:41:23,325 INFO  CreateClassResetClassAdapter - Found static initializer in class com/fasterxml/jackson/databind/cfg/CoercionConfigs
2024-11-12 13:41:23,325 INFO  EvoClassLoader - Keeping class: com.fasterxml.jackson.databind.cfg.CoercionConfigs
2024-11-12 13:41:23,325 INFO  EvoClassLoader - Seeing class for first time: com.fasterxml.jackson.databind.cfg.CoercionAction
2024-11-12 13:41:23,325 INFO  EvoClassLoader - Instrumenting class 'com.fasterxml.jackson.databind.cfg.CoercionAction'.
2024-11-12 13:41:23,325 INFO  MethodCallReplacementClassAdapter - Adding mock interface to class com/fasterxml/jackson/databind/cfg/CoercionAction
2024-11-12 13:41:23,325 INFO  CreateClassResetClassAdapter - Found static initializer in class com/fasterxml/jackson/databind/cfg/CoercionAction
2024-11-12 13:41:23,326 INFO  EvoClassLoader - Keeping class: com.fasterxml.jackson.databind.cfg.CoercionAction
2024-11-12 13:41:23,326 INFO  EvoClassLoader - Seeing class for first time: com.fasterxml.jackson.databind.cfg.CoercionInputShape
2024-11-12 13:41:23,326 INFO  EvoClassLoader - Instrumenting class 'com.fasterxml.jackson.databind.cfg.CoercionInputShape'.
2024-11-12 13:41:23,326 INFO  MethodCallReplacementClassAdapter - Adding mock interface to class com/fasterxml/jackson/databind/cfg/CoercionInputShape
2024-11-12 13:41:23,326 INFO  CreateClassResetClassAdapter - Found static initializer in class com/fasterxml/jackson/databind/cfg/CoercionInputShape
2024-11-12 13:41:23,326 INFO  EvoClassLoader - Keeping class: com.fasterxml.jackson.databind.cfg.CoercionInputShape
2024-11-12 13:41:23,326 INFO  EvoClassLoader - Seeing class for first time: com.fasterxml.jackson.annotation.JsonFormat$Shape
2024-11-12 13:41:23,326 INFO  EvoClassLoader - Instrumenting class 'com.fasterxml.jackson.annotation.JsonFormat$Shape'.
2024-11-12 13:41:23,326 INFO  MethodCallReplacementClassAdapter - Adding mock interface to class com/fasterxml/jackson/annotation/JsonFormat$Shape
2024-11-12 13:41:23,326 INFO  CreateClassResetClassAdapter - Found static initializer in class com/fasterxml/jackson/annotation/JsonFormat$Shape
2024-11-12 13:41:23,327 INFO  EvoClassLoader - Keeping class: com.fasterxml.jackson.annotation.JsonFormat$Shape
2024-11-12 13:41:23,327 INFO  EvoClassLoader - Seeing class for first time: com.fasterxml.jackson.annotation.JsonFormat$Features
2024-11-12 13:41:23,327 INFO  EvoClassLoader - Instrumenting class 'com.fasterxml.jackson.annotation.JsonFormat$Features'.
2024-11-12 13:41:23,327 INFO  MethodCallReplacementClassAdapter - Adding mock interface to class com/fasterxml/jackson/annotation/JsonFormat$Features
2024-11-12 13:41:23,327 INFO  CreateClassResetClassAdapter - Found static initializer in class com/fasterxml/jackson/annotation/JsonFormat$Features
2024-11-12 13:41:23,327 INFO  EvoClassLoader - Keeping class: com.fasterxml.jackson.annotation.JsonFormat$Features
2024-11-12 13:41:23,327 INFO  EvoClassLoader - Seeing class for first time: com.fasterxml.jackson.annotation.JsonFormat$Feature
2024-11-12 13:41:23,327 INFO  EvoClassLoader - Instrumenting class 'com.fasterxml.jackson.annotation.JsonFormat$Feature'.
2024-11-12 13:41:23,328 INFO  MethodCallReplacementClassAdapter - Adding mock interface to class com/fasterxml/jackson/annotation/JsonFormat$Feature
2024-11-12 13:41:23,328 INFO  CreateClassResetClassAdapter - Found static initializer in class com/fasterxml/jackson/annotation/JsonFormat$Feature
2024-11-12 13:41:23,328 INFO  EvoClassLoader - Keeping class: com.fasterxml.jackson.annotation.JsonFormat$Feature
2024-11-12 13:41:23,328 INFO  EvoClassLoader - Seeing class for first time: com.fasterxml.jackson.databind.jsontype.DefaultBaseTypeLimitingValidator
2024-11-12 13:41:23,328 INFO  EvoClassLoader - Instrumenting class 'com.fasterxml.jackson.databind.jsontype.DefaultBaseTypeLimitingValidator'.
2024-11-12 13:41:23,329 INFO  MethodCallReplacementClassAdapter - Adding mock interface to class com/fasterxml/jackson/databind/jsontype/DefaultBaseTypeLimitingValidator
2024-11-12 13:41:23,329 INFO  CreateClassResetClassAdapter - Creating brand-new static initializer in class com/fasterxml/jackson/databind/jsontype/DefaultBaseTypeLimitingValidator
2024-11-12 13:41:23,329 INFO  EvoClassLoader - Keeping class: com.fasterxml.jackson.databind.jsontype.DefaultBaseTypeLimitingValidator
2024-11-12 13:41:23,329 INFO  EvoClassLoader - Seeing class for first time: com.fasterxml.jackson.databind.jsontype.TypeIdResolver
2024-11-12 13:41:23,329 INFO  EvoClassLoader - Instrumenting class 'com.fasterxml.jackson.databind.jsontype.TypeIdResolver'.
2024-11-12 13:41:23,329 INFO  EvoClassLoader - Keeping class: com.fasterxml.jackson.databind.jsontype.TypeIdResolver
2024-11-12 13:41:23,329 INFO  EvoClassLoader - Seeing class for first time: com.fasterxml.jackson.databind.cfg.ConfigOverride$Empty
2024-11-12 13:41:23,329 INFO  EvoClassLoader - Instrumenting class 'com.fasterxml.jackson.databind.cfg.ConfigOverride$Empty'.
2024-11-12 13:41:23,329 INFO  MethodCallReplacementClassAdapter - Adding mock interface to class com/fasterxml/jackson/databind/cfg/ConfigOverride$Empty
2024-11-12 13:41:23,329 INFO  CreateClassResetClassAdapter - Found static initializer in class com/fasterxml/jackson/databind/cfg/ConfigOverride$Empty
2024-11-12 13:41:23,329 INFO  EvoClassLoader - Keeping class: com.fasterxml.jackson.databind.cfg.ConfigOverride$Empty
2024-11-12 13:41:23,330 INFO  EvoClassLoader - Seeing class for first time: com.fasterxml.jackson.core.util.DefaultPrettyPrinter$NopIndenter
2024-11-12 13:41:23,330 INFO  EvoClassLoader - Instrumenting class 'com.fasterxml.jackson.core.util.DefaultPrettyPrinter$NopIndenter'.
2024-11-12 13:41:23,330 INFO  MethodCallReplacementClassAdapter - Adding mock interface to class com/fasterxml/jackson/core/util/DefaultPrettyPrinter$NopIndenter
2024-11-12 13:41:23,330 INFO  CreateClassResetClassAdapter - Found static initializer in class com/fasterxml/jackson/core/util/DefaultPrettyPrinter$NopIndenter
2024-11-12 13:41:23,331 INFO  EvoClassLoader - Keeping class: com.fasterxml.jackson.core.util.DefaultPrettyPrinter$NopIndenter
2024-11-12 13:41:23,331 INFO  EvoClassLoader - Seeing class for first time: com.fasterxml.jackson.core.util.DefaultPrettyPrinter$FixedSpaceIndenter
2024-11-12 13:41:23,331 INFO  EvoClassLoader - Instrumenting class 'com.fasterxml.jackson.core.util.DefaultPrettyPrinter$FixedSpaceIndenter'.
2024-11-12 13:41:23,331 INFO  MethodCallReplacementClassAdapter - Adding mock interface to class com/fasterxml/jackson/core/util/DefaultPrettyPrinter$FixedSpaceIndenter
2024-11-12 13:41:23,331 INFO  CreateClassResetClassAdapter - Found static initializer in class com/fasterxml/jackson/core/util/DefaultPrettyPrinter$FixedSpaceIndenter
2024-11-12 13:41:23,331 INFO  EvoClassLoader - Keeping class: com.fasterxml.jackson.core.util.DefaultPrettyPrinter$FixedSpaceIndenter
2024-11-12 13:41:23,331 INFO  EvoClassLoader - Seeing class for first time: com.fasterxml.jackson.core.util.DefaultIndenter
2024-11-12 13:41:23,331 INFO  EvoClassLoader - Instrumenting class 'com.fasterxml.jackson.core.util.DefaultIndenter'.
2024-11-12 13:41:23,331 INFO  MethodCallReplacementClassAdapter - Adding mock interface to class com/fasterxml/jackson/core/util/DefaultIndenter
2024-11-12 13:41:23,331 INFO  CreateClassResetClassAdapter - Found static initializer in class com/fasterxml/jackson/core/util/DefaultIndenter
2024-11-12 13:41:23,332 INFO  EvoClassLoader - Keeping class: com.fasterxml.jackson.core.util.DefaultIndenter
2024-11-12 13:41:23,333 INFO  EvoClassLoader - Seeing class for first time: com.fasterxml.jackson.core.FormatFeature
2024-11-12 13:41:23,333 INFO  EvoClassLoader - Instrumenting class 'com.fasterxml.jackson.core.FormatFeature'.
2024-11-12 13:41:23,333 INFO  EvoClassLoader - Keeping class: com.fasterxml.jackson.core.FormatFeature
2024-11-12 13:41:23,333 INFO  EvoClassLoader - Seeing class for first time: com.fasterxml.jackson.databind.cfg.ContextAttributes$Impl
2024-11-12 13:41:23,333 INFO  EvoClassLoader - Instrumenting class 'com.fasterxml.jackson.databind.cfg.ContextAttributes$Impl'.
2024-11-12 13:41:23,333 INFO  MethodCallReplacementClassAdapter - Adding mock interface to class com/fasterxml/jackson/databind/cfg/ContextAttributes$Impl
2024-11-12 13:41:23,334 INFO  CreateClassResetClassAdapter - Found static initializer in class com/fasterxml/jackson/databind/cfg/ContextAttributes$Impl
2024-11-12 13:41:23,334 INFO  EvoClassLoader - Keeping class: com.fasterxml.jackson.databind.cfg.ContextAttributes$Impl
2024-11-12 13:41:23,335 INFO  EvoClassLoader - Seeing class for first time: com.fasterxml.jackson.databind.jsontype.TypeDeserializer
2024-11-12 13:41:23,335 INFO  EvoClassLoader - Instrumenting class 'com.fasterxml.jackson.databind.jsontype.TypeDeserializer'.
2024-11-12 13:41:23,335 INFO  MethodCallReplacementClassAdapter - Adding mock interface to class com/fasterxml/jackson/databind/jsontype/TypeDeserializer
2024-11-12 13:41:23,335 INFO  CreateClassResetClassAdapter - Creating brand-new static initializer in class com/fasterxml/jackson/databind/jsontype/TypeDeserializer
2024-11-12 13:41:23,335 INFO  EvoClassLoader - Keeping class: com.fasterxml.jackson.databind.jsontype.TypeDeserializer
2024-11-12 13:41:23,335 INFO  EvoClassLoader - Seeing class for first time: com.fasterxml.jackson.databind.util.LinkedNode
2024-11-12 13:41:23,335 INFO  EvoClassLoader - Instrumenting class 'com.fasterxml.jackson.databind.util.LinkedNode'.
2024-11-12 13:41:23,335 INFO  MethodCallReplacementClassAdapter - Adding mock interface to class com/fasterxml/jackson/databind/util/LinkedNode
2024-11-12 13:41:23,336 INFO  CreateClassResetClassAdapter - Creating brand-new static initializer in class com/fasterxml/jackson/databind/util/LinkedNode
2024-11-12 13:41:23,336 INFO  EvoClassLoader - Keeping class: com.fasterxml.jackson.databind.util.LinkedNode
2024-11-12 13:41:23,336 INFO  EvoClassLoader - Seeing class for first time: com.fasterxml.jackson.databind.node.MissingNode
2024-11-12 13:41:23,336 INFO  EvoClassLoader - Instrumenting class 'com.fasterxml.jackson.databind.node.MissingNode'.
2024-11-12 13:41:23,336 INFO  MethodCallReplacementClassAdapter - Adding mock interface to class com/fasterxml/jackson/databind/node/MissingNode
2024-11-12 13:41:23,336 INFO  CreateClassResetClassAdapter - Found static initializer in class com/fasterxml/jackson/databind/node/MissingNode
2024-11-12 13:41:23,336 INFO  EvoClassLoader - Keeping class: com.fasterxml.jackson.databind.node.MissingNode
2024-11-12 13:41:23,336 INFO  EvoClassLoader - Seeing class for first time: com.fasterxml.jackson.databind.node.POJONode
2024-11-12 13:41:23,336 INFO  EvoClassLoader - Instrumenting class 'com.fasterxml.jackson.databind.node.POJONode'.
2024-11-12 13:41:23,337 INFO  MethodCallReplacementClassAdapter - Adding mock interface to class com/fasterxml/jackson/databind/node/POJONode
2024-11-12 13:41:23,337 INFO  CreateClassResetClassAdapter - Creating brand-new static initializer in class com/fasterxml/jackson/databind/node/POJONode
2024-11-12 13:41:23,337 INFO  EvoClassLoader - Keeping class: com.fasterxml.jackson.databind.node.POJONode
2024-11-12 13:41:23,337 INFO  EvoClassLoader - Seeing class for first time: com.fasterxml.jackson.databind.node.IntNode
2024-11-12 13:41:23,337 INFO  EvoClassLoader - Instrumenting class 'com.fasterxml.jackson.databind.node.IntNode'.
2024-11-12 13:41:23,337 INFO  MethodCallReplacementClassAdapter - Adding mock interface to class com/fasterxml/jackson/databind/node/IntNode
2024-11-12 13:41:23,337 INFO  CreateClassResetClassAdapter - Found static initializer in class com/fasterxml/jackson/databind/node/IntNode
2024-11-12 13:41:23,337 INFO  EvoClassLoader - Seeing class for first time: com.fasterxml.jackson.databind.node.NumericNode
2024-11-12 13:41:23,337 INFO  EvoClassLoader - Instrumenting class 'com.fasterxml.jackson.databind.node.NumericNode'.
2024-11-12 13:41:23,337 INFO  MethodCallReplacementClassAdapter - Adding mock interface to class com/fasterxml/jackson/databind/node/NumericNode
2024-11-12 13:41:23,337 INFO  CreateClassResetClassAdapter - Creating brand-new static initializer in class com/fasterxml/jackson/databind/node/NumericNode
2024-11-12 13:41:23,337 INFO  EvoClassLoader - Keeping class: com.fasterxml.jackson.databind.node.NumericNode
2024-11-12 13:41:23,337 INFO  EvoClassLoader - Keeping class: com.fasterxml.jackson.databind.node.IntNode
2024-11-12 13:41:23,337 INFO  EvoClassLoader - Seeing class for first time: com.fasterxml.jackson.databind.node.ShortNode
2024-11-12 13:41:23,337 INFO  EvoClassLoader - Instrumenting class 'com.fasterxml.jackson.databind.node.ShortNode'.
2024-11-12 13:41:23,337 INFO  MethodCallReplacementClassAdapter - Adding mock interface to class com/fasterxml/jackson/databind/node/ShortNode
2024-11-12 13:41:23,338 INFO  CreateClassResetClassAdapter - Creating brand-new static initializer in class com/fasterxml/jackson/databind/node/ShortNode
2024-11-12 13:41:23,338 INFO  EvoClassLoader - Keeping class: com.fasterxml.jackson.databind.node.ShortNode
2024-11-12 13:41:23,338 INFO  EvoClassLoader - Seeing class for first time: com.fasterxml.jackson.databind.node.LongNode
2024-11-12 13:41:23,338 INFO  EvoClassLoader - Instrumenting class 'com.fasterxml.jackson.databind.node.LongNode'.
2024-11-12 13:41:23,338 INFO  MethodCallReplacementClassAdapter - Adding mock interface to class com/fasterxml/jackson/databind/node/LongNode
2024-11-12 13:41:23,338 INFO  CreateClassResetClassAdapter - Creating brand-new static initializer in class com/fasterxml/jackson/databind/node/LongNode
2024-11-12 13:41:23,338 INFO  EvoClassLoader - Keeping class: com.fasterxml.jackson.databind.node.LongNode
2024-11-12 13:41:23,338 INFO  EvoClassLoader - Seeing class for first time: com.fasterxml.jackson.databind.node.BigIntegerNode
2024-11-12 13:41:23,338 INFO  EvoClassLoader - Instrumenting class 'com.fasterxml.jackson.databind.node.BigIntegerNode'.
2024-11-12 13:41:23,338 INFO  MethodCallReplacementClassAdapter - Adding mock interface to class com/fasterxml/jackson/databind/node/BigIntegerNode
2024-11-12 13:41:23,338 INFO  CreateClassResetClassAdapter - Found static initializer in class com/fasterxml/jackson/databind/node/BigIntegerNode
2024-11-12 13:41:23,338 INFO  EvoClassLoader - Keeping class: com.fasterxml.jackson.databind.node.BigIntegerNode
2024-11-12 13:41:23,338 INFO  EvoClassLoader - Seeing class for first time: com.fasterxml.jackson.databind.node.DecimalNode
2024-11-12 13:41:23,338 INFO  EvoClassLoader - Instrumenting class 'com.fasterxml.jackson.databind.node.DecimalNode'.
2024-11-12 13:41:23,339 INFO  MethodCallReplacementClassAdapter - Adding mock interface to class com/fasterxml/jackson/databind/node/DecimalNode
2024-11-12 13:41:23,339 INFO  CreateClassResetClassAdapter - Found static initializer in class com/fasterxml/jackson/databind/node/DecimalNode
2024-11-12 13:41:23,339 INFO  EvoClassLoader - Keeping class: com.fasterxml.jackson.databind.node.DecimalNode
2024-11-12 13:41:23,339 INFO  EvoClassLoader - Seeing class for first time: com.fasterxml.jackson.databind.node.FloatNode
2024-11-12 13:41:23,339 INFO  EvoClassLoader - Instrumenting class 'com.fasterxml.jackson.databind.node.FloatNode'.
2024-11-12 13:41:23,339 INFO  MethodCallReplacementClassAdapter - Adding mock interface to class com/fasterxml/jackson/databind/node/FloatNode
2024-11-12 13:41:23,339 INFO  CreateClassResetClassAdapter - Creating brand-new static initializer in class com/fasterxml/jackson/databind/node/FloatNode
2024-11-12 13:41:23,339 INFO  EvoClassLoader - Keeping class: com.fasterxml.jackson.databind.node.FloatNode
2024-11-12 13:41:23,339 INFO  EvoClassLoader - Seeing class for first time: com.fasterxml.jackson.databind.node.DoubleNode
2024-11-12 13:41:23,339 INFO  EvoClassLoader - Instrumenting class 'com.fasterxml.jackson.databind.node.DoubleNode'.
2024-11-12 13:41:23,340 INFO  MethodCallReplacementClassAdapter - Adding mock interface to class com/fasterxml/jackson/databind/node/DoubleNode
2024-11-12 13:41:23,340 INFO  CreateClassResetClassAdapter - Creating brand-new static initializer in class com/fasterxml/jackson/databind/node/DoubleNode
2024-11-12 13:41:23,340 INFO  EvoClassLoader - Keeping class: com.fasterxml.jackson.databind.node.DoubleNode
2024-11-12 13:41:23,340 INFO  EvoClassLoader - Seeing class for first time: com.fasterxml.jackson.databind.node.BinaryNode
2024-11-12 13:41:23,340 INFO  EvoClassLoader - Instrumenting class 'com.fasterxml.jackson.databind.node.BinaryNode'.
2024-11-12 13:41:23,340 INFO  MethodCallReplacementClassAdapter - Adding mock interface to class com/fasterxml/jackson/databind/node/BinaryNode
2024-11-12 13:41:23,340 INFO  CreateClassResetClassAdapter - Found static initializer in class com/fasterxml/jackson/databind/node/BinaryNode
2024-11-12 13:41:23,340 INFO  EvoClassLoader - Keeping class: com.fasterxml.jackson.databind.node.BinaryNode
2024-11-12 13:41:23,340 INFO  EvoClassLoader - Seeing class for first time: com.fasterxml.jackson.databind.node.TextNode
2024-11-12 13:41:23,340 INFO  EvoClassLoader - Instrumenting class 'com.fasterxml.jackson.databind.node.TextNode'.
2024-11-12 13:41:23,340 INFO  MethodCallReplacementClassAdapter - Adding mock interface to class com/fasterxml/jackson/databind/node/TextNode
2024-11-12 13:41:23,340 INFO  CreateClassResetClassAdapter - Found static initializer in class com/fasterxml/jackson/databind/node/TextNode
2024-11-12 13:41:23,341 INFO  EvoClassLoader - Keeping class: com.fasterxml.jackson.databind.node.TextNode
2024-11-12 13:41:23,341 INFO  EvoClassLoader - Seeing class for first time: com.fasterxml.jackson.databind.node.BooleanNode
2024-11-12 13:41:23,341 INFO  EvoClassLoader - Instrumenting class 'com.fasterxml.jackson.databind.node.BooleanNode'.
2024-11-12 13:41:23,341 INFO  MethodCallReplacementClassAdapter - Adding mock interface to class com/fasterxml/jackson/databind/node/BooleanNode
2024-11-12 13:41:23,341 INFO  CreateClassResetClassAdapter - Found static initializer in class com/fasterxml/jackson/databind/node/BooleanNode
2024-11-12 13:41:23,341 INFO  EvoClassLoader - Keeping class: com.fasterxml.jackson.databind.node.BooleanNode
2024-11-12 13:41:23,341 INFO  EvoClassLoader - Seeing class for first time: com.fasterxml.jackson.databind.util.RawValue
2024-11-12 13:41:23,341 INFO  EvoClassLoader - Instrumenting class 'com.fasterxml.jackson.databind.util.RawValue'.
2024-11-12 13:41:23,341 INFO  MethodCallReplacementClassAdapter - Adding mock interface to class com/fasterxml/jackson/databind/util/RawValue
2024-11-12 13:41:23,341 INFO  CreateClassResetClassAdapter - Creating brand-new static initializer in class com/fasterxml/jackson/databind/util/RawValue
2024-11-12 13:41:23,341 INFO  EvoClassLoader - Keeping class: com.fasterxml.jackson.databind.util.RawValue
2024-11-12 13:41:23,342 INFO  EvoClassLoader - Seeing class for first time: com.fasterxml.jackson.annotation.ObjectIdGenerator
2024-11-12 13:41:23,342 INFO  EvoClassLoader - Instrumenting class 'com.fasterxml.jackson.annotation.ObjectIdGenerator'.
2024-11-12 13:41:23,342 INFO  MethodCallReplacementClassAdapter - Adding mock interface to class com/fasterxml/jackson/annotation/ObjectIdGenerator
2024-11-12 13:41:23,342 INFO  CreateClassResetClassAdapter - Creating brand-new static initializer in class com/fasterxml/jackson/annotation/ObjectIdGenerator
2024-11-12 13:41:23,342 INFO  EvoClassLoader - Keeping class: com.fasterxml.jackson.annotation.ObjectIdGenerator
2024-11-12 13:41:23,342 INFO  EvoClassLoader - Seeing class for first time: com.fasterxml.jackson.annotation.ObjectIdResolver
2024-11-12 13:41:23,342 INFO  EvoClassLoader - Instrumenting class 'com.fasterxml.jackson.annotation.ObjectIdResolver'.
2024-11-12 13:41:23,342 INFO  EvoClassLoader - Keeping class: com.fasterxml.jackson.annotation.ObjectIdResolver
2024-11-12 13:41:23,342 INFO  EvoClassLoader - Seeing class for first time: com.fasterxml.jackson.databind.JsonSerializer
2024-11-12 13:41:23,342 INFO  EvoClassLoader - Instrumenting class 'com.fasterxml.jackson.databind.JsonSerializer'.
2024-11-12 13:41:23,342 INFO  MethodCallReplacementClassAdapter - Adding mock interface to class com/fasterxml/jackson/databind/JsonSerializer
2024-11-12 13:41:23,342 INFO  CreateClassResetClassAdapter - Creating brand-new static initializer in class com/fasterxml/jackson/databind/JsonSerializer
2024-11-12 13:41:23,343 INFO  EvoClassLoader - Seeing class for first time: com.fasterxml.jackson.databind.jsonFormatVisitors.JsonFormatVisitable
2024-11-12 13:41:23,343 INFO  EvoClassLoader - Instrumenting class 'com.fasterxml.jackson.databind.jsonFormatVisitors.JsonFormatVisitable'.
2024-11-12 13:41:23,343 INFO  EvoClassLoader - Keeping class: com.fasterxml.jackson.databind.jsonFormatVisitors.JsonFormatVisitable
2024-11-12 13:41:23,343 INFO  EvoClassLoader - Keeping class: com.fasterxml.jackson.databind.JsonSerializer
2024-11-12 13:41:23,343 INFO  EvoClassLoader - Seeing class for first time: com.fasterxml.jackson.databind.ser.std.StdSerializer
2024-11-12 13:41:23,343 INFO  EvoClassLoader - Instrumenting class 'com.fasterxml.jackson.databind.ser.std.StdSerializer'.
2024-11-12 13:41:23,343 INFO  MethodCallReplacementClassAdapter - Adding mock interface to class com/fasterxml/jackson/databind/ser/std/StdSerializer
2024-11-12 13:41:23,344 INFO  CreateClassResetClassAdapter - Found static initializer in class com/fasterxml/jackson/databind/ser/std/StdSerializer
2024-11-12 13:41:23,344 INFO  EvoClassLoader - Defined package (3): package com.fasterxml.jackson.databind.ser.std, 629529302
2024-11-12 13:41:23,344 INFO  EvoClassLoader - Seeing class for first time: com.fasterxml.jackson.databind.jsonschema.SchemaAware
2024-11-12 13:41:23,344 INFO  EvoClassLoader - Instrumenting class 'com.fasterxml.jackson.databind.jsonschema.SchemaAware'.
2024-11-12 13:41:23,344 INFO  EvoClassLoader - Keeping class: com.fasterxml.jackson.databind.jsonschema.SchemaAware
2024-11-12 13:41:23,344 INFO  EvoClassLoader - Keeping class: com.fasterxml.jackson.databind.ser.std.StdSerializer
2024-11-12 13:41:23,345 INFO  EvoClassLoader - Seeing class for first time: com.fasterxml.jackson.databind.ser.std.StdDelegatingSerializer
2024-11-12 13:41:23,345 INFO  EvoClassLoader - Instrumenting class 'com.fasterxml.jackson.databind.ser.std.StdDelegatingSerializer'.
2024-11-12 13:41:23,345 INFO  MethodCallReplacementClassAdapter - Adding mock interface to class com/fasterxml/jackson/databind/ser/std/StdDelegatingSerializer
2024-11-12 13:41:23,345 INFO  CreateClassResetClassAdapter - Creating brand-new static initializer in class com/fasterxml/jackson/databind/ser/std/StdDelegatingSerializer
2024-11-12 13:41:23,345 INFO  EvoClassLoader - Seeing class for first time: com.fasterxml.jackson.databind.ser.ContextualSerializer
2024-11-12 13:41:23,345 INFO  EvoClassLoader - Instrumenting class 'com.fasterxml.jackson.databind.ser.ContextualSerializer'.
2024-11-12 13:41:23,345 INFO  EvoClassLoader - Keeping class: com.fasterxml.jackson.databind.ser.ContextualSerializer
2024-11-12 13:41:23,345 INFO  EvoClassLoader - Seeing class for first time: com.fasterxml.jackson.databind.ser.ResolvableSerializer
2024-11-12 13:41:23,345 INFO  EvoClassLoader - Instrumenting class 'com.fasterxml.jackson.databind.ser.ResolvableSerializer'.
2024-11-12 13:41:23,345 INFO  EvoClassLoader - Keeping class: com.fasterxml.jackson.databind.ser.ResolvableSerializer
2024-11-12 13:41:23,345 INFO  EvoClassLoader - Keeping class: com.fasterxml.jackson.databind.ser.std.StdDelegatingSerializer
2024-11-12 13:41:23,346 INFO  EvoClassLoader - Seeing class for first time: com.fasterxml.jackson.databind.ser.PropertyFilter
2024-11-12 13:41:23,346 INFO  EvoClassLoader - Instrumenting class 'com.fasterxml.jackson.databind.ser.PropertyFilter'.
2024-11-12 13:41:23,346 INFO  EvoClassLoader - Keeping class: com.fasterxml.jackson.databind.ser.PropertyFilter
2024-11-12 13:41:23,346 INFO  EvoClassLoader - Seeing class for first time: com.fasterxml.jackson.core.JsonParser$NumberType
2024-11-12 13:41:23,346 INFO  EvoClassLoader - Instrumenting class 'com.fasterxml.jackson.core.JsonParser$NumberType'.
2024-11-12 13:41:23,346 INFO  MethodCallReplacementClassAdapter - Adding mock interface to class com/fasterxml/jackson/core/JsonParser$NumberType
2024-11-12 13:41:23,346 INFO  CreateClassResetClassAdapter - Found static initializer in class com/fasterxml/jackson/core/JsonParser$NumberType
2024-11-12 13:41:23,346 INFO  EvoClassLoader - Keeping class: com.fasterxml.jackson.core.JsonParser$NumberType
2024-11-12 13:41:23,346 INFO  EvoClassLoader - Seeing class for first time: com.fasterxml.jackson.databind.jsonFormatVisitors.JsonFormatTypes
2024-11-12 13:41:23,346 INFO  EvoClassLoader - Instrumenting class 'com.fasterxml.jackson.databind.jsonFormatVisitors.JsonFormatTypes'.
2024-11-12 13:41:23,346 INFO  MethodCallReplacementClassAdapter - Adding mock interface to class com/fasterxml/jackson/databind/jsonFormatVisitors/JsonFormatTypes
2024-11-12 13:41:23,346 INFO  CreateClassResetClassAdapter - Found static initializer in class com/fasterxml/jackson/databind/jsonFormatVisitors/JsonFormatTypes
2024-11-12 13:41:23,346 INFO  EvoClassLoader - Keeping class: com.fasterxml.jackson.databind.jsonFormatVisitors.JsonFormatTypes
2024-11-12 13:41:23,346 INFO  EvoClassLoader - Seeing class for first time: com.fasterxml.jackson.databind.jsonFormatVisitors.JsonValueFormat
2024-11-12 13:41:23,346 INFO  EvoClassLoader - Instrumenting class 'com.fasterxml.jackson.databind.jsonFormatVisitors.JsonValueFormat'.
2024-11-12 13:41:23,346 INFO  MethodCallReplacementClassAdapter - Adding mock interface to class com/fasterxml/jackson/databind/jsonFormatVisitors/JsonValueFormat
2024-11-12 13:41:23,347 INFO  CreateClassResetClassAdapter - Found static initializer in class com/fasterxml/jackson/databind/jsonFormatVisitors/JsonValueFormat
2024-11-12 13:41:23,347 INFO  EvoClassLoader - Keeping class: com.fasterxml.jackson.databind.jsonFormatVisitors.JsonValueFormat
2024-11-12 13:41:23,347 INFO  EvoClassLoader - Seeing class for first time: com.fasterxml.jackson.databind.ser.impl.FailingSerializer
2024-11-12 13:41:23,347 INFO  EvoClassLoader - Instrumenting class 'com.fasterxml.jackson.databind.ser.impl.FailingSerializer'.
2024-11-12 13:41:23,347 INFO  MethodCallReplacementClassAdapter - Adding mock interface to class com/fasterxml/jackson/databind/ser/impl/FailingSerializer
2024-11-12 13:41:23,347 INFO  CreateClassResetClassAdapter - Creating brand-new static initializer in class com/fasterxml/jackson/databind/ser/impl/FailingSerializer
2024-11-12 13:41:23,347 INFO  EvoClassLoader - Keeping class: com.fasterxml.jackson.databind.ser.impl.FailingSerializer
2024-11-12 13:41:23,347 INFO  EvoClassLoader - Seeing class for first time: com.fasterxml.jackson.databind.ser.impl.UnknownSerializer
2024-11-12 13:41:23,347 INFO  EvoClassLoader - Instrumenting class 'com.fasterxml.jackson.databind.ser.impl.UnknownSerializer'.
2024-11-12 13:41:23,347 INFO  MethodCallReplacementClassAdapter - Adding mock interface to class com/fasterxml/jackson/databind/ser/impl/UnknownSerializer
2024-11-12 13:41:23,347 INFO  CreateClassResetClassAdapter - Creating brand-new static initializer in class com/fasterxml/jackson/databind/ser/impl/UnknownSerializer
2024-11-12 13:41:23,347 INFO  EvoClassLoader - Keeping class: com.fasterxml.jackson.databind.ser.impl.UnknownSerializer
2024-11-12 13:41:23,348 INFO  EvoClassLoader - Seeing class for first time: com.fasterxml.jackson.databind.ser.std.NullSerializer
2024-11-12 13:41:23,348 INFO  EvoClassLoader - Instrumenting class 'com.fasterxml.jackson.databind.ser.std.NullSerializer'.
2024-11-12 13:41:23,348 INFO  MethodCallReplacementClassAdapter - Adding mock interface to class com/fasterxml/jackson/databind/ser/std/NullSerializer
2024-11-12 13:41:23,348 INFO  CreateClassResetClassAdapter - Found static initializer in class com/fasterxml/jackson/databind/ser/std/NullSerializer
2024-11-12 13:41:23,348 INFO  EvoClassLoader - Keeping class: com.fasterxml.jackson.databind.ser.std.NullSerializer
2024-11-12 13:41:23,349 INFO  EvoClassLoader - Seeing class for first time: com.fasterxml.jackson.databind.exc.InvalidDefinitionException
2024-11-12 13:41:23,349 INFO  EvoClassLoader - Instrumenting class 'com.fasterxml.jackson.databind.exc.InvalidDefinitionException'.
2024-11-12 13:41:23,349 INFO  MethodCallReplacementClassAdapter - Adding mock interface to class com/fasterxml/jackson/databind/exc/InvalidDefinitionException
2024-11-12 13:41:23,349 INFO  CreateClassResetClassAdapter - Creating brand-new static initializer in class com/fasterxml/jackson/databind/exc/InvalidDefinitionException
2024-11-12 13:41:23,349 INFO  EvoClassLoader - Keeping class: com.fasterxml.jackson.databind.exc.InvalidDefinitionException
2024-11-12 13:41:23,349 INFO  EvoClassLoader - Seeing class for first time: com.fasterxml.jackson.databind.exc.InvalidTypeIdException
2024-11-12 13:41:23,349 INFO  EvoClassLoader - Instrumenting class 'com.fasterxml.jackson.databind.exc.InvalidTypeIdException'.
2024-11-12 13:41:23,350 INFO  MethodCallReplacementClassAdapter - Adding mock interface to class com/fasterxml/jackson/databind/exc/InvalidTypeIdException
2024-11-12 13:41:23,350 INFO  CreateClassResetClassAdapter - Creating brand-new static initializer in class com/fasterxml/jackson/databind/exc/InvalidTypeIdException
2024-11-12 13:41:23,350 INFO  EvoClassLoader - Keeping class: com.fasterxml.jackson.databind.exc.InvalidTypeIdException
2024-11-12 13:41:23,350 INFO  EvoClassLoader - Seeing class for first time: com.fasterxml.jackson.databind.ser.impl.TypeWrappedSerializer
2024-11-12 13:41:23,350 INFO  EvoClassLoader - Instrumenting class 'com.fasterxml.jackson.databind.ser.impl.TypeWrappedSerializer'.
2024-11-12 13:41:23,350 INFO  MethodCallReplacementClassAdapter - Adding mock interface to class com/fasterxml/jackson/databind/ser/impl/TypeWrappedSerializer
2024-11-12 13:41:23,350 INFO  CreateClassResetClassAdapter - Creating brand-new static initializer in class com/fasterxml/jackson/databind/ser/impl/TypeWrappedSerializer
2024-11-12 13:41:23,350 INFO  EvoClassLoader - Keeping class: com.fasterxml.jackson.databind.ser.impl.TypeWrappedSerializer
2024-11-12 13:41:23,350 INFO  EvoClassLoader - Seeing class for first time: com.fasterxml.jackson.databind.ser.impl.WritableObjectId
2024-11-12 13:41:23,350 INFO  EvoClassLoader - Instrumenting class 'com.fasterxml.jackson.databind.ser.impl.WritableObjectId'.
2024-11-12 13:41:23,351 INFO  MethodCallReplacementClassAdapter - Adding mock interface to class com/fasterxml/jackson/databind/ser/impl/WritableObjectId
2024-11-12 13:41:23,351 INFO  CreateClassResetClassAdapter - Creating brand-new static initializer in class com/fasterxml/jackson/databind/ser/impl/WritableObjectId
2024-11-12 13:41:23,351 INFO  EvoClassLoader - Keeping class: com.fasterxml.jackson.databind.ser.impl.WritableObjectId
2024-11-12 13:41:23,351 INFO  EvoClassLoader - Seeing class for first time: com.fasterxml.jackson.databind.ser.SerializerCache
2024-11-12 13:41:23,351 INFO  EvoClassLoader - Instrumenting class 'com.fasterxml.jackson.databind.ser.SerializerCache'.
2024-11-12 13:41:23,352 INFO  MethodCallReplacementClassAdapter - Adding mock interface to class com/fasterxml/jackson/databind/ser/SerializerCache
2024-11-12 13:41:23,352 INFO  CreateClassResetClassAdapter - Creating brand-new static initializer in class com/fasterxml/jackson/databind/ser/SerializerCache
2024-11-12 13:41:23,352 INFO  EvoClassLoader - Keeping class: com.fasterxml.jackson.databind.ser.SerializerCache
2024-11-12 13:41:23,352 INFO  EvoClassLoader - Seeing class for first time: com.fasterxml.jackson.databind.ser.impl.ReadOnlyClassToSerializerMap
2024-11-12 13:41:23,352 INFO  EvoClassLoader - Instrumenting class 'com.fasterxml.jackson.databind.ser.impl.ReadOnlyClassToSerializerMap'.
2024-11-12 13:41:23,353 INFO  MethodCallReplacementClassAdapter - Adding mock interface to class com/fasterxml/jackson/databind/ser/impl/ReadOnlyClassToSerializerMap
2024-11-12 13:41:23,353 INFO  CreateClassResetClassAdapter - Creating brand-new static initializer in class com/fasterxml/jackson/databind/ser/impl/ReadOnlyClassToSerializerMap
2024-11-12 13:41:23,353 INFO  EvoClassLoader - Keeping class: com.fasterxml.jackson.databind.ser.impl.ReadOnlyClassToSerializerMap
2024-11-12 13:41:23,353 INFO  EvoClassLoader - Seeing class for first time: com.fasterxml.jackson.databind.exc.UnrecognizedPropertyException
2024-11-12 13:41:23,353 INFO  EvoClassLoader - Instrumenting class 'com.fasterxml.jackson.databind.exc.UnrecognizedPropertyException'.
2024-11-12 13:41:23,354 INFO  MethodCallReplacementClassAdapter - Adding mock interface to class com/fasterxml/jackson/databind/exc/UnrecognizedPropertyException
2024-11-12 13:41:23,354 INFO  CreateClassResetClassAdapter - Creating brand-new static initializer in class com/fasterxml/jackson/databind/exc/UnrecognizedPropertyException
2024-11-12 13:41:23,354 INFO  EvoClassLoader - Seeing class for first time: com.fasterxml.jackson.databind.exc.PropertyBindingException
2024-11-12 13:41:23,354 INFO  EvoClassLoader - Instrumenting class 'com.fasterxml.jackson.databind.exc.PropertyBindingException'.
2024-11-12 13:41:23,355 INFO  MethodCallReplacementClassAdapter - Adding mock interface to class com/fasterxml/jackson/databind/exc/PropertyBindingException
2024-11-12 13:41:23,355 INFO  CreateClassResetClassAdapter - Creating brand-new static initializer in class com/fasterxml/jackson/databind/exc/PropertyBindingException
2024-11-12 13:41:23,355 INFO  CreateClassResetClassAdapter - Adding bytecode for initializing field MAX_DESC_LENGTH
2024-11-12 13:41:23,355 INFO  EvoClassLoader - Keeping class: com.fasterxml.jackson.databind.exc.PropertyBindingException
2024-11-12 13:41:23,355 INFO  EvoClassLoader - Keeping class: com.fasterxml.jackson.databind.exc.UnrecognizedPropertyException
2024-11-12 13:41:23,355 INFO  EvoClassLoader - Seeing class for first time: com.fasterxml.jackson.databind.deser.impl.TypeWrappedDeserializer
2024-11-12 13:41:23,355 INFO  EvoClassLoader - Instrumenting class 'com.fasterxml.jackson.databind.deser.impl.TypeWrappedDeserializer'.
2024-11-12 13:41:23,356 INFO  MethodCallReplacementClassAdapter - Adding mock interface to class com/fasterxml/jackson/databind/deser/impl/TypeWrappedDeserializer
2024-11-12 13:41:23,356 INFO  CreateClassResetClassAdapter - Creating brand-new static initializer in class com/fasterxml/jackson/databind/deser/impl/TypeWrappedDeserializer
2024-11-12 13:41:23,356 INFO  EvoClassLoader - Defined package (3): package com.fasterxml.jackson.databind.deser.impl, 55843726
2024-11-12 13:41:23,356 INFO  EvoClassLoader - Keeping class: com.fasterxml.jackson.databind.deser.impl.TypeWrappedDeserializer
2024-11-12 13:41:23,356 INFO  EvoClassLoader - Seeing class for first time: com.fasterxml.jackson.databind.exc.InvalidFormatException
2024-11-12 13:41:23,356 INFO  EvoClassLoader - Instrumenting class 'com.fasterxml.jackson.databind.exc.InvalidFormatException'.
2024-11-12 13:41:23,357 INFO  MethodCallReplacementClassAdapter - Adding mock interface to class com/fasterxml/jackson/databind/exc/InvalidFormatException
2024-11-12 13:41:23,357 INFO  CreateClassResetClassAdapter - Creating brand-new static initializer in class com/fasterxml/jackson/databind/exc/InvalidFormatException
2024-11-12 13:41:23,357 INFO  EvoClassLoader - Keeping class: com.fasterxml.jackson.databind.exc.InvalidFormatException
2024-11-12 13:41:23,357 INFO  EvoClassLoader - Seeing class for first time: com.fasterxml.jackson.databind.exc.ValueInstantiationException
2024-11-12 13:41:23,357 INFO  EvoClassLoader - Instrumenting class 'com.fasterxml.jackson.databind.exc.ValueInstantiationException'.
2024-11-12 13:41:23,357 INFO  MethodCallReplacementClassAdapter - Adding mock interface to class com/fasterxml/jackson/databind/exc/ValueInstantiationException
2024-11-12 13:41:23,357 INFO  CreateClassResetClassAdapter - Creating brand-new static initializer in class com/fasterxml/jackson/databind/exc/ValueInstantiationException
2024-11-12 13:41:23,357 INFO  EvoClassLoader - Keeping class: com.fasterxml.jackson.databind.exc.ValueInstantiationException
2024-11-12 13:41:23,358 INFO  EvoClassLoader - Seeing class for first time: com.fasterxml.jackson.core.StreamReadCapability
2024-11-12 13:41:23,358 INFO  EvoClassLoader - Instrumenting class 'com.fasterxml.jackson.core.StreamReadCapability'.
2024-11-12 13:41:23,358 INFO  MethodCallReplacementClassAdapter - Adding mock interface to class com/fasterxml/jackson/core/StreamReadCapability
2024-11-12 13:41:23,358 INFO  CreateClassResetClassAdapter - Found static initializer in class com/fasterxml/jackson/core/StreamReadCapability
2024-11-12 13:41:23,358 INFO  EvoClassLoader - Keeping class: com.fasterxml.jackson.core.StreamReadCapability
2024-11-12 13:41:23,358 INFO  EvoClassLoader - Seeing class for first time: com.fasterxml.jackson.databind.KeyDeserializer
2024-11-12 13:41:23,358 INFO  EvoClassLoader - Instrumenting class 'com.fasterxml.jackson.databind.KeyDeserializer'.
2024-11-12 13:41:23,358 INFO  MethodCallReplacementClassAdapter - Adding mock interface to class com/fasterxml/jackson/databind/KeyDeserializer
2024-11-12 13:41:23,358 INFO  CreateClassResetClassAdapter - Creating brand-new static initializer in class com/fasterxml/jackson/databind/KeyDeserializer
2024-11-12 13:41:23,358 INFO  EvoClassLoader - Keeping class: com.fasterxml.jackson.databind.KeyDeserializer
2024-11-12 13:41:23,358 INFO  EvoClassLoader - Seeing class for first time: com.fasterxml.jackson.databind.deser.impl.ReadableObjectId
2024-11-12 13:41:23,358 INFO  EvoClassLoader - Instrumenting class 'com.fasterxml.jackson.databind.deser.impl.ReadableObjectId'.
2024-11-12 13:41:23,358 INFO  MethodCallReplacementClassAdapter - Adding mock interface to class com/fasterxml/jackson/databind/deser/impl/ReadableObjectId
2024-11-12 13:41:23,358 INFO  CreateClassResetClassAdapter - Creating brand-new static initializer in class com/fasterxml/jackson/databind/deser/impl/ReadableObjectId
2024-11-12 13:41:23,359 INFO  EvoClassLoader - Keeping class: com.fasterxml.jackson.databind.deser.impl.ReadableObjectId
2024-11-12 13:41:23,359 INFO  EvoClassLoader - Seeing class for first time: com.fasterxml.jackson.databind.deser.UnresolvedForwardReference
2024-11-12 13:41:23,359 INFO  EvoClassLoader - Instrumenting class 'com.fasterxml.jackson.databind.deser.UnresolvedForwardReference'.
2024-11-12 13:41:23,359 INFO  MethodCallReplacementClassAdapter - Adding mock interface to class com/fasterxml/jackson/databind/deser/UnresolvedForwardReference
2024-11-12 13:41:23,359 INFO  CreateClassResetClassAdapter - Creating brand-new static initializer in class com/fasterxml/jackson/databind/deser/UnresolvedForwardReference
2024-11-12 13:41:23,359 INFO  EvoClassLoader - Keeping class: com.fasterxml.jackson.databind.deser.UnresolvedForwardReference
2024-11-12 13:41:23,359 INFO  EvoClassLoader - Seeing class for first time: com.fasterxml.jackson.databind.util.ObjectBuffer
2024-11-12 13:41:23,359 INFO  EvoClassLoader - Instrumenting class 'com.fasterxml.jackson.databind.util.ObjectBuffer'.
2024-11-12 13:41:23,359 INFO  MethodCallReplacementClassAdapter - Adding mock interface to class com/fasterxml/jackson/databind/util/ObjectBuffer
2024-11-12 13:41:23,360 INFO  CreateClassResetClassAdapter - Creating brand-new static initializer in class com/fasterxml/jackson/databind/util/ObjectBuffer
2024-11-12 13:41:23,360 INFO  CreateClassResetClassAdapter - Adding bytecode for initializing field SMALL_CHUNK
2024-11-12 13:41:23,360 INFO  CreateClassResetClassAdapter - Adding bytecode for initializing field MAX_CHUNK
2024-11-12 13:41:23,360 INFO  EvoClassLoader - Keeping class: com.fasterxml.jackson.databind.util.ObjectBuffer
2024-11-12 13:41:23,360 INFO  EvoClassLoader - Seeing class for first time: com.fasterxml.jackson.databind.util.ArrayBuilders
2024-11-12 13:41:23,360 INFO  EvoClassLoader - Instrumenting class 'com.fasterxml.jackson.databind.util.ArrayBuilders'.
2024-11-12 13:41:23,360 INFO  MethodCallReplacementClassAdapter - Adding mock interface to class com/fasterxml/jackson/databind/util/ArrayBuilders
2024-11-12 13:41:23,360 INFO  CreateClassResetClassAdapter - Creating brand-new static initializer in class com/fasterxml/jackson/databind/util/ArrayBuilders
2024-11-12 13:41:23,360 INFO  EvoClassLoader - Keeping class: com.fasterxml.jackson.databind.util.ArrayBuilders
2024-11-12 13:41:23,360 INFO  EvoClassLoader - Seeing class for first time: com.fasterxml.jackson.databind.deser.ValueInstantiator
2024-11-12 13:41:23,360 INFO  EvoClassLoader - Instrumenting class 'com.fasterxml.jackson.databind.deser.ValueInstantiator'.
2024-11-12 13:41:23,361 INFO  MethodCallReplacementClassAdapter - Adding mock interface to class com/fasterxml/jackson/databind/deser/ValueInstantiator
2024-11-12 13:41:23,361 INFO  CreateClassResetClassAdapter - Creating brand-new static initializer in class com/fasterxml/jackson/databind/deser/ValueInstantiator
2024-11-12 13:41:23,361 INFO  EvoClassLoader - Keeping class: com.fasterxml.jackson.databind.deser.ValueInstantiator
2024-11-12 13:41:23,361 INFO  EvoClassLoader - Seeing class for first time: com.fasterxml.jackson.databind.deser.impl.ObjectIdReader
2024-11-12 13:41:23,361 INFO  EvoClassLoader - Instrumenting class 'com.fasterxml.jackson.databind.deser.impl.ObjectIdReader'.
2024-11-12 13:41:23,361 INFO  MethodCallReplacementClassAdapter - Adding mock interface to class com/fasterxml/jackson/databind/deser/impl/ObjectIdReader
2024-11-12 13:41:23,361 INFO  CreateClassResetClassAdapter - Creating brand-new static initializer in class com/fasterxml/jackson/databind/deser/impl/ObjectIdReader
2024-11-12 13:41:23,361 INFO  EvoClassLoader - Keeping class: com.fasterxml.jackson.databind.deser.impl.ObjectIdReader
2024-11-12 13:41:23,362 INFO  EvoClassLoader - Seeing class for first time: com.fasterxml.jackson.annotation.ObjectIdGenerator$IdKey
2024-11-12 13:41:23,362 INFO  EvoClassLoader - Instrumenting class 'com.fasterxml.jackson.annotation.ObjectIdGenerator$IdKey'.
2024-11-12 13:41:23,364 INFO  MethodCallReplacementClassAdapter - Adding mock interface to class com/fasterxml/jackson/annotation/ObjectIdGenerator$IdKey
2024-11-12 13:41:23,365 INFO  CreateClassResetClassAdapter - Creating brand-new static initializer in class com/fasterxml/jackson/annotation/ObjectIdGenerator$IdKey
2024-11-12 13:41:23,365 INFO  EvoClassLoader - Keeping class: com.fasterxml.jackson.annotation.ObjectIdGenerator$IdKey
2024-11-12 13:41:23,365 INFO  EvoClassLoader - Seeing class for first time: com.fasterxml.jackson.databind.deser.Deserializers
2024-11-12 13:41:23,365 INFO  EvoClassLoader - Instrumenting class 'com.fasterxml.jackson.databind.deser.Deserializers'.
2024-11-12 13:41:23,365 INFO  EvoClassLoader - Keeping class: com.fasterxml.jackson.databind.deser.Deserializers
2024-11-12 13:41:23,365 INFO  EvoClassLoader - Seeing class for first time: com.fasterxml.jackson.databind.deser.KeyDeserializers
2024-11-12 13:41:23,365 INFO  EvoClassLoader - Instrumenting class 'com.fasterxml.jackson.databind.deser.KeyDeserializers'.
2024-11-12 13:41:23,365 INFO  EvoClassLoader - Keeping class: com.fasterxml.jackson.databind.deser.KeyDeserializers
2024-11-12 13:41:23,365 INFO  EvoClassLoader - Seeing class for first time: com.fasterxml.jackson.databind.deser.BeanDeserializerModifier
2024-11-12 13:41:23,365 INFO  EvoClassLoader - Instrumenting class 'com.fasterxml.jackson.databind.deser.BeanDeserializerModifier'.
2024-11-12 13:41:23,366 INFO  MethodCallReplacementClassAdapter - Adding mock interface to class com/fasterxml/jackson/databind/deser/BeanDeserializerModifier
2024-11-12 13:41:23,366 INFO  CreateClassResetClassAdapter - Creating brand-new static initializer in class com/fasterxml/jackson/databind/deser/BeanDeserializerModifier
2024-11-12 13:41:23,366 INFO  EvoClassLoader - Keeping class: com.fasterxml.jackson.databind.deser.BeanDeserializerModifier
2024-11-12 13:41:23,366 INFO  EvoClassLoader - Seeing class for first time: com.fasterxml.jackson.databind.AbstractTypeResolver
2024-11-12 13:41:23,366 INFO  EvoClassLoader - Instrumenting class 'com.fasterxml.jackson.databind.AbstractTypeResolver'.
2024-11-12 13:41:23,366 INFO  MethodCallReplacementClassAdapter - Adding mock interface to class com/fasterxml/jackson/databind/AbstractTypeResolver
2024-11-12 13:41:23,366 INFO  CreateClassResetClassAdapter - Creating brand-new static initializer in class com/fasterxml/jackson/databind/AbstractTypeResolver
2024-11-12 13:41:23,366 INFO  EvoClassLoader - Keeping class: com.fasterxml.jackson.databind.AbstractTypeResolver
2024-11-12 13:41:23,366 INFO  EvoClassLoader - Seeing class for first time: com.fasterxml.jackson.databind.deser.ValueInstantiators
2024-11-12 13:41:23,366 INFO  EvoClassLoader - Instrumenting class 'com.fasterxml.jackson.databind.deser.ValueInstantiators'.
2024-11-12 13:41:23,366 INFO  EvoClassLoader - Keeping class: com.fasterxml.jackson.databind.deser.ValueInstantiators
2024-11-12 13:41:23,366 INFO  EvoClassLoader - Seeing class for first time: com.fasterxml.jackson.databind.deser.AbstractDeserializer
2024-11-12 13:41:23,366 INFO  EvoClassLoader - Instrumenting class 'com.fasterxml.jackson.databind.deser.AbstractDeserializer'.
2024-11-12 13:41:23,367 INFO  MethodCallReplacementClassAdapter - Adding mock interface to class com/fasterxml/jackson/databind/deser/AbstractDeserializer
2024-11-12 13:41:23,368 INFO  CreateClassResetClassAdapter - Creating brand-new static initializer in class com/fasterxml/jackson/databind/deser/AbstractDeserializer
2024-11-12 13:41:23,368 INFO  EvoClassLoader - Seeing class for first time: com.fasterxml.jackson.databind.deser.ContextualDeserializer
2024-11-12 13:41:23,368 INFO  EvoClassLoader - Instrumenting class 'com.fasterxml.jackson.databind.deser.ContextualDeserializer'.
2024-11-12 13:41:23,368 INFO  EvoClassLoader - Keeping class: com.fasterxml.jackson.databind.deser.ContextualDeserializer
2024-11-12 13:41:23,368 INFO  EvoClassLoader - Keeping class: com.fasterxml.jackson.databind.deser.AbstractDeserializer
2024-11-12 13:41:23,368 INFO  EvoClassLoader - Seeing class for first time: com.fasterxml.jackson.databind.deser.std.EnumDeserializer
2024-11-12 13:41:23,368 INFO  EvoClassLoader - Instrumenting class 'com.fasterxml.jackson.databind.deser.std.EnumDeserializer'.
2024-11-12 13:41:23,369 INFO  MethodCallReplacementClassAdapter - Adding mock interface to class com/fasterxml/jackson/databind/deser/std/EnumDeserializer
2024-11-12 13:41:23,369 INFO  CreateClassResetClassAdapter - Creating brand-new static initializer in class com/fasterxml/jackson/databind/deser/std/EnumDeserializer
2024-11-12 13:41:23,369 INFO  EvoClassLoader - Defined package (3): package com.fasterxml.jackson.databind.deser.std, -1106567435
2024-11-12 13:41:23,369 INFO  EvoClassLoader - Seeing class for first time: com.fasterxml.jackson.databind.deser.std.StdScalarDeserializer
2024-11-12 13:41:23,369 INFO  EvoClassLoader - Instrumenting class 'com.fasterxml.jackson.databind.deser.std.StdScalarDeserializer'.
2024-11-12 13:41:23,369 INFO  MethodCallReplacementClassAdapter - Adding mock interface to class com/fasterxml/jackson/databind/deser/std/StdScalarDeserializer
2024-11-12 13:41:23,369 INFO  CreateClassResetClassAdapter - Creating brand-new static initializer in class com/fasterxml/jackson/databind/deser/std/StdScalarDeserializer
2024-11-12 13:41:23,369 INFO  EvoClassLoader - Seeing class for first time: com.fasterxml.jackson.databind.deser.std.StdDeserializer
2024-11-12 13:41:23,369 INFO  EvoClassLoader - Instrumenting class 'com.fasterxml.jackson.databind.deser.std.StdDeserializer'.
2024-11-12 13:41:23,370 INFO  MethodCallReplacementClassAdapter - Adding mock interface to class com/fasterxml/jackson/databind/deser/std/StdDeserializer
2024-11-12 13:41:23,373 INFO  CreateClassResetClassAdapter - Found static initializer in class com/fasterxml/jackson/databind/deser/std/StdDeserializer
2024-11-12 13:41:23,373 INFO  EvoClassLoader - Seeing class for first time: com.fasterxml.jackson.databind.deser.ValueInstantiator$Gettable
2024-11-12 13:41:23,373 INFO  EvoClassLoader - Instrumenting class 'com.fasterxml.jackson.databind.deser.ValueInstantiator$Gettable'.
2024-11-12 13:41:23,374 INFO  EvoClassLoader - Keeping class: com.fasterxml.jackson.databind.deser.ValueInstantiator$Gettable
2024-11-12 13:41:23,374 INFO  EvoClassLoader - Keeping class: com.fasterxml.jackson.databind.deser.std.StdDeserializer
2024-11-12 13:41:23,374 INFO  EvoClassLoader - Keeping class: com.fasterxml.jackson.databind.deser.std.StdScalarDeserializer
2024-11-12 13:41:23,374 INFO  EvoClassLoader - Keeping class: com.fasterxml.jackson.databind.deser.std.EnumDeserializer
2024-11-12 13:41:23,374 INFO  EvoClassLoader - Seeing class for first time: com.fasterxml.jackson.databind.deser.std.AtomicReferenceDeserializer
2024-11-12 13:41:23,374 INFO  EvoClassLoader - Instrumenting class 'com.fasterxml.jackson.databind.deser.std.AtomicReferenceDeserializer'.
2024-11-12 13:41:23,374 INFO  MethodCallReplacementClassAdapter - Adding mock interface to class com/fasterxml/jackson/databind/deser/std/AtomicReferenceDeserializer
2024-11-12 13:41:23,374 INFO  CreateClassResetClassAdapter - Creating brand-new static initializer in class com/fasterxml/jackson/databind/deser/std/AtomicReferenceDeserializer
2024-11-12 13:41:23,374 INFO  EvoClassLoader - Seeing class for first time: com.fasterxml.jackson.databind.deser.std.ReferenceTypeDeserializer
2024-11-12 13:41:23,374 INFO  EvoClassLoader - Instrumenting class 'com.fasterxml.jackson.databind.deser.std.ReferenceTypeDeserializer'.
2024-11-12 13:41:23,374 INFO  MethodCallReplacementClassAdapter - Adding mock interface to class com/fasterxml/jackson/databind/deser/std/ReferenceTypeDeserializer
2024-11-12 13:41:23,375 INFO  CreateClassResetClassAdapter - Creating brand-new static initializer in class com/fasterxml/jackson/databind/deser/std/ReferenceTypeDeserializer
2024-11-12 13:41:23,375 INFO  EvoClassLoader - Keeping class: com.fasterxml.jackson.databind.deser.std.ReferenceTypeDeserializer
2024-11-12 13:41:23,375 INFO  EvoClassLoader - Keeping class: com.fasterxml.jackson.databind.deser.std.AtomicReferenceDeserializer
2024-11-12 13:41:23,375 INFO  EvoClassLoader - Seeing class for first time: com.fasterxml.jackson.databind.deser.std.StringArrayDeserializer
2024-11-12 13:41:23,375 INFO  EvoClassLoader - Instrumenting class 'com.fasterxml.jackson.databind.deser.std.StringArrayDeserializer'.
2024-11-12 13:41:23,375 INFO  MethodCallReplacementClassAdapter - Adding mock interface to class com/fasterxml/jackson/databind/deser/std/StringArrayDeserializer
2024-11-12 13:41:23,375 INFO  CreateClassResetClassAdapter - Found static initializer in class com/fasterxml/jackson/databind/deser/std/StringArrayDeserializer
2024-11-12 13:41:23,376 INFO  EvoClassLoader - Keeping class: com.fasterxml.jackson.databind.deser.std.StringArrayDeserializer
2024-11-12 13:41:23,376 INFO  EvoClassLoader - Seeing class for first time: com.fasterxml.jackson.databind.deser.std.ObjectArrayDeserializer
2024-11-12 13:41:23,376 INFO  EvoClassLoader - Instrumenting class 'com.fasterxml.jackson.databind.deser.std.ObjectArrayDeserializer'.
2024-11-12 13:41:23,376 INFO  MethodCallReplacementClassAdapter - Adding mock interface to class com/fasterxml/jackson/databind/deser/std/ObjectArrayDeserializer
2024-11-12 13:41:23,377 INFO  CreateClassResetClassAdapter - Creating brand-new static initializer in class com/fasterxml/jackson/databind/deser/std/ObjectArrayDeserializer
2024-11-12 13:41:23,377 INFO  EvoClassLoader - Seeing class for first time: com.fasterxml.jackson.databind.deser.std.ContainerDeserializerBase
2024-11-12 13:41:23,377 INFO  EvoClassLoader - Instrumenting class 'com.fasterxml.jackson.databind.deser.std.ContainerDeserializerBase'.
2024-11-12 13:41:23,378 INFO  MethodCallReplacementClassAdapter - Adding mock interface to class com/fasterxml/jackson/databind/deser/std/ContainerDeserializerBase
2024-11-12 13:41:23,378 INFO  CreateClassResetClassAdapter - Creating brand-new static initializer in class com/fasterxml/jackson/databind/deser/std/ContainerDeserializerBase
2024-11-12 13:41:23,379 INFO  EvoClassLoader - Keeping class: com.fasterxml.jackson.databind.deser.std.ContainerDeserializerBase
2024-11-12 13:41:23,379 INFO  EvoClassLoader - Keeping class: com.fasterxml.jackson.databind.deser.std.ObjectArrayDeserializer
2024-11-12 13:41:23,379 INFO  EvoClassLoader - Seeing class for first time: com.fasterxml.jackson.databind.deser.std.EnumSetDeserializer
2024-11-12 13:41:23,379 INFO  EvoClassLoader - Instrumenting class 'com.fasterxml.jackson.databind.deser.std.EnumSetDeserializer'.
2024-11-12 13:41:23,379 INFO  MethodCallReplacementClassAdapter - Adding mock interface to class com/fasterxml/jackson/databind/deser/std/EnumSetDeserializer
2024-11-12 13:41:23,380 INFO  CreateClassResetClassAdapter - Creating brand-new static initializer in class com/fasterxml/jackson/databind/deser/std/EnumSetDeserializer
2024-11-12 13:41:23,381 INFO  EvoClassLoader - Keeping class: com.fasterxml.jackson.databind.deser.std.EnumSetDeserializer
2024-11-12 13:41:23,381 INFO  EvoClassLoader - Seeing class for first time: com.fasterxml.jackson.databind.deser.std.ArrayBlockingQueueDeserializer
2024-11-12 13:41:23,381 INFO  EvoClassLoader - Instrumenting class 'com.fasterxml.jackson.databind.deser.std.ArrayBlockingQueueDeserializer'.
2024-11-12 13:41:23,381 INFO  MethodCallReplacementClassAdapter - Adding mock interface to class com/fasterxml/jackson/databind/deser/std/ArrayBlockingQueueDeserializer
2024-11-12 13:41:23,381 INFO  CreateClassResetClassAdapter - Creating brand-new static initializer in class com/fasterxml/jackson/databind/deser/std/ArrayBlockingQueueDeserializer
2024-11-12 13:41:23,381 INFO  EvoClassLoader - Seeing class for first time: com.fasterxml.jackson.databind.deser.std.CollectionDeserializer
2024-11-12 13:41:23,381 INFO  EvoClassLoader - Instrumenting class 'com.fasterxml.jackson.databind.deser.std.CollectionDeserializer'.
2024-11-12 13:41:23,382 INFO  MethodCallReplacementClassAdapter - Adding mock interface to class com/fasterxml/jackson/databind/deser/std/CollectionDeserializer
2024-11-12 13:41:23,382 INFO  CreateClassResetClassAdapter - Creating brand-new static initializer in class com/fasterxml/jackson/databind/deser/std/CollectionDeserializer
2024-11-12 13:41:23,383 INFO  EvoClassLoader - Keeping class: com.fasterxml.jackson.databind.deser.std.CollectionDeserializer
2024-11-12 13:41:23,383 INFO  EvoClassLoader - Keeping class: com.fasterxml.jackson.databind.deser.std.ArrayBlockingQueueDeserializer
2024-11-12 13:41:23,383 INFO  EvoClassLoader - Seeing class for first time: com.fasterxml.jackson.databind.deser.std.StringCollectionDeserializer
2024-11-12 13:41:23,383 INFO  EvoClassLoader - Instrumenting class 'com.fasterxml.jackson.databind.deser.std.StringCollectionDeserializer'.
2024-11-12 13:41:23,383 INFO  MethodCallReplacementClassAdapter - Adding mock interface to class com/fasterxml/jackson/databind/deser/std/StringCollectionDeserializer
2024-11-12 13:41:23,383 INFO  CreateClassResetClassAdapter - Creating brand-new static initializer in class com/fasterxml/jackson/databind/deser/std/StringCollectionDeserializer
2024-11-12 13:41:23,383 INFO  EvoClassLoader - Keeping class: com.fasterxml.jackson.databind.deser.std.StringCollectionDeserializer
2024-11-12 13:41:23,384 INFO  EvoClassLoader - Seeing class for first time: com.fasterxml.jackson.databind.deser.std.EnumMapDeserializer
2024-11-12 13:41:23,384 INFO  EvoClassLoader - Instrumenting class 'com.fasterxml.jackson.databind.deser.std.EnumMapDeserializer'.
2024-11-12 13:41:23,384 INFO  MethodCallReplacementClassAdapter - Adding mock interface to class com/fasterxml/jackson/databind/deser/std/EnumMapDeserializer
2024-11-12 13:41:23,385 INFO  CreateClassResetClassAdapter - Creating brand-new static initializer in class com/fasterxml/jackson/databind/deser/std/EnumMapDeserializer
2024-11-12 13:41:23,385 INFO  EvoClassLoader - Seeing class for first time: com.fasterxml.jackson.databind.deser.ResolvableDeserializer
2024-11-12 13:41:23,385 INFO  EvoClassLoader - Instrumenting class 'com.fasterxml.jackson.databind.deser.ResolvableDeserializer'.
2024-11-12 13:41:23,385 INFO  EvoClassLoader - Keeping class: com.fasterxml.jackson.databind.deser.ResolvableDeserializer
2024-11-12 13:41:23,385 INFO  EvoClassLoader - Keeping class: com.fasterxml.jackson.databind.deser.std.EnumMapDeserializer
2024-11-12 13:41:23,386 INFO  EvoClassLoader - Seeing class for first time: com.fasterxml.jackson.databind.deser.std.MapDeserializer
2024-11-12 13:41:23,386 INFO  EvoClassLoader - Instrumenting class 'com.fasterxml.jackson.databind.deser.std.MapDeserializer'.
2024-11-12 13:41:23,386 INFO  MethodCallReplacementClassAdapter - Adding mock interface to class com/fasterxml/jackson/databind/deser/std/MapDeserializer
2024-11-12 13:41:23,387 INFO  CreateClassResetClassAdapter - Creating brand-new static initializer in class com/fasterxml/jackson/databind/deser/std/MapDeserializer
2024-11-12 13:41:23,388 INFO  EvoClassLoader - Keeping class: com.fasterxml.jackson.databind.deser.std.MapDeserializer
2024-11-12 13:41:23,388 INFO  EvoClassLoader - Seeing class for first time: com.fasterxml.jackson.databind.deser.std.UntypedObjectDeserializer
2024-11-12 13:41:23,388 INFO  EvoClassLoader - Instrumenting class 'com.fasterxml.jackson.databind.deser.std.UntypedObjectDeserializer'.
2024-11-12 13:41:23,388 INFO  MethodCallReplacementClassAdapter - Adding mock interface to class com/fasterxml/jackson/databind/deser/std/UntypedObjectDeserializer
2024-11-12 13:41:23,389 INFO  CreateClassResetClassAdapter - Found static initializer in class com/fasterxml/jackson/databind/deser/std/UntypedObjectDeserializer
2024-11-12 13:41:23,390 INFO  EvoClassLoader - Keeping class: com.fasterxml.jackson.databind.deser.std.UntypedObjectDeserializer
2024-11-12 13:41:23,390 INFO  EvoClassLoader - Seeing class for first time: com.fasterxml.jackson.databind.deser.std.StringDeserializer
2024-11-12 13:41:23,390 INFO  EvoClassLoader - Instrumenting class 'com.fasterxml.jackson.databind.deser.std.StringDeserializer'.
2024-11-12 13:41:23,390 INFO  MethodCallReplacementClassAdapter - Adding mock interface to class com/fasterxml/jackson/databind/deser/std/StringDeserializer
2024-11-12 13:41:23,390 INFO  CreateClassResetClassAdapter - Found static initializer in class com/fasterxml/jackson/databind/deser/std/StringDeserializer
2024-11-12 13:41:23,390 INFO  EvoClassLoader - Keeping class: com.fasterxml.jackson.databind.deser.std.StringDeserializer
2024-11-12 13:41:23,391 INFO  EvoClassLoader - Seeing class for first time: com.fasterxml.jackson.databind.deser.std.MapEntryDeserializer
2024-11-12 13:41:23,391 INFO  EvoClassLoader - Instrumenting class 'com.fasterxml.jackson.databind.deser.std.MapEntryDeserializer'.
2024-11-12 13:41:23,391 INFO  MethodCallReplacementClassAdapter - Adding mock interface to class com/fasterxml/jackson/databind/deser/std/MapEntryDeserializer
2024-11-12 13:41:23,392 INFO  CreateClassResetClassAdapter - Creating brand-new static initializer in class com/fasterxml/jackson/databind/deser/std/MapEntryDeserializer
2024-11-12 13:41:23,393 INFO  EvoClassLoader - Keeping class: com.fasterxml.jackson.databind.deser.std.MapEntryDeserializer
2024-11-12 13:41:23,393 INFO  EvoClassLoader - Seeing class for first time: com.fasterxml.jackson.databind.deser.std.TokenBufferDeserializer
2024-11-12 13:41:23,393 INFO  EvoClassLoader - Instrumenting class 'com.fasterxml.jackson.databind.deser.std.TokenBufferDeserializer'.
2024-11-12 13:41:23,393 INFO  MethodCallReplacementClassAdapter - Adding mock interface to class com/fasterxml/jackson/databind/deser/std/TokenBufferDeserializer
2024-11-12 13:41:23,393 INFO  CreateClassResetClassAdapter - Creating brand-new static initializer in class com/fasterxml/jackson/databind/deser/std/TokenBufferDeserializer
2024-11-12 13:41:23,393 INFO  EvoClassLoader - Keeping class: com.fasterxml.jackson.databind.deser.std.TokenBufferDeserializer
2024-11-12 13:41:23,394 INFO  EvoClassLoader - Seeing class for first time: com.fasterxml.jackson.databind.deser.SettableBeanProperty
2024-11-12 13:41:23,394 INFO  EvoClassLoader - Instrumenting class 'com.fasterxml.jackson.databind.deser.SettableBeanProperty'.
2024-11-12 13:41:23,394 INFO  MethodCallReplacementClassAdapter - Adding mock interface to class com/fasterxml/jackson/databind/deser/SettableBeanProperty
2024-11-12 13:41:23,395 INFO  CreateClassResetClassAdapter - Found static initializer in class com/fasterxml/jackson/databind/deser/SettableBeanProperty
2024-11-12 13:41:23,395 INFO  EvoClassLoader - Keeping class: com.fasterxml.jackson.databind.deser.SettableBeanProperty
2024-11-12 13:41:23,395 INFO  EvoClassLoader - Seeing class for first time: com.fasterxml.jackson.databind.deser.CreatorProperty
2024-11-12 13:41:23,395 INFO  EvoClassLoader - Instrumenting class 'com.fasterxml.jackson.databind.deser.CreatorProperty'.
2024-11-12 13:41:23,396 INFO  MethodCallReplacementClassAdapter - Adding mock interface to class com/fasterxml/jackson/databind/deser/CreatorProperty
2024-11-12 13:41:23,396 INFO  CreateClassResetClassAdapter - Creating brand-new static initializer in class com/fasterxml/jackson/databind/deser/CreatorProperty
2024-11-12 13:41:23,396 INFO  EvoClassLoader - Keeping class: com.fasterxml.jackson.databind.deser.CreatorProperty
2024-11-12 13:41:23,397 INFO  EvoClassLoader - Seeing class for first time: com.fasterxml.jackson.databind.cfg.DeserializerFactoryConfig
2024-11-12 13:41:23,397 INFO  EvoClassLoader - Instrumenting class 'com.fasterxml.jackson.databind.cfg.DeserializerFactoryConfig'.
2024-11-12 13:41:23,397 INFO  MethodCallReplacementClassAdapter - Adding mock interface to class com/fasterxml/jackson/databind/cfg/DeserializerFactoryConfig
2024-11-12 13:41:23,398 INFO  CreateClassResetClassAdapter - Found static initializer in class com/fasterxml/jackson/databind/cfg/DeserializerFactoryConfig
2024-11-12 13:41:23,398 INFO  EvoClassLoader - Keeping class: com.fasterxml.jackson.databind.cfg.DeserializerFactoryConfig
2024-11-12 13:41:23,398 INFO  EvoClassLoader - Seeing class for first time: com.fasterxml.jackson.databind.deser.BasicDeserializerFactory$CreatorCollectionState
2024-11-12 13:41:23,398 INFO  EvoClassLoader - Instrumenting class 'com.fasterxml.jackson.databind.deser.BasicDeserializerFactory$CreatorCollectionState'.
2024-11-12 13:41:23,399 INFO  MethodCallReplacementClassAdapter - Adding mock interface to class com/fasterxml/jackson/databind/deser/BasicDeserializerFactory$CreatorCollectionState
2024-11-12 13:41:23,399 INFO  CreateClassResetClassAdapter - Creating brand-new static initializer in class com/fasterxml/jackson/databind/deser/BasicDeserializerFactory$CreatorCollectionState
2024-11-12 13:41:23,400 INFO  EvoClassLoader - Keeping class: com.fasterxml.jackson.databind.deser.BasicDeserializerFactory$CreatorCollectionState
2024-11-12 13:41:23,400 INFO  EvoClassLoader - Seeing class for first time: com.fasterxml.jackson.databind.deser.impl.CreatorCollector
2024-11-12 13:41:23,400 INFO  EvoClassLoader - Instrumenting class 'com.fasterxml.jackson.databind.deser.impl.CreatorCollector'.
2024-11-12 13:41:23,400 INFO  MethodCallReplacementClassAdapter - Adding mock interface to class com/fasterxml/jackson/databind/deser/impl/CreatorCollector
2024-11-12 13:41:23,401 INFO  CreateClassResetClassAdapter - Found static initializer in class com/fasterxml/jackson/databind/deser/impl/CreatorCollector
2024-11-12 13:41:23,402 INFO  EvoClassLoader - Keeping class: com.fasterxml.jackson.databind.deser.impl.CreatorCollector
2024-11-12 13:41:23,402 INFO  EvoClassLoader - Seeing class for first time: com.fasterxml.jackson.databind.deser.impl.CreatorCandidate
2024-11-12 13:41:23,402 INFO  EvoClassLoader - Instrumenting class 'com.fasterxml.jackson.databind.deser.impl.CreatorCandidate'.
2024-11-12 13:41:23,402 INFO  MethodCallReplacementClassAdapter - Adding mock interface to class com/fasterxml/jackson/databind/deser/impl/CreatorCandidate
2024-11-12 13:41:23,402 INFO  CreateClassResetClassAdapter - Creating brand-new static initializer in class com/fasterxml/jackson/databind/deser/impl/CreatorCandidate
2024-11-12 13:41:23,402 INFO  EvoClassLoader - Keeping class: com.fasterxml.jackson.databind.deser.impl.CreatorCandidate
2024-11-12 13:41:23,402 INFO  EvoClassLoader - Seeing class for first time: com.fasterxml.jackson.databind.PropertyMetadata
2024-11-12 13:41:23,402 INFO  EvoClassLoader - Instrumenting class 'com.fasterxml.jackson.databind.PropertyMetadata'.
2024-11-12 13:41:23,403 INFO  MethodCallReplacementClassAdapter - Adding mock interface to class com/fasterxml/jackson/databind/PropertyMetadata
2024-11-12 13:41:23,403 INFO  CreateClassResetClassAdapter - Found static initializer in class com/fasterxml/jackson/databind/PropertyMetadata
2024-11-12 13:41:23,403 INFO  EvoClassLoader - Keeping class: com.fasterxml.jackson.databind.PropertyMetadata
2024-11-12 13:41:23,404 INFO  EvoClassLoader - Seeing class for first time: com.fasterxml.jackson.databind.util.EnumResolver
2024-11-12 13:41:23,404 INFO  EvoClassLoader - Instrumenting class 'com.fasterxml.jackson.databind.util.EnumResolver'.
2024-11-12 13:41:23,404 INFO  MethodCallReplacementClassAdapter - Adding mock interface to class com/fasterxml/jackson/databind/util/EnumResolver
2024-11-12 13:41:23,405 INFO  CreateClassResetClassAdapter - Creating brand-new static initializer in class com/fasterxml/jackson/databind/util/EnumResolver
2024-11-12 13:41:23,405 INFO  EvoClassLoader - Keeping class: com.fasterxml.jackson.databind.util.EnumResolver
2024-11-12 13:41:23,405 INFO  EvoClassLoader - Seeing class for first time: com.fasterxml.jackson.databind.deser.std.StdKeyDeserializers
2024-11-12 13:41:23,405 INFO  EvoClassLoader - Instrumenting class 'com.fasterxml.jackson.databind.deser.std.StdKeyDeserializers'.
2024-11-12 13:41:23,406 INFO  MethodCallReplacementClassAdapter - Adding mock interface to class com/fasterxml/jackson/databind/deser/std/StdKeyDeserializers
2024-11-12 13:41:23,406 INFO  CreateClassResetClassAdapter - Creating brand-new static initializer in class com/fasterxml/jackson/databind/deser/std/StdKeyDeserializers
2024-11-12 13:41:23,406 INFO  EvoClassLoader - Keeping class: com.fasterxml.jackson.databind.deser.std.StdKeyDeserializers
2024-11-12 13:41:23,406 INFO  EvoClassLoader - Seeing class for first time: com.fasterxml.jackson.databind.deser.std.StdKeyDeserializer
2024-11-12 13:41:23,406 INFO  EvoClassLoader - Instrumenting class 'com.fasterxml.jackson.databind.deser.std.StdKeyDeserializer'.
2024-11-12 13:41:23,407 INFO  MethodCallReplacementClassAdapter - Adding mock interface to class com/fasterxml/jackson/databind/deser/std/StdKeyDeserializer
2024-11-12 13:41:23,407 INFO  CreateClassResetClassAdapter - Creating brand-new static initializer in class com/fasterxml/jackson/databind/deser/std/StdKeyDeserializer
2024-11-12 13:41:23,407 INFO  CreateClassResetClassAdapter - Adding bytecode for initializing field TYPE_BOOLEAN
2024-11-12 13:41:23,407 INFO  CreateClassResetClassAdapter - Adding bytecode for initializing field TYPE_BYTE
2024-11-12 13:41:23,407 INFO  CreateClassResetClassAdapter - Adding bytecode for initializing field TYPE_SHORT
2024-11-12 13:41:23,407 INFO  CreateClassResetClassAdapter - Adding bytecode for initializing field TYPE_CHAR
2024-11-12 13:41:23,407 INFO  CreateClassResetClassAdapter - Adding bytecode for initializing field TYPE_INT
2024-11-12 13:41:23,407 INFO  CreateClassResetClassAdapter - Adding bytecode for initializing field TYPE_LONG
2024-11-12 13:41:23,407 INFO  CreateClassResetClassAdapter - Adding bytecode for initializing field TYPE_FLOAT
2024-11-12 13:41:23,407 INFO  CreateClassResetClassAdapter - Adding bytecode for initializing field TYPE_DOUBLE
2024-11-12 13:41:23,407 INFO  CreateClassResetClassAdapter - Adding bytecode for initializing field TYPE_LOCALE
2024-11-12 13:41:23,407 INFO  CreateClassResetClassAdapter - Adding bytecode for initializing field TYPE_DATE
2024-11-12 13:41:23,407 INFO  CreateClassResetClassAdapter - Adding bytecode for initializing field TYPE_CALENDAR
2024-11-12 13:41:23,407 INFO  CreateClassResetClassAdapter - Adding bytecode for initializing field TYPE_UUID
2024-11-12 13:41:23,407 INFO  CreateClassResetClassAdapter - Adding bytecode for initializing field TYPE_URI
2024-11-12 13:41:23,407 INFO  CreateClassResetClassAdapter - Adding bytecode for initializing field TYPE_URL
2024-11-12 13:41:23,407 INFO  CreateClassResetClassAdapter - Adding bytecode for initializing field TYPE_CLASS
2024-11-12 13:41:23,407 INFO  CreateClassResetClassAdapter - Adding bytecode for initializing field TYPE_CURRENCY
2024-11-12 13:41:23,407 INFO  CreateClassResetClassAdapter - Adding bytecode for initializing field TYPE_BYTE_ARRAY
2024-11-12 13:41:23,408 INFO  EvoClassLoader - Keeping class: com.fasterxml.jackson.databind.deser.std.StdKeyDeserializer
2024-11-12 13:41:23,408 INFO  EvoClassLoader - Seeing class for first time: com.fasterxml.jackson.databind.deser.std.StdKeyDeserializer$StringCtorKeyDeserializer
2024-11-12 13:41:23,408 INFO  EvoClassLoader - Instrumenting class 'com.fasterxml.jackson.databind.deser.std.StdKeyDeserializer$StringCtorKeyDeserializer'.
2024-11-12 13:41:23,408 INFO  MethodCallReplacementClassAdapter - Adding mock interface to class com/fasterxml/jackson/databind/deser/std/StdKeyDeserializer$StringCtorKeyDeserializer
2024-11-12 13:41:23,408 INFO  CreateClassResetClassAdapter - Creating brand-new static initializer in class com/fasterxml/jackson/databind/deser/std/StdKeyDeserializer$StringCtorKeyDeserializer
2024-11-12 13:41:23,408 INFO  EvoClassLoader - Keeping class: com.fasterxml.jackson.databind.deser.std.StdKeyDeserializer$StringCtorKeyDeserializer
2024-11-12 13:41:23,408 INFO  EvoClassLoader - Seeing class for first time: com.fasterxml.jackson.databind.deser.std.StdKeyDeserializer$StringFactoryKeyDeserializer
2024-11-12 13:41:23,408 INFO  EvoClassLoader - Instrumenting class 'com.fasterxml.jackson.databind.deser.std.StdKeyDeserializer$StringFactoryKeyDeserializer'.
2024-11-12 13:41:23,409 INFO  MethodCallReplacementClassAdapter - Adding mock interface to class com/fasterxml/jackson/databind/deser/std/StdKeyDeserializer$StringFactoryKeyDeserializer
2024-11-12 13:41:23,409 INFO  CreateClassResetClassAdapter - Creating brand-new static initializer in class com/fasterxml/jackson/databind/deser/std/StdKeyDeserializer$StringFactoryKeyDeserializer
2024-11-12 13:41:23,409 INFO  EvoClassLoader - Keeping class: com.fasterxml.jackson.databind.deser.std.StdKeyDeserializer$StringFactoryKeyDeserializer
2024-11-12 13:41:23,409 INFO  EvoClassLoader - Seeing class for first time: com.fasterxml.jackson.databind.deser.std.StdKeyDeserializer$DelegatingKD
2024-11-12 13:41:23,409 INFO  EvoClassLoader - Instrumenting class 'com.fasterxml.jackson.databind.deser.std.StdKeyDeserializer$DelegatingKD'.
2024-11-12 13:41:23,409 INFO  MethodCallReplacementClassAdapter - Adding mock interface to class com/fasterxml/jackson/databind/deser/std/StdKeyDeserializer$DelegatingKD
2024-11-12 13:41:23,409 INFO  CreateClassResetClassAdapter - Creating brand-new static initializer in class com/fasterxml/jackson/databind/deser/std/StdKeyDeserializer$DelegatingKD
2024-11-12 13:41:23,409 INFO  EvoClassLoader - Keeping class: com.fasterxml.jackson.databind.deser.std.StdKeyDeserializer$DelegatingKD
2024-11-12 13:41:23,409 INFO  EvoClassLoader - Seeing class for first time: com.fasterxml.jackson.databind.deser.std.StdKeyDeserializer$EnumKD
2024-11-12 13:41:23,409 INFO  EvoClassLoader - Instrumenting class 'com.fasterxml.jackson.databind.deser.std.StdKeyDeserializer$EnumKD'.
2024-11-12 13:41:23,409 INFO  MethodCallReplacementClassAdapter - Adding mock interface to class com/fasterxml/jackson/databind/deser/std/StdKeyDeserializer$EnumKD
2024-11-12 13:41:23,409 INFO  CreateClassResetClassAdapter - Creating brand-new static initializer in class com/fasterxml/jackson/databind/deser/std/StdKeyDeserializer$EnumKD
2024-11-12 13:41:23,410 INFO  EvoClassLoader - Keeping class: com.fasterxml.jackson.databind.deser.std.StdKeyDeserializer$EnumKD
2024-11-12 13:41:23,410 INFO  EvoClassLoader - Seeing class for first time: com.fasterxml.jackson.databind.deser.std.ThrowableDeserializer
2024-11-12 13:41:23,410 INFO  EvoClassLoader - Instrumenting class 'com.fasterxml.jackson.databind.deser.std.ThrowableDeserializer'.
2024-11-12 13:41:23,410 INFO  MethodCallReplacementClassAdapter - Adding mock interface to class com/fasterxml/jackson/databind/deser/std/ThrowableDeserializer
2024-11-12 13:41:23,410 INFO  CreateClassResetClassAdapter - Creating brand-new static initializer in class com/fasterxml/jackson/databind/deser/std/ThrowableDeserializer
2024-11-12 13:41:23,410 INFO  CreateClassResetClassAdapter - Adding bytecode for initializing field PROP_NAME_MESSAGE
2024-11-12 13:41:23,411 INFO  EvoClassLoader - Seeing class for first time: com.fasterxml.jackson.databind.deser.BeanDeserializer
2024-11-12 13:41:23,411 INFO  EvoClassLoader - Instrumenting class 'com.fasterxml.jackson.databind.deser.BeanDeserializer'.
2024-11-12 13:41:23,411 INFO  MethodCallReplacementClassAdapter - Adding mock interface to class com/fasterxml/jackson/databind/deser/BeanDeserializer
2024-11-12 13:41:23,412 INFO  CreateClassResetClassAdapter - Creating brand-new static initializer in class com/fasterxml/jackson/databind/deser/BeanDeserializer
2024-11-12 13:41:23,413 INFO  EvoClassLoader - Seeing class for first time: com.fasterxml.jackson.databind.deser.BeanDeserializerBase
2024-11-12 13:41:23,413 INFO  EvoClassLoader - Instrumenting class 'com.fasterxml.jackson.databind.deser.BeanDeserializerBase'.
2024-11-12 13:41:23,413 INFO  MethodCallReplacementClassAdapter - Adding mock interface to class com/fasterxml/jackson/databind/deser/BeanDeserializerBase
2024-11-12 13:41:23,418 INFO  CreateClassResetClassAdapter - Found static initializer in class com/fasterxml/jackson/databind/deser/BeanDeserializerBase
2024-11-12 13:41:23,420 INFO  EvoClassLoader - Keeping class: com.fasterxml.jackson.databind.deser.BeanDeserializerBase
2024-11-12 13:41:23,420 INFO  EvoClassLoader - Keeping class: com.fasterxml.jackson.databind.deser.BeanDeserializer
2024-11-12 13:41:23,420 INFO  EvoClassLoader - Keeping class: com.fasterxml.jackson.databind.deser.std.ThrowableDeserializer
2024-11-12 13:41:23,420 INFO  EvoClassLoader - Seeing class for first time: com.fasterxml.jackson.databind.deser.impl.ErrorThrowingDeserializer
2024-11-12 13:41:23,420 INFO  EvoClassLoader - Instrumenting class 'com.fasterxml.jackson.databind.deser.impl.ErrorThrowingDeserializer'.
2024-11-12 13:41:23,420 INFO  MethodCallReplacementClassAdapter - Adding mock interface to class com/fasterxml/jackson/databind/deser/impl/ErrorThrowingDeserializer
2024-11-12 13:41:23,421 INFO  CreateClassResetClassAdapter - Creating brand-new static initializer in class com/fasterxml/jackson/databind/deser/impl/ErrorThrowingDeserializer
2024-11-12 13:41:23,421 INFO  EvoClassLoader - Keeping class: com.fasterxml.jackson.databind.deser.impl.ErrorThrowingDeserializer
2024-11-12 13:41:23,421 INFO  EvoClassLoader - Seeing class for first time: com.fasterxml.jackson.databind.deser.impl.UnsupportedTypeDeserializer
2024-11-12 13:41:23,421 INFO  EvoClassLoader - Instrumenting class 'com.fasterxml.jackson.databind.deser.impl.UnsupportedTypeDeserializer'.
2024-11-12 13:41:23,421 INFO  MethodCallReplacementClassAdapter - Adding mock interface to class com/fasterxml/jackson/databind/deser/impl/UnsupportedTypeDeserializer
2024-11-12 13:41:23,422 INFO  CreateClassResetClassAdapter - Creating brand-new static initializer in class com/fasterxml/jackson/databind/deser/impl/UnsupportedTypeDeserializer
2024-11-12 13:41:23,422 INFO  EvoClassLoader - Keeping class: com.fasterxml.jackson.databind.deser.impl.UnsupportedTypeDeserializer
2024-11-12 13:41:23,422 INFO  EvoClassLoader - Seeing class for first time: com.fasterxml.jackson.databind.deser.impl.PropertyBasedObjectIdGenerator
2024-11-12 13:41:23,422 INFO  EvoClassLoader - Instrumenting class 'com.fasterxml.jackson.databind.deser.impl.PropertyBasedObjectIdGenerator'.
2024-11-12 13:41:23,423 INFO  MethodCallReplacementClassAdapter - Adding mock interface to class com/fasterxml/jackson/databind/deser/impl/PropertyBasedObjectIdGenerator
2024-11-12 13:41:23,423 INFO  CreateClassResetClassAdapter - Creating brand-new static initializer in class com/fasterxml/jackson/databind/deser/impl/PropertyBasedObjectIdGenerator
2024-11-12 13:41:23,423 INFO  EvoClassLoader - Seeing class for first time: com.fasterxml.jackson.annotation.ObjectIdGenerators$PropertyGenerator
2024-11-12 13:41:23,423 INFO  EvoClassLoader - Instrumenting class 'com.fasterxml.jackson.annotation.ObjectIdGenerators$PropertyGenerator'.
2024-11-12 13:41:23,423 INFO  MethodCallReplacementClassAdapter - Adding mock interface to class com/fasterxml/jackson/annotation/ObjectIdGenerators$PropertyGenerator
2024-11-12 13:41:23,423 INFO  CreateClassResetClassAdapter - Creating brand-new static initializer in class com/fasterxml/jackson/annotation/ObjectIdGenerators$PropertyGenerator
2024-11-12 13:41:23,423 INFO  EvoClassLoader - Seeing class for first time: com.fasterxml.jackson.annotation.ObjectIdGenerators$Base
2024-11-12 13:41:23,423 INFO  EvoClassLoader - Instrumenting class 'com.fasterxml.jackson.annotation.ObjectIdGenerators$Base'.
2024-11-12 13:41:23,424 INFO  MethodCallReplacementClassAdapter - Adding mock interface to class com/fasterxml/jackson/annotation/ObjectIdGenerators$Base
2024-11-12 13:41:23,424 INFO  CreateClassResetClassAdapter - Creating brand-new static initializer in class com/fasterxml/jackson/annotation/ObjectIdGenerators$Base
2024-11-12 13:41:23,424 INFO  EvoClassLoader - Keeping class: com.fasterxml.jackson.annotation.ObjectIdGenerators$Base
2024-11-12 13:41:23,424 INFO  EvoClassLoader - Keeping class: com.fasterxml.jackson.annotation.ObjectIdGenerators$PropertyGenerator
2024-11-12 13:41:23,424 INFO  EvoClassLoader - Keeping class: com.fasterxml.jackson.databind.deser.impl.PropertyBasedObjectIdGenerator
2024-11-12 13:41:23,424 INFO  EvoClassLoader - Seeing class for first time: com.fasterxml.jackson.databind.deser.impl.MethodProperty
2024-11-12 13:41:23,424 INFO  EvoClassLoader - Instrumenting class 'com.fasterxml.jackson.databind.deser.impl.MethodProperty'.
2024-11-12 13:41:23,424 INFO  MethodCallReplacementClassAdapter - Adding mock interface to class com/fasterxml/jackson/databind/deser/impl/MethodProperty
2024-11-12 13:41:23,424 INFO  CreateClassResetClassAdapter - Creating brand-new static initializer in class com/fasterxml/jackson/databind/deser/impl/MethodProperty
2024-11-12 13:41:23,425 INFO  EvoClassLoader - Keeping class: com.fasterxml.jackson.databind.deser.impl.MethodProperty
2024-11-12 13:41:23,425 INFO  EvoClassLoader - Seeing class for first time: com.fasterxml.jackson.databind.deser.impl.FieldProperty
2024-11-12 13:41:23,425 INFO  EvoClassLoader - Instrumenting class 'com.fasterxml.jackson.databind.deser.impl.FieldProperty'.
2024-11-12 13:41:23,425 INFO  MethodCallReplacementClassAdapter - Adding mock interface to class com/fasterxml/jackson/databind/deser/impl/FieldProperty
2024-11-12 13:41:23,426 INFO  CreateClassResetClassAdapter - Creating brand-new static initializer in class com/fasterxml/jackson/databind/deser/impl/FieldProperty
2024-11-12 13:41:23,426 INFO  EvoClassLoader - Keeping class: com.fasterxml.jackson.databind.deser.impl.FieldProperty
2024-11-12 13:41:23,426 INFO  EvoClassLoader - Seeing class for first time: com.fasterxml.jackson.databind.deser.impl.SetterlessProperty
2024-11-12 13:41:23,426 INFO  EvoClassLoader - Instrumenting class 'com.fasterxml.jackson.databind.deser.impl.SetterlessProperty'.
2024-11-12 13:41:23,427 INFO  MethodCallReplacementClassAdapter - Adding mock interface to class com/fasterxml/jackson/databind/deser/impl/SetterlessProperty
2024-11-12 13:41:23,427 INFO  CreateClassResetClassAdapter - Creating brand-new static initializer in class com/fasterxml/jackson/databind/deser/impl/SetterlessProperty
2024-11-12 13:41:23,428 INFO  EvoClassLoader - Keeping class: com.fasterxml.jackson.databind.deser.impl.SetterlessProperty
2024-11-12 13:41:23,428 INFO  EvoClassLoader - Seeing class for first time: com.fasterxml.jackson.databind.deser.BeanDeserializerBuilder
2024-11-12 13:41:23,428 INFO  EvoClassLoader - Instrumenting class 'com.fasterxml.jackson.databind.deser.BeanDeserializerBuilder'.
2024-11-12 13:41:23,428 INFO  MethodCallReplacementClassAdapter - Adding mock interface to class com/fasterxml/jackson/databind/deser/BeanDeserializerBuilder
2024-11-12 13:41:23,429 INFO  CreateClassResetClassAdapter - Creating brand-new static initializer in class com/fasterxml/jackson/databind/deser/BeanDeserializerBuilder
2024-11-12 13:41:23,429 INFO  EvoClassLoader - Keeping class: com.fasterxml.jackson.databind.deser.BeanDeserializerBuilder
2024-11-12 13:41:23,429 INFO  EvoClassLoader - Seeing class for first time: com.fasterxml.jackson.databind.deser.SettableAnyProperty
2024-11-12 13:41:23,429 INFO  EvoClassLoader - Instrumenting class 'com.fasterxml.jackson.databind.deser.SettableAnyProperty'.
2024-11-12 13:41:23,430 INFO  MethodCallReplacementClassAdapter - Adding mock interface to class com/fasterxml/jackson/databind/deser/SettableAnyProperty
2024-11-12 13:41:23,431 INFO  CreateClassResetClassAdapter - Creating brand-new static initializer in class com/fasterxml/jackson/databind/deser/SettableAnyProperty
2024-11-12 13:41:23,431 INFO  EvoClassLoader - Keeping class: com.fasterxml.jackson.databind.deser.SettableAnyProperty
2024-11-12 13:41:23,431 INFO  EvoClassLoader - Seeing class for first time: com.fasterxml.jackson.databind.deser.DeserializerCache
2024-11-12 13:41:23,431 INFO  EvoClassLoader - Instrumenting class 'com.fasterxml.jackson.databind.deser.DeserializerCache'.
2024-11-12 13:41:23,431 INFO  MethodCallReplacementClassAdapter - Adding mock interface to class com/fasterxml/jackson/databind/deser/DeserializerCache
2024-11-12 13:41:23,433 INFO  CreateClassResetClassAdapter - Creating brand-new static initializer in class com/fasterxml/jackson/databind/deser/DeserializerCache
2024-11-12 13:41:23,434 INFO  EvoClassLoader - Keeping class: com.fasterxml.jackson.databind.deser.DeserializerCache
2024-11-12 13:41:23,434 INFO  EvoClassLoader - Seeing class for first time: com.fasterxml.jackson.databind.deser.std.StdDelegatingDeserializer
2024-11-12 13:41:23,434 INFO  EvoClassLoader - Instrumenting class 'com.fasterxml.jackson.databind.deser.std.StdDelegatingDeserializer'.
2024-11-12 13:41:23,435 INFO  MethodCallReplacementClassAdapter - Adding mock interface to class com/fasterxml/jackson/databind/deser/std/StdDelegatingDeserializer
2024-11-12 13:41:23,435 INFO  CreateClassResetClassAdapter - Creating brand-new static initializer in class com/fasterxml/jackson/databind/deser/std/StdDelegatingDeserializer
2024-11-12 13:41:23,435 INFO  EvoClassLoader - Keeping class: com.fasterxml.jackson.databind.deser.std.StdDelegatingDeserializer
2024-11-12 13:41:23,436 INFO  EvoClassLoader - Seeing class for first time: com.fasterxml.jackson.databind.ser.Serializers
2024-11-12 13:41:23,436 INFO  EvoClassLoader - Instrumenting class 'com.fasterxml.jackson.databind.ser.Serializers'.
2024-11-12 13:41:23,436 INFO  EvoClassLoader - Keeping class: com.fasterxml.jackson.databind.ser.Serializers
2024-11-12 13:41:23,436 INFO  EvoClassLoader - Seeing class for first time: com.fasterxml.jackson.databind.ser.BeanSerializerModifier
2024-11-12 13:41:23,436 INFO  EvoClassLoader - Instrumenting class 'com.fasterxml.jackson.databind.ser.BeanSerializerModifier'.
2024-11-12 13:41:23,437 INFO  MethodCallReplacementClassAdapter - Adding mock interface to class com/fasterxml/jackson/databind/ser/BeanSerializerModifier
2024-11-12 13:41:23,437 INFO  CreateClassResetClassAdapter - Creating brand-new static initializer in class com/fasterxml/jackson/databind/ser/BeanSerializerModifier
2024-11-12 13:41:23,437 INFO  EvoClassLoader - Keeping class: com.fasterxml.jackson.databind.ser.BeanSerializerModifier
2024-11-12 13:41:23,437 INFO  EvoClassLoader - Seeing class for first time: com.fasterxml.jackson.databind.ser.std.StdScalarSerializer
2024-11-12 13:41:23,437 INFO  EvoClassLoader - Instrumenting class 'com.fasterxml.jackson.databind.ser.std.StdScalarSerializer'.
2024-11-12 13:41:23,437 INFO  MethodCallReplacementClassAdapter - Adding mock interface to class com/fasterxml/jackson/databind/ser/std/StdScalarSerializer
2024-11-12 13:41:23,437 INFO  CreateClassResetClassAdapter - Creating brand-new static initializer in class com/fasterxml/jackson/databind/ser/std/StdScalarSerializer
2024-11-12 13:41:23,437 INFO  EvoClassLoader - Keeping class: com.fasterxml.jackson.databind.ser.std.StdScalarSerializer
2024-11-12 13:41:23,437 INFO  EvoClassLoader - Seeing class for first time: com.fasterxml.jackson.databind.ser.std.StringSerializer
2024-11-12 13:41:23,437 INFO  EvoClassLoader - Instrumenting class 'com.fasterxml.jackson.databind.ser.std.StringSerializer'.
2024-11-12 13:41:23,438 INFO  MethodCallReplacementClassAdapter - Adding mock interface to class com/fasterxml/jackson/databind/ser/std/StringSerializer
2024-11-12 13:41:23,438 INFO  CreateClassResetClassAdapter - Creating brand-new static initializer in class com/fasterxml/jackson/databind/ser/std/StringSerializer
2024-11-12 13:41:23,438 INFO  EvoClassLoader - Keeping class: com.fasterxml.jackson.databind.ser.std.StringSerializer
2024-11-12 13:41:23,438 INFO  EvoClassLoader - Seeing class for first time: com.fasterxml.jackson.databind.ser.std.ToStringSerializerBase
2024-11-12 13:41:23,438 INFO  EvoClassLoader - Instrumenting class 'com.fasterxml.jackson.databind.ser.std.ToStringSerializerBase'.
2024-11-12 13:41:23,438 INFO  MethodCallReplacementClassAdapter - Adding mock interface to class com/fasterxml/jackson/databind/ser/std/ToStringSerializerBase
2024-11-12 13:41:23,438 INFO  CreateClassResetClassAdapter - Creating brand-new static initializer in class com/fasterxml/jackson/databind/ser/std/ToStringSerializerBase
2024-11-12 13:41:23,438 INFO  EvoClassLoader - Keeping class: com.fasterxml.jackson.databind.ser.std.ToStringSerializerBase
2024-11-12 13:41:23,438 INFO  EvoClassLoader - Seeing class for first time: com.fasterxml.jackson.databind.ser.std.ToStringSerializer
2024-11-12 13:41:23,438 INFO  EvoClassLoader - Instrumenting class 'com.fasterxml.jackson.databind.ser.std.ToStringSerializer'.
2024-11-12 13:41:23,438 INFO  MethodCallReplacementClassAdapter - Adding mock interface to class com/fasterxml/jackson/databind/ser/std/ToStringSerializer
2024-11-12 13:41:23,438 INFO  CreateClassResetClassAdapter - Found static initializer in class com/fasterxml/jackson/databind/ser/std/ToStringSerializer
2024-11-12 13:41:23,439 INFO  EvoClassLoader - Keeping class: com.fasterxml.jackson.databind.ser.std.ToStringSerializer
2024-11-12 13:41:23,439 INFO  EvoClassLoader - Seeing class for first time: com.fasterxml.jackson.databind.ser.std.NumberSerializers
2024-11-12 13:41:23,439 INFO  EvoClassLoader - Instrumenting class 'com.fasterxml.jackson.databind.ser.std.NumberSerializers'.
2024-11-12 13:41:23,439 INFO  MethodCallReplacementClassAdapter - Adding mock interface to class com/fasterxml/jackson/databind/ser/std/NumberSerializers
2024-11-12 13:41:23,439 INFO  CreateClassResetClassAdapter - Creating brand-new static initializer in class com/fasterxml/jackson/databind/ser/std/NumberSerializers
2024-11-12 13:41:23,439 INFO  EvoClassLoader - Keeping class: com.fasterxml.jackson.databind.ser.std.NumberSerializers
2024-11-12 13:41:23,439 INFO  EvoClassLoader - Seeing class for first time: com.fasterxml.jackson.databind.ser.std.NumberSerializers$Base
2024-11-12 13:41:23,439 INFO  EvoClassLoader - Instrumenting class 'com.fasterxml.jackson.databind.ser.std.NumberSerializers$Base'.
2024-11-12 13:41:23,439 INFO  MethodCallReplacementClassAdapter - Adding mock interface to class com/fasterxml/jackson/databind/ser/std/NumberSerializers$Base
2024-11-12 13:41:23,439 INFO  CreateClassResetClassAdapter - Creating brand-new static initializer in class com/fasterxml/jackson/databind/ser/std/NumberSerializers$Base
2024-11-12 13:41:23,440 INFO  EvoClassLoader - Keeping class: com.fasterxml.jackson.databind.ser.std.NumberSerializers$Base
2024-11-12 13:41:23,440 INFO  EvoClassLoader - Seeing class for first time: com.fasterxml.jackson.databind.ser.std.NumberSerializers$DoubleSerializer
2024-11-12 13:41:23,440 INFO  EvoClassLoader - Instrumenting class 'com.fasterxml.jackson.databind.ser.std.NumberSerializers$DoubleSerializer'.
2024-11-12 13:41:23,440 INFO  MethodCallReplacementClassAdapter - Adding mock interface to class com/fasterxml/jackson/databind/ser/std/NumberSerializers$DoubleSerializer
2024-11-12 13:41:23,440 INFO  CreateClassResetClassAdapter - Creating brand-new static initializer in class com/fasterxml/jackson/databind/ser/std/NumberSerializers$DoubleSerializer
2024-11-12 13:41:23,440 INFO  EvoClassLoader - Keeping class: com.fasterxml.jackson.databind.ser.std.NumberSerializers$DoubleSerializer
2024-11-12 13:41:23,440 INFO  EvoClassLoader - Seeing class for first time: com.fasterxml.jackson.databind.ser.std.NumberSerializers$FloatSerializer
2024-11-12 13:41:23,440 INFO  EvoClassLoader - Instrumenting class 'com.fasterxml.jackson.databind.ser.std.NumberSerializers$FloatSerializer'.
2024-11-12 13:41:23,440 INFO  MethodCallReplacementClassAdapter - Adding mock interface to class com/fasterxml/jackson/databind/ser/std/NumberSerializers$FloatSerializer
2024-11-12 13:41:23,440 INFO  CreateClassResetClassAdapter - Found static initializer in class com/fasterxml/jackson/databind/ser/std/NumberSerializers$FloatSerializer
2024-11-12 13:41:23,440 INFO  EvoClassLoader - Keeping class: com.fasterxml.jackson.databind.ser.std.NumberSerializers$FloatSerializer
2024-11-12 13:41:23,440 INFO  EvoClassLoader - Seeing class for first time: com.fasterxml.jackson.databind.ser.std.NumberSerializers$LongSerializer
2024-11-12 13:41:23,440 INFO  EvoClassLoader - Instrumenting class 'com.fasterxml.jackson.databind.ser.std.NumberSerializers$LongSerializer'.
2024-11-12 13:41:23,440 INFO  MethodCallReplacementClassAdapter - Adding mock interface to class com/fasterxml/jackson/databind/ser/std/NumberSerializers$LongSerializer
2024-11-12 13:41:23,440 INFO  CreateClassResetClassAdapter - Creating brand-new static initializer in class com/fasterxml/jackson/databind/ser/std/NumberSerializers$LongSerializer
2024-11-12 13:41:23,440 INFO  EvoClassLoader - Keeping class: com.fasterxml.jackson.databind.ser.std.NumberSerializers$LongSerializer
2024-11-12 13:41:23,440 INFO  EvoClassLoader - Seeing class for first time: com.fasterxml.jackson.databind.ser.std.NumberSerializers$IntLikeSerializer
2024-11-12 13:41:23,440 INFO  EvoClassLoader - Instrumenting class 'com.fasterxml.jackson.databind.ser.std.NumberSerializers$IntLikeSerializer'.
2024-11-12 13:41:23,441 INFO  MethodCallReplacementClassAdapter - Adding mock interface to class com/fasterxml/jackson/databind/ser/std/NumberSerializers$IntLikeSerializer
2024-11-12 13:41:23,441 INFO  CreateClassResetClassAdapter - Found static initializer in class com/fasterxml/jackson/databind/ser/std/NumberSerializers$IntLikeSerializer
2024-11-12 13:41:23,441 INFO  EvoClassLoader - Keeping class: com.fasterxml.jackson.databind.ser.std.NumberSerializers$IntLikeSerializer
2024-11-12 13:41:23,441 INFO  EvoClassLoader - Seeing class for first time: com.fasterxml.jackson.databind.ser.std.NumberSerializers$IntegerSerializer
2024-11-12 13:41:23,441 INFO  EvoClassLoader - Instrumenting class 'com.fasterxml.jackson.databind.ser.std.NumberSerializers$IntegerSerializer'.
2024-11-12 13:41:23,441 INFO  MethodCallReplacementClassAdapter - Adding mock interface to class com/fasterxml/jackson/databind/ser/std/NumberSerializers$IntegerSerializer
2024-11-12 13:41:23,441 INFO  CreateClassResetClassAdapter - Creating brand-new static initializer in class com/fasterxml/jackson/databind/ser/std/NumberSerializers$IntegerSerializer
2024-11-12 13:41:23,441 INFO  EvoClassLoader - Keeping class: com.fasterxml.jackson.databind.ser.std.NumberSerializers$IntegerSerializer
2024-11-12 13:41:23,441 INFO  EvoClassLoader - Seeing class for first time: com.fasterxml.jackson.databind.ser.std.NumberSerializers$ShortSerializer
2024-11-12 13:41:23,441 INFO  EvoClassLoader - Instrumenting class 'com.fasterxml.jackson.databind.ser.std.NumberSerializers$ShortSerializer'.
2024-11-12 13:41:23,441 INFO  MethodCallReplacementClassAdapter - Adding mock interface to class com/fasterxml/jackson/databind/ser/std/NumberSerializers$ShortSerializer
2024-11-12 13:41:23,441 INFO  CreateClassResetClassAdapter - Found static initializer in class com/fasterxml/jackson/databind/ser/std/NumberSerializers$ShortSerializer
2024-11-12 13:41:23,441 INFO  EvoClassLoader - Keeping class: com.fasterxml.jackson.databind.ser.std.NumberSerializers$ShortSerializer
2024-11-12 13:41:23,442 INFO  EvoClassLoader - Seeing class for first time: com.fasterxml.jackson.databind.ser.std.BooleanSerializer
2024-11-12 13:41:23,442 INFO  EvoClassLoader - Instrumenting class 'com.fasterxml.jackson.databind.ser.std.BooleanSerializer'.
2024-11-12 13:41:23,442 INFO  MethodCallReplacementClassAdapter - Adding mock interface to class com/fasterxml/jackson/databind/ser/std/BooleanSerializer
2024-11-12 13:41:23,442 INFO  CreateClassResetClassAdapter - Creating brand-new static initializer in class com/fasterxml/jackson/databind/ser/std/BooleanSerializer
2024-11-12 13:41:23,442 INFO  EvoClassLoader - Keeping class: com.fasterxml.jackson.databind.ser.std.BooleanSerializer
2024-11-12 13:41:23,442 INFO  EvoClassLoader - Seeing class for first time: com.fasterxml.jackson.databind.ser.std.BooleanSerializer$AsNumber
2024-11-12 13:41:23,442 INFO  EvoClassLoader - Instrumenting class 'com.fasterxml.jackson.databind.ser.std.BooleanSerializer$AsNumber'.
2024-11-12 13:41:23,442 INFO  MethodCallReplacementClassAdapter - Adding mock interface to class com/fasterxml/jackson/databind/ser/std/BooleanSerializer$AsNumber
2024-11-12 13:41:23,443 INFO  CreateClassResetClassAdapter - Creating brand-new static initializer in class com/fasterxml/jackson/databind/ser/std/BooleanSerializer$AsNumber
2024-11-12 13:41:23,443 INFO  EvoClassLoader - Keeping class: com.fasterxml.jackson.databind.ser.std.BooleanSerializer$AsNumber
2024-11-12 13:41:23,443 INFO  EvoClassLoader - Seeing class for first time: com.fasterxml.jackson.databind.ser.std.NumberSerializer
2024-11-12 13:41:23,443 INFO  EvoClassLoader - Instrumenting class 'com.fasterxml.jackson.databind.ser.std.NumberSerializer'.
2024-11-12 13:41:23,443 INFO  MethodCallReplacementClassAdapter - Adding mock interface to class com/fasterxml/jackson/databind/ser/std/NumberSerializer
2024-11-12 13:41:23,443 INFO  CreateClassResetClassAdapter - Found static initializer in class com/fasterxml/jackson/databind/ser/std/NumberSerializer
2024-11-12 13:41:23,443 INFO  EvoClassLoader - Keeping class: com.fasterxml.jackson.databind.ser.std.NumberSerializer
2024-11-12 13:41:23,443 INFO  EvoClassLoader - Seeing class for first time: com.fasterxml.jackson.databind.ser.std.NumberSerializer$BigDecimalAsStringSerializer
2024-11-12 13:41:23,443 INFO  EvoClassLoader - Instrumenting class 'com.fasterxml.jackson.databind.ser.std.NumberSerializer$BigDecimalAsStringSerializer'.
2024-11-12 13:41:23,444 INFO  MethodCallReplacementClassAdapter - Adding mock interface to class com/fasterxml/jackson/databind/ser/std/NumberSerializer$BigDecimalAsStringSerializer
2024-11-12 13:41:23,444 INFO  CreateClassResetClassAdapter - Found static initializer in class com/fasterxml/jackson/databind/ser/std/NumberSerializer$BigDecimalAsStringSerializer
2024-11-12 13:41:23,444 INFO  EvoClassLoader - Keeping class: com.fasterxml.jackson.databind.ser.std.NumberSerializer$BigDecimalAsStringSerializer
2024-11-12 13:41:23,444 INFO  EvoClassLoader - Seeing class for first time: com.fasterxml.jackson.databind.ser.std.DateTimeSerializerBase
2024-11-12 13:41:23,444 INFO  EvoClassLoader - Instrumenting class 'com.fasterxml.jackson.databind.ser.std.DateTimeSerializerBase'.
2024-11-12 13:41:23,445 INFO  MethodCallReplacementClassAdapter - Adding mock interface to class com/fasterxml/jackson/databind/ser/std/DateTimeSerializerBase
2024-11-12 13:41:23,445 INFO  CreateClassResetClassAdapter - Creating brand-new static initializer in class com/fasterxml/jackson/databind/ser/std/DateTimeSerializerBase
2024-11-12 13:41:23,446 INFO  EvoClassLoader - Keeping class: com.fasterxml.jackson.databind.ser.std.DateTimeSerializerBase
2024-11-12 13:41:23,446 INFO  EvoClassLoader - Seeing class for first time: com.fasterxml.jackson.databind.ser.std.CalendarSerializer
2024-11-12 13:41:23,446 INFO  EvoClassLoader - Instrumenting class 'com.fasterxml.jackson.databind.ser.std.CalendarSerializer'.
2024-11-12 13:41:23,446 INFO  MethodCallReplacementClassAdapter - Adding mock interface to class com/fasterxml/jackson/databind/ser/std/CalendarSerializer
2024-11-12 13:41:23,446 INFO  CreateClassResetClassAdapter - Found static initializer in class com/fasterxml/jackson/databind/ser/std/CalendarSerializer
2024-11-12 13:41:23,446 INFO  EvoClassLoader - Keeping class: com.fasterxml.jackson.databind.ser.std.CalendarSerializer
2024-11-12 13:41:23,446 INFO  EvoClassLoader - Seeing class for first time: com.fasterxml.jackson.databind.ser.std.DateSerializer
2024-11-12 13:41:23,446 INFO  EvoClassLoader - Instrumenting class 'com.fasterxml.jackson.databind.ser.std.DateSerializer'.
2024-11-12 13:41:23,447 INFO  MethodCallReplacementClassAdapter - Adding mock interface to class com/fasterxml/jackson/databind/ser/std/DateSerializer
2024-11-12 13:41:23,447 INFO  CreateClassResetClassAdapter - Found static initializer in class com/fasterxml/jackson/databind/ser/std/DateSerializer
2024-11-12 13:41:23,447 INFO  EvoClassLoader - Keeping class: com.fasterxml.jackson.databind.ser.std.DateSerializer
2024-11-12 13:41:23,447 INFO  EvoClassLoader - Seeing class for first time: com.fasterxml.jackson.databind.ser.std.StdJdkSerializers
2024-11-12 13:41:23,447 INFO  EvoClassLoader - Instrumenting class 'com.fasterxml.jackson.databind.ser.std.StdJdkSerializers'.
2024-11-12 13:41:23,447 INFO  MethodCallReplacementClassAdapter - Adding mock interface to class com/fasterxml/jackson/databind/ser/std/StdJdkSerializers
2024-11-12 13:41:23,447 INFO  CreateClassResetClassAdapter - Creating brand-new static initializer in class com/fasterxml/jackson/databind/ser/std/StdJdkSerializers
2024-11-12 13:41:23,447 INFO  EvoClassLoader - Keeping class: com.fasterxml.jackson.databind.ser.std.StdJdkSerializers
2024-11-12 13:41:23,447 INFO  EvoClassLoader - Seeing class for first time: com.fasterxml.jackson.databind.ser.std.UUIDSerializer
2024-11-12 13:41:23,447 INFO  EvoClassLoader - Instrumenting class 'com.fasterxml.jackson.databind.ser.std.UUIDSerializer'.
2024-11-12 13:41:23,447 INFO  MethodCallReplacementClassAdapter - Adding mock interface to class com/fasterxml/jackson/databind/ser/std/UUIDSerializer
2024-11-12 13:41:23,448 INFO  CreateClassResetClassAdapter - Found static initializer in class com/fasterxml/jackson/databind/ser/std/UUIDSerializer
2024-11-12 13:41:23,448 INFO  EvoClassLoader - Keeping class: com.fasterxml.jackson.databind.ser.std.UUIDSerializer
2024-11-12 13:41:23,448 INFO  EvoClassLoader - Seeing class for first time: com.fasterxml.jackson.databind.ser.std.JsonValueSerializer
2024-11-12 13:41:23,448 INFO  EvoClassLoader - Instrumenting class 'com.fasterxml.jackson.databind.ser.std.JsonValueSerializer'.
2024-11-12 13:41:23,448 INFO  MethodCallReplacementClassAdapter - Adding mock interface to class com/fasterxml/jackson/databind/ser/std/JsonValueSerializer
2024-11-12 13:41:23,449 INFO  CreateClassResetClassAdapter - Creating brand-new static initializer in class com/fasterxml/jackson/databind/ser/std/JsonValueSerializer
2024-11-12 13:41:23,449 INFO  EvoClassLoader - Keeping class: com.fasterxml.jackson.databind.ser.std.JsonValueSerializer
2024-11-12 13:41:23,450 INFO  EvoClassLoader - Seeing class for first time: com.fasterxml.jackson.databind.ser.std.SerializableSerializer
2024-11-12 13:41:23,450 INFO  EvoClassLoader - Instrumenting class 'com.fasterxml.jackson.databind.ser.std.SerializableSerializer'.
2024-11-12 13:41:23,450 INFO  MethodCallReplacementClassAdapter - Adding mock interface to class com/fasterxml/jackson/databind/ser/std/SerializableSerializer
2024-11-12 13:41:23,450 INFO  CreateClassResetClassAdapter - Found static initializer in class com/fasterxml/jackson/databind/ser/std/SerializableSerializer
2024-11-12 13:41:23,450 INFO  EvoClassLoader - Keeping class: com.fasterxml.jackson.databind.ser.std.SerializableSerializer
2024-11-12 13:41:23,450 INFO  EvoClassLoader - Seeing class for first time: com.fasterxml.jackson.databind.ser.std.ByteBufferSerializer
2024-11-12 13:41:23,450 INFO  EvoClassLoader - Instrumenting class 'com.fasterxml.jackson.databind.ser.std.ByteBufferSerializer'.
2024-11-12 13:41:23,450 INFO  MethodCallReplacementClassAdapter - Adding mock interface to class com/fasterxml/jackson/databind/ser/std/ByteBufferSerializer
2024-11-12 13:41:23,450 INFO  CreateClassResetClassAdapter - Creating brand-new static initializer in class com/fasterxml/jackson/databind/ser/std/ByteBufferSerializer
2024-11-12 13:41:23,451 INFO  EvoClassLoader - Keeping class: com.fasterxml.jackson.databind.ser.std.ByteBufferSerializer
2024-11-12 13:41:23,451 INFO  EvoClassLoader - Seeing class for first time: com.fasterxml.jackson.databind.ser.std.InetAddressSerializer
2024-11-12 13:41:23,451 INFO  EvoClassLoader - Instrumenting class 'com.fasterxml.jackson.databind.ser.std.InetAddressSerializer'.
2024-11-12 13:41:23,451 INFO  MethodCallReplacementClassAdapter - Adding mock interface to class com/fasterxml/jackson/databind/ser/std/InetAddressSerializer
2024-11-12 13:41:23,451 INFO  CreateClassResetClassAdapter - Creating brand-new static initializer in class com/fasterxml/jackson/databind/ser/std/InetAddressSerializer
2024-11-12 13:41:23,451 INFO  EvoClassLoader - Keeping class: com.fasterxml.jackson.databind.ser.std.InetAddressSerializer
2024-11-12 13:41:23,451 INFO  EvoClassLoader - Seeing class for first time: com.fasterxml.jackson.databind.ser.std.InetSocketAddressSerializer
2024-11-12 13:41:23,451 INFO  EvoClassLoader - Instrumenting class 'com.fasterxml.jackson.databind.ser.std.InetSocketAddressSerializer'.
2024-11-12 13:41:23,451 INFO  MethodCallReplacementClassAdapter - Adding mock interface to class com/fasterxml/jackson/databind/ser/std/InetSocketAddressSerializer
2024-11-12 13:41:23,451 INFO  CreateClassResetClassAdapter - Creating brand-new static initializer in class com/fasterxml/jackson/databind/ser/std/InetSocketAddressSerializer
2024-11-12 13:41:23,451 INFO  EvoClassLoader - Keeping class: com.fasterxml.jackson.databind.ser.std.InetSocketAddressSerializer
2024-11-12 13:41:23,451 INFO  EvoClassLoader - Seeing class for first time: com.fasterxml.jackson.databind.ser.std.TimeZoneSerializer
2024-11-12 13:41:23,451 INFO  EvoClassLoader - Instrumenting class 'com.fasterxml.jackson.databind.ser.std.TimeZoneSerializer'.
2024-11-12 13:41:23,452 INFO  MethodCallReplacementClassAdapter - Adding mock interface to class com/fasterxml/jackson/databind/ser/std/TimeZoneSerializer
2024-11-12 13:41:23,452 INFO  CreateClassResetClassAdapter - Creating brand-new static initializer in class com/fasterxml/jackson/databind/ser/std/TimeZoneSerializer
2024-11-12 13:41:23,452 INFO  EvoClassLoader - Keeping class: com.fasterxml.jackson.databind.ser.std.TimeZoneSerializer
2024-11-12 13:41:23,452 INFO  EvoClassLoader - Seeing class for first time: com.fasterxml.jackson.databind.ser.ContainerSerializer
2024-11-12 13:41:23,452 INFO  EvoClassLoader - Instrumenting class 'com.fasterxml.jackson.databind.ser.ContainerSerializer'.
2024-11-12 13:41:23,452 INFO  MethodCallReplacementClassAdapter - Adding mock interface to class com/fasterxml/jackson/databind/ser/ContainerSerializer
2024-11-12 13:41:23,452 INFO  CreateClassResetClassAdapter - Creating brand-new static initializer in class com/fasterxml/jackson/databind/ser/ContainerSerializer
2024-11-12 13:41:23,452 INFO  EvoClassLoader - Keeping class: com.fasterxml.jackson.databind.ser.ContainerSerializer
2024-11-12 13:41:23,452 INFO  EvoClassLoader - Seeing class for first time: com.fasterxml.jackson.databind.ser.std.CollectionSerializer
2024-11-12 13:41:23,452 INFO  EvoClassLoader - Instrumenting class 'com.fasterxml.jackson.databind.ser.std.CollectionSerializer'.
2024-11-12 13:41:23,453 INFO  MethodCallReplacementClassAdapter - Adding mock interface to class com/fasterxml/jackson/databind/ser/std/CollectionSerializer
2024-11-12 13:41:23,453 INFO  CreateClassResetClassAdapter - Creating brand-new static initializer in class com/fasterxml/jackson/databind/ser/std/CollectionSerializer
2024-11-12 13:41:23,453 INFO  EvoClassLoader - Seeing class for first time: com.fasterxml.jackson.databind.ser.std.AsArraySerializerBase
2024-11-12 13:41:23,453 INFO  EvoClassLoader - Instrumenting class 'com.fasterxml.jackson.databind.ser.std.AsArraySerializerBase'.
2024-11-12 13:41:23,453 INFO  MethodCallReplacementClassAdapter - Adding mock interface to class com/fasterxml/jackson/databind/ser/std/AsArraySerializerBase
2024-11-12 13:41:23,453 INFO  CreateClassResetClassAdapter - Creating brand-new static initializer in class com/fasterxml/jackson/databind/ser/std/AsArraySerializerBase
2024-11-12 13:41:23,454 INFO  EvoClassLoader - Keeping class: com.fasterxml.jackson.databind.ser.std.AsArraySerializerBase
2024-11-12 13:41:23,454 INFO  EvoClassLoader - Keeping class: com.fasterxml.jackson.databind.ser.std.CollectionSerializer
2024-11-12 13:41:23,454 INFO  EvoClassLoader - Seeing class for first time: com.fasterxml.jackson.databind.ser.impl.IndexedStringListSerializer
2024-11-12 13:41:23,454 INFO  EvoClassLoader - Instrumenting class 'com.fasterxml.jackson.databind.ser.impl.IndexedStringListSerializer'.
2024-11-12 13:41:23,454 INFO  MethodCallReplacementClassAdapter - Adding mock interface to class com/fasterxml/jackson/databind/ser/impl/IndexedStringListSerializer
2024-11-12 13:41:23,454 INFO  CreateClassResetClassAdapter - Found static initializer in class com/fasterxml/jackson/databind/ser/impl/IndexedStringListSerializer
2024-11-12 13:41:23,454 INFO  EvoClassLoader - Seeing class for first time: com.fasterxml.jackson.databind.ser.std.StaticListSerializerBase
2024-11-12 13:41:23,454 INFO  EvoClassLoader - Instrumenting class 'com.fasterxml.jackson.databind.ser.std.StaticListSerializerBase'.
2024-11-12 13:41:23,454 INFO  MethodCallReplacementClassAdapter - Adding mock interface to class com/fasterxml/jackson/databind/ser/std/StaticListSerializerBase
2024-11-12 13:41:23,454 INFO  CreateClassResetClassAdapter - Creating brand-new static initializer in class com/fasterxml/jackson/databind/ser/std/StaticListSerializerBase
2024-11-12 13:41:23,455 INFO  EvoClassLoader - Keeping class: com.fasterxml.jackson.databind.ser.std.StaticListSerializerBase
2024-11-12 13:41:23,455 INFO  EvoClassLoader - Keeping class: com.fasterxml.jackson.databind.ser.impl.IndexedStringListSerializer
2024-11-12 13:41:23,455 INFO  EvoClassLoader - Seeing class for first time: com.fasterxml.jackson.databind.ser.impl.StringCollectionSerializer
2024-11-12 13:41:23,455 INFO  EvoClassLoader - Instrumenting class 'com.fasterxml.jackson.databind.ser.impl.StringCollectionSerializer'.
2024-11-12 13:41:23,455 INFO  MethodCallReplacementClassAdapter - Adding mock interface to class com/fasterxml/jackson/databind/ser/impl/StringCollectionSerializer
2024-11-12 13:41:23,455 INFO  CreateClassResetClassAdapter - Found static initializer in class com/fasterxml/jackson/databind/ser/impl/StringCollectionSerializer
2024-11-12 13:41:23,455 INFO  EvoClassLoader - Keeping class: com.fasterxml.jackson.databind.ser.impl.StringCollectionSerializer
2024-11-12 13:41:23,455 INFO  EvoClassLoader - Seeing class for first time: com.fasterxml.jackson.databind.ser.impl.StringArraySerializer
2024-11-12 13:41:23,455 INFO  EvoClassLoader - Instrumenting class 'com.fasterxml.jackson.databind.ser.impl.StringArraySerializer'.
2024-11-12 13:41:23,456 INFO  MethodCallReplacementClassAdapter - Adding mock interface to class com/fasterxml/jackson/databind/ser/impl/StringArraySerializer
2024-11-12 13:41:23,456 INFO  CreateClassResetClassAdapter - Found static initializer in class com/fasterxml/jackson/databind/ser/impl/StringArraySerializer
2024-11-12 13:41:23,456 INFO  EvoClassLoader - Seeing class for first time: com.fasterxml.jackson.databind.ser.std.ArraySerializerBase
2024-11-12 13:41:23,456 INFO  EvoClassLoader - Instrumenting class 'com.fasterxml.jackson.databind.ser.std.ArraySerializerBase'.
2024-11-12 13:41:23,456 INFO  MethodCallReplacementClassAdapter - Adding mock interface to class com/fasterxml/jackson/databind/ser/std/ArraySerializerBase
2024-11-12 13:41:23,456 INFO  CreateClassResetClassAdapter - Creating brand-new static initializer in class com/fasterxml/jackson/databind/ser/std/ArraySerializerBase
2024-11-12 13:41:23,456 INFO  EvoClassLoader - Keeping class: com.fasterxml.jackson.databind.ser.std.ArraySerializerBase
2024-11-12 13:41:23,456 INFO  EvoClassLoader - Keeping class: com.fasterxml.jackson.databind.ser.impl.StringArraySerializer
2024-11-12 13:41:23,456 INFO  EvoClassLoader - Seeing class for first time: com.fasterxml.jackson.databind.ser.std.ObjectArraySerializer
2024-11-12 13:41:23,456 INFO  EvoClassLoader - Instrumenting class 'com.fasterxml.jackson.databind.ser.std.ObjectArraySerializer'.
2024-11-12 13:41:23,457 INFO  MethodCallReplacementClassAdapter - Adding mock interface to class com/fasterxml/jackson/databind/ser/std/ObjectArraySerializer
2024-11-12 13:41:23,457 INFO  CreateClassResetClassAdapter - Creating brand-new static initializer in class com/fasterxml/jackson/databind/ser/std/ObjectArraySerializer
2024-11-12 13:41:23,457 INFO  EvoClassLoader - Keeping class: com.fasterxml.jackson.databind.ser.std.ObjectArraySerializer
2024-11-12 13:41:23,457 INFO  EvoClassLoader - Seeing class for first time: com.fasterxml.jackson.databind.ser.std.EnumSetSerializer
2024-11-12 13:41:23,457 INFO  EvoClassLoader - Instrumenting class 'com.fasterxml.jackson.databind.ser.std.EnumSetSerializer'.
2024-11-12 13:41:23,458 INFO  MethodCallReplacementClassAdapter - Adding mock interface to class com/fasterxml/jackson/databind/ser/std/EnumSetSerializer
2024-11-12 13:41:23,458 INFO  CreateClassResetClassAdapter - Creating brand-new static initializer in class com/fasterxml/jackson/databind/ser/std/EnumSetSerializer
2024-11-12 13:41:23,458 INFO  EvoClassLoader - Keeping class: com.fasterxml.jackson.databind.ser.std.EnumSetSerializer
2024-11-12 13:41:23,458 INFO  EvoClassLoader - Seeing class for first time: com.fasterxml.jackson.databind.ser.impl.IndexedListSerializer
2024-11-12 13:41:23,458 INFO  EvoClassLoader - Instrumenting class 'com.fasterxml.jackson.databind.ser.impl.IndexedListSerializer'.
2024-11-12 13:41:23,458 INFO  MethodCallReplacementClassAdapter - Adding mock interface to class com/fasterxml/jackson/databind/ser/impl/IndexedListSerializer
2024-11-12 13:41:23,458 INFO  CreateClassResetClassAdapter - Creating brand-new static initializer in class com/fasterxml/jackson/databind/ser/impl/IndexedListSerializer
2024-11-12 13:41:23,459 INFO  EvoClassLoader - Keeping class: com.fasterxml.jackson.databind.ser.impl.IndexedListSerializer
2024-11-12 13:41:23,459 INFO  EvoClassLoader - Seeing class for first time: com.fasterxml.jackson.databind.ser.std.ReferenceTypeSerializer
2024-11-12 13:41:23,459 INFO  EvoClassLoader - Instrumenting class 'com.fasterxml.jackson.databind.ser.std.ReferenceTypeSerializer'.
2024-11-12 13:41:23,459 INFO  MethodCallReplacementClassAdapter - Adding mock interface to class com/fasterxml/jackson/databind/ser/std/ReferenceTypeSerializer
2024-11-12 13:41:23,459 INFO  CreateClassResetClassAdapter - Found static initializer in class com/fasterxml/jackson/databind/ser/std/ReferenceTypeSerializer
2024-11-12 13:41:23,460 INFO  EvoClassLoader - Keeping class: com.fasterxml.jackson.databind.ser.std.ReferenceTypeSerializer
2024-11-12 13:41:23,460 INFO  EvoClassLoader - Seeing class for first time: com.fasterxml.jackson.databind.ser.std.EnumSerializer
2024-11-12 13:41:23,460 INFO  EvoClassLoader - Instrumenting class 'com.fasterxml.jackson.databind.ser.std.EnumSerializer'.
2024-11-12 13:41:23,460 INFO  MethodCallReplacementClassAdapter - Adding mock interface to class com/fasterxml/jackson/databind/ser/std/EnumSerializer
2024-11-12 13:41:23,461 INFO  CreateClassResetClassAdapter - Creating brand-new static initializer in class com/fasterxml/jackson/databind/ser/std/EnumSerializer
2024-11-12 13:41:23,461 INFO  EvoClassLoader - Keeping class: com.fasterxml.jackson.databind.ser.std.EnumSerializer
2024-11-12 13:41:23,461 INFO  EvoClassLoader - Seeing class for first time: com.fasterxml.jackson.databind.ser.impl.MapEntrySerializer
2024-11-12 13:41:23,461 INFO  EvoClassLoader - Instrumenting class 'com.fasterxml.jackson.databind.ser.impl.MapEntrySerializer'.
2024-11-12 13:41:23,461 INFO  MethodCallReplacementClassAdapter - Adding mock interface to class com/fasterxml/jackson/databind/ser/impl/MapEntrySerializer
2024-11-12 13:41:23,461 INFO  CreateClassResetClassAdapter - Found static initializer in class com/fasterxml/jackson/databind/ser/impl/MapEntrySerializer
2024-11-12 13:41:23,462 INFO  EvoClassLoader - Keeping class: com.fasterxml.jackson.databind.ser.impl.MapEntrySerializer
2024-11-12 13:41:23,462 INFO  EvoClassLoader - Seeing class for first time: com.fasterxml.jackson.databind.ser.impl.IteratorSerializer
2024-11-12 13:41:23,462 INFO  EvoClassLoader - Instrumenting class 'com.fasterxml.jackson.databind.ser.impl.IteratorSerializer'.
2024-11-12 13:41:23,462 INFO  MethodCallReplacementClassAdapter - Adding mock interface to class com/fasterxml/jackson/databind/ser/impl/IteratorSerializer
2024-11-12 13:41:23,462 INFO  CreateClassResetClassAdapter - Creating brand-new static initializer in class com/fasterxml/jackson/databind/ser/impl/IteratorSerializer
2024-11-12 13:41:23,462 INFO  EvoClassLoader - Keeping class: com.fasterxml.jackson.databind.ser.impl.IteratorSerializer
2024-11-12 13:41:23,462 INFO  EvoClassLoader - Seeing class for first time: com.fasterxml.jackson.databind.ser.std.IterableSerializer
2024-11-12 13:41:23,462 INFO  EvoClassLoader - Instrumenting class 'com.fasterxml.jackson.databind.ser.std.IterableSerializer'.
2024-11-12 13:41:23,462 INFO  MethodCallReplacementClassAdapter - Adding mock interface to class com/fasterxml/jackson/databind/ser/std/IterableSerializer
2024-11-12 13:41:23,463 INFO  CreateClassResetClassAdapter - Creating brand-new static initializer in class com/fasterxml/jackson/databind/ser/std/IterableSerializer
2024-11-12 13:41:23,463 INFO  EvoClassLoader - Keeping class: com.fasterxml.jackson.databind.ser.std.IterableSerializer
2024-11-12 13:41:23,463 INFO  EvoClassLoader - Seeing class for first time: com.fasterxml.jackson.databind.ser.std.MapSerializer
2024-11-12 13:41:23,463 INFO  EvoClassLoader - Instrumenting class 'com.fasterxml.jackson.databind.ser.std.MapSerializer'.
2024-11-12 13:41:23,463 INFO  MethodCallReplacementClassAdapter - Adding mock interface to class com/fasterxml/jackson/databind/ser/std/MapSerializer
2024-11-12 13:41:23,465 INFO  CreateClassResetClassAdapter - Found static initializer in class com/fasterxml/jackson/databind/ser/std/MapSerializer
2024-11-12 13:41:23,465 INFO  EvoClassLoader - Keeping class: com.fasterxml.jackson.databind.ser.std.MapSerializer
2024-11-12 13:41:23,465 INFO  EvoClassLoader - Seeing class for first time: com.fasterxml.jackson.databind.cfg.SerializerFactoryConfig
2024-11-12 13:41:23,465 INFO  EvoClassLoader - Instrumenting class 'com.fasterxml.jackson.databind.cfg.SerializerFactoryConfig'.
2024-11-12 13:41:23,466 INFO  MethodCallReplacementClassAdapter - Adding mock interface to class com/fasterxml/jackson/databind/cfg/SerializerFactoryConfig
2024-11-12 13:41:23,466 INFO  CreateClassResetClassAdapter - Found static initializer in class com/fasterxml/jackson/databind/cfg/SerializerFactoryConfig
2024-11-12 13:41:23,466 INFO  EvoClassLoader - Keeping class: com.fasterxml.jackson.databind.cfg.SerializerFactoryConfig
2024-11-12 13:41:23,467 INFO  EvoClassLoader - Seeing class for first time: com.fasterxml.jackson.databind.ser.std.StdJdkSerializers$AtomicBooleanSerializer
2024-11-12 13:41:23,467 INFO  EvoClassLoader - Instrumenting class 'com.fasterxml.jackson.databind.ser.std.StdJdkSerializers$AtomicBooleanSerializer'.
2024-11-12 13:41:23,467 INFO  MethodCallReplacementClassAdapter - Adding mock interface to class com/fasterxml/jackson/databind/ser/std/StdJdkSerializers$AtomicBooleanSerializer
2024-11-12 13:41:23,467 INFO  CreateClassResetClassAdapter - Creating brand-new static initializer in class com/fasterxml/jackson/databind/ser/std/StdJdkSerializers$AtomicBooleanSerializer
2024-11-12 13:41:23,467 INFO  EvoClassLoader - Keeping class: com.fasterxml.jackson.databind.ser.std.StdJdkSerializers$AtomicBooleanSerializer
2024-11-12 13:41:23,467 INFO  EvoClassLoader - Seeing class for first time: com.fasterxml.jackson.databind.ser.std.StdJdkSerializers$AtomicIntegerSerializer
2024-11-12 13:41:23,467 INFO  EvoClassLoader - Instrumenting class 'com.fasterxml.jackson.databind.ser.std.StdJdkSerializers$AtomicIntegerSerializer'.
2024-11-12 13:41:23,467 INFO  MethodCallReplacementClassAdapter - Adding mock interface to class com/fasterxml/jackson/databind/ser/std/StdJdkSerializers$AtomicIntegerSerializer
2024-11-12 13:41:23,468 INFO  CreateClassResetClassAdapter - Creating brand-new static initializer in class com/fasterxml/jackson/databind/ser/std/StdJdkSerializers$AtomicIntegerSerializer
2024-11-12 13:41:23,468 INFO  EvoClassLoader - Keeping class: com.fasterxml.jackson.databind.ser.std.StdJdkSerializers$AtomicIntegerSerializer
2024-11-12 13:41:23,468 INFO  EvoClassLoader - Seeing class for first time: com.fasterxml.jackson.databind.ser.std.StdJdkSerializers$AtomicLongSerializer
2024-11-12 13:41:23,468 INFO  EvoClassLoader - Instrumenting class 'com.fasterxml.jackson.databind.ser.std.StdJdkSerializers$AtomicLongSerializer'.
2024-11-12 13:41:23,468 INFO  MethodCallReplacementClassAdapter - Adding mock interface to class com/fasterxml/jackson/databind/ser/std/StdJdkSerializers$AtomicLongSerializer
2024-11-12 13:41:23,468 INFO  CreateClassResetClassAdapter - Creating brand-new static initializer in class com/fasterxml/jackson/databind/ser/std/StdJdkSerializers$AtomicLongSerializer
2024-11-12 13:41:23,468 INFO  EvoClassLoader - Keeping class: com.fasterxml.jackson.databind.ser.std.StdJdkSerializers$AtomicLongSerializer
2024-11-12 13:41:23,468 INFO  EvoClassLoader - Seeing class for first time: com.fasterxml.jackson.databind.ser.std.FileSerializer
2024-11-12 13:41:23,468 INFO  EvoClassLoader - Instrumenting class 'com.fasterxml.jackson.databind.ser.std.FileSerializer'.
2024-11-12 13:41:23,468 INFO  MethodCallReplacementClassAdapter - Adding mock interface to class com/fasterxml/jackson/databind/ser/std/FileSerializer
2024-11-12 13:41:23,468 INFO  CreateClassResetClassAdapter - Creating brand-new static initializer in class com/fasterxml/jackson/databind/ser/std/FileSerializer
2024-11-12 13:41:23,468 INFO  EvoClassLoader - Keeping class: com.fasterxml.jackson.databind.ser.std.FileSerializer
2024-11-12 13:41:23,468 INFO  EvoClassLoader - Seeing class for first time: com.fasterxml.jackson.databind.ser.std.ClassSerializer
2024-11-12 13:41:23,468 INFO  EvoClassLoader - Instrumenting class 'com.fasterxml.jackson.databind.ser.std.ClassSerializer'.
2024-11-12 13:41:23,468 INFO  MethodCallReplacementClassAdapter - Adding mock interface to class com/fasterxml/jackson/databind/ser/std/ClassSerializer
2024-11-12 13:41:23,468 INFO  CreateClassResetClassAdapter - Creating brand-new static initializer in class com/fasterxml/jackson/databind/ser/std/ClassSerializer
2024-11-12 13:41:23,468 INFO  EvoClassLoader - Keeping class: com.fasterxml.jackson.databind.ser.std.ClassSerializer
2024-11-12 13:41:23,468 INFO  EvoClassLoader - Seeing class for first time: com.fasterxml.jackson.databind.ser.std.TokenBufferSerializer
2024-11-12 13:41:23,468 INFO  EvoClassLoader - Instrumenting class 'com.fasterxml.jackson.databind.ser.std.TokenBufferSerializer'.
2024-11-12 13:41:23,469 INFO  MethodCallReplacementClassAdapter - Adding mock interface to class com/fasterxml/jackson/databind/ser/std/TokenBufferSerializer
2024-11-12 13:41:23,469 INFO  CreateClassResetClassAdapter - Creating brand-new static initializer in class com/fasterxml/jackson/databind/ser/std/TokenBufferSerializer
2024-11-12 13:41:23,469 INFO  EvoClassLoader - Keeping class: com.fasterxml.jackson.databind.ser.std.TokenBufferSerializer
2024-11-12 13:41:23,469 INFO  EvoClassLoader - Seeing class for first time: com.fasterxml.jackson.databind.ser.BeanSerializer
2024-11-12 13:41:23,469 INFO  EvoClassLoader - Instrumenting class 'com.fasterxml.jackson.databind.ser.BeanSerializer'.
2024-11-12 13:41:23,469 INFO  MethodCallReplacementClassAdapter - Adding mock interface to class com/fasterxml/jackson/databind/ser/BeanSerializer
2024-11-12 13:41:23,469 INFO  CreateClassResetClassAdapter - Creating brand-new static initializer in class com/fasterxml/jackson/databind/ser/BeanSerializer
2024-11-12 13:41:23,469 INFO  EvoClassLoader - Seeing class for first time: com.fasterxml.jackson.databind.ser.std.BeanSerializerBase
2024-11-12 13:41:23,470 INFO  EvoClassLoader - Instrumenting class 'com.fasterxml.jackson.databind.ser.std.BeanSerializerBase'.
2024-11-12 13:41:23,470 INFO  MethodCallReplacementClassAdapter - Adding mock interface to class com/fasterxml/jackson/databind/ser/std/BeanSerializerBase
2024-11-12 13:41:23,472 INFO  CreateClassResetClassAdapter - Found static initializer in class com/fasterxml/jackson/databind/ser/std/BeanSerializerBase
2024-11-12 13:41:23,473 INFO  EvoClassLoader - Keeping class: com.fasterxml.jackson.databind.ser.std.BeanSerializerBase
2024-11-12 13:41:23,473 INFO  EvoClassLoader - Keeping class: com.fasterxml.jackson.databind.ser.BeanSerializer
2024-11-12 13:41:23,473 INFO  EvoClassLoader - Seeing class for first time: com.fasterxml.jackson.databind.ser.impl.UnsupportedTypeSerializer
2024-11-12 13:41:23,473 INFO  EvoClassLoader - Instrumenting class 'com.fasterxml.jackson.databind.ser.impl.UnsupportedTypeSerializer'.
2024-11-12 13:41:23,473 INFO  MethodCallReplacementClassAdapter - Adding mock interface to class com/fasterxml/jackson/databind/ser/impl/UnsupportedTypeSerializer
2024-11-12 13:41:23,473 INFO  CreateClassResetClassAdapter - Creating brand-new static initializer in class com/fasterxml/jackson/databind/ser/impl/UnsupportedTypeSerializer
2024-11-12 13:41:23,473 INFO  EvoClassLoader - Keeping class: com.fasterxml.jackson.databind.ser.impl.UnsupportedTypeSerializer
2024-11-12 13:41:23,474 INFO  EvoClassLoader - Seeing class for first time: com.fasterxml.jackson.databind.ser.impl.PropertyBasedObjectIdGenerator
2024-11-12 13:41:23,474 INFO  EvoClassLoader - Instrumenting class 'com.fasterxml.jackson.databind.ser.impl.PropertyBasedObjectIdGenerator'.
2024-11-12 13:41:23,474 INFO  MethodCallReplacementClassAdapter - Adding mock interface to class com/fasterxml/jackson/databind/ser/impl/PropertyBasedObjectIdGenerator
2024-11-12 13:41:23,474 INFO  CreateClassResetClassAdapter - Creating brand-new static initializer in class com/fasterxml/jackson/databind/ser/impl/PropertyBasedObjectIdGenerator
2024-11-12 13:41:23,475 INFO  EvoClassLoader - Keeping class: com.fasterxml.jackson.databind.ser.impl.PropertyBasedObjectIdGenerator
2024-11-12 13:41:23,475 INFO  EvoClassLoader - Seeing class for first time: com.fasterxml.jackson.databind.ser.BeanSerializerBuilder
2024-11-12 13:41:23,475 INFO  EvoClassLoader - Instrumenting class 'com.fasterxml.jackson.databind.ser.BeanSerializerBuilder'.
2024-11-12 13:41:23,475 INFO  MethodCallReplacementClassAdapter - Adding mock interface to class com/fasterxml/jackson/databind/ser/BeanSerializerBuilder
2024-11-12 13:41:23,476 INFO  CreateClassResetClassAdapter - Found static initializer in class com/fasterxml/jackson/databind/ser/BeanSerializerBuilder
2024-11-12 13:41:23,477 INFO  EvoClassLoader - Keeping class: com.fasterxml.jackson.databind.ser.BeanSerializerBuilder
2024-11-12 13:41:23,477 INFO  EvoClassLoader - Seeing class for first time: com.fasterxml.jackson.databind.ser.impl.ObjectIdWriter
2024-11-12 13:41:23,477 INFO  EvoClassLoader - Instrumenting class 'com.fasterxml.jackson.databind.ser.impl.ObjectIdWriter'.
2024-11-12 13:41:23,477 INFO  MethodCallReplacementClassAdapter - Adding mock interface to class com/fasterxml/jackson/databind/ser/impl/ObjectIdWriter
2024-11-12 13:41:23,478 INFO  CreateClassResetClassAdapter - Creating brand-new static initializer in class com/fasterxml/jackson/databind/ser/impl/ObjectIdWriter
2024-11-12 13:41:23,478 INFO  EvoClassLoader - Keeping class: com.fasterxml.jackson.databind.ser.impl.ObjectIdWriter
2024-11-12 13:41:23,478 INFO  EvoClassLoader - Seeing class for first time: com.fasterxml.jackson.databind.ser.PropertyBuilder
2024-11-12 13:41:23,478 INFO  EvoClassLoader - Instrumenting class 'com.fasterxml.jackson.databind.ser.PropertyBuilder'.
2024-11-12 13:41:23,478 INFO  MethodCallReplacementClassAdapter - Adding mock interface to class com/fasterxml/jackson/databind/ser/PropertyBuilder
2024-11-12 13:41:23,480 INFO  CreateClassResetClassAdapter - Found static initializer in class com/fasterxml/jackson/databind/ser/PropertyBuilder
2024-11-12 13:41:23,480 INFO  EvoClassLoader - Keeping class: com.fasterxml.jackson.databind.ser.PropertyBuilder
2024-11-12 13:41:23,480 INFO  EvoClassLoader - Seeing class for first time: com.fasterxml.jackson.core.util.MinimalPrettyPrinter
2024-11-12 13:41:23,480 INFO  EvoClassLoader - Instrumenting class 'com.fasterxml.jackson.core.util.MinimalPrettyPrinter'.
2024-11-12 13:41:23,480 INFO  MethodCallReplacementClassAdapter - Adding mock interface to class com/fasterxml/jackson/core/util/MinimalPrettyPrinter
2024-11-12 13:41:23,480 INFO  CreateClassResetClassAdapter - Creating brand-new static initializer in class com/fasterxml/jackson/core/util/MinimalPrettyPrinter
2024-11-12 13:41:23,481 INFO  EvoClassLoader - Keeping class: com.fasterxml.jackson.core.util.MinimalPrettyPrinter
2024-11-12 13:41:23,481 INFO  EvoClassLoader - Seeing class for first time: com.fasterxml.jackson.databind.ObjectWriter$GeneratorSettings
2024-11-12 13:41:23,481 INFO  EvoClassLoader - Instrumenting class 'com.fasterxml.jackson.databind.ObjectWriter$GeneratorSettings'.
2024-11-12 13:41:23,481 INFO  MethodCallReplacementClassAdapter - Adding mock interface to class com/fasterxml/jackson/databind/ObjectWriter$GeneratorSettings
2024-11-12 13:41:23,482 INFO  CreateClassResetClassAdapter - Found static initializer in class com/fasterxml/jackson/databind/ObjectWriter$GeneratorSettings
2024-11-12 13:41:23,482 INFO  EvoClassLoader - Keeping class: com.fasterxml.jackson.databind.ObjectWriter$GeneratorSettings
2024-11-12 13:41:23,482 INFO  EvoClassLoader - Seeing class for first time: com.fasterxml.jackson.databind.ObjectWriter$Prefetch
2024-11-12 13:41:23,482 INFO  EvoClassLoader - Instrumenting class 'com.fasterxml.jackson.databind.ObjectWriter$Prefetch'.
2024-11-12 13:41:23,482 INFO  MethodCallReplacementClassAdapter - Adding mock interface to class com/fasterxml/jackson/databind/ObjectWriter$Prefetch
2024-11-12 13:41:23,483 INFO  CreateClassResetClassAdapter - Found static initializer in class com/fasterxml/jackson/databind/ObjectWriter$Prefetch
2024-11-12 13:41:23,483 INFO  EvoClassLoader - Keeping class: com.fasterxml.jackson.databind.ObjectWriter$Prefetch
2024-11-12 13:41:23,483 INFO  EvoClassLoader - Seeing class for first time: com.fasterxml.jackson.databind.SequenceWriter
2024-11-12 13:41:23,483 INFO  EvoClassLoader - Instrumenting class 'com.fasterxml.jackson.databind.SequenceWriter'.
2024-11-12 13:41:23,483 INFO  MethodCallReplacementClassAdapter - Adding mock interface to class com/fasterxml/jackson/databind/SequenceWriter
2024-11-12 13:41:23,484 INFO  CreateClassResetClassAdapter - Creating brand-new static initializer in class com/fasterxml/jackson/databind/SequenceWriter
2024-11-12 13:41:23,485 INFO  EvoClassLoader - Keeping class: com.fasterxml.jackson.databind.SequenceWriter
2024-11-12 13:41:23,485 INFO  EvoClassLoader - Seeing class for first time: com.fasterxml.jackson.databind.RuntimeJsonMappingException
2024-11-12 13:41:23,485 INFO  EvoClassLoader - Instrumenting class 'com.fasterxml.jackson.databind.RuntimeJsonMappingException'.
2024-11-12 13:41:23,486 INFO  MethodCallReplacementClassAdapter - Adding mock interface to class com/fasterxml/jackson/databind/RuntimeJsonMappingException
2024-11-12 13:41:23,486 INFO  CreateClassResetClassAdapter - Creating brand-new static initializer in class com/fasterxml/jackson/databind/RuntimeJsonMappingException
2024-11-12 13:41:23,486 INFO  EvoClassLoader - Keeping class: com.fasterxml.jackson.databind.RuntimeJsonMappingException
2024-11-12 13:41:23,486 INFO  EvoClassLoader - Seeing class for first time: org.apache.hadoop.hdfs.server.protocol.OutlierMetrics
2024-11-12 13:41:23,486 INFO  EvoClassLoader - Instrumenting class 'org.apache.hadoop.hdfs.server.protocol.OutlierMetrics'.
2024-11-12 13:41:23,487 INFO  MethodCallReplacementClassAdapter - Adding mock interface to class org/apache/hadoop/hdfs/server/protocol/OutlierMetrics
2024-11-12 13:41:23,487 INFO  CreateClassResetClassAdapter - Creating brand-new static initializer in class org/apache/hadoop/hdfs/server/protocol/OutlierMetrics
2024-11-12 13:41:23,488 INFO  EvoClassLoader - Keeping class: org.apache.hadoop.hdfs.server.protocol.OutlierMetrics
2024-11-12 13:41:23,488 INFO  EvoClassLoader - Seeing class for first time: org.apache.hadoop.hdfs.server.blockmanagement.SlowPeerJsonReport
2024-11-12 13:41:23,488 INFO  EvoClassLoader - Instrumenting class 'org.apache.hadoop.hdfs.server.blockmanagement.SlowPeerJsonReport'.
2024-11-12 13:41:23,488 INFO  MethodCallReplacementClassAdapter - Adding mock interface to class org/apache/hadoop/hdfs/server/blockmanagement/SlowPeerJsonReport
2024-11-12 13:41:23,488 INFO  CreateClassResetClassAdapter - Creating brand-new static initializer in class org/apache/hadoop/hdfs/server/blockmanagement/SlowPeerJsonReport
2024-11-12 13:41:23,488 INFO  EvoClassLoader - Keeping class: org.apache.hadoop.hdfs.server.blockmanagement.SlowPeerJsonReport
2024-11-12 13:41:23,489 INFO  EvoClassLoader - Seeing class for first time: org.apache.hadoop.conf.Configuration$ParsedTimeDuration$1
2024-11-12 13:41:23,489 INFO  EvoClassLoader - Instrumenting class 'org.apache.hadoop.conf.Configuration$ParsedTimeDuration$1'.
2024-11-12 13:41:23,489 INFO  MethodCallReplacementClassAdapter - Adding mock interface to class org/apache/hadoop/conf/Configuration$ParsedTimeDuration$1
2024-11-12 13:41:23,489 INFO  EvoClassLoader - Keeping class: org.apache.hadoop.conf.Configuration$ParsedTimeDuration$1
2024-11-12 13:41:23,489 INFO  EvoClassLoader - Seeing class for first time: org.apache.hadoop.conf.Configuration$ParsedTimeDuration$2
2024-11-12 13:41:23,489 INFO  EvoClassLoader - Instrumenting class 'org.apache.hadoop.conf.Configuration$ParsedTimeDuration$2'.
2024-11-12 13:41:23,489 INFO  MethodCallReplacementClassAdapter - Adding mock interface to class org/apache/hadoop/conf/Configuration$ParsedTimeDuration$2
2024-11-12 13:41:23,489 INFO  EvoClassLoader - Keeping class: org.apache.hadoop.conf.Configuration$ParsedTimeDuration$2
2024-11-12 13:41:23,489 INFO  EvoClassLoader - Seeing class for first time: org.apache.hadoop.conf.Configuration$ParsedTimeDuration$3
2024-11-12 13:41:23,489 INFO  EvoClassLoader - Instrumenting class 'org.apache.hadoop.conf.Configuration$ParsedTimeDuration$3'.
2024-11-12 13:41:23,489 INFO  MethodCallReplacementClassAdapter - Adding mock interface to class org/apache/hadoop/conf/Configuration$ParsedTimeDuration$3
2024-11-12 13:41:23,489 INFO  EvoClassLoader - Keeping class: org.apache.hadoop.conf.Configuration$ParsedTimeDuration$3
2024-11-12 13:41:23,489 INFO  EvoClassLoader - Seeing class for first time: org.apache.hadoop.conf.Configuration$ParsedTimeDuration$4
2024-11-12 13:41:23,489 INFO  EvoClassLoader - Instrumenting class 'org.apache.hadoop.conf.Configuration$ParsedTimeDuration$4'.
2024-11-12 13:41:23,490 INFO  MethodCallReplacementClassAdapter - Adding mock interface to class org/apache/hadoop/conf/Configuration$ParsedTimeDuration$4
2024-11-12 13:41:23,490 INFO  EvoClassLoader - Keeping class: org.apache.hadoop.conf.Configuration$ParsedTimeDuration$4
2024-11-12 13:41:23,490 INFO  EvoClassLoader - Seeing class for first time: org.apache.hadoop.conf.Configuration$ParsedTimeDuration$5
2024-11-12 13:41:23,490 INFO  EvoClassLoader - Instrumenting class 'org.apache.hadoop.conf.Configuration$ParsedTimeDuration$5'.
2024-11-12 13:41:23,490 INFO  MethodCallReplacementClassAdapter - Adding mock interface to class org/apache/hadoop/conf/Configuration$ParsedTimeDuration$5
2024-11-12 13:41:23,490 INFO  EvoClassLoader - Keeping class: org.apache.hadoop.conf.Configuration$ParsedTimeDuration$5
2024-11-12 13:41:23,490 INFO  EvoClassLoader - Seeing class for first time: org.apache.hadoop.conf.Configuration$ParsedTimeDuration$6
2024-11-12 13:41:23,490 INFO  EvoClassLoader - Instrumenting class 'org.apache.hadoop.conf.Configuration$ParsedTimeDuration$6'.
2024-11-12 13:41:23,490 INFO  MethodCallReplacementClassAdapter - Adding mock interface to class org/apache/hadoop/conf/Configuration$ParsedTimeDuration$6
2024-11-12 13:41:23,490 INFO  EvoClassLoader - Keeping class: org.apache.hadoop.conf.Configuration$ParsedTimeDuration$6
2024-11-12 13:41:23,490 INFO  EvoClassLoader - Seeing class for first time: org.apache.hadoop.conf.Configuration$ParsedTimeDuration$7
2024-11-12 13:41:23,490 INFO  EvoClassLoader - Instrumenting class 'org.apache.hadoop.conf.Configuration$ParsedTimeDuration$7'.
2024-11-12 13:41:23,490 INFO  MethodCallReplacementClassAdapter - Adding mock interface to class org/apache/hadoop/conf/Configuration$ParsedTimeDuration$7
2024-11-12 13:41:23,490 INFO  EvoClassLoader - Keeping class: org.apache.hadoop.conf.Configuration$ParsedTimeDuration$7
2024-11-12 13:41:23,490 INFO  EvoClassLoader - Seeing class for first time: org.apache.hadoop.thirdparty.com.google.common.cache.LocalCache$AccessQueue$1
2024-11-12 13:41:23,490 INFO  EvoClassLoader - Instrumenting class 'org.apache.hadoop.thirdparty.com.google.common.cache.LocalCache$AccessQueue$1'.
2024-11-12 13:41:23,491 INFO  MethodCallReplacementClassAdapter - Adding mock interface to class org/apache/hadoop/thirdparty/com/google/common/cache/LocalCache$AccessQueue$1
2024-11-12 13:41:23,491 INFO  EvoClassLoader - Keeping class: org.apache.hadoop.thirdparty.com.google.common.cache.LocalCache$AccessQueue$1
2024-11-12 13:41:23,491 INFO  EvoClassLoader - Seeing class for first time: org.apache.hadoop.net.NetUtils
2024-11-12 13:41:23,491 INFO  EvoClassLoader - Instrumenting class 'org.apache.hadoop.net.NetUtils'.
2024-11-12 13:41:23,491 INFO  MethodCallReplacementClassAdapter - Adding mock interface to class org/apache/hadoop/net/NetUtils
2024-11-12 13:41:23,494 INFO  CreateClassResetClassAdapter - Found static initializer in class org/apache/hadoop/net/NetUtils
2024-11-12 13:41:23,495 INFO  EvoClassLoader - Keeping class: org.apache.hadoop.net.NetUtils
2024-11-12 13:41:23,495 INFO  EvoClassLoader - Seeing class for first time: org.apache.hadoop.net.ConnectTimeoutException
2024-11-12 13:41:23,495 INFO  EvoClassLoader - Instrumenting class 'org.apache.hadoop.net.ConnectTimeoutException'.
2024-11-12 13:41:23,495 INFO  MethodCallReplacementClassAdapter - Adding mock interface to class org/apache/hadoop/net/ConnectTimeoutException
2024-11-12 13:41:23,495 INFO  CreateClassResetClassAdapter - Creating brand-new static initializer in class org/apache/hadoop/net/ConnectTimeoutException
2024-11-12 13:41:23,495 INFO  EvoClassLoader - Keeping class: org.apache.hadoop.net.ConnectTimeoutException
2024-11-12 13:41:23,495 INFO  EvoClassLoader - Seeing class for first time: org.apache.hadoop.net.SocketInputStream
2024-11-12 13:41:23,495 INFO  EvoClassLoader - Instrumenting class 'org.apache.hadoop.net.SocketInputStream'.
2024-11-12 13:41:23,495 INFO  MethodCallReplacementClassAdapter - Adding mock interface to class org/apache/hadoop/net/SocketInputStream
2024-11-12 13:41:23,496 INFO  CreateClassResetClassAdapter - Creating brand-new static initializer in class org/apache/hadoop/net/SocketInputStream
2024-11-12 13:41:23,496 INFO  EvoClassLoader - Keeping class: org.apache.hadoop.net.SocketInputStream
2024-11-12 13:41:23,496 INFO  EvoClassLoader - Seeing class for first time: org.apache.commons.net.util.SubnetUtils$SubnetInfo
2024-11-12 13:41:23,496 INFO  EvoClassLoader - Instrumenting class 'org.apache.commons.net.util.SubnetUtils$SubnetInfo'.
2024-11-12 13:41:23,497 INFO  MethodCallReplacementClassAdapter - Adding mock interface to class org/apache/commons/net/util/SubnetUtils$SubnetInfo
2024-11-12 13:41:23,497 INFO  CreateClassResetClassAdapter - Creating brand-new static initializer in class org/apache/commons/net/util/SubnetUtils$SubnetInfo
2024-11-12 13:41:23,497 INFO  CreateClassResetClassAdapter - Adding bytecode for initializing field UNSIGNED_INT_MASK
2024-11-12 13:41:23,497 INFO  EvoClassLoader - Defined package (3): package org.apache.commons.net.util, -177659761
2024-11-12 13:41:23,497 INFO  EvoClassLoader - Keeping class: org.apache.commons.net.util.SubnetUtils$SubnetInfo
2024-11-12 13:41:23,498 INFO  EvoClassLoader - Seeing class for first time: org.apache.hadoop.hdfs.server.blockmanagement.HostFileManager
2024-11-12 13:41:23,498 INFO  EvoClassLoader - Instrumenting class 'org.apache.hadoop.hdfs.server.blockmanagement.HostFileManager'.
2024-11-12 13:41:23,498 INFO  MethodCallReplacementClassAdapter - Adding mock interface to class org/apache/hadoop/hdfs/server/blockmanagement/HostFileManager
2024-11-12 13:41:23,498 INFO  CreateClassResetClassAdapter - Found static initializer in class org/apache/hadoop/hdfs/server/blockmanagement/HostFileManager
2024-11-12 13:41:23,499 INFO  EvoClassLoader - Keeping class: org.apache.hadoop.hdfs.server.blockmanagement.HostFileManager
2024-11-12 13:41:23,499 INFO  EvoClassLoader - Seeing class for first time: org.apache.hadoop.hdfs.server.blockmanagement.HostSet
2024-11-12 13:41:23,499 INFO  EvoClassLoader - Instrumenting class 'org.apache.hadoop.hdfs.server.blockmanagement.HostSet'.
2024-11-12 13:41:23,499 INFO  MethodCallReplacementClassAdapter - Adding mock interface to class org/apache/hadoop/hdfs/server/blockmanagement/HostSet
2024-11-12 13:41:23,499 INFO  CreateClassResetClassAdapter - Creating brand-new static initializer in class org/apache/hadoop/hdfs/server/blockmanagement/HostSet
2024-11-12 13:41:23,499 INFO  EvoClassLoader - Keeping class: org.apache.hadoop.hdfs.server.blockmanagement.HostSet
2024-11-12 13:41:23,500 INFO  EvoClassLoader - Seeing class for first time: org.apache.hadoop.thirdparty.com.google.common.collect.AbstractMapBasedMultimap
2024-11-12 13:41:23,500 INFO  EvoClassLoader - Instrumenting class 'org.apache.hadoop.thirdparty.com.google.common.collect.AbstractMapBasedMultimap'.
2024-11-12 13:41:23,500 INFO  MethodCallReplacementClassAdapter - Adding mock interface to class org/apache/hadoop/thirdparty/com/google/common/collect/AbstractMapBasedMultimap
2024-11-12 13:41:23,501 INFO  CreateClassResetClassAdapter - Creating brand-new static initializer in class org/apache/hadoop/thirdparty/com/google/common/collect/AbstractMapBasedMultimap
2024-11-12 13:41:23,502 INFO  EvoClassLoader - Keeping class: org.apache.hadoop.thirdparty.com.google.common.collect.AbstractMapBasedMultimap
2024-11-12 13:41:23,502 INFO  EvoClassLoader - Seeing class for first time: org.apache.hadoop.thirdparty.com.google.common.collect.AbstractMapBasedMultimap$WrappedList
2024-11-12 13:41:23,502 INFO  EvoClassLoader - Instrumenting class 'org.apache.hadoop.thirdparty.com.google.common.collect.AbstractMapBasedMultimap$WrappedList'.
2024-11-12 13:41:23,502 INFO  MethodCallReplacementClassAdapter - Adding mock interface to class org/apache/hadoop/thirdparty/com/google/common/collect/AbstractMapBasedMultimap$WrappedList
2024-11-12 13:41:23,502 INFO  CreateClassResetClassAdapter - Creating brand-new static initializer in class org/apache/hadoop/thirdparty/com/google/common/collect/AbstractMapBasedMultimap$WrappedList
2024-11-12 13:41:23,502 INFO  EvoClassLoader - Seeing class for first time: org.apache.hadoop.thirdparty.com.google.common.collect.AbstractMapBasedMultimap$WrappedCollection
2024-11-12 13:41:23,502 INFO  EvoClassLoader - Instrumenting class 'org.apache.hadoop.thirdparty.com.google.common.collect.AbstractMapBasedMultimap$WrappedCollection'.
2024-11-12 13:41:23,503 INFO  MethodCallReplacementClassAdapter - Adding mock interface to class org/apache/hadoop/thirdparty/com/google/common/collect/AbstractMapBasedMultimap$WrappedCollection
2024-11-12 13:41:23,503 INFO  CreateClassResetClassAdapter - Creating brand-new static initializer in class org/apache/hadoop/thirdparty/com/google/common/collect/AbstractMapBasedMultimap$WrappedCollection
2024-11-12 13:41:23,503 INFO  EvoClassLoader - Keeping class: org.apache.hadoop.thirdparty.com.google.common.collect.AbstractMapBasedMultimap$WrappedCollection
2024-11-12 13:41:23,503 INFO  EvoClassLoader - Keeping class: org.apache.hadoop.thirdparty.com.google.common.collect.AbstractMapBasedMultimap$WrappedList
2024-11-12 13:41:23,503 INFO  EvoClassLoader - Seeing class for first time: org.apache.hadoop.thirdparty.com.google.common.collect.AbstractMapBasedMultimap$RandomAccessWrappedList
2024-11-12 13:41:23,503 INFO  EvoClassLoader - Instrumenting class 'org.apache.hadoop.thirdparty.com.google.common.collect.AbstractMapBasedMultimap$RandomAccessWrappedList'.
2024-11-12 13:41:23,503 INFO  MethodCallReplacementClassAdapter - Adding mock interface to class org/apache/hadoop/thirdparty/com/google/common/collect/AbstractMapBasedMultimap$RandomAccessWrappedList
2024-11-12 13:41:23,503 INFO  CreateClassResetClassAdapter - Creating brand-new static initializer in class org/apache/hadoop/thirdparty/com/google/common/collect/AbstractMapBasedMultimap$RandomAccessWrappedList
2024-11-12 13:41:23,503 INFO  EvoClassLoader - Keeping class: org.apache.hadoop.thirdparty.com.google.common.collect.AbstractMapBasedMultimap$RandomAccessWrappedList
2024-11-12 13:41:23,503 INFO  EvoClassLoader - Seeing class for first time: org.apache.hadoop.thirdparty.com.google.common.collect.AbstractSetMultimap
2024-11-12 13:41:23,503 INFO  EvoClassLoader - Instrumenting class 'org.apache.hadoop.thirdparty.com.google.common.collect.AbstractSetMultimap'.
2024-11-12 13:41:23,504 INFO  MethodCallReplacementClassAdapter - Adding mock interface to class org/apache/hadoop/thirdparty/com/google/common/collect/AbstractSetMultimap
2024-11-12 13:41:23,504 INFO  CreateClassResetClassAdapter - Creating brand-new static initializer in class org/apache/hadoop/thirdparty/com/google/common/collect/AbstractSetMultimap
2024-11-12 13:41:23,504 INFO  EvoClassLoader - Seeing class for first time: org.apache.hadoop.thirdparty.com.google.common.collect.SetMultimap
2024-11-12 13:41:23,504 INFO  EvoClassLoader - Instrumenting class 'org.apache.hadoop.thirdparty.com.google.common.collect.SetMultimap'.
2024-11-12 13:41:23,504 INFO  EvoClassLoader - Keeping class: org.apache.hadoop.thirdparty.com.google.common.collect.SetMultimap
2024-11-12 13:41:23,504 INFO  EvoClassLoader - Keeping class: org.apache.hadoop.thirdparty.com.google.common.collect.AbstractSetMultimap
2024-11-12 13:41:23,504 INFO  EvoClassLoader - Seeing class for first time: org.apache.hadoop.thirdparty.com.google.common.collect.HashMultimapGwtSerializationDependencies
2024-11-12 13:41:23,504 INFO  EvoClassLoader - Instrumenting class 'org.apache.hadoop.thirdparty.com.google.common.collect.HashMultimapGwtSerializationDependencies'.
2024-11-12 13:41:23,505 INFO  MethodCallReplacementClassAdapter - Adding mock interface to class org/apache/hadoop/thirdparty/com/google/common/collect/HashMultimapGwtSerializationDependencies
2024-11-12 13:41:23,505 INFO  CreateClassResetClassAdapter - Creating brand-new static initializer in class org/apache/hadoop/thirdparty/com/google/common/collect/HashMultimapGwtSerializationDependencies
2024-11-12 13:41:23,505 INFO  EvoClassLoader - Keeping class: org.apache.hadoop.thirdparty.com.google.common.collect.HashMultimapGwtSerializationDependencies
2024-11-12 13:41:23,505 INFO  EvoClassLoader - Seeing class for first time: org.apache.hadoop.thirdparty.com.google.common.collect.HashMultimap
2024-11-12 13:41:23,505 INFO  EvoClassLoader - Instrumenting class 'org.apache.hadoop.thirdparty.com.google.common.collect.HashMultimap'.
2024-11-12 13:41:23,505 INFO  MethodCallReplacementClassAdapter - Adding mock interface to class org/apache/hadoop/thirdparty/com/google/common/collect/HashMultimap
2024-11-12 13:41:23,505 INFO  CreateClassResetClassAdapter - Creating brand-new static initializer in class org/apache/hadoop/thirdparty/com/google/common/collect/HashMultimap
2024-11-12 13:41:23,505 INFO  CreateClassResetClassAdapter - Adding bytecode for initializing field DEFAULT_VALUES_PER_KEY
2024-11-12 13:41:23,505 INFO  EvoClassLoader - Keeping class: org.apache.hadoop.thirdparty.com.google.common.collect.HashMultimap
2024-11-12 13:41:23,505 INFO  EvoClassLoader - Seeing class for first time: org.apache.hadoop.thirdparty.com.google.common.collect.Platform
2024-11-12 13:41:23,505 INFO  EvoClassLoader - Instrumenting class 'org.apache.hadoop.thirdparty.com.google.common.collect.Platform'.
2024-11-12 13:41:23,506 INFO  MethodCallReplacementClassAdapter - Adding mock interface to class org/apache/hadoop/thirdparty/com/google/common/collect/Platform
2024-11-12 13:41:23,506 INFO  CreateClassResetClassAdapter - Found static initializer in class org/apache/hadoop/thirdparty/com/google/common/collect/Platform
2024-11-12 13:41:23,506 INFO  EvoClassLoader - Keeping class: org.apache.hadoop.thirdparty.com.google.common.collect.Platform
2024-11-12 13:41:23,506 INFO  EvoClassLoader - Seeing class for first time: org.apache.hadoop.net.AbstractDNSToSwitchMapping
2024-11-12 13:41:23,506 INFO  EvoClassLoader - Instrumenting class 'org.apache.hadoop.net.AbstractDNSToSwitchMapping'.
2024-11-12 13:41:23,506 INFO  MethodCallReplacementClassAdapter - Adding mock interface to class org/apache/hadoop/net/AbstractDNSToSwitchMapping
2024-11-12 13:41:23,507 INFO  CreateClassResetClassAdapter - Creating brand-new static initializer in class org/apache/hadoop/net/AbstractDNSToSwitchMapping
2024-11-12 13:41:23,507 INFO  EvoClassLoader - Seeing class for first time: org.apache.hadoop.net.DNSToSwitchMapping
2024-11-12 13:41:23,507 INFO  EvoClassLoader - Instrumenting class 'org.apache.hadoop.net.DNSToSwitchMapping'.
2024-11-12 13:41:23,507 INFO  EvoClassLoader - Keeping class: org.apache.hadoop.net.DNSToSwitchMapping
2024-11-12 13:41:23,507 INFO  EvoClassLoader - Keeping class: org.apache.hadoop.net.AbstractDNSToSwitchMapping
2024-11-12 13:41:23,507 INFO  EvoClassLoader - Seeing class for first time: org.apache.hadoop.net.CachedDNSToSwitchMapping
2024-11-12 13:41:23,507 INFO  EvoClassLoader - Instrumenting class 'org.apache.hadoop.net.CachedDNSToSwitchMapping'.
2024-11-12 13:41:23,507 INFO  MethodCallReplacementClassAdapter - Adding mock interface to class org/apache/hadoop/net/CachedDNSToSwitchMapping
2024-11-12 13:41:23,507 INFO  CreateClassResetClassAdapter - Creating brand-new static initializer in class org/apache/hadoop/net/CachedDNSToSwitchMapping
2024-11-12 13:41:23,508 INFO  EvoClassLoader - Keeping class: org.apache.hadoop.net.CachedDNSToSwitchMapping
2024-11-12 13:41:23,508 INFO  EvoClassLoader - Seeing class for first time: org.apache.hadoop.net.ScriptBasedMapping
2024-11-12 13:41:23,508 INFO  EvoClassLoader - Instrumenting class 'org.apache.hadoop.net.ScriptBasedMapping'.
2024-11-12 13:41:23,508 INFO  MethodCallReplacementClassAdapter - Adding mock interface to class org/apache/hadoop/net/ScriptBasedMapping
2024-11-12 13:41:23,508 INFO  CreateClassResetClassAdapter - Creating brand-new static initializer in class org/apache/hadoop/net/ScriptBasedMapping
2024-11-12 13:41:23,508 INFO  CreateClassResetClassAdapter - Adding bytecode for initializing field MIN_ALLOWABLE_ARGS
2024-11-12 13:41:23,508 INFO  CreateClassResetClassAdapter - Adding bytecode for initializing field DEFAULT_ARG_COUNT
2024-11-12 13:41:23,508 INFO  CreateClassResetClassAdapter - Adding bytecode for initializing field SCRIPT_FILENAME_KEY
2024-11-12 13:41:23,508 INFO  CreateClassResetClassAdapter - Adding bytecode for initializing field SCRIPT_ARG_COUNT_KEY
2024-11-12 13:41:23,508 INFO  CreateClassResetClassAdapter - Adding bytecode for initializing field NO_SCRIPT
2024-11-12 13:41:23,508 INFO  EvoClassLoader - Keeping class: org.apache.hadoop.net.ScriptBasedMapping
2024-11-12 13:41:23,508 INFO  EvoClassLoader - Seeing class for first time: org.apache.hadoop.net.ScriptBasedMapping$RawScriptBasedMapping
2024-11-12 13:41:23,508 INFO  EvoClassLoader - Instrumenting class 'org.apache.hadoop.net.ScriptBasedMapping$RawScriptBasedMapping'.
2024-11-12 13:41:23,508 INFO  MethodCallReplacementClassAdapter - Adding mock interface to class org/apache/hadoop/net/ScriptBasedMapping$RawScriptBasedMapping
2024-11-12 13:41:23,509 INFO  CreateClassResetClassAdapter - Found static initializer in class org/apache/hadoop/net/ScriptBasedMapping$RawScriptBasedMapping
2024-11-12 13:41:23,509 INFO  EvoClassLoader - Keeping class: org.apache.hadoop.net.ScriptBasedMapping$RawScriptBasedMapping
2024-11-12 13:41:23,509 INFO  EvoClassLoader - Seeing class for first time: org.apache.hadoop.hdfs.server.blockmanagement.HostSet$1
2024-11-12 13:41:23,509 INFO  EvoClassLoader - Instrumenting class 'org.apache.hadoop.hdfs.server.blockmanagement.HostSet$1'.
2024-11-12 13:41:23,510 INFO  MethodCallReplacementClassAdapter - Adding mock interface to class org/apache/hadoop/hdfs/server/blockmanagement/HostSet$1
2024-11-12 13:41:23,510 INFO  EvoClassLoader - Keeping class: org.apache.hadoop.hdfs.server.blockmanagement.HostSet$1
2024-11-12 13:41:23,510 INFO  EvoClassLoader - Seeing class for first time: org.apache.hadoop.thirdparty.com.google.common.collect.Multimaps$Entries
2024-11-12 13:41:23,510 INFO  EvoClassLoader - Instrumenting class 'org.apache.hadoop.thirdparty.com.google.common.collect.Multimaps$Entries'.
2024-11-12 13:41:23,510 INFO  MethodCallReplacementClassAdapter - Adding mock interface to class org/apache/hadoop/thirdparty/com/google/common/collect/Multimaps$Entries
2024-11-12 13:41:23,510 INFO  CreateClassResetClassAdapter - Creating brand-new static initializer in class org/apache/hadoop/thirdparty/com/google/common/collect/Multimaps$Entries
2024-11-12 13:41:23,510 INFO  EvoClassLoader - Keeping class: org.apache.hadoop.thirdparty.com.google.common.collect.Multimaps$Entries
2024-11-12 13:41:23,510 INFO  EvoClassLoader - Seeing class for first time: org.apache.hadoop.thirdparty.com.google.common.collect.Multimaps
2024-11-12 13:41:23,510 INFO  EvoClassLoader - Instrumenting class 'org.apache.hadoop.thirdparty.com.google.common.collect.Multimaps'.
2024-11-12 13:41:23,511 INFO  MethodCallReplacementClassAdapter - Adding mock interface to class org/apache/hadoop/thirdparty/com/google/common/collect/Multimaps
2024-11-12 13:41:23,513 INFO  CreateClassResetClassAdapter - Creating brand-new static initializer in class org/apache/hadoop/thirdparty/com/google/common/collect/Multimaps
2024-11-12 13:41:23,513 INFO  EvoClassLoader - Keeping class: org.apache.hadoop.thirdparty.com.google.common.collect.Multimaps
2024-11-12 13:41:23,513 INFO  EvoClassLoader - Seeing class for first time: org.apache.hadoop.thirdparty.com.google.common.collect.Multimaps$AsMap
2024-11-12 13:41:23,513 INFO  EvoClassLoader - Instrumenting class 'org.apache.hadoop.thirdparty.com.google.common.collect.Multimaps$AsMap'.
2024-11-12 13:41:23,514 INFO  MethodCallReplacementClassAdapter - Adding mock interface to class org/apache/hadoop/thirdparty/com/google/common/collect/Multimaps$AsMap
2024-11-12 13:41:23,514 INFO  CreateClassResetClassAdapter - Creating brand-new static initializer in class org/apache/hadoop/thirdparty/com/google/common/collect/Multimaps$AsMap
2024-11-12 13:41:23,514 INFO  EvoClassLoader - Keeping class: org.apache.hadoop.thirdparty.com.google.common.collect.Multimaps$AsMap
2024-11-12 13:41:23,514 INFO  EvoClassLoader - Seeing class for first time: org.apache.hadoop.thirdparty.com.google.common.collect.AbstractMultimap$Entries
2024-11-12 13:41:23,514 INFO  EvoClassLoader - Instrumenting class 'org.apache.hadoop.thirdparty.com.google.common.collect.AbstractMultimap$Entries'.
2024-11-12 13:41:23,514 INFO  MethodCallReplacementClassAdapter - Adding mock interface to class org/apache/hadoop/thirdparty/com/google/common/collect/AbstractMultimap$Entries
2024-11-12 13:41:23,515 INFO  CreateClassResetClassAdapter - Creating brand-new static initializer in class org/apache/hadoop/thirdparty/com/google/common/collect/AbstractMultimap$Entries
2024-11-12 13:41:23,515 INFO  EvoClassLoader - Keeping class: org.apache.hadoop.thirdparty.com.google.common.collect.AbstractMultimap$Entries
2024-11-12 13:41:23,515 INFO  EvoClassLoader - Seeing class for first time: org.apache.hadoop.thirdparty.com.google.common.collect.AbstractMultimap$Values
2024-11-12 13:41:23,515 INFO  EvoClassLoader - Instrumenting class 'org.apache.hadoop.thirdparty.com.google.common.collect.AbstractMultimap$Values'.
2024-11-12 13:41:23,515 INFO  MethodCallReplacementClassAdapter - Adding mock interface to class org/apache/hadoop/thirdparty/com/google/common/collect/AbstractMultimap$Values
2024-11-12 13:41:23,515 INFO  CreateClassResetClassAdapter - Creating brand-new static initializer in class org/apache/hadoop/thirdparty/com/google/common/collect/AbstractMultimap$Values
2024-11-12 13:41:23,515 INFO  EvoClassLoader - Keeping class: org.apache.hadoop.thirdparty.com.google.common.collect.AbstractMultimap$Values
2024-11-12 13:41:23,515 INFO  EvoClassLoader - Seeing class for first time: org.apache.hadoop.thirdparty.com.google.common.collect.AbstractMultimap$EntrySet
2024-11-12 13:41:23,515 INFO  EvoClassLoader - Instrumenting class 'org.apache.hadoop.thirdparty.com.google.common.collect.AbstractMultimap$EntrySet'.
2024-11-12 13:41:23,516 INFO  MethodCallReplacementClassAdapter - Adding mock interface to class org/apache/hadoop/thirdparty/com/google/common/collect/AbstractMultimap$EntrySet
2024-11-12 13:41:23,516 INFO  CreateClassResetClassAdapter - Creating brand-new static initializer in class org/apache/hadoop/thirdparty/com/google/common/collect/AbstractMultimap$EntrySet
2024-11-12 13:41:23,516 INFO  EvoClassLoader - Keeping class: org.apache.hadoop.thirdparty.com.google.common.collect.AbstractMultimap$EntrySet
2024-11-12 13:41:23,516 INFO  EvoClassLoader - Seeing class for first time: org.apache.hadoop.thirdparty.com.google.common.collect.AbstractMapBasedMultimap$Itr
2024-11-12 13:41:23,516 INFO  EvoClassLoader - Instrumenting class 'org.apache.hadoop.thirdparty.com.google.common.collect.AbstractMapBasedMultimap$Itr'.
2024-11-12 13:41:23,516 INFO  MethodCallReplacementClassAdapter - Adding mock interface to class org/apache/hadoop/thirdparty/com/google/common/collect/AbstractMapBasedMultimap$Itr
2024-11-12 13:41:23,516 INFO  CreateClassResetClassAdapter - Creating brand-new static initializer in class org/apache/hadoop/thirdparty/com/google/common/collect/AbstractMapBasedMultimap$Itr
2024-11-12 13:41:23,517 INFO  EvoClassLoader - Keeping class: org.apache.hadoop.thirdparty.com.google.common.collect.AbstractMapBasedMultimap$Itr
2024-11-12 13:41:23,517 INFO  EvoClassLoader - Seeing class for first time: org.apache.hadoop.thirdparty.com.google.common.collect.AbstractMapBasedMultimap$NavigableAsMap
2024-11-12 13:41:23,517 INFO  EvoClassLoader - Instrumenting class 'org.apache.hadoop.thirdparty.com.google.common.collect.AbstractMapBasedMultimap$NavigableAsMap'.
2024-11-12 13:41:23,517 INFO  MethodCallReplacementClassAdapter - Adding mock interface to class org/apache/hadoop/thirdparty/com/google/common/collect/AbstractMapBasedMultimap$NavigableAsMap
2024-11-12 13:41:23,517 INFO  CreateClassResetClassAdapter - Creating brand-new static initializer in class org/apache/hadoop/thirdparty/com/google/common/collect/AbstractMapBasedMultimap$NavigableAsMap
2024-11-12 13:41:23,517 INFO  EvoClassLoader - Seeing class for first time: org.apache.hadoop.thirdparty.com.google.common.collect.AbstractMapBasedMultimap$SortedAsMap
2024-11-12 13:41:23,517 INFO  EvoClassLoader - Instrumenting class 'org.apache.hadoop.thirdparty.com.google.common.collect.AbstractMapBasedMultimap$SortedAsMap'.
2024-11-12 13:41:23,517 INFO  MethodCallReplacementClassAdapter - Adding mock interface to class org/apache/hadoop/thirdparty/com/google/common/collect/AbstractMapBasedMultimap$SortedAsMap
2024-11-12 13:41:23,518 INFO  CreateClassResetClassAdapter - Creating brand-new static initializer in class org/apache/hadoop/thirdparty/com/google/common/collect/AbstractMapBasedMultimap$SortedAsMap
2024-11-12 13:41:23,518 INFO  EvoClassLoader - Seeing class for first time: org.apache.hadoop.thirdparty.com.google.common.collect.AbstractMapBasedMultimap$AsMap
2024-11-12 13:41:23,518 INFO  EvoClassLoader - Instrumenting class 'org.apache.hadoop.thirdparty.com.google.common.collect.AbstractMapBasedMultimap$AsMap'.
2024-11-12 13:41:23,518 INFO  MethodCallReplacementClassAdapter - Adding mock interface to class org/apache/hadoop/thirdparty/com/google/common/collect/AbstractMapBasedMultimap$AsMap
2024-11-12 13:41:23,518 INFO  CreateClassResetClassAdapter - Creating brand-new static initializer in class org/apache/hadoop/thirdparty/com/google/common/collect/AbstractMapBasedMultimap$AsMap
2024-11-12 13:41:23,518 INFO  EvoClassLoader - Keeping class: org.apache.hadoop.thirdparty.com.google.common.collect.AbstractMapBasedMultimap$AsMap
2024-11-12 13:41:23,518 INFO  EvoClassLoader - Keeping class: org.apache.hadoop.thirdparty.com.google.common.collect.AbstractMapBasedMultimap$SortedAsMap
2024-11-12 13:41:23,518 INFO  EvoClassLoader - Keeping class: org.apache.hadoop.thirdparty.com.google.common.collect.AbstractMapBasedMultimap$NavigableAsMap
2024-11-12 13:41:23,518 INFO  EvoClassLoader - Seeing class for first time: org.apache.hadoop.thirdparty.com.google.common.collect.AbstractMapBasedMultimap$2
2024-11-12 13:41:23,518 INFO  EvoClassLoader - Instrumenting class 'org.apache.hadoop.thirdparty.com.google.common.collect.AbstractMapBasedMultimap$2'.
2024-11-12 13:41:23,519 INFO  MethodCallReplacementClassAdapter - Adding mock interface to class org/apache/hadoop/thirdparty/com/google/common/collect/AbstractMapBasedMultimap$2
2024-11-12 13:41:23,519 INFO  EvoClassLoader - Keeping class: org.apache.hadoop.thirdparty.com.google.common.collect.AbstractMapBasedMultimap$2
2024-11-12 13:41:23,519 INFO  EvoClassLoader - Seeing class for first time: org.apache.hadoop.thirdparty.com.google.common.collect.Iterators$EmptyModifiableIterator
2024-11-12 13:41:23,519 INFO  EvoClassLoader - Instrumenting class 'org.apache.hadoop.thirdparty.com.google.common.collect.Iterators$EmptyModifiableIterator'.
2024-11-12 13:41:23,519 INFO  MethodCallReplacementClassAdapter - Adding mock interface to class org/apache/hadoop/thirdparty/com/google/common/collect/Iterators$EmptyModifiableIterator
2024-11-12 13:41:23,519 INFO  CreateClassResetClassAdapter - Found static initializer in class org/apache/hadoop/thirdparty/com/google/common/collect/Iterators$EmptyModifiableIterator
2024-11-12 13:41:23,519 INFO  EvoClassLoader - Keeping class: org.apache.hadoop.thirdparty.com.google.common.collect.Iterators$EmptyModifiableIterator
2024-11-12 13:41:23,519 INFO  EvoClassLoader - Seeing class for first time: org.apache.hadoop.hdfs.server.blockmanagement.OutOfLegacyGenerationStampsException
2024-11-12 13:41:23,519 INFO  EvoClassLoader - Instrumenting class 'org.apache.hadoop.hdfs.server.blockmanagement.OutOfLegacyGenerationStampsException'.
2024-11-12 13:41:23,519 INFO  MethodCallReplacementClassAdapter - Adding mock interface to class org/apache/hadoop/hdfs/server/blockmanagement/OutOfLegacyGenerationStampsException
2024-11-12 13:41:23,520 INFO  CreateClassResetClassAdapter - Creating brand-new static initializer in class org/apache/hadoop/hdfs/server/blockmanagement/OutOfLegacyGenerationStampsException
2024-11-12 13:41:23,520 INFO  EvoClassLoader - Keeping class: org.apache.hadoop.hdfs.server.blockmanagement.OutOfLegacyGenerationStampsException
2024-11-12 13:41:23,520 INFO  EvoClassLoader - Seeing class for first time: org.apache.hadoop.hdfs.server.blockmanagement.SequentialBlockGroupIdGenerator
2024-11-12 13:41:23,520 INFO  EvoClassLoader - Instrumenting class 'org.apache.hadoop.hdfs.server.blockmanagement.SequentialBlockGroupIdGenerator'.
2024-11-12 13:41:23,520 INFO  MethodCallReplacementClassAdapter - Adding mock interface to class org/apache/hadoop/hdfs/server/blockmanagement/SequentialBlockGroupIdGenerator
2024-11-12 13:41:23,520 INFO  CreateClassResetClassAdapter - Creating brand-new static initializer in class org/apache/hadoop/hdfs/server/blockmanagement/SequentialBlockGroupIdGenerator
2024-11-12 13:41:23,520 INFO  EvoClassLoader - Seeing class for first time: org.apache.hadoop.util.SequentialNumber
2024-11-12 13:41:23,520 INFO  EvoClassLoader - Instrumenting class 'org.apache.hadoop.util.SequentialNumber'.
2024-11-12 13:41:23,521 INFO  MethodCallReplacementClassAdapter - Adding mock interface to class org/apache/hadoop/util/SequentialNumber
2024-11-12 13:41:23,521 INFO  CreateClassResetClassAdapter - Creating brand-new static initializer in class org/apache/hadoop/util/SequentialNumber
2024-11-12 13:41:23,522 INFO  EvoClassLoader - Seeing class for first time: org.apache.hadoop.util.IdGenerator
2024-11-12 13:41:23,522 INFO  EvoClassLoader - Instrumenting class 'org.apache.hadoop.util.IdGenerator'.
2024-11-12 13:41:23,522 INFO  EvoClassLoader - Keeping class: org.apache.hadoop.util.IdGenerator
2024-11-12 13:41:23,522 INFO  EvoClassLoader - Keeping class: org.apache.hadoop.util.SequentialNumber
2024-11-12 13:41:23,522 INFO  EvoClassLoader - Keeping class: org.apache.hadoop.hdfs.server.blockmanagement.SequentialBlockGroupIdGenerator
2024-11-12 13:41:23,522 INFO  EvoClassLoader - Seeing class for first time: org.apache.hadoop.hdfs.server.blockmanagement.SequentialBlockIdGenerator
2024-11-12 13:41:23,522 INFO  EvoClassLoader - Instrumenting class 'org.apache.hadoop.hdfs.server.blockmanagement.SequentialBlockIdGenerator'.
2024-11-12 13:41:23,522 INFO  MethodCallReplacementClassAdapter - Adding mock interface to class org/apache/hadoop/hdfs/server/blockmanagement/SequentialBlockIdGenerator
2024-11-12 13:41:23,523 INFO  CreateClassResetClassAdapter - Creating brand-new static initializer in class org/apache/hadoop/hdfs/server/blockmanagement/SequentialBlockIdGenerator
2024-11-12 13:41:23,523 INFO  CreateClassResetClassAdapter - Adding bytecode for initializing field LAST_RESERVED_BLOCK_ID
2024-11-12 13:41:23,523 INFO  EvoClassLoader - Keeping class: org.apache.hadoop.hdfs.server.blockmanagement.SequentialBlockIdGenerator
2024-11-12 13:41:23,523 INFO  EvoClassLoader - Seeing class for first time: org.apache.hadoop.hdfs.server.common.GenerationStamp
2024-11-12 13:41:23,523 INFO  EvoClassLoader - Instrumenting class 'org.apache.hadoop.hdfs.server.common.GenerationStamp'.
2024-11-12 13:41:23,524 INFO  MethodCallReplacementClassAdapter - Adding mock interface to class org/apache/hadoop/hdfs/server/common/GenerationStamp
2024-11-12 13:41:23,524 INFO  CreateClassResetClassAdapter - Creating brand-new static initializer in class org/apache/hadoop/hdfs/server/common/GenerationStamp
2024-11-12 13:41:23,524 INFO  CreateClassResetClassAdapter - Adding bytecode for initializing field LAST_RESERVED_STAMP
2024-11-12 13:41:23,524 INFO  EvoClassLoader - Keeping class: org.apache.hadoop.hdfs.server.common.GenerationStamp
2024-11-12 13:41:23,524 INFO  EvoClassLoader - Seeing class for first time: org.apache.hadoop.hdfs.server.blockmanagement.InvalidateBlocks
2024-11-12 13:41:23,524 INFO  EvoClassLoader - Instrumenting class 'org.apache.hadoop.hdfs.server.blockmanagement.InvalidateBlocks'.
2024-11-12 13:41:23,524 INFO  MethodCallReplacementClassAdapter - Adding mock interface to class org/apache/hadoop/hdfs/server/blockmanagement/InvalidateBlocks
2024-11-12 13:41:23,525 INFO  CreateClassResetClassAdapter - Found static initializer in class org/apache/hadoop/hdfs/server/blockmanagement/InvalidateBlocks
2024-11-12 13:41:23,526 INFO  EvoClassLoader - Keeping class: org.apache.hadoop.hdfs.server.blockmanagement.InvalidateBlocks
2024-11-12 13:41:23,526 INFO  EvoClassLoader - Seeing class for first time: org.apache.hadoop.hdfs.server.blockmanagement.BlocksMap
2024-11-12 13:41:23,526 INFO  EvoClassLoader - Instrumenting class 'org.apache.hadoop.hdfs.server.blockmanagement.BlocksMap'.
2024-11-12 13:41:23,526 INFO  MethodCallReplacementClassAdapter - Adding mock interface to class org/apache/hadoop/hdfs/server/blockmanagement/BlocksMap
2024-11-12 13:41:23,526 INFO  CreateClassResetClassAdapter - Found static initializer in class org/apache/hadoop/hdfs/server/blockmanagement/BlocksMap
2024-11-12 13:41:23,527 INFO  EvoClassLoader - Keeping class: org.apache.hadoop.hdfs.server.blockmanagement.BlocksMap
2024-11-12 13:41:23,527 INFO  EvoClassLoader - Seeing class for first time: org.apache.hadoop.util.LightWeightGSet
2024-11-12 13:41:23,527 INFO  EvoClassLoader - Instrumenting class 'org.apache.hadoop.util.LightWeightGSet'.
2024-11-12 13:41:23,527 INFO  MethodCallReplacementClassAdapter - Adding mock interface to class org/apache/hadoop/util/LightWeightGSet
2024-11-12 13:41:23,528 INFO  CreateClassResetClassAdapter - Creating brand-new static initializer in class org/apache/hadoop/util/LightWeightGSet
2024-11-12 13:41:23,528 INFO  CreateClassResetClassAdapter - Adding bytecode for initializing field MAX_ARRAY_LENGTH
2024-11-12 13:41:23,528 INFO  CreateClassResetClassAdapter - Adding bytecode for initializing field MIN_ARRAY_LENGTH
2024-11-12 13:41:23,529 INFO  EvoClassLoader - Keeping class: org.apache.hadoop.util.LightWeightGSet
2024-11-12 13:41:23,529 INFO  EvoClassLoader - Seeing class for first time: org.apache.hadoop.util.StringUtils$TraditionalBinaryPrefix
2024-11-12 13:41:23,529 INFO  EvoClassLoader - Instrumenting class 'org.apache.hadoop.util.StringUtils$TraditionalBinaryPrefix'.
2024-11-12 13:41:23,529 INFO  MethodCallReplacementClassAdapter - Adding mock interface to class org/apache/hadoop/util/StringUtils$TraditionalBinaryPrefix
2024-11-12 13:41:23,530 INFO  CreateClassResetClassAdapter - Found static initializer in class org/apache/hadoop/util/StringUtils$TraditionalBinaryPrefix
2024-11-12 13:41:23,530 INFO  EvoClassLoader - Keeping class: org.apache.hadoop.util.StringUtils$TraditionalBinaryPrefix
2024-11-12 13:41:23,530 INFO  EvoClassLoader - Seeing class for first time: org.apache.hadoop.hdfs.server.blockmanagement.BlocksMap$1
2024-11-12 13:41:23,530 INFO  EvoClassLoader - Instrumenting class 'org.apache.hadoop.hdfs.server.blockmanagement.BlocksMap$1'.
2024-11-12 13:41:23,530 INFO  MethodCallReplacementClassAdapter - Adding mock interface to class org/apache/hadoop/hdfs/server/blockmanagement/BlocksMap$1
2024-11-12 13:41:23,530 INFO  EvoClassLoader - Keeping class: org.apache.hadoop.hdfs.server.blockmanagement.BlocksMap$1
2024-11-12 13:41:23,531 INFO  EvoClassLoader - Seeing class for first time: org.apache.hadoop.hdfs.server.blockmanagement.BlockPlacementPolicies
2024-11-12 13:41:23,531 INFO  EvoClassLoader - Instrumenting class 'org.apache.hadoop.hdfs.server.blockmanagement.BlockPlacementPolicies'.
2024-11-12 13:41:23,531 INFO  MethodCallReplacementClassAdapter - Adding mock interface to class org/apache/hadoop/hdfs/server/blockmanagement/BlockPlacementPolicies
2024-11-12 13:41:23,531 INFO  CreateClassResetClassAdapter - Creating brand-new static initializer in class org/apache/hadoop/hdfs/server/blockmanagement/BlockPlacementPolicies
2024-11-12 13:41:23,531 INFO  EvoClassLoader - Keeping class: org.apache.hadoop.hdfs.server.blockmanagement.BlockPlacementPolicies
2024-11-12 13:41:23,531 INFO  EvoClassLoader - Seeing class for first time: org.apache.hadoop.hdfs.server.blockmanagement.BlockPlacementPolicyDefault$1
2024-11-12 13:41:23,531 INFO  EvoClassLoader - Instrumenting class 'org.apache.hadoop.hdfs.server.blockmanagement.BlockPlacementPolicyDefault$1'.
2024-11-12 13:41:23,532 INFO  MethodCallReplacementClassAdapter - Adding mock interface to class org/apache/hadoop/hdfs/server/blockmanagement/BlockPlacementPolicyDefault$1
2024-11-12 13:41:23,532 INFO  EvoClassLoader - Keeping class: org.apache.hadoop.hdfs.server.blockmanagement.BlockPlacementPolicyDefault$1
2024-11-12 13:41:23,532 INFO  EvoClassLoader - Seeing class for first time: org.apache.hadoop.hdfs.server.blockmanagement.BlockPlacementStatusDefault
2024-11-12 13:41:23,532 INFO  EvoClassLoader - Instrumenting class 'org.apache.hadoop.hdfs.server.blockmanagement.BlockPlacementStatusDefault'.
2024-11-12 13:41:23,532 INFO  MethodCallReplacementClassAdapter - Adding mock interface to class org/apache/hadoop/hdfs/server/blockmanagement/BlockPlacementStatusDefault
2024-11-12 13:41:23,532 INFO  CreateClassResetClassAdapter - Creating brand-new static initializer in class org/apache/hadoop/hdfs/server/blockmanagement/BlockPlacementStatusDefault
2024-11-12 13:41:23,532 INFO  EvoClassLoader - Keeping class: org.apache.hadoop.hdfs.server.blockmanagement.BlockPlacementStatusDefault
2024-11-12 13:41:23,532 INFO  EvoClassLoader - Seeing class for first time: org.apache.hadoop.hdfs.server.blockmanagement.BlockPlacementPolicy$NotEnoughReplicasException
2024-11-12 13:41:23,532 INFO  EvoClassLoader - Instrumenting class 'org.apache.hadoop.hdfs.server.blockmanagement.BlockPlacementPolicy$NotEnoughReplicasException'.
2024-11-12 13:41:23,533 INFO  MethodCallReplacementClassAdapter - Adding mock interface to class org/apache/hadoop/hdfs/server/blockmanagement/BlockPlacementPolicy$NotEnoughReplicasException
2024-11-12 13:41:23,533 INFO  CreateClassResetClassAdapter - Creating brand-new static initializer in class org/apache/hadoop/hdfs/server/blockmanagement/BlockPlacementPolicy$NotEnoughReplicasException
2024-11-12 13:41:23,533 INFO  EvoClassLoader - Keeping class: org.apache.hadoop.hdfs.server.blockmanagement.BlockPlacementPolicy$NotEnoughReplicasException
2024-11-12 13:41:23,534 INFO  EvoClassLoader - Seeing class for first time: org.apache.hadoop.hdfs.server.blockmanagement.BlockPlacementPolicyDefault$NodeNotChosenReason
2024-11-12 13:41:23,534 INFO  EvoClassLoader - Instrumenting class 'org.apache.hadoop.hdfs.server.blockmanagement.BlockPlacementPolicyDefault$NodeNotChosenReason'.
2024-11-12 13:41:23,534 INFO  MethodCallReplacementClassAdapter - Adding mock interface to class org/apache/hadoop/hdfs/server/blockmanagement/BlockPlacementPolicyDefault$NodeNotChosenReason
2024-11-12 13:41:23,534 INFO  CreateClassResetClassAdapter - Found static initializer in class org/apache/hadoop/hdfs/server/blockmanagement/BlockPlacementPolicyDefault$NodeNotChosenReason
2024-11-12 13:41:23,534 INFO  EvoClassLoader - Keeping class: org.apache.hadoop.hdfs.server.blockmanagement.BlockPlacementPolicyDefault$NodeNotChosenReason
2024-11-12 13:41:23,535 INFO  EvoClassLoader - Seeing class for first time: org.apache.hadoop.hdfs.server.blockmanagement.PendingReconstructionBlocks
2024-11-12 13:41:23,535 INFO  EvoClassLoader - Instrumenting class 'org.apache.hadoop.hdfs.server.blockmanagement.PendingReconstructionBlocks'.
2024-11-12 13:41:23,535 INFO  MethodCallReplacementClassAdapter - Adding mock interface to class org/apache/hadoop/hdfs/server/blockmanagement/PendingReconstructionBlocks
2024-11-12 13:41:23,535 INFO  CreateClassResetClassAdapter - Found static initializer in class org/apache/hadoop/hdfs/server/blockmanagement/PendingReconstructionBlocks
2024-11-12 13:41:23,536 INFO  EvoClassLoader - Keeping class: org.apache.hadoop.hdfs.server.blockmanagement.PendingReconstructionBlocks
2024-11-12 13:41:23,536 INFO  EvoClassLoader - Seeing class for first time: org.apache.hadoop.hdfs.server.blockmanagement.PendingReconstructionBlocks$PendingBlockInfo
2024-11-12 13:41:23,536 INFO  EvoClassLoader - Instrumenting class 'org.apache.hadoop.hdfs.server.blockmanagement.PendingReconstructionBlocks$PendingBlockInfo'.
2024-11-12 13:41:23,536 INFO  MethodCallReplacementClassAdapter - Adding mock interface to class org/apache/hadoop/hdfs/server/blockmanagement/PendingReconstructionBlocks$PendingBlockInfo
2024-11-12 13:41:23,536 INFO  CreateClassResetClassAdapter - Creating brand-new static initializer in class org/apache/hadoop/hdfs/server/blockmanagement/PendingReconstructionBlocks$PendingBlockInfo
2024-11-12 13:41:23,536 INFO  EvoClassLoader - Keeping class: org.apache.hadoop.hdfs.server.blockmanagement.PendingReconstructionBlocks$PendingBlockInfo
2024-11-12 13:41:23,536 INFO  EvoClassLoader - Seeing class for first time: org.apache.hadoop.security.User
2024-11-12 13:41:23,536 INFO  EvoClassLoader - Instrumenting class 'org.apache.hadoop.security.User'.
2024-11-12 13:41:23,537 INFO  MethodCallReplacementClassAdapter - Adding mock interface to class org/apache/hadoop/security/User
2024-11-12 13:41:23,537 INFO  CreateClassResetClassAdapter - Creating brand-new static initializer in class org/apache/hadoop/security/User
2024-11-12 13:41:23,537 INFO  EvoClassLoader - Keeping class: org.apache.hadoop.security.User
2024-11-12 13:41:23,537 INFO  EvoClassLoader - Seeing class for first time: org.apache.hadoop.fs.FSDataOutputStream$PositionCache
2024-11-12 13:41:23,537 INFO  EvoClassLoader - Instrumenting class 'org.apache.hadoop.fs.FSDataOutputStream$PositionCache'.
2024-11-12 13:41:23,537 INFO  MethodCallReplacementClassAdapter - Adding mock interface to class org/apache/hadoop/fs/FSDataOutputStream$PositionCache
2024-11-12 13:41:23,537 INFO  CreateClassResetClassAdapter - Creating brand-new static initializer in class org/apache/hadoop/fs/FSDataOutputStream$PositionCache
2024-11-12 13:41:23,538 INFO  EvoClassLoader - Keeping class: org.apache.hadoop.fs.FSDataOutputStream$PositionCache
2024-11-12 13:41:23,538 INFO  EvoClassLoader - Seeing class for first time: org.apache.hadoop.fs.Abortable$AbortableResult
2024-11-12 13:41:23,538 INFO  EvoClassLoader - Instrumenting class 'org.apache.hadoop.fs.Abortable$AbortableResult'.
2024-11-12 13:41:23,538 INFO  EvoClassLoader - Keeping class: org.apache.hadoop.fs.Abortable$AbortableResult
2024-11-12 13:41:23,538 INFO  EvoClassLoader - Seeing class for first time: org.apache.hadoop.util.WeakReferenceMap
2024-11-12 13:41:23,538 INFO  EvoClassLoader - Instrumenting class 'org.apache.hadoop.util.WeakReferenceMap'.
2024-11-12 13:41:23,538 INFO  MethodCallReplacementClassAdapter - Adding mock interface to class org/apache/hadoop/util/WeakReferenceMap
2024-11-12 13:41:23,538 INFO  CreateClassResetClassAdapter - Found static initializer in class org/apache/hadoop/util/WeakReferenceMap
2024-11-12 13:41:23,539 INFO  EvoClassLoader - Keeping class: org.apache.hadoop.util.WeakReferenceMap
2024-11-12 13:41:23,539 INFO  EvoClassLoader - Seeing class for first time: org.apache.hadoop.fs.impl.WeakReferenceThreadMap
2024-11-12 13:41:23,539 INFO  EvoClassLoader - Instrumenting class 'org.apache.hadoop.fs.impl.WeakReferenceThreadMap'.
2024-11-12 13:41:23,539 INFO  MethodCallReplacementClassAdapter - Adding mock interface to class org/apache/hadoop/fs/impl/WeakReferenceThreadMap
2024-11-12 13:41:23,539 INFO  CreateClassResetClassAdapter - Creating brand-new static initializer in class org/apache/hadoop/fs/impl/WeakReferenceThreadMap
2024-11-12 13:41:23,539 INFO  EvoClassLoader - Keeping class: org.apache.hadoop.fs.impl.WeakReferenceThreadMap
2024-11-12 13:41:23,539 INFO  EvoClassLoader - Seeing class for first time: org.apache.hadoop.fs.store.LogExactlyOnce
2024-11-12 13:41:23,539 INFO  EvoClassLoader - Instrumenting class 'org.apache.hadoop.fs.store.LogExactlyOnce'.
2024-11-12 13:41:23,540 INFO  MethodCallReplacementClassAdapter - Adding mock interface to class org/apache/hadoop/fs/store/LogExactlyOnce
2024-11-12 13:41:23,540 INFO  CreateClassResetClassAdapter - Creating brand-new static initializer in class org/apache/hadoop/fs/store/LogExactlyOnce
2024-11-12 13:41:23,540 INFO  EvoClassLoader - Defined package (3): package org.apache.hadoop.fs.store, -1967524397
2024-11-12 13:41:23,540 INFO  EvoClassLoader - Keeping class: org.apache.hadoop.fs.store.LogExactlyOnce
2024-11-12 13:41:23,540 INFO  EvoClassLoader - Seeing class for first time: org.apache.hadoop.fs.statistics.impl.IOStatisticsContextIntegration
2024-11-12 13:41:23,540 INFO  EvoClassLoader - Instrumenting class 'org.apache.hadoop.fs.statistics.impl.IOStatisticsContextIntegration'.
2024-11-12 13:41:23,541 INFO  MethodCallReplacementClassAdapter - Adding mock interface to class org/apache/hadoop/fs/statistics/impl/IOStatisticsContextIntegration
2024-11-12 13:41:23,541 INFO  CreateClassResetClassAdapter - Found static initializer in class org/apache/hadoop/fs/statistics/impl/IOStatisticsContextIntegration
2024-11-12 13:41:23,541 INFO  EvoClassLoader - Keeping class: org.apache.hadoop.fs.statistics.impl.IOStatisticsContextIntegration
2024-11-12 13:41:23,541 INFO  EvoClassLoader - Seeing class for first time: org.apache.hadoop.fs.statistics.IOStatisticsContext
2024-11-12 13:41:23,541 INFO  EvoClassLoader - Instrumenting class 'org.apache.hadoop.fs.statistics.IOStatisticsContext'.
2024-11-12 13:41:23,541 INFO  EvoClassLoader - Keeping class: org.apache.hadoop.fs.statistics.IOStatisticsContext
2024-11-12 13:41:23,574 INFO  EvoClassLoader - Seeing class for first time: org.apache.hadoop.fs.statistics.impl.IOStatisticsContextImpl
2024-11-12 13:41:23,574 INFO  EvoClassLoader - Instrumenting class 'org.apache.hadoop.fs.statistics.impl.IOStatisticsContextImpl'.
2024-11-12 13:41:23,574 INFO  MethodCallReplacementClassAdapter - Adding mock interface to class org/apache/hadoop/fs/statistics/impl/IOStatisticsContextImpl
2024-11-12 13:41:23,574 INFO  CreateClassResetClassAdapter - Found static initializer in class org/apache/hadoop/fs/statistics/impl/IOStatisticsContextImpl
2024-11-12 13:41:23,574 INFO  EvoClassLoader - Keeping class: org.apache.hadoop.fs.statistics.impl.IOStatisticsContextImpl
2024-11-12 13:41:23,574 INFO  EvoClassLoader - Seeing class for first time: org.apache.hadoop.fs.statistics.IOStatisticsSnapshot
2024-11-12 13:41:23,574 INFO  EvoClassLoader - Instrumenting class 'org.apache.hadoop.fs.statistics.IOStatisticsSnapshot'.
2024-11-12 13:41:23,575 INFO  MethodCallReplacementClassAdapter - Adding mock interface to class org/apache/hadoop/fs/statistics/IOStatisticsSnapshot
2024-11-12 13:41:23,575 INFO  CreateClassResetClassAdapter - Found static initializer in class org/apache/hadoop/fs/statistics/IOStatisticsSnapshot
2024-11-12 13:41:23,575 INFO  EvoClassLoader - Keeping class: org.apache.hadoop.fs.statistics.IOStatisticsSnapshot
2024-11-12 13:41:23,575 INFO  EvoClassLoader - Seeing class for first time: org.apache.hadoop.util.JsonSerialization
2024-11-12 13:41:23,575 INFO  EvoClassLoader - Instrumenting class 'org.apache.hadoop.util.JsonSerialization'.
2024-11-12 13:41:23,576 INFO  MethodCallReplacementClassAdapter - Adding mock interface to class org/apache/hadoop/util/JsonSerialization
2024-11-12 13:41:23,576 INFO  CreateClassResetClassAdapter - Found static initializer in class org/apache/hadoop/util/JsonSerialization
2024-11-12 13:41:23,576 INFO  EvoClassLoader - Keeping class: org.apache.hadoop.util.JsonSerialization
2024-11-12 13:41:23,576 INFO  EvoClassLoader - Seeing class for first time: org.apache.hadoop.io.IOUtils
2024-11-12 13:41:23,576 INFO  EvoClassLoader - Instrumenting class 'org.apache.hadoop.io.IOUtils'.
2024-11-12 13:41:23,577 INFO  MethodCallReplacementClassAdapter - Adding mock interface to class org/apache/hadoop/io/IOUtils
2024-11-12 13:41:23,578 INFO  CreateClassResetClassAdapter - Found static initializer in class org/apache/hadoop/io/IOUtils
2024-11-12 13:41:23,578 INFO  EvoClassLoader - Keeping class: org.apache.hadoop.io.IOUtils
]]></system-out>
  </testcase>
  <testcase name="test08" classname="org.apache.hadoop.hdfs.server.namenode.snapshot.SnapshotDiffInfo_ESTest" time="0.047">
    <system-out><![CDATA[2024-11-12 13:41:23,590 INFO  FSDirectory - GLOBAL serial map: bits=29 maxEntries=536870911
2024-11-12 13:41:23,590 INFO  FSDirectory - USER serial map: bits=24 maxEntries=16777215
2024-11-12 13:41:23,590 INFO  FSDirectory - GROUP serial map: bits=24 maxEntries=16777215
2024-11-12 13:41:23,590 INFO  FSDirectory - XATTR serial map: bits=24 maxEntries=16777215
2024-11-12 13:41:23,602 INFO  EvoClassLoader - Seeing class for first time: libcore.io.Memory
2024-11-12 13:41:23,602 INFO  EvoClassLoader - Instrumenting class 'libcore.io.Memory'.
2024-11-12 13:41:23,602 INFO  EvoClassLoader - Error while loading class: java.lang.ClassNotFoundException: Class 'libcore/io/Memory.class' should be in target project, but could not be found!
2024-11-12 13:41:23,602 INFO  EvoClassLoader - Seeing class for first time: org.robolectric.Robolectric
2024-11-12 13:41:23,602 INFO  EvoClassLoader - Instrumenting class 'org.robolectric.Robolectric'.
2024-11-12 13:41:23,602 INFO  EvoClassLoader - Error while loading class: java.lang.ClassNotFoundException: Class 'org/robolectric/Robolectric.class' should be in target project, but could not be found!
2024-11-12 13:41:23,604 INFO  EvoClassLoader - Seeing class for first time: org.mockito.configuration.MockitoConfiguration
2024-11-12 13:41:23,604 INFO  EvoClassLoader - Instrumenting class 'org.mockito.configuration.MockitoConfiguration'.
2024-11-12 13:41:23,605 INFO  EvoClassLoader - Error while loading class: java.lang.ClassNotFoundException: Class 'org/mockito/configuration/MockitoConfiguration.class' should be in target project, but could not be found!
2024-11-12 13:41:23,615 INFO  EvoClassLoader - Seeing class for first time: org.apache.hadoop.mapred.JobConf
2024-11-12 13:41:23,616 INFO  EvoClassLoader - Instrumenting class 'org.apache.hadoop.mapred.JobConf'.
2024-11-12 13:41:23,616 INFO  EvoClassLoader - Error while loading class: java.lang.ClassNotFoundException: Class 'org/apache/hadoop/mapred/JobConf.class' should be in target project, but could not be found!
]]></system-out>
  </testcase>
  <testcase name="test07" classname="org.apache.hadoop.hdfs.server.namenode.snapshot.SnapshotDiffInfo_ESTest" time="0.063">
    <system-out><![CDATA[2024-11-12 13:41:23,667 INFO  FSDirectory - GLOBAL serial map: bits=29 maxEntries=536870911
2024-11-12 13:41:23,667 INFO  FSDirectory - USER serial map: bits=24 maxEntries=16777215
2024-11-12 13:41:23,667 INFO  FSDirectory - GROUP serial map: bits=24 maxEntries=16777215
2024-11-12 13:41:23,667 INFO  FSDirectory - XATTR serial map: bits=24 maxEntries=16777215
2024-11-12 13:41:23,675 INFO  EvoClassLoader - Seeing class for first time: libcore.io.Memory
2024-11-12 13:41:23,675 INFO  EvoClassLoader - Instrumenting class 'libcore.io.Memory'.
2024-11-12 13:41:23,675 INFO  EvoClassLoader - Error while loading class: java.lang.ClassNotFoundException: Class 'libcore/io/Memory.class' should be in target project, but could not be found!
2024-11-12 13:41:23,675 INFO  EvoClassLoader - Seeing class for first time: org.robolectric.Robolectric
2024-11-12 13:41:23,675 INFO  EvoClassLoader - Instrumenting class 'org.robolectric.Robolectric'.
2024-11-12 13:41:23,675 INFO  EvoClassLoader - Error while loading class: java.lang.ClassNotFoundException: Class 'org/robolectric/Robolectric.class' should be in target project, but could not be found!
2024-11-12 13:41:23,677 INFO  EvoClassLoader - Seeing class for first time: org.mockito.configuration.MockitoConfiguration
2024-11-12 13:41:23,677 INFO  EvoClassLoader - Instrumenting class 'org.mockito.configuration.MockitoConfiguration'.
2024-11-12 13:41:23,677 INFO  EvoClassLoader - Error while loading class: java.lang.ClassNotFoundException: Class 'org/mockito/configuration/MockitoConfiguration.class' should be in target project, but could not be found!
2024-11-12 13:41:23,685 INFO  EvoClassLoader - Seeing class for first time: org.apache.hadoop.mapred.JobConf
2024-11-12 13:41:23,685 INFO  EvoClassLoader - Instrumenting class 'org.apache.hadoop.mapred.JobConf'.
2024-11-12 13:41:23,685 INFO  EvoClassLoader - Error while loading class: java.lang.ClassNotFoundException: Class 'org/apache/hadoop/mapred/JobConf.class' should be in target project, but could not be found!
]]></system-out>
  </testcase>
  <testcase name="test29" classname="org.apache.hadoop.hdfs.server.namenode.snapshot.SnapshotDiffInfo_ESTest" time="0.066">
    <system-out><![CDATA[2024-11-12 13:41:23,730 INFO  FSDirectory - GLOBAL serial map: bits=29 maxEntries=536870911
2024-11-12 13:41:23,731 INFO  FSDirectory - USER serial map: bits=24 maxEntries=16777215
2024-11-12 13:41:23,731 INFO  FSDirectory - GROUP serial map: bits=24 maxEntries=16777215
2024-11-12 13:41:23,731 INFO  FSDirectory - XATTR serial map: bits=24 maxEntries=16777215
2024-11-12 13:41:23,737 INFO  EvoClassLoader - Seeing class for first time: libcore.io.Memory
2024-11-12 13:41:23,737 INFO  EvoClassLoader - Instrumenting class 'libcore.io.Memory'.
2024-11-12 13:41:23,737 INFO  EvoClassLoader - Error while loading class: java.lang.ClassNotFoundException: Class 'libcore/io/Memory.class' should be in target project, but could not be found!
2024-11-12 13:41:23,737 INFO  EvoClassLoader - Seeing class for first time: org.robolectric.Robolectric
2024-11-12 13:41:23,737 INFO  EvoClassLoader - Instrumenting class 'org.robolectric.Robolectric'.
2024-11-12 13:41:23,737 INFO  EvoClassLoader - Error while loading class: java.lang.ClassNotFoundException: Class 'org/robolectric/Robolectric.class' should be in target project, but could not be found!
2024-11-12 13:41:23,739 INFO  EvoClassLoader - Seeing class for first time: org.mockito.configuration.MockitoConfiguration
2024-11-12 13:41:23,739 INFO  EvoClassLoader - Instrumenting class 'org.mockito.configuration.MockitoConfiguration'.
2024-11-12 13:41:23,739 INFO  EvoClassLoader - Error while loading class: java.lang.ClassNotFoundException: Class 'org/mockito/configuration/MockitoConfiguration.class' should be in target project, but could not be found!
2024-11-12 13:41:23,747 INFO  EvoClassLoader - Seeing class for first time: org.apache.hadoop.mapred.JobConf
2024-11-12 13:41:23,747 INFO  EvoClassLoader - Instrumenting class 'org.apache.hadoop.mapred.JobConf'.
2024-11-12 13:41:23,747 INFO  EvoClassLoader - Error while loading class: java.lang.ClassNotFoundException: Class 'org/apache/hadoop/mapred/JobConf.class' should be in target project, but could not be found!
]]></system-out>
  </testcase>
  <testcase name="test06" classname="org.apache.hadoop.hdfs.server.namenode.snapshot.SnapshotDiffInfo_ESTest" time="0.054">
    <system-out><![CDATA[2024-11-12 13:41:23,795 INFO  FSDirectory - GLOBAL serial map: bits=29 maxEntries=536870911
2024-11-12 13:41:23,795 INFO  FSDirectory - USER serial map: bits=24 maxEntries=16777215
2024-11-12 13:41:23,795 INFO  FSDirectory - GROUP serial map: bits=24 maxEntries=16777215
2024-11-12 13:41:23,796 INFO  FSDirectory - XATTR serial map: bits=24 maxEntries=16777215
2024-11-12 13:41:23,804 INFO  EvoClassLoader - Seeing class for first time: libcore.io.Memory
2024-11-12 13:41:23,804 INFO  EvoClassLoader - Instrumenting class 'libcore.io.Memory'.
2024-11-12 13:41:23,804 INFO  EvoClassLoader - Error while loading class: java.lang.ClassNotFoundException: Class 'libcore/io/Memory.class' should be in target project, but could not be found!
2024-11-12 13:41:23,804 INFO  EvoClassLoader - Seeing class for first time: org.robolectric.Robolectric
2024-11-12 13:41:23,804 INFO  EvoClassLoader - Instrumenting class 'org.robolectric.Robolectric'.
2024-11-12 13:41:23,804 INFO  EvoClassLoader - Error while loading class: java.lang.ClassNotFoundException: Class 'org/robolectric/Robolectric.class' should be in target project, but could not be found!
2024-11-12 13:41:23,806 INFO  EvoClassLoader - Seeing class for first time: org.mockito.configuration.MockitoConfiguration
2024-11-12 13:41:23,806 INFO  EvoClassLoader - Instrumenting class 'org.mockito.configuration.MockitoConfiguration'.
2024-11-12 13:41:23,806 INFO  EvoClassLoader - Error while loading class: java.lang.ClassNotFoundException: Class 'org/mockito/configuration/MockitoConfiguration.class' should be in target project, but could not be found!
2024-11-12 13:41:23,815 INFO  EvoClassLoader - Seeing class for first time: org.apache.hadoop.mapred.JobConf
2024-11-12 13:41:23,815 INFO  EvoClassLoader - Instrumenting class 'org.apache.hadoop.mapred.JobConf'.
2024-11-12 13:41:23,815 INFO  EvoClassLoader - Error while loading class: java.lang.ClassNotFoundException: Class 'org/apache/hadoop/mapred/JobConf.class' should be in target project, but could not be found!
]]></system-out>
  </testcase>
  <testcase name="test28" classname="org.apache.hadoop.hdfs.server.namenode.snapshot.SnapshotDiffInfo_ESTest" time="0.062">
    <system-out><![CDATA[2024-11-12 13:41:23,853 INFO  FSDirectory - GLOBAL serial map: bits=29 maxEntries=536870911
2024-11-12 13:41:23,853 INFO  FSDirectory - USER serial map: bits=24 maxEntries=16777215
2024-11-12 13:41:23,853 INFO  FSDirectory - GROUP serial map: bits=24 maxEntries=16777215
2024-11-12 13:41:23,853 INFO  FSDirectory - XATTR serial map: bits=24 maxEntries=16777215
2024-11-12 13:41:23,859 INFO  EvoClassLoader - Seeing class for first time: libcore.io.Memory
2024-11-12 13:41:23,859 INFO  EvoClassLoader - Instrumenting class 'libcore.io.Memory'.
2024-11-12 13:41:23,859 INFO  EvoClassLoader - Error while loading class: java.lang.ClassNotFoundException: Class 'libcore/io/Memory.class' should be in target project, but could not be found!
2024-11-12 13:41:23,859 INFO  EvoClassLoader - Seeing class for first time: org.robolectric.Robolectric
2024-11-12 13:41:23,859 INFO  EvoClassLoader - Instrumenting class 'org.robolectric.Robolectric'.
2024-11-12 13:41:23,859 INFO  EvoClassLoader - Error while loading class: java.lang.ClassNotFoundException: Class 'org/robolectric/Robolectric.class' should be in target project, but could not be found!
2024-11-12 13:41:23,861 INFO  EvoClassLoader - Seeing class for first time: org.mockito.configuration.MockitoConfiguration
2024-11-12 13:41:23,861 INFO  EvoClassLoader - Instrumenting class 'org.mockito.configuration.MockitoConfiguration'.
2024-11-12 13:41:23,861 INFO  EvoClassLoader - Error while loading class: java.lang.ClassNotFoundException: Class 'org/mockito/configuration/MockitoConfiguration.class' should be in target project, but could not be found!
2024-11-12 13:41:23,876 INFO  EvoClassLoader - Seeing class for first time: org.apache.hadoop.mapred.JobConf
2024-11-12 13:41:23,876 INFO  EvoClassLoader - Instrumenting class 'org.apache.hadoop.mapred.JobConf'.
2024-11-12 13:41:23,877 INFO  EvoClassLoader - Error while loading class: java.lang.ClassNotFoundException: Class 'org/apache/hadoop/mapred/JobConf.class' should be in target project, but could not be found!
]]></system-out>
  </testcase>
  <testcase name="test01" classname="org.apache.hadoop.hdfs.server.namenode.snapshot.SnapshotDiffInfo_ESTest" time="0.055">
    <system-out><![CDATA[2024-11-12 13:41:23,913 INFO  FSDirectory - GLOBAL serial map: bits=29 maxEntries=536870911
2024-11-12 13:41:23,913 INFO  FSDirectory - USER serial map: bits=24 maxEntries=16777215
2024-11-12 13:41:23,913 INFO  FSDirectory - GROUP serial map: bits=24 maxEntries=16777215
2024-11-12 13:41:23,913 INFO  FSDirectory - XATTR serial map: bits=24 maxEntries=16777215
2024-11-12 13:41:23,920 INFO  EvoClassLoader - Seeing class for first time: libcore.io.Memory
2024-11-12 13:41:23,920 INFO  EvoClassLoader - Instrumenting class 'libcore.io.Memory'.
2024-11-12 13:41:23,920 INFO  EvoClassLoader - Error while loading class: java.lang.ClassNotFoundException: Class 'libcore/io/Memory.class' should be in target project, but could not be found!
2024-11-12 13:41:23,920 INFO  EvoClassLoader - Seeing class for first time: org.robolectric.Robolectric
2024-11-12 13:41:23,920 INFO  EvoClassLoader - Instrumenting class 'org.robolectric.Robolectric'.
2024-11-12 13:41:23,920 INFO  EvoClassLoader - Error while loading class: java.lang.ClassNotFoundException: Class 'org/robolectric/Robolectric.class' should be in target project, but could not be found!
2024-11-12 13:41:23,922 INFO  EvoClassLoader - Seeing class for first time: org.mockito.configuration.MockitoConfiguration
2024-11-12 13:41:23,922 INFO  EvoClassLoader - Instrumenting class 'org.mockito.configuration.MockitoConfiguration'.
2024-11-12 13:41:23,922 INFO  EvoClassLoader - Error while loading class: java.lang.ClassNotFoundException: Class 'org/mockito/configuration/MockitoConfiguration.class' should be in target project, but could not be found!
2024-11-12 13:41:23,930 INFO  EvoClassLoader - Seeing class for first time: org.apache.hadoop.mapred.JobConf
2024-11-12 13:41:23,930 INFO  EvoClassLoader - Instrumenting class 'org.apache.hadoop.mapred.JobConf'.
2024-11-12 13:41:23,930 INFO  EvoClassLoader - Error while loading class: java.lang.ClassNotFoundException: Class 'org/apache/hadoop/mapred/JobConf.class' should be in target project, but could not be found!
]]></system-out>
  </testcase>
  <testcase name="test23" classname="org.apache.hadoop.hdfs.server.namenode.snapshot.SnapshotDiffInfo_ESTest" time="0.063">
    <system-out><![CDATA[2024-11-12 13:41:23,967 INFO  FSDirectory - GLOBAL serial map: bits=29 maxEntries=536870911
2024-11-12 13:41:23,967 INFO  FSDirectory - USER serial map: bits=24 maxEntries=16777215
2024-11-12 13:41:23,967 INFO  FSDirectory - GROUP serial map: bits=24 maxEntries=16777215
2024-11-12 13:41:23,967 INFO  FSDirectory - XATTR serial map: bits=24 maxEntries=16777215
2024-11-12 13:41:23,974 INFO  EvoClassLoader - Seeing class for first time: libcore.io.Memory
2024-11-12 13:41:23,974 INFO  EvoClassLoader - Instrumenting class 'libcore.io.Memory'.
2024-11-12 13:41:23,974 INFO  EvoClassLoader - Error while loading class: java.lang.ClassNotFoundException: Class 'libcore/io/Memory.class' should be in target project, but could not be found!
2024-11-12 13:41:23,974 INFO  EvoClassLoader - Seeing class for first time: org.robolectric.Robolectric
2024-11-12 13:41:23,974 INFO  EvoClassLoader - Instrumenting class 'org.robolectric.Robolectric'.
2024-11-12 13:41:23,974 INFO  EvoClassLoader - Error while loading class: java.lang.ClassNotFoundException: Class 'org/robolectric/Robolectric.class' should be in target project, but could not be found!
2024-11-12 13:41:23,976 INFO  EvoClassLoader - Seeing class for first time: org.mockito.configuration.MockitoConfiguration
2024-11-12 13:41:23,976 INFO  EvoClassLoader - Instrumenting class 'org.mockito.configuration.MockitoConfiguration'.
2024-11-12 13:41:23,976 INFO  EvoClassLoader - Error while loading class: java.lang.ClassNotFoundException: Class 'org/mockito/configuration/MockitoConfiguration.class' should be in target project, but could not be found!
2024-11-12 13:41:23,991 INFO  EvoClassLoader - Seeing class for first time: org.apache.hadoop.mapred.JobConf
2024-11-12 13:41:23,991 INFO  EvoClassLoader - Instrumenting class 'org.apache.hadoop.mapred.JobConf'.
2024-11-12 13:41:23,992 INFO  EvoClassLoader - Error while loading class: java.lang.ClassNotFoundException: Class 'org/apache/hadoop/mapred/JobConf.class' should be in target project, but could not be found!
]]></system-out>
  </testcase>
  <testcase name="test00" classname="org.apache.hadoop.hdfs.server.namenode.snapshot.SnapshotDiffInfo_ESTest" time="0.057">
    <system-out><![CDATA[2024-11-12 13:41:24,033 INFO  FSDirectory - GLOBAL serial map: bits=29 maxEntries=536870911
2024-11-12 13:41:24,033 INFO  FSDirectory - USER serial map: bits=24 maxEntries=16777215
2024-11-12 13:41:24,033 INFO  FSDirectory - GROUP serial map: bits=24 maxEntries=16777215
2024-11-12 13:41:24,033 INFO  FSDirectory - XATTR serial map: bits=24 maxEntries=16777215
2024-11-12 13:41:24,039 INFO  EvoClassLoader - Seeing class for first time: libcore.io.Memory
2024-11-12 13:41:24,039 INFO  EvoClassLoader - Instrumenting class 'libcore.io.Memory'.
2024-11-12 13:41:24,039 INFO  EvoClassLoader - Error while loading class: java.lang.ClassNotFoundException: Class 'libcore/io/Memory.class' should be in target project, but could not be found!
2024-11-12 13:41:24,039 INFO  EvoClassLoader - Seeing class for first time: org.robolectric.Robolectric
2024-11-12 13:41:24,039 INFO  EvoClassLoader - Instrumenting class 'org.robolectric.Robolectric'.
2024-11-12 13:41:24,039 INFO  EvoClassLoader - Error while loading class: java.lang.ClassNotFoundException: Class 'org/robolectric/Robolectric.class' should be in target project, but could not be found!
2024-11-12 13:41:24,041 INFO  EvoClassLoader - Seeing class for first time: org.mockito.configuration.MockitoConfiguration
2024-11-12 13:41:24,041 INFO  EvoClassLoader - Instrumenting class 'org.mockito.configuration.MockitoConfiguration'.
2024-11-12 13:41:24,041 INFO  EvoClassLoader - Error while loading class: java.lang.ClassNotFoundException: Class 'org/mockito/configuration/MockitoConfiguration.class' should be in target project, but could not be found!
2024-11-12 13:41:24,050 INFO  EvoClassLoader - Seeing class for first time: org.apache.hadoop.mapred.JobConf
2024-11-12 13:41:24,050 INFO  EvoClassLoader - Instrumenting class 'org.apache.hadoop.mapred.JobConf'.
2024-11-12 13:41:24,050 INFO  EvoClassLoader - Error while loading class: java.lang.ClassNotFoundException: Class 'org/apache/hadoop/mapred/JobConf.class' should be in target project, but could not be found!
]]></system-out>
  </testcase>
  <testcase name="test22" classname="org.apache.hadoop.hdfs.server.namenode.snapshot.SnapshotDiffInfo_ESTest" time="0.053">
    <system-out><![CDATA[2024-11-12 13:41:24,087 INFO  FSDirectory - GLOBAL serial map: bits=29 maxEntries=536870911
2024-11-12 13:41:24,087 INFO  FSDirectory - USER serial map: bits=24 maxEntries=16777215
2024-11-12 13:41:24,087 INFO  FSDirectory - GROUP serial map: bits=24 maxEntries=16777215
2024-11-12 13:41:24,087 INFO  FSDirectory - XATTR serial map: bits=24 maxEntries=16777215
2024-11-12 13:41:24,094 INFO  EvoClassLoader - Seeing class for first time: libcore.io.Memory
2024-11-12 13:41:24,094 INFO  EvoClassLoader - Instrumenting class 'libcore.io.Memory'.
2024-11-12 13:41:24,094 INFO  EvoClassLoader - Error while loading class: java.lang.ClassNotFoundException: Class 'libcore/io/Memory.class' should be in target project, but could not be found!
2024-11-12 13:41:24,094 INFO  EvoClassLoader - Seeing class for first time: org.robolectric.Robolectric
2024-11-12 13:41:24,094 INFO  EvoClassLoader - Instrumenting class 'org.robolectric.Robolectric'.
2024-11-12 13:41:24,094 INFO  EvoClassLoader - Error while loading class: java.lang.ClassNotFoundException: Class 'org/robolectric/Robolectric.class' should be in target project, but could not be found!
2024-11-12 13:41:24,096 INFO  EvoClassLoader - Seeing class for first time: org.mockito.configuration.MockitoConfiguration
2024-11-12 13:41:24,096 INFO  EvoClassLoader - Instrumenting class 'org.mockito.configuration.MockitoConfiguration'.
2024-11-12 13:41:24,096 INFO  EvoClassLoader - Error while loading class: java.lang.ClassNotFoundException: Class 'org/mockito/configuration/MockitoConfiguration.class' should be in target project, but could not be found!
2024-11-12 13:41:24,103 INFO  EvoClassLoader - Seeing class for first time: org.apache.hadoop.mapred.JobConf
2024-11-12 13:41:24,103 INFO  EvoClassLoader - Instrumenting class 'org.apache.hadoop.mapred.JobConf'.
2024-11-12 13:41:24,103 INFO  EvoClassLoader - Error while loading class: java.lang.ClassNotFoundException: Class 'org/apache/hadoop/mapred/JobConf.class' should be in target project, but could not be found!
]]></system-out>
  </testcase>
  <testcase name="test21" classname="org.apache.hadoop.hdfs.server.namenode.snapshot.SnapshotDiffInfo_ESTest" time="0.053">
    <system-out><![CDATA[2024-11-12 13:41:24,142 INFO  FSDirectory - GLOBAL serial map: bits=29 maxEntries=536870911
2024-11-12 13:41:24,142 INFO  FSDirectory - USER serial map: bits=24 maxEntries=16777215
2024-11-12 13:41:24,142 INFO  FSDirectory - GROUP serial map: bits=24 maxEntries=16777215
2024-11-12 13:41:24,142 INFO  FSDirectory - XATTR serial map: bits=24 maxEntries=16777215
2024-11-12 13:41:24,149 INFO  EvoClassLoader - Seeing class for first time: libcore.io.Memory
2024-11-12 13:41:24,149 INFO  EvoClassLoader - Instrumenting class 'libcore.io.Memory'.
2024-11-12 13:41:24,149 INFO  EvoClassLoader - Error while loading class: java.lang.ClassNotFoundException: Class 'libcore/io/Memory.class' should be in target project, but could not be found!
2024-11-12 13:41:24,149 INFO  EvoClassLoader - Seeing class for first time: org.robolectric.Robolectric
2024-11-12 13:41:24,149 INFO  EvoClassLoader - Instrumenting class 'org.robolectric.Robolectric'.
2024-11-12 13:41:24,149 INFO  EvoClassLoader - Error while loading class: java.lang.ClassNotFoundException: Class 'org/robolectric/Robolectric.class' should be in target project, but could not be found!
2024-11-12 13:41:24,151 INFO  EvoClassLoader - Seeing class for first time: org.mockito.configuration.MockitoConfiguration
2024-11-12 13:41:24,151 INFO  EvoClassLoader - Instrumenting class 'org.mockito.configuration.MockitoConfiguration'.
2024-11-12 13:41:24,151 INFO  EvoClassLoader - Error while loading class: java.lang.ClassNotFoundException: Class 'org/mockito/configuration/MockitoConfiguration.class' should be in target project, but could not be found!
2024-11-12 13:41:24,158 INFO  EvoClassLoader - Seeing class for first time: org.apache.hadoop.mapred.JobConf
2024-11-12 13:41:24,158 INFO  EvoClassLoader - Instrumenting class 'org.apache.hadoop.mapred.JobConf'.
2024-11-12 13:41:24,158 INFO  EvoClassLoader - Error while loading class: java.lang.ClassNotFoundException: Class 'org/apache/hadoop/mapred/JobConf.class' should be in target project, but could not be found!
]]></system-out>
  </testcase>
  <testcase name="test20" classname="org.apache.hadoop.hdfs.server.namenode.snapshot.SnapshotDiffInfo_ESTest" time="0.054">
    <system-out><![CDATA[2024-11-12 13:41:24,195 INFO  FSDirectory - GLOBAL serial map: bits=29 maxEntries=536870911
2024-11-12 13:41:24,195 INFO  FSDirectory - USER serial map: bits=24 maxEntries=16777215
2024-11-12 13:41:24,195 INFO  FSDirectory - GROUP serial map: bits=24 maxEntries=16777215
2024-11-12 13:41:24,195 INFO  FSDirectory - XATTR serial map: bits=24 maxEntries=16777215
2024-11-12 13:41:24,201 INFO  EvoClassLoader - Seeing class for first time: libcore.io.Memory
2024-11-12 13:41:24,201 INFO  EvoClassLoader - Instrumenting class 'libcore.io.Memory'.
2024-11-12 13:41:24,202 INFO  EvoClassLoader - Error while loading class: java.lang.ClassNotFoundException: Class 'libcore/io/Memory.class' should be in target project, but could not be found!
2024-11-12 13:41:24,202 INFO  EvoClassLoader - Seeing class for first time: org.robolectric.Robolectric
2024-11-12 13:41:24,202 INFO  EvoClassLoader - Instrumenting class 'org.robolectric.Robolectric'.
2024-11-12 13:41:24,202 INFO  EvoClassLoader - Error while loading class: java.lang.ClassNotFoundException: Class 'org/robolectric/Robolectric.class' should be in target project, but could not be found!
2024-11-12 13:41:24,204 INFO  EvoClassLoader - Seeing class for first time: org.mockito.configuration.MockitoConfiguration
2024-11-12 13:41:24,204 INFO  EvoClassLoader - Instrumenting class 'org.mockito.configuration.MockitoConfiguration'.
2024-11-12 13:41:24,204 INFO  EvoClassLoader - Error while loading class: java.lang.ClassNotFoundException: Class 'org/mockito/configuration/MockitoConfiguration.class' should be in target project, but could not be found!
2024-11-12 13:41:24,213 INFO  EvoClassLoader - Seeing class for first time: org.apache.hadoop.mapred.JobConf
2024-11-12 13:41:24,213 INFO  EvoClassLoader - Instrumenting class 'org.apache.hadoop.mapred.JobConf'.
2024-11-12 13:41:24,213 INFO  EvoClassLoader - Error while loading class: java.lang.ClassNotFoundException: Class 'org/apache/hadoop/mapred/JobConf.class' should be in target project, but could not be found!
]]></system-out>
  </testcase>
  <testcase name="test05" classname="org.apache.hadoop.hdfs.server.namenode.snapshot.SnapshotDiffInfo_ESTest" time="0.053">
    <system-out><![CDATA[2024-11-12 13:41:24,251 INFO  FSDirectory - GLOBAL serial map: bits=29 maxEntries=536870911
2024-11-12 13:41:24,251 INFO  FSDirectory - USER serial map: bits=24 maxEntries=16777215
2024-11-12 13:41:24,251 INFO  FSDirectory - GROUP serial map: bits=24 maxEntries=16777215
2024-11-12 13:41:24,251 INFO  FSDirectory - XATTR serial map: bits=24 maxEntries=16777215
2024-11-12 13:41:24,257 INFO  EvoClassLoader - Seeing class for first time: libcore.io.Memory
2024-11-12 13:41:24,257 INFO  EvoClassLoader - Instrumenting class 'libcore.io.Memory'.
2024-11-12 13:41:24,257 INFO  EvoClassLoader - Error while loading class: java.lang.ClassNotFoundException: Class 'libcore/io/Memory.class' should be in target project, but could not be found!
2024-11-12 13:41:24,257 INFO  EvoClassLoader - Seeing class for first time: org.robolectric.Robolectric
2024-11-12 13:41:24,257 INFO  EvoClassLoader - Instrumenting class 'org.robolectric.Robolectric'.
2024-11-12 13:41:24,257 INFO  EvoClassLoader - Error while loading class: java.lang.ClassNotFoundException: Class 'org/robolectric/Robolectric.class' should be in target project, but could not be found!
2024-11-12 13:41:24,259 INFO  EvoClassLoader - Seeing class for first time: org.mockito.configuration.MockitoConfiguration
2024-11-12 13:41:24,259 INFO  EvoClassLoader - Instrumenting class 'org.mockito.configuration.MockitoConfiguration'.
2024-11-12 13:41:24,259 INFO  EvoClassLoader - Error while loading class: java.lang.ClassNotFoundException: Class 'org/mockito/configuration/MockitoConfiguration.class' should be in target project, but could not be found!
2024-11-12 13:41:24,267 INFO  EvoClassLoader - Seeing class for first time: org.apache.hadoop.mapred.JobConf
2024-11-12 13:41:24,267 INFO  EvoClassLoader - Instrumenting class 'org.apache.hadoop.mapred.JobConf'.
2024-11-12 13:41:24,268 INFO  EvoClassLoader - Error while loading class: java.lang.ClassNotFoundException: Class 'org/apache/hadoop/mapred/JobConf.class' should be in target project, but could not be found!
]]></system-out>
  </testcase>
  <testcase name="test27" classname="org.apache.hadoop.hdfs.server.namenode.snapshot.SnapshotDiffInfo_ESTest" time="0.05">
    <system-out><![CDATA[2024-11-12 13:41:24,301 INFO  FSDirectory - GLOBAL serial map: bits=29 maxEntries=536870911
2024-11-12 13:41:24,301 INFO  FSDirectory - USER serial map: bits=24 maxEntries=16777215
2024-11-12 13:41:24,301 INFO  FSDirectory - GROUP serial map: bits=24 maxEntries=16777215
2024-11-12 13:41:24,301 INFO  FSDirectory - XATTR serial map: bits=24 maxEntries=16777215
2024-11-12 13:41:24,307 INFO  EvoClassLoader - Seeing class for first time: libcore.io.Memory
2024-11-12 13:41:24,307 INFO  EvoClassLoader - Instrumenting class 'libcore.io.Memory'.
2024-11-12 13:41:24,307 INFO  EvoClassLoader - Error while loading class: java.lang.ClassNotFoundException: Class 'libcore/io/Memory.class' should be in target project, but could not be found!
2024-11-12 13:41:24,307 INFO  EvoClassLoader - Seeing class for first time: org.robolectric.Robolectric
2024-11-12 13:41:24,307 INFO  EvoClassLoader - Instrumenting class 'org.robolectric.Robolectric'.
2024-11-12 13:41:24,307 INFO  EvoClassLoader - Error while loading class: java.lang.ClassNotFoundException: Class 'org/robolectric/Robolectric.class' should be in target project, but could not be found!
2024-11-12 13:41:24,309 INFO  EvoClassLoader - Seeing class for first time: org.mockito.configuration.MockitoConfiguration
2024-11-12 13:41:24,309 INFO  EvoClassLoader - Instrumenting class 'org.mockito.configuration.MockitoConfiguration'.
2024-11-12 13:41:24,309 INFO  EvoClassLoader - Error while loading class: java.lang.ClassNotFoundException: Class 'org/mockito/configuration/MockitoConfiguration.class' should be in target project, but could not be found!
2024-11-12 13:41:24,317 INFO  EvoClassLoader - Seeing class for first time: org.apache.hadoop.mapred.JobConf
2024-11-12 13:41:24,317 INFO  EvoClassLoader - Instrumenting class 'org.apache.hadoop.mapred.JobConf'.
2024-11-12 13:41:24,317 INFO  EvoClassLoader - Error while loading class: java.lang.ClassNotFoundException: Class 'org/apache/hadoop/mapred/JobConf.class' should be in target project, but could not be found!
]]></system-out>
  </testcase>
  <testcase name="test04" classname="org.apache.hadoop.hdfs.server.namenode.snapshot.SnapshotDiffInfo_ESTest" time="0.056">
    <system-out><![CDATA[2024-11-12 13:41:24,353 INFO  FSDirectory - GLOBAL serial map: bits=29 maxEntries=536870911
2024-11-12 13:41:24,353 INFO  FSDirectory - USER serial map: bits=24 maxEntries=16777215
2024-11-12 13:41:24,353 INFO  FSDirectory - GROUP serial map: bits=24 maxEntries=16777215
2024-11-12 13:41:24,353 INFO  FSDirectory - XATTR serial map: bits=24 maxEntries=16777215
2024-11-12 13:41:24,359 INFO  EvoClassLoader - Seeing class for first time: libcore.io.Memory
2024-11-12 13:41:24,359 INFO  EvoClassLoader - Instrumenting class 'libcore.io.Memory'.
2024-11-12 13:41:24,359 INFO  EvoClassLoader - Error while loading class: java.lang.ClassNotFoundException: Class 'libcore/io/Memory.class' should be in target project, but could not be found!
2024-11-12 13:41:24,359 INFO  EvoClassLoader - Seeing class for first time: org.robolectric.Robolectric
2024-11-12 13:41:24,359 INFO  EvoClassLoader - Instrumenting class 'org.robolectric.Robolectric'.
2024-11-12 13:41:24,359 INFO  EvoClassLoader - Error while loading class: java.lang.ClassNotFoundException: Class 'org/robolectric/Robolectric.class' should be in target project, but could not be found!
2024-11-12 13:41:24,361 INFO  EvoClassLoader - Seeing class for first time: org.mockito.configuration.MockitoConfiguration
2024-11-12 13:41:24,361 INFO  EvoClassLoader - Instrumenting class 'org.mockito.configuration.MockitoConfiguration'.
2024-11-12 13:41:24,361 INFO  EvoClassLoader - Error while loading class: java.lang.ClassNotFoundException: Class 'org/mockito/configuration/MockitoConfiguration.class' should be in target project, but could not be found!
2024-11-12 13:41:24,370 INFO  EvoClassLoader - Seeing class for first time: org.apache.hadoop.mapred.JobConf
2024-11-12 13:41:24,370 INFO  EvoClassLoader - Instrumenting class 'org.apache.hadoop.mapred.JobConf'.
2024-11-12 13:41:24,370 INFO  EvoClassLoader - Error while loading class: java.lang.ClassNotFoundException: Class 'org/apache/hadoop/mapred/JobConf.class' should be in target project, but could not be found!
]]></system-out>
  </testcase>
  <testcase name="test26" classname="org.apache.hadoop.hdfs.server.namenode.snapshot.SnapshotDiffInfo_ESTest" time="0.101">
    <system-out><![CDATA[2024-11-12 13:41:24,411 INFO  FSDirectory - GLOBAL serial map: bits=29 maxEntries=536870911
2024-11-12 13:41:24,411 INFO  FSDirectory - USER serial map: bits=24 maxEntries=16777215
2024-11-12 13:41:24,411 INFO  FSDirectory - GROUP serial map: bits=24 maxEntries=16777215
2024-11-12 13:41:24,411 INFO  FSDirectory - XATTR serial map: bits=24 maxEntries=16777215
2024-11-12 13:41:24,425 INFO  EvoClassLoader - Seeing class for first time: libcore.io.Memory
2024-11-12 13:41:24,425 INFO  EvoClassLoader - Instrumenting class 'libcore.io.Memory'.
2024-11-12 13:41:24,425 INFO  EvoClassLoader - Error while loading class: java.lang.ClassNotFoundException: Class 'libcore/io/Memory.class' should be in target project, but could not be found!
2024-11-12 13:41:24,425 INFO  EvoClassLoader - Seeing class for first time: org.robolectric.Robolectric
2024-11-12 13:41:24,425 INFO  EvoClassLoader - Instrumenting class 'org.robolectric.Robolectric'.
2024-11-12 13:41:24,425 INFO  EvoClassLoader - Error while loading class: java.lang.ClassNotFoundException: Class 'org/robolectric/Robolectric.class' should be in target project, but could not be found!
2024-11-12 13:41:24,436 INFO  EvoClassLoader - Seeing class for first time: org.mockito.configuration.MockitoConfiguration
2024-11-12 13:41:24,436 INFO  EvoClassLoader - Instrumenting class 'org.mockito.configuration.MockitoConfiguration'.
2024-11-12 13:41:24,436 INFO  EvoClassLoader - Error while loading class: java.lang.ClassNotFoundException: Class 'org/mockito/configuration/MockitoConfiguration.class' should be in target project, but could not be found!
2024-11-12 13:41:24,458 INFO  EvoClassLoader - Seeing class for first time: org.apache.hadoop.mapred.JobConf
2024-11-12 13:41:24,458 INFO  EvoClassLoader - Instrumenting class 'org.apache.hadoop.mapred.JobConf'.
2024-11-12 13:41:24,458 INFO  EvoClassLoader - Error while loading class: java.lang.ClassNotFoundException: Class 'org/apache/hadoop/mapred/JobConf.class' should be in target project, but could not be found!
]]></system-out>
  </testcase>
  <testcase name="test03" classname="org.apache.hadoop.hdfs.server.namenode.snapshot.SnapshotDiffInfo_ESTest" time="0.057">
    <system-out><![CDATA[2024-11-12 13:41:24,511 INFO  FSDirectory - GLOBAL serial map: bits=29 maxEntries=536870911
2024-11-12 13:41:24,511 INFO  FSDirectory - USER serial map: bits=24 maxEntries=16777215
2024-11-12 13:41:24,511 INFO  FSDirectory - GROUP serial map: bits=24 maxEntries=16777215
2024-11-12 13:41:24,511 INFO  FSDirectory - XATTR serial map: bits=24 maxEntries=16777215
2024-11-12 13:41:24,517 INFO  EvoClassLoader - Seeing class for first time: libcore.io.Memory
2024-11-12 13:41:24,517 INFO  EvoClassLoader - Instrumenting class 'libcore.io.Memory'.
2024-11-12 13:41:24,517 INFO  EvoClassLoader - Error while loading class: java.lang.ClassNotFoundException: Class 'libcore/io/Memory.class' should be in target project, but could not be found!
2024-11-12 13:41:24,517 INFO  EvoClassLoader - Seeing class for first time: org.robolectric.Robolectric
2024-11-12 13:41:24,517 INFO  EvoClassLoader - Instrumenting class 'org.robolectric.Robolectric'.
2024-11-12 13:41:24,517 INFO  EvoClassLoader - Error while loading class: java.lang.ClassNotFoundException: Class 'org/robolectric/Robolectric.class' should be in target project, but could not be found!
2024-11-12 13:41:24,519 INFO  EvoClassLoader - Seeing class for first time: org.mockito.configuration.MockitoConfiguration
2024-11-12 13:41:24,519 INFO  EvoClassLoader - Instrumenting class 'org.mockito.configuration.MockitoConfiguration'.
2024-11-12 13:41:24,519 INFO  EvoClassLoader - Error while loading class: java.lang.ClassNotFoundException: Class 'org/mockito/configuration/MockitoConfiguration.class' should be in target project, but could not be found!
2024-11-12 13:41:24,526 INFO  EvoClassLoader - Seeing class for first time: org.apache.hadoop.mapred.JobConf
2024-11-12 13:41:24,526 INFO  EvoClassLoader - Instrumenting class 'org.apache.hadoop.mapred.JobConf'.
2024-11-12 13:41:24,526 INFO  EvoClassLoader - Error while loading class: java.lang.ClassNotFoundException: Class 'org/apache/hadoop/mapred/JobConf.class' should be in target project, but could not be found!
]]></system-out>
  </testcase>
  <testcase name="test25" classname="org.apache.hadoop.hdfs.server.namenode.snapshot.SnapshotDiffInfo_ESTest" time="0.055">
    <system-out><![CDATA[2024-11-12 13:41:24,569 INFO  FSDirectory - GLOBAL serial map: bits=29 maxEntries=536870911
2024-11-12 13:41:24,569 INFO  FSDirectory - USER serial map: bits=24 maxEntries=16777215
2024-11-12 13:41:24,569 INFO  FSDirectory - GROUP serial map: bits=24 maxEntries=16777215
2024-11-12 13:41:24,569 INFO  FSDirectory - XATTR serial map: bits=24 maxEntries=16777215
2024-11-12 13:41:24,576 INFO  EvoClassLoader - Seeing class for first time: libcore.io.Memory
2024-11-12 13:41:24,576 INFO  EvoClassLoader - Instrumenting class 'libcore.io.Memory'.
2024-11-12 13:41:24,576 INFO  EvoClassLoader - Error while loading class: java.lang.ClassNotFoundException: Class 'libcore/io/Memory.class' should be in target project, but could not be found!
2024-11-12 13:41:24,576 INFO  EvoClassLoader - Seeing class for first time: org.robolectric.Robolectric
2024-11-12 13:41:24,576 INFO  EvoClassLoader - Instrumenting class 'org.robolectric.Robolectric'.
2024-11-12 13:41:24,576 INFO  EvoClassLoader - Error while loading class: java.lang.ClassNotFoundException: Class 'org/robolectric/Robolectric.class' should be in target project, but could not be found!
2024-11-12 13:41:24,578 INFO  EvoClassLoader - Seeing class for first time: org.mockito.configuration.MockitoConfiguration
2024-11-12 13:41:24,578 INFO  EvoClassLoader - Instrumenting class 'org.mockito.configuration.MockitoConfiguration'.
2024-11-12 13:41:24,578 INFO  EvoClassLoader - Error while loading class: java.lang.ClassNotFoundException: Class 'org/mockito/configuration/MockitoConfiguration.class' should be in target project, but could not be found!
2024-11-12 13:41:24,586 INFO  EvoClassLoader - Seeing class for first time: org.apache.hadoop.mapred.JobConf
2024-11-12 13:41:24,586 INFO  EvoClassLoader - Instrumenting class 'org.apache.hadoop.mapred.JobConf'.
2024-11-12 13:41:24,586 INFO  EvoClassLoader - Error while loading class: java.lang.ClassNotFoundException: Class 'org/apache/hadoop/mapred/JobConf.class' should be in target project, but could not be found!
]]></system-out>
  </testcase>
  <testcase name="test02" classname="org.apache.hadoop.hdfs.server.namenode.snapshot.SnapshotDiffInfo_ESTest" time="0.052">
    <system-out><![CDATA[2024-11-12 13:41:24,622 INFO  FSDirectory - GLOBAL serial map: bits=29 maxEntries=536870911
2024-11-12 13:41:24,622 INFO  FSDirectory - USER serial map: bits=24 maxEntries=16777215
2024-11-12 13:41:24,622 INFO  FSDirectory - GROUP serial map: bits=24 maxEntries=16777215
2024-11-12 13:41:24,622 INFO  FSDirectory - XATTR serial map: bits=24 maxEntries=16777215
2024-11-12 13:41:24,630 INFO  EvoClassLoader - Seeing class for first time: libcore.io.Memory
2024-11-12 13:41:24,630 INFO  EvoClassLoader - Instrumenting class 'libcore.io.Memory'.
2024-11-12 13:41:24,630 INFO  EvoClassLoader - Error while loading class: java.lang.ClassNotFoundException: Class 'libcore/io/Memory.class' should be in target project, but could not be found!
2024-11-12 13:41:24,630 INFO  EvoClassLoader - Seeing class for first time: org.robolectric.Robolectric
2024-11-12 13:41:24,630 INFO  EvoClassLoader - Instrumenting class 'org.robolectric.Robolectric'.
2024-11-12 13:41:24,630 INFO  EvoClassLoader - Error while loading class: java.lang.ClassNotFoundException: Class 'org/robolectric/Robolectric.class' should be in target project, but could not be found!
2024-11-12 13:41:24,633 INFO  EvoClassLoader - Seeing class for first time: org.mockito.configuration.MockitoConfiguration
2024-11-12 13:41:24,633 INFO  EvoClassLoader - Instrumenting class 'org.mockito.configuration.MockitoConfiguration'.
2024-11-12 13:41:24,633 INFO  EvoClassLoader - Error while loading class: java.lang.ClassNotFoundException: Class 'org/mockito/configuration/MockitoConfiguration.class' should be in target project, but could not be found!
2024-11-12 13:41:24,640 INFO  EvoClassLoader - Seeing class for first time: org.apache.hadoop.mapred.JobConf
2024-11-12 13:41:24,640 INFO  EvoClassLoader - Instrumenting class 'org.apache.hadoop.mapred.JobConf'.
2024-11-12 13:41:24,640 INFO  EvoClassLoader - Error while loading class: java.lang.ClassNotFoundException: Class 'org/apache/hadoop/mapred/JobConf.class' should be in target project, but could not be found!
]]></system-out>
  </testcase>
  <testcase name="test24" classname="org.apache.hadoop.hdfs.server.namenode.snapshot.SnapshotDiffInfo_ESTest" time="0.053">
    <system-out><![CDATA[2024-11-12 13:41:24,675 INFO  FSDirectory - GLOBAL serial map: bits=29 maxEntries=536870911
2024-11-12 13:41:24,675 INFO  FSDirectory - USER serial map: bits=24 maxEntries=16777215
2024-11-12 13:41:24,675 INFO  FSDirectory - GROUP serial map: bits=24 maxEntries=16777215
2024-11-12 13:41:24,675 INFO  FSDirectory - XATTR serial map: bits=24 maxEntries=16777215
2024-11-12 13:41:24,681 INFO  EvoClassLoader - Seeing class for first time: libcore.io.Memory
2024-11-12 13:41:24,681 INFO  EvoClassLoader - Instrumenting class 'libcore.io.Memory'.
2024-11-12 13:41:24,681 INFO  EvoClassLoader - Error while loading class: java.lang.ClassNotFoundException: Class 'libcore/io/Memory.class' should be in target project, but could not be found!
2024-11-12 13:41:24,681 INFO  EvoClassLoader - Seeing class for first time: org.robolectric.Robolectric
2024-11-12 13:41:24,681 INFO  EvoClassLoader - Instrumenting class 'org.robolectric.Robolectric'.
2024-11-12 13:41:24,681 INFO  EvoClassLoader - Error while loading class: java.lang.ClassNotFoundException: Class 'org/robolectric/Robolectric.class' should be in target project, but could not be found!
2024-11-12 13:41:24,683 INFO  EvoClassLoader - Seeing class for first time: org.mockito.configuration.MockitoConfiguration
2024-11-12 13:41:24,683 INFO  EvoClassLoader - Instrumenting class 'org.mockito.configuration.MockitoConfiguration'.
2024-11-12 13:41:24,683 INFO  EvoClassLoader - Error while loading class: java.lang.ClassNotFoundException: Class 'org/mockito/configuration/MockitoConfiguration.class' should be in target project, but could not be found!
2024-11-12 13:41:24,691 INFO  EvoClassLoader - Seeing class for first time: org.apache.hadoop.mapred.JobConf
2024-11-12 13:41:24,691 INFO  EvoClassLoader - Instrumenting class 'org.apache.hadoop.mapred.JobConf'.
2024-11-12 13:41:24,691 INFO  EvoClassLoader - Error while loading class: java.lang.ClassNotFoundException: Class 'org/apache/hadoop/mapred/JobConf.class' should be in target project, but could not be found!
]]></system-out>
  </testcase>
  <testcase name="test19" classname="org.apache.hadoop.hdfs.server.namenode.snapshot.SnapshotDiffInfo_ESTest" time="0.052">
    <system-out><![CDATA[2024-11-12 13:41:24,727 INFO  FSDirectory - GLOBAL serial map: bits=29 maxEntries=536870911
2024-11-12 13:41:24,727 INFO  FSDirectory - USER serial map: bits=24 maxEntries=16777215
2024-11-12 13:41:24,727 INFO  FSDirectory - GROUP serial map: bits=24 maxEntries=16777215
2024-11-12 13:41:24,727 INFO  FSDirectory - XATTR serial map: bits=24 maxEntries=16777215
2024-11-12 13:41:24,733 INFO  EvoClassLoader - Seeing class for first time: libcore.io.Memory
2024-11-12 13:41:24,733 INFO  EvoClassLoader - Instrumenting class 'libcore.io.Memory'.
2024-11-12 13:41:24,733 INFO  EvoClassLoader - Error while loading class: java.lang.ClassNotFoundException: Class 'libcore/io/Memory.class' should be in target project, but could not be found!
2024-11-12 13:41:24,733 INFO  EvoClassLoader - Seeing class for first time: org.robolectric.Robolectric
2024-11-12 13:41:24,733 INFO  EvoClassLoader - Instrumenting class 'org.robolectric.Robolectric'.
2024-11-12 13:41:24,734 INFO  EvoClassLoader - Error while loading class: java.lang.ClassNotFoundException: Class 'org/robolectric/Robolectric.class' should be in target project, but could not be found!
2024-11-12 13:41:24,735 INFO  EvoClassLoader - Seeing class for first time: org.mockito.configuration.MockitoConfiguration
2024-11-12 13:41:24,735 INFO  EvoClassLoader - Instrumenting class 'org.mockito.configuration.MockitoConfiguration'.
2024-11-12 13:41:24,735 INFO  EvoClassLoader - Error while loading class: java.lang.ClassNotFoundException: Class 'org/mockito/configuration/MockitoConfiguration.class' should be in target project, but could not be found!
2024-11-12 13:41:24,744 INFO  EvoClassLoader - Seeing class for first time: org.apache.hadoop.mapred.JobConf
2024-11-12 13:41:24,744 INFO  EvoClassLoader - Instrumenting class 'org.apache.hadoop.mapred.JobConf'.
2024-11-12 13:41:24,745 INFO  EvoClassLoader - Error while loading class: java.lang.ClassNotFoundException: Class 'org/apache/hadoop/mapred/JobConf.class' should be in target project, but could not be found!
]]></system-out>
  </testcase>
  <testcase name="test18" classname="org.apache.hadoop.hdfs.server.namenode.snapshot.SnapshotDiffInfo_ESTest" time="0.055">
    <system-out><![CDATA[2024-11-12 13:41:24,779 INFO  FSDirectory - GLOBAL serial map: bits=29 maxEntries=536870911
2024-11-12 13:41:24,779 INFO  FSDirectory - USER serial map: bits=24 maxEntries=16777215
2024-11-12 13:41:24,779 INFO  FSDirectory - GROUP serial map: bits=24 maxEntries=16777215
2024-11-12 13:41:24,779 INFO  FSDirectory - XATTR serial map: bits=24 maxEntries=16777215
2024-11-12 13:41:24,786 INFO  EvoClassLoader - Seeing class for first time: libcore.io.Memory
2024-11-12 13:41:24,786 INFO  EvoClassLoader - Instrumenting class 'libcore.io.Memory'.
2024-11-12 13:41:24,786 INFO  EvoClassLoader - Error while loading class: java.lang.ClassNotFoundException: Class 'libcore/io/Memory.class' should be in target project, but could not be found!
2024-11-12 13:41:24,786 INFO  EvoClassLoader - Seeing class for first time: org.robolectric.Robolectric
2024-11-12 13:41:24,786 INFO  EvoClassLoader - Instrumenting class 'org.robolectric.Robolectric'.
2024-11-12 13:41:24,787 INFO  EvoClassLoader - Error while loading class: java.lang.ClassNotFoundException: Class 'org/robolectric/Robolectric.class' should be in target project, but could not be found!
2024-11-12 13:41:24,789 INFO  EvoClassLoader - Seeing class for first time: org.mockito.configuration.MockitoConfiguration
2024-11-12 13:41:24,789 INFO  EvoClassLoader - Instrumenting class 'org.mockito.configuration.MockitoConfiguration'.
2024-11-12 13:41:24,789 INFO  EvoClassLoader - Error while loading class: java.lang.ClassNotFoundException: Class 'org/mockito/configuration/MockitoConfiguration.class' should be in target project, but could not be found!
2024-11-12 13:41:24,796 INFO  EvoClassLoader - Seeing class for first time: org.apache.hadoop.mapred.JobConf
2024-11-12 13:41:24,796 INFO  EvoClassLoader - Instrumenting class 'org.apache.hadoop.mapred.JobConf'.
2024-11-12 13:41:24,796 INFO  EvoClassLoader - Error while loading class: java.lang.ClassNotFoundException: Class 'org/apache/hadoop/mapred/JobConf.class' should be in target project, but could not be found!
]]></system-out>
  </testcase>
  <testcase name="test17" classname="org.apache.hadoop.hdfs.server.namenode.snapshot.SnapshotDiffInfo_ESTest" time="0.054">
    <system-out><![CDATA[2024-11-12 13:41:24,833 INFO  FSDirectory - GLOBAL serial map: bits=29 maxEntries=536870911
2024-11-12 13:41:24,833 INFO  FSDirectory - USER serial map: bits=24 maxEntries=16777215
2024-11-12 13:41:24,833 INFO  FSDirectory - GROUP serial map: bits=24 maxEntries=16777215
2024-11-12 13:41:24,833 INFO  FSDirectory - XATTR serial map: bits=24 maxEntries=16777215
2024-11-12 13:41:24,840 INFO  EvoClassLoader - Seeing class for first time: libcore.io.Memory
2024-11-12 13:41:24,840 INFO  EvoClassLoader - Instrumenting class 'libcore.io.Memory'.
2024-11-12 13:41:24,841 INFO  EvoClassLoader - Error while loading class: java.lang.ClassNotFoundException: Class 'libcore/io/Memory.class' should be in target project, but could not be found!
2024-11-12 13:41:24,841 INFO  EvoClassLoader - Seeing class for first time: org.robolectric.Robolectric
2024-11-12 13:41:24,841 INFO  EvoClassLoader - Instrumenting class 'org.robolectric.Robolectric'.
2024-11-12 13:41:24,841 INFO  EvoClassLoader - Error while loading class: java.lang.ClassNotFoundException: Class 'org/robolectric/Robolectric.class' should be in target project, but could not be found!
2024-11-12 13:41:24,842 INFO  EvoClassLoader - Seeing class for first time: org.mockito.configuration.MockitoConfiguration
2024-11-12 13:41:24,842 INFO  EvoClassLoader - Instrumenting class 'org.mockito.configuration.MockitoConfiguration'.
2024-11-12 13:41:24,842 INFO  EvoClassLoader - Error while loading class: java.lang.ClassNotFoundException: Class 'org/mockito/configuration/MockitoConfiguration.class' should be in target project, but could not be found!
2024-11-12 13:41:24,850 INFO  EvoClassLoader - Seeing class for first time: org.apache.hadoop.mapred.JobConf
2024-11-12 13:41:24,850 INFO  EvoClassLoader - Instrumenting class 'org.apache.hadoop.mapred.JobConf'.
2024-11-12 13:41:24,851 INFO  EvoClassLoader - Error while loading class: java.lang.ClassNotFoundException: Class 'org/apache/hadoop/mapred/JobConf.class' should be in target project, but could not be found!
]]></system-out>
  </testcase>
  <testcase name="test12" classname="org.apache.hadoop.hdfs.server.namenode.snapshot.SnapshotDiffInfo_ESTest" time="0.061">
    <system-out><![CDATA[2024-11-12 13:41:24,889 INFO  FSDirectory - GLOBAL serial map: bits=29 maxEntries=536870911
2024-11-12 13:41:24,889 INFO  FSDirectory - USER serial map: bits=24 maxEntries=16777215
2024-11-12 13:41:24,889 INFO  FSDirectory - GROUP serial map: bits=24 maxEntries=16777215
2024-11-12 13:41:24,889 INFO  FSDirectory - XATTR serial map: bits=24 maxEntries=16777215
2024-11-12 13:41:24,897 INFO  EvoClassLoader - Seeing class for first time: libcore.io.Memory
2024-11-12 13:41:24,897 INFO  EvoClassLoader - Instrumenting class 'libcore.io.Memory'.
2024-11-12 13:41:24,897 INFO  EvoClassLoader - Error while loading class: java.lang.ClassNotFoundException: Class 'libcore/io/Memory.class' should be in target project, but could not be found!
2024-11-12 13:41:24,897 INFO  EvoClassLoader - Seeing class for first time: org.robolectric.Robolectric
2024-11-12 13:41:24,897 INFO  EvoClassLoader - Instrumenting class 'org.robolectric.Robolectric'.
2024-11-12 13:41:24,897 INFO  EvoClassLoader - Error while loading class: java.lang.ClassNotFoundException: Class 'org/robolectric/Robolectric.class' should be in target project, but could not be found!
2024-11-12 13:41:24,899 INFO  EvoClassLoader - Seeing class for first time: org.mockito.configuration.MockitoConfiguration
2024-11-12 13:41:24,899 INFO  EvoClassLoader - Instrumenting class 'org.mockito.configuration.MockitoConfiguration'.
2024-11-12 13:41:24,900 INFO  EvoClassLoader - Error while loading class: java.lang.ClassNotFoundException: Class 'org/mockito/configuration/MockitoConfiguration.class' should be in target project, but could not be found!
2024-11-12 13:41:24,909 INFO  EvoClassLoader - Seeing class for first time: org.apache.hadoop.mapred.JobConf
2024-11-12 13:41:24,909 INFO  EvoClassLoader - Instrumenting class 'org.apache.hadoop.mapred.JobConf'.
2024-11-12 13:41:24,910 INFO  EvoClassLoader - Error while loading class: java.lang.ClassNotFoundException: Class 'org/apache/hadoop/mapred/JobConf.class' should be in target project, but could not be found!
]]></system-out>
  </testcase>
  <testcase name="test11" classname="org.apache.hadoop.hdfs.server.namenode.snapshot.SnapshotDiffInfo_ESTest" time="0.062">
    <system-out><![CDATA[2024-11-12 13:41:24,950 INFO  FSDirectory - GLOBAL serial map: bits=29 maxEntries=536870911
2024-11-12 13:41:24,950 INFO  FSDirectory - USER serial map: bits=24 maxEntries=16777215
2024-11-12 13:41:24,950 INFO  FSDirectory - GROUP serial map: bits=24 maxEntries=16777215
2024-11-12 13:41:24,950 INFO  FSDirectory - XATTR serial map: bits=24 maxEntries=16777215
2024-11-12 13:41:24,957 INFO  EvoClassLoader - Seeing class for first time: libcore.io.Memory
2024-11-12 13:41:24,957 INFO  EvoClassLoader - Instrumenting class 'libcore.io.Memory'.
2024-11-12 13:41:24,957 INFO  EvoClassLoader - Error while loading class: java.lang.ClassNotFoundException: Class 'libcore/io/Memory.class' should be in target project, but could not be found!
2024-11-12 13:41:24,957 INFO  EvoClassLoader - Seeing class for first time: org.robolectric.Robolectric
2024-11-12 13:41:24,957 INFO  EvoClassLoader - Instrumenting class 'org.robolectric.Robolectric'.
2024-11-12 13:41:24,957 INFO  EvoClassLoader - Error while loading class: java.lang.ClassNotFoundException: Class 'org/robolectric/Robolectric.class' should be in target project, but could not be found!
2024-11-12 13:41:24,960 INFO  EvoClassLoader - Seeing class for first time: org.mockito.configuration.MockitoConfiguration
2024-11-12 13:41:24,960 INFO  EvoClassLoader - Instrumenting class 'org.mockito.configuration.MockitoConfiguration'.
2024-11-12 13:41:24,960 INFO  EvoClassLoader - Error while loading class: java.lang.ClassNotFoundException: Class 'org/mockito/configuration/MockitoConfiguration.class' should be in target project, but could not be found!
2024-11-12 13:41:24,968 INFO  EvoClassLoader - Seeing class for first time: org.apache.hadoop.mapred.JobConf
2024-11-12 13:41:24,968 INFO  EvoClassLoader - Instrumenting class 'org.apache.hadoop.mapred.JobConf'.
2024-11-12 13:41:24,968 INFO  EvoClassLoader - Error while loading class: java.lang.ClassNotFoundException: Class 'org/apache/hadoop/mapred/JobConf.class' should be in target project, but could not be found!
]]></system-out>
  </testcase>
  <testcase name="test10" classname="org.apache.hadoop.hdfs.server.namenode.snapshot.SnapshotDiffInfo_ESTest" time="0.06">
    <system-out><![CDATA[2024-11-12 13:41:25,012 INFO  FSDirectory - GLOBAL serial map: bits=29 maxEntries=536870911
2024-11-12 13:41:25,012 INFO  FSDirectory - USER serial map: bits=24 maxEntries=16777215
2024-11-12 13:41:25,012 INFO  FSDirectory - GROUP serial map: bits=24 maxEntries=16777215
2024-11-12 13:41:25,012 INFO  FSDirectory - XATTR serial map: bits=24 maxEntries=16777215
2024-11-12 13:41:25,018 INFO  EvoClassLoader - Seeing class for first time: libcore.io.Memory
2024-11-12 13:41:25,019 INFO  EvoClassLoader - Instrumenting class 'libcore.io.Memory'.
2024-11-12 13:41:25,019 INFO  EvoClassLoader - Error while loading class: java.lang.ClassNotFoundException: Class 'libcore/io/Memory.class' should be in target project, but could not be found!
2024-11-12 13:41:25,019 INFO  EvoClassLoader - Seeing class for first time: org.robolectric.Robolectric
2024-11-12 13:41:25,019 INFO  EvoClassLoader - Instrumenting class 'org.robolectric.Robolectric'.
2024-11-12 13:41:25,019 INFO  EvoClassLoader - Error while loading class: java.lang.ClassNotFoundException: Class 'org/robolectric/Robolectric.class' should be in target project, but could not be found!
2024-11-12 13:41:25,021 INFO  EvoClassLoader - Seeing class for first time: org.mockito.configuration.MockitoConfiguration
2024-11-12 13:41:25,021 INFO  EvoClassLoader - Instrumenting class 'org.mockito.configuration.MockitoConfiguration'.
2024-11-12 13:41:25,021 INFO  EvoClassLoader - Error while loading class: java.lang.ClassNotFoundException: Class 'org/mockito/configuration/MockitoConfiguration.class' should be in target project, but could not be found!
2024-11-12 13:41:25,030 INFO  EvoClassLoader - Seeing class for first time: org.apache.hadoop.mapred.JobConf
2024-11-12 13:41:25,030 INFO  EvoClassLoader - Instrumenting class 'org.apache.hadoop.mapred.JobConf'.
2024-11-12 13:41:25,030 INFO  EvoClassLoader - Error while loading class: java.lang.ClassNotFoundException: Class 'org/apache/hadoop/mapred/JobConf.class' should be in target project, but could not be found!
]]></system-out>
  </testcase>
  <testcase name="test16" classname="org.apache.hadoop.hdfs.server.namenode.snapshot.SnapshotDiffInfo_ESTest" time="0.058">
    <system-out><![CDATA[2024-11-12 13:41:25,071 INFO  FSDirectory - GLOBAL serial map: bits=29 maxEntries=536870911
2024-11-12 13:41:25,071 INFO  FSDirectory - USER serial map: bits=24 maxEntries=16777215
2024-11-12 13:41:25,071 INFO  FSDirectory - GROUP serial map: bits=24 maxEntries=16777215
2024-11-12 13:41:25,071 INFO  FSDirectory - XATTR serial map: bits=24 maxEntries=16777215
2024-11-12 13:41:25,078 INFO  EvoClassLoader - Seeing class for first time: libcore.io.Memory
2024-11-12 13:41:25,078 INFO  EvoClassLoader - Instrumenting class 'libcore.io.Memory'.
2024-11-12 13:41:25,078 INFO  EvoClassLoader - Error while loading class: java.lang.ClassNotFoundException: Class 'libcore/io/Memory.class' should be in target project, but could not be found!
2024-11-12 13:41:25,078 INFO  EvoClassLoader - Seeing class for first time: org.robolectric.Robolectric
2024-11-12 13:41:25,078 INFO  EvoClassLoader - Instrumenting class 'org.robolectric.Robolectric'.
2024-11-12 13:41:25,079 INFO  EvoClassLoader - Error while loading class: java.lang.ClassNotFoundException: Class 'org/robolectric/Robolectric.class' should be in target project, but could not be found!
2024-11-12 13:41:25,081 INFO  EvoClassLoader - Seeing class for first time: org.mockito.configuration.MockitoConfiguration
2024-11-12 13:41:25,081 INFO  EvoClassLoader - Instrumenting class 'org.mockito.configuration.MockitoConfiguration'.
2024-11-12 13:41:25,082 INFO  EvoClassLoader - Error while loading class: java.lang.ClassNotFoundException: Class 'org/mockito/configuration/MockitoConfiguration.class' should be in target project, but could not be found!
2024-11-12 13:41:25,092 INFO  EvoClassLoader - Seeing class for first time: org.apache.hadoop.mapred.JobConf
2024-11-12 13:41:25,092 INFO  EvoClassLoader - Instrumenting class 'org.apache.hadoop.mapred.JobConf'.
2024-11-12 13:41:25,092 INFO  EvoClassLoader - Error while loading class: java.lang.ClassNotFoundException: Class 'org/apache/hadoop/mapred/JobConf.class' should be in target project, but could not be found!
]]></system-out>
  </testcase>
  <testcase name="test15" classname="org.apache.hadoop.hdfs.server.namenode.snapshot.SnapshotDiffInfo_ESTest" time="0.074">
    <system-out><![CDATA[2024-11-12 13:41:25,130 INFO  FSDirectory - GLOBAL serial map: bits=29 maxEntries=536870911
2024-11-12 13:41:25,130 INFO  FSDirectory - USER serial map: bits=24 maxEntries=16777215
2024-11-12 13:41:25,130 INFO  FSDirectory - GROUP serial map: bits=24 maxEntries=16777215
2024-11-12 13:41:25,130 INFO  FSDirectory - XATTR serial map: bits=24 maxEntries=16777215
2024-11-12 13:41:25,136 INFO  EvoClassLoader - Seeing class for first time: libcore.io.Memory
2024-11-12 13:41:25,136 INFO  EvoClassLoader - Instrumenting class 'libcore.io.Memory'.
2024-11-12 13:41:25,137 INFO  EvoClassLoader - Error while loading class: java.lang.ClassNotFoundException: Class 'libcore/io/Memory.class' should be in target project, but could not be found!
2024-11-12 13:41:25,137 INFO  EvoClassLoader - Seeing class for first time: org.robolectric.Robolectric
2024-11-12 13:41:25,137 INFO  EvoClassLoader - Instrumenting class 'org.robolectric.Robolectric'.
2024-11-12 13:41:25,137 INFO  EvoClassLoader - Error while loading class: java.lang.ClassNotFoundException: Class 'org/robolectric/Robolectric.class' should be in target project, but could not be found!
2024-11-12 13:41:25,139 INFO  EvoClassLoader - Seeing class for first time: org.mockito.configuration.MockitoConfiguration
2024-11-12 13:41:25,139 INFO  EvoClassLoader - Instrumenting class 'org.mockito.configuration.MockitoConfiguration'.
2024-11-12 13:41:25,140 INFO  EvoClassLoader - Error while loading class: java.lang.ClassNotFoundException: Class 'org/mockito/configuration/MockitoConfiguration.class' should be in target project, but could not be found!
2024-11-12 13:41:25,169 INFO  EvoClassLoader - Seeing class for first time: org.apache.hadoop.mapred.JobConf
2024-11-12 13:41:25,169 INFO  EvoClassLoader - Instrumenting class 'org.apache.hadoop.mapred.JobConf'.
2024-11-12 13:41:25,170 INFO  EvoClassLoader - Error while loading class: java.lang.ClassNotFoundException: Class 'org/apache/hadoop/mapred/JobConf.class' should be in target project, but could not be found!
]]></system-out>
  </testcase>
  <testcase name="test14" classname="org.apache.hadoop.hdfs.server.namenode.snapshot.SnapshotDiffInfo_ESTest" time="0.048">
    <system-out><![CDATA[2024-11-12 13:41:25,204 INFO  FSDirectory - GLOBAL serial map: bits=29 maxEntries=536870911
2024-11-12 13:41:25,204 INFO  FSDirectory - USER serial map: bits=24 maxEntries=16777215
2024-11-12 13:41:25,204 INFO  FSDirectory - GROUP serial map: bits=24 maxEntries=16777215
2024-11-12 13:41:25,204 INFO  FSDirectory - XATTR serial map: bits=24 maxEntries=16777215
2024-11-12 13:41:25,210 INFO  EvoClassLoader - Seeing class for first time: libcore.io.Memory
2024-11-12 13:41:25,210 INFO  EvoClassLoader - Instrumenting class 'libcore.io.Memory'.
2024-11-12 13:41:25,210 INFO  EvoClassLoader - Error while loading class: java.lang.ClassNotFoundException: Class 'libcore/io/Memory.class' should be in target project, but could not be found!
2024-11-12 13:41:25,210 INFO  EvoClassLoader - Seeing class for first time: org.robolectric.Robolectric
2024-11-12 13:41:25,210 INFO  EvoClassLoader - Instrumenting class 'org.robolectric.Robolectric'.
2024-11-12 13:41:25,210 INFO  EvoClassLoader - Error while loading class: java.lang.ClassNotFoundException: Class 'org/robolectric/Robolectric.class' should be in target project, but could not be found!
2024-11-12 13:41:25,212 INFO  EvoClassLoader - Seeing class for first time: org.mockito.configuration.MockitoConfiguration
2024-11-12 13:41:25,212 INFO  EvoClassLoader - Instrumenting class 'org.mockito.configuration.MockitoConfiguration'.
2024-11-12 13:41:25,212 INFO  EvoClassLoader - Error while loading class: java.lang.ClassNotFoundException: Class 'org/mockito/configuration/MockitoConfiguration.class' should be in target project, but could not be found!
2024-11-12 13:41:25,218 INFO  EvoClassLoader - Seeing class for first time: org.apache.hadoop.mapred.JobConf
2024-11-12 13:41:25,218 INFO  EvoClassLoader - Instrumenting class 'org.apache.hadoop.mapred.JobConf'.
2024-11-12 13:41:25,218 INFO  EvoClassLoader - Error while loading class: java.lang.ClassNotFoundException: Class 'org/apache/hadoop/mapred/JobConf.class' should be in target project, but could not be found!
]]></system-out>
  </testcase>
  <testcase name="test13" classname="org.apache.hadoop.hdfs.server.namenode.snapshot.SnapshotDiffInfo_ESTest" time="0.053">
    <system-out><![CDATA[2024-11-12 13:41:25,252 INFO  FSDirectory - GLOBAL serial map: bits=29 maxEntries=536870911
2024-11-12 13:41:25,252 INFO  FSDirectory - USER serial map: bits=24 maxEntries=16777215
2024-11-12 13:41:25,252 INFO  FSDirectory - GROUP serial map: bits=24 maxEntries=16777215
2024-11-12 13:41:25,252 INFO  FSDirectory - XATTR serial map: bits=24 maxEntries=16777215
2024-11-12 13:41:25,258 INFO  EvoClassLoader - Seeing class for first time: libcore.io.Memory
2024-11-12 13:41:25,258 INFO  EvoClassLoader - Instrumenting class 'libcore.io.Memory'.
2024-11-12 13:41:25,258 INFO  EvoClassLoader - Error while loading class: java.lang.ClassNotFoundException: Class 'libcore/io/Memory.class' should be in target project, but could not be found!
2024-11-12 13:41:25,258 INFO  EvoClassLoader - Seeing class for first time: org.robolectric.Robolectric
2024-11-12 13:41:25,258 INFO  EvoClassLoader - Instrumenting class 'org.robolectric.Robolectric'.
2024-11-12 13:41:25,258 INFO  EvoClassLoader - Error while loading class: java.lang.ClassNotFoundException: Class 'org/robolectric/Robolectric.class' should be in target project, but could not be found!
2024-11-12 13:41:25,260 INFO  EvoClassLoader - Seeing class for first time: org.mockito.configuration.MockitoConfiguration
2024-11-12 13:41:25,260 INFO  EvoClassLoader - Instrumenting class 'org.mockito.configuration.MockitoConfiguration'.
2024-11-12 13:41:25,260 INFO  EvoClassLoader - Error while loading class: java.lang.ClassNotFoundException: Class 'org/mockito/configuration/MockitoConfiguration.class' should be in target project, but could not be found!
2024-11-12 13:41:25,268 INFO  EvoClassLoader - Seeing class for first time: org.apache.hadoop.mapred.JobConf
2024-11-12 13:41:25,268 INFO  EvoClassLoader - Instrumenting class 'org.apache.hadoop.mapred.JobConf'.
2024-11-12 13:41:25,268 INFO  EvoClassLoader - Error while loading class: java.lang.ClassNotFoundException: Class 'org/apache/hadoop/mapred/JobConf.class' should be in target project, but could not be found!
]]></system-out>
  </testcase>
  <testcase name="test30" classname="org.apache.hadoop.hdfs.server.namenode.snapshot.SnapshotDiffInfo_ESTest" time="0.052">
    <system-out><![CDATA[2024-11-12 13:41:25,305 INFO  FSDirectory - GLOBAL serial map: bits=29 maxEntries=536870911
2024-11-12 13:41:25,305 INFO  FSDirectory - USER serial map: bits=24 maxEntries=16777215
2024-11-12 13:41:25,305 INFO  FSDirectory - GROUP serial map: bits=24 maxEntries=16777215
2024-11-12 13:41:25,305 INFO  FSDirectory - XATTR serial map: bits=24 maxEntries=16777215
2024-11-12 13:41:25,311 INFO  EvoClassLoader - Seeing class for first time: libcore.io.Memory
2024-11-12 13:41:25,311 INFO  EvoClassLoader - Instrumenting class 'libcore.io.Memory'.
2024-11-12 13:41:25,312 INFO  EvoClassLoader - Error while loading class: java.lang.ClassNotFoundException: Class 'libcore/io/Memory.class' should be in target project, but could not be found!
2024-11-12 13:41:25,312 INFO  EvoClassLoader - Seeing class for first time: org.robolectric.Robolectric
2024-11-12 13:41:25,312 INFO  EvoClassLoader - Instrumenting class 'org.robolectric.Robolectric'.
2024-11-12 13:41:25,312 INFO  EvoClassLoader - Error while loading class: java.lang.ClassNotFoundException: Class 'org/robolectric/Robolectric.class' should be in target project, but could not be found!
2024-11-12 13:41:25,313 INFO  EvoClassLoader - Seeing class for first time: org.mockito.configuration.MockitoConfiguration
2024-11-12 13:41:25,313 INFO  EvoClassLoader - Instrumenting class 'org.mockito.configuration.MockitoConfiguration'.
2024-11-12 13:41:25,314 INFO  EvoClassLoader - Error while loading class: java.lang.ClassNotFoundException: Class 'org/mockito/configuration/MockitoConfiguration.class' should be in target project, but could not be found!
2024-11-12 13:41:25,321 INFO  EvoClassLoader - Seeing class for first time: org.apache.hadoop.mapred.JobConf
2024-11-12 13:41:25,321 INFO  EvoClassLoader - Instrumenting class 'org.apache.hadoop.mapred.JobConf'.
2024-11-12 13:41:25,321 INFO  EvoClassLoader - Error while loading class: java.lang.ClassNotFoundException: Class 'org/apache/hadoop/mapred/JobConf.class' should be in target project, but could not be found!
]]></system-out>
  </testcase>
</testsuite>