<?xml version="1.0" encoding="UTF-8"?>
<testsuite xmlns:xsi="http://www.w3.org/2001/XMLSchema-instance" xsi:noNamespaceSchemaLocation="https://maven.apache.org/surefire/maven-surefire-plugin/xsd/surefire-test-report-3.0.xsd" version="3.0" name="org.apache.hadoop.hdfs.server.namenode.snapshot.DirectorySnapshottableFeature_ESTest" time="7.146" tests="40" errors="0" skipped="0" failures="0">
  <properties>
    <property name="awt.toolkit" value="sun.awt.X11.XToolkit"/>
    <property name="file.encoding.pkg" value="sun.io"/>
    <property name="java.specification.version" value="1.8"/>
    <property name="sun.cpu.isalist" value=""/>
    <property name="sun.jnu.encoding" value="UTF-8"/>
    <property name="java.class.path" value="/home/wtwhite/code/regression-test-generation-NON-SOURCE-EQUIV/find-diff-classes/compile/gaoss/org/apache/hadoop/hadoop-hdfs/3.3.5/target/test-classes:/home/wtwhite/code/regression-test-generation-NON-SOURCE-EQUIV/find-diff-classes/compile/gaoss/org/apache/hadoop/hadoop-hdfs/3.3.5/target/classes:/home/wtwhite/code/craw-redhat-oss/wget/crawl/google-aoss/org/apache/hadoop/hadoop-hdfs/3.3.5/hadoop-hdfs-3.3.5.jar:/home/wtwhite/code/regression-test-generation-NON-SOURCE-EQUIV/find-diff-classes/compile/gaoss/org/apache/hadoop/hadoop-hdfs/3.3.5/t/dependency/AppleJavaExtensions-1.4.jar:/home/wtwhite/code/regression-test-generation-NON-SOURCE-EQUIV/find-diff-classes/compile/gaoss/org/apache/hadoop/hadoop-hdfs/3.3.5/t/dependency/accessors-smart-2.4.7.jar:/home/wtwhite/code/regression-test-generation-NON-SOURCE-EQUIV/find-diff-classes/compile/gaoss/org/apache/hadoop/hadoop-hdfs/3.3.5/t/dependency/animal-sniffer-annotations-1.17.jar:/home/wtwhite/code/regression-test-generation-NON-SOURCE-EQUIV/find-diff-classes/compile/gaoss/org/apache/hadoop/hadoop-hdfs/3.3.5/t/dependency/asm-5.0.4.jar:/home/wtwhite/code/regression-test-generation-NON-SOURCE-EQUIV/find-diff-classes/compile/gaoss/org/apache/hadoop/hadoop-hdfs/3.3.5/t/dependency/asm-commons-5.0.2.jar:/home/wtwhite/code/regression-test-generation-NON-SOURCE-EQUIV/find-diff-classes/compile/gaoss/org/apache/hadoop/hadoop-hdfs/3.3.5/t/dependency/asm-debug-all-5.0.2.jar:/home/wtwhite/code/regression-test-generation-NON-SOURCE-EQUIV/find-diff-classes/compile/gaoss/org/apache/hadoop/hadoop-hdfs/3.3.5/t/dependency/asm-tree-5.0.2.jar:/home/wtwhite/code/regression-test-generation-NON-SOURCE-EQUIV/find-diff-classes/compile/gaoss/org/apache/hadoop/hadoop-hdfs/3.3.5/t/dependency/assertj-core-3.12.2.jar:/home/wtwhite/code/regression-test-generation-NON-SOURCE-EQUIV/find-diff-classes/compile/gaoss/org/apache/hadoop/hadoop-hdfs/3.3.5/t/dependency/audience-annotations-0.5.0.jar:/home/wtwhite/code/regression-test-generation-NON-SOURCE-EQUIV/find-diff-classes/compile/gaoss/org/apache/hadoop/hadoop-hdfs/3.3.5/t/dependency/avro-1.7.7.jar:/home/wtwhite/code/regression-test-generation-NON-SOURCE-EQUIV/find-diff-classes/compile/gaoss/org/apache/hadoop/hadoop-hdfs/3.3.5/t/dependency/bcel-findbugs-6.0.jar:/home/wtwhite/code/regression-test-generation-NON-SOURCE-EQUIV/find-diff-classes/compile/gaoss/org/apache/hadoop/hadoop-hdfs/3.3.5/t/dependency/bcprov-jdk15on-1.68.jar:/home/wtwhite/code/regression-test-generation-NON-SOURCE-EQUIV/find-diff-classes/compile/gaoss/org/apache/hadoop/hadoop-hdfs/3.3.5/t/dependency/byte-buddy-1.9.10.jar:/home/wtwhite/code/regression-test-generation-NON-SOURCE-EQUIV/find-diff-classes/compile/gaoss/org/apache/hadoop/hadoop-hdfs/3.3.5/t/dependency/byte-buddy-agent-1.9.10.jar:/home/wtwhite/code/regression-test-generation-NON-SOURCE-EQUIV/find-diff-classes/compile/gaoss/org/apache/hadoop/hadoop-hdfs/3.3.5/t/dependency/checker-qual-2.5.2.jar:/home/wtwhite/code/regression-test-generation-NON-SOURCE-EQUIV/find-diff-classes/compile/gaoss/org/apache/hadoop/hadoop-hdfs/3.3.5/t/dependency/commons-beanutils-1.9.4.jar:/home/wtwhite/code/regression-test-generation-NON-SOURCE-EQUIV/find-diff-classes/compile/gaoss/org/apache/hadoop/hadoop-hdfs/3.3.5/t/dependency/commons-cli-1.2.jar:/home/wtwhite/code/regression-test-generation-NON-SOURCE-EQUIV/find-diff-classes/compile/gaoss/org/apache/hadoop/hadoop-hdfs/3.3.5/t/dependency/commons-codec-1.15.jar:/home/wtwhite/code/regression-test-generation-NON-SOURCE-EQUIV/find-diff-classes/compile/gaoss/org/apache/hadoop/hadoop-hdfs/3.3.5/t/dependency/commons-collections-3.2.2.jar:/home/wtwhite/code/regression-test-generation-NON-SOURCE-EQUIV/find-diff-classes/compile/gaoss/org/apache/hadoop/hadoop-hdfs/3.3.5/t/dependency/commons-compress-1.21.jar:/home/wtwhite/code/regression-test-generation-NON-SOURCE-EQUIV/find-diff-classes/compile/gaoss/org/apache/hadoop/hadoop-hdfs/3.3.5/t/dependency/commons-configuration2-2.8.0.jar:/home/wtwhite/code/regression-test-generation-NON-SOURCE-EQUIV/find-diff-classes/compile/gaoss/org/apache/hadoop/hadoop-hdfs/3.3.5/t/dependency/commons-daemon-1.0.13.jar:/home/wtwhite/code/regression-test-generation-NON-SOURCE-EQUIV/find-diff-classes/compile/gaoss/org/apache/hadoop/hadoop-hdfs/3.3.5/t/dependency/commons-io-2.8.0.jar:/home/wtwhite/code/regression-test-generation-NON-SOURCE-EQUIV/find-diff-classes/compile/gaoss/org/apache/hadoop/hadoop-hdfs/3.3.5/t/dependency/commons-lang-2.6.jar:/home/wtwhite/code/regression-test-generation-NON-SOURCE-EQUIV/find-diff-classes/compile/gaoss/org/apache/hadoop/hadoop-hdfs/3.3.5/t/dependency/commons-lang3-3.12.0.jar:/home/wtwhite/code/regression-test-generation-NON-SOURCE-EQUIV/find-diff-classes/compile/gaoss/org/apache/hadoop/hadoop-hdfs/3.3.5/t/dependency/commons-logging-1.1.3.jar:/home/wtwhite/code/regression-test-generation-NON-SOURCE-EQUIV/find-diff-classes/compile/gaoss/org/apache/hadoop/hadoop-hdfs/3.3.5/t/dependency/commons-math3-3.1.1.jar:/home/wtwhite/code/regression-test-generation-NON-SOURCE-EQUIV/find-diff-classes/compile/gaoss/org/apache/hadoop/hadoop-hdfs/3.3.5/t/dependency/commons-net-3.9.0.jar:/home/wtwhite/code/regression-test-generation-NON-SOURCE-EQUIV/find-diff-classes/compile/gaoss/org/apache/hadoop/hadoop-hdfs/3.3.5/t/dependency/commons-text-1.10.0.jar:/home/wtwhite/code/regression-test-generation-NON-SOURCE-EQUIV/find-diff-classes/compile/gaoss/org/apache/hadoop/hadoop-hdfs/3.3.5/t/dependency/curator-client-4.2.0.jar:/home/wtwhite/code/regression-test-generation-NON-SOURCE-EQUIV/find-diff-classes/compile/gaoss/org/apache/hadoop/hadoop-hdfs/3.3.5/t/dependency/curator-framework-4.2.0.jar:/home/wtwhite/code/regression-test-generation-NON-SOURCE-EQUIV/find-diff-classes/compile/gaoss/org/apache/hadoop/hadoop-hdfs/3.3.5/t/dependency/curator-recipes-4.2.0.jar:/home/wtwhite/code/regression-test-generation-NON-SOURCE-EQUIV/find-diff-classes/compile/gaoss/org/apache/hadoop/hadoop-hdfs/3.3.5/t/dependency/curator-test-4.2.0.jar:/home/wtwhite/code/regression-test-generation-NON-SOURCE-EQUIV/find-diff-classes/compile/gaoss/org/apache/hadoop/hadoop-hdfs/3.3.5/t/dependency/dnsjava-2.1.7.jar:/home/wtwhite/code/regression-test-generation-NON-SOURCE-EQUIV/find-diff-classes/compile/gaoss/org/apache/hadoop/hadoop-hdfs/3.3.5/t/dependency/dom4j-1.6.1.jar:/home/wtwhite/code/regression-test-generation-NON-SOURCE-EQUIV/find-diff-classes/compile/gaoss/org/apache/hadoop/hadoop-hdfs/3.3.5/t/dependency/failureaccess-1.0.jar:/home/wtwhite/code/regression-test-generation-NON-SOURCE-EQUIV/find-diff-classes/compile/gaoss/org/apache/hadoop/hadoop-hdfs/3.3.5/t/dependency/findbugs-3.0.1.jar:/home/wtwhite/code/regression-test-generation-NON-SOURCE-EQUIV/find-diff-classes/compile/gaoss/org/apache/hadoop/hadoop-hdfs/3.3.5/t/dependency/gson-2.9.0.jar:/home/wtwhite/code/regression-test-generation-NON-SOURCE-EQUIV/find-diff-classes/compile/gaoss/org/apache/hadoop/hadoop-hdfs/3.3.5/t/dependency/guava-27.0-jre.jar:/home/wtwhite/code/regression-test-generation-NON-SOURCE-EQUIV/find-diff-classes/compile/gaoss/org/apache/hadoop/hadoop-hdfs/3.3.5/t/dependency/hadoop-annotations-3.3.5.jar:/home/wtwhite/code/regression-test-generation-NON-SOURCE-EQUIV/find-diff-classes/compile/gaoss/org/apache/hadoop/hadoop-hdfs/3.3.5/t/dependency/hadoop-auth-3.3.5.jar:/home/wtwhite/code/regression-test-generation-NON-SOURCE-EQUIV/find-diff-classes/compile/gaoss/org/apache/hadoop/hadoop-hdfs/3.3.5/t/dependency/hadoop-common-3.3.5-tests.jar:/home/wtwhite/code/regression-test-generation-NON-SOURCE-EQUIV/find-diff-classes/compile/gaoss/org/apache/hadoop/hadoop-hdfs/3.3.5/t/dependency/hadoop-common-3.3.5.jar:/home/wtwhite/code/regression-test-generation-NON-SOURCE-EQUIV/find-diff-classes/compile/gaoss/org/apache/hadoop/hadoop-hdfs/3.3.5/t/dependency/hadoop-hdfs-client-3.3.5.jar:/home/wtwhite/code/regression-test-generation-NON-SOURCE-EQUIV/find-diff-classes/compile/gaoss/org/apache/hadoop/hadoop-hdfs/3.3.5/t/dependency/hadoop-kms-3.3.5-tests.jar:/home/wtwhite/code/regression-test-generation-NON-SOURCE-EQUIV/find-diff-classes/compile/gaoss/org/apache/hadoop/hadoop-hdfs/3.3.5/t/dependency/hadoop-kms-3.3.5.jar:/home/wtwhite/code/regression-test-generation-NON-SOURCE-EQUIV/find-diff-classes/compile/gaoss/org/apache/hadoop/hadoop-hdfs/3.3.5/t/dependency/hadoop-minikdc-3.3.5.jar:/home/wtwhite/code/regression-test-generation-NON-SOURCE-EQUIV/find-diff-classes/compile/gaoss/org/apache/hadoop/hadoop-hdfs/3.3.5/t/dependency/hadoop-shaded-guava-1.1.1.jar:/home/wtwhite/code/regression-test-generation-NON-SOURCE-EQUIV/find-diff-classes/compile/gaoss/org/apache/hadoop/hadoop-hdfs/3.3.5/t/dependency/hadoop-shaded-protobuf_3_7-1.1.1.jar:/home/wtwhite/code/regression-test-generation-NON-SOURCE-EQUIV/find-diff-classes/compile/gaoss/org/apache/hadoop/hadoop-hdfs/3.3.5/t/dependency/hamcrest-core-1.3.jar:/home/wtwhite/code/regression-test-generation-NON-SOURCE-EQUIV/find-diff-classes/compile/gaoss/org/apache/hadoop/hadoop-hdfs/3.3.5/t/dependency/httpclient-4.5.13.jar:/home/wtwhite/code/regression-test-generation-NON-SOURCE-EQUIV/find-diff-classes/compile/gaoss/org/apache/hadoop/hadoop-hdfs/3.3.5/t/dependency/httpcore-4.4.13.jar:/home/wtwhite/code/regression-test-generation-NON-SOURCE-EQUIV/find-diff-classes/compile/gaoss/org/apache/hadoop/hadoop-hdfs/3.3.5/t/dependency/j2objc-annotations-1.1.jar:/home/wtwhite/code/regression-test-generation-NON-SOURCE-EQUIV/find-diff-classes/compile/gaoss/org/apache/hadoop/hadoop-hdfs/3.3.5/t/dependency/jFormatString-2.0.1.jar:/home/wtwhite/code/regression-test-generation-NON-SOURCE-EQUIV/find-diff-classes/compile/gaoss/org/apache/hadoop/hadoop-hdfs/3.3.5/t/dependency/jackson-annotations-2.12.7.jar:/home/wtwhite/code/regression-test-generation-NON-SOURCE-EQUIV/find-diff-classes/compile/gaoss/org/apache/hadoop/hadoop-hdfs/3.3.5/t/dependency/jackson-core-2.12.7.jar:/home/wtwhite/code/regression-test-generation-NON-SOURCE-EQUIV/find-diff-classes/compile/gaoss/org/apache/hadoop/hadoop-hdfs/3.3.5/t/dependency/jackson-core-asl-1.9.13.jar:/home/wtwhite/code/regression-test-generation-NON-SOURCE-EQUIV/find-diff-classes/compile/gaoss/org/apache/hadoop/hadoop-hdfs/3.3.5/t/dependency/jackson-databind-2.12.7.1.jar:/home/wtwhite/code/regression-test-generation-NON-SOURCE-EQUIV/find-diff-classes/compile/gaoss/org/apache/hadoop/hadoop-hdfs/3.3.5/t/dependency/jackson-mapper-asl-1.9.13.jar:/home/wtwhite/code/regression-test-generation-NON-SOURCE-EQUIV/find-diff-classes/compile/gaoss/org/apache/hadoop/hadoop-hdfs/3.3.5/t/dependency/jakarta.activation-api-1.2.1.jar:/home/wtwhite/code/regression-test-generation-NON-SOURCE-EQUIV/find-diff-classes/compile/gaoss/org/apache/hadoop/hadoop-hdfs/3.3.5/t/dependency/javax.servlet-api-3.1.0.jar:/home/wtwhite/code/regression-test-generation-NON-SOURCE-EQUIV/find-diff-classes/compile/gaoss/org/apache/hadoop/hadoop-hdfs/3.3.5/t/dependency/jaxb-api-2.2.11.jar:/home/wtwhite/code/regression-test-generation-NON-SOURCE-EQUIV/find-diff-classes/compile/gaoss/org/apache/hadoop/hadoop-hdfs/3.3.5/t/dependency/jaxb-impl-2.2.3-1.jar:/home/wtwhite/code/regression-test-generation-NON-SOURCE-EQUIV/find-diff-classes/compile/gaoss/org/apache/hadoop/hadoop-hdfs/3.3.5/t/dependency/jaxen-1.1.6.jar:/home/wtwhite/code/regression-test-generation-NON-SOURCE-EQUIV/find-diff-classes/compile/gaoss/org/apache/hadoop/hadoop-hdfs/3.3.5/t/dependency/jcip-annotations-1.0-1.jar:/home/wtwhite/code/regression-test-generation-NON-SOURCE-EQUIV/find-diff-classes/compile/gaoss/org/apache/hadoop/hadoop-hdfs/3.3.5/t/dependency/jcip-annotations-1.0.jar:/home/wtwhite/code/regression-test-generation-NON-SOURCE-EQUIV/find-diff-classes/compile/gaoss/org/apache/hadoop/hadoop-hdfs/3.3.5/t/dependency/jdk.tools-1.8.jar:/home/wtwhite/code/regression-test-generation-NON-SOURCE-EQUIV/find-diff-classes/compile/gaoss/org/apache/hadoop/hadoop-hdfs/3.3.5/t/dependency/jersey-core-1.19.4.jar:/home/wtwhite/code/regression-test-generation-NON-SOURCE-EQUIV/find-diff-classes/compile/gaoss/org/apache/hadoop/hadoop-hdfs/3.3.5/t/dependency/jersey-json-1.20.jar:/home/wtwhite/code/regression-test-generation-NON-SOURCE-EQUIV/find-diff-classes/compile/gaoss/org/apache/hadoop/hadoop-hdfs/3.3.5/t/dependency/jersey-server-1.19.4.jar:/home/wtwhite/code/regression-test-generation-NON-SOURCE-EQUIV/find-diff-classes/compile/gaoss/org/apache/hadoop/hadoop-hdfs/3.3.5/t/dependency/jersey-servlet-1.19.4.jar:/home/wtwhite/code/regression-test-generation-NON-SOURCE-EQUIV/find-diff-classes/compile/gaoss/org/apache/hadoop/hadoop-hdfs/3.3.5/t/dependency/jettison-1.5.3.jar:/home/wtwhite/code/regression-test-generation-NON-SOURCE-EQUIV/find-diff-classes/compile/gaoss/org/apache/hadoop/hadoop-hdfs/3.3.5/t/dependency/jetty-http-9.4.48.v20220622.jar:/home/wtwhite/code/regression-test-generation-NON-SOURCE-EQUIV/find-diff-classes/compile/gaoss/org/apache/hadoop/hadoop-hdfs/3.3.5/t/dependency/jetty-io-9.4.48.v20220622.jar:/home/wtwhite/code/regression-test-generation-NON-SOURCE-EQUIV/find-diff-classes/compile/gaoss/org/apache/hadoop/hadoop-hdfs/3.3.5/t/dependency/jetty-security-9.4.48.v20220622.jar:/home/wtwhite/code/regression-test-generation-NON-SOURCE-EQUIV/find-diff-classes/compile/gaoss/org/apache/hadoop/hadoop-hdfs/3.3.5/t/dependency/jetty-server-9.4.48.v20220622.jar:/home/wtwhite/code/regression-test-generation-NON-SOURCE-EQUIV/find-diff-classes/compile/gaoss/org/apache/hadoop/hadoop-hdfs/3.3.5/t/dependency/jetty-servlet-9.4.48.v20220622.jar:/home/wtwhite/code/regression-test-generation-NON-SOURCE-EQUIV/find-diff-classes/compile/gaoss/org/apache/hadoop/hadoop-hdfs/3.3.5/t/dependency/jetty-util-9.4.48.v20220622.jar:/home/wtwhite/code/regression-test-generation-NON-SOURCE-EQUIV/find-diff-classes/compile/gaoss/org/apache/hadoop/hadoop-hdfs/3.3.5/t/dependency/jetty-util-ajax-9.4.48.v20220622.jar:/home/wtwhite/code/regression-test-generation-NON-SOURCE-EQUIV/find-diff-classes/compile/gaoss/org/apache/hadoop/hadoop-hdfs/3.3.5/t/dependency/jetty-webapp-9.4.48.v20220622.jar:/home/wtwhite/code/regression-test-generation-NON-SOURCE-EQUIV/find-diff-classes/compile/gaoss/org/apache/hadoop/hadoop-hdfs/3.3.5/t/dependency/jetty-xml-9.4.48.v20220622.jar:/home/wtwhite/code/regression-test-generation-NON-SOURCE-EQUIV/find-diff-classes/compile/gaoss/org/apache/hadoop/hadoop-hdfs/3.3.5/t/dependency/jsch-0.1.55.jar:/home/wtwhite/code/regression-test-generation-NON-SOURCE-EQUIV/find-diff-classes/compile/gaoss/org/apache/hadoop/hadoop-hdfs/3.3.5/t/dependency/json-smart-2.4.7.jar:/home/wtwhite/code/regression-test-generation-NON-SOURCE-EQUIV/find-diff-classes/compile/gaoss/org/apache/hadoop/hadoop-hdfs/3.3.5/t/dependency/jsp-api-2.1.jar:/home/wtwhite/code/regression-test-generation-NON-SOURCE-EQUIV/find-diff-classes/compile/gaoss/org/apache/hadoop/hadoop-hdfs/3.3.5/t/dependency/jsr305-3.0.2.jar:/home/wtwhite/code/regression-test-generation-NON-SOURCE-EQUIV/find-diff-classes/compile/gaoss/org/apache/hadoop/hadoop-hdfs/3.3.5/t/dependency/jsr311-api-1.1.1.jar:/home/wtwhite/code/regression-test-generation-NON-SOURCE-EQUIV/find-diff-classes/compile/gaoss/org/apache/hadoop/hadoop-hdfs/3.3.5/t/dependency/jul-to-slf4j-1.7.36.jar:/home/wtwhite/code/regression-test-generation-NON-SOURCE-EQUIV/find-diff-classes/compile/gaoss/org/apache/hadoop/hadoop-hdfs/3.3.5/t/dependency/junit-4.13.2.jar:/home/wtwhite/code/regression-test-generation-NON-SOURCE-EQUIV/find-diff-classes/compile/gaoss/org/apache/hadoop/hadoop-hdfs/3.3.5/t/dependency/kerb-admin-1.0.1.jar:/home/wtwhite/code/regression-test-generation-NON-SOURCE-EQUIV/find-diff-classes/compile/gaoss/org/apache/hadoop/hadoop-hdfs/3.3.5/t/dependency/kerb-client-1.0.1.jar:/home/wtwhite/code/regression-test-generation-NON-SOURCE-EQUIV/find-diff-classes/compile/gaoss/org/apache/hadoop/hadoop-hdfs/3.3.5/t/dependency/kerb-common-1.0.1.jar:/home/wtwhite/code/regression-test-generation-NON-SOURCE-EQUIV/find-diff-classes/compile/gaoss/org/apache/hadoop/hadoop-hdfs/3.3.5/t/dependency/kerb-core-1.0.1.jar:/home/wtwhite/code/regression-test-generation-NON-SOURCE-EQUIV/find-diff-classes/compile/gaoss/org/apache/hadoop/hadoop-hdfs/3.3.5/t/dependency/kerb-crypto-1.0.1.jar:/home/wtwhite/code/regression-test-generation-NON-SOURCE-EQUIV/find-diff-classes/compile/gaoss/org/apache/hadoop/hadoop-hdfs/3.3.5/t/dependency/kerb-identity-1.0.1.jar:/home/wtwhite/code/regression-test-generation-NON-SOURCE-EQUIV/find-diff-classes/compile/gaoss/org/apache/hadoop/hadoop-hdfs/3.3.5/t/dependency/kerb-server-1.0.1.jar:/home/wtwhite/code/regression-test-generation-NON-SOURCE-EQUIV/find-diff-classes/compile/gaoss/org/apache/hadoop/hadoop-hdfs/3.3.5/t/dependency/kerb-simplekdc-1.0.1.jar:/home/wtwhite/code/regression-test-generation-NON-SOURCE-EQUIV/find-diff-classes/compile/gaoss/org/apache/hadoop/hadoop-hdfs/3.3.5/t/dependency/kerb-util-1.0.1.jar:/home/wtwhite/code/regression-test-generation-NON-SOURCE-EQUIV/find-diff-classes/compile/gaoss/org/apache/hadoop/hadoop-hdfs/3.3.5/t/dependency/kerby-asn1-1.0.1.jar:/home/wtwhite/code/regression-test-generation-NON-SOURCE-EQUIV/find-diff-classes/compile/gaoss/org/apache/hadoop/hadoop-hdfs/3.3.5/t/dependency/kerby-config-1.0.1.jar:/home/wtwhite/code/regression-test-generation-NON-SOURCE-EQUIV/find-diff-classes/compile/gaoss/org/apache/hadoop/hadoop-hdfs/3.3.5/t/dependency/kerby-pkix-1.0.1.jar:/home/wtwhite/code/regression-test-generation-NON-SOURCE-EQUIV/find-diff-classes/compile/gaoss/org/apache/hadoop/hadoop-hdfs/3.3.5/t/dependency/kerby-util-1.0.1.jar:/home/wtwhite/code/regression-test-generation-NON-SOURCE-EQUIV/find-diff-classes/compile/gaoss/org/apache/hadoop/hadoop-hdfs/3.3.5/t/dependency/kerby-xdr-1.0.1.jar:/home/wtwhite/code/regression-test-generation-NON-SOURCE-EQUIV/find-diff-classes/compile/gaoss/org/apache/hadoop/hadoop-hdfs/3.3.5/t/dependency/kotlin-stdlib-1.4.10.jar:/home/wtwhite/code/regression-test-generation-NON-SOURCE-EQUIV/find-diff-classes/compile/gaoss/org/apache/hadoop/hadoop-hdfs/3.3.5/t/dependency/kotlin-stdlib-common-1.4.10.jar:/home/wtwhite/code/regression-test-generation-NON-SOURCE-EQUIV/find-diff-classes/compile/gaoss/org/apache/hadoop/hadoop-hdfs/3.3.5/t/dependency/leveldbjni-all-1.8.jar:/home/wtwhite/code/regression-test-generation-NON-SOURCE-EQUIV/find-diff-classes/compile/gaoss/org/apache/hadoop/hadoop-hdfs/3.3.5/t/dependency/listenablefuture-9999.0-empty-to-avoid-conflict-with-guava.jar:/home/wtwhite/code/regression-test-generation-NON-SOURCE-EQUIV/find-diff-classes/compile/gaoss/org/apache/hadoop/hadoop-hdfs/3.3.5/t/dependency/lz4-java-1.7.1.jar:/home/wtwhite/code/regression-test-generation-NON-SOURCE-EQUIV/find-diff-classes/compile/gaoss/org/apache/hadoop/hadoop-hdfs/3.3.5/t/dependency/metrics-core-3.2.4.jar:/home/wtwhite/code/regression-test-generation-NON-SOURCE-EQUIV/find-diff-classes/compile/gaoss/org/apache/hadoop/hadoop-hdfs/3.3.5/t/dependency/mockito-core-2.28.2.jar:/home/wtwhite/code/regression-test-generation-NON-SOURCE-EQUIV/find-diff-classes/compile/gaoss/org/apache/hadoop/hadoop-hdfs/3.3.5/t/dependency/netty-3.10.6.Final.jar:/home/wtwhite/code/regression-test-generation-NON-SOURCE-EQUIV/find-diff-classes/compile/gaoss/org/apache/hadoop/hadoop-hdfs/3.3.5/t/dependency/netty-all-4.1.77.Final.jar:/home/wtwhite/code/regression-test-generation-NON-SOURCE-EQUIV/find-diff-classes/compile/gaoss/org/apache/hadoop/hadoop-hdfs/3.3.5/t/dependency/netty-buffer-4.1.77.Final.jar:/home/wtwhite/code/regression-test-generation-NON-SOURCE-EQUIV/find-diff-classes/compile/gaoss/org/apache/hadoop/hadoop-hdfs/3.3.5/t/dependency/netty-codec-4.1.77.Final.jar:/home/wtwhite/code/regression-test-generation-NON-SOURCE-EQUIV/find-diff-classes/compile/gaoss/org/apache/hadoop/hadoop-hdfs/3.3.5/t/dependency/netty-codec-dns-4.1.77.Final.jar:/home/wtwhite/code/regression-test-generation-NON-SOURCE-EQUIV/find-diff-classes/compile/gaoss/org/apache/hadoop/hadoop-hdfs/3.3.5/t/dependency/netty-codec-haproxy-4.1.77.Final.jar:/home/wtwhite/code/regression-test-generation-NON-SOURCE-EQUIV/find-diff-classes/compile/gaoss/org/apache/hadoop/hadoop-hdfs/3.3.5/t/dependency/netty-codec-http-4.1.77.Final.jar:/home/wtwhite/code/regression-test-generation-NON-SOURCE-EQUIV/find-diff-classes/compile/gaoss/org/apache/hadoop/hadoop-hdfs/3.3.5/t/dependency/netty-codec-http2-4.1.77.Final.jar:/home/wtwhite/code/regression-test-generation-NON-SOURCE-EQUIV/find-diff-classes/compile/gaoss/org/apache/hadoop/hadoop-hdfs/3.3.5/t/dependency/netty-codec-memcache-4.1.77.Final.jar:/home/wtwhite/code/regression-test-generation-NON-SOURCE-EQUIV/find-diff-classes/compile/gaoss/org/apache/hadoop/hadoop-hdfs/3.3.5/t/dependency/netty-codec-mqtt-4.1.77.Final.jar:/home/wtwhite/code/regression-test-generation-NON-SOURCE-EQUIV/find-diff-classes/compile/gaoss/org/apache/hadoop/hadoop-hdfs/3.3.5/t/dependency/netty-codec-redis-4.1.77.Final.jar:/home/wtwhite/code/regression-test-generation-NON-SOURCE-EQUIV/find-diff-classes/compile/gaoss/org/apache/hadoop/hadoop-hdfs/3.3.5/t/dependency/netty-codec-smtp-4.1.77.Final.jar:/home/wtwhite/code/regression-test-generation-NON-SOURCE-EQUIV/find-diff-classes/compile/gaoss/org/apache/hadoop/hadoop-hdfs/3.3.5/t/dependency/netty-codec-socks-4.1.77.Final.jar:/home/wtwhite/code/regression-test-generation-NON-SOURCE-EQUIV/find-diff-classes/compile/gaoss/org/apache/hadoop/hadoop-hdfs/3.3.5/t/dependency/netty-codec-stomp-4.1.77.Final.jar:/home/wtwhite/code/regression-test-generation-NON-SOURCE-EQUIV/find-diff-classes/compile/gaoss/org/apache/hadoop/hadoop-hdfs/3.3.5/t/dependency/netty-codec-xml-4.1.77.Final.jar:/home/wtwhite/code/regression-test-generation-NON-SOURCE-EQUIV/find-diff-classes/compile/gaoss/org/apache/hadoop/hadoop-hdfs/3.3.5/t/dependency/netty-common-4.1.77.Final.jar:/home/wtwhite/code/regression-test-generation-NON-SOURCE-EQUIV/find-diff-classes/compile/gaoss/org/apache/hadoop/hadoop-hdfs/3.3.5/t/dependency/netty-handler-4.1.77.Final.jar:/home/wtwhite/code/regression-test-generation-NON-SOURCE-EQUIV/find-diff-classes/compile/gaoss/org/apache/hadoop/hadoop-hdfs/3.3.5/t/dependency/netty-handler-proxy-4.1.77.Final.jar:/home/wtwhite/code/regression-test-generation-NON-SOURCE-EQUIV/find-diff-classes/compile/gaoss/org/apache/hadoop/hadoop-hdfs/3.3.5/t/dependency/netty-resolver-4.1.77.Final.jar:/home/wtwhite/code/regression-test-generation-NON-SOURCE-EQUIV/find-diff-classes/compile/gaoss/org/apache/hadoop/hadoop-hdfs/3.3.5/t/dependency/netty-resolver-dns-4.1.77.Final.jar:/home/wtwhite/code/regression-test-generation-NON-SOURCE-EQUIV/find-diff-classes/compile/gaoss/org/apache/hadoop/hadoop-hdfs/3.3.5/t/dependency/netty-resolver-dns-classes-macos-4.1.77.Final.jar:/home/wtwhite/code/regression-test-generation-NON-SOURCE-EQUIV/find-diff-classes/compile/gaoss/org/apache/hadoop/hadoop-hdfs/3.3.5/t/dependency/netty-resolver-dns-native-macos-4.1.77.Final-osx-aarch_64.jar:/home/wtwhite/code/regression-test-generation-NON-SOURCE-EQUIV/find-diff-classes/compile/gaoss/org/apache/hadoop/hadoop-hdfs/3.3.5/t/dependency/netty-resolver-dns-native-macos-4.1.77.Final-osx-x86_64.jar:/home/wtwhite/code/regression-test-generation-NON-SOURCE-EQUIV/find-diff-classes/compile/gaoss/org/apache/hadoop/hadoop-hdfs/3.3.5/t/dependency/netty-transport-4.1.77.Final.jar:/home/wtwhite/code/regression-test-generation-NON-SOURCE-EQUIV/find-diff-classes/compile/gaoss/org/apache/hadoop/hadoop-hdfs/3.3.5/t/dependency/netty-transport-classes-epoll-4.1.77.Final.jar:/home/wtwhite/code/regression-test-generation-NON-SOURCE-EQUIV/find-diff-classes/compile/gaoss/org/apache/hadoop/hadoop-hdfs/3.3.5/t/dependency/netty-transport-classes-kqueue-4.1.77.Final.jar:/home/wtwhite/code/regression-test-generation-NON-SOURCE-EQUIV/find-diff-classes/compile/gaoss/org/apache/hadoop/hadoop-hdfs/3.3.5/t/dependency/netty-transport-native-epoll-4.1.77.Final-linux-aarch_64.jar:/home/wtwhite/code/regression-test-generation-NON-SOURCE-EQUIV/find-diff-classes/compile/gaoss/org/apache/hadoop/hadoop-hdfs/3.3.5/t/dependency/netty-transport-native-epoll-4.1.77.Final-linux-x86_64.jar:/home/wtwhite/code/regression-test-generation-NON-SOURCE-EQUIV/find-diff-classes/compile/gaoss/org/apache/hadoop/hadoop-hdfs/3.3.5/t/dependency/netty-transport-native-kqueue-4.1.77.Final-osx-aarch_64.jar:/home/wtwhite/code/regression-test-generation-NON-SOURCE-EQUIV/find-diff-classes/compile/gaoss/org/apache/hadoop/hadoop-hdfs/3.3.5/t/dependency/netty-transport-native-kqueue-4.1.77.Final-osx-x86_64.jar:/home/wtwhite/code/regression-test-generation-NON-SOURCE-EQUIV/find-diff-classes/compile/gaoss/org/apache/hadoop/hadoop-hdfs/3.3.5/t/dependency/netty-transport-native-unix-common-4.1.77.Final.jar:/home/wtwhite/code/regression-test-generation-NON-SOURCE-EQUIV/find-diff-classes/compile/gaoss/org/apache/hadoop/hadoop-hdfs/3.3.5/t/dependency/netty-transport-rxtx-4.1.77.Final.jar:/home/wtwhite/code/regression-test-generation-NON-SOURCE-EQUIV/find-diff-classes/compile/gaoss/org/apache/hadoop/hadoop-hdfs/3.3.5/t/dependency/netty-transport-sctp-4.1.77.Final.jar:/home/wtwhite/code/regression-test-generation-NON-SOURCE-EQUIV/find-diff-classes/compile/gaoss/org/apache/hadoop/hadoop-hdfs/3.3.5/t/dependency/netty-transport-udt-4.1.77.Final.jar:/home/wtwhite/code/regression-test-generation-NON-SOURCE-EQUIV/find-diff-classes/compile/gaoss/org/apache/hadoop/hadoop-hdfs/3.3.5/t/dependency/nimbus-jose-jwt-9.8.1.jar:/home/wtwhite/code/regression-test-generation-NON-SOURCE-EQUIV/find-diff-classes/compile/gaoss/org/apache/hadoop/hadoop-hdfs/3.3.5/t/dependency/objenesis-2.6.jar:/home/wtwhite/code/regression-test-generation-NON-SOURCE-EQUIV/find-diff-classes/compile/gaoss/org/apache/hadoop/hadoop-hdfs/3.3.5/t/dependency/okhttp-4.9.3.jar:/home/wtwhite/code/regression-test-generation-NON-SOURCE-EQUIV/find-diff-classes/compile/gaoss/org/apache/hadoop/hadoop-hdfs/3.3.5/t/dependency/okio-2.8.0.jar:/home/wtwhite/code/regression-test-generation-NON-SOURCE-EQUIV/find-diff-classes/compile/gaoss/org/apache/hadoop/hadoop-hdfs/3.3.5/t/dependency/paranamer-2.3.jar:/home/wtwhite/code/regression-test-generation-NON-SOURCE-EQUIV/find-diff-classes/compile/gaoss/org/apache/hadoop/hadoop-hdfs/3.3.5/t/dependency/protobuf-java-2.5.0.jar:/home/wtwhite/code/regression-test-generation-NON-SOURCE-EQUIV/find-diff-classes/compile/gaoss/org/apache/hadoop/hadoop-hdfs/3.3.5/t/dependency/re2j-1.1.jar:/home/wtwhite/code/regression-test-generation-NON-SOURCE-EQUIV/find-diff-classes/compile/gaoss/org/apache/hadoop/hadoop-hdfs/3.3.5/t/dependency/reload4j-1.2.22.jar:/home/wtwhite/code/regression-test-generation-NON-SOURCE-EQUIV/find-diff-classes/compile/gaoss/org/apache/hadoop/hadoop-hdfs/3.3.5/t/dependency/slf4j-api-1.7.36.jar:/home/wtwhite/code/regression-test-generation-NON-SOURCE-EQUIV/find-diff-classes/compile/gaoss/org/apache/hadoop/hadoop-hdfs/3.3.5/t/dependency/slf4j-reload4j-1.7.36.jar:/home/wtwhite/code/regression-test-generation-NON-SOURCE-EQUIV/find-diff-classes/compile/gaoss/org/apache/hadoop/hadoop-hdfs/3.3.5/t/dependency/snappy-java-1.1.8.2.jar:/home/wtwhite/code/regression-test-generation-NON-SOURCE-EQUIV/find-diff-classes/compile/gaoss/org/apache/hadoop/hadoop-hdfs/3.3.5/t/dependency/stax2-api-4.2.1.jar:/home/wtwhite/code/regression-test-generation-NON-SOURCE-EQUIV/find-diff-classes/compile/gaoss/org/apache/hadoop/hadoop-hdfs/3.3.5/t/dependency/token-provider-1.0.1.jar:/home/wtwhite/code/regression-test-generation-NON-SOURCE-EQUIV/find-diff-classes/compile/gaoss/org/apache/hadoop/hadoop-hdfs/3.3.5/t/dependency/woodstox-core-5.4.0.jar:/home/wtwhite/code/regression-test-generation-NON-SOURCE-EQUIV/find-diff-classes/compile/gaoss/org/apache/hadoop/hadoop-hdfs/3.3.5/t/dependency/zookeeper-3.5.6-tests.jar:/home/wtwhite/code/regression-test-generation-NON-SOURCE-EQUIV/find-diff-classes/compile/gaoss/org/apache/hadoop/hadoop-hdfs/3.3.5/t/dependency/zookeeper-3.5.6.jar:/home/wtwhite/code/regression-test-generation-NON-SOURCE-EQUIV/find-diff-classes/compile/gaoss/org/apache/hadoop/hadoop-hdfs/3.3.5/t/dependency/zookeeper-jute-3.5.6.jar:/home/wtwhite/code/regression-test-generation/evosuite/evosuite-standalone-runtime-1.2.0.jar:/home/wtwhite/.m2/repository/junit/junit/4.13.2/junit-4.13.2.jar:/home/wtwhite/.m2/repository/org/hamcrest/hamcrest-core/1.3/hamcrest-core-1.3.jar:"/>
    <property name="java.vm.vendor" value="Private Build"/>
    <property name="sun.arch.data.model" value="64"/>
    <property name="java.vendor.url" value="http://java.oracle.com/"/>
    <property name="user.timezone" value="Pacific/Auckland"/>
    <property name="java.vm.specification.version" value="1.8"/>
    <property name="os.name" value="Linux"/>
    <property name="RUNDIR" value="/home/wtwhite/code/regression-test-generation-NON-SOURCE-EQUIV/find-diff-classes/run-mvn"/>
    <property name="user.country" value="NZ"/>
    <property name="sun.java.launcher" value="SUN_STANDARD"/>
    <property name="sun.boot.library.path" value="/usr/lib/jvm/java-8-openjdk-amd64/jre/lib/amd64"/>
    <property name="sun.java.command" value="/home/wtwhite/code/regression-test-generation-NON-SOURCE-EQUIV/find-diff-classes/compile/gaoss/org/apache/hadoop/hadoop-hdfs/3.3.5/target/surefire/surefirebooter-20241112134109694_3.jar /home/wtwhite/code/regression-test-generation-NON-SOURCE-EQUIV/find-diff-classes/compile/gaoss/org/apache/hadoop/hadoop-hdfs/3.3.5/target/surefire 2024-11-12T13-41-09_538-jvmRun1 surefire-20241112134109694_1tmp surefire_0-20241112134109694_2tmp"/>
    <property name="surefire.test.class.path" value="/home/wtwhite/code/regression-test-generation-NON-SOURCE-EQUIV/find-diff-classes/compile/gaoss/org/apache/hadoop/hadoop-hdfs/3.3.5/target/test-classes:/home/wtwhite/code/regression-test-generation-NON-SOURCE-EQUIV/find-diff-classes/compile/gaoss/org/apache/hadoop/hadoop-hdfs/3.3.5/target/classes:/home/wtwhite/code/craw-redhat-oss/wget/crawl/google-aoss/org/apache/hadoop/hadoop-hdfs/3.3.5/hadoop-hdfs-3.3.5.jar:/home/wtwhite/code/regression-test-generation-NON-SOURCE-EQUIV/find-diff-classes/compile/gaoss/org/apache/hadoop/hadoop-hdfs/3.3.5/t/dependency/AppleJavaExtensions-1.4.jar:/home/wtwhite/code/regression-test-generation-NON-SOURCE-EQUIV/find-diff-classes/compile/gaoss/org/apache/hadoop/hadoop-hdfs/3.3.5/t/dependency/accessors-smart-2.4.7.jar:/home/wtwhite/code/regression-test-generation-NON-SOURCE-EQUIV/find-diff-classes/compile/gaoss/org/apache/hadoop/hadoop-hdfs/3.3.5/t/dependency/animal-sniffer-annotations-1.17.jar:/home/wtwhite/code/regression-test-generation-NON-SOURCE-EQUIV/find-diff-classes/compile/gaoss/org/apache/hadoop/hadoop-hdfs/3.3.5/t/dependency/asm-5.0.4.jar:/home/wtwhite/code/regression-test-generation-NON-SOURCE-EQUIV/find-diff-classes/compile/gaoss/org/apache/hadoop/hadoop-hdfs/3.3.5/t/dependency/asm-commons-5.0.2.jar:/home/wtwhite/code/regression-test-generation-NON-SOURCE-EQUIV/find-diff-classes/compile/gaoss/org/apache/hadoop/hadoop-hdfs/3.3.5/t/dependency/asm-debug-all-5.0.2.jar:/home/wtwhite/code/regression-test-generation-NON-SOURCE-EQUIV/find-diff-classes/compile/gaoss/org/apache/hadoop/hadoop-hdfs/3.3.5/t/dependency/asm-tree-5.0.2.jar:/home/wtwhite/code/regression-test-generation-NON-SOURCE-EQUIV/find-diff-classes/compile/gaoss/org/apache/hadoop/hadoop-hdfs/3.3.5/t/dependency/assertj-core-3.12.2.jar:/home/wtwhite/code/regression-test-generation-NON-SOURCE-EQUIV/find-diff-classes/compile/gaoss/org/apache/hadoop/hadoop-hdfs/3.3.5/t/dependency/audience-annotations-0.5.0.jar:/home/wtwhite/code/regression-test-generation-NON-SOURCE-EQUIV/find-diff-classes/compile/gaoss/org/apache/hadoop/hadoop-hdfs/3.3.5/t/dependency/avro-1.7.7.jar:/home/wtwhite/code/regression-test-generation-NON-SOURCE-EQUIV/find-diff-classes/compile/gaoss/org/apache/hadoop/hadoop-hdfs/3.3.5/t/dependency/bcel-findbugs-6.0.jar:/home/wtwhite/code/regression-test-generation-NON-SOURCE-EQUIV/find-diff-classes/compile/gaoss/org/apache/hadoop/hadoop-hdfs/3.3.5/t/dependency/bcprov-jdk15on-1.68.jar:/home/wtwhite/code/regression-test-generation-NON-SOURCE-EQUIV/find-diff-classes/compile/gaoss/org/apache/hadoop/hadoop-hdfs/3.3.5/t/dependency/byte-buddy-1.9.10.jar:/home/wtwhite/code/regression-test-generation-NON-SOURCE-EQUIV/find-diff-classes/compile/gaoss/org/apache/hadoop/hadoop-hdfs/3.3.5/t/dependency/byte-buddy-agent-1.9.10.jar:/home/wtwhite/code/regression-test-generation-NON-SOURCE-EQUIV/find-diff-classes/compile/gaoss/org/apache/hadoop/hadoop-hdfs/3.3.5/t/dependency/checker-qual-2.5.2.jar:/home/wtwhite/code/regression-test-generation-NON-SOURCE-EQUIV/find-diff-classes/compile/gaoss/org/apache/hadoop/hadoop-hdfs/3.3.5/t/dependency/commons-beanutils-1.9.4.jar:/home/wtwhite/code/regression-test-generation-NON-SOURCE-EQUIV/find-diff-classes/compile/gaoss/org/apache/hadoop/hadoop-hdfs/3.3.5/t/dependency/commons-cli-1.2.jar:/home/wtwhite/code/regression-test-generation-NON-SOURCE-EQUIV/find-diff-classes/compile/gaoss/org/apache/hadoop/hadoop-hdfs/3.3.5/t/dependency/commons-codec-1.15.jar:/home/wtwhite/code/regression-test-generation-NON-SOURCE-EQUIV/find-diff-classes/compile/gaoss/org/apache/hadoop/hadoop-hdfs/3.3.5/t/dependency/commons-collections-3.2.2.jar:/home/wtwhite/code/regression-test-generation-NON-SOURCE-EQUIV/find-diff-classes/compile/gaoss/org/apache/hadoop/hadoop-hdfs/3.3.5/t/dependency/commons-compress-1.21.jar:/home/wtwhite/code/regression-test-generation-NON-SOURCE-EQUIV/find-diff-classes/compile/gaoss/org/apache/hadoop/hadoop-hdfs/3.3.5/t/dependency/commons-configuration2-2.8.0.jar:/home/wtwhite/code/regression-test-generation-NON-SOURCE-EQUIV/find-diff-classes/compile/gaoss/org/apache/hadoop/hadoop-hdfs/3.3.5/t/dependency/commons-daemon-1.0.13.jar:/home/wtwhite/code/regression-test-generation-NON-SOURCE-EQUIV/find-diff-classes/compile/gaoss/org/apache/hadoop/hadoop-hdfs/3.3.5/t/dependency/commons-io-2.8.0.jar:/home/wtwhite/code/regression-test-generation-NON-SOURCE-EQUIV/find-diff-classes/compile/gaoss/org/apache/hadoop/hadoop-hdfs/3.3.5/t/dependency/commons-lang-2.6.jar:/home/wtwhite/code/regression-test-generation-NON-SOURCE-EQUIV/find-diff-classes/compile/gaoss/org/apache/hadoop/hadoop-hdfs/3.3.5/t/dependency/commons-lang3-3.12.0.jar:/home/wtwhite/code/regression-test-generation-NON-SOURCE-EQUIV/find-diff-classes/compile/gaoss/org/apache/hadoop/hadoop-hdfs/3.3.5/t/dependency/commons-logging-1.1.3.jar:/home/wtwhite/code/regression-test-generation-NON-SOURCE-EQUIV/find-diff-classes/compile/gaoss/org/apache/hadoop/hadoop-hdfs/3.3.5/t/dependency/commons-math3-3.1.1.jar:/home/wtwhite/code/regression-test-generation-NON-SOURCE-EQUIV/find-diff-classes/compile/gaoss/org/apache/hadoop/hadoop-hdfs/3.3.5/t/dependency/commons-net-3.9.0.jar:/home/wtwhite/code/regression-test-generation-NON-SOURCE-EQUIV/find-diff-classes/compile/gaoss/org/apache/hadoop/hadoop-hdfs/3.3.5/t/dependency/commons-text-1.10.0.jar:/home/wtwhite/code/regression-test-generation-NON-SOURCE-EQUIV/find-diff-classes/compile/gaoss/org/apache/hadoop/hadoop-hdfs/3.3.5/t/dependency/curator-client-4.2.0.jar:/home/wtwhite/code/regression-test-generation-NON-SOURCE-EQUIV/find-diff-classes/compile/gaoss/org/apache/hadoop/hadoop-hdfs/3.3.5/t/dependency/curator-framework-4.2.0.jar:/home/wtwhite/code/regression-test-generation-NON-SOURCE-EQUIV/find-diff-classes/compile/gaoss/org/apache/hadoop/hadoop-hdfs/3.3.5/t/dependency/curator-recipes-4.2.0.jar:/home/wtwhite/code/regression-test-generation-NON-SOURCE-EQUIV/find-diff-classes/compile/gaoss/org/apache/hadoop/hadoop-hdfs/3.3.5/t/dependency/curator-test-4.2.0.jar:/home/wtwhite/code/regression-test-generation-NON-SOURCE-EQUIV/find-diff-classes/compile/gaoss/org/apache/hadoop/hadoop-hdfs/3.3.5/t/dependency/dnsjava-2.1.7.jar:/home/wtwhite/code/regression-test-generation-NON-SOURCE-EQUIV/find-diff-classes/compile/gaoss/org/apache/hadoop/hadoop-hdfs/3.3.5/t/dependency/dom4j-1.6.1.jar:/home/wtwhite/code/regression-test-generation-NON-SOURCE-EQUIV/find-diff-classes/compile/gaoss/org/apache/hadoop/hadoop-hdfs/3.3.5/t/dependency/failureaccess-1.0.jar:/home/wtwhite/code/regression-test-generation-NON-SOURCE-EQUIV/find-diff-classes/compile/gaoss/org/apache/hadoop/hadoop-hdfs/3.3.5/t/dependency/findbugs-3.0.1.jar:/home/wtwhite/code/regression-test-generation-NON-SOURCE-EQUIV/find-diff-classes/compile/gaoss/org/apache/hadoop/hadoop-hdfs/3.3.5/t/dependency/gson-2.9.0.jar:/home/wtwhite/code/regression-test-generation-NON-SOURCE-EQUIV/find-diff-classes/compile/gaoss/org/apache/hadoop/hadoop-hdfs/3.3.5/t/dependency/guava-27.0-jre.jar:/home/wtwhite/code/regression-test-generation-NON-SOURCE-EQUIV/find-diff-classes/compile/gaoss/org/apache/hadoop/hadoop-hdfs/3.3.5/t/dependency/hadoop-annotations-3.3.5.jar:/home/wtwhite/code/regression-test-generation-NON-SOURCE-EQUIV/find-diff-classes/compile/gaoss/org/apache/hadoop/hadoop-hdfs/3.3.5/t/dependency/hadoop-auth-3.3.5.jar:/home/wtwhite/code/regression-test-generation-NON-SOURCE-EQUIV/find-diff-classes/compile/gaoss/org/apache/hadoop/hadoop-hdfs/3.3.5/t/dependency/hadoop-common-3.3.5-tests.jar:/home/wtwhite/code/regression-test-generation-NON-SOURCE-EQUIV/find-diff-classes/compile/gaoss/org/apache/hadoop/hadoop-hdfs/3.3.5/t/dependency/hadoop-common-3.3.5.jar:/home/wtwhite/code/regression-test-generation-NON-SOURCE-EQUIV/find-diff-classes/compile/gaoss/org/apache/hadoop/hadoop-hdfs/3.3.5/t/dependency/hadoop-hdfs-client-3.3.5.jar:/home/wtwhite/code/regression-test-generation-NON-SOURCE-EQUIV/find-diff-classes/compile/gaoss/org/apache/hadoop/hadoop-hdfs/3.3.5/t/dependency/hadoop-kms-3.3.5-tests.jar:/home/wtwhite/code/regression-test-generation-NON-SOURCE-EQUIV/find-diff-classes/compile/gaoss/org/apache/hadoop/hadoop-hdfs/3.3.5/t/dependency/hadoop-kms-3.3.5.jar:/home/wtwhite/code/regression-test-generation-NON-SOURCE-EQUIV/find-diff-classes/compile/gaoss/org/apache/hadoop/hadoop-hdfs/3.3.5/t/dependency/hadoop-minikdc-3.3.5.jar:/home/wtwhite/code/regression-test-generation-NON-SOURCE-EQUIV/find-diff-classes/compile/gaoss/org/apache/hadoop/hadoop-hdfs/3.3.5/t/dependency/hadoop-shaded-guava-1.1.1.jar:/home/wtwhite/code/regression-test-generation-NON-SOURCE-EQUIV/find-diff-classes/compile/gaoss/org/apache/hadoop/hadoop-hdfs/3.3.5/t/dependency/hadoop-shaded-protobuf_3_7-1.1.1.jar:/home/wtwhite/code/regression-test-generation-NON-SOURCE-EQUIV/find-diff-classes/compile/gaoss/org/apache/hadoop/hadoop-hdfs/3.3.5/t/dependency/hamcrest-core-1.3.jar:/home/wtwhite/code/regression-test-generation-NON-SOURCE-EQUIV/find-diff-classes/compile/gaoss/org/apache/hadoop/hadoop-hdfs/3.3.5/t/dependency/httpclient-4.5.13.jar:/home/wtwhite/code/regression-test-generation-NON-SOURCE-EQUIV/find-diff-classes/compile/gaoss/org/apache/hadoop/hadoop-hdfs/3.3.5/t/dependency/httpcore-4.4.13.jar:/home/wtwhite/code/regression-test-generation-NON-SOURCE-EQUIV/find-diff-classes/compile/gaoss/org/apache/hadoop/hadoop-hdfs/3.3.5/t/dependency/j2objc-annotations-1.1.jar:/home/wtwhite/code/regression-test-generation-NON-SOURCE-EQUIV/find-diff-classes/compile/gaoss/org/apache/hadoop/hadoop-hdfs/3.3.5/t/dependency/jFormatString-2.0.1.jar:/home/wtwhite/code/regression-test-generation-NON-SOURCE-EQUIV/find-diff-classes/compile/gaoss/org/apache/hadoop/hadoop-hdfs/3.3.5/t/dependency/jackson-annotations-2.12.7.jar:/home/wtwhite/code/regression-test-generation-NON-SOURCE-EQUIV/find-diff-classes/compile/gaoss/org/apache/hadoop/hadoop-hdfs/3.3.5/t/dependency/jackson-core-2.12.7.jar:/home/wtwhite/code/regression-test-generation-NON-SOURCE-EQUIV/find-diff-classes/compile/gaoss/org/apache/hadoop/hadoop-hdfs/3.3.5/t/dependency/jackson-core-asl-1.9.13.jar:/home/wtwhite/code/regression-test-generation-NON-SOURCE-EQUIV/find-diff-classes/compile/gaoss/org/apache/hadoop/hadoop-hdfs/3.3.5/t/dependency/jackson-databind-2.12.7.1.jar:/home/wtwhite/code/regression-test-generation-NON-SOURCE-EQUIV/find-diff-classes/compile/gaoss/org/apache/hadoop/hadoop-hdfs/3.3.5/t/dependency/jackson-mapper-asl-1.9.13.jar:/home/wtwhite/code/regression-test-generation-NON-SOURCE-EQUIV/find-diff-classes/compile/gaoss/org/apache/hadoop/hadoop-hdfs/3.3.5/t/dependency/jakarta.activation-api-1.2.1.jar:/home/wtwhite/code/regression-test-generation-NON-SOURCE-EQUIV/find-diff-classes/compile/gaoss/org/apache/hadoop/hadoop-hdfs/3.3.5/t/dependency/javax.servlet-api-3.1.0.jar:/home/wtwhite/code/regression-test-generation-NON-SOURCE-EQUIV/find-diff-classes/compile/gaoss/org/apache/hadoop/hadoop-hdfs/3.3.5/t/dependency/jaxb-api-2.2.11.jar:/home/wtwhite/code/regression-test-generation-NON-SOURCE-EQUIV/find-diff-classes/compile/gaoss/org/apache/hadoop/hadoop-hdfs/3.3.5/t/dependency/jaxb-impl-2.2.3-1.jar:/home/wtwhite/code/regression-test-generation-NON-SOURCE-EQUIV/find-diff-classes/compile/gaoss/org/apache/hadoop/hadoop-hdfs/3.3.5/t/dependency/jaxen-1.1.6.jar:/home/wtwhite/code/regression-test-generation-NON-SOURCE-EQUIV/find-diff-classes/compile/gaoss/org/apache/hadoop/hadoop-hdfs/3.3.5/t/dependency/jcip-annotations-1.0-1.jar:/home/wtwhite/code/regression-test-generation-NON-SOURCE-EQUIV/find-diff-classes/compile/gaoss/org/apache/hadoop/hadoop-hdfs/3.3.5/t/dependency/jcip-annotations-1.0.jar:/home/wtwhite/code/regression-test-generation-NON-SOURCE-EQUIV/find-diff-classes/compile/gaoss/org/apache/hadoop/hadoop-hdfs/3.3.5/t/dependency/jdk.tools-1.8.jar:/home/wtwhite/code/regression-test-generation-NON-SOURCE-EQUIV/find-diff-classes/compile/gaoss/org/apache/hadoop/hadoop-hdfs/3.3.5/t/dependency/jersey-core-1.19.4.jar:/home/wtwhite/code/regression-test-generation-NON-SOURCE-EQUIV/find-diff-classes/compile/gaoss/org/apache/hadoop/hadoop-hdfs/3.3.5/t/dependency/jersey-json-1.20.jar:/home/wtwhite/code/regression-test-generation-NON-SOURCE-EQUIV/find-diff-classes/compile/gaoss/org/apache/hadoop/hadoop-hdfs/3.3.5/t/dependency/jersey-server-1.19.4.jar:/home/wtwhite/code/regression-test-generation-NON-SOURCE-EQUIV/find-diff-classes/compile/gaoss/org/apache/hadoop/hadoop-hdfs/3.3.5/t/dependency/jersey-servlet-1.19.4.jar:/home/wtwhite/code/regression-test-generation-NON-SOURCE-EQUIV/find-diff-classes/compile/gaoss/org/apache/hadoop/hadoop-hdfs/3.3.5/t/dependency/jettison-1.5.3.jar:/home/wtwhite/code/regression-test-generation-NON-SOURCE-EQUIV/find-diff-classes/compile/gaoss/org/apache/hadoop/hadoop-hdfs/3.3.5/t/dependency/jetty-http-9.4.48.v20220622.jar:/home/wtwhite/code/regression-test-generation-NON-SOURCE-EQUIV/find-diff-classes/compile/gaoss/org/apache/hadoop/hadoop-hdfs/3.3.5/t/dependency/jetty-io-9.4.48.v20220622.jar:/home/wtwhite/code/regression-test-generation-NON-SOURCE-EQUIV/find-diff-classes/compile/gaoss/org/apache/hadoop/hadoop-hdfs/3.3.5/t/dependency/jetty-security-9.4.48.v20220622.jar:/home/wtwhite/code/regression-test-generation-NON-SOURCE-EQUIV/find-diff-classes/compile/gaoss/org/apache/hadoop/hadoop-hdfs/3.3.5/t/dependency/jetty-server-9.4.48.v20220622.jar:/home/wtwhite/code/regression-test-generation-NON-SOURCE-EQUIV/find-diff-classes/compile/gaoss/org/apache/hadoop/hadoop-hdfs/3.3.5/t/dependency/jetty-servlet-9.4.48.v20220622.jar:/home/wtwhite/code/regression-test-generation-NON-SOURCE-EQUIV/find-diff-classes/compile/gaoss/org/apache/hadoop/hadoop-hdfs/3.3.5/t/dependency/jetty-util-9.4.48.v20220622.jar:/home/wtwhite/code/regression-test-generation-NON-SOURCE-EQUIV/find-diff-classes/compile/gaoss/org/apache/hadoop/hadoop-hdfs/3.3.5/t/dependency/jetty-util-ajax-9.4.48.v20220622.jar:/home/wtwhite/code/regression-test-generation-NON-SOURCE-EQUIV/find-diff-classes/compile/gaoss/org/apache/hadoop/hadoop-hdfs/3.3.5/t/dependency/jetty-webapp-9.4.48.v20220622.jar:/home/wtwhite/code/regression-test-generation-NON-SOURCE-EQUIV/find-diff-classes/compile/gaoss/org/apache/hadoop/hadoop-hdfs/3.3.5/t/dependency/jetty-xml-9.4.48.v20220622.jar:/home/wtwhite/code/regression-test-generation-NON-SOURCE-EQUIV/find-diff-classes/compile/gaoss/org/apache/hadoop/hadoop-hdfs/3.3.5/t/dependency/jsch-0.1.55.jar:/home/wtwhite/code/regression-test-generation-NON-SOURCE-EQUIV/find-diff-classes/compile/gaoss/org/apache/hadoop/hadoop-hdfs/3.3.5/t/dependency/json-smart-2.4.7.jar:/home/wtwhite/code/regression-test-generation-NON-SOURCE-EQUIV/find-diff-classes/compile/gaoss/org/apache/hadoop/hadoop-hdfs/3.3.5/t/dependency/jsp-api-2.1.jar:/home/wtwhite/code/regression-test-generation-NON-SOURCE-EQUIV/find-diff-classes/compile/gaoss/org/apache/hadoop/hadoop-hdfs/3.3.5/t/dependency/jsr305-3.0.2.jar:/home/wtwhite/code/regression-test-generation-NON-SOURCE-EQUIV/find-diff-classes/compile/gaoss/org/apache/hadoop/hadoop-hdfs/3.3.5/t/dependency/jsr311-api-1.1.1.jar:/home/wtwhite/code/regression-test-generation-NON-SOURCE-EQUIV/find-diff-classes/compile/gaoss/org/apache/hadoop/hadoop-hdfs/3.3.5/t/dependency/jul-to-slf4j-1.7.36.jar:/home/wtwhite/code/regression-test-generation-NON-SOURCE-EQUIV/find-diff-classes/compile/gaoss/org/apache/hadoop/hadoop-hdfs/3.3.5/t/dependency/junit-4.13.2.jar:/home/wtwhite/code/regression-test-generation-NON-SOURCE-EQUIV/find-diff-classes/compile/gaoss/org/apache/hadoop/hadoop-hdfs/3.3.5/t/dependency/kerb-admin-1.0.1.jar:/home/wtwhite/code/regression-test-generation-NON-SOURCE-EQUIV/find-diff-classes/compile/gaoss/org/apache/hadoop/hadoop-hdfs/3.3.5/t/dependency/kerb-client-1.0.1.jar:/home/wtwhite/code/regression-test-generation-NON-SOURCE-EQUIV/find-diff-classes/compile/gaoss/org/apache/hadoop/hadoop-hdfs/3.3.5/t/dependency/kerb-common-1.0.1.jar:/home/wtwhite/code/regression-test-generation-NON-SOURCE-EQUIV/find-diff-classes/compile/gaoss/org/apache/hadoop/hadoop-hdfs/3.3.5/t/dependency/kerb-core-1.0.1.jar:/home/wtwhite/code/regression-test-generation-NON-SOURCE-EQUIV/find-diff-classes/compile/gaoss/org/apache/hadoop/hadoop-hdfs/3.3.5/t/dependency/kerb-crypto-1.0.1.jar:/home/wtwhite/code/regression-test-generation-NON-SOURCE-EQUIV/find-diff-classes/compile/gaoss/org/apache/hadoop/hadoop-hdfs/3.3.5/t/dependency/kerb-identity-1.0.1.jar:/home/wtwhite/code/regression-test-generation-NON-SOURCE-EQUIV/find-diff-classes/compile/gaoss/org/apache/hadoop/hadoop-hdfs/3.3.5/t/dependency/kerb-server-1.0.1.jar:/home/wtwhite/code/regression-test-generation-NON-SOURCE-EQUIV/find-diff-classes/compile/gaoss/org/apache/hadoop/hadoop-hdfs/3.3.5/t/dependency/kerb-simplekdc-1.0.1.jar:/home/wtwhite/code/regression-test-generation-NON-SOURCE-EQUIV/find-diff-classes/compile/gaoss/org/apache/hadoop/hadoop-hdfs/3.3.5/t/dependency/kerb-util-1.0.1.jar:/home/wtwhite/code/regression-test-generation-NON-SOURCE-EQUIV/find-diff-classes/compile/gaoss/org/apache/hadoop/hadoop-hdfs/3.3.5/t/dependency/kerby-asn1-1.0.1.jar:/home/wtwhite/code/regression-test-generation-NON-SOURCE-EQUIV/find-diff-classes/compile/gaoss/org/apache/hadoop/hadoop-hdfs/3.3.5/t/dependency/kerby-config-1.0.1.jar:/home/wtwhite/code/regression-test-generation-NON-SOURCE-EQUIV/find-diff-classes/compile/gaoss/org/apache/hadoop/hadoop-hdfs/3.3.5/t/dependency/kerby-pkix-1.0.1.jar:/home/wtwhite/code/regression-test-generation-NON-SOURCE-EQUIV/find-diff-classes/compile/gaoss/org/apache/hadoop/hadoop-hdfs/3.3.5/t/dependency/kerby-util-1.0.1.jar:/home/wtwhite/code/regression-test-generation-NON-SOURCE-EQUIV/find-diff-classes/compile/gaoss/org/apache/hadoop/hadoop-hdfs/3.3.5/t/dependency/kerby-xdr-1.0.1.jar:/home/wtwhite/code/regression-test-generation-NON-SOURCE-EQUIV/find-diff-classes/compile/gaoss/org/apache/hadoop/hadoop-hdfs/3.3.5/t/dependency/kotlin-stdlib-1.4.10.jar:/home/wtwhite/code/regression-test-generation-NON-SOURCE-EQUIV/find-diff-classes/compile/gaoss/org/apache/hadoop/hadoop-hdfs/3.3.5/t/dependency/kotlin-stdlib-common-1.4.10.jar:/home/wtwhite/code/regression-test-generation-NON-SOURCE-EQUIV/find-diff-classes/compile/gaoss/org/apache/hadoop/hadoop-hdfs/3.3.5/t/dependency/leveldbjni-all-1.8.jar:/home/wtwhite/code/regression-test-generation-NON-SOURCE-EQUIV/find-diff-classes/compile/gaoss/org/apache/hadoop/hadoop-hdfs/3.3.5/t/dependency/listenablefuture-9999.0-empty-to-avoid-conflict-with-guava.jar:/home/wtwhite/code/regression-test-generation-NON-SOURCE-EQUIV/find-diff-classes/compile/gaoss/org/apache/hadoop/hadoop-hdfs/3.3.5/t/dependency/lz4-java-1.7.1.jar:/home/wtwhite/code/regression-test-generation-NON-SOURCE-EQUIV/find-diff-classes/compile/gaoss/org/apache/hadoop/hadoop-hdfs/3.3.5/t/dependency/metrics-core-3.2.4.jar:/home/wtwhite/code/regression-test-generation-NON-SOURCE-EQUIV/find-diff-classes/compile/gaoss/org/apache/hadoop/hadoop-hdfs/3.3.5/t/dependency/mockito-core-2.28.2.jar:/home/wtwhite/code/regression-test-generation-NON-SOURCE-EQUIV/find-diff-classes/compile/gaoss/org/apache/hadoop/hadoop-hdfs/3.3.5/t/dependency/netty-3.10.6.Final.jar:/home/wtwhite/code/regression-test-generation-NON-SOURCE-EQUIV/find-diff-classes/compile/gaoss/org/apache/hadoop/hadoop-hdfs/3.3.5/t/dependency/netty-all-4.1.77.Final.jar:/home/wtwhite/code/regression-test-generation-NON-SOURCE-EQUIV/find-diff-classes/compile/gaoss/org/apache/hadoop/hadoop-hdfs/3.3.5/t/dependency/netty-buffer-4.1.77.Final.jar:/home/wtwhite/code/regression-test-generation-NON-SOURCE-EQUIV/find-diff-classes/compile/gaoss/org/apache/hadoop/hadoop-hdfs/3.3.5/t/dependency/netty-codec-4.1.77.Final.jar:/home/wtwhite/code/regression-test-generation-NON-SOURCE-EQUIV/find-diff-classes/compile/gaoss/org/apache/hadoop/hadoop-hdfs/3.3.5/t/dependency/netty-codec-dns-4.1.77.Final.jar:/home/wtwhite/code/regression-test-generation-NON-SOURCE-EQUIV/find-diff-classes/compile/gaoss/org/apache/hadoop/hadoop-hdfs/3.3.5/t/dependency/netty-codec-haproxy-4.1.77.Final.jar:/home/wtwhite/code/regression-test-generation-NON-SOURCE-EQUIV/find-diff-classes/compile/gaoss/org/apache/hadoop/hadoop-hdfs/3.3.5/t/dependency/netty-codec-http-4.1.77.Final.jar:/home/wtwhite/code/regression-test-generation-NON-SOURCE-EQUIV/find-diff-classes/compile/gaoss/org/apache/hadoop/hadoop-hdfs/3.3.5/t/dependency/netty-codec-http2-4.1.77.Final.jar:/home/wtwhite/code/regression-test-generation-NON-SOURCE-EQUIV/find-diff-classes/compile/gaoss/org/apache/hadoop/hadoop-hdfs/3.3.5/t/dependency/netty-codec-memcache-4.1.77.Final.jar:/home/wtwhite/code/regression-test-generation-NON-SOURCE-EQUIV/find-diff-classes/compile/gaoss/org/apache/hadoop/hadoop-hdfs/3.3.5/t/dependency/netty-codec-mqtt-4.1.77.Final.jar:/home/wtwhite/code/regression-test-generation-NON-SOURCE-EQUIV/find-diff-classes/compile/gaoss/org/apache/hadoop/hadoop-hdfs/3.3.5/t/dependency/netty-codec-redis-4.1.77.Final.jar:/home/wtwhite/code/regression-test-generation-NON-SOURCE-EQUIV/find-diff-classes/compile/gaoss/org/apache/hadoop/hadoop-hdfs/3.3.5/t/dependency/netty-codec-smtp-4.1.77.Final.jar:/home/wtwhite/code/regression-test-generation-NON-SOURCE-EQUIV/find-diff-classes/compile/gaoss/org/apache/hadoop/hadoop-hdfs/3.3.5/t/dependency/netty-codec-socks-4.1.77.Final.jar:/home/wtwhite/code/regression-test-generation-NON-SOURCE-EQUIV/find-diff-classes/compile/gaoss/org/apache/hadoop/hadoop-hdfs/3.3.5/t/dependency/netty-codec-stomp-4.1.77.Final.jar:/home/wtwhite/code/regression-test-generation-NON-SOURCE-EQUIV/find-diff-classes/compile/gaoss/org/apache/hadoop/hadoop-hdfs/3.3.5/t/dependency/netty-codec-xml-4.1.77.Final.jar:/home/wtwhite/code/regression-test-generation-NON-SOURCE-EQUIV/find-diff-classes/compile/gaoss/org/apache/hadoop/hadoop-hdfs/3.3.5/t/dependency/netty-common-4.1.77.Final.jar:/home/wtwhite/code/regression-test-generation-NON-SOURCE-EQUIV/find-diff-classes/compile/gaoss/org/apache/hadoop/hadoop-hdfs/3.3.5/t/dependency/netty-handler-4.1.77.Final.jar:/home/wtwhite/code/regression-test-generation-NON-SOURCE-EQUIV/find-diff-classes/compile/gaoss/org/apache/hadoop/hadoop-hdfs/3.3.5/t/dependency/netty-handler-proxy-4.1.77.Final.jar:/home/wtwhite/code/regression-test-generation-NON-SOURCE-EQUIV/find-diff-classes/compile/gaoss/org/apache/hadoop/hadoop-hdfs/3.3.5/t/dependency/netty-resolver-4.1.77.Final.jar:/home/wtwhite/code/regression-test-generation-NON-SOURCE-EQUIV/find-diff-classes/compile/gaoss/org/apache/hadoop/hadoop-hdfs/3.3.5/t/dependency/netty-resolver-dns-4.1.77.Final.jar:/home/wtwhite/code/regression-test-generation-NON-SOURCE-EQUIV/find-diff-classes/compile/gaoss/org/apache/hadoop/hadoop-hdfs/3.3.5/t/dependency/netty-resolver-dns-classes-macos-4.1.77.Final.jar:/home/wtwhite/code/regression-test-generation-NON-SOURCE-EQUIV/find-diff-classes/compile/gaoss/org/apache/hadoop/hadoop-hdfs/3.3.5/t/dependency/netty-resolver-dns-native-macos-4.1.77.Final-osx-aarch_64.jar:/home/wtwhite/code/regression-test-generation-NON-SOURCE-EQUIV/find-diff-classes/compile/gaoss/org/apache/hadoop/hadoop-hdfs/3.3.5/t/dependency/netty-resolver-dns-native-macos-4.1.77.Final-osx-x86_64.jar:/home/wtwhite/code/regression-test-generation-NON-SOURCE-EQUIV/find-diff-classes/compile/gaoss/org/apache/hadoop/hadoop-hdfs/3.3.5/t/dependency/netty-transport-4.1.77.Final.jar:/home/wtwhite/code/regression-test-generation-NON-SOURCE-EQUIV/find-diff-classes/compile/gaoss/org/apache/hadoop/hadoop-hdfs/3.3.5/t/dependency/netty-transport-classes-epoll-4.1.77.Final.jar:/home/wtwhite/code/regression-test-generation-NON-SOURCE-EQUIV/find-diff-classes/compile/gaoss/org/apache/hadoop/hadoop-hdfs/3.3.5/t/dependency/netty-transport-classes-kqueue-4.1.77.Final.jar:/home/wtwhite/code/regression-test-generation-NON-SOURCE-EQUIV/find-diff-classes/compile/gaoss/org/apache/hadoop/hadoop-hdfs/3.3.5/t/dependency/netty-transport-native-epoll-4.1.77.Final-linux-aarch_64.jar:/home/wtwhite/code/regression-test-generation-NON-SOURCE-EQUIV/find-diff-classes/compile/gaoss/org/apache/hadoop/hadoop-hdfs/3.3.5/t/dependency/netty-transport-native-epoll-4.1.77.Final-linux-x86_64.jar:/home/wtwhite/code/regression-test-generation-NON-SOURCE-EQUIV/find-diff-classes/compile/gaoss/org/apache/hadoop/hadoop-hdfs/3.3.5/t/dependency/netty-transport-native-kqueue-4.1.77.Final-osx-aarch_64.jar:/home/wtwhite/code/regression-test-generation-NON-SOURCE-EQUIV/find-diff-classes/compile/gaoss/org/apache/hadoop/hadoop-hdfs/3.3.5/t/dependency/netty-transport-native-kqueue-4.1.77.Final-osx-x86_64.jar:/home/wtwhite/code/regression-test-generation-NON-SOURCE-EQUIV/find-diff-classes/compile/gaoss/org/apache/hadoop/hadoop-hdfs/3.3.5/t/dependency/netty-transport-native-unix-common-4.1.77.Final.jar:/home/wtwhite/code/regression-test-generation-NON-SOURCE-EQUIV/find-diff-classes/compile/gaoss/org/apache/hadoop/hadoop-hdfs/3.3.5/t/dependency/netty-transport-rxtx-4.1.77.Final.jar:/home/wtwhite/code/regression-test-generation-NON-SOURCE-EQUIV/find-diff-classes/compile/gaoss/org/apache/hadoop/hadoop-hdfs/3.3.5/t/dependency/netty-transport-sctp-4.1.77.Final.jar:/home/wtwhite/code/regression-test-generation-NON-SOURCE-EQUIV/find-diff-classes/compile/gaoss/org/apache/hadoop/hadoop-hdfs/3.3.5/t/dependency/netty-transport-udt-4.1.77.Final.jar:/home/wtwhite/code/regression-test-generation-NON-SOURCE-EQUIV/find-diff-classes/compile/gaoss/org/apache/hadoop/hadoop-hdfs/3.3.5/t/dependency/nimbus-jose-jwt-9.8.1.jar:/home/wtwhite/code/regression-test-generation-NON-SOURCE-EQUIV/find-diff-classes/compile/gaoss/org/apache/hadoop/hadoop-hdfs/3.3.5/t/dependency/objenesis-2.6.jar:/home/wtwhite/code/regression-test-generation-NON-SOURCE-EQUIV/find-diff-classes/compile/gaoss/org/apache/hadoop/hadoop-hdfs/3.3.5/t/dependency/okhttp-4.9.3.jar:/home/wtwhite/code/regression-test-generation-NON-SOURCE-EQUIV/find-diff-classes/compile/gaoss/org/apache/hadoop/hadoop-hdfs/3.3.5/t/dependency/okio-2.8.0.jar:/home/wtwhite/code/regression-test-generation-NON-SOURCE-EQUIV/find-diff-classes/compile/gaoss/org/apache/hadoop/hadoop-hdfs/3.3.5/t/dependency/paranamer-2.3.jar:/home/wtwhite/code/regression-test-generation-NON-SOURCE-EQUIV/find-diff-classes/compile/gaoss/org/apache/hadoop/hadoop-hdfs/3.3.5/t/dependency/protobuf-java-2.5.0.jar:/home/wtwhite/code/regression-test-generation-NON-SOURCE-EQUIV/find-diff-classes/compile/gaoss/org/apache/hadoop/hadoop-hdfs/3.3.5/t/dependency/re2j-1.1.jar:/home/wtwhite/code/regression-test-generation-NON-SOURCE-EQUIV/find-diff-classes/compile/gaoss/org/apache/hadoop/hadoop-hdfs/3.3.5/t/dependency/reload4j-1.2.22.jar:/home/wtwhite/code/regression-test-generation-NON-SOURCE-EQUIV/find-diff-classes/compile/gaoss/org/apache/hadoop/hadoop-hdfs/3.3.5/t/dependency/slf4j-api-1.7.36.jar:/home/wtwhite/code/regression-test-generation-NON-SOURCE-EQUIV/find-diff-classes/compile/gaoss/org/apache/hadoop/hadoop-hdfs/3.3.5/t/dependency/slf4j-reload4j-1.7.36.jar:/home/wtwhite/code/regression-test-generation-NON-SOURCE-EQUIV/find-diff-classes/compile/gaoss/org/apache/hadoop/hadoop-hdfs/3.3.5/t/dependency/snappy-java-1.1.8.2.jar:/home/wtwhite/code/regression-test-generation-NON-SOURCE-EQUIV/find-diff-classes/compile/gaoss/org/apache/hadoop/hadoop-hdfs/3.3.5/t/dependency/stax2-api-4.2.1.jar:/home/wtwhite/code/regression-test-generation-NON-SOURCE-EQUIV/find-diff-classes/compile/gaoss/org/apache/hadoop/hadoop-hdfs/3.3.5/t/dependency/token-provider-1.0.1.jar:/home/wtwhite/code/regression-test-generation-NON-SOURCE-EQUIV/find-diff-classes/compile/gaoss/org/apache/hadoop/hadoop-hdfs/3.3.5/t/dependency/woodstox-core-5.4.0.jar:/home/wtwhite/code/regression-test-generation-NON-SOURCE-EQUIV/find-diff-classes/compile/gaoss/org/apache/hadoop/hadoop-hdfs/3.3.5/t/dependency/zookeeper-3.5.6-tests.jar:/home/wtwhite/code/regression-test-generation-NON-SOURCE-EQUIV/find-diff-classes/compile/gaoss/org/apache/hadoop/hadoop-hdfs/3.3.5/t/dependency/zookeeper-3.5.6.jar:/home/wtwhite/code/regression-test-generation-NON-SOURCE-EQUIV/find-diff-classes/compile/gaoss/org/apache/hadoop/hadoop-hdfs/3.3.5/t/dependency/zookeeper-jute-3.5.6.jar:/home/wtwhite/code/regression-test-generation/evosuite/evosuite-standalone-runtime-1.2.0.jar:/home/wtwhite/.m2/repository/junit/junit/4.13.2/junit-4.13.2.jar:/home/wtwhite/.m2/repository/org/hamcrest/hamcrest-core/1.3/hamcrest-core-1.3.jar:"/>
    <property name="sun.cpu.endian" value="little"/>
    <property name="user.home" value="/home/wtwhite"/>
    <property name="user.language" value="en"/>
    <property name="java.specification.vendor" value="Oracle Corporation"/>
    <property name="java.home" value="/usr/lib/jvm/java-8-openjdk-amd64/jre"/>
    <property name="basedir" value="/home/wtwhite/code/regression-test-generation-NON-SOURCE-EQUIV/find-diff-classes/compile/gaoss/org/apache/hadoop/hadoop-hdfs/3.3.5"/>
    <property name="file.separator" value="/"/>
    <property name="line.separator" value="&#10;"/>
    <property name="java.vm.specification.vendor" value="Oracle Corporation"/>
    <property name="java.specification.name" value="Java Platform API Specification"/>
    <property name="java.awt.graphicsenv" value="sun.awt.X11GraphicsEnvironment"/>
    <property name="surefire.real.class.path" value="/home/wtwhite/code/regression-test-generation-NON-SOURCE-EQUIV/find-diff-classes/compile/gaoss/org/apache/hadoop/hadoop-hdfs/3.3.5/target/surefire/surefirebooter-20241112134109694_3.jar"/>
    <property name="sun.boot.class.path" value="/usr/lib/jvm/java-8-openjdk-amd64/jre/lib/resources.jar:/usr/lib/jvm/java-8-openjdk-amd64/jre/lib/rt.jar:/usr/lib/jvm/java-8-openjdk-amd64/jre/lib/sunrsasign.jar:/usr/lib/jvm/java-8-openjdk-amd64/jre/lib/jsse.jar:/usr/lib/jvm/java-8-openjdk-amd64/jre/lib/jce.jar:/usr/lib/jvm/java-8-openjdk-amd64/jre/lib/charsets.jar:/usr/lib/jvm/java-8-openjdk-amd64/jre/lib/jfr.jar:/usr/lib/jvm/java-8-openjdk-amd64/jre/classes"/>
    <property name="sun.management.compiler" value="HotSpot 64-Bit Tiered Compilers"/>
    <property name="java.runtime.version" value="1.8.0_382-8u382-ga-1~22.04.1-b05"/>
    <property name="user.name" value="wtwhite"/>
    <property name="path.separator" value=":"/>
    <property name="os.version" value="5.15.0-87-generic"/>
    <property name="java.endorsed.dirs" value="/usr/lib/jvm/java-8-openjdk-amd64/jre/lib/endorsed"/>
    <property name="java.runtime.name" value="OpenJDK Runtime Environment"/>
    <property name="file.encoding" value="UTF-8"/>
    <property name="java.vm.name" value="OpenJDK 64-Bit Server VM"/>
    <property name="localRepository" value="/home/wtwhite/.m2/repository"/>
    <property name="java.vendor.url.bug" value="http://bugreport.sun.com/bugreport/"/>
    <property name="java.io.tmpdir" value="/tmp"/>
    <property name="java.version" value="1.8.0_382"/>
    <property name="user.dir" value="/home/wtwhite/code/regression-test-generation-NON-SOURCE-EQUIV/find-diff-classes/compile/gaoss/org/apache/hadoop/hadoop-hdfs/3.3.5"/>
    <property name="os.arch" value="amd64"/>
    <property name="java.vm.specification.name" value="Java Virtual Machine Specification"/>
    <property name="java.awt.printerjob" value="sun.print.PSPrinterJob"/>
    <property name="sun.os.patch.level" value="unknown"/>
    <property name="java.library.path" value="/usr/java/packages/lib/amd64:/usr/lib/x86_64-linux-gnu/jni:/lib/x86_64-linux-gnu:/usr/lib/x86_64-linux-gnu:/usr/lib/jni:/lib:/usr/lib"/>
    <property name="java.vm.info" value="mixed mode"/>
    <property name="java.vendor" value="Private Build"/>
    <property name="java.vm.version" value="25.382-b05"/>
    <property name="java.specification.maintenance.version" value="5"/>
    <property name="java.ext.dirs" value="/usr/lib/jvm/java-8-openjdk-amd64/jre/lib/ext:/usr/java/packages/lib/ext"/>
    <property name="sun.io.unicode.encoding" value="UnicodeLittle"/>
    <property name="java.class.version" value="52.0"/>
  </properties>
  <testcase name="test30" classname="org.apache.hadoop.hdfs.server.namenode.snapshot.DirectorySnapshottableFeature_ESTest" time="2.152">
    <system-out><![CDATA[2024-11-12 13:41:13,117 INFO  EvoClassLoader - Seeing class for first time: org.apache.hadoop.hdfs.server.namenode.snapshot.DirectorySnapshottableFeature_ESTest
2024-11-12 13:41:13,117 INFO  EvoClassLoader - Instrumenting class 'org.apache.hadoop.hdfs.server.namenode.snapshot.DirectorySnapshottableFeature_ESTest'.
2024-11-12 13:41:13,118 INFO  EvoClassLoader - Seeing class for first time: org.apache.hadoop.hdfs.server.namenode.snapshot.DirectorySnapshottableFeature_ESTest_scaffolding
2024-11-12 13:41:13,118 INFO  EvoClassLoader - Instrumenting class 'org.apache.hadoop.hdfs.server.namenode.snapshot.DirectorySnapshottableFeature_ESTest_scaffolding'.
2024-11-12 13:41:13,120 INFO  EvoClassLoader - Keeping class: org.apache.hadoop.hdfs.server.namenode.snapshot.DirectorySnapshottableFeature_ESTest_scaffolding
2024-11-12 13:41:13,120 INFO  EvoClassLoader - Keeping class: org.apache.hadoop.hdfs.server.namenode.snapshot.DirectorySnapshottableFeature_ESTest
2024-11-12 13:41:13,120 INFO  EvoClassLoader - Seeing class for first time: org.apache.hadoop.hdfs.server.namenode.INodeDirectory
2024-11-12 13:41:13,120 INFO  EvoClassLoader - Instrumenting class 'org.apache.hadoop.hdfs.server.namenode.INodeDirectory'.
2024-11-12 13:41:13,121 INFO  MethodCallReplacementClassAdapter - Adding mock interface to class org/apache/hadoop/hdfs/server/namenode/INodeDirectory
2024-11-12 13:41:13,122 INFO  CreateClassResetClassAdapter - Found static initializer in class org/apache/hadoop/hdfs/server/namenode/INodeDirectory
2024-11-12 13:41:13,123 INFO  EvoClassLoader - Seeing class for first time: org.apache.hadoop.hdfs.server.namenode.INodeDirectoryAttributes
2024-11-12 13:41:13,123 INFO  EvoClassLoader - Instrumenting class 'org.apache.hadoop.hdfs.server.namenode.INodeDirectoryAttributes'.
2024-11-12 13:41:13,123 INFO  EvoClassLoader - Seeing class for first time: org.apache.hadoop.hdfs.server.namenode.INodeAttributes
2024-11-12 13:41:13,123 INFO  EvoClassLoader - Instrumenting class 'org.apache.hadoop.hdfs.server.namenode.INodeAttributes'.
2024-11-12 13:41:13,124 INFO  EvoClassLoader - Keeping class: org.apache.hadoop.hdfs.server.namenode.INodeAttributes
2024-11-12 13:41:13,124 INFO  EvoClassLoader - Keeping class: org.apache.hadoop.hdfs.server.namenode.INodeDirectoryAttributes
2024-11-12 13:41:13,124 INFO  EvoClassLoader - Seeing class for first time: org.apache.hadoop.hdfs.server.namenode.INodeWithAdditionalFields
2024-11-12 13:41:13,124 INFO  EvoClassLoader - Instrumenting class 'org.apache.hadoop.hdfs.server.namenode.INodeWithAdditionalFields'.
2024-11-12 13:41:13,124 INFO  MethodCallReplacementClassAdapter - Adding mock interface to class org/apache/hadoop/hdfs/server/namenode/INodeWithAdditionalFields
2024-11-12 13:41:13,125 INFO  CreateClassResetClassAdapter - Found static initializer in class org/apache/hadoop/hdfs/server/namenode/INodeWithAdditionalFields
2024-11-12 13:41:13,125 INFO  EvoClassLoader - Seeing class for first time: org.apache.hadoop.util.LightWeightGSet$LinkedElement
2024-11-12 13:41:13,125 INFO  EvoClassLoader - Instrumenting class 'org.apache.hadoop.util.LightWeightGSet$LinkedElement'.
2024-11-12 13:41:13,126 INFO  EvoClassLoader - Keeping class: org.apache.hadoop.util.LightWeightGSet$LinkedElement
2024-11-12 13:41:13,126 INFO  EvoClassLoader - Seeing class for first time: org.apache.hadoop.hdfs.server.namenode.INode
2024-11-12 13:41:13,126 INFO  EvoClassLoader - Instrumenting class 'org.apache.hadoop.hdfs.server.namenode.INode'.
2024-11-12 13:41:13,126 INFO  MethodCallReplacementClassAdapter - Adding mock interface to class org/apache/hadoop/hdfs/server/namenode/INode
2024-11-12 13:41:13,129 INFO  CreateClassResetClassAdapter - Found static initializer in class org/apache/hadoop/hdfs/server/namenode/INode
2024-11-12 13:41:13,129 INFO  EvoClassLoader - Seeing class for first time: org.apache.hadoop.hdfs.util.Diff$Element
2024-11-12 13:41:13,129 INFO  EvoClassLoader - Instrumenting class 'org.apache.hadoop.hdfs.util.Diff$Element'.
2024-11-12 13:41:13,129 INFO  EvoClassLoader - Keeping class: org.apache.hadoop.hdfs.util.Diff$Element
2024-11-12 13:41:13,130 INFO  EvoClassLoader - Keeping class: org.apache.hadoop.hdfs.server.namenode.INode
2024-11-12 13:41:13,130 INFO  EvoClassLoader - Keeping class: org.apache.hadoop.hdfs.server.namenode.INodeWithAdditionalFields
2024-11-12 13:41:13,130 INFO  EvoClassLoader - Keeping class: org.apache.hadoop.hdfs.server.namenode.INodeDirectory
2024-11-12 13:41:13,130 INFO  EvoClassLoader - Seeing class for first time: org.apache.hadoop.hdfs.server.namenode.snapshot.Snapshot$Root
2024-11-12 13:41:13,130 INFO  EvoClassLoader - Instrumenting class 'org.apache.hadoop.hdfs.server.namenode.snapshot.Snapshot$Root'.
2024-11-12 13:41:13,130 INFO  MethodCallReplacementClassAdapter - Adding mock interface to class org/apache/hadoop/hdfs/server/namenode/snapshot/Snapshot$Root
2024-11-12 13:41:13,130 INFO  CreateClassResetClassAdapter - Creating brand-new static initializer in class org/apache/hadoop/hdfs/server/namenode/snapshot/Snapshot$Root
2024-11-12 13:41:13,130 INFO  EvoClassLoader - Keeping class: org.apache.hadoop.hdfs.server.namenode.snapshot.Snapshot$Root
2024-11-12 13:41:13,135 INFO  EvoClassLoader - Seeing class for first time: org.apache.hadoop.hdfs.server.namenode.INode$ReclaimContext
2024-11-12 13:41:13,135 INFO  EvoClassLoader - Instrumenting class 'org.apache.hadoop.hdfs.server.namenode.INode$ReclaimContext'.
2024-11-12 13:41:13,135 INFO  MethodCallReplacementClassAdapter - Adding mock interface to class org/apache/hadoop/hdfs/server/namenode/INode$ReclaimContext
2024-11-12 13:41:13,135 INFO  CreateClassResetClassAdapter - Creating brand-new static initializer in class org/apache/hadoop/hdfs/server/namenode/INode$ReclaimContext
2024-11-12 13:41:13,135 INFO  EvoClassLoader - Keeping class: org.apache.hadoop.hdfs.server.namenode.INode$ReclaimContext
2024-11-12 13:41:13,135 INFO  EvoClassLoader - Seeing class for first time: org.apache.hadoop.hdfs.protocol.LastBlockWithStatus
2024-11-12 13:41:13,135 INFO  EvoClassLoader - Instrumenting class 'org.apache.hadoop.hdfs.protocol.LastBlockWithStatus'.
2024-11-12 13:41:13,136 INFO  MethodCallReplacementClassAdapter - Adding mock interface to class org/apache/hadoop/hdfs/protocol/LastBlockWithStatus
2024-11-12 13:41:13,136 INFO  CreateClassResetClassAdapter - Creating brand-new static initializer in class org/apache/hadoop/hdfs/protocol/LastBlockWithStatus
2024-11-12 13:41:13,136 INFO  EvoClassLoader - Defined package (3): package org.apache.hadoop.hdfs.protocol, -1396960598
2024-11-12 13:41:13,136 INFO  EvoClassLoader - Keeping class: org.apache.hadoop.hdfs.protocol.LastBlockWithStatus
2024-11-12 13:41:13,136 INFO  EvoClassLoader - Seeing class for first time: org.apache.hadoop.fs.FileSystem
2024-11-12 13:41:13,136 INFO  EvoClassLoader - Instrumenting class 'org.apache.hadoop.fs.FileSystem'.
2024-11-12 13:41:13,137 INFO  MethodCallReplacementClassAdapter - Adding mock interface to class org/apache/hadoop/fs/FileSystem
2024-11-12 13:41:13,146 INFO  CreateClassResetClassAdapter - Found static initializer in class org/apache/hadoop/fs/FileSystem
2024-11-12 13:41:13,146 INFO  EvoClassLoader - Defined package (3): package org.apache.hadoop.fs, -40118176
2024-11-12 13:41:13,147 INFO  EvoClassLoader - Seeing class for first time: org.apache.hadoop.security.token.DelegationTokenIssuer
2024-11-12 13:41:13,147 INFO  EvoClassLoader - Instrumenting class 'org.apache.hadoop.security.token.DelegationTokenIssuer'.
2024-11-12 13:41:13,148 INFO  EvoClassLoader - Defined package (3): package org.apache.hadoop.security.token, -540953378
2024-11-12 13:41:13,148 INFO  EvoClassLoader - Keeping class: org.apache.hadoop.security.token.DelegationTokenIssuer
2024-11-12 13:41:13,148 INFO  EvoClassLoader - Seeing class for first time: org.apache.hadoop.fs.PathCapabilities
2024-11-12 13:41:13,148 INFO  EvoClassLoader - Instrumenting class 'org.apache.hadoop.fs.PathCapabilities'.
2024-11-12 13:41:13,149 INFO  EvoClassLoader - Keeping class: org.apache.hadoop.fs.PathCapabilities
2024-11-12 13:41:13,149 INFO  EvoClassLoader - Seeing class for first time: org.apache.hadoop.conf.Configured
2024-11-12 13:41:13,149 INFO  EvoClassLoader - Instrumenting class 'org.apache.hadoop.conf.Configured'.
2024-11-12 13:41:13,150 INFO  MethodCallReplacementClassAdapter - Adding mock interface to class org/apache/hadoop/conf/Configured
2024-11-12 13:41:13,150 INFO  CreateClassResetClassAdapter - Creating brand-new static initializer in class org/apache/hadoop/conf/Configured
2024-11-12 13:41:13,150 INFO  EvoClassLoader - Defined package (3): package org.apache.hadoop.conf, 101048823
2024-11-12 13:41:13,150 INFO  EvoClassLoader - Seeing class for first time: org.apache.hadoop.conf.Configurable
2024-11-12 13:41:13,150 INFO  EvoClassLoader - Instrumenting class 'org.apache.hadoop.conf.Configurable'.
2024-11-12 13:41:13,151 INFO  EvoClassLoader - Keeping class: org.apache.hadoop.conf.Configurable
2024-11-12 13:41:13,151 INFO  EvoClassLoader - Keeping class: org.apache.hadoop.conf.Configured
2024-11-12 13:41:13,151 INFO  EvoClassLoader - Keeping class: org.apache.hadoop.fs.FileSystem
2024-11-12 13:41:13,151 INFO  EvoClassLoader - Seeing class for first time: org.apache.hadoop.fs.PathFilter
2024-11-12 13:41:13,151 INFO  EvoClassLoader - Instrumenting class 'org.apache.hadoop.fs.PathFilter'.
2024-11-12 13:41:13,152 INFO  EvoClassLoader - Keeping class: org.apache.hadoop.fs.PathFilter
2024-11-12 13:41:13,152 INFO  EvoClassLoader - Seeing class for first time: org.apache.hadoop.fs.RemoteIterator
2024-11-12 13:41:13,152 INFO  EvoClassLoader - Instrumenting class 'org.apache.hadoop.fs.RemoteIterator'.
2024-11-12 13:41:13,153 INFO  EvoClassLoader - Keeping class: org.apache.hadoop.fs.RemoteIterator
2024-11-12 13:41:13,153 INFO  EvoClassLoader - Seeing class for first time: org.apache.hadoop.fs.FileAlreadyExistsException
2024-11-12 13:41:13,153 INFO  EvoClassLoader - Instrumenting class 'org.apache.hadoop.fs.FileAlreadyExistsException'.
2024-11-12 13:41:13,153 INFO  MethodCallReplacementClassAdapter - Adding mock interface to class org/apache/hadoop/fs/FileAlreadyExistsException
2024-11-12 13:41:13,154 INFO  CreateClassResetClassAdapter - Creating brand-new static initializer in class org/apache/hadoop/fs/FileAlreadyExistsException
2024-11-12 13:41:13,154 INFO  EvoClassLoader - Keeping class: org.apache.hadoop.fs.FileAlreadyExistsException
2024-11-12 13:41:13,154 INFO  EvoClassLoader - Seeing class for first time: org.apache.hadoop.fs.ParentNotDirectoryException
2024-11-12 13:41:13,154 INFO  EvoClassLoader - Instrumenting class 'org.apache.hadoop.fs.ParentNotDirectoryException'.
2024-11-12 13:41:13,154 INFO  MethodCallReplacementClassAdapter - Adding mock interface to class org/apache/hadoop/fs/ParentNotDirectoryException
2024-11-12 13:41:13,155 INFO  CreateClassResetClassAdapter - Creating brand-new static initializer in class org/apache/hadoop/fs/ParentNotDirectoryException
2024-11-12 13:41:13,155 INFO  EvoClassLoader - Keeping class: org.apache.hadoop.fs.ParentNotDirectoryException
2024-11-12 13:41:13,156 INFO  EvoClassLoader - Seeing class for first time: org.apache.hadoop.fs.GlobalStorageStatistics$StorageStatisticsProvider
2024-11-12 13:41:13,156 INFO  EvoClassLoader - Instrumenting class 'org.apache.hadoop.fs.GlobalStorageStatistics$StorageStatisticsProvider'.
2024-11-12 13:41:13,157 INFO  EvoClassLoader - Keeping class: org.apache.hadoop.fs.GlobalStorageStatistics$StorageStatisticsProvider
2024-11-12 13:41:13,157 INFO  EvoClassLoader - Seeing class for first time: org.apache.hadoop.fs.CreateFlag
2024-11-12 13:41:13,157 INFO  EvoClassLoader - Instrumenting class 'org.apache.hadoop.fs.CreateFlag'.
2024-11-12 13:41:13,157 INFO  MethodCallReplacementClassAdapter - Adding mock interface to class org/apache/hadoop/fs/CreateFlag
2024-11-12 13:41:13,158 INFO  CreateClassResetClassAdapter - Found static initializer in class org/apache/hadoop/fs/CreateFlag
2024-11-12 13:41:13,158 INFO  EvoClassLoader - Keeping class: org.apache.hadoop.fs.CreateFlag
2024-11-12 13:41:13,158 INFO  EvoClassLoader - Seeing class for first time: org.apache.hadoop.fs.QuotaUsage
2024-11-12 13:41:13,158 INFO  EvoClassLoader - Instrumenting class 'org.apache.hadoop.fs.QuotaUsage'.
2024-11-12 13:41:13,158 INFO  MethodCallReplacementClassAdapter - Adding mock interface to class org/apache/hadoop/fs/QuotaUsage
2024-11-12 13:41:13,159 INFO  CreateClassResetClassAdapter - Found static initializer in class org/apache/hadoop/fs/QuotaUsage
2024-11-12 13:41:13,159 INFO  EvoClassLoader - Keeping class: org.apache.hadoop.fs.QuotaUsage
2024-11-12 13:41:13,159 INFO  EvoClassLoader - Seeing class for first time: org.apache.hadoop.fs.ContentSummary
2024-11-12 13:41:13,159 INFO  EvoClassLoader - Instrumenting class 'org.apache.hadoop.fs.ContentSummary'.
2024-11-12 13:41:13,161 INFO  MethodCallReplacementClassAdapter - Adding mock interface to class org/apache/hadoop/fs/ContentSummary
2024-11-12 13:41:13,161 INFO  CreateClassResetClassAdapter - Found static initializer in class org/apache/hadoop/fs/ContentSummary
2024-11-12 13:41:13,162 INFO  EvoClassLoader - Seeing class for first time: org.apache.hadoop.io.Writable
2024-11-12 13:41:13,162 INFO  EvoClassLoader - Instrumenting class 'org.apache.hadoop.io.Writable'.
2024-11-12 13:41:13,162 INFO  EvoClassLoader - Defined package (3): package org.apache.hadoop.io, -40118087
2024-11-12 13:41:13,162 INFO  EvoClassLoader - Keeping class: org.apache.hadoop.io.Writable
2024-11-12 13:41:13,163 INFO  EvoClassLoader - Keeping class: org.apache.hadoop.fs.ContentSummary
2024-11-12 13:41:13,163 INFO  EvoClassLoader - Seeing class for first time: org.apache.hadoop.fs.LocalFileSystem
2024-11-12 13:41:13,163 INFO  EvoClassLoader - Instrumenting class 'org.apache.hadoop.fs.LocalFileSystem'.
2024-11-12 13:41:13,163 INFO  MethodCallReplacementClassAdapter - Adding mock interface to class org/apache/hadoop/fs/LocalFileSystem
2024-11-12 13:41:13,164 INFO  CreateClassResetClassAdapter - Found static initializer in class org/apache/hadoop/fs/LocalFileSystem
2024-11-12 13:41:13,165 INFO  EvoClassLoader - Seeing class for first time: org.apache.hadoop.fs.ChecksumFileSystem
2024-11-12 13:41:13,165 INFO  EvoClassLoader - Instrumenting class 'org.apache.hadoop.fs.ChecksumFileSystem'.
2024-11-12 13:41:13,165 INFO  MethodCallReplacementClassAdapter - Adding mock interface to class org/apache/hadoop/fs/ChecksumFileSystem
2024-11-12 13:41:13,168 INFO  CreateClassResetClassAdapter - Found static initializer in class org/apache/hadoop/fs/ChecksumFileSystem
2024-11-12 13:41:13,168 INFO  EvoClassLoader - Seeing class for first time: org.apache.hadoop.fs.FilterFileSystem
2024-11-12 13:41:13,168 INFO  EvoClassLoader - Instrumenting class 'org.apache.hadoop.fs.FilterFileSystem'.
2024-11-12 13:41:13,168 INFO  MethodCallReplacementClassAdapter - Adding mock interface to class org/apache/hadoop/fs/FilterFileSystem
2024-11-12 13:41:13,169 INFO  CreateClassResetClassAdapter - Creating brand-new static initializer in class org/apache/hadoop/fs/FilterFileSystem
2024-11-12 13:41:13,169 INFO  EvoClassLoader - Keeping class: org.apache.hadoop.fs.FilterFileSystem
2024-11-12 13:41:13,169 INFO  EvoClassLoader - Keeping class: org.apache.hadoop.fs.ChecksumFileSystem
2024-11-12 13:41:13,169 INFO  EvoClassLoader - Keeping class: org.apache.hadoop.fs.LocalFileSystem
2024-11-12 13:41:13,170 INFO  EvoClassLoader - Seeing class for first time: org.apache.hadoop.security.AccessControlException
2024-11-12 13:41:13,170 INFO  EvoClassLoader - Instrumenting class 'org.apache.hadoop.security.AccessControlException'.
2024-11-12 13:41:13,170 INFO  MethodCallReplacementClassAdapter - Adding mock interface to class org/apache/hadoop/security/AccessControlException
2024-11-12 13:41:13,170 INFO  CreateClassResetClassAdapter - Creating brand-new static initializer in class org/apache/hadoop/security/AccessControlException
2024-11-12 13:41:13,170 INFO  EvoClassLoader - Defined package (3): package org.apache.hadoop.security, 1193150611
2024-11-12 13:41:13,170 INFO  EvoClassLoader - Keeping class: org.apache.hadoop.security.AccessControlException
2024-11-12 13:41:13,170 INFO  EvoClassLoader - Seeing class for first time: org.apache.hadoop.fs.XAttrSetFlag
2024-11-12 13:41:13,170 INFO  EvoClassLoader - Instrumenting class 'org.apache.hadoop.fs.XAttrSetFlag'.
2024-11-12 13:41:13,170 INFO  MethodCallReplacementClassAdapter - Adding mock interface to class org/apache/hadoop/fs/XAttrSetFlag
2024-11-12 13:41:13,171 INFO  CreateClassResetClassAdapter - Found static initializer in class org/apache/hadoop/fs/XAttrSetFlag
2024-11-12 13:41:13,171 INFO  EvoClassLoader - Keeping class: org.apache.hadoop.fs.XAttrSetFlag
2024-11-12 13:41:13,171 INFO  EvoClassLoader - Seeing class for first time: org.apache.hadoop.fs.UnsupportedFileSystemException
2024-11-12 13:41:13,171 INFO  EvoClassLoader - Instrumenting class 'org.apache.hadoop.fs.UnsupportedFileSystemException'.
2024-11-12 13:41:13,171 INFO  MethodCallReplacementClassAdapter - Adding mock interface to class org/apache/hadoop/fs/UnsupportedFileSystemException
2024-11-12 13:41:13,171 INFO  CreateClassResetClassAdapter - Creating brand-new static initializer in class org/apache/hadoop/fs/UnsupportedFileSystemException
2024-11-12 13:41:13,171 INFO  EvoClassLoader - Keeping class: org.apache.hadoop.fs.UnsupportedFileSystemException
2024-11-12 13:41:13,171 INFO  EvoClassLoader - Seeing class for first time: org.apache.hadoop.fs.StorageStatistics
2024-11-12 13:41:13,171 INFO  EvoClassLoader - Instrumenting class 'org.apache.hadoop.fs.StorageStatistics'.
2024-11-12 13:41:13,171 INFO  MethodCallReplacementClassAdapter - Adding mock interface to class org/apache/hadoop/fs/StorageStatistics
2024-11-12 13:41:13,172 INFO  CreateClassResetClassAdapter - Creating brand-new static initializer in class org/apache/hadoop/fs/StorageStatistics
2024-11-12 13:41:13,172 INFO  EvoClassLoader - Keeping class: org.apache.hadoop.fs.StorageStatistics
2024-11-12 13:41:13,172 INFO  EvoClassLoader - Seeing class for first time: org.apache.hadoop.fs.EmptyStorageStatistics
2024-11-12 13:41:13,172 INFO  EvoClassLoader - Instrumenting class 'org.apache.hadoop.fs.EmptyStorageStatistics'.
2024-11-12 13:41:13,172 INFO  MethodCallReplacementClassAdapter - Adding mock interface to class org/apache/hadoop/fs/EmptyStorageStatistics
2024-11-12 13:41:13,172 INFO  CreateClassResetClassAdapter - Creating brand-new static initializer in class org/apache/hadoop/fs/EmptyStorageStatistics
2024-11-12 13:41:13,172 INFO  EvoClassLoader - Keeping class: org.apache.hadoop.fs.EmptyStorageStatistics
2024-11-12 13:41:13,172 INFO  EvoClassLoader - Seeing class for first time: org.apache.hadoop.fs.FSDataOutputStreamBuilder
2024-11-12 13:41:13,172 INFO  EvoClassLoader - Instrumenting class 'org.apache.hadoop.fs.FSDataOutputStreamBuilder'.
2024-11-12 13:41:13,172 INFO  MethodCallReplacementClassAdapter - Adding mock interface to class org/apache/hadoop/fs/FSDataOutputStreamBuilder
2024-11-12 13:41:13,172 INFO  CreateClassResetClassAdapter - Creating brand-new static initializer in class org/apache/hadoop/fs/FSDataOutputStreamBuilder
2024-11-12 13:41:13,172 INFO  EvoClassLoader - Seeing class for first time: org.apache.hadoop.fs.impl.AbstractFSBuilderImpl
2024-11-12 13:41:13,172 INFO  EvoClassLoader - Instrumenting class 'org.apache.hadoop.fs.impl.AbstractFSBuilderImpl'.
2024-11-12 13:41:13,173 INFO  MethodCallReplacementClassAdapter - Adding mock interface to class org/apache/hadoop/fs/impl/AbstractFSBuilderImpl
2024-11-12 13:41:13,173 INFO  CreateClassResetClassAdapter - Creating brand-new static initializer in class org/apache/hadoop/fs/impl/AbstractFSBuilderImpl
2024-11-12 13:41:13,173 INFO  CreateClassResetClassAdapter - Adding bytecode for initializing field UNKNOWN_MANDATORY_KEY
2024-11-12 13:41:13,173 INFO  CreateClassResetClassAdapter - Adding bytecode for initializing field E_BOTH_A_PATH_AND_A_PATH_HANDLE
2024-11-12 13:41:13,173 INFO  EvoClassLoader - Defined package (3): package org.apache.hadoop.fs.impl, -2003435794
2024-11-12 13:41:13,173 INFO  EvoClassLoader - Seeing class for first time: org.apache.hadoop.fs.FSBuilder
2024-11-12 13:41:13,173 INFO  EvoClassLoader - Instrumenting class 'org.apache.hadoop.fs.FSBuilder'.
2024-11-12 13:41:13,173 INFO  EvoClassLoader - Keeping class: org.apache.hadoop.fs.FSBuilder
2024-11-12 13:41:13,173 INFO  EvoClassLoader - Keeping class: org.apache.hadoop.fs.impl.AbstractFSBuilderImpl
2024-11-12 13:41:13,173 INFO  EvoClassLoader - Keeping class: org.apache.hadoop.fs.FSDataOutputStreamBuilder
2024-11-12 13:41:13,173 INFO  EvoClassLoader - Seeing class for first time: org.apache.hadoop.fs.FileSystem$FileSystemDataOutputStreamBuilder
2024-11-12 13:41:13,173 INFO  EvoClassLoader - Instrumenting class 'org.apache.hadoop.fs.FileSystem$FileSystemDataOutputStreamBuilder'.
2024-11-12 13:41:13,174 INFO  MethodCallReplacementClassAdapter - Adding mock interface to class org/apache/hadoop/fs/FileSystem$FileSystemDataOutputStreamBuilder
2024-11-12 13:41:13,174 INFO  CreateClassResetClassAdapter - Creating brand-new static initializer in class org/apache/hadoop/fs/FileSystem$FileSystemDataOutputStreamBuilder
2024-11-12 13:41:13,174 INFO  EvoClassLoader - Keeping class: org.apache.hadoop.fs.FileSystem$FileSystemDataOutputStreamBuilder
2024-11-12 13:41:13,175 INFO  EvoClassLoader - Seeing class for first time: org.apache.commons.logging.impl.Log4JLogger
2024-11-12 13:41:13,175 INFO  EvoClassLoader - Instrumenting class 'org.apache.commons.logging.impl.Log4JLogger'.
2024-11-12 13:41:13,176 INFO  MethodCallReplacementClassAdapter - Adding mock interface to class org/apache/commons/logging/impl/Log4JLogger
2024-11-12 13:41:13,176 INFO  CreateClassResetClassAdapter - Found static initializer in class org/apache/commons/logging/impl/Log4JLogger
2024-11-12 13:41:13,177 INFO  EvoClassLoader - Keeping class: org.apache.commons.logging.impl.Log4JLogger
2024-11-12 13:41:13,177 INFO  EvoClassLoader - Seeing class for first time: org.apache.log4j.Category
2024-11-12 13:41:13,177 INFO  EvoClassLoader - Instrumenting class 'org.apache.log4j.Category'.
2024-11-12 13:41:13,177 INFO  MethodCallReplacementClassAdapter - Adding mock interface to class org/apache/log4j/Category
2024-11-12 13:41:13,178 INFO  CreateClassResetClassAdapter - Found static initializer in class org/apache/log4j/Category
2024-11-12 13:41:13,178 INFO  EvoClassLoader - Seeing class for first time: org.apache.log4j.spi.AppenderAttachable
2024-11-12 13:41:13,178 INFO  EvoClassLoader - Instrumenting class 'org.apache.log4j.spi.AppenderAttachable'.
2024-11-12 13:41:13,178 INFO  EvoClassLoader - Keeping class: org.apache.log4j.spi.AppenderAttachable
2024-11-12 13:41:13,178 INFO  EvoClassLoader - Keeping class: org.apache.log4j.Category
2024-11-12 13:41:13,178 INFO  EvoClassLoader - Seeing class for first time: org.apache.log4j.Logger
2024-11-12 13:41:13,178 INFO  EvoClassLoader - Instrumenting class 'org.apache.log4j.Logger'.
2024-11-12 13:41:13,179 INFO  MethodCallReplacementClassAdapter - Adding mock interface to class org/apache/log4j/Logger
2024-11-12 13:41:13,179 INFO  CreateClassResetClassAdapter - Found static initializer in class org/apache/log4j/Logger
2024-11-12 13:41:13,179 INFO  EvoClassLoader - Keeping class: org.apache.log4j.Logger
2024-11-12 13:41:13,179 INFO  EvoClassLoader - Seeing class for first time: org.apache.log4j.Priority
2024-11-12 13:41:13,179 INFO  EvoClassLoader - Instrumenting class 'org.apache.log4j.Priority'.
2024-11-12 13:41:13,179 INFO  MethodCallReplacementClassAdapter - Adding mock interface to class org/apache/log4j/Priority
2024-11-12 13:41:13,179 INFO  CreateClassResetClassAdapter - Found static initializer in class org/apache/log4j/Priority
2024-11-12 13:41:13,179 INFO  EvoClassLoader - Keeping class: org.apache.log4j.Priority
2024-11-12 13:41:13,179 INFO  EvoClassLoader - Seeing class for first time: org.apache.log4j.Level
2024-11-12 13:41:13,179 INFO  EvoClassLoader - Instrumenting class 'org.apache.log4j.Level'.
2024-11-12 13:41:13,179 INFO  MethodCallReplacementClassAdapter - Adding mock interface to class org/apache/log4j/Level
2024-11-12 13:41:13,180 INFO  CreateClassResetClassAdapter - Found static initializer in class org/apache/log4j/Level
2024-11-12 13:41:13,180 INFO  EvoClassLoader - Keeping class: org.apache.log4j.Level
2024-11-12 13:41:13,181 INFO  EvoClassLoader - Seeing class for first time: org.apache.log4j.LogManager
2024-11-12 13:41:13,181 INFO  EvoClassLoader - Instrumenting class 'org.apache.log4j.LogManager'.
2024-11-12 13:41:13,182 INFO  MethodCallReplacementClassAdapter - Adding mock interface to class org/apache/log4j/LogManager
2024-11-12 13:41:13,184 INFO  CreateClassResetClassAdapter - Found static initializer in class org/apache/log4j/LogManager
2024-11-12 13:41:13,185 INFO  EvoClassLoader - Keeping class: org.apache.log4j.LogManager
2024-11-12 13:41:13,185 INFO  EvoClassLoader - Seeing class for first time: org.apache.log4j.spi.RootLogger
2024-11-12 13:41:13,185 INFO  EvoClassLoader - Instrumenting class 'org.apache.log4j.spi.RootLogger'.
2024-11-12 13:41:13,185 INFO  MethodCallReplacementClassAdapter - Adding mock interface to class org/apache/log4j/spi/RootLogger
2024-11-12 13:41:13,186 INFO  CreateClassResetClassAdapter - Creating brand-new static initializer in class org/apache/log4j/spi/RootLogger
2024-11-12 13:41:13,186 INFO  EvoClassLoader - Keeping class: org.apache.log4j.spi.RootLogger
2024-11-12 13:41:13,186 INFO  EvoClassLoader - Seeing class for first time: org.apache.log4j.spi.LoggerRepository
2024-11-12 13:41:13,186 INFO  EvoClassLoader - Instrumenting class 'org.apache.log4j.spi.LoggerRepository'.
2024-11-12 13:41:13,186 INFO  EvoClassLoader - Keeping class: org.apache.log4j.spi.LoggerRepository
2024-11-12 13:41:13,186 INFO  EvoClassLoader - Seeing class for first time: org.apache.log4j.spi.RepositorySelector
2024-11-12 13:41:13,186 INFO  EvoClassLoader - Instrumenting class 'org.apache.log4j.spi.RepositorySelector'.
2024-11-12 13:41:13,187 INFO  EvoClassLoader - Keeping class: org.apache.log4j.spi.RepositorySelector
2024-11-12 13:41:13,187 INFO  EvoClassLoader - Seeing class for first time: org.apache.log4j.Hierarchy
2024-11-12 13:41:13,187 INFO  EvoClassLoader - Instrumenting class 'org.apache.log4j.Hierarchy'.
2024-11-12 13:41:13,187 INFO  MethodCallReplacementClassAdapter - Adding mock interface to class org/apache/log4j/Hierarchy
2024-11-12 13:41:13,188 INFO  CreateClassResetClassAdapter - Creating brand-new static initializer in class org/apache/log4j/Hierarchy
2024-11-12 13:41:13,188 INFO  EvoClassLoader - Seeing class for first time: org.apache.log4j.spi.RendererSupport
2024-11-12 13:41:13,188 INFO  EvoClassLoader - Instrumenting class 'org.apache.log4j.spi.RendererSupport'.
2024-11-12 13:41:13,189 INFO  EvoClassLoader - Keeping class: org.apache.log4j.spi.RendererSupport
2024-11-12 13:41:13,189 INFO  EvoClassLoader - Seeing class for first time: org.apache.log4j.spi.ThrowableRendererSupport
2024-11-12 13:41:13,189 INFO  EvoClassLoader - Instrumenting class 'org.apache.log4j.spi.ThrowableRendererSupport'.
2024-11-12 13:41:13,189 INFO  EvoClassLoader - Keeping class: org.apache.log4j.spi.ThrowableRendererSupport
2024-11-12 13:41:13,189 INFO  EvoClassLoader - Keeping class: org.apache.log4j.Hierarchy
2024-11-12 13:41:13,190 INFO  EvoClassLoader - Seeing class for first time: org.apache.log4j.spi.LoggerFactory
2024-11-12 13:41:13,190 INFO  EvoClassLoader - Instrumenting class 'org.apache.log4j.spi.LoggerFactory'.
2024-11-12 13:41:13,190 INFO  EvoClassLoader - Keeping class: org.apache.log4j.spi.LoggerFactory
2024-11-12 13:41:13,190 INFO  EvoClassLoader - Seeing class for first time: org.apache.log4j.or.RendererMap
2024-11-12 13:41:13,190 INFO  EvoClassLoader - Instrumenting class 'org.apache.log4j.or.RendererMap'.
2024-11-12 13:41:13,191 INFO  MethodCallReplacementClassAdapter - Adding mock interface to class org/apache/log4j/or/RendererMap
2024-11-12 13:41:13,191 INFO  CreateClassResetClassAdapter - Found static initializer in class org/apache/log4j/or/RendererMap
2024-11-12 13:41:13,191 INFO  EvoClassLoader - Keeping class: org.apache.log4j.or.RendererMap
2024-11-12 13:41:13,191 INFO  EvoClassLoader - Seeing class for first time: org.apache.log4j.or.ObjectRenderer
2024-11-12 13:41:13,191 INFO  EvoClassLoader - Instrumenting class 'org.apache.log4j.or.ObjectRenderer'.
2024-11-12 13:41:13,191 INFO  EvoClassLoader - Keeping class: org.apache.log4j.or.ObjectRenderer
2024-11-12 13:41:13,192 INFO  EvoClassLoader - Seeing class for first time: org.apache.log4j.or.DefaultRenderer
2024-11-12 13:41:13,192 INFO  EvoClassLoader - Instrumenting class 'org.apache.log4j.or.DefaultRenderer'.
2024-11-12 13:41:13,192 INFO  MethodCallReplacementClassAdapter - Adding mock interface to class org/apache/log4j/or/DefaultRenderer
2024-11-12 13:41:13,192 INFO  CreateClassResetClassAdapter - Creating brand-new static initializer in class org/apache/log4j/or/DefaultRenderer
2024-11-12 13:41:13,192 INFO  EvoClassLoader - Keeping class: org.apache.log4j.or.DefaultRenderer
2024-11-12 13:41:13,192 INFO  EvoClassLoader - Seeing class for first time: org.apache.log4j.DefaultCategoryFactory
2024-11-12 13:41:13,192 INFO  EvoClassLoader - Instrumenting class 'org.apache.log4j.DefaultCategoryFactory'.
2024-11-12 13:41:13,192 INFO  MethodCallReplacementClassAdapter - Adding mock interface to class org/apache/log4j/DefaultCategoryFactory
2024-11-12 13:41:13,192 INFO  CreateClassResetClassAdapter - Creating brand-new static initializer in class org/apache/log4j/DefaultCategoryFactory
2024-11-12 13:41:13,193 INFO  EvoClassLoader - Keeping class: org.apache.log4j.DefaultCategoryFactory
2024-11-12 13:41:13,193 INFO  EvoClassLoader - Seeing class for first time: org.apache.log4j.spi.DefaultRepositorySelector
2024-11-12 13:41:13,193 INFO  EvoClassLoader - Instrumenting class 'org.apache.log4j.spi.DefaultRepositorySelector'.
2024-11-12 13:41:13,193 INFO  MethodCallReplacementClassAdapter - Adding mock interface to class org/apache/log4j/spi/DefaultRepositorySelector
2024-11-12 13:41:13,193 INFO  CreateClassResetClassAdapter - Creating brand-new static initializer in class org/apache/log4j/spi/DefaultRepositorySelector
2024-11-12 13:41:13,193 INFO  EvoClassLoader - Keeping class: org.apache.log4j.spi.DefaultRepositorySelector
2024-11-12 13:41:13,193 INFO  EvoClassLoader - Seeing class for first time: org.apache.log4j.helpers.OptionConverter
2024-11-12 13:41:13,193 INFO  EvoClassLoader - Instrumenting class 'org.apache.log4j.helpers.OptionConverter'.
2024-11-12 13:41:13,193 INFO  MethodCallReplacementClassAdapter - Adding mock interface to class org/apache/log4j/helpers/OptionConverter
2024-11-12 13:41:13,195 INFO  CreateClassResetClassAdapter - Found static initializer in class org/apache/log4j/helpers/OptionConverter
2024-11-12 13:41:13,196 INFO  EvoClassLoader - Keeping class: org.apache.log4j.helpers.OptionConverter
2024-11-12 13:41:13,196 INFO  EvoClassLoader - Seeing class for first time: org.apache.log4j.spi.Configurator
2024-11-12 13:41:13,196 INFO  EvoClassLoader - Instrumenting class 'org.apache.log4j.spi.Configurator'.
2024-11-12 13:41:13,196 INFO  EvoClassLoader - Keeping class: org.apache.log4j.spi.Configurator
2024-11-12 13:41:13,196 INFO  EvoClassLoader - Seeing class for first time: org.apache.log4j.helpers.Loader
2024-11-12 13:41:13,196 INFO  EvoClassLoader - Instrumenting class 'org.apache.log4j.helpers.Loader'.
2024-11-12 13:41:13,197 INFO  MethodCallReplacementClassAdapter - Adding mock interface to class org/apache/log4j/helpers/Loader
2024-11-12 13:41:13,197 INFO  CreateClassResetClassAdapter - Found static initializer in class org/apache/log4j/helpers/Loader
2024-11-12 13:41:13,197 INFO  EvoClassLoader - Keeping class: org.apache.log4j.helpers.Loader
2024-11-12 13:41:13,197 INFO  EvoClassLoader - Seeing class for first time: org.apache.log4j.helpers.LogLog
2024-11-12 13:41:13,197 INFO  EvoClassLoader - Instrumenting class 'org.apache.log4j.helpers.LogLog'.
2024-11-12 13:41:13,197 INFO  MethodCallReplacementClassAdapter - Adding mock interface to class org/apache/log4j/helpers/LogLog
2024-11-12 13:41:13,197 INFO  CreateClassResetClassAdapter - Found static initializer in class org/apache/log4j/helpers/LogLog
2024-11-12 13:41:13,198 INFO  EvoClassLoader - Keeping class: org.apache.log4j.helpers.LogLog
2024-11-12 13:41:13,198 INFO  EvoClassLoader - Seeing class for first time: org.apache.log4j.PropertyConfigurator
2024-11-12 13:41:13,198 INFO  EvoClassLoader - Instrumenting class 'org.apache.log4j.PropertyConfigurator'.
2024-11-12 13:41:13,198 INFO  MethodCallReplacementClassAdapter - Adding mock interface to class org/apache/log4j/PropertyConfigurator
2024-11-12 13:41:13,199 INFO  CreateClassResetClassAdapter - Creating brand-new static initializer in class org/apache/log4j/PropertyConfigurator
2024-11-12 13:41:13,199 INFO  CreateClassResetClassAdapter - Adding bytecode for initializing field CATEGORY_PREFIX
2024-11-12 13:41:13,199 INFO  CreateClassResetClassAdapter - Adding bytecode for initializing field LOGGER_PREFIX
2024-11-12 13:41:13,199 INFO  CreateClassResetClassAdapter - Adding bytecode for initializing field FACTORY_PREFIX
2024-11-12 13:41:13,199 INFO  CreateClassResetClassAdapter - Adding bytecode for initializing field ADDITIVITY_PREFIX
2024-11-12 13:41:13,199 INFO  CreateClassResetClassAdapter - Adding bytecode for initializing field ROOT_CATEGORY_PREFIX
2024-11-12 13:41:13,199 INFO  CreateClassResetClassAdapter - Adding bytecode for initializing field ROOT_LOGGER_PREFIX
2024-11-12 13:41:13,199 INFO  CreateClassResetClassAdapter - Adding bytecode for initializing field APPENDER_PREFIX
2024-11-12 13:41:13,199 INFO  CreateClassResetClassAdapter - Adding bytecode for initializing field RENDERER_PREFIX
2024-11-12 13:41:13,199 INFO  CreateClassResetClassAdapter - Adding bytecode for initializing field THRESHOLD_PREFIX
2024-11-12 13:41:13,199 INFO  CreateClassResetClassAdapter - Adding bytecode for initializing field THROWABLE_RENDERER_PREFIX
2024-11-12 13:41:13,199 INFO  CreateClassResetClassAdapter - Adding bytecode for initializing field LOGGER_REF
2024-11-12 13:41:13,199 INFO  CreateClassResetClassAdapter - Adding bytecode for initializing field ROOT_REF
2024-11-12 13:41:13,199 INFO  CreateClassResetClassAdapter - Adding bytecode for initializing field APPENDER_REF_TAG
2024-11-12 13:41:13,199 INFO  CreateClassResetClassAdapter - Adding bytecode for initializing field LOGGER_FACTORY_KEY
2024-11-12 13:41:13,199 INFO  CreateClassResetClassAdapter - Adding bytecode for initializing field RESET_KEY
2024-11-12 13:41:13,199 INFO  CreateClassResetClassAdapter - Adding bytecode for initializing field INTERNAL_ROOT_NAME
2024-11-12 13:41:13,199 INFO  EvoClassLoader - Keeping class: org.apache.log4j.PropertyConfigurator
2024-11-12 13:41:13,200 INFO  EvoClassLoader - Seeing class for first time: org.apache.log4j.CategoryKey
2024-11-12 13:41:13,200 INFO  EvoClassLoader - Instrumenting class 'org.apache.log4j.CategoryKey'.
2024-11-12 13:41:13,200 INFO  MethodCallReplacementClassAdapter - Adding mock interface to class org/apache/log4j/CategoryKey
2024-11-12 13:41:13,201 INFO  CreateClassResetClassAdapter - Creating brand-new static initializer in class org/apache/log4j/CategoryKey
2024-11-12 13:41:13,201 INFO  EvoClassLoader - Keeping class: org.apache.log4j.CategoryKey
2024-11-12 13:41:13,201 INFO  EvoClassLoader - Seeing class for first time: org.apache.log4j.ProvisionNode
2024-11-12 13:41:13,201 INFO  EvoClassLoader - Instrumenting class 'org.apache.log4j.ProvisionNode'.
2024-11-12 13:41:13,201 INFO  MethodCallReplacementClassAdapter - Adding mock interface to class org/apache/log4j/ProvisionNode
2024-11-12 13:41:13,201 INFO  CreateClassResetClassAdapter - Creating brand-new static initializer in class org/apache/log4j/ProvisionNode
2024-11-12 13:41:13,201 INFO  EvoClassLoader - Keeping class: org.apache.log4j.ProvisionNode
2024-11-12 13:41:13,201 INFO  EvoClassLoader - Seeing class for first time: org.apache.hadoop.fs.FileSystem$Cache
2024-11-12 13:41:13,201 INFO  EvoClassLoader - Instrumenting class 'org.apache.hadoop.fs.FileSystem$Cache'.
2024-11-12 13:41:13,201 INFO  MethodCallReplacementClassAdapter - Adding mock interface to class org/apache/hadoop/fs/FileSystem$Cache
2024-11-12 13:41:13,202 INFO  CreateClassResetClassAdapter - Found static initializer in class org/apache/hadoop/fs/FileSystem$Cache
2024-11-12 13:41:13,203 INFO  EvoClassLoader - Keeping class: org.apache.hadoop.fs.FileSystem$Cache
2024-11-12 13:41:13,203 INFO  EvoClassLoader - Seeing class for first time: org.apache.hadoop.conf.Configuration
2024-11-12 13:41:13,203 INFO  EvoClassLoader - Instrumenting class 'org.apache.hadoop.conf.Configuration'.
2024-11-12 13:41:13,204 INFO  MethodCallReplacementClassAdapter - Adding mock interface to class org/apache/hadoop/conf/Configuration
2024-11-12 13:41:13,207 INFO  CreateClassResetClassAdapter - Found static initializer in class org/apache/hadoop/conf/Configuration
2024-11-12 13:41:13,208 INFO  EvoClassLoader - Keeping class: org.apache.hadoop.conf.Configuration
2024-11-12 13:41:13,209 INFO  EvoClassLoader - Seeing class for first time: com.ctc.wstx.io.InputBootstrapper
2024-11-12 13:41:13,209 INFO  EvoClassLoader - Instrumenting class 'com.ctc.wstx.io.InputBootstrapper'.
2024-11-12 13:41:13,209 INFO  MethodCallReplacementClassAdapter - Adding mock interface to class com/ctc/wstx/io/InputBootstrapper
2024-11-12 13:41:13,210 INFO  CreateClassResetClassAdapter - Creating brand-new static initializer in class com/ctc/wstx/io/InputBootstrapper
2024-11-12 13:41:13,210 INFO  CreateClassResetClassAdapter - Adding bytecode for initializing field ERR_XMLDECL_KW_VERSION
2024-11-12 13:41:13,210 INFO  CreateClassResetClassAdapter - Adding bytecode for initializing field ERR_XMLDECL_KW_ENCODING
2024-11-12 13:41:13,210 INFO  CreateClassResetClassAdapter - Adding bytecode for initializing field ERR_XMLDECL_KW_STANDALONE
2024-11-12 13:41:13,210 INFO  CreateClassResetClassAdapter - Adding bytecode for initializing field ERR_XMLDECL_END_MARKER
2024-11-12 13:41:13,210 INFO  CreateClassResetClassAdapter - Adding bytecode for initializing field ERR_XMLDECL_EXP_SPACE
2024-11-12 13:41:13,210 INFO  CreateClassResetClassAdapter - Adding bytecode for initializing field ERR_XMLDECL_EXP_EQ
2024-11-12 13:41:13,210 INFO  CreateClassResetClassAdapter - Adding bytecode for initializing field ERR_XMLDECL_EXP_ATTRVAL
2024-11-12 13:41:13,210 INFO  CreateClassResetClassAdapter - Adding bytecode for initializing field CHAR_NULL
2024-11-12 13:41:13,210 INFO  CreateClassResetClassAdapter - Adding bytecode for initializing field CHAR_SPACE
2024-11-12 13:41:13,210 INFO  CreateClassResetClassAdapter - Adding bytecode for initializing field CHAR_NEL
2024-11-12 13:41:13,210 INFO  CreateClassResetClassAdapter - Adding bytecode for initializing field CHAR_CR
2024-11-12 13:41:13,210 INFO  CreateClassResetClassAdapter - Adding bytecode for initializing field CHAR_LF
2024-11-12 13:41:13,210 INFO  CreateClassResetClassAdapter - Adding bytecode for initializing field BYTE_NULL
2024-11-12 13:41:13,210 INFO  CreateClassResetClassAdapter - Adding bytecode for initializing field BYTE_CR
2024-11-12 13:41:13,210 INFO  CreateClassResetClassAdapter - Adding bytecode for initializing field BYTE_LF
2024-11-12 13:41:13,210 INFO  EvoClassLoader - Defined package (3): package com.ctc.wstx.io, 1195124395
2024-11-12 13:41:13,210 INFO  EvoClassLoader - Keeping class: com.ctc.wstx.io.InputBootstrapper
2024-11-12 13:41:13,210 INFO  EvoClassLoader - Seeing class for first time: com.ctc.wstx.io.StreamBootstrapper
2024-11-12 13:41:13,210 INFO  EvoClassLoader - Instrumenting class 'com.ctc.wstx.io.StreamBootstrapper'.
2024-11-12 13:41:13,211 INFO  MethodCallReplacementClassAdapter - Adding mock interface to class com/ctc/wstx/io/StreamBootstrapper
2024-11-12 13:41:13,215 INFO  CreateClassResetClassAdapter - Creating brand-new static initializer in class com/ctc/wstx/io/StreamBootstrapper
2024-11-12 13:41:13,215 INFO  CreateClassResetClassAdapter - Adding bytecode for initializing field MIN_BUF_SIZE
2024-11-12 13:41:13,216 INFO  EvoClassLoader - Keeping class: com.ctc.wstx.io.StreamBootstrapper
2024-11-12 13:41:13,218 INFO  EvoClassLoader - Seeing class for first time: org.apache.hadoop.conf.Configuration$NegativeCacheSentinel
2024-11-12 13:41:13,218 INFO  EvoClassLoader - Instrumenting class 'org.apache.hadoop.conf.Configuration$NegativeCacheSentinel'.
2024-11-12 13:41:13,219 INFO  MethodCallReplacementClassAdapter - Adding mock interface to class org/apache/hadoop/conf/Configuration$NegativeCacheSentinel
2024-11-12 13:41:13,219 INFO  CreateClassResetClassAdapter - Creating brand-new static initializer in class org/apache/hadoop/conf/Configuration$NegativeCacheSentinel
2024-11-12 13:41:13,220 INFO  EvoClassLoader - Keeping class: org.apache.hadoop.conf.Configuration$NegativeCacheSentinel
2024-11-12 13:41:13,220 INFO  EvoClassLoader - Seeing class for first time: com.ctc.wstx.stax.WstxInputFactory
2024-11-12 13:41:13,220 INFO  EvoClassLoader - Instrumenting class 'com.ctc.wstx.stax.WstxInputFactory'.
2024-11-12 13:41:13,220 INFO  MethodCallReplacementClassAdapter - Adding mock interface to class com/ctc/wstx/stax/WstxInputFactory
2024-11-12 13:41:13,224 INFO  CreateClassResetClassAdapter - Found static initializer in class com/ctc/wstx/stax/WstxInputFactory
2024-11-12 13:41:13,224 INFO  EvoClassLoader - Defined package (3): package com.ctc.wstx.stax, 1758581405
2024-11-12 13:41:13,225 INFO  EvoClassLoader - Seeing class for first time: com.ctc.wstx.sr.ReaderCreator
2024-11-12 13:41:13,225 INFO  EvoClassLoader - Instrumenting class 'com.ctc.wstx.sr.ReaderCreator'.
2024-11-12 13:41:13,225 INFO  EvoClassLoader - Defined package (3): package com.ctc.wstx.sr, 1195124708
2024-11-12 13:41:13,225 INFO  EvoClassLoader - Keeping class: com.ctc.wstx.sr.ReaderCreator
2024-11-12 13:41:13,225 INFO  EvoClassLoader - Seeing class for first time: com.ctc.wstx.cfg.InputConfigFlags
2024-11-12 13:41:13,225 INFO  EvoClassLoader - Instrumenting class 'com.ctc.wstx.cfg.InputConfigFlags'.
2024-11-12 13:41:13,225 INFO  EvoClassLoader - Defined package (3): package com.ctc.wstx.cfg, -1605855361
2024-11-12 13:41:13,225 INFO  EvoClassLoader - Keeping class: com.ctc.wstx.cfg.InputConfigFlags
2024-11-12 13:41:13,225 INFO  EvoClassLoader - Seeing class for first time: org.codehaus.stax2.XMLInputFactory2
2024-11-12 13:41:13,225 INFO  EvoClassLoader - Instrumenting class 'org.codehaus.stax2.XMLInputFactory2'.
2024-11-12 13:41:13,226 INFO  MethodCallReplacementClassAdapter - Adding mock interface to class org/codehaus/stax2/XMLInputFactory2
2024-11-12 13:41:13,226 INFO  CreateClassResetClassAdapter - Creating brand-new static initializer in class org/codehaus/stax2/XMLInputFactory2
2024-11-12 13:41:13,226 INFO  CreateClassResetClassAdapter - Adding bytecode for initializing field P_REPORT_PROLOG_WHITESPACE
2024-11-12 13:41:13,226 INFO  CreateClassResetClassAdapter - Adding bytecode for initializing field P_REPORT_CDATA
2024-11-12 13:41:13,226 INFO  CreateClassResetClassAdapter - Adding bytecode for initializing field P_LAZY_PARSING
2024-11-12 13:41:13,226 INFO  CreateClassResetClassAdapter - Adding bytecode for initializing field P_INTERN_NAMES
2024-11-12 13:41:13,226 INFO  CreateClassResetClassAdapter - Adding bytecode for initializing field P_INTERN_NS_URIS
2024-11-12 13:41:13,226 INFO  CreateClassResetClassAdapter - Adding bytecode for initializing field P_PRESERVE_LOCATION
2024-11-12 13:41:13,226 INFO  CreateClassResetClassAdapter - Adding bytecode for initializing field P_AUTO_CLOSE_INPUT
2024-11-12 13:41:13,226 INFO  CreateClassResetClassAdapter - Adding bytecode for initializing field P_DTD_OVERRIDE
2024-11-12 13:41:13,226 INFO  EvoClassLoader - Defined package (3): package org.codehaus.stax2, -1889860742
2024-11-12 13:41:13,226 INFO  EvoClassLoader - Seeing class for first time: org.codehaus.stax2.XMLStreamProperties
2024-11-12 13:41:13,226 INFO  EvoClassLoader - Instrumenting class 'org.codehaus.stax2.XMLStreamProperties'.
2024-11-12 13:41:13,226 INFO  EvoClassLoader - Keeping class: org.codehaus.stax2.XMLStreamProperties
2024-11-12 13:41:13,226 INFO  EvoClassLoader - Keeping class: org.codehaus.stax2.XMLInputFactory2
2024-11-12 13:41:13,226 INFO  EvoClassLoader - Keeping class: com.ctc.wstx.stax.WstxInputFactory
2024-11-12 13:41:13,226 INFO  EvoClassLoader - Seeing class for first time: com.ctc.wstx.exc.WstxIOException
2024-11-12 13:41:13,226 INFO  EvoClassLoader - Instrumenting class 'com.ctc.wstx.exc.WstxIOException'.
2024-11-12 13:41:13,226 INFO  MethodCallReplacementClassAdapter - Adding mock interface to class com/ctc/wstx/exc/WstxIOException
2024-11-12 13:41:13,226 INFO  CreateClassResetClassAdapter - Creating brand-new static initializer in class com/ctc/wstx/exc/WstxIOException
2024-11-12 13:41:13,226 INFO  EvoClassLoader - Defined package (3): package com.ctc.wstx.exc, -1605852885
2024-11-12 13:41:13,226 INFO  EvoClassLoader - Seeing class for first time: com.ctc.wstx.exc.WstxException
2024-11-12 13:41:13,226 INFO  EvoClassLoader - Instrumenting class 'com.ctc.wstx.exc.WstxException'.
2024-11-12 13:41:13,227 INFO  MethodCallReplacementClassAdapter - Adding mock interface to class com/ctc/wstx/exc/WstxException
2024-11-12 13:41:13,227 INFO  CreateClassResetClassAdapter - Creating brand-new static initializer in class com/ctc/wstx/exc/WstxException
2024-11-12 13:41:13,227 INFO  EvoClassLoader - Keeping class: com.ctc.wstx.exc.WstxException
2024-11-12 13:41:13,227 INFO  EvoClassLoader - Keeping class: com.ctc.wstx.exc.WstxIOException
2024-11-12 13:41:13,227 INFO  EvoClassLoader - Seeing class for first time: com.ctc.wstx.io.ReaderBootstrapper
2024-11-12 13:41:13,227 INFO  EvoClassLoader - Instrumenting class 'com.ctc.wstx.io.ReaderBootstrapper'.
2024-11-12 13:41:13,227 INFO  MethodCallReplacementClassAdapter - Adding mock interface to class com/ctc/wstx/io/ReaderBootstrapper
2024-11-12 13:41:13,227 INFO  CreateClassResetClassAdapter - Creating brand-new static initializer in class com/ctc/wstx/io/ReaderBootstrapper
2024-11-12 13:41:13,228 INFO  CreateClassResetClassAdapter - Adding bytecode for initializing field CHAR_BOM_MARKER
2024-11-12 13:41:13,228 INFO  EvoClassLoader - Keeping class: com.ctc.wstx.io.ReaderBootstrapper
2024-11-12 13:41:13,228 INFO  EvoClassLoader - Seeing class for first time: org.codehaus.stax2.XMLStreamReader2
2024-11-12 13:41:13,228 INFO  EvoClassLoader - Instrumenting class 'org.codehaus.stax2.XMLStreamReader2'.
2024-11-12 13:41:13,229 INFO  EvoClassLoader - Seeing class for first time: org.codehaus.stax2.typed.TypedXMLStreamReader
2024-11-12 13:41:13,229 INFO  EvoClassLoader - Instrumenting class 'org.codehaus.stax2.typed.TypedXMLStreamReader'.
2024-11-12 13:41:13,229 INFO  EvoClassLoader - Defined package (3): package org.codehaus.stax2.typed, -1667283722
2024-11-12 13:41:13,229 INFO  EvoClassLoader - Keeping class: org.codehaus.stax2.typed.TypedXMLStreamReader
2024-11-12 13:41:13,229 INFO  EvoClassLoader - Seeing class for first time: org.codehaus.stax2.validation.Validatable
2024-11-12 13:41:13,229 INFO  EvoClassLoader - Instrumenting class 'org.codehaus.stax2.validation.Validatable'.
2024-11-12 13:41:13,229 INFO  EvoClassLoader - Defined package (3): package org.codehaus.stax2.validation, 1474122605
2024-11-12 13:41:13,229 INFO  EvoClassLoader - Keeping class: org.codehaus.stax2.validation.Validatable
2024-11-12 13:41:13,229 INFO  EvoClassLoader - Keeping class: org.codehaus.stax2.XMLStreamReader2
2024-11-12 13:41:13,230 INFO  EvoClassLoader - Seeing class for first time: org.codehaus.stax2.XMLEventReader2
2024-11-12 13:41:13,230 INFO  EvoClassLoader - Instrumenting class 'org.codehaus.stax2.XMLEventReader2'.
2024-11-12 13:41:13,230 INFO  EvoClassLoader - Keeping class: org.codehaus.stax2.XMLEventReader2
2024-11-12 13:41:13,230 INFO  EvoClassLoader - Seeing class for first time: com.ctc.wstx.util.DefaultXmlSymbolTable
2024-11-12 13:41:13,230 INFO  EvoClassLoader - Instrumenting class 'com.ctc.wstx.util.DefaultXmlSymbolTable'.
2024-11-12 13:41:13,231 INFO  MethodCallReplacementClassAdapter - Adding mock interface to class com/ctc/wstx/util/DefaultXmlSymbolTable
2024-11-12 13:41:13,231 INFO  CreateClassResetClassAdapter - Found static initializer in class com/ctc/wstx/util/DefaultXmlSymbolTable
2024-11-12 13:41:13,231 INFO  EvoClassLoader - Defined package (3): package com.ctc.wstx.util, 1758641223
2024-11-12 13:41:13,231 INFO  EvoClassLoader - Keeping class: com.ctc.wstx.util.DefaultXmlSymbolTable
2024-11-12 13:41:13,231 INFO  EvoClassLoader - Seeing class for first time: com.ctc.wstx.util.SymbolTable
2024-11-12 13:41:13,231 INFO  EvoClassLoader - Instrumenting class 'com.ctc.wstx.util.SymbolTable'.
2024-11-12 13:41:13,231 INFO  MethodCallReplacementClassAdapter - Adding mock interface to class com/ctc/wstx/util/SymbolTable
2024-11-12 13:41:13,233 INFO  CreateClassResetClassAdapter - Creating brand-new static initializer in class com/ctc/wstx/util/SymbolTable
2024-11-12 13:41:13,233 INFO  CreateClassResetClassAdapter - Adding bytecode for initializing field DEFAULT_TABLE_SIZE
2024-11-12 13:41:13,233 INFO  CreateClassResetClassAdapter - Adding bytecode for initializing field DEFAULT_FILL_FACTOR
2024-11-12 13:41:13,233 INFO  CreateClassResetClassAdapter - Adding bytecode for initializing field EMPTY_STRING
2024-11-12 13:41:13,233 INFO  EvoClassLoader - Keeping class: com.ctc.wstx.util.SymbolTable
2024-11-12 13:41:13,233 INFO  EvoClassLoader - Seeing class for first time: com.ctc.wstx.util.SymbolTable$Bucket
2024-11-12 13:41:13,233 INFO  EvoClassLoader - Instrumenting class 'com.ctc.wstx.util.SymbolTable$Bucket'.
2024-11-12 13:41:13,233 INFO  MethodCallReplacementClassAdapter - Adding mock interface to class com/ctc/wstx/util/SymbolTable$Bucket
2024-11-12 13:41:13,233 INFO  CreateClassResetClassAdapter - Creating brand-new static initializer in class com/ctc/wstx/util/SymbolTable$Bucket
2024-11-12 13:41:13,233 INFO  EvoClassLoader - Keeping class: com.ctc.wstx.util.SymbolTable$Bucket
2024-11-12 13:41:13,234 INFO  EvoClassLoader - Seeing class for first time: com.ctc.wstx.api.ReaderConfig
2024-11-12 13:41:13,234 INFO  EvoClassLoader - Instrumenting class 'com.ctc.wstx.api.ReaderConfig'.
2024-11-12 13:41:13,234 INFO  MethodCallReplacementClassAdapter - Adding mock interface to class com/ctc/wstx/api/ReaderConfig
2024-11-12 13:41:13,235 INFO  CreateClassResetClassAdapter - Found static initializer in class com/ctc/wstx/api/ReaderConfig
2024-11-12 13:41:13,236 INFO  EvoClassLoader - Defined package (3): package com.ctc.wstx.api, -1605856971
2024-11-12 13:41:13,236 INFO  EvoClassLoader - Seeing class for first time: com.ctc.wstx.api.CommonConfig
2024-11-12 13:41:13,236 INFO  EvoClassLoader - Instrumenting class 'com.ctc.wstx.api.CommonConfig'.
2024-11-12 13:41:13,236 INFO  MethodCallReplacementClassAdapter - Adding mock interface to class com/ctc/wstx/api/CommonConfig
2024-11-12 13:41:13,237 INFO  CreateClassResetClassAdapter - Found static initializer in class com/ctc/wstx/api/CommonConfig
2024-11-12 13:41:13,237 INFO  EvoClassLoader - Keeping class: com.ctc.wstx.api.CommonConfig
2024-11-12 13:41:13,237 INFO  EvoClassLoader - Keeping class: com.ctc.wstx.api.ReaderConfig
2024-11-12 13:41:13,238 INFO  EvoClassLoader - Seeing class for first time: com.ctc.wstx.api.WstxInputProperties
2024-11-12 13:41:13,238 INFO  EvoClassLoader - Instrumenting class 'com.ctc.wstx.api.WstxInputProperties'.
2024-11-12 13:41:13,238 INFO  MethodCallReplacementClassAdapter - Adding mock interface to class com/ctc/wstx/api/WstxInputProperties
2024-11-12 13:41:13,238 INFO  CreateClassResetClassAdapter - Found static initializer in class com/ctc/wstx/api/WstxInputProperties
2024-11-12 13:41:13,238 INFO  EvoClassLoader - Keeping class: com.ctc.wstx.api.WstxInputProperties
2024-11-12 13:41:13,238 INFO  EvoClassLoader - Seeing class for first time: com.ctc.wstx.api.WstxInputProperties$ParsingMode
2024-11-12 13:41:13,238 INFO  EvoClassLoader - Instrumenting class 'com.ctc.wstx.api.WstxInputProperties$ParsingMode'.
2024-11-12 13:41:13,238 INFO  MethodCallReplacementClassAdapter - Adding mock interface to class com/ctc/wstx/api/WstxInputProperties$ParsingMode
2024-11-12 13:41:13,238 INFO  CreateClassResetClassAdapter - Creating brand-new static initializer in class com/ctc/wstx/api/WstxInputProperties$ParsingMode
2024-11-12 13:41:13,238 INFO  EvoClassLoader - Keeping class: com.ctc.wstx.api.WstxInputProperties$ParsingMode
2024-11-12 13:41:13,238 INFO  EvoClassLoader - Seeing class for first time: org.apache.hadoop.conf.Configuration$DeprecationDelta
2024-11-12 13:41:13,238 INFO  EvoClassLoader - Instrumenting class 'org.apache.hadoop.conf.Configuration$DeprecationDelta'.
2024-11-12 13:41:13,239 INFO  MethodCallReplacementClassAdapter - Adding mock interface to class org/apache/hadoop/conf/Configuration$DeprecationDelta
2024-11-12 13:41:13,239 INFO  CreateClassResetClassAdapter - Creating brand-new static initializer in class org/apache/hadoop/conf/Configuration$DeprecationDelta
2024-11-12 13:41:13,239 INFO  EvoClassLoader - Keeping class: org.apache.hadoop.conf.Configuration$DeprecationDelta
2024-11-12 13:41:13,239 INFO  EvoClassLoader - Seeing class for first time: org.apache.hadoop.util.Preconditions
2024-11-12 13:41:13,239 INFO  EvoClassLoader - Instrumenting class 'org.apache.hadoop.util.Preconditions'.
2024-11-12 13:41:13,239 INFO  MethodCallReplacementClassAdapter - Adding mock interface to class org/apache/hadoop/util/Preconditions
2024-11-12 13:41:13,240 INFO  CreateClassResetClassAdapter - Found static initializer in class org/apache/hadoop/util/Preconditions
2024-11-12 13:41:13,240 INFO  EvoClassLoader - Keeping class: org.apache.hadoop.util.Preconditions
2024-11-12 13:41:13,240 INFO  EvoClassLoader - Seeing class for first time: org.apache.hadoop.conf.Configuration$DeprecationContext
2024-11-12 13:41:13,240 INFO  EvoClassLoader - Instrumenting class 'org.apache.hadoop.conf.Configuration$DeprecationContext'.
2024-11-12 13:41:13,240 INFO  MethodCallReplacementClassAdapter - Adding mock interface to class org/apache/hadoop/conf/Configuration$DeprecationContext
2024-11-12 13:41:13,240 INFO  CreateClassResetClassAdapter - Creating brand-new static initializer in class org/apache/hadoop/conf/Configuration$DeprecationContext
2024-11-12 13:41:13,240 INFO  EvoClassLoader - Keeping class: org.apache.hadoop.conf.Configuration$DeprecationContext
2024-11-12 13:41:13,241 INFO  EvoClassLoader - Seeing class for first time: org.apache.hadoop.conf.Configuration$DeprecatedKeyInfo
2024-11-12 13:41:13,241 INFO  EvoClassLoader - Instrumenting class 'org.apache.hadoop.conf.Configuration$DeprecatedKeyInfo'.
2024-11-12 13:41:13,241 INFO  MethodCallReplacementClassAdapter - Adding mock interface to class org/apache/hadoop/conf/Configuration$DeprecatedKeyInfo
2024-11-12 13:41:13,241 INFO  CreateClassResetClassAdapter - Creating brand-new static initializer in class org/apache/hadoop/conf/Configuration$DeprecatedKeyInfo
2024-11-12 13:41:13,241 INFO  EvoClassLoader - Keeping class: org.apache.hadoop.conf.Configuration$DeprecatedKeyInfo
2024-11-12 13:41:13,241 INFO  EvoClassLoader - Seeing class for first time: org.apache.commons.collections.map.UnmodifiableMap
2024-11-12 13:41:13,241 INFO  EvoClassLoader - Instrumenting class 'org.apache.commons.collections.map.UnmodifiableMap'.
2024-11-12 13:41:13,241 INFO  MethodCallReplacementClassAdapter - Adding mock interface to class org/apache/commons/collections/map/UnmodifiableMap
2024-11-12 13:41:13,241 INFO  CreateClassResetClassAdapter - Creating brand-new static initializer in class org/apache/commons/collections/map/UnmodifiableMap
2024-11-12 13:41:13,241 INFO  EvoClassLoader - Defined package (3): package org.apache.commons.collections.map, -1340437721
2024-11-12 13:41:13,241 INFO  EvoClassLoader - Seeing class for first time: org.apache.commons.collections.IterableMap
2024-11-12 13:41:13,241 INFO  EvoClassLoader - Instrumenting class 'org.apache.commons.collections.IterableMap'.
2024-11-12 13:41:13,241 INFO  EvoClassLoader - Defined package (3): package org.apache.commons.collections, -177651399
2024-11-12 13:41:13,241 INFO  EvoClassLoader - Keeping class: org.apache.commons.collections.IterableMap
2024-11-12 13:41:13,241 INFO  EvoClassLoader - Seeing class for first time: org.apache.commons.collections.Unmodifiable
2024-11-12 13:41:13,241 INFO  EvoClassLoader - Instrumenting class 'org.apache.commons.collections.Unmodifiable'.
2024-11-12 13:41:13,242 INFO  EvoClassLoader - Keeping class: org.apache.commons.collections.Unmodifiable
2024-11-12 13:41:13,242 INFO  EvoClassLoader - Seeing class for first time: org.apache.commons.collections.map.AbstractMapDecorator
2024-11-12 13:41:13,242 INFO  EvoClassLoader - Instrumenting class 'org.apache.commons.collections.map.AbstractMapDecorator'.
2024-11-12 13:41:13,242 INFO  MethodCallReplacementClassAdapter - Adding mock interface to class org/apache/commons/collections/map/AbstractMapDecorator
2024-11-12 13:41:13,242 INFO  CreateClassResetClassAdapter - Creating brand-new static initializer in class org/apache/commons/collections/map/AbstractMapDecorator
2024-11-12 13:41:13,242 INFO  EvoClassLoader - Keeping class: org.apache.commons.collections.map.AbstractMapDecorator
2024-11-12 13:41:13,242 INFO  EvoClassLoader - Keeping class: org.apache.commons.collections.map.UnmodifiableMap
2024-11-12 13:41:13,242 INFO  EvoClassLoader - Seeing class for first time: org.apache.commons.collections.MapIterator
2024-11-12 13:41:13,242 INFO  EvoClassLoader - Instrumenting class 'org.apache.commons.collections.MapIterator'.
2024-11-12 13:41:13,242 INFO  EvoClassLoader - Keeping class: org.apache.commons.collections.MapIterator
2024-11-12 13:41:13,243 INFO  EvoClassLoader - Seeing class for first time: org.apache.hadoop.fs.FileSystem$Cache$ClientFinalizer
2024-11-12 13:41:13,243 INFO  EvoClassLoader - Instrumenting class 'org.apache.hadoop.fs.FileSystem$Cache$ClientFinalizer'.
2024-11-12 13:41:13,243 INFO  MethodCallReplacementClassAdapter - Adding mock interface to class org/apache/hadoop/fs/FileSystem$Cache$ClientFinalizer
2024-11-12 13:41:13,243 INFO  CreateClassResetClassAdapter - Creating brand-new static initializer in class org/apache/hadoop/fs/FileSystem$Cache$ClientFinalizer
2024-11-12 13:41:13,243 INFO  EvoClassLoader - Keeping class: org.apache.hadoop.fs.FileSystem$Cache$ClientFinalizer
2024-11-12 13:41:13,243 INFO  EvoClassLoader - Seeing class for first time: org.apache.hadoop.conf.Configuration$Resource
2024-11-12 13:41:13,243 INFO  EvoClassLoader - Instrumenting class 'org.apache.hadoop.conf.Configuration$Resource'.
2024-11-12 13:41:13,243 INFO  MethodCallReplacementClassAdapter - Adding mock interface to class org/apache/hadoop/conf/Configuration$Resource
2024-11-12 13:41:13,244 INFO  CreateClassResetClassAdapter - Creating brand-new static initializer in class org/apache/hadoop/conf/Configuration$Resource
2024-11-12 13:41:13,244 INFO  EvoClassLoader - Keeping class: org.apache.hadoop.conf.Configuration$Resource
2024-11-12 13:41:13,245 INFO  EvoClassLoader - Seeing class for first time: com.ctc.wstx.io.SystemId
2024-11-12 13:41:13,245 INFO  EvoClassLoader - Instrumenting class 'com.ctc.wstx.io.SystemId'.
2024-11-12 13:41:13,245 INFO  MethodCallReplacementClassAdapter - Adding mock interface to class com/ctc/wstx/io/SystemId
2024-11-12 13:41:13,246 INFO  CreateClassResetClassAdapter - Creating brand-new static initializer in class com/ctc/wstx/io/SystemId
2024-11-12 13:41:13,246 INFO  EvoClassLoader - Keeping class: com.ctc.wstx.io.SystemId
2024-11-12 13:41:13,247 INFO  EvoClassLoader - Seeing class for first time: com.ctc.wstx.exc.WstxUnexpectedCharException
2024-11-12 13:41:13,247 INFO  EvoClassLoader - Instrumenting class 'com.ctc.wstx.exc.WstxUnexpectedCharException'.
2024-11-12 13:41:13,247 INFO  MethodCallReplacementClassAdapter - Adding mock interface to class com/ctc/wstx/exc/WstxUnexpectedCharException
2024-11-12 13:41:13,247 INFO  CreateClassResetClassAdapter - Creating brand-new static initializer in class com/ctc/wstx/exc/WstxUnexpectedCharException
2024-11-12 13:41:13,247 INFO  EvoClassLoader - Seeing class for first time: com.ctc.wstx.exc.WstxParsingException
2024-11-12 13:41:13,247 INFO  EvoClassLoader - Instrumenting class 'com.ctc.wstx.exc.WstxParsingException'.
2024-11-12 13:41:13,248 INFO  MethodCallReplacementClassAdapter - Adding mock interface to class com/ctc/wstx/exc/WstxParsingException
2024-11-12 13:41:13,248 INFO  CreateClassResetClassAdapter - Creating brand-new static initializer in class com/ctc/wstx/exc/WstxParsingException
2024-11-12 13:41:13,248 INFO  EvoClassLoader - Keeping class: com.ctc.wstx.exc.WstxParsingException
2024-11-12 13:41:13,248 INFO  EvoClassLoader - Keeping class: com.ctc.wstx.exc.WstxUnexpectedCharException
2024-11-12 13:41:13,248 INFO  EvoClassLoader - Seeing class for first time: com.ctc.wstx.exc.WstxEOFException
2024-11-12 13:41:13,248 INFO  EvoClassLoader - Instrumenting class 'com.ctc.wstx.exc.WstxEOFException'.
2024-11-12 13:41:13,249 INFO  MethodCallReplacementClassAdapter - Adding mock interface to class com/ctc/wstx/exc/WstxEOFException
2024-11-12 13:41:13,249 INFO  CreateClassResetClassAdapter - Creating brand-new static initializer in class com/ctc/wstx/exc/WstxEOFException
2024-11-12 13:41:13,249 INFO  EvoClassLoader - Keeping class: com.ctc.wstx.exc.WstxEOFException
2024-11-12 13:41:13,250 INFO  EvoClassLoader - Seeing class for first time: com.ctc.wstx.io.BaseReader
2024-11-12 13:41:13,250 INFO  EvoClassLoader - Instrumenting class 'com.ctc.wstx.io.BaseReader'.
2024-11-12 13:41:13,250 INFO  MethodCallReplacementClassAdapter - Adding mock interface to class com/ctc/wstx/io/BaseReader
2024-11-12 13:41:13,252 INFO  CreateClassResetClassAdapter - Creating brand-new static initializer in class com/ctc/wstx/io/BaseReader
2024-11-12 13:41:13,252 INFO  CreateClassResetClassAdapter - Adding bytecode for initializing field NULL_CHAR
2024-11-12 13:41:13,252 INFO  CreateClassResetClassAdapter - Adding bytecode for initializing field NULL_BYTE
2024-11-12 13:41:13,252 INFO  CreateClassResetClassAdapter - Adding bytecode for initializing field CONVERT_NEL_TO
2024-11-12 13:41:13,252 INFO  CreateClassResetClassAdapter - Adding bytecode for initializing field CONVERT_LSEP_TO
2024-11-12 13:41:13,252 INFO  CreateClassResetClassAdapter - Adding bytecode for initializing field CHAR_DEL
2024-11-12 13:41:13,252 INFO  EvoClassLoader - Keeping class: com.ctc.wstx.io.BaseReader
2024-11-12 13:41:13,252 INFO  EvoClassLoader - Seeing class for first time: com.ctc.wstx.io.UTF8Reader
2024-11-12 13:41:13,252 INFO  EvoClassLoader - Instrumenting class 'com.ctc.wstx.io.UTF8Reader'.
2024-11-12 13:41:13,253 INFO  MethodCallReplacementClassAdapter - Adding mock interface to class com/ctc/wstx/io/UTF8Reader
2024-11-12 13:41:13,253 INFO  CreateClassResetClassAdapter - Creating brand-new static initializer in class com/ctc/wstx/io/UTF8Reader
2024-11-12 13:41:13,253 INFO  EvoClassLoader - Keeping class: com.ctc.wstx.io.UTF8Reader
2024-11-12 13:41:13,253 INFO  EvoClassLoader - Seeing class for first time: com.ctc.wstx.io.ISOLatinReader
2024-11-12 13:41:13,253 INFO  EvoClassLoader - Instrumenting class 'com.ctc.wstx.io.ISOLatinReader'.
2024-11-12 13:41:13,254 INFO  MethodCallReplacementClassAdapter - Adding mock interface to class com/ctc/wstx/io/ISOLatinReader
2024-11-12 13:41:13,254 INFO  CreateClassResetClassAdapter - Creating brand-new static initializer in class com/ctc/wstx/io/ISOLatinReader
2024-11-12 13:41:13,254 INFO  EvoClassLoader - Keeping class: com.ctc.wstx.io.ISOLatinReader
2024-11-12 13:41:13,254 INFO  EvoClassLoader - Seeing class for first time: com.ctc.wstx.io.AsciiReader
2024-11-12 13:41:13,254 INFO  EvoClassLoader - Instrumenting class 'com.ctc.wstx.io.AsciiReader'.
2024-11-12 13:41:13,255 INFO  MethodCallReplacementClassAdapter - Adding mock interface to class com/ctc/wstx/io/AsciiReader
2024-11-12 13:41:13,255 INFO  CreateClassResetClassAdapter - Creating brand-new static initializer in class com/ctc/wstx/io/AsciiReader
2024-11-12 13:41:13,255 INFO  EvoClassLoader - Keeping class: com.ctc.wstx.io.AsciiReader
2024-11-12 13:41:13,255 INFO  EvoClassLoader - Seeing class for first time: com.ctc.wstx.io.UTF32Reader
2024-11-12 13:41:13,255 INFO  EvoClassLoader - Instrumenting class 'com.ctc.wstx.io.UTF32Reader'.
2024-11-12 13:41:13,256 INFO  MethodCallReplacementClassAdapter - Adding mock interface to class com/ctc/wstx/io/UTF32Reader
2024-11-12 13:41:13,256 INFO  CreateClassResetClassAdapter - Creating brand-new static initializer in class com/ctc/wstx/io/UTF32Reader
2024-11-12 13:41:13,256 INFO  EvoClassLoader - Keeping class: com.ctc.wstx.io.UTF32Reader
2024-11-12 13:41:13,256 INFO  EvoClassLoader - Seeing class for first time: com.ctc.wstx.io.MergedStream
2024-11-12 13:41:13,256 INFO  EvoClassLoader - Instrumenting class 'com.ctc.wstx.io.MergedStream'.
2024-11-12 13:41:13,257 INFO  MethodCallReplacementClassAdapter - Adding mock interface to class com/ctc/wstx/io/MergedStream
2024-11-12 13:41:13,257 INFO  CreateClassResetClassAdapter - Creating brand-new static initializer in class com/ctc/wstx/io/MergedStream
2024-11-12 13:41:13,257 INFO  EvoClassLoader - Keeping class: com.ctc.wstx.io.MergedStream
2024-11-12 13:41:13,258 INFO  EvoClassLoader - Seeing class for first time: com.ctc.wstx.io.InputSourceFactory
2024-11-12 13:41:13,258 INFO  EvoClassLoader - Instrumenting class 'com.ctc.wstx.io.InputSourceFactory'.
2024-11-12 13:41:13,258 INFO  MethodCallReplacementClassAdapter - Adding mock interface to class com/ctc/wstx/io/InputSourceFactory
2024-11-12 13:41:13,258 INFO  CreateClassResetClassAdapter - Creating brand-new static initializer in class com/ctc/wstx/io/InputSourceFactory
2024-11-12 13:41:13,258 INFO  EvoClassLoader - Keeping class: com.ctc.wstx.io.InputSourceFactory
2024-11-12 13:41:13,258 INFO  EvoClassLoader - Seeing class for first time: com.ctc.wstx.io.WstxInputSource
2024-11-12 13:41:13,258 INFO  EvoClassLoader - Instrumenting class 'com.ctc.wstx.io.WstxInputSource'.
2024-11-12 13:41:13,258 INFO  MethodCallReplacementClassAdapter - Adding mock interface to class com/ctc/wstx/io/WstxInputSource
2024-11-12 13:41:13,259 INFO  CreateClassResetClassAdapter - Creating brand-new static initializer in class com/ctc/wstx/io/WstxInputSource
2024-11-12 13:41:13,259 INFO  EvoClassLoader - Keeping class: com.ctc.wstx.io.WstxInputSource
2024-11-12 13:41:13,259 INFO  EvoClassLoader - Seeing class for first time: com.ctc.wstx.io.CharArraySource
2024-11-12 13:41:13,259 INFO  EvoClassLoader - Instrumenting class 'com.ctc.wstx.io.CharArraySource'.
2024-11-12 13:41:13,259 INFO  MethodCallReplacementClassAdapter - Adding mock interface to class com/ctc/wstx/io/CharArraySource
2024-11-12 13:41:13,259 INFO  CreateClassResetClassAdapter - Creating brand-new static initializer in class com/ctc/wstx/io/CharArraySource
2024-11-12 13:41:13,259 INFO  EvoClassLoader - Seeing class for first time: com.ctc.wstx.io.BaseInputSource
2024-11-12 13:41:13,259 INFO  EvoClassLoader - Instrumenting class 'com.ctc.wstx.io.BaseInputSource'.
2024-11-12 13:41:13,260 INFO  MethodCallReplacementClassAdapter - Adding mock interface to class com/ctc/wstx/io/BaseInputSource
2024-11-12 13:41:13,260 INFO  CreateClassResetClassAdapter - Creating brand-new static initializer in class com/ctc/wstx/io/BaseInputSource
2024-11-12 13:41:13,260 INFO  EvoClassLoader - Keeping class: com.ctc.wstx.io.BaseInputSource
2024-11-12 13:41:13,260 INFO  EvoClassLoader - Keeping class: com.ctc.wstx.io.CharArraySource
2024-11-12 13:41:13,260 INFO  EvoClassLoader - Seeing class for first time: com.ctc.wstx.io.BranchingReaderSource
2024-11-12 13:41:13,260 INFO  EvoClassLoader - Instrumenting class 'com.ctc.wstx.io.BranchingReaderSource'.
2024-11-12 13:41:13,260 INFO  MethodCallReplacementClassAdapter - Adding mock interface to class com/ctc/wstx/io/BranchingReaderSource
2024-11-12 13:41:13,261 INFO  CreateClassResetClassAdapter - Creating brand-new static initializer in class com/ctc/wstx/io/BranchingReaderSource
2024-11-12 13:41:13,261 INFO  EvoClassLoader - Seeing class for first time: com.ctc.wstx.io.ReaderSource
2024-11-12 13:41:13,261 INFO  EvoClassLoader - Instrumenting class 'com.ctc.wstx.io.ReaderSource'.
2024-11-12 13:41:13,261 INFO  MethodCallReplacementClassAdapter - Adding mock interface to class com/ctc/wstx/io/ReaderSource
2024-11-12 13:41:13,261 INFO  CreateClassResetClassAdapter - Creating brand-new static initializer in class com/ctc/wstx/io/ReaderSource
2024-11-12 13:41:13,261 INFO  EvoClassLoader - Keeping class: com.ctc.wstx.io.ReaderSource
2024-11-12 13:41:13,261 INFO  EvoClassLoader - Keeping class: com.ctc.wstx.io.BranchingReaderSource
2024-11-12 13:41:13,262 INFO  EvoClassLoader - Seeing class for first time: com.ctc.wstx.sr.ValidatingStreamReader
2024-11-12 13:41:13,262 INFO  EvoClassLoader - Instrumenting class 'com.ctc.wstx.sr.ValidatingStreamReader'.
2024-11-12 13:41:13,262 INFO  MethodCallReplacementClassAdapter - Adding mock interface to class com/ctc/wstx/sr/ValidatingStreamReader
2024-11-12 13:41:13,264 INFO  CreateClassResetClassAdapter - Creating brand-new static initializer in class com/ctc/wstx/sr/ValidatingStreamReader
2024-11-12 13:41:13,264 INFO  CreateClassResetClassAdapter - Adding bytecode for initializing field STAX_PROP_ENTITIES
2024-11-12 13:41:13,264 INFO  CreateClassResetClassAdapter - Adding bytecode for initializing field STAX_PROP_NOTATIONS
2024-11-12 13:41:13,264 INFO  EvoClassLoader - Seeing class for first time: com.ctc.wstx.sr.TypedStreamReader
2024-11-12 13:41:13,264 INFO  EvoClassLoader - Instrumenting class 'com.ctc.wstx.sr.TypedStreamReader'.
2024-11-12 13:41:13,265 INFO  MethodCallReplacementClassAdapter - Adding mock interface to class com/ctc/wstx/sr/TypedStreamReader
2024-11-12 13:41:13,267 INFO  CreateClassResetClassAdapter - Creating brand-new static initializer in class com/ctc/wstx/sr/TypedStreamReader
2024-11-12 13:41:13,267 INFO  CreateClassResetClassAdapter - Adding bytecode for initializing field MASK_TYPED_ACCESS_ARRAY
2024-11-12 13:41:13,267 INFO  CreateClassResetClassAdapter - Adding bytecode for initializing field MASK_TYPED_ACCESS_BINARY
2024-11-12 13:41:13,267 INFO  CreateClassResetClassAdapter - Adding bytecode for initializing field MIN_BINARY_CHUNK
2024-11-12 13:41:13,267 INFO  EvoClassLoader - Seeing class for first time: com.ctc.wstx.sr.BasicStreamReader
2024-11-12 13:41:13,267 INFO  EvoClassLoader - Instrumenting class 'com.ctc.wstx.sr.BasicStreamReader'.
2024-11-12 13:41:13,269 INFO  MethodCallReplacementClassAdapter - Adding mock interface to class com/ctc/wstx/sr/BasicStreamReader
2024-11-12 13:41:13,273 INFO  CreateClassResetClassAdapter - Found static initializer in class com/ctc/wstx/sr/BasicStreamReader
2024-11-12 13:41:13,274 INFO  EvoClassLoader - Seeing class for first time: com.ctc.wstx.sr.StreamReaderImpl
2024-11-12 13:41:13,274 INFO  EvoClassLoader - Instrumenting class 'com.ctc.wstx.sr.StreamReaderImpl'.
2024-11-12 13:41:13,275 INFO  EvoClassLoader - Keeping class: com.ctc.wstx.sr.StreamReaderImpl
2024-11-12 13:41:13,275 INFO  EvoClassLoader - Seeing class for first time: org.codehaus.stax2.DTDInfo
2024-11-12 13:41:13,275 INFO  EvoClassLoader - Instrumenting class 'org.codehaus.stax2.DTDInfo'.
2024-11-12 13:41:13,275 INFO  EvoClassLoader - Keeping class: org.codehaus.stax2.DTDInfo
2024-11-12 13:41:13,275 INFO  EvoClassLoader - Seeing class for first time: org.codehaus.stax2.LocationInfo
2024-11-12 13:41:13,275 INFO  EvoClassLoader - Instrumenting class 'org.codehaus.stax2.LocationInfo'.
2024-11-12 13:41:13,275 INFO  EvoClassLoader - Keeping class: org.codehaus.stax2.LocationInfo
2024-11-12 13:41:13,276 INFO  EvoClassLoader - Seeing class for first time: com.ctc.wstx.sr.StreamScanner
2024-11-12 13:41:13,276 INFO  EvoClassLoader - Instrumenting class 'com.ctc.wstx.sr.StreamScanner'.
2024-11-12 13:41:13,276 INFO  MethodCallReplacementClassAdapter - Adding mock interface to class com/ctc/wstx/sr/StreamScanner
2024-11-12 13:41:13,280 INFO  CreateClassResetClassAdapter - Found static initializer in class com/ctc/wstx/sr/StreamScanner
2024-11-12 13:41:13,281 INFO  EvoClassLoader - Seeing class for first time: com.ctc.wstx.sr.InputProblemReporter
2024-11-12 13:41:13,281 INFO  EvoClassLoader - Instrumenting class 'com.ctc.wstx.sr.InputProblemReporter'.
2024-11-12 13:41:13,282 INFO  EvoClassLoader - Keeping class: com.ctc.wstx.sr.InputProblemReporter
2024-11-12 13:41:13,282 INFO  EvoClassLoader - Seeing class for first time: com.ctc.wstx.cfg.ParsingErrorMsgs
2024-11-12 13:41:13,282 INFO  EvoClassLoader - Instrumenting class 'com.ctc.wstx.cfg.ParsingErrorMsgs'.
2024-11-12 13:41:13,283 INFO  EvoClassLoader - Keeping class: com.ctc.wstx.cfg.ParsingErrorMsgs
2024-11-12 13:41:13,283 INFO  EvoClassLoader - Seeing class for first time: com.ctc.wstx.io.WstxInputData
2024-11-12 13:41:13,283 INFO  EvoClassLoader - Instrumenting class 'com.ctc.wstx.io.WstxInputData'.
2024-11-12 13:41:13,283 INFO  MethodCallReplacementClassAdapter - Adding mock interface to class com/ctc/wstx/io/WstxInputData
2024-11-12 13:41:13,284 INFO  CreateClassResetClassAdapter - Found static initializer in class com/ctc/wstx/io/WstxInputData
2024-11-12 13:41:13,284 INFO  EvoClassLoader - Keeping class: com.ctc.wstx.io.WstxInputData
2024-11-12 13:41:13,284 INFO  EvoClassLoader - Keeping class: com.ctc.wstx.sr.StreamScanner
2024-11-12 13:41:13,285 INFO  EvoClassLoader - Keeping class: com.ctc.wstx.sr.BasicStreamReader
2024-11-12 13:41:13,285 INFO  EvoClassLoader - Keeping class: com.ctc.wstx.sr.TypedStreamReader
2024-11-12 13:41:13,285 INFO  EvoClassLoader - Keeping class: com.ctc.wstx.sr.ValidatingStreamReader
2024-11-12 13:41:13,285 INFO  EvoClassLoader - Seeing class for first time: com.ctc.wstx.exc.WstxValidationException
2024-11-12 13:41:13,285 INFO  EvoClassLoader - Instrumenting class 'com.ctc.wstx.exc.WstxValidationException'.
2024-11-12 13:41:13,286 INFO  MethodCallReplacementClassAdapter - Adding mock interface to class com/ctc/wstx/exc/WstxValidationException
2024-11-12 13:41:13,286 INFO  CreateClassResetClassAdapter - Creating brand-new static initializer in class com/ctc/wstx/exc/WstxValidationException
2024-11-12 13:41:13,286 INFO  EvoClassLoader - Seeing class for first time: org.codehaus.stax2.validation.XMLValidationException
2024-11-12 13:41:13,286 INFO  EvoClassLoader - Instrumenting class 'org.codehaus.stax2.validation.XMLValidationException'.
2024-11-12 13:41:13,287 INFO  MethodCallReplacementClassAdapter - Adding mock interface to class org/codehaus/stax2/validation/XMLValidationException
2024-11-12 13:41:13,287 INFO  CreateClassResetClassAdapter - Creating brand-new static initializer in class org/codehaus/stax2/validation/XMLValidationException
2024-11-12 13:41:13,288 INFO  EvoClassLoader - Keeping class: org.codehaus.stax2.validation.XMLValidationException
2024-11-12 13:41:13,288 INFO  EvoClassLoader - Keeping class: com.ctc.wstx.exc.WstxValidationException
2024-11-12 13:41:13,288 INFO  EvoClassLoader - Seeing class for first time: org.codehaus.stax2.XMLStreamLocation2
2024-11-12 13:41:13,288 INFO  EvoClassLoader - Instrumenting class 'org.codehaus.stax2.XMLStreamLocation2'.
2024-11-12 13:41:13,288 INFO  EvoClassLoader - Keeping class: org.codehaus.stax2.XMLStreamLocation2
2024-11-12 13:41:13,289 INFO  EvoClassLoader - Seeing class for first time: com.ctc.wstx.ent.EntityDecl
2024-11-12 13:41:13,289 INFO  EvoClassLoader - Instrumenting class 'com.ctc.wstx.ent.EntityDecl'.
2024-11-12 13:41:13,289 INFO  MethodCallReplacementClassAdapter - Adding mock interface to class com/ctc/wstx/ent/EntityDecl
2024-11-12 13:41:13,290 INFO  CreateClassResetClassAdapter - Creating brand-new static initializer in class com/ctc/wstx/ent/EntityDecl
2024-11-12 13:41:13,290 INFO  EvoClassLoader - Defined package (3): package com.ctc.wstx.ent, -1605853178
2024-11-12 13:41:13,290 INFO  EvoClassLoader - Seeing class for first time: com.ctc.wstx.evt.WEntityDeclaration
2024-11-12 13:41:13,290 INFO  EvoClassLoader - Instrumenting class 'com.ctc.wstx.evt.WEntityDeclaration'.
2024-11-12 13:41:13,290 INFO  MethodCallReplacementClassAdapter - Adding mock interface to class com/ctc/wstx/evt/WEntityDeclaration
2024-11-12 13:41:13,290 INFO  CreateClassResetClassAdapter - Creating brand-new static initializer in class com/ctc/wstx/evt/WEntityDeclaration
2024-11-12 13:41:13,290 INFO  EvoClassLoader - Defined package (3): package com.ctc.wstx.evt, -1605852930
2024-11-12 13:41:13,291 INFO  EvoClassLoader - Seeing class for first time: org.codehaus.stax2.ri.evt.BaseEventImpl
2024-11-12 13:41:13,291 INFO  EvoClassLoader - Instrumenting class 'org.codehaus.stax2.ri.evt.BaseEventImpl'.
2024-11-12 13:41:13,291 INFO  MethodCallReplacementClassAdapter - Adding mock interface to class org/codehaus/stax2/ri/evt/BaseEventImpl
2024-11-12 13:41:13,291 INFO  CreateClassResetClassAdapter - Creating brand-new static initializer in class org/codehaus/stax2/ri/evt/BaseEventImpl
2024-11-12 13:41:13,291 INFO  EvoClassLoader - Defined package (3): package org.codehaus.stax2.ri.evt, -220188000
2024-11-12 13:41:13,291 INFO  EvoClassLoader - Seeing class for first time: org.codehaus.stax2.evt.XMLEvent2
2024-11-12 13:41:13,291 INFO  EvoClassLoader - Instrumenting class 'org.codehaus.stax2.evt.XMLEvent2'.
2024-11-12 13:41:13,292 INFO  EvoClassLoader - Defined package (3): package org.codehaus.stax2.evt, -1695602321
2024-11-12 13:41:13,292 INFO  EvoClassLoader - Keeping class: org.codehaus.stax2.evt.XMLEvent2
2024-11-12 13:41:13,292 INFO  EvoClassLoader - Keeping class: org.codehaus.stax2.ri.evt.BaseEventImpl
2024-11-12 13:41:13,292 INFO  EvoClassLoader - Keeping class: com.ctc.wstx.evt.WEntityDeclaration
2024-11-12 13:41:13,292 INFO  EvoClassLoader - Keeping class: com.ctc.wstx.ent.EntityDecl
2024-11-12 13:41:13,292 INFO  EvoClassLoader - Seeing class for first time: com.ctc.wstx.ent.IntEntity
2024-11-12 13:41:13,292 INFO  EvoClassLoader - Instrumenting class 'com.ctc.wstx.ent.IntEntity'.
2024-11-12 13:41:13,292 INFO  MethodCallReplacementClassAdapter - Adding mock interface to class com/ctc/wstx/ent/IntEntity
2024-11-12 13:41:13,292 INFO  CreateClassResetClassAdapter - Creating brand-new static initializer in class com/ctc/wstx/ent/IntEntity
2024-11-12 13:41:13,292 INFO  EvoClassLoader - Keeping class: com.ctc.wstx.ent.IntEntity
2024-11-12 13:41:13,293 INFO  EvoClassLoader - Seeing class for first time: org.codehaus.stax2.AttributeInfo
2024-11-12 13:41:13,293 INFO  EvoClassLoader - Instrumenting class 'org.codehaus.stax2.AttributeInfo'.
2024-11-12 13:41:13,294 INFO  EvoClassLoader - Keeping class: org.codehaus.stax2.AttributeInfo
2024-11-12 13:41:13,294 INFO  EvoClassLoader - Seeing class for first time: org.codehaus.stax2.typed.TypedXMLStreamException
2024-11-12 13:41:13,294 INFO  EvoClassLoader - Instrumenting class 'org.codehaus.stax2.typed.TypedXMLStreamException'.
2024-11-12 13:41:13,295 INFO  MethodCallReplacementClassAdapter - Adding mock interface to class org/codehaus/stax2/typed/TypedXMLStreamException
2024-11-12 13:41:13,295 INFO  CreateClassResetClassAdapter - Creating brand-new static initializer in class org/codehaus/stax2/typed/TypedXMLStreamException
2024-11-12 13:41:13,295 INFO  EvoClassLoader - Keeping class: org.codehaus.stax2.typed.TypedXMLStreamException
2024-11-12 13:41:13,297 INFO  EvoClassLoader - Seeing class for first time: org.codehaus.stax2.typed.TypedValueDecoder
2024-11-12 13:41:13,297 INFO  EvoClassLoader - Instrumenting class 'org.codehaus.stax2.typed.TypedValueDecoder'.
2024-11-12 13:41:13,297 INFO  MethodCallReplacementClassAdapter - Adding mock interface to class org/codehaus/stax2/typed/TypedValueDecoder
2024-11-12 13:41:13,298 INFO  CreateClassResetClassAdapter - Creating brand-new static initializer in class org/codehaus/stax2/typed/TypedValueDecoder
2024-11-12 13:41:13,298 INFO  EvoClassLoader - Keeping class: org.codehaus.stax2.typed.TypedValueDecoder
2024-11-12 13:41:13,298 INFO  EvoClassLoader - Seeing class for first time: org.codehaus.stax2.ri.typed.ValueDecoderFactory$BooleanDecoder
2024-11-12 13:41:13,298 INFO  EvoClassLoader - Instrumenting class 'org.codehaus.stax2.ri.typed.ValueDecoderFactory$BooleanDecoder'.
2024-11-12 13:41:13,298 INFO  MethodCallReplacementClassAdapter - Adding mock interface to class org/codehaus/stax2/ri/typed/ValueDecoderFactory$BooleanDecoder
2024-11-12 13:41:13,298 INFO  CreateClassResetClassAdapter - Creating brand-new static initializer in class org/codehaus/stax2/ri/typed/ValueDecoderFactory$BooleanDecoder
2024-11-12 13:41:13,298 INFO  EvoClassLoader - Defined package (3): package org.codehaus.stax2.ri.typed, -1133328921
2024-11-12 13:41:13,299 INFO  EvoClassLoader - Seeing class for first time: org.codehaus.stax2.ri.typed.ValueDecoderFactory$DecoderBase
2024-11-12 13:41:13,299 INFO  EvoClassLoader - Instrumenting class 'org.codehaus.stax2.ri.typed.ValueDecoderFactory$DecoderBase'.
2024-11-12 13:41:13,299 INFO  MethodCallReplacementClassAdapter - Adding mock interface to class org/codehaus/stax2/ri/typed/ValueDecoderFactory$DecoderBase
2024-11-12 13:41:13,300 INFO  CreateClassResetClassAdapter - Found static initializer in class org/codehaus/stax2/ri/typed/ValueDecoderFactory$DecoderBase
2024-11-12 13:41:13,300 INFO  EvoClassLoader - Keeping class: org.codehaus.stax2.ri.typed.ValueDecoderFactory$DecoderBase
2024-11-12 13:41:13,300 INFO  EvoClassLoader - Keeping class: org.codehaus.stax2.ri.typed.ValueDecoderFactory$BooleanDecoder
2024-11-12 13:41:13,300 INFO  EvoClassLoader - Seeing class for first time: org.codehaus.stax2.ri.typed.ValueDecoderFactory$LongDecoder
2024-11-12 13:41:13,300 INFO  EvoClassLoader - Instrumenting class 'org.codehaus.stax2.ri.typed.ValueDecoderFactory$LongDecoder'.
2024-11-12 13:41:13,301 INFO  MethodCallReplacementClassAdapter - Adding mock interface to class org/codehaus/stax2/ri/typed/ValueDecoderFactory$LongDecoder
2024-11-12 13:41:13,301 INFO  CreateClassResetClassAdapter - Creating brand-new static initializer in class org/codehaus/stax2/ri/typed/ValueDecoderFactory$LongDecoder
2024-11-12 13:41:13,301 INFO  EvoClassLoader - Keeping class: org.codehaus.stax2.ri.typed.ValueDecoderFactory$LongDecoder
2024-11-12 13:41:13,301 INFO  EvoClassLoader - Seeing class for first time: org.codehaus.stax2.ri.typed.ValueDecoderFactory$FloatDecoder
2024-11-12 13:41:13,301 INFO  EvoClassLoader - Instrumenting class 'org.codehaus.stax2.ri.typed.ValueDecoderFactory$FloatDecoder'.
2024-11-12 13:41:13,302 INFO  MethodCallReplacementClassAdapter - Adding mock interface to class org/codehaus/stax2/ri/typed/ValueDecoderFactory$FloatDecoder
2024-11-12 13:41:13,302 INFO  CreateClassResetClassAdapter - Creating brand-new static initializer in class org/codehaus/stax2/ri/typed/ValueDecoderFactory$FloatDecoder
2024-11-12 13:41:13,302 INFO  EvoClassLoader - Keeping class: org.codehaus.stax2.ri.typed.ValueDecoderFactory$FloatDecoder
2024-11-12 13:41:13,302 INFO  EvoClassLoader - Seeing class for first time: org.codehaus.stax2.ri.typed.ValueDecoderFactory$DoubleDecoder
2024-11-12 13:41:13,302 INFO  EvoClassLoader - Instrumenting class 'org.codehaus.stax2.ri.typed.ValueDecoderFactory$DoubleDecoder'.
2024-11-12 13:41:13,302 INFO  MethodCallReplacementClassAdapter - Adding mock interface to class org/codehaus/stax2/ri/typed/ValueDecoderFactory$DoubleDecoder
2024-11-12 13:41:13,302 INFO  CreateClassResetClassAdapter - Creating brand-new static initializer in class org/codehaus/stax2/ri/typed/ValueDecoderFactory$DoubleDecoder
2024-11-12 13:41:13,302 INFO  EvoClassLoader - Keeping class: org.codehaus.stax2.ri.typed.ValueDecoderFactory$DoubleDecoder
2024-11-12 13:41:13,302 INFO  EvoClassLoader - Seeing class for first time: org.codehaus.stax2.ri.typed.ValueDecoderFactory$IntegerDecoder
2024-11-12 13:41:13,302 INFO  EvoClassLoader - Instrumenting class 'org.codehaus.stax2.ri.typed.ValueDecoderFactory$IntegerDecoder'.
2024-11-12 13:41:13,302 INFO  MethodCallReplacementClassAdapter - Adding mock interface to class org/codehaus/stax2/ri/typed/ValueDecoderFactory$IntegerDecoder
2024-11-12 13:41:13,302 INFO  CreateClassResetClassAdapter - Creating brand-new static initializer in class org/codehaus/stax2/ri/typed/ValueDecoderFactory$IntegerDecoder
2024-11-12 13:41:13,302 INFO  EvoClassLoader - Keeping class: org.codehaus.stax2.ri.typed.ValueDecoderFactory$IntegerDecoder
2024-11-12 13:41:13,303 INFO  EvoClassLoader - Seeing class for first time: org.codehaus.stax2.ri.typed.ValueDecoderFactory$DecimalDecoder
2024-11-12 13:41:13,303 INFO  EvoClassLoader - Instrumenting class 'org.codehaus.stax2.ri.typed.ValueDecoderFactory$DecimalDecoder'.
2024-11-12 13:41:13,303 INFO  MethodCallReplacementClassAdapter - Adding mock interface to class org/codehaus/stax2/ri/typed/ValueDecoderFactory$DecimalDecoder
2024-11-12 13:41:13,303 INFO  CreateClassResetClassAdapter - Creating brand-new static initializer in class org/codehaus/stax2/ri/typed/ValueDecoderFactory$DecimalDecoder
2024-11-12 13:41:13,303 INFO  EvoClassLoader - Keeping class: org.codehaus.stax2.ri.typed.ValueDecoderFactory$DecimalDecoder
2024-11-12 13:41:13,303 INFO  EvoClassLoader - Seeing class for first time: org.codehaus.stax2.ri.typed.ValueDecoderFactory$QNameDecoder
2024-11-12 13:41:13,303 INFO  EvoClassLoader - Instrumenting class 'org.codehaus.stax2.ri.typed.ValueDecoderFactory$QNameDecoder'.
2024-11-12 13:41:13,303 INFO  MethodCallReplacementClassAdapter - Adding mock interface to class org/codehaus/stax2/ri/typed/ValueDecoderFactory$QNameDecoder
2024-11-12 13:41:13,304 INFO  CreateClassResetClassAdapter - Creating brand-new static initializer in class org/codehaus/stax2/ri/typed/ValueDecoderFactory$QNameDecoder
2024-11-12 13:41:13,304 INFO  EvoClassLoader - Keeping class: org.codehaus.stax2.ri.typed.ValueDecoderFactory$QNameDecoder
2024-11-12 13:41:13,304 INFO  EvoClassLoader - Seeing class for first time: org.codehaus.stax2.typed.TypedArrayDecoder
2024-11-12 13:41:13,304 INFO  EvoClassLoader - Instrumenting class 'org.codehaus.stax2.typed.TypedArrayDecoder'.
2024-11-12 13:41:13,305 INFO  MethodCallReplacementClassAdapter - Adding mock interface to class org/codehaus/stax2/typed/TypedArrayDecoder
2024-11-12 13:41:13,305 INFO  CreateClassResetClassAdapter - Creating brand-new static initializer in class org/codehaus/stax2/typed/TypedArrayDecoder
2024-11-12 13:41:13,305 INFO  EvoClassLoader - Keeping class: org.codehaus.stax2.typed.TypedArrayDecoder
2024-11-12 13:41:13,305 INFO  EvoClassLoader - Seeing class for first time: org.codehaus.stax2.ri.typed.ValueDecoderFactory$IntArrayDecoder
2024-11-12 13:41:13,305 INFO  EvoClassLoader - Instrumenting class 'org.codehaus.stax2.ri.typed.ValueDecoderFactory$IntArrayDecoder'.
2024-11-12 13:41:13,305 INFO  MethodCallReplacementClassAdapter - Adding mock interface to class org/codehaus/stax2/ri/typed/ValueDecoderFactory$IntArrayDecoder
2024-11-12 13:41:13,306 INFO  CreateClassResetClassAdapter - Creating brand-new static initializer in class org/codehaus/stax2/ri/typed/ValueDecoderFactory$IntArrayDecoder
2024-11-12 13:41:13,306 INFO  EvoClassLoader - Seeing class for first time: org.codehaus.stax2.ri.typed.ValueDecoderFactory$BaseArrayDecoder
2024-11-12 13:41:13,306 INFO  EvoClassLoader - Instrumenting class 'org.codehaus.stax2.ri.typed.ValueDecoderFactory$BaseArrayDecoder'.
2024-11-12 13:41:13,306 INFO  MethodCallReplacementClassAdapter - Adding mock interface to class org/codehaus/stax2/ri/typed/ValueDecoderFactory$BaseArrayDecoder
2024-11-12 13:41:13,307 INFO  CreateClassResetClassAdapter - Creating brand-new static initializer in class org/codehaus/stax2/ri/typed/ValueDecoderFactory$BaseArrayDecoder
2024-11-12 13:41:13,307 INFO  CreateClassResetClassAdapter - Adding bytecode for initializing field INITIAL_RESULT_BUFFER_SIZE
2024-11-12 13:41:13,307 INFO  CreateClassResetClassAdapter - Adding bytecode for initializing field SMALL_RESULT_BUFFER_SIZE
2024-11-12 13:41:13,307 INFO  EvoClassLoader - Keeping class: org.codehaus.stax2.ri.typed.ValueDecoderFactory$BaseArrayDecoder
2024-11-12 13:41:13,307 INFO  EvoClassLoader - Keeping class: org.codehaus.stax2.ri.typed.ValueDecoderFactory$IntArrayDecoder
2024-11-12 13:41:13,307 INFO  EvoClassLoader - Seeing class for first time: org.codehaus.stax2.ri.typed.ValueDecoderFactory$LongArrayDecoder
2024-11-12 13:41:13,307 INFO  EvoClassLoader - Instrumenting class 'org.codehaus.stax2.ri.typed.ValueDecoderFactory$LongArrayDecoder'.
2024-11-12 13:41:13,307 INFO  MethodCallReplacementClassAdapter - Adding mock interface to class org/codehaus/stax2/ri/typed/ValueDecoderFactory$LongArrayDecoder
2024-11-12 13:41:13,307 INFO  CreateClassResetClassAdapter - Creating brand-new static initializer in class org/codehaus/stax2/ri/typed/ValueDecoderFactory$LongArrayDecoder
2024-11-12 13:41:13,308 INFO  EvoClassLoader - Keeping class: org.codehaus.stax2.ri.typed.ValueDecoderFactory$LongArrayDecoder
2024-11-12 13:41:13,308 INFO  EvoClassLoader - Seeing class for first time: org.codehaus.stax2.ri.typed.ValueDecoderFactory$FloatArrayDecoder
2024-11-12 13:41:13,308 INFO  EvoClassLoader - Instrumenting class 'org.codehaus.stax2.ri.typed.ValueDecoderFactory$FloatArrayDecoder'.
2024-11-12 13:41:13,308 INFO  MethodCallReplacementClassAdapter - Adding mock interface to class org/codehaus/stax2/ri/typed/ValueDecoderFactory$FloatArrayDecoder
2024-11-12 13:41:13,308 INFO  CreateClassResetClassAdapter - Creating brand-new static initializer in class org/codehaus/stax2/ri/typed/ValueDecoderFactory$FloatArrayDecoder
2024-11-12 13:41:13,309 INFO  EvoClassLoader - Keeping class: org.codehaus.stax2.ri.typed.ValueDecoderFactory$FloatArrayDecoder
2024-11-12 13:41:13,309 INFO  EvoClassLoader - Seeing class for first time: org.codehaus.stax2.ri.typed.ValueDecoderFactory$DoubleArrayDecoder
2024-11-12 13:41:13,309 INFO  EvoClassLoader - Instrumenting class 'org.codehaus.stax2.ri.typed.ValueDecoderFactory$DoubleArrayDecoder'.
2024-11-12 13:41:13,309 INFO  MethodCallReplacementClassAdapter - Adding mock interface to class org/codehaus/stax2/ri/typed/ValueDecoderFactory$DoubleArrayDecoder
2024-11-12 13:41:13,309 INFO  CreateClassResetClassAdapter - Creating brand-new static initializer in class org/codehaus/stax2/ri/typed/ValueDecoderFactory$DoubleArrayDecoder
2024-11-12 13:41:13,309 INFO  EvoClassLoader - Keeping class: org.codehaus.stax2.ri.typed.ValueDecoderFactory$DoubleArrayDecoder
2024-11-12 13:41:13,310 INFO  EvoClassLoader - Seeing class for first time: org.codehaus.stax2.ri.typed.ValueDecoderFactory$IntDecoder
2024-11-12 13:41:13,310 INFO  EvoClassLoader - Instrumenting class 'org.codehaus.stax2.ri.typed.ValueDecoderFactory$IntDecoder'.
2024-11-12 13:41:13,310 INFO  MethodCallReplacementClassAdapter - Adding mock interface to class org/codehaus/stax2/ri/typed/ValueDecoderFactory$IntDecoder
2024-11-12 13:41:13,311 INFO  CreateClassResetClassAdapter - Creating brand-new static initializer in class org/codehaus/stax2/ri/typed/ValueDecoderFactory$IntDecoder
2024-11-12 13:41:13,311 INFO  EvoClassLoader - Keeping class: org.codehaus.stax2.ri.typed.ValueDecoderFactory$IntDecoder
2024-11-12 13:41:13,311 INFO  EvoClassLoader - Seeing class for first time: org.codehaus.stax2.validation.DTDValidationSchema
2024-11-12 13:41:13,311 INFO  EvoClassLoader - Instrumenting class 'org.codehaus.stax2.validation.DTDValidationSchema'.
2024-11-12 13:41:13,312 INFO  EvoClassLoader - Seeing class for first time: org.codehaus.stax2.validation.XMLValidationSchema
2024-11-12 13:41:13,312 INFO  EvoClassLoader - Instrumenting class 'org.codehaus.stax2.validation.XMLValidationSchema'.
2024-11-12 13:41:13,312 INFO  EvoClassLoader - Keeping class: org.codehaus.stax2.validation.XMLValidationSchema
2024-11-12 13:41:13,312 INFO  EvoClassLoader - Keeping class: org.codehaus.stax2.validation.DTDValidationSchema
2024-11-12 13:41:13,312 INFO  EvoClassLoader - Seeing class for first time: org.codehaus.stax2.validation.ValidationContext
2024-11-12 13:41:13,312 INFO  EvoClassLoader - Instrumenting class 'org.codehaus.stax2.validation.ValidationContext'.
2024-11-12 13:41:13,312 INFO  EvoClassLoader - Keeping class: org.codehaus.stax2.validation.ValidationContext
2024-11-12 13:41:13,312 INFO  EvoClassLoader - Seeing class for first time: com.ctc.wstx.sr.NsDefaultProvider
2024-11-12 13:41:13,312 INFO  EvoClassLoader - Instrumenting class 'com.ctc.wstx.sr.NsDefaultProvider'.
2024-11-12 13:41:13,312 INFO  EvoClassLoader - Keeping class: com.ctc.wstx.sr.NsDefaultProvider
2024-11-12 13:41:13,313 INFO  EvoClassLoader - Seeing class for first time: com.ctc.wstx.sr.InputElementStack
2024-11-12 13:41:13,313 INFO  EvoClassLoader - Instrumenting class 'com.ctc.wstx.sr.InputElementStack'.
2024-11-12 13:41:13,313 INFO  MethodCallReplacementClassAdapter - Adding mock interface to class com/ctc/wstx/sr/InputElementStack
2024-11-12 13:41:13,314 INFO  CreateClassResetClassAdapter - Creating brand-new static initializer in class com/ctc/wstx/sr/InputElementStack
2024-11-12 13:41:13,314 INFO  CreateClassResetClassAdapter - Adding bytecode for initializing field ID_ATTR_NONE
2024-11-12 13:41:13,314 INFO  EvoClassLoader - Keeping class: com.ctc.wstx.sr.InputElementStack
2024-11-12 13:41:13,314 INFO  EvoClassLoader - Seeing class for first time: com.ctc.wstx.util.BaseNsContext
2024-11-12 13:41:13,314 INFO  EvoClassLoader - Instrumenting class 'com.ctc.wstx.util.BaseNsContext'.
2024-11-12 13:41:13,315 INFO  MethodCallReplacementClassAdapter - Adding mock interface to class com/ctc/wstx/util/BaseNsContext
2024-11-12 13:41:13,315 INFO  CreateClassResetClassAdapter - Creating brand-new static initializer in class com/ctc/wstx/util/BaseNsContext
2024-11-12 13:41:13,315 INFO  CreateClassResetClassAdapter - Adding bytecode for initializing field UNDECLARED_NS_URI
2024-11-12 13:41:13,315 INFO  EvoClassLoader - Keeping class: com.ctc.wstx.util.BaseNsContext
2024-11-12 13:41:13,315 INFO  EvoClassLoader - Seeing class for first time: com.ctc.wstx.util.EmptyNamespaceContext
2024-11-12 13:41:13,315 INFO  EvoClassLoader - Instrumenting class 'com.ctc.wstx.util.EmptyNamespaceContext'.
2024-11-12 13:41:13,315 INFO  MethodCallReplacementClassAdapter - Adding mock interface to class com/ctc/wstx/util/EmptyNamespaceContext
2024-11-12 13:41:13,315 INFO  CreateClassResetClassAdapter - Found static initializer in class com/ctc/wstx/util/EmptyNamespaceContext
2024-11-12 13:41:13,315 INFO  EvoClassLoader - Keeping class: com.ctc.wstx.util.EmptyNamespaceContext
2024-11-12 13:41:13,315 INFO  EvoClassLoader - Seeing class for first time: com.ctc.wstx.sr.CompactNsContext
2024-11-12 13:41:13,315 INFO  EvoClassLoader - Instrumenting class 'com.ctc.wstx.sr.CompactNsContext'.
2024-11-12 13:41:13,316 INFO  MethodCallReplacementClassAdapter - Adding mock interface to class com/ctc/wstx/sr/CompactNsContext
2024-11-12 13:41:13,316 INFO  CreateClassResetClassAdapter - Creating brand-new static initializer in class com/ctc/wstx/sr/CompactNsContext
2024-11-12 13:41:13,316 INFO  EvoClassLoader - Keeping class: com.ctc.wstx.sr.CompactNsContext
2024-11-12 13:41:13,316 INFO  EvoClassLoader - Seeing class for first time: org.codehaus.stax2.validation.XMLValidator
2024-11-12 13:41:13,316 INFO  EvoClassLoader - Instrumenting class 'org.codehaus.stax2.validation.XMLValidator'.
2024-11-12 13:41:13,316 INFO  MethodCallReplacementClassAdapter - Adding mock interface to class org/codehaus/stax2/validation/XMLValidator
2024-11-12 13:41:13,316 INFO  CreateClassResetClassAdapter - Creating brand-new static initializer in class org/codehaus/stax2/validation/XMLValidator
2024-11-12 13:41:13,316 INFO  CreateClassResetClassAdapter - Adding bytecode for initializing field CONTENT_ALLOW_NONE
2024-11-12 13:41:13,316 INFO  CreateClassResetClassAdapter - Adding bytecode for initializing field CONTENT_ALLOW_WS
2024-11-12 13:41:13,316 INFO  CreateClassResetClassAdapter - Adding bytecode for initializing field CONTENT_ALLOW_WS_NONSTRICT
2024-11-12 13:41:13,316 INFO  CreateClassResetClassAdapter - Adding bytecode for initializing field CONTENT_ALLOW_VALIDATABLE_TEXT
2024-11-12 13:41:13,316 INFO  CreateClassResetClassAdapter - Adding bytecode for initializing field CONTENT_ALLOW_ANY_TEXT
2024-11-12 13:41:13,316 INFO  CreateClassResetClassAdapter - Adding bytecode for initializing field CONTENT_ALLOW_UNDEFINED
2024-11-12 13:41:13,316 INFO  EvoClassLoader - Keeping class: org.codehaus.stax2.validation.XMLValidator
2024-11-12 13:41:13,316 INFO  EvoClassLoader - Seeing class for first time: org.codehaus.stax2.validation.ValidatorPair
2024-11-12 13:41:13,316 INFO  EvoClassLoader - Instrumenting class 'org.codehaus.stax2.validation.ValidatorPair'.
2024-11-12 13:41:13,317 INFO  MethodCallReplacementClassAdapter - Adding mock interface to class org/codehaus/stax2/validation/ValidatorPair
2024-11-12 13:41:13,317 INFO  CreateClassResetClassAdapter - Creating brand-new static initializer in class org/codehaus/stax2/validation/ValidatorPair
2024-11-12 13:41:13,317 INFO  CreateClassResetClassAdapter - Adding bytecode for initializing field ATTR_TYPE_DEFAULT
2024-11-12 13:41:13,317 INFO  EvoClassLoader - Keeping class: org.codehaus.stax2.validation.ValidatorPair
2024-11-12 13:41:13,317 INFO  EvoClassLoader - Seeing class for first time: com.ctc.wstx.util.StringVector
2024-11-12 13:41:13,317 INFO  EvoClassLoader - Instrumenting class 'com.ctc.wstx.util.StringVector'.
2024-11-12 13:41:13,317 INFO  MethodCallReplacementClassAdapter - Adding mock interface to class com/ctc/wstx/util/StringVector
2024-11-12 13:41:13,318 INFO  CreateClassResetClassAdapter - Creating brand-new static initializer in class com/ctc/wstx/util/StringVector
2024-11-12 13:41:13,318 INFO  EvoClassLoader - Keeping class: com.ctc.wstx.util.StringVector
2024-11-12 13:41:13,318 INFO  EvoClassLoader - Seeing class for first time: com.ctc.wstx.sr.AttributeCollector
2024-11-12 13:41:13,318 INFO  EvoClassLoader - Instrumenting class 'com.ctc.wstx.sr.AttributeCollector'.
2024-11-12 13:41:13,318 INFO  MethodCallReplacementClassAdapter - Adding mock interface to class com/ctc/wstx/sr/AttributeCollector
2024-11-12 13:41:13,319 INFO  CreateClassResetClassAdapter - Found static initializer in class com/ctc/wstx/sr/AttributeCollector
2024-11-12 13:41:13,319 INFO  EvoClassLoader - Keeping class: com.ctc.wstx.sr.AttributeCollector
2024-11-12 13:41:13,320 INFO  EvoClassLoader - Seeing class for first time: com.ctc.wstx.util.InternCache
2024-11-12 13:41:13,320 INFO  EvoClassLoader - Instrumenting class 'com.ctc.wstx.util.InternCache'.
2024-11-12 13:41:13,320 INFO  MethodCallReplacementClassAdapter - Adding mock interface to class com/ctc/wstx/util/InternCache
2024-11-12 13:41:13,320 INFO  CreateClassResetClassAdapter - Found static initializer in class com/ctc/wstx/util/InternCache
2024-11-12 13:41:13,320 INFO  EvoClassLoader - Keeping class: com.ctc.wstx.util.InternCache
2024-11-12 13:41:13,320 INFO  EvoClassLoader - Seeing class for first time: com.ctc.wstx.util.TextBuilder
2024-11-12 13:41:13,320 INFO  EvoClassLoader - Instrumenting class 'com.ctc.wstx.util.TextBuilder'.
2024-11-12 13:41:13,321 INFO  MethodCallReplacementClassAdapter - Adding mock interface to class com/ctc/wstx/util/TextBuilder
2024-11-12 13:41:13,321 INFO  CreateClassResetClassAdapter - Creating brand-new static initializer in class com/ctc/wstx/util/TextBuilder
2024-11-12 13:41:13,321 INFO  CreateClassResetClassAdapter - Adding bytecode for initializing field MIN_LEN
2024-11-12 13:41:13,321 INFO  CreateClassResetClassAdapter - Adding bytecode for initializing field MAX_LEN
2024-11-12 13:41:13,321 INFO  EvoClassLoader - Keeping class: com.ctc.wstx.util.TextBuilder
2024-11-12 13:41:13,321 INFO  EvoClassLoader - Seeing class for first time: com.ctc.wstx.util.TextBuffer
2024-11-12 13:41:13,321 INFO  EvoClassLoader - Instrumenting class 'com.ctc.wstx.util.TextBuffer'.
2024-11-12 13:41:13,321 INFO  MethodCallReplacementClassAdapter - Adding mock interface to class com/ctc/wstx/util/TextBuffer
2024-11-12 13:41:13,323 INFO  CreateClassResetClassAdapter - Found static initializer in class com/ctc/wstx/util/TextBuffer
2024-11-12 13:41:13,324 INFO  EvoClassLoader - Keeping class: com.ctc.wstx.util.TextBuffer
2024-11-12 13:41:13,324 INFO  EvoClassLoader - Seeing class for first time: com.ctc.wstx.util.TextBuffer$BufferReader
2024-11-12 13:41:13,324 INFO  EvoClassLoader - Instrumenting class 'com.ctc.wstx.util.TextBuffer$BufferReader'.
2024-11-12 13:41:13,325 INFO  MethodCallReplacementClassAdapter - Adding mock interface to class com/ctc/wstx/util/TextBuffer$BufferReader
2024-11-12 13:41:13,326 INFO  CreateClassResetClassAdapter - Creating brand-new static initializer in class com/ctc/wstx/util/TextBuffer$BufferReader
2024-11-12 13:41:13,326 INFO  EvoClassLoader - Keeping class: com.ctc.wstx.util.TextBuffer$BufferReader
2024-11-12 13:41:13,327 INFO  EvoClassLoader - Seeing class for first time: org.apache.hadoop.conf.Configuration$Parser
2024-11-12 13:41:13,327 INFO  EvoClassLoader - Instrumenting class 'org.apache.hadoop.conf.Configuration$Parser'.
2024-11-12 13:41:13,328 INFO  MethodCallReplacementClassAdapter - Adding mock interface to class org/apache/hadoop/conf/Configuration$Parser
2024-11-12 13:41:13,333 INFO  CreateClassResetClassAdapter - Creating brand-new static initializer in class org/apache/hadoop/conf/Configuration$Parser
2024-11-12 13:41:13,334 INFO  EvoClassLoader - Keeping class: org.apache.hadoop.conf.Configuration$Parser
2024-11-12 13:41:13,334 INFO  EvoClassLoader - Seeing class for first time: com.ctc.wstx.sr.Element
2024-11-12 13:41:13,334 INFO  EvoClassLoader - Instrumenting class 'com.ctc.wstx.sr.Element'.
2024-11-12 13:41:13,335 INFO  MethodCallReplacementClassAdapter - Adding mock interface to class com/ctc/wstx/sr/Element
2024-11-12 13:41:13,335 INFO  CreateClassResetClassAdapter - Creating brand-new static initializer in class com/ctc/wstx/sr/Element
2024-11-12 13:41:13,335 INFO  EvoClassLoader - Keeping class: com.ctc.wstx.sr.Element
2024-11-12 13:41:13,335 INFO  EvoClassLoader - Seeing class for first time: org.apache.hadoop.util.StringInterner
2024-11-12 13:41:13,335 INFO  EvoClassLoader - Instrumenting class 'org.apache.hadoop.util.StringInterner'.
2024-11-12 13:41:13,335 INFO  MethodCallReplacementClassAdapter - Adding mock interface to class org/apache/hadoop/util/StringInterner
2024-11-12 13:41:13,335 INFO  CreateClassResetClassAdapter - Found static initializer in class org/apache/hadoop/util/StringInterner
2024-11-12 13:41:13,335 INFO  EvoClassLoader - Keeping class: org.apache.hadoop.util.StringInterner
2024-11-12 13:41:13,335 INFO  EvoClassLoader - Seeing class for first time: org.apache.hadoop.thirdparty.com.google.common.collect.Interners
2024-11-12 13:41:13,335 INFO  EvoClassLoader - Instrumenting class 'org.apache.hadoop.thirdparty.com.google.common.collect.Interners'.
2024-11-12 13:41:13,336 INFO  MethodCallReplacementClassAdapter - Adding mock interface to class org/apache/hadoop/thirdparty/com/google/common/collect/Interners
2024-11-12 13:41:13,336 INFO  CreateClassResetClassAdapter - Creating brand-new static initializer in class org/apache/hadoop/thirdparty/com/google/common/collect/Interners
2024-11-12 13:41:13,336 INFO  EvoClassLoader - Defined package (3): package org.apache.hadoop.thirdparty.com.google.common.collect, -347820205
2024-11-12 13:41:13,336 INFO  EvoClassLoader - Keeping class: org.apache.hadoop.thirdparty.com.google.common.collect.Interners
2024-11-12 13:41:13,336 INFO  EvoClassLoader - Seeing class for first time: org.apache.hadoop.thirdparty.com.google.common.base.Function
2024-11-12 13:41:13,336 INFO  EvoClassLoader - Instrumenting class 'org.apache.hadoop.thirdparty.com.google.common.base.Function'.
2024-11-12 13:41:13,336 INFO  EvoClassLoader - Defined package (3): package org.apache.hadoop.thirdparty.com.google.common.base, -2047700664
2024-11-12 13:41:13,336 INFO  EvoClassLoader - Keeping class: org.apache.hadoop.thirdparty.com.google.common.base.Function
2024-11-12 13:41:13,336 INFO  EvoClassLoader - Seeing class for first time: org.apache.hadoop.thirdparty.com.google.common.collect.Interners$InternerBuilder
2024-11-12 13:41:13,336 INFO  EvoClassLoader - Instrumenting class 'org.apache.hadoop.thirdparty.com.google.common.collect.Interners$InternerBuilder'.
2024-11-12 13:41:13,337 INFO  MethodCallReplacementClassAdapter - Adding mock interface to class org/apache/hadoop/thirdparty/com/google/common/collect/Interners$InternerBuilder
2024-11-12 13:41:13,337 INFO  CreateClassResetClassAdapter - Creating brand-new static initializer in class org/apache/hadoop/thirdparty/com/google/common/collect/Interners$InternerBuilder
2024-11-12 13:41:13,337 INFO  EvoClassLoader - Keeping class: org.apache.hadoop.thirdparty.com.google.common.collect.Interners$InternerBuilder
2024-11-12 13:41:13,337 INFO  EvoClassLoader - Seeing class for first time: org.apache.hadoop.thirdparty.com.google.common.collect.Interner
2024-11-12 13:41:13,337 INFO  EvoClassLoader - Instrumenting class 'org.apache.hadoop.thirdparty.com.google.common.collect.Interner'.
2024-11-12 13:41:13,337 INFO  EvoClassLoader - Keeping class: org.apache.hadoop.thirdparty.com.google.common.collect.Interner
2024-11-12 13:41:13,337 INFO  EvoClassLoader - Seeing class for first time: org.apache.hadoop.thirdparty.com.google.common.collect.MapMaker
2024-11-12 13:41:13,337 INFO  EvoClassLoader - Instrumenting class 'org.apache.hadoop.thirdparty.com.google.common.collect.MapMaker'.
2024-11-12 13:41:13,337 INFO  MethodCallReplacementClassAdapter - Adding mock interface to class org/apache/hadoop/thirdparty/com/google/common/collect/MapMaker
2024-11-12 13:41:13,337 INFO  CreateClassResetClassAdapter - Creating brand-new static initializer in class org/apache/hadoop/thirdparty/com/google/common/collect/MapMaker
2024-11-12 13:41:13,337 INFO  CreateClassResetClassAdapter - Adding bytecode for initializing field DEFAULT_INITIAL_CAPACITY
2024-11-12 13:41:13,337 INFO  CreateClassResetClassAdapter - Adding bytecode for initializing field DEFAULT_CONCURRENCY_LEVEL
2024-11-12 13:41:13,337 INFO  CreateClassResetClassAdapter - Adding bytecode for initializing field UNSET_INT
2024-11-12 13:41:13,338 INFO  EvoClassLoader - Keeping class: org.apache.hadoop.thirdparty.com.google.common.collect.MapMaker
2024-11-12 13:41:13,338 INFO  EvoClassLoader - Seeing class for first time: org.apache.hadoop.thirdparty.com.google.common.collect.Interners$InternerImpl
2024-11-12 13:41:13,338 INFO  EvoClassLoader - Instrumenting class 'org.apache.hadoop.thirdparty.com.google.common.collect.Interners$InternerImpl'.
2024-11-12 13:41:13,338 INFO  MethodCallReplacementClassAdapter - Adding mock interface to class org/apache/hadoop/thirdparty/com/google/common/collect/Interners$InternerImpl
2024-11-12 13:41:13,338 INFO  CreateClassResetClassAdapter - Creating brand-new static initializer in class org/apache/hadoop/thirdparty/com/google/common/collect/Interners$InternerImpl
2024-11-12 13:41:13,338 INFO  EvoClassLoader - Keeping class: org.apache.hadoop.thirdparty.com.google.common.collect.Interners$InternerImpl
2024-11-12 13:41:13,338 INFO  EvoClassLoader - Seeing class for first time: org.apache.hadoop.thirdparty.com.google.common.base.Equivalence
2024-11-12 13:41:13,338 INFO  EvoClassLoader - Instrumenting class 'org.apache.hadoop.thirdparty.com.google.common.base.Equivalence'.
2024-11-12 13:41:13,338 INFO  MethodCallReplacementClassAdapter - Adding mock interface to class org/apache/hadoop/thirdparty/com/google/common/base/Equivalence
2024-11-12 13:41:13,338 INFO  CreateClassResetClassAdapter - Creating brand-new static initializer in class org/apache/hadoop/thirdparty/com/google/common/base/Equivalence
2024-11-12 13:41:13,339 INFO  EvoClassLoader - Keeping class: org.apache.hadoop.thirdparty.com.google.common.base.Equivalence
2024-11-12 13:41:13,339 INFO  EvoClassLoader - Seeing class for first time: org.apache.hadoop.thirdparty.com.google.common.base.Equivalence$Equals
2024-11-12 13:41:13,339 INFO  EvoClassLoader - Instrumenting class 'org.apache.hadoop.thirdparty.com.google.common.base.Equivalence$Equals'.
2024-11-12 13:41:13,339 INFO  MethodCallReplacementClassAdapter - Adding mock interface to class org/apache/hadoop/thirdparty/com/google/common/base/Equivalence$Equals
2024-11-12 13:41:13,339 INFO  CreateClassResetClassAdapter - Found static initializer in class org/apache/hadoop/thirdparty/com/google/common/base/Equivalence$Equals
2024-11-12 13:41:13,339 INFO  EvoClassLoader - Keeping class: org.apache.hadoop.thirdparty.com.google.common.base.Equivalence$Equals
2024-11-12 13:41:13,339 INFO  EvoClassLoader - Seeing class for first time: org.apache.hadoop.thirdparty.com.google.common.base.Equivalence$Identity
2024-11-12 13:41:13,339 INFO  EvoClassLoader - Instrumenting class 'org.apache.hadoop.thirdparty.com.google.common.base.Equivalence$Identity'.
2024-11-12 13:41:13,339 INFO  MethodCallReplacementClassAdapter - Adding mock interface to class org/apache/hadoop/thirdparty/com/google/common/base/Equivalence$Identity
2024-11-12 13:41:13,339 INFO  CreateClassResetClassAdapter - Found static initializer in class org/apache/hadoop/thirdparty/com/google/common/base/Equivalence$Identity
2024-11-12 13:41:13,339 INFO  EvoClassLoader - Keeping class: org.apache.hadoop.thirdparty.com.google.common.base.Equivalence$Identity
2024-11-12 13:41:13,339 INFO  EvoClassLoader - Seeing class for first time: org.apache.hadoop.thirdparty.com.google.common.base.PairwiseEquivalence
2024-11-12 13:41:13,339 INFO  EvoClassLoader - Instrumenting class 'org.apache.hadoop.thirdparty.com.google.common.base.PairwiseEquivalence'.
2024-11-12 13:41:13,340 INFO  MethodCallReplacementClassAdapter - Adding mock interface to class org/apache/hadoop/thirdparty/com/google/common/base/PairwiseEquivalence
2024-11-12 13:41:13,340 INFO  CreateClassResetClassAdapter - Creating brand-new static initializer in class org/apache/hadoop/thirdparty/com/google/common/base/PairwiseEquivalence
2024-11-12 13:41:13,340 INFO  EvoClassLoader - Keeping class: org.apache.hadoop.thirdparty.com.google.common.base.PairwiseEquivalence
2024-11-12 13:41:13,340 INFO  EvoClassLoader - Seeing class for first time: org.apache.hadoop.thirdparty.com.google.common.base.Predicate
2024-11-12 13:41:13,340 INFO  EvoClassLoader - Instrumenting class 'org.apache.hadoop.thirdparty.com.google.common.base.Predicate'.
2024-11-12 13:41:13,340 INFO  EvoClassLoader - Keeping class: org.apache.hadoop.thirdparty.com.google.common.base.Predicate
2024-11-12 13:41:13,340 INFO  EvoClassLoader - Seeing class for first time: org.apache.hadoop.thirdparty.com.google.common.base.FunctionalEquivalence
2024-11-12 13:41:13,341 INFO  EvoClassLoader - Instrumenting class 'org.apache.hadoop.thirdparty.com.google.common.base.FunctionalEquivalence'.
2024-11-12 13:41:13,341 INFO  MethodCallReplacementClassAdapter - Adding mock interface to class org/apache/hadoop/thirdparty/com/google/common/base/FunctionalEquivalence
2024-11-12 13:41:13,341 INFO  CreateClassResetClassAdapter - Creating brand-new static initializer in class org/apache/hadoop/thirdparty/com/google/common/base/FunctionalEquivalence
2024-11-12 13:41:13,341 INFO  EvoClassLoader - Keeping class: org.apache.hadoop.thirdparty.com.google.common.base.FunctionalEquivalence
2024-11-12 13:41:13,341 INFO  EvoClassLoader - Seeing class for first time: org.apache.hadoop.thirdparty.com.google.common.base.Preconditions
2024-11-12 13:41:13,341 INFO  EvoClassLoader - Instrumenting class 'org.apache.hadoop.thirdparty.com.google.common.base.Preconditions'.
2024-11-12 13:41:13,342 INFO  MethodCallReplacementClassAdapter - Adding mock interface to class org/apache/hadoop/thirdparty/com/google/common/base/Preconditions
2024-11-12 13:41:13,346 INFO  CreateClassResetClassAdapter - Found static initializer in class org/apache/hadoop/thirdparty/com/google/common/base/Preconditions
2024-11-12 13:41:13,347 INFO  EvoClassLoader - Keeping class: org.apache.hadoop.thirdparty.com.google.common.base.Preconditions
2024-11-12 13:41:13,348 INFO  EvoClassLoader - Seeing class for first time: org.apache.hadoop.thirdparty.com.google.common.base.Java8Usage
2024-11-12 13:41:13,348 INFO  EvoClassLoader - Instrumenting class 'org.apache.hadoop.thirdparty.com.google.common.base.Java8Usage'.
2024-11-12 13:41:13,348 INFO  MethodCallReplacementClassAdapter - Adding mock interface to class org/apache/hadoop/thirdparty/com/google/common/base/Java8Usage
2024-11-12 13:41:13,349 INFO  CreateClassResetClassAdapter - Creating brand-new static initializer in class org/apache/hadoop/thirdparty/com/google/common/base/Java8Usage
2024-11-12 13:41:13,349 INFO  EvoClassLoader - Keeping class: org.apache.hadoop.thirdparty.com.google.common.base.Java8Usage
2024-11-12 13:41:13,349 INFO  EvoClassLoader - Seeing class for first time: org.apache.hadoop.thirdparty.com.google.common.collect.MapMakerInternalMap
2024-11-12 13:41:13,349 INFO  EvoClassLoader - Instrumenting class 'org.apache.hadoop.thirdparty.com.google.common.collect.MapMakerInternalMap'.
2024-11-12 13:41:13,350 INFO  MethodCallReplacementClassAdapter - Adding mock interface to class org/apache/hadoop/thirdparty/com/google/common/collect/MapMakerInternalMap
2024-11-12 13:41:13,354 INFO  CreateClassResetClassAdapter - Found static initializer in class org/apache/hadoop/thirdparty/com/google/common/collect/MapMakerInternalMap
2024-11-12 13:41:13,355 INFO  EvoClassLoader - Keeping class: org.apache.hadoop.thirdparty.com.google.common.collect.MapMakerInternalMap
2024-11-12 13:41:13,355 INFO  EvoClassLoader - Seeing class for first time: org.apache.hadoop.thirdparty.com.google.common.collect.MapMakerInternalMap$WeakValueReference
2024-11-12 13:41:13,355 INFO  EvoClassLoader - Instrumenting class 'org.apache.hadoop.thirdparty.com.google.common.collect.MapMakerInternalMap$WeakValueReference'.
2024-11-12 13:41:13,356 INFO  EvoClassLoader - Keeping class: org.apache.hadoop.thirdparty.com.google.common.collect.MapMakerInternalMap$WeakValueReference
2024-11-12 13:41:13,356 INFO  EvoClassLoader - Seeing class for first time: org.apache.hadoop.thirdparty.com.google.common.collect.MapMakerInternalMap$InternalEntryHelper
2024-11-12 13:41:13,356 INFO  EvoClassLoader - Instrumenting class 'org.apache.hadoop.thirdparty.com.google.common.collect.MapMakerInternalMap$InternalEntryHelper'.
2024-11-12 13:41:13,356 INFO  EvoClassLoader - Keeping class: org.apache.hadoop.thirdparty.com.google.common.collect.MapMakerInternalMap$InternalEntryHelper
2024-11-12 13:41:13,357 INFO  EvoClassLoader - Seeing class for first time: org.apache.hadoop.thirdparty.com.google.common.collect.MapMakerInternalMap$1
2024-11-12 13:41:13,357 INFO  EvoClassLoader - Instrumenting class 'org.apache.hadoop.thirdparty.com.google.common.collect.MapMakerInternalMap$1'.
2024-11-12 13:41:13,357 INFO  MethodCallReplacementClassAdapter - Adding mock interface to class org/apache/hadoop/thirdparty/com/google/common/collect/MapMakerInternalMap$1
2024-11-12 13:41:13,357 INFO  EvoClassLoader - Keeping class: org.apache.hadoop.thirdparty.com.google.common.collect.MapMakerInternalMap$1
2024-11-12 13:41:13,357 INFO  EvoClassLoader - Seeing class for first time: org.apache.hadoop.thirdparty.com.google.common.collect.MapMakerInternalMap$InternalEntry
2024-11-12 13:41:13,357 INFO  EvoClassLoader - Instrumenting class 'org.apache.hadoop.thirdparty.com.google.common.collect.MapMakerInternalMap$InternalEntry'.
2024-11-12 13:41:13,358 INFO  EvoClassLoader - Keeping class: org.apache.hadoop.thirdparty.com.google.common.collect.MapMakerInternalMap$InternalEntry
2024-11-12 13:41:13,358 INFO  EvoClassLoader - Seeing class for first time: org.apache.hadoop.thirdparty.com.google.common.collect.MapMakerInternalMap$Strength
2024-11-12 13:41:13,358 INFO  EvoClassLoader - Instrumenting class 'org.apache.hadoop.thirdparty.com.google.common.collect.MapMakerInternalMap$Strength'.
2024-11-12 13:41:13,358 INFO  MethodCallReplacementClassAdapter - Adding mock interface to class org/apache/hadoop/thirdparty/com/google/common/collect/MapMakerInternalMap$Strength
2024-11-12 13:41:13,358 INFO  CreateClassResetClassAdapter - Found static initializer in class org/apache/hadoop/thirdparty/com/google/common/collect/MapMakerInternalMap$Strength
2024-11-12 13:41:13,359 INFO  EvoClassLoader - Keeping class: org.apache.hadoop.thirdparty.com.google.common.collect.MapMakerInternalMap$Strength
2024-11-12 13:41:13,359 INFO  EvoClassLoader - Seeing class for first time: org.apache.hadoop.thirdparty.com.google.common.collect.MapMakerInternalMap$Strength$1
2024-11-12 13:41:13,359 INFO  EvoClassLoader - Instrumenting class 'org.apache.hadoop.thirdparty.com.google.common.collect.MapMakerInternalMap$Strength$1'.
2024-11-12 13:41:13,359 INFO  MethodCallReplacementClassAdapter - Adding mock interface to class org/apache/hadoop/thirdparty/com/google/common/collect/MapMakerInternalMap$Strength$1
2024-11-12 13:41:13,359 INFO  EvoClassLoader - Keeping class: org.apache.hadoop.thirdparty.com.google.common.collect.MapMakerInternalMap$Strength$1
2024-11-12 13:41:13,359 INFO  EvoClassLoader - Seeing class for first time: org.apache.hadoop.thirdparty.com.google.common.collect.MapMakerInternalMap$Strength$2
2024-11-12 13:41:13,359 INFO  EvoClassLoader - Instrumenting class 'org.apache.hadoop.thirdparty.com.google.common.collect.MapMakerInternalMap$Strength$2'.
2024-11-12 13:41:13,360 INFO  MethodCallReplacementClassAdapter - Adding mock interface to class org/apache/hadoop/thirdparty/com/google/common/collect/MapMakerInternalMap$Strength$2
2024-11-12 13:41:13,360 INFO  EvoClassLoader - Keeping class: org.apache.hadoop.thirdparty.com.google.common.collect.MapMakerInternalMap$Strength$2
2024-11-12 13:41:13,360 INFO  EvoClassLoader - Seeing class for first time: org.apache.hadoop.thirdparty.com.google.common.base.MoreObjects
2024-11-12 13:41:13,360 INFO  EvoClassLoader - Instrumenting class 'org.apache.hadoop.thirdparty.com.google.common.base.MoreObjects'.
2024-11-12 13:41:13,360 INFO  MethodCallReplacementClassAdapter - Adding mock interface to class org/apache/hadoop/thirdparty/com/google/common/base/MoreObjects
2024-11-12 13:41:13,361 INFO  CreateClassResetClassAdapter - Creating brand-new static initializer in class org/apache/hadoop/thirdparty/com/google/common/base/MoreObjects
2024-11-12 13:41:13,361 INFO  EvoClassLoader - Keeping class: org.apache.hadoop.thirdparty.com.google.common.base.MoreObjects
2024-11-12 13:41:13,361 INFO  EvoClassLoader - Seeing class for first time: org.apache.hadoop.thirdparty.com.google.common.collect.MapMakerInternalMap$StrongKeyDummyValueEntry$Helper
2024-11-12 13:41:13,361 INFO  EvoClassLoader - Instrumenting class 'org.apache.hadoop.thirdparty.com.google.common.collect.MapMakerInternalMap$StrongKeyDummyValueEntry$Helper'.
2024-11-12 13:41:13,362 INFO  MethodCallReplacementClassAdapter - Adding mock interface to class org/apache/hadoop/thirdparty/com/google/common/collect/MapMakerInternalMap$StrongKeyDummyValueEntry$Helper
2024-11-12 13:41:13,362 INFO  CreateClassResetClassAdapter - Found static initializer in class org/apache/hadoop/thirdparty/com/google/common/collect/MapMakerInternalMap$StrongKeyDummyValueEntry$Helper
2024-11-12 13:41:13,362 INFO  EvoClassLoader - Keeping class: org.apache.hadoop.thirdparty.com.google.common.collect.MapMakerInternalMap$StrongKeyDummyValueEntry$Helper
2024-11-12 13:41:13,362 INFO  EvoClassLoader - Seeing class for first time: org.apache.hadoop.thirdparty.com.google.common.collect.MapMakerInternalMap$Segment
2024-11-12 13:41:13,362 INFO  EvoClassLoader - Instrumenting class 'org.apache.hadoop.thirdparty.com.google.common.collect.MapMakerInternalMap$Segment'.
2024-11-12 13:41:13,363 INFO  MethodCallReplacementClassAdapter - Adding mock interface to class org/apache/hadoop/thirdparty/com/google/common/collect/MapMakerInternalMap$Segment
2024-11-12 13:41:13,365 INFO  CreateClassResetClassAdapter - Creating brand-new static initializer in class org/apache/hadoop/thirdparty/com/google/common/collect/MapMakerInternalMap$Segment
2024-11-12 13:41:13,366 INFO  EvoClassLoader - Keeping class: org.apache.hadoop.thirdparty.com.google.common.collect.MapMakerInternalMap$Segment
2024-11-12 13:41:13,366 INFO  EvoClassLoader - Seeing class for first time: org.apache.hadoop.thirdparty.com.google.common.collect.MapMakerInternalMap$StrongKeyDummyValueSegment
2024-11-12 13:41:13,366 INFO  EvoClassLoader - Instrumenting class 'org.apache.hadoop.thirdparty.com.google.common.collect.MapMakerInternalMap$StrongKeyDummyValueSegment'.
2024-11-12 13:41:13,366 INFO  MethodCallReplacementClassAdapter - Adding mock interface to class org/apache/hadoop/thirdparty/com/google/common/collect/MapMakerInternalMap$StrongKeyDummyValueSegment
2024-11-12 13:41:13,366 INFO  CreateClassResetClassAdapter - Creating brand-new static initializer in class org/apache/hadoop/thirdparty/com/google/common/collect/MapMakerInternalMap$StrongKeyDummyValueSegment
2024-11-12 13:41:13,366 INFO  EvoClassLoader - Keeping class: org.apache.hadoop.thirdparty.com.google.common.collect.MapMakerInternalMap$StrongKeyDummyValueSegment
2024-11-12 13:41:13,367 INFO  EvoClassLoader - Seeing class for first time: org.apache.hadoop.conf.Configuration$ParsedItem
2024-11-12 13:41:13,367 INFO  EvoClassLoader - Instrumenting class 'org.apache.hadoop.conf.Configuration$ParsedItem'.
2024-11-12 13:41:13,367 INFO  MethodCallReplacementClassAdapter - Adding mock interface to class org/apache/hadoop/conf/Configuration$ParsedItem
2024-11-12 13:41:13,368 INFO  CreateClassResetClassAdapter - Creating brand-new static initializer in class org/apache/hadoop/conf/Configuration$ParsedItem
2024-11-12 13:41:13,368 INFO  EvoClassLoader - Keeping class: org.apache.hadoop.conf.Configuration$ParsedItem
2024-11-12 13:41:13,416 INFO  EvoClassLoader - Seeing class for first time: com.ctc.wstx.io.BufferRecycler
2024-11-12 13:41:13,416 INFO  EvoClassLoader - Instrumenting class 'com.ctc.wstx.io.BufferRecycler'.
2024-11-12 13:41:13,416 INFO  MethodCallReplacementClassAdapter - Adding mock interface to class com/ctc/wstx/io/BufferRecycler
2024-11-12 13:41:13,417 INFO  CreateClassResetClassAdapter - Creating brand-new static initializer in class com/ctc/wstx/io/BufferRecycler
2024-11-12 13:41:13,417 INFO  EvoClassLoader - Keeping class: com.ctc.wstx.io.BufferRecycler
2024-11-12 13:41:13,418 INFO  EvoClassLoader - Seeing class for first time: org.apache.hadoop.fs.FileSystem$3
2024-11-12 13:41:13,418 INFO  EvoClassLoader - Instrumenting class 'org.apache.hadoop.fs.FileSystem$3'.
2024-11-12 13:41:13,418 INFO  MethodCallReplacementClassAdapter - Adding mock interface to class org/apache/hadoop/fs/FileSystem$3
2024-11-12 13:41:13,419 INFO  EvoClassLoader - Keeping class: org.apache.hadoop.fs.FileSystem$3
2024-11-12 13:41:13,419 INFO  EvoClassLoader - Seeing class for first time: org.apache.hadoop.hdfs.server.namenode.FSImageFormat$Loader
2024-11-12 13:41:13,419 INFO  EvoClassLoader - Instrumenting class 'org.apache.hadoop.hdfs.server.namenode.FSImageFormat$Loader'.
2024-11-12 13:41:13,420 INFO  MethodCallReplacementClassAdapter - Adding mock interface to class org/apache/hadoop/hdfs/server/namenode/FSImageFormat$Loader
2024-11-12 13:41:13,425 INFO  CreateClassResetClassAdapter - Found static initializer in class org/apache/hadoop/hdfs/server/namenode/FSImageFormat$Loader
2024-11-12 13:41:13,426 INFO  EvoClassLoader - Seeing class for first time: org.apache.hadoop.hdfs.server.namenode.FSImageFormat$AbstractLoader
2024-11-12 13:41:13,426 INFO  EvoClassLoader - Instrumenting class 'org.apache.hadoop.hdfs.server.namenode.FSImageFormat$AbstractLoader'.
2024-11-12 13:41:13,426 INFO  EvoClassLoader - Keeping class: org.apache.hadoop.hdfs.server.namenode.FSImageFormat$AbstractLoader
2024-11-12 13:41:13,427 INFO  EvoClassLoader - Keeping class: org.apache.hadoop.hdfs.server.namenode.FSImageFormat$Loader
2024-11-12 13:41:13,428 INFO  EvoClassLoader - Seeing class for first time: org.apache.hadoop.hdfs.server.common.InconsistentFSStateException
2024-11-12 13:41:13,428 INFO  EvoClassLoader - Instrumenting class 'org.apache.hadoop.hdfs.server.common.InconsistentFSStateException'.
2024-11-12 13:41:13,428 INFO  MethodCallReplacementClassAdapter - Adding mock interface to class org/apache/hadoop/hdfs/server/common/InconsistentFSStateException
2024-11-12 13:41:13,429 INFO  CreateClassResetClassAdapter - Creating brand-new static initializer in class org/apache/hadoop/hdfs/server/common/InconsistentFSStateException
2024-11-12 13:41:13,429 INFO  EvoClassLoader - Defined package (3): package org.apache.hadoop.hdfs.server.common, -1528842716
2024-11-12 13:41:13,429 INFO  EvoClassLoader - Keeping class: org.apache.hadoop.hdfs.server.common.InconsistentFSStateException
2024-11-12 13:41:13,429 INFO  EvoClassLoader - Seeing class for first time: org.apache.hadoop.hdfs.protocol.LayoutVersion$LayoutFeature
2024-11-12 13:41:13,429 INFO  EvoClassLoader - Instrumenting class 'org.apache.hadoop.hdfs.protocol.LayoutVersion$LayoutFeature'.
2024-11-12 13:41:13,429 INFO  EvoClassLoader - Keeping class: org.apache.hadoop.hdfs.protocol.LayoutVersion$LayoutFeature
2024-11-12 13:41:13,430 INFO  EvoClassLoader - Seeing class for first time: org.apache.hadoop.hdfs.server.blockmanagement.BlockCollection
2024-11-12 13:41:13,430 INFO  EvoClassLoader - Instrumenting class 'org.apache.hadoop.hdfs.server.blockmanagement.BlockCollection'.
2024-11-12 13:41:13,430 INFO  EvoClassLoader - Defined package (3): package org.apache.hadoop.hdfs.server.blockmanagement, -789130121
2024-11-12 13:41:13,430 INFO  EvoClassLoader - Keeping class: org.apache.hadoop.hdfs.server.blockmanagement.BlockCollection
2024-11-12 13:41:13,430 INFO  EvoClassLoader - Seeing class for first time: org.apache.hadoop.hdfs.server.blockmanagement.BlockInfo
2024-11-12 13:41:13,430 INFO  EvoClassLoader - Instrumenting class 'org.apache.hadoop.hdfs.server.blockmanagement.BlockInfo'.
2024-11-12 13:41:13,431 INFO  MethodCallReplacementClassAdapter - Adding mock interface to class org/apache/hadoop/hdfs/server/blockmanagement/BlockInfo
2024-11-12 13:41:13,433 INFO  CreateClassResetClassAdapter - Found static initializer in class org/apache/hadoop/hdfs/server/blockmanagement/BlockInfo
2024-11-12 13:41:13,433 INFO  EvoClassLoader - Seeing class for first time: org.apache.hadoop.hdfs.protocol.Block
2024-11-12 13:41:13,433 INFO  EvoClassLoader - Instrumenting class 'org.apache.hadoop.hdfs.protocol.Block'.
2024-11-12 13:41:13,434 INFO  MethodCallReplacementClassAdapter - Adding mock interface to class org/apache/hadoop/hdfs/protocol/Block
2024-11-12 13:41:13,437 INFO  CreateClassResetClassAdapter - Found static initializer in class org/apache/hadoop/hdfs/protocol/Block
2024-11-12 13:41:13,437 INFO  EvoClassLoader - Keeping class: org.apache.hadoop.hdfs.protocol.Block
2024-11-12 13:41:13,437 INFO  EvoClassLoader - Keeping class: org.apache.hadoop.hdfs.server.blockmanagement.BlockInfo
2024-11-12 13:41:13,437 INFO  EvoClassLoader - Seeing class for first time: org.apache.hadoop.hdfs.server.blockmanagement.BlockInfoContiguous
2024-11-12 13:41:13,437 INFO  EvoClassLoader - Instrumenting class 'org.apache.hadoop.hdfs.server.blockmanagement.BlockInfoContiguous'.
2024-11-12 13:41:13,438 INFO  MethodCallReplacementClassAdapter - Adding mock interface to class org/apache/hadoop/hdfs/server/blockmanagement/BlockInfoContiguous
2024-11-12 13:41:13,438 INFO  CreateClassResetClassAdapter - Found static initializer in class org/apache/hadoop/hdfs/server/blockmanagement/BlockInfoContiguous
2024-11-12 13:41:13,438 INFO  EvoClassLoader - Keeping class: org.apache.hadoop.hdfs.server.blockmanagement.BlockInfoContiguous
2024-11-12 13:41:13,438 INFO  EvoClassLoader - Seeing class for first time: org.apache.hadoop.hdfs.server.namenode.INodeFile
2024-11-12 13:41:13,438 INFO  EvoClassLoader - Instrumenting class 'org.apache.hadoop.hdfs.server.namenode.INodeFile'.
2024-11-12 13:41:13,439 INFO  MethodCallReplacementClassAdapter - Adding mock interface to class org/apache/hadoop/hdfs/server/namenode/INodeFile
2024-11-12 13:41:13,442 INFO  CreateClassResetClassAdapter - Creating brand-new static initializer in class org/apache/hadoop/hdfs/server/namenode/INodeFile
2024-11-12 13:41:13,442 INFO  CreateClassResetClassAdapter - Adding bytecode for initializing field DEFAULT_REPL_FOR_STRIPED_BLOCKS
2024-11-12 13:41:13,443 INFO  EvoClassLoader - Seeing class for first time: org.apache.hadoop.hdfs.server.namenode.INodeFileAttributes
2024-11-12 13:41:13,443 INFO  EvoClassLoader - Instrumenting class 'org.apache.hadoop.hdfs.server.namenode.INodeFileAttributes'.
2024-11-12 13:41:13,443 INFO  EvoClassLoader - Keeping class: org.apache.hadoop.hdfs.server.namenode.INodeFileAttributes
2024-11-12 13:41:13,444 INFO  EvoClassLoader - Keeping class: org.apache.hadoop.hdfs.server.namenode.INodeFile
2024-11-12 13:41:13,444 INFO  EvoClassLoader - Seeing class for first time: org.apache.hadoop.hdfs.server.namenode.INodeSymlink
2024-11-12 13:41:13,444 INFO  EvoClassLoader - Instrumenting class 'org.apache.hadoop.hdfs.server.namenode.INodeSymlink'.
2024-11-12 13:41:13,444 INFO  MethodCallReplacementClassAdapter - Adding mock interface to class org/apache/hadoop/hdfs/server/namenode/INodeSymlink
2024-11-12 13:41:13,444 INFO  CreateClassResetClassAdapter - Creating brand-new static initializer in class org/apache/hadoop/hdfs/server/namenode/INodeSymlink
2024-11-12 13:41:13,444 INFO  EvoClassLoader - Keeping class: org.apache.hadoop.hdfs.server.namenode.INodeSymlink
2024-11-12 13:41:13,444 INFO  EvoClassLoader - Seeing class for first time: org.apache.hadoop.hdfs.server.namenode.INodeReference$WithName
2024-11-12 13:41:13,444 INFO  EvoClassLoader - Instrumenting class 'org.apache.hadoop.hdfs.server.namenode.INodeReference$WithName'.
2024-11-12 13:41:13,445 INFO  MethodCallReplacementClassAdapter - Adding mock interface to class org/apache/hadoop/hdfs/server/namenode/INodeReference$WithName
2024-11-12 13:41:13,445 INFO  CreateClassResetClassAdapter - Creating brand-new static initializer in class org/apache/hadoop/hdfs/server/namenode/INodeReference$WithName
2024-11-12 13:41:13,445 INFO  EvoClassLoader - Seeing class for first time: org.apache.hadoop.hdfs.server.namenode.INodeReference
2024-11-12 13:41:13,445 INFO  EvoClassLoader - Instrumenting class 'org.apache.hadoop.hdfs.server.namenode.INodeReference'.
2024-11-12 13:41:13,445 INFO  MethodCallReplacementClassAdapter - Adding mock interface to class org/apache/hadoop/hdfs/server/namenode/INodeReference
2024-11-12 13:41:13,445 INFO  CreateClassResetClassAdapter - Creating brand-new static initializer in class org/apache/hadoop/hdfs/server/namenode/INodeReference
2024-11-12 13:41:13,446 INFO  EvoClassLoader - Keeping class: org.apache.hadoop.hdfs.server.namenode.INodeReference
2024-11-12 13:41:13,446 INFO  EvoClassLoader - Keeping class: org.apache.hadoop.hdfs.server.namenode.INodeReference$WithName
2024-11-12 13:41:13,446 INFO  EvoClassLoader - Seeing class for first time: org.apache.hadoop.hdfs.server.namenode.INodeReference$DstReference
2024-11-12 13:41:13,446 INFO  EvoClassLoader - Instrumenting class 'org.apache.hadoop.hdfs.server.namenode.INodeReference$DstReference'.
2024-11-12 13:41:13,446 INFO  MethodCallReplacementClassAdapter - Adding mock interface to class org/apache/hadoop/hdfs/server/namenode/INodeReference$DstReference
2024-11-12 13:41:13,446 INFO  CreateClassResetClassAdapter - Creating brand-new static initializer in class org/apache/hadoop/hdfs/server/namenode/INodeReference$DstReference
2024-11-12 13:41:13,446 INFO  EvoClassLoader - Keeping class: org.apache.hadoop.hdfs.server.namenode.INodeReference$DstReference
2024-11-12 13:41:13,447 INFO  EvoClassLoader - Seeing class for first time: org.apache.hadoop.hdfs.server.namenode.INodeDirectoryAttributes$SnapshotCopy
2024-11-12 13:41:13,447 INFO  EvoClassLoader - Instrumenting class 'org.apache.hadoop.hdfs.server.namenode.INodeDirectoryAttributes$SnapshotCopy'.
2024-11-12 13:41:13,447 INFO  MethodCallReplacementClassAdapter - Adding mock interface to class org/apache/hadoop/hdfs/server/namenode/INodeDirectoryAttributes$SnapshotCopy
2024-11-12 13:41:13,447 INFO  CreateClassResetClassAdapter - Creating brand-new static initializer in class org/apache/hadoop/hdfs/server/namenode/INodeDirectoryAttributes$SnapshotCopy
2024-11-12 13:41:13,447 INFO  EvoClassLoader - Seeing class for first time: org.apache.hadoop.hdfs.server.namenode.INodeAttributes$SnapshotCopy
2024-11-12 13:41:13,447 INFO  EvoClassLoader - Instrumenting class 'org.apache.hadoop.hdfs.server.namenode.INodeAttributes$SnapshotCopy'.
2024-11-12 13:41:13,447 INFO  MethodCallReplacementClassAdapter - Adding mock interface to class org/apache/hadoop/hdfs/server/namenode/INodeAttributes$SnapshotCopy
2024-11-12 13:41:13,447 INFO  CreateClassResetClassAdapter - Creating brand-new static initializer in class org/apache/hadoop/hdfs/server/namenode/INodeAttributes$SnapshotCopy
2024-11-12 13:41:13,447 INFO  EvoClassLoader - Keeping class: org.apache.hadoop.hdfs.server.namenode.INodeAttributes$SnapshotCopy
2024-11-12 13:41:13,448 INFO  EvoClassLoader - Keeping class: org.apache.hadoop.hdfs.server.namenode.INodeDirectoryAttributes$SnapshotCopy
2024-11-12 13:41:13,448 INFO  EvoClassLoader - Seeing class for first time: org.apache.hadoop.hdfs.server.namenode.INodeDirectoryAttributes$CopyWithQuota
2024-11-12 13:41:13,448 INFO  EvoClassLoader - Instrumenting class 'org.apache.hadoop.hdfs.server.namenode.INodeDirectoryAttributes$CopyWithQuota'.
2024-11-12 13:41:13,448 INFO  MethodCallReplacementClassAdapter - Adding mock interface to class org/apache/hadoop/hdfs/server/namenode/INodeDirectoryAttributes$CopyWithQuota
2024-11-12 13:41:13,448 INFO  CreateClassResetClassAdapter - Creating brand-new static initializer in class org/apache/hadoop/hdfs/server/namenode/INodeDirectoryAttributes$CopyWithQuota
2024-11-12 13:41:13,448 INFO  EvoClassLoader - Keeping class: org.apache.hadoop.hdfs.server.namenode.INodeDirectoryAttributes$CopyWithQuota
2024-11-12 13:41:13,448 INFO  EvoClassLoader - Seeing class for first time: org.apache.hadoop.hdfs.server.namenode.FSImageFormat
2024-11-12 13:41:13,448 INFO  EvoClassLoader - Instrumenting class 'org.apache.hadoop.hdfs.server.namenode.FSImageFormat'.
2024-11-12 13:41:13,448 INFO  MethodCallReplacementClassAdapter - Adding mock interface to class org/apache/hadoop/hdfs/server/namenode/FSImageFormat
2024-11-12 13:41:13,448 INFO  CreateClassResetClassAdapter - Found static initializer in class org/apache/hadoop/hdfs/server/namenode/FSImageFormat
2024-11-12 13:41:13,449 INFO  EvoClassLoader - Keeping class: org.apache.hadoop.hdfs.server.namenode.FSImageFormat
2024-11-12 13:41:13,449 INFO  EvoClassLoader - Seeing class for first time: org.apache.hadoop.fs.permission.AclEntryScope
2024-11-12 13:41:13,449 INFO  EvoClassLoader - Instrumenting class 'org.apache.hadoop.fs.permission.AclEntryScope'.
2024-11-12 13:41:13,449 INFO  MethodCallReplacementClassAdapter - Adding mock interface to class org/apache/hadoop/fs/permission/AclEntryScope
2024-11-12 13:41:13,449 INFO  CreateClassResetClassAdapter - Found static initializer in class org/apache/hadoop/fs/permission/AclEntryScope
2024-11-12 13:41:13,449 INFO  EvoClassLoader - Defined package (3): package org.apache.hadoop.fs.permission, 1810436125
2024-11-12 13:41:13,449 INFO  EvoClassLoader - Keeping class: org.apache.hadoop.fs.permission.AclEntryScope
2024-11-12 13:41:13,450 INFO  EvoClassLoader - Seeing class for first time: org.apache.hadoop.fs.permission.FsPermission$ImmutableFsPermission
2024-11-12 13:41:13,450 INFO  EvoClassLoader - Instrumenting class 'org.apache.hadoop.fs.permission.FsPermission$ImmutableFsPermission'.
2024-11-12 13:41:13,450 INFO  MethodCallReplacementClassAdapter - Adding mock interface to class org/apache/hadoop/fs/permission/FsPermission$ImmutableFsPermission
2024-11-12 13:41:13,450 INFO  CreateClassResetClassAdapter - Creating brand-new static initializer in class org/apache/hadoop/fs/permission/FsPermission$ImmutableFsPermission
2024-11-12 13:41:13,450 INFO  EvoClassLoader - Seeing class for first time: org.apache.hadoop.fs.permission.FsPermission
2024-11-12 13:41:13,450 INFO  EvoClassLoader - Instrumenting class 'org.apache.hadoop.fs.permission.FsPermission'.
2024-11-12 13:41:13,451 INFO  MethodCallReplacementClassAdapter - Adding mock interface to class org/apache/hadoop/fs/permission/FsPermission
2024-11-12 13:41:13,452 INFO  CreateClassResetClassAdapter - Found static initializer in class org/apache/hadoop/fs/permission/FsPermission
2024-11-12 13:41:13,452 INFO  EvoClassLoader - Keeping class: org.apache.hadoop.fs.permission.FsPermission
2024-11-12 13:41:13,452 INFO  EvoClassLoader - Keeping class: org.apache.hadoop.fs.permission.FsPermission$ImmutableFsPermission
2024-11-12 13:41:13,452 INFO  EvoClassLoader - Seeing class for first time: org.apache.hadoop.io.WritableFactory
2024-11-12 13:41:13,452 INFO  EvoClassLoader - Instrumenting class 'org.apache.hadoop.io.WritableFactory'.
2024-11-12 13:41:13,452 INFO  EvoClassLoader - Keeping class: org.apache.hadoop.io.WritableFactory
2024-11-12 13:41:13,453 INFO  EvoClassLoader - Seeing class for first time: org.apache.hadoop.fs.permission.FsPermission$1
2024-11-12 13:41:13,453 INFO  EvoClassLoader - Instrumenting class 'org.apache.hadoop.fs.permission.FsPermission$1'.
2024-11-12 13:41:13,453 INFO  MethodCallReplacementClassAdapter - Adding mock interface to class org/apache/hadoop/fs/permission/FsPermission$1
2024-11-12 13:41:13,453 INFO  EvoClassLoader - Keeping class: org.apache.hadoop.fs.permission.FsPermission$1
2024-11-12 13:41:13,454 INFO  EvoClassLoader - Seeing class for first time: org.apache.hadoop.io.WritableFactories
2024-11-12 13:41:13,454 INFO  EvoClassLoader - Instrumenting class 'org.apache.hadoop.io.WritableFactories'.
2024-11-12 13:41:13,454 INFO  MethodCallReplacementClassAdapter - Adding mock interface to class org/apache/hadoop/io/WritableFactories
2024-11-12 13:41:13,454 INFO  CreateClassResetClassAdapter - Found static initializer in class org/apache/hadoop/io/WritableFactories
2024-11-12 13:41:13,454 INFO  EvoClassLoader - Keeping class: org.apache.hadoop.io.WritableFactories
2024-11-12 13:41:13,454 INFO  EvoClassLoader - Seeing class for first time: org.apache.hadoop.fs.permission.FsAction
2024-11-12 13:41:13,454 INFO  EvoClassLoader - Instrumenting class 'org.apache.hadoop.fs.permission.FsAction'.
2024-11-12 13:41:13,455 INFO  MethodCallReplacementClassAdapter - Adding mock interface to class org/apache/hadoop/fs/permission/FsAction
2024-11-12 13:41:13,455 INFO  CreateClassResetClassAdapter - Found static initializer in class org/apache/hadoop/fs/permission/FsAction
2024-11-12 13:41:13,455 INFO  EvoClassLoader - Keeping class: org.apache.hadoop.fs.permission.FsAction
2024-11-12 13:41:13,456 INFO  EvoClassLoader - Seeing class for first time: org.apache.hadoop.hdfs.server.namenode.INode$Feature
2024-11-12 13:41:13,456 INFO  EvoClassLoader - Instrumenting class 'org.apache.hadoop.hdfs.server.namenode.INode$Feature'.
2024-11-12 13:41:13,457 INFO  EvoClassLoader - Keeping class: org.apache.hadoop.hdfs.server.namenode.INode$Feature
2024-11-12 13:41:13,457 INFO  EvoClassLoader - Seeing class for first time: org.apache.hadoop.fs.PathIsNotDirectoryException
2024-11-12 13:41:13,457 INFO  EvoClassLoader - Instrumenting class 'org.apache.hadoop.fs.PathIsNotDirectoryException'.
2024-11-12 13:41:13,457 INFO  MethodCallReplacementClassAdapter - Adding mock interface to class org/apache/hadoop/fs/PathIsNotDirectoryException
2024-11-12 13:41:13,458 INFO  CreateClassResetClassAdapter - Creating brand-new static initializer in class org/apache/hadoop/fs/PathIsNotDirectoryException
2024-11-12 13:41:13,458 INFO  EvoClassLoader - Seeing class for first time: org.apache.hadoop.fs.PathExistsException
2024-11-12 13:41:13,458 INFO  EvoClassLoader - Instrumenting class 'org.apache.hadoop.fs.PathExistsException'.
2024-11-12 13:41:13,458 INFO  MethodCallReplacementClassAdapter - Adding mock interface to class org/apache/hadoop/fs/PathExistsException
2024-11-12 13:41:13,458 INFO  CreateClassResetClassAdapter - Creating brand-new static initializer in class org/apache/hadoop/fs/PathExistsException
2024-11-12 13:41:13,458 INFO  EvoClassLoader - Seeing class for first time: org.apache.hadoop.fs.PathIOException
2024-11-12 13:41:13,458 INFO  EvoClassLoader - Instrumenting class 'org.apache.hadoop.fs.PathIOException'.
2024-11-12 13:41:13,458 INFO  MethodCallReplacementClassAdapter - Adding mock interface to class org/apache/hadoop/fs/PathIOException
2024-11-12 13:41:13,458 INFO  CreateClassResetClassAdapter - Creating brand-new static initializer in class org/apache/hadoop/fs/PathIOException
2024-11-12 13:41:13,458 INFO  CreateClassResetClassAdapter - Adding bytecode for initializing field EIO
2024-11-12 13:41:13,458 INFO  EvoClassLoader - Keeping class: org.apache.hadoop.fs.PathIOException
2024-11-12 13:41:13,458 INFO  EvoClassLoader - Keeping class: org.apache.hadoop.fs.PathExistsException
2024-11-12 13:41:13,458 INFO  EvoClassLoader - Keeping class: org.apache.hadoop.fs.PathIsNotDirectoryException
2024-11-12 13:41:13,459 INFO  EvoClassLoader - Seeing class for first time: org.apache.hadoop.hdfs.DFSUtil
2024-11-12 13:41:13,459 INFO  EvoClassLoader - Instrumenting class 'org.apache.hadoop.hdfs.DFSUtil'.
2024-11-12 13:41:13,460 INFO  MethodCallReplacementClassAdapter - Adding mock interface to class org/apache/hadoop/hdfs/DFSUtil
2024-11-12 13:41:13,466 INFO  CreateClassResetClassAdapter - Found static initializer in class org/apache/hadoop/hdfs/DFSUtil
2024-11-12 13:41:13,466 INFO  EvoClassLoader - Defined package (3): package org.apache.hadoop.hdfs, 101186972
2024-11-12 13:41:13,467 INFO  EvoClassLoader - Keeping class: org.apache.hadoop.hdfs.DFSUtil
2024-11-12 13:41:13,467 INFO  EvoClassLoader - Seeing class for first time: org.apache.hadoop.hdfs.DFSUtil$1
2024-11-12 13:41:13,467 INFO  EvoClassLoader - Instrumenting class 'org.apache.hadoop.hdfs.DFSUtil$1'.
2024-11-12 13:41:13,467 INFO  MethodCallReplacementClassAdapter - Adding mock interface to class org/apache/hadoop/hdfs/DFSUtil$1
2024-11-12 13:41:13,468 INFO  EvoClassLoader - Keeping class: org.apache.hadoop.hdfs.DFSUtil$1
2024-11-12 13:41:13,468 INFO  EvoClassLoader - Seeing class for first time: org.apache.hadoop.hdfs.DFSUtil$AddressMatcher
2024-11-12 13:41:13,468 INFO  EvoClassLoader - Instrumenting class 'org.apache.hadoop.hdfs.DFSUtil$AddressMatcher'.
2024-11-12 13:41:13,468 INFO  EvoClassLoader - Keeping class: org.apache.hadoop.hdfs.DFSUtil$AddressMatcher
2024-11-12 13:41:13,469 INFO  EvoClassLoader - Seeing class for first time: org.apache.hadoop.HadoopIllegalArgumentException
2024-11-12 13:41:13,469 INFO  EvoClassLoader - Instrumenting class 'org.apache.hadoop.HadoopIllegalArgumentException'.
2024-11-12 13:41:13,469 INFO  MethodCallReplacementClassAdapter - Adding mock interface to class org/apache/hadoop/HadoopIllegalArgumentException
2024-11-12 13:41:13,469 INFO  CreateClassResetClassAdapter - Creating brand-new static initializer in class org/apache/hadoop/HadoopIllegalArgumentException
2024-11-12 13:41:13,469 INFO  EvoClassLoader - Defined package (3): package org.apache.hadoop, 975885115
2024-11-12 13:41:13,469 INFO  EvoClassLoader - Keeping class: org.apache.hadoop.HadoopIllegalArgumentException
2024-11-12 13:41:13,469 INFO  EvoClassLoader - Seeing class for first time: org.apache.commons.cli.ParseException
2024-11-12 13:41:13,469 INFO  EvoClassLoader - Instrumenting class 'org.apache.commons.cli.ParseException'.
2024-11-12 13:41:13,469 INFO  MethodCallReplacementClassAdapter - Adding mock interface to class org/apache/commons/cli/ParseException
2024-11-12 13:41:13,469 INFO  CreateClassResetClassAdapter - Creating brand-new static initializer in class org/apache/commons/cli/ParseException
2024-11-12 13:41:13,469 INFO  EvoClassLoader - Defined package (3): package org.apache.commons.cli, -528318268
2024-11-12 13:41:13,470 INFO  EvoClassLoader - Keeping class: org.apache.commons.cli.ParseException
2024-11-12 13:41:13,470 INFO  EvoClassLoader - Seeing class for first time: org.apache.commons.cli.CommandLineParser
2024-11-12 13:41:13,470 INFO  EvoClassLoader - Instrumenting class 'org.apache.commons.cli.CommandLineParser'.
2024-11-12 13:41:13,470 INFO  EvoClassLoader - Keeping class: org.apache.commons.cli.CommandLineParser
2024-11-12 13:41:13,470 INFO  EvoClassLoader - Seeing class for first time: org.apache.hadoop.hdfs.DFSUtil$2
2024-11-12 13:41:13,470 INFO  EvoClassLoader - Instrumenting class 'org.apache.hadoop.hdfs.DFSUtil$2'.
2024-11-12 13:41:13,470 INFO  MethodCallReplacementClassAdapter - Adding mock interface to class org/apache/hadoop/hdfs/DFSUtil$2
2024-11-12 13:41:13,470 INFO  EvoClassLoader - Keeping class: org.apache.hadoop.hdfs.DFSUtil$2
2024-11-12 13:41:13,470 INFO  EvoClassLoader - Seeing class for first time: org.apache.commons.cli.Options
2024-11-12 13:41:13,470 INFO  EvoClassLoader - Instrumenting class 'org.apache.commons.cli.Options'.
2024-11-12 13:41:13,470 INFO  MethodCallReplacementClassAdapter - Adding mock interface to class org/apache/commons/cli/Options
2024-11-12 13:41:13,471 INFO  CreateClassResetClassAdapter - Creating brand-new static initializer in class org/apache/commons/cli/Options
2024-11-12 13:41:13,471 INFO  EvoClassLoader - Keeping class: org.apache.commons.cli.Options
2024-11-12 13:41:13,471 INFO  EvoClassLoader - Seeing class for first time: org.apache.commons.cli.Option
2024-11-12 13:41:13,471 INFO  EvoClassLoader - Instrumenting class 'org.apache.commons.cli.Option'.
2024-11-12 13:41:13,471 INFO  MethodCallReplacementClassAdapter - Adding mock interface to class org/apache/commons/cli/Option
2024-11-12 13:41:13,472 INFO  CreateClassResetClassAdapter - Creating brand-new static initializer in class org/apache/commons/cli/Option
2024-11-12 13:41:13,472 INFO  CreateClassResetClassAdapter - Adding bytecode for initializing field UNINITIALIZED
2024-11-12 13:41:13,472 INFO  CreateClassResetClassAdapter - Adding bytecode for initializing field UNLIMITED_VALUES
2024-11-12 13:41:13,472 INFO  EvoClassLoader - Keeping class: org.apache.commons.cli.Option
2024-11-12 13:41:13,472 INFO  EvoClassLoader - Seeing class for first time: org.apache.commons.cli.OptionValidator
2024-11-12 13:41:13,472 INFO  EvoClassLoader - Instrumenting class 'org.apache.commons.cli.OptionValidator'.
2024-11-12 13:41:13,472 INFO  MethodCallReplacementClassAdapter - Adding mock interface to class org/apache/commons/cli/OptionValidator
2024-11-12 13:41:13,473 INFO  CreateClassResetClassAdapter - Creating brand-new static initializer in class org/apache/commons/cli/OptionValidator
2024-11-12 13:41:13,473 INFO  EvoClassLoader - Keeping class: org.apache.commons.cli.OptionValidator
2024-11-12 13:41:13,473 INFO  EvoClassLoader - Seeing class for first time: org.apache.hadoop.hdfs.DFSUtilClient
2024-11-12 13:41:13,473 INFO  EvoClassLoader - Instrumenting class 'org.apache.hadoop.hdfs.DFSUtilClient'.
2024-11-12 13:41:13,474 INFO  MethodCallReplacementClassAdapter - Adding mock interface to class org/apache/hadoop/hdfs/DFSUtilClient
2024-11-12 13:41:13,479 INFO  CreateClassResetClassAdapter - Found static initializer in class org/apache/hadoop/hdfs/DFSUtilClient
2024-11-12 13:41:13,480 INFO  EvoClassLoader - Keeping class: org.apache.hadoop.hdfs.DFSUtilClient
2024-11-12 13:41:13,481 INFO  EvoClassLoader - Seeing class for first time: org.apache.hadoop.hdfs.protocol.ClientDatanodeProtocol
2024-11-12 13:41:13,481 INFO  EvoClassLoader - Instrumenting class 'org.apache.hadoop.hdfs.protocol.ClientDatanodeProtocol'.
2024-11-12 13:41:13,482 INFO  EvoClassLoader - Keeping class: org.apache.hadoop.hdfs.protocol.ClientDatanodeProtocol
2024-11-12 13:41:13,482 INFO  EvoClassLoader - Seeing class for first time: org.apache.hadoop.hdfs.protocol.ReconfigurationProtocol
2024-11-12 13:41:13,482 INFO  EvoClassLoader - Instrumenting class 'org.apache.hadoop.hdfs.protocol.ReconfigurationProtocol'.
2024-11-12 13:41:13,483 INFO  EvoClassLoader - Keeping class: org.apache.hadoop.hdfs.protocol.ReconfigurationProtocol
2024-11-12 13:41:13,483 INFO  EvoClassLoader - Seeing class for first time: org.apache.hadoop.hdfs.net.Peer
2024-11-12 13:41:13,483 INFO  EvoClassLoader - Instrumenting class 'org.apache.hadoop.hdfs.net.Peer'.
2024-11-12 13:41:13,483 INFO  EvoClassLoader - Defined package (3): package org.apache.hadoop.hdfs.net, -1603378613
2024-11-12 13:41:13,483 INFO  EvoClassLoader - Keeping class: org.apache.hadoop.hdfs.net.Peer
2024-11-12 13:41:13,484 INFO  EvoClassLoader - Seeing class for first time: org.apache.hadoop.hdfs.protocol.DatanodeInfo
2024-11-12 13:41:13,484 INFO  EvoClassLoader - Instrumenting class 'org.apache.hadoop.hdfs.protocol.DatanodeInfo'.
2024-11-12 13:41:13,484 INFO  MethodCallReplacementClassAdapter - Adding mock interface to class org/apache/hadoop/hdfs/protocol/DatanodeInfo
2024-11-12 13:41:13,487 INFO  CreateClassResetClassAdapter - Found static initializer in class org/apache/hadoop/hdfs/protocol/DatanodeInfo
2024-11-12 13:41:13,487 INFO  EvoClassLoader - Seeing class for first time: org.apache.hadoop.net.Node
2024-11-12 13:41:13,487 INFO  EvoClassLoader - Instrumenting class 'org.apache.hadoop.net.Node'.
2024-11-12 13:41:13,487 INFO  EvoClassLoader - Defined package (3): package org.apache.hadoop.net, -1243656086
2024-11-12 13:41:13,488 INFO  EvoClassLoader - Keeping class: org.apache.hadoop.net.Node
2024-11-12 13:41:13,488 INFO  EvoClassLoader - Seeing class for first time: org.apache.hadoop.hdfs.protocol.DatanodeID
2024-11-12 13:41:13,488 INFO  EvoClassLoader - Instrumenting class 'org.apache.hadoop.hdfs.protocol.DatanodeID'.
2024-11-12 13:41:13,488 INFO  MethodCallReplacementClassAdapter - Adding mock interface to class org/apache/hadoop/hdfs/protocol/DatanodeID
2024-11-12 13:41:13,489 INFO  CreateClassResetClassAdapter - Found static initializer in class org/apache/hadoop/hdfs/protocol/DatanodeID
2024-11-12 13:41:13,490 INFO  EvoClassLoader - Keeping class: org.apache.hadoop.hdfs.protocol.DatanodeID
2024-11-12 13:41:13,490 INFO  EvoClassLoader - Keeping class: org.apache.hadoop.hdfs.protocol.DatanodeInfo
2024-11-12 13:41:13,490 INFO  EvoClassLoader - Seeing class for first time: org.apache.hadoop.hdfs.protocol.DatanodeInfoWithStorage
2024-11-12 13:41:13,490 INFO  EvoClassLoader - Instrumenting class 'org.apache.hadoop.hdfs.protocol.DatanodeInfoWithStorage'.
2024-11-12 13:41:13,490 INFO  MethodCallReplacementClassAdapter - Adding mock interface to class org/apache/hadoop/hdfs/protocol/DatanodeInfoWithStorage
2024-11-12 13:41:13,490 INFO  CreateClassResetClassAdapter - Creating brand-new static initializer in class org/apache/hadoop/hdfs/protocol/DatanodeInfoWithStorage
2024-11-12 13:41:13,490 INFO  EvoClassLoader - Keeping class: org.apache.hadoop.hdfs.protocol.DatanodeInfoWithStorage
2024-11-12 13:41:13,490 INFO  EvoClassLoader - Seeing class for first time: org.apache.hadoop.net.SocketInputWrapper
2024-11-12 13:41:13,490 INFO  EvoClassLoader - Instrumenting class 'org.apache.hadoop.net.SocketInputWrapper'.
2024-11-12 13:41:13,491 INFO  MethodCallReplacementClassAdapter - Adding mock interface to class org/apache/hadoop/net/SocketInputWrapper
2024-11-12 13:41:13,491 INFO  CreateClassResetClassAdapter - Creating brand-new static initializer in class org/apache/hadoop/net/SocketInputWrapper
2024-11-12 13:41:13,491 INFO  EvoClassLoader - Keeping class: org.apache.hadoop.net.SocketInputWrapper
2024-11-12 13:41:13,492 INFO  EvoClassLoader - Seeing class for first time: org.apache.hadoop.ipc.CallerContext
2024-11-12 13:41:13,492 INFO  EvoClassLoader - Instrumenting class 'org.apache.hadoop.ipc.CallerContext'.
2024-11-12 13:41:13,492 INFO  MethodCallReplacementClassAdapter - Adding mock interface to class org/apache/hadoop/ipc/CallerContext
2024-11-12 13:41:13,493 INFO  CreateClassResetClassAdapter - Found static initializer in class org/apache/hadoop/ipc/CallerContext
2024-11-12 13:41:13,493 INFO  EvoClassLoader - Defined package (3): package org.apache.hadoop.ipc, -1243660567
2024-11-12 13:41:13,493 INFO  EvoClassLoader - Keeping class: org.apache.hadoop.ipc.CallerContext
2024-11-12 13:41:13,494 INFO  EvoClassLoader - Seeing class for first time: org.apache.hadoop.thirdparty.com.google.common.collect.SortedMapDifference
2024-11-12 13:41:13,494 INFO  EvoClassLoader - Instrumenting class 'org.apache.hadoop.thirdparty.com.google.common.collect.SortedMapDifference'.
2024-11-12 13:41:13,494 INFO  EvoClassLoader - Seeing class for first time: org.apache.hadoop.thirdparty.com.google.common.collect.MapDifference
2024-11-12 13:41:13,494 INFO  EvoClassLoader - Instrumenting class 'org.apache.hadoop.thirdparty.com.google.common.collect.MapDifference'.
2024-11-12 13:41:13,495 INFO  EvoClassLoader - Keeping class: org.apache.hadoop.thirdparty.com.google.common.collect.MapDifference
2024-11-12 13:41:13,495 INFO  EvoClassLoader - Keeping class: org.apache.hadoop.thirdparty.com.google.common.collect.SortedMapDifference
2024-11-12 13:41:13,495 INFO  EvoClassLoader - Seeing class for first time: org.apache.hadoop.hdfs.server.namenode.LeaseManager$Lease
2024-11-12 13:41:13,495 INFO  EvoClassLoader - Instrumenting class 'org.apache.hadoop.hdfs.server.namenode.LeaseManager$Lease'.
2024-11-12 13:41:13,495 INFO  MethodCallReplacementClassAdapter - Adding mock interface to class org/apache/hadoop/hdfs/server/namenode/LeaseManager$Lease
2024-11-12 13:41:13,495 INFO  CreateClassResetClassAdapter - Creating brand-new static initializer in class org/apache/hadoop/hdfs/server/namenode/LeaseManager$Lease
2024-11-12 13:41:13,496 INFO  EvoClassLoader - Keeping class: org.apache.hadoop.hdfs.server.namenode.LeaseManager$Lease
2024-11-12 13:41:13,496 INFO  EvoClassLoader - Seeing class for first time: org.apache.hadoop.hdfs.server.protocol.ServerCommand
2024-11-12 13:41:13,496 INFO  EvoClassLoader - Instrumenting class 'org.apache.hadoop.hdfs.server.protocol.ServerCommand'.
2024-11-12 13:41:13,496 INFO  MethodCallReplacementClassAdapter - Adding mock interface to class org/apache/hadoop/hdfs/server/protocol/ServerCommand
2024-11-12 13:41:13,496 INFO  CreateClassResetClassAdapter - Creating brand-new static initializer in class org/apache/hadoop/hdfs/server/protocol/ServerCommand
2024-11-12 13:41:13,496 INFO  EvoClassLoader - Defined package (3): package org.apache.hadoop.hdfs.server.protocol, -726077295
2024-11-12 13:41:13,496 INFO  EvoClassLoader - Keeping class: org.apache.hadoop.hdfs.server.protocol.ServerCommand
2024-11-12 13:41:13,496 INFO  EvoClassLoader - Seeing class for first time: org.apache.hadoop.hdfs.server.namenode.CheckpointSignature
2024-11-12 13:41:13,496 INFO  EvoClassLoader - Instrumenting class 'org.apache.hadoop.hdfs.server.namenode.CheckpointSignature'.
2024-11-12 13:41:13,497 INFO  MethodCallReplacementClassAdapter - Adding mock interface to class org/apache/hadoop/hdfs/server/namenode/CheckpointSignature
2024-11-12 13:41:13,497 INFO  CreateClassResetClassAdapter - Found static initializer in class org/apache/hadoop/hdfs/server/namenode/CheckpointSignature
2024-11-12 13:41:13,497 INFO  EvoClassLoader - Seeing class for first time: org.apache.hadoop.hdfs.server.common.StorageInfo
2024-11-12 13:41:13,498 INFO  EvoClassLoader - Instrumenting class 'org.apache.hadoop.hdfs.server.common.StorageInfo'.
2024-11-12 13:41:13,498 INFO  MethodCallReplacementClassAdapter - Adding mock interface to class org/apache/hadoop/hdfs/server/common/StorageInfo
2024-11-12 13:41:13,499 INFO  CreateClassResetClassAdapter - Creating brand-new static initializer in class org/apache/hadoop/hdfs/server/common/StorageInfo
2024-11-12 13:41:13,499 INFO  CreateClassResetClassAdapter - Adding bytecode for initializing field STORAGE_FILE_VERSION
2024-11-12 13:41:13,499 INFO  EvoClassLoader - Keeping class: org.apache.hadoop.hdfs.server.common.StorageInfo
2024-11-12 13:41:13,499 INFO  EvoClassLoader - Keeping class: org.apache.hadoop.hdfs.server.namenode.CheckpointSignature
2024-11-12 13:41:13,499 INFO  EvoClassLoader - Seeing class for first time: org.apache.hadoop.hdfs.server.common.IncorrectVersionException
2024-11-12 13:41:13,499 INFO  EvoClassLoader - Instrumenting class 'org.apache.hadoop.hdfs.server.common.IncorrectVersionException'.
2024-11-12 13:41:13,500 INFO  MethodCallReplacementClassAdapter - Adding mock interface to class org/apache/hadoop/hdfs/server/common/IncorrectVersionException
2024-11-12 13:41:13,500 INFO  CreateClassResetClassAdapter - Creating brand-new static initializer in class org/apache/hadoop/hdfs/server/common/IncorrectVersionException
2024-11-12 13:41:13,500 INFO  EvoClassLoader - Keeping class: org.apache.hadoop.hdfs.server.common.IncorrectVersionException
2024-11-12 13:41:13,500 INFO  EvoClassLoader - Seeing class for first time: org.apache.hadoop.hdfs.server.namenode.NNStorage
2024-11-12 13:41:13,500 INFO  EvoClassLoader - Instrumenting class 'org.apache.hadoop.hdfs.server.namenode.NNStorage'.
2024-11-12 13:41:13,500 INFO  MethodCallReplacementClassAdapter - Adding mock interface to class org/apache/hadoop/hdfs/server/namenode/NNStorage
2024-11-12 13:41:13,503 INFO  CreateClassResetClassAdapter - Found static initializer in class org/apache/hadoop/hdfs/server/namenode/NNStorage
2024-11-12 13:41:13,504 INFO  EvoClassLoader - Seeing class for first time: org.apache.hadoop.hdfs.server.common.StorageErrorReporter
2024-11-12 13:41:13,504 INFO  EvoClassLoader - Instrumenting class 'org.apache.hadoop.hdfs.server.common.StorageErrorReporter'.
2024-11-12 13:41:13,504 INFO  EvoClassLoader - Keeping class: org.apache.hadoop.hdfs.server.common.StorageErrorReporter
2024-11-12 13:41:13,504 INFO  EvoClassLoader - Seeing class for first time: org.apache.hadoop.hdfs.server.common.Storage
2024-11-12 13:41:13,504 INFO  EvoClassLoader - Instrumenting class 'org.apache.hadoop.hdfs.server.common.Storage'.
2024-11-12 13:41:13,504 INFO  MethodCallReplacementClassAdapter - Adding mock interface to class org/apache/hadoop/hdfs/server/common/Storage
2024-11-12 13:41:13,507 INFO  CreateClassResetClassAdapter - Found static initializer in class org/apache/hadoop/hdfs/server/common/Storage
2024-11-12 13:41:13,507 INFO  EvoClassLoader - Keeping class: org.apache.hadoop.hdfs.server.common.Storage
2024-11-12 13:41:13,507 INFO  EvoClassLoader - Keeping class: org.apache.hadoop.hdfs.server.namenode.NNStorage
2024-11-12 13:41:13,508 INFO  EvoClassLoader - Seeing class for first time: org.apache.hadoop.thirdparty.com.google.common.collect.Lists$StringAsImmutableList
2024-11-12 13:41:13,508 INFO  EvoClassLoader - Instrumenting class 'org.apache.hadoop.thirdparty.com.google.common.collect.Lists$StringAsImmutableList'.
2024-11-12 13:41:13,508 INFO  MethodCallReplacementClassAdapter - Adding mock interface to class org/apache/hadoop/thirdparty/com/google/common/collect/Lists$StringAsImmutableList
2024-11-12 13:41:13,508 INFO  CreateClassResetClassAdapter - Creating brand-new static initializer in class org/apache/hadoop/thirdparty/com/google/common/collect/Lists$StringAsImmutableList
2024-11-12 13:41:13,509 INFO  EvoClassLoader - Seeing class for first time: org.apache.hadoop.thirdparty.com.google.common.collect.ImmutableList
2024-11-12 13:41:13,509 INFO  EvoClassLoader - Instrumenting class 'org.apache.hadoop.thirdparty.com.google.common.collect.ImmutableList'.
2024-11-12 13:41:13,509 INFO  MethodCallReplacementClassAdapter - Adding mock interface to class org/apache/hadoop/thirdparty/com/google/common/collect/ImmutableList
2024-11-12 13:41:13,510 INFO  CreateClassResetClassAdapter - Creating brand-new static initializer in class org/apache/hadoop/thirdparty/com/google/common/collect/ImmutableList
2024-11-12 13:41:13,510 INFO  EvoClassLoader - Seeing class for first time: org.apache.hadoop.thirdparty.com.google.common.collect.ImmutableCollection
2024-11-12 13:41:13,510 INFO  EvoClassLoader - Instrumenting class 'org.apache.hadoop.thirdparty.com.google.common.collect.ImmutableCollection'.
2024-11-12 13:41:13,510 INFO  MethodCallReplacementClassAdapter - Adding mock interface to class org/apache/hadoop/thirdparty/com/google/common/collect/ImmutableCollection
2024-11-12 13:41:13,511 INFO  CreateClassResetClassAdapter - Found static initializer in class org/apache/hadoop/thirdparty/com/google/common/collect/ImmutableCollection
2024-11-12 13:41:13,511 INFO  EvoClassLoader - Keeping class: org.apache.hadoop.thirdparty.com.google.common.collect.ImmutableCollection
2024-11-12 13:41:13,511 INFO  EvoClassLoader - Keeping class: org.apache.hadoop.thirdparty.com.google.common.collect.ImmutableList
2024-11-12 13:41:13,511 INFO  EvoClassLoader - Keeping class: org.apache.hadoop.thirdparty.com.google.common.collect.Lists$StringAsImmutableList
2024-11-12 13:41:13,511 INFO  EvoClassLoader - Seeing class for first time: org.apache.hadoop.thirdparty.com.google.common.collect.RegularImmutableAsList
2024-11-12 13:41:13,511 INFO  EvoClassLoader - Instrumenting class 'org.apache.hadoop.thirdparty.com.google.common.collect.RegularImmutableAsList'.
2024-11-12 13:41:13,511 INFO  MethodCallReplacementClassAdapter - Adding mock interface to class org/apache/hadoop/thirdparty/com/google/common/collect/RegularImmutableAsList
2024-11-12 13:41:13,511 INFO  CreateClassResetClassAdapter - Creating brand-new static initializer in class org/apache/hadoop/thirdparty/com/google/common/collect/RegularImmutableAsList
2024-11-12 13:41:13,511 INFO  EvoClassLoader - Seeing class for first time: org.apache.hadoop.thirdparty.com.google.common.collect.ImmutableAsList
2024-11-12 13:41:13,511 INFO  EvoClassLoader - Instrumenting class 'org.apache.hadoop.thirdparty.com.google.common.collect.ImmutableAsList'.
2024-11-12 13:41:13,511 INFO  MethodCallReplacementClassAdapter - Adding mock interface to class org/apache/hadoop/thirdparty/com/google/common/collect/ImmutableAsList
2024-11-12 13:41:13,511 INFO  CreateClassResetClassAdapter - Creating brand-new static initializer in class org/apache/hadoop/thirdparty/com/google/common/collect/ImmutableAsList
2024-11-12 13:41:13,512 INFO  EvoClassLoader - Keeping class: org.apache.hadoop.thirdparty.com.google.common.collect.ImmutableAsList
2024-11-12 13:41:13,512 INFO  EvoClassLoader - Keeping class: org.apache.hadoop.thirdparty.com.google.common.collect.RegularImmutableAsList
2024-11-12 13:41:13,512 INFO  EvoClassLoader - Seeing class for first time: org.apache.hadoop.thirdparty.com.google.common.collect.UnmodifiableIterator
2024-11-12 13:41:13,512 INFO  EvoClassLoader - Instrumenting class 'org.apache.hadoop.thirdparty.com.google.common.collect.UnmodifiableIterator'.
2024-11-12 13:41:13,512 INFO  MethodCallReplacementClassAdapter - Adding mock interface to class org/apache/hadoop/thirdparty/com/google/common/collect/UnmodifiableIterator
2024-11-12 13:41:13,512 INFO  CreateClassResetClassAdapter - Creating brand-new static initializer in class org/apache/hadoop/thirdparty/com/google/common/collect/UnmodifiableIterator
2024-11-12 13:41:13,512 INFO  EvoClassLoader - Keeping class: org.apache.hadoop.thirdparty.com.google.common.collect.UnmodifiableIterator
2024-11-12 13:41:13,512 INFO  EvoClassLoader - Seeing class for first time: org.apache.hadoop.thirdparty.com.google.common.collect.UnmodifiableListIterator
2024-11-12 13:41:13,512 INFO  EvoClassLoader - Instrumenting class 'org.apache.hadoop.thirdparty.com.google.common.collect.UnmodifiableListIterator'.
2024-11-12 13:41:13,512 INFO  MethodCallReplacementClassAdapter - Adding mock interface to class org/apache/hadoop/thirdparty/com/google/common/collect/UnmodifiableListIterator
2024-11-12 13:41:13,512 INFO  CreateClassResetClassAdapter - Creating brand-new static initializer in class org/apache/hadoop/thirdparty/com/google/common/collect/UnmodifiableListIterator
2024-11-12 13:41:13,512 INFO  EvoClassLoader - Keeping class: org.apache.hadoop.thirdparty.com.google.common.collect.UnmodifiableListIterator
2024-11-12 13:41:13,512 INFO  EvoClassLoader - Seeing class for first time: org.apache.hadoop.thirdparty.com.google.common.collect.ImmutableList$ReverseImmutableList
2024-11-12 13:41:13,512 INFO  EvoClassLoader - Instrumenting class 'org.apache.hadoop.thirdparty.com.google.common.collect.ImmutableList$ReverseImmutableList'.
2024-11-12 13:41:13,512 INFO  MethodCallReplacementClassAdapter - Adding mock interface to class org/apache/hadoop/thirdparty/com/google/common/collect/ImmutableList$ReverseImmutableList
2024-11-12 13:41:13,513 INFO  CreateClassResetClassAdapter - Creating brand-new static initializer in class org/apache/hadoop/thirdparty/com/google/common/collect/ImmutableList$ReverseImmutableList
2024-11-12 13:41:13,513 INFO  EvoClassLoader - Keeping class: org.apache.hadoop.thirdparty.com.google.common.collect.ImmutableList$ReverseImmutableList
2024-11-12 13:41:13,513 INFO  EvoClassLoader - Seeing class for first time: org.apache.hadoop.thirdparty.com.google.common.collect.SingletonImmutableList
2024-11-12 13:41:13,513 INFO  EvoClassLoader - Instrumenting class 'org.apache.hadoop.thirdparty.com.google.common.collect.SingletonImmutableList'.
2024-11-12 13:41:13,513 INFO  MethodCallReplacementClassAdapter - Adding mock interface to class org/apache/hadoop/thirdparty/com/google/common/collect/SingletonImmutableList
2024-11-12 13:41:13,514 INFO  CreateClassResetClassAdapter - Creating brand-new static initializer in class org/apache/hadoop/thirdparty/com/google/common/collect/SingletonImmutableList
2024-11-12 13:41:13,514 INFO  EvoClassLoader - Keeping class: org.apache.hadoop.thirdparty.com.google.common.collect.SingletonImmutableList
2024-11-12 13:41:13,514 INFO  EvoClassLoader - Seeing class for first time: org.apache.hadoop.thirdparty.com.google.common.collect.ImmutableList$1
2024-11-12 13:41:13,514 INFO  EvoClassLoader - Instrumenting class 'org.apache.hadoop.thirdparty.com.google.common.collect.ImmutableList$1'.
2024-11-12 13:41:13,514 INFO  MethodCallReplacementClassAdapter - Adding mock interface to class org/apache/hadoop/thirdparty/com/google/common/collect/ImmutableList$1
2024-11-12 13:41:13,514 INFO  EvoClassLoader - Seeing class for first time: org.apache.hadoop.thirdparty.com.google.common.collect.AbstractIndexedListIterator
2024-11-12 13:41:13,514 INFO  EvoClassLoader - Instrumenting class 'org.apache.hadoop.thirdparty.com.google.common.collect.AbstractIndexedListIterator'.
2024-11-12 13:41:13,514 INFO  MethodCallReplacementClassAdapter - Adding mock interface to class org/apache/hadoop/thirdparty/com/google/common/collect/AbstractIndexedListIterator
2024-11-12 13:41:13,514 INFO  CreateClassResetClassAdapter - Creating brand-new static initializer in class org/apache/hadoop/thirdparty/com/google/common/collect/AbstractIndexedListIterator
2024-11-12 13:41:13,514 INFO  EvoClassLoader - Keeping class: org.apache.hadoop.thirdparty.com.google.common.collect.AbstractIndexedListIterator
2024-11-12 13:41:13,514 INFO  EvoClassLoader - Keeping class: org.apache.hadoop.thirdparty.com.google.common.collect.ImmutableList$1
2024-11-12 13:41:13,515 INFO  EvoClassLoader - Seeing class for first time: org.apache.hadoop.thirdparty.com.google.common.collect.RegularImmutableList
2024-11-12 13:41:13,515 INFO  EvoClassLoader - Instrumenting class 'org.apache.hadoop.thirdparty.com.google.common.collect.RegularImmutableList'.
2024-11-12 13:41:13,515 INFO  MethodCallReplacementClassAdapter - Adding mock interface to class org/apache/hadoop/thirdparty/com/google/common/collect/RegularImmutableList
2024-11-12 13:41:13,515 INFO  CreateClassResetClassAdapter - Found static initializer in class org/apache/hadoop/thirdparty/com/google/common/collect/RegularImmutableList
2024-11-12 13:41:13,515 INFO  EvoClassLoader - Keeping class: org.apache.hadoop.thirdparty.com.google.common.collect.RegularImmutableList
2024-11-12 13:41:13,515 INFO  EvoClassLoader - Seeing class for first time: org.apache.hadoop.thirdparty.com.google.common.collect.ImmutableList$SubList
2024-11-12 13:41:13,515 INFO  EvoClassLoader - Instrumenting class 'org.apache.hadoop.thirdparty.com.google.common.collect.ImmutableList$SubList'.
2024-11-12 13:41:13,515 INFO  MethodCallReplacementClassAdapter - Adding mock interface to class org/apache/hadoop/thirdparty/com/google/common/collect/ImmutableList$SubList
2024-11-12 13:41:13,515 INFO  CreateClassResetClassAdapter - Creating brand-new static initializer in class org/apache/hadoop/thirdparty/com/google/common/collect/ImmutableList$SubList
2024-11-12 13:41:13,516 INFO  EvoClassLoader - Keeping class: org.apache.hadoop.thirdparty.com.google.common.collect.ImmutableList$SubList
2024-11-12 13:41:13,516 INFO  EvoClassLoader - Seeing class for first time: org.apache.hadoop.fs.Options$HandleOpt
2024-11-12 13:41:13,516 INFO  EvoClassLoader - Instrumenting class 'org.apache.hadoop.fs.Options$HandleOpt'.
2024-11-12 13:41:13,516 INFO  MethodCallReplacementClassAdapter - Adding mock interface to class org/apache/hadoop/fs/Options$HandleOpt
2024-11-12 13:41:13,517 INFO  CreateClassResetClassAdapter - Creating brand-new static initializer in class org/apache/hadoop/fs/Options$HandleOpt
2024-11-12 13:41:13,517 INFO  EvoClassLoader - Keeping class: org.apache.hadoop.fs.Options$HandleOpt
2024-11-12 13:41:13,517 INFO  EvoClassLoader - Seeing class for first time: org.apache.hadoop.classification.InterfaceStability$Stable
2024-11-12 13:41:13,517 INFO  EvoClassLoader - Instrumenting class 'org.apache.hadoop.classification.InterfaceStability$Stable'.
2024-11-12 13:41:13,517 INFO  EvoClassLoader - Defined package (3): package org.apache.hadoop.classification, 1598700281
2024-11-12 13:41:13,517 INFO  EvoClassLoader - Keeping class: org.apache.hadoop.classification.InterfaceStability$Stable
2024-11-12 13:41:13,517 INFO  EvoClassLoader - Seeing class for first time: org.apache.hadoop.hdfs.util.LongBitFormat$Enum
2024-11-12 13:41:13,517 INFO  EvoClassLoader - Instrumenting class 'org.apache.hadoop.hdfs.util.LongBitFormat$Enum'.
2024-11-12 13:41:13,518 INFO  EvoClassLoader - Keeping class: org.apache.hadoop.hdfs.util.LongBitFormat$Enum
2024-11-12 13:41:13,518 INFO  EvoClassLoader - Seeing class for first time: org.apache.hadoop.hdfs.server.namenode.FSNamesystem
2024-11-12 13:41:13,518 INFO  EvoClassLoader - Instrumenting class 'org.apache.hadoop.hdfs.server.namenode.FSNamesystem'.
2024-11-12 13:41:13,520 INFO  MethodCallReplacementClassAdapter - Adding mock interface to class org/apache/hadoop/hdfs/server/namenode/FSNamesystem
2024-11-12 13:41:13,541 INFO  CreateClassResetClassAdapter - Found static initializer in class org/apache/hadoop/hdfs/server/namenode/FSNamesystem
2024-11-12 13:41:13,543 INFO  EvoClassLoader - Seeing class for first time: org.apache.hadoop.hdfs.server.namenode.Namesystem
2024-11-12 13:41:13,543 INFO  EvoClassLoader - Instrumenting class 'org.apache.hadoop.hdfs.server.namenode.Namesystem'.
2024-11-12 13:41:13,548 INFO  EvoClassLoader - Seeing class for first time: org.apache.hadoop.hdfs.util.RwLock
2024-11-12 13:41:13,548 INFO  EvoClassLoader - Instrumenting class 'org.apache.hadoop.hdfs.util.RwLock'.
2024-11-12 13:41:13,548 INFO  EvoClassLoader - Keeping class: org.apache.hadoop.hdfs.util.RwLock
2024-11-12 13:41:13,548 INFO  EvoClassLoader - Seeing class for first time: org.apache.hadoop.hdfs.server.namenode.SafeMode
2024-11-12 13:41:13,548 INFO  EvoClassLoader - Instrumenting class 'org.apache.hadoop.hdfs.server.namenode.SafeMode'.
2024-11-12 13:41:13,548 INFO  EvoClassLoader - Keeping class: org.apache.hadoop.hdfs.server.namenode.SafeMode
2024-11-12 13:41:13,548 INFO  EvoClassLoader - Keeping class: org.apache.hadoop.hdfs.server.namenode.Namesystem
2024-11-12 13:41:13,548 INFO  EvoClassLoader - Seeing class for first time: org.apache.hadoop.hdfs.server.namenode.metrics.FSNamesystemMBean
2024-11-12 13:41:13,548 INFO  EvoClassLoader - Instrumenting class 'org.apache.hadoop.hdfs.server.namenode.metrics.FSNamesystemMBean'.
2024-11-12 13:41:13,548 INFO  EvoClassLoader - Defined package (3): package org.apache.hadoop.hdfs.server.namenode.metrics, -1864648741
2024-11-12 13:41:13,548 INFO  EvoClassLoader - Keeping class: org.apache.hadoop.hdfs.server.namenode.metrics.FSNamesystemMBean
2024-11-12 13:41:13,548 INFO  EvoClassLoader - Seeing class for first time: org.apache.hadoop.hdfs.server.namenode.NameNodeMXBean
2024-11-12 13:41:13,548 INFO  EvoClassLoader - Instrumenting class 'org.apache.hadoop.hdfs.server.namenode.NameNodeMXBean'.
2024-11-12 13:41:13,548 INFO  EvoClassLoader - Keeping class: org.apache.hadoop.hdfs.server.namenode.NameNodeMXBean
2024-11-12 13:41:13,548 INFO  EvoClassLoader - Seeing class for first time: org.apache.hadoop.hdfs.server.namenode.metrics.ReplicatedBlocksMBean
2024-11-12 13:41:13,548 INFO  EvoClassLoader - Instrumenting class 'org.apache.hadoop.hdfs.server.namenode.metrics.ReplicatedBlocksMBean'.
2024-11-12 13:41:13,549 INFO  EvoClassLoader - Keeping class: org.apache.hadoop.hdfs.server.namenode.metrics.ReplicatedBlocksMBean
2024-11-12 13:41:13,549 INFO  EvoClassLoader - Seeing class for first time: org.apache.hadoop.hdfs.server.namenode.metrics.ECBlockGroupsMBean
2024-11-12 13:41:13,549 INFO  EvoClassLoader - Instrumenting class 'org.apache.hadoop.hdfs.server.namenode.metrics.ECBlockGroupsMBean'.
2024-11-12 13:41:13,549 INFO  EvoClassLoader - Keeping class: org.apache.hadoop.hdfs.server.namenode.metrics.ECBlockGroupsMBean
2024-11-12 13:41:13,549 INFO  EvoClassLoader - Keeping class: org.apache.hadoop.hdfs.server.namenode.FSNamesystem
2024-11-12 13:41:13,550 INFO  EvoClassLoader - Seeing class for first time: org.apache.hadoop.hdfs.HdfsConfiguration
2024-11-12 13:41:13,550 INFO  EvoClassLoader - Instrumenting class 'org.apache.hadoop.hdfs.HdfsConfiguration'.
2024-11-12 13:41:13,551 INFO  MethodCallReplacementClassAdapter - Adding mock interface to class org/apache/hadoop/hdfs/HdfsConfiguration
2024-11-12 13:41:13,551 INFO  CreateClassResetClassAdapter - Found static initializer in class org/apache/hadoop/hdfs/HdfsConfiguration
2024-11-12 13:41:13,551 INFO  EvoClassLoader - Keeping class: org.apache.hadoop.hdfs.HdfsConfiguration
2024-11-12 13:41:13,551 INFO  EvoClassLoader - Seeing class for first time: org.apache.hadoop.security.token.SecretManager
2024-11-12 13:41:13,551 INFO  EvoClassLoader - Instrumenting class 'org.apache.hadoop.security.token.SecretManager'.
2024-11-12 13:41:13,551 INFO  MethodCallReplacementClassAdapter - Adding mock interface to class org/apache/hadoop/security/token/SecretManager
2024-11-12 13:41:13,552 INFO  CreateClassResetClassAdapter - Found static initializer in class org/apache/hadoop/security/token/SecretManager
2024-11-12 13:41:13,552 INFO  EvoClassLoader - Keeping class: org.apache.hadoop.security.token.SecretManager
2024-11-12 13:41:13,552 INFO  EvoClassLoader - Seeing class for first time: org.apache.hadoop.hdfs.security.token.delegation.DelegationTokenSecretManager
2024-11-12 13:41:13,552 INFO  EvoClassLoader - Instrumenting class 'org.apache.hadoop.hdfs.security.token.delegation.DelegationTokenSecretManager'.
2024-11-12 13:41:13,553 INFO  MethodCallReplacementClassAdapter - Adding mock interface to class org/apache/hadoop/hdfs/security/token/delegation/DelegationTokenSecretManager
2024-11-12 13:41:13,553 INFO  CreateClassResetClassAdapter - Found static initializer in class org/apache/hadoop/hdfs/security/token/delegation/DelegationTokenSecretManager
2024-11-12 13:41:13,553 INFO  EvoClassLoader - Defined package (3): package org.apache.hadoop.hdfs.security.token.delegation, -1678507175
2024-11-12 13:41:13,554 INFO  EvoClassLoader - Seeing class for first time: org.apache.hadoop.security.token.delegation.AbstractDelegationTokenSecretManager
2024-11-12 13:41:13,554 INFO  EvoClassLoader - Instrumenting class 'org.apache.hadoop.security.token.delegation.AbstractDelegationTokenSecretManager'.
2024-11-12 13:41:13,554 INFO  MethodCallReplacementClassAdapter - Adding mock interface to class org/apache/hadoop/security/token/delegation/AbstractDelegationTokenSecretManager
2024-11-12 13:41:13,556 INFO  CreateClassResetClassAdapter - Found static initializer in class org/apache/hadoop/security/token/delegation/AbstractDelegationTokenSecretManager
2024-11-12 13:41:13,556 INFO  EvoClassLoader - Defined package (3): package org.apache.hadoop.security.token.delegation, 367001656
2024-11-12 13:41:13,556 INFO  EvoClassLoader - Keeping class: org.apache.hadoop.security.token.delegation.AbstractDelegationTokenSecretManager
2024-11-12 13:41:13,556 INFO  EvoClassLoader - Keeping class: org.apache.hadoop.hdfs.security.token.delegation.DelegationTokenSecretManager
2024-11-12 13:41:13,556 INFO  EvoClassLoader - Seeing class for first time: org.apache.hadoop.security.token.TokenIdentifier
2024-11-12 13:41:13,556 INFO  EvoClassLoader - Instrumenting class 'org.apache.hadoop.security.token.TokenIdentifier'.
2024-11-12 13:41:13,556 INFO  MethodCallReplacementClassAdapter - Adding mock interface to class org/apache/hadoop/security/token/TokenIdentifier
2024-11-12 13:41:13,557 INFO  CreateClassResetClassAdapter - Creating brand-new static initializer in class org/apache/hadoop/security/token/TokenIdentifier
2024-11-12 13:41:13,557 INFO  EvoClassLoader - Keeping class: org.apache.hadoop.security.token.TokenIdentifier
2024-11-12 13:41:13,557 INFO  EvoClassLoader - Seeing class for first time: org.apache.hadoop.hdfs.security.token.delegation.DelegationTokenIdentifier
2024-11-12 13:41:13,557 INFO  EvoClassLoader - Instrumenting class 'org.apache.hadoop.hdfs.security.token.delegation.DelegationTokenIdentifier'.
2024-11-12 13:41:13,557 INFO  MethodCallReplacementClassAdapter - Adding mock interface to class org/apache/hadoop/hdfs/security/token/delegation/DelegationTokenIdentifier
2024-11-12 13:41:13,557 INFO  CreateClassResetClassAdapter - Found static initializer in class org/apache/hadoop/hdfs/security/token/delegation/DelegationTokenIdentifier
2024-11-12 13:41:13,557 INFO  EvoClassLoader - Seeing class for first time: org.apache.hadoop.security.token.delegation.AbstractDelegationTokenIdentifier
2024-11-12 13:41:13,557 INFO  EvoClassLoader - Instrumenting class 'org.apache.hadoop.security.token.delegation.AbstractDelegationTokenIdentifier'.
2024-11-12 13:41:13,558 INFO  MethodCallReplacementClassAdapter - Adding mock interface to class org/apache/hadoop/security/token/delegation/AbstractDelegationTokenIdentifier
2024-11-12 13:41:13,569 INFO  CreateClassResetClassAdapter - Creating brand-new static initializer in class org/apache/hadoop/security/token/delegation/AbstractDelegationTokenIdentifier
2024-11-12 13:41:13,569 INFO  CreateClassResetClassAdapter - Adding bytecode for initializing field VERSION
2024-11-12 13:41:13,569 INFO  EvoClassLoader - Keeping class: org.apache.hadoop.security.token.delegation.AbstractDelegationTokenIdentifier
2024-11-12 13:41:13,569 INFO  EvoClassLoader - Keeping class: org.apache.hadoop.hdfs.security.token.delegation.DelegationTokenIdentifier
2024-11-12 13:41:13,570 INFO  EvoClassLoader - Seeing class for first time: org.apache.hadoop.ipc.StandbyException
2024-11-12 13:41:13,570 INFO  EvoClassLoader - Instrumenting class 'org.apache.hadoop.ipc.StandbyException'.
2024-11-12 13:41:13,570 INFO  MethodCallReplacementClassAdapter - Adding mock interface to class org/apache/hadoop/ipc/StandbyException
2024-11-12 13:41:13,570 INFO  CreateClassResetClassAdapter - Creating brand-new static initializer in class org/apache/hadoop/ipc/StandbyException
2024-11-12 13:41:13,570 INFO  EvoClassLoader - Keeping class: org.apache.hadoop.ipc.StandbyException
2024-11-12 13:41:13,572 INFO  EvoClassLoader - Seeing class for first time: org.apache.hadoop.hdfs.server.namenode.SafeModeException
2024-11-12 13:41:13,572 INFO  EvoClassLoader - Instrumenting class 'org.apache.hadoop.hdfs.server.namenode.SafeModeException'.
2024-11-12 13:41:13,572 INFO  MethodCallReplacementClassAdapter - Adding mock interface to class org/apache/hadoop/hdfs/server/namenode/SafeModeException
2024-11-12 13:41:13,572 INFO  CreateClassResetClassAdapter - Creating brand-new static initializer in class org/apache/hadoop/hdfs/server/namenode/SafeModeException
2024-11-12 13:41:13,572 INFO  EvoClassLoader - Keeping class: org.apache.hadoop.hdfs.server.namenode.SafeModeException
2024-11-12 13:41:13,572 INFO  EvoClassLoader - Seeing class for first time: org.apache.hadoop.ipc.RetriableException
2024-11-12 13:41:13,572 INFO  EvoClassLoader - Instrumenting class 'org.apache.hadoop.ipc.RetriableException'.
2024-11-12 13:41:13,573 INFO  MethodCallReplacementClassAdapter - Adding mock interface to class org/apache/hadoop/ipc/RetriableException
2024-11-12 13:41:13,573 INFO  CreateClassResetClassAdapter - Creating brand-new static initializer in class org/apache/hadoop/ipc/RetriableException
2024-11-12 13:41:13,573 INFO  EvoClassLoader - Keeping class: org.apache.hadoop.ipc.RetriableException
2024-11-12 13:41:13,574 INFO  EvoClassLoader - Seeing class for first time: org.apache.log4j.Appender
2024-11-12 13:41:13,574 INFO  EvoClassLoader - Instrumenting class 'org.apache.log4j.Appender'.
2024-11-12 13:41:13,574 INFO  EvoClassLoader - Keeping class: org.apache.log4j.Appender
2024-11-12 13:41:13,574 INFO  EvoClassLoader - Seeing class for first time: org.apache.hadoop.hdfs.server.namenode.AuditLogger
2024-11-12 13:41:13,574 INFO  EvoClassLoader - Instrumenting class 'org.apache.hadoop.hdfs.server.namenode.AuditLogger'.
2024-11-12 13:41:13,575 INFO  EvoClassLoader - Keeping class: org.apache.hadoop.hdfs.server.namenode.AuditLogger
2024-11-12 13:41:13,575 INFO  EvoClassLoader - Seeing class for first time: org.apache.hadoop.ipc.ObserverRetryOnActiveException
2024-11-12 13:41:13,575 INFO  EvoClassLoader - Instrumenting class 'org.apache.hadoop.ipc.ObserverRetryOnActiveException'.
2024-11-12 13:41:13,575 INFO  MethodCallReplacementClassAdapter - Adding mock interface to class org/apache/hadoop/ipc/ObserverRetryOnActiveException
2024-11-12 13:41:13,575 INFO  CreateClassResetClassAdapter - Creating brand-new static initializer in class org/apache/hadoop/ipc/ObserverRetryOnActiveException
2024-11-12 13:41:13,575 INFO  EvoClassLoader - Keeping class: org.apache.hadoop.ipc.ObserverRetryOnActiveException
2024-11-12 13:41:13,575 INFO  EvoClassLoader - Seeing class for first time: org.apache.hadoop.hdfs.server.namenode.UnsupportedActionException
2024-11-12 13:41:13,575 INFO  EvoClassLoader - Instrumenting class 'org.apache.hadoop.hdfs.server.namenode.UnsupportedActionException'.
2024-11-12 13:41:13,575 INFO  MethodCallReplacementClassAdapter - Adding mock interface to class org/apache/hadoop/hdfs/server/namenode/UnsupportedActionException
2024-11-12 13:41:13,576 INFO  CreateClassResetClassAdapter - Creating brand-new static initializer in class org/apache/hadoop/hdfs/server/namenode/UnsupportedActionException
2024-11-12 13:41:13,576 INFO  EvoClassLoader - Keeping class: org.apache.hadoop.hdfs.server.namenode.UnsupportedActionException
2024-11-12 13:41:13,576 INFO  EvoClassLoader - Seeing class for first time: org.apache.hadoop.hdfs.UnknownCryptoProtocolVersionException
2024-11-12 13:41:13,576 INFO  EvoClassLoader - Instrumenting class 'org.apache.hadoop.hdfs.UnknownCryptoProtocolVersionException'.
2024-11-12 13:41:13,576 INFO  MethodCallReplacementClassAdapter - Adding mock interface to class org/apache/hadoop/hdfs/UnknownCryptoProtocolVersionException
2024-11-12 13:41:13,576 INFO  CreateClassResetClassAdapter - Creating brand-new static initializer in class org/apache/hadoop/hdfs/UnknownCryptoProtocolVersionException
2024-11-12 13:41:13,576 INFO  EvoClassLoader - Keeping class: org.apache.hadoop.hdfs.UnknownCryptoProtocolVersionException
2024-11-12 13:41:13,576 INFO  EvoClassLoader - Seeing class for first time: org.apache.hadoop.fs.InvalidPathException
2024-11-12 13:41:13,576 INFO  EvoClassLoader - Instrumenting class 'org.apache.hadoop.fs.InvalidPathException'.
2024-11-12 13:41:13,576 INFO  MethodCallReplacementClassAdapter - Adding mock interface to class org/apache/hadoop/fs/InvalidPathException
2024-11-12 13:41:13,576 INFO  CreateClassResetClassAdapter - Creating brand-new static initializer in class org/apache/hadoop/fs/InvalidPathException
2024-11-12 13:41:13,576 INFO  EvoClassLoader - Keeping class: org.apache.hadoop.fs.InvalidPathException
2024-11-12 13:41:13,577 INFO  EvoClassLoader - Seeing class for first time: org.apache.hadoop.hdfs.protocol.AlreadyBeingCreatedException
2024-11-12 13:41:13,577 INFO  EvoClassLoader - Instrumenting class 'org.apache.hadoop.hdfs.protocol.AlreadyBeingCreatedException'.
2024-11-12 13:41:13,577 INFO  MethodCallReplacementClassAdapter - Adding mock interface to class org/apache/hadoop/hdfs/protocol/AlreadyBeingCreatedException
2024-11-12 13:41:13,577 INFO  CreateClassResetClassAdapter - Creating brand-new static initializer in class org/apache/hadoop/hdfs/protocol/AlreadyBeingCreatedException
2024-11-12 13:41:13,577 INFO  EvoClassLoader - Keeping class: org.apache.hadoop.hdfs.protocol.AlreadyBeingCreatedException
2024-11-12 13:41:13,577 INFO  EvoClassLoader - Seeing class for first time: org.apache.hadoop.hdfs.protocol.RecoveryInProgressException
2024-11-12 13:41:13,577 INFO  EvoClassLoader - Instrumenting class 'org.apache.hadoop.hdfs.protocol.RecoveryInProgressException'.
2024-11-12 13:41:13,577 INFO  MethodCallReplacementClassAdapter - Adding mock interface to class org/apache/hadoop/hdfs/protocol/RecoveryInProgressException
2024-11-12 13:41:13,577 INFO  CreateClassResetClassAdapter - Creating brand-new static initializer in class org/apache/hadoop/hdfs/protocol/RecoveryInProgressException
2024-11-12 13:41:13,577 INFO  EvoClassLoader - Keeping class: org.apache.hadoop.hdfs.protocol.RecoveryInProgressException
2024-11-12 13:41:13,578 INFO  EvoClassLoader - Seeing class for first time: org.apache.hadoop.hdfs.server.namenode.LeaseExpiredException
2024-11-12 13:41:13,578 INFO  EvoClassLoader - Instrumenting class 'org.apache.hadoop.hdfs.server.namenode.LeaseExpiredException'.
2024-11-12 13:41:13,578 INFO  MethodCallReplacementClassAdapter - Adding mock interface to class org/apache/hadoop/hdfs/server/namenode/LeaseExpiredException
2024-11-12 13:41:13,578 INFO  CreateClassResetClassAdapter - Creating brand-new static initializer in class org/apache/hadoop/hdfs/server/namenode/LeaseExpiredException
2024-11-12 13:41:13,578 INFO  EvoClassLoader - Keeping class: org.apache.hadoop.hdfs.server.namenode.LeaseExpiredException
2024-11-12 13:41:13,578 INFO  EvoClassLoader - Seeing class for first time: org.apache.hadoop.hdfs.protocol.RollingUpgradeStatus
2024-11-12 13:41:13,578 INFO  EvoClassLoader - Instrumenting class 'org.apache.hadoop.hdfs.protocol.RollingUpgradeStatus'.
2024-11-12 13:41:13,579 INFO  MethodCallReplacementClassAdapter - Adding mock interface to class org/apache/hadoop/hdfs/protocol/RollingUpgradeStatus
2024-11-12 13:41:13,579 INFO  CreateClassResetClassAdapter - Creating brand-new static initializer in class org/apache/hadoop/hdfs/protocol/RollingUpgradeStatus
2024-11-12 13:41:13,579 INFO  EvoClassLoader - Keeping class: org.apache.hadoop.hdfs.protocol.RollingUpgradeStatus
2024-11-12 13:41:13,579 INFO  EvoClassLoader - Seeing class for first time: org.apache.hadoop.hdfs.protocol.RollingUpgradeInfo
2024-11-12 13:41:13,579 INFO  EvoClassLoader - Instrumenting class 'org.apache.hadoop.hdfs.protocol.RollingUpgradeInfo'.
2024-11-12 13:41:13,579 INFO  MethodCallReplacementClassAdapter - Adding mock interface to class org/apache/hadoop/hdfs/protocol/RollingUpgradeInfo
2024-11-12 13:41:13,579 INFO  CreateClassResetClassAdapter - Creating brand-new static initializer in class org/apache/hadoop/hdfs/protocol/RollingUpgradeInfo
2024-11-12 13:41:13,579 INFO  EvoClassLoader - Keeping class: org.apache.hadoop.hdfs.protocol.RollingUpgradeInfo
2024-11-12 13:41:13,580 INFO  EvoClassLoader - Seeing class for first time: org.apache.hadoop.hdfs.protocol.SnapshotException
2024-11-12 13:41:13,580 INFO  EvoClassLoader - Instrumenting class 'org.apache.hadoop.hdfs.protocol.SnapshotException'.
2024-11-12 13:41:13,580 INFO  MethodCallReplacementClassAdapter - Adding mock interface to class org/apache/hadoop/hdfs/protocol/SnapshotException
2024-11-12 13:41:13,580 INFO  CreateClassResetClassAdapter - Creating brand-new static initializer in class org/apache/hadoop/hdfs/protocol/SnapshotException
2024-11-12 13:41:13,580 INFO  EvoClassLoader - Keeping class: org.apache.hadoop.hdfs.protocol.SnapshotException
2024-11-12 13:41:13,580 INFO  EvoClassLoader - Seeing class for first time: org.apache.hadoop.security.token.SecretManager$InvalidToken
2024-11-12 13:41:13,580 INFO  EvoClassLoader - Instrumenting class 'org.apache.hadoop.security.token.SecretManager$InvalidToken'.
2024-11-12 13:41:13,580 INFO  MethodCallReplacementClassAdapter - Adding mock interface to class org/apache/hadoop/security/token/SecretManager$InvalidToken
2024-11-12 13:41:13,580 INFO  CreateClassResetClassAdapter - Creating brand-new static initializer in class org/apache/hadoop/security/token/SecretManager$InvalidToken
2024-11-12 13:41:13,580 INFO  EvoClassLoader - Keeping class: org.apache.hadoop.security.token.SecretManager$InvalidToken
2024-11-12 13:41:13,580 INFO  EvoClassLoader - Seeing class for first time: org.apache.hadoop.hdfs.protocol.RollingUpgradeException
2024-11-12 13:41:13,580 INFO  EvoClassLoader - Instrumenting class 'org.apache.hadoop.hdfs.protocol.RollingUpgradeException'.
2024-11-12 13:41:13,581 INFO  MethodCallReplacementClassAdapter - Adding mock interface to class org/apache/hadoop/hdfs/protocol/RollingUpgradeException
2024-11-12 13:41:13,581 INFO  CreateClassResetClassAdapter - Creating brand-new static initializer in class org/apache/hadoop/hdfs/protocol/RollingUpgradeException
2024-11-12 13:41:13,581 INFO  EvoClassLoader - Keeping class: org.apache.hadoop.hdfs.protocol.RollingUpgradeException
2024-11-12 13:41:13,582 INFO  EvoClassLoader - Seeing class for first time: org.apache.hadoop.hdfs.server.namenode.startupprogress.Step
2024-11-12 13:41:13,582 INFO  EvoClassLoader - Instrumenting class 'org.apache.hadoop.hdfs.server.namenode.startupprogress.Step'.
2024-11-12 13:41:13,582 INFO  MethodCallReplacementClassAdapter - Adding mock interface to class org/apache/hadoop/hdfs/server/namenode/startupprogress/Step
2024-11-12 13:41:13,582 INFO  CreateClassResetClassAdapter - Found static initializer in class org/apache/hadoop/hdfs/server/namenode/startupprogress/Step
2024-11-12 13:41:13,582 INFO  EvoClassLoader - Defined package (3): package org.apache.hadoop.hdfs.server.namenode.startupprogress, -2052155710
2024-11-12 13:41:13,582 INFO  EvoClassLoader - Keeping class: org.apache.hadoop.hdfs.server.namenode.startupprogress.Step
2024-11-12 13:41:13,582 INFO  EvoClassLoader - Seeing class for first time: org.apache.hadoop.hdfs.server.namenode.startupprogress.StepType
2024-11-12 13:41:13,582 INFO  EvoClassLoader - Instrumenting class 'org.apache.hadoop.hdfs.server.namenode.startupprogress.StepType'.
2024-11-12 13:41:13,582 INFO  MethodCallReplacementClassAdapter - Adding mock interface to class org/apache/hadoop/hdfs/server/namenode/startupprogress/StepType
2024-11-12 13:41:13,583 INFO  CreateClassResetClassAdapter - Found static initializer in class org/apache/hadoop/hdfs/server/namenode/startupprogress/StepType
2024-11-12 13:41:13,583 INFO  EvoClassLoader - Keeping class: org.apache.hadoop.hdfs.server.namenode.startupprogress.StepType
2024-11-12 13:41:13,583 INFO  EvoClassLoader - Seeing class for first time: org.apache.hadoop.hdfs.server.namenode.FSNamesystem$NameNodeResourceMonitor
2024-11-12 13:41:13,583 INFO  EvoClassLoader - Instrumenting class 'org.apache.hadoop.hdfs.server.namenode.FSNamesystem$NameNodeResourceMonitor'.
2024-11-12 13:41:13,583 INFO  MethodCallReplacementClassAdapter - Adding mock interface to class org/apache/hadoop/hdfs/server/namenode/FSNamesystem$NameNodeResourceMonitor
2024-11-12 13:41:13,583 INFO  CreateClassResetClassAdapter - Creating brand-new static initializer in class org/apache/hadoop/hdfs/server/namenode/FSNamesystem$NameNodeResourceMonitor
2024-11-12 13:41:13,583 INFO  EvoClassLoader - Keeping class: org.apache.hadoop.hdfs.server.namenode.FSNamesystem$NameNodeResourceMonitor
2024-11-12 13:41:13,583 INFO  EvoClassLoader - Seeing class for first time: org.apache.hadoop.hdfs.server.namenode.FsImageProto$ErasureCodingSection
2024-11-12 13:41:13,583 INFO  EvoClassLoader - Instrumenting class 'org.apache.hadoop.hdfs.server.namenode.FsImageProto$ErasureCodingSection'.
2024-11-12 13:41:13,584 INFO  MethodCallReplacementClassAdapter - Adding mock interface to class org/apache/hadoop/hdfs/server/namenode/FsImageProto$ErasureCodingSection
2024-11-12 13:41:13,584 INFO  CreateClassResetClassAdapter - Found static initializer in class org/apache/hadoop/hdfs/server/namenode/FsImageProto$ErasureCodingSection
2024-11-12 13:41:13,584 INFO  EvoClassLoader - Seeing class for first time: org.apache.hadoop.hdfs.server.namenode.FsImageProto$ErasureCodingSectionOrBuilder
2024-11-12 13:41:13,584 INFO  EvoClassLoader - Instrumenting class 'org.apache.hadoop.hdfs.server.namenode.FsImageProto$ErasureCodingSectionOrBuilder'.
2024-11-12 13:41:13,585 INFO  EvoClassLoader - Seeing class for first time: org.apache.hadoop.thirdparty.protobuf.MessageOrBuilder
2024-11-12 13:41:13,585 INFO  EvoClassLoader - Instrumenting class 'org.apache.hadoop.thirdparty.protobuf.MessageOrBuilder'.
2024-11-12 13:41:13,585 INFO  EvoClassLoader - Defined package (3): package org.apache.hadoop.thirdparty.protobuf, -1105315961
2024-11-12 13:41:13,585 INFO  EvoClassLoader - Seeing class for first time: org.apache.hadoop.thirdparty.protobuf.MessageLiteOrBuilder
2024-11-12 13:41:13,585 INFO  EvoClassLoader - Instrumenting class 'org.apache.hadoop.thirdparty.protobuf.MessageLiteOrBuilder'.
2024-11-12 13:41:13,585 INFO  EvoClassLoader - Keeping class: org.apache.hadoop.thirdparty.protobuf.MessageLiteOrBuilder
2024-11-12 13:41:13,585 INFO  EvoClassLoader - Keeping class: org.apache.hadoop.thirdparty.protobuf.MessageOrBuilder
2024-11-12 13:41:13,585 INFO  EvoClassLoader - Keeping class: org.apache.hadoop.hdfs.server.namenode.FsImageProto$ErasureCodingSectionOrBuilder
2024-11-12 13:41:13,585 INFO  EvoClassLoader - Seeing class for first time: org.apache.hadoop.thirdparty.protobuf.GeneratedMessageV3
2024-11-12 13:41:13,585 INFO  EvoClassLoader - Instrumenting class 'org.apache.hadoop.thirdparty.protobuf.GeneratedMessageV3'.
2024-11-12 13:41:13,586 INFO  MethodCallReplacementClassAdapter - Adding mock interface to class org/apache/hadoop/thirdparty/protobuf/GeneratedMessageV3
2024-11-12 13:41:13,587 INFO  CreateClassResetClassAdapter - Found static initializer in class org/apache/hadoop/thirdparty/protobuf/GeneratedMessageV3
2024-11-12 13:41:13,587 INFO  EvoClassLoader - Seeing class for first time: org.apache.hadoop.thirdparty.protobuf.AbstractMessage
2024-11-12 13:41:13,587 INFO  EvoClassLoader - Instrumenting class 'org.apache.hadoop.thirdparty.protobuf.AbstractMessage'.
2024-11-12 13:41:13,587 INFO  MethodCallReplacementClassAdapter - Adding mock interface to class org/apache/hadoop/thirdparty/protobuf/AbstractMessage
2024-11-12 13:41:13,587 INFO  CreateClassResetClassAdapter - Creating brand-new static initializer in class org/apache/hadoop/thirdparty/protobuf/AbstractMessage
2024-11-12 13:41:13,587 INFO  EvoClassLoader - Seeing class for first time: org.apache.hadoop.thirdparty.protobuf.Message
2024-11-12 13:41:13,587 INFO  EvoClassLoader - Instrumenting class 'org.apache.hadoop.thirdparty.protobuf.Message'.
2024-11-12 13:41:13,588 INFO  EvoClassLoader - Seeing class for first time: org.apache.hadoop.thirdparty.protobuf.MessageLite
2024-11-12 13:41:13,588 INFO  EvoClassLoader - Instrumenting class 'org.apache.hadoop.thirdparty.protobuf.MessageLite'.
2024-11-12 13:41:13,588 INFO  EvoClassLoader - Keeping class: org.apache.hadoop.thirdparty.protobuf.MessageLite
2024-11-12 13:41:13,588 INFO  EvoClassLoader - Keeping class: org.apache.hadoop.thirdparty.protobuf.Message
2024-11-12 13:41:13,588 INFO  EvoClassLoader - Seeing class for first time: org.apache.hadoop.thirdparty.protobuf.AbstractMessageLite
2024-11-12 13:41:13,588 INFO  EvoClassLoader - Instrumenting class 'org.apache.hadoop.thirdparty.protobuf.AbstractMessageLite'.
2024-11-12 13:41:13,588 INFO  MethodCallReplacementClassAdapter - Adding mock interface to class org/apache/hadoop/thirdparty/protobuf/AbstractMessageLite
2024-11-12 13:41:13,588 INFO  CreateClassResetClassAdapter - Creating brand-new static initializer in class org/apache/hadoop/thirdparty/protobuf/AbstractMessageLite
2024-11-12 13:41:13,589 INFO  EvoClassLoader - Keeping class: org.apache.hadoop.thirdparty.protobuf.AbstractMessageLite
2024-11-12 13:41:13,589 INFO  EvoClassLoader - Keeping class: org.apache.hadoop.thirdparty.protobuf.AbstractMessage
2024-11-12 13:41:13,589 INFO  EvoClassLoader - Keeping class: org.apache.hadoop.thirdparty.protobuf.GeneratedMessageV3
2024-11-12 13:41:13,589 INFO  EvoClassLoader - Keeping class: org.apache.hadoop.hdfs.server.namenode.FsImageProto$ErasureCodingSection
2024-11-12 13:41:13,589 INFO  EvoClassLoader - Seeing class for first time: org.apache.hadoop.thirdparty.protobuf.InvalidProtocolBufferException
2024-11-12 13:41:13,589 INFO  EvoClassLoader - Instrumenting class 'org.apache.hadoop.thirdparty.protobuf.InvalidProtocolBufferException'.
2024-11-12 13:41:13,589 INFO  MethodCallReplacementClassAdapter - Adding mock interface to class org/apache/hadoop/thirdparty/protobuf/InvalidProtocolBufferException
2024-11-12 13:41:13,589 INFO  CreateClassResetClassAdapter - Creating brand-new static initializer in class org/apache/hadoop/thirdparty/protobuf/InvalidProtocolBufferException
2024-11-12 13:41:13,589 INFO  EvoClassLoader - Keeping class: org.apache.hadoop.thirdparty.protobuf.InvalidProtocolBufferException
2024-11-12 13:41:13,590 INFO  EvoClassLoader - Seeing class for first time: org.apache.hadoop.thirdparty.protobuf.GeneratedMessageV3$BuilderParent
2024-11-12 13:41:13,590 INFO  EvoClassLoader - Instrumenting class 'org.apache.hadoop.thirdparty.protobuf.GeneratedMessageV3$BuilderParent'.
2024-11-12 13:41:13,590 INFO  EvoClassLoader - Seeing class for first time: org.apache.hadoop.thirdparty.protobuf.AbstractMessage$BuilderParent
2024-11-12 13:41:13,590 INFO  EvoClassLoader - Instrumenting class 'org.apache.hadoop.thirdparty.protobuf.AbstractMessage$BuilderParent'.
2024-11-12 13:41:13,590 INFO  EvoClassLoader - Keeping class: org.apache.hadoop.thirdparty.protobuf.AbstractMessage$BuilderParent
2024-11-12 13:41:13,590 INFO  EvoClassLoader - Keeping class: org.apache.hadoop.thirdparty.protobuf.GeneratedMessageV3$BuilderParent
2024-11-12 13:41:13,590 INFO  EvoClassLoader - Seeing class for first time: org.apache.hadoop.thirdparty.protobuf.Internal$IntList
2024-11-12 13:41:13,590 INFO  EvoClassLoader - Instrumenting class 'org.apache.hadoop.thirdparty.protobuf.Internal$IntList'.
2024-11-12 13:41:13,590 INFO  EvoClassLoader - Seeing class for first time: org.apache.hadoop.thirdparty.protobuf.Internal$ProtobufList
2024-11-12 13:41:13,590 INFO  EvoClassLoader - Instrumenting class 'org.apache.hadoop.thirdparty.protobuf.Internal$ProtobufList'.
2024-11-12 13:41:13,590 INFO  EvoClassLoader - Keeping class: org.apache.hadoop.thirdparty.protobuf.Internal$ProtobufList
2024-11-12 13:41:13,590 INFO  EvoClassLoader - Keeping class: org.apache.hadoop.thirdparty.protobuf.Internal$IntList
2024-11-12 13:41:13,590 INFO  EvoClassLoader - Seeing class for first time: org.apache.hadoop.thirdparty.protobuf.Internal$LongList
2024-11-12 13:41:13,590 INFO  EvoClassLoader - Instrumenting class 'org.apache.hadoop.thirdparty.protobuf.Internal$LongList'.
2024-11-12 13:41:13,591 INFO  EvoClassLoader - Keeping class: org.apache.hadoop.thirdparty.protobuf.Internal$LongList
2024-11-12 13:41:13,591 INFO  EvoClassLoader - Seeing class for first time: org.apache.hadoop.thirdparty.protobuf.Internal$FloatList
2024-11-12 13:41:13,591 INFO  EvoClassLoader - Instrumenting class 'org.apache.hadoop.thirdparty.protobuf.Internal$FloatList'.
2024-11-12 13:41:13,591 INFO  EvoClassLoader - Keeping class: org.apache.hadoop.thirdparty.protobuf.Internal$FloatList
2024-11-12 13:41:13,591 INFO  EvoClassLoader - Seeing class for first time: org.apache.hadoop.thirdparty.protobuf.Internal$DoubleList
2024-11-12 13:41:13,591 INFO  EvoClassLoader - Instrumenting class 'org.apache.hadoop.thirdparty.protobuf.Internal$DoubleList'.
2024-11-12 13:41:13,591 INFO  EvoClassLoader - Keeping class: org.apache.hadoop.thirdparty.protobuf.Internal$DoubleList
2024-11-12 13:41:13,591 INFO  EvoClassLoader - Seeing class for first time: org.apache.hadoop.thirdparty.protobuf.Internal$BooleanList
2024-11-12 13:41:13,591 INFO  EvoClassLoader - Instrumenting class 'org.apache.hadoop.thirdparty.protobuf.Internal$BooleanList'.
2024-11-12 13:41:13,591 INFO  EvoClassLoader - Keeping class: org.apache.hadoop.thirdparty.protobuf.Internal$BooleanList
2024-11-12 13:41:13,591 INFO  EvoClassLoader - Seeing class for first time: org.apache.hadoop.thirdparty.protobuf.Parser
2024-11-12 13:41:13,591 INFO  EvoClassLoader - Instrumenting class 'org.apache.hadoop.thirdparty.protobuf.Parser'.
2024-11-12 13:41:13,592 INFO  EvoClassLoader - Keeping class: org.apache.hadoop.thirdparty.protobuf.Parser
2024-11-12 13:41:13,592 INFO  EvoClassLoader - Seeing class for first time: org.apache.hadoop.thirdparty.protobuf.MessageLite$Builder
2024-11-12 13:41:13,592 INFO  EvoClassLoader - Instrumenting class 'org.apache.hadoop.thirdparty.protobuf.MessageLite$Builder'.
2024-11-12 13:41:13,592 INFO  EvoClassLoader - Keeping class: org.apache.hadoop.thirdparty.protobuf.MessageLite$Builder
2024-11-12 13:41:13,592 INFO  EvoClassLoader - Seeing class for first time: org.apache.hadoop.thirdparty.protobuf.Message$Builder
2024-11-12 13:41:13,592 INFO  EvoClassLoader - Instrumenting class 'org.apache.hadoop.thirdparty.protobuf.Message$Builder'.
2024-11-12 13:41:13,592 INFO  EvoClassLoader - Keeping class: org.apache.hadoop.thirdparty.protobuf.Message$Builder
2024-11-12 13:41:13,592 INFO  EvoClassLoader - Seeing class for first time: org.apache.hadoop.thirdparty.protobuf.UnknownFieldSet
2024-11-12 13:41:13,592 INFO  EvoClassLoader - Instrumenting class 'org.apache.hadoop.thirdparty.protobuf.UnknownFieldSet'.
2024-11-12 13:41:13,593 INFO  MethodCallReplacementClassAdapter - Adding mock interface to class org/apache/hadoop/thirdparty/protobuf/UnknownFieldSet
2024-11-12 13:41:13,593 INFO  CreateClassResetClassAdapter - Found static initializer in class org/apache/hadoop/thirdparty/protobuf/UnknownFieldSet
2024-11-12 13:41:13,593 INFO  EvoClassLoader - Keeping class: org.apache.hadoop.thirdparty.protobuf.UnknownFieldSet
2024-11-12 13:41:13,593 INFO  EvoClassLoader - Seeing class for first time: org.apache.hadoop.thirdparty.protobuf.UnknownFieldSet$Parser
2024-11-12 13:41:13,593 INFO  EvoClassLoader - Instrumenting class 'org.apache.hadoop.thirdparty.protobuf.UnknownFieldSet$Parser'.
2024-11-12 13:41:13,594 INFO  MethodCallReplacementClassAdapter - Adding mock interface to class org/apache/hadoop/thirdparty/protobuf/UnknownFieldSet$Parser
2024-11-12 13:41:13,594 INFO  CreateClassResetClassAdapter - Creating brand-new static initializer in class org/apache/hadoop/thirdparty/protobuf/UnknownFieldSet$Parser
2024-11-12 13:41:13,594 INFO  EvoClassLoader - Seeing class for first time: org.apache.hadoop.thirdparty.protobuf.AbstractParser
2024-11-12 13:41:13,594 INFO  EvoClassLoader - Instrumenting class 'org.apache.hadoop.thirdparty.protobuf.AbstractParser'.
2024-11-12 13:41:13,594 INFO  MethodCallReplacementClassAdapter - Adding mock interface to class org/apache/hadoop/thirdparty/protobuf/AbstractParser
2024-11-12 13:41:13,594 INFO  CreateClassResetClassAdapter - Found static initializer in class org/apache/hadoop/thirdparty/protobuf/AbstractParser
2024-11-12 13:41:13,594 INFO  EvoClassLoader - Keeping class: org.apache.hadoop.thirdparty.protobuf.AbstractParser
2024-11-12 13:41:13,594 INFO  EvoClassLoader - Keeping class: org.apache.hadoop.thirdparty.protobuf.UnknownFieldSet$Parser
2024-11-12 13:41:13,595 INFO  EvoClassLoader - Seeing class for first time: org.apache.hadoop.thirdparty.protobuf.AbstractMessageLite$Builder$LimitedInputStream
2024-11-12 13:41:13,595 INFO  EvoClassLoader - Instrumenting class 'org.apache.hadoop.thirdparty.protobuf.AbstractMessageLite$Builder$LimitedInputStream'.
2024-11-12 13:41:13,595 INFO  MethodCallReplacementClassAdapter - Adding mock interface to class org/apache/hadoop/thirdparty/protobuf/AbstractMessageLite$Builder$LimitedInputStream
2024-11-12 13:41:13,595 INFO  CreateClassResetClassAdapter - Creating brand-new static initializer in class org/apache/hadoop/thirdparty/protobuf/AbstractMessageLite$Builder$LimitedInputStream
2024-11-12 13:41:13,595 INFO  EvoClassLoader - Keeping class: org.apache.hadoop.thirdparty.protobuf.AbstractMessageLite$Builder$LimitedInputStream
2024-11-12 13:41:13,595 INFO  EvoClassLoader - Seeing class for first time: org.apache.hadoop.thirdparty.protobuf.ExtensionRegistryLite
2024-11-12 13:41:13,595 INFO  EvoClassLoader - Instrumenting class 'org.apache.hadoop.thirdparty.protobuf.ExtensionRegistryLite'.
2024-11-12 13:41:13,600 INFO  MethodCallReplacementClassAdapter - Adding mock interface to class org/apache/hadoop/thirdparty/protobuf/ExtensionRegistryLite
2024-11-12 13:41:13,601 INFO  CreateClassResetClassAdapter - Found static initializer in class org/apache/hadoop/thirdparty/protobuf/ExtensionRegistryLite
2024-11-12 13:41:13,601 INFO  EvoClassLoader - Keeping class: org.apache.hadoop.thirdparty.protobuf.ExtensionRegistryLite
2024-11-12 13:41:13,601 INFO  EvoClassLoader - Seeing class for first time: org.apache.hadoop.thirdparty.protobuf.Extension
2024-11-12 13:41:13,601 INFO  EvoClassLoader - Instrumenting class 'org.apache.hadoop.thirdparty.protobuf.Extension'.
2024-11-12 13:41:13,601 INFO  MethodCallReplacementClassAdapter - Adding mock interface to class org/apache/hadoop/thirdparty/protobuf/Extension
2024-11-12 13:41:13,601 INFO  CreateClassResetClassAdapter - Creating brand-new static initializer in class org/apache/hadoop/thirdparty/protobuf/Extension
2024-11-12 13:41:13,601 INFO  EvoClassLoader - Seeing class for first time: org.apache.hadoop.thirdparty.protobuf.ExtensionLite
2024-11-12 13:41:13,601 INFO  EvoClassLoader - Instrumenting class 'org.apache.hadoop.thirdparty.protobuf.ExtensionLite'.
2024-11-12 13:41:13,601 INFO  MethodCallReplacementClassAdapter - Adding mock interface to class org/apache/hadoop/thirdparty/protobuf/ExtensionLite
2024-11-12 13:41:13,601 INFO  CreateClassResetClassAdapter - Creating brand-new static initializer in class org/apache/hadoop/thirdparty/protobuf/ExtensionLite
2024-11-12 13:41:13,602 INFO  EvoClassLoader - Keeping class: org.apache.hadoop.thirdparty.protobuf.ExtensionLite
2024-11-12 13:41:13,602 INFO  EvoClassLoader - Keeping class: org.apache.hadoop.thirdparty.protobuf.Extension
2024-11-12 13:41:13,602 INFO  EvoClassLoader - Seeing class for first time: org.apache.hadoop.thirdparty.protobuf.ExtensionRegistryFactory
2024-11-12 13:41:13,602 INFO  EvoClassLoader - Instrumenting class 'org.apache.hadoop.thirdparty.protobuf.ExtensionRegistryFactory'.
2024-11-12 13:41:13,602 INFO  MethodCallReplacementClassAdapter - Adding mock interface to class org/apache/hadoop/thirdparty/protobuf/ExtensionRegistryFactory
2024-11-12 13:41:13,602 INFO  CreateClassResetClassAdapter - Found static initializer in class org/apache/hadoop/thirdparty/protobuf/ExtensionRegistryFactory
2024-11-12 13:41:13,602 INFO  EvoClassLoader - Keeping class: org.apache.hadoop.thirdparty.protobuf.ExtensionRegistryFactory
2024-11-12 13:41:13,602 INFO  EvoClassLoader - Seeing class for first time: org.apache.hadoop.thirdparty.protobuf.ExtensionRegistry
2024-11-12 13:41:13,602 INFO  EvoClassLoader - Instrumenting class 'org.apache.hadoop.thirdparty.protobuf.ExtensionRegistry'.
2024-11-12 13:41:13,602 INFO  MethodCallReplacementClassAdapter - Adding mock interface to class org/apache/hadoop/thirdparty/protobuf/ExtensionRegistry
2024-11-12 13:41:13,603 INFO  CreateClassResetClassAdapter - Found static initializer in class org/apache/hadoop/thirdparty/protobuf/ExtensionRegistry
2024-11-12 13:41:13,603 INFO  EvoClassLoader - Keeping class: org.apache.hadoop.thirdparty.protobuf.ExtensionRegistry
2024-11-12 13:41:13,603 INFO  EvoClassLoader - Seeing class for first time: org.apache.hadoop.thirdparty.protobuf.GeneratedMessage$GeneratedExtension
2024-11-12 13:41:13,603 INFO  EvoClassLoader - Instrumenting class 'org.apache.hadoop.thirdparty.protobuf.GeneratedMessage$GeneratedExtension'.
2024-11-12 13:41:13,603 INFO  MethodCallReplacementClassAdapter - Adding mock interface to class org/apache/hadoop/thirdparty/protobuf/GeneratedMessage$GeneratedExtension
2024-11-12 13:41:13,604 INFO  CreateClassResetClassAdapter - Creating brand-new static initializer in class org/apache/hadoop/thirdparty/protobuf/GeneratedMessage$GeneratedExtension
2024-11-12 13:41:13,604 INFO  EvoClassLoader - Keeping class: org.apache.hadoop.thirdparty.protobuf.GeneratedMessage$GeneratedExtension
2024-11-12 13:41:13,604 INFO  EvoClassLoader - Seeing class for first time: org.apache.hadoop.thirdparty.protobuf.Descriptors$FieldDescriptor
2024-11-12 13:41:13,604 INFO  EvoClassLoader - Instrumenting class 'org.apache.hadoop.thirdparty.protobuf.Descriptors$FieldDescriptor'.
2024-11-12 13:41:13,604 INFO  MethodCallReplacementClassAdapter - Adding mock interface to class org/apache/hadoop/thirdparty/protobuf/Descriptors$FieldDescriptor
2024-11-12 13:41:13,605 INFO  CreateClassResetClassAdapter - Found static initializer in class org/apache/hadoop/thirdparty/protobuf/Descriptors$FieldDescriptor
2024-11-12 13:41:13,605 INFO  EvoClassLoader - Seeing class for first time: org.apache.hadoop.thirdparty.protobuf.FieldSet$FieldDescriptorLite
2024-11-12 13:41:13,605 INFO  EvoClassLoader - Instrumenting class 'org.apache.hadoop.thirdparty.protobuf.FieldSet$FieldDescriptorLite'.
2024-11-12 13:41:13,605 INFO  EvoClassLoader - Keeping class: org.apache.hadoop.thirdparty.protobuf.FieldSet$FieldDescriptorLite
2024-11-12 13:41:13,606 INFO  EvoClassLoader - Seeing class for first time: org.apache.hadoop.thirdparty.protobuf.Descriptors$GenericDescriptor
2024-11-12 13:41:13,606 INFO  EvoClassLoader - Instrumenting class 'org.apache.hadoop.thirdparty.protobuf.Descriptors$GenericDescriptor'.
2024-11-12 13:41:13,606 INFO  MethodCallReplacementClassAdapter - Adding mock interface to class org/apache/hadoop/thirdparty/protobuf/Descriptors$GenericDescriptor
2024-11-12 13:41:13,606 INFO  CreateClassResetClassAdapter - Creating brand-new static initializer in class org/apache/hadoop/thirdparty/protobuf/Descriptors$GenericDescriptor
2024-11-12 13:41:13,606 INFO  EvoClassLoader - Keeping class: org.apache.hadoop.thirdparty.protobuf.Descriptors$GenericDescriptor
2024-11-12 13:41:13,606 INFO  EvoClassLoader - Keeping class: org.apache.hadoop.thirdparty.protobuf.Descriptors$FieldDescriptor
2024-11-12 13:41:13,606 INFO  EvoClassLoader - Seeing class for first time: org.apache.hadoop.thirdparty.protobuf.ExtensionRegistry$ExtensionInfo
2024-11-12 13:41:13,606 INFO  EvoClassLoader - Instrumenting class 'org.apache.hadoop.thirdparty.protobuf.ExtensionRegistry$ExtensionInfo'.
2024-11-12 13:41:13,606 INFO  MethodCallReplacementClassAdapter - Adding mock interface to class org/apache/hadoop/thirdparty/protobuf/ExtensionRegistry$ExtensionInfo
2024-11-12 13:41:13,606 INFO  CreateClassResetClassAdapter - Creating brand-new static initializer in class org/apache/hadoop/thirdparty/protobuf/ExtensionRegistry$ExtensionInfo
2024-11-12 13:41:13,606 INFO  EvoClassLoader - Keeping class: org.apache.hadoop.thirdparty.protobuf.ExtensionRegistry$ExtensionInfo
2024-11-12 13:41:13,606 INFO  EvoClassLoader - Seeing class for first time: org.apache.hadoop.thirdparty.protobuf.Extension$ExtensionType
2024-11-12 13:41:13,606 INFO  EvoClassLoader - Instrumenting class 'org.apache.hadoop.thirdparty.protobuf.Extension$ExtensionType'.
2024-11-12 13:41:13,606 INFO  MethodCallReplacementClassAdapter - Adding mock interface to class org/apache/hadoop/thirdparty/protobuf/Extension$ExtensionType
2024-11-12 13:41:13,606 INFO  CreateClassResetClassAdapter - Found static initializer in class org/apache/hadoop/thirdparty/protobuf/Extension$ExtensionType
2024-11-12 13:41:13,606 INFO  EvoClassLoader - Keeping class: org.apache.hadoop.thirdparty.protobuf.Extension$ExtensionType
2024-11-12 13:41:13,606 INFO  EvoClassLoader - Seeing class for first time: org.apache.hadoop.thirdparty.protobuf.Descriptors$Descriptor
2024-11-12 13:41:13,606 INFO  EvoClassLoader - Instrumenting class 'org.apache.hadoop.thirdparty.protobuf.Descriptors$Descriptor'.
2024-11-12 13:41:13,606 INFO  MethodCallReplacementClassAdapter - Adding mock interface to class org/apache/hadoop/thirdparty/protobuf/Descriptors$Descriptor
2024-11-12 13:41:13,607 INFO  CreateClassResetClassAdapter - Creating brand-new static initializer in class org/apache/hadoop/thirdparty/protobuf/Descriptors$Descriptor
2024-11-12 13:41:13,607 INFO  EvoClassLoader - Keeping class: org.apache.hadoop.thirdparty.protobuf.Descriptors$Descriptor
2024-11-12 13:41:13,607 INFO  EvoClassLoader - Seeing class for first time: org.apache.hadoop.hdfs.server.namenode.FsImageProto$ErasureCodingSection$1
2024-11-12 13:41:13,607 INFO  EvoClassLoader - Instrumenting class 'org.apache.hadoop.hdfs.server.namenode.FsImageProto$ErasureCodingSection$1'.
2024-11-12 13:41:13,607 INFO  MethodCallReplacementClassAdapter - Adding mock interface to class org/apache/hadoop/hdfs/server/namenode/FsImageProto$ErasureCodingSection$1
2024-11-12 13:41:13,607 INFO  EvoClassLoader - Keeping class: org.apache.hadoop.hdfs.server.namenode.FsImageProto$ErasureCodingSection$1
2024-11-12 13:41:13,607 INFO  EvoClassLoader - Seeing class for first time: org.apache.hadoop.hdfs.server.protocol.SlowPeerReports
2024-11-12 13:41:13,607 INFO  EvoClassLoader - Instrumenting class 'org.apache.hadoop.hdfs.server.protocol.SlowPeerReports'.
2024-11-12 13:41:13,607 INFO  MethodCallReplacementClassAdapter - Adding mock interface to class org/apache/hadoop/hdfs/server/protocol/SlowPeerReports
2024-11-12 13:41:13,607 INFO  CreateClassResetClassAdapter - Found static initializer in class org/apache/hadoop/hdfs/server/protocol/SlowPeerReports
2024-11-12 13:41:13,607 INFO  EvoClassLoader - Keeping class: org.apache.hadoop.hdfs.server.protocol.SlowPeerReports
2024-11-12 13:41:13,607 INFO  EvoClassLoader - Seeing class for first time: org.apache.hadoop.thirdparty.com.google.common.collect.ImmutableMap
2024-11-12 13:41:13,607 INFO  EvoClassLoader - Instrumenting class 'org.apache.hadoop.thirdparty.com.google.common.collect.ImmutableMap'.
2024-11-12 13:41:13,608 INFO  MethodCallReplacementClassAdapter - Adding mock interface to class org/apache/hadoop/thirdparty/com/google/common/collect/ImmutableMap
2024-11-12 13:41:13,608 INFO  CreateClassResetClassAdapter - Found static initializer in class org/apache/hadoop/thirdparty/com/google/common/collect/ImmutableMap
2024-11-12 13:41:13,608 INFO  EvoClassLoader - Keeping class: org.apache.hadoop.thirdparty.com.google.common.collect.ImmutableMap
2024-11-12 13:41:13,608 INFO  EvoClassLoader - Seeing class for first time: org.apache.hadoop.thirdparty.com.google.common.collect.ImmutableMap$1
2024-11-12 13:41:13,608 INFO  EvoClassLoader - Instrumenting class 'org.apache.hadoop.thirdparty.com.google.common.collect.ImmutableMap$1'.
2024-11-12 13:41:13,609 INFO  MethodCallReplacementClassAdapter - Adding mock interface to class org/apache/hadoop/thirdparty/com/google/common/collect/ImmutableMap$1
2024-11-12 13:41:13,609 INFO  EvoClassLoader - Keeping class: org.apache.hadoop.thirdparty.com.google.common.collect.ImmutableMap$1
2024-11-12 13:41:13,609 INFO  EvoClassLoader - Seeing class for first time: org.apache.hadoop.thirdparty.com.google.common.collect.ImmutableBiMap
2024-11-12 13:41:13,609 INFO  EvoClassLoader - Instrumenting class 'org.apache.hadoop.thirdparty.com.google.common.collect.ImmutableBiMap'.
2024-11-12 13:41:13,609 INFO  MethodCallReplacementClassAdapter - Adding mock interface to class org/apache/hadoop/thirdparty/com/google/common/collect/ImmutableBiMap
2024-11-12 13:41:13,609 INFO  CreateClassResetClassAdapter - Creating brand-new static initializer in class org/apache/hadoop/thirdparty/com/google/common/collect/ImmutableBiMap
2024-11-12 13:41:13,609 INFO  EvoClassLoader - Seeing class for first time: org.apache.hadoop.thirdparty.com.google.common.collect.BiMap
2024-11-12 13:41:13,609 INFO  EvoClassLoader - Instrumenting class 'org.apache.hadoop.thirdparty.com.google.common.collect.BiMap'.
2024-11-12 13:41:13,609 INFO  EvoClassLoader - Keeping class: org.apache.hadoop.thirdparty.com.google.common.collect.BiMap
2024-11-12 13:41:13,609 INFO  EvoClassLoader - Seeing class for first time: org.apache.hadoop.thirdparty.com.google.common.collect.ImmutableBiMapFauxverideShim
2024-11-12 13:41:13,609 INFO  EvoClassLoader - Instrumenting class 'org.apache.hadoop.thirdparty.com.google.common.collect.ImmutableBiMapFauxverideShim'.
2024-11-12 13:41:13,610 INFO  MethodCallReplacementClassAdapter - Adding mock interface to class org/apache/hadoop/thirdparty/com/google/common/collect/ImmutableBiMapFauxverideShim
2024-11-12 13:41:13,610 INFO  CreateClassResetClassAdapter - Creating brand-new static initializer in class org/apache/hadoop/thirdparty/com/google/common/collect/ImmutableBiMapFauxverideShim
2024-11-12 13:41:13,610 INFO  EvoClassLoader - Keeping class: org.apache.hadoop.thirdparty.com.google.common.collect.ImmutableBiMapFauxverideShim
2024-11-12 13:41:13,610 INFO  EvoClassLoader - Keeping class: org.apache.hadoop.thirdparty.com.google.common.collect.ImmutableBiMap
2024-11-12 13:41:13,610 INFO  EvoClassLoader - Seeing class for first time: org.apache.hadoop.thirdparty.com.google.common.collect.ImmutableMap$MapViewOfValuesAsSingletonSets
2024-11-12 13:41:13,610 INFO  EvoClassLoader - Instrumenting class 'org.apache.hadoop.thirdparty.com.google.common.collect.ImmutableMap$MapViewOfValuesAsSingletonSets'.
2024-11-12 13:41:13,610 INFO  MethodCallReplacementClassAdapter - Adding mock interface to class org/apache/hadoop/thirdparty/com/google/common/collect/ImmutableMap$MapViewOfValuesAsSingletonSets
2024-11-12 13:41:13,610 INFO  CreateClassResetClassAdapter - Creating brand-new static initializer in class org/apache/hadoop/thirdparty/com/google/common/collect/ImmutableMap$MapViewOfValuesAsSingletonSets
2024-11-12 13:41:13,610 INFO  EvoClassLoader - Seeing class for first time: org.apache.hadoop.thirdparty.com.google.common.collect.ImmutableMap$IteratorBasedImmutableMap
2024-11-12 13:41:13,610 INFO  EvoClassLoader - Instrumenting class 'org.apache.hadoop.thirdparty.com.google.common.collect.ImmutableMap$IteratorBasedImmutableMap'.
2024-11-12 13:41:13,610 INFO  MethodCallReplacementClassAdapter - Adding mock interface to class org/apache/hadoop/thirdparty/com/google/common/collect/ImmutableMap$IteratorBasedImmutableMap
2024-11-12 13:41:13,610 INFO  CreateClassResetClassAdapter - Creating brand-new static initializer in class org/apache/hadoop/thirdparty/com/google/common/collect/ImmutableMap$IteratorBasedImmutableMap
2024-11-12 13:41:13,610 INFO  EvoClassLoader - Keeping class: org.apache.hadoop.thirdparty.com.google.common.collect.ImmutableMap$IteratorBasedImmutableMap
2024-11-12 13:41:13,610 INFO  EvoClassLoader - Keeping class: org.apache.hadoop.thirdparty.com.google.common.collect.ImmutableMap$MapViewOfValuesAsSingletonSets
2024-11-12 13:41:13,610 INFO  EvoClassLoader - Seeing class for first time: org.apache.hadoop.thirdparty.com.google.common.collect.RegularImmutableMap
2024-11-12 13:41:13,610 INFO  EvoClassLoader - Instrumenting class 'org.apache.hadoop.thirdparty.com.google.common.collect.RegularImmutableMap'.
2024-11-12 13:41:13,611 INFO  MethodCallReplacementClassAdapter - Adding mock interface to class org/apache/hadoop/thirdparty/com/google/common/collect/RegularImmutableMap
2024-11-12 13:41:13,612 INFO  CreateClassResetClassAdapter - Found static initializer in class org/apache/hadoop/thirdparty/com/google/common/collect/RegularImmutableMap
2024-11-12 13:41:13,612 INFO  EvoClassLoader - Keeping class: org.apache.hadoop.thirdparty.com.google.common.collect.RegularImmutableMap
2024-11-12 13:41:13,612 INFO  EvoClassLoader - Seeing class for first time: org.apache.hadoop.thirdparty.com.google.common.collect.ImmutableSet
2024-11-12 13:41:13,612 INFO  EvoClassLoader - Instrumenting class 'org.apache.hadoop.thirdparty.com.google.common.collect.ImmutableSet'.
2024-11-12 13:41:13,613 INFO  MethodCallReplacementClassAdapter - Adding mock interface to class org/apache/hadoop/thirdparty/com/google/common/collect/ImmutableSet
2024-11-12 13:41:13,613 INFO  CreateClassResetClassAdapter - Creating brand-new static initializer in class org/apache/hadoop/thirdparty/com/google/common/collect/ImmutableSet
2024-11-12 13:41:13,613 INFO  CreateClassResetClassAdapter - Adding bytecode for initializing field SPLITERATOR_CHARACTERISTICS
2024-11-12 13:41:13,613 INFO  CreateClassResetClassAdapter - Adding bytecode for initializing field MAX_TABLE_SIZE
2024-11-12 13:41:13,613 INFO  CreateClassResetClassAdapter - Adding bytecode for initializing field DESIRED_LOAD_FACTOR
2024-11-12 13:41:13,613 INFO  CreateClassResetClassAdapter - Adding bytecode for initializing field CUTOFF
2024-11-12 13:41:13,613 INFO  CreateClassResetClassAdapter - Adding bytecode for initializing field HASH_FLOODING_FPP
2024-11-12 13:41:13,613 INFO  CreateClassResetClassAdapter - Adding bytecode for initializing field MAX_RUN_MULTIPLIER
2024-11-12 13:41:13,614 INFO  EvoClassLoader - Keeping class: org.apache.hadoop.thirdparty.com.google.common.collect.ImmutableSet
2024-11-12 13:41:13,614 INFO  EvoClassLoader - Seeing class for first time: org.apache.hadoop.thirdparty.com.google.common.collect.ImmutableMapEntrySet$RegularEntrySet
2024-11-12 13:41:13,614 INFO  EvoClassLoader - Instrumenting class 'org.apache.hadoop.thirdparty.com.google.common.collect.ImmutableMapEntrySet$RegularEntrySet'.
2024-11-12 13:41:13,614 INFO  MethodCallReplacementClassAdapter - Adding mock interface to class org/apache/hadoop/thirdparty/com/google/common/collect/ImmutableMapEntrySet$RegularEntrySet
2024-11-12 13:41:13,614 INFO  CreateClassResetClassAdapter - Creating brand-new static initializer in class org/apache/hadoop/thirdparty/com/google/common/collect/ImmutableMapEntrySet$RegularEntrySet
2024-11-12 13:41:13,614 INFO  EvoClassLoader - Seeing class for first time: org.apache.hadoop.thirdparty.com.google.common.collect.ImmutableMapEntrySet
2024-11-12 13:41:13,614 INFO  EvoClassLoader - Instrumenting class 'org.apache.hadoop.thirdparty.com.google.common.collect.ImmutableMapEntrySet'.
2024-11-12 13:41:13,614 INFO  MethodCallReplacementClassAdapter - Adding mock interface to class org/apache/hadoop/thirdparty/com/google/common/collect/ImmutableMapEntrySet
2024-11-12 13:41:13,614 INFO  CreateClassResetClassAdapter - Creating brand-new static initializer in class org/apache/hadoop/thirdparty/com/google/common/collect/ImmutableMapEntrySet
2024-11-12 13:41:13,614 INFO  EvoClassLoader - Keeping class: org.apache.hadoop.thirdparty.com.google.common.collect.ImmutableMapEntrySet
2024-11-12 13:41:13,614 INFO  EvoClassLoader - Keeping class: org.apache.hadoop.thirdparty.com.google.common.collect.ImmutableMapEntrySet$RegularEntrySet
2024-11-12 13:41:13,614 INFO  EvoClassLoader - Seeing class for first time: org.apache.hadoop.thirdparty.com.google.common.collect.RegularImmutableMap$KeySet
2024-11-12 13:41:13,614 INFO  EvoClassLoader - Instrumenting class 'org.apache.hadoop.thirdparty.com.google.common.collect.RegularImmutableMap$KeySet'.
2024-11-12 13:41:13,614 INFO  MethodCallReplacementClassAdapter - Adding mock interface to class org/apache/hadoop/thirdparty/com/google/common/collect/RegularImmutableMap$KeySet
2024-11-12 13:41:13,615 INFO  CreateClassResetClassAdapter - Creating brand-new static initializer in class org/apache/hadoop/thirdparty/com/google/common/collect/RegularImmutableMap$KeySet
2024-11-12 13:41:13,615 INFO  EvoClassLoader - Seeing class for first time: org.apache.hadoop.thirdparty.com.google.common.collect.IndexedImmutableSet
2024-11-12 13:41:13,615 INFO  EvoClassLoader - Instrumenting class 'org.apache.hadoop.thirdparty.com.google.common.collect.IndexedImmutableSet'.
2024-11-12 13:41:13,615 INFO  MethodCallReplacementClassAdapter - Adding mock interface to class org/apache/hadoop/thirdparty/com/google/common/collect/IndexedImmutableSet
2024-11-12 13:41:13,615 INFO  CreateClassResetClassAdapter - Creating brand-new static initializer in class org/apache/hadoop/thirdparty/com/google/common/collect/IndexedImmutableSet
2024-11-12 13:41:13,615 INFO  EvoClassLoader - Keeping class: org.apache.hadoop.thirdparty.com.google.common.collect.IndexedImmutableSet
2024-11-12 13:41:13,615 INFO  EvoClassLoader - Keeping class: org.apache.hadoop.thirdparty.com.google.common.collect.RegularImmutableMap$KeySet
2024-11-12 13:41:13,615 INFO  EvoClassLoader - Seeing class for first time: org.apache.hadoop.thirdparty.com.google.common.collect.RegularImmutableMap$Values
2024-11-12 13:41:13,615 INFO  EvoClassLoader - Instrumenting class 'org.apache.hadoop.thirdparty.com.google.common.collect.RegularImmutableMap$Values'.
2024-11-12 13:41:13,615 INFO  MethodCallReplacementClassAdapter - Adding mock interface to class org/apache/hadoop/thirdparty/com/google/common/collect/RegularImmutableMap$Values
2024-11-12 13:41:13,615 INFO  CreateClassResetClassAdapter - Creating brand-new static initializer in class org/apache/hadoop/thirdparty/com/google/common/collect/RegularImmutableMap$Values
2024-11-12 13:41:13,616 INFO  EvoClassLoader - Keeping class: org.apache.hadoop.thirdparty.com.google.common.collect.RegularImmutableMap$Values
2024-11-12 13:41:13,616 INFO  EvoClassLoader - Seeing class for first time: org.apache.hadoop.thirdparty.com.google.common.collect.ImmutableMapEntry
2024-11-12 13:41:13,616 INFO  EvoClassLoader - Instrumenting class 'org.apache.hadoop.thirdparty.com.google.common.collect.ImmutableMapEntry'.
2024-11-12 13:41:13,616 INFO  MethodCallReplacementClassAdapter - Adding mock interface to class org/apache/hadoop/thirdparty/com/google/common/collect/ImmutableMapEntry
2024-11-12 13:41:13,617 INFO  CreateClassResetClassAdapter - Creating brand-new static initializer in class org/apache/hadoop/thirdparty/com/google/common/collect/ImmutableMapEntry
2024-11-12 13:41:13,617 INFO  EvoClassLoader - Seeing class for first time: org.apache.hadoop.thirdparty.com.google.common.collect.ImmutableEntry
2024-11-12 13:41:13,617 INFO  EvoClassLoader - Instrumenting class 'org.apache.hadoop.thirdparty.com.google.common.collect.ImmutableEntry'.
2024-11-12 13:41:13,617 INFO  MethodCallReplacementClassAdapter - Adding mock interface to class org/apache/hadoop/thirdparty/com/google/common/collect/ImmutableEntry
2024-11-12 13:41:13,618 INFO  CreateClassResetClassAdapter - Creating brand-new static initializer in class org/apache/hadoop/thirdparty/com/google/common/collect/ImmutableEntry
2024-11-12 13:41:13,618 INFO  EvoClassLoader - Seeing class for first time: org.apache.hadoop.thirdparty.com.google.common.collect.AbstractMapEntry
2024-11-12 13:41:13,618 INFO  EvoClassLoader - Instrumenting class 'org.apache.hadoop.thirdparty.com.google.common.collect.AbstractMapEntry'.
2024-11-12 13:41:13,618 INFO  MethodCallReplacementClassAdapter - Adding mock interface to class org/apache/hadoop/thirdparty/com/google/common/collect/AbstractMapEntry
2024-11-12 13:41:13,618 INFO  CreateClassResetClassAdapter - Creating brand-new static initializer in class org/apache/hadoop/thirdparty/com/google/common/collect/AbstractMapEntry
2024-11-12 13:41:13,618 INFO  EvoClassLoader - Keeping class: org.apache.hadoop.thirdparty.com.google.common.collect.AbstractMapEntry
2024-11-12 13:41:13,618 INFO  EvoClassLoader - Keeping class: org.apache.hadoop.thirdparty.com.google.common.collect.ImmutableEntry
2024-11-12 13:41:13,618 INFO  EvoClassLoader - Keeping class: org.apache.hadoop.thirdparty.com.google.common.collect.ImmutableMapEntry
2024-11-12 13:41:13,618 INFO  EvoClassLoader - Seeing class for first time: org.apache.hadoop.thirdparty.com.google.common.collect.ImmutableMapEntry$NonTerminalImmutableMapEntry
2024-11-12 13:41:13,618 INFO  EvoClassLoader - Instrumenting class 'org.apache.hadoop.thirdparty.com.google.common.collect.ImmutableMapEntry$NonTerminalImmutableMapEntry'.
2024-11-12 13:41:13,619 INFO  MethodCallReplacementClassAdapter - Adding mock interface to class org/apache/hadoop/thirdparty/com/google/common/collect/ImmutableMapEntry$NonTerminalImmutableMapEntry
2024-11-12 13:41:13,619 INFO  CreateClassResetClassAdapter - Creating brand-new static initializer in class org/apache/hadoop/thirdparty/com/google/common/collect/ImmutableMapEntry$NonTerminalImmutableMapEntry
2024-11-12 13:41:13,619 INFO  EvoClassLoader - Keeping class: org.apache.hadoop.thirdparty.com.google.common.collect.ImmutableMapEntry$NonTerminalImmutableMapEntry
2024-11-12 13:41:13,619 INFO  EvoClassLoader - Seeing class for first time: org.apache.hadoop.thirdparty.com.google.common.collect.Maps$EntryTransformer
2024-11-12 13:41:13,619 INFO  EvoClassLoader - Instrumenting class 'org.apache.hadoop.thirdparty.com.google.common.collect.Maps$EntryTransformer'.
2024-11-12 13:41:13,620 INFO  EvoClassLoader - Keeping class: org.apache.hadoop.thirdparty.com.google.common.collect.Maps$EntryTransformer
2024-11-12 13:41:13,620 INFO  EvoClassLoader - Seeing class for first time: org.apache.hadoop.fs.BatchedRemoteIterator
2024-11-12 13:41:13,620 INFO  EvoClassLoader - Instrumenting class 'org.apache.hadoop.fs.BatchedRemoteIterator'.
2024-11-12 13:41:13,620 INFO  MethodCallReplacementClassAdapter - Adding mock interface to class org/apache/hadoop/fs/BatchedRemoteIterator
2024-11-12 13:41:13,621 INFO  CreateClassResetClassAdapter - Creating brand-new static initializer in class org/apache/hadoop/fs/BatchedRemoteIterator
2024-11-12 13:41:13,621 INFO  EvoClassLoader - Keeping class: org.apache.hadoop.fs.BatchedRemoteIterator
2024-11-12 13:41:13,621 INFO  EvoClassLoader - Seeing class for first time: org.apache.hadoop.hdfs.server.namenode.snapshot.SnapshotDiffListingInfo
2024-11-12 13:41:13,621 INFO  EvoClassLoader - Instrumenting class 'org.apache.hadoop.hdfs.server.namenode.snapshot.SnapshotDiffListingInfo'.
2024-11-12 13:41:13,621 INFO  MethodCallReplacementClassAdapter - Adding mock interface to class org/apache/hadoop/hdfs/server/namenode/snapshot/SnapshotDiffListingInfo
2024-11-12 13:41:13,622 INFO  CreateClassResetClassAdapter - Creating brand-new static initializer in class org/apache/hadoop/hdfs/server/namenode/snapshot/SnapshotDiffListingInfo
2024-11-12 13:41:13,623 INFO  EvoClassLoader - Keeping class: org.apache.hadoop.hdfs.server.namenode.snapshot.SnapshotDiffListingInfo
2024-11-12 13:41:13,623 INFO  EvoClassLoader - Seeing class for first time: org.apache.hadoop.hdfs.server.namenode.ErasureCodingPolicyManager
2024-11-12 13:41:13,623 INFO  EvoClassLoader - Instrumenting class 'org.apache.hadoop.hdfs.server.namenode.ErasureCodingPolicyManager'.
2024-11-12 13:41:13,625 INFO  MethodCallReplacementClassAdapter - Adding mock interface to class org/apache/hadoop/hdfs/server/namenode/ErasureCodingPolicyManager
2024-11-12 13:41:13,627 INFO  CreateClassResetClassAdapter - Found static initializer in class org/apache/hadoop/hdfs/server/namenode/ErasureCodingPolicyManager
2024-11-12 13:41:13,628 INFO  EvoClassLoader - Keeping class: org.apache.hadoop.hdfs.server.namenode.ErasureCodingPolicyManager
2024-11-12 13:41:13,629 INFO  EvoClassLoader - Seeing class for first time: org.apache.hadoop.hdfs.util.ReferenceCountMap$ReferenceCounter
2024-11-12 13:41:13,629 INFO  EvoClassLoader - Instrumenting class 'org.apache.hadoop.hdfs.util.ReferenceCountMap$ReferenceCounter'.
2024-11-12 13:41:13,630 INFO  EvoClassLoader - Keeping class: org.apache.hadoop.hdfs.util.ReferenceCountMap$ReferenceCounter
2024-11-12 13:41:13,630 INFO  EvoClassLoader - Seeing class for first time: org.apache.hadoop.thirdparty.com.google.common.collect.Lists$RandomAccessPartition
2024-11-12 13:41:13,630 INFO  EvoClassLoader - Instrumenting class 'org.apache.hadoop.thirdparty.com.google.common.collect.Lists$RandomAccessPartition'.
2024-11-12 13:41:13,630 INFO  MethodCallReplacementClassAdapter - Adding mock interface to class org/apache/hadoop/thirdparty/com/google/common/collect/Lists$RandomAccessPartition
2024-11-12 13:41:13,630 INFO  CreateClassResetClassAdapter - Creating brand-new static initializer in class org/apache/hadoop/thirdparty/com/google/common/collect/Lists$RandomAccessPartition
2024-11-12 13:41:13,630 INFO  EvoClassLoader - Seeing class for first time: org.apache.hadoop.thirdparty.com.google.common.collect.Lists$Partition
2024-11-12 13:41:13,630 INFO  EvoClassLoader - Instrumenting class 'org.apache.hadoop.thirdparty.com.google.common.collect.Lists$Partition'.
2024-11-12 13:41:13,631 INFO  MethodCallReplacementClassAdapter - Adding mock interface to class org/apache/hadoop/thirdparty/com/google/common/collect/Lists$Partition
2024-11-12 13:41:13,631 INFO  CreateClassResetClassAdapter - Creating brand-new static initializer in class org/apache/hadoop/thirdparty/com/google/common/collect/Lists$Partition
2024-11-12 13:41:13,631 INFO  EvoClassLoader - Keeping class: org.apache.hadoop.thirdparty.com.google.common.collect.Lists$Partition
2024-11-12 13:41:13,631 INFO  EvoClassLoader - Keeping class: org.apache.hadoop.thirdparty.com.google.common.collect.Lists$RandomAccessPartition
2024-11-12 13:41:13,631 INFO  EvoClassLoader - Seeing class for first time: org.apache.hadoop.thirdparty.com.google.common.collect.Lists$TransformingSequentialList
2024-11-12 13:41:13,631 INFO  EvoClassLoader - Instrumenting class 'org.apache.hadoop.thirdparty.com.google.common.collect.Lists$TransformingSequentialList'.
2024-11-12 13:41:13,632 INFO  MethodCallReplacementClassAdapter - Adding mock interface to class org/apache/hadoop/thirdparty/com/google/common/collect/Lists$TransformingSequentialList
2024-11-12 13:41:13,632 INFO  CreateClassResetClassAdapter - Creating brand-new static initializer in class org/apache/hadoop/thirdparty/com/google/common/collect/Lists$TransformingSequentialList
2024-11-12 13:41:13,632 INFO  EvoClassLoader - Keeping class: org.apache.hadoop.thirdparty.com.google.common.collect.Lists$TransformingSequentialList
2024-11-12 13:41:13,632 INFO  EvoClassLoader - Seeing class for first time: org.apache.hadoop.hdfs.protocol.CachePoolInfo
2024-11-12 13:41:13,632 INFO  EvoClassLoader - Instrumenting class 'org.apache.hadoop.hdfs.protocol.CachePoolInfo'.
2024-11-12 13:41:13,633 INFO  MethodCallReplacementClassAdapter - Adding mock interface to class org/apache/hadoop/hdfs/protocol/CachePoolInfo
2024-11-12 13:41:13,633 INFO  CreateClassResetClassAdapter - Creating brand-new static initializer in class org/apache/hadoop/hdfs/protocol/CachePoolInfo
2024-11-12 13:41:13,633 INFO  CreateClassResetClassAdapter - Adding bytecode for initializing field RELATIVE_EXPIRY_NEVER
2024-11-12 13:41:13,633 INFO  CreateClassResetClassAdapter - Adding bytecode for initializing field DEFAULT_MAX_RELATIVE_EXPIRY
2024-11-12 13:41:13,633 INFO  CreateClassResetClassAdapter - Adding bytecode for initializing field LIMIT_UNLIMITED
2024-11-12 13:41:13,633 INFO  CreateClassResetClassAdapter - Adding bytecode for initializing field DEFAULT_LIMIT
2024-11-12 13:41:13,633 INFO  CreateClassResetClassAdapter - Adding bytecode for initializing field DEFAULT_REPLICATION_NUM
2024-11-12 13:41:13,634 INFO  EvoClassLoader - Keeping class: org.apache.hadoop.hdfs.protocol.CachePoolInfo
2024-11-12 13:41:13,634 INFO  EvoClassLoader - Seeing class for first time: org.apache.hadoop.fs.InvalidRequestException
2024-11-12 13:41:13,634 INFO  EvoClassLoader - Instrumenting class 'org.apache.hadoop.fs.InvalidRequestException'.
2024-11-12 13:41:13,634 INFO  MethodCallReplacementClassAdapter - Adding mock interface to class org/apache/hadoop/fs/InvalidRequestException
2024-11-12 13:41:13,634 INFO  CreateClassResetClassAdapter - Creating brand-new static initializer in class org/apache/hadoop/fs/InvalidRequestException
2024-11-12 13:41:13,634 INFO  EvoClassLoader - Keeping class: org.apache.hadoop.fs.InvalidRequestException
2024-11-12 13:41:13,634 INFO  EvoClassLoader - Seeing class for first time: org.apache.hadoop.hdfs.server.namenode.snapshot.SnapshotDiffInfo
2024-11-12 13:41:13,634 INFO  EvoClassLoader - Instrumenting class 'org.apache.hadoop.hdfs.server.namenode.snapshot.SnapshotDiffInfo'.
2024-11-12 13:41:13,635 INFO  MethodCallReplacementClassAdapter - Adding mock interface to class org/apache/hadoop/hdfs/server/namenode/snapshot/SnapshotDiffInfo
2024-11-12 13:41:13,635 INFO  CreateClassResetClassAdapter - Found static initializer in class org/apache/hadoop/hdfs/server/namenode/snapshot/SnapshotDiffInfo
2024-11-12 13:41:13,636 INFO  EvoClassLoader - Keeping class: org.apache.hadoop.hdfs.server.namenode.snapshot.SnapshotDiffInfo
2024-11-12 13:41:13,636 INFO  EvoClassLoader - Seeing class for first time: org.apache.hadoop.hdfs.server.namenode.snapshot.SnapshotDiffInfo$1
2024-11-12 13:41:13,636 INFO  EvoClassLoader - Instrumenting class 'org.apache.hadoop.hdfs.server.namenode.snapshot.SnapshotDiffInfo$1'.
2024-11-12 13:41:13,636 INFO  MethodCallReplacementClassAdapter - Adding mock interface to class org/apache/hadoop/hdfs/server/namenode/snapshot/SnapshotDiffInfo$1
2024-11-12 13:41:13,636 INFO  EvoClassLoader - Keeping class: org.apache.hadoop.hdfs.server.namenode.snapshot.SnapshotDiffInfo$1
2024-11-12 13:41:13,636 INFO  EvoClassLoader - Seeing class for first time: org.apache.hadoop.hdfs.protocol.OpenFileEntry
2024-11-12 13:41:13,636 INFO  EvoClassLoader - Instrumenting class 'org.apache.hadoop.hdfs.protocol.OpenFileEntry'.
2024-11-12 13:41:13,636 INFO  MethodCallReplacementClassAdapter - Adding mock interface to class org/apache/hadoop/hdfs/protocol/OpenFileEntry
2024-11-12 13:41:13,637 INFO  CreateClassResetClassAdapter - Creating brand-new static initializer in class org/apache/hadoop/hdfs/protocol/OpenFileEntry
2024-11-12 13:41:13,637 INFO  EvoClassLoader - Keeping class: org.apache.hadoop.hdfs.protocol.OpenFileEntry
2024-11-12 13:41:13,637 INFO  EvoClassLoader - Seeing class for first time: com.fasterxml.jackson.core.Versioned
2024-11-12 13:41:13,637 INFO  EvoClassLoader - Instrumenting class 'com.fasterxml.jackson.core.Versioned'.
2024-11-12 13:41:13,637 INFO  EvoClassLoader - Defined package (3): package com.fasterxml.jackson.core, 1215208167
2024-11-12 13:41:13,637 INFO  EvoClassLoader - Keeping class: com.fasterxml.jackson.core.Versioned
2024-11-12 13:41:13,637 INFO  EvoClassLoader - Seeing class for first time: org.apache.hadoop.hdfs.server.blockmanagement.BlockManager
2024-11-12 13:41:13,637 INFO  EvoClassLoader - Instrumenting class 'org.apache.hadoop.hdfs.server.blockmanagement.BlockManager'.
2024-11-12 13:41:13,640 INFO  MethodCallReplacementClassAdapter - Adding mock interface to class org/apache/hadoop/hdfs/server/blockmanagement/BlockManager
2024-11-12 13:41:13,650 INFO  CreateClassResetClassAdapter - Found static initializer in class org/apache/hadoop/hdfs/server/blockmanagement/BlockManager
2024-11-12 13:41:13,653 INFO  EvoClassLoader - Seeing class for first time: org.apache.hadoop.hdfs.server.blockmanagement.BlockStatsMXBean
2024-11-12 13:41:13,653 INFO  EvoClassLoader - Instrumenting class 'org.apache.hadoop.hdfs.server.blockmanagement.BlockStatsMXBean'.
2024-11-12 13:41:13,654 INFO  EvoClassLoader - Keeping class: org.apache.hadoop.hdfs.server.blockmanagement.BlockStatsMXBean
2024-11-12 13:41:13,654 INFO  EvoClassLoader - Keeping class: org.apache.hadoop.hdfs.server.blockmanagement.BlockManager
2024-11-12 13:41:13,655 INFO  EvoClassLoader - Seeing class for first time: org.apache.hadoop.hdfs.security.token.block.BlockTokenIdentifier$AccessMode
2024-11-12 13:41:13,655 INFO  EvoClassLoader - Instrumenting class 'org.apache.hadoop.hdfs.security.token.block.BlockTokenIdentifier$AccessMode'.
2024-11-12 13:41:13,655 INFO  MethodCallReplacementClassAdapter - Adding mock interface to class org/apache/hadoop/hdfs/security/token/block/BlockTokenIdentifier$AccessMode
2024-11-12 13:41:13,655 INFO  CreateClassResetClassAdapter - Found static initializer in class org/apache/hadoop/hdfs/security/token/block/BlockTokenIdentifier$AccessMode
2024-11-12 13:41:13,656 INFO  EvoClassLoader - Defined package (3): package org.apache.hadoop.hdfs.security.token.block, 2046137276
2024-11-12 13:41:13,656 INFO  EvoClassLoader - Keeping class: org.apache.hadoop.hdfs.security.token.block.BlockTokenIdentifier$AccessMode
2024-11-12 13:41:13,656 INFO  EvoClassLoader - Seeing class for first time: org.apache.hadoop.hdfs.server.blockmanagement.ReplicaUnderConstruction
2024-11-12 13:41:13,656 INFO  EvoClassLoader - Instrumenting class 'org.apache.hadoop.hdfs.server.blockmanagement.ReplicaUnderConstruction'.
2024-11-12 13:41:13,657 INFO  MethodCallReplacementClassAdapter - Adding mock interface to class org/apache/hadoop/hdfs/server/blockmanagement/ReplicaUnderConstruction
2024-11-12 13:41:13,657 INFO  CreateClassResetClassAdapter - Creating brand-new static initializer in class org/apache/hadoop/hdfs/server/blockmanagement/ReplicaUnderConstruction
2024-11-12 13:41:13,657 INFO  EvoClassLoader - Keeping class: org.apache.hadoop.hdfs.server.blockmanagement.ReplicaUnderConstruction
2024-11-12 13:41:13,657 INFO  EvoClassLoader - Seeing class for first time: org.apache.hadoop.hdfs.server.blockmanagement.DatanodeDescriptor
2024-11-12 13:41:13,657 INFO  EvoClassLoader - Instrumenting class 'org.apache.hadoop.hdfs.server.blockmanagement.DatanodeDescriptor'.
2024-11-12 13:41:13,658 INFO  MethodCallReplacementClassAdapter - Adding mock interface to class org/apache/hadoop/hdfs/server/blockmanagement/DatanodeDescriptor
2024-11-12 13:41:13,659 INFO  CreateClassResetClassAdapter - Found static initializer in class org/apache/hadoop/hdfs/server/blockmanagement/DatanodeDescriptor
2024-11-12 13:41:13,660 INFO  EvoClassLoader - Keeping class: org.apache.hadoop.hdfs.server.blockmanagement.DatanodeDescriptor
2024-11-12 13:41:13,660 INFO  EvoClassLoader - Seeing class for first time: org.apache.hadoop.hdfs.protocol.LocatedBlock
2024-11-12 13:41:13,660 INFO  EvoClassLoader - Instrumenting class 'org.apache.hadoop.hdfs.protocol.LocatedBlock'.
2024-11-12 13:41:13,661 INFO  MethodCallReplacementClassAdapter - Adding mock interface to class org/apache/hadoop/hdfs/protocol/LocatedBlock
2024-11-12 13:41:13,662 INFO  CreateClassResetClassAdapter - Found static initializer in class org/apache/hadoop/hdfs/protocol/LocatedBlock
2024-11-12 13:41:13,662 INFO  EvoClassLoader - Keeping class: org.apache.hadoop.hdfs.protocol.LocatedBlock
2024-11-12 13:41:13,662 INFO  EvoClassLoader - Seeing class for first time: org.apache.hadoop.hdfs.protocol.LocatedStripedBlock
2024-11-12 13:41:13,662 INFO  EvoClassLoader - Instrumenting class 'org.apache.hadoop.hdfs.protocol.LocatedStripedBlock'.
2024-11-12 13:41:13,662 INFO  MethodCallReplacementClassAdapter - Adding mock interface to class org/apache/hadoop/hdfs/protocol/LocatedStripedBlock
2024-11-12 13:41:13,663 INFO  CreateClassResetClassAdapter - Found static initializer in class org/apache/hadoop/hdfs/protocol/LocatedStripedBlock
2024-11-12 13:41:13,663 INFO  EvoClassLoader - Keeping class: org.apache.hadoop.hdfs.protocol.LocatedStripedBlock
2024-11-12 13:41:13,663 INFO  EvoClassLoader - Seeing class for first time: org.apache.hadoop.hdfs.server.blockmanagement.BlockInfoStriped
2024-11-12 13:41:13,663 INFO  EvoClassLoader - Instrumenting class 'org.apache.hadoop.hdfs.server.blockmanagement.BlockInfoStriped'.
2024-11-12 13:41:13,664 INFO  MethodCallReplacementClassAdapter - Adding mock interface to class org/apache/hadoop/hdfs/server/blockmanagement/BlockInfoStriped
2024-11-12 13:41:13,664 INFO  CreateClassResetClassAdapter - Found static initializer in class org/apache/hadoop/hdfs/server/blockmanagement/BlockInfoStriped
2024-11-12 13:41:13,665 INFO  EvoClassLoader - Keeping class: org.apache.hadoop.hdfs.server.blockmanagement.BlockInfoStriped
2024-11-12 13:41:13,665 INFO  EvoClassLoader - Seeing class for first time: org.apache.hadoop.hdfs.protocol.UnregisteredNodeException
2024-11-12 13:41:13,665 INFO  EvoClassLoader - Instrumenting class 'org.apache.hadoop.hdfs.protocol.UnregisteredNodeException'.
2024-11-12 13:41:13,665 INFO  MethodCallReplacementClassAdapter - Adding mock interface to class org/apache/hadoop/hdfs/protocol/UnregisteredNodeException
2024-11-12 13:41:13,666 INFO  CreateClassResetClassAdapter - Creating brand-new static initializer in class org/apache/hadoop/hdfs/protocol/UnregisteredNodeException
2024-11-12 13:41:13,666 INFO  EvoClassLoader - Keeping class: org.apache.hadoop.hdfs.protocol.UnregisteredNodeException
2024-11-12 13:41:13,666 INFO  EvoClassLoader - Seeing class for first time: org.apache.hadoop.hdfs.server.blockmanagement.BlockReconstructionWork
2024-11-12 13:41:13,666 INFO  EvoClassLoader - Instrumenting class 'org.apache.hadoop.hdfs.server.blockmanagement.BlockReconstructionWork'.
2024-11-12 13:41:13,666 INFO  MethodCallReplacementClassAdapter - Adding mock interface to class org/apache/hadoop/hdfs/server/blockmanagement/BlockReconstructionWork
2024-11-12 13:41:13,666 INFO  CreateClassResetClassAdapter - Found static initializer in class org/apache/hadoop/hdfs/server/blockmanagement/BlockReconstructionWork
2024-11-12 13:41:13,667 INFO  EvoClassLoader - Keeping class: org.apache.hadoop.hdfs.server.blockmanagement.BlockReconstructionWork
2024-11-12 13:41:13,667 INFO  EvoClassLoader - Seeing class for first time: org.apache.hadoop.hdfs.server.blockmanagement.ErasureCodingWork
2024-11-12 13:41:13,667 INFO  EvoClassLoader - Instrumenting class 'org.apache.hadoop.hdfs.server.blockmanagement.ErasureCodingWork'.
2024-11-12 13:41:13,667 INFO  MethodCallReplacementClassAdapter - Adding mock interface to class org/apache/hadoop/hdfs/server/blockmanagement/ErasureCodingWork
2024-11-12 13:41:13,667 INFO  CreateClassResetClassAdapter - Found static initializer in class org/apache/hadoop/hdfs/server/blockmanagement/ErasureCodingWork
2024-11-12 13:41:13,668 INFO  EvoClassLoader - Keeping class: org.apache.hadoop.hdfs.server.blockmanagement.ErasureCodingWork
2024-11-12 13:41:13,668 INFO  EvoClassLoader - Seeing class for first time: org.apache.hadoop.hdfs.server.blockmanagement.ReplicationWork
2024-11-12 13:41:13,668 INFO  EvoClassLoader - Instrumenting class 'org.apache.hadoop.hdfs.server.blockmanagement.ReplicationWork'.
2024-11-12 13:41:13,668 INFO  MethodCallReplacementClassAdapter - Adding mock interface to class org/apache/hadoop/hdfs/server/blockmanagement/ReplicationWork
2024-11-12 13:41:13,668 INFO  CreateClassResetClassAdapter - Found static initializer in class org/apache/hadoop/hdfs/server/blockmanagement/ReplicationWork
2024-11-12 13:41:13,668 INFO  EvoClassLoader - Keeping class: org.apache.hadoop.hdfs.server.blockmanagement.ReplicationWork
2024-11-12 13:41:13,668 INFO  EvoClassLoader - Seeing class for first time: org.apache.hadoop.hdfs.server.blockmanagement.BlockPlacementStatus
2024-11-12 13:41:13,668 INFO  EvoClassLoader - Instrumenting class 'org.apache.hadoop.hdfs.server.blockmanagement.BlockPlacementStatus'.
2024-11-12 13:41:13,669 INFO  EvoClassLoader - Keeping class: org.apache.hadoop.hdfs.server.blockmanagement.BlockPlacementStatus
2024-11-12 13:41:13,669 INFO  EvoClassLoader - Seeing class for first time: org.apache.hadoop.hdfs.server.blockmanagement.NumberReplicas$StoredReplicaState
2024-11-12 13:41:13,669 INFO  EvoClassLoader - Instrumenting class 'org.apache.hadoop.hdfs.server.blockmanagement.NumberReplicas$StoredReplicaState'.
2024-11-12 13:41:13,669 INFO  MethodCallReplacementClassAdapter - Adding mock interface to class org/apache/hadoop/hdfs/server/blockmanagement/NumberReplicas$StoredReplicaState
2024-11-12 13:41:13,669 INFO  CreateClassResetClassAdapter - Found static initializer in class org/apache/hadoop/hdfs/server/blockmanagement/NumberReplicas$StoredReplicaState
2024-11-12 13:41:13,669 INFO  EvoClassLoader - Keeping class: org.apache.hadoop.hdfs.server.blockmanagement.NumberReplicas$StoredReplicaState
2024-11-12 13:41:13,670 INFO  EvoClassLoader - Seeing class for first time: org.apache.hadoop.hdfs.protocol.BlockListAsLongs$BlockReportReplica
2024-11-12 13:41:13,670 INFO  EvoClassLoader - Instrumenting class 'org.apache.hadoop.hdfs.protocol.BlockListAsLongs$BlockReportReplica'.
2024-11-12 13:41:13,670 INFO  MethodCallReplacementClassAdapter - Adding mock interface to class org/apache/hadoop/hdfs/protocol/BlockListAsLongs$BlockReportReplica
2024-11-12 13:41:13,670 INFO  CreateClassResetClassAdapter - Creating brand-new static initializer in class org/apache/hadoop/hdfs/protocol/BlockListAsLongs$BlockReportReplica
2024-11-12 13:41:13,670 INFO  EvoClassLoader - Seeing class for first time: org.apache.hadoop.hdfs.server.datanode.Replica
2024-11-12 13:41:13,670 INFO  EvoClassLoader - Instrumenting class 'org.apache.hadoop.hdfs.server.datanode.Replica'.
2024-11-12 13:41:13,670 INFO  EvoClassLoader - Defined package (3): package org.apache.hadoop.hdfs.server.datanode, 2052922021
2024-11-12 13:41:13,670 INFO  EvoClassLoader - Keeping class: org.apache.hadoop.hdfs.server.datanode.Replica
2024-11-12 13:41:13,670 INFO  EvoClassLoader - Keeping class: org.apache.hadoop.hdfs.protocol.BlockListAsLongs$BlockReportReplica
2024-11-12 13:41:13,671 INFO  EvoClassLoader - Seeing class for first time: org.apache.hadoop.util.Daemon
2024-11-12 13:41:13,671 INFO  EvoClassLoader - Instrumenting class 'org.apache.hadoop.util.Daemon'.
2024-11-12 13:41:13,671 INFO  MethodCallReplacementClassAdapter - Adding mock interface to class org/apache/hadoop/util/Daemon
2024-11-12 13:41:13,672 INFO  CreateClassResetClassAdapter - Creating brand-new static initializer in class org/apache/hadoop/util/Daemon
2024-11-12 13:41:13,672 INFO  EvoClassLoader - Keeping class: org.apache.hadoop.util.Daemon
2024-11-12 13:41:13,672 INFO  EvoClassLoader - Seeing class for first time: org.apache.hadoop.hdfs.server.blockmanagement.BlockManager$1
2024-11-12 13:41:13,672 INFO  EvoClassLoader - Instrumenting class 'org.apache.hadoop.hdfs.server.blockmanagement.BlockManager$1'.
2024-11-12 13:41:13,672 INFO  MethodCallReplacementClassAdapter - Adding mock interface to class org/apache/hadoop/hdfs/server/blockmanagement/BlockManager$1
2024-11-12 13:41:13,672 INFO  EvoClassLoader - Keeping class: org.apache.hadoop.hdfs.server.blockmanagement.BlockManager$1
2024-11-12 13:41:13,673 INFO  EvoClassLoader - Seeing class for first time: org.apache.hadoop.hdfs.server.protocol.DatanodeRegistration
2024-11-12 13:41:13,673 INFO  EvoClassLoader - Instrumenting class 'org.apache.hadoop.hdfs.server.protocol.DatanodeRegistration'.
2024-11-12 13:41:13,673 INFO  MethodCallReplacementClassAdapter - Adding mock interface to class org/apache/hadoop/hdfs/server/protocol/DatanodeRegistration
2024-11-12 13:41:13,673 INFO  CreateClassResetClassAdapter - Creating brand-new static initializer in class org/apache/hadoop/hdfs/server/protocol/DatanodeRegistration
2024-11-12 13:41:13,673 INFO  EvoClassLoader - Seeing class for first time: org.apache.hadoop.hdfs.server.protocol.NodeRegistration
2024-11-12 13:41:13,673 INFO  EvoClassLoader - Instrumenting class 'org.apache.hadoop.hdfs.server.protocol.NodeRegistration'.
2024-11-12 13:41:13,674 INFO  EvoClassLoader - Keeping class: org.apache.hadoop.hdfs.server.protocol.NodeRegistration
2024-11-12 13:41:13,674 INFO  EvoClassLoader - Keeping class: org.apache.hadoop.hdfs.server.protocol.DatanodeRegistration
2024-11-12 13:41:13,675 INFO  EvoClassLoader - Seeing class for first time: org.apache.hadoop.hdfs.server.namenode.NameNode
2024-11-12 13:41:13,675 INFO  EvoClassLoader - Instrumenting class 'org.apache.hadoop.hdfs.server.namenode.NameNode'.
2024-11-12 13:41:13,676 INFO  MethodCallReplacementClassAdapter - Adding mock interface to class org/apache/hadoop/hdfs/server/namenode/NameNode
2024-11-12 13:41:13,685 INFO  CreateClassResetClassAdapter - Found static initializer in class org/apache/hadoop/hdfs/server/namenode/NameNode
2024-11-12 13:41:13,686 INFO  EvoClassLoader - Seeing class for first time: org.apache.hadoop.hdfs.server.namenode.NameNodeStatusMXBean
2024-11-12 13:41:13,686 INFO  EvoClassLoader - Instrumenting class 'org.apache.hadoop.hdfs.server.namenode.NameNodeStatusMXBean'.
2024-11-12 13:41:13,687 INFO  EvoClassLoader - Keeping class: org.apache.hadoop.hdfs.server.namenode.NameNodeStatusMXBean
2024-11-12 13:41:13,687 INFO  EvoClassLoader - Seeing class for first time: org.apache.hadoop.hdfs.server.common.TokenVerifier
2024-11-12 13:41:13,687 INFO  EvoClassLoader - Instrumenting class 'org.apache.hadoop.hdfs.server.common.TokenVerifier'.
2024-11-12 13:41:13,687 INFO  EvoClassLoader - Keeping class: org.apache.hadoop.hdfs.server.common.TokenVerifier
2024-11-12 13:41:13,687 INFO  EvoClassLoader - Seeing class for first time: org.apache.hadoop.conf.ReconfigurableBase
2024-11-12 13:41:13,687 INFO  EvoClassLoader - Instrumenting class 'org.apache.hadoop.conf.ReconfigurableBase'.
2024-11-12 13:41:13,688 INFO  MethodCallReplacementClassAdapter - Adding mock interface to class org/apache/hadoop/conf/ReconfigurableBase
2024-11-12 13:41:13,688 INFO  CreateClassResetClassAdapter - Found static initializer in class org/apache/hadoop/conf/ReconfigurableBase
2024-11-12 13:41:13,689 INFO  EvoClassLoader - Seeing class for first time: org.apache.hadoop.conf.Reconfigurable
2024-11-12 13:41:13,689 INFO  EvoClassLoader - Instrumenting class 'org.apache.hadoop.conf.Reconfigurable'.
2024-11-12 13:41:13,689 INFO  EvoClassLoader - Keeping class: org.apache.hadoop.conf.Reconfigurable
2024-11-12 13:41:13,689 INFO  EvoClassLoader - Keeping class: org.apache.hadoop.conf.ReconfigurableBase
2024-11-12 13:41:13,689 INFO  EvoClassLoader - Keeping class: org.apache.hadoop.hdfs.server.namenode.NameNode
2024-11-12 13:41:13,689 INFO  EvoClassLoader - Seeing class for first time: org.apache.hadoop.conf.ReconfigurableBase$ReconfigurationThread
2024-11-12 13:41:13,689 INFO  EvoClassLoader - Instrumenting class 'org.apache.hadoop.conf.ReconfigurableBase$ReconfigurationThread'.
2024-11-12 13:41:13,689 INFO  MethodCallReplacementClassAdapter - Adding mock interface to class org/apache/hadoop/conf/ReconfigurableBase$ReconfigurationThread
2024-11-12 13:41:13,690 INFO  CreateClassResetClassAdapter - Creating brand-new static initializer in class org/apache/hadoop/conf/ReconfigurableBase$ReconfigurationThread
2024-11-12 13:41:13,690 INFO  EvoClassLoader - Keeping class: org.apache.hadoop.conf.ReconfigurableBase$ReconfigurationThread
2024-11-12 13:41:13,690 INFO  EvoClassLoader - Seeing class for first time: org.apache.hadoop.conf.ReconfigurationException
2024-11-12 13:41:13,690 INFO  EvoClassLoader - Instrumenting class 'org.apache.hadoop.conf.ReconfigurationException'.
2024-11-12 13:41:13,690 INFO  MethodCallReplacementClassAdapter - Adding mock interface to class org/apache/hadoop/conf/ReconfigurationException
2024-11-12 13:41:13,690 INFO  CreateClassResetClassAdapter - Creating brand-new static initializer in class org/apache/hadoop/conf/ReconfigurationException
2024-11-12 13:41:13,690 INFO  EvoClassLoader - Keeping class: org.apache.hadoop.conf.ReconfigurationException
2024-11-12 13:41:13,691 INFO  EvoClassLoader - Seeing class for first time: org.apache.hadoop.hdfs.server.namenode.ha.HAState
2024-11-12 13:41:13,691 INFO  EvoClassLoader - Instrumenting class 'org.apache.hadoop.hdfs.server.namenode.ha.HAState'.
2024-11-12 13:41:13,691 INFO  MethodCallReplacementClassAdapter - Adding mock interface to class org/apache/hadoop/hdfs/server/namenode/ha/HAState
2024-11-12 13:41:13,691 INFO  CreateClassResetClassAdapter - Creating brand-new static initializer in class org/apache/hadoop/hdfs/server/namenode/ha/HAState
2024-11-12 13:41:13,691 INFO  EvoClassLoader - Defined package (3): package org.apache.hadoop.hdfs.server.namenode.ha, -80410911
2024-11-12 13:41:13,691 INFO  EvoClassLoader - Keeping class: org.apache.hadoop.hdfs.server.namenode.ha.HAState
2024-11-12 13:41:13,691 INFO  EvoClassLoader - Seeing class for first time: org.apache.hadoop.hdfs.server.namenode.ha.ActiveState
2024-11-12 13:41:13,691 INFO  EvoClassLoader - Instrumenting class 'org.apache.hadoop.hdfs.server.namenode.ha.ActiveState'.
2024-11-12 13:41:13,691 INFO  MethodCallReplacementClassAdapter - Adding mock interface to class org/apache/hadoop/hdfs/server/namenode/ha/ActiveState
2024-11-12 13:41:13,691 INFO  CreateClassResetClassAdapter - Creating brand-new static initializer in class org/apache/hadoop/hdfs/server/namenode/ha/ActiveState
2024-11-12 13:41:13,691 INFO  EvoClassLoader - Keeping class: org.apache.hadoop.hdfs.server.namenode.ha.ActiveState
2024-11-12 13:41:13,691 INFO  EvoClassLoader - Seeing class for first time: org.apache.hadoop.hdfs.server.namenode.ha.StandbyState
2024-11-12 13:41:13,691 INFO  EvoClassLoader - Instrumenting class 'org.apache.hadoop.hdfs.server.namenode.ha.StandbyState'.
2024-11-12 13:41:13,691 INFO  MethodCallReplacementClassAdapter - Adding mock interface to class org/apache/hadoop/hdfs/server/namenode/ha/StandbyState
2024-11-12 13:41:13,692 INFO  CreateClassResetClassAdapter - Creating brand-new static initializer in class org/apache/hadoop/hdfs/server/namenode/ha/StandbyState
2024-11-12 13:41:13,692 INFO  EvoClassLoader - Keeping class: org.apache.hadoop.hdfs.server.namenode.ha.StandbyState
2024-11-12 13:41:13,692 INFO  EvoClassLoader - Seeing class for first time: org.apache.hadoop.hdfs.server.namenode.NameNodeFormatException
2024-11-12 13:41:13,692 INFO  EvoClassLoader - Instrumenting class 'org.apache.hadoop.hdfs.server.namenode.NameNodeFormatException'.
2024-11-12 13:41:13,692 INFO  MethodCallReplacementClassAdapter - Adding mock interface to class org/apache/hadoop/hdfs/server/namenode/NameNodeFormatException
2024-11-12 13:41:13,692 INFO  CreateClassResetClassAdapter - Creating brand-new static initializer in class org/apache/hadoop/hdfs/server/namenode/NameNodeFormatException
2024-11-12 13:41:13,692 INFO  EvoClassLoader - Keeping class: org.apache.hadoop.hdfs.server.namenode.NameNodeFormatException
2024-11-12 13:41:13,692 INFO  EvoClassLoader - Seeing class for first time: org.apache.hadoop.ha.ServiceFailedException
2024-11-12 13:41:13,692 INFO  EvoClassLoader - Instrumenting class 'org.apache.hadoop.ha.ServiceFailedException'.
2024-11-12 13:41:13,692 INFO  MethodCallReplacementClassAdapter - Adding mock interface to class org/apache/hadoop/ha/ServiceFailedException
2024-11-12 13:41:13,692 INFO  CreateClassResetClassAdapter - Creating brand-new static initializer in class org/apache/hadoop/ha/ServiceFailedException
2024-11-12 13:41:13,692 INFO  EvoClassLoader - Defined package (3): package org.apache.hadoop.ha, -40118132
2024-11-12 13:41:13,692 INFO  EvoClassLoader - Keeping class: org.apache.hadoop.ha.ServiceFailedException
2024-11-12 13:41:13,692 INFO  EvoClassLoader - Seeing class for first time: org.apache.hadoop.hdfs.server.protocol.NamenodeProtocols
2024-11-12 13:41:13,692 INFO  EvoClassLoader - Instrumenting class 'org.apache.hadoop.hdfs.server.protocol.NamenodeProtocols'.
2024-11-12 13:41:13,693 INFO  EvoClassLoader - Seeing class for first time: org.apache.hadoop.hdfs.protocol.ClientProtocol
2024-11-12 13:41:13,693 INFO  EvoClassLoader - Instrumenting class 'org.apache.hadoop.hdfs.protocol.ClientProtocol'.
2024-11-12 13:41:13,693 INFO  EvoClassLoader - Keeping class: org.apache.hadoop.hdfs.protocol.ClientProtocol
2024-11-12 13:41:13,693 INFO  EvoClassLoader - Seeing class for first time: org.apache.hadoop.hdfs.server.protocol.DatanodeProtocol
2024-11-12 13:41:13,693 INFO  EvoClassLoader - Instrumenting class 'org.apache.hadoop.hdfs.server.protocol.DatanodeProtocol'.
2024-11-12 13:41:13,693 INFO  EvoClassLoader - Keeping class: org.apache.hadoop.hdfs.server.protocol.DatanodeProtocol
2024-11-12 13:41:13,693 INFO  EvoClassLoader - Seeing class for first time: org.apache.hadoop.hdfs.server.protocol.DatanodeLifelineProtocol
2024-11-12 13:41:13,693 INFO  EvoClassLoader - Instrumenting class 'org.apache.hadoop.hdfs.server.protocol.DatanodeLifelineProtocol'.
2024-11-12 13:41:13,694 INFO  EvoClassLoader - Keeping class: org.apache.hadoop.hdfs.server.protocol.DatanodeLifelineProtocol
2024-11-12 13:41:13,694 INFO  EvoClassLoader - Seeing class for first time: org.apache.hadoop.hdfs.server.protocol.NamenodeProtocol
2024-11-12 13:41:13,694 INFO  EvoClassLoader - Instrumenting class 'org.apache.hadoop.hdfs.server.protocol.NamenodeProtocol'.
2024-11-12 13:41:13,694 INFO  EvoClassLoader - Keeping class: org.apache.hadoop.hdfs.server.protocol.NamenodeProtocol
2024-11-12 13:41:13,694 INFO  EvoClassLoader - Seeing class for first time: org.apache.hadoop.security.authorize.RefreshAuthorizationPolicyProtocol
2024-11-12 13:41:13,694 INFO  EvoClassLoader - Instrumenting class 'org.apache.hadoop.security.authorize.RefreshAuthorizationPolicyProtocol'.
2024-11-12 13:41:13,694 INFO  EvoClassLoader - Defined package (3): package org.apache.hadoop.security.authorize, 1538066510
2024-11-12 13:41:13,694 INFO  EvoClassLoader - Keeping class: org.apache.hadoop.security.authorize.RefreshAuthorizationPolicyProtocol
2024-11-12 13:41:13,694 INFO  EvoClassLoader - Seeing class for first time: org.apache.hadoop.security.RefreshUserMappingsProtocol
2024-11-12 13:41:13,694 INFO  EvoClassLoader - Instrumenting class 'org.apache.hadoop.security.RefreshUserMappingsProtocol'.
2024-11-12 13:41:13,695 INFO  EvoClassLoader - Keeping class: org.apache.hadoop.security.RefreshUserMappingsProtocol
2024-11-12 13:41:13,695 INFO  EvoClassLoader - Seeing class for first time: org.apache.hadoop.ipc.RefreshCallQueueProtocol
2024-11-12 13:41:13,695 INFO  EvoClassLoader - Instrumenting class 'org.apache.hadoop.ipc.RefreshCallQueueProtocol'.
2024-11-12 13:41:13,695 INFO  EvoClassLoader - Keeping class: org.apache.hadoop.ipc.RefreshCallQueueProtocol
2024-11-12 13:41:13,695 INFO  EvoClassLoader - Seeing class for first time: org.apache.hadoop.ipc.GenericRefreshProtocol
2024-11-12 13:41:13,695 INFO  EvoClassLoader - Instrumenting class 'org.apache.hadoop.ipc.GenericRefreshProtocol'.
2024-11-12 13:41:13,695 INFO  EvoClassLoader - Keeping class: org.apache.hadoop.ipc.GenericRefreshProtocol
2024-11-12 13:41:13,695 INFO  EvoClassLoader - Seeing class for first time: org.apache.hadoop.tools.GetUserMappingsProtocol
2024-11-12 13:41:13,695 INFO  EvoClassLoader - Instrumenting class 'org.apache.hadoop.tools.GetUserMappingsProtocol'.
2024-11-12 13:41:13,696 INFO  EvoClassLoader - Defined package (3): package org.apache.hadoop.tools, -1146752664
2024-11-12 13:41:13,696 INFO  EvoClassLoader - Keeping class: org.apache.hadoop.tools.GetUserMappingsProtocol
2024-11-12 13:41:13,696 INFO  EvoClassLoader - Seeing class for first time: org.apache.hadoop.ha.HAServiceProtocol
2024-11-12 13:41:13,696 INFO  EvoClassLoader - Instrumenting class 'org.apache.hadoop.ha.HAServiceProtocol'.
2024-11-12 13:41:13,696 INFO  EvoClassLoader - Keeping class: org.apache.hadoop.ha.HAServiceProtocol
2024-11-12 13:41:13,696 INFO  EvoClassLoader - Keeping class: org.apache.hadoop.hdfs.server.protocol.NamenodeProtocols
2024-11-12 13:41:13,696 INFO  EvoClassLoader - Seeing class for first time: org.apache.hadoop.ipc.Server$Call
2024-11-12 13:41:13,696 INFO  EvoClassLoader - Instrumenting class 'org.apache.hadoop.ipc.Server$Call'.
2024-11-12 13:41:13,697 INFO  MethodCallReplacementClassAdapter - Adding mock interface to class org/apache/hadoop/ipc/Server$Call
2024-11-12 13:41:13,697 INFO  CreateClassResetClassAdapter - Found static initializer in class org/apache/hadoop/ipc/Server$Call
2024-11-12 13:41:13,697 INFO  EvoClassLoader - Seeing class for first time: org.apache.hadoop.ipc.Schedulable
2024-11-12 13:41:13,697 INFO  EvoClassLoader - Instrumenting class 'org.apache.hadoop.ipc.Schedulable'.
2024-11-12 13:41:13,698 INFO  EvoClassLoader - Keeping class: org.apache.hadoop.ipc.Schedulable
2024-11-12 13:41:13,698 INFO  EvoClassLoader - Keeping class: org.apache.hadoop.ipc.Server$Call
2024-11-12 13:41:13,698 INFO  EvoClassLoader - Seeing class for first time: org.apache.hadoop.ipc.ExternalCall
2024-11-12 13:41:13,698 INFO  EvoClassLoader - Instrumenting class 'org.apache.hadoop.ipc.ExternalCall'.
2024-11-12 13:41:13,698 INFO  MethodCallReplacementClassAdapter - Adding mock interface to class org/apache/hadoop/ipc/ExternalCall
2024-11-12 13:41:13,699 INFO  CreateClassResetClassAdapter - Creating brand-new static initializer in class org/apache/hadoop/ipc/ExternalCall
2024-11-12 13:41:13,699 INFO  EvoClassLoader - Keeping class: org.apache.hadoop.ipc.ExternalCall
2024-11-12 13:41:13,699 INFO  EvoClassLoader - Seeing class for first time: org.apache.hadoop.hdfs.server.namenode.ha.HAContext
2024-11-12 13:41:13,699 INFO  EvoClassLoader - Instrumenting class 'org.apache.hadoop.hdfs.server.namenode.ha.HAContext'.
2024-11-12 13:41:13,700 INFO  EvoClassLoader - Keeping class: org.apache.hadoop.hdfs.server.namenode.ha.HAContext
2024-11-12 13:41:13,700 INFO  EvoClassLoader - Seeing class for first time: org.apache.hadoop.hdfs.server.namenode.BackupNode
2024-11-12 13:41:13,700 INFO  EvoClassLoader - Instrumenting class 'org.apache.hadoop.hdfs.server.namenode.BackupNode'.
2024-11-12 13:41:13,701 INFO  MethodCallReplacementClassAdapter - Adding mock interface to class org/apache/hadoop/hdfs/server/namenode/BackupNode
2024-11-12 13:41:13,702 INFO  CreateClassResetClassAdapter - Found static initializer in class org/apache/hadoop/hdfs/server/namenode/BackupNode
2024-11-12 13:41:13,702 INFO  EvoClassLoader - Keeping class: org.apache.hadoop.hdfs.server.namenode.BackupNode
2024-11-12 13:41:13,702 INFO  EvoClassLoader - Seeing class for first time: org.apache.hadoop.ha.HealthCheckFailedException
2024-11-12 13:41:13,702 INFO  EvoClassLoader - Instrumenting class 'org.apache.hadoop.ha.HealthCheckFailedException'.
2024-11-12 13:41:13,702 INFO  MethodCallReplacementClassAdapter - Adding mock interface to class org/apache/hadoop/ha/HealthCheckFailedException
2024-11-12 13:41:13,702 INFO  CreateClassResetClassAdapter - Creating brand-new static initializer in class org/apache/hadoop/ha/HealthCheckFailedException
2024-11-12 13:41:13,703 INFO  EvoClassLoader - Keeping class: org.apache.hadoop.ha.HealthCheckFailedException
2024-11-12 13:41:13,703 INFO  EvoClassLoader - Seeing class for first time: org.apache.commons.collections.map.UnmodifiableEntrySet
2024-11-12 13:41:13,703 INFO  EvoClassLoader - Instrumenting class 'org.apache.commons.collections.map.UnmodifiableEntrySet'.
2024-11-12 13:41:13,704 INFO  MethodCallReplacementClassAdapter - Adding mock interface to class org/apache/commons/collections/map/UnmodifiableEntrySet
2024-11-12 13:41:13,704 INFO  CreateClassResetClassAdapter - Creating brand-new static initializer in class org/apache/commons/collections/map/UnmodifiableEntrySet
2024-11-12 13:41:13,704 INFO  EvoClassLoader - Seeing class for first time: org.apache.commons.collections.set.AbstractSetDecorator
2024-11-12 13:41:13,704 INFO  EvoClassLoader - Instrumenting class 'org.apache.commons.collections.set.AbstractSetDecorator'.
2024-11-12 13:41:13,704 INFO  MethodCallReplacementClassAdapter - Adding mock interface to class org/apache/commons/collections/set/AbstractSetDecorator
2024-11-12 13:41:13,704 INFO  CreateClassResetClassAdapter - Creating brand-new static initializer in class org/apache/commons/collections/set/AbstractSetDecorator
2024-11-12 13:41:13,704 INFO  EvoClassLoader - Defined package (3): package org.apache.commons.collections.set, -1340431827
2024-11-12 13:41:13,704 INFO  EvoClassLoader - Seeing class for first time: org.apache.commons.collections.collection.AbstractCollectionDecorator
2024-11-12 13:41:13,704 INFO  EvoClassLoader - Instrumenting class 'org.apache.commons.collections.collection.AbstractCollectionDecorator'.
2024-11-12 13:41:13,705 INFO  MethodCallReplacementClassAdapter - Adding mock interface to class org/apache/commons/collections/collection/AbstractCollectionDecorator
2024-11-12 13:41:13,705 INFO  CreateClassResetClassAdapter - Creating brand-new static initializer in class org/apache/commons/collections/collection/AbstractCollectionDecorator
2024-11-12 13:41:13,705 INFO  EvoClassLoader - Defined package (3): package org.apache.commons.collections.collection, -372261261
2024-11-12 13:41:13,706 INFO  EvoClassLoader - Keeping class: org.apache.commons.collections.collection.AbstractCollectionDecorator
2024-11-12 13:41:13,706 INFO  EvoClassLoader - Keeping class: org.apache.commons.collections.set.AbstractSetDecorator
2024-11-12 13:41:13,706 INFO  EvoClassLoader - Keeping class: org.apache.commons.collections.map.UnmodifiableEntrySet
2024-11-12 13:41:13,706 INFO  EvoClassLoader - Seeing class for first time: org.apache.commons.collections.map.UnmodifiableEntrySet$UnmodifiableEntrySetIterator
2024-11-12 13:41:13,706 INFO  EvoClassLoader - Instrumenting class 'org.apache.commons.collections.map.UnmodifiableEntrySet$UnmodifiableEntrySetIterator'.
2024-11-12 13:41:13,706 INFO  MethodCallReplacementClassAdapter - Adding mock interface to class org/apache/commons/collections/map/UnmodifiableEntrySet$UnmodifiableEntrySetIterator
2024-11-12 13:41:13,706 INFO  CreateClassResetClassAdapter - Creating brand-new static initializer in class org/apache/commons/collections/map/UnmodifiableEntrySet$UnmodifiableEntrySetIterator
2024-11-12 13:41:13,706 INFO  EvoClassLoader - Seeing class for first time: org.apache.commons.collections.iterators.AbstractIteratorDecorator
2024-11-12 13:41:13,706 INFO  EvoClassLoader - Instrumenting class 'org.apache.commons.collections.iterators.AbstractIteratorDecorator'.
2024-11-12 13:41:13,707 INFO  MethodCallReplacementClassAdapter - Adding mock interface to class org/apache/commons/collections/iterators/AbstractIteratorDecorator
2024-11-12 13:41:13,707 INFO  CreateClassResetClassAdapter - Creating brand-new static initializer in class org/apache/commons/collections/iterators/AbstractIteratorDecorator
2024-11-12 13:41:13,707 INFO  EvoClassLoader - Defined package (3): package org.apache.commons.collections.iterators, -1397807280
2024-11-12 13:41:13,707 INFO  EvoClassLoader - Keeping class: org.apache.commons.collections.iterators.AbstractIteratorDecorator
2024-11-12 13:41:13,707 INFO  EvoClassLoader - Keeping class: org.apache.commons.collections.map.UnmodifiableEntrySet$UnmodifiableEntrySetIterator
2024-11-12 13:41:13,708 INFO  EvoClassLoader - Seeing class for first time: org.apache.commons.collections.map.UnmodifiableEntrySet$UnmodifiableEntry
2024-11-12 13:41:13,708 INFO  EvoClassLoader - Instrumenting class 'org.apache.commons.collections.map.UnmodifiableEntrySet$UnmodifiableEntry'.
2024-11-12 13:41:13,708 INFO  MethodCallReplacementClassAdapter - Adding mock interface to class org/apache/commons/collections/map/UnmodifiableEntrySet$UnmodifiableEntry
2024-11-12 13:41:13,708 INFO  CreateClassResetClassAdapter - Creating brand-new static initializer in class org/apache/commons/collections/map/UnmodifiableEntrySet$UnmodifiableEntry
2024-11-12 13:41:13,708 INFO  EvoClassLoader - Seeing class for first time: org.apache.commons.collections.keyvalue.AbstractMapEntryDecorator
2024-11-12 13:41:13,708 INFO  EvoClassLoader - Instrumenting class 'org.apache.commons.collections.keyvalue.AbstractMapEntryDecorator'.
2024-11-12 13:41:13,708 INFO  MethodCallReplacementClassAdapter - Adding mock interface to class org/apache/commons/collections/keyvalue/AbstractMapEntryDecorator
2024-11-12 13:41:13,709 INFO  CreateClassResetClassAdapter - Creating brand-new static initializer in class org/apache/commons/collections/keyvalue/AbstractMapEntryDecorator
2024-11-12 13:41:13,709 INFO  EvoClassLoader - Defined package (3): package org.apache.commons.collections.keyvalue, -567273593
2024-11-12 13:41:13,709 INFO  EvoClassLoader - Seeing class for first time: org.apache.commons.collections.KeyValue
2024-11-12 13:41:13,709 INFO  EvoClassLoader - Instrumenting class 'org.apache.commons.collections.KeyValue'.
2024-11-12 13:41:13,709 INFO  EvoClassLoader - Keeping class: org.apache.commons.collections.KeyValue
2024-11-12 13:41:13,709 INFO  EvoClassLoader - Keeping class: org.apache.commons.collections.keyvalue.AbstractMapEntryDecorator
2024-11-12 13:41:13,709 INFO  EvoClassLoader - Keeping class: org.apache.commons.collections.map.UnmodifiableEntrySet$UnmodifiableEntry
2024-11-12 13:41:13,710 INFO  EvoClassLoader - Seeing class for first time: org.apache.hadoop.hdfs.server.common.HdfsServerConstants$StartupOption
2024-11-12 13:41:13,710 INFO  EvoClassLoader - Instrumenting class 'org.apache.hadoop.hdfs.server.common.HdfsServerConstants$StartupOption'.
2024-11-12 13:41:13,710 INFO  MethodCallReplacementClassAdapter - Adding mock interface to class org/apache/hadoop/hdfs/server/common/HdfsServerConstants$StartupOption
2024-11-12 13:41:13,710 INFO  CreateClassResetClassAdapter - Found static initializer in class org/apache/hadoop/hdfs/server/common/HdfsServerConstants$StartupOption
2024-11-12 13:41:13,711 INFO  EvoClassLoader - Keeping class: org.apache.hadoop.hdfs.server.common.HdfsServerConstants$StartupOption
2024-11-12 13:41:13,711 INFO  EvoClassLoader - Seeing class for first time: org.apache.hadoop.hdfs.server.common.HdfsServerConstants$RollingUpgradeStartupOption
2024-11-12 13:41:13,711 INFO  EvoClassLoader - Instrumenting class 'org.apache.hadoop.hdfs.server.common.HdfsServerConstants$RollingUpgradeStartupOption'.
2024-11-12 13:41:13,712 INFO  MethodCallReplacementClassAdapter - Adding mock interface to class org/apache/hadoop/hdfs/server/common/HdfsServerConstants$RollingUpgradeStartupOption
2024-11-12 13:41:13,712 INFO  CreateClassResetClassAdapter - Found static initializer in class org/apache/hadoop/hdfs/server/common/HdfsServerConstants$RollingUpgradeStartupOption
2024-11-12 13:41:13,713 INFO  EvoClassLoader - Keeping class: org.apache.hadoop.hdfs.server.common.HdfsServerConstants$RollingUpgradeStartupOption
2024-11-12 13:41:13,713 INFO  EvoClassLoader - Seeing class for first time: org.apache.hadoop.util.StringUtils
2024-11-12 13:41:13,713 INFO  EvoClassLoader - Instrumenting class 'org.apache.hadoop.util.StringUtils'.
2024-11-12 13:41:13,713 INFO  MethodCallReplacementClassAdapter - Adding mock interface to class org/apache/hadoop/util/StringUtils
2024-11-12 13:41:13,715 INFO  CreateClassResetClassAdapter - Found static initializer in class org/apache/hadoop/util/StringUtils
2024-11-12 13:41:13,716 INFO  EvoClassLoader - Keeping class: org.apache.hadoop.util.StringUtils
2024-11-12 13:41:13,717 INFO  EvoClassLoader - Seeing class for first time: org.apache.hadoop.util.Shell
2024-11-12 13:41:13,717 INFO  EvoClassLoader - Instrumenting class 'org.apache.hadoop.util.Shell'.
2024-11-12 13:41:13,718 INFO  MethodCallReplacementClassAdapter - Adding mock interface to class org/apache/hadoop/util/Shell
2024-11-12 13:41:13,721 INFO  CreateClassResetClassAdapter - Found static initializer in class org/apache/hadoop/util/Shell
2024-11-12 13:41:13,722 INFO  EvoClassLoader - Keeping class: org.apache.hadoop.util.Shell
2024-11-12 13:41:13,723 INFO  EvoClassLoader - Seeing class for first time: org.apache.hadoop.util.Shell$ShellTimeoutTimerTask
2024-11-12 13:41:13,723 INFO  EvoClassLoader - Instrumenting class 'org.apache.hadoop.util.Shell$ShellTimeoutTimerTask'.
2024-11-12 13:41:13,723 INFO  MethodCallReplacementClassAdapter - Adding mock interface to class org/apache/hadoop/util/Shell$ShellTimeoutTimerTask
2024-11-12 13:41:13,723 INFO  CreateClassResetClassAdapter - Creating brand-new static initializer in class org/apache/hadoop/util/Shell$ShellTimeoutTimerTask
2024-11-12 13:41:13,724 INFO  EvoClassLoader - Keeping class: org.apache.hadoop.util.Shell$ShellTimeoutTimerTask
2024-11-12 13:41:13,724 INFO  EvoClassLoader - Seeing class for first time: org.apache.hadoop.util.Shell$1
2024-11-12 13:41:13,724 INFO  EvoClassLoader - Instrumenting class 'org.apache.hadoop.util.Shell$1'.
2024-11-12 13:41:13,724 INFO  MethodCallReplacementClassAdapter - Adding mock interface to class org/apache/hadoop/util/Shell$1
2024-11-12 13:41:13,724 INFO  EvoClassLoader - Keeping class: org.apache.hadoop.util.Shell$1
2024-11-12 13:41:13,724 INFO  EvoClassLoader - Seeing class for first time: org.apache.hadoop.util.Shell$ExitCodeException
2024-11-12 13:41:13,724 INFO  EvoClassLoader - Instrumenting class 'org.apache.hadoop.util.Shell$ExitCodeException'.
2024-11-12 13:41:13,725 INFO  MethodCallReplacementClassAdapter - Adding mock interface to class org/apache/hadoop/util/Shell$ExitCodeException
2024-11-12 13:41:13,725 INFO  CreateClassResetClassAdapter - Creating brand-new static initializer in class org/apache/hadoop/util/Shell$ExitCodeException
2024-11-12 13:41:13,725 INFO  EvoClassLoader - Keeping class: org.apache.hadoop.util.Shell$ExitCodeException
2024-11-12 13:41:13,725 INFO  EvoClassLoader - Seeing class for first time: org.apache.hadoop.util.Shell$OSType
2024-11-12 13:41:13,725 INFO  EvoClassLoader - Instrumenting class 'org.apache.hadoop.util.Shell$OSType'.
2024-11-12 13:41:13,725 INFO  MethodCallReplacementClassAdapter - Adding mock interface to class org/apache/hadoop/util/Shell$OSType
2024-11-12 13:41:13,726 INFO  CreateClassResetClassAdapter - Found static initializer in class org/apache/hadoop/util/Shell$OSType
2024-11-12 13:41:13,726 INFO  EvoClassLoader - Keeping class: org.apache.hadoop.util.Shell$OSType
2024-11-12 13:41:13,726 INFO  EvoClassLoader - Seeing class for first time: org.apache.hadoop.util.Shell$ShellCommandExecutor
2024-11-12 13:41:13,726 INFO  EvoClassLoader - Instrumenting class 'org.apache.hadoop.util.Shell$ShellCommandExecutor'.
2024-11-12 13:41:13,726 INFO  MethodCallReplacementClassAdapter - Adding mock interface to class org/apache/hadoop/util/Shell$ShellCommandExecutor
2024-11-12 13:41:13,727 INFO  CreateClassResetClassAdapter - Creating brand-new static initializer in class org/apache/hadoop/util/Shell$ShellCommandExecutor
2024-11-12 13:41:13,727 INFO  EvoClassLoader - Seeing class for first time: org.apache.hadoop.util.Shell$CommandExecutor
2024-11-12 13:41:13,727 INFO  EvoClassLoader - Instrumenting class 'org.apache.hadoop.util.Shell$CommandExecutor'.
2024-11-12 13:41:13,727 INFO  EvoClassLoader - Keeping class: org.apache.hadoop.util.Shell$CommandExecutor
2024-11-12 13:41:13,728 INFO  EvoClassLoader - Keeping class: org.apache.hadoop.util.Shell$ShellCommandExecutor
2024-11-12 13:41:13,728 INFO  EvoClassLoader - Seeing class for first time: org.apache.hadoop.util.Time
2024-11-12 13:41:13,728 INFO  EvoClassLoader - Instrumenting class 'org.apache.hadoop.util.Time'.
2024-11-12 13:41:13,728 INFO  MethodCallReplacementClassAdapter - Adding mock interface to class org/apache/hadoop/util/Time
2024-11-12 13:41:13,728 INFO  CreateClassResetClassAdapter - Found static initializer in class org/apache/hadoop/util/Time
2024-11-12 13:41:13,728 INFO  EvoClassLoader - Keeping class: org.apache.hadoop.util.Time
2024-11-12 13:41:13,728 INFO  EvoClassLoader - Seeing class for first time: org.apache.hadoop.util.Time$1
2024-11-12 13:41:13,728 INFO  EvoClassLoader - Instrumenting class 'org.apache.hadoop.util.Time$1'.
2024-11-12 13:41:13,729 INFO  MethodCallReplacementClassAdapter - Adding mock interface to class org/apache/hadoop/util/Time$1
2024-11-12 13:41:13,729 INFO  EvoClassLoader - Keeping class: org.apache.hadoop.util.Time$1
2024-11-12 13:41:13,730 INFO  EvoClassLoader - Seeing class for first time: org.apache.hadoop.ha.HAServiceProtocol$HAServiceState
2024-11-12 13:41:13,730 INFO  EvoClassLoader - Instrumenting class 'org.apache.hadoop.ha.HAServiceProtocol$HAServiceState'.
2024-11-12 13:41:13,730 INFO  MethodCallReplacementClassAdapter - Adding mock interface to class org/apache/hadoop/ha/HAServiceProtocol$HAServiceState
2024-11-12 13:41:13,730 INFO  CreateClassResetClassAdapter - Found static initializer in class org/apache/hadoop/ha/HAServiceProtocol$HAServiceState
2024-11-12 13:41:13,731 INFO  EvoClassLoader - Keeping class: org.apache.hadoop.ha.HAServiceProtocol$HAServiceState
2024-11-12 13:41:13,731 INFO  EvoClassLoader - Seeing class for first time: org.apache.hadoop.hdfs.server.namenode.startupprogress.StartupProgress
2024-11-12 13:41:13,731 INFO  EvoClassLoader - Instrumenting class 'org.apache.hadoop.hdfs.server.namenode.startupprogress.StartupProgress'.
2024-11-12 13:41:13,731 INFO  MethodCallReplacementClassAdapter - Adding mock interface to class org/apache/hadoop/hdfs/server/namenode/startupprogress/StartupProgress
2024-11-12 13:41:13,731 INFO  CreateClassResetClassAdapter - Creating brand-new static initializer in class org/apache/hadoop/hdfs/server/namenode/startupprogress/StartupProgress
2024-11-12 13:41:13,732 INFO  EvoClassLoader - Keeping class: org.apache.hadoop.hdfs.server.namenode.startupprogress.StartupProgress
2024-11-12 13:41:13,732 INFO  EvoClassLoader - Seeing class for first time: org.apache.hadoop.hdfs.server.namenode.startupprogress.StartupProgress$Counter
2024-11-12 13:41:13,732 INFO  EvoClassLoader - Instrumenting class 'org.apache.hadoop.hdfs.server.namenode.startupprogress.StartupProgress$Counter'.
2024-11-12 13:41:13,732 INFO  EvoClassLoader - Keeping class: org.apache.hadoop.hdfs.server.namenode.startupprogress.StartupProgress$Counter
2024-11-12 13:41:13,733 INFO  EvoClassLoader - Seeing class for first time: org.apache.hadoop.hdfs.server.namenode.startupprogress.Phase
2024-11-12 13:41:13,733 INFO  EvoClassLoader - Instrumenting class 'org.apache.hadoop.hdfs.server.namenode.startupprogress.Phase'.
2024-11-12 13:41:13,733 INFO  MethodCallReplacementClassAdapter - Adding mock interface to class org/apache/hadoop/hdfs/server/namenode/startupprogress/Phase
2024-11-12 13:41:13,733 INFO  CreateClassResetClassAdapter - Found static initializer in class org/apache/hadoop/hdfs/server/namenode/startupprogress/Phase
2024-11-12 13:41:13,733 INFO  EvoClassLoader - Keeping class: org.apache.hadoop.hdfs.server.namenode.startupprogress.Phase
2024-11-12 13:41:13,733 INFO  EvoClassLoader - Seeing class for first time: org.apache.hadoop.hdfs.server.namenode.startupprogress.PhaseTracking
2024-11-12 13:41:13,733 INFO  EvoClassLoader - Instrumenting class 'org.apache.hadoop.hdfs.server.namenode.startupprogress.PhaseTracking'.
2024-11-12 13:41:13,734 INFO  MethodCallReplacementClassAdapter - Adding mock interface to class org/apache/hadoop/hdfs/server/namenode/startupprogress/PhaseTracking
2024-11-12 13:41:13,734 INFO  CreateClassResetClassAdapter - Creating brand-new static initializer in class org/apache/hadoop/hdfs/server/namenode/startupprogress/PhaseTracking
2024-11-12 13:41:13,734 INFO  EvoClassLoader - Seeing class for first time: org.apache.hadoop.hdfs.server.namenode.startupprogress.AbstractTracking
2024-11-12 13:41:13,734 INFO  EvoClassLoader - Instrumenting class 'org.apache.hadoop.hdfs.server.namenode.startupprogress.AbstractTracking'.
2024-11-12 13:41:13,734 INFO  MethodCallReplacementClassAdapter - Adding mock interface to class org/apache/hadoop/hdfs/server/namenode/startupprogress/AbstractTracking
2024-11-12 13:41:13,734 INFO  CreateClassResetClassAdapter - Creating brand-new static initializer in class org/apache/hadoop/hdfs/server/namenode/startupprogress/AbstractTracking
2024-11-12 13:41:13,734 INFO  EvoClassLoader - Keeping class: org.apache.hadoop.hdfs.server.namenode.startupprogress.AbstractTracking
2024-11-12 13:41:13,734 INFO  EvoClassLoader - Keeping class: org.apache.hadoop.hdfs.server.namenode.startupprogress.PhaseTracking
2024-11-12 13:41:13,734 INFO  EvoClassLoader - Seeing class for first time: org.apache.hadoop.hdfs.server.protocol.StorageReport
2024-11-12 13:41:13,734 INFO  EvoClassLoader - Instrumenting class 'org.apache.hadoop.hdfs.server.protocol.StorageReport'.
2024-11-12 13:41:13,734 INFO  MethodCallReplacementClassAdapter - Adding mock interface to class org/apache/hadoop/hdfs/server/protocol/StorageReport
2024-11-12 13:41:13,734 INFO  CreateClassResetClassAdapter - Found static initializer in class org/apache/hadoop/hdfs/server/protocol/StorageReport
2024-11-12 13:41:13,734 INFO  EvoClassLoader - Keeping class: org.apache.hadoop.hdfs.server.protocol.StorageReport
2024-11-12 13:41:13,735 INFO  EvoClassLoader - Seeing class for first time: org.apache.hadoop.thirdparty.com.google.common.base.Converter
2024-11-12 13:41:13,735 INFO  EvoClassLoader - Instrumenting class 'org.apache.hadoop.thirdparty.com.google.common.base.Converter'.
2024-11-12 13:41:13,735 INFO  MethodCallReplacementClassAdapter - Adding mock interface to class org/apache/hadoop/thirdparty/com/google/common/base/Converter
2024-11-12 13:41:13,735 INFO  CreateClassResetClassAdapter - Creating brand-new static initializer in class org/apache/hadoop/thirdparty/com/google/common/base/Converter
2024-11-12 13:41:13,735 INFO  EvoClassLoader - Keeping class: org.apache.hadoop.thirdparty.com.google.common.base.Converter
2024-11-12 13:41:13,735 INFO  EvoClassLoader - Seeing class for first time: org.apache.hadoop.thirdparty.com.google.common.base.Converter$FunctionBasedConverter
2024-11-12 13:41:13,735 INFO  EvoClassLoader - Instrumenting class 'org.apache.hadoop.thirdparty.com.google.common.base.Converter$FunctionBasedConverter'.
2024-11-12 13:41:13,736 INFO  MethodCallReplacementClassAdapter - Adding mock interface to class org/apache/hadoop/thirdparty/com/google/common/base/Converter$FunctionBasedConverter
2024-11-12 13:41:13,736 INFO  CreateClassResetClassAdapter - Creating brand-new static initializer in class org/apache/hadoop/thirdparty/com/google/common/base/Converter$FunctionBasedConverter
2024-11-12 13:41:13,736 INFO  EvoClassLoader - Keeping class: org.apache.hadoop.thirdparty.com.google.common.base.Converter$FunctionBasedConverter
2024-11-12 13:41:13,736 INFO  EvoClassLoader - Seeing class for first time: org.apache.hadoop.thirdparty.com.google.common.base.Converter$IdentityConverter
2024-11-12 13:41:13,736 INFO  EvoClassLoader - Instrumenting class 'org.apache.hadoop.thirdparty.com.google.common.base.Converter$IdentityConverter'.
2024-11-12 13:41:13,736 INFO  MethodCallReplacementClassAdapter - Adding mock interface to class org/apache/hadoop/thirdparty/com/google/common/base/Converter$IdentityConverter
2024-11-12 13:41:13,736 INFO  CreateClassResetClassAdapter - Found static initializer in class org/apache/hadoop/thirdparty/com/google/common/base/Converter$IdentityConverter
2024-11-12 13:41:13,736 INFO  EvoClassLoader - Keeping class: org.apache.hadoop.thirdparty.com.google.common.base.Converter$IdentityConverter
2024-11-12 13:41:13,736 INFO  EvoClassLoader - Seeing class for first time: org.apache.hadoop.thirdparty.com.google.common.base.Converter$ReverseConverter
2024-11-12 13:41:13,736 INFO  EvoClassLoader - Instrumenting class 'org.apache.hadoop.thirdparty.com.google.common.base.Converter$ReverseConverter'.
2024-11-12 13:41:13,736 INFO  MethodCallReplacementClassAdapter - Adding mock interface to class org/apache/hadoop/thirdparty/com/google/common/base/Converter$ReverseConverter
2024-11-12 13:41:13,736 INFO  CreateClassResetClassAdapter - Creating brand-new static initializer in class org/apache/hadoop/thirdparty/com/google/common/base/Converter$ReverseConverter
2024-11-12 13:41:13,736 INFO  EvoClassLoader - Keeping class: org.apache.hadoop.thirdparty.com.google.common.base.Converter$ReverseConverter
2024-11-12 13:41:13,736 INFO  EvoClassLoader - Seeing class for first time: org.apache.hadoop.thirdparty.com.google.common.base.Converter$ConverterComposition
2024-11-12 13:41:13,736 INFO  EvoClassLoader - Instrumenting class 'org.apache.hadoop.thirdparty.com.google.common.base.Converter$ConverterComposition'.
2024-11-12 13:41:13,737 INFO  MethodCallReplacementClassAdapter - Adding mock interface to class org/apache/hadoop/thirdparty/com/google/common/base/Converter$ConverterComposition
2024-11-12 13:41:13,737 INFO  CreateClassResetClassAdapter - Creating brand-new static initializer in class org/apache/hadoop/thirdparty/com/google/common/base/Converter$ConverterComposition
2024-11-12 13:41:13,737 INFO  EvoClassLoader - Keeping class: org.apache.hadoop.thirdparty.com.google.common.base.Converter$ConverterComposition
2024-11-12 13:41:13,737 INFO  EvoClassLoader - Seeing class for first time: org.apache.hadoop.hdfs.protocol.LocatedBlocks
2024-11-12 13:41:13,737 INFO  EvoClassLoader - Instrumenting class 'org.apache.hadoop.hdfs.protocol.LocatedBlocks'.
2024-11-12 13:41:13,737 INFO  MethodCallReplacementClassAdapter - Adding mock interface to class org/apache/hadoop/hdfs/protocol/LocatedBlocks
2024-11-12 13:41:13,737 INFO  CreateClassResetClassAdapter - Found static initializer in class org/apache/hadoop/hdfs/protocol/LocatedBlocks
2024-11-12 13:41:13,737 INFO  EvoClassLoader - Keeping class: org.apache.hadoop.hdfs.protocol.LocatedBlocks
2024-11-12 13:41:13,737 INFO  EvoClassLoader - Seeing class for first time: org.apache.hadoop.hdfs.util.EnumCounters
2024-11-12 13:41:13,737 INFO  EvoClassLoader - Instrumenting class 'org.apache.hadoop.hdfs.util.EnumCounters'.
2024-11-12 13:41:13,738 INFO  MethodCallReplacementClassAdapter - Adding mock interface to class org/apache/hadoop/hdfs/util/EnumCounters
2024-11-12 13:41:13,738 INFO  CreateClassResetClassAdapter - Creating brand-new static initializer in class org/apache/hadoop/hdfs/util/EnumCounters
2024-11-12 13:41:13,738 INFO  EvoClassLoader - Keeping class: org.apache.hadoop.hdfs.util.EnumCounters
2024-11-12 13:41:13,738 INFO  EvoClassLoader - Seeing class for first time: org.apache.hadoop.hdfs.server.namenode.FSNamesystem$RecoverLeaseOp
2024-11-12 13:41:13,738 INFO  EvoClassLoader - Instrumenting class 'org.apache.hadoop.hdfs.server.namenode.FSNamesystem$RecoverLeaseOp'.
2024-11-12 13:41:13,738 INFO  MethodCallReplacementClassAdapter - Adding mock interface to class org/apache/hadoop/hdfs/server/namenode/FSNamesystem$RecoverLeaseOp
2024-11-12 13:41:13,738 INFO  CreateClassResetClassAdapter - Found static initializer in class org/apache/hadoop/hdfs/server/namenode/FSNamesystem$RecoverLeaseOp
2024-11-12 13:41:13,738 INFO  EvoClassLoader - Keeping class: org.apache.hadoop.hdfs.server.namenode.FSNamesystem$RecoverLeaseOp
2024-11-12 13:41:13,739 INFO  EvoClassLoader - Seeing class for first time: org.apache.hadoop.hdfs.server.namenode.INodeReference$WithCount
2024-11-12 13:41:13,739 INFO  EvoClassLoader - Instrumenting class 'org.apache.hadoop.hdfs.server.namenode.INodeReference$WithCount'.
2024-11-12 13:41:13,739 INFO  MethodCallReplacementClassAdapter - Adding mock interface to class org/apache/hadoop/hdfs/server/namenode/INodeReference$WithCount
2024-11-12 13:41:13,739 INFO  CreateClassResetClassAdapter - Found static initializer in class org/apache/hadoop/hdfs/server/namenode/INodeReference$WithCount
2024-11-12 13:41:13,739 INFO  EvoClassLoader - Keeping class: org.apache.hadoop.hdfs.server.namenode.INodeReference$WithCount
2024-11-12 13:41:13,739 INFO  EvoClassLoader - Seeing class for first time: org.apache.hadoop.conf.StorageUnit
2024-11-12 13:41:13,739 INFO  EvoClassLoader - Instrumenting class 'org.apache.hadoop.conf.StorageUnit'.
2024-11-12 13:41:13,739 INFO  MethodCallReplacementClassAdapter - Adding mock interface to class org/apache/hadoop/conf/StorageUnit
2024-11-12 13:41:13,739 INFO  CreateClassResetClassAdapter - Found static initializer in class org/apache/hadoop/conf/StorageUnit
2024-11-12 13:41:13,739 INFO  EvoClassLoader - Keeping class: org.apache.hadoop.conf.StorageUnit
2024-11-12 13:41:13,739 INFO  EvoClassLoader - Seeing class for first time: org.apache.hadoop.conf.StorageUnit$1
2024-11-12 13:41:13,739 INFO  EvoClassLoader - Instrumenting class 'org.apache.hadoop.conf.StorageUnit$1'.
2024-11-12 13:41:13,740 INFO  MethodCallReplacementClassAdapter - Adding mock interface to class org/apache/hadoop/conf/StorageUnit$1
2024-11-12 13:41:13,740 INFO  EvoClassLoader - Keeping class: org.apache.hadoop.conf.StorageUnit$1
2024-11-12 13:41:13,740 INFO  EvoClassLoader - Seeing class for first time: org.apache.hadoop.conf.StorageUnit$2
2024-11-12 13:41:13,740 INFO  EvoClassLoader - Instrumenting class 'org.apache.hadoop.conf.StorageUnit$2'.
2024-11-12 13:41:13,740 INFO  MethodCallReplacementClassAdapter - Adding mock interface to class org/apache/hadoop/conf/StorageUnit$2
2024-11-12 13:41:13,740 INFO  EvoClassLoader - Keeping class: org.apache.hadoop.conf.StorageUnit$2
2024-11-12 13:41:13,740 INFO  EvoClassLoader - Seeing class for first time: org.apache.hadoop.conf.StorageUnit$3
2024-11-12 13:41:13,740 INFO  EvoClassLoader - Instrumenting class 'org.apache.hadoop.conf.StorageUnit$3'.
2024-11-12 13:41:13,740 INFO  MethodCallReplacementClassAdapter - Adding mock interface to class org/apache/hadoop/conf/StorageUnit$3
2024-11-12 13:41:13,740 INFO  EvoClassLoader - Keeping class: org.apache.hadoop.conf.StorageUnit$3
2024-11-12 13:41:13,740 INFO  EvoClassLoader - Seeing class for first time: org.apache.hadoop.conf.StorageUnit$4
2024-11-12 13:41:13,740 INFO  EvoClassLoader - Instrumenting class 'org.apache.hadoop.conf.StorageUnit$4'.
2024-11-12 13:41:13,740 INFO  MethodCallReplacementClassAdapter - Adding mock interface to class org/apache/hadoop/conf/StorageUnit$4
2024-11-12 13:41:13,740 INFO  EvoClassLoader - Keeping class: org.apache.hadoop.conf.StorageUnit$4
2024-11-12 13:41:13,740 INFO  EvoClassLoader - Seeing class for first time: org.apache.hadoop.conf.StorageUnit$5
2024-11-12 13:41:13,740 INFO  EvoClassLoader - Instrumenting class 'org.apache.hadoop.conf.StorageUnit$5'.
2024-11-12 13:41:13,741 INFO  MethodCallReplacementClassAdapter - Adding mock interface to class org/apache/hadoop/conf/StorageUnit$5
2024-11-12 13:41:13,741 INFO  EvoClassLoader - Keeping class: org.apache.hadoop.conf.StorageUnit$5
2024-11-12 13:41:13,741 INFO  EvoClassLoader - Seeing class for first time: org.apache.hadoop.conf.StorageUnit$6
2024-11-12 13:41:13,741 INFO  EvoClassLoader - Instrumenting class 'org.apache.hadoop.conf.StorageUnit$6'.
2024-11-12 13:41:13,741 INFO  MethodCallReplacementClassAdapter - Adding mock interface to class org/apache/hadoop/conf/StorageUnit$6
2024-11-12 13:41:13,741 INFO  EvoClassLoader - Keeping class: org.apache.hadoop.conf.StorageUnit$6
2024-11-12 13:41:13,741 INFO  EvoClassLoader - Seeing class for first time: org.apache.hadoop.conf.StorageUnit$7
2024-11-12 13:41:13,741 INFO  EvoClassLoader - Instrumenting class 'org.apache.hadoop.conf.StorageUnit$7'.
2024-11-12 13:41:13,741 INFO  MethodCallReplacementClassAdapter - Adding mock interface to class org/apache/hadoop/conf/StorageUnit$7
2024-11-12 13:41:13,741 INFO  EvoClassLoader - Keeping class: org.apache.hadoop.conf.StorageUnit$7
2024-11-12 13:41:13,741 INFO  EvoClassLoader - Seeing class for first time: org.apache.hadoop.hdfs.server.namenode.Content
2024-11-12 13:41:13,741 INFO  EvoClassLoader - Instrumenting class 'org.apache.hadoop.hdfs.server.namenode.Content'.
2024-11-12 13:41:13,741 INFO  MethodCallReplacementClassAdapter - Adding mock interface to class org/apache/hadoop/hdfs/server/namenode/Content
2024-11-12 13:41:13,741 INFO  CreateClassResetClassAdapter - Found static initializer in class org/apache/hadoop/hdfs/server/namenode/Content
2024-11-12 13:41:13,741 INFO  EvoClassLoader - Keeping class: org.apache.hadoop.hdfs.server.namenode.Content
2024-11-12 13:41:13,742 INFO  EvoClassLoader - Seeing class for first time: org.apache.hadoop.fs.FsServerDefaults
2024-11-12 13:41:13,742 INFO  EvoClassLoader - Instrumenting class 'org.apache.hadoop.fs.FsServerDefaults'.
2024-11-12 13:41:13,742 INFO  MethodCallReplacementClassAdapter - Adding mock interface to class org/apache/hadoop/fs/FsServerDefaults
2024-11-12 13:41:13,742 INFO  CreateClassResetClassAdapter - Found static initializer in class org/apache/hadoop/fs/FsServerDefaults
2024-11-12 13:41:13,742 INFO  EvoClassLoader - Keeping class: org.apache.hadoop.fs.FsServerDefaults
2024-11-12 13:41:13,742 INFO  EvoClassLoader - Seeing class for first time: org.apache.hadoop.util.DataChecksum$Type
2024-11-12 13:41:13,742 INFO  EvoClassLoader - Instrumenting class 'org.apache.hadoop.util.DataChecksum$Type'.
2024-11-12 13:41:13,742 INFO  MethodCallReplacementClassAdapter - Adding mock interface to class org/apache/hadoop/util/DataChecksum$Type
2024-11-12 13:41:13,743 INFO  CreateClassResetClassAdapter - Found static initializer in class org/apache/hadoop/util/DataChecksum$Type
2024-11-12 13:41:13,743 INFO  EvoClassLoader - Keeping class: org.apache.hadoop.util.DataChecksum$Type
2024-11-12 13:41:13,743 INFO  EvoClassLoader - Seeing class for first time: org.apache.hadoop.fs.FsServerDefaults$1
2024-11-12 13:41:13,743 INFO  EvoClassLoader - Instrumenting class 'org.apache.hadoop.fs.FsServerDefaults$1'.
2024-11-12 13:41:13,743 INFO  MethodCallReplacementClassAdapter - Adding mock interface to class org/apache/hadoop/fs/FsServerDefaults$1
2024-11-12 13:41:13,743 INFO  EvoClassLoader - Keeping class: org.apache.hadoop.fs.FsServerDefaults$1
2024-11-12 13:41:13,744 INFO  EvoClassLoader - Seeing class for first time: org.apache.hadoop.hdfs.protocol.SnapshotDiffReportListing
2024-11-12 13:41:13,744 INFO  EvoClassLoader - Instrumenting class 'org.apache.hadoop.hdfs.protocol.SnapshotDiffReportListing'.
2024-11-12 13:41:13,744 INFO  MethodCallReplacementClassAdapter - Adding mock interface to class org/apache/hadoop/hdfs/protocol/SnapshotDiffReportListing
2024-11-12 13:41:13,744 INFO  CreateClassResetClassAdapter - Creating brand-new static initializer in class org/apache/hadoop/hdfs/protocol/SnapshotDiffReportListing
2024-11-12 13:41:13,744 INFO  EvoClassLoader - Keeping class: org.apache.hadoop.hdfs.protocol.SnapshotDiffReportListing
2024-11-12 13:41:13,745 INFO  EvoClassLoader - Seeing class for first time: org.apache.hadoop.fs.StorageType
2024-11-12 13:41:13,745 INFO  EvoClassLoader - Instrumenting class 'org.apache.hadoop.fs.StorageType'.
2024-11-12 13:41:13,745 INFO  MethodCallReplacementClassAdapter - Adding mock interface to class org/apache/hadoop/fs/StorageType
2024-11-12 13:41:13,745 INFO  CreateClassResetClassAdapter - Found static initializer in class org/apache/hadoop/fs/StorageType
2024-11-12 13:41:13,745 INFO  EvoClassLoader - Keeping class: org.apache.hadoop.fs.StorageType
2024-11-12 13:41:13,746 INFO  EvoClassLoader - Seeing class for first time: org.apache.hadoop.thirdparty.protobuf.ByteString
2024-11-12 13:41:13,746 INFO  EvoClassLoader - Instrumenting class 'org.apache.hadoop.thirdparty.protobuf.ByteString'.
2024-11-12 13:41:13,746 INFO  MethodCallReplacementClassAdapter - Adding mock interface to class org/apache/hadoop/thirdparty/protobuf/ByteString
2024-11-12 13:41:13,747 INFO  CreateClassResetClassAdapter - Found static initializer in class org/apache/hadoop/thirdparty/protobuf/ByteString
2024-11-12 13:41:13,748 INFO  EvoClassLoader - Keeping class: org.apache.hadoop.thirdparty.protobuf.ByteString
2024-11-12 13:41:13,748 INFO  EvoClassLoader - Seeing class for first time: org.apache.hadoop.thirdparty.protobuf.ByteString$LiteralByteString
2024-11-12 13:41:13,748 INFO  EvoClassLoader - Instrumenting class 'org.apache.hadoop.thirdparty.protobuf.ByteString$LiteralByteString'.
2024-11-12 13:41:13,748 INFO  MethodCallReplacementClassAdapter - Adding mock interface to class org/apache/hadoop/thirdparty/protobuf/ByteString$LiteralByteString
2024-11-12 13:41:13,750 INFO  CreateClassResetClassAdapter - Creating brand-new static initializer in class org/apache/hadoop/thirdparty/protobuf/ByteString$LiteralByteString
2024-11-12 13:41:13,750 INFO  EvoClassLoader - Seeing class for first time: org.apache.hadoop.thirdparty.protobuf.ByteString$LeafByteString
2024-11-12 13:41:13,750 INFO  EvoClassLoader - Instrumenting class 'org.apache.hadoop.thirdparty.protobuf.ByteString$LeafByteString'.
2024-11-12 13:41:13,751 INFO  MethodCallReplacementClassAdapter - Adding mock interface to class org/apache/hadoop/thirdparty/protobuf/ByteString$LeafByteString
2024-11-12 13:41:13,751 INFO  CreateClassResetClassAdapter - Creating brand-new static initializer in class org/apache/hadoop/thirdparty/protobuf/ByteString$LeafByteString
2024-11-12 13:41:13,751 INFO  EvoClassLoader - Keeping class: org.apache.hadoop.thirdparty.protobuf.ByteString$LeafByteString
2024-11-12 13:41:13,751 INFO  EvoClassLoader - Keeping class: org.apache.hadoop.thirdparty.protobuf.ByteString$LiteralByteString
2024-11-12 13:41:13,751 INFO  EvoClassLoader - Seeing class for first time: org.apache.hadoop.thirdparty.protobuf.ByteString$ByteArrayCopier
2024-11-12 13:41:13,751 INFO  EvoClassLoader - Instrumenting class 'org.apache.hadoop.thirdparty.protobuf.ByteString$ByteArrayCopier'.
2024-11-12 13:41:13,751 INFO  EvoClassLoader - Keeping class: org.apache.hadoop.thirdparty.protobuf.ByteString$ByteArrayCopier
2024-11-12 13:41:13,752 INFO  EvoClassLoader - Seeing class for first time: org.apache.hadoop.thirdparty.protobuf.ByteString$ByteIterator
2024-11-12 13:41:13,752 INFO  EvoClassLoader - Instrumenting class 'org.apache.hadoop.thirdparty.protobuf.ByteString$ByteIterator'.
2024-11-12 13:41:13,752 INFO  EvoClassLoader - Keeping class: org.apache.hadoop.thirdparty.protobuf.ByteString$ByteIterator
2024-11-12 13:41:13,752 INFO  EvoClassLoader - Seeing class for first time: org.apache.hadoop.thirdparty.protobuf.NioByteString
2024-11-12 13:41:13,752 INFO  EvoClassLoader - Instrumenting class 'org.apache.hadoop.thirdparty.protobuf.NioByteString'.
2024-11-12 13:41:13,752 INFO  MethodCallReplacementClassAdapter - Adding mock interface to class org/apache/hadoop/thirdparty/protobuf/NioByteString
2024-11-12 13:41:13,754 INFO  CreateClassResetClassAdapter - Creating brand-new static initializer in class org/apache/hadoop/thirdparty/protobuf/NioByteString
2024-11-12 13:41:13,754 INFO  EvoClassLoader - Keeping class: org.apache.hadoop.thirdparty.protobuf.NioByteString
2024-11-12 13:41:13,754 INFO  EvoClassLoader - Seeing class for first time: org.apache.hadoop.thirdparty.protobuf.ByteString$BoundedByteString
2024-11-12 13:41:13,754 INFO  EvoClassLoader - Instrumenting class 'org.apache.hadoop.thirdparty.protobuf.ByteString$BoundedByteString'.
2024-11-12 13:41:13,754 INFO  MethodCallReplacementClassAdapter - Adding mock interface to class org/apache/hadoop/thirdparty/protobuf/ByteString$BoundedByteString
2024-11-12 13:41:13,755 INFO  CreateClassResetClassAdapter - Creating brand-new static initializer in class org/apache/hadoop/thirdparty/protobuf/ByteString$BoundedByteString
2024-11-12 13:41:13,755 INFO  EvoClassLoader - Keeping class: org.apache.hadoop.thirdparty.protobuf.ByteString$BoundedByteString
2024-11-12 13:41:13,755 INFO  EvoClassLoader - Seeing class for first time: org.apache.hadoop.thirdparty.protobuf.Internal
2024-11-12 13:41:13,755 INFO  EvoClassLoader - Instrumenting class 'org.apache.hadoop.thirdparty.protobuf.Internal'.
2024-11-12 13:41:13,756 INFO  MethodCallReplacementClassAdapter - Adding mock interface to class org/apache/hadoop/thirdparty/protobuf/Internal
2024-11-12 13:41:13,758 INFO  CreateClassResetClassAdapter - Found static initializer in class org/apache/hadoop/thirdparty/protobuf/Internal
2024-11-12 13:41:13,758 INFO  EvoClassLoader - Keeping class: org.apache.hadoop.thirdparty.protobuf.Internal
2024-11-12 13:41:13,759 INFO  EvoClassLoader - Seeing class for first time: org.apache.hadoop.thirdparty.protobuf.CodedInputStream
2024-11-12 13:41:13,759 INFO  EvoClassLoader - Instrumenting class 'org.apache.hadoop.thirdparty.protobuf.CodedInputStream'.
2024-11-12 13:41:13,759 INFO  MethodCallReplacementClassAdapter - Adding mock interface to class org/apache/hadoop/thirdparty/protobuf/CodedInputStream
2024-11-12 13:41:13,760 INFO  CreateClassResetClassAdapter - Creating brand-new static initializer in class org/apache/hadoop/thirdparty/protobuf/CodedInputStream
2024-11-12 13:41:13,760 INFO  CreateClassResetClassAdapter - Adding bytecode for initializing field DEFAULT_BUFFER_SIZE
2024-11-12 13:41:13,760 INFO  CreateClassResetClassAdapter - Adding bytecode for initializing field DEFAULT_RECURSION_LIMIT
2024-11-12 13:41:13,760 INFO  CreateClassResetClassAdapter - Adding bytecode for initializing field DEFAULT_SIZE_LIMIT
2024-11-12 13:41:13,761 INFO  EvoClassLoader - Keeping class: org.apache.hadoop.thirdparty.protobuf.CodedInputStream
2024-11-12 13:41:13,761 INFO  EvoClassLoader - Seeing class for first time: org.apache.hadoop.thirdparty.protobuf.CodedInputStream$IterableDirectByteBufferDecoder
2024-11-12 13:41:13,761 INFO  EvoClassLoader - Instrumenting class 'org.apache.hadoop.thirdparty.protobuf.CodedInputStream$IterableDirectByteBufferDecoder'.
2024-11-12 13:41:13,761 INFO  MethodCallReplacementClassAdapter - Adding mock interface to class org/apache/hadoop/thirdparty/protobuf/CodedInputStream$IterableDirectByteBufferDecoder
2024-11-12 13:41:13,762 INFO  CreateClassResetClassAdapter - Creating brand-new static initializer in class org/apache/hadoop/thirdparty/protobuf/CodedInputStream$IterableDirectByteBufferDecoder
2024-11-12 13:41:13,762 INFO  EvoClassLoader - Keeping class: org.apache.hadoop.thirdparty.protobuf.CodedInputStream$IterableDirectByteBufferDecoder
2024-11-12 13:41:13,763 INFO  EvoClassLoader - Seeing class for first time: org.apache.hadoop.thirdparty.protobuf.IterableByteBufferInputStream
2024-11-12 13:41:13,763 INFO  EvoClassLoader - Instrumenting class 'org.apache.hadoop.thirdparty.protobuf.IterableByteBufferInputStream'.
2024-11-12 13:41:13,763 INFO  MethodCallReplacementClassAdapter - Adding mock interface to class org/apache/hadoop/thirdparty/protobuf/IterableByteBufferInputStream
2024-11-12 13:41:13,763 INFO  CreateClassResetClassAdapter - Creating brand-new static initializer in class org/apache/hadoop/thirdparty/protobuf/IterableByteBufferInputStream
2024-11-12 13:41:13,763 INFO  EvoClassLoader - Keeping class: org.apache.hadoop.thirdparty.protobuf.IterableByteBufferInputStream
2024-11-12 13:41:13,763 INFO  EvoClassLoader - Seeing class for first time: org.apache.hadoop.thirdparty.protobuf.CodedInputStream$StreamDecoder
2024-11-12 13:41:13,763 INFO  EvoClassLoader - Instrumenting class 'org.apache.hadoop.thirdparty.protobuf.CodedInputStream$StreamDecoder'.
2024-11-12 13:41:13,764 INFO  MethodCallReplacementClassAdapter - Adding mock interface to class org/apache/hadoop/thirdparty/protobuf/CodedInputStream$StreamDecoder
2024-11-12 13:41:13,765 INFO  CreateClassResetClassAdapter - Creating brand-new static initializer in class org/apache/hadoop/thirdparty/protobuf/CodedInputStream$StreamDecoder
2024-11-12 13:41:13,766 INFO  EvoClassLoader - Keeping class: org.apache.hadoop.thirdparty.protobuf.CodedInputStream$StreamDecoder
2024-11-12 13:41:13,766 INFO  EvoClassLoader - Seeing class for first time: org.apache.hadoop.thirdparty.protobuf.CodedInputStream$ArrayDecoder
2024-11-12 13:41:13,766 INFO  EvoClassLoader - Instrumenting class 'org.apache.hadoop.thirdparty.protobuf.CodedInputStream$ArrayDecoder'.
2024-11-12 13:41:13,766 INFO  MethodCallReplacementClassAdapter - Adding mock interface to class org/apache/hadoop/thirdparty/protobuf/CodedInputStream$ArrayDecoder
2024-11-12 13:41:13,767 INFO  CreateClassResetClassAdapter - Creating brand-new static initializer in class org/apache/hadoop/thirdparty/protobuf/CodedInputStream$ArrayDecoder
2024-11-12 13:41:13,768 INFO  EvoClassLoader - Keeping class: org.apache.hadoop.thirdparty.protobuf.CodedInputStream$ArrayDecoder
2024-11-12 13:41:13,768 INFO  EvoClassLoader - Seeing class for first time: org.apache.hadoop.thirdparty.protobuf.CodedInputStream$UnsafeDirectNioDecoder
2024-11-12 13:41:13,768 INFO  EvoClassLoader - Instrumenting class 'org.apache.hadoop.thirdparty.protobuf.CodedInputStream$UnsafeDirectNioDecoder'.
2024-11-12 13:41:13,768 INFO  MethodCallReplacementClassAdapter - Adding mock interface to class org/apache/hadoop/thirdparty/protobuf/CodedInputStream$UnsafeDirectNioDecoder
2024-11-12 13:41:13,768 INFO  CreateClassResetClassAdapter - Creating brand-new static initializer in class org/apache/hadoop/thirdparty/protobuf/CodedInputStream$UnsafeDirectNioDecoder
2024-11-12 13:41:13,769 INFO  EvoClassLoader - Keeping class: org.apache.hadoop.thirdparty.protobuf.CodedInputStream$UnsafeDirectNioDecoder
2024-11-12 13:41:13,769 INFO  EvoClassLoader - Seeing class for first time: org.apache.hadoop.thirdparty.protobuf.InvalidProtocolBufferException$InvalidWireTypeException
2024-11-12 13:41:13,769 INFO  EvoClassLoader - Instrumenting class 'org.apache.hadoop.thirdparty.protobuf.InvalidProtocolBufferException$InvalidWireTypeException'.
2024-11-12 13:41:13,769 INFO  MethodCallReplacementClassAdapter - Adding mock interface to class org/apache/hadoop/thirdparty/protobuf/InvalidProtocolBufferException$InvalidWireTypeException
2024-11-12 13:41:13,769 INFO  CreateClassResetClassAdapter - Creating brand-new static initializer in class org/apache/hadoop/thirdparty/protobuf/InvalidProtocolBufferException$InvalidWireTypeException
2024-11-12 13:41:13,769 INFO  EvoClassLoader - Keeping class: org.apache.hadoop.thirdparty.protobuf.InvalidProtocolBufferException$InvalidWireTypeException
2024-11-12 13:41:13,769 INFO  EvoClassLoader - Seeing class for first time: org.apache.hadoop.thirdparty.protobuf.Android
2024-11-12 13:41:13,769 INFO  EvoClassLoader - Instrumenting class 'org.apache.hadoop.thirdparty.protobuf.Android'.
2024-11-12 13:41:13,770 INFO  MethodCallReplacementClassAdapter - Adding mock interface to class org/apache/hadoop/thirdparty/protobuf/Android
2024-11-12 13:41:13,770 INFO  CreateClassResetClassAdapter - Found static initializer in class org/apache/hadoop/thirdparty/protobuf/Android
2024-11-12 13:41:13,770 INFO  EvoClassLoader - Keeping class: org.apache.hadoop.thirdparty.protobuf.Android
2024-11-12 13:41:13,770 INFO  EvoClassLoader - Seeing class for first time: libcore.io.Memory
2024-11-12 13:41:13,770 INFO  EvoClassLoader - Instrumenting class 'libcore.io.Memory'.
2024-11-12 13:41:13,770 INFO  EvoClassLoader - Error while loading class: java.lang.ClassNotFoundException: Class 'libcore/io/Memory.class' should be in target project, but could not be found!
2024-11-12 13:41:13,770 INFO  EvoClassLoader - Seeing class for first time: org.robolectric.Robolectric
2024-11-12 13:41:13,770 INFO  EvoClassLoader - Instrumenting class 'org.robolectric.Robolectric'.
2024-11-12 13:41:13,770 INFO  EvoClassLoader - Error while loading class: java.lang.ClassNotFoundException: Class 'org/robolectric/Robolectric.class' should be in target project, but could not be found!
2024-11-12 13:41:13,770 INFO  EvoClassLoader - Seeing class for first time: org.apache.hadoop.thirdparty.protobuf.ByteString$ArraysByteArrayCopier
2024-11-12 13:41:13,770 INFO  EvoClassLoader - Instrumenting class 'org.apache.hadoop.thirdparty.protobuf.ByteString$ArraysByteArrayCopier'.
2024-11-12 13:41:13,770 INFO  MethodCallReplacementClassAdapter - Adding mock interface to class org/apache/hadoop/thirdparty/protobuf/ByteString$ArraysByteArrayCopier
2024-11-12 13:41:13,770 INFO  CreateClassResetClassAdapter - Creating brand-new static initializer in class org/apache/hadoop/thirdparty/protobuf/ByteString$ArraysByteArrayCopier
2024-11-12 13:41:13,770 INFO  EvoClassLoader - Keeping class: org.apache.hadoop.thirdparty.protobuf.ByteString$ArraysByteArrayCopier
2024-11-12 13:41:13,770 INFO  EvoClassLoader - Seeing class for first time: org.apache.hadoop.thirdparty.protobuf.ByteString$2
2024-11-12 13:41:13,770 INFO  EvoClassLoader - Instrumenting class 'org.apache.hadoop.thirdparty.protobuf.ByteString$2'.
2024-11-12 13:41:13,770 INFO  MethodCallReplacementClassAdapter - Adding mock interface to class org/apache/hadoop/thirdparty/protobuf/ByteString$2
2024-11-12 13:41:13,771 INFO  EvoClassLoader - Keeping class: org.apache.hadoop.thirdparty.protobuf.ByteString$2
2024-11-12 13:41:13,771 INFO  EvoClassLoader - Seeing class for first time: org.apache.hadoop.hdfs.server.protocol.NamespaceInfo
2024-11-12 13:41:13,771 INFO  EvoClassLoader - Instrumenting class 'org.apache.hadoop.hdfs.server.protocol.NamespaceInfo'.
2024-11-12 13:41:13,771 INFO  MethodCallReplacementClassAdapter - Adding mock interface to class org/apache/hadoop/hdfs/server/protocol/NamespaceInfo
2024-11-12 13:41:13,771 INFO  CreateClassResetClassAdapter - Found static initializer in class org/apache/hadoop/hdfs/server/protocol/NamespaceInfo
2024-11-12 13:41:13,772 INFO  EvoClassLoader - Keeping class: org.apache.hadoop.hdfs.server.protocol.NamespaceInfo
2024-11-12 13:41:13,772 INFO  EvoClassLoader - Seeing class for first time: org.apache.hadoop.hdfs.server.protocol.NamespaceInfo$Capability
2024-11-12 13:41:13,772 INFO  EvoClassLoader - Instrumenting class 'org.apache.hadoop.hdfs.server.protocol.NamespaceInfo$Capability'.
2024-11-12 13:41:13,772 INFO  MethodCallReplacementClassAdapter - Adding mock interface to class org/apache/hadoop/hdfs/server/protocol/NamespaceInfo$Capability
2024-11-12 13:41:13,772 INFO  CreateClassResetClassAdapter - Found static initializer in class org/apache/hadoop/hdfs/server/protocol/NamespaceInfo$Capability
2024-11-12 13:41:13,772 INFO  EvoClassLoader - Keeping class: org.apache.hadoop.hdfs.server.protocol.NamespaceInfo$Capability
2024-11-12 13:41:13,772 INFO  EvoClassLoader - Seeing class for first time: org.apache.hadoop.hdfs.protocol.ECBlockGroupStats
2024-11-12 13:41:13,772 INFO  EvoClassLoader - Instrumenting class 'org.apache.hadoop.hdfs.protocol.ECBlockGroupStats'.
2024-11-12 13:41:13,772 INFO  MethodCallReplacementClassAdapter - Adding mock interface to class org/apache/hadoop/hdfs/protocol/ECBlockGroupStats
2024-11-12 13:41:13,772 INFO  CreateClassResetClassAdapter - Creating brand-new static initializer in class org/apache/hadoop/hdfs/protocol/ECBlockGroupStats
2024-11-12 13:41:13,773 INFO  EvoClassLoader - Keeping class: org.apache.hadoop.hdfs.protocol.ECBlockGroupStats
2024-11-12 13:41:13,773 INFO  EvoClassLoader - Seeing class for first time: org.apache.hadoop.fs.permission.AclEntryType
2024-11-12 13:41:13,773 INFO  EvoClassLoader - Instrumenting class 'org.apache.hadoop.fs.permission.AclEntryType'.
2024-11-12 13:41:13,773 INFO  MethodCallReplacementClassAdapter - Adding mock interface to class org/apache/hadoop/fs/permission/AclEntryType
2024-11-12 13:41:13,773 INFO  CreateClassResetClassAdapter - Found static initializer in class org/apache/hadoop/fs/permission/AclEntryType
2024-11-12 13:41:13,773 INFO  EvoClassLoader - Keeping class: org.apache.hadoop.fs.permission.AclEntryType
2024-11-12 13:41:13,773 INFO  EvoClassLoader - Seeing class for first time: org.apache.hadoop.hdfs.protocol.ExtendedBlock
2024-11-12 13:41:13,773 INFO  EvoClassLoader - Instrumenting class 'org.apache.hadoop.hdfs.protocol.ExtendedBlock'.
2024-11-12 13:41:13,773 INFO  MethodCallReplacementClassAdapter - Adding mock interface to class org/apache/hadoop/hdfs/protocol/ExtendedBlock
2024-11-12 13:41:13,773 INFO  CreateClassResetClassAdapter - Creating brand-new static initializer in class org/apache/hadoop/hdfs/protocol/ExtendedBlock
2024-11-12 13:41:13,773 INFO  EvoClassLoader - Keeping class: org.apache.hadoop.hdfs.protocol.ExtendedBlock
2024-11-12 13:41:13,774 INFO  EvoClassLoader - Seeing class for first time: org.apache.hadoop.hdfs.server.namenode.FSPermissionChecker
2024-11-12 13:41:13,774 INFO  EvoClassLoader - Instrumenting class 'org.apache.hadoop.hdfs.server.namenode.FSPermissionChecker'.
2024-11-12 13:41:13,774 INFO  MethodCallReplacementClassAdapter - Adding mock interface to class org/apache/hadoop/hdfs/server/namenode/FSPermissionChecker
2024-11-12 13:41:13,775 INFO  CreateClassResetClassAdapter - Found static initializer in class org/apache/hadoop/hdfs/server/namenode/FSPermissionChecker
2024-11-12 13:41:13,776 INFO  EvoClassLoader - Seeing class for first time: org.apache.hadoop.hdfs.server.namenode.INodeAttributeProvider$AccessControlEnforcer
2024-11-12 13:41:13,776 INFO  EvoClassLoader - Instrumenting class 'org.apache.hadoop.hdfs.server.namenode.INodeAttributeProvider$AccessControlEnforcer'.
2024-11-12 13:41:13,776 INFO  EvoClassLoader - Keeping class: org.apache.hadoop.hdfs.server.namenode.INodeAttributeProvider$AccessControlEnforcer
2024-11-12 13:41:13,776 INFO  EvoClassLoader - Keeping class: org.apache.hadoop.hdfs.server.namenode.FSPermissionChecker
2024-11-12 13:41:13,777 INFO  EvoClassLoader - Seeing class for first time: org.apache.hadoop.hdfs.protocol.UnresolvedPathException
2024-11-12 13:41:13,777 INFO  EvoClassLoader - Instrumenting class 'org.apache.hadoop.hdfs.protocol.UnresolvedPathException'.
2024-11-12 13:41:13,777 INFO  MethodCallReplacementClassAdapter - Adding mock interface to class org/apache/hadoop/hdfs/protocol/UnresolvedPathException
2024-11-12 13:41:13,777 INFO  CreateClassResetClassAdapter - Creating brand-new static initializer in class org/apache/hadoop/hdfs/protocol/UnresolvedPathException
2024-11-12 13:41:13,777 INFO  EvoClassLoader - Seeing class for first time: org.apache.hadoop.fs.UnresolvedLinkException
2024-11-12 13:41:13,777 INFO  EvoClassLoader - Instrumenting class 'org.apache.hadoop.fs.UnresolvedLinkException'.
2024-11-12 13:41:13,777 INFO  MethodCallReplacementClassAdapter - Adding mock interface to class org/apache/hadoop/fs/UnresolvedLinkException
2024-11-12 13:41:13,777 INFO  CreateClassResetClassAdapter - Creating brand-new static initializer in class org/apache/hadoop/fs/UnresolvedLinkException
2024-11-12 13:41:13,777 INFO  EvoClassLoader - Keeping class: org.apache.hadoop.fs.UnresolvedLinkException
2024-11-12 13:41:13,777 INFO  EvoClassLoader - Keeping class: org.apache.hadoop.hdfs.protocol.UnresolvedPathException
2024-11-12 13:41:13,777 INFO  EvoClassLoader - Seeing class for first time: org.apache.hadoop.hdfs.server.namenode.FSPermissionChecker$TraverseAccessControlException
2024-11-12 13:41:13,777 INFO  EvoClassLoader - Instrumenting class 'org.apache.hadoop.hdfs.server.namenode.FSPermissionChecker$TraverseAccessControlException'.
2024-11-12 13:41:13,777 INFO  MethodCallReplacementClassAdapter - Adding mock interface to class org/apache/hadoop/hdfs/server/namenode/FSPermissionChecker$TraverseAccessControlException
2024-11-12 13:41:13,777 INFO  CreateClassResetClassAdapter - Creating brand-new static initializer in class org/apache/hadoop/hdfs/server/namenode/FSPermissionChecker$TraverseAccessControlException
2024-11-12 13:41:13,777 INFO  EvoClassLoader - Keeping class: org.apache.hadoop.hdfs.server.namenode.FSPermissionChecker$TraverseAccessControlException
2024-11-12 13:41:13,778 INFO  EvoClassLoader - Seeing class for first time: org.apache.hadoop.security.UserGroupInformation
2024-11-12 13:41:13,778 INFO  EvoClassLoader - Instrumenting class 'org.apache.hadoop.security.UserGroupInformation'.
2024-11-12 13:41:13,778 INFO  MethodCallReplacementClassAdapter - Adding mock interface to class org/apache/hadoop/security/UserGroupInformation
2024-11-12 13:41:13,781 INFO  CreateClassResetClassAdapter - Found static initializer in class org/apache/hadoop/security/UserGroupInformation
2024-11-12 13:41:13,782 INFO  EvoClassLoader - Keeping class: org.apache.hadoop.security.UserGroupInformation
2024-11-12 13:41:13,782 INFO  EvoClassLoader - Seeing class for first time: org.apache.hadoop.fs.ClusterStorageCapacityExceededException
2024-11-12 13:41:13,782 INFO  EvoClassLoader - Instrumenting class 'org.apache.hadoop.fs.ClusterStorageCapacityExceededException'.
2024-11-12 13:41:13,782 INFO  MethodCallReplacementClassAdapter - Adding mock interface to class org/apache/hadoop/fs/ClusterStorageCapacityExceededException
2024-11-12 13:41:13,782 INFO  CreateClassResetClassAdapter - Creating brand-new static initializer in class org/apache/hadoop/fs/ClusterStorageCapacityExceededException
2024-11-12 13:41:13,783 INFO  EvoClassLoader - Keeping class: org.apache.hadoop.fs.ClusterStorageCapacityExceededException
2024-11-12 13:41:13,783 INFO  EvoClassLoader - Seeing class for first time: org.apache.hadoop.hdfs.protocol.FSLimitException
2024-11-12 13:41:13,783 INFO  EvoClassLoader - Instrumenting class 'org.apache.hadoop.hdfs.protocol.FSLimitException'.
2024-11-12 13:41:13,783 INFO  MethodCallReplacementClassAdapter - Adding mock interface to class org/apache/hadoop/hdfs/protocol/FSLimitException
2024-11-12 13:41:13,783 INFO  CreateClassResetClassAdapter - Creating brand-new static initializer in class org/apache/hadoop/hdfs/protocol/FSLimitException
2024-11-12 13:41:13,783 INFO  EvoClassLoader - Seeing class for first time: org.apache.hadoop.hdfs.protocol.QuotaExceededException
2024-11-12 13:41:13,783 INFO  EvoClassLoader - Instrumenting class 'org.apache.hadoop.hdfs.protocol.QuotaExceededException'.
2024-11-12 13:41:13,784 INFO  MethodCallReplacementClassAdapter - Adding mock interface to class org/apache/hadoop/hdfs/protocol/QuotaExceededException
2024-11-12 13:41:13,784 INFO  CreateClassResetClassAdapter - Creating brand-new static initializer in class org/apache/hadoop/hdfs/protocol/QuotaExceededException
2024-11-12 13:41:13,785 INFO  EvoClassLoader - Keeping class: org.apache.hadoop.hdfs.protocol.QuotaExceededException
2024-11-12 13:41:13,785 INFO  EvoClassLoader - Keeping class: org.apache.hadoop.hdfs.protocol.FSLimitException
2024-11-12 13:41:13,785 INFO  EvoClassLoader - Seeing class for first time: org.apache.hadoop.hdfs.protocol.CacheDirectiveInfo
2024-11-12 13:41:13,785 INFO  EvoClassLoader - Instrumenting class 'org.apache.hadoop.hdfs.protocol.CacheDirectiveInfo'.
2024-11-12 13:41:13,785 INFO  MethodCallReplacementClassAdapter - Adding mock interface to class org/apache/hadoop/hdfs/protocol/CacheDirectiveInfo
2024-11-12 13:41:13,785 INFO  CreateClassResetClassAdapter - Creating brand-new static initializer in class org/apache/hadoop/hdfs/protocol/CacheDirectiveInfo
2024-11-12 13:41:13,786 INFO  EvoClassLoader - Keeping class: org.apache.hadoop.hdfs.protocol.CacheDirectiveInfo
2024-11-12 13:41:13,786 INFO  EvoClassLoader - Seeing class for first time: org.apache.hadoop.hdfs.server.namenode.LogsPurgeable
2024-11-12 13:41:13,786 INFO  EvoClassLoader - Instrumenting class 'org.apache.hadoop.hdfs.server.namenode.LogsPurgeable'.
2024-11-12 13:41:13,786 INFO  EvoClassLoader - Keeping class: org.apache.hadoop.hdfs.server.namenode.LogsPurgeable
2024-11-12 13:41:13,786 INFO  EvoClassLoader - Seeing class for first time: org.apache.hadoop.io.nativeio.NativeIOException
2024-11-12 13:41:13,786 INFO  EvoClassLoader - Instrumenting class 'org.apache.hadoop.io.nativeio.NativeIOException'.
2024-11-12 13:41:13,787 INFO  MethodCallReplacementClassAdapter - Adding mock interface to class org/apache/hadoop/io/nativeio/NativeIOException
2024-11-12 13:41:13,787 INFO  CreateClassResetClassAdapter - Creating brand-new static initializer in class org/apache/hadoop/io/nativeio/NativeIOException
2024-11-12 13:41:13,787 INFO  EvoClassLoader - Defined package (3): package org.apache.hadoop.io.nativeio, -1081832174
2024-11-12 13:41:13,787 INFO  EvoClassLoader - Keeping class: org.apache.hadoop.io.nativeio.NativeIOException
2024-11-12 13:41:13,788 INFO  EvoClassLoader - Seeing class for first time: org.apache.hadoop.hdfs.server.common.Storage$StorageDirType
2024-11-12 13:41:13,788 INFO  EvoClassLoader - Instrumenting class 'org.apache.hadoop.hdfs.server.common.Storage$StorageDirType'.
2024-11-12 13:41:13,788 INFO  EvoClassLoader - Keeping class: org.apache.hadoop.hdfs.server.common.Storage$StorageDirType
2024-11-12 13:41:13,788 INFO  EvoClassLoader - Seeing class for first time: org.apache.hadoop.hdfs.server.namenode.FSImageStorageInspector
2024-11-12 13:41:13,788 INFO  EvoClassLoader - Instrumenting class 'org.apache.hadoop.hdfs.server.namenode.FSImageStorageInspector'.
2024-11-12 13:41:13,788 INFO  MethodCallReplacementClassAdapter - Adding mock interface to class org/apache/hadoop/hdfs/server/namenode/FSImageStorageInspector
2024-11-12 13:41:13,789 INFO  CreateClassResetClassAdapter - Creating brand-new static initializer in class org/apache/hadoop/hdfs/server/namenode/FSImageStorageInspector
2024-11-12 13:41:13,789 INFO  EvoClassLoader - Keeping class: org.apache.hadoop.hdfs.server.namenode.FSImageStorageInspector
2024-11-12 13:41:13,789 INFO  EvoClassLoader - Seeing class for first time: org.apache.hadoop.hdfs.server.namenode.FSImageTransactionalStorageInspector
2024-11-12 13:41:13,789 INFO  EvoClassLoader - Instrumenting class 'org.apache.hadoop.hdfs.server.namenode.FSImageTransactionalStorageInspector'.
2024-11-12 13:41:13,789 INFO  MethodCallReplacementClassAdapter - Adding mock interface to class org/apache/hadoop/hdfs/server/namenode/FSImageTransactionalStorageInspector
2024-11-12 13:41:13,789 INFO  CreateClassResetClassAdapter - Found static initializer in class org/apache/hadoop/hdfs/server/namenode/FSImageTransactionalStorageInspector
2024-11-12 13:41:13,790 INFO  EvoClassLoader - Keeping class: org.apache.hadoop.hdfs.server.namenode.FSImageTransactionalStorageInspector
2024-11-12 13:41:13,790 INFO  EvoClassLoader - Seeing class for first time: org.apache.hadoop.hdfs.server.namenode.FSImagePreTransactionalStorageInspector
2024-11-12 13:41:13,790 INFO  EvoClassLoader - Instrumenting class 'org.apache.hadoop.hdfs.server.namenode.FSImagePreTransactionalStorageInspector'.
2024-11-12 13:41:13,790 INFO  MethodCallReplacementClassAdapter - Adding mock interface to class org/apache/hadoop/hdfs/server/namenode/FSImagePreTransactionalStorageInspector
2024-11-12 13:41:13,791 INFO  CreateClassResetClassAdapter - Found static initializer in class org/apache/hadoop/hdfs/server/namenode/FSImagePreTransactionalStorageInspector
2024-11-12 13:41:13,791 INFO  EvoClassLoader - Keeping class: org.apache.hadoop.hdfs.server.namenode.FSImagePreTransactionalStorageInspector
2024-11-12 13:41:13,792 INFO  EvoClassLoader - Seeing class for first time: org.apache.hadoop.hdfs.AddBlockFlag
2024-11-12 13:41:13,792 INFO  EvoClassLoader - Instrumenting class 'org.apache.hadoop.hdfs.AddBlockFlag'.
2024-11-12 13:41:13,792 INFO  MethodCallReplacementClassAdapter - Adding mock interface to class org/apache/hadoop/hdfs/AddBlockFlag
2024-11-12 13:41:13,792 INFO  CreateClassResetClassAdapter - Found static initializer in class org/apache/hadoop/hdfs/AddBlockFlag
2024-11-12 13:41:13,793 INFO  EvoClassLoader - Keeping class: org.apache.hadoop.hdfs.AddBlockFlag
2024-11-12 13:41:13,793 INFO  EvoClassLoader - Seeing class for first time: org.apache.hadoop.hdfs.protocol.HdfsFileStatus
2024-11-12 13:41:13,793 INFO  EvoClassLoader - Instrumenting class 'org.apache.hadoop.hdfs.protocol.HdfsFileStatus'.
2024-11-12 13:41:13,794 INFO  EvoClassLoader - Keeping class: org.apache.hadoop.hdfs.protocol.HdfsFileStatus
2024-11-12 13:41:13,794 INFO  EvoClassLoader - Seeing class for first time: org.apache.hadoop.hdfs.protocol.FsPermissionExtension
2024-11-12 13:41:13,794 INFO  EvoClassLoader - Instrumenting class 'org.apache.hadoop.hdfs.protocol.FsPermissionExtension'.
2024-11-12 13:41:13,794 INFO  MethodCallReplacementClassAdapter - Adding mock interface to class org/apache/hadoop/hdfs/protocol/FsPermissionExtension
2024-11-12 13:41:13,794 INFO  CreateClassResetClassAdapter - Creating brand-new static initializer in class org/apache/hadoop/hdfs/protocol/FsPermissionExtension
2024-11-12 13:41:13,794 INFO  CreateClassResetClassAdapter - Adding bytecode for initializing field ACL_BIT
2024-11-12 13:41:13,794 INFO  CreateClassResetClassAdapter - Adding bytecode for initializing field ENCRYPTED_BIT
2024-11-12 13:41:13,794 INFO  CreateClassResetClassAdapter - Adding bytecode for initializing field ERASURE_CODED_BIT
2024-11-12 13:41:13,794 INFO  EvoClassLoader - Keeping class: org.apache.hadoop.hdfs.protocol.FsPermissionExtension
2024-11-12 13:41:13,794 INFO  EvoClassLoader - Seeing class for first time: org.apache.hadoop.hdfs.protocol.HdfsFileStatus$1
2024-11-12 13:41:13,794 INFO  EvoClassLoader - Instrumenting class 'org.apache.hadoop.hdfs.protocol.HdfsFileStatus$1'.
2024-11-12 13:41:13,795 INFO  MethodCallReplacementClassAdapter - Adding mock interface to class org/apache/hadoop/hdfs/protocol/HdfsFileStatus$1
2024-11-12 13:41:13,795 INFO  EvoClassLoader - Keeping class: org.apache.hadoop.hdfs.protocol.HdfsFileStatus$1
2024-11-12 13:41:13,795 INFO  EvoClassLoader - Seeing class for first time: org.apache.hadoop.hdfs.server.namenode.FsImageProto$SecretManagerSection$DelegationKeyOrBuilder
2024-11-12 13:41:13,795 INFO  EvoClassLoader - Instrumenting class 'org.apache.hadoop.hdfs.server.namenode.FsImageProto$SecretManagerSection$DelegationKeyOrBuilder'.
2024-11-12 13:41:13,796 INFO  EvoClassLoader - Keeping class: org.apache.hadoop.hdfs.server.namenode.FsImageProto$SecretManagerSection$DelegationKeyOrBuilder
2024-11-12 13:41:13,796 INFO  EvoClassLoader - Seeing class for first time: org.apache.hadoop.fs.XAttr$NameSpace
2024-11-12 13:41:13,796 INFO  EvoClassLoader - Instrumenting class 'org.apache.hadoop.fs.XAttr$NameSpace'.
2024-11-12 13:41:13,796 INFO  MethodCallReplacementClassAdapter - Adding mock interface to class org/apache/hadoop/fs/XAttr$NameSpace
2024-11-12 13:41:13,796 INFO  CreateClassResetClassAdapter - Found static initializer in class org/apache/hadoop/fs/XAttr$NameSpace
2024-11-12 13:41:13,796 INFO  EvoClassLoader - Keeping class: org.apache.hadoop.fs.XAttr$NameSpace
2024-11-12 13:41:13,796 INFO  EvoClassLoader - Seeing class for first time: org.apache.hadoop.fs.BatchedRemoteIterator$BatchedListEntries
2024-11-12 13:41:13,796 INFO  EvoClassLoader - Instrumenting class 'org.apache.hadoop.fs.BatchedRemoteIterator$BatchedListEntries'.
2024-11-12 13:41:13,796 INFO  MethodCallReplacementClassAdapter - Adding mock interface to class org/apache/hadoop/fs/BatchedRemoteIterator$BatchedListEntries
2024-11-12 13:41:13,797 INFO  CreateClassResetClassAdapter - Creating brand-new static initializer in class org/apache/hadoop/fs/BatchedRemoteIterator$BatchedListEntries
2024-11-12 13:41:13,797 INFO  EvoClassLoader - Seeing class for first time: org.apache.hadoop.fs.BatchedRemoteIterator$BatchedEntries
2024-11-12 13:41:13,797 INFO  EvoClassLoader - Instrumenting class 'org.apache.hadoop.fs.BatchedRemoteIterator$BatchedEntries'.
2024-11-12 13:41:13,797 INFO  EvoClassLoader - Keeping class: org.apache.hadoop.fs.BatchedRemoteIterator$BatchedEntries
2024-11-12 13:41:13,797 INFO  EvoClassLoader - Keeping class: org.apache.hadoop.fs.BatchedRemoteIterator$BatchedListEntries
2024-11-12 13:41:13,797 INFO  EvoClassLoader - Seeing class for first time: org.apache.hadoop.thirdparty.com.google.common.primitives.SignedBytes$LexicographicalComparator
2024-11-12 13:41:13,797 INFO  EvoClassLoader - Instrumenting class 'org.apache.hadoop.thirdparty.com.google.common.primitives.SignedBytes$LexicographicalComparator'.
2024-11-12 13:41:13,797 INFO  MethodCallReplacementClassAdapter - Adding mock interface to class org/apache/hadoop/thirdparty/com/google/common/primitives/SignedBytes$LexicographicalComparator
2024-11-12 13:41:13,798 INFO  CreateClassResetClassAdapter - Found static initializer in class org/apache/hadoop/thirdparty/com/google/common/primitives/SignedBytes$LexicographicalComparator
2024-11-12 13:41:13,798 INFO  EvoClassLoader - Defined package (3): package org.apache.hadoop.thirdparty.com.google.common.primitives, -1753668189
2024-11-12 13:41:13,798 INFO  EvoClassLoader - Keeping class: org.apache.hadoop.thirdparty.com.google.common.primitives.SignedBytes$LexicographicalComparator
2024-11-12 13:41:13,798 INFO  EvoClassLoader - Seeing class for first time: org.apache.hadoop.io.Text
2024-11-12 13:41:13,798 INFO  EvoClassLoader - Instrumenting class 'org.apache.hadoop.io.Text'.
2024-11-12 13:41:13,798 INFO  MethodCallReplacementClassAdapter - Adding mock interface to class org/apache/hadoop/io/Text
2024-11-12 13:41:13,800 INFO  CreateClassResetClassAdapter - Found static initializer in class org/apache/hadoop/io/Text
2024-11-12 13:41:13,801 INFO  EvoClassLoader - Seeing class for first time: org.apache.hadoop.io.WritableComparable
2024-11-12 13:41:13,801 INFO  EvoClassLoader - Instrumenting class 'org.apache.hadoop.io.WritableComparable'.
2024-11-12 13:41:13,801 INFO  EvoClassLoader - Keeping class: org.apache.hadoop.io.WritableComparable
2024-11-12 13:41:13,801 INFO  EvoClassLoader - Seeing class for first time: org.apache.hadoop.io.BinaryComparable
2024-11-12 13:41:13,801 INFO  EvoClassLoader - Instrumenting class 'org.apache.hadoop.io.BinaryComparable'.
2024-11-12 13:41:13,801 INFO  MethodCallReplacementClassAdapter - Adding mock interface to class org/apache/hadoop/io/BinaryComparable
2024-11-12 13:41:13,801 INFO  CreateClassResetClassAdapter - Creating brand-new static initializer in class org/apache/hadoop/io/BinaryComparable
2024-11-12 13:41:13,801 INFO  EvoClassLoader - Keeping class: org.apache.hadoop.io.BinaryComparable
2024-11-12 13:41:13,801 INFO  EvoClassLoader - Keeping class: org.apache.hadoop.io.Text
2024-11-12 13:41:13,801 INFO  EvoClassLoader - Seeing class for first time: org.apache.hadoop.io.Text$1
2024-11-12 13:41:13,801 INFO  EvoClassLoader - Instrumenting class 'org.apache.hadoop.io.Text$1'.
2024-11-12 13:41:13,801 INFO  MethodCallReplacementClassAdapter - Adding mock interface to class org/apache/hadoop/io/Text$1
2024-11-12 13:41:13,802 INFO  EvoClassLoader - Keeping class: org.apache.hadoop.io.Text$1
2024-11-12 13:41:13,802 INFO  EvoClassLoader - Seeing class for first time: org.apache.hadoop.io.Text$2
2024-11-12 13:41:13,802 INFO  EvoClassLoader - Instrumenting class 'org.apache.hadoop.io.Text$2'.
2024-11-12 13:41:13,802 INFO  MethodCallReplacementClassAdapter - Adding mock interface to class org/apache/hadoop/io/Text$2
2024-11-12 13:41:13,804 INFO  EvoClassLoader - Keeping class: org.apache.hadoop.io.Text$2
2024-11-12 13:41:13,804 INFO  EvoClassLoader - Seeing class for first time: org.apache.hadoop.io.WritableComparator
2024-11-12 13:41:13,804 INFO  EvoClassLoader - Instrumenting class 'org.apache.hadoop.io.WritableComparator'.
2024-11-12 13:41:13,804 INFO  MethodCallReplacementClassAdapter - Adding mock interface to class org/apache/hadoop/io/WritableComparator
2024-11-12 13:41:13,805 INFO  CreateClassResetClassAdapter - Found static initializer in class org/apache/hadoop/io/WritableComparator
2024-11-12 13:41:13,805 INFO  EvoClassLoader - Seeing class for first time: org.apache.hadoop.io.RawComparator
2024-11-12 13:41:13,805 INFO  EvoClassLoader - Instrumenting class 'org.apache.hadoop.io.RawComparator'.
2024-11-12 13:41:13,806 INFO  EvoClassLoader - Keeping class: org.apache.hadoop.io.RawComparator
2024-11-12 13:41:13,806 INFO  EvoClassLoader - Keeping class: org.apache.hadoop.io.WritableComparator
2024-11-12 13:41:13,806 INFO  EvoClassLoader - Seeing class for first time: org.apache.hadoop.io.Text$Comparator
2024-11-12 13:41:13,806 INFO  EvoClassLoader - Instrumenting class 'org.apache.hadoop.io.Text$Comparator'.
2024-11-12 13:41:13,806 INFO  MethodCallReplacementClassAdapter - Adding mock interface to class org/apache/hadoop/io/Text$Comparator
2024-11-12 13:41:13,806 INFO  CreateClassResetClassAdapter - Creating brand-new static initializer in class org/apache/hadoop/io/Text$Comparator
2024-11-12 13:41:13,806 INFO  EvoClassLoader - Keeping class: org.apache.hadoop.io.Text$Comparator
2024-11-12 13:41:13,807 INFO  EvoClassLoader - Seeing class for first time: org.apache.hadoop.hdfs.protocol.ECTopologyVerifierResult
2024-11-12 13:41:13,807 INFO  EvoClassLoader - Instrumenting class 'org.apache.hadoop.hdfs.protocol.ECTopologyVerifierResult'.
2024-11-12 13:41:13,807 INFO  MethodCallReplacementClassAdapter - Adding mock interface to class org/apache/hadoop/hdfs/protocol/ECTopologyVerifierResult
2024-11-12 13:41:13,807 INFO  CreateClassResetClassAdapter - Creating brand-new static initializer in class org/apache/hadoop/hdfs/protocol/ECTopologyVerifierResult
2024-11-12 13:41:13,807 INFO  EvoClassLoader - Keeping class: org.apache.hadoop.hdfs.protocol.ECTopologyVerifierResult
2024-11-12 13:41:13,807 INFO  EvoClassLoader - Seeing class for first time: org.apache.hadoop.hdfs.server.namenode.FSDirectory$InitQuotaTask
2024-11-12 13:41:13,807 INFO  EvoClassLoader - Instrumenting class 'org.apache.hadoop.hdfs.server.namenode.FSDirectory$InitQuotaTask'.
2024-11-12 13:41:13,807 INFO  MethodCallReplacementClassAdapter - Adding mock interface to class org/apache/hadoop/hdfs/server/namenode/FSDirectory$InitQuotaTask
2024-11-12 13:41:13,807 INFO  CreateClassResetClassAdapter - Creating brand-new static initializer in class org/apache/hadoop/hdfs/server/namenode/FSDirectory$InitQuotaTask
2024-11-12 13:41:13,808 INFO  EvoClassLoader - Keeping class: org.apache.hadoop.hdfs.server.namenode.FSDirectory$InitQuotaTask
2024-11-12 13:41:13,808 INFO  EvoClassLoader - Seeing class for first time: org.apache.hadoop.hdfs.server.namenode.snapshot.DiffList
2024-11-12 13:41:13,808 INFO  EvoClassLoader - Instrumenting class 'org.apache.hadoop.hdfs.server.namenode.snapshot.DiffList'.
2024-11-12 13:41:13,809 INFO  EvoClassLoader - Keeping class: org.apache.hadoop.hdfs.server.namenode.snapshot.DiffList
2024-11-12 13:41:13,809 INFO  EvoClassLoader - Seeing class for first time: org.apache.hadoop.hdfs.server.namenode.snapshot.DiffListByArrayList
2024-11-12 13:41:13,809 INFO  EvoClassLoader - Instrumenting class 'org.apache.hadoop.hdfs.server.namenode.snapshot.DiffListByArrayList'.
2024-11-12 13:41:13,809 INFO  MethodCallReplacementClassAdapter - Adding mock interface to class org/apache/hadoop/hdfs/server/namenode/snapshot/DiffListByArrayList
2024-11-12 13:41:13,809 INFO  CreateClassResetClassAdapter - Creating brand-new static initializer in class org/apache/hadoop/hdfs/server/namenode/snapshot/DiffListByArrayList
2024-11-12 13:41:13,809 INFO  EvoClassLoader - Keeping class: org.apache.hadoop.hdfs.server.namenode.snapshot.DiffListByArrayList
2024-11-12 13:41:13,810 INFO  EvoClassLoader - Seeing class for first time: org.apache.hadoop.hdfs.protocol.AddErasureCodingPolicyResponse
2024-11-12 13:41:13,810 INFO  EvoClassLoader - Instrumenting class 'org.apache.hadoop.hdfs.protocol.AddErasureCodingPolicyResponse'.
2024-11-12 13:41:13,810 INFO  MethodCallReplacementClassAdapter - Adding mock interface to class org/apache/hadoop/hdfs/protocol/AddErasureCodingPolicyResponse
2024-11-12 13:41:13,810 INFO  CreateClassResetClassAdapter - Creating brand-new static initializer in class org/apache/hadoop/hdfs/protocol/AddErasureCodingPolicyResponse
2024-11-12 13:41:13,810 INFO  EvoClassLoader - Keeping class: org.apache.hadoop.hdfs.protocol.AddErasureCodingPolicyResponse
2024-11-12 13:41:13,810 INFO  EvoClassLoader - Seeing class for first time: com.ctc.wstx.io.MergedReader
2024-11-12 13:41:13,810 INFO  EvoClassLoader - Instrumenting class 'com.ctc.wstx.io.MergedReader'.
2024-11-12 13:41:13,811 INFO  MethodCallReplacementClassAdapter - Adding mock interface to class com/ctc/wstx/io/MergedReader
2024-11-12 13:41:13,811 INFO  CreateClassResetClassAdapter - Creating brand-new static initializer in class com/ctc/wstx/io/MergedReader
2024-11-12 13:41:13,811 INFO  EvoClassLoader - Keeping class: com.ctc.wstx.io.MergedReader
2024-11-12 13:41:13,811 INFO  EvoClassLoader - Seeing class for first time: org.apache.hadoop.hdfs.server.protocol.NamenodeRegistration
2024-11-12 13:41:13,811 INFO  EvoClassLoader - Instrumenting class 'org.apache.hadoop.hdfs.server.protocol.NamenodeRegistration'.
2024-11-12 13:41:13,821 INFO  MethodCallReplacementClassAdapter - Adding mock interface to class org/apache/hadoop/hdfs/server/protocol/NamenodeRegistration
2024-11-12 13:41:13,821 INFO  CreateClassResetClassAdapter - Creating brand-new static initializer in class org/apache/hadoop/hdfs/server/protocol/NamenodeRegistration
2024-11-12 13:41:13,821 INFO  EvoClassLoader - Keeping class: org.apache.hadoop.hdfs.server.protocol.NamenodeRegistration
2024-11-12 13:41:13,821 INFO  EvoClassLoader - Seeing class for first time: org.apache.hadoop.hdfs.server.namenode.snapshot.SnapshotStatsMXBean
2024-11-12 13:41:13,821 INFO  EvoClassLoader - Instrumenting class 'org.apache.hadoop.hdfs.server.namenode.snapshot.SnapshotStatsMXBean'.
2024-11-12 13:41:13,822 INFO  EvoClassLoader - Keeping class: org.apache.hadoop.hdfs.server.namenode.snapshot.SnapshotStatsMXBean
2024-11-12 13:41:13,822 INFO  EvoClassLoader - Seeing class for first time: org.apache.hadoop.fs.ChecksumFileSystem$ChecksumFSOutputSummer
2024-11-12 13:41:13,822 INFO  EvoClassLoader - Instrumenting class 'org.apache.hadoop.fs.ChecksumFileSystem$ChecksumFSOutputSummer'.
2024-11-12 13:41:13,823 INFO  MethodCallReplacementClassAdapter - Adding mock interface to class org/apache/hadoop/fs/ChecksumFileSystem$ChecksumFSOutputSummer
2024-11-12 13:41:13,823 INFO  CreateClassResetClassAdapter - Creating brand-new static initializer in class org/apache/hadoop/fs/ChecksumFileSystem$ChecksumFSOutputSummer
2024-11-12 13:41:13,823 INFO  CreateClassResetClassAdapter - Adding bytecode for initializing field CHKSUM_AS_FRACTION
2024-11-12 13:41:13,823 INFO  EvoClassLoader - Seeing class for first time: org.apache.hadoop.fs.statistics.IOStatisticsSource
2024-11-12 13:41:13,823 INFO  EvoClassLoader - Instrumenting class 'org.apache.hadoop.fs.statistics.IOStatisticsSource'.
2024-11-12 13:41:13,823 INFO  EvoClassLoader - Defined package (3): package org.apache.hadoop.fs.statistics, -2061501583
2024-11-12 13:41:13,824 INFO  EvoClassLoader - Keeping class: org.apache.hadoop.fs.statistics.IOStatisticsSource
2024-11-12 13:41:13,824 INFO  EvoClassLoader - Seeing class for first time: org.apache.hadoop.fs.StreamCapabilities
2024-11-12 13:41:13,824 INFO  EvoClassLoader - Instrumenting class 'org.apache.hadoop.fs.StreamCapabilities'.
2024-11-12 13:41:13,824 INFO  EvoClassLoader - Keeping class: org.apache.hadoop.fs.StreamCapabilities
2024-11-12 13:41:13,824 INFO  EvoClassLoader - Seeing class for first time: org.apache.hadoop.fs.FSOutputSummer
2024-11-12 13:41:13,824 INFO  EvoClassLoader - Instrumenting class 'org.apache.hadoop.fs.FSOutputSummer'.
2024-11-12 13:41:13,824 INFO  MethodCallReplacementClassAdapter - Adding mock interface to class org/apache/hadoop/fs/FSOutputSummer
2024-11-12 13:41:13,826 INFO  CreateClassResetClassAdapter - Creating brand-new static initializer in class org/apache/hadoop/fs/FSOutputSummer
2024-11-12 13:41:13,826 INFO  CreateClassResetClassAdapter - Adding bytecode for initializing field BUFFER_NUM_CHUNKS
2024-11-12 13:41:13,826 INFO  EvoClassLoader - Keeping class: org.apache.hadoop.fs.FSOutputSummer
2024-11-12 13:41:13,826 INFO  EvoClassLoader - Keeping class: org.apache.hadoop.fs.ChecksumFileSystem$ChecksumFSOutputSummer
2024-11-12 13:41:13,826 INFO  EvoClassLoader - Seeing class for first time: org.apache.hadoop.fs.ChecksumFileSystem$ChecksumFSInputChecker
2024-11-12 13:41:13,826 INFO  EvoClassLoader - Instrumenting class 'org.apache.hadoop.fs.ChecksumFileSystem$ChecksumFSInputChecker'.
2024-11-12 13:41:13,827 INFO  MethodCallReplacementClassAdapter - Adding mock interface to class org/apache/hadoop/fs/ChecksumFileSystem$ChecksumFSInputChecker
2024-11-12 13:41:13,828 INFO  CreateClassResetClassAdapter - Found static initializer in class org/apache/hadoop/fs/ChecksumFileSystem$ChecksumFSInputChecker
2024-11-12 13:41:13,829 INFO  EvoClassLoader - Seeing class for first time: org.apache.hadoop.fs.FSInputChecker
2024-11-12 13:41:13,829 INFO  EvoClassLoader - Instrumenting class 'org.apache.hadoop.fs.FSInputChecker'.
2024-11-12 13:41:13,829 INFO  MethodCallReplacementClassAdapter - Adding mock interface to class org/apache/hadoop/fs/FSInputChecker
2024-11-12 13:41:13,830 INFO  CreateClassResetClassAdapter - Found static initializer in class org/apache/hadoop/fs/FSInputChecker
2024-11-12 13:41:13,830 INFO  EvoClassLoader - Seeing class for first time: org.apache.hadoop.fs.FSInputStream
2024-11-12 13:41:13,830 INFO  EvoClassLoader - Instrumenting class 'org.apache.hadoop.fs.FSInputStream'.
2024-11-12 13:41:13,831 INFO  MethodCallReplacementClassAdapter - Adding mock interface to class org/apache/hadoop/fs/FSInputStream
2024-11-12 13:41:13,831 INFO  CreateClassResetClassAdapter - Found static initializer in class org/apache/hadoop/fs/FSInputStream
2024-11-12 13:41:13,831 INFO  EvoClassLoader - Seeing class for first time: org.apache.hadoop.fs.Seekable
2024-11-12 13:41:13,831 INFO  EvoClassLoader - Instrumenting class 'org.apache.hadoop.fs.Seekable'.
2024-11-12 13:41:13,832 INFO  EvoClassLoader - Keeping class: org.apache.hadoop.fs.Seekable
2024-11-12 13:41:13,832 INFO  EvoClassLoader - Seeing class for first time: org.apache.hadoop.fs.PositionedReadable
2024-11-12 13:41:13,832 INFO  EvoClassLoader - Instrumenting class 'org.apache.hadoop.fs.PositionedReadable'.
2024-11-12 13:41:13,832 INFO  EvoClassLoader - Keeping class: org.apache.hadoop.fs.PositionedReadable
2024-11-12 13:41:13,832 INFO  EvoClassLoader - Keeping class: org.apache.hadoop.fs.FSInputStream
2024-11-12 13:41:13,833 INFO  EvoClassLoader - Keeping class: org.apache.hadoop.fs.FSInputChecker
2024-11-12 13:41:13,833 INFO  EvoClassLoader - Keeping class: org.apache.hadoop.fs.ChecksumFileSystem$ChecksumFSInputChecker
2024-11-12 13:41:13,833 INFO  EvoClassLoader - Seeing class for first time: org.apache.hadoop.fs.FSDataInputStream
2024-11-12 13:41:13,833 INFO  EvoClassLoader - Instrumenting class 'org.apache.hadoop.fs.FSDataInputStream'.
2024-11-12 13:41:13,833 INFO  MethodCallReplacementClassAdapter - Adding mock interface to class org/apache/hadoop/fs/FSDataInputStream
2024-11-12 13:41:13,834 INFO  CreateClassResetClassAdapter - Found static initializer in class org/apache/hadoop/fs/FSDataInputStream
2024-11-12 13:41:13,834 INFO  EvoClassLoader - Seeing class for first time: org.apache.hadoop.fs.ByteBufferReadable
2024-11-12 13:41:13,834 INFO  EvoClassLoader - Instrumenting class 'org.apache.hadoop.fs.ByteBufferReadable'.
2024-11-12 13:41:13,834 INFO  EvoClassLoader - Keeping class: org.apache.hadoop.fs.ByteBufferReadable
2024-11-12 13:41:13,834 INFO  EvoClassLoader - Seeing class for first time: org.apache.hadoop.fs.HasFileDescriptor
2024-11-12 13:41:13,834 INFO  EvoClassLoader - Instrumenting class 'org.apache.hadoop.fs.HasFileDescriptor'.
2024-11-12 13:41:13,835 INFO  EvoClassLoader - Keeping class: org.apache.hadoop.fs.HasFileDescriptor
2024-11-12 13:41:13,835 INFO  EvoClassLoader - Seeing class for first time: org.apache.hadoop.fs.CanSetDropBehind
2024-11-12 13:41:13,835 INFO  EvoClassLoader - Instrumenting class 'org.apache.hadoop.fs.CanSetDropBehind'.
2024-11-12 13:41:13,835 INFO  EvoClassLoader - Keeping class: org.apache.hadoop.fs.CanSetDropBehind
2024-11-12 13:41:13,835 INFO  EvoClassLoader - Seeing class for first time: org.apache.hadoop.fs.CanSetReadahead
2024-11-12 13:41:13,835 INFO  EvoClassLoader - Instrumenting class 'org.apache.hadoop.fs.CanSetReadahead'.
2024-11-12 13:41:13,835 INFO  EvoClassLoader - Keeping class: org.apache.hadoop.fs.CanSetReadahead
2024-11-12 13:41:13,835 INFO  EvoClassLoader - Seeing class for first time: org.apache.hadoop.fs.HasEnhancedByteBufferAccess
2024-11-12 13:41:13,835 INFO  EvoClassLoader - Instrumenting class 'org.apache.hadoop.fs.HasEnhancedByteBufferAccess'.
2024-11-12 13:41:13,836 INFO  EvoClassLoader - Keeping class: org.apache.hadoop.fs.HasEnhancedByteBufferAccess
2024-11-12 13:41:13,836 INFO  EvoClassLoader - Seeing class for first time: org.apache.hadoop.fs.CanUnbuffer
2024-11-12 13:41:13,836 INFO  EvoClassLoader - Instrumenting class 'org.apache.hadoop.fs.CanUnbuffer'.
2024-11-12 13:41:13,836 INFO  EvoClassLoader - Keeping class: org.apache.hadoop.fs.CanUnbuffer
2024-11-12 13:41:13,836 INFO  EvoClassLoader - Seeing class for first time: org.apache.hadoop.fs.ByteBufferPositionedReadable
2024-11-12 13:41:13,836 INFO  EvoClassLoader - Instrumenting class 'org.apache.hadoop.fs.ByteBufferPositionedReadable'.
2024-11-12 13:41:13,836 INFO  EvoClassLoader - Keeping class: org.apache.hadoop.fs.ByteBufferPositionedReadable
2024-11-12 13:41:13,836 INFO  EvoClassLoader - Keeping class: org.apache.hadoop.fs.FSDataInputStream
2024-11-12 13:41:13,836 INFO  EvoClassLoader - Seeing class for first time: org.apache.hadoop.fs.ChecksumFileSystem$FSDataBoundedInputStream
2024-11-12 13:41:13,836 INFO  EvoClassLoader - Instrumenting class 'org.apache.hadoop.fs.ChecksumFileSystem$FSDataBoundedInputStream'.
2024-11-12 13:41:13,836 INFO  MethodCallReplacementClassAdapter - Adding mock interface to class org/apache/hadoop/fs/ChecksumFileSystem$FSDataBoundedInputStream
2024-11-12 13:41:13,837 INFO  CreateClassResetClassAdapter - Creating brand-new static initializer in class org/apache/hadoop/fs/ChecksumFileSystem$FSDataBoundedInputStream
2024-11-12 13:41:13,837 INFO  EvoClassLoader - Keeping class: org.apache.hadoop.fs.ChecksumFileSystem$FSDataBoundedInputStream
2024-11-12 13:41:13,837 INFO  EvoClassLoader - Seeing class for first time: org.apache.hadoop.fs.impl.FutureDataInputStreamBuilderImpl
2024-11-12 13:41:13,837 INFO  EvoClassLoader - Instrumenting class 'org.apache.hadoop.fs.impl.FutureDataInputStreamBuilderImpl'.
2024-11-12 13:41:13,837 INFO  MethodCallReplacementClassAdapter - Adding mock interface to class org/apache/hadoop/fs/impl/FutureDataInputStreamBuilderImpl
2024-11-12 13:41:13,837 INFO  CreateClassResetClassAdapter - Creating brand-new static initializer in class org/apache/hadoop/fs/impl/FutureDataInputStreamBuilderImpl
2024-11-12 13:41:13,838 INFO  EvoClassLoader - Seeing class for first time: org.apache.hadoop.fs.FutureDataInputStreamBuilder
2024-11-12 13:41:13,838 INFO  EvoClassLoader - Instrumenting class 'org.apache.hadoop.fs.FutureDataInputStreamBuilder'.
2024-11-12 13:41:13,838 INFO  EvoClassLoader - Keeping class: org.apache.hadoop.fs.FutureDataInputStreamBuilder
2024-11-12 13:41:13,838 INFO  EvoClassLoader - Keeping class: org.apache.hadoop.fs.impl.FutureDataInputStreamBuilderImpl
2024-11-12 13:41:13,838 INFO  EvoClassLoader - Seeing class for first time: org.apache.hadoop.fs.FileSystem$FSDataInputStreamBuilder
2024-11-12 13:41:13,838 INFO  EvoClassLoader - Instrumenting class 'org.apache.hadoop.fs.FileSystem$FSDataInputStreamBuilder'.
2024-11-12 13:41:13,839 INFO  MethodCallReplacementClassAdapter - Adding mock interface to class org/apache/hadoop/fs/FileSystem$FSDataInputStreamBuilder
2024-11-12 13:41:13,839 INFO  CreateClassResetClassAdapter - Creating brand-new static initializer in class org/apache/hadoop/fs/FileSystem$FSDataInputStreamBuilder
2024-11-12 13:41:13,839 INFO  EvoClassLoader - Keeping class: org.apache.hadoop.fs.FileSystem$FSDataInputStreamBuilder
2024-11-12 13:41:13,839 INFO  EvoClassLoader - Seeing class for first time: org.apache.hadoop.fs.ChecksumFileSystem$9
2024-11-12 13:41:13,839 INFO  EvoClassLoader - Instrumenting class 'org.apache.hadoop.fs.ChecksumFileSystem$9'.
2024-11-12 13:41:13,839 INFO  MethodCallReplacementClassAdapter - Adding mock interface to class org/apache/hadoop/fs/ChecksumFileSystem$9
2024-11-12 13:41:13,840 INFO  EvoClassLoader - Keeping class: org.apache.hadoop.fs.ChecksumFileSystem$9
2024-11-12 13:41:13,840 INFO  EvoClassLoader - Seeing class for first time: org.apache.hadoop.hdfs.server.protocol.VolumeFailureSummary
2024-11-12 13:41:13,840 INFO  EvoClassLoader - Instrumenting class 'org.apache.hadoop.hdfs.server.protocol.VolumeFailureSummary'.
2024-11-12 13:41:13,840 INFO  MethodCallReplacementClassAdapter - Adding mock interface to class org/apache/hadoop/hdfs/server/protocol/VolumeFailureSummary
2024-11-12 13:41:13,841 INFO  CreateClassResetClassAdapter - Creating brand-new static initializer in class org/apache/hadoop/hdfs/server/protocol/VolumeFailureSummary
2024-11-12 13:41:13,841 INFO  EvoClassLoader - Keeping class: org.apache.hadoop.hdfs.server.protocol.VolumeFailureSummary
2024-11-12 13:41:13,841 INFO  EvoClassLoader - Seeing class for first time: org.apache.hadoop.hdfs.protocol.HdfsConstants$DatanodeReportType
2024-11-12 13:41:13,841 INFO  EvoClassLoader - Instrumenting class 'org.apache.hadoop.hdfs.protocol.HdfsConstants$DatanodeReportType'.
2024-11-12 13:41:13,841 INFO  MethodCallReplacementClassAdapter - Adding mock interface to class org/apache/hadoop/hdfs/protocol/HdfsConstants$DatanodeReportType
2024-11-12 13:41:13,842 INFO  CreateClassResetClassAdapter - Found static initializer in class org/apache/hadoop/hdfs/protocol/HdfsConstants$DatanodeReportType
2024-11-12 13:41:13,842 INFO  EvoClassLoader - Keeping class: org.apache.hadoop.hdfs.protocol.HdfsConstants$DatanodeReportType
2024-11-12 13:41:13,842 INFO  EvoClassLoader - Seeing class for first time: org.apache.hadoop.hdfs.util.ReadOnlyList$Util
2024-11-12 13:41:13,842 INFO  EvoClassLoader - Instrumenting class 'org.apache.hadoop.hdfs.util.ReadOnlyList$Util'.
2024-11-12 13:41:13,842 INFO  MethodCallReplacementClassAdapter - Adding mock interface to class org/apache/hadoop/hdfs/util/ReadOnlyList$Util
2024-11-12 13:41:13,843 INFO  CreateClassResetClassAdapter - Creating brand-new static initializer in class org/apache/hadoop/hdfs/util/ReadOnlyList$Util
2024-11-12 13:41:13,843 INFO  EvoClassLoader - Keeping class: org.apache.hadoop.hdfs.util.ReadOnlyList$Util
2024-11-12 13:41:13,843 INFO  EvoClassLoader - Seeing class for first time: org.apache.hadoop.hdfs.util.ReadOnlyList
2024-11-12 13:41:13,843 INFO  EvoClassLoader - Instrumenting class 'org.apache.hadoop.hdfs.util.ReadOnlyList'.
2024-11-12 13:41:13,843 INFO  EvoClassLoader - Keeping class: org.apache.hadoop.hdfs.util.ReadOnlyList
2024-11-12 13:41:13,843 INFO  EvoClassLoader - Seeing class for first time: org.apache.hadoop.thirdparty.com.google.common.collect.ImmutableEnumMap
2024-11-12 13:41:13,843 INFO  EvoClassLoader - Instrumenting class 'org.apache.hadoop.thirdparty.com.google.common.collect.ImmutableEnumMap'.
2024-11-12 13:41:13,844 INFO  MethodCallReplacementClassAdapter - Adding mock interface to class org/apache/hadoop/thirdparty/com/google/common/collect/ImmutableEnumMap
2024-11-12 13:41:13,844 INFO  CreateClassResetClassAdapter - Creating brand-new static initializer in class org/apache/hadoop/thirdparty/com/google/common/collect/ImmutableEnumMap
2024-11-12 13:41:13,844 INFO  EvoClassLoader - Keeping class: org.apache.hadoop.thirdparty.com.google.common.collect.ImmutableEnumMap
2024-11-12 13:41:13,845 INFO  EvoClassLoader - Seeing class for first time: org.apache.hadoop.thirdparty.com.google.common.collect.ImmutableMap$IteratorBasedImmutableMap$1EntrySetImpl
2024-11-12 13:41:13,845 INFO  EvoClassLoader - Instrumenting class 'org.apache.hadoop.thirdparty.com.google.common.collect.ImmutableMap$IteratorBasedImmutableMap$1EntrySetImpl'.
2024-11-12 13:41:13,845 INFO  MethodCallReplacementClassAdapter - Adding mock interface to class org/apache/hadoop/thirdparty/com/google/common/collect/ImmutableMap$IteratorBasedImmutableMap$1EntrySetImpl
2024-11-12 13:41:13,845 INFO  EvoClassLoader - Keeping class: org.apache.hadoop.thirdparty.com.google.common.collect.ImmutableMap$IteratorBasedImmutableMap$1EntrySetImpl
2024-11-12 13:41:13,845 INFO  EvoClassLoader - Seeing class for first time: org.apache.hadoop.thirdparty.com.google.common.collect.ImmutableMapKeySet
2024-11-12 13:41:13,845 INFO  EvoClassLoader - Instrumenting class 'org.apache.hadoop.thirdparty.com.google.common.collect.ImmutableMapKeySet'.
2024-11-12 13:41:13,845 INFO  MethodCallReplacementClassAdapter - Adding mock interface to class org/apache/hadoop/thirdparty/com/google/common/collect/ImmutableMapKeySet
2024-11-12 13:41:13,845 INFO  CreateClassResetClassAdapter - Creating brand-new static initializer in class org/apache/hadoop/thirdparty/com/google/common/collect/ImmutableMapKeySet
2024-11-12 13:41:13,845 INFO  EvoClassLoader - Keeping class: org.apache.hadoop.thirdparty.com.google.common.collect.ImmutableMapKeySet
2024-11-12 13:41:13,845 INFO  EvoClassLoader - Seeing class for first time: org.apache.hadoop.thirdparty.com.google.common.collect.ImmutableMapValues
2024-11-12 13:41:13,845 INFO  EvoClassLoader - Instrumenting class 'org.apache.hadoop.thirdparty.com.google.common.collect.ImmutableMapValues'.
2024-11-12 13:41:13,846 INFO  MethodCallReplacementClassAdapter - Adding mock interface to class org/apache/hadoop/thirdparty/com/google/common/collect/ImmutableMapValues
2024-11-12 13:41:13,846 INFO  CreateClassResetClassAdapter - Creating brand-new static initializer in class org/apache/hadoop/thirdparty/com/google/common/collect/ImmutableMapValues
2024-11-12 13:41:13,846 INFO  EvoClassLoader - Keeping class: org.apache.hadoop.thirdparty.com.google.common.collect.ImmutableMapValues
2024-11-12 13:41:13,846 INFO  EvoClassLoader - Seeing class for first time: com.fasterxml.jackson.core.JsonGenerator
2024-11-12 13:41:13,846 INFO  EvoClassLoader - Instrumenting class 'com.fasterxml.jackson.core.JsonGenerator'.
2024-11-12 13:41:13,846 INFO  MethodCallReplacementClassAdapter - Adding mock interface to class com/fasterxml/jackson/core/JsonGenerator
2024-11-12 13:41:13,848 INFO  CreateClassResetClassAdapter - Found static initializer in class com/fasterxml/jackson/core/JsonGenerator
2024-11-12 13:41:13,848 INFO  EvoClassLoader - Keeping class: com.fasterxml.jackson.core.JsonGenerator
2024-11-12 13:41:13,848 INFO  EvoClassLoader - Seeing class for first time: com.fasterxml.jackson.core.util.JacksonFeature
2024-11-12 13:41:13,848 INFO  EvoClassLoader - Instrumenting class 'com.fasterxml.jackson.core.util.JacksonFeature'.
2024-11-12 13:41:13,849 INFO  EvoClassLoader - Defined package (3): package com.fasterxml.jackson.core.util, 596657833
2024-11-12 13:41:13,849 INFO  EvoClassLoader - Keeping class: com.fasterxml.jackson.core.util.JacksonFeature
2024-11-12 13:41:13,849 INFO  EvoClassLoader - Seeing class for first time: com.fasterxml.jackson.core.JsonGenerationException
2024-11-12 13:41:13,849 INFO  EvoClassLoader - Instrumenting class 'com.fasterxml.jackson.core.JsonGenerationException'.
2024-11-12 13:41:13,849 INFO  MethodCallReplacementClassAdapter - Adding mock interface to class com/fasterxml/jackson/core/JsonGenerationException
2024-11-12 13:41:13,850 INFO  CreateClassResetClassAdapter - Creating brand-new static initializer in class com/fasterxml/jackson/core/JsonGenerationException
2024-11-12 13:41:13,850 INFO  EvoClassLoader - Seeing class for first time: com.fasterxml.jackson.core.JsonProcessingException
2024-11-12 13:41:13,850 INFO  EvoClassLoader - Instrumenting class 'com.fasterxml.jackson.core.JsonProcessingException'.
2024-11-12 13:41:13,850 INFO  MethodCallReplacementClassAdapter - Adding mock interface to class com/fasterxml/jackson/core/JsonProcessingException
2024-11-12 13:41:13,850 INFO  CreateClassResetClassAdapter - Creating brand-new static initializer in class com/fasterxml/jackson/core/JsonProcessingException
2024-11-12 13:41:13,850 INFO  EvoClassLoader - Seeing class for first time: com.fasterxml.jackson.core.JacksonException
2024-11-12 13:41:13,850 INFO  EvoClassLoader - Instrumenting class 'com.fasterxml.jackson.core.JacksonException'.
2024-11-12 13:41:13,851 INFO  MethodCallReplacementClassAdapter - Adding mock interface to class com/fasterxml/jackson/core/JacksonException
2024-11-12 13:41:13,851 INFO  CreateClassResetClassAdapter - Creating brand-new static initializer in class com/fasterxml/jackson/core/JacksonException
2024-11-12 13:41:13,851 INFO  EvoClassLoader - Keeping class: com.fasterxml.jackson.core.JacksonException
2024-11-12 13:41:13,851 INFO  EvoClassLoader - Keeping class: com.fasterxml.jackson.core.JsonProcessingException
2024-11-12 13:41:13,851 INFO  EvoClassLoader - Keeping class: com.fasterxml.jackson.core.JsonGenerationException
2024-11-12 13:41:13,851 INFO  EvoClassLoader - Seeing class for first time: com.fasterxml.jackson.core.StreamWriteCapability
2024-11-12 13:41:13,851 INFO  EvoClassLoader - Instrumenting class 'com.fasterxml.jackson.core.StreamWriteCapability'.
2024-11-12 13:41:13,851 INFO  MethodCallReplacementClassAdapter - Adding mock interface to class com/fasterxml/jackson/core/StreamWriteCapability
2024-11-12 13:41:13,851 INFO  CreateClassResetClassAdapter - Found static initializer in class com/fasterxml/jackson/core/StreamWriteCapability
2024-11-12 13:41:13,852 INFO  EvoClassLoader - Keeping class: com.fasterxml.jackson.core.StreamWriteCapability
2024-11-12 13:41:13,852 INFO  EvoClassLoader - Seeing class for first time: com.fasterxml.jackson.core.util.JacksonFeatureSet
2024-11-12 13:41:13,852 INFO  EvoClassLoader - Instrumenting class 'com.fasterxml.jackson.core.util.JacksonFeatureSet'.
2024-11-12 13:41:13,852 INFO  MethodCallReplacementClassAdapter - Adding mock interface to class com/fasterxml/jackson/core/util/JacksonFeatureSet
2024-11-12 13:41:13,852 INFO  CreateClassResetClassAdapter - Creating brand-new static initializer in class com/fasterxml/jackson/core/util/JacksonFeatureSet
2024-11-12 13:41:13,852 INFO  EvoClassLoader - Keeping class: com.fasterxml.jackson.core.util.JacksonFeatureSet
2024-11-12 13:41:13,853 INFO  EvoClassLoader - Seeing class for first time: org.apache.hadoop.classification.InterfaceStability$Evolving
2024-11-12 13:41:13,853 INFO  EvoClassLoader - Instrumenting class 'org.apache.hadoop.classification.InterfaceStability$Evolving'.
2024-11-12 13:41:13,853 INFO  EvoClassLoader - Keeping class: org.apache.hadoop.classification.InterfaceStability$Evolving
2024-11-12 13:41:13,853 INFO  EvoClassLoader - Seeing class for first time: org.apache.hadoop.thirdparty.com.google.common.collect.Lists
2024-11-12 13:41:13,853 INFO  EvoClassLoader - Instrumenting class 'org.apache.hadoop.thirdparty.com.google.common.collect.Lists'.
2024-11-12 13:41:13,854 INFO  MethodCallReplacementClassAdapter - Adding mock interface to class org/apache/hadoop/thirdparty/com/google/common/collect/Lists
2024-11-12 13:41:13,856 INFO  CreateClassResetClassAdapter - Creating brand-new static initializer in class org/apache/hadoop/thirdparty/com/google/common/collect/Lists
2024-11-12 13:41:13,856 INFO  EvoClassLoader - Keeping class: org.apache.hadoop.thirdparty.com.google.common.collect.Lists
2024-11-12 13:41:13,856 INFO  EvoClassLoader - Seeing class for first time: org.apache.hadoop.thirdparty.com.google.common.collect.Lists$TransformingRandomAccessList
2024-11-12 13:41:13,856 INFO  EvoClassLoader - Instrumenting class 'org.apache.hadoop.thirdparty.com.google.common.collect.Lists$TransformingRandomAccessList'.
2024-11-12 13:41:13,857 INFO  MethodCallReplacementClassAdapter - Adding mock interface to class org/apache/hadoop/thirdparty/com/google/common/collect/Lists$TransformingRandomAccessList
2024-11-12 13:41:13,857 INFO  CreateClassResetClassAdapter - Creating brand-new static initializer in class org/apache/hadoop/thirdparty/com/google/common/collect/Lists$TransformingRandomAccessList
2024-11-12 13:41:13,857 INFO  EvoClassLoader - Keeping class: org.apache.hadoop.thirdparty.com.google.common.collect.Lists$TransformingRandomAccessList
2024-11-12 13:41:13,857 INFO  EvoClassLoader - Seeing class for first time: org.apache.hadoop.thirdparty.com.google.common.collect.Lists$AbstractListWrapper
2024-11-12 13:41:13,857 INFO  EvoClassLoader - Instrumenting class 'org.apache.hadoop.thirdparty.com.google.common.collect.Lists$AbstractListWrapper'.
2024-11-12 13:41:13,857 INFO  MethodCallReplacementClassAdapter - Adding mock interface to class org/apache/hadoop/thirdparty/com/google/common/collect/Lists$AbstractListWrapper
2024-11-12 13:41:13,857 INFO  CreateClassResetClassAdapter - Creating brand-new static initializer in class org/apache/hadoop/thirdparty/com/google/common/collect/Lists$AbstractListWrapper
2024-11-12 13:41:13,858 INFO  EvoClassLoader - Keeping class: org.apache.hadoop.thirdparty.com.google.common.collect.Lists$AbstractListWrapper
2024-11-12 13:41:13,858 INFO  EvoClassLoader - Seeing class for first time: org.apache.hadoop.thirdparty.com.google.common.collect.Lists$1
2024-11-12 13:41:13,858 INFO  EvoClassLoader - Instrumenting class 'org.apache.hadoop.thirdparty.com.google.common.collect.Lists$1'.
2024-11-12 13:41:13,858 INFO  MethodCallReplacementClassAdapter - Adding mock interface to class org/apache/hadoop/thirdparty/com/google/common/collect/Lists$1
2024-11-12 13:41:13,858 INFO  EvoClassLoader - Seeing class for first time: org.apache.hadoop.thirdparty.com.google.common.collect.Lists$RandomAccessListWrapper
2024-11-12 13:41:13,858 INFO  EvoClassLoader - Instrumenting class 'org.apache.hadoop.thirdparty.com.google.common.collect.Lists$RandomAccessListWrapper'.
2024-11-12 13:41:13,858 INFO  MethodCallReplacementClassAdapter - Adding mock interface to class org/apache/hadoop/thirdparty/com/google/common/collect/Lists$RandomAccessListWrapper
2024-11-12 13:41:13,858 INFO  CreateClassResetClassAdapter - Creating brand-new static initializer in class org/apache/hadoop/thirdparty/com/google/common/collect/Lists$RandomAccessListWrapper
2024-11-12 13:41:13,858 INFO  EvoClassLoader - Keeping class: org.apache.hadoop.thirdparty.com.google.common.collect.Lists$RandomAccessListWrapper
2024-11-12 13:41:13,858 INFO  EvoClassLoader - Keeping class: org.apache.hadoop.thirdparty.com.google.common.collect.Lists$1
2024-11-12 13:41:13,858 INFO  EvoClassLoader - Seeing class for first time: org.apache.hadoop.thirdparty.com.google.common.collect.Lists$2
2024-11-12 13:41:13,858 INFO  EvoClassLoader - Instrumenting class 'org.apache.hadoop.thirdparty.com.google.common.collect.Lists$2'.
2024-11-12 13:41:13,858 INFO  MethodCallReplacementClassAdapter - Adding mock interface to class org/apache/hadoop/thirdparty/com/google/common/collect/Lists$2
2024-11-12 13:41:13,858 INFO  EvoClassLoader - Keeping class: org.apache.hadoop.thirdparty.com.google.common.collect.Lists$2
2024-11-12 13:41:13,858 INFO  EvoClassLoader - Seeing class for first time: org.apache.hadoop.hdfs.protocol.DirectoryListing
2024-11-12 13:41:13,858 INFO  EvoClassLoader - Instrumenting class 'org.apache.hadoop.hdfs.protocol.DirectoryListing'.
2024-11-12 13:41:13,858 INFO  MethodCallReplacementClassAdapter - Adding mock interface to class org/apache/hadoop/hdfs/protocol/DirectoryListing
2024-11-12 13:41:13,859 INFO  CreateClassResetClassAdapter - Creating brand-new static initializer in class org/apache/hadoop/hdfs/protocol/DirectoryListing
2024-11-12 13:41:13,859 INFO  EvoClassLoader - Keeping class: org.apache.hadoop.hdfs.protocol.DirectoryListing
2024-11-12 13:41:13,859 INFO  EvoClassLoader - Seeing class for first time: org.apache.hadoop.hdfs.server.namenode.snapshot.DirectoryWithSnapshotFeature
2024-11-12 13:41:13,859 INFO  EvoClassLoader - Instrumenting class 'org.apache.hadoop.hdfs.server.namenode.snapshot.DirectoryWithSnapshotFeature'.
2024-11-12 13:41:13,859 INFO  MethodCallReplacementClassAdapter - Adding mock interface to class org/apache/hadoop/hdfs/server/namenode/snapshot/DirectoryWithSnapshotFeature
2024-11-12 13:41:13,859 INFO  CreateClassResetClassAdapter - Creating brand-new static initializer in class org/apache/hadoop/hdfs/server/namenode/snapshot/DirectoryWithSnapshotFeature
2024-11-12 13:41:13,860 INFO  EvoClassLoader - Keeping class: org.apache.hadoop.hdfs.server.namenode.snapshot.DirectoryWithSnapshotFeature
2024-11-12 13:41:13,860 INFO  EvoClassLoader - Seeing class for first time: org.apache.hadoop.hdfs.util.Diff
2024-11-12 13:41:13,860 INFO  EvoClassLoader - Instrumenting class 'org.apache.hadoop.hdfs.util.Diff'.
2024-11-12 13:41:13,860 INFO  MethodCallReplacementClassAdapter - Adding mock interface to class org/apache/hadoop/hdfs/util/Diff
2024-11-12 13:41:13,861 INFO  CreateClassResetClassAdapter - Creating brand-new static initializer in class org/apache/hadoop/hdfs/util/Diff
2024-11-12 13:41:13,861 INFO  CreateClassResetClassAdapter - Adding bytecode for initializing field DEFAULT_ARRAY_INITIAL_CAPACITY
2024-11-12 13:41:13,861 INFO  EvoClassLoader - Keeping class: org.apache.hadoop.hdfs.util.Diff
2024-11-12 13:41:13,861 INFO  EvoClassLoader - Seeing class for first time: org.apache.hadoop.hdfs.server.namenode.snapshot.DirectoryWithSnapshotFeature$ChildrenDiff
2024-11-12 13:41:13,861 INFO  EvoClassLoader - Instrumenting class 'org.apache.hadoop.hdfs.server.namenode.snapshot.DirectoryWithSnapshotFeature$ChildrenDiff'.
2024-11-12 13:41:13,861 INFO  MethodCallReplacementClassAdapter - Adding mock interface to class org/apache/hadoop/hdfs/server/namenode/snapshot/DirectoryWithSnapshotFeature$ChildrenDiff
2024-11-12 13:41:13,861 INFO  CreateClassResetClassAdapter - Creating brand-new static initializer in class org/apache/hadoop/hdfs/server/namenode/snapshot/DirectoryWithSnapshotFeature$ChildrenDiff
2024-11-12 13:41:13,861 INFO  EvoClassLoader - Keeping class: org.apache.hadoop.hdfs.server.namenode.snapshot.DirectoryWithSnapshotFeature$ChildrenDiff
2024-11-12 13:41:13,861 INFO  EvoClassLoader - Seeing class for first time: org.apache.hadoop.conf.Configuration$IntegerRanges
2024-11-12 13:41:13,861 INFO  EvoClassLoader - Instrumenting class 'org.apache.hadoop.conf.Configuration$IntegerRanges'.
2024-11-12 13:41:13,862 INFO  MethodCallReplacementClassAdapter - Adding mock interface to class org/apache/hadoop/conf/Configuration$IntegerRanges
2024-11-12 13:41:13,862 INFO  CreateClassResetClassAdapter - Creating brand-new static initializer in class org/apache/hadoop/conf/Configuration$IntegerRanges
2024-11-12 13:41:13,862 INFO  EvoClassLoader - Keeping class: org.apache.hadoop.conf.Configuration$IntegerRanges
2024-11-12 13:41:13,862 INFO  EvoClassLoader - Seeing class for first time: org.apache.hadoop.hdfs.security.token.delegation.DelegationTokenSecretManager$SecretManagerState
2024-11-12 13:41:13,862 INFO  EvoClassLoader - Instrumenting class 'org.apache.hadoop.hdfs.security.token.delegation.DelegationTokenSecretManager$SecretManagerState'.
2024-11-12 13:41:13,862 INFO  MethodCallReplacementClassAdapter - Adding mock interface to class org/apache/hadoop/hdfs/security/token/delegation/DelegationTokenSecretManager$SecretManagerState
2024-11-12 13:41:13,862 INFO  CreateClassResetClassAdapter - Creating brand-new static initializer in class org/apache/hadoop/hdfs/security/token/delegation/DelegationTokenSecretManager$SecretManagerState
2024-11-12 13:41:13,863 INFO  EvoClassLoader - Keeping class: org.apache.hadoop.hdfs.security.token.delegation.DelegationTokenSecretManager$SecretManagerState
2024-11-12 13:41:13,863 INFO  EvoClassLoader - Seeing class for first time: org.apache.hadoop.hdfs.server.namenode.FsImageProto$CacheManagerSection
2024-11-12 13:41:13,863 INFO  EvoClassLoader - Instrumenting class 'org.apache.hadoop.hdfs.server.namenode.FsImageProto$CacheManagerSection'.
2024-11-12 13:41:13,863 INFO  MethodCallReplacementClassAdapter - Adding mock interface to class org/apache/hadoop/hdfs/server/namenode/FsImageProto$CacheManagerSection
2024-11-12 13:41:13,863 INFO  CreateClassResetClassAdapter - Found static initializer in class org/apache/hadoop/hdfs/server/namenode/FsImageProto$CacheManagerSection
2024-11-12 13:41:13,864 INFO  EvoClassLoader - Seeing class for first time: org.apache.hadoop.hdfs.server.namenode.FsImageProto$CacheManagerSectionOrBuilder
2024-11-12 13:41:13,864 INFO  EvoClassLoader - Instrumenting class 'org.apache.hadoop.hdfs.server.namenode.FsImageProto$CacheManagerSectionOrBuilder'.
2024-11-12 13:41:13,864 INFO  EvoClassLoader - Keeping class: org.apache.hadoop.hdfs.server.namenode.FsImageProto$CacheManagerSectionOrBuilder
2024-11-12 13:41:13,864 INFO  EvoClassLoader - Keeping class: org.apache.hadoop.hdfs.server.namenode.FsImageProto$CacheManagerSection
2024-11-12 13:41:13,864 INFO  EvoClassLoader - Seeing class for first time: org.apache.hadoop.hdfs.server.namenode.FsImageProto$CacheManagerSection$1
2024-11-12 13:41:13,864 INFO  EvoClassLoader - Instrumenting class 'org.apache.hadoop.hdfs.server.namenode.FsImageProto$CacheManagerSection$1'.
2024-11-12 13:41:13,865 INFO  MethodCallReplacementClassAdapter - Adding mock interface to class org/apache/hadoop/hdfs/server/namenode/FsImageProto$CacheManagerSection$1
2024-11-12 13:41:13,865 INFO  EvoClassLoader - Keeping class: org.apache.hadoop.hdfs.server.namenode.FsImageProto$CacheManagerSection$1
2024-11-12 13:41:13,865 INFO  EvoClassLoader - Seeing class for first time: org.apache.hadoop.fs.permission.PermissionStatus$2
2024-11-12 13:41:13,865 INFO  EvoClassLoader - Instrumenting class 'org.apache.hadoop.fs.permission.PermissionStatus$2'.
2024-11-12 13:41:13,865 INFO  MethodCallReplacementClassAdapter - Adding mock interface to class org/apache/hadoop/fs/permission/PermissionStatus$2
2024-11-12 13:41:13,866 INFO  EvoClassLoader - Seeing class for first time: org.apache.hadoop.fs.permission.PermissionStatus
2024-11-12 13:41:13,866 INFO  EvoClassLoader - Instrumenting class 'org.apache.hadoop.fs.permission.PermissionStatus'.
2024-11-12 13:41:13,866 INFO  MethodCallReplacementClassAdapter - Adding mock interface to class org/apache/hadoop/fs/permission/PermissionStatus
2024-11-12 13:41:13,866 INFO  CreateClassResetClassAdapter - Found static initializer in class org/apache/hadoop/fs/permission/PermissionStatus
2024-11-12 13:41:13,866 INFO  EvoClassLoader - Keeping class: org.apache.hadoop.fs.permission.PermissionStatus
2024-11-12 13:41:13,866 INFO  EvoClassLoader - Keeping class: org.apache.hadoop.fs.permission.PermissionStatus$2
2024-11-12 13:41:13,866 INFO  EvoClassLoader - Seeing class for first time: org.apache.hadoop.fs.permission.PermissionStatus$1
2024-11-12 13:41:13,866 INFO  EvoClassLoader - Instrumenting class 'org.apache.hadoop.fs.permission.PermissionStatus$1'.
2024-11-12 13:41:13,866 INFO  MethodCallReplacementClassAdapter - Adding mock interface to class org/apache/hadoop/fs/permission/PermissionStatus$1
2024-11-12 13:41:13,866 INFO  EvoClassLoader - Keeping class: org.apache.hadoop.fs.permission.PermissionStatus$1
2024-11-12 13:41:13,867 INFO  EvoClassLoader - Seeing class for first time: org.apache.hadoop.hdfs.server.protocol.StorageReceivedDeletedBlocks
2024-11-12 13:41:13,867 INFO  EvoClassLoader - Instrumenting class 'org.apache.hadoop.hdfs.server.protocol.StorageReceivedDeletedBlocks'.
2024-11-12 13:41:13,867 INFO  MethodCallReplacementClassAdapter - Adding mock interface to class org/apache/hadoop/hdfs/server/protocol/StorageReceivedDeletedBlocks
2024-11-12 13:41:13,867 INFO  CreateClassResetClassAdapter - Creating brand-new static initializer in class org/apache/hadoop/hdfs/server/protocol/StorageReceivedDeletedBlocks
2024-11-12 13:41:13,867 INFO  EvoClassLoader - Keeping class: org.apache.hadoop.hdfs.server.protocol.StorageReceivedDeletedBlocks
2024-11-12 13:41:13,874 INFO  EvoClassLoader - Seeing class for first time: org.apache.hadoop.ha.HAServiceProtocol$StateChangeRequestInfo
2024-11-12 13:41:13,874 INFO  EvoClassLoader - Instrumenting class 'org.apache.hadoop.ha.HAServiceProtocol$StateChangeRequestInfo'.
2024-11-12 13:41:13,874 INFO  MethodCallReplacementClassAdapter - Adding mock interface to class org/apache/hadoop/ha/HAServiceProtocol$StateChangeRequestInfo
2024-11-12 13:41:13,874 INFO  CreateClassResetClassAdapter - Creating brand-new static initializer in class org/apache/hadoop/ha/HAServiceProtocol$StateChangeRequestInfo
2024-11-12 13:41:13,875 INFO  EvoClassLoader - Keeping class: org.apache.hadoop.ha.HAServiceProtocol$StateChangeRequestInfo
2024-11-12 13:41:13,875 INFO  EvoClassLoader - Seeing class for first time: org.apache.hadoop.hdfs.server.namenode.snapshot.DirectoryWithSnapshotFeature$DirectoryDiffList
2024-11-12 13:41:13,875 INFO  EvoClassLoader - Instrumenting class 'org.apache.hadoop.hdfs.server.namenode.snapshot.DirectoryWithSnapshotFeature$DirectoryDiffList'.
2024-11-12 13:41:13,875 INFO  MethodCallReplacementClassAdapter - Adding mock interface to class org/apache/hadoop/hdfs/server/namenode/snapshot/DirectoryWithSnapshotFeature$DirectoryDiffList
2024-11-12 13:41:13,875 INFO  CreateClassResetClassAdapter - Creating brand-new static initializer in class org/apache/hadoop/hdfs/server/namenode/snapshot/DirectoryWithSnapshotFeature$DirectoryDiffList
2024-11-12 13:41:13,876 INFO  EvoClassLoader - Seeing class for first time: org.apache.hadoop.hdfs.server.namenode.snapshot.AbstractINodeDiffList
2024-11-12 13:41:13,876 INFO  EvoClassLoader - Instrumenting class 'org.apache.hadoop.hdfs.server.namenode.snapshot.AbstractINodeDiffList'.
2024-11-12 13:41:13,876 INFO  MethodCallReplacementClassAdapter - Adding mock interface to class org/apache/hadoop/hdfs/server/namenode/snapshot/AbstractINodeDiffList
2024-11-12 13:41:13,876 INFO  CreateClassResetClassAdapter - Creating brand-new static initializer in class org/apache/hadoop/hdfs/server/namenode/snapshot/AbstractINodeDiffList
2024-11-12 13:41:13,876 INFO  EvoClassLoader - Keeping class: org.apache.hadoop.hdfs.server.namenode.snapshot.AbstractINodeDiffList
2024-11-12 13:41:13,876 INFO  EvoClassLoader - Keeping class: org.apache.hadoop.hdfs.server.namenode.snapshot.DirectoryWithSnapshotFeature$DirectoryDiffList
2024-11-12 13:41:13,877 INFO  EvoClassLoader - Seeing class for first time: org.apache.hadoop.hdfs.server.namenode.snapshot.AbstractINodeDiff
2024-11-12 13:41:13,877 INFO  EvoClassLoader - Instrumenting class 'org.apache.hadoop.hdfs.server.namenode.snapshot.AbstractINodeDiff'.
2024-11-12 13:41:13,877 INFO  MethodCallReplacementClassAdapter - Adding mock interface to class org/apache/hadoop/hdfs/server/namenode/snapshot/AbstractINodeDiff
2024-11-12 13:41:13,877 INFO  CreateClassResetClassAdapter - Creating brand-new static initializer in class org/apache/hadoop/hdfs/server/namenode/snapshot/AbstractINodeDiff
2024-11-12 13:41:13,877 INFO  EvoClassLoader - Keeping class: org.apache.hadoop.hdfs.server.namenode.snapshot.AbstractINodeDiff
2024-11-12 13:41:13,877 INFO  EvoClassLoader - Seeing class for first time: org.apache.hadoop.hdfs.server.namenode.snapshot.DirectoryWithSnapshotFeature$DirectoryDiff
2024-11-12 13:41:13,877 INFO  EvoClassLoader - Instrumenting class 'org.apache.hadoop.hdfs.server.namenode.snapshot.DirectoryWithSnapshotFeature$DirectoryDiff'.
2024-11-12 13:41:13,877 INFO  MethodCallReplacementClassAdapter - Adding mock interface to class org/apache/hadoop/hdfs/server/namenode/snapshot/DirectoryWithSnapshotFeature$DirectoryDiff
2024-11-12 13:41:13,878 INFO  CreateClassResetClassAdapter - Creating brand-new static initializer in class org/apache/hadoop/hdfs/server/namenode/snapshot/DirectoryWithSnapshotFeature$DirectoryDiff
2024-11-12 13:41:13,878 INFO  EvoClassLoader - Keeping class: org.apache.hadoop.hdfs.server.namenode.snapshot.DirectoryWithSnapshotFeature$DirectoryDiff
2024-11-12 13:41:13,878 INFO  EvoClassLoader - Seeing class for first time: org.apache.hadoop.hdfs.server.namenode.INode$BlocksMapUpdateInfo$UpdatedReplicationInfo
2024-11-12 13:41:13,878 INFO  EvoClassLoader - Instrumenting class 'org.apache.hadoop.hdfs.server.namenode.INode$BlocksMapUpdateInfo$UpdatedReplicationInfo'.
2024-11-12 13:41:13,878 INFO  MethodCallReplacementClassAdapter - Adding mock interface to class org/apache/hadoop/hdfs/server/namenode/INode$BlocksMapUpdateInfo$UpdatedReplicationInfo
2024-11-12 13:41:13,878 INFO  CreateClassResetClassAdapter - Creating brand-new static initializer in class org/apache/hadoop/hdfs/server/namenode/INode$BlocksMapUpdateInfo$UpdatedReplicationInfo
2024-11-12 13:41:13,878 INFO  EvoClassLoader - Keeping class: org.apache.hadoop.hdfs.server.namenode.INode$BlocksMapUpdateInfo$UpdatedReplicationInfo
2024-11-12 13:41:13,878 INFO  EvoClassLoader - Seeing class for first time: org.apache.hadoop.hdfs.server.namenode.ContentSummaryComputationContext
2024-11-12 13:41:13,878 INFO  EvoClassLoader - Instrumenting class 'org.apache.hadoop.hdfs.server.namenode.ContentSummaryComputationContext'.
2024-11-12 13:41:13,878 INFO  MethodCallReplacementClassAdapter - Adding mock interface to class org/apache/hadoop/hdfs/server/namenode/ContentSummaryComputationContext
2024-11-12 13:41:13,879 INFO  CreateClassResetClassAdapter - Found static initializer in class org/apache/hadoop/hdfs/server/namenode/ContentSummaryComputationContext
2024-11-12 13:41:13,879 INFO  EvoClassLoader - Keeping class: org.apache.hadoop.hdfs.server.namenode.ContentSummaryComputationContext
2024-11-12 13:41:13,879 INFO  EvoClassLoader - Seeing class for first time: org.apache.hadoop.metrics2.annotation.Metric
2024-11-12 13:41:13,879 INFO  EvoClassLoader - Instrumenting class 'org.apache.hadoop.metrics2.annotation.Metric'.
2024-11-12 13:41:13,880 INFO  EvoClassLoader - Defined package (3): package org.apache.hadoop.metrics2.annotation, 1989769083
2024-11-12 13:41:13,880 INFO  EvoClassLoader - Keeping class: org.apache.hadoop.metrics2.annotation.Metric
2024-11-12 13:41:13,880 INFO  EvoClassLoader - Seeing class for first time: org.apache.hadoop.metrics2.annotation.Metrics
2024-11-12 13:41:13,880 INFO  EvoClassLoader - Instrumenting class 'org.apache.hadoop.metrics2.annotation.Metrics'.
2024-11-12 13:41:13,881 INFO  EvoClassLoader - Keeping class: org.apache.hadoop.metrics2.annotation.Metrics
2024-11-12 13:41:13,881 INFO  EvoClassLoader - Seeing class for first time: org.apache.hadoop.fs.BlockStoragePolicySpi
2024-11-12 13:41:13,881 INFO  EvoClassLoader - Instrumenting class 'org.apache.hadoop.fs.BlockStoragePolicySpi'.
2024-11-12 13:41:13,881 INFO  EvoClassLoader - Keeping class: org.apache.hadoop.fs.BlockStoragePolicySpi
2024-11-12 13:41:13,881 INFO  EvoClassLoader - Seeing class for first time: org.apache.hadoop.ha.HAServiceProtocol$RequestSource
2024-11-12 13:41:13,881 INFO  EvoClassLoader - Instrumenting class 'org.apache.hadoop.ha.HAServiceProtocol$RequestSource'.
2024-11-12 13:41:13,881 INFO  MethodCallReplacementClassAdapter - Adding mock interface to class org/apache/hadoop/ha/HAServiceProtocol$RequestSource
2024-11-12 13:41:13,881 INFO  CreateClassResetClassAdapter - Found static initializer in class org/apache/hadoop/ha/HAServiceProtocol$RequestSource
2024-11-12 13:41:13,881 INFO  EvoClassLoader - Keeping class: org.apache.hadoop.ha.HAServiceProtocol$RequestSource
2024-11-12 13:41:13,882 INFO  EvoClassLoader - Seeing class for first time: org.apache.hadoop.fs.Path
2024-11-12 13:41:13,882 INFO  EvoClassLoader - Instrumenting class 'org.apache.hadoop.fs.Path'.
2024-11-12 13:41:13,882 INFO  MethodCallReplacementClassAdapter - Adding mock interface to class org/apache/hadoop/fs/Path
2024-11-12 13:41:13,883 INFO  CreateClassResetClassAdapter - Found static initializer in class org/apache/hadoop/fs/Path
2024-11-12 13:41:13,884 INFO  EvoClassLoader - Keeping class: org.apache.hadoop.fs.Path
2024-11-12 13:41:13,884 INFO  EvoClassLoader - Seeing class for first time: org.apache.hadoop.classification.InterfaceAudience$Public
2024-11-12 13:41:13,884 INFO  EvoClassLoader - Instrumenting class 'org.apache.hadoop.classification.InterfaceAudience$Public'.
2024-11-12 13:41:13,885 INFO  EvoClassLoader - Keeping class: org.apache.hadoop.classification.InterfaceAudience$Public
2024-11-12 13:41:13,885 INFO  EvoClassLoader - Seeing class for first time: org.apache.hadoop.hdfs.server.namenode.XAttrFormat
2024-11-12 13:41:13,885 INFO  EvoClassLoader - Instrumenting class 'org.apache.hadoop.hdfs.server.namenode.XAttrFormat'.
2024-11-12 13:41:13,885 INFO  MethodCallReplacementClassAdapter - Adding mock interface to class org/apache/hadoop/hdfs/server/namenode/XAttrFormat
2024-11-12 13:41:13,886 INFO  CreateClassResetClassAdapter - Found static initializer in class org/apache/hadoop/hdfs/server/namenode/XAttrFormat
2024-11-12 13:41:13,886 INFO  EvoClassLoader - Keeping class: org.apache.hadoop.hdfs.server.namenode.XAttrFormat
2024-11-12 13:41:13,887 INFO  EvoClassLoader - Seeing class for first time: org.apache.hadoop.hdfs.util.LongBitFormat
2024-11-12 13:41:13,887 INFO  EvoClassLoader - Instrumenting class 'org.apache.hadoop.hdfs.util.LongBitFormat'.
2024-11-12 13:41:13,887 INFO  MethodCallReplacementClassAdapter - Adding mock interface to class org/apache/hadoop/hdfs/util/LongBitFormat
2024-11-12 13:41:13,888 INFO  CreateClassResetClassAdapter - Creating brand-new static initializer in class org/apache/hadoop/hdfs/util/LongBitFormat
2024-11-12 13:41:13,888 INFO  EvoClassLoader - Keeping class: org.apache.hadoop.hdfs.util.LongBitFormat
2024-11-12 13:41:13,888 INFO  EvoClassLoader - Seeing class for first time: org.apache.hadoop.fs.LocatedFileStatus
2024-11-12 13:41:13,888 INFO  EvoClassLoader - Instrumenting class 'org.apache.hadoop.fs.LocatedFileStatus'.
2024-11-12 13:41:13,889 INFO  MethodCallReplacementClassAdapter - Adding mock interface to class org/apache/hadoop/fs/LocatedFileStatus
2024-11-12 13:41:13,889 INFO  CreateClassResetClassAdapter - Creating brand-new static initializer in class org/apache/hadoop/fs/LocatedFileStatus
2024-11-12 13:41:13,890 INFO  EvoClassLoader - Seeing class for first time: org.apache.hadoop.fs.FileStatus
2024-11-12 13:41:13,890 INFO  EvoClassLoader - Instrumenting class 'org.apache.hadoop.fs.FileStatus'.
2024-11-12 13:41:13,890 INFO  MethodCallReplacementClassAdapter - Adding mock interface to class org/apache/hadoop/fs/FileStatus
2024-11-12 13:41:13,892 INFO  CreateClassResetClassAdapter - Found static initializer in class org/apache/hadoop/fs/FileStatus
2024-11-12 13:41:13,892 INFO  EvoClassLoader - Keeping class: org.apache.hadoop.fs.FileStatus
2024-11-12 13:41:13,892 INFO  EvoClassLoader - Keeping class: org.apache.hadoop.fs.LocatedFileStatus
2024-11-12 13:41:13,893 INFO  EvoClassLoader - Seeing class for first time: org.apache.hadoop.hdfs.server.namenode.snapshot.Snapshot$1
2024-11-12 13:41:13,893 INFO  EvoClassLoader - Instrumenting class 'org.apache.hadoop.hdfs.server.namenode.snapshot.Snapshot$1'.
2024-11-12 13:41:13,893 INFO  MethodCallReplacementClassAdapter - Adding mock interface to class org/apache/hadoop/hdfs/server/namenode/snapshot/Snapshot$1
2024-11-12 13:41:13,893 INFO  EvoClassLoader - Keeping class: org.apache.hadoop.hdfs.server.namenode.snapshot.Snapshot$1
2024-11-12 13:41:13,893 INFO  EvoClassLoader - Seeing class for first time: org.apache.hadoop.hdfs.server.protocol.SlowDiskReports
2024-11-12 13:41:13,893 INFO  EvoClassLoader - Instrumenting class 'org.apache.hadoop.hdfs.server.protocol.SlowDiskReports'.
2024-11-12 13:41:13,893 INFO  MethodCallReplacementClassAdapter - Adding mock interface to class org/apache/hadoop/hdfs/server/protocol/SlowDiskReports
2024-11-12 13:41:13,894 INFO  CreateClassResetClassAdapter - Found static initializer in class org/apache/hadoop/hdfs/server/protocol/SlowDiskReports
2024-11-12 13:41:13,894 INFO  EvoClassLoader - Keeping class: org.apache.hadoop.hdfs.server.protocol.SlowDiskReports
2024-11-12 13:41:13,894 INFO  EvoClassLoader - Seeing class for first time: org.apache.hadoop.hdfs.server.namenode.snapshot.Snapshot$2
2024-11-12 13:41:13,894 INFO  EvoClassLoader - Instrumenting class 'org.apache.hadoop.hdfs.server.namenode.snapshot.Snapshot$2'.
2024-11-12 13:41:13,894 INFO  MethodCallReplacementClassAdapter - Adding mock interface to class org/apache/hadoop/hdfs/server/namenode/snapshot/Snapshot$2
2024-11-12 13:41:13,894 INFO  EvoClassLoader - Keeping class: org.apache.hadoop.hdfs.server.namenode.snapshot.Snapshot$2
2024-11-12 13:41:13,894 INFO  EvoClassLoader - Seeing class for first time: org.apache.hadoop.hdfs.protocol.HdfsConstants$ReencryptAction
2024-11-12 13:41:13,894 INFO  EvoClassLoader - Instrumenting class 'org.apache.hadoop.hdfs.protocol.HdfsConstants$ReencryptAction'.
2024-11-12 13:41:13,895 INFO  MethodCallReplacementClassAdapter - Adding mock interface to class org/apache/hadoop/hdfs/protocol/HdfsConstants$ReencryptAction
2024-11-12 13:41:13,895 INFO  CreateClassResetClassAdapter - Found static initializer in class org/apache/hadoop/hdfs/protocol/HdfsConstants$ReencryptAction
2024-11-12 13:41:13,895 INFO  EvoClassLoader - Keeping class: org.apache.hadoop.hdfs.protocol.HdfsConstants$ReencryptAction
2024-11-12 13:41:13,895 INFO  EvoClassLoader - Seeing class for first time: org.apache.hadoop.hdfs.server.namenode.FsImageProto$SecretManagerSection$DelegationKey
2024-11-12 13:41:13,895 INFO  EvoClassLoader - Instrumenting class 'org.apache.hadoop.hdfs.server.namenode.FsImageProto$SecretManagerSection$DelegationKey'.
2024-11-12 13:41:13,895 INFO  MethodCallReplacementClassAdapter - Adding mock interface to class org/apache/hadoop/hdfs/server/namenode/FsImageProto$SecretManagerSection$DelegationKey
2024-11-12 13:41:13,896 INFO  CreateClassResetClassAdapter - Found static initializer in class org/apache/hadoop/hdfs/server/namenode/FsImageProto$SecretManagerSection$DelegationKey
2024-11-12 13:41:13,897 INFO  EvoClassLoader - Keeping class: org.apache.hadoop.hdfs.server.namenode.FsImageProto$SecretManagerSection$DelegationKey
2024-11-12 13:41:13,897 INFO  EvoClassLoader - Seeing class for first time: org.apache.hadoop.hdfs.server.namenode.FsImageProto$SecretManagerSection$DelegationKey$1
2024-11-12 13:41:13,897 INFO  EvoClassLoader - Instrumenting class 'org.apache.hadoop.hdfs.server.namenode.FsImageProto$SecretManagerSection$DelegationKey$1'.
2024-11-12 13:41:13,898 INFO  MethodCallReplacementClassAdapter - Adding mock interface to class org/apache/hadoop/hdfs/server/namenode/FsImageProto$SecretManagerSection$DelegationKey$1
2024-11-12 13:41:13,898 INFO  EvoClassLoader - Keeping class: org.apache.hadoop.hdfs.server.namenode.FsImageProto$SecretManagerSection$DelegationKey$1
2024-11-12 13:41:13,898 INFO  EvoClassLoader - Seeing class for first time: org.apache.hadoop.hdfs.protocol.BlockType
2024-11-12 13:41:13,898 INFO  EvoClassLoader - Instrumenting class 'org.apache.hadoop.hdfs.protocol.BlockType'.
2024-11-12 13:41:13,898 INFO  MethodCallReplacementClassAdapter - Adding mock interface to class org/apache/hadoop/hdfs/protocol/BlockType
2024-11-12 13:41:13,899 INFO  CreateClassResetClassAdapter - Found static initializer in class org/apache/hadoop/hdfs/protocol/BlockType
2024-11-12 13:41:13,899 INFO  EvoClassLoader - Keeping class: org.apache.hadoop.hdfs.protocol.BlockType
2024-11-12 13:41:13,899 INFO  EvoClassLoader - Seeing class for first time: org.apache.hadoop.hdfs.server.namenode.XAttrFeature
2024-11-12 13:41:13,899 INFO  EvoClassLoader - Instrumenting class 'org.apache.hadoop.hdfs.server.namenode.XAttrFeature'.
2024-11-12 13:41:13,899 INFO  MethodCallReplacementClassAdapter - Adding mock interface to class org/apache/hadoop/hdfs/server/namenode/XAttrFeature
2024-11-12 13:41:13,899 INFO  CreateClassResetClassAdapter - Creating brand-new static initializer in class org/apache/hadoop/hdfs/server/namenode/XAttrFeature
2024-11-12 13:41:13,899 INFO  CreateClassResetClassAdapter - Adding bytecode for initializing field PACK_THRESHOLD
2024-11-12 13:41:13,900 INFO  EvoClassLoader - Keeping class: org.apache.hadoop.hdfs.server.namenode.XAttrFeature
2024-11-12 13:41:13,900 INFO  EvoClassLoader - Seeing class for first time: org.apache.hadoop.fs.permission.AclStatus
2024-11-12 13:41:13,900 INFO  EvoClassLoader - Instrumenting class 'org.apache.hadoop.fs.permission.AclStatus'.
2024-11-12 13:41:13,900 INFO  MethodCallReplacementClassAdapter - Adding mock interface to class org/apache/hadoop/fs/permission/AclStatus
2024-11-12 13:41:13,900 INFO  CreateClassResetClassAdapter - Creating brand-new static initializer in class org/apache/hadoop/fs/permission/AclStatus
2024-11-12 13:41:13,901 INFO  EvoClassLoader - Keeping class: org.apache.hadoop.fs.permission.AclStatus
2024-11-12 13:41:13,901 INFO  EvoClassLoader - Seeing class for first time: org.apache.hadoop.hdfs.protocol.BlockStoragePolicy
2024-11-12 13:41:13,901 INFO  EvoClassLoader - Instrumenting class 'org.apache.hadoop.hdfs.protocol.BlockStoragePolicy'.
2024-11-12 13:41:13,901 INFO  MethodCallReplacementClassAdapter - Adding mock interface to class org/apache/hadoop/hdfs/protocol/BlockStoragePolicy
2024-11-12 13:41:13,902 INFO  CreateClassResetClassAdapter - Found static initializer in class org/apache/hadoop/hdfs/protocol/BlockStoragePolicy
2024-11-12 13:41:13,902 INFO  EvoClassLoader - Keeping class: org.apache.hadoop.hdfs.protocol.BlockStoragePolicy
2024-11-12 13:41:13,902 INFO  EvoClassLoader - Seeing class for first time: org.apache.hadoop.hdfs.server.namenode.Quota
2024-11-12 13:41:13,902 INFO  EvoClassLoader - Instrumenting class 'org.apache.hadoop.hdfs.server.namenode.Quota'.
2024-11-12 13:41:13,903 INFO  MethodCallReplacementClassAdapter - Adding mock interface to class org/apache/hadoop/hdfs/server/namenode/Quota
2024-11-12 13:41:13,903 INFO  CreateClassResetClassAdapter - Found static initializer in class org/apache/hadoop/hdfs/server/namenode/Quota
2024-11-12 13:41:13,903 INFO  EvoClassLoader - Keeping class: org.apache.hadoop.hdfs.server.namenode.Quota
2024-11-12 13:41:13,903 INFO  EvoClassLoader - Seeing class for first time: org.apache.hadoop.thirdparty.protobuf.AbstractMessage$Builder
2024-11-12 13:41:13,903 INFO  EvoClassLoader - Instrumenting class 'org.apache.hadoop.thirdparty.protobuf.AbstractMessage$Builder'.
2024-11-12 13:41:13,904 INFO  MethodCallReplacementClassAdapter - Adding mock interface to class org/apache/hadoop/thirdparty/protobuf/AbstractMessage$Builder
2024-11-12 13:41:13,905 INFO  CreateClassResetClassAdapter - Creating brand-new static initializer in class org/apache/hadoop/thirdparty/protobuf/AbstractMessage$Builder
2024-11-12 13:41:13,906 INFO  EvoClassLoader - Seeing class for first time: org.apache.hadoop.thirdparty.protobuf.AbstractMessageLite$Builder
2024-11-12 13:41:13,906 INFO  EvoClassLoader - Instrumenting class 'org.apache.hadoop.thirdparty.protobuf.AbstractMessageLite$Builder'.
2024-11-12 13:41:13,906 INFO  MethodCallReplacementClassAdapter - Adding mock interface to class org/apache/hadoop/thirdparty/protobuf/AbstractMessageLite$Builder
2024-11-12 13:41:13,908 INFO  CreateClassResetClassAdapter - Creating brand-new static initializer in class org/apache/hadoop/thirdparty/protobuf/AbstractMessageLite$Builder
2024-11-12 13:41:13,909 INFO  EvoClassLoader - Keeping class: org.apache.hadoop.thirdparty.protobuf.AbstractMessageLite$Builder
2024-11-12 13:41:13,909 INFO  EvoClassLoader - Keeping class: org.apache.hadoop.thirdparty.protobuf.AbstractMessage$Builder
2024-11-12 13:41:13,910 INFO  EvoClassLoader - Seeing class for first time: org.apache.hadoop.thirdparty.protobuf.MessageReflection$MergeTarget
2024-11-12 13:41:13,910 INFO  EvoClassLoader - Instrumenting class 'org.apache.hadoop.thirdparty.protobuf.MessageReflection$MergeTarget'.
2024-11-12 13:41:13,911 INFO  EvoClassLoader - Keeping class: org.apache.hadoop.thirdparty.protobuf.MessageReflection$MergeTarget
2024-11-12 13:41:13,911 INFO  EvoClassLoader - Seeing class for first time: org.apache.hadoop.fs.CacheFlag
2024-11-12 13:41:13,911 INFO  EvoClassLoader - Instrumenting class 'org.apache.hadoop.fs.CacheFlag'.
2024-11-12 13:41:13,912 INFO  MethodCallReplacementClassAdapter - Adding mock interface to class org/apache/hadoop/fs/CacheFlag
2024-11-12 13:41:13,912 INFO  CreateClassResetClassAdapter - Found static initializer in class org/apache/hadoop/fs/CacheFlag
2024-11-12 13:41:13,912 INFO  EvoClassLoader - Keeping class: org.apache.hadoop.fs.CacheFlag
2024-11-12 13:41:13,912 INFO  EvoClassLoader - Seeing class for first time: org.apache.hadoop.hdfs.server.namenode.FsImageProto$SecretManagerSection$Builder
2024-11-12 13:41:13,912 INFO  EvoClassLoader - Instrumenting class 'org.apache.hadoop.hdfs.server.namenode.FsImageProto$SecretManagerSection$Builder'.
2024-11-12 13:41:13,912 INFO  MethodCallReplacementClassAdapter - Adding mock interface to class org/apache/hadoop/hdfs/server/namenode/FsImageProto$SecretManagerSection$Builder
2024-11-12 13:41:13,913 INFO  CreateClassResetClassAdapter - Creating brand-new static initializer in class org/apache/hadoop/hdfs/server/namenode/FsImageProto$SecretManagerSection$Builder
2024-11-12 13:41:13,913 INFO  EvoClassLoader - Seeing class for first time: org.apache.hadoop.hdfs.server.namenode.FsImageProto$SecretManagerSectionOrBuilder
2024-11-12 13:41:13,913 INFO  EvoClassLoader - Instrumenting class 'org.apache.hadoop.hdfs.server.namenode.FsImageProto$SecretManagerSectionOrBuilder'.
2024-11-12 13:41:13,913 INFO  EvoClassLoader - Keeping class: org.apache.hadoop.hdfs.server.namenode.FsImageProto$SecretManagerSectionOrBuilder
2024-11-12 13:41:13,913 INFO  EvoClassLoader - Seeing class for first time: org.apache.hadoop.thirdparty.protobuf.GeneratedMessageV3$Builder
2024-11-12 13:41:13,913 INFO  EvoClassLoader - Instrumenting class 'org.apache.hadoop.thirdparty.protobuf.GeneratedMessageV3$Builder'.
2024-11-12 13:41:13,913 INFO  MethodCallReplacementClassAdapter - Adding mock interface to class org/apache/hadoop/thirdparty/protobuf/GeneratedMessageV3$Builder
2024-11-12 13:41:13,914 INFO  CreateClassResetClassAdapter - Creating brand-new static initializer in class org/apache/hadoop/thirdparty/protobuf/GeneratedMessageV3$Builder
2024-11-12 13:41:13,914 INFO  EvoClassLoader - Keeping class: org.apache.hadoop.thirdparty.protobuf.GeneratedMessageV3$Builder
2024-11-12 13:41:13,915 INFO  EvoClassLoader - Keeping class: org.apache.hadoop.hdfs.server.namenode.FsImageProto$SecretManagerSection$Builder
2024-11-12 13:41:13,915 INFO  EvoClassLoader - Seeing class for first time: org.apache.hadoop.thirdparty.protobuf.UninitializedMessageException
2024-11-12 13:41:13,915 INFO  EvoClassLoader - Instrumenting class 'org.apache.hadoop.thirdparty.protobuf.UninitializedMessageException'.
2024-11-12 13:41:13,915 INFO  MethodCallReplacementClassAdapter - Adding mock interface to class org/apache/hadoop/thirdparty/protobuf/UninitializedMessageException
2024-11-12 13:41:13,915 INFO  CreateClassResetClassAdapter - Creating brand-new static initializer in class org/apache/hadoop/thirdparty/protobuf/UninitializedMessageException
2024-11-12 13:41:13,915 INFO  EvoClassLoader - Keeping class: org.apache.hadoop.thirdparty.protobuf.UninitializedMessageException
2024-11-12 13:41:13,916 INFO  EvoClassLoader - Seeing class for first time: org.apache.hadoop.hdfs.protocol.HdfsLocatedFileStatus
2024-11-12 13:41:13,916 INFO  EvoClassLoader - Instrumenting class 'org.apache.hadoop.hdfs.protocol.HdfsLocatedFileStatus'.
2024-11-12 13:41:13,916 INFO  MethodCallReplacementClassAdapter - Adding mock interface to class org/apache/hadoop/hdfs/protocol/HdfsLocatedFileStatus
2024-11-12 13:41:13,917 INFO  CreateClassResetClassAdapter - Creating brand-new static initializer in class org/apache/hadoop/hdfs/protocol/HdfsLocatedFileStatus
2024-11-12 13:41:13,918 INFO  EvoClassLoader - Keeping class: org.apache.hadoop.hdfs.protocol.HdfsLocatedFileStatus
2024-11-12 13:41:13,918 INFO  EvoClassLoader - Seeing class for first time: org.apache.hadoop.hdfs.util.ConstEnumCounters$ConstEnumException
2024-11-12 13:41:13,918 INFO  EvoClassLoader - Instrumenting class 'org.apache.hadoop.hdfs.util.ConstEnumCounters$ConstEnumException'.
2024-11-12 13:41:13,918 INFO  MethodCallReplacementClassAdapter - Adding mock interface to class org/apache/hadoop/hdfs/util/ConstEnumCounters$ConstEnumException
2024-11-12 13:41:13,918 INFO  CreateClassResetClassAdapter - Creating brand-new static initializer in class org/apache/hadoop/hdfs/util/ConstEnumCounters$ConstEnumException
2024-11-12 13:41:13,918 INFO  EvoClassLoader - Keeping class: org.apache.hadoop.hdfs.util.ConstEnumCounters$ConstEnumException
2024-11-12 13:41:13,918 INFO  EvoClassLoader - Seeing class for first time: org.apache.hadoop.hdfs.server.namenode.FSNamesystem$NameNodeEditLogRoller
2024-11-12 13:41:13,918 INFO  EvoClassLoader - Instrumenting class 'org.apache.hadoop.hdfs.server.namenode.FSNamesystem$NameNodeEditLogRoller'.
2024-11-12 13:41:13,919 INFO  MethodCallReplacementClassAdapter - Adding mock interface to class org/apache/hadoop/hdfs/server/namenode/FSNamesystem$NameNodeEditLogRoller
2024-11-12 13:41:13,919 INFO  CreateClassResetClassAdapter - Creating brand-new static initializer in class org/apache/hadoop/hdfs/server/namenode/FSNamesystem$NameNodeEditLogRoller
2024-11-12 13:41:13,919 INFO  EvoClassLoader - Keeping class: org.apache.hadoop.hdfs.server.namenode.FSNamesystem$NameNodeEditLogRoller
2024-11-12 13:41:13,919 INFO  EvoClassLoader - Seeing class for first time: org.apache.hadoop.hdfs.server.namenode.FSEditLog
2024-11-12 13:41:13,919 INFO  EvoClassLoader - Instrumenting class 'org.apache.hadoop.hdfs.server.namenode.FSEditLog'.
2024-11-12 13:41:13,920 INFO  MethodCallReplacementClassAdapter - Adding mock interface to class org/apache/hadoop/hdfs/server/namenode/FSEditLog
2024-11-12 13:41:13,926 INFO  CreateClassResetClassAdapter - Found static initializer in class org/apache/hadoop/hdfs/server/namenode/FSEditLog
2024-11-12 13:41:13,928 INFO  EvoClassLoader - Keeping class: org.apache.hadoop.hdfs.server.namenode.FSEditLog
2024-11-12 13:41:13,928 INFO  EvoClassLoader - Seeing class for first time: org.apache.hadoop.hdfs.server.namenode.FSEditLog$1
2024-11-12 13:41:13,928 INFO  EvoClassLoader - Instrumenting class 'org.apache.hadoop.hdfs.server.namenode.FSEditLog$1'.
2024-11-12 13:41:13,929 INFO  MethodCallReplacementClassAdapter - Adding mock interface to class org/apache/hadoop/hdfs/server/namenode/FSEditLog$1
2024-11-12 13:41:13,929 INFO  EvoClassLoader - Keeping class: org.apache.hadoop.hdfs.server.namenode.FSEditLog$1
2024-11-12 13:41:13,929 INFO  EvoClassLoader - Seeing class for first time: org.apache.hadoop.hdfs.server.namenode.FSEditLogAsync
2024-11-12 13:41:13,929 INFO  EvoClassLoader - Instrumenting class 'org.apache.hadoop.hdfs.server.namenode.FSEditLogAsync'.
2024-11-12 13:41:13,929 INFO  MethodCallReplacementClassAdapter - Adding mock interface to class org/apache/hadoop/hdfs/server/namenode/FSEditLogAsync
2024-11-12 13:41:13,931 INFO  CreateClassResetClassAdapter - Found static initializer in class org/apache/hadoop/hdfs/server/namenode/FSEditLogAsync
2024-11-12 13:41:13,931 INFO  EvoClassLoader - Keeping class: org.apache.hadoop.hdfs.server.namenode.FSEditLogAsync
2024-11-12 13:41:13,932 INFO  EvoClassLoader - Seeing class for first time: org.apache.hadoop.hdfs.server.namenode.FSEditLogOp
2024-11-12 13:41:13,932 INFO  EvoClassLoader - Instrumenting class 'org.apache.hadoop.hdfs.server.namenode.FSEditLogOp'.
2024-11-12 13:41:13,933 INFO  MethodCallReplacementClassAdapter - Adding mock interface to class org/apache/hadoop/hdfs/server/namenode/FSEditLogOp
2024-11-12 13:41:13,934 INFO  CreateClassResetClassAdapter - Found static initializer in class org/apache/hadoop/hdfs/server/namenode/FSEditLogOp
2024-11-12 13:41:13,935 INFO  EvoClassLoader - Keeping class: org.apache.hadoop.hdfs.server.namenode.FSEditLogOp
2024-11-12 13:41:13,935 INFO  EvoClassLoader - Seeing class for first time: org.apache.hadoop.hdfs.server.namenode.FSEditLogOp$TimesOp
2024-11-12 13:41:13,935 INFO  EvoClassLoader - Instrumenting class 'org.apache.hadoop.hdfs.server.namenode.FSEditLogOp$TimesOp'.
2024-11-12 13:41:13,935 INFO  MethodCallReplacementClassAdapter - Adding mock interface to class org/apache/hadoop/hdfs/server/namenode/FSEditLogOp$TimesOp
2024-11-12 13:41:13,936 INFO  CreateClassResetClassAdapter - Creating brand-new static initializer in class org/apache/hadoop/hdfs/server/namenode/FSEditLogOp$TimesOp
2024-11-12 13:41:13,936 INFO  EvoClassLoader - Keeping class: org.apache.hadoop.hdfs.server.namenode.FSEditLogOp$TimesOp
2024-11-12 13:41:13,936 INFO  EvoClassLoader - Seeing class for first time: org.apache.hadoop.hdfs.server.namenode.FSEditLogOp$ReassignLeaseOp
2024-11-12 13:41:13,936 INFO  EvoClassLoader - Instrumenting class 'org.apache.hadoop.hdfs.server.namenode.FSEditLogOp$ReassignLeaseOp'.
2024-11-12 13:41:13,937 INFO  MethodCallReplacementClassAdapter - Adding mock interface to class org/apache/hadoop/hdfs/server/namenode/FSEditLogOp$ReassignLeaseOp
2024-11-12 13:41:13,937 INFO  CreateClassResetClassAdapter - Creating brand-new static initializer in class org/apache/hadoop/hdfs/server/namenode/FSEditLogOp$ReassignLeaseOp
2024-11-12 13:41:13,937 INFO  EvoClassLoader - Keeping class: org.apache.hadoop.hdfs.server.namenode.FSEditLogOp$ReassignLeaseOp
2024-11-12 13:41:13,937 INFO  EvoClassLoader - Seeing class for first time: org.apache.hadoop.hdfs.server.namenode.FSEditLogOp$CloseOp
2024-11-12 13:41:13,937 INFO  EvoClassLoader - Instrumenting class 'org.apache.hadoop.hdfs.server.namenode.FSEditLogOp$CloseOp'.
2024-11-12 13:41:13,937 INFO  MethodCallReplacementClassAdapter - Adding mock interface to class org/apache/hadoop/hdfs/server/namenode/FSEditLogOp$CloseOp
2024-11-12 13:41:13,937 INFO  CreateClassResetClassAdapter - Creating brand-new static initializer in class org/apache/hadoop/hdfs/server/namenode/FSEditLogOp$CloseOp
2024-11-12 13:41:13,937 INFO  EvoClassLoader - Seeing class for first time: org.apache.hadoop.hdfs.server.namenode.FSEditLogOp$AddCloseOp
2024-11-12 13:41:13,937 INFO  EvoClassLoader - Instrumenting class 'org.apache.hadoop.hdfs.server.namenode.FSEditLogOp$AddCloseOp'.
2024-11-12 13:41:13,938 INFO  MethodCallReplacementClassAdapter - Adding mock interface to class org/apache/hadoop/hdfs/server/namenode/FSEditLogOp$AddCloseOp
2024-11-12 13:41:13,939 INFO  CreateClassResetClassAdapter - Found static initializer in class org/apache/hadoop/hdfs/server/namenode/FSEditLogOp$AddCloseOp
2024-11-12 13:41:13,940 INFO  EvoClassLoader - Seeing class for first time: org.apache.hadoop.hdfs.server.namenode.FSEditLogOp$BlockListUpdatingOp
2024-11-12 13:41:13,940 INFO  EvoClassLoader - Instrumenting class 'org.apache.hadoop.hdfs.server.namenode.FSEditLogOp$BlockListUpdatingOp'.
2024-11-12 13:41:13,940 INFO  EvoClassLoader - Keeping class: org.apache.hadoop.hdfs.server.namenode.FSEditLogOp$BlockListUpdatingOp
2024-11-12 13:41:13,941 INFO  EvoClassLoader - Keeping class: org.apache.hadoop.hdfs.server.namenode.FSEditLogOp$AddCloseOp
2024-11-12 13:41:13,941 INFO  EvoClassLoader - Keeping class: org.apache.hadoop.hdfs.server.namenode.FSEditLogOp$CloseOp
2024-11-12 13:41:13,941 INFO  EvoClassLoader - Seeing class for first time: org.apache.hadoop.hdfs.server.namenode.FSEditLogOp$SetGenstampV1Op
2024-11-12 13:41:13,941 INFO  EvoClassLoader - Instrumenting class 'org.apache.hadoop.hdfs.server.namenode.FSEditLogOp$SetGenstampV1Op'.
2024-11-12 13:41:13,941 INFO  MethodCallReplacementClassAdapter - Adding mock interface to class org/apache/hadoop/hdfs/server/namenode/FSEditLogOp$SetGenstampV1Op
2024-11-12 13:41:13,941 INFO  CreateClassResetClassAdapter - Creating brand-new static initializer in class org/apache/hadoop/hdfs/server/namenode/FSEditLogOp$SetGenstampV1Op
2024-11-12 13:41:13,941 INFO  EvoClassLoader - Keeping class: org.apache.hadoop.hdfs.server.namenode.FSEditLogOp$SetGenstampV1Op
2024-11-12 13:41:13,941 INFO  EvoClassLoader - Seeing class for first time: org.apache.hadoop.hdfs.server.namenode.FSEditLogOp$SetGenstampV2Op
2024-11-12 13:41:13,941 INFO  EvoClassLoader - Instrumenting class 'org.apache.hadoop.hdfs.server.namenode.FSEditLogOp$SetGenstampV2Op'.
2024-11-12 13:41:13,941 INFO  MethodCallReplacementClassAdapter - Adding mock interface to class org/apache/hadoop/hdfs/server/namenode/FSEditLogOp$SetGenstampV2Op
2024-11-12 13:41:13,942 INFO  CreateClassResetClassAdapter - Creating brand-new static initializer in class org/apache/hadoop/hdfs/server/namenode/FSEditLogOp$SetGenstampV2Op
2024-11-12 13:41:13,942 INFO  EvoClassLoader - Keeping class: org.apache.hadoop.hdfs.server.namenode.FSEditLogOp$SetGenstampV2Op
2024-11-12 13:41:13,942 INFO  EvoClassLoader - Seeing class for first time: org.apache.hadoop.hdfs.server.namenode.FSEditLogOp$AllocateBlockIdOp
2024-11-12 13:41:13,942 INFO  EvoClassLoader - Instrumenting class 'org.apache.hadoop.hdfs.server.namenode.FSEditLogOp$AllocateBlockIdOp'.
2024-11-12 13:41:13,942 INFO  MethodCallReplacementClassAdapter - Adding mock interface to class org/apache/hadoop/hdfs/server/namenode/FSEditLogOp$AllocateBlockIdOp
2024-11-12 13:41:13,942 INFO  CreateClassResetClassAdapter - Creating brand-new static initializer in class org/apache/hadoop/hdfs/server/namenode/FSEditLogOp$AllocateBlockIdOp
2024-11-12 13:41:13,942 INFO  EvoClassLoader - Keeping class: org.apache.hadoop.hdfs.server.namenode.FSEditLogOp$AllocateBlockIdOp
2024-11-12 13:41:13,942 INFO  EvoClassLoader - Seeing class for first time: org.apache.hadoop.hdfs.server.namenode.JournalManager
2024-11-12 13:41:13,942 INFO  EvoClassLoader - Instrumenting class 'org.apache.hadoop.hdfs.server.namenode.JournalManager'.
2024-11-12 13:41:13,942 INFO  EvoClassLoader - Seeing class for first time: org.apache.hadoop.hdfs.server.common.Storage$FormatConfirmable
2024-11-12 13:41:13,942 INFO  EvoClassLoader - Instrumenting class 'org.apache.hadoop.hdfs.server.common.Storage$FormatConfirmable'.
2024-11-12 13:41:13,943 INFO  EvoClassLoader - Keeping class: org.apache.hadoop.hdfs.server.common.Storage$FormatConfirmable
2024-11-12 13:41:13,943 INFO  EvoClassLoader - Keeping class: org.apache.hadoop.hdfs.server.namenode.JournalManager
2024-11-12 13:41:13,943 INFO  EvoClassLoader - Seeing class for first time: org.apache.hadoop.hdfs.server.namenode.FSEditLogOp$GetDelegationTokenOp
2024-11-12 13:41:13,943 INFO  EvoClassLoader - Instrumenting class 'org.apache.hadoop.hdfs.server.namenode.FSEditLogOp$GetDelegationTokenOp'.
2024-11-12 13:41:13,943 INFO  MethodCallReplacementClassAdapter - Adding mock interface to class org/apache/hadoop/hdfs/server/namenode/FSEditLogOp$GetDelegationTokenOp
2024-11-12 13:41:13,943 INFO  CreateClassResetClassAdapter - Creating brand-new static initializer in class org/apache/hadoop/hdfs/server/namenode/FSEditLogOp$GetDelegationTokenOp
2024-11-12 13:41:13,943 INFO  EvoClassLoader - Keeping class: org.apache.hadoop.hdfs.server.namenode.FSEditLogOp$GetDelegationTokenOp
2024-11-12 13:41:13,944 INFO  EvoClassLoader - Seeing class for first time: org.apache.hadoop.hdfs.server.namenode.FSEditLogOp$RenewDelegationTokenOp
2024-11-12 13:41:13,944 INFO  EvoClassLoader - Instrumenting class 'org.apache.hadoop.hdfs.server.namenode.FSEditLogOp$RenewDelegationTokenOp'.
2024-11-12 13:41:13,944 INFO  MethodCallReplacementClassAdapter - Adding mock interface to class org/apache/hadoop/hdfs/server/namenode/FSEditLogOp$RenewDelegationTokenOp
2024-11-12 13:41:13,944 INFO  CreateClassResetClassAdapter - Creating brand-new static initializer in class org/apache/hadoop/hdfs/server/namenode/FSEditLogOp$RenewDelegationTokenOp
2024-11-12 13:41:13,944 INFO  EvoClassLoader - Keeping class: org.apache.hadoop.hdfs.server.namenode.FSEditLogOp$RenewDelegationTokenOp
2024-11-12 13:41:13,944 INFO  EvoClassLoader - Seeing class for first time: org.apache.hadoop.hdfs.server.namenode.FSEditLogOp$CancelDelegationTokenOp
2024-11-12 13:41:13,944 INFO  EvoClassLoader - Instrumenting class 'org.apache.hadoop.hdfs.server.namenode.FSEditLogOp$CancelDelegationTokenOp'.
2024-11-12 13:41:13,945 INFO  MethodCallReplacementClassAdapter - Adding mock interface to class org/apache/hadoop/hdfs/server/namenode/FSEditLogOp$CancelDelegationTokenOp
2024-11-12 13:41:13,945 INFO  CreateClassResetClassAdapter - Creating brand-new static initializer in class org/apache/hadoop/hdfs/server/namenode/FSEditLogOp$CancelDelegationTokenOp
2024-11-12 13:41:13,945 INFO  EvoClassLoader - Keeping class: org.apache.hadoop.hdfs.server.namenode.FSEditLogOp$CancelDelegationTokenOp
2024-11-12 13:41:13,945 INFO  EvoClassLoader - Seeing class for first time: org.apache.hadoop.hdfs.server.namenode.FSEditLogOp$UpdateMasterKeyOp
2024-11-12 13:41:13,945 INFO  EvoClassLoader - Instrumenting class 'org.apache.hadoop.hdfs.server.namenode.FSEditLogOp$UpdateMasterKeyOp'.
2024-11-12 13:41:13,945 INFO  MethodCallReplacementClassAdapter - Adding mock interface to class org/apache/hadoop/hdfs/server/namenode/FSEditLogOp$UpdateMasterKeyOp
2024-11-12 13:41:13,945 INFO  CreateClassResetClassAdapter - Creating brand-new static initializer in class org/apache/hadoop/hdfs/server/namenode/FSEditLogOp$UpdateMasterKeyOp
2024-11-12 13:41:13,945 INFO  EvoClassLoader - Keeping class: org.apache.hadoop.hdfs.server.namenode.FSEditLogOp$UpdateMasterKeyOp
2024-11-12 13:41:13,945 INFO  EvoClassLoader - Seeing class for first time: org.apache.hadoop.hdfs.server.namenode.FSEditLogOp$RollingUpgradeStartOp
2024-11-12 13:41:13,945 INFO  EvoClassLoader - Instrumenting class 'org.apache.hadoop.hdfs.server.namenode.FSEditLogOp$RollingUpgradeStartOp'.
2024-11-12 13:41:13,945 INFO  MethodCallReplacementClassAdapter - Adding mock interface to class org/apache/hadoop/hdfs/server/namenode/FSEditLogOp$RollingUpgradeStartOp
2024-11-12 13:41:13,945 INFO  CreateClassResetClassAdapter - Creating brand-new static initializer in class org/apache/hadoop/hdfs/server/namenode/FSEditLogOp$RollingUpgradeStartOp
2024-11-12 13:41:13,946 INFO  EvoClassLoader - Seeing class for first time: org.apache.hadoop.hdfs.server.namenode.FSEditLogOp$RollingUpgradeOp
2024-11-12 13:41:13,946 INFO  EvoClassLoader - Instrumenting class 'org.apache.hadoop.hdfs.server.namenode.FSEditLogOp$RollingUpgradeOp'.
2024-11-12 13:41:13,946 INFO  MethodCallReplacementClassAdapter - Adding mock interface to class org/apache/hadoop/hdfs/server/namenode/FSEditLogOp$RollingUpgradeOp
2024-11-12 13:41:13,946 INFO  CreateClassResetClassAdapter - Creating brand-new static initializer in class org/apache/hadoop/hdfs/server/namenode/FSEditLogOp$RollingUpgradeOp
2024-11-12 13:41:13,946 INFO  EvoClassLoader - Keeping class: org.apache.hadoop.hdfs.server.namenode.FSEditLogOp$RollingUpgradeOp
2024-11-12 13:41:13,946 INFO  EvoClassLoader - Keeping class: org.apache.hadoop.hdfs.server.namenode.FSEditLogOp$RollingUpgradeStartOp
2024-11-12 13:41:13,946 INFO  EvoClassLoader - Seeing class for first time: org.apache.hadoop.hdfs.server.namenode.FSEditLogOp$RollingUpgradeFinalizeOp
2024-11-12 13:41:13,946 INFO  EvoClassLoader - Instrumenting class 'org.apache.hadoop.hdfs.server.namenode.FSEditLogOp$RollingUpgradeFinalizeOp'.
2024-11-12 13:41:13,946 INFO  MethodCallReplacementClassAdapter - Adding mock interface to class org/apache/hadoop/hdfs/server/namenode/FSEditLogOp$RollingUpgradeFinalizeOp
2024-11-12 13:41:13,946 INFO  CreateClassResetClassAdapter - Creating brand-new static initializer in class org/apache/hadoop/hdfs/server/namenode/FSEditLogOp$RollingUpgradeFinalizeOp
2024-11-12 13:41:13,946 INFO  EvoClassLoader - Keeping class: org.apache.hadoop.hdfs.server.namenode.FSEditLogOp$RollingUpgradeFinalizeOp
2024-11-12 13:41:13,946 INFO  EvoClassLoader - Seeing class for first time: org.apache.hadoop.hdfs.server.namenode.FSEditLogOp$SetXAttrOp
2024-11-12 13:41:13,946 INFO  EvoClassLoader - Instrumenting class 'org.apache.hadoop.hdfs.server.namenode.FSEditLogOp$SetXAttrOp'.
2024-11-12 13:41:13,946 INFO  MethodCallReplacementClassAdapter - Adding mock interface to class org/apache/hadoop/hdfs/server/namenode/FSEditLogOp$SetXAttrOp
2024-11-12 13:41:13,947 INFO  CreateClassResetClassAdapter - Creating brand-new static initializer in class org/apache/hadoop/hdfs/server/namenode/FSEditLogOp$SetXAttrOp
2024-11-12 13:41:13,947 INFO  EvoClassLoader - Keeping class: org.apache.hadoop.hdfs.server.namenode.FSEditLogOp$SetXAttrOp
2024-11-12 13:41:13,947 INFO  EvoClassLoader - Seeing class for first time: org.apache.hadoop.hdfs.server.namenode.FSEditLogOp$LogSegmentOp
2024-11-12 13:41:13,947 INFO  EvoClassLoader - Instrumenting class 'org.apache.hadoop.hdfs.server.namenode.FSEditLogOp$LogSegmentOp'.
2024-11-12 13:41:13,947 INFO  MethodCallReplacementClassAdapter - Adding mock interface to class org/apache/hadoop/hdfs/server/namenode/FSEditLogOp$LogSegmentOp
2024-11-12 13:41:13,948 INFO  CreateClassResetClassAdapter - Found static initializer in class org/apache/hadoop/hdfs/server/namenode/FSEditLogOp$LogSegmentOp
2024-11-12 13:41:13,948 INFO  EvoClassLoader - Keeping class: org.apache.hadoop.hdfs.server.namenode.FSEditLogOp$LogSegmentOp
2024-11-12 13:41:13,948 INFO  EvoClassLoader - Seeing class for first time: org.apache.hadoop.hdfs.server.namenode.FSEditLogOp$AppendOp
2024-11-12 13:41:13,948 INFO  EvoClassLoader - Instrumenting class 'org.apache.hadoop.hdfs.server.namenode.FSEditLogOp$AppendOp'.
2024-11-12 13:41:13,949 INFO  MethodCallReplacementClassAdapter - Adding mock interface to class org/apache/hadoop/hdfs/server/namenode/FSEditLogOp$AppendOp
2024-11-12 13:41:13,949 INFO  CreateClassResetClassAdapter - Creating brand-new static initializer in class org/apache/hadoop/hdfs/server/namenode/FSEditLogOp$AppendOp
2024-11-12 13:41:13,949 INFO  EvoClassLoader - Keeping class: org.apache.hadoop.hdfs.server.namenode.FSEditLogOp$AppendOp
2024-11-12 13:41:13,949 INFO  EvoClassLoader - Seeing class for first time: org.apache.hadoop.hdfs.server.namenode.FSEditLogOp$AddOp
2024-11-12 13:41:13,949 INFO  EvoClassLoader - Instrumenting class 'org.apache.hadoop.hdfs.server.namenode.FSEditLogOp$AddOp'.
2024-11-12 13:41:13,950 INFO  MethodCallReplacementClassAdapter - Adding mock interface to class org/apache/hadoop/hdfs/server/namenode/FSEditLogOp$AddOp
2024-11-12 13:41:13,950 INFO  CreateClassResetClassAdapter - Creating brand-new static initializer in class org/apache/hadoop/hdfs/server/namenode/FSEditLogOp$AddOp
2024-11-12 13:41:13,950 INFO  EvoClassLoader - Keeping class: org.apache.hadoop.hdfs.server.namenode.FSEditLogOp$AddOp
2024-11-12 13:41:13,950 INFO  EvoClassLoader - Seeing class for first time: org.apache.hadoop.hdfs.server.namenode.FSEditLogOp$AddBlockOp
2024-11-12 13:41:13,950 INFO  EvoClassLoader - Instrumenting class 'org.apache.hadoop.hdfs.server.namenode.FSEditLogOp$AddBlockOp'.
2024-11-12 13:41:13,951 INFO  MethodCallReplacementClassAdapter - Adding mock interface to class org/apache/hadoop/hdfs/server/namenode/FSEditLogOp$AddBlockOp
2024-11-12 13:41:13,952 INFO  CreateClassResetClassAdapter - Creating brand-new static initializer in class org/apache/hadoop/hdfs/server/namenode/FSEditLogOp$AddBlockOp
2024-11-12 13:41:13,952 INFO  EvoClassLoader - Keeping class: org.apache.hadoop.hdfs.server.namenode.FSEditLogOp$AddBlockOp
2024-11-12 13:41:13,952 INFO  EvoClassLoader - Seeing class for first time: org.apache.hadoop.hdfs.server.namenode.FSEditLogOp$UpdateBlocksOp
2024-11-12 13:41:13,952 INFO  EvoClassLoader - Instrumenting class 'org.apache.hadoop.hdfs.server.namenode.FSEditLogOp$UpdateBlocksOp'.
2024-11-12 13:41:13,952 INFO  MethodCallReplacementClassAdapter - Adding mock interface to class org/apache/hadoop/hdfs/server/namenode/FSEditLogOp$UpdateBlocksOp
2024-11-12 13:41:13,952 INFO  CreateClassResetClassAdapter - Creating brand-new static initializer in class org/apache/hadoop/hdfs/server/namenode/FSEditLogOp$UpdateBlocksOp
2024-11-12 13:41:13,960 INFO  EvoClassLoader - Keeping class: org.apache.hadoop.hdfs.server.namenode.FSEditLogOp$UpdateBlocksOp
2024-11-12 13:41:13,960 INFO  EvoClassLoader - Seeing class for first time: org.apache.hadoop.hdfs.server.namenode.FSEditLogOp$MkdirOp
2024-11-12 13:41:13,960 INFO  EvoClassLoader - Instrumenting class 'org.apache.hadoop.hdfs.server.namenode.FSEditLogOp$MkdirOp'.
2024-11-12 13:41:13,960 INFO  MethodCallReplacementClassAdapter - Adding mock interface to class org/apache/hadoop/hdfs/server/namenode/FSEditLogOp$MkdirOp
2024-11-12 13:41:13,961 INFO  CreateClassResetClassAdapter - Creating brand-new static initializer in class org/apache/hadoop/hdfs/server/namenode/FSEditLogOp$MkdirOp
2024-11-12 13:41:13,961 INFO  EvoClassLoader - Keeping class: org.apache.hadoop.hdfs.server.namenode.FSEditLogOp$MkdirOp
2024-11-12 13:41:13,961 INFO  EvoClassLoader - Seeing class for first time: org.apache.hadoop.hdfs.server.namenode.FSEditLogOp$RenameOldOp
2024-11-12 13:41:13,961 INFO  EvoClassLoader - Instrumenting class 'org.apache.hadoop.hdfs.server.namenode.FSEditLogOp$RenameOldOp'.
2024-11-12 13:41:13,962 INFO  MethodCallReplacementClassAdapter - Adding mock interface to class org/apache/hadoop/hdfs/server/namenode/FSEditLogOp$RenameOldOp
2024-11-12 13:41:13,962 INFO  CreateClassResetClassAdapter - Creating brand-new static initializer in class org/apache/hadoop/hdfs/server/namenode/FSEditLogOp$RenameOldOp
2024-11-12 13:41:13,962 INFO  EvoClassLoader - Keeping class: org.apache.hadoop.hdfs.server.namenode.FSEditLogOp$RenameOldOp
2024-11-12 13:41:13,963 INFO  EvoClassLoader - Seeing class for first time: org.apache.hadoop.hdfs.server.namenode.FSEditLogOp$RenameOp
2024-11-12 13:41:13,963 INFO  EvoClassLoader - Instrumenting class 'org.apache.hadoop.hdfs.server.namenode.FSEditLogOp$RenameOp'.
2024-11-12 13:41:13,963 INFO  MethodCallReplacementClassAdapter - Adding mock interface to class org/apache/hadoop/hdfs/server/namenode/FSEditLogOp$RenameOp
2024-11-12 13:41:13,964 INFO  CreateClassResetClassAdapter - Creating brand-new static initializer in class org/apache/hadoop/hdfs/server/namenode/FSEditLogOp$RenameOp
2024-11-12 13:41:13,964 INFO  EvoClassLoader - Keeping class: org.apache.hadoop.hdfs.server.namenode.FSEditLogOp$RenameOp
2024-11-12 13:41:13,964 INFO  EvoClassLoader - Seeing class for first time: org.apache.hadoop.hdfs.server.namenode.FSEditLogOp$SetReplicationOp
2024-11-12 13:41:13,964 INFO  EvoClassLoader - Instrumenting class 'org.apache.hadoop.hdfs.server.namenode.FSEditLogOp$SetReplicationOp'.
2024-11-12 13:41:13,964 INFO  MethodCallReplacementClassAdapter - Adding mock interface to class org/apache/hadoop/hdfs/server/namenode/FSEditLogOp$SetReplicationOp
2024-11-12 13:41:13,964 INFO  CreateClassResetClassAdapter - Creating brand-new static initializer in class org/apache/hadoop/hdfs/server/namenode/FSEditLogOp$SetReplicationOp
2024-11-12 13:41:13,965 INFO  EvoClassLoader - Keeping class: org.apache.hadoop.hdfs.server.namenode.FSEditLogOp$SetReplicationOp
2024-11-12 13:41:13,965 INFO  EvoClassLoader - Seeing class for first time: org.apache.hadoop.hdfs.server.namenode.FSEditLogOp$SetStoragePolicyOp
2024-11-12 13:41:13,965 INFO  EvoClassLoader - Instrumenting class 'org.apache.hadoop.hdfs.server.namenode.FSEditLogOp$SetStoragePolicyOp'.
2024-11-12 13:41:13,965 INFO  MethodCallReplacementClassAdapter - Adding mock interface to class org/apache/hadoop/hdfs/server/namenode/FSEditLogOp$SetStoragePolicyOp
2024-11-12 13:41:13,965 INFO  CreateClassResetClassAdapter - Creating brand-new static initializer in class org/apache/hadoop/hdfs/server/namenode/FSEditLogOp$SetStoragePolicyOp
2024-11-12 13:41:13,966 INFO  EvoClassLoader - Keeping class: org.apache.hadoop.hdfs.server.namenode.FSEditLogOp$SetStoragePolicyOp
2024-11-12 13:41:13,966 INFO  EvoClassLoader - Seeing class for first time: org.apache.hadoop.hdfs.server.namenode.FSEditLogOp$SetQuotaOp
2024-11-12 13:41:13,966 INFO  EvoClassLoader - Instrumenting class 'org.apache.hadoop.hdfs.server.namenode.FSEditLogOp$SetQuotaOp'.
2024-11-12 13:41:13,966 INFO  MethodCallReplacementClassAdapter - Adding mock interface to class org/apache/hadoop/hdfs/server/namenode/FSEditLogOp$SetQuotaOp
2024-11-12 13:41:13,966 INFO  CreateClassResetClassAdapter - Creating brand-new static initializer in class org/apache/hadoop/hdfs/server/namenode/FSEditLogOp$SetQuotaOp
2024-11-12 13:41:13,966 INFO  EvoClassLoader - Keeping class: org.apache.hadoop.hdfs.server.namenode.FSEditLogOp$SetQuotaOp
2024-11-12 13:41:13,966 INFO  EvoClassLoader - Seeing class for first time: org.apache.hadoop.hdfs.server.namenode.FSEditLogOp$SetQuotaByStorageTypeOp
2024-11-12 13:41:13,966 INFO  EvoClassLoader - Instrumenting class 'org.apache.hadoop.hdfs.server.namenode.FSEditLogOp$SetQuotaByStorageTypeOp'.
2024-11-12 13:41:13,966 INFO  MethodCallReplacementClassAdapter - Adding mock interface to class org/apache/hadoop/hdfs/server/namenode/FSEditLogOp$SetQuotaByStorageTypeOp
2024-11-12 13:41:13,967 INFO  CreateClassResetClassAdapter - Creating brand-new static initializer in class org/apache/hadoop/hdfs/server/namenode/FSEditLogOp$SetQuotaByStorageTypeOp
2024-11-12 13:41:13,967 INFO  EvoClassLoader - Keeping class: org.apache.hadoop.hdfs.server.namenode.FSEditLogOp$SetQuotaByStorageTypeOp
2024-11-12 13:41:13,967 INFO  EvoClassLoader - Seeing class for first time: org.apache.hadoop.hdfs.server.namenode.FSEditLogOp$SetPermissionsOp
2024-11-12 13:41:13,967 INFO  EvoClassLoader - Instrumenting class 'org.apache.hadoop.hdfs.server.namenode.FSEditLogOp$SetPermissionsOp'.
2024-11-12 13:41:13,967 INFO  MethodCallReplacementClassAdapter - Adding mock interface to class org/apache/hadoop/hdfs/server/namenode/FSEditLogOp$SetPermissionsOp
2024-11-12 13:41:13,967 INFO  CreateClassResetClassAdapter - Creating brand-new static initializer in class org/apache/hadoop/hdfs/server/namenode/FSEditLogOp$SetPermissionsOp
2024-11-12 13:41:13,967 INFO  EvoClassLoader - Keeping class: org.apache.hadoop.hdfs.server.namenode.FSEditLogOp$SetPermissionsOp
2024-11-12 13:41:13,967 INFO  EvoClassLoader - Seeing class for first time: org.apache.hadoop.hdfs.server.namenode.FSEditLogOp$SetOwnerOp
2024-11-12 13:41:13,967 INFO  EvoClassLoader - Instrumenting class 'org.apache.hadoop.hdfs.server.namenode.FSEditLogOp$SetOwnerOp'.
2024-11-12 13:41:13,968 INFO  MethodCallReplacementClassAdapter - Adding mock interface to class org/apache/hadoop/hdfs/server/namenode/FSEditLogOp$SetOwnerOp
2024-11-12 13:41:13,968 INFO  CreateClassResetClassAdapter - Creating brand-new static initializer in class org/apache/hadoop/hdfs/server/namenode/FSEditLogOp$SetOwnerOp
2024-11-12 13:41:13,968 INFO  EvoClassLoader - Keeping class: org.apache.hadoop.hdfs.server.namenode.FSEditLogOp$SetOwnerOp
2024-11-12 13:41:13,968 INFO  EvoClassLoader - Seeing class for first time: org.apache.hadoop.hdfs.server.namenode.FSEditLogOp$ConcatDeleteOp
2024-11-12 13:41:13,968 INFO  EvoClassLoader - Instrumenting class 'org.apache.hadoop.hdfs.server.namenode.FSEditLogOp$ConcatDeleteOp'.
2024-11-12 13:41:13,968 INFO  MethodCallReplacementClassAdapter - Adding mock interface to class org/apache/hadoop/hdfs/server/namenode/FSEditLogOp$ConcatDeleteOp
2024-11-12 13:41:13,969 INFO  CreateClassResetClassAdapter - Creating brand-new static initializer in class org/apache/hadoop/hdfs/server/namenode/FSEditLogOp$ConcatDeleteOp
2024-11-12 13:41:13,969 INFO  CreateClassResetClassAdapter - Adding bytecode for initializing field MAX_CONCAT_SRC
2024-11-12 13:41:13,970 INFO  EvoClassLoader - Keeping class: org.apache.hadoop.hdfs.server.namenode.FSEditLogOp$ConcatDeleteOp
2024-11-12 13:41:13,970 INFO  EvoClassLoader - Seeing class for first time: org.apache.hadoop.hdfs.server.namenode.FSEditLogOp$DeleteOp
2024-11-12 13:41:13,970 INFO  EvoClassLoader - Instrumenting class 'org.apache.hadoop.hdfs.server.namenode.FSEditLogOp$DeleteOp'.
2024-11-12 13:41:13,970 INFO  MethodCallReplacementClassAdapter - Adding mock interface to class org/apache/hadoop/hdfs/server/namenode/FSEditLogOp$DeleteOp
2024-11-12 13:41:13,970 INFO  CreateClassResetClassAdapter - Creating brand-new static initializer in class org/apache/hadoop/hdfs/server/namenode/FSEditLogOp$DeleteOp
2024-11-12 13:41:13,971 INFO  EvoClassLoader - Keeping class: org.apache.hadoop.hdfs.server.namenode.FSEditLogOp$DeleteOp
2024-11-12 13:41:13,971 INFO  EvoClassLoader - Seeing class for first time: org.apache.hadoop.hdfs.server.namenode.FSEditLogOp$TruncateOp
2024-11-12 13:41:13,971 INFO  EvoClassLoader - Instrumenting class 'org.apache.hadoop.hdfs.server.namenode.FSEditLogOp$TruncateOp'.
2024-11-12 13:41:13,971 INFO  MethodCallReplacementClassAdapter - Adding mock interface to class org/apache/hadoop/hdfs/server/namenode/FSEditLogOp$TruncateOp
2024-11-12 13:41:13,972 INFO  CreateClassResetClassAdapter - Found static initializer in class org/apache/hadoop/hdfs/server/namenode/FSEditLogOp$TruncateOp
2024-11-12 13:41:13,972 INFO  EvoClassLoader - Keeping class: org.apache.hadoop.hdfs.server.namenode.FSEditLogOp$TruncateOp
2024-11-12 13:41:13,972 INFO  EvoClassLoader - Seeing class for first time: org.apache.hadoop.hdfs.server.namenode.FSEditLogOp$SymlinkOp
2024-11-12 13:41:13,972 INFO  EvoClassLoader - Instrumenting class 'org.apache.hadoop.hdfs.server.namenode.FSEditLogOp$SymlinkOp'.
2024-11-12 13:41:13,972 INFO  MethodCallReplacementClassAdapter - Adding mock interface to class org/apache/hadoop/hdfs/server/namenode/FSEditLogOp$SymlinkOp
2024-11-12 13:41:13,973 INFO  CreateClassResetClassAdapter - Creating brand-new static initializer in class org/apache/hadoop/hdfs/server/namenode/FSEditLogOp$SymlinkOp
2024-11-12 13:41:13,973 INFO  EvoClassLoader - Keeping class: org.apache.hadoop.hdfs.server.namenode.FSEditLogOp$SymlinkOp
2024-11-12 13:41:13,973 INFO  EvoClassLoader - Seeing class for first time: org.apache.hadoop.hdfs.server.namenode.FSEditLogOp$CreateSnapshotOp
2024-11-12 13:41:13,973 INFO  EvoClassLoader - Instrumenting class 'org.apache.hadoop.hdfs.server.namenode.FSEditLogOp$CreateSnapshotOp'.
2024-11-12 13:41:13,973 INFO  MethodCallReplacementClassAdapter - Adding mock interface to class org/apache/hadoop/hdfs/server/namenode/FSEditLogOp$CreateSnapshotOp
2024-11-12 13:41:13,974 INFO  CreateClassResetClassAdapter - Creating brand-new static initializer in class org/apache/hadoop/hdfs/server/namenode/FSEditLogOp$CreateSnapshotOp
2024-11-12 13:41:13,974 INFO  EvoClassLoader - Keeping class: org.apache.hadoop.hdfs.server.namenode.FSEditLogOp$CreateSnapshotOp
2024-11-12 13:41:13,974 INFO  EvoClassLoader - Seeing class for first time: org.apache.hadoop.hdfs.server.namenode.FSEditLogOp$DeleteSnapshotOp
2024-11-12 13:41:13,974 INFO  EvoClassLoader - Instrumenting class 'org.apache.hadoop.hdfs.server.namenode.FSEditLogOp$DeleteSnapshotOp'.
2024-11-12 13:41:13,974 INFO  MethodCallReplacementClassAdapter - Adding mock interface to class org/apache/hadoop/hdfs/server/namenode/FSEditLogOp$DeleteSnapshotOp
2024-11-12 13:41:13,975 INFO  CreateClassResetClassAdapter - Creating brand-new static initializer in class org/apache/hadoop/hdfs/server/namenode/FSEditLogOp$DeleteSnapshotOp
2024-11-12 13:41:13,975 INFO  EvoClassLoader - Keeping class: org.apache.hadoop.hdfs.server.namenode.FSEditLogOp$DeleteSnapshotOp
2024-11-12 13:41:13,975 INFO  EvoClassLoader - Seeing class for first time: org.apache.hadoop.hdfs.server.namenode.FSEditLogOp$RenameSnapshotOp
2024-11-12 13:41:13,975 INFO  EvoClassLoader - Instrumenting class 'org.apache.hadoop.hdfs.server.namenode.FSEditLogOp$RenameSnapshotOp'.
2024-11-12 13:41:13,976 INFO  MethodCallReplacementClassAdapter - Adding mock interface to class org/apache/hadoop/hdfs/server/namenode/FSEditLogOp$RenameSnapshotOp
2024-11-12 13:41:13,976 INFO  CreateClassResetClassAdapter - Creating brand-new static initializer in class org/apache/hadoop/hdfs/server/namenode/FSEditLogOp$RenameSnapshotOp
2024-11-12 13:41:13,976 INFO  EvoClassLoader - Keeping class: org.apache.hadoop.hdfs.server.namenode.FSEditLogOp$RenameSnapshotOp
2024-11-12 13:41:13,976 INFO  EvoClassLoader - Seeing class for first time: org.apache.hadoop.hdfs.server.namenode.FSEditLogOp$AllowSnapshotOp
2024-11-12 13:41:13,976 INFO  EvoClassLoader - Instrumenting class 'org.apache.hadoop.hdfs.server.namenode.FSEditLogOp$AllowSnapshotOp'.
2024-11-12 13:41:13,977 INFO  MethodCallReplacementClassAdapter - Adding mock interface to class org/apache/hadoop/hdfs/server/namenode/FSEditLogOp$AllowSnapshotOp
2024-11-12 13:41:13,977 INFO  CreateClassResetClassAdapter - Creating brand-new static initializer in class org/apache/hadoop/hdfs/server/namenode/FSEditLogOp$AllowSnapshotOp
2024-11-12 13:41:13,977 INFO  EvoClassLoader - Keeping class: org.apache.hadoop.hdfs.server.namenode.FSEditLogOp$AllowSnapshotOp
2024-11-12 13:41:13,977 INFO  EvoClassLoader - Seeing class for first time: org.apache.hadoop.hdfs.server.namenode.FSEditLogOp$DisallowSnapshotOp
2024-11-12 13:41:13,977 INFO  EvoClassLoader - Instrumenting class 'org.apache.hadoop.hdfs.server.namenode.FSEditLogOp$DisallowSnapshotOp'.
2024-11-12 13:41:13,977 INFO  MethodCallReplacementClassAdapter - Adding mock interface to class org/apache/hadoop/hdfs/server/namenode/FSEditLogOp$DisallowSnapshotOp
2024-11-12 13:41:13,977 INFO  CreateClassResetClassAdapter - Creating brand-new static initializer in class org/apache/hadoop/hdfs/server/namenode/FSEditLogOp$DisallowSnapshotOp
2024-11-12 13:41:13,977 INFO  EvoClassLoader - Keeping class: org.apache.hadoop.hdfs.server.namenode.FSEditLogOp$DisallowSnapshotOp
2024-11-12 13:41:13,977 INFO  EvoClassLoader - Seeing class for first time: org.apache.hadoop.hdfs.server.namenode.FSEditLogOp$AddCacheDirectiveInfoOp
2024-11-12 13:41:13,977 INFO  EvoClassLoader - Instrumenting class 'org.apache.hadoop.hdfs.server.namenode.FSEditLogOp$AddCacheDirectiveInfoOp'.
2024-11-12 13:41:13,978 INFO  MethodCallReplacementClassAdapter - Adding mock interface to class org/apache/hadoop/hdfs/server/namenode/FSEditLogOp$AddCacheDirectiveInfoOp
2024-11-12 13:41:13,978 INFO  CreateClassResetClassAdapter - Found static initializer in class org/apache/hadoop/hdfs/server/namenode/FSEditLogOp$AddCacheDirectiveInfoOp
2024-11-12 13:41:13,978 INFO  EvoClassLoader - Keeping class: org.apache.hadoop.hdfs.server.namenode.FSEditLogOp$AddCacheDirectiveInfoOp
2024-11-12 13:41:13,978 INFO  EvoClassLoader - Seeing class for first time: org.apache.hadoop.hdfs.server.namenode.FSEditLogOp$ModifyCacheDirectiveInfoOp
2024-11-12 13:41:13,978 INFO  EvoClassLoader - Instrumenting class 'org.apache.hadoop.hdfs.server.namenode.FSEditLogOp$ModifyCacheDirectiveInfoOp'.
2024-11-12 13:41:13,978 INFO  MethodCallReplacementClassAdapter - Adding mock interface to class org/apache/hadoop/hdfs/server/namenode/FSEditLogOp$ModifyCacheDirectiveInfoOp
2024-11-12 13:41:13,978 INFO  CreateClassResetClassAdapter - Found static initializer in class org/apache/hadoop/hdfs/server/namenode/FSEditLogOp$ModifyCacheDirectiveInfoOp
2024-11-12 13:41:13,979 INFO  EvoClassLoader - Keeping class: org.apache.hadoop.hdfs.server.namenode.FSEditLogOp$ModifyCacheDirectiveInfoOp
2024-11-12 13:41:13,979 INFO  EvoClassLoader - Seeing class for first time: org.apache.hadoop.hdfs.server.namenode.FSEditLogOp$RemoveCacheDirectiveInfoOp
2024-11-12 13:41:13,979 INFO  EvoClassLoader - Instrumenting class 'org.apache.hadoop.hdfs.server.namenode.FSEditLogOp$RemoveCacheDirectiveInfoOp'.
2024-11-12 13:41:13,979 INFO  MethodCallReplacementClassAdapter - Adding mock interface to class org/apache/hadoop/hdfs/server/namenode/FSEditLogOp$RemoveCacheDirectiveInfoOp
2024-11-12 13:41:13,979 INFO  CreateClassResetClassAdapter - Creating brand-new static initializer in class org/apache/hadoop/hdfs/server/namenode/FSEditLogOp$RemoveCacheDirectiveInfoOp
2024-11-12 13:41:13,979 INFO  EvoClassLoader - Keeping class: org.apache.hadoop.hdfs.server.namenode.FSEditLogOp$RemoveCacheDirectiveInfoOp
2024-11-12 13:41:13,979 INFO  EvoClassLoader - Seeing class for first time: org.apache.hadoop.hdfs.server.namenode.FSEditLogOp$AddCachePoolOp
2024-11-12 13:41:13,979 INFO  EvoClassLoader - Instrumenting class 'org.apache.hadoop.hdfs.server.namenode.FSEditLogOp$AddCachePoolOp'.
2024-11-12 13:41:13,979 INFO  MethodCallReplacementClassAdapter - Adding mock interface to class org/apache/hadoop/hdfs/server/namenode/FSEditLogOp$AddCachePoolOp
2024-11-12 13:41:13,980 INFO  CreateClassResetClassAdapter - Found static initializer in class org/apache/hadoop/hdfs/server/namenode/FSEditLogOp$AddCachePoolOp
2024-11-12 13:41:13,980 INFO  EvoClassLoader - Keeping class: org.apache.hadoop.hdfs.server.namenode.FSEditLogOp$AddCachePoolOp
2024-11-12 13:41:13,980 INFO  EvoClassLoader - Seeing class for first time: org.apache.hadoop.hdfs.server.namenode.FSEditLogOp$ModifyCachePoolOp
2024-11-12 13:41:13,980 INFO  EvoClassLoader - Instrumenting class 'org.apache.hadoop.hdfs.server.namenode.FSEditLogOp$ModifyCachePoolOp'.
2024-11-12 13:41:13,980 INFO  MethodCallReplacementClassAdapter - Adding mock interface to class org/apache/hadoop/hdfs/server/namenode/FSEditLogOp$ModifyCachePoolOp
2024-11-12 13:41:13,980 INFO  CreateClassResetClassAdapter - Creating brand-new static initializer in class org/apache/hadoop/hdfs/server/namenode/FSEditLogOp$ModifyCachePoolOp
2024-11-12 13:41:13,980 INFO  EvoClassLoader - Keeping class: org.apache.hadoop.hdfs.server.namenode.FSEditLogOp$ModifyCachePoolOp
2024-11-12 13:41:13,980 INFO  EvoClassLoader - Seeing class for first time: org.apache.hadoop.hdfs.server.namenode.FSEditLogOp$RemoveCachePoolOp
2024-11-12 13:41:13,980 INFO  EvoClassLoader - Instrumenting class 'org.apache.hadoop.hdfs.server.namenode.FSEditLogOp$RemoveCachePoolOp'.
2024-11-12 13:41:13,980 INFO  MethodCallReplacementClassAdapter - Adding mock interface to class org/apache/hadoop/hdfs/server/namenode/FSEditLogOp$RemoveCachePoolOp
2024-11-12 13:41:13,980 INFO  CreateClassResetClassAdapter - Creating brand-new static initializer in class org/apache/hadoop/hdfs/server/namenode/FSEditLogOp$RemoveCachePoolOp
2024-11-12 13:41:13,980 INFO  EvoClassLoader - Keeping class: org.apache.hadoop.hdfs.server.namenode.FSEditLogOp$RemoveCachePoolOp
2024-11-12 13:41:13,981 INFO  EvoClassLoader - Seeing class for first time: org.apache.hadoop.hdfs.server.namenode.FSEditLogOp$SetAclOp
2024-11-12 13:41:13,981 INFO  EvoClassLoader - Instrumenting class 'org.apache.hadoop.hdfs.server.namenode.FSEditLogOp$SetAclOp'.
2024-11-12 13:41:13,981 INFO  MethodCallReplacementClassAdapter - Adding mock interface to class org/apache/hadoop/hdfs/server/namenode/FSEditLogOp$SetAclOp
2024-11-12 13:41:13,982 INFO  CreateClassResetClassAdapter - Creating brand-new static initializer in class org/apache/hadoop/hdfs/server/namenode/FSEditLogOp$SetAclOp
2024-11-12 13:41:13,982 INFO  EvoClassLoader - Keeping class: org.apache.hadoop.hdfs.server.namenode.FSEditLogOp$SetAclOp
2024-11-12 13:41:13,982 INFO  EvoClassLoader - Seeing class for first time: org.apache.hadoop.hdfs.server.namenode.FSEditLogOp$RemoveXAttrOp
2024-11-12 13:41:13,982 INFO  EvoClassLoader - Instrumenting class 'org.apache.hadoop.hdfs.server.namenode.FSEditLogOp$RemoveXAttrOp'.
2024-11-12 13:41:13,983 INFO  MethodCallReplacementClassAdapter - Adding mock interface to class org/apache/hadoop/hdfs/server/namenode/FSEditLogOp$RemoveXAttrOp
2024-11-12 13:41:13,983 INFO  CreateClassResetClassAdapter - Creating brand-new static initializer in class org/apache/hadoop/hdfs/server/namenode/FSEditLogOp$RemoveXAttrOp
2024-11-12 13:41:13,984 INFO  EvoClassLoader - Keeping class: org.apache.hadoop.hdfs.server.namenode.FSEditLogOp$RemoveXAttrOp
2024-11-12 13:41:13,984 INFO  EvoClassLoader - Seeing class for first time: org.apache.hadoop.hdfs.server.namenode.FSEditLogOp$AddErasureCodingPolicyOp
2024-11-12 13:41:13,984 INFO  EvoClassLoader - Instrumenting class 'org.apache.hadoop.hdfs.server.namenode.FSEditLogOp$AddErasureCodingPolicyOp'.
2024-11-12 13:41:13,984 INFO  MethodCallReplacementClassAdapter - Adding mock interface to class org/apache/hadoop/hdfs/server/namenode/FSEditLogOp$AddErasureCodingPolicyOp
2024-11-12 13:41:13,985 INFO  CreateClassResetClassAdapter - Creating brand-new static initializer in class org/apache/hadoop/hdfs/server/namenode/FSEditLogOp$AddErasureCodingPolicyOp
2024-11-12 13:41:13,985 INFO  EvoClassLoader - Keeping class: org.apache.hadoop.hdfs.server.namenode.FSEditLogOp$AddErasureCodingPolicyOp
2024-11-12 13:41:13,985 INFO  EvoClassLoader - Seeing class for first time: org.apache.hadoop.hdfs.server.namenode.FSEditLogOp$EnableErasureCodingPolicyOp
2024-11-12 13:41:13,985 INFO  EvoClassLoader - Instrumenting class 'org.apache.hadoop.hdfs.server.namenode.FSEditLogOp$EnableErasureCodingPolicyOp'.
2024-11-12 13:41:13,985 INFO  MethodCallReplacementClassAdapter - Adding mock interface to class org/apache/hadoop/hdfs/server/namenode/FSEditLogOp$EnableErasureCodingPolicyOp
2024-11-12 13:41:13,985 INFO  CreateClassResetClassAdapter - Creating brand-new static initializer in class org/apache/hadoop/hdfs/server/namenode/FSEditLogOp$EnableErasureCodingPolicyOp
2024-11-12 13:41:13,985 INFO  EvoClassLoader - Keeping class: org.apache.hadoop.hdfs.server.namenode.FSEditLogOp$EnableErasureCodingPolicyOp
2024-11-12 13:41:13,986 INFO  EvoClassLoader - Seeing class for first time: org.apache.hadoop.hdfs.server.namenode.FSEditLogOp$DisableErasureCodingPolicyOp
2024-11-12 13:41:13,986 INFO  EvoClassLoader - Instrumenting class 'org.apache.hadoop.hdfs.server.namenode.FSEditLogOp$DisableErasureCodingPolicyOp'.
2024-11-12 13:41:13,986 INFO  MethodCallReplacementClassAdapter - Adding mock interface to class org/apache/hadoop/hdfs/server/namenode/FSEditLogOp$DisableErasureCodingPolicyOp
2024-11-12 13:41:13,986 INFO  CreateClassResetClassAdapter - Creating brand-new static initializer in class org/apache/hadoop/hdfs/server/namenode/FSEditLogOp$DisableErasureCodingPolicyOp
2024-11-12 13:41:13,986 INFO  EvoClassLoader - Keeping class: org.apache.hadoop.hdfs.server.namenode.FSEditLogOp$DisableErasureCodingPolicyOp
2024-11-12 13:41:13,986 INFO  EvoClassLoader - Seeing class for first time: org.apache.hadoop.hdfs.server.namenode.FSEditLogOp$RemoveErasureCodingPolicyOp
2024-11-12 13:41:13,986 INFO  EvoClassLoader - Instrumenting class 'org.apache.hadoop.hdfs.server.namenode.FSEditLogOp$RemoveErasureCodingPolicyOp'.
2024-11-12 13:41:13,986 INFO  MethodCallReplacementClassAdapter - Adding mock interface to class org/apache/hadoop/hdfs/server/namenode/FSEditLogOp$RemoveErasureCodingPolicyOp
2024-11-12 13:41:13,986 INFO  CreateClassResetClassAdapter - Creating brand-new static initializer in class org/apache/hadoop/hdfs/server/namenode/FSEditLogOp$RemoveErasureCodingPolicyOp
2024-11-12 13:41:13,986 INFO  EvoClassLoader - Keeping class: org.apache.hadoop.hdfs.server.namenode.FSEditLogOp$RemoveErasureCodingPolicyOp
2024-11-12 13:41:13,987 INFO  EvoClassLoader - Seeing class for first time: org.apache.hadoop.hdfs.security.token.delegation.DelegationTokenSecretManager$SerializerCompat
2024-11-12 13:41:13,987 INFO  EvoClassLoader - Instrumenting class 'org.apache.hadoop.hdfs.security.token.delegation.DelegationTokenSecretManager$SerializerCompat'.
2024-11-12 13:41:13,987 INFO  MethodCallReplacementClassAdapter - Adding mock interface to class org/apache/hadoop/hdfs/security/token/delegation/DelegationTokenSecretManager$SerializerCompat
2024-11-12 13:41:13,988 INFO  CreateClassResetClassAdapter - Creating brand-new static initializer in class org/apache/hadoop/hdfs/security/token/delegation/DelegationTokenSecretManager$SerializerCompat
2024-11-12 13:41:13,988 INFO  EvoClassLoader - Keeping class: org.apache.hadoop.hdfs.security.token.delegation.DelegationTokenSecretManager$SerializerCompat
2024-11-12 13:41:13,988 INFO  EvoClassLoader - Seeing class for first time: org.apache.hadoop.classification.InterfaceAudience$Private
2024-11-12 13:41:13,988 INFO  EvoClassLoader - Instrumenting class 'org.apache.hadoop.classification.InterfaceAudience$Private'.
2024-11-12 13:41:13,989 INFO  EvoClassLoader - Keeping class: org.apache.hadoop.classification.InterfaceAudience$Private
2024-11-12 13:41:13,989 INFO  EvoClassLoader - Seeing class for first time: org.apache.hadoop.hdfs.server.namenode.DefaultAuditLogger
2024-11-12 13:41:13,989 INFO  EvoClassLoader - Instrumenting class 'org.apache.hadoop.hdfs.server.namenode.DefaultAuditLogger'.
2024-11-12 13:41:13,989 INFO  MethodCallReplacementClassAdapter - Adding mock interface to class org/apache/hadoop/hdfs/server/namenode/DefaultAuditLogger
2024-11-12 13:41:13,989 INFO  CreateClassResetClassAdapter - Found static initializer in class org/apache/hadoop/hdfs/server/namenode/DefaultAuditLogger
2024-11-12 13:41:13,989 INFO  EvoClassLoader - Seeing class for first time: org.apache.hadoop.hdfs.server.namenode.HdfsAuditLogger
2024-11-12 13:41:13,989 INFO  EvoClassLoader - Instrumenting class 'org.apache.hadoop.hdfs.server.namenode.HdfsAuditLogger'.
2024-11-12 13:41:13,989 INFO  MethodCallReplacementClassAdapter - Adding mock interface to class org/apache/hadoop/hdfs/server/namenode/HdfsAuditLogger
2024-11-12 13:41:13,990 INFO  CreateClassResetClassAdapter - Creating brand-new static initializer in class org/apache/hadoop/hdfs/server/namenode/HdfsAuditLogger
2024-11-12 13:41:13,990 INFO  EvoClassLoader - Keeping class: org.apache.hadoop.hdfs.server.namenode.HdfsAuditLogger
2024-11-12 13:41:13,990 INFO  EvoClassLoader - Keeping class: org.apache.hadoop.hdfs.server.namenode.DefaultAuditLogger
2024-11-12 13:41:13,990 INFO  EvoClassLoader - Seeing class for first time: org.apache.hadoop.hdfs.server.namenode.DefaultAuditLogger$1
2024-11-12 13:41:13,990 INFO  EvoClassLoader - Instrumenting class 'org.apache.hadoop.hdfs.server.namenode.DefaultAuditLogger$1'.
2024-11-12 13:41:13,990 INFO  MethodCallReplacementClassAdapter - Adding mock interface to class org/apache/hadoop/hdfs/server/namenode/DefaultAuditLogger$1
2024-11-12 13:41:13,990 INFO  EvoClassLoader - Keeping class: org.apache.hadoop.hdfs.server.namenode.DefaultAuditLogger$1
2024-11-12 13:41:13,991 INFO  EvoClassLoader - Seeing class for first time: org.apache.hadoop.security.UserGroupInformation$AuthenticationMethod
2024-11-12 13:41:13,991 INFO  EvoClassLoader - Instrumenting class 'org.apache.hadoop.security.UserGroupInformation$AuthenticationMethod'.
2024-11-12 13:41:13,991 INFO  MethodCallReplacementClassAdapter - Adding mock interface to class org/apache/hadoop/security/UserGroupInformation$AuthenticationMethod
2024-11-12 13:41:13,992 INFO  CreateClassResetClassAdapter - Found static initializer in class org/apache/hadoop/security/UserGroupInformation$AuthenticationMethod
2024-11-12 13:41:13,993 INFO  EvoClassLoader - Keeping class: org.apache.hadoop.security.UserGroupInformation$AuthenticationMethod
2024-11-12 13:41:13,993 INFO  EvoClassLoader - Seeing class for first time: org.apache.hadoop.security.SaslRpcServer$AuthMethod
2024-11-12 13:41:13,993 INFO  EvoClassLoader - Instrumenting class 'org.apache.hadoop.security.SaslRpcServer$AuthMethod'.
2024-11-12 13:41:13,993 INFO  MethodCallReplacementClassAdapter - Adding mock interface to class org/apache/hadoop/security/SaslRpcServer$AuthMethod
2024-11-12 13:41:13,994 INFO  CreateClassResetClassAdapter - Found static initializer in class org/apache/hadoop/security/SaslRpcServer$AuthMethod
2024-11-12 13:41:13,994 INFO  EvoClassLoader - Keeping class: org.apache.hadoop.security.SaslRpcServer$AuthMethod
2024-11-12 13:41:13,994 INFO  EvoClassLoader - Seeing class for first time: org.apache.hadoop.hdfs.server.namenode.NameNodeLayoutVersion$Feature
2024-11-12 13:41:13,994 INFO  EvoClassLoader - Instrumenting class 'org.apache.hadoop.hdfs.server.namenode.NameNodeLayoutVersion$Feature'.
2024-11-12 13:41:13,995 INFO  MethodCallReplacementClassAdapter - Adding mock interface to class org/apache/hadoop/hdfs/server/namenode/NameNodeLayoutVersion$Feature
2024-11-12 13:41:13,995 INFO  CreateClassResetClassAdapter - Found static initializer in class org/apache/hadoop/hdfs/server/namenode/NameNodeLayoutVersion$Feature
2024-11-12 13:41:13,995 INFO  EvoClassLoader - Keeping class: org.apache.hadoop.hdfs.server.namenode.NameNodeLayoutVersion$Feature
2024-11-12 13:41:13,995 INFO  EvoClassLoader - Seeing class for first time: org.apache.hadoop.hdfs.protocol.LayoutVersion$FeatureInfo
2024-11-12 13:41:13,995 INFO  EvoClassLoader - Instrumenting class 'org.apache.hadoop.hdfs.protocol.LayoutVersion$FeatureInfo'.
2024-11-12 13:41:13,996 INFO  MethodCallReplacementClassAdapter - Adding mock interface to class org/apache/hadoop/hdfs/protocol/LayoutVersion$FeatureInfo
2024-11-12 13:41:13,996 INFO  CreateClassResetClassAdapter - Creating brand-new static initializer in class org/apache/hadoop/hdfs/protocol/LayoutVersion$FeatureInfo
2024-11-12 13:41:13,996 INFO  EvoClassLoader - Keeping class: org.apache.hadoop.hdfs.protocol.LayoutVersion$FeatureInfo
2024-11-12 13:41:13,997 INFO  EvoClassLoader - Seeing class for first time: org.apache.hadoop.hdfs.protocol.CachePoolEntry
2024-11-12 13:41:13,997 INFO  EvoClassLoader - Instrumenting class 'org.apache.hadoop.hdfs.protocol.CachePoolEntry'.
2024-11-12 13:41:13,997 INFO  MethodCallReplacementClassAdapter - Adding mock interface to class org/apache/hadoop/hdfs/protocol/CachePoolEntry
2024-11-12 13:41:13,997 INFO  CreateClassResetClassAdapter - Creating brand-new static initializer in class org/apache/hadoop/hdfs/protocol/CachePoolEntry
2024-11-12 13:41:13,997 INFO  EvoClassLoader - Keeping class: org.apache.hadoop.hdfs.protocol.CachePoolEntry
2024-11-12 13:41:13,998 INFO  EvoClassLoader - Seeing class for first time: org.apache.hadoop.hdfs.server.namenode.NameNode$NameNodeHAContext
2024-11-12 13:41:13,998 INFO  EvoClassLoader - Instrumenting class 'org.apache.hadoop.hdfs.server.namenode.NameNode$NameNodeHAContext'.
2024-11-12 13:41:13,998 INFO  MethodCallReplacementClassAdapter - Adding mock interface to class org/apache/hadoop/hdfs/server/namenode/NameNode$NameNodeHAContext
2024-11-12 13:41:13,998 INFO  CreateClassResetClassAdapter - Creating brand-new static initializer in class org/apache/hadoop/hdfs/server/namenode/NameNode$NameNodeHAContext
2024-11-12 13:41:13,998 INFO  EvoClassLoader - Keeping class: org.apache.hadoop.hdfs.server.namenode.NameNode$NameNodeHAContext
2024-11-12 13:41:13,999 INFO  EvoClassLoader - Seeing class for first time: org.apache.hadoop.hdfs.protocol.HdfsFileStatus$Flags
2024-11-12 13:41:13,999 INFO  EvoClassLoader - Instrumenting class 'org.apache.hadoop.hdfs.protocol.HdfsFileStatus$Flags'.
2024-11-12 13:41:13,999 INFO  MethodCallReplacementClassAdapter - Adding mock interface to class org/apache/hadoop/hdfs/protocol/HdfsFileStatus$Flags
2024-11-12 13:41:13,999 INFO  CreateClassResetClassAdapter - Found static initializer in class org/apache/hadoop/hdfs/protocol/HdfsFileStatus$Flags
2024-11-12 13:41:13,999 INFO  EvoClassLoader - Keeping class: org.apache.hadoop.hdfs.protocol.HdfsFileStatus$Flags
2024-11-12 13:41:13,999 INFO  EvoClassLoader - Seeing class for first time: org.apache.hadoop.hdfs.protocol.OpenFilesIterator$OpenFilesType
2024-11-12 13:41:13,999 INFO  EvoClassLoader - Instrumenting class 'org.apache.hadoop.hdfs.protocol.OpenFilesIterator$OpenFilesType'.
2024-11-12 13:41:13,999 INFO  MethodCallReplacementClassAdapter - Adding mock interface to class org/apache/hadoop/hdfs/protocol/OpenFilesIterator$OpenFilesType
2024-11-12 13:41:14,000 INFO  CreateClassResetClassAdapter - Found static initializer in class org/apache/hadoop/hdfs/protocol/OpenFilesIterator$OpenFilesType
2024-11-12 13:41:14,000 INFO  EvoClassLoader - Keeping class: org.apache.hadoop.hdfs.protocol.OpenFilesIterator$OpenFilesType
2024-11-12 13:41:14,000 INFO  EvoClassLoader - Seeing class for first time: org.apache.hadoop.hdfs.util.ConstEnumCounters
2024-11-12 13:41:14,000 INFO  EvoClassLoader - Instrumenting class 'org.apache.hadoop.hdfs.util.ConstEnumCounters'.
2024-11-12 13:41:14,000 INFO  MethodCallReplacementClassAdapter - Adding mock interface to class org/apache/hadoop/hdfs/util/ConstEnumCounters
2024-11-12 13:41:14,001 INFO  CreateClassResetClassAdapter - Found static initializer in class org/apache/hadoop/hdfs/util/ConstEnumCounters
2024-11-12 13:41:14,001 INFO  EvoClassLoader - Keeping class: org.apache.hadoop.hdfs.util.ConstEnumCounters
2024-11-12 13:41:14,001 INFO  EvoClassLoader - Seeing class for first time: org.apache.hadoop.hdfs.server.namenode.INodeWithAdditionalFields$PermissionStatusFormat
2024-11-12 13:41:14,001 INFO  EvoClassLoader - Instrumenting class 'org.apache.hadoop.hdfs.server.namenode.INodeWithAdditionalFields$PermissionStatusFormat'.
2024-11-12 13:41:14,001 INFO  MethodCallReplacementClassAdapter - Adding mock interface to class org/apache/hadoop/hdfs/server/namenode/INodeWithAdditionalFields$PermissionStatusFormat
2024-11-12 13:41:14,002 INFO  CreateClassResetClassAdapter - Found static initializer in class org/apache/hadoop/hdfs/server/namenode/INodeWithAdditionalFields$PermissionStatusFormat
2024-11-12 13:41:14,002 INFO  EvoClassLoader - Keeping class: org.apache.hadoop.hdfs.server.namenode.INodeWithAdditionalFields$PermissionStatusFormat
2024-11-12 13:41:14,002 INFO  EvoClassLoader - Seeing class for first time: org.apache.hadoop.security.token.SecretManager$1
2024-11-12 13:41:14,002 INFO  EvoClassLoader - Instrumenting class 'org.apache.hadoop.security.token.SecretManager$1'.
2024-11-12 13:41:14,003 INFO  MethodCallReplacementClassAdapter - Adding mock interface to class org/apache/hadoop/security/token/SecretManager$1
2024-11-12 13:41:14,003 INFO  EvoClassLoader - Keeping class: org.apache.hadoop.security.token.SecretManager$1
2024-11-12 13:41:14,004 INFO  EvoClassLoader - Seeing class for first time: org.apache.hadoop.hdfs.server.protocol.BlocksWithLocations
2024-11-12 13:41:14,004 INFO  EvoClassLoader - Instrumenting class 'org.apache.hadoop.hdfs.server.protocol.BlocksWithLocations'.
2024-11-12 13:41:14,004 INFO  MethodCallReplacementClassAdapter - Adding mock interface to class org/apache/hadoop/hdfs/server/protocol/BlocksWithLocations
2024-11-12 13:41:14,004 INFO  CreateClassResetClassAdapter - Creating brand-new static initializer in class org/apache/hadoop/hdfs/server/protocol/BlocksWithLocations
2024-11-12 13:41:14,004 INFO  EvoClassLoader - Keeping class: org.apache.hadoop.hdfs.server.protocol.BlocksWithLocations
2024-11-12 13:41:14,005 INFO  EvoClassLoader - Seeing class for first time: org.apache.hadoop.hdfs.protocol.OpenFilesIterator
2024-11-12 13:41:14,005 INFO  EvoClassLoader - Instrumenting class 'org.apache.hadoop.hdfs.protocol.OpenFilesIterator'.
2024-11-12 13:41:14,005 INFO  MethodCallReplacementClassAdapter - Adding mock interface to class org/apache/hadoop/hdfs/protocol/OpenFilesIterator
2024-11-12 13:41:14,005 INFO  CreateClassResetClassAdapter - Creating brand-new static initializer in class org/apache/hadoop/hdfs/protocol/OpenFilesIterator
2024-11-12 13:41:14,005 INFO  CreateClassResetClassAdapter - Adding bytecode for initializing field FILTER_PATH_DEFAULT
2024-11-12 13:41:14,005 INFO  EvoClassLoader - Keeping class: org.apache.hadoop.hdfs.protocol.OpenFilesIterator
2024-11-12 13:41:14,005 INFO  EvoClassLoader - Seeing class for first time: org.apache.hadoop.hdfs.protocol.BatchedDirectoryListing
2024-11-12 13:41:14,005 INFO  EvoClassLoader - Instrumenting class 'org.apache.hadoop.hdfs.protocol.BatchedDirectoryListing'.
2024-11-12 13:41:14,006 INFO  MethodCallReplacementClassAdapter - Adding mock interface to class org/apache/hadoop/hdfs/protocol/BatchedDirectoryListing
2024-11-12 13:41:14,006 INFO  CreateClassResetClassAdapter - Creating brand-new static initializer in class org/apache/hadoop/hdfs/protocol/BatchedDirectoryListing
2024-11-12 13:41:14,006 INFO  EvoClassLoader - Keeping class: org.apache.hadoop.hdfs.protocol.BatchedDirectoryListing
2024-11-12 13:41:14,006 INFO  EvoClassLoader - Seeing class for first time: org.apache.hadoop.hdfs.server.namenode.LeaseManager
2024-11-12 13:41:14,006 INFO  EvoClassLoader - Instrumenting class 'org.apache.hadoop.hdfs.server.namenode.LeaseManager'.
2024-11-12 13:41:14,007 INFO  MethodCallReplacementClassAdapter - Adding mock interface to class org/apache/hadoop/hdfs/server/namenode/LeaseManager
2024-11-12 13:41:14,009 INFO  CreateClassResetClassAdapter - Found static initializer in class org/apache/hadoop/hdfs/server/namenode/LeaseManager
2024-11-12 13:41:14,010 INFO  EvoClassLoader - Keeping class: org.apache.hadoop.hdfs.server.namenode.LeaseManager
2024-11-12 13:41:14,010 INFO  EvoClassLoader - Seeing class for first time: org.apache.hadoop.hdfs.server.namenode.AclEntryStatusFormat
2024-11-12 13:41:14,011 INFO  EvoClassLoader - Instrumenting class 'org.apache.hadoop.hdfs.server.namenode.AclEntryStatusFormat'.
2024-11-12 13:41:14,011 INFO  MethodCallReplacementClassAdapter - Adding mock interface to class org/apache/hadoop/hdfs/server/namenode/AclEntryStatusFormat
2024-11-12 13:41:14,011 INFO  CreateClassResetClassAdapter - Found static initializer in class org/apache/hadoop/hdfs/server/namenode/AclEntryStatusFormat
2024-11-12 13:41:14,012 INFO  EvoClassLoader - Keeping class: org.apache.hadoop.hdfs.server.namenode.AclEntryStatusFormat
2024-11-12 13:41:14,012 INFO  EvoClassLoader - Seeing class for first time: org.apache.hadoop.hdfs.server.namenode.NameNodeResourceChecker
2024-11-12 13:41:14,012 INFO  EvoClassLoader - Instrumenting class 'org.apache.hadoop.hdfs.server.namenode.NameNodeResourceChecker'.
2024-11-12 13:41:14,012 INFO  MethodCallReplacementClassAdapter - Adding mock interface to class org/apache/hadoop/hdfs/server/namenode/NameNodeResourceChecker
2024-11-12 13:41:14,014 INFO  CreateClassResetClassAdapter - Found static initializer in class org/apache/hadoop/hdfs/server/namenode/NameNodeResourceChecker
2024-11-12 13:41:14,014 INFO  EvoClassLoader - Keeping class: org.apache.hadoop.hdfs.server.namenode.NameNodeResourceChecker
2024-11-12 13:41:14,014 INFO  EvoClassLoader - Seeing class for first time: org.apache.hadoop.hdfs.server.namenode.FsImageProto$SecretManagerSection$PersistTokenOrBuilder
2024-11-12 13:41:14,014 INFO  EvoClassLoader - Instrumenting class 'org.apache.hadoop.hdfs.server.namenode.FsImageProto$SecretManagerSection$PersistTokenOrBuilder'.
2024-11-12 13:41:14,015 INFO  EvoClassLoader - Keeping class: org.apache.hadoop.hdfs.server.namenode.FsImageProto$SecretManagerSection$PersistTokenOrBuilder
2024-11-12 13:41:14,018 INFO  EvoClassLoader - Seeing class for first time: org.apache.hadoop.security.UserGroupInformation$HadoopLoginContext
2024-11-12 13:41:14,018 INFO  EvoClassLoader - Instrumenting class 'org.apache.hadoop.security.UserGroupInformation$HadoopLoginContext'.
2024-11-12 13:41:14,018 INFO  MethodCallReplacementClassAdapter - Adding mock interface to class org/apache/hadoop/security/UserGroupInformation$HadoopLoginContext
2024-11-12 13:41:14,019 INFO  CreateClassResetClassAdapter - Creating brand-new static initializer in class org/apache/hadoop/security/UserGroupInformation$HadoopLoginContext
2024-11-12 13:41:14,019 INFO  EvoClassLoader - Keeping class: org.apache.hadoop.security.UserGroupInformation$HadoopLoginContext
2024-11-12 13:41:14,019 INFO  EvoClassLoader - Seeing class for first time: org.apache.hadoop.security.KerberosAuthException
2024-11-12 13:41:14,019 INFO  EvoClassLoader - Instrumenting class 'org.apache.hadoop.security.KerberosAuthException'.
2024-11-12 13:41:14,019 INFO  MethodCallReplacementClassAdapter - Adding mock interface to class org/apache/hadoop/security/KerberosAuthException
2024-11-12 13:41:14,020 INFO  CreateClassResetClassAdapter - Creating brand-new static initializer in class org/apache/hadoop/security/KerberosAuthException
2024-11-12 13:41:14,020 INFO  EvoClassLoader - Keeping class: org.apache.hadoop.security.KerberosAuthException
2024-11-12 13:41:14,020 INFO  EvoClassLoader - Seeing class for first time: org.apache.hadoop.security.UserGroupInformation$AutoRenewalForUserCredsRunnable
2024-11-12 13:41:14,020 INFO  EvoClassLoader - Instrumenting class 'org.apache.hadoop.security.UserGroupInformation$AutoRenewalForUserCredsRunnable'.
2024-11-12 13:41:14,020 INFO  MethodCallReplacementClassAdapter - Adding mock interface to class org/apache/hadoop/security/UserGroupInformation$AutoRenewalForUserCredsRunnable
2024-11-12 13:41:14,020 INFO  CreateClassResetClassAdapter - Creating brand-new static initializer in class org/apache/hadoop/security/UserGroupInformation$AutoRenewalForUserCredsRunnable
2024-11-12 13:41:14,021 INFO  EvoClassLoader - Keeping class: org.apache.hadoop.security.UserGroupInformation$AutoRenewalForUserCredsRunnable
2024-11-12 13:41:14,021 INFO  EvoClassLoader - Seeing class for first time: org.apache.hadoop.security.UserGroupInformation$TicketCacheRenewalRunnable
2024-11-12 13:41:14,021 INFO  EvoClassLoader - Instrumenting class 'org.apache.hadoop.security.UserGroupInformation$TicketCacheRenewalRunnable'.
2024-11-12 13:41:14,021 INFO  MethodCallReplacementClassAdapter - Adding mock interface to class org/apache/hadoop/security/UserGroupInformation$TicketCacheRenewalRunnable
2024-11-12 13:41:14,021 INFO  CreateClassResetClassAdapter - Creating brand-new static initializer in class org/apache/hadoop/security/UserGroupInformation$TicketCacheRenewalRunnable
2024-11-12 13:41:14,022 INFO  EvoClassLoader - Keeping class: org.apache.hadoop.security.UserGroupInformation$TicketCacheRenewalRunnable
2024-11-12 13:41:14,022 INFO  EvoClassLoader - Seeing class for first time: org.apache.hadoop.security.UserGroupInformation$KeytabRenewalRunnable
2024-11-12 13:41:14,022 INFO  EvoClassLoader - Instrumenting class 'org.apache.hadoop.security.UserGroupInformation$KeytabRenewalRunnable'.
2024-11-12 13:41:14,022 INFO  MethodCallReplacementClassAdapter - Adding mock interface to class org/apache/hadoop/security/UserGroupInformation$KeytabRenewalRunnable
2024-11-12 13:41:14,022 INFO  CreateClassResetClassAdapter - Creating brand-new static initializer in class org/apache/hadoop/security/UserGroupInformation$KeytabRenewalRunnable
2024-11-12 13:41:14,022 INFO  EvoClassLoader - Keeping class: org.apache.hadoop.security.UserGroupInformation$KeytabRenewalRunnable
2024-11-12 13:41:14,023 INFO  EvoClassLoader - Seeing class for first time: org.apache.hadoop.security.Groups
2024-11-12 13:41:14,023 INFO  EvoClassLoader - Instrumenting class 'org.apache.hadoop.security.Groups'.
2024-11-12 13:41:14,023 INFO  MethodCallReplacementClassAdapter - Adding mock interface to class org/apache/hadoop/security/Groups
2024-11-12 13:41:14,024 INFO  CreateClassResetClassAdapter - Found static initializer in class org/apache/hadoop/security/Groups
2024-11-12 13:41:14,025 INFO  EvoClassLoader - Keeping class: org.apache.hadoop.security.Groups
2024-11-12 13:41:14,025 INFO  EvoClassLoader - Seeing class for first time: org.apache.hadoop.security.UserGroupInformation$TestingGroups
2024-11-12 13:41:14,025 INFO  EvoClassLoader - Instrumenting class 'org.apache.hadoop.security.UserGroupInformation$TestingGroups'.
2024-11-12 13:41:14,025 INFO  MethodCallReplacementClassAdapter - Adding mock interface to class org/apache/hadoop/security/UserGroupInformation$TestingGroups
2024-11-12 13:41:14,025 INFO  CreateClassResetClassAdapter - Creating brand-new static initializer in class org/apache/hadoop/security/UserGroupInformation$TestingGroups
2024-11-12 13:41:14,026 INFO  EvoClassLoader - Keeping class: org.apache.hadoop.security.UserGroupInformation$TestingGroups
2024-11-12 13:41:14,026 INFO  EvoClassLoader - Seeing class for first time: org.apache.hadoop.security.UserGroupInformation$UgiMetrics
2024-11-12 13:41:14,026 INFO  EvoClassLoader - Instrumenting class 'org.apache.hadoop.security.UserGroupInformation$UgiMetrics'.
2024-11-12 13:41:14,026 INFO  MethodCallReplacementClassAdapter - Adding mock interface to class org/apache/hadoop/security/UserGroupInformation$UgiMetrics
2024-11-12 13:41:14,027 INFO  CreateClassResetClassAdapter - Creating brand-new static initializer in class org/apache/hadoop/security/UserGroupInformation$UgiMetrics
2024-11-12 13:41:14,027 INFO  EvoClassLoader - Keeping class: org.apache.hadoop.security.UserGroupInformation$UgiMetrics
2024-11-12 13:41:14,027 INFO  EvoClassLoader - Seeing class for first time: org.apache.hadoop.metrics2.lib.DefaultMetricsSystem
2024-11-12 13:41:14,027 INFO  EvoClassLoader - Instrumenting class 'org.apache.hadoop.metrics2.lib.DefaultMetricsSystem'.
2024-11-12 13:41:14,027 INFO  MethodCallReplacementClassAdapter - Adding mock interface to class org/apache/hadoop/metrics2/lib/DefaultMetricsSystem
2024-11-12 13:41:14,027 INFO  CreateClassResetClassAdapter - Found static initializer in class org/apache/hadoop/metrics2/lib/DefaultMetricsSystem
2024-11-12 13:41:14,027 INFO  EvoClassLoader - Defined package (3): package org.apache.hadoop.metrics2.lib, 1694766009
2024-11-12 13:41:14,028 INFO  EvoClassLoader - Keeping class: org.apache.hadoop.metrics2.lib.DefaultMetricsSystem
2024-11-12 13:41:14,028 INFO  EvoClassLoader - Seeing class for first time: org.apache.hadoop.metrics2.MetricsException
2024-11-12 13:41:14,028 INFO  EvoClassLoader - Instrumenting class 'org.apache.hadoop.metrics2.MetricsException'.
2024-11-12 13:41:14,028 INFO  MethodCallReplacementClassAdapter - Adding mock interface to class org/apache/hadoop/metrics2/MetricsException
2024-11-12 13:41:14,028 INFO  CreateClassResetClassAdapter - Creating brand-new static initializer in class org/apache/hadoop/metrics2/MetricsException
2024-11-12 13:41:14,028 INFO  EvoClassLoader - Defined package (3): package org.apache.hadoop.metrics2, -190125790
2024-11-12 13:41:14,028 INFO  EvoClassLoader - Keeping class: org.apache.hadoop.metrics2.MetricsException
2024-11-12 13:41:14,028 INFO  EvoClassLoader - Seeing class for first time: org.apache.hadoop.metrics2.impl.MetricsSystemImpl
2024-11-12 13:41:14,028 INFO  EvoClassLoader - Instrumenting class 'org.apache.hadoop.metrics2.impl.MetricsSystemImpl'.
2024-11-12 13:41:14,029 INFO  MethodCallReplacementClassAdapter - Adding mock interface to class org/apache/hadoop/metrics2/impl/MetricsSystemImpl
2024-11-12 13:41:14,032 INFO  CreateClassResetClassAdapter - Found static initializer in class org/apache/hadoop/metrics2/impl/MetricsSystemImpl
2024-11-12 13:41:14,032 INFO  EvoClassLoader - Defined package (3): package org.apache.hadoop.metrics2.impl, 998053740
2024-11-12 13:41:14,033 INFO  EvoClassLoader - Seeing class for first time: org.apache.hadoop.metrics2.MetricsSource
2024-11-12 13:41:14,033 INFO  EvoClassLoader - Instrumenting class 'org.apache.hadoop.metrics2.MetricsSource'.
2024-11-12 13:41:14,033 INFO  EvoClassLoader - Keeping class: org.apache.hadoop.metrics2.MetricsSource
2024-11-12 13:41:14,033 INFO  EvoClassLoader - Seeing class for first time: org.apache.hadoop.metrics2.MetricsSystem
2024-11-12 13:41:14,033 INFO  EvoClassLoader - Instrumenting class 'org.apache.hadoop.metrics2.MetricsSystem'.
2024-11-12 13:41:14,034 INFO  MethodCallReplacementClassAdapter - Adding mock interface to class org/apache/hadoop/metrics2/MetricsSystem
2024-11-12 13:41:14,034 INFO  CreateClassResetClassAdapter - Creating brand-new static initializer in class org/apache/hadoop/metrics2/MetricsSystem
2024-11-12 13:41:14,034 INFO  EvoClassLoader - Seeing class for first time: org.apache.hadoop.metrics2.MetricsSystemMXBean
2024-11-12 13:41:14,034 INFO  EvoClassLoader - Instrumenting class 'org.apache.hadoop.metrics2.MetricsSystemMXBean'.
2024-11-12 13:41:14,034 INFO  EvoClassLoader - Keeping class: org.apache.hadoop.metrics2.MetricsSystemMXBean
2024-11-12 13:41:14,034 INFO  EvoClassLoader - Keeping class: org.apache.hadoop.metrics2.MetricsSystem
2024-11-12 13:41:14,034 INFO  EvoClassLoader - Keeping class: org.apache.hadoop.metrics2.impl.MetricsSystemImpl
2024-11-12 13:41:14,034 INFO  EvoClassLoader - Seeing class for first time: org.apache.hadoop.metrics2.MetricsInfo
2024-11-12 13:41:14,034 INFO  EvoClassLoader - Instrumenting class 'org.apache.hadoop.metrics2.MetricsInfo'.
2024-11-12 13:41:14,034 INFO  EvoClassLoader - Keeping class: org.apache.hadoop.metrics2.MetricsInfo
2024-11-12 13:41:14,035 INFO  EvoClassLoader - Seeing class for first time: org.apache.hadoop.metrics2.MetricsSystem$Callback
2024-11-12 13:41:14,035 INFO  EvoClassLoader - Instrumenting class 'org.apache.hadoop.metrics2.MetricsSystem$Callback'.
2024-11-12 13:41:14,035 INFO  EvoClassLoader - Keeping class: org.apache.hadoop.metrics2.MetricsSystem$Callback
2024-11-12 13:41:14,035 INFO  EvoClassLoader - Seeing class for first time: org.apache.hadoop.metrics2.impl.MetricsConfigException
2024-11-12 13:41:14,035 INFO  EvoClassLoader - Instrumenting class 'org.apache.hadoop.metrics2.impl.MetricsConfigException'.
2024-11-12 13:41:14,035 INFO  MethodCallReplacementClassAdapter - Adding mock interface to class org/apache/hadoop/metrics2/impl/MetricsConfigException
2024-11-12 13:41:14,035 INFO  CreateClassResetClassAdapter - Creating brand-new static initializer in class org/apache/hadoop/metrics2/impl/MetricsConfigException
2024-11-12 13:41:14,035 INFO  EvoClassLoader - Keeping class: org.apache.hadoop.metrics2.impl.MetricsConfigException
2024-11-12 13:41:14,035 INFO  EvoClassLoader - Seeing class for first time: org.apache.commons.configuration2.Configuration
2024-11-12 13:41:14,035 INFO  EvoClassLoader - Instrumenting class 'org.apache.commons.configuration2.Configuration'.
2024-11-12 13:41:14,036 INFO  EvoClassLoader - Defined package (3): package org.apache.commons.configuration2, -1539130408
2024-11-12 13:41:14,036 INFO  EvoClassLoader - Seeing class for first time: org.apache.commons.configuration2.ImmutableConfiguration
2024-11-12 13:41:14,036 INFO  EvoClassLoader - Instrumenting class 'org.apache.commons.configuration2.ImmutableConfiguration'.
2024-11-12 13:41:14,036 INFO  EvoClassLoader - Keeping class: org.apache.commons.configuration2.ImmutableConfiguration
2024-11-12 13:41:14,036 INFO  EvoClassLoader - Seeing class for first time: org.apache.commons.configuration2.sync.SynchronizerSupport
2024-11-12 13:41:14,036 INFO  EvoClassLoader - Instrumenting class 'org.apache.commons.configuration2.sync.SynchronizerSupport'.
2024-11-12 13:41:14,037 INFO  EvoClassLoader - Defined package (3): package org.apache.commons.configuration2.sync, 1116684017
2024-11-12 13:41:14,037 INFO  EvoClassLoader - Keeping class: org.apache.commons.configuration2.sync.SynchronizerSupport
2024-11-12 13:41:14,037 INFO  EvoClassLoader - Keeping class: org.apache.commons.configuration2.Configuration
2024-11-12 13:41:14,037 INFO  EvoClassLoader - Seeing class for first time: org.apache.hadoop.metrics2.impl.MetricsSystemImpl$4
2024-11-12 13:41:14,037 INFO  EvoClassLoader - Instrumenting class 'org.apache.hadoop.metrics2.impl.MetricsSystemImpl$4'.
2024-11-12 13:41:14,038 INFO  MethodCallReplacementClassAdapter - Adding mock interface to class org/apache/hadoop/metrics2/impl/MetricsSystemImpl$4
2024-11-12 13:41:14,038 INFO  EvoClassLoader - Keeping class: org.apache.hadoop.metrics2.impl.MetricsSystemImpl$4
2024-11-12 13:41:14,038 INFO  EvoClassLoader - Seeing class for first time: org.apache.hadoop.metrics2.lib.MetricsRegistry
2024-11-12 13:41:14,038 INFO  EvoClassLoader - Instrumenting class 'org.apache.hadoop.metrics2.lib.MetricsRegistry'.
2024-11-12 13:41:14,039 INFO  MethodCallReplacementClassAdapter - Adding mock interface to class org/apache/hadoop/metrics2/lib/MetricsRegistry
2024-11-12 13:41:14,039 INFO  CreateClassResetClassAdapter - Creating brand-new static initializer in class org/apache/hadoop/metrics2/lib/MetricsRegistry
2024-11-12 13:41:14,040 INFO  EvoClassLoader - Keeping class: org.apache.hadoop.metrics2.lib.MetricsRegistry
2024-11-12 13:41:14,040 INFO  EvoClassLoader - Seeing class for first time: org.apache.hadoop.thirdparty.com.google.common.collect.Maps
2024-11-12 13:41:14,040 INFO  EvoClassLoader - Instrumenting class 'org.apache.hadoop.thirdparty.com.google.common.collect.Maps'.
2024-11-12 13:41:14,041 INFO  MethodCallReplacementClassAdapter - Adding mock interface to class org/apache/hadoop/thirdparty/com/google/common/collect/Maps
2024-11-12 13:41:14,045 INFO  CreateClassResetClassAdapter - Creating brand-new static initializer in class org/apache/hadoop/thirdparty/com/google/common/collect/Maps
2024-11-12 13:41:14,046 INFO  EvoClassLoader - Keeping class: org.apache.hadoop.thirdparty.com.google.common.collect.Maps
2024-11-12 13:41:14,047 INFO  EvoClassLoader - Seeing class for first time: org.apache.hadoop.thirdparty.com.google.common.collect.Maps$8
2024-11-12 13:41:14,047 INFO  EvoClassLoader - Instrumenting class 'org.apache.hadoop.thirdparty.com.google.common.collect.Maps$8'.
2024-11-12 13:41:14,047 INFO  MethodCallReplacementClassAdapter - Adding mock interface to class org/apache/hadoop/thirdparty/com/google/common/collect/Maps$8
2024-11-12 13:41:14,047 INFO  EvoClassLoader - Keeping class: org.apache.hadoop.thirdparty.com.google.common.collect.Maps$8
2024-11-12 13:41:14,047 INFO  EvoClassLoader - Seeing class for first time: org.apache.hadoop.thirdparty.com.google.common.collect.Maps$BiMapConverter
2024-11-12 13:41:14,047 INFO  EvoClassLoader - Instrumenting class 'org.apache.hadoop.thirdparty.com.google.common.collect.Maps$BiMapConverter'.
2024-11-12 13:41:14,048 INFO  MethodCallReplacementClassAdapter - Adding mock interface to class org/apache/hadoop/thirdparty/com/google/common/collect/Maps$BiMapConverter
2024-11-12 13:41:14,048 INFO  CreateClassResetClassAdapter - Creating brand-new static initializer in class org/apache/hadoop/thirdparty/com/google/common/collect/Maps$BiMapConverter
2024-11-12 13:41:14,048 INFO  EvoClassLoader - Keeping class: org.apache.hadoop.thirdparty.com.google.common.collect.Maps$BiMapConverter
2024-11-12 13:41:14,049 INFO  EvoClassLoader - Seeing class for first time: org.apache.hadoop.metrics2.lib.Interns
2024-11-12 13:41:14,049 INFO  EvoClassLoader - Instrumenting class 'org.apache.hadoop.metrics2.lib.Interns'.
2024-11-12 13:41:14,049 INFO  MethodCallReplacementClassAdapter - Adding mock interface to class org/apache/hadoop/metrics2/lib/Interns
2024-11-12 13:41:14,050 INFO  CreateClassResetClassAdapter - Found static initializer in class org/apache/hadoop/metrics2/lib/Interns
2024-11-12 13:41:14,050 INFO  EvoClassLoader - Keeping class: org.apache.hadoop.metrics2.lib.Interns
2024-11-12 13:41:14,050 INFO  EvoClassLoader - Seeing class for first time: org.apache.hadoop.metrics2.lib.Interns$Info
2024-11-12 13:41:14,050 INFO  EvoClassLoader - Instrumenting class 'org.apache.hadoop.metrics2.lib.Interns$Info'.
2024-11-12 13:41:14,050 INFO  MethodCallReplacementClassAdapter - Adding mock interface to class org/apache/hadoop/metrics2/lib/Interns$Info
2024-11-12 13:41:14,050 INFO  CreateClassResetClassAdapter - Found static initializer in class org/apache/hadoop/metrics2/lib/Interns$Info
2024-11-12 13:41:14,050 INFO  EvoClassLoader - Keeping class: org.apache.hadoop.metrics2.lib.Interns$Info
2024-11-12 13:41:14,050 INFO  EvoClassLoader - Seeing class for first time: org.apache.hadoop.metrics2.lib.Interns$CacheWith2Keys
2024-11-12 13:41:14,050 INFO  EvoClassLoader - Instrumenting class 'org.apache.hadoop.metrics2.lib.Interns$CacheWith2Keys'.
2024-11-12 13:41:14,051 INFO  MethodCallReplacementClassAdapter - Adding mock interface to class org/apache/hadoop/metrics2/lib/Interns$CacheWith2Keys
2024-11-12 13:41:14,051 INFO  CreateClassResetClassAdapter - Creating brand-new static initializer in class org/apache/hadoop/metrics2/lib/Interns$CacheWith2Keys
2024-11-12 13:41:14,051 INFO  EvoClassLoader - Keeping class: org.apache.hadoop.metrics2.lib.Interns$CacheWith2Keys
2024-11-12 13:41:14,051 INFO  EvoClassLoader - Seeing class for first time: org.apache.hadoop.metrics2.lib.Interns$Info$1
2024-11-12 13:41:14,051 INFO  EvoClassLoader - Instrumenting class 'org.apache.hadoop.metrics2.lib.Interns$Info$1'.
2024-11-12 13:41:14,051 INFO  MethodCallReplacementClassAdapter - Adding mock interface to class org/apache/hadoop/metrics2/lib/Interns$Info$1
2024-11-12 13:41:14,052 INFO  EvoClassLoader - Keeping class: org.apache.hadoop.metrics2.lib.Interns$Info$1
2024-11-12 13:41:14,052 INFO  EvoClassLoader - Seeing class for first time: org.apache.hadoop.metrics2.lib.Interns$CacheWith2Keys$1
2024-11-12 13:41:14,052 INFO  EvoClassLoader - Instrumenting class 'org.apache.hadoop.metrics2.lib.Interns$CacheWith2Keys$1'.
2024-11-12 13:41:14,052 INFO  MethodCallReplacementClassAdapter - Adding mock interface to class org/apache/hadoop/metrics2/lib/Interns$CacheWith2Keys$1
2024-11-12 13:41:14,052 INFO  EvoClassLoader - Keeping class: org.apache.hadoop.metrics2.lib.Interns$CacheWith2Keys$1
2024-11-12 13:41:14,052 INFO  EvoClassLoader - Seeing class for first time: org.apache.hadoop.metrics2.lib.Interns$CacheWith2Keys$2
2024-11-12 13:41:14,052 INFO  EvoClassLoader - Instrumenting class 'org.apache.hadoop.metrics2.lib.Interns$CacheWith2Keys$2'.
2024-11-12 13:41:14,052 INFO  MethodCallReplacementClassAdapter - Adding mock interface to class org/apache/hadoop/metrics2/lib/Interns$CacheWith2Keys$2
2024-11-12 13:41:14,052 INFO  EvoClassLoader - Keeping class: org.apache.hadoop.metrics2.lib.Interns$CacheWith2Keys$2
2024-11-12 13:41:14,053 INFO  EvoClassLoader - Seeing class for first time: org.apache.hadoop.metrics2.lib.MetricsInfoImpl
2024-11-12 13:41:14,053 INFO  EvoClassLoader - Instrumenting class 'org.apache.hadoop.metrics2.lib.MetricsInfoImpl'.
2024-11-12 13:41:14,053 INFO  MethodCallReplacementClassAdapter - Adding mock interface to class org/apache/hadoop/metrics2/lib/MetricsInfoImpl
2024-11-12 13:41:14,053 INFO  CreateClassResetClassAdapter - Creating brand-new static initializer in class org/apache/hadoop/metrics2/lib/MetricsInfoImpl
2024-11-12 13:41:14,053 INFO  EvoClassLoader - Keeping class: org.apache.hadoop.metrics2.lib.MetricsInfoImpl
2024-11-12 13:41:14,053 INFO  EvoClassLoader - Seeing class for first time: org.apache.hadoop.metrics2.impl.MetricsCollectorImpl
2024-11-12 13:41:14,053 INFO  EvoClassLoader - Instrumenting class 'org.apache.hadoop.metrics2.impl.MetricsCollectorImpl'.
2024-11-12 13:41:14,053 INFO  MethodCallReplacementClassAdapter - Adding mock interface to class org/apache/hadoop/metrics2/impl/MetricsCollectorImpl
2024-11-12 13:41:14,053 INFO  CreateClassResetClassAdapter - Creating brand-new static initializer in class org/apache/hadoop/metrics2/impl/MetricsCollectorImpl
2024-11-12 13:41:14,053 INFO  EvoClassLoader - Seeing class for first time: org.apache.hadoop.metrics2.MetricsCollector
2024-11-12 13:41:14,053 INFO  EvoClassLoader - Instrumenting class 'org.apache.hadoop.metrics2.MetricsCollector'.
2024-11-12 13:41:14,053 INFO  EvoClassLoader - Keeping class: org.apache.hadoop.metrics2.MetricsCollector
2024-11-12 13:41:14,053 INFO  EvoClassLoader - Keeping class: org.apache.hadoop.metrics2.impl.MetricsCollectorImpl
2024-11-12 13:41:14,053 INFO  EvoClassLoader - Seeing class for first time: org.apache.hadoop.metrics2.MetricsRecordBuilder
2024-11-12 13:41:14,053 INFO  EvoClassLoader - Instrumenting class 'org.apache.hadoop.metrics2.MetricsRecordBuilder'.
2024-11-12 13:41:14,054 INFO  MethodCallReplacementClassAdapter - Adding mock interface to class org/apache/hadoop/metrics2/MetricsRecordBuilder
2024-11-12 13:41:14,054 INFO  CreateClassResetClassAdapter - Creating brand-new static initializer in class org/apache/hadoop/metrics2/MetricsRecordBuilder
2024-11-12 13:41:14,054 INFO  EvoClassLoader - Keeping class: org.apache.hadoop.metrics2.MetricsRecordBuilder
2024-11-12 13:41:14,054 INFO  EvoClassLoader - Seeing class for first time: org.apache.hadoop.metrics2.impl.MetricsRecordBuilderImpl
2024-11-12 13:41:14,054 INFO  EvoClassLoader - Instrumenting class 'org.apache.hadoop.metrics2.impl.MetricsRecordBuilderImpl'.
2024-11-12 13:41:14,054 INFO  MethodCallReplacementClassAdapter - Adding mock interface to class org/apache/hadoop/metrics2/impl/MetricsRecordBuilderImpl
2024-11-12 13:41:14,054 INFO  CreateClassResetClassAdapter - Creating brand-new static initializer in class org/apache/hadoop/metrics2/impl/MetricsRecordBuilderImpl
2024-11-12 13:41:14,054 INFO  EvoClassLoader - Keeping class: org.apache.hadoop.metrics2.impl.MetricsRecordBuilderImpl
2024-11-12 13:41:14,054 INFO  EvoClassLoader - Seeing class for first time: org.apache.hadoop.metrics2.lib.UniqueNames
2024-11-12 13:41:14,054 INFO  EvoClassLoader - Instrumenting class 'org.apache.hadoop.metrics2.lib.UniqueNames'.
2024-11-12 13:41:14,054 INFO  MethodCallReplacementClassAdapter - Adding mock interface to class org/apache/hadoop/metrics2/lib/UniqueNames
2024-11-12 13:41:14,054 INFO  CreateClassResetClassAdapter - Found static initializer in class org/apache/hadoop/metrics2/lib/UniqueNames
2024-11-12 13:41:14,055 INFO  EvoClassLoader - Keeping class: org.apache.hadoop.metrics2.lib.UniqueNames
2024-11-12 13:41:14,055 INFO  EvoClassLoader - Seeing class for first time: org.apache.hadoop.thirdparty.com.google.common.base.Joiner
2024-11-12 13:41:14,055 INFO  EvoClassLoader - Instrumenting class 'org.apache.hadoop.thirdparty.com.google.common.base.Joiner'.
2024-11-12 13:41:14,055 INFO  MethodCallReplacementClassAdapter - Adding mock interface to class org/apache/hadoop/thirdparty/com/google/common/base/Joiner
2024-11-12 13:41:14,055 INFO  CreateClassResetClassAdapter - Creating brand-new static initializer in class org/apache/hadoop/thirdparty/com/google/common/base/Joiner
2024-11-12 13:41:14,055 INFO  EvoClassLoader - Keeping class: org.apache.hadoop.thirdparty.com.google.common.base.Joiner
2024-11-12 13:41:14,055 INFO  EvoClassLoader - Seeing class for first time: org.apache.hadoop.thirdparty.com.google.common.base.Joiner$2
2024-11-12 13:41:14,055 INFO  EvoClassLoader - Instrumenting class 'org.apache.hadoop.thirdparty.com.google.common.base.Joiner$2'.
2024-11-12 13:41:14,056 INFO  MethodCallReplacementClassAdapter - Adding mock interface to class org/apache/hadoop/thirdparty/com/google/common/base/Joiner$2
2024-11-12 13:41:14,056 INFO  EvoClassLoader - Keeping class: org.apache.hadoop.thirdparty.com.google.common.base.Joiner$2
2024-11-12 13:41:14,056 INFO  EvoClassLoader - Seeing class for first time: org.apache.hadoop.thirdparty.com.google.common.base.Joiner$1
2024-11-12 13:41:14,056 INFO  EvoClassLoader - Instrumenting class 'org.apache.hadoop.thirdparty.com.google.common.base.Joiner$1'.
2024-11-12 13:41:14,056 INFO  MethodCallReplacementClassAdapter - Adding mock interface to class org/apache/hadoop/thirdparty/com/google/common/base/Joiner$1
2024-11-12 13:41:14,056 INFO  EvoClassLoader - Keeping class: org.apache.hadoop.thirdparty.com.google.common.base.Joiner$1
2024-11-12 13:41:14,056 INFO  EvoClassLoader - Seeing class for first time: org.apache.hadoop.metrics2.lib.MetricsAnnotations
2024-11-12 13:41:14,056 INFO  EvoClassLoader - Instrumenting class 'org.apache.hadoop.metrics2.lib.MetricsAnnotations'.
2024-11-12 13:41:14,056 INFO  MethodCallReplacementClassAdapter - Adding mock interface to class org/apache/hadoop/metrics2/lib/MetricsAnnotations
2024-11-12 13:41:14,057 INFO  CreateClassResetClassAdapter - Creating brand-new static initializer in class org/apache/hadoop/metrics2/lib/MetricsAnnotations
2024-11-12 13:41:14,057 INFO  EvoClassLoader - Keeping class: org.apache.hadoop.metrics2.lib.MetricsAnnotations
2024-11-12 13:41:14,057 INFO  EvoClassLoader - Seeing class for first time: org.apache.hadoop.metrics2.lib.MetricsSourceBuilder
2024-11-12 13:41:14,057 INFO  EvoClassLoader - Instrumenting class 'org.apache.hadoop.metrics2.lib.MetricsSourceBuilder'.
2024-11-12 13:41:14,057 INFO  MethodCallReplacementClassAdapter - Adding mock interface to class org/apache/hadoop/metrics2/lib/MetricsSourceBuilder
2024-11-12 13:41:14,057 INFO  CreateClassResetClassAdapter - Found static initializer in class org/apache/hadoop/metrics2/lib/MetricsSourceBuilder
2024-11-12 13:41:14,057 INFO  EvoClassLoader - Keeping class: org.apache.hadoop.metrics2.lib.MetricsSourceBuilder
2024-11-12 13:41:14,057 INFO  EvoClassLoader - Seeing class for first time: org.apache.hadoop.metrics2.lib.DefaultMetricsFactory
2024-11-12 13:41:14,057 INFO  EvoClassLoader - Instrumenting class 'org.apache.hadoop.metrics2.lib.DefaultMetricsFactory'.
2024-11-12 13:41:14,057 INFO  MethodCallReplacementClassAdapter - Adding mock interface to class org/apache/hadoop/metrics2/lib/DefaultMetricsFactory
2024-11-12 13:41:14,057 INFO  CreateClassResetClassAdapter - Found static initializer in class org/apache/hadoop/metrics2/lib/DefaultMetricsFactory
2024-11-12 13:41:14,058 INFO  EvoClassLoader - Keeping class: org.apache.hadoop.metrics2.lib.DefaultMetricsFactory
2024-11-12 13:41:14,058 INFO  EvoClassLoader - Seeing class for first time: org.apache.hadoop.metrics2.lib.MutableMetricsFactory
2024-11-12 13:41:14,058 INFO  EvoClassLoader - Instrumenting class 'org.apache.hadoop.metrics2.lib.MutableMetricsFactory'.
2024-11-12 13:41:14,058 INFO  MethodCallReplacementClassAdapter - Adding mock interface to class org/apache/hadoop/metrics2/lib/MutableMetricsFactory
2024-11-12 13:41:14,058 INFO  CreateClassResetClassAdapter - Found static initializer in class org/apache/hadoop/metrics2/lib/MutableMetricsFactory
2024-11-12 13:41:14,059 INFO  EvoClassLoader - Keeping class: org.apache.hadoop.metrics2.lib.MutableMetricsFactory
2024-11-12 13:41:14,059 INFO  EvoClassLoader - Seeing class for first time: org.apache.hadoop.metrics2.lib.MutableMetric
2024-11-12 13:41:14,059 INFO  EvoClassLoader - Instrumenting class 'org.apache.hadoop.metrics2.lib.MutableMetric'.
2024-11-12 13:41:14,059 INFO  MethodCallReplacementClassAdapter - Adding mock interface to class org/apache/hadoop/metrics2/lib/MutableMetric
2024-11-12 13:41:14,059 INFO  CreateClassResetClassAdapter - Creating brand-new static initializer in class org/apache/hadoop/metrics2/lib/MutableMetric
2024-11-12 13:41:14,059 INFO  EvoClassLoader - Keeping class: org.apache.hadoop.metrics2.lib.MutableMetric
2024-11-12 13:41:14,059 INFO  EvoClassLoader - Seeing class for first time: org.apache.hadoop.metrics2.lib.MutableCounterInt
2024-11-12 13:41:14,059 INFO  EvoClassLoader - Instrumenting class 'org.apache.hadoop.metrics2.lib.MutableCounterInt'.
2024-11-12 13:41:14,059 INFO  MethodCallReplacementClassAdapter - Adding mock interface to class org/apache/hadoop/metrics2/lib/MutableCounterInt
2024-11-12 13:41:14,059 INFO  CreateClassResetClassAdapter - Creating brand-new static initializer in class org/apache/hadoop/metrics2/lib/MutableCounterInt
2024-11-12 13:41:14,059 INFO  EvoClassLoader - Seeing class for first time: org.apache.hadoop.metrics2.lib.MutableCounter
2024-11-12 13:41:14,059 INFO  EvoClassLoader - Instrumenting class 'org.apache.hadoop.metrics2.lib.MutableCounter'.
2024-11-12 13:41:14,059 INFO  MethodCallReplacementClassAdapter - Adding mock interface to class org/apache/hadoop/metrics2/lib/MutableCounter
2024-11-12 13:41:14,059 INFO  CreateClassResetClassAdapter - Creating brand-new static initializer in class org/apache/hadoop/metrics2/lib/MutableCounter
2024-11-12 13:41:14,060 INFO  EvoClassLoader - Keeping class: org.apache.hadoop.metrics2.lib.MutableCounter
2024-11-12 13:41:14,060 INFO  EvoClassLoader - Keeping class: org.apache.hadoop.metrics2.lib.MutableCounterInt
2024-11-12 13:41:14,060 INFO  EvoClassLoader - Seeing class for first time: org.apache.hadoop.metrics2.lib.MutableCounterLong
2024-11-12 13:41:14,060 INFO  EvoClassLoader - Instrumenting class 'org.apache.hadoop.metrics2.lib.MutableCounterLong'.
2024-11-12 13:41:14,060 INFO  MethodCallReplacementClassAdapter - Adding mock interface to class org/apache/hadoop/metrics2/lib/MutableCounterLong
2024-11-12 13:41:14,060 INFO  CreateClassResetClassAdapter - Creating brand-new static initializer in class org/apache/hadoop/metrics2/lib/MutableCounterLong
2024-11-12 13:41:14,060 INFO  EvoClassLoader - Keeping class: org.apache.hadoop.metrics2.lib.MutableCounterLong
2024-11-12 13:41:14,060 INFO  EvoClassLoader - Seeing class for first time: org.apache.hadoop.metrics2.lib.MutableGaugeInt
2024-11-12 13:41:14,060 INFO  EvoClassLoader - Instrumenting class 'org.apache.hadoop.metrics2.lib.MutableGaugeInt'.
2024-11-12 13:41:14,060 INFO  MethodCallReplacementClassAdapter - Adding mock interface to class org/apache/hadoop/metrics2/lib/MutableGaugeInt
2024-11-12 13:41:14,060 INFO  CreateClassResetClassAdapter - Creating brand-new static initializer in class org/apache/hadoop/metrics2/lib/MutableGaugeInt
2024-11-12 13:41:14,060 INFO  EvoClassLoader - Seeing class for first time: org.apache.hadoop.metrics2.lib.MutableGauge
2024-11-12 13:41:14,060 INFO  EvoClassLoader - Instrumenting class 'org.apache.hadoop.metrics2.lib.MutableGauge'.
2024-11-12 13:41:14,060 INFO  MethodCallReplacementClassAdapter - Adding mock interface to class org/apache/hadoop/metrics2/lib/MutableGauge
2024-11-12 13:41:14,060 INFO  CreateClassResetClassAdapter - Creating brand-new static initializer in class org/apache/hadoop/metrics2/lib/MutableGauge
2024-11-12 13:41:14,060 INFO  EvoClassLoader - Keeping class: org.apache.hadoop.metrics2.lib.MutableGauge
2024-11-12 13:41:14,060 INFO  EvoClassLoader - Keeping class: org.apache.hadoop.metrics2.lib.MutableGaugeInt
2024-11-12 13:41:14,060 INFO  EvoClassLoader - Seeing class for first time: org.apache.hadoop.metrics2.lib.MutableGaugeLong
2024-11-12 13:41:14,060 INFO  EvoClassLoader - Instrumenting class 'org.apache.hadoop.metrics2.lib.MutableGaugeLong'.
2024-11-12 13:41:14,061 INFO  MethodCallReplacementClassAdapter - Adding mock interface to class org/apache/hadoop/metrics2/lib/MutableGaugeLong
2024-11-12 13:41:14,061 INFO  CreateClassResetClassAdapter - Creating brand-new static initializer in class org/apache/hadoop/metrics2/lib/MutableGaugeLong
2024-11-12 13:41:14,061 INFO  EvoClassLoader - Keeping class: org.apache.hadoop.metrics2.lib.MutableGaugeLong
2024-11-12 13:41:14,061 INFO  EvoClassLoader - Seeing class for first time: org.apache.hadoop.metrics2.lib.MutableGaugeFloat
2024-11-12 13:41:14,061 INFO  EvoClassLoader - Instrumenting class 'org.apache.hadoop.metrics2.lib.MutableGaugeFloat'.
2024-11-12 13:41:14,061 INFO  MethodCallReplacementClassAdapter - Adding mock interface to class org/apache/hadoop/metrics2/lib/MutableGaugeFloat
2024-11-12 13:41:14,061 INFO  CreateClassResetClassAdapter - Creating brand-new static initializer in class org/apache/hadoop/metrics2/lib/MutableGaugeFloat
2024-11-12 13:41:14,061 INFO  EvoClassLoader - Keeping class: org.apache.hadoop.metrics2.lib.MutableGaugeFloat
2024-11-12 13:41:14,061 INFO  EvoClassLoader - Seeing class for first time: org.apache.hadoop.metrics2.lib.MutableRate
2024-11-12 13:41:14,061 INFO  EvoClassLoader - Instrumenting class 'org.apache.hadoop.metrics2.lib.MutableRate'.
2024-11-12 13:41:14,061 INFO  MethodCallReplacementClassAdapter - Adding mock interface to class org/apache/hadoop/metrics2/lib/MutableRate
2024-11-12 13:41:14,061 INFO  CreateClassResetClassAdapter - Creating brand-new static initializer in class org/apache/hadoop/metrics2/lib/MutableRate
2024-11-12 13:41:14,061 INFO  EvoClassLoader - Seeing class for first time: org.apache.hadoop.metrics2.lib.MutableStat
2024-11-12 13:41:14,061 INFO  EvoClassLoader - Instrumenting class 'org.apache.hadoop.metrics2.lib.MutableStat'.
2024-11-12 13:41:14,061 INFO  MethodCallReplacementClassAdapter - Adding mock interface to class org/apache/hadoop/metrics2/lib/MutableStat
2024-11-12 13:41:14,061 INFO  CreateClassResetClassAdapter - Creating brand-new static initializer in class org/apache/hadoop/metrics2/lib/MutableStat
2024-11-12 13:41:14,062 INFO  EvoClassLoader - Keeping class: org.apache.hadoop.metrics2.lib.MutableStat
2024-11-12 13:41:14,062 INFO  EvoClassLoader - Keeping class: org.apache.hadoop.metrics2.lib.MutableRate
2024-11-12 13:41:14,062 INFO  EvoClassLoader - Seeing class for first time: org.apache.hadoop.metrics2.lib.MutableRates
2024-11-12 13:41:14,062 INFO  EvoClassLoader - Instrumenting class 'org.apache.hadoop.metrics2.lib.MutableRates'.
2024-11-12 13:41:14,062 INFO  MethodCallReplacementClassAdapter - Adding mock interface to class org/apache/hadoop/metrics2/lib/MutableRates
2024-11-12 13:41:14,062 INFO  CreateClassResetClassAdapter - Found static initializer in class org/apache/hadoop/metrics2/lib/MutableRates
2024-11-12 13:41:14,062 INFO  EvoClassLoader - Keeping class: org.apache.hadoop.metrics2.lib.MutableRates
2024-11-12 13:41:14,062 INFO  EvoClassLoader - Seeing class for first time: org.apache.hadoop.metrics2.lib.MutableRatesWithAggregation
2024-11-12 13:41:14,062 INFO  EvoClassLoader - Instrumenting class 'org.apache.hadoop.metrics2.lib.MutableRatesWithAggregation'.
2024-11-12 13:41:14,062 INFO  MethodCallReplacementClassAdapter - Adding mock interface to class org/apache/hadoop/metrics2/lib/MutableRatesWithAggregation
2024-11-12 13:41:14,063 INFO  CreateClassResetClassAdapter - Found static initializer in class org/apache/hadoop/metrics2/lib/MutableRatesWithAggregation
2024-11-12 13:41:14,063 INFO  EvoClassLoader - Keeping class: org.apache.hadoop.metrics2.lib.MutableRatesWithAggregation
2024-11-12 13:41:14,063 INFO  EvoClassLoader - Seeing class for first time: org.apache.hadoop.metrics2.lib.MutableRollingAverages
2024-11-12 13:41:14,063 INFO  EvoClassLoader - Instrumenting class 'org.apache.hadoop.metrics2.lib.MutableRollingAverages'.
2024-11-12 13:41:14,063 INFO  MethodCallReplacementClassAdapter - Adding mock interface to class org/apache/hadoop/metrics2/lib/MutableRollingAverages
2024-11-12 13:41:14,064 INFO  CreateClassResetClassAdapter - Found static initializer in class org/apache/hadoop/metrics2/lib/MutableRollingAverages
2024-11-12 13:41:14,064 INFO  EvoClassLoader - Keeping class: org.apache.hadoop.metrics2.lib.MutableRollingAverages
2024-11-12 13:41:14,064 INFO  EvoClassLoader - Seeing class for first time: org.apache.hadoop.metrics2.lib.MutableQuantiles
2024-11-12 13:41:14,064 INFO  EvoClassLoader - Instrumenting class 'org.apache.hadoop.metrics2.lib.MutableQuantiles'.
2024-11-12 13:41:14,064 INFO  MethodCallReplacementClassAdapter - Adding mock interface to class org/apache/hadoop/metrics2/lib/MutableQuantiles
2024-11-12 13:41:14,065 INFO  CreateClassResetClassAdapter - Found static initializer in class org/apache/hadoop/metrics2/lib/MutableQuantiles
2024-11-12 13:41:14,065 INFO  EvoClassLoader - Keeping class: org.apache.hadoop.metrics2.lib.MutableQuantiles
2024-11-12 13:41:14,065 INFO  EvoClassLoader - Seeing class for first time: org.apache.hadoop.metrics2.lib.MethodMetric
2024-11-12 13:41:14,065 INFO  EvoClassLoader - Instrumenting class 'org.apache.hadoop.metrics2.lib.MethodMetric'.
2024-11-12 13:41:14,065 INFO  MethodCallReplacementClassAdapter - Adding mock interface to class org/apache/hadoop/metrics2/lib/MethodMetric
2024-11-12 13:41:14,066 INFO  CreateClassResetClassAdapter - Found static initializer in class org/apache/hadoop/metrics2/lib/MethodMetric
2024-11-12 13:41:14,066 INFO  EvoClassLoader - Keeping class: org.apache.hadoop.metrics2.lib.MethodMetric
2024-11-12 13:41:14,066 INFO  EvoClassLoader - Seeing class for first time: org.apache.hadoop.util.ReflectionUtils
2024-11-12 13:41:14,066 INFO  EvoClassLoader - Instrumenting class 'org.apache.hadoop.util.ReflectionUtils'.
2024-11-12 13:41:14,067 INFO  MethodCallReplacementClassAdapter - Adding mock interface to class org/apache/hadoop/util/ReflectionUtils
2024-11-12 13:41:14,069 INFO  CreateClassResetClassAdapter - Found static initializer in class org/apache/hadoop/util/ReflectionUtils
2024-11-12 13:41:14,069 INFO  EvoClassLoader - Keeping class: org.apache.hadoop.util.ReflectionUtils
2024-11-12 13:41:14,070 INFO  EvoClassLoader - Seeing class for first time: org.apache.hadoop.util.ReflectionUtils$1
2024-11-12 13:41:14,070 INFO  EvoClassLoader - Instrumenting class 'org.apache.hadoop.util.ReflectionUtils$1'.
2024-11-12 13:41:14,070 INFO  MethodCallReplacementClassAdapter - Adding mock interface to class org/apache/hadoop/util/ReflectionUtils$1
2024-11-12 13:41:14,070 INFO  EvoClassLoader - Keeping class: org.apache.hadoop.util.ReflectionUtils$1
2024-11-12 13:41:14,070 INFO  EvoClassLoader - Seeing class for first time: org.apache.hadoop.io.DataOutputBuffer
2024-11-12 13:41:14,070 INFO  EvoClassLoader - Instrumenting class 'org.apache.hadoop.io.DataOutputBuffer'.
2024-11-12 13:41:14,071 INFO  MethodCallReplacementClassAdapter - Adding mock interface to class org/apache/hadoop/io/DataOutputBuffer
2024-11-12 13:41:14,071 INFO  CreateClassResetClassAdapter - Creating brand-new static initializer in class org/apache/hadoop/io/DataOutputBuffer
2024-11-12 13:41:14,071 INFO  EvoClassLoader - Keeping class: org.apache.hadoop.io.DataOutputBuffer
2024-11-12 13:41:14,071 INFO  EvoClassLoader - Seeing class for first time: org.apache.hadoop.io.DataInputBuffer
2024-11-12 13:41:14,071 INFO  EvoClassLoader - Instrumenting class 'org.apache.hadoop.io.DataInputBuffer'.
2024-11-12 13:41:14,072 INFO  MethodCallReplacementClassAdapter - Adding mock interface to class org/apache/hadoop/io/DataInputBuffer
2024-11-12 13:41:14,072 INFO  CreateClassResetClassAdapter - Creating brand-new static initializer in class org/apache/hadoop/io/DataInputBuffer
2024-11-12 13:41:14,072 INFO  EvoClassLoader - Keeping class: org.apache.hadoop.io.DataInputBuffer
2024-11-12 13:41:14,072 INFO  EvoClassLoader - Seeing class for first time: org.apache.hadoop.util.ReflectionUtils$2
2024-11-12 13:41:14,072 INFO  EvoClassLoader - Instrumenting class 'org.apache.hadoop.util.ReflectionUtils$2'.
2024-11-12 13:41:14,073 INFO  MethodCallReplacementClassAdapter - Adding mock interface to class org/apache/hadoop/util/ReflectionUtils$2
2024-11-12 13:41:14,073 INFO  EvoClassLoader - Keeping class: org.apache.hadoop.util.ReflectionUtils$2
2024-11-12 13:41:14,074 INFO  EvoClassLoader - Seeing class for first time: org.apache.hadoop.security.UserGroupInformation$HadoopConfiguration
2024-11-12 13:41:14,074 INFO  EvoClassLoader - Instrumenting class 'org.apache.hadoop.security.UserGroupInformation$HadoopConfiguration'.
2024-11-12 13:41:14,075 INFO  MethodCallReplacementClassAdapter - Adding mock interface to class org/apache/hadoop/security/UserGroupInformation$HadoopConfiguration
2024-11-12 13:41:14,075 INFO  CreateClassResetClassAdapter - Found static initializer in class org/apache/hadoop/security/UserGroupInformation$HadoopConfiguration
2024-11-12 13:41:14,075 INFO  EvoClassLoader - Keeping class: org.apache.hadoop.security.UserGroupInformation$HadoopConfiguration
2024-11-12 13:41:14,075 INFO  EvoClassLoader - Seeing class for first time: org.apache.hadoop.security.UserGroupInformation$LoginParams
2024-11-12 13:41:14,075 INFO  EvoClassLoader - Instrumenting class 'org.apache.hadoop.security.UserGroupInformation$LoginParams'.
2024-11-12 13:41:14,076 INFO  MethodCallReplacementClassAdapter - Adding mock interface to class org/apache/hadoop/security/UserGroupInformation$LoginParams
2024-11-12 13:41:14,076 INFO  CreateClassResetClassAdapter - Creating brand-new static initializer in class org/apache/hadoop/security/UserGroupInformation$LoginParams
2024-11-12 13:41:14,076 INFO  EvoClassLoader - Keeping class: org.apache.hadoop.security.UserGroupInformation$LoginParams
2024-11-12 13:41:14,076 INFO  EvoClassLoader - Seeing class for first time: org.apache.hadoop.security.UserGroupInformation$LoginParam
2024-11-12 13:41:14,076 INFO  EvoClassLoader - Instrumenting class 'org.apache.hadoop.security.UserGroupInformation$LoginParam'.
2024-11-12 13:41:14,077 INFO  MethodCallReplacementClassAdapter - Adding mock interface to class org/apache/hadoop/security/UserGroupInformation$LoginParam
2024-11-12 13:41:14,077 INFO  CreateClassResetClassAdapter - Found static initializer in class org/apache/hadoop/security/UserGroupInformation$LoginParam
2024-11-12 13:41:14,077 INFO  EvoClassLoader - Keeping class: org.apache.hadoop.security.UserGroupInformation$LoginParam
2024-11-12 13:41:14,077 INFO  EvoClassLoader - Seeing class for first time: org.apache.hadoop.security.UserGroupInformation$RealUser
2024-11-12 13:41:14,077 INFO  EvoClassLoader - Instrumenting class 'org.apache.hadoop.security.UserGroupInformation$RealUser'.
2024-11-12 13:41:14,077 INFO  MethodCallReplacementClassAdapter - Adding mock interface to class org/apache/hadoop/security/UserGroupInformation$RealUser
2024-11-12 13:41:14,077 INFO  CreateClassResetClassAdapter - Creating brand-new static initializer in class org/apache/hadoop/security/UserGroupInformation$RealUser
2024-11-12 13:41:14,077 INFO  EvoClassLoader - Keeping class: org.apache.hadoop.security.UserGroupInformation$RealUser
2024-11-12 13:41:14,077 INFO  EvoClassLoader - Seeing class for first time: org.apache.hadoop.security.UserGroupInformation$HadoopLoginModule
2024-11-12 13:41:14,077 INFO  EvoClassLoader - Instrumenting class 'org.apache.hadoop.security.UserGroupInformation$HadoopLoginModule'.
2024-11-12 13:41:14,078 INFO  MethodCallReplacementClassAdapter - Adding mock interface to class org/apache/hadoop/security/UserGroupInformation$HadoopLoginModule
2024-11-12 13:41:14,078 INFO  CreateClassResetClassAdapter - Creating brand-new static initializer in class org/apache/hadoop/security/UserGroupInformation$HadoopLoginModule
2024-11-12 13:41:14,078 INFO  EvoClassLoader - Keeping class: org.apache.hadoop.security.UserGroupInformation$HadoopLoginModule
2024-11-12 13:41:14,079 INFO  EvoClassLoader - Seeing class for first time: org.apache.hadoop.metrics2.impl.MsInfo
2024-11-12 13:41:14,079 INFO  EvoClassLoader - Instrumenting class 'org.apache.hadoop.metrics2.impl.MsInfo'.
2024-11-12 13:41:14,079 INFO  MethodCallReplacementClassAdapter - Adding mock interface to class org/apache/hadoop/metrics2/impl/MsInfo
2024-11-12 13:41:14,079 INFO  CreateClassResetClassAdapter - Found static initializer in class org/apache/hadoop/metrics2/impl/MsInfo
2024-11-12 13:41:14,079 INFO  EvoClassLoader - Keeping class: org.apache.hadoop.metrics2.impl.MsInfo
2024-11-12 13:41:14,080 INFO  EvoClassLoader - Seeing class for first time: org.apache.hadoop.metrics2.lib.Interns$Tags
2024-11-12 13:41:14,080 INFO  EvoClassLoader - Instrumenting class 'org.apache.hadoop.metrics2.lib.Interns$Tags'.
2024-11-12 13:41:14,080 INFO  MethodCallReplacementClassAdapter - Adding mock interface to class org/apache/hadoop/metrics2/lib/Interns$Tags
2024-11-12 13:41:14,080 INFO  CreateClassResetClassAdapter - Found static initializer in class org/apache/hadoop/metrics2/lib/Interns$Tags
2024-11-12 13:41:14,081 INFO  EvoClassLoader - Keeping class: org.apache.hadoop.metrics2.lib.Interns$Tags
2024-11-12 13:41:14,081 INFO  EvoClassLoader - Seeing class for first time: org.apache.hadoop.metrics2.lib.Interns$Tags$1
2024-11-12 13:41:14,081 INFO  EvoClassLoader - Instrumenting class 'org.apache.hadoop.metrics2.lib.Interns$Tags$1'.
2024-11-12 13:41:14,081 INFO  MethodCallReplacementClassAdapter - Adding mock interface to class org/apache/hadoop/metrics2/lib/Interns$Tags$1
2024-11-12 13:41:14,081 INFO  EvoClassLoader - Keeping class: org.apache.hadoop.metrics2.lib.Interns$Tags$1
2024-11-12 13:41:14,082 INFO  EvoClassLoader - Seeing class for first time: org.apache.hadoop.metrics2.MetricsTag
2024-11-12 13:41:14,082 INFO  EvoClassLoader - Instrumenting class 'org.apache.hadoop.metrics2.MetricsTag'.
2024-11-12 13:41:14,082 INFO  MethodCallReplacementClassAdapter - Adding mock interface to class org/apache/hadoop/metrics2/MetricsTag
2024-11-12 13:41:14,082 INFO  CreateClassResetClassAdapter - Creating brand-new static initializer in class org/apache/hadoop/metrics2/MetricsTag
2024-11-12 13:41:14,082 INFO  EvoClassLoader - Keeping class: org.apache.hadoop.metrics2.MetricsTag
2024-11-12 13:41:14,083 INFO  EvoClassLoader - Seeing class for first time: org.apache.hadoop.metrics2.annotation.Metric$Type
2024-11-12 13:41:14,083 INFO  EvoClassLoader - Instrumenting class 'org.apache.hadoop.metrics2.annotation.Metric$Type'.
2024-11-12 13:41:14,083 INFO  MethodCallReplacementClassAdapter - Adding mock interface to class org/apache/hadoop/metrics2/annotation/Metric$Type
2024-11-12 13:41:14,083 INFO  CreateClassResetClassAdapter - Found static initializer in class org/apache/hadoop/metrics2/annotation/Metric$Type
2024-11-12 13:41:14,083 INFO  EvoClassLoader - Keeping class: org.apache.hadoop.metrics2.annotation.Metric$Type
2024-11-12 13:41:14,084 INFO  EvoClassLoader - Seeing class for first time: org.apache.commons.lang3.StringUtils
2024-11-12 13:41:14,084 INFO  EvoClassLoader - Instrumenting class 'org.apache.commons.lang3.StringUtils'.
2024-11-12 13:41:14,086 INFO  MethodCallReplacementClassAdapter - Adding mock interface to class org/apache/commons/lang3/StringUtils
2024-11-12 13:41:14,091 INFO  CreateClassResetClassAdapter - Found static initializer in class org/apache/commons/lang3/StringUtils
2024-11-12 13:41:14,091 INFO  EvoClassLoader - Defined package (3): package org.apache.commons.lang3, -899722583
2024-11-12 13:41:14,092 INFO  EvoClassLoader - Keeping class: org.apache.commons.lang3.StringUtils
2024-11-12 13:41:14,095 INFO  EvoClassLoader - Seeing class for first time: org.apache.hadoop.metrics2.util.SampleStat
2024-11-12 13:41:14,095 INFO  EvoClassLoader - Instrumenting class 'org.apache.hadoop.metrics2.util.SampleStat'.
2024-11-12 13:41:14,095 INFO  MethodCallReplacementClassAdapter - Adding mock interface to class org/apache/hadoop/metrics2/util/SampleStat
2024-11-12 13:41:14,095 INFO  CreateClassResetClassAdapter - Creating brand-new static initializer in class org/apache/hadoop/metrics2/util/SampleStat
2024-11-12 13:41:14,095 INFO  EvoClassLoader - Defined package (3): package org.apache.hadoop.metrics2.util, 998417742
2024-11-12 13:41:14,096 INFO  EvoClassLoader - Keeping class: org.apache.hadoop.metrics2.util.SampleStat
2024-11-12 13:41:14,096 INFO  EvoClassLoader - Seeing class for first time: org.apache.hadoop.metrics2.util.SampleStat$MinMax
2024-11-12 13:41:14,096 INFO  EvoClassLoader - Instrumenting class 'org.apache.hadoop.metrics2.util.SampleStat$MinMax'.
2024-11-12 13:41:14,096 INFO  MethodCallReplacementClassAdapter - Adding mock interface to class org/apache/hadoop/metrics2/util/SampleStat$MinMax
2024-11-12 13:41:14,096 INFO  CreateClassResetClassAdapter - Creating brand-new static initializer in class org/apache/hadoop/metrics2/util/SampleStat$MinMax
2024-11-12 13:41:14,096 INFO  CreateClassResetClassAdapter - Adding bytecode for initializing field DEFAULT_MIN_VALUE
2024-11-12 13:41:14,096 INFO  CreateClassResetClassAdapter - Adding bytecode for initializing field DEFAULT_MAX_VALUE
2024-11-12 13:41:14,096 INFO  EvoClassLoader - Keeping class: org.apache.hadoop.metrics2.util.SampleStat$MinMax
2024-11-12 13:41:14,097 INFO  EvoClassLoader - Seeing class for first time: org.apache.hadoop.metrics2.lib.MetricsSourceBuilder$1
2024-11-12 13:41:14,097 INFO  EvoClassLoader - Instrumenting class 'org.apache.hadoop.metrics2.lib.MetricsSourceBuilder$1'.
2024-11-12 13:41:14,097 INFO  MethodCallReplacementClassAdapter - Adding mock interface to class org/apache/hadoop/metrics2/lib/MetricsSourceBuilder$1
2024-11-12 13:41:14,098 INFO  EvoClassLoader - Keeping class: org.apache.hadoop.metrics2.lib.MetricsSourceBuilder$1
2024-11-12 13:41:14,098 INFO  EvoClassLoader - Seeing class for first time: org.apache.hadoop.metrics2.lib.UniqueNames$Count
2024-11-12 13:41:14,098 INFO  EvoClassLoader - Instrumenting class 'org.apache.hadoop.metrics2.lib.UniqueNames$Count'.
2024-11-12 13:41:14,098 INFO  MethodCallReplacementClassAdapter - Adding mock interface to class org/apache/hadoop/metrics2/lib/UniqueNames$Count
2024-11-12 13:41:14,098 INFO  CreateClassResetClassAdapter - Creating brand-new static initializer in class org/apache/hadoop/metrics2/lib/UniqueNames$Count
2024-11-12 13:41:14,098 INFO  EvoClassLoader - Keeping class: org.apache.hadoop.metrics2.lib.UniqueNames$Count
2024-11-12 13:41:14,098 INFO  EvoClassLoader - Seeing class for first time: org.apache.hadoop.metrics2.impl.MetricsSystemImpl$1
2024-11-12 13:41:14,098 INFO  EvoClassLoader - Instrumenting class 'org.apache.hadoop.metrics2.impl.MetricsSystemImpl$1'.
2024-11-12 13:41:14,099 INFO  MethodCallReplacementClassAdapter - Adding mock interface to class org/apache/hadoop/metrics2/impl/MetricsSystemImpl$1
2024-11-12 13:41:14,099 INFO  EvoClassLoader - Seeing class for first time: org.apache.hadoop.metrics2.MetricsSystem$AbstractCallback
2024-11-12 13:41:14,099 INFO  EvoClassLoader - Instrumenting class 'org.apache.hadoop.metrics2.MetricsSystem$AbstractCallback'.
2024-11-12 13:41:14,099 INFO  MethodCallReplacementClassAdapter - Adding mock interface to class org/apache/hadoop/metrics2/MetricsSystem$AbstractCallback
2024-11-12 13:41:14,099 INFO  CreateClassResetClassAdapter - Creating brand-new static initializer in class org/apache/hadoop/metrics2/MetricsSystem$AbstractCallback
2024-11-12 13:41:14,099 INFO  EvoClassLoader - Keeping class: org.apache.hadoop.metrics2.MetricsSystem$AbstractCallback
2024-11-12 13:41:14,099 INFO  EvoClassLoader - Keeping class: org.apache.hadoop.metrics2.impl.MetricsSystemImpl$1
2024-11-12 13:41:14,099 INFO  EvoClassLoader - Seeing class for first time: org.apache.hadoop.metrics2.impl.MetricsSystemImpl$3
2024-11-12 13:41:14,099 INFO  EvoClassLoader - Instrumenting class 'org.apache.hadoop.metrics2.impl.MetricsSystemImpl$3'.
2024-11-12 13:41:14,100 INFO  MethodCallReplacementClassAdapter - Adding mock interface to class org/apache/hadoop/metrics2/impl/MetricsSystemImpl$3
2024-11-12 13:41:14,100 INFO  EvoClassLoader - Keeping class: org.apache.hadoop.metrics2.impl.MetricsSystemImpl$3
2024-11-12 13:41:14,101 INFO  EvoClassLoader - Seeing class for first time: org.apache.hadoop.util.PlatformName
2024-11-12 13:41:14,101 INFO  EvoClassLoader - Instrumenting class 'org.apache.hadoop.util.PlatformName'.
2024-11-12 13:41:14,101 INFO  MethodCallReplacementClassAdapter - Adding mock interface to class org/apache/hadoop/util/PlatformName
2024-11-12 13:41:14,101 INFO  CreateClassResetClassAdapter - Found static initializer in class org/apache/hadoop/util/PlatformName
2024-11-12 13:41:14,102 INFO  EvoClassLoader - Keeping class: org.apache.hadoop.util.PlatformName
2024-11-12 13:41:14,102 INFO  EvoClassLoader - Seeing class for first time: org.apache.hadoop.hdfs.server.namenode.FsImageProto$SecretManagerSection
2024-11-12 13:41:14,102 INFO  EvoClassLoader - Instrumenting class 'org.apache.hadoop.hdfs.server.namenode.FsImageProto$SecretManagerSection'.
2024-11-12 13:41:14,103 INFO  MethodCallReplacementClassAdapter - Adding mock interface to class org/apache/hadoop/hdfs/server/namenode/FsImageProto$SecretManagerSection
2024-11-12 13:41:14,104 INFO  CreateClassResetClassAdapter - Found static initializer in class org/apache/hadoop/hdfs/server/namenode/FsImageProto$SecretManagerSection
2024-11-12 13:41:14,105 INFO  EvoClassLoader - Keeping class: org.apache.hadoop.hdfs.server.namenode.FsImageProto$SecretManagerSection
2024-11-12 13:41:14,105 INFO  EvoClassLoader - Seeing class for first time: org.apache.hadoop.hdfs.server.namenode.FsImageProto$SecretManagerSection$1
2024-11-12 13:41:14,105 INFO  EvoClassLoader - Instrumenting class 'org.apache.hadoop.hdfs.server.namenode.FsImageProto$SecretManagerSection$1'.
2024-11-12 13:41:14,106 INFO  MethodCallReplacementClassAdapter - Adding mock interface to class org/apache/hadoop/hdfs/server/namenode/FsImageProto$SecretManagerSection$1
2024-11-12 13:41:14,106 INFO  EvoClassLoader - Keeping class: org.apache.hadoop.hdfs.server.namenode.FsImageProto$SecretManagerSection$1
2024-11-12 13:41:14,107 INFO  EvoClassLoader - Seeing class for first time: org.apache.hadoop.hdfs.protocol.Block$1
2024-11-12 13:41:14,107 INFO  EvoClassLoader - Instrumenting class 'org.apache.hadoop.hdfs.protocol.Block$1'.
2024-11-12 13:41:14,107 INFO  MethodCallReplacementClassAdapter - Adding mock interface to class org/apache/hadoop/hdfs/protocol/Block$1
2024-11-12 13:41:14,107 INFO  EvoClassLoader - Keeping class: org.apache.hadoop.hdfs.protocol.Block$1
2024-11-12 13:41:14,108 INFO  EvoClassLoader - Seeing class for first time: org.apache.hadoop.hdfs.protocol.LocatedBlock$ProvidedLastComparator
2024-11-12 13:41:14,108 INFO  EvoClassLoader - Instrumenting class 'org.apache.hadoop.hdfs.protocol.LocatedBlock$ProvidedLastComparator'.
2024-11-12 13:41:14,108 INFO  MethodCallReplacementClassAdapter - Adding mock interface to class org/apache/hadoop/hdfs/protocol/LocatedBlock$ProvidedLastComparator
2024-11-12 13:41:14,108 INFO  CreateClassResetClassAdapter - Creating brand-new static initializer in class org/apache/hadoop/hdfs/protocol/LocatedBlock$ProvidedLastComparator
2024-11-12 13:41:14,108 INFO  EvoClassLoader - Keeping class: org.apache.hadoop.hdfs.protocol.LocatedBlock$ProvidedLastComparator
2024-11-12 13:41:14,109 INFO  EvoClassLoader - Seeing class for first time: org.apache.hadoop.hdfs.server.protocol.HeartbeatResponse
2024-11-12 13:41:14,109 INFO  EvoClassLoader - Instrumenting class 'org.apache.hadoop.hdfs.server.protocol.HeartbeatResponse'.
2024-11-12 13:41:14,109 INFO  MethodCallReplacementClassAdapter - Adding mock interface to class org/apache/hadoop/hdfs/server/protocol/HeartbeatResponse
2024-11-12 13:41:14,109 INFO  CreateClassResetClassAdapter - Creating brand-new static initializer in class org/apache/hadoop/hdfs/server/protocol/HeartbeatResponse
2024-11-12 13:41:14,109 INFO  EvoClassLoader - Keeping class: org.apache.hadoop.hdfs.server.protocol.HeartbeatResponse
2024-11-12 13:41:14,109 INFO  EvoClassLoader - Seeing class for first time: org.apache.hadoop.hdfs.server.namenode.FSDirectory
2024-11-12 13:41:14,109 INFO  EvoClassLoader - Instrumenting class 'org.apache.hadoop.hdfs.server.namenode.FSDirectory'.
2024-11-12 13:41:14,110 INFO  MethodCallReplacementClassAdapter - Adding mock interface to class org/apache/hadoop/hdfs/server/namenode/FSDirectory
2024-11-12 13:41:14,116 INFO  CreateClassResetClassAdapter - Found static initializer in class org/apache/hadoop/hdfs/server/namenode/FSDirectory
2024-11-12 13:41:14,118 INFO  EvoClassLoader - Keeping class: org.apache.hadoop.hdfs.server.namenode.FSDirectory
2024-11-12 13:41:14,119 INFO  EvoClassLoader - Seeing class for first time: org.apache.hadoop.hdfs.protocol.SnapshotAccessControlException
2024-11-12 13:41:14,119 INFO  EvoClassLoader - Instrumenting class 'org.apache.hadoop.hdfs.protocol.SnapshotAccessControlException'.
2024-11-12 13:41:14,119 INFO  MethodCallReplacementClassAdapter - Adding mock interface to class org/apache/hadoop/hdfs/protocol/SnapshotAccessControlException
2024-11-12 13:41:14,119 INFO  CreateClassResetClassAdapter - Creating brand-new static initializer in class org/apache/hadoop/hdfs/protocol/SnapshotAccessControlException
2024-11-12 13:41:14,120 INFO  EvoClassLoader - Keeping class: org.apache.hadoop.hdfs.protocol.SnapshotAccessControlException
2024-11-12 13:41:14,120 INFO  EvoClassLoader - Seeing class for first time: org.apache.hadoop.hdfs.protocol.FSLimitException$PathComponentTooLongException
2024-11-12 13:41:14,120 INFO  EvoClassLoader - Instrumenting class 'org.apache.hadoop.hdfs.protocol.FSLimitException$PathComponentTooLongException'.
2024-11-12 13:41:14,120 INFO  MethodCallReplacementClassAdapter - Adding mock interface to class org/apache/hadoop/hdfs/protocol/FSLimitException$PathComponentTooLongException
2024-11-12 13:41:14,120 INFO  CreateClassResetClassAdapter - Creating brand-new static initializer in class org/apache/hadoop/hdfs/protocol/FSLimitException$PathComponentTooLongException
2024-11-12 13:41:14,120 INFO  EvoClassLoader - Keeping class: org.apache.hadoop.hdfs.protocol.FSLimitException$PathComponentTooLongException
2024-11-12 13:41:14,121 INFO  EvoClassLoader - Seeing class for first time: org.apache.hadoop.hdfs.protocol.FSLimitException$MaxDirectoryItemsExceededException
2024-11-12 13:41:14,121 INFO  EvoClassLoader - Instrumenting class 'org.apache.hadoop.hdfs.protocol.FSLimitException$MaxDirectoryItemsExceededException'.
2024-11-12 13:41:14,121 INFO  MethodCallReplacementClassAdapter - Adding mock interface to class org/apache/hadoop/hdfs/protocol/FSLimitException$MaxDirectoryItemsExceededException
2024-11-12 13:41:14,121 INFO  CreateClassResetClassAdapter - Creating brand-new static initializer in class org/apache/hadoop/hdfs/protocol/FSLimitException$MaxDirectoryItemsExceededException
2024-11-12 13:41:14,121 INFO  EvoClassLoader - Keeping class: org.apache.hadoop.hdfs.protocol.FSLimitException$MaxDirectoryItemsExceededException
2024-11-12 13:41:14,121 INFO  EvoClassLoader - Seeing class for first time: org.apache.hadoop.hdfs.protocol.HdfsFileStatus$Builder
2024-11-12 13:41:14,121 INFO  EvoClassLoader - Instrumenting class 'org.apache.hadoop.hdfs.protocol.HdfsFileStatus$Builder'.
2024-11-12 13:41:14,122 INFO  MethodCallReplacementClassAdapter - Adding mock interface to class org/apache/hadoop/hdfs/protocol/HdfsFileStatus$Builder
2024-11-12 13:41:14,122 INFO  CreateClassResetClassAdapter - Creating brand-new static initializer in class org/apache/hadoop/hdfs/protocol/HdfsFileStatus$Builder
2024-11-12 13:41:14,122 INFO  EvoClassLoader - Keeping class: org.apache.hadoop.hdfs.protocol.HdfsFileStatus$Builder
2024-11-12 13:41:14,123 INFO  EvoClassLoader - Seeing class for first time: org.apache.hadoop.hdfs.server.namenode.INodeAttributeProvider
2024-11-12 13:41:14,123 INFO  EvoClassLoader - Instrumenting class 'org.apache.hadoop.hdfs.server.namenode.INodeAttributeProvider'.
2024-11-12 13:41:14,123 INFO  MethodCallReplacementClassAdapter - Adding mock interface to class org/apache/hadoop/hdfs/server/namenode/INodeAttributeProvider
2024-11-12 13:41:14,124 INFO  CreateClassResetClassAdapter - Creating brand-new static initializer in class org/apache/hadoop/hdfs/server/namenode/INodeAttributeProvider
2024-11-12 13:41:14,124 INFO  EvoClassLoader - Keeping class: org.apache.hadoop.hdfs.server.namenode.INodeAttributeProvider
2024-11-12 13:41:14,124 INFO  EvoClassLoader - Seeing class for first time: org.apache.hadoop.fs.XAttr
2024-11-12 13:41:14,124 INFO  EvoClassLoader - Instrumenting class 'org.apache.hadoop.fs.XAttr'.
2024-11-12 13:41:14,124 INFO  MethodCallReplacementClassAdapter - Adding mock interface to class org/apache/hadoop/fs/XAttr
2024-11-12 13:41:14,124 INFO  CreateClassResetClassAdapter - Creating brand-new static initializer in class org/apache/hadoop/fs/XAttr
2024-11-12 13:41:14,125 INFO  EvoClassLoader - Keeping class: org.apache.hadoop.fs.XAttr
2024-11-12 13:41:14,125 INFO  EvoClassLoader - Seeing class for first time: org.apache.hadoop.security.token.delegation.DelegationKey
2024-11-12 13:41:14,125 INFO  EvoClassLoader - Instrumenting class 'org.apache.hadoop.security.token.delegation.DelegationKey'.
2024-11-12 13:41:14,125 INFO  MethodCallReplacementClassAdapter - Adding mock interface to class org/apache/hadoop/security/token/delegation/DelegationKey
2024-11-12 13:41:14,126 INFO  CreateClassResetClassAdapter - Creating brand-new static initializer in class org/apache/hadoop/security/token/delegation/DelegationKey
2024-11-12 13:41:14,126 INFO  CreateClassResetClassAdapter - Adding bytecode for initializing field MAX_KEY_LEN
2024-11-12 13:41:14,126 INFO  EvoClassLoader - Keeping class: org.apache.hadoop.security.token.delegation.DelegationKey
2024-11-12 13:41:14,127 INFO  EvoClassLoader - Seeing class for first time: org.apache.hadoop.security.token.delegation.AbstractDelegationTokenSecretManager$DelegationTokenSecretManagerMetrics
2024-11-12 13:41:14,127 INFO  EvoClassLoader - Instrumenting class 'org.apache.hadoop.security.token.delegation.AbstractDelegationTokenSecretManager$DelegationTokenSecretManagerMetrics'.
2024-11-12 13:41:14,127 INFO  MethodCallReplacementClassAdapter - Adding mock interface to class org/apache/hadoop/security/token/delegation/AbstractDelegationTokenSecretManager$DelegationTokenSecretManagerMetrics
2024-11-12 13:41:14,128 INFO  CreateClassResetClassAdapter - Found static initializer in class org/apache/hadoop/security/token/delegation/AbstractDelegationTokenSecretManager$DelegationTokenSecretManagerMetrics
2024-11-12 13:41:14,128 INFO  EvoClassLoader - Seeing class for first time: org.apache.hadoop.fs.statistics.DurationTrackerFactory
2024-11-12 13:41:14,128 INFO  EvoClassLoader - Instrumenting class 'org.apache.hadoop.fs.statistics.DurationTrackerFactory'.
2024-11-12 13:41:14,128 INFO  EvoClassLoader - Keeping class: org.apache.hadoop.fs.statistics.DurationTrackerFactory
2024-11-12 13:41:14,128 INFO  EvoClassLoader - Keeping class: org.apache.hadoop.security.token.delegation.AbstractDelegationTokenSecretManager$DelegationTokenSecretManagerMetrics
2024-11-12 13:41:14,128 INFO  EvoClassLoader - Seeing class for first time: org.apache.hadoop.fs.statistics.impl.IOStatisticsBinding
2024-11-12 13:41:14,128 INFO  EvoClassLoader - Instrumenting class 'org.apache.hadoop.fs.statistics.impl.IOStatisticsBinding'.
2024-11-12 13:41:14,129 INFO  MethodCallReplacementClassAdapter - Adding mock interface to class org/apache/hadoop/fs/statistics/impl/IOStatisticsBinding
2024-11-12 13:41:14,129 INFO  CreateClassResetClassAdapter - Creating brand-new static initializer in class org/apache/hadoop/fs/statistics/impl/IOStatisticsBinding
2024-11-12 13:41:14,129 INFO  CreateClassResetClassAdapter - Adding bytecode for initializing field ENTRY_PATTERN
2024-11-12 13:41:14,129 INFO  CreateClassResetClassAdapter - Adding bytecode for initializing field NULL_SOURCE
2024-11-12 13:41:14,129 INFO  EvoClassLoader - Defined package (3): package org.apache.hadoop.fs.statistics.impl, -365814147
2024-11-12 13:41:14,130 INFO  EvoClassLoader - Keeping class: org.apache.hadoop.fs.statistics.impl.IOStatisticsBinding
2024-11-12 13:41:14,130 INFO  EvoClassLoader - Seeing class for first time: org.apache.hadoop.fs.statistics.impl.IOStatisticsStoreBuilder
2024-11-12 13:41:14,130 INFO  EvoClassLoader - Instrumenting class 'org.apache.hadoop.fs.statistics.impl.IOStatisticsStoreBuilder'.
2024-11-12 13:41:14,130 INFO  EvoClassLoader - Keeping class: org.apache.hadoop.fs.statistics.impl.IOStatisticsStoreBuilder
2024-11-12 13:41:14,130 INFO  EvoClassLoader - Seeing class for first time: org.apache.hadoop.fs.statistics.impl.StorageStatisticsFromIOStatistics
2024-11-12 13:41:14,130 INFO  EvoClassLoader - Instrumenting class 'org.apache.hadoop.fs.statistics.impl.StorageStatisticsFromIOStatistics'.
2024-11-12 13:41:14,130 INFO  MethodCallReplacementClassAdapter - Adding mock interface to class org/apache/hadoop/fs/statistics/impl/StorageStatisticsFromIOStatistics
2024-11-12 13:41:14,131 INFO  CreateClassResetClassAdapter - Creating brand-new static initializer in class org/apache/hadoop/fs/statistics/impl/StorageStatisticsFromIOStatistics
2024-11-12 13:41:14,131 INFO  EvoClassLoader - Keeping class: org.apache.hadoop.fs.statistics.impl.StorageStatisticsFromIOStatistics
2024-11-12 13:41:14,131 INFO  EvoClassLoader - Seeing class for first time: org.apache.hadoop.fs.statistics.impl.IOStatisticsStoreBuilderImpl
2024-11-12 13:41:14,131 INFO  EvoClassLoader - Instrumenting class 'org.apache.hadoop.fs.statistics.impl.IOStatisticsStoreBuilderImpl'.
2024-11-12 13:41:14,131 INFO  MethodCallReplacementClassAdapter - Adding mock interface to class org/apache/hadoop/fs/statistics/impl/IOStatisticsStoreBuilderImpl
2024-11-12 13:41:14,131 INFO  CreateClassResetClassAdapter - Creating brand-new static initializer in class org/apache/hadoop/fs/statistics/impl/IOStatisticsStoreBuilderImpl
2024-11-12 13:41:14,131 INFO  EvoClassLoader - Keeping class: org.apache.hadoop.fs.statistics.impl.IOStatisticsStoreBuilderImpl
2024-11-12 13:41:14,132 INFO  EvoClassLoader - Seeing class for first time: org.apache.hadoop.fs.statistics.impl.IOStatisticsStore
2024-11-12 13:41:14,132 INFO  EvoClassLoader - Instrumenting class 'org.apache.hadoop.fs.statistics.impl.IOStatisticsStore'.
2024-11-12 13:41:14,132 INFO  EvoClassLoader - Seeing class for first time: org.apache.hadoop.fs.statistics.IOStatistics
2024-11-12 13:41:14,132 INFO  EvoClassLoader - Instrumenting class 'org.apache.hadoop.fs.statistics.IOStatistics'.
2024-11-12 13:41:14,133 INFO  EvoClassLoader - Keeping class: org.apache.hadoop.fs.statistics.IOStatistics
2024-11-12 13:41:14,133 INFO  EvoClassLoader - Seeing class for first time: org.apache.hadoop.fs.statistics.IOStatisticsAggregator
2024-11-12 13:41:14,133 INFO  EvoClassLoader - Instrumenting class 'org.apache.hadoop.fs.statistics.IOStatisticsAggregator'.
2024-11-12 13:41:14,133 INFO  EvoClassLoader - Keeping class: org.apache.hadoop.fs.statistics.IOStatisticsAggregator
2024-11-12 13:41:14,133 INFO  EvoClassLoader - Keeping class: org.apache.hadoop.fs.statistics.impl.IOStatisticsStore
2024-11-12 13:41:14,133 INFO  EvoClassLoader - Seeing class for first time: org.apache.hadoop.fs.statistics.impl.IOStatisticsStoreImpl
2024-11-12 13:41:14,133 INFO  EvoClassLoader - Instrumenting class 'org.apache.hadoop.fs.statistics.impl.IOStatisticsStoreImpl'.
2024-11-12 13:41:14,133 INFO  MethodCallReplacementClassAdapter - Adding mock interface to class org/apache/hadoop/fs/statistics/impl/IOStatisticsStoreImpl
2024-11-12 13:41:14,134 INFO  CreateClassResetClassAdapter - Found static initializer in class org/apache/hadoop/fs/statistics/impl/IOStatisticsStoreImpl
2024-11-12 13:41:14,134 INFO  EvoClassLoader - Seeing class for first time: org.apache.hadoop.fs.statistics.impl.WrappedIOStatistics
2024-11-12 13:41:14,134 INFO  EvoClassLoader - Instrumenting class 'org.apache.hadoop.fs.statistics.impl.WrappedIOStatistics'.
2024-11-12 13:41:14,135 INFO  MethodCallReplacementClassAdapter - Adding mock interface to class org/apache/hadoop/fs/statistics/impl/WrappedIOStatistics
2024-11-12 13:41:14,135 INFO  CreateClassResetClassAdapter - Creating brand-new static initializer in class org/apache/hadoop/fs/statistics/impl/WrappedIOStatistics
2024-11-12 13:41:14,135 INFO  EvoClassLoader - Seeing class for first time: org.apache.hadoop.fs.statistics.impl.AbstractIOStatisticsImpl
2024-11-12 13:41:14,135 INFO  EvoClassLoader - Instrumenting class 'org.apache.hadoop.fs.statistics.impl.AbstractIOStatisticsImpl'.
2024-11-12 13:41:14,135 INFO  MethodCallReplacementClassAdapter - Adding mock interface to class org/apache/hadoop/fs/statistics/impl/AbstractIOStatisticsImpl
2024-11-12 13:41:14,135 INFO  CreateClassResetClassAdapter - Creating brand-new static initializer in class org/apache/hadoop/fs/statistics/impl/AbstractIOStatisticsImpl
2024-11-12 13:41:14,135 INFO  EvoClassLoader - Keeping class: org.apache.hadoop.fs.statistics.impl.AbstractIOStatisticsImpl
2024-11-12 13:41:14,135 INFO  EvoClassLoader - Keeping class: org.apache.hadoop.fs.statistics.impl.WrappedIOStatistics
2024-11-12 13:41:14,135 INFO  EvoClassLoader - Keeping class: org.apache.hadoop.fs.statistics.impl.IOStatisticsStoreImpl
2024-11-12 13:41:14,135 INFO  EvoClassLoader - Seeing class for first time: org.apache.hadoop.fs.statistics.DurationTracker
2024-11-12 13:41:14,135 INFO  EvoClassLoader - Instrumenting class 'org.apache.hadoop.fs.statistics.DurationTracker'.
2024-11-12 13:41:14,135 INFO  EvoClassLoader - Keeping class: org.apache.hadoop.fs.statistics.DurationTracker
2024-11-12 13:41:14,136 INFO  EvoClassLoader - Seeing class for first time: org.apache.hadoop.fs.statistics.impl.DynamicIOStatisticsBuilder
2024-11-12 13:41:14,136 INFO  EvoClassLoader - Instrumenting class 'org.apache.hadoop.fs.statistics.impl.DynamicIOStatisticsBuilder'.
2024-11-12 13:41:14,136 INFO  MethodCallReplacementClassAdapter - Adding mock interface to class org/apache/hadoop/fs/statistics/impl/DynamicIOStatisticsBuilder
2024-11-12 13:41:14,136 INFO  CreateClassResetClassAdapter - Creating brand-new static initializer in class org/apache/hadoop/fs/statistics/impl/DynamicIOStatisticsBuilder
2024-11-12 13:41:14,136 INFO  EvoClassLoader - Keeping class: org.apache.hadoop.fs.statistics.impl.DynamicIOStatisticsBuilder
2024-11-12 13:41:14,136 INFO  EvoClassLoader - Seeing class for first time: org.apache.hadoop.fs.statistics.impl.DynamicIOStatistics
2024-11-12 13:41:14,136 INFO  EvoClassLoader - Instrumenting class 'org.apache.hadoop.fs.statistics.impl.DynamicIOStatistics'.
2024-11-12 13:41:14,137 INFO  MethodCallReplacementClassAdapter - Adding mock interface to class org/apache/hadoop/fs/statistics/impl/DynamicIOStatistics
2024-11-12 13:41:14,137 INFO  CreateClassResetClassAdapter - Creating brand-new static initializer in class org/apache/hadoop/fs/statistics/impl/DynamicIOStatistics
2024-11-12 13:41:14,137 INFO  EvoClassLoader - Keeping class: org.apache.hadoop.fs.statistics.impl.DynamicIOStatistics
2024-11-12 13:41:14,137 INFO  EvoClassLoader - Seeing class for first time: org.apache.hadoop.fs.statistics.impl.EvaluatingStatisticsMap
2024-11-12 13:41:14,137 INFO  EvoClassLoader - Instrumenting class 'org.apache.hadoop.fs.statistics.impl.EvaluatingStatisticsMap'.
2024-11-12 13:41:14,137 INFO  MethodCallReplacementClassAdapter - Adding mock interface to class org/apache/hadoop/fs/statistics/impl/EvaluatingStatisticsMap
2024-11-12 13:41:14,137 INFO  CreateClassResetClassAdapter - Creating brand-new static initializer in class org/apache/hadoop/fs/statistics/impl/EvaluatingStatisticsMap
2024-11-12 13:41:14,137 INFO  EvoClassLoader - Keeping class: org.apache.hadoop.fs.statistics.impl.EvaluatingStatisticsMap
2024-11-12 13:41:14,138 INFO  EvoClassLoader - Seeing class for first time: org.apache.hadoop.fs.statistics.MeanStatistic
2024-11-12 13:41:14,138 INFO  EvoClassLoader - Instrumenting class 'org.apache.hadoop.fs.statistics.MeanStatistic'.
2024-11-12 13:41:14,138 INFO  MethodCallReplacementClassAdapter - Adding mock interface to class org/apache/hadoop/fs/statistics/MeanStatistic
2024-11-12 13:41:14,138 INFO  CreateClassResetClassAdapter - Creating brand-new static initializer in class org/apache/hadoop/fs/statistics/MeanStatistic
2024-11-12 13:41:14,138 INFO  EvoClassLoader - Keeping class: org.apache.hadoop.fs.statistics.MeanStatistic
2024-11-12 13:41:14,141 INFO  EvoClassLoader - Seeing class for first time: org.apache.hadoop.util.functional.InvocationRaisingIOE
2024-11-12 13:41:14,141 INFO  EvoClassLoader - Instrumenting class 'org.apache.hadoop.util.functional.InvocationRaisingIOE'.
2024-11-12 13:41:14,141 INFO  EvoClassLoader - Defined package (3): package org.apache.hadoop.util.functional, 22101692
2024-11-12 13:41:14,142 INFO  EvoClassLoader - Keeping class: org.apache.hadoop.util.functional.InvocationRaisingIOE
2024-11-12 13:41:14,142 INFO  EvoClassLoader - Seeing class for first time: org.apache.hadoop.hdfs.server.namenode.FSNamesystem$LazyPersistFileScrubber
2024-11-12 13:41:14,142 INFO  EvoClassLoader - Instrumenting class 'org.apache.hadoop.hdfs.server.namenode.FSNamesystem$LazyPersistFileScrubber'.
2024-11-12 13:41:14,142 INFO  MethodCallReplacementClassAdapter - Adding mock interface to class org/apache/hadoop/hdfs/server/namenode/FSNamesystem$LazyPersistFileScrubber
2024-11-12 13:41:14,142 INFO  CreateClassResetClassAdapter - Creating brand-new static initializer in class org/apache/hadoop/hdfs/server/namenode/FSNamesystem$LazyPersistFileScrubber
2024-11-12 13:41:14,142 INFO  EvoClassLoader - Keeping class: org.apache.hadoop.hdfs.server.namenode.FSNamesystem$LazyPersistFileScrubber
2024-11-12 13:41:14,142 INFO  EvoClassLoader - Seeing class for first time: org.apache.hadoop.hdfs.server.namenode.FSNamesystem$FSNamesystemAuditLogger
2024-11-12 13:41:14,142 INFO  EvoClassLoader - Instrumenting class 'org.apache.hadoop.hdfs.server.namenode.FSNamesystem$FSNamesystemAuditLogger'.
2024-11-12 13:41:14,143 INFO  MethodCallReplacementClassAdapter - Adding mock interface to class org/apache/hadoop/hdfs/server/namenode/FSNamesystem$FSNamesystemAuditLogger
2024-11-12 13:41:14,143 INFO  CreateClassResetClassAdapter - Creating brand-new static initializer in class org/apache/hadoop/hdfs/server/namenode/FSNamesystem$FSNamesystemAuditLogger
2024-11-12 13:41:14,143 INFO  EvoClassLoader - Keeping class: org.apache.hadoop.hdfs.server.namenode.FSNamesystem$FSNamesystemAuditLogger
2024-11-12 13:41:14,143 INFO  EvoClassLoader - Seeing class for first time: org.apache.hadoop.security.alias.CredentialProvider$CredentialEntry
2024-11-12 13:41:14,143 INFO  EvoClassLoader - Instrumenting class 'org.apache.hadoop.security.alias.CredentialProvider$CredentialEntry'.
2024-11-12 13:41:14,143 INFO  MethodCallReplacementClassAdapter - Adding mock interface to class org/apache/hadoop/security/alias/CredentialProvider$CredentialEntry
2024-11-12 13:41:14,143 INFO  CreateClassResetClassAdapter - Creating brand-new static initializer in class org/apache/hadoop/security/alias/CredentialProvider$CredentialEntry
2024-11-12 13:41:14,143 INFO  EvoClassLoader - Defined package (3): package org.apache.hadoop.security.alias, -558591691
2024-11-12 13:41:14,144 INFO  EvoClassLoader - Keeping class: org.apache.hadoop.security.alias.CredentialProvider$CredentialEntry
2024-11-12 13:41:14,144 INFO  EvoClassLoader - Seeing class for first time: org.apache.hadoop.hdfs.protocol.ZoneReencryptionStatus
2024-11-12 13:41:14,144 INFO  EvoClassLoader - Instrumenting class 'org.apache.hadoop.hdfs.protocol.ZoneReencryptionStatus'.
2024-11-12 13:41:14,144 INFO  MethodCallReplacementClassAdapter - Adding mock interface to class org/apache/hadoop/hdfs/protocol/ZoneReencryptionStatus
2024-11-12 13:41:14,144 INFO  CreateClassResetClassAdapter - Creating brand-new static initializer in class org/apache/hadoop/hdfs/protocol/ZoneReencryptionStatus
2024-11-12 13:41:14,144 INFO  EvoClassLoader - Keeping class: org.apache.hadoop.hdfs.protocol.ZoneReencryptionStatus
2024-11-12 13:41:14,144 INFO  EvoClassLoader - Seeing class for first time: org.apache.hadoop.hdfs.server.protocol.NamenodeCommand
2024-11-12 13:41:14,144 INFO  EvoClassLoader - Instrumenting class 'org.apache.hadoop.hdfs.server.protocol.NamenodeCommand'.
2024-11-12 13:41:14,145 INFO  MethodCallReplacementClassAdapter - Adding mock interface to class org/apache/hadoop/hdfs/server/protocol/NamenodeCommand
2024-11-12 13:41:14,145 INFO  CreateClassResetClassAdapter - Creating brand-new static initializer in class org/apache/hadoop/hdfs/server/protocol/NamenodeCommand
2024-11-12 13:41:14,145 INFO  EvoClassLoader - Keeping class: org.apache.hadoop.hdfs.server.protocol.NamenodeCommand
2024-11-12 13:41:14,145 INFO  EvoClassLoader - Seeing class for first time: org.apache.hadoop.hdfs.server.namenode.FsImageProto
2024-11-12 13:41:14,145 INFO  EvoClassLoader - Instrumenting class 'org.apache.hadoop.hdfs.server.namenode.FsImageProto'.
2024-11-12 13:41:14,145 INFO  MethodCallReplacementClassAdapter - Adding mock interface to class org/apache/hadoop/hdfs/server/namenode/FsImageProto
2024-11-12 13:41:14,145 INFO  CreateClassResetClassAdapter - Found static initializer in class org/apache/hadoop/hdfs/server/namenode/FsImageProto
2024-11-12 13:41:14,146 INFO  EvoClassLoader - Keeping class: org.apache.hadoop.hdfs.server.namenode.FsImageProto
2024-11-12 13:41:14,146 INFO  EvoClassLoader - Seeing class for first time: org.apache.hadoop.thirdparty.protobuf.Descriptors$FileDescriptor$InternalDescriptorAssigner
2024-11-12 13:41:14,146 INFO  EvoClassLoader - Instrumenting class 'org.apache.hadoop.thirdparty.protobuf.Descriptors$FileDescriptor$InternalDescriptorAssigner'.
2024-11-12 13:41:14,146 INFO  EvoClassLoader - Keeping class: org.apache.hadoop.thirdparty.protobuf.Descriptors$FileDescriptor$InternalDescriptorAssigner
2024-11-12 13:41:14,147 INFO  EvoClassLoader - Seeing class for first time: org.apache.hadoop.hdfs.server.namenode.FsImageProto$1
2024-11-12 13:41:14,147 INFO  EvoClassLoader - Instrumenting class 'org.apache.hadoop.hdfs.server.namenode.FsImageProto$1'.
2024-11-12 13:41:14,147 INFO  MethodCallReplacementClassAdapter - Adding mock interface to class org/apache/hadoop/hdfs/server/namenode/FsImageProto$1
2024-11-12 13:41:14,147 INFO  EvoClassLoader - Keeping class: org.apache.hadoop.hdfs.server.namenode.FsImageProto$1
2024-11-12 13:41:14,147 INFO  EvoClassLoader - Seeing class for first time: org.apache.hadoop.thirdparty.protobuf.Descriptors$FileDescriptor
2024-11-12 13:41:14,147 INFO  EvoClassLoader - Instrumenting class 'org.apache.hadoop.thirdparty.protobuf.Descriptors$FileDescriptor'.
2024-11-12 13:41:14,147 INFO  MethodCallReplacementClassAdapter - Adding mock interface to class org/apache/hadoop/thirdparty/protobuf/Descriptors$FileDescriptor
2024-11-12 13:41:14,148 INFO  CreateClassResetClassAdapter - Creating brand-new static initializer in class org/apache/hadoop/thirdparty/protobuf/Descriptors$FileDescriptor
2024-11-12 13:41:14,149 INFO  EvoClassLoader - Keeping class: org.apache.hadoop.thirdparty.protobuf.Descriptors$FileDescriptor
2024-11-12 13:41:14,149 INFO  EvoClassLoader - Seeing class for first time: org.apache.hadoop.hdfs.protocol.proto.HdfsProtos
2024-11-12 13:41:14,149 INFO  EvoClassLoader - Instrumenting class 'org.apache.hadoop.hdfs.protocol.proto.HdfsProtos'.
2024-11-12 13:41:14,150 INFO  MethodCallReplacementClassAdapter - Adding mock interface to class org/apache/hadoop/hdfs/protocol/proto/HdfsProtos
2024-11-12 13:41:14,150 INFO  CreateClassResetClassAdapter - Found static initializer in class org/apache/hadoop/hdfs/protocol/proto/HdfsProtos
2024-11-12 13:41:14,151 INFO  EvoClassLoader - Defined package (3): package org.apache.hadoop.hdfs.protocol.proto, -710368860
2024-11-12 13:41:14,151 INFO  EvoClassLoader - Keeping class: org.apache.hadoop.hdfs.protocol.proto.HdfsProtos
2024-11-12 13:41:14,152 INFO  EvoClassLoader - Seeing class for first time: org.apache.hadoop.hdfs.protocol.proto.HdfsProtos$1
2024-11-12 13:41:14,152 INFO  EvoClassLoader - Instrumenting class 'org.apache.hadoop.hdfs.protocol.proto.HdfsProtos$1'.
2024-11-12 13:41:14,152 INFO  MethodCallReplacementClassAdapter - Adding mock interface to class org/apache/hadoop/hdfs/protocol/proto/HdfsProtos$1
2024-11-12 13:41:14,152 INFO  EvoClassLoader - Keeping class: org.apache.hadoop.hdfs.protocol.proto.HdfsProtos$1
2024-11-12 13:41:14,152 INFO  EvoClassLoader - Seeing class for first time: org.apache.hadoop.security.proto.SecurityProtos
2024-11-12 13:41:14,152 INFO  EvoClassLoader - Instrumenting class 'org.apache.hadoop.security.proto.SecurityProtos'.
2024-11-12 13:41:14,153 INFO  MethodCallReplacementClassAdapter - Adding mock interface to class org/apache/hadoop/security/proto/SecurityProtos
2024-11-12 13:41:14,153 INFO  CreateClassResetClassAdapter - Found static initializer in class org/apache/hadoop/security/proto/SecurityProtos
2024-11-12 13:41:14,153 INFO  EvoClassLoader - Defined package (3): package org.apache.hadoop.security.proto, -544553779
2024-11-12 13:41:14,153 INFO  EvoClassLoader - Keeping class: org.apache.hadoop.security.proto.SecurityProtos
2024-11-12 13:41:14,153 INFO  EvoClassLoader - Seeing class for first time: org.apache.hadoop.security.proto.SecurityProtos$1
2024-11-12 13:41:14,153 INFO  EvoClassLoader - Instrumenting class 'org.apache.hadoop.security.proto.SecurityProtos$1'.
2024-11-12 13:41:14,153 INFO  MethodCallReplacementClassAdapter - Adding mock interface to class org/apache/hadoop/security/proto/SecurityProtos$1
2024-11-12 13:41:14,153 INFO  EvoClassLoader - Keeping class: org.apache.hadoop.security.proto.SecurityProtos$1
2024-11-12 13:41:14,153 INFO  EvoClassLoader - Seeing class for first time: org.apache.hadoop.thirdparty.protobuf.Descriptors$DescriptorValidationException
2024-11-12 13:41:14,153 INFO  EvoClassLoader - Instrumenting class 'org.apache.hadoop.thirdparty.protobuf.Descriptors$DescriptorValidationException'.
2024-11-12 13:41:14,154 INFO  MethodCallReplacementClassAdapter - Adding mock interface to class org/apache/hadoop/thirdparty/protobuf/Descriptors$DescriptorValidationException
2024-11-12 13:41:14,154 INFO  CreateClassResetClassAdapter - Creating brand-new static initializer in class org/apache/hadoop/thirdparty/protobuf/Descriptors$DescriptorValidationException
2024-11-12 13:41:14,154 INFO  EvoClassLoader - Keeping class: org.apache.hadoop.thirdparty.protobuf.Descriptors$DescriptorValidationException
2024-11-12 13:41:14,154 INFO  EvoClassLoader - Seeing class for first time: org.apache.hadoop.thirdparty.protobuf.DescriptorProtos$FileDescriptorProto
2024-11-12 13:41:14,154 INFO  EvoClassLoader - Instrumenting class 'org.apache.hadoop.thirdparty.protobuf.DescriptorProtos$FileDescriptorProto'.
2024-11-12 13:41:14,155 INFO  MethodCallReplacementClassAdapter - Adding mock interface to class org/apache/hadoop/thirdparty/protobuf/DescriptorProtos$FileDescriptorProto
2024-11-12 13:41:14,156 INFO  CreateClassResetClassAdapter - Found static initializer in class org/apache/hadoop/thirdparty/protobuf/DescriptorProtos$FileDescriptorProto
2024-11-12 13:41:14,156 INFO  EvoClassLoader - Seeing class for first time: org.apache.hadoop.thirdparty.protobuf.DescriptorProtos$FileDescriptorProtoOrBuilder
2024-11-12 13:41:14,156 INFO  EvoClassLoader - Instrumenting class 'org.apache.hadoop.thirdparty.protobuf.DescriptorProtos$FileDescriptorProtoOrBuilder'.
2024-11-12 13:41:14,156 INFO  EvoClassLoader - Keeping class: org.apache.hadoop.thirdparty.protobuf.DescriptorProtos$FileDescriptorProtoOrBuilder
2024-11-12 13:41:14,157 INFO  EvoClassLoader - Keeping class: org.apache.hadoop.thirdparty.protobuf.DescriptorProtos$FileDescriptorProto
2024-11-12 13:41:14,157 INFO  EvoClassLoader - Seeing class for first time: org.apache.hadoop.thirdparty.protobuf.LazyStringList
2024-11-12 13:41:14,157 INFO  EvoClassLoader - Instrumenting class 'org.apache.hadoop.thirdparty.protobuf.LazyStringList'.
2024-11-12 13:41:14,157 INFO  EvoClassLoader - Seeing class for first time: org.apache.hadoop.thirdparty.protobuf.ProtocolStringList
2024-11-12 13:41:14,157 INFO  EvoClassLoader - Instrumenting class 'org.apache.hadoop.thirdparty.protobuf.ProtocolStringList'.
2024-11-12 13:41:14,157 INFO  EvoClassLoader - Keeping class: org.apache.hadoop.thirdparty.protobuf.ProtocolStringList
2024-11-12 13:41:14,157 INFO  EvoClassLoader - Keeping class: org.apache.hadoop.thirdparty.protobuf.LazyStringList
2024-11-12 13:41:14,158 INFO  EvoClassLoader - Seeing class for first time: org.apache.hadoop.thirdparty.protobuf.DescriptorProtos$FileOptionsOrBuilder
2024-11-12 13:41:14,158 INFO  EvoClassLoader - Instrumenting class 'org.apache.hadoop.thirdparty.protobuf.DescriptorProtos$FileOptionsOrBuilder'.
2024-11-12 13:41:14,158 INFO  EvoClassLoader - Seeing class for first time: org.apache.hadoop.thirdparty.protobuf.GeneratedMessageV3$ExtendableMessageOrBuilder
2024-11-12 13:41:14,158 INFO  EvoClassLoader - Instrumenting class 'org.apache.hadoop.thirdparty.protobuf.GeneratedMessageV3$ExtendableMessageOrBuilder'.
2024-11-12 13:41:14,159 INFO  EvoClassLoader - Keeping class: org.apache.hadoop.thirdparty.protobuf.GeneratedMessageV3$ExtendableMessageOrBuilder
2024-11-12 13:41:14,159 INFO  EvoClassLoader - Keeping class: org.apache.hadoop.thirdparty.protobuf.DescriptorProtos$FileOptionsOrBuilder
2024-11-12 13:41:14,159 INFO  EvoClassLoader - Seeing class for first time: org.apache.hadoop.thirdparty.protobuf.DescriptorProtos$SourceCodeInfoOrBuilder
2024-11-12 13:41:14,159 INFO  EvoClassLoader - Instrumenting class 'org.apache.hadoop.thirdparty.protobuf.DescriptorProtos$SourceCodeInfoOrBuilder'.
2024-11-12 13:41:14,159 INFO  EvoClassLoader - Keeping class: org.apache.hadoop.thirdparty.protobuf.DescriptorProtos$SourceCodeInfoOrBuilder
2024-11-12 13:41:14,159 INFO  EvoClassLoader - Seeing class for first time: org.apache.hadoop.thirdparty.protobuf.LazyStringArrayList
2024-11-12 13:41:14,159 INFO  EvoClassLoader - Instrumenting class 'org.apache.hadoop.thirdparty.protobuf.LazyStringArrayList'.
2024-11-12 13:41:14,159 INFO  MethodCallReplacementClassAdapter - Adding mock interface to class org/apache/hadoop/thirdparty/protobuf/LazyStringArrayList
2024-11-12 13:41:14,160 INFO  CreateClassResetClassAdapter - Found static initializer in class org/apache/hadoop/thirdparty/protobuf/LazyStringArrayList
2024-11-12 13:41:14,161 INFO  EvoClassLoader - Seeing class for first time: org.apache.hadoop.thirdparty.protobuf.AbstractProtobufList
2024-11-12 13:41:14,161 INFO  EvoClassLoader - Instrumenting class 'org.apache.hadoop.thirdparty.protobuf.AbstractProtobufList'.
2024-11-12 13:41:14,161 INFO  MethodCallReplacementClassAdapter - Adding mock interface to class org/apache/hadoop/thirdparty/protobuf/AbstractProtobufList
2024-11-12 13:41:14,162 INFO  CreateClassResetClassAdapter - Creating brand-new static initializer in class org/apache/hadoop/thirdparty/protobuf/AbstractProtobufList
2024-11-12 13:41:14,162 INFO  CreateClassResetClassAdapter - Adding bytecode for initializing field DEFAULT_CAPACITY
2024-11-12 13:41:14,162 INFO  EvoClassLoader - Keeping class: org.apache.hadoop.thirdparty.protobuf.AbstractProtobufList
2024-11-12 13:41:14,162 INFO  EvoClassLoader - Keeping class: org.apache.hadoop.thirdparty.protobuf.LazyStringArrayList
2024-11-12 13:41:14,163 INFO  EvoClassLoader - Seeing class for first time: org.apache.hadoop.thirdparty.protobuf.IntArrayList
2024-11-12 13:41:14,163 INFO  EvoClassLoader - Instrumenting class 'org.apache.hadoop.thirdparty.protobuf.IntArrayList'.
2024-11-12 13:41:14,163 INFO  MethodCallReplacementClassAdapter - Adding mock interface to class org/apache/hadoop/thirdparty/protobuf/IntArrayList
2024-11-12 13:41:14,164 INFO  CreateClassResetClassAdapter - Found static initializer in class org/apache/hadoop/thirdparty/protobuf/IntArrayList
2024-11-12 13:41:14,165 INFO  EvoClassLoader - Seeing class for first time: org.apache.hadoop.thirdparty.protobuf.PrimitiveNonBoxingCollection
2024-11-12 13:41:14,165 INFO  EvoClassLoader - Instrumenting class 'org.apache.hadoop.thirdparty.protobuf.PrimitiveNonBoxingCollection'.
2024-11-12 13:41:14,165 INFO  EvoClassLoader - Keeping class: org.apache.hadoop.thirdparty.protobuf.PrimitiveNonBoxingCollection
2024-11-12 13:41:14,166 INFO  EvoClassLoader - Keeping class: org.apache.hadoop.thirdparty.protobuf.IntArrayList
2024-11-12 13:41:14,166 INFO  EvoClassLoader - Seeing class for first time: org.apache.hadoop.thirdparty.protobuf.DescriptorProtos$FileDescriptorProto$1
2024-11-12 13:41:14,166 INFO  EvoClassLoader - Instrumenting class 'org.apache.hadoop.thirdparty.protobuf.DescriptorProtos$FileDescriptorProto$1'.
2024-11-12 13:41:14,166 INFO  MethodCallReplacementClassAdapter - Adding mock interface to class org/apache/hadoop/thirdparty/protobuf/DescriptorProtos$FileDescriptorProto$1
2024-11-12 13:41:14,167 INFO  EvoClassLoader - Keeping class: org.apache.hadoop.thirdparty.protobuf.DescriptorProtos$FileDescriptorProto$1
2024-11-12 13:41:14,167 INFO  EvoClassLoader - Seeing class for first time: org.apache.hadoop.thirdparty.protobuf.UnknownFieldSet$Builder
2024-11-12 13:41:14,167 INFO  EvoClassLoader - Instrumenting class 'org.apache.hadoop.thirdparty.protobuf.UnknownFieldSet$Builder'.
2024-11-12 13:41:14,168 INFO  MethodCallReplacementClassAdapter - Adding mock interface to class org/apache/hadoop/thirdparty/protobuf/UnknownFieldSet$Builder
2024-11-12 13:41:14,170 INFO  CreateClassResetClassAdapter - Creating brand-new static initializer in class org/apache/hadoop/thirdparty/protobuf/UnknownFieldSet$Builder
2024-11-12 13:41:14,170 INFO  EvoClassLoader - Keeping class: org.apache.hadoop.thirdparty.protobuf.UnknownFieldSet$Builder
2024-11-12 13:41:14,171 INFO  EvoClassLoader - Seeing class for first time: org.apache.hadoop.thirdparty.protobuf.WireFormat
2024-11-12 13:41:14,171 INFO  EvoClassLoader - Instrumenting class 'org.apache.hadoop.thirdparty.protobuf.WireFormat'.
2024-11-12 13:41:14,171 INFO  MethodCallReplacementClassAdapter - Adding mock interface to class org/apache/hadoop/thirdparty/protobuf/WireFormat
2024-11-12 13:41:14,172 INFO  CreateClassResetClassAdapter - Found static initializer in class org/apache/hadoop/thirdparty/protobuf/WireFormat
2024-11-12 13:41:14,173 INFO  EvoClassLoader - Keeping class: org.apache.hadoop.thirdparty.protobuf.WireFormat
2024-11-12 13:41:14,173 INFO  EvoClassLoader - Seeing class for first time: org.apache.hadoop.thirdparty.protobuf.DescriptorProtos$DescriptorProto
2024-11-12 13:41:14,173 INFO  EvoClassLoader - Instrumenting class 'org.apache.hadoop.thirdparty.protobuf.DescriptorProtos$DescriptorProto'.
2024-11-12 13:41:14,174 INFO  MethodCallReplacementClassAdapter - Adding mock interface to class org/apache/hadoop/thirdparty/protobuf/DescriptorProtos$DescriptorProto
2024-11-12 13:41:14,176 INFO  CreateClassResetClassAdapter - Found static initializer in class org/apache/hadoop/thirdparty/protobuf/DescriptorProtos$DescriptorProto
2024-11-12 13:41:14,176 INFO  EvoClassLoader - Seeing class for first time: org.apache.hadoop.thirdparty.protobuf.DescriptorProtos$DescriptorProtoOrBuilder
2024-11-12 13:41:14,176 INFO  EvoClassLoader - Instrumenting class 'org.apache.hadoop.thirdparty.protobuf.DescriptorProtos$DescriptorProtoOrBuilder'.
2024-11-12 13:41:14,177 INFO  EvoClassLoader - Keeping class: org.apache.hadoop.thirdparty.protobuf.DescriptorProtos$DescriptorProtoOrBuilder
2024-11-12 13:41:14,177 INFO  EvoClassLoader - Keeping class: org.apache.hadoop.thirdparty.protobuf.DescriptorProtos$DescriptorProto
2024-11-12 13:41:14,178 INFO  EvoClassLoader - Seeing class for first time: org.apache.hadoop.thirdparty.protobuf.DescriptorProtos$MessageOptionsOrBuilder
2024-11-12 13:41:14,178 INFO  EvoClassLoader - Instrumenting class 'org.apache.hadoop.thirdparty.protobuf.DescriptorProtos$MessageOptionsOrBuilder'.
2024-11-12 13:41:14,178 INFO  EvoClassLoader - Keeping class: org.apache.hadoop.thirdparty.protobuf.DescriptorProtos$MessageOptionsOrBuilder
2024-11-12 13:41:14,178 INFO  EvoClassLoader - Seeing class for first time: org.apache.hadoop.thirdparty.protobuf.DescriptorProtos$DescriptorProto$1
2024-11-12 13:41:14,178 INFO  EvoClassLoader - Instrumenting class 'org.apache.hadoop.thirdparty.protobuf.DescriptorProtos$DescriptorProto$1'.
2024-11-12 13:41:14,179 INFO  MethodCallReplacementClassAdapter - Adding mock interface to class org/apache/hadoop/thirdparty/protobuf/DescriptorProtos$DescriptorProto$1
2024-11-12 13:41:14,179 INFO  EvoClassLoader - Keeping class: org.apache.hadoop.thirdparty.protobuf.DescriptorProtos$DescriptorProto$1
2024-11-12 13:41:14,179 INFO  EvoClassLoader - Seeing class for first time: org.apache.hadoop.thirdparty.protobuf.DescriptorProtos$FieldDescriptorProto
2024-11-12 13:41:14,179 INFO  EvoClassLoader - Instrumenting class 'org.apache.hadoop.thirdparty.protobuf.DescriptorProtos$FieldDescriptorProto'.
2024-11-12 13:41:14,180 INFO  MethodCallReplacementClassAdapter - Adding mock interface to class org/apache/hadoop/thirdparty/protobuf/DescriptorProtos$FieldDescriptorProto
2024-11-12 13:41:14,181 INFO  CreateClassResetClassAdapter - Found static initializer in class org/apache/hadoop/thirdparty/protobuf/DescriptorProtos$FieldDescriptorProto
2024-11-12 13:41:14,182 INFO  EvoClassLoader - Seeing class for first time: org.apache.hadoop.thirdparty.protobuf.DescriptorProtos$FieldDescriptorProtoOrBuilder
2024-11-12 13:41:14,182 INFO  EvoClassLoader - Instrumenting class 'org.apache.hadoop.thirdparty.protobuf.DescriptorProtos$FieldDescriptorProtoOrBuilder'.
2024-11-12 13:41:14,183 INFO  EvoClassLoader - Keeping class: org.apache.hadoop.thirdparty.protobuf.DescriptorProtos$FieldDescriptorProtoOrBuilder
2024-11-12 13:41:14,183 INFO  EvoClassLoader - Keeping class: org.apache.hadoop.thirdparty.protobuf.DescriptorProtos$FieldDescriptorProto
2024-11-12 13:41:14,183 INFO  EvoClassLoader - Seeing class for first time: org.apache.hadoop.thirdparty.protobuf.DescriptorProtos$FieldOptionsOrBuilder
2024-11-12 13:41:14,183 INFO  EvoClassLoader - Instrumenting class 'org.apache.hadoop.thirdparty.protobuf.DescriptorProtos$FieldOptionsOrBuilder'.
2024-11-12 13:41:14,184 INFO  EvoClassLoader - Keeping class: org.apache.hadoop.thirdparty.protobuf.DescriptorProtos$FieldOptionsOrBuilder
2024-11-12 13:41:14,184 INFO  EvoClassLoader - Seeing class for first time: org.apache.hadoop.thirdparty.protobuf.DescriptorProtos$FieldDescriptorProto$1
2024-11-12 13:41:14,184 INFO  EvoClassLoader - Instrumenting class 'org.apache.hadoop.thirdparty.protobuf.DescriptorProtos$FieldDescriptorProto$1'.
2024-11-12 13:41:14,184 INFO  MethodCallReplacementClassAdapter - Adding mock interface to class org/apache/hadoop/thirdparty/protobuf/DescriptorProtos$FieldDescriptorProto$1
2024-11-12 13:41:14,184 INFO  EvoClassLoader - Keeping class: org.apache.hadoop.thirdparty.protobuf.DescriptorProtos$FieldDescriptorProto$1
2024-11-12 13:41:14,185 INFO  EvoClassLoader - Seeing class for first time: org.apache.hadoop.thirdparty.protobuf.DescriptorProtos$FieldDescriptorProto$Label
2024-11-12 13:41:14,185 INFO  EvoClassLoader - Instrumenting class 'org.apache.hadoop.thirdparty.protobuf.DescriptorProtos$FieldDescriptorProto$Label'.
2024-11-12 13:41:14,185 INFO  MethodCallReplacementClassAdapter - Adding mock interface to class org/apache/hadoop/thirdparty/protobuf/DescriptorProtos$FieldDescriptorProto$Label
2024-11-12 13:41:14,185 INFO  CreateClassResetClassAdapter - Found static initializer in class org/apache/hadoop/thirdparty/protobuf/DescriptorProtos$FieldDescriptorProto$Label
2024-11-12 13:41:14,185 INFO  EvoClassLoader - Seeing class for first time: org.apache.hadoop.thirdparty.protobuf.ProtocolMessageEnum
2024-11-12 13:41:14,185 INFO  EvoClassLoader - Instrumenting class 'org.apache.hadoop.thirdparty.protobuf.ProtocolMessageEnum'.
2024-11-12 13:41:14,186 INFO  EvoClassLoader - Seeing class for first time: org.apache.hadoop.thirdparty.protobuf.Internal$EnumLite
2024-11-12 13:41:14,186 INFO  EvoClassLoader - Instrumenting class 'org.apache.hadoop.thirdparty.protobuf.Internal$EnumLite'.
2024-11-12 13:41:14,186 INFO  EvoClassLoader - Keeping class: org.apache.hadoop.thirdparty.protobuf.Internal$EnumLite
2024-11-12 13:41:14,186 INFO  EvoClassLoader - Keeping class: org.apache.hadoop.thirdparty.protobuf.ProtocolMessageEnum
2024-11-12 13:41:14,186 INFO  EvoClassLoader - Keeping class: org.apache.hadoop.thirdparty.protobuf.DescriptorProtos$FieldDescriptorProto$Label
2024-11-12 13:41:14,186 INFO  EvoClassLoader - Seeing class for first time: org.apache.hadoop.thirdparty.protobuf.Internal$EnumLiteMap
2024-11-12 13:41:14,186 INFO  EvoClassLoader - Instrumenting class 'org.apache.hadoop.thirdparty.protobuf.Internal$EnumLiteMap'.
2024-11-12 13:41:14,186 INFO  EvoClassLoader - Keeping class: org.apache.hadoop.thirdparty.protobuf.Internal$EnumLiteMap
2024-11-12 13:41:14,186 INFO  EvoClassLoader - Seeing class for first time: org.apache.hadoop.thirdparty.protobuf.DescriptorProtos$FieldDescriptorProto$Label$1
2024-11-12 13:41:14,186 INFO  EvoClassLoader - Instrumenting class 'org.apache.hadoop.thirdparty.protobuf.DescriptorProtos$FieldDescriptorProto$Label$1'.
2024-11-12 13:41:14,186 INFO  MethodCallReplacementClassAdapter - Adding mock interface to class org/apache/hadoop/thirdparty/protobuf/DescriptorProtos$FieldDescriptorProto$Label$1
2024-11-12 13:41:14,186 INFO  EvoClassLoader - Keeping class: org.apache.hadoop.thirdparty.protobuf.DescriptorProtos$FieldDescriptorProto$Label$1
2024-11-12 13:41:14,186 INFO  EvoClassLoader - Seeing class for first time: org.apache.hadoop.thirdparty.protobuf.DescriptorProtos$FieldDescriptorProto$Type
2024-11-12 13:41:14,186 INFO  EvoClassLoader - Instrumenting class 'org.apache.hadoop.thirdparty.protobuf.DescriptorProtos$FieldDescriptorProto$Type'.
2024-11-12 13:41:14,187 INFO  MethodCallReplacementClassAdapter - Adding mock interface to class org/apache/hadoop/thirdparty/protobuf/DescriptorProtos$FieldDescriptorProto$Type
2024-11-12 13:41:14,187 INFO  CreateClassResetClassAdapter - Found static initializer in class org/apache/hadoop/thirdparty/protobuf/DescriptorProtos$FieldDescriptorProto$Type
2024-11-12 13:41:14,187 INFO  EvoClassLoader - Keeping class: org.apache.hadoop.thirdparty.protobuf.DescriptorProtos$FieldDescriptorProto$Type
2024-11-12 13:41:14,187 INFO  EvoClassLoader - Seeing class for first time: org.apache.hadoop.thirdparty.protobuf.DescriptorProtos$FieldDescriptorProto$Type$1
2024-11-12 13:41:14,187 INFO  EvoClassLoader - Instrumenting class 'org.apache.hadoop.thirdparty.protobuf.DescriptorProtos$FieldDescriptorProto$Type$1'.
2024-11-12 13:41:14,188 INFO  MethodCallReplacementClassAdapter - Adding mock interface to class org/apache/hadoop/thirdparty/protobuf/DescriptorProtos$FieldDescriptorProto$Type$1
2024-11-12 13:41:14,188 INFO  EvoClassLoader - Keeping class: org.apache.hadoop.thirdparty.protobuf.DescriptorProtos$FieldDescriptorProto$Type$1
2024-11-12 13:41:14,188 INFO  EvoClassLoader - Seeing class for first time: org.apache.hadoop.thirdparty.protobuf.DescriptorProtos$FileOptions
2024-11-12 13:41:14,188 INFO  EvoClassLoader - Instrumenting class 'org.apache.hadoop.thirdparty.protobuf.DescriptorProtos$FileOptions'.
2024-11-12 13:41:14,188 INFO  MethodCallReplacementClassAdapter - Adding mock interface to class org/apache/hadoop/thirdparty/protobuf/DescriptorProtos$FileOptions
2024-11-12 13:41:14,189 INFO  CreateClassResetClassAdapter - Found static initializer in class org/apache/hadoop/thirdparty/protobuf/DescriptorProtos$FileOptions
2024-11-12 13:41:14,190 INFO  EvoClassLoader - Seeing class for first time: org.apache.hadoop.thirdparty.protobuf.GeneratedMessageV3$ExtendableMessage
2024-11-12 13:41:14,190 INFO  EvoClassLoader - Instrumenting class 'org.apache.hadoop.thirdparty.protobuf.GeneratedMessageV3$ExtendableMessage'.
2024-11-12 13:41:14,190 INFO  MethodCallReplacementClassAdapter - Adding mock interface to class org/apache/hadoop/thirdparty/protobuf/GeneratedMessageV3$ExtendableMessage
2024-11-12 13:41:14,191 INFO  CreateClassResetClassAdapter - Creating brand-new static initializer in class org/apache/hadoop/thirdparty/protobuf/GeneratedMessageV3$ExtendableMessage
2024-11-12 13:41:14,191 INFO  EvoClassLoader - Keeping class: org.apache.hadoop.thirdparty.protobuf.GeneratedMessageV3$ExtendableMessage
2024-11-12 13:41:14,191 INFO  EvoClassLoader - Keeping class: org.apache.hadoop.thirdparty.protobuf.DescriptorProtos$FileOptions
2024-11-12 13:41:14,191 INFO  EvoClassLoader - Seeing class for first time: org.apache.hadoop.thirdparty.protobuf.GeneratedMessageV3$ExtendableBuilder
2024-11-12 13:41:14,191 INFO  EvoClassLoader - Instrumenting class 'org.apache.hadoop.thirdparty.protobuf.GeneratedMessageV3$ExtendableBuilder'.
2024-11-12 13:41:14,192 INFO  MethodCallReplacementClassAdapter - Adding mock interface to class org/apache/hadoop/thirdparty/protobuf/GeneratedMessageV3$ExtendableBuilder
2024-11-12 13:41:14,192 INFO  CreateClassResetClassAdapter - Creating brand-new static initializer in class org/apache/hadoop/thirdparty/protobuf/GeneratedMessageV3$ExtendableBuilder
2024-11-12 13:41:14,193 INFO  EvoClassLoader - Keeping class: org.apache.hadoop.thirdparty.protobuf.GeneratedMessageV3$ExtendableBuilder
2024-11-12 13:41:14,194 INFO  EvoClassLoader - Seeing class for first time: org.apache.hadoop.thirdparty.protobuf.FieldSet
2024-11-12 13:41:14,194 INFO  EvoClassLoader - Instrumenting class 'org.apache.hadoop.thirdparty.protobuf.FieldSet'.
2024-11-12 13:41:14,195 INFO  MethodCallReplacementClassAdapter - Adding mock interface to class org/apache/hadoop/thirdparty/protobuf/FieldSet
2024-11-12 13:41:14,196 INFO  CreateClassResetClassAdapter - Found static initializer in class org/apache/hadoop/thirdparty/protobuf/FieldSet
2024-11-12 13:41:14,197 INFO  EvoClassLoader - Keeping class: org.apache.hadoop.thirdparty.protobuf.FieldSet
2024-11-12 13:41:14,197 INFO  EvoClassLoader - Seeing class for first time: org.apache.hadoop.thirdparty.protobuf.LazyFieldLite
2024-11-12 13:41:14,197 INFO  EvoClassLoader - Instrumenting class 'org.apache.hadoop.thirdparty.protobuf.LazyFieldLite'.
2024-11-12 13:41:14,197 INFO  MethodCallReplacementClassAdapter - Adding mock interface to class org/apache/hadoop/thirdparty/protobuf/LazyFieldLite
2024-11-12 13:41:14,198 INFO  CreateClassResetClassAdapter - Found static initializer in class org/apache/hadoop/thirdparty/protobuf/LazyFieldLite
2024-11-12 13:41:14,198 INFO  EvoClassLoader - Keeping class: org.apache.hadoop.thirdparty.protobuf.LazyFieldLite
2024-11-12 13:41:14,198 INFO  EvoClassLoader - Seeing class for first time: org.apache.hadoop.thirdparty.protobuf.LazyField
2024-11-12 13:41:14,198 INFO  EvoClassLoader - Instrumenting class 'org.apache.hadoop.thirdparty.protobuf.LazyField'.
2024-11-12 13:41:14,198 INFO  MethodCallReplacementClassAdapter - Adding mock interface to class org/apache/hadoop/thirdparty/protobuf/LazyField
2024-11-12 13:41:14,198 INFO  CreateClassResetClassAdapter - Creating brand-new static initializer in class org/apache/hadoop/thirdparty/protobuf/LazyField
2024-11-12 13:41:14,198 INFO  EvoClassLoader - Keeping class: org.apache.hadoop.thirdparty.protobuf.LazyField
2024-11-12 13:41:14,199 INFO  EvoClassLoader - Seeing class for first time: org.apache.hadoop.thirdparty.protobuf.SmallSortedMap
2024-11-12 13:41:14,199 INFO  EvoClassLoader - Instrumenting class 'org.apache.hadoop.thirdparty.protobuf.SmallSortedMap'.
2024-11-12 13:41:14,199 INFO  MethodCallReplacementClassAdapter - Adding mock interface to class org/apache/hadoop/thirdparty/protobuf/SmallSortedMap
2024-11-12 13:41:14,199 INFO  CreateClassResetClassAdapter - Creating brand-new static initializer in class org/apache/hadoop/thirdparty/protobuf/SmallSortedMap
2024-11-12 13:41:14,200 INFO  EvoClassLoader - Keeping class: org.apache.hadoop.thirdparty.protobuf.SmallSortedMap
2024-11-12 13:41:14,200 INFO  EvoClassLoader - Seeing class for first time: org.apache.hadoop.thirdparty.protobuf.SmallSortedMap$1
2024-11-12 13:41:14,200 INFO  EvoClassLoader - Instrumenting class 'org.apache.hadoop.thirdparty.protobuf.SmallSortedMap$1'.
2024-11-12 13:41:14,200 INFO  MethodCallReplacementClassAdapter - Adding mock interface to class org/apache/hadoop/thirdparty/protobuf/SmallSortedMap$1
2024-11-12 13:41:14,200 INFO  EvoClassLoader - Keeping class: org.apache.hadoop.thirdparty.protobuf.SmallSortedMap$1
2024-11-12 13:41:14,200 INFO  EvoClassLoader - Seeing class for first time: org.apache.hadoop.thirdparty.protobuf.SmallSortedMap$EmptySet
2024-11-12 13:41:14,200 INFO  EvoClassLoader - Instrumenting class 'org.apache.hadoop.thirdparty.protobuf.SmallSortedMap$EmptySet'.
2024-11-12 13:41:14,200 INFO  MethodCallReplacementClassAdapter - Adding mock interface to class org/apache/hadoop/thirdparty/protobuf/SmallSortedMap$EmptySet
2024-11-12 13:41:14,200 INFO  CreateClassResetClassAdapter - Found static initializer in class org/apache/hadoop/thirdparty/protobuf/SmallSortedMap$EmptySet
2024-11-12 13:41:14,201 INFO  EvoClassLoader - Keeping class: org.apache.hadoop.thirdparty.protobuf.SmallSortedMap$EmptySet
2024-11-12 13:41:14,201 INFO  EvoClassLoader - Seeing class for first time: org.apache.hadoop.thirdparty.protobuf.SmallSortedMap$EmptySet$1
2024-11-12 13:41:14,201 INFO  EvoClassLoader - Instrumenting class 'org.apache.hadoop.thirdparty.protobuf.SmallSortedMap$EmptySet$1'.
2024-11-12 13:41:14,201 INFO  MethodCallReplacementClassAdapter - Adding mock interface to class org/apache/hadoop/thirdparty/protobuf/SmallSortedMap$EmptySet$1
2024-11-12 13:41:14,201 INFO  EvoClassLoader - Keeping class: org.apache.hadoop.thirdparty.protobuf.SmallSortedMap$EmptySet$1
2024-11-12 13:41:14,201 INFO  EvoClassLoader - Seeing class for first time: org.apache.hadoop.thirdparty.protobuf.SmallSortedMap$EmptySet$2
2024-11-12 13:41:14,201 INFO  EvoClassLoader - Instrumenting class 'org.apache.hadoop.thirdparty.protobuf.SmallSortedMap$EmptySet$2'.
2024-11-12 13:41:14,201 INFO  MethodCallReplacementClassAdapter - Adding mock interface to class org/apache/hadoop/thirdparty/protobuf/SmallSortedMap$EmptySet$2
2024-11-12 13:41:14,201 INFO  EvoClassLoader - Keeping class: org.apache.hadoop.thirdparty.protobuf.SmallSortedMap$EmptySet$2
2024-11-12 13:41:14,201 INFO  EvoClassLoader - Seeing class for first time: org.apache.hadoop.thirdparty.protobuf.DescriptorProtos$FileOptions$1
2024-11-12 13:41:14,201 INFO  EvoClassLoader - Instrumenting class 'org.apache.hadoop.thirdparty.protobuf.DescriptorProtos$FileOptions$1'.
2024-11-12 13:41:14,201 INFO  MethodCallReplacementClassAdapter - Adding mock interface to class org/apache/hadoop/thirdparty/protobuf/DescriptorProtos$FileOptions$1
2024-11-12 13:41:14,201 INFO  EvoClassLoader - Keeping class: org.apache.hadoop.thirdparty.protobuf.DescriptorProtos$FileOptions$1
2024-11-12 13:41:14,201 INFO  EvoClassLoader - Seeing class for first time: org.apache.hadoop.thirdparty.protobuf.Descriptors$DescriptorPool
2024-11-12 13:41:14,201 INFO  EvoClassLoader - Instrumenting class 'org.apache.hadoop.thirdparty.protobuf.Descriptors$DescriptorPool'.
2024-11-12 13:41:14,202 INFO  MethodCallReplacementClassAdapter - Adding mock interface to class org/apache/hadoop/thirdparty/protobuf/Descriptors$DescriptorPool
2024-11-12 13:41:14,202 INFO  CreateClassResetClassAdapter - Creating brand-new static initializer in class org/apache/hadoop/thirdparty/protobuf/Descriptors$DescriptorPool
2024-11-12 13:41:14,202 INFO  EvoClassLoader - Keeping class: org.apache.hadoop.thirdparty.protobuf.Descriptors$DescriptorPool
2024-11-12 13:41:14,202 INFO  EvoClassLoader - Seeing class for first time: org.apache.hadoop.thirdparty.protobuf.Descriptors$EnumDescriptor
2024-11-12 13:41:14,202 INFO  EvoClassLoader - Instrumenting class 'org.apache.hadoop.thirdparty.protobuf.Descriptors$EnumDescriptor'.
2024-11-12 13:41:14,203 INFO  MethodCallReplacementClassAdapter - Adding mock interface to class org/apache/hadoop/thirdparty/protobuf/Descriptors$EnumDescriptor
2024-11-12 13:41:14,203 INFO  CreateClassResetClassAdapter - Creating brand-new static initializer in class org/apache/hadoop/thirdparty/protobuf/Descriptors$EnumDescriptor
2024-11-12 13:41:14,203 INFO  EvoClassLoader - Keeping class: org.apache.hadoop.thirdparty.protobuf.Descriptors$EnumDescriptor
2024-11-12 13:41:14,203 INFO  EvoClassLoader - Seeing class for first time: org.apache.hadoop.thirdparty.protobuf.Utf8
2024-11-12 13:41:14,203 INFO  EvoClassLoader - Instrumenting class 'org.apache.hadoop.thirdparty.protobuf.Utf8'.
2024-11-12 13:41:14,203 INFO  MethodCallReplacementClassAdapter - Adding mock interface to class org/apache/hadoop/thirdparty/protobuf/Utf8
2024-11-12 13:41:14,204 INFO  CreateClassResetClassAdapter - Found static initializer in class org/apache/hadoop/thirdparty/protobuf/Utf8
2024-11-12 13:41:14,205 INFO  EvoClassLoader - Keeping class: org.apache.hadoop.thirdparty.protobuf.Utf8
2024-11-12 13:41:14,205 INFO  EvoClassLoader - Seeing class for first time: org.apache.hadoop.thirdparty.protobuf.Utf8$Processor
2024-11-12 13:41:14,205 INFO  EvoClassLoader - Instrumenting class 'org.apache.hadoop.thirdparty.protobuf.Utf8$Processor'.
2024-11-12 13:41:14,205 INFO  MethodCallReplacementClassAdapter - Adding mock interface to class org/apache/hadoop/thirdparty/protobuf/Utf8$Processor
2024-11-12 13:41:14,206 INFO  CreateClassResetClassAdapter - Creating brand-new static initializer in class org/apache/hadoop/thirdparty/protobuf/Utf8$Processor
2024-11-12 13:41:14,206 INFO  EvoClassLoader - Keeping class: org.apache.hadoop.thirdparty.protobuf.Utf8$Processor
2024-11-12 13:41:14,207 INFO  EvoClassLoader - Seeing class for first time: org.apache.hadoop.thirdparty.protobuf.Utf8$UnsafeProcessor
2024-11-12 13:41:14,207 INFO  EvoClassLoader - Instrumenting class 'org.apache.hadoop.thirdparty.protobuf.Utf8$UnsafeProcessor'.
2024-11-12 13:41:14,207 INFO  MethodCallReplacementClassAdapter - Adding mock interface to class org/apache/hadoop/thirdparty/protobuf/Utf8$UnsafeProcessor
2024-11-12 13:41:14,209 INFO  CreateClassResetClassAdapter - Creating brand-new static initializer in class org/apache/hadoop/thirdparty/protobuf/Utf8$UnsafeProcessor
2024-11-12 13:41:14,209 INFO  EvoClassLoader - Keeping class: org.apache.hadoop.thirdparty.protobuf.Utf8$UnsafeProcessor
2024-11-12 13:41:14,209 INFO  EvoClassLoader - Seeing class for first time: org.apache.hadoop.thirdparty.protobuf.Utf8$SafeProcessor
2024-11-12 13:41:14,209 INFO  EvoClassLoader - Instrumenting class 'org.apache.hadoop.thirdparty.protobuf.Utf8$SafeProcessor'.
2024-11-12 13:41:14,209 INFO  MethodCallReplacementClassAdapter - Adding mock interface to class org/apache/hadoop/thirdparty/protobuf/Utf8$SafeProcessor
2024-11-12 13:41:14,210 INFO  CreateClassResetClassAdapter - Creating brand-new static initializer in class org/apache/hadoop/thirdparty/protobuf/Utf8$SafeProcessor
2024-11-12 13:41:14,211 INFO  EvoClassLoader - Keeping class: org.apache.hadoop.thirdparty.protobuf.Utf8$SafeProcessor
2024-11-12 13:41:14,211 INFO  EvoClassLoader - Seeing class for first time: org.apache.hadoop.thirdparty.protobuf.Utf8$UnpairedSurrogateException
2024-11-12 13:41:14,211 INFO  EvoClassLoader - Instrumenting class 'org.apache.hadoop.thirdparty.protobuf.Utf8$UnpairedSurrogateException'.
2024-11-12 13:41:14,211 INFO  MethodCallReplacementClassAdapter - Adding mock interface to class org/apache/hadoop/thirdparty/protobuf/Utf8$UnpairedSurrogateException
2024-11-12 13:41:14,211 INFO  CreateClassResetClassAdapter - Creating brand-new static initializer in class org/apache/hadoop/thirdparty/protobuf/Utf8$UnpairedSurrogateException
2024-11-12 13:41:14,212 INFO  EvoClassLoader - Keeping class: org.apache.hadoop.thirdparty.protobuf.Utf8$UnpairedSurrogateException
2024-11-12 13:41:14,212 INFO  EvoClassLoader - Seeing class for first time: org.apache.hadoop.thirdparty.protobuf.UnsafeUtil
2024-11-12 13:41:14,212 INFO  EvoClassLoader - Instrumenting class 'org.apache.hadoop.thirdparty.protobuf.UnsafeUtil'.
2024-11-12 13:41:14,213 INFO  MethodCallReplacementClassAdapter - Adding mock interface to class org/apache/hadoop/thirdparty/protobuf/UnsafeUtil
2024-11-12 13:41:14,214 INFO  CreateClassResetClassAdapter - Found static initializer in class org/apache/hadoop/thirdparty/protobuf/UnsafeUtil
2024-11-12 13:41:14,215 INFO  EvoClassLoader - Keeping class: org.apache.hadoop.thirdparty.protobuf.UnsafeUtil
2024-11-12 13:41:14,215 INFO  EvoClassLoader - Seeing class for first time: org.apache.hadoop.thirdparty.protobuf.UnsafeUtil$MemoryAccessor
2024-11-12 13:41:14,215 INFO  EvoClassLoader - Instrumenting class 'org.apache.hadoop.thirdparty.protobuf.UnsafeUtil$MemoryAccessor'.
2024-11-12 13:41:14,216 INFO  MethodCallReplacementClassAdapter - Adding mock interface to class org/apache/hadoop/thirdparty/protobuf/UnsafeUtil$MemoryAccessor
2024-11-12 13:41:14,216 INFO  CreateClassResetClassAdapter - Creating brand-new static initializer in class org/apache/hadoop/thirdparty/protobuf/UnsafeUtil$MemoryAccessor
2024-11-12 13:41:14,216 INFO  EvoClassLoader - Keeping class: org.apache.hadoop.thirdparty.protobuf.UnsafeUtil$MemoryAccessor
2024-11-12 13:41:14,216 INFO  EvoClassLoader - Seeing class for first time: org.apache.hadoop.thirdparty.protobuf.UnsafeUtil$JvmMemoryAccessor
2024-11-12 13:41:14,216 INFO  EvoClassLoader - Instrumenting class 'org.apache.hadoop.thirdparty.protobuf.UnsafeUtil$JvmMemoryAccessor'.
2024-11-12 13:41:14,216 INFO  MethodCallReplacementClassAdapter - Adding mock interface to class org/apache/hadoop/thirdparty/protobuf/UnsafeUtil$JvmMemoryAccessor
2024-11-12 13:41:14,216 INFO  CreateClassResetClassAdapter - Creating brand-new static initializer in class org/apache/hadoop/thirdparty/protobuf/UnsafeUtil$JvmMemoryAccessor
2024-11-12 13:41:14,216 INFO  EvoClassLoader - Keeping class: org.apache.hadoop.thirdparty.protobuf.UnsafeUtil$JvmMemoryAccessor
2024-11-12 13:41:14,217 INFO  EvoClassLoader - Seeing class for first time: org.apache.hadoop.thirdparty.protobuf.UnsafeUtil$1
2024-11-12 13:41:14,217 INFO  EvoClassLoader - Instrumenting class 'org.apache.hadoop.thirdparty.protobuf.UnsafeUtil$1'.
2024-11-12 13:41:14,217 INFO  MethodCallReplacementClassAdapter - Adding mock interface to class org/apache/hadoop/thirdparty/protobuf/UnsafeUtil$1
2024-11-12 13:41:14,217 INFO  EvoClassLoader - Keeping class: org.apache.hadoop.thirdparty.protobuf.UnsafeUtil$1
2024-11-12 13:41:14,218 INFO  EvoClassLoader - Seeing class for first time: org.apache.hadoop.thirdparty.protobuf.Descriptors$DescriptorPool$PackageDescriptor
2024-11-12 13:41:14,218 INFO  EvoClassLoader - Instrumenting class 'org.apache.hadoop.thirdparty.protobuf.Descriptors$DescriptorPool$PackageDescriptor'.
2024-11-12 13:41:14,218 INFO  MethodCallReplacementClassAdapter - Adding mock interface to class org/apache/hadoop/thirdparty/protobuf/Descriptors$DescriptorPool$PackageDescriptor
2024-11-12 13:41:14,218 INFO  CreateClassResetClassAdapter - Creating brand-new static initializer in class org/apache/hadoop/thirdparty/protobuf/Descriptors$DescriptorPool$PackageDescriptor
2024-11-12 13:41:14,218 INFO  EvoClassLoader - Keeping class: org.apache.hadoop.thirdparty.protobuf.Descriptors$DescriptorPool$PackageDescriptor
2024-11-12 13:41:14,218 INFO  EvoClassLoader - Seeing class for first time: org.apache.hadoop.thirdparty.protobuf.Descriptors
2024-11-12 13:41:14,218 INFO  EvoClassLoader - Instrumenting class 'org.apache.hadoop.thirdparty.protobuf.Descriptors'.
2024-11-12 13:41:14,218 INFO  MethodCallReplacementClassAdapter - Adding mock interface to class org/apache/hadoop/thirdparty/protobuf/Descriptors
2024-11-12 13:41:14,218 INFO  CreateClassResetClassAdapter - Found static initializer in class org/apache/hadoop/thirdparty/protobuf/Descriptors
2024-11-12 13:41:14,218 INFO  EvoClassLoader - Keeping class: org.apache.hadoop.thirdparty.protobuf.Descriptors
2024-11-12 13:41:14,219 INFO  EvoClassLoader - Seeing class for first time: org.apache.hadoop.thirdparty.protobuf.Descriptors$OneofDescriptor
2024-11-12 13:41:14,219 INFO  EvoClassLoader - Instrumenting class 'org.apache.hadoop.thirdparty.protobuf.Descriptors$OneofDescriptor'.
2024-11-12 13:41:14,219 INFO  MethodCallReplacementClassAdapter - Adding mock interface to class org/apache/hadoop/thirdparty/protobuf/Descriptors$OneofDescriptor
2024-11-12 13:41:14,219 INFO  CreateClassResetClassAdapter - Creating brand-new static initializer in class org/apache/hadoop/thirdparty/protobuf/Descriptors$OneofDescriptor
2024-11-12 13:41:14,219 INFO  EvoClassLoader - Keeping class: org.apache.hadoop.thirdparty.protobuf.Descriptors$OneofDescriptor
2024-11-12 13:41:14,219 INFO  EvoClassLoader - Seeing class for first time: org.apache.hadoop.thirdparty.protobuf.TextFormat$InvalidEscapeSequenceException
2024-11-12 13:41:14,219 INFO  EvoClassLoader - Instrumenting class 'org.apache.hadoop.thirdparty.protobuf.TextFormat$InvalidEscapeSequenceException'.
2024-11-12 13:41:14,219 INFO  MethodCallReplacementClassAdapter - Adding mock interface to class org/apache/hadoop/thirdparty/protobuf/TextFormat$InvalidEscapeSequenceException
2024-11-12 13:41:14,219 INFO  CreateClassResetClassAdapter - Creating brand-new static initializer in class org/apache/hadoop/thirdparty/protobuf/TextFormat$InvalidEscapeSequenceException
2024-11-12 13:41:14,219 INFO  EvoClassLoader - Keeping class: org.apache.hadoop.thirdparty.protobuf.TextFormat$InvalidEscapeSequenceException
2024-11-12 13:41:14,220 INFO  EvoClassLoader - Seeing class for first time: org.apache.hadoop.thirdparty.protobuf.WireFormat$FieldType
2024-11-12 13:41:14,220 INFO  EvoClassLoader - Instrumenting class 'org.apache.hadoop.thirdparty.protobuf.WireFormat$FieldType'.
2024-11-12 13:41:14,220 INFO  MethodCallReplacementClassAdapter - Adding mock interface to class org/apache/hadoop/thirdparty/protobuf/WireFormat$FieldType
2024-11-12 13:41:14,220 INFO  CreateClassResetClassAdapter - Found static initializer in class org/apache/hadoop/thirdparty/protobuf/WireFormat$FieldType
2024-11-12 13:41:14,220 INFO  EvoClassLoader - Keeping class: org.apache.hadoop.thirdparty.protobuf.WireFormat$FieldType
2024-11-12 13:41:14,220 INFO  EvoClassLoader - Seeing class for first time: org.apache.hadoop.thirdparty.protobuf.WireFormat$FieldType$1
2024-11-12 13:41:14,220 INFO  EvoClassLoader - Instrumenting class 'org.apache.hadoop.thirdparty.protobuf.WireFormat$FieldType$1'.
2024-11-12 13:41:14,221 INFO  MethodCallReplacementClassAdapter - Adding mock interface to class org/apache/hadoop/thirdparty/protobuf/WireFormat$FieldType$1
2024-11-12 13:41:14,221 INFO  EvoClassLoader - Keeping class: org.apache.hadoop.thirdparty.protobuf.WireFormat$FieldType$1
2024-11-12 13:41:14,221 INFO  EvoClassLoader - Seeing class for first time: org.apache.hadoop.thirdparty.protobuf.WireFormat$FieldType$2
2024-11-12 13:41:14,221 INFO  EvoClassLoader - Instrumenting class 'org.apache.hadoop.thirdparty.protobuf.WireFormat$FieldType$2'.
2024-11-12 13:41:14,221 INFO  MethodCallReplacementClassAdapter - Adding mock interface to class org/apache/hadoop/thirdparty/protobuf/WireFormat$FieldType$2
2024-11-12 13:41:14,221 INFO  EvoClassLoader - Keeping class: org.apache.hadoop.thirdparty.protobuf.WireFormat$FieldType$2
2024-11-12 13:41:14,221 INFO  EvoClassLoader - Seeing class for first time: org.apache.hadoop.thirdparty.protobuf.WireFormat$FieldType$3
2024-11-12 13:41:14,221 INFO  EvoClassLoader - Instrumenting class 'org.apache.hadoop.thirdparty.protobuf.WireFormat$FieldType$3'.
2024-11-12 13:41:14,222 INFO  MethodCallReplacementClassAdapter - Adding mock interface to class org/apache/hadoop/thirdparty/protobuf/WireFormat$FieldType$3
2024-11-12 13:41:14,222 INFO  EvoClassLoader - Keeping class: org.apache.hadoop.thirdparty.protobuf.WireFormat$FieldType$3
2024-11-12 13:41:14,222 INFO  EvoClassLoader - Seeing class for first time: org.apache.hadoop.thirdparty.protobuf.WireFormat$FieldType$4
2024-11-12 13:41:14,222 INFO  EvoClassLoader - Instrumenting class 'org.apache.hadoop.thirdparty.protobuf.WireFormat$FieldType$4'.
2024-11-12 13:41:14,222 INFO  MethodCallReplacementClassAdapter - Adding mock interface to class org/apache/hadoop/thirdparty/protobuf/WireFormat$FieldType$4
2024-11-12 13:41:14,222 INFO  EvoClassLoader - Keeping class: org.apache.hadoop.thirdparty.protobuf.WireFormat$FieldType$4
2024-11-12 13:41:14,222 INFO  EvoClassLoader - Seeing class for first time: org.apache.hadoop.thirdparty.protobuf.WireFormat$JavaType
2024-11-12 13:41:14,222 INFO  EvoClassLoader - Instrumenting class 'org.apache.hadoop.thirdparty.protobuf.WireFormat$JavaType'.
2024-11-12 13:41:14,222 INFO  MethodCallReplacementClassAdapter - Adding mock interface to class org/apache/hadoop/thirdparty/protobuf/WireFormat$JavaType
2024-11-12 13:41:14,223 INFO  CreateClassResetClassAdapter - Found static initializer in class org/apache/hadoop/thirdparty/protobuf/WireFormat$JavaType
2024-11-12 13:41:14,223 INFO  EvoClassLoader - Keeping class: org.apache.hadoop.thirdparty.protobuf.WireFormat$JavaType
2024-11-12 13:41:14,223 INFO  EvoClassLoader - Seeing class for first time: org.apache.hadoop.thirdparty.protobuf.Descriptors$FieldDescriptor$Type
2024-11-12 13:41:14,223 INFO  EvoClassLoader - Instrumenting class 'org.apache.hadoop.thirdparty.protobuf.Descriptors$FieldDescriptor$Type'.
2024-11-12 13:41:14,223 INFO  MethodCallReplacementClassAdapter - Adding mock interface to class org/apache/hadoop/thirdparty/protobuf/Descriptors$FieldDescriptor$Type
2024-11-12 13:41:14,223 INFO  CreateClassResetClassAdapter - Found static initializer in class org/apache/hadoop/thirdparty/protobuf/Descriptors$FieldDescriptor$Type
2024-11-12 13:41:14,223 INFO  EvoClassLoader - Keeping class: org.apache.hadoop.thirdparty.protobuf.Descriptors$FieldDescriptor$Type
2024-11-12 13:41:14,223 INFO  EvoClassLoader - Seeing class for first time: org.apache.hadoop.thirdparty.protobuf.Descriptors$FieldDescriptor$JavaType
2024-11-12 13:41:14,223 INFO  EvoClassLoader - Instrumenting class 'org.apache.hadoop.thirdparty.protobuf.Descriptors$FieldDescriptor$JavaType'.
2024-11-12 13:41:14,224 INFO  MethodCallReplacementClassAdapter - Adding mock interface to class org/apache/hadoop/thirdparty/protobuf/Descriptors$FieldDescriptor$JavaType
2024-11-12 13:41:14,224 INFO  CreateClassResetClassAdapter - Found static initializer in class org/apache/hadoop/thirdparty/protobuf/Descriptors$FieldDescriptor$JavaType
2024-11-12 13:41:14,224 INFO  EvoClassLoader - Keeping class: org.apache.hadoop.thirdparty.protobuf.Descriptors$FieldDescriptor$JavaType
2024-11-12 13:41:14,225 INFO  EvoClassLoader - Seeing class for first time: org.apache.hadoop.thirdparty.protobuf.Descriptors$ServiceDescriptor
2024-11-12 13:41:14,225 INFO  EvoClassLoader - Instrumenting class 'org.apache.hadoop.thirdparty.protobuf.Descriptors$ServiceDescriptor'.
2024-11-12 13:41:14,225 INFO  MethodCallReplacementClassAdapter - Adding mock interface to class org/apache/hadoop/thirdparty/protobuf/Descriptors$ServiceDescriptor
2024-11-12 13:41:14,226 INFO  CreateClassResetClassAdapter - Creating brand-new static initializer in class org/apache/hadoop/thirdparty/protobuf/Descriptors$ServiceDescriptor
2024-11-12 13:41:14,226 INFO  EvoClassLoader - Keeping class: org.apache.hadoop.thirdparty.protobuf.Descriptors$ServiceDescriptor
2024-11-12 13:41:14,226 INFO  EvoClassLoader - Seeing class for first time: org.apache.hadoop.thirdparty.protobuf.DescriptorProtos$FieldOptions
2024-11-12 13:41:14,226 INFO  EvoClassLoader - Instrumenting class 'org.apache.hadoop.thirdparty.protobuf.DescriptorProtos$FieldOptions'.
2024-11-12 13:41:14,226 INFO  MethodCallReplacementClassAdapter - Adding mock interface to class org/apache/hadoop/thirdparty/protobuf/DescriptorProtos$FieldOptions
2024-11-12 13:41:14,228 INFO  CreateClassResetClassAdapter - Found static initializer in class org/apache/hadoop/thirdparty/protobuf/DescriptorProtos$FieldOptions
2024-11-12 13:41:14,228 INFO  EvoClassLoader - Keeping class: org.apache.hadoop.thirdparty.protobuf.DescriptorProtos$FieldOptions
2024-11-12 13:41:14,228 INFO  EvoClassLoader - Seeing class for first time: org.apache.hadoop.thirdparty.protobuf.DescriptorProtos$FieldOptions$1
2024-11-12 13:41:14,228 INFO  EvoClassLoader - Instrumenting class 'org.apache.hadoop.thirdparty.protobuf.DescriptorProtos$FieldOptions$1'.
2024-11-12 13:41:14,228 INFO  MethodCallReplacementClassAdapter - Adding mock interface to class org/apache/hadoop/thirdparty/protobuf/DescriptorProtos$FieldOptions$1
2024-11-12 13:41:14,229 INFO  EvoClassLoader - Keeping class: org.apache.hadoop.thirdparty.protobuf.DescriptorProtos$FieldOptions$1
2024-11-12 13:41:14,229 INFO  EvoClassLoader - Seeing class for first time: org.apache.hadoop.thirdparty.protobuf.Descriptors$1
2024-11-12 13:41:14,229 INFO  EvoClassLoader - Instrumenting class 'org.apache.hadoop.thirdparty.protobuf.Descriptors$1'.
2024-11-12 13:41:14,229 INFO  MethodCallReplacementClassAdapter - Adding mock interface to class org/apache/hadoop/thirdparty/protobuf/Descriptors$1
2024-11-12 13:41:14,229 INFO  EvoClassLoader - Keeping class: org.apache.hadoop.thirdparty.protobuf.Descriptors$1
2024-11-12 13:41:14,229 INFO  EvoClassLoader - Seeing class for first time: org.apache.hadoop.thirdparty.protobuf.Descriptors$DescriptorPool$DescriptorIntPair
2024-11-12 13:41:14,229 INFO  EvoClassLoader - Instrumenting class 'org.apache.hadoop.thirdparty.protobuf.Descriptors$DescriptorPool$DescriptorIntPair'.
2024-11-12 13:41:14,229 INFO  MethodCallReplacementClassAdapter - Adding mock interface to class org/apache/hadoop/thirdparty/protobuf/Descriptors$DescriptorPool$DescriptorIntPair
2024-11-12 13:41:14,229 INFO  CreateClassResetClassAdapter - Creating brand-new static initializer in class org/apache/hadoop/thirdparty/protobuf/Descriptors$DescriptorPool$DescriptorIntPair
2024-11-12 13:41:14,229 INFO  EvoClassLoader - Keeping class: org.apache.hadoop.thirdparty.protobuf.Descriptors$DescriptorPool$DescriptorIntPair
2024-11-12 13:41:14,229 INFO  EvoClassLoader - Seeing class for first time: org.apache.hadoop.thirdparty.protobuf.DescriptorProtos$MessageOptions
2024-11-12 13:41:14,229 INFO  EvoClassLoader - Instrumenting class 'org.apache.hadoop.thirdparty.protobuf.DescriptorProtos$MessageOptions'.
2024-11-12 13:41:14,230 INFO  MethodCallReplacementClassAdapter - Adding mock interface to class org/apache/hadoop/thirdparty/protobuf/DescriptorProtos$MessageOptions
2024-11-12 13:41:14,230 INFO  CreateClassResetClassAdapter - Found static initializer in class org/apache/hadoop/thirdparty/protobuf/DescriptorProtos$MessageOptions
2024-11-12 13:41:14,231 INFO  EvoClassLoader - Keeping class: org.apache.hadoop.thirdparty.protobuf.DescriptorProtos$MessageOptions
2024-11-12 13:41:14,231 INFO  EvoClassLoader - Seeing class for first time: org.apache.hadoop.thirdparty.protobuf.DescriptorProtos$MessageOptions$1
2024-11-12 13:41:14,231 INFO  EvoClassLoader - Instrumenting class 'org.apache.hadoop.thirdparty.protobuf.DescriptorProtos$MessageOptions$1'.
2024-11-12 13:41:14,231 INFO  MethodCallReplacementClassAdapter - Adding mock interface to class org/apache/hadoop/thirdparty/protobuf/DescriptorProtos$MessageOptions$1
2024-11-12 13:41:14,231 INFO  EvoClassLoader - Keeping class: org.apache.hadoop.thirdparty.protobuf.DescriptorProtos$MessageOptions$1
2024-11-12 13:41:14,231 INFO  EvoClassLoader - Seeing class for first time: org.apache.hadoop.thirdparty.protobuf.Descriptors$DescriptorPool$SearchFilter
2024-11-12 13:41:14,231 INFO  EvoClassLoader - Instrumenting class 'org.apache.hadoop.thirdparty.protobuf.Descriptors$DescriptorPool$SearchFilter'.
2024-11-12 13:41:14,231 INFO  MethodCallReplacementClassAdapter - Adding mock interface to class org/apache/hadoop/thirdparty/protobuf/Descriptors$DescriptorPool$SearchFilter
2024-11-12 13:41:14,232 INFO  CreateClassResetClassAdapter - Found static initializer in class org/apache/hadoop/thirdparty/protobuf/Descriptors$DescriptorPool$SearchFilter
2024-11-12 13:41:14,232 INFO  EvoClassLoader - Keeping class: org.apache.hadoop.thirdparty.protobuf.Descriptors$DescriptorPool$SearchFilter
2024-11-12 13:41:14,232 INFO  EvoClassLoader - Seeing class for first time: org.apache.hadoop.thirdparty.protobuf.GeneratedMessageV3$FieldAccessorTable
2024-11-12 13:41:14,232 INFO  EvoClassLoader - Instrumenting class 'org.apache.hadoop.thirdparty.protobuf.GeneratedMessageV3$FieldAccessorTable'.
2024-11-12 13:41:14,232 INFO  MethodCallReplacementClassAdapter - Adding mock interface to class org/apache/hadoop/thirdparty/protobuf/GeneratedMessageV3$FieldAccessorTable
2024-11-12 13:41:14,233 INFO  CreateClassResetClassAdapter - Creating brand-new static initializer in class org/apache/hadoop/thirdparty/protobuf/GeneratedMessageV3$FieldAccessorTable
2024-11-12 13:41:14,233 INFO  EvoClassLoader - Keeping class: org.apache.hadoop.thirdparty.protobuf.GeneratedMessageV3$FieldAccessorTable
2024-11-12 13:41:14,233 INFO  EvoClassLoader - Seeing class for first time: org.apache.hadoop.thirdparty.protobuf.GeneratedMessageV3$FieldAccessorTable$FieldAccessor
2024-11-12 13:41:14,233 INFO  EvoClassLoader - Instrumenting class 'org.apache.hadoop.thirdparty.protobuf.GeneratedMessageV3$FieldAccessorTable$FieldAccessor'.
2024-11-12 13:41:14,233 INFO  EvoClassLoader - Keeping class: org.apache.hadoop.thirdparty.protobuf.GeneratedMessageV3$FieldAccessorTable$FieldAccessor
2024-11-12 13:41:14,233 INFO  EvoClassLoader - Seeing class for first time: org.apache.hadoop.thirdparty.protobuf.GeneratedMessageV3$FieldAccessorTable$OneofAccessor
2024-11-12 13:41:14,233 INFO  EvoClassLoader - Instrumenting class 'org.apache.hadoop.thirdparty.protobuf.GeneratedMessageV3$FieldAccessorTable$OneofAccessor'.
2024-11-12 13:41:14,233 INFO  MethodCallReplacementClassAdapter - Adding mock interface to class org/apache/hadoop/thirdparty/protobuf/GeneratedMessageV3$FieldAccessorTable$OneofAccessor
2024-11-12 13:41:14,233 INFO  CreateClassResetClassAdapter - Creating brand-new static initializer in class org/apache/hadoop/thirdparty/protobuf/GeneratedMessageV3$FieldAccessorTable$OneofAccessor
2024-11-12 13:41:14,234 INFO  EvoClassLoader - Keeping class: org.apache.hadoop.thirdparty.protobuf.GeneratedMessageV3$FieldAccessorTable$OneofAccessor
2024-11-12 13:41:14,234 INFO  EvoClassLoader - Seeing class for first time: org.apache.hadoop.hdfs.protocol.proto.AclProtos
2024-11-12 13:41:14,234 INFO  EvoClassLoader - Instrumenting class 'org.apache.hadoop.hdfs.protocol.proto.AclProtos'.
2024-11-12 13:41:14,234 INFO  MethodCallReplacementClassAdapter - Adding mock interface to class org/apache/hadoop/hdfs/protocol/proto/AclProtos
2024-11-12 13:41:14,234 INFO  CreateClassResetClassAdapter - Found static initializer in class org/apache/hadoop/hdfs/protocol/proto/AclProtos
2024-11-12 13:41:14,234 INFO  EvoClassLoader - Keeping class: org.apache.hadoop.hdfs.protocol.proto.AclProtos
2024-11-12 13:41:14,235 INFO  EvoClassLoader - Seeing class for first time: org.apache.hadoop.hdfs.protocol.proto.AclProtos$1
2024-11-12 13:41:14,235 INFO  EvoClassLoader - Instrumenting class 'org.apache.hadoop.hdfs.protocol.proto.AclProtos$1'.
2024-11-12 13:41:14,235 INFO  MethodCallReplacementClassAdapter - Adding mock interface to class org/apache/hadoop/hdfs/protocol/proto/AclProtos$1
2024-11-12 13:41:14,235 INFO  EvoClassLoader - Keeping class: org.apache.hadoop.hdfs.protocol.proto.AclProtos$1
2024-11-12 13:41:14,235 INFO  EvoClassLoader - Seeing class for first time: org.apache.hadoop.thirdparty.protobuf.DescriptorProtos$EnumDescriptorProto
2024-11-12 13:41:14,235 INFO  EvoClassLoader - Instrumenting class 'org.apache.hadoop.thirdparty.protobuf.DescriptorProtos$EnumDescriptorProto'.
2024-11-12 13:41:14,236 INFO  MethodCallReplacementClassAdapter - Adding mock interface to class org/apache/hadoop/thirdparty/protobuf/DescriptorProtos$EnumDescriptorProto
2024-11-12 13:41:14,236 INFO  CreateClassResetClassAdapter - Found static initializer in class org/apache/hadoop/thirdparty/protobuf/DescriptorProtos$EnumDescriptorProto
2024-11-12 13:41:14,237 INFO  EvoClassLoader - Seeing class for first time: org.apache.hadoop.thirdparty.protobuf.DescriptorProtos$EnumDescriptorProtoOrBuilder
2024-11-12 13:41:14,237 INFO  EvoClassLoader - Instrumenting class 'org.apache.hadoop.thirdparty.protobuf.DescriptorProtos$EnumDescriptorProtoOrBuilder'.
2024-11-12 13:41:14,237 INFO  EvoClassLoader - Keeping class: org.apache.hadoop.thirdparty.protobuf.DescriptorProtos$EnumDescriptorProtoOrBuilder
2024-11-12 13:41:14,237 INFO  EvoClassLoader - Keeping class: org.apache.hadoop.thirdparty.protobuf.DescriptorProtos$EnumDescriptorProto
2024-11-12 13:41:14,237 INFO  EvoClassLoader - Seeing class for first time: org.apache.hadoop.thirdparty.protobuf.DescriptorProtos$EnumOptionsOrBuilder
2024-11-12 13:41:14,237 INFO  EvoClassLoader - Instrumenting class 'org.apache.hadoop.thirdparty.protobuf.DescriptorProtos$EnumOptionsOrBuilder'.
2024-11-12 13:41:14,237 INFO  EvoClassLoader - Keeping class: org.apache.hadoop.thirdparty.protobuf.DescriptorProtos$EnumOptionsOrBuilder
2024-11-12 13:41:14,237 INFO  EvoClassLoader - Seeing class for first time: org.apache.hadoop.thirdparty.protobuf.DescriptorProtos$EnumDescriptorProto$1
2024-11-12 13:41:14,237 INFO  EvoClassLoader - Instrumenting class 'org.apache.hadoop.thirdparty.protobuf.DescriptorProtos$EnumDescriptorProto$1'.
2024-11-12 13:41:14,238 INFO  MethodCallReplacementClassAdapter - Adding mock interface to class org/apache/hadoop/thirdparty/protobuf/DescriptorProtos$EnumDescriptorProto$1
2024-11-12 13:41:14,238 INFO  EvoClassLoader - Keeping class: org.apache.hadoop.thirdparty.protobuf.DescriptorProtos$EnumDescriptorProto$1
2024-11-12 13:41:14,238 INFO  EvoClassLoader - Seeing class for first time: org.apache.hadoop.thirdparty.protobuf.DescriptorProtos$EnumValueDescriptorProto
2024-11-12 13:41:14,238 INFO  EvoClassLoader - Instrumenting class 'org.apache.hadoop.thirdparty.protobuf.DescriptorProtos$EnumValueDescriptorProto'.
2024-11-12 13:41:14,238 INFO  MethodCallReplacementClassAdapter - Adding mock interface to class org/apache/hadoop/thirdparty/protobuf/DescriptorProtos$EnumValueDescriptorProto
2024-11-12 13:41:14,239 INFO  CreateClassResetClassAdapter - Found static initializer in class org/apache/hadoop/thirdparty/protobuf/DescriptorProtos$EnumValueDescriptorProto
2024-11-12 13:41:14,239 INFO  EvoClassLoader - Seeing class for first time: org.apache.hadoop.thirdparty.protobuf.DescriptorProtos$EnumValueDescriptorProtoOrBuilder
2024-11-12 13:41:14,239 INFO  EvoClassLoader - Instrumenting class 'org.apache.hadoop.thirdparty.protobuf.DescriptorProtos$EnumValueDescriptorProtoOrBuilder'.
2024-11-12 13:41:14,239 INFO  EvoClassLoader - Keeping class: org.apache.hadoop.thirdparty.protobuf.DescriptorProtos$EnumValueDescriptorProtoOrBuilder
2024-11-12 13:41:14,240 INFO  EvoClassLoader - Keeping class: org.apache.hadoop.thirdparty.protobuf.DescriptorProtos$EnumValueDescriptorProto
2024-11-12 13:41:14,240 INFO  EvoClassLoader - Seeing class for first time: org.apache.hadoop.thirdparty.protobuf.DescriptorProtos$EnumValueOptionsOrBuilder
2024-11-12 13:41:14,240 INFO  EvoClassLoader - Instrumenting class 'org.apache.hadoop.thirdparty.protobuf.DescriptorProtos$EnumValueOptionsOrBuilder'.
2024-11-12 13:41:14,240 INFO  EvoClassLoader - Keeping class: org.apache.hadoop.thirdparty.protobuf.DescriptorProtos$EnumValueOptionsOrBuilder
2024-11-12 13:41:14,240 INFO  EvoClassLoader - Seeing class for first time: org.apache.hadoop.thirdparty.protobuf.DescriptorProtos$EnumValueDescriptorProto$1
2024-11-12 13:41:14,240 INFO  EvoClassLoader - Instrumenting class 'org.apache.hadoop.thirdparty.protobuf.DescriptorProtos$EnumValueDescriptorProto$1'.
2024-11-12 13:41:14,240 INFO  MethodCallReplacementClassAdapter - Adding mock interface to class org/apache/hadoop/thirdparty/protobuf/DescriptorProtos$EnumValueDescriptorProto$1
2024-11-12 13:41:14,240 INFO  EvoClassLoader - Keeping class: org.apache.hadoop.thirdparty.protobuf.DescriptorProtos$EnumValueDescriptorProto$1
2024-11-12 13:41:14,241 INFO  EvoClassLoader - Seeing class for first time: org.apache.hadoop.thirdparty.protobuf.Descriptors$EnumValueDescriptor
2024-11-12 13:41:14,241 INFO  EvoClassLoader - Instrumenting class 'org.apache.hadoop.thirdparty.protobuf.Descriptors$EnumValueDescriptor'.
2024-11-12 13:41:14,241 INFO  MethodCallReplacementClassAdapter - Adding mock interface to class org/apache/hadoop/thirdparty/protobuf/Descriptors$EnumValueDescriptor
2024-11-12 13:41:14,241 INFO  CreateClassResetClassAdapter - Creating brand-new static initializer in class org/apache/hadoop/thirdparty/protobuf/Descriptors$EnumValueDescriptor
2024-11-12 13:41:14,242 INFO  EvoClassLoader - Keeping class: org.apache.hadoop.thirdparty.protobuf.Descriptors$EnumValueDescriptor
2024-11-12 13:41:14,245 INFO  EvoClassLoader - Seeing class for first time: org.apache.hadoop.thirdparty.protobuf.UnmodifiableLazyStringList
2024-11-12 13:41:14,245 INFO  EvoClassLoader - Instrumenting class 'org.apache.hadoop.thirdparty.protobuf.UnmodifiableLazyStringList'.
2024-11-12 13:41:14,245 INFO  MethodCallReplacementClassAdapter - Adding mock interface to class org/apache/hadoop/thirdparty/protobuf/UnmodifiableLazyStringList
2024-11-12 13:41:14,245 INFO  CreateClassResetClassAdapter - Creating brand-new static initializer in class org/apache/hadoop/thirdparty/protobuf/UnmodifiableLazyStringList
2024-11-12 13:41:14,245 INFO  EvoClassLoader - Keeping class: org.apache.hadoop.thirdparty.protobuf.UnmodifiableLazyStringList
2024-11-12 13:41:14,249 INFO  EvoClassLoader - Seeing class for first time: org.apache.hadoop.thirdparty.protobuf.TextFormat
2024-11-12 13:41:14,249 INFO  EvoClassLoader - Instrumenting class 'org.apache.hadoop.thirdparty.protobuf.TextFormat'.
2024-11-12 13:41:14,249 INFO  MethodCallReplacementClassAdapter - Adding mock interface to class org/apache/hadoop/thirdparty/protobuf/TextFormat
2024-11-12 13:41:14,251 INFO  CreateClassResetClassAdapter - Found static initializer in class org/apache/hadoop/thirdparty/protobuf/TextFormat
2024-11-12 13:41:14,251 INFO  EvoClassLoader - Keeping class: org.apache.hadoop.thirdparty.protobuf.TextFormat
2024-11-12 13:41:14,251 INFO  EvoClassLoader - Seeing class for first time: org.apache.hadoop.thirdparty.protobuf.TextFormat$Parser
2024-11-12 13:41:14,251 INFO  EvoClassLoader - Instrumenting class 'org.apache.hadoop.thirdparty.protobuf.TextFormat$Parser'.
2024-11-12 13:41:14,252 INFO  MethodCallReplacementClassAdapter - Adding mock interface to class org/apache/hadoop/thirdparty/protobuf/TextFormat$Parser
2024-11-12 13:41:14,254 INFO  CreateClassResetClassAdapter - Creating brand-new static initializer in class org/apache/hadoop/thirdparty/protobuf/TextFormat$Parser
2024-11-12 13:41:14,254 INFO  CreateClassResetClassAdapter - Adding bytecode for initializing field BUFFER_SIZE
2024-11-12 13:41:14,254 INFO  EvoClassLoader - Keeping class: org.apache.hadoop.thirdparty.protobuf.TextFormat$Parser
2024-11-12 13:41:14,254 INFO  EvoClassLoader - Seeing class for first time: org.apache.hadoop.thirdparty.protobuf.TextFormat$ParseException
2024-11-12 13:41:14,254 INFO  EvoClassLoader - Instrumenting class 'org.apache.hadoop.thirdparty.protobuf.TextFormat$ParseException'.
2024-11-12 13:41:14,254 INFO  MethodCallReplacementClassAdapter - Adding mock interface to class org/apache/hadoop/thirdparty/protobuf/TextFormat$ParseException
2024-11-12 13:41:14,255 INFO  CreateClassResetClassAdapter - Creating brand-new static initializer in class org/apache/hadoop/thirdparty/protobuf/TextFormat$ParseException
2024-11-12 13:41:14,255 INFO  EvoClassLoader - Keeping class: org.apache.hadoop.thirdparty.protobuf.TextFormat$ParseException
2024-11-12 13:41:14,255 INFO  EvoClassLoader - Seeing class for first time: org.apache.hadoop.thirdparty.protobuf.TextFormat$Parser$Builder
2024-11-12 13:41:14,255 INFO  EvoClassLoader - Instrumenting class 'org.apache.hadoop.thirdparty.protobuf.TextFormat$Parser$Builder'.
2024-11-12 13:41:14,255 INFO  MethodCallReplacementClassAdapter - Adding mock interface to class org/apache/hadoop/thirdparty/protobuf/TextFormat$Parser$Builder
2024-11-12 13:41:14,255 INFO  CreateClassResetClassAdapter - Creating brand-new static initializer in class org/apache/hadoop/thirdparty/protobuf/TextFormat$Parser$Builder
2024-11-12 13:41:14,255 INFO  EvoClassLoader - Keeping class: org.apache.hadoop.thirdparty.protobuf.TextFormat$Parser$Builder
2024-11-12 13:41:14,255 INFO  EvoClassLoader - Seeing class for first time: org.apache.hadoop.thirdparty.protobuf.TextFormat$Parser$SingularOverwritePolicy
2024-11-12 13:41:14,255 INFO  EvoClassLoader - Instrumenting class 'org.apache.hadoop.thirdparty.protobuf.TextFormat$Parser$SingularOverwritePolicy'.
2024-11-12 13:41:14,256 INFO  MethodCallReplacementClassAdapter - Adding mock interface to class org/apache/hadoop/thirdparty/protobuf/TextFormat$Parser$SingularOverwritePolicy
2024-11-12 13:41:14,256 INFO  CreateClassResetClassAdapter - Found static initializer in class org/apache/hadoop/thirdparty/protobuf/TextFormat$Parser$SingularOverwritePolicy
2024-11-12 13:41:14,256 INFO  EvoClassLoader - Keeping class: org.apache.hadoop.thirdparty.protobuf.TextFormat$Parser$SingularOverwritePolicy
2024-11-12 13:41:14,257 INFO  EvoClassLoader - Seeing class for first time: org.apache.hadoop.hdfs.protocol.proto.XAttrProtos
2024-11-12 13:41:14,257 INFO  EvoClassLoader - Instrumenting class 'org.apache.hadoop.hdfs.protocol.proto.XAttrProtos'.
2024-11-12 13:41:14,257 INFO  MethodCallReplacementClassAdapter - Adding mock interface to class org/apache/hadoop/hdfs/protocol/proto/XAttrProtos
2024-11-12 13:41:14,258 INFO  CreateClassResetClassAdapter - Found static initializer in class org/apache/hadoop/hdfs/protocol/proto/XAttrProtos
2024-11-12 13:41:14,258 INFO  EvoClassLoader - Keeping class: org.apache.hadoop.hdfs.protocol.proto.XAttrProtos
2024-11-12 13:41:14,258 INFO  EvoClassLoader - Seeing class for first time: org.apache.hadoop.hdfs.protocol.proto.XAttrProtos$1
2024-11-12 13:41:14,258 INFO  EvoClassLoader - Instrumenting class 'org.apache.hadoop.hdfs.protocol.proto.XAttrProtos$1'.
2024-11-12 13:41:14,258 INFO  MethodCallReplacementClassAdapter - Adding mock interface to class org/apache/hadoop/hdfs/protocol/proto/XAttrProtos$1
2024-11-12 13:41:14,258 INFO  EvoClassLoader - Keeping class: org.apache.hadoop.hdfs.protocol.proto.XAttrProtos$1
2024-11-12 13:41:14,263 INFO  EvoClassLoader - Seeing class for first time: org.apache.commons.collections.map.LRUMap
2024-11-12 13:41:14,263 INFO  EvoClassLoader - Instrumenting class 'org.apache.commons.collections.map.LRUMap'.
2024-11-12 13:41:14,263 INFO  MethodCallReplacementClassAdapter - Adding mock interface to class org/apache/commons/collections/map/LRUMap
2024-11-12 13:41:14,265 INFO  CreateClassResetClassAdapter - Creating brand-new static initializer in class org/apache/commons/collections/map/LRUMap
2024-11-12 13:41:14,265 INFO  CreateClassResetClassAdapter - Adding bytecode for initializing field DEFAULT_MAX_SIZE
2024-11-12 13:41:14,265 INFO  EvoClassLoader - Seeing class for first time: org.apache.commons.collections.BoundedMap
2024-11-12 13:41:14,265 INFO  EvoClassLoader - Instrumenting class 'org.apache.commons.collections.BoundedMap'.
2024-11-12 13:41:14,271 INFO  EvoClassLoader - Keeping class: org.apache.commons.collections.BoundedMap
2024-11-12 13:41:14,272 INFO  EvoClassLoader - Seeing class for first time: org.apache.commons.collections.map.AbstractLinkedMap
2024-11-12 13:41:14,272 INFO  EvoClassLoader - Instrumenting class 'org.apache.commons.collections.map.AbstractLinkedMap'.
2024-11-12 13:41:14,272 INFO  MethodCallReplacementClassAdapter - Adding mock interface to class org/apache/commons/collections/map/AbstractLinkedMap
2024-11-12 13:41:14,272 INFO  CreateClassResetClassAdapter - Creating brand-new static initializer in class org/apache/commons/collections/map/AbstractLinkedMap
2024-11-12 13:41:14,273 INFO  EvoClassLoader - Seeing class for first time: org.apache.commons.collections.OrderedMap
2024-11-12 13:41:14,273 INFO  EvoClassLoader - Instrumenting class 'org.apache.commons.collections.OrderedMap'.
2024-11-12 13:41:14,273 INFO  EvoClassLoader - Keeping class: org.apache.commons.collections.OrderedMap
2024-11-12 13:41:14,273 INFO  EvoClassLoader - Seeing class for first time: org.apache.commons.collections.map.AbstractHashedMap
2024-11-12 13:41:14,273 INFO  EvoClassLoader - Instrumenting class 'org.apache.commons.collections.map.AbstractHashedMap'.
2024-11-12 13:41:14,274 INFO  MethodCallReplacementClassAdapter - Adding mock interface to class org/apache/commons/collections/map/AbstractHashedMap
2024-11-12 13:41:14,275 INFO  CreateClassResetClassAdapter - Found static initializer in class org/apache/commons/collections/map/AbstractHashedMap
2024-11-12 13:41:14,276 INFO  EvoClassLoader - Keeping class: org.apache.commons.collections.map.AbstractHashedMap
2024-11-12 13:41:14,276 INFO  EvoClassLoader - Keeping class: org.apache.commons.collections.map.AbstractLinkedMap
2024-11-12 13:41:14,276 INFO  EvoClassLoader - Keeping class: org.apache.commons.collections.map.LRUMap
2024-11-12 13:41:14,277 INFO  EvoClassLoader - Seeing class for first time: org.apache.commons.collections.OrderedMapIterator
2024-11-12 13:41:14,277 INFO  EvoClassLoader - Instrumenting class 'org.apache.commons.collections.OrderedMapIterator'.
2024-11-12 13:41:14,278 INFO  EvoClassLoader - Seeing class for first time: org.apache.commons.collections.OrderedIterator
2024-11-12 13:41:14,278 INFO  EvoClassLoader - Instrumenting class 'org.apache.commons.collections.OrderedIterator'.
2024-11-12 13:41:14,278 INFO  EvoClassLoader - Keeping class: org.apache.commons.collections.OrderedIterator
2024-11-12 13:41:14,278 INFO  EvoClassLoader - Keeping class: org.apache.commons.collections.OrderedMapIterator
2024-11-12 13:41:14,278 INFO  EvoClassLoader - Seeing class for first time: org.apache.commons.collections.map.AbstractHashedMap$HashEntry
2024-11-12 13:41:14,278 INFO  EvoClassLoader - Instrumenting class 'org.apache.commons.collections.map.AbstractHashedMap$HashEntry'.
2024-11-12 13:41:14,278 INFO  MethodCallReplacementClassAdapter - Adding mock interface to class org/apache/commons/collections/map/AbstractHashedMap$HashEntry
2024-11-12 13:41:14,278 INFO  CreateClassResetClassAdapter - Creating brand-new static initializer in class org/apache/commons/collections/map/AbstractHashedMap$HashEntry
2024-11-12 13:41:14,279 INFO  EvoClassLoader - Keeping class: org.apache.commons.collections.map.AbstractHashedMap$HashEntry
2024-11-12 13:41:14,279 INFO  EvoClassLoader - Seeing class for first time: org.apache.commons.collections.map.AbstractLinkedMap$LinkEntry
2024-11-12 13:41:14,279 INFO  EvoClassLoader - Instrumenting class 'org.apache.commons.collections.map.AbstractLinkedMap$LinkEntry'.
2024-11-12 13:41:14,279 INFO  MethodCallReplacementClassAdapter - Adding mock interface to class org/apache/commons/collections/map/AbstractLinkedMap$LinkEntry
2024-11-12 13:41:14,279 INFO  CreateClassResetClassAdapter - Creating brand-new static initializer in class org/apache/commons/collections/map/AbstractLinkedMap$LinkEntry
2024-11-12 13:41:14,279 INFO  EvoClassLoader - Keeping class: org.apache.commons.collections.map.AbstractLinkedMap$LinkEntry
2024-11-12 13:41:14,280 INFO  EvoClassLoader - Seeing class for first time: org.apache.hadoop.hdfs.server.namenode.snapshot.SnapshotManager
2024-11-12 13:41:14,280 INFO  EvoClassLoader - Instrumenting class 'org.apache.hadoop.hdfs.server.namenode.snapshot.SnapshotManager'.
2024-11-12 13:41:14,281 INFO  MethodCallReplacementClassAdapter - Adding mock interface to class org/apache/hadoop/hdfs/server/namenode/snapshot/SnapshotManager
2024-11-12 13:41:14,282 INFO  CreateClassResetClassAdapter - Found static initializer in class org/apache/hadoop/hdfs/server/namenode/snapshot/SnapshotManager
2024-11-12 13:41:14,282 INFO  EvoClassLoader - Keeping class: org.apache.hadoop.hdfs.server.namenode.snapshot.SnapshotManager
2024-11-12 13:41:14,283 INFO  EvoClassLoader - Seeing class for first time: org.apache.hadoop.hdfs.server.namenode.QuotaCounts
2024-11-12 13:41:14,283 INFO  EvoClassLoader - Instrumenting class 'org.apache.hadoop.hdfs.server.namenode.QuotaCounts'.
2024-11-12 13:41:14,284 INFO  MethodCallReplacementClassAdapter - Adding mock interface to class org/apache/hadoop/hdfs/server/namenode/QuotaCounts
2024-11-12 13:41:14,285 INFO  CreateClassResetClassAdapter - Found static initializer in class org/apache/hadoop/hdfs/server/namenode/QuotaCounts
2024-11-12 13:41:14,286 INFO  EvoClassLoader - Keeping class: org.apache.hadoop.hdfs.server.namenode.QuotaCounts
2024-11-12 13:41:14,286 INFO  EvoClassLoader - Seeing class for first time: org.apache.hadoop.hdfs.protocol.EncryptionZone
2024-11-12 13:41:14,286 INFO  EvoClassLoader - Instrumenting class 'org.apache.hadoop.hdfs.protocol.EncryptionZone'.
2024-11-12 13:41:14,286 INFO  MethodCallReplacementClassAdapter - Adding mock interface to class org/apache/hadoop/hdfs/protocol/EncryptionZone
2024-11-12 13:41:14,287 INFO  CreateClassResetClassAdapter - Creating brand-new static initializer in class org/apache/hadoop/hdfs/protocol/EncryptionZone
2024-11-12 13:41:14,287 INFO  EvoClassLoader - Keeping class: org.apache.hadoop.hdfs.protocol.EncryptionZone
2024-11-12 13:41:14,288 INFO  EvoClassLoader - Seeing class for first time: org.apache.hadoop.conf.ConfigRedactor
2024-11-12 13:41:14,288 INFO  EvoClassLoader - Instrumenting class 'org.apache.hadoop.conf.ConfigRedactor'.
2024-11-12 13:41:14,288 INFO  MethodCallReplacementClassAdapter - Adding mock interface to class org/apache/hadoop/conf/ConfigRedactor
2024-11-12 13:41:14,288 INFO  CreateClassResetClassAdapter - Creating brand-new static initializer in class org/apache/hadoop/conf/ConfigRedactor
2024-11-12 13:41:14,288 INFO  CreateClassResetClassAdapter - Adding bytecode for initializing field REDACTED_TEXT
2024-11-12 13:41:14,288 INFO  EvoClassLoader - Keeping class: org.apache.hadoop.conf.ConfigRedactor
2024-11-12 13:41:14,289 INFO  EvoClassLoader - Seeing class for first time: org.apache.hadoop.hdfs.server.namenode.CachePool
2024-11-12 13:41:14,289 INFO  EvoClassLoader - Instrumenting class 'org.apache.hadoop.hdfs.server.namenode.CachePool'.
2024-11-12 13:41:14,289 INFO  MethodCallReplacementClassAdapter - Adding mock interface to class org/apache/hadoop/hdfs/server/namenode/CachePool
2024-11-12 13:41:14,289 INFO  CreateClassResetClassAdapter - Creating brand-new static initializer in class org/apache/hadoop/hdfs/server/namenode/CachePool
2024-11-12 13:41:14,290 INFO  EvoClassLoader - Keeping class: org.apache.hadoop.hdfs.server.namenode.CachePool
2024-11-12 13:41:14,290 INFO  EvoClassLoader - Seeing class for first time: org.apache.hadoop.hdfs.server.protocol.DatanodeStorageReport
2024-11-12 13:41:14,290 INFO  EvoClassLoader - Instrumenting class 'org.apache.hadoop.hdfs.server.protocol.DatanodeStorageReport'.
2024-11-12 13:41:14,291 INFO  MethodCallReplacementClassAdapter - Adding mock interface to class org/apache/hadoop/hdfs/server/protocol/DatanodeStorageReport
2024-11-12 13:41:14,291 INFO  CreateClassResetClassAdapter - Creating brand-new static initializer in class org/apache/hadoop/hdfs/server/protocol/DatanodeStorageReport
2024-11-12 13:41:14,291 INFO  EvoClassLoader - Keeping class: org.apache.hadoop.hdfs.server.protocol.DatanodeStorageReport
2024-11-12 13:41:14,292 INFO  EvoClassLoader - Seeing class for first time: org.apache.hadoop.hdfs.server.namenode.ha.EditLogTailer
2024-11-12 13:41:14,292 INFO  EvoClassLoader - Instrumenting class 'org.apache.hadoop.hdfs.server.namenode.ha.EditLogTailer'.
2024-11-12 13:41:14,293 INFO  MethodCallReplacementClassAdapter - Adding mock interface to class org/apache/hadoop/hdfs/server/namenode/ha/EditLogTailer
2024-11-12 13:41:14,294 INFO  CreateClassResetClassAdapter - Found static initializer in class org/apache/hadoop/hdfs/server/namenode/ha/EditLogTailer
2024-11-12 13:41:14,295 INFO  EvoClassLoader - Keeping class: org.apache.hadoop.hdfs.server.namenode.ha.EditLogTailer
2024-11-12 13:41:14,295 INFO  EvoClassLoader - Seeing class for first time: org.apache.hadoop.hdfs.server.namenode.EditLogInputException
2024-11-12 13:41:14,295 INFO  EvoClassLoader - Instrumenting class 'org.apache.hadoop.hdfs.server.namenode.EditLogInputException'.
2024-11-12 13:41:14,296 INFO  MethodCallReplacementClassAdapter - Adding mock interface to class org/apache/hadoop/hdfs/server/namenode/EditLogInputException
2024-11-12 13:41:14,296 INFO  CreateClassResetClassAdapter - Creating brand-new static initializer in class org/apache/hadoop/hdfs/server/namenode/EditLogInputException
2024-11-12 13:41:14,296 INFO  EvoClassLoader - Keeping class: org.apache.hadoop.hdfs.server.namenode.EditLogInputException
2024-11-12 13:41:14,297 INFO  EvoClassLoader - Seeing class for first time: org.apache.hadoop.fs.Options$ChecksumCombineMode
2024-11-12 13:41:14,297 INFO  EvoClassLoader - Instrumenting class 'org.apache.hadoop.fs.Options$ChecksumCombineMode'.
2024-11-12 13:41:14,297 INFO  MethodCallReplacementClassAdapter - Adding mock interface to class org/apache/hadoop/fs/Options$ChecksumCombineMode
2024-11-12 13:41:14,297 INFO  CreateClassResetClassAdapter - Found static initializer in class org/apache/hadoop/fs/Options$ChecksumCombineMode
2024-11-12 13:41:14,298 INFO  EvoClassLoader - Keeping class: org.apache.hadoop.fs.Options$ChecksumCombineMode
2024-11-12 13:41:14,298 INFO  EvoClassLoader - Seeing class for first time: org.apache.hadoop.hdfs.util.Diff$Processor
2024-11-12 13:41:14,298 INFO  EvoClassLoader - Instrumenting class 'org.apache.hadoop.hdfs.util.Diff$Processor'.
2024-11-12 13:41:14,298 INFO  EvoClassLoader - Keeping class: org.apache.hadoop.hdfs.util.Diff$Processor
2024-11-12 13:41:14,298 INFO  EvoClassLoader - Seeing class for first time: org.apache.hadoop.hdfs.server.namenode.ContentCounts$Builder
2024-11-12 13:41:14,298 INFO  EvoClassLoader - Instrumenting class 'org.apache.hadoop.hdfs.server.namenode.ContentCounts$Builder'.
2024-11-12 13:41:14,299 INFO  MethodCallReplacementClassAdapter - Adding mock interface to class org/apache/hadoop/hdfs/server/namenode/ContentCounts$Builder
2024-11-12 13:41:14,299 INFO  CreateClassResetClassAdapter - Creating brand-new static initializer in class org/apache/hadoop/hdfs/server/namenode/ContentCounts$Builder
2024-11-12 13:41:14,299 INFO  EvoClassLoader - Keeping class: org.apache.hadoop.hdfs.server.namenode.ContentCounts$Builder
2024-11-12 13:41:14,299 INFO  EvoClassLoader - Seeing class for first time: org.apache.hadoop.util.ChunkedArrayList
2024-11-12 13:41:14,299 INFO  EvoClassLoader - Instrumenting class 'org.apache.hadoop.util.ChunkedArrayList'.
2024-11-12 13:41:14,300 INFO  MethodCallReplacementClassAdapter - Adding mock interface to class org/apache/hadoop/util/ChunkedArrayList
2024-11-12 13:41:14,301 INFO  CreateClassResetClassAdapter - Creating brand-new static initializer in class org/apache/hadoop/util/ChunkedArrayList
2024-11-12 13:41:14,301 INFO  CreateClassResetClassAdapter - Adding bytecode for initializing field DEFAULT_INITIAL_CHUNK_CAPACITY
2024-11-12 13:41:14,301 INFO  CreateClassResetClassAdapter - Adding bytecode for initializing field DEFAULT_MAX_CHUNK_SIZE
2024-11-12 13:41:14,301 INFO  EvoClassLoader - Keeping class: org.apache.hadoop.util.ChunkedArrayList
2024-11-12 13:41:14,302 INFO  EvoClassLoader - Seeing class for first time: org.apache.hadoop.hdfs.server.namenode.snapshot.DirectorySnapshottableFeature
2024-11-12 13:41:14,302 INFO  EvoClassLoader - Instrumenting class 'org.apache.hadoop.hdfs.server.namenode.snapshot.DirectorySnapshottableFeature'.
2024-11-12 13:41:14,302 INFO  MethodCallReplacementClassAdapter - Adding mock interface to class org/apache/hadoop/hdfs/server/namenode/snapshot/DirectorySnapshottableFeature
2024-11-12 13:41:14,305 INFO  CreateClassResetClassAdapter - Creating brand-new static initializer in class org/apache/hadoop/hdfs/server/namenode/snapshot/DirectorySnapshottableFeature
2024-11-12 13:41:14,305 INFO  CreateClassResetClassAdapter - Adding bytecode for initializing field SNAPSHOT_QUOTA_DEFAULT
2024-11-12 13:41:14,306 INFO  EvoClassLoader - Keeping class: org.apache.hadoop.hdfs.server.namenode.snapshot.DirectorySnapshottableFeature
2024-11-12 13:41:14,307 INFO  EvoClassLoader - Seeing class for first time: org.apache.hadoop.crypto.CryptoProtocolVersion
2024-11-12 13:41:14,307 INFO  EvoClassLoader - Instrumenting class 'org.apache.hadoop.crypto.CryptoProtocolVersion'.
2024-11-12 13:41:14,307 INFO  MethodCallReplacementClassAdapter - Adding mock interface to class org/apache/hadoop/crypto/CryptoProtocolVersion
2024-11-12 13:41:14,308 INFO  CreateClassResetClassAdapter - Found static initializer in class org/apache/hadoop/crypto/CryptoProtocolVersion
2024-11-12 13:41:14,308 INFO  EvoClassLoader - Defined package (3): package org.apache.hadoop.crypto, -1673217324
2024-11-12 13:41:14,308 INFO  EvoClassLoader - Keeping class: org.apache.hadoop.crypto.CryptoProtocolVersion
2024-11-12 13:41:14,308 INFO  EvoClassLoader - Seeing class for first time: org.apache.hadoop.hdfs.server.namenode.FSImage
2024-11-12 13:41:14,308 INFO  EvoClassLoader - Instrumenting class 'org.apache.hadoop.hdfs.server.namenode.FSImage'.
2024-11-12 13:41:14,309 INFO  MethodCallReplacementClassAdapter - Adding mock interface to class org/apache/hadoop/hdfs/server/namenode/FSImage
2024-11-12 13:41:14,313 INFO  CreateClassResetClassAdapter - Found static initializer in class org/apache/hadoop/hdfs/server/namenode/FSImage
2024-11-12 13:41:14,314 INFO  EvoClassLoader - Keeping class: org.apache.hadoop.hdfs.server.namenode.FSImage
2024-11-12 13:41:14,314 INFO  EvoClassLoader - Seeing class for first time: org.apache.hadoop.hdfs.server.namenode.NNStorage$NameNodeFile
2024-11-12 13:41:14,314 INFO  EvoClassLoader - Instrumenting class 'org.apache.hadoop.hdfs.server.namenode.NNStorage$NameNodeFile'.
2024-11-12 13:41:14,314 INFO  MethodCallReplacementClassAdapter - Adding mock interface to class org/apache/hadoop/hdfs/server/namenode/NNStorage$NameNodeFile
2024-11-12 13:41:14,314 INFO  CreateClassResetClassAdapter - Found static initializer in class org/apache/hadoop/hdfs/server/namenode/NNStorage$NameNodeFile
2024-11-12 13:41:14,314 INFO  EvoClassLoader - Keeping class: org.apache.hadoop.hdfs.server.namenode.NNStorage$NameNodeFile
2024-11-12 13:41:14,315 INFO  EvoClassLoader - Seeing class for first time: org.apache.hadoop.hdfs.server.protocol.CheckpointCommand
2024-11-12 13:41:14,315 INFO  EvoClassLoader - Instrumenting class 'org.apache.hadoop.hdfs.server.protocol.CheckpointCommand'.
2024-11-12 13:41:14,315 INFO  MethodCallReplacementClassAdapter - Adding mock interface to class org/apache/hadoop/hdfs/server/protocol/CheckpointCommand
2024-11-12 13:41:14,315 INFO  CreateClassResetClassAdapter - Creating brand-new static initializer in class org/apache/hadoop/hdfs/server/protocol/CheckpointCommand
2024-11-12 13:41:14,315 INFO  EvoClassLoader - Keeping class: org.apache.hadoop.hdfs.server.protocol.CheckpointCommand
2024-11-12 13:41:14,315 INFO  EvoClassLoader - Seeing class for first time: org.apache.hadoop.hdfs.server.namenode.IllegalReservedPathException
2024-11-12 13:41:14,315 INFO  EvoClassLoader - Instrumenting class 'org.apache.hadoop.hdfs.server.namenode.IllegalReservedPathException'.
2024-11-12 13:41:14,316 INFO  MethodCallReplacementClassAdapter - Adding mock interface to class org/apache/hadoop/hdfs/server/namenode/IllegalReservedPathException
2024-11-12 13:41:14,316 INFO  CreateClassResetClassAdapter - Creating brand-new static initializer in class org/apache/hadoop/hdfs/server/namenode/IllegalReservedPathException
2024-11-12 13:41:14,316 INFO  EvoClassLoader - Keeping class: org.apache.hadoop.hdfs.server.namenode.IllegalReservedPathException
2024-11-12 13:41:14,317 INFO  EvoClassLoader - Seeing class for first time: org.apache.hadoop.hdfs.server.namenode.SerialNumberMap
2024-11-12 13:41:14,317 INFO  EvoClassLoader - Instrumenting class 'org.apache.hadoop.hdfs.server.namenode.SerialNumberMap'.
2024-11-12 13:41:14,317 INFO  MethodCallReplacementClassAdapter - Adding mock interface to class org/apache/hadoop/hdfs/server/namenode/SerialNumberMap
2024-11-12 13:41:14,317 INFO  CreateClassResetClassAdapter - Creating brand-new static initializer in class org/apache/hadoop/hdfs/server/namenode/SerialNumberMap
2024-11-12 13:41:14,317 INFO  EvoClassLoader - Keeping class: org.apache.hadoop.hdfs.server.namenode.SerialNumberMap
2024-11-12 13:41:14,317 INFO  EvoClassLoader - Seeing class for first time: org.apache.hadoop.hdfs.protocol.HdfsConstants$StoragePolicySatisfierMode
2024-11-12 13:41:14,317 INFO  EvoClassLoader - Instrumenting class 'org.apache.hadoop.hdfs.protocol.HdfsConstants$StoragePolicySatisfierMode'.
2024-11-12 13:41:14,318 INFO  MethodCallReplacementClassAdapter - Adding mock interface to class org/apache/hadoop/hdfs/protocol/HdfsConstants$StoragePolicySatisfierMode
2024-11-12 13:41:14,318 INFO  CreateClassResetClassAdapter - Found static initializer in class org/apache/hadoop/hdfs/protocol/HdfsConstants$StoragePolicySatisfierMode
2024-11-12 13:41:14,318 INFO  EvoClassLoader - Keeping class: org.apache.hadoop.hdfs.protocol.HdfsConstants$StoragePolicySatisfierMode
2024-11-12 13:41:14,318 INFO  EvoClassLoader - Seeing class for first time: org.apache.hadoop.hdfs.server.namenode.snapshot.DirectoryDiffListFactory
2024-11-12 13:41:14,318 INFO  EvoClassLoader - Instrumenting class 'org.apache.hadoop.hdfs.server.namenode.snapshot.DirectoryDiffListFactory'.
2024-11-12 13:41:14,318 INFO  MethodCallReplacementClassAdapter - Adding mock interface to class org/apache/hadoop/hdfs/server/namenode/snapshot/DirectoryDiffListFactory
2024-11-12 13:41:14,318 INFO  CreateClassResetClassAdapter - Found static initializer in class org/apache/hadoop/hdfs/server/namenode/snapshot/DirectoryDiffListFactory
2024-11-12 13:41:14,318 INFO  EvoClassLoader - Keeping class: org.apache.hadoop.hdfs.server.namenode.snapshot.DirectoryDiffListFactory
2024-11-12 13:41:14,319 INFO  EvoClassLoader - Seeing class for first time: org.apache.hadoop.hdfs.protocol.ErasureCodingPolicy
2024-11-12 13:41:14,319 INFO  EvoClassLoader - Instrumenting class 'org.apache.hadoop.hdfs.protocol.ErasureCodingPolicy'.
2024-11-12 13:41:14,319 INFO  MethodCallReplacementClassAdapter - Adding mock interface to class org/apache/hadoop/hdfs/protocol/ErasureCodingPolicy
2024-11-12 13:41:14,320 INFO  CreateClassResetClassAdapter - Creating brand-new static initializer in class org/apache/hadoop/hdfs/protocol/ErasureCodingPolicy
2024-11-12 13:41:14,320 INFO  EvoClassLoader - Keeping class: org.apache.hadoop.hdfs.protocol.ErasureCodingPolicy
2024-11-12 13:41:14,320 INFO  EvoClassLoader - Seeing class for first time: org.apache.hadoop.hdfs.protocol.HdfsConstants$RollingUpgradeAction
2024-11-12 13:41:14,320 INFO  EvoClassLoader - Instrumenting class 'org.apache.hadoop.hdfs.protocol.HdfsConstants$RollingUpgradeAction'.
2024-11-12 13:41:14,320 INFO  MethodCallReplacementClassAdapter - Adding mock interface to class org/apache/hadoop/hdfs/protocol/HdfsConstants$RollingUpgradeAction
2024-11-12 13:41:14,320 INFO  CreateClassResetClassAdapter - Found static initializer in class org/apache/hadoop/hdfs/protocol/HdfsConstants$RollingUpgradeAction
2024-11-12 13:41:14,321 INFO  EvoClassLoader - Keeping class: org.apache.hadoop.hdfs.protocol.HdfsConstants$RollingUpgradeAction
2024-11-12 13:41:14,321 INFO  EvoClassLoader - Seeing class for first time: org.apache.hadoop.hdfs.server.namenode.AclFeature
2024-11-12 13:41:14,321 INFO  EvoClassLoader - Instrumenting class 'org.apache.hadoop.hdfs.server.namenode.AclFeature'.
2024-11-12 13:41:14,321 INFO  MethodCallReplacementClassAdapter - Adding mock interface to class org/apache/hadoop/hdfs/server/namenode/AclFeature
2024-11-12 13:41:14,321 INFO  CreateClassResetClassAdapter - Found static initializer in class org/apache/hadoop/hdfs/server/namenode/AclFeature
2024-11-12 13:41:14,321 INFO  EvoClassLoader - Keeping class: org.apache.hadoop.hdfs.server.namenode.AclFeature
2024-11-12 13:41:14,321 INFO  EvoClassLoader - Seeing class for first time: org.apache.hadoop.hdfs.protocol.HdfsConstants$SafeModeAction
2024-11-12 13:41:14,321 INFO  EvoClassLoader - Instrumenting class 'org.apache.hadoop.hdfs.protocol.HdfsConstants$SafeModeAction'.
2024-11-12 13:41:14,321 INFO  MethodCallReplacementClassAdapter - Adding mock interface to class org/apache/hadoop/hdfs/protocol/HdfsConstants$SafeModeAction
2024-11-12 13:41:14,321 INFO  CreateClassResetClassAdapter - Found static initializer in class org/apache/hadoop/hdfs/protocol/HdfsConstants$SafeModeAction
2024-11-12 13:41:14,322 INFO  EvoClassLoader - Keeping class: org.apache.hadoop.hdfs.protocol.HdfsConstants$SafeModeAction
2024-11-12 13:41:14,322 INFO  EvoClassLoader - Seeing class for first time: org.apache.hadoop.hdfs.protocol.HdfsConstants
2024-11-12 13:41:14,322 INFO  EvoClassLoader - Instrumenting class 'org.apache.hadoop.hdfs.protocol.HdfsConstants'.
2024-11-12 13:41:14,322 INFO  MethodCallReplacementClassAdapter - Adding mock interface to class org/apache/hadoop/hdfs/protocol/HdfsConstants
2024-11-12 13:41:14,322 INFO  CreateClassResetClassAdapter - Creating brand-new static initializer in class org/apache/hadoop/hdfs/protocol/HdfsConstants
2024-11-12 13:41:14,322 INFO  CreateClassResetClassAdapter - Adding bytecode for initializing field QUOTA_DONT_SET
2024-11-12 13:41:14,322 INFO  CreateClassResetClassAdapter - Adding bytecode for initializing field QUOTA_RESET
2024-11-12 13:41:14,322 INFO  CreateClassResetClassAdapter - Adding bytecode for initializing field BYTES_IN_INTEGER
2024-11-12 13:41:14,322 INFO  CreateClassResetClassAdapter - Adding bytecode for initializing field HDFS_URI_SCHEME
2024-11-12 13:41:14,322 INFO  CreateClassResetClassAdapter - Adding bytecode for initializing field MEMORY_STORAGE_POLICY_ID
2024-11-12 13:41:14,322 INFO  CreateClassResetClassAdapter - Adding bytecode for initializing field MEMORY_STORAGE_POLICY_NAME
2024-11-12 13:41:14,322 INFO  CreateClassResetClassAdapter - Adding bytecode for initializing field ALLSSD_STORAGE_POLICY_ID
2024-11-12 13:41:14,322 INFO  CreateClassResetClassAdapter - Adding bytecode for initializing field ALLSSD_STORAGE_POLICY_NAME
2024-11-12 13:41:14,322 INFO  CreateClassResetClassAdapter - Adding bytecode for initializing field ONESSD_STORAGE_POLICY_ID
2024-11-12 13:41:14,322 INFO  CreateClassResetClassAdapter - Adding bytecode for initializing field ONESSD_STORAGE_POLICY_NAME
2024-11-12 13:41:14,322 INFO  CreateClassResetClassAdapter - Adding bytecode for initializing field HOT_STORAGE_POLICY_ID
2024-11-12 13:41:14,322 INFO  CreateClassResetClassAdapter - Adding bytecode for initializing field HOT_STORAGE_POLICY_NAME
2024-11-12 13:41:14,322 INFO  CreateClassResetClassAdapter - Adding bytecode for initializing field WARM_STORAGE_POLICY_ID
2024-11-12 13:41:14,322 INFO  CreateClassResetClassAdapter - Adding bytecode for initializing field WARM_STORAGE_POLICY_NAME
2024-11-12 13:41:14,322 INFO  CreateClassResetClassAdapter - Adding bytecode for initializing field COLD_STORAGE_POLICY_ID
2024-11-12 13:41:14,322 INFO  CreateClassResetClassAdapter - Adding bytecode for initializing field COLD_STORAGE_POLICY_NAME
2024-11-12 13:41:14,322 INFO  CreateClassResetClassAdapter - Adding bytecode for initializing field PROVIDED_STORAGE_POLICY_ID
2024-11-12 13:41:14,322 INFO  CreateClassResetClassAdapter - Adding bytecode for initializing field PROVIDED_STORAGE_POLICY_NAME
2024-11-12 13:41:14,322 INFO  CreateClassResetClassAdapter - Adding bytecode for initializing field DEFAULT_DATA_SOCKET_SIZE
2024-11-12 13:41:14,322 INFO  CreateClassResetClassAdapter - Adding bytecode for initializing field DOT_SNAPSHOT_DIR
2024-11-12 13:41:14,322 INFO  CreateClassResetClassAdapter - Adding bytecode for initializing field SEPARATOR_DOT_SNAPSHOT_DIR
2024-11-12 13:41:14,322 INFO  CreateClassResetClassAdapter - Adding bytecode for initializing field SEPARATOR_DOT_SNAPSHOT_DIR_SEPARATOR
2024-11-12 13:41:14,322 INFO  CreateClassResetClassAdapter - Adding bytecode for initializing field DOT_RESERVED_STRING
2024-11-12 13:41:14,322 INFO  CreateClassResetClassAdapter - Adding bytecode for initializing field DOT_RESERVED_PATH_PREFIX
2024-11-12 13:41:14,322 INFO  CreateClassResetClassAdapter - Adding bytecode for initializing field DOT_INODES_STRING
2024-11-12 13:41:14,322 INFO  CreateClassResetClassAdapter - Adding bytecode for initializing field GRANDFATHER_GENERATION_STAMP
2024-11-12 13:41:14,322 INFO  CreateClassResetClassAdapter - Adding bytecode for initializing field GRANDFATHER_INODE_ID
2024-11-12 13:41:14,322 INFO  CreateClassResetClassAdapter - Adding bytecode for initializing field BLOCK_STORAGE_POLICY_ID_UNSPECIFIED
2024-11-12 13:41:14,322 INFO  CreateClassResetClassAdapter - Adding bytecode for initializing field HA_DT_SERVICE_PREFIX
2024-11-12 13:41:14,322 INFO  CreateClassResetClassAdapter - Adding bytecode for initializing field SAFEMODE_EXCEPTION_CLASS_NAME
2024-11-12 13:41:14,322 INFO  CreateClassResetClassAdapter - Adding bytecode for initializing field CLIENT_NAMENODE_PROTOCOL_NAME
2024-11-12 13:41:14,322 INFO  CreateClassResetClassAdapter - Adding bytecode for initializing field ROUTER_ADMIN_PROTOCOL_NAME
2024-11-12 13:41:14,322 INFO  CreateClassResetClassAdapter - Adding bytecode for initializing field READ_TIMEOUT
2024-11-12 13:41:14,322 INFO  CreateClassResetClassAdapter - Adding bytecode for initializing field READ_TIMEOUT_EXTENSION
2024-11-12 13:41:14,322 INFO  CreateClassResetClassAdapter - Adding bytecode for initializing field WRITE_TIMEOUT
2024-11-12 13:41:14,322 INFO  CreateClassResetClassAdapter - Adding bytecode for initializing field WRITE_TIMEOUT_EXTENSION
2024-11-12 13:41:14,322 INFO  CreateClassResetClassAdapter - Adding bytecode for initializing field LEASE_SOFTLIMIT_PERIOD
2024-11-12 13:41:14,322 INFO  EvoClassLoader - Keeping class: org.apache.hadoop.hdfs.protocol.HdfsConstants
2024-11-12 13:41:14,322 INFO  EvoClassLoader - Seeing class for first time: org.apache.hadoop.hdfs.server.namenode.QuotaCounts$Builder
2024-11-12 13:41:14,322 INFO  EvoClassLoader - Instrumenting class 'org.apache.hadoop.hdfs.server.namenode.QuotaCounts$Builder'.
2024-11-12 13:41:14,322 INFO  MethodCallReplacementClassAdapter - Adding mock interface to class org/apache/hadoop/hdfs/server/namenode/QuotaCounts$Builder
2024-11-12 13:41:14,323 INFO  CreateClassResetClassAdapter - Creating brand-new static initializer in class org/apache/hadoop/hdfs/server/namenode/QuotaCounts$Builder
2024-11-12 13:41:14,323 INFO  EvoClassLoader - Keeping class: org.apache.hadoop.hdfs.server.namenode.QuotaCounts$Builder
2024-11-12 13:41:14,323 INFO  EvoClassLoader - Seeing class for first time: org.apache.hadoop.fs.QuotaUsage$Builder
2024-11-12 13:41:14,323 INFO  EvoClassLoader - Instrumenting class 'org.apache.hadoop.fs.QuotaUsage$Builder'.
2024-11-12 13:41:14,323 INFO  MethodCallReplacementClassAdapter - Adding mock interface to class org/apache/hadoop/fs/QuotaUsage$Builder
2024-11-12 13:41:14,323 INFO  CreateClassResetClassAdapter - Creating brand-new static initializer in class org/apache/hadoop/fs/QuotaUsage$Builder
2024-11-12 13:41:14,323 INFO  EvoClassLoader - Keeping class: org.apache.hadoop.fs.QuotaUsage$Builder
2024-11-12 13:41:14,323 INFO  EvoClassLoader - Seeing class for first time: org.apache.hadoop.fs.ContentSummary$Builder
2024-11-12 13:41:14,323 INFO  EvoClassLoader - Instrumenting class 'org.apache.hadoop.fs.ContentSummary$Builder'.
2024-11-12 13:41:14,323 INFO  MethodCallReplacementClassAdapter - Adding mock interface to class org/apache/hadoop/fs/ContentSummary$Builder
2024-11-12 13:41:14,323 INFO  CreateClassResetClassAdapter - Creating brand-new static initializer in class org/apache/hadoop/fs/ContentSummary$Builder
2024-11-12 13:41:14,324 INFO  EvoClassLoader - Keeping class: org.apache.hadoop.fs.ContentSummary$Builder
2024-11-12 13:41:14,324 INFO  EvoClassLoader - Seeing class for first time: org.apache.hadoop.hdfs.server.namenode.FSDirectory$DirOp
2024-11-12 13:41:14,324 INFO  EvoClassLoader - Instrumenting class 'org.apache.hadoop.hdfs.server.namenode.FSDirectory$DirOp'.
2024-11-12 13:41:14,325 INFO  MethodCallReplacementClassAdapter - Adding mock interface to class org/apache/hadoop/hdfs/server/namenode/FSDirectory$DirOp
2024-11-12 13:41:14,325 INFO  CreateClassResetClassAdapter - Found static initializer in class org/apache/hadoop/hdfs/server/namenode/FSDirectory$DirOp
2024-11-12 13:41:14,325 INFO  EvoClassLoader - Keeping class: org.apache.hadoop.hdfs.server.namenode.FSDirectory$DirOp
2024-11-12 13:41:14,325 INFO  EvoClassLoader - Seeing class for first time: org.apache.hadoop.hdfs.protocol.HdfsConstants$UpgradeAction
2024-11-12 13:41:14,325 INFO  EvoClassLoader - Instrumenting class 'org.apache.hadoop.hdfs.protocol.HdfsConstants$UpgradeAction'.
2024-11-12 13:41:14,326 INFO  MethodCallReplacementClassAdapter - Adding mock interface to class org/apache/hadoop/hdfs/protocol/HdfsConstants$UpgradeAction
2024-11-12 13:41:14,326 INFO  CreateClassResetClassAdapter - Found static initializer in class org/apache/hadoop/hdfs/protocol/HdfsConstants$UpgradeAction
2024-11-12 13:41:14,326 INFO  EvoClassLoader - Keeping class: org.apache.hadoop.hdfs.protocol.HdfsConstants$UpgradeAction
2024-11-12 13:41:14,326 INFO  EvoClassLoader - Seeing class for first time: org.apache.hadoop.hdfs.server.namenode.CacheManager
2024-11-12 13:41:14,326 INFO  EvoClassLoader - Instrumenting class 'org.apache.hadoop.hdfs.server.namenode.CacheManager'.
2024-11-12 13:41:14,328 INFO  MethodCallReplacementClassAdapter - Adding mock interface to class org/apache/hadoop/hdfs/server/namenode/CacheManager
2024-11-12 13:41:14,331 INFO  CreateClassResetClassAdapter - Found static initializer in class org/apache/hadoop/hdfs/server/namenode/CacheManager
2024-11-12 13:41:14,332 INFO  EvoClassLoader - Keeping class: org.apache.hadoop.hdfs.server.namenode.CacheManager
2024-11-12 13:41:14,332 INFO  EvoClassLoader - Seeing class for first time: org.apache.hadoop.util.IntrusiveCollection$Element
2024-11-12 13:41:14,332 INFO  EvoClassLoader - Instrumenting class 'org.apache.hadoop.util.IntrusiveCollection$Element'.
2024-11-12 13:41:14,333 INFO  EvoClassLoader - Keeping class: org.apache.hadoop.util.IntrusiveCollection$Element
2024-11-12 13:41:14,333 INFO  EvoClassLoader - Seeing class for first time: org.apache.hadoop.thirdparty.com.google.common.collect.Multimap
2024-11-12 13:41:14,333 INFO  EvoClassLoader - Instrumenting class 'org.apache.hadoop.thirdparty.com.google.common.collect.Multimap'.
2024-11-12 13:41:14,334 INFO  EvoClassLoader - Keeping class: org.apache.hadoop.thirdparty.com.google.common.collect.Multimap
2024-11-12 13:41:14,334 INFO  EvoClassLoader - Seeing class for first time: org.apache.hadoop.util.GSet
2024-11-12 13:41:14,334 INFO  EvoClassLoader - Instrumenting class 'org.apache.hadoop.util.GSet'.
2024-11-12 13:41:14,335 INFO  EvoClassLoader - Keeping class: org.apache.hadoop.util.GSet
2024-11-12 13:41:14,336 INFO  EvoClassLoader - Seeing class for first time: org.apache.hadoop.hdfs.server.blockmanagement.CacheReplicationMonitor
2024-11-12 13:41:14,336 INFO  EvoClassLoader - Instrumenting class 'org.apache.hadoop.hdfs.server.blockmanagement.CacheReplicationMonitor'.
2024-11-12 13:41:14,336 INFO  MethodCallReplacementClassAdapter - Adding mock interface to class org/apache/hadoop/hdfs/server/blockmanagement/CacheReplicationMonitor
2024-11-12 13:41:14,340 INFO  CreateClassResetClassAdapter - Found static initializer in class org/apache/hadoop/hdfs/server/blockmanagement/CacheReplicationMonitor
2024-11-12 13:41:14,341 INFO  EvoClassLoader - Keeping class: org.apache.hadoop.hdfs.server.blockmanagement.CacheReplicationMonitor
2024-11-12 13:41:14,342 INFO  EvoClassLoader - Seeing class for first time: org.apache.hadoop.hdfs.server.namenode.LeaseManager$Monitor
2024-11-12 13:41:14,342 INFO  EvoClassLoader - Instrumenting class 'org.apache.hadoop.hdfs.server.namenode.LeaseManager$Monitor'.
2024-11-12 13:41:14,342 INFO  MethodCallReplacementClassAdapter - Adding mock interface to class org/apache/hadoop/hdfs/server/namenode/LeaseManager$Monitor
2024-11-12 13:41:14,343 INFO  CreateClassResetClassAdapter - Creating brand-new static initializer in class org/apache/hadoop/hdfs/server/namenode/LeaseManager$Monitor
2024-11-12 13:41:14,343 INFO  EvoClassLoader - Keeping class: org.apache.hadoop.hdfs.server.namenode.LeaseManager$Monitor
2024-11-12 13:41:14,344 INFO  EvoClassLoader - Seeing class for first time: org.apache.hadoop.crypto.key.KeyProviderCryptoExtension
2024-11-12 13:41:14,344 INFO  EvoClassLoader - Instrumenting class 'org.apache.hadoop.crypto.key.KeyProviderCryptoExtension'.
2024-11-12 13:41:14,344 INFO  MethodCallReplacementClassAdapter - Adding mock interface to class org/apache/hadoop/crypto/key/KeyProviderCryptoExtension
2024-11-12 13:41:14,345 INFO  CreateClassResetClassAdapter - Creating brand-new static initializer in class org/apache/hadoop/crypto/key/KeyProviderCryptoExtension
2024-11-12 13:41:14,345 INFO  CreateClassResetClassAdapter - Adding bytecode for initializing field EEK
2024-11-12 13:41:14,345 INFO  CreateClassResetClassAdapter - Adding bytecode for initializing field EK
2024-11-12 13:41:14,345 INFO  EvoClassLoader - Defined package (3): package org.apache.hadoop.crypto.key, 588888133
2024-11-12 13:41:14,345 INFO  EvoClassLoader - Seeing class for first time: org.apache.hadoop.crypto.key.KeyProviderExtension
2024-11-12 13:41:14,345 INFO  EvoClassLoader - Instrumenting class 'org.apache.hadoop.crypto.key.KeyProviderExtension'.
2024-11-12 13:41:14,346 INFO  MethodCallReplacementClassAdapter - Adding mock interface to class org/apache/hadoop/crypto/key/KeyProviderExtension
2024-11-12 13:41:14,346 INFO  CreateClassResetClassAdapter - Creating brand-new static initializer in class org/apache/hadoop/crypto/key/KeyProviderExtension
2024-11-12 13:41:14,346 INFO  EvoClassLoader - Seeing class for first time: org.apache.hadoop.crypto.key.KeyProvider
2024-11-12 13:41:14,346 INFO  EvoClassLoader - Instrumenting class 'org.apache.hadoop.crypto.key.KeyProvider'.
2024-11-12 13:41:14,346 INFO  MethodCallReplacementClassAdapter - Adding mock interface to class org/apache/hadoop/crypto/key/KeyProvider
2024-11-12 13:41:14,347 INFO  CreateClassResetClassAdapter - Creating brand-new static initializer in class org/apache/hadoop/crypto/key/KeyProvider
2024-11-12 13:41:14,347 INFO  CreateClassResetClassAdapter - Adding bytecode for initializing field DEFAULT_CIPHER_NAME
2024-11-12 13:41:14,347 INFO  CreateClassResetClassAdapter - Adding bytecode for initializing field DEFAULT_CIPHER
2024-11-12 13:41:14,347 INFO  CreateClassResetClassAdapter - Adding bytecode for initializing field DEFAULT_BITLENGTH_NAME
2024-11-12 13:41:14,347 INFO  CreateClassResetClassAdapter - Adding bytecode for initializing field DEFAULT_BITLENGTH
2024-11-12 13:41:14,347 INFO  CreateClassResetClassAdapter - Adding bytecode for initializing field JCEKS_KEY_SERIALFILTER_DEFAULT
2024-11-12 13:41:14,347 INFO  CreateClassResetClassAdapter - Adding bytecode for initializing field JCEKS_KEY_SERIAL_FILTER
2024-11-12 13:41:14,347 INFO  EvoClassLoader - Keeping class: org.apache.hadoop.crypto.key.KeyProvider
2024-11-12 13:41:14,347 INFO  EvoClassLoader - Keeping class: org.apache.hadoop.crypto.key.KeyProviderExtension
2024-11-12 13:41:14,347 INFO  EvoClassLoader - Keeping class: org.apache.hadoop.crypto.key.KeyProviderCryptoExtension
2024-11-12 13:41:14,347 INFO  EvoClassLoader - Seeing class for first time: org.apache.hadoop.crypto.key.KeyProviderExtension$Extension
2024-11-12 13:41:14,347 INFO  EvoClassLoader - Instrumenting class 'org.apache.hadoop.crypto.key.KeyProviderExtension$Extension'.
2024-11-12 13:41:14,348 INFO  EvoClassLoader - Keeping class: org.apache.hadoop.crypto.key.KeyProviderExtension$Extension
2024-11-12 13:41:14,348 INFO  EvoClassLoader - Seeing class for first time: org.apache.hadoop.crypto.key.KeyProviderCryptoExtension$CryptoExtension
2024-11-12 13:41:14,348 INFO  EvoClassLoader - Instrumenting class 'org.apache.hadoop.crypto.key.KeyProviderCryptoExtension$CryptoExtension'.
2024-11-12 13:41:14,348 INFO  EvoClassLoader - Keeping class: org.apache.hadoop.crypto.key.KeyProviderCryptoExtension$CryptoExtension
2024-11-12 13:41:14,348 INFO  EvoClassLoader - Seeing class for first time: org.apache.hadoop.hdfs.protocol.CacheDirectiveEntry
2024-11-12 13:41:14,348 INFO  EvoClassLoader - Instrumenting class 'org.apache.hadoop.hdfs.protocol.CacheDirectiveEntry'.
2024-11-12 13:41:14,348 INFO  MethodCallReplacementClassAdapter - Adding mock interface to class org/apache/hadoop/hdfs/protocol/CacheDirectiveEntry
2024-11-12 13:41:14,349 INFO  CreateClassResetClassAdapter - Creating brand-new static initializer in class org/apache/hadoop/hdfs/protocol/CacheDirectiveEntry
2024-11-12 13:41:14,349 INFO  EvoClassLoader - Keeping class: org.apache.hadoop.hdfs.protocol.CacheDirectiveEntry
2024-11-12 13:41:14,349 INFO  EvoClassLoader - Seeing class for first time: org.apache.hadoop.hdfs.server.namenode.FsImageProto$SecretManagerSection$PersistToken
2024-11-12 13:41:14,349 INFO  EvoClassLoader - Instrumenting class 'org.apache.hadoop.hdfs.server.namenode.FsImageProto$SecretManagerSection$PersistToken'.
2024-11-12 13:41:14,350 INFO  MethodCallReplacementClassAdapter - Adding mock interface to class org/apache/hadoop/hdfs/server/namenode/FsImageProto$SecretManagerSection$PersistToken
2024-11-12 13:41:14,351 INFO  CreateClassResetClassAdapter - Found static initializer in class org/apache/hadoop/hdfs/server/namenode/FsImageProto$SecretManagerSection$PersistToken
2024-11-12 13:41:14,352 INFO  EvoClassLoader - Keeping class: org.apache.hadoop.hdfs.server.namenode.FsImageProto$SecretManagerSection$PersistToken
2024-11-12 13:41:14,353 INFO  EvoClassLoader - Seeing class for first time: org.apache.hadoop.hdfs.server.namenode.FsImageProto$SecretManagerSection$PersistToken$1
2024-11-12 13:41:14,353 INFO  EvoClassLoader - Instrumenting class 'org.apache.hadoop.hdfs.server.namenode.FsImageProto$SecretManagerSection$PersistToken$1'.
2024-11-12 13:41:14,353 INFO  MethodCallReplacementClassAdapter - Adding mock interface to class org/apache/hadoop/hdfs/server/namenode/FsImageProto$SecretManagerSection$PersistToken$1
2024-11-12 13:41:14,353 INFO  EvoClassLoader - Keeping class: org.apache.hadoop.hdfs.server.namenode.FsImageProto$SecretManagerSection$PersistToken$1
2024-11-12 13:41:14,353 INFO  EvoClassLoader - Seeing class for first time: org.apache.hadoop.security.token.Token
2024-11-12 13:41:14,353 INFO  EvoClassLoader - Instrumenting class 'org.apache.hadoop.security.token.Token'.
2024-11-12 13:41:14,354 INFO  MethodCallReplacementClassAdapter - Adding mock interface to class org/apache/hadoop/security/token/Token
2024-11-12 13:41:14,355 INFO  CreateClassResetClassAdapter - Found static initializer in class org/apache/hadoop/security/token/Token
2024-11-12 13:41:14,356 INFO  EvoClassLoader - Keeping class: org.apache.hadoop.security.token.Token
2024-11-12 13:41:14,356 INFO  EvoClassLoader - Seeing class for first time: org.apache.hadoop.security.token.TokenRenewer
2024-11-12 13:41:14,356 INFO  EvoClassLoader - Instrumenting class 'org.apache.hadoop.security.token.TokenRenewer'.
2024-11-12 13:41:14,356 INFO  MethodCallReplacementClassAdapter - Adding mock interface to class org/apache/hadoop/security/token/TokenRenewer
2024-11-12 13:41:14,356 INFO  CreateClassResetClassAdapter - Creating brand-new static initializer in class org/apache/hadoop/security/token/TokenRenewer
2024-11-12 13:41:14,356 INFO  EvoClassLoader - Keeping class: org.apache.hadoop.security.token.TokenRenewer
2024-11-12 13:41:14,356 INFO  EvoClassLoader - Seeing class for first time: org.apache.hadoop.security.token.Token$TrivialRenewer
2024-11-12 13:41:14,356 INFO  EvoClassLoader - Instrumenting class 'org.apache.hadoop.security.token.Token$TrivialRenewer'.
2024-11-12 13:41:14,357 INFO  MethodCallReplacementClassAdapter - Adding mock interface to class org/apache/hadoop/security/token/Token$TrivialRenewer
2024-11-12 13:41:14,357 INFO  CreateClassResetClassAdapter - Creating brand-new static initializer in class org/apache/hadoop/security/token/Token$TrivialRenewer
2024-11-12 13:41:14,357 INFO  EvoClassLoader - Keeping class: org.apache.hadoop.security.token.Token$TrivialRenewer
2024-11-12 13:41:14,357 INFO  EvoClassLoader - Seeing class for first time: org.apache.hadoop.security.token.Token$PrivateToken
2024-11-12 13:41:14,357 INFO  EvoClassLoader - Instrumenting class 'org.apache.hadoop.security.token.Token$PrivateToken'.
2024-11-12 13:41:14,357 INFO  MethodCallReplacementClassAdapter - Adding mock interface to class org/apache/hadoop/security/token/Token$PrivateToken
2024-11-12 13:41:14,357 INFO  CreateClassResetClassAdapter - Found static initializer in class org/apache/hadoop/security/token/Token$PrivateToken
2024-11-12 13:41:14,358 INFO  EvoClassLoader - Keeping class: org.apache.hadoop.security.token.Token$PrivateToken
2024-11-12 13:41:14,358 INFO  EvoClassLoader - Seeing class for first time: org.apache.hadoop.hdfs.server.namenode.DirectoryWithQuotaFeature
2024-11-12 13:41:14,358 INFO  EvoClassLoader - Instrumenting class 'org.apache.hadoop.hdfs.server.namenode.DirectoryWithQuotaFeature'.
2024-11-12 13:41:14,358 INFO  MethodCallReplacementClassAdapter - Adding mock interface to class org/apache/hadoop/hdfs/server/namenode/DirectoryWithQuotaFeature
2024-11-12 13:41:14,359 INFO  CreateClassResetClassAdapter - Creating brand-new static initializer in class org/apache/hadoop/hdfs/server/namenode/DirectoryWithQuotaFeature
2024-11-12 13:41:14,359 INFO  CreateClassResetClassAdapter - Adding bytecode for initializing field DEFAULT_NAMESPACE_QUOTA
2024-11-12 13:41:14,359 INFO  CreateClassResetClassAdapter - Adding bytecode for initializing field DEFAULT_STORAGE_SPACE_QUOTA
2024-11-12 13:41:14,432 INFO  EvoClassLoader - Keeping class: org.apache.hadoop.hdfs.server.namenode.DirectoryWithQuotaFeature
2024-11-12 13:41:14,432 INFO  EvoClassLoader - Seeing class for first time: org.apache.hadoop.hdfs.protocol.NSQuotaExceededException
2024-11-12 13:41:14,432 INFO  EvoClassLoader - Instrumenting class 'org.apache.hadoop.hdfs.protocol.NSQuotaExceededException'.
2024-11-12 13:41:14,433 INFO  MethodCallReplacementClassAdapter - Adding mock interface to class org/apache/hadoop/hdfs/protocol/NSQuotaExceededException
2024-11-12 13:41:14,433 INFO  CreateClassResetClassAdapter - Creating brand-new static initializer in class org/apache/hadoop/hdfs/protocol/NSQuotaExceededException
2024-11-12 13:41:14,433 INFO  EvoClassLoader - Keeping class: org.apache.hadoop.hdfs.protocol.NSQuotaExceededException
2024-11-12 13:41:14,433 INFO  EvoClassLoader - Seeing class for first time: org.apache.hadoop.hdfs.protocol.DSQuotaExceededException
2024-11-12 13:41:14,433 INFO  EvoClassLoader - Instrumenting class 'org.apache.hadoop.hdfs.protocol.DSQuotaExceededException'.
2024-11-12 13:41:14,434 INFO  MethodCallReplacementClassAdapter - Adding mock interface to class org/apache/hadoop/hdfs/protocol/DSQuotaExceededException
2024-11-12 13:41:14,434 INFO  CreateClassResetClassAdapter - Creating brand-new static initializer in class org/apache/hadoop/hdfs/protocol/DSQuotaExceededException
2024-11-12 13:41:14,434 INFO  EvoClassLoader - Keeping class: org.apache.hadoop.hdfs.protocol.DSQuotaExceededException
2024-11-12 13:41:14,434 INFO  EvoClassLoader - Seeing class for first time: org.apache.hadoop.hdfs.protocol.QuotaByStorageTypeExceededException
2024-11-12 13:41:14,434 INFO  EvoClassLoader - Instrumenting class 'org.apache.hadoop.hdfs.protocol.QuotaByStorageTypeExceededException'.
2024-11-12 13:41:14,434 INFO  MethodCallReplacementClassAdapter - Adding mock interface to class org/apache/hadoop/hdfs/protocol/QuotaByStorageTypeExceededException
2024-11-12 13:41:14,434 INFO  CreateClassResetClassAdapter - Creating brand-new static initializer in class org/apache/hadoop/hdfs/protocol/QuotaByStorageTypeExceededException
2024-11-12 13:41:14,434 INFO  EvoClassLoader - Keeping class: org.apache.hadoop.hdfs.protocol.QuotaByStorageTypeExceededException
2024-11-12 13:41:14,435 INFO  EvoClassLoader - Seeing class for first time: org.apache.hadoop.fs.Options$Rename
2024-11-12 13:41:14,435 INFO  EvoClassLoader - Instrumenting class 'org.apache.hadoop.fs.Options$Rename'.
2024-11-12 13:41:14,435 INFO  MethodCallReplacementClassAdapter - Adding mock interface to class org/apache/hadoop/fs/Options$Rename
2024-11-12 13:41:14,435 INFO  CreateClassResetClassAdapter - Found static initializer in class org/apache/hadoop/fs/Options$Rename
2024-11-12 13:41:14,435 INFO  EvoClassLoader - Keeping class: org.apache.hadoop.fs.Options$Rename
2024-11-12 13:41:14,436 INFO  EvoClassLoader - Seeing class for first time: org.apache.hadoop.hdfs.protocol.RollingUpgradeInfo$Bean
2024-11-12 13:41:14,436 INFO  EvoClassLoader - Instrumenting class 'org.apache.hadoop.hdfs.protocol.RollingUpgradeInfo$Bean'.
2024-11-12 13:41:14,436 INFO  MethodCallReplacementClassAdapter - Adding mock interface to class org/apache/hadoop/hdfs/protocol/RollingUpgradeInfo$Bean
2024-11-12 13:41:14,436 INFO  CreateClassResetClassAdapter - Creating brand-new static initializer in class org/apache/hadoop/hdfs/protocol/RollingUpgradeInfo$Bean
2024-11-12 13:41:14,436 INFO  EvoClassLoader - Keeping class: org.apache.hadoop.hdfs.protocol.RollingUpgradeInfo$Bean
2024-11-12 13:41:14,436 INFO  EvoClassLoader - Seeing class for first time: org.apache.hadoop.classification.InterfaceAudience$LimitedPrivate
2024-11-12 13:41:14,436 INFO  EvoClassLoader - Instrumenting class 'org.apache.hadoop.classification.InterfaceAudience$LimitedPrivate'.
2024-11-12 13:41:14,437 INFO  EvoClassLoader - Keeping class: org.apache.hadoop.classification.InterfaceAudience$LimitedPrivate
2024-11-12 13:41:14,437 INFO  EvoClassLoader - Seeing class for first time: org.apache.hadoop.hdfs.util.ReadOnlyList$Util$1
2024-11-12 13:41:14,437 INFO  EvoClassLoader - Instrumenting class 'org.apache.hadoop.hdfs.util.ReadOnlyList$Util$1'.
2024-11-12 13:41:14,437 INFO  MethodCallReplacementClassAdapter - Adding mock interface to class org/apache/hadoop/hdfs/util/ReadOnlyList$Util$1
2024-11-12 13:41:14,437 INFO  EvoClassLoader - Keeping class: org.apache.hadoop.hdfs.util.ReadOnlyList$Util$1
2024-11-12 13:41:14,438 INFO  EvoClassLoader - Seeing class for first time: org.apache.hadoop.fs.Options$ChecksumOpt
2024-11-12 13:41:14,438 INFO  EvoClassLoader - Instrumenting class 'org.apache.hadoop.fs.Options$ChecksumOpt'.
2024-11-12 13:41:14,438 INFO  MethodCallReplacementClassAdapter - Adding mock interface to class org/apache/hadoop/fs/Options$ChecksumOpt
2024-11-12 13:41:14,438 INFO  CreateClassResetClassAdapter - Creating brand-new static initializer in class org/apache/hadoop/fs/Options$ChecksumOpt
2024-11-12 13:41:14,438 INFO  EvoClassLoader - Keeping class: org.apache.hadoop.fs.Options$ChecksumOpt
2024-11-12 13:41:14,438 INFO  EvoClassLoader - Seeing class for first time: org.apache.hadoop.hdfs.server.namenode.INodesInPath
2024-11-12 13:41:14,438 INFO  EvoClassLoader - Instrumenting class 'org.apache.hadoop.hdfs.server.namenode.INodesInPath'.
2024-11-12 13:41:14,439 INFO  MethodCallReplacementClassAdapter - Adding mock interface to class org/apache/hadoop/hdfs/server/namenode/INodesInPath
2024-11-12 13:41:14,442 INFO  CreateClassResetClassAdapter - Found static initializer in class org/apache/hadoop/hdfs/server/namenode/INodesInPath
2024-11-12 13:41:14,442 INFO  EvoClassLoader - Keeping class: org.apache.hadoop.hdfs.server.namenode.INodesInPath
2024-11-12 13:41:14,444 INFO  EvoClassLoader - Seeing class for first time: org.apache.hadoop.hdfs.protocol.ReplicatedBlockStats
2024-11-12 13:41:14,444 INFO  EvoClassLoader - Instrumenting class 'org.apache.hadoop.hdfs.protocol.ReplicatedBlockStats'.
2024-11-12 13:41:14,444 INFO  MethodCallReplacementClassAdapter - Adding mock interface to class org/apache/hadoop/hdfs/protocol/ReplicatedBlockStats
2024-11-12 13:41:14,444 INFO  CreateClassResetClassAdapter - Creating brand-new static initializer in class org/apache/hadoop/hdfs/protocol/ReplicatedBlockStats
2024-11-12 13:41:14,445 INFO  EvoClassLoader - Keeping class: org.apache.hadoop.hdfs.protocol.ReplicatedBlockStats
2024-11-12 13:41:14,445 INFO  EvoClassLoader - Seeing class for first time: org.apache.hadoop.hdfs.server.namenode.INodeMap
2024-11-12 13:41:14,445 INFO  EvoClassLoader - Instrumenting class 'org.apache.hadoop.hdfs.server.namenode.INodeMap'.
2024-11-12 13:41:14,445 INFO  MethodCallReplacementClassAdapter - Adding mock interface to class org/apache/hadoop/hdfs/server/namenode/INodeMap
2024-11-12 13:41:14,445 INFO  CreateClassResetClassAdapter - Creating brand-new static initializer in class org/apache/hadoop/hdfs/server/namenode/INodeMap
2024-11-12 13:41:14,446 INFO  EvoClassLoader - Keeping class: org.apache.hadoop.hdfs.server.namenode.INodeMap
2024-11-12 13:41:14,446 INFO  EvoClassLoader - Seeing class for first time: org.apache.hadoop.hdfs.server.namenode.ContentCounts
2024-11-12 13:41:14,446 INFO  EvoClassLoader - Instrumenting class 'org.apache.hadoop.hdfs.server.namenode.ContentCounts'.
2024-11-12 13:41:14,446 INFO  MethodCallReplacementClassAdapter - Adding mock interface to class org/apache/hadoop/hdfs/server/namenode/ContentCounts
2024-11-12 13:41:14,446 INFO  CreateClassResetClassAdapter - Creating brand-new static initializer in class org/apache/hadoop/hdfs/server/namenode/ContentCounts
2024-11-12 13:41:14,446 INFO  EvoClassLoader - Keeping class: org.apache.hadoop.hdfs.server.namenode.ContentCounts
2024-11-12 13:41:14,447 INFO  EvoClassLoader - Seeing class for first time: org.apache.hadoop.fs.permission.AclEntry
2024-11-12 13:41:14,447 INFO  EvoClassLoader - Instrumenting class 'org.apache.hadoop.fs.permission.AclEntry'.
2024-11-12 13:41:14,447 INFO  MethodCallReplacementClassAdapter - Adding mock interface to class org/apache/hadoop/fs/permission/AclEntry
2024-11-12 13:41:14,447 INFO  CreateClassResetClassAdapter - Creating brand-new static initializer in class org/apache/hadoop/fs/permission/AclEntry
2024-11-12 13:41:14,448 INFO  EvoClassLoader - Keeping class: org.apache.hadoop.fs.permission.AclEntry
2024-11-12 13:41:14,448 INFO  EvoClassLoader - Seeing class for first time: org.apache.hadoop.fs.Options$OpenFileOptions
2024-11-12 13:41:14,448 INFO  EvoClassLoader - Instrumenting class 'org.apache.hadoop.fs.Options$OpenFileOptions'.
2024-11-12 13:41:14,449 INFO  MethodCallReplacementClassAdapter - Adding mock interface to class org/apache/hadoop/fs/Options$OpenFileOptions
2024-11-12 13:41:14,449 INFO  CreateClassResetClassAdapter - Found static initializer in class org/apache/hadoop/fs/Options$OpenFileOptions
2024-11-12 13:41:14,450 INFO  EvoClassLoader - Keeping class: org.apache.hadoop.fs.Options$OpenFileOptions
2024-11-12 13:41:14,455 INFO  EvoClassLoader - Seeing class for first time: org.apache.hadoop.hdfs.server.namenode.SerialNumberManager
2024-11-12 13:41:14,455 INFO  EvoClassLoader - Instrumenting class 'org.apache.hadoop.hdfs.server.namenode.SerialNumberManager'.
2024-11-12 13:41:14,456 INFO  MethodCallReplacementClassAdapter - Adding mock interface to class org/apache/hadoop/hdfs/server/namenode/SerialNumberManager
2024-11-12 13:41:14,456 INFO  CreateClassResetClassAdapter - Found static initializer in class org/apache/hadoop/hdfs/server/namenode/SerialNumberManager
2024-11-12 13:41:14,457 INFO  EvoClassLoader - Keeping class: org.apache.hadoop.hdfs.server.namenode.SerialNumberManager
2024-11-12 13:41:14,457 INFO  FSDirectory - GLOBAL serial map: bits=29 maxEntries=536870911
2024-11-12 13:41:14,457 INFO  FSDirectory - USER serial map: bits=24 maxEntries=16777215
2024-11-12 13:41:14,457 INFO  FSDirectory - GROUP serial map: bits=24 maxEntries=16777215
2024-11-12 13:41:14,457 INFO  FSDirectory - XATTR serial map: bits=24 maxEntries=16777215
2024-11-12 13:41:14,457 INFO  EvoClassLoader - Seeing class for first time: org.apache.hadoop.fs.Options
2024-11-12 13:41:14,457 INFO  EvoClassLoader - Instrumenting class 'org.apache.hadoop.fs.Options'.
2024-11-12 13:41:14,457 INFO  MethodCallReplacementClassAdapter - Adding mock interface to class org/apache/hadoop/fs/Options
2024-11-12 13:41:14,457 INFO  CreateClassResetClassAdapter - Creating brand-new static initializer in class org/apache/hadoop/fs/Options
2024-11-12 13:41:14,458 INFO  EvoClassLoader - Keeping class: org.apache.hadoop.fs.Options
2024-11-12 13:41:14,458 INFO  EvoClassLoader - Seeing class for first time: org.apache.hadoop.security.alias.CredentialProvider
2024-11-12 13:41:14,458 INFO  EvoClassLoader - Instrumenting class 'org.apache.hadoop.security.alias.CredentialProvider'.
2024-11-12 13:41:14,458 INFO  MethodCallReplacementClassAdapter - Adding mock interface to class org/apache/hadoop/security/alias/CredentialProvider
2024-11-12 13:41:14,458 INFO  CreateClassResetClassAdapter - Creating brand-new static initializer in class org/apache/hadoop/security/alias/CredentialProvider
2024-11-12 13:41:14,458 INFO  CreateClassResetClassAdapter - Adding bytecode for initializing field CLEAR_TEXT_FALLBACK
2024-11-12 13:41:14,458 INFO  EvoClassLoader - Keeping class: org.apache.hadoop.security.alias.CredentialProvider
2024-11-12 13:41:14,458 INFO  EvoClassLoader - Seeing class for first time: org.apache.hadoop.hdfs.protocol.SnapshotDiffReport
2024-11-12 13:41:14,458 INFO  EvoClassLoader - Instrumenting class 'org.apache.hadoop.hdfs.protocol.SnapshotDiffReport'.
2024-11-12 13:41:14,458 INFO  MethodCallReplacementClassAdapter - Adding mock interface to class org/apache/hadoop/hdfs/protocol/SnapshotDiffReport
2024-11-12 13:41:14,458 INFO  CreateClassResetClassAdapter - Found static initializer in class org/apache/hadoop/hdfs/protocol/SnapshotDiffReport
2024-11-12 13:41:14,459 INFO  EvoClassLoader - Keeping class: org.apache.hadoop.hdfs.protocol.SnapshotDiffReport
2024-11-12 13:41:14,459 INFO  EvoClassLoader - Seeing class for first time: org.apache.hadoop.classification.InterfaceStability$Unstable
2024-11-12 13:41:14,459 INFO  EvoClassLoader - Instrumenting class 'org.apache.hadoop.classification.InterfaceStability$Unstable'.
2024-11-12 13:41:14,459 INFO  EvoClassLoader - Keeping class: org.apache.hadoop.classification.InterfaceStability$Unstable
2024-11-12 13:41:14,459 INFO  EvoClassLoader - Seeing class for first time: org.apache.hadoop.hdfs.server.namenode.INode$QuotaDelta
2024-11-12 13:41:14,459 INFO  EvoClassLoader - Instrumenting class 'org.apache.hadoop.hdfs.server.namenode.INode$QuotaDelta'.
2024-11-12 13:41:14,459 INFO  MethodCallReplacementClassAdapter - Adding mock interface to class org/apache/hadoop/hdfs/server/namenode/INode$QuotaDelta
2024-11-12 13:41:14,459 INFO  CreateClassResetClassAdapter - Creating brand-new static initializer in class org/apache/hadoop/hdfs/server/namenode/INode$QuotaDelta
2024-11-12 13:41:14,459 INFO  EvoClassLoader - Keeping class: org.apache.hadoop.hdfs.server.namenode.INode$QuotaDelta
2024-11-12 13:41:14,460 INFO  EvoClassLoader - Seeing class for first time: org.apache.hadoop.hdfs.protocol.SnapshottableDirectoryStatus
2024-11-12 13:41:14,460 INFO  EvoClassLoader - Instrumenting class 'org.apache.hadoop.hdfs.protocol.SnapshottableDirectoryStatus'.
2024-11-12 13:41:14,460 INFO  MethodCallReplacementClassAdapter - Adding mock interface to class org/apache/hadoop/hdfs/protocol/SnapshottableDirectoryStatus
2024-11-12 13:41:14,461 INFO  CreateClassResetClassAdapter - Found static initializer in class org/apache/hadoop/hdfs/protocol/SnapshottableDirectoryStatus
2024-11-12 13:41:14,461 INFO  EvoClassLoader - Keeping class: org.apache.hadoop.hdfs.protocol.SnapshottableDirectoryStatus
2024-11-12 13:41:14,461 INFO  EvoClassLoader - Seeing class for first time: org.apache.hadoop.hdfs.protocol.SnapshottableDirectoryStatus$1
2024-11-12 13:41:14,461 INFO  EvoClassLoader - Instrumenting class 'org.apache.hadoop.hdfs.protocol.SnapshottableDirectoryStatus$1'.
2024-11-12 13:41:14,461 INFO  MethodCallReplacementClassAdapter - Adding mock interface to class org/apache/hadoop/hdfs/protocol/SnapshottableDirectoryStatus$1
2024-11-12 13:41:14,461 INFO  EvoClassLoader - Keeping class: org.apache.hadoop.hdfs.protocol.SnapshottableDirectoryStatus$1
2024-11-12 13:41:14,461 INFO  EvoClassLoader - Seeing class for first time: org.apache.hadoop.thirdparty.com.google.common.primitives.SignedBytes
2024-11-12 13:41:14,461 INFO  EvoClassLoader - Instrumenting class 'org.apache.hadoop.thirdparty.com.google.common.primitives.SignedBytes'.
2024-11-12 13:41:14,462 INFO  MethodCallReplacementClassAdapter - Adding mock interface to class org/apache/hadoop/thirdparty/com/google/common/primitives/SignedBytes
2024-11-12 13:41:14,462 INFO  CreateClassResetClassAdapter - Creating brand-new static initializer in class org/apache/hadoop/thirdparty/com/google/common/primitives/SignedBytes
2024-11-12 13:41:14,462 INFO  CreateClassResetClassAdapter - Adding bytecode for initializing field MAX_POWER_OF_TWO
2024-11-12 13:41:14,462 INFO  EvoClassLoader - Keeping class: org.apache.hadoop.thirdparty.com.google.common.primitives.SignedBytes
2024-11-12 13:41:14,462 INFO  EvoClassLoader - Seeing class for first time: org.apache.hadoop.hdfs.server.namenode.INodeAttributeProvider$AuthorizationContext
2024-11-12 13:41:14,462 INFO  EvoClassLoader - Instrumenting class 'org.apache.hadoop.hdfs.server.namenode.INodeAttributeProvider$AuthorizationContext'.
2024-11-12 13:41:14,462 INFO  MethodCallReplacementClassAdapter - Adding mock interface to class org/apache/hadoop/hdfs/server/namenode/INodeAttributeProvider$AuthorizationContext
2024-11-12 13:41:14,462 INFO  CreateClassResetClassAdapter - Found static initializer in class org/apache/hadoop/hdfs/server/namenode/INodeAttributeProvider$AuthorizationContext
2024-11-12 13:41:14,462 INFO  EvoClassLoader - Keeping class: org.apache.hadoop.hdfs.server.namenode.INodeAttributeProvider$AuthorizationContext
2024-11-12 13:41:14,462 INFO  EvoClassLoader - Seeing class for first time: org.apache.hadoop.hdfs.server.namenode.snapshot.Snapshot
2024-11-12 13:41:14,462 INFO  EvoClassLoader - Instrumenting class 'org.apache.hadoop.hdfs.server.namenode.snapshot.Snapshot'.
2024-11-12 13:41:14,463 INFO  MethodCallReplacementClassAdapter - Adding mock interface to class org/apache/hadoop/hdfs/server/namenode/snapshot/Snapshot
2024-11-12 13:41:14,464 INFO  CreateClassResetClassAdapter - Found static initializer in class org/apache/hadoop/hdfs/server/namenode/snapshot/Snapshot
2024-11-12 13:41:14,464 INFO  EvoClassLoader - Keeping class: org.apache.hadoop.hdfs.server.namenode.snapshot.Snapshot
2024-11-12 13:41:14,464 INFO  EvoClassLoader - Seeing class for first time: org.apache.hadoop.hdfs.protocol.ErasureCodingPolicyInfo
2024-11-12 13:41:14,464 INFO  EvoClassLoader - Instrumenting class 'org.apache.hadoop.hdfs.protocol.ErasureCodingPolicyInfo'.
2024-11-12 13:41:14,464 INFO  MethodCallReplacementClassAdapter - Adding mock interface to class org/apache/hadoop/hdfs/protocol/ErasureCodingPolicyInfo
2024-11-12 13:41:14,464 INFO  CreateClassResetClassAdapter - Creating brand-new static initializer in class org/apache/hadoop/hdfs/protocol/ErasureCodingPolicyInfo
2024-11-12 13:41:14,464 INFO  EvoClassLoader - Keeping class: org.apache.hadoop.hdfs.protocol.ErasureCodingPolicyInfo
2024-11-12 13:41:14,465 INFO  EvoClassLoader - Seeing class for first time: org.apache.hadoop.hdfs.server.blockmanagement.BlockStoragePolicySuite
2024-11-12 13:41:14,465 INFO  EvoClassLoader - Instrumenting class 'org.apache.hadoop.hdfs.server.blockmanagement.BlockStoragePolicySuite'.
2024-11-12 13:41:14,465 INFO  MethodCallReplacementClassAdapter - Adding mock interface to class org/apache/hadoop/hdfs/server/blockmanagement/BlockStoragePolicySuite
2024-11-12 13:41:14,465 INFO  CreateClassResetClassAdapter - Found static initializer in class org/apache/hadoop/hdfs/server/blockmanagement/BlockStoragePolicySuite
2024-11-12 13:41:14,465 INFO  EvoClassLoader - Keeping class: org.apache.hadoop.hdfs.server.blockmanagement.BlockStoragePolicySuite
2024-11-12 13:41:14,465 INFO  EvoClassLoader - Seeing class for first time: org.apache.hadoop.hdfs.server.namenode.NameNode$OperationCategory
2024-11-12 13:41:14,465 INFO  EvoClassLoader - Instrumenting class 'org.apache.hadoop.hdfs.server.namenode.NameNode$OperationCategory'.
2024-11-12 13:41:14,466 INFO  MethodCallReplacementClassAdapter - Adding mock interface to class org/apache/hadoop/hdfs/server/namenode/NameNode$OperationCategory
2024-11-12 13:41:14,466 INFO  CreateClassResetClassAdapter - Found static initializer in class org/apache/hadoop/hdfs/server/namenode/NameNode$OperationCategory
2024-11-12 13:41:14,466 INFO  EvoClassLoader - Keeping class: org.apache.hadoop.hdfs.server.namenode.NameNode$OperationCategory
2024-11-12 13:41:14,466 INFO  EvoClassLoader - Seeing class for first time: org.apache.hadoop.hdfs.server.namenode.FSNamesystem$CorruptFileBlockInfo
2024-11-12 13:41:14,466 INFO  EvoClassLoader - Instrumenting class 'org.apache.hadoop.hdfs.server.namenode.FSNamesystem$CorruptFileBlockInfo'.
2024-11-12 13:41:14,466 INFO  MethodCallReplacementClassAdapter - Adding mock interface to class org/apache/hadoop/hdfs/server/namenode/FSNamesystem$CorruptFileBlockInfo
2024-11-12 13:41:14,466 INFO  CreateClassResetClassAdapter - Creating brand-new static initializer in class org/apache/hadoop/hdfs/server/namenode/FSNamesystem$CorruptFileBlockInfo
2024-11-12 13:41:14,466 INFO  EvoClassLoader - Keeping class: org.apache.hadoop.hdfs.server.namenode.FSNamesystem$CorruptFileBlockInfo
2024-11-12 13:41:14,466 INFO  EvoClassLoader - Seeing class for first time: org.apache.hadoop.hdfs.server.namenode.INode$BlocksMapUpdateInfo
2024-11-12 13:41:14,466 INFO  EvoClassLoader - Instrumenting class 'org.apache.hadoop.hdfs.server.namenode.INode$BlocksMapUpdateInfo'.
2024-11-12 13:41:14,466 INFO  MethodCallReplacementClassAdapter - Adding mock interface to class org/apache/hadoop/hdfs/server/namenode/INode$BlocksMapUpdateInfo
2024-11-12 13:41:14,466 INFO  CreateClassResetClassAdapter - Found static initializer in class org/apache/hadoop/hdfs/server/namenode/INode$BlocksMapUpdateInfo
2024-11-12 13:41:14,467 INFO  EvoClassLoader - Keeping class: org.apache.hadoop.hdfs.server.namenode.INode$BlocksMapUpdateInfo
2024-11-12 13:41:14,467 INFO  EvoClassLoader - Seeing class for first time: org.apache.hadoop.fs.RawLocalFileSystem
2024-11-12 13:41:14,467 INFO  EvoClassLoader - Instrumenting class 'org.apache.hadoop.fs.RawLocalFileSystem'.
2024-11-12 13:41:14,467 INFO  MethodCallReplacementClassAdapter - Adding mock interface to class org/apache/hadoop/fs/RawLocalFileSystem
2024-11-12 13:41:14,469 INFO  CreateClassResetClassAdapter - Found static initializer in class org/apache/hadoop/fs/RawLocalFileSystem
2024-11-12 13:41:14,469 INFO  EvoClassLoader - Keeping class: org.apache.hadoop.fs.RawLocalFileSystem
2024-11-12 13:41:14,470 INFO  EvoClassLoader - Seeing class for first time: org.apache.hadoop.ipc.RetryCache
2024-11-12 13:41:14,470 INFO  EvoClassLoader - Instrumenting class 'org.apache.hadoop.ipc.RetryCache'.
2024-11-12 13:41:14,470 INFO  MethodCallReplacementClassAdapter - Adding mock interface to class org/apache/hadoop/ipc/RetryCache
2024-11-12 13:41:14,470 INFO  CreateClassResetClassAdapter - Found static initializer in class org/apache/hadoop/ipc/RetryCache
2024-11-12 13:41:14,470 INFO  EvoClassLoader - Keeping class: org.apache.hadoop.ipc.RetryCache
2024-11-12 13:41:14,470 INFO  EvoClassLoader - Seeing class for first time: org.apache.hadoop.util.LightWeightGSet
2024-11-12 13:41:14,470 INFO  EvoClassLoader - Instrumenting class 'org.apache.hadoop.util.LightWeightGSet'.
2024-11-12 13:41:14,471 INFO  MethodCallReplacementClassAdapter - Adding mock interface to class org/apache/hadoop/util/LightWeightGSet
2024-11-12 13:41:14,471 INFO  CreateClassResetClassAdapter - Creating brand-new static initializer in class org/apache/hadoop/util/LightWeightGSet
2024-11-12 13:41:14,471 INFO  CreateClassResetClassAdapter - Adding bytecode for initializing field MAX_ARRAY_LENGTH
2024-11-12 13:41:14,471 INFO  CreateClassResetClassAdapter - Adding bytecode for initializing field MIN_ARRAY_LENGTH
2024-11-12 13:41:14,471 INFO  EvoClassLoader - Keeping class: org.apache.hadoop.util.LightWeightGSet
2024-11-12 13:41:14,471 INFO  EvoClassLoader - Seeing class for first time: org.apache.hadoop.util.LightWeightCache
2024-11-12 13:41:14,471 INFO  EvoClassLoader - Instrumenting class 'org.apache.hadoop.util.LightWeightCache'.
2024-11-12 13:41:14,471 INFO  MethodCallReplacementClassAdapter - Adding mock interface to class org/apache/hadoop/util/LightWeightCache
2024-11-12 13:41:14,472 INFO  CreateClassResetClassAdapter - Found static initializer in class org/apache/hadoop/util/LightWeightCache
2024-11-12 13:41:14,472 INFO  EvoClassLoader - Keeping class: org.apache.hadoop.util.LightWeightCache
2024-11-12 13:41:14,472 INFO  EvoClassLoader - Seeing class for first time: org.apache.hadoop.ipc.RetryCache$CacheEntry
2024-11-12 13:41:14,472 INFO  EvoClassLoader - Instrumenting class 'org.apache.hadoop.ipc.RetryCache$CacheEntry'.
2024-11-12 13:41:14,472 INFO  MethodCallReplacementClassAdapter - Adding mock interface to class org/apache/hadoop/ipc/RetryCache$CacheEntry
2024-11-12 13:41:14,472 INFO  CreateClassResetClassAdapter - Found static initializer in class org/apache/hadoop/ipc/RetryCache$CacheEntry
2024-11-12 13:41:14,473 INFO  EvoClassLoader - Seeing class for first time: org.apache.hadoop.util.LightWeightCache$Entry
2024-11-12 13:41:14,473 INFO  EvoClassLoader - Instrumenting class 'org.apache.hadoop.util.LightWeightCache$Entry'.
2024-11-12 13:41:14,473 INFO  EvoClassLoader - Keeping class: org.apache.hadoop.util.LightWeightCache$Entry
2024-11-12 13:41:14,473 INFO  EvoClassLoader - Keeping class: org.apache.hadoop.ipc.RetryCache$CacheEntry
2024-11-12 13:41:14,473 INFO  EvoClassLoader - Seeing class for first time: org.apache.hadoop.ipc.RetryCache$CacheEntryWithPayload
2024-11-12 13:41:14,473 INFO  EvoClassLoader - Instrumenting class 'org.apache.hadoop.ipc.RetryCache$CacheEntryWithPayload'.
2024-11-12 13:41:14,473 INFO  MethodCallReplacementClassAdapter - Adding mock interface to class org/apache/hadoop/ipc/RetryCache$CacheEntryWithPayload
2024-11-12 13:41:14,473 INFO  CreateClassResetClassAdapter - Creating brand-new static initializer in class org/apache/hadoop/ipc/RetryCache$CacheEntryWithPayload
2024-11-12 13:41:14,473 INFO  EvoClassLoader - Keeping class: org.apache.hadoop.ipc.RetryCache$CacheEntryWithPayload
2024-11-12 13:41:14,473 INFO  EvoClassLoader - Seeing class for first time: org.apache.hadoop.fs.FSDataOutputStream
2024-11-12 13:41:14,473 INFO  EvoClassLoader - Instrumenting class 'org.apache.hadoop.fs.FSDataOutputStream'.
2024-11-12 13:41:14,473 INFO  MethodCallReplacementClassAdapter - Adding mock interface to class org/apache/hadoop/fs/FSDataOutputStream
2024-11-12 13:41:14,473 INFO  CreateClassResetClassAdapter - Creating brand-new static initializer in class org/apache/hadoop/fs/FSDataOutputStream
2024-11-12 13:41:14,474 INFO  EvoClassLoader - Seeing class for first time: org.apache.hadoop.fs.Syncable
2024-11-12 13:41:14,474 INFO  EvoClassLoader - Instrumenting class 'org.apache.hadoop.fs.Syncable'.
2024-11-12 13:41:14,474 INFO  EvoClassLoader - Keeping class: org.apache.hadoop.fs.Syncable
2024-11-12 13:41:14,474 INFO  EvoClassLoader - Seeing class for first time: org.apache.hadoop.fs.Abortable
2024-11-12 13:41:14,474 INFO  EvoClassLoader - Instrumenting class 'org.apache.hadoop.fs.Abortable'.
2024-11-12 13:41:14,474 INFO  EvoClassLoader - Keeping class: org.apache.hadoop.fs.Abortable
2024-11-12 13:41:14,474 INFO  EvoClassLoader - Keeping class: org.apache.hadoop.fs.FSDataOutputStream
2024-11-12 13:41:14,474 INFO  EvoClassLoader - Seeing class for first time: org.apache.hadoop.util.Progressable
2024-11-12 13:41:14,474 INFO  EvoClassLoader - Instrumenting class 'org.apache.hadoop.util.Progressable'.
2024-11-12 13:41:14,474 INFO  EvoClassLoader - Keeping class: org.apache.hadoop.util.Progressable
2024-11-12 13:41:14,474 INFO  EvoClassLoader - Seeing class for first time: org.apache.hadoop.fs.FileSystem$Cache$Key
2024-11-12 13:41:14,474 INFO  EvoClassLoader - Instrumenting class 'org.apache.hadoop.fs.FileSystem$Cache$Key'.
2024-11-12 13:41:14,474 INFO  MethodCallReplacementClassAdapter - Adding mock interface to class org/apache/hadoop/fs/FileSystem$Cache$Key
2024-11-12 13:41:14,474 INFO  CreateClassResetClassAdapter - Creating brand-new static initializer in class org/apache/hadoop/fs/FileSystem$Cache$Key
2024-11-12 13:41:14,474 INFO  EvoClassLoader - Keeping class: org.apache.hadoop.fs.FileSystem$Cache$Key
2024-11-12 13:41:14,474 INFO  EvoClassLoader - Seeing class for first time: org.apache.hadoop.fs.PathHandle
2024-11-12 13:41:14,474 INFO  EvoClassLoader - Instrumenting class 'org.apache.hadoop.fs.PathHandle'.
2024-11-12 13:41:14,474 INFO  EvoClassLoader - Keeping class: org.apache.hadoop.fs.PathHandle
2024-11-12 13:41:14,474 INFO  EvoClassLoader - Seeing class for first time: org.apache.hadoop.fs.BlockLocation
2024-11-12 13:41:14,474 INFO  EvoClassLoader - Instrumenting class 'org.apache.hadoop.fs.BlockLocation'.
2024-11-12 13:41:14,475 INFO  MethodCallReplacementClassAdapter - Adding mock interface to class org/apache/hadoop/fs/BlockLocation
2024-11-12 13:41:14,475 INFO  CreateClassResetClassAdapter - Found static initializer in class org/apache/hadoop/fs/BlockLocation
2024-11-12 13:41:14,475 INFO  EvoClassLoader - Keeping class: org.apache.hadoop.fs.BlockLocation
2024-11-12 13:41:14,475 INFO  EvoClassLoader - Seeing class for first time: org.apache.hadoop.fs.FileSystem$Statistics
2024-11-12 13:41:14,475 INFO  EvoClassLoader - Instrumenting class 'org.apache.hadoop.fs.FileSystem$Statistics'.
2024-11-12 13:41:14,475 INFO  MethodCallReplacementClassAdapter - Adding mock interface to class org/apache/hadoop/fs/FileSystem$Statistics
2024-11-12 13:41:14,476 INFO  CreateClassResetClassAdapter - Found static initializer in class org/apache/hadoop/fs/FileSystem$Statistics
2024-11-12 13:41:14,476 INFO  EvoClassLoader - Keeping class: org.apache.hadoop.fs.FileSystem$Statistics
2024-11-12 13:41:14,476 INFO  EvoClassLoader - Seeing class for first time: org.apache.hadoop.fs.FileSystem$DirectoryEntries
2024-11-12 13:41:14,476 INFO  EvoClassLoader - Instrumenting class 'org.apache.hadoop.fs.FileSystem$DirectoryEntries'.
2024-11-12 13:41:14,477 INFO  MethodCallReplacementClassAdapter - Adding mock interface to class org/apache/hadoop/fs/FileSystem$DirectoryEntries
2024-11-12 13:41:14,477 INFO  CreateClassResetClassAdapter - Creating brand-new static initializer in class org/apache/hadoop/fs/FileSystem$DirectoryEntries
2024-11-12 13:41:14,477 INFO  EvoClassLoader - Keeping class: org.apache.hadoop.fs.FileSystem$DirectoryEntries
2024-11-12 13:41:14,477 INFO  EvoClassLoader - Seeing class for first time: org.apache.hadoop.fs.FileChecksum
2024-11-12 13:41:14,477 INFO  EvoClassLoader - Instrumenting class 'org.apache.hadoop.fs.FileChecksum'.
2024-11-12 13:41:14,477 INFO  MethodCallReplacementClassAdapter - Adding mock interface to class org/apache/hadoop/fs/FileChecksum
2024-11-12 13:41:14,477 INFO  CreateClassResetClassAdapter - Creating brand-new static initializer in class org/apache/hadoop/fs/FileChecksum
2024-11-12 13:41:14,477 INFO  EvoClassLoader - Keeping class: org.apache.hadoop.fs.FileChecksum
2024-11-12 13:41:14,477 INFO  EvoClassLoader - Seeing class for first time: org.apache.hadoop.fs.FsStatus
2024-11-12 13:41:14,477 INFO  EvoClassLoader - Instrumenting class 'org.apache.hadoop.fs.FsStatus'.
2024-11-12 13:41:14,477 INFO  MethodCallReplacementClassAdapter - Adding mock interface to class org/apache/hadoop/fs/FsStatus
2024-11-12 13:41:14,477 INFO  CreateClassResetClassAdapter - Creating brand-new static initializer in class org/apache/hadoop/fs/FsStatus
2024-11-12 13:41:14,477 INFO  EvoClassLoader - Keeping class: org.apache.hadoop.fs.FsStatus
2024-11-12 13:41:14,477 INFO  EvoClassLoader - Seeing class for first time: org.apache.hadoop.fs.GlobalStorageStatistics
2024-11-12 13:41:14,477 INFO  EvoClassLoader - Instrumenting class 'org.apache.hadoop.fs.GlobalStorageStatistics'.
2024-11-12 13:41:14,477 INFO  MethodCallReplacementClassAdapter - Adding mock interface to class org/apache/hadoop/fs/GlobalStorageStatistics
2024-11-12 13:41:14,478 INFO  CreateClassResetClassAdapter - Found static initializer in class org/apache/hadoop/fs/GlobalStorageStatistics
2024-11-12 13:41:14,478 INFO  EvoClassLoader - Keeping class: org.apache.hadoop.fs.GlobalStorageStatistics
2024-11-12 13:41:14,478 INFO  EvoClassLoader - Seeing class for first time: org.apache.hadoop.fs.impl.OpenFileParameters
2024-11-12 13:41:14,478 INFO  EvoClassLoader - Instrumenting class 'org.apache.hadoop.fs.impl.OpenFileParameters'.
2024-11-12 13:41:14,478 INFO  MethodCallReplacementClassAdapter - Adding mock interface to class org/apache/hadoop/fs/impl/OpenFileParameters
2024-11-12 13:41:14,478 INFO  CreateClassResetClassAdapter - Creating brand-new static initializer in class org/apache/hadoop/fs/impl/OpenFileParameters
2024-11-12 13:41:14,478 INFO  EvoClassLoader - Keeping class: org.apache.hadoop.fs.impl.OpenFileParameters
2024-11-12 13:41:14,478 INFO  EvoClassLoader - Seeing class for first time: org.apache.hadoop.fs.MultipartUploaderBuilder
2024-11-12 13:41:14,478 INFO  EvoClassLoader - Instrumenting class 'org.apache.hadoop.fs.MultipartUploaderBuilder'.
2024-11-12 13:41:14,478 INFO  EvoClassLoader - Keeping class: org.apache.hadoop.fs.MultipartUploaderBuilder
2024-11-12 13:41:14,478 INFO  EvoClassLoader - Seeing class for first time: org.apache.hadoop.io.MD5Hash
2024-11-12 13:41:14,478 INFO  EvoClassLoader - Instrumenting class 'org.apache.hadoop.io.MD5Hash'.
2024-11-12 13:41:14,479 INFO  MethodCallReplacementClassAdapter - Adding mock interface to class org/apache/hadoop/io/MD5Hash
2024-11-12 13:41:14,479 INFO  CreateClassResetClassAdapter - Found static initializer in class org/apache/hadoop/io/MD5Hash
2024-11-12 13:41:14,480 INFO  EvoClassLoader - Keeping class: org.apache.hadoop.io.MD5Hash
2024-11-12 13:41:14,480 INFO  EvoClassLoader - Seeing class for first time: org.apache.hadoop.fs.Options$HandleOpt$Data
2024-11-12 13:41:14,480 INFO  EvoClassLoader - Instrumenting class 'org.apache.hadoop.fs.Options$HandleOpt$Data'.
2024-11-12 13:41:14,480 INFO  MethodCallReplacementClassAdapter - Adding mock interface to class org/apache/hadoop/fs/Options$HandleOpt$Data
2024-11-12 13:41:14,480 INFO  CreateClassResetClassAdapter - Creating brand-new static initializer in class org/apache/hadoop/fs/Options$HandleOpt$Data
2024-11-12 13:41:14,480 INFO  EvoClassLoader - Keeping class: org.apache.hadoop.fs.Options$HandleOpt$Data
2024-11-12 13:41:14,480 INFO  EvoClassLoader - Seeing class for first time: org.apache.hadoop.fs.Options$HandleOpt$Location
2024-11-12 13:41:14,480 INFO  EvoClassLoader - Instrumenting class 'org.apache.hadoop.fs.Options$HandleOpt$Location'.
2024-11-12 13:41:14,480 INFO  MethodCallReplacementClassAdapter - Adding mock interface to class org/apache/hadoop/fs/Options$HandleOpt$Location
2024-11-12 13:41:14,480 INFO  CreateClassResetClassAdapter - Creating brand-new static initializer in class org/apache/hadoop/fs/Options$HandleOpt$Location
2024-11-12 13:41:14,480 INFO  EvoClassLoader - Keeping class: org.apache.hadoop.fs.Options$HandleOpt$Location
2024-11-12 13:41:14,481 INFO  EvoClassLoader - Seeing class for first time: org.apache.hadoop.thirdparty.protobuf.CodedOutputStream
2024-11-12 13:41:14,481 INFO  EvoClassLoader - Instrumenting class 'org.apache.hadoop.thirdparty.protobuf.CodedOutputStream'.
2024-11-12 13:41:14,481 INFO  MethodCallReplacementClassAdapter - Adding mock interface to class org/apache/hadoop/thirdparty/protobuf/CodedOutputStream
2024-11-12 13:41:14,482 INFO  CreateClassResetClassAdapter - Found static initializer in class org/apache/hadoop/thirdparty/protobuf/CodedOutputStream
2024-11-12 13:41:14,483 INFO  EvoClassLoader - Seeing class for first time: org.apache.hadoop.thirdparty.protobuf.ByteOutput
2024-11-12 13:41:14,483 INFO  EvoClassLoader - Instrumenting class 'org.apache.hadoop.thirdparty.protobuf.ByteOutput'.
2024-11-12 13:41:14,483 INFO  MethodCallReplacementClassAdapter - Adding mock interface to class org/apache/hadoop/thirdparty/protobuf/ByteOutput
2024-11-12 13:41:14,483 INFO  CreateClassResetClassAdapter - Creating brand-new static initializer in class org/apache/hadoop/thirdparty/protobuf/ByteOutput
2024-11-12 13:41:14,483 INFO  EvoClassLoader - Keeping class: org.apache.hadoop.thirdparty.protobuf.ByteOutput
2024-11-12 13:41:14,483 INFO  EvoClassLoader - Keeping class: org.apache.hadoop.thirdparty.protobuf.CodedOutputStream
2024-11-12 13:41:14,484 INFO  EvoClassLoader - Seeing class for first time: org.apache.hadoop.hdfs.server.namenode.FsImageProto$ErasureCodingSection$Builder
2024-11-12 13:41:14,484 INFO  EvoClassLoader - Instrumenting class 'org.apache.hadoop.hdfs.server.namenode.FsImageProto$ErasureCodingSection$Builder'.
2024-11-12 13:41:14,484 INFO  MethodCallReplacementClassAdapter - Adding mock interface to class org/apache/hadoop/hdfs/server/namenode/FsImageProto$ErasureCodingSection$Builder
2024-11-12 13:41:14,485 INFO  CreateClassResetClassAdapter - Creating brand-new static initializer in class org/apache/hadoop/hdfs/server/namenode/FsImageProto$ErasureCodingSection$Builder
2024-11-12 13:41:14,485 INFO  EvoClassLoader - Keeping class: org.apache.hadoop.hdfs.server.namenode.FsImageProto$ErasureCodingSection$Builder
2024-11-12 13:41:14,486 INFO  EvoClassLoader - Seeing class for first time: org.apache.hadoop.hdfs.protocol.proto.HdfsProtos$ErasureCodingPolicyProto
2024-11-12 13:41:14,486 INFO  EvoClassLoader - Instrumenting class 'org.apache.hadoop.hdfs.protocol.proto.HdfsProtos$ErasureCodingPolicyProto'.
2024-11-12 13:41:14,486 INFO  MethodCallReplacementClassAdapter - Adding mock interface to class org/apache/hadoop/hdfs/protocol/proto/HdfsProtos$ErasureCodingPolicyProto
2024-11-12 13:41:14,487 INFO  CreateClassResetClassAdapter - Found static initializer in class org/apache/hadoop/hdfs/protocol/proto/HdfsProtos$ErasureCodingPolicyProto
2024-11-12 13:41:14,488 INFO  EvoClassLoader - Seeing class for first time: org.apache.hadoop.hdfs.protocol.proto.HdfsProtos$ErasureCodingPolicyProtoOrBuilder
2024-11-12 13:41:14,488 INFO  EvoClassLoader - Instrumenting class 'org.apache.hadoop.hdfs.protocol.proto.HdfsProtos$ErasureCodingPolicyProtoOrBuilder'.
2024-11-12 13:41:14,488 INFO  EvoClassLoader - Keeping class: org.apache.hadoop.hdfs.protocol.proto.HdfsProtos$ErasureCodingPolicyProtoOrBuilder
2024-11-12 13:41:14,488 INFO  EvoClassLoader - Keeping class: org.apache.hadoop.hdfs.protocol.proto.HdfsProtos$ErasureCodingPolicyProto
2024-11-12 13:41:14,488 INFO  EvoClassLoader - Seeing class for first time: org.apache.hadoop.hdfs.server.blockmanagement.DatanodeStorageInfo
2024-11-12 13:41:14,488 INFO  EvoClassLoader - Instrumenting class 'org.apache.hadoop.hdfs.server.blockmanagement.DatanodeStorageInfo'.
2024-11-12 13:41:14,489 INFO  MethodCallReplacementClassAdapter - Adding mock interface to class org/apache/hadoop/hdfs/server/blockmanagement/DatanodeStorageInfo
2024-11-12 13:41:14,489 INFO  CreateClassResetClassAdapter - Found static initializer in class org/apache/hadoop/hdfs/server/blockmanagement/DatanodeStorageInfo
2024-11-12 13:41:14,490 INFO  EvoClassLoader - Keeping class: org.apache.hadoop.hdfs.server.blockmanagement.DatanodeStorageInfo
2024-11-12 13:41:14,490 INFO  EvoClassLoader - Seeing class for first time: org.apache.log4j.spi.ThrowableRenderer
2024-11-12 13:41:14,490 INFO  EvoClassLoader - Instrumenting class 'org.apache.log4j.spi.ThrowableRenderer'.
2024-11-12 13:41:14,490 INFO  EvoClassLoader - Keeping class: org.apache.log4j.spi.ThrowableRenderer
2024-11-12 13:41:14,490 INFO  EvoClassLoader - Seeing class for first time: org.apache.log4j.spi.HierarchyEventListener
2024-11-12 13:41:14,490 INFO  EvoClassLoader - Instrumenting class 'org.apache.log4j.spi.HierarchyEventListener'.
2024-11-12 13:41:14,491 INFO  EvoClassLoader - Keeping class: org.apache.log4j.spi.HierarchyEventListener
2024-11-12 13:41:14,491 INFO  EvoClassLoader - Seeing class for first time: org.apache.hadoop.hdfs.protocol.ErasureCodingPolicyState
2024-11-12 13:41:14,491 INFO  EvoClassLoader - Instrumenting class 'org.apache.hadoop.hdfs.protocol.ErasureCodingPolicyState'.
2024-11-12 13:41:14,491 INFO  MethodCallReplacementClassAdapter - Adding mock interface to class org/apache/hadoop/hdfs/protocol/ErasureCodingPolicyState
2024-11-12 13:41:14,492 INFO  CreateClassResetClassAdapter - Found static initializer in class org/apache/hadoop/hdfs/protocol/ErasureCodingPolicyState
2024-11-12 13:41:14,492 INFO  EvoClassLoader - Keeping class: org.apache.hadoop.hdfs.protocol.ErasureCodingPolicyState
2024-11-12 13:41:14,492 INFO  EvoClassLoader - Seeing class for first time: org.apache.hadoop.hdfs.server.namenode.snapshot.SnapshotDiffInfo$RenameEntry
2024-11-12 13:41:14,492 INFO  EvoClassLoader - Instrumenting class 'org.apache.hadoop.hdfs.server.namenode.snapshot.SnapshotDiffInfo$RenameEntry'.
2024-11-12 13:41:14,492 INFO  MethodCallReplacementClassAdapter - Adding mock interface to class org/apache/hadoop/hdfs/server/namenode/snapshot/SnapshotDiffInfo$RenameEntry
2024-11-12 13:41:14,492 INFO  CreateClassResetClassAdapter - Creating brand-new static initializer in class org/apache/hadoop/hdfs/server/namenode/snapshot/SnapshotDiffInfo$RenameEntry
2024-11-12 13:41:14,493 INFO  EvoClassLoader - Keeping class: org.apache.hadoop.hdfs.server.namenode.snapshot.SnapshotDiffInfo$RenameEntry
2024-11-12 13:41:14,493 INFO  EvoClassLoader - Seeing class for first time: com.fasterxml.jackson.core.Version
2024-11-12 13:41:14,493 INFO  EvoClassLoader - Instrumenting class 'com.fasterxml.jackson.core.Version'.
2024-11-12 13:41:14,493 INFO  MethodCallReplacementClassAdapter - Adding mock interface to class com/fasterxml/jackson/core/Version
2024-11-12 13:41:14,493 INFO  CreateClassResetClassAdapter - Found static initializer in class com/fasterxml/jackson/core/Version
2024-11-12 13:41:14,494 INFO  EvoClassLoader - Keeping class: com.fasterxml.jackson.core.Version
2024-11-12 13:41:14,494 INFO  EvoClassLoader - Seeing class for first time: org.apache.hadoop.hdfs.security.token.block.DataEncryptionKey
2024-11-12 13:41:14,494 INFO  EvoClassLoader - Instrumenting class 'org.apache.hadoop.hdfs.security.token.block.DataEncryptionKey'.
2024-11-12 13:41:14,494 INFO  MethodCallReplacementClassAdapter - Adding mock interface to class org/apache/hadoop/hdfs/security/token/block/DataEncryptionKey
2024-11-12 13:41:14,494 INFO  CreateClassResetClassAdapter - Creating brand-new static initializer in class org/apache/hadoop/hdfs/security/token/block/DataEncryptionKey
2024-11-12 13:41:14,494 INFO  EvoClassLoader - Keeping class: org.apache.hadoop.hdfs.security.token.block.DataEncryptionKey
2024-11-12 13:41:14,494 INFO  EvoClassLoader - Seeing class for first time: org.apache.hadoop.hdfs.security.token.block.ExportedBlockKeys
2024-11-12 13:41:14,494 INFO  EvoClassLoader - Instrumenting class 'org.apache.hadoop.hdfs.security.token.block.ExportedBlockKeys'.
2024-11-12 13:41:14,495 INFO  MethodCallReplacementClassAdapter - Adding mock interface to class org/apache/hadoop/hdfs/security/token/block/ExportedBlockKeys
2024-11-12 13:41:14,495 INFO  CreateClassResetClassAdapter - Found static initializer in class org/apache/hadoop/hdfs/security/token/block/ExportedBlockKeys
2024-11-12 13:41:14,495 INFO  EvoClassLoader - Keeping class: org.apache.hadoop.hdfs.security.token.block.ExportedBlockKeys
2024-11-12 13:41:14,495 INFO  EvoClassLoader - Seeing class for first time: org.apache.hadoop.hdfs.server.blockmanagement.BlockIdManager
2024-11-12 13:41:14,495 INFO  EvoClassLoader - Instrumenting class 'org.apache.hadoop.hdfs.server.blockmanagement.BlockIdManager'.
2024-11-12 13:41:14,496 INFO  MethodCallReplacementClassAdapter - Adding mock interface to class org/apache/hadoop/hdfs/server/blockmanagement/BlockIdManager
2024-11-12 13:41:14,496 INFO  CreateClassResetClassAdapter - Creating brand-new static initializer in class org/apache/hadoop/hdfs/server/blockmanagement/BlockIdManager
2024-11-12 13:41:14,497 INFO  EvoClassLoader - Keeping class: org.apache.hadoop.hdfs.server.blockmanagement.BlockIdManager
2024-11-12 13:41:14,497 INFO  EvoClassLoader - Seeing class for first time: org.apache.hadoop.hdfs.server.namenode.sps.StoragePolicySatisfyManager
2024-11-12 13:41:14,497 INFO  EvoClassLoader - Instrumenting class 'org.apache.hadoop.hdfs.server.namenode.sps.StoragePolicySatisfyManager'.
2024-11-12 13:41:14,497 INFO  MethodCallReplacementClassAdapter - Adding mock interface to class org/apache/hadoop/hdfs/server/namenode/sps/StoragePolicySatisfyManager
2024-11-12 13:41:14,498 INFO  CreateClassResetClassAdapter - Found static initializer in class org/apache/hadoop/hdfs/server/namenode/sps/StoragePolicySatisfyManager
2024-11-12 13:41:14,498 INFO  EvoClassLoader - Defined package (3): package org.apache.hadoop.hdfs.server.namenode.sps, 1802240206
2024-11-12 13:41:14,498 INFO  EvoClassLoader - Keeping class: org.apache.hadoop.hdfs.server.namenode.sps.StoragePolicySatisfyManager
2024-11-12 13:41:14,498 INFO  EvoClassLoader - Seeing class for first time: org.apache.hadoop.hdfs.server.blockmanagement.DatanodeManager
2024-11-12 13:41:14,498 INFO  EvoClassLoader - Instrumenting class 'org.apache.hadoop.hdfs.server.blockmanagement.DatanodeManager'.
2024-11-12 13:41:14,500 INFO  MethodCallReplacementClassAdapter - Adding mock interface to class org/apache/hadoop/hdfs/server/blockmanagement/DatanodeManager
2024-11-12 13:41:14,507 INFO  CreateClassResetClassAdapter - Found static initializer in class org/apache/hadoop/hdfs/server/blockmanagement/DatanodeManager
2024-11-12 13:41:14,509 INFO  EvoClassLoader - Keeping class: org.apache.hadoop.hdfs.server.blockmanagement.DatanodeManager
2024-11-12 13:41:14,509 INFO  EvoClassLoader - Seeing class for first time: org.apache.hadoop.hdfs.security.token.block.BlockTokenSecretManager
2024-11-12 13:41:14,509 INFO  EvoClassLoader - Instrumenting class 'org.apache.hadoop.hdfs.security.token.block.BlockTokenSecretManager'.
2024-11-12 13:41:14,509 INFO  MethodCallReplacementClassAdapter - Adding mock interface to class org/apache/hadoop/hdfs/security/token/block/BlockTokenSecretManager
2024-11-12 13:41:14,510 INFO  CreateClassResetClassAdapter - Found static initializer in class org/apache/hadoop/hdfs/security/token/block/BlockTokenSecretManager
2024-11-12 13:41:14,510 INFO  EvoClassLoader - Keeping class: org.apache.hadoop.hdfs.security.token.block.BlockTokenSecretManager
2024-11-12 13:41:14,510 INFO  EvoClassLoader - Seeing class for first time: org.apache.hadoop.hdfs.server.blockmanagement.BlockPlacementPolicy
2024-11-12 13:41:14,510 INFO  EvoClassLoader - Instrumenting class 'org.apache.hadoop.hdfs.server.blockmanagement.BlockPlacementPolicy'.
2024-11-12 13:41:14,511 INFO  MethodCallReplacementClassAdapter - Adding mock interface to class org/apache/hadoop/hdfs/server/blockmanagement/BlockPlacementPolicy
2024-11-12 13:41:14,511 INFO  CreateClassResetClassAdapter - Found static initializer in class org/apache/hadoop/hdfs/server/blockmanagement/BlockPlacementPolicy
2024-11-12 13:41:14,511 INFO  EvoClassLoader - Keeping class: org.apache.hadoop.hdfs.server.blockmanagement.BlockPlacementPolicy
2024-11-12 13:41:14,511 INFO  EvoClassLoader - Seeing class for first time: org.apache.hadoop.hdfs.server.blockmanagement.NumberReplicas
2024-11-12 13:41:14,511 INFO  EvoClassLoader - Instrumenting class 'org.apache.hadoop.hdfs.server.blockmanagement.NumberReplicas'.
2024-11-12 13:41:14,511 INFO  MethodCallReplacementClassAdapter - Adding mock interface to class org/apache/hadoop/hdfs/server/blockmanagement/NumberReplicas
2024-11-12 13:41:14,511 INFO  CreateClassResetClassAdapter - Creating brand-new static initializer in class org/apache/hadoop/hdfs/server/blockmanagement/NumberReplicas
2024-11-12 13:41:14,511 INFO  EvoClassLoader - Keeping class: org.apache.hadoop.hdfs.server.blockmanagement.NumberReplicas
2024-11-12 13:41:14,511 INFO  EvoClassLoader - Seeing class for first time: org.apache.hadoop.hdfs.server.blockmanagement.LocatedBlockBuilder
2024-11-12 13:41:14,511 INFO  EvoClassLoader - Instrumenting class 'org.apache.hadoop.hdfs.server.blockmanagement.LocatedBlockBuilder'.
2024-11-12 13:41:14,511 INFO  MethodCallReplacementClassAdapter - Adding mock interface to class org/apache/hadoop/hdfs/server/blockmanagement/LocatedBlockBuilder
2024-11-12 13:41:14,512 INFO  CreateClassResetClassAdapter - Creating brand-new static initializer in class org/apache/hadoop/hdfs/server/blockmanagement/LocatedBlockBuilder
2024-11-12 13:41:14,512 INFO  EvoClassLoader - Keeping class: org.apache.hadoop.hdfs.server.blockmanagement.LocatedBlockBuilder
2024-11-12 13:41:14,512 INFO  EvoClassLoader - Seeing class for first time: org.apache.hadoop.fs.FileEncryptionInfo
2024-11-12 13:41:14,512 INFO  EvoClassLoader - Instrumenting class 'org.apache.hadoop.fs.FileEncryptionInfo'.
2024-11-12 13:41:14,512 INFO  MethodCallReplacementClassAdapter - Adding mock interface to class org/apache/hadoop/fs/FileEncryptionInfo
2024-11-12 13:41:14,512 INFO  CreateClassResetClassAdapter - Creating brand-new static initializer in class org/apache/hadoop/fs/FileEncryptionInfo
2024-11-12 13:41:14,512 INFO  EvoClassLoader - Keeping class: org.apache.hadoop.fs.FileEncryptionInfo
2024-11-12 13:41:14,512 INFO  EvoClassLoader - Seeing class for first time: org.apache.hadoop.hdfs.server.blockmanagement.BlockToMarkCorrupt
2024-11-12 13:41:14,512 INFO  EvoClassLoader - Instrumenting class 'org.apache.hadoop.hdfs.server.blockmanagement.BlockToMarkCorrupt'.
2024-11-12 13:41:14,512 INFO  MethodCallReplacementClassAdapter - Adding mock interface to class org/apache/hadoop/hdfs/server/blockmanagement/BlockToMarkCorrupt
2024-11-12 13:41:14,512 INFO  CreateClassResetClassAdapter - Creating brand-new static initializer in class org/apache/hadoop/hdfs/server/blockmanagement/BlockToMarkCorrupt
2024-11-12 13:41:14,512 INFO  EvoClassLoader - Keeping class: org.apache.hadoop.hdfs.server.blockmanagement.BlockToMarkCorrupt
2024-11-12 13:41:14,512 INFO  EvoClassLoader - Seeing class for first time: org.apache.hadoop.hdfs.server.protocol.BlockReportContext
2024-11-12 13:41:14,512 INFO  EvoClassLoader - Instrumenting class 'org.apache.hadoop.hdfs.server.protocol.BlockReportContext'.
2024-11-12 13:41:14,512 INFO  MethodCallReplacementClassAdapter - Adding mock interface to class org/apache/hadoop/hdfs/server/protocol/BlockReportContext
2024-11-12 13:41:14,513 INFO  CreateClassResetClassAdapter - Creating brand-new static initializer in class org/apache/hadoop/hdfs/server/protocol/BlockReportContext
2024-11-12 13:41:14,513 INFO  EvoClassLoader - Keeping class: org.apache.hadoop.hdfs.server.protocol.BlockReportContext
2024-11-12 13:41:14,513 INFO  EvoClassLoader - Seeing class for first time: org.apache.hadoop.hdfs.server.protocol.DatanodeStorage
2024-11-12 13:41:14,513 INFO  EvoClassLoader - Instrumenting class 'org.apache.hadoop.hdfs.server.protocol.DatanodeStorage'.
2024-11-12 13:41:14,513 INFO  MethodCallReplacementClassAdapter - Adding mock interface to class org/apache/hadoop/hdfs/server/protocol/DatanodeStorage
2024-11-12 13:41:14,513 INFO  CreateClassResetClassAdapter - Creating brand-new static initializer in class org/apache/hadoop/hdfs/server/protocol/DatanodeStorage
2024-11-12 13:41:14,513 INFO  CreateClassResetClassAdapter - Adding bytecode for initializing field STORAGE_ID_PREFIX
2024-11-12 13:41:14,513 INFO  EvoClassLoader - Keeping class: org.apache.hadoop.hdfs.server.protocol.DatanodeStorage
2024-11-12 13:41:14,513 INFO  EvoClassLoader - Seeing class for first time: org.apache.hadoop.hdfs.protocol.BlockListAsLongs
2024-11-12 13:41:14,513 INFO  EvoClassLoader - Instrumenting class 'org.apache.hadoop.hdfs.protocol.BlockListAsLongs'.
2024-11-12 13:41:14,513 INFO  MethodCallReplacementClassAdapter - Adding mock interface to class org/apache/hadoop/hdfs/protocol/BlockListAsLongs
2024-11-12 13:41:14,514 INFO  CreateClassResetClassAdapter - Found static initializer in class org/apache/hadoop/hdfs/protocol/BlockListAsLongs
2024-11-12 13:41:14,514 INFO  EvoClassLoader - Keeping class: org.apache.hadoop.hdfs.protocol.BlockListAsLongs
2024-11-12 13:41:14,514 INFO  EvoClassLoader - Seeing class for first time: org.apache.hadoop.hdfs.server.blockmanagement.BlockReportLeaseManager
2024-11-12 13:41:14,514 INFO  EvoClassLoader - Instrumenting class 'org.apache.hadoop.hdfs.server.blockmanagement.BlockReportLeaseManager'.
2024-11-12 13:41:14,514 INFO  MethodCallReplacementClassAdapter - Adding mock interface to class org/apache/hadoop/hdfs/server/blockmanagement/BlockReportLeaseManager
2024-11-12 13:41:14,514 INFO  CreateClassResetClassAdapter - Found static initializer in class org/apache/hadoop/hdfs/server/blockmanagement/BlockReportLeaseManager
2024-11-12 13:41:14,514 INFO  EvoClassLoader - Keeping class: org.apache.hadoop.hdfs.server.blockmanagement.BlockReportLeaseManager
2024-11-12 13:41:14,514 INFO  EvoClassLoader - Seeing class for first time: org.apache.hadoop.hdfs.server.blockmanagement.BlockManager$MisReplicationResult
2024-11-12 13:41:14,514 INFO  EvoClassLoader - Instrumenting class 'org.apache.hadoop.hdfs.server.blockmanagement.BlockManager$MisReplicationResult'.
2024-11-12 13:41:14,514 INFO  MethodCallReplacementClassAdapter - Adding mock interface to class org/apache/hadoop/hdfs/server/blockmanagement/BlockManager$MisReplicationResult
2024-11-12 13:41:14,515 INFO  CreateClassResetClassAdapter - Found static initializer in class org/apache/hadoop/hdfs/server/blockmanagement/BlockManager$MisReplicationResult
2024-11-12 13:41:14,515 INFO  EvoClassLoader - Keeping class: org.apache.hadoop.hdfs.server.blockmanagement.BlockManager$MisReplicationResult
2024-11-12 13:41:14,515 INFO  EvoClassLoader - Seeing class for first time: org.apache.hadoop.hdfs.server.blockmanagement.BlockManager$StatefulBlockInfo
2024-11-12 13:41:14,515 INFO  EvoClassLoader - Instrumenting class 'org.apache.hadoop.hdfs.server.blockmanagement.BlockManager$StatefulBlockInfo'.
2024-11-12 13:41:14,515 INFO  MethodCallReplacementClassAdapter - Adding mock interface to class org/apache/hadoop/hdfs/server/blockmanagement/BlockManager$StatefulBlockInfo
2024-11-12 13:41:14,515 INFO  CreateClassResetClassAdapter - Creating brand-new static initializer in class org/apache/hadoop/hdfs/server/blockmanagement/BlockManager$StatefulBlockInfo
2024-11-12 13:41:14,515 INFO  EvoClassLoader - Keeping class: org.apache.hadoop.hdfs.server.blockmanagement.BlockManager$StatefulBlockInfo
2024-11-12 13:41:14,515 INFO  EvoClassLoader - Seeing class for first time: org.apache.hadoop.hdfs.server.common.HdfsServerConstants$ReplicaState
2024-11-12 13:41:14,515 INFO  EvoClassLoader - Instrumenting class 'org.apache.hadoop.hdfs.server.common.HdfsServerConstants$ReplicaState'.
2024-11-12 13:41:14,515 INFO  MethodCallReplacementClassAdapter - Adding mock interface to class org/apache/hadoop/hdfs/server/common/HdfsServerConstants$ReplicaState
2024-11-12 13:41:14,515 INFO  CreateClassResetClassAdapter - Found static initializer in class org/apache/hadoop/hdfs/server/common/HdfsServerConstants$ReplicaState
2024-11-12 13:41:14,515 INFO  EvoClassLoader - Keeping class: org.apache.hadoop.hdfs.server.common.HdfsServerConstants$ReplicaState
2024-11-12 13:41:14,515 INFO  EvoClassLoader - Seeing class for first time: org.apache.hadoop.hdfs.server.common.HdfsServerConstants$BlockUCState
2024-11-12 13:41:14,515 INFO  EvoClassLoader - Instrumenting class 'org.apache.hadoop.hdfs.server.common.HdfsServerConstants$BlockUCState'.
2024-11-12 13:41:14,515 INFO  MethodCallReplacementClassAdapter - Adding mock interface to class org/apache/hadoop/hdfs/server/common/HdfsServerConstants$BlockUCState
2024-11-12 13:41:14,515 INFO  CreateClassResetClassAdapter - Found static initializer in class org/apache/hadoop/hdfs/server/common/HdfsServerConstants$BlockUCState
2024-11-12 13:41:14,515 INFO  EvoClassLoader - Keeping class: org.apache.hadoop.hdfs.server.common.HdfsServerConstants$BlockUCState
2024-11-12 13:41:14,516 INFO  EvoClassLoader - Seeing class for first time: org.apache.hadoop.hdfs.server.blockmanagement.ProvidedStorageMap
2024-11-12 13:41:14,516 INFO  EvoClassLoader - Instrumenting class 'org.apache.hadoop.hdfs.server.blockmanagement.ProvidedStorageMap'.
2024-11-12 13:41:14,516 INFO  MethodCallReplacementClassAdapter - Adding mock interface to class org/apache/hadoop/hdfs/server/blockmanagement/ProvidedStorageMap
2024-11-12 13:41:14,516 INFO  CreateClassResetClassAdapter - Found static initializer in class org/apache/hadoop/hdfs/server/blockmanagement/ProvidedStorageMap
2024-11-12 13:41:14,516 INFO  EvoClassLoader - Keeping class: org.apache.hadoop.hdfs.server.blockmanagement.ProvidedStorageMap
2024-11-12 13:41:14,516 INFO  EvoClassLoader - Seeing class for first time: org.apache.hadoop.hdfs.protocol.BlockLocalPathInfo
2024-11-12 13:41:14,516 INFO  EvoClassLoader - Instrumenting class 'org.apache.hadoop.hdfs.protocol.BlockLocalPathInfo'.
2024-11-12 13:41:14,516 INFO  MethodCallReplacementClassAdapter - Adding mock interface to class org/apache/hadoop/hdfs/protocol/BlockLocalPathInfo
2024-11-12 13:41:14,516 INFO  CreateClassResetClassAdapter - Creating brand-new static initializer in class org/apache/hadoop/hdfs/protocol/BlockLocalPathInfo
2024-11-12 13:41:14,516 INFO  EvoClassLoader - Keeping class: org.apache.hadoop.hdfs.protocol.BlockLocalPathInfo
2024-11-12 13:41:14,516 INFO  EvoClassLoader - Seeing class for first time: org.apache.hadoop.hdfs.server.datanode.DiskBalancerWorkStatus
2024-11-12 13:41:14,516 INFO  EvoClassLoader - Instrumenting class 'org.apache.hadoop.hdfs.server.datanode.DiskBalancerWorkStatus'.
2024-11-12 13:41:14,517 INFO  MethodCallReplacementClassAdapter - Adding mock interface to class org/apache/hadoop/hdfs/server/datanode/DiskBalancerWorkStatus
2024-11-12 13:41:14,517 INFO  CreateClassResetClassAdapter - Found static initializer in class org/apache/hadoop/hdfs/server/datanode/DiskBalancerWorkStatus
2024-11-12 13:41:14,517 INFO  EvoClassLoader - Keeping class: org.apache.hadoop.hdfs.server.datanode.DiskBalancerWorkStatus
2024-11-12 13:41:14,517 INFO  EvoClassLoader - Seeing class for first time: org.apache.hadoop.hdfs.protocol.DatanodeLocalInfo
2024-11-12 13:41:14,517 INFO  EvoClassLoader - Instrumenting class 'org.apache.hadoop.hdfs.protocol.DatanodeLocalInfo'.
2024-11-12 13:41:14,517 INFO  MethodCallReplacementClassAdapter - Adding mock interface to class org/apache/hadoop/hdfs/protocol/DatanodeLocalInfo
2024-11-12 13:41:14,517 INFO  CreateClassResetClassAdapter - Creating brand-new static initializer in class org/apache/hadoop/hdfs/protocol/DatanodeLocalInfo
2024-11-12 13:41:14,517 INFO  EvoClassLoader - Keeping class: org.apache.hadoop.hdfs.protocol.DatanodeLocalInfo
2024-11-12 13:41:14,517 INFO  EvoClassLoader - Seeing class for first time: org.apache.hadoop.hdfs.client.BlockReportOptions
2024-11-12 13:41:14,517 INFO  EvoClassLoader - Instrumenting class 'org.apache.hadoop.hdfs.client.BlockReportOptions'.
2024-11-12 13:41:14,517 INFO  MethodCallReplacementClassAdapter - Adding mock interface to class org/apache/hadoop/hdfs/client/BlockReportOptions
2024-11-12 13:41:14,517 INFO  CreateClassResetClassAdapter - Creating brand-new static initializer in class org/apache/hadoop/hdfs/client/BlockReportOptions
2024-11-12 13:41:14,517 INFO  EvoClassLoader - Defined package (3): package org.apache.hadoop.hdfs.client, 2065323101
2024-11-12 13:41:14,517 INFO  EvoClassLoader - Keeping class: org.apache.hadoop.hdfs.client.BlockReportOptions
2024-11-12 13:41:14,517 INFO  EvoClassLoader - Seeing class for first time: org.apache.hadoop.conf.ReconfigurationTaskStatus
2024-11-12 13:41:14,517 INFO  EvoClassLoader - Instrumenting class 'org.apache.hadoop.conf.ReconfigurationTaskStatus'.
2024-11-12 13:41:14,518 INFO  MethodCallReplacementClassAdapter - Adding mock interface to class org/apache/hadoop/conf/ReconfigurationTaskStatus
2024-11-12 13:41:14,518 INFO  CreateClassResetClassAdapter - Creating brand-new static initializer in class org/apache/hadoop/conf/ReconfigurationTaskStatus
2024-11-12 13:41:14,518 INFO  EvoClassLoader - Keeping class: org.apache.hadoop.conf.ReconfigurationTaskStatus
2024-11-12 13:41:14,518 INFO  EvoClassLoader - Seeing class for first time: org.apache.log4j.spi.LoggingEvent
2024-11-12 13:41:14,518 INFO  EvoClassLoader - Instrumenting class 'org.apache.log4j.spi.LoggingEvent'.
2024-11-12 13:41:14,518 INFO  MethodCallReplacementClassAdapter - Adding mock interface to class org/apache/log4j/spi/LoggingEvent
2024-11-12 13:41:14,519 INFO  CreateClassResetClassAdapter - Found static initializer in class org/apache/log4j/spi/LoggingEvent
2024-11-12 13:41:14,519 INFO  EvoClassLoader - Keeping class: org.apache.log4j.spi.LoggingEvent
2024-11-12 13:41:14,520 INFO  EvoClassLoader - Seeing class for first time: org.apache.hadoop.hdfs.server.blockmanagement.DatanodeDescriptor$LeavingServiceStatus
2024-11-12 13:41:14,520 INFO  EvoClassLoader - Instrumenting class 'org.apache.hadoop.hdfs.server.blockmanagement.DatanodeDescriptor$LeavingServiceStatus'.
2024-11-12 13:41:14,520 INFO  MethodCallReplacementClassAdapter - Adding mock interface to class org/apache/hadoop/hdfs/server/blockmanagement/DatanodeDescriptor$LeavingServiceStatus
2024-11-12 13:41:14,520 INFO  CreateClassResetClassAdapter - Creating brand-new static initializer in class org/apache/hadoop/hdfs/server/blockmanagement/DatanodeDescriptor$LeavingServiceStatus
2024-11-12 13:41:14,520 INFO  EvoClassLoader - Keeping class: org.apache.hadoop.hdfs.server.blockmanagement.DatanodeDescriptor$LeavingServiceStatus
2024-11-12 13:41:14,520 INFO  EvoClassLoader - Seeing class for first time: org.apache.hadoop.hdfs.server.blockmanagement.DatanodeDescriptor$CachedBlocksList
2024-11-12 13:41:14,520 INFO  EvoClassLoader - Instrumenting class 'org.apache.hadoop.hdfs.server.blockmanagement.DatanodeDescriptor$CachedBlocksList'.
2024-11-12 13:41:14,520 INFO  MethodCallReplacementClassAdapter - Adding mock interface to class org/apache/hadoop/hdfs/server/blockmanagement/DatanodeDescriptor$CachedBlocksList
2024-11-12 13:41:14,520 INFO  CreateClassResetClassAdapter - Creating brand-new static initializer in class org/apache/hadoop/hdfs/server/blockmanagement/DatanodeDescriptor$CachedBlocksList
2024-11-12 13:41:14,520 INFO  EvoClassLoader - Seeing class for first time: org.apache.hadoop.util.IntrusiveCollection
2024-11-12 13:41:14,520 INFO  EvoClassLoader - Instrumenting class 'org.apache.hadoop.util.IntrusiveCollection'.
2024-11-12 13:41:14,520 INFO  MethodCallReplacementClassAdapter - Adding mock interface to class org/apache/hadoop/util/IntrusiveCollection
2024-11-12 13:41:14,521 INFO  CreateClassResetClassAdapter - Found static initializer in class org/apache/hadoop/util/IntrusiveCollection
2024-11-12 13:41:14,521 INFO  EvoClassLoader - Keeping class: org.apache.hadoop.util.IntrusiveCollection
2024-11-12 13:41:14,521 INFO  EvoClassLoader - Keeping class: org.apache.hadoop.hdfs.server.blockmanagement.DatanodeDescriptor$CachedBlocksList
2024-11-12 13:41:14,521 INFO  EvoClassLoader - Seeing class for first time: org.apache.hadoop.hdfs.protocol.CacheDirectiveInfo$Expiration
2024-11-12 13:41:14,521 INFO  EvoClassLoader - Instrumenting class 'org.apache.hadoop.hdfs.protocol.CacheDirectiveInfo$Expiration'.
2024-11-12 13:41:14,521 INFO  MethodCallReplacementClassAdapter - Adding mock interface to class org/apache/hadoop/hdfs/protocol/CacheDirectiveInfo$Expiration
2024-11-12 13:41:14,521 INFO  CreateClassResetClassAdapter - Found static initializer in class org/apache/hadoop/hdfs/protocol/CacheDirectiveInfo$Expiration
2024-11-12 13:41:14,522 INFO  EvoClassLoader - Keeping class: org.apache.hadoop.hdfs.protocol.CacheDirectiveInfo$Expiration
2024-11-12 13:41:14,522 INFO  EvoClassLoader - Seeing class for first time: org.apache.hadoop.hdfs.server.common.Storage$StorageDirectory
2024-11-12 13:41:14,522 INFO  EvoClassLoader - Instrumenting class 'org.apache.hadoop.hdfs.server.common.Storage$StorageDirectory'.
2024-11-12 13:41:14,522 INFO  MethodCallReplacementClassAdapter - Adding mock interface to class org/apache/hadoop/hdfs/server/common/Storage$StorageDirectory
2024-11-12 13:41:14,524 INFO  CreateClassResetClassAdapter - Found static initializer in class org/apache/hadoop/hdfs/server/common/Storage$StorageDirectory
2024-11-12 13:41:14,524 INFO  EvoClassLoader - Keeping class: org.apache.hadoop.hdfs.server.common.Storage$StorageDirectory
2024-11-12 13:41:14,524 INFO  EvoClassLoader - Seeing class for first time: org.apache.hadoop.hdfs.server.namenode.NNStorage$NameNodeDirType
2024-11-12 13:41:14,524 INFO  EvoClassLoader - Instrumenting class 'org.apache.hadoop.hdfs.server.namenode.NNStorage$NameNodeDirType'.
2024-11-12 13:41:14,524 INFO  MethodCallReplacementClassAdapter - Adding mock interface to class org/apache/hadoop/hdfs/server/namenode/NNStorage$NameNodeDirType
2024-11-12 13:41:14,524 INFO  CreateClassResetClassAdapter - Found static initializer in class org/apache/hadoop/hdfs/server/namenode/NNStorage$NameNodeDirType
2024-11-12 13:41:14,525 INFO  EvoClassLoader - Keeping class: org.apache.hadoop.hdfs.server.namenode.NNStorage$NameNodeDirType
2024-11-12 13:41:14,525 INFO  EvoClassLoader - Seeing class for first time: org.apache.hadoop.hdfs.server.namenode.startupprogress.Status
2024-11-12 13:41:14,525 INFO  EvoClassLoader - Instrumenting class 'org.apache.hadoop.hdfs.server.namenode.startupprogress.Status'.
2024-11-12 13:41:14,525 INFO  MethodCallReplacementClassAdapter - Adding mock interface to class org/apache/hadoop/hdfs/server/namenode/startupprogress/Status
2024-11-12 13:41:14,525 INFO  CreateClassResetClassAdapter - Found static initializer in class org/apache/hadoop/hdfs/server/namenode/startupprogress/Status
2024-11-12 13:41:14,525 INFO  EvoClassLoader - Keeping class: org.apache.hadoop.hdfs.server.namenode.startupprogress.Status
2024-11-12 13:41:14,525 INFO  EvoClassLoader - Seeing class for first time: org.apache.hadoop.hdfs.server.namenode.startupprogress.StepTracking
2024-11-12 13:41:14,525 INFO  EvoClassLoader - Instrumenting class 'org.apache.hadoop.hdfs.server.namenode.startupprogress.StepTracking'.
2024-11-12 13:41:14,525 INFO  MethodCallReplacementClassAdapter - Adding mock interface to class org/apache/hadoop/hdfs/server/namenode/startupprogress/StepTracking
2024-11-12 13:41:14,525 INFO  CreateClassResetClassAdapter - Creating brand-new static initializer in class org/apache/hadoop/hdfs/server/namenode/startupprogress/StepTracking
2024-11-12 13:41:14,525 INFO  EvoClassLoader - Keeping class: org.apache.hadoop.hdfs.server.namenode.startupprogress.StepTracking
2024-11-12 13:41:14,525 INFO  EvoClassLoader - Seeing class for first time: org.apache.hadoop.hdfs.server.namenode.startupprogress.StartupProgressView
2024-11-12 13:41:14,525 INFO  EvoClassLoader - Instrumenting class 'org.apache.hadoop.hdfs.server.namenode.startupprogress.StartupProgressView'.
2024-11-12 13:41:14,525 INFO  MethodCallReplacementClassAdapter - Adding mock interface to class org/apache/hadoop/hdfs/server/namenode/startupprogress/StartupProgressView
2024-11-12 13:41:14,526 INFO  CreateClassResetClassAdapter - Creating brand-new static initializer in class org/apache/hadoop/hdfs/server/namenode/startupprogress/StartupProgressView
2024-11-12 13:41:14,526 INFO  EvoClassLoader - Keeping class: org.apache.hadoop.hdfs.server.namenode.startupprogress.StartupProgressView
2024-11-12 13:41:14,526 INFO  EvoClassLoader - Seeing class for first time: org.apache.hadoop.hdfs.server.common.HdfsServerConstants$NamenodeRole
2024-11-12 13:41:14,526 INFO  EvoClassLoader - Instrumenting class 'org.apache.hadoop.hdfs.server.common.HdfsServerConstants$NamenodeRole'.
2024-11-12 13:41:14,526 INFO  MethodCallReplacementClassAdapter - Adding mock interface to class org/apache/hadoop/hdfs/server/common/HdfsServerConstants$NamenodeRole
2024-11-12 13:41:14,526 INFO  CreateClassResetClassAdapter - Found static initializer in class org/apache/hadoop/hdfs/server/common/HdfsServerConstants$NamenodeRole
2024-11-12 13:41:14,526 INFO  EvoClassLoader - Keeping class: org.apache.hadoop.hdfs.server.common.HdfsServerConstants$NamenodeRole
2024-11-12 13:41:14,526 INFO  EvoClassLoader - Seeing class for first time: org.apache.hadoop.hdfs.protocol.SnapshottableDirectoryStatus$Bean
2024-11-12 13:41:14,526 INFO  EvoClassLoader - Instrumenting class 'org.apache.hadoop.hdfs.protocol.SnapshottableDirectoryStatus$Bean'.
2024-11-12 13:41:14,526 INFO  MethodCallReplacementClassAdapter - Adding mock interface to class org/apache/hadoop/hdfs/protocol/SnapshottableDirectoryStatus$Bean
2024-11-12 13:41:14,526 INFO  CreateClassResetClassAdapter - Creating brand-new static initializer in class org/apache/hadoop/hdfs/protocol/SnapshottableDirectoryStatus$Bean
2024-11-12 13:41:14,526 INFO  EvoClassLoader - Keeping class: org.apache.hadoop.hdfs.protocol.SnapshottableDirectoryStatus$Bean
2024-11-12 13:41:14,527 INFO  EvoClassLoader - Seeing class for first time: org.apache.hadoop.hdfs.protocol.SnapshotInfo$Bean
2024-11-12 13:41:14,527 INFO  EvoClassLoader - Instrumenting class 'org.apache.hadoop.hdfs.protocol.SnapshotInfo$Bean'.
2024-11-12 13:41:14,527 INFO  MethodCallReplacementClassAdapter - Adding mock interface to class org/apache/hadoop/hdfs/protocol/SnapshotInfo$Bean
2024-11-12 13:41:14,527 INFO  CreateClassResetClassAdapter - Creating brand-new static initializer in class org/apache/hadoop/hdfs/protocol/SnapshotInfo$Bean
2024-11-12 13:41:14,527 INFO  EvoClassLoader - Keeping class: org.apache.hadoop.hdfs.protocol.SnapshotInfo$Bean
2024-11-12 13:41:14,527 INFO  EvoClassLoader - Seeing class for first time: org.apache.hadoop.http.HttpServer2
2024-11-12 13:41:14,527 INFO  EvoClassLoader - Instrumenting class 'org.apache.hadoop.http.HttpServer2'.
2024-11-12 13:41:14,528 INFO  MethodCallReplacementClassAdapter - Adding mock interface to class org/apache/hadoop/http/HttpServer2
2024-11-12 13:41:14,529 INFO  CreateClassResetClassAdapter - Found static initializer in class org/apache/hadoop/http/HttpServer2
2024-11-12 13:41:14,530 INFO  EvoClassLoader - Defined package (3): package org.apache.hadoop.http, 101202779
2024-11-12 13:41:14,530 INFO  EvoClassLoader - Seeing class for first time: org.apache.hadoop.http.FilterContainer
2024-11-12 13:41:14,530 INFO  EvoClassLoader - Instrumenting class 'org.apache.hadoop.http.FilterContainer'.
2024-11-12 13:41:14,530 INFO  EvoClassLoader - Keeping class: org.apache.hadoop.http.FilterContainer
2024-11-12 13:41:14,531 INFO  EvoClassLoader - Keeping class: org.apache.hadoop.http.HttpServer2
2024-11-12 13:41:14,531 INFO  EvoClassLoader - Seeing class for first time: org.apache.hadoop.hdfs.server.namenode.metrics.NameNodeMetrics
2024-11-12 13:41:14,531 INFO  EvoClassLoader - Instrumenting class 'org.apache.hadoop.hdfs.server.namenode.metrics.NameNodeMetrics'.
2024-11-12 13:41:14,531 INFO  MethodCallReplacementClassAdapter - Adding mock interface to class org/apache/hadoop/hdfs/server/namenode/metrics/NameNodeMetrics
2024-11-12 13:41:14,531 INFO  CreateClassResetClassAdapter - Creating brand-new static initializer in class org/apache/hadoop/hdfs/server/namenode/metrics/NameNodeMetrics
2024-11-12 13:41:14,532 INFO  EvoClassLoader - Keeping class: org.apache.hadoop.hdfs.server.namenode.metrics.NameNodeMetrics
2024-11-12 13:41:14,532 INFO  EvoClassLoader - Seeing class for first time: org.apache.hadoop.hdfs.server.namenode.NameNodeRpcServer
2024-11-12 13:41:14,532 INFO  EvoClassLoader - Instrumenting class 'org.apache.hadoop.hdfs.server.namenode.NameNodeRpcServer'.
2024-11-12 13:41:14,533 INFO  MethodCallReplacementClassAdapter - Adding mock interface to class org/apache/hadoop/hdfs/server/namenode/NameNodeRpcServer
2024-11-12 13:41:14,536 INFO  CreateClassResetClassAdapter - Found static initializer in class org/apache/hadoop/hdfs/server/namenode/NameNodeRpcServer
2024-11-12 13:41:14,538 INFO  EvoClassLoader - Keeping class: org.apache.hadoop.hdfs.server.namenode.NameNodeRpcServer
2024-11-12 13:41:14,538 INFO  EvoClassLoader - Seeing class for first time: org.apache.hadoop.hdfs.server.aliasmap.InMemoryLevelDBAliasMapServer
2024-11-12 13:41:14,538 INFO  EvoClassLoader - Instrumenting class 'org.apache.hadoop.hdfs.server.aliasmap.InMemoryLevelDBAliasMapServer'.
2024-11-12 13:41:14,538 INFO  MethodCallReplacementClassAdapter - Adding mock interface to class org/apache/hadoop/hdfs/server/aliasmap/InMemoryLevelDBAliasMapServer
2024-11-12 13:41:14,538 INFO  CreateClassResetClassAdapter - Found static initializer in class org/apache/hadoop/hdfs/server/aliasmap/InMemoryLevelDBAliasMapServer
2024-11-12 13:41:14,539 INFO  EvoClassLoader - Defined package (3): package org.apache.hadoop.hdfs.server.aliasmap, 1977290501
2024-11-12 13:41:14,539 INFO  EvoClassLoader - Seeing class for first time: org.apache.hadoop.hdfs.server.aliasmap.InMemoryAliasMapProtocol
2024-11-12 13:41:14,539 INFO  EvoClassLoader - Instrumenting class 'org.apache.hadoop.hdfs.server.aliasmap.InMemoryAliasMapProtocol'.
2024-11-12 13:41:14,539 INFO  EvoClassLoader - Keeping class: org.apache.hadoop.hdfs.server.aliasmap.InMemoryAliasMapProtocol
2024-11-12 13:41:14,539 INFO  EvoClassLoader - Keeping class: org.apache.hadoop.hdfs.server.aliasmap.InMemoryLevelDBAliasMapServer
2024-11-12 13:41:14,539 INFO  EvoClassLoader - Seeing class for first time: org.apache.hadoop.ha.HAServiceStatus
2024-11-12 13:41:14,539 INFO  EvoClassLoader - Instrumenting class 'org.apache.hadoop.ha.HAServiceStatus'.
2024-11-12 13:41:14,540 INFO  MethodCallReplacementClassAdapter - Adding mock interface to class org/apache/hadoop/ha/HAServiceStatus
2024-11-12 13:41:14,540 INFO  CreateClassResetClassAdapter - Creating brand-new static initializer in class org/apache/hadoop/ha/HAServiceStatus
2024-11-12 13:41:14,540 INFO  EvoClassLoader - Keeping class: org.apache.hadoop.ha.HAServiceStatus
2024-11-12 13:41:14,540 INFO  EvoClassLoader - Seeing class for first time: org.apache.hadoop.util.ExitUtil$ExitException
2024-11-12 13:41:14,540 INFO  EvoClassLoader - Instrumenting class 'org.apache.hadoop.util.ExitUtil$ExitException'.
2024-11-12 13:41:14,541 INFO  MethodCallReplacementClassAdapter - Adding mock interface to class org/apache/hadoop/util/ExitUtil$ExitException
2024-11-12 13:41:14,541 INFO  CreateClassResetClassAdapter - Creating brand-new static initializer in class org/apache/hadoop/util/ExitUtil$ExitException
2024-11-12 13:41:14,541 INFO  EvoClassLoader - Seeing class for first time: org.apache.hadoop.util.ExitCodeProvider
2024-11-12 13:41:14,541 INFO  EvoClassLoader - Instrumenting class 'org.apache.hadoop.util.ExitCodeProvider'.
2024-11-12 13:41:14,541 INFO  EvoClassLoader - Keeping class: org.apache.hadoop.util.ExitCodeProvider
2024-11-12 13:41:14,541 INFO  EvoClassLoader - Keeping class: org.apache.hadoop.util.ExitUtil$ExitException
2024-11-12 13:41:14,542 INFO  EvoClassLoader - Seeing class for first time: com.fasterxml.jackson.core.SerializableString
2024-11-12 13:41:14,542 INFO  EvoClassLoader - Instrumenting class 'com.fasterxml.jackson.core.SerializableString'.
2024-11-12 13:41:14,542 INFO  EvoClassLoader - Keeping class: com.fasterxml.jackson.core.SerializableString
2024-11-12 13:41:14,542 INFO  EvoClassLoader - Seeing class for first time: com.fasterxml.jackson.core.JsonGenerator$Feature
2024-11-12 13:41:14,542 INFO  EvoClassLoader - Instrumenting class 'com.fasterxml.jackson.core.JsonGenerator$Feature'.
2024-11-12 13:41:14,542 INFO  MethodCallReplacementClassAdapter - Adding mock interface to class com/fasterxml/jackson/core/JsonGenerator$Feature
2024-11-12 13:41:14,542 INFO  CreateClassResetClassAdapter - Found static initializer in class com/fasterxml/jackson/core/JsonGenerator$Feature
2024-11-12 13:41:14,543 INFO  EvoClassLoader - Keeping class: com.fasterxml.jackson.core.JsonGenerator$Feature
2024-11-12 13:41:14,543 INFO  EvoClassLoader - Seeing class for first time: com.fasterxml.jackson.core.StreamWriteFeature
2024-11-12 13:41:14,543 INFO  EvoClassLoader - Instrumenting class 'com.fasterxml.jackson.core.StreamWriteFeature'.
2024-11-12 13:41:14,543 INFO  MethodCallReplacementClassAdapter - Adding mock interface to class com/fasterxml/jackson/core/StreamWriteFeature
2024-11-12 13:41:14,543 INFO  CreateClassResetClassAdapter - Found static initializer in class com/fasterxml/jackson/core/StreamWriteFeature
2024-11-12 13:41:14,543 INFO  EvoClassLoader - Keeping class: com.fasterxml.jackson.core.StreamWriteFeature
2024-11-12 13:41:14,543 INFO  EvoClassLoader - Seeing class for first time: com.fasterxml.jackson.core.FormatSchema
2024-11-12 13:41:14,543 INFO  EvoClassLoader - Instrumenting class 'com.fasterxml.jackson.core.FormatSchema'.
2024-11-12 13:41:14,544 INFO  EvoClassLoader - Keeping class: com.fasterxml.jackson.core.FormatSchema
2024-11-12 13:41:14,544 INFO  EvoClassLoader - Seeing class for first time: com.fasterxml.jackson.core.ObjectCodec
2024-11-12 13:41:14,544 INFO  EvoClassLoader - Instrumenting class 'com.fasterxml.jackson.core.ObjectCodec'.
2024-11-12 13:41:14,544 INFO  MethodCallReplacementClassAdapter - Adding mock interface to class com/fasterxml/jackson/core/ObjectCodec
2024-11-12 13:41:14,544 INFO  CreateClassResetClassAdapter - Creating brand-new static initializer in class com/fasterxml/jackson/core/ObjectCodec
2024-11-12 13:41:14,544 INFO  EvoClassLoader - Seeing class for first time: com.fasterxml.jackson.core.TreeCodec
2024-11-12 13:41:14,544 INFO  EvoClassLoader - Instrumenting class 'com.fasterxml.jackson.core.TreeCodec'.
2024-11-12 13:41:14,544 INFO  MethodCallReplacementClassAdapter - Adding mock interface to class com/fasterxml/jackson/core/TreeCodec
2024-11-12 13:41:14,544 INFO  CreateClassResetClassAdapter - Creating brand-new static initializer in class com/fasterxml/jackson/core/TreeCodec
2024-11-12 13:41:14,544 INFO  EvoClassLoader - Keeping class: com.fasterxml.jackson.core.TreeCodec
2024-11-12 13:41:14,544 INFO  EvoClassLoader - Keeping class: com.fasterxml.jackson.core.ObjectCodec
2024-11-12 13:41:14,544 INFO  EvoClassLoader - Seeing class for first time: com.fasterxml.jackson.core.JsonStreamContext
2024-11-12 13:41:14,544 INFO  EvoClassLoader - Instrumenting class 'com.fasterxml.jackson.core.JsonStreamContext'.
2024-11-12 13:41:14,545 INFO  MethodCallReplacementClassAdapter - Adding mock interface to class com/fasterxml/jackson/core/JsonStreamContext
2024-11-12 13:41:14,545 INFO  CreateClassResetClassAdapter - Creating brand-new static initializer in class com/fasterxml/jackson/core/JsonStreamContext
2024-11-12 13:41:14,545 INFO  CreateClassResetClassAdapter - Adding bytecode for initializing field TYPE_ROOT
2024-11-12 13:41:14,545 INFO  CreateClassResetClassAdapter - Adding bytecode for initializing field TYPE_ARRAY
2024-11-12 13:41:14,545 INFO  CreateClassResetClassAdapter - Adding bytecode for initializing field TYPE_OBJECT
2024-11-12 13:41:14,545 INFO  EvoClassLoader - Keeping class: com.fasterxml.jackson.core.JsonStreamContext
2024-11-12 13:41:14,545 INFO  EvoClassLoader - Seeing class for first time: com.fasterxml.jackson.core.PrettyPrinter
2024-11-12 13:41:14,545 INFO  EvoClassLoader - Instrumenting class 'com.fasterxml.jackson.core.PrettyPrinter'.
2024-11-12 13:41:14,545 INFO  EvoClassLoader - Keeping class: com.fasterxml.jackson.core.PrettyPrinter
2024-11-12 13:41:14,545 INFO  EvoClassLoader - Seeing class for first time: com.fasterxml.jackson.core.io.CharacterEscapes
2024-11-12 13:41:14,545 INFO  EvoClassLoader - Instrumenting class 'com.fasterxml.jackson.core.io.CharacterEscapes'.
2024-11-12 13:41:14,546 INFO  MethodCallReplacementClassAdapter - Adding mock interface to class com/fasterxml/jackson/core/io/CharacterEscapes
2024-11-12 13:41:14,546 INFO  CreateClassResetClassAdapter - Creating brand-new static initializer in class com/fasterxml/jackson/core/io/CharacterEscapes
2024-11-12 13:41:14,546 INFO  CreateClassResetClassAdapter - Adding bytecode for initializing field ESCAPE_NONE
2024-11-12 13:41:14,546 INFO  CreateClassResetClassAdapter - Adding bytecode for initializing field ESCAPE_STANDARD
2024-11-12 13:41:14,546 INFO  CreateClassResetClassAdapter - Adding bytecode for initializing field ESCAPE_CUSTOM
2024-11-12 13:41:14,546 INFO  EvoClassLoader - Defined package (3): package com.fasterxml.jackson.core.io, -12787315
2024-11-12 13:41:14,546 INFO  EvoClassLoader - Keeping class: com.fasterxml.jackson.core.io.CharacterEscapes
2024-11-12 13:41:14,546 INFO  EvoClassLoader - Seeing class for first time: com.fasterxml.jackson.core.Base64Variant
2024-11-12 13:41:14,546 INFO  EvoClassLoader - Instrumenting class 'com.fasterxml.jackson.core.Base64Variant'.
2024-11-12 13:41:14,546 INFO  MethodCallReplacementClassAdapter - Adding mock interface to class com/fasterxml/jackson/core/Base64Variant
2024-11-12 13:41:14,547 INFO  CreateClassResetClassAdapter - Creating brand-new static initializer in class com/fasterxml/jackson/core/Base64Variant
2024-11-12 13:41:14,547 INFO  CreateClassResetClassAdapter - Adding bytecode for initializing field INT_SPACE
2024-11-12 13:41:14,547 INFO  CreateClassResetClassAdapter - Adding bytecode for initializing field PADDING_CHAR_NONE
2024-11-12 13:41:14,547 INFO  CreateClassResetClassAdapter - Adding bytecode for initializing field BASE64_VALUE_INVALID
2024-11-12 13:41:14,547 INFO  CreateClassResetClassAdapter - Adding bytecode for initializing field BASE64_VALUE_PADDING
2024-11-12 13:41:14,548 INFO  EvoClassLoader - Keeping class: com.fasterxml.jackson.core.Base64Variant
2024-11-12 13:41:14,548 INFO  EvoClassLoader - Seeing class for first time: com.fasterxml.jackson.core.type.WritableTypeId
2024-11-12 13:41:14,548 INFO  EvoClassLoader - Instrumenting class 'com.fasterxml.jackson.core.type.WritableTypeId'.
2024-11-12 13:41:14,548 INFO  MethodCallReplacementClassAdapter - Adding mock interface to class com/fasterxml/jackson/core/type/WritableTypeId
2024-11-12 13:41:14,549 INFO  CreateClassResetClassAdapter - Creating brand-new static initializer in class com/fasterxml/jackson/core/type/WritableTypeId
2024-11-12 13:41:14,549 INFO  EvoClassLoader - Defined package (3): package com.fasterxml.jackson.core.type, 596633057
2024-11-12 13:41:14,549 INFO  EvoClassLoader - Keeping class: com.fasterxml.jackson.core.type.WritableTypeId
2024-11-12 13:41:14,549 INFO  EvoClassLoader - Seeing class for first time: com.fasterxml.jackson.core.TreeNode
2024-11-12 13:41:14,549 INFO  EvoClassLoader - Instrumenting class 'com.fasterxml.jackson.core.TreeNode'.
2024-11-12 13:41:14,549 INFO  EvoClassLoader - Keeping class: com.fasterxml.jackson.core.TreeNode
2024-11-12 13:41:14,549 INFO  EvoClassLoader - Seeing class for first time: com.fasterxml.jackson.core.JsonParser
2024-11-12 13:41:14,549 INFO  EvoClassLoader - Instrumenting class 'com.fasterxml.jackson.core.JsonParser'.
2024-11-12 13:41:14,550 INFO  MethodCallReplacementClassAdapter - Adding mock interface to class com/fasterxml/jackson/core/JsonParser
2024-11-12 13:41:14,551 INFO  CreateClassResetClassAdapter - Found static initializer in class com/fasterxml/jackson/core/JsonParser
2024-11-12 13:41:14,552 INFO  EvoClassLoader - Keeping class: com.fasterxml.jackson.core.JsonParser
2024-11-12 13:41:14,552 INFO  EvoClassLoader - Seeing class for first time: org.apache.hadoop.hdfs.server.namenode.FsImageProto$CacheManagerSection$Builder
2024-11-12 13:41:14,552 INFO  EvoClassLoader - Instrumenting class 'org.apache.hadoop.hdfs.server.namenode.FsImageProto$CacheManagerSection$Builder'.
2024-11-12 13:41:14,553 INFO  MethodCallReplacementClassAdapter - Adding mock interface to class org/apache/hadoop/hdfs/server/namenode/FsImageProto$CacheManagerSection$Builder
2024-11-12 13:41:14,553 INFO  CreateClassResetClassAdapter - Creating brand-new static initializer in class org/apache/hadoop/hdfs/server/namenode/FsImageProto$CacheManagerSection$Builder
2024-11-12 13:41:14,554 INFO  EvoClassLoader - Keeping class: org.apache.hadoop.hdfs.server.namenode.FsImageProto$CacheManagerSection$Builder
2024-11-12 13:41:14,554 INFO  EvoClassLoader - Seeing class for first time: org.apache.hadoop.hdfs.server.protocol.ReceivedDeletedBlockInfo
2024-11-12 13:41:14,554 INFO  EvoClassLoader - Instrumenting class 'org.apache.hadoop.hdfs.server.protocol.ReceivedDeletedBlockInfo'.
2024-11-12 13:41:14,554 INFO  MethodCallReplacementClassAdapter - Adding mock interface to class org/apache/hadoop/hdfs/server/protocol/ReceivedDeletedBlockInfo
2024-11-12 13:41:14,554 INFO  CreateClassResetClassAdapter - Found static initializer in class org/apache/hadoop/hdfs/server/protocol/ReceivedDeletedBlockInfo
2024-11-12 13:41:14,554 INFO  EvoClassLoader - Keeping class: org.apache.hadoop.hdfs.server.protocol.ReceivedDeletedBlockInfo
2024-11-12 13:41:14,555 INFO  EvoClassLoader - Seeing class for first time: org.apache.hadoop.hdfs.util.Diff$UndoInfo
2024-11-12 13:41:14,555 INFO  EvoClassLoader - Instrumenting class 'org.apache.hadoop.hdfs.util.Diff$UndoInfo'.
2024-11-12 13:41:14,555 INFO  MethodCallReplacementClassAdapter - Adding mock interface to class org/apache/hadoop/hdfs/util/Diff$UndoInfo
2024-11-12 13:41:14,555 INFO  CreateClassResetClassAdapter - Creating brand-new static initializer in class org/apache/hadoop/hdfs/util/Diff$UndoInfo
2024-11-12 13:41:14,555 INFO  EvoClassLoader - Keeping class: org.apache.hadoop.hdfs.util.Diff$UndoInfo
2024-11-12 13:41:14,556 INFO  EvoClassLoader - Seeing class for first time: org.apache.hadoop.hdfs.util.Diff$Container
2024-11-12 13:41:14,556 INFO  EvoClassLoader - Instrumenting class 'org.apache.hadoop.hdfs.util.Diff$Container'.
2024-11-12 13:41:14,556 INFO  MethodCallReplacementClassAdapter - Adding mock interface to class org/apache/hadoop/hdfs/util/Diff$Container
2024-11-12 13:41:14,556 INFO  CreateClassResetClassAdapter - Creating brand-new static initializer in class org/apache/hadoop/hdfs/util/Diff$Container
2024-11-12 13:41:14,556 INFO  EvoClassLoader - Keeping class: org.apache.hadoop.hdfs.util.Diff$Container
2024-11-12 13:41:14,556 INFO  EvoClassLoader - Seeing class for first time: org.apache.hadoop.thirdparty.com.google.common.collect.ImmutableList$Builder
2024-11-12 13:41:14,556 INFO  EvoClassLoader - Instrumenting class 'org.apache.hadoop.thirdparty.com.google.common.collect.ImmutableList$Builder'.
2024-11-12 13:41:14,557 INFO  MethodCallReplacementClassAdapter - Adding mock interface to class org/apache/hadoop/thirdparty/com/google/common/collect/ImmutableList$Builder
2024-11-12 13:41:14,557 INFO  CreateClassResetClassAdapter - Creating brand-new static initializer in class org/apache/hadoop/thirdparty/com/google/common/collect/ImmutableList$Builder
2024-11-12 13:41:14,557 INFO  EvoClassLoader - Seeing class for first time: org.apache.hadoop.thirdparty.com.google.common.collect.ImmutableCollection$Builder
2024-11-12 13:41:14,557 INFO  EvoClassLoader - Instrumenting class 'org.apache.hadoop.thirdparty.com.google.common.collect.ImmutableCollection$Builder'.
2024-11-12 13:41:14,558 INFO  MethodCallReplacementClassAdapter - Adding mock interface to class org/apache/hadoop/thirdparty/com/google/common/collect/ImmutableCollection$Builder
2024-11-12 13:41:14,558 INFO  CreateClassResetClassAdapter - Creating brand-new static initializer in class org/apache/hadoop/thirdparty/com/google/common/collect/ImmutableCollection$Builder
2024-11-12 13:41:14,558 INFO  CreateClassResetClassAdapter - Adding bytecode for initializing field DEFAULT_INITIAL_CAPACITY
2024-11-12 13:41:14,558 INFO  EvoClassLoader - Keeping class: org.apache.hadoop.thirdparty.com.google.common.collect.ImmutableCollection$Builder
2024-11-12 13:41:14,558 INFO  EvoClassLoader - Keeping class: org.apache.hadoop.thirdparty.com.google.common.collect.ImmutableList$Builder
2024-11-12 13:41:14,558 INFO  EvoClassLoader - Seeing class for first time: org.apache.hadoop.security.Credentials
2024-11-12 13:41:14,558 INFO  EvoClassLoader - Instrumenting class 'org.apache.hadoop.security.Credentials'.
2024-11-12 13:41:14,559 INFO  MethodCallReplacementClassAdapter - Adding mock interface to class org/apache/hadoop/security/Credentials
2024-11-12 13:41:14,561 INFO  CreateClassResetClassAdapter - Found static initializer in class org/apache/hadoop/security/Credentials
2024-11-12 13:41:14,562 INFO  EvoClassLoader - Keeping class: org.apache.hadoop.security.Credentials
2024-11-12 13:41:14,562 INFO  EvoClassLoader - Seeing class for first time: org.apache.hadoop.hdfs.server.namenode.SerialNumberManager$StringTable
2024-11-12 13:41:14,562 INFO  EvoClassLoader - Instrumenting class 'org.apache.hadoop.hdfs.server.namenode.SerialNumberManager$StringTable'.
2024-11-12 13:41:14,563 INFO  MethodCallReplacementClassAdapter - Adding mock interface to class org/apache/hadoop/hdfs/server/namenode/SerialNumberManager$StringTable
2024-11-12 13:41:14,563 INFO  CreateClassResetClassAdapter - Creating brand-new static initializer in class org/apache/hadoop/hdfs/server/namenode/SerialNumberManager$StringTable
2024-11-12 13:41:14,563 INFO  EvoClassLoader - Keeping class: org.apache.hadoop.hdfs.server.namenode.SerialNumberManager$StringTable
2024-11-12 13:41:14,564 INFO  EvoClassLoader - Seeing class for first time: org.apache.hadoop.hdfs.protocol.datatransfer.sasl.SaslDataTransferClient
2024-11-12 13:41:14,564 INFO  EvoClassLoader - Instrumenting class 'org.apache.hadoop.hdfs.protocol.datatransfer.sasl.SaslDataTransferClient'.
2024-11-12 13:41:14,564 INFO  MethodCallReplacementClassAdapter - Adding mock interface to class org/apache/hadoop/hdfs/protocol/datatransfer/sasl/SaslDataTransferClient
2024-11-12 13:41:14,566 INFO  CreateClassResetClassAdapter - Found static initializer in class org/apache/hadoop/hdfs/protocol/datatransfer/sasl/SaslDataTransferClient
2024-11-12 13:41:14,566 INFO  EvoClassLoader - Defined package (3): package org.apache.hadoop.hdfs.protocol.datatransfer.sasl, 575598492
2024-11-12 13:41:14,567 INFO  EvoClassLoader - Keeping class: org.apache.hadoop.hdfs.protocol.datatransfer.sasl.SaslDataTransferClient
2024-11-12 13:41:14,567 INFO  EvoClassLoader - Seeing class for first time: org.apache.hadoop.hdfs.protocol.datatransfer.sasl.DataEncryptionKeyFactory
2024-11-12 13:41:14,567 INFO  EvoClassLoader - Instrumenting class 'org.apache.hadoop.hdfs.protocol.datatransfer.sasl.DataEncryptionKeyFactory'.
2024-11-12 13:41:14,567 INFO  EvoClassLoader - Keeping class: org.apache.hadoop.hdfs.protocol.datatransfer.sasl.DataEncryptionKeyFactory
2024-11-12 13:41:14,567 INFO  EvoClassLoader - Seeing class for first time: org.apache.hadoop.hdfs.protocol.datatransfer.IOStreamPair
2024-11-12 13:41:14,567 INFO  EvoClassLoader - Instrumenting class 'org.apache.hadoop.hdfs.protocol.datatransfer.IOStreamPair'.
2024-11-12 13:41:14,567 INFO  MethodCallReplacementClassAdapter - Adding mock interface to class org/apache/hadoop/hdfs/protocol/datatransfer/IOStreamPair
2024-11-12 13:41:14,568 INFO  CreateClassResetClassAdapter - Creating brand-new static initializer in class org/apache/hadoop/hdfs/protocol/datatransfer/IOStreamPair
2024-11-12 13:41:14,568 INFO  EvoClassLoader - Defined package (3): package org.apache.hadoop.hdfs.protocol.datatransfer, -312567207
2024-11-12 13:41:14,568 INFO  EvoClassLoader - Keeping class: org.apache.hadoop.hdfs.protocol.datatransfer.IOStreamPair
2024-11-12 13:41:14,568 INFO  EvoClassLoader - Seeing class for first time: org.apache.hadoop.hdfs.server.namenode.FsImageProto$SecretManagerSection$DelegationKey$Builder
2024-11-12 13:41:14,568 INFO  EvoClassLoader - Instrumenting class 'org.apache.hadoop.hdfs.server.namenode.FsImageProto$SecretManagerSection$DelegationKey$Builder'.
2024-11-12 13:41:14,568 INFO  MethodCallReplacementClassAdapter - Adding mock interface to class org/apache/hadoop/hdfs/server/namenode/FsImageProto$SecretManagerSection$DelegationKey$Builder
2024-11-12 13:41:14,570 INFO  CreateClassResetClassAdapter - Creating brand-new static initializer in class org/apache/hadoop/hdfs/server/namenode/FsImageProto$SecretManagerSection$DelegationKey$Builder
2024-11-12 13:41:14,570 INFO  EvoClassLoader - Keeping class: org.apache.hadoop.hdfs.server.namenode.FsImageProto$SecretManagerSection$DelegationKey$Builder
2024-11-12 13:41:14,570 INFO  EvoClassLoader - Seeing class for first time: org.apache.log4j.spi.ErrorHandler
2024-11-12 13:41:14,570 INFO  EvoClassLoader - Instrumenting class 'org.apache.log4j.spi.ErrorHandler'.
2024-11-12 13:41:14,571 INFO  EvoClassLoader - Seeing class for first time: org.apache.log4j.spi.OptionHandler
2024-11-12 13:41:14,571 INFO  EvoClassLoader - Instrumenting class 'org.apache.log4j.spi.OptionHandler'.
2024-11-12 13:41:14,571 INFO  EvoClassLoader - Keeping class: org.apache.log4j.spi.OptionHandler
2024-11-12 13:41:14,571 INFO  EvoClassLoader - Keeping class: org.apache.log4j.spi.ErrorHandler
2024-11-12 13:41:14,572 INFO  EvoClassLoader - Seeing class for first time: com.ctc.wstx.dtd.DTDId
2024-11-12 13:41:14,572 INFO  EvoClassLoader - Instrumenting class 'com.ctc.wstx.dtd.DTDId'.
2024-11-12 13:41:14,572 INFO  MethodCallReplacementClassAdapter - Adding mock interface to class com/ctc/wstx/dtd/DTDId
2024-11-12 13:41:14,572 INFO  CreateClassResetClassAdapter - Creating brand-new static initializer in class com/ctc/wstx/dtd/DTDId
2024-11-12 13:41:14,572 INFO  EvoClassLoader - Defined package (3): package com.ctc.wstx.dtd, -1605853969
2024-11-12 13:41:14,572 INFO  EvoClassLoader - Keeping class: com.ctc.wstx.dtd.DTDId
2024-11-12 13:41:14,572 INFO  EvoClassLoader - Seeing class for first time: com.ctc.wstx.dtd.DTDSubset
2024-11-12 13:41:14,572 INFO  EvoClassLoader - Instrumenting class 'com.ctc.wstx.dtd.DTDSubset'.
2024-11-12 13:41:14,572 INFO  MethodCallReplacementClassAdapter - Adding mock interface to class com/ctc/wstx/dtd/DTDSubset
2024-11-12 13:41:14,573 INFO  CreateClassResetClassAdapter - Creating brand-new static initializer in class com/ctc/wstx/dtd/DTDSubset
2024-11-12 13:41:14,573 INFO  EvoClassLoader - Keeping class: com.ctc.wstx.dtd.DTDSubset
2024-11-12 13:41:14,573 INFO  EvoClassLoader - Seeing class for first time: org.apache.hadoop.hdfs.protocol.DatanodeInfo$AdminStates
2024-11-12 13:41:14,573 INFO  EvoClassLoader - Instrumenting class 'org.apache.hadoop.hdfs.protocol.DatanodeInfo$AdminStates'.
2024-11-12 13:41:14,573 INFO  MethodCallReplacementClassAdapter - Adding mock interface to class org/apache/hadoop/hdfs/protocol/DatanodeInfo$AdminStates
2024-11-12 13:41:14,573 INFO  CreateClassResetClassAdapter - Found static initializer in class org/apache/hadoop/hdfs/protocol/DatanodeInfo$AdminStates
2024-11-12 13:41:14,573 INFO  EvoClassLoader - Keeping class: org.apache.hadoop.hdfs.protocol.DatanodeInfo$AdminStates
2024-11-12 13:41:14,573 INFO  EvoClassLoader - Seeing class for first time: org.apache.hadoop.thirdparty.com.google.common.collect.ImmutableMap$Builder
2024-11-12 13:41:14,573 INFO  EvoClassLoader - Instrumenting class 'org.apache.hadoop.thirdparty.com.google.common.collect.ImmutableMap$Builder'.
2024-11-12 13:41:14,574 INFO  MethodCallReplacementClassAdapter - Adding mock interface to class org/apache/hadoop/thirdparty/com/google/common/collect/ImmutableMap$Builder
2024-11-12 13:41:14,574 INFO  CreateClassResetClassAdapter - Creating brand-new static initializer in class org/apache/hadoop/thirdparty/com/google/common/collect/ImmutableMap$Builder
2024-11-12 13:41:14,574 INFO  EvoClassLoader - Keeping class: org.apache.hadoop.thirdparty.com.google.common.collect.ImmutableMap$Builder
2024-11-12 13:41:14,574 INFO  EvoClassLoader - Seeing class for first time: org.apache.hadoop.thirdparty.com.google.common.collect.ImmutableSetMultimap
2024-11-12 13:41:14,574 INFO  EvoClassLoader - Instrumenting class 'org.apache.hadoop.thirdparty.com.google.common.collect.ImmutableSetMultimap'.
2024-11-12 13:41:14,574 INFO  MethodCallReplacementClassAdapter - Adding mock interface to class org/apache/hadoop/thirdparty/com/google/common/collect/ImmutableSetMultimap
2024-11-12 13:41:14,577 INFO  CreateClassResetClassAdapter - Creating brand-new static initializer in class org/apache/hadoop/thirdparty/com/google/common/collect/ImmutableSetMultimap
2024-11-12 13:41:14,577 INFO  EvoClassLoader - Seeing class for first time: org.apache.hadoop.thirdparty.com.google.common.collect.SetMultimap
2024-11-12 13:41:14,577 INFO  EvoClassLoader - Instrumenting class 'org.apache.hadoop.thirdparty.com.google.common.collect.SetMultimap'.
2024-11-12 13:41:14,578 INFO  EvoClassLoader - Keeping class: org.apache.hadoop.thirdparty.com.google.common.collect.SetMultimap
2024-11-12 13:41:14,578 INFO  EvoClassLoader - Seeing class for first time: org.apache.hadoop.thirdparty.com.google.common.collect.ImmutableMultimap
2024-11-12 13:41:14,578 INFO  EvoClassLoader - Instrumenting class 'org.apache.hadoop.thirdparty.com.google.common.collect.ImmutableMultimap'.
2024-11-12 13:41:14,578 INFO  MethodCallReplacementClassAdapter - Adding mock interface to class org/apache/hadoop/thirdparty/com/google/common/collect/ImmutableMultimap
2024-11-12 13:41:14,578 INFO  CreateClassResetClassAdapter - Creating brand-new static initializer in class org/apache/hadoop/thirdparty/com/google/common/collect/ImmutableMultimap
2024-11-12 13:41:14,578 INFO  EvoClassLoader - Seeing class for first time: org.apache.hadoop.thirdparty.com.google.common.collect.BaseImmutableMultimap
2024-11-12 13:41:14,578 INFO  EvoClassLoader - Instrumenting class 'org.apache.hadoop.thirdparty.com.google.common.collect.BaseImmutableMultimap'.
2024-11-12 13:41:14,579 INFO  MethodCallReplacementClassAdapter - Adding mock interface to class org/apache/hadoop/thirdparty/com/google/common/collect/BaseImmutableMultimap
2024-11-12 13:41:14,579 INFO  CreateClassResetClassAdapter - Creating brand-new static initializer in class org/apache/hadoop/thirdparty/com/google/common/collect/BaseImmutableMultimap
2024-11-12 13:41:14,579 INFO  EvoClassLoader - Seeing class for first time: org.apache.hadoop.thirdparty.com.google.common.collect.AbstractMultimap
2024-11-12 13:41:14,579 INFO  EvoClassLoader - Instrumenting class 'org.apache.hadoop.thirdparty.com.google.common.collect.AbstractMultimap'.
2024-11-12 13:41:14,579 INFO  MethodCallReplacementClassAdapter - Adding mock interface to class org/apache/hadoop/thirdparty/com/google/common/collect/AbstractMultimap
2024-11-12 13:41:14,579 INFO  CreateClassResetClassAdapter - Creating brand-new static initializer in class org/apache/hadoop/thirdparty/com/google/common/collect/AbstractMultimap
2024-11-12 13:41:14,579 INFO  EvoClassLoader - Keeping class: org.apache.hadoop.thirdparty.com.google.common.collect.AbstractMultimap
2024-11-12 13:41:14,579 INFO  EvoClassLoader - Keeping class: org.apache.hadoop.thirdparty.com.google.common.collect.BaseImmutableMultimap
2024-11-12 13:41:14,579 INFO  EvoClassLoader - Keeping class: org.apache.hadoop.thirdparty.com.google.common.collect.ImmutableMultimap
2024-11-12 13:41:14,579 INFO  EvoClassLoader - Keeping class: org.apache.hadoop.thirdparty.com.google.common.collect.ImmutableSetMultimap
2024-11-12 13:41:14,580 INFO  EvoClassLoader - Seeing class for first time: org.apache.hadoop.hdfs.server.protocol.RemoteEditLogManifest
2024-11-12 13:41:14,580 INFO  EvoClassLoader - Instrumenting class 'org.apache.hadoop.hdfs.server.protocol.RemoteEditLogManifest'.
2024-11-12 13:41:14,580 INFO  MethodCallReplacementClassAdapter - Adding mock interface to class org/apache/hadoop/hdfs/server/protocol/RemoteEditLogManifest
2024-11-12 13:41:14,580 INFO  CreateClassResetClassAdapter - Creating brand-new static initializer in class org/apache/hadoop/hdfs/server/protocol/RemoteEditLogManifest
2024-11-12 13:41:14,580 INFO  EvoClassLoader - Keeping class: org.apache.hadoop.hdfs.server.protocol.RemoteEditLogManifest
2024-11-12 13:41:14,580 INFO  EvoClassLoader - Seeing class for first time: org.apache.hadoop.hdfs.server.namenode.JournalSet
2024-11-12 13:41:14,580 INFO  EvoClassLoader - Instrumenting class 'org.apache.hadoop.hdfs.server.namenode.JournalSet'.
2024-11-12 13:41:14,581 INFO  MethodCallReplacementClassAdapter - Adding mock interface to class org/apache/hadoop/hdfs/server/namenode/JournalSet
2024-11-12 13:41:14,582 INFO  CreateClassResetClassAdapter - Found static initializer in class org/apache/hadoop/hdfs/server/namenode/JournalSet
2024-11-12 13:41:14,582 INFO  EvoClassLoader - Keeping class: org.apache.hadoop.hdfs.server.namenode.JournalSet
2024-11-12 13:41:14,582 INFO  EvoClassLoader - Seeing class for first time: org.apache.hadoop.hdfs.server.namenode.MetaRecoveryContext
2024-11-12 13:41:14,582 INFO  EvoClassLoader - Instrumenting class 'org.apache.hadoop.hdfs.server.namenode.MetaRecoveryContext'.
2024-11-12 13:41:14,582 INFO  MethodCallReplacementClassAdapter - Adding mock interface to class org/apache/hadoop/hdfs/server/namenode/MetaRecoveryContext
2024-11-12 13:41:14,583 INFO  CreateClassResetClassAdapter - Found static initializer in class org/apache/hadoop/hdfs/server/namenode/MetaRecoveryContext
2024-11-12 13:41:14,583 INFO  EvoClassLoader - Keeping class: org.apache.hadoop.hdfs.server.namenode.MetaRecoveryContext
2024-11-12 13:41:14,584 INFO  EvoClassLoader - Seeing class for first time: org.apache.hadoop.hdfs.server.namenode.BackupJournalManager
2024-11-12 13:41:14,584 INFO  EvoClassLoader - Instrumenting class 'org.apache.hadoop.hdfs.server.namenode.BackupJournalManager'.
2024-11-12 13:41:14,584 INFO  MethodCallReplacementClassAdapter - Adding mock interface to class org/apache/hadoop/hdfs/server/namenode/BackupJournalManager
2024-11-12 13:41:14,584 INFO  CreateClassResetClassAdapter - Creating brand-new static initializer in class org/apache/hadoop/hdfs/server/namenode/BackupJournalManager
2024-11-12 13:41:14,584 INFO  EvoClassLoader - Keeping class: org.apache.hadoop.hdfs.server.namenode.BackupJournalManager
2024-11-12 13:41:14,584 INFO  EvoClassLoader - Seeing class for first time: org.apache.hadoop.hdfs.protocol.CachePoolStats
2024-11-12 13:41:14,584 INFO  EvoClassLoader - Instrumenting class 'org.apache.hadoop.hdfs.protocol.CachePoolStats'.
2024-11-12 13:41:14,585 INFO  MethodCallReplacementClassAdapter - Adding mock interface to class org/apache/hadoop/hdfs/protocol/CachePoolStats
2024-11-12 13:41:14,585 INFO  CreateClassResetClassAdapter - Creating brand-new static initializer in class org/apache/hadoop/hdfs/protocol/CachePoolStats
2024-11-12 13:41:14,585 INFO  EvoClassLoader - Keeping class: org.apache.hadoop.hdfs.protocol.CachePoolStats
2024-11-12 13:41:14,585 INFO  EvoClassLoader - Seeing class for first time: org.apache.hadoop.hdfs.server.protocol.BlocksWithLocations$BlockWithLocations
2024-11-12 13:41:14,585 INFO  EvoClassLoader - Instrumenting class 'org.apache.hadoop.hdfs.server.protocol.BlocksWithLocations$BlockWithLocations'.
2024-11-12 13:41:14,585 INFO  MethodCallReplacementClassAdapter - Adding mock interface to class org/apache/hadoop/hdfs/server/protocol/BlocksWithLocations$BlockWithLocations
2024-11-12 13:41:14,585 INFO  CreateClassResetClassAdapter - Creating brand-new static initializer in class org/apache/hadoop/hdfs/server/protocol/BlocksWithLocations$BlockWithLocations
2024-11-12 13:41:14,585 INFO  EvoClassLoader - Keeping class: org.apache.hadoop.hdfs.server.protocol.BlocksWithLocations$BlockWithLocations
2024-11-12 13:41:14,586 INFO  EvoClassLoader - Seeing class for first time: org.apache.hadoop.hdfs.protocol.HdfsPartialListing
2024-11-12 13:41:14,586 INFO  EvoClassLoader - Instrumenting class 'org.apache.hadoop.hdfs.protocol.HdfsPartialListing'.
2024-11-12 13:41:14,586 INFO  MethodCallReplacementClassAdapter - Adding mock interface to class org/apache/hadoop/hdfs/protocol/HdfsPartialListing
2024-11-12 13:41:14,586 INFO  CreateClassResetClassAdapter - Creating brand-new static initializer in class org/apache/hadoop/hdfs/protocol/HdfsPartialListing
2024-11-12 13:41:14,586 INFO  EvoClassLoader - Keeping class: org.apache.hadoop.hdfs.protocol.HdfsPartialListing
2024-11-12 13:41:14,586 INFO  EvoClassLoader - Seeing class for first time: org.apache.hadoop.hdfs.server.namenode.snapshot.FileDiffList
2024-11-12 13:41:14,586 INFO  EvoClassLoader - Instrumenting class 'org.apache.hadoop.hdfs.server.namenode.snapshot.FileDiffList'.
2024-11-12 13:41:14,586 INFO  MethodCallReplacementClassAdapter - Adding mock interface to class org/apache/hadoop/hdfs/server/namenode/snapshot/FileDiffList
2024-11-12 13:41:14,587 INFO  CreateClassResetClassAdapter - Found static initializer in class org/apache/hadoop/hdfs/server/namenode/snapshot/FileDiffList
2024-11-12 13:41:14,587 INFO  EvoClassLoader - Keeping class: org.apache.hadoop.hdfs.server.namenode.snapshot.FileDiffList
2024-11-12 13:41:14,587 INFO  EvoClassLoader - Seeing class for first time: org.apache.hadoop.hdfs.server.namenode.snapshot.FileWithSnapshotFeature
2024-11-12 13:41:14,587 INFO  EvoClassLoader - Instrumenting class 'org.apache.hadoop.hdfs.server.namenode.snapshot.FileWithSnapshotFeature'.
2024-11-12 13:41:14,587 INFO  MethodCallReplacementClassAdapter - Adding mock interface to class org/apache/hadoop/hdfs/server/namenode/snapshot/FileWithSnapshotFeature
2024-11-12 13:41:14,588 INFO  CreateClassResetClassAdapter - Creating brand-new static initializer in class org/apache/hadoop/hdfs/server/namenode/snapshot/FileWithSnapshotFeature
2024-11-12 13:41:14,588 INFO  EvoClassLoader - Keeping class: org.apache.hadoop.hdfs.server.namenode.snapshot.FileWithSnapshotFeature
2024-11-12 13:41:14,588 INFO  EvoClassLoader - Seeing class for first time: org.apache.hadoop.hdfs.server.namenode.FileUnderConstructionFeature
2024-11-12 13:41:14,588 INFO  EvoClassLoader - Instrumenting class 'org.apache.hadoop.hdfs.server.namenode.FileUnderConstructionFeature'.
2024-11-12 13:41:14,589 INFO  MethodCallReplacementClassAdapter - Adding mock interface to class org/apache/hadoop/hdfs/server/namenode/FileUnderConstructionFeature
2024-11-12 13:41:14,589 INFO  CreateClassResetClassAdapter - Found static initializer in class org/apache/hadoop/hdfs/server/namenode/FileUnderConstructionFeature
2024-11-12 13:41:14,589 INFO  EvoClassLoader - Keeping class: org.apache.hadoop.hdfs.server.namenode.FileUnderConstructionFeature
2024-11-12 13:41:14,589 INFO  EvoClassLoader - Seeing class for first time: org.apache.hadoop.io.retry.RetryPolicy
2024-11-12 13:41:14,589 INFO  EvoClassLoader - Instrumenting class 'org.apache.hadoop.io.retry.RetryPolicy'.
2024-11-12 13:41:14,590 INFO  EvoClassLoader - Defined package (3): package org.apache.hadoop.io.retry, -290473677
2024-11-12 13:41:14,590 INFO  EvoClassLoader - Keeping class: org.apache.hadoop.io.retry.RetryPolicy
2024-11-12 13:41:14,590 INFO  EvoClassLoader - Seeing class for first time: org.apache.hadoop.hdfs.server.blockmanagement.BlockUnderConstructionFeature
2024-11-12 13:41:14,590 INFO  EvoClassLoader - Instrumenting class 'org.apache.hadoop.hdfs.server.blockmanagement.BlockUnderConstructionFeature'.
2024-11-12 13:41:14,591 INFO  MethodCallReplacementClassAdapter - Adding mock interface to class org/apache/hadoop/hdfs/server/blockmanagement/BlockUnderConstructionFeature
2024-11-12 13:41:14,591 INFO  CreateClassResetClassAdapter - Found static initializer in class org/apache/hadoop/hdfs/server/blockmanagement/BlockUnderConstructionFeature
2024-11-12 13:41:14,592 INFO  EvoClassLoader - Keeping class: org.apache.hadoop.hdfs.server.blockmanagement.BlockUnderConstructionFeature
2024-11-12 13:41:14,592 INFO  EvoClassLoader - Seeing class for first time: org.apache.hadoop.hdfs.server.protocol.DatanodeCommand
2024-11-12 13:41:14,592 INFO  EvoClassLoader - Instrumenting class 'org.apache.hadoop.hdfs.server.protocol.DatanodeCommand'.
2024-11-12 13:41:14,592 INFO  MethodCallReplacementClassAdapter - Adding mock interface to class org/apache/hadoop/hdfs/server/protocol/DatanodeCommand
2024-11-12 13:41:14,592 INFO  CreateClassResetClassAdapter - Creating brand-new static initializer in class org/apache/hadoop/hdfs/server/protocol/DatanodeCommand
2024-11-12 13:41:14,592 INFO  EvoClassLoader - Keeping class: org.apache.hadoop.hdfs.server.protocol.DatanodeCommand
2024-11-12 13:41:14,592 INFO  EvoClassLoader - Seeing class for first time: org.apache.hadoop.hdfs.server.protocol.NNHAStatusHeartbeat
2024-11-12 13:41:14,592 INFO  EvoClassLoader - Instrumenting class 'org.apache.hadoop.hdfs.server.protocol.NNHAStatusHeartbeat'.
2024-11-12 13:41:14,592 INFO  MethodCallReplacementClassAdapter - Adding mock interface to class org/apache/hadoop/hdfs/server/protocol/NNHAStatusHeartbeat
2024-11-12 13:41:14,592 INFO  CreateClassResetClassAdapter - Creating brand-new static initializer in class org/apache/hadoop/hdfs/server/protocol/NNHAStatusHeartbeat
2024-11-12 13:41:14,593 INFO  EvoClassLoader - Keeping class: org.apache.hadoop.hdfs.server.protocol.NNHAStatusHeartbeat
2024-11-12 13:41:14,593 INFO  EvoClassLoader - Seeing class for first time: org.apache.hadoop.security.token.delegation.AbstractDelegationTokenSecretManager$DelegationTokenInformation
2024-11-12 13:41:14,593 INFO  EvoClassLoader - Instrumenting class 'org.apache.hadoop.security.token.delegation.AbstractDelegationTokenSecretManager$DelegationTokenInformation'.
2024-11-12 13:41:14,593 INFO  MethodCallReplacementClassAdapter - Adding mock interface to class org/apache/hadoop/security/token/delegation/AbstractDelegationTokenSecretManager$DelegationTokenInformation
2024-11-12 13:41:14,593 INFO  CreateClassResetClassAdapter - Creating brand-new static initializer in class org/apache/hadoop/security/token/delegation/AbstractDelegationTokenSecretManager$DelegationTokenInformation
2024-11-12 13:41:14,593 INFO  EvoClassLoader - Keeping class: org.apache.hadoop.security.token.delegation.AbstractDelegationTokenSecretManager$DelegationTokenInformation
2024-11-12 13:41:14,593 INFO  EvoClassLoader - Seeing class for first time: org.apache.hadoop.hdfs.protocol.ZoneReencryptionStatus$State
2024-11-12 13:41:14,593 INFO  EvoClassLoader - Instrumenting class 'org.apache.hadoop.hdfs.protocol.ZoneReencryptionStatus$State'.
2024-11-12 13:41:14,593 INFO  MethodCallReplacementClassAdapter - Adding mock interface to class org/apache/hadoop/hdfs/protocol/ZoneReencryptionStatus$State
2024-11-12 13:41:14,594 INFO  CreateClassResetClassAdapter - Found static initializer in class org/apache/hadoop/hdfs/protocol/ZoneReencryptionStatus$State
2024-11-12 13:41:14,594 INFO  EvoClassLoader - Keeping class: org.apache.hadoop.hdfs.protocol.ZoneReencryptionStatus$State
2024-11-12 13:41:14,594 INFO  EvoClassLoader - Seeing class for first time: org.apache.hadoop.hdfs.protocol.proto.HdfsProtos$ReencryptionInfoProto
2024-11-12 13:41:14,594 INFO  EvoClassLoader - Instrumenting class 'org.apache.hadoop.hdfs.protocol.proto.HdfsProtos$ReencryptionInfoProto'.
2024-11-12 13:41:14,594 INFO  MethodCallReplacementClassAdapter - Adding mock interface to class org/apache/hadoop/hdfs/protocol/proto/HdfsProtos$ReencryptionInfoProto
2024-11-12 13:41:14,595 INFO  CreateClassResetClassAdapter - Found static initializer in class org/apache/hadoop/hdfs/protocol/proto/HdfsProtos$ReencryptionInfoProto
2024-11-12 13:41:14,595 INFO  EvoClassLoader - Seeing class for first time: org.apache.hadoop.hdfs.protocol.proto.HdfsProtos$ReencryptionInfoProtoOrBuilder
2024-11-12 13:41:14,595 INFO  EvoClassLoader - Instrumenting class 'org.apache.hadoop.hdfs.protocol.proto.HdfsProtos$ReencryptionInfoProtoOrBuilder'.
2024-11-12 13:41:14,596 INFO  EvoClassLoader - Keeping class: org.apache.hadoop.hdfs.protocol.proto.HdfsProtos$ReencryptionInfoProtoOrBuilder
2024-11-12 13:41:14,596 INFO  EvoClassLoader - Keeping class: org.apache.hadoop.hdfs.protocol.proto.HdfsProtos$ReencryptionInfoProto
2024-11-12 13:41:14,596 INFO  EvoClassLoader - Seeing class for first time: org.apache.hadoop.thirdparty.protobuf.MapField
2024-11-12 13:41:14,596 INFO  EvoClassLoader - Instrumenting class 'org.apache.hadoop.thirdparty.protobuf.MapField'.
2024-11-12 13:41:14,596 INFO  MethodCallReplacementClassAdapter - Adding mock interface to class org/apache/hadoop/thirdparty/protobuf/MapField
2024-11-12 13:41:14,596 INFO  CreateClassResetClassAdapter - Creating brand-new static initializer in class org/apache/hadoop/thirdparty/protobuf/MapField
2024-11-12 13:41:14,596 INFO  EvoClassLoader - Seeing class for first time: org.apache.hadoop.thirdparty.protobuf.MutabilityOracle
2024-11-12 13:41:14,596 INFO  EvoClassLoader - Instrumenting class 'org.apache.hadoop.thirdparty.protobuf.MutabilityOracle'.
2024-11-12 13:41:14,597 INFO  EvoClassLoader - Keeping class: org.apache.hadoop.thirdparty.protobuf.MutabilityOracle
2024-11-12 13:41:14,597 INFO  EvoClassLoader - Keeping class: org.apache.hadoop.thirdparty.protobuf.MapField
2024-11-12 13:41:14,597 INFO  EvoClassLoader - Seeing class for first time: org.apache.hadoop.net.unix.DomainSocket
2024-11-12 13:41:14,597 INFO  EvoClassLoader - Instrumenting class 'org.apache.hadoop.net.unix.DomainSocket'.
2024-11-12 13:41:14,597 INFO  MethodCallReplacementClassAdapter - Adding mock interface to class org/apache/hadoop/net/unix/DomainSocket
2024-11-12 13:41:14,598 INFO  CreateClassResetClassAdapter - Found static initializer in class org/apache/hadoop/net/unix/DomainSocket
2024-11-12 13:41:14,598 INFO  EvoClassLoader - Defined package (3): package org.apache.hadoop.net.unix, 1490252940
2024-11-12 13:41:14,598 INFO  EvoClassLoader - Keeping class: org.apache.hadoop.net.unix.DomainSocket
2024-11-12 13:41:14,598 INFO  EvoClassLoader - Seeing class for first time: org.apache.hadoop.crypto.CipherSuite
2024-11-12 13:41:14,598 INFO  EvoClassLoader - Instrumenting class 'org.apache.hadoop.crypto.CipherSuite'.
2024-11-12 13:41:14,599 INFO  MethodCallReplacementClassAdapter - Adding mock interface to class org/apache/hadoop/crypto/CipherSuite
2024-11-12 13:41:14,599 INFO  CreateClassResetClassAdapter - Found static initializer in class org/apache/hadoop/crypto/CipherSuite
2024-11-12 13:41:14,599 INFO  EvoClassLoader - Keeping class: org.apache.hadoop.crypto.CipherSuite
2024-11-12 13:41:14,599 INFO  EvoClassLoader - Seeing class for first time: org.apache.hadoop.hdfs.server.namenode.CachePool$DirectiveList
2024-11-12 13:41:14,599 INFO  EvoClassLoader - Instrumenting class 'org.apache.hadoop.hdfs.server.namenode.CachePool$DirectiveList'.
2024-11-12 13:41:14,599 INFO  MethodCallReplacementClassAdapter - Adding mock interface to class org/apache/hadoop/hdfs/server/namenode/CachePool$DirectiveList
2024-11-12 13:41:14,600 INFO  CreateClassResetClassAdapter - Creating brand-new static initializer in class org/apache/hadoop/hdfs/server/namenode/CachePool$DirectiveList
2024-11-12 13:41:14,600 INFO  EvoClassLoader - Keeping class: org.apache.hadoop.hdfs.server.namenode.CachePool$DirectiveList
2024-11-12 13:41:14,600 INFO  EvoClassLoader - Seeing class for first time: org.apache.hadoop.hdfs.server.namenode.snapshot.SnapshotFSImageFormat$ReferenceMap
2024-11-12 13:41:14,600 INFO  EvoClassLoader - Instrumenting class 'org.apache.hadoop.hdfs.server.namenode.snapshot.SnapshotFSImageFormat$ReferenceMap'.
2024-11-12 13:41:14,600 INFO  MethodCallReplacementClassAdapter - Adding mock interface to class org/apache/hadoop/hdfs/server/namenode/snapshot/SnapshotFSImageFormat$ReferenceMap
2024-11-12 13:41:14,600 INFO  CreateClassResetClassAdapter - Creating brand-new static initializer in class org/apache/hadoop/hdfs/server/namenode/snapshot/SnapshotFSImageFormat$ReferenceMap
2024-11-12 13:41:14,600 INFO  EvoClassLoader - Keeping class: org.apache.hadoop.hdfs.server.namenode.snapshot.SnapshotFSImageFormat$ReferenceMap
2024-11-12 13:41:14,600 INFO  EvoClassLoader - Seeing class for first time: org.apache.commons.cli.OptionGroup
2024-11-12 13:41:14,600 INFO  EvoClassLoader - Instrumenting class 'org.apache.commons.cli.OptionGroup'.
2024-11-12 13:41:14,600 INFO  MethodCallReplacementClassAdapter - Adding mock interface to class org/apache/commons/cli/OptionGroup
2024-11-12 13:41:14,600 INFO  CreateClassResetClassAdapter - Creating brand-new static initializer in class org/apache/commons/cli/OptionGroup
2024-11-12 13:41:14,600 INFO  EvoClassLoader - Keeping class: org.apache.commons.cli.OptionGroup
2024-11-12 13:41:14,601 INFO  EvoClassLoader - Seeing class for first time: org.codehaus.stax2.typed.Base64Variant
2024-11-12 13:41:14,601 INFO  EvoClassLoader - Instrumenting class 'org.codehaus.stax2.typed.Base64Variant'.
2024-11-12 13:41:14,601 INFO  MethodCallReplacementClassAdapter - Adding mock interface to class org/codehaus/stax2/typed/Base64Variant
2024-11-12 13:41:14,601 INFO  CreateClassResetClassAdapter - Creating brand-new static initializer in class org/codehaus/stax2/typed/Base64Variant
2024-11-12 13:41:14,601 INFO  CreateClassResetClassAdapter - Adding bytecode for initializing field PADDING_CHAR_NONE
2024-11-12 13:41:14,601 INFO  CreateClassResetClassAdapter - Adding bytecode for initializing field BASE64_VALUE_INVALID
2024-11-12 13:41:14,601 INFO  CreateClassResetClassAdapter - Adding bytecode for initializing field BASE64_VALUE_PADDING
2024-11-12 13:41:14,601 INFO  EvoClassLoader - Keeping class: org.codehaus.stax2.typed.Base64Variant
2024-11-12 13:41:14,601 INFO  EvoClassLoader - Seeing class for first time: org.apache.commons.cli.CommandLine
2024-11-12 13:41:14,601 INFO  EvoClassLoader - Instrumenting class 'org.apache.commons.cli.CommandLine'.
2024-11-12 13:41:14,602 INFO  MethodCallReplacementClassAdapter - Adding mock interface to class org/apache/commons/cli/CommandLine
2024-11-12 13:41:14,602 INFO  CreateClassResetClassAdapter - Creating brand-new static initializer in class org/apache/commons/cli/CommandLine
2024-11-12 13:41:14,602 INFO  EvoClassLoader - Keeping class: org.apache.commons.cli.CommandLine
2024-11-12 13:41:14,602 INFO  EvoClassLoader - Seeing class for first time: org.apache.hadoop.hdfs.server.namenode.ha.RemoteNameNodeInfo
2024-11-12 13:41:14,602 INFO  EvoClassLoader - Instrumenting class 'org.apache.hadoop.hdfs.server.namenode.ha.RemoteNameNodeInfo'.
2024-11-12 13:41:14,602 INFO  MethodCallReplacementClassAdapter - Adding mock interface to class org/apache/hadoop/hdfs/server/namenode/ha/RemoteNameNodeInfo
2024-11-12 13:41:14,602 INFO  CreateClassResetClassAdapter - Creating brand-new static initializer in class org/apache/hadoop/hdfs/server/namenode/ha/RemoteNameNodeInfo
2024-11-12 13:41:14,602 INFO  EvoClassLoader - Keeping class: org.apache.hadoop.hdfs.server.namenode.ha.RemoteNameNodeInfo
2024-11-12 13:41:14,603 INFO  EvoClassLoader - Seeing class for first time: com.ctc.wstx.dtd.DTDEventListener
2024-11-12 13:41:14,603 INFO  EvoClassLoader - Instrumenting class 'com.ctc.wstx.dtd.DTDEventListener'.
2024-11-12 13:41:14,603 INFO  EvoClassLoader - Keeping class: com.ctc.wstx.dtd.DTDEventListener
2024-11-12 13:41:14,603 INFO  EvoClassLoader - Seeing class for first time: org.apache.hadoop.hdfs.util.Canceler
2024-11-12 13:41:14,603 INFO  EvoClassLoader - Instrumenting class 'org.apache.hadoop.hdfs.util.Canceler'.
2024-11-12 13:41:14,603 INFO  MethodCallReplacementClassAdapter - Adding mock interface to class org/apache/hadoop/hdfs/util/Canceler
2024-11-12 13:41:14,603 INFO  CreateClassResetClassAdapter - Creating brand-new static initializer in class org/apache/hadoop/hdfs/util/Canceler
2024-11-12 13:41:14,603 INFO  EvoClassLoader - Keeping class: org.apache.hadoop.hdfs.util.Canceler
2024-11-12 13:41:14,603 INFO  EvoClassLoader - Seeing class for first time: org.apache.hadoop.hdfs.server.namenode.FSImageStorageInspector$FSImageFile
2024-11-12 13:41:14,603 INFO  EvoClassLoader - Instrumenting class 'org.apache.hadoop.hdfs.server.namenode.FSImageStorageInspector$FSImageFile'.
2024-11-12 13:41:14,603 INFO  MethodCallReplacementClassAdapter - Adding mock interface to class org/apache/hadoop/hdfs/server/namenode/FSImageStorageInspector$FSImageFile
2024-11-12 13:41:14,604 INFO  CreateClassResetClassAdapter - Found static initializer in class org/apache/hadoop/hdfs/server/namenode/FSImageStorageInspector$FSImageFile
2024-11-12 13:41:14,604 INFO  EvoClassLoader - Keeping class: org.apache.hadoop.hdfs.server.namenode.FSImageStorageInspector$FSImageFile
2024-11-12 13:41:14,604 INFO  EvoClassLoader - Seeing class for first time: org.apache.hadoop.hdfs.server.namenode.SaveNamespaceContext
2024-11-12 13:41:14,604 INFO  EvoClassLoader - Instrumenting class 'org.apache.hadoop.hdfs.server.namenode.SaveNamespaceContext'.
2024-11-12 13:41:14,604 INFO  MethodCallReplacementClassAdapter - Adding mock interface to class org/apache/hadoop/hdfs/server/namenode/SaveNamespaceContext
2024-11-12 13:41:14,604 INFO  CreateClassResetClassAdapter - Creating brand-new static initializer in class org/apache/hadoop/hdfs/server/namenode/SaveNamespaceContext
2024-11-12 13:41:14,604 INFO  EvoClassLoader - Keeping class: org.apache.hadoop.hdfs.server.namenode.SaveNamespaceContext
2024-11-12 13:41:14,605 INFO  EvoClassLoader - Seeing class for first time: org.apache.hadoop.io.erasurecode.ECSchema
2024-11-12 13:41:14,605 INFO  EvoClassLoader - Instrumenting class 'org.apache.hadoop.io.erasurecode.ECSchema'.
2024-11-12 13:41:14,605 INFO  MethodCallReplacementClassAdapter - Adding mock interface to class org/apache/hadoop/io/erasurecode/ECSchema
2024-11-12 13:41:14,606 INFO  CreateClassResetClassAdapter - Found static initializer in class org/apache/hadoop/io/erasurecode/ECSchema
2024-11-12 13:41:14,606 INFO  EvoClassLoader - Defined package (3): package org.apache.hadoop.io.erasurecode, 230088481
2024-11-12 13:41:14,606 INFO  EvoClassLoader - Keeping class: org.apache.hadoop.io.erasurecode.ECSchema
2024-11-12 13:41:14,607 INFO  EvoClassLoader - Seeing class for first time: org.apache.hadoop.hdfs.protocol.CacheDirective
2024-11-12 13:41:14,607 INFO  EvoClassLoader - Instrumenting class 'org.apache.hadoop.hdfs.protocol.CacheDirective'.
2024-11-12 13:41:14,608 INFO  MethodCallReplacementClassAdapter - Adding mock interface to class org/apache/hadoop/hdfs/protocol/CacheDirective
2024-11-12 13:41:14,608 INFO  CreateClassResetClassAdapter - Found static initializer in class org/apache/hadoop/hdfs/protocol/CacheDirective
2024-11-12 13:41:14,608 INFO  EvoClassLoader - Keeping class: org.apache.hadoop.hdfs.protocol.CacheDirective
2024-11-12 13:41:14,609 INFO  EvoClassLoader - Seeing class for first time: org.apache.hadoop.hdfs.protocol.CacheDirectiveStats
2024-11-12 13:41:14,609 INFO  EvoClassLoader - Instrumenting class 'org.apache.hadoop.hdfs.protocol.CacheDirectiveStats'.
2024-11-12 13:41:14,609 INFO  MethodCallReplacementClassAdapter - Adding mock interface to class org/apache/hadoop/hdfs/protocol/CacheDirectiveStats
2024-11-12 13:41:14,609 INFO  CreateClassResetClassAdapter - Creating brand-new static initializer in class org/apache/hadoop/hdfs/protocol/CacheDirectiveStats
2024-11-12 13:41:14,609 INFO  EvoClassLoader - Keeping class: org.apache.hadoop.hdfs.protocol.CacheDirectiveStats
2024-11-12 13:41:14,609 INFO  EvoClassLoader - Seeing class for first time: org.apache.hadoop.hdfs.server.namenode.CacheManager$PersistState
2024-11-12 13:41:14,609 INFO  EvoClassLoader - Instrumenting class 'org.apache.hadoop.hdfs.server.namenode.CacheManager$PersistState'.
2024-11-12 13:41:14,609 INFO  MethodCallReplacementClassAdapter - Adding mock interface to class org/apache/hadoop/hdfs/server/namenode/CacheManager$PersistState
2024-11-12 13:41:14,610 INFO  CreateClassResetClassAdapter - Creating brand-new static initializer in class org/apache/hadoop/hdfs/server/namenode/CacheManager$PersistState
2024-11-12 13:41:14,610 INFO  EvoClassLoader - Keeping class: org.apache.hadoop.hdfs.server.namenode.CacheManager$PersistState
2024-11-12 13:41:14,610 INFO  EvoClassLoader - Seeing class for first time: org.apache.hadoop.crypto.key.KeyProviderCryptoExtension$EncryptedKeyVersion
2024-11-12 13:41:14,610 INFO  EvoClassLoader - Instrumenting class 'org.apache.hadoop.crypto.key.KeyProviderCryptoExtension$EncryptedKeyVersion'.
2024-11-12 13:41:14,610 INFO  MethodCallReplacementClassAdapter - Adding mock interface to class org/apache/hadoop/crypto/key/KeyProviderCryptoExtension$EncryptedKeyVersion
2024-11-12 13:41:14,610 INFO  CreateClassResetClassAdapter - Creating brand-new static initializer in class org/apache/hadoop/crypto/key/KeyProviderCryptoExtension$EncryptedKeyVersion
2024-11-12 13:41:14,611 INFO  EvoClassLoader - Keeping class: org.apache.hadoop.crypto.key.KeyProviderCryptoExtension$EncryptedKeyVersion
2024-11-12 13:41:14,611 INFO  EvoClassLoader - Seeing class for first time: org.apache.hadoop.crypto.key.KeyProvider$KeyVersion
2024-11-12 13:41:14,611 INFO  EvoClassLoader - Instrumenting class 'org.apache.hadoop.crypto.key.KeyProvider$KeyVersion'.
2024-11-12 13:41:14,611 INFO  MethodCallReplacementClassAdapter - Adding mock interface to class org/apache/hadoop/crypto/key/KeyProvider$KeyVersion
2024-11-12 13:41:14,611 INFO  CreateClassResetClassAdapter - Creating brand-new static initializer in class org/apache/hadoop/crypto/key/KeyProvider$KeyVersion
2024-11-12 13:41:14,612 INFO  EvoClassLoader - Keeping class: org.apache.hadoop.crypto.key.KeyProvider$KeyVersion
2024-11-12 13:41:14,612 INFO  EvoClassLoader - Seeing class for first time: org.apache.hadoop.http.HttpConfig$Policy
2024-11-12 13:41:14,612 INFO  EvoClassLoader - Instrumenting class 'org.apache.hadoop.http.HttpConfig$Policy'.
2024-11-12 13:41:14,612 INFO  MethodCallReplacementClassAdapter - Adding mock interface to class org/apache/hadoop/http/HttpConfig$Policy
2024-11-12 13:41:14,612 INFO  CreateClassResetClassAdapter - Found static initializer in class org/apache/hadoop/http/HttpConfig$Policy
2024-11-12 13:41:14,612 INFO  EvoClassLoader - Keeping class: org.apache.hadoop.http.HttpConfig$Policy
2024-11-12 13:41:14,612 INFO  EvoClassLoader - Seeing class for first time: com.google.protobuf.BlockingService
2024-11-12 13:41:14,612 INFO  EvoClassLoader - Instrumenting class 'com.google.protobuf.BlockingService'.
2024-11-12 13:41:14,613 INFO  EvoClassLoader - Defined package (3): package com.google.protobuf, -650818253
2024-11-12 13:41:14,613 INFO  EvoClassLoader - Keeping class: com.google.protobuf.BlockingService
2024-11-12 13:41:14,613 INFO  EvoClassLoader - Seeing class for first time: org.apache.hadoop.ipc.RPC$Server
2024-11-12 13:41:14,613 INFO  EvoClassLoader - Instrumenting class 'org.apache.hadoop.ipc.RPC$Server'.
2024-11-12 13:41:14,613 INFO  MethodCallReplacementClassAdapter - Adding mock interface to class org/apache/hadoop/ipc/RPC$Server
2024-11-12 13:41:14,613 INFO  CreateClassResetClassAdapter - Found static initializer in class org/apache/hadoop/ipc/RPC$Server
2024-11-12 13:41:14,614 INFO  EvoClassLoader - Seeing class for first time: org.apache.hadoop.ipc.Server
2024-11-12 13:41:14,614 INFO  EvoClassLoader - Instrumenting class 'org.apache.hadoop.ipc.Server'.
2024-11-12 13:41:14,614 INFO  MethodCallReplacementClassAdapter - Adding mock interface to class org/apache/hadoop/ipc/Server
2024-11-12 13:41:14,616 INFO  CreateClassResetClassAdapter - Found static initializer in class org/apache/hadoop/ipc/Server
2024-11-12 13:41:14,617 INFO  EvoClassLoader - Keeping class: org.apache.hadoop.ipc.Server
2024-11-12 13:41:14,617 INFO  EvoClassLoader - Keeping class: org.apache.hadoop.ipc.RPC$Server
2024-11-12 13:41:14,617 INFO  EvoClassLoader - Seeing class for first time: org.apache.hadoop.thirdparty.protobuf.BlockingService
2024-11-12 13:41:14,617 INFO  EvoClassLoader - Instrumenting class 'org.apache.hadoop.thirdparty.protobuf.BlockingService'.
2024-11-12 13:41:14,617 INFO  EvoClassLoader - Keeping class: org.apache.hadoop.thirdparty.protobuf.BlockingService
2024-11-12 13:41:14,617 INFO  EvoClassLoader - Seeing class for first time: org.apache.hadoop.http.HttpServer2$Builder
2024-11-12 13:41:14,617 INFO  EvoClassLoader - Instrumenting class 'org.apache.hadoop.http.HttpServer2$Builder'.
2024-11-12 13:41:14,618 INFO  MethodCallReplacementClassAdapter - Adding mock interface to class org/apache/hadoop/http/HttpServer2$Builder
2024-11-12 13:41:14,618 INFO  CreateClassResetClassAdapter - Creating brand-new static initializer in class org/apache/hadoop/http/HttpServer2$Builder
2024-11-12 13:41:14,619 INFO  EvoClassLoader - Keeping class: org.apache.hadoop.http.HttpServer2$Builder
2024-11-12 13:41:14,619 INFO  EvoClassLoader - Seeing class for first time: org.apache.hadoop.hdfs.server.datanode.StorageLocation
2024-11-12 13:41:14,619 INFO  EvoClassLoader - Instrumenting class 'org.apache.hadoop.hdfs.server.datanode.StorageLocation'.
2024-11-12 13:41:14,619 INFO  MethodCallReplacementClassAdapter - Adding mock interface to class org/apache/hadoop/hdfs/server/datanode/StorageLocation
2024-11-12 13:41:14,621 INFO  CreateClassResetClassAdapter - Found static initializer in class org/apache/hadoop/hdfs/server/datanode/StorageLocation
2024-11-12 13:41:14,621 INFO  EvoClassLoader - Seeing class for first time: org.apache.hadoop.hdfs.server.datanode.checker.Checkable
2024-11-12 13:41:14,621 INFO  EvoClassLoader - Instrumenting class 'org.apache.hadoop.hdfs.server.datanode.checker.Checkable'.
2024-11-12 13:41:14,622 INFO  EvoClassLoader - Defined package (3): package org.apache.hadoop.hdfs.server.datanode.checker, 661882220
2024-11-12 13:41:14,622 INFO  EvoClassLoader - Keeping class: org.apache.hadoop.hdfs.server.datanode.checker.Checkable
2024-11-12 13:41:14,622 INFO  EvoClassLoader - Keeping class: org.apache.hadoop.hdfs.server.datanode.StorageLocation
2024-11-12 13:41:14,622 INFO  EvoClassLoader - Seeing class for first time: org.apache.hadoop.hdfs.server.namenode.FsImageProto$SecretManagerSection$PersistToken$Builder
2024-11-12 13:41:14,622 INFO  EvoClassLoader - Instrumenting class 'org.apache.hadoop.hdfs.server.namenode.FsImageProto$SecretManagerSection$PersistToken$Builder'.
2024-11-12 13:41:14,622 INFO  MethodCallReplacementClassAdapter - Adding mock interface to class org/apache/hadoop/hdfs/server/namenode/FsImageProto$SecretManagerSection$PersistToken$Builder
2024-11-12 13:41:14,623 INFO  CreateClassResetClassAdapter - Creating brand-new static initializer in class org/apache/hadoop/hdfs/server/namenode/FsImageProto$SecretManagerSection$PersistToken$Builder
2024-11-12 13:41:14,624 INFO  EvoClassLoader - Keeping class: org.apache.hadoop.hdfs.server.namenode.FsImageProto$SecretManagerSection$PersistToken$Builder
2024-11-12 13:41:14,625 INFO  EvoClassLoader - Seeing class for first time: org.apache.hadoop.conf.ReconfigurationUtil
2024-11-12 13:41:14,625 INFO  EvoClassLoader - Instrumenting class 'org.apache.hadoop.conf.ReconfigurationUtil'.
2024-11-12 13:41:14,625 INFO  MethodCallReplacementClassAdapter - Adding mock interface to class org/apache/hadoop/conf/ReconfigurationUtil
2024-11-12 13:41:14,625 INFO  CreateClassResetClassAdapter - Creating brand-new static initializer in class org/apache/hadoop/conf/ReconfigurationUtil
2024-11-12 13:41:14,626 INFO  EvoClassLoader - Keeping class: org.apache.hadoop.conf.ReconfigurationUtil
2024-11-12 13:41:14,626 INFO  EvoClassLoader - Seeing class for first time: org.apache.hadoop.thirdparty.protobuf.MapEntry
2024-11-12 13:41:14,626 INFO  EvoClassLoader - Instrumenting class 'org.apache.hadoop.thirdparty.protobuf.MapEntry'.
2024-11-12 13:41:14,627 INFO  MethodCallReplacementClassAdapter - Adding mock interface to class org/apache/hadoop/thirdparty/protobuf/MapEntry
2024-11-12 13:41:14,628 INFO  CreateClassResetClassAdapter - Creating brand-new static initializer in class org/apache/hadoop/thirdparty/protobuf/MapEntry
2024-11-12 13:41:14,629 INFO  EvoClassLoader - Keeping class: org.apache.hadoop.thirdparty.protobuf.MapEntry
2024-11-12 13:41:14,629 INFO  EvoClassLoader - Seeing class for first time: org.apache.log4j.spi.Filter
2024-11-12 13:41:14,629 INFO  EvoClassLoader - Instrumenting class 'org.apache.log4j.spi.Filter'.
2024-11-12 13:41:14,629 INFO  MethodCallReplacementClassAdapter - Adding mock interface to class org/apache/log4j/spi/Filter
2024-11-12 13:41:14,630 INFO  CreateClassResetClassAdapter - Creating brand-new static initializer in class org/apache/log4j/spi/Filter
2024-11-12 13:41:14,630 INFO  CreateClassResetClassAdapter - Adding bytecode for initializing field DENY
2024-11-12 13:41:14,630 INFO  CreateClassResetClassAdapter - Adding bytecode for initializing field NEUTRAL
2024-11-12 13:41:14,630 INFO  CreateClassResetClassAdapter - Adding bytecode for initializing field ACCEPT
2024-11-12 13:41:14,630 INFO  EvoClassLoader - Keeping class: org.apache.log4j.spi.Filter
2024-11-12 13:41:14,630 INFO  EvoClassLoader - Seeing class for first time: org.apache.log4j.Layout
2024-11-12 13:41:14,630 INFO  EvoClassLoader - Instrumenting class 'org.apache.log4j.Layout'.
2024-11-12 13:41:14,630 INFO  MethodCallReplacementClassAdapter - Adding mock interface to class org/apache/log4j/Layout
2024-11-12 13:41:14,630 INFO  CreateClassResetClassAdapter - Found static initializer in class org/apache/log4j/Layout
2024-11-12 13:41:14,631 INFO  EvoClassLoader - Keeping class: org.apache.log4j.Layout
2024-11-12 13:41:14,631 INFO  EvoClassLoader - Seeing class for first time: org.apache.hadoop.hdfs.protocol.SnapshotDiffReport$DiffStats
2024-11-12 13:41:14,631 INFO  EvoClassLoader - Instrumenting class 'org.apache.hadoop.hdfs.protocol.SnapshotDiffReport$DiffStats'.
2024-11-12 13:41:14,631 INFO  MethodCallReplacementClassAdapter - Adding mock interface to class org/apache/hadoop/hdfs/protocol/SnapshotDiffReport$DiffStats
2024-11-12 13:41:14,632 INFO  CreateClassResetClassAdapter - Creating brand-new static initializer in class org/apache/hadoop/hdfs/protocol/SnapshotDiffReport$DiffStats
2024-11-12 13:41:14,632 INFO  EvoClassLoader - Keeping class: org.apache.hadoop.hdfs.protocol.SnapshotDiffReport$DiffStats
2024-11-12 13:41:14,632 INFO  EvoClassLoader - Seeing class for first time: org.apache.hadoop.thirdparty.com.google.common.collect.Range
2024-11-12 13:41:14,632 INFO  EvoClassLoader - Instrumenting class 'org.apache.hadoop.thirdparty.com.google.common.collect.Range'.
2024-11-12 13:41:14,633 INFO  MethodCallReplacementClassAdapter - Adding mock interface to class org/apache/hadoop/thirdparty/com/google/common/collect/Range
2024-11-12 13:41:14,633 INFO  CreateClassResetClassAdapter - Found static initializer in class org/apache/hadoop/thirdparty/com/google/common/collect/Range
2024-11-12 13:41:14,634 INFO  EvoClassLoader - Seeing class for first time: org.apache.hadoop.thirdparty.com.google.common.collect.RangeGwtSerializationDependencies
2024-11-12 13:41:14,634 INFO  EvoClassLoader - Instrumenting class 'org.apache.hadoop.thirdparty.com.google.common.collect.RangeGwtSerializationDependencies'.
2024-11-12 13:41:14,634 INFO  MethodCallReplacementClassAdapter - Adding mock interface to class org/apache/hadoop/thirdparty/com/google/common/collect/RangeGwtSerializationDependencies
2024-11-12 13:41:14,634 INFO  CreateClassResetClassAdapter - Creating brand-new static initializer in class org/apache/hadoop/thirdparty/com/google/common/collect/RangeGwtSerializationDependencies
2024-11-12 13:41:14,634 INFO  EvoClassLoader - Keeping class: org.apache.hadoop.thirdparty.com.google.common.collect.RangeGwtSerializationDependencies
2024-11-12 13:41:14,634 INFO  EvoClassLoader - Keeping class: org.apache.hadoop.thirdparty.com.google.common.collect.Range
2024-11-12 13:41:14,634 INFO  EvoClassLoader - Seeing class for first time: org.apache.hadoop.thirdparty.com.google.common.collect.Maps$AbstractFilteredMap
2024-11-12 13:41:14,634 INFO  EvoClassLoader - Instrumenting class 'org.apache.hadoop.thirdparty.com.google.common.collect.Maps$AbstractFilteredMap'.
2024-11-12 13:41:14,635 INFO  MethodCallReplacementClassAdapter - Adding mock interface to class org/apache/hadoop/thirdparty/com/google/common/collect/Maps$AbstractFilteredMap
2024-11-12 13:41:14,635 INFO  CreateClassResetClassAdapter - Creating brand-new static initializer in class org/apache/hadoop/thirdparty/com/google/common/collect/Maps$AbstractFilteredMap
2024-11-12 13:41:14,635 INFO  EvoClassLoader - Seeing class for first time: org.apache.hadoop.thirdparty.com.google.common.collect.Maps$ViewCachingAbstractMap
2024-11-12 13:41:14,635 INFO  EvoClassLoader - Instrumenting class 'org.apache.hadoop.thirdparty.com.google.common.collect.Maps$ViewCachingAbstractMap'.
2024-11-12 13:41:14,635 INFO  MethodCallReplacementClassAdapter - Adding mock interface to class org/apache/hadoop/thirdparty/com/google/common/collect/Maps$ViewCachingAbstractMap
2024-11-12 13:41:14,635 INFO  CreateClassResetClassAdapter - Creating brand-new static initializer in class org/apache/hadoop/thirdparty/com/google/common/collect/Maps$ViewCachingAbstractMap
2024-11-12 13:41:14,635 INFO  EvoClassLoader - Keeping class: org.apache.hadoop.thirdparty.com.google.common.collect.Maps$ViewCachingAbstractMap
2024-11-12 13:41:14,635 INFO  EvoClassLoader - Keeping class: org.apache.hadoop.thirdparty.com.google.common.collect.Maps$AbstractFilteredMap
2024-11-12 13:41:14,635 INFO  EvoClassLoader - Seeing class for first time: org.apache.hadoop.thirdparty.com.google.common.collect.Maps$FilteredEntrySortedMap
2024-11-12 13:41:14,635 INFO  EvoClassLoader - Instrumenting class 'org.apache.hadoop.thirdparty.com.google.common.collect.Maps$FilteredEntrySortedMap'.
2024-11-12 13:41:14,636 INFO  MethodCallReplacementClassAdapter - Adding mock interface to class org/apache/hadoop/thirdparty/com/google/common/collect/Maps$FilteredEntrySortedMap
2024-11-12 13:41:14,636 INFO  CreateClassResetClassAdapter - Creating brand-new static initializer in class org/apache/hadoop/thirdparty/com/google/common/collect/Maps$FilteredEntrySortedMap
2024-11-12 13:41:14,636 INFO  EvoClassLoader - Seeing class for first time: org.apache.hadoop.thirdparty.com.google.common.collect.Maps$FilteredEntryMap
2024-11-12 13:41:14,636 INFO  EvoClassLoader - Instrumenting class 'org.apache.hadoop.thirdparty.com.google.common.collect.Maps$FilteredEntryMap'.
2024-11-12 13:41:14,636 INFO  MethodCallReplacementClassAdapter - Adding mock interface to class org/apache/hadoop/thirdparty/com/google/common/collect/Maps$FilteredEntryMap
2024-11-12 13:41:14,636 INFO  CreateClassResetClassAdapter - Creating brand-new static initializer in class org/apache/hadoop/thirdparty/com/google/common/collect/Maps$FilteredEntryMap
2024-11-12 13:41:14,636 INFO  EvoClassLoader - Keeping class: org.apache.hadoop.thirdparty.com.google.common.collect.Maps$FilteredEntryMap
2024-11-12 13:41:14,636 INFO  EvoClassLoader - Keeping class: org.apache.hadoop.thirdparty.com.google.common.collect.Maps$FilteredEntrySortedMap
2024-11-12 13:41:14,636 INFO  EvoClassLoader - Seeing class for first time: org.apache.hadoop.thirdparty.com.google.common.collect.Maps$FilteredEntryNavigableMap
2024-11-12 13:41:14,636 INFO  EvoClassLoader - Instrumenting class 'org.apache.hadoop.thirdparty.com.google.common.collect.Maps$FilteredEntryNavigableMap'.
2024-11-12 13:41:14,636 INFO  MethodCallReplacementClassAdapter - Adding mock interface to class org/apache/hadoop/thirdparty/com/google/common/collect/Maps$FilteredEntryNavigableMap
2024-11-12 13:41:14,637 INFO  CreateClassResetClassAdapter - Creating brand-new static initializer in class org/apache/hadoop/thirdparty/com/google/common/collect/Maps$FilteredEntryNavigableMap
2024-11-12 13:41:14,637 INFO  EvoClassLoader - Seeing class for first time: org.apache.hadoop.thirdparty.com.google.common.collect.AbstractNavigableMap
2024-11-12 13:41:14,637 INFO  EvoClassLoader - Instrumenting class 'org.apache.hadoop.thirdparty.com.google.common.collect.AbstractNavigableMap'.
2024-11-12 13:41:14,637 INFO  MethodCallReplacementClassAdapter - Adding mock interface to class org/apache/hadoop/thirdparty/com/google/common/collect/AbstractNavigableMap
2024-11-12 13:41:14,637 INFO  CreateClassResetClassAdapter - Creating brand-new static initializer in class org/apache/hadoop/thirdparty/com/google/common/collect/AbstractNavigableMap
2024-11-12 13:41:14,637 INFO  EvoClassLoader - Seeing class for first time: org.apache.hadoop.thirdparty.com.google.common.collect.Maps$IteratorBasedAbstractMap
2024-11-12 13:41:14,637 INFO  EvoClassLoader - Instrumenting class 'org.apache.hadoop.thirdparty.com.google.common.collect.Maps$IteratorBasedAbstractMap'.
2024-11-12 13:41:14,637 INFO  MethodCallReplacementClassAdapter - Adding mock interface to class org/apache/hadoop/thirdparty/com/google/common/collect/Maps$IteratorBasedAbstractMap
2024-11-12 13:41:14,637 INFO  CreateClassResetClassAdapter - Creating brand-new static initializer in class org/apache/hadoop/thirdparty/com/google/common/collect/Maps$IteratorBasedAbstractMap
2024-11-12 13:41:14,637 INFO  EvoClassLoader - Keeping class: org.apache.hadoop.thirdparty.com.google.common.collect.Maps$IteratorBasedAbstractMap
2024-11-12 13:41:14,637 INFO  EvoClassLoader - Keeping class: org.apache.hadoop.thirdparty.com.google.common.collect.AbstractNavigableMap
2024-11-12 13:41:14,637 INFO  EvoClassLoader - Keeping class: org.apache.hadoop.thirdparty.com.google.common.collect.Maps$FilteredEntryNavigableMap
2024-11-12 13:41:14,637 INFO  EvoClassLoader - Seeing class for first time: org.apache.hadoop.thirdparty.com.google.common.collect.Maps$FilteredEntryBiMap
2024-11-12 13:41:14,637 INFO  EvoClassLoader - Instrumenting class 'org.apache.hadoop.thirdparty.com.google.common.collect.Maps$FilteredEntryBiMap'.
2024-11-12 13:41:14,638 INFO  MethodCallReplacementClassAdapter - Adding mock interface to class org/apache/hadoop/thirdparty/com/google/common/collect/Maps$FilteredEntryBiMap
2024-11-12 13:41:14,638 INFO  CreateClassResetClassAdapter - Creating brand-new static initializer in class org/apache/hadoop/thirdparty/com/google/common/collect/Maps$FilteredEntryBiMap
2024-11-12 13:41:14,638 INFO  EvoClassLoader - Keeping class: org.apache.hadoop.thirdparty.com.google.common.collect.Maps$FilteredEntryBiMap
2024-11-12 13:41:14,638 INFO  EvoClassLoader - Seeing class for first time: org.apache.hadoop.crypto.key.KeyProvider$Options
2024-11-12 13:41:14,638 INFO  EvoClassLoader - Instrumenting class 'org.apache.hadoop.crypto.key.KeyProvider$Options'.
2024-11-12 13:41:14,638 INFO  MethodCallReplacementClassAdapter - Adding mock interface to class org/apache/hadoop/crypto/key/KeyProvider$Options
2024-11-12 13:41:14,639 INFO  CreateClassResetClassAdapter - Creating brand-new static initializer in class org/apache/hadoop/crypto/key/KeyProvider$Options
2024-11-12 13:41:14,639 INFO  EvoClassLoader - Keeping class: org.apache.hadoop.crypto.key.KeyProvider$Options
2024-11-12 13:41:14,639 INFO  EvoClassLoader - Seeing class for first time: org.apache.hadoop.crypto.key.KeyProvider$Metadata
2024-11-12 13:41:14,639 INFO  EvoClassLoader - Instrumenting class 'org.apache.hadoop.crypto.key.KeyProvider$Metadata'.
2024-11-12 13:41:14,639 INFO  MethodCallReplacementClassAdapter - Adding mock interface to class org/apache/hadoop/crypto/key/KeyProvider$Metadata
2024-11-12 13:41:14,640 INFO  CreateClassResetClassAdapter - Creating brand-new static initializer in class org/apache/hadoop/crypto/key/KeyProvider$Metadata
2024-11-12 13:41:14,640 INFO  CreateClassResetClassAdapter - Adding bytecode for initializing field CIPHER_FIELD
2024-11-12 13:41:14,640 INFO  CreateClassResetClassAdapter - Adding bytecode for initializing field BIT_LENGTH_FIELD
2024-11-12 13:41:14,640 INFO  CreateClassResetClassAdapter - Adding bytecode for initializing field CREATED_FIELD
2024-11-12 13:41:14,640 INFO  CreateClassResetClassAdapter - Adding bytecode for initializing field DESCRIPTION_FIELD
2024-11-12 13:41:14,640 INFO  CreateClassResetClassAdapter - Adding bytecode for initializing field VERSIONS_FIELD
2024-11-12 13:41:14,640 INFO  CreateClassResetClassAdapter - Adding bytecode for initializing field ATTRIBUTES_FIELD
2024-11-12 13:41:14,640 INFO  EvoClassLoader - Keeping class: org.apache.hadoop.crypto.key.KeyProvider$Metadata
2024-11-12 13:41:14,640 INFO  EvoClassLoader - Seeing class for first time: org.codehaus.stax2.validation.ValidationProblemHandler
2024-11-12 13:41:14,640 INFO  EvoClassLoader - Instrumenting class 'org.codehaus.stax2.validation.ValidationProblemHandler'.
2024-11-12 13:41:14,641 INFO  EvoClassLoader - Keeping class: org.codehaus.stax2.validation.ValidationProblemHandler
2024-11-12 13:41:14,641 INFO  EvoClassLoader - Seeing class for first time: org.apache.hadoop.ipc.metrics.RetryCacheMetrics
2024-11-12 13:41:14,641 INFO  EvoClassLoader - Instrumenting class 'org.apache.hadoop.ipc.metrics.RetryCacheMetrics'.
2024-11-12 13:41:14,641 INFO  MethodCallReplacementClassAdapter - Adding mock interface to class org/apache/hadoop/ipc/metrics/RetryCacheMetrics
2024-11-12 13:41:14,641 INFO  CreateClassResetClassAdapter - Found static initializer in class org/apache/hadoop/ipc/metrics/RetryCacheMetrics
2024-11-12 13:41:14,641 INFO  EvoClassLoader - Defined package (3): package org.apache.hadoop.ipc.metrics, -814147906
2024-11-12 13:41:14,641 INFO  EvoClassLoader - Keeping class: org.apache.hadoop.ipc.metrics.RetryCacheMetrics
2024-11-12 13:41:15,373 INFO  EvoClassLoader - Seeing class for first time: org.apache.hadoop.hdfs.server.namenode.snapshot.DirectorySnapshottableFeature$1
2024-11-12 13:41:15,373 INFO  EvoClassLoader - Instrumenting class 'org.apache.hadoop.hdfs.server.namenode.snapshot.DirectorySnapshottableFeature$1'.
2024-11-12 13:41:15,374 INFO  MethodCallReplacementClassAdapter - Adding mock interface to class org/apache/hadoop/hdfs/server/namenode/snapshot/DirectorySnapshottableFeature$1
2024-11-12 13:41:15,375 INFO  EvoClassLoader - Keeping class: org.apache.hadoop.hdfs.server.namenode.snapshot.DirectorySnapshottableFeature$1
2024-11-12 13:41:15,375 INFO  EvoClassLoader - Seeing class for first time: net.bytebuddy.build.HashCodeAndEqualsPlugin$Enhance$InvokeSuper
2024-11-12 13:41:15,375 INFO  EvoClassLoader - Instrumenting class 'net.bytebuddy.build.HashCodeAndEqualsPlugin$Enhance$InvokeSuper'.
2024-11-12 13:41:15,376 INFO  MethodCallReplacementClassAdapter - Adding mock interface to class net/bytebuddy/build/HashCodeAndEqualsPlugin$Enhance$InvokeSuper
2024-11-12 13:41:15,376 INFO  CreateClassResetClassAdapter - Found static initializer in class net/bytebuddy/build/HashCodeAndEqualsPlugin$Enhance$InvokeSuper
2024-11-12 13:41:15,376 INFO  EvoClassLoader - Defined package (3): package net.bytebuddy.build, -1091202835
2024-11-12 13:41:15,376 INFO  EvoClassLoader - Keeping class: net.bytebuddy.build.HashCodeAndEqualsPlugin$Enhance$InvokeSuper
2024-11-12 13:41:15,376 INFO  EvoClassLoader - Seeing class for first time: net.bytebuddy.build.HashCodeAndEqualsPlugin$Enhance
2024-11-12 13:41:15,376 INFO  EvoClassLoader - Instrumenting class 'net.bytebuddy.build.HashCodeAndEqualsPlugin$Enhance'.
2024-11-12 13:41:15,377 INFO  EvoClassLoader - Keeping class: net.bytebuddy.build.HashCodeAndEqualsPlugin$Enhance
2024-11-12 13:41:15,377 INFO  EvoClassLoader - Seeing class for first time: net.bytebuddy.build.HashCodeAndEqualsPlugin
2024-11-12 13:41:15,377 INFO  EvoClassLoader - Instrumenting class 'net.bytebuddy.build.HashCodeAndEqualsPlugin'.
2024-11-12 13:41:15,377 INFO  MethodCallReplacementClassAdapter - Adding mock interface to class net/bytebuddy/build/HashCodeAndEqualsPlugin
2024-11-12 13:41:15,379 INFO  CreateClassResetClassAdapter - Creating brand-new static initializer in class net/bytebuddy/build/HashCodeAndEqualsPlugin
2024-11-12 13:41:15,379 INFO  EvoClassLoader - Seeing class for first time: net.bytebuddy.build.Plugin
2024-11-12 13:41:15,379 INFO  EvoClassLoader - Instrumenting class 'net.bytebuddy.build.Plugin'.
2024-11-12 13:41:15,380 INFO  EvoClassLoader - Seeing class for first time: net.bytebuddy.matcher.ElementMatcher
2024-11-12 13:41:15,380 INFO  EvoClassLoader - Instrumenting class 'net.bytebuddy.matcher.ElementMatcher'.
2024-11-12 13:41:15,380 INFO  EvoClassLoader - Defined package (3): package net.bytebuddy.matcher, -63983631
2024-11-12 13:41:15,380 INFO  EvoClassLoader - Keeping class: net.bytebuddy.matcher.ElementMatcher
2024-11-12 13:41:15,380 INFO  EvoClassLoader - Keeping class: net.bytebuddy.build.Plugin
2024-11-12 13:41:15,380 INFO  EvoClassLoader - Seeing class for first time: net.bytebuddy.build.Plugin$Factory
2024-11-12 13:41:15,380 INFO  EvoClassLoader - Instrumenting class 'net.bytebuddy.build.Plugin$Factory'.
2024-11-12 13:41:15,381 INFO  EvoClassLoader - Keeping class: net.bytebuddy.build.Plugin$Factory
2024-11-12 13:41:15,381 INFO  EvoClassLoader - Keeping class: net.bytebuddy.build.HashCodeAndEqualsPlugin
2024-11-12 13:41:15,381 INFO  EvoClassLoader - Seeing class for first time: net.bytebuddy.build.HashCodeAndEqualsPlugin$Enhance$InvokeSuper$1
2024-11-12 13:41:15,381 INFO  EvoClassLoader - Instrumenting class 'net.bytebuddy.build.HashCodeAndEqualsPlugin$Enhance$InvokeSuper$1'.
2024-11-12 13:41:15,381 INFO  MethodCallReplacementClassAdapter - Adding mock interface to class net/bytebuddy/build/HashCodeAndEqualsPlugin$Enhance$InvokeSuper$1
2024-11-12 13:41:15,385 INFO  EvoClassLoader - Keeping class: net.bytebuddy.build.HashCodeAndEqualsPlugin$Enhance$InvokeSuper$1
2024-11-12 13:41:15,385 INFO  EvoClassLoader - Seeing class for first time: net.bytebuddy.build.HashCodeAndEqualsPlugin$Enhance$InvokeSuper$2
2024-11-12 13:41:15,385 INFO  EvoClassLoader - Instrumenting class 'net.bytebuddy.build.HashCodeAndEqualsPlugin$Enhance$InvokeSuper$2'.
2024-11-12 13:41:15,385 INFO  MethodCallReplacementClassAdapter - Adding mock interface to class net/bytebuddy/build/HashCodeAndEqualsPlugin$Enhance$InvokeSuper$2
2024-11-12 13:41:15,386 INFO  EvoClassLoader - Keeping class: net.bytebuddy.build.HashCodeAndEqualsPlugin$Enhance$InvokeSuper$2
2024-11-12 13:41:15,386 INFO  EvoClassLoader - Seeing class for first time: net.bytebuddy.build.HashCodeAndEqualsPlugin$Enhance$InvokeSuper$3
2024-11-12 13:41:15,386 INFO  EvoClassLoader - Instrumenting class 'net.bytebuddy.build.HashCodeAndEqualsPlugin$Enhance$InvokeSuper$3'.
2024-11-12 13:41:15,386 INFO  MethodCallReplacementClassAdapter - Adding mock interface to class net/bytebuddy/build/HashCodeAndEqualsPlugin$Enhance$InvokeSuper$3
2024-11-12 13:41:15,386 INFO  EvoClassLoader - Keeping class: net.bytebuddy.build.HashCodeAndEqualsPlugin$Enhance$InvokeSuper$3
2024-11-12 13:41:15,386 INFO  EvoClassLoader - Seeing class for first time: net.bytebuddy.build.HashCodeAndEqualsPlugin$Enhance$InvokeSuper$4
2024-11-12 13:41:15,386 INFO  EvoClassLoader - Instrumenting class 'net.bytebuddy.build.HashCodeAndEqualsPlugin$Enhance$InvokeSuper$4'.
2024-11-12 13:41:15,386 INFO  MethodCallReplacementClassAdapter - Adding mock interface to class net/bytebuddy/build/HashCodeAndEqualsPlugin$Enhance$InvokeSuper$4
2024-11-12 13:41:15,386 INFO  EvoClassLoader - Keeping class: net.bytebuddy.build.HashCodeAndEqualsPlugin$Enhance$InvokeSuper$4
2024-11-12 13:41:15,386 INFO  EvoClassLoader - Seeing class for first time: net.bytebuddy.description.type.TypeDescription
2024-11-12 13:41:15,386 INFO  EvoClassLoader - Instrumenting class 'net.bytebuddy.description.type.TypeDescription'.
2024-11-12 13:41:15,386 INFO  EvoClassLoader - Defined package (3): package net.bytebuddy.description.type, 1043161613
2024-11-12 13:41:15,386 INFO  EvoClassLoader - Seeing class for first time: net.bytebuddy.description.type.TypeDefinition
2024-11-12 13:41:15,386 INFO  EvoClassLoader - Instrumenting class 'net.bytebuddy.description.type.TypeDefinition'.
2024-11-12 13:41:15,387 INFO  EvoClassLoader - Seeing class for first time: net.bytebuddy.description.NamedElement
2024-11-12 13:41:15,387 INFO  EvoClassLoader - Instrumenting class 'net.bytebuddy.description.NamedElement'.
2024-11-12 13:41:15,387 INFO  EvoClassLoader - Defined package (3): package net.bytebuddy.description, 348599099
2024-11-12 13:41:15,387 INFO  EvoClassLoader - Keeping class: net.bytebuddy.description.NamedElement
2024-11-12 13:41:15,387 INFO  EvoClassLoader - Seeing class for first time: net.bytebuddy.description.ModifierReviewable$ForTypeDefinition
2024-11-12 13:41:15,387 INFO  EvoClassLoader - Instrumenting class 'net.bytebuddy.description.ModifierReviewable$ForTypeDefinition'.
2024-11-12 13:41:15,387 INFO  EvoClassLoader - Seeing class for first time: net.bytebuddy.description.ModifierReviewable$OfAbstraction
2024-11-12 13:41:15,387 INFO  EvoClassLoader - Instrumenting class 'net.bytebuddy.description.ModifierReviewable$OfAbstraction'.
2024-11-12 13:41:15,387 INFO  EvoClassLoader - Seeing class for first time: net.bytebuddy.description.ModifierReviewable$OfByteCodeElement
2024-11-12 13:41:15,387 INFO  EvoClassLoader - Instrumenting class 'net.bytebuddy.description.ModifierReviewable$OfByteCodeElement'.
2024-11-12 13:41:15,387 INFO  EvoClassLoader - Seeing class for first time: net.bytebuddy.description.ModifierReviewable
2024-11-12 13:41:15,387 INFO  EvoClassLoader - Instrumenting class 'net.bytebuddy.description.ModifierReviewable'.
2024-11-12 13:41:15,387 INFO  EvoClassLoader - Keeping class: net.bytebuddy.description.ModifierReviewable
2024-11-12 13:41:15,387 INFO  EvoClassLoader - Keeping class: net.bytebuddy.description.ModifierReviewable$OfByteCodeElement
2024-11-12 13:41:15,387 INFO  EvoClassLoader - Keeping class: net.bytebuddy.description.ModifierReviewable$OfAbstraction
2024-11-12 13:41:15,387 INFO  EvoClassLoader - Seeing class for first time: net.bytebuddy.description.ModifierReviewable$OfEnumeration
2024-11-12 13:41:15,387 INFO  EvoClassLoader - Instrumenting class 'net.bytebuddy.description.ModifierReviewable$OfEnumeration'.
2024-11-12 13:41:15,387 INFO  EvoClassLoader - Keeping class: net.bytebuddy.description.ModifierReviewable$OfEnumeration
2024-11-12 13:41:15,387 INFO  EvoClassLoader - Keeping class: net.bytebuddy.description.ModifierReviewable$ForTypeDefinition
2024-11-12 13:41:15,387 INFO  EvoClassLoader - Keeping class: net.bytebuddy.description.type.TypeDefinition
2024-11-12 13:41:15,387 INFO  EvoClassLoader - Seeing class for first time: net.bytebuddy.description.ByteCodeElement
2024-11-12 13:41:15,387 INFO  EvoClassLoader - Instrumenting class 'net.bytebuddy.description.ByteCodeElement'.
2024-11-12 13:41:15,387 INFO  EvoClassLoader - Seeing class for first time: net.bytebuddy.description.NamedElement$WithRuntimeName
2024-11-12 13:41:15,387 INFO  EvoClassLoader - Instrumenting class 'net.bytebuddy.description.NamedElement$WithRuntimeName'.
2024-11-12 13:41:15,388 INFO  EvoClassLoader - Keeping class: net.bytebuddy.description.NamedElement$WithRuntimeName
2024-11-12 13:41:15,388 INFO  EvoClassLoader - Seeing class for first time: net.bytebuddy.description.DeclaredByType
2024-11-12 13:41:15,388 INFO  EvoClassLoader - Instrumenting class 'net.bytebuddy.description.DeclaredByType'.
2024-11-12 13:41:15,388 INFO  EvoClassLoader - Keeping class: net.bytebuddy.description.DeclaredByType
2024-11-12 13:41:15,388 INFO  EvoClassLoader - Seeing class for first time: net.bytebuddy.description.annotation.AnnotationSource
2024-11-12 13:41:15,388 INFO  EvoClassLoader - Instrumenting class 'net.bytebuddy.description.annotation.AnnotationSource'.
2024-11-12 13:41:15,388 INFO  EvoClassLoader - Defined package (3): package net.bytebuddy.description.annotation, -2027678782
2024-11-12 13:41:15,388 INFO  EvoClassLoader - Keeping class: net.bytebuddy.description.annotation.AnnotationSource
2024-11-12 13:41:15,388 INFO  EvoClassLoader - Keeping class: net.bytebuddy.description.ByteCodeElement
2024-11-12 13:41:15,388 INFO  EvoClassLoader - Seeing class for first time: net.bytebuddy.description.TypeVariableSource
2024-11-12 13:41:15,388 INFO  EvoClassLoader - Instrumenting class 'net.bytebuddy.description.TypeVariableSource'.
2024-11-12 13:41:15,388 INFO  EvoClassLoader - Keeping class: net.bytebuddy.description.TypeVariableSource
2024-11-12 13:41:15,388 INFO  EvoClassLoader - Keeping class: net.bytebuddy.description.type.TypeDescription
2024-11-12 13:41:15,388 INFO  EvoClassLoader - Seeing class for first time: net.bytebuddy.implementation.HashCodeMethod
2024-11-12 13:41:15,388 INFO  EvoClassLoader - Instrumenting class 'net.bytebuddy.implementation.HashCodeMethod'.
2024-11-12 13:41:15,388 INFO  MethodCallReplacementClassAdapter - Adding mock interface to class net/bytebuddy/implementation/HashCodeMethod
2024-11-12 13:41:15,390 INFO  CreateClassResetClassAdapter - Found static initializer in class net/bytebuddy/implementation/HashCodeMethod
2024-11-12 13:41:15,390 INFO  EvoClassLoader - Defined package (3): package net.bytebuddy.implementation, 1120813075
2024-11-12 13:41:15,390 INFO  EvoClassLoader - Seeing class for first time: net.bytebuddy.implementation.Implementation
2024-11-12 13:41:15,390 INFO  EvoClassLoader - Instrumenting class 'net.bytebuddy.implementation.Implementation'.
2024-11-12 13:41:15,390 INFO  EvoClassLoader - Seeing class for first time: net.bytebuddy.dynamic.scaffold.InstrumentedType$Prepareable
2024-11-12 13:41:15,390 INFO  EvoClassLoader - Instrumenting class 'net.bytebuddy.dynamic.scaffold.InstrumentedType$Prepareable'.
2024-11-12 13:41:15,390 INFO  EvoClassLoader - Defined package (3): package net.bytebuddy.dynamic.scaffold, 1693317350
2024-11-12 13:41:15,390 INFO  EvoClassLoader - Keeping class: net.bytebuddy.dynamic.scaffold.InstrumentedType$Prepareable
2024-11-12 13:41:15,390 INFO  EvoClassLoader - Keeping class: net.bytebuddy.implementation.Implementation
2024-11-12 13:41:15,390 INFO  EvoClassLoader - Keeping class: net.bytebuddy.implementation.HashCodeMethod
2024-11-12 13:41:15,390 INFO  EvoClassLoader - Seeing class for first time: net.bytebuddy.implementation.EqualsMethod
2024-11-12 13:41:15,390 INFO  EvoClassLoader - Instrumenting class 'net.bytebuddy.implementation.EqualsMethod'.
2024-11-12 13:41:15,390 INFO  MethodCallReplacementClassAdapter - Adding mock interface to class net/bytebuddy/implementation/EqualsMethod
2024-11-12 13:41:15,391 INFO  CreateClassResetClassAdapter - Found static initializer in class net/bytebuddy/implementation/EqualsMethod
2024-11-12 13:41:15,391 INFO  EvoClassLoader - Keeping class: net.bytebuddy.implementation.EqualsMethod
2024-11-12 13:41:15,391 INFO  EvoClassLoader - Seeing class for first time: net.bytebuddy.description.type.TypeDescription$Generic
2024-11-12 13:41:15,391 INFO  EvoClassLoader - Instrumenting class 'net.bytebuddy.description.type.TypeDescription$Generic'.
2024-11-12 13:41:15,392 INFO  EvoClassLoader - Keeping class: net.bytebuddy.description.type.TypeDescription$Generic
2024-11-12 13:41:15,392 INFO  EvoClassLoader - Seeing class for first time: org.assertj.core.internal.bytebuddy.build.HashCodeAndEqualsPlugin$Enhance$InvokeSuper
2024-11-12 13:41:15,392 INFO  EvoClassLoader - Instrumenting class 'org.assertj.core.internal.bytebuddy.build.HashCodeAndEqualsPlugin$Enhance$InvokeSuper'.
2024-11-12 13:41:15,392 INFO  MethodCallReplacementClassAdapter - Adding mock interface to class org/assertj/core/internal/bytebuddy/build/HashCodeAndEqualsPlugin$Enhance$InvokeSuper
2024-11-12 13:41:15,392 INFO  CreateClassResetClassAdapter - Found static initializer in class org/assertj/core/internal/bytebuddy/build/HashCodeAndEqualsPlugin$Enhance$InvokeSuper
2024-11-12 13:41:15,392 INFO  EvoClassLoader - Defined package (3): package org.assertj.core.internal.bytebuddy.build, -2103311512
2024-11-12 13:41:15,392 INFO  EvoClassLoader - Keeping class: org.assertj.core.internal.bytebuddy.build.HashCodeAndEqualsPlugin$Enhance$InvokeSuper
2024-11-12 13:41:15,392 INFO  EvoClassLoader - Seeing class for first time: org.assertj.core.internal.bytebuddy.build.HashCodeAndEqualsPlugin$Enhance
2024-11-12 13:41:15,392 INFO  EvoClassLoader - Instrumenting class 'org.assertj.core.internal.bytebuddy.build.HashCodeAndEqualsPlugin$Enhance'.
2024-11-12 13:41:15,393 INFO  EvoClassLoader - Keeping class: org.assertj.core.internal.bytebuddy.build.HashCodeAndEqualsPlugin$Enhance
2024-11-12 13:41:15,393 INFO  EvoClassLoader - Seeing class for first time: org.assertj.core.internal.bytebuddy.build.HashCodeAndEqualsPlugin
2024-11-12 13:41:15,393 INFO  EvoClassLoader - Instrumenting class 'org.assertj.core.internal.bytebuddy.build.HashCodeAndEqualsPlugin'.
2024-11-12 13:41:15,393 INFO  MethodCallReplacementClassAdapter - Adding mock interface to class org/assertj/core/internal/bytebuddy/build/HashCodeAndEqualsPlugin
2024-11-12 13:41:15,394 INFO  CreateClassResetClassAdapter - Creating brand-new static initializer in class org/assertj/core/internal/bytebuddy/build/HashCodeAndEqualsPlugin
2024-11-12 13:41:15,394 INFO  EvoClassLoader - Seeing class for first time: org.assertj.core.internal.bytebuddy.build.Plugin
2024-11-12 13:41:15,394 INFO  EvoClassLoader - Instrumenting class 'org.assertj.core.internal.bytebuddy.build.Plugin'.
2024-11-12 13:41:15,394 INFO  EvoClassLoader - Seeing class for first time: org.assertj.core.internal.bytebuddy.matcher.ElementMatcher
2024-11-12 13:41:15,394 INFO  EvoClassLoader - Instrumenting class 'org.assertj.core.internal.bytebuddy.matcher.ElementMatcher'.
2024-11-12 13:41:15,394 INFO  EvoClassLoader - Defined package (3): package org.assertj.core.internal.bytebuddy.matcher, -2037813332
2024-11-12 13:41:15,394 INFO  EvoClassLoader - Keeping class: org.assertj.core.internal.bytebuddy.matcher.ElementMatcher
2024-11-12 13:41:15,394 INFO  EvoClassLoader - Keeping class: org.assertj.core.internal.bytebuddy.build.Plugin
2024-11-12 13:41:15,394 INFO  EvoClassLoader - Seeing class for first time: org.assertj.core.internal.bytebuddy.build.Plugin$Factory
2024-11-12 13:41:15,394 INFO  EvoClassLoader - Instrumenting class 'org.assertj.core.internal.bytebuddy.build.Plugin$Factory'.
2024-11-12 13:41:15,395 INFO  EvoClassLoader - Keeping class: org.assertj.core.internal.bytebuddy.build.Plugin$Factory
2024-11-12 13:41:15,395 INFO  EvoClassLoader - Keeping class: org.assertj.core.internal.bytebuddy.build.HashCodeAndEqualsPlugin
2024-11-12 13:41:15,395 INFO  EvoClassLoader - Seeing class for first time: org.assertj.core.internal.bytebuddy.build.HashCodeAndEqualsPlugin$Enhance$InvokeSuper$1
2024-11-12 13:41:15,395 INFO  EvoClassLoader - Instrumenting class 'org.assertj.core.internal.bytebuddy.build.HashCodeAndEqualsPlugin$Enhance$InvokeSuper$1'.
2024-11-12 13:41:15,395 INFO  MethodCallReplacementClassAdapter - Adding mock interface to class org/assertj/core/internal/bytebuddy/build/HashCodeAndEqualsPlugin$Enhance$InvokeSuper$1
2024-11-12 13:41:15,397 INFO  EvoClassLoader - Keeping class: org.assertj.core.internal.bytebuddy.build.HashCodeAndEqualsPlugin$Enhance$InvokeSuper$1
2024-11-12 13:41:15,397 INFO  EvoClassLoader - Seeing class for first time: org.assertj.core.internal.bytebuddy.build.HashCodeAndEqualsPlugin$Enhance$InvokeSuper$2
2024-11-12 13:41:15,397 INFO  EvoClassLoader - Instrumenting class 'org.assertj.core.internal.bytebuddy.build.HashCodeAndEqualsPlugin$Enhance$InvokeSuper$2'.
2024-11-12 13:41:15,398 INFO  MethodCallReplacementClassAdapter - Adding mock interface to class org/assertj/core/internal/bytebuddy/build/HashCodeAndEqualsPlugin$Enhance$InvokeSuper$2
2024-11-12 13:41:15,398 INFO  EvoClassLoader - Keeping class: org.assertj.core.internal.bytebuddy.build.HashCodeAndEqualsPlugin$Enhance$InvokeSuper$2
2024-11-12 13:41:15,398 INFO  EvoClassLoader - Seeing class for first time: org.assertj.core.internal.bytebuddy.build.HashCodeAndEqualsPlugin$Enhance$InvokeSuper$3
2024-11-12 13:41:15,398 INFO  EvoClassLoader - Instrumenting class 'org.assertj.core.internal.bytebuddy.build.HashCodeAndEqualsPlugin$Enhance$InvokeSuper$3'.
2024-11-12 13:41:15,398 INFO  MethodCallReplacementClassAdapter - Adding mock interface to class org/assertj/core/internal/bytebuddy/build/HashCodeAndEqualsPlugin$Enhance$InvokeSuper$3
2024-11-12 13:41:15,398 INFO  EvoClassLoader - Keeping class: org.assertj.core.internal.bytebuddy.build.HashCodeAndEqualsPlugin$Enhance$InvokeSuper$3
2024-11-12 13:41:15,398 INFO  EvoClassLoader - Seeing class for first time: org.assertj.core.internal.bytebuddy.build.HashCodeAndEqualsPlugin$Enhance$InvokeSuper$4
2024-11-12 13:41:15,398 INFO  EvoClassLoader - Instrumenting class 'org.assertj.core.internal.bytebuddy.build.HashCodeAndEqualsPlugin$Enhance$InvokeSuper$4'.
2024-11-12 13:41:15,398 INFO  MethodCallReplacementClassAdapter - Adding mock interface to class org/assertj/core/internal/bytebuddy/build/HashCodeAndEqualsPlugin$Enhance$InvokeSuper$4
2024-11-12 13:41:15,398 INFO  EvoClassLoader - Keeping class: org.assertj.core.internal.bytebuddy.build.HashCodeAndEqualsPlugin$Enhance$InvokeSuper$4
2024-11-12 13:41:15,398 INFO  EvoClassLoader - Seeing class for first time: org.assertj.core.internal.bytebuddy.description.type.TypeDescription
2024-11-12 13:41:15,398 INFO  EvoClassLoader - Instrumenting class 'org.assertj.core.internal.bytebuddy.description.type.TypeDescription'.
2024-11-12 13:41:15,398 INFO  EvoClassLoader - Defined package (3): package org.assertj.core.internal.bytebuddy.description.type, -2063588174
2024-11-12 13:41:15,399 INFO  EvoClassLoader - Seeing class for first time: org.assertj.core.internal.bytebuddy.description.type.TypeDefinition
2024-11-12 13:41:15,399 INFO  EvoClassLoader - Instrumenting class 'org.assertj.core.internal.bytebuddy.description.type.TypeDefinition'.
2024-11-12 13:41:15,399 INFO  EvoClassLoader - Seeing class for first time: org.assertj.core.internal.bytebuddy.description.NamedElement
2024-11-12 13:41:15,399 INFO  EvoClassLoader - Instrumenting class 'org.assertj.core.internal.bytebuddy.description.NamedElement'.
2024-11-12 13:41:15,399 INFO  EvoClassLoader - Defined package (3): package org.assertj.core.internal.bytebuddy.description, 1484037494
2024-11-12 13:41:15,399 INFO  EvoClassLoader - Keeping class: org.assertj.core.internal.bytebuddy.description.NamedElement
2024-11-12 13:41:15,399 INFO  EvoClassLoader - Seeing class for first time: org.assertj.core.internal.bytebuddy.description.ModifierReviewable$ForTypeDefinition
2024-11-12 13:41:15,399 INFO  EvoClassLoader - Instrumenting class 'org.assertj.core.internal.bytebuddy.description.ModifierReviewable$ForTypeDefinition'.
2024-11-12 13:41:15,399 INFO  EvoClassLoader - Seeing class for first time: org.assertj.core.internal.bytebuddy.description.ModifierReviewable$OfAbstraction
2024-11-12 13:41:15,399 INFO  EvoClassLoader - Instrumenting class 'org.assertj.core.internal.bytebuddy.description.ModifierReviewable$OfAbstraction'.
2024-11-12 13:41:15,399 INFO  EvoClassLoader - Seeing class for first time: org.assertj.core.internal.bytebuddy.description.ModifierReviewable$OfByteCodeElement
2024-11-12 13:41:15,399 INFO  EvoClassLoader - Instrumenting class 'org.assertj.core.internal.bytebuddy.description.ModifierReviewable$OfByteCodeElement'.
2024-11-12 13:41:15,399 INFO  EvoClassLoader - Seeing class for first time: org.assertj.core.internal.bytebuddy.description.ModifierReviewable
2024-11-12 13:41:15,399 INFO  EvoClassLoader - Instrumenting class 'org.assertj.core.internal.bytebuddy.description.ModifierReviewable'.
2024-11-12 13:41:15,399 INFO  EvoClassLoader - Keeping class: org.assertj.core.internal.bytebuddy.description.ModifierReviewable
2024-11-12 13:41:15,399 INFO  EvoClassLoader - Keeping class: org.assertj.core.internal.bytebuddy.description.ModifierReviewable$OfByteCodeElement
2024-11-12 13:41:15,399 INFO  EvoClassLoader - Keeping class: org.assertj.core.internal.bytebuddy.description.ModifierReviewable$OfAbstraction
2024-11-12 13:41:15,399 INFO  EvoClassLoader - Seeing class for first time: org.assertj.core.internal.bytebuddy.description.ModifierReviewable$OfEnumeration
2024-11-12 13:41:15,399 INFO  EvoClassLoader - Instrumenting class 'org.assertj.core.internal.bytebuddy.description.ModifierReviewable$OfEnumeration'.
2024-11-12 13:41:15,399 INFO  EvoClassLoader - Keeping class: org.assertj.core.internal.bytebuddy.description.ModifierReviewable$OfEnumeration
2024-11-12 13:41:15,399 INFO  EvoClassLoader - Keeping class: org.assertj.core.internal.bytebuddy.description.ModifierReviewable$ForTypeDefinition
2024-11-12 13:41:15,399 INFO  EvoClassLoader - Keeping class: org.assertj.core.internal.bytebuddy.description.type.TypeDefinition
2024-11-12 13:41:15,399 INFO  EvoClassLoader - Seeing class for first time: org.assertj.core.internal.bytebuddy.description.ByteCodeElement
2024-11-12 13:41:15,399 INFO  EvoClassLoader - Instrumenting class 'org.assertj.core.internal.bytebuddy.description.ByteCodeElement'.
2024-11-12 13:41:15,400 INFO  EvoClassLoader - Seeing class for first time: org.assertj.core.internal.bytebuddy.description.NamedElement$WithRuntimeName
2024-11-12 13:41:15,400 INFO  EvoClassLoader - Instrumenting class 'org.assertj.core.internal.bytebuddy.description.NamedElement$WithRuntimeName'.
2024-11-12 13:41:15,400 INFO  EvoClassLoader - Keeping class: org.assertj.core.internal.bytebuddy.description.NamedElement$WithRuntimeName
2024-11-12 13:41:15,400 INFO  EvoClassLoader - Seeing class for first time: org.assertj.core.internal.bytebuddy.description.DeclaredByType
2024-11-12 13:41:15,400 INFO  EvoClassLoader - Instrumenting class 'org.assertj.core.internal.bytebuddy.description.DeclaredByType'.
2024-11-12 13:41:15,400 INFO  EvoClassLoader - Keeping class: org.assertj.core.internal.bytebuddy.description.DeclaredByType
2024-11-12 13:41:15,400 INFO  EvoClassLoader - Seeing class for first time: org.assertj.core.internal.bytebuddy.description.annotation.AnnotationSource
2024-11-12 13:41:15,400 INFO  EvoClassLoader - Instrumenting class 'org.assertj.core.internal.bytebuddy.description.annotation.AnnotationSource'.
2024-11-12 13:41:15,400 INFO  EvoClassLoader - Defined package (3): package org.assertj.core.internal.bytebuddy.description.annotation, 2042726055
2024-11-12 13:41:15,400 INFO  EvoClassLoader - Keeping class: org.assertj.core.internal.bytebuddy.description.annotation.AnnotationSource
2024-11-12 13:41:15,400 INFO  EvoClassLoader - Keeping class: org.assertj.core.internal.bytebuddy.description.ByteCodeElement
2024-11-12 13:41:15,400 INFO  EvoClassLoader - Seeing class for first time: org.assertj.core.internal.bytebuddy.description.TypeVariableSource
2024-11-12 13:41:15,400 INFO  EvoClassLoader - Instrumenting class 'org.assertj.core.internal.bytebuddy.description.TypeVariableSource'.
2024-11-12 13:41:15,400 INFO  EvoClassLoader - Keeping class: org.assertj.core.internal.bytebuddy.description.TypeVariableSource
2024-11-12 13:41:15,400 INFO  EvoClassLoader - Keeping class: org.assertj.core.internal.bytebuddy.description.type.TypeDescription
2024-11-12 13:41:15,400 INFO  EvoClassLoader - Seeing class for first time: org.assertj.core.internal.bytebuddy.implementation.HashCodeMethod
2024-11-12 13:41:15,400 INFO  EvoClassLoader - Instrumenting class 'org.assertj.core.internal.bytebuddy.implementation.HashCodeMethod'.
2024-11-12 13:41:15,401 INFO  MethodCallReplacementClassAdapter - Adding mock interface to class org/assertj/core/internal/bytebuddy/implementation/HashCodeMethod
2024-11-12 13:41:15,401 INFO  CreateClassResetClassAdapter - Found static initializer in class org/assertj/core/internal/bytebuddy/implementation/HashCodeMethod
2024-11-12 13:41:15,401 INFO  EvoClassLoader - Defined package (3): package org.assertj.core.internal.bytebuddy.implementation, -196384776
2024-11-12 13:41:15,402 INFO  EvoClassLoader - Seeing class for first time: org.assertj.core.internal.bytebuddy.implementation.Implementation
2024-11-12 13:41:15,402 INFO  EvoClassLoader - Instrumenting class 'org.assertj.core.internal.bytebuddy.implementation.Implementation'.
2024-11-12 13:41:15,402 INFO  EvoClassLoader - Seeing class for first time: org.assertj.core.internal.bytebuddy.dynamic.scaffold.InstrumentedType$Prepareable
2024-11-12 13:41:15,402 INFO  EvoClassLoader - Instrumenting class 'org.assertj.core.internal.bytebuddy.dynamic.scaffold.InstrumentedType$Prepareable'.
2024-11-12 13:41:15,402 INFO  EvoClassLoader - Defined package (3): package org.assertj.core.internal.bytebuddy.dynamic.scaffold, -1413432437
2024-11-12 13:41:15,402 INFO  EvoClassLoader - Keeping class: org.assertj.core.internal.bytebuddy.dynamic.scaffold.InstrumentedType$Prepareable
2024-11-12 13:41:15,402 INFO  EvoClassLoader - Keeping class: org.assertj.core.internal.bytebuddy.implementation.Implementation
2024-11-12 13:41:15,402 INFO  EvoClassLoader - Keeping class: org.assertj.core.internal.bytebuddy.implementation.HashCodeMethod
2024-11-12 13:41:15,402 INFO  EvoClassLoader - Seeing class for first time: org.assertj.core.internal.bytebuddy.implementation.EqualsMethod
2024-11-12 13:41:15,402 INFO  EvoClassLoader - Instrumenting class 'org.assertj.core.internal.bytebuddy.implementation.EqualsMethod'.
2024-11-12 13:41:15,402 INFO  MethodCallReplacementClassAdapter - Adding mock interface to class org/assertj/core/internal/bytebuddy/implementation/EqualsMethod
2024-11-12 13:41:15,403 INFO  CreateClassResetClassAdapter - Found static initializer in class org/assertj/core/internal/bytebuddy/implementation/EqualsMethod
2024-11-12 13:41:15,403 INFO  EvoClassLoader - Keeping class: org.assertj.core.internal.bytebuddy.implementation.EqualsMethod
2024-11-12 13:41:15,403 INFO  EvoClassLoader - Seeing class for first time: org.assertj.core.internal.bytebuddy.description.type.TypeDescription$Generic
2024-11-12 13:41:15,403 INFO  EvoClassLoader - Instrumenting class 'org.assertj.core.internal.bytebuddy.description.type.TypeDescription$Generic'.
2024-11-12 13:41:15,403 INFO  EvoClassLoader - Keeping class: org.assertj.core.internal.bytebuddy.description.type.TypeDescription$Generic
2024-11-12 13:41:15,404 INFO  EvoClassLoader - Seeing class for first time: org.apache.hadoop.fs.XAttr$Builder
2024-11-12 13:41:15,404 INFO  EvoClassLoader - Instrumenting class 'org.apache.hadoop.fs.XAttr$Builder'.
2024-11-12 13:41:15,404 INFO  MethodCallReplacementClassAdapter - Adding mock interface to class org/apache/hadoop/fs/XAttr$Builder
2024-11-12 13:41:15,404 INFO  CreateClassResetClassAdapter - Creating brand-new static initializer in class org/apache/hadoop/fs/XAttr$Builder
2024-11-12 13:41:15,404 INFO  EvoClassLoader - Keeping class: org.apache.hadoop.fs.XAttr$Builder
2024-11-12 13:41:15,405 INFO  FSDirectory - GLOBAL serial map: bits=29 maxEntries=536870911
2024-11-12 13:41:15,405 INFO  FSDirectory - USER serial map: bits=24 maxEntries=16777215
2024-11-12 13:41:15,405 INFO  FSDirectory - GROUP serial map: bits=24 maxEntries=16777215
2024-11-12 13:41:15,405 INFO  FSDirectory - XATTR serial map: bits=24 maxEntries=16777215
2024-11-12 13:41:15,405 INFO  EvoClassLoader - Seeing class for first time: org.apache.hadoop.conf.Configuration$ParsedTimeDuration
2024-11-12 13:41:15,405 INFO  EvoClassLoader - Instrumenting class 'org.apache.hadoop.conf.Configuration$ParsedTimeDuration'.
2024-11-12 13:41:15,405 INFO  MethodCallReplacementClassAdapter - Adding mock interface to class org/apache/hadoop/conf/Configuration$ParsedTimeDuration
2024-11-12 13:41:15,405 INFO  CreateClassResetClassAdapter - Found static initializer in class org/apache/hadoop/conf/Configuration$ParsedTimeDuration
2024-11-12 13:41:15,405 INFO  EvoClassLoader - Keeping class: org.apache.hadoop.conf.Configuration$ParsedTimeDuration
2024-11-12 13:41:15,406 INFO  EvoClassLoader - Seeing class for first time: org.apache.hadoop.io.WritableUtils
2024-11-12 13:41:15,406 INFO  EvoClassLoader - Instrumenting class 'org.apache.hadoop.io.WritableUtils'.
2024-11-12 13:41:15,406 INFO  MethodCallReplacementClassAdapter - Adding mock interface to class org/apache/hadoop/io/WritableUtils
2024-11-12 13:41:15,408 INFO  CreateClassResetClassAdapter - Creating brand-new static initializer in class org/apache/hadoop/io/WritableUtils
2024-11-12 13:41:15,408 INFO  EvoClassLoader - Keeping class: org.apache.hadoop.io.WritableUtils
2024-11-12 13:41:15,408 INFO  EvoClassLoader - Seeing class for first time: org.apache.hadoop.hdfs.server.namenode.snapshot.FileDiff
2024-11-12 13:41:15,408 INFO  EvoClassLoader - Instrumenting class 'org.apache.hadoop.hdfs.server.namenode.snapshot.FileDiff'.
2024-11-12 13:41:15,409 INFO  MethodCallReplacementClassAdapter - Adding mock interface to class org/apache/hadoop/hdfs/server/namenode/snapshot/FileDiff
2024-11-12 13:41:15,409 INFO  CreateClassResetClassAdapter - Found static initializer in class org/apache/hadoop/hdfs/server/namenode/snapshot/FileDiff
2024-11-12 13:41:15,409 INFO  EvoClassLoader - Keeping class: org.apache.hadoop.hdfs.server.namenode.snapshot.FileDiff
2024-11-12 13:41:15,409 INFO  EvoClassLoader - Seeing class for first time: org.apache.hadoop.io.TestGenericWritable$Bar
2024-11-12 13:41:15,409 INFO  EvoClassLoader - Instrumenting class 'org.apache.hadoop.io.TestGenericWritable$Bar'.
2024-11-12 13:41:15,410 INFO  MethodCallReplacementClassAdapter - Adding mock interface to class org/apache/hadoop/io/TestGenericWritable$Bar
2024-11-12 13:41:15,410 INFO  CreateClassResetClassAdapter - Creating brand-new static initializer in class org/apache/hadoop/io/TestGenericWritable$Bar
2024-11-12 13:41:15,410 INFO  EvoClassLoader - Keeping class: org.apache.hadoop.io.TestGenericWritable$Bar
2024-11-12 13:41:15,410 INFO  EvoClassLoader - Seeing class for first time: org.apache.hadoop.io.TestGenericWritable
2024-11-12 13:41:15,410 INFO  EvoClassLoader - Instrumenting class 'org.apache.hadoop.io.TestGenericWritable'.
2024-11-12 13:41:15,410 INFO  MethodCallReplacementClassAdapter - Adding mock interface to class org/apache/hadoop/io/TestGenericWritable
2024-11-12 13:41:15,410 INFO  CreateClassResetClassAdapter - Creating brand-new static initializer in class org/apache/hadoop/io/TestGenericWritable
2024-11-12 13:41:15,410 INFO  CreateClassResetClassAdapter - Adding bytecode for initializing field CONF_TEST_KEY
2024-11-12 13:41:15,410 INFO  CreateClassResetClassAdapter - Adding bytecode for initializing field CONF_TEST_VALUE
2024-11-12 13:41:15,410 INFO  EvoClassLoader - Keeping class: org.apache.hadoop.io.TestGenericWritable
2024-11-12 13:41:15,410 INFO  EvoClassLoader - Seeing class for first time: org.apache.hadoop.io.TestGenericWritable$FooGenericWritable
2024-11-12 13:41:15,410 INFO  EvoClassLoader - Instrumenting class 'org.apache.hadoop.io.TestGenericWritable$FooGenericWritable'.
2024-11-12 13:41:15,411 INFO  MethodCallReplacementClassAdapter - Adding mock interface to class org/apache/hadoop/io/TestGenericWritable$FooGenericWritable
2024-11-12 13:41:15,411 INFO  CreateClassResetClassAdapter - Creating brand-new static initializer in class org/apache/hadoop/io/TestGenericWritable$FooGenericWritable
2024-11-12 13:41:15,411 INFO  EvoClassLoader - Seeing class for first time: org.apache.hadoop.io.GenericWritable
2024-11-12 13:41:15,411 INFO  EvoClassLoader - Instrumenting class 'org.apache.hadoop.io.GenericWritable'.
2024-11-12 13:41:15,411 INFO  MethodCallReplacementClassAdapter - Adding mock interface to class org/apache/hadoop/io/GenericWritable
2024-11-12 13:41:15,412 INFO  CreateClassResetClassAdapter - Creating brand-new static initializer in class org/apache/hadoop/io/GenericWritable
2024-11-12 13:41:15,412 INFO  CreateClassResetClassAdapter - Adding bytecode for initializing field NOT_SET
2024-11-12 13:41:15,412 INFO  EvoClassLoader - Keeping class: org.apache.hadoop.io.GenericWritable
2024-11-12 13:41:15,412 INFO  EvoClassLoader - Keeping class: org.apache.hadoop.io.TestGenericWritable$FooGenericWritable
2024-11-12 13:41:15,412 INFO  EvoClassLoader - Seeing class for first time: org.apache.hadoop.io.TestGenericWritable$Baz
2024-11-12 13:41:15,412 INFO  EvoClassLoader - Instrumenting class 'org.apache.hadoop.io.TestGenericWritable$Baz'.
2024-11-12 13:41:15,412 INFO  MethodCallReplacementClassAdapter - Adding mock interface to class org/apache/hadoop/io/TestGenericWritable$Baz
2024-11-12 13:41:15,412 INFO  CreateClassResetClassAdapter - Creating brand-new static initializer in class org/apache/hadoop/io/TestGenericWritable$Baz
2024-11-12 13:41:15,413 INFO  EvoClassLoader - Keeping class: org.apache.hadoop.io.TestGenericWritable$Baz
2024-11-12 13:41:15,413 INFO  EvoClassLoader - Seeing class for first time: org.apache.hadoop.fs.permission.PermissionParser
2024-11-12 13:41:15,413 INFO  EvoClassLoader - Instrumenting class 'org.apache.hadoop.fs.permission.PermissionParser'.
2024-11-12 13:41:15,413 INFO  MethodCallReplacementClassAdapter - Adding mock interface to class org/apache/hadoop/fs/permission/PermissionParser
2024-11-12 13:41:15,416 INFO  CreateClassResetClassAdapter - Creating brand-new static initializer in class org/apache/hadoop/fs/permission/PermissionParser
2024-11-12 13:41:15,416 INFO  EvoClassLoader - Keeping class: org.apache.hadoop.fs.permission.PermissionParser
2024-11-12 13:41:15,417 INFO  EvoClassLoader - Seeing class for first time: org.apache.hadoop.fs.permission.RawParser
2024-11-12 13:41:15,417 INFO  EvoClassLoader - Instrumenting class 'org.apache.hadoop.fs.permission.RawParser'.
2024-11-12 13:41:15,417 INFO  MethodCallReplacementClassAdapter - Adding mock interface to class org/apache/hadoop/fs/permission/RawParser
2024-11-12 13:41:15,417 INFO  CreateClassResetClassAdapter - Found static initializer in class org/apache/hadoop/fs/permission/RawParser
2024-11-12 13:41:15,418 INFO  EvoClassLoader - Keeping class: org.apache.hadoop.fs.permission.RawParser
2024-11-12 13:41:15,418 INFO  EvoClassLoader - Seeing class for first time: org.apache.hadoop.hdfs.server.namenode.FSImageFormat$Saver
2024-11-12 13:41:15,418 INFO  EvoClassLoader - Instrumenting class 'org.apache.hadoop.hdfs.server.namenode.FSImageFormat$Saver'.
2024-11-12 13:41:15,418 INFO  MethodCallReplacementClassAdapter - Adding mock interface to class org/apache/hadoop/hdfs/server/namenode/FSImageFormat$Saver
2024-11-12 13:41:15,420 INFO  CreateClassResetClassAdapter - Creating brand-new static initializer in class org/apache/hadoop/hdfs/server/namenode/FSImageFormat$Saver
2024-11-12 13:41:15,420 INFO  CreateClassResetClassAdapter - Adding bytecode for initializing field LAYOUT_VERSION
2024-11-12 13:41:15,420 INFO  CreateClassResetClassAdapter - Adding bytecode for initializing field CHECK_CANCEL_INTERVAL
2024-11-12 13:41:15,421 INFO  EvoClassLoader - Keeping class: org.apache.hadoop.hdfs.server.namenode.FSImageFormat$Saver
2024-11-12 13:41:15,421 INFO  EvoClassLoader - Seeing class for first time: org.apache.hadoop.hdfs.server.namenode.snapshot.SnapshotFSImageFormat
2024-11-12 13:41:15,421 INFO  EvoClassLoader - Instrumenting class 'org.apache.hadoop.hdfs.server.namenode.snapshot.SnapshotFSImageFormat'.
2024-11-12 13:41:15,421 INFO  MethodCallReplacementClassAdapter - Adding mock interface to class org/apache/hadoop/hdfs/server/namenode/snapshot/SnapshotFSImageFormat
2024-11-12 13:41:15,422 INFO  CreateClassResetClassAdapter - Creating brand-new static initializer in class org/apache/hadoop/hdfs/server/namenode/snapshot/SnapshotFSImageFormat
2024-11-12 13:41:15,422 INFO  EvoClassLoader - Keeping class: org.apache.hadoop.hdfs.server.namenode.snapshot.SnapshotFSImageFormat
2024-11-12 13:41:15,423 INFO  EvoClassLoader - Seeing class for first time: com.ctc.wstx.io.WstxInputLocation
2024-11-12 13:41:15,423 INFO  EvoClassLoader - Instrumenting class 'com.ctc.wstx.io.WstxInputLocation'.
2024-11-12 13:41:15,424 INFO  MethodCallReplacementClassAdapter - Adding mock interface to class com/ctc/wstx/io/WstxInputLocation
2024-11-12 13:41:15,424 INFO  CreateClassResetClassAdapter - Found static initializer in class com/ctc/wstx/io/WstxInputLocation
2024-11-12 13:41:15,424 INFO  EvoClassLoader - Keeping class: com.ctc.wstx.io.WstxInputLocation
2024-11-12 13:41:15,424 INFO  EvoClassLoader - Seeing class for first time: org.codehaus.stax2.validation.XMLValidationProblem
2024-11-12 13:41:15,424 INFO  EvoClassLoader - Instrumenting class 'org.codehaus.stax2.validation.XMLValidationProblem'.
2024-11-12 13:41:15,425 INFO  MethodCallReplacementClassAdapter - Adding mock interface to class org/codehaus/stax2/validation/XMLValidationProblem
2024-11-12 13:41:15,425 INFO  CreateClassResetClassAdapter - Creating brand-new static initializer in class org/codehaus/stax2/validation/XMLValidationProblem
2024-11-12 13:41:15,425 INFO  CreateClassResetClassAdapter - Adding bytecode for initializing field SEVERITY_WARNING
2024-11-12 13:41:15,425 INFO  CreateClassResetClassAdapter - Adding bytecode for initializing field SEVERITY_ERROR
2024-11-12 13:41:15,425 INFO  CreateClassResetClassAdapter - Adding bytecode for initializing field SEVERITY_FATAL
2024-11-12 13:41:15,425 INFO  EvoClassLoader - Keeping class: org.codehaus.stax2.validation.XMLValidationProblem
2024-11-12 13:41:15,425 INFO  EvoClassLoader - Seeing class for first time: com.ctc.wstx.sr.ElemCallback
2024-11-12 13:41:15,425 INFO  EvoClassLoader - Instrumenting class 'com.ctc.wstx.sr.ElemCallback'.
2024-11-12 13:41:15,425 INFO  MethodCallReplacementClassAdapter - Adding mock interface to class com/ctc/wstx/sr/ElemCallback
2024-11-12 13:41:15,425 INFO  CreateClassResetClassAdapter - Creating brand-new static initializer in class com/ctc/wstx/sr/ElemCallback
2024-11-12 13:41:15,425 INFO  EvoClassLoader - Keeping class: com.ctc.wstx.sr.ElemCallback
2024-11-12 13:41:15,426 INFO  EvoClassLoader - Seeing class for first time: org.codehaus.stax2.ri.typed.ValueDecoderFactory
2024-11-12 13:41:15,426 INFO  EvoClassLoader - Instrumenting class 'org.codehaus.stax2.ri.typed.ValueDecoderFactory'.
2024-11-12 13:41:15,426 INFO  MethodCallReplacementClassAdapter - Adding mock interface to class org/codehaus/stax2/ri/typed/ValueDecoderFactory
2024-11-12 13:41:15,426 INFO  CreateClassResetClassAdapter - Creating brand-new static initializer in class org/codehaus/stax2/ri/typed/ValueDecoderFactory
2024-11-12 13:41:15,426 INFO  EvoClassLoader - Keeping class: org.codehaus.stax2.ri.typed.ValueDecoderFactory
2024-11-12 13:41:15,426 INFO  EvoClassLoader - Seeing class for first time: org.codehaus.stax2.ri.typed.CharArrayBase64Decoder
2024-11-12 13:41:15,426 INFO  EvoClassLoader - Instrumenting class 'org.codehaus.stax2.ri.typed.CharArrayBase64Decoder'.
2024-11-12 13:41:15,426 INFO  MethodCallReplacementClassAdapter - Adding mock interface to class org/codehaus/stax2/ri/typed/CharArrayBase64Decoder
2024-11-12 13:41:15,427 INFO  CreateClassResetClassAdapter - Creating brand-new static initializer in class org/codehaus/stax2/ri/typed/CharArrayBase64Decoder
2024-11-12 13:41:15,427 INFO  EvoClassLoader - Seeing class for first time: org.codehaus.stax2.ri.typed.Base64DecoderBase
2024-11-12 13:41:15,427 INFO  EvoClassLoader - Instrumenting class 'org.codehaus.stax2.ri.typed.Base64DecoderBase'.
2024-11-12 13:41:15,428 INFO  MethodCallReplacementClassAdapter - Adding mock interface to class org/codehaus/stax2/ri/typed/Base64DecoderBase
2024-11-12 13:41:15,428 INFO  CreateClassResetClassAdapter - Creating brand-new static initializer in class org/codehaus/stax2/ri/typed/Base64DecoderBase
2024-11-12 13:41:15,428 INFO  CreateClassResetClassAdapter - Adding bytecode for initializing field STATE_INITIAL
2024-11-12 13:41:15,428 INFO  CreateClassResetClassAdapter - Adding bytecode for initializing field STATE_VALID_1
2024-11-12 13:41:15,428 INFO  CreateClassResetClassAdapter - Adding bytecode for initializing field STATE_VALID_2
2024-11-12 13:41:15,428 INFO  CreateClassResetClassAdapter - Adding bytecode for initializing field STATE_VALID_3
2024-11-12 13:41:15,428 INFO  CreateClassResetClassAdapter - Adding bytecode for initializing field STATE_OUTPUT_3
2024-11-12 13:41:15,428 INFO  CreateClassResetClassAdapter - Adding bytecode for initializing field STATE_OUTPUT_2
2024-11-12 13:41:15,428 INFO  CreateClassResetClassAdapter - Adding bytecode for initializing field STATE_OUTPUT_1
2024-11-12 13:41:15,428 INFO  CreateClassResetClassAdapter - Adding bytecode for initializing field STATE_VALID_2_AND_PADDING
2024-11-12 13:41:15,428 INFO  CreateClassResetClassAdapter - Adding bytecode for initializing field INT_SPACE
2024-11-12 13:41:15,428 INFO  EvoClassLoader - Keeping class: org.codehaus.stax2.ri.typed.Base64DecoderBase
2024-11-12 13:41:15,428 INFO  EvoClassLoader - Keeping class: org.codehaus.stax2.ri.typed.CharArrayBase64Decoder
2024-11-12 13:41:15,429 INFO  EvoClassLoader - Seeing class for first time: com.ctc.wstx.sw.XmlWriter
2024-11-12 13:41:15,429 INFO  EvoClassLoader - Instrumenting class 'com.ctc.wstx.sw.XmlWriter'.
2024-11-12 13:41:15,429 INFO  MethodCallReplacementClassAdapter - Adding mock interface to class com/ctc/wstx/sw/XmlWriter
2024-11-12 13:41:15,429 INFO  CreateClassResetClassAdapter - Creating brand-new static initializer in class com/ctc/wstx/sw/XmlWriter
2024-11-12 13:41:15,429 INFO  CreateClassResetClassAdapter - Adding bytecode for initializing field SURR1_FIRST
2024-11-12 13:41:15,429 INFO  CreateClassResetClassAdapter - Adding bytecode for initializing field SURR1_LAST
2024-11-12 13:41:15,429 INFO  CreateClassResetClassAdapter - Adding bytecode for initializing field SURR2_FIRST
2024-11-12 13:41:15,429 INFO  CreateClassResetClassAdapter - Adding bytecode for initializing field SURR2_LAST
2024-11-12 13:41:15,429 INFO  CreateClassResetClassAdapter - Adding bytecode for initializing field DEFAULT_QUOTE_CHAR
2024-11-12 13:41:15,429 INFO  EvoClassLoader - Defined package (3): package com.ctc.wstx.sw, 1195124713
2024-11-12 13:41:15,430 INFO  EvoClassLoader - Keeping class: com.ctc.wstx.sw.XmlWriter
2024-11-12 13:41:15,430 INFO  EvoClassLoader - Seeing class for first time: com.ctc.wstx.sr.Attribute
2024-11-12 13:41:15,430 INFO  EvoClassLoader - Instrumenting class 'com.ctc.wstx.sr.Attribute'.
2024-11-12 13:41:15,430 INFO  MethodCallReplacementClassAdapter - Adding mock interface to class com/ctc/wstx/sr/Attribute
2024-11-12 13:41:15,430 INFO  CreateClassResetClassAdapter - Creating brand-new static initializer in class com/ctc/wstx/sr/Attribute
2024-11-12 13:41:15,430 INFO  EvoClassLoader - Keeping class: com.ctc.wstx.sr.Attribute
2024-11-12 13:41:15,430 INFO  EvoClassLoader - Seeing class for first time: com.ctc.wstx.sr.ElemAttrs
2024-11-12 13:41:15,430 INFO  EvoClassLoader - Instrumenting class 'com.ctc.wstx.sr.ElemAttrs'.
2024-11-12 13:41:15,430 INFO  MethodCallReplacementClassAdapter - Adding mock interface to class com/ctc/wstx/sr/ElemAttrs
2024-11-12 13:41:15,430 INFO  CreateClassResetClassAdapter - Creating brand-new static initializer in class com/ctc/wstx/sr/ElemAttrs
2024-11-12 13:41:15,430 INFO  CreateClassResetClassAdapter - Adding bytecode for initializing field OFFSET_NS_URI
2024-11-12 13:41:15,431 INFO  EvoClassLoader - Keeping class: com.ctc.wstx.sr.ElemAttrs
2024-11-12 13:41:15,431 INFO  EvoClassLoader - Seeing class for first time: org.apache.hadoop.thirdparty.com.google.common.collect.Interners$InternerFunction
2024-11-12 13:41:15,431 INFO  EvoClassLoader - Instrumenting class 'org.apache.hadoop.thirdparty.com.google.common.collect.Interners$InternerFunction'.
2024-11-12 13:41:15,431 INFO  MethodCallReplacementClassAdapter - Adding mock interface to class org/apache/hadoop/thirdparty/com/google/common/collect/Interners$InternerFunction
2024-11-12 13:41:15,431 INFO  CreateClassResetClassAdapter - Creating brand-new static initializer in class org/apache/hadoop/thirdparty/com/google/common/collect/Interners$InternerFunction
2024-11-12 13:41:15,431 INFO  EvoClassLoader - Keeping class: org.apache.hadoop.thirdparty.com.google.common.collect.Interners$InternerFunction
2024-11-12 13:41:15,431 INFO  EvoClassLoader - Seeing class for first time: org.apache.hadoop.thirdparty.com.google.common.base.Equivalence$Wrapper
2024-11-12 13:41:15,431 INFO  EvoClassLoader - Instrumenting class 'org.apache.hadoop.thirdparty.com.google.common.base.Equivalence$Wrapper'.
2024-11-12 13:41:15,432 INFO  MethodCallReplacementClassAdapter - Adding mock interface to class org/apache/hadoop/thirdparty/com/google/common/base/Equivalence$Wrapper
2024-11-12 13:41:15,432 INFO  CreateClassResetClassAdapter - Creating brand-new static initializer in class org/apache/hadoop/thirdparty/com/google/common/base/Equivalence$Wrapper
2024-11-12 13:41:15,432 INFO  EvoClassLoader - Keeping class: org.apache.hadoop.thirdparty.com.google.common.base.Equivalence$Wrapper
2024-11-12 13:41:15,432 INFO  EvoClassLoader - Seeing class for first time: org.apache.hadoop.thirdparty.com.google.common.collect.MapMakerInternalMap$SerializationProxy
2024-11-12 13:41:15,432 INFO  EvoClassLoader - Instrumenting class 'org.apache.hadoop.thirdparty.com.google.common.collect.MapMakerInternalMap$SerializationProxy'.
2024-11-12 13:41:15,433 INFO  MethodCallReplacementClassAdapter - Adding mock interface to class org/apache/hadoop/thirdparty/com/google/common/collect/MapMakerInternalMap$SerializationProxy
2024-11-12 13:41:15,433 INFO  CreateClassResetClassAdapter - Creating brand-new static initializer in class org/apache/hadoop/thirdparty/com/google/common/collect/MapMakerInternalMap$SerializationProxy
2024-11-12 13:41:15,433 INFO  EvoClassLoader - Seeing class for first time: org.apache.hadoop.thirdparty.com.google.common.collect.MapMakerInternalMap$AbstractSerializationProxy
2024-11-12 13:41:15,433 INFO  EvoClassLoader - Instrumenting class 'org.apache.hadoop.thirdparty.com.google.common.collect.MapMakerInternalMap$AbstractSerializationProxy'.
2024-11-12 13:41:15,434 INFO  MethodCallReplacementClassAdapter - Adding mock interface to class org/apache/hadoop/thirdparty/com/google/common/collect/MapMakerInternalMap$AbstractSerializationProxy
2024-11-12 13:41:15,434 INFO  CreateClassResetClassAdapter - Creating brand-new static initializer in class org/apache/hadoop/thirdparty/com/google/common/collect/MapMakerInternalMap$AbstractSerializationProxy
2024-11-12 13:41:15,434 INFO  EvoClassLoader - Seeing class for first time: org.apache.hadoop.thirdparty.com.google.common.collect.ForwardingConcurrentMap
2024-11-12 13:41:15,434 INFO  EvoClassLoader - Instrumenting class 'org.apache.hadoop.thirdparty.com.google.common.collect.ForwardingConcurrentMap'.
2024-11-12 13:41:15,434 INFO  MethodCallReplacementClassAdapter - Adding mock interface to class org/apache/hadoop/thirdparty/com/google/common/collect/ForwardingConcurrentMap
2024-11-12 13:41:15,435 INFO  CreateClassResetClassAdapter - Creating brand-new static initializer in class org/apache/hadoop/thirdparty/com/google/common/collect/ForwardingConcurrentMap
2024-11-12 13:41:15,435 INFO  EvoClassLoader - Seeing class for first time: org.apache.hadoop.thirdparty.com.google.common.collect.ForwardingMap
2024-11-12 13:41:15,435 INFO  EvoClassLoader - Instrumenting class 'org.apache.hadoop.thirdparty.com.google.common.collect.ForwardingMap'.
2024-11-12 13:41:15,435 INFO  MethodCallReplacementClassAdapter - Adding mock interface to class org/apache/hadoop/thirdparty/com/google/common/collect/ForwardingMap
2024-11-12 13:41:15,436 INFO  CreateClassResetClassAdapter - Creating brand-new static initializer in class org/apache/hadoop/thirdparty/com/google/common/collect/ForwardingMap
2024-11-12 13:41:15,436 INFO  EvoClassLoader - Seeing class for first time: org.apache.hadoop.thirdparty.com.google.common.collect.ForwardingObject
2024-11-12 13:41:15,436 INFO  EvoClassLoader - Instrumenting class 'org.apache.hadoop.thirdparty.com.google.common.collect.ForwardingObject'.
2024-11-12 13:41:15,436 INFO  MethodCallReplacementClassAdapter - Adding mock interface to class org/apache/hadoop/thirdparty/com/google/common/collect/ForwardingObject
2024-11-12 13:41:15,436 INFO  CreateClassResetClassAdapter - Creating brand-new static initializer in class org/apache/hadoop/thirdparty/com/google/common/collect/ForwardingObject
2024-11-12 13:41:15,436 INFO  EvoClassLoader - Keeping class: org.apache.hadoop.thirdparty.com.google.common.collect.ForwardingObject
2024-11-12 13:41:15,436 INFO  EvoClassLoader - Keeping class: org.apache.hadoop.thirdparty.com.google.common.collect.ForwardingMap
2024-11-12 13:41:15,436 INFO  EvoClassLoader - Keeping class: org.apache.hadoop.thirdparty.com.google.common.collect.ForwardingConcurrentMap
2024-11-12 13:41:15,436 INFO  EvoClassLoader - Keeping class: org.apache.hadoop.thirdparty.com.google.common.collect.MapMakerInternalMap$AbstractSerializationProxy
2024-11-12 13:41:15,436 INFO  EvoClassLoader - Keeping class: org.apache.hadoop.thirdparty.com.google.common.collect.MapMakerInternalMap$SerializationProxy
2024-11-12 13:41:15,436 INFO  EvoClassLoader - Seeing class for first time: org.apache.hadoop.thirdparty.com.google.common.collect.MapMakerInternalMap$SafeToArraySet
2024-11-12 13:41:15,436 INFO  EvoClassLoader - Instrumenting class 'org.apache.hadoop.thirdparty.com.google.common.collect.MapMakerInternalMap$SafeToArraySet'.
2024-11-12 13:41:15,437 INFO  MethodCallReplacementClassAdapter - Adding mock interface to class org/apache/hadoop/thirdparty/com/google/common/collect/MapMakerInternalMap$SafeToArraySet
2024-11-12 13:41:15,437 INFO  CreateClassResetClassAdapter - Creating brand-new static initializer in class org/apache/hadoop/thirdparty/com/google/common/collect/MapMakerInternalMap$SafeToArraySet
2024-11-12 13:41:15,437 INFO  EvoClassLoader - Keeping class: org.apache.hadoop.thirdparty.com.google.common.collect.MapMakerInternalMap$SafeToArraySet
2024-11-12 13:41:15,437 INFO  EvoClassLoader - Seeing class for first time: org.apache.hadoop.thirdparty.com.google.common.collect.MapMakerInternalMap$EntrySet
2024-11-12 13:41:15,437 INFO  EvoClassLoader - Instrumenting class 'org.apache.hadoop.thirdparty.com.google.common.collect.MapMakerInternalMap$EntrySet'.
2024-11-12 13:41:15,437 INFO  MethodCallReplacementClassAdapter - Adding mock interface to class org/apache/hadoop/thirdparty/com/google/common/collect/MapMakerInternalMap$EntrySet
2024-11-12 13:41:15,438 INFO  CreateClassResetClassAdapter - Creating brand-new static initializer in class org/apache/hadoop/thirdparty/com/google/common/collect/MapMakerInternalMap$EntrySet
2024-11-12 13:41:15,438 INFO  EvoClassLoader - Keeping class: org.apache.hadoop.thirdparty.com.google.common.collect.MapMakerInternalMap$EntrySet
2024-11-12 13:41:15,438 INFO  EvoClassLoader - Seeing class for first time: org.apache.hadoop.thirdparty.com.google.common.collect.MapMakerInternalMap$Values
2024-11-12 13:41:15,438 INFO  EvoClassLoader - Instrumenting class 'org.apache.hadoop.thirdparty.com.google.common.collect.MapMakerInternalMap$Values'.
2024-11-12 13:41:15,438 INFO  MethodCallReplacementClassAdapter - Adding mock interface to class org/apache/hadoop/thirdparty/com/google/common/collect/MapMakerInternalMap$Values
2024-11-12 13:41:15,438 INFO  CreateClassResetClassAdapter - Creating brand-new static initializer in class org/apache/hadoop/thirdparty/com/google/common/collect/MapMakerInternalMap$Values
2024-11-12 13:41:15,439 INFO  EvoClassLoader - Keeping class: org.apache.hadoop.thirdparty.com.google.common.collect.MapMakerInternalMap$Values
2024-11-12 13:41:15,439 INFO  EvoClassLoader - Seeing class for first time: org.apache.hadoop.thirdparty.com.google.common.collect.MapMakerInternalMap$KeySet
2024-11-12 13:41:15,439 INFO  EvoClassLoader - Instrumenting class 'org.apache.hadoop.thirdparty.com.google.common.collect.MapMakerInternalMap$KeySet'.
2024-11-12 13:41:15,439 INFO  MethodCallReplacementClassAdapter - Adding mock interface to class org/apache/hadoop/thirdparty/com/google/common/collect/MapMakerInternalMap$KeySet
2024-11-12 13:41:15,439 INFO  CreateClassResetClassAdapter - Creating brand-new static initializer in class org/apache/hadoop/thirdparty/com/google/common/collect/MapMakerInternalMap$KeySet
2024-11-12 13:41:15,439 INFO  EvoClassLoader - Keeping class: org.apache.hadoop.thirdparty.com.google.common.collect.MapMakerInternalMap$KeySet
2024-11-12 13:41:15,439 INFO  EvoClassLoader - Seeing class for first time: org.apache.hadoop.thirdparty.com.google.common.collect.MapMakerInternalMap$EntryIterator
2024-11-12 13:41:15,439 INFO  EvoClassLoader - Instrumenting class 'org.apache.hadoop.thirdparty.com.google.common.collect.MapMakerInternalMap$EntryIterator'.
2024-11-12 13:41:15,439 INFO  MethodCallReplacementClassAdapter - Adding mock interface to class org/apache/hadoop/thirdparty/com/google/common/collect/MapMakerInternalMap$EntryIterator
2024-11-12 13:41:15,439 INFO  CreateClassResetClassAdapter - Creating brand-new static initializer in class org/apache/hadoop/thirdparty/com/google/common/collect/MapMakerInternalMap$EntryIterator
2024-11-12 13:41:15,439 INFO  EvoClassLoader - Seeing class for first time: org.apache.hadoop.thirdparty.com.google.common.collect.MapMakerInternalMap$HashIterator
2024-11-12 13:41:15,439 INFO  EvoClassLoader - Instrumenting class 'org.apache.hadoop.thirdparty.com.google.common.collect.MapMakerInternalMap$HashIterator'.
2024-11-12 13:41:15,440 INFO  MethodCallReplacementClassAdapter - Adding mock interface to class org/apache/hadoop/thirdparty/com/google/common/collect/MapMakerInternalMap$HashIterator
2024-11-12 13:41:15,440 INFO  CreateClassResetClassAdapter - Creating brand-new static initializer in class org/apache/hadoop/thirdparty/com/google/common/collect/MapMakerInternalMap$HashIterator
2024-11-12 13:41:15,440 INFO  EvoClassLoader - Keeping class: org.apache.hadoop.thirdparty.com.google.common.collect.MapMakerInternalMap$HashIterator
2024-11-12 13:41:15,440 INFO  EvoClassLoader - Keeping class: org.apache.hadoop.thirdparty.com.google.common.collect.MapMakerInternalMap$EntryIterator
2024-11-12 13:41:15,440 INFO  EvoClassLoader - Seeing class for first time: org.apache.hadoop.thirdparty.com.google.common.collect.MapMakerInternalMap$WriteThroughEntry
2024-11-12 13:41:15,440 INFO  EvoClassLoader - Instrumenting class 'org.apache.hadoop.thirdparty.com.google.common.collect.MapMakerInternalMap$WriteThroughEntry'.
2024-11-12 13:41:15,440 INFO  MethodCallReplacementClassAdapter - Adding mock interface to class org/apache/hadoop/thirdparty/com/google/common/collect/MapMakerInternalMap$WriteThroughEntry
2024-11-12 13:41:15,440 INFO  CreateClassResetClassAdapter - Creating brand-new static initializer in class org/apache/hadoop/thirdparty/com/google/common/collect/MapMakerInternalMap$WriteThroughEntry
2024-11-12 13:41:15,440 INFO  EvoClassLoader - Keeping class: org.apache.hadoop.thirdparty.com.google.common.collect.MapMakerInternalMap$WriteThroughEntry
2024-11-12 13:41:15,440 INFO  EvoClassLoader - Seeing class for first time: org.apache.hadoop.thirdparty.com.google.common.collect.MapMakerInternalMap$ValueIterator
2024-11-12 13:41:15,440 INFO  EvoClassLoader - Instrumenting class 'org.apache.hadoop.thirdparty.com.google.common.collect.MapMakerInternalMap$ValueIterator'.
2024-11-12 13:41:15,441 INFO  MethodCallReplacementClassAdapter - Adding mock interface to class org/apache/hadoop/thirdparty/com/google/common/collect/MapMakerInternalMap$ValueIterator
2024-11-12 13:41:15,441 INFO  CreateClassResetClassAdapter - Creating brand-new static initializer in class org/apache/hadoop/thirdparty/com/google/common/collect/MapMakerInternalMap$ValueIterator
2024-11-12 13:41:15,441 INFO  EvoClassLoader - Keeping class: org.apache.hadoop.thirdparty.com.google.common.collect.MapMakerInternalMap$ValueIterator
2024-11-12 13:41:15,441 INFO  EvoClassLoader - Seeing class for first time: org.apache.hadoop.thirdparty.com.google.common.collect.MapMakerInternalMap$KeyIterator
2024-11-12 13:41:15,441 INFO  EvoClassLoader - Instrumenting class 'org.apache.hadoop.thirdparty.com.google.common.collect.MapMakerInternalMap$KeyIterator'.
2024-11-12 13:41:15,441 INFO  MethodCallReplacementClassAdapter - Adding mock interface to class org/apache/hadoop/thirdparty/com/google/common/collect/MapMakerInternalMap$KeyIterator
2024-11-12 13:41:15,441 INFO  CreateClassResetClassAdapter - Creating brand-new static initializer in class org/apache/hadoop/thirdparty/com/google/common/collect/MapMakerInternalMap$KeyIterator
2024-11-12 13:41:15,441 INFO  EvoClassLoader - Keeping class: org.apache.hadoop.thirdparty.com.google.common.collect.MapMakerInternalMap$KeyIterator
2024-11-12 13:41:15,441 INFO  EvoClassLoader - Seeing class for first time: org.apache.hadoop.thirdparty.com.google.common.collect.MapMakerInternalMap$CleanupMapTask
2024-11-12 13:41:15,441 INFO  EvoClassLoader - Instrumenting class 'org.apache.hadoop.thirdparty.com.google.common.collect.MapMakerInternalMap$CleanupMapTask'.
2024-11-12 13:41:15,441 INFO  MethodCallReplacementClassAdapter - Adding mock interface to class org/apache/hadoop/thirdparty/com/google/common/collect/MapMakerInternalMap$CleanupMapTask
2024-11-12 13:41:15,441 INFO  CreateClassResetClassAdapter - Creating brand-new static initializer in class org/apache/hadoop/thirdparty/com/google/common/collect/MapMakerInternalMap$CleanupMapTask
2024-11-12 13:41:15,441 INFO  EvoClassLoader - Keeping class: org.apache.hadoop.thirdparty.com.google.common.collect.MapMakerInternalMap$CleanupMapTask
2024-11-12 13:41:15,441 INFO  EvoClassLoader - Seeing class for first time: org.apache.hadoop.thirdparty.com.google.common.collect.MapMakerInternalMap$WeakKeyDummyValueSegment
2024-11-12 13:41:15,441 INFO  EvoClassLoader - Instrumenting class 'org.apache.hadoop.thirdparty.com.google.common.collect.MapMakerInternalMap$WeakKeyDummyValueSegment'.
2024-11-12 13:41:15,441 INFO  MethodCallReplacementClassAdapter - Adding mock interface to class org/apache/hadoop/thirdparty/com/google/common/collect/MapMakerInternalMap$WeakKeyDummyValueSegment
2024-11-12 13:41:15,441 INFO  CreateClassResetClassAdapter - Creating brand-new static initializer in class org/apache/hadoop/thirdparty/com/google/common/collect/MapMakerInternalMap$WeakKeyDummyValueSegment
2024-11-12 13:41:15,442 INFO  EvoClassLoader - Keeping class: org.apache.hadoop.thirdparty.com.google.common.collect.MapMakerInternalMap$WeakKeyDummyValueSegment
2024-11-12 13:41:15,442 INFO  EvoClassLoader - Seeing class for first time: org.apache.hadoop.thirdparty.com.google.common.collect.MapMakerInternalMap$WeakKeyWeakValueSegment
2024-11-12 13:41:15,442 INFO  EvoClassLoader - Instrumenting class 'org.apache.hadoop.thirdparty.com.google.common.collect.MapMakerInternalMap$WeakKeyWeakValueSegment'.
2024-11-12 13:41:15,442 INFO  MethodCallReplacementClassAdapter - Adding mock interface to class org/apache/hadoop/thirdparty/com/google/common/collect/MapMakerInternalMap$WeakKeyWeakValueSegment
2024-11-12 13:41:15,442 INFO  CreateClassResetClassAdapter - Creating brand-new static initializer in class org/apache/hadoop/thirdparty/com/google/common/collect/MapMakerInternalMap$WeakKeyWeakValueSegment
2024-11-12 13:41:15,442 INFO  EvoClassLoader - Keeping class: org.apache.hadoop.thirdparty.com.google.common.collect.MapMakerInternalMap$WeakKeyWeakValueSegment
2024-11-12 13:41:15,442 INFO  EvoClassLoader - Seeing class for first time: org.apache.hadoop.thirdparty.com.google.common.collect.MapMakerInternalMap$WeakKeyStrongValueSegment
2024-11-12 13:41:15,442 INFO  EvoClassLoader - Instrumenting class 'org.apache.hadoop.thirdparty.com.google.common.collect.MapMakerInternalMap$WeakKeyStrongValueSegment'.
2024-11-12 13:41:15,442 INFO  MethodCallReplacementClassAdapter - Adding mock interface to class org/apache/hadoop/thirdparty/com/google/common/collect/MapMakerInternalMap$WeakKeyStrongValueSegment
2024-11-12 13:41:15,442 INFO  CreateClassResetClassAdapter - Creating brand-new static initializer in class org/apache/hadoop/thirdparty/com/google/common/collect/MapMakerInternalMap$WeakKeyStrongValueSegment
2024-11-12 13:41:15,442 INFO  EvoClassLoader - Keeping class: org.apache.hadoop.thirdparty.com.google.common.collect.MapMakerInternalMap$WeakKeyStrongValueSegment
2024-11-12 13:41:15,442 INFO  EvoClassLoader - Seeing class for first time: org.apache.hadoop.thirdparty.com.google.common.collect.MapMakerInternalMap$StrongKeyWeakValueSegment
2024-11-12 13:41:15,442 INFO  EvoClassLoader - Instrumenting class 'org.apache.hadoop.thirdparty.com.google.common.collect.MapMakerInternalMap$StrongKeyWeakValueSegment'.
2024-11-12 13:41:15,443 INFO  MethodCallReplacementClassAdapter - Adding mock interface to class org/apache/hadoop/thirdparty/com/google/common/collect/MapMakerInternalMap$StrongKeyWeakValueSegment
2024-11-12 13:41:15,443 INFO  CreateClassResetClassAdapter - Creating brand-new static initializer in class org/apache/hadoop/thirdparty/com/google/common/collect/MapMakerInternalMap$StrongKeyWeakValueSegment
2024-11-12 13:41:15,443 INFO  EvoClassLoader - Keeping class: org.apache.hadoop.thirdparty.com.google.common.collect.MapMakerInternalMap$StrongKeyWeakValueSegment
2024-11-12 13:41:15,443 INFO  EvoClassLoader - Seeing class for first time: org.apache.hadoop.thirdparty.com.google.common.collect.MapMakerInternalMap$StrongKeyStrongValueSegment
2024-11-12 13:41:15,443 INFO  EvoClassLoader - Instrumenting class 'org.apache.hadoop.thirdparty.com.google.common.collect.MapMakerInternalMap$StrongKeyStrongValueSegment'.
2024-11-12 13:41:15,443 INFO  MethodCallReplacementClassAdapter - Adding mock interface to class org/apache/hadoop/thirdparty/com/google/common/collect/MapMakerInternalMap$StrongKeyStrongValueSegment
2024-11-12 13:41:15,443 INFO  CreateClassResetClassAdapter - Creating brand-new static initializer in class org/apache/hadoop/thirdparty/com/google/common/collect/MapMakerInternalMap$StrongKeyStrongValueSegment
2024-11-12 13:41:15,443 INFO  EvoClassLoader - Keeping class: org.apache.hadoop.thirdparty.com.google.common.collect.MapMakerInternalMap$StrongKeyStrongValueSegment
2024-11-12 13:41:15,443 INFO  EvoClassLoader - Seeing class for first time: org.apache.hadoop.thirdparty.com.google.common.collect.MapMakerInternalMap$WeakValueReferenceImpl
2024-11-12 13:41:15,443 INFO  EvoClassLoader - Instrumenting class 'org.apache.hadoop.thirdparty.com.google.common.collect.MapMakerInternalMap$WeakValueReferenceImpl'.
2024-11-12 13:41:15,444 INFO  MethodCallReplacementClassAdapter - Adding mock interface to class org/apache/hadoop/thirdparty/com/google/common/collect/MapMakerInternalMap$WeakValueReferenceImpl
2024-11-12 13:41:15,444 INFO  CreateClassResetClassAdapter - Creating brand-new static initializer in class org/apache/hadoop/thirdparty/com/google/common/collect/MapMakerInternalMap$WeakValueReferenceImpl
2024-11-12 13:41:15,444 INFO  EvoClassLoader - Keeping class: org.apache.hadoop.thirdparty.com.google.common.collect.MapMakerInternalMap$WeakValueReferenceImpl
2024-11-12 13:41:15,444 INFO  EvoClassLoader - Seeing class for first time: org.apache.hadoop.thirdparty.com.google.common.collect.MapMakerInternalMap$DummyInternalEntry
2024-11-12 13:41:15,444 INFO  EvoClassLoader - Instrumenting class 'org.apache.hadoop.thirdparty.com.google.common.collect.MapMakerInternalMap$DummyInternalEntry'.
2024-11-12 13:41:15,444 INFO  MethodCallReplacementClassAdapter - Adding mock interface to class org/apache/hadoop/thirdparty/com/google/common/collect/MapMakerInternalMap$DummyInternalEntry
2024-11-12 13:41:15,444 INFO  CreateClassResetClassAdapter - Creating brand-new static initializer in class org/apache/hadoop/thirdparty/com/google/common/collect/MapMakerInternalMap$DummyInternalEntry
2024-11-12 13:41:15,444 INFO  EvoClassLoader - Keeping class: org.apache.hadoop.thirdparty.com.google.common.collect.MapMakerInternalMap$DummyInternalEntry
2024-11-12 13:41:15,444 INFO  EvoClassLoader - Seeing class for first time: org.apache.hadoop.thirdparty.com.google.common.collect.MapMakerInternalMap$WeakKeyWeakValueEntry
2024-11-12 13:41:15,444 INFO  EvoClassLoader - Instrumenting class 'org.apache.hadoop.thirdparty.com.google.common.collect.MapMakerInternalMap$WeakKeyWeakValueEntry'.
2024-11-12 13:41:15,444 INFO  MethodCallReplacementClassAdapter - Adding mock interface to class org/apache/hadoop/thirdparty/com/google/common/collect/MapMakerInternalMap$WeakKeyWeakValueEntry
2024-11-12 13:41:15,444 INFO  CreateClassResetClassAdapter - Creating brand-new static initializer in class org/apache/hadoop/thirdparty/com/google/common/collect/MapMakerInternalMap$WeakKeyWeakValueEntry
2024-11-12 13:41:15,444 INFO  EvoClassLoader - Seeing class for first time: org.apache.hadoop.thirdparty.com.google.common.collect.MapMakerInternalMap$WeakValueEntry
2024-11-12 13:41:15,444 INFO  EvoClassLoader - Instrumenting class 'org.apache.hadoop.thirdparty.com.google.common.collect.MapMakerInternalMap$WeakValueEntry'.
2024-11-12 13:41:15,445 INFO  EvoClassLoader - Keeping class: org.apache.hadoop.thirdparty.com.google.common.collect.MapMakerInternalMap$WeakValueEntry
2024-11-12 13:41:15,445 INFO  EvoClassLoader - Seeing class for first time: org.apache.hadoop.thirdparty.com.google.common.collect.MapMakerInternalMap$AbstractWeakKeyEntry
2024-11-12 13:41:15,445 INFO  EvoClassLoader - Instrumenting class 'org.apache.hadoop.thirdparty.com.google.common.collect.MapMakerInternalMap$AbstractWeakKeyEntry'.
2024-11-12 13:41:15,445 INFO  MethodCallReplacementClassAdapter - Adding mock interface to class org/apache/hadoop/thirdparty/com/google/common/collect/MapMakerInternalMap$AbstractWeakKeyEntry
2024-11-12 13:41:15,445 INFO  CreateClassResetClassAdapter - Creating brand-new static initializer in class org/apache/hadoop/thirdparty/com/google/common/collect/MapMakerInternalMap$AbstractWeakKeyEntry
2024-11-12 13:41:15,445 INFO  EvoClassLoader - Keeping class: org.apache.hadoop.thirdparty.com.google.common.collect.MapMakerInternalMap$AbstractWeakKeyEntry
2024-11-12 13:41:15,445 INFO  EvoClassLoader - Keeping class: org.apache.hadoop.thirdparty.com.google.common.collect.MapMakerInternalMap$WeakKeyWeakValueEntry
2024-11-12 13:41:15,445 INFO  EvoClassLoader - Seeing class for first time: org.apache.hadoop.thirdparty.com.google.common.collect.MapMakerInternalMap$WeakKeyStrongValueEntry
2024-11-12 13:41:15,445 INFO  EvoClassLoader - Instrumenting class 'org.apache.hadoop.thirdparty.com.google.common.collect.MapMakerInternalMap$WeakKeyStrongValueEntry'.
2024-11-12 13:41:15,445 INFO  MethodCallReplacementClassAdapter - Adding mock interface to class org/apache/hadoop/thirdparty/com/google/common/collect/MapMakerInternalMap$WeakKeyStrongValueEntry
2024-11-12 13:41:15,445 INFO  CreateClassResetClassAdapter - Creating brand-new static initializer in class org/apache/hadoop/thirdparty/com/google/common/collect/MapMakerInternalMap$WeakKeyStrongValueEntry
2024-11-12 13:41:15,445 INFO  EvoClassLoader - Seeing class for first time: org.apache.hadoop.thirdparty.com.google.common.collect.MapMakerInternalMap$StrongValueEntry
2024-11-12 13:41:15,445 INFO  EvoClassLoader - Instrumenting class 'org.apache.hadoop.thirdparty.com.google.common.collect.MapMakerInternalMap$StrongValueEntry'.
2024-11-12 13:41:15,445 INFO  EvoClassLoader - Keeping class: org.apache.hadoop.thirdparty.com.google.common.collect.MapMakerInternalMap$StrongValueEntry
2024-11-12 13:41:15,445 INFO  EvoClassLoader - Keeping class: org.apache.hadoop.thirdparty.com.google.common.collect.MapMakerInternalMap$WeakKeyStrongValueEntry
2024-11-12 13:41:15,445 INFO  EvoClassLoader - Seeing class for first time: org.apache.hadoop.thirdparty.com.google.common.collect.MapMakerInternalMap$WeakKeyDummyValueEntry
2024-11-12 13:41:15,445 INFO  EvoClassLoader - Instrumenting class 'org.apache.hadoop.thirdparty.com.google.common.collect.MapMakerInternalMap$WeakKeyDummyValueEntry'.
2024-11-12 13:41:15,446 INFO  MethodCallReplacementClassAdapter - Adding mock interface to class org/apache/hadoop/thirdparty/com/google/common/collect/MapMakerInternalMap$WeakKeyDummyValueEntry
2024-11-12 13:41:15,446 INFO  CreateClassResetClassAdapter - Creating brand-new static initializer in class org/apache/hadoop/thirdparty/com/google/common/collect/MapMakerInternalMap$WeakKeyDummyValueEntry
2024-11-12 13:41:15,446 INFO  EvoClassLoader - Keeping class: org.apache.hadoop.thirdparty.com.google.common.collect.MapMakerInternalMap$WeakKeyDummyValueEntry
2024-11-12 13:41:15,446 INFO  EvoClassLoader - Seeing class for first time: org.apache.hadoop.thirdparty.com.google.common.collect.MapMakerInternalMap$StrongKeyDummyValueEntry
2024-11-12 13:41:15,446 INFO  EvoClassLoader - Instrumenting class 'org.apache.hadoop.thirdparty.com.google.common.collect.MapMakerInternalMap$StrongKeyDummyValueEntry'.
2024-11-12 13:41:15,446 INFO  MethodCallReplacementClassAdapter - Adding mock interface to class org/apache/hadoop/thirdparty/com/google/common/collect/MapMakerInternalMap$StrongKeyDummyValueEntry
2024-11-12 13:41:15,446 INFO  CreateClassResetClassAdapter - Creating brand-new static initializer in class org/apache/hadoop/thirdparty/com/google/common/collect/MapMakerInternalMap$StrongKeyDummyValueEntry
2024-11-12 13:41:15,446 INFO  EvoClassLoader - Seeing class for first time: org.apache.hadoop.thirdparty.com.google.common.collect.MapMakerInternalMap$AbstractStrongKeyEntry
2024-11-12 13:41:15,446 INFO  EvoClassLoader - Instrumenting class 'org.apache.hadoop.thirdparty.com.google.common.collect.MapMakerInternalMap$AbstractStrongKeyEntry'.
2024-11-12 13:41:15,446 INFO  MethodCallReplacementClassAdapter - Adding mock interface to class org/apache/hadoop/thirdparty/com/google/common/collect/MapMakerInternalMap$AbstractStrongKeyEntry
2024-11-12 13:41:15,446 INFO  CreateClassResetClassAdapter - Creating brand-new static initializer in class org/apache/hadoop/thirdparty/com/google/common/collect/MapMakerInternalMap$AbstractStrongKeyEntry
2024-11-12 13:41:15,446 INFO  EvoClassLoader - Keeping class: org.apache.hadoop.thirdparty.com.google.common.collect.MapMakerInternalMap$AbstractStrongKeyEntry
2024-11-12 13:41:15,446 INFO  EvoClassLoader - Keeping class: org.apache.hadoop.thirdparty.com.google.common.collect.MapMakerInternalMap$StrongKeyDummyValueEntry
2024-11-12 13:41:15,446 INFO  EvoClassLoader - Seeing class for first time: org.apache.hadoop.thirdparty.com.google.common.collect.MapMakerInternalMap$StrongKeyWeakValueEntry
2024-11-12 13:41:15,446 INFO  EvoClassLoader - Instrumenting class 'org.apache.hadoop.thirdparty.com.google.common.collect.MapMakerInternalMap$StrongKeyWeakValueEntry'.
2024-11-12 13:41:15,446 INFO  MethodCallReplacementClassAdapter - Adding mock interface to class org/apache/hadoop/thirdparty/com/google/common/collect/MapMakerInternalMap$StrongKeyWeakValueEntry
2024-11-12 13:41:15,447 INFO  CreateClassResetClassAdapter - Creating brand-new static initializer in class org/apache/hadoop/thirdparty/com/google/common/collect/MapMakerInternalMap$StrongKeyWeakValueEntry
2024-11-12 13:41:15,447 INFO  EvoClassLoader - Keeping class: org.apache.hadoop.thirdparty.com.google.common.collect.MapMakerInternalMap$StrongKeyWeakValueEntry
2024-11-12 13:41:15,447 INFO  EvoClassLoader - Seeing class for first time: org.apache.hadoop.thirdparty.com.google.common.collect.MapMakerInternalMap$StrongKeyStrongValueEntry
2024-11-12 13:41:15,447 INFO  EvoClassLoader - Instrumenting class 'org.apache.hadoop.thirdparty.com.google.common.collect.MapMakerInternalMap$StrongKeyStrongValueEntry'.
2024-11-12 13:41:15,447 INFO  MethodCallReplacementClassAdapter - Adding mock interface to class org/apache/hadoop/thirdparty/com/google/common/collect/MapMakerInternalMap$StrongKeyStrongValueEntry
2024-11-12 13:41:15,447 INFO  CreateClassResetClassAdapter - Creating brand-new static initializer in class org/apache/hadoop/thirdparty/com/google/common/collect/MapMakerInternalMap$StrongKeyStrongValueEntry
2024-11-12 13:41:15,447 INFO  EvoClassLoader - Keeping class: org.apache.hadoop.thirdparty.com.google.common.collect.MapMakerInternalMap$StrongKeyStrongValueEntry
2024-11-12 13:41:15,447 INFO  EvoClassLoader - Seeing class for first time: org.apache.hadoop.thirdparty.com.google.common.base.MoreObjects$ToStringHelper
2024-11-12 13:41:15,447 INFO  EvoClassLoader - Instrumenting class 'org.apache.hadoop.thirdparty.com.google.common.base.MoreObjects$ToStringHelper'.
2024-11-12 13:41:15,447 INFO  MethodCallReplacementClassAdapter - Adding mock interface to class org/apache/hadoop/thirdparty/com/google/common/base/MoreObjects$ToStringHelper
2024-11-12 13:41:15,447 INFO  CreateClassResetClassAdapter - Creating brand-new static initializer in class org/apache/hadoop/thirdparty/com/google/common/base/MoreObjects$ToStringHelper
2024-11-12 13:41:15,448 INFO  EvoClassLoader - Keeping class: org.apache.hadoop.thirdparty.com.google.common.base.MoreObjects$ToStringHelper
2024-11-12 13:41:15,448 INFO  EvoClassLoader - Seeing class for first time: org.apache.hadoop.thirdparty.com.google.common.collect.MapMaker$Dummy
2024-11-12 13:41:15,448 INFO  EvoClassLoader - Instrumenting class 'org.apache.hadoop.thirdparty.com.google.common.collect.MapMaker$Dummy'.
2024-11-12 13:41:15,448 INFO  MethodCallReplacementClassAdapter - Adding mock interface to class org/apache/hadoop/thirdparty/com/google/common/collect/MapMaker$Dummy
2024-11-12 13:41:15,448 INFO  CreateClassResetClassAdapter - Found static initializer in class org/apache/hadoop/thirdparty/com/google/common/collect/MapMaker$Dummy
2024-11-12 13:41:15,448 INFO  EvoClassLoader - Keeping class: org.apache.hadoop.thirdparty.com.google.common.collect.MapMaker$Dummy
2024-11-12 13:41:15,448 INFO  EvoClassLoader - Seeing class for first time: org.apache.hadoop.io.TestWritable$SimpleWritable
2024-11-12 13:41:15,448 INFO  EvoClassLoader - Instrumenting class 'org.apache.hadoop.io.TestWritable$SimpleWritable'.
2024-11-12 13:41:15,448 INFO  MethodCallReplacementClassAdapter - Adding mock interface to class org/apache/hadoop/io/TestWritable$SimpleWritable
2024-11-12 13:41:15,448 INFO  CreateClassResetClassAdapter - Found static initializer in class org/apache/hadoop/io/TestWritable$SimpleWritable
2024-11-12 13:41:15,449 INFO  EvoClassLoader - Keeping class: org.apache.hadoop.io.TestWritable$SimpleWritable
2024-11-12 13:41:15,449 INFO  EvoClassLoader - Seeing class for first time: org.apache.hadoop.io.TestWritable
2024-11-12 13:41:15,449 INFO  EvoClassLoader - Instrumenting class 'org.apache.hadoop.io.TestWritable'.
2024-11-12 13:41:15,449 INFO  MethodCallReplacementClassAdapter - Adding mock interface to class org/apache/hadoop/io/TestWritable
2024-11-12 13:41:15,449 INFO  CreateClassResetClassAdapter - Found static initializer in class org/apache/hadoop/io/TestWritable
2024-11-12 13:41:15,450 INFO  EvoClassLoader - Keeping class: org.apache.hadoop.io.TestWritable
2024-11-12 13:41:15,450 INFO  EvoClassLoader - Seeing class for first time: org.apache.hadoop.io.TestWritable$Frob
2024-11-12 13:41:15,450 INFO  EvoClassLoader - Instrumenting class 'org.apache.hadoop.io.TestWritable$Frob'.
2024-11-12 13:41:15,450 INFO  MethodCallReplacementClassAdapter - Adding mock interface to class org/apache/hadoop/io/TestWritable$Frob
2024-11-12 13:41:15,450 INFO  CreateClassResetClassAdapter - Found static initializer in class org/apache/hadoop/io/TestWritable$Frob
2024-11-12 13:41:15,450 INFO  EvoClassLoader - Keeping class: org.apache.hadoop.io.TestWritable$Frob
2024-11-12 13:41:15,450 INFO  EvoClassLoader - Seeing class for first time: org.apache.hadoop.io.TestWritable$FrobComparator
2024-11-12 13:41:15,450 INFO  EvoClassLoader - Instrumenting class 'org.apache.hadoop.io.TestWritable$FrobComparator'.
2024-11-12 13:41:15,451 INFO  MethodCallReplacementClassAdapter - Adding mock interface to class org/apache/hadoop/io/TestWritable$FrobComparator
2024-11-12 13:41:15,451 INFO  CreateClassResetClassAdapter - Creating brand-new static initializer in class org/apache/hadoop/io/TestWritable$FrobComparator
2024-11-12 13:41:15,451 INFO  EvoClassLoader - Keeping class: org.apache.hadoop.io.TestWritable$FrobComparator
2024-11-12 13:41:15,451 INFO  EvoClassLoader - Seeing class for first time: org.apache.hadoop.io.TestWritable$SimpleWritableComparable
2024-11-12 13:41:15,451 INFO  EvoClassLoader - Instrumenting class 'org.apache.hadoop.io.TestWritable$SimpleWritableComparable'.
2024-11-12 13:41:15,451 INFO  MethodCallReplacementClassAdapter - Adding mock interface to class org/apache/hadoop/io/TestWritable$SimpleWritableComparable
2024-11-12 13:41:15,451 INFO  CreateClassResetClassAdapter - Creating brand-new static initializer in class org/apache/hadoop/io/TestWritable$SimpleWritableComparable
2024-11-12 13:41:15,451 INFO  EvoClassLoader - Keeping class: org.apache.hadoop.io.TestWritable$SimpleWritableComparable
2024-11-12 13:41:15,493 INFO  EvoClassLoader - Seeing class for first time: org.apache.commons.lang3.time.FastDateFormat
2024-11-12 13:41:15,493 INFO  EvoClassLoader - Instrumenting class 'org.apache.commons.lang3.time.FastDateFormat'.
2024-11-12 13:41:15,493 INFO  MethodCallReplacementClassAdapter - Adding mock interface to class org/apache/commons/lang3/time/FastDateFormat
2024-11-12 13:41:15,494 INFO  CreateClassResetClassAdapter - Found static initializer in class org/apache/commons/lang3/time/FastDateFormat
2024-11-12 13:41:15,494 INFO  EvoClassLoader - Defined package (3): package org.apache.commons.lang3.time, -377128206
2024-11-12 13:41:15,494 INFO  EvoClassLoader - Seeing class for first time: org.apache.commons.lang3.time.DateParser
2024-11-12 13:41:15,494 INFO  EvoClassLoader - Instrumenting class 'org.apache.commons.lang3.time.DateParser'.
2024-11-12 13:41:15,495 INFO  EvoClassLoader - Keeping class: org.apache.commons.lang3.time.DateParser
2024-11-12 13:41:15,495 INFO  EvoClassLoader - Seeing class for first time: org.apache.commons.lang3.time.DatePrinter
2024-11-12 13:41:15,495 INFO  EvoClassLoader - Instrumenting class 'org.apache.commons.lang3.time.DatePrinter'.
2024-11-12 13:41:15,495 INFO  EvoClassLoader - Keeping class: org.apache.commons.lang3.time.DatePrinter
2024-11-12 13:41:15,495 INFO  EvoClassLoader - Keeping class: org.apache.commons.lang3.time.FastDateFormat
2024-11-12 13:41:15,495 INFO  EvoClassLoader - Seeing class for first time: org.apache.hadoop.util.LogAdapter
2024-11-12 13:41:15,495 INFO  EvoClassLoader - Instrumenting class 'org.apache.hadoop.util.LogAdapter'.
2024-11-12 13:41:15,495 INFO  MethodCallReplacementClassAdapter - Adding mock interface to class org/apache/hadoop/util/LogAdapter
2024-11-12 13:41:15,496 INFO  CreateClassResetClassAdapter - Creating brand-new static initializer in class org/apache/hadoop/util/LogAdapter
2024-11-12 13:41:15,496 INFO  EvoClassLoader - Keeping class: org.apache.hadoop.util.LogAdapter
2024-11-12 13:41:15,496 INFO  EvoClassLoader - Seeing class for first time: org.apache.hadoop.metrics2.MetricsSink
2024-11-12 13:41:15,496 INFO  EvoClassLoader - Instrumenting class 'org.apache.hadoop.metrics2.MetricsSink'.
2024-11-12 13:41:15,496 INFO  EvoClassLoader - Seeing class for first time: org.apache.hadoop.metrics2.MetricsPlugin
2024-11-12 13:41:15,496 INFO  EvoClassLoader - Instrumenting class 'org.apache.hadoop.metrics2.MetricsPlugin'.
2024-11-12 13:41:15,497 INFO  EvoClassLoader - Keeping class: org.apache.hadoop.metrics2.MetricsPlugin
2024-11-12 13:41:15,497 INFO  EvoClassLoader - Keeping class: org.apache.hadoop.metrics2.MetricsSink
2024-11-12 13:41:15,497 INFO  EvoClassLoader - Seeing class for first time: org.apache.hadoop.metrics2.impl.MetricsSystemImpl$InitMode
2024-11-12 13:41:15,497 INFO  EvoClassLoader - Instrumenting class 'org.apache.hadoop.metrics2.impl.MetricsSystemImpl$InitMode'.
2024-11-12 13:41:15,497 INFO  MethodCallReplacementClassAdapter - Adding mock interface to class org/apache/hadoop/metrics2/impl/MetricsSystemImpl$InitMode
2024-11-12 13:41:15,497 INFO  CreateClassResetClassAdapter - Found static initializer in class org/apache/hadoop/metrics2/impl/MetricsSystemImpl$InitMode
2024-11-12 13:41:15,498 INFO  EvoClassLoader - Keeping class: org.apache.hadoop.metrics2.impl.MetricsSystemImpl$InitMode
2024-11-12 13:41:15,498 INFO  EvoClassLoader - Seeing class for first time: org.apache.hadoop.metrics2.impl.MetricsConfig
2024-11-12 13:41:15,498 INFO  EvoClassLoader - Instrumenting class 'org.apache.hadoop.metrics2.impl.MetricsConfig'.
2024-11-12 13:41:15,498 INFO  MethodCallReplacementClassAdapter - Adding mock interface to class org/apache/hadoop/metrics2/impl/MetricsConfig
2024-11-12 13:41:15,499 INFO  CreateClassResetClassAdapter - Found static initializer in class org/apache/hadoop/metrics2/impl/MetricsConfig
2024-11-12 13:41:15,500 INFO  EvoClassLoader - Seeing class for first time: org.apache.commons.configuration2.SubsetConfiguration
2024-11-12 13:41:15,500 INFO  EvoClassLoader - Instrumenting class 'org.apache.commons.configuration2.SubsetConfiguration'.
2024-11-12 13:41:15,500 INFO  MethodCallReplacementClassAdapter - Adding mock interface to class org/apache/commons/configuration2/SubsetConfiguration
2024-11-12 13:41:15,500 INFO  CreateClassResetClassAdapter - Creating brand-new static initializer in class org/apache/commons/configuration2/SubsetConfiguration
2024-11-12 13:41:15,501 INFO  EvoClassLoader - Seeing class for first time: org.apache.commons.configuration2.AbstractConfiguration
2024-11-12 13:41:15,501 INFO  EvoClassLoader - Instrumenting class 'org.apache.commons.configuration2.AbstractConfiguration'.
2024-11-12 13:41:15,501 INFO  MethodCallReplacementClassAdapter - Adding mock interface to class org/apache/commons/configuration2/AbstractConfiguration
2024-11-12 13:41:15,504 INFO  CreateClassResetClassAdapter - Creating brand-new static initializer in class org/apache/commons/configuration2/AbstractConfiguration
2024-11-12 13:41:15,504 INFO  EvoClassLoader - Seeing class for first time: org.apache.commons.configuration2.event.BaseEventSource
2024-11-12 13:41:15,504 INFO  EvoClassLoader - Instrumenting class 'org.apache.commons.configuration2.event.BaseEventSource'.
2024-11-12 13:41:15,505 INFO  MethodCallReplacementClassAdapter - Adding mock interface to class org/apache/commons/configuration2/event/BaseEventSource
2024-11-12 13:41:15,505 INFO  CreateClassResetClassAdapter - Creating brand-new static initializer in class org/apache/commons/configuration2/event/BaseEventSource
2024-11-12 13:41:15,506 INFO  EvoClassLoader - Defined package (3): package org.apache.commons.configuration2.event, 244439300
2024-11-12 13:41:15,506 INFO  EvoClassLoader - Seeing class for first time: org.apache.commons.configuration2.event.EventSource
2024-11-12 13:41:15,506 INFO  EvoClassLoader - Instrumenting class 'org.apache.commons.configuration2.event.EventSource'.
2024-11-12 13:41:15,506 INFO  EvoClassLoader - Keeping class: org.apache.commons.configuration2.event.EventSource
2024-11-12 13:41:15,506 INFO  EvoClassLoader - Keeping class: org.apache.commons.configuration2.event.BaseEventSource
2024-11-12 13:41:15,506 INFO  EvoClassLoader - Keeping class: org.apache.commons.configuration2.AbstractConfiguration
2024-11-12 13:41:15,506 INFO  EvoClassLoader - Keeping class: org.apache.commons.configuration2.SubsetConfiguration
2024-11-12 13:41:15,506 INFO  EvoClassLoader - Keeping class: org.apache.hadoop.metrics2.impl.MetricsConfig
2024-11-12 13:41:15,507 INFO  EvoClassLoader - Seeing class for first time: org.apache.hadoop.metrics2.impl.MetricsSinkAdapter
2024-11-12 13:41:15,507 INFO  EvoClassLoader - Instrumenting class 'org.apache.hadoop.metrics2.impl.MetricsSinkAdapter'.
2024-11-12 13:41:15,507 INFO  MethodCallReplacementClassAdapter - Adding mock interface to class org/apache/hadoop/metrics2/impl/MetricsSinkAdapter
2024-11-12 13:41:15,510 INFO  CreateClassResetClassAdapter - Found static initializer in class org/apache/hadoop/metrics2/impl/MetricsSinkAdapter
2024-11-12 13:41:15,511 INFO  EvoClassLoader - Seeing class for first time: org.apache.hadoop.metrics2.impl.SinkQueue$Consumer
2024-11-12 13:41:15,511 INFO  EvoClassLoader - Instrumenting class 'org.apache.hadoop.metrics2.impl.SinkQueue$Consumer'.
2024-11-12 13:41:15,512 INFO  EvoClassLoader - Keeping class: org.apache.hadoop.metrics2.impl.SinkQueue$Consumer
2024-11-12 13:41:15,512 INFO  EvoClassLoader - Keeping class: org.apache.hadoop.metrics2.impl.MetricsSinkAdapter
2024-11-12 13:41:15,512 INFO  EvoClassLoader - Seeing class for first time: org.apache.hadoop.metrics2.impl.MetricsBuffer
2024-11-12 13:41:15,512 INFO  EvoClassLoader - Instrumenting class 'org.apache.hadoop.metrics2.impl.MetricsBuffer'.
2024-11-12 13:41:15,513 INFO  MethodCallReplacementClassAdapter - Adding mock interface to class org/apache/hadoop/metrics2/impl/MetricsBuffer
2024-11-12 13:41:15,513 INFO  CreateClassResetClassAdapter - Creating brand-new static initializer in class org/apache/hadoop/metrics2/impl/MetricsBuffer
2024-11-12 13:41:15,513 INFO  EvoClassLoader - Keeping class: org.apache.hadoop.metrics2.impl.MetricsBuffer
2024-11-12 13:41:15,513 INFO  EvoClassLoader - Seeing class for first time: org.apache.hadoop.metrics2.impl.MetricsSourceAdapter
2024-11-12 13:41:15,513 INFO  EvoClassLoader - Instrumenting class 'org.apache.hadoop.metrics2.impl.MetricsSourceAdapter'.
2024-11-12 13:41:15,514 INFO  MethodCallReplacementClassAdapter - Adding mock interface to class org/apache/hadoop/metrics2/impl/MetricsSourceAdapter
2024-11-12 13:41:15,516 INFO  CreateClassResetClassAdapter - Found static initializer in class org/apache/hadoop/metrics2/impl/MetricsSourceAdapter
2024-11-12 13:41:15,516 INFO  EvoClassLoader - Keeping class: org.apache.hadoop.metrics2.impl.MetricsSourceAdapter
2024-11-12 13:41:15,516 INFO  EvoClassLoader - Seeing class for first time: org.apache.hadoop.metrics2.impl.MetricsBufferBuilder
2024-11-12 13:41:15,516 INFO  EvoClassLoader - Instrumenting class 'org.apache.hadoop.metrics2.impl.MetricsBufferBuilder'.
2024-11-12 13:41:15,517 INFO  MethodCallReplacementClassAdapter - Adding mock interface to class org/apache/hadoop/metrics2/impl/MetricsBufferBuilder
2024-11-12 13:41:15,517 INFO  CreateClassResetClassAdapter - Creating brand-new static initializer in class org/apache/hadoop/metrics2/impl/MetricsBufferBuilder
2024-11-12 13:41:15,517 INFO  EvoClassLoader - Keeping class: org.apache.hadoop.metrics2.impl.MetricsBufferBuilder
2024-11-12 13:41:15,518 INFO  EvoClassLoader - Seeing class for first time: org.apache.hadoop.metrics2.MetricsFilter
2024-11-12 13:41:15,518 INFO  EvoClassLoader - Instrumenting class 'org.apache.hadoop.metrics2.MetricsFilter'.
2024-11-12 13:41:15,518 INFO  MethodCallReplacementClassAdapter - Adding mock interface to class org/apache/hadoop/metrics2/MetricsFilter
2024-11-12 13:41:15,518 INFO  CreateClassResetClassAdapter - Creating brand-new static initializer in class org/apache/hadoop/metrics2/MetricsFilter
2024-11-12 13:41:15,518 INFO  EvoClassLoader - Keeping class: org.apache.hadoop.metrics2.MetricsFilter
2024-11-12 13:41:15,518 INFO  EvoClassLoader - Seeing class for first time: org.apache.hadoop.thirdparty.com.google.common.base.Joiner$MapJoiner
2024-11-12 13:41:15,518 INFO  EvoClassLoader - Instrumenting class 'org.apache.hadoop.thirdparty.com.google.common.base.Joiner$MapJoiner'.
2024-11-12 13:41:15,518 INFO  MethodCallReplacementClassAdapter - Adding mock interface to class org/apache/hadoop/thirdparty/com/google/common/base/Joiner$MapJoiner
2024-11-12 13:41:15,518 INFO  CreateClassResetClassAdapter - Creating brand-new static initializer in class org/apache/hadoop/thirdparty/com/google/common/base/Joiner$MapJoiner
2024-11-12 13:41:15,518 INFO  EvoClassLoader - Keeping class: org.apache.hadoop.thirdparty.com.google.common.base.Joiner$MapJoiner
2024-11-12 13:41:15,519 INFO  EvoClassLoader - Seeing class for first time: org.apache.hadoop.io.serializer.SerializationFactory
2024-11-12 13:41:15,519 INFO  EvoClassLoader - Instrumenting class 'org.apache.hadoop.io.serializer.SerializationFactory'.
2024-11-12 13:41:15,519 INFO  MethodCallReplacementClassAdapter - Adding mock interface to class org/apache/hadoop/io/serializer/SerializationFactory
2024-11-12 13:41:15,519 INFO  CreateClassResetClassAdapter - Found static initializer in class org/apache/hadoop/io/serializer/SerializationFactory
2024-11-12 13:41:15,519 INFO  EvoClassLoader - Defined package (3): package org.apache.hadoop.io.serializer, 333528551
2024-11-12 13:41:15,519 INFO  EvoClassLoader - Keeping class: org.apache.hadoop.io.serializer.SerializationFactory
2024-11-12 13:41:15,520 INFO  EvoClassLoader - Seeing class for first time: org.apache.commons.lang3.function.ToBooleanBiFunction
2024-11-12 13:41:15,520 INFO  EvoClassLoader - Instrumenting class 'org.apache.commons.lang3.function.ToBooleanBiFunction'.
2024-11-12 13:41:15,520 INFO  EvoClassLoader - Defined package (3): package org.apache.commons.lang3.function, 835977597
2024-11-12 13:41:15,520 INFO  EvoClassLoader - Keeping class: org.apache.commons.lang3.function.ToBooleanBiFunction
2024-11-12 13:41:15,521 INFO  EvoClassLoader - Seeing class for first time: org.apache.hadoop.security.SecurityUtil$StandardHostResolver
2024-11-12 13:41:15,521 INFO  EvoClassLoader - Instrumenting class 'org.apache.hadoop.security.SecurityUtil$StandardHostResolver'.
2024-11-12 13:41:15,521 INFO  MethodCallReplacementClassAdapter - Adding mock interface to class org/apache/hadoop/security/SecurityUtil$StandardHostResolver
2024-11-12 13:41:15,521 INFO  CreateClassResetClassAdapter - Creating brand-new static initializer in class org/apache/hadoop/security/SecurityUtil$StandardHostResolver
2024-11-12 13:41:15,521 INFO  EvoClassLoader - Seeing class for first time: org.apache.hadoop.security.SecurityUtil$HostResolver
2024-11-12 13:41:15,521 INFO  EvoClassLoader - Instrumenting class 'org.apache.hadoop.security.SecurityUtil$HostResolver'.
2024-11-12 13:41:15,521 INFO  EvoClassLoader - Keeping class: org.apache.hadoop.security.SecurityUtil$HostResolver
2024-11-12 13:41:15,521 INFO  EvoClassLoader - Keeping class: org.apache.hadoop.security.SecurityUtil$StandardHostResolver
2024-11-12 13:41:15,521 INFO  EvoClassLoader - Seeing class for first time: org.apache.hadoop.security.SecurityUtil
2024-11-12 13:41:15,521 INFO  EvoClassLoader - Instrumenting class 'org.apache.hadoop.security.SecurityUtil'.
2024-11-12 13:41:15,522 INFO  MethodCallReplacementClassAdapter - Adding mock interface to class org/apache/hadoop/security/SecurityUtil
2024-11-12 13:41:15,524 INFO  CreateClassResetClassAdapter - Found static initializer in class org/apache/hadoop/security/SecurityUtil
2024-11-12 13:41:15,525 INFO  EvoClassLoader - Keeping class: org.apache.hadoop.security.SecurityUtil
2024-11-12 13:41:15,525 INFO  EvoClassLoader - Seeing class for first time: org.apache.hadoop.security.SecurityUtil$QualifiedHostResolver
2024-11-12 13:41:15,525 INFO  EvoClassLoader - Instrumenting class 'org.apache.hadoop.security.SecurityUtil$QualifiedHostResolver'.
2024-11-12 13:41:15,525 INFO  MethodCallReplacementClassAdapter - Adding mock interface to class org/apache/hadoop/security/SecurityUtil$QualifiedHostResolver
2024-11-12 13:41:15,525 INFO  CreateClassResetClassAdapter - Creating brand-new static initializer in class org/apache/hadoop/security/SecurityUtil$QualifiedHostResolver
2024-11-12 13:41:15,525 INFO  EvoClassLoader - Keeping class: org.apache.hadoop.security.SecurityUtil$QualifiedHostResolver
2024-11-12 13:41:15,525 INFO  EvoClassLoader - Seeing class for first time: org.apache.hadoop.net.DomainNameResolverFactory
2024-11-12 13:41:15,525 INFO  EvoClassLoader - Instrumenting class 'org.apache.hadoop.net.DomainNameResolverFactory'.
2024-11-12 13:41:15,525 INFO  MethodCallReplacementClassAdapter - Adding mock interface to class org/apache/hadoop/net/DomainNameResolverFactory
2024-11-12 13:41:15,525 INFO  CreateClassResetClassAdapter - Creating brand-new static initializer in class org/apache/hadoop/net/DomainNameResolverFactory
2024-11-12 13:41:15,526 INFO  EvoClassLoader - Keeping class: org.apache.hadoop.net.DomainNameResolverFactory
2024-11-12 13:41:15,526 INFO  EvoClassLoader - Seeing class for first time: org.apache.hadoop.net.DomainNameResolver
2024-11-12 13:41:15,526 INFO  EvoClassLoader - Instrumenting class 'org.apache.hadoop.net.DomainNameResolver'.
2024-11-12 13:41:15,526 INFO  EvoClassLoader - Keeping class: org.apache.hadoop.net.DomainNameResolver
2024-11-12 13:41:15,526 INFO  EvoClassLoader - Seeing class for first time: org.apache.hadoop.net.DNSDomainNameResolver
2024-11-12 13:41:15,526 INFO  EvoClassLoader - Instrumenting class 'org.apache.hadoop.net.DNSDomainNameResolver'.
2024-11-12 13:41:15,526 INFO  MethodCallReplacementClassAdapter - Adding mock interface to class org/apache/hadoop/net/DNSDomainNameResolver
2024-11-12 13:41:15,526 INFO  CreateClassResetClassAdapter - Found static initializer in class org/apache/hadoop/net/DNSDomainNameResolver
2024-11-12 13:41:15,526 INFO  EvoClassLoader - Keeping class: org.apache.hadoop.net.DNSDomainNameResolver
2024-11-12 13:41:15,526 INFO  EvoClassLoader - Seeing class for first time: org.apache.hadoop.util.ZKUtil$BadAuthFormatException
2024-11-12 13:41:15,526 INFO  EvoClassLoader - Instrumenting class 'org.apache.hadoop.util.ZKUtil$BadAuthFormatException'.
2024-11-12 13:41:15,526 INFO  MethodCallReplacementClassAdapter - Adding mock interface to class org/apache/hadoop/util/ZKUtil$BadAuthFormatException
2024-11-12 13:41:15,526 INFO  CreateClassResetClassAdapter - Creating brand-new static initializer in class org/apache/hadoop/util/ZKUtil$BadAuthFormatException
2024-11-12 13:41:15,527 INFO  EvoClassLoader - Keeping class: org.apache.hadoop.util.ZKUtil$BadAuthFormatException
2024-11-12 13:41:15,527 INFO  EvoClassLoader - Seeing class for first time: org.apache.hadoop.security.token.TokenInfo
2024-11-12 13:41:15,527 INFO  EvoClassLoader - Instrumenting class 'org.apache.hadoop.security.token.TokenInfo'.
2024-11-12 13:41:15,527 INFO  EvoClassLoader - Keeping class: org.apache.hadoop.security.token.TokenInfo
2024-11-12 13:41:15,527 INFO  EvoClassLoader - Seeing class for first time: org.apache.hadoop.security.SecurityInfo
2024-11-12 13:41:15,527 INFO  EvoClassLoader - Instrumenting class 'org.apache.hadoop.security.SecurityInfo'.
2024-11-12 13:41:15,527 INFO  MethodCallReplacementClassAdapter - Adding mock interface to class org/apache/hadoop/security/SecurityInfo
2024-11-12 13:41:15,527 INFO  CreateClassResetClassAdapter - Creating brand-new static initializer in class org/apache/hadoop/security/SecurityInfo
2024-11-12 13:41:15,527 INFO  EvoClassLoader - Keeping class: org.apache.hadoop.security.SecurityInfo
2024-11-12 13:41:15,527 INFO  EvoClassLoader - Seeing class for first time: org.apache.hadoop.security.KerberosInfo
2024-11-12 13:41:15,527 INFO  EvoClassLoader - Instrumenting class 'org.apache.hadoop.security.KerberosInfo'.
2024-11-12 13:41:15,528 INFO  EvoClassLoader - Keeping class: org.apache.hadoop.security.KerberosInfo
2024-11-12 13:41:15,552 INFO  EvoClassLoader - Seeing class for first time: org.apache.hadoop.mapred.JobConf
2024-11-12 13:41:15,552 INFO  EvoClassLoader - Instrumenting class 'org.apache.hadoop.mapred.JobConf'.
2024-11-12 13:41:15,552 INFO  EvoClassLoader - Error while loading class: java.lang.ClassNotFoundException: Class 'org/apache/hadoop/mapred/JobConf.class' should be in target project, but could not be found!
2024-11-12 13:41:15,560 INFO  EvoClassLoader - Seeing class for first time: org.apache.hadoop.security.SaslRpcServer
2024-11-12 13:41:15,560 INFO  EvoClassLoader - Instrumenting class 'org.apache.hadoop.security.SaslRpcServer'.
2024-11-12 13:41:15,560 INFO  MethodCallReplacementClassAdapter - Adding mock interface to class org/apache/hadoop/security/SaslRpcServer
2024-11-12 13:41:15,561 INFO  CreateClassResetClassAdapter - Found static initializer in class org/apache/hadoop/security/SaslRpcServer
2024-11-12 13:41:15,561 INFO  EvoClassLoader - Keeping class: org.apache.hadoop.security.SaslRpcServer
2024-11-12 13:41:15,561 INFO  EvoClassLoader - Seeing class for first time: org.apache.hadoop.security.SaslRpcServer$SaslGssCallbackHandler
2024-11-12 13:41:15,561 INFO  EvoClassLoader - Instrumenting class 'org.apache.hadoop.security.SaslRpcServer$SaslGssCallbackHandler'.
2024-11-12 13:41:15,561 INFO  MethodCallReplacementClassAdapter - Adding mock interface to class org/apache/hadoop/security/SaslRpcServer$SaslGssCallbackHandler
2024-11-12 13:41:15,562 INFO  CreateClassResetClassAdapter - Creating brand-new static initializer in class org/apache/hadoop/security/SaslRpcServer$SaslGssCallbackHandler
2024-11-12 13:41:15,562 INFO  EvoClassLoader - Keeping class: org.apache.hadoop.security.SaslRpcServer$SaslGssCallbackHandler
2024-11-12 13:41:15,562 INFO  EvoClassLoader - Seeing class for first time: org.apache.hadoop.security.SaslRpcServer$SaslDigestCallbackHandler
2024-11-12 13:41:15,562 INFO  EvoClassLoader - Instrumenting class 'org.apache.hadoop.security.SaslRpcServer$SaslDigestCallbackHandler'.
2024-11-12 13:41:15,562 INFO  MethodCallReplacementClassAdapter - Adding mock interface to class org/apache/hadoop/security/SaslRpcServer$SaslDigestCallbackHandler
2024-11-12 13:41:15,562 INFO  CreateClassResetClassAdapter - Creating brand-new static initializer in class org/apache/hadoop/security/SaslRpcServer$SaslDigestCallbackHandler
2024-11-12 13:41:15,562 INFO  EvoClassLoader - Keeping class: org.apache.hadoop.security.SaslRpcServer$SaslDigestCallbackHandler
2024-11-12 13:41:15,563 INFO  EvoClassLoader - Seeing class for first time: org.apache.hadoop.security.authentication.util.KerberosName
2024-11-12 13:41:15,563 INFO  EvoClassLoader - Instrumenting class 'org.apache.hadoop.security.authentication.util.KerberosName'.
2024-11-12 13:41:15,563 INFO  MethodCallReplacementClassAdapter - Adding mock interface to class org/apache/hadoop/security/authentication/util/KerberosName
2024-11-12 13:41:15,564 INFO  CreateClassResetClassAdapter - Found static initializer in class org/apache/hadoop/security/authentication/util/KerberosName
2024-11-12 13:41:15,564 INFO  EvoClassLoader - Defined package (3): package org.apache.hadoop.security.authentication.util, 2083362781
2024-11-12 13:41:15,565 INFO  EvoClassLoader - Keeping class: org.apache.hadoop.security.authentication.util.KerberosName
2024-11-12 13:41:15,565 INFO  EvoClassLoader - Seeing class for first time: org.apache.hadoop.security.authentication.util.KerberosName$NoMatchingRule
2024-11-12 13:41:15,565 INFO  EvoClassLoader - Instrumenting class 'org.apache.hadoop.security.authentication.util.KerberosName$NoMatchingRule'.
2024-11-12 13:41:15,565 INFO  MethodCallReplacementClassAdapter - Adding mock interface to class org/apache/hadoop/security/authentication/util/KerberosName$NoMatchingRule
2024-11-12 13:41:15,566 INFO  CreateClassResetClassAdapter - Creating brand-new static initializer in class org/apache/hadoop/security/authentication/util/KerberosName$NoMatchingRule
2024-11-12 13:41:15,566 INFO  EvoClassLoader - Keeping class: org.apache.hadoop.security.authentication.util.KerberosName$NoMatchingRule
2024-11-12 13:41:15,566 INFO  EvoClassLoader - Seeing class for first time: org.apache.hadoop.security.HadoopKerberosName
2024-11-12 13:41:15,566 INFO  EvoClassLoader - Instrumenting class 'org.apache.hadoop.security.HadoopKerberosName'.
2024-11-12 13:41:15,567 INFO  MethodCallReplacementClassAdapter - Adding mock interface to class org/apache/hadoop/security/HadoopKerberosName
2024-11-12 13:41:15,574 INFO  CreateClassResetClassAdapter - Found static initializer in class org/apache/hadoop/security/HadoopKerberosName
2024-11-12 13:41:15,574 INFO  EvoClassLoader - Keeping class: org.apache.hadoop.security.HadoopKerberosName
2024-11-12 13:41:15,575 INFO  EvoClassLoader - Seeing class for first time: org.apache.hadoop.security.HadoopKerberosName$1
2024-11-12 13:41:15,575 INFO  EvoClassLoader - Instrumenting class 'org.apache.hadoop.security.HadoopKerberosName$1'.
2024-11-12 13:41:15,575 INFO  MethodCallReplacementClassAdapter - Adding mock interface to class org/apache/hadoop/security/HadoopKerberosName$1
2024-11-12 13:41:15,575 INFO  EvoClassLoader - Keeping class: org.apache.hadoop.security.HadoopKerberosName$1
2024-11-12 13:41:15,575 INFO  EvoClassLoader - Seeing class for first time: org.apache.hadoop.security.authentication.util.KerberosName$Rule
2024-11-12 13:41:15,575 INFO  EvoClassLoader - Instrumenting class 'org.apache.hadoop.security.authentication.util.KerberosName$Rule'.
2024-11-12 13:41:15,575 INFO  MethodCallReplacementClassAdapter - Adding mock interface to class org/apache/hadoop/security/authentication/util/KerberosName$Rule
2024-11-12 13:41:15,576 INFO  CreateClassResetClassAdapter - Creating brand-new static initializer in class org/apache/hadoop/security/authentication/util/KerberosName$Rule
2024-11-12 13:41:15,576 INFO  EvoClassLoader - Keeping class: org.apache.hadoop.security.authentication.util.KerberosName$Rule
2024-11-12 13:41:15,576 INFO  EvoClassLoader - Seeing class for first time: org.apache.hadoop.security.authentication.util.KerberosName$BadFormatString
2024-11-12 13:41:15,576 INFO  EvoClassLoader - Instrumenting class 'org.apache.hadoop.security.authentication.util.KerberosName$BadFormatString'.
2024-11-12 13:41:15,576 INFO  MethodCallReplacementClassAdapter - Adding mock interface to class org/apache/hadoop/security/authentication/util/KerberosName$BadFormatString
2024-11-12 13:41:15,576 INFO  CreateClassResetClassAdapter - Creating brand-new static initializer in class org/apache/hadoop/security/authentication/util/KerberosName$BadFormatString
2024-11-12 13:41:15,576 INFO  EvoClassLoader - Keeping class: org.apache.hadoop.security.authentication.util.KerberosName$BadFormatString
2024-11-12 13:41:15,576 INFO  EvoClassLoader - Seeing class for first time: org.apache.hadoop.thirdparty.com.google.common.base.Ticker
2024-11-12 13:41:15,576 INFO  EvoClassLoader - Instrumenting class 'org.apache.hadoop.thirdparty.com.google.common.base.Ticker'.
2024-11-12 13:41:15,577 INFO  MethodCallReplacementClassAdapter - Adding mock interface to class org/apache/hadoop/thirdparty/com/google/common/base/Ticker
2024-11-12 13:41:15,577 INFO  CreateClassResetClassAdapter - Found static initializer in class org/apache/hadoop/thirdparty/com/google/common/base/Ticker
2024-11-12 13:41:15,577 INFO  EvoClassLoader - Keeping class: org.apache.hadoop.thirdparty.com.google.common.base.Ticker
2024-11-12 13:41:15,577 INFO  EvoClassLoader - Seeing class for first time: org.apache.hadoop.security.Groups$TimerToTickerAdapter
2024-11-12 13:41:15,577 INFO  EvoClassLoader - Instrumenting class 'org.apache.hadoop.security.Groups$TimerToTickerAdapter'.
2024-11-12 13:41:15,577 INFO  MethodCallReplacementClassAdapter - Adding mock interface to class org/apache/hadoop/security/Groups$TimerToTickerAdapter
2024-11-12 13:41:15,577 INFO  CreateClassResetClassAdapter - Creating brand-new static initializer in class org/apache/hadoop/security/Groups$TimerToTickerAdapter
2024-11-12 13:41:15,577 INFO  EvoClassLoader - Keeping class: org.apache.hadoop.security.Groups$TimerToTickerAdapter
2024-11-12 13:41:15,577 INFO  EvoClassLoader - Seeing class for first time: org.apache.hadoop.thirdparty.com.google.common.cache.CacheLoader
2024-11-12 13:41:15,577 INFO  EvoClassLoader - Instrumenting class 'org.apache.hadoop.thirdparty.com.google.common.cache.CacheLoader'.
2024-11-12 13:41:15,577 INFO  MethodCallReplacementClassAdapter - Adding mock interface to class org/apache/hadoop/thirdparty/com/google/common/cache/CacheLoader
2024-11-12 13:41:15,577 INFO  CreateClassResetClassAdapter - Creating brand-new static initializer in class org/apache/hadoop/thirdparty/com/google/common/cache/CacheLoader
2024-11-12 13:41:15,577 INFO  EvoClassLoader - Defined package (3): package org.apache.hadoop.thirdparty.com.google.common.cache, 946697195
2024-11-12 13:41:15,577 INFO  EvoClassLoader - Keeping class: org.apache.hadoop.thirdparty.com.google.common.cache.CacheLoader
2024-11-12 13:41:15,577 INFO  EvoClassLoader - Seeing class for first time: org.apache.hadoop.security.Groups$GroupCacheLoader
2024-11-12 13:41:15,577 INFO  EvoClassLoader - Instrumenting class 'org.apache.hadoop.security.Groups$GroupCacheLoader'.
2024-11-12 13:41:15,577 INFO  MethodCallReplacementClassAdapter - Adding mock interface to class org/apache/hadoop/security/Groups$GroupCacheLoader
2024-11-12 13:41:15,578 INFO  CreateClassResetClassAdapter - Creating brand-new static initializer in class org/apache/hadoop/security/Groups$GroupCacheLoader
2024-11-12 13:41:15,578 INFO  EvoClassLoader - Keeping class: org.apache.hadoop.security.Groups$GroupCacheLoader
2024-11-12 13:41:15,578 INFO  EvoClassLoader - Seeing class for first time: org.apache.hadoop.util.Timer
2024-11-12 13:41:15,578 INFO  EvoClassLoader - Instrumenting class 'org.apache.hadoop.util.Timer'.
2024-11-12 13:41:15,578 INFO  MethodCallReplacementClassAdapter - Adding mock interface to class org/apache/hadoop/util/Timer
2024-11-12 13:41:15,578 INFO  CreateClassResetClassAdapter - Creating brand-new static initializer in class org/apache/hadoop/util/Timer
2024-11-12 13:41:15,578 INFO  EvoClassLoader - Keeping class: org.apache.hadoop.util.Timer
2024-11-12 13:41:15,578 INFO  EvoClassLoader - Seeing class for first time: org.apache.hadoop.security.GroupMappingServiceProvider
2024-11-12 13:41:15,578 INFO  EvoClassLoader - Instrumenting class 'org.apache.hadoop.security.GroupMappingServiceProvider'.
2024-11-12 13:41:15,578 INFO  EvoClassLoader - Keeping class: org.apache.hadoop.security.GroupMappingServiceProvider
2024-11-12 13:41:15,579 INFO  EvoClassLoader - Seeing class for first time: org.apache.hadoop.security.JniBasedUnixGroupsMappingWithFallback
2024-11-12 13:41:15,579 INFO  EvoClassLoader - Instrumenting class 'org.apache.hadoop.security.JniBasedUnixGroupsMappingWithFallback'.
2024-11-12 13:41:15,579 INFO  MethodCallReplacementClassAdapter - Adding mock interface to class org/apache/hadoop/security/JniBasedUnixGroupsMappingWithFallback
2024-11-12 13:41:15,579 INFO  CreateClassResetClassAdapter - Found static initializer in class org/apache/hadoop/security/JniBasedUnixGroupsMappingWithFallback
2024-11-12 13:41:15,579 INFO  EvoClassLoader - Keeping class: org.apache.hadoop.security.JniBasedUnixGroupsMappingWithFallback
2024-11-12 13:41:15,579 INFO  EvoClassLoader - Seeing class for first time: org.apache.hadoop.util.NativeCodeLoader
2024-11-12 13:41:15,579 INFO  EvoClassLoader - Instrumenting class 'org.apache.hadoop.util.NativeCodeLoader'.
2024-11-12 13:41:15,579 INFO  MethodCallReplacementClassAdapter - Adding mock interface to class org/apache/hadoop/util/NativeCodeLoader
2024-11-12 13:41:15,579 INFO  CreateClassResetClassAdapter - Found static initializer in class org/apache/hadoop/util/NativeCodeLoader
2024-11-12 13:41:15,579 INFO  EvoClassLoader - Keeping class: org.apache.hadoop.util.NativeCodeLoader
2024-11-12 13:41:15,580 INFO  EvoClassLoader - Seeing class for first time: org.apache.hadoop.util.PerformanceAdvisory
2024-11-12 13:41:15,580 INFO  EvoClassLoader - Instrumenting class 'org.apache.hadoop.util.PerformanceAdvisory'.
2024-11-12 13:41:15,581 INFO  MethodCallReplacementClassAdapter - Adding mock interface to class org/apache/hadoop/util/PerformanceAdvisory
2024-11-12 13:41:15,581 INFO  CreateClassResetClassAdapter - Found static initializer in class org/apache/hadoop/util/PerformanceAdvisory
2024-11-12 13:41:15,581 INFO  EvoClassLoader - Keeping class: org.apache.hadoop.util.PerformanceAdvisory
2024-11-12 13:41:15,581 INFO  EvoClassLoader - Seeing class for first time: org.apache.hadoop.security.ShellBasedUnixGroupsMapping
2024-11-12 13:41:15,581 INFO  EvoClassLoader - Instrumenting class 'org.apache.hadoop.security.ShellBasedUnixGroupsMapping'.
2024-11-12 13:41:15,581 INFO  MethodCallReplacementClassAdapter - Adding mock interface to class org/apache/hadoop/security/ShellBasedUnixGroupsMapping
2024-11-12 13:41:15,581 INFO  CreateClassResetClassAdapter - Found static initializer in class org/apache/hadoop/security/ShellBasedUnixGroupsMapping
2024-11-12 13:41:15,581 INFO  EvoClassLoader - Keeping class: org.apache.hadoop.security.ShellBasedUnixGroupsMapping
2024-11-12 13:41:15,581 INFO  EvoClassLoader - Seeing class for first time: org.apache.hadoop.security.ShellBasedUnixGroupsMapping$PartialGroupNameException
2024-11-12 13:41:15,581 INFO  EvoClassLoader - Instrumenting class 'org.apache.hadoop.security.ShellBasedUnixGroupsMapping$PartialGroupNameException'.
2024-11-12 13:41:15,582 INFO  MethodCallReplacementClassAdapter - Adding mock interface to class org/apache/hadoop/security/ShellBasedUnixGroupsMapping$PartialGroupNameException
2024-11-12 13:41:15,582 INFO  CreateClassResetClassAdapter - Creating brand-new static initializer in class org/apache/hadoop/security/ShellBasedUnixGroupsMapping$PartialGroupNameException
2024-11-12 13:41:15,582 INFO  EvoClassLoader - Keeping class: org.apache.hadoop.security.ShellBasedUnixGroupsMapping$PartialGroupNameException
2024-11-12 13:41:15,582 INFO  EvoClassLoader - Seeing class for first time: org.apache.hadoop.thirdparty.com.google.common.cache.CacheBuilder$1
2024-11-12 13:41:15,582 INFO  EvoClassLoader - Instrumenting class 'org.apache.hadoop.thirdparty.com.google.common.cache.CacheBuilder$1'.
2024-11-12 13:41:15,583 INFO  MethodCallReplacementClassAdapter - Adding mock interface to class org/apache/hadoop/thirdparty/com/google/common/cache/CacheBuilder$1
2024-11-12 13:41:15,583 INFO  EvoClassLoader - Seeing class for first time: org.apache.hadoop.thirdparty.com.google.common.cache.AbstractCache$StatsCounter
2024-11-12 13:41:15,583 INFO  EvoClassLoader - Instrumenting class 'org.apache.hadoop.thirdparty.com.google.common.cache.AbstractCache$StatsCounter'.
2024-11-12 13:41:15,583 INFO  EvoClassLoader - Keeping class: org.apache.hadoop.thirdparty.com.google.common.cache.AbstractCache$StatsCounter
2024-11-12 13:41:15,583 INFO  EvoClassLoader - Keeping class: org.apache.hadoop.thirdparty.com.google.common.cache.CacheBuilder$1
2024-11-12 13:41:15,583 INFO  EvoClassLoader - Seeing class for first time: org.apache.hadoop.thirdparty.com.google.common.cache.CacheBuilder
2024-11-12 13:41:15,583 INFO  EvoClassLoader - Instrumenting class 'org.apache.hadoop.thirdparty.com.google.common.cache.CacheBuilder'.
2024-11-12 13:41:15,584 INFO  MethodCallReplacementClassAdapter - Adding mock interface to class org/apache/hadoop/thirdparty/com/google/common/cache/CacheBuilder
2024-11-12 13:41:15,584 INFO  CreateClassResetClassAdapter - Found static initializer in class org/apache/hadoop/thirdparty/com/google/common/cache/CacheBuilder
2024-11-12 13:41:15,584 INFO  EvoClassLoader - Keeping class: org.apache.hadoop.thirdparty.com.google.common.cache.CacheBuilder
2024-11-12 13:41:15,584 INFO  EvoClassLoader - Seeing class for first time: org.apache.hadoop.thirdparty.com.google.common.base.Suppliers
2024-11-12 13:41:15,584 INFO  EvoClassLoader - Instrumenting class 'org.apache.hadoop.thirdparty.com.google.common.base.Suppliers'.
2024-11-12 13:41:15,584 INFO  MethodCallReplacementClassAdapter - Adding mock interface to class org/apache/hadoop/thirdparty/com/google/common/base/Suppliers
2024-11-12 13:41:15,585 INFO  CreateClassResetClassAdapter - Creating brand-new static initializer in class org/apache/hadoop/thirdparty/com/google/common/base/Suppliers
2024-11-12 13:41:15,585 INFO  EvoClassLoader - Keeping class: org.apache.hadoop.thirdparty.com.google.common.base.Suppliers
2024-11-12 13:41:15,585 INFO  EvoClassLoader - Seeing class for first time: org.apache.hadoop.thirdparty.com.google.common.base.Supplier
2024-11-12 13:41:15,585 INFO  EvoClassLoader - Instrumenting class 'org.apache.hadoop.thirdparty.com.google.common.base.Supplier'.
2024-11-12 13:41:15,585 INFO  EvoClassLoader - Keeping class: org.apache.hadoop.thirdparty.com.google.common.base.Supplier
2024-11-12 13:41:15,585 INFO  EvoClassLoader - Seeing class for first time: org.apache.hadoop.thirdparty.com.google.common.base.Suppliers$SupplierOfInstance
2024-11-12 13:41:15,585 INFO  EvoClassLoader - Instrumenting class 'org.apache.hadoop.thirdparty.com.google.common.base.Suppliers$SupplierOfInstance'.
2024-11-12 13:41:15,585 INFO  MethodCallReplacementClassAdapter - Adding mock interface to class org/apache/hadoop/thirdparty/com/google/common/base/Suppliers$SupplierOfInstance
2024-11-12 13:41:15,586 INFO  CreateClassResetClassAdapter - Creating brand-new static initializer in class org/apache/hadoop/thirdparty/com/google/common/base/Suppliers$SupplierOfInstance
2024-11-12 13:41:15,586 INFO  EvoClassLoader - Keeping class: org.apache.hadoop.thirdparty.com.google.common.base.Suppliers$SupplierOfInstance
2024-11-12 13:41:15,586 INFO  EvoClassLoader - Seeing class for first time: org.apache.hadoop.thirdparty.com.google.common.base.Suppliers$SupplierFunctionImpl
2024-11-12 13:41:15,586 INFO  EvoClassLoader - Instrumenting class 'org.apache.hadoop.thirdparty.com.google.common.base.Suppliers$SupplierFunctionImpl'.
2024-11-12 13:41:15,586 INFO  MethodCallReplacementClassAdapter - Adding mock interface to class org/apache/hadoop/thirdparty/com/google/common/base/Suppliers$SupplierFunctionImpl
2024-11-12 13:41:15,586 INFO  CreateClassResetClassAdapter - Found static initializer in class org/apache/hadoop/thirdparty/com/google/common/base/Suppliers$SupplierFunctionImpl
2024-11-12 13:41:15,586 INFO  EvoClassLoader - Seeing class for first time: org.apache.hadoop.thirdparty.com.google.common.base.Suppliers$SupplierFunction
2024-11-12 13:41:15,586 INFO  EvoClassLoader - Instrumenting class 'org.apache.hadoop.thirdparty.com.google.common.base.Suppliers$SupplierFunction'.
2024-11-12 13:41:15,586 INFO  EvoClassLoader - Keeping class: org.apache.hadoop.thirdparty.com.google.common.base.Suppliers$SupplierFunction
2024-11-12 13:41:15,586 INFO  EvoClassLoader - Keeping class: org.apache.hadoop.thirdparty.com.google.common.base.Suppliers$SupplierFunctionImpl
2024-11-12 13:41:15,586 INFO  EvoClassLoader - Seeing class for first time: org.apache.hadoop.thirdparty.com.google.common.base.Suppliers$ThreadSafeSupplier
2024-11-12 13:41:15,586 INFO  EvoClassLoader - Instrumenting class 'org.apache.hadoop.thirdparty.com.google.common.base.Suppliers$ThreadSafeSupplier'.
2024-11-12 13:41:15,586 INFO  MethodCallReplacementClassAdapter - Adding mock interface to class org/apache/hadoop/thirdparty/com/google/common/base/Suppliers$ThreadSafeSupplier
2024-11-12 13:41:15,587 INFO  CreateClassResetClassAdapter - Creating brand-new static initializer in class org/apache/hadoop/thirdparty/com/google/common/base/Suppliers$ThreadSafeSupplier
2024-11-12 13:41:15,587 INFO  EvoClassLoader - Keeping class: org.apache.hadoop.thirdparty.com.google.common.base.Suppliers$ThreadSafeSupplier
2024-11-12 13:41:15,587 INFO  EvoClassLoader - Seeing class for first time: org.apache.hadoop.thirdparty.com.google.common.cache.CacheStats
2024-11-12 13:41:15,587 INFO  EvoClassLoader - Instrumenting class 'org.apache.hadoop.thirdparty.com.google.common.cache.CacheStats'.
2024-11-12 13:41:15,587 INFO  MethodCallReplacementClassAdapter - Adding mock interface to class org/apache/hadoop/thirdparty/com/google/common/cache/CacheStats
2024-11-12 13:41:15,587 INFO  CreateClassResetClassAdapter - Creating brand-new static initializer in class org/apache/hadoop/thirdparty/com/google/common/cache/CacheStats
2024-11-12 13:41:15,587 INFO  EvoClassLoader - Keeping class: org.apache.hadoop.thirdparty.com.google.common.cache.CacheStats
2024-11-12 13:41:15,587 INFO  EvoClassLoader - Seeing class for first time: org.apache.hadoop.thirdparty.com.google.common.cache.CacheBuilder$2
2024-11-12 13:41:15,587 INFO  EvoClassLoader - Instrumenting class 'org.apache.hadoop.thirdparty.com.google.common.cache.CacheBuilder$2'.
2024-11-12 13:41:15,587 INFO  MethodCallReplacementClassAdapter - Adding mock interface to class org/apache/hadoop/thirdparty/com/google/common/cache/CacheBuilder$2
2024-11-12 13:41:15,588 INFO  EvoClassLoader - Keeping class: org.apache.hadoop.thirdparty.com.google.common.cache.CacheBuilder$2
2024-11-12 13:41:15,588 INFO  EvoClassLoader - Seeing class for first time: org.apache.hadoop.thirdparty.com.google.common.base.Ticker$1
2024-11-12 13:41:15,588 INFO  EvoClassLoader - Instrumenting class 'org.apache.hadoop.thirdparty.com.google.common.base.Ticker$1'.
2024-11-12 13:41:15,588 INFO  MethodCallReplacementClassAdapter - Adding mock interface to class org/apache/hadoop/thirdparty/com/google/common/base/Ticker$1
2024-11-12 13:41:15,588 INFO  EvoClassLoader - Keeping class: org.apache.hadoop.thirdparty.com.google.common.base.Ticker$1
2024-11-12 13:41:15,588 INFO  EvoClassLoader - Seeing class for first time: org.apache.hadoop.thirdparty.com.google.common.cache.CacheBuilder$3
2024-11-12 13:41:15,588 INFO  EvoClassLoader - Instrumenting class 'org.apache.hadoop.thirdparty.com.google.common.cache.CacheBuilder$3'.
2024-11-12 13:41:15,588 INFO  MethodCallReplacementClassAdapter - Adding mock interface to class org/apache/hadoop/thirdparty/com/google/common/cache/CacheBuilder$3
2024-11-12 13:41:15,588 INFO  EvoClassLoader - Keeping class: org.apache.hadoop.thirdparty.com.google.common.cache.CacheBuilder$3
2024-11-12 13:41:15,588 INFO  EvoClassLoader - Seeing class for first time: org.apache.hadoop.thirdparty.com.google.common.cache.LoadingCache
2024-11-12 13:41:15,588 INFO  EvoClassLoader - Instrumenting class 'org.apache.hadoop.thirdparty.com.google.common.cache.LoadingCache'.
2024-11-12 13:41:15,588 INFO  EvoClassLoader - Seeing class for first time: org.apache.hadoop.thirdparty.com.google.common.cache.Cache
2024-11-12 13:41:15,588 INFO  EvoClassLoader - Instrumenting class 'org.apache.hadoop.thirdparty.com.google.common.cache.Cache'.
2024-11-12 13:41:15,589 INFO  EvoClassLoader - Keeping class: org.apache.hadoop.thirdparty.com.google.common.cache.Cache
2024-11-12 13:41:15,589 INFO  EvoClassLoader - Keeping class: org.apache.hadoop.thirdparty.com.google.common.cache.LoadingCache
2024-11-12 13:41:15,589 INFO  EvoClassLoader - Seeing class for first time: org.apache.hadoop.thirdparty.com.google.common.cache.CacheBuilderSpec
2024-11-12 13:41:15,589 INFO  EvoClassLoader - Instrumenting class 'org.apache.hadoop.thirdparty.com.google.common.cache.CacheBuilderSpec'.
2024-11-12 13:41:15,589 INFO  MethodCallReplacementClassAdapter - Adding mock interface to class org/apache/hadoop/thirdparty/com/google/common/cache/CacheBuilderSpec
2024-11-12 13:41:15,589 INFO  CreateClassResetClassAdapter - Found static initializer in class org/apache/hadoop/thirdparty/com/google/common/cache/CacheBuilderSpec
2024-11-12 13:41:15,590 INFO  EvoClassLoader - Keeping class: org.apache.hadoop.thirdparty.com.google.common.cache.CacheBuilderSpec
2024-11-12 13:41:15,590 INFO  EvoClassLoader - Seeing class for first time: org.apache.hadoop.thirdparty.com.google.common.cache.LocalCache$Strength
2024-11-12 13:41:15,590 INFO  EvoClassLoader - Instrumenting class 'org.apache.hadoop.thirdparty.com.google.common.cache.LocalCache$Strength'.
2024-11-12 13:41:15,590 INFO  MethodCallReplacementClassAdapter - Adding mock interface to class org/apache/hadoop/thirdparty/com/google/common/cache/LocalCache$Strength
2024-11-12 13:41:15,590 INFO  CreateClassResetClassAdapter - Found static initializer in class org/apache/hadoop/thirdparty/com/google/common/cache/LocalCache$Strength
2024-11-12 13:41:15,590 INFO  EvoClassLoader - Keeping class: org.apache.hadoop.thirdparty.com.google.common.cache.LocalCache$Strength
2024-11-12 13:41:15,590 INFO  EvoClassLoader - Seeing class for first time: org.apache.hadoop.thirdparty.com.google.common.cache.Weigher
2024-11-12 13:41:15,590 INFO  EvoClassLoader - Instrumenting class 'org.apache.hadoop.thirdparty.com.google.common.cache.Weigher'.
2024-11-12 13:41:15,590 INFO  EvoClassLoader - Keeping class: org.apache.hadoop.thirdparty.com.google.common.cache.Weigher
2024-11-12 13:41:15,590 INFO  EvoClassLoader - Seeing class for first time: org.apache.hadoop.thirdparty.com.google.common.cache.RemovalListener
2024-11-12 13:41:15,590 INFO  EvoClassLoader - Instrumenting class 'org.apache.hadoop.thirdparty.com.google.common.cache.RemovalListener'.
2024-11-12 13:41:15,590 INFO  EvoClassLoader - Keeping class: org.apache.hadoop.thirdparty.com.google.common.cache.RemovalListener
2024-11-12 13:41:15,591 INFO  EvoClassLoader - Seeing class for first time: org.apache.hadoop.thirdparty.com.google.common.cache.CacheLoader$FunctionToCacheLoader
2024-11-12 13:41:15,591 INFO  EvoClassLoader - Instrumenting class 'org.apache.hadoop.thirdparty.com.google.common.cache.CacheLoader$FunctionToCacheLoader'.
2024-11-12 13:41:15,591 INFO  MethodCallReplacementClassAdapter - Adding mock interface to class org/apache/hadoop/thirdparty/com/google/common/cache/CacheLoader$FunctionToCacheLoader
2024-11-12 13:41:15,591 INFO  CreateClassResetClassAdapter - Creating brand-new static initializer in class org/apache/hadoop/thirdparty/com/google/common/cache/CacheLoader$FunctionToCacheLoader
2024-11-12 13:41:15,591 INFO  EvoClassLoader - Keeping class: org.apache.hadoop.thirdparty.com.google.common.cache.CacheLoader$FunctionToCacheLoader
2024-11-12 13:41:15,591 INFO  EvoClassLoader - Seeing class for first time: org.apache.hadoop.thirdparty.com.google.common.cache.CacheLoader$SupplierToCacheLoader
2024-11-12 13:41:15,591 INFO  EvoClassLoader - Instrumenting class 'org.apache.hadoop.thirdparty.com.google.common.cache.CacheLoader$SupplierToCacheLoader'.
2024-11-12 13:41:15,591 INFO  MethodCallReplacementClassAdapter - Adding mock interface to class org/apache/hadoop/thirdparty/com/google/common/cache/CacheLoader$SupplierToCacheLoader
2024-11-12 13:41:15,591 INFO  CreateClassResetClassAdapter - Creating brand-new static initializer in class org/apache/hadoop/thirdparty/com/google/common/cache/CacheLoader$SupplierToCacheLoader
2024-11-12 13:41:15,591 INFO  EvoClassLoader - Keeping class: org.apache.hadoop.thirdparty.com.google.common.cache.CacheLoader$SupplierToCacheLoader
2024-11-12 13:41:15,591 INFO  EvoClassLoader - Seeing class for first time: org.apache.hadoop.thirdparty.com.google.common.cache.CacheLoader$UnsupportedLoadingOperationException
2024-11-12 13:41:15,591 INFO  EvoClassLoader - Instrumenting class 'org.apache.hadoop.thirdparty.com.google.common.cache.CacheLoader$UnsupportedLoadingOperationException'.
2024-11-12 13:41:15,591 INFO  MethodCallReplacementClassAdapter - Adding mock interface to class org/apache/hadoop/thirdparty/com/google/common/cache/CacheLoader$UnsupportedLoadingOperationException
2024-11-12 13:41:15,591 INFO  CreateClassResetClassAdapter - Creating brand-new static initializer in class org/apache/hadoop/thirdparty/com/google/common/cache/CacheLoader$UnsupportedLoadingOperationException
2024-11-12 13:41:15,591 INFO  EvoClassLoader - Keeping class: org.apache.hadoop.thirdparty.com.google.common.cache.CacheLoader$UnsupportedLoadingOperationException
2024-11-12 13:41:15,591 INFO  EvoClassLoader - Seeing class for first time: org.apache.hadoop.thirdparty.com.google.common.cache.CacheLoader$1
2024-11-12 13:41:15,591 INFO  EvoClassLoader - Instrumenting class 'org.apache.hadoop.thirdparty.com.google.common.cache.CacheLoader$1'.
2024-11-12 13:41:15,591 INFO  MethodCallReplacementClassAdapter - Adding mock interface to class org/apache/hadoop/thirdparty/com/google/common/cache/CacheLoader$1
2024-11-12 13:41:15,592 INFO  EvoClassLoader - Keeping class: org.apache.hadoop.thirdparty.com.google.common.cache.CacheLoader$1
2024-11-12 13:41:15,592 INFO  EvoClassLoader - Seeing class for first time: org.apache.hadoop.thirdparty.com.google.common.util.concurrent.ListenableFuture
2024-11-12 13:41:15,592 INFO  EvoClassLoader - Instrumenting class 'org.apache.hadoop.thirdparty.com.google.common.util.concurrent.ListenableFuture'.
2024-11-12 13:41:15,592 INFO  EvoClassLoader - Defined package (3): package org.apache.hadoop.thirdparty.com.google.common.util.concurrent, 872641612
2024-11-12 13:41:15,592 INFO  EvoClassLoader - Keeping class: org.apache.hadoop.thirdparty.com.google.common.util.concurrent.ListenableFuture
2024-11-12 13:41:15,592 INFO  EvoClassLoader - Seeing class for first time: org.apache.hadoop.thirdparty.com.google.common.util.concurrent.FutureCallback
2024-11-12 13:41:15,592 INFO  EvoClassLoader - Instrumenting class 'org.apache.hadoop.thirdparty.com.google.common.util.concurrent.FutureCallback'.
2024-11-12 13:41:15,592 INFO  EvoClassLoader - Keeping class: org.apache.hadoop.thirdparty.com.google.common.util.concurrent.FutureCallback
2024-11-12 13:41:15,592 INFO  EvoClassLoader - Seeing class for first time: org.apache.hadoop.thirdparty.com.google.common.cache.LocalCache$LocalManualCache
2024-11-12 13:41:15,592 INFO  EvoClassLoader - Instrumenting class 'org.apache.hadoop.thirdparty.com.google.common.cache.LocalCache$LocalManualCache'.
2024-11-12 13:41:15,592 INFO  MethodCallReplacementClassAdapter - Adding mock interface to class org/apache/hadoop/thirdparty/com/google/common/cache/LocalCache$LocalManualCache
2024-11-12 13:41:15,593 INFO  CreateClassResetClassAdapter - Creating brand-new static initializer in class org/apache/hadoop/thirdparty/com/google/common/cache/LocalCache$LocalManualCache
2024-11-12 13:41:15,593 INFO  EvoClassLoader - Keeping class: org.apache.hadoop.thirdparty.com.google.common.cache.LocalCache$LocalManualCache
2024-11-12 13:41:15,593 INFO  EvoClassLoader - Seeing class for first time: org.apache.hadoop.thirdparty.com.google.common.cache.LocalCache
2024-11-12 13:41:15,593 INFO  EvoClassLoader - Instrumenting class 'org.apache.hadoop.thirdparty.com.google.common.cache.LocalCache'.
2024-11-12 13:41:15,593 INFO  MethodCallReplacementClassAdapter - Adding mock interface to class org/apache/hadoop/thirdparty/com/google/common/cache/LocalCache
2024-11-12 13:41:15,597 INFO  CreateClassResetClassAdapter - Found static initializer in class org/apache/hadoop/thirdparty/com/google/common/cache/LocalCache
2024-11-12 13:41:15,598 INFO  EvoClassLoader - Keeping class: org.apache.hadoop.thirdparty.com.google.common.cache.LocalCache
2024-11-12 13:41:15,598 INFO  EvoClassLoader - Seeing class for first time: org.apache.hadoop.thirdparty.com.google.common.cache.LocalCache$LocalLoadingCache
2024-11-12 13:41:15,598 INFO  EvoClassLoader - Instrumenting class 'org.apache.hadoop.thirdparty.com.google.common.cache.LocalCache$LocalLoadingCache'.
2024-11-12 13:41:15,598 INFO  MethodCallReplacementClassAdapter - Adding mock interface to class org/apache/hadoop/thirdparty/com/google/common/cache/LocalCache$LocalLoadingCache
2024-11-12 13:41:15,598 INFO  CreateClassResetClassAdapter - Creating brand-new static initializer in class org/apache/hadoop/thirdparty/com/google/common/cache/LocalCache$LocalLoadingCache
2024-11-12 13:41:15,598 INFO  EvoClassLoader - Keeping class: org.apache.hadoop.thirdparty.com.google.common.cache.LocalCache$LocalLoadingCache
2024-11-12 13:41:15,598 INFO  EvoClassLoader - Seeing class for first time: org.apache.hadoop.thirdparty.com.google.common.cache.LocalCache$LocalManualCache$1
2024-11-12 13:41:15,598 INFO  EvoClassLoader - Instrumenting class 'org.apache.hadoop.thirdparty.com.google.common.cache.LocalCache$LocalManualCache$1'.
2024-11-12 13:41:15,598 INFO  MethodCallReplacementClassAdapter - Adding mock interface to class org/apache/hadoop/thirdparty/com/google/common/cache/LocalCache$LocalManualCache$1
2024-11-12 13:41:15,598 INFO  EvoClassLoader - Keeping class: org.apache.hadoop.thirdparty.com.google.common.cache.LocalCache$LocalManualCache$1
2024-11-12 13:41:15,599 INFO  EvoClassLoader - Seeing class for first time: org.apache.hadoop.thirdparty.com.google.common.util.concurrent.UncheckedExecutionException
2024-11-12 13:41:15,599 INFO  EvoClassLoader - Instrumenting class 'org.apache.hadoop.thirdparty.com.google.common.util.concurrent.UncheckedExecutionException'.
2024-11-12 13:41:15,599 INFO  MethodCallReplacementClassAdapter - Adding mock interface to class org/apache/hadoop/thirdparty/com/google/common/util/concurrent/UncheckedExecutionException
2024-11-12 13:41:15,599 INFO  CreateClassResetClassAdapter - Creating brand-new static initializer in class org/apache/hadoop/thirdparty/com/google/common/util/concurrent/UncheckedExecutionException
2024-11-12 13:41:15,599 INFO  EvoClassLoader - Keeping class: org.apache.hadoop.thirdparty.com.google.common.util.concurrent.UncheckedExecutionException
2024-11-12 13:41:15,599 INFO  EvoClassLoader - Seeing class for first time: org.apache.hadoop.thirdparty.com.google.common.cache.LocalCache$1
2024-11-12 13:41:15,599 INFO  EvoClassLoader - Instrumenting class 'org.apache.hadoop.thirdparty.com.google.common.cache.LocalCache$1'.
2024-11-12 13:41:15,600 INFO  MethodCallReplacementClassAdapter - Adding mock interface to class org/apache/hadoop/thirdparty/com/google/common/cache/LocalCache$1
2024-11-12 13:41:15,600 INFO  EvoClassLoader - Seeing class for first time: org.apache.hadoop.thirdparty.com.google.common.cache.LocalCache$ValueReference
2024-11-12 13:41:15,600 INFO  EvoClassLoader - Instrumenting class 'org.apache.hadoop.thirdparty.com.google.common.cache.LocalCache$ValueReference'.
2024-11-12 13:41:15,600 INFO  EvoClassLoader - Keeping class: org.apache.hadoop.thirdparty.com.google.common.cache.LocalCache$ValueReference
2024-11-12 13:41:15,600 INFO  EvoClassLoader - Keeping class: org.apache.hadoop.thirdparty.com.google.common.cache.LocalCache$1
2024-11-12 13:41:15,600 INFO  EvoClassLoader - Seeing class for first time: org.apache.hadoop.thirdparty.com.google.common.cache.LocalCache$2
2024-11-12 13:41:15,600 INFO  EvoClassLoader - Instrumenting class 'org.apache.hadoop.thirdparty.com.google.common.cache.LocalCache$2'.
2024-11-12 13:41:15,600 INFO  MethodCallReplacementClassAdapter - Adding mock interface to class org/apache/hadoop/thirdparty/com/google/common/cache/LocalCache$2
2024-11-12 13:41:15,600 INFO  EvoClassLoader - Keeping class: org.apache.hadoop.thirdparty.com.google.common.cache.LocalCache$2
2024-11-12 13:41:15,600 INFO  EvoClassLoader - Seeing class for first time: org.apache.hadoop.thirdparty.com.google.common.cache.CacheLoader$InvalidCacheLoadException
2024-11-12 13:41:15,600 INFO  EvoClassLoader - Instrumenting class 'org.apache.hadoop.thirdparty.com.google.common.cache.CacheLoader$InvalidCacheLoadException'.
2024-11-12 13:41:15,601 INFO  MethodCallReplacementClassAdapter - Adding mock interface to class org/apache/hadoop/thirdparty/com/google/common/cache/CacheLoader$InvalidCacheLoadException
2024-11-12 13:41:15,601 INFO  CreateClassResetClassAdapter - Creating brand-new static initializer in class org/apache/hadoop/thirdparty/com/google/common/cache/CacheLoader$InvalidCacheLoadException
2024-11-12 13:41:15,601 INFO  EvoClassLoader - Keeping class: org.apache.hadoop.thirdparty.com.google.common.cache.CacheLoader$InvalidCacheLoadException
2024-11-12 13:41:15,601 INFO  EvoClassLoader - Seeing class for first time: org.apache.hadoop.thirdparty.com.google.common.util.concurrent.ExecutionError
2024-11-12 13:41:15,601 INFO  EvoClassLoader - Instrumenting class 'org.apache.hadoop.thirdparty.com.google.common.util.concurrent.ExecutionError'.
2024-11-12 13:41:15,601 INFO  MethodCallReplacementClassAdapter - Adding mock interface to class org/apache/hadoop/thirdparty/com/google/common/util/concurrent/ExecutionError
2024-11-12 13:41:15,601 INFO  CreateClassResetClassAdapter - Creating brand-new static initializer in class org/apache/hadoop/thirdparty/com/google/common/util/concurrent/ExecutionError
2024-11-12 13:41:15,601 INFO  EvoClassLoader - Keeping class: org.apache.hadoop.thirdparty.com.google.common.util.concurrent.ExecutionError
2024-11-12 13:41:15,601 INFO  EvoClassLoader - Seeing class for first time: org.apache.hadoop.thirdparty.com.google.common.cache.ReferenceEntry
2024-11-12 13:41:15,601 INFO  EvoClassLoader - Instrumenting class 'org.apache.hadoop.thirdparty.com.google.common.cache.ReferenceEntry'.
2024-11-12 13:41:15,602 INFO  EvoClassLoader - Keeping class: org.apache.hadoop.thirdparty.com.google.common.cache.ReferenceEntry
2024-11-12 13:41:15,602 INFO  EvoClassLoader - Seeing class for first time: org.apache.hadoop.thirdparty.com.google.common.cache.LocalCache$Segment
2024-11-12 13:41:15,602 INFO  EvoClassLoader - Instrumenting class 'org.apache.hadoop.thirdparty.com.google.common.cache.LocalCache$Segment'.
2024-11-12 13:41:15,602 INFO  MethodCallReplacementClassAdapter - Adding mock interface to class org/apache/hadoop/thirdparty/com/google/common/cache/LocalCache$Segment
2024-11-12 13:41:15,604 INFO  CreateClassResetClassAdapter - Creating brand-new static initializer in class org/apache/hadoop/thirdparty/com/google/common/cache/LocalCache$Segment
2024-11-12 13:41:15,605 INFO  EvoClassLoader - Keeping class: org.apache.hadoop.thirdparty.com.google.common.cache.LocalCache$Segment
2024-11-12 13:41:15,605 INFO  EvoClassLoader - Seeing class for first time: org.apache.hadoop.thirdparty.com.google.common.cache.LocalCache$LoadingSerializationProxy
2024-11-12 13:41:15,605 INFO  EvoClassLoader - Instrumenting class 'org.apache.hadoop.thirdparty.com.google.common.cache.LocalCache$LoadingSerializationProxy'.
2024-11-12 13:41:15,605 INFO  MethodCallReplacementClassAdapter - Adding mock interface to class org/apache/hadoop/thirdparty/com/google/common/cache/LocalCache$LoadingSerializationProxy
2024-11-12 13:41:15,605 INFO  CreateClassResetClassAdapter - Creating brand-new static initializer in class org/apache/hadoop/thirdparty/com/google/common/cache/LocalCache$LoadingSerializationProxy
2024-11-12 13:41:15,605 INFO  EvoClassLoader - Seeing class for first time: org.apache.hadoop.thirdparty.com.google.common.cache.LocalCache$ManualSerializationProxy
2024-11-12 13:41:15,605 INFO  EvoClassLoader - Instrumenting class 'org.apache.hadoop.thirdparty.com.google.common.cache.LocalCache$ManualSerializationProxy'.
2024-11-12 13:41:15,605 INFO  MethodCallReplacementClassAdapter - Adding mock interface to class org/apache/hadoop/thirdparty/com/google/common/cache/LocalCache$ManualSerializationProxy
2024-11-12 13:41:15,606 INFO  CreateClassResetClassAdapter - Creating brand-new static initializer in class org/apache/hadoop/thirdparty/com/google/common/cache/LocalCache$ManualSerializationProxy
2024-11-12 13:41:15,606 INFO  EvoClassLoader - Seeing class for first time: org.apache.hadoop.thirdparty.com.google.common.cache.ForwardingCache
2024-11-12 13:41:15,606 INFO  EvoClassLoader - Instrumenting class 'org.apache.hadoop.thirdparty.com.google.common.cache.ForwardingCache'.
2024-11-12 13:41:15,606 INFO  MethodCallReplacementClassAdapter - Adding mock interface to class org/apache/hadoop/thirdparty/com/google/common/cache/ForwardingCache
2024-11-12 13:41:15,606 INFO  CreateClassResetClassAdapter - Creating brand-new static initializer in class org/apache/hadoop/thirdparty/com/google/common/cache/ForwardingCache
2024-11-12 13:41:15,606 INFO  EvoClassLoader - Keeping class: org.apache.hadoop.thirdparty.com.google.common.cache.ForwardingCache
2024-11-12 13:41:15,606 INFO  EvoClassLoader - Keeping class: org.apache.hadoop.thirdparty.com.google.common.cache.LocalCache$ManualSerializationProxy
2024-11-12 13:41:15,606 INFO  EvoClassLoader - Keeping class: org.apache.hadoop.thirdparty.com.google.common.cache.LocalCache$LoadingSerializationProxy
2024-11-12 13:41:15,606 INFO  EvoClassLoader - Seeing class for first time: org.apache.hadoop.thirdparty.com.google.common.cache.LocalCache$EntrySet
2024-11-12 13:41:15,606 INFO  EvoClassLoader - Instrumenting class 'org.apache.hadoop.thirdparty.com.google.common.cache.LocalCache$EntrySet'.
2024-11-12 13:41:15,606 INFO  MethodCallReplacementClassAdapter - Adding mock interface to class org/apache/hadoop/thirdparty/com/google/common/cache/LocalCache$EntrySet
2024-11-12 13:41:15,606 INFO  CreateClassResetClassAdapter - Creating brand-new static initializer in class org/apache/hadoop/thirdparty/com/google/common/cache/LocalCache$EntrySet
2024-11-12 13:41:15,606 INFO  EvoClassLoader - Seeing class for first time: org.apache.hadoop.thirdparty.com.google.common.cache.LocalCache$AbstractCacheSet
2024-11-12 13:41:15,606 INFO  EvoClassLoader - Instrumenting class 'org.apache.hadoop.thirdparty.com.google.common.cache.LocalCache$AbstractCacheSet'.
2024-11-12 13:41:15,607 INFO  MethodCallReplacementClassAdapter - Adding mock interface to class org/apache/hadoop/thirdparty/com/google/common/cache/LocalCache$AbstractCacheSet
2024-11-12 13:41:15,607 INFO  CreateClassResetClassAdapter - Creating brand-new static initializer in class org/apache/hadoop/thirdparty/com/google/common/cache/LocalCache$AbstractCacheSet
2024-11-12 13:41:15,607 INFO  EvoClassLoader - Keeping class: org.apache.hadoop.thirdparty.com.google.common.cache.LocalCache$AbstractCacheSet
2024-11-12 13:41:15,607 INFO  EvoClassLoader - Keeping class: org.apache.hadoop.thirdparty.com.google.common.cache.LocalCache$EntrySet
2024-11-12 13:41:15,607 INFO  EvoClassLoader - Seeing class for first time: org.apache.hadoop.thirdparty.com.google.common.cache.LocalCache$Values
2024-11-12 13:41:15,607 INFO  EvoClassLoader - Instrumenting class 'org.apache.hadoop.thirdparty.com.google.common.cache.LocalCache$Values'.
2024-11-12 13:41:15,607 INFO  MethodCallReplacementClassAdapter - Adding mock interface to class org/apache/hadoop/thirdparty/com/google/common/cache/LocalCache$Values
2024-11-12 13:41:15,607 INFO  CreateClassResetClassAdapter - Creating brand-new static initializer in class org/apache/hadoop/thirdparty/com/google/common/cache/LocalCache$Values
2024-11-12 13:41:15,607 INFO  EvoClassLoader - Keeping class: org.apache.hadoop.thirdparty.com.google.common.cache.LocalCache$Values
2024-11-12 13:41:15,607 INFO  EvoClassLoader - Seeing class for first time: org.apache.hadoop.thirdparty.com.google.common.cache.LocalCache$KeySet
2024-11-12 13:41:15,607 INFO  EvoClassLoader - Instrumenting class 'org.apache.hadoop.thirdparty.com.google.common.cache.LocalCache$KeySet'.
2024-11-12 13:41:15,607 INFO  MethodCallReplacementClassAdapter - Adding mock interface to class org/apache/hadoop/thirdparty/com/google/common/cache/LocalCache$KeySet
2024-11-12 13:41:15,607 INFO  CreateClassResetClassAdapter - Creating brand-new static initializer in class org/apache/hadoop/thirdparty/com/google/common/cache/LocalCache$KeySet
2024-11-12 13:41:15,607 INFO  EvoClassLoader - Keeping class: org.apache.hadoop.thirdparty.com.google.common.cache.LocalCache$KeySet
2024-11-12 13:41:15,607 INFO  EvoClassLoader - Seeing class for first time: org.apache.hadoop.thirdparty.com.google.common.cache.LocalCache$EntryIterator
2024-11-12 13:41:15,607 INFO  EvoClassLoader - Instrumenting class 'org.apache.hadoop.thirdparty.com.google.common.cache.LocalCache$EntryIterator'.
2024-11-12 13:41:15,607 INFO  MethodCallReplacementClassAdapter - Adding mock interface to class org/apache/hadoop/thirdparty/com/google/common/cache/LocalCache$EntryIterator
2024-11-12 13:41:15,607 INFO  CreateClassResetClassAdapter - Creating brand-new static initializer in class org/apache/hadoop/thirdparty/com/google/common/cache/LocalCache$EntryIterator
2024-11-12 13:41:15,608 INFO  EvoClassLoader - Seeing class for first time: org.apache.hadoop.thirdparty.com.google.common.cache.LocalCache$HashIterator
2024-11-12 13:41:15,608 INFO  EvoClassLoader - Instrumenting class 'org.apache.hadoop.thirdparty.com.google.common.cache.LocalCache$HashIterator'.
2024-11-12 13:41:15,608 INFO  MethodCallReplacementClassAdapter - Adding mock interface to class org/apache/hadoop/thirdparty/com/google/common/cache/LocalCache$HashIterator
2024-11-12 13:41:15,608 INFO  CreateClassResetClassAdapter - Creating brand-new static initializer in class org/apache/hadoop/thirdparty/com/google/common/cache/LocalCache$HashIterator
2024-11-12 13:41:15,608 INFO  EvoClassLoader - Keeping class: org.apache.hadoop.thirdparty.com.google.common.cache.LocalCache$HashIterator
2024-11-12 13:41:15,608 INFO  EvoClassLoader - Keeping class: org.apache.hadoop.thirdparty.com.google.common.cache.LocalCache$EntryIterator
2024-11-12 13:41:15,608 INFO  EvoClassLoader - Seeing class for first time: org.apache.hadoop.thirdparty.com.google.common.cache.LocalCache$WriteThroughEntry
2024-11-12 13:41:15,608 INFO  EvoClassLoader - Instrumenting class 'org.apache.hadoop.thirdparty.com.google.common.cache.LocalCache$WriteThroughEntry'.
2024-11-12 13:41:15,608 INFO  MethodCallReplacementClassAdapter - Adding mock interface to class org/apache/hadoop/thirdparty/com/google/common/cache/LocalCache$WriteThroughEntry
2024-11-12 13:41:15,608 INFO  CreateClassResetClassAdapter - Creating brand-new static initializer in class org/apache/hadoop/thirdparty/com/google/common/cache/LocalCache$WriteThroughEntry
2024-11-12 13:41:15,608 INFO  EvoClassLoader - Keeping class: org.apache.hadoop.thirdparty.com.google.common.cache.LocalCache$WriteThroughEntry
2024-11-12 13:41:15,608 INFO  EvoClassLoader - Seeing class for first time: org.apache.hadoop.thirdparty.com.google.common.cache.LocalCache$ValueIterator
2024-11-12 13:41:15,608 INFO  EvoClassLoader - Instrumenting class 'org.apache.hadoop.thirdparty.com.google.common.cache.LocalCache$ValueIterator'.
2024-11-12 13:41:15,608 INFO  MethodCallReplacementClassAdapter - Adding mock interface to class org/apache/hadoop/thirdparty/com/google/common/cache/LocalCache$ValueIterator
2024-11-12 13:41:15,608 INFO  CreateClassResetClassAdapter - Creating brand-new static initializer in class org/apache/hadoop/thirdparty/com/google/common/cache/LocalCache$ValueIterator
2024-11-12 13:41:15,609 INFO  EvoClassLoader - Keeping class: org.apache.hadoop.thirdparty.com.google.common.cache.LocalCache$ValueIterator
2024-11-12 13:41:15,609 INFO  EvoClassLoader - Seeing class for first time: org.apache.hadoop.thirdparty.com.google.common.cache.LocalCache$KeyIterator
2024-11-12 13:41:15,609 INFO  EvoClassLoader - Instrumenting class 'org.apache.hadoop.thirdparty.com.google.common.cache.LocalCache$KeyIterator'.
2024-11-12 13:41:15,609 INFO  MethodCallReplacementClassAdapter - Adding mock interface to class org/apache/hadoop/thirdparty/com/google/common/cache/LocalCache$KeyIterator
2024-11-12 13:41:15,609 INFO  CreateClassResetClassAdapter - Creating brand-new static initializer in class org/apache/hadoop/thirdparty/com/google/common/cache/LocalCache$KeyIterator
2024-11-12 13:41:15,609 INFO  EvoClassLoader - Keeping class: org.apache.hadoop.thirdparty.com.google.common.cache.LocalCache$KeyIterator
2024-11-12 13:41:15,609 INFO  EvoClassLoader - Seeing class for first time: org.apache.hadoop.thirdparty.com.google.common.cache.LocalCache$AccessQueue
2024-11-12 13:41:15,609 INFO  EvoClassLoader - Instrumenting class 'org.apache.hadoop.thirdparty.com.google.common.cache.LocalCache$AccessQueue'.
2024-11-12 13:41:15,609 INFO  MethodCallReplacementClassAdapter - Adding mock interface to class org/apache/hadoop/thirdparty/com/google/common/cache/LocalCache$AccessQueue
2024-11-12 13:41:15,609 INFO  CreateClassResetClassAdapter - Creating brand-new static initializer in class org/apache/hadoop/thirdparty/com/google/common/cache/LocalCache$AccessQueue
2024-11-12 13:41:15,609 INFO  EvoClassLoader - Keeping class: org.apache.hadoop.thirdparty.com.google.common.cache.LocalCache$AccessQueue
2024-11-12 13:41:15,609 INFO  EvoClassLoader - Seeing class for first time: org.apache.hadoop.thirdparty.com.google.common.cache.LocalCache$WriteQueue
2024-11-12 13:41:15,609 INFO  EvoClassLoader - Instrumenting class 'org.apache.hadoop.thirdparty.com.google.common.cache.LocalCache$WriteQueue'.
2024-11-12 13:41:15,609 INFO  MethodCallReplacementClassAdapter - Adding mock interface to class org/apache/hadoop/thirdparty/com/google/common/cache/LocalCache$WriteQueue
2024-11-12 13:41:15,609 INFO  CreateClassResetClassAdapter - Creating brand-new static initializer in class org/apache/hadoop/thirdparty/com/google/common/cache/LocalCache$WriteQueue
2024-11-12 13:41:15,609 INFO  EvoClassLoader - Keeping class: org.apache.hadoop.thirdparty.com.google.common.cache.LocalCache$WriteQueue
2024-11-12 13:41:15,609 INFO  EvoClassLoader - Seeing class for first time: org.apache.hadoop.thirdparty.com.google.common.cache.LocalCache$ComputingValueReference
2024-11-12 13:41:15,609 INFO  EvoClassLoader - Instrumenting class 'org.apache.hadoop.thirdparty.com.google.common.cache.LocalCache$ComputingValueReference'.
2024-11-12 13:41:15,609 INFO  MethodCallReplacementClassAdapter - Adding mock interface to class org/apache/hadoop/thirdparty/com/google/common/cache/LocalCache$ComputingValueReference
2024-11-12 13:41:15,610 INFO  CreateClassResetClassAdapter - Creating brand-new static initializer in class org/apache/hadoop/thirdparty/com/google/common/cache/LocalCache$ComputingValueReference
2024-11-12 13:41:15,610 INFO  EvoClassLoader - Seeing class for first time: org.apache.hadoop.thirdparty.com.google.common.cache.LocalCache$LoadingValueReference
2024-11-12 13:41:15,610 INFO  EvoClassLoader - Instrumenting class 'org.apache.hadoop.thirdparty.com.google.common.cache.LocalCache$LoadingValueReference'.
2024-11-12 13:41:15,610 INFO  MethodCallReplacementClassAdapter - Adding mock interface to class org/apache/hadoop/thirdparty/com/google/common/cache/LocalCache$LoadingValueReference
2024-11-12 13:41:15,611 INFO  CreateClassResetClassAdapter - Creating brand-new static initializer in class org/apache/hadoop/thirdparty/com/google/common/cache/LocalCache$LoadingValueReference
2024-11-12 13:41:15,611 INFO  EvoClassLoader - Keeping class: org.apache.hadoop.thirdparty.com.google.common.cache.LocalCache$LoadingValueReference
2024-11-12 13:41:15,611 INFO  EvoClassLoader - Keeping class: org.apache.hadoop.thirdparty.com.google.common.cache.LocalCache$ComputingValueReference
2024-11-12 13:41:15,611 INFO  EvoClassLoader - Seeing class for first time: org.apache.hadoop.thirdparty.com.google.common.cache.LocalCache$WeightedStrongValueReference
2024-11-12 13:41:15,611 INFO  EvoClassLoader - Instrumenting class 'org.apache.hadoop.thirdparty.com.google.common.cache.LocalCache$WeightedStrongValueReference'.
2024-11-12 13:41:15,611 INFO  MethodCallReplacementClassAdapter - Adding mock interface to class org/apache/hadoop/thirdparty/com/google/common/cache/LocalCache$WeightedStrongValueReference
2024-11-12 13:41:15,611 INFO  CreateClassResetClassAdapter - Creating brand-new static initializer in class org/apache/hadoop/thirdparty/com/google/common/cache/LocalCache$WeightedStrongValueReference
2024-11-12 13:41:15,611 INFO  EvoClassLoader - Seeing class for first time: org.apache.hadoop.thirdparty.com.google.common.cache.LocalCache$StrongValueReference
2024-11-12 13:41:15,611 INFO  EvoClassLoader - Instrumenting class 'org.apache.hadoop.thirdparty.com.google.common.cache.LocalCache$StrongValueReference'.
2024-11-12 13:41:15,611 INFO  MethodCallReplacementClassAdapter - Adding mock interface to class org/apache/hadoop/thirdparty/com/google/common/cache/LocalCache$StrongValueReference
2024-11-12 13:41:15,611 INFO  CreateClassResetClassAdapter - Creating brand-new static initializer in class org/apache/hadoop/thirdparty/com/google/common/cache/LocalCache$StrongValueReference
2024-11-12 13:41:15,611 INFO  EvoClassLoader - Keeping class: org.apache.hadoop.thirdparty.com.google.common.cache.LocalCache$StrongValueReference
2024-11-12 13:41:15,611 INFO  EvoClassLoader - Keeping class: org.apache.hadoop.thirdparty.com.google.common.cache.LocalCache$WeightedStrongValueReference
2024-11-12 13:41:15,611 INFO  EvoClassLoader - Seeing class for first time: org.apache.hadoop.thirdparty.com.google.common.cache.LocalCache$WeightedSoftValueReference
2024-11-12 13:41:15,611 INFO  EvoClassLoader - Instrumenting class 'org.apache.hadoop.thirdparty.com.google.common.cache.LocalCache$WeightedSoftValueReference'.
2024-11-12 13:41:15,611 INFO  MethodCallReplacementClassAdapter - Adding mock interface to class org/apache/hadoop/thirdparty/com/google/common/cache/LocalCache$WeightedSoftValueReference
2024-11-12 13:41:15,611 INFO  CreateClassResetClassAdapter - Creating brand-new static initializer in class org/apache/hadoop/thirdparty/com/google/common/cache/LocalCache$WeightedSoftValueReference
2024-11-12 13:41:15,612 INFO  EvoClassLoader - Seeing class for first time: org.apache.hadoop.thirdparty.com.google.common.cache.LocalCache$SoftValueReference
2024-11-12 13:41:15,612 INFO  EvoClassLoader - Instrumenting class 'org.apache.hadoop.thirdparty.com.google.common.cache.LocalCache$SoftValueReference'.
2024-11-12 13:41:15,612 INFO  MethodCallReplacementClassAdapter - Adding mock interface to class org/apache/hadoop/thirdparty/com/google/common/cache/LocalCache$SoftValueReference
2024-11-12 13:41:15,612 INFO  CreateClassResetClassAdapter - Creating brand-new static initializer in class org/apache/hadoop/thirdparty/com/google/common/cache/LocalCache$SoftValueReference
2024-11-12 13:41:15,612 INFO  EvoClassLoader - Keeping class: org.apache.hadoop.thirdparty.com.google.common.cache.LocalCache$SoftValueReference
2024-11-12 13:41:15,612 INFO  EvoClassLoader - Keeping class: org.apache.hadoop.thirdparty.com.google.common.cache.LocalCache$WeightedSoftValueReference
2024-11-12 13:41:15,612 INFO  EvoClassLoader - Seeing class for first time: org.apache.hadoop.thirdparty.com.google.common.cache.LocalCache$WeightedWeakValueReference
2024-11-12 13:41:15,612 INFO  EvoClassLoader - Instrumenting class 'org.apache.hadoop.thirdparty.com.google.common.cache.LocalCache$WeightedWeakValueReference'.
2024-11-12 13:41:15,612 INFO  MethodCallReplacementClassAdapter - Adding mock interface to class org/apache/hadoop/thirdparty/com/google/common/cache/LocalCache$WeightedWeakValueReference
2024-11-12 13:41:15,612 INFO  CreateClassResetClassAdapter - Creating brand-new static initializer in class org/apache/hadoop/thirdparty/com/google/common/cache/LocalCache$WeightedWeakValueReference
2024-11-12 13:41:15,612 INFO  EvoClassLoader - Seeing class for first time: org.apache.hadoop.thirdparty.com.google.common.cache.LocalCache$WeakValueReference
2024-11-12 13:41:15,612 INFO  EvoClassLoader - Instrumenting class 'org.apache.hadoop.thirdparty.com.google.common.cache.LocalCache$WeakValueReference'.
2024-11-12 13:41:15,612 INFO  MethodCallReplacementClassAdapter - Adding mock interface to class org/apache/hadoop/thirdparty/com/google/common/cache/LocalCache$WeakValueReference
2024-11-12 13:41:15,612 INFO  CreateClassResetClassAdapter - Creating brand-new static initializer in class org/apache/hadoop/thirdparty/com/google/common/cache/LocalCache$WeakValueReference
2024-11-12 13:41:15,613 INFO  EvoClassLoader - Keeping class: org.apache.hadoop.thirdparty.com.google.common.cache.LocalCache$WeakValueReference
2024-11-12 13:41:15,613 INFO  EvoClassLoader - Keeping class: org.apache.hadoop.thirdparty.com.google.common.cache.LocalCache$WeightedWeakValueReference
2024-11-12 13:41:15,613 INFO  EvoClassLoader - Seeing class for first time: org.apache.hadoop.thirdparty.com.google.common.cache.LocalCache$WeakAccessWriteEntry
2024-11-12 13:41:15,613 INFO  EvoClassLoader - Instrumenting class 'org.apache.hadoop.thirdparty.com.google.common.cache.LocalCache$WeakAccessWriteEntry'.
2024-11-12 13:41:15,613 INFO  MethodCallReplacementClassAdapter - Adding mock interface to class org/apache/hadoop/thirdparty/com/google/common/cache/LocalCache$WeakAccessWriteEntry
2024-11-12 13:41:15,613 INFO  CreateClassResetClassAdapter - Creating brand-new static initializer in class org/apache/hadoop/thirdparty/com/google/common/cache/LocalCache$WeakAccessWriteEntry
2024-11-12 13:41:15,613 INFO  EvoClassLoader - Seeing class for first time: org.apache.hadoop.thirdparty.com.google.common.cache.LocalCache$WeakEntry
2024-11-12 13:41:15,613 INFO  EvoClassLoader - Instrumenting class 'org.apache.hadoop.thirdparty.com.google.common.cache.LocalCache$WeakEntry'.
2024-11-12 13:41:15,613 INFO  MethodCallReplacementClassAdapter - Adding mock interface to class org/apache/hadoop/thirdparty/com/google/common/cache/LocalCache$WeakEntry
2024-11-12 13:41:15,613 INFO  CreateClassResetClassAdapter - Creating brand-new static initializer in class org/apache/hadoop/thirdparty/com/google/common/cache/LocalCache$WeakEntry
2024-11-12 13:41:15,613 INFO  EvoClassLoader - Keeping class: org.apache.hadoop.thirdparty.com.google.common.cache.LocalCache$WeakEntry
2024-11-12 13:41:15,613 INFO  EvoClassLoader - Keeping class: org.apache.hadoop.thirdparty.com.google.common.cache.LocalCache$WeakAccessWriteEntry
2024-11-12 13:41:15,613 INFO  EvoClassLoader - Seeing class for first time: org.apache.hadoop.thirdparty.com.google.common.cache.LocalCache$WeakWriteEntry
2024-11-12 13:41:15,613 INFO  EvoClassLoader - Instrumenting class 'org.apache.hadoop.thirdparty.com.google.common.cache.LocalCache$WeakWriteEntry'.
2024-11-12 13:41:15,613 INFO  MethodCallReplacementClassAdapter - Adding mock interface to class org/apache/hadoop/thirdparty/com/google/common/cache/LocalCache$WeakWriteEntry
2024-11-12 13:41:15,613 INFO  CreateClassResetClassAdapter - Creating brand-new static initializer in class org/apache/hadoop/thirdparty/com/google/common/cache/LocalCache$WeakWriteEntry
2024-11-12 13:41:15,613 INFO  EvoClassLoader - Keeping class: org.apache.hadoop.thirdparty.com.google.common.cache.LocalCache$WeakWriteEntry
2024-11-12 13:41:15,613 INFO  EvoClassLoader - Seeing class for first time: org.apache.hadoop.thirdparty.com.google.common.cache.LocalCache$WeakAccessEntry
2024-11-12 13:41:15,613 INFO  EvoClassLoader - Instrumenting class 'org.apache.hadoop.thirdparty.com.google.common.cache.LocalCache$WeakAccessEntry'.
2024-11-12 13:41:15,614 INFO  MethodCallReplacementClassAdapter - Adding mock interface to class org/apache/hadoop/thirdparty/com/google/common/cache/LocalCache$WeakAccessEntry
2024-11-12 13:41:15,614 INFO  CreateClassResetClassAdapter - Creating brand-new static initializer in class org/apache/hadoop/thirdparty/com/google/common/cache/LocalCache$WeakAccessEntry
2024-11-12 13:41:15,614 INFO  EvoClassLoader - Keeping class: org.apache.hadoop.thirdparty.com.google.common.cache.LocalCache$WeakAccessEntry
2024-11-12 13:41:15,614 INFO  EvoClassLoader - Seeing class for first time: org.apache.hadoop.thirdparty.com.google.common.cache.LocalCache$StrongAccessWriteEntry
2024-11-12 13:41:15,614 INFO  EvoClassLoader - Instrumenting class 'org.apache.hadoop.thirdparty.com.google.common.cache.LocalCache$StrongAccessWriteEntry'.
2024-11-12 13:41:15,614 INFO  MethodCallReplacementClassAdapter - Adding mock interface to class org/apache/hadoop/thirdparty/com/google/common/cache/LocalCache$StrongAccessWriteEntry
2024-11-12 13:41:15,614 INFO  CreateClassResetClassAdapter - Creating brand-new static initializer in class org/apache/hadoop/thirdparty/com/google/common/cache/LocalCache$StrongAccessWriteEntry
2024-11-12 13:41:15,614 INFO  EvoClassLoader - Seeing class for first time: org.apache.hadoop.thirdparty.com.google.common.cache.LocalCache$StrongEntry
2024-11-12 13:41:15,614 INFO  EvoClassLoader - Instrumenting class 'org.apache.hadoop.thirdparty.com.google.common.cache.LocalCache$StrongEntry'.
2024-11-12 13:41:15,614 INFO  MethodCallReplacementClassAdapter - Adding mock interface to class org/apache/hadoop/thirdparty/com/google/common/cache/LocalCache$StrongEntry
2024-11-12 13:41:15,614 INFO  CreateClassResetClassAdapter - Creating brand-new static initializer in class org/apache/hadoop/thirdparty/com/google/common/cache/LocalCache$StrongEntry
2024-11-12 13:41:15,614 INFO  EvoClassLoader - Seeing class for first time: org.apache.hadoop.thirdparty.com.google.common.cache.LocalCache$AbstractReferenceEntry
2024-11-12 13:41:15,614 INFO  EvoClassLoader - Instrumenting class 'org.apache.hadoop.thirdparty.com.google.common.cache.LocalCache$AbstractReferenceEntry'.
2024-11-12 13:41:15,614 INFO  MethodCallReplacementClassAdapter - Adding mock interface to class org/apache/hadoop/thirdparty/com/google/common/cache/LocalCache$AbstractReferenceEntry
2024-11-12 13:41:15,615 INFO  CreateClassResetClassAdapter - Creating brand-new static initializer in class org/apache/hadoop/thirdparty/com/google/common/cache/LocalCache$AbstractReferenceEntry
2024-11-12 13:41:15,615 INFO  EvoClassLoader - Keeping class: org.apache.hadoop.thirdparty.com.google.common.cache.LocalCache$AbstractReferenceEntry
2024-11-12 13:41:15,615 INFO  EvoClassLoader - Keeping class: org.apache.hadoop.thirdparty.com.google.common.cache.LocalCache$StrongEntry
2024-11-12 13:41:15,615 INFO  EvoClassLoader - Keeping class: org.apache.hadoop.thirdparty.com.google.common.cache.LocalCache$StrongAccessWriteEntry
2024-11-12 13:41:15,615 INFO  EvoClassLoader - Seeing class for first time: org.apache.hadoop.thirdparty.com.google.common.cache.LocalCache$StrongWriteEntry
2024-11-12 13:41:15,615 INFO  EvoClassLoader - Instrumenting class 'org.apache.hadoop.thirdparty.com.google.common.cache.LocalCache$StrongWriteEntry'.
2024-11-12 13:41:15,615 INFO  MethodCallReplacementClassAdapter - Adding mock interface to class org/apache/hadoop/thirdparty/com/google/common/cache/LocalCache$StrongWriteEntry
2024-11-12 13:41:15,615 INFO  CreateClassResetClassAdapter - Creating brand-new static initializer in class org/apache/hadoop/thirdparty/com/google/common/cache/LocalCache$StrongWriteEntry
2024-11-12 13:41:15,615 INFO  EvoClassLoader - Keeping class: org.apache.hadoop.thirdparty.com.google.common.cache.LocalCache$StrongWriteEntry
2024-11-12 13:41:15,615 INFO  EvoClassLoader - Seeing class for first time: org.apache.hadoop.thirdparty.com.google.common.cache.LocalCache$StrongAccessEntry
2024-11-12 13:41:15,615 INFO  EvoClassLoader - Instrumenting class 'org.apache.hadoop.thirdparty.com.google.common.cache.LocalCache$StrongAccessEntry'.
2024-11-12 13:41:15,631 INFO  MethodCallReplacementClassAdapter - Adding mock interface to class org/apache/hadoop/thirdparty/com/google/common/cache/LocalCache$StrongAccessEntry
2024-11-12 13:41:15,632 INFO  CreateClassResetClassAdapter - Creating brand-new static initializer in class org/apache/hadoop/thirdparty/com/google/common/cache/LocalCache$StrongAccessEntry
2024-11-12 13:41:15,632 INFO  EvoClassLoader - Keeping class: org.apache.hadoop.thirdparty.com.google.common.cache.LocalCache$StrongAccessEntry
2024-11-12 13:41:15,632 INFO  EvoClassLoader - Seeing class for first time: org.apache.hadoop.thirdparty.com.google.common.cache.LocalCache$NullEntry
2024-11-12 13:41:15,632 INFO  EvoClassLoader - Instrumenting class 'org.apache.hadoop.thirdparty.com.google.common.cache.LocalCache$NullEntry'.
2024-11-12 13:41:15,633 INFO  MethodCallReplacementClassAdapter - Adding mock interface to class org/apache/hadoop/thirdparty/com/google/common/cache/LocalCache$NullEntry
2024-11-12 13:41:15,633 INFO  CreateClassResetClassAdapter - Found static initializer in class org/apache/hadoop/thirdparty/com/google/common/cache/LocalCache$NullEntry
2024-11-12 13:41:15,633 INFO  EvoClassLoader - Keeping class: org.apache.hadoop.thirdparty.com.google.common.cache.LocalCache$NullEntry
2024-11-12 13:41:15,633 INFO  EvoClassLoader - Seeing class for first time: org.apache.hadoop.thirdparty.com.google.common.cache.LocalCache$EntryFactory
2024-11-12 13:41:15,633 INFO  EvoClassLoader - Instrumenting class 'org.apache.hadoop.thirdparty.com.google.common.cache.LocalCache$EntryFactory'.
2024-11-12 13:41:15,633 INFO  MethodCallReplacementClassAdapter - Adding mock interface to class org/apache/hadoop/thirdparty/com/google/common/cache/LocalCache$EntryFactory
2024-11-12 13:41:15,633 INFO  CreateClassResetClassAdapter - Found static initializer in class org/apache/hadoop/thirdparty/com/google/common/cache/LocalCache$EntryFactory
2024-11-12 13:41:15,634 INFO  EvoClassLoader - Keeping class: org.apache.hadoop.thirdparty.com.google.common.cache.LocalCache$EntryFactory
2024-11-12 13:41:15,634 INFO  EvoClassLoader - Seeing class for first time: org.apache.hadoop.thirdparty.com.google.common.cache.LocalCache$Strength$1
2024-11-12 13:41:15,634 INFO  EvoClassLoader - Instrumenting class 'org.apache.hadoop.thirdparty.com.google.common.cache.LocalCache$Strength$1'.
2024-11-12 13:41:15,634 INFO  MethodCallReplacementClassAdapter - Adding mock interface to class org/apache/hadoop/thirdparty/com/google/common/cache/LocalCache$Strength$1
2024-11-12 13:41:15,634 INFO  EvoClassLoader - Keeping class: org.apache.hadoop.thirdparty.com.google.common.cache.LocalCache$Strength$1
2024-11-12 13:41:15,634 INFO  EvoClassLoader - Seeing class for first time: org.apache.hadoop.thirdparty.com.google.common.cache.LocalCache$Strength$2
2024-11-12 13:41:15,634 INFO  EvoClassLoader - Instrumenting class 'org.apache.hadoop.thirdparty.com.google.common.cache.LocalCache$Strength$2'.
2024-11-12 13:41:15,635 INFO  MethodCallReplacementClassAdapter - Adding mock interface to class org/apache/hadoop/thirdparty/com/google/common/cache/LocalCache$Strength$2
2024-11-12 13:41:15,635 INFO  EvoClassLoader - Keeping class: org.apache.hadoop.thirdparty.com.google.common.cache.LocalCache$Strength$2
2024-11-12 13:41:15,635 INFO  EvoClassLoader - Seeing class for first time: org.apache.hadoop.thirdparty.com.google.common.cache.LocalCache$Strength$3
2024-11-12 13:41:15,635 INFO  EvoClassLoader - Instrumenting class 'org.apache.hadoop.thirdparty.com.google.common.cache.LocalCache$Strength$3'.
2024-11-12 13:41:15,635 INFO  MethodCallReplacementClassAdapter - Adding mock interface to class org/apache/hadoop/thirdparty/com/google/common/cache/LocalCache$Strength$3
2024-11-12 13:41:15,635 INFO  EvoClassLoader - Keeping class: org.apache.hadoop.thirdparty.com.google.common.cache.LocalCache$Strength$3
2024-11-12 13:41:15,636 INFO  EvoClassLoader - Seeing class for first time: org.apache.hadoop.thirdparty.com.google.common.cache.CacheBuilder$OneWeigher
2024-11-12 13:41:15,636 INFO  EvoClassLoader - Instrumenting class 'org.apache.hadoop.thirdparty.com.google.common.cache.CacheBuilder$OneWeigher'.
2024-11-12 13:41:15,636 INFO  MethodCallReplacementClassAdapter - Adding mock interface to class org/apache/hadoop/thirdparty/com/google/common/cache/CacheBuilder$OneWeigher
2024-11-12 13:41:15,636 INFO  CreateClassResetClassAdapter - Found static initializer in class org/apache/hadoop/thirdparty/com/google/common/cache/CacheBuilder$OneWeigher
2024-11-12 13:41:15,636 INFO  EvoClassLoader - Keeping class: org.apache.hadoop.thirdparty.com.google.common.cache.CacheBuilder$OneWeigher
2024-11-12 13:41:15,636 INFO  EvoClassLoader - Seeing class for first time: org.apache.hadoop.thirdparty.com.google.common.cache.CacheBuilder$NullListener
2024-11-12 13:41:15,636 INFO  EvoClassLoader - Instrumenting class 'org.apache.hadoop.thirdparty.com.google.common.cache.CacheBuilder$NullListener'.
2024-11-12 13:41:15,636 INFO  MethodCallReplacementClassAdapter - Adding mock interface to class org/apache/hadoop/thirdparty/com/google/common/cache/CacheBuilder$NullListener
2024-11-12 13:41:15,636 INFO  CreateClassResetClassAdapter - Found static initializer in class org/apache/hadoop/thirdparty/com/google/common/cache/CacheBuilder$NullListener
2024-11-12 13:41:15,636 INFO  EvoClassLoader - Keeping class: org.apache.hadoop.thirdparty.com.google.common.cache.CacheBuilder$NullListener
2024-11-12 13:41:15,636 INFO  EvoClassLoader - Seeing class for first time: org.apache.hadoop.thirdparty.com.google.common.cache.RemovalNotification
2024-11-12 13:41:15,636 INFO  EvoClassLoader - Instrumenting class 'org.apache.hadoop.thirdparty.com.google.common.cache.RemovalNotification'.
2024-11-12 13:41:15,636 INFO  MethodCallReplacementClassAdapter - Adding mock interface to class org/apache/hadoop/thirdparty/com/google/common/cache/RemovalNotification
2024-11-12 13:41:15,636 INFO  CreateClassResetClassAdapter - Creating brand-new static initializer in class org/apache/hadoop/thirdparty/com/google/common/cache/RemovalNotification
2024-11-12 13:41:15,637 INFO  EvoClassLoader - Keeping class: org.apache.hadoop.thirdparty.com.google.common.cache.RemovalNotification
2024-11-12 13:41:15,637 INFO  EvoClassLoader - Seeing class for first time: org.apache.hadoop.thirdparty.com.google.common.cache.LocalCache$EntryFactory$1
2024-11-12 13:41:15,637 INFO  EvoClassLoader - Instrumenting class 'org.apache.hadoop.thirdparty.com.google.common.cache.LocalCache$EntryFactory$1'.
2024-11-12 13:41:15,637 INFO  MethodCallReplacementClassAdapter - Adding mock interface to class org/apache/hadoop/thirdparty/com/google/common/cache/LocalCache$EntryFactory$1
2024-11-12 13:41:15,637 INFO  EvoClassLoader - Keeping class: org.apache.hadoop.thirdparty.com.google.common.cache.LocalCache$EntryFactory$1
2024-11-12 13:41:15,637 INFO  EvoClassLoader - Seeing class for first time: org.apache.hadoop.thirdparty.com.google.common.cache.LocalCache$EntryFactory$2
2024-11-12 13:41:15,637 INFO  EvoClassLoader - Instrumenting class 'org.apache.hadoop.thirdparty.com.google.common.cache.LocalCache$EntryFactory$2'.
2024-11-12 13:41:15,637 INFO  MethodCallReplacementClassAdapter - Adding mock interface to class org/apache/hadoop/thirdparty/com/google/common/cache/LocalCache$EntryFactory$2
2024-11-12 13:41:15,637 INFO  EvoClassLoader - Keeping class: org.apache.hadoop.thirdparty.com.google.common.cache.LocalCache$EntryFactory$2
2024-11-12 13:41:15,637 INFO  EvoClassLoader - Seeing class for first time: org.apache.hadoop.thirdparty.com.google.common.cache.LocalCache$EntryFactory$3
2024-11-12 13:41:15,637 INFO  EvoClassLoader - Instrumenting class 'org.apache.hadoop.thirdparty.com.google.common.cache.LocalCache$EntryFactory$3'.
2024-11-12 13:41:15,637 INFO  MethodCallReplacementClassAdapter - Adding mock interface to class org/apache/hadoop/thirdparty/com/google/common/cache/LocalCache$EntryFactory$3
2024-11-12 13:41:15,637 INFO  EvoClassLoader - Keeping class: org.apache.hadoop.thirdparty.com.google.common.cache.LocalCache$EntryFactory$3
2024-11-12 13:41:15,637 INFO  EvoClassLoader - Seeing class for first time: org.apache.hadoop.thirdparty.com.google.common.cache.LocalCache$EntryFactory$4
2024-11-12 13:41:15,637 INFO  EvoClassLoader - Instrumenting class 'org.apache.hadoop.thirdparty.com.google.common.cache.LocalCache$EntryFactory$4'.
2024-11-12 13:41:15,637 INFO  MethodCallReplacementClassAdapter - Adding mock interface to class org/apache/hadoop/thirdparty/com/google/common/cache/LocalCache$EntryFactory$4
2024-11-12 13:41:15,638 INFO  EvoClassLoader - Keeping class: org.apache.hadoop.thirdparty.com.google.common.cache.LocalCache$EntryFactory$4
2024-11-12 13:41:15,638 INFO  EvoClassLoader - Seeing class for first time: org.apache.hadoop.thirdparty.com.google.common.cache.LocalCache$EntryFactory$5
2024-11-12 13:41:15,638 INFO  EvoClassLoader - Instrumenting class 'org.apache.hadoop.thirdparty.com.google.common.cache.LocalCache$EntryFactory$5'.
2024-11-12 13:41:15,638 INFO  MethodCallReplacementClassAdapter - Adding mock interface to class org/apache/hadoop/thirdparty/com/google/common/cache/LocalCache$EntryFactory$5
2024-11-12 13:41:15,638 INFO  EvoClassLoader - Keeping class: org.apache.hadoop.thirdparty.com.google.common.cache.LocalCache$EntryFactory$5
2024-11-12 13:41:15,638 INFO  EvoClassLoader - Seeing class for first time: org.apache.hadoop.thirdparty.com.google.common.cache.LocalCache$EntryFactory$6
2024-11-12 13:41:15,638 INFO  EvoClassLoader - Instrumenting class 'org.apache.hadoop.thirdparty.com.google.common.cache.LocalCache$EntryFactory$6'.
2024-11-12 13:41:15,638 INFO  MethodCallReplacementClassAdapter - Adding mock interface to class org/apache/hadoop/thirdparty/com/google/common/cache/LocalCache$EntryFactory$6
2024-11-12 13:41:15,638 INFO  EvoClassLoader - Keeping class: org.apache.hadoop.thirdparty.com.google.common.cache.LocalCache$EntryFactory$6
2024-11-12 13:41:15,638 INFO  EvoClassLoader - Seeing class for first time: org.apache.hadoop.thirdparty.com.google.common.cache.LocalCache$EntryFactory$7
2024-11-12 13:41:15,638 INFO  EvoClassLoader - Instrumenting class 'org.apache.hadoop.thirdparty.com.google.common.cache.LocalCache$EntryFactory$7'.
2024-11-12 13:41:15,638 INFO  MethodCallReplacementClassAdapter - Adding mock interface to class org/apache/hadoop/thirdparty/com/google/common/cache/LocalCache$EntryFactory$7
2024-11-12 13:41:15,638 INFO  EvoClassLoader - Keeping class: org.apache.hadoop.thirdparty.com.google.common.cache.LocalCache$EntryFactory$7
2024-11-12 13:41:15,638 INFO  EvoClassLoader - Seeing class for first time: org.apache.hadoop.thirdparty.com.google.common.cache.LocalCache$EntryFactory$8
2024-11-12 13:41:15,638 INFO  EvoClassLoader - Instrumenting class 'org.apache.hadoop.thirdparty.com.google.common.cache.LocalCache$EntryFactory$8'.
2024-11-12 13:41:15,638 INFO  MethodCallReplacementClassAdapter - Adding mock interface to class org/apache/hadoop/thirdparty/com/google/common/cache/LocalCache$EntryFactory$8
2024-11-12 13:41:15,639 INFO  EvoClassLoader - Keeping class: org.apache.hadoop.thirdparty.com.google.common.cache.LocalCache$EntryFactory$8
2024-11-12 13:41:15,640 INFO  EvoClassLoader - Seeing class for first time: org.apache.hadoop.thirdparty.com.google.common.cache.RemovalCause
2024-11-12 13:41:15,640 INFO  EvoClassLoader - Instrumenting class 'org.apache.hadoop.thirdparty.com.google.common.cache.RemovalCause'.
2024-11-12 13:41:15,640 INFO  MethodCallReplacementClassAdapter - Adding mock interface to class org/apache/hadoop/thirdparty/com/google/common/cache/RemovalCause
2024-11-12 13:41:15,641 INFO  CreateClassResetClassAdapter - Found static initializer in class org/apache/hadoop/thirdparty/com/google/common/cache/RemovalCause
2024-11-12 13:41:15,641 INFO  EvoClassLoader - Keeping class: org.apache.hadoop.thirdparty.com.google.common.cache.RemovalCause
2024-11-12 13:41:15,642 INFO  EvoClassLoader - Seeing class for first time: org.apache.hadoop.thirdparty.com.google.common.cache.LocalCache$WriteQueue$1
2024-11-12 13:41:15,643 INFO  EvoClassLoader - Instrumenting class 'org.apache.hadoop.thirdparty.com.google.common.cache.LocalCache$WriteQueue$1'.
2024-11-12 13:41:15,643 INFO  MethodCallReplacementClassAdapter - Adding mock interface to class org/apache/hadoop/thirdparty/com/google/common/cache/LocalCache$WriteQueue$1
2024-11-12 13:41:15,644 INFO  EvoClassLoader - Keeping class: org.apache.hadoop.thirdparty.com.google.common.cache.LocalCache$WriteQueue$1
2024-11-12 13:41:15,644 INFO  EvoClassLoader - Seeing class for first time: org.apache.hadoop.io.ObjectWritable
2024-11-12 13:41:15,644 INFO  EvoClassLoader - Instrumenting class 'org.apache.hadoop.io.ObjectWritable'.
2024-11-12 13:41:15,645 INFO  MethodCallReplacementClassAdapter - Adding mock interface to class org/apache/hadoop/io/ObjectWritable
2024-11-12 13:41:15,648 INFO  CreateClassResetClassAdapter - Found static initializer in class org/apache/hadoop/io/ObjectWritable
2024-11-12 13:41:15,649 INFO  EvoClassLoader - Keeping class: org.apache.hadoop.io.ObjectWritable
2024-11-12 13:41:15,649 INFO  EvoClassLoader - Seeing class for first time: org.apache.hadoop.hdfs.server.common.HdfsServerConstants
2024-11-12 13:41:15,649 INFO  EvoClassLoader - Instrumenting class 'org.apache.hadoop.hdfs.server.common.HdfsServerConstants'.
2024-11-12 13:41:15,650 INFO  EvoClassLoader - Keeping class: org.apache.hadoop.hdfs.server.common.HdfsServerConstants
2024-11-12 13:41:15,650 INFO  EvoClassLoader - Seeing class for first time: org.apache.hadoop.hdfs.server.blockmanagement.PendingDataNodeMessages
2024-11-12 13:41:15,650 INFO  EvoClassLoader - Instrumenting class 'org.apache.hadoop.hdfs.server.blockmanagement.PendingDataNodeMessages'.
2024-11-12 13:41:15,650 INFO  MethodCallReplacementClassAdapter - Adding mock interface to class org/apache/hadoop/hdfs/server/blockmanagement/PendingDataNodeMessages
2024-11-12 13:41:15,650 INFO  CreateClassResetClassAdapter - Creating brand-new static initializer in class org/apache/hadoop/hdfs/server/blockmanagement/PendingDataNodeMessages
2024-11-12 13:41:15,651 INFO  EvoClassLoader - Keeping class: org.apache.hadoop.hdfs.server.blockmanagement.PendingDataNodeMessages
2024-11-12 13:41:15,651 INFO  EvoClassLoader - Seeing class for first time: org.apache.hadoop.hdfs.server.blockmanagement.BlockManager$RedundancyMonitor
2024-11-12 13:41:15,651 INFO  EvoClassLoader - Instrumenting class 'org.apache.hadoop.hdfs.server.blockmanagement.BlockManager$RedundancyMonitor'.
2024-11-12 13:41:15,651 INFO  MethodCallReplacementClassAdapter - Adding mock interface to class org/apache/hadoop/hdfs/server/blockmanagement/BlockManager$RedundancyMonitor
2024-11-12 13:41:15,651 INFO  CreateClassResetClassAdapter - Creating brand-new static initializer in class org/apache/hadoop/hdfs/server/blockmanagement/BlockManager$RedundancyMonitor
2024-11-12 13:41:15,651 INFO  EvoClassLoader - Keeping class: org.apache.hadoop.hdfs.server.blockmanagement.BlockManager$RedundancyMonitor
2024-11-12 13:41:15,651 INFO  EvoClassLoader - Seeing class for first time: org.apache.hadoop.hdfs.server.blockmanagement.BlockManager$BlockReportProcessingThread
2024-11-12 13:41:15,651 INFO  EvoClassLoader - Instrumenting class 'org.apache.hadoop.hdfs.server.blockmanagement.BlockManager$BlockReportProcessingThread'.
2024-11-12 13:41:15,651 INFO  MethodCallReplacementClassAdapter - Adding mock interface to class org/apache/hadoop/hdfs/server/blockmanagement/BlockManager$BlockReportProcessingThread
2024-11-12 13:41:15,651 INFO  CreateClassResetClassAdapter - Creating brand-new static initializer in class org/apache/hadoop/hdfs/server/blockmanagement/BlockManager$BlockReportProcessingThread
2024-11-12 13:41:15,652 INFO  EvoClassLoader - Keeping class: org.apache.hadoop.hdfs.server.blockmanagement.BlockManager$BlockReportProcessingThread
2024-11-12 13:41:15,652 INFO  EvoClassLoader - Seeing class for first time: org.apache.hadoop.hdfs.server.blockmanagement.BlockManager$MarkedDeleteBlockScrubber
2024-11-12 13:41:15,652 INFO  EvoClassLoader - Instrumenting class 'org.apache.hadoop.hdfs.server.blockmanagement.BlockManager$MarkedDeleteBlockScrubber'.
2024-11-12 13:41:15,652 INFO  MethodCallReplacementClassAdapter - Adding mock interface to class org/apache/hadoop/hdfs/server/blockmanagement/BlockManager$MarkedDeleteBlockScrubber
2024-11-12 13:41:15,652 INFO  CreateClassResetClassAdapter - Creating brand-new static initializer in class org/apache/hadoop/hdfs/server/blockmanagement/BlockManager$MarkedDeleteBlockScrubber
2024-11-12 13:41:15,652 INFO  EvoClassLoader - Keeping class: org.apache.hadoop.hdfs.server.blockmanagement.BlockManager$MarkedDeleteBlockScrubber
2024-11-12 13:41:15,652 INFO  EvoClassLoader - Seeing class for first time: org.apache.hadoop.hdfs.server.blockmanagement.CorruptReplicasMap
2024-11-12 13:41:15,652 INFO  EvoClassLoader - Instrumenting class 'org.apache.hadoop.hdfs.server.blockmanagement.CorruptReplicasMap'.
2024-11-12 13:41:15,652 INFO  MethodCallReplacementClassAdapter - Adding mock interface to class org/apache/hadoop/hdfs/server/blockmanagement/CorruptReplicasMap
2024-11-12 13:41:15,653 INFO  CreateClassResetClassAdapter - Creating brand-new static initializer in class org/apache/hadoop/hdfs/server/blockmanagement/CorruptReplicasMap
2024-11-12 13:41:15,653 INFO  EvoClassLoader - Keeping class: org.apache.hadoop.hdfs.server.blockmanagement.CorruptReplicasMap
2024-11-12 13:41:15,653 INFO  EvoClassLoader - Seeing class for first time: org.apache.hadoop.hdfs.server.blockmanagement.CorruptReplicasMap$Reason
2024-11-12 13:41:15,653 INFO  EvoClassLoader - Instrumenting class 'org.apache.hadoop.hdfs.server.blockmanagement.CorruptReplicasMap$Reason'.
2024-11-12 13:41:15,653 INFO  MethodCallReplacementClassAdapter - Adding mock interface to class org/apache/hadoop/hdfs/server/blockmanagement/CorruptReplicasMap$Reason
2024-11-12 13:41:15,653 INFO  CreateClassResetClassAdapter - Found static initializer in class org/apache/hadoop/hdfs/server/blockmanagement/CorruptReplicasMap$Reason
2024-11-12 13:41:15,653 INFO  EvoClassLoader - Keeping class: org.apache.hadoop.hdfs.server.blockmanagement.CorruptReplicasMap$Reason
2024-11-12 13:41:15,653 INFO  EvoClassLoader - Seeing class for first time: org.apache.hadoop.hdfs.server.blockmanagement.ExcessRedundancyMap
2024-11-12 13:41:15,653 INFO  EvoClassLoader - Instrumenting class 'org.apache.hadoop.hdfs.server.blockmanagement.ExcessRedundancyMap'.
2024-11-12 13:41:15,653 INFO  MethodCallReplacementClassAdapter - Adding mock interface to class org/apache/hadoop/hdfs/server/blockmanagement/ExcessRedundancyMap
2024-11-12 13:41:15,653 INFO  CreateClassResetClassAdapter - Found static initializer in class org/apache/hadoop/hdfs/server/blockmanagement/ExcessRedundancyMap
2024-11-12 13:41:15,653 INFO  EvoClassLoader - Keeping class: org.apache.hadoop.hdfs.server.blockmanagement.ExcessRedundancyMap
2024-11-12 13:41:15,654 INFO  EvoClassLoader - Seeing class for first time: org.apache.hadoop.hdfs.server.blockmanagement.LowRedundancyBlocks
2024-11-12 13:41:15,654 INFO  EvoClassLoader - Instrumenting class 'org.apache.hadoop.hdfs.server.blockmanagement.LowRedundancyBlocks'.
2024-11-12 13:41:15,654 INFO  MethodCallReplacementClassAdapter - Adding mock interface to class org/apache/hadoop/hdfs/server/blockmanagement/LowRedundancyBlocks
2024-11-12 13:41:15,654 INFO  CreateClassResetClassAdapter - Found static initializer in class org/apache/hadoop/hdfs/server/blockmanagement/LowRedundancyBlocks
2024-11-12 13:41:15,654 INFO  EvoClassLoader - Keeping class: org.apache.hadoop.hdfs.server.blockmanagement.LowRedundancyBlocks
2024-11-12 13:41:15,655 INFO  EvoClassLoader - Seeing class for first time: org.apache.hadoop.hdfs.util.LightWeightHashSet
2024-11-12 13:41:15,655 INFO  EvoClassLoader - Instrumenting class 'org.apache.hadoop.hdfs.util.LightWeightHashSet'.
2024-11-12 13:41:15,655 INFO  MethodCallReplacementClassAdapter - Adding mock interface to class org/apache/hadoop/hdfs/util/LightWeightHashSet
2024-11-12 13:41:15,656 INFO  CreateClassResetClassAdapter - Found static initializer in class org/apache/hadoop/hdfs/util/LightWeightHashSet
2024-11-12 13:41:15,656 INFO  EvoClassLoader - Keeping class: org.apache.hadoop.hdfs.util.LightWeightHashSet
2024-11-12 13:41:15,657 INFO  EvoClassLoader - Seeing class for first time: org.apache.hadoop.hdfs.util.LightWeightHashSet$LinkedElement
2024-11-12 13:41:15,657 INFO  EvoClassLoader - Instrumenting class 'org.apache.hadoop.hdfs.util.LightWeightHashSet$LinkedElement'.
2024-11-12 13:41:15,657 INFO  MethodCallReplacementClassAdapter - Adding mock interface to class org/apache/hadoop/hdfs/util/LightWeightHashSet$LinkedElement
2024-11-12 13:41:15,657 INFO  CreateClassResetClassAdapter - Creating brand-new static initializer in class org/apache/hadoop/hdfs/util/LightWeightHashSet$LinkedElement
2024-11-12 13:41:15,657 INFO  EvoClassLoader - Keeping class: org.apache.hadoop.hdfs.util.LightWeightHashSet$LinkedElement
2024-11-12 13:41:15,657 INFO  EvoClassLoader - Seeing class for first time: org.apache.hadoop.hdfs.util.LightWeightLinkedSet
2024-11-12 13:41:15,657 INFO  EvoClassLoader - Instrumenting class 'org.apache.hadoop.hdfs.util.LightWeightLinkedSet'.
2024-11-12 13:41:15,657 INFO  MethodCallReplacementClassAdapter - Adding mock interface to class org/apache/hadoop/hdfs/util/LightWeightLinkedSet
2024-11-12 13:41:15,658 INFO  CreateClassResetClassAdapter - Creating brand-new static initializer in class org/apache/hadoop/hdfs/util/LightWeightLinkedSet
2024-11-12 13:41:15,658 INFO  EvoClassLoader - Keeping class: org.apache.hadoop.hdfs.util.LightWeightLinkedSet
2024-11-12 13:41:15,658 INFO  EvoClassLoader - Seeing class for first time: org.apache.hadoop.hdfs.util.LightWeightLinkedSet$DoubleLinkedElement
2024-11-12 13:41:15,658 INFO  EvoClassLoader - Instrumenting class 'org.apache.hadoop.hdfs.util.LightWeightLinkedSet$DoubleLinkedElement'.
2024-11-12 13:41:15,658 INFO  MethodCallReplacementClassAdapter - Adding mock interface to class org/apache/hadoop/hdfs/util/LightWeightLinkedSet$DoubleLinkedElement
2024-11-12 13:41:15,658 INFO  CreateClassResetClassAdapter - Creating brand-new static initializer in class org/apache/hadoop/hdfs/util/LightWeightLinkedSet$DoubleLinkedElement
2024-11-12 13:41:15,658 INFO  EvoClassLoader - Keeping class: org.apache.hadoop.hdfs.util.LightWeightLinkedSet$DoubleLinkedElement
2024-11-12 13:41:15,658 INFO  EvoClassLoader - Seeing class for first time: org.apache.hadoop.hdfs.util.LightWeightLinkedSet$LinkedSetIterator
2024-11-12 13:41:15,658 INFO  EvoClassLoader - Instrumenting class 'org.apache.hadoop.hdfs.util.LightWeightLinkedSet$LinkedSetIterator'.
2024-11-12 13:41:15,659 INFO  MethodCallReplacementClassAdapter - Adding mock interface to class org/apache/hadoop/hdfs/util/LightWeightLinkedSet$LinkedSetIterator
2024-11-12 13:41:15,659 INFO  CreateClassResetClassAdapter - Creating brand-new static initializer in class org/apache/hadoop/hdfs/util/LightWeightLinkedSet$LinkedSetIterator
2024-11-12 13:41:15,659 INFO  EvoClassLoader - Keeping class: org.apache.hadoop.hdfs.util.LightWeightLinkedSet$LinkedSetIterator
2024-11-12 13:41:15,659 INFO  EvoClassLoader - Seeing class for first time: org.apache.hadoop.thirdparty.com.google.common.collect.Sets
2024-11-12 13:41:15,659 INFO  EvoClassLoader - Instrumenting class 'org.apache.hadoop.thirdparty.com.google.common.collect.Sets'.
2024-11-12 13:41:15,659 INFO  MethodCallReplacementClassAdapter - Adding mock interface to class org/apache/hadoop/thirdparty/com/google/common/collect/Sets
2024-11-12 13:41:15,660 INFO  CreateClassResetClassAdapter - Creating brand-new static initializer in class org/apache/hadoop/thirdparty/com/google/common/collect/Sets
2024-11-12 13:41:15,660 INFO  EvoClassLoader - Keeping class: org.apache.hadoop.thirdparty.com.google.common.collect.Sets
2024-11-12 13:41:15,660 INFO  EvoClassLoader - Seeing class for first time: org.apache.hadoop.thirdparty.com.google.common.collect.Sets$SetView
2024-11-12 13:41:15,660 INFO  EvoClassLoader - Instrumenting class 'org.apache.hadoop.thirdparty.com.google.common.collect.Sets$SetView'.
2024-11-12 13:41:15,660 INFO  MethodCallReplacementClassAdapter - Adding mock interface to class org/apache/hadoop/thirdparty/com/google/common/collect/Sets$SetView
2024-11-12 13:41:15,660 INFO  CreateClassResetClassAdapter - Creating brand-new static initializer in class org/apache/hadoop/thirdparty/com/google/common/collect/Sets$SetView
2024-11-12 13:41:15,661 INFO  EvoClassLoader - Keeping class: org.apache.hadoop.thirdparty.com.google.common.collect.Sets$SetView
2024-11-12 13:41:15,661 INFO  EvoClassLoader - Seeing class for first time: org.apache.hadoop.thirdparty.com.google.common.collect.Sets$1
2024-11-12 13:41:15,661 INFO  EvoClassLoader - Instrumenting class 'org.apache.hadoop.thirdparty.com.google.common.collect.Sets$1'.
2024-11-12 13:41:15,661 INFO  MethodCallReplacementClassAdapter - Adding mock interface to class org/apache/hadoop/thirdparty/com/google/common/collect/Sets$1
2024-11-12 13:41:15,661 INFO  EvoClassLoader - Keeping class: org.apache.hadoop.thirdparty.com.google.common.collect.Sets$1
2024-11-12 13:41:15,661 INFO  EvoClassLoader - Seeing class for first time: org.apache.hadoop.thirdparty.com.google.common.collect.Sets$2
2024-11-12 13:41:15,661 INFO  EvoClassLoader - Instrumenting class 'org.apache.hadoop.thirdparty.com.google.common.collect.Sets$2'.
2024-11-12 13:41:15,661 INFO  MethodCallReplacementClassAdapter - Adding mock interface to class org/apache/hadoop/thirdparty/com/google/common/collect/Sets$2
2024-11-12 13:41:15,661 INFO  EvoClassLoader - Keeping class: org.apache.hadoop.thirdparty.com.google.common.collect.Sets$2
2024-11-12 13:41:15,661 INFO  EvoClassLoader - Seeing class for first time: org.apache.hadoop.thirdparty.com.google.common.collect.Sets$3
2024-11-12 13:41:15,661 INFO  EvoClassLoader - Instrumenting class 'org.apache.hadoop.thirdparty.com.google.common.collect.Sets$3'.
2024-11-12 13:41:15,661 INFO  MethodCallReplacementClassAdapter - Adding mock interface to class org/apache/hadoop/thirdparty/com/google/common/collect/Sets$3
2024-11-12 13:41:15,662 INFO  EvoClassLoader - Keeping class: org.apache.hadoop.thirdparty.com.google.common.collect.Sets$3
2024-11-12 13:41:15,662 INFO  EvoClassLoader - Seeing class for first time: org.apache.hadoop.thirdparty.com.google.common.collect.ImmutableEnumSet
2024-11-12 13:41:15,662 INFO  EvoClassLoader - Instrumenting class 'org.apache.hadoop.thirdparty.com.google.common.collect.ImmutableEnumSet'.
2024-11-12 13:41:15,662 INFO  MethodCallReplacementClassAdapter - Adding mock interface to class org/apache/hadoop/thirdparty/com/google/common/collect/ImmutableEnumSet
2024-11-12 13:41:15,662 INFO  CreateClassResetClassAdapter - Creating brand-new static initializer in class org/apache/hadoop/thirdparty/com/google/common/collect/ImmutableEnumSet
2024-11-12 13:41:15,662 INFO  EvoClassLoader - Keeping class: org.apache.hadoop.thirdparty.com.google.common.collect.ImmutableEnumSet
2024-11-12 13:41:15,662 INFO  EvoClassLoader - Seeing class for first time: org.apache.hadoop.thirdparty.com.google.common.collect.Sets$4
2024-11-12 13:41:15,662 INFO  EvoClassLoader - Instrumenting class 'org.apache.hadoop.thirdparty.com.google.common.collect.Sets$4'.
2024-11-12 13:41:15,662 INFO  MethodCallReplacementClassAdapter - Adding mock interface to class org/apache/hadoop/thirdparty/com/google/common/collect/Sets$4
2024-11-12 13:41:15,662 INFO  EvoClassLoader - Keeping class: org.apache.hadoop.thirdparty.com.google.common.collect.Sets$4
2024-11-12 13:41:15,663 INFO  EvoClassLoader - Seeing class for first time: org.apache.hadoop.net.NetworkTopology
2024-11-12 13:41:15,663 INFO  EvoClassLoader - Instrumenting class 'org.apache.hadoop.net.NetworkTopology'.
2024-11-12 13:41:15,663 INFO  MethodCallReplacementClassAdapter - Adding mock interface to class org/apache/hadoop/net/NetworkTopology
2024-11-12 13:41:15,665 INFO  CreateClassResetClassAdapter - Found static initializer in class org/apache/hadoop/net/NetworkTopology
2024-11-12 13:41:15,665 INFO  EvoClassLoader - Keeping class: org.apache.hadoop.net.NetworkTopology
2024-11-12 13:41:15,666 INFO  EvoClassLoader - Seeing class for first time: org.apache.hadoop.hdfs.net.DFSNetworkTopology
2024-11-12 13:41:15,666 INFO  EvoClassLoader - Instrumenting class 'org.apache.hadoop.hdfs.net.DFSNetworkTopology'.
2024-11-12 13:41:15,666 INFO  MethodCallReplacementClassAdapter - Adding mock interface to class org/apache/hadoop/hdfs/net/DFSNetworkTopology
2024-11-12 13:41:15,666 INFO  CreateClassResetClassAdapter - Found static initializer in class org/apache/hadoop/hdfs/net/DFSNetworkTopology
2024-11-12 13:41:15,667 INFO  EvoClassLoader - Keeping class: org.apache.hadoop.hdfs.net.DFSNetworkTopology
2024-11-12 13:41:15,667 INFO  EvoClassLoader - Seeing class for first time: org.apache.hadoop.hdfs.server.blockmanagement.DatanodeStatistics
2024-11-12 13:41:15,667 INFO  EvoClassLoader - Instrumenting class 'org.apache.hadoop.hdfs.server.blockmanagement.DatanodeStatistics'.
2024-11-12 13:41:15,668 INFO  EvoClassLoader - Keeping class: org.apache.hadoop.hdfs.server.blockmanagement.DatanodeStatistics
2024-11-12 13:41:15,668 INFO  EvoClassLoader - Seeing class for first time: org.apache.hadoop.hdfs.DFSUtil$ServiceComparator
2024-11-12 13:41:15,668 INFO  EvoClassLoader - Instrumenting class 'org.apache.hadoop.hdfs.DFSUtil$ServiceComparator'.
2024-11-12 13:41:15,668 INFO  MethodCallReplacementClassAdapter - Adding mock interface to class org/apache/hadoop/hdfs/DFSUtil$ServiceComparator
2024-11-12 13:41:15,669 INFO  CreateClassResetClassAdapter - Creating brand-new static initializer in class org/apache/hadoop/hdfs/DFSUtil$ServiceComparator
2024-11-12 13:41:15,669 INFO  EvoClassLoader - Keeping class: org.apache.hadoop.hdfs.DFSUtil$ServiceComparator
2024-11-12 13:41:15,669 INFO  EvoClassLoader - Seeing class for first time: org.apache.hadoop.hdfs.DFSUtil$StaleAndSlowComparator
2024-11-12 13:41:15,669 INFO  EvoClassLoader - Instrumenting class 'org.apache.hadoop.hdfs.DFSUtil$StaleAndSlowComparator'.
2024-11-12 13:41:15,669 INFO  MethodCallReplacementClassAdapter - Adding mock interface to class org/apache/hadoop/hdfs/DFSUtil$StaleAndSlowComparator
2024-11-12 13:41:15,669 INFO  CreateClassResetClassAdapter - Creating brand-new static initializer in class org/apache/hadoop/hdfs/DFSUtil$StaleAndSlowComparator
2024-11-12 13:41:15,669 INFO  EvoClassLoader - Keeping class: org.apache.hadoop.hdfs.DFSUtil$StaleAndSlowComparator
2024-11-12 13:41:15,669 INFO  EvoClassLoader - Seeing class for first time: org.apache.hadoop.net.NetworkTopology$InvalidTopologyException
2024-11-12 13:41:15,669 INFO  EvoClassLoader - Instrumenting class 'org.apache.hadoop.net.NetworkTopology$InvalidTopologyException'.
2024-11-12 13:41:15,669 INFO  MethodCallReplacementClassAdapter - Adding mock interface to class org/apache/hadoop/net/NetworkTopology$InvalidTopologyException
2024-11-12 13:41:15,670 INFO  CreateClassResetClassAdapter - Creating brand-new static initializer in class org/apache/hadoop/net/NetworkTopology$InvalidTopologyException
2024-11-12 13:41:15,670 INFO  EvoClassLoader - Keeping class: org.apache.hadoop.net.NetworkTopology$InvalidTopologyException
2024-11-12 13:41:15,670 INFO  EvoClassLoader - Seeing class for first time: org.apache.hadoop.hdfs.server.protocol.DisallowedDatanodeException
2024-11-12 13:41:15,670 INFO  EvoClassLoader - Instrumenting class 'org.apache.hadoop.hdfs.server.protocol.DisallowedDatanodeException'.
2024-11-12 13:41:15,670 INFO  MethodCallReplacementClassAdapter - Adding mock interface to class org/apache/hadoop/hdfs/server/protocol/DisallowedDatanodeException
2024-11-12 13:41:15,670 INFO  CreateClassResetClassAdapter - Creating brand-new static initializer in class org/apache/hadoop/hdfs/server/protocol/DisallowedDatanodeException
2024-11-12 13:41:15,670 INFO  EvoClassLoader - Keeping class: org.apache.hadoop.hdfs.server.protocol.DisallowedDatanodeException
2024-11-12 13:41:15,670 INFO  EvoClassLoader - Seeing class for first time: org.apache.hadoop.hdfs.server.blockmanagement.SlowPeerTracker
2024-11-12 13:41:15,670 INFO  EvoClassLoader - Instrumenting class 'org.apache.hadoop.hdfs.server.blockmanagement.SlowPeerTracker'.
2024-11-12 13:41:15,671 INFO  MethodCallReplacementClassAdapter - Adding mock interface to class org/apache/hadoop/hdfs/server/blockmanagement/SlowPeerTracker
2024-11-12 13:41:15,671 INFO  CreateClassResetClassAdapter - Found static initializer in class org/apache/hadoop/hdfs/server/blockmanagement/SlowPeerTracker
2024-11-12 13:41:15,671 INFO  EvoClassLoader - Keeping class: org.apache.hadoop.hdfs.server.blockmanagement.SlowPeerTracker
2024-11-12 13:41:15,671 INFO  EvoClassLoader - Seeing class for first time: org.apache.hadoop.hdfs.server.blockmanagement.SlowPeerDisabledTracker
2024-11-12 13:41:15,671 INFO  EvoClassLoader - Instrumenting class 'org.apache.hadoop.hdfs.server.blockmanagement.SlowPeerDisabledTracker'.
2024-11-12 13:41:15,672 INFO  MethodCallReplacementClassAdapter - Adding mock interface to class org/apache/hadoop/hdfs/server/blockmanagement/SlowPeerDisabledTracker
2024-11-12 13:41:15,672 INFO  CreateClassResetClassAdapter - Found static initializer in class org/apache/hadoop/hdfs/server/blockmanagement/SlowPeerDisabledTracker
2024-11-12 13:41:15,672 INFO  EvoClassLoader - Keeping class: org.apache.hadoop.hdfs.server.blockmanagement.SlowPeerDisabledTracker
2024-11-12 13:41:15,672 INFO  EvoClassLoader - Seeing class for first time: org.apache.hadoop.hdfs.server.blockmanagement.FSClusterStats
2024-11-12 13:41:15,672 INFO  EvoClassLoader - Instrumenting class 'org.apache.hadoop.hdfs.server.blockmanagement.FSClusterStats'.
2024-11-12 13:41:15,672 INFO  EvoClassLoader - Keeping class: org.apache.hadoop.hdfs.server.blockmanagement.FSClusterStats
2024-11-12 13:41:15,672 INFO  EvoClassLoader - Seeing class for first time: org.apache.hadoop.hdfs.server.blockmanagement.UnresolvedTopologyException
2024-11-12 13:41:15,672 INFO  EvoClassLoader - Instrumenting class 'org.apache.hadoop.hdfs.server.blockmanagement.UnresolvedTopologyException'.
2024-11-12 13:41:15,673 INFO  MethodCallReplacementClassAdapter - Adding mock interface to class org/apache/hadoop/hdfs/server/blockmanagement/UnresolvedTopologyException
2024-11-12 13:41:15,673 INFO  CreateClassResetClassAdapter - Creating brand-new static initializer in class org/apache/hadoop/hdfs/server/blockmanagement/UnresolvedTopologyException
2024-11-12 13:41:15,673 INFO  EvoClassLoader - Keeping class: org.apache.hadoop.hdfs.server.blockmanagement.UnresolvedTopologyException
2024-11-12 13:41:15,673 INFO  EvoClassLoader - Seeing class for first time: org.apache.hadoop.hdfs.server.protocol.BlockRecoveryCommand$RecoveringBlock
2024-11-12 13:41:15,673 INFO  EvoClassLoader - Instrumenting class 'org.apache.hadoop.hdfs.server.protocol.BlockRecoveryCommand$RecoveringBlock'.
2024-11-12 13:41:15,673 INFO  MethodCallReplacementClassAdapter - Adding mock interface to class org/apache/hadoop/hdfs/server/protocol/BlockRecoveryCommand$RecoveringBlock
2024-11-12 13:41:15,673 INFO  CreateClassResetClassAdapter - Creating brand-new static initializer in class org/apache/hadoop/hdfs/server/protocol/BlockRecoveryCommand$RecoveringBlock
2024-11-12 13:41:15,673 INFO  EvoClassLoader - Keeping class: org.apache.hadoop.hdfs.server.protocol.BlockRecoveryCommand$RecoveringBlock
2024-11-12 13:41:15,673 INFO  EvoClassLoader - Seeing class for first time: org.apache.hadoop.hdfs.server.protocol.BlockRecoveryCommand$RecoveringStripedBlock
2024-11-12 13:41:15,673 INFO  EvoClassLoader - Instrumenting class 'org.apache.hadoop.hdfs.server.protocol.BlockRecoveryCommand$RecoveringStripedBlock'.
2024-11-12 13:41:15,673 INFO  MethodCallReplacementClassAdapter - Adding mock interface to class org/apache/hadoop/hdfs/server/protocol/BlockRecoveryCommand$RecoveringStripedBlock
2024-11-12 13:41:15,674 INFO  CreateClassResetClassAdapter - Creating brand-new static initializer in class org/apache/hadoop/hdfs/server/protocol/BlockRecoveryCommand$RecoveringStripedBlock
2024-11-12 13:41:15,674 INFO  EvoClassLoader - Keeping class: org.apache.hadoop.hdfs.server.protocol.BlockRecoveryCommand$RecoveringStripedBlock
2024-11-12 13:41:15,674 INFO  EvoClassLoader - Seeing class for first time: org.apache.hadoop.hdfs.server.protocol.BlockIdCommand
2024-11-12 13:41:15,674 INFO  EvoClassLoader - Instrumenting class 'org.apache.hadoop.hdfs.server.protocol.BlockIdCommand'.
2024-11-12 13:41:15,674 INFO  MethodCallReplacementClassAdapter - Adding mock interface to class org/apache/hadoop/hdfs/server/protocol/BlockIdCommand
2024-11-12 13:41:15,674 INFO  CreateClassResetClassAdapter - Creating brand-new static initializer in class org/apache/hadoop/hdfs/server/protocol/BlockIdCommand
2024-11-12 13:41:15,674 INFO  EvoClassLoader - Keeping class: org.apache.hadoop.hdfs.server.protocol.BlockIdCommand
2024-11-12 13:41:15,674 INFO  EvoClassLoader - Seeing class for first time: org.apache.hadoop.hdfs.server.blockmanagement.HeartbeatManager
2024-11-12 13:41:15,674 INFO  EvoClassLoader - Instrumenting class 'org.apache.hadoop.hdfs.server.blockmanagement.HeartbeatManager'.
2024-11-12 13:41:15,675 INFO  MethodCallReplacementClassAdapter - Adding mock interface to class org/apache/hadoop/hdfs/server/blockmanagement/HeartbeatManager
2024-11-12 13:41:15,675 INFO  CreateClassResetClassAdapter - Found static initializer in class org/apache/hadoop/hdfs/server/blockmanagement/HeartbeatManager
2024-11-12 13:41:15,676 INFO  EvoClassLoader - Keeping class: org.apache.hadoop.hdfs.server.blockmanagement.HeartbeatManager
2024-11-12 13:41:15,676 INFO  EvoClassLoader - Seeing class for first time: org.apache.hadoop.hdfs.server.blockmanagement.Host2NodesMap
2024-11-12 13:41:15,676 INFO  EvoClassLoader - Instrumenting class 'org.apache.hadoop.hdfs.server.blockmanagement.Host2NodesMap'.
2024-11-12 13:41:15,676 INFO  MethodCallReplacementClassAdapter - Adding mock interface to class org/apache/hadoop/hdfs/server/blockmanagement/Host2NodesMap
2024-11-12 13:41:15,676 INFO  CreateClassResetClassAdapter - Creating brand-new static initializer in class org/apache/hadoop/hdfs/server/blockmanagement/Host2NodesMap
2024-11-12 13:41:15,676 INFO  EvoClassLoader - Keeping class: org.apache.hadoop.hdfs.server.blockmanagement.Host2NodesMap
2024-11-12 13:41:15,677 INFO  EvoClassLoader - Seeing class for first time: org.apache.hadoop.hdfs.server.blockmanagement.DatanodeAdminManager
2024-11-12 13:41:15,677 INFO  EvoClassLoader - Instrumenting class 'org.apache.hadoop.hdfs.server.blockmanagement.DatanodeAdminManager'.
2024-11-12 13:41:15,677 INFO  MethodCallReplacementClassAdapter - Adding mock interface to class org/apache/hadoop/hdfs/server/blockmanagement/DatanodeAdminManager
2024-11-12 13:41:15,678 INFO  CreateClassResetClassAdapter - Found static initializer in class org/apache/hadoop/hdfs/server/blockmanagement/DatanodeAdminManager
2024-11-12 13:41:15,678 INFO  EvoClassLoader - Keeping class: org.apache.hadoop.hdfs.server.blockmanagement.DatanodeAdminManager
2024-11-12 13:41:15,678 INFO  EvoClassLoader - Seeing class for first time: org.apache.hadoop.hdfs.server.blockmanagement.HostConfigManager
2024-11-12 13:41:15,678 INFO  EvoClassLoader - Instrumenting class 'org.apache.hadoop.hdfs.server.blockmanagement.HostConfigManager'.
2024-11-12 13:41:15,678 INFO  MethodCallReplacementClassAdapter - Adding mock interface to class org/apache/hadoop/hdfs/server/blockmanagement/HostConfigManager
2024-11-12 13:41:15,679 INFO  CreateClassResetClassAdapter - Creating brand-new static initializer in class org/apache/hadoop/hdfs/server/blockmanagement/HostConfigManager
2024-11-12 13:41:15,679 INFO  EvoClassLoader - Keeping class: org.apache.hadoop.hdfs.server.blockmanagement.HostConfigManager
2024-11-12 13:41:15,679 INFO  EvoClassLoader - Seeing class for first time: org.apache.hadoop.hdfs.server.protocol.BlockRecoveryCommand
2024-11-12 13:41:15,679 INFO  EvoClassLoader - Instrumenting class 'org.apache.hadoop.hdfs.server.protocol.BlockRecoveryCommand'.
2024-11-12 13:41:15,679 INFO  MethodCallReplacementClassAdapter - Adding mock interface to class org/apache/hadoop/hdfs/server/protocol/BlockRecoveryCommand
2024-11-12 13:41:15,679 INFO  CreateClassResetClassAdapter - Creating brand-new static initializer in class org/apache/hadoop/hdfs/server/protocol/BlockRecoveryCommand
2024-11-12 13:41:15,679 INFO  EvoClassLoader - Keeping class: org.apache.hadoop.hdfs.server.protocol.BlockRecoveryCommand
2024-11-12 13:41:15,679 INFO  EvoClassLoader - Seeing class for first time: org.apache.hadoop.hdfs.server.blockmanagement.SlowDiskTracker
2024-11-12 13:41:15,679 INFO  EvoClassLoader - Instrumenting class 'org.apache.hadoop.hdfs.server.blockmanagement.SlowDiskTracker'.
2024-11-12 13:41:15,680 INFO  MethodCallReplacementClassAdapter - Adding mock interface to class org/apache/hadoop/hdfs/server/blockmanagement/SlowDiskTracker
2024-11-12 13:41:15,680 INFO  CreateClassResetClassAdapter - Found static initializer in class org/apache/hadoop/hdfs/server/blockmanagement/SlowDiskTracker
2024-11-12 13:41:15,680 INFO  EvoClassLoader - Keeping class: org.apache.hadoop.hdfs.server.blockmanagement.SlowDiskTracker
2024-11-12 13:41:15,681 INFO  EvoClassLoader - Seeing class for first time: org.apache.hadoop.fs.statistics.BufferedIOStatisticsOutputStream
2024-11-12 13:41:15,681 INFO  EvoClassLoader - Instrumenting class 'org.apache.hadoop.fs.statistics.BufferedIOStatisticsOutputStream'.
2024-11-12 13:41:15,681 INFO  MethodCallReplacementClassAdapter - Adding mock interface to class org/apache/hadoop/fs/statistics/BufferedIOStatisticsOutputStream
2024-11-12 13:41:15,681 INFO  CreateClassResetClassAdapter - Creating brand-new static initializer in class org/apache/hadoop/fs/statistics/BufferedIOStatisticsOutputStream
2024-11-12 13:41:15,681 INFO  EvoClassLoader - Keeping class: org.apache.hadoop.fs.statistics.BufferedIOStatisticsOutputStream
2024-11-12 13:41:15,681 INFO  EvoClassLoader - Seeing class for first time: org.apache.hadoop.fs.FSError
2024-11-12 13:41:15,681 INFO  EvoClassLoader - Instrumenting class 'org.apache.hadoop.fs.FSError'.
2024-11-12 13:41:15,681 INFO  MethodCallReplacementClassAdapter - Adding mock interface to class org/apache/hadoop/fs/FSError
2024-11-12 13:41:15,681 INFO  CreateClassResetClassAdapter - Creating brand-new static initializer in class org/apache/hadoop/fs/FSError
2024-11-12 13:41:15,681 INFO  EvoClassLoader - Keeping class: org.apache.hadoop.fs.FSError
2024-11-12 13:41:15,681 INFO  EvoClassLoader - Seeing class for first time: org.apache.hadoop.fs.RawLocalFileSystem$LocalFSFileInputStream
2024-11-12 13:41:15,681 INFO  EvoClassLoader - Instrumenting class 'org.apache.hadoop.fs.RawLocalFileSystem$LocalFSFileInputStream'.
2024-11-12 13:41:15,682 INFO  MethodCallReplacementClassAdapter - Adding mock interface to class org/apache/hadoop/fs/RawLocalFileSystem$LocalFSFileInputStream
2024-11-12 13:41:15,682 INFO  CreateClassResetClassAdapter - Creating brand-new static initializer in class org/apache/hadoop/fs/RawLocalFileSystem$LocalFSFileInputStream
2024-11-12 13:41:15,683 INFO  EvoClassLoader - Keeping class: org.apache.hadoop.fs.RawLocalFileSystem$LocalFSFileInputStream
2024-11-12 13:41:15,683 INFO  EvoClassLoader - Seeing class for first time: org.apache.hadoop.fs.BufferedFSInputStream
2024-11-12 13:41:15,683 INFO  EvoClassLoader - Instrumenting class 'org.apache.hadoop.fs.BufferedFSInputStream'.
2024-11-12 13:41:15,683 INFO  MethodCallReplacementClassAdapter - Adding mock interface to class org/apache/hadoop/fs/BufferedFSInputStream
2024-11-12 13:41:15,683 INFO  CreateClassResetClassAdapter - Creating brand-new static initializer in class org/apache/hadoop/fs/BufferedFSInputStream
2024-11-12 13:41:15,684 INFO  EvoClassLoader - Keeping class: org.apache.hadoop.fs.BufferedFSInputStream
2024-11-12 13:41:15,684 INFO  EvoClassLoader - Seeing class for first time: org.apache.hadoop.fs.RawLocalFileSystem$DeprecatedRawLocalFileStatus
2024-11-12 13:41:15,684 INFO  EvoClassLoader - Instrumenting class 'org.apache.hadoop.fs.RawLocalFileSystem$DeprecatedRawLocalFileStatus'.
2024-11-12 13:41:15,684 INFO  MethodCallReplacementClassAdapter - Adding mock interface to class org/apache/hadoop/fs/RawLocalFileSystem$DeprecatedRawLocalFileStatus
2024-11-12 13:41:15,685 INFO  CreateClassResetClassAdapter - Creating brand-new static initializer in class org/apache/hadoop/fs/RawLocalFileSystem$DeprecatedRawLocalFileStatus
2024-11-12 13:41:15,686 INFO  EvoClassLoader - Keeping class: org.apache.hadoop.fs.RawLocalFileSystem$DeprecatedRawLocalFileStatus
2024-11-12 13:41:15,686 INFO  EvoClassLoader - Seeing class for first time: org.apache.hadoop.fs.RawLocalFileSystem$LocalFSFileOutputStream
2024-11-12 13:41:15,686 INFO  EvoClassLoader - Instrumenting class 'org.apache.hadoop.fs.RawLocalFileSystem$LocalFSFileOutputStream'.
2024-11-12 13:41:15,686 INFO  MethodCallReplacementClassAdapter - Adding mock interface to class org/apache/hadoop/fs/RawLocalFileSystem$LocalFSFileOutputStream
2024-11-12 13:41:15,687 INFO  CreateClassResetClassAdapter - Creating brand-new static initializer in class org/apache/hadoop/fs/RawLocalFileSystem$LocalFSFileOutputStream
2024-11-12 13:41:15,687 INFO  EvoClassLoader - Keeping class: org.apache.hadoop.fs.RawLocalFileSystem$LocalFSFileOutputStream
2024-11-12 13:41:15,688 INFO  EvoClassLoader - Seeing class for first time: org.apache.hadoop.fs.HarFileSystem
2024-11-12 13:41:15,688 INFO  EvoClassLoader - Instrumenting class 'org.apache.hadoop.fs.HarFileSystem'.
2024-11-12 13:41:15,688 INFO  MethodCallReplacementClassAdapter - Adding mock interface to class org/apache/hadoop/fs/HarFileSystem
2024-11-12 13:41:15,689 INFO  CreateClassResetClassAdapter - Found static initializer in class org/apache/hadoop/fs/HarFileSystem
2024-11-12 13:41:15,690 INFO  EvoClassLoader - Keeping class: org.apache.hadoop.fs.HarFileSystem
2024-11-12 13:41:15,690 INFO  EvoClassLoader - Seeing class for first time: org.apache.hadoop.fs.HarFileSystem$HarFSDataInputStream
2024-11-12 13:41:15,690 INFO  EvoClassLoader - Instrumenting class 'org.apache.hadoop.fs.HarFileSystem$HarFSDataInputStream'.
2024-11-12 13:41:15,690 INFO  MethodCallReplacementClassAdapter - Adding mock interface to class org/apache/hadoop/fs/HarFileSystem$HarFSDataInputStream
2024-11-12 13:41:15,690 INFO  CreateClassResetClassAdapter - Creating brand-new static initializer in class org/apache/hadoop/fs/HarFileSystem$HarFSDataInputStream
2024-11-12 13:41:15,690 INFO  EvoClassLoader - Keeping class: org.apache.hadoop.fs.HarFileSystem$HarFSDataInputStream
2024-11-12 13:41:15,691 INFO  EvoClassLoader - Seeing class for first time: org.apache.hadoop.fs.HarFileSystem$HarMetaData
2024-11-12 13:41:15,691 INFO  EvoClassLoader - Instrumenting class 'org.apache.hadoop.fs.HarFileSystem$HarMetaData'.
2024-11-12 13:41:15,691 INFO  MethodCallReplacementClassAdapter - Adding mock interface to class org/apache/hadoop/fs/HarFileSystem$HarMetaData
2024-11-12 13:41:15,692 INFO  CreateClassResetClassAdapter - Creating brand-new static initializer in class org/apache/hadoop/fs/HarFileSystem$HarMetaData
2024-11-12 13:41:15,692 INFO  EvoClassLoader - Keeping class: org.apache.hadoop.fs.HarFileSystem$HarMetaData
2024-11-12 13:41:15,692 INFO  EvoClassLoader - Seeing class for first time: org.apache.hadoop.fs.HarFileSystem$HarStatus
2024-11-12 13:41:15,692 INFO  EvoClassLoader - Instrumenting class 'org.apache.hadoop.fs.HarFileSystem$HarStatus'.
2024-11-12 13:41:15,692 INFO  MethodCallReplacementClassAdapter - Adding mock interface to class org/apache/hadoop/fs/HarFileSystem$HarStatus
2024-11-12 13:41:15,692 INFO  CreateClassResetClassAdapter - Creating brand-new static initializer in class org/apache/hadoop/fs/HarFileSystem$HarStatus
2024-11-12 13:41:15,692 INFO  EvoClassLoader - Keeping class: org.apache.hadoop.fs.HarFileSystem$HarStatus
2024-11-12 13:41:15,692 INFO  EvoClassLoader - Seeing class for first time: org.apache.hadoop.io.AbstractMapWritable
2024-11-12 13:41:15,692 INFO  EvoClassLoader - Instrumenting class 'org.apache.hadoop.io.AbstractMapWritable'.
2024-11-12 13:41:15,693 INFO  MethodCallReplacementClassAdapter - Adding mock interface to class org/apache/hadoop/io/AbstractMapWritable
2024-11-12 13:41:15,693 INFO  CreateClassResetClassAdapter - Creating brand-new static initializer in class org/apache/hadoop/io/AbstractMapWritable
2024-11-12 13:41:15,698 INFO  EvoClassLoader - Keeping class: org.apache.hadoop.io.AbstractMapWritable
2024-11-12 13:41:15,698 INFO  EvoClassLoader - Seeing class for first time: org.apache.hadoop.io.MapWritable
2024-11-12 13:41:15,698 INFO  EvoClassLoader - Instrumenting class 'org.apache.hadoop.io.MapWritable'.
2024-11-12 13:41:15,698 INFO  MethodCallReplacementClassAdapter - Adding mock interface to class org/apache/hadoop/io/MapWritable
2024-11-12 13:41:15,699 INFO  CreateClassResetClassAdapter - Creating brand-new static initializer in class org/apache/hadoop/io/MapWritable
2024-11-12 13:41:15,700 INFO  EvoClassLoader - Keeping class: org.apache.hadoop.io.MapWritable
2024-11-12 13:41:15,700 INFO  EvoClassLoader - Seeing class for first time: org.apache.hadoop.io.DataOutputBuffer$Buffer
2024-11-12 13:41:15,700 INFO  EvoClassLoader - Instrumenting class 'org.apache.hadoop.io.DataOutputBuffer$Buffer'.
2024-11-12 13:41:15,700 INFO  MethodCallReplacementClassAdapter - Adding mock interface to class org/apache/hadoop/io/DataOutputBuffer$Buffer
2024-11-12 13:41:15,700 INFO  CreateClassResetClassAdapter - Creating brand-new static initializer in class org/apache/hadoop/io/DataOutputBuffer$Buffer
2024-11-12 13:41:15,701 INFO  EvoClassLoader - Keeping class: org.apache.hadoop.io.DataOutputBuffer$Buffer
2024-11-12 13:41:15,701 INFO  EvoClassLoader - Seeing class for first time: org.apache.hadoop.io.DataInputBuffer$Buffer
2024-11-12 13:41:15,701 INFO  EvoClassLoader - Instrumenting class 'org.apache.hadoop.io.DataInputBuffer$Buffer'.
2024-11-12 13:41:15,701 INFO  MethodCallReplacementClassAdapter - Adding mock interface to class org/apache/hadoop/io/DataInputBuffer$Buffer
2024-11-12 13:41:15,702 INFO  CreateClassResetClassAdapter - Creating brand-new static initializer in class org/apache/hadoop/io/DataInputBuffer$Buffer
2024-11-12 13:41:15,702 INFO  EvoClassLoader - Keeping class: org.apache.hadoop.io.DataInputBuffer$Buffer
2024-11-12 13:41:15,702 INFO  EvoClassLoader - Seeing class for first time: org.apache.hadoop.hdfs.server.namenode.INodeReference$WithCount$1
2024-11-12 13:41:15,702 INFO  EvoClassLoader - Instrumenting class 'org.apache.hadoop.hdfs.server.namenode.INodeReference$WithCount$1'.
2024-11-12 13:41:15,702 INFO  MethodCallReplacementClassAdapter - Adding mock interface to class org/apache/hadoop/hdfs/server/namenode/INodeReference$WithCount$1
2024-11-12 13:41:15,703 INFO  EvoClassLoader - Keeping class: org.apache.hadoop.hdfs.server.namenode.INodeReference$WithCount$1
2024-11-12 13:41:15,703 INFO  EvoClassLoader - Seeing class for first time: org.apache.hadoop.hdfs.server.datanode.DataNode
2024-11-12 13:41:15,703 INFO  EvoClassLoader - Instrumenting class 'org.apache.hadoop.hdfs.server.datanode.DataNode'.
2024-11-12 13:41:15,704 INFO  MethodCallReplacementClassAdapter - Adding mock interface to class org/apache/hadoop/hdfs/server/datanode/DataNode
2024-11-12 13:41:15,711 INFO  CreateClassResetClassAdapter - Found static initializer in class org/apache/hadoop/hdfs/server/datanode/DataNode
2024-11-12 13:41:15,713 INFO  EvoClassLoader - Seeing class for first time: org.apache.hadoop.hdfs.server.protocol.InterDatanodeProtocol
2024-11-12 13:41:15,713 INFO  EvoClassLoader - Instrumenting class 'org.apache.hadoop.hdfs.server.protocol.InterDatanodeProtocol'.
2024-11-12 13:41:15,713 INFO  EvoClassLoader - Keeping class: org.apache.hadoop.hdfs.server.protocol.InterDatanodeProtocol
2024-11-12 13:41:15,713 INFO  EvoClassLoader - Seeing class for first time: org.apache.hadoop.hdfs.server.datanode.DataNodeMXBean
2024-11-12 13:41:15,713 INFO  EvoClassLoader - Instrumenting class 'org.apache.hadoop.hdfs.server.datanode.DataNodeMXBean'.
2024-11-12 13:41:15,713 INFO  EvoClassLoader - Keeping class: org.apache.hadoop.hdfs.server.datanode.DataNodeMXBean
2024-11-12 13:41:15,714 INFO  EvoClassLoader - Keeping class: org.apache.hadoop.hdfs.server.datanode.DataNode
2024-11-12 13:41:15,714 INFO  EvoClassLoader - Seeing class for first time: org.apache.hadoop.hdfs.server.datanode.DataNode$1
2024-11-12 13:41:15,714 INFO  EvoClassLoader - Instrumenting class 'org.apache.hadoop.hdfs.server.datanode.DataNode$1'.
2024-11-12 13:41:15,714 INFO  MethodCallReplacementClassAdapter - Adding mock interface to class org/apache/hadoop/hdfs/server/datanode/DataNode$1
2024-11-12 13:41:15,714 INFO  EvoClassLoader - Keeping class: org.apache.hadoop.hdfs.server.datanode.DataNode$1
2024-11-12 13:41:15,714 INFO  EvoClassLoader - Seeing class for first time: org.apache.hadoop.hdfs.server.datanode.DataNode$5
2024-11-12 13:41:15,714 INFO  EvoClassLoader - Instrumenting class 'org.apache.hadoop.hdfs.server.datanode.DataNode$5'.
2024-11-12 13:41:15,714 INFO  MethodCallReplacementClassAdapter - Adding mock interface to class org/apache/hadoop/hdfs/server/datanode/DataNode$5
2024-11-12 13:41:15,714 INFO  EvoClassLoader - Keeping class: org.apache.hadoop.hdfs.server.datanode.DataNode$5
2024-11-12 13:41:15,714 INFO  EvoClassLoader - Seeing class for first time: org.apache.hadoop.hdfs.server.diskbalancer.DiskBalancerException
2024-11-12 13:41:15,714 INFO  EvoClassLoader - Instrumenting class 'org.apache.hadoop.hdfs.server.diskbalancer.DiskBalancerException'.
2024-11-12 13:41:15,715 INFO  MethodCallReplacementClassAdapter - Adding mock interface to class org/apache/hadoop/hdfs/server/diskbalancer/DiskBalancerException
2024-11-12 13:41:15,715 INFO  CreateClassResetClassAdapter - Creating brand-new static initializer in class org/apache/hadoop/hdfs/server/diskbalancer/DiskBalancerException
2024-11-12 13:41:15,715 INFO  EvoClassLoader - Defined package (3): package org.apache.hadoop.hdfs.server.diskbalancer, 1129990956
2024-11-12 13:41:15,715 INFO  EvoClassLoader - Keeping class: org.apache.hadoop.hdfs.server.diskbalancer.DiskBalancerException
2024-11-12 13:41:15,716 INFO  EvoClassLoader - Seeing class for first time: org.apache.hadoop.hdfs.protocol.proto.ClientDatanodeProtocolProtos$ClientDatanodeProtocolService$BlockingInterface
2024-11-12 13:41:15,716 INFO  EvoClassLoader - Instrumenting class 'org.apache.hadoop.hdfs.protocol.proto.ClientDatanodeProtocolProtos$ClientDatanodeProtocolService$BlockingInterface'.
2024-11-12 13:41:15,716 INFO  EvoClassLoader - Keeping class: org.apache.hadoop.hdfs.protocol.proto.ClientDatanodeProtocolProtos$ClientDatanodeProtocolService$BlockingInterface
2024-11-12 13:41:15,716 INFO  EvoClassLoader - Seeing class for first time: org.apache.hadoop.hdfs.security.token.block.BlockPoolTokenSecretManager
2024-11-12 13:41:15,716 INFO  EvoClassLoader - Instrumenting class 'org.apache.hadoop.hdfs.security.token.block.BlockPoolTokenSecretManager'.
2024-11-12 13:41:15,717 INFO  MethodCallReplacementClassAdapter - Adding mock interface to class org/apache/hadoop/hdfs/security/token/block/BlockPoolTokenSecretManager
2024-11-12 13:41:15,717 INFO  CreateClassResetClassAdapter - Creating brand-new static initializer in class org/apache/hadoop/hdfs/security/token/block/BlockPoolTokenSecretManager
2024-11-12 13:41:15,717 INFO  EvoClassLoader - Keeping class: org.apache.hadoop.hdfs.security.token.block.BlockPoolTokenSecretManager
2024-11-12 13:41:15,717 INFO  EvoClassLoader - Seeing class for first time: org.apache.hadoop.hdfs.protocol.proto.ReconfigurationProtocolProtos$ReconfigurationProtocolService$BlockingInterface
2024-11-12 13:41:15,717 INFO  EvoClassLoader - Instrumenting class 'org.apache.hadoop.hdfs.protocol.proto.ReconfigurationProtocolProtos$ReconfigurationProtocolService$BlockingInterface'.
2024-11-12 13:41:15,717 INFO  EvoClassLoader - Keeping class: org.apache.hadoop.hdfs.protocol.proto.ReconfigurationProtocolProtos$ReconfigurationProtocolService$BlockingInterface
2024-11-12 13:41:15,717 INFO  EvoClassLoader - Seeing class for first time: org.apache.hadoop.hdfs.protocol.proto.InterDatanodeProtocolProtos$InterDatanodeProtocolService$BlockingInterface
2024-11-12 13:41:15,717 INFO  EvoClassLoader - Instrumenting class 'org.apache.hadoop.hdfs.protocol.proto.InterDatanodeProtocolProtos$InterDatanodeProtocolService$BlockingInterface'.
2024-11-12 13:41:15,718 INFO  EvoClassLoader - Keeping class: org.apache.hadoop.hdfs.protocol.proto.InterDatanodeProtocolProtos$InterDatanodeProtocolService$BlockingInterface
2024-11-12 13:41:15,718 INFO  EvoClassLoader - Seeing class for first time: org.apache.hadoop.security.authorize.PolicyProvider
2024-11-12 13:41:15,718 INFO  EvoClassLoader - Instrumenting class 'org.apache.hadoop.security.authorize.PolicyProvider'.
2024-11-12 13:41:15,718 INFO  MethodCallReplacementClassAdapter - Adding mock interface to class org/apache/hadoop/security/authorize/PolicyProvider
2024-11-12 13:41:15,718 INFO  CreateClassResetClassAdapter - Found static initializer in class org/apache/hadoop/security/authorize/PolicyProvider
2024-11-12 13:41:15,718 INFO  EvoClassLoader - Keeping class: org.apache.hadoop.security.authorize.PolicyProvider
2024-11-12 13:41:15,718 INFO  EvoClassLoader - Seeing class for first time: org.apache.hadoop.hdfs.HDFSPolicyProvider
2024-11-12 13:41:15,718 INFO  EvoClassLoader - Instrumenting class 'org.apache.hadoop.hdfs.HDFSPolicyProvider'.
2024-11-12 13:41:15,718 INFO  MethodCallReplacementClassAdapter - Adding mock interface to class org/apache/hadoop/hdfs/HDFSPolicyProvider
2024-11-12 13:41:15,718 INFO  CreateClassResetClassAdapter - Found static initializer in class org/apache/hadoop/hdfs/HDFSPolicyProvider
2024-11-12 13:41:15,718 INFO  EvoClassLoader - Keeping class: org.apache.hadoop.hdfs.HDFSPolicyProvider
2024-11-12 13:41:15,718 INFO  EvoClassLoader - Seeing class for first time: org.apache.hadoop.hdfs.server.datanode.DiskBalancer$BlockMover
2024-11-12 13:41:15,718 INFO  EvoClassLoader - Instrumenting class 'org.apache.hadoop.hdfs.server.datanode.DiskBalancer$BlockMover'.
2024-11-12 13:41:15,718 INFO  EvoClassLoader - Keeping class: org.apache.hadoop.hdfs.server.datanode.DiskBalancer$BlockMover
2024-11-12 13:41:15,718 INFO  EvoClassLoader - Seeing class for first time: org.apache.hadoop.hdfs.net.PeerServer
2024-11-12 13:41:15,718 INFO  EvoClassLoader - Instrumenting class 'org.apache.hadoop.hdfs.net.PeerServer'.
2024-11-12 13:41:15,718 INFO  EvoClassLoader - Keeping class: org.apache.hadoop.hdfs.net.PeerServer
2024-11-12 13:41:15,719 INFO  EvoClassLoader - Seeing class for first time: org.apache.hadoop.hdfs.server.datanode.BlockPoolSliceStorage
2024-11-12 13:41:15,719 INFO  EvoClassLoader - Instrumenting class 'org.apache.hadoop.hdfs.server.datanode.BlockPoolSliceStorage'.
2024-11-12 13:41:15,719 INFO  MethodCallReplacementClassAdapter - Adding mock interface to class org/apache/hadoop/hdfs/server/datanode/BlockPoolSliceStorage
2024-11-12 13:41:15,721 INFO  CreateClassResetClassAdapter - Found static initializer in class org/apache/hadoop/hdfs/server/datanode/BlockPoolSliceStorage
2024-11-12 13:41:15,722 INFO  EvoClassLoader - Keeping class: org.apache.hadoop.hdfs.server.datanode.BlockPoolSliceStorage
2024-11-12 13:41:15,722 INFO  EvoClassLoader - Seeing class for first time: org.apache.hadoop.hdfs.server.datanode.fsdataset.impl.AddBlockPoolException
2024-11-12 13:41:15,722 INFO  EvoClassLoader - Instrumenting class 'org.apache.hadoop.hdfs.server.datanode.fsdataset.impl.AddBlockPoolException'.
2024-11-12 13:41:15,722 INFO  MethodCallReplacementClassAdapter - Adding mock interface to class org/apache/hadoop/hdfs/server/datanode/fsdataset/impl/AddBlockPoolException
2024-11-12 13:41:15,723 INFO  CreateClassResetClassAdapter - Creating brand-new static initializer in class org/apache/hadoop/hdfs/server/datanode/fsdataset/impl/AddBlockPoolException
2024-11-12 13:41:15,723 INFO  EvoClassLoader - Defined package (3): package org.apache.hadoop.hdfs.server.datanode.fsdataset.impl, -115281524
2024-11-12 13:41:15,723 INFO  EvoClassLoader - Keeping class: org.apache.hadoop.hdfs.server.datanode.fsdataset.impl.AddBlockPoolException
2024-11-12 13:41:15,723 INFO  EvoClassLoader - Seeing class for first time: org.apache.hadoop.hdfs.server.datanode.DataNode$ShortCircuitFdsUnsupportedException
2024-11-12 13:41:15,723 INFO  EvoClassLoader - Instrumenting class 'org.apache.hadoop.hdfs.server.datanode.DataNode$ShortCircuitFdsUnsupportedException'.
2024-11-12 13:41:15,723 INFO  MethodCallReplacementClassAdapter - Adding mock interface to class org/apache/hadoop/hdfs/server/datanode/DataNode$ShortCircuitFdsUnsupportedException
2024-11-12 13:41:15,724 INFO  CreateClassResetClassAdapter - Creating brand-new static initializer in class org/apache/hadoop/hdfs/server/datanode/DataNode$ShortCircuitFdsUnsupportedException
2024-11-12 13:41:15,724 INFO  EvoClassLoader - Keeping class: org.apache.hadoop.hdfs.server.datanode.DataNode$ShortCircuitFdsUnsupportedException
2024-11-12 13:41:15,724 INFO  EvoClassLoader - Seeing class for first time: org.apache.hadoop.hdfs.server.datanode.DataNode$ShortCircuitFdsVersionException
2024-11-12 13:41:15,724 INFO  EvoClassLoader - Instrumenting class 'org.apache.hadoop.hdfs.server.datanode.DataNode$ShortCircuitFdsVersionException'.
2024-11-12 13:41:15,724 INFO  MethodCallReplacementClassAdapter - Adding mock interface to class org/apache/hadoop/hdfs/server/datanode/DataNode$ShortCircuitFdsVersionException
2024-11-12 13:41:15,724 INFO  CreateClassResetClassAdapter - Creating brand-new static initializer in class org/apache/hadoop/hdfs/server/datanode/DataNode$ShortCircuitFdsVersionException
2024-11-12 13:41:15,724 INFO  EvoClassLoader - Keeping class: org.apache.hadoop.hdfs.server.datanode.DataNode$ShortCircuitFdsVersionException
2024-11-12 13:41:15,724 INFO  EvoClassLoader - Seeing class for first time: org.apache.hadoop.hdfs.server.datanode.ReplicaNotFoundException
2024-11-12 13:41:15,724 INFO  EvoClassLoader - Instrumenting class 'org.apache.hadoop.hdfs.server.datanode.ReplicaNotFoundException'.
2024-11-12 13:41:15,725 INFO  MethodCallReplacementClassAdapter - Adding mock interface to class org/apache/hadoop/hdfs/server/datanode/ReplicaNotFoundException
2024-11-12 13:41:15,725 INFO  CreateClassResetClassAdapter - Creating brand-new static initializer in class org/apache/hadoop/hdfs/server/datanode/ReplicaNotFoundException
2024-11-12 13:41:15,725 INFO  CreateClassResetClassAdapter - Adding bytecode for initializing field NON_RBW_REPLICA
2024-11-12 13:41:15,725 INFO  CreateClassResetClassAdapter - Adding bytecode for initializing field UNFINALIZED_REPLICA
2024-11-12 13:41:15,725 INFO  CreateClassResetClassAdapter - Adding bytecode for initializing field UNFINALIZED_AND_NONRBW_REPLICA
2024-11-12 13:41:15,725 INFO  CreateClassResetClassAdapter - Adding bytecode for initializing field NON_EXISTENT_REPLICA
2024-11-12 13:41:15,725 INFO  CreateClassResetClassAdapter - Adding bytecode for initializing field UNEXPECTED_GS_REPLICA
2024-11-12 13:41:15,725 INFO  CreateClassResetClassAdapter - Adding bytecode for initializing field POSSIBLE_ROOT_CAUSE_MSG
2024-11-12 13:41:15,725 INFO  EvoClassLoader - Keeping class: org.apache.hadoop.hdfs.server.datanode.ReplicaNotFoundException
2024-11-12 13:41:15,725 INFO  EvoClassLoader - Seeing class for first time: org.apache.hadoop.hdfs.server.datanode.UnexpectedReplicaStateException
2024-11-12 13:41:15,725 INFO  EvoClassLoader - Instrumenting class 'org.apache.hadoop.hdfs.server.datanode.UnexpectedReplicaStateException'.
2024-11-12 13:41:15,725 INFO  MethodCallReplacementClassAdapter - Adding mock interface to class org/apache/hadoop/hdfs/server/datanode/UnexpectedReplicaStateException
2024-11-12 13:41:15,726 INFO  CreateClassResetClassAdapter - Creating brand-new static initializer in class org/apache/hadoop/hdfs/server/datanode/UnexpectedReplicaStateException
2024-11-12 13:41:15,726 INFO  EvoClassLoader - Keeping class: org.apache.hadoop.hdfs.server.datanode.UnexpectedReplicaStateException
2024-11-12 13:41:15,727 INFO  EvoClassLoader - Seeing class for first time: org.apache.hadoop.hdfs.server.datanode.metrics.DataNodeMetrics
2024-11-12 13:41:15,727 INFO  EvoClassLoader - Instrumenting class 'org.apache.hadoop.hdfs.server.datanode.metrics.DataNodeMetrics'.
2024-11-12 13:41:15,728 INFO  MethodCallReplacementClassAdapter - Adding mock interface to class org/apache/hadoop/hdfs/server/datanode/metrics/DataNodeMetrics
2024-11-12 13:41:15,729 INFO  CreateClassResetClassAdapter - Creating brand-new static initializer in class org/apache/hadoop/hdfs/server/datanode/metrics/DataNodeMetrics
2024-11-12 13:41:15,729 INFO  EvoClassLoader - Defined package (3): package org.apache.hadoop.hdfs.server.datanode.metrics, 875394682
2024-11-12 13:41:15,730 INFO  EvoClassLoader - Keeping class: org.apache.hadoop.hdfs.server.datanode.metrics.DataNodeMetrics
2024-11-12 13:41:15,730 INFO  EvoClassLoader - Seeing class for first time: org.apache.hadoop.hdfs.protocol.datatransfer.BlockConstructionStage
2024-11-12 13:41:15,730 INFO  EvoClassLoader - Instrumenting class 'org.apache.hadoop.hdfs.protocol.datatransfer.BlockConstructionStage'.
2024-11-12 13:41:15,731 INFO  MethodCallReplacementClassAdapter - Adding mock interface to class org/apache/hadoop/hdfs/protocol/datatransfer/BlockConstructionStage
2024-11-12 13:41:15,732 INFO  CreateClassResetClassAdapter - Found static initializer in class org/apache/hadoop/hdfs/protocol/datatransfer/BlockConstructionStage
2024-11-12 13:41:15,732 INFO  EvoClassLoader - Keeping class: org.apache.hadoop.hdfs.protocol.datatransfer.BlockConstructionStage
2024-11-12 13:41:15,732 INFO  EvoClassLoader - Seeing class for first time: org.apache.hadoop.hdfs.server.datanode.BlockPoolManager
2024-11-12 13:41:15,732 INFO  EvoClassLoader - Instrumenting class 'org.apache.hadoop.hdfs.server.datanode.BlockPoolManager'.
2024-11-12 13:41:15,733 INFO  MethodCallReplacementClassAdapter - Adding mock interface to class org/apache/hadoop/hdfs/server/datanode/BlockPoolManager
2024-11-12 13:41:15,735 INFO  CreateClassResetClassAdapter - Found static initializer in class org/apache/hadoop/hdfs/server/datanode/BlockPoolManager
2024-11-12 13:41:15,736 INFO  EvoClassLoader - Keeping class: org.apache.hadoop.hdfs.server.datanode.BlockPoolManager
2024-11-12 13:41:15,736 INFO  EvoClassLoader - Seeing class for first time: org.apache.hadoop.hdfs.server.datanode.DNConf
2024-11-12 13:41:15,736 INFO  EvoClassLoader - Instrumenting class 'org.apache.hadoop.hdfs.server.datanode.DNConf'.
2024-11-12 13:41:15,736 INFO  MethodCallReplacementClassAdapter - Adding mock interface to class org/apache/hadoop/hdfs/server/datanode/DNConf
2024-11-12 13:41:15,736 INFO  CreateClassResetClassAdapter - Creating brand-new static initializer in class org/apache/hadoop/hdfs/server/datanode/DNConf
2024-11-12 13:41:15,737 INFO  EvoClassLoader - Keeping class: org.apache.hadoop.hdfs.server.datanode.DNConf
2024-11-12 13:41:15,737 INFO  EvoClassLoader - Seeing class for first time: org.apache.hadoop.hdfs.server.datanode.DirectoryScanner
2024-11-12 13:41:15,737 INFO  EvoClassLoader - Instrumenting class 'org.apache.hadoop.hdfs.server.datanode.DirectoryScanner'.
2024-11-12 13:41:15,737 INFO  MethodCallReplacementClassAdapter - Adding mock interface to class org/apache/hadoop/hdfs/server/datanode/DirectoryScanner
2024-11-12 13:41:15,738 INFO  CreateClassResetClassAdapter - Found static initializer in class org/apache/hadoop/hdfs/server/datanode/DirectoryScanner
2024-11-12 13:41:15,738 INFO  EvoClassLoader - Keeping class: org.apache.hadoop.hdfs.server.datanode.DirectoryScanner
2024-11-12 13:41:15,738 INFO  EvoClassLoader - Seeing class for first time: org.apache.hadoop.tracing.Tracer
2024-11-12 13:41:15,738 INFO  EvoClassLoader - Instrumenting class 'org.apache.hadoop.tracing.Tracer'.
2024-11-12 13:41:15,738 INFO  MethodCallReplacementClassAdapter - Adding mock interface to class org/apache/hadoop/tracing/Tracer
2024-11-12 13:41:15,738 INFO  CreateClassResetClassAdapter - Found static initializer in class org/apache/hadoop/tracing/Tracer
2024-11-12 13:41:15,739 INFO  EvoClassLoader - Defined package (3): package org.apache.hadoop.tracing, 1849968911
2024-11-12 13:41:15,739 INFO  EvoClassLoader - Keeping class: org.apache.hadoop.tracing.Tracer
2024-11-12 13:41:15,739 INFO  EvoClassLoader - Seeing class for first time: org.apache.hadoop.hdfs.server.datanode.fsdataset.FsVolumeSpi
2024-11-12 13:41:15,739 INFO  EvoClassLoader - Instrumenting class 'org.apache.hadoop.hdfs.server.datanode.fsdataset.FsVolumeSpi'.
2024-11-12 13:41:15,739 INFO  EvoClassLoader - Defined package (3): package org.apache.hadoop.hdfs.server.datanode.fsdataset, 340736770
2024-11-12 13:41:15,739 INFO  EvoClassLoader - Keeping class: org.apache.hadoop.hdfs.server.datanode.fsdataset.FsVolumeSpi
2024-11-12 13:41:15,739 INFO  EvoClassLoader - Seeing class for first time: org.apache.hadoop.hdfs.server.datanode.DataStorage
2024-11-12 13:41:15,739 INFO  EvoClassLoader - Instrumenting class 'org.apache.hadoop.hdfs.server.datanode.DataStorage'.
2024-11-12 13:41:15,739 INFO  MethodCallReplacementClassAdapter - Adding mock interface to class org/apache/hadoop/hdfs/server/datanode/DataStorage
2024-11-12 13:41:15,742 INFO  CreateClassResetClassAdapter - Found static initializer in class org/apache/hadoop/hdfs/server/datanode/DataStorage
2024-11-12 13:41:15,744 INFO  EvoClassLoader - Keeping class: org.apache.hadoop.hdfs.server.datanode.DataStorage
2024-11-12 13:41:15,744 INFO  EvoClassLoader - Seeing class for first time: org.apache.hadoop.hdfs.server.datanode.SecureDataNodeStarter$SecureResources
2024-11-12 13:41:15,744 INFO  EvoClassLoader - Instrumenting class 'org.apache.hadoop.hdfs.server.datanode.SecureDataNodeStarter$SecureResources'.
2024-11-12 13:41:15,744 INFO  MethodCallReplacementClassAdapter - Adding mock interface to class org/apache/hadoop/hdfs/server/datanode/SecureDataNodeStarter$SecureResources
2024-11-12 13:41:15,744 INFO  CreateClassResetClassAdapter - Creating brand-new static initializer in class org/apache/hadoop/hdfs/server/datanode/SecureDataNodeStarter$SecureResources
2024-11-12 13:41:15,744 INFO  EvoClassLoader - Keeping class: org.apache.hadoop.hdfs.server.datanode.SecureDataNodeStarter$SecureResources
2024-11-12 13:41:15,744 INFO  EvoClassLoader - Seeing class for first time: org.apache.hadoop.hdfs.server.datanode.DataXceiverServer
2024-11-12 13:41:15,744 INFO  EvoClassLoader - Instrumenting class 'org.apache.hadoop.hdfs.server.datanode.DataXceiverServer'.
2024-11-12 13:41:15,745 INFO  MethodCallReplacementClassAdapter - Adding mock interface to class org/apache/hadoop/hdfs/server/datanode/DataXceiverServer
2024-11-12 13:41:15,746 INFO  CreateClassResetClassAdapter - Found static initializer in class org/apache/hadoop/hdfs/server/datanode/DataXceiverServer
2024-11-12 13:41:15,747 INFO  EvoClassLoader - Keeping class: org.apache.hadoop.hdfs.server.datanode.DataXceiverServer
2024-11-12 13:41:15,747 INFO  EvoClassLoader - Seeing class for first time: org.apache.hadoop.hdfs.protocol.datatransfer.PipelineAck$ECN
2024-11-12 13:41:15,747 INFO  EvoClassLoader - Instrumenting class 'org.apache.hadoop.hdfs.protocol.datatransfer.PipelineAck$ECN'.
2024-11-12 13:41:15,747 INFO  MethodCallReplacementClassAdapter - Adding mock interface to class org/apache/hadoop/hdfs/protocol/datatransfer/PipelineAck$ECN
2024-11-12 13:41:15,747 INFO  CreateClassResetClassAdapter - Found static initializer in class org/apache/hadoop/hdfs/protocol/datatransfer/PipelineAck$ECN
2024-11-12 13:41:15,748 INFO  EvoClassLoader - Keeping class: org.apache.hadoop.hdfs.protocol.datatransfer.PipelineAck$ECN
2024-11-12 13:41:15,748 INFO  EvoClassLoader - Seeing class for first time: org.apache.hadoop.hdfs.server.datanode.FileIoProvider
2024-11-12 13:41:15,748 INFO  EvoClassLoader - Instrumenting class 'org.apache.hadoop.hdfs.server.datanode.FileIoProvider'.
2024-11-12 13:41:15,748 INFO  MethodCallReplacementClassAdapter - Adding mock interface to class org/apache/hadoop/hdfs/server/datanode/FileIoProvider
2024-11-12 13:41:15,750 INFO  CreateClassResetClassAdapter - Found static initializer in class org/apache/hadoop/hdfs/server/datanode/FileIoProvider
2024-11-12 13:41:15,750 INFO  EvoClassLoader - Keeping class: org.apache.hadoop.hdfs.server.datanode.FileIoProvider
2024-11-12 13:41:15,750 INFO  EvoClassLoader - Seeing class for first time: org.apache.hadoop.hdfs.server.datanode.DataNode$ChangedVolumes
2024-11-12 13:41:15,750 INFO  EvoClassLoader - Instrumenting class 'org.apache.hadoop.hdfs.server.datanode.DataNode$ChangedVolumes'.
2024-11-12 13:41:15,751 INFO  MethodCallReplacementClassAdapter - Adding mock interface to class org/apache/hadoop/hdfs/server/datanode/DataNode$ChangedVolumes
2024-11-12 13:41:15,751 INFO  CreateClassResetClassAdapter - Creating brand-new static initializer in class org/apache/hadoop/hdfs/server/datanode/DataNode$ChangedVolumes
2024-11-12 13:41:15,751 INFO  EvoClassLoader - Keeping class: org.apache.hadoop.hdfs.server.datanode.DataNode$ChangedVolumes
2024-11-12 13:41:15,751 INFO  EvoClassLoader - Seeing class for first time: org.apache.hadoop.hdfs.server.datanode.fsdataset.FsDatasetSpi
2024-11-12 13:41:15,751 INFO  EvoClassLoader - Instrumenting class 'org.apache.hadoop.hdfs.server.datanode.fsdataset.FsDatasetSpi'.
2024-11-12 13:41:15,751 INFO  EvoClassLoader - Seeing class for first time: org.apache.hadoop.hdfs.server.datanode.metrics.FSDatasetMBean
2024-11-12 13:41:15,751 INFO  EvoClassLoader - Instrumenting class 'org.apache.hadoop.hdfs.server.datanode.metrics.FSDatasetMBean'.
2024-11-12 13:41:15,752 INFO  EvoClassLoader - Keeping class: org.apache.hadoop.hdfs.server.datanode.metrics.FSDatasetMBean
2024-11-12 13:41:15,752 INFO  EvoClassLoader - Keeping class: org.apache.hadoop.hdfs.server.datanode.fsdataset.FsDatasetSpi
2024-11-12 13:41:15,752 INFO  EvoClassLoader - Seeing class for first time: org.apache.hadoop.hdfs.net.DomainPeerServer
2024-11-12 13:41:15,752 INFO  EvoClassLoader - Instrumenting class 'org.apache.hadoop.hdfs.net.DomainPeerServer'.
2024-11-12 13:41:15,752 INFO  MethodCallReplacementClassAdapter - Adding mock interface to class org/apache/hadoop/hdfs/net/DomainPeerServer
2024-11-12 13:41:15,752 INFO  CreateClassResetClassAdapter - Found static initializer in class org/apache/hadoop/hdfs/net/DomainPeerServer
2024-11-12 13:41:15,752 INFO  EvoClassLoader - Keeping class: org.apache.hadoop.hdfs.net.DomainPeerServer
2024-11-12 13:41:15,752 INFO  EvoClassLoader - Seeing class for first time: org.apache.hadoop.hdfs.server.datanode.BPOfferService
2024-11-12 13:41:15,752 INFO  EvoClassLoader - Instrumenting class 'org.apache.hadoop.hdfs.server.datanode.BPOfferService'.
2024-11-12 13:41:15,753 INFO  MethodCallReplacementClassAdapter - Adding mock interface to class org/apache/hadoop/hdfs/server/datanode/BPOfferService
2024-11-12 13:41:15,754 INFO  CreateClassResetClassAdapter - Found static initializer in class org/apache/hadoop/hdfs/server/datanode/BPOfferService
2024-11-12 13:41:15,754 INFO  EvoClassLoader - Keeping class: org.apache.hadoop.hdfs.server.datanode.BPOfferService
2024-11-12 13:41:15,754 INFO  EvoClassLoader - Seeing class for first time: org.apache.hadoop.hdfs.DFSUtilClient$CorruptedBlocks
2024-11-12 13:41:15,754 INFO  EvoClassLoader - Instrumenting class 'org.apache.hadoop.hdfs.DFSUtilClient$CorruptedBlocks'.
2024-11-12 13:41:15,755 INFO  MethodCallReplacementClassAdapter - Adding mock interface to class org/apache/hadoop/hdfs/DFSUtilClient$CorruptedBlocks
2024-11-12 13:41:15,755 INFO  CreateClassResetClassAdapter - Creating brand-new static initializer in class org/apache/hadoop/hdfs/DFSUtilClient$CorruptedBlocks
2024-11-12 13:41:15,755 INFO  EvoClassLoader - Keeping class: org.apache.hadoop.hdfs.DFSUtilClient$CorruptedBlocks
2024-11-12 13:41:15,755 INFO  EvoClassLoader - Seeing class for first time: org.apache.hadoop.hdfs.protocol.datatransfer.sasl.SaslDataTransferServer
2024-11-12 13:41:15,755 INFO  EvoClassLoader - Instrumenting class 'org.apache.hadoop.hdfs.protocol.datatransfer.sasl.SaslDataTransferServer'.
2024-11-12 13:41:15,756 INFO  MethodCallReplacementClassAdapter - Adding mock interface to class org/apache/hadoop/hdfs/protocol/datatransfer/sasl/SaslDataTransferServer
2024-11-12 13:41:15,756 INFO  CreateClassResetClassAdapter - Found static initializer in class org/apache/hadoop/hdfs/protocol/datatransfer/sasl/SaslDataTransferServer
2024-11-12 13:41:15,757 INFO  EvoClassLoader - Keeping class: org.apache.hadoop.hdfs.protocol.datatransfer.sasl.SaslDataTransferServer
2024-11-12 13:41:15,757 INFO  EvoClassLoader - Seeing class for first time: org.apache.hadoop.hdfs.protocolPB.DatanodeProtocolClientSideTranslatorPB
2024-11-12 13:41:15,757 INFO  EvoClassLoader - Instrumenting class 'org.apache.hadoop.hdfs.protocolPB.DatanodeProtocolClientSideTranslatorPB'.
2024-11-12 13:41:15,757 INFO  MethodCallReplacementClassAdapter - Adding mock interface to class org/apache/hadoop/hdfs/protocolPB/DatanodeProtocolClientSideTranslatorPB
2024-11-12 13:41:15,760 INFO  CreateClassResetClassAdapter - Found static initializer in class org/apache/hadoop/hdfs/protocolPB/DatanodeProtocolClientSideTranslatorPB
2024-11-12 13:41:15,761 INFO  EvoClassLoader - Defined package (3): package org.apache.hadoop.hdfs.protocolPB, 1845631516
2024-11-12 13:41:15,761 INFO  EvoClassLoader - Seeing class for first time: org.apache.hadoop.ipc.ProtocolMetaInterface
2024-11-12 13:41:15,761 INFO  EvoClassLoader - Instrumenting class 'org.apache.hadoop.ipc.ProtocolMetaInterface'.
2024-11-12 13:41:15,762 INFO  EvoClassLoader - Keeping class: org.apache.hadoop.ipc.ProtocolMetaInterface
2024-11-12 13:41:15,762 INFO  EvoClassLoader - Keeping class: org.apache.hadoop.hdfs.protocolPB.DatanodeProtocolClientSideTranslatorPB
2024-11-12 13:41:15,762 INFO  EvoClassLoader - Seeing class for first time: org.apache.hadoop.hdfs.protocolPB.DatanodeLifelineProtocolClientSideTranslatorPB
2024-11-12 13:41:15,762 INFO  EvoClassLoader - Instrumenting class 'org.apache.hadoop.hdfs.protocolPB.DatanodeLifelineProtocolClientSideTranslatorPB'.
2024-11-12 13:41:15,762 INFO  MethodCallReplacementClassAdapter - Adding mock interface to class org/apache/hadoop/hdfs/protocolPB/DatanodeLifelineProtocolClientSideTranslatorPB
2024-11-12 13:41:15,762 INFO  CreateClassResetClassAdapter - Found static initializer in class org/apache/hadoop/hdfs/protocolPB/DatanodeLifelineProtocolClientSideTranslatorPB
2024-11-12 13:41:15,762 INFO  EvoClassLoader - Keeping class: org.apache.hadoop.hdfs.protocolPB.DatanodeLifelineProtocolClientSideTranslatorPB
2024-11-12 13:41:15,762 INFO  EvoClassLoader - Seeing class for first time: org.apache.hadoop.hdfs.server.datanode.metrics.DataNodeDiskMetrics
2024-11-12 13:41:15,762 INFO  EvoClassLoader - Instrumenting class 'org.apache.hadoop.hdfs.server.datanode.metrics.DataNodeDiskMetrics'.
2024-11-12 13:41:15,763 INFO  MethodCallReplacementClassAdapter - Adding mock interface to class org/apache/hadoop/hdfs/server/datanode/metrics/DataNodeDiskMetrics
2024-11-12 13:41:15,763 INFO  CreateClassResetClassAdapter - Found static initializer in class org/apache/hadoop/hdfs/server/datanode/metrics/DataNodeDiskMetrics
2024-11-12 13:41:15,763 INFO  EvoClassLoader - Keeping class: org.apache.hadoop.hdfs.server.datanode.metrics.DataNodeDiskMetrics
2024-11-12 13:41:15,763 INFO  EvoClassLoader - Seeing class for first time: org.apache.hadoop.hdfs.server.datanode.metrics.DataNodePeerMetrics
2024-11-12 13:41:15,763 INFO  EvoClassLoader - Instrumenting class 'org.apache.hadoop.hdfs.server.datanode.metrics.DataNodePeerMetrics'.
2024-11-12 13:41:15,764 INFO  MethodCallReplacementClassAdapter - Adding mock interface to class org/apache/hadoop/hdfs/server/datanode/metrics/DataNodePeerMetrics
2024-11-12 13:41:15,764 INFO  CreateClassResetClassAdapter - Found static initializer in class org/apache/hadoop/hdfs/server/datanode/metrics/DataNodePeerMetrics
2024-11-12 13:41:15,764 INFO  EvoClassLoader - Keeping class: org.apache.hadoop.hdfs.server.datanode.metrics.DataNodePeerMetrics
2024-11-12 13:41:15,764 INFO  EvoClassLoader - Seeing class for first time: org.apache.hadoop.hdfs.server.datanode.BlockScanner
2024-11-12 13:41:15,764 INFO  EvoClassLoader - Instrumenting class 'org.apache.hadoop.hdfs.server.datanode.BlockScanner'.
2024-11-12 13:41:15,765 INFO  MethodCallReplacementClassAdapter - Adding mock interface to class org/apache/hadoop/hdfs/server/datanode/BlockScanner
2024-11-12 13:41:15,765 INFO  CreateClassResetClassAdapter - Found static initializer in class org/apache/hadoop/hdfs/server/datanode/BlockScanner
2024-11-12 13:41:15,765 INFO  EvoClassLoader - Keeping class: org.apache.hadoop.hdfs.server.datanode.BlockScanner
2024-11-12 13:41:15,765 INFO  EvoClassLoader - Seeing class for first time: org.apache.hadoop.hdfs.server.protocol.ReplicaRecoveryInfo
2024-11-12 13:41:15,765 INFO  EvoClassLoader - Instrumenting class 'org.apache.hadoop.hdfs.server.protocol.ReplicaRecoveryInfo'.
2024-11-12 13:41:15,765 INFO  MethodCallReplacementClassAdapter - Adding mock interface to class org/apache/hadoop/hdfs/server/protocol/ReplicaRecoveryInfo
2024-11-12 13:41:15,765 INFO  CreateClassResetClassAdapter - Creating brand-new static initializer in class org/apache/hadoop/hdfs/server/protocol/ReplicaRecoveryInfo
2024-11-12 13:41:15,766 INFO  EvoClassLoader - Keeping class: org.apache.hadoop.hdfs.server.protocol.ReplicaRecoveryInfo
2024-11-12 13:41:15,766 INFO  EvoClassLoader - Seeing class for first time: org.apache.hadoop.hdfs.server.datanode.DiskBalancer
2024-11-12 13:41:15,766 INFO  EvoClassLoader - Instrumenting class 'org.apache.hadoop.hdfs.server.datanode.DiskBalancer'.
2024-11-12 13:41:15,766 INFO  MethodCallReplacementClassAdapter - Adding mock interface to class org/apache/hadoop/hdfs/server/datanode/DiskBalancer
2024-11-12 13:41:15,766 INFO  CreateClassResetClassAdapter - Found static initializer in class org/apache/hadoop/hdfs/server/datanode/DiskBalancer
2024-11-12 13:41:15,767 INFO  EvoClassLoader - Keeping class: org.apache.hadoop.hdfs.server.datanode.DiskBalancer
2024-11-12 13:41:15,767 INFO  EvoClassLoader - Seeing class for first time: org.apache.hadoop.hdfs.server.datanode.ShortCircuitRegistry
2024-11-12 13:41:15,767 INFO  EvoClassLoader - Instrumenting class 'org.apache.hadoop.hdfs.server.datanode.ShortCircuitRegistry'.
2024-11-12 13:41:15,768 INFO  MethodCallReplacementClassAdapter - Adding mock interface to class org/apache/hadoop/hdfs/server/datanode/ShortCircuitRegistry
2024-11-12 13:41:15,768 INFO  CreateClassResetClassAdapter - Found static initializer in class org/apache/hadoop/hdfs/server/datanode/ShortCircuitRegistry
2024-11-12 13:41:15,769 INFO  EvoClassLoader - Keeping class: org.apache.hadoop.hdfs.server.datanode.ShortCircuitRegistry
2024-11-12 13:41:15,769 INFO  EvoClassLoader - Seeing class for first time: org.apache.hadoop.hdfs.util.DataTransferThrottler
2024-11-12 13:41:15,769 INFO  EvoClassLoader - Instrumenting class 'org.apache.hadoop.hdfs.util.DataTransferThrottler'.
2024-11-12 13:41:15,769 INFO  MethodCallReplacementClassAdapter - Adding mock interface to class org/apache/hadoop/hdfs/util/DataTransferThrottler
2024-11-12 13:41:15,770 INFO  CreateClassResetClassAdapter - Creating brand-new static initializer in class org/apache/hadoop/hdfs/util/DataTransferThrottler
2024-11-12 13:41:15,770 INFO  EvoClassLoader - Keeping class: org.apache.hadoop.hdfs.util.DataTransferThrottler
2024-11-12 13:41:15,770 INFO  EvoClassLoader - Seeing class for first time: org.apache.hadoop.hdfs.server.datanode.BlockRecoveryWorker
2024-11-12 13:41:15,770 INFO  EvoClassLoader - Instrumenting class 'org.apache.hadoop.hdfs.server.datanode.BlockRecoveryWorker'.
2024-11-12 13:41:15,770 INFO  MethodCallReplacementClassAdapter - Adding mock interface to class org/apache/hadoop/hdfs/server/datanode/BlockRecoveryWorker
2024-11-12 13:41:15,771 INFO  CreateClassResetClassAdapter - Found static initializer in class org/apache/hadoop/hdfs/server/datanode/BlockRecoveryWorker
2024-11-12 13:41:15,771 INFO  EvoClassLoader - Keeping class: org.apache.hadoop.hdfs.server.datanode.BlockRecoveryWorker
2024-11-12 13:41:15,771 INFO  EvoClassLoader - Seeing class for first time: org.apache.hadoop.hdfs.server.datanode.erasurecode.ErasureCodingWorker
2024-11-12 13:41:15,771 INFO  EvoClassLoader - Instrumenting class 'org.apache.hadoop.hdfs.server.datanode.erasurecode.ErasureCodingWorker'.
2024-11-12 13:41:15,771 INFO  MethodCallReplacementClassAdapter - Adding mock interface to class org/apache/hadoop/hdfs/server/datanode/erasurecode/ErasureCodingWorker
2024-11-12 13:41:15,772 INFO  CreateClassResetClassAdapter - Found static initializer in class org/apache/hadoop/hdfs/server/datanode/erasurecode/ErasureCodingWorker
2024-11-12 13:41:15,772 INFO  EvoClassLoader - Defined package (3): package org.apache.hadoop.hdfs.server.datanode.erasurecode, -1771528435
2024-11-12 13:41:15,772 INFO  EvoClassLoader - Keeping class: org.apache.hadoop.hdfs.server.datanode.erasurecode.ErasureCodingWorker
2024-11-12 13:41:15,772 INFO  EvoClassLoader - Seeing class for first time: org.apache.hadoop.hdfs.protocol.proto.DataTransferProtos$Status
2024-11-12 13:41:15,772 INFO  EvoClassLoader - Instrumenting class 'org.apache.hadoop.hdfs.protocol.proto.DataTransferProtos$Status'.
2024-11-12 13:41:15,772 INFO  MethodCallReplacementClassAdapter - Adding mock interface to class org/apache/hadoop/hdfs/protocol/proto/DataTransferProtos$Status
2024-11-12 13:41:15,772 INFO  CreateClassResetClassAdapter - Found static initializer in class org/apache/hadoop/hdfs/protocol/proto/DataTransferProtos$Status
2024-11-12 13:41:15,773 INFO  EvoClassLoader - Keeping class: org.apache.hadoop.hdfs.protocol.proto.DataTransferProtos$Status
2024-11-12 13:41:15,773 INFO  EvoClassLoader - Seeing class for first time: org.apache.hadoop.util.GenericOptionsParser
2024-11-12 13:41:15,773 INFO  EvoClassLoader - Instrumenting class 'org.apache.hadoop.util.GenericOptionsParser'.
2024-11-12 13:41:15,773 INFO  MethodCallReplacementClassAdapter - Adding mock interface to class org/apache/hadoop/util/GenericOptionsParser
2024-11-12 13:41:15,774 INFO  CreateClassResetClassAdapter - Found static initializer in class org/apache/hadoop/util/GenericOptionsParser
2024-11-12 13:41:15,774 INFO  EvoClassLoader - Keeping class: org.apache.hadoop.util.GenericOptionsParser
2024-11-12 13:41:15,775 INFO  EvoClassLoader - Seeing class for first time: org.apache.commons.cli.OptionBuilder
2024-11-12 13:41:15,775 INFO  EvoClassLoader - Instrumenting class 'org.apache.commons.cli.OptionBuilder'.
2024-11-12 13:41:15,775 INFO  MethodCallReplacementClassAdapter - Adding mock interface to class org/apache/commons/cli/OptionBuilder
2024-11-12 13:41:15,775 INFO  CreateClassResetClassAdapter - Found static initializer in class org/apache/commons/cli/OptionBuilder
2024-11-12 13:41:15,775 INFO  EvoClassLoader - Keeping class: org.apache.commons.cli.OptionBuilder
2024-11-12 13:41:15,775 INFO  EvoClassLoader - Seeing class for first time: org.apache.commons.cli.Parser
2024-11-12 13:41:15,775 INFO  EvoClassLoader - Instrumenting class 'org.apache.commons.cli.Parser'.
2024-11-12 13:41:15,775 INFO  MethodCallReplacementClassAdapter - Adding mock interface to class org/apache/commons/cli/Parser
2024-11-12 13:41:15,776 INFO  CreateClassResetClassAdapter - Creating brand-new static initializer in class org/apache/commons/cli/Parser
2024-11-12 13:41:15,776 INFO  EvoClassLoader - Keeping class: org.apache.commons.cli.Parser
2024-11-12 13:41:15,776 INFO  EvoClassLoader - Seeing class for first time: org.apache.commons.cli.MissingOptionException
2024-11-12 13:41:15,776 INFO  EvoClassLoader - Instrumenting class 'org.apache.commons.cli.MissingOptionException'.
2024-11-12 13:41:15,776 INFO  MethodCallReplacementClassAdapter - Adding mock interface to class org/apache/commons/cli/MissingOptionException
2024-11-12 13:41:15,776 INFO  CreateClassResetClassAdapter - Creating brand-new static initializer in class org/apache/commons/cli/MissingOptionException
2024-11-12 13:41:15,776 INFO  EvoClassLoader - Keeping class: org.apache.commons.cli.MissingOptionException
2024-11-12 13:41:15,776 INFO  EvoClassLoader - Seeing class for first time: org.apache.commons.cli.MissingArgumentException
2024-11-12 13:41:15,776 INFO  EvoClassLoader - Instrumenting class 'org.apache.commons.cli.MissingArgumentException'.
2024-11-12 13:41:15,776 INFO  MethodCallReplacementClassAdapter - Adding mock interface to class org/apache/commons/cli/MissingArgumentException
2024-11-12 13:41:15,776 INFO  CreateClassResetClassAdapter - Creating brand-new static initializer in class org/apache/commons/cli/MissingArgumentException
2024-11-12 13:41:15,776 INFO  EvoClassLoader - Keeping class: org.apache.commons.cli.MissingArgumentException
2024-11-12 13:41:15,776 INFO  EvoClassLoader - Seeing class for first time: org.apache.commons.cli.UnrecognizedOptionException
2024-11-12 13:41:15,776 INFO  EvoClassLoader - Instrumenting class 'org.apache.commons.cli.UnrecognizedOptionException'.
2024-11-12 13:41:15,776 INFO  MethodCallReplacementClassAdapter - Adding mock interface to class org/apache/commons/cli/UnrecognizedOptionException
2024-11-12 13:41:15,776 INFO  CreateClassResetClassAdapter - Creating brand-new static initializer in class org/apache/commons/cli/UnrecognizedOptionException
2024-11-12 13:41:15,776 INFO  EvoClassLoader - Keeping class: org.apache.commons.cli.UnrecognizedOptionException
2024-11-12 13:41:15,777 INFO  EvoClassLoader - Seeing class for first time: org.apache.commons.cli.GnuParser
2024-11-12 13:41:15,777 INFO  EvoClassLoader - Instrumenting class 'org.apache.commons.cli.GnuParser'.
2024-11-12 13:41:15,777 INFO  MethodCallReplacementClassAdapter - Adding mock interface to class org/apache/commons/cli/GnuParser
2024-11-12 13:41:15,777 INFO  CreateClassResetClassAdapter - Creating brand-new static initializer in class org/apache/commons/cli/GnuParser
2024-11-12 13:41:15,777 INFO  EvoClassLoader - Keeping class: org.apache.commons.cli.GnuParser
2024-11-12 13:41:15,777 INFO  EvoClassLoader - Seeing class for first time: org.apache.commons.cli.Util
2024-11-12 13:41:15,777 INFO  EvoClassLoader - Instrumenting class 'org.apache.commons.cli.Util'.
2024-11-12 13:41:15,777 INFO  MethodCallReplacementClassAdapter - Adding mock interface to class org/apache/commons/cli/Util
2024-11-12 13:41:15,777 INFO  CreateClassResetClassAdapter - Creating brand-new static initializer in class org/apache/commons/cli/Util
2024-11-12 13:41:15,777 INFO  EvoClassLoader - Keeping class: org.apache.commons.cli.Util
2024-11-12 13:41:15,777 INFO  EvoClassLoader - Seeing class for first time: org.apache.hadoop.fs.FileSystemTestHelper$MockFileSystem
2024-11-12 13:41:15,777 INFO  EvoClassLoader - Instrumenting class 'org.apache.hadoop.fs.FileSystemTestHelper$MockFileSystem'.
2024-11-12 13:41:15,777 INFO  MethodCallReplacementClassAdapter - Adding mock interface to class org/apache/hadoop/fs/FileSystemTestHelper$MockFileSystem
2024-11-12 13:41:15,778 INFO  CreateClassResetClassAdapter - Creating brand-new static initializer in class org/apache/hadoop/fs/FileSystemTestHelper$MockFileSystem
2024-11-12 13:41:15,778 INFO  EvoClassLoader - Keeping class: org.apache.hadoop.fs.FileSystemTestHelper$MockFileSystem
2024-11-12 13:41:15,778 INFO  EvoClassLoader - Seeing class for first time: org.apache.hadoop.fs.FileSystemTestHelper
2024-11-12 13:41:15,778 INFO  EvoClassLoader - Instrumenting class 'org.apache.hadoop.fs.FileSystemTestHelper'.
2024-11-12 13:41:15,778 INFO  MethodCallReplacementClassAdapter - Adding mock interface to class org/apache/hadoop/fs/FileSystemTestHelper
2024-11-12 13:41:15,778 INFO  CreateClassResetClassAdapter - Creating brand-new static initializer in class org/apache/hadoop/fs/FileSystemTestHelper
2024-11-12 13:41:15,778 INFO  CreateClassResetClassAdapter - Adding bytecode for initializing field DEFAULT_BLOCK_SIZE
2024-11-12 13:41:15,778 INFO  CreateClassResetClassAdapter - Adding bytecode for initializing field DEFAULT_NUM_BLOCKS
2024-11-12 13:41:15,778 INFO  CreateClassResetClassAdapter - Adding bytecode for initializing field DEFAULT_NUM_REPL
2024-11-12 13:41:15,778 INFO  EvoClassLoader - Keeping class: org.apache.hadoop.fs.FileSystemTestHelper
2024-11-12 13:41:15,778 INFO  EvoClassLoader - Seeing class for first time: org.mockito.ArgumentMatchers
2024-11-12 13:41:15,778 INFO  EvoClassLoader - Instrumenting class 'org.mockito.ArgumentMatchers'.
2024-11-12 13:41:15,779 INFO  MethodCallReplacementClassAdapter - Adding mock interface to class org/mockito/ArgumentMatchers
2024-11-12 13:41:15,779 INFO  CreateClassResetClassAdapter - Creating brand-new static initializer in class org/mockito/ArgumentMatchers
2024-11-12 13:41:15,779 INFO  EvoClassLoader - Defined package (3): package org.mockito, -218950192
2024-11-12 13:41:15,779 INFO  EvoClassLoader - Keeping class: org.mockito.ArgumentMatchers
2024-11-12 13:41:15,779 INFO  EvoClassLoader - Seeing class for first time: org.mockito.ArgumentMatcher
2024-11-12 13:41:15,779 INFO  EvoClassLoader - Instrumenting class 'org.mockito.ArgumentMatcher'.
2024-11-12 13:41:15,779 INFO  EvoClassLoader - Keeping class: org.mockito.ArgumentMatcher
2024-11-12 13:41:15,779 INFO  EvoClassLoader - Seeing class for first time: org.mockito.internal.MockitoCore
2024-11-12 13:41:15,779 INFO  EvoClassLoader - Instrumenting class 'org.mockito.internal.MockitoCore'.
2024-11-12 13:41:15,780 INFO  MethodCallReplacementClassAdapter - Adding mock interface to class org/mockito/internal/MockitoCore
2024-11-12 13:41:15,780 INFO  CreateClassResetClassAdapter - Creating brand-new static initializer in class org/mockito/internal/MockitoCore
2024-11-12 13:41:15,780 INFO  EvoClassLoader - Defined package (3): package org.mockito.internal, -156488421
2024-11-12 13:41:15,780 INFO  EvoClassLoader - Keeping class: org.mockito.internal.MockitoCore
2024-11-12 13:41:15,780 INFO  EvoClassLoader - Seeing class for first time: org.mockito.stubbing.LenientStubber
2024-11-12 13:41:15,780 INFO  EvoClassLoader - Instrumenting class 'org.mockito.stubbing.LenientStubber'.
2024-11-12 13:41:15,780 INFO  EvoClassLoader - Defined package (3): package org.mockito.stubbing, 1147178060
2024-11-12 13:41:15,780 INFO  EvoClassLoader - Seeing class for first time: org.mockito.stubbing.BaseStubber
2024-11-12 13:41:15,780 INFO  EvoClassLoader - Instrumenting class 'org.mockito.stubbing.BaseStubber'.
2024-11-12 13:41:15,781 INFO  EvoClassLoader - Keeping class: org.mockito.stubbing.BaseStubber
2024-11-12 13:41:15,781 INFO  EvoClassLoader - Keeping class: org.mockito.stubbing.LenientStubber
2024-11-12 13:41:15,781 INFO  EvoClassLoader - Seeing class for first time: org.mockito.exceptions.base.MockitoException
2024-11-12 13:41:15,781 INFO  EvoClassLoader - Instrumenting class 'org.mockito.exceptions.base.MockitoException'.
2024-11-12 13:41:15,781 INFO  MethodCallReplacementClassAdapter - Adding mock interface to class org/mockito/exceptions/base/MockitoException
2024-11-12 13:41:15,781 INFO  CreateClassResetClassAdapter - Creating brand-new static initializer in class org/mockito/exceptions/base/MockitoException
2024-11-12 13:41:15,781 INFO  EvoClassLoader - Defined package (3): package org.mockito.exceptions.base, 2039938141
2024-11-12 13:41:15,781 INFO  EvoClassLoader - Keeping class: org.mockito.exceptions.base.MockitoException
2024-11-12 13:41:15,781 INFO  EvoClassLoader - Seeing class for first time: org.mockito.verification.VerificationMode
2024-11-12 13:41:15,781 INFO  EvoClassLoader - Instrumenting class 'org.mockito.verification.VerificationMode'.
2024-11-12 13:41:15,781 INFO  EvoClassLoader - Defined package (3): package org.mockito.verification, -390341255
2024-11-12 13:41:15,781 INFO  EvoClassLoader - Keeping class: org.mockito.verification.VerificationMode
2024-11-12 13:41:15,781 INFO  EvoClassLoader - Seeing class for first time: org.mockito.InOrder
2024-11-12 13:41:15,781 INFO  EvoClassLoader - Instrumenting class 'org.mockito.InOrder'.
2024-11-12 13:41:15,781 INFO  EvoClassLoader - Keeping class: org.mockito.InOrder
2024-11-12 13:41:15,781 INFO  EvoClassLoader - Seeing class for first time: org.mockito.MockingDetails
2024-11-12 13:41:15,781 INFO  EvoClassLoader - Instrumenting class 'org.mockito.MockingDetails'.
2024-11-12 13:41:15,782 INFO  EvoClassLoader - Keeping class: org.mockito.MockingDetails
2024-11-12 13:41:15,782 INFO  EvoClassLoader - Seeing class for first time: org.mockito.exceptions.misusing.NotAMockException
2024-11-12 13:41:15,782 INFO  EvoClassLoader - Instrumenting class 'org.mockito.exceptions.misusing.NotAMockException'.
2024-11-12 13:41:15,782 INFO  MethodCallReplacementClassAdapter - Adding mock interface to class org/mockito/exceptions/misusing/NotAMockException
2024-11-12 13:41:15,782 INFO  CreateClassResetClassAdapter - Creating brand-new static initializer in class org/mockito/exceptions/misusing/NotAMockException
2024-11-12 13:41:15,782 INFO  EvoClassLoader - Defined package (3): package org.mockito.exceptions.misusing, -1043487719
2024-11-12 13:41:15,782 INFO  EvoClassLoader - Keeping class: org.mockito.exceptions.misusing.NotAMockException
2024-11-12 13:41:15,782 INFO  EvoClassLoader - Seeing class for first time: org.mockito.internal.verification.api.VerificationData
2024-11-12 13:41:15,782 INFO  EvoClassLoader - Instrumenting class 'org.mockito.internal.verification.api.VerificationData'.
2024-11-12 13:41:15,782 INFO  EvoClassLoader - Defined package (3): package org.mockito.internal.verification.api, -1145445318
2024-11-12 13:41:15,782 INFO  EvoClassLoader - Keeping class: org.mockito.internal.verification.api.VerificationData
2024-11-12 13:41:15,782 INFO  EvoClassLoader - Seeing class for first time: org.mockito.stubbing.Stubber
2024-11-12 13:41:15,782 INFO  EvoClassLoader - Instrumenting class 'org.mockito.stubbing.Stubber'.
2024-11-12 13:41:15,782 INFO  EvoClassLoader - Keeping class: org.mockito.stubbing.Stubber
2024-11-12 13:41:15,782 INFO  EvoClassLoader - Seeing class for first time: org.mockito.internal.verification.api.VerificationDataInOrder
2024-11-12 13:41:15,782 INFO  EvoClassLoader - Instrumenting class 'org.mockito.internal.verification.api.VerificationDataInOrder'.
2024-11-12 13:41:15,783 INFO  EvoClassLoader - Keeping class: org.mockito.internal.verification.api.VerificationDataInOrder
2024-11-12 13:41:15,783 INFO  EvoClassLoader - Seeing class for first time: org.mockito.MockSettings
2024-11-12 13:41:15,783 INFO  EvoClassLoader - Instrumenting class 'org.mockito.MockSettings'.
2024-11-12 13:41:15,783 INFO  EvoClassLoader - Keeping class: org.mockito.MockSettings
2024-11-12 13:41:15,783 INFO  EvoClassLoader - Seeing class for first time: org.mockito.stubbing.OngoingStubbing
2024-11-12 13:41:15,783 INFO  EvoClassLoader - Instrumenting class 'org.mockito.stubbing.OngoingStubbing'.
2024-11-12 13:41:15,783 INFO  EvoClassLoader - Keeping class: org.mockito.stubbing.OngoingStubbing
2024-11-12 13:41:15,783 INFO  EvoClassLoader - Seeing class for first time: org.mockito.quality.Strictness
2024-11-12 13:41:15,783 INFO  EvoClassLoader - Instrumenting class 'org.mockito.quality.Strictness'.
2024-11-12 13:41:15,783 INFO  MethodCallReplacementClassAdapter - Adding mock interface to class org/mockito/quality/Strictness
2024-11-12 13:41:15,783 INFO  CreateClassResetClassAdapter - Found static initializer in class org/mockito/quality/Strictness
2024-11-12 13:41:15,783 INFO  EvoClassLoader - Defined package (3): package org.mockito.quality, 904861409
2024-11-12 13:41:15,783 INFO  EvoClassLoader - Keeping class: org.mockito.quality.Strictness
2024-11-12 13:41:15,783 INFO  EvoClassLoader - Seeing class for first time: org.mockito.internal.verification.api.InOrderContext
2024-11-12 13:41:15,783 INFO  EvoClassLoader - Instrumenting class 'org.mockito.internal.verification.api.InOrderContext'.
2024-11-12 13:41:15,784 INFO  EvoClassLoader - Keeping class: org.mockito.internal.verification.api.InOrderContext
2024-11-12 13:41:15,784 INFO  EvoClassLoader - Seeing class for first time: org.mockito.invocation.Invocation
2024-11-12 13:41:15,784 INFO  EvoClassLoader - Instrumenting class 'org.mockito.invocation.Invocation'.
2024-11-12 13:41:15,784 INFO  EvoClassLoader - Defined package (3): package org.mockito.invocation, -1026637970
2024-11-12 13:41:15,784 INFO  EvoClassLoader - Seeing class for first time: org.mockito.invocation.InvocationOnMock
2024-11-12 13:41:15,784 INFO  EvoClassLoader - Instrumenting class 'org.mockito.invocation.InvocationOnMock'.
2024-11-12 13:41:15,784 INFO  EvoClassLoader - Keeping class: org.mockito.invocation.InvocationOnMock
2024-11-12 13:41:15,784 INFO  EvoClassLoader - Seeing class for first time: org.mockito.invocation.DescribedInvocation
2024-11-12 13:41:15,784 INFO  EvoClassLoader - Instrumenting class 'org.mockito.invocation.DescribedInvocation'.
2024-11-12 13:41:15,784 INFO  EvoClassLoader - Keeping class: org.mockito.invocation.DescribedInvocation
2024-11-12 13:41:15,784 INFO  EvoClassLoader - Keeping class: org.mockito.invocation.Invocation
2024-11-12 13:41:15,784 INFO  EvoClassLoader - Seeing class for first time: org.mockito.internal.stubbing.defaultanswers.GloballyConfiguredAnswer
2024-11-12 13:41:15,784 INFO  EvoClassLoader - Instrumenting class 'org.mockito.internal.stubbing.defaultanswers.GloballyConfiguredAnswer'.
2024-11-12 13:41:15,784 INFO  MethodCallReplacementClassAdapter - Adding mock interface to class org/mockito/internal/stubbing/defaultanswers/GloballyConfiguredAnswer
2024-11-12 13:41:15,784 INFO  CreateClassResetClassAdapter - Creating brand-new static initializer in class org/mockito/internal/stubbing/defaultanswers/GloballyConfiguredAnswer
2024-11-12 13:41:15,784 INFO  EvoClassLoader - Defined package (3): package org.mockito.internal.stubbing.defaultanswers, -315287743
2024-11-12 13:41:15,784 INFO  EvoClassLoader - Seeing class for first time: org.mockito.stubbing.Answer
2024-11-12 13:41:15,784 INFO  EvoClassLoader - Instrumenting class 'org.mockito.stubbing.Answer'.
2024-11-12 13:41:15,784 INFO  EvoClassLoader - Keeping class: org.mockito.stubbing.Answer
2024-11-12 13:41:15,785 INFO  EvoClassLoader - Keeping class: org.mockito.internal.stubbing.defaultanswers.GloballyConfiguredAnswer
2024-11-12 13:41:15,785 INFO  EvoClassLoader - Seeing class for first time: org.mockito.internal.stubbing.defaultanswers.ReturnsSmartNulls
2024-11-12 13:41:15,785 INFO  EvoClassLoader - Instrumenting class 'org.mockito.internal.stubbing.defaultanswers.ReturnsSmartNulls'.
2024-11-12 13:41:15,785 INFO  MethodCallReplacementClassAdapter - Adding mock interface to class org/mockito/internal/stubbing/defaultanswers/ReturnsSmartNulls
2024-11-12 13:41:15,785 INFO  CreateClassResetClassAdapter - Creating brand-new static initializer in class org/mockito/internal/stubbing/defaultanswers/ReturnsSmartNulls
2024-11-12 13:41:15,785 INFO  EvoClassLoader - Keeping class: org.mockito.internal.stubbing.defaultanswers.ReturnsSmartNulls
2024-11-12 13:41:15,785 INFO  EvoClassLoader - Seeing class for first time: org.mockito.internal.stubbing.defaultanswers.RetrieveGenericsForDefaultAnswers$AnswerCallback
2024-11-12 13:41:15,785 INFO  EvoClassLoader - Instrumenting class 'org.mockito.internal.stubbing.defaultanswers.RetrieveGenericsForDefaultAnswers$AnswerCallback'.
2024-11-12 13:41:15,785 INFO  EvoClassLoader - Keeping class: org.mockito.internal.stubbing.defaultanswers.RetrieveGenericsForDefaultAnswers$AnswerCallback
2024-11-12 13:41:15,785 INFO  EvoClassLoader - Seeing class for first time: org.mockito.internal.stubbing.defaultanswers.ReturnsMoreEmptyValues
2024-11-12 13:41:15,785 INFO  EvoClassLoader - Instrumenting class 'org.mockito.internal.stubbing.defaultanswers.ReturnsMoreEmptyValues'.
2024-11-12 13:41:15,785 INFO  MethodCallReplacementClassAdapter - Adding mock interface to class org/mockito/internal/stubbing/defaultanswers/ReturnsMoreEmptyValues
2024-11-12 13:41:15,785 INFO  CreateClassResetClassAdapter - Creating brand-new static initializer in class org/mockito/internal/stubbing/defaultanswers/ReturnsMoreEmptyValues
2024-11-12 13:41:15,785 INFO  EvoClassLoader - Keeping class: org.mockito.internal.stubbing.defaultanswers.ReturnsMoreEmptyValues
2024-11-12 13:41:15,785 INFO  EvoClassLoader - Seeing class for first time: org.mockito.internal.stubbing.defaultanswers.ReturnsEmptyValues
2024-11-12 13:41:15,785 INFO  EvoClassLoader - Instrumenting class 'org.mockito.internal.stubbing.defaultanswers.ReturnsEmptyValues'.
2024-11-12 13:41:15,786 INFO  MethodCallReplacementClassAdapter - Adding mock interface to class org/mockito/internal/stubbing/defaultanswers/ReturnsEmptyValues
2024-11-12 13:41:15,786 INFO  CreateClassResetClassAdapter - Creating brand-new static initializer in class org/mockito/internal/stubbing/defaultanswers/ReturnsEmptyValues
2024-11-12 13:41:15,786 INFO  EvoClassLoader - Keeping class: org.mockito.internal.stubbing.defaultanswers.ReturnsEmptyValues
2024-11-12 13:41:15,786 INFO  EvoClassLoader - Seeing class for first time: org.mockito.internal.stubbing.defaultanswers.ReturnsMocks
2024-11-12 13:41:15,786 INFO  EvoClassLoader - Instrumenting class 'org.mockito.internal.stubbing.defaultanswers.ReturnsMocks'.
2024-11-12 13:41:15,786 INFO  MethodCallReplacementClassAdapter - Adding mock interface to class org/mockito/internal/stubbing/defaultanswers/ReturnsMocks
2024-11-12 13:41:15,786 INFO  CreateClassResetClassAdapter - Creating brand-new static initializer in class org/mockito/internal/stubbing/defaultanswers/ReturnsMocks
2024-11-12 13:41:15,786 INFO  EvoClassLoader - Keeping class: org.mockito.internal.stubbing.defaultanswers.ReturnsMocks
2024-11-12 13:41:15,786 INFO  EvoClassLoader - Seeing class for first time: org.mockito.internal.stubbing.defaultanswers.ReturnsDeepStubs
2024-11-12 13:41:15,786 INFO  EvoClassLoader - Instrumenting class 'org.mockito.internal.stubbing.defaultanswers.ReturnsDeepStubs'.
2024-11-12 13:41:15,786 INFO  MethodCallReplacementClassAdapter - Adding mock interface to class org/mockito/internal/stubbing/defaultanswers/ReturnsDeepStubs
2024-11-12 13:41:15,786 INFO  CreateClassResetClassAdapter - Creating brand-new static initializer in class org/mockito/internal/stubbing/defaultanswers/ReturnsDeepStubs
2024-11-12 13:41:15,787 INFO  EvoClassLoader - Keeping class: org.mockito.internal.stubbing.defaultanswers.ReturnsDeepStubs
2024-11-12 13:41:15,787 INFO  EvoClassLoader - Seeing class for first time: org.mockito.internal.stubbing.defaultanswers.ReturnsDeepStubs$ReturnsDeepStubsSerializationFallback
2024-11-12 13:41:15,787 INFO  EvoClassLoader - Instrumenting class 'org.mockito.internal.stubbing.defaultanswers.ReturnsDeepStubs$ReturnsDeepStubsSerializationFallback'.
2024-11-12 13:41:15,787 INFO  MethodCallReplacementClassAdapter - Adding mock interface to class org/mockito/internal/stubbing/defaultanswers/ReturnsDeepStubs$ReturnsDeepStubsSerializationFallback
2024-11-12 13:41:15,787 INFO  CreateClassResetClassAdapter - Creating brand-new static initializer in class org/mockito/internal/stubbing/defaultanswers/ReturnsDeepStubs$ReturnsDeepStubsSerializationFallback
2024-11-12 13:41:15,787 INFO  EvoClassLoader - Keeping class: org.mockito.internal.stubbing.defaultanswers.ReturnsDeepStubs$ReturnsDeepStubsSerializationFallback
2024-11-12 13:41:15,787 INFO  EvoClassLoader - Seeing class for first time: org.mockito.internal.util.reflection.GenericMetadataSupport
2024-11-12 13:41:15,787 INFO  EvoClassLoader - Instrumenting class 'org.mockito.internal.util.reflection.GenericMetadataSupport'.
2024-11-12 13:41:15,787 INFO  MethodCallReplacementClassAdapter - Adding mock interface to class org/mockito/internal/util/reflection/GenericMetadataSupport
2024-11-12 13:41:15,787 INFO  CreateClassResetClassAdapter - Creating brand-new static initializer in class org/mockito/internal/util/reflection/GenericMetadataSupport
2024-11-12 13:41:15,787 INFO  EvoClassLoader - Defined package (3): package org.mockito.internal.util.reflection, -252650812
2024-11-12 13:41:15,788 INFO  EvoClassLoader - Keeping class: org.mockito.internal.util.reflection.GenericMetadataSupport
2024-11-12 13:41:15,788 INFO  EvoClassLoader - Seeing class for first time: org.mockito.internal.stubbing.InvocationContainerImpl
2024-11-12 13:41:15,788 INFO  EvoClassLoader - Instrumenting class 'org.mockito.internal.stubbing.InvocationContainerImpl'.
2024-11-12 13:41:15,788 INFO  MethodCallReplacementClassAdapter - Adding mock interface to class org/mockito/internal/stubbing/InvocationContainerImpl
2024-11-12 13:41:15,789 INFO  CreateClassResetClassAdapter - Found static initializer in class org/mockito/internal/stubbing/InvocationContainerImpl
2024-11-12 13:41:15,789 INFO  EvoClassLoader - Defined package (3): package org.mockito.internal.stubbing, -1955235487
2024-11-12 13:41:15,789 INFO  EvoClassLoader - Seeing class for first time: org.mockito.invocation.InvocationContainer
2024-11-12 13:41:15,789 INFO  EvoClassLoader - Instrumenting class 'org.mockito.invocation.InvocationContainer'.
2024-11-12 13:41:15,790 INFO  EvoClassLoader - Keeping class: org.mockito.invocation.InvocationContainer
2024-11-12 13:41:15,790 INFO  EvoClassLoader - Keeping class: org.mockito.internal.stubbing.InvocationContainerImpl
2024-11-12 13:41:15,790 INFO  EvoClassLoader - Seeing class for first time: org.mockito.internal.stubbing.StubbedInvocationMatcher
2024-11-12 13:41:15,790 INFO  EvoClassLoader - Instrumenting class 'org.mockito.internal.stubbing.StubbedInvocationMatcher'.
2024-11-12 13:41:15,790 INFO  MethodCallReplacementClassAdapter - Adding mock interface to class org/mockito/internal/stubbing/StubbedInvocationMatcher
2024-11-12 13:41:15,790 INFO  CreateClassResetClassAdapter - Creating brand-new static initializer in class org/mockito/internal/stubbing/StubbedInvocationMatcher
2024-11-12 13:41:15,790 INFO  EvoClassLoader - Seeing class for first time: org.mockito.stubbing.Stubbing
2024-11-12 13:41:15,790 INFO  EvoClassLoader - Instrumenting class 'org.mockito.stubbing.Stubbing'.
2024-11-12 13:41:15,791 INFO  EvoClassLoader - Keeping class: org.mockito.stubbing.Stubbing
2024-11-12 13:41:15,791 INFO  EvoClassLoader - Seeing class for first time: org.mockito.internal.invocation.InvocationMatcher
2024-11-12 13:41:15,791 INFO  EvoClassLoader - Instrumenting class 'org.mockito.internal.invocation.InvocationMatcher'.
2024-11-12 13:41:15,791 INFO  MethodCallReplacementClassAdapter - Adding mock interface to class org/mockito/internal/invocation/InvocationMatcher
2024-11-12 13:41:15,791 INFO  CreateClassResetClassAdapter - Creating brand-new static initializer in class org/mockito/internal/invocation/InvocationMatcher
2024-11-12 13:41:15,792 INFO  EvoClassLoader - Defined package (3): package org.mockito.internal.invocation, -1738753213
2024-11-12 13:41:15,792 INFO  EvoClassLoader - Seeing class for first time: org.mockito.invocation.MatchableInvocation
2024-11-12 13:41:15,792 INFO  EvoClassLoader - Instrumenting class 'org.mockito.invocation.MatchableInvocation'.
2024-11-12 13:41:15,792 INFO  EvoClassLoader - Keeping class: org.mockito.invocation.MatchableInvocation
2024-11-12 13:41:15,792 INFO  EvoClassLoader - Keeping class: org.mockito.internal.invocation.InvocationMatcher
2024-11-12 13:41:15,792 INFO  EvoClassLoader - Keeping class: org.mockito.internal.stubbing.StubbedInvocationMatcher
2024-11-12 13:41:15,792 INFO  EvoClassLoader - Seeing class for first time: org.mockito.mock.MockCreationSettings
2024-11-12 13:41:15,792 INFO  EvoClassLoader - Instrumenting class 'org.mockito.mock.MockCreationSettings'.
2024-11-12 13:41:15,793 INFO  EvoClassLoader - Defined package (3): package org.mockito.mock, 677215976
2024-11-12 13:41:15,793 INFO  EvoClassLoader - Keeping class: org.mockito.mock.MockCreationSettings
2024-11-12 13:41:15,793 INFO  EvoClassLoader - Seeing class for first time: org.mockito.internal.stubbing.answers.CallsRealMethods
2024-11-12 13:41:15,793 INFO  EvoClassLoader - Instrumenting class 'org.mockito.internal.stubbing.answers.CallsRealMethods'.
2024-11-12 13:41:15,793 INFO  MethodCallReplacementClassAdapter - Adding mock interface to class org/mockito/internal/stubbing/answers/CallsRealMethods
2024-11-12 13:41:15,793 INFO  CreateClassResetClassAdapter - Creating brand-new static initializer in class org/mockito/internal/stubbing/answers/CallsRealMethods
2024-11-12 13:41:15,793 INFO  EvoClassLoader - Defined package (3): package org.mockito.internal.stubbing.answers, 1154371816
2024-11-12 13:41:15,793 INFO  EvoClassLoader - Seeing class for first time: org.mockito.stubbing.ValidableAnswer
2024-11-12 13:41:15,793 INFO  EvoClassLoader - Instrumenting class 'org.mockito.stubbing.ValidableAnswer'.
2024-11-12 13:41:15,793 INFO  EvoClassLoader - Keeping class: org.mockito.stubbing.ValidableAnswer
2024-11-12 13:41:15,793 INFO  EvoClassLoader - Keeping class: org.mockito.internal.stubbing.answers.CallsRealMethods
2024-11-12 13:41:15,794 INFO  EvoClassLoader - Seeing class for first time: org.mockito.internal.stubbing.defaultanswers.TriesToReturnSelf
2024-11-12 13:41:15,794 INFO  EvoClassLoader - Instrumenting class 'org.mockito.internal.stubbing.defaultanswers.TriesToReturnSelf'.
2024-11-12 13:41:15,794 INFO  MethodCallReplacementClassAdapter - Adding mock interface to class org/mockito/internal/stubbing/defaultanswers/TriesToReturnSelf
2024-11-12 13:41:15,794 INFO  CreateClassResetClassAdapter - Creating brand-new static initializer in class org/mockito/internal/stubbing/defaultanswers/TriesToReturnSelf
2024-11-12 13:41:15,794 INFO  EvoClassLoader - Keeping class: org.mockito.internal.stubbing.defaultanswers.TriesToReturnSelf
2024-11-12 13:41:15,794 INFO  EvoClassLoader - Seeing class for first time: org.mockito.Answers
2024-11-12 13:41:15,794 INFO  EvoClassLoader - Instrumenting class 'org.mockito.Answers'.
2024-11-12 13:41:15,795 INFO  MethodCallReplacementClassAdapter - Adding mock interface to class org/mockito/Answers
2024-11-12 13:41:15,795 INFO  CreateClassResetClassAdapter - Found static initializer in class org/mockito/Answers
2024-11-12 13:41:15,795 INFO  EvoClassLoader - Keeping class: org.mockito.Answers
2024-11-12 13:41:15,795 INFO  EvoClassLoader - Seeing class for first time: org.mockito.Mockito
2024-11-12 13:41:15,795 INFO  EvoClassLoader - Instrumenting class 'org.mockito.Mockito'.
2024-11-12 13:41:15,795 INFO  MethodCallReplacementClassAdapter - Adding mock interface to class org/mockito/Mockito
2024-11-12 13:41:15,796 INFO  CreateClassResetClassAdapter - Found static initializer in class org/mockito/Mockito
2024-11-12 13:41:15,796 INFO  EvoClassLoader - Keeping class: org.mockito.Mockito
2024-11-12 13:41:15,796 INFO  EvoClassLoader - Seeing class for first time: org.mockito.MockitoDebugger
2024-11-12 13:41:15,796 INFO  EvoClassLoader - Instrumenting class 'org.mockito.MockitoDebugger'.
2024-11-12 13:41:15,796 INFO  EvoClassLoader - Keeping class: org.mockito.MockitoDebugger
2024-11-12 13:41:15,796 INFO  EvoClassLoader - Seeing class for first time: org.mockito.verification.VerificationAfterDelay
2024-11-12 13:41:15,796 INFO  EvoClassLoader - Instrumenting class 'org.mockito.verification.VerificationAfterDelay'.
2024-11-12 13:41:15,796 INFO  EvoClassLoader - Keeping class: org.mockito.verification.VerificationAfterDelay
2024-11-12 13:41:15,796 INFO  EvoClassLoader - Seeing class for first time: org.mockito.verification.VerificationWithTimeout
2024-11-12 13:41:15,796 INFO  EvoClassLoader - Instrumenting class 'org.mockito.verification.VerificationWithTimeout'.
2024-11-12 13:41:15,797 INFO  EvoClassLoader - Keeping class: org.mockito.verification.VerificationWithTimeout
2024-11-12 13:41:15,797 INFO  EvoClassLoader - Seeing class for first time: org.mockito.MockitoFramework
2024-11-12 13:41:15,797 INFO  EvoClassLoader - Instrumenting class 'org.mockito.MockitoFramework'.
2024-11-12 13:41:15,797 INFO  EvoClassLoader - Keeping class: org.mockito.MockitoFramework
2024-11-12 13:41:15,797 INFO  EvoClassLoader - Seeing class for first time: org.mockito.session.MockitoSessionBuilder
2024-11-12 13:41:15,797 INFO  EvoClassLoader - Instrumenting class 'org.mockito.session.MockitoSessionBuilder'.
2024-11-12 13:41:15,797 INFO  EvoClassLoader - Defined package (3): package org.mockito.session, -2056333192
2024-11-12 13:41:15,797 INFO  EvoClassLoader - Keeping class: org.mockito.session.MockitoSessionBuilder
2024-11-12 13:41:15,797 INFO  EvoClassLoader - Seeing class for first time: org.mockito.internal.creation.settings.CreationSettings
2024-11-12 13:41:15,797 INFO  EvoClassLoader - Instrumenting class 'org.mockito.internal.creation.settings.CreationSettings'.
2024-11-12 13:41:15,797 INFO  MethodCallReplacementClassAdapter - Adding mock interface to class org/mockito/internal/creation/settings/CreationSettings
2024-11-12 13:41:15,798 INFO  CreateClassResetClassAdapter - Creating brand-new static initializer in class org/mockito/internal/creation/settings/CreationSettings
2024-11-12 13:41:15,798 INFO  EvoClassLoader - Defined package (3): package org.mockito.internal.creation.settings, -2096338881
2024-11-12 13:41:15,798 INFO  EvoClassLoader - Keeping class: org.mockito.internal.creation.settings.CreationSettings
2024-11-12 13:41:15,798 INFO  EvoClassLoader - Seeing class for first time: org.mockito.mock.MockName
2024-11-12 13:41:15,798 INFO  EvoClassLoader - Instrumenting class 'org.mockito.mock.MockName'.
2024-11-12 13:41:15,798 INFO  EvoClassLoader - Keeping class: org.mockito.mock.MockName
2024-11-12 13:41:15,798 INFO  EvoClassLoader - Seeing class for first time: org.mockito.mock.SerializableMode
2024-11-12 13:41:15,798 INFO  EvoClassLoader - Instrumenting class 'org.mockito.mock.SerializableMode'.
2024-11-12 13:41:15,798 INFO  MethodCallReplacementClassAdapter - Adding mock interface to class org/mockito/mock/SerializableMode
2024-11-12 13:41:15,798 INFO  CreateClassResetClassAdapter - Found static initializer in class org/mockito/mock/SerializableMode
2024-11-12 13:41:15,798 INFO  EvoClassLoader - Keeping class: org.mockito.mock.SerializableMode
2024-11-12 13:41:15,798 INFO  EvoClassLoader - Seeing class for first time: org.mockito.internal.creation.MockSettingsImpl
2024-11-12 13:41:15,798 INFO  EvoClassLoader - Instrumenting class 'org.mockito.internal.creation.MockSettingsImpl'.
2024-11-12 13:41:15,799 INFO  MethodCallReplacementClassAdapter - Adding mock interface to class org/mockito/internal/creation/MockSettingsImpl
2024-11-12 13:41:15,799 INFO  CreateClassResetClassAdapter - Creating brand-new static initializer in class org/mockito/internal/creation/MockSettingsImpl
2024-11-12 13:41:15,799 INFO  EvoClassLoader - Defined package (3): package org.mockito.internal.creation, -2008890798
2024-11-12 13:41:15,799 INFO  EvoClassLoader - Keeping class: org.mockito.internal.creation.MockSettingsImpl
2024-11-12 13:41:15,799 INFO  EvoClassLoader - Seeing class for first time: org.mockito.listeners.InvocationListener
2024-11-12 13:41:15,799 INFO  EvoClassLoader - Instrumenting class 'org.mockito.listeners.InvocationListener'.
2024-11-12 13:41:15,800 INFO  EvoClassLoader - Defined package (3): package org.mockito.listeners, 2017212321
2024-11-12 13:41:15,800 INFO  EvoClassLoader - Keeping class: org.mockito.listeners.InvocationListener
2024-11-12 13:41:15,800 INFO  EvoClassLoader - Seeing class for first time: org.mockito.listeners.StubbingLookupListener
2024-11-12 13:41:15,800 INFO  EvoClassLoader - Instrumenting class 'org.mockito.listeners.StubbingLookupListener'.
2024-11-12 13:41:15,800 INFO  EvoClassLoader - Keeping class: org.mockito.listeners.StubbingLookupListener
2024-11-12 13:41:15,800 INFO  EvoClassLoader - Seeing class for first time: org.mockito.listeners.VerificationStartedListener
2024-11-12 13:41:15,800 INFO  EvoClassLoader - Instrumenting class 'org.mockito.listeners.VerificationStartedListener'.
2024-11-12 13:41:15,800 INFO  EvoClassLoader - Keeping class: org.mockito.listeners.VerificationStartedListener
2024-11-12 13:41:15,800 INFO  EvoClassLoader - Seeing class for first time: org.mockito.internal.util.MockCreationValidator
2024-11-12 13:41:15,800 INFO  EvoClassLoader - Instrumenting class 'org.mockito.internal.util.MockCreationValidator'.
2024-11-12 13:41:15,801 INFO  MethodCallReplacementClassAdapter - Adding mock interface to class org/mockito/internal/util/MockCreationValidator
2024-11-12 13:41:15,801 INFO  CreateClassResetClassAdapter - Creating brand-new static initializer in class org/mockito/internal/util/MockCreationValidator
2024-11-12 13:41:15,801 INFO  EvoClassLoader - Defined package (3): package org.mockito.internal.util, 1337586933
2024-11-12 13:41:15,801 INFO  EvoClassLoader - Keeping class: org.mockito.internal.util.MockCreationValidator
2024-11-12 13:41:15,801 INFO  EvoClassLoader - Seeing class for first time: org.mockito.internal.configuration.plugins.PluginRegistry
2024-11-12 13:41:15,801 INFO  EvoClassLoader - Instrumenting class 'org.mockito.internal.configuration.plugins.PluginRegistry'.
2024-11-12 13:41:15,801 INFO  MethodCallReplacementClassAdapter - Adding mock interface to class org/mockito/internal/configuration/plugins/PluginRegistry
2024-11-12 13:41:15,801 INFO  CreateClassResetClassAdapter - Creating brand-new static initializer in class org/mockito/internal/configuration/plugins/PluginRegistry
2024-11-12 13:41:15,802 INFO  EvoClassLoader - Defined package (3): package org.mockito.internal.configuration.plugins, -1086470635
2024-11-12 13:41:15,802 INFO  EvoClassLoader - Keeping class: org.mockito.internal.configuration.plugins.PluginRegistry
2024-11-12 13:41:15,802 INFO  EvoClassLoader - Seeing class for first time: org.mockito.plugins.PluginSwitch
2024-11-12 13:41:15,802 INFO  EvoClassLoader - Instrumenting class 'org.mockito.plugins.PluginSwitch'.
2024-11-12 13:41:15,802 INFO  EvoClassLoader - Defined package (3): package org.mockito.plugins, -221983358
2024-11-12 13:41:15,802 INFO  EvoClassLoader - Keeping class: org.mockito.plugins.PluginSwitch
2024-11-12 13:41:15,802 INFO  EvoClassLoader - Seeing class for first time: org.mockito.plugins.InstantiatorProvider2
2024-11-12 13:41:15,802 INFO  EvoClassLoader - Instrumenting class 'org.mockito.plugins.InstantiatorProvider2'.
2024-11-12 13:41:15,802 INFO  EvoClassLoader - Keeping class: org.mockito.plugins.InstantiatorProvider2
2024-11-12 13:41:15,802 INFO  EvoClassLoader - Seeing class for first time: org.mockito.plugins.MockMaker
2024-11-12 13:41:15,802 INFO  EvoClassLoader - Instrumenting class 'org.mockito.plugins.MockMaker'.
2024-11-12 13:41:15,803 INFO  EvoClassLoader - Keeping class: org.mockito.plugins.MockMaker
2024-11-12 13:41:15,803 INFO  EvoClassLoader - Seeing class for first time: org.mockito.plugins.StackTraceCleanerProvider
2024-11-12 13:41:15,803 INFO  EvoClassLoader - Instrumenting class 'org.mockito.plugins.StackTraceCleanerProvider'.
2024-11-12 13:41:15,803 INFO  EvoClassLoader - Keeping class: org.mockito.plugins.StackTraceCleanerProvider
2024-11-12 13:41:15,803 INFO  EvoClassLoader - Seeing class for first time: org.mockito.plugins.AnnotationEngine
2024-11-12 13:41:15,803 INFO  EvoClassLoader - Instrumenting class 'org.mockito.plugins.AnnotationEngine'.
2024-11-12 13:41:15,803 INFO  EvoClassLoader - Keeping class: org.mockito.plugins.AnnotationEngine
2024-11-12 13:41:15,803 INFO  EvoClassLoader - Seeing class for first time: org.mockito.plugins.MockitoLogger
2024-11-12 13:41:15,803 INFO  EvoClassLoader - Instrumenting class 'org.mockito.plugins.MockitoLogger'.
2024-11-12 13:41:15,803 INFO  EvoClassLoader - Keeping class: org.mockito.plugins.MockitoLogger
2024-11-12 13:41:15,804 INFO  EvoClassLoader - Seeing class for first time: org.mockito.internal.configuration.plugins.PluginLoader
2024-11-12 13:41:15,804 INFO  EvoClassLoader - Instrumenting class 'org.mockito.internal.configuration.plugins.PluginLoader'.
2024-11-12 13:41:15,804 INFO  MethodCallReplacementClassAdapter - Adding mock interface to class org/mockito/internal/configuration/plugins/PluginLoader
2024-11-12 13:41:15,804 INFO  CreateClassResetClassAdapter - Creating brand-new static initializer in class org/mockito/internal/configuration/plugins/PluginLoader
2024-11-12 13:41:15,804 INFO  EvoClassLoader - Keeping class: org.mockito.internal.configuration.plugins.PluginLoader
2024-11-12 13:41:15,804 INFO  EvoClassLoader - Seeing class for first time: org.mockito.internal.configuration.plugins.DefaultPluginSwitch
2024-11-12 13:41:15,804 INFO  EvoClassLoader - Instrumenting class 'org.mockito.internal.configuration.plugins.DefaultPluginSwitch'.
2024-11-12 13:41:15,804 INFO  MethodCallReplacementClassAdapter - Adding mock interface to class org/mockito/internal/configuration/plugins/DefaultPluginSwitch
2024-11-12 13:41:15,804 INFO  CreateClassResetClassAdapter - Creating brand-new static initializer in class org/mockito/internal/configuration/plugins/DefaultPluginSwitch
2024-11-12 13:41:15,804 INFO  EvoClassLoader - Keeping class: org.mockito.internal.configuration.plugins.DefaultPluginSwitch
2024-11-12 13:41:15,804 INFO  EvoClassLoader - Seeing class for first time: org.mockito.internal.configuration.plugins.DefaultMockitoPlugins
2024-11-12 13:41:15,804 INFO  EvoClassLoader - Instrumenting class 'org.mockito.internal.configuration.plugins.DefaultMockitoPlugins'.
2024-11-12 13:41:15,805 INFO  MethodCallReplacementClassAdapter - Adding mock interface to class org/mockito/internal/configuration/plugins/DefaultMockitoPlugins
2024-11-12 13:41:15,805 INFO  CreateClassResetClassAdapter - Found static initializer in class org/mockito/internal/configuration/plugins/DefaultMockitoPlugins
2024-11-12 13:41:15,805 INFO  EvoClassLoader - Seeing class for first time: org.mockito.plugins.MockitoPlugins
2024-11-12 13:41:15,805 INFO  EvoClassLoader - Instrumenting class 'org.mockito.plugins.MockitoPlugins'.
2024-11-12 13:41:15,805 INFO  EvoClassLoader - Keeping class: org.mockito.plugins.MockitoPlugins
2024-11-12 13:41:15,805 INFO  EvoClassLoader - Keeping class: org.mockito.internal.configuration.plugins.DefaultMockitoPlugins
2024-11-12 13:41:15,805 INFO  EvoClassLoader - Seeing class for first time: org.mockito.internal.configuration.plugins.PluginInitializer
2024-11-12 13:41:15,805 INFO  EvoClassLoader - Instrumenting class 'org.mockito.internal.configuration.plugins.PluginInitializer'.
2024-11-12 13:41:15,806 INFO  MethodCallReplacementClassAdapter - Adding mock interface to class org/mockito/internal/configuration/plugins/PluginInitializer
2024-11-12 13:41:15,806 INFO  CreateClassResetClassAdapter - Creating brand-new static initializer in class org/mockito/internal/configuration/plugins/PluginInitializer
2024-11-12 13:41:15,806 INFO  EvoClassLoader - Keeping class: org.mockito.internal.configuration.plugins.PluginInitializer
2024-11-12 13:41:15,806 INFO  EvoClassLoader - Seeing class for first time: org.mockito.internal.configuration.plugins.PluginFinder
2024-11-12 13:41:15,806 INFO  EvoClassLoader - Instrumenting class 'org.mockito.internal.configuration.plugins.PluginFinder'.
2024-11-12 13:41:15,806 INFO  MethodCallReplacementClassAdapter - Adding mock interface to class org/mockito/internal/configuration/plugins/PluginFinder
2024-11-12 13:41:15,806 INFO  CreateClassResetClassAdapter - Creating brand-new static initializer in class org/mockito/internal/configuration/plugins/PluginFinder
2024-11-12 13:41:15,806 INFO  EvoClassLoader - Keeping class: org.mockito.internal.configuration.plugins.PluginFinder
2024-11-12 13:41:15,806 INFO  EvoClassLoader - Seeing class for first time: org.mockito.internal.util.collections.Iterables
2024-11-12 13:41:15,806 INFO  EvoClassLoader - Instrumenting class 'org.mockito.internal.util.collections.Iterables'.
2024-11-12 13:41:15,807 INFO  MethodCallReplacementClassAdapter - Adding mock interface to class org/mockito/internal/util/collections/Iterables
2024-11-12 13:41:15,807 INFO  CreateClassResetClassAdapter - Creating brand-new static initializer in class org/mockito/internal/util/collections/Iterables
2024-11-12 13:41:15,807 INFO  EvoClassLoader - Defined package (3): package org.mockito.internal.util.collections, 2017266204
2024-11-12 13:41:15,807 INFO  EvoClassLoader - Keeping class: org.mockito.internal.util.collections.Iterables
2024-11-12 13:41:15,807 INFO  EvoClassLoader - Seeing class for first time: org.mockito.internal.creation.bytebuddy.ByteBuddyMockMaker
2024-11-12 13:41:15,807 INFO  EvoClassLoader - Instrumenting class 'org.mockito.internal.creation.bytebuddy.ByteBuddyMockMaker'.
2024-11-12 13:41:15,807 INFO  MethodCallReplacementClassAdapter - Adding mock interface to class org/mockito/internal/creation/bytebuddy/ByteBuddyMockMaker
2024-11-12 13:41:15,807 INFO  CreateClassResetClassAdapter - Creating brand-new static initializer in class org/mockito/internal/creation/bytebuddy/ByteBuddyMockMaker
2024-11-12 13:41:15,807 INFO  EvoClassLoader - Defined package (3): package org.mockito.internal.creation.bytebuddy, 160730658
2024-11-12 13:41:15,807 INFO  EvoClassLoader - Seeing class for first time: org.mockito.internal.creation.bytebuddy.ClassCreatingMockMaker
2024-11-12 13:41:15,807 INFO  EvoClassLoader - Instrumenting class 'org.mockito.internal.creation.bytebuddy.ClassCreatingMockMaker'.
2024-11-12 13:41:15,807 INFO  EvoClassLoader - Keeping class: org.mockito.internal.creation.bytebuddy.ClassCreatingMockMaker
2024-11-12 13:41:15,807 INFO  EvoClassLoader - Keeping class: org.mockito.internal.creation.bytebuddy.ByteBuddyMockMaker
2024-11-12 13:41:15,807 INFO  EvoClassLoader - Seeing class for first time: org.mockito.invocation.MockHandler
2024-11-12 13:41:15,807 INFO  EvoClassLoader - Instrumenting class 'org.mockito.invocation.MockHandler'.
2024-11-12 13:41:15,808 INFO  EvoClassLoader - Keeping class: org.mockito.invocation.MockHandler
2024-11-12 13:41:15,808 INFO  EvoClassLoader - Seeing class for first time: org.mockito.plugins.MockMaker$TypeMockability
2024-11-12 13:41:15,808 INFO  EvoClassLoader - Instrumenting class 'org.mockito.plugins.MockMaker$TypeMockability'.
2024-11-12 13:41:15,808 INFO  EvoClassLoader - Keeping class: org.mockito.plugins.MockMaker$TypeMockability
2024-11-12 13:41:15,808 INFO  EvoClassLoader - Seeing class for first time: org.mockito.internal.creation.bytebuddy.SubclassByteBuddyMockMaker
2024-11-12 13:41:15,808 INFO  EvoClassLoader - Instrumenting class 'org.mockito.internal.creation.bytebuddy.SubclassByteBuddyMockMaker'.
2024-11-12 13:41:15,808 INFO  MethodCallReplacementClassAdapter - Adding mock interface to class org/mockito/internal/creation/bytebuddy/SubclassByteBuddyMockMaker
2024-11-12 13:41:15,808 INFO  CreateClassResetClassAdapter - Creating brand-new static initializer in class org/mockito/internal/creation/bytebuddy/SubclassByteBuddyMockMaker
2024-11-12 13:41:15,808 INFO  EvoClassLoader - Keeping class: org.mockito.internal.creation.bytebuddy.SubclassByteBuddyMockMaker
2024-11-12 13:41:15,808 INFO  EvoClassLoader - Seeing class for first time: org.mockito.internal.creation.bytebuddy.SubclassLoader
2024-11-12 13:41:15,808 INFO  EvoClassLoader - Instrumenting class 'org.mockito.internal.creation.bytebuddy.SubclassLoader'.
2024-11-12 13:41:15,809 INFO  EvoClassLoader - Keeping class: org.mockito.internal.creation.bytebuddy.SubclassLoader
2024-11-12 13:41:15,809 INFO  EvoClassLoader - Seeing class for first time: org.mockito.internal.creation.bytebuddy.BytecodeGenerator
2024-11-12 13:41:15,809 INFO  EvoClassLoader - Instrumenting class 'org.mockito.internal.creation.bytebuddy.BytecodeGenerator'.
2024-11-12 13:41:15,809 INFO  EvoClassLoader - Keeping class: org.mockito.internal.creation.bytebuddy.BytecodeGenerator
2024-11-12 13:41:15,809 INFO  EvoClassLoader - Seeing class for first time: org.mockito.creation.instance.InstantiationException
2024-11-12 13:41:15,809 INFO  EvoClassLoader - Instrumenting class 'org.mockito.creation.instance.InstantiationException'.
2024-11-12 13:41:15,809 INFO  MethodCallReplacementClassAdapter - Adding mock interface to class org/mockito/creation/instance/InstantiationException
2024-11-12 13:41:15,809 INFO  CreateClassResetClassAdapter - Creating brand-new static initializer in class org/mockito/creation/instance/InstantiationException
2024-11-12 13:41:15,809 INFO  EvoClassLoader - Defined package (3): package org.mockito.creation.instance, -680245722
2024-11-12 13:41:15,809 INFO  EvoClassLoader - Keeping class: org.mockito.creation.instance.InstantiationException
2024-11-12 13:41:15,809 INFO  EvoClassLoader - Seeing class for first time: org.mockito.internal.util.StringUtil
2024-11-12 13:41:15,809 INFO  EvoClassLoader - Instrumenting class 'org.mockito.internal.util.StringUtil'.
2024-11-12 13:41:15,809 INFO  MethodCallReplacementClassAdapter - Adding mock interface to class org/mockito/internal/util/StringUtil
2024-11-12 13:41:15,809 INFO  CreateClassResetClassAdapter - Found static initializer in class org/mockito/internal/util/StringUtil
2024-11-12 13:41:15,809 INFO  EvoClassLoader - Keeping class: org.mockito.internal.util.StringUtil
2024-11-12 13:41:15,809 INFO  EvoClassLoader - Seeing class for first time: org.mockito.internal.creation.bytebuddy.SubclassInjectionLoader
2024-11-12 13:41:15,809 INFO  EvoClassLoader - Instrumenting class 'org.mockito.internal.creation.bytebuddy.SubclassInjectionLoader'.
2024-11-12 13:41:15,810 INFO  MethodCallReplacementClassAdapter - Adding mock interface to class org/mockito/internal/creation/bytebuddy/SubclassInjectionLoader
2024-11-12 13:41:15,810 INFO  CreateClassResetClassAdapter - Found static initializer in class org/mockito/internal/creation/bytebuddy/SubclassInjectionLoader
2024-11-12 13:41:15,810 INFO  EvoClassLoader - Keeping class: org.mockito.internal.creation.bytebuddy.SubclassInjectionLoader
2024-11-12 13:41:15,810 INFO  EvoClassLoader - Seeing class for first time: net.bytebuddy.dynamic.loading.ClassLoadingStrategy
2024-11-12 13:41:15,810 INFO  EvoClassLoader - Instrumenting class 'net.bytebuddy.dynamic.loading.ClassLoadingStrategy'.
2024-11-12 13:41:15,810 INFO  EvoClassLoader - Defined package (3): package net.bytebuddy.dynamic.loading, -549610932
2024-11-12 13:41:15,810 INFO  EvoClassLoader - Keeping class: net.bytebuddy.dynamic.loading.ClassLoadingStrategy
2024-11-12 13:41:15,810 INFO  EvoClassLoader - Seeing class for first time: net.bytebuddy.dynamic.loading.ClassInjector$AbstractBase
2024-11-12 13:41:15,810 INFO  EvoClassLoader - Instrumenting class 'net.bytebuddy.dynamic.loading.ClassInjector$AbstractBase'.
2024-11-12 13:41:15,810 INFO  MethodCallReplacementClassAdapter - Adding mock interface to class net/bytebuddy/dynamic/loading/ClassInjector$AbstractBase
2024-11-12 13:41:15,810 INFO  CreateClassResetClassAdapter - Creating brand-new static initializer in class net/bytebuddy/dynamic/loading/ClassInjector$AbstractBase
2024-11-12 13:41:15,810 INFO  EvoClassLoader - Seeing class for first time: net.bytebuddy.dynamic.loading.ClassInjector
2024-11-12 13:41:15,810 INFO  EvoClassLoader - Instrumenting class 'net.bytebuddy.dynamic.loading.ClassInjector'.
2024-11-12 13:41:15,810 INFO  EvoClassLoader - Keeping class: net.bytebuddy.dynamic.loading.ClassInjector
2024-11-12 13:41:15,810 INFO  EvoClassLoader - Keeping class: net.bytebuddy.dynamic.loading.ClassInjector$AbstractBase
2024-11-12 13:41:15,810 INFO  EvoClassLoader - Seeing class for first time: net.bytebuddy.dynamic.loading.ClassInjector$UsingInstrumentation
2024-11-12 13:41:15,810 INFO  EvoClassLoader - Instrumenting class 'net.bytebuddy.dynamic.loading.ClassInjector$UsingInstrumentation'.
2024-11-12 13:41:15,811 INFO  MethodCallReplacementClassAdapter - Adding mock interface to class net/bytebuddy/dynamic/loading/ClassInjector$UsingInstrumentation
2024-11-12 13:41:15,811 INFO  CreateClassResetClassAdapter - Found static initializer in class net/bytebuddy/dynamic/loading/ClassInjector$UsingInstrumentation
2024-11-12 13:41:15,812 INFO  EvoClassLoader - Keeping class: net.bytebuddy.dynamic.loading.ClassInjector$UsingInstrumentation
2024-11-12 13:41:15,812 INFO  EvoClassLoader - Seeing class for first time: net.bytebuddy.dynamic.loading.ClassInjector$UsingUnsafe
2024-11-12 13:41:15,812 INFO  EvoClassLoader - Instrumenting class 'net.bytebuddy.dynamic.loading.ClassInjector$UsingUnsafe'.
2024-11-12 13:41:15,812 INFO  MethodCallReplacementClassAdapter - Adding mock interface to class net/bytebuddy/dynamic/loading/ClassInjector$UsingUnsafe
2024-11-12 13:41:15,812 INFO  CreateClassResetClassAdapter - Found static initializer in class net/bytebuddy/dynamic/loading/ClassInjector$UsingUnsafe
2024-11-12 13:41:15,812 INFO  EvoClassLoader - Keeping class: net.bytebuddy.dynamic.loading.ClassInjector$UsingUnsafe
2024-11-12 13:41:15,812 INFO  EvoClassLoader - Seeing class for first time: net.bytebuddy.dynamic.loading.ClassInjector$UsingLookup
2024-11-12 13:41:15,812 INFO  EvoClassLoader - Instrumenting class 'net.bytebuddy.dynamic.loading.ClassInjector$UsingLookup'.
2024-11-12 13:41:15,812 INFO  MethodCallReplacementClassAdapter - Adding mock interface to class net/bytebuddy/dynamic/loading/ClassInjector$UsingLookup
2024-11-12 13:41:15,813 INFO  CreateClassResetClassAdapter - Found static initializer in class net/bytebuddy/dynamic/loading/ClassInjector$UsingLookup
2024-11-12 13:41:15,813 INFO  EvoClassLoader - Keeping class: net.bytebuddy.dynamic.loading.ClassInjector$UsingLookup
2024-11-12 13:41:15,813 INFO  EvoClassLoader - Seeing class for first time: net.bytebuddy.dynamic.loading.ClassInjector$UsingReflection
2024-11-12 13:41:15,813 INFO  EvoClassLoader - Instrumenting class 'net.bytebuddy.dynamic.loading.ClassInjector$UsingReflection'.
2024-11-12 13:41:15,813 INFO  MethodCallReplacementClassAdapter - Adding mock interface to class net/bytebuddy/dynamic/loading/ClassInjector$UsingReflection
2024-11-12 13:41:15,814 INFO  CreateClassResetClassAdapter - Found static initializer in class net/bytebuddy/dynamic/loading/ClassInjector$UsingReflection
2024-11-12 13:41:15,814 INFO  EvoClassLoader - Keeping class: net.bytebuddy.dynamic.loading.ClassInjector$UsingReflection
2024-11-12 13:41:15,814 INFO  EvoClassLoader - Seeing class for first time: net.bytebuddy.dynamic.loading.ClassInjector$UsingReflection$Dispatcher$CreationAction
2024-11-12 13:41:15,814 INFO  EvoClassLoader - Instrumenting class 'net.bytebuddy.dynamic.loading.ClassInjector$UsingReflection$Dispatcher$CreationAction'.
2024-11-12 13:41:15,814 INFO  MethodCallReplacementClassAdapter - Adding mock interface to class net/bytebuddy/dynamic/loading/ClassInjector$UsingReflection$Dispatcher$CreationAction
2024-11-12 13:41:15,814 INFO  CreateClassResetClassAdapter - Found static initializer in class net/bytebuddy/dynamic/loading/ClassInjector$UsingReflection$Dispatcher$CreationAction
2024-11-12 13:41:15,814 INFO  EvoClassLoader - Keeping class: net.bytebuddy.dynamic.loading.ClassInjector$UsingReflection$Dispatcher$CreationAction
2024-11-12 13:41:15,814 INFO  EvoClassLoader - Seeing class for first time: net.bytebuddy.dynamic.loading.ClassInjector$UsingReflection$Dispatcher
2024-11-12 13:41:15,814 INFO  EvoClassLoader - Instrumenting class 'net.bytebuddy.dynamic.loading.ClassInjector$UsingReflection$Dispatcher'.
2024-11-12 13:41:15,815 INFO  EvoClassLoader - Keeping class: net.bytebuddy.dynamic.loading.ClassInjector$UsingReflection$Dispatcher
2024-11-12 13:41:15,815 INFO  EvoClassLoader - Seeing class for first time: net.bytebuddy.dynamic.loading.ClassInjector$UsingReflection$Dispatcher$Unavailable
2024-11-12 13:41:15,815 INFO  EvoClassLoader - Instrumenting class 'net.bytebuddy.dynamic.loading.ClassInjector$UsingReflection$Dispatcher$Unavailable'.
2024-11-12 13:41:15,815 INFO  MethodCallReplacementClassAdapter - Adding mock interface to class net/bytebuddy/dynamic/loading/ClassInjector$UsingReflection$Dispatcher$Unavailable
2024-11-12 13:41:15,815 INFO  CreateClassResetClassAdapter - Creating brand-new static initializer in class net/bytebuddy/dynamic/loading/ClassInjector$UsingReflection$Dispatcher$Unavailable
2024-11-12 13:41:15,815 INFO  EvoClassLoader - Keeping class: net.bytebuddy.dynamic.loading.ClassInjector$UsingReflection$Dispatcher$Unavailable
2024-11-12 13:41:15,815 INFO  EvoClassLoader - Seeing class for first time: net.bytebuddy.dynamic.loading.ClassInjector$UsingReflection$Dispatcher$UsingUnsafeOverride
2024-11-12 13:41:15,815 INFO  EvoClassLoader - Instrumenting class 'net.bytebuddy.dynamic.loading.ClassInjector$UsingReflection$Dispatcher$UsingUnsafeOverride'.
2024-11-12 13:41:15,815 INFO  MethodCallReplacementClassAdapter - Adding mock interface to class net/bytebuddy/dynamic/loading/ClassInjector$UsingReflection$Dispatcher$UsingUnsafeOverride
2024-11-12 13:41:15,816 INFO  CreateClassResetClassAdapter - Creating brand-new static initializer in class net/bytebuddy/dynamic/loading/ClassInjector$UsingReflection$Dispatcher$UsingUnsafeOverride
2024-11-12 13:41:15,816 INFO  EvoClassLoader - Seeing class for first time: net.bytebuddy.dynamic.loading.ClassInjector$UsingReflection$Dispatcher$Initializable
2024-11-12 13:41:15,816 INFO  EvoClassLoader - Instrumenting class 'net.bytebuddy.dynamic.loading.ClassInjector$UsingReflection$Dispatcher$Initializable'.
2024-11-12 13:41:15,816 INFO  EvoClassLoader - Keeping class: net.bytebuddy.dynamic.loading.ClassInjector$UsingReflection$Dispatcher$Initializable
2024-11-12 13:41:15,816 INFO  EvoClassLoader - Keeping class: net.bytebuddy.dynamic.loading.ClassInjector$UsingReflection$Dispatcher$UsingUnsafeOverride
2024-11-12 13:41:15,816 INFO  EvoClassLoader - Seeing class for first time: net.bytebuddy.dynamic.loading.ClassInjector$UsingReflection$Dispatcher$UsingUnsafeInjection
2024-11-12 13:41:15,816 INFO  EvoClassLoader - Instrumenting class 'net.bytebuddy.dynamic.loading.ClassInjector$UsingReflection$Dispatcher$UsingUnsafeInjection'.
2024-11-12 13:41:15,817 INFO  MethodCallReplacementClassAdapter - Adding mock interface to class net/bytebuddy/dynamic/loading/ClassInjector$UsingReflection$Dispatcher$UsingUnsafeInjection
2024-11-12 13:41:15,817 INFO  CreateClassResetClassAdapter - Creating brand-new static initializer in class net/bytebuddy/dynamic/loading/ClassInjector$UsingReflection$Dispatcher$UsingUnsafeInjection
2024-11-12 13:41:15,817 INFO  EvoClassLoader - Keeping class: net.bytebuddy.dynamic.loading.ClassInjector$UsingReflection$Dispatcher$UsingUnsafeInjection
2024-11-12 13:41:15,817 INFO  EvoClassLoader - Seeing class for first time: net.bytebuddy.dynamic.loading.ClassInjector$UsingReflection$Dispatcher$Direct
2024-11-12 13:41:15,817 INFO  EvoClassLoader - Instrumenting class 'net.bytebuddy.dynamic.loading.ClassInjector$UsingReflection$Dispatcher$Direct'.
2024-11-12 13:41:15,817 INFO  MethodCallReplacementClassAdapter - Adding mock interface to class net/bytebuddy/dynamic/loading/ClassInjector$UsingReflection$Dispatcher$Direct
2024-11-12 13:41:15,818 INFO  CreateClassResetClassAdapter - Creating brand-new static initializer in class net/bytebuddy/dynamic/loading/ClassInjector$UsingReflection$Dispatcher$Direct
2024-11-12 13:41:15,818 INFO  EvoClassLoader - Keeping class: net.bytebuddy.dynamic.loading.ClassInjector$UsingReflection$Dispatcher$Direct
2024-11-12 13:41:15,818 INFO  EvoClassLoader - Seeing class for first time: net.bytebuddy.utility.JavaModule$Dispatcher$CreationAction
2024-11-12 13:41:15,818 INFO  EvoClassLoader - Instrumenting class 'net.bytebuddy.utility.JavaModule$Dispatcher$CreationAction'.
2024-11-12 13:41:15,818 INFO  MethodCallReplacementClassAdapter - Adding mock interface to class net/bytebuddy/utility/JavaModule$Dispatcher$CreationAction
2024-11-12 13:41:15,818 INFO  CreateClassResetClassAdapter - Found static initializer in class net/bytebuddy/utility/JavaModule$Dispatcher$CreationAction
2024-11-12 13:41:15,818 INFO  EvoClassLoader - Defined package (3): package net.bytebuddy.utility, -1019824085
2024-11-12 13:41:15,818 INFO  EvoClassLoader - Keeping class: net.bytebuddy.utility.JavaModule$Dispatcher$CreationAction
2024-11-12 13:41:15,818 INFO  EvoClassLoader - Seeing class for first time: net.bytebuddy.utility.JavaModule$Dispatcher
2024-11-12 13:41:15,818 INFO  EvoClassLoader - Instrumenting class 'net.bytebuddy.utility.JavaModule$Dispatcher'.
2024-11-12 13:41:15,819 INFO  EvoClassLoader - Keeping class: net.bytebuddy.utility.JavaModule$Dispatcher
2024-11-12 13:41:15,819 INFO  EvoClassLoader - Seeing class for first time: net.bytebuddy.utility.JavaModule
2024-11-12 13:41:15,819 INFO  EvoClassLoader - Instrumenting class 'net.bytebuddy.utility.JavaModule'.
2024-11-12 13:41:15,819 INFO  MethodCallReplacementClassAdapter - Adding mock interface to class net/bytebuddy/utility/JavaModule
2024-11-12 13:41:15,819 INFO  CreateClassResetClassAdapter - Found static initializer in class net/bytebuddy/utility/JavaModule
2024-11-12 13:41:15,819 INFO  EvoClassLoader - Seeing class for first time: net.bytebuddy.description.NamedElement$WithOptionalName
2024-11-12 13:41:15,819 INFO  EvoClassLoader - Instrumenting class 'net.bytebuddy.description.NamedElement$WithOptionalName'.
2024-11-12 13:41:15,819 INFO  EvoClassLoader - Keeping class: net.bytebuddy.description.NamedElement$WithOptionalName
2024-11-12 13:41:15,819 INFO  EvoClassLoader - Keeping class: net.bytebuddy.utility.JavaModule
2024-11-12 13:41:15,819 INFO  EvoClassLoader - Seeing class for first time: net.bytebuddy.utility.JavaModule$Dispatcher$Disabled
2024-11-12 13:41:15,819 INFO  EvoClassLoader - Instrumenting class 'net.bytebuddy.utility.JavaModule$Dispatcher$Disabled'.
2024-11-12 13:41:15,820 INFO  MethodCallReplacementClassAdapter - Adding mock interface to class net/bytebuddy/utility/JavaModule$Dispatcher$Disabled
2024-11-12 13:41:15,820 INFO  CreateClassResetClassAdapter - Found static initializer in class net/bytebuddy/utility/JavaModule$Dispatcher$Disabled
2024-11-12 13:41:15,820 INFO  EvoClassLoader - Keeping class: net.bytebuddy.utility.JavaModule$Dispatcher$Disabled
2024-11-12 13:41:15,820 INFO  EvoClassLoader - Seeing class for first time: net.bytebuddy.utility.JavaModule$Dispatcher$Enabled
2024-11-12 13:41:15,820 INFO  EvoClassLoader - Instrumenting class 'net.bytebuddy.utility.JavaModule$Dispatcher$Enabled'.
2024-11-12 13:41:15,820 INFO  MethodCallReplacementClassAdapter - Adding mock interface to class net/bytebuddy/utility/JavaModule$Dispatcher$Enabled
2024-11-12 13:41:15,821 INFO  CreateClassResetClassAdapter - Found static initializer in class net/bytebuddy/utility/JavaModule$Dispatcher$Enabled
2024-11-12 13:41:15,821 INFO  EvoClassLoader - Keeping class: net.bytebuddy.utility.JavaModule$Dispatcher$Enabled
2024-11-12 13:41:15,823 INFO  EvoClassLoader - Seeing class for first time: net.bytebuddy.dynamic.loading.ClassInjector$UsingReflection$Dispatcher$Direct$ForJava7CapableVm
2024-11-12 13:41:15,823 INFO  EvoClassLoader - Instrumenting class 'net.bytebuddy.dynamic.loading.ClassInjector$UsingReflection$Dispatcher$Direct$ForJava7CapableVm'.
2024-11-12 13:41:15,823 INFO  MethodCallReplacementClassAdapter - Adding mock interface to class net/bytebuddy/dynamic/loading/ClassInjector$UsingReflection$Dispatcher$Direct$ForJava7CapableVm
2024-11-12 13:41:15,824 INFO  CreateClassResetClassAdapter - Creating brand-new static initializer in class net/bytebuddy/dynamic/loading/ClassInjector$UsingReflection$Dispatcher$Direct$ForJava7CapableVm
2024-11-12 13:41:15,824 INFO  EvoClassLoader - Keeping class: net.bytebuddy.dynamic.loading.ClassInjector$UsingReflection$Dispatcher$Direct$ForJava7CapableVm
2024-11-12 13:41:15,824 INFO  EvoClassLoader - Seeing class for first time: net.bytebuddy.dynamic.loading.ClassInjector$UsingReflection$Dispatcher$Direct$ForLegacyVm
2024-11-12 13:41:15,824 INFO  EvoClassLoader - Instrumenting class 'net.bytebuddy.dynamic.loading.ClassInjector$UsingReflection$Dispatcher$Direct$ForLegacyVm'.
2024-11-12 13:41:15,824 INFO  MethodCallReplacementClassAdapter - Adding mock interface to class net/bytebuddy/dynamic/loading/ClassInjector$UsingReflection$Dispatcher$Direct$ForLegacyVm
2024-11-12 13:41:15,824 INFO  CreateClassResetClassAdapter - Creating brand-new static initializer in class net/bytebuddy/dynamic/loading/ClassInjector$UsingReflection$Dispatcher$Direct$ForLegacyVm
2024-11-12 13:41:15,824 INFO  EvoClassLoader - Keeping class: net.bytebuddy.dynamic.loading.ClassInjector$UsingReflection$Dispatcher$Direct$ForLegacyVm
2024-11-12 13:41:15,824 INFO  EvoClassLoader - Seeing class for first time: net.bytebuddy.dynamic.loading.PackageDefinitionStrategy
2024-11-12 13:41:15,824 INFO  EvoClassLoader - Instrumenting class 'net.bytebuddy.dynamic.loading.PackageDefinitionStrategy'.
2024-11-12 13:41:15,824 INFO  EvoClassLoader - Keeping class: net.bytebuddy.dynamic.loading.PackageDefinitionStrategy
2024-11-12 13:41:15,825 INFO  EvoClassLoader - Seeing class for first time: org.mockito.internal.creation.bytebuddy.SubclassInjectionLoader$WithReflection
2024-11-12 13:41:15,825 INFO  EvoClassLoader - Instrumenting class 'org.mockito.internal.creation.bytebuddy.SubclassInjectionLoader$WithReflection'.
2024-11-12 13:41:15,825 INFO  MethodCallReplacementClassAdapter - Adding mock interface to class org/mockito/internal/creation/bytebuddy/SubclassInjectionLoader$WithReflection
2024-11-12 13:41:15,825 INFO  CreateClassResetClassAdapter - Creating brand-new static initializer in class org/mockito/internal/creation/bytebuddy/SubclassInjectionLoader$WithReflection
2024-11-12 13:41:15,825 INFO  EvoClassLoader - Keeping class: org.mockito.internal.creation.bytebuddy.SubclassInjectionLoader$WithReflection
2024-11-12 13:41:15,825 INFO  EvoClassLoader - Seeing class for first time: org.mockito.internal.creation.bytebuddy.SubclassInjectionLoader$WithLookup
2024-11-12 13:41:15,825 INFO  EvoClassLoader - Instrumenting class 'org.mockito.internal.creation.bytebuddy.SubclassInjectionLoader$WithLookup'.
2024-11-12 13:41:15,825 INFO  MethodCallReplacementClassAdapter - Adding mock interface to class org/mockito/internal/creation/bytebuddy/SubclassInjectionLoader$WithLookup
2024-11-12 13:41:15,825 INFO  CreateClassResetClassAdapter - Creating brand-new static initializer in class org/mockito/internal/creation/bytebuddy/SubclassInjectionLoader$WithLookup
2024-11-12 13:41:15,825 INFO  EvoClassLoader - Keeping class: org.mockito.internal.creation.bytebuddy.SubclassInjectionLoader$WithLookup
2024-11-12 13:41:15,825 INFO  EvoClassLoader - Seeing class for first time: org.mockito.internal.creation.bytebuddy.TypeCachingBytecodeGenerator
2024-11-12 13:41:15,825 INFO  EvoClassLoader - Instrumenting class 'org.mockito.internal.creation.bytebuddy.TypeCachingBytecodeGenerator'.
2024-11-12 13:41:15,826 INFO  MethodCallReplacementClassAdapter - Adding mock interface to class org/mockito/internal/creation/bytebuddy/TypeCachingBytecodeGenerator
2024-11-12 13:41:15,826 INFO  CreateClassResetClassAdapter - Creating brand-new static initializer in class org/mockito/internal/creation/bytebuddy/TypeCachingBytecodeGenerator
2024-11-12 13:41:15,826 INFO  EvoClassLoader - Keeping class: org.mockito.internal.creation.bytebuddy.TypeCachingBytecodeGenerator
2024-11-12 13:41:15,826 INFO  EvoClassLoader - Seeing class for first time: net.bytebuddy.TypeCache
2024-11-12 13:41:15,826 INFO  EvoClassLoader - Instrumenting class 'net.bytebuddy.TypeCache'.
2024-11-12 13:41:15,826 INFO  MethodCallReplacementClassAdapter - Adding mock interface to class net/bytebuddy/TypeCache
2024-11-12 13:41:15,826 INFO  CreateClassResetClassAdapter - Found static initializer in class net/bytebuddy/TypeCache
2024-11-12 13:41:15,826 INFO  EvoClassLoader - Defined package (3): package net.bytebuddy, 1746867117
2024-11-12 13:41:15,827 INFO  EvoClassLoader - Keeping class: net.bytebuddy.TypeCache
2024-11-12 13:41:15,827 INFO  EvoClassLoader - Seeing class for first time: net.bytebuddy.TypeCache$WithInlineExpunction
2024-11-12 13:41:15,827 INFO  EvoClassLoader - Instrumenting class 'net.bytebuddy.TypeCache$WithInlineExpunction'.
2024-11-12 13:41:15,827 INFO  MethodCallReplacementClassAdapter - Adding mock interface to class net/bytebuddy/TypeCache$WithInlineExpunction
2024-11-12 13:41:15,827 INFO  CreateClassResetClassAdapter - Creating brand-new static initializer in class net/bytebuddy/TypeCache$WithInlineExpunction
2024-11-12 13:41:15,827 INFO  EvoClassLoader - Keeping class: net.bytebuddy.TypeCache$WithInlineExpunction
2024-11-12 13:41:15,827 INFO  EvoClassLoader - Seeing class for first time: org.mockito.internal.creation.bytebuddy.MockFeatures
2024-11-12 13:41:15,827 INFO  EvoClassLoader - Instrumenting class 'org.mockito.internal.creation.bytebuddy.MockFeatures'.
2024-11-12 13:41:15,827 INFO  MethodCallReplacementClassAdapter - Adding mock interface to class org/mockito/internal/creation/bytebuddy/MockFeatures
2024-11-12 13:41:15,827 INFO  CreateClassResetClassAdapter - Creating brand-new static initializer in class org/mockito/internal/creation/bytebuddy/MockFeatures
2024-11-12 13:41:15,827 INFO  EvoClassLoader - Keeping class: org.mockito.internal.creation.bytebuddy.MockFeatures
2024-11-12 13:41:15,827 INFO  EvoClassLoader - Seeing class for first time: org.mockito.internal.creation.bytebuddy.SubclassBytecodeGenerator
2024-11-12 13:41:15,827 INFO  EvoClassLoader - Instrumenting class 'org.mockito.internal.creation.bytebuddy.SubclassBytecodeGenerator'.
2024-11-12 13:41:15,827 INFO  MethodCallReplacementClassAdapter - Adding mock interface to class org/mockito/internal/creation/bytebuddy/SubclassBytecodeGenerator
2024-11-12 13:41:15,829 INFO  CreateClassResetClassAdapter - Creating brand-new static initializer in class org/mockito/internal/creation/bytebuddy/SubclassBytecodeGenerator
2024-11-12 13:41:15,829 INFO  CreateClassResetClassAdapter - Adding bytecode for initializing field CODEGEN_PACKAGE
2024-11-12 13:41:15,829 INFO  EvoClassLoader - Keeping class: org.mockito.internal.creation.bytebuddy.SubclassBytecodeGenerator
2024-11-12 13:41:15,829 INFO  EvoClassLoader - Seeing class for first time: net.bytebuddy.implementation.attribute.MethodAttributeAppender$NoOp
2024-11-12 13:41:15,829 INFO  EvoClassLoader - Instrumenting class 'net.bytebuddy.implementation.attribute.MethodAttributeAppender$NoOp'.
2024-11-12 13:41:15,829 INFO  MethodCallReplacementClassAdapter - Adding mock interface to class net/bytebuddy/implementation/attribute/MethodAttributeAppender$NoOp
2024-11-12 13:41:15,830 INFO  CreateClassResetClassAdapter - Found static initializer in class net/bytebuddy/implementation/attribute/MethodAttributeAppender$NoOp
2024-11-12 13:41:15,830 INFO  EvoClassLoader - Defined package (3): package net.bytebuddy.implementation.attribute, -1192131967
2024-11-12 13:41:15,830 INFO  EvoClassLoader - Seeing class for first time: net.bytebuddy.implementation.attribute.MethodAttributeAppender
2024-11-12 13:41:15,830 INFO  EvoClassLoader - Instrumenting class 'net.bytebuddy.implementation.attribute.MethodAttributeAppender'.
2024-11-12 13:41:15,830 INFO  EvoClassLoader - Keeping class: net.bytebuddy.implementation.attribute.MethodAttributeAppender
2024-11-12 13:41:15,830 INFO  EvoClassLoader - Seeing class for first time: net.bytebuddy.implementation.attribute.MethodAttributeAppender$Factory
2024-11-12 13:41:15,830 INFO  EvoClassLoader - Instrumenting class 'net.bytebuddy.implementation.attribute.MethodAttributeAppender$Factory'.
2024-11-12 13:41:15,830 INFO  EvoClassLoader - Keeping class: net.bytebuddy.implementation.attribute.MethodAttributeAppender$Factory
2024-11-12 13:41:15,830 INFO  EvoClassLoader - Keeping class: net.bytebuddy.implementation.attribute.MethodAttributeAppender$NoOp
2024-11-12 13:41:15,830 INFO  EvoClassLoader - Seeing class for first time: net.bytebuddy.implementation.attribute.MethodAttributeAppender$ForInstrumentedMethod
2024-11-12 13:41:15,830 INFO  EvoClassLoader - Instrumenting class 'net.bytebuddy.implementation.attribute.MethodAttributeAppender$ForInstrumentedMethod'.
2024-11-12 13:41:15,830 INFO  MethodCallReplacementClassAdapter - Adding mock interface to class net/bytebuddy/implementation/attribute/MethodAttributeAppender$ForInstrumentedMethod
2024-11-12 13:41:15,830 INFO  CreateClassResetClassAdapter - Found static initializer in class net/bytebuddy/implementation/attribute/MethodAttributeAppender$ForInstrumentedMethod
2024-11-12 13:41:15,830 INFO  EvoClassLoader - Keeping class: net.bytebuddy.implementation.attribute.MethodAttributeAppender$ForInstrumentedMethod
2024-11-12 13:41:15,830 INFO  EvoClassLoader - Seeing class for first time: net.bytebuddy.dynamic.DynamicType$Builder
2024-11-12 13:41:15,830 INFO  EvoClassLoader - Instrumenting class 'net.bytebuddy.dynamic.DynamicType$Builder'.
2024-11-12 13:41:15,831 INFO  EvoClassLoader - Defined package (3): package net.bytebuddy.dynamic, 1219921662
2024-11-12 13:41:15,831 INFO  EvoClassLoader - Keeping class: net.bytebuddy.dynamic.DynamicType$Builder
2024-11-12 13:41:15,831 INFO  EvoClassLoader - Seeing class for first time: net.bytebuddy.matcher.ElementMatchers
2024-11-12 13:41:15,831 INFO  EvoClassLoader - Instrumenting class 'net.bytebuddy.matcher.ElementMatchers'.
2024-11-12 13:41:15,832 INFO  MethodCallReplacementClassAdapter - Adding mock interface to class net/bytebuddy/matcher/ElementMatchers
2024-11-12 13:41:15,836 INFO  CreateClassResetClassAdapter - Found static initializer in class net/bytebuddy/matcher/ElementMatchers
2024-11-12 13:41:15,837 INFO  EvoClassLoader - Keeping class: net.bytebuddy.matcher.ElementMatchers
2024-11-12 13:41:15,837 INFO  EvoClassLoader - Seeing class for first time: net.bytebuddy.matcher.ElementMatcher$Junction
2024-11-12 13:41:15,837 INFO  EvoClassLoader - Instrumenting class 'net.bytebuddy.matcher.ElementMatcher$Junction'.
2024-11-12 13:41:15,837 INFO  EvoClassLoader - Keeping class: net.bytebuddy.matcher.ElementMatcher$Junction
2024-11-12 13:41:15,837 INFO  EvoClassLoader - Seeing class for first time: net.bytebuddy.matcher.BooleanMatcher
2024-11-12 13:41:15,837 INFO  EvoClassLoader - Instrumenting class 'net.bytebuddy.matcher.BooleanMatcher'.
2024-11-12 13:41:15,837 INFO  MethodCallReplacementClassAdapter - Adding mock interface to class net/bytebuddy/matcher/BooleanMatcher
2024-11-12 13:41:15,837 INFO  CreateClassResetClassAdapter - Creating brand-new static initializer in class net/bytebuddy/matcher/BooleanMatcher
2024-11-12 13:41:15,837 INFO  EvoClassLoader - Seeing class for first time: net.bytebuddy.matcher.ElementMatcher$Junction$AbstractBase
2024-11-12 13:41:15,837 INFO  EvoClassLoader - Instrumenting class 'net.bytebuddy.matcher.ElementMatcher$Junction$AbstractBase'.
2024-11-12 13:41:15,837 INFO  MethodCallReplacementClassAdapter - Adding mock interface to class net/bytebuddy/matcher/ElementMatcher$Junction$AbstractBase
2024-11-12 13:41:15,837 INFO  CreateClassResetClassAdapter - Creating brand-new static initializer in class net/bytebuddy/matcher/ElementMatcher$Junction$AbstractBase
2024-11-12 13:41:15,837 INFO  EvoClassLoader - Keeping class: net.bytebuddy.matcher.ElementMatcher$Junction$AbstractBase
2024-11-12 13:41:15,837 INFO  EvoClassLoader - Keeping class: net.bytebuddy.matcher.BooleanMatcher
2024-11-12 13:41:15,838 INFO  EvoClassLoader - Seeing class for first time: net.bytebuddy.matcher.NullMatcher
2024-11-12 13:41:15,838 INFO  EvoClassLoader - Instrumenting class 'net.bytebuddy.matcher.NullMatcher'.
2024-11-12 13:41:15,838 INFO  MethodCallReplacementClassAdapter - Adding mock interface to class net/bytebuddy/matcher/NullMatcher
2024-11-12 13:41:15,838 INFO  CreateClassResetClassAdapter - Creating brand-new static initializer in class net/bytebuddy/matcher/NullMatcher
2024-11-12 13:41:15,838 INFO  EvoClassLoader - Keeping class: net.bytebuddy.matcher.NullMatcher
2024-11-12 13:41:15,838 INFO  EvoClassLoader - Seeing class for first time: net.bytebuddy.matcher.EqualityMatcher
2024-11-12 13:41:15,838 INFO  EvoClassLoader - Instrumenting class 'net.bytebuddy.matcher.EqualityMatcher'.
2024-11-12 13:41:15,838 INFO  MethodCallReplacementClassAdapter - Adding mock interface to class net/bytebuddy/matcher/EqualityMatcher
2024-11-12 13:41:15,838 INFO  CreateClassResetClassAdapter - Creating brand-new static initializer in class net/bytebuddy/matcher/EqualityMatcher
2024-11-12 13:41:15,838 INFO  EvoClassLoader - Keeping class: net.bytebuddy.matcher.EqualityMatcher
2024-11-12 13:41:15,838 INFO  EvoClassLoader - Seeing class for first time: net.bytebuddy.description.field.FieldDescription$InDefinedShape
2024-11-12 13:41:15,838 INFO  EvoClassLoader - Instrumenting class 'net.bytebuddy.description.field.FieldDescription$InDefinedShape'.
2024-11-12 13:41:15,838 INFO  EvoClassLoader - Defined package (3): package net.bytebuddy.description.field, -2035144569
2024-11-12 13:41:15,838 INFO  EvoClassLoader - Seeing class for first time: net.bytebuddy.description.field.FieldDescription
2024-11-12 13:41:15,838 INFO  EvoClassLoader - Instrumenting class 'net.bytebuddy.description.field.FieldDescription'.
2024-11-12 13:41:15,839 INFO  EvoClassLoader - Seeing class for first time: net.bytebuddy.description.ModifierReviewable$ForFieldDescription
2024-11-12 13:41:15,839 INFO  EvoClassLoader - Instrumenting class 'net.bytebuddy.description.ModifierReviewable$ForFieldDescription'.
2024-11-12 13:41:15,839 INFO  EvoClassLoader - Keeping class: net.bytebuddy.description.ModifierReviewable$ForFieldDescription
2024-11-12 13:41:15,839 INFO  EvoClassLoader - Seeing class for first time: net.bytebuddy.description.NamedElement$WithGenericName
2024-11-12 13:41:15,839 INFO  EvoClassLoader - Instrumenting class 'net.bytebuddy.description.NamedElement$WithGenericName'.
2024-11-12 13:41:15,839 INFO  EvoClassLoader - Keeping class: net.bytebuddy.description.NamedElement$WithGenericName
2024-11-12 13:41:15,839 INFO  EvoClassLoader - Seeing class for first time: net.bytebuddy.description.ByteCodeElement$TypeDependant
2024-11-12 13:41:15,839 INFO  EvoClassLoader - Instrumenting class 'net.bytebuddy.description.ByteCodeElement$TypeDependant'.
2024-11-12 13:41:15,839 INFO  EvoClassLoader - Keeping class: net.bytebuddy.description.ByteCodeElement$TypeDependant
2024-11-12 13:41:15,839 INFO  EvoClassLoader - Keeping class: net.bytebuddy.description.field.FieldDescription
2024-11-12 13:41:15,839 INFO  EvoClassLoader - Keeping class: net.bytebuddy.description.field.FieldDescription$InDefinedShape
2024-11-12 13:41:15,839 INFO  EvoClassLoader - Seeing class for first time: net.bytebuddy.description.method.MethodDescription$InDefinedShape
2024-11-12 13:41:15,839 INFO  EvoClassLoader - Instrumenting class 'net.bytebuddy.description.method.MethodDescription$InDefinedShape'.
2024-11-12 13:41:15,839 INFO  EvoClassLoader - Defined package (3): package net.bytebuddy.description.method, 1532181236
2024-11-12 13:41:15,839 INFO  EvoClassLoader - Seeing class for first time: net.bytebuddy.description.method.MethodDescription
2024-11-12 13:41:15,839 INFO  EvoClassLoader - Instrumenting class 'net.bytebuddy.description.method.MethodDescription'.
2024-11-12 13:41:15,839 INFO  EvoClassLoader - Seeing class for first time: net.bytebuddy.description.ModifierReviewable$ForMethodDescription
2024-11-12 13:41:15,839 INFO  EvoClassLoader - Instrumenting class 'net.bytebuddy.description.ModifierReviewable$ForMethodDescription'.
2024-11-12 13:41:15,840 INFO  EvoClassLoader - Keeping class: net.bytebuddy.description.ModifierReviewable$ForMethodDescription
2024-11-12 13:41:15,840 INFO  EvoClassLoader - Keeping class: net.bytebuddy.description.method.MethodDescription
2024-11-12 13:41:15,840 INFO  EvoClassLoader - Keeping class: net.bytebuddy.description.method.MethodDescription$InDefinedShape
2024-11-12 13:41:15,840 INFO  EvoClassLoader - Seeing class for first time: net.bytebuddy.description.method.ParameterDescription$InDefinedShape
2024-11-12 13:41:15,840 INFO  EvoClassLoader - Instrumenting class 'net.bytebuddy.description.method.ParameterDescription$InDefinedShape'.
2024-11-12 13:41:15,840 INFO  EvoClassLoader - Seeing class for first time: net.bytebuddy.description.method.ParameterDescription
2024-11-12 13:41:15,840 INFO  EvoClassLoader - Instrumenting class 'net.bytebuddy.description.method.ParameterDescription'.
2024-11-12 13:41:15,840 INFO  EvoClassLoader - Seeing class for first time: net.bytebuddy.description.ModifierReviewable$ForParameterDescription
2024-11-12 13:41:15,840 INFO  EvoClassLoader - Instrumenting class 'net.bytebuddy.description.ModifierReviewable$ForParameterDescription'.
2024-11-12 13:41:15,840 INFO  EvoClassLoader - Keeping class: net.bytebuddy.description.ModifierReviewable$ForParameterDescription
2024-11-12 13:41:15,840 INFO  EvoClassLoader - Keeping class: net.bytebuddy.description.method.ParameterDescription
2024-11-12 13:41:15,840 INFO  EvoClassLoader - Keeping class: net.bytebuddy.description.method.ParameterDescription$InDefinedShape
2024-11-12 13:41:15,840 INFO  EvoClassLoader - Seeing class for first time: net.bytebuddy.description.method.MethodDescription$SignatureToken
2024-11-12 13:41:15,840 INFO  EvoClassLoader - Instrumenting class 'net.bytebuddy.description.method.MethodDescription$SignatureToken'.
2024-11-12 13:41:15,840 INFO  MethodCallReplacementClassAdapter - Adding mock interface to class net/bytebuddy/description/method/MethodDescription$SignatureToken
2024-11-12 13:41:15,840 INFO  CreateClassResetClassAdapter - Creating brand-new static initializer in class net/bytebuddy/description/method/MethodDescription$SignatureToken
2024-11-12 13:41:15,840 INFO  EvoClassLoader - Keeping class: net.bytebuddy.description.method.MethodDescription$SignatureToken
2024-11-12 13:41:15,840 INFO  EvoClassLoader - Seeing class for first time: net.bytebuddy.description.type.TypeDefinition$Sort
2024-11-12 13:41:15,840 INFO  EvoClassLoader - Instrumenting class 'net.bytebuddy.description.type.TypeDefinition$Sort'.
2024-11-12 13:41:15,841 INFO  MethodCallReplacementClassAdapter - Adding mock interface to class net/bytebuddy/description/type/TypeDefinition$Sort
2024-11-12 13:41:15,841 INFO  CreateClassResetClassAdapter - Found static initializer in class net/bytebuddy/description/type/TypeDefinition$Sort
2024-11-12 13:41:15,841 INFO  EvoClassLoader - Keeping class: net.bytebuddy.description.type.TypeDefinition$Sort
2024-11-12 13:41:15,841 INFO  EvoClassLoader - Seeing class for first time: net.bytebuddy.matcher.ElementMatcher$Junction$Disjunction
2024-11-12 13:41:15,841 INFO  EvoClassLoader - Instrumenting class 'net.bytebuddy.matcher.ElementMatcher$Junction$Disjunction'.
2024-11-12 13:41:15,841 INFO  MethodCallReplacementClassAdapter - Adding mock interface to class net/bytebuddy/matcher/ElementMatcher$Junction$Disjunction
2024-11-12 13:41:15,841 INFO  CreateClassResetClassAdapter - Creating brand-new static initializer in class net/bytebuddy/matcher/ElementMatcher$Junction$Disjunction
2024-11-12 13:41:15,841 INFO  EvoClassLoader - Keeping class: net.bytebuddy.matcher.ElementMatcher$Junction$Disjunction
2024-11-12 13:41:15,841 INFO  EvoClassLoader - Seeing class for first time: net.bytebuddy.matcher.ElementMatcher$Junction$Conjunction
2024-11-12 13:41:15,841 INFO  EvoClassLoader - Instrumenting class 'net.bytebuddy.matcher.ElementMatcher$Junction$Conjunction'.
2024-11-12 13:41:15,841 INFO  MethodCallReplacementClassAdapter - Adding mock interface to class net/bytebuddy/matcher/ElementMatcher$Junction$Conjunction
2024-11-12 13:41:15,842 INFO  CreateClassResetClassAdapter - Creating brand-new static initializer in class net/bytebuddy/matcher/ElementMatcher$Junction$Conjunction
2024-11-12 13:41:15,842 INFO  EvoClassLoader - Keeping class: net.bytebuddy.matcher.ElementMatcher$Junction$Conjunction
2024-11-12 13:41:15,842 INFO  EvoClassLoader - Seeing class for first time: net.bytebuddy.implementation.MethodDelegation
2024-11-12 13:41:15,842 INFO  EvoClassLoader - Instrumenting class 'net.bytebuddy.implementation.MethodDelegation'.
2024-11-12 13:41:15,842 INFO  MethodCallReplacementClassAdapter - Adding mock interface to class net/bytebuddy/implementation/MethodDelegation
2024-11-12 13:41:15,842 INFO  CreateClassResetClassAdapter - Creating brand-new static initializer in class net/bytebuddy/implementation/MethodDelegation
2024-11-12 13:41:15,842 INFO  EvoClassLoader - Seeing class for first time: net.bytebuddy.implementation.Implementation$Composable
2024-11-12 13:41:15,842 INFO  EvoClassLoader - Instrumenting class 'net.bytebuddy.implementation.Implementation$Composable'.
2024-11-12 13:41:15,842 INFO  EvoClassLoader - Keeping class: net.bytebuddy.implementation.Implementation$Composable
2024-11-12 13:41:15,842 INFO  EvoClassLoader - Keeping class: net.bytebuddy.implementation.MethodDelegation
2024-11-12 13:41:15,842 INFO  EvoClassLoader - Seeing class for first time: net.bytebuddy.implementation.bind.MethodDelegationBinder$AmbiguityResolver
2024-11-12 13:41:15,842 INFO  EvoClassLoader - Instrumenting class 'net.bytebuddy.implementation.bind.MethodDelegationBinder$AmbiguityResolver'.
2024-11-12 13:41:15,843 INFO  EvoClassLoader - Defined package (3): package net.bytebuddy.implementation.bind, -1489227464
2024-11-12 13:41:15,843 INFO  EvoClassLoader - Keeping class: net.bytebuddy.implementation.bind.MethodDelegationBinder$AmbiguityResolver
2024-11-12 13:41:15,843 INFO  EvoClassLoader - Seeing class for first time: net.bytebuddy.implementation.bind.MethodDelegationBinder$Record
2024-11-12 13:41:15,843 INFO  EvoClassLoader - Instrumenting class 'net.bytebuddy.implementation.bind.MethodDelegationBinder$Record'.
2024-11-12 13:41:15,843 INFO  EvoClassLoader - Keeping class: net.bytebuddy.implementation.bind.MethodDelegationBinder$Record
2024-11-12 13:41:15,843 INFO  EvoClassLoader - Seeing class for first time: net.bytebuddy.implementation.bytecode.ByteCodeAppender
2024-11-12 13:41:15,843 INFO  EvoClassLoader - Instrumenting class 'net.bytebuddy.implementation.bytecode.ByteCodeAppender'.
2024-11-12 13:41:15,843 INFO  EvoClassLoader - Defined package (3): package net.bytebuddy.implementation.bytecode, -1213308304
2024-11-12 13:41:15,843 INFO  EvoClassLoader - Keeping class: net.bytebuddy.implementation.bytecode.ByteCodeAppender
2024-11-12 13:41:15,843 INFO  EvoClassLoader - Seeing class for first time: net.bytebuddy.implementation.bind.MethodDelegationBinder$TerminationHandler
2024-11-12 13:41:15,843 INFO  EvoClassLoader - Instrumenting class 'net.bytebuddy.implementation.bind.MethodDelegationBinder$TerminationHandler'.
2024-11-12 13:41:15,843 INFO  EvoClassLoader - Keeping class: net.bytebuddy.implementation.bind.MethodDelegationBinder$TerminationHandler
2024-11-12 13:41:15,843 INFO  EvoClassLoader - Seeing class for first time: net.bytebuddy.dynamic.scaffold.MethodGraph$Compiler
2024-11-12 13:41:15,843 INFO  EvoClassLoader - Instrumenting class 'net.bytebuddy.dynamic.scaffold.MethodGraph$Compiler'.
2024-11-12 13:41:15,843 INFO  EvoClassLoader - Keeping class: net.bytebuddy.dynamic.scaffold.MethodGraph$Compiler
2024-11-12 13:41:15,843 INFO  EvoClassLoader - Seeing class for first time: net.bytebuddy.dynamic.scaffold.InstrumentedType
2024-11-12 13:41:15,843 INFO  EvoClassLoader - Instrumenting class 'net.bytebuddy.dynamic.scaffold.InstrumentedType'.
2024-11-12 13:41:15,844 INFO  EvoClassLoader - Keeping class: net.bytebuddy.dynamic.scaffold.InstrumentedType
2024-11-12 13:41:15,844 INFO  EvoClassLoader - Seeing class for first time: net.bytebuddy.implementation.Implementation$Target
2024-11-12 13:41:15,844 INFO  EvoClassLoader - Instrumenting class 'net.bytebuddy.implementation.Implementation$Target'.
2024-11-12 13:41:15,844 INFO  EvoClassLoader - Keeping class: net.bytebuddy.implementation.Implementation$Target
2024-11-12 13:41:15,844 INFO  EvoClassLoader - Seeing class for first time: net.bytebuddy.implementation.MethodDelegation$WithCustomProperties
2024-11-12 13:41:15,844 INFO  EvoClassLoader - Instrumenting class 'net.bytebuddy.implementation.MethodDelegation$WithCustomProperties'.
2024-11-12 13:41:15,844 INFO  MethodCallReplacementClassAdapter - Adding mock interface to class net/bytebuddy/implementation/MethodDelegation$WithCustomProperties
2024-11-12 13:41:15,845 INFO  CreateClassResetClassAdapter - Creating brand-new static initializer in class net/bytebuddy/implementation/MethodDelegation$WithCustomProperties
2024-11-12 13:41:15,845 INFO  EvoClassLoader - Keeping class: net.bytebuddy.implementation.MethodDelegation$WithCustomProperties
2024-11-12 13:41:15,845 INFO  EvoClassLoader - Seeing class for first time: net.bytebuddy.implementation.bytecode.assign.Assigner
2024-11-12 13:41:15,845 INFO  EvoClassLoader - Instrumenting class 'net.bytebuddy.implementation.bytecode.assign.Assigner'.
2024-11-12 13:41:15,845 INFO  EvoClassLoader - Defined package (3): package net.bytebuddy.implementation.bytecode.assign, -1145952723
2024-11-12 13:41:15,845 INFO  EvoClassLoader - Keeping class: net.bytebuddy.implementation.bytecode.assign.Assigner
2024-11-12 13:41:15,845 INFO  EvoClassLoader - Seeing class for first time: net.bytebuddy.dynamic.scaffold.FieldLocator$Factory
2024-11-12 13:41:15,845 INFO  EvoClassLoader - Instrumenting class 'net.bytebuddy.dynamic.scaffold.FieldLocator$Factory'.
2024-11-12 13:41:15,846 INFO  EvoClassLoader - Keeping class: net.bytebuddy.dynamic.scaffold.FieldLocator$Factory
2024-11-12 13:41:15,846 INFO  EvoClassLoader - Seeing class for first time: net.bytebuddy.implementation.MethodDelegation$ImplementationDelegate
2024-11-12 13:41:15,846 INFO  EvoClassLoader - Instrumenting class 'net.bytebuddy.implementation.MethodDelegation$ImplementationDelegate'.
2024-11-12 13:41:15,846 INFO  EvoClassLoader - Keeping class: net.bytebuddy.implementation.MethodDelegation$ImplementationDelegate
2024-11-12 13:41:15,846 INFO  EvoClassLoader - Seeing class for first time: net.bytebuddy.implementation.bind.MethodDelegationBinder$BindingResolver
2024-11-12 13:41:15,846 INFO  EvoClassLoader - Instrumenting class 'net.bytebuddy.implementation.bind.MethodDelegationBinder$BindingResolver'.
2024-11-12 13:41:15,847 INFO  EvoClassLoader - Keeping class: net.bytebuddy.implementation.bind.MethodDelegationBinder$BindingResolver
2024-11-12 13:41:15,847 INFO  EvoClassLoader - Seeing class for first time: net.bytebuddy.implementation.bind.annotation.TargetMethodAnnotationDrivenBinder$ParameterBinder
2024-11-12 13:41:15,847 INFO  EvoClassLoader - Instrumenting class 'net.bytebuddy.implementation.bind.annotation.TargetMethodAnnotationDrivenBinder$ParameterBinder'.
2024-11-12 13:41:15,847 INFO  EvoClassLoader - Defined package (3): package net.bytebuddy.implementation.bind.annotation, -818977371
2024-11-12 13:41:15,847 INFO  EvoClassLoader - Keeping class: net.bytebuddy.implementation.bind.annotation.TargetMethodAnnotationDrivenBinder$ParameterBinder
2024-11-12 13:41:15,847 INFO  EvoClassLoader - Seeing class for first time: net.bytebuddy.implementation.bind.MethodDelegationBinder$AmbiguityResolver$Compound
2024-11-12 13:41:15,847 INFO  EvoClassLoader - Instrumenting class 'net.bytebuddy.implementation.bind.MethodDelegationBinder$AmbiguityResolver$Compound'.
2024-11-12 13:41:15,847 INFO  MethodCallReplacementClassAdapter - Adding mock interface to class net/bytebuddy/implementation/bind/MethodDelegationBinder$AmbiguityResolver$Compound
2024-11-12 13:41:15,848 INFO  CreateClassResetClassAdapter - Creating brand-new static initializer in class net/bytebuddy/implementation/bind/MethodDelegationBinder$AmbiguityResolver$Compound
2024-11-12 13:41:15,848 INFO  EvoClassLoader - Keeping class: net.bytebuddy.implementation.bind.MethodDelegationBinder$AmbiguityResolver$Compound
2024-11-12 13:41:15,848 INFO  EvoClassLoader - Seeing class for first time: net.bytebuddy.implementation.bind.MethodDelegationBinder
2024-11-12 13:41:15,848 INFO  EvoClassLoader - Instrumenting class 'net.bytebuddy.implementation.bind.MethodDelegationBinder'.
2024-11-12 13:41:15,848 INFO  EvoClassLoader - Keeping class: net.bytebuddy.implementation.bind.MethodDelegationBinder
2024-11-12 13:41:15,848 INFO  EvoClassLoader - Seeing class for first time: net.bytebuddy.implementation.bind.MethodDelegationBinder$MethodBinding
2024-11-12 13:41:15,848 INFO  EvoClassLoader - Instrumenting class 'net.bytebuddy.implementation.bind.MethodDelegationBinder$MethodBinding'.
2024-11-12 13:41:15,849 INFO  EvoClassLoader - Seeing class for first time: net.bytebuddy.implementation.bytecode.StackManipulation
2024-11-12 13:41:15,849 INFO  EvoClassLoader - Instrumenting class 'net.bytebuddy.implementation.bytecode.StackManipulation'.
2024-11-12 13:41:15,849 INFO  EvoClassLoader - Keeping class: net.bytebuddy.implementation.bytecode.StackManipulation
2024-11-12 13:41:15,849 INFO  EvoClassLoader - Keeping class: net.bytebuddy.implementation.bind.MethodDelegationBinder$MethodBinding
2024-11-12 13:41:15,849 INFO  EvoClassLoader - Seeing class for first time: net.bytebuddy.implementation.bind.MethodDelegationBinder$AmbiguityResolver$Resolution
2024-11-12 13:41:15,849 INFO  EvoClassLoader - Instrumenting class 'net.bytebuddy.implementation.bind.MethodDelegationBinder$AmbiguityResolver$Resolution'.
2024-11-12 13:41:15,849 INFO  MethodCallReplacementClassAdapter - Adding mock interface to class net/bytebuddy/implementation/bind/MethodDelegationBinder$AmbiguityResolver$Resolution
2024-11-12 13:41:15,849 INFO  CreateClassResetClassAdapter - Found static initializer in class net/bytebuddy/implementation/bind/MethodDelegationBinder$AmbiguityResolver$Resolution
2024-11-12 13:41:15,850 INFO  EvoClassLoader - Keeping class: net.bytebuddy.implementation.bind.MethodDelegationBinder$AmbiguityResolver$Resolution
2024-11-12 13:41:15,850 INFO  EvoClassLoader - Seeing class for first time: net.bytebuddy.implementation.bind.annotation.BindingPriority$Resolver
2024-11-12 13:41:15,850 INFO  EvoClassLoader - Instrumenting class 'net.bytebuddy.implementation.bind.annotation.BindingPriority$Resolver'.
2024-11-12 13:41:15,850 INFO  MethodCallReplacementClassAdapter - Adding mock interface to class net/bytebuddy/implementation/bind/annotation/BindingPriority$Resolver
2024-11-12 13:41:15,850 INFO  CreateClassResetClassAdapter - Found static initializer in class net/bytebuddy/implementation/bind/annotation/BindingPriority$Resolver
2024-11-12 13:41:15,850 INFO  EvoClassLoader - Keeping class: net.bytebuddy.implementation.bind.annotation.BindingPriority$Resolver
2024-11-12 13:41:15,850 INFO  EvoClassLoader - Seeing class for first time: net.bytebuddy.implementation.bind.annotation.BindingPriority
2024-11-12 13:41:15,850 INFO  EvoClassLoader - Instrumenting class 'net.bytebuddy.implementation.bind.annotation.BindingPriority'.
2024-11-12 13:41:15,851 INFO  EvoClassLoader - Keeping class: net.bytebuddy.implementation.bind.annotation.BindingPriority
2024-11-12 13:41:15,851 INFO  EvoClassLoader - Seeing class for first time: net.bytebuddy.description.annotation.AnnotationDescription$Loadable
2024-11-12 13:41:15,851 INFO  EvoClassLoader - Instrumenting class 'net.bytebuddy.description.annotation.AnnotationDescription$Loadable'.
2024-11-12 13:41:15,851 INFO  EvoClassLoader - Seeing class for first time: net.bytebuddy.description.annotation.AnnotationDescription
2024-11-12 13:41:15,851 INFO  EvoClassLoader - Instrumenting class 'net.bytebuddy.description.annotation.AnnotationDescription'.
2024-11-12 13:41:15,851 INFO  EvoClassLoader - Keeping class: net.bytebuddy.description.annotation.AnnotationDescription
2024-11-12 13:41:15,851 INFO  EvoClassLoader - Keeping class: net.bytebuddy.description.annotation.AnnotationDescription$Loadable
2024-11-12 13:41:15,851 INFO  EvoClassLoader - Seeing class for first time: net.bytebuddy.implementation.bind.DeclaringTypeResolver
2024-11-12 13:41:15,851 INFO  EvoClassLoader - Instrumenting class 'net.bytebuddy.implementation.bind.DeclaringTypeResolver'.
2024-11-12 13:41:15,851 INFO  MethodCallReplacementClassAdapter - Adding mock interface to class net/bytebuddy/implementation/bind/DeclaringTypeResolver
2024-11-12 13:41:15,851 INFO  CreateClassResetClassAdapter - Found static initializer in class net/bytebuddy/implementation/bind/DeclaringTypeResolver
2024-11-12 13:41:15,851 INFO  EvoClassLoader - Keeping class: net.bytebuddy.implementation.bind.DeclaringTypeResolver
2024-11-12 13:41:15,852 INFO  EvoClassLoader - Seeing class for first time: net.bytebuddy.implementation.bind.ArgumentTypeResolver
2024-11-12 13:41:15,852 INFO  EvoClassLoader - Instrumenting class 'net.bytebuddy.implementation.bind.ArgumentTypeResolver'.
2024-11-12 13:41:15,852 INFO  MethodCallReplacementClassAdapter - Adding mock interface to class net/bytebuddy/implementation/bind/ArgumentTypeResolver
2024-11-12 13:41:15,852 INFO  CreateClassResetClassAdapter - Found static initializer in class net/bytebuddy/implementation/bind/ArgumentTypeResolver
2024-11-12 13:41:15,852 INFO  EvoClassLoader - Keeping class: net.bytebuddy.implementation.bind.ArgumentTypeResolver
2024-11-12 13:41:15,852 INFO  EvoClassLoader - Seeing class for first time: net.bytebuddy.implementation.bind.MethodNameEqualityResolver
2024-11-12 13:41:15,852 INFO  EvoClassLoader - Instrumenting class 'net.bytebuddy.implementation.bind.MethodNameEqualityResolver'.
2024-11-12 13:41:15,852 INFO  MethodCallReplacementClassAdapter - Adding mock interface to class net/bytebuddy/implementation/bind/MethodNameEqualityResolver
2024-11-12 13:41:15,852 INFO  CreateClassResetClassAdapter - Found static initializer in class net/bytebuddy/implementation/bind/MethodNameEqualityResolver
2024-11-12 13:41:15,852 INFO  EvoClassLoader - Keeping class: net.bytebuddy.implementation.bind.MethodNameEqualityResolver
2024-11-12 13:41:15,852 INFO  EvoClassLoader - Seeing class for first time: net.bytebuddy.implementation.bind.ParameterLengthResolver
2024-11-12 13:41:15,852 INFO  EvoClassLoader - Instrumenting class 'net.bytebuddy.implementation.bind.ParameterLengthResolver'.
2024-11-12 13:41:15,852 INFO  MethodCallReplacementClassAdapter - Adding mock interface to class net/bytebuddy/implementation/bind/ParameterLengthResolver
2024-11-12 13:41:15,852 INFO  CreateClassResetClassAdapter - Found static initializer in class net/bytebuddy/implementation/bind/ParameterLengthResolver
2024-11-12 13:41:15,853 INFO  EvoClassLoader - Keeping class: net.bytebuddy.implementation.bind.ParameterLengthResolver
2024-11-12 13:41:15,853 INFO  EvoClassLoader - Seeing class for first time: net.bytebuddy.implementation.bind.annotation.Argument$Binder
2024-11-12 13:41:15,853 INFO  EvoClassLoader - Instrumenting class 'net.bytebuddy.implementation.bind.annotation.Argument$Binder'.
2024-11-12 13:41:15,853 INFO  MethodCallReplacementClassAdapter - Adding mock interface to class net/bytebuddy/implementation/bind/annotation/Argument$Binder
2024-11-12 13:41:15,853 INFO  CreateClassResetClassAdapter - Found static initializer in class net/bytebuddy/implementation/bind/annotation/Argument$Binder
2024-11-12 13:41:15,853 INFO  EvoClassLoader - Keeping class: net.bytebuddy.implementation.bind.annotation.Argument$Binder
2024-11-12 13:41:15,853 INFO  EvoClassLoader - Seeing class for first time: net.bytebuddy.implementation.bind.annotation.Argument
2024-11-12 13:41:15,853 INFO  EvoClassLoader - Instrumenting class 'net.bytebuddy.implementation.bind.annotation.Argument'.
2024-11-12 13:41:15,853 INFO  EvoClassLoader - Keeping class: net.bytebuddy.implementation.bind.annotation.Argument
2024-11-12 13:41:15,853 INFO  EvoClassLoader - Seeing class for first time: net.bytebuddy.implementation.bind.MethodDelegationBinder$ParameterBinding
2024-11-12 13:41:15,853 INFO  EvoClassLoader - Instrumenting class 'net.bytebuddy.implementation.bind.MethodDelegationBinder$ParameterBinding'.
2024-11-12 13:41:15,854 INFO  EvoClassLoader - Keeping class: net.bytebuddy.implementation.bind.MethodDelegationBinder$ParameterBinding
2024-11-12 13:41:15,854 INFO  EvoClassLoader - Seeing class for first time: net.bytebuddy.implementation.bytecode.assign.Assigner$Typing
2024-11-12 13:41:15,854 INFO  EvoClassLoader - Instrumenting class 'net.bytebuddy.implementation.bytecode.assign.Assigner$Typing'.
2024-11-12 13:41:15,854 INFO  MethodCallReplacementClassAdapter - Adding mock interface to class net/bytebuddy/implementation/bytecode/assign/Assigner$Typing
2024-11-12 13:41:15,854 INFO  CreateClassResetClassAdapter - Found static initializer in class net/bytebuddy/implementation/bytecode/assign/Assigner$Typing
2024-11-12 13:41:15,854 INFO  EvoClassLoader - Keeping class: net.bytebuddy.implementation.bytecode.assign.Assigner$Typing
2024-11-12 13:41:15,854 INFO  EvoClassLoader - Seeing class for first time: net.bytebuddy.implementation.bind.annotation.AllArguments$Binder
2024-11-12 13:41:15,854 INFO  EvoClassLoader - Instrumenting class 'net.bytebuddy.implementation.bind.annotation.AllArguments$Binder'.
2024-11-12 13:41:15,854 INFO  MethodCallReplacementClassAdapter - Adding mock interface to class net/bytebuddy/implementation/bind/annotation/AllArguments$Binder
2024-11-12 13:41:15,855 INFO  CreateClassResetClassAdapter - Found static initializer in class net/bytebuddy/implementation/bind/annotation/AllArguments$Binder
2024-11-12 13:41:15,855 INFO  EvoClassLoader - Keeping class: net.bytebuddy.implementation.bind.annotation.AllArguments$Binder
2024-11-12 13:41:15,855 INFO  EvoClassLoader - Seeing class for first time: net.bytebuddy.implementation.bind.annotation.AllArguments
2024-11-12 13:41:15,855 INFO  EvoClassLoader - Instrumenting class 'net.bytebuddy.implementation.bind.annotation.AllArguments'.
2024-11-12 13:41:15,855 INFO  EvoClassLoader - Keeping class: net.bytebuddy.implementation.bind.annotation.AllArguments
2024-11-12 13:41:15,855 INFO  EvoClassLoader - Seeing class for first time: net.bytebuddy.implementation.bind.annotation.Origin$Binder
2024-11-12 13:41:15,855 INFO  EvoClassLoader - Instrumenting class 'net.bytebuddy.implementation.bind.annotation.Origin$Binder'.
2024-11-12 13:41:15,856 INFO  MethodCallReplacementClassAdapter - Adding mock interface to class net/bytebuddy/implementation/bind/annotation/Origin$Binder
2024-11-12 13:41:15,856 INFO  CreateClassResetClassAdapter - Found static initializer in class net/bytebuddy/implementation/bind/annotation/Origin$Binder
2024-11-12 13:41:15,856 INFO  EvoClassLoader - Keeping class: net.bytebuddy.implementation.bind.annotation.Origin$Binder
2024-11-12 13:41:15,857 INFO  EvoClassLoader - Seeing class for first time: net.bytebuddy.implementation.bind.annotation.Origin
2024-11-12 13:41:15,857 INFO  EvoClassLoader - Instrumenting class 'net.bytebuddy.implementation.bind.annotation.Origin'.
2024-11-12 13:41:15,857 INFO  EvoClassLoader - Keeping class: net.bytebuddy.implementation.bind.annotation.Origin
2024-11-12 13:41:15,857 INFO  EvoClassLoader - Seeing class for first time: net.bytebuddy.implementation.bind.MethodDelegationBinder$ParameterBinding$Anonymous
2024-11-12 13:41:15,857 INFO  EvoClassLoader - Instrumenting class 'net.bytebuddy.implementation.bind.MethodDelegationBinder$ParameterBinding$Anonymous'.
2024-11-12 13:41:15,857 INFO  MethodCallReplacementClassAdapter - Adding mock interface to class net/bytebuddy/implementation/bind/MethodDelegationBinder$ParameterBinding$Anonymous
2024-11-12 13:41:15,857 INFO  CreateClassResetClassAdapter - Creating brand-new static initializer in class net/bytebuddy/implementation/bind/MethodDelegationBinder$ParameterBinding$Anonymous
2024-11-12 13:41:15,857 INFO  EvoClassLoader - Keeping class: net.bytebuddy.implementation.bind.MethodDelegationBinder$ParameterBinding$Anonymous
2024-11-12 13:41:15,857 INFO  EvoClassLoader - Seeing class for first time: net.bytebuddy.implementation.bind.MethodDelegationBinder$ParameterBinding$Illegal
2024-11-12 13:41:15,857 INFO  EvoClassLoader - Instrumenting class 'net.bytebuddy.implementation.bind.MethodDelegationBinder$ParameterBinding$Illegal'.
2024-11-12 13:41:15,857 INFO  MethodCallReplacementClassAdapter - Adding mock interface to class net/bytebuddy/implementation/bind/MethodDelegationBinder$ParameterBinding$Illegal
2024-11-12 13:41:15,857 INFO  CreateClassResetClassAdapter - Found static initializer in class net/bytebuddy/implementation/bind/MethodDelegationBinder$ParameterBinding$Illegal
2024-11-12 13:41:15,857 INFO  EvoClassLoader - Keeping class: net.bytebuddy.implementation.bind.MethodDelegationBinder$ParameterBinding$Illegal
2024-11-12 13:41:15,857 INFO  EvoClassLoader - Seeing class for first time: net.bytebuddy.utility.JavaConstant
2024-11-12 13:41:15,857 INFO  EvoClassLoader - Instrumenting class 'net.bytebuddy.utility.JavaConstant'.
2024-11-12 13:41:15,858 INFO  EvoClassLoader - Keeping class: net.bytebuddy.utility.JavaConstant
2024-11-12 13:41:15,858 INFO  EvoClassLoader - Seeing class for first time: net.bytebuddy.implementation.bind.annotation.This$Binder
2024-11-12 13:41:15,858 INFO  EvoClassLoader - Instrumenting class 'net.bytebuddy.implementation.bind.annotation.This$Binder'.
2024-11-12 13:41:15,858 INFO  MethodCallReplacementClassAdapter - Adding mock interface to class net/bytebuddy/implementation/bind/annotation/This$Binder
2024-11-12 13:41:15,858 INFO  CreateClassResetClassAdapter - Found static initializer in class net/bytebuddy/implementation/bind/annotation/This$Binder
2024-11-12 13:41:15,858 INFO  EvoClassLoader - Keeping class: net.bytebuddy.implementation.bind.annotation.This$Binder
2024-11-12 13:41:15,858 INFO  EvoClassLoader - Seeing class for first time: net.bytebuddy.implementation.bind.annotation.This
2024-11-12 13:41:15,858 INFO  EvoClassLoader - Instrumenting class 'net.bytebuddy.implementation.bind.annotation.This'.
2024-11-12 13:41:15,859 INFO  EvoClassLoader - Keeping class: net.bytebuddy.implementation.bind.annotation.This
2024-11-12 13:41:15,859 INFO  EvoClassLoader - Seeing class for first time: net.bytebuddy.implementation.bytecode.constant.NullConstant
2024-11-12 13:41:15,859 INFO  EvoClassLoader - Instrumenting class 'net.bytebuddy.implementation.bytecode.constant.NullConstant'.
2024-11-12 13:41:15,859 INFO  MethodCallReplacementClassAdapter - Adding mock interface to class net/bytebuddy/implementation/bytecode/constant/NullConstant
2024-11-12 13:41:15,859 INFO  CreateClassResetClassAdapter - Found static initializer in class net/bytebuddy/implementation/bytecode/constant/NullConstant
2024-11-12 13:41:15,859 INFO  EvoClassLoader - Defined package (3): package net.bytebuddy.implementation.bytecode.constant, -1946865310
2024-11-12 13:41:15,859 INFO  EvoClassLoader - Keeping class: net.bytebuddy.implementation.bytecode.constant.NullConstant
2024-11-12 13:41:15,859 INFO  EvoClassLoader - Seeing class for first time: net.bytebuddy.implementation.bytecode.StackManipulation$Compound
2024-11-12 13:41:15,859 INFO  EvoClassLoader - Instrumenting class 'net.bytebuddy.implementation.bytecode.StackManipulation$Compound'.
2024-11-12 13:41:15,859 INFO  MethodCallReplacementClassAdapter - Adding mock interface to class net/bytebuddy/implementation/bytecode/StackManipulation$Compound
2024-11-12 13:41:15,860 INFO  CreateClassResetClassAdapter - Creating brand-new static initializer in class net/bytebuddy/implementation/bytecode/StackManipulation$Compound
2024-11-12 13:41:15,860 INFO  EvoClassLoader - Keeping class: net.bytebuddy.implementation.bytecode.StackManipulation$Compound
2024-11-12 13:41:15,860 INFO  EvoClassLoader - Seeing class for first time: net.bytebuddy.description.ModifierReviewable$AbstractBase
2024-11-12 13:41:15,860 INFO  EvoClassLoader - Instrumenting class 'net.bytebuddy.description.ModifierReviewable$AbstractBase'.
2024-11-12 13:41:15,860 INFO  MethodCallReplacementClassAdapter - Adding mock interface to class net/bytebuddy/description/ModifierReviewable$AbstractBase
2024-11-12 13:41:15,860 INFO  CreateClassResetClassAdapter - Creating brand-new static initializer in class net/bytebuddy/description/ModifierReviewable$AbstractBase
2024-11-12 13:41:15,860 INFO  EvoClassLoader - Keeping class: net.bytebuddy.description.ModifierReviewable$AbstractBase
2024-11-12 13:41:15,861 INFO  EvoClassLoader - Seeing class for first time: net.bytebuddy.description.modifier.TypeManifestation
2024-11-12 13:41:15,861 INFO  EvoClassLoader - Instrumenting class 'net.bytebuddy.description.modifier.TypeManifestation'.
2024-11-12 13:41:15,861 INFO  MethodCallReplacementClassAdapter - Adding mock interface to class net/bytebuddy/description/modifier/TypeManifestation
2024-11-12 13:41:15,861 INFO  CreateClassResetClassAdapter - Found static initializer in class net/bytebuddy/description/modifier/TypeManifestation
2024-11-12 13:41:15,861 INFO  EvoClassLoader - Defined package (3): package net.bytebuddy.description.modifier, -919915478
2024-11-12 13:41:15,861 INFO  EvoClassLoader - Seeing class for first time: net.bytebuddy.description.modifier.ModifierContributor$ForType
2024-11-12 13:41:15,861 INFO  EvoClassLoader - Instrumenting class 'net.bytebuddy.description.modifier.ModifierContributor$ForType'.
2024-11-12 13:41:15,861 INFO  EvoClassLoader - Seeing class for first time: net.bytebuddy.description.modifier.ModifierContributor
2024-11-12 13:41:15,861 INFO  EvoClassLoader - Instrumenting class 'net.bytebuddy.description.modifier.ModifierContributor'.
2024-11-12 13:41:15,861 INFO  EvoClassLoader - Keeping class: net.bytebuddy.description.modifier.ModifierContributor
2024-11-12 13:41:15,861 INFO  EvoClassLoader - Keeping class: net.bytebuddy.description.modifier.ModifierContributor$ForType
2024-11-12 13:41:15,861 INFO  EvoClassLoader - Keeping class: net.bytebuddy.description.modifier.TypeManifestation
2024-11-12 13:41:15,861 INFO  EvoClassLoader - Seeing class for first time: net.bytebuddy.description.modifier.SyntheticState
2024-11-12 13:41:15,861 INFO  EvoClassLoader - Instrumenting class 'net.bytebuddy.description.modifier.SyntheticState'.
2024-11-12 13:41:15,861 INFO  MethodCallReplacementClassAdapter - Adding mock interface to class net/bytebuddy/description/modifier/SyntheticState
2024-11-12 13:41:15,861 INFO  CreateClassResetClassAdapter - Found static initializer in class net/bytebuddy/description/modifier/SyntheticState
2024-11-12 13:41:15,861 INFO  EvoClassLoader - Seeing class for first time: net.bytebuddy.description.modifier.ModifierContributor$ForMethod
2024-11-12 13:41:15,861 INFO  EvoClassLoader - Instrumenting class 'net.bytebuddy.description.modifier.ModifierContributor$ForMethod'.
2024-11-12 13:41:15,861 INFO  EvoClassLoader - Keeping class: net.bytebuddy.description.modifier.ModifierContributor$ForMethod
2024-11-12 13:41:15,861 INFO  EvoClassLoader - Seeing class for first time: net.bytebuddy.description.modifier.ModifierContributor$ForField
2024-11-12 13:41:15,861 INFO  EvoClassLoader - Instrumenting class 'net.bytebuddy.description.modifier.ModifierContributor$ForField'.
2024-11-12 13:41:15,862 INFO  EvoClassLoader - Keeping class: net.bytebuddy.description.modifier.ModifierContributor$ForField
2024-11-12 13:41:15,862 INFO  EvoClassLoader - Seeing class for first time: net.bytebuddy.description.modifier.ModifierContributor$ForParameter
2024-11-12 13:41:15,862 INFO  EvoClassLoader - Instrumenting class 'net.bytebuddy.description.modifier.ModifierContributor$ForParameter'.
2024-11-12 13:41:15,862 INFO  EvoClassLoader - Keeping class: net.bytebuddy.description.modifier.ModifierContributor$ForParameter
2024-11-12 13:41:15,862 INFO  EvoClassLoader - Keeping class: net.bytebuddy.description.modifier.SyntheticState
2024-11-12 13:41:15,862 INFO  EvoClassLoader - Seeing class for first time: net.bytebuddy.description.modifier.Ownership
2024-11-12 13:41:15,862 INFO  EvoClassLoader - Instrumenting class 'net.bytebuddy.description.modifier.Ownership'.
2024-11-12 13:41:15,862 INFO  MethodCallReplacementClassAdapter - Adding mock interface to class net/bytebuddy/description/modifier/Ownership
2024-11-12 13:41:15,862 INFO  CreateClassResetClassAdapter - Found static initializer in class net/bytebuddy/description/modifier/Ownership
2024-11-12 13:41:15,862 INFO  EvoClassLoader - Keeping class: net.bytebuddy.description.modifier.Ownership
2024-11-12 13:41:15,862 INFO  EvoClassLoader - Seeing class for first time: net.bytebuddy.description.modifier.Visibility
2024-11-12 13:41:15,862 INFO  EvoClassLoader - Instrumenting class 'net.bytebuddy.description.modifier.Visibility'.
2024-11-12 13:41:15,862 INFO  MethodCallReplacementClassAdapter - Adding mock interface to class net/bytebuddy/description/modifier/Visibility
2024-11-12 13:41:15,862 INFO  CreateClassResetClassAdapter - Found static initializer in class net/bytebuddy/description/modifier/Visibility
2024-11-12 13:41:15,863 INFO  EvoClassLoader - Keeping class: net.bytebuddy.description.modifier.Visibility
2024-11-12 13:41:15,863 INFO  EvoClassLoader - Seeing class for first time: net.bytebuddy.description.modifier.EnumerationState
2024-11-12 13:41:15,863 INFO  EvoClassLoader - Instrumenting class 'net.bytebuddy.description.modifier.EnumerationState'.
2024-11-12 13:41:15,863 INFO  MethodCallReplacementClassAdapter - Adding mock interface to class net/bytebuddy/description/modifier/EnumerationState
2024-11-12 13:41:15,863 INFO  CreateClassResetClassAdapter - Found static initializer in class net/bytebuddy/description/modifier/EnumerationState
2024-11-12 13:41:15,863 INFO  EvoClassLoader - Keeping class: net.bytebuddy.description.modifier.EnumerationState
2024-11-12 13:41:15,863 INFO  EvoClassLoader - Seeing class for first time: net.bytebuddy.description.modifier.FieldManifestation
2024-11-12 13:41:15,863 INFO  EvoClassLoader - Instrumenting class 'net.bytebuddy.description.modifier.FieldManifestation'.
2024-11-12 13:41:15,863 INFO  MethodCallReplacementClassAdapter - Adding mock interface to class net/bytebuddy/description/modifier/FieldManifestation
2024-11-12 13:41:15,863 INFO  CreateClassResetClassAdapter - Found static initializer in class net/bytebuddy/description/modifier/FieldManifestation
2024-11-12 13:41:15,863 INFO  EvoClassLoader - Keeping class: net.bytebuddy.description.modifier.FieldManifestation
2024-11-12 13:41:15,863 INFO  EvoClassLoader - Seeing class for first time: net.bytebuddy.description.modifier.FieldPersistence
2024-11-12 13:41:15,863 INFO  EvoClassLoader - Instrumenting class 'net.bytebuddy.description.modifier.FieldPersistence'.
2024-11-12 13:41:15,863 INFO  MethodCallReplacementClassAdapter - Adding mock interface to class net/bytebuddy/description/modifier/FieldPersistence
2024-11-12 13:41:15,863 INFO  CreateClassResetClassAdapter - Found static initializer in class net/bytebuddy/description/modifier/FieldPersistence
2024-11-12 13:41:15,863 INFO  EvoClassLoader - Keeping class: net.bytebuddy.description.modifier.FieldPersistence
2024-11-12 13:41:15,863 INFO  EvoClassLoader - Seeing class for first time: net.bytebuddy.description.modifier.SynchronizationState
2024-11-12 13:41:15,863 INFO  EvoClassLoader - Instrumenting class 'net.bytebuddy.description.modifier.SynchronizationState'.
2024-11-12 13:41:15,864 INFO  MethodCallReplacementClassAdapter - Adding mock interface to class net/bytebuddy/description/modifier/SynchronizationState
2024-11-12 13:41:15,864 INFO  CreateClassResetClassAdapter - Found static initializer in class net/bytebuddy/description/modifier/SynchronizationState
2024-11-12 13:41:15,864 INFO  EvoClassLoader - Keeping class: net.bytebuddy.description.modifier.SynchronizationState
2024-11-12 13:41:15,864 INFO  EvoClassLoader - Seeing class for first time: net.bytebuddy.description.modifier.MethodStrictness
2024-11-12 13:41:15,864 INFO  EvoClassLoader - Instrumenting class 'net.bytebuddy.description.modifier.MethodStrictness'.
2024-11-12 13:41:15,864 INFO  MethodCallReplacementClassAdapter - Adding mock interface to class net/bytebuddy/description/modifier/MethodStrictness
2024-11-12 13:41:15,864 INFO  CreateClassResetClassAdapter - Found static initializer in class net/bytebuddy/description/modifier/MethodStrictness
2024-11-12 13:41:15,864 INFO  EvoClassLoader - Keeping class: net.bytebuddy.description.modifier.MethodStrictness
2024-11-12 13:41:15,864 INFO  EvoClassLoader - Seeing class for first time: net.bytebuddy.description.modifier.MethodManifestation
2024-11-12 13:41:15,864 INFO  EvoClassLoader - Instrumenting class 'net.bytebuddy.description.modifier.MethodManifestation'.
2024-11-12 13:41:15,865 INFO  MethodCallReplacementClassAdapter - Adding mock interface to class net/bytebuddy/description/modifier/MethodManifestation
2024-11-12 13:41:15,865 INFO  CreateClassResetClassAdapter - Found static initializer in class net/bytebuddy/description/modifier/MethodManifestation
2024-11-12 13:41:15,865 INFO  EvoClassLoader - Keeping class: net.bytebuddy.description.modifier.MethodManifestation
2024-11-12 13:41:15,865 INFO  EvoClassLoader - Seeing class for first time: net.bytebuddy.description.modifier.ParameterManifestation
2024-11-12 13:41:15,865 INFO  EvoClassLoader - Instrumenting class 'net.bytebuddy.description.modifier.ParameterManifestation'.
2024-11-12 13:41:15,865 INFO  MethodCallReplacementClassAdapter - Adding mock interface to class net/bytebuddy/description/modifier/ParameterManifestation
2024-11-12 13:41:15,865 INFO  CreateClassResetClassAdapter - Found static initializer in class net/bytebuddy/description/modifier/ParameterManifestation
2024-11-12 13:41:15,865 INFO  EvoClassLoader - Keeping class: net.bytebuddy.description.modifier.ParameterManifestation
2024-11-12 13:41:15,866 INFO  EvoClassLoader - Seeing class for first time: net.bytebuddy.description.modifier.ProvisioningState
2024-11-12 13:41:15,866 INFO  EvoClassLoader - Instrumenting class 'net.bytebuddy.description.modifier.ProvisioningState'.
2024-11-12 13:41:15,866 INFO  MethodCallReplacementClassAdapter - Adding mock interface to class net/bytebuddy/description/modifier/ProvisioningState
2024-11-12 13:41:15,866 INFO  CreateClassResetClassAdapter - Found static initializer in class net/bytebuddy/description/modifier/ProvisioningState
2024-11-12 13:41:15,866 INFO  EvoClassLoader - Keeping class: net.bytebuddy.description.modifier.ProvisioningState
2024-11-12 13:41:15,866 INFO  EvoClassLoader - Seeing class for first time: net.bytebuddy.description.TypeVariableSource$AbstractBase
2024-11-12 13:41:15,866 INFO  EvoClassLoader - Instrumenting class 'net.bytebuddy.description.TypeVariableSource$AbstractBase'.
2024-11-12 13:41:15,866 INFO  MethodCallReplacementClassAdapter - Adding mock interface to class net/bytebuddy/description/TypeVariableSource$AbstractBase
2024-11-12 13:41:15,866 INFO  CreateClassResetClassAdapter - Creating brand-new static initializer in class net/bytebuddy/description/TypeVariableSource$AbstractBase
2024-11-12 13:41:15,867 INFO  EvoClassLoader - Keeping class: net.bytebuddy.description.TypeVariableSource$AbstractBase
2024-11-12 13:41:15,867 INFO  EvoClassLoader - Seeing class for first time: net.bytebuddy.utility.privilege.GetSystemPropertyAction
2024-11-12 13:41:15,867 INFO  EvoClassLoader - Instrumenting class 'net.bytebuddy.utility.privilege.GetSystemPropertyAction'.
2024-11-12 13:41:15,867 INFO  MethodCallReplacementClassAdapter - Adding mock interface to class net/bytebuddy/utility/privilege/GetSystemPropertyAction
2024-11-12 13:41:15,867 INFO  CreateClassResetClassAdapter - Creating brand-new static initializer in class net/bytebuddy/utility/privilege/GetSystemPropertyAction
2024-11-12 13:41:15,867 INFO  EvoClassLoader - Defined package (3): package net.bytebuddy.utility.privilege, -1580726098
2024-11-12 13:41:15,867 INFO  EvoClassLoader - Keeping class: net.bytebuddy.utility.privilege.GetSystemPropertyAction
2024-11-12 13:41:15,867 INFO  EvoClassLoader - Seeing class for first time: net.bytebuddy.description.type.TypeDescription$AbstractBase
2024-11-12 13:41:15,867 INFO  EvoClassLoader - Instrumenting class 'net.bytebuddy.description.type.TypeDescription$AbstractBase'.
2024-11-12 13:41:15,868 INFO  MethodCallReplacementClassAdapter - Adding mock interface to class net/bytebuddy/description/type/TypeDescription$AbstractBase
2024-11-12 13:41:15,872 INFO  CreateClassResetClassAdapter - Found static initializer in class net/bytebuddy/description/type/TypeDescription$AbstractBase
2024-11-12 13:41:15,873 INFO  EvoClassLoader - Keeping class: net.bytebuddy.description.type.TypeDescription$AbstractBase
2024-11-12 13:41:15,873 INFO  EvoClassLoader - Seeing class for first time: net.bytebuddy.description.type.TypeDescription$SuperTypeLoading
2024-11-12 13:41:15,873 INFO  EvoClassLoader - Instrumenting class 'net.bytebuddy.description.type.TypeDescription$SuperTypeLoading'.
2024-11-12 13:41:15,874 INFO  MethodCallReplacementClassAdapter - Adding mock interface to class net/bytebuddy/description/type/TypeDescription$SuperTypeLoading
2024-11-12 13:41:15,874 INFO  CreateClassResetClassAdapter - Creating brand-new static initializer in class net/bytebuddy/description/type/TypeDescription$SuperTypeLoading
2024-11-12 13:41:15,875 INFO  EvoClassLoader - Keeping class: net.bytebuddy.description.type.TypeDescription$SuperTypeLoading
2024-11-12 13:41:15,875 INFO  EvoClassLoader - Seeing class for first time: net.bytebuddy.description.type.TypeDescription$ForPackageDescription
2024-11-12 13:41:15,875 INFO  EvoClassLoader - Instrumenting class 'net.bytebuddy.description.type.TypeDescription$ForPackageDescription'.
2024-11-12 13:41:15,875 INFO  MethodCallReplacementClassAdapter - Adding mock interface to class net/bytebuddy/description/type/TypeDescription$ForPackageDescription
2024-11-12 13:41:15,875 INFO  CreateClassResetClassAdapter - Creating brand-new static initializer in class net/bytebuddy/description/type/TypeDescription$ForPackageDescription
2024-11-12 13:41:15,875 INFO  EvoClassLoader - Seeing class for first time: net.bytebuddy.description.type.TypeDescription$AbstractBase$OfSimpleType
2024-11-12 13:41:15,875 INFO  EvoClassLoader - Instrumenting class 'net.bytebuddy.description.type.TypeDescription$AbstractBase$OfSimpleType'.
2024-11-12 13:41:15,875 INFO  MethodCallReplacementClassAdapter - Adding mock interface to class net/bytebuddy/description/type/TypeDescription$AbstractBase$OfSimpleType
2024-11-12 13:41:15,876 INFO  CreateClassResetClassAdapter - Creating brand-new static initializer in class net/bytebuddy/description/type/TypeDescription$AbstractBase$OfSimpleType
2024-11-12 13:41:15,876 INFO  EvoClassLoader - Keeping class: net.bytebuddy.description.type.TypeDescription$AbstractBase$OfSimpleType
2024-11-12 13:41:15,876 INFO  EvoClassLoader - Keeping class: net.bytebuddy.description.type.TypeDescription$ForPackageDescription
2024-11-12 13:41:15,876 INFO  EvoClassLoader - Seeing class for first time: net.bytebuddy.description.type.TypeDescription$Latent
2024-11-12 13:41:15,876 INFO  EvoClassLoader - Instrumenting class 'net.bytebuddy.description.type.TypeDescription$Latent'.
2024-11-12 13:41:15,876 INFO  MethodCallReplacementClassAdapter - Adding mock interface to class net/bytebuddy/description/type/TypeDescription$Latent
2024-11-12 13:41:15,877 INFO  CreateClassResetClassAdapter - Creating brand-new static initializer in class net/bytebuddy/description/type/TypeDescription$Latent
2024-11-12 13:41:15,877 INFO  EvoClassLoader - Keeping class: net.bytebuddy.description.type.TypeDescription$Latent
2024-11-12 13:41:15,877 INFO  EvoClassLoader - Seeing class for first time: net.bytebuddy.description.type.TypeDescription$ArrayProjection
2024-11-12 13:41:15,877 INFO  EvoClassLoader - Instrumenting class 'net.bytebuddy.description.type.TypeDescription$ArrayProjection'.
2024-11-12 13:41:15,877 INFO  MethodCallReplacementClassAdapter - Adding mock interface to class net/bytebuddy/description/type/TypeDescription$ArrayProjection
2024-11-12 13:41:15,878 INFO  CreateClassResetClassAdapter - Creating brand-new static initializer in class net/bytebuddy/description/type/TypeDescription$ArrayProjection
2024-11-12 13:41:15,878 INFO  CreateClassResetClassAdapter - Adding bytecode for initializing field ARRAY_IMPLIED
2024-11-12 13:41:15,878 INFO  CreateClassResetClassAdapter - Adding bytecode for initializing field ARRAY_EXCLUDED
2024-11-12 13:41:15,879 INFO  EvoClassLoader - Keeping class: net.bytebuddy.description.type.TypeDescription$ArrayProjection
2024-11-12 13:41:15,879 INFO  EvoClassLoader - Seeing class for first time: net.bytebuddy.description.type.TypeDescription$ForLoadedType
2024-11-12 13:41:15,879 INFO  EvoClassLoader - Instrumenting class 'net.bytebuddy.description.type.TypeDescription$ForLoadedType'.
2024-11-12 13:41:15,879 INFO  MethodCallReplacementClassAdapter - Adding mock interface to class net/bytebuddy/description/type/TypeDescription$ForLoadedType
2024-11-12 13:41:15,883 INFO  CreateClassResetClassAdapter - Found static initializer in class net/bytebuddy/description/type/TypeDescription$ForLoadedType
2024-11-12 13:41:15,884 INFO  EvoClassLoader - Keeping class: net.bytebuddy.description.type.TypeDescription$ForLoadedType
2024-11-12 13:41:15,884 INFO  EvoClassLoader - Seeing class for first time: net.bytebuddy.description.type.TypeList$Generic
2024-11-12 13:41:15,884 INFO  EvoClassLoader - Instrumenting class 'net.bytebuddy.description.type.TypeList$Generic'.
2024-11-12 13:41:15,884 INFO  EvoClassLoader - Seeing class for first time: net.bytebuddy.matcher.FilterableList
2024-11-12 13:41:15,884 INFO  EvoClassLoader - Instrumenting class 'net.bytebuddy.matcher.FilterableList'.
2024-11-12 13:41:15,885 INFO  EvoClassLoader - Keeping class: net.bytebuddy.matcher.FilterableList
2024-11-12 13:41:15,885 INFO  EvoClassLoader - Keeping class: net.bytebuddy.description.type.TypeList$Generic
2024-11-12 13:41:15,885 INFO  EvoClassLoader - Seeing class for first time: net.bytebuddy.description.annotation.AnnotationList
2024-11-12 13:41:15,885 INFO  EvoClassLoader - Instrumenting class 'net.bytebuddy.description.annotation.AnnotationList'.
2024-11-12 13:41:15,886 INFO  EvoClassLoader - Keeping class: net.bytebuddy.description.annotation.AnnotationList
2024-11-12 13:41:15,886 INFO  EvoClassLoader - Seeing class for first time: net.bytebuddy.description.type.TypeDescription$Generic$Visitor
2024-11-12 13:41:15,886 INFO  EvoClassLoader - Instrumenting class 'net.bytebuddy.description.type.TypeDescription$Generic$Visitor'.
2024-11-12 13:41:15,886 INFO  EvoClassLoader - Keeping class: net.bytebuddy.description.type.TypeDescription$Generic$Visitor
2024-11-12 13:41:15,886 INFO  EvoClassLoader - Seeing class for first time: net.bytebuddy.description.TypeVariableSource$Visitor
2024-11-12 13:41:15,886 INFO  EvoClassLoader - Instrumenting class 'net.bytebuddy.description.TypeVariableSource$Visitor'.
2024-11-12 13:41:15,887 INFO  EvoClassLoader - Keeping class: net.bytebuddy.description.TypeVariableSource$Visitor
2024-11-12 13:41:15,887 INFO  EvoClassLoader - Seeing class for first time: net.bytebuddy.description.type.TypeDescription$ForLoadedType$Dispatcher$CreationAction
2024-11-12 13:41:15,887 INFO  EvoClassLoader - Instrumenting class 'net.bytebuddy.description.type.TypeDescription$ForLoadedType$Dispatcher$CreationAction'.
2024-11-12 13:41:15,887 INFO  MethodCallReplacementClassAdapter - Adding mock interface to class net/bytebuddy/description/type/TypeDescription$ForLoadedType$Dispatcher$CreationAction
2024-11-12 13:41:15,887 INFO  CreateClassResetClassAdapter - Found static initializer in class net/bytebuddy/description/type/TypeDescription$ForLoadedType$Dispatcher$CreationAction
2024-11-12 13:41:15,887 INFO  EvoClassLoader - Keeping class: net.bytebuddy.description.type.TypeDescription$ForLoadedType$Dispatcher$CreationAction
2024-11-12 13:41:15,887 INFO  EvoClassLoader - Seeing class for first time: net.bytebuddy.description.type.TypeDescription$ForLoadedType$Dispatcher
2024-11-12 13:41:15,887 INFO  EvoClassLoader - Instrumenting class 'net.bytebuddy.description.type.TypeDescription$ForLoadedType$Dispatcher'.
2024-11-12 13:41:15,887 INFO  EvoClassLoader - Keeping class: net.bytebuddy.description.type.TypeDescription$ForLoadedType$Dispatcher
2024-11-12 13:41:15,887 INFO  EvoClassLoader - Seeing class for first time: net.bytebuddy.description.type.TypeDescription$ForLoadedType$Dispatcher$ForJava11CapableVm
2024-11-12 13:41:15,887 INFO  EvoClassLoader - Instrumenting class 'net.bytebuddy.description.type.TypeDescription$ForLoadedType$Dispatcher$ForJava11CapableVm'.
2024-11-12 13:41:15,888 INFO  MethodCallReplacementClassAdapter - Adding mock interface to class net/bytebuddy/description/type/TypeDescription$ForLoadedType$Dispatcher$ForJava11CapableVm
2024-11-12 13:41:15,888 INFO  CreateClassResetClassAdapter - Creating brand-new static initializer in class net/bytebuddy/description/type/TypeDescription$ForLoadedType$Dispatcher$ForJava11CapableVm
2024-11-12 13:41:15,888 INFO  EvoClassLoader - Keeping class: net.bytebuddy.description.type.TypeDescription$ForLoadedType$Dispatcher$ForJava11CapableVm
2024-11-12 13:41:15,888 INFO  EvoClassLoader - Seeing class for first time: net.bytebuddy.description.type.TypeDescription$ForLoadedType$Dispatcher$ForLegacyVm
2024-11-12 13:41:15,888 INFO  EvoClassLoader - Instrumenting class 'net.bytebuddy.description.type.TypeDescription$ForLoadedType$Dispatcher$ForLegacyVm'.
2024-11-12 13:41:15,888 INFO  MethodCallReplacementClassAdapter - Adding mock interface to class net/bytebuddy/description/type/TypeDescription$ForLoadedType$Dispatcher$ForLegacyVm
2024-11-12 13:41:15,889 INFO  CreateClassResetClassAdapter - Found static initializer in class net/bytebuddy/description/type/TypeDescription$ForLoadedType$Dispatcher$ForLegacyVm
2024-11-12 13:41:15,889 INFO  EvoClassLoader - Keeping class: net.bytebuddy.description.type.TypeDescription$ForLoadedType$Dispatcher$ForLegacyVm
2024-11-12 13:41:15,889 INFO  EvoClassLoader - Seeing class for first time: net.bytebuddy.description.type.TypeList
2024-11-12 13:41:15,889 INFO  EvoClassLoader - Instrumenting class 'net.bytebuddy.description.type.TypeList'.
2024-11-12 13:41:15,889 INFO  EvoClassLoader - Keeping class: net.bytebuddy.description.type.TypeList
2024-11-12 13:41:15,889 INFO  EvoClassLoader - Seeing class for first time: net.bytebuddy.description.method.MethodList
2024-11-12 13:41:15,889 INFO  EvoClassLoader - Instrumenting class 'net.bytebuddy.description.method.MethodList'.
2024-11-12 13:41:15,890 INFO  EvoClassLoader - Keeping class: net.bytebuddy.description.method.MethodList
2024-11-12 13:41:15,890 INFO  EvoClassLoader - Seeing class for first time: net.bytebuddy.description.field.FieldList
2024-11-12 13:41:15,890 INFO  EvoClassLoader - Instrumenting class 'net.bytebuddy.description.field.FieldList'.
2024-11-12 13:41:15,890 INFO  EvoClassLoader - Keeping class: net.bytebuddy.description.field.FieldList
2024-11-12 13:41:15,890 INFO  EvoClassLoader - Seeing class for first time: net.bytebuddy.description.type.PackageDescription
2024-11-12 13:41:15,890 INFO  EvoClassLoader - Instrumenting class 'net.bytebuddy.description.type.PackageDescription'.
2024-11-12 13:41:15,890 INFO  EvoClassLoader - Keeping class: net.bytebuddy.description.type.PackageDescription
2024-11-12 13:41:15,890 INFO  EvoClassLoader - Seeing class for first time: net.bytebuddy.implementation.bytecode.StackSize
2024-11-12 13:41:15,890 INFO  EvoClassLoader - Instrumenting class 'net.bytebuddy.implementation.bytecode.StackSize'.
2024-11-12 13:41:15,890 INFO  MethodCallReplacementClassAdapter - Adding mock interface to class net/bytebuddy/implementation/bytecode/StackSize
2024-11-12 13:41:15,891 INFO  CreateClassResetClassAdapter - Found static initializer in class net/bytebuddy/implementation/bytecode/StackSize
2024-11-12 13:41:15,891 INFO  EvoClassLoader - Keeping class: net.bytebuddy.implementation.bytecode.StackSize
2024-11-12 13:41:15,891 INFO  EvoClassLoader - Seeing class for first time: net.bytebuddy.dynamic.TargetType
2024-11-12 13:41:15,891 INFO  EvoClassLoader - Instrumenting class 'net.bytebuddy.dynamic.TargetType'.
2024-11-12 13:41:15,891 INFO  MethodCallReplacementClassAdapter - Adding mock interface to class net/bytebuddy/dynamic/TargetType
2024-11-12 13:41:15,891 INFO  CreateClassResetClassAdapter - Found static initializer in class net/bytebuddy/dynamic/TargetType
2024-11-12 13:41:15,892 INFO  EvoClassLoader - Keeping class: net.bytebuddy.dynamic.TargetType
2024-11-12 13:41:15,892 INFO  EvoClassLoader - Seeing class for first time: net.bytebuddy.matcher.FilterableList$AbstractBase
2024-11-12 13:41:15,892 INFO  EvoClassLoader - Instrumenting class 'net.bytebuddy.matcher.FilterableList$AbstractBase'.
2024-11-12 13:41:15,892 INFO  MethodCallReplacementClassAdapter - Adding mock interface to class net/bytebuddy/matcher/FilterableList$AbstractBase
2024-11-12 13:41:15,892 INFO  CreateClassResetClassAdapter - Creating brand-new static initializer in class net/bytebuddy/matcher/FilterableList$AbstractBase
2024-11-12 13:41:15,892 INFO  CreateClassResetClassAdapter - Adding bytecode for initializing field ONLY
2024-11-12 13:41:15,892 INFO  EvoClassLoader - Keeping class: net.bytebuddy.matcher.FilterableList$AbstractBase
2024-11-12 13:41:15,893 INFO  EvoClassLoader - Seeing class for first time: net.bytebuddy.description.method.MethodList$AbstractBase
2024-11-12 13:41:15,893 INFO  EvoClassLoader - Instrumenting class 'net.bytebuddy.description.method.MethodList$AbstractBase'.
2024-11-12 13:41:15,893 INFO  MethodCallReplacementClassAdapter - Adding mock interface to class net/bytebuddy/description/method/MethodList$AbstractBase
2024-11-12 13:41:15,893 INFO  CreateClassResetClassAdapter - Creating brand-new static initializer in class net/bytebuddy/description/method/MethodList$AbstractBase
2024-11-12 13:41:15,893 INFO  EvoClassLoader - Keeping class: net.bytebuddy.description.method.MethodList$AbstractBase
2024-11-12 13:41:15,893 INFO  EvoClassLoader - Seeing class for first time: net.bytebuddy.description.method.MethodList$Empty
2024-11-12 13:41:15,893 INFO  EvoClassLoader - Instrumenting class 'net.bytebuddy.description.method.MethodList$Empty'.
2024-11-12 13:41:15,893 INFO  MethodCallReplacementClassAdapter - Adding mock interface to class net/bytebuddy/description/method/MethodList$Empty
2024-11-12 13:41:15,893 INFO  CreateClassResetClassAdapter - Creating brand-new static initializer in class net/bytebuddy/description/method/MethodList$Empty
2024-11-12 13:41:15,893 INFO  EvoClassLoader - Seeing class for first time: net.bytebuddy.matcher.FilterableList$Empty
2024-11-12 13:41:15,893 INFO  EvoClassLoader - Instrumenting class 'net.bytebuddy.matcher.FilterableList$Empty'.
2024-11-12 13:41:15,893 INFO  MethodCallReplacementClassAdapter - Adding mock interface to class net/bytebuddy/matcher/FilterableList$Empty
2024-11-12 13:41:15,906 INFO  CreateClassResetClassAdapter - Creating brand-new static initializer in class net/bytebuddy/matcher/FilterableList$Empty
2024-11-12 13:41:15,906 INFO  EvoClassLoader - Keeping class: net.bytebuddy.matcher.FilterableList$Empty
2024-11-12 13:41:15,906 INFO  EvoClassLoader - Keeping class: net.bytebuddy.description.method.MethodList$Empty
2024-11-12 13:41:15,906 INFO  EvoClassLoader - Seeing class for first time: net.bytebuddy.description.method.MethodList$TypeSubstituting
2024-11-12 13:41:15,906 INFO  EvoClassLoader - Instrumenting class 'net.bytebuddy.description.method.MethodList$TypeSubstituting'.
2024-11-12 13:41:15,906 INFO  MethodCallReplacementClassAdapter - Adding mock interface to class net/bytebuddy/description/method/MethodList$TypeSubstituting
2024-11-12 13:41:15,906 INFO  CreateClassResetClassAdapter - Creating brand-new static initializer in class net/bytebuddy/description/method/MethodList$TypeSubstituting
2024-11-12 13:41:15,906 INFO  EvoClassLoader - Keeping class: net.bytebuddy.description.method.MethodList$TypeSubstituting
2024-11-12 13:41:15,906 INFO  EvoClassLoader - Seeing class for first time: net.bytebuddy.description.method.MethodList$ForTokens
2024-11-12 13:41:15,906 INFO  EvoClassLoader - Instrumenting class 'net.bytebuddy.description.method.MethodList$ForTokens'.
2024-11-12 13:41:15,907 INFO  MethodCallReplacementClassAdapter - Adding mock interface to class net/bytebuddy/description/method/MethodList$ForTokens
2024-11-12 13:41:15,907 INFO  CreateClassResetClassAdapter - Creating brand-new static initializer in class net/bytebuddy/description/method/MethodList$ForTokens
2024-11-12 13:41:15,907 INFO  EvoClassLoader - Keeping class: net.bytebuddy.description.method.MethodList$ForTokens
2024-11-12 13:41:15,907 INFO  EvoClassLoader - Seeing class for first time: net.bytebuddy.description.method.MethodList$Explicit
2024-11-12 13:41:15,907 INFO  EvoClassLoader - Instrumenting class 'net.bytebuddy.description.method.MethodList$Explicit'.
2024-11-12 13:41:15,907 INFO  MethodCallReplacementClassAdapter - Adding mock interface to class net/bytebuddy/description/method/MethodList$Explicit
2024-11-12 13:41:15,907 INFO  CreateClassResetClassAdapter - Creating brand-new static initializer in class net/bytebuddy/description/method/MethodList$Explicit
2024-11-12 13:41:15,907 INFO  EvoClassLoader - Keeping class: net.bytebuddy.description.method.MethodList$Explicit
2024-11-12 13:41:15,907 INFO  EvoClassLoader - Seeing class for first time: net.bytebuddy.description.method.MethodList$ForLoadedMethods
2024-11-12 13:41:15,907 INFO  EvoClassLoader - Instrumenting class 'net.bytebuddy.description.method.MethodList$ForLoadedMethods'.
2024-11-12 13:41:15,907 INFO  MethodCallReplacementClassAdapter - Adding mock interface to class net/bytebuddy/description/method/MethodList$ForLoadedMethods
2024-11-12 13:41:15,908 INFO  CreateClassResetClassAdapter - Creating brand-new static initializer in class net/bytebuddy/description/method/MethodList$ForLoadedMethods
2024-11-12 13:41:15,908 INFO  EvoClassLoader - Keeping class: net.bytebuddy.description.method.MethodList$ForLoadedMethods
2024-11-12 13:41:15,908 INFO  EvoClassLoader - Seeing class for first time: net.bytebuddy.description.ByteCodeElement$Token$TokenList
2024-11-12 13:41:15,908 INFO  EvoClassLoader - Instrumenting class 'net.bytebuddy.description.ByteCodeElement$Token$TokenList'.
2024-11-12 13:41:15,908 INFO  MethodCallReplacementClassAdapter - Adding mock interface to class net/bytebuddy/description/ByteCodeElement$Token$TokenList
2024-11-12 13:41:15,909 INFO  CreateClassResetClassAdapter - Creating brand-new static initializer in class net/bytebuddy/description/ByteCodeElement$Token$TokenList
2024-11-12 13:41:15,909 INFO  EvoClassLoader - Keeping class: net.bytebuddy.description.ByteCodeElement$Token$TokenList
2024-11-12 13:41:15,909 INFO  EvoClassLoader - Seeing class for first time: net.bytebuddy.description.method.MethodDescription$ForLoadedConstructor
2024-11-12 13:41:15,909 INFO  EvoClassLoader - Instrumenting class 'net.bytebuddy.description.method.MethodDescription$ForLoadedConstructor'.
2024-11-12 13:41:15,909 INFO  MethodCallReplacementClassAdapter - Adding mock interface to class net/bytebuddy/description/method/MethodDescription$ForLoadedConstructor
2024-11-12 13:41:15,909 INFO  CreateClassResetClassAdapter - Creating brand-new static initializer in class net/bytebuddy/description/method/MethodDescription$ForLoadedConstructor
2024-11-12 13:41:15,909 INFO  EvoClassLoader - Seeing class for first time: net.bytebuddy.description.method.ParameterDescription$ForLoadedParameter$ParameterAnnotationSource
2024-11-12 13:41:15,909 INFO  EvoClassLoader - Instrumenting class 'net.bytebuddy.description.method.ParameterDescription$ForLoadedParameter$ParameterAnnotationSource'.
2024-11-12 13:41:15,909 INFO  EvoClassLoader - Keeping class: net.bytebuddy.description.method.ParameterDescription$ForLoadedParameter$ParameterAnnotationSource
2024-11-12 13:41:15,909 INFO  EvoClassLoader - Seeing class for first time: net.bytebuddy.description.method.MethodDescription$InDefinedShape$AbstractBase
2024-11-12 13:41:15,909 INFO  EvoClassLoader - Instrumenting class 'net.bytebuddy.description.method.MethodDescription$InDefinedShape$AbstractBase'.
2024-11-12 13:41:15,909 INFO  MethodCallReplacementClassAdapter - Adding mock interface to class net/bytebuddy/description/method/MethodDescription$InDefinedShape$AbstractBase
2024-11-12 13:41:15,910 INFO  CreateClassResetClassAdapter - Creating brand-new static initializer in class net/bytebuddy/description/method/MethodDescription$InDefinedShape$AbstractBase
2024-11-12 13:41:15,910 INFO  EvoClassLoader - Seeing class for first time: net.bytebuddy.description.method.MethodDescription$AbstractBase
2024-11-12 13:41:15,910 INFO  EvoClassLoader - Instrumenting class 'net.bytebuddy.description.method.MethodDescription$AbstractBase'.
2024-11-12 13:41:15,910 INFO  MethodCallReplacementClassAdapter - Adding mock interface to class net/bytebuddy/description/method/MethodDescription$AbstractBase
2024-11-12 13:41:15,911 INFO  CreateClassResetClassAdapter - Creating brand-new static initializer in class net/bytebuddy/description/method/MethodDescription$AbstractBase
2024-11-12 13:41:15,911 INFO  CreateClassResetClassAdapter - Adding bytecode for initializing field SOURCE_MODIFIERS
2024-11-12 13:41:15,911 INFO  EvoClassLoader - Keeping class: net.bytebuddy.description.method.MethodDescription$AbstractBase
2024-11-12 13:41:15,911 INFO  EvoClassLoader - Keeping class: net.bytebuddy.description.method.MethodDescription$InDefinedShape$AbstractBase
2024-11-12 13:41:15,911 INFO  EvoClassLoader - Keeping class: net.bytebuddy.description.method.MethodDescription$ForLoadedConstructor
2024-11-12 13:41:15,911 INFO  EvoClassLoader - Seeing class for first time: net.bytebuddy.description.method.MethodDescription$ForLoadedMethod
2024-11-12 13:41:15,911 INFO  EvoClassLoader - Instrumenting class 'net.bytebuddy.description.method.MethodDescription$ForLoadedMethod'.
2024-11-12 13:41:15,912 INFO  MethodCallReplacementClassAdapter - Adding mock interface to class net/bytebuddy/description/method/MethodDescription$ForLoadedMethod
2024-11-12 13:41:15,912 INFO  CreateClassResetClassAdapter - Creating brand-new static initializer in class net/bytebuddy/description/method/MethodDescription$ForLoadedMethod
2024-11-12 13:41:15,912 INFO  EvoClassLoader - Keeping class: net.bytebuddy.description.method.MethodDescription$ForLoadedMethod
2024-11-12 13:41:15,912 INFO  EvoClassLoader - Seeing class for first time: net.bytebuddy.matcher.NameMatcher
2024-11-12 13:41:15,912 INFO  EvoClassLoader - Instrumenting class 'net.bytebuddy.matcher.NameMatcher'.
2024-11-12 13:41:15,912 INFO  MethodCallReplacementClassAdapter - Adding mock interface to class net/bytebuddy/matcher/NameMatcher
2024-11-12 13:41:15,912 INFO  CreateClassResetClassAdapter - Creating brand-new static initializer in class net/bytebuddy/matcher/NameMatcher
2024-11-12 13:41:15,913 INFO  EvoClassLoader - Keeping class: net.bytebuddy.matcher.NameMatcher
2024-11-12 13:41:15,913 INFO  EvoClassLoader - Seeing class for first time: net.bytebuddy.matcher.StringMatcher
2024-11-12 13:41:15,913 INFO  EvoClassLoader - Instrumenting class 'net.bytebuddy.matcher.StringMatcher'.
2024-11-12 13:41:15,913 INFO  MethodCallReplacementClassAdapter - Adding mock interface to class net/bytebuddy/matcher/StringMatcher
2024-11-12 13:41:15,913 INFO  CreateClassResetClassAdapter - Creating brand-new static initializer in class net/bytebuddy/matcher/StringMatcher
2024-11-12 13:41:15,913 INFO  EvoClassLoader - Keeping class: net.bytebuddy.matcher.StringMatcher
2024-11-12 13:41:15,913 INFO  EvoClassLoader - Seeing class for first time: net.bytebuddy.matcher.StringMatcher$Mode
2024-11-12 13:41:15,913 INFO  EvoClassLoader - Instrumenting class 'net.bytebuddy.matcher.StringMatcher$Mode'.
2024-11-12 13:41:15,913 INFO  MethodCallReplacementClassAdapter - Adding mock interface to class net/bytebuddy/matcher/StringMatcher$Mode
2024-11-12 13:41:15,913 INFO  CreateClassResetClassAdapter - Found static initializer in class net/bytebuddy/matcher/StringMatcher$Mode
2024-11-12 13:41:15,913 INFO  EvoClassLoader - Keeping class: net.bytebuddy.matcher.StringMatcher$Mode
2024-11-12 13:41:15,913 INFO  EvoClassLoader - Seeing class for first time: net.bytebuddy.matcher.StringMatcher$Mode$1
2024-11-12 13:41:15,913 INFO  EvoClassLoader - Instrumenting class 'net.bytebuddy.matcher.StringMatcher$Mode$1'.
2024-11-12 13:41:15,913 INFO  MethodCallReplacementClassAdapter - Adding mock interface to class net/bytebuddy/matcher/StringMatcher$Mode$1
2024-11-12 13:41:15,913 INFO  EvoClassLoader - Keeping class: net.bytebuddy.matcher.StringMatcher$Mode$1
2024-11-12 13:41:15,913 INFO  EvoClassLoader - Seeing class for first time: net.bytebuddy.matcher.StringMatcher$Mode$2
2024-11-12 13:41:15,913 INFO  EvoClassLoader - Instrumenting class 'net.bytebuddy.matcher.StringMatcher$Mode$2'.
2024-11-12 13:41:15,914 INFO  MethodCallReplacementClassAdapter - Adding mock interface to class net/bytebuddy/matcher/StringMatcher$Mode$2
2024-11-12 13:41:15,914 INFO  EvoClassLoader - Keeping class: net.bytebuddy.matcher.StringMatcher$Mode$2
2024-11-12 13:41:15,914 INFO  EvoClassLoader - Seeing class for first time: net.bytebuddy.matcher.StringMatcher$Mode$3
2024-11-12 13:41:15,914 INFO  EvoClassLoader - Instrumenting class 'net.bytebuddy.matcher.StringMatcher$Mode$3'.
2024-11-12 13:41:15,914 INFO  MethodCallReplacementClassAdapter - Adding mock interface to class net/bytebuddy/matcher/StringMatcher$Mode$3
2024-11-12 13:41:15,914 INFO  EvoClassLoader - Keeping class: net.bytebuddy.matcher.StringMatcher$Mode$3
2024-11-12 13:41:15,914 INFO  EvoClassLoader - Seeing class for first time: net.bytebuddy.matcher.StringMatcher$Mode$4
2024-11-12 13:41:15,914 INFO  EvoClassLoader - Instrumenting class 'net.bytebuddy.matcher.StringMatcher$Mode$4'.
2024-11-12 13:41:15,914 INFO  MethodCallReplacementClassAdapter - Adding mock interface to class net/bytebuddy/matcher/StringMatcher$Mode$4
2024-11-12 13:41:15,914 INFO  EvoClassLoader - Keeping class: net.bytebuddy.matcher.StringMatcher$Mode$4
2024-11-12 13:41:15,914 INFO  EvoClassLoader - Seeing class for first time: net.bytebuddy.matcher.StringMatcher$Mode$5
2024-11-12 13:41:15,914 INFO  EvoClassLoader - Instrumenting class 'net.bytebuddy.matcher.StringMatcher$Mode$5'.
2024-11-12 13:41:15,914 INFO  MethodCallReplacementClassAdapter - Adding mock interface to class net/bytebuddy/matcher/StringMatcher$Mode$5
2024-11-12 13:41:15,914 INFO  EvoClassLoader - Keeping class: net.bytebuddy.matcher.StringMatcher$Mode$5
2024-11-12 13:41:15,914 INFO  EvoClassLoader - Seeing class for first time: net.bytebuddy.matcher.StringMatcher$Mode$6
2024-11-12 13:41:15,914 INFO  EvoClassLoader - Instrumenting class 'net.bytebuddy.matcher.StringMatcher$Mode$6'.
2024-11-12 13:41:15,914 INFO  MethodCallReplacementClassAdapter - Adding mock interface to class net/bytebuddy/matcher/StringMatcher$Mode$6
2024-11-12 13:41:15,914 INFO  EvoClassLoader - Keeping class: net.bytebuddy.matcher.StringMatcher$Mode$6
2024-11-12 13:41:15,914 INFO  EvoClassLoader - Seeing class for first time: net.bytebuddy.matcher.StringMatcher$Mode$7
2024-11-12 13:41:15,914 INFO  EvoClassLoader - Instrumenting class 'net.bytebuddy.matcher.StringMatcher$Mode$7'.
2024-11-12 13:41:15,914 INFO  MethodCallReplacementClassAdapter - Adding mock interface to class net/bytebuddy/matcher/StringMatcher$Mode$7
2024-11-12 13:41:15,914 INFO  EvoClassLoader - Keeping class: net.bytebuddy.matcher.StringMatcher$Mode$7
2024-11-12 13:41:15,914 INFO  EvoClassLoader - Seeing class for first time: net.bytebuddy.matcher.StringMatcher$Mode$8
2024-11-12 13:41:15,914 INFO  EvoClassLoader - Instrumenting class 'net.bytebuddy.matcher.StringMatcher$Mode$8'.
2024-11-12 13:41:15,915 INFO  MethodCallReplacementClassAdapter - Adding mock interface to class net/bytebuddy/matcher/StringMatcher$Mode$8
2024-11-12 13:41:15,915 INFO  EvoClassLoader - Keeping class: net.bytebuddy.matcher.StringMatcher$Mode$8
2024-11-12 13:41:15,915 INFO  EvoClassLoader - Seeing class for first time: net.bytebuddy.matcher.StringMatcher$Mode$9
2024-11-12 13:41:15,915 INFO  EvoClassLoader - Instrumenting class 'net.bytebuddy.matcher.StringMatcher$Mode$9'.
2024-11-12 13:41:15,915 INFO  MethodCallReplacementClassAdapter - Adding mock interface to class net/bytebuddy/matcher/StringMatcher$Mode$9
2024-11-12 13:41:15,915 INFO  EvoClassLoader - Keeping class: net.bytebuddy.matcher.StringMatcher$Mode$9
2024-11-12 13:41:15,915 INFO  EvoClassLoader - Seeing class for first time: net.bytebuddy.description.method.MethodDescription$TypeToken
2024-11-12 13:41:15,915 INFO  EvoClassLoader - Instrumenting class 'net.bytebuddy.description.method.MethodDescription$TypeToken'.
2024-11-12 13:41:15,915 INFO  MethodCallReplacementClassAdapter - Adding mock interface to class net/bytebuddy/description/method/MethodDescription$TypeToken
2024-11-12 13:41:15,915 INFO  CreateClassResetClassAdapter - Creating brand-new static initializer in class net/bytebuddy/description/method/MethodDescription$TypeToken
2024-11-12 13:41:15,915 INFO  EvoClassLoader - Keeping class: net.bytebuddy.description.method.MethodDescription$TypeToken
2024-11-12 13:41:15,916 INFO  EvoClassLoader - Seeing class for first time: net.bytebuddy.description.method.MethodDescription$Token
2024-11-12 13:41:15,916 INFO  EvoClassLoader - Instrumenting class 'net.bytebuddy.description.method.MethodDescription$Token'.
2024-11-12 13:41:15,916 INFO  MethodCallReplacementClassAdapter - Adding mock interface to class net/bytebuddy/description/method/MethodDescription$Token
2024-11-12 13:41:15,916 INFO  CreateClassResetClassAdapter - Creating brand-new static initializer in class net/bytebuddy/description/method/MethodDescription$Token
2024-11-12 13:41:15,916 INFO  EvoClassLoader - Seeing class for first time: net.bytebuddy.description.ByteCodeElement$Token
2024-11-12 13:41:15,916 INFO  EvoClassLoader - Instrumenting class 'net.bytebuddy.description.ByteCodeElement$Token'.
2024-11-12 13:41:15,916 INFO  EvoClassLoader - Keeping class: net.bytebuddy.description.ByteCodeElement$Token
2024-11-12 13:41:15,916 INFO  EvoClassLoader - Keeping class: net.bytebuddy.description.method.MethodDescription$Token
2024-11-12 13:41:15,916 INFO  EvoClassLoader - Seeing class for first time: net.bytebuddy.description.method.MethodDescription$TypeSubstituting
2024-11-12 13:41:15,916 INFO  EvoClassLoader - Instrumenting class 'net.bytebuddy.description.method.MethodDescription$TypeSubstituting'.
2024-11-12 13:41:15,916 INFO  MethodCallReplacementClassAdapter - Adding mock interface to class net/bytebuddy/description/method/MethodDescription$TypeSubstituting
2024-11-12 13:41:15,916 INFO  CreateClassResetClassAdapter - Creating brand-new static initializer in class net/bytebuddy/description/method/MethodDescription$TypeSubstituting
2024-11-12 13:41:15,917 INFO  EvoClassLoader - Seeing class for first time: net.bytebuddy.description.method.MethodDescription$InGenericShape
2024-11-12 13:41:15,917 INFO  EvoClassLoader - Instrumenting class 'net.bytebuddy.description.method.MethodDescription$InGenericShape'.
2024-11-12 13:41:15,917 INFO  EvoClassLoader - Keeping class: net.bytebuddy.description.method.MethodDescription$InGenericShape
2024-11-12 13:41:15,917 INFO  EvoClassLoader - Keeping class: net.bytebuddy.description.method.MethodDescription$TypeSubstituting
2024-11-12 13:41:15,917 INFO  EvoClassLoader - Seeing class for first time: net.bytebuddy.description.method.MethodDescription$Latent
2024-11-12 13:41:15,917 INFO  EvoClassLoader - Instrumenting class 'net.bytebuddy.description.method.MethodDescription$Latent'.
2024-11-12 13:41:15,917 INFO  MethodCallReplacementClassAdapter - Adding mock interface to class net/bytebuddy/description/method/MethodDescription$Latent
2024-11-12 13:41:15,917 INFO  CreateClassResetClassAdapter - Creating brand-new static initializer in class net/bytebuddy/description/method/MethodDescription$Latent
2024-11-12 13:41:15,917 INFO  EvoClassLoader - Keeping class: net.bytebuddy.description.method.MethodDescription$Latent
2024-11-12 13:41:15,918 INFO  EvoClassLoader - Seeing class for first time: net.bytebuddy.description.annotation.AnnotationValue
2024-11-12 13:41:15,918 INFO  EvoClassLoader - Instrumenting class 'net.bytebuddy.description.annotation.AnnotationValue'.
2024-11-12 13:41:15,918 INFO  EvoClassLoader - Keeping class: net.bytebuddy.description.annotation.AnnotationValue
2024-11-12 13:41:15,918 INFO  EvoClassLoader - Seeing class for first time: net.bytebuddy.description.enumeration.EnumerationDescription
2024-11-12 13:41:15,918 INFO  EvoClassLoader - Instrumenting class 'net.bytebuddy.description.enumeration.EnumerationDescription'.
2024-11-12 13:41:15,918 INFO  EvoClassLoader - Defined package (3): package net.bytebuddy.description.enumeration, -242486252
2024-11-12 13:41:15,918 INFO  EvoClassLoader - Keeping class: net.bytebuddy.description.enumeration.EnumerationDescription
2024-11-12 13:41:15,919 INFO  EvoClassLoader - Seeing class for first time: net.bytebuddy.description.method.ParameterList
2024-11-12 13:41:15,919 INFO  EvoClassLoader - Instrumenting class 'net.bytebuddy.description.method.ParameterList'.
2024-11-12 13:41:15,919 INFO  EvoClassLoader - Keeping class: net.bytebuddy.description.method.ParameterList
2024-11-12 13:41:15,919 INFO  EvoClassLoader - Seeing class for first time: net.bytebuddy.implementation.bind.annotation.Super$Binder
2024-11-12 13:41:15,919 INFO  EvoClassLoader - Instrumenting class 'net.bytebuddy.implementation.bind.annotation.Super$Binder'.
2024-11-12 13:41:15,919 INFO  MethodCallReplacementClassAdapter - Adding mock interface to class net/bytebuddy/implementation/bind/annotation/Super$Binder
2024-11-12 13:41:15,920 INFO  CreateClassResetClassAdapter - Found static initializer in class net/bytebuddy/implementation/bind/annotation/Super$Binder
2024-11-12 13:41:15,920 INFO  EvoClassLoader - Keeping class: net.bytebuddy.implementation.bind.annotation.Super$Binder
2024-11-12 13:41:15,920 INFO  EvoClassLoader - Seeing class for first time: net.bytebuddy.implementation.bind.annotation.Super
2024-11-12 13:41:15,920 INFO  EvoClassLoader - Instrumenting class 'net.bytebuddy.implementation.bind.annotation.Super'.
2024-11-12 13:41:15,920 INFO  EvoClassLoader - Keeping class: net.bytebuddy.implementation.bind.annotation.Super
2024-11-12 13:41:15,920 INFO  EvoClassLoader - Seeing class for first time: net.bytebuddy.implementation.bind.annotation.Super$Instantiation
2024-11-12 13:41:15,920 INFO  EvoClassLoader - Instrumenting class 'net.bytebuddy.implementation.bind.annotation.Super$Instantiation'.
2024-11-12 13:41:15,920 INFO  MethodCallReplacementClassAdapter - Adding mock interface to class net/bytebuddy/implementation/bind/annotation/Super$Instantiation
2024-11-12 13:41:15,921 INFO  CreateClassResetClassAdapter - Found static initializer in class net/bytebuddy/implementation/bind/annotation/Super$Instantiation
2024-11-12 13:41:15,921 INFO  EvoClassLoader - Keeping class: net.bytebuddy.implementation.bind.annotation.Super$Instantiation
2024-11-12 13:41:15,921 INFO  EvoClassLoader - Seeing class for first time: net.bytebuddy.implementation.bind.annotation.Default$Binder
2024-11-12 13:41:15,921 INFO  EvoClassLoader - Instrumenting class 'net.bytebuddy.implementation.bind.annotation.Default$Binder'.
2024-11-12 13:41:15,921 INFO  MethodCallReplacementClassAdapter - Adding mock interface to class net/bytebuddy/implementation/bind/annotation/Default$Binder
2024-11-12 13:41:15,921 INFO  CreateClassResetClassAdapter - Found static initializer in class net/bytebuddy/implementation/bind/annotation/Default$Binder
2024-11-12 13:41:15,922 INFO  EvoClassLoader - Keeping class: net.bytebuddy.implementation.bind.annotation.Default$Binder
2024-11-12 13:41:15,922 INFO  EvoClassLoader - Seeing class for first time: net.bytebuddy.implementation.bind.annotation.Default
2024-11-12 13:41:15,922 INFO  EvoClassLoader - Instrumenting class 'net.bytebuddy.implementation.bind.annotation.Default'.
2024-11-12 13:41:15,922 INFO  EvoClassLoader - Keeping class: net.bytebuddy.implementation.bind.annotation.Default
2024-11-12 13:41:15,922 INFO  EvoClassLoader - Seeing class for first time: net.bytebuddy.implementation.bind.annotation.SuperCall$Binder
2024-11-12 13:41:15,922 INFO  EvoClassLoader - Instrumenting class 'net.bytebuddy.implementation.bind.annotation.SuperCall$Binder'.
2024-11-12 13:41:15,922 INFO  MethodCallReplacementClassAdapter - Adding mock interface to class net/bytebuddy/implementation/bind/annotation/SuperCall$Binder
2024-11-12 13:41:15,923 INFO  CreateClassResetClassAdapter - Found static initializer in class net/bytebuddy/implementation/bind/annotation/SuperCall$Binder
2024-11-12 13:41:15,923 INFO  EvoClassLoader - Keeping class: net.bytebuddy.implementation.bind.annotation.SuperCall$Binder
2024-11-12 13:41:15,923 INFO  EvoClassLoader - Seeing class for first time: net.bytebuddy.implementation.bind.annotation.SuperCall
2024-11-12 13:41:15,923 INFO  EvoClassLoader - Instrumenting class 'net.bytebuddy.implementation.bind.annotation.SuperCall'.
2024-11-12 13:41:15,923 INFO  EvoClassLoader - Keeping class: net.bytebuddy.implementation.bind.annotation.SuperCall
2024-11-12 13:41:15,923 INFO  EvoClassLoader - Seeing class for first time: net.bytebuddy.implementation.auxiliary.MethodCallProxy$AssignableSignatureCall
2024-11-12 13:41:15,923 INFO  EvoClassLoader - Instrumenting class 'net.bytebuddy.implementation.auxiliary.MethodCallProxy$AssignableSignatureCall'.
2024-11-12 13:41:15,923 INFO  MethodCallReplacementClassAdapter - Adding mock interface to class net/bytebuddy/implementation/auxiliary/MethodCallProxy$AssignableSignatureCall
2024-11-12 13:41:15,923 INFO  CreateClassResetClassAdapter - Creating brand-new static initializer in class net/bytebuddy/implementation/auxiliary/MethodCallProxy$AssignableSignatureCall
2024-11-12 13:41:15,923 INFO  EvoClassLoader - Defined package (3): package net.bytebuddy.implementation.auxiliary, -448976725
2024-11-12 13:41:15,923 INFO  EvoClassLoader - Keeping class: net.bytebuddy.implementation.auxiliary.MethodCallProxy$AssignableSignatureCall
2024-11-12 13:41:15,923 INFO  EvoClassLoader - Seeing class for first time: net.bytebuddy.implementation.bind.annotation.DefaultCall$Binder
2024-11-12 13:41:15,923 INFO  EvoClassLoader - Instrumenting class 'net.bytebuddy.implementation.bind.annotation.DefaultCall$Binder'.
2024-11-12 13:41:15,924 INFO  MethodCallReplacementClassAdapter - Adding mock interface to class net/bytebuddy/implementation/bind/annotation/DefaultCall$Binder
2024-11-12 13:41:15,925 INFO  CreateClassResetClassAdapter - Found static initializer in class net/bytebuddy/implementation/bind/annotation/DefaultCall$Binder
2024-11-12 13:41:15,925 INFO  EvoClassLoader - Keeping class: net.bytebuddy.implementation.bind.annotation.DefaultCall$Binder
2024-11-12 13:41:15,925 INFO  EvoClassLoader - Seeing class for first time: net.bytebuddy.implementation.bind.annotation.DefaultCall
2024-11-12 13:41:15,925 INFO  EvoClassLoader - Instrumenting class 'net.bytebuddy.implementation.bind.annotation.DefaultCall'.
2024-11-12 13:41:15,925 INFO  EvoClassLoader - Keeping class: net.bytebuddy.implementation.bind.annotation.DefaultCall
2024-11-12 13:41:15,925 INFO  EvoClassLoader - Seeing class for first time: net.bytebuddy.implementation.bind.annotation.DefaultCall$Binder$DefaultMethodLocator$Implicit
2024-11-12 13:41:15,925 INFO  EvoClassLoader - Instrumenting class 'net.bytebuddy.implementation.bind.annotation.DefaultCall$Binder$DefaultMethodLocator$Implicit'.
2024-11-12 13:41:15,925 INFO  MethodCallReplacementClassAdapter - Adding mock interface to class net/bytebuddy/implementation/bind/annotation/DefaultCall$Binder$DefaultMethodLocator$Implicit
2024-11-12 13:41:15,925 INFO  CreateClassResetClassAdapter - Found static initializer in class net/bytebuddy/implementation/bind/annotation/DefaultCall$Binder$DefaultMethodLocator$Implicit
2024-11-12 13:41:15,926 INFO  EvoClassLoader - Seeing class for first time: net.bytebuddy.implementation.bind.annotation.DefaultCall$Binder$DefaultMethodLocator
2024-11-12 13:41:15,926 INFO  EvoClassLoader - Instrumenting class 'net.bytebuddy.implementation.bind.annotation.DefaultCall$Binder$DefaultMethodLocator'.
2024-11-12 13:41:15,926 INFO  EvoClassLoader - Keeping class: net.bytebuddy.implementation.bind.annotation.DefaultCall$Binder$DefaultMethodLocator
2024-11-12 13:41:15,926 INFO  EvoClassLoader - Keeping class: net.bytebuddy.implementation.bind.annotation.DefaultCall$Binder$DefaultMethodLocator$Implicit
2024-11-12 13:41:15,926 INFO  EvoClassLoader - Seeing class for first time: net.bytebuddy.implementation.bind.annotation.DefaultCall$Binder$DefaultMethodLocator$Explicit
2024-11-12 13:41:15,926 INFO  EvoClassLoader - Instrumenting class 'net.bytebuddy.implementation.bind.annotation.DefaultCall$Binder$DefaultMethodLocator$Explicit'.
2024-11-12 13:41:15,926 INFO  MethodCallReplacementClassAdapter - Adding mock interface to class net/bytebuddy/implementation/bind/annotation/DefaultCall$Binder$DefaultMethodLocator$Explicit
2024-11-12 13:41:15,926 INFO  CreateClassResetClassAdapter - Creating brand-new static initializer in class net/bytebuddy/implementation/bind/annotation/DefaultCall$Binder$DefaultMethodLocator$Explicit
2024-11-12 13:41:15,926 INFO  EvoClassLoader - Keeping class: net.bytebuddy.implementation.bind.annotation.DefaultCall$Binder$DefaultMethodLocator$Explicit
2024-11-12 13:41:15,926 INFO  EvoClassLoader - Seeing class for first time: net.bytebuddy.implementation.bind.annotation.SuperMethod$Binder
2024-11-12 13:41:15,926 INFO  EvoClassLoader - Instrumenting class 'net.bytebuddy.implementation.bind.annotation.SuperMethod$Binder'.
2024-11-12 13:41:15,927 INFO  MethodCallReplacementClassAdapter - Adding mock interface to class net/bytebuddy/implementation/bind/annotation/SuperMethod$Binder
2024-11-12 13:41:15,927 INFO  CreateClassResetClassAdapter - Found static initializer in class net/bytebuddy/implementation/bind/annotation/SuperMethod$Binder
2024-11-12 13:41:15,927 INFO  EvoClassLoader - Keeping class: net.bytebuddy.implementation.bind.annotation.SuperMethod$Binder
2024-11-12 13:41:15,927 INFO  EvoClassLoader - Seeing class for first time: net.bytebuddy.implementation.bind.annotation.SuperMethod
2024-11-12 13:41:15,927 INFO  EvoClassLoader - Instrumenting class 'net.bytebuddy.implementation.bind.annotation.SuperMethod'.
2024-11-12 13:41:15,927 INFO  EvoClassLoader - Keeping class: net.bytebuddy.implementation.bind.annotation.SuperMethod
2024-11-12 13:41:15,927 INFO  EvoClassLoader - Seeing class for first time: net.bytebuddy.implementation.bind.annotation.DefaultMethod$Binder
2024-11-12 13:41:15,927 INFO  EvoClassLoader - Instrumenting class 'net.bytebuddy.implementation.bind.annotation.DefaultMethod$Binder'.
2024-11-12 13:41:15,928 INFO  MethodCallReplacementClassAdapter - Adding mock interface to class net/bytebuddy/implementation/bind/annotation/DefaultMethod$Binder
2024-11-12 13:41:15,928 INFO  CreateClassResetClassAdapter - Found static initializer in class net/bytebuddy/implementation/bind/annotation/DefaultMethod$Binder
2024-11-12 13:41:15,928 INFO  EvoClassLoader - Keeping class: net.bytebuddy.implementation.bind.annotation.DefaultMethod$Binder
2024-11-12 13:41:15,928 INFO  EvoClassLoader - Seeing class for first time: net.bytebuddy.implementation.bind.annotation.DefaultMethod
2024-11-12 13:41:15,928 INFO  EvoClassLoader - Instrumenting class 'net.bytebuddy.implementation.bind.annotation.DefaultMethod'.
2024-11-12 13:41:15,928 INFO  EvoClassLoader - Keeping class: net.bytebuddy.implementation.bind.annotation.DefaultMethod
2024-11-12 13:41:15,929 INFO  EvoClassLoader - Seeing class for first time: net.bytebuddy.implementation.bind.annotation.DefaultMethod$Binder$MethodLocator$ForImplicitType
2024-11-12 13:41:15,929 INFO  EvoClassLoader - Instrumenting class 'net.bytebuddy.implementation.bind.annotation.DefaultMethod$Binder$MethodLocator$ForImplicitType'.
2024-11-12 13:41:15,929 INFO  MethodCallReplacementClassAdapter - Adding mock interface to class net/bytebuddy/implementation/bind/annotation/DefaultMethod$Binder$MethodLocator$ForImplicitType
2024-11-12 13:41:15,929 INFO  CreateClassResetClassAdapter - Found static initializer in class net/bytebuddy/implementation/bind/annotation/DefaultMethod$Binder$MethodLocator$ForImplicitType
2024-11-12 13:41:15,929 INFO  EvoClassLoader - Seeing class for first time: net.bytebuddy.implementation.bind.annotation.DefaultMethod$Binder$MethodLocator
2024-11-12 13:41:15,929 INFO  EvoClassLoader - Instrumenting class 'net.bytebuddy.implementation.bind.annotation.DefaultMethod$Binder$MethodLocator'.
2024-11-12 13:41:15,929 INFO  EvoClassLoader - Keeping class: net.bytebuddy.implementation.bind.annotation.DefaultMethod$Binder$MethodLocator
2024-11-12 13:41:15,929 INFO  EvoClassLoader - Keeping class: net.bytebuddy.implementation.bind.annotation.DefaultMethod$Binder$MethodLocator$ForImplicitType
2024-11-12 13:41:15,929 INFO  EvoClassLoader - Seeing class for first time: net.bytebuddy.implementation.bind.annotation.DefaultMethod$Binder$MethodLocator$ForExplicitType
2024-11-12 13:41:15,929 INFO  EvoClassLoader - Instrumenting class 'net.bytebuddy.implementation.bind.annotation.DefaultMethod$Binder$MethodLocator$ForExplicitType'.
2024-11-12 13:41:15,929 INFO  MethodCallReplacementClassAdapter - Adding mock interface to class net/bytebuddy/implementation/bind/annotation/DefaultMethod$Binder$MethodLocator$ForExplicitType
2024-11-12 13:41:15,929 INFO  CreateClassResetClassAdapter - Creating brand-new static initializer in class net/bytebuddy/implementation/bind/annotation/DefaultMethod$Binder$MethodLocator$ForExplicitType
2024-11-12 13:41:15,929 INFO  EvoClassLoader - Keeping class: net.bytebuddy.implementation.bind.annotation.DefaultMethod$Binder$MethodLocator$ForExplicitType
2024-11-12 13:41:15,930 INFO  EvoClassLoader - Seeing class for first time: net.bytebuddy.implementation.bind.annotation.TargetMethodAnnotationDrivenBinder$ParameterBinder$ForFieldBinding
2024-11-12 13:41:15,930 INFO  EvoClassLoader - Instrumenting class 'net.bytebuddy.implementation.bind.annotation.TargetMethodAnnotationDrivenBinder$ParameterBinder$ForFieldBinding'.
2024-11-12 13:41:15,930 INFO  MethodCallReplacementClassAdapter - Adding mock interface to class net/bytebuddy/implementation/bind/annotation/TargetMethodAnnotationDrivenBinder$ParameterBinder$ForFieldBinding
2024-11-12 13:41:15,931 INFO  CreateClassResetClassAdapter - Creating brand-new static initializer in class net/bytebuddy/implementation/bind/annotation/TargetMethodAnnotationDrivenBinder$ParameterBinder$ForFieldBinding
2024-11-12 13:41:15,931 INFO  CreateClassResetClassAdapter - Adding bytecode for initializing field BEAN_PROPERTY
2024-11-12 13:41:15,931 INFO  EvoClassLoader - Keeping class: net.bytebuddy.implementation.bind.annotation.TargetMethodAnnotationDrivenBinder$ParameterBinder$ForFieldBinding
2024-11-12 13:41:15,931 INFO  EvoClassLoader - Seeing class for first time: net.bytebuddy.implementation.bind.annotation.TargetMethodAnnotationDrivenBinder
2024-11-12 13:41:15,931 INFO  EvoClassLoader - Instrumenting class 'net.bytebuddy.implementation.bind.annotation.TargetMethodAnnotationDrivenBinder'.
2024-11-12 13:41:15,931 INFO  MethodCallReplacementClassAdapter - Adding mock interface to class net/bytebuddy/implementation/bind/annotation/TargetMethodAnnotationDrivenBinder
2024-11-12 13:41:15,931 INFO  CreateClassResetClassAdapter - Creating brand-new static initializer in class net/bytebuddy/implementation/bind/annotation/TargetMethodAnnotationDrivenBinder
2024-11-12 13:41:15,932 INFO  EvoClassLoader - Keeping class: net.bytebuddy.implementation.bind.annotation.TargetMethodAnnotationDrivenBinder
2024-11-12 13:41:15,932 INFO  EvoClassLoader - Seeing class for first time: net.bytebuddy.dynamic.scaffold.FieldLocator$Resolution
2024-11-12 13:41:15,932 INFO  EvoClassLoader - Instrumenting class 'net.bytebuddy.dynamic.scaffold.FieldLocator$Resolution'.
2024-11-12 13:41:15,932 INFO  EvoClassLoader - Keeping class: net.bytebuddy.dynamic.scaffold.FieldLocator$Resolution
2024-11-12 13:41:15,932 INFO  EvoClassLoader - Seeing class for first time: net.bytebuddy.dynamic.scaffold.FieldLocator$ForClassHierarchy
2024-11-12 13:41:15,932 INFO  EvoClassLoader - Instrumenting class 'net.bytebuddy.dynamic.scaffold.FieldLocator$ForClassHierarchy'.
2024-11-12 13:41:15,932 INFO  MethodCallReplacementClassAdapter - Adding mock interface to class net/bytebuddy/dynamic/scaffold/FieldLocator$ForClassHierarchy
2024-11-12 13:41:15,932 INFO  CreateClassResetClassAdapter - Creating brand-new static initializer in class net/bytebuddy/dynamic/scaffold/FieldLocator$ForClassHierarchy
2024-11-12 13:41:15,932 INFO  EvoClassLoader - Seeing class for first time: net.bytebuddy.dynamic.scaffold.FieldLocator$AbstractBase
2024-11-12 13:41:15,932 INFO  EvoClassLoader - Instrumenting class 'net.bytebuddy.dynamic.scaffold.FieldLocator$AbstractBase'.
2024-11-12 13:41:15,932 INFO  MethodCallReplacementClassAdapter - Adding mock interface to class net/bytebuddy/dynamic/scaffold/FieldLocator$AbstractBase
2024-11-12 13:41:15,933 INFO  CreateClassResetClassAdapter - Creating brand-new static initializer in class net/bytebuddy/dynamic/scaffold/FieldLocator$AbstractBase
2024-11-12 13:41:15,933 INFO  EvoClassLoader - Seeing class for first time: net.bytebuddy.dynamic.scaffold.FieldLocator
2024-11-12 13:41:15,933 INFO  EvoClassLoader - Instrumenting class 'net.bytebuddy.dynamic.scaffold.FieldLocator'.
2024-11-12 13:41:15,933 INFO  EvoClassLoader - Keeping class: net.bytebuddy.dynamic.scaffold.FieldLocator
2024-11-12 13:41:15,933 INFO  EvoClassLoader - Keeping class: net.bytebuddy.dynamic.scaffold.FieldLocator$AbstractBase
2024-11-12 13:41:15,933 INFO  EvoClassLoader - Keeping class: net.bytebuddy.dynamic.scaffold.FieldLocator$ForClassHierarchy
2024-11-12 13:41:15,933 INFO  EvoClassLoader - Seeing class for first time: net.bytebuddy.dynamic.scaffold.FieldLocator$ForExactType
2024-11-12 13:41:15,933 INFO  EvoClassLoader - Instrumenting class 'net.bytebuddy.dynamic.scaffold.FieldLocator$ForExactType'.
2024-11-12 13:41:15,933 INFO  MethodCallReplacementClassAdapter - Adding mock interface to class net/bytebuddy/dynamic/scaffold/FieldLocator$ForExactType
2024-11-12 13:41:15,933 INFO  CreateClassResetClassAdapter - Creating brand-new static initializer in class net/bytebuddy/dynamic/scaffold/FieldLocator$ForExactType
2024-11-12 13:41:15,933 INFO  EvoClassLoader - Keeping class: net.bytebuddy.dynamic.scaffold.FieldLocator$ForExactType
2024-11-12 13:41:15,934 INFO  EvoClassLoader - Seeing class for first time: net.bytebuddy.implementation.bind.annotation.FieldValue$Binder$Delegate
2024-11-12 13:41:15,934 INFO  EvoClassLoader - Instrumenting class 'net.bytebuddy.implementation.bind.annotation.FieldValue$Binder$Delegate'.
2024-11-12 13:41:15,934 INFO  MethodCallReplacementClassAdapter - Adding mock interface to class net/bytebuddy/implementation/bind/annotation/FieldValue$Binder$Delegate
2024-11-12 13:41:15,935 INFO  CreateClassResetClassAdapter - Creating brand-new static initializer in class net/bytebuddy/implementation/bind/annotation/FieldValue$Binder$Delegate
2024-11-12 13:41:15,935 INFO  EvoClassLoader - Keeping class: net.bytebuddy.implementation.bind.annotation.FieldValue$Binder$Delegate
2024-11-12 13:41:15,935 INFO  EvoClassLoader - Seeing class for first time: net.bytebuddy.implementation.bind.annotation.FieldValue$Binder
2024-11-12 13:41:15,935 INFO  EvoClassLoader - Instrumenting class 'net.bytebuddy.implementation.bind.annotation.FieldValue$Binder'.
2024-11-12 13:41:15,935 INFO  MethodCallReplacementClassAdapter - Adding mock interface to class net/bytebuddy/implementation/bind/annotation/FieldValue$Binder
2024-11-12 13:41:15,935 INFO  CreateClassResetClassAdapter - Found static initializer in class net/bytebuddy/implementation/bind/annotation/FieldValue$Binder
2024-11-12 13:41:15,935 INFO  EvoClassLoader - Keeping class: net.bytebuddy.implementation.bind.annotation.FieldValue$Binder
2024-11-12 13:41:15,935 INFO  EvoClassLoader - Seeing class for first time: net.bytebuddy.implementation.bind.annotation.FieldValue
2024-11-12 13:41:15,935 INFO  EvoClassLoader - Instrumenting class 'net.bytebuddy.implementation.bind.annotation.FieldValue'.
2024-11-12 13:41:15,936 INFO  EvoClassLoader - Keeping class: net.bytebuddy.implementation.bind.annotation.FieldValue
2024-11-12 13:41:15,936 INFO  EvoClassLoader - Seeing class for first time: net.bytebuddy.implementation.bytecode.StackManipulation$Trivial
2024-11-12 13:41:15,936 INFO  EvoClassLoader - Instrumenting class 'net.bytebuddy.implementation.bytecode.StackManipulation$Trivial'.
2024-11-12 13:41:15,936 INFO  MethodCallReplacementClassAdapter - Adding mock interface to class net/bytebuddy/implementation/bytecode/StackManipulation$Trivial
2024-11-12 13:41:15,936 INFO  CreateClassResetClassAdapter - Found static initializer in class net/bytebuddy/implementation/bytecode/StackManipulation$Trivial
2024-11-12 13:41:15,936 INFO  EvoClassLoader - Keeping class: net.bytebuddy.implementation.bytecode.StackManipulation$Trivial
2024-11-12 13:41:15,937 INFO  EvoClassLoader - Seeing class for first time: net.bytebuddy.implementation.bind.annotation.StubValue$Binder
2024-11-12 13:41:15,937 INFO  EvoClassLoader - Instrumenting class 'net.bytebuddy.implementation.bind.annotation.StubValue$Binder'.
2024-11-12 13:41:15,937 INFO  MethodCallReplacementClassAdapter - Adding mock interface to class net/bytebuddy/implementation/bind/annotation/StubValue$Binder
2024-11-12 13:41:15,937 INFO  CreateClassResetClassAdapter - Found static initializer in class net/bytebuddy/implementation/bind/annotation/StubValue$Binder
2024-11-12 13:41:15,937 INFO  EvoClassLoader - Keeping class: net.bytebuddy.implementation.bind.annotation.StubValue$Binder
2024-11-12 13:41:15,937 INFO  EvoClassLoader - Seeing class for first time: net.bytebuddy.implementation.bind.annotation.StubValue
2024-11-12 13:41:15,937 INFO  EvoClassLoader - Instrumenting class 'net.bytebuddy.implementation.bind.annotation.StubValue'.
2024-11-12 13:41:15,937 INFO  EvoClassLoader - Keeping class: net.bytebuddy.implementation.bind.annotation.StubValue
2024-11-12 13:41:15,938 INFO  EvoClassLoader - Seeing class for first time: net.bytebuddy.implementation.bind.annotation.Empty$Binder
2024-11-12 13:41:15,938 INFO  EvoClassLoader - Instrumenting class 'net.bytebuddy.implementation.bind.annotation.Empty$Binder'.
2024-11-12 13:41:15,938 INFO  MethodCallReplacementClassAdapter - Adding mock interface to class net/bytebuddy/implementation/bind/annotation/Empty$Binder
2024-11-12 13:41:15,938 INFO  CreateClassResetClassAdapter - Found static initializer in class net/bytebuddy/implementation/bind/annotation/Empty$Binder
2024-11-12 13:41:15,938 INFO  EvoClassLoader - Keeping class: net.bytebuddy.implementation.bind.annotation.Empty$Binder
2024-11-12 13:41:15,938 INFO  EvoClassLoader - Seeing class for first time: net.bytebuddy.implementation.bind.annotation.Empty
2024-11-12 13:41:15,938 INFO  EvoClassLoader - Instrumenting class 'net.bytebuddy.implementation.bind.annotation.Empty'.
2024-11-12 13:41:15,938 INFO  EvoClassLoader - Keeping class: net.bytebuddy.implementation.bind.annotation.Empty
2024-11-12 13:41:15,938 INFO  EvoClassLoader - Seeing class for first time: net.bytebuddy.implementation.bind.MethodDelegationBinder$BindingResolver$Default
2024-11-12 13:41:15,938 INFO  EvoClassLoader - Instrumenting class 'net.bytebuddy.implementation.bind.MethodDelegationBinder$BindingResolver$Default'.
2024-11-12 13:41:15,938 INFO  MethodCallReplacementClassAdapter - Adding mock interface to class net/bytebuddy/implementation/bind/MethodDelegationBinder$BindingResolver$Default
2024-11-12 13:41:15,939 INFO  CreateClassResetClassAdapter - Found static initializer in class net/bytebuddy/implementation/bind/MethodDelegationBinder$BindingResolver$Default
2024-11-12 13:41:15,939 INFO  EvoClassLoader - Keeping class: net.bytebuddy.implementation.bind.MethodDelegationBinder$BindingResolver$Default
2024-11-12 13:41:15,939 INFO  EvoClassLoader - Seeing class for first time: net.bytebuddy.implementation.bind.MethodDelegationBinder$BindingResolver$StreamWriting
2024-11-12 13:41:15,939 INFO  EvoClassLoader - Instrumenting class 'net.bytebuddy.implementation.bind.MethodDelegationBinder$BindingResolver$StreamWriting'.
2024-11-12 13:41:15,939 INFO  MethodCallReplacementClassAdapter - Adding mock interface to class net/bytebuddy/implementation/bind/MethodDelegationBinder$BindingResolver$StreamWriting
2024-11-12 13:41:15,939 INFO  CreateClassResetClassAdapter - Creating brand-new static initializer in class net/bytebuddy/implementation/bind/MethodDelegationBinder$BindingResolver$StreamWriting
2024-11-12 13:41:15,939 INFO  EvoClassLoader - Keeping class: net.bytebuddy.implementation.bind.MethodDelegationBinder$BindingResolver$StreamWriting
2024-11-12 13:41:15,939 INFO  EvoClassLoader - Seeing class for first time: net.bytebuddy.implementation.bind.MethodDelegationBinder$BindingResolver$Unique
2024-11-12 13:41:15,939 INFO  EvoClassLoader - Instrumenting class 'net.bytebuddy.implementation.bind.MethodDelegationBinder$BindingResolver$Unique'.
2024-11-12 13:41:15,940 INFO  MethodCallReplacementClassAdapter - Adding mock interface to class net/bytebuddy/implementation/bind/MethodDelegationBinder$BindingResolver$Unique
2024-11-12 13:41:15,940 INFO  CreateClassResetClassAdapter - Found static initializer in class net/bytebuddy/implementation/bind/MethodDelegationBinder$BindingResolver$Unique
2024-11-12 13:41:15,940 INFO  EvoClassLoader - Keeping class: net.bytebuddy.implementation.bind.MethodDelegationBinder$BindingResolver$Unique
2024-11-12 13:41:15,941 INFO  EvoClassLoader - Seeing class for first time: net.bytebuddy.matcher.ModifierMatcher
2024-11-12 13:41:15,941 INFO  EvoClassLoader - Instrumenting class 'net.bytebuddy.matcher.ModifierMatcher'.
2024-11-12 13:41:15,941 INFO  MethodCallReplacementClassAdapter - Adding mock interface to class net/bytebuddy/matcher/ModifierMatcher
2024-11-12 13:41:15,941 INFO  CreateClassResetClassAdapter - Creating brand-new static initializer in class net/bytebuddy/matcher/ModifierMatcher
2024-11-12 13:41:15,941 INFO  EvoClassLoader - Keeping class: net.bytebuddy.matcher.ModifierMatcher
2024-11-12 13:41:15,941 INFO  EvoClassLoader - Seeing class for first time: net.bytebuddy.matcher.ModifierMatcher$Mode
2024-11-12 13:41:15,941 INFO  EvoClassLoader - Instrumenting class 'net.bytebuddy.matcher.ModifierMatcher$Mode'.
2024-11-12 13:41:15,941 INFO  MethodCallReplacementClassAdapter - Adding mock interface to class net/bytebuddy/matcher/ModifierMatcher$Mode
2024-11-12 13:41:15,942 INFO  CreateClassResetClassAdapter - Found static initializer in class net/bytebuddy/matcher/ModifierMatcher$Mode
2024-11-12 13:41:15,942 INFO  EvoClassLoader - Keeping class: net.bytebuddy.matcher.ModifierMatcher$Mode
2024-11-12 13:41:15,942 INFO  EvoClassLoader - Seeing class for first time: net.bytebuddy.implementation.bind.annotation.TargetMethodAnnotationDrivenBinder$DelegationProcessor
2024-11-12 13:41:15,942 INFO  EvoClassLoader - Instrumenting class 'net.bytebuddy.implementation.bind.annotation.TargetMethodAnnotationDrivenBinder$DelegationProcessor'.
2024-11-12 13:41:15,943 INFO  MethodCallReplacementClassAdapter - Adding mock interface to class net/bytebuddy/implementation/bind/annotation/TargetMethodAnnotationDrivenBinder$DelegationProcessor
2024-11-12 13:41:15,944 INFO  CreateClassResetClassAdapter - Creating brand-new static initializer in class net/bytebuddy/implementation/bind/annotation/TargetMethodAnnotationDrivenBinder$DelegationProcessor
2024-11-12 13:41:15,944 INFO  EvoClassLoader - Keeping class: net.bytebuddy.implementation.bind.annotation.TargetMethodAnnotationDrivenBinder$DelegationProcessor
2024-11-12 13:41:15,945 INFO  EvoClassLoader - Seeing class for first time: net.bytebuddy.implementation.bind.annotation.TargetMethodAnnotationDrivenBinder$DelegationProcessor$Handler
2024-11-12 13:41:15,945 INFO  EvoClassLoader - Instrumenting class 'net.bytebuddy.implementation.bind.annotation.TargetMethodAnnotationDrivenBinder$DelegationProcessor$Handler'.
2024-11-12 13:41:15,945 INFO  EvoClassLoader - Keeping class: net.bytebuddy.implementation.bind.annotation.TargetMethodAnnotationDrivenBinder$DelegationProcessor$Handler
2024-11-12 13:41:15,945 INFO  EvoClassLoader - Seeing class for first time: net.bytebuddy.implementation.bind.annotation.TargetMethodAnnotationDrivenBinder$DelegationProcessor$Handler$Unbound
2024-11-12 13:41:15,945 INFO  EvoClassLoader - Instrumenting class 'net.bytebuddy.implementation.bind.annotation.TargetMethodAnnotationDrivenBinder$DelegationProcessor$Handler$Unbound'.
2024-11-12 13:41:15,945 INFO  MethodCallReplacementClassAdapter - Adding mock interface to class net/bytebuddy/implementation/bind/annotation/TargetMethodAnnotationDrivenBinder$DelegationProcessor$Handler$Unbound
2024-11-12 13:41:15,945 INFO  CreateClassResetClassAdapter - Creating brand-new static initializer in class net/bytebuddy/implementation/bind/annotation/TargetMethodAnnotationDrivenBinder$DelegationProcessor$Handler$Unbound
2024-11-12 13:41:15,945 INFO  EvoClassLoader - Keeping class: net.bytebuddy.implementation.bind.annotation.TargetMethodAnnotationDrivenBinder$DelegationProcessor$Handler$Unbound
2024-11-12 13:41:15,945 INFO  EvoClassLoader - Seeing class for first time: net.bytebuddy.implementation.MethodDelegation$ImplementationDelegate$ForStaticMethod
2024-11-12 13:41:15,945 INFO  EvoClassLoader - Instrumenting class 'net.bytebuddy.implementation.MethodDelegation$ImplementationDelegate$ForStaticMethod'.
2024-11-12 13:41:15,946 INFO  MethodCallReplacementClassAdapter - Adding mock interface to class net/bytebuddy/implementation/MethodDelegation$ImplementationDelegate$ForStaticMethod
2024-11-12 13:41:15,946 INFO  CreateClassResetClassAdapter - Creating brand-new static initializer in class net/bytebuddy/implementation/MethodDelegation$ImplementationDelegate$ForStaticMethod
2024-11-12 13:41:15,946 INFO  EvoClassLoader - Keeping class: net.bytebuddy.implementation.MethodDelegation$ImplementationDelegate$ForStaticMethod
2024-11-12 13:41:15,946 INFO  EvoClassLoader - Seeing class for first time: net.bytebuddy.implementation.MethodDelegation$ImplementationDelegate$ForConstruction
2024-11-12 13:41:15,946 INFO  EvoClassLoader - Instrumenting class 'net.bytebuddy.implementation.MethodDelegation$ImplementationDelegate$ForConstruction'.
2024-11-12 13:41:15,946 INFO  MethodCallReplacementClassAdapter - Adding mock interface to class net/bytebuddy/implementation/MethodDelegation$ImplementationDelegate$ForConstruction
2024-11-12 13:41:15,946 INFO  CreateClassResetClassAdapter - Creating brand-new static initializer in class net/bytebuddy/implementation/MethodDelegation$ImplementationDelegate$ForConstruction
2024-11-12 13:41:15,946 INFO  EvoClassLoader - Keeping class: net.bytebuddy.implementation.MethodDelegation$ImplementationDelegate$ForConstruction
2024-11-12 13:41:15,946 INFO  EvoClassLoader - Seeing class for first time: net.bytebuddy.implementation.MethodDelegation$ImplementationDelegate$ForMethodReturn
2024-11-12 13:41:15,946 INFO  EvoClassLoader - Instrumenting class 'net.bytebuddy.implementation.MethodDelegation$ImplementationDelegate$ForMethodReturn'.
2024-11-12 13:41:15,947 INFO  MethodCallReplacementClassAdapter - Adding mock interface to class net/bytebuddy/implementation/MethodDelegation$ImplementationDelegate$ForMethodReturn
2024-11-12 13:41:15,947 INFO  CreateClassResetClassAdapter - Creating brand-new static initializer in class net/bytebuddy/implementation/MethodDelegation$ImplementationDelegate$ForMethodReturn
2024-11-12 13:41:15,948 INFO  EvoClassLoader - Keeping class: net.bytebuddy.implementation.MethodDelegation$ImplementationDelegate$ForMethodReturn
2024-11-12 13:41:15,948 INFO  EvoClassLoader - Seeing class for first time: net.bytebuddy.implementation.MethodDelegation$ImplementationDelegate$ForField
2024-11-12 13:41:15,948 INFO  EvoClassLoader - Instrumenting class 'net.bytebuddy.implementation.MethodDelegation$ImplementationDelegate$ForField'.
2024-11-12 13:41:15,948 INFO  MethodCallReplacementClassAdapter - Adding mock interface to class net/bytebuddy/implementation/MethodDelegation$ImplementationDelegate$ForField
2024-11-12 13:41:15,949 INFO  CreateClassResetClassAdapter - Creating brand-new static initializer in class net/bytebuddy/implementation/MethodDelegation$ImplementationDelegate$ForField
2024-11-12 13:41:15,949 INFO  EvoClassLoader - Keeping class: net.bytebuddy.implementation.MethodDelegation$ImplementationDelegate$ForField
2024-11-12 13:41:15,949 INFO  EvoClassLoader - Seeing class for first time: net.bytebuddy.implementation.MethodDelegation$ImplementationDelegate$Compiled
2024-11-12 13:41:15,949 INFO  EvoClassLoader - Instrumenting class 'net.bytebuddy.implementation.MethodDelegation$ImplementationDelegate$Compiled'.
2024-11-12 13:41:15,950 INFO  EvoClassLoader - Keeping class: net.bytebuddy.implementation.MethodDelegation$ImplementationDelegate$Compiled
2024-11-12 13:41:15,950 INFO  EvoClassLoader - Seeing class for first time: net.bytebuddy.implementation.bind.annotation.IgnoreForBinding$Verifier
2024-11-12 13:41:15,950 INFO  EvoClassLoader - Instrumenting class 'net.bytebuddy.implementation.bind.annotation.IgnoreForBinding$Verifier'.
2024-11-12 13:41:15,950 INFO  MethodCallReplacementClassAdapter - Adding mock interface to class net/bytebuddy/implementation/bind/annotation/IgnoreForBinding$Verifier
2024-11-12 13:41:15,950 INFO  CreateClassResetClassAdapter - Creating brand-new static initializer in class net/bytebuddy/implementation/bind/annotation/IgnoreForBinding$Verifier
2024-11-12 13:41:15,950 INFO  EvoClassLoader - Keeping class: net.bytebuddy.implementation.bind.annotation.IgnoreForBinding$Verifier
2024-11-12 13:41:15,950 INFO  EvoClassLoader - Seeing class for first time: net.bytebuddy.implementation.bind.annotation.IgnoreForBinding
2024-11-12 13:41:15,950 INFO  EvoClassLoader - Instrumenting class 'net.bytebuddy.implementation.bind.annotation.IgnoreForBinding'.
2024-11-12 13:41:15,951 INFO  EvoClassLoader - Keeping class: net.bytebuddy.implementation.bind.annotation.IgnoreForBinding
2024-11-12 13:41:15,951 INFO  EvoClassLoader - Seeing class for first time: net.bytebuddy.description.annotation.AnnotationList$AbstractBase
2024-11-12 13:41:15,951 INFO  EvoClassLoader - Instrumenting class 'net.bytebuddy.description.annotation.AnnotationList$AbstractBase'.
2024-11-12 13:41:15,951 INFO  MethodCallReplacementClassAdapter - Adding mock interface to class net/bytebuddy/description/annotation/AnnotationList$AbstractBase
2024-11-12 13:41:15,951 INFO  CreateClassResetClassAdapter - Creating brand-new static initializer in class net/bytebuddy/description/annotation/AnnotationList$AbstractBase
2024-11-12 13:41:15,951 INFO  EvoClassLoader - Keeping class: net.bytebuddy.description.annotation.AnnotationList$AbstractBase
2024-11-12 13:41:15,951 INFO  EvoClassLoader - Seeing class for first time: net.bytebuddy.description.annotation.AnnotationList$Empty
2024-11-12 13:41:15,951 INFO  EvoClassLoader - Instrumenting class 'net.bytebuddy.description.annotation.AnnotationList$Empty'.
2024-11-12 13:41:15,951 INFO  MethodCallReplacementClassAdapter - Adding mock interface to class net/bytebuddy/description/annotation/AnnotationList$Empty
2024-11-12 13:41:15,952 INFO  CreateClassResetClassAdapter - Creating brand-new static initializer in class net/bytebuddy/description/annotation/AnnotationList$Empty
2024-11-12 13:41:15,952 INFO  EvoClassLoader - Keeping class: net.bytebuddy.description.annotation.AnnotationList$Empty
2024-11-12 13:41:15,952 INFO  EvoClassLoader - Seeing class for first time: net.bytebuddy.description.annotation.AnnotationList$Explicit
2024-11-12 13:41:15,952 INFO  EvoClassLoader - Instrumenting class 'net.bytebuddy.description.annotation.AnnotationList$Explicit'.
2024-11-12 13:41:15,952 INFO  MethodCallReplacementClassAdapter - Adding mock interface to class net/bytebuddy/description/annotation/AnnotationList$Explicit
2024-11-12 13:41:15,952 INFO  CreateClassResetClassAdapter - Creating brand-new static initializer in class net/bytebuddy/description/annotation/AnnotationList$Explicit
2024-11-12 13:41:15,952 INFO  EvoClassLoader - Keeping class: net.bytebuddy.description.annotation.AnnotationList$Explicit
2024-11-12 13:41:15,952 INFO  EvoClassLoader - Seeing class for first time: net.bytebuddy.description.annotation.AnnotationList$ForLoadedAnnotations
2024-11-12 13:41:15,952 INFO  EvoClassLoader - Instrumenting class 'net.bytebuddy.description.annotation.AnnotationList$ForLoadedAnnotations'.
2024-11-12 13:41:15,953 INFO  MethodCallReplacementClassAdapter - Adding mock interface to class net/bytebuddy/description/annotation/AnnotationList$ForLoadedAnnotations
2024-11-12 13:41:15,953 INFO  CreateClassResetClassAdapter - Creating brand-new static initializer in class net/bytebuddy/description/annotation/AnnotationList$ForLoadedAnnotations
2024-11-12 13:41:15,953 INFO  EvoClassLoader - Keeping class: net.bytebuddy.description.annotation.AnnotationList$ForLoadedAnnotations
2024-11-12 13:41:15,953 INFO  EvoClassLoader - Seeing class for first time: net.bytebuddy.description.annotation.AnnotationDescription$AbstractBase
2024-11-12 13:41:15,953 INFO  EvoClassLoader - Instrumenting class 'net.bytebuddy.description.annotation.AnnotationDescription$AbstractBase'.
2024-11-12 13:41:15,954 INFO  MethodCallReplacementClassAdapter - Adding mock interface to class net/bytebuddy/description/annotation/AnnotationDescription$AbstractBase
2024-11-12 13:41:15,954 INFO  CreateClassResetClassAdapter - Found static initializer in class net/bytebuddy/description/annotation/AnnotationDescription$AbstractBase
2024-11-12 13:41:15,954 INFO  EvoClassLoader - Keeping class: net.bytebuddy.description.annotation.AnnotationDescription$AbstractBase
2024-11-12 13:41:15,954 INFO  EvoClassLoader - Seeing class for first time: net.bytebuddy.description.annotation.AnnotationDescription$Builder
2024-11-12 13:41:15,954 INFO  EvoClassLoader - Instrumenting class 'net.bytebuddy.description.annotation.AnnotationDescription$Builder'.
2024-11-12 13:41:15,954 INFO  MethodCallReplacementClassAdapter - Adding mock interface to class net/bytebuddy/description/annotation/AnnotationDescription$Builder
2024-11-12 13:41:15,956 INFO  CreateClassResetClassAdapter - Creating brand-new static initializer in class net/bytebuddy/description/annotation/AnnotationDescription$Builder
2024-11-12 13:41:15,956 INFO  EvoClassLoader - Keeping class: net.bytebuddy.description.annotation.AnnotationDescription$Builder
2024-11-12 13:41:15,956 INFO  EvoClassLoader - Seeing class for first time: net.bytebuddy.description.annotation.AnnotationDescription$Latent
2024-11-12 13:41:15,956 INFO  EvoClassLoader - Instrumenting class 'net.bytebuddy.description.annotation.AnnotationDescription$Latent'.
2024-11-12 13:41:15,957 INFO  MethodCallReplacementClassAdapter - Adding mock interface to class net/bytebuddy/description/annotation/AnnotationDescription$Latent
2024-11-12 13:41:15,957 INFO  CreateClassResetClassAdapter - Creating brand-new static initializer in class net/bytebuddy/description/annotation/AnnotationDescription$Latent
2024-11-12 13:41:15,957 INFO  EvoClassLoader - Keeping class: net.bytebuddy.description.annotation.AnnotationDescription$Latent
2024-11-12 13:41:15,957 INFO  EvoClassLoader - Seeing class for first time: net.bytebuddy.description.annotation.AnnotationDescription$ForLoadedAnnotation
2024-11-12 13:41:15,957 INFO  EvoClassLoader - Instrumenting class 'net.bytebuddy.description.annotation.AnnotationDescription$ForLoadedAnnotation'.
2024-11-12 13:41:15,958 INFO  MethodCallReplacementClassAdapter - Adding mock interface to class net/bytebuddy/description/annotation/AnnotationDescription$ForLoadedAnnotation
2024-11-12 13:41:15,959 INFO  CreateClassResetClassAdapter - Creating brand-new static initializer in class net/bytebuddy/description/annotation/AnnotationDescription$ForLoadedAnnotation
2024-11-12 13:41:15,960 INFO  EvoClassLoader - Seeing class for first time: net.bytebuddy.description.annotation.AnnotationDescription$AbstractBase$ForPrepared
2024-11-12 13:41:15,960 INFO  EvoClassLoader - Instrumenting class 'net.bytebuddy.description.annotation.AnnotationDescription$AbstractBase$ForPrepared'.
2024-11-12 13:41:15,960 INFO  MethodCallReplacementClassAdapter - Adding mock interface to class net/bytebuddy/description/annotation/AnnotationDescription$AbstractBase$ForPrepared
2024-11-12 13:41:15,960 INFO  CreateClassResetClassAdapter - Creating brand-new static initializer in class net/bytebuddy/description/annotation/AnnotationDescription$AbstractBase$ForPrepared
2024-11-12 13:41:15,960 INFO  EvoClassLoader - Keeping class: net.bytebuddy.description.annotation.AnnotationDescription$AbstractBase$ForPrepared
2024-11-12 13:41:15,960 INFO  EvoClassLoader - Keeping class: net.bytebuddy.description.annotation.AnnotationDescription$ForLoadedAnnotation
2024-11-12 13:41:15,961 INFO  EvoClassLoader - Seeing class for first time: net.bytebuddy.description.type.TypeDefinition$SuperClassIterator
2024-11-12 13:41:15,961 INFO  EvoClassLoader - Instrumenting class 'net.bytebuddy.description.type.TypeDefinition$SuperClassIterator'.
2024-11-12 13:41:15,961 INFO  MethodCallReplacementClassAdapter - Adding mock interface to class net/bytebuddy/description/type/TypeDefinition$SuperClassIterator
2024-11-12 13:41:15,961 INFO  CreateClassResetClassAdapter - Creating brand-new static initializer in class net/bytebuddy/description/type/TypeDefinition$SuperClassIterator
2024-11-12 13:41:15,961 INFO  EvoClassLoader - Keeping class: net.bytebuddy.description.type.TypeDefinition$SuperClassIterator
2024-11-12 13:41:15,961 INFO  EvoClassLoader - Seeing class for first time: net.bytebuddy.description.type.TypeDescription$Generic$AnnotationReader
2024-11-12 13:41:15,961 INFO  EvoClassLoader - Instrumenting class 'net.bytebuddy.description.type.TypeDescription$Generic$AnnotationReader'.
2024-11-12 13:41:15,962 INFO  EvoClassLoader - Keeping class: net.bytebuddy.description.type.TypeDescription$Generic$AnnotationReader
2024-11-12 13:41:15,962 INFO  EvoClassLoader - Seeing class for first time: net.bytebuddy.description.type.TypeDescription$Generic$AnnotationReader$NoOp
2024-11-12 13:41:15,962 INFO  EvoClassLoader - Instrumenting class 'net.bytebuddy.description.type.TypeDescription$Generic$AnnotationReader$NoOp'.
2024-11-12 13:41:15,962 INFO  MethodCallReplacementClassAdapter - Adding mock interface to class net/bytebuddy/description/type/TypeDescription$Generic$AnnotationReader$NoOp
2024-11-12 13:41:15,962 INFO  CreateClassResetClassAdapter - Found static initializer in class net/bytebuddy/description/type/TypeDescription$Generic$AnnotationReader$NoOp
2024-11-12 13:41:15,962 INFO  EvoClassLoader - Keeping class: net.bytebuddy.description.type.TypeDescription$Generic$AnnotationReader$NoOp
2024-11-12 13:41:15,962 INFO  EvoClassLoader - Seeing class for first time: net.bytebuddy.description.type.TypeDescription$Generic$AnnotationReader$ForOwnerType
2024-11-12 13:41:15,962 INFO  EvoClassLoader - Instrumenting class 'net.bytebuddy.description.type.TypeDescription$Generic$AnnotationReader$ForOwnerType'.
2024-11-12 13:41:15,962 INFO  MethodCallReplacementClassAdapter - Adding mock interface to class net/bytebuddy/description/type/TypeDescription$Generic$AnnotationReader$ForOwnerType
2024-11-12 13:41:15,963 INFO  CreateClassResetClassAdapter - Found static initializer in class net/bytebuddy/description/type/TypeDescription$Generic$AnnotationReader$ForOwnerType
2024-11-12 13:41:15,963 INFO  EvoClassLoader - Seeing class for first time: net.bytebuddy.description.type.TypeDescription$Generic$AnnotationReader$Delegator$Chained
2024-11-12 13:41:15,963 INFO  EvoClassLoader - Instrumenting class 'net.bytebuddy.description.type.TypeDescription$Generic$AnnotationReader$Delegator$Chained'.
2024-11-12 13:41:15,963 INFO  MethodCallReplacementClassAdapter - Adding mock interface to class net/bytebuddy/description/type/TypeDescription$Generic$AnnotationReader$Delegator$Chained
2024-11-12 13:41:15,963 INFO  CreateClassResetClassAdapter - Found static initializer in class net/bytebuddy/description/type/TypeDescription$Generic$AnnotationReader$Delegator$Chained
2024-11-12 13:41:15,963 INFO  EvoClassLoader - Seeing class for first time: net.bytebuddy.description.type.TypeDescription$Generic$AnnotationReader$Delegator
2024-11-12 13:41:15,963 INFO  EvoClassLoader - Instrumenting class 'net.bytebuddy.description.type.TypeDescription$Generic$AnnotationReader$Delegator'.
2024-11-12 13:41:15,964 INFO  MethodCallReplacementClassAdapter - Adding mock interface to class net/bytebuddy/description/type/TypeDescription$Generic$AnnotationReader$Delegator
2024-11-12 13:41:15,964 INFO  CreateClassResetClassAdapter - Found static initializer in class net/bytebuddy/description/type/TypeDescription$Generic$AnnotationReader$Delegator
2024-11-12 13:41:15,964 INFO  EvoClassLoader - Keeping class: net.bytebuddy.description.type.TypeDescription$Generic$AnnotationReader$Delegator
2024-11-12 13:41:15,964 INFO  EvoClassLoader - Keeping class: net.bytebuddy.description.type.TypeDescription$Generic$AnnotationReader$Delegator$Chained
2024-11-12 13:41:15,964 INFO  EvoClassLoader - Keeping class: net.bytebuddy.description.type.TypeDescription$Generic$AnnotationReader$ForOwnerType
2024-11-12 13:41:15,964 INFO  EvoClassLoader - Seeing class for first time: net.bytebuddy.description.type.TypeDescription$Generic$AnnotationReader$ForComponentType
2024-11-12 13:41:15,964 INFO  EvoClassLoader - Instrumenting class 'net.bytebuddy.description.type.TypeDescription$Generic$AnnotationReader$ForComponentType'.
2024-11-12 13:41:15,964 INFO  MethodCallReplacementClassAdapter - Adding mock interface to class net/bytebuddy/description/type/TypeDescription$Generic$AnnotationReader$ForComponentType
2024-11-12 13:41:15,964 INFO  CreateClassResetClassAdapter - Found static initializer in class net/bytebuddy/description/type/TypeDescription$Generic$AnnotationReader$ForComponentType
2024-11-12 13:41:15,964 INFO  EvoClassLoader - Keeping class: net.bytebuddy.description.type.TypeDescription$Generic$AnnotationReader$ForComponentType
2024-11-12 13:41:15,964 INFO  EvoClassLoader - Seeing class for first time: net.bytebuddy.description.type.TypeDescription$Generic$AnnotationReader$ForTypeArgument
2024-11-12 13:41:15,964 INFO  EvoClassLoader - Instrumenting class 'net.bytebuddy.description.type.TypeDescription$Generic$AnnotationReader$ForTypeArgument'.
2024-11-12 13:41:15,964 INFO  MethodCallReplacementClassAdapter - Adding mock interface to class net/bytebuddy/description/type/TypeDescription$Generic$AnnotationReader$ForTypeArgument
2024-11-12 13:41:15,965 INFO  CreateClassResetClassAdapter - Found static initializer in class net/bytebuddy/description/type/TypeDescription$Generic$AnnotationReader$ForTypeArgument
2024-11-12 13:41:15,965 INFO  EvoClassLoader - Keeping class: net.bytebuddy.description.type.TypeDescription$Generic$AnnotationReader$ForTypeArgument
2024-11-12 13:41:15,965 INFO  EvoClassLoader - Seeing class for first time: net.bytebuddy.description.type.TypeDescription$Generic$AnnotationReader$ForTypeVariableBoundType
2024-11-12 13:41:15,965 INFO  EvoClassLoader - Instrumenting class 'net.bytebuddy.description.type.TypeDescription$Generic$AnnotationReader$ForTypeVariableBoundType'.
2024-11-12 13:41:15,965 INFO  MethodCallReplacementClassAdapter - Adding mock interface to class net/bytebuddy/description/type/TypeDescription$Generic$AnnotationReader$ForTypeVariableBoundType
2024-11-12 13:41:15,965 INFO  CreateClassResetClassAdapter - Found static initializer in class net/bytebuddy/description/type/TypeDescription$Generic$AnnotationReader$ForTypeVariableBoundType
2024-11-12 13:41:15,965 INFO  EvoClassLoader - Keeping class: net.bytebuddy.description.type.TypeDescription$Generic$AnnotationReader$ForTypeVariableBoundType
2024-11-12 13:41:15,965 INFO  EvoClassLoader - Seeing class for first time: net.bytebuddy.description.type.TypeDescription$Generic$AnnotationReader$ForWildcardLowerBoundType
2024-11-12 13:41:15,965 INFO  EvoClassLoader - Instrumenting class 'net.bytebuddy.description.type.TypeDescription$Generic$AnnotationReader$ForWildcardLowerBoundType'.
2024-11-12 13:41:15,965 INFO  MethodCallReplacementClassAdapter - Adding mock interface to class net/bytebuddy/description/type/TypeDescription$Generic$AnnotationReader$ForWildcardLowerBoundType
2024-11-12 13:41:15,966 INFO  CreateClassResetClassAdapter - Found static initializer in class net/bytebuddy/description/type/TypeDescription$Generic$AnnotationReader$ForWildcardLowerBoundType
2024-11-12 13:41:15,966 INFO  EvoClassLoader - Keeping class: net.bytebuddy.description.type.TypeDescription$Generic$AnnotationReader$ForWildcardLowerBoundType
2024-11-12 13:41:15,966 INFO  EvoClassLoader - Seeing class for first time: net.bytebuddy.description.type.TypeDescription$Generic$AnnotationReader$ForWildcardUpperBoundType
2024-11-12 13:41:15,966 INFO  EvoClassLoader - Instrumenting class 'net.bytebuddy.description.type.TypeDescription$Generic$AnnotationReader$ForWildcardUpperBoundType'.
2024-11-12 13:41:15,966 INFO  MethodCallReplacementClassAdapter - Adding mock interface to class net/bytebuddy/description/type/TypeDescription$Generic$AnnotationReader$ForWildcardUpperBoundType
2024-11-12 13:41:15,968 INFO  CreateClassResetClassAdapter - Found static initializer in class net/bytebuddy/description/type/TypeDescription$Generic$AnnotationReader$ForWildcardUpperBoundType
2024-11-12 13:41:15,968 INFO  EvoClassLoader - Keeping class: net.bytebuddy.description.type.TypeDescription$Generic$AnnotationReader$ForWildcardUpperBoundType
2024-11-12 13:41:15,968 INFO  EvoClassLoader - Seeing class for first time: net.bytebuddy.description.type.TypeDescription$Generic$AbstractBase
2024-11-12 13:41:15,968 INFO  EvoClassLoader - Instrumenting class 'net.bytebuddy.description.type.TypeDescription$Generic$AbstractBase'.
2024-11-12 13:41:15,968 INFO  MethodCallReplacementClassAdapter - Adding mock interface to class net/bytebuddy/description/type/TypeDescription$Generic$AbstractBase
2024-11-12 13:41:15,968 INFO  CreateClassResetClassAdapter - Creating brand-new static initializer in class net/bytebuddy/description/type/TypeDescription$Generic$AbstractBase
2024-11-12 13:41:15,969 INFO  EvoClassLoader - Keeping class: net.bytebuddy.description.type.TypeDescription$Generic$AbstractBase
2024-11-12 13:41:15,969 INFO  EvoClassLoader - Seeing class for first time: net.bytebuddy.description.type.TypeDescription$Generic$Builder
2024-11-12 13:41:15,969 INFO  EvoClassLoader - Instrumenting class 'net.bytebuddy.description.type.TypeDescription$Generic$Builder'.
2024-11-12 13:41:15,969 INFO  MethodCallReplacementClassAdapter - Adding mock interface to class net/bytebuddy/description/type/TypeDescription$Generic$Builder
2024-11-12 13:41:15,970 INFO  CreateClassResetClassAdapter - Found static initializer in class net/bytebuddy/description/type/TypeDescription$Generic$Builder
2024-11-12 13:41:15,970 INFO  EvoClassLoader - Keeping class: net.bytebuddy.description.type.TypeDescription$Generic$Builder
2024-11-12 13:41:15,970 INFO  EvoClassLoader - Seeing class for first time: net.bytebuddy.description.type.TypeDescription$Generic$LazyProjection
2024-11-12 13:41:15,970 INFO  EvoClassLoader - Instrumenting class 'net.bytebuddy.description.type.TypeDescription$Generic$LazyProjection'.
2024-11-12 13:41:15,970 INFO  MethodCallReplacementClassAdapter - Adding mock interface to class net/bytebuddy/description/type/TypeDescription$Generic$LazyProjection
2024-11-12 13:41:15,970 INFO  CreateClassResetClassAdapter - Creating brand-new static initializer in class net/bytebuddy/description/type/TypeDescription$Generic$LazyProjection
2024-11-12 13:41:15,971 INFO  EvoClassLoader - Keeping class: net.bytebuddy.description.type.TypeDescription$Generic$LazyProjection
2024-11-12 13:41:15,971 INFO  EvoClassLoader - Seeing class for first time: net.bytebuddy.description.type.TypeDescription$Generic$OfTypeVariable
2024-11-12 13:41:15,971 INFO  EvoClassLoader - Instrumenting class 'net.bytebuddy.description.type.TypeDescription$Generic$OfTypeVariable'.
2024-11-12 13:41:15,971 INFO  MethodCallReplacementClassAdapter - Adding mock interface to class net/bytebuddy/description/type/TypeDescription$Generic$OfTypeVariable
2024-11-12 13:41:15,971 INFO  CreateClassResetClassAdapter - Creating brand-new static initializer in class net/bytebuddy/description/type/TypeDescription$Generic$OfTypeVariable
2024-11-12 13:41:15,971 INFO  EvoClassLoader - Keeping class: net.bytebuddy.description.type.TypeDescription$Generic$OfTypeVariable
2024-11-12 13:41:15,971 INFO  EvoClassLoader - Seeing class for first time: net.bytebuddy.description.type.TypeDescription$Generic$OfParameterizedType
2024-11-12 13:41:15,971 INFO  EvoClassLoader - Instrumenting class 'net.bytebuddy.description.type.TypeDescription$Generic$OfParameterizedType'.
2024-11-12 13:41:15,972 INFO  MethodCallReplacementClassAdapter - Adding mock interface to class net/bytebuddy/description/type/TypeDescription$Generic$OfParameterizedType
2024-11-12 13:41:15,972 INFO  CreateClassResetClassAdapter - Creating brand-new static initializer in class net/bytebuddy/description/type/TypeDescription$Generic$OfParameterizedType
2024-11-12 13:41:15,973 INFO  EvoClassLoader - Keeping class: net.bytebuddy.description.type.TypeDescription$Generic$OfParameterizedType
2024-11-12 13:41:15,973 INFO  EvoClassLoader - Seeing class for first time: net.bytebuddy.description.type.TypeDescription$Generic$OfWildcardType
2024-11-12 13:41:15,973 INFO  EvoClassLoader - Instrumenting class 'net.bytebuddy.description.type.TypeDescription$Generic$OfWildcardType'.
2024-11-12 13:41:15,973 INFO  MethodCallReplacementClassAdapter - Adding mock interface to class net/bytebuddy/description/type/TypeDescription$Generic$OfWildcardType
2024-11-12 13:41:15,973 INFO  CreateClassResetClassAdapter - Creating brand-new static initializer in class net/bytebuddy/description/type/TypeDescription$Generic$OfWildcardType
2024-11-12 13:41:15,973 INFO  CreateClassResetClassAdapter - Adding bytecode for initializing field SYMBOL
2024-11-12 13:41:15,973 INFO  EvoClassLoader - Keeping class: net.bytebuddy.description.type.TypeDescription$Generic$OfWildcardType
2024-11-12 13:41:15,973 INFO  EvoClassLoader - Seeing class for first time: net.bytebuddy.description.type.TypeDescription$Generic$OfGenericArray
2024-11-12 13:41:15,973 INFO  EvoClassLoader - Instrumenting class 'net.bytebuddy.description.type.TypeDescription$Generic$OfGenericArray'.
2024-11-12 13:41:15,973 INFO  MethodCallReplacementClassAdapter - Adding mock interface to class net/bytebuddy/description/type/TypeDescription$Generic$OfGenericArray
2024-11-12 13:41:15,974 INFO  CreateClassResetClassAdapter - Creating brand-new static initializer in class net/bytebuddy/description/type/TypeDescription$Generic$OfGenericArray
2024-11-12 13:41:15,974 INFO  EvoClassLoader - Keeping class: net.bytebuddy.description.type.TypeDescription$Generic$OfGenericArray
2024-11-12 13:41:15,974 INFO  EvoClassLoader - Seeing class for first time: net.bytebuddy.description.type.TypeDescription$Generic$OfNonGenericType
2024-11-12 13:41:15,974 INFO  EvoClassLoader - Instrumenting class 'net.bytebuddy.description.type.TypeDescription$Generic$OfNonGenericType'.
2024-11-12 13:41:15,974 INFO  MethodCallReplacementClassAdapter - Adding mock interface to class net/bytebuddy/description/type/TypeDescription$Generic$OfNonGenericType
2024-11-12 13:41:15,975 INFO  CreateClassResetClassAdapter - Creating brand-new static initializer in class net/bytebuddy/description/type/TypeDescription$Generic$OfNonGenericType
2024-11-12 13:41:15,975 INFO  EvoClassLoader - Keeping class: net.bytebuddy.description.type.TypeDescription$Generic$OfNonGenericType
2024-11-12 13:41:15,975 INFO  EvoClassLoader - Seeing class for first time: net.bytebuddy.description.type.TypeDescription$Generic$Visitor$NoOp
2024-11-12 13:41:15,975 INFO  EvoClassLoader - Instrumenting class 'net.bytebuddy.description.type.TypeDescription$Generic$Visitor$NoOp'.
2024-11-12 13:41:15,976 INFO  MethodCallReplacementClassAdapter - Adding mock interface to class net/bytebuddy/description/type/TypeDescription$Generic$Visitor$NoOp
2024-11-12 13:41:15,976 INFO  CreateClassResetClassAdapter - Found static initializer in class net/bytebuddy/description/type/TypeDescription$Generic$Visitor$NoOp
2024-11-12 13:41:15,976 INFO  EvoClassLoader - Keeping class: net.bytebuddy.description.type.TypeDescription$Generic$Visitor$NoOp
2024-11-12 13:41:15,976 INFO  EvoClassLoader - Seeing class for first time: net.bytebuddy.description.type.TypeDescription$Generic$Visitor$ForRawType
2024-11-12 13:41:15,976 INFO  EvoClassLoader - Instrumenting class 'net.bytebuddy.description.type.TypeDescription$Generic$Visitor$ForRawType'.
2024-11-12 13:41:15,976 INFO  MethodCallReplacementClassAdapter - Adding mock interface to class net/bytebuddy/description/type/TypeDescription$Generic$Visitor$ForRawType
2024-11-12 13:41:15,976 INFO  CreateClassResetClassAdapter - Creating brand-new static initializer in class net/bytebuddy/description/type/TypeDescription$Generic$Visitor$ForRawType
2024-11-12 13:41:15,976 INFO  EvoClassLoader - Keeping class: net.bytebuddy.description.type.TypeDescription$Generic$Visitor$ForRawType
2024-11-12 13:41:15,976 INFO  EvoClassLoader - Seeing class for first time: net.bytebuddy.description.type.TypeDescription$Generic$OfNonGenericType$ForLoadedType
2024-11-12 13:41:15,976 INFO  EvoClassLoader - Instrumenting class 'net.bytebuddy.description.type.TypeDescription$Generic$OfNonGenericType$ForLoadedType'.
2024-11-12 13:41:15,977 INFO  MethodCallReplacementClassAdapter - Adding mock interface to class net/bytebuddy/description/type/TypeDescription$Generic$OfNonGenericType$ForLoadedType
2024-11-12 13:41:15,977 INFO  CreateClassResetClassAdapter - Found static initializer in class net/bytebuddy/description/type/TypeDescription$Generic$OfNonGenericType$ForLoadedType
2024-11-12 13:41:15,977 INFO  EvoClassLoader - Keeping class: net.bytebuddy.description.type.TypeDescription$Generic$OfNonGenericType$ForLoadedType
2024-11-12 13:41:15,977 INFO  EvoClassLoader - Seeing class for first time: net.bytebuddy.description.type.TypeDescription$Generic$OfNonGenericType$ForReifiedErasure
2024-11-12 13:41:15,977 INFO  EvoClassLoader - Instrumenting class 'net.bytebuddy.description.type.TypeDescription$Generic$OfNonGenericType$ForReifiedErasure'.
2024-11-12 13:41:15,977 INFO  MethodCallReplacementClassAdapter - Adding mock interface to class net/bytebuddy/description/type/TypeDescription$Generic$OfNonGenericType$ForReifiedErasure
2024-11-12 13:41:15,978 INFO  CreateClassResetClassAdapter - Creating brand-new static initializer in class net/bytebuddy/description/type/TypeDescription$Generic$OfNonGenericType$ForReifiedErasure
2024-11-12 13:41:15,978 INFO  EvoClassLoader - Keeping class: net.bytebuddy.description.type.TypeDescription$Generic$OfNonGenericType$ForReifiedErasure
2024-11-12 13:41:15,978 INFO  EvoClassLoader - Seeing class for first time: net.bytebuddy.description.type.TypeDescription$Generic$OfNonGenericType$Latent
2024-11-12 13:41:15,978 INFO  EvoClassLoader - Instrumenting class 'net.bytebuddy.description.type.TypeDescription$Generic$OfNonGenericType$Latent'.
2024-11-12 13:41:15,978 INFO  MethodCallReplacementClassAdapter - Adding mock interface to class net/bytebuddy/description/type/TypeDescription$Generic$OfNonGenericType$Latent
2024-11-12 13:41:15,978 INFO  CreateClassResetClassAdapter - Creating brand-new static initializer in class net/bytebuddy/description/type/TypeDescription$Generic$OfNonGenericType$Latent
2024-11-12 13:41:15,978 INFO  EvoClassLoader - Keeping class: net.bytebuddy.description.type.TypeDescription$Generic$OfNonGenericType$Latent
2024-11-12 13:41:15,978 INFO  EvoClassLoader - Seeing class for first time: net.bytebuddy.description.type.TypeDescription$Generic$OfNonGenericType$ForErasure
2024-11-12 13:41:15,978 INFO  EvoClassLoader - Instrumenting class 'net.bytebuddy.description.type.TypeDescription$Generic$OfNonGenericType$ForErasure'.
2024-11-12 13:41:15,978 INFO  MethodCallReplacementClassAdapter - Adding mock interface to class net/bytebuddy/description/type/TypeDescription$Generic$OfNonGenericType$ForErasure
2024-11-12 13:41:15,978 INFO  CreateClassResetClassAdapter - Creating brand-new static initializer in class net/bytebuddy/description/type/TypeDescription$Generic$OfNonGenericType$ForErasure
2024-11-12 13:41:15,978 INFO  EvoClassLoader - Keeping class: net.bytebuddy.description.type.TypeDescription$Generic$OfNonGenericType$ForErasure
2024-11-12 13:41:15,979 INFO  EvoClassLoader - Seeing class for first time: net.bytebuddy.description.method.ParameterList$AbstractBase
2024-11-12 13:41:15,979 INFO  EvoClassLoader - Instrumenting class 'net.bytebuddy.description.method.ParameterList$AbstractBase'.
2024-11-12 13:41:15,979 INFO  MethodCallReplacementClassAdapter - Adding mock interface to class net/bytebuddy/description/method/ParameterList$AbstractBase
2024-11-12 13:41:15,979 INFO  CreateClassResetClassAdapter - Creating brand-new static initializer in class net/bytebuddy/description/method/ParameterList$AbstractBase
2024-11-12 13:41:15,979 INFO  EvoClassLoader - Keeping class: net.bytebuddy.description.method.ParameterList$AbstractBase
2024-11-12 13:41:15,979 INFO  EvoClassLoader - Seeing class for first time: net.bytebuddy.description.method.ParameterList$Empty
2024-11-12 13:41:15,979 INFO  EvoClassLoader - Instrumenting class 'net.bytebuddy.description.method.ParameterList$Empty'.
2024-11-12 13:41:15,979 INFO  MethodCallReplacementClassAdapter - Adding mock interface to class net/bytebuddy/description/method/ParameterList$Empty
2024-11-12 13:41:15,979 INFO  CreateClassResetClassAdapter - Creating brand-new static initializer in class net/bytebuddy/description/method/ParameterList$Empty
2024-11-12 13:41:15,979 INFO  EvoClassLoader - Keeping class: net.bytebuddy.description.method.ParameterList$Empty
2024-11-12 13:41:15,979 INFO  EvoClassLoader - Seeing class for first time: net.bytebuddy.description.method.ParameterList$TypeSubstituting
2024-11-12 13:41:15,979 INFO  EvoClassLoader - Instrumenting class 'net.bytebuddy.description.method.ParameterList$TypeSubstituting'.
2024-11-12 13:41:15,979 INFO  MethodCallReplacementClassAdapter - Adding mock interface to class net/bytebuddy/description/method/ParameterList$TypeSubstituting
2024-11-12 13:41:15,979 INFO  CreateClassResetClassAdapter - Creating brand-new static initializer in class net/bytebuddy/description/method/ParameterList$TypeSubstituting
2024-11-12 13:41:15,980 INFO  EvoClassLoader - Keeping class: net.bytebuddy.description.method.ParameterList$TypeSubstituting
2024-11-12 13:41:15,980 INFO  EvoClassLoader - Seeing class for first time: net.bytebuddy.description.method.ParameterList$ForTokens
2024-11-12 13:41:15,980 INFO  EvoClassLoader - Instrumenting class 'net.bytebuddy.description.method.ParameterList$ForTokens'.
2024-11-12 13:41:15,980 INFO  MethodCallReplacementClassAdapter - Adding mock interface to class net/bytebuddy/description/method/ParameterList$ForTokens
2024-11-12 13:41:15,980 INFO  CreateClassResetClassAdapter - Creating brand-new static initializer in class net/bytebuddy/description/method/ParameterList$ForTokens
2024-11-12 13:41:15,980 INFO  EvoClassLoader - Keeping class: net.bytebuddy.description.method.ParameterList$ForTokens
2024-11-12 13:41:15,980 INFO  EvoClassLoader - Seeing class for first time: net.bytebuddy.description.method.ParameterList$Explicit
2024-11-12 13:41:15,980 INFO  EvoClassLoader - Instrumenting class 'net.bytebuddy.description.method.ParameterList$Explicit'.
2024-11-12 13:41:15,980 INFO  MethodCallReplacementClassAdapter - Adding mock interface to class net/bytebuddy/description/method/ParameterList$Explicit
2024-11-12 13:41:15,980 INFO  CreateClassResetClassAdapter - Creating brand-new static initializer in class net/bytebuddy/description/method/ParameterList$Explicit
2024-11-12 13:41:15,980 INFO  EvoClassLoader - Keeping class: net.bytebuddy.description.method.ParameterList$Explicit
2024-11-12 13:41:15,980 INFO  EvoClassLoader - Seeing class for first time: net.bytebuddy.description.method.ParameterList$ForLoadedExecutable
2024-11-12 13:41:15,980 INFO  EvoClassLoader - Instrumenting class 'net.bytebuddy.description.method.ParameterList$ForLoadedExecutable'.
2024-11-12 13:41:15,980 INFO  MethodCallReplacementClassAdapter - Adding mock interface to class net/bytebuddy/description/method/ParameterList$ForLoadedExecutable
2024-11-12 13:41:15,980 INFO  CreateClassResetClassAdapter - Found static initializer in class net/bytebuddy/description/method/ParameterList$ForLoadedExecutable
2024-11-12 13:41:15,980 INFO  EvoClassLoader - Keeping class: net.bytebuddy.description.method.ParameterList$ForLoadedExecutable
2024-11-12 13:41:15,980 INFO  EvoClassLoader - Seeing class for first time: net.bytebuddy.description.method.ParameterList$ForLoadedExecutable$Dispatcher$CreationAction
2024-11-12 13:41:15,980 INFO  EvoClassLoader - Instrumenting class 'net.bytebuddy.description.method.ParameterList$ForLoadedExecutable$Dispatcher$CreationAction'.
2024-11-12 13:41:15,981 INFO  MethodCallReplacementClassAdapter - Adding mock interface to class net/bytebuddy/description/method/ParameterList$ForLoadedExecutable$Dispatcher$CreationAction
2024-11-12 13:41:15,981 INFO  CreateClassResetClassAdapter - Found static initializer in class net/bytebuddy/description/method/ParameterList$ForLoadedExecutable$Dispatcher$CreationAction
2024-11-12 13:41:15,981 INFO  EvoClassLoader - Keeping class: net.bytebuddy.description.method.ParameterList$ForLoadedExecutable$Dispatcher$CreationAction
2024-11-12 13:41:15,981 INFO  EvoClassLoader - Seeing class for first time: net.bytebuddy.description.method.ParameterList$ForLoadedExecutable$Dispatcher
2024-11-12 13:41:15,981 INFO  EvoClassLoader - Instrumenting class 'net.bytebuddy.description.method.ParameterList$ForLoadedExecutable$Dispatcher'.
2024-11-12 13:41:15,981 INFO  EvoClassLoader - Keeping class: net.bytebuddy.description.method.ParameterList$ForLoadedExecutable$Dispatcher
2024-11-12 13:41:15,981 INFO  EvoClassLoader - Seeing class for first time: net.bytebuddy.description.method.ParameterList$ForLoadedExecutable$Dispatcher$ForJava8CapableVm
2024-11-12 13:41:15,981 INFO  EvoClassLoader - Instrumenting class 'net.bytebuddy.description.method.ParameterList$ForLoadedExecutable$Dispatcher$ForJava8CapableVm'.
2024-11-12 13:41:15,981 INFO  MethodCallReplacementClassAdapter - Adding mock interface to class net/bytebuddy/description/method/ParameterList$ForLoadedExecutable$Dispatcher$ForJava8CapableVm
2024-11-12 13:41:15,981 INFO  CreateClassResetClassAdapter - Found static initializer in class net/bytebuddy/description/method/ParameterList$ForLoadedExecutable$Dispatcher$ForJava8CapableVm
2024-11-12 13:41:15,982 INFO  EvoClassLoader - Keeping class: net.bytebuddy.description.method.ParameterList$ForLoadedExecutable$Dispatcher$ForJava8CapableVm
2024-11-12 13:41:15,982 INFO  EvoClassLoader - Seeing class for first time: net.bytebuddy.description.method.ParameterList$ForLoadedExecutable$Dispatcher$ForLegacyVm
2024-11-12 13:41:15,982 INFO  EvoClassLoader - Instrumenting class 'net.bytebuddy.description.method.ParameterList$ForLoadedExecutable$Dispatcher$ForLegacyVm'.
2024-11-12 13:41:15,982 INFO  MethodCallReplacementClassAdapter - Adding mock interface to class net/bytebuddy/description/method/ParameterList$ForLoadedExecutable$Dispatcher$ForLegacyVm
2024-11-12 13:41:15,982 INFO  CreateClassResetClassAdapter - Found static initializer in class net/bytebuddy/description/method/ParameterList$ForLoadedExecutable$Dispatcher$ForLegacyVm
2024-11-12 13:41:15,982 INFO  EvoClassLoader - Keeping class: net.bytebuddy.description.method.ParameterList$ForLoadedExecutable$Dispatcher$ForLegacyVm
2024-11-12 13:41:15,983 INFO  EvoClassLoader - Seeing class for first time: net.bytebuddy.description.method.ParameterList$ForLoadedExecutable$OfMethod
2024-11-12 13:41:15,983 INFO  EvoClassLoader - Instrumenting class 'net.bytebuddy.description.method.ParameterList$ForLoadedExecutable$OfMethod'.
2024-11-12 13:41:15,983 INFO  MethodCallReplacementClassAdapter - Adding mock interface to class net/bytebuddy/description/method/ParameterList$ForLoadedExecutable$OfMethod
2024-11-12 13:41:15,983 INFO  CreateClassResetClassAdapter - Creating brand-new static initializer in class net/bytebuddy/description/method/ParameterList$ForLoadedExecutable$OfMethod
2024-11-12 13:41:15,983 INFO  EvoClassLoader - Keeping class: net.bytebuddy.description.method.ParameterList$ForLoadedExecutable$OfMethod
2024-11-12 13:41:15,983 INFO  EvoClassLoader - Seeing class for first time: net.bytebuddy.description.method.ParameterList$ForLoadedExecutable$OfLegacyVmMethod
2024-11-12 13:41:15,983 INFO  EvoClassLoader - Instrumenting class 'net.bytebuddy.description.method.ParameterList$ForLoadedExecutable$OfLegacyVmMethod'.
2024-11-12 13:41:15,983 INFO  MethodCallReplacementClassAdapter - Adding mock interface to class net/bytebuddy/description/method/ParameterList$ForLoadedExecutable$OfLegacyVmMethod
2024-11-12 13:41:15,983 INFO  CreateClassResetClassAdapter - Creating brand-new static initializer in class net/bytebuddy/description/method/ParameterList$ForLoadedExecutable$OfLegacyVmMethod
2024-11-12 13:41:15,983 INFO  EvoClassLoader - Keeping class: net.bytebuddy.description.method.ParameterList$ForLoadedExecutable$OfLegacyVmMethod
2024-11-12 13:41:15,983 INFO  EvoClassLoader - Seeing class for first time: net.bytebuddy.description.method.ParameterList$ForLoadedExecutable$OfLegacyVmConstructor
2024-11-12 13:41:15,983 INFO  EvoClassLoader - Instrumenting class 'net.bytebuddy.description.method.ParameterList$ForLoadedExecutable$OfLegacyVmConstructor'.
2024-11-12 13:41:15,983 INFO  MethodCallReplacementClassAdapter - Adding mock interface to class net/bytebuddy/description/method/ParameterList$ForLoadedExecutable$OfLegacyVmConstructor
2024-11-12 13:41:15,983 INFO  CreateClassResetClassAdapter - Creating brand-new static initializer in class net/bytebuddy/description/method/ParameterList$ForLoadedExecutable$OfLegacyVmConstructor
2024-11-12 13:41:15,983 INFO  EvoClassLoader - Keeping class: net.bytebuddy.description.method.ParameterList$ForLoadedExecutable$OfLegacyVmConstructor
2024-11-12 13:41:15,984 INFO  EvoClassLoader - Seeing class for first time: net.bytebuddy.description.method.ParameterDescription$AbstractBase
2024-11-12 13:41:15,984 INFO  EvoClassLoader - Instrumenting class 'net.bytebuddy.description.method.ParameterDescription$AbstractBase'.
2024-11-12 13:41:15,984 INFO  MethodCallReplacementClassAdapter - Adding mock interface to class net/bytebuddy/description/method/ParameterDescription$AbstractBase
2024-11-12 13:41:15,984 INFO  CreateClassResetClassAdapter - Creating brand-new static initializer in class net/bytebuddy/description/method/ParameterDescription$AbstractBase
2024-11-12 13:41:15,984 INFO  EvoClassLoader - Keeping class: net.bytebuddy.description.method.ParameterDescription$AbstractBase
2024-11-12 13:41:15,984 INFO  EvoClassLoader - Seeing class for first time: net.bytebuddy.description.method.ParameterDescription$Token
2024-11-12 13:41:15,984 INFO  EvoClassLoader - Instrumenting class 'net.bytebuddy.description.method.ParameterDescription$Token'.
2024-11-12 13:41:15,984 INFO  MethodCallReplacementClassAdapter - Adding mock interface to class net/bytebuddy/description/method/ParameterDescription$Token
2024-11-12 13:41:15,984 INFO  CreateClassResetClassAdapter - Found static initializer in class net/bytebuddy/description/method/ParameterDescription$Token
2024-11-12 13:41:15,984 INFO  EvoClassLoader - Keeping class: net.bytebuddy.description.method.ParameterDescription$Token
2024-11-12 13:41:15,984 INFO  EvoClassLoader - Seeing class for first time: net.bytebuddy.description.method.ParameterDescription$TypeSubstituting
2024-11-12 13:41:15,985 INFO  EvoClassLoader - Instrumenting class 'net.bytebuddy.description.method.ParameterDescription$TypeSubstituting'.
2024-11-12 13:41:15,985 INFO  MethodCallReplacementClassAdapter - Adding mock interface to class net/bytebuddy/description/method/ParameterDescription$TypeSubstituting
2024-11-12 13:41:15,985 INFO  CreateClassResetClassAdapter - Creating brand-new static initializer in class net/bytebuddy/description/method/ParameterDescription$TypeSubstituting
2024-11-12 13:41:15,985 INFO  EvoClassLoader - Seeing class for first time: net.bytebuddy.description.method.ParameterDescription$InGenericShape
2024-11-12 13:41:15,985 INFO  EvoClassLoader - Instrumenting class 'net.bytebuddy.description.method.ParameterDescription$InGenericShape'.
2024-11-12 13:41:15,985 INFO  EvoClassLoader - Keeping class: net.bytebuddy.description.method.ParameterDescription$InGenericShape
2024-11-12 13:41:15,985 INFO  EvoClassLoader - Keeping class: net.bytebuddy.description.method.ParameterDescription$TypeSubstituting
2024-11-12 13:41:15,985 INFO  EvoClassLoader - Seeing class for first time: net.bytebuddy.description.method.ParameterDescription$Latent
2024-11-12 13:41:15,985 INFO  EvoClassLoader - Instrumenting class 'net.bytebuddy.description.method.ParameterDescription$Latent'.
2024-11-12 13:41:15,985 INFO  MethodCallReplacementClassAdapter - Adding mock interface to class net/bytebuddy/description/method/ParameterDescription$Latent
2024-11-12 13:41:15,985 INFO  CreateClassResetClassAdapter - Creating brand-new static initializer in class net/bytebuddy/description/method/ParameterDescription$Latent
2024-11-12 13:41:15,985 INFO  EvoClassLoader - Seeing class for first time: net.bytebuddy.description.method.ParameterDescription$InDefinedShape$AbstractBase
2024-11-12 13:41:15,985 INFO  EvoClassLoader - Instrumenting class 'net.bytebuddy.description.method.ParameterDescription$InDefinedShape$AbstractBase'.
2024-11-12 13:41:15,985 INFO  MethodCallReplacementClassAdapter - Adding mock interface to class net/bytebuddy/description/method/ParameterDescription$InDefinedShape$AbstractBase
2024-11-12 13:41:15,985 INFO  CreateClassResetClassAdapter - Creating brand-new static initializer in class net/bytebuddy/description/method/ParameterDescription$InDefinedShape$AbstractBase
2024-11-12 13:41:15,985 INFO  EvoClassLoader - Keeping class: net.bytebuddy.description.method.ParameterDescription$InDefinedShape$AbstractBase
2024-11-12 13:41:15,985 INFO  EvoClassLoader - Keeping class: net.bytebuddy.description.method.ParameterDescription$Latent
2024-11-12 13:41:15,985 INFO  EvoClassLoader - Seeing class for first time: net.bytebuddy.description.method.ParameterDescription$ForLoadedParameter
2024-11-12 13:41:15,985 INFO  EvoClassLoader - Instrumenting class 'net.bytebuddy.description.method.ParameterDescription$ForLoadedParameter'.
2024-11-12 13:41:15,986 INFO  MethodCallReplacementClassAdapter - Adding mock interface to class net/bytebuddy/description/method/ParameterDescription$ForLoadedParameter
2024-11-12 13:41:15,986 INFO  CreateClassResetClassAdapter - Found static initializer in class net/bytebuddy/description/method/ParameterDescription$ForLoadedParameter
2024-11-12 13:41:15,986 INFO  EvoClassLoader - Keeping class: net.bytebuddy.description.method.ParameterDescription$ForLoadedParameter
2024-11-12 13:41:15,986 INFO  EvoClassLoader - Seeing class for first time: net.bytebuddy.description.method.ParameterDescription$ForLoadedParameter$Dispatcher$CreationAction
2024-11-12 13:41:15,986 INFO  EvoClassLoader - Instrumenting class 'net.bytebuddy.description.method.ParameterDescription$ForLoadedParameter$Dispatcher$CreationAction'.
2024-11-12 13:41:15,986 INFO  MethodCallReplacementClassAdapter - Adding mock interface to class net/bytebuddy/description/method/ParameterDescription$ForLoadedParameter$Dispatcher$CreationAction
2024-11-12 13:41:15,986 INFO  CreateClassResetClassAdapter - Found static initializer in class net/bytebuddy/description/method/ParameterDescription$ForLoadedParameter$Dispatcher$CreationAction
2024-11-12 13:41:15,986 INFO  EvoClassLoader - Keeping class: net.bytebuddy.description.method.ParameterDescription$ForLoadedParameter$Dispatcher$CreationAction
2024-11-12 13:41:15,986 INFO  EvoClassLoader - Seeing class for first time: net.bytebuddy.description.method.ParameterDescription$ForLoadedParameter$Dispatcher
2024-11-12 13:41:15,986 INFO  EvoClassLoader - Instrumenting class 'net.bytebuddy.description.method.ParameterDescription$ForLoadedParameter$Dispatcher'.
2024-11-12 13:41:15,986 INFO  EvoClassLoader - Keeping class: net.bytebuddy.description.method.ParameterDescription$ForLoadedParameter$Dispatcher
2024-11-12 13:41:15,986 INFO  EvoClassLoader - Seeing class for first time: net.bytebuddy.description.method.ParameterDescription$ForLoadedParameter$Dispatcher$ForLegacyVm
2024-11-12 13:41:15,986 INFO  EvoClassLoader - Instrumenting class 'net.bytebuddy.description.method.ParameterDescription$ForLoadedParameter$Dispatcher$ForLegacyVm'.
2024-11-12 13:41:15,986 INFO  MethodCallReplacementClassAdapter - Adding mock interface to class net/bytebuddy/description/method/ParameterDescription$ForLoadedParameter$Dispatcher$ForLegacyVm
2024-11-12 13:41:15,986 INFO  CreateClassResetClassAdapter - Found static initializer in class net/bytebuddy/description/method/ParameterDescription$ForLoadedParameter$Dispatcher$ForLegacyVm
2024-11-12 13:41:15,986 INFO  EvoClassLoader - Keeping class: net.bytebuddy.description.method.ParameterDescription$ForLoadedParameter$Dispatcher$ForLegacyVm
2024-11-12 13:41:15,986 INFO  EvoClassLoader - Seeing class for first time: net.bytebuddy.description.method.ParameterDescription$ForLoadedParameter$Dispatcher$ForJava8CapableVm
2024-11-12 13:41:15,986 INFO  EvoClassLoader - Instrumenting class 'net.bytebuddy.description.method.ParameterDescription$ForLoadedParameter$Dispatcher$ForJava8CapableVm'.
2024-11-12 13:41:15,987 INFO  MethodCallReplacementClassAdapter - Adding mock interface to class net/bytebuddy/description/method/ParameterDescription$ForLoadedParameter$Dispatcher$ForJava8CapableVm
2024-11-12 13:41:15,987 INFO  CreateClassResetClassAdapter - Found static initializer in class net/bytebuddy/description/method/ParameterDescription$ForLoadedParameter$Dispatcher$ForJava8CapableVm
2024-11-12 13:41:15,987 INFO  EvoClassLoader - Keeping class: net.bytebuddy.description.method.ParameterDescription$ForLoadedParameter$Dispatcher$ForJava8CapableVm
2024-11-12 13:41:15,987 INFO  EvoClassLoader - Seeing class for first time: net.bytebuddy.description.method.ParameterDescription$ForLoadedParameter$OfMethod
2024-11-12 13:41:15,987 INFO  EvoClassLoader - Instrumenting class 'net.bytebuddy.description.method.ParameterDescription$ForLoadedParameter$OfMethod'.
2024-11-12 13:41:15,987 INFO  MethodCallReplacementClassAdapter - Adding mock interface to class net/bytebuddy/description/method/ParameterDescription$ForLoadedParameter$OfMethod
2024-11-12 13:41:15,988 INFO  CreateClassResetClassAdapter - Creating brand-new static initializer in class net/bytebuddy/description/method/ParameterDescription$ForLoadedParameter$OfMethod
2024-11-12 13:41:15,988 INFO  EvoClassLoader - Keeping class: net.bytebuddy.description.method.ParameterDescription$ForLoadedParameter$OfMethod
2024-11-12 13:41:15,988 INFO  EvoClassLoader - Seeing class for first time: net.bytebuddy.description.method.ParameterDescription$ForLoadedParameter$OfLegacyVmConstructor
2024-11-12 13:41:15,988 INFO  EvoClassLoader - Instrumenting class 'net.bytebuddy.description.method.ParameterDescription$ForLoadedParameter$OfLegacyVmConstructor'.
2024-11-12 13:41:15,988 INFO  MethodCallReplacementClassAdapter - Adding mock interface to class net/bytebuddy/description/method/ParameterDescription$ForLoadedParameter$OfLegacyVmConstructor
2024-11-12 13:41:15,988 INFO  CreateClassResetClassAdapter - Creating brand-new static initializer in class net/bytebuddy/description/method/ParameterDescription$ForLoadedParameter$OfLegacyVmConstructor
2024-11-12 13:41:15,988 INFO  EvoClassLoader - Keeping class: net.bytebuddy.description.method.ParameterDescription$ForLoadedParameter$OfLegacyVmConstructor
2024-11-12 13:41:15,988 INFO  EvoClassLoader - Seeing class for first time: net.bytebuddy.description.method.ParameterDescription$ForLoadedParameter$OfLegacyVmMethod
2024-11-12 13:41:15,988 INFO  EvoClassLoader - Instrumenting class 'net.bytebuddy.description.method.ParameterDescription$ForLoadedParameter$OfLegacyVmMethod'.
2024-11-12 13:41:15,988 INFO  MethodCallReplacementClassAdapter - Adding mock interface to class net/bytebuddy/description/method/ParameterDescription$ForLoadedParameter$OfLegacyVmMethod
2024-11-12 13:41:15,988 INFO  CreateClassResetClassAdapter - Creating brand-new static initializer in class net/bytebuddy/description/method/ParameterDescription$ForLoadedParameter$OfLegacyVmMethod
2024-11-12 13:41:15,988 INFO  EvoClassLoader - Keeping class: net.bytebuddy.description.method.ParameterDescription$ForLoadedParameter$OfLegacyVmMethod
2024-11-12 13:41:15,988 INFO  EvoClassLoader - Seeing class for first time: net.bytebuddy.description.method.ParameterDescription$ForLoadedParameter$OfConstructor
2024-11-12 13:41:15,988 INFO  EvoClassLoader - Instrumenting class 'net.bytebuddy.description.method.ParameterDescription$ForLoadedParameter$OfConstructor'.
2024-11-12 13:41:15,989 INFO  MethodCallReplacementClassAdapter - Adding mock interface to class net/bytebuddy/description/method/ParameterDescription$ForLoadedParameter$OfConstructor
2024-11-12 13:41:15,989 INFO  CreateClassResetClassAdapter - Creating brand-new static initializer in class net/bytebuddy/description/method/ParameterDescription$ForLoadedParameter$OfConstructor
2024-11-12 13:41:15,989 INFO  EvoClassLoader - Keeping class: net.bytebuddy.description.method.ParameterDescription$ForLoadedParameter$OfConstructor
2024-11-12 13:41:15,989 INFO  EvoClassLoader - Seeing class for first time: net.bytebuddy.implementation.bind.annotation.RuntimeType$Verifier
2024-11-12 13:41:15,989 INFO  EvoClassLoader - Instrumenting class 'net.bytebuddy.implementation.bind.annotation.RuntimeType$Verifier'.
2024-11-12 13:41:15,989 INFO  MethodCallReplacementClassAdapter - Adding mock interface to class net/bytebuddy/implementation/bind/annotation/RuntimeType$Verifier
2024-11-12 13:41:15,989 INFO  CreateClassResetClassAdapter - Creating brand-new static initializer in class net/bytebuddy/implementation/bind/annotation/RuntimeType$Verifier
2024-11-12 13:41:15,989 INFO  EvoClassLoader - Keeping class: net.bytebuddy.implementation.bind.annotation.RuntimeType$Verifier
2024-11-12 13:41:15,989 INFO  EvoClassLoader - Seeing class for first time: net.bytebuddy.implementation.bind.annotation.RuntimeType
2024-11-12 13:41:15,989 INFO  EvoClassLoader - Instrumenting class 'net.bytebuddy.implementation.bind.annotation.RuntimeType'.
2024-11-12 13:41:15,990 INFO  EvoClassLoader - Keeping class: net.bytebuddy.implementation.bind.annotation.RuntimeType
2024-11-12 13:41:15,990 INFO  EvoClassLoader - Seeing class for first time: net.bytebuddy.implementation.bind.annotation.AllArguments$Assignment
2024-11-12 13:41:15,990 INFO  EvoClassLoader - Instrumenting class 'net.bytebuddy.implementation.bind.annotation.AllArguments$Assignment'.
2024-11-12 13:41:15,990 INFO  MethodCallReplacementClassAdapter - Adding mock interface to class net/bytebuddy/implementation/bind/annotation/AllArguments$Assignment
2024-11-12 13:41:15,990 INFO  CreateClassResetClassAdapter - Found static initializer in class net/bytebuddy/implementation/bind/annotation/AllArguments$Assignment
2024-11-12 13:41:15,990 INFO  EvoClassLoader - Keeping class: net.bytebuddy.implementation.bind.annotation.AllArguments$Assignment
2024-11-12 13:41:15,990 INFO  EvoClassLoader - Seeing class for first time: net.bytebuddy.implementation.bytecode.assign.Assigner$Refusing
2024-11-12 13:41:15,990 INFO  EvoClassLoader - Instrumenting class 'net.bytebuddy.implementation.bytecode.assign.Assigner$Refusing'.
2024-11-12 13:41:15,990 INFO  MethodCallReplacementClassAdapter - Adding mock interface to class net/bytebuddy/implementation/bytecode/assign/Assigner$Refusing
2024-11-12 13:41:15,990 INFO  CreateClassResetClassAdapter - Found static initializer in class net/bytebuddy/implementation/bytecode/assign/Assigner$Refusing
2024-11-12 13:41:15,990 INFO  EvoClassLoader - Keeping class: net.bytebuddy.implementation.bytecode.assign.Assigner$Refusing
2024-11-12 13:41:15,990 INFO  EvoClassLoader - Seeing class for first time: net.bytebuddy.implementation.bytecode.assign.Assigner$EqualTypesOnly
2024-11-12 13:41:15,990 INFO  EvoClassLoader - Instrumenting class 'net.bytebuddy.implementation.bytecode.assign.Assigner$EqualTypesOnly'.
2024-11-12 13:41:15,990 INFO  MethodCallReplacementClassAdapter - Adding mock interface to class net/bytebuddy/implementation/bytecode/assign/Assigner$EqualTypesOnly
2024-11-12 13:41:15,990 INFO  CreateClassResetClassAdapter - Found static initializer in class net/bytebuddy/implementation/bytecode/assign/Assigner$EqualTypesOnly
2024-11-12 13:41:15,990 INFO  EvoClassLoader - Keeping class: net.bytebuddy.implementation.bytecode.assign.Assigner$EqualTypesOnly
2024-11-12 13:41:15,991 INFO  EvoClassLoader - Seeing class for first time: net.bytebuddy.implementation.bind.annotation.TargetMethodAnnotationDrivenBinder$DelegationProcessor$Handler$Bound
2024-11-12 13:41:15,991 INFO  EvoClassLoader - Instrumenting class 'net.bytebuddy.implementation.bind.annotation.TargetMethodAnnotationDrivenBinder$DelegationProcessor$Handler$Bound'.
2024-11-12 13:41:15,991 INFO  MethodCallReplacementClassAdapter - Adding mock interface to class net/bytebuddy/implementation/bind/annotation/TargetMethodAnnotationDrivenBinder$DelegationProcessor$Handler$Bound
2024-11-12 13:41:15,991 INFO  CreateClassResetClassAdapter - Creating brand-new static initializer in class net/bytebuddy/implementation/bind/annotation/TargetMethodAnnotationDrivenBinder$DelegationProcessor$Handler$Bound
2024-11-12 13:41:15,991 INFO  EvoClassLoader - Keeping class: net.bytebuddy.implementation.bind.annotation.TargetMethodAnnotationDrivenBinder$DelegationProcessor$Handler$Bound
2024-11-12 13:41:15,991 INFO  EvoClassLoader - Seeing class for first time: net.bytebuddy.implementation.bind.annotation.TargetMethodAnnotationDrivenBinder$Record
2024-11-12 13:41:15,991 INFO  EvoClassLoader - Instrumenting class 'net.bytebuddy.implementation.bind.annotation.TargetMethodAnnotationDrivenBinder$Record'.
2024-11-12 13:41:15,991 INFO  MethodCallReplacementClassAdapter - Adding mock interface to class net/bytebuddy/implementation/bind/annotation/TargetMethodAnnotationDrivenBinder$Record
2024-11-12 13:41:15,991 INFO  CreateClassResetClassAdapter - Creating brand-new static initializer in class net/bytebuddy/implementation/bind/annotation/TargetMethodAnnotationDrivenBinder$Record
2024-11-12 13:41:15,992 INFO  EvoClassLoader - Keeping class: net.bytebuddy.implementation.bind.annotation.TargetMethodAnnotationDrivenBinder$Record
2024-11-12 13:41:15,992 INFO  EvoClassLoader - Seeing class for first time: net.bytebuddy.implementation.bind.MethodDelegationBinder$MethodInvoker
2024-11-12 13:41:15,992 INFO  EvoClassLoader - Instrumenting class 'net.bytebuddy.implementation.bind.MethodDelegationBinder$MethodInvoker'.
2024-11-12 13:41:15,992 INFO  EvoClassLoader - Keeping class: net.bytebuddy.implementation.bind.MethodDelegationBinder$MethodInvoker
2024-11-12 13:41:15,992 INFO  EvoClassLoader - Seeing class for first time: net.bytebuddy.implementation.bind.MethodDelegationBinder$TerminationHandler$Default
2024-11-12 13:41:15,992 INFO  EvoClassLoader - Instrumenting class 'net.bytebuddy.implementation.bind.MethodDelegationBinder$TerminationHandler$Default'.
2024-11-12 13:41:15,992 INFO  MethodCallReplacementClassAdapter - Adding mock interface to class net/bytebuddy/implementation/bind/MethodDelegationBinder$TerminationHandler$Default
2024-11-12 13:41:15,992 INFO  CreateClassResetClassAdapter - Found static initializer in class net/bytebuddy/implementation/bind/MethodDelegationBinder$TerminationHandler$Default
2024-11-12 13:41:15,992 INFO  EvoClassLoader - Keeping class: net.bytebuddy.implementation.bind.MethodDelegationBinder$TerminationHandler$Default
2024-11-12 13:41:15,992 INFO  EvoClassLoader - Seeing class for first time: net.bytebuddy.implementation.bind.MethodDelegationBinder$TerminationHandler$Default$1
2024-11-12 13:41:15,992 INFO  EvoClassLoader - Instrumenting class 'net.bytebuddy.implementation.bind.MethodDelegationBinder$TerminationHandler$Default$1'.
2024-11-12 13:41:15,992 INFO  MethodCallReplacementClassAdapter - Adding mock interface to class net/bytebuddy/implementation/bind/MethodDelegationBinder$TerminationHandler$Default$1
2024-11-12 13:41:15,992 INFO  EvoClassLoader - Keeping class: net.bytebuddy.implementation.bind.MethodDelegationBinder$TerminationHandler$Default$1
2024-11-12 13:41:15,992 INFO  EvoClassLoader - Seeing class for first time: net.bytebuddy.implementation.bind.MethodDelegationBinder$TerminationHandler$Default$2
2024-11-12 13:41:15,992 INFO  EvoClassLoader - Instrumenting class 'net.bytebuddy.implementation.bind.MethodDelegationBinder$TerminationHandler$Default$2'.
2024-11-12 13:41:15,992 INFO  MethodCallReplacementClassAdapter - Adding mock interface to class net/bytebuddy/implementation/bind/MethodDelegationBinder$TerminationHandler$Default$2
2024-11-12 13:41:15,993 INFO  EvoClassLoader - Keeping class: net.bytebuddy.implementation.bind.MethodDelegationBinder$TerminationHandler$Default$2
2024-11-12 13:41:15,993 INFO  EvoClassLoader - Seeing class for first time: net.bytebuddy.implementation.bytecode.assign.primitive.VoidAwareAssigner
2024-11-12 13:41:15,993 INFO  EvoClassLoader - Instrumenting class 'net.bytebuddy.implementation.bytecode.assign.primitive.VoidAwareAssigner'.
2024-11-12 13:41:15,993 INFO  MethodCallReplacementClassAdapter - Adding mock interface to class net/bytebuddy/implementation/bytecode/assign/primitive/VoidAwareAssigner
2024-11-12 13:41:15,993 INFO  CreateClassResetClassAdapter - Creating brand-new static initializer in class net/bytebuddy/implementation/bytecode/assign/primitive/VoidAwareAssigner
2024-11-12 13:41:15,993 INFO  EvoClassLoader - Defined package (3): package net.bytebuddy.implementation.bytecode.assign.primitive, -607948186
2024-11-12 13:41:15,993 INFO  EvoClassLoader - Keeping class: net.bytebuddy.implementation.bytecode.assign.primitive.VoidAwareAssigner
2024-11-12 13:41:15,993 INFO  EvoClassLoader - Seeing class for first time: net.bytebuddy.implementation.bytecode.assign.primitive.PrimitiveTypeAwareAssigner
2024-11-12 13:41:15,993 INFO  EvoClassLoader - Instrumenting class 'net.bytebuddy.implementation.bytecode.assign.primitive.PrimitiveTypeAwareAssigner'.
2024-11-12 13:41:15,993 INFO  MethodCallReplacementClassAdapter - Adding mock interface to class net/bytebuddy/implementation/bytecode/assign/primitive/PrimitiveTypeAwareAssigner
2024-11-12 13:41:15,993 INFO  CreateClassResetClassAdapter - Creating brand-new static initializer in class net/bytebuddy/implementation/bytecode/assign/primitive/PrimitiveTypeAwareAssigner
2024-11-12 13:41:15,994 INFO  EvoClassLoader - Keeping class: net.bytebuddy.implementation.bytecode.assign.primitive.PrimitiveTypeAwareAssigner
2024-11-12 13:41:15,994 INFO  EvoClassLoader - Seeing class for first time: net.bytebuddy.implementation.bytecode.assign.reference.ReferenceTypeAwareAssigner
2024-11-12 13:41:15,994 INFO  EvoClassLoader - Instrumenting class 'net.bytebuddy.implementation.bytecode.assign.reference.ReferenceTypeAwareAssigner'.
2024-11-12 13:41:15,994 INFO  MethodCallReplacementClassAdapter - Adding mock interface to class net/bytebuddy/implementation/bytecode/assign/reference/ReferenceTypeAwareAssigner
2024-11-12 13:41:15,994 INFO  CreateClassResetClassAdapter - Found static initializer in class net/bytebuddy/implementation/bytecode/assign/reference/ReferenceTypeAwareAssigner
2024-11-12 13:41:15,994 INFO  EvoClassLoader - Defined package (3): package net.bytebuddy.implementation.bytecode.assign.reference, 301704394
2024-11-12 13:41:15,994 INFO  EvoClassLoader - Keeping class: net.bytebuddy.implementation.bytecode.assign.reference.ReferenceTypeAwareAssigner
2024-11-12 13:41:15,994 INFO  EvoClassLoader - Seeing class for first time: net.bytebuddy.implementation.bytecode.StackManipulation$Illegal
2024-11-12 13:41:15,994 INFO  EvoClassLoader - Instrumenting class 'net.bytebuddy.implementation.bytecode.StackManipulation$Illegal'.
2024-11-12 13:41:15,994 INFO  MethodCallReplacementClassAdapter - Adding mock interface to class net/bytebuddy/implementation/bytecode/StackManipulation$Illegal
2024-11-12 13:41:15,995 INFO  CreateClassResetClassAdapter - Found static initializer in class net/bytebuddy/implementation/bytecode/StackManipulation$Illegal
2024-11-12 13:41:15,995 INFO  EvoClassLoader - Keeping class: net.bytebuddy.implementation.bytecode.StackManipulation$Illegal
2024-11-12 13:41:15,995 INFO  EvoClassLoader - Seeing class for first time: net.bytebuddy.implementation.bind.annotation.Argument$BindingMechanic
2024-11-12 13:41:15,995 INFO  EvoClassLoader - Instrumenting class 'net.bytebuddy.implementation.bind.annotation.Argument$BindingMechanic'.
2024-11-12 13:41:15,995 INFO  MethodCallReplacementClassAdapter - Adding mock interface to class net/bytebuddy/implementation/bind/annotation/Argument$BindingMechanic
2024-11-12 13:41:15,995 INFO  CreateClassResetClassAdapter - Found static initializer in class net/bytebuddy/implementation/bind/annotation/Argument$BindingMechanic
2024-11-12 13:41:15,995 INFO  EvoClassLoader - Keeping class: net.bytebuddy.implementation.bind.annotation.Argument$BindingMechanic
2024-11-12 13:41:15,995 INFO  EvoClassLoader - Seeing class for first time: net.bytebuddy.implementation.bind.annotation.Argument$BindingMechanic$1
2024-11-12 13:41:15,995 INFO  EvoClassLoader - Instrumenting class 'net.bytebuddy.implementation.bind.annotation.Argument$BindingMechanic$1'.
2024-11-12 13:41:15,995 INFO  MethodCallReplacementClassAdapter - Adding mock interface to class net/bytebuddy/implementation/bind/annotation/Argument$BindingMechanic$1
2024-11-12 13:41:15,995 INFO  EvoClassLoader - Keeping class: net.bytebuddy.implementation.bind.annotation.Argument$BindingMechanic$1
2024-11-12 13:41:15,995 INFO  EvoClassLoader - Seeing class for first time: net.bytebuddy.implementation.bind.annotation.Argument$BindingMechanic$2
2024-11-12 13:41:15,995 INFO  EvoClassLoader - Instrumenting class 'net.bytebuddy.implementation.bind.annotation.Argument$BindingMechanic$2'.
2024-11-12 13:41:15,995 INFO  MethodCallReplacementClassAdapter - Adding mock interface to class net/bytebuddy/implementation/bind/annotation/Argument$BindingMechanic$2
2024-11-12 13:41:15,996 INFO  EvoClassLoader - Keeping class: net.bytebuddy.implementation.bind.annotation.Argument$BindingMechanic$2
2024-11-12 13:41:15,996 INFO  EvoClassLoader - Seeing class for first time: net.bytebuddy.ByteBuddy
2024-11-12 13:41:15,996 INFO  EvoClassLoader - Instrumenting class 'net.bytebuddy.ByteBuddy'.
2024-11-12 13:41:15,996 INFO  MethodCallReplacementClassAdapter - Adding mock interface to class net/bytebuddy/ByteBuddy
2024-11-12 13:41:15,997 INFO  CreateClassResetClassAdapter - Creating brand-new static initializer in class net/bytebuddy/ByteBuddy
2024-11-12 13:41:15,997 INFO  CreateClassResetClassAdapter - Adding bytecode for initializing field BYTE_BUDDY_DEFAULT_PREFIX
2024-11-12 13:41:15,997 INFO  CreateClassResetClassAdapter - Adding bytecode for initializing field BYTE_BUDDY_DEFAULT_SUFFIX
2024-11-12 13:41:15,998 INFO  EvoClassLoader - Keeping class: net.bytebuddy.ByteBuddy
2024-11-12 13:41:15,998 INFO  EvoClassLoader - Seeing class for first time: net.bytebuddy.dynamic.scaffold.subclass.ConstructorStrategy
2024-11-12 13:41:15,998 INFO  EvoClassLoader - Instrumenting class 'net.bytebuddy.dynamic.scaffold.subclass.ConstructorStrategy'.
2024-11-12 13:41:15,998 INFO  EvoClassLoader - Defined package (3): package net.bytebuddy.dynamic.scaffold.subclass, -1647218880
2024-11-12 13:41:15,998 INFO  EvoClassLoader - Keeping class: net.bytebuddy.dynamic.scaffold.subclass.ConstructorStrategy
2024-11-12 13:41:15,998 INFO  EvoClassLoader - Seeing class for first time: net.bytebuddy.description.type.TypeList$Generic$Explicit
2024-11-12 13:41:15,998 INFO  EvoClassLoader - Instrumenting class 'net.bytebuddy.description.type.TypeList$Generic$Explicit'.
2024-11-12 13:41:15,998 INFO  MethodCallReplacementClassAdapter - Adding mock interface to class net/bytebuddy/description/type/TypeList$Generic$Explicit
2024-11-12 13:41:15,998 INFO  CreateClassResetClassAdapter - Creating brand-new static initializer in class net/bytebuddy/description/type/TypeList$Generic$Explicit
2024-11-12 13:41:15,999 INFO  EvoClassLoader - Seeing class for first time: net.bytebuddy.description.type.TypeList$Generic$AbstractBase
2024-11-12 13:41:15,999 INFO  EvoClassLoader - Instrumenting class 'net.bytebuddy.description.type.TypeList$Generic$AbstractBase'.
2024-11-12 13:41:15,999 INFO  MethodCallReplacementClassAdapter - Adding mock interface to class net/bytebuddy/description/type/TypeList$Generic$AbstractBase
2024-11-12 13:41:15,999 INFO  CreateClassResetClassAdapter - Creating brand-new static initializer in class net/bytebuddy/description/type/TypeList$Generic$AbstractBase
2024-11-12 13:41:15,999 INFO  EvoClassLoader - Keeping class: net.bytebuddy.description.type.TypeList$Generic$AbstractBase
2024-11-12 13:41:15,999 INFO  EvoClassLoader - Keeping class: net.bytebuddy.description.type.TypeList$Generic$Explicit
2024-11-12 13:41:15,999 INFO  EvoClassLoader - Seeing class for first time: net.bytebuddy.description.type.TypeList$Generic$Empty
2024-11-12 13:41:15,999 INFO  EvoClassLoader - Instrumenting class 'net.bytebuddy.description.type.TypeList$Generic$Empty'.
2024-11-12 13:41:15,999 INFO  MethodCallReplacementClassAdapter - Adding mock interface to class net/bytebuddy/description/type/TypeList$Generic$Empty
2024-11-12 13:41:15,999 INFO  CreateClassResetClassAdapter - Creating brand-new static initializer in class net/bytebuddy/description/type/TypeList$Generic$Empty
2024-11-12 13:41:15,999 INFO  EvoClassLoader - Keeping class: net.bytebuddy.description.type.TypeList$Generic$Empty
2024-11-12 13:41:16,000 INFO  EvoClassLoader - Seeing class for first time: net.bytebuddy.NamingStrategy
2024-11-12 13:41:16,000 INFO  EvoClassLoader - Instrumenting class 'net.bytebuddy.NamingStrategy'.
2024-11-12 13:41:16,000 INFO  EvoClassLoader - Keeping class: net.bytebuddy.NamingStrategy
2024-11-12 13:41:16,000 INFO  EvoClassLoader - Seeing class for first time: net.bytebuddy.implementation.auxiliary.AuxiliaryType$NamingStrategy
2024-11-12 13:41:16,000 INFO  EvoClassLoader - Instrumenting class 'net.bytebuddy.implementation.auxiliary.AuxiliaryType$NamingStrategy'.
2024-11-12 13:41:16,000 INFO  EvoClassLoader - Keeping class: net.bytebuddy.implementation.auxiliary.AuxiliaryType$NamingStrategy
2024-11-12 13:41:16,000 INFO  EvoClassLoader - Seeing class for first time: net.bytebuddy.implementation.attribute.AnnotationValueFilter$Factory
2024-11-12 13:41:16,000 INFO  EvoClassLoader - Instrumenting class 'net.bytebuddy.implementation.attribute.AnnotationValueFilter$Factory'.
2024-11-12 13:41:16,000 INFO  EvoClassLoader - Keeping class: net.bytebuddy.implementation.attribute.AnnotationValueFilter$Factory
2024-11-12 13:41:16,000 INFO  EvoClassLoader - Seeing class for first time: net.bytebuddy.implementation.Implementation$Context$Factory
2024-11-12 13:41:16,000 INFO  EvoClassLoader - Instrumenting class 'net.bytebuddy.implementation.Implementation$Context$Factory'.
2024-11-12 13:41:16,000 INFO  EvoClassLoader - Keeping class: net.bytebuddy.implementation.Implementation$Context$Factory
2024-11-12 13:41:16,000 INFO  EvoClassLoader - Seeing class for first time: net.bytebuddy.dynamic.scaffold.InstrumentedType$Factory
2024-11-12 13:41:16,000 INFO  EvoClassLoader - Instrumenting class 'net.bytebuddy.dynamic.scaffold.InstrumentedType$Factory'.
2024-11-12 13:41:16,000 INFO  EvoClassLoader - Keeping class: net.bytebuddy.dynamic.scaffold.InstrumentedType$Factory
2024-11-12 13:41:16,000 INFO  EvoClassLoader - Seeing class for first time: net.bytebuddy.dynamic.VisibilityBridgeStrategy
2024-11-12 13:41:16,000 INFO  EvoClassLoader - Instrumenting class 'net.bytebuddy.dynamic.VisibilityBridgeStrategy'.
2024-11-12 13:41:16,001 INFO  EvoClassLoader - Keeping class: net.bytebuddy.dynamic.VisibilityBridgeStrategy
2024-11-12 13:41:16,001 INFO  EvoClassLoader - Seeing class for first time: net.bytebuddy.dynamic.scaffold.ClassWriterStrategy
2024-11-12 13:41:16,001 INFO  EvoClassLoader - Instrumenting class 'net.bytebuddy.dynamic.scaffold.ClassWriterStrategy'.
2024-11-12 13:41:16,001 INFO  EvoClassLoader - Keeping class: net.bytebuddy.dynamic.scaffold.ClassWriterStrategy
2024-11-12 13:41:16,001 INFO  EvoClassLoader - Seeing class for first time: net.bytebuddy.matcher.LatentMatcher
2024-11-12 13:41:16,001 INFO  EvoClassLoader - Instrumenting class 'net.bytebuddy.matcher.LatentMatcher'.
2024-11-12 13:41:16,001 INFO  EvoClassLoader - Keeping class: net.bytebuddy.matcher.LatentMatcher
2024-11-12 13:41:16,001 INFO  EvoClassLoader - Seeing class for first time: net.bytebuddy.implementation.attribute.AnnotationRetention
2024-11-12 13:41:16,001 INFO  EvoClassLoader - Instrumenting class 'net.bytebuddy.implementation.attribute.AnnotationRetention'.
2024-11-12 13:41:16,001 INFO  MethodCallReplacementClassAdapter - Adding mock interface to class net/bytebuddy/implementation/attribute/AnnotationRetention
2024-11-12 13:41:16,001 INFO  CreateClassResetClassAdapter - Found static initializer in class net/bytebuddy/implementation/attribute/AnnotationRetention
2024-11-12 13:41:16,001 INFO  EvoClassLoader - Keeping class: net.bytebuddy.implementation.attribute.AnnotationRetention
2024-11-12 13:41:16,001 INFO  EvoClassLoader - Seeing class for first time: net.bytebuddy.ClassFileVersion
2024-11-12 13:41:16,001 INFO  EvoClassLoader - Instrumenting class 'net.bytebuddy.ClassFileVersion'.
2024-11-12 13:41:16,001 INFO  MethodCallReplacementClassAdapter - Adding mock interface to class net/bytebuddy/ClassFileVersion
2024-11-12 13:41:16,002 INFO  CreateClassResetClassAdapter - Found static initializer in class net/bytebuddy/ClassFileVersion
2024-11-12 13:41:16,002 INFO  EvoClassLoader - Keeping class: net.bytebuddy.ClassFileVersion
2024-11-12 13:41:16,002 INFO  EvoClassLoader - Seeing class for first time: net.bytebuddy.dynamic.scaffold.TypeValidation
2024-11-12 13:41:16,002 INFO  EvoClassLoader - Instrumenting class 'net.bytebuddy.dynamic.scaffold.TypeValidation'.
2024-11-12 13:41:16,002 INFO  MethodCallReplacementClassAdapter - Adding mock interface to class net/bytebuddy/dynamic/scaffold/TypeValidation
2024-11-12 13:41:16,003 INFO  CreateClassResetClassAdapter - Found static initializer in class net/bytebuddy/dynamic/scaffold/TypeValidation
2024-11-12 13:41:16,003 INFO  EvoClassLoader - Keeping class: net.bytebuddy.dynamic.scaffold.TypeValidation
2024-11-12 13:41:16,003 INFO  EvoClassLoader - Seeing class for first time: net.bytebuddy.dynamic.ClassFileLocator
2024-11-12 13:41:16,003 INFO  EvoClassLoader - Instrumenting class 'net.bytebuddy.dynamic.ClassFileLocator'.
2024-11-12 13:41:16,003 INFO  EvoClassLoader - Keeping class: net.bytebuddy.dynamic.ClassFileLocator
2024-11-12 13:41:16,003 INFO  EvoClassLoader - Seeing class for first time: net.bytebuddy.dynamic.scaffold.inline.MethodNameTransformer
2024-11-12 13:41:16,003 INFO  EvoClassLoader - Instrumenting class 'net.bytebuddy.dynamic.scaffold.inline.MethodNameTransformer'.
2024-11-12 13:41:16,003 INFO  EvoClassLoader - Defined package (3): package net.bytebuddy.dynamic.scaffold.inline, 1493541025
2024-11-12 13:41:16,003 INFO  EvoClassLoader - Keeping class: net.bytebuddy.dynamic.scaffold.inline.MethodNameTransformer
2024-11-12 13:41:16,003 INFO  EvoClassLoader - Seeing class for first time: net.bytebuddy.ClassFileVersion$VersionLocator$CreationAction
2024-11-12 13:41:16,003 INFO  EvoClassLoader - Instrumenting class 'net.bytebuddy.ClassFileVersion$VersionLocator$CreationAction'.
2024-11-12 13:41:16,003 INFO  MethodCallReplacementClassAdapter - Adding mock interface to class net/bytebuddy/ClassFileVersion$VersionLocator$CreationAction
2024-11-12 13:41:16,003 INFO  CreateClassResetClassAdapter - Found static initializer in class net/bytebuddy/ClassFileVersion$VersionLocator$CreationAction
2024-11-12 13:41:16,003 INFO  EvoClassLoader - Keeping class: net.bytebuddy.ClassFileVersion$VersionLocator$CreationAction
2024-11-12 13:41:16,003 INFO  EvoClassLoader - Seeing class for first time: net.bytebuddy.ClassFileVersion$VersionLocator
2024-11-12 13:41:16,003 INFO  EvoClassLoader - Instrumenting class 'net.bytebuddy.ClassFileVersion$VersionLocator'.
2024-11-12 13:41:16,004 INFO  EvoClassLoader - Keeping class: net.bytebuddy.ClassFileVersion$VersionLocator
2024-11-12 13:41:16,004 INFO  EvoClassLoader - Seeing class for first time: net.bytebuddy.ClassFileVersion$VersionLocator$ForLegacyVm
2024-11-12 13:41:16,004 INFO  EvoClassLoader - Instrumenting class 'net.bytebuddy.ClassFileVersion$VersionLocator$ForLegacyVm'.
2024-11-12 13:41:16,004 INFO  MethodCallReplacementClassAdapter - Adding mock interface to class net/bytebuddy/ClassFileVersion$VersionLocator$ForLegacyVm
2024-11-12 13:41:16,004 INFO  CreateClassResetClassAdapter - Found static initializer in class net/bytebuddy/ClassFileVersion$VersionLocator$ForLegacyVm
2024-11-12 13:41:16,005 INFO  EvoClassLoader - Keeping class: net.bytebuddy.ClassFileVersion$VersionLocator$ForLegacyVm
2024-11-12 13:41:16,005 INFO  EvoClassLoader - Seeing class for first time: net.bytebuddy.ClassFileVersion$VersionLocator$ForJava9CapableVm
2024-11-12 13:41:16,005 INFO  EvoClassLoader - Instrumenting class 'net.bytebuddy.ClassFileVersion$VersionLocator$ForJava9CapableVm'.
2024-11-12 13:41:16,005 INFO  MethodCallReplacementClassAdapter - Adding mock interface to class net/bytebuddy/ClassFileVersion$VersionLocator$ForJava9CapableVm
2024-11-12 13:41:16,005 INFO  CreateClassResetClassAdapter - Found static initializer in class net/bytebuddy/ClassFileVersion$VersionLocator$ForJava9CapableVm
2024-11-12 13:41:16,005 INFO  EvoClassLoader - Keeping class: net.bytebuddy.ClassFileVersion$VersionLocator$ForJava9CapableVm
2024-11-12 13:41:16,006 INFO  EvoClassLoader - Seeing class for first time: net.bytebuddy.jar.asm.ClassVisitor
2024-11-12 13:41:16,006 INFO  EvoClassLoader - Instrumenting class 'net.bytebuddy.jar.asm.ClassVisitor'.
2024-11-12 13:41:16,006 INFO  MethodCallReplacementClassAdapter - Adding mock interface to class net/bytebuddy/jar/asm/ClassVisitor
2024-11-12 13:41:16,007 INFO  CreateClassResetClassAdapter - Creating brand-new static initializer in class net/bytebuddy/jar/asm/ClassVisitor
2024-11-12 13:41:16,007 INFO  EvoClassLoader - Defined package (3): package net.bytebuddy.jar.asm, 1565040359
2024-11-12 13:41:16,007 INFO  EvoClassLoader - Keeping class: net.bytebuddy.jar.asm.ClassVisitor
2024-11-12 13:41:16,007 INFO  EvoClassLoader - Seeing class for first time: net.bytebuddy.ClassFileVersion$VersionExtractor
2024-11-12 13:41:16,007 INFO  EvoClassLoader - Instrumenting class 'net.bytebuddy.ClassFileVersion$VersionExtractor'.
2024-11-12 13:41:16,007 INFO  MethodCallReplacementClassAdapter - Adding mock interface to class net/bytebuddy/ClassFileVersion$VersionExtractor
2024-11-12 13:41:16,007 INFO  CreateClassResetClassAdapter - Creating brand-new static initializer in class net/bytebuddy/ClassFileVersion$VersionExtractor
2024-11-12 13:41:16,007 INFO  EvoClassLoader - Keeping class: net.bytebuddy.ClassFileVersion$VersionExtractor
2024-11-12 13:41:16,008 INFO  EvoClassLoader - Seeing class for first time: net.bytebuddy.NamingStrategy$AbstractBase
2024-11-12 13:41:16,008 INFO  EvoClassLoader - Instrumenting class 'net.bytebuddy.NamingStrategy$AbstractBase'.
2024-11-12 13:41:16,008 INFO  MethodCallReplacementClassAdapter - Adding mock interface to class net/bytebuddy/NamingStrategy$AbstractBase
2024-11-12 13:41:16,008 INFO  CreateClassResetClassAdapter - Creating brand-new static initializer in class net/bytebuddy/NamingStrategy$AbstractBase
2024-11-12 13:41:16,008 INFO  EvoClassLoader - Keeping class: net.bytebuddy.NamingStrategy$AbstractBase
2024-11-12 13:41:16,008 INFO  EvoClassLoader - Seeing class for first time: net.bytebuddy.NamingStrategy$PrefixingRandom
2024-11-12 13:41:16,008 INFO  EvoClassLoader - Instrumenting class 'net.bytebuddy.NamingStrategy$PrefixingRandom'.
2024-11-12 13:41:16,008 INFO  MethodCallReplacementClassAdapter - Adding mock interface to class net/bytebuddy/NamingStrategy$PrefixingRandom
2024-11-12 13:41:16,008 INFO  CreateClassResetClassAdapter - Creating brand-new static initializer in class net/bytebuddy/NamingStrategy$PrefixingRandom
2024-11-12 13:41:16,008 INFO  EvoClassLoader - Keeping class: net.bytebuddy.NamingStrategy$PrefixingRandom
2024-11-12 13:41:16,008 INFO  EvoClassLoader - Seeing class for first time: net.bytebuddy.NamingStrategy$SuffixingRandom
2024-11-12 13:41:16,008 INFO  EvoClassLoader - Instrumenting class 'net.bytebuddy.NamingStrategy$SuffixingRandom'.
2024-11-12 13:41:16,008 INFO  MethodCallReplacementClassAdapter - Adding mock interface to class net/bytebuddy/NamingStrategy$SuffixingRandom
2024-11-12 13:41:16,009 INFO  CreateClassResetClassAdapter - Creating brand-new static initializer in class net/bytebuddy/NamingStrategy$SuffixingRandom
2024-11-12 13:41:16,009 INFO  CreateClassResetClassAdapter - Adding bytecode for initializing field BYTE_BUDDY_RENAME_PACKAGE
2024-11-12 13:41:16,009 INFO  CreateClassResetClassAdapter - Adding bytecode for initializing field NO_PREFIX
2024-11-12 13:41:16,009 INFO  CreateClassResetClassAdapter - Adding bytecode for initializing field JAVA_PACKAGE
2024-11-12 13:41:16,009 INFO  EvoClassLoader - Keeping class: net.bytebuddy.NamingStrategy$SuffixingRandom
2024-11-12 13:41:16,009 INFO  EvoClassLoader - Seeing class for first time: net.bytebuddy.NamingStrategy$SuffixingRandom$BaseNameResolver
2024-11-12 13:41:16,009 INFO  EvoClassLoader - Instrumenting class 'net.bytebuddy.NamingStrategy$SuffixingRandom$BaseNameResolver'.
2024-11-12 13:41:16,009 INFO  EvoClassLoader - Keeping class: net.bytebuddy.NamingStrategy$SuffixingRandom$BaseNameResolver
2024-11-12 13:41:16,009 INFO  EvoClassLoader - Seeing class for first time: net.bytebuddy.NamingStrategy$SuffixingRandom$BaseNameResolver$ForUnnamedType
2024-11-12 13:41:16,009 INFO  EvoClassLoader - Instrumenting class 'net.bytebuddy.NamingStrategy$SuffixingRandom$BaseNameResolver$ForUnnamedType'.
2024-11-12 13:41:16,009 INFO  MethodCallReplacementClassAdapter - Adding mock interface to class net/bytebuddy/NamingStrategy$SuffixingRandom$BaseNameResolver$ForUnnamedType
2024-11-12 13:41:16,009 INFO  CreateClassResetClassAdapter - Found static initializer in class net/bytebuddy/NamingStrategy$SuffixingRandom$BaseNameResolver$ForUnnamedType
2024-11-12 13:41:16,010 INFO  EvoClassLoader - Keeping class: net.bytebuddy.NamingStrategy$SuffixingRandom$BaseNameResolver$ForUnnamedType
2024-11-12 13:41:16,010 INFO  EvoClassLoader - Seeing class for first time: net.bytebuddy.NamingStrategy$SuffixingRandom$BaseNameResolver$ForFixedValue
2024-11-12 13:41:16,010 INFO  EvoClassLoader - Instrumenting class 'net.bytebuddy.NamingStrategy$SuffixingRandom$BaseNameResolver$ForFixedValue'.
2024-11-12 13:41:16,010 INFO  MethodCallReplacementClassAdapter - Adding mock interface to class net/bytebuddy/NamingStrategy$SuffixingRandom$BaseNameResolver$ForFixedValue
2024-11-12 13:41:16,010 INFO  CreateClassResetClassAdapter - Creating brand-new static initializer in class net/bytebuddy/NamingStrategy$SuffixingRandom$BaseNameResolver$ForFixedValue
2024-11-12 13:41:16,010 INFO  EvoClassLoader - Keeping class: net.bytebuddy.NamingStrategy$SuffixingRandom$BaseNameResolver$ForFixedValue
2024-11-12 13:41:16,010 INFO  EvoClassLoader - Seeing class for first time: net.bytebuddy.NamingStrategy$SuffixingRandom$BaseNameResolver$ForGivenType
2024-11-12 13:41:16,010 INFO  EvoClassLoader - Instrumenting class 'net.bytebuddy.NamingStrategy$SuffixingRandom$BaseNameResolver$ForGivenType'.
2024-11-12 13:41:16,010 INFO  MethodCallReplacementClassAdapter - Adding mock interface to class net/bytebuddy/NamingStrategy$SuffixingRandom$BaseNameResolver$ForGivenType
2024-11-12 13:41:16,010 INFO  CreateClassResetClassAdapter - Creating brand-new static initializer in class net/bytebuddy/NamingStrategy$SuffixingRandom$BaseNameResolver$ForGivenType
2024-11-12 13:41:16,010 INFO  EvoClassLoader - Keeping class: net.bytebuddy.NamingStrategy$SuffixingRandom$BaseNameResolver$ForGivenType
2024-11-12 13:41:16,010 INFO  EvoClassLoader - Seeing class for first time: net.bytebuddy.utility.RandomString
2024-11-12 13:41:16,010 INFO  EvoClassLoader - Instrumenting class 'net.bytebuddy.utility.RandomString'.
2024-11-12 13:41:16,011 INFO  MethodCallReplacementClassAdapter - Adding mock interface to class net/bytebuddy/utility/RandomString
2024-11-12 13:41:16,011 INFO  CreateClassResetClassAdapter - Found static initializer in class net/bytebuddy/utility/RandomString
2024-11-12 13:41:16,011 INFO  EvoClassLoader - Keeping class: net.bytebuddy.utility.RandomString
2024-11-12 13:41:16,012 INFO  EvoClassLoader - Seeing class for first time: net.bytebuddy.implementation.auxiliary.AuxiliaryType$NamingStrategy$SuffixingRandom
2024-11-12 13:41:16,012 INFO  EvoClassLoader - Instrumenting class 'net.bytebuddy.implementation.auxiliary.AuxiliaryType$NamingStrategy$SuffixingRandom'.
2024-11-12 13:41:16,012 INFO  MethodCallReplacementClassAdapter - Adding mock interface to class net/bytebuddy/implementation/auxiliary/AuxiliaryType$NamingStrategy$SuffixingRandom
2024-11-12 13:41:16,012 INFO  CreateClassResetClassAdapter - Creating brand-new static initializer in class net/bytebuddy/implementation/auxiliary/AuxiliaryType$NamingStrategy$SuffixingRandom
2024-11-12 13:41:16,012 INFO  EvoClassLoader - Keeping class: net.bytebuddy.implementation.auxiliary.AuxiliaryType$NamingStrategy$SuffixingRandom
2024-11-12 13:41:16,012 INFO  EvoClassLoader - Seeing class for first time: net.bytebuddy.implementation.auxiliary.AuxiliaryType
2024-11-12 13:41:16,012 INFO  EvoClassLoader - Instrumenting class 'net.bytebuddy.implementation.auxiliary.AuxiliaryType'.
2024-11-12 13:41:16,012 INFO  EvoClassLoader - Keeping class: net.bytebuddy.implementation.auxiliary.AuxiliaryType
2024-11-12 13:41:16,012 INFO  EvoClassLoader - Seeing class for first time: net.bytebuddy.implementation.attribute.AnnotationValueFilter$Default
2024-11-12 13:41:16,012 INFO  EvoClassLoader - Instrumenting class 'net.bytebuddy.implementation.attribute.AnnotationValueFilter$Default'.
2024-11-12 13:41:16,013 INFO  MethodCallReplacementClassAdapter - Adding mock interface to class net/bytebuddy/implementation/attribute/AnnotationValueFilter$Default
2024-11-12 13:41:16,013 INFO  CreateClassResetClassAdapter - Found static initializer in class net/bytebuddy/implementation/attribute/AnnotationValueFilter$Default
2024-11-12 13:41:16,013 INFO  EvoClassLoader - Seeing class for first time: net.bytebuddy.implementation.attribute.AnnotationValueFilter
2024-11-12 13:41:16,013 INFO  EvoClassLoader - Instrumenting class 'net.bytebuddy.implementation.attribute.AnnotationValueFilter'.
2024-11-12 13:41:16,013 INFO  EvoClassLoader - Keeping class: net.bytebuddy.implementation.attribute.AnnotationValueFilter
2024-11-12 13:41:16,013 INFO  EvoClassLoader - Keeping class: net.bytebuddy.implementation.attribute.AnnotationValueFilter$Default
2024-11-12 13:41:16,013 INFO  EvoClassLoader - Seeing class for first time: net.bytebuddy.implementation.attribute.AnnotationValueFilter$Default$1
2024-11-12 13:41:16,013 INFO  EvoClassLoader - Instrumenting class 'net.bytebuddy.implementation.attribute.AnnotationValueFilter$Default$1'.
2024-11-12 13:41:16,013 INFO  MethodCallReplacementClassAdapter - Adding mock interface to class net/bytebuddy/implementation/attribute/AnnotationValueFilter$Default$1
2024-11-12 13:41:16,014 INFO  EvoClassLoader - Keeping class: net.bytebuddy.implementation.attribute.AnnotationValueFilter$Default$1
2024-11-12 13:41:16,014 INFO  EvoClassLoader - Seeing class for first time: net.bytebuddy.implementation.attribute.AnnotationValueFilter$Default$2
2024-11-12 13:41:16,014 INFO  EvoClassLoader - Instrumenting class 'net.bytebuddy.implementation.attribute.AnnotationValueFilter$Default$2'.
2024-11-12 13:41:16,014 INFO  MethodCallReplacementClassAdapter - Adding mock interface to class net/bytebuddy/implementation/attribute/AnnotationValueFilter$Default$2
2024-11-12 13:41:16,014 INFO  EvoClassLoader - Keeping class: net.bytebuddy.implementation.attribute.AnnotationValueFilter$Default$2
2024-11-12 13:41:16,014 INFO  EvoClassLoader - Seeing class for first time: net.bytebuddy.implementation.Implementation$Context$Default$Factory
2024-11-12 13:41:16,014 INFO  EvoClassLoader - Instrumenting class 'net.bytebuddy.implementation.Implementation$Context$Default$Factory'.
2024-11-12 13:41:16,014 INFO  MethodCallReplacementClassAdapter - Adding mock interface to class net/bytebuddy/implementation/Implementation$Context$Default$Factory
2024-11-12 13:41:16,015 INFO  CreateClassResetClassAdapter - Found static initializer in class net/bytebuddy/implementation/Implementation$Context$Default$Factory
2024-11-12 13:41:16,015 INFO  EvoClassLoader - Keeping class: net.bytebuddy.implementation.Implementation$Context$Default$Factory
2024-11-12 13:41:16,015 INFO  EvoClassLoader - Seeing class for first time: net.bytebuddy.implementation.Implementation$Context$Default
2024-11-12 13:41:16,015 INFO  EvoClassLoader - Instrumenting class 'net.bytebuddy.implementation.Implementation$Context$Default'.
2024-11-12 13:41:16,015 INFO  MethodCallReplacementClassAdapter - Adding mock interface to class net/bytebuddy/implementation/Implementation$Context$Default
2024-11-12 13:41:16,018 INFO  CreateClassResetClassAdapter - Creating brand-new static initializer in class net/bytebuddy/implementation/Implementation$Context$Default
2024-11-12 13:41:16,018 INFO  CreateClassResetClassAdapter - Adding bytecode for initializing field ACCESSOR_METHOD_SUFFIX
2024-11-12 13:41:16,018 INFO  CreateClassResetClassAdapter - Adding bytecode for initializing field FIELD_CACHE_PREFIX
2024-11-12 13:41:16,019 INFO  EvoClassLoader - Seeing class for first time: net.bytebuddy.implementation.Implementation$Context$ExtractableView$AbstractBase
2024-11-12 13:41:16,019 INFO  EvoClassLoader - Instrumenting class 'net.bytebuddy.implementation.Implementation$Context$ExtractableView$AbstractBase'.
2024-11-12 13:41:16,019 INFO  MethodCallReplacementClassAdapter - Adding mock interface to class net/bytebuddy/implementation/Implementation$Context$ExtractableView$AbstractBase
2024-11-12 13:41:16,020 INFO  CreateClassResetClassAdapter - Creating brand-new static initializer in class net/bytebuddy/implementation/Implementation$Context$ExtractableView$AbstractBase
2024-11-12 13:41:16,020 INFO  EvoClassLoader - Seeing class for first time: net.bytebuddy.implementation.Implementation$Context$ExtractableView
2024-11-12 13:41:16,020 INFO  EvoClassLoader - Instrumenting class 'net.bytebuddy.implementation.Implementation$Context$ExtractableView'.
2024-11-12 13:41:16,020 INFO  EvoClassLoader - Seeing class for first time: net.bytebuddy.implementation.Implementation$Context
2024-11-12 13:41:16,020 INFO  EvoClassLoader - Instrumenting class 'net.bytebuddy.implementation.Implementation$Context'.
2024-11-12 13:41:16,021 INFO  EvoClassLoader - Seeing class for first time: net.bytebuddy.implementation.MethodAccessorFactory
2024-11-12 13:41:16,021 INFO  EvoClassLoader - Instrumenting class 'net.bytebuddy.implementation.MethodAccessorFactory'.
2024-11-12 13:41:16,021 INFO  EvoClassLoader - Keeping class: net.bytebuddy.implementation.MethodAccessorFactory
2024-11-12 13:41:16,021 INFO  EvoClassLoader - Keeping class: net.bytebuddy.implementation.Implementation$Context
2024-11-12 13:41:16,021 INFO  EvoClassLoader - Keeping class: net.bytebuddy.implementation.Implementation$Context$ExtractableView
2024-11-12 13:41:16,021 INFO  EvoClassLoader - Keeping class: net.bytebuddy.implementation.Implementation$Context$ExtractableView$AbstractBase
2024-11-12 13:41:16,021 INFO  EvoClassLoader - Keeping class: net.bytebuddy.implementation.Implementation$Context$Default
2024-11-12 13:41:16,021 INFO  EvoClassLoader - Seeing class for first time: net.bytebuddy.dynamic.scaffold.TypeInitializer
2024-11-12 13:41:16,021 INFO  EvoClassLoader - Instrumenting class 'net.bytebuddy.dynamic.scaffold.TypeInitializer'.
2024-11-12 13:41:16,021 INFO  EvoClassLoader - Keeping class: net.bytebuddy.dynamic.scaffold.TypeInitializer
2024-11-12 13:41:16,022 INFO  EvoClassLoader - Seeing class for first time: net.bytebuddy.dynamic.scaffold.MethodGraph$Compiler$AbstractBase
2024-11-12 13:41:16,022 INFO  EvoClassLoader - Instrumenting class 'net.bytebuddy.dynamic.scaffold.MethodGraph$Compiler$AbstractBase'.
2024-11-12 13:41:16,022 INFO  MethodCallReplacementClassAdapter - Adding mock interface to class net/bytebuddy/dynamic/scaffold/MethodGraph$Compiler$AbstractBase
2024-11-12 13:41:16,022 INFO  CreateClassResetClassAdapter - Creating brand-new static initializer in class net/bytebuddy/dynamic/scaffold/MethodGraph$Compiler$AbstractBase
2024-11-12 13:41:16,022 INFO  EvoClassLoader - Keeping class: net.bytebuddy.dynamic.scaffold.MethodGraph$Compiler$AbstractBase
2024-11-12 13:41:16,022 INFO  EvoClassLoader - Seeing class for first time: net.bytebuddy.dynamic.scaffold.MethodGraph
2024-11-12 13:41:16,022 INFO  EvoClassLoader - Instrumenting class 'net.bytebuddy.dynamic.scaffold.MethodGraph'.
2024-11-12 13:41:16,022 INFO  EvoClassLoader - Keeping class: net.bytebuddy.dynamic.scaffold.MethodGraph
2024-11-12 13:41:16,022 INFO  EvoClassLoader - Seeing class for first time: net.bytebuddy.dynamic.scaffold.MethodGraph$Compiler$Default
2024-11-12 13:41:16,022 INFO  EvoClassLoader - Instrumenting class 'net.bytebuddy.dynamic.scaffold.MethodGraph$Compiler$Default'.
2024-11-12 13:41:16,023 INFO  MethodCallReplacementClassAdapter - Adding mock interface to class net/bytebuddy/dynamic/scaffold/MethodGraph$Compiler$Default
2024-11-12 13:41:16,023 INFO  CreateClassResetClassAdapter - Creating brand-new static initializer in class net/bytebuddy/dynamic/scaffold/MethodGraph$Compiler$Default
2024-11-12 13:41:16,024 INFO  EvoClassLoader - Keeping class: net.bytebuddy.dynamic.scaffold.MethodGraph$Compiler$Default
2024-11-12 13:41:16,024 INFO  EvoClassLoader - Seeing class for first time: net.bytebuddy.dynamic.scaffold.MethodGraph$Linked
2024-11-12 13:41:16,024 INFO  EvoClassLoader - Instrumenting class 'net.bytebuddy.dynamic.scaffold.MethodGraph$Linked'.
2024-11-12 13:41:16,024 INFO  EvoClassLoader - Keeping class: net.bytebuddy.dynamic.scaffold.MethodGraph$Linked
2024-11-12 13:41:16,024 INFO  EvoClassLoader - Seeing class for first time: net.bytebuddy.dynamic.scaffold.MethodGraph$Compiler$Default$Harmonizer
2024-11-12 13:41:16,024 INFO  EvoClassLoader - Instrumenting class 'net.bytebuddy.dynamic.scaffold.MethodGraph$Compiler$Default$Harmonizer'.
2024-11-12 13:41:16,024 INFO  EvoClassLoader - Keeping class: net.bytebuddy.dynamic.scaffold.MethodGraph$Compiler$Default$Harmonizer
2024-11-12 13:41:16,024 INFO  EvoClassLoader - Seeing class for first time: net.bytebuddy.dynamic.scaffold.MethodGraph$Compiler$Default$Merger
2024-11-12 13:41:16,024 INFO  EvoClassLoader - Instrumenting class 'net.bytebuddy.dynamic.scaffold.MethodGraph$Compiler$Default$Merger'.
2024-11-12 13:41:16,025 INFO  EvoClassLoader - Keeping class: net.bytebuddy.dynamic.scaffold.MethodGraph$Compiler$Default$Merger
2024-11-12 13:41:16,025 INFO  EvoClassLoader - Seeing class for first time: net.bytebuddy.dynamic.scaffold.MethodGraph$Empty
2024-11-12 13:41:16,025 INFO  EvoClassLoader - Instrumenting class 'net.bytebuddy.dynamic.scaffold.MethodGraph$Empty'.
2024-11-12 13:41:16,025 INFO  MethodCallReplacementClassAdapter - Adding mock interface to class net/bytebuddy/dynamic/scaffold/MethodGraph$Empty
2024-11-12 13:41:16,025 INFO  CreateClassResetClassAdapter - Found static initializer in class net/bytebuddy/dynamic/scaffold/MethodGraph$Empty
2024-11-12 13:41:16,025 INFO  EvoClassLoader - Keeping class: net.bytebuddy.dynamic.scaffold.MethodGraph$Empty
2024-11-12 13:41:16,025 INFO  EvoClassLoader - Seeing class for first time: net.bytebuddy.dynamic.scaffold.MethodGraph$Compiler$Default$Key$Store
2024-11-12 13:41:16,025 INFO  EvoClassLoader - Instrumenting class 'net.bytebuddy.dynamic.scaffold.MethodGraph$Compiler$Default$Key$Store'.
2024-11-12 13:41:16,026 INFO  MethodCallReplacementClassAdapter - Adding mock interface to class net/bytebuddy/dynamic/scaffold/MethodGraph$Compiler$Default$Key$Store
2024-11-12 13:41:16,026 INFO  CreateClassResetClassAdapter - Creating brand-new static initializer in class net/bytebuddy/dynamic/scaffold/MethodGraph$Compiler$Default$Key$Store
2024-11-12 13:41:16,026 INFO  EvoClassLoader - Keeping class: net.bytebuddy.dynamic.scaffold.MethodGraph$Compiler$Default$Key$Store
2024-11-12 13:41:16,026 INFO  EvoClassLoader - Seeing class for first time: net.bytebuddy.dynamic.scaffold.MethodGraph$Compiler$Default$Harmonizer$ForJavaMethod
2024-11-12 13:41:16,026 INFO  EvoClassLoader - Instrumenting class 'net.bytebuddy.dynamic.scaffold.MethodGraph$Compiler$Default$Harmonizer$ForJavaMethod'.
2024-11-12 13:41:16,027 INFO  MethodCallReplacementClassAdapter - Adding mock interface to class net/bytebuddy/dynamic/scaffold/MethodGraph$Compiler$Default$Harmonizer$ForJavaMethod
2024-11-12 13:41:16,027 INFO  CreateClassResetClassAdapter - Found static initializer in class net/bytebuddy/dynamic/scaffold/MethodGraph$Compiler$Default$Harmonizer$ForJavaMethod
2024-11-12 13:41:16,027 INFO  EvoClassLoader - Keeping class: net.bytebuddy.dynamic.scaffold.MethodGraph$Compiler$Default$Harmonizer$ForJavaMethod
2024-11-12 13:41:16,027 INFO  EvoClassLoader - Seeing class for first time: net.bytebuddy.dynamic.scaffold.MethodGraph$Compiler$Default$Harmonizer$ForJVMMethod
2024-11-12 13:41:16,027 INFO  EvoClassLoader - Instrumenting class 'net.bytebuddy.dynamic.scaffold.MethodGraph$Compiler$Default$Harmonizer$ForJVMMethod'.
2024-11-12 13:41:16,027 INFO  MethodCallReplacementClassAdapter - Adding mock interface to class net/bytebuddy/dynamic/scaffold/MethodGraph$Compiler$Default$Harmonizer$ForJVMMethod
2024-11-12 13:41:16,027 INFO  CreateClassResetClassAdapter - Found static initializer in class net/bytebuddy/dynamic/scaffold/MethodGraph$Compiler$Default$Harmonizer$ForJVMMethod
2024-11-12 13:41:16,027 INFO  EvoClassLoader - Keeping class: net.bytebuddy.dynamic.scaffold.MethodGraph$Compiler$Default$Harmonizer$ForJVMMethod
2024-11-12 13:41:16,027 INFO  EvoClassLoader - Seeing class for first time: net.bytebuddy.dynamic.scaffold.MethodGraph$Compiler$Default$Harmonizer$ForJavaMethod$Token
2024-11-12 13:41:16,027 INFO  EvoClassLoader - Instrumenting class 'net.bytebuddy.dynamic.scaffold.MethodGraph$Compiler$Default$Harmonizer$ForJavaMethod$Token'.
2024-11-12 13:41:16,027 INFO  MethodCallReplacementClassAdapter - Adding mock interface to class net/bytebuddy/dynamic/scaffold/MethodGraph$Compiler$Default$Harmonizer$ForJavaMethod$Token
2024-11-12 13:41:16,027 INFO  CreateClassResetClassAdapter - Creating brand-new static initializer in class net/bytebuddy/dynamic/scaffold/MethodGraph$Compiler$Default$Harmonizer$ForJavaMethod$Token
2024-11-12 13:41:16,027 INFO  EvoClassLoader - Keeping class: net.bytebuddy.dynamic.scaffold.MethodGraph$Compiler$Default$Harmonizer$ForJavaMethod$Token
2024-11-12 13:41:16,027 INFO  EvoClassLoader - Seeing class for first time: net.bytebuddy.dynamic.scaffold.MethodGraph$Compiler$Default$Merger$Directional
2024-11-12 13:41:16,027 INFO  EvoClassLoader - Instrumenting class 'net.bytebuddy.dynamic.scaffold.MethodGraph$Compiler$Default$Merger$Directional'.
2024-11-12 13:41:16,027 INFO  MethodCallReplacementClassAdapter - Adding mock interface to class net/bytebuddy/dynamic/scaffold/MethodGraph$Compiler$Default$Merger$Directional
2024-11-12 13:41:16,027 INFO  CreateClassResetClassAdapter - Found static initializer in class net/bytebuddy/dynamic/scaffold/MethodGraph$Compiler$Default$Merger$Directional
2024-11-12 13:41:16,028 INFO  EvoClassLoader - Keeping class: net.bytebuddy.dynamic.scaffold.MethodGraph$Compiler$Default$Merger$Directional
2024-11-12 13:41:16,028 INFO  EvoClassLoader - Seeing class for first time: net.bytebuddy.description.type.TypeDescription$Generic$Visitor$Reifying
2024-11-12 13:41:16,028 INFO  EvoClassLoader - Instrumenting class 'net.bytebuddy.description.type.TypeDescription$Generic$Visitor$Reifying'.
2024-11-12 13:41:16,028 INFO  MethodCallReplacementClassAdapter - Adding mock interface to class net/bytebuddy/description/type/TypeDescription$Generic$Visitor$Reifying
2024-11-12 13:41:16,028 INFO  CreateClassResetClassAdapter - Found static initializer in class net/bytebuddy/description/type/TypeDescription$Generic$Visitor$Reifying
2024-11-12 13:41:16,028 INFO  EvoClassLoader - Keeping class: net.bytebuddy.description.type.TypeDescription$Generic$Visitor$Reifying
2024-11-12 13:41:16,028 INFO  EvoClassLoader - Seeing class for first time: net.bytebuddy.description.type.TypeDescription$Generic$Visitor$Reducing
2024-11-12 13:41:16,028 INFO  EvoClassLoader - Instrumenting class 'net.bytebuddy.description.type.TypeDescription$Generic$Visitor$Reducing'.
2024-11-12 13:41:16,029 INFO  MethodCallReplacementClassAdapter - Adding mock interface to class net/bytebuddy/description/type/TypeDescription$Generic$Visitor$Reducing
2024-11-12 13:41:16,029 INFO  CreateClassResetClassAdapter - Creating brand-new static initializer in class net/bytebuddy/description/type/TypeDescription$Generic$Visitor$Reducing
2024-11-12 13:41:16,029 INFO  EvoClassLoader - Keeping class: net.bytebuddy.description.type.TypeDescription$Generic$Visitor$Reducing
2024-11-12 13:41:16,029 INFO  EvoClassLoader - Seeing class for first time: net.bytebuddy.description.type.TypeDescription$Generic$Visitor$Substitutor
2024-11-12 13:41:16,029 INFO  EvoClassLoader - Instrumenting class 'net.bytebuddy.description.type.TypeDescription$Generic$Visitor$Substitutor'.
2024-11-12 13:41:16,029 INFO  MethodCallReplacementClassAdapter - Adding mock interface to class net/bytebuddy/description/type/TypeDescription$Generic$Visitor$Substitutor
2024-11-12 13:41:16,030 INFO  CreateClassResetClassAdapter - Creating brand-new static initializer in class net/bytebuddy/description/type/TypeDescription$Generic$Visitor$Substitutor
2024-11-12 13:41:16,030 INFO  EvoClassLoader - Keeping class: net.bytebuddy.description.type.TypeDescription$Generic$Visitor$Substitutor
2024-11-12 13:41:16,030 INFO  EvoClassLoader - Seeing class for first time: net.bytebuddy.description.type.TypeDescription$Generic$Visitor$ForSignatureVisitor
2024-11-12 13:41:16,030 INFO  EvoClassLoader - Instrumenting class 'net.bytebuddy.description.type.TypeDescription$Generic$Visitor$ForSignatureVisitor'.
2024-11-12 13:41:16,030 INFO  MethodCallReplacementClassAdapter - Adding mock interface to class net/bytebuddy/description/type/TypeDescription$Generic$Visitor$ForSignatureVisitor
2024-11-12 13:41:16,030 INFO  CreateClassResetClassAdapter - Creating brand-new static initializer in class net/bytebuddy/description/type/TypeDescription$Generic$Visitor$ForSignatureVisitor
2024-11-12 13:41:16,030 INFO  CreateClassResetClassAdapter - Adding bytecode for initializing field ONLY_CHARACTER
2024-11-12 13:41:16,030 INFO  EvoClassLoader - Keeping class: net.bytebuddy.description.type.TypeDescription$Generic$Visitor$ForSignatureVisitor
2024-11-12 13:41:16,030 INFO  EvoClassLoader - Seeing class for first time: net.bytebuddy.description.type.TypeDescription$Generic$Visitor$Reifying$1
2024-11-12 13:41:16,030 INFO  EvoClassLoader - Instrumenting class 'net.bytebuddy.description.type.TypeDescription$Generic$Visitor$Reifying$1'.
2024-11-12 13:41:16,030 INFO  MethodCallReplacementClassAdapter - Adding mock interface to class net/bytebuddy/description/type/TypeDescription$Generic$Visitor$Reifying$1
2024-11-12 13:41:16,031 INFO  EvoClassLoader - Keeping class: net.bytebuddy.description.type.TypeDescription$Generic$Visitor$Reifying$1
2024-11-12 13:41:16,031 INFO  EvoClassLoader - Seeing class for first time: net.bytebuddy.description.type.TypeDescription$Generic$Visitor$Reifying$2
2024-11-12 13:41:16,031 INFO  EvoClassLoader - Instrumenting class 'net.bytebuddy.description.type.TypeDescription$Generic$Visitor$Reifying$2'.
2024-11-12 13:41:16,031 INFO  MethodCallReplacementClassAdapter - Adding mock interface to class net/bytebuddy/description/type/TypeDescription$Generic$Visitor$Reifying$2
2024-11-12 13:41:16,031 INFO  EvoClassLoader - Keeping class: net.bytebuddy.description.type.TypeDescription$Generic$Visitor$Reifying$2
2024-11-12 13:41:16,031 INFO  EvoClassLoader - Seeing class for first time: net.bytebuddy.dynamic.scaffold.InstrumentedType$Factory$Default
2024-11-12 13:41:16,031 INFO  EvoClassLoader - Instrumenting class 'net.bytebuddy.dynamic.scaffold.InstrumentedType$Factory$Default'.
2024-11-12 13:41:16,031 INFO  MethodCallReplacementClassAdapter - Adding mock interface to class net/bytebuddy/dynamic/scaffold/InstrumentedType$Factory$Default
2024-11-12 13:41:16,031 INFO  CreateClassResetClassAdapter - Found static initializer in class net/bytebuddy/dynamic/scaffold/InstrumentedType$Factory$Default
2024-11-12 13:41:16,031 INFO  EvoClassLoader - Keeping class: net.bytebuddy.dynamic.scaffold.InstrumentedType$Factory$Default
2024-11-12 13:41:16,031 INFO  EvoClassLoader - Seeing class for first time: net.bytebuddy.implementation.LoadedTypeInitializer
2024-11-12 13:41:16,031 INFO  EvoClassLoader - Instrumenting class 'net.bytebuddy.implementation.LoadedTypeInitializer'.
2024-11-12 13:41:16,031 INFO  EvoClassLoader - Keeping class: net.bytebuddy.implementation.LoadedTypeInitializer
2024-11-12 13:41:16,031 INFO  EvoClassLoader - Seeing class for first time: net.bytebuddy.dynamic.scaffold.InstrumentedType$WithFlexibleName
2024-11-12 13:41:16,031 INFO  EvoClassLoader - Instrumenting class 'net.bytebuddy.dynamic.scaffold.InstrumentedType$WithFlexibleName'.
2024-11-12 13:41:16,032 INFO  EvoClassLoader - Keeping class: net.bytebuddy.dynamic.scaffold.InstrumentedType$WithFlexibleName
2024-11-12 13:41:16,032 INFO  EvoClassLoader - Seeing class for first time: net.bytebuddy.dynamic.scaffold.InstrumentedType$Factory$Default$1
2024-11-12 13:41:16,032 INFO  EvoClassLoader - Instrumenting class 'net.bytebuddy.dynamic.scaffold.InstrumentedType$Factory$Default$1'.
2024-11-12 13:41:16,033 INFO  MethodCallReplacementClassAdapter - Adding mock interface to class net/bytebuddy/dynamic/scaffold/InstrumentedType$Factory$Default$1
2024-11-12 13:41:16,033 INFO  EvoClassLoader - Keeping class: net.bytebuddy.dynamic.scaffold.InstrumentedType$Factory$Default$1
2024-11-12 13:41:16,033 INFO  EvoClassLoader - Seeing class for first time: net.bytebuddy.dynamic.scaffold.InstrumentedType$Factory$Default$2
2024-11-12 13:41:16,033 INFO  EvoClassLoader - Instrumenting class 'net.bytebuddy.dynamic.scaffold.InstrumentedType$Factory$Default$2'.
2024-11-12 13:41:16,033 INFO  MethodCallReplacementClassAdapter - Adding mock interface to class net/bytebuddy/dynamic/scaffold/InstrumentedType$Factory$Default$2
2024-11-12 13:41:16,033 INFO  EvoClassLoader - Keeping class: net.bytebuddy.dynamic.scaffold.InstrumentedType$Factory$Default$2
2024-11-12 13:41:16,034 INFO  EvoClassLoader - Seeing class for first time: net.bytebuddy.dynamic.VisibilityBridgeStrategy$Default
2024-11-12 13:41:16,034 INFO  EvoClassLoader - Instrumenting class 'net.bytebuddy.dynamic.VisibilityBridgeStrategy$Default'.
2024-11-12 13:41:16,034 INFO  MethodCallReplacementClassAdapter - Adding mock interface to class net/bytebuddy/dynamic/VisibilityBridgeStrategy$Default
2024-11-12 13:41:16,034 INFO  CreateClassResetClassAdapter - Found static initializer in class net/bytebuddy/dynamic/VisibilityBridgeStrategy$Default
2024-11-12 13:41:16,034 INFO  EvoClassLoader - Keeping class: net.bytebuddy.dynamic.VisibilityBridgeStrategy$Default
2024-11-12 13:41:16,034 INFO  EvoClassLoader - Seeing class for first time: net.bytebuddy.dynamic.VisibilityBridgeStrategy$Default$1
2024-11-12 13:41:16,034 INFO  EvoClassLoader - Instrumenting class 'net.bytebuddy.dynamic.VisibilityBridgeStrategy$Default$1'.
2024-11-12 13:41:16,034 INFO  MethodCallReplacementClassAdapter - Adding mock interface to class net/bytebuddy/dynamic/VisibilityBridgeStrategy$Default$1
2024-11-12 13:41:16,034 INFO  EvoClassLoader - Keeping class: net.bytebuddy.dynamic.VisibilityBridgeStrategy$Default$1
2024-11-12 13:41:16,034 INFO  EvoClassLoader - Seeing class for first time: net.bytebuddy.dynamic.VisibilityBridgeStrategy$Default$2
2024-11-12 13:41:16,034 INFO  EvoClassLoader - Instrumenting class 'net.bytebuddy.dynamic.VisibilityBridgeStrategy$Default$2'.
2024-11-12 13:41:16,034 INFO  MethodCallReplacementClassAdapter - Adding mock interface to class net/bytebuddy/dynamic/VisibilityBridgeStrategy$Default$2
2024-11-12 13:41:16,034 INFO  EvoClassLoader - Keeping class: net.bytebuddy.dynamic.VisibilityBridgeStrategy$Default$2
2024-11-12 13:41:16,034 INFO  EvoClassLoader - Seeing class for first time: net.bytebuddy.dynamic.VisibilityBridgeStrategy$Default$3
2024-11-12 13:41:16,034 INFO  EvoClassLoader - Instrumenting class 'net.bytebuddy.dynamic.VisibilityBridgeStrategy$Default$3'.
2024-11-12 13:41:16,035 INFO  MethodCallReplacementClassAdapter - Adding mock interface to class net/bytebuddy/dynamic/VisibilityBridgeStrategy$Default$3
2024-11-12 13:41:16,035 INFO  EvoClassLoader - Keeping class: net.bytebuddy.dynamic.VisibilityBridgeStrategy$Default$3
2024-11-12 13:41:16,035 INFO  EvoClassLoader - Seeing class for first time: net.bytebuddy.dynamic.scaffold.ClassWriterStrategy$Default
2024-11-12 13:41:16,035 INFO  EvoClassLoader - Instrumenting class 'net.bytebuddy.dynamic.scaffold.ClassWriterStrategy$Default'.
2024-11-12 13:41:16,035 INFO  MethodCallReplacementClassAdapter - Adding mock interface to class net/bytebuddy/dynamic/scaffold/ClassWriterStrategy$Default
2024-11-12 13:41:16,035 INFO  CreateClassResetClassAdapter - Found static initializer in class net/bytebuddy/dynamic/scaffold/ClassWriterStrategy$Default
2024-11-12 13:41:16,035 INFO  EvoClassLoader - Keeping class: net.bytebuddy.dynamic.scaffold.ClassWriterStrategy$Default
2024-11-12 13:41:16,035 INFO  EvoClassLoader - Seeing class for first time: net.bytebuddy.dynamic.scaffold.ClassWriterStrategy$FrameComputingClassWriter
2024-11-12 13:41:16,035 INFO  EvoClassLoader - Instrumenting class 'net.bytebuddy.dynamic.scaffold.ClassWriterStrategy$FrameComputingClassWriter'.
2024-11-12 13:41:16,035 INFO  MethodCallReplacementClassAdapter - Adding mock interface to class net/bytebuddy/dynamic/scaffold/ClassWriterStrategy$FrameComputingClassWriter
2024-11-12 13:41:16,035 INFO  CreateClassResetClassAdapter - Creating brand-new static initializer in class net/bytebuddy/dynamic/scaffold/ClassWriterStrategy$FrameComputingClassWriter
2024-11-12 13:41:16,036 INFO  EvoClassLoader - Seeing class for first time: net.bytebuddy.jar.asm.ClassWriter
2024-11-12 13:41:16,036 INFO  EvoClassLoader - Instrumenting class 'net.bytebuddy.jar.asm.ClassWriter'.
2024-11-12 13:41:16,036 INFO  MethodCallReplacementClassAdapter - Adding mock interface to class net/bytebuddy/jar/asm/ClassWriter
2024-11-12 13:41:16,037 INFO  CreateClassResetClassAdapter - Creating brand-new static initializer in class net/bytebuddy/jar/asm/ClassWriter
2024-11-12 13:41:16,037 INFO  CreateClassResetClassAdapter - Adding bytecode for initializing field COMPUTE_MAXS
2024-11-12 13:41:16,037 INFO  CreateClassResetClassAdapter - Adding bytecode for initializing field COMPUTE_FRAMES
2024-11-12 13:41:16,037 INFO  EvoClassLoader - Keeping class: net.bytebuddy.jar.asm.ClassWriter
2024-11-12 13:41:16,037 INFO  EvoClassLoader - Keeping class: net.bytebuddy.dynamic.scaffold.ClassWriterStrategy$FrameComputingClassWriter
2024-11-12 13:41:16,037 INFO  EvoClassLoader - Seeing class for first time: net.bytebuddy.dynamic.scaffold.ClassWriterStrategy$Default$1
2024-11-12 13:41:16,037 INFO  EvoClassLoader - Instrumenting class 'net.bytebuddy.dynamic.scaffold.ClassWriterStrategy$Default$1'.
2024-11-12 13:41:16,038 INFO  MethodCallReplacementClassAdapter - Adding mock interface to class net/bytebuddy/dynamic/scaffold/ClassWriterStrategy$Default$1
2024-11-12 13:41:16,038 INFO  EvoClassLoader - Keeping class: net.bytebuddy.dynamic.scaffold.ClassWriterStrategy$Default$1
2024-11-12 13:41:16,038 INFO  EvoClassLoader - Seeing class for first time: net.bytebuddy.dynamic.scaffold.ClassWriterStrategy$Default$2
2024-11-12 13:41:16,038 INFO  EvoClassLoader - Instrumenting class 'net.bytebuddy.dynamic.scaffold.ClassWriterStrategy$Default$2'.
2024-11-12 13:41:16,038 INFO  MethodCallReplacementClassAdapter - Adding mock interface to class net/bytebuddy/dynamic/scaffold/ClassWriterStrategy$Default$2
2024-11-12 13:41:16,038 INFO  EvoClassLoader - Keeping class: net.bytebuddy.dynamic.scaffold.ClassWriterStrategy$Default$2
2024-11-12 13:41:16,038 INFO  EvoClassLoader - Seeing class for first time: net.bytebuddy.pool.TypePool
2024-11-12 13:41:16,038 INFO  EvoClassLoader - Instrumenting class 'net.bytebuddy.pool.TypePool'.
2024-11-12 13:41:16,038 INFO  EvoClassLoader - Defined package (3): package net.bytebuddy.pool, 1766326717
2024-11-12 13:41:16,038 INFO  EvoClassLoader - Keeping class: net.bytebuddy.pool.TypePool
2024-11-12 13:41:16,039 INFO  EvoClassLoader - Seeing class for first time: net.bytebuddy.matcher.LatentMatcher$Resolved
2024-11-12 13:41:16,039 INFO  EvoClassLoader - Instrumenting class 'net.bytebuddy.matcher.LatentMatcher$Resolved'.
2024-11-12 13:41:16,039 INFO  MethodCallReplacementClassAdapter - Adding mock interface to class net/bytebuddy/matcher/LatentMatcher$Resolved
2024-11-12 13:41:16,039 INFO  CreateClassResetClassAdapter - Creating brand-new static initializer in class net/bytebuddy/matcher/LatentMatcher$Resolved
2024-11-12 13:41:16,039 INFO  EvoClassLoader - Keeping class: net.bytebuddy.matcher.LatentMatcher$Resolved
2024-11-12 13:41:16,039 INFO  EvoClassLoader - Seeing class for first time: net.bytebuddy.matcher.LatentMatcher$Disjunction
2024-11-12 13:41:16,039 INFO  EvoClassLoader - Instrumenting class 'net.bytebuddy.matcher.LatentMatcher$Disjunction'.
2024-11-12 13:41:16,039 INFO  MethodCallReplacementClassAdapter - Adding mock interface to class net/bytebuddy/matcher/LatentMatcher$Disjunction
2024-11-12 13:41:16,039 INFO  CreateClassResetClassAdapter - Creating brand-new static initializer in class net/bytebuddy/matcher/LatentMatcher$Disjunction
2024-11-12 13:41:16,039 INFO  EvoClassLoader - Keeping class: net.bytebuddy.matcher.LatentMatcher$Disjunction
2024-11-12 13:41:16,039 INFO  EvoClassLoader - Seeing class for first time: net.bytebuddy.matcher.LatentMatcher$Conjunction
2024-11-12 13:41:16,039 INFO  EvoClassLoader - Instrumenting class 'net.bytebuddy.matcher.LatentMatcher$Conjunction'.
2024-11-12 13:41:16,040 INFO  MethodCallReplacementClassAdapter - Adding mock interface to class net/bytebuddy/matcher/LatentMatcher$Conjunction
2024-11-12 13:41:16,040 INFO  CreateClassResetClassAdapter - Creating brand-new static initializer in class net/bytebuddy/matcher/LatentMatcher$Conjunction
2024-11-12 13:41:16,040 INFO  EvoClassLoader - Keeping class: net.bytebuddy.matcher.LatentMatcher$Conjunction
2024-11-12 13:41:16,040 INFO  EvoClassLoader - Seeing class for first time: net.bytebuddy.matcher.LatentMatcher$ForMethodToken
2024-11-12 13:41:16,040 INFO  EvoClassLoader - Instrumenting class 'net.bytebuddy.matcher.LatentMatcher$ForMethodToken'.
2024-11-12 13:41:16,040 INFO  MethodCallReplacementClassAdapter - Adding mock interface to class net/bytebuddy/matcher/LatentMatcher$ForMethodToken
2024-11-12 13:41:16,040 INFO  CreateClassResetClassAdapter - Creating brand-new static initializer in class net/bytebuddy/matcher/LatentMatcher$ForMethodToken
2024-11-12 13:41:16,040 INFO  EvoClassLoader - Keeping class: net.bytebuddy.matcher.LatentMatcher$ForMethodToken
2024-11-12 13:41:16,040 INFO  EvoClassLoader - Seeing class for first time: net.bytebuddy.matcher.LatentMatcher$ForFieldToken
2024-11-12 13:41:16,040 INFO  EvoClassLoader - Instrumenting class 'net.bytebuddy.matcher.LatentMatcher$ForFieldToken'.
2024-11-12 13:41:16,040 INFO  MethodCallReplacementClassAdapter - Adding mock interface to class net/bytebuddy/matcher/LatentMatcher$ForFieldToken
2024-11-12 13:41:16,040 INFO  CreateClassResetClassAdapter - Creating brand-new static initializer in class net/bytebuddy/matcher/LatentMatcher$ForFieldToken
2024-11-12 13:41:16,041 INFO  EvoClassLoader - Keeping class: net.bytebuddy.matcher.LatentMatcher$ForFieldToken
2024-11-12 13:41:16,041 INFO  EvoClassLoader - Seeing class for first time: net.bytebuddy.matcher.MethodParametersMatcher
2024-11-12 13:41:16,041 INFO  EvoClassLoader - Instrumenting class 'net.bytebuddy.matcher.MethodParametersMatcher'.
2024-11-12 13:41:16,041 INFO  MethodCallReplacementClassAdapter - Adding mock interface to class net/bytebuddy/matcher/MethodParametersMatcher
2024-11-12 13:41:16,041 INFO  CreateClassResetClassAdapter - Creating brand-new static initializer in class net/bytebuddy/matcher/MethodParametersMatcher
2024-11-12 13:41:16,041 INFO  EvoClassLoader - Keeping class: net.bytebuddy.matcher.MethodParametersMatcher
2024-11-12 13:41:16,041 INFO  EvoClassLoader - Seeing class for first time: net.bytebuddy.matcher.CollectionSizeMatcher
2024-11-12 13:41:16,041 INFO  EvoClassLoader - Instrumenting class 'net.bytebuddy.matcher.CollectionSizeMatcher'.
2024-11-12 13:41:16,041 INFO  MethodCallReplacementClassAdapter - Adding mock interface to class net/bytebuddy/matcher/CollectionSizeMatcher
2024-11-12 13:41:16,041 INFO  CreateClassResetClassAdapter - Creating brand-new static initializer in class net/bytebuddy/matcher/CollectionSizeMatcher
2024-11-12 13:41:16,042 INFO  EvoClassLoader - Keeping class: net.bytebuddy.matcher.CollectionSizeMatcher
2024-11-12 13:41:16,042 INFO  EvoClassLoader - Seeing class for first time: net.bytebuddy.description.type.TypeList$Generic$OfMethodExceptionTypes
2024-11-12 13:41:16,042 INFO  EvoClassLoader - Instrumenting class 'net.bytebuddy.description.type.TypeList$Generic$OfMethodExceptionTypes'.
2024-11-12 13:41:16,042 INFO  MethodCallReplacementClassAdapter - Adding mock interface to class net/bytebuddy/description/type/TypeList$Generic$OfMethodExceptionTypes
2024-11-12 13:41:16,042 INFO  CreateClassResetClassAdapter - Creating brand-new static initializer in class net/bytebuddy/description/type/TypeList$Generic$OfMethodExceptionTypes
2024-11-12 13:41:16,042 INFO  EvoClassLoader - Keeping class: net.bytebuddy.description.type.TypeList$Generic$OfMethodExceptionTypes
2024-11-12 13:41:16,042 INFO  EvoClassLoader - Seeing class for first time: net.bytebuddy.description.type.TypeList$Generic$OfConstructorExceptionTypes
2024-11-12 13:41:16,042 INFO  EvoClassLoader - Instrumenting class 'net.bytebuddy.description.type.TypeList$Generic$OfConstructorExceptionTypes'.
2024-11-12 13:41:16,042 INFO  MethodCallReplacementClassAdapter - Adding mock interface to class net/bytebuddy/description/type/TypeList$Generic$OfConstructorExceptionTypes
2024-11-12 13:41:16,042 INFO  CreateClassResetClassAdapter - Creating brand-new static initializer in class net/bytebuddy/description/type/TypeList$Generic$OfConstructorExceptionTypes
2024-11-12 13:41:16,042 INFO  EvoClassLoader - Keeping class: net.bytebuddy.description.type.TypeList$Generic$OfConstructorExceptionTypes
2024-11-12 13:41:16,042 INFO  EvoClassLoader - Seeing class for first time: net.bytebuddy.description.type.TypeList$Generic$OfLoadedInterfaceTypes
2024-11-12 13:41:16,042 INFO  EvoClassLoader - Instrumenting class 'net.bytebuddy.description.type.TypeList$Generic$OfLoadedInterfaceTypes'.
2024-11-12 13:41:16,043 INFO  MethodCallReplacementClassAdapter - Adding mock interface to class net/bytebuddy/description/type/TypeList$Generic$OfLoadedInterfaceTypes
2024-11-12 13:41:16,043 INFO  CreateClassResetClassAdapter - Creating brand-new static initializer in class net/bytebuddy/description/type/TypeList$Generic$OfLoadedInterfaceTypes
2024-11-12 13:41:16,043 INFO  EvoClassLoader - Keeping class: net.bytebuddy.description.type.TypeList$Generic$OfLoadedInterfaceTypes
2024-11-12 13:41:16,043 INFO  EvoClassLoader - Seeing class for first time: net.bytebuddy.description.type.TypeList$Generic$ForDetachedTypes
2024-11-12 13:41:16,043 INFO  EvoClassLoader - Instrumenting class 'net.bytebuddy.description.type.TypeList$Generic$ForDetachedTypes'.
2024-11-12 13:41:16,043 INFO  MethodCallReplacementClassAdapter - Adding mock interface to class net/bytebuddy/description/type/TypeList$Generic$ForDetachedTypes
2024-11-12 13:41:16,043 INFO  CreateClassResetClassAdapter - Creating brand-new static initializer in class net/bytebuddy/description/type/TypeList$Generic$ForDetachedTypes
2024-11-12 13:41:16,044 INFO  EvoClassLoader - Keeping class: net.bytebuddy.description.type.TypeList$Generic$ForDetachedTypes
2024-11-12 13:41:16,044 INFO  EvoClassLoader - Seeing class for first time: net.bytebuddy.description.type.TypeList$Generic$ForLoadedTypes
2024-11-12 13:41:16,044 INFO  EvoClassLoader - Instrumenting class 'net.bytebuddy.description.type.TypeList$Generic$ForLoadedTypes'.
2024-11-12 13:41:16,044 INFO  MethodCallReplacementClassAdapter - Adding mock interface to class net/bytebuddy/description/type/TypeList$Generic$ForLoadedTypes
2024-11-12 13:41:16,044 INFO  CreateClassResetClassAdapter - Creating brand-new static initializer in class net/bytebuddy/description/type/TypeList$Generic$ForLoadedTypes
2024-11-12 13:41:16,044 INFO  EvoClassLoader - Keeping class: net.bytebuddy.description.type.TypeList$Generic$ForLoadedTypes
2024-11-12 13:41:16,044 INFO  EvoClassLoader - Seeing class for first time: net.bytebuddy.matcher.ErasureMatcher
2024-11-12 13:41:16,045 INFO  EvoClassLoader - Instrumenting class 'net.bytebuddy.matcher.ErasureMatcher'.
2024-11-12 13:41:16,045 INFO  MethodCallReplacementClassAdapter - Adding mock interface to class net/bytebuddy/matcher/ErasureMatcher
2024-11-12 13:41:16,045 INFO  CreateClassResetClassAdapter - Creating brand-new static initializer in class net/bytebuddy/matcher/ErasureMatcher
2024-11-12 13:41:16,045 INFO  EvoClassLoader - Keeping class: net.bytebuddy.matcher.ErasureMatcher
2024-11-12 13:41:16,045 INFO  EvoClassLoader - Seeing class for first time: net.bytebuddy.matcher.MethodReturnTypeMatcher
2024-11-12 13:41:16,045 INFO  EvoClassLoader - Instrumenting class 'net.bytebuddy.matcher.MethodReturnTypeMatcher'.
2024-11-12 13:41:16,045 INFO  MethodCallReplacementClassAdapter - Adding mock interface to class net/bytebuddy/matcher/MethodReturnTypeMatcher
2024-11-12 13:41:16,045 INFO  CreateClassResetClassAdapter - Creating brand-new static initializer in class net/bytebuddy/matcher/MethodReturnTypeMatcher
2024-11-12 13:41:16,045 INFO  EvoClassLoader - Keeping class: net.bytebuddy.matcher.MethodReturnTypeMatcher
2024-11-12 13:41:16,045 INFO  EvoClassLoader - Seeing class for first time: net.bytebuddy.matcher.DeclaringTypeMatcher
2024-11-12 13:41:16,045 INFO  EvoClassLoader - Instrumenting class 'net.bytebuddy.matcher.DeclaringTypeMatcher'.
2024-11-12 13:41:16,045 INFO  MethodCallReplacementClassAdapter - Adding mock interface to class net/bytebuddy/matcher/DeclaringTypeMatcher
2024-11-12 13:41:16,045 INFO  CreateClassResetClassAdapter - Creating brand-new static initializer in class net/bytebuddy/matcher/DeclaringTypeMatcher
2024-11-12 13:41:16,045 INFO  EvoClassLoader - Keeping class: net.bytebuddy.matcher.DeclaringTypeMatcher
2024-11-12 13:41:16,046 INFO  EvoClassLoader - Seeing class for first time: org.mockito.internal.creation.bytebuddy.ModuleHandler
2024-11-12 13:41:16,046 INFO  EvoClassLoader - Instrumenting class 'org.mockito.internal.creation.bytebuddy.ModuleHandler'.
2024-11-12 13:41:16,046 INFO  MethodCallReplacementClassAdapter - Adding mock interface to class org/mockito/internal/creation/bytebuddy/ModuleHandler
2024-11-12 13:41:16,046 INFO  CreateClassResetClassAdapter - Creating brand-new static initializer in class org/mockito/internal/creation/bytebuddy/ModuleHandler
2024-11-12 13:41:16,046 INFO  EvoClassLoader - Keeping class: org.mockito.internal.creation.bytebuddy.ModuleHandler
2024-11-12 13:41:16,046 INFO  EvoClassLoader - Seeing class for first time: org.mockito.internal.creation.bytebuddy.ModuleHandler$ModuleSystemFound
2024-11-12 13:41:16,046 INFO  EvoClassLoader - Instrumenting class 'org.mockito.internal.creation.bytebuddy.ModuleHandler$ModuleSystemFound'.
2024-11-12 13:41:16,046 INFO  MethodCallReplacementClassAdapter - Adding mock interface to class org/mockito/internal/creation/bytebuddy/ModuleHandler$ModuleSystemFound
2024-11-12 13:41:16,047 INFO  CreateClassResetClassAdapter - Creating brand-new static initializer in class org/mockito/internal/creation/bytebuddy/ModuleHandler$ModuleSystemFound
2024-11-12 13:41:16,047 INFO  EvoClassLoader - Keeping class: org.mockito.internal.creation.bytebuddy.ModuleHandler$ModuleSystemFound
2024-11-12 13:41:16,047 INFO  EvoClassLoader - Seeing class for first time: org.mockito.internal.creation.bytebuddy.ModuleHandler$NoModuleSystemFound
2024-11-12 13:41:16,047 INFO  EvoClassLoader - Instrumenting class 'org.mockito.internal.creation.bytebuddy.ModuleHandler$NoModuleSystemFound'.
2024-11-12 13:41:16,047 INFO  MethodCallReplacementClassAdapter - Adding mock interface to class org/mockito/internal/creation/bytebuddy/ModuleHandler$NoModuleSystemFound
2024-11-12 13:41:16,048 INFO  CreateClassResetClassAdapter - Creating brand-new static initializer in class org/mockito/internal/creation/bytebuddy/ModuleHandler$NoModuleSystemFound
2024-11-12 13:41:16,048 INFO  EvoClassLoader - Keeping class: org.mockito.internal.creation.bytebuddy.ModuleHandler$NoModuleSystemFound
2024-11-12 13:41:16,048 INFO  EvoClassLoader - Seeing class for first time: net.bytebuddy.TypeCache$SimpleKey
2024-11-12 13:41:16,048 INFO  EvoClassLoader - Instrumenting class 'net.bytebuddy.TypeCache$SimpleKey'.
2024-11-12 13:41:16,048 INFO  MethodCallReplacementClassAdapter - Adding mock interface to class net/bytebuddy/TypeCache$SimpleKey
2024-11-12 13:41:16,048 INFO  CreateClassResetClassAdapter - Creating brand-new static initializer in class net/bytebuddy/TypeCache$SimpleKey
2024-11-12 13:41:16,048 INFO  EvoClassLoader - Keeping class: net.bytebuddy.TypeCache$SimpleKey
2024-11-12 13:41:16,049 INFO  EvoClassLoader - Seeing class for first time: net.bytebuddy.TypeCache$Sort
2024-11-12 13:41:16,049 INFO  EvoClassLoader - Instrumenting class 'net.bytebuddy.TypeCache$Sort'.
2024-11-12 13:41:16,049 INFO  MethodCallReplacementClassAdapter - Adding mock interface to class net/bytebuddy/TypeCache$Sort
2024-11-12 13:41:16,049 INFO  CreateClassResetClassAdapter - Found static initializer in class net/bytebuddy/TypeCache$Sort
2024-11-12 13:41:16,049 INFO  EvoClassLoader - Keeping class: net.bytebuddy.TypeCache$Sort
2024-11-12 13:41:16,049 INFO  EvoClassLoader - Seeing class for first time: net.bytebuddy.TypeCache$StorageKey
2024-11-12 13:41:16,049 INFO  EvoClassLoader - Instrumenting class 'net.bytebuddy.TypeCache$StorageKey'.
2024-11-12 13:41:16,049 INFO  MethodCallReplacementClassAdapter - Adding mock interface to class net/bytebuddy/TypeCache$StorageKey
2024-11-12 13:41:16,049 INFO  CreateClassResetClassAdapter - Creating brand-new static initializer in class net/bytebuddy/TypeCache$StorageKey
2024-11-12 13:41:16,049 INFO  EvoClassLoader - Keeping class: net.bytebuddy.TypeCache$StorageKey
2024-11-12 13:41:16,049 INFO  EvoClassLoader - Seeing class for first time: net.bytebuddy.TypeCache$LookupKey
2024-11-12 13:41:16,049 INFO  EvoClassLoader - Instrumenting class 'net.bytebuddy.TypeCache$LookupKey'.
2024-11-12 13:41:16,049 INFO  MethodCallReplacementClassAdapter - Adding mock interface to class net/bytebuddy/TypeCache$LookupKey
2024-11-12 13:41:16,049 INFO  CreateClassResetClassAdapter - Creating brand-new static initializer in class net/bytebuddy/TypeCache$LookupKey
2024-11-12 13:41:16,049 INFO  EvoClassLoader - Keeping class: net.bytebuddy.TypeCache$LookupKey
2024-11-12 13:41:16,049 INFO  EvoClassLoader - Seeing class for first time: net.bytebuddy.TypeCache$Sort$1
2024-11-12 13:41:16,049 INFO  EvoClassLoader - Instrumenting class 'net.bytebuddy.TypeCache$Sort$1'.
2024-11-12 13:41:16,049 INFO  MethodCallReplacementClassAdapter - Adding mock interface to class net/bytebuddy/TypeCache$Sort$1
2024-11-12 13:41:16,050 INFO  EvoClassLoader - Keeping class: net.bytebuddy.TypeCache$Sort$1
2024-11-12 13:41:16,050 INFO  EvoClassLoader - Seeing class for first time: net.bytebuddy.TypeCache$Sort$2
2024-11-12 13:41:16,050 INFO  EvoClassLoader - Instrumenting class 'net.bytebuddy.TypeCache$Sort$2'.
2024-11-12 13:41:16,050 INFO  MethodCallReplacementClassAdapter - Adding mock interface to class net/bytebuddy/TypeCache$Sort$2
2024-11-12 13:41:16,050 INFO  EvoClassLoader - Keeping class: net.bytebuddy.TypeCache$Sort$2
2024-11-12 13:41:16,050 INFO  EvoClassLoader - Seeing class for first time: org.mockito.internal.exceptions.stacktrace.DefaultStackTraceCleanerProvider
2024-11-12 13:41:16,050 INFO  EvoClassLoader - Instrumenting class 'org.mockito.internal.exceptions.stacktrace.DefaultStackTraceCleanerProvider'.
2024-11-12 13:41:16,050 INFO  MethodCallReplacementClassAdapter - Adding mock interface to class org/mockito/internal/exceptions/stacktrace/DefaultStackTraceCleanerProvider
2024-11-12 13:41:16,050 INFO  CreateClassResetClassAdapter - Creating brand-new static initializer in class org/mockito/internal/exceptions/stacktrace/DefaultStackTraceCleanerProvider
2024-11-12 13:41:16,050 INFO  EvoClassLoader - Defined package (3): package org.mockito.internal.exceptions.stacktrace, 1054137684
2024-11-12 13:41:16,050 INFO  EvoClassLoader - Keeping class: org.mockito.internal.exceptions.stacktrace.DefaultStackTraceCleanerProvider
2024-11-12 13:41:16,050 INFO  EvoClassLoader - Seeing class for first time: org.mockito.exceptions.stacktrace.StackTraceCleaner
2024-11-12 13:41:16,050 INFO  EvoClassLoader - Instrumenting class 'org.mockito.exceptions.stacktrace.StackTraceCleaner'.
2024-11-12 13:41:16,050 INFO  EvoClassLoader - Defined package (3): package org.mockito.exceptions.stacktrace, -1970331575
2024-11-12 13:41:16,050 INFO  EvoClassLoader - Keeping class: org.mockito.exceptions.stacktrace.StackTraceCleaner
2024-11-12 13:41:16,050 INFO  EvoClassLoader - Seeing class for first time: org.mockito.internal.configuration.InjectingAnnotationEngine
2024-11-12 13:41:16,050 INFO  EvoClassLoader - Instrumenting class 'org.mockito.internal.configuration.InjectingAnnotationEngine'.
2024-11-12 13:41:16,051 INFO  MethodCallReplacementClassAdapter - Adding mock interface to class org/mockito/internal/configuration/InjectingAnnotationEngine
2024-11-12 13:41:16,051 INFO  CreateClassResetClassAdapter - Creating brand-new static initializer in class org/mockito/internal/configuration/InjectingAnnotationEngine
2024-11-12 13:41:16,051 INFO  EvoClassLoader - Defined package (3): package org.mockito.internal.configuration, -292859549
2024-11-12 13:41:16,051 INFO  EvoClassLoader - Seeing class for first time: org.mockito.configuration.AnnotationEngine
2024-11-12 13:41:16,051 INFO  EvoClassLoader - Instrumenting class 'org.mockito.configuration.AnnotationEngine'.
2024-11-12 13:41:16,051 INFO  EvoClassLoader - Defined package (3): package org.mockito.configuration, 1488869720
2024-11-12 13:41:16,051 INFO  EvoClassLoader - Keeping class: org.mockito.configuration.AnnotationEngine
2024-11-12 13:41:16,051 INFO  EvoClassLoader - Keeping class: org.mockito.internal.configuration.InjectingAnnotationEngine
2024-11-12 13:41:16,051 INFO  EvoClassLoader - Seeing class for first time: org.mockito.internal.configuration.IndependentAnnotationEngine
2024-11-12 13:41:16,051 INFO  EvoClassLoader - Instrumenting class 'org.mockito.internal.configuration.IndependentAnnotationEngine'.
2024-11-12 13:41:16,051 INFO  MethodCallReplacementClassAdapter - Adding mock interface to class org/mockito/internal/configuration/IndependentAnnotationEngine
2024-11-12 13:41:16,051 INFO  CreateClassResetClassAdapter - Creating brand-new static initializer in class org/mockito/internal/configuration/IndependentAnnotationEngine
2024-11-12 13:41:16,051 INFO  EvoClassLoader - Keeping class: org.mockito.internal.configuration.IndependentAnnotationEngine
2024-11-12 13:41:16,052 INFO  EvoClassLoader - Seeing class for first time: org.mockito.internal.configuration.FieldAnnotationProcessor
2024-11-12 13:41:16,052 INFO  EvoClassLoader - Instrumenting class 'org.mockito.internal.configuration.FieldAnnotationProcessor'.
2024-11-12 13:41:16,052 INFO  EvoClassLoader - Keeping class: org.mockito.internal.configuration.FieldAnnotationProcessor
2024-11-12 13:41:16,052 INFO  EvoClassLoader - Seeing class for first time: org.mockito.internal.configuration.MockAnnotationProcessor
2024-11-12 13:41:16,052 INFO  EvoClassLoader - Instrumenting class 'org.mockito.internal.configuration.MockAnnotationProcessor'.
2024-11-12 13:41:16,052 INFO  MethodCallReplacementClassAdapter - Adding mock interface to class org/mockito/internal/configuration/MockAnnotationProcessor
2024-11-12 13:41:16,052 INFO  CreateClassResetClassAdapter - Creating brand-new static initializer in class org/mockito/internal/configuration/MockAnnotationProcessor
2024-11-12 13:41:16,052 INFO  EvoClassLoader - Keeping class: org.mockito.internal.configuration.MockAnnotationProcessor
2024-11-12 13:41:16,052 INFO  EvoClassLoader - Seeing class for first time: org.mockito.Mock
2024-11-12 13:41:16,052 INFO  EvoClassLoader - Instrumenting class 'org.mockito.Mock'.
2024-11-12 13:41:16,052 INFO  EvoClassLoader - Keeping class: org.mockito.Mock
2024-11-12 13:41:16,052 INFO  EvoClassLoader - Seeing class for first time: org.mockito.internal.configuration.CaptorAnnotationProcessor
2024-11-12 13:41:16,052 INFO  EvoClassLoader - Instrumenting class 'org.mockito.internal.configuration.CaptorAnnotationProcessor'.
2024-11-12 13:41:16,052 INFO  MethodCallReplacementClassAdapter - Adding mock interface to class org/mockito/internal/configuration/CaptorAnnotationProcessor
2024-11-12 13:41:16,052 INFO  CreateClassResetClassAdapter - Creating brand-new static initializer in class org/mockito/internal/configuration/CaptorAnnotationProcessor
2024-11-12 13:41:16,053 INFO  EvoClassLoader - Keeping class: org.mockito.internal.configuration.CaptorAnnotationProcessor
2024-11-12 13:41:16,053 INFO  EvoClassLoader - Seeing class for first time: org.mockito.Captor
2024-11-12 13:41:16,053 INFO  EvoClassLoader - Instrumenting class 'org.mockito.Captor'.
2024-11-12 13:41:16,053 INFO  EvoClassLoader - Keeping class: org.mockito.Captor
2024-11-12 13:41:16,053 INFO  EvoClassLoader - Seeing class for first time: org.mockito.internal.configuration.SpyAnnotationEngine
2024-11-12 13:41:16,053 INFO  EvoClassLoader - Instrumenting class 'org.mockito.internal.configuration.SpyAnnotationEngine'.
2024-11-12 13:41:16,053 INFO  MethodCallReplacementClassAdapter - Adding mock interface to class org/mockito/internal/configuration/SpyAnnotationEngine
2024-11-12 13:41:16,053 INFO  CreateClassResetClassAdapter - Creating brand-new static initializer in class org/mockito/internal/configuration/SpyAnnotationEngine
2024-11-12 13:41:16,053 INFO  EvoClassLoader - Keeping class: org.mockito.internal.configuration.SpyAnnotationEngine
2024-11-12 13:41:16,053 INFO  EvoClassLoader - Seeing class for first time: org.mockito.internal.util.ConsoleMockitoLogger
2024-11-12 13:41:16,053 INFO  EvoClassLoader - Instrumenting class 'org.mockito.internal.util.ConsoleMockitoLogger'.
2024-11-12 13:41:16,053 INFO  MethodCallReplacementClassAdapter - Adding mock interface to class org/mockito/internal/util/ConsoleMockitoLogger
2024-11-12 13:41:16,053 INFO  CreateClassResetClassAdapter - Creating brand-new static initializer in class org/mockito/internal/util/ConsoleMockitoLogger
2024-11-12 13:41:16,053 INFO  EvoClassLoader - Keeping class: org.mockito.internal.util.ConsoleMockitoLogger
2024-11-12 13:41:16,054 INFO  EvoClassLoader - Seeing class for first time: org.mockito.internal.creation.instance.ObjenesisInstantiator
2024-11-12 13:41:16,054 INFO  EvoClassLoader - Instrumenting class 'org.mockito.internal.creation.instance.ObjenesisInstantiator'.
2024-11-12 13:41:16,054 INFO  MethodCallReplacementClassAdapter - Adding mock interface to class org/mockito/internal/creation/instance/ObjenesisInstantiator
2024-11-12 13:41:16,054 INFO  CreateClassResetClassAdapter - Creating brand-new static initializer in class org/mockito/internal/creation/instance/ObjenesisInstantiator
2024-11-12 13:41:16,054 INFO  EvoClassLoader - Defined package (3): package org.mockito.internal.creation.instance, 1319125169
2024-11-12 13:41:16,054 INFO  EvoClassLoader - Seeing class for first time: org.mockito.creation.instance.Instantiator
2024-11-12 13:41:16,054 INFO  EvoClassLoader - Instrumenting class 'org.mockito.creation.instance.Instantiator'.
2024-11-12 13:41:16,054 INFO  EvoClassLoader - Keeping class: org.mockito.creation.instance.Instantiator
2024-11-12 13:41:16,054 INFO  EvoClassLoader - Keeping class: org.mockito.internal.creation.instance.ObjenesisInstantiator
2024-11-12 13:41:16,054 INFO  EvoClassLoader - Seeing class for first time: org.objenesis.ObjenesisBase
2024-11-12 13:41:16,054 INFO  EvoClassLoader - Instrumenting class 'org.objenesis.ObjenesisBase'.
2024-11-12 13:41:16,054 INFO  MethodCallReplacementClassAdapter - Adding mock interface to class org/objenesis/ObjenesisBase
2024-11-12 13:41:16,054 INFO  CreateClassResetClassAdapter - Creating brand-new static initializer in class org/objenesis/ObjenesisBase
2024-11-12 13:41:16,055 INFO  EvoClassLoader - Defined package (3): package org.objenesis, 1290585006
2024-11-12 13:41:16,055 INFO  EvoClassLoader - Seeing class for first time: org.objenesis.Objenesis
2024-11-12 13:41:16,055 INFO  EvoClassLoader - Instrumenting class 'org.objenesis.Objenesis'.
2024-11-12 13:41:16,055 INFO  EvoClassLoader - Keeping class: org.objenesis.Objenesis
2024-11-12 13:41:16,055 INFO  EvoClassLoader - Keeping class: org.objenesis.ObjenesisBase
2024-11-12 13:41:16,055 INFO  EvoClassLoader - Seeing class for first time: org.objenesis.instantiator.ObjectInstantiator
2024-11-12 13:41:16,055 INFO  EvoClassLoader - Instrumenting class 'org.objenesis.instantiator.ObjectInstantiator'.
2024-11-12 13:41:16,055 INFO  EvoClassLoader - Defined package (3): package org.objenesis.instantiator, 1421553214
2024-11-12 13:41:16,055 INFO  EvoClassLoader - Keeping class: org.objenesis.instantiator.ObjectInstantiator
2024-11-12 13:41:16,055 INFO  EvoClassLoader - Seeing class for first time: org.objenesis.ObjenesisStd
2024-11-12 13:41:16,055 INFO  EvoClassLoader - Instrumenting class 'org.objenesis.ObjenesisStd'.
2024-11-12 13:41:16,055 INFO  MethodCallReplacementClassAdapter - Adding mock interface to class org/objenesis/ObjenesisStd
2024-11-12 13:41:16,055 INFO  CreateClassResetClassAdapter - Creating brand-new static initializer in class org/objenesis/ObjenesisStd
2024-11-12 13:41:16,055 INFO  EvoClassLoader - Keeping class: org.objenesis.ObjenesisStd
2024-11-12 13:41:16,055 INFO  EvoClassLoader - Seeing class for first time: org.objenesis.strategy.InstantiatorStrategy
2024-11-12 13:41:16,055 INFO  EvoClassLoader - Instrumenting class 'org.objenesis.strategy.InstantiatorStrategy'.
2024-11-12 13:41:16,055 INFO  EvoClassLoader - Defined package (3): package org.objenesis.strategy, -2038098509
2024-11-12 13:41:16,055 INFO  EvoClassLoader - Keeping class: org.objenesis.strategy.InstantiatorStrategy
2024-11-12 13:41:16,055 INFO  EvoClassLoader - Seeing class for first time: org.mockito.internal.configuration.GlobalConfiguration
2024-11-12 13:41:16,055 INFO  EvoClassLoader - Instrumenting class 'org.mockito.internal.configuration.GlobalConfiguration'.
2024-11-12 13:41:16,056 INFO  MethodCallReplacementClassAdapter - Adding mock interface to class org/mockito/internal/configuration/GlobalConfiguration
2024-11-12 13:41:16,056 INFO  CreateClassResetClassAdapter - Found static initializer in class org/mockito/internal/configuration/GlobalConfiguration
2024-11-12 13:41:16,056 INFO  EvoClassLoader - Seeing class for first time: org.mockito.configuration.IMockitoConfiguration
2024-11-12 13:41:16,056 INFO  EvoClassLoader - Instrumenting class 'org.mockito.configuration.IMockitoConfiguration'.
2024-11-12 13:41:16,056 INFO  EvoClassLoader - Keeping class: org.mockito.configuration.IMockitoConfiguration
2024-11-12 13:41:16,056 INFO  EvoClassLoader - Keeping class: org.mockito.internal.configuration.GlobalConfiguration
2024-11-12 13:41:16,056 INFO  EvoClassLoader - Seeing class for first time: org.mockito.configuration.DefaultMockitoConfiguration
2024-11-12 13:41:16,056 INFO  EvoClassLoader - Instrumenting class 'org.mockito.configuration.DefaultMockitoConfiguration'.
2024-11-12 13:41:16,056 INFO  MethodCallReplacementClassAdapter - Adding mock interface to class org/mockito/configuration/DefaultMockitoConfiguration
2024-11-12 13:41:16,056 INFO  CreateClassResetClassAdapter - Creating brand-new static initializer in class org/mockito/configuration/DefaultMockitoConfiguration
2024-11-12 13:41:16,056 INFO  EvoClassLoader - Keeping class: org.mockito.configuration.DefaultMockitoConfiguration
2024-11-12 13:41:16,056 INFO  EvoClassLoader - Seeing class for first time: org.mockito.internal.configuration.ClassPathLoader
2024-11-12 13:41:16,056 INFO  EvoClassLoader - Instrumenting class 'org.mockito.internal.configuration.ClassPathLoader'.
2024-11-12 13:41:16,056 INFO  MethodCallReplacementClassAdapter - Adding mock interface to class org/mockito/internal/configuration/ClassPathLoader
2024-11-12 13:41:16,056 INFO  CreateClassResetClassAdapter - Creating brand-new static initializer in class org/mockito/internal/configuration/ClassPathLoader
2024-11-12 13:41:16,056 INFO  CreateClassResetClassAdapter - Adding bytecode for initializing field MOCKITO_CONFIGURATION_CLASS_NAME
2024-11-12 13:41:16,056 INFO  EvoClassLoader - Keeping class: org.mockito.internal.configuration.ClassPathLoader
2024-11-12 13:41:16,056 INFO  EvoClassLoader - Seeing class for first time: org.mockito.exceptions.misusing.MockitoConfigurationException
2024-11-12 13:41:16,056 INFO  EvoClassLoader - Instrumenting class 'org.mockito.exceptions.misusing.MockitoConfigurationException'.
2024-11-12 13:41:16,057 INFO  MethodCallReplacementClassAdapter - Adding mock interface to class org/mockito/exceptions/misusing/MockitoConfigurationException
2024-11-12 13:41:16,057 INFO  CreateClassResetClassAdapter - Creating brand-new static initializer in class org/mockito/exceptions/misusing/MockitoConfigurationException
2024-11-12 13:41:16,057 INFO  EvoClassLoader - Keeping class: org.mockito.exceptions.misusing.MockitoConfigurationException
2024-11-12 13:41:16,057 INFO  EvoClassLoader - Seeing class for first time: org.objenesis.strategy.BaseInstantiatorStrategy
2024-11-12 13:41:16,057 INFO  EvoClassLoader - Instrumenting class 'org.objenesis.strategy.BaseInstantiatorStrategy'.
2024-11-12 13:41:16,057 INFO  MethodCallReplacementClassAdapter - Adding mock interface to class org/objenesis/strategy/BaseInstantiatorStrategy
2024-11-12 13:41:16,057 INFO  CreateClassResetClassAdapter - Creating brand-new static initializer in class org/objenesis/strategy/BaseInstantiatorStrategy
2024-11-12 13:41:16,057 INFO  EvoClassLoader - Keeping class: org.objenesis.strategy.BaseInstantiatorStrategy
2024-11-12 13:41:16,057 INFO  EvoClassLoader - Seeing class for first time: org.objenesis.strategy.StdInstantiatorStrategy
2024-11-12 13:41:16,057 INFO  EvoClassLoader - Instrumenting class 'org.objenesis.strategy.StdInstantiatorStrategy'.
2024-11-12 13:41:16,057 INFO  MethodCallReplacementClassAdapter - Adding mock interface to class org/objenesis/strategy/StdInstantiatorStrategy
2024-11-12 13:41:16,057 INFO  CreateClassResetClassAdapter - Creating brand-new static initializer in class org/objenesis/strategy/StdInstantiatorStrategy
2024-11-12 13:41:16,057 INFO  EvoClassLoader - Keeping class: org.objenesis.strategy.StdInstantiatorStrategy
2024-11-12 13:41:16,057 INFO  EvoClassLoader - Seeing class for first time: org.mockito.internal.creation.instance.DefaultInstantiatorProvider
2024-11-12 13:41:16,057 INFO  EvoClassLoader - Instrumenting class 'org.mockito.internal.creation.instance.DefaultInstantiatorProvider'.
2024-11-12 13:41:16,057 INFO  MethodCallReplacementClassAdapter - Adding mock interface to class org/mockito/internal/creation/instance/DefaultInstantiatorProvider
2024-11-12 13:41:16,057 INFO  CreateClassResetClassAdapter - Found static initializer in class org/mockito/internal/creation/instance/DefaultInstantiatorProvider
2024-11-12 13:41:16,057 INFO  EvoClassLoader - Keeping class: org.mockito.internal.creation.instance.DefaultInstantiatorProvider
2024-11-12 13:41:16,057 INFO  EvoClassLoader - Seeing class for first time: org.mockito.configuration.MockitoConfiguration
2024-11-12 13:41:16,057 INFO  EvoClassLoader - Instrumenting class 'org.mockito.configuration.MockitoConfiguration'.
2024-11-12 13:41:16,058 INFO  EvoClassLoader - Error while loading class: java.lang.ClassNotFoundException: Class 'org/mockito/configuration/MockitoConfiguration.class' should be in target project, but could not be found!
2024-11-12 13:41:16,058 INFO  EvoClassLoader - Seeing class for first time: org.mockito.internal.configuration.plugins.Plugins
2024-11-12 13:41:16,058 INFO  EvoClassLoader - Instrumenting class 'org.mockito.internal.configuration.plugins.Plugins'.
2024-11-12 13:41:16,058 INFO  MethodCallReplacementClassAdapter - Adding mock interface to class org/mockito/internal/configuration/plugins/Plugins
2024-11-12 13:41:16,058 INFO  CreateClassResetClassAdapter - Found static initializer in class org/mockito/internal/configuration/plugins/Plugins
2024-11-12 13:41:16,058 INFO  EvoClassLoader - Keeping class: org.mockito.internal.configuration.plugins.Plugins
2024-11-12 13:41:16,059 INFO  EvoClassLoader - Seeing class for first time: org.mockito.plugins.InstantiatorProvider
2024-11-12 13:41:16,059 INFO  EvoClassLoader - Instrumenting class 'org.mockito.plugins.InstantiatorProvider'.
2024-11-12 13:41:16,059 INFO  EvoClassLoader - Keeping class: org.mockito.plugins.InstantiatorProvider
2024-11-12 13:41:16,059 INFO  EvoClassLoader - Seeing class for first time: org.mockito.internal.creation.bytebuddy.MockMethodInterceptor$DispatcherDefaultingToRealMethod
2024-11-12 13:41:16,059 INFO  EvoClassLoader - Instrumenting class 'org.mockito.internal.creation.bytebuddy.MockMethodInterceptor$DispatcherDefaultingToRealMethod'.
2024-11-12 13:41:16,059 INFO  MethodCallReplacementClassAdapter - Adding mock interface to class org/mockito/internal/creation/bytebuddy/MockMethodInterceptor$DispatcherDefaultingToRealMethod
2024-11-12 13:41:16,059 INFO  CreateClassResetClassAdapter - Creating brand-new static initializer in class org/mockito/internal/creation/bytebuddy/MockMethodInterceptor$DispatcherDefaultingToRealMethod
2024-11-12 13:41:16,060 INFO  EvoClassLoader - Keeping class: org.mockito.internal.creation.bytebuddy.MockMethodInterceptor$DispatcherDefaultingToRealMethod
2024-11-12 13:41:16,060 INFO  EvoClassLoader - Seeing class for first time: net.bytebuddy.implementation.bind.MethodDelegationBinder$AmbiguityResolver$NoOp
2024-11-12 13:41:16,060 INFO  EvoClassLoader - Instrumenting class 'net.bytebuddy.implementation.bind.MethodDelegationBinder$AmbiguityResolver$NoOp'.
2024-11-12 13:41:16,060 INFO  MethodCallReplacementClassAdapter - Adding mock interface to class net/bytebuddy/implementation/bind/MethodDelegationBinder$AmbiguityResolver$NoOp
2024-11-12 13:41:16,060 INFO  CreateClassResetClassAdapter - Found static initializer in class net/bytebuddy/implementation/bind/MethodDelegationBinder$AmbiguityResolver$NoOp
2024-11-12 13:41:16,060 INFO  EvoClassLoader - Keeping class: net.bytebuddy.implementation.bind.MethodDelegationBinder$AmbiguityResolver$NoOp
2024-11-12 13:41:16,060 INFO  EvoClassLoader - Seeing class for first time: org.mockito.internal.invocation.RealMethod
2024-11-12 13:41:16,060 INFO  EvoClassLoader - Instrumenting class 'org.mockito.internal.invocation.RealMethod'.
2024-11-12 13:41:16,060 INFO  EvoClassLoader - Keeping class: org.mockito.internal.invocation.RealMethod
2024-11-12 13:41:16,060 INFO  EvoClassLoader - Seeing class for first time: org.mockito.internal.creation.bytebuddy.MockMethodInterceptor
2024-11-12 13:41:16,060 INFO  EvoClassLoader - Instrumenting class 'org.mockito.internal.creation.bytebuddy.MockMethodInterceptor'.
2024-11-12 13:41:16,060 INFO  MethodCallReplacementClassAdapter - Adding mock interface to class org/mockito/internal/creation/bytebuddy/MockMethodInterceptor
2024-11-12 13:41:16,060 INFO  CreateClassResetClassAdapter - Creating brand-new static initializer in class org/mockito/internal/creation/bytebuddy/MockMethodInterceptor
2024-11-12 13:41:16,061 INFO  EvoClassLoader - Keeping class: org.mockito.internal.creation.bytebuddy.MockMethodInterceptor
2024-11-12 13:41:16,065 INFO  EvoClassLoader - Seeing class for first time: org.mockito.internal.creation.bytebuddy.MockMethodInterceptor$ForHashCode
2024-11-12 13:41:16,065 INFO  EvoClassLoader - Instrumenting class 'org.mockito.internal.creation.bytebuddy.MockMethodInterceptor$ForHashCode'.
2024-11-12 13:41:16,065 INFO  MethodCallReplacementClassAdapter - Adding mock interface to class org/mockito/internal/creation/bytebuddy/MockMethodInterceptor$ForHashCode
2024-11-12 13:41:16,065 INFO  CreateClassResetClassAdapter - Creating brand-new static initializer in class org/mockito/internal/creation/bytebuddy/MockMethodInterceptor$ForHashCode
2024-11-12 13:41:16,065 INFO  EvoClassLoader - Keeping class: org.mockito.internal.creation.bytebuddy.MockMethodInterceptor$ForHashCode
2024-11-12 13:41:16,066 INFO  EvoClassLoader - Seeing class for first time: org.mockito.internal.creation.bytebuddy.MockMethodInterceptor$ForEquals
2024-11-12 13:41:16,066 INFO  EvoClassLoader - Instrumenting class 'org.mockito.internal.creation.bytebuddy.MockMethodInterceptor$ForEquals'.
2024-11-12 13:41:16,067 INFO  MethodCallReplacementClassAdapter - Adding mock interface to class org/mockito/internal/creation/bytebuddy/MockMethodInterceptor$ForEquals
2024-11-12 13:41:16,067 INFO  CreateClassResetClassAdapter - Creating brand-new static initializer in class org/mockito/internal/creation/bytebuddy/MockMethodInterceptor$ForEquals
2024-11-12 13:41:16,067 INFO  EvoClassLoader - Keeping class: org.mockito.internal.creation.bytebuddy.MockMethodInterceptor$ForEquals
2024-11-12 13:41:16,068 INFO  EvoClassLoader - Seeing class for first time: org.mockito.internal.creation.bytebuddy.MockMethodInterceptor$ForWriteReplace
2024-11-12 13:41:16,068 INFO  EvoClassLoader - Instrumenting class 'org.mockito.internal.creation.bytebuddy.MockMethodInterceptor$ForWriteReplace'.
2024-11-12 13:41:16,069 INFO  MethodCallReplacementClassAdapter - Adding mock interface to class org/mockito/internal/creation/bytebuddy/MockMethodInterceptor$ForWriteReplace
2024-11-12 13:41:16,069 INFO  CreateClassResetClassAdapter - Creating brand-new static initializer in class org/mockito/internal/creation/bytebuddy/MockMethodInterceptor$ForWriteReplace
2024-11-12 13:41:16,069 INFO  EvoClassLoader - Keeping class: org.mockito.internal.creation.bytebuddy.MockMethodInterceptor$ForWriteReplace
2024-11-12 13:41:16,069 INFO  EvoClassLoader - Seeing class for first time: org.mockito.internal.creation.bytebuddy.MockAccess
2024-11-12 13:41:16,069 INFO  EvoClassLoader - Instrumenting class 'org.mockito.internal.creation.bytebuddy.MockAccess'.
2024-11-12 13:41:16,070 INFO  EvoClassLoader - Keeping class: org.mockito.internal.creation.bytebuddy.MockAccess
2024-11-12 13:41:16,072 INFO  EvoClassLoader - Seeing class for first time: org.mockito.internal.util.MockUtil
2024-11-12 13:41:16,072 INFO  EvoClassLoader - Instrumenting class 'org.mockito.internal.util.MockUtil'.
2024-11-12 13:41:16,072 INFO  MethodCallReplacementClassAdapter - Adding mock interface to class org/mockito/internal/util/MockUtil
2024-11-12 13:41:16,072 INFO  CreateClassResetClassAdapter - Found static initializer in class org/mockito/internal/util/MockUtil
2024-11-12 13:41:16,072 INFO  EvoClassLoader - Keeping class: org.mockito.internal.util.MockUtil
2024-11-12 13:41:16,072 INFO  EvoClassLoader - Seeing class for first time: org.mockito.internal.creation.bytebuddy.SubclassByteBuddyMockMaker$1
2024-11-12 13:41:16,072 INFO  EvoClassLoader - Instrumenting class 'org.mockito.internal.creation.bytebuddy.SubclassByteBuddyMockMaker$1'.
2024-11-12 13:41:16,073 INFO  MethodCallReplacementClassAdapter - Adding mock interface to class org/mockito/internal/creation/bytebuddy/SubclassByteBuddyMockMaker$1
2024-11-12 13:41:16,073 INFO  EvoClassLoader - Keeping class: org.mockito.internal.creation.bytebuddy.SubclassByteBuddyMockMaker$1
2024-11-12 13:41:16,073 INFO  EvoClassLoader - Seeing class for first time: org.mockito.internal.util.MockNameImpl
2024-11-12 13:41:16,073 INFO  EvoClassLoader - Instrumenting class 'org.mockito.internal.util.MockNameImpl'.
2024-11-12 13:41:16,073 INFO  MethodCallReplacementClassAdapter - Adding mock interface to class org/mockito/internal/util/MockNameImpl
2024-11-12 13:41:16,073 INFO  CreateClassResetClassAdapter - Creating brand-new static initializer in class org/mockito/internal/util/MockNameImpl
2024-11-12 13:41:16,073 INFO  EvoClassLoader - Keeping class: org.mockito.internal.util.MockNameImpl
2024-11-12 13:41:16,073 INFO  EvoClassLoader - Seeing class for first time: org.mockito.internal.handler.MockHandlerFactory
2024-11-12 13:41:16,073 INFO  EvoClassLoader - Instrumenting class 'org.mockito.internal.handler.MockHandlerFactory'.
2024-11-12 13:41:16,073 INFO  MethodCallReplacementClassAdapter - Adding mock interface to class org/mockito/internal/handler/MockHandlerFactory
2024-11-12 13:41:16,073 INFO  CreateClassResetClassAdapter - Creating brand-new static initializer in class org/mockito/internal/handler/MockHandlerFactory
2024-11-12 13:41:16,073 INFO  EvoClassLoader - Defined package (3): package org.mockito.internal.handler, 153635191
2024-11-12 13:41:16,073 INFO  EvoClassLoader - Keeping class: org.mockito.internal.handler.MockHandlerFactory
2024-11-12 13:41:16,073 INFO  EvoClassLoader - Seeing class for first time: org.mockito.internal.handler.MockHandlerImpl
2024-11-12 13:41:16,073 INFO  EvoClassLoader - Instrumenting class 'org.mockito.internal.handler.MockHandlerImpl'.
2024-11-12 13:41:16,074 INFO  MethodCallReplacementClassAdapter - Adding mock interface to class org/mockito/internal/handler/MockHandlerImpl
2024-11-12 13:41:16,074 INFO  CreateClassResetClassAdapter - Creating brand-new static initializer in class org/mockito/internal/handler/MockHandlerImpl
2024-11-12 13:41:16,074 INFO  EvoClassLoader - Keeping class: org.mockito.internal.handler.MockHandlerImpl
2024-11-12 13:41:16,074 INFO  EvoClassLoader - Seeing class for first time: org.mockito.internal.invocation.MatchersBinder
2024-11-12 13:41:16,074 INFO  EvoClassLoader - Instrumenting class 'org.mockito.internal.invocation.MatchersBinder'.
2024-11-12 13:41:16,074 INFO  MethodCallReplacementClassAdapter - Adding mock interface to class org/mockito/internal/invocation/MatchersBinder
2024-11-12 13:41:16,074 INFO  CreateClassResetClassAdapter - Creating brand-new static initializer in class org/mockito/internal/invocation/MatchersBinder
2024-11-12 13:41:16,074 INFO  EvoClassLoader - Keeping class: org.mockito.internal.invocation.MatchersBinder
2024-11-12 13:41:16,074 INFO  EvoClassLoader - Seeing class for first time: org.mockito.internal.progress.ArgumentMatcherStorage
2024-11-12 13:41:16,074 INFO  EvoClassLoader - Instrumenting class 'org.mockito.internal.progress.ArgumentMatcherStorage'.
2024-11-12 13:41:16,074 INFO  EvoClassLoader - Defined package (3): package org.mockito.internal.progress, -535423584
2024-11-12 13:41:16,074 INFO  EvoClassLoader - Keeping class: org.mockito.internal.progress.ArgumentMatcherStorage
2024-11-12 13:41:16,074 INFO  EvoClassLoader - Seeing class for first time: org.mockito.invocation.StubInfo
2024-11-12 13:41:16,074 INFO  EvoClassLoader - Instrumenting class 'org.mockito.invocation.StubInfo'.
2024-11-12 13:41:16,075 INFO  EvoClassLoader - Keeping class: org.mockito.invocation.StubInfo
2024-11-12 13:41:16,075 INFO  EvoClassLoader - Seeing class for first time: org.mockito.internal.verification.RegisteredInvocations
2024-11-12 13:41:16,075 INFO  EvoClassLoader - Instrumenting class 'org.mockito.internal.verification.RegisteredInvocations'.
2024-11-12 13:41:16,075 INFO  EvoClassLoader - Defined package (3): package org.mockito.internal.verification, -1833289714
2024-11-12 13:41:16,075 INFO  EvoClassLoader - Keeping class: org.mockito.internal.verification.RegisteredInvocations
2024-11-12 13:41:16,075 INFO  EvoClassLoader - Seeing class for first time: org.mockito.internal.verification.DefaultRegisteredInvocations
2024-11-12 13:41:16,075 INFO  EvoClassLoader - Instrumenting class 'org.mockito.internal.verification.DefaultRegisteredInvocations'.
2024-11-12 13:41:16,075 INFO  MethodCallReplacementClassAdapter - Adding mock interface to class org/mockito/internal/verification/DefaultRegisteredInvocations
2024-11-12 13:41:16,075 INFO  CreateClassResetClassAdapter - Creating brand-new static initializer in class org/mockito/internal/verification/DefaultRegisteredInvocations
2024-11-12 13:41:16,075 INFO  EvoClassLoader - Keeping class: org.mockito.internal.verification.DefaultRegisteredInvocations
2024-11-12 13:41:16,075 INFO  EvoClassLoader - Seeing class for first time: org.mockito.internal.util.collections.ListUtil$Filter
2024-11-12 13:41:16,075 INFO  EvoClassLoader - Instrumenting class 'org.mockito.internal.util.collections.ListUtil$Filter'.
2024-11-12 13:41:16,075 INFO  EvoClassLoader - Keeping class: org.mockito.internal.util.collections.ListUtil$Filter
2024-11-12 13:41:16,075 INFO  EvoClassLoader - Seeing class for first time: org.mockito.internal.stubbing.DoAnswerStyleStubbing
2024-11-12 13:41:16,075 INFO  EvoClassLoader - Instrumenting class 'org.mockito.internal.stubbing.DoAnswerStyleStubbing'.
2024-11-12 13:41:16,076 INFO  MethodCallReplacementClassAdapter - Adding mock interface to class org/mockito/internal/stubbing/DoAnswerStyleStubbing
2024-11-12 13:41:16,076 INFO  CreateClassResetClassAdapter - Creating brand-new static initializer in class org/mockito/internal/stubbing/DoAnswerStyleStubbing
2024-11-12 13:41:16,076 INFO  EvoClassLoader - Keeping class: org.mockito.internal.stubbing.DoAnswerStyleStubbing
2024-11-12 13:41:16,076 INFO  EvoClassLoader - Seeing class for first time: org.mockito.internal.handler.NullResultGuardian
2024-11-12 13:41:16,076 INFO  EvoClassLoader - Instrumenting class 'org.mockito.internal.handler.NullResultGuardian'.
2024-11-12 13:41:16,076 INFO  MethodCallReplacementClassAdapter - Adding mock interface to class org/mockito/internal/handler/NullResultGuardian
2024-11-12 13:41:16,076 INFO  CreateClassResetClassAdapter - Creating brand-new static initializer in class org/mockito/internal/handler/NullResultGuardian
2024-11-12 13:41:16,076 INFO  EvoClassLoader - Keeping class: org.mockito.internal.handler.NullResultGuardian
2024-11-12 13:41:16,076 INFO  EvoClassLoader - Seeing class for first time: org.mockito.internal.handler.InvocationNotifierHandler
2024-11-12 13:41:16,076 INFO  EvoClassLoader - Instrumenting class 'org.mockito.internal.handler.InvocationNotifierHandler'.
2024-11-12 13:41:16,076 INFO  MethodCallReplacementClassAdapter - Adding mock interface to class org/mockito/internal/handler/InvocationNotifierHandler
2024-11-12 13:41:16,076 INFO  CreateClassResetClassAdapter - Creating brand-new static initializer in class org/mockito/internal/handler/InvocationNotifierHandler
2024-11-12 13:41:16,076 INFO  EvoClassLoader - Keeping class: org.mockito.internal.handler.InvocationNotifierHandler
2024-11-12 13:41:16,076 INFO  EvoClassLoader - Seeing class for first time: org.mockito.listeners.MethodInvocationReport
2024-11-12 13:41:16,076 INFO  EvoClassLoader - Instrumenting class 'org.mockito.listeners.MethodInvocationReport'.
2024-11-12 13:41:16,076 INFO  EvoClassLoader - Keeping class: org.mockito.listeners.MethodInvocationReport
2024-11-12 13:41:16,077 INFO  EvoClassLoader - Seeing class for first time: org.mockito.internal.creation.bytebuddy.TypeCachingBytecodeGenerator$MockitoMockKey
2024-11-12 13:41:16,077 INFO  EvoClassLoader - Instrumenting class 'org.mockito.internal.creation.bytebuddy.TypeCachingBytecodeGenerator$MockitoMockKey'.
2024-11-12 13:41:16,077 INFO  MethodCallReplacementClassAdapter - Adding mock interface to class org/mockito/internal/creation/bytebuddy/TypeCachingBytecodeGenerator$MockitoMockKey
2024-11-12 13:41:16,077 INFO  CreateClassResetClassAdapter - Creating brand-new static initializer in class org/mockito/internal/creation/bytebuddy/TypeCachingBytecodeGenerator$MockitoMockKey
2024-11-12 13:41:16,077 INFO  EvoClassLoader - Keeping class: org.mockito.internal.creation.bytebuddy.TypeCachingBytecodeGenerator$MockitoMockKey
2024-11-12 13:41:16,077 INFO  EvoClassLoader - Seeing class for first time: net.bytebuddy.utility.CompoundList
2024-11-12 13:41:16,077 INFO  EvoClassLoader - Instrumenting class 'net.bytebuddy.utility.CompoundList'.
2024-11-12 13:41:16,077 INFO  MethodCallReplacementClassAdapter - Adding mock interface to class net/bytebuddy/utility/CompoundList
2024-11-12 13:41:16,077 INFO  CreateClassResetClassAdapter - Creating brand-new static initializer in class net/bytebuddy/utility/CompoundList
2024-11-12 13:41:16,077 INFO  EvoClassLoader - Keeping class: net.bytebuddy.utility.CompoundList
2024-11-12 13:41:16,077 INFO  EvoClassLoader - Seeing class for first time: org.mockito.internal.creation.bytebuddy.TypeCachingBytecodeGenerator$1
2024-11-12 13:41:16,077 INFO  EvoClassLoader - Instrumenting class 'org.mockito.internal.creation.bytebuddy.TypeCachingBytecodeGenerator$1'.
2024-11-12 13:41:16,077 INFO  MethodCallReplacementClassAdapter - Adding mock interface to class org/mockito/internal/creation/bytebuddy/TypeCachingBytecodeGenerator$1
2024-11-12 13:41:16,078 INFO  EvoClassLoader - Keeping class: org.mockito.internal.creation.bytebuddy.TypeCachingBytecodeGenerator$1
2024-11-12 13:41:16,078 INFO  EvoClassLoader - Seeing class for first time: net.bytebuddy.dynamic.loading.MultipleParentClassLoader$Builder
2024-11-12 13:41:16,078 INFO  EvoClassLoader - Instrumenting class 'net.bytebuddy.dynamic.loading.MultipleParentClassLoader$Builder'.
2024-11-12 13:41:16,078 INFO  MethodCallReplacementClassAdapter - Adding mock interface to class net/bytebuddy/dynamic/loading/MultipleParentClassLoader$Builder
2024-11-12 13:41:16,078 INFO  CreateClassResetClassAdapter - Creating brand-new static initializer in class net/bytebuddy/dynamic/loading/MultipleParentClassLoader$Builder
2024-11-12 13:41:16,078 INFO  CreateClassResetClassAdapter - Adding bytecode for initializing field ONLY
2024-11-12 13:41:16,078 INFO  EvoClassLoader - Keeping class: net.bytebuddy.dynamic.loading.MultipleParentClassLoader$Builder
2024-11-12 13:41:16,078 INFO  EvoClassLoader - Seeing class for first time: net.bytebuddy.dynamic.loading.MultipleParentClassLoader
2024-11-12 13:41:16,078 INFO  EvoClassLoader - Instrumenting class 'net.bytebuddy.dynamic.loading.MultipleParentClassLoader'.
2024-11-12 13:41:16,078 INFO  MethodCallReplacementClassAdapter - Adding mock interface to class net/bytebuddy/dynamic/loading/MultipleParentClassLoader
2024-11-12 13:41:16,079 INFO  CreateClassResetClassAdapter - Creating brand-new static initializer in class net/bytebuddy/dynamic/loading/MultipleParentClassLoader
2024-11-12 13:41:16,079 INFO  EvoClassLoader - Seeing class for first time: net.bytebuddy.dynamic.loading.InjectionClassLoader
2024-11-12 13:41:16,079 INFO  EvoClassLoader - Instrumenting class 'net.bytebuddy.dynamic.loading.InjectionClassLoader'.
2024-11-12 13:41:16,079 INFO  MethodCallReplacementClassAdapter - Adding mock interface to class net/bytebuddy/dynamic/loading/InjectionClassLoader
2024-11-12 13:41:16,079 INFO  CreateClassResetClassAdapter - Creating brand-new static initializer in class net/bytebuddy/dynamic/loading/InjectionClassLoader
2024-11-12 13:41:16,079 INFO  EvoClassLoader - Keeping class: net.bytebuddy.dynamic.loading.InjectionClassLoader
2024-11-12 13:41:16,079 INFO  EvoClassLoader - Keeping class: net.bytebuddy.dynamic.loading.MultipleParentClassLoader
2024-11-12 13:41:16,079 INFO  EvoClassLoader - Seeing class for first time: net.bytebuddy.dynamic.scaffold.subclass.ConstructorStrategy$Default
2024-11-12 13:41:16,079 INFO  EvoClassLoader - Instrumenting class 'net.bytebuddy.dynamic.scaffold.subclass.ConstructorStrategy$Default'.
2024-11-12 13:41:16,079 INFO  MethodCallReplacementClassAdapter - Adding mock interface to class net/bytebuddy/dynamic/scaffold/subclass/ConstructorStrategy$Default
2024-11-12 13:41:16,080 INFO  CreateClassResetClassAdapter - Found static initializer in class net/bytebuddy/dynamic/scaffold/subclass/ConstructorStrategy$Default
2024-11-12 13:41:16,080 INFO  EvoClassLoader - Keeping class: net.bytebuddy.dynamic.scaffold.subclass.ConstructorStrategy$Default
2024-11-12 13:41:16,080 INFO  EvoClassLoader - Seeing class for first time: net.bytebuddy.dynamic.scaffold.subclass.ConstructorStrategy$ForDefaultConstructor
2024-11-12 13:41:16,080 INFO  EvoClassLoader - Instrumenting class 'net.bytebuddy.dynamic.scaffold.subclass.ConstructorStrategy$ForDefaultConstructor'.
2024-11-12 13:41:16,080 INFO  MethodCallReplacementClassAdapter - Adding mock interface to class net/bytebuddy/dynamic/scaffold/subclass/ConstructorStrategy$ForDefaultConstructor
2024-11-12 13:41:16,081 INFO  CreateClassResetClassAdapter - Creating brand-new static initializer in class net/bytebuddy/dynamic/scaffold/subclass/ConstructorStrategy$ForDefaultConstructor
2024-11-12 13:41:16,081 INFO  EvoClassLoader - Keeping class: net.bytebuddy.dynamic.scaffold.subclass.ConstructorStrategy$ForDefaultConstructor
2024-11-12 13:41:16,081 INFO  EvoClassLoader - Seeing class for first time: net.bytebuddy.dynamic.scaffold.subclass.ConstructorStrategy$Default$1
2024-11-12 13:41:16,081 INFO  EvoClassLoader - Instrumenting class 'net.bytebuddy.dynamic.scaffold.subclass.ConstructorStrategy$Default$1'.
2024-11-12 13:41:16,081 INFO  MethodCallReplacementClassAdapter - Adding mock interface to class net/bytebuddy/dynamic/scaffold/subclass/ConstructorStrategy$Default$1
2024-11-12 13:41:16,081 INFO  EvoClassLoader - Keeping class: net.bytebuddy.dynamic.scaffold.subclass.ConstructorStrategy$Default$1
2024-11-12 13:41:16,081 INFO  EvoClassLoader - Seeing class for first time: net.bytebuddy.dynamic.scaffold.subclass.ConstructorStrategy$Default$2
2024-11-12 13:41:16,081 INFO  EvoClassLoader - Instrumenting class 'net.bytebuddy.dynamic.scaffold.subclass.ConstructorStrategy$Default$2'.
2024-11-12 13:41:16,081 INFO  MethodCallReplacementClassAdapter - Adding mock interface to class net/bytebuddy/dynamic/scaffold/subclass/ConstructorStrategy$Default$2
2024-11-12 13:41:16,082 INFO  EvoClassLoader - Keeping class: net.bytebuddy.dynamic.scaffold.subclass.ConstructorStrategy$Default$2
2024-11-12 13:41:16,082 INFO  EvoClassLoader - Seeing class for first time: net.bytebuddy.dynamic.scaffold.subclass.ConstructorStrategy$Default$3
2024-11-12 13:41:16,082 INFO  EvoClassLoader - Instrumenting class 'net.bytebuddy.dynamic.scaffold.subclass.ConstructorStrategy$Default$3'.
2024-11-12 13:41:16,082 INFO  MethodCallReplacementClassAdapter - Adding mock interface to class net/bytebuddy/dynamic/scaffold/subclass/ConstructorStrategy$Default$3
2024-11-12 13:41:16,082 INFO  EvoClassLoader - Keeping class: net.bytebuddy.dynamic.scaffold.subclass.ConstructorStrategy$Default$3
2024-11-12 13:41:16,082 INFO  EvoClassLoader - Seeing class for first time: net.bytebuddy.dynamic.scaffold.subclass.ConstructorStrategy$Default$4
2024-11-12 13:41:16,082 INFO  EvoClassLoader - Instrumenting class 'net.bytebuddy.dynamic.scaffold.subclass.ConstructorStrategy$Default$4'.
2024-11-12 13:41:16,082 INFO  MethodCallReplacementClassAdapter - Adding mock interface to class net/bytebuddy/dynamic/scaffold/subclass/ConstructorStrategy$Default$4
2024-11-12 13:41:16,083 INFO  EvoClassLoader - Keeping class: net.bytebuddy.dynamic.scaffold.subclass.ConstructorStrategy$Default$4
2024-11-12 13:41:16,083 INFO  EvoClassLoader - Seeing class for first time: net.bytebuddy.dynamic.scaffold.subclass.ConstructorStrategy$Default$5
2024-11-12 13:41:16,083 INFO  EvoClassLoader - Instrumenting class 'net.bytebuddy.dynamic.scaffold.subclass.ConstructorStrategy$Default$5'.
2024-11-12 13:41:16,083 INFO  MethodCallReplacementClassAdapter - Adding mock interface to class net/bytebuddy/dynamic/scaffold/subclass/ConstructorStrategy$Default$5
2024-11-12 13:41:16,083 INFO  EvoClassLoader - Keeping class: net.bytebuddy.dynamic.scaffold.subclass.ConstructorStrategy$Default$5
2024-11-12 13:41:16,083 INFO  EvoClassLoader - Seeing class for first time: net.bytebuddy.dynamic.scaffold.MethodRegistry
2024-11-12 13:41:16,083 INFO  EvoClassLoader - Instrumenting class 'net.bytebuddy.dynamic.scaffold.MethodRegistry'.
2024-11-12 13:41:16,083 INFO  EvoClassLoader - Keeping class: net.bytebuddy.dynamic.scaffold.MethodRegistry
2024-11-12 13:41:16,083 INFO  EvoClassLoader - Seeing class for first time: net.bytebuddy.dynamic.scaffold.MethodRegistry$Handler
2024-11-12 13:41:16,083 INFO  EvoClassLoader - Instrumenting class 'net.bytebuddy.dynamic.scaffold.MethodRegistry$Handler'.
2024-11-12 13:41:16,084 INFO  EvoClassLoader - Keeping class: net.bytebuddy.dynamic.scaffold.MethodRegistry$Handler
2024-11-12 13:41:16,084 INFO  EvoClassLoader - Seeing class for first time: net.bytebuddy.dynamic.DynamicType$Builder$AbstractBase
2024-11-12 13:41:16,084 INFO  EvoClassLoader - Instrumenting class 'net.bytebuddy.dynamic.DynamicType$Builder$AbstractBase'.
2024-11-12 13:41:16,084 INFO  MethodCallReplacementClassAdapter - Adding mock interface to class net/bytebuddy/dynamic/DynamicType$Builder$AbstractBase
2024-11-12 13:41:16,087 INFO  CreateClassResetClassAdapter - Creating brand-new static initializer in class net/bytebuddy/dynamic/DynamicType$Builder$AbstractBase
2024-11-12 13:41:16,088 INFO  EvoClassLoader - Keeping class: net.bytebuddy.dynamic.DynamicType$Builder$AbstractBase
2024-11-12 13:41:16,088 INFO  EvoClassLoader - Seeing class for first time: net.bytebuddy.dynamic.DynamicType
2024-11-12 13:41:16,088 INFO  EvoClassLoader - Instrumenting class 'net.bytebuddy.dynamic.DynamicType'.
2024-11-12 13:41:16,089 INFO  EvoClassLoader - Keeping class: net.bytebuddy.dynamic.DynamicType
2024-11-12 13:41:16,089 INFO  EvoClassLoader - Seeing class for first time: net.bytebuddy.dynamic.DynamicType$Builder$MethodDefinition$ReceiverTypeDefinition
2024-11-12 13:41:16,089 INFO  EvoClassLoader - Instrumenting class 'net.bytebuddy.dynamic.DynamicType$Builder$MethodDefinition$ReceiverTypeDefinition'.
2024-11-12 13:41:16,089 INFO  EvoClassLoader - Seeing class for first time: net.bytebuddy.dynamic.DynamicType$Builder$MethodDefinition
2024-11-12 13:41:16,089 INFO  EvoClassLoader - Instrumenting class 'net.bytebuddy.dynamic.DynamicType$Builder$MethodDefinition'.
2024-11-12 13:41:16,090 INFO  EvoClassLoader - Keeping class: net.bytebuddy.dynamic.DynamicType$Builder$MethodDefinition
2024-11-12 13:41:16,090 INFO  EvoClassLoader - Keeping class: net.bytebuddy.dynamic.DynamicType$Builder$MethodDefinition$ReceiverTypeDefinition
2024-11-12 13:41:16,090 INFO  EvoClassLoader - Seeing class for first time: net.bytebuddy.dynamic.DynamicType$Builder$FieldDefinition$Optional
2024-11-12 13:41:16,090 INFO  EvoClassLoader - Instrumenting class 'net.bytebuddy.dynamic.DynamicType$Builder$FieldDefinition$Optional'.
2024-11-12 13:41:16,090 INFO  EvoClassLoader - Seeing class for first time: net.bytebuddy.dynamic.DynamicType$Builder$FieldDefinition
2024-11-12 13:41:16,090 INFO  EvoClassLoader - Instrumenting class 'net.bytebuddy.dynamic.DynamicType$Builder$FieldDefinition'.
2024-11-12 13:41:16,090 INFO  EvoClassLoader - Keeping class: net.bytebuddy.dynamic.DynamicType$Builder$FieldDefinition
2024-11-12 13:41:16,090 INFO  EvoClassLoader - Keeping class: net.bytebuddy.dynamic.DynamicType$Builder$FieldDefinition$Optional
2024-11-12 13:41:16,090 INFO  EvoClassLoader - Seeing class for first time: net.bytebuddy.dynamic.DynamicType$Builder$MethodDefinition$ParameterDefinition
2024-11-12 13:41:16,090 INFO  EvoClassLoader - Instrumenting class 'net.bytebuddy.dynamic.DynamicType$Builder$MethodDefinition$ParameterDefinition'.
2024-11-12 13:41:16,091 INFO  EvoClassLoader - Seeing class for first time: net.bytebuddy.dynamic.DynamicType$Builder$MethodDefinition$ExceptionDefinition
2024-11-12 13:41:16,091 INFO  EvoClassLoader - Instrumenting class 'net.bytebuddy.dynamic.DynamicType$Builder$MethodDefinition$ExceptionDefinition'.
2024-11-12 13:41:16,091 INFO  EvoClassLoader - Seeing class for first time: net.bytebuddy.dynamic.DynamicType$Builder$MethodDefinition$TypeVariableDefinition
2024-11-12 13:41:16,091 INFO  EvoClassLoader - Instrumenting class 'net.bytebuddy.dynamic.DynamicType$Builder$MethodDefinition$TypeVariableDefinition'.
2024-11-12 13:41:16,091 INFO  EvoClassLoader - Seeing class for first time: net.bytebuddy.dynamic.DynamicType$Builder$MethodDefinition$ImplementationDefinition
2024-11-12 13:41:16,091 INFO  EvoClassLoader - Instrumenting class 'net.bytebuddy.dynamic.DynamicType$Builder$MethodDefinition$ImplementationDefinition'.
2024-11-12 13:41:16,091 INFO  EvoClassLoader - Keeping class: net.bytebuddy.dynamic.DynamicType$Builder$MethodDefinition$ImplementationDefinition
2024-11-12 13:41:16,091 INFO  EvoClassLoader - Keeping class: net.bytebuddy.dynamic.DynamicType$Builder$MethodDefinition$TypeVariableDefinition
2024-11-12 13:41:16,091 INFO  EvoClassLoader - Keeping class: net.bytebuddy.dynamic.DynamicType$Builder$MethodDefinition$ExceptionDefinition
2024-11-12 13:41:16,091 INFO  EvoClassLoader - Keeping class: net.bytebuddy.dynamic.DynamicType$Builder$MethodDefinition$ParameterDefinition
2024-11-12 13:41:16,091 INFO  EvoClassLoader - Seeing class for first time: net.bytebuddy.dynamic.DynamicType$Builder$MethodDefinition$ParameterDefinition$Initial
2024-11-12 13:41:16,091 INFO  EvoClassLoader - Instrumenting class 'net.bytebuddy.dynamic.DynamicType$Builder$MethodDefinition$ParameterDefinition$Initial'.
2024-11-12 13:41:16,091 INFO  EvoClassLoader - Seeing class for first time: net.bytebuddy.dynamic.DynamicType$Builder$MethodDefinition$ParameterDefinition$Simple
2024-11-12 13:41:16,091 INFO  EvoClassLoader - Instrumenting class 'net.bytebuddy.dynamic.DynamicType$Builder$MethodDefinition$ParameterDefinition$Simple'.
2024-11-12 13:41:16,091 INFO  EvoClassLoader - Keeping class: net.bytebuddy.dynamic.DynamicType$Builder$MethodDefinition$ParameterDefinition$Simple
2024-11-12 13:41:16,091 INFO  EvoClassLoader - Keeping class: net.bytebuddy.dynamic.DynamicType$Builder$MethodDefinition$ParameterDefinition$Initial
2024-11-12 13:41:16,091 INFO  EvoClassLoader - Seeing class for first time: net.bytebuddy.dynamic.TypeResolutionStrategy
2024-11-12 13:41:16,091 INFO  EvoClassLoader - Instrumenting class 'net.bytebuddy.dynamic.TypeResolutionStrategy'.
2024-11-12 13:41:16,092 INFO  EvoClassLoader - Keeping class: net.bytebuddy.dynamic.TypeResolutionStrategy
2024-11-12 13:41:16,092 INFO  EvoClassLoader - Seeing class for first time: net.bytebuddy.dynamic.DynamicType$Unloaded
2024-11-12 13:41:16,092 INFO  EvoClassLoader - Instrumenting class 'net.bytebuddy.dynamic.DynamicType$Unloaded'.
2024-11-12 13:41:16,092 INFO  EvoClassLoader - Keeping class: net.bytebuddy.dynamic.DynamicType$Unloaded
2024-11-12 13:41:16,092 INFO  EvoClassLoader - Seeing class for first time: net.bytebuddy.dynamic.DynamicType$Builder$FieldDefinition$Valuable
2024-11-12 13:41:16,092 INFO  EvoClassLoader - Instrumenting class 'net.bytebuddy.dynamic.DynamicType$Builder$FieldDefinition$Valuable'.
2024-11-12 13:41:16,093 INFO  EvoClassLoader - Keeping class: net.bytebuddy.dynamic.DynamicType$Builder$FieldDefinition$Valuable
2024-11-12 13:41:16,093 INFO  EvoClassLoader - Seeing class for first time: net.bytebuddy.dynamic.DynamicType$Builder$FieldDefinition$Optional$Valuable
2024-11-12 13:41:16,093 INFO  EvoClassLoader - Instrumenting class 'net.bytebuddy.dynamic.DynamicType$Builder$FieldDefinition$Optional$Valuable'.
2024-11-12 13:41:16,093 INFO  EvoClassLoader - Keeping class: net.bytebuddy.dynamic.DynamicType$Builder$FieldDefinition$Optional$Valuable
2024-11-12 13:41:16,093 INFO  EvoClassLoader - Seeing class for first time: net.bytebuddy.dynamic.DynamicType$Builder$InnerTypeDefinition
2024-11-12 13:41:16,093 INFO  EvoClassLoader - Instrumenting class 'net.bytebuddy.dynamic.DynamicType$Builder$InnerTypeDefinition'.
2024-11-12 13:41:16,093 INFO  EvoClassLoader - Keeping class: net.bytebuddy.dynamic.DynamicType$Builder$InnerTypeDefinition
2024-11-12 13:41:16,093 INFO  EvoClassLoader - Seeing class for first time: net.bytebuddy.dynamic.DynamicType$Builder$InnerTypeDefinition$ForType
2024-11-12 13:41:16,093 INFO  EvoClassLoader - Instrumenting class 'net.bytebuddy.dynamic.DynamicType$Builder$InnerTypeDefinition$ForType'.
2024-11-12 13:41:16,093 INFO  EvoClassLoader - Keeping class: net.bytebuddy.dynamic.DynamicType$Builder$InnerTypeDefinition$ForType
2024-11-12 13:41:16,093 INFO  EvoClassLoader - Seeing class for first time: net.bytebuddy.dynamic.DynamicType$Builder$TypeVariableDefinition
2024-11-12 13:41:16,093 INFO  EvoClassLoader - Instrumenting class 'net.bytebuddy.dynamic.DynamicType$Builder$TypeVariableDefinition'.
2024-11-12 13:41:16,094 INFO  EvoClassLoader - Keeping class: net.bytebuddy.dynamic.DynamicType$Builder$TypeVariableDefinition
2024-11-12 13:41:16,094 INFO  EvoClassLoader - Seeing class for first time: net.bytebuddy.dynamic.DynamicType$Builder$MethodDefinition$ImplementationDefinition$Optional
2024-11-12 13:41:16,094 INFO  EvoClassLoader - Instrumenting class 'net.bytebuddy.dynamic.DynamicType$Builder$MethodDefinition$ImplementationDefinition$Optional'.
2024-11-12 13:41:16,094 INFO  EvoClassLoader - Keeping class: net.bytebuddy.dynamic.DynamicType$Builder$MethodDefinition$ImplementationDefinition$Optional
2024-11-12 13:41:16,094 INFO  EvoClassLoader - Seeing class for first time: net.bytebuddy.dynamic.DynamicType$Builder$AbstractBase$Adapter
2024-11-12 13:41:16,094 INFO  EvoClassLoader - Instrumenting class 'net.bytebuddy.dynamic.DynamicType$Builder$AbstractBase$Adapter'.
2024-11-12 13:41:16,095 INFO  MethodCallReplacementClassAdapter - Adding mock interface to class net/bytebuddy/dynamic/DynamicType$Builder$AbstractBase$Adapter
2024-11-12 13:41:16,096 INFO  CreateClassResetClassAdapter - Creating brand-new static initializer in class net/bytebuddy/dynamic/DynamicType$Builder$AbstractBase$Adapter
2024-11-12 13:41:16,097 INFO  EvoClassLoader - Keeping class: net.bytebuddy.dynamic.DynamicType$Builder$AbstractBase$Adapter
2024-11-12 13:41:16,097 INFO  EvoClassLoader - Seeing class for first time: net.bytebuddy.dynamic.DynamicType$Builder$AbstractBase$Adapter$InnerTypeDefinitionForTypeAdapter
2024-11-12 13:41:16,097 INFO  EvoClassLoader - Instrumenting class 'net.bytebuddy.dynamic.DynamicType$Builder$AbstractBase$Adapter$InnerTypeDefinitionForTypeAdapter'.
2024-11-12 13:41:16,097 INFO  MethodCallReplacementClassAdapter - Adding mock interface to class net/bytebuddy/dynamic/DynamicType$Builder$AbstractBase$Adapter$InnerTypeDefinitionForTypeAdapter
2024-11-12 13:41:16,098 INFO  CreateClassResetClassAdapter - Creating brand-new static initializer in class net/bytebuddy/dynamic/DynamicType$Builder$AbstractBase$Adapter$InnerTypeDefinitionForTypeAdapter
2024-11-12 13:41:16,098 INFO  EvoClassLoader - Seeing class for first time: net.bytebuddy.dynamic.DynamicType$Builder$AbstractBase$Delegator
2024-11-12 13:41:16,098 INFO  EvoClassLoader - Instrumenting class 'net.bytebuddy.dynamic.DynamicType$Builder$AbstractBase$Delegator'.
2024-11-12 13:41:16,098 INFO  MethodCallReplacementClassAdapter - Adding mock interface to class net/bytebuddy/dynamic/DynamicType$Builder$AbstractBase$Delegator
2024-11-12 13:41:16,098 INFO  CreateClassResetClassAdapter - Creating brand-new static initializer in class net/bytebuddy/dynamic/DynamicType$Builder$AbstractBase$Delegator
2024-11-12 13:41:16,099 INFO  EvoClassLoader - Keeping class: net.bytebuddy.dynamic.DynamicType$Builder$AbstractBase$Delegator
2024-11-12 13:41:16,099 INFO  EvoClassLoader - Keeping class: net.bytebuddy.dynamic.DynamicType$Builder$AbstractBase$Adapter$InnerTypeDefinitionForTypeAdapter
2024-11-12 13:41:16,099 INFO  EvoClassLoader - Seeing class for first time: net.bytebuddy.dynamic.DynamicType$Builder$AbstractBase$Adapter$InnerTypeDefinitionForMethodAdapter
2024-11-12 13:41:16,099 INFO  EvoClassLoader - Instrumenting class 'net.bytebuddy.dynamic.DynamicType$Builder$AbstractBase$Adapter$InnerTypeDefinitionForMethodAdapter'.
2024-11-12 13:41:16,099 INFO  MethodCallReplacementClassAdapter - Adding mock interface to class net/bytebuddy/dynamic/DynamicType$Builder$AbstractBase$Adapter$InnerTypeDefinitionForMethodAdapter
2024-11-12 13:41:16,099 INFO  CreateClassResetClassAdapter - Creating brand-new static initializer in class net/bytebuddy/dynamic/DynamicType$Builder$AbstractBase$Adapter$InnerTypeDefinitionForMethodAdapter
2024-11-12 13:41:16,100 INFO  EvoClassLoader - Keeping class: net.bytebuddy.dynamic.DynamicType$Builder$AbstractBase$Adapter$InnerTypeDefinitionForMethodAdapter
2024-11-12 13:41:16,100 INFO  EvoClassLoader - Seeing class for first time: net.bytebuddy.implementation.attribute.TypeAttributeAppender
2024-11-12 13:41:16,100 INFO  EvoClassLoader - Instrumenting class 'net.bytebuddy.implementation.attribute.TypeAttributeAppender'.
2024-11-12 13:41:16,100 INFO  EvoClassLoader - Keeping class: net.bytebuddy.implementation.attribute.TypeAttributeAppender
2024-11-12 13:41:16,100 INFO  EvoClassLoader - Seeing class for first time: net.bytebuddy.asm.AsmVisitorWrapper
2024-11-12 13:41:16,100 INFO  EvoClassLoader - Instrumenting class 'net.bytebuddy.asm.AsmVisitorWrapper'.
2024-11-12 13:41:16,100 INFO  EvoClassLoader - Defined package (3): package net.bytebuddy.asm, 1442437306
2024-11-12 13:41:16,101 INFO  EvoClassLoader - Keeping class: net.bytebuddy.asm.AsmVisitorWrapper
2024-11-12 13:41:16,101 INFO  EvoClassLoader - Seeing class for first time: net.bytebuddy.dynamic.scaffold.FieldRegistry
2024-11-12 13:41:16,101 INFO  EvoClassLoader - Instrumenting class 'net.bytebuddy.dynamic.scaffold.FieldRegistry'.
2024-11-12 13:41:16,101 INFO  EvoClassLoader - Keeping class: net.bytebuddy.dynamic.scaffold.FieldRegistry
2024-11-12 13:41:16,101 INFO  EvoClassLoader - Seeing class for first time: net.bytebuddy.dynamic.Transformer
2024-11-12 13:41:16,101 INFO  EvoClassLoader - Instrumenting class 'net.bytebuddy.dynamic.Transformer'.
2024-11-12 13:41:16,101 INFO  EvoClassLoader - Keeping class: net.bytebuddy.dynamic.Transformer
2024-11-12 13:41:16,101 INFO  EvoClassLoader - Seeing class for first time: net.bytebuddy.dynamic.scaffold.subclass.SubclassDynamicTypeBuilder
2024-11-12 13:41:16,101 INFO  EvoClassLoader - Instrumenting class 'net.bytebuddy.dynamic.scaffold.subclass.SubclassDynamicTypeBuilder'.
2024-11-12 13:41:16,101 INFO  MethodCallReplacementClassAdapter - Adding mock interface to class net/bytebuddy/dynamic/scaffold/subclass/SubclassDynamicTypeBuilder
2024-11-12 13:41:16,102 INFO  CreateClassResetClassAdapter - Creating brand-new static initializer in class net/bytebuddy/dynamic/scaffold/subclass/SubclassDynamicTypeBuilder
2024-11-12 13:41:16,102 INFO  EvoClassLoader - Keeping class: net.bytebuddy.dynamic.scaffold.subclass.SubclassDynamicTypeBuilder
2024-11-12 13:41:16,102 INFO  EvoClassLoader - Seeing class for first time: net.bytebuddy.implementation.Implementation$Target$Factory
2024-11-12 13:41:16,102 INFO  EvoClassLoader - Instrumenting class 'net.bytebuddy.implementation.Implementation$Target$Factory'.
2024-11-12 13:41:16,102 INFO  EvoClassLoader - Keeping class: net.bytebuddy.implementation.Implementation$Target$Factory
2024-11-12 13:41:16,102 INFO  EvoClassLoader - Seeing class for first time: net.bytebuddy.dynamic.scaffold.TypeWriter$FieldPool
2024-11-12 13:41:16,102 INFO  EvoClassLoader - Instrumenting class 'net.bytebuddy.dynamic.scaffold.TypeWriter$FieldPool'.
2024-11-12 13:41:16,102 INFO  EvoClassLoader - Keeping class: net.bytebuddy.dynamic.scaffold.TypeWriter$FieldPool
2024-11-12 13:41:16,103 INFO  EvoClassLoader - Seeing class for first time: net.bytebuddy.description.modifier.ModifierContributor$Resolver
2024-11-12 13:41:16,103 INFO  EvoClassLoader - Instrumenting class 'net.bytebuddy.description.modifier.ModifierContributor$Resolver'.
2024-11-12 13:41:16,103 INFO  MethodCallReplacementClassAdapter - Adding mock interface to class net/bytebuddy/description/modifier/ModifierContributor$Resolver
2024-11-12 13:41:16,103 INFO  CreateClassResetClassAdapter - Creating brand-new static initializer in class net/bytebuddy/description/modifier/ModifierContributor$Resolver
2024-11-12 13:41:16,103 INFO  EvoClassLoader - Keeping class: net.bytebuddy.description.modifier.ModifierContributor$Resolver
2024-11-12 13:41:16,103 INFO  EvoClassLoader - Seeing class for first time: net.bytebuddy.dynamic.scaffold.InstrumentedType$Default
2024-11-12 13:41:16,103 INFO  EvoClassLoader - Instrumenting class 'net.bytebuddy.dynamic.scaffold.InstrumentedType$Default'.
2024-11-12 13:41:16,104 INFO  MethodCallReplacementClassAdapter - Adding mock interface to class net/bytebuddy/dynamic/scaffold/InstrumentedType$Default
2024-11-12 13:41:16,106 INFO  CreateClassResetClassAdapter - Found static initializer in class net/bytebuddy/dynamic/scaffold/InstrumentedType$Default
2024-11-12 13:41:16,107 INFO  EvoClassLoader - Keeping class: net.bytebuddy.dynamic.scaffold.InstrumentedType$Default
2024-11-12 13:41:16,107 INFO  EvoClassLoader - Seeing class for first time: net.bytebuddy.dynamic.scaffold.InstrumentedType$Frozen
2024-11-12 13:41:16,107 INFO  EvoClassLoader - Instrumenting class 'net.bytebuddy.dynamic.scaffold.InstrumentedType$Frozen'.
2024-11-12 13:41:16,107 INFO  MethodCallReplacementClassAdapter - Adding mock interface to class net/bytebuddy/dynamic/scaffold/InstrumentedType$Frozen
2024-11-12 13:41:16,108 INFO  CreateClassResetClassAdapter - Creating brand-new static initializer in class net/bytebuddy/dynamic/scaffold/InstrumentedType$Frozen
2024-11-12 13:41:16,108 INFO  EvoClassLoader - Keeping class: net.bytebuddy.dynamic.scaffold.InstrumentedType$Frozen
2024-11-12 13:41:16,109 INFO  EvoClassLoader - Seeing class for first time: net.bytebuddy.description.type.TypeList$Explicit
2024-11-12 13:41:16,109 INFO  EvoClassLoader - Instrumenting class 'net.bytebuddy.description.type.TypeList$Explicit'.
2024-11-12 13:41:16,109 INFO  MethodCallReplacementClassAdapter - Adding mock interface to class net/bytebuddy/description/type/TypeList$Explicit
2024-11-12 13:41:16,109 INFO  CreateClassResetClassAdapter - Creating brand-new static initializer in class net/bytebuddy/description/type/TypeList$Explicit
2024-11-12 13:41:16,109 INFO  EvoClassLoader - Seeing class for first time: net.bytebuddy.description.type.TypeList$AbstractBase
2024-11-12 13:41:16,109 INFO  EvoClassLoader - Instrumenting class 'net.bytebuddy.description.type.TypeList$AbstractBase'.
2024-11-12 13:41:16,109 INFO  MethodCallReplacementClassAdapter - Adding mock interface to class net/bytebuddy/description/type/TypeList$AbstractBase
2024-11-12 13:41:16,109 INFO  CreateClassResetClassAdapter - Creating brand-new static initializer in class net/bytebuddy/description/type/TypeList$AbstractBase
2024-11-12 13:41:16,110 INFO  EvoClassLoader - Keeping class: net.bytebuddy.description.type.TypeList$AbstractBase
2024-11-12 13:41:16,110 INFO  EvoClassLoader - Keeping class: net.bytebuddy.description.type.TypeList$Explicit
2024-11-12 13:41:16,110 INFO  EvoClassLoader - Seeing class for first time: net.bytebuddy.description.field.FieldDescription$Token
2024-11-12 13:41:16,110 INFO  EvoClassLoader - Instrumenting class 'net.bytebuddy.description.field.FieldDescription$Token'.
2024-11-12 13:41:16,110 INFO  MethodCallReplacementClassAdapter - Adding mock interface to class net/bytebuddy/description/field/FieldDescription$Token
2024-11-12 13:41:16,110 INFO  CreateClassResetClassAdapter - Creating brand-new static initializer in class net/bytebuddy/description/field/FieldDescription$Token
2024-11-12 13:41:16,110 INFO  EvoClassLoader - Keeping class: net.bytebuddy.description.field.FieldDescription$Token
2024-11-12 13:41:16,110 INFO  EvoClassLoader - Seeing class for first time: net.bytebuddy.description.type.TypeVariableToken
2024-11-12 13:41:16,110 INFO  EvoClassLoader - Instrumenting class 'net.bytebuddy.description.type.TypeVariableToken'.
2024-11-12 13:41:16,111 INFO  MethodCallReplacementClassAdapter - Adding mock interface to class net/bytebuddy/description/type/TypeVariableToken
2024-11-12 13:41:16,111 INFO  CreateClassResetClassAdapter - Creating brand-new static initializer in class net/bytebuddy/description/type/TypeVariableToken
2024-11-12 13:41:16,111 INFO  EvoClassLoader - Keeping class: net.bytebuddy.description.type.TypeVariableToken
2024-11-12 13:41:16,111 INFO  EvoClassLoader - Seeing class for first time: net.bytebuddy.dynamic.scaffold.TypeInitializer$None
2024-11-12 13:41:16,111 INFO  EvoClassLoader - Instrumenting class 'net.bytebuddy.dynamic.scaffold.TypeInitializer$None'.
2024-11-12 13:41:16,111 INFO  MethodCallReplacementClassAdapter - Adding mock interface to class net/bytebuddy/dynamic/scaffold/TypeInitializer$None
2024-11-12 13:41:16,111 INFO  CreateClassResetClassAdapter - Found static initializer in class net/bytebuddy/dynamic/scaffold/TypeInitializer$None
2024-11-12 13:41:16,111 INFO  EvoClassLoader - Keeping class: net.bytebuddy.dynamic.scaffold.TypeInitializer$None
2024-11-12 13:41:16,111 INFO  EvoClassLoader - Seeing class for first time: net.bytebuddy.dynamic.scaffold.TypeInitializer$Simple
2024-11-12 13:41:16,111 INFO  EvoClassLoader - Instrumenting class 'net.bytebuddy.dynamic.scaffold.TypeInitializer$Simple'.
2024-11-12 13:41:16,112 INFO  MethodCallReplacementClassAdapter - Adding mock interface to class net/bytebuddy/dynamic/scaffold/TypeInitializer$Simple
2024-11-12 13:41:16,112 INFO  CreateClassResetClassAdapter - Creating brand-new static initializer in class net/bytebuddy/dynamic/scaffold/TypeInitializer$Simple
2024-11-12 13:41:16,112 INFO  EvoClassLoader - Keeping class: net.bytebuddy.dynamic.scaffold.TypeInitializer$Simple
2024-11-12 13:41:16,112 INFO  EvoClassLoader - Seeing class for first time: net.bytebuddy.jar.asm.MethodVisitor
2024-11-12 13:41:16,112 INFO  EvoClassLoader - Instrumenting class 'net.bytebuddy.jar.asm.MethodVisitor'.
2024-11-12 13:41:16,112 INFO  MethodCallReplacementClassAdapter - Adding mock interface to class net/bytebuddy/jar/asm/MethodVisitor
2024-11-12 13:41:16,113 INFO  CreateClassResetClassAdapter - Creating brand-new static initializer in class net/bytebuddy/jar/asm/MethodVisitor
2024-11-12 13:41:16,113 INFO  CreateClassResetClassAdapter - Adding bytecode for initializing field REQUIRES_ASM5
2024-11-12 13:41:16,113 INFO  EvoClassLoader - Keeping class: net.bytebuddy.jar.asm.MethodVisitor
2024-11-12 13:41:16,114 INFO  EvoClassLoader - Seeing class for first time: net.bytebuddy.implementation.bytecode.ByteCodeAppender$Size
2024-11-12 13:41:16,114 INFO  EvoClassLoader - Instrumenting class 'net.bytebuddy.implementation.bytecode.ByteCodeAppender$Size'.
2024-11-12 13:41:16,114 INFO  MethodCallReplacementClassAdapter - Adding mock interface to class net/bytebuddy/implementation/bytecode/ByteCodeAppender$Size
2024-11-12 13:41:16,114 INFO  CreateClassResetClassAdapter - Creating brand-new static initializer in class net/bytebuddy/implementation/bytecode/ByteCodeAppender$Size
2024-11-12 13:41:16,114 INFO  EvoClassLoader - Keeping class: net.bytebuddy.implementation.bytecode.ByteCodeAppender$Size
2024-11-12 13:41:16,114 INFO  EvoClassLoader - Seeing class for first time: net.bytebuddy.dynamic.scaffold.TypeWriter$MethodPool$Record
2024-11-12 13:41:16,114 INFO  EvoClassLoader - Instrumenting class 'net.bytebuddy.dynamic.scaffold.TypeWriter$MethodPool$Record'.
2024-11-12 13:41:16,114 INFO  EvoClassLoader - Keeping class: net.bytebuddy.dynamic.scaffold.TypeWriter$MethodPool$Record
2024-11-12 13:41:16,114 INFO  EvoClassLoader - Seeing class for first time: net.bytebuddy.implementation.LoadedTypeInitializer$NoOp
2024-11-12 13:41:16,114 INFO  EvoClassLoader - Instrumenting class 'net.bytebuddy.implementation.LoadedTypeInitializer$NoOp'.
2024-11-12 13:41:16,114 INFO  MethodCallReplacementClassAdapter - Adding mock interface to class net/bytebuddy/implementation/LoadedTypeInitializer$NoOp
2024-11-12 13:41:16,114 INFO  CreateClassResetClassAdapter - Found static initializer in class net/bytebuddy/implementation/LoadedTypeInitializer$NoOp
2024-11-12 13:41:16,115 INFO  EvoClassLoader - Keeping class: net.bytebuddy.implementation.LoadedTypeInitializer$NoOp
2024-11-12 13:41:16,115 INFO  EvoClassLoader - Seeing class for first time: net.bytebuddy.implementation.LoadedTypeInitializer$Compound
2024-11-12 13:41:16,115 INFO  EvoClassLoader - Instrumenting class 'net.bytebuddy.implementation.LoadedTypeInitializer$Compound'.
2024-11-12 13:41:16,115 INFO  MethodCallReplacementClassAdapter - Adding mock interface to class net/bytebuddy/implementation/LoadedTypeInitializer$Compound
2024-11-12 13:41:16,115 INFO  CreateClassResetClassAdapter - Creating brand-new static initializer in class net/bytebuddy/implementation/LoadedTypeInitializer$Compound
2024-11-12 13:41:16,115 INFO  EvoClassLoader - Keeping class: net.bytebuddy.implementation.LoadedTypeInitializer$Compound
2024-11-12 13:41:16,115 INFO  EvoClassLoader - Seeing class for first time: net.bytebuddy.implementation.LoadedTypeInitializer$ForStaticField
2024-11-12 13:41:16,115 INFO  EvoClassLoader - Instrumenting class 'net.bytebuddy.implementation.LoadedTypeInitializer$ForStaticField'.
2024-11-12 13:41:16,115 INFO  MethodCallReplacementClassAdapter - Adding mock interface to class net/bytebuddy/implementation/LoadedTypeInitializer$ForStaticField
2024-11-12 13:41:16,116 INFO  CreateClassResetClassAdapter - Found static initializer in class net/bytebuddy/implementation/LoadedTypeInitializer$ForStaticField
2024-11-12 13:41:16,116 INFO  EvoClassLoader - Keeping class: net.bytebuddy.implementation.LoadedTypeInitializer$ForStaticField
2024-11-12 13:41:16,116 INFO  EvoClassLoader - Seeing class for first time: net.bytebuddy.description.type.TypeDescription$Generic$OfGenericArray$Latent
2024-11-12 13:41:16,116 INFO  EvoClassLoader - Instrumenting class 'net.bytebuddy.description.type.TypeDescription$Generic$OfGenericArray$Latent'.
2024-11-12 13:41:16,116 INFO  MethodCallReplacementClassAdapter - Adding mock interface to class net/bytebuddy/description/type/TypeDescription$Generic$OfGenericArray$Latent
2024-11-12 13:41:16,117 INFO  CreateClassResetClassAdapter - Creating brand-new static initializer in class net/bytebuddy/description/type/TypeDescription$Generic$OfGenericArray$Latent
2024-11-12 13:41:16,117 INFO  EvoClassLoader - Keeping class: net.bytebuddy.description.type.TypeDescription$Generic$OfGenericArray$Latent
2024-11-12 13:41:16,117 INFO  EvoClassLoader - Seeing class for first time: net.bytebuddy.description.type.TypeDescription$Generic$Visitor$Substitutor$ForDetachment
2024-11-12 13:41:16,117 INFO  EvoClassLoader - Instrumenting class 'net.bytebuddy.description.type.TypeDescription$Generic$Visitor$Substitutor$ForDetachment'.
2024-11-12 13:41:16,117 INFO  MethodCallReplacementClassAdapter - Adding mock interface to class net/bytebuddy/description/type/TypeDescription$Generic$Visitor$Substitutor$ForDetachment
2024-11-12 13:41:16,117 INFO  CreateClassResetClassAdapter - Creating brand-new static initializer in class net/bytebuddy/description/type/TypeDescription$Generic$Visitor$Substitutor$ForDetachment
2024-11-12 13:41:16,117 INFO  EvoClassLoader - Keeping class: net.bytebuddy.description.type.TypeDescription$Generic$Visitor$Substitutor$ForDetachment
2024-11-12 13:41:16,117 INFO  EvoClassLoader - Seeing class for first time: net.bytebuddy.description.type.TypeDescription$Generic$Visitor$Substitutor$ForTokenNormalization
2024-11-12 13:41:16,117 INFO  EvoClassLoader - Instrumenting class 'net.bytebuddy.description.type.TypeDescription$Generic$Visitor$Substitutor$ForTokenNormalization'.
2024-11-12 13:41:16,118 INFO  MethodCallReplacementClassAdapter - Adding mock interface to class net/bytebuddy/description/type/TypeDescription$Generic$Visitor$Substitutor$ForTokenNormalization
2024-11-12 13:41:16,118 INFO  CreateClassResetClassAdapter - Creating brand-new static initializer in class net/bytebuddy/description/type/TypeDescription$Generic$Visitor$Substitutor$ForTokenNormalization
2024-11-12 13:41:16,118 INFO  EvoClassLoader - Keeping class: net.bytebuddy.description.type.TypeDescription$Generic$Visitor$Substitutor$ForTokenNormalization
2024-11-12 13:41:16,118 INFO  EvoClassLoader - Seeing class for first time: net.bytebuddy.description.type.TypeDescription$Generic$Visitor$Substitutor$ForTypeVariableBinding
2024-11-12 13:41:16,118 INFO  EvoClassLoader - Instrumenting class 'net.bytebuddy.description.type.TypeDescription$Generic$Visitor$Substitutor$ForTypeVariableBinding'.
2024-11-12 13:41:16,118 INFO  MethodCallReplacementClassAdapter - Adding mock interface to class net/bytebuddy/description/type/TypeDescription$Generic$Visitor$Substitutor$ForTypeVariableBinding
2024-11-12 13:41:16,118 INFO  CreateClassResetClassAdapter - Creating brand-new static initializer in class net/bytebuddy/description/type/TypeDescription$Generic$Visitor$Substitutor$ForTypeVariableBinding
2024-11-12 13:41:16,118 INFO  EvoClassLoader - Seeing class for first time: net.bytebuddy.description.type.TypeDescription$Generic$Visitor$Substitutor$WithoutTypeSubstitution
2024-11-12 13:41:16,119 INFO  EvoClassLoader - Instrumenting class 'net.bytebuddy.description.type.TypeDescription$Generic$Visitor$Substitutor$WithoutTypeSubstitution'.
2024-11-12 13:41:16,119 INFO  MethodCallReplacementClassAdapter - Adding mock interface to class net/bytebuddy/description/type/TypeDescription$Generic$Visitor$Substitutor$WithoutTypeSubstitution
2024-11-12 13:41:16,119 INFO  CreateClassResetClassAdapter - Creating brand-new static initializer in class net/bytebuddy/description/type/TypeDescription$Generic$Visitor$Substitutor$WithoutTypeSubstitution
2024-11-12 13:41:16,119 INFO  EvoClassLoader - Keeping class: net.bytebuddy.description.type.TypeDescription$Generic$Visitor$Substitutor$WithoutTypeSubstitution
2024-11-12 13:41:16,119 INFO  EvoClassLoader - Keeping class: net.bytebuddy.description.type.TypeDescription$Generic$Visitor$Substitutor$ForTypeVariableBinding
2024-11-12 13:41:16,119 INFO  EvoClassLoader - Seeing class for first time: net.bytebuddy.dynamic.scaffold.FieldRegistry$Default
2024-11-12 13:41:16,119 INFO  EvoClassLoader - Instrumenting class 'net.bytebuddy.dynamic.scaffold.FieldRegistry$Default'.
2024-11-12 13:41:16,119 INFO  MethodCallReplacementClassAdapter - Adding mock interface to class net/bytebuddy/dynamic/scaffold/FieldRegistry$Default
2024-11-12 13:41:16,119 INFO  CreateClassResetClassAdapter - Creating brand-new static initializer in class net/bytebuddy/dynamic/scaffold/FieldRegistry$Default
2024-11-12 13:41:16,120 INFO  EvoClassLoader - Keeping class: net.bytebuddy.dynamic.scaffold.FieldRegistry$Default
2024-11-12 13:41:16,120 INFO  EvoClassLoader - Seeing class for first time: net.bytebuddy.dynamic.scaffold.FieldRegistry$Compiled
2024-11-12 13:41:16,120 INFO  EvoClassLoader - Instrumenting class 'net.bytebuddy.dynamic.scaffold.FieldRegistry$Compiled'.
2024-11-12 13:41:16,120 INFO  EvoClassLoader - Keeping class: net.bytebuddy.dynamic.scaffold.FieldRegistry$Compiled
2024-11-12 13:41:16,120 INFO  EvoClassLoader - Seeing class for first time: net.bytebuddy.implementation.attribute.FieldAttributeAppender$Factory
2024-11-12 13:41:16,120 INFO  EvoClassLoader - Instrumenting class 'net.bytebuddy.implementation.attribute.FieldAttributeAppender$Factory'.
2024-11-12 13:41:16,120 INFO  EvoClassLoader - Keeping class: net.bytebuddy.implementation.attribute.FieldAttributeAppender$Factory
2024-11-12 13:41:16,120 INFO  EvoClassLoader - Seeing class for first time: net.bytebuddy.dynamic.scaffold.MethodRegistry$Default
2024-11-12 13:41:16,120 INFO  EvoClassLoader - Instrumenting class 'net.bytebuddy.dynamic.scaffold.MethodRegistry$Default'.
2024-11-12 13:41:16,121 INFO  MethodCallReplacementClassAdapter - Adding mock interface to class net/bytebuddy/dynamic/scaffold/MethodRegistry$Default
2024-11-12 13:41:16,121 INFO  CreateClassResetClassAdapter - Creating brand-new static initializer in class net/bytebuddy/dynamic/scaffold/MethodRegistry$Default
2024-11-12 13:41:16,121 INFO  EvoClassLoader - Keeping class: net.bytebuddy.dynamic.scaffold.MethodRegistry$Default
2024-11-12 13:41:16,121 INFO  EvoClassLoader - Seeing class for first time: net.bytebuddy.dynamic.scaffold.MethodRegistry$Prepared
2024-11-12 13:41:16,122 INFO  EvoClassLoader - Instrumenting class 'net.bytebuddy.dynamic.scaffold.MethodRegistry$Prepared'.
2024-11-12 13:41:16,122 INFO  EvoClassLoader - Keeping class: net.bytebuddy.dynamic.scaffold.MethodRegistry$Prepared
2024-11-12 13:41:16,122 INFO  EvoClassLoader - Seeing class for first time: net.bytebuddy.implementation.attribute.TypeAttributeAppender$ForInstrumentedType
2024-11-12 13:41:16,122 INFO  EvoClassLoader - Instrumenting class 'net.bytebuddy.implementation.attribute.TypeAttributeAppender$ForInstrumentedType'.
2024-11-12 13:41:16,122 INFO  MethodCallReplacementClassAdapter - Adding mock interface to class net/bytebuddy/implementation/attribute/TypeAttributeAppender$ForInstrumentedType
2024-11-12 13:41:16,122 INFO  CreateClassResetClassAdapter - Found static initializer in class net/bytebuddy/implementation/attribute/TypeAttributeAppender$ForInstrumentedType
2024-11-12 13:41:16,123 INFO  EvoClassLoader - Keeping class: net.bytebuddy.implementation.attribute.TypeAttributeAppender$ForInstrumentedType
2024-11-12 13:41:16,123 INFO  EvoClassLoader - Seeing class for first time: net.bytebuddy.implementation.attribute.TypeAttributeAppender$Compound
2024-11-12 13:41:16,123 INFO  EvoClassLoader - Instrumenting class 'net.bytebuddy.implementation.attribute.TypeAttributeAppender$Compound'.
2024-11-12 13:41:16,123 INFO  MethodCallReplacementClassAdapter - Adding mock interface to class net/bytebuddy/implementation/attribute/TypeAttributeAppender$Compound
2024-11-12 13:41:16,123 INFO  CreateClassResetClassAdapter - Creating brand-new static initializer in class net/bytebuddy/implementation/attribute/TypeAttributeAppender$Compound
2024-11-12 13:41:16,123 INFO  EvoClassLoader - Keeping class: net.bytebuddy.implementation.attribute.TypeAttributeAppender$Compound
2024-11-12 13:41:16,123 INFO  EvoClassLoader - Seeing class for first time: net.bytebuddy.implementation.attribute.TypeAttributeAppender$Explicit
2024-11-12 13:41:16,123 INFO  EvoClassLoader - Instrumenting class 'net.bytebuddy.implementation.attribute.TypeAttributeAppender$Explicit'.
2024-11-12 13:41:16,123 INFO  MethodCallReplacementClassAdapter - Adding mock interface to class net/bytebuddy/implementation/attribute/TypeAttributeAppender$Explicit
2024-11-12 13:41:16,124 INFO  CreateClassResetClassAdapter - Creating brand-new static initializer in class net/bytebuddy/implementation/attribute/TypeAttributeAppender$Explicit
2024-11-12 13:41:16,124 INFO  EvoClassLoader - Keeping class: net.bytebuddy.implementation.attribute.TypeAttributeAppender$Explicit
2024-11-12 13:41:16,124 INFO  EvoClassLoader - Seeing class for first time: net.bytebuddy.implementation.attribute.AnnotationAppender$Target
2024-11-12 13:41:16,124 INFO  EvoClassLoader - Instrumenting class 'net.bytebuddy.implementation.attribute.AnnotationAppender$Target'.
2024-11-12 13:41:16,124 INFO  EvoClassLoader - Keeping class: net.bytebuddy.implementation.attribute.AnnotationAppender$Target
2024-11-12 13:41:16,124 INFO  EvoClassLoader - Seeing class for first time: net.bytebuddy.implementation.attribute.AnnotationAppender
2024-11-12 13:41:16,124 INFO  EvoClassLoader - Instrumenting class 'net.bytebuddy.implementation.attribute.AnnotationAppender'.
2024-11-12 13:41:16,125 INFO  EvoClassLoader - Keeping class: net.bytebuddy.implementation.attribute.AnnotationAppender
2024-11-12 13:41:16,125 INFO  EvoClassLoader - Seeing class for first time: net.bytebuddy.asm.AsmVisitorWrapper$NoOp
2024-11-12 13:41:16,125 INFO  EvoClassLoader - Instrumenting class 'net.bytebuddy.asm.AsmVisitorWrapper$NoOp'.
2024-11-12 13:41:16,125 INFO  MethodCallReplacementClassAdapter - Adding mock interface to class net/bytebuddy/asm/AsmVisitorWrapper$NoOp
2024-11-12 13:41:16,125 INFO  CreateClassResetClassAdapter - Found static initializer in class net/bytebuddy/asm/AsmVisitorWrapper$NoOp
2024-11-12 13:41:16,125 INFO  EvoClassLoader - Keeping class: net.bytebuddy.asm.AsmVisitorWrapper$NoOp
2024-11-12 13:41:16,125 INFO  EvoClassLoader - Seeing class for first time: net.bytebuddy.asm.AsmVisitorWrapper$Compound
2024-11-12 13:41:16,125 INFO  EvoClassLoader - Instrumenting class 'net.bytebuddy.asm.AsmVisitorWrapper$Compound'.
2024-11-12 13:41:16,125 INFO  MethodCallReplacementClassAdapter - Adding mock interface to class net/bytebuddy/asm/AsmVisitorWrapper$Compound
2024-11-12 13:41:16,125 INFO  CreateClassResetClassAdapter - Creating brand-new static initializer in class net/bytebuddy/asm/AsmVisitorWrapper$Compound
2024-11-12 13:41:16,125 INFO  EvoClassLoader - Keeping class: net.bytebuddy.asm.AsmVisitorWrapper$Compound
2024-11-12 13:41:16,125 INFO  EvoClassLoader - Seeing class for first time: net.bytebuddy.asm.AsmVisitorWrapper$ForDeclaredMethods
2024-11-12 13:41:16,125 INFO  EvoClassLoader - Instrumenting class 'net.bytebuddy.asm.AsmVisitorWrapper$ForDeclaredMethods'.
2024-11-12 13:41:16,126 INFO  MethodCallReplacementClassAdapter - Adding mock interface to class net/bytebuddy/asm/AsmVisitorWrapper$ForDeclaredMethods
2024-11-12 13:41:16,126 INFO  CreateClassResetClassAdapter - Creating brand-new static initializer in class net/bytebuddy/asm/AsmVisitorWrapper$ForDeclaredMethods
2024-11-12 13:41:16,126 INFO  EvoClassLoader - Keeping class: net.bytebuddy.asm.AsmVisitorWrapper$ForDeclaredMethods
2024-11-12 13:41:16,126 INFO  EvoClassLoader - Seeing class for first time: net.bytebuddy.asm.AsmVisitorWrapper$ForDeclaredFields
2024-11-12 13:41:16,126 INFO  EvoClassLoader - Instrumenting class 'net.bytebuddy.asm.AsmVisitorWrapper$ForDeclaredFields'.
2024-11-12 13:41:16,126 INFO  MethodCallReplacementClassAdapter - Adding mock interface to class net/bytebuddy/asm/AsmVisitorWrapper$ForDeclaredFields
2024-11-12 13:41:16,126 INFO  CreateClassResetClassAdapter - Creating brand-new static initializer in class net/bytebuddy/asm/AsmVisitorWrapper$ForDeclaredFields
2024-11-12 13:41:16,126 INFO  EvoClassLoader - Seeing class for first time: net.bytebuddy.asm.AsmVisitorWrapper$AbstractBase
2024-11-12 13:41:16,126 INFO  EvoClassLoader - Instrumenting class 'net.bytebuddy.asm.AsmVisitorWrapper$AbstractBase'.
2024-11-12 13:41:16,126 INFO  MethodCallReplacementClassAdapter - Adding mock interface to class net/bytebuddy/asm/AsmVisitorWrapper$AbstractBase
2024-11-12 13:41:16,126 INFO  CreateClassResetClassAdapter - Creating brand-new static initializer in class net/bytebuddy/asm/AsmVisitorWrapper$AbstractBase
2024-11-12 13:41:16,127 INFO  EvoClassLoader - Keeping class: net.bytebuddy.asm.AsmVisitorWrapper$AbstractBase
2024-11-12 13:41:16,127 INFO  EvoClassLoader - Keeping class: net.bytebuddy.asm.AsmVisitorWrapper$ForDeclaredFields
2024-11-12 13:41:16,127 INFO  EvoClassLoader - Seeing class for first time: net.bytebuddy.dynamic.DynamicType$Builder$AbstractBase$Adapter$OptionalMethodMatchAdapter
2024-11-12 13:41:16,127 INFO  EvoClassLoader - Instrumenting class 'net.bytebuddy.dynamic.DynamicType$Builder$AbstractBase$Adapter$OptionalMethodMatchAdapter'.
2024-11-12 13:41:16,127 INFO  MethodCallReplacementClassAdapter - Adding mock interface to class net/bytebuddy/dynamic/DynamicType$Builder$AbstractBase$Adapter$OptionalMethodMatchAdapter
2024-11-12 13:41:16,127 INFO  CreateClassResetClassAdapter - Creating brand-new static initializer in class net/bytebuddy/dynamic/DynamicType$Builder$AbstractBase$Adapter$OptionalMethodMatchAdapter
2024-11-12 13:41:16,127 INFO  EvoClassLoader - Keeping class: net.bytebuddy.dynamic.DynamicType$Builder$AbstractBase$Adapter$OptionalMethodMatchAdapter
2024-11-12 13:41:16,128 INFO  EvoClassLoader - Seeing class for first time: net.bytebuddy.matcher.MethodSortMatcher
2024-11-12 13:41:16,128 INFO  EvoClassLoader - Instrumenting class 'net.bytebuddy.matcher.MethodSortMatcher'.
2024-11-12 13:41:16,128 INFO  MethodCallReplacementClassAdapter - Adding mock interface to class net/bytebuddy/matcher/MethodSortMatcher
2024-11-12 13:41:16,128 INFO  CreateClassResetClassAdapter - Creating brand-new static initializer in class net/bytebuddy/matcher/MethodSortMatcher
2024-11-12 13:41:16,128 INFO  EvoClassLoader - Keeping class: net.bytebuddy.matcher.MethodSortMatcher
2024-11-12 13:41:16,128 INFO  EvoClassLoader - Seeing class for first time: net.bytebuddy.matcher.MethodSortMatcher$Sort
2024-11-12 13:41:16,128 INFO  EvoClassLoader - Instrumenting class 'net.bytebuddy.matcher.MethodSortMatcher$Sort'.
2024-11-12 13:41:16,128 INFO  MethodCallReplacementClassAdapter - Adding mock interface to class net/bytebuddy/matcher/MethodSortMatcher$Sort
2024-11-12 13:41:16,128 INFO  CreateClassResetClassAdapter - Found static initializer in class net/bytebuddy/matcher/MethodSortMatcher$Sort
2024-11-12 13:41:16,128 INFO  EvoClassLoader - Keeping class: net.bytebuddy.matcher.MethodSortMatcher$Sort
2024-11-12 13:41:16,128 INFO  EvoClassLoader - Seeing class for first time: net.bytebuddy.matcher.MethodSortMatcher$Sort$1
2024-11-12 13:41:16,128 INFO  EvoClassLoader - Instrumenting class 'net.bytebuddy.matcher.MethodSortMatcher$Sort$1'.
2024-11-12 13:41:16,128 INFO  MethodCallReplacementClassAdapter - Adding mock interface to class net/bytebuddy/matcher/MethodSortMatcher$Sort$1
2024-11-12 13:41:16,128 INFO  EvoClassLoader - Keeping class: net.bytebuddy.matcher.MethodSortMatcher$Sort$1
2024-11-12 13:41:16,128 INFO  EvoClassLoader - Seeing class for first time: net.bytebuddy.matcher.MethodSortMatcher$Sort$2
2024-11-12 13:41:16,128 INFO  EvoClassLoader - Instrumenting class 'net.bytebuddy.matcher.MethodSortMatcher$Sort$2'.
2024-11-12 13:41:16,129 INFO  MethodCallReplacementClassAdapter - Adding mock interface to class net/bytebuddy/matcher/MethodSortMatcher$Sort$2
2024-11-12 13:41:16,129 INFO  EvoClassLoader - Keeping class: net.bytebuddy.matcher.MethodSortMatcher$Sort$2
2024-11-12 13:41:16,129 INFO  EvoClassLoader - Seeing class for first time: net.bytebuddy.matcher.MethodSortMatcher$Sort$3
2024-11-12 13:41:16,129 INFO  EvoClassLoader - Instrumenting class 'net.bytebuddy.matcher.MethodSortMatcher$Sort$3'.
2024-11-12 13:41:16,129 INFO  MethodCallReplacementClassAdapter - Adding mock interface to class net/bytebuddy/matcher/MethodSortMatcher$Sort$3
2024-11-12 13:41:16,129 INFO  EvoClassLoader - Keeping class: net.bytebuddy.matcher.MethodSortMatcher$Sort$3
2024-11-12 13:41:16,129 INFO  EvoClassLoader - Seeing class for first time: net.bytebuddy.matcher.MethodSortMatcher$Sort$4
2024-11-12 13:41:16,129 INFO  EvoClassLoader - Instrumenting class 'net.bytebuddy.matcher.MethodSortMatcher$Sort$4'.
2024-11-12 13:41:16,129 INFO  MethodCallReplacementClassAdapter - Adding mock interface to class net/bytebuddy/matcher/MethodSortMatcher$Sort$4
2024-11-12 13:41:16,129 INFO  EvoClassLoader - Keeping class: net.bytebuddy.matcher.MethodSortMatcher$Sort$4
2024-11-12 13:41:16,129 INFO  EvoClassLoader - Seeing class for first time: net.bytebuddy.matcher.MethodSortMatcher$Sort$5
2024-11-12 13:41:16,129 INFO  EvoClassLoader - Instrumenting class 'net.bytebuddy.matcher.MethodSortMatcher$Sort$5'.
2024-11-12 13:41:16,130 INFO  MethodCallReplacementClassAdapter - Adding mock interface to class net/bytebuddy/matcher/MethodSortMatcher$Sort$5
2024-11-12 13:41:16,130 INFO  EvoClassLoader - Keeping class: net.bytebuddy.matcher.MethodSortMatcher$Sort$5
2024-11-12 13:41:16,130 INFO  EvoClassLoader - Seeing class for first time: net.bytebuddy.dynamic.DynamicType$Builder$MethodDefinition$ImplementationDefinition$AbstractBase
2024-11-12 13:41:16,130 INFO  EvoClassLoader - Instrumenting class 'net.bytebuddy.dynamic.DynamicType$Builder$MethodDefinition$ImplementationDefinition$AbstractBase'.
2024-11-12 13:41:16,130 INFO  MethodCallReplacementClassAdapter - Adding mock interface to class net/bytebuddy/dynamic/DynamicType$Builder$MethodDefinition$ImplementationDefinition$AbstractBase
2024-11-12 13:41:16,130 INFO  CreateClassResetClassAdapter - Creating brand-new static initializer in class net/bytebuddy/dynamic/DynamicType$Builder$MethodDefinition$ImplementationDefinition$AbstractBase
2024-11-12 13:41:16,131 INFO  EvoClassLoader - Keeping class: net.bytebuddy.dynamic.DynamicType$Builder$MethodDefinition$ImplementationDefinition$AbstractBase
2024-11-12 13:41:16,131 INFO  EvoClassLoader - Seeing class for first time: net.bytebuddy.dynamic.DynamicType$Builder$AbstractBase$Adapter$MethodMatchAdapter
2024-11-12 13:41:16,131 INFO  EvoClassLoader - Instrumenting class 'net.bytebuddy.dynamic.DynamicType$Builder$AbstractBase$Adapter$MethodMatchAdapter'.
2024-11-12 13:41:16,131 INFO  MethodCallReplacementClassAdapter - Adding mock interface to class net/bytebuddy/dynamic/DynamicType$Builder$AbstractBase$Adapter$MethodMatchAdapter
2024-11-12 13:41:16,131 INFO  CreateClassResetClassAdapter - Creating brand-new static initializer in class net/bytebuddy/dynamic/DynamicType$Builder$AbstractBase$Adapter$MethodMatchAdapter
2024-11-12 13:41:16,131 INFO  EvoClassLoader - Keeping class: net.bytebuddy.dynamic.DynamicType$Builder$AbstractBase$Adapter$MethodMatchAdapter
2024-11-12 13:41:16,132 INFO  EvoClassLoader - Seeing class for first time: net.bytebuddy.dynamic.scaffold.MethodRegistry$Handler$ForImplementation
2024-11-12 13:41:16,132 INFO  EvoClassLoader - Instrumenting class 'net.bytebuddy.dynamic.scaffold.MethodRegistry$Handler$ForImplementation'.
2024-11-12 13:41:16,132 INFO  MethodCallReplacementClassAdapter - Adding mock interface to class net/bytebuddy/dynamic/scaffold/MethodRegistry$Handler$ForImplementation
2024-11-12 13:41:16,132 INFO  CreateClassResetClassAdapter - Creating brand-new static initializer in class net/bytebuddy/dynamic/scaffold/MethodRegistry$Handler$ForImplementation
2024-11-12 13:41:16,132 INFO  EvoClassLoader - Keeping class: net.bytebuddy.dynamic.scaffold.MethodRegistry$Handler$ForImplementation
2024-11-12 13:41:16,132 INFO  EvoClassLoader - Seeing class for first time: net.bytebuddy.dynamic.scaffold.MethodRegistry$Handler$ForAnnotationValue
2024-11-12 13:41:16,132 INFO  EvoClassLoader - Instrumenting class 'net.bytebuddy.dynamic.scaffold.MethodRegistry$Handler$ForAnnotationValue'.
2024-11-12 13:41:16,132 INFO  MethodCallReplacementClassAdapter - Adding mock interface to class net/bytebuddy/dynamic/scaffold/MethodRegistry$Handler$ForAnnotationValue
2024-11-12 13:41:16,132 INFO  CreateClassResetClassAdapter - Creating brand-new static initializer in class net/bytebuddy/dynamic/scaffold/MethodRegistry$Handler$ForAnnotationValue
2024-11-12 13:41:16,132 INFO  EvoClassLoader - Seeing class for first time: net.bytebuddy.dynamic.scaffold.MethodRegistry$Handler$Compiled
2024-11-12 13:41:16,132 INFO  EvoClassLoader - Instrumenting class 'net.bytebuddy.dynamic.scaffold.MethodRegistry$Handler$Compiled'.
2024-11-12 13:41:16,132 INFO  EvoClassLoader - Keeping class: net.bytebuddy.dynamic.scaffold.MethodRegistry$Handler$Compiled
2024-11-12 13:41:16,132 INFO  EvoClassLoader - Keeping class: net.bytebuddy.dynamic.scaffold.MethodRegistry$Handler$ForAnnotationValue
2024-11-12 13:41:16,132 INFO  EvoClassLoader - Seeing class for first time: net.bytebuddy.dynamic.scaffold.MethodRegistry$Handler$ForImplementation$Compiled
2024-11-12 13:41:16,132 INFO  EvoClassLoader - Instrumenting class 'net.bytebuddy.dynamic.scaffold.MethodRegistry$Handler$ForImplementation$Compiled'.
2024-11-12 13:41:16,133 INFO  MethodCallReplacementClassAdapter - Adding mock interface to class net/bytebuddy/dynamic/scaffold/MethodRegistry$Handler$ForImplementation$Compiled
2024-11-12 13:41:16,133 INFO  CreateClassResetClassAdapter - Creating brand-new static initializer in class net/bytebuddy/dynamic/scaffold/MethodRegistry$Handler$ForImplementation$Compiled
2024-11-12 13:41:16,133 INFO  EvoClassLoader - Keeping class: net.bytebuddy.dynamic.scaffold.MethodRegistry$Handler$ForImplementation$Compiled
2024-11-12 13:41:16,133 INFO  EvoClassLoader - Seeing class for first time: net.bytebuddy.dynamic.DynamicType$Builder$MethodDefinition$AbstractBase
2024-11-12 13:41:16,133 INFO  EvoClassLoader - Instrumenting class 'net.bytebuddy.dynamic.DynamicType$Builder$MethodDefinition$AbstractBase'.
2024-11-12 13:41:16,133 INFO  MethodCallReplacementClassAdapter - Adding mock interface to class net/bytebuddy/dynamic/DynamicType$Builder$MethodDefinition$AbstractBase
2024-11-12 13:41:16,133 INFO  CreateClassResetClassAdapter - Creating brand-new static initializer in class net/bytebuddy/dynamic/DynamicType$Builder$MethodDefinition$AbstractBase
2024-11-12 13:41:16,134 INFO  EvoClassLoader - Keeping class: net.bytebuddy.dynamic.DynamicType$Builder$MethodDefinition$AbstractBase
2024-11-12 13:41:16,134 INFO  EvoClassLoader - Seeing class for first time: net.bytebuddy.dynamic.DynamicType$Builder$MethodDefinition$ReceiverTypeDefinition$AbstractBase
2024-11-12 13:41:16,134 INFO  EvoClassLoader - Instrumenting class 'net.bytebuddy.dynamic.DynamicType$Builder$MethodDefinition$ReceiverTypeDefinition$AbstractBase'.
2024-11-12 13:41:16,134 INFO  MethodCallReplacementClassAdapter - Adding mock interface to class net/bytebuddy/dynamic/DynamicType$Builder$MethodDefinition$ReceiverTypeDefinition$AbstractBase
2024-11-12 13:41:16,134 INFO  CreateClassResetClassAdapter - Creating brand-new static initializer in class net/bytebuddy/dynamic/DynamicType$Builder$MethodDefinition$ReceiverTypeDefinition$AbstractBase
2024-11-12 13:41:16,134 INFO  EvoClassLoader - Keeping class: net.bytebuddy.dynamic.DynamicType$Builder$MethodDefinition$ReceiverTypeDefinition$AbstractBase
2024-11-12 13:41:16,134 INFO  EvoClassLoader - Seeing class for first time: net.bytebuddy.dynamic.DynamicType$Builder$MethodDefinition$AbstractBase$Adapter
2024-11-12 13:41:16,134 INFO  EvoClassLoader - Instrumenting class 'net.bytebuddy.dynamic.DynamicType$Builder$MethodDefinition$AbstractBase$Adapter'.
2024-11-12 13:41:16,135 INFO  MethodCallReplacementClassAdapter - Adding mock interface to class net/bytebuddy/dynamic/DynamicType$Builder$MethodDefinition$AbstractBase$Adapter
2024-11-12 13:41:16,135 INFO  CreateClassResetClassAdapter - Creating brand-new static initializer in class net/bytebuddy/dynamic/DynamicType$Builder$MethodDefinition$AbstractBase$Adapter
2024-11-12 13:41:16,135 INFO  EvoClassLoader - Keeping class: net.bytebuddy.dynamic.DynamicType$Builder$MethodDefinition$AbstractBase$Adapter
2024-11-12 13:41:16,135 INFO  EvoClassLoader - Seeing class for first time: net.bytebuddy.dynamic.DynamicType$Builder$AbstractBase$Adapter$MethodMatchAdapter$AnnotationAdapter
2024-11-12 13:41:16,135 INFO  EvoClassLoader - Instrumenting class 'net.bytebuddy.dynamic.DynamicType$Builder$AbstractBase$Adapter$MethodMatchAdapter$AnnotationAdapter'.
2024-11-12 13:41:16,136 INFO  MethodCallReplacementClassAdapter - Adding mock interface to class net/bytebuddy/dynamic/DynamicType$Builder$AbstractBase$Adapter$MethodMatchAdapter$AnnotationAdapter
2024-11-12 13:41:16,136 INFO  CreateClassResetClassAdapter - Creating brand-new static initializer in class net/bytebuddy/dynamic/DynamicType$Builder$AbstractBase$Adapter$MethodMatchAdapter$AnnotationAdapter
2024-11-12 13:41:16,136 INFO  EvoClassLoader - Keeping class: net.bytebuddy.dynamic.DynamicType$Builder$AbstractBase$Adapter$MethodMatchAdapter$AnnotationAdapter
2024-11-12 13:41:16,136 INFO  EvoClassLoader - Seeing class for first time: net.bytebuddy.implementation.attribute.MethodAttributeAppender$Compound
2024-11-12 13:41:16,136 INFO  EvoClassLoader - Instrumenting class 'net.bytebuddy.implementation.attribute.MethodAttributeAppender$Compound'.
2024-11-12 13:41:16,136 INFO  MethodCallReplacementClassAdapter - Adding mock interface to class net/bytebuddy/implementation/attribute/MethodAttributeAppender$Compound
2024-11-12 13:41:16,136 INFO  CreateClassResetClassAdapter - Creating brand-new static initializer in class net/bytebuddy/implementation/attribute/MethodAttributeAppender$Compound
2024-11-12 13:41:16,137 INFO  EvoClassLoader - Keeping class: net.bytebuddy.implementation.attribute.MethodAttributeAppender$Compound
2024-11-12 13:41:16,137 INFO  EvoClassLoader - Seeing class for first time: net.bytebuddy.implementation.attribute.MethodAttributeAppender$ForReceiverType
2024-11-12 13:41:16,137 INFO  EvoClassLoader - Instrumenting class 'net.bytebuddy.implementation.attribute.MethodAttributeAppender$ForReceiverType'.
2024-11-12 13:41:16,137 INFO  MethodCallReplacementClassAdapter - Adding mock interface to class net/bytebuddy/implementation/attribute/MethodAttributeAppender$ForReceiverType
2024-11-12 13:41:16,137 INFO  CreateClassResetClassAdapter - Creating brand-new static initializer in class net/bytebuddy/implementation/attribute/MethodAttributeAppender$ForReceiverType
2024-11-12 13:41:16,137 INFO  EvoClassLoader - Keeping class: net.bytebuddy.implementation.attribute.MethodAttributeAppender$ForReceiverType
2024-11-12 13:41:16,137 INFO  EvoClassLoader - Seeing class for first time: net.bytebuddy.implementation.attribute.MethodAttributeAppender$Explicit
2024-11-12 13:41:16,137 INFO  EvoClassLoader - Instrumenting class 'net.bytebuddy.implementation.attribute.MethodAttributeAppender$Explicit'.
2024-11-12 13:41:16,137 INFO  MethodCallReplacementClassAdapter - Adding mock interface to class net/bytebuddy/implementation/attribute/MethodAttributeAppender$Explicit
2024-11-12 13:41:16,137 INFO  CreateClassResetClassAdapter - Creating brand-new static initializer in class net/bytebuddy/implementation/attribute/MethodAttributeAppender$Explicit
2024-11-12 13:41:16,137 INFO  EvoClassLoader - Keeping class: net.bytebuddy.implementation.attribute.MethodAttributeAppender$Explicit
2024-11-12 13:41:16,137 INFO  EvoClassLoader - Seeing class for first time: net.bytebuddy.dynamic.Transformer$NoOp
2024-11-12 13:41:16,137 INFO  EvoClassLoader - Instrumenting class 'net.bytebuddy.dynamic.Transformer$NoOp'.
2024-11-12 13:41:16,138 INFO  MethodCallReplacementClassAdapter - Adding mock interface to class net/bytebuddy/dynamic/Transformer$NoOp
2024-11-12 13:41:16,138 INFO  CreateClassResetClassAdapter - Found static initializer in class net/bytebuddy/dynamic/Transformer$NoOp
2024-11-12 13:41:16,138 INFO  EvoClassLoader - Keeping class: net.bytebuddy.dynamic.Transformer$NoOp
2024-11-12 13:41:16,138 INFO  EvoClassLoader - Seeing class for first time: net.bytebuddy.dynamic.Transformer$Compound
2024-11-12 13:41:16,138 INFO  EvoClassLoader - Instrumenting class 'net.bytebuddy.dynamic.Transformer$Compound'.
2024-11-12 13:41:16,138 INFO  MethodCallReplacementClassAdapter - Adding mock interface to class net/bytebuddy/dynamic/Transformer$Compound
2024-11-12 13:41:16,138 INFO  CreateClassResetClassAdapter - Creating brand-new static initializer in class net/bytebuddy/dynamic/Transformer$Compound
2024-11-12 13:41:16,138 INFO  EvoClassLoader - Keeping class: net.bytebuddy.dynamic.Transformer$Compound
2024-11-12 13:41:16,138 INFO  EvoClassLoader - Seeing class for first time: net.bytebuddy.dynamic.Transformer$ForMethod
2024-11-12 13:41:16,138 INFO  EvoClassLoader - Instrumenting class 'net.bytebuddy.dynamic.Transformer$ForMethod'.
2024-11-12 13:41:16,138 INFO  MethodCallReplacementClassAdapter - Adding mock interface to class net/bytebuddy/dynamic/Transformer$ForMethod
2024-11-12 13:41:16,138 INFO  CreateClassResetClassAdapter - Creating brand-new static initializer in class net/bytebuddy/dynamic/Transformer$ForMethod
2024-11-12 13:41:16,138 INFO  EvoClassLoader - Keeping class: net.bytebuddy.dynamic.Transformer$ForMethod
2024-11-12 13:41:16,138 INFO  EvoClassLoader - Seeing class for first time: net.bytebuddy.dynamic.Transformer$ForField
2024-11-12 13:41:16,138 INFO  EvoClassLoader - Instrumenting class 'net.bytebuddy.dynamic.Transformer$ForField'.
2024-11-12 13:41:16,138 INFO  MethodCallReplacementClassAdapter - Adding mock interface to class net/bytebuddy/dynamic/Transformer$ForField
2024-11-12 13:41:16,138 INFO  CreateClassResetClassAdapter - Creating brand-new static initializer in class net/bytebuddy/dynamic/Transformer$ForField
2024-11-12 13:41:16,139 INFO  EvoClassLoader - Keeping class: net.bytebuddy.dynamic.Transformer$ForField
2024-11-12 13:41:16,139 INFO  EvoClassLoader - Seeing class for first time: net.bytebuddy.dynamic.Transformer$ForMethod$MethodModifierTransformer
2024-11-12 13:41:16,139 INFO  EvoClassLoader - Instrumenting class 'net.bytebuddy.dynamic.Transformer$ForMethod$MethodModifierTransformer'.
2024-11-12 13:41:16,139 INFO  MethodCallReplacementClassAdapter - Adding mock interface to class net/bytebuddy/dynamic/Transformer$ForMethod$MethodModifierTransformer
2024-11-12 13:41:16,139 INFO  CreateClassResetClassAdapter - Creating brand-new static initializer in class net/bytebuddy/dynamic/Transformer$ForMethod$MethodModifierTransformer
2024-11-12 13:41:16,139 INFO  EvoClassLoader - Keeping class: net.bytebuddy.dynamic.Transformer$ForMethod$MethodModifierTransformer
2024-11-12 13:41:16,139 INFO  EvoClassLoader - Seeing class for first time: net.bytebuddy.dynamic.Transformer$ForMethod$TransformedMethod
2024-11-12 13:41:16,139 INFO  EvoClassLoader - Instrumenting class 'net.bytebuddy.dynamic.Transformer$ForMethod$TransformedMethod'.
2024-11-12 13:41:16,139 INFO  MethodCallReplacementClassAdapter - Adding mock interface to class net/bytebuddy/dynamic/Transformer$ForMethod$TransformedMethod
2024-11-12 13:41:16,139 INFO  CreateClassResetClassAdapter - Creating brand-new static initializer in class net/bytebuddy/dynamic/Transformer$ForMethod$TransformedMethod
2024-11-12 13:41:16,139 INFO  EvoClassLoader - Keeping class: net.bytebuddy.dynamic.Transformer$ForMethod$TransformedMethod
2024-11-12 13:41:16,140 INFO  EvoClassLoader - Seeing class for first time: net.bytebuddy.implementation.attribute.MethodAttributeAppender$ForInstrumentedMethod$1
2024-11-12 13:41:16,140 INFO  EvoClassLoader - Instrumenting class 'net.bytebuddy.implementation.attribute.MethodAttributeAppender$ForInstrumentedMethod$1'.
2024-11-12 13:41:16,140 INFO  MethodCallReplacementClassAdapter - Adding mock interface to class net/bytebuddy/implementation/attribute/MethodAttributeAppender$ForInstrumentedMethod$1
2024-11-12 13:41:16,140 INFO  EvoClassLoader - Keeping class: net.bytebuddy.implementation.attribute.MethodAttributeAppender$ForInstrumentedMethod$1
2024-11-12 13:41:16,140 INFO  EvoClassLoader - Seeing class for first time: net.bytebuddy.implementation.attribute.MethodAttributeAppender$ForInstrumentedMethod$2
2024-11-12 13:41:16,140 INFO  EvoClassLoader - Instrumenting class 'net.bytebuddy.implementation.attribute.MethodAttributeAppender$ForInstrumentedMethod$2'.
2024-11-12 13:41:16,140 INFO  MethodCallReplacementClassAdapter - Adding mock interface to class net/bytebuddy/implementation/attribute/MethodAttributeAppender$ForInstrumentedMethod$2
2024-11-12 13:41:16,140 INFO  EvoClassLoader - Keeping class: net.bytebuddy.implementation.attribute.MethodAttributeAppender$ForInstrumentedMethod$2
2024-11-12 13:41:16,140 INFO  EvoClassLoader - Seeing class for first time: net.bytebuddy.implementation.attribute.MethodAttributeAppender$Factory$Compound
2024-11-12 13:41:16,140 INFO  EvoClassLoader - Instrumenting class 'net.bytebuddy.implementation.attribute.MethodAttributeAppender$Factory$Compound'.
2024-11-12 13:41:16,140 INFO  MethodCallReplacementClassAdapter - Adding mock interface to class net/bytebuddy/implementation/attribute/MethodAttributeAppender$Factory$Compound
2024-11-12 13:41:16,140 INFO  CreateClassResetClassAdapter - Creating brand-new static initializer in class net/bytebuddy/implementation/attribute/MethodAttributeAppender$Factory$Compound
2024-11-12 13:41:16,140 INFO  EvoClassLoader - Keeping class: net.bytebuddy.implementation.attribute.MethodAttributeAppender$Factory$Compound
2024-11-12 13:41:16,140 INFO  EvoClassLoader - Seeing class for first time: net.bytebuddy.dynamic.scaffold.MethodRegistry$Default$Entry
2024-11-12 13:41:16,140 INFO  EvoClassLoader - Instrumenting class 'net.bytebuddy.dynamic.scaffold.MethodRegistry$Default$Entry'.
2024-11-12 13:41:16,141 INFO  MethodCallReplacementClassAdapter - Adding mock interface to class net/bytebuddy/dynamic/scaffold/MethodRegistry$Default$Entry
2024-11-12 13:41:16,141 INFO  CreateClassResetClassAdapter - Creating brand-new static initializer in class net/bytebuddy/dynamic/scaffold/MethodRegistry$Default$Entry
2024-11-12 13:41:16,141 INFO  EvoClassLoader - Keeping class: net.bytebuddy.dynamic.scaffold.MethodRegistry$Default$Entry
2024-11-12 13:41:16,141 INFO  EvoClassLoader - Seeing class for first time: net.bytebuddy.dynamic.scaffold.MethodRegistry$Default$Compiled
2024-11-12 13:41:16,141 INFO  EvoClassLoader - Instrumenting class 'net.bytebuddy.dynamic.scaffold.MethodRegistry$Default$Compiled'.
2024-11-12 13:41:16,141 INFO  MethodCallReplacementClassAdapter - Adding mock interface to class net/bytebuddy/dynamic/scaffold/MethodRegistry$Default$Compiled
2024-11-12 13:41:16,141 INFO  CreateClassResetClassAdapter - Creating brand-new static initializer in class net/bytebuddy/dynamic/scaffold/MethodRegistry$Default$Compiled
2024-11-12 13:41:16,141 INFO  EvoClassLoader - Seeing class for first time: net.bytebuddy.dynamic.scaffold.MethodRegistry$Compiled
2024-11-12 13:41:16,141 INFO  EvoClassLoader - Instrumenting class 'net.bytebuddy.dynamic.scaffold.MethodRegistry$Compiled'.
2024-11-12 13:41:16,141 INFO  EvoClassLoader - Seeing class for first time: net.bytebuddy.dynamic.scaffold.TypeWriter$MethodPool
2024-11-12 13:41:16,141 INFO  EvoClassLoader - Instrumenting class 'net.bytebuddy.dynamic.scaffold.TypeWriter$MethodPool'.
2024-11-12 13:41:16,141 INFO  EvoClassLoader - Keeping class: net.bytebuddy.dynamic.scaffold.TypeWriter$MethodPool
2024-11-12 13:41:16,141 INFO  EvoClassLoader - Keeping class: net.bytebuddy.dynamic.scaffold.MethodRegistry$Compiled
2024-11-12 13:41:16,141 INFO  EvoClassLoader - Keeping class: net.bytebuddy.dynamic.scaffold.MethodRegistry$Default$Compiled
2024-11-12 13:41:16,141 INFO  EvoClassLoader - Seeing class for first time: net.bytebuddy.dynamic.scaffold.MethodRegistry$Default$Prepared
2024-11-12 13:41:16,141 INFO  EvoClassLoader - Instrumenting class 'net.bytebuddy.dynamic.scaffold.MethodRegistry$Default$Prepared'.
2024-11-12 13:41:16,142 INFO  MethodCallReplacementClassAdapter - Adding mock interface to class net/bytebuddy/dynamic/scaffold/MethodRegistry$Default$Prepared
2024-11-12 13:41:16,142 INFO  CreateClassResetClassAdapter - Creating brand-new static initializer in class net/bytebuddy/dynamic/scaffold/MethodRegistry$Default$Prepared
2024-11-12 13:41:16,142 INFO  EvoClassLoader - Keeping class: net.bytebuddy.dynamic.scaffold.MethodRegistry$Default$Prepared
2024-11-12 13:41:16,142 INFO  EvoClassLoader - Seeing class for first time: net.bytebuddy.dynamic.scaffold.MethodRegistry$Default$Prepared$Entry
2024-11-12 13:41:16,142 INFO  EvoClassLoader - Instrumenting class 'net.bytebuddy.dynamic.scaffold.MethodRegistry$Default$Prepared$Entry'.
2024-11-12 13:41:16,142 INFO  MethodCallReplacementClassAdapter - Adding mock interface to class net/bytebuddy/dynamic/scaffold/MethodRegistry$Default$Prepared$Entry
2024-11-12 13:41:16,142 INFO  CreateClassResetClassAdapter - Creating brand-new static initializer in class net/bytebuddy/dynamic/scaffold/MethodRegistry$Default$Prepared$Entry
2024-11-12 13:41:16,142 INFO  EvoClassLoader - Keeping class: net.bytebuddy.dynamic.scaffold.MethodRegistry$Default$Prepared$Entry
2024-11-12 13:41:16,142 INFO  EvoClassLoader - Seeing class for first time: net.bytebuddy.matcher.CollectionOneToOneMatcher
2024-11-12 13:41:16,142 INFO  EvoClassLoader - Instrumenting class 'net.bytebuddy.matcher.CollectionOneToOneMatcher'.
2024-11-12 13:41:16,143 INFO  MethodCallReplacementClassAdapter - Adding mock interface to class net/bytebuddy/matcher/CollectionOneToOneMatcher
2024-11-12 13:41:16,143 INFO  CreateClassResetClassAdapter - Creating brand-new static initializer in class net/bytebuddy/matcher/CollectionOneToOneMatcher
2024-11-12 13:41:16,143 INFO  EvoClassLoader - Keeping class: net.bytebuddy.matcher.CollectionOneToOneMatcher
2024-11-12 13:41:16,143 INFO  EvoClassLoader - Seeing class for first time: net.bytebuddy.matcher.CollectionErasureMatcher
2024-11-12 13:41:16,143 INFO  EvoClassLoader - Instrumenting class 'net.bytebuddy.matcher.CollectionErasureMatcher'.
2024-11-12 13:41:16,143 INFO  MethodCallReplacementClassAdapter - Adding mock interface to class net/bytebuddy/matcher/CollectionErasureMatcher
2024-11-12 13:41:16,143 INFO  CreateClassResetClassAdapter - Creating brand-new static initializer in class net/bytebuddy/matcher/CollectionErasureMatcher
2024-11-12 13:41:16,143 INFO  EvoClassLoader - Keeping class: net.bytebuddy.matcher.CollectionErasureMatcher
2024-11-12 13:41:16,143 INFO  EvoClassLoader - Seeing class for first time: net.bytebuddy.matcher.MethodParameterTypesMatcher
2024-11-12 13:41:16,143 INFO  EvoClassLoader - Instrumenting class 'net.bytebuddy.matcher.MethodParameterTypesMatcher'.
2024-11-12 13:41:16,143 INFO  MethodCallReplacementClassAdapter - Adding mock interface to class net/bytebuddy/matcher/MethodParameterTypesMatcher
2024-11-12 13:41:16,144 INFO  CreateClassResetClassAdapter - Creating brand-new static initializer in class net/bytebuddy/matcher/MethodParameterTypesMatcher
2024-11-12 13:41:16,144 INFO  EvoClassLoader - Keeping class: net.bytebuddy.matcher.MethodParameterTypesMatcher
2024-11-12 13:41:16,144 INFO  EvoClassLoader - Seeing class for first time: net.bytebuddy.dynamic.DynamicType$Builder$FieldDefinition$Optional$AbstractBase
2024-11-12 13:41:16,144 INFO  EvoClassLoader - Instrumenting class 'net.bytebuddy.dynamic.DynamicType$Builder$FieldDefinition$Optional$AbstractBase'.
2024-11-12 13:41:16,144 INFO  MethodCallReplacementClassAdapter - Adding mock interface to class net/bytebuddy/dynamic/DynamicType$Builder$FieldDefinition$Optional$AbstractBase
2024-11-12 13:41:16,144 INFO  CreateClassResetClassAdapter - Creating brand-new static initializer in class net/bytebuddy/dynamic/DynamicType$Builder$FieldDefinition$Optional$AbstractBase
2024-11-12 13:41:16,144 INFO  EvoClassLoader - Keeping class: net.bytebuddy.dynamic.DynamicType$Builder$FieldDefinition$Optional$AbstractBase
2024-11-12 13:41:16,144 INFO  EvoClassLoader - Seeing class for first time: net.bytebuddy.dynamic.DynamicType$Builder$FieldDefinition$Optional$Valuable$AbstractBase
2024-11-12 13:41:16,144 INFO  EvoClassLoader - Instrumenting class 'net.bytebuddy.dynamic.DynamicType$Builder$FieldDefinition$Optional$Valuable$AbstractBase'.
2024-11-12 13:41:16,144 INFO  MethodCallReplacementClassAdapter - Adding mock interface to class net/bytebuddy/dynamic/DynamicType$Builder$FieldDefinition$Optional$Valuable$AbstractBase
2024-11-12 13:41:16,145 INFO  CreateClassResetClassAdapter - Creating brand-new static initializer in class net/bytebuddy/dynamic/DynamicType$Builder$FieldDefinition$Optional$Valuable$AbstractBase
2024-11-12 13:41:16,145 INFO  EvoClassLoader - Keeping class: net.bytebuddy.dynamic.DynamicType$Builder$FieldDefinition$Optional$Valuable$AbstractBase
2024-11-12 13:41:16,145 INFO  EvoClassLoader - Seeing class for first time: net.bytebuddy.dynamic.DynamicType$Builder$FieldDefinition$Optional$Valuable$AbstractBase$Adapter
2024-11-12 13:41:16,145 INFO  EvoClassLoader - Instrumenting class 'net.bytebuddy.dynamic.DynamicType$Builder$FieldDefinition$Optional$Valuable$AbstractBase$Adapter'.
2024-11-12 13:41:16,145 INFO  MethodCallReplacementClassAdapter - Adding mock interface to class net/bytebuddy/dynamic/DynamicType$Builder$FieldDefinition$Optional$Valuable$AbstractBase$Adapter
2024-11-12 13:41:16,145 INFO  CreateClassResetClassAdapter - Creating brand-new static initializer in class net/bytebuddy/dynamic/DynamicType$Builder$FieldDefinition$Optional$Valuable$AbstractBase$Adapter
2024-11-12 13:41:16,145 INFO  EvoClassLoader - Keeping class: net.bytebuddy.dynamic.DynamicType$Builder$FieldDefinition$Optional$Valuable$AbstractBase$Adapter
2024-11-12 13:41:16,145 INFO  EvoClassLoader - Seeing class for first time: net.bytebuddy.dynamic.DynamicType$Builder$AbstractBase$Adapter$FieldDefinitionAdapter
2024-11-12 13:41:16,145 INFO  EvoClassLoader - Instrumenting class 'net.bytebuddy.dynamic.DynamicType$Builder$AbstractBase$Adapter$FieldDefinitionAdapter'.
2024-11-12 13:41:16,146 INFO  MethodCallReplacementClassAdapter - Adding mock interface to class net/bytebuddy/dynamic/DynamicType$Builder$AbstractBase$Adapter$FieldDefinitionAdapter
2024-11-12 13:41:16,146 INFO  CreateClassResetClassAdapter - Creating brand-new static initializer in class net/bytebuddy/dynamic/DynamicType$Builder$AbstractBase$Adapter$FieldDefinitionAdapter
2024-11-12 13:41:16,146 INFO  EvoClassLoader - Keeping class: net.bytebuddy.dynamic.DynamicType$Builder$AbstractBase$Adapter$FieldDefinitionAdapter
2024-11-12 13:41:16,146 INFO  EvoClassLoader - Seeing class for first time: net.bytebuddy.dynamic.DynamicType$Builder$AbstractBase$Adapter$MethodDefinitionAdapter
2024-11-12 13:41:16,146 INFO  EvoClassLoader - Instrumenting class 'net.bytebuddy.dynamic.DynamicType$Builder$AbstractBase$Adapter$MethodDefinitionAdapter'.
2024-11-12 13:41:16,146 INFO  MethodCallReplacementClassAdapter - Adding mock interface to class net/bytebuddy/dynamic/DynamicType$Builder$AbstractBase$Adapter$MethodDefinitionAdapter
2024-11-12 13:41:16,146 INFO  CreateClassResetClassAdapter - Creating brand-new static initializer in class net/bytebuddy/dynamic/DynamicType$Builder$AbstractBase$Adapter$MethodDefinitionAdapter
2024-11-12 13:41:16,146 INFO  EvoClassLoader - Seeing class for first time: net.bytebuddy.dynamic.DynamicType$Builder$MethodDefinition$ParameterDefinition$Initial$AbstractBase
2024-11-12 13:41:16,146 INFO  EvoClassLoader - Instrumenting class 'net.bytebuddy.dynamic.DynamicType$Builder$MethodDefinition$ParameterDefinition$Initial$AbstractBase'.
2024-11-12 13:41:16,146 INFO  MethodCallReplacementClassAdapter - Adding mock interface to class net/bytebuddy/dynamic/DynamicType$Builder$MethodDefinition$ParameterDefinition$Initial$AbstractBase
2024-11-12 13:41:16,148 INFO  CreateClassResetClassAdapter - Creating brand-new static initializer in class net/bytebuddy/dynamic/DynamicType$Builder$MethodDefinition$ParameterDefinition$Initial$AbstractBase
2024-11-12 13:41:16,148 INFO  EvoClassLoader - Seeing class for first time: net.bytebuddy.dynamic.DynamicType$Builder$MethodDefinition$ParameterDefinition$AbstractBase
2024-11-12 13:41:16,148 INFO  EvoClassLoader - Instrumenting class 'net.bytebuddy.dynamic.DynamicType$Builder$MethodDefinition$ParameterDefinition$AbstractBase'.
2024-11-12 13:41:16,148 INFO  MethodCallReplacementClassAdapter - Adding mock interface to class net/bytebuddy/dynamic/DynamicType$Builder$MethodDefinition$ParameterDefinition$AbstractBase
2024-11-12 13:41:16,149 INFO  CreateClassResetClassAdapter - Creating brand-new static initializer in class net/bytebuddy/dynamic/DynamicType$Builder$MethodDefinition$ParameterDefinition$AbstractBase
2024-11-12 13:41:16,149 INFO  EvoClassLoader - Seeing class for first time: net.bytebuddy.dynamic.DynamicType$Builder$MethodDefinition$ExceptionDefinition$AbstractBase
2024-11-12 13:41:16,149 INFO  EvoClassLoader - Instrumenting class 'net.bytebuddy.dynamic.DynamicType$Builder$MethodDefinition$ExceptionDefinition$AbstractBase'.
2024-11-12 13:41:16,149 INFO  MethodCallReplacementClassAdapter - Adding mock interface to class net/bytebuddy/dynamic/DynamicType$Builder$MethodDefinition$ExceptionDefinition$AbstractBase
2024-11-12 13:41:16,149 INFO  CreateClassResetClassAdapter - Creating brand-new static initializer in class net/bytebuddy/dynamic/DynamicType$Builder$MethodDefinition$ExceptionDefinition$AbstractBase
2024-11-12 13:41:16,149 INFO  EvoClassLoader - Seeing class for first time: net.bytebuddy.dynamic.DynamicType$Builder$MethodDefinition$TypeVariableDefinition$AbstractBase
2024-11-12 13:41:16,149 INFO  EvoClassLoader - Instrumenting class 'net.bytebuddy.dynamic.DynamicType$Builder$MethodDefinition$TypeVariableDefinition$AbstractBase'.
2024-11-12 13:41:16,149 INFO  MethodCallReplacementClassAdapter - Adding mock interface to class net/bytebuddy/dynamic/DynamicType$Builder$MethodDefinition$TypeVariableDefinition$AbstractBase
2024-11-12 13:41:16,149 INFO  CreateClassResetClassAdapter - Creating brand-new static initializer in class net/bytebuddy/dynamic/DynamicType$Builder$MethodDefinition$TypeVariableDefinition$AbstractBase
2024-11-12 13:41:16,149 INFO  EvoClassLoader - Keeping class: net.bytebuddy.dynamic.DynamicType$Builder$MethodDefinition$TypeVariableDefinition$AbstractBase
2024-11-12 13:41:16,149 INFO  EvoClassLoader - Keeping class: net.bytebuddy.dynamic.DynamicType$Builder$MethodDefinition$ExceptionDefinition$AbstractBase
2024-11-12 13:41:16,149 INFO  EvoClassLoader - Keeping class: net.bytebuddy.dynamic.DynamicType$Builder$MethodDefinition$ParameterDefinition$AbstractBase
2024-11-12 13:41:16,149 INFO  EvoClassLoader - Keeping class: net.bytebuddy.dynamic.DynamicType$Builder$MethodDefinition$ParameterDefinition$Initial$AbstractBase
2024-11-12 13:41:16,149 INFO  EvoClassLoader - Keeping class: net.bytebuddy.dynamic.DynamicType$Builder$AbstractBase$Adapter$MethodDefinitionAdapter
2024-11-12 13:41:16,149 INFO  EvoClassLoader - Seeing class for first time: net.bytebuddy.dynamic.DynamicType$Builder$AbstractBase$Adapter$FieldMatchAdapter
2024-11-12 13:41:16,149 INFO  EvoClassLoader - Instrumenting class 'net.bytebuddy.dynamic.DynamicType$Builder$AbstractBase$Adapter$FieldMatchAdapter'.
2024-11-12 13:41:16,149 INFO  MethodCallReplacementClassAdapter - Adding mock interface to class net/bytebuddy/dynamic/DynamicType$Builder$AbstractBase$Adapter$FieldMatchAdapter
2024-11-12 13:41:16,149 INFO  CreateClassResetClassAdapter - Creating brand-new static initializer in class net/bytebuddy/dynamic/DynamicType$Builder$AbstractBase$Adapter$FieldMatchAdapter
2024-11-12 13:41:16,150 INFO  EvoClassLoader - Keeping class: net.bytebuddy.dynamic.DynamicType$Builder$AbstractBase$Adapter$FieldMatchAdapter
2024-11-12 13:41:16,150 INFO  EvoClassLoader - Seeing class for first time: net.bytebuddy.description.field.FieldDescription$SignatureToken
2024-11-12 13:41:16,150 INFO  EvoClassLoader - Instrumenting class 'net.bytebuddy.description.field.FieldDescription$SignatureToken'.
2024-11-12 13:41:16,150 INFO  MethodCallReplacementClassAdapter - Adding mock interface to class net/bytebuddy/description/field/FieldDescription$SignatureToken
2024-11-12 13:41:16,150 INFO  CreateClassResetClassAdapter - Creating brand-new static initializer in class net/bytebuddy/description/field/FieldDescription$SignatureToken
2024-11-12 13:41:16,150 INFO  EvoClassLoader - Keeping class: net.bytebuddy.description.field.FieldDescription$SignatureToken
2024-11-12 13:41:16,150 INFO  EvoClassLoader - Seeing class for first time: net.bytebuddy.implementation.attribute.FieldAttributeAppender$ForInstrumentedField
2024-11-12 13:41:16,150 INFO  EvoClassLoader - Instrumenting class 'net.bytebuddy.implementation.attribute.FieldAttributeAppender$ForInstrumentedField'.
2024-11-12 13:41:16,150 INFO  MethodCallReplacementClassAdapter - Adding mock interface to class net/bytebuddy/implementation/attribute/FieldAttributeAppender$ForInstrumentedField
2024-11-12 13:41:16,150 INFO  CreateClassResetClassAdapter - Found static initializer in class net/bytebuddy/implementation/attribute/FieldAttributeAppender$ForInstrumentedField
2024-11-12 13:41:16,150 INFO  EvoClassLoader - Seeing class for first time: net.bytebuddy.implementation.attribute.FieldAttributeAppender
2024-11-12 13:41:16,150 INFO  EvoClassLoader - Instrumenting class 'net.bytebuddy.implementation.attribute.FieldAttributeAppender'.
2024-11-12 13:41:16,151 INFO  EvoClassLoader - Keeping class: net.bytebuddy.implementation.attribute.FieldAttributeAppender
2024-11-12 13:41:16,151 INFO  EvoClassLoader - Keeping class: net.bytebuddy.implementation.attribute.FieldAttributeAppender$ForInstrumentedField
2024-11-12 13:41:16,151 INFO  EvoClassLoader - Seeing class for first time: net.bytebuddy.implementation.attribute.FieldAttributeAppender$Compound
2024-11-12 13:41:16,151 INFO  EvoClassLoader - Instrumenting class 'net.bytebuddy.implementation.attribute.FieldAttributeAppender$Compound'.
2024-11-12 13:41:16,151 INFO  MethodCallReplacementClassAdapter - Adding mock interface to class net/bytebuddy/implementation/attribute/FieldAttributeAppender$Compound
2024-11-12 13:41:16,151 INFO  CreateClassResetClassAdapter - Creating brand-new static initializer in class net/bytebuddy/implementation/attribute/FieldAttributeAppender$Compound
2024-11-12 13:41:16,151 INFO  EvoClassLoader - Keeping class: net.bytebuddy.implementation.attribute.FieldAttributeAppender$Compound
2024-11-12 13:41:16,151 INFO  EvoClassLoader - Seeing class for first time: net.bytebuddy.implementation.attribute.FieldAttributeAppender$Explicit
2024-11-12 13:41:16,151 INFO  EvoClassLoader - Instrumenting class 'net.bytebuddy.implementation.attribute.FieldAttributeAppender$Explicit'.
2024-11-12 13:41:16,151 INFO  MethodCallReplacementClassAdapter - Adding mock interface to class net/bytebuddy/implementation/attribute/FieldAttributeAppender$Explicit
2024-11-12 13:41:16,151 INFO  CreateClassResetClassAdapter - Creating brand-new static initializer in class net/bytebuddy/implementation/attribute/FieldAttributeAppender$Explicit
2024-11-12 13:41:16,151 INFO  EvoClassLoader - Keeping class: net.bytebuddy.implementation.attribute.FieldAttributeAppender$Explicit
2024-11-12 13:41:16,151 INFO  EvoClassLoader - Seeing class for first time: net.bytebuddy.jar.asm.FieldVisitor
2024-11-12 13:41:16,151 INFO  EvoClassLoader - Instrumenting class 'net.bytebuddy.jar.asm.FieldVisitor'.
2024-11-12 13:41:16,151 INFO  MethodCallReplacementClassAdapter - Adding mock interface to class net/bytebuddy/jar/asm/FieldVisitor
2024-11-12 13:41:16,152 INFO  CreateClassResetClassAdapter - Creating brand-new static initializer in class net/bytebuddy/jar/asm/FieldVisitor
2024-11-12 13:41:16,152 INFO  EvoClassLoader - Keeping class: net.bytebuddy.jar.asm.FieldVisitor
2024-11-12 13:41:16,152 INFO  EvoClassLoader - Seeing class for first time: net.bytebuddy.dynamic.scaffold.FieldRegistry$Default$Entry
2024-11-12 13:41:16,152 INFO  EvoClassLoader - Instrumenting class 'net.bytebuddy.dynamic.scaffold.FieldRegistry$Default$Entry'.
2024-11-12 13:41:16,152 INFO  MethodCallReplacementClassAdapter - Adding mock interface to class net/bytebuddy/dynamic/scaffold/FieldRegistry$Default$Entry
2024-11-12 13:41:16,152 INFO  CreateClassResetClassAdapter - Creating brand-new static initializer in class net/bytebuddy/dynamic/scaffold/FieldRegistry$Default$Entry
2024-11-12 13:41:16,152 INFO  EvoClassLoader - Keeping class: net.bytebuddy.dynamic.scaffold.FieldRegistry$Default$Entry
2024-11-12 13:41:16,152 INFO  EvoClassLoader - Seeing class for first time: net.bytebuddy.dynamic.scaffold.FieldRegistry$Default$Compiled
2024-11-12 13:41:16,152 INFO  EvoClassLoader - Instrumenting class 'net.bytebuddy.dynamic.scaffold.FieldRegistry$Default$Compiled'.
2024-11-12 13:41:16,152 INFO  MethodCallReplacementClassAdapter - Adding mock interface to class net/bytebuddy/dynamic/scaffold/FieldRegistry$Default$Compiled
2024-11-12 13:41:16,152 INFO  CreateClassResetClassAdapter - Creating brand-new static initializer in class net/bytebuddy/dynamic/scaffold/FieldRegistry$Default$Compiled
2024-11-12 13:41:16,153 INFO  EvoClassLoader - Keeping class: net.bytebuddy.dynamic.scaffold.FieldRegistry$Default$Compiled
2024-11-12 13:41:16,153 INFO  EvoClassLoader - Seeing class for first time: net.bytebuddy.implementation.FieldAccessor
2024-11-12 13:41:16,153 INFO  EvoClassLoader - Instrumenting class 'net.bytebuddy.implementation.FieldAccessor'.
2024-11-12 13:41:16,153 INFO  MethodCallReplacementClassAdapter - Adding mock interface to class net/bytebuddy/implementation/FieldAccessor
2024-11-12 13:41:16,153 INFO  CreateClassResetClassAdapter - Creating brand-new static initializer in class net/bytebuddy/implementation/FieldAccessor
2024-11-12 13:41:16,153 INFO  EvoClassLoader - Keeping class: net.bytebuddy.implementation.FieldAccessor
2024-11-12 13:41:16,153 INFO  EvoClassLoader - Seeing class for first time: net.bytebuddy.implementation.FieldAccessor$FieldNameExtractor
2024-11-12 13:41:16,153 INFO  EvoClassLoader - Instrumenting class 'net.bytebuddy.implementation.FieldAccessor$FieldNameExtractor'.
2024-11-12 13:41:16,153 INFO  EvoClassLoader - Keeping class: net.bytebuddy.implementation.FieldAccessor$FieldNameExtractor
2024-11-12 13:41:16,153 INFO  EvoClassLoader - Seeing class for first time: net.bytebuddy.implementation.FieldAccessor$FieldLocation
2024-11-12 13:41:16,153 INFO  EvoClassLoader - Instrumenting class 'net.bytebuddy.implementation.FieldAccessor$FieldLocation'.
2024-11-12 13:41:16,153 INFO  EvoClassLoader - Keeping class: net.bytebuddy.implementation.FieldAccessor$FieldLocation
2024-11-12 13:41:16,153 INFO  EvoClassLoader - Seeing class for first time: net.bytebuddy.implementation.FieldAccessor$OwnerTypeLocatable
2024-11-12 13:41:16,153 INFO  EvoClassLoader - Instrumenting class 'net.bytebuddy.implementation.FieldAccessor$OwnerTypeLocatable'.
2024-11-12 13:41:16,153 INFO  EvoClassLoader - Seeing class for first time: net.bytebuddy.implementation.FieldAccessor$AssignerConfigurable
2024-11-12 13:41:16,153 INFO  EvoClassLoader - Instrumenting class 'net.bytebuddy.implementation.FieldAccessor$AssignerConfigurable'.
2024-11-12 13:41:16,153 INFO  EvoClassLoader - Seeing class for first time: net.bytebuddy.implementation.FieldAccessor$PropertyConfigurable
2024-11-12 13:41:16,153 INFO  EvoClassLoader - Instrumenting class 'net.bytebuddy.implementation.FieldAccessor$PropertyConfigurable'.
2024-11-12 13:41:16,154 INFO  EvoClassLoader - Keeping class: net.bytebuddy.implementation.FieldAccessor$PropertyConfigurable
2024-11-12 13:41:16,154 INFO  EvoClassLoader - Keeping class: net.bytebuddy.implementation.FieldAccessor$AssignerConfigurable
2024-11-12 13:41:16,154 INFO  EvoClassLoader - Keeping class: net.bytebuddy.implementation.FieldAccessor$OwnerTypeLocatable
2024-11-12 13:41:16,154 INFO  EvoClassLoader - Seeing class for first time: net.bytebuddy.implementation.FieldAccessor$FieldNameExtractor$ForBeanProperty
2024-11-12 13:41:16,154 INFO  EvoClassLoader - Instrumenting class 'net.bytebuddy.implementation.FieldAccessor$FieldNameExtractor$ForBeanProperty'.
2024-11-12 13:41:16,154 INFO  MethodCallReplacementClassAdapter - Adding mock interface to class net/bytebuddy/implementation/FieldAccessor$FieldNameExtractor$ForBeanProperty
2024-11-12 13:41:16,154 INFO  CreateClassResetClassAdapter - Found static initializer in class net/bytebuddy/implementation/FieldAccessor$FieldNameExtractor$ForBeanProperty
2024-11-12 13:41:16,154 INFO  EvoClassLoader - Keeping class: net.bytebuddy.implementation.FieldAccessor$FieldNameExtractor$ForBeanProperty
2024-11-12 13:41:16,154 INFO  EvoClassLoader - Seeing class for first time: net.bytebuddy.implementation.FieldAccessor$FieldNameExtractor$ForFixedValue
2024-11-12 13:41:16,154 INFO  EvoClassLoader - Instrumenting class 'net.bytebuddy.implementation.FieldAccessor$FieldNameExtractor$ForFixedValue'.
2024-11-12 13:41:16,154 INFO  MethodCallReplacementClassAdapter - Adding mock interface to class net/bytebuddy/implementation/FieldAccessor$FieldNameExtractor$ForFixedValue
2024-11-12 13:41:16,154 INFO  CreateClassResetClassAdapter - Creating brand-new static initializer in class net/bytebuddy/implementation/FieldAccessor$FieldNameExtractor$ForFixedValue
2024-11-12 13:41:16,154 INFO  EvoClassLoader - Keeping class: net.bytebuddy.implementation.FieldAccessor$FieldNameExtractor$ForFixedValue
2024-11-12 13:41:16,155 INFO  EvoClassLoader - Seeing class for first time: net.bytebuddy.implementation.FieldAccessor$ForImplicitProperty
2024-11-12 13:41:16,155 INFO  EvoClassLoader - Instrumenting class 'net.bytebuddy.implementation.FieldAccessor$ForImplicitProperty'.
2024-11-12 13:41:16,155 INFO  MethodCallReplacementClassAdapter - Adding mock interface to class net/bytebuddy/implementation/FieldAccessor$ForImplicitProperty
2024-11-12 13:41:16,155 INFO  CreateClassResetClassAdapter - Creating brand-new static initializer in class net/bytebuddy/implementation/FieldAccessor$ForImplicitProperty
2024-11-12 13:41:16,155 INFO  EvoClassLoader - Keeping class: net.bytebuddy.implementation.FieldAccessor$ForImplicitProperty
2024-11-12 13:41:16,155 INFO  EvoClassLoader - Seeing class for first time: net.bytebuddy.implementation.FieldAccessor$ForSetter
2024-11-12 13:41:16,155 INFO  EvoClassLoader - Instrumenting class 'net.bytebuddy.implementation.FieldAccessor$ForSetter'.
2024-11-12 13:41:16,156 INFO  MethodCallReplacementClassAdapter - Adding mock interface to class net/bytebuddy/implementation/FieldAccessor$ForSetter
2024-11-12 13:41:16,156 INFO  CreateClassResetClassAdapter - Creating brand-new static initializer in class net/bytebuddy/implementation/FieldAccessor$ForSetter
2024-11-12 13:41:16,156 INFO  EvoClassLoader - Keeping class: net.bytebuddy.implementation.FieldAccessor$ForSetter
2024-11-12 13:41:16,156 INFO  EvoClassLoader - Seeing class for first time: net.bytebuddy.implementation.FieldAccessor$FieldLocation$Relative
2024-11-12 13:41:16,156 INFO  EvoClassLoader - Instrumenting class 'net.bytebuddy.implementation.FieldAccessor$FieldLocation$Relative'.
2024-11-12 13:41:16,156 INFO  MethodCallReplacementClassAdapter - Adding mock interface to class net/bytebuddy/implementation/FieldAccessor$FieldLocation$Relative
2024-11-12 13:41:16,156 INFO  CreateClassResetClassAdapter - Creating brand-new static initializer in class net/bytebuddy/implementation/FieldAccessor$FieldLocation$Relative
2024-11-12 13:41:16,156 INFO  EvoClassLoader - Keeping class: net.bytebuddy.implementation.FieldAccessor$FieldLocation$Relative
2024-11-12 13:41:16,156 INFO  EvoClassLoader - Seeing class for first time: net.bytebuddy.implementation.FieldAccessor$FieldLocation$Prepared
2024-11-12 13:41:16,156 INFO  EvoClassLoader - Instrumenting class 'net.bytebuddy.implementation.FieldAccessor$FieldLocation$Prepared'.
2024-11-12 13:41:16,157 INFO  EvoClassLoader - Keeping class: net.bytebuddy.implementation.FieldAccessor$FieldLocation$Prepared
2024-11-12 13:41:16,157 INFO  EvoClassLoader - Seeing class for first time: net.bytebuddy.dynamic.scaffold.FieldLocator$ForClassHierarchy$Factory
2024-11-12 13:41:16,157 INFO  EvoClassLoader - Instrumenting class 'net.bytebuddy.dynamic.scaffold.FieldLocator$ForClassHierarchy$Factory'.
2024-11-12 13:41:16,157 INFO  MethodCallReplacementClassAdapter - Adding mock interface to class net/bytebuddy/dynamic/scaffold/FieldLocator$ForClassHierarchy$Factory
2024-11-12 13:41:16,157 INFO  CreateClassResetClassAdapter - Found static initializer in class net/bytebuddy/dynamic/scaffold/FieldLocator$ForClassHierarchy$Factory
2024-11-12 13:41:16,157 INFO  EvoClassLoader - Keeping class: net.bytebuddy.dynamic.scaffold.FieldLocator$ForClassHierarchy$Factory
2024-11-12 13:41:16,157 INFO  EvoClassLoader - Seeing class for first time: net.bytebuddy.description.type.TypeList$Empty
2024-11-12 13:41:16,157 INFO  EvoClassLoader - Instrumenting class 'net.bytebuddy.description.type.TypeList$Empty'.
2024-11-12 13:41:16,157 INFO  MethodCallReplacementClassAdapter - Adding mock interface to class net/bytebuddy/description/type/TypeList$Empty
2024-11-12 13:41:16,157 INFO  CreateClassResetClassAdapter - Creating brand-new static initializer in class net/bytebuddy/description/type/TypeList$Empty
2024-11-12 13:41:16,157 INFO  EvoClassLoader - Keeping class: net.bytebuddy.description.type.TypeList$Empty
2024-11-12 13:41:16,157 INFO  EvoClassLoader - Seeing class for first time: net.bytebuddy.description.type.TypeList$ForLoadedTypes
2024-11-12 13:41:16,157 INFO  EvoClassLoader - Instrumenting class 'net.bytebuddy.description.type.TypeList$ForLoadedTypes'.
2024-11-12 13:41:16,157 INFO  MethodCallReplacementClassAdapter - Adding mock interface to class net/bytebuddy/description/type/TypeList$ForLoadedTypes
2024-11-12 13:41:16,157 INFO  CreateClassResetClassAdapter - Creating brand-new static initializer in class net/bytebuddy/description/type/TypeList$ForLoadedTypes
2024-11-12 13:41:16,158 INFO  EvoClassLoader - Keeping class: net.bytebuddy.description.type.TypeList$ForLoadedTypes
2024-11-12 13:41:16,158 INFO  EvoClassLoader - Seeing class for first time: net.bytebuddy.matcher.SuperTypeMatcher
2024-11-12 13:41:16,158 INFO  EvoClassLoader - Instrumenting class 'net.bytebuddy.matcher.SuperTypeMatcher'.
2024-11-12 13:41:16,158 INFO  MethodCallReplacementClassAdapter - Adding mock interface to class net/bytebuddy/matcher/SuperTypeMatcher
2024-11-12 13:41:16,158 INFO  CreateClassResetClassAdapter - Creating brand-new static initializer in class net/bytebuddy/matcher/SuperTypeMatcher
2024-11-12 13:41:16,158 INFO  EvoClassLoader - Keeping class: net.bytebuddy.matcher.SuperTypeMatcher
2024-11-12 13:41:16,158 INFO  EvoClassLoader - Seeing class for first time: net.bytebuddy.dynamic.TypeResolutionStrategy$Passive
2024-11-12 13:41:16,158 INFO  EvoClassLoader - Instrumenting class 'net.bytebuddy.dynamic.TypeResolutionStrategy$Passive'.
2024-11-12 13:41:16,158 INFO  MethodCallReplacementClassAdapter - Adding mock interface to class net/bytebuddy/dynamic/TypeResolutionStrategy$Passive
2024-11-12 13:41:16,158 INFO  CreateClassResetClassAdapter - Found static initializer in class net/bytebuddy/dynamic/TypeResolutionStrategy$Passive
2024-11-12 13:41:16,158 INFO  EvoClassLoader - Seeing class for first time: net.bytebuddy.dynamic.TypeResolutionStrategy$Resolved
2024-11-12 13:41:16,158 INFO  EvoClassLoader - Instrumenting class 'net.bytebuddy.dynamic.TypeResolutionStrategy$Resolved'.
2024-11-12 13:41:16,159 INFO  EvoClassLoader - Keeping class: net.bytebuddy.dynamic.TypeResolutionStrategy$Resolved
2024-11-12 13:41:16,159 INFO  EvoClassLoader - Keeping class: net.bytebuddy.dynamic.TypeResolutionStrategy$Passive
2024-11-12 13:41:16,159 INFO  EvoClassLoader - Seeing class for first time: net.bytebuddy.dynamic.TypeResolutionStrategy$Disabled
2024-11-12 13:41:16,159 INFO  EvoClassLoader - Instrumenting class 'net.bytebuddy.dynamic.TypeResolutionStrategy$Disabled'.
2024-11-12 13:41:16,159 INFO  MethodCallReplacementClassAdapter - Adding mock interface to class net/bytebuddy/dynamic/TypeResolutionStrategy$Disabled
2024-11-12 13:41:16,159 INFO  CreateClassResetClassAdapter - Found static initializer in class net/bytebuddy/dynamic/TypeResolutionStrategy$Disabled
2024-11-12 13:41:16,159 INFO  EvoClassLoader - Keeping class: net.bytebuddy.dynamic.TypeResolutionStrategy$Disabled
2024-11-12 13:41:16,159 INFO  EvoClassLoader - Seeing class for first time: net.bytebuddy.dynamic.TypeResolutionStrategy$Lazy
2024-11-12 13:41:16,159 INFO  EvoClassLoader - Instrumenting class 'net.bytebuddy.dynamic.TypeResolutionStrategy$Lazy'.
2024-11-12 13:41:16,159 INFO  MethodCallReplacementClassAdapter - Adding mock interface to class net/bytebuddy/dynamic/TypeResolutionStrategy$Lazy
2024-11-12 13:41:16,160 INFO  CreateClassResetClassAdapter - Found static initializer in class net/bytebuddy/dynamic/TypeResolutionStrategy$Lazy
2024-11-12 13:41:16,160 INFO  EvoClassLoader - Keeping class: net.bytebuddy.dynamic.TypeResolutionStrategy$Lazy
2024-11-12 13:41:16,160 INFO  EvoClassLoader - Seeing class for first time: net.bytebuddy.dynamic.TypeResolutionStrategy$Active
2024-11-12 13:41:16,160 INFO  EvoClassLoader - Instrumenting class 'net.bytebuddy.dynamic.TypeResolutionStrategy$Active'.
2024-11-12 13:41:16,160 INFO  MethodCallReplacementClassAdapter - Adding mock interface to class net/bytebuddy/dynamic/TypeResolutionStrategy$Active
2024-11-12 13:41:16,160 INFO  CreateClassResetClassAdapter - Creating brand-new static initializer in class net/bytebuddy/dynamic/TypeResolutionStrategy$Active
2024-11-12 13:41:16,160 INFO  EvoClassLoader - Keeping class: net.bytebuddy.dynamic.TypeResolutionStrategy$Active
2024-11-12 13:41:16,160 INFO  EvoClassLoader - Seeing class for first time: net.bytebuddy.jar.asm.Type
2024-11-12 13:41:16,160 INFO  EvoClassLoader - Instrumenting class 'net.bytebuddy.jar.asm.Type'.
2024-11-12 13:41:16,161 INFO  MethodCallReplacementClassAdapter - Adding mock interface to class net/bytebuddy/jar/asm/Type
2024-11-12 13:41:16,161 INFO  CreateClassResetClassAdapter - Found static initializer in class net/bytebuddy/jar/asm/Type
2024-11-12 13:41:16,162 INFO  EvoClassLoader - Keeping class: net.bytebuddy.jar.asm.Type
2024-11-12 13:41:16,163 INFO  EvoClassLoader - Seeing class for first time: net.bytebuddy.pool.TypePool$AbstractBase
2024-11-12 13:41:16,163 INFO  EvoClassLoader - Instrumenting class 'net.bytebuddy.pool.TypePool$AbstractBase'.
2024-11-12 13:41:16,163 INFO  MethodCallReplacementClassAdapter - Adding mock interface to class net/bytebuddy/pool/TypePool$AbstractBase
2024-11-12 13:41:16,164 INFO  CreateClassResetClassAdapter - Found static initializer in class net/bytebuddy/pool/TypePool$AbstractBase
2024-11-12 13:41:16,164 INFO  EvoClassLoader - Keeping class: net.bytebuddy.pool.TypePool$AbstractBase
2024-11-12 13:41:16,164 INFO  EvoClassLoader - Seeing class for first time: net.bytebuddy.pool.TypePool$Explicit
2024-11-12 13:41:16,164 INFO  EvoClassLoader - Instrumenting class 'net.bytebuddy.pool.TypePool$Explicit'.
2024-11-12 13:41:16,165 INFO  MethodCallReplacementClassAdapter - Adding mock interface to class net/bytebuddy/pool/TypePool$Explicit
2024-11-12 13:41:16,165 INFO  CreateClassResetClassAdapter - Creating brand-new static initializer in class net/bytebuddy/pool/TypePool$Explicit
2024-11-12 13:41:16,165 INFO  EvoClassLoader - Seeing class for first time: net.bytebuddy.pool.TypePool$AbstractBase$Hierarchical
2024-11-12 13:41:16,165 INFO  EvoClassLoader - Instrumenting class 'net.bytebuddy.pool.TypePool$AbstractBase$Hierarchical'.
2024-11-12 13:41:16,165 INFO  MethodCallReplacementClassAdapter - Adding mock interface to class net/bytebuddy/pool/TypePool$AbstractBase$Hierarchical
2024-11-12 13:41:16,165 INFO  CreateClassResetClassAdapter - Creating brand-new static initializer in class net/bytebuddy/pool/TypePool$AbstractBase$Hierarchical
2024-11-12 13:41:16,165 INFO  EvoClassLoader - Keeping class: net.bytebuddy.pool.TypePool$AbstractBase$Hierarchical
2024-11-12 13:41:16,165 INFO  EvoClassLoader - Keeping class: net.bytebuddy.pool.TypePool$Explicit
2024-11-12 13:41:16,165 INFO  EvoClassLoader - Seeing class for first time: net.bytebuddy.pool.TypePool$ClassLoading
2024-11-12 13:41:16,165 INFO  EvoClassLoader - Instrumenting class 'net.bytebuddy.pool.TypePool$ClassLoading'.
2024-11-12 13:41:16,165 INFO  MethodCallReplacementClassAdapter - Adding mock interface to class net/bytebuddy/pool/TypePool$ClassLoading
2024-11-12 13:41:16,165 INFO  CreateClassResetClassAdapter - Found static initializer in class net/bytebuddy/pool/TypePool$ClassLoading
2024-11-12 13:41:16,166 INFO  EvoClassLoader - Keeping class: net.bytebuddy.pool.TypePool$ClassLoading
2024-11-12 13:41:16,166 INFO  EvoClassLoader - Seeing class for first time: net.bytebuddy.pool.TypePool$LazyFacade
2024-11-12 13:41:16,166 INFO  EvoClassLoader - Instrumenting class 'net.bytebuddy.pool.TypePool$LazyFacade'.
2024-11-12 13:41:16,166 INFO  MethodCallReplacementClassAdapter - Adding mock interface to class net/bytebuddy/pool/TypePool$LazyFacade
2024-11-12 13:41:16,166 INFO  CreateClassResetClassAdapter - Creating brand-new static initializer in class net/bytebuddy/pool/TypePool$LazyFacade
2024-11-12 13:41:16,166 INFO  EvoClassLoader - Keeping class: net.bytebuddy.pool.TypePool$LazyFacade
2024-11-12 13:41:16,166 INFO  EvoClassLoader - Seeing class for first time: net.bytebuddy.pool.TypePool$Default
2024-11-12 13:41:16,166 INFO  EvoClassLoader - Instrumenting class 'net.bytebuddy.pool.TypePool$Default'.
2024-11-12 13:41:16,166 INFO  MethodCallReplacementClassAdapter - Adding mock interface to class net/bytebuddy/pool/TypePool$Default
2024-11-12 13:41:16,167 INFO  CreateClassResetClassAdapter - Found static initializer in class net/bytebuddy/pool/TypePool$Default
2024-11-12 13:41:16,167 INFO  EvoClassLoader - Keeping class: net.bytebuddy.pool.TypePool$Default
2024-11-12 13:41:16,167 INFO  EvoClassLoader - Seeing class for first time: net.bytebuddy.pool.TypePool$Resolution
2024-11-12 13:41:16,167 INFO  EvoClassLoader - Instrumenting class 'net.bytebuddy.pool.TypePool$Resolution'.
2024-11-12 13:41:16,167 INFO  EvoClassLoader - Keeping class: net.bytebuddy.pool.TypePool$Resolution
2024-11-12 13:41:16,167 INFO  EvoClassLoader - Seeing class for first time: net.bytebuddy.pool.TypePool$AbstractBase$RawDescriptionArray
2024-11-12 13:41:16,167 INFO  EvoClassLoader - Instrumenting class 'net.bytebuddy.pool.TypePool$AbstractBase$RawDescriptionArray'.
2024-11-12 13:41:16,168 INFO  MethodCallReplacementClassAdapter - Adding mock interface to class net/bytebuddy/pool/TypePool$AbstractBase$RawDescriptionArray
2024-11-12 13:41:16,168 INFO  CreateClassResetClassAdapter - Creating brand-new static initializer in class net/bytebuddy/pool/TypePool$AbstractBase$RawDescriptionArray
2024-11-12 13:41:16,168 INFO  EvoClassLoader - Seeing class for first time: net.bytebuddy.description.annotation.AnnotationValue$AbstractBase
2024-11-12 13:41:16,168 INFO  EvoClassLoader - Instrumenting class 'net.bytebuddy.description.annotation.AnnotationValue$AbstractBase'.
2024-11-12 13:41:16,168 INFO  MethodCallReplacementClassAdapter - Adding mock interface to class net/bytebuddy/description/annotation/AnnotationValue$AbstractBase
2024-11-12 13:41:16,169 INFO  CreateClassResetClassAdapter - Creating brand-new static initializer in class net/bytebuddy/description/annotation/AnnotationValue$AbstractBase
2024-11-12 13:41:16,169 INFO  EvoClassLoader - Keeping class: net.bytebuddy.description.annotation.AnnotationValue$AbstractBase
2024-11-12 13:41:16,169 INFO  EvoClassLoader - Keeping class: net.bytebuddy.pool.TypePool$AbstractBase$RawDescriptionArray
2024-11-12 13:41:16,169 INFO  EvoClassLoader - Seeing class for first time: net.bytebuddy.pool.TypePool$AbstractBase$RawTypeValue
2024-11-12 13:41:16,169 INFO  EvoClassLoader - Instrumenting class 'net.bytebuddy.pool.TypePool$AbstractBase$RawTypeValue'.
2024-11-12 13:41:16,169 INFO  MethodCallReplacementClassAdapter - Adding mock interface to class net/bytebuddy/pool/TypePool$AbstractBase$RawTypeValue
2024-11-12 13:41:16,169 INFO  CreateClassResetClassAdapter - Creating brand-new static initializer in class net/bytebuddy/pool/TypePool$AbstractBase$RawTypeValue
2024-11-12 13:41:16,169 INFO  CreateClassResetClassAdapter - Adding bytecode for initializing field NO_INITIALIZATION
2024-11-12 13:41:16,169 INFO  EvoClassLoader - Keeping class: net.bytebuddy.pool.TypePool$AbstractBase$RawTypeValue
2024-11-12 13:41:16,169 INFO  EvoClassLoader - Seeing class for first time: net.bytebuddy.pool.TypePool$AbstractBase$RawEnumerationValue
2024-11-12 13:41:16,169 INFO  EvoClassLoader - Instrumenting class 'net.bytebuddy.pool.TypePool$AbstractBase$RawEnumerationValue'.
2024-11-12 13:41:16,170 INFO  MethodCallReplacementClassAdapter - Adding mock interface to class net/bytebuddy/pool/TypePool$AbstractBase$RawEnumerationValue
2024-11-12 13:41:16,170 INFO  CreateClassResetClassAdapter - Creating brand-new static initializer in class net/bytebuddy/pool/TypePool$AbstractBase$RawEnumerationValue
2024-11-12 13:41:16,170 INFO  EvoClassLoader - Keeping class: net.bytebuddy.pool.TypePool$AbstractBase$RawEnumerationValue
2024-11-12 13:41:16,170 INFO  EvoClassLoader - Seeing class for first time: net.bytebuddy.pool.TypePool$AbstractBase$RawAnnotationValue
2024-11-12 13:41:16,170 INFO  EvoClassLoader - Instrumenting class 'net.bytebuddy.pool.TypePool$AbstractBase$RawAnnotationValue'.
2024-11-12 13:41:16,170 INFO  MethodCallReplacementClassAdapter - Adding mock interface to class net/bytebuddy/pool/TypePool$AbstractBase$RawAnnotationValue
2024-11-12 13:41:16,170 INFO  CreateClassResetClassAdapter - Creating brand-new static initializer in class net/bytebuddy/pool/TypePool$AbstractBase$RawAnnotationValue
2024-11-12 13:41:16,170 INFO  EvoClassLoader - Keeping class: net.bytebuddy.pool.TypePool$AbstractBase$RawAnnotationValue
2024-11-12 13:41:16,170 INFO  EvoClassLoader - Seeing class for first time: net.bytebuddy.pool.TypePool$AbstractBase$ArrayTypeResolution
2024-11-12 13:41:16,170 INFO  EvoClassLoader - Instrumenting class 'net.bytebuddy.pool.TypePool$AbstractBase$ArrayTypeResolution'.
2024-11-12 13:41:16,170 INFO  MethodCallReplacementClassAdapter - Adding mock interface to class net/bytebuddy/pool/TypePool$AbstractBase$ArrayTypeResolution
2024-11-12 13:41:16,171 INFO  CreateClassResetClassAdapter - Creating brand-new static initializer in class net/bytebuddy/pool/TypePool$AbstractBase$ArrayTypeResolution
2024-11-12 13:41:16,171 INFO  EvoClassLoader - Keeping class: net.bytebuddy.pool.TypePool$AbstractBase$ArrayTypeResolution
2024-11-12 13:41:16,171 INFO  EvoClassLoader - Seeing class for first time: net.bytebuddy.pool.TypePool$CacheProvider
2024-11-12 13:41:16,171 INFO  EvoClassLoader - Instrumenting class 'net.bytebuddy.pool.TypePool$CacheProvider'.
2024-11-12 13:41:16,171 INFO  EvoClassLoader - Keeping class: net.bytebuddy.pool.TypePool$CacheProvider
2024-11-12 13:41:16,171 INFO  EvoClassLoader - Seeing class for first time: net.bytebuddy.pool.TypePool$Empty
2024-11-12 13:41:16,171 INFO  EvoClassLoader - Instrumenting class 'net.bytebuddy.pool.TypePool$Empty'.
2024-11-12 13:41:16,171 INFO  MethodCallReplacementClassAdapter - Adding mock interface to class net/bytebuddy/pool/TypePool$Empty
2024-11-12 13:41:16,171 INFO  CreateClassResetClassAdapter - Found static initializer in class net/bytebuddy/pool/TypePool$Empty
2024-11-12 13:41:16,172 INFO  EvoClassLoader - Keeping class: net.bytebuddy.pool.TypePool$Empty
2024-11-12 13:41:16,172 INFO  EvoClassLoader - Seeing class for first time: net.bytebuddy.pool.TypePool$CacheProvider$NoOp
2024-11-12 13:41:16,172 INFO  EvoClassLoader - Instrumenting class 'net.bytebuddy.pool.TypePool$CacheProvider$NoOp'.
2024-11-12 13:41:16,172 INFO  MethodCallReplacementClassAdapter - Adding mock interface to class net/bytebuddy/pool/TypePool$CacheProvider$NoOp
2024-11-12 13:41:16,172 INFO  CreateClassResetClassAdapter - Found static initializer in class net/bytebuddy/pool/TypePool$CacheProvider$NoOp
2024-11-12 13:41:16,173 INFO  EvoClassLoader - Keeping class: net.bytebuddy.pool.TypePool$CacheProvider$NoOp
2024-11-12 13:41:16,173 INFO  EvoClassLoader - Seeing class for first time: net.bytebuddy.pool.TypePool$CacheProvider$Simple
2024-11-12 13:41:16,173 INFO  EvoClassLoader - Instrumenting class 'net.bytebuddy.pool.TypePool$CacheProvider$Simple'.
2024-11-12 13:41:16,173 INFO  MethodCallReplacementClassAdapter - Adding mock interface to class net/bytebuddy/pool/TypePool$CacheProvider$Simple
2024-11-12 13:41:16,173 INFO  CreateClassResetClassAdapter - Creating brand-new static initializer in class net/bytebuddy/pool/TypePool$CacheProvider$Simple
2024-11-12 13:41:16,173 INFO  EvoClassLoader - Keeping class: net.bytebuddy.pool.TypePool$CacheProvider$Simple
2024-11-12 13:41:16,173 INFO  EvoClassLoader - Seeing class for first time: net.bytebuddy.implementation.SuperMethodCall
2024-11-12 13:41:16,173 INFO  EvoClassLoader - Instrumenting class 'net.bytebuddy.implementation.SuperMethodCall'.
2024-11-12 13:41:16,174 INFO  MethodCallReplacementClassAdapter - Adding mock interface to class net/bytebuddy/implementation/SuperMethodCall
2024-11-12 13:41:16,174 INFO  CreateClassResetClassAdapter - Found static initializer in class net/bytebuddy/implementation/SuperMethodCall
2024-11-12 13:41:16,174 INFO  EvoClassLoader - Keeping class: net.bytebuddy.implementation.SuperMethodCall
2024-11-12 13:41:16,174 INFO  EvoClassLoader - Seeing class for first time: net.bytebuddy.description.type.TypeDescription$Generic$LazyProjection$WithEagerNavigation
2024-11-12 13:41:16,174 INFO  EvoClassLoader - Instrumenting class 'net.bytebuddy.description.type.TypeDescription$Generic$LazyProjection$WithEagerNavigation'.
2024-11-12 13:41:16,174 INFO  MethodCallReplacementClassAdapter - Adding mock interface to class net/bytebuddy/description/type/TypeDescription$Generic$LazyProjection$WithEagerNavigation
2024-11-12 13:41:16,174 INFO  CreateClassResetClassAdapter - Creating brand-new static initializer in class net/bytebuddy/description/type/TypeDescription$Generic$LazyProjection$WithEagerNavigation
2024-11-12 13:41:16,175 INFO  EvoClassLoader - Keeping class: net.bytebuddy.description.type.TypeDescription$Generic$LazyProjection$WithEagerNavigation
2024-11-12 13:41:16,175 INFO  EvoClassLoader - Seeing class for first time: net.bytebuddy.description.type.TypeDescription$Generic$LazyProjection$WithResolvedErasure
2024-11-12 13:41:16,175 INFO  EvoClassLoader - Instrumenting class 'net.bytebuddy.description.type.TypeDescription$Generic$LazyProjection$WithResolvedErasure'.
2024-11-12 13:41:16,175 INFO  MethodCallReplacementClassAdapter - Adding mock interface to class net/bytebuddy/description/type/TypeDescription$Generic$LazyProjection$WithResolvedErasure
2024-11-12 13:41:16,175 INFO  CreateClassResetClassAdapter - Creating brand-new static initializer in class net/bytebuddy/description/type/TypeDescription$Generic$LazyProjection$WithResolvedErasure
2024-11-12 13:41:16,175 INFO  EvoClassLoader - Keeping class: net.bytebuddy.description.type.TypeDescription$Generic$LazyProjection$WithResolvedErasure
2024-11-12 13:41:16,175 INFO  EvoClassLoader - Seeing class for first time: net.bytebuddy.description.type.TypeDescription$Generic$LazyProjection$OfMethodParameter
2024-11-12 13:41:16,175 INFO  EvoClassLoader - Instrumenting class 'net.bytebuddy.description.type.TypeDescription$Generic$LazyProjection$OfMethodParameter'.
2024-11-12 13:41:16,175 INFO  MethodCallReplacementClassAdapter - Adding mock interface to class net/bytebuddy/description/type/TypeDescription$Generic$LazyProjection$OfMethodParameter
2024-11-12 13:41:16,175 INFO  CreateClassResetClassAdapter - Creating brand-new static initializer in class net/bytebuddy/description/type/TypeDescription$Generic$LazyProjection$OfMethodParameter
2024-11-12 13:41:16,175 INFO  EvoClassLoader - Seeing class for first time: net.bytebuddy.description.type.TypeDescription$Generic$LazyProjection$WithEagerNavigation$OfAnnotatedElement
2024-11-12 13:41:16,175 INFO  EvoClassLoader - Instrumenting class 'net.bytebuddy.description.type.TypeDescription$Generic$LazyProjection$WithEagerNavigation$OfAnnotatedElement'.
2024-11-12 13:41:16,175 INFO  MethodCallReplacementClassAdapter - Adding mock interface to class net/bytebuddy/description/type/TypeDescription$Generic$LazyProjection$WithEagerNavigation$OfAnnotatedElement
2024-11-12 13:41:16,175 INFO  CreateClassResetClassAdapter - Creating brand-new static initializer in class net/bytebuddy/description/type/TypeDescription$Generic$LazyProjection$WithEagerNavigation$OfAnnotatedElement
2024-11-12 13:41:16,176 INFO  EvoClassLoader - Keeping class: net.bytebuddy.description.type.TypeDescription$Generic$LazyProjection$WithEagerNavigation$OfAnnotatedElement
2024-11-12 13:41:16,176 INFO  EvoClassLoader - Keeping class: net.bytebuddy.description.type.TypeDescription$Generic$LazyProjection$OfMethodParameter
2024-11-12 13:41:16,176 INFO  EvoClassLoader - Seeing class for first time: net.bytebuddy.description.type.TypeDescription$Generic$LazyProjection$OfConstructorParameter
2024-11-12 13:41:16,176 INFO  EvoClassLoader - Instrumenting class 'net.bytebuddy.description.type.TypeDescription$Generic$LazyProjection$OfConstructorParameter'.
2024-11-12 13:41:16,176 INFO  MethodCallReplacementClassAdapter - Adding mock interface to class net/bytebuddy/description/type/TypeDescription$Generic$LazyProjection$OfConstructorParameter
2024-11-12 13:41:16,176 INFO  CreateClassResetClassAdapter - Creating brand-new static initializer in class net/bytebuddy/description/type/TypeDescription$Generic$LazyProjection$OfConstructorParameter
2024-11-12 13:41:16,176 INFO  EvoClassLoader - Keeping class: net.bytebuddy.description.type.TypeDescription$Generic$LazyProjection$OfConstructorParameter
2024-11-12 13:41:16,176 INFO  EvoClassLoader - Seeing class for first time: net.bytebuddy.description.type.TypeDescription$Generic$LazyProjection$ForLoadedReturnType
2024-11-12 13:41:16,176 INFO  EvoClassLoader - Instrumenting class 'net.bytebuddy.description.type.TypeDescription$Generic$LazyProjection$ForLoadedReturnType'.
2024-11-12 13:41:16,176 INFO  MethodCallReplacementClassAdapter - Adding mock interface to class net/bytebuddy/description/type/TypeDescription$Generic$LazyProjection$ForLoadedReturnType
2024-11-12 13:41:16,176 INFO  CreateClassResetClassAdapter - Creating brand-new static initializer in class net/bytebuddy/description/type/TypeDescription$Generic$LazyProjection$ForLoadedReturnType
2024-11-12 13:41:16,177 INFO  EvoClassLoader - Keeping class: net.bytebuddy.description.type.TypeDescription$Generic$LazyProjection$ForLoadedReturnType
2024-11-12 13:41:16,177 INFO  EvoClassLoader - Seeing class for first time: net.bytebuddy.description.type.TypeDescription$Generic$LazyProjection$ForLoadedFieldType
2024-11-12 13:41:16,177 INFO  EvoClassLoader - Instrumenting class 'net.bytebuddy.description.type.TypeDescription$Generic$LazyProjection$ForLoadedFieldType'.
2024-11-12 13:41:16,177 INFO  MethodCallReplacementClassAdapter - Adding mock interface to class net/bytebuddy/description/type/TypeDescription$Generic$LazyProjection$ForLoadedFieldType
2024-11-12 13:41:16,177 INFO  CreateClassResetClassAdapter - Creating brand-new static initializer in class net/bytebuddy/description/type/TypeDescription$Generic$LazyProjection$ForLoadedFieldType
2024-11-12 13:41:16,177 INFO  EvoClassLoader - Keeping class: net.bytebuddy.description.type.TypeDescription$Generic$LazyProjection$ForLoadedFieldType
2024-11-12 13:41:16,177 INFO  EvoClassLoader - Seeing class for first time: net.bytebuddy.description.type.TypeDescription$Generic$LazyProjection$ForLoadedSuperClass
2024-11-12 13:41:16,177 INFO  EvoClassLoader - Instrumenting class 'net.bytebuddy.description.type.TypeDescription$Generic$LazyProjection$ForLoadedSuperClass'.
2024-11-12 13:41:16,177 INFO  MethodCallReplacementClassAdapter - Adding mock interface to class net/bytebuddy/description/type/TypeDescription$Generic$LazyProjection$ForLoadedSuperClass
2024-11-12 13:41:16,177 INFO  CreateClassResetClassAdapter - Creating brand-new static initializer in class net/bytebuddy/description/type/TypeDescription$Generic$LazyProjection$ForLoadedSuperClass
2024-11-12 13:41:16,178 INFO  EvoClassLoader - Seeing class for first time: net.bytebuddy.description.type.TypeDescription$Generic$LazyProjection$WithLazyNavigation$OfAnnotatedElement
2024-11-12 13:41:16,178 INFO  EvoClassLoader - Instrumenting class 'net.bytebuddy.description.type.TypeDescription$Generic$LazyProjection$WithLazyNavigation$OfAnnotatedElement'.
2024-11-12 13:41:16,178 INFO  MethodCallReplacementClassAdapter - Adding mock interface to class net/bytebuddy/description/type/TypeDescription$Generic$LazyProjection$WithLazyNavigation$OfAnnotatedElement
2024-11-12 13:41:16,178 INFO  CreateClassResetClassAdapter - Creating brand-new static initializer in class net/bytebuddy/description/type/TypeDescription$Generic$LazyProjection$WithLazyNavigation$OfAnnotatedElement
2024-11-12 13:41:16,178 INFO  EvoClassLoader - Seeing class for first time: net.bytebuddy.description.type.TypeDescription$Generic$LazyProjection$WithLazyNavigation
2024-11-12 13:41:16,178 INFO  EvoClassLoader - Instrumenting class 'net.bytebuddy.description.type.TypeDescription$Generic$LazyProjection$WithLazyNavigation'.
2024-11-12 13:41:16,178 INFO  MethodCallReplacementClassAdapter - Adding mock interface to class net/bytebuddy/description/type/TypeDescription$Generic$LazyProjection$WithLazyNavigation
2024-11-12 13:41:16,178 INFO  CreateClassResetClassAdapter - Creating brand-new static initializer in class net/bytebuddy/description/type/TypeDescription$Generic$LazyProjection$WithLazyNavigation
2024-11-12 13:41:16,178 INFO  EvoClassLoader - Keeping class: net.bytebuddy.description.type.TypeDescription$Generic$LazyProjection$WithLazyNavigation
2024-11-12 13:41:16,178 INFO  EvoClassLoader - Keeping class: net.bytebuddy.description.type.TypeDescription$Generic$LazyProjection$WithLazyNavigation$OfAnnotatedElement
2024-11-12 13:41:16,178 INFO  EvoClassLoader - Keeping class: net.bytebuddy.description.type.TypeDescription$Generic$LazyProjection$ForLoadedSuperClass
2024-11-12 13:41:16,178 INFO  EvoClassLoader - Seeing class for first time: net.bytebuddy.description.type.TypeDescription$Generic$Visitor$Substitutor$ForAttachment
2024-11-12 13:41:16,178 INFO  EvoClassLoader - Instrumenting class 'net.bytebuddy.description.type.TypeDescription$Generic$Visitor$Substitutor$ForAttachment'.
2024-11-12 13:41:16,178 INFO  MethodCallReplacementClassAdapter - Adding mock interface to class net/bytebuddy/description/type/TypeDescription$Generic$Visitor$Substitutor$ForAttachment
2024-11-12 13:41:16,179 INFO  CreateClassResetClassAdapter - Creating brand-new static initializer in class net/bytebuddy/description/type/TypeDescription$Generic$Visitor$Substitutor$ForAttachment
2024-11-12 13:41:16,179 INFO  EvoClassLoader - Keeping class: net.bytebuddy.description.type.TypeDescription$Generic$Visitor$Substitutor$ForAttachment
2024-11-12 13:41:16,179 INFO  EvoClassLoader - Seeing class for first time: net.bytebuddy.matcher.VisibilityMatcher
2024-11-12 13:41:16,179 INFO  EvoClassLoader - Instrumenting class 'net.bytebuddy.matcher.VisibilityMatcher'.
2024-11-12 13:41:16,180 INFO  MethodCallReplacementClassAdapter - Adding mock interface to class net/bytebuddy/matcher/VisibilityMatcher
2024-11-12 13:41:16,180 INFO  CreateClassResetClassAdapter - Creating brand-new static initializer in class net/bytebuddy/matcher/VisibilityMatcher
2024-11-12 13:41:16,180 INFO  EvoClassLoader - Keeping class: net.bytebuddy.matcher.VisibilityMatcher
2024-11-12 13:41:16,180 INFO  EvoClassLoader - Seeing class for first time: net.bytebuddy.description.type.TypeDescription$Generic$AnnotationReader$Dispatcher$CreationAction
2024-11-12 13:41:16,180 INFO  EvoClassLoader - Instrumenting class 'net.bytebuddy.description.type.TypeDescription$Generic$AnnotationReader$Dispatcher$CreationAction'.
2024-11-12 13:41:16,180 INFO  MethodCallReplacementClassAdapter - Adding mock interface to class net/bytebuddy/description/type/TypeDescription$Generic$AnnotationReader$Dispatcher$CreationAction
2024-11-12 13:41:16,180 INFO  CreateClassResetClassAdapter - Found static initializer in class net/bytebuddy/description/type/TypeDescription$Generic$AnnotationReader$Dispatcher$CreationAction
2024-11-12 13:41:16,180 INFO  EvoClassLoader - Keeping class: net.bytebuddy.description.type.TypeDescription$Generic$AnnotationReader$Dispatcher$CreationAction
2024-11-12 13:41:16,180 INFO  EvoClassLoader - Seeing class for first time: net.bytebuddy.description.type.TypeDescription$Generic$AnnotationReader$Dispatcher
2024-11-12 13:41:16,180 INFO  EvoClassLoader - Instrumenting class 'net.bytebuddy.description.type.TypeDescription$Generic$AnnotationReader$Dispatcher'.
2024-11-12 13:41:16,180 INFO  EvoClassLoader - Keeping class: net.bytebuddy.description.type.TypeDescription$Generic$AnnotationReader$Dispatcher
2024-11-12 13:41:16,180 INFO  EvoClassLoader - Seeing class for first time: net.bytebuddy.description.type.TypeDescription$Generic$AnnotationReader$Dispatcher$ForJava8CapableVm
2024-11-12 13:41:16,180 INFO  EvoClassLoader - Instrumenting class 'net.bytebuddy.description.type.TypeDescription$Generic$AnnotationReader$Dispatcher$ForJava8CapableVm'.
2024-11-12 13:41:16,181 INFO  MethodCallReplacementClassAdapter - Adding mock interface to class net/bytebuddy/description/type/TypeDescription$Generic$AnnotationReader$Dispatcher$ForJava8CapableVm
2024-11-12 13:41:16,181 INFO  CreateClassResetClassAdapter - Creating brand-new static initializer in class net/bytebuddy/description/type/TypeDescription$Generic$AnnotationReader$Dispatcher$ForJava8CapableVm
2024-11-12 13:41:16,181 INFO  EvoClassLoader - Keeping class: net.bytebuddy.description.type.TypeDescription$Generic$AnnotationReader$Dispatcher$ForJava8CapableVm
2024-11-12 13:41:16,181 INFO  EvoClassLoader - Seeing class for first time: net.bytebuddy.description.type.TypeDescription$Generic$AnnotationReader$Dispatcher$ForLegacyVm
2024-11-12 13:41:16,181 INFO  EvoClassLoader - Instrumenting class 'net.bytebuddy.description.type.TypeDescription$Generic$AnnotationReader$Dispatcher$ForLegacyVm'.
2024-11-12 13:41:16,181 INFO  MethodCallReplacementClassAdapter - Adding mock interface to class net/bytebuddy/description/type/TypeDescription$Generic$AnnotationReader$Dispatcher$ForLegacyVm
2024-11-12 13:41:16,181 INFO  CreateClassResetClassAdapter - Found static initializer in class net/bytebuddy/description/type/TypeDescription$Generic$AnnotationReader$Dispatcher$ForLegacyVm
2024-11-12 13:41:16,181 INFO  EvoClassLoader - Keeping class: net.bytebuddy.description.type.TypeDescription$Generic$AnnotationReader$Dispatcher$ForLegacyVm
2024-11-12 13:41:16,182 INFO  EvoClassLoader - Seeing class for first time: net.bytebuddy.description.type.TypeDescription$Generic$AnnotationReader$Dispatcher$ForJava8CapableVm$Resolved
2024-11-12 13:41:16,182 INFO  EvoClassLoader - Instrumenting class 'net.bytebuddy.description.type.TypeDescription$Generic$AnnotationReader$Dispatcher$ForJava8CapableVm$Resolved'.
2024-11-12 13:41:16,182 INFO  MethodCallReplacementClassAdapter - Adding mock interface to class net/bytebuddy/description/type/TypeDescription$Generic$AnnotationReader$Dispatcher$ForJava8CapableVm$Resolved
2024-11-12 13:41:16,182 INFO  CreateClassResetClassAdapter - Creating brand-new static initializer in class net/bytebuddy/description/type/TypeDescription$Generic$AnnotationReader$Dispatcher$ForJava8CapableVm$Resolved
2024-11-12 13:41:16,182 INFO  EvoClassLoader - Keeping class: net.bytebuddy.description.type.TypeDescription$Generic$AnnotationReader$Dispatcher$ForJava8CapableVm$Resolved
2024-11-12 13:41:16,182 INFO  EvoClassLoader - Seeing class for first time: net.bytebuddy.description.type.TypeDescription$Generic$AnnotationReader$Dispatcher$ForJava8CapableVm$AnnotatedExceptionType
2024-11-12 13:41:16,182 INFO  EvoClassLoader - Instrumenting class 'net.bytebuddy.description.type.TypeDescription$Generic$AnnotationReader$Dispatcher$ForJava8CapableVm$AnnotatedExceptionType'.
2024-11-12 13:41:16,183 INFO  MethodCallReplacementClassAdapter - Adding mock interface to class net/bytebuddy/description/type/TypeDescription$Generic$AnnotationReader$Dispatcher$ForJava8CapableVm$AnnotatedExceptionType
2024-11-12 13:41:16,183 INFO  CreateClassResetClassAdapter - Creating brand-new static initializer in class net/bytebuddy/description/type/TypeDescription$Generic$AnnotationReader$Dispatcher$ForJava8CapableVm$AnnotatedExceptionType
2024-11-12 13:41:16,183 INFO  EvoClassLoader - Keeping class: net.bytebuddy.description.type.TypeDescription$Generic$AnnotationReader$Dispatcher$ForJava8CapableVm$AnnotatedExceptionType
2024-11-12 13:41:16,183 INFO  EvoClassLoader - Seeing class for first time: net.bytebuddy.description.type.TypeDescription$Generic$AnnotationReader$Dispatcher$ForJava8CapableVm$AnnotatedParameterizedType
2024-11-12 13:41:16,183 INFO  EvoClassLoader - Instrumenting class 'net.bytebuddy.description.type.TypeDescription$Generic$AnnotationReader$Dispatcher$ForJava8CapableVm$AnnotatedParameterizedType'.
2024-11-12 13:41:16,183 INFO  MethodCallReplacementClassAdapter - Adding mock interface to class net/bytebuddy/description/type/TypeDescription$Generic$AnnotationReader$Dispatcher$ForJava8CapableVm$AnnotatedParameterizedType
2024-11-12 13:41:16,184 INFO  CreateClassResetClassAdapter - Creating brand-new static initializer in class net/bytebuddy/description/type/TypeDescription$Generic$AnnotationReader$Dispatcher$ForJava8CapableVm$AnnotatedParameterizedType
2024-11-12 13:41:16,184 INFO  EvoClassLoader - Keeping class: net.bytebuddy.description.type.TypeDescription$Generic$AnnotationReader$Dispatcher$ForJava8CapableVm$AnnotatedParameterizedType
2024-11-12 13:41:16,184 INFO  EvoClassLoader - Seeing class for first time: net.bytebuddy.description.type.TypeDescription$Generic$AnnotationReader$Dispatcher$ForJava8CapableVm$AnnotatedReturnType
2024-11-12 13:41:16,184 INFO  EvoClassLoader - Instrumenting class 'net.bytebuddy.description.type.TypeDescription$Generic$AnnotationReader$Dispatcher$ForJava8CapableVm$AnnotatedReturnType'.
2024-11-12 13:41:16,184 INFO  MethodCallReplacementClassAdapter - Adding mock interface to class net/bytebuddy/description/type/TypeDescription$Generic$AnnotationReader$Dispatcher$ForJava8CapableVm$AnnotatedReturnType
2024-11-12 13:41:16,184 INFO  CreateClassResetClassAdapter - Creating brand-new static initializer in class net/bytebuddy/description/type/TypeDescription$Generic$AnnotationReader$Dispatcher$ForJava8CapableVm$AnnotatedReturnType
2024-11-12 13:41:16,184 INFO  EvoClassLoader - Keeping class: net.bytebuddy.description.type.TypeDescription$Generic$AnnotationReader$Dispatcher$ForJava8CapableVm$AnnotatedReturnType
2024-11-12 13:41:16,184 INFO  EvoClassLoader - Seeing class for first time: net.bytebuddy.description.type.TypeDescription$Generic$AnnotationReader$Dispatcher$ForJava8CapableVm$AnnotatedFieldType
2024-11-12 13:41:16,184 INFO  EvoClassLoader - Instrumenting class 'net.bytebuddy.description.type.TypeDescription$Generic$AnnotationReader$Dispatcher$ForJava8CapableVm$AnnotatedFieldType'.
2024-11-12 13:41:16,184 INFO  MethodCallReplacementClassAdapter - Adding mock interface to class net/bytebuddy/description/type/TypeDescription$Generic$AnnotationReader$Dispatcher$ForJava8CapableVm$AnnotatedFieldType
2024-11-12 13:41:16,184 INFO  CreateClassResetClassAdapter - Creating brand-new static initializer in class net/bytebuddy/description/type/TypeDescription$Generic$AnnotationReader$Dispatcher$ForJava8CapableVm$AnnotatedFieldType
2024-11-12 13:41:16,185 INFO  EvoClassLoader - Keeping class: net.bytebuddy.description.type.TypeDescription$Generic$AnnotationReader$Dispatcher$ForJava8CapableVm$AnnotatedFieldType
2024-11-12 13:41:16,185 INFO  EvoClassLoader - Seeing class for first time: net.bytebuddy.description.type.TypeDescription$Generic$AnnotationReader$Dispatcher$ForJava8CapableVm$AnnotatedInterfaceType
2024-11-12 13:41:16,185 INFO  EvoClassLoader - Instrumenting class 'net.bytebuddy.description.type.TypeDescription$Generic$AnnotationReader$Dispatcher$ForJava8CapableVm$AnnotatedInterfaceType'.
2024-11-12 13:41:16,185 INFO  MethodCallReplacementClassAdapter - Adding mock interface to class net/bytebuddy/description/type/TypeDescription$Generic$AnnotationReader$Dispatcher$ForJava8CapableVm$AnnotatedInterfaceType
2024-11-12 13:41:16,185 INFO  CreateClassResetClassAdapter - Creating brand-new static initializer in class net/bytebuddy/description/type/TypeDescription$Generic$AnnotationReader$Dispatcher$ForJava8CapableVm$AnnotatedInterfaceType
2024-11-12 13:41:16,185 INFO  EvoClassLoader - Keeping class: net.bytebuddy.description.type.TypeDescription$Generic$AnnotationReader$Dispatcher$ForJava8CapableVm$AnnotatedInterfaceType
2024-11-12 13:41:16,185 INFO  EvoClassLoader - Seeing class for first time: net.bytebuddy.description.type.TypeDescription$Generic$AnnotationReader$Dispatcher$ForJava8CapableVm$AnnotatedSuperClass
2024-11-12 13:41:16,185 INFO  EvoClassLoader - Instrumenting class 'net.bytebuddy.description.type.TypeDescription$Generic$AnnotationReader$Dispatcher$ForJava8CapableVm$AnnotatedSuperClass'.
2024-11-12 13:41:16,185 INFO  MethodCallReplacementClassAdapter - Adding mock interface to class net/bytebuddy/description/type/TypeDescription$Generic$AnnotationReader$Dispatcher$ForJava8CapableVm$AnnotatedSuperClass
2024-11-12 13:41:16,185 INFO  CreateClassResetClassAdapter - Creating brand-new static initializer in class net/bytebuddy/description/type/TypeDescription$Generic$AnnotationReader$Dispatcher$ForJava8CapableVm$AnnotatedSuperClass
2024-11-12 13:41:16,185 INFO  EvoClassLoader - Keeping class: net.bytebuddy.description.type.TypeDescription$Generic$AnnotationReader$Dispatcher$ForJava8CapableVm$AnnotatedSuperClass
2024-11-12 13:41:16,185 INFO  EvoClassLoader - Seeing class for first time: net.bytebuddy.description.type.TypeDescription$Generic$AnnotationReader$Dispatcher$ForJava8CapableVm$AnnotatedTypeVariableType
2024-11-12 13:41:16,185 INFO  EvoClassLoader - Instrumenting class 'net.bytebuddy.description.type.TypeDescription$Generic$AnnotationReader$Dispatcher$ForJava8CapableVm$AnnotatedTypeVariableType'.
2024-11-12 13:41:16,185 INFO  MethodCallReplacementClassAdapter - Adding mock interface to class net/bytebuddy/description/type/TypeDescription$Generic$AnnotationReader$Dispatcher$ForJava8CapableVm$AnnotatedTypeVariableType
2024-11-12 13:41:16,186 INFO  CreateClassResetClassAdapter - Creating brand-new static initializer in class net/bytebuddy/description/type/TypeDescription$Generic$AnnotationReader$Dispatcher$ForJava8CapableVm$AnnotatedTypeVariableType
2024-11-12 13:41:16,186 INFO  EvoClassLoader - Keeping class: net.bytebuddy.description.type.TypeDescription$Generic$AnnotationReader$Dispatcher$ForJava8CapableVm$AnnotatedTypeVariableType
2024-11-12 13:41:16,186 INFO  EvoClassLoader - Seeing class for first time: net.bytebuddy.description.type.TypeList$Generic$ForLoadedTypes$OfTypeVariables
2024-11-12 13:41:16,186 INFO  EvoClassLoader - Instrumenting class 'net.bytebuddy.description.type.TypeList$Generic$ForLoadedTypes$OfTypeVariables'.
2024-11-12 13:41:16,186 INFO  MethodCallReplacementClassAdapter - Adding mock interface to class net/bytebuddy/description/type/TypeList$Generic$ForLoadedTypes$OfTypeVariables
2024-11-12 13:41:16,186 INFO  CreateClassResetClassAdapter - Creating brand-new static initializer in class net/bytebuddy/description/type/TypeList$Generic$ForLoadedTypes$OfTypeVariables
2024-11-12 13:41:16,186 INFO  EvoClassLoader - Keeping class: net.bytebuddy.description.type.TypeList$Generic$ForLoadedTypes$OfTypeVariables
2024-11-12 13:41:16,186 INFO  EvoClassLoader - Seeing class for first time: net.bytebuddy.matcher.TypeSortMatcher
2024-11-12 13:41:16,186 INFO  EvoClassLoader - Instrumenting class 'net.bytebuddy.matcher.TypeSortMatcher'.
2024-11-12 13:41:16,186 INFO  MethodCallReplacementClassAdapter - Adding mock interface to class net/bytebuddy/matcher/TypeSortMatcher
2024-11-12 13:41:16,186 INFO  CreateClassResetClassAdapter - Creating brand-new static initializer in class net/bytebuddy/matcher/TypeSortMatcher
2024-11-12 13:41:16,187 INFO  EvoClassLoader - Keeping class: net.bytebuddy.matcher.TypeSortMatcher
2024-11-12 13:41:16,187 INFO  EvoClassLoader - Seeing class for first time: net.bytebuddy.description.method.ParameterList$ForLoadedExecutable$OfConstructor
2024-11-12 13:41:16,187 INFO  EvoClassLoader - Instrumenting class 'net.bytebuddy.description.method.ParameterList$ForLoadedExecutable$OfConstructor'.
2024-11-12 13:41:16,187 INFO  MethodCallReplacementClassAdapter - Adding mock interface to class net/bytebuddy/description/method/ParameterList$ForLoadedExecutable$OfConstructor
2024-11-12 13:41:16,187 INFO  CreateClassResetClassAdapter - Creating brand-new static initializer in class net/bytebuddy/description/method/ParameterList$ForLoadedExecutable$OfConstructor
2024-11-12 13:41:16,187 INFO  EvoClassLoader - Keeping class: net.bytebuddy.description.method.ParameterList$ForLoadedExecutable$OfConstructor
2024-11-12 13:41:16,187 INFO  EvoClassLoader - Seeing class for first time: net.bytebuddy.dynamic.scaffold.subclass.SubclassDynamicTypeBuilder$InstrumentableMatcher
2024-11-12 13:41:16,187 INFO  EvoClassLoader - Instrumenting class 'net.bytebuddy.dynamic.scaffold.subclass.SubclassDynamicTypeBuilder$InstrumentableMatcher'.
2024-11-12 13:41:16,187 INFO  MethodCallReplacementClassAdapter - Adding mock interface to class net/bytebuddy/dynamic/scaffold/subclass/SubclassDynamicTypeBuilder$InstrumentableMatcher
2024-11-12 13:41:16,188 INFO  CreateClassResetClassAdapter - Creating brand-new static initializer in class net/bytebuddy/dynamic/scaffold/subclass/SubclassDynamicTypeBuilder$InstrumentableMatcher
2024-11-12 13:41:16,188 INFO  EvoClassLoader - Keeping class: net.bytebuddy.dynamic.scaffold.subclass.SubclassDynamicTypeBuilder$InstrumentableMatcher
2024-11-12 13:41:16,188 INFO  EvoClassLoader - Seeing class for first time: net.bytebuddy.description.annotation.AnnotationSource$Empty
2024-11-12 13:41:16,188 INFO  EvoClassLoader - Instrumenting class 'net.bytebuddy.description.annotation.AnnotationSource$Empty'.
2024-11-12 13:41:16,188 INFO  MethodCallReplacementClassAdapter - Adding mock interface to class net/bytebuddy/description/annotation/AnnotationSource$Empty
2024-11-12 13:41:16,188 INFO  CreateClassResetClassAdapter - Found static initializer in class net/bytebuddy/description/annotation/AnnotationSource$Empty
2024-11-12 13:41:16,188 INFO  EvoClassLoader - Keeping class: net.bytebuddy.description.annotation.AnnotationSource$Empty
2024-11-12 13:41:16,188 INFO  EvoClassLoader - Seeing class for first time: net.bytebuddy.description.annotation.AnnotationSource$Explicit
2024-11-12 13:41:16,188 INFO  EvoClassLoader - Instrumenting class 'net.bytebuddy.description.annotation.AnnotationSource$Explicit'.
2024-11-12 13:41:16,188 INFO  MethodCallReplacementClassAdapter - Adding mock interface to class net/bytebuddy/description/annotation/AnnotationSource$Explicit
2024-11-12 13:41:16,188 INFO  CreateClassResetClassAdapter - Creating brand-new static initializer in class net/bytebuddy/description/annotation/AnnotationSource$Explicit
2024-11-12 13:41:16,189 INFO  EvoClassLoader - Keeping class: net.bytebuddy.description.annotation.AnnotationSource$Explicit
2024-11-12 13:41:16,189 INFO  EvoClassLoader - Seeing class for first time: net.bytebuddy.dynamic.scaffold.MethodGraph$Compiler$Default$Key
2024-11-12 13:41:16,189 INFO  EvoClassLoader - Instrumenting class 'net.bytebuddy.dynamic.scaffold.MethodGraph$Compiler$Default$Key'.
2024-11-12 13:41:16,189 INFO  MethodCallReplacementClassAdapter - Adding mock interface to class net/bytebuddy/dynamic/scaffold/MethodGraph$Compiler$Default$Key
2024-11-12 13:41:16,189 INFO  CreateClassResetClassAdapter - Creating brand-new static initializer in class net/bytebuddy/dynamic/scaffold/MethodGraph$Compiler$Default$Key
2024-11-12 13:41:16,189 INFO  EvoClassLoader - Keeping class: net.bytebuddy.dynamic.scaffold.MethodGraph$Compiler$Default$Key
2024-11-12 13:41:16,189 INFO  EvoClassLoader - Seeing class for first time: net.bytebuddy.dynamic.scaffold.MethodGraph$Compiler$Default$Key$Store$Entry$Initial
2024-11-12 13:41:16,189 INFO  EvoClassLoader - Instrumenting class 'net.bytebuddy.dynamic.scaffold.MethodGraph$Compiler$Default$Key$Store$Entry$Initial'.
2024-11-12 13:41:16,189 INFO  MethodCallReplacementClassAdapter - Adding mock interface to class net/bytebuddy/dynamic/scaffold/MethodGraph$Compiler$Default$Key$Store$Entry$Initial
2024-11-12 13:41:16,190 INFO  CreateClassResetClassAdapter - Creating brand-new static initializer in class net/bytebuddy/dynamic/scaffold/MethodGraph$Compiler$Default$Key$Store$Entry$Initial
2024-11-12 13:41:16,190 INFO  EvoClassLoader - Seeing class for first time: net.bytebuddy.dynamic.scaffold.MethodGraph$Compiler$Default$Key$Store$Entry
2024-11-12 13:41:16,190 INFO  EvoClassLoader - Instrumenting class 'net.bytebuddy.dynamic.scaffold.MethodGraph$Compiler$Default$Key$Store$Entry'.
2024-11-12 13:41:16,190 INFO  EvoClassLoader - Keeping class: net.bytebuddy.dynamic.scaffold.MethodGraph$Compiler$Default$Key$Store$Entry
2024-11-12 13:41:16,190 INFO  EvoClassLoader - Keeping class: net.bytebuddy.dynamic.scaffold.MethodGraph$Compiler$Default$Key$Store$Entry$Initial
2024-11-12 13:41:16,190 INFO  EvoClassLoader - Seeing class for first time: net.bytebuddy.dynamic.scaffold.MethodGraph$Compiler$Default$Key$Store$Entry$Resolved
2024-11-12 13:41:16,190 INFO  EvoClassLoader - Instrumenting class 'net.bytebuddy.dynamic.scaffold.MethodGraph$Compiler$Default$Key$Store$Entry$Resolved'.
2024-11-12 13:41:16,190 INFO  MethodCallReplacementClassAdapter - Adding mock interface to class net/bytebuddy/dynamic/scaffold/MethodGraph$Compiler$Default$Key$Store$Entry$Resolved
2024-11-12 13:41:16,190 INFO  CreateClassResetClassAdapter - Creating brand-new static initializer in class net/bytebuddy/dynamic/scaffold/MethodGraph$Compiler$Default$Key$Store$Entry$Resolved
2024-11-12 13:41:16,190 INFO  CreateClassResetClassAdapter - Adding bytecode for initializing field MADE_VISIBLE
2024-11-12 13:41:16,190 INFO  CreateClassResetClassAdapter - Adding bytecode for initializing field NOT_MADE_VISIBLE
2024-11-12 13:41:16,190 INFO  EvoClassLoader - Keeping class: net.bytebuddy.dynamic.scaffold.MethodGraph$Compiler$Default$Key$Store$Entry$Resolved
2024-11-12 13:41:16,190 INFO  EvoClassLoader - Seeing class for first time: net.bytebuddy.dynamic.scaffold.MethodGraph$Compiler$Default$Key$Store$Entry$Ambiguous
2024-11-12 13:41:16,190 INFO  EvoClassLoader - Instrumenting class 'net.bytebuddy.dynamic.scaffold.MethodGraph$Compiler$Default$Key$Store$Entry$Ambiguous'.
2024-11-12 13:41:16,191 INFO  MethodCallReplacementClassAdapter - Adding mock interface to class net/bytebuddy/dynamic/scaffold/MethodGraph$Compiler$Default$Key$Store$Entry$Ambiguous
2024-11-12 13:41:16,191 INFO  CreateClassResetClassAdapter - Creating brand-new static initializer in class net/bytebuddy/dynamic/scaffold/MethodGraph$Compiler$Default$Key$Store$Entry$Ambiguous
2024-11-12 13:41:16,191 INFO  EvoClassLoader - Keeping class: net.bytebuddy.dynamic.scaffold.MethodGraph$Compiler$Default$Key$Store$Entry$Ambiguous
2024-11-12 13:41:16,191 INFO  EvoClassLoader - Seeing class for first time: net.bytebuddy.description.type.TypeList$Generic$ForDetachedTypes$WithResolvedErasure
2024-11-12 13:41:16,191 INFO  EvoClassLoader - Instrumenting class 'net.bytebuddy.description.type.TypeList$Generic$ForDetachedTypes$WithResolvedErasure'.
2024-11-12 13:41:16,191 INFO  MethodCallReplacementClassAdapter - Adding mock interface to class net/bytebuddy/description/type/TypeList$Generic$ForDetachedTypes$WithResolvedErasure
2024-11-12 13:41:16,191 INFO  CreateClassResetClassAdapter - Creating brand-new static initializer in class net/bytebuddy/description/type/TypeList$Generic$ForDetachedTypes$WithResolvedErasure
2024-11-12 13:41:16,191 INFO  EvoClassLoader - Keeping class: net.bytebuddy.description.type.TypeList$Generic$ForDetachedTypes$WithResolvedErasure
2024-11-12 13:41:16,191 INFO  EvoClassLoader - Seeing class for first time: net.bytebuddy.description.type.TypeList$Generic$ForDetachedTypes$OfTypeVariables
2024-11-12 13:41:16,191 INFO  EvoClassLoader - Instrumenting class 'net.bytebuddy.description.type.TypeList$Generic$ForDetachedTypes$OfTypeVariables'.
2024-11-12 13:41:16,192 INFO  MethodCallReplacementClassAdapter - Adding mock interface to class net/bytebuddy/description/type/TypeList$Generic$ForDetachedTypes$OfTypeVariables
2024-11-12 13:41:16,192 INFO  CreateClassResetClassAdapter - Creating brand-new static initializer in class net/bytebuddy/description/type/TypeList$Generic$ForDetachedTypes$OfTypeVariables
2024-11-12 13:41:16,192 INFO  EvoClassLoader - Keeping class: net.bytebuddy.description.type.TypeList$Generic$ForDetachedTypes$OfTypeVariables
2024-11-12 13:41:16,193 INFO  EvoClassLoader - Seeing class for first time: net.bytebuddy.dynamic.scaffold.MethodGraph$Compiler$Default$Key$Harmonized
2024-11-12 13:41:16,193 INFO  EvoClassLoader - Instrumenting class 'net.bytebuddy.dynamic.scaffold.MethodGraph$Compiler$Default$Key$Harmonized'.
2024-11-12 13:41:16,193 INFO  MethodCallReplacementClassAdapter - Adding mock interface to class net/bytebuddy/dynamic/scaffold/MethodGraph$Compiler$Default$Key$Harmonized
2024-11-12 13:41:16,193 INFO  CreateClassResetClassAdapter - Creating brand-new static initializer in class net/bytebuddy/dynamic/scaffold/MethodGraph$Compiler$Default$Key$Harmonized
2024-11-12 13:41:16,194 INFO  EvoClassLoader - Keeping class: net.bytebuddy.dynamic.scaffold.MethodGraph$Compiler$Default$Key$Harmonized
2024-11-12 13:41:16,194 INFO  EvoClassLoader - Seeing class for first time: net.bytebuddy.dynamic.scaffold.MethodGraph$Compiler$Default$Key$Detached
2024-11-12 13:41:16,194 INFO  EvoClassLoader - Instrumenting class 'net.bytebuddy.dynamic.scaffold.MethodGraph$Compiler$Default$Key$Detached'.
2024-11-12 13:41:16,194 INFO  MethodCallReplacementClassAdapter - Adding mock interface to class net/bytebuddy/dynamic/scaffold/MethodGraph$Compiler$Default$Key$Detached
2024-11-12 13:41:16,194 INFO  CreateClassResetClassAdapter - Creating brand-new static initializer in class net/bytebuddy/dynamic/scaffold/MethodGraph$Compiler$Default$Key$Detached
2024-11-12 13:41:16,194 INFO  EvoClassLoader - Keeping class: net.bytebuddy.dynamic.scaffold.MethodGraph$Compiler$Default$Key$Detached
2024-11-12 13:41:16,195 INFO  EvoClassLoader - Seeing class for first time: net.bytebuddy.dynamic.scaffold.MethodGraph$Node
2024-11-12 13:41:16,195 INFO  EvoClassLoader - Instrumenting class 'net.bytebuddy.dynamic.scaffold.MethodGraph$Node'.
2024-11-12 13:41:16,195 INFO  EvoClassLoader - Keeping class: net.bytebuddy.dynamic.scaffold.MethodGraph$Node
2024-11-12 13:41:16,196 INFO  EvoClassLoader - Seeing class for first time: net.bytebuddy.description.type.TypeDescription$Generic$OfParameterizedType$ForLoadedType
2024-11-12 13:41:16,196 INFO  EvoClassLoader - Instrumenting class 'net.bytebuddy.description.type.TypeDescription$Generic$OfParameterizedType$ForLoadedType'.
2024-11-12 13:41:16,196 INFO  MethodCallReplacementClassAdapter - Adding mock interface to class net/bytebuddy/description/type/TypeDescription$Generic$OfParameterizedType$ForLoadedType
2024-11-12 13:41:16,196 INFO  CreateClassResetClassAdapter - Creating brand-new static initializer in class net/bytebuddy/description/type/TypeDescription$Generic$OfParameterizedType$ForLoadedType
2024-11-12 13:41:16,196 INFO  EvoClassLoader - Keeping class: net.bytebuddy.description.type.TypeDescription$Generic$OfParameterizedType$ForLoadedType
2024-11-12 13:41:16,196 INFO  EvoClassLoader - Seeing class for first time: net.bytebuddy.description.type.TypeDescription$Generic$OfParameterizedType$ForGenerifiedErasure
2024-11-12 13:41:16,196 INFO  EvoClassLoader - Instrumenting class 'net.bytebuddy.description.type.TypeDescription$Generic$OfParameterizedType$ForGenerifiedErasure'.
2024-11-12 13:41:16,196 INFO  MethodCallReplacementClassAdapter - Adding mock interface to class net/bytebuddy/description/type/TypeDescription$Generic$OfParameterizedType$ForGenerifiedErasure
2024-11-12 13:41:16,197 INFO  CreateClassResetClassAdapter - Creating brand-new static initializer in class net/bytebuddy/description/type/TypeDescription$Generic$OfParameterizedType$ForGenerifiedErasure
2024-11-12 13:41:16,197 INFO  EvoClassLoader - Keeping class: net.bytebuddy.description.type.TypeDescription$Generic$OfParameterizedType$ForGenerifiedErasure
2024-11-12 13:41:16,197 INFO  EvoClassLoader - Seeing class for first time: net.bytebuddy.description.type.TypeDescription$Generic$OfParameterizedType$ForReifiedType
2024-11-12 13:41:16,197 INFO  EvoClassLoader - Instrumenting class 'net.bytebuddy.description.type.TypeDescription$Generic$OfParameterizedType$ForReifiedType'.
2024-11-12 13:41:16,197 INFO  MethodCallReplacementClassAdapter - Adding mock interface to class net/bytebuddy/description/type/TypeDescription$Generic$OfParameterizedType$ForReifiedType
2024-11-12 13:41:16,198 INFO  CreateClassResetClassAdapter - Creating brand-new static initializer in class net/bytebuddy/description/type/TypeDescription$Generic$OfParameterizedType$ForReifiedType
2024-11-12 13:41:16,198 INFO  EvoClassLoader - Keeping class: net.bytebuddy.description.type.TypeDescription$Generic$OfParameterizedType$ForReifiedType
2024-11-12 13:41:16,198 INFO  EvoClassLoader - Seeing class for first time: net.bytebuddy.description.type.TypeDescription$Generic$OfParameterizedType$Latent
2024-11-12 13:41:16,198 INFO  EvoClassLoader - Instrumenting class 'net.bytebuddy.description.type.TypeDescription$Generic$OfParameterizedType$Latent'.
2024-11-12 13:41:16,198 INFO  MethodCallReplacementClassAdapter - Adding mock interface to class net/bytebuddy/description/type/TypeDescription$Generic$OfParameterizedType$Latent
2024-11-12 13:41:16,198 INFO  CreateClassResetClassAdapter - Creating brand-new static initializer in class net/bytebuddy/description/type/TypeDescription$Generic$OfParameterizedType$Latent
2024-11-12 13:41:16,198 INFO  EvoClassLoader - Keeping class: net.bytebuddy.description.type.TypeDescription$Generic$OfParameterizedType$Latent
2024-11-12 13:41:16,198 INFO  EvoClassLoader - Seeing class for first time: net.bytebuddy.description.type.TypeList$Generic$OfLoadedInterfaceTypes$TypeProjection
2024-11-12 13:41:16,198 INFO  EvoClassLoader - Instrumenting class 'net.bytebuddy.description.type.TypeList$Generic$OfLoadedInterfaceTypes$TypeProjection'.
2024-11-12 13:41:16,198 INFO  MethodCallReplacementClassAdapter - Adding mock interface to class net/bytebuddy/description/type/TypeList$Generic$OfLoadedInterfaceTypes$TypeProjection
2024-11-12 13:41:16,198 INFO  CreateClassResetClassAdapter - Creating brand-new static initializer in class net/bytebuddy/description/type/TypeList$Generic$OfLoadedInterfaceTypes$TypeProjection
2024-11-12 13:41:16,198 INFO  EvoClassLoader - Keeping class: net.bytebuddy.description.type.TypeList$Generic$OfLoadedInterfaceTypes$TypeProjection
2024-11-12 13:41:16,199 INFO  EvoClassLoader - Seeing class for first time: net.bytebuddy.description.modifier.Visibility$1
2024-11-12 13:41:16,199 INFO  EvoClassLoader - Instrumenting class 'net.bytebuddy.description.modifier.Visibility$1'.
2024-11-12 13:41:16,199 INFO  MethodCallReplacementClassAdapter - Adding mock interface to class net/bytebuddy/description/modifier/Visibility$1
2024-11-12 13:41:16,199 INFO  EvoClassLoader - Keeping class: net.bytebuddy.description.modifier.Visibility$1
2024-11-12 13:41:16,199 INFO  EvoClassLoader - Seeing class for first time: net.bytebuddy.description.type.TypeDescription$Generic$OfGenericArray$ForLoadedType
2024-11-12 13:41:16,199 INFO  EvoClassLoader - Instrumenting class 'net.bytebuddy.description.type.TypeDescription$Generic$OfGenericArray$ForLoadedType'.
2024-11-12 13:41:16,200 INFO  MethodCallReplacementClassAdapter - Adding mock interface to class net/bytebuddy/description/type/TypeDescription$Generic$OfGenericArray$ForLoadedType
2024-11-12 13:41:16,200 INFO  CreateClassResetClassAdapter - Creating brand-new static initializer in class net/bytebuddy/description/type/TypeDescription$Generic$OfGenericArray$ForLoadedType
2024-11-12 13:41:16,200 INFO  EvoClassLoader - Keeping class: net.bytebuddy.description.type.TypeDescription$Generic$OfGenericArray$ForLoadedType
2024-11-12 13:41:16,200 INFO  EvoClassLoader - Seeing class for first time: net.bytebuddy.dynamic.scaffold.MethodGraph$Compiler$Default$Key$Store$Entry$Resolved$Node
2024-11-12 13:41:16,200 INFO  EvoClassLoader - Instrumenting class 'net.bytebuddy.dynamic.scaffold.MethodGraph$Compiler$Default$Key$Store$Entry$Resolved$Node'.
2024-11-12 13:41:16,201 INFO  MethodCallReplacementClassAdapter - Adding mock interface to class net/bytebuddy/dynamic/scaffold/MethodGraph$Compiler$Default$Key$Store$Entry$Resolved$Node
2024-11-12 13:41:16,201 INFO  CreateClassResetClassAdapter - Creating brand-new static initializer in class net/bytebuddy/dynamic/scaffold/MethodGraph$Compiler$Default$Key$Store$Entry$Resolved$Node
2024-11-12 13:41:16,201 INFO  EvoClassLoader - Keeping class: net.bytebuddy.dynamic.scaffold.MethodGraph$Compiler$Default$Key$Store$Entry$Resolved$Node
2024-11-12 13:41:16,201 INFO  EvoClassLoader - Seeing class for first time: net.bytebuddy.dynamic.scaffold.MethodGraph$Node$Sort
2024-11-12 13:41:16,201 INFO  EvoClassLoader - Instrumenting class 'net.bytebuddy.dynamic.scaffold.MethodGraph$Node$Sort'.
2024-11-12 13:41:16,201 INFO  MethodCallReplacementClassAdapter - Adding mock interface to class net/bytebuddy/dynamic/scaffold/MethodGraph$Node$Sort
2024-11-12 13:41:16,201 INFO  CreateClassResetClassAdapter - Found static initializer in class net/bytebuddy/dynamic/scaffold/MethodGraph$Node$Sort
2024-11-12 13:41:16,201 INFO  EvoClassLoader - Keeping class: net.bytebuddy.dynamic.scaffold.MethodGraph$Node$Sort
2024-11-12 13:41:16,202 INFO  EvoClassLoader - Seeing class for first time: net.bytebuddy.dynamic.scaffold.MethodGraph$Compiler$Default$Key$Store$Graph
2024-11-12 13:41:16,202 INFO  EvoClassLoader - Instrumenting class 'net.bytebuddy.dynamic.scaffold.MethodGraph$Compiler$Default$Key$Store$Graph'.
2024-11-12 13:41:16,202 INFO  MethodCallReplacementClassAdapter - Adding mock interface to class net/bytebuddy/dynamic/scaffold/MethodGraph$Compiler$Default$Key$Store$Graph
2024-11-12 13:41:16,202 INFO  CreateClassResetClassAdapter - Creating brand-new static initializer in class net/bytebuddy/dynamic/scaffold/MethodGraph$Compiler$Default$Key$Store$Graph
2024-11-12 13:41:16,202 INFO  EvoClassLoader - Keeping class: net.bytebuddy.dynamic.scaffold.MethodGraph$Compiler$Default$Key$Store$Graph
2024-11-12 13:41:16,202 INFO  EvoClassLoader - Seeing class for first time: net.bytebuddy.dynamic.scaffold.MethodGraph$Node$Unresolved
2024-11-12 13:41:16,202 INFO  EvoClassLoader - Instrumenting class 'net.bytebuddy.dynamic.scaffold.MethodGraph$Node$Unresolved'.
2024-11-12 13:41:16,202 INFO  MethodCallReplacementClassAdapter - Adding mock interface to class net/bytebuddy/dynamic/scaffold/MethodGraph$Node$Unresolved
2024-11-12 13:41:16,202 INFO  CreateClassResetClassAdapter - Found static initializer in class net/bytebuddy/dynamic/scaffold/MethodGraph$Node$Unresolved
2024-11-12 13:41:16,203 INFO  EvoClassLoader - Keeping class: net.bytebuddy.dynamic.scaffold.MethodGraph$Node$Unresolved
2024-11-12 13:41:16,203 INFO  EvoClassLoader - Seeing class for first time: net.bytebuddy.dynamic.scaffold.MethodGraph$NodeList
2024-11-12 13:41:16,203 INFO  EvoClassLoader - Instrumenting class 'net.bytebuddy.dynamic.scaffold.MethodGraph$NodeList'.
2024-11-12 13:41:16,203 INFO  MethodCallReplacementClassAdapter - Adding mock interface to class net/bytebuddy/dynamic/scaffold/MethodGraph$NodeList
2024-11-12 13:41:16,203 INFO  CreateClassResetClassAdapter - Creating brand-new static initializer in class net/bytebuddy/dynamic/scaffold/MethodGraph$NodeList
2024-11-12 13:41:16,203 INFO  EvoClassLoader - Keeping class: net.bytebuddy.dynamic.scaffold.MethodGraph$NodeList
2024-11-12 13:41:16,203 INFO  EvoClassLoader - Seeing class for first time: net.bytebuddy.dynamic.scaffold.MethodGraph$Linked$Delegation
2024-11-12 13:41:16,203 INFO  EvoClassLoader - Instrumenting class 'net.bytebuddy.dynamic.scaffold.MethodGraph$Linked$Delegation'.
2024-11-12 13:41:16,203 INFO  MethodCallReplacementClassAdapter - Adding mock interface to class net/bytebuddy/dynamic/scaffold/MethodGraph$Linked$Delegation
2024-11-12 13:41:16,204 INFO  CreateClassResetClassAdapter - Creating brand-new static initializer in class net/bytebuddy/dynamic/scaffold/MethodGraph$Linked$Delegation
2024-11-12 13:41:16,204 INFO  EvoClassLoader - Keeping class: net.bytebuddy.dynamic.scaffold.MethodGraph$Linked$Delegation
2024-11-12 13:41:16,204 INFO  EvoClassLoader - Seeing class for first time: net.bytebuddy.matcher.NegatingMatcher
2024-11-12 13:41:16,204 INFO  EvoClassLoader - Instrumenting class 'net.bytebuddy.matcher.NegatingMatcher'.
2024-11-12 13:41:16,205 INFO  MethodCallReplacementClassAdapter - Adding mock interface to class net/bytebuddy/matcher/NegatingMatcher
2024-11-12 13:41:16,205 INFO  CreateClassResetClassAdapter - Creating brand-new static initializer in class net/bytebuddy/matcher/NegatingMatcher
2024-11-12 13:41:16,205 INFO  EvoClassLoader - Keeping class: net.bytebuddy.matcher.NegatingMatcher
2024-11-12 13:41:16,205 INFO  EvoClassLoader - Seeing class for first time: net.bytebuddy.matcher.MethodParameterTypeMatcher
2024-11-12 13:41:16,205 INFO  EvoClassLoader - Instrumenting class 'net.bytebuddy.matcher.MethodParameterTypeMatcher'.
2024-11-12 13:41:16,205 INFO  MethodCallReplacementClassAdapter - Adding mock interface to class net/bytebuddy/matcher/MethodParameterTypeMatcher
2024-11-12 13:41:16,205 INFO  CreateClassResetClassAdapter - Creating brand-new static initializer in class net/bytebuddy/matcher/MethodParameterTypeMatcher
2024-11-12 13:41:16,205 INFO  EvoClassLoader - Keeping class: net.bytebuddy.matcher.MethodParameterTypeMatcher
2024-11-12 13:41:16,206 INFO  EvoClassLoader - Seeing class for first time: net.bytebuddy.matcher.CollectionItemMatcher
2024-11-12 13:41:16,206 INFO  EvoClassLoader - Instrumenting class 'net.bytebuddy.matcher.CollectionItemMatcher'.
2024-11-12 13:41:16,206 INFO  MethodCallReplacementClassAdapter - Adding mock interface to class net/bytebuddy/matcher/CollectionItemMatcher
2024-11-12 13:41:16,206 INFO  CreateClassResetClassAdapter - Creating brand-new static initializer in class net/bytebuddy/matcher/CollectionItemMatcher
2024-11-12 13:41:16,206 INFO  EvoClassLoader - Keeping class: net.bytebuddy.matcher.CollectionItemMatcher
2024-11-12 13:41:16,206 INFO  EvoClassLoader - Seeing class for first time: net.bytebuddy.dynamic.scaffold.MethodGraph$Simple
2024-11-12 13:41:16,206 INFO  EvoClassLoader - Instrumenting class 'net.bytebuddy.dynamic.scaffold.MethodGraph$Simple'.
2024-11-12 13:41:16,206 INFO  MethodCallReplacementClassAdapter - Adding mock interface to class net/bytebuddy/dynamic/scaffold/MethodGraph$Simple
2024-11-12 13:41:16,207 INFO  CreateClassResetClassAdapter - Creating brand-new static initializer in class net/bytebuddy/dynamic/scaffold/MethodGraph$Simple
2024-11-12 13:41:16,207 INFO  EvoClassLoader - Keeping class: net.bytebuddy.dynamic.scaffold.MethodGraph$Simple
2024-11-12 13:41:16,207 INFO  EvoClassLoader - Seeing class for first time: net.bytebuddy.description.type.TypeList$Generic$OfMethodExceptionTypes$TypeProjection
2024-11-12 13:41:16,207 INFO  EvoClassLoader - Instrumenting class 'net.bytebuddy.description.type.TypeList$Generic$OfMethodExceptionTypes$TypeProjection'.
2024-11-12 13:41:16,208 INFO  MethodCallReplacementClassAdapter - Adding mock interface to class net/bytebuddy/description/type/TypeList$Generic$OfMethodExceptionTypes$TypeProjection
2024-11-12 13:41:16,208 INFO  CreateClassResetClassAdapter - Creating brand-new static initializer in class net/bytebuddy/description/type/TypeList$Generic$OfMethodExceptionTypes$TypeProjection
2024-11-12 13:41:16,208 INFO  EvoClassLoader - Keeping class: net.bytebuddy.description.type.TypeList$Generic$OfMethodExceptionTypes$TypeProjection
2024-11-12 13:41:16,208 INFO  EvoClassLoader - Seeing class for first time: net.bytebuddy.dynamic.scaffold.MethodGraph$Node$Simple
2024-11-12 13:41:16,208 INFO  EvoClassLoader - Instrumenting class 'net.bytebuddy.dynamic.scaffold.MethodGraph$Node$Simple'.
2024-11-12 13:41:16,209 INFO  MethodCallReplacementClassAdapter - Adding mock interface to class net/bytebuddy/dynamic/scaffold/MethodGraph$Node$Simple
2024-11-12 13:41:16,209 INFO  CreateClassResetClassAdapter - Creating brand-new static initializer in class net/bytebuddy/dynamic/scaffold/MethodGraph$Node$Simple
2024-11-12 13:41:16,209 INFO  EvoClassLoader - Keeping class: net.bytebuddy.dynamic.scaffold.MethodGraph$Node$Simple
2024-11-12 13:41:16,209 INFO  EvoClassLoader - Seeing class for first time: net.bytebuddy.description.type.TypeDescription$Generic$OfParameterizedType$ForLoadedType$ParameterArgumentTypeList
2024-11-12 13:41:16,209 INFO  EvoClassLoader - Instrumenting class 'net.bytebuddy.description.type.TypeDescription$Generic$OfParameterizedType$ForLoadedType$ParameterArgumentTypeList'.
2024-11-12 13:41:16,210 INFO  MethodCallReplacementClassAdapter - Adding mock interface to class net/bytebuddy/description/type/TypeDescription$Generic$OfParameterizedType$ForLoadedType$ParameterArgumentTypeList
2024-11-12 13:41:16,210 INFO  CreateClassResetClassAdapter - Creating brand-new static initializer in class net/bytebuddy/description/type/TypeDescription$Generic$OfParameterizedType$ForLoadedType$ParameterArgumentTypeList
2024-11-12 13:41:16,210 INFO  EvoClassLoader - Keeping class: net.bytebuddy.description.type.TypeDescription$Generic$OfParameterizedType$ForLoadedType$ParameterArgumentTypeList
2024-11-12 13:41:16,211 INFO  EvoClassLoader - Seeing class for first time: net.bytebuddy.description.type.TypeDescription$Generic$OfWildcardType$ForLoadedType
2024-11-12 13:41:16,211 INFO  EvoClassLoader - Instrumenting class 'net.bytebuddy.description.type.TypeDescription$Generic$OfWildcardType$ForLoadedType'.
2024-11-12 13:41:16,211 INFO  MethodCallReplacementClassAdapter - Adding mock interface to class net/bytebuddy/description/type/TypeDescription$Generic$OfWildcardType$ForLoadedType
2024-11-12 13:41:16,211 INFO  CreateClassResetClassAdapter - Creating brand-new static initializer in class net/bytebuddy/description/type/TypeDescription$Generic$OfWildcardType$ForLoadedType
2024-11-12 13:41:16,211 INFO  EvoClassLoader - Keeping class: net.bytebuddy.description.type.TypeDescription$Generic$OfWildcardType$ForLoadedType
2024-11-12 13:41:16,211 INFO  EvoClassLoader - Seeing class for first time: net.bytebuddy.description.type.TypeDescription$Generic$OfWildcardType$Latent
2024-11-12 13:41:16,211 INFO  EvoClassLoader - Instrumenting class 'net.bytebuddy.description.type.TypeDescription$Generic$OfWildcardType$Latent'.
2024-11-12 13:41:16,212 INFO  MethodCallReplacementClassAdapter - Adding mock interface to class net/bytebuddy/description/type/TypeDescription$Generic$OfWildcardType$Latent
2024-11-12 13:41:16,212 INFO  CreateClassResetClassAdapter - Creating brand-new static initializer in class net/bytebuddy/description/type/TypeDescription$Generic$OfWildcardType$Latent
2024-11-12 13:41:16,212 INFO  EvoClassLoader - Keeping class: net.bytebuddy.description.type.TypeDescription$Generic$OfWildcardType$Latent
2024-11-12 13:41:16,212 INFO  EvoClassLoader - Seeing class for first time: net.bytebuddy.description.type.TypeDescription$Generic$OfWildcardType$ForLoadedType$WildcardUpperBoundTypeList
2024-11-12 13:41:16,212 INFO  EvoClassLoader - Instrumenting class 'net.bytebuddy.description.type.TypeDescription$Generic$OfWildcardType$ForLoadedType$WildcardUpperBoundTypeList'.
2024-11-12 13:41:16,212 INFO  MethodCallReplacementClassAdapter - Adding mock interface to class net/bytebuddy/description/type/TypeDescription$Generic$OfWildcardType$ForLoadedType$WildcardUpperBoundTypeList
2024-11-12 13:41:16,212 INFO  CreateClassResetClassAdapter - Creating brand-new static initializer in class net/bytebuddy/description/type/TypeDescription$Generic$OfWildcardType$ForLoadedType$WildcardUpperBoundTypeList
2024-11-12 13:41:16,212 INFO  EvoClassLoader - Keeping class: net.bytebuddy.description.type.TypeDescription$Generic$OfWildcardType$ForLoadedType$WildcardUpperBoundTypeList
2024-11-12 13:41:16,212 INFO  EvoClassLoader - Seeing class for first time: net.bytebuddy.description.type.TypeDescription$Generic$OfWildcardType$ForLoadedType$WildcardLowerBoundTypeList
2024-11-12 13:41:16,212 INFO  EvoClassLoader - Instrumenting class 'net.bytebuddy.description.type.TypeDescription$Generic$OfWildcardType$ForLoadedType$WildcardLowerBoundTypeList'.
2024-11-12 13:41:16,212 INFO  MethodCallReplacementClassAdapter - Adding mock interface to class net/bytebuddy/description/type/TypeDescription$Generic$OfWildcardType$ForLoadedType$WildcardLowerBoundTypeList
2024-11-12 13:41:16,212 INFO  CreateClassResetClassAdapter - Creating brand-new static initializer in class net/bytebuddy/description/type/TypeDescription$Generic$OfWildcardType$ForLoadedType$WildcardLowerBoundTypeList
2024-11-12 13:41:16,212 INFO  EvoClassLoader - Keeping class: net.bytebuddy.description.type.TypeDescription$Generic$OfWildcardType$ForLoadedType$WildcardLowerBoundTypeList
2024-11-12 13:41:16,213 INFO  EvoClassLoader - Seeing class for first time: net.bytebuddy.description.method.MethodDescription$Latent$TypeInitializer
2024-11-12 13:41:16,213 INFO  EvoClassLoader - Instrumenting class 'net.bytebuddy.description.method.MethodDescription$Latent$TypeInitializer'.
2024-11-12 13:41:16,213 INFO  MethodCallReplacementClassAdapter - Adding mock interface to class net/bytebuddy/description/method/MethodDescription$Latent$TypeInitializer
2024-11-12 13:41:16,213 INFO  CreateClassResetClassAdapter - Creating brand-new static initializer in class net/bytebuddy/description/method/MethodDescription$Latent$TypeInitializer
2024-11-12 13:41:16,213 INFO  EvoClassLoader - Keeping class: net.bytebuddy.description.method.MethodDescription$Latent$TypeInitializer
2024-11-12 13:41:16,213 INFO  EvoClassLoader - Seeing class for first time: net.bytebuddy.dynamic.scaffold.subclass.SubclassImplementationTarget$OriginTypeResolver
2024-11-12 13:41:16,213 INFO  EvoClassLoader - Instrumenting class 'net.bytebuddy.dynamic.scaffold.subclass.SubclassImplementationTarget$OriginTypeResolver'.
2024-11-12 13:41:16,214 INFO  MethodCallReplacementClassAdapter - Adding mock interface to class net/bytebuddy/dynamic/scaffold/subclass/SubclassImplementationTarget$OriginTypeResolver
2024-11-12 13:41:16,214 INFO  CreateClassResetClassAdapter - Found static initializer in class net/bytebuddy/dynamic/scaffold/subclass/SubclassImplementationTarget$OriginTypeResolver
2024-11-12 13:41:16,214 INFO  EvoClassLoader - Keeping class: net.bytebuddy.dynamic.scaffold.subclass.SubclassImplementationTarget$OriginTypeResolver
2024-11-12 13:41:16,214 INFO  EvoClassLoader - Seeing class for first time: net.bytebuddy.dynamic.scaffold.subclass.SubclassImplementationTarget
2024-11-12 13:41:16,214 INFO  EvoClassLoader - Instrumenting class 'net.bytebuddy.dynamic.scaffold.subclass.SubclassImplementationTarget'.
2024-11-12 13:41:16,214 INFO  MethodCallReplacementClassAdapter - Adding mock interface to class net/bytebuddy/dynamic/scaffold/subclass/SubclassImplementationTarget
2024-11-12 13:41:16,214 INFO  CreateClassResetClassAdapter - Creating brand-new static initializer in class net/bytebuddy/dynamic/scaffold/subclass/SubclassImplementationTarget
2024-11-12 13:41:16,214 INFO  EvoClassLoader - Seeing class for first time: net.bytebuddy.implementation.Implementation$Target$AbstractBase
2024-11-12 13:41:16,214 INFO  EvoClassLoader - Instrumenting class 'net.bytebuddy.implementation.Implementation$Target$AbstractBase'.
2024-11-12 13:41:16,214 INFO  MethodCallReplacementClassAdapter - Adding mock interface to class net/bytebuddy/implementation/Implementation$Target$AbstractBase
2024-11-12 13:41:16,215 INFO  CreateClassResetClassAdapter - Creating brand-new static initializer in class net/bytebuddy/implementation/Implementation$Target$AbstractBase
2024-11-12 13:41:16,215 INFO  EvoClassLoader - Keeping class: net.bytebuddy.implementation.Implementation$Target$AbstractBase
2024-11-12 13:41:16,215 INFO  EvoClassLoader - Keeping class: net.bytebuddy.dynamic.scaffold.subclass.SubclassImplementationTarget
2024-11-12 13:41:16,215 INFO  EvoClassLoader - Seeing class for first time: net.bytebuddy.dynamic.scaffold.subclass.SubclassImplementationTarget$Factory
2024-11-12 13:41:16,215 INFO  EvoClassLoader - Instrumenting class 'net.bytebuddy.dynamic.scaffold.subclass.SubclassImplementationTarget$Factory'.
2024-11-12 13:41:16,215 INFO  MethodCallReplacementClassAdapter - Adding mock interface to class net/bytebuddy/dynamic/scaffold/subclass/SubclassImplementationTarget$Factory
2024-11-12 13:41:16,215 INFO  CreateClassResetClassAdapter - Found static initializer in class net/bytebuddy/dynamic/scaffold/subclass/SubclassImplementationTarget$Factory
2024-11-12 13:41:16,216 INFO  EvoClassLoader - Keeping class: net.bytebuddy.dynamic.scaffold.subclass.SubclassImplementationTarget$Factory
2024-11-12 13:41:16,216 INFO  EvoClassLoader - Seeing class for first time: net.bytebuddy.dynamic.scaffold.subclass.SubclassImplementationTarget$OriginTypeResolver$1
2024-11-12 13:41:16,216 INFO  EvoClassLoader - Instrumenting class 'net.bytebuddy.dynamic.scaffold.subclass.SubclassImplementationTarget$OriginTypeResolver$1'.
2024-11-12 13:41:16,216 INFO  MethodCallReplacementClassAdapter - Adding mock interface to class net/bytebuddy/dynamic/scaffold/subclass/SubclassImplementationTarget$OriginTypeResolver$1
2024-11-12 13:41:16,216 INFO  EvoClassLoader - Keeping class: net.bytebuddy.dynamic.scaffold.subclass.SubclassImplementationTarget$OriginTypeResolver$1
2024-11-12 13:41:16,216 INFO  EvoClassLoader - Seeing class for first time: net.bytebuddy.dynamic.scaffold.subclass.SubclassImplementationTarget$OriginTypeResolver$2
2024-11-12 13:41:16,216 INFO  EvoClassLoader - Instrumenting class 'net.bytebuddy.dynamic.scaffold.subclass.SubclassImplementationTarget$OriginTypeResolver$2'.
2024-11-12 13:41:16,216 INFO  MethodCallReplacementClassAdapter - Adding mock interface to class net/bytebuddy/dynamic/scaffold/subclass/SubclassImplementationTarget$OriginTypeResolver$2
2024-11-12 13:41:16,216 INFO  EvoClassLoader - Keeping class: net.bytebuddy.dynamic.scaffold.subclass.SubclassImplementationTarget$OriginTypeResolver$2
2024-11-12 13:41:16,217 INFO  EvoClassLoader - Seeing class for first time: net.bytebuddy.implementation.Implementation$SpecialMethodInvocation
2024-11-12 13:41:16,217 INFO  EvoClassLoader - Instrumenting class 'net.bytebuddy.implementation.Implementation$SpecialMethodInvocation'.
2024-11-12 13:41:16,217 INFO  EvoClassLoader - Keeping class: net.bytebuddy.implementation.Implementation$SpecialMethodInvocation
2024-11-12 13:41:16,217 INFO  EvoClassLoader - Seeing class for first time: net.bytebuddy.implementation.Implementation$SpecialMethodInvocation$Illegal
2024-11-12 13:41:16,217 INFO  EvoClassLoader - Instrumenting class 'net.bytebuddy.implementation.Implementation$SpecialMethodInvocation$Illegal'.
2024-11-12 13:41:16,217 INFO  MethodCallReplacementClassAdapter - Adding mock interface to class net/bytebuddy/implementation/Implementation$SpecialMethodInvocation$Illegal
2024-11-12 13:41:16,218 INFO  CreateClassResetClassAdapter - Found static initializer in class net/bytebuddy/implementation/Implementation$SpecialMethodInvocation$Illegal
2024-11-12 13:41:16,218 INFO  EvoClassLoader - Keeping class: net.bytebuddy.implementation.Implementation$SpecialMethodInvocation$Illegal
2024-11-12 13:41:16,218 INFO  EvoClassLoader - Seeing class for first time: net.bytebuddy.implementation.Implementation$Target$AbstractBase$DefaultMethodInvocation
2024-11-12 13:41:16,218 INFO  EvoClassLoader - Instrumenting class 'net.bytebuddy.implementation.Implementation$Target$AbstractBase$DefaultMethodInvocation'.
2024-11-12 13:41:16,218 INFO  MethodCallReplacementClassAdapter - Adding mock interface to class net/bytebuddy/implementation/Implementation$Target$AbstractBase$DefaultMethodInvocation
2024-11-12 13:41:16,218 INFO  CreateClassResetClassAdapter - Found static initializer in class net/bytebuddy/implementation/Implementation$Target$AbstractBase$DefaultMethodInvocation
2024-11-12 13:41:16,218 INFO  EvoClassLoader - Keeping class: net.bytebuddy.implementation.Implementation$Target$AbstractBase$DefaultMethodInvocation
2024-11-12 13:41:16,218 INFO  EvoClassLoader - Seeing class for first time: net.bytebuddy.implementation.Implementation$Target$AbstractBase$DefaultMethodInvocation$1
2024-11-12 13:41:16,218 INFO  EvoClassLoader - Instrumenting class 'net.bytebuddy.implementation.Implementation$Target$AbstractBase$DefaultMethodInvocation$1'.
2024-11-12 13:41:16,219 INFO  MethodCallReplacementClassAdapter - Adding mock interface to class net/bytebuddy/implementation/Implementation$Target$AbstractBase$DefaultMethodInvocation$1
2024-11-12 13:41:16,219 INFO  EvoClassLoader - Keeping class: net.bytebuddy.implementation.Implementation$Target$AbstractBase$DefaultMethodInvocation$1
2024-11-12 13:41:16,219 INFO  EvoClassLoader - Seeing class for first time: net.bytebuddy.implementation.Implementation$Target$AbstractBase$DefaultMethodInvocation$2
2024-11-12 13:41:16,219 INFO  EvoClassLoader - Instrumenting class 'net.bytebuddy.implementation.Implementation$Target$AbstractBase$DefaultMethodInvocation$2'.
2024-11-12 13:41:16,219 INFO  MethodCallReplacementClassAdapter - Adding mock interface to class net/bytebuddy/implementation/Implementation$Target$AbstractBase$DefaultMethodInvocation$2
2024-11-12 13:41:16,219 INFO  EvoClassLoader - Keeping class: net.bytebuddy.implementation.Implementation$Target$AbstractBase$DefaultMethodInvocation$2
2024-11-12 13:41:16,220 INFO  EvoClassLoader - Seeing class for first time: net.bytebuddy.implementation.MethodDelegation$ImplementationDelegate$Compiled$ForStaticCall
2024-11-12 13:41:16,220 INFO  EvoClassLoader - Instrumenting class 'net.bytebuddy.implementation.MethodDelegation$ImplementationDelegate$Compiled$ForStaticCall'.
2024-11-12 13:41:16,220 INFO  MethodCallReplacementClassAdapter - Adding mock interface to class net/bytebuddy/implementation/MethodDelegation$ImplementationDelegate$Compiled$ForStaticCall
2024-11-12 13:41:16,220 INFO  CreateClassResetClassAdapter - Creating brand-new static initializer in class net/bytebuddy/implementation/MethodDelegation$ImplementationDelegate$Compiled$ForStaticCall
2024-11-12 13:41:16,220 INFO  EvoClassLoader - Keeping class: net.bytebuddy.implementation.MethodDelegation$ImplementationDelegate$Compiled$ForStaticCall
2024-11-12 13:41:16,220 INFO  EvoClassLoader - Seeing class for first time: net.bytebuddy.implementation.MethodDelegation$ImplementationDelegate$Compiled$ForConstruction
2024-11-12 13:41:16,220 INFO  EvoClassLoader - Instrumenting class 'net.bytebuddy.implementation.MethodDelegation$ImplementationDelegate$Compiled$ForConstruction'.
2024-11-12 13:41:16,220 INFO  MethodCallReplacementClassAdapter - Adding mock interface to class net/bytebuddy/implementation/MethodDelegation$ImplementationDelegate$Compiled$ForConstruction
2024-11-12 13:41:16,220 INFO  CreateClassResetClassAdapter - Creating brand-new static initializer in class net/bytebuddy/implementation/MethodDelegation$ImplementationDelegate$Compiled$ForConstruction
2024-11-12 13:41:16,220 INFO  EvoClassLoader - Keeping class: net.bytebuddy.implementation.MethodDelegation$ImplementationDelegate$Compiled$ForConstruction
2024-11-12 13:41:16,220 INFO  EvoClassLoader - Seeing class for first time: net.bytebuddy.implementation.MethodDelegation$ImplementationDelegate$Compiled$ForMethodReturn
2024-11-12 13:41:16,220 INFO  EvoClassLoader - Instrumenting class 'net.bytebuddy.implementation.MethodDelegation$ImplementationDelegate$Compiled$ForMethodReturn'.
2024-11-12 13:41:16,220 INFO  MethodCallReplacementClassAdapter - Adding mock interface to class net/bytebuddy/implementation/MethodDelegation$ImplementationDelegate$Compiled$ForMethodReturn
2024-11-12 13:41:16,221 INFO  CreateClassResetClassAdapter - Creating brand-new static initializer in class net/bytebuddy/implementation/MethodDelegation$ImplementationDelegate$Compiled$ForMethodReturn
2024-11-12 13:41:16,221 INFO  EvoClassLoader - Keeping class: net.bytebuddy.implementation.MethodDelegation$ImplementationDelegate$Compiled$ForMethodReturn
2024-11-12 13:41:16,221 INFO  EvoClassLoader - Seeing class for first time: net.bytebuddy.implementation.MethodDelegation$ImplementationDelegate$Compiled$ForField
2024-11-12 13:41:16,221 INFO  EvoClassLoader - Instrumenting class 'net.bytebuddy.implementation.MethodDelegation$ImplementationDelegate$Compiled$ForField'.
2024-11-12 13:41:16,221 INFO  MethodCallReplacementClassAdapter - Adding mock interface to class net/bytebuddy/implementation/MethodDelegation$ImplementationDelegate$Compiled$ForField
2024-11-12 13:41:16,221 INFO  CreateClassResetClassAdapter - Creating brand-new static initializer in class net/bytebuddy/implementation/MethodDelegation$ImplementationDelegate$Compiled$ForField
2024-11-12 13:41:16,221 INFO  EvoClassLoader - Keeping class: net.bytebuddy.implementation.MethodDelegation$ImplementationDelegate$Compiled$ForField
2024-11-12 13:41:16,221 INFO  EvoClassLoader - Seeing class for first time: net.bytebuddy.implementation.MethodDelegation$Appender
2024-11-12 13:41:16,221 INFO  EvoClassLoader - Instrumenting class 'net.bytebuddy.implementation.MethodDelegation$Appender'.
2024-11-12 13:41:16,222 INFO  MethodCallReplacementClassAdapter - Adding mock interface to class net/bytebuddy/implementation/MethodDelegation$Appender
2024-11-12 13:41:16,222 INFO  CreateClassResetClassAdapter - Creating brand-new static initializer in class net/bytebuddy/implementation/MethodDelegation$Appender
2024-11-12 13:41:16,222 INFO  EvoClassLoader - Keeping class: net.bytebuddy.implementation.MethodDelegation$Appender
2024-11-12 13:41:16,222 INFO  EvoClassLoader - Seeing class for first time: net.bytebuddy.implementation.bind.MethodDelegationBinder$Processor
2024-11-12 13:41:16,222 INFO  EvoClassLoader - Instrumenting class 'net.bytebuddy.implementation.bind.MethodDelegationBinder$Processor'.
2024-11-12 13:41:16,222 INFO  MethodCallReplacementClassAdapter - Adding mock interface to class net/bytebuddy/implementation/bind/MethodDelegationBinder$Processor
2024-11-12 13:41:16,222 INFO  CreateClassResetClassAdapter - Creating brand-new static initializer in class net/bytebuddy/implementation/bind/MethodDelegationBinder$Processor
2024-11-12 13:41:16,222 INFO  EvoClassLoader - Keeping class: net.bytebuddy.implementation.bind.MethodDelegationBinder$Processor
2024-11-12 13:41:16,223 INFO  EvoClassLoader - Seeing class for first time: net.bytebuddy.dynamic.scaffold.MethodRegistry$Default$Compiled$Entry
2024-11-12 13:41:16,223 INFO  EvoClassLoader - Instrumenting class 'net.bytebuddy.dynamic.scaffold.MethodRegistry$Default$Compiled$Entry'.
2024-11-12 13:41:16,223 INFO  MethodCallReplacementClassAdapter - Adding mock interface to class net/bytebuddy/dynamic/scaffold/MethodRegistry$Default$Compiled$Entry
2024-11-12 13:41:16,223 INFO  CreateClassResetClassAdapter - Creating brand-new static initializer in class net/bytebuddy/dynamic/scaffold/MethodRegistry$Default$Compiled$Entry
2024-11-12 13:41:16,223 INFO  EvoClassLoader - Keeping class: net.bytebuddy.dynamic.scaffold.MethodRegistry$Default$Compiled$Entry
2024-11-12 13:41:16,223 INFO  EvoClassLoader - Seeing class for first time: net.bytebuddy.dynamic.Transformer$ForMethod$TransformedMethod$AttachmentVisitor
2024-11-12 13:41:16,223 INFO  EvoClassLoader - Instrumenting class 'net.bytebuddy.dynamic.Transformer$ForMethod$TransformedMethod$AttachmentVisitor'.
2024-11-12 13:41:16,223 INFO  MethodCallReplacementClassAdapter - Adding mock interface to class net/bytebuddy/dynamic/Transformer$ForMethod$TransformedMethod$AttachmentVisitor
2024-11-12 13:41:16,224 INFO  CreateClassResetClassAdapter - Creating brand-new static initializer in class net/bytebuddy/dynamic/Transformer$ForMethod$TransformedMethod$AttachmentVisitor
2024-11-12 13:41:16,224 INFO  EvoClassLoader - Keeping class: net.bytebuddy.dynamic.Transformer$ForMethod$TransformedMethod$AttachmentVisitor
2024-11-12 13:41:16,224 INFO  EvoClassLoader - Seeing class for first time: net.bytebuddy.dynamic.Transformer$ForMethod$TransformedMethod$TransformedParameterList
2024-11-12 13:41:16,224 INFO  EvoClassLoader - Instrumenting class 'net.bytebuddy.dynamic.Transformer$ForMethod$TransformedMethod$TransformedParameterList'.
2024-11-12 13:41:16,224 INFO  MethodCallReplacementClassAdapter - Adding mock interface to class net/bytebuddy/dynamic/Transformer$ForMethod$TransformedMethod$TransformedParameterList
2024-11-12 13:41:16,225 INFO  CreateClassResetClassAdapter - Creating brand-new static initializer in class net/bytebuddy/dynamic/Transformer$ForMethod$TransformedMethod$TransformedParameterList
2024-11-12 13:41:16,225 INFO  EvoClassLoader - Keeping class: net.bytebuddy.dynamic.Transformer$ForMethod$TransformedMethod$TransformedParameterList
2024-11-12 13:41:16,225 INFO  EvoClassLoader - Seeing class for first time: net.bytebuddy.dynamic.Transformer$ForMethod$TransformedMethod$TransformedParameter
2024-11-12 13:41:16,225 INFO  EvoClassLoader - Instrumenting class 'net.bytebuddy.dynamic.Transformer$ForMethod$TransformedMethod$TransformedParameter'.
2024-11-12 13:41:16,225 INFO  MethodCallReplacementClassAdapter - Adding mock interface to class net/bytebuddy/dynamic/Transformer$ForMethod$TransformedMethod$TransformedParameter
2024-11-12 13:41:16,225 INFO  CreateClassResetClassAdapter - Creating brand-new static initializer in class net/bytebuddy/dynamic/Transformer$ForMethod$TransformedMethod$TransformedParameter
2024-11-12 13:41:16,225 INFO  EvoClassLoader - Keeping class: net.bytebuddy.dynamic.Transformer$ForMethod$TransformedMethod$TransformedParameter
2024-11-12 13:41:16,226 INFO  EvoClassLoader - Seeing class for first time: net.bytebuddy.implementation.FieldAccessor$ForImplicitProperty$Appender
2024-11-12 13:41:16,226 INFO  EvoClassLoader - Instrumenting class 'net.bytebuddy.implementation.FieldAccessor$ForImplicitProperty$Appender'.
2024-11-12 13:41:16,226 INFO  MethodCallReplacementClassAdapter - Adding mock interface to class net/bytebuddy/implementation/FieldAccessor$ForImplicitProperty$Appender
2024-11-12 13:41:16,227 INFO  CreateClassResetClassAdapter - Creating brand-new static initializer in class net/bytebuddy/implementation/FieldAccessor$ForImplicitProperty$Appender
2024-11-12 13:41:16,227 INFO  EvoClassLoader - Keeping class: net.bytebuddy.implementation.FieldAccessor$ForImplicitProperty$Appender
2024-11-12 13:41:16,228 INFO  EvoClassLoader - Seeing class for first time: net.bytebuddy.implementation.FieldAccessor$FieldLocation$Relative$Prepared
2024-11-12 13:41:16,228 INFO  EvoClassLoader - Instrumenting class 'net.bytebuddy.implementation.FieldAccessor$FieldLocation$Relative$Prepared'.
2024-11-12 13:41:16,228 INFO  MethodCallReplacementClassAdapter - Adding mock interface to class net/bytebuddy/implementation/FieldAccessor$FieldLocation$Relative$Prepared
2024-11-12 13:41:16,228 INFO  CreateClassResetClassAdapter - Creating brand-new static initializer in class net/bytebuddy/implementation/FieldAccessor$FieldLocation$Relative$Prepared
2024-11-12 13:41:16,228 INFO  EvoClassLoader - Keeping class: net.bytebuddy.implementation.FieldAccessor$FieldLocation$Relative$Prepared
2024-11-12 13:41:16,228 INFO  EvoClassLoader - Seeing class for first time: net.bytebuddy.dynamic.scaffold.FieldLocator$ForTopLevelType
2024-11-12 13:41:16,228 INFO  EvoClassLoader - Instrumenting class 'net.bytebuddy.dynamic.scaffold.FieldLocator$ForTopLevelType'.
2024-11-12 13:41:16,228 INFO  MethodCallReplacementClassAdapter - Adding mock interface to class net/bytebuddy/dynamic/scaffold/FieldLocator$ForTopLevelType
2024-11-12 13:41:16,228 INFO  CreateClassResetClassAdapter - Creating brand-new static initializer in class net/bytebuddy/dynamic/scaffold/FieldLocator$ForTopLevelType
2024-11-12 13:41:16,229 INFO  EvoClassLoader - Keeping class: net.bytebuddy.dynamic.scaffold.FieldLocator$ForTopLevelType
2024-11-12 13:41:16,229 INFO  EvoClassLoader - Seeing class for first time: net.bytebuddy.dynamic.scaffold.FieldLocator$Resolution$Simple
2024-11-12 13:41:16,229 INFO  EvoClassLoader - Instrumenting class 'net.bytebuddy.dynamic.scaffold.FieldLocator$Resolution$Simple'.
2024-11-12 13:41:16,229 INFO  MethodCallReplacementClassAdapter - Adding mock interface to class net/bytebuddy/dynamic/scaffold/FieldLocator$Resolution$Simple
2024-11-12 13:41:16,229 INFO  CreateClassResetClassAdapter - Creating brand-new static initializer in class net/bytebuddy/dynamic/scaffold/FieldLocator$Resolution$Simple
2024-11-12 13:41:16,229 INFO  EvoClassLoader - Keeping class: net.bytebuddy.dynamic.scaffold.FieldLocator$Resolution$Simple
2024-11-12 13:41:16,229 INFO  EvoClassLoader - Seeing class for first time: net.bytebuddy.dynamic.scaffold.FieldLocator$Resolution$Illegal
2024-11-12 13:41:16,229 INFO  EvoClassLoader - Instrumenting class 'net.bytebuddy.dynamic.scaffold.FieldLocator$Resolution$Illegal'.
2024-11-12 13:41:16,229 INFO  MethodCallReplacementClassAdapter - Adding mock interface to class net/bytebuddy/dynamic/scaffold/FieldLocator$Resolution$Illegal
2024-11-12 13:41:16,229 INFO  CreateClassResetClassAdapter - Found static initializer in class net/bytebuddy/dynamic/scaffold/FieldLocator$Resolution$Illegal
2024-11-12 13:41:16,229 INFO  EvoClassLoader - Keeping class: net.bytebuddy.dynamic.scaffold.FieldLocator$Resolution$Illegal
2024-11-12 13:41:16,229 INFO  EvoClassLoader - Seeing class for first time: net.bytebuddy.implementation.SuperMethodCall$Appender
2024-11-12 13:41:16,229 INFO  EvoClassLoader - Instrumenting class 'net.bytebuddy.implementation.SuperMethodCall$Appender'.
2024-11-12 13:41:16,230 INFO  MethodCallReplacementClassAdapter - Adding mock interface to class net/bytebuddy/implementation/SuperMethodCall$Appender
2024-11-12 13:41:16,230 INFO  CreateClassResetClassAdapter - Creating brand-new static initializer in class net/bytebuddy/implementation/SuperMethodCall$Appender
2024-11-12 13:41:16,230 INFO  EvoClassLoader - Keeping class: net.bytebuddy.implementation.SuperMethodCall$Appender
2024-11-12 13:41:16,230 INFO  EvoClassLoader - Seeing class for first time: net.bytebuddy.implementation.SuperMethodCall$Appender$TerminationHandler
2024-11-12 13:41:16,230 INFO  EvoClassLoader - Instrumenting class 'net.bytebuddy.implementation.SuperMethodCall$Appender$TerminationHandler'.
2024-11-12 13:41:16,230 INFO  MethodCallReplacementClassAdapter - Adding mock interface to class net/bytebuddy/implementation/SuperMethodCall$Appender$TerminationHandler
2024-11-12 13:41:16,230 INFO  CreateClassResetClassAdapter - Found static initializer in class net/bytebuddy/implementation/SuperMethodCall$Appender$TerminationHandler
2024-11-12 13:41:16,230 INFO  EvoClassLoader - Keeping class: net.bytebuddy.implementation.SuperMethodCall$Appender$TerminationHandler
2024-11-12 13:41:16,230 INFO  EvoClassLoader - Seeing class for first time: net.bytebuddy.implementation.SuperMethodCall$Appender$TerminationHandler$1
2024-11-12 13:41:16,230 INFO  EvoClassLoader - Instrumenting class 'net.bytebuddy.implementation.SuperMethodCall$Appender$TerminationHandler$1'.
2024-11-12 13:41:16,231 INFO  MethodCallReplacementClassAdapter - Adding mock interface to class net/bytebuddy/implementation/SuperMethodCall$Appender$TerminationHandler$1
2024-11-12 13:41:16,231 INFO  EvoClassLoader - Keeping class: net.bytebuddy.implementation.SuperMethodCall$Appender$TerminationHandler$1
2024-11-12 13:41:16,231 INFO  EvoClassLoader - Seeing class for first time: net.bytebuddy.implementation.SuperMethodCall$Appender$TerminationHandler$2
2024-11-12 13:41:16,231 INFO  EvoClassLoader - Instrumenting class 'net.bytebuddy.implementation.SuperMethodCall$Appender$TerminationHandler$2'.
2024-11-12 13:41:16,231 INFO  MethodCallReplacementClassAdapter - Adding mock interface to class net/bytebuddy/implementation/SuperMethodCall$Appender$TerminationHandler$2
2024-11-12 13:41:16,231 INFO  EvoClassLoader - Keeping class: net.bytebuddy.implementation.SuperMethodCall$Appender$TerminationHandler$2
2024-11-12 13:41:16,231 INFO  EvoClassLoader - Seeing class for first time: net.bytebuddy.dynamic.scaffold.TypeWriter$MethodPool$Record$ForNonImplementedMethod
2024-11-12 13:41:16,231 INFO  EvoClassLoader - Instrumenting class 'net.bytebuddy.dynamic.scaffold.TypeWriter$MethodPool$Record$ForNonImplementedMethod'.
2024-11-12 13:41:16,231 INFO  MethodCallReplacementClassAdapter - Adding mock interface to class net/bytebuddy/dynamic/scaffold/TypeWriter$MethodPool$Record$ForNonImplementedMethod
2024-11-12 13:41:16,232 INFO  CreateClassResetClassAdapter - Creating brand-new static initializer in class net/bytebuddy/dynamic/scaffold/TypeWriter$MethodPool$Record$ForNonImplementedMethod
2024-11-12 13:41:16,233 INFO  EvoClassLoader - Keeping class: net.bytebuddy.dynamic.scaffold.TypeWriter$MethodPool$Record$ForNonImplementedMethod
2024-11-12 13:41:16,233 INFO  EvoClassLoader - Seeing class for first time: net.bytebuddy.dynamic.scaffold.FieldRegistry$Default$Compiled$Entry
2024-11-12 13:41:16,233 INFO  EvoClassLoader - Instrumenting class 'net.bytebuddy.dynamic.scaffold.FieldRegistry$Default$Compiled$Entry'.
2024-11-12 13:41:16,234 INFO  MethodCallReplacementClassAdapter - Adding mock interface to class net/bytebuddy/dynamic/scaffold/FieldRegistry$Default$Compiled$Entry
2024-11-12 13:41:16,234 INFO  CreateClassResetClassAdapter - Creating brand-new static initializer in class net/bytebuddy/dynamic/scaffold/FieldRegistry$Default$Compiled$Entry
2024-11-12 13:41:16,234 INFO  EvoClassLoader - Keeping class: net.bytebuddy.dynamic.scaffold.FieldRegistry$Default$Compiled$Entry
2024-11-12 13:41:16,234 INFO  EvoClassLoader - Seeing class for first time: net.bytebuddy.dynamic.scaffold.TypeWriter$FieldPool$Record
2024-11-12 13:41:16,234 INFO  EvoClassLoader - Instrumenting class 'net.bytebuddy.dynamic.scaffold.TypeWriter$FieldPool$Record'.
2024-11-12 13:41:16,235 INFO  EvoClassLoader - Keeping class: net.bytebuddy.dynamic.scaffold.TypeWriter$FieldPool$Record
2024-11-12 13:41:16,235 INFO  EvoClassLoader - Seeing class for first time: net.bytebuddy.matcher.LatentMatcher$ForFieldToken$ResolvedMatcher
2024-11-12 13:41:16,235 INFO  EvoClassLoader - Instrumenting class 'net.bytebuddy.matcher.LatentMatcher$ForFieldToken$ResolvedMatcher'.
2024-11-12 13:41:16,235 INFO  MethodCallReplacementClassAdapter - Adding mock interface to class net/bytebuddy/matcher/LatentMatcher$ForFieldToken$ResolvedMatcher
2024-11-12 13:41:16,235 INFO  CreateClassResetClassAdapter - Creating brand-new static initializer in class net/bytebuddy/matcher/LatentMatcher$ForFieldToken$ResolvedMatcher
2024-11-12 13:41:16,236 INFO  EvoClassLoader - Keeping class: net.bytebuddy.matcher.LatentMatcher$ForFieldToken$ResolvedMatcher
2024-11-12 13:41:16,236 INFO  EvoClassLoader - Seeing class for first time: net.bytebuddy.dynamic.scaffold.TypeWriter$Default
2024-11-12 13:41:16,236 INFO  EvoClassLoader - Instrumenting class 'net.bytebuddy.dynamic.scaffold.TypeWriter$Default'.
2024-11-12 13:41:16,236 INFO  MethodCallReplacementClassAdapter - Adding mock interface to class net/bytebuddy/dynamic/scaffold/TypeWriter$Default
2024-11-12 13:41:16,237 INFO  CreateClassResetClassAdapter - Found static initializer in class net/bytebuddy/dynamic/scaffold/TypeWriter$Default
2024-11-12 13:41:16,237 INFO  EvoClassLoader - Seeing class for first time: net.bytebuddy.dynamic.scaffold.TypeWriter
2024-11-12 13:41:16,237 INFO  EvoClassLoader - Instrumenting class 'net.bytebuddy.dynamic.scaffold.TypeWriter'.
2024-11-12 13:41:16,237 INFO  EvoClassLoader - Keeping class: net.bytebuddy.dynamic.scaffold.TypeWriter
2024-11-12 13:41:16,237 INFO  EvoClassLoader - Keeping class: net.bytebuddy.dynamic.scaffold.TypeWriter$Default
2024-11-12 13:41:16,237 INFO  EvoClassLoader - Seeing class for first time: net.bytebuddy.dynamic.scaffold.inline.MethodRebaseResolver
2024-11-12 13:41:16,237 INFO  EvoClassLoader - Instrumenting class 'net.bytebuddy.dynamic.scaffold.inline.MethodRebaseResolver'.
2024-11-12 13:41:16,238 INFO  EvoClassLoader - Keeping class: net.bytebuddy.dynamic.scaffold.inline.MethodRebaseResolver
2024-11-12 13:41:16,238 INFO  EvoClassLoader - Seeing class for first time: net.bytebuddy.dynamic.scaffold.TypeWriter$Default$UnresolvedType
2024-11-12 13:41:16,238 INFO  EvoClassLoader - Instrumenting class 'net.bytebuddy.dynamic.scaffold.TypeWriter$Default$UnresolvedType'.
2024-11-12 13:41:16,238 INFO  MethodCallReplacementClassAdapter - Adding mock interface to class net/bytebuddy/dynamic/scaffold/TypeWriter$Default$UnresolvedType
2024-11-12 13:41:16,238 INFO  CreateClassResetClassAdapter - Creating brand-new static initializer in class net/bytebuddy/dynamic/scaffold/TypeWriter$Default$UnresolvedType
2024-11-12 13:41:16,239 INFO  EvoClassLoader - Keeping class: net.bytebuddy.dynamic.scaffold.TypeWriter$Default$UnresolvedType
2024-11-12 13:41:16,239 INFO  EvoClassLoader - Seeing class for first time: net.bytebuddy.dynamic.scaffold.TypeWriter$Default$ForCreation
2024-11-12 13:41:16,239 INFO  EvoClassLoader - Instrumenting class 'net.bytebuddy.dynamic.scaffold.TypeWriter$Default$ForCreation'.
2024-11-12 13:41:16,239 INFO  MethodCallReplacementClassAdapter - Adding mock interface to class net/bytebuddy/dynamic/scaffold/TypeWriter$Default$ForCreation
2024-11-12 13:41:16,239 INFO  CreateClassResetClassAdapter - Creating brand-new static initializer in class net/bytebuddy/dynamic/scaffold/TypeWriter$Default$ForCreation
2024-11-12 13:41:16,240 INFO  EvoClassLoader - Keeping class: net.bytebuddy.dynamic.scaffold.TypeWriter$Default$ForCreation
2024-11-12 13:41:16,240 INFO  EvoClassLoader - Seeing class for first time: net.bytebuddy.dynamic.scaffold.TypeWriter$Default$ClassDumpAction
2024-11-12 13:41:16,240 INFO  EvoClassLoader - Instrumenting class 'net.bytebuddy.dynamic.scaffold.TypeWriter$Default$ClassDumpAction'.
2024-11-12 13:41:16,240 INFO  MethodCallReplacementClassAdapter - Adding mock interface to class net/bytebuddy/dynamic/scaffold/TypeWriter$Default$ClassDumpAction
2024-11-12 13:41:16,241 INFO  CreateClassResetClassAdapter - Found static initializer in class net/bytebuddy/dynamic/scaffold/TypeWriter$Default$ClassDumpAction
2024-11-12 13:41:16,242 INFO  EvoClassLoader - Keeping class: net.bytebuddy.dynamic.scaffold.TypeWriter$Default$ClassDumpAction
2024-11-12 13:41:16,242 INFO  EvoClassLoader - Seeing class for first time: net.bytebuddy.dynamic.scaffold.TypeInitializer$Drain
2024-11-12 13:41:16,242 INFO  EvoClassLoader - Instrumenting class 'net.bytebuddy.dynamic.scaffold.TypeInitializer$Drain'.
2024-11-12 13:41:16,242 INFO  EvoClassLoader - Keeping class: net.bytebuddy.dynamic.scaffold.TypeInitializer$Drain
2024-11-12 13:41:16,242 INFO  EvoClassLoader - Seeing class for first time: net.bytebuddy.description.field.FieldList$AbstractBase
2024-11-12 13:41:16,242 INFO  EvoClassLoader - Instrumenting class 'net.bytebuddy.description.field.FieldList$AbstractBase'.
2024-11-12 13:41:16,243 INFO  MethodCallReplacementClassAdapter - Adding mock interface to class net/bytebuddy/description/field/FieldList$AbstractBase
2024-11-12 13:41:16,243 INFO  CreateClassResetClassAdapter - Creating brand-new static initializer in class net/bytebuddy/description/field/FieldList$AbstractBase
2024-11-12 13:41:16,243 INFO  EvoClassLoader - Keeping class: net.bytebuddy.description.field.FieldList$AbstractBase
2024-11-12 13:41:16,243 INFO  EvoClassLoader - Seeing class for first time: net.bytebuddy.description.field.FieldList$Empty
2024-11-12 13:41:16,243 INFO  EvoClassLoader - Instrumenting class 'net.bytebuddy.description.field.FieldList$Empty'.
2024-11-12 13:41:16,243 INFO  MethodCallReplacementClassAdapter - Adding mock interface to class net/bytebuddy/description/field/FieldList$Empty
2024-11-12 13:41:16,244 INFO  CreateClassResetClassAdapter - Creating brand-new static initializer in class net/bytebuddy/description/field/FieldList$Empty
2024-11-12 13:41:16,244 INFO  EvoClassLoader - Keeping class: net.bytebuddy.description.field.FieldList$Empty
2024-11-12 13:41:16,244 INFO  EvoClassLoader - Seeing class for first time: net.bytebuddy.description.field.FieldList$TypeSubstituting
2024-11-12 13:41:16,244 INFO  EvoClassLoader - Instrumenting class 'net.bytebuddy.description.field.FieldList$TypeSubstituting'.
2024-11-12 13:41:16,244 INFO  MethodCallReplacementClassAdapter - Adding mock interface to class net/bytebuddy/description/field/FieldList$TypeSubstituting
2024-11-12 13:41:16,244 INFO  CreateClassResetClassAdapter - Creating brand-new static initializer in class net/bytebuddy/description/field/FieldList$TypeSubstituting
2024-11-12 13:41:16,245 INFO  EvoClassLoader - Keeping class: net.bytebuddy.description.field.FieldList$TypeSubstituting
2024-11-12 13:41:16,245 INFO  EvoClassLoader - Seeing class for first time: net.bytebuddy.description.field.FieldList$ForTokens
2024-11-12 13:41:16,245 INFO  EvoClassLoader - Instrumenting class 'net.bytebuddy.description.field.FieldList$ForTokens'.
2024-11-12 13:41:16,245 INFO  MethodCallReplacementClassAdapter - Adding mock interface to class net/bytebuddy/description/field/FieldList$ForTokens
2024-11-12 13:41:16,245 INFO  CreateClassResetClassAdapter - Creating brand-new static initializer in class net/bytebuddy/description/field/FieldList$ForTokens
2024-11-12 13:41:16,245 INFO  EvoClassLoader - Keeping class: net.bytebuddy.description.field.FieldList$ForTokens
2024-11-12 13:41:16,245 INFO  EvoClassLoader - Seeing class for first time: net.bytebuddy.description.field.FieldList$Explicit
2024-11-12 13:41:16,245 INFO  EvoClassLoader - Instrumenting class 'net.bytebuddy.description.field.FieldList$Explicit'.
2024-11-12 13:41:16,245 INFO  MethodCallReplacementClassAdapter - Adding mock interface to class net/bytebuddy/description/field/FieldList$Explicit
2024-11-12 13:41:16,245 INFO  CreateClassResetClassAdapter - Creating brand-new static initializer in class net/bytebuddy/description/field/FieldList$Explicit
2024-11-12 13:41:16,245 INFO  EvoClassLoader - Keeping class: net.bytebuddy.description.field.FieldList$Explicit
2024-11-12 13:41:16,246 INFO  EvoClassLoader - Seeing class for first time: net.bytebuddy.description.field.FieldList$ForLoadedFields
2024-11-12 13:41:16,246 INFO  EvoClassLoader - Instrumenting class 'net.bytebuddy.description.field.FieldList$ForLoadedFields'.
2024-11-12 13:41:16,246 INFO  MethodCallReplacementClassAdapter - Adding mock interface to class net/bytebuddy/description/field/FieldList$ForLoadedFields
2024-11-12 13:41:16,246 INFO  CreateClassResetClassAdapter - Creating brand-new static initializer in class net/bytebuddy/description/field/FieldList$ForLoadedFields
2024-11-12 13:41:16,246 INFO  EvoClassLoader - Keeping class: net.bytebuddy.description.field.FieldList$ForLoadedFields
2024-11-12 13:41:16,246 INFO  EvoClassLoader - Seeing class for first time: net.bytebuddy.jar.asm.AnnotationVisitor
2024-11-12 13:41:16,246 INFO  EvoClassLoader - Instrumenting class 'net.bytebuddy.jar.asm.AnnotationVisitor'.
2024-11-12 13:41:16,247 INFO  MethodCallReplacementClassAdapter - Adding mock interface to class net/bytebuddy/jar/asm/AnnotationVisitor
2024-11-12 13:41:16,247 INFO  CreateClassResetClassAdapter - Creating brand-new static initializer in class net/bytebuddy/jar/asm/AnnotationVisitor
2024-11-12 13:41:16,248 INFO  EvoClassLoader - Keeping class: net.bytebuddy.jar.asm.AnnotationVisitor
2024-11-12 13:41:16,248 INFO  EvoClassLoader - Seeing class for first time: net.bytebuddy.jar.asm.TypePath
2024-11-12 13:41:16,248 INFO  EvoClassLoader - Instrumenting class 'net.bytebuddy.jar.asm.TypePath'.
2024-11-12 13:41:16,248 INFO  MethodCallReplacementClassAdapter - Adding mock interface to class net/bytebuddy/jar/asm/TypePath
2024-11-12 13:41:16,248 INFO  CreateClassResetClassAdapter - Creating brand-new static initializer in class net/bytebuddy/jar/asm/TypePath
2024-11-12 13:41:16,249 INFO  CreateClassResetClassAdapter - Adding bytecode for initializing field ARRAY_ELEMENT
2024-11-12 13:41:16,249 INFO  CreateClassResetClassAdapter - Adding bytecode for initializing field INNER_TYPE
2024-11-12 13:41:16,249 INFO  CreateClassResetClassAdapter - Adding bytecode for initializing field WILDCARD_BOUND
2024-11-12 13:41:16,249 INFO  CreateClassResetClassAdapter - Adding bytecode for initializing field TYPE_ARGUMENT
2024-11-12 13:41:16,249 INFO  EvoClassLoader - Keeping class: net.bytebuddy.jar.asm.TypePath
2024-11-12 13:41:16,249 INFO  EvoClassLoader - Seeing class for first time: net.bytebuddy.jar.asm.Attribute
2024-11-12 13:41:16,249 INFO  EvoClassLoader - Instrumenting class 'net.bytebuddy.jar.asm.Attribute'.
2024-11-12 13:41:16,249 INFO  MethodCallReplacementClassAdapter - Adding mock interface to class net/bytebuddy/jar/asm/Attribute
2024-11-12 13:41:16,249 INFO  CreateClassResetClassAdapter - Creating brand-new static initializer in class net/bytebuddy/jar/asm/Attribute
2024-11-12 13:41:16,250 INFO  EvoClassLoader - Keeping class: net.bytebuddy.jar.asm.Attribute
2024-11-12 13:41:16,250 INFO  EvoClassLoader - Seeing class for first time: net.bytebuddy.jar.asm.ModuleVisitor
2024-11-12 13:41:16,250 INFO  EvoClassLoader - Instrumenting class 'net.bytebuddy.jar.asm.ModuleVisitor'.
2024-11-12 13:41:16,250 INFO  MethodCallReplacementClassAdapter - Adding mock interface to class net/bytebuddy/jar/asm/ModuleVisitor
2024-11-12 13:41:16,250 INFO  CreateClassResetClassAdapter - Creating brand-new static initializer in class net/bytebuddy/jar/asm/ModuleVisitor
2024-11-12 13:41:16,251 INFO  EvoClassLoader - Keeping class: net.bytebuddy.jar.asm.ModuleVisitor
2024-11-12 13:41:16,251 INFO  EvoClassLoader - Seeing class for first time: net.bytebuddy.jar.asm.ModuleWriter
2024-11-12 13:41:16,251 INFO  EvoClassLoader - Instrumenting class 'net.bytebuddy.jar.asm.ModuleWriter'.
2024-11-12 13:41:16,251 INFO  MethodCallReplacementClassAdapter - Adding mock interface to class net/bytebuddy/jar/asm/ModuleWriter
2024-11-12 13:41:16,251 INFO  CreateClassResetClassAdapter - Creating brand-new static initializer in class net/bytebuddy/jar/asm/ModuleWriter
2024-11-12 13:41:16,251 INFO  EvoClassLoader - Keeping class: net.bytebuddy.jar.asm.ModuleWriter
2024-11-12 13:41:16,252 INFO  EvoClassLoader - Seeing class for first time: net.bytebuddy.jar.asm.ClassTooLargeException
2024-11-12 13:41:16,252 INFO  EvoClassLoader - Instrumenting class 'net.bytebuddy.jar.asm.ClassTooLargeException'.
2024-11-12 13:41:16,252 INFO  MethodCallReplacementClassAdapter - Adding mock interface to class net/bytebuddy/jar/asm/ClassTooLargeException
2024-11-12 13:41:16,252 INFO  CreateClassResetClassAdapter - Creating brand-new static initializer in class net/bytebuddy/jar/asm/ClassTooLargeException
2024-11-12 13:41:16,252 INFO  EvoClassLoader - Keeping class: net.bytebuddy.jar.asm.ClassTooLargeException
2024-11-12 13:41:16,252 INFO  EvoClassLoader - Seeing class for first time: net.bytebuddy.jar.asm.AnnotationWriter
2024-11-12 13:41:16,252 INFO  EvoClassLoader - Instrumenting class 'net.bytebuddy.jar.asm.AnnotationWriter'.
2024-11-12 13:41:16,253 INFO  MethodCallReplacementClassAdapter - Adding mock interface to class net/bytebuddy/jar/asm/AnnotationWriter
2024-11-12 13:41:16,253 INFO  CreateClassResetClassAdapter - Creating brand-new static initializer in class net/bytebuddy/jar/asm/AnnotationWriter
2024-11-12 13:41:16,253 INFO  EvoClassLoader - Keeping class: net.bytebuddy.jar.asm.AnnotationWriter
2024-11-12 13:41:16,253 INFO  EvoClassLoader - Seeing class for first time: net.bytebuddy.jar.asm.MethodWriter
2024-11-12 13:41:16,253 INFO  EvoClassLoader - Instrumenting class 'net.bytebuddy.jar.asm.MethodWriter'.
2024-11-12 13:41:16,254 INFO  MethodCallReplacementClassAdapter - Adding mock interface to class net/bytebuddy/jar/asm/MethodWriter
2024-11-12 13:41:16,256 INFO  CreateClassResetClassAdapter - Found static initializer in class net/bytebuddy/jar/asm/MethodWriter
2024-11-12 13:41:16,258 INFO  EvoClassLoader - Keeping class: net.bytebuddy.jar.asm.MethodWriter
2024-11-12 13:41:16,258 INFO  EvoClassLoader - Seeing class for first time: net.bytebuddy.jar.asm.FieldWriter
2024-11-12 13:41:16,258 INFO  EvoClassLoader - Instrumenting class 'net.bytebuddy.jar.asm.FieldWriter'.
2024-11-12 13:41:16,258 INFO  MethodCallReplacementClassAdapter - Adding mock interface to class net/bytebuddy/jar/asm/FieldWriter
2024-11-12 13:41:16,258 INFO  CreateClassResetClassAdapter - Creating brand-new static initializer in class net/bytebuddy/jar/asm/FieldWriter
2024-11-12 13:41:16,258 INFO  EvoClassLoader - Keeping class: net.bytebuddy.jar.asm.FieldWriter
2024-11-12 13:41:16,259 INFO  EvoClassLoader - Seeing class for first time: net.bytebuddy.jar.asm.Handle
2024-11-12 13:41:16,259 INFO  EvoClassLoader - Instrumenting class 'net.bytebuddy.jar.asm.Handle'.
2024-11-12 13:41:16,259 INFO  MethodCallReplacementClassAdapter - Adding mock interface to class net/bytebuddy/jar/asm/Handle
2024-11-12 13:41:16,259 INFO  CreateClassResetClassAdapter - Creating brand-new static initializer in class net/bytebuddy/jar/asm/Handle
2024-11-12 13:41:16,259 INFO  EvoClassLoader - Keeping class: net.bytebuddy.jar.asm.Handle
2024-11-12 13:41:16,259 INFO  EvoClassLoader - Seeing class for first time: net.bytebuddy.jar.asm.MethodTooLargeException
2024-11-12 13:41:16,259 INFO  EvoClassLoader - Instrumenting class 'net.bytebuddy.jar.asm.MethodTooLargeException'.
2024-11-12 13:41:16,259 INFO  MethodCallReplacementClassAdapter - Adding mock interface to class net/bytebuddy/jar/asm/MethodTooLargeException
2024-11-12 13:41:16,260 INFO  CreateClassResetClassAdapter - Creating brand-new static initializer in class net/bytebuddy/jar/asm/MethodTooLargeException
2024-11-12 13:41:16,260 INFO  EvoClassLoader - Keeping class: net.bytebuddy.jar.asm.MethodTooLargeException
2024-11-12 13:41:16,260 INFO  EvoClassLoader - Seeing class for first time: net.bytebuddy.jar.asm.SymbolTable
2024-11-12 13:41:16,260 INFO  EvoClassLoader - Instrumenting class 'net.bytebuddy.jar.asm.SymbolTable'.
2024-11-12 13:41:16,260 INFO  MethodCallReplacementClassAdapter - Adding mock interface to class net/bytebuddy/jar/asm/SymbolTable
2024-11-12 13:41:16,262 INFO  CreateClassResetClassAdapter - Creating brand-new static initializer in class net/bytebuddy/jar/asm/SymbolTable
2024-11-12 13:41:16,262 INFO  EvoClassLoader - Keeping class: net.bytebuddy.jar.asm.SymbolTable
2024-11-12 13:41:16,262 INFO  EvoClassLoader - Seeing class for first time: net.bytebuddy.jar.asm.Symbol
2024-11-12 13:41:16,262 INFO  EvoClassLoader - Instrumenting class 'net.bytebuddy.jar.asm.Symbol'.
2024-11-12 13:41:16,263 INFO  MethodCallReplacementClassAdapter - Adding mock interface to class net/bytebuddy/jar/asm/Symbol
2024-11-12 13:41:16,263 INFO  CreateClassResetClassAdapter - Creating brand-new static initializer in class net/bytebuddy/jar/asm/Symbol
2024-11-12 13:41:16,263 INFO  CreateClassResetClassAdapter - Adding bytecode for initializing field CONSTANT_CLASS_TAG
2024-11-12 13:41:16,263 INFO  CreateClassResetClassAdapter - Adding bytecode for initializing field CONSTANT_FIELDREF_TAG
2024-11-12 13:41:16,263 INFO  CreateClassResetClassAdapter - Adding bytecode for initializing field CONSTANT_METHODREF_TAG
2024-11-12 13:41:16,263 INFO  CreateClassResetClassAdapter - Adding bytecode for initializing field CONSTANT_INTERFACE_METHODREF_TAG
2024-11-12 13:41:16,263 INFO  CreateClassResetClassAdapter - Adding bytecode for initializing field CONSTANT_STRING_TAG
2024-11-12 13:41:16,263 INFO  CreateClassResetClassAdapter - Adding bytecode for initializing field CONSTANT_INTEGER_TAG
2024-11-12 13:41:16,263 INFO  CreateClassResetClassAdapter - Adding bytecode for initializing field CONSTANT_FLOAT_TAG
2024-11-12 13:41:16,263 INFO  CreateClassResetClassAdapter - Adding bytecode for initializing field CONSTANT_LONG_TAG
2024-11-12 13:41:16,263 INFO  CreateClassResetClassAdapter - Adding bytecode for initializing field CONSTANT_DOUBLE_TAG
2024-11-12 13:41:16,263 INFO  CreateClassResetClassAdapter - Adding bytecode for initializing field CONSTANT_NAME_AND_TYPE_TAG
2024-11-12 13:41:16,263 INFO  CreateClassResetClassAdapter - Adding bytecode for initializing field CONSTANT_UTF8_TAG
2024-11-12 13:41:16,263 INFO  CreateClassResetClassAdapter - Adding bytecode for initializing field CONSTANT_METHOD_HANDLE_TAG
2024-11-12 13:41:16,263 INFO  CreateClassResetClassAdapter - Adding bytecode for initializing field CONSTANT_METHOD_TYPE_TAG
2024-11-12 13:41:16,263 INFO  CreateClassResetClassAdapter - Adding bytecode for initializing field CONSTANT_DYNAMIC_TAG
2024-11-12 13:41:16,263 INFO  CreateClassResetClassAdapter - Adding bytecode for initializing field CONSTANT_INVOKE_DYNAMIC_TAG
2024-11-12 13:41:16,263 INFO  CreateClassResetClassAdapter - Adding bytecode for initializing field CONSTANT_MODULE_TAG
2024-11-12 13:41:16,263 INFO  CreateClassResetClassAdapter - Adding bytecode for initializing field CONSTANT_PACKAGE_TAG
2024-11-12 13:41:16,263 INFO  CreateClassResetClassAdapter - Adding bytecode for initializing field BOOTSTRAP_METHOD_TAG
2024-11-12 13:41:16,263 INFO  CreateClassResetClassAdapter - Adding bytecode for initializing field TYPE_TAG
2024-11-12 13:41:16,263 INFO  CreateClassResetClassAdapter - Adding bytecode for initializing field UNINITIALIZED_TYPE_TAG
2024-11-12 13:41:16,263 INFO  CreateClassResetClassAdapter - Adding bytecode for initializing field MERGED_TYPE_TAG
2024-11-12 13:41:16,263 INFO  EvoClassLoader - Keeping class: net.bytebuddy.jar.asm.Symbol
2024-11-12 13:41:16,263 INFO  EvoClassLoader - Seeing class for first time: net.bytebuddy.jar.asm.SymbolTable$Entry
2024-11-12 13:41:16,263 INFO  EvoClassLoader - Instrumenting class 'net.bytebuddy.jar.asm.SymbolTable$Entry'.
2024-11-12 13:41:16,263 INFO  MethodCallReplacementClassAdapter - Adding mock interface to class net/bytebuddy/jar/asm/SymbolTable$Entry
2024-11-12 13:41:16,264 INFO  CreateClassResetClassAdapter - Creating brand-new static initializer in class net/bytebuddy/jar/asm/SymbolTable$Entry
2024-11-12 13:41:16,264 INFO  EvoClassLoader - Keeping class: net.bytebuddy.jar.asm.SymbolTable$Entry
2024-11-12 13:41:16,264 INFO  EvoClassLoader - Seeing class for first time: net.bytebuddy.jar.asm.ByteVector
2024-11-12 13:41:16,264 INFO  EvoClassLoader - Instrumenting class 'net.bytebuddy.jar.asm.ByteVector'.
2024-11-12 13:41:16,264 INFO  MethodCallReplacementClassAdapter - Adding mock interface to class net/bytebuddy/jar/asm/ByteVector
2024-11-12 13:41:16,265 INFO  CreateClassResetClassAdapter - Creating brand-new static initializer in class net/bytebuddy/jar/asm/ByteVector
2024-11-12 13:41:16,265 INFO  EvoClassLoader - Keeping class: net.bytebuddy.jar.asm.ByteVector
2024-11-12 13:41:16,265 INFO  EvoClassLoader - Seeing class for first time: net.bytebuddy.jar.asm.ClassReader
2024-11-12 13:41:16,265 INFO  EvoClassLoader - Instrumenting class 'net.bytebuddy.jar.asm.ClassReader'.
2024-11-12 13:41:16,266 INFO  MethodCallReplacementClassAdapter - Adding mock interface to class net/bytebuddy/jar/asm/ClassReader
2024-11-12 13:41:16,270 INFO  CreateClassResetClassAdapter - Creating brand-new static initializer in class net/bytebuddy/jar/asm/ClassReader
2024-11-12 13:41:16,270 INFO  CreateClassResetClassAdapter - Adding bytecode for initializing field SKIP_CODE
2024-11-12 13:41:16,270 INFO  CreateClassResetClassAdapter - Adding bytecode for initializing field SKIP_DEBUG
2024-11-12 13:41:16,270 INFO  CreateClassResetClassAdapter - Adding bytecode for initializing field SKIP_FRAMES
2024-11-12 13:41:16,270 INFO  CreateClassResetClassAdapter - Adding bytecode for initializing field EXPAND_FRAMES
2024-11-12 13:41:16,270 INFO  CreateClassResetClassAdapter - Adding bytecode for initializing field EXPAND_ASM_INSNS
2024-11-12 13:41:16,270 INFO  CreateClassResetClassAdapter - Adding bytecode for initializing field INPUT_STREAM_DATA_CHUNK_SIZE
2024-11-12 13:41:16,271 INFO  EvoClassLoader - Keeping class: net.bytebuddy.jar.asm.ClassReader
2024-11-12 13:41:16,272 INFO  EvoClassLoader - Seeing class for first time: net.bytebuddy.implementation.Implementation$Context$Default$FieldSetterDelegation
2024-11-12 13:41:16,272 INFO  EvoClassLoader - Instrumenting class 'net.bytebuddy.implementation.Implementation$Context$Default$FieldSetterDelegation'.
2024-11-12 13:41:16,272 INFO  MethodCallReplacementClassAdapter - Adding mock interface to class net/bytebuddy/implementation/Implementation$Context$Default$FieldSetterDelegation
2024-11-12 13:41:16,273 INFO  CreateClassResetClassAdapter - Creating brand-new static initializer in class net/bytebuddy/implementation/Implementation$Context$Default$FieldSetterDelegation
2024-11-12 13:41:16,273 INFO  EvoClassLoader - Seeing class for first time: net.bytebuddy.implementation.Implementation$Context$Default$DelegationRecord
2024-11-12 13:41:16,273 INFO  EvoClassLoader - Instrumenting class 'net.bytebuddy.implementation.Implementation$Context$Default$DelegationRecord'.
2024-11-12 13:41:16,273 INFO  MethodCallReplacementClassAdapter - Adding mock interface to class net/bytebuddy/implementation/Implementation$Context$Default$DelegationRecord
2024-11-12 13:41:16,273 INFO  CreateClassResetClassAdapter - Creating brand-new static initializer in class net/bytebuddy/implementation/Implementation$Context$Default$DelegationRecord
2024-11-12 13:41:16,274 INFO  EvoClassLoader - Seeing class for first time: net.bytebuddy.dynamic.scaffold.TypeWriter$MethodPool$Record$ForDefinedMethod
2024-11-12 13:41:16,274 INFO  EvoClassLoader - Instrumenting class 'net.bytebuddy.dynamic.scaffold.TypeWriter$MethodPool$Record$ForDefinedMethod'.
2024-11-12 13:41:16,274 INFO  MethodCallReplacementClassAdapter - Adding mock interface to class net/bytebuddy/dynamic/scaffold/TypeWriter$MethodPool$Record$ForDefinedMethod
2024-11-12 13:41:16,274 INFO  CreateClassResetClassAdapter - Creating brand-new static initializer in class net/bytebuddy/dynamic/scaffold/TypeWriter$MethodPool$Record$ForDefinedMethod
2024-11-12 13:41:16,274 INFO  EvoClassLoader - Keeping class: net.bytebuddy.dynamic.scaffold.TypeWriter$MethodPool$Record$ForDefinedMethod
2024-11-12 13:41:16,274 INFO  EvoClassLoader - Keeping class: net.bytebuddy.implementation.Implementation$Context$Default$DelegationRecord
2024-11-12 13:41:16,274 INFO  EvoClassLoader - Keeping class: net.bytebuddy.implementation.Implementation$Context$Default$FieldSetterDelegation
2024-11-12 13:41:16,274 INFO  EvoClassLoader - Seeing class for first time: net.bytebuddy.implementation.Implementation$Context$Default$FieldGetterDelegation
2024-11-12 13:41:16,274 INFO  EvoClassLoader - Instrumenting class 'net.bytebuddy.implementation.Implementation$Context$Default$FieldGetterDelegation'.
2024-11-12 13:41:16,274 INFO  MethodCallReplacementClassAdapter - Adding mock interface to class net/bytebuddy/implementation/Implementation$Context$Default$FieldGetterDelegation
2024-11-12 13:41:16,275 INFO  CreateClassResetClassAdapter - Creating brand-new static initializer in class net/bytebuddy/implementation/Implementation$Context$Default$FieldGetterDelegation
2024-11-12 13:41:16,275 INFO  EvoClassLoader - Keeping class: net.bytebuddy.implementation.Implementation$Context$Default$FieldGetterDelegation
2024-11-12 13:41:16,275 INFO  EvoClassLoader - Seeing class for first time: net.bytebuddy.implementation.Implementation$Context$Default$AccessorMethodDelegation
2024-11-12 13:41:16,275 INFO  EvoClassLoader - Instrumenting class 'net.bytebuddy.implementation.Implementation$Context$Default$AccessorMethodDelegation'.
2024-11-12 13:41:16,275 INFO  MethodCallReplacementClassAdapter - Adding mock interface to class net/bytebuddy/implementation/Implementation$Context$Default$AccessorMethodDelegation
2024-11-12 13:41:16,275 INFO  CreateClassResetClassAdapter - Creating brand-new static initializer in class net/bytebuddy/implementation/Implementation$Context$Default$AccessorMethodDelegation
2024-11-12 13:41:16,276 INFO  EvoClassLoader - Keeping class: net.bytebuddy.implementation.Implementation$Context$Default$AccessorMethodDelegation
2024-11-12 13:41:16,276 INFO  EvoClassLoader - Seeing class for first time: net.bytebuddy.implementation.MethodAccessorFactory$AccessType
2024-11-12 13:41:16,276 INFO  EvoClassLoader - Instrumenting class 'net.bytebuddy.implementation.MethodAccessorFactory$AccessType'.
2024-11-12 13:41:16,276 INFO  MethodCallReplacementClassAdapter - Adding mock interface to class net/bytebuddy/implementation/MethodAccessorFactory$AccessType
2024-11-12 13:41:16,276 INFO  CreateClassResetClassAdapter - Found static initializer in class net/bytebuddy/implementation/MethodAccessorFactory$AccessType
2024-11-12 13:41:16,276 INFO  EvoClassLoader - Keeping class: net.bytebuddy.implementation.MethodAccessorFactory$AccessType
2024-11-12 13:41:16,276 INFO  EvoClassLoader - Seeing class for first time: net.bytebuddy.dynamic.scaffold.TypeWriter$Default$ValidatingClassVisitor
2024-11-12 13:41:16,276 INFO  EvoClassLoader - Instrumenting class 'net.bytebuddy.dynamic.scaffold.TypeWriter$Default$ValidatingClassVisitor'.
2024-11-12 13:41:16,277 INFO  MethodCallReplacementClassAdapter - Adding mock interface to class net/bytebuddy/dynamic/scaffold/TypeWriter$Default$ValidatingClassVisitor
2024-11-12 13:41:16,279 INFO  CreateClassResetClassAdapter - Found static initializer in class net/bytebuddy/dynamic/scaffold/TypeWriter$Default$ValidatingClassVisitor
2024-11-12 13:41:16,279 INFO  EvoClassLoader - Keeping class: net.bytebuddy.dynamic.scaffold.TypeWriter$Default$ValidatingClassVisitor
2024-11-12 13:41:16,279 INFO  EvoClassLoader - Seeing class for first time: net.bytebuddy.dynamic.scaffold.TypeWriter$Default$ForInlining
2024-11-12 13:41:16,279 INFO  EvoClassLoader - Instrumenting class 'net.bytebuddy.dynamic.scaffold.TypeWriter$Default$ForInlining'.
2024-11-12 13:41:16,280 INFO  MethodCallReplacementClassAdapter - Adding mock interface to class net/bytebuddy/dynamic/scaffold/TypeWriter$Default$ForInlining
2024-11-12 13:41:16,280 INFO  CreateClassResetClassAdapter - Found static initializer in class net/bytebuddy/dynamic/scaffold/TypeWriter$Default$ForInlining
2024-11-12 13:41:16,280 INFO  EvoClassLoader - Keeping class: net.bytebuddy.dynamic.scaffold.TypeWriter$Default$ForInlining
2024-11-12 13:41:16,280 INFO  EvoClassLoader - Seeing class for first time: net.bytebuddy.dynamic.scaffold.TypeWriter$Default$ValidatingClassVisitor$ValidatingMethodVisitor
2024-11-12 13:41:16,280 INFO  EvoClassLoader - Instrumenting class 'net.bytebuddy.dynamic.scaffold.TypeWriter$Default$ValidatingClassVisitor$ValidatingMethodVisitor'.
2024-11-12 13:41:16,280 INFO  MethodCallReplacementClassAdapter - Adding mock interface to class net/bytebuddy/dynamic/scaffold/TypeWriter$Default$ValidatingClassVisitor$ValidatingMethodVisitor
2024-11-12 13:41:16,281 INFO  CreateClassResetClassAdapter - Creating brand-new static initializer in class net/bytebuddy/dynamic/scaffold/TypeWriter$Default$ValidatingClassVisitor$ValidatingMethodVisitor
2024-11-12 13:41:16,281 INFO  EvoClassLoader - Keeping class: net.bytebuddy.dynamic.scaffold.TypeWriter$Default$ValidatingClassVisitor$ValidatingMethodVisitor
2024-11-12 13:41:16,281 INFO  EvoClassLoader - Seeing class for first time: net.bytebuddy.dynamic.scaffold.TypeWriter$Default$ValidatingClassVisitor$ValidatingFieldVisitor
2024-11-12 13:41:16,281 INFO  EvoClassLoader - Instrumenting class 'net.bytebuddy.dynamic.scaffold.TypeWriter$Default$ValidatingClassVisitor$ValidatingFieldVisitor'.
2024-11-12 13:41:16,281 INFO  MethodCallReplacementClassAdapter - Adding mock interface to class net/bytebuddy/dynamic/scaffold/TypeWriter$Default$ValidatingClassVisitor$ValidatingFieldVisitor
2024-11-12 13:41:16,281 INFO  CreateClassResetClassAdapter - Creating brand-new static initializer in class net/bytebuddy/dynamic/scaffold/TypeWriter$Default$ValidatingClassVisitor$ValidatingFieldVisitor
2024-11-12 13:41:16,281 INFO  EvoClassLoader - Keeping class: net.bytebuddy.dynamic.scaffold.TypeWriter$Default$ValidatingClassVisitor$ValidatingFieldVisitor
2024-11-12 13:41:16,281 INFO  EvoClassLoader - Seeing class for first time: net.bytebuddy.dynamic.scaffold.TypeWriter$Default$ValidatingClassVisitor$Constraint
2024-11-12 13:41:16,281 INFO  EvoClassLoader - Instrumenting class 'net.bytebuddy.dynamic.scaffold.TypeWriter$Default$ValidatingClassVisitor$Constraint'.
2024-11-12 13:41:16,281 INFO  EvoClassLoader - Keeping class: net.bytebuddy.dynamic.scaffold.TypeWriter$Default$ValidatingClassVisitor$Constraint
2024-11-12 13:41:16,281 INFO  EvoClassLoader - Seeing class for first time: net.bytebuddy.jar.asm.signature.SignatureVisitor
2024-11-12 13:41:16,281 INFO  EvoClassLoader - Instrumenting class 'net.bytebuddy.jar.asm.signature.SignatureVisitor'.
2024-11-12 13:41:16,281 INFO  MethodCallReplacementClassAdapter - Adding mock interface to class net/bytebuddy/jar/asm/signature/SignatureVisitor
2024-11-12 13:41:16,282 INFO  CreateClassResetClassAdapter - Creating brand-new static initializer in class net/bytebuddy/jar/asm/signature/SignatureVisitor
2024-11-12 13:41:16,282 INFO  CreateClassResetClassAdapter - Adding bytecode for initializing field EXTENDS
2024-11-12 13:41:16,282 INFO  CreateClassResetClassAdapter - Adding bytecode for initializing field SUPER
2024-11-12 13:41:16,282 INFO  CreateClassResetClassAdapter - Adding bytecode for initializing field INSTANCEOF
2024-11-12 13:41:16,282 INFO  EvoClassLoader - Defined package (3): package net.bytebuddy.jar.asm.signature, 153638513
2024-11-12 13:41:16,282 INFO  EvoClassLoader - Keeping class: net.bytebuddy.jar.asm.signature.SignatureVisitor
2024-11-12 13:41:16,282 INFO  EvoClassLoader - Seeing class for first time: net.bytebuddy.jar.asm.signature.SignatureWriter
2024-11-12 13:41:16,282 INFO  EvoClassLoader - Instrumenting class 'net.bytebuddy.jar.asm.signature.SignatureWriter'.
2024-11-12 13:41:16,283 INFO  MethodCallReplacementClassAdapter - Adding mock interface to class net/bytebuddy/jar/asm/signature/SignatureWriter
2024-11-12 13:41:16,283 INFO  CreateClassResetClassAdapter - Creating brand-new static initializer in class net/bytebuddy/jar/asm/signature/SignatureWriter
2024-11-12 13:41:16,283 INFO  EvoClassLoader - Keeping class: net.bytebuddy.jar.asm.signature.SignatureWriter
2024-11-12 13:41:16,283 INFO  EvoClassLoader - Seeing class for first time: net.bytebuddy.implementation.attribute.AnnotationAppender$Default
2024-11-12 13:41:16,283 INFO  EvoClassLoader - Instrumenting class 'net.bytebuddy.implementation.attribute.AnnotationAppender$Default'.
2024-11-12 13:41:16,283 INFO  MethodCallReplacementClassAdapter - Adding mock interface to class net/bytebuddy/implementation/attribute/AnnotationAppender$Default
2024-11-12 13:41:16,284 INFO  CreateClassResetClassAdapter - Creating brand-new static initializer in class net/bytebuddy/implementation/attribute/AnnotationAppender$Default
2024-11-12 13:41:16,284 INFO  EvoClassLoader - Keeping class: net.bytebuddy.implementation.attribute.AnnotationAppender$Default
2024-11-12 13:41:16,284 INFO  EvoClassLoader - Seeing class for first time: net.bytebuddy.implementation.attribute.AnnotationAppender$ForTypeAnnotations
2024-11-12 13:41:16,284 INFO  EvoClassLoader - Instrumenting class 'net.bytebuddy.implementation.attribute.AnnotationAppender$ForTypeAnnotations'.
2024-11-12 13:41:16,284 INFO  MethodCallReplacementClassAdapter - Adding mock interface to class net/bytebuddy/implementation/attribute/AnnotationAppender$ForTypeAnnotations
2024-11-12 13:41:16,284 INFO  CreateClassResetClassAdapter - Creating brand-new static initializer in class net/bytebuddy/implementation/attribute/AnnotationAppender$ForTypeAnnotations
2024-11-12 13:41:16,284 INFO  CreateClassResetClassAdapter - Adding bytecode for initializing field VARIABLE_ON_TYPE
2024-11-12 13:41:16,284 INFO  CreateClassResetClassAdapter - Adding bytecode for initializing field VARIABLE_ON_INVOKEABLE
2024-11-12 13:41:16,284 INFO  CreateClassResetClassAdapter - Adding bytecode for initializing field EMPTY_TYPE_PATH
2024-11-12 13:41:16,284 INFO  CreateClassResetClassAdapter - Adding bytecode for initializing field COMPONENT_TYPE_PATH
2024-11-12 13:41:16,284 INFO  CreateClassResetClassAdapter - Adding bytecode for initializing field WILDCARD_TYPE_PATH
2024-11-12 13:41:16,284 INFO  CreateClassResetClassAdapter - Adding bytecode for initializing field INNER_CLASS_PATH
2024-11-12 13:41:16,284 INFO  CreateClassResetClassAdapter - Adding bytecode for initializing field INDEXED_TYPE_DELIMITER
2024-11-12 13:41:16,284 INFO  CreateClassResetClassAdapter - Adding bytecode for initializing field SUPER_CLASS_INDEX
2024-11-12 13:41:16,285 INFO  EvoClassLoader - Keeping class: net.bytebuddy.implementation.attribute.AnnotationAppender$ForTypeAnnotations
2024-11-12 13:41:16,285 INFO  EvoClassLoader - Seeing class for first time: net.bytebuddy.implementation.attribute.AnnotationAppender$Target$OnType
2024-11-12 13:41:16,285 INFO  EvoClassLoader - Instrumenting class 'net.bytebuddy.implementation.attribute.AnnotationAppender$Target$OnType'.
2024-11-12 13:41:16,285 INFO  MethodCallReplacementClassAdapter - Adding mock interface to class net/bytebuddy/implementation/attribute/AnnotationAppender$Target$OnType
2024-11-12 13:41:16,285 INFO  CreateClassResetClassAdapter - Creating brand-new static initializer in class net/bytebuddy/implementation/attribute/AnnotationAppender$Target$OnType
2024-11-12 13:41:16,285 INFO  EvoClassLoader - Keeping class: net.bytebuddy.implementation.attribute.AnnotationAppender$Target$OnType
2024-11-12 13:41:16,285 INFO  EvoClassLoader - Seeing class for first time: net.bytebuddy.implementation.attribute.AnnotationAppender$Target$OnField
2024-11-12 13:41:16,285 INFO  EvoClassLoader - Instrumenting class 'net.bytebuddy.implementation.attribute.AnnotationAppender$Target$OnField'.
2024-11-12 13:41:16,285 INFO  MethodCallReplacementClassAdapter - Adding mock interface to class net/bytebuddy/implementation/attribute/AnnotationAppender$Target$OnField
2024-11-12 13:41:16,285 INFO  CreateClassResetClassAdapter - Creating brand-new static initializer in class net/bytebuddy/implementation/attribute/AnnotationAppender$Target$OnField
2024-11-12 13:41:16,285 INFO  EvoClassLoader - Keeping class: net.bytebuddy.implementation.attribute.AnnotationAppender$Target$OnField
2024-11-12 13:41:16,285 INFO  EvoClassLoader - Seeing class for first time: net.bytebuddy.implementation.attribute.AnnotationAppender$Target$OnMethodParameter
2024-11-12 13:41:16,285 INFO  EvoClassLoader - Instrumenting class 'net.bytebuddy.implementation.attribute.AnnotationAppender$Target$OnMethodParameter'.
2024-11-12 13:41:16,285 INFO  MethodCallReplacementClassAdapter - Adding mock interface to class net/bytebuddy/implementation/attribute/AnnotationAppender$Target$OnMethodParameter
2024-11-12 13:41:16,285 INFO  CreateClassResetClassAdapter - Creating brand-new static initializer in class net/bytebuddy/implementation/attribute/AnnotationAppender$Target$OnMethodParameter
2024-11-12 13:41:16,286 INFO  EvoClassLoader - Keeping class: net.bytebuddy.implementation.attribute.AnnotationAppender$Target$OnMethodParameter
2024-11-12 13:41:16,286 INFO  EvoClassLoader - Seeing class for first time: net.bytebuddy.implementation.attribute.AnnotationAppender$Target$OnMethod
2024-11-12 13:41:16,286 INFO  EvoClassLoader - Instrumenting class 'net.bytebuddy.implementation.attribute.AnnotationAppender$Target$OnMethod'.
2024-11-12 13:41:16,286 INFO  MethodCallReplacementClassAdapter - Adding mock interface to class net/bytebuddy/implementation/attribute/AnnotationAppender$Target$OnMethod
2024-11-12 13:41:16,286 INFO  CreateClassResetClassAdapter - Creating brand-new static initializer in class net/bytebuddy/implementation/attribute/AnnotationAppender$Target$OnMethod
2024-11-12 13:41:16,286 INFO  EvoClassLoader - Keeping class: net.bytebuddy.implementation.attribute.AnnotationAppender$Target$OnMethod
2024-11-12 13:41:16,286 INFO  EvoClassLoader - Seeing class for first time: net.bytebuddy.jar.asm.TypeReference
2024-11-12 13:41:16,286 INFO  EvoClassLoader - Instrumenting class 'net.bytebuddy.jar.asm.TypeReference'.
2024-11-12 13:41:16,286 INFO  MethodCallReplacementClassAdapter - Adding mock interface to class net/bytebuddy/jar/asm/TypeReference
2024-11-12 13:41:16,287 INFO  CreateClassResetClassAdapter - Creating brand-new static initializer in class net/bytebuddy/jar/asm/TypeReference
2024-11-12 13:41:16,287 INFO  CreateClassResetClassAdapter - Adding bytecode for initializing field CLASS_TYPE_PARAMETER
2024-11-12 13:41:16,287 INFO  CreateClassResetClassAdapter - Adding bytecode for initializing field METHOD_TYPE_PARAMETER
2024-11-12 13:41:16,287 INFO  CreateClassResetClassAdapter - Adding bytecode for initializing field CLASS_EXTENDS
2024-11-12 13:41:16,287 INFO  CreateClassResetClassAdapter - Adding bytecode for initializing field CLASS_TYPE_PARAMETER_BOUND
2024-11-12 13:41:16,287 INFO  CreateClassResetClassAdapter - Adding bytecode for initializing field METHOD_TYPE_PARAMETER_BOUND
2024-11-12 13:41:16,287 INFO  CreateClassResetClassAdapter - Adding bytecode for initializing field FIELD
2024-11-12 13:41:16,287 INFO  CreateClassResetClassAdapter - Adding bytecode for initializing field METHOD_RETURN
2024-11-12 13:41:16,287 INFO  CreateClassResetClassAdapter - Adding bytecode for initializing field METHOD_RECEIVER
2024-11-12 13:41:16,287 INFO  CreateClassResetClassAdapter - Adding bytecode for initializing field METHOD_FORMAL_PARAMETER
2024-11-12 13:41:16,287 INFO  CreateClassResetClassAdapter - Adding bytecode for initializing field THROWS
2024-11-12 13:41:16,287 INFO  CreateClassResetClassAdapter - Adding bytecode for initializing field LOCAL_VARIABLE
2024-11-12 13:41:16,287 INFO  CreateClassResetClassAdapter - Adding bytecode for initializing field RESOURCE_VARIABLE
2024-11-12 13:41:16,287 INFO  CreateClassResetClassAdapter - Adding bytecode for initializing field EXCEPTION_PARAMETER
2024-11-12 13:41:16,287 INFO  CreateClassResetClassAdapter - Adding bytecode for initializing field INSTANCEOF
2024-11-12 13:41:16,287 INFO  CreateClassResetClassAdapter - Adding bytecode for initializing field NEW
2024-11-12 13:41:16,287 INFO  CreateClassResetClassAdapter - Adding bytecode for initializing field CONSTRUCTOR_REFERENCE
2024-11-12 13:41:16,287 INFO  CreateClassResetClassAdapter - Adding bytecode for initializing field METHOD_REFERENCE
2024-11-12 13:41:16,287 INFO  CreateClassResetClassAdapter - Adding bytecode for initializing field CAST
2024-11-12 13:41:16,287 INFO  CreateClassResetClassAdapter - Adding bytecode for initializing field CONSTRUCTOR_INVOCATION_TYPE_ARGUMENT
2024-11-12 13:41:16,287 INFO  CreateClassResetClassAdapter - Adding bytecode for initializing field METHOD_INVOCATION_TYPE_ARGUMENT
2024-11-12 13:41:16,287 INFO  CreateClassResetClassAdapter - Adding bytecode for initializing field CONSTRUCTOR_REFERENCE_TYPE_ARGUMENT
2024-11-12 13:41:16,287 INFO  CreateClassResetClassAdapter - Adding bytecode for initializing field METHOD_REFERENCE_TYPE_ARGUMENT
2024-11-12 13:41:16,287 INFO  EvoClassLoader - Keeping class: net.bytebuddy.jar.asm.TypeReference
2024-11-12 13:41:16,287 INFO  EvoClassLoader - Seeing class for first time: net.bytebuddy.description.field.FieldDescription$AbstractBase
2024-11-12 13:41:16,287 INFO  EvoClassLoader - Instrumenting class 'net.bytebuddy.description.field.FieldDescription$AbstractBase'.
2024-11-12 13:41:16,287 INFO  MethodCallReplacementClassAdapter - Adding mock interface to class net/bytebuddy/description/field/FieldDescription$AbstractBase
2024-11-12 13:41:16,287 INFO  CreateClassResetClassAdapter - Creating brand-new static initializer in class net/bytebuddy/description/field/FieldDescription$AbstractBase
2024-11-12 13:41:16,288 INFO  EvoClassLoader - Keeping class: net.bytebuddy.description.field.FieldDescription$AbstractBase
2024-11-12 13:41:16,288 INFO  EvoClassLoader - Seeing class for first time: net.bytebuddy.description.field.FieldDescription$TypeSubstituting
2024-11-12 13:41:16,288 INFO  EvoClassLoader - Instrumenting class 'net.bytebuddy.description.field.FieldDescription$TypeSubstituting'.
2024-11-12 13:41:16,288 INFO  MethodCallReplacementClassAdapter - Adding mock interface to class net/bytebuddy/description/field/FieldDescription$TypeSubstituting
2024-11-12 13:41:16,288 INFO  CreateClassResetClassAdapter - Creating brand-new static initializer in class net/bytebuddy/description/field/FieldDescription$TypeSubstituting
2024-11-12 13:41:16,288 INFO  EvoClassLoader - Seeing class for first time: net.bytebuddy.description.field.FieldDescription$InGenericShape
2024-11-12 13:41:16,288 INFO  EvoClassLoader - Instrumenting class 'net.bytebuddy.description.field.FieldDescription$InGenericShape'.
2024-11-12 13:41:16,288 INFO  EvoClassLoader - Keeping class: net.bytebuddy.description.field.FieldDescription$InGenericShape
2024-11-12 13:41:16,288 INFO  EvoClassLoader - Keeping class: net.bytebuddy.description.field.FieldDescription$TypeSubstituting
2024-11-12 13:41:16,288 INFO  EvoClassLoader - Seeing class for first time: net.bytebuddy.description.field.FieldDescription$Latent
2024-11-12 13:41:16,288 INFO  EvoClassLoader - Instrumenting class 'net.bytebuddy.description.field.FieldDescription$Latent'.
2024-11-12 13:41:16,288 INFO  MethodCallReplacementClassAdapter - Adding mock interface to class net/bytebuddy/description/field/FieldDescription$Latent
2024-11-12 13:41:16,288 INFO  CreateClassResetClassAdapter - Creating brand-new static initializer in class net/bytebuddy/description/field/FieldDescription$Latent
2024-11-12 13:41:16,288 INFO  EvoClassLoader - Seeing class for first time: net.bytebuddy.description.field.FieldDescription$InDefinedShape$AbstractBase
2024-11-12 13:41:16,288 INFO  EvoClassLoader - Instrumenting class 'net.bytebuddy.description.field.FieldDescription$InDefinedShape$AbstractBase'.
2024-11-12 13:41:16,288 INFO  MethodCallReplacementClassAdapter - Adding mock interface to class net/bytebuddy/description/field/FieldDescription$InDefinedShape$AbstractBase
2024-11-12 13:41:16,288 INFO  CreateClassResetClassAdapter - Creating brand-new static initializer in class net/bytebuddy/description/field/FieldDescription$InDefinedShape$AbstractBase
2024-11-12 13:41:16,288 INFO  EvoClassLoader - Keeping class: net.bytebuddy.description.field.FieldDescription$InDefinedShape$AbstractBase
2024-11-12 13:41:16,288 INFO  EvoClassLoader - Keeping class: net.bytebuddy.description.field.FieldDescription$Latent
2024-11-12 13:41:16,288 INFO  EvoClassLoader - Seeing class for first time: net.bytebuddy.description.field.FieldDescription$ForLoadedField
2024-11-12 13:41:16,288 INFO  EvoClassLoader - Instrumenting class 'net.bytebuddy.description.field.FieldDescription$ForLoadedField'.
2024-11-12 13:41:16,289 INFO  MethodCallReplacementClassAdapter - Adding mock interface to class net/bytebuddy/description/field/FieldDescription$ForLoadedField
2024-11-12 13:41:16,289 INFO  CreateClassResetClassAdapter - Creating brand-new static initializer in class net/bytebuddy/description/field/FieldDescription$ForLoadedField
2024-11-12 13:41:16,289 INFO  EvoClassLoader - Keeping class: net.bytebuddy.description.field.FieldDescription$ForLoadedField
2024-11-12 13:41:16,289 INFO  EvoClassLoader - Seeing class for first time: net.bytebuddy.dynamic.scaffold.TypeWriter$FieldPool$Record$ForExplicitField
2024-11-12 13:41:16,289 INFO  EvoClassLoader - Instrumenting class 'net.bytebuddy.dynamic.scaffold.TypeWriter$FieldPool$Record$ForExplicitField'.
2024-11-12 13:41:16,289 INFO  MethodCallReplacementClassAdapter - Adding mock interface to class net/bytebuddy/dynamic/scaffold/TypeWriter$FieldPool$Record$ForExplicitField
2024-11-12 13:41:16,289 INFO  CreateClassResetClassAdapter - Creating brand-new static initializer in class net/bytebuddy/dynamic/scaffold/TypeWriter$FieldPool$Record$ForExplicitField
2024-11-12 13:41:16,290 INFO  EvoClassLoader - Keeping class: net.bytebuddy.dynamic.scaffold.TypeWriter$FieldPool$Record$ForExplicitField
2024-11-12 13:41:16,290 INFO  EvoClassLoader - Seeing class for first time: net.bytebuddy.jar.asm.Attribute$Set
2024-11-12 13:41:16,290 INFO  EvoClassLoader - Instrumenting class 'net.bytebuddy.jar.asm.Attribute$Set'.
2024-11-12 13:41:16,290 INFO  MethodCallReplacementClassAdapter - Adding mock interface to class net/bytebuddy/jar/asm/Attribute$Set
2024-11-12 13:41:16,290 INFO  CreateClassResetClassAdapter - Creating brand-new static initializer in class net/bytebuddy/jar/asm/Attribute$Set
2024-11-12 13:41:16,290 INFO  CreateClassResetClassAdapter - Adding bytecode for initializing field SIZE_INCREMENT
2024-11-12 13:41:16,290 INFO  EvoClassLoader - Keeping class: net.bytebuddy.jar.asm.Attribute$Set
2024-11-12 13:41:16,290 INFO  EvoClassLoader - Seeing class for first time: net.bytebuddy.dynamic.scaffold.TypeWriter$MethodPool$Record$AccessBridgeWrapper
2024-11-12 13:41:16,290 INFO  EvoClassLoader - Instrumenting class 'net.bytebuddy.dynamic.scaffold.TypeWriter$MethodPool$Record$AccessBridgeWrapper'.
2024-11-12 13:41:16,290 INFO  MethodCallReplacementClassAdapter - Adding mock interface to class net/bytebuddy/dynamic/scaffold/TypeWriter$MethodPool$Record$AccessBridgeWrapper
2024-11-12 13:41:16,291 INFO  CreateClassResetClassAdapter - Creating brand-new static initializer in class net/bytebuddy/dynamic/scaffold/TypeWriter$MethodPool$Record$AccessBridgeWrapper
2024-11-12 13:41:16,291 INFO  EvoClassLoader - Keeping class: net.bytebuddy.dynamic.scaffold.TypeWriter$MethodPool$Record$AccessBridgeWrapper
2024-11-12 13:41:16,291 INFO  EvoClassLoader - Seeing class for first time: net.bytebuddy.dynamic.scaffold.TypeWriter$MethodPool$Record$Sort
2024-11-12 13:41:16,291 INFO  EvoClassLoader - Instrumenting class 'net.bytebuddy.dynamic.scaffold.TypeWriter$MethodPool$Record$Sort'.
2024-11-12 13:41:16,291 INFO  MethodCallReplacementClassAdapter - Adding mock interface to class net/bytebuddy/dynamic/scaffold/TypeWriter$MethodPool$Record$Sort
2024-11-12 13:41:16,291 INFO  CreateClassResetClassAdapter - Found static initializer in class net/bytebuddy/dynamic/scaffold/TypeWriter$MethodPool$Record$Sort
2024-11-12 13:41:16,291 INFO  EvoClassLoader - Keeping class: net.bytebuddy.dynamic.scaffold.TypeWriter$MethodPool$Record$Sort
2024-11-12 13:41:16,291 INFO  EvoClassLoader - Seeing class for first time: net.bytebuddy.dynamic.scaffold.TypeInitializer$Drain$Default
2024-11-12 13:41:16,291 INFO  EvoClassLoader - Instrumenting class 'net.bytebuddy.dynamic.scaffold.TypeInitializer$Drain$Default'.
2024-11-12 13:41:16,292 INFO  MethodCallReplacementClassAdapter - Adding mock interface to class net/bytebuddy/dynamic/scaffold/TypeInitializer$Drain$Default
2024-11-12 13:41:16,292 INFO  CreateClassResetClassAdapter - Creating brand-new static initializer in class net/bytebuddy/dynamic/scaffold/TypeInitializer$Drain$Default
2024-11-12 13:41:16,292 INFO  EvoClassLoader - Keeping class: net.bytebuddy.dynamic.scaffold.TypeInitializer$Drain$Default
2024-11-12 13:41:16,292 INFO  EvoClassLoader - Seeing class for first time: net.bytebuddy.dynamic.DynamicType$Default$Dispatcher$CreationAction
2024-11-12 13:41:16,292 INFO  EvoClassLoader - Instrumenting class 'net.bytebuddy.dynamic.DynamicType$Default$Dispatcher$CreationAction'.
2024-11-12 13:41:16,292 INFO  MethodCallReplacementClassAdapter - Adding mock interface to class net/bytebuddy/dynamic/DynamicType$Default$Dispatcher$CreationAction
2024-11-12 13:41:16,292 INFO  CreateClassResetClassAdapter - Found static initializer in class net/bytebuddy/dynamic/DynamicType$Default$Dispatcher$CreationAction
2024-11-12 13:41:16,292 INFO  EvoClassLoader - Keeping class: net.bytebuddy.dynamic.DynamicType$Default$Dispatcher$CreationAction
2024-11-12 13:41:16,292 INFO  EvoClassLoader - Seeing class for first time: net.bytebuddy.dynamic.DynamicType$Default$Dispatcher
2024-11-12 13:41:16,292 INFO  EvoClassLoader - Instrumenting class 'net.bytebuddy.dynamic.DynamicType$Default$Dispatcher'.
2024-11-12 13:41:16,292 INFO  EvoClassLoader - Keeping class: net.bytebuddy.dynamic.DynamicType$Default$Dispatcher
2024-11-12 13:41:16,292 INFO  EvoClassLoader - Seeing class for first time: net.bytebuddy.dynamic.DynamicType$Default
2024-11-12 13:41:16,292 INFO  EvoClassLoader - Instrumenting class 'net.bytebuddy.dynamic.DynamicType$Default'.
2024-11-12 13:41:16,293 INFO  MethodCallReplacementClassAdapter - Adding mock interface to class net/bytebuddy/dynamic/DynamicType$Default
2024-11-12 13:41:16,294 INFO  CreateClassResetClassAdapter - Found static initializer in class net/bytebuddy/dynamic/DynamicType$Default
2024-11-12 13:41:16,294 INFO  EvoClassLoader - Keeping class: net.bytebuddy.dynamic.DynamicType$Default
2024-11-12 13:41:16,294 INFO  EvoClassLoader - Seeing class for first time: net.bytebuddy.dynamic.DynamicType$Default$Dispatcher$ForJava7CapableVm
2024-11-12 13:41:16,294 INFO  EvoClassLoader - Instrumenting class 'net.bytebuddy.dynamic.DynamicType$Default$Dispatcher$ForJava7CapableVm'.
2024-11-12 13:41:16,294 INFO  MethodCallReplacementClassAdapter - Adding mock interface to class net/bytebuddy/dynamic/DynamicType$Default$Dispatcher$ForJava7CapableVm
2024-11-12 13:41:16,295 INFO  CreateClassResetClassAdapter - Creating brand-new static initializer in class net/bytebuddy/dynamic/DynamicType$Default$Dispatcher$ForJava7CapableVm
2024-11-12 13:41:16,295 INFO  EvoClassLoader - Keeping class: net.bytebuddy.dynamic.DynamicType$Default$Dispatcher$ForJava7CapableVm
2024-11-12 13:41:16,295 INFO  EvoClassLoader - Seeing class for first time: net.bytebuddy.dynamic.DynamicType$Default$Dispatcher$ForLegacyVm
2024-11-12 13:41:16,295 INFO  EvoClassLoader - Instrumenting class 'net.bytebuddy.dynamic.DynamicType$Default$Dispatcher$ForLegacyVm'.
2024-11-12 13:41:16,295 INFO  MethodCallReplacementClassAdapter - Adding mock interface to class net/bytebuddy/dynamic/DynamicType$Default$Dispatcher$ForLegacyVm
2024-11-12 13:41:16,295 INFO  CreateClassResetClassAdapter - Found static initializer in class net/bytebuddy/dynamic/DynamicType$Default$Dispatcher$ForLegacyVm
2024-11-12 13:41:16,296 INFO  EvoClassLoader - Keeping class: net.bytebuddy.dynamic.DynamicType$Default$Dispatcher$ForLegacyVm
2024-11-12 13:41:16,298 INFO  EvoClassLoader - Seeing class for first time: net.bytebuddy.dynamic.DynamicType$Default$Unloaded
2024-11-12 13:41:16,298 INFO  EvoClassLoader - Instrumenting class 'net.bytebuddy.dynamic.DynamicType$Default$Unloaded'.
2024-11-12 13:41:16,299 INFO  MethodCallReplacementClassAdapter - Adding mock interface to class net/bytebuddy/dynamic/DynamicType$Default$Unloaded
2024-11-12 13:41:16,299 INFO  CreateClassResetClassAdapter - Creating brand-new static initializer in class net/bytebuddy/dynamic/DynamicType$Default$Unloaded
2024-11-12 13:41:16,299 INFO  EvoClassLoader - Keeping class: net.bytebuddy.dynamic.DynamicType$Default$Unloaded
2024-11-12 13:41:16,300 INFO  EvoClassLoader - Seeing class for first time: net.bytebuddy.dynamic.DynamicType$Default$Loaded
2024-11-12 13:41:16,300 INFO  EvoClassLoader - Instrumenting class 'net.bytebuddy.dynamic.DynamicType$Default$Loaded'.
2024-11-12 13:41:16,300 INFO  MethodCallReplacementClassAdapter - Adding mock interface to class net/bytebuddy/dynamic/DynamicType$Default$Loaded
2024-11-12 13:41:16,300 INFO  CreateClassResetClassAdapter - Creating brand-new static initializer in class net/bytebuddy/dynamic/DynamicType$Default$Loaded
2024-11-12 13:41:16,300 INFO  EvoClassLoader - Seeing class for first time: net.bytebuddy.dynamic.DynamicType$Loaded
2024-11-12 13:41:16,300 INFO  EvoClassLoader - Instrumenting class 'net.bytebuddy.dynamic.DynamicType$Loaded'.
2024-11-12 13:41:16,300 INFO  EvoClassLoader - Keeping class: net.bytebuddy.dynamic.DynamicType$Loaded
2024-11-12 13:41:16,300 INFO  EvoClassLoader - Keeping class: net.bytebuddy.dynamic.DynamicType$Default$Loaded
2024-11-12 13:41:16,300 INFO  EvoClassLoader - Seeing class for first time: net.bytebuddy.dynamic.loading.ClassLoadingStrategy$Default$WrappingDispatcher
2024-11-12 13:41:16,300 INFO  EvoClassLoader - Instrumenting class 'net.bytebuddy.dynamic.loading.ClassLoadingStrategy$Default$WrappingDispatcher'.
2024-11-12 13:41:16,301 INFO  MethodCallReplacementClassAdapter - Adding mock interface to class net/bytebuddy/dynamic/loading/ClassLoadingStrategy$Default$WrappingDispatcher
2024-11-12 13:41:16,301 INFO  CreateClassResetClassAdapter - Creating brand-new static initializer in class net/bytebuddy/dynamic/loading/ClassLoadingStrategy$Default$WrappingDispatcher
2024-11-12 13:41:16,301 INFO  CreateClassResetClassAdapter - Adding bytecode for initializing field CHILD_FIRST
2024-11-12 13:41:16,301 INFO  CreateClassResetClassAdapter - Adding bytecode for initializing field PARENT_FIRST
2024-11-12 13:41:16,301 INFO  EvoClassLoader - Seeing class for first time: net.bytebuddy.dynamic.loading.ClassLoadingStrategy$Configurable
2024-11-12 13:41:16,301 INFO  EvoClassLoader - Instrumenting class 'net.bytebuddy.dynamic.loading.ClassLoadingStrategy$Configurable'.
2024-11-12 13:41:16,301 INFO  EvoClassLoader - Keeping class: net.bytebuddy.dynamic.loading.ClassLoadingStrategy$Configurable
2024-11-12 13:41:16,301 INFO  EvoClassLoader - Keeping class: net.bytebuddy.dynamic.loading.ClassLoadingStrategy$Default$WrappingDispatcher
2024-11-12 13:41:16,301 INFO  EvoClassLoader - Seeing class for first time: net.bytebuddy.dynamic.loading.ClassLoadingStrategy$Default
2024-11-12 13:41:16,301 INFO  EvoClassLoader - Instrumenting class 'net.bytebuddy.dynamic.loading.ClassLoadingStrategy$Default'.
2024-11-12 13:41:16,301 INFO  MethodCallReplacementClassAdapter - Adding mock interface to class net/bytebuddy/dynamic/loading/ClassLoadingStrategy$Default
2024-11-12 13:41:16,301 INFO  CreateClassResetClassAdapter - Found static initializer in class net/bytebuddy/dynamic/loading/ClassLoadingStrategy$Default
2024-11-12 13:41:16,301 INFO  EvoClassLoader - Keeping class: net.bytebuddy.dynamic.loading.ClassLoadingStrategy$Default
2024-11-12 13:41:16,301 INFO  EvoClassLoader - Seeing class for first time: net.bytebuddy.dynamic.loading.ByteArrayClassLoader$PersistenceHandler
2024-11-12 13:41:16,301 INFO  EvoClassLoader - Instrumenting class 'net.bytebuddy.dynamic.loading.ByteArrayClassLoader$PersistenceHandler'.
2024-11-12 13:41:16,302 INFO  MethodCallReplacementClassAdapter - Adding mock interface to class net/bytebuddy/dynamic/loading/ByteArrayClassLoader$PersistenceHandler
2024-11-12 13:41:16,302 INFO  CreateClassResetClassAdapter - Found static initializer in class net/bytebuddy/dynamic/loading/ByteArrayClassLoader$PersistenceHandler
2024-11-12 13:41:16,302 INFO  EvoClassLoader - Keeping class: net.bytebuddy.dynamic.loading.ByteArrayClassLoader$PersistenceHandler
2024-11-12 13:41:16,302 INFO  EvoClassLoader - Seeing class for first time: net.bytebuddy.dynamic.loading.ByteArrayClassLoader
2024-11-12 13:41:16,302 INFO  EvoClassLoader - Instrumenting class 'net.bytebuddy.dynamic.loading.ByteArrayClassLoader'.
2024-11-12 13:41:16,302 INFO  MethodCallReplacementClassAdapter - Adding mock interface to class net/bytebuddy/dynamic/loading/ByteArrayClassLoader
2024-11-12 13:41:16,303 INFO  CreateClassResetClassAdapter - Found static initializer in class net/bytebuddy/dynamic/loading/ByteArrayClassLoader
2024-11-12 13:41:16,303 INFO  EvoClassLoader - Keeping class: net.bytebuddy.dynamic.loading.ByteArrayClassLoader
2024-11-12 13:41:16,303 INFO  EvoClassLoader - Seeing class for first time: net.bytebuddy.dynamic.loading.ByteArrayClassLoader$SingletonEnumeration
2024-11-12 13:41:16,303 INFO  EvoClassLoader - Instrumenting class 'net.bytebuddy.dynamic.loading.ByteArrayClassLoader$SingletonEnumeration'.
2024-11-12 13:41:16,304 INFO  MethodCallReplacementClassAdapter - Adding mock interface to class net/bytebuddy/dynamic/loading/ByteArrayClassLoader$SingletonEnumeration
2024-11-12 13:41:16,304 INFO  CreateClassResetClassAdapter - Creating brand-new static initializer in class net/bytebuddy/dynamic/loading/ByteArrayClassLoader$SingletonEnumeration
2024-11-12 13:41:16,304 INFO  EvoClassLoader - Keeping class: net.bytebuddy.dynamic.loading.ByteArrayClassLoader$SingletonEnumeration
2024-11-12 13:41:16,304 INFO  EvoClassLoader - Seeing class for first time: net.bytebuddy.dynamic.loading.ByteArrayClassLoader$EmptyEnumeration
2024-11-12 13:41:16,304 INFO  EvoClassLoader - Instrumenting class 'net.bytebuddy.dynamic.loading.ByteArrayClassLoader$EmptyEnumeration'.
2024-11-12 13:41:16,304 INFO  MethodCallReplacementClassAdapter - Adding mock interface to class net/bytebuddy/dynamic/loading/ByteArrayClassLoader$EmptyEnumeration
2024-11-12 13:41:16,304 INFO  CreateClassResetClassAdapter - Found static initializer in class net/bytebuddy/dynamic/loading/ByteArrayClassLoader$EmptyEnumeration
2024-11-12 13:41:16,304 INFO  EvoClassLoader - Keeping class: net.bytebuddy.dynamic.loading.ByteArrayClassLoader$EmptyEnumeration
2024-11-12 13:41:16,304 INFO  EvoClassLoader - Seeing class for first time: net.bytebuddy.dynamic.loading.ByteArrayClassLoader$ChildFirst
2024-11-12 13:41:16,304 INFO  EvoClassLoader - Instrumenting class 'net.bytebuddy.dynamic.loading.ByteArrayClassLoader$ChildFirst'.
2024-11-12 13:41:16,304 INFO  MethodCallReplacementClassAdapter - Adding mock interface to class net/bytebuddy/dynamic/loading/ByteArrayClassLoader$ChildFirst
2024-11-12 13:41:16,305 INFO  CreateClassResetClassAdapter - Creating brand-new static initializer in class net/bytebuddy/dynamic/loading/ByteArrayClassLoader$ChildFirst
2024-11-12 13:41:16,305 INFO  CreateClassResetClassAdapter - Adding bytecode for initializing field CLASS_FILE_SUFFIX
2024-11-12 13:41:16,305 INFO  EvoClassLoader - Keeping class: net.bytebuddy.dynamic.loading.ByteArrayClassLoader$ChildFirst
2024-11-12 13:41:16,306 INFO  EvoClassLoader - Seeing class for first time: net.bytebuddy.dynamic.loading.ByteArrayClassLoader$PersistenceHandler$1
2024-11-12 13:41:16,306 INFO  EvoClassLoader - Instrumenting class 'net.bytebuddy.dynamic.loading.ByteArrayClassLoader$PersistenceHandler$1'.
2024-11-12 13:41:16,306 INFO  MethodCallReplacementClassAdapter - Adding mock interface to class net/bytebuddy/dynamic/loading/ByteArrayClassLoader$PersistenceHandler$1
2024-11-12 13:41:16,306 INFO  EvoClassLoader - Keeping class: net.bytebuddy.dynamic.loading.ByteArrayClassLoader$PersistenceHandler$1
2024-11-12 13:41:16,306 INFO  EvoClassLoader - Seeing class for first time: net.bytebuddy.dynamic.loading.ByteArrayClassLoader$PersistenceHandler$2
2024-11-12 13:41:16,306 INFO  EvoClassLoader - Instrumenting class 'net.bytebuddy.dynamic.loading.ByteArrayClassLoader$PersistenceHandler$2'.
2024-11-12 13:41:16,307 INFO  MethodCallReplacementClassAdapter - Adding mock interface to class net/bytebuddy/dynamic/loading/ByteArrayClassLoader$PersistenceHandler$2
2024-11-12 13:41:16,307 INFO  EvoClassLoader - Keeping class: net.bytebuddy.dynamic.loading.ByteArrayClassLoader$PersistenceHandler$2
2024-11-12 13:41:16,307 INFO  EvoClassLoader - Seeing class for first time: net.bytebuddy.dynamic.loading.PackageDefinitionStrategy$Trivial
2024-11-12 13:41:16,307 INFO  EvoClassLoader - Instrumenting class 'net.bytebuddy.dynamic.loading.PackageDefinitionStrategy$Trivial'.
2024-11-12 13:41:16,307 INFO  MethodCallReplacementClassAdapter - Adding mock interface to class net/bytebuddy/dynamic/loading/PackageDefinitionStrategy$Trivial
2024-11-12 13:41:16,308 INFO  CreateClassResetClassAdapter - Found static initializer in class net/bytebuddy/dynamic/loading/PackageDefinitionStrategy$Trivial
2024-11-12 13:41:16,308 INFO  EvoClassLoader - Keeping class: net.bytebuddy.dynamic.loading.PackageDefinitionStrategy$Trivial
2024-11-12 13:41:16,308 INFO  EvoClassLoader - Seeing class for first time: net.bytebuddy.dynamic.loading.PackageDefinitionStrategy$ManifestReading
2024-11-12 13:41:16,308 INFO  EvoClassLoader - Instrumenting class 'net.bytebuddy.dynamic.loading.PackageDefinitionStrategy$ManifestReading'.
2024-11-12 13:41:16,308 INFO  MethodCallReplacementClassAdapter - Adding mock interface to class net/bytebuddy/dynamic/loading/PackageDefinitionStrategy$ManifestReading
2024-11-12 13:41:16,309 INFO  CreateClassResetClassAdapter - Found static initializer in class net/bytebuddy/dynamic/loading/PackageDefinitionStrategy$ManifestReading
2024-11-12 13:41:16,309 INFO  EvoClassLoader - Keeping class: net.bytebuddy.dynamic.loading.PackageDefinitionStrategy$ManifestReading
2024-11-12 13:41:16,309 INFO  EvoClassLoader - Seeing class for first time: net.bytebuddy.dynamic.loading.PackageDefinitionStrategy$Definition
2024-11-12 13:41:16,309 INFO  EvoClassLoader - Instrumenting class 'net.bytebuddy.dynamic.loading.PackageDefinitionStrategy$Definition'.
2024-11-12 13:41:16,309 INFO  EvoClassLoader - Keeping class: net.bytebuddy.dynamic.loading.PackageDefinitionStrategy$Definition
2024-11-12 13:41:16,309 INFO  EvoClassLoader - Seeing class for first time: net.bytebuddy.dynamic.loading.ClassLoadingStrategy$Default$InjectionDispatcher
2024-11-12 13:41:16,309 INFO  EvoClassLoader - Instrumenting class 'net.bytebuddy.dynamic.loading.ClassLoadingStrategy$Default$InjectionDispatcher'.
2024-11-12 13:41:16,310 INFO  MethodCallReplacementClassAdapter - Adding mock interface to class net/bytebuddy/dynamic/loading/ClassLoadingStrategy$Default$InjectionDispatcher
2024-11-12 13:41:16,310 INFO  CreateClassResetClassAdapter - Creating brand-new static initializer in class net/bytebuddy/dynamic/loading/ClassLoadingStrategy$Default$InjectionDispatcher
2024-11-12 13:41:16,310 INFO  EvoClassLoader - Keeping class: net.bytebuddy.dynamic.loading.ClassLoadingStrategy$Default$InjectionDispatcher
2024-11-12 13:41:16,311 INFO  EvoClassLoader - Seeing class for first time: net.bytebuddy.dynamic.loading.PackageDefinitionStrategy$NoOp
2024-11-12 13:41:16,311 INFO  EvoClassLoader - Instrumenting class 'net.bytebuddy.dynamic.loading.PackageDefinitionStrategy$NoOp'.
2024-11-12 13:41:16,311 INFO  MethodCallReplacementClassAdapter - Adding mock interface to class net/bytebuddy/dynamic/loading/PackageDefinitionStrategy$NoOp
2024-11-12 13:41:16,311 INFO  CreateClassResetClassAdapter - Found static initializer in class net/bytebuddy/dynamic/loading/PackageDefinitionStrategy$NoOp
2024-11-12 13:41:16,311 INFO  EvoClassLoader - Keeping class: net.bytebuddy.dynamic.loading.PackageDefinitionStrategy$NoOp
2024-11-12 13:41:16,311 INFO  EvoClassLoader - Seeing class for first time: net.bytebuddy.dynamic.loading.ClassLoadingStrategy$ForUnsafeInjection
2024-11-12 13:41:16,311 INFO  EvoClassLoader - Instrumenting class 'net.bytebuddy.dynamic.loading.ClassLoadingStrategy$ForUnsafeInjection'.
2024-11-12 13:41:16,311 INFO  MethodCallReplacementClassAdapter - Adding mock interface to class net/bytebuddy/dynamic/loading/ClassLoadingStrategy$ForUnsafeInjection
2024-11-12 13:41:16,312 INFO  CreateClassResetClassAdapter - Creating brand-new static initializer in class net/bytebuddy/dynamic/loading/ClassLoadingStrategy$ForUnsafeInjection
2024-11-12 13:41:16,312 INFO  EvoClassLoader - Keeping class: net.bytebuddy.dynamic.loading.ClassLoadingStrategy$ForUnsafeInjection
2024-11-12 13:41:16,312 INFO  EvoClassLoader - Seeing class for first time: net.bytebuddy.dynamic.loading.ClassLoadingStrategy$ForBootstrapInjection
2024-11-12 13:41:16,312 INFO  EvoClassLoader - Instrumenting class 'net.bytebuddy.dynamic.loading.ClassLoadingStrategy$ForBootstrapInjection'.
2024-11-12 13:41:16,312 INFO  MethodCallReplacementClassAdapter - Adding mock interface to class net/bytebuddy/dynamic/loading/ClassLoadingStrategy$ForBootstrapInjection
2024-11-12 13:41:16,313 INFO  CreateClassResetClassAdapter - Creating brand-new static initializer in class net/bytebuddy/dynamic/loading/ClassLoadingStrategy$ForBootstrapInjection
2024-11-12 13:41:16,313 INFO  EvoClassLoader - Keeping class: net.bytebuddy.dynamic.loading.ClassLoadingStrategy$ForBootstrapInjection
2024-11-12 13:41:16,313 INFO  EvoClassLoader - Seeing class for first time: net.bytebuddy.dynamic.loading.ClassLoadingStrategy$UsingLookup
2024-11-12 13:41:16,313 INFO  EvoClassLoader - Instrumenting class 'net.bytebuddy.dynamic.loading.ClassLoadingStrategy$UsingLookup'.
2024-11-12 13:41:16,313 INFO  MethodCallReplacementClassAdapter - Adding mock interface to class net/bytebuddy/dynamic/loading/ClassLoadingStrategy$UsingLookup
2024-11-12 13:41:16,313 INFO  CreateClassResetClassAdapter - Creating brand-new static initializer in class net/bytebuddy/dynamic/loading/ClassLoadingStrategy$UsingLookup
2024-11-12 13:41:16,313 INFO  EvoClassLoader - Keeping class: net.bytebuddy.dynamic.loading.ClassLoadingStrategy$UsingLookup
2024-11-12 13:41:16,314 INFO  EvoClassLoader - Seeing class for first time: net.bytebuddy.dynamic.loading.PackageDefinitionStrategy$Definition$Undefined
2024-11-12 13:41:16,314 INFO  EvoClassLoader - Instrumenting class 'net.bytebuddy.dynamic.loading.PackageDefinitionStrategy$Definition$Undefined'.
2024-11-12 13:41:16,314 INFO  MethodCallReplacementClassAdapter - Adding mock interface to class net/bytebuddy/dynamic/loading/PackageDefinitionStrategy$Definition$Undefined
2024-11-12 13:41:16,314 INFO  CreateClassResetClassAdapter - Found static initializer in class net/bytebuddy/dynamic/loading/PackageDefinitionStrategy$Definition$Undefined
2024-11-12 13:41:16,315 INFO  EvoClassLoader - Keeping class: net.bytebuddy.dynamic.loading.PackageDefinitionStrategy$Definition$Undefined
2024-11-12 13:41:16,315 INFO  EvoClassLoader - Seeing class for first time: net.bytebuddy.dynamic.loading.PackageDefinitionStrategy$Definition$Simple
2024-11-12 13:41:16,315 INFO  EvoClassLoader - Instrumenting class 'net.bytebuddy.dynamic.loading.PackageDefinitionStrategy$Definition$Simple'.
2024-11-12 13:41:16,315 INFO  MethodCallReplacementClassAdapter - Adding mock interface to class net/bytebuddy/dynamic/loading/PackageDefinitionStrategy$Definition$Simple
2024-11-12 13:41:16,316 INFO  CreateClassResetClassAdapter - Creating brand-new static initializer in class net/bytebuddy/dynamic/loading/PackageDefinitionStrategy$Definition$Simple
2024-11-12 13:41:16,316 INFO  EvoClassLoader - Keeping class: net.bytebuddy.dynamic.loading.PackageDefinitionStrategy$Definition$Simple
2024-11-12 13:41:16,316 INFO  EvoClassLoader - Seeing class for first time: net.bytebuddy.dynamic.loading.PackageDefinitionStrategy$Definition$Trivial
2024-11-12 13:41:16,316 INFO  EvoClassLoader - Instrumenting class 'net.bytebuddy.dynamic.loading.PackageDefinitionStrategy$Definition$Trivial'.
2024-11-12 13:41:16,316 INFO  MethodCallReplacementClassAdapter - Adding mock interface to class net/bytebuddy/dynamic/loading/PackageDefinitionStrategy$Definition$Trivial
2024-11-12 13:41:16,316 INFO  CreateClassResetClassAdapter - Found static initializer in class net/bytebuddy/dynamic/loading/PackageDefinitionStrategy$Definition$Trivial
2024-11-12 13:41:16,316 INFO  EvoClassLoader - Keeping class: net.bytebuddy.dynamic.loading.PackageDefinitionStrategy$Definition$Trivial
2024-11-12 13:41:16,317 INFO  EvoClassLoader - Seeing class for first time: org.objenesis.strategy.PlatformDescription
2024-11-12 13:41:16,317 INFO  EvoClassLoader - Instrumenting class 'org.objenesis.strategy.PlatformDescription'.
2024-11-12 13:41:16,317 INFO  MethodCallReplacementClassAdapter - Adding mock interface to class org/objenesis/strategy/PlatformDescription
2024-11-12 13:41:16,318 INFO  CreateClassResetClassAdapter - Found static initializer in class org/objenesis/strategy/PlatformDescription
2024-11-12 13:41:16,318 INFO  EvoClassLoader - Keeping class: org.objenesis.strategy.PlatformDescription
2024-11-12 13:41:16,318 INFO  EvoClassLoader - Seeing class for first time: org.objenesis.ObjenesisException
2024-11-12 13:41:16,318 INFO  EvoClassLoader - Instrumenting class 'org.objenesis.ObjenesisException'.
2024-11-12 13:41:16,319 INFO  MethodCallReplacementClassAdapter - Adding mock interface to class org/objenesis/ObjenesisException
2024-11-12 13:41:16,319 INFO  CreateClassResetClassAdapter - Creating brand-new static initializer in class org/objenesis/ObjenesisException
2024-11-12 13:41:16,319 INFO  EvoClassLoader - Keeping class: org.objenesis.ObjenesisException
2024-11-12 13:41:16,319 INFO  EvoClassLoader - Seeing class for first time: org.objenesis.instantiator.sun.SunReflectionFactoryInstantiator
2024-11-12 13:41:16,319 INFO  EvoClassLoader - Instrumenting class 'org.objenesis.instantiator.sun.SunReflectionFactoryInstantiator'.
2024-11-12 13:41:16,320 INFO  MethodCallReplacementClassAdapter - Adding mock interface to class org/objenesis/instantiator/sun/SunReflectionFactoryInstantiator
2024-11-12 13:41:16,320 INFO  CreateClassResetClassAdapter - Creating brand-new static initializer in class org/objenesis/instantiator/sun/SunReflectionFactoryInstantiator
2024-11-12 13:41:16,320 INFO  EvoClassLoader - Defined package (3): package org.objenesis.instantiator.sun, 183797404
2024-11-12 13:41:16,320 INFO  EvoClassLoader - Keeping class: org.objenesis.instantiator.sun.SunReflectionFactoryInstantiator
2024-11-12 13:41:16,320 INFO  EvoClassLoader - Seeing class for first time: org.objenesis.instantiator.sun.SunReflectionFactoryHelper
2024-11-12 13:41:16,320 INFO  EvoClassLoader - Instrumenting class 'org.objenesis.instantiator.sun.SunReflectionFactoryHelper'.
2024-11-12 13:41:16,320 INFO  MethodCallReplacementClassAdapter - Adding mock interface to class org/objenesis/instantiator/sun/SunReflectionFactoryHelper
2024-11-12 13:41:16,321 INFO  CreateClassResetClassAdapter - Creating brand-new static initializer in class org/objenesis/instantiator/sun/SunReflectionFactoryHelper
2024-11-12 13:41:16,321 INFO  EvoClassLoader - Keeping class: org.objenesis.instantiator.sun.SunReflectionFactoryHelper
2024-11-12 13:41:16,321 INFO  EvoClassLoader - Seeing class for first time: org.mockito.invocation.Location
2024-11-12 13:41:16,321 INFO  EvoClassLoader - Instrumenting class 'org.mockito.invocation.Location'.
2024-11-12 13:41:16,321 INFO  EvoClassLoader - Keeping class: org.mockito.invocation.Location
2024-11-12 13:41:16,321 INFO  EvoClassLoader - Seeing class for first time: org.mockito.internal.creation.bytebuddy.ByteBuddyCrossClassLoaderSerializationSupport
2024-11-12 13:41:16,321 INFO  EvoClassLoader - Instrumenting class 'org.mockito.internal.creation.bytebuddy.ByteBuddyCrossClassLoaderSerializationSupport'.
2024-11-12 13:41:16,322 INFO  MethodCallReplacementClassAdapter - Adding mock interface to class org/mockito/internal/creation/bytebuddy/ByteBuddyCrossClassLoaderSerializationSupport
2024-11-12 13:41:16,322 INFO  CreateClassResetClassAdapter - Creating brand-new static initializer in class org/mockito/internal/creation/bytebuddy/ByteBuddyCrossClassLoaderSerializationSupport
2024-11-12 13:41:16,322 INFO  CreateClassResetClassAdapter - Adding bytecode for initializing field MOCKITO_PROXY_MARKER
2024-11-12 13:41:16,322 INFO  EvoClassLoader - Keeping class: org.mockito.internal.creation.bytebuddy.ByteBuddyCrossClassLoaderSerializationSupport
2024-11-12 13:41:16,322 INFO  EvoClassLoader - Seeing class for first time: org.mockito.exceptions.base.MockitoSerializationIssue
2024-11-12 13:41:16,322 INFO  EvoClassLoader - Instrumenting class 'org.mockito.exceptions.base.MockitoSerializationIssue'.
2024-11-12 13:41:16,322 INFO  MethodCallReplacementClassAdapter - Adding mock interface to class org/mockito/exceptions/base/MockitoSerializationIssue
2024-11-12 13:41:16,323 INFO  CreateClassResetClassAdapter - Creating brand-new static initializer in class org/mockito/exceptions/base/MockitoSerializationIssue
2024-11-12 13:41:16,323 INFO  EvoClassLoader - Keeping class: org.mockito.exceptions.base.MockitoSerializationIssue
2024-11-12 13:41:16,323 INFO  EvoClassLoader - Seeing class for first time: org.apache.hadoop.hdfs.server.protocol.ReceivedDeletedBlockInfo$BlockStatus
2024-11-12 13:41:16,323 INFO  EvoClassLoader - Instrumenting class 'org.apache.hadoop.hdfs.server.protocol.ReceivedDeletedBlockInfo$BlockStatus'.
2024-11-12 13:41:16,323 INFO  MethodCallReplacementClassAdapter - Adding mock interface to class org/apache/hadoop/hdfs/server/protocol/ReceivedDeletedBlockInfo$BlockStatus
2024-11-12 13:41:16,323 INFO  CreateClassResetClassAdapter - Found static initializer in class org/apache/hadoop/hdfs/server/protocol/ReceivedDeletedBlockInfo$BlockStatus
2024-11-12 13:41:16,323 INFO  EvoClassLoader - Keeping class: org.apache.hadoop.hdfs.server.protocol.ReceivedDeletedBlockInfo$BlockStatus
2024-11-12 13:41:16,323 INFO  EvoClassLoader - Seeing class for first time: org.apache.hadoop.fs.TestFileSystemCaching$InitializeForeverFileSystem
2024-11-12 13:41:16,323 INFO  EvoClassLoader - Instrumenting class 'org.apache.hadoop.fs.TestFileSystemCaching$InitializeForeverFileSystem'.
2024-11-12 13:41:16,324 INFO  MethodCallReplacementClassAdapter - Adding mock interface to class org/apache/hadoop/fs/TestFileSystemCaching$InitializeForeverFileSystem
2024-11-12 13:41:16,324 INFO  CreateClassResetClassAdapter - Found static initializer in class org/apache/hadoop/fs/TestFileSystemCaching$InitializeForeverFileSystem
2024-11-12 13:41:16,324 INFO  EvoClassLoader - Keeping class: org.apache.hadoop.fs.TestFileSystemCaching$InitializeForeverFileSystem
2024-11-12 13:41:16,324 INFO  EvoClassLoader - Seeing class for first time: org.apache.hadoop.fs.TestFileSystemCaching
2024-11-12 13:41:16,324 INFO  EvoClassLoader - Instrumenting class 'org.apache.hadoop.fs.TestFileSystemCaching'.
2024-11-12 13:41:16,324 INFO  MethodCallReplacementClassAdapter - Adding mock interface to class org/apache/hadoop/fs/TestFileSystemCaching
2024-11-12 13:41:16,326 INFO  CreateClassResetClassAdapter - Creating brand-new static initializer in class org/apache/hadoop/fs/TestFileSystemCaching
2024-11-12 13:41:16,326 INFO  EvoClassLoader - Seeing class for first time: org.apache.hadoop.test.HadoopTestBase
2024-11-12 13:41:16,326 INFO  EvoClassLoader - Instrumenting class 'org.apache.hadoop.test.HadoopTestBase'.
2024-11-12 13:41:16,327 INFO  MethodCallReplacementClassAdapter - Adding mock interface to class org/apache/hadoop/test/HadoopTestBase
2024-11-12 13:41:16,327 INFO  CreateClassResetClassAdapter - Creating brand-new static initializer in class org/apache/hadoop/test/HadoopTestBase
2024-11-12 13:41:16,327 INFO  CreateClassResetClassAdapter - Adding bytecode for initializing field PROPERTY_TEST_DEFAULT_TIMEOUT
2024-11-12 13:41:16,327 INFO  CreateClassResetClassAdapter - Adding bytecode for initializing field TEST_DEFAULT_TIMEOUT_VALUE
2024-11-12 13:41:16,327 INFO  EvoClassLoader - Defined package (3): package org.apache.hadoop.test, 101545829
2024-11-12 13:41:16,327 INFO  EvoClassLoader - Keeping class: org.apache.hadoop.test.HadoopTestBase
2024-11-12 13:41:16,327 INFO  EvoClassLoader - Keeping class: org.apache.hadoop.fs.TestFileSystemCaching
2024-11-12 13:41:16,327 INFO  EvoClassLoader - Seeing class for first time: org.apache.hadoop.fs.TestFileSystemCaching$BlockingInitializer
2024-11-12 13:41:16,327 INFO  EvoClassLoader - Instrumenting class 'org.apache.hadoop.fs.TestFileSystemCaching$BlockingInitializer'.
2024-11-12 13:41:16,327 INFO  MethodCallReplacementClassAdapter - Adding mock interface to class org/apache/hadoop/fs/TestFileSystemCaching$BlockingInitializer
2024-11-12 13:41:16,328 INFO  CreateClassResetClassAdapter - Found static initializer in class org/apache/hadoop/fs/TestFileSystemCaching$BlockingInitializer
2024-11-12 13:41:16,328 INFO  EvoClassLoader - Keeping class: org.apache.hadoop.fs.TestFileSystemCaching$BlockingInitializer
2024-11-12 13:41:16,329 INFO  EvoClassLoader - Seeing class for first time: org.apache.hadoop.net.InnerNode$Factory
2024-11-12 13:41:16,329 INFO  EvoClassLoader - Instrumenting class 'org.apache.hadoop.net.InnerNode$Factory'.
2024-11-12 13:41:16,329 INFO  EvoClassLoader - Keeping class: org.apache.hadoop.net.InnerNode$Factory
2024-11-12 13:41:16,330 INFO  EvoClassLoader - Seeing class for first time: org.apache.hadoop.net.InnerNode
2024-11-12 13:41:16,330 INFO  EvoClassLoader - Instrumenting class 'org.apache.hadoop.net.InnerNode'.
2024-11-12 13:41:16,330 INFO  EvoClassLoader - Keeping class: org.apache.hadoop.net.InnerNode
2024-11-12 13:41:16,330 INFO  EvoClassLoader - Seeing class for first time: org.apache.hadoop.hdfs.net.DFSTopologyNodeImpl
2024-11-12 13:41:16,330 INFO  EvoClassLoader - Instrumenting class 'org.apache.hadoop.hdfs.net.DFSTopologyNodeImpl'.
2024-11-12 13:41:16,331 INFO  MethodCallReplacementClassAdapter - Adding mock interface to class org/apache/hadoop/hdfs/net/DFSTopologyNodeImpl
2024-11-12 13:41:16,333 INFO  CreateClassResetClassAdapter - Found static initializer in class org/apache/hadoop/hdfs/net/DFSTopologyNodeImpl
2024-11-12 13:41:16,334 INFO  EvoClassLoader - Seeing class for first time: org.apache.hadoop.net.InnerNodeImpl
2024-11-12 13:41:16,334 INFO  EvoClassLoader - Instrumenting class 'org.apache.hadoop.net.InnerNodeImpl'.
2024-11-12 13:41:16,334 INFO  MethodCallReplacementClassAdapter - Adding mock interface to class org/apache/hadoop/net/InnerNodeImpl
2024-11-12 13:41:16,335 INFO  CreateClassResetClassAdapter - Found static initializer in class org/apache/hadoop/net/InnerNodeImpl
2024-11-12 13:41:16,336 INFO  EvoClassLoader - Seeing class for first time: org.apache.hadoop.net.NodeBase
2024-11-12 13:41:16,336 INFO  EvoClassLoader - Instrumenting class 'org.apache.hadoop.net.NodeBase'.
2024-11-12 13:41:16,336 INFO  MethodCallReplacementClassAdapter - Adding mock interface to class org/apache/hadoop/net/NodeBase
2024-11-12 13:41:16,337 INFO  CreateClassResetClassAdapter - Creating brand-new static initializer in class org/apache/hadoop/net/NodeBase
2024-11-12 13:41:16,337 INFO  CreateClassResetClassAdapter - Adding bytecode for initializing field PATH_SEPARATOR
2024-11-12 13:41:16,337 INFO  CreateClassResetClassAdapter - Adding bytecode for initializing field PATH_SEPARATOR_STR
2024-11-12 13:41:16,337 INFO  CreateClassResetClassAdapter - Adding bytecode for initializing field ROOT
2024-11-12 13:41:16,337 INFO  EvoClassLoader - Keeping class: org.apache.hadoop.net.NodeBase
2024-11-12 13:41:16,337 INFO  EvoClassLoader - Keeping class: org.apache.hadoop.net.InnerNodeImpl
2024-11-12 13:41:16,337 INFO  EvoClassLoader - Keeping class: org.apache.hadoop.hdfs.net.DFSTopologyNodeImpl
2024-11-12 13:41:16,337 INFO  EvoClassLoader - Seeing class for first time: org.apache.hadoop.fs.CommonConfigurationKeysPublic
2024-11-12 13:41:16,337 INFO  EvoClassLoader - Instrumenting class 'org.apache.hadoop.fs.CommonConfigurationKeysPublic'.
2024-11-12 13:41:16,338 INFO  MethodCallReplacementClassAdapter - Adding mock interface to class org/apache/hadoop/fs/CommonConfigurationKeysPublic
2024-11-12 13:41:16,338 INFO  CreateClassResetClassAdapter - Found static initializer in class org/apache/hadoop/fs/CommonConfigurationKeysPublic
2024-11-12 13:41:16,340 INFO  EvoClassLoader - Keeping class: org.apache.hadoop.fs.CommonConfigurationKeysPublic
2024-11-12 13:41:16,340 INFO  EvoClassLoader - Seeing class for first time: org.apache.hadoop.crypto.OpensslAesCtrCryptoCodec
2024-11-12 13:41:16,340 INFO  EvoClassLoader - Instrumenting class 'org.apache.hadoop.crypto.OpensslAesCtrCryptoCodec'.
2024-11-12 13:41:16,341 INFO  MethodCallReplacementClassAdapter - Adding mock interface to class org/apache/hadoop/crypto/OpensslAesCtrCryptoCodec
2024-11-12 13:41:16,342 INFO  CreateClassResetClassAdapter - Found static initializer in class org/apache/hadoop/crypto/OpensslAesCtrCryptoCodec
2024-11-12 13:41:16,342 INFO  EvoClassLoader - Seeing class for first time: org.apache.hadoop.crypto.AesCtrCryptoCodec
2024-11-12 13:41:16,342 INFO  EvoClassLoader - Instrumenting class 'org.apache.hadoop.crypto.AesCtrCryptoCodec'.
2024-11-12 13:41:16,342 INFO  MethodCallReplacementClassAdapter - Adding mock interface to class org/apache/hadoop/crypto/AesCtrCryptoCodec
2024-11-12 13:41:16,342 INFO  CreateClassResetClassAdapter - Found static initializer in class org/apache/hadoop/crypto/AesCtrCryptoCodec
2024-11-12 13:41:16,343 INFO  EvoClassLoader - Seeing class for first time: org.apache.hadoop.crypto.CryptoCodec
2024-11-12 13:41:16,343 INFO  EvoClassLoader - Instrumenting class 'org.apache.hadoop.crypto.CryptoCodec'.
2024-11-12 13:41:16,343 INFO  MethodCallReplacementClassAdapter - Adding mock interface to class org/apache/hadoop/crypto/CryptoCodec
2024-11-12 13:41:16,344 INFO  CreateClassResetClassAdapter - Found static initializer in class org/apache/hadoop/crypto/CryptoCodec
2024-11-12 13:41:16,344 INFO  EvoClassLoader - Keeping class: org.apache.hadoop.crypto.CryptoCodec
2024-11-12 13:41:16,344 INFO  EvoClassLoader - Keeping class: org.apache.hadoop.crypto.AesCtrCryptoCodec
2024-11-12 13:41:16,344 INFO  EvoClassLoader - Keeping class: org.apache.hadoop.crypto.OpensslAesCtrCryptoCodec
2024-11-12 13:41:16,344 INFO  EvoClassLoader - Seeing class for first time: org.apache.hadoop.crypto.JceAesCtrCryptoCodec
2024-11-12 13:41:16,344 INFO  EvoClassLoader - Instrumenting class 'org.apache.hadoop.crypto.JceAesCtrCryptoCodec'.
2024-11-12 13:41:16,345 INFO  MethodCallReplacementClassAdapter - Adding mock interface to class org/apache/hadoop/crypto/JceAesCtrCryptoCodec
2024-11-12 13:41:16,345 INFO  CreateClassResetClassAdapter - Found static initializer in class org/apache/hadoop/crypto/JceAesCtrCryptoCodec
2024-11-12 13:41:16,346 INFO  EvoClassLoader - Keeping class: org.apache.hadoop.crypto.JceAesCtrCryptoCodec
2024-11-12 13:41:16,346 INFO  EvoClassLoader - Seeing class for first time: org.apache.hadoop.fs.CommonConfigurationKeys
2024-11-12 13:41:16,346 INFO  EvoClassLoader - Instrumenting class 'org.apache.hadoop.fs.CommonConfigurationKeys'.
2024-11-12 13:41:16,347 INFO  MethodCallReplacementClassAdapter - Adding mock interface to class org/apache/hadoop/fs/CommonConfigurationKeys
2024-11-12 13:41:16,347 INFO  CreateClassResetClassAdapter - Found static initializer in class org/apache/hadoop/fs/CommonConfigurationKeys
2024-11-12 13:41:16,348 INFO  EvoClassLoader - Keeping class: org.apache.hadoop.fs.CommonConfigurationKeys
2024-11-12 13:41:16,348 INFO  EvoClassLoader - Seeing class for first time: org.apache.hadoop.http.HttpConfig
2024-11-12 13:41:16,348 INFO  EvoClassLoader - Instrumenting class 'org.apache.hadoop.http.HttpConfig'.
2024-11-12 13:41:16,349 INFO  MethodCallReplacementClassAdapter - Adding mock interface to class org/apache/hadoop/http/HttpConfig
2024-11-12 13:41:16,349 INFO  CreateClassResetClassAdapter - Creating brand-new static initializer in class org/apache/hadoop/http/HttpConfig
2024-11-12 13:41:16,349 INFO  EvoClassLoader - Keeping class: org.apache.hadoop.http.HttpConfig
2024-11-12 13:41:16,349 INFO  EvoClassLoader - Seeing class for first time: org.apache.hadoop.hdfs.client.HdfsClientConfigKeys$Read$ShortCircuit
2024-11-12 13:41:16,349 INFO  EvoClassLoader - Instrumenting class 'org.apache.hadoop.hdfs.client.HdfsClientConfigKeys$Read$ShortCircuit'.
2024-11-12 13:41:16,349 INFO  EvoClassLoader - Keeping class: org.apache.hadoop.hdfs.client.HdfsClientConfigKeys$Read$ShortCircuit
2024-11-12 13:41:16,349 INFO  EvoClassLoader - Seeing class for first time: org.apache.hadoop.hdfs.client.HdfsClientConfigKeys
2024-11-12 13:41:16,349 INFO  EvoClassLoader - Instrumenting class 'org.apache.hadoop.hdfs.client.HdfsClientConfigKeys'.
2024-11-12 13:41:16,350 INFO  EvoClassLoader - Keeping class: org.apache.hadoop.hdfs.client.HdfsClientConfigKeys
2024-11-12 13:41:16,350 INFO  EvoClassLoader - Seeing class for first time: org.apache.hadoop.hdfs.DFSConfigKeys
2024-11-12 13:41:16,350 INFO  EvoClassLoader - Instrumenting class 'org.apache.hadoop.hdfs.DFSConfigKeys'.
2024-11-12 13:41:16,351 INFO  MethodCallReplacementClassAdapter - Adding mock interface to class org/apache/hadoop/hdfs/DFSConfigKeys
2024-11-12 13:41:16,352 INFO  CreateClassResetClassAdapter - Found static initializer in class org/apache/hadoop/hdfs/DFSConfigKeys
2024-11-12 13:41:16,360 INFO  EvoClassLoader - Keeping class: org.apache.hadoop.hdfs.DFSConfigKeys
2024-11-12 13:41:16,363 INFO  EvoClassLoader - Seeing class for first time: org.apache.hadoop.hdfs.server.datanode.fsdataset.impl.RamDiskReplicaLruTracker
2024-11-12 13:41:16,363 INFO  EvoClassLoader - Instrumenting class 'org.apache.hadoop.hdfs.server.datanode.fsdataset.impl.RamDiskReplicaLruTracker'.
2024-11-12 13:41:16,363 INFO  MethodCallReplacementClassAdapter - Adding mock interface to class org/apache/hadoop/hdfs/server/datanode/fsdataset/impl/RamDiskReplicaLruTracker
2024-11-12 13:41:16,365 INFO  CreateClassResetClassAdapter - Creating brand-new static initializer in class org/apache/hadoop/hdfs/server/datanode/fsdataset/impl/RamDiskReplicaLruTracker
2024-11-12 13:41:16,365 INFO  EvoClassLoader - Seeing class for first time: org.apache.hadoop.hdfs.server.datanode.fsdataset.impl.RamDiskReplicaTracker
2024-11-12 13:41:16,365 INFO  EvoClassLoader - Instrumenting class 'org.apache.hadoop.hdfs.server.datanode.fsdataset.impl.RamDiskReplicaTracker'.
2024-11-12 13:41:16,366 INFO  MethodCallReplacementClassAdapter - Adding mock interface to class org/apache/hadoop/hdfs/server/datanode/fsdataset/impl/RamDiskReplicaTracker
2024-11-12 13:41:16,366 INFO  CreateClassResetClassAdapter - Found static initializer in class org/apache/hadoop/hdfs/server/datanode/fsdataset/impl/RamDiskReplicaTracker
2024-11-12 13:41:16,367 INFO  EvoClassLoader - Keeping class: org.apache.hadoop.hdfs.server.datanode.fsdataset.impl.RamDiskReplicaTracker
2024-11-12 13:41:16,367 INFO  EvoClassLoader - Keeping class: org.apache.hadoop.hdfs.server.datanode.fsdataset.impl.RamDiskReplicaLruTracker
2024-11-12 13:41:16,367 INFO  EvoClassLoader - Seeing class for first time: org.apache.hadoop.hdfs.server.datanode.fsdataset.impl.ReservedSpaceCalculator$ReservedSpaceCalculatorAbsolute
2024-11-12 13:41:16,367 INFO  EvoClassLoader - Instrumenting class 'org.apache.hadoop.hdfs.server.datanode.fsdataset.impl.ReservedSpaceCalculator$ReservedSpaceCalculatorAbsolute'.
2024-11-12 13:41:16,367 INFO  MethodCallReplacementClassAdapter - Adding mock interface to class org/apache/hadoop/hdfs/server/datanode/fsdataset/impl/ReservedSpaceCalculator$ReservedSpaceCalculatorAbsolute
2024-11-12 13:41:16,367 INFO  CreateClassResetClassAdapter - Creating brand-new static initializer in class org/apache/hadoop/hdfs/server/datanode/fsdataset/impl/ReservedSpaceCalculator$ReservedSpaceCalculatorAbsolute
2024-11-12 13:41:16,367 INFO  EvoClassLoader - Seeing class for first time: org.apache.hadoop.hdfs.server.datanode.fsdataset.impl.ReservedSpaceCalculator
2024-11-12 13:41:16,367 INFO  EvoClassLoader - Instrumenting class 'org.apache.hadoop.hdfs.server.datanode.fsdataset.impl.ReservedSpaceCalculator'.
2024-11-12 13:41:16,368 INFO  MethodCallReplacementClassAdapter - Adding mock interface to class org/apache/hadoop/hdfs/server/datanode/fsdataset/impl/ReservedSpaceCalculator
2024-11-12 13:41:16,368 INFO  CreateClassResetClassAdapter - Creating brand-new static initializer in class org/apache/hadoop/hdfs/server/datanode/fsdataset/impl/ReservedSpaceCalculator
2024-11-12 13:41:16,369 INFO  EvoClassLoader - Keeping class: org.apache.hadoop.hdfs.server.datanode.fsdataset.impl.ReservedSpaceCalculator
2024-11-12 13:41:16,369 INFO  EvoClassLoader - Keeping class: org.apache.hadoop.hdfs.server.datanode.fsdataset.impl.ReservedSpaceCalculator$ReservedSpaceCalculatorAbsolute
2024-11-12 13:41:16,369 INFO  EvoClassLoader - Seeing class for first time: org.apache.hadoop.hdfs.server.blockmanagement.BlockPlacementPolicyDefault
2024-11-12 13:41:16,369 INFO  EvoClassLoader - Instrumenting class 'org.apache.hadoop.hdfs.server.blockmanagement.BlockPlacementPolicyDefault'.
2024-11-12 13:41:16,369 INFO  MethodCallReplacementClassAdapter - Adding mock interface to class org/apache/hadoop/hdfs/server/blockmanagement/BlockPlacementPolicyDefault
2024-11-12 13:41:16,373 INFO  CreateClassResetClassAdapter - Found static initializer in class org/apache/hadoop/hdfs/server/blockmanagement/BlockPlacementPolicyDefault
2024-11-12 13:41:16,375 INFO  EvoClassLoader - Keeping class: org.apache.hadoop.hdfs.server.blockmanagement.BlockPlacementPolicyDefault
2024-11-12 13:41:16,375 INFO  EvoClassLoader - Seeing class for first time: org.apache.hadoop.hdfs.server.blockmanagement.BlockPlacementPolicyRackFaultTolerant
2024-11-12 13:41:16,375 INFO  EvoClassLoader - Instrumenting class 'org.apache.hadoop.hdfs.server.blockmanagement.BlockPlacementPolicyRackFaultTolerant'.
2024-11-12 13:41:16,375 INFO  MethodCallReplacementClassAdapter - Adding mock interface to class org/apache/hadoop/hdfs/server/blockmanagement/BlockPlacementPolicyRackFaultTolerant
2024-11-12 13:41:16,377 INFO  CreateClassResetClassAdapter - Found static initializer in class org/apache/hadoop/hdfs/server/blockmanagement/BlockPlacementPolicyRackFaultTolerant
2024-11-12 13:41:16,378 INFO  EvoClassLoader - Keeping class: org.apache.hadoop.hdfs.server.blockmanagement.BlockPlacementPolicyRackFaultTolerant
2024-11-12 13:41:16,384 INFO  EvoClassLoader - Seeing class for first time: org.apache.hadoop.net.InnerNodeImpl$Factory
2024-11-12 13:41:16,384 INFO  EvoClassLoader - Instrumenting class 'org.apache.hadoop.net.InnerNodeImpl$Factory'.
2024-11-12 13:41:16,385 INFO  MethodCallReplacementClassAdapter - Adding mock interface to class org/apache/hadoop/net/InnerNodeImpl$Factory
2024-11-12 13:41:16,385 INFO  CreateClassResetClassAdapter - Creating brand-new static initializer in class org/apache/hadoop/net/InnerNodeImpl$Factory
2024-11-12 13:41:16,385 INFO  EvoClassLoader - Keeping class: org.apache.hadoop.net.InnerNodeImpl$Factory
2024-11-12 13:41:16,385 INFO  EvoClassLoader - Seeing class for first time: org.apache.hadoop.hdfs.net.DFSTopologyNodeImpl$Factory
2024-11-12 13:41:16,385 INFO  EvoClassLoader - Instrumenting class 'org.apache.hadoop.hdfs.net.DFSTopologyNodeImpl$Factory'.
2024-11-12 13:41:16,385 INFO  MethodCallReplacementClassAdapter - Adding mock interface to class org/apache/hadoop/hdfs/net/DFSTopologyNodeImpl$Factory
2024-11-12 13:41:16,385 INFO  CreateClassResetClassAdapter - Creating brand-new static initializer in class org/apache/hadoop/hdfs/net/DFSTopologyNodeImpl$Factory
2024-11-12 13:41:16,385 INFO  EvoClassLoader - Keeping class: org.apache.hadoop.hdfs.net.DFSTopologyNodeImpl$Factory
2024-11-12 13:41:16,386 INFO  EvoClassLoader - Seeing class for first time: org.apache.hadoop.hdfs.server.blockmanagement.DatanodeStats
2024-11-12 13:41:16,386 INFO  EvoClassLoader - Instrumenting class 'org.apache.hadoop.hdfs.server.blockmanagement.DatanodeStats'.
2024-11-12 13:41:16,386 INFO  MethodCallReplacementClassAdapter - Adding mock interface to class org/apache/hadoop/hdfs/server/blockmanagement/DatanodeStats
2024-11-12 13:41:16,386 INFO  CreateClassResetClassAdapter - Creating brand-new static initializer in class org/apache/hadoop/hdfs/server/blockmanagement/DatanodeStats
2024-11-12 13:41:16,387 INFO  EvoClassLoader - Keeping class: org.apache.hadoop.hdfs.server.blockmanagement.DatanodeStats
2024-11-12 13:41:16,387 INFO  EvoClassLoader - Seeing class for first time: org.apache.hadoop.hdfs.server.blockmanagement.DatanodeStats$StorageTypeStatsMap
2024-11-12 13:41:16,387 INFO  EvoClassLoader - Instrumenting class 'org.apache.hadoop.hdfs.server.blockmanagement.DatanodeStats$StorageTypeStatsMap'.
2024-11-12 13:41:16,387 INFO  MethodCallReplacementClassAdapter - Adding mock interface to class org/apache/hadoop/hdfs/server/blockmanagement/DatanodeStats$StorageTypeStatsMap
2024-11-12 13:41:16,387 INFO  CreateClassResetClassAdapter - Creating brand-new static initializer in class org/apache/hadoop/hdfs/server/blockmanagement/DatanodeStats$StorageTypeStatsMap
2024-11-12 13:41:16,387 INFO  EvoClassLoader - Keeping class: org.apache.hadoop.hdfs.server.blockmanagement.DatanodeStats$StorageTypeStatsMap
2024-11-12 13:41:16,387 INFO  EvoClassLoader - Seeing class for first time: org.apache.hadoop.hdfs.server.blockmanagement.HeartbeatManager$Monitor
2024-11-12 13:41:16,387 INFO  EvoClassLoader - Instrumenting class 'org.apache.hadoop.hdfs.server.blockmanagement.HeartbeatManager$Monitor'.
2024-11-12 13:41:16,387 INFO  MethodCallReplacementClassAdapter - Adding mock interface to class org/apache/hadoop/hdfs/server/blockmanagement/HeartbeatManager$Monitor
2024-11-12 13:41:16,387 INFO  CreateClassResetClassAdapter - Creating brand-new static initializer in class org/apache/hadoop/hdfs/server/blockmanagement/HeartbeatManager$Monitor
2024-11-12 13:41:16,387 INFO  EvoClassLoader - Keeping class: org.apache.hadoop.hdfs.server.blockmanagement.HeartbeatManager$Monitor
2024-11-12 13:41:16,387 INFO  EvoClassLoader - Seeing class for first time: org.apache.hadoop.util.StopWatch
2024-11-12 13:41:16,387 INFO  EvoClassLoader - Instrumenting class 'org.apache.hadoop.util.StopWatch'.
2024-11-12 13:41:16,388 INFO  MethodCallReplacementClassAdapter - Adding mock interface to class org/apache/hadoop/util/StopWatch
2024-11-12 13:41:16,388 INFO  CreateClassResetClassAdapter - Creating brand-new static initializer in class org/apache/hadoop/util/StopWatch
2024-11-12 13:41:16,388 INFO  EvoClassLoader - Keeping class: org.apache.hadoop.util.StopWatch
2024-11-12 13:41:16,389 INFO  EvoClassLoader - Seeing class for first time: org.apache.hadoop.thirdparty.com.google.common.util.concurrent.ThreadFactoryBuilder
2024-11-12 13:41:16,389 INFO  EvoClassLoader - Instrumenting class 'org.apache.hadoop.thirdparty.com.google.common.util.concurrent.ThreadFactoryBuilder'.
2024-11-12 13:41:16,389 INFO  MethodCallReplacementClassAdapter - Adding mock interface to class org/apache/hadoop/thirdparty/com/google/common/util/concurrent/ThreadFactoryBuilder
2024-11-12 13:41:16,389 INFO  CreateClassResetClassAdapter - Creating brand-new static initializer in class org/apache/hadoop/thirdparty/com/google/common/util/concurrent/ThreadFactoryBuilder
2024-11-12 13:41:16,389 INFO  EvoClassLoader - Keeping class: org.apache.hadoop.thirdparty.com.google.common.util.concurrent.ThreadFactoryBuilder
2024-11-12 13:41:16,389 INFO  EvoClassLoader - Seeing class for first time: org.apache.hadoop.thirdparty.com.google.common.util.concurrent.ThreadFactoryBuilder$1
2024-11-12 13:41:16,389 INFO  EvoClassLoader - Instrumenting class 'org.apache.hadoop.thirdparty.com.google.common.util.concurrent.ThreadFactoryBuilder$1'.
2024-11-12 13:41:16,389 INFO  MethodCallReplacementClassAdapter - Adding mock interface to class org/apache/hadoop/thirdparty/com/google/common/util/concurrent/ThreadFactoryBuilder$1
2024-11-12 13:41:16,390 INFO  EvoClassLoader - Keeping class: org.apache.hadoop.thirdparty.com.google.common.util.concurrent.ThreadFactoryBuilder$1
2024-11-12 13:41:16,390 INFO  EvoClassLoader - Seeing class for first time: org.apache.hadoop.hdfs.server.blockmanagement.DatanodeManager$2
2024-11-12 13:41:16,390 INFO  EvoClassLoader - Instrumenting class 'org.apache.hadoop.hdfs.server.blockmanagement.DatanodeManager$2'.
2024-11-12 13:41:16,390 INFO  MethodCallReplacementClassAdapter - Adding mock interface to class org/apache/hadoop/hdfs/server/blockmanagement/DatanodeManager$2
2024-11-12 13:41:16,390 INFO  EvoClassLoader - Keeping class: org.apache.hadoop.hdfs.server.blockmanagement.DatanodeManager$2
2024-11-12 13:41:16,390 INFO  EvoClassLoader - Seeing class for first time: org.apache.hadoop.hdfs.web.URLConnectionFactory$1
2024-11-12 13:41:16,390 INFO  EvoClassLoader - Instrumenting class 'org.apache.hadoop.hdfs.web.URLConnectionFactory$1'.
2024-11-12 13:41:16,390 INFO  MethodCallReplacementClassAdapter - Adding mock interface to class org/apache/hadoop/hdfs/web/URLConnectionFactory$1
2024-11-12 13:41:16,390 INFO  EvoClassLoader - Defined package (3): package org.apache.hadoop.hdfs.web, -1603369982
2024-11-12 13:41:16,390 INFO  EvoClassLoader - Seeing class for first time: org.apache.hadoop.security.authentication.client.ConnectionConfigurator
2024-11-12 13:41:16,390 INFO  EvoClassLoader - Instrumenting class 'org.apache.hadoop.security.authentication.client.ConnectionConfigurator'.
2024-11-12 13:41:16,390 INFO  EvoClassLoader - Defined package (3): package org.apache.hadoop.security.authentication.client, 134156518
2024-11-12 13:41:16,390 INFO  EvoClassLoader - Keeping class: org.apache.hadoop.security.authentication.client.ConnectionConfigurator
2024-11-12 13:41:16,390 INFO  EvoClassLoader - Keeping class: org.apache.hadoop.hdfs.web.URLConnectionFactory$1
2024-11-12 13:41:16,390 INFO  EvoClassLoader - Seeing class for first time: org.apache.hadoop.hdfs.web.URLConnectionFactory
2024-11-12 13:41:16,390 INFO  EvoClassLoader - Instrumenting class 'org.apache.hadoop.hdfs.web.URLConnectionFactory'.
2024-11-12 13:41:16,390 INFO  MethodCallReplacementClassAdapter - Adding mock interface to class org/apache/hadoop/hdfs/web/URLConnectionFactory
2024-11-12 13:41:16,391 INFO  CreateClassResetClassAdapter - Found static initializer in class org/apache/hadoop/hdfs/web/URLConnectionFactory
2024-11-12 13:41:16,392 INFO  EvoClassLoader - Keeping class: org.apache.hadoop.hdfs.web.URLConnectionFactory
2024-11-12 13:41:16,392 INFO  EvoClassLoader - Seeing class for first time: org.apache.hadoop.security.authentication.client.Authenticator
2024-11-12 13:41:16,392 INFO  EvoClassLoader - Instrumenting class 'org.apache.hadoop.security.authentication.client.Authenticator'.
2024-11-12 13:41:16,392 INFO  EvoClassLoader - Keeping class: org.apache.hadoop.security.authentication.client.Authenticator
2024-11-12 13:41:16,392 INFO  EvoClassLoader - Seeing class for first time: org.apache.hadoop.security.authentication.client.AuthenticationException
2024-11-12 13:41:16,392 INFO  EvoClassLoader - Instrumenting class 'org.apache.hadoop.security.authentication.client.AuthenticationException'.
2024-11-12 13:41:16,392 INFO  MethodCallReplacementClassAdapter - Adding mock interface to class org/apache/hadoop/security/authentication/client/AuthenticationException
2024-11-12 13:41:16,392 INFO  CreateClassResetClassAdapter - Creating brand-new static initializer in class org/apache/hadoop/security/authentication/client/AuthenticationException
2024-11-12 13:41:16,393 INFO  EvoClassLoader - Keeping class: org.apache.hadoop.security.authentication.client.AuthenticationException
2024-11-12 13:41:16,393 INFO  EvoClassLoader - Seeing class for first time: org.apache.hadoop.hdfs.web.SSLConnectionConfigurator
2024-11-12 13:41:16,393 INFO  EvoClassLoader - Instrumenting class 'org.apache.hadoop.hdfs.web.SSLConnectionConfigurator'.
2024-11-12 13:41:16,393 INFO  MethodCallReplacementClassAdapter - Adding mock interface to class org/apache/hadoop/hdfs/web/SSLConnectionConfigurator
2024-11-12 13:41:16,393 INFO  CreateClassResetClassAdapter - Creating brand-new static initializer in class org/apache/hadoop/hdfs/web/SSLConnectionConfigurator
2024-11-12 13:41:16,393 INFO  EvoClassLoader - Keeping class: org.apache.hadoop.hdfs.web.SSLConnectionConfigurator
2024-11-12 13:41:16,393 INFO  EvoClassLoader - Seeing class for first time: org.apache.hadoop.security.ssl.SSLFactory
2024-11-12 13:41:16,393 INFO  EvoClassLoader - Instrumenting class 'org.apache.hadoop.security.ssl.SSLFactory'.
2024-11-12 13:41:16,394 INFO  MethodCallReplacementClassAdapter - Adding mock interface to class org/apache/hadoop/security/ssl/SSLFactory
2024-11-12 13:41:16,396 INFO  CreateClassResetClassAdapter - Found static initializer in class org/apache/hadoop/security/ssl/SSLFactory
2024-11-12 13:41:16,396 INFO  EvoClassLoader - Defined package (3): package org.apache.hadoop.security.ssl, 17313329
2024-11-12 13:41:16,397 INFO  EvoClassLoader - Keeping class: org.apache.hadoop.security.ssl.SSLFactory
2024-11-12 13:41:16,397 INFO  EvoClassLoader - Seeing class for first time: org.apache.hadoop.security.ssl.SSLFactory$Mode
2024-11-12 13:41:16,397 INFO  EvoClassLoader - Instrumenting class 'org.apache.hadoop.security.ssl.SSLFactory$Mode'.
2024-11-12 13:41:16,397 INFO  MethodCallReplacementClassAdapter - Adding mock interface to class org/apache/hadoop/security/ssl/SSLFactory$Mode
2024-11-12 13:41:16,397 INFO  CreateClassResetClassAdapter - Found static initializer in class org/apache/hadoop/security/ssl/SSLFactory$Mode
2024-11-12 13:41:16,397 INFO  EvoClassLoader - Keeping class: org.apache.hadoop.security.ssl.SSLFactory$Mode
2024-11-12 13:41:16,397 INFO  EvoClassLoader - Seeing class for first time: org.apache.hadoop.security.ssl.KeyStoresFactory
2024-11-12 13:41:16,397 INFO  EvoClassLoader - Instrumenting class 'org.apache.hadoop.security.ssl.KeyStoresFactory'.
2024-11-12 13:41:16,398 INFO  EvoClassLoader - Keeping class: org.apache.hadoop.security.ssl.KeyStoresFactory
2024-11-12 13:41:16,398 INFO  EvoClassLoader - Seeing class for first time: org.apache.hadoop.security.ssl.FileBasedKeyStoresFactory
2024-11-12 13:41:16,398 INFO  EvoClassLoader - Instrumenting class 'org.apache.hadoop.security.ssl.FileBasedKeyStoresFactory'.
2024-11-12 13:41:16,398 INFO  MethodCallReplacementClassAdapter - Adding mock interface to class org/apache/hadoop/security/ssl/FileBasedKeyStoresFactory
2024-11-12 13:41:16,400 INFO  CreateClassResetClassAdapter - Found static initializer in class org/apache/hadoop/security/ssl/FileBasedKeyStoresFactory
2024-11-12 13:41:16,400 INFO  EvoClassLoader - Keeping class: org.apache.hadoop.security.ssl.FileBasedKeyStoresFactory
2024-11-12 13:41:16,400 INFO  EvoClassLoader - Seeing class for first time: org.apache.hadoop.security.ssl.FileMonitoringTimerTask
2024-11-12 13:41:16,400 INFO  EvoClassLoader - Instrumenting class 'org.apache.hadoop.security.ssl.FileMonitoringTimerTask'.
2024-11-12 13:41:16,401 INFO  MethodCallReplacementClassAdapter - Adding mock interface to class org/apache/hadoop/security/ssl/FileMonitoringTimerTask
2024-11-12 13:41:16,401 INFO  CreateClassResetClassAdapter - Found static initializer in class org/apache/hadoop/security/ssl/FileMonitoringTimerTask
2024-11-12 13:41:16,401 INFO  EvoClassLoader - Keeping class: org.apache.hadoop.security.ssl.FileMonitoringTimerTask
2024-11-12 13:41:16,401 INFO  EvoClassLoader - Seeing class for first time: org.apache.hadoop.security.ssl.ReloadingX509KeystoreManager
2024-11-12 13:41:16,401 INFO  EvoClassLoader - Instrumenting class 'org.apache.hadoop.security.ssl.ReloadingX509KeystoreManager'.
2024-11-12 13:41:16,402 INFO  MethodCallReplacementClassAdapter - Adding mock interface to class org/apache/hadoop/security/ssl/ReloadingX509KeystoreManager
2024-11-12 13:41:16,402 INFO  CreateClassResetClassAdapter - Found static initializer in class org/apache/hadoop/security/ssl/ReloadingX509KeystoreManager
2024-11-12 13:41:16,403 INFO  EvoClassLoader - Keeping class: org.apache.hadoop.security.ssl.ReloadingX509KeystoreManager
2024-11-12 13:41:16,403 INFO  EvoClassLoader - Seeing class for first time: org.apache.hadoop.security.ssl.SSLHostnameVerifier$AbstractVerifier
2024-11-12 13:41:16,403 INFO  EvoClassLoader - Instrumenting class 'org.apache.hadoop.security.ssl.SSLHostnameVerifier$AbstractVerifier'.
2024-11-12 13:41:16,403 INFO  MethodCallReplacementClassAdapter - Adding mock interface to class org/apache/hadoop/security/ssl/SSLHostnameVerifier$AbstractVerifier
2024-11-12 13:41:16,404 INFO  CreateClassResetClassAdapter - Found static initializer in class org/apache/hadoop/security/ssl/SSLHostnameVerifier$AbstractVerifier
2024-11-12 13:41:16,404 INFO  EvoClassLoader - Seeing class for first time: org.apache.hadoop.security.ssl.SSLHostnameVerifier
2024-11-12 13:41:16,404 INFO  EvoClassLoader - Instrumenting class 'org.apache.hadoop.security.ssl.SSLHostnameVerifier'.
2024-11-12 13:41:16,405 INFO  EvoClassLoader - Keeping class: org.apache.hadoop.security.ssl.SSLHostnameVerifier
2024-11-12 13:41:16,405 INFO  EvoClassLoader - Keeping class: org.apache.hadoop.security.ssl.SSLHostnameVerifier$AbstractVerifier
2024-11-12 13:41:16,405 INFO  EvoClassLoader - Seeing class for first time: org.apache.hadoop.security.ssl.SSLHostnameVerifier$Certificates
2024-11-12 13:41:16,405 INFO  EvoClassLoader - Instrumenting class 'org.apache.hadoop.security.ssl.SSLHostnameVerifier$Certificates'.
2024-11-12 13:41:16,405 INFO  MethodCallReplacementClassAdapter - Adding mock interface to class org/apache/hadoop/security/ssl/SSLHostnameVerifier$Certificates
2024-11-12 13:41:16,405 INFO  CreateClassResetClassAdapter - Creating brand-new static initializer in class org/apache/hadoop/security/ssl/SSLHostnameVerifier$Certificates
2024-11-12 13:41:16,405 INFO  EvoClassLoader - Keeping class: org.apache.hadoop.security.ssl.SSLHostnameVerifier$Certificates
2024-11-12 13:41:16,408 INFO  EvoClassLoader - Seeing class for first time: org.apache.hadoop.security.ssl.SSLHostnameVerifier$1
2024-11-12 13:41:16,408 INFO  EvoClassLoader - Instrumenting class 'org.apache.hadoop.security.ssl.SSLHostnameVerifier$1'.
2024-11-12 13:41:16,409 INFO  MethodCallReplacementClassAdapter - Adding mock interface to class org/apache/hadoop/security/ssl/SSLHostnameVerifier$1
2024-11-12 13:41:16,409 INFO  EvoClassLoader - Keeping class: org.apache.hadoop.security.ssl.SSLHostnameVerifier$1
2024-11-12 13:41:16,409 INFO  EvoClassLoader - Seeing class for first time: org.apache.hadoop.security.ssl.SSLHostnameVerifier$2
2024-11-12 13:41:16,409 INFO  EvoClassLoader - Instrumenting class 'org.apache.hadoop.security.ssl.SSLHostnameVerifier$2'.
2024-11-12 13:41:16,409 INFO  MethodCallReplacementClassAdapter - Adding mock interface to class org/apache/hadoop/security/ssl/SSLHostnameVerifier$2
2024-11-12 13:41:16,409 INFO  EvoClassLoader - Keeping class: org.apache.hadoop.security.ssl.SSLHostnameVerifier$2
2024-11-12 13:41:16,409 INFO  EvoClassLoader - Seeing class for first time: org.apache.hadoop.security.ssl.SSLHostnameVerifier$3
2024-11-12 13:41:16,409 INFO  EvoClassLoader - Instrumenting class 'org.apache.hadoop.security.ssl.SSLHostnameVerifier$3'.
2024-11-12 13:41:16,410 INFO  MethodCallReplacementClassAdapter - Adding mock interface to class org/apache/hadoop/security/ssl/SSLHostnameVerifier$3
2024-11-12 13:41:16,410 INFO  EvoClassLoader - Keeping class: org.apache.hadoop.security.ssl.SSLHostnameVerifier$3
2024-11-12 13:41:16,410 INFO  EvoClassLoader - Seeing class for first time: org.apache.hadoop.security.ssl.SSLHostnameVerifier$4
2024-11-12 13:41:16,410 INFO  EvoClassLoader - Instrumenting class 'org.apache.hadoop.security.ssl.SSLHostnameVerifier$4'.
2024-11-12 13:41:16,410 INFO  MethodCallReplacementClassAdapter - Adding mock interface to class org/apache/hadoop/security/ssl/SSLHostnameVerifier$4
2024-11-12 13:41:16,410 INFO  EvoClassLoader - Keeping class: org.apache.hadoop.security.ssl.SSLHostnameVerifier$4
2024-11-12 13:41:16,410 INFO  EvoClassLoader - Seeing class for first time: org.apache.hadoop.security.ssl.SSLHostnameVerifier$5
2024-11-12 13:41:16,410 INFO  EvoClassLoader - Instrumenting class 'org.apache.hadoop.security.ssl.SSLHostnameVerifier$5'.
2024-11-12 13:41:16,410 INFO  MethodCallReplacementClassAdapter - Adding mock interface to class org/apache/hadoop/security/ssl/SSLHostnameVerifier$5
2024-11-12 13:41:16,410 INFO  EvoClassLoader - Keeping class: org.apache.hadoop.security.ssl.SSLHostnameVerifier$5
2024-11-12 13:41:16,410 INFO  EvoClassLoader - Seeing class for first time: org.apache.hadoop.hdfs.server.common.Util
2024-11-12 13:41:16,410 INFO  EvoClassLoader - Instrumenting class 'org.apache.hadoop.hdfs.server.common.Util'.
2024-11-12 13:41:16,411 INFO  MethodCallReplacementClassAdapter - Adding mock interface to class org/apache/hadoop/hdfs/server/common/Util
2024-11-12 13:41:16,412 INFO  CreateClassResetClassAdapter - Found static initializer in class org/apache/hadoop/hdfs/server/common/Util
2024-11-12 13:41:16,413 INFO  EvoClassLoader - Keeping class: org.apache.hadoop.hdfs.server.common.Util
2024-11-12 13:41:16,413 INFO  EvoClassLoader - Seeing class for first time: org.apache.hadoop.hdfs.server.common.HttpGetFailedException
2024-11-12 13:41:16,413 INFO  EvoClassLoader - Instrumenting class 'org.apache.hadoop.hdfs.server.common.HttpGetFailedException'.
2024-11-12 13:41:16,413 INFO  MethodCallReplacementClassAdapter - Adding mock interface to class org/apache/hadoop/hdfs/server/common/HttpGetFailedException
2024-11-12 13:41:16,413 INFO  CreateClassResetClassAdapter - Creating brand-new static initializer in class org/apache/hadoop/hdfs/server/common/HttpGetFailedException
2024-11-12 13:41:16,413 INFO  EvoClassLoader - Keeping class: org.apache.hadoop.hdfs.server.common.HttpGetFailedException
2024-11-12 13:41:16,621 INFO  EvoClassLoader - Seeing class for first time: com.fasterxml.jackson.core.JsonFactory
2024-11-12 13:41:16,621 INFO  EvoClassLoader - Instrumenting class 'com.fasterxml.jackson.core.JsonFactory'.
2024-11-12 13:41:16,622 INFO  MethodCallReplacementClassAdapter - Adding mock interface to class com/fasterxml/jackson/core/JsonFactory
2024-11-12 13:41:16,623 INFO  CreateClassResetClassAdapter - Found static initializer in class com/fasterxml/jackson/core/JsonFactory
2024-11-12 13:41:16,625 INFO  EvoClassLoader - Seeing class for first time: com.fasterxml.jackson.core.TokenStreamFactory
2024-11-12 13:41:16,625 INFO  EvoClassLoader - Instrumenting class 'com.fasterxml.jackson.core.TokenStreamFactory'.
2024-11-12 13:41:16,625 INFO  MethodCallReplacementClassAdapter - Adding mock interface to class com/fasterxml/jackson/core/TokenStreamFactory
2024-11-12 13:41:16,626 INFO  CreateClassResetClassAdapter - Creating brand-new static initializer in class com/fasterxml/jackson/core/TokenStreamFactory
2024-11-12 13:41:16,626 INFO  EvoClassLoader - Keeping class: com.fasterxml.jackson.core.TokenStreamFactory
2024-11-12 13:41:16,626 INFO  EvoClassLoader - Keeping class: com.fasterxml.jackson.core.JsonFactory
2024-11-12 13:41:16,626 INFO  EvoClassLoader - Seeing class for first time: com.fasterxml.jackson.core.type.TypeReference
2024-11-12 13:41:16,626 INFO  EvoClassLoader - Instrumenting class 'com.fasterxml.jackson.core.type.TypeReference'.
2024-11-12 13:41:16,626 INFO  MethodCallReplacementClassAdapter - Adding mock interface to class com/fasterxml/jackson/core/type/TypeReference
2024-11-12 13:41:16,627 INFO  CreateClassResetClassAdapter - Creating brand-new static initializer in class com/fasterxml/jackson/core/type/TypeReference
2024-11-12 13:41:16,627 INFO  EvoClassLoader - Keeping class: com.fasterxml.jackson.core.type.TypeReference
2024-11-12 13:41:16,627 INFO  EvoClassLoader - Seeing class for first time: com.fasterxml.jackson.core.type.ResolvedType
2024-11-12 13:41:16,627 INFO  EvoClassLoader - Instrumenting class 'com.fasterxml.jackson.core.type.ResolvedType'.
2024-11-12 13:41:16,627 INFO  MethodCallReplacementClassAdapter - Adding mock interface to class com/fasterxml/jackson/core/type/ResolvedType
2024-11-12 13:41:16,627 INFO  CreateClassResetClassAdapter - Creating brand-new static initializer in class com/fasterxml/jackson/core/type/ResolvedType
2024-11-12 13:41:16,628 INFO  EvoClassLoader - Keeping class: com.fasterxml.jackson.core.type.ResolvedType
2024-11-12 13:41:16,628 INFO  EvoClassLoader - Seeing class for first time: com.fasterxml.jackson.databind.AnnotationIntrospector
2024-11-12 13:41:16,628 INFO  EvoClassLoader - Instrumenting class 'com.fasterxml.jackson.databind.AnnotationIntrospector'.
2024-11-12 13:41:16,628 INFO  MethodCallReplacementClassAdapter - Adding mock interface to class com/fasterxml/jackson/databind/AnnotationIntrospector
2024-11-12 13:41:16,628 INFO  CreateClassResetClassAdapter - Creating brand-new static initializer in class com/fasterxml/jackson/databind/AnnotationIntrospector
2024-11-12 13:41:16,628 INFO  EvoClassLoader - Defined package (3): package com.fasterxml.jackson.databind, 1861367343
2024-11-12 13:41:16,629 INFO  EvoClassLoader - Keeping class: com.fasterxml.jackson.databind.AnnotationIntrospector
2024-11-12 13:41:16,629 INFO  EvoClassLoader - Seeing class for first time: com.fasterxml.jackson.databind.introspect.AnnotationIntrospectorPair
2024-11-12 13:41:16,629 INFO  EvoClassLoader - Instrumenting class 'com.fasterxml.jackson.databind.introspect.AnnotationIntrospectorPair'.
2024-11-12 13:41:16,630 INFO  MethodCallReplacementClassAdapter - Adding mock interface to class com/fasterxml/jackson/databind/introspect/AnnotationIntrospectorPair
2024-11-12 13:41:16,630 INFO  CreateClassResetClassAdapter - Creating brand-new static initializer in class com/fasterxml/jackson/databind/introspect/AnnotationIntrospectorPair
2024-11-12 13:41:16,630 INFO  EvoClassLoader - Defined package (3): package com.fasterxml.jackson.databind.introspect, 359547468
2024-11-12 13:41:16,631 INFO  EvoClassLoader - Keeping class: com.fasterxml.jackson.databind.introspect.AnnotationIntrospectorPair
2024-11-12 13:41:16,631 INFO  EvoClassLoader - Seeing class for first time: com.fasterxml.jackson.databind.introspect.NopAnnotationIntrospector
2024-11-12 13:41:16,631 INFO  EvoClassLoader - Instrumenting class 'com.fasterxml.jackson.databind.introspect.NopAnnotationIntrospector'.
2024-11-12 13:41:16,631 INFO  MethodCallReplacementClassAdapter - Adding mock interface to class com/fasterxml/jackson/databind/introspect/NopAnnotationIntrospector
2024-11-12 13:41:16,631 INFO  CreateClassResetClassAdapter - Found static initializer in class com/fasterxml/jackson/databind/introspect/NopAnnotationIntrospector
2024-11-12 13:41:16,631 INFO  EvoClassLoader - Keeping class: com.fasterxml.jackson.databind.introspect.NopAnnotationIntrospector
2024-11-12 13:41:16,631 INFO  EvoClassLoader - Seeing class for first time: com.fasterxml.jackson.databind.introspect.Annotated
2024-11-12 13:41:16,631 INFO  EvoClassLoader - Instrumenting class 'com.fasterxml.jackson.databind.introspect.Annotated'.
2024-11-12 13:41:16,632 INFO  MethodCallReplacementClassAdapter - Adding mock interface to class com/fasterxml/jackson/databind/introspect/Annotated
2024-11-12 13:41:16,632 INFO  CreateClassResetClassAdapter - Creating brand-new static initializer in class com/fasterxml/jackson/databind/introspect/Annotated
2024-11-12 13:41:16,632 INFO  EvoClassLoader - Keeping class: com.fasterxml.jackson.databind.introspect.Annotated
2024-11-12 13:41:16,632 INFO  EvoClassLoader - Seeing class for first time: com.fasterxml.jackson.databind.introspect.ObjectIdInfo
2024-11-12 13:41:16,632 INFO  EvoClassLoader - Instrumenting class 'com.fasterxml.jackson.databind.introspect.ObjectIdInfo'.
2024-11-12 13:41:16,632 INFO  MethodCallReplacementClassAdapter - Adding mock interface to class com/fasterxml/jackson/databind/introspect/ObjectIdInfo
2024-11-12 13:41:16,632 INFO  CreateClassResetClassAdapter - Found static initializer in class com/fasterxml/jackson/databind/introspect/ObjectIdInfo
2024-11-12 13:41:16,633 INFO  EvoClassLoader - Keeping class: com.fasterxml.jackson.databind.introspect.ObjectIdInfo
2024-11-12 13:41:16,633 INFO  EvoClassLoader - Seeing class for first time: com.fasterxml.jackson.databind.introspect.AnnotatedClass
2024-11-12 13:41:16,633 INFO  EvoClassLoader - Instrumenting class 'com.fasterxml.jackson.databind.introspect.AnnotatedClass'.
2024-11-12 13:41:16,633 INFO  MethodCallReplacementClassAdapter - Adding mock interface to class com/fasterxml/jackson/databind/introspect/AnnotatedClass
2024-11-12 13:41:16,634 INFO  CreateClassResetClassAdapter - Found static initializer in class com/fasterxml/jackson/databind/introspect/AnnotatedClass
2024-11-12 13:41:16,634 INFO  EvoClassLoader - Seeing class for first time: com.fasterxml.jackson.databind.introspect.TypeResolutionContext
2024-11-12 13:41:16,634 INFO  EvoClassLoader - Instrumenting class 'com.fasterxml.jackson.databind.introspect.TypeResolutionContext'.
2024-11-12 13:41:16,634 INFO  EvoClassLoader - Keeping class: com.fasterxml.jackson.databind.introspect.TypeResolutionContext
2024-11-12 13:41:16,635 INFO  EvoClassLoader - Keeping class: com.fasterxml.jackson.databind.introspect.AnnotatedClass
2024-11-12 13:41:16,635 INFO  EvoClassLoader - Seeing class for first time: com.fasterxml.jackson.databind.PropertyName
2024-11-12 13:41:16,635 INFO  EvoClassLoader - Instrumenting class 'com.fasterxml.jackson.databind.PropertyName'.
2024-11-12 13:41:16,635 INFO  MethodCallReplacementClassAdapter - Adding mock interface to class com/fasterxml/jackson/databind/PropertyName
2024-11-12 13:41:16,635 INFO  CreateClassResetClassAdapter - Found static initializer in class com/fasterxml/jackson/databind/PropertyName
2024-11-12 13:41:16,635 INFO  EvoClassLoader - Keeping class: com.fasterxml.jackson.databind.PropertyName
2024-11-12 13:41:16,635 INFO  EvoClassLoader - Seeing class for first time: com.fasterxml.jackson.databind.cfg.MapperConfig
2024-11-12 13:41:16,635 INFO  EvoClassLoader - Instrumenting class 'com.fasterxml.jackson.databind.cfg.MapperConfig'.
2024-11-12 13:41:16,636 INFO  MethodCallReplacementClassAdapter - Adding mock interface to class com/fasterxml/jackson/databind/cfg/MapperConfig
2024-11-12 13:41:16,636 INFO  CreateClassResetClassAdapter - Found static initializer in class com/fasterxml/jackson/databind/cfg/MapperConfig
2024-11-12 13:41:16,636 INFO  EvoClassLoader - Defined package (3): package com.fasterxml.jackson.databind.cfg, -1584140251
2024-11-12 13:41:16,637 INFO  EvoClassLoader - Seeing class for first time: com.fasterxml.jackson.databind.introspect.ClassIntrospector$MixInResolver
2024-11-12 13:41:16,637 INFO  EvoClassLoader - Instrumenting class 'com.fasterxml.jackson.databind.introspect.ClassIntrospector$MixInResolver'.
2024-11-12 13:41:16,637 INFO  EvoClassLoader - Keeping class: com.fasterxml.jackson.databind.introspect.ClassIntrospector$MixInResolver
2024-11-12 13:41:16,637 INFO  EvoClassLoader - Keeping class: com.fasterxml.jackson.databind.cfg.MapperConfig
2024-11-12 13:41:16,637 INFO  EvoClassLoader - Seeing class for first time: com.fasterxml.jackson.annotation.JsonIgnoreProperties$Value
2024-11-12 13:41:16,637 INFO  EvoClassLoader - Instrumenting class 'com.fasterxml.jackson.annotation.JsonIgnoreProperties$Value'.
2024-11-12 13:41:16,637 INFO  MethodCallReplacementClassAdapter - Adding mock interface to class com/fasterxml/jackson/annotation/JsonIgnoreProperties$Value
2024-11-12 13:41:16,637 INFO  CreateClassResetClassAdapter - Found static initializer in class com/fasterxml/jackson/annotation/JsonIgnoreProperties$Value
2024-11-12 13:41:16,638 INFO  EvoClassLoader - Defined package (3): package com.fasterxml.jackson.annotation, -1183563657
2024-11-12 13:41:16,638 INFO  EvoClassLoader - Seeing class for first time: com.fasterxml.jackson.annotation.JacksonAnnotationValue
2024-11-12 13:41:16,638 INFO  EvoClassLoader - Instrumenting class 'com.fasterxml.jackson.annotation.JacksonAnnotationValue'.
2024-11-12 13:41:16,638 INFO  EvoClassLoader - Keeping class: com.fasterxml.jackson.annotation.JacksonAnnotationValue
2024-11-12 13:41:16,638 INFO  EvoClassLoader - Keeping class: com.fasterxml.jackson.annotation.JsonIgnoreProperties$Value
2024-11-12 13:41:16,638 INFO  EvoClassLoader - Seeing class for first time: com.fasterxml.jackson.annotation.JsonIncludeProperties$Value
2024-11-12 13:41:16,638 INFO  EvoClassLoader - Instrumenting class 'com.fasterxml.jackson.annotation.JsonIncludeProperties$Value'.
2024-11-12 13:41:16,638 INFO  MethodCallReplacementClassAdapter - Adding mock interface to class com/fasterxml/jackson/annotation/JsonIncludeProperties$Value
2024-11-12 13:41:16,638 INFO  CreateClassResetClassAdapter - Found static initializer in class com/fasterxml/jackson/annotation/JsonIncludeProperties$Value
2024-11-12 13:41:16,638 INFO  EvoClassLoader - Keeping class: com.fasterxml.jackson.annotation.JsonIncludeProperties$Value
2024-11-12 13:41:16,638 INFO  EvoClassLoader - Seeing class for first time: com.fasterxml.jackson.databind.introspect.VisibilityChecker
2024-11-12 13:41:16,638 INFO  EvoClassLoader - Instrumenting class 'com.fasterxml.jackson.databind.introspect.VisibilityChecker'.
2024-11-12 13:41:16,639 INFO  EvoClassLoader - Keeping class: com.fasterxml.jackson.databind.introspect.VisibilityChecker
2024-11-12 13:41:16,639 INFO  EvoClassLoader - Seeing class for first time: com.fasterxml.jackson.databind.JavaType
2024-11-12 13:41:16,639 INFO  EvoClassLoader - Instrumenting class 'com.fasterxml.jackson.databind.JavaType'.
2024-11-12 13:41:16,639 INFO  MethodCallReplacementClassAdapter - Adding mock interface to class com/fasterxml/jackson/databind/JavaType
2024-11-12 13:41:16,639 INFO  CreateClassResetClassAdapter - Creating brand-new static initializer in class com/fasterxml/jackson/databind/JavaType
2024-11-12 13:41:16,639 INFO  EvoClassLoader - Keeping class: com.fasterxml.jackson.databind.JavaType
2024-11-12 13:41:16,639 INFO  EvoClassLoader - Seeing class for first time: com.fasterxml.jackson.databind.jsontype.TypeResolverBuilder
2024-11-12 13:41:16,639 INFO  EvoClassLoader - Instrumenting class 'com.fasterxml.jackson.databind.jsontype.TypeResolverBuilder'.
2024-11-12 13:41:16,639 INFO  EvoClassLoader - Defined package (3): package com.fasterxml.jackson.databind.jsontype, -951449343
2024-11-12 13:41:16,639 INFO  EvoClassLoader - Keeping class: com.fasterxml.jackson.databind.jsontype.TypeResolverBuilder
2024-11-12 13:41:16,639 INFO  EvoClassLoader - Seeing class for first time: com.fasterxml.jackson.databind.introspect.AnnotatedMember
2024-11-12 13:41:16,639 INFO  EvoClassLoader - Instrumenting class 'com.fasterxml.jackson.databind.introspect.AnnotatedMember'.
2024-11-12 13:41:16,640 INFO  MethodCallReplacementClassAdapter - Adding mock interface to class com/fasterxml/jackson/databind/introspect/AnnotatedMember
2024-11-12 13:41:16,640 INFO  CreateClassResetClassAdapter - Creating brand-new static initializer in class com/fasterxml/jackson/databind/introspect/AnnotatedMember
2024-11-12 13:41:16,640 INFO  EvoClassLoader - Keeping class: com.fasterxml.jackson.databind.introspect.AnnotatedMember
2024-11-12 13:41:16,640 INFO  EvoClassLoader - Seeing class for first time: com.fasterxml.jackson.databind.AnnotationIntrospector$ReferenceProperty
2024-11-12 13:41:16,640 INFO  EvoClassLoader - Instrumenting class 'com.fasterxml.jackson.databind.AnnotationIntrospector$ReferenceProperty'.
2024-11-12 13:41:16,640 INFO  MethodCallReplacementClassAdapter - Adding mock interface to class com/fasterxml/jackson/databind/AnnotationIntrospector$ReferenceProperty
2024-11-12 13:41:16,640 INFO  CreateClassResetClassAdapter - Creating brand-new static initializer in class com/fasterxml/jackson/databind/AnnotationIntrospector$ReferenceProperty
2024-11-12 13:41:16,640 INFO  EvoClassLoader - Keeping class: com.fasterxml.jackson.databind.AnnotationIntrospector$ReferenceProperty
2024-11-12 13:41:16,640 INFO  EvoClassLoader - Seeing class for first time: com.fasterxml.jackson.databind.util.NameTransformer
2024-11-12 13:41:16,640 INFO  EvoClassLoader - Instrumenting class 'com.fasterxml.jackson.databind.util.NameTransformer'.
2024-11-12 13:41:16,640 INFO  MethodCallReplacementClassAdapter - Adding mock interface to class com/fasterxml/jackson/databind/util/NameTransformer
2024-11-12 13:41:16,640 INFO  CreateClassResetClassAdapter - Found static initializer in class com/fasterxml/jackson/databind/util/NameTransformer
2024-11-12 13:41:16,641 INFO  EvoClassLoader - Defined package (3): package com.fasterxml.jackson.databind.util, -1863157663
2024-11-12 13:41:16,641 INFO  EvoClassLoader - Keeping class: com.fasterxml.jackson.databind.util.NameTransformer
2024-11-12 13:41:16,641 INFO  EvoClassLoader - Seeing class for first time: com.fasterxml.jackson.annotation.JacksonInject$Value
2024-11-12 13:41:16,641 INFO  EvoClassLoader - Instrumenting class 'com.fasterxml.jackson.annotation.JacksonInject$Value'.
2024-11-12 13:41:16,641 INFO  MethodCallReplacementClassAdapter - Adding mock interface to class com/fasterxml/jackson/annotation/JacksonInject$Value
2024-11-12 13:41:16,641 INFO  CreateClassResetClassAdapter - Found static initializer in class com/fasterxml/jackson/annotation/JacksonInject$Value
2024-11-12 13:41:16,641 INFO  EvoClassLoader - Keeping class: com.fasterxml.jackson.annotation.JacksonInject$Value
2024-11-12 13:41:16,641 INFO  EvoClassLoader - Seeing class for first time: com.fasterxml.jackson.annotation.JsonFormat$Value
2024-11-12 13:41:16,641 INFO  EvoClassLoader - Instrumenting class 'com.fasterxml.jackson.annotation.JsonFormat$Value'.
2024-11-12 13:41:16,641 INFO  MethodCallReplacementClassAdapter - Adding mock interface to class com/fasterxml/jackson/annotation/JsonFormat$Value
2024-11-12 13:41:16,642 INFO  CreateClassResetClassAdapter - Found static initializer in class com/fasterxml/jackson/annotation/JsonFormat$Value
2024-11-12 13:41:16,642 INFO  EvoClassLoader - Keeping class: com.fasterxml.jackson.annotation.JsonFormat$Value
2024-11-12 13:41:16,642 INFO  EvoClassLoader - Seeing class for first time: com.fasterxml.jackson.annotation.JsonProperty$Access
2024-11-12 13:41:16,642 INFO  EvoClassLoader - Instrumenting class 'com.fasterxml.jackson.annotation.JsonProperty$Access'.
2024-11-12 13:41:16,642 INFO  MethodCallReplacementClassAdapter - Adding mock interface to class com/fasterxml/jackson/annotation/JsonProperty$Access
2024-11-12 13:41:16,642 INFO  CreateClassResetClassAdapter - Found static initializer in class com/fasterxml/jackson/annotation/JsonProperty$Access
2024-11-12 13:41:16,642 INFO  EvoClassLoader - Keeping class: com.fasterxml.jackson.annotation.JsonProperty$Access
2024-11-12 13:41:16,642 INFO  EvoClassLoader - Seeing class for first time: com.fasterxml.jackson.databind.introspect.AnnotatedMethod
2024-11-12 13:41:16,642 INFO  EvoClassLoader - Instrumenting class 'com.fasterxml.jackson.databind.introspect.AnnotatedMethod'.
2024-11-12 13:41:16,643 INFO  MethodCallReplacementClassAdapter - Adding mock interface to class com/fasterxml/jackson/databind/introspect/AnnotatedMethod
2024-11-12 13:41:16,643 INFO  CreateClassResetClassAdapter - Creating brand-new static initializer in class com/fasterxml/jackson/databind/introspect/AnnotatedMethod
2024-11-12 13:41:16,644 INFO  EvoClassLoader - Seeing class for first time: com.fasterxml.jackson.databind.introspect.AnnotatedWithParams
2024-11-12 13:41:16,644 INFO  EvoClassLoader - Instrumenting class 'com.fasterxml.jackson.databind.introspect.AnnotatedWithParams'.
2024-11-12 13:41:16,644 INFO  MethodCallReplacementClassAdapter - Adding mock interface to class com/fasterxml/jackson/databind/introspect/AnnotatedWithParams
2024-11-12 13:41:16,644 INFO  CreateClassResetClassAdapter - Creating brand-new static initializer in class com/fasterxml/jackson/databind/introspect/AnnotatedWithParams
2024-11-12 13:41:16,644 INFO  EvoClassLoader - Keeping class: com.fasterxml.jackson.databind.introspect.AnnotatedWithParams
2024-11-12 13:41:16,644 INFO  EvoClassLoader - Keeping class: com.fasterxml.jackson.databind.introspect.AnnotatedMethod
2024-11-12 13:41:16,644 INFO  EvoClassLoader - Seeing class for first time: com.fasterxml.jackson.databind.introspect.AnnotatedField
2024-11-12 13:41:16,644 INFO  EvoClassLoader - Instrumenting class 'com.fasterxml.jackson.databind.introspect.AnnotatedField'.
2024-11-12 13:41:16,644 INFO  MethodCallReplacementClassAdapter - Adding mock interface to class com/fasterxml/jackson/databind/introspect/AnnotatedField
2024-11-12 13:41:16,645 INFO  CreateClassResetClassAdapter - Creating brand-new static initializer in class com/fasterxml/jackson/databind/introspect/AnnotatedField
2024-11-12 13:41:16,645 INFO  EvoClassLoader - Keeping class: com.fasterxml.jackson.databind.introspect.AnnotatedField
2024-11-12 13:41:16,645 INFO  EvoClassLoader - Seeing class for first time: com.fasterxml.jackson.databind.annotation.JsonSerialize$Typing
2024-11-12 13:41:16,645 INFO  EvoClassLoader - Instrumenting class 'com.fasterxml.jackson.databind.annotation.JsonSerialize$Typing'.
2024-11-12 13:41:16,645 INFO  MethodCallReplacementClassAdapter - Adding mock interface to class com/fasterxml/jackson/databind/annotation/JsonSerialize$Typing
2024-11-12 13:41:16,645 INFO  CreateClassResetClassAdapter - Found static initializer in class com/fasterxml/jackson/databind/annotation/JsonSerialize$Typing
2024-11-12 13:41:16,645 INFO  EvoClassLoader - Defined package (3): package com.fasterxml.jackson.databind.annotation, 1823830094
2024-11-12 13:41:16,645 INFO  EvoClassLoader - Keeping class: com.fasterxml.jackson.databind.annotation.JsonSerialize$Typing
2024-11-12 13:41:16,645 INFO  EvoClassLoader - Seeing class for first time: com.fasterxml.jackson.annotation.JsonInclude$Value
2024-11-12 13:41:16,645 INFO  EvoClassLoader - Instrumenting class 'com.fasterxml.jackson.annotation.JsonInclude$Value'.
2024-11-12 13:41:16,646 INFO  MethodCallReplacementClassAdapter - Adding mock interface to class com/fasterxml/jackson/annotation/JsonInclude$Value
2024-11-12 13:41:16,646 INFO  CreateClassResetClassAdapter - Found static initializer in class com/fasterxml/jackson/annotation/JsonInclude$Value
2024-11-12 13:41:16,646 INFO  EvoClassLoader - Keeping class: com.fasterxml.jackson.annotation.JsonInclude$Value
2024-11-12 13:41:16,646 INFO  EvoClassLoader - Seeing class for first time: com.fasterxml.jackson.annotation.JsonInclude$Include
2024-11-12 13:41:16,646 INFO  EvoClassLoader - Instrumenting class 'com.fasterxml.jackson.annotation.JsonInclude$Include'.
2024-11-12 13:41:16,646 INFO  MethodCallReplacementClassAdapter - Adding mock interface to class com/fasterxml/jackson/annotation/JsonInclude$Include
2024-11-12 13:41:16,646 INFO  CreateClassResetClassAdapter - Found static initializer in class com/fasterxml/jackson/annotation/JsonInclude$Include
2024-11-12 13:41:16,646 INFO  EvoClassLoader - Keeping class: com.fasterxml.jackson.annotation.JsonInclude$Include
2024-11-12 13:41:16,646 INFO  EvoClassLoader - Seeing class for first time: com.fasterxml.jackson.databind.JsonMappingException
2024-11-12 13:41:16,646 INFO  EvoClassLoader - Instrumenting class 'com.fasterxml.jackson.databind.JsonMappingException'.
2024-11-12 13:41:16,647 INFO  MethodCallReplacementClassAdapter - Adding mock interface to class com/fasterxml/jackson/databind/JsonMappingException
2024-11-12 13:41:16,647 INFO  CreateClassResetClassAdapter - Creating brand-new static initializer in class com/fasterxml/jackson/databind/JsonMappingException
2024-11-12 13:41:16,647 INFO  CreateClassResetClassAdapter - Adding bytecode for initializing field MAX_REFS_TO_LIST
2024-11-12 13:41:16,647 INFO  EvoClassLoader - Keeping class: com.fasterxml.jackson.databind.JsonMappingException
2024-11-12 13:41:16,647 INFO  EvoClassLoader - Seeing class for first time: com.fasterxml.jackson.databind.annotation.JsonPOJOBuilder$Value
2024-11-12 13:41:16,647 INFO  EvoClassLoader - Instrumenting class 'com.fasterxml.jackson.databind.annotation.JsonPOJOBuilder$Value'.
2024-11-12 13:41:16,647 INFO  MethodCallReplacementClassAdapter - Adding mock interface to class com/fasterxml/jackson/databind/annotation/JsonPOJOBuilder$Value
2024-11-12 13:41:16,647 INFO  CreateClassResetClassAdapter - Creating brand-new static initializer in class com/fasterxml/jackson/databind/annotation/JsonPOJOBuilder$Value
2024-11-12 13:41:16,648 INFO  EvoClassLoader - Keeping class: com.fasterxml.jackson.databind.annotation.JsonPOJOBuilder$Value
2024-11-12 13:41:16,648 INFO  EvoClassLoader - Seeing class for first time: com.fasterxml.jackson.annotation.JsonSetter$Value
2024-11-12 13:41:16,648 INFO  EvoClassLoader - Instrumenting class 'com.fasterxml.jackson.annotation.JsonSetter$Value'.
2024-11-12 13:41:16,648 INFO  MethodCallReplacementClassAdapter - Adding mock interface to class com/fasterxml/jackson/annotation/JsonSetter$Value
2024-11-12 13:41:16,648 INFO  CreateClassResetClassAdapter - Found static initializer in class com/fasterxml/jackson/annotation/JsonSetter$Value
2024-11-12 13:41:16,648 INFO  EvoClassLoader - Keeping class: com.fasterxml.jackson.annotation.JsonSetter$Value
2024-11-12 13:41:16,648 INFO  EvoClassLoader - Seeing class for first time: com.fasterxml.jackson.annotation.JsonCreator$Mode
2024-11-12 13:41:16,648 INFO  EvoClassLoader - Instrumenting class 'com.fasterxml.jackson.annotation.JsonCreator$Mode'.
2024-11-12 13:41:16,648 INFO  MethodCallReplacementClassAdapter - Adding mock interface to class com/fasterxml/jackson/annotation/JsonCreator$Mode
2024-11-12 13:41:16,648 INFO  CreateClassResetClassAdapter - Found static initializer in class com/fasterxml/jackson/annotation/JsonCreator$Mode
2024-11-12 13:41:16,648 INFO  EvoClassLoader - Keeping class: com.fasterxml.jackson.annotation.JsonCreator$Mode
2024-11-12 13:41:16,648 INFO  EvoClassLoader - Seeing class for first time: com.fasterxml.jackson.databind.ext.Java7SupportImpl
2024-11-12 13:41:16,648 INFO  EvoClassLoader - Instrumenting class 'com.fasterxml.jackson.databind.ext.Java7SupportImpl'.
2024-11-12 13:41:16,649 INFO  MethodCallReplacementClassAdapter - Adding mock interface to class com/fasterxml/jackson/databind/ext/Java7SupportImpl
2024-11-12 13:41:16,649 INFO  CreateClassResetClassAdapter - Creating brand-new static initializer in class com/fasterxml/jackson/databind/ext/Java7SupportImpl
2024-11-12 13:41:16,649 INFO  EvoClassLoader - Defined package (3): package com.fasterxml.jackson.databind.ext, -1584137758
2024-11-12 13:41:16,649 INFO  EvoClassLoader - Seeing class for first time: com.fasterxml.jackson.databind.ext.Java7Support
2024-11-12 13:41:16,649 INFO  EvoClassLoader - Instrumenting class 'com.fasterxml.jackson.databind.ext.Java7Support'.
2024-11-12 13:41:16,649 INFO  MethodCallReplacementClassAdapter - Adding mock interface to class com/fasterxml/jackson/databind/ext/Java7Support
2024-11-12 13:41:16,649 INFO  CreateClassResetClassAdapter - Found static initializer in class com/fasterxml/jackson/databind/ext/Java7Support
2024-11-12 13:41:16,649 INFO  EvoClassLoader - Keeping class: com.fasterxml.jackson.databind.ext.Java7Support
2024-11-12 13:41:16,649 INFO  EvoClassLoader - Keeping class: com.fasterxml.jackson.databind.ext.Java7SupportImpl
2024-11-12 13:41:16,649 INFO  EvoClassLoader - Seeing class for first time: com.fasterxml.jackson.databind.introspect.AnnotatedParameter
2024-11-12 13:41:16,649 INFO  EvoClassLoader - Instrumenting class 'com.fasterxml.jackson.databind.introspect.AnnotatedParameter'.
2024-11-12 13:41:16,649 INFO  MethodCallReplacementClassAdapter - Adding mock interface to class com/fasterxml/jackson/databind/introspect/AnnotatedParameter
2024-11-12 13:41:16,649 INFO  CreateClassResetClassAdapter - Creating brand-new static initializer in class com/fasterxml/jackson/databind/introspect/AnnotatedParameter
2024-11-12 13:41:16,650 INFO  EvoClassLoader - Keeping class: com.fasterxml.jackson.databind.introspect.AnnotatedParameter
2024-11-12 13:41:16,650 INFO  EvoClassLoader - Seeing class for first time: com.fasterxml.jackson.databind.util.ClassUtil
2024-11-12 13:41:16,650 INFO  EvoClassLoader - Instrumenting class 'com.fasterxml.jackson.databind.util.ClassUtil'.
2024-11-12 13:41:16,650 INFO  MethodCallReplacementClassAdapter - Adding mock interface to class com/fasterxml/jackson/databind/util/ClassUtil
2024-11-12 13:41:16,652 INFO  CreateClassResetClassAdapter - Found static initializer in class com/fasterxml/jackson/databind/util/ClassUtil
2024-11-12 13:41:16,652 INFO  EvoClassLoader - Keeping class: com.fasterxml.jackson.databind.util.ClassUtil
2024-11-12 13:41:16,653 INFO  EvoClassLoader - Seeing class for first time: com.fasterxml.jackson.databind.util.ClassUtil$Ctor
2024-11-12 13:41:16,653 INFO  EvoClassLoader - Instrumenting class 'com.fasterxml.jackson.databind.util.ClassUtil$Ctor'.
2024-11-12 13:41:16,653 INFO  MethodCallReplacementClassAdapter - Adding mock interface to class com/fasterxml/jackson/databind/util/ClassUtil$Ctor
2024-11-12 13:41:16,653 INFO  CreateClassResetClassAdapter - Creating brand-new static initializer in class com/fasterxml/jackson/databind/util/ClassUtil$Ctor
2024-11-12 13:41:16,653 INFO  EvoClassLoader - Keeping class: com.fasterxml.jackson.databind.util.ClassUtil$Ctor
2024-11-12 13:41:16,653 INFO  EvoClassLoader - Seeing class for first time: com.fasterxml.jackson.databind.util.Named
2024-11-12 13:41:16,653 INFO  EvoClassLoader - Instrumenting class 'com.fasterxml.jackson.databind.util.Named'.
2024-11-12 13:41:16,654 INFO  EvoClassLoader - Keeping class: com.fasterxml.jackson.databind.util.Named
2024-11-12 13:41:16,654 INFO  EvoClassLoader - Seeing class for first time: com.fasterxml.jackson.databind.DeserializationContext
2024-11-12 13:41:16,654 INFO  EvoClassLoader - Instrumenting class 'com.fasterxml.jackson.databind.DeserializationContext'.
2024-11-12 13:41:16,654 INFO  MethodCallReplacementClassAdapter - Adding mock interface to class com/fasterxml/jackson/databind/DeserializationContext
2024-11-12 13:41:16,656 INFO  CreateClassResetClassAdapter - Creating brand-new static initializer in class com/fasterxml/jackson/databind/DeserializationContext
2024-11-12 13:41:16,657 INFO  EvoClassLoader - Seeing class for first time: com.fasterxml.jackson.databind.DatabindContext
2024-11-12 13:41:16,657 INFO  EvoClassLoader - Instrumenting class 'com.fasterxml.jackson.databind.DatabindContext'.
2024-11-12 13:41:16,657 INFO  MethodCallReplacementClassAdapter - Adding mock interface to class com/fasterxml/jackson/databind/DatabindContext
2024-11-12 13:41:16,658 INFO  CreateClassResetClassAdapter - Creating brand-new static initializer in class com/fasterxml/jackson/databind/DatabindContext
2024-11-12 13:41:16,658 INFO  CreateClassResetClassAdapter - Adding bytecode for initializing field MAX_ERROR_STR_LEN
2024-11-12 13:41:16,658 INFO  EvoClassLoader - Keeping class: com.fasterxml.jackson.databind.DatabindContext
2024-11-12 13:41:16,658 INFO  EvoClassLoader - Keeping class: com.fasterxml.jackson.databind.DeserializationContext
2024-11-12 13:41:16,659 INFO  EvoClassLoader - Seeing class for first time: com.fasterxml.jackson.databind.introspect.JacksonAnnotationIntrospector
2024-11-12 13:41:16,659 INFO  EvoClassLoader - Instrumenting class 'com.fasterxml.jackson.databind.introspect.JacksonAnnotationIntrospector'.
2024-11-12 13:41:16,659 INFO  MethodCallReplacementClassAdapter - Adding mock interface to class com/fasterxml/jackson/databind/introspect/JacksonAnnotationIntrospector
2024-11-12 13:41:16,662 INFO  CreateClassResetClassAdapter - Found static initializer in class com/fasterxml/jackson/databind/introspect/JacksonAnnotationIntrospector
2024-11-12 13:41:16,663 INFO  EvoClassLoader - Keeping class: com.fasterxml.jackson.databind.introspect.JacksonAnnotationIntrospector
2024-11-12 13:41:16,663 INFO  EvoClassLoader - Seeing class for first time: com.fasterxml.jackson.databind.type.MapLikeType
2024-11-12 13:41:16,663 INFO  EvoClassLoader - Instrumenting class 'com.fasterxml.jackson.databind.type.MapLikeType'.
2024-11-12 13:41:16,663 INFO  MethodCallReplacementClassAdapter - Adding mock interface to class com/fasterxml/jackson/databind/type/MapLikeType
2024-11-12 13:41:16,665 INFO  CreateClassResetClassAdapter - Creating brand-new static initializer in class com/fasterxml/jackson/databind/type/MapLikeType
2024-11-12 13:41:16,665 INFO  EvoClassLoader - Defined package (3): package com.fasterxml.jackson.databind.type, -1863182439
2024-11-12 13:41:16,666 INFO  EvoClassLoader - Seeing class for first time: com.fasterxml.jackson.databind.type.TypeBase
2024-11-12 13:41:16,666 INFO  EvoClassLoader - Instrumenting class 'com.fasterxml.jackson.databind.type.TypeBase'.
2024-11-12 13:41:16,666 INFO  MethodCallReplacementClassAdapter - Adding mock interface to class com/fasterxml/jackson/databind/type/TypeBase
2024-11-12 13:41:16,667 INFO  CreateClassResetClassAdapter - Found static initializer in class com/fasterxml/jackson/databind/type/TypeBase
2024-11-12 13:41:16,667 INFO  EvoClassLoader - Seeing class for first time: com.fasterxml.jackson.databind.JsonSerializable
2024-11-12 13:41:16,667 INFO  EvoClassLoader - Instrumenting class 'com.fasterxml.jackson.databind.JsonSerializable'.
2024-11-12 13:41:16,671 INFO  EvoClassLoader - Keeping class: com.fasterxml.jackson.databind.JsonSerializable
2024-11-12 13:41:16,671 INFO  EvoClassLoader - Keeping class: com.fasterxml.jackson.databind.type.TypeBase
2024-11-12 13:41:16,671 INFO  EvoClassLoader - Keeping class: com.fasterxml.jackson.databind.type.MapLikeType
2024-11-12 13:41:16,672 INFO  EvoClassLoader - Seeing class for first time: com.fasterxml.jackson.databind.introspect.VirtualAnnotatedMember
2024-11-12 13:41:16,672 INFO  EvoClassLoader - Instrumenting class 'com.fasterxml.jackson.databind.introspect.VirtualAnnotatedMember'.
2024-11-12 13:41:16,672 INFO  MethodCallReplacementClassAdapter - Adding mock interface to class com/fasterxml/jackson/databind/introspect/VirtualAnnotatedMember
2024-11-12 13:41:16,673 INFO  CreateClassResetClassAdapter - Creating brand-new static initializer in class com/fasterxml/jackson/databind/introspect/VirtualAnnotatedMember
2024-11-12 13:41:16,673 INFO  EvoClassLoader - Keeping class: com.fasterxml.jackson.databind.introspect.VirtualAnnotatedMember
2024-11-12 13:41:16,673 INFO  EvoClassLoader - Seeing class for first time: com.fasterxml.jackson.databind.introspect.BeanPropertyDefinition
2024-11-12 13:41:16,673 INFO  EvoClassLoader - Instrumenting class 'com.fasterxml.jackson.databind.introspect.BeanPropertyDefinition'.
2024-11-12 13:41:16,674 INFO  MethodCallReplacementClassAdapter - Adding mock interface to class com/fasterxml/jackson/databind/introspect/BeanPropertyDefinition
2024-11-12 13:41:16,676 INFO  CreateClassResetClassAdapter - Found static initializer in class com/fasterxml/jackson/databind/introspect/BeanPropertyDefinition
2024-11-12 13:41:16,676 INFO  EvoClassLoader - Keeping class: com.fasterxml.jackson.databind.introspect.BeanPropertyDefinition
2024-11-12 13:41:16,676 INFO  EvoClassLoader - Seeing class for first time: com.fasterxml.jackson.databind.util.SimpleBeanPropertyDefinition
2024-11-12 13:41:16,676 INFO  EvoClassLoader - Instrumenting class 'com.fasterxml.jackson.databind.util.SimpleBeanPropertyDefinition'.
2024-11-12 13:41:16,677 INFO  MethodCallReplacementClassAdapter - Adding mock interface to class com/fasterxml/jackson/databind/util/SimpleBeanPropertyDefinition
2024-11-12 13:41:16,677 INFO  CreateClassResetClassAdapter - Creating brand-new static initializer in class com/fasterxml/jackson/databind/util/SimpleBeanPropertyDefinition
2024-11-12 13:41:16,677 INFO  EvoClassLoader - Keeping class: com.fasterxml.jackson.databind.util.SimpleBeanPropertyDefinition
2024-11-12 13:41:16,677 INFO  EvoClassLoader - Seeing class for first time: com.fasterxml.jackson.databind.ser.BeanPropertyWriter
2024-11-12 13:41:16,677 INFO  EvoClassLoader - Instrumenting class 'com.fasterxml.jackson.databind.ser.BeanPropertyWriter'.
2024-11-12 13:41:16,678 INFO  MethodCallReplacementClassAdapter - Adding mock interface to class com/fasterxml/jackson/databind/ser/BeanPropertyWriter
2024-11-12 13:41:16,679 INFO  CreateClassResetClassAdapter - Found static initializer in class com/fasterxml/jackson/databind/ser/BeanPropertyWriter
2024-11-12 13:41:16,680 INFO  EvoClassLoader - Defined package (3): package com.fasterxml.jackson.databind.ser, -1584124895
2024-11-12 13:41:16,680 INFO  EvoClassLoader - Seeing class for first time: com.fasterxml.jackson.databind.ser.PropertyWriter
2024-11-12 13:41:16,680 INFO  EvoClassLoader - Instrumenting class 'com.fasterxml.jackson.databind.ser.PropertyWriter'.
2024-11-12 13:41:16,680 INFO  MethodCallReplacementClassAdapter - Adding mock interface to class com/fasterxml/jackson/databind/ser/PropertyWriter
2024-11-12 13:41:16,681 INFO  CreateClassResetClassAdapter - Creating brand-new static initializer in class com/fasterxml/jackson/databind/ser/PropertyWriter
2024-11-12 13:41:16,681 INFO  EvoClassLoader - Seeing class for first time: com.fasterxml.jackson.databind.introspect.ConcreteBeanPropertyBase
2024-11-12 13:41:16,681 INFO  EvoClassLoader - Instrumenting class 'com.fasterxml.jackson.databind.introspect.ConcreteBeanPropertyBase'.
2024-11-12 13:41:16,681 INFO  MethodCallReplacementClassAdapter - Adding mock interface to class com/fasterxml/jackson/databind/introspect/ConcreteBeanPropertyBase
2024-11-12 13:41:16,681 INFO  CreateClassResetClassAdapter - Creating brand-new static initializer in class com/fasterxml/jackson/databind/introspect/ConcreteBeanPropertyBase
2024-11-12 13:41:16,681 INFO  EvoClassLoader - Seeing class for first time: com.fasterxml.jackson.databind.BeanProperty
2024-11-12 13:41:16,681 INFO  EvoClassLoader - Instrumenting class 'com.fasterxml.jackson.databind.BeanProperty'.
2024-11-12 13:41:16,682 INFO  EvoClassLoader - Keeping class: com.fasterxml.jackson.databind.BeanProperty
2024-11-12 13:41:16,682 INFO  EvoClassLoader - Keeping class: com.fasterxml.jackson.databind.introspect.ConcreteBeanPropertyBase
2024-11-12 13:41:16,682 INFO  EvoClassLoader - Keeping class: com.fasterxml.jackson.databind.ser.PropertyWriter
2024-11-12 13:41:16,682 INFO  EvoClassLoader - Keeping class: com.fasterxml.jackson.databind.ser.BeanPropertyWriter
2024-11-12 13:41:16,682 INFO  EvoClassLoader - Seeing class for first time: com.fasterxml.jackson.databind.ser.impl.AttributePropertyWriter
2024-11-12 13:41:16,682 INFO  EvoClassLoader - Instrumenting class 'com.fasterxml.jackson.databind.ser.impl.AttributePropertyWriter'.
2024-11-12 13:41:16,682 INFO  MethodCallReplacementClassAdapter - Adding mock interface to class com/fasterxml/jackson/databind/ser/impl/AttributePropertyWriter
2024-11-12 13:41:16,683 INFO  CreateClassResetClassAdapter - Creating brand-new static initializer in class com/fasterxml/jackson/databind/ser/impl/AttributePropertyWriter
2024-11-12 13:41:16,683 INFO  EvoClassLoader - Defined package (3): package com.fasterxml.jackson.databind.ser.impl, -1959732275
2024-11-12 13:41:16,684 INFO  EvoClassLoader - Seeing class for first time: com.fasterxml.jackson.databind.ser.VirtualBeanPropertyWriter
2024-11-12 13:41:16,684 INFO  EvoClassLoader - Instrumenting class 'com.fasterxml.jackson.databind.ser.VirtualBeanPropertyWriter'.
2024-11-12 13:41:16,684 INFO  MethodCallReplacementClassAdapter - Adding mock interface to class com/fasterxml/jackson/databind/ser/VirtualBeanPropertyWriter
2024-11-12 13:41:16,684 INFO  CreateClassResetClassAdapter - Creating brand-new static initializer in class com/fasterxml/jackson/databind/ser/VirtualBeanPropertyWriter
2024-11-12 13:41:16,685 INFO  EvoClassLoader - Keeping class: com.fasterxml.jackson.databind.ser.VirtualBeanPropertyWriter
2024-11-12 13:41:16,685 INFO  EvoClassLoader - Keeping class: com.fasterxml.jackson.databind.ser.impl.AttributePropertyWriter
2024-11-12 13:41:16,685 INFO  EvoClassLoader - Seeing class for first time: com.fasterxml.jackson.databind.annotation.JsonAppend$Attr
2024-11-12 13:41:16,685 INFO  EvoClassLoader - Instrumenting class 'com.fasterxml.jackson.databind.annotation.JsonAppend$Attr'.
2024-11-12 13:41:16,685 INFO  EvoClassLoader - Keeping class: com.fasterxml.jackson.databind.annotation.JsonAppend$Attr
2024-11-12 13:41:16,685 INFO  EvoClassLoader - Seeing class for first time: com.fasterxml.jackson.databind.annotation.JsonAppend$Prop
2024-11-12 13:41:16,685 INFO  EvoClassLoader - Instrumenting class 'com.fasterxml.jackson.databind.annotation.JsonAppend$Prop'.
2024-11-12 13:41:16,686 INFO  EvoClassLoader - Keeping class: com.fasterxml.jackson.databind.annotation.JsonAppend$Prop
2024-11-12 13:41:16,686 INFO  EvoClassLoader - Seeing class for first time: com.fasterxml.jackson.databind.jsontype.impl.StdTypeResolverBuilder
2024-11-12 13:41:16,686 INFO  EvoClassLoader - Instrumenting class 'com.fasterxml.jackson.databind.jsontype.impl.StdTypeResolverBuilder'.
2024-11-12 13:41:16,686 INFO  MethodCallReplacementClassAdapter - Adding mock interface to class com/fasterxml/jackson/databind/jsontype/impl/StdTypeResolverBuilder
2024-11-12 13:41:16,687 INFO  CreateClassResetClassAdapter - Creating brand-new static initializer in class com/fasterxml/jackson/databind/jsontype/impl/StdTypeResolverBuilder
2024-11-12 13:41:16,687 INFO  EvoClassLoader - Defined package (3): package com.fasterxml.jackson.databind.jsontype.impl, -1761473811
2024-11-12 13:41:16,687 INFO  EvoClassLoader - Keeping class: com.fasterxml.jackson.databind.jsontype.impl.StdTypeResolverBuilder
2024-11-12 13:41:16,687 INFO  EvoClassLoader - Seeing class for first time: com.fasterxml.jackson.databind.annotation.JsonSerialize
2024-11-12 13:41:16,687 INFO  EvoClassLoader - Instrumenting class 'com.fasterxml.jackson.databind.annotation.JsonSerialize'.
2024-11-12 13:41:16,687 INFO  EvoClassLoader - Keeping class: com.fasterxml.jackson.databind.annotation.JsonSerialize
2024-11-12 13:41:16,687 INFO  EvoClassLoader - Seeing class for first time: com.fasterxml.jackson.annotation.JsonView
2024-11-12 13:41:16,687 INFO  EvoClassLoader - Instrumenting class 'com.fasterxml.jackson.annotation.JsonView'.
2024-11-12 13:41:16,687 INFO  EvoClassLoader - Keeping class: com.fasterxml.jackson.annotation.JsonView
2024-11-12 13:41:16,687 INFO  EvoClassLoader - Seeing class for first time: com.fasterxml.jackson.annotation.JsonFormat
2024-11-12 13:41:16,687 INFO  EvoClassLoader - Instrumenting class 'com.fasterxml.jackson.annotation.JsonFormat'.
2024-11-12 13:41:16,688 INFO  EvoClassLoader - Keeping class: com.fasterxml.jackson.annotation.JsonFormat
2024-11-12 13:41:16,688 INFO  EvoClassLoader - Seeing class for first time: com.fasterxml.jackson.annotation.JsonTypeInfo
2024-11-12 13:41:16,688 INFO  EvoClassLoader - Instrumenting class 'com.fasterxml.jackson.annotation.JsonTypeInfo'.
2024-11-12 13:41:16,688 INFO  EvoClassLoader - Keeping class: com.fasterxml.jackson.annotation.JsonTypeInfo
2024-11-12 13:41:16,688 INFO  EvoClassLoader - Seeing class for first time: com.fasterxml.jackson.annotation.JsonRawValue
2024-11-12 13:41:16,688 INFO  EvoClassLoader - Instrumenting class 'com.fasterxml.jackson.annotation.JsonRawValue'.
2024-11-12 13:41:16,688 INFO  EvoClassLoader - Keeping class: com.fasterxml.jackson.annotation.JsonRawValue
2024-11-12 13:41:16,688 INFO  EvoClassLoader - Seeing class for first time: com.fasterxml.jackson.annotation.JsonUnwrapped
2024-11-12 13:41:16,688 INFO  EvoClassLoader - Instrumenting class 'com.fasterxml.jackson.annotation.JsonUnwrapped'.
2024-11-12 13:41:16,688 INFO  EvoClassLoader - Keeping class: com.fasterxml.jackson.annotation.JsonUnwrapped
2024-11-12 13:41:16,688 INFO  EvoClassLoader - Seeing class for first time: com.fasterxml.jackson.annotation.JsonBackReference
2024-11-12 13:41:16,688 INFO  EvoClassLoader - Instrumenting class 'com.fasterxml.jackson.annotation.JsonBackReference'.
2024-11-12 13:41:16,688 INFO  EvoClassLoader - Keeping class: com.fasterxml.jackson.annotation.JsonBackReference
2024-11-12 13:41:16,688 INFO  EvoClassLoader - Seeing class for first time: com.fasterxml.jackson.annotation.JsonManagedReference
2024-11-12 13:41:16,688 INFO  EvoClassLoader - Instrumenting class 'com.fasterxml.jackson.annotation.JsonManagedReference'.
2024-11-12 13:41:16,689 INFO  EvoClassLoader - Keeping class: com.fasterxml.jackson.annotation.JsonManagedReference
2024-11-12 13:41:16,689 INFO  EvoClassLoader - Seeing class for first time: com.fasterxml.jackson.databind.annotation.JsonDeserialize
2024-11-12 13:41:16,689 INFO  EvoClassLoader - Instrumenting class 'com.fasterxml.jackson.databind.annotation.JsonDeserialize'.
2024-11-12 13:41:16,689 INFO  EvoClassLoader - Keeping class: com.fasterxml.jackson.databind.annotation.JsonDeserialize
2024-11-12 13:41:16,689 INFO  EvoClassLoader - Seeing class for first time: com.fasterxml.jackson.annotation.JsonMerge
2024-11-12 13:41:16,689 INFO  EvoClassLoader - Instrumenting class 'com.fasterxml.jackson.annotation.JsonMerge'.
2024-11-12 13:41:16,689 INFO  EvoClassLoader - Keeping class: com.fasterxml.jackson.annotation.JsonMerge
2024-11-12 13:41:16,689 INFO  EvoClassLoader - Seeing class for first time: com.fasterxml.jackson.databind.util.LRUMap
2024-11-12 13:41:16,689 INFO  EvoClassLoader - Instrumenting class 'com.fasterxml.jackson.databind.util.LRUMap'.
2024-11-12 13:41:16,689 INFO  MethodCallReplacementClassAdapter - Adding mock interface to class com/fasterxml/jackson/databind/util/LRUMap
2024-11-12 13:41:16,689 INFO  CreateClassResetClassAdapter - Creating brand-new static initializer in class com/fasterxml/jackson/databind/util/LRUMap
2024-11-12 13:41:16,689 INFO  EvoClassLoader - Seeing class for first time: com.fasterxml.jackson.databind.util.LookupCache
2024-11-12 13:41:16,689 INFO  EvoClassLoader - Instrumenting class 'com.fasterxml.jackson.databind.util.LookupCache'.
2024-11-12 13:41:16,690 INFO  EvoClassLoader - Keeping class: com.fasterxml.jackson.databind.util.LookupCache
2024-11-12 13:41:16,690 INFO  EvoClassLoader - Keeping class: com.fasterxml.jackson.databind.util.LRUMap
2024-11-12 13:41:16,690 INFO  EvoClassLoader - Seeing class for first time: com.fasterxml.jackson.databind.cfg.BaseSettings
2024-11-12 13:41:16,690 INFO  EvoClassLoader - Instrumenting class 'com.fasterxml.jackson.databind.cfg.BaseSettings'.
2024-11-12 13:41:16,690 INFO  MethodCallReplacementClassAdapter - Adding mock interface to class com/fasterxml/jackson/databind/cfg/BaseSettings
2024-11-12 13:41:16,690 INFO  CreateClassResetClassAdapter - Found static initializer in class com/fasterxml/jackson/databind/cfg/BaseSettings
2024-11-12 13:41:16,691 INFO  EvoClassLoader - Keeping class: com.fasterxml.jackson.databind.cfg.BaseSettings
2024-11-12 13:41:16,691 INFO  EvoClassLoader - Seeing class for first time: com.fasterxml.jackson.databind.introspect.AccessorNamingStrategy$Provider
2024-11-12 13:41:16,691 INFO  EvoClassLoader - Instrumenting class 'com.fasterxml.jackson.databind.introspect.AccessorNamingStrategy$Provider'.
2024-11-12 13:41:16,691 INFO  MethodCallReplacementClassAdapter - Adding mock interface to class com/fasterxml/jackson/databind/introspect/AccessorNamingStrategy$Provider
2024-11-12 13:41:16,691 INFO  CreateClassResetClassAdapter - Creating brand-new static initializer in class com/fasterxml/jackson/databind/introspect/AccessorNamingStrategy$Provider
2024-11-12 13:41:16,691 INFO  EvoClassLoader - Keeping class: com.fasterxml.jackson.databind.introspect.AccessorNamingStrategy$Provider
2024-11-12 13:41:16,691 INFO  EvoClassLoader - Seeing class for first time: com.fasterxml.jackson.databind.introspect.DefaultAccessorNamingStrategy$Provider
2024-11-12 13:41:16,691 INFO  EvoClassLoader - Instrumenting class 'com.fasterxml.jackson.databind.introspect.DefaultAccessorNamingStrategy$Provider'.
2024-11-12 13:41:16,691 INFO  MethodCallReplacementClassAdapter - Adding mock interface to class com/fasterxml/jackson/databind/introspect/DefaultAccessorNamingStrategy$Provider
2024-11-12 13:41:16,691 INFO  CreateClassResetClassAdapter - Creating brand-new static initializer in class com/fasterxml/jackson/databind/introspect/DefaultAccessorNamingStrategy$Provider
2024-11-12 13:41:16,692 INFO  EvoClassLoader - Keeping class: com.fasterxml.jackson.databind.introspect.DefaultAccessorNamingStrategy$Provider
2024-11-12 13:41:16,692 INFO  EvoClassLoader - Seeing class for first time: com.fasterxml.jackson.databind.util.StdDateFormat
2024-11-12 13:41:16,692 INFO  EvoClassLoader - Instrumenting class 'com.fasterxml.jackson.databind.util.StdDateFormat'.
2024-11-12 13:41:16,692 INFO  MethodCallReplacementClassAdapter - Adding mock interface to class com/fasterxml/jackson/databind/util/StdDateFormat
2024-11-12 13:41:16,693 INFO  CreateClassResetClassAdapter - Found static initializer in class com/fasterxml/jackson/databind/util/StdDateFormat
2024-11-12 13:41:16,696 INFO  EvoClassLoader - Keeping class: com.fasterxml.jackson.databind.util.StdDateFormat
2024-11-12 13:41:16,696 INFO  EvoClassLoader - Seeing class for first time: com.fasterxml.jackson.databind.jsontype.PolymorphicTypeValidator
2024-11-12 13:41:16,696 INFO  EvoClassLoader - Instrumenting class 'com.fasterxml.jackson.databind.jsontype.PolymorphicTypeValidator'.
2024-11-12 13:41:16,696 INFO  MethodCallReplacementClassAdapter - Adding mock interface to class com/fasterxml/jackson/databind/jsontype/PolymorphicTypeValidator
2024-11-12 13:41:16,696 INFO  CreateClassResetClassAdapter - Creating brand-new static initializer in class com/fasterxml/jackson/databind/jsontype/PolymorphicTypeValidator
2024-11-12 13:41:16,696 INFO  EvoClassLoader - Keeping class: com.fasterxml.jackson.databind.jsontype.PolymorphicTypeValidator
2024-11-12 13:41:16,696 INFO  EvoClassLoader - Seeing class for first time: com.fasterxml.jackson.databind.introspect.ClassIntrospector
2024-11-12 13:41:16,696 INFO  EvoClassLoader - Instrumenting class 'com.fasterxml.jackson.databind.introspect.ClassIntrospector'.
2024-11-12 13:41:16,696 INFO  MethodCallReplacementClassAdapter - Adding mock interface to class com/fasterxml/jackson/databind/introspect/ClassIntrospector
2024-11-12 13:41:16,696 INFO  CreateClassResetClassAdapter - Creating brand-new static initializer in class com/fasterxml/jackson/databind/introspect/ClassIntrospector
2024-11-12 13:41:16,697 INFO  EvoClassLoader - Keeping class: com.fasterxml.jackson.databind.introspect.ClassIntrospector
2024-11-12 13:41:16,697 INFO  EvoClassLoader - Seeing class for first time: com.fasterxml.jackson.databind.PropertyNamingStrategy
2024-11-12 13:41:16,697 INFO  EvoClassLoader - Instrumenting class 'com.fasterxml.jackson.databind.PropertyNamingStrategy'.
2024-11-12 13:41:16,697 INFO  MethodCallReplacementClassAdapter - Adding mock interface to class com/fasterxml/jackson/databind/PropertyNamingStrategy
2024-11-12 13:41:16,697 INFO  CreateClassResetClassAdapter - Found static initializer in class com/fasterxml/jackson/databind/PropertyNamingStrategy
2024-11-12 13:41:16,697 INFO  EvoClassLoader - Keeping class: com.fasterxml.jackson.databind.PropertyNamingStrategy
2024-11-12 13:41:16,697 INFO  EvoClassLoader - Seeing class for first time: com.fasterxml.jackson.databind.cfg.HandlerInstantiator
2024-11-12 13:41:16,697 INFO  EvoClassLoader - Instrumenting class 'com.fasterxml.jackson.databind.cfg.HandlerInstantiator'.
2024-11-12 13:41:16,697 INFO  MethodCallReplacementClassAdapter - Adding mock interface to class com/fasterxml/jackson/databind/cfg/HandlerInstantiator
2024-11-12 13:41:16,697 INFO  CreateClassResetClassAdapter - Creating brand-new static initializer in class com/fasterxml/jackson/databind/cfg/HandlerInstantiator
2024-11-12 13:41:16,697 INFO  EvoClassLoader - Keeping class: com.fasterxml.jackson.databind.cfg.HandlerInstantiator
2024-11-12 13:41:16,697 INFO  EvoClassLoader - Seeing class for first time: com.fasterxml.jackson.databind.type.TypeFactory
2024-11-12 13:41:16,697 INFO  EvoClassLoader - Instrumenting class 'com.fasterxml.jackson.databind.type.TypeFactory'.
2024-11-12 13:41:16,698 INFO  MethodCallReplacementClassAdapter - Adding mock interface to class com/fasterxml/jackson/databind/type/TypeFactory
2024-11-12 13:41:16,701 INFO  CreateClassResetClassAdapter - Found static initializer in class com/fasterxml/jackson/databind/type/TypeFactory
2024-11-12 13:41:16,703 INFO  EvoClassLoader - Keeping class: com.fasterxml.jackson.databind.type.TypeFactory
2024-11-12 13:41:16,703 INFO  EvoClassLoader - Seeing class for first time: com.fasterxml.jackson.databind.type.TypeParser
2024-11-12 13:41:16,703 INFO  EvoClassLoader - Instrumenting class 'com.fasterxml.jackson.databind.type.TypeParser'.
2024-11-12 13:41:16,703 INFO  MethodCallReplacementClassAdapter - Adding mock interface to class com/fasterxml/jackson/databind/type/TypeParser
2024-11-12 13:41:16,703 INFO  CreateClassResetClassAdapter - Creating brand-new static initializer in class com/fasterxml/jackson/databind/type/TypeParser
2024-11-12 13:41:16,704 INFO  EvoClassLoader - Keeping class: com.fasterxml.jackson.databind.type.TypeParser
2024-11-12 13:41:16,704 INFO  EvoClassLoader - Seeing class for first time: com.fasterxml.jackson.databind.type.TypeParser$MyTokenizer
2024-11-12 13:41:16,704 INFO  EvoClassLoader - Instrumenting class 'com.fasterxml.jackson.databind.type.TypeParser$MyTokenizer'.
2024-11-12 13:41:16,704 INFO  MethodCallReplacementClassAdapter - Adding mock interface to class com/fasterxml/jackson/databind/type/TypeParser$MyTokenizer
2024-11-12 13:41:16,704 INFO  CreateClassResetClassAdapter - Creating brand-new static initializer in class com/fasterxml/jackson/databind/type/TypeParser$MyTokenizer
2024-11-12 13:41:16,705 INFO  EvoClassLoader - Keeping class: com.fasterxml.jackson.databind.type.TypeParser$MyTokenizer
2024-11-12 13:41:16,705 INFO  EvoClassLoader - Seeing class for first time: com.fasterxml.jackson.databind.type.TypeBindings
2024-11-12 13:41:16,705 INFO  EvoClassLoader - Instrumenting class 'com.fasterxml.jackson.databind.type.TypeBindings'.
2024-11-12 13:41:16,705 INFO  MethodCallReplacementClassAdapter - Adding mock interface to class com/fasterxml/jackson/databind/type/TypeBindings
2024-11-12 13:41:16,706 INFO  CreateClassResetClassAdapter - Found static initializer in class com/fasterxml/jackson/databind/type/TypeBindings
2024-11-12 13:41:16,707 INFO  EvoClassLoader - Keeping class: com.fasterxml.jackson.databind.type.TypeBindings
2024-11-12 13:41:16,707 INFO  EvoClassLoader - Seeing class for first time: com.fasterxml.jackson.databind.SerializerProvider
2024-11-12 13:41:16,707 INFO  EvoClassLoader - Instrumenting class 'com.fasterxml.jackson.databind.SerializerProvider'.
2024-11-12 13:41:16,725 INFO  MethodCallReplacementClassAdapter - Adding mock interface to class com/fasterxml/jackson/databind/SerializerProvider
2024-11-12 13:41:16,726 INFO  CreateClassResetClassAdapter - Found static initializer in class com/fasterxml/jackson/databind/SerializerProvider
2024-11-12 13:41:16,727 INFO  EvoClassLoader - Keeping class: com.fasterxml.jackson.databind.SerializerProvider
2024-11-12 13:41:16,727 INFO  EvoClassLoader - Seeing class for first time: com.fasterxml.jackson.databind.jsontype.TypeSerializer
2024-11-12 13:41:16,727 INFO  EvoClassLoader - Instrumenting class 'com.fasterxml.jackson.databind.jsontype.TypeSerializer'.
2024-11-12 13:41:16,727 INFO  MethodCallReplacementClassAdapter - Adding mock interface to class com/fasterxml/jackson/databind/jsontype/TypeSerializer
2024-11-12 13:41:16,728 INFO  CreateClassResetClassAdapter - Creating brand-new static initializer in class com/fasterxml/jackson/databind/jsontype/TypeSerializer
2024-11-12 13:41:16,728 INFO  EvoClassLoader - Keeping class: com.fasterxml.jackson.databind.jsontype.TypeSerializer
2024-11-12 13:41:16,728 INFO  EvoClassLoader - Seeing class for first time: com.fasterxml.jackson.databind.type.SimpleType
2024-11-12 13:41:16,728 INFO  EvoClassLoader - Instrumenting class 'com.fasterxml.jackson.databind.type.SimpleType'.
2024-11-12 13:41:16,728 INFO  MethodCallReplacementClassAdapter - Adding mock interface to class com/fasterxml/jackson/databind/type/SimpleType
2024-11-12 13:41:16,729 INFO  CreateClassResetClassAdapter - Creating brand-new static initializer in class com/fasterxml/jackson/databind/type/SimpleType
2024-11-12 13:41:16,729 INFO  EvoClassLoader - Keeping class: com.fasterxml.jackson.databind.type.SimpleType
2024-11-12 13:41:16,729 INFO  EvoClassLoader - Seeing class for first time: com.fasterxml.jackson.databind.type.ResolvedRecursiveType
2024-11-12 13:41:16,729 INFO  EvoClassLoader - Instrumenting class 'com.fasterxml.jackson.databind.type.ResolvedRecursiveType'.
2024-11-12 13:41:16,729 INFO  MethodCallReplacementClassAdapter - Adding mock interface to class com/fasterxml/jackson/databind/type/ResolvedRecursiveType
2024-11-12 13:41:16,730 INFO  CreateClassResetClassAdapter - Creating brand-new static initializer in class com/fasterxml/jackson/databind/type/ResolvedRecursiveType
2024-11-12 13:41:16,730 INFO  EvoClassLoader - Keeping class: com.fasterxml.jackson.databind.type.ResolvedRecursiveType
2024-11-12 13:41:16,730 INFO  EvoClassLoader - Seeing class for first time: com.fasterxml.jackson.databind.type.ArrayType
2024-11-12 13:41:16,730 INFO  EvoClassLoader - Instrumenting class 'com.fasterxml.jackson.databind.type.ArrayType'.
2024-11-12 13:41:16,730 INFO  MethodCallReplacementClassAdapter - Adding mock interface to class com/fasterxml/jackson/databind/type/ArrayType
2024-11-12 13:41:16,730 INFO  CreateClassResetClassAdapter - Creating brand-new static initializer in class com/fasterxml/jackson/databind/type/ArrayType
2024-11-12 13:41:16,730 INFO  EvoClassLoader - Keeping class: com.fasterxml.jackson.databind.type.ArrayType
2024-11-12 13:41:16,730 INFO  EvoClassLoader - Seeing class for first time: com.fasterxml.jackson.databind.type.MapType
2024-11-12 13:41:16,730 INFO  EvoClassLoader - Instrumenting class 'com.fasterxml.jackson.databind.type.MapType'.
2024-11-12 13:41:16,731 INFO  MethodCallReplacementClassAdapter - Adding mock interface to class com/fasterxml/jackson/databind/type/MapType
2024-11-12 13:41:16,731 INFO  CreateClassResetClassAdapter - Creating brand-new static initializer in class com/fasterxml/jackson/databind/type/MapType
2024-11-12 13:41:16,731 INFO  EvoClassLoader - Keeping class: com.fasterxml.jackson.databind.type.MapType
2024-11-12 13:41:16,731 INFO  EvoClassLoader - Seeing class for first time: com.fasterxml.jackson.databind.type.PlaceholderForType
2024-11-12 13:41:16,731 INFO  EvoClassLoader - Instrumenting class 'com.fasterxml.jackson.databind.type.PlaceholderForType'.
2024-11-12 13:41:16,731 INFO  MethodCallReplacementClassAdapter - Adding mock interface to class com/fasterxml/jackson/databind/type/PlaceholderForType
2024-11-12 13:41:16,731 INFO  CreateClassResetClassAdapter - Creating brand-new static initializer in class com/fasterxml/jackson/databind/type/PlaceholderForType
2024-11-12 13:41:16,731 INFO  EvoClassLoader - Keeping class: com.fasterxml.jackson.databind.type.PlaceholderForType
2024-11-12 13:41:16,732 INFO  EvoClassLoader - Seeing class for first time: com.fasterxml.jackson.databind.type.ReferenceType
2024-11-12 13:41:16,732 INFO  EvoClassLoader - Instrumenting class 'com.fasterxml.jackson.databind.type.ReferenceType'.
2024-11-12 13:41:16,732 INFO  MethodCallReplacementClassAdapter - Adding mock interface to class com/fasterxml/jackson/databind/type/ReferenceType
2024-11-12 13:41:16,733 INFO  CreateClassResetClassAdapter - Creating brand-new static initializer in class com/fasterxml/jackson/databind/type/ReferenceType
2024-11-12 13:41:16,733 INFO  EvoClassLoader - Keeping class: com.fasterxml.jackson.databind.type.ReferenceType
2024-11-12 13:41:16,733 INFO  EvoClassLoader - Seeing class for first time: com.fasterxml.jackson.databind.type.CollectionType
2024-11-12 13:41:16,733 INFO  EvoClassLoader - Instrumenting class 'com.fasterxml.jackson.databind.type.CollectionType'.
2024-11-12 13:41:16,733 INFO  MethodCallReplacementClassAdapter - Adding mock interface to class com/fasterxml/jackson/databind/type/CollectionType
2024-11-12 13:41:16,734 INFO  CreateClassResetClassAdapter - Creating brand-new static initializer in class com/fasterxml/jackson/databind/type/CollectionType
2024-11-12 13:41:16,734 INFO  EvoClassLoader - Seeing class for first time: com.fasterxml.jackson.databind.type.CollectionLikeType
2024-11-12 13:41:16,734 INFO  EvoClassLoader - Instrumenting class 'com.fasterxml.jackson.databind.type.CollectionLikeType'.
2024-11-12 13:41:16,734 INFO  MethodCallReplacementClassAdapter - Adding mock interface to class com/fasterxml/jackson/databind/type/CollectionLikeType
2024-11-12 13:41:16,734 INFO  CreateClassResetClassAdapter - Creating brand-new static initializer in class com/fasterxml/jackson/databind/type/CollectionLikeType
2024-11-12 13:41:16,734 INFO  EvoClassLoader - Keeping class: com.fasterxml.jackson.databind.type.CollectionLikeType
2024-11-12 13:41:16,734 INFO  EvoClassLoader - Keeping class: com.fasterxml.jackson.databind.type.CollectionType
2024-11-12 13:41:16,735 INFO  EvoClassLoader - Seeing class for first time: com.fasterxml.jackson.databind.type.TypeModifier
2024-11-12 13:41:16,735 INFO  EvoClassLoader - Instrumenting class 'com.fasterxml.jackson.databind.type.TypeModifier'.
2024-11-12 13:41:16,735 INFO  MethodCallReplacementClassAdapter - Adding mock interface to class com/fasterxml/jackson/databind/type/TypeModifier
2024-11-12 13:41:16,735 INFO  CreateClassResetClassAdapter - Creating brand-new static initializer in class com/fasterxml/jackson/databind/type/TypeModifier
2024-11-12 13:41:16,735 INFO  EvoClassLoader - Keeping class: com.fasterxml.jackson.databind.type.TypeModifier
2024-11-12 13:41:16,735 INFO  EvoClassLoader - Seeing class for first time: com.fasterxml.jackson.databind.type.ClassStack
2024-11-12 13:41:16,735 INFO  EvoClassLoader - Instrumenting class 'com.fasterxml.jackson.databind.type.ClassStack'.
2024-11-12 13:41:16,735 INFO  MethodCallReplacementClassAdapter - Adding mock interface to class com/fasterxml/jackson/databind/type/ClassStack
2024-11-12 13:41:16,735 INFO  CreateClassResetClassAdapter - Creating brand-new static initializer in class com/fasterxml/jackson/databind/type/ClassStack
2024-11-12 13:41:16,735 INFO  EvoClassLoader - Keeping class: com.fasterxml.jackson.databind.type.ClassStack
2024-11-12 13:41:16,735 INFO  EvoClassLoader - Seeing class for first time: com.fasterxml.jackson.databind.JsonNode
2024-11-12 13:41:16,735 INFO  EvoClassLoader - Instrumenting class 'com.fasterxml.jackson.databind.JsonNode'.
2024-11-12 13:41:16,736 INFO  MethodCallReplacementClassAdapter - Adding mock interface to class com/fasterxml/jackson/databind/JsonNode
2024-11-12 13:41:16,736 INFO  CreateClassResetClassAdapter - Creating brand-new static initializer in class com/fasterxml/jackson/databind/JsonNode
2024-11-12 13:41:16,736 INFO  EvoClassLoader - Seeing class for first time: com.fasterxml.jackson.databind.JsonSerializable$Base
2024-11-12 13:41:16,736 INFO  EvoClassLoader - Instrumenting class 'com.fasterxml.jackson.databind.JsonSerializable$Base'.
2024-11-12 13:41:16,736 INFO  MethodCallReplacementClassAdapter - Adding mock interface to class com/fasterxml/jackson/databind/JsonSerializable$Base
2024-11-12 13:41:16,736 INFO  CreateClassResetClassAdapter - Creating brand-new static initializer in class com/fasterxml/jackson/databind/JsonSerializable$Base
2024-11-12 13:41:16,736 INFO  EvoClassLoader - Keeping class: com.fasterxml.jackson.databind.JsonSerializable$Base
2024-11-12 13:41:16,736 INFO  EvoClassLoader - Keeping class: com.fasterxml.jackson.databind.JsonNode
2024-11-12 13:41:16,739 INFO  EvoClassLoader - Seeing class for first time: com.fasterxml.jackson.core.util.ByteArrayBuilder
2024-11-12 13:41:16,739 INFO  EvoClassLoader - Instrumenting class 'com.fasterxml.jackson.core.util.ByteArrayBuilder'.
2024-11-12 13:41:16,739 INFO  MethodCallReplacementClassAdapter - Adding mock interface to class com/fasterxml/jackson/core/util/ByteArrayBuilder
2024-11-12 13:41:16,740 INFO  CreateClassResetClassAdapter - Found static initializer in class com/fasterxml/jackson/core/util/ByteArrayBuilder
2024-11-12 13:41:16,740 INFO  EvoClassLoader - Keeping class: com.fasterxml.jackson.core.util.ByteArrayBuilder
2024-11-12 13:41:16,740 INFO  EvoClassLoader - Seeing class for first time: com.fasterxml.jackson.core.Base64Variant$PaddingReadBehaviour
2024-11-12 13:41:16,740 INFO  EvoClassLoader - Instrumenting class 'com.fasterxml.jackson.core.Base64Variant$PaddingReadBehaviour'.
2024-11-12 13:41:16,740 INFO  MethodCallReplacementClassAdapter - Adding mock interface to class com/fasterxml/jackson/core/Base64Variant$PaddingReadBehaviour
2024-11-12 13:41:16,740 INFO  CreateClassResetClassAdapter - Found static initializer in class com/fasterxml/jackson/core/Base64Variant$PaddingReadBehaviour
2024-11-12 13:41:16,740 INFO  EvoClassLoader - Keeping class: com.fasterxml.jackson.core.Base64Variant$PaddingReadBehaviour
2024-11-12 13:41:16,741 INFO  EvoClassLoader - Seeing class for first time: com.fasterxml.jackson.core.Base64Variants
2024-11-12 13:41:16,741 INFO  EvoClassLoader - Instrumenting class 'com.fasterxml.jackson.core.Base64Variants'.
2024-11-12 13:41:16,741 INFO  MethodCallReplacementClassAdapter - Adding mock interface to class com/fasterxml/jackson/core/Base64Variants
2024-11-12 13:41:16,741 INFO  CreateClassResetClassAdapter - Found static initializer in class com/fasterxml/jackson/core/Base64Variants
2024-11-12 13:41:16,741 INFO  EvoClassLoader - Keeping class: com.fasterxml.jackson.core.Base64Variants
2024-11-12 13:41:16,741 INFO  EvoClassLoader - Seeing class for first time: com.fasterxml.jackson.databind.jsontype.PolymorphicTypeValidator$Validity
2024-11-12 13:41:16,741 INFO  EvoClassLoader - Instrumenting class 'com.fasterxml.jackson.databind.jsontype.PolymorphicTypeValidator$Validity'.
2024-11-12 13:41:16,741 INFO  MethodCallReplacementClassAdapter - Adding mock interface to class com/fasterxml/jackson/databind/jsontype/PolymorphicTypeValidator$Validity
2024-11-12 13:41:16,741 INFO  CreateClassResetClassAdapter - Found static initializer in class com/fasterxml/jackson/databind/jsontype/PolymorphicTypeValidator$Validity
2024-11-12 13:41:16,742 INFO  EvoClassLoader - Keeping class: com.fasterxml.jackson.databind.jsontype.PolymorphicTypeValidator$Validity
2024-11-12 13:41:16,742 INFO  EvoClassLoader - Seeing class for first time: com.fasterxml.jackson.databind.jsontype.PolymorphicTypeValidator$Base
2024-11-12 13:41:16,742 INFO  EvoClassLoader - Instrumenting class 'com.fasterxml.jackson.databind.jsontype.PolymorphicTypeValidator$Base'.
2024-11-12 13:41:16,742 INFO  MethodCallReplacementClassAdapter - Adding mock interface to class com/fasterxml/jackson/databind/jsontype/PolymorphicTypeValidator$Base
2024-11-12 13:41:16,742 INFO  CreateClassResetClassAdapter - Creating brand-new static initializer in class com/fasterxml/jackson/databind/jsontype/PolymorphicTypeValidator$Base
2024-11-12 13:41:16,742 INFO  EvoClassLoader - Keeping class: com.fasterxml.jackson.databind.jsontype.PolymorphicTypeValidator$Base
2024-11-12 13:41:16,742 INFO  EvoClassLoader - Seeing class for first time: com.fasterxml.jackson.databind.jsontype.impl.LaissezFaireSubTypeValidator
2024-11-12 13:41:16,742 INFO  EvoClassLoader - Instrumenting class 'com.fasterxml.jackson.databind.jsontype.impl.LaissezFaireSubTypeValidator'.
2024-11-12 13:41:16,742 INFO  MethodCallReplacementClassAdapter - Adding mock interface to class com/fasterxml/jackson/databind/jsontype/impl/LaissezFaireSubTypeValidator
2024-11-12 13:41:16,742 INFO  CreateClassResetClassAdapter - Found static initializer in class com/fasterxml/jackson/databind/jsontype/impl/LaissezFaireSubTypeValidator
2024-11-12 13:41:16,742 INFO  EvoClassLoader - Keeping class: com.fasterxml.jackson.databind.jsontype.impl.LaissezFaireSubTypeValidator
2024-11-12 13:41:16,742 INFO  EvoClassLoader - Seeing class for first time: com.fasterxml.jackson.databind.introspect.AccessorNamingStrategy
2024-11-12 13:41:16,742 INFO  EvoClassLoader - Instrumenting class 'com.fasterxml.jackson.databind.introspect.AccessorNamingStrategy'.
2024-11-12 13:41:16,742 INFO  MethodCallReplacementClassAdapter - Adding mock interface to class com/fasterxml/jackson/databind/introspect/AccessorNamingStrategy
2024-11-12 13:41:16,742 INFO  CreateClassResetClassAdapter - Creating brand-new static initializer in class com/fasterxml/jackson/databind/introspect/AccessorNamingStrategy
2024-11-12 13:41:16,742 INFO  EvoClassLoader - Keeping class: com.fasterxml.jackson.databind.introspect.AccessorNamingStrategy
2024-11-12 13:41:16,742 INFO  EvoClassLoader - Seeing class for first time: com.fasterxml.jackson.databind.BeanDescription
2024-11-12 13:41:16,742 INFO  EvoClassLoader - Instrumenting class 'com.fasterxml.jackson.databind.BeanDescription'.
2024-11-12 13:41:16,742 INFO  MethodCallReplacementClassAdapter - Adding mock interface to class com/fasterxml/jackson/databind/BeanDescription
2024-11-12 13:41:16,743 INFO  CreateClassResetClassAdapter - Creating brand-new static initializer in class com/fasterxml/jackson/databind/BeanDescription
2024-11-12 13:41:16,743 INFO  EvoClassLoader - Keeping class: com.fasterxml.jackson.databind.BeanDescription
2024-11-12 13:41:16,743 INFO  EvoClassLoader - Seeing class for first time: com.fasterxml.jackson.databind.introspect.DefaultAccessorNamingStrategy
2024-11-12 13:41:16,743 INFO  EvoClassLoader - Instrumenting class 'com.fasterxml.jackson.databind.introspect.DefaultAccessorNamingStrategy'.
2024-11-12 13:41:16,743 INFO  MethodCallReplacementClassAdapter - Adding mock interface to class com/fasterxml/jackson/databind/introspect/DefaultAccessorNamingStrategy
2024-11-12 13:41:16,743 INFO  CreateClassResetClassAdapter - Creating brand-new static initializer in class com/fasterxml/jackson/databind/introspect/DefaultAccessorNamingStrategy
2024-11-12 13:41:16,743 INFO  EvoClassLoader - Keeping class: com.fasterxml.jackson.databind.introspect.DefaultAccessorNamingStrategy
2024-11-12 13:41:16,743 INFO  EvoClassLoader - Seeing class for first time: com.fasterxml.jackson.databind.introspect.DefaultAccessorNamingStrategy$RecordNaming
2024-11-12 13:41:16,743 INFO  EvoClassLoader - Instrumenting class 'com.fasterxml.jackson.databind.introspect.DefaultAccessorNamingStrategy$RecordNaming'.
2024-11-12 13:41:16,744 INFO  MethodCallReplacementClassAdapter - Adding mock interface to class com/fasterxml/jackson/databind/introspect/DefaultAccessorNamingStrategy$RecordNaming
2024-11-12 13:41:16,744 INFO  CreateClassResetClassAdapter - Creating brand-new static initializer in class com/fasterxml/jackson/databind/introspect/DefaultAccessorNamingStrategy$RecordNaming
2024-11-12 13:41:16,744 INFO  EvoClassLoader - Keeping class: com.fasterxml.jackson.databind.introspect.DefaultAccessorNamingStrategy$RecordNaming
2024-11-12 13:41:16,744 INFO  EvoClassLoader - Seeing class for first time: com.fasterxml.jackson.databind.introspect.DefaultAccessorNamingStrategy$FirstCharBasedValidator
2024-11-12 13:41:16,744 INFO  EvoClassLoader - Instrumenting class 'com.fasterxml.jackson.databind.introspect.DefaultAccessorNamingStrategy$FirstCharBasedValidator'.
2024-11-12 13:41:16,744 INFO  MethodCallReplacementClassAdapter - Adding mock interface to class com/fasterxml/jackson/databind/introspect/DefaultAccessorNamingStrategy$FirstCharBasedValidator
2024-11-12 13:41:16,744 INFO  CreateClassResetClassAdapter - Creating brand-new static initializer in class com/fasterxml/jackson/databind/introspect/DefaultAccessorNamingStrategy$FirstCharBasedValidator
2024-11-12 13:41:16,745 INFO  EvoClassLoader - Seeing class for first time: com.fasterxml.jackson.databind.introspect.DefaultAccessorNamingStrategy$BaseNameValidator
2024-11-12 13:41:16,745 INFO  EvoClassLoader - Instrumenting class 'com.fasterxml.jackson.databind.introspect.DefaultAccessorNamingStrategy$BaseNameValidator'.
2024-11-12 13:41:16,745 INFO  EvoClassLoader - Keeping class: com.fasterxml.jackson.databind.introspect.DefaultAccessorNamingStrategy$BaseNameValidator
2024-11-12 13:41:16,745 INFO  EvoClassLoader - Keeping class: com.fasterxml.jackson.databind.introspect.DefaultAccessorNamingStrategy$FirstCharBasedValidator
2024-11-12 13:41:16,745 INFO  EvoClassLoader - Seeing class for first time: com.fasterxml.jackson.databind.ObjectMapper
2024-11-12 13:41:16,745 INFO  EvoClassLoader - Instrumenting class 'com.fasterxml.jackson.databind.ObjectMapper'.
2024-11-12 13:41:16,746 INFO  MethodCallReplacementClassAdapter - Adding mock interface to class com/fasterxml/jackson/databind/ObjectMapper
2024-11-12 13:41:16,750 INFO  CreateClassResetClassAdapter - Found static initializer in class com/fasterxml/jackson/databind/ObjectMapper
2024-11-12 13:41:16,752 INFO  EvoClassLoader - Keeping class: com.fasterxml.jackson.databind.ObjectMapper
2024-11-12 13:41:16,752 INFO  EvoClassLoader - Seeing class for first time: com.fasterxml.jackson.databind.MappingJsonFactory
2024-11-12 13:41:16,752 INFO  EvoClassLoader - Instrumenting class 'com.fasterxml.jackson.databind.MappingJsonFactory'.
2024-11-12 13:41:16,752 INFO  MethodCallReplacementClassAdapter - Adding mock interface to class com/fasterxml/jackson/databind/MappingJsonFactory
2024-11-12 13:41:16,752 INFO  CreateClassResetClassAdapter - Creating brand-new static initializer in class com/fasterxml/jackson/databind/MappingJsonFactory
2024-11-12 13:41:16,752 INFO  EvoClassLoader - Keeping class: com.fasterxml.jackson.databind.MappingJsonFactory
2024-11-12 13:41:16,752 INFO  EvoClassLoader - Seeing class for first time: com.fasterxml.jackson.databind.jsontype.SubtypeResolver
2024-11-12 13:41:16,752 INFO  EvoClassLoader - Instrumenting class 'com.fasterxml.jackson.databind.jsontype.SubtypeResolver'.
2024-11-12 13:41:16,752 INFO  MethodCallReplacementClassAdapter - Adding mock interface to class com/fasterxml/jackson/databind/jsontype/SubtypeResolver
2024-11-12 13:41:16,753 INFO  CreateClassResetClassAdapter - Creating brand-new static initializer in class com/fasterxml/jackson/databind/jsontype/SubtypeResolver
2024-11-12 13:41:16,753 INFO  EvoClassLoader - Keeping class: com.fasterxml.jackson.databind.jsontype.SubtypeResolver
2024-11-12 13:41:16,753 INFO  EvoClassLoader - Seeing class for first time: com.fasterxml.jackson.databind.jsontype.impl.StdSubtypeResolver
2024-11-12 13:41:16,753 INFO  EvoClassLoader - Instrumenting class 'com.fasterxml.jackson.databind.jsontype.impl.StdSubtypeResolver'.
2024-11-12 13:41:16,753 INFO  MethodCallReplacementClassAdapter - Adding mock interface to class com/fasterxml/jackson/databind/jsontype/impl/StdSubtypeResolver
2024-11-12 13:41:16,753 INFO  CreateClassResetClassAdapter - Creating brand-new static initializer in class com/fasterxml/jackson/databind/jsontype/impl/StdSubtypeResolver
2024-11-12 13:41:16,753 INFO  EvoClassLoader - Keeping class: com.fasterxml.jackson.databind.jsontype.impl.StdSubtypeResolver
2024-11-12 13:41:16,753 INFO  EvoClassLoader - Seeing class for first time: com.fasterxml.jackson.databind.ser.DefaultSerializerProvider
2024-11-12 13:41:16,753 INFO  EvoClassLoader - Instrumenting class 'com.fasterxml.jackson.databind.ser.DefaultSerializerProvider'.
2024-11-12 13:41:16,753 INFO  MethodCallReplacementClassAdapter - Adding mock interface to class com/fasterxml/jackson/databind/ser/DefaultSerializerProvider
2024-11-12 13:41:16,755 INFO  CreateClassResetClassAdapter - Creating brand-new static initializer in class com/fasterxml/jackson/databind/ser/DefaultSerializerProvider
2024-11-12 13:41:16,755 INFO  EvoClassLoader - Keeping class: com.fasterxml.jackson.databind.ser.DefaultSerializerProvider
2024-11-12 13:41:16,755 INFO  EvoClassLoader - Seeing class for first time: com.fasterxml.jackson.databind.ser.DefaultSerializerProvider$Impl
2024-11-12 13:41:16,755 INFO  EvoClassLoader - Instrumenting class 'com.fasterxml.jackson.databind.ser.DefaultSerializerProvider$Impl'.
2024-11-12 13:41:16,755 INFO  MethodCallReplacementClassAdapter - Adding mock interface to class com/fasterxml/jackson/databind/ser/DefaultSerializerProvider$Impl
2024-11-12 13:41:16,755 INFO  CreateClassResetClassAdapter - Creating brand-new static initializer in class com/fasterxml/jackson/databind/ser/DefaultSerializerProvider$Impl
2024-11-12 13:41:16,755 INFO  EvoClassLoader - Keeping class: com.fasterxml.jackson.databind.ser.DefaultSerializerProvider$Impl
2024-11-12 13:41:16,755 INFO  EvoClassLoader - Seeing class for first time: com.fasterxml.jackson.databind.deser.DeserializerFactory
2024-11-12 13:41:16,755 INFO  EvoClassLoader - Instrumenting class 'com.fasterxml.jackson.databind.deser.DeserializerFactory'.
2024-11-12 13:41:16,755 INFO  MethodCallReplacementClassAdapter - Adding mock interface to class com/fasterxml/jackson/databind/deser/DeserializerFactory
2024-11-12 13:41:16,755 INFO  CreateClassResetClassAdapter - Found static initializer in class com/fasterxml/jackson/databind/deser/DeserializerFactory
2024-11-12 13:41:16,755 INFO  EvoClassLoader - Defined package (3): package com.fasterxml.jackson.databind.deser, -1939449920
2024-11-12 13:41:16,756 INFO  EvoClassLoader - Keeping class: com.fasterxml.jackson.databind.deser.DeserializerFactory
2024-11-12 13:41:16,756 INFO  EvoClassLoader - Seeing class for first time: com.fasterxml.jackson.databind.deser.BeanDeserializerFactory
2024-11-12 13:41:16,756 INFO  EvoClassLoader - Instrumenting class 'com.fasterxml.jackson.databind.deser.BeanDeserializerFactory'.
2024-11-12 13:41:16,756 INFO  MethodCallReplacementClassAdapter - Adding mock interface to class com/fasterxml/jackson/databind/deser/BeanDeserializerFactory
2024-11-12 13:41:16,762 INFO  CreateClassResetClassAdapter - Found static initializer in class com/fasterxml/jackson/databind/deser/BeanDeserializerFactory
2024-11-12 13:41:16,763 INFO  EvoClassLoader - Seeing class for first time: com.fasterxml.jackson.databind.deser.BasicDeserializerFactory
2024-11-12 13:41:16,763 INFO  EvoClassLoader - Instrumenting class 'com.fasterxml.jackson.databind.deser.BasicDeserializerFactory'.
2024-11-12 13:41:16,763 INFO  MethodCallReplacementClassAdapter - Adding mock interface to class com/fasterxml/jackson/databind/deser/BasicDeserializerFactory
2024-11-12 13:41:16,773 INFO  CreateClassResetClassAdapter - Found static initializer in class com/fasterxml/jackson/databind/deser/BasicDeserializerFactory
2024-11-12 13:41:16,775 INFO  EvoClassLoader - Keeping class: com.fasterxml.jackson.databind.deser.BasicDeserializerFactory
2024-11-12 13:41:16,775 INFO  EvoClassLoader - Keeping class: com.fasterxml.jackson.databind.deser.BeanDeserializerFactory
2024-11-12 13:41:16,775 INFO  EvoClassLoader - Seeing class for first time: com.fasterxml.jackson.databind.deser.DefaultDeserializationContext
2024-11-12 13:41:16,775 INFO  EvoClassLoader - Instrumenting class 'com.fasterxml.jackson.databind.deser.DefaultDeserializationContext'.
2024-11-12 13:41:16,775 INFO  MethodCallReplacementClassAdapter - Adding mock interface to class com/fasterxml/jackson/databind/deser/DefaultDeserializationContext
2024-11-12 13:41:16,776 INFO  CreateClassResetClassAdapter - Creating brand-new static initializer in class com/fasterxml/jackson/databind/deser/DefaultDeserializationContext
2024-11-12 13:41:16,776 INFO  EvoClassLoader - Keeping class: com.fasterxml.jackson.databind.deser.DefaultDeserializationContext
2024-11-12 13:41:16,777 INFO  EvoClassLoader - Seeing class for first time: com.fasterxml.jackson.databind.deser.DefaultDeserializationContext$Impl
2024-11-12 13:41:16,777 INFO  EvoClassLoader - Instrumenting class 'com.fasterxml.jackson.databind.deser.DefaultDeserializationContext$Impl'.
2024-11-12 13:41:16,777 INFO  MethodCallReplacementClassAdapter - Adding mock interface to class com/fasterxml/jackson/databind/deser/DefaultDeserializationContext$Impl
2024-11-12 13:41:16,777 INFO  CreateClassResetClassAdapter - Creating brand-new static initializer in class com/fasterxml/jackson/databind/deser/DefaultDeserializationContext$Impl
2024-11-12 13:41:16,777 INFO  EvoClassLoader - Keeping class: com.fasterxml.jackson.databind.deser.DefaultDeserializationContext$Impl
2024-11-12 13:41:16,777 INFO  EvoClassLoader - Seeing class for first time: com.fasterxml.jackson.databind.ser.SerializerFactory
2024-11-12 13:41:16,777 INFO  EvoClassLoader - Instrumenting class 'com.fasterxml.jackson.databind.ser.SerializerFactory'.
2024-11-12 13:41:16,777 INFO  MethodCallReplacementClassAdapter - Adding mock interface to class com/fasterxml/jackson/databind/ser/SerializerFactory
2024-11-12 13:41:16,777 INFO  CreateClassResetClassAdapter - Creating brand-new static initializer in class com/fasterxml/jackson/databind/ser/SerializerFactory
2024-11-12 13:41:16,777 INFO  EvoClassLoader - Keeping class: com.fasterxml.jackson.databind.ser.SerializerFactory
2024-11-12 13:41:16,777 INFO  EvoClassLoader - Seeing class for first time: com.fasterxml.jackson.databind.ser.BeanSerializerFactory
2024-11-12 13:41:16,777 INFO  EvoClassLoader - Instrumenting class 'com.fasterxml.jackson.databind.ser.BeanSerializerFactory'.
2024-11-12 13:41:16,778 INFO  MethodCallReplacementClassAdapter - Adding mock interface to class com/fasterxml/jackson/databind/ser/BeanSerializerFactory
2024-11-12 13:41:16,780 INFO  CreateClassResetClassAdapter - Found static initializer in class com/fasterxml/jackson/databind/ser/BeanSerializerFactory
2024-11-12 13:41:16,780 INFO  EvoClassLoader - Seeing class for first time: com.fasterxml.jackson.databind.ser.BasicSerializerFactory
2024-11-12 13:41:16,780 INFO  EvoClassLoader - Instrumenting class 'com.fasterxml.jackson.databind.ser.BasicSerializerFactory'.
2024-11-12 13:41:16,780 INFO  MethodCallReplacementClassAdapter - Adding mock interface to class com/fasterxml/jackson/databind/ser/BasicSerializerFactory
2024-11-12 13:41:16,786 INFO  CreateClassResetClassAdapter - Found static initializer in class com/fasterxml/jackson/databind/ser/BasicSerializerFactory
2024-11-12 13:41:16,786 INFO  EvoClassLoader - Keeping class: com.fasterxml.jackson.databind.ser.BasicSerializerFactory
2024-11-12 13:41:16,786 INFO  EvoClassLoader - Keeping class: com.fasterxml.jackson.databind.ser.BeanSerializerFactory
2024-11-12 13:41:16,787 INFO  EvoClassLoader - Seeing class for first time: com.fasterxml.jackson.core.io.SegmentedStringWriter
2024-11-12 13:41:16,787 INFO  EvoClassLoader - Instrumenting class 'com.fasterxml.jackson.core.io.SegmentedStringWriter'.
2024-11-12 13:41:16,787 INFO  MethodCallReplacementClassAdapter - Adding mock interface to class com/fasterxml/jackson/core/io/SegmentedStringWriter
2024-11-12 13:41:16,787 INFO  CreateClassResetClassAdapter - Creating brand-new static initializer in class com/fasterxml/jackson/core/io/SegmentedStringWriter
2024-11-12 13:41:16,787 INFO  EvoClassLoader - Keeping class: com.fasterxml.jackson.core.io.SegmentedStringWriter
2024-11-12 13:41:16,787 INFO  EvoClassLoader - Seeing class for first time: com.fasterxml.jackson.databind.node.NullNode
2024-11-12 13:41:16,787 INFO  EvoClassLoader - Instrumenting class 'com.fasterxml.jackson.databind.node.NullNode'.
2024-11-12 13:41:16,787 INFO  MethodCallReplacementClassAdapter - Adding mock interface to class com/fasterxml/jackson/databind/node/NullNode
2024-11-12 13:41:16,787 INFO  CreateClassResetClassAdapter - Found static initializer in class com/fasterxml/jackson/databind/node/NullNode
2024-11-12 13:41:16,787 INFO  EvoClassLoader - Defined package (3): package com.fasterxml.jackson.databind.node, -1863371167
2024-11-12 13:41:16,787 INFO  EvoClassLoader - Seeing class for first time: com.fasterxml.jackson.databind.node.ValueNode
2024-11-12 13:41:16,787 INFO  EvoClassLoader - Instrumenting class 'com.fasterxml.jackson.databind.node.ValueNode'.
2024-11-12 13:41:16,788 INFO  MethodCallReplacementClassAdapter - Adding mock interface to class com/fasterxml/jackson/databind/node/ValueNode
2024-11-12 13:41:16,788 INFO  CreateClassResetClassAdapter - Creating brand-new static initializer in class com/fasterxml/jackson/databind/node/ValueNode
2024-11-12 13:41:16,788 INFO  EvoClassLoader - Seeing class for first time: com.fasterxml.jackson.databind.node.BaseJsonNode
2024-11-12 13:41:16,788 INFO  EvoClassLoader - Instrumenting class 'com.fasterxml.jackson.databind.node.BaseJsonNode'.
2024-11-12 13:41:16,788 INFO  MethodCallReplacementClassAdapter - Adding mock interface to class com/fasterxml/jackson/databind/node/BaseJsonNode
2024-11-12 13:41:16,788 INFO  CreateClassResetClassAdapter - Creating brand-new static initializer in class com/fasterxml/jackson/databind/node/BaseJsonNode
2024-11-12 13:41:16,788 INFO  EvoClassLoader - Keeping class: com.fasterxml.jackson.databind.node.BaseJsonNode
2024-11-12 13:41:16,788 INFO  EvoClassLoader - Keeping class: com.fasterxml.jackson.databind.node.ValueNode
2024-11-12 13:41:16,788 INFO  EvoClassLoader - Keeping class: com.fasterxml.jackson.databind.node.NullNode
2024-11-12 13:41:16,788 INFO  EvoClassLoader - Seeing class for first time: com.fasterxml.jackson.databind.node.TreeTraversingParser
2024-11-12 13:41:16,788 INFO  EvoClassLoader - Instrumenting class 'com.fasterxml.jackson.databind.node.TreeTraversingParser'.
2024-11-12 13:41:16,788 INFO  MethodCallReplacementClassAdapter - Adding mock interface to class com/fasterxml/jackson/databind/node/TreeTraversingParser
2024-11-12 13:41:16,788 INFO  CreateClassResetClassAdapter - Creating brand-new static initializer in class com/fasterxml/jackson/databind/node/TreeTraversingParser
2024-11-12 13:41:16,789 INFO  EvoClassLoader - Seeing class for first time: com.fasterxml.jackson.core.base.ParserMinimalBase
2024-11-12 13:41:16,789 INFO  EvoClassLoader - Instrumenting class 'com.fasterxml.jackson.core.base.ParserMinimalBase'.
2024-11-12 13:41:16,789 INFO  MethodCallReplacementClassAdapter - Adding mock interface to class com/fasterxml/jackson/core/base/ParserMinimalBase
2024-11-12 13:41:16,789 INFO  CreateClassResetClassAdapter - Found static initializer in class com/fasterxml/jackson/core/base/ParserMinimalBase
2024-11-12 13:41:16,790 INFO  EvoClassLoader - Defined package (3): package com.fasterxml.jackson.core.base, 596073848
2024-11-12 13:41:16,790 INFO  EvoClassLoader - Keeping class: com.fasterxml.jackson.core.base.ParserMinimalBase
2024-11-12 13:41:16,790 INFO  EvoClassLoader - Keeping class: com.fasterxml.jackson.databind.node.TreeTraversingParser
2024-11-12 13:41:16,790 INFO  EvoClassLoader - Seeing class for first time: com.fasterxml.jackson.databind.introspect.BasicClassIntrospector
2024-11-12 13:41:16,790 INFO  EvoClassLoader - Instrumenting class 'com.fasterxml.jackson.databind.introspect.BasicClassIntrospector'.
2024-11-12 13:41:16,790 INFO  MethodCallReplacementClassAdapter - Adding mock interface to class com/fasterxml/jackson/databind/introspect/BasicClassIntrospector
2024-11-12 13:41:16,790 INFO  CreateClassResetClassAdapter - Found static initializer in class com/fasterxml/jackson/databind/introspect/BasicClassIntrospector
2024-11-12 13:41:16,791 INFO  EvoClassLoader - Keeping class: com.fasterxml.jackson.databind.introspect.BasicClassIntrospector
2024-11-12 13:41:16,791 INFO  EvoClassLoader - Seeing class for first time: com.fasterxml.jackson.databind.Module$SetupContext
2024-11-12 13:41:16,791 INFO  EvoClassLoader - Instrumenting class 'com.fasterxml.jackson.databind.Module$SetupContext'.
2024-11-12 13:41:16,791 INFO  EvoClassLoader - Keeping class: com.fasterxml.jackson.databind.Module$SetupContext
2024-11-12 13:41:16,791 INFO  EvoClassLoader - Seeing class for first time: com.fasterxml.jackson.databind.util.TokenBuffer
2024-11-12 13:41:16,791 INFO  EvoClassLoader - Instrumenting class 'com.fasterxml.jackson.databind.util.TokenBuffer'.
2024-11-12 13:41:16,792 INFO  MethodCallReplacementClassAdapter - Adding mock interface to class com/fasterxml/jackson/databind/util/TokenBuffer
2024-11-12 13:41:16,793 INFO  CreateClassResetClassAdapter - Found static initializer in class com/fasterxml/jackson/databind/util/TokenBuffer
2024-11-12 13:41:16,793 INFO  EvoClassLoader - Keeping class: com.fasterxml.jackson.databind.util.TokenBuffer
2024-11-12 13:41:16,793 INFO  EvoClassLoader - Seeing class for first time: com.fasterxml.jackson.databind.exc.MismatchedInputException
2024-11-12 13:41:16,793 INFO  EvoClassLoader - Instrumenting class 'com.fasterxml.jackson.databind.exc.MismatchedInputException'.
2024-11-12 13:41:16,793 INFO  MethodCallReplacementClassAdapter - Adding mock interface to class com/fasterxml/jackson/databind/exc/MismatchedInputException
2024-11-12 13:41:16,794 INFO  CreateClassResetClassAdapter - Creating brand-new static initializer in class com/fasterxml/jackson/databind/exc/MismatchedInputException
2024-11-12 13:41:16,794 INFO  EvoClassLoader - Defined package (3): package com.fasterxml.jackson.databind.exc, -1584137775
2024-11-12 13:41:16,794 INFO  EvoClassLoader - Keeping class: com.fasterxml.jackson.databind.exc.MismatchedInputException
2024-11-12 13:41:16,794 INFO  EvoClassLoader - Seeing class for first time: com.fasterxml.jackson.databind.cfg.ContextAttributes
2024-11-12 13:41:16,794 INFO  EvoClassLoader - Instrumenting class 'com.fasterxml.jackson.databind.cfg.ContextAttributes'.
2024-11-12 13:41:16,794 INFO  MethodCallReplacementClassAdapter - Adding mock interface to class com/fasterxml/jackson/databind/cfg/ContextAttributes
2024-11-12 13:41:16,794 INFO  CreateClassResetClassAdapter - Creating brand-new static initializer in class com/fasterxml/jackson/databind/cfg/ContextAttributes
2024-11-12 13:41:16,794 INFO  EvoClassLoader - Keeping class: com.fasterxml.jackson.databind.cfg.ContextAttributes
2024-11-12 13:41:16,794 INFO  EvoClassLoader - Seeing class for first time: com.fasterxml.jackson.databind.ObjectReader
2024-11-12 13:41:16,794 INFO  EvoClassLoader - Instrumenting class 'com.fasterxml.jackson.databind.ObjectReader'.
2024-11-12 13:41:16,795 INFO  MethodCallReplacementClassAdapter - Adding mock interface to class com/fasterxml/jackson/databind/ObjectReader
2024-11-12 13:41:16,797 INFO  CreateClassResetClassAdapter - Creating brand-new static initializer in class com/fasterxml/jackson/databind/ObjectReader
2024-11-12 13:41:16,797 INFO  EvoClassLoader - Keeping class: com.fasterxml.jackson.databind.ObjectReader
2024-11-12 13:41:16,798 INFO  EvoClassLoader - Seeing class for first time: com.fasterxml.jackson.databind.InjectableValues
2024-11-12 13:41:16,798 INFO  EvoClassLoader - Instrumenting class 'com.fasterxml.jackson.databind.InjectableValues'.
2024-11-12 13:41:16,798 INFO  MethodCallReplacementClassAdapter - Adding mock interface to class com/fasterxml/jackson/databind/InjectableValues
2024-11-12 13:41:16,798 INFO  CreateClassResetClassAdapter - Creating brand-new static initializer in class com/fasterxml/jackson/databind/InjectableValues
2024-11-12 13:41:16,798 INFO  EvoClassLoader - Keeping class: com.fasterxml.jackson.databind.InjectableValues
2024-11-12 13:41:16,798 INFO  EvoClassLoader - Seeing class for first time: com.fasterxml.jackson.databind.DeserializationFeature
2024-11-12 13:41:16,798 INFO  EvoClassLoader - Instrumenting class 'com.fasterxml.jackson.databind.DeserializationFeature'.
2024-11-12 13:41:16,798 INFO  MethodCallReplacementClassAdapter - Adding mock interface to class com/fasterxml/jackson/databind/DeserializationFeature
2024-11-12 13:41:16,798 INFO  CreateClassResetClassAdapter - Found static initializer in class com/fasterxml/jackson/databind/DeserializationFeature
2024-11-12 13:41:16,798 INFO  EvoClassLoader - Seeing class for first time: com.fasterxml.jackson.databind.cfg.ConfigFeature
2024-11-12 13:41:16,798 INFO  EvoClassLoader - Instrumenting class 'com.fasterxml.jackson.databind.cfg.ConfigFeature'.
2024-11-12 13:41:16,798 INFO  EvoClassLoader - Keeping class: com.fasterxml.jackson.databind.cfg.ConfigFeature
2024-11-12 13:41:16,798 INFO  EvoClassLoader - Keeping class: com.fasterxml.jackson.databind.DeserializationFeature
2024-11-12 13:41:16,798 INFO  EvoClassLoader - Seeing class for first time: com.fasterxml.jackson.databind.node.JsonNodeFactory
2024-11-12 13:41:16,798 INFO  EvoClassLoader - Instrumenting class 'com.fasterxml.jackson.databind.node.JsonNodeFactory'.
2024-11-12 13:41:16,799 INFO  MethodCallReplacementClassAdapter - Adding mock interface to class com/fasterxml/jackson/databind/node/JsonNodeFactory
2024-11-12 13:41:16,802 INFO  CreateClassResetClassAdapter - Found static initializer in class com/fasterxml/jackson/databind/node/JsonNodeFactory
2024-11-12 13:41:16,802 INFO  EvoClassLoader - Seeing class for first time: com.fasterxml.jackson.databind.node.JsonNodeCreator
2024-11-12 13:41:16,802 INFO  EvoClassLoader - Instrumenting class 'com.fasterxml.jackson.databind.node.JsonNodeCreator'.
2024-11-12 13:41:16,802 INFO  EvoClassLoader - Keeping class: com.fasterxml.jackson.databind.node.JsonNodeCreator
2024-11-12 13:41:16,802 INFO  EvoClassLoader - Keeping class: com.fasterxml.jackson.databind.node.JsonNodeFactory
2024-11-12 13:41:16,802 INFO  EvoClassLoader - Seeing class for first time: com.fasterxml.jackson.databind.deser.DeserializationProblemHandler
2024-11-12 13:41:16,802 INFO  EvoClassLoader - Instrumenting class 'com.fasterxml.jackson.databind.deser.DeserializationProblemHandler'.
2024-11-12 13:41:16,803 INFO  MethodCallReplacementClassAdapter - Adding mock interface to class com/fasterxml/jackson/databind/deser/DeserializationProblemHandler
2024-11-12 13:41:16,803 INFO  CreateClassResetClassAdapter - Found static initializer in class com/fasterxml/jackson/databind/deser/DeserializationProblemHandler
2024-11-12 13:41:16,803 INFO  EvoClassLoader - Keeping class: com.fasterxml.jackson.databind.deser.DeserializationProblemHandler
2024-11-12 13:41:16,803 INFO  EvoClassLoader - Seeing class for first time: com.fasterxml.jackson.core.JsonParser$Feature
2024-11-12 13:41:16,803 INFO  EvoClassLoader - Instrumenting class 'com.fasterxml.jackson.core.JsonParser$Feature'.
2024-11-12 13:41:16,804 INFO  MethodCallReplacementClassAdapter - Adding mock interface to class com/fasterxml/jackson/core/JsonParser$Feature
2024-11-12 13:41:16,804 INFO  CreateClassResetClassAdapter - Found static initializer in class com/fasterxml/jackson/core/JsonParser$Feature
2024-11-12 13:41:16,804 INFO  EvoClassLoader - Keeping class: com.fasterxml.jackson.core.JsonParser$Feature
2024-11-12 13:41:16,804 INFO  EvoClassLoader - Seeing class for first time: com.fasterxml.jackson.databind.MapperFeature
2024-11-12 13:41:16,804 INFO  EvoClassLoader - Instrumenting class 'com.fasterxml.jackson.databind.MapperFeature'.
2024-11-12 13:41:16,805 INFO  MethodCallReplacementClassAdapter - Adding mock interface to class com/fasterxml/jackson/databind/MapperFeature
2024-11-12 13:41:16,805 INFO  CreateClassResetClassAdapter - Found static initializer in class com/fasterxml/jackson/databind/MapperFeature
2024-11-12 13:41:16,805 INFO  EvoClassLoader - Keeping class: com.fasterxml.jackson.databind.MapperFeature
2024-11-12 13:41:16,805 INFO  EvoClassLoader - Seeing class for first time: com.fasterxml.jackson.databind.SerializationFeature
2024-11-12 13:41:16,805 INFO  EvoClassLoader - Instrumenting class 'com.fasterxml.jackson.databind.SerializationFeature'.
2024-11-12 13:41:16,805 INFO  MethodCallReplacementClassAdapter - Adding mock interface to class com/fasterxml/jackson/databind/SerializationFeature
2024-11-12 13:41:16,806 INFO  CreateClassResetClassAdapter - Found static initializer in class com/fasterxml/jackson/databind/SerializationFeature
2024-11-12 13:41:16,806 INFO  EvoClassLoader - Keeping class: com.fasterxml.jackson.databind.SerializationFeature
2024-11-12 13:41:16,806 INFO  EvoClassLoader - Seeing class for first time: com.fasterxml.jackson.databind.ser.FilterProvider
2024-11-12 13:41:16,806 INFO  EvoClassLoader - Instrumenting class 'com.fasterxml.jackson.databind.ser.FilterProvider'.
2024-11-12 13:41:16,806 INFO  MethodCallReplacementClassAdapter - Adding mock interface to class com/fasterxml/jackson/databind/ser/FilterProvider
2024-11-12 13:41:16,806 INFO  CreateClassResetClassAdapter - Creating brand-new static initializer in class com/fasterxml/jackson/databind/ser/FilterProvider
2024-11-12 13:41:16,806 INFO  EvoClassLoader - Keeping class: com.fasterxml.jackson.databind.ser.FilterProvider
2024-11-12 13:41:16,806 INFO  EvoClassLoader - Seeing class for first time: com.fasterxml.jackson.databind.ObjectWriter
2024-11-12 13:41:16,806 INFO  EvoClassLoader - Instrumenting class 'com.fasterxml.jackson.databind.ObjectWriter'.
2024-11-12 13:41:16,806 INFO  MethodCallReplacementClassAdapter - Adding mock interface to class com/fasterxml/jackson/databind/ObjectWriter
2024-11-12 13:41:16,807 INFO  CreateClassResetClassAdapter - Found static initializer in class com/fasterxml/jackson/databind/ObjectWriter
2024-11-12 13:41:16,808 INFO  EvoClassLoader - Keeping class: com.fasterxml.jackson.databind.ObjectWriter
2024-11-12 13:41:16,808 INFO  EvoClassLoader - Seeing class for first time: com.fasterxml.jackson.core.JsonFactory$Feature
2024-11-12 13:41:16,808 INFO  EvoClassLoader - Instrumenting class 'com.fasterxml.jackson.core.JsonFactory$Feature'.
2024-11-12 13:41:16,808 INFO  MethodCallReplacementClassAdapter - Adding mock interface to class com/fasterxml/jackson/core/JsonFactory$Feature
2024-11-12 13:41:16,808 INFO  CreateClassResetClassAdapter - Found static initializer in class com/fasterxml/jackson/core/JsonFactory$Feature
2024-11-12 13:41:16,808 INFO  EvoClassLoader - Keeping class: com.fasterxml.jackson.core.JsonFactory$Feature
2024-11-12 13:41:16,808 INFO  EvoClassLoader - Seeing class for first time: com.fasterxml.jackson.core.StreamReadFeature
2024-11-12 13:41:16,808 INFO  EvoClassLoader - Instrumenting class 'com.fasterxml.jackson.core.StreamReadFeature'.
2024-11-12 13:41:16,808 INFO  MethodCallReplacementClassAdapter - Adding mock interface to class com/fasterxml/jackson/core/StreamReadFeature
2024-11-12 13:41:16,808 INFO  CreateClassResetClassAdapter - Found static initializer in class com/fasterxml/jackson/core/StreamReadFeature
2024-11-12 13:41:16,808 INFO  EvoClassLoader - Keeping class: com.fasterxml.jackson.core.StreamReadFeature
2024-11-12 13:41:16,808 INFO  EvoClassLoader - Seeing class for first time: com.fasterxml.jackson.core.JsonEncoding
2024-11-12 13:41:16,808 INFO  EvoClassLoader - Instrumenting class 'com.fasterxml.jackson.core.JsonEncoding'.
2024-11-12 13:41:16,808 INFO  MethodCallReplacementClassAdapter - Adding mock interface to class com/fasterxml/jackson/core/JsonEncoding
2024-11-12 13:41:16,808 INFO  CreateClassResetClassAdapter - Found static initializer in class com/fasterxml/jackson/core/JsonEncoding
2024-11-12 13:41:16,809 INFO  EvoClassLoader - Keeping class: com.fasterxml.jackson.core.JsonEncoding
2024-11-12 13:41:16,809 INFO  EvoClassLoader - Seeing class for first time: com.fasterxml.jackson.core.JsonParseException
2024-11-12 13:41:16,809 INFO  EvoClassLoader - Instrumenting class 'com.fasterxml.jackson.core.JsonParseException'.
2024-11-12 13:41:16,809 INFO  MethodCallReplacementClassAdapter - Adding mock interface to class com/fasterxml/jackson/core/JsonParseException
2024-11-12 13:41:16,809 INFO  CreateClassResetClassAdapter - Creating brand-new static initializer in class com/fasterxml/jackson/core/JsonParseException
2024-11-12 13:41:16,809 INFO  EvoClassLoader - Seeing class for first time: com.fasterxml.jackson.core.exc.StreamReadException
2024-11-12 13:41:16,809 INFO  EvoClassLoader - Instrumenting class 'com.fasterxml.jackson.core.exc.StreamReadException'.
2024-11-12 13:41:16,809 INFO  MethodCallReplacementClassAdapter - Adding mock interface to class com/fasterxml/jackson/core/exc/StreamReadException
2024-11-12 13:41:16,809 INFO  CreateClassResetClassAdapter - Creating brand-new static initializer in class com/fasterxml/jackson/core/exc/StreamReadException
2024-11-12 13:41:16,809 INFO  EvoClassLoader - Defined package (3): package com.fasterxml.jackson.core.exc, -396410231
2024-11-12 13:41:16,809 INFO  EvoClassLoader - Keeping class: com.fasterxml.jackson.core.exc.StreamReadException
2024-11-12 13:41:16,809 INFO  EvoClassLoader - Keeping class: com.fasterxml.jackson.core.JsonParseException
2024-11-12 13:41:16,810 INFO  EvoClassLoader - Seeing class for first time: com.fasterxml.jackson.databind.MappingIterator
2024-11-12 13:41:16,810 INFO  EvoClassLoader - Instrumenting class 'com.fasterxml.jackson.databind.MappingIterator'.
2024-11-12 13:41:16,810 INFO  MethodCallReplacementClassAdapter - Adding mock interface to class com/fasterxml/jackson/databind/MappingIterator
2024-11-12 13:41:16,810 INFO  CreateClassResetClassAdapter - Found static initializer in class com/fasterxml/jackson/databind/MappingIterator
2024-11-12 13:41:16,810 INFO  EvoClassLoader - Keeping class: com.fasterxml.jackson.databind.MappingIterator
2024-11-12 13:41:16,810 INFO  EvoClassLoader - Seeing class for first time: com.fasterxml.jackson.databind.node.ObjectNode
2024-11-12 13:41:16,810 INFO  EvoClassLoader - Instrumenting class 'com.fasterxml.jackson.databind.node.ObjectNode'.
2024-11-12 13:41:16,811 INFO  MethodCallReplacementClassAdapter - Adding mock interface to class com/fasterxml/jackson/databind/node/ObjectNode
2024-11-12 13:41:16,814 INFO  CreateClassResetClassAdapter - Creating brand-new static initializer in class com/fasterxml/jackson/databind/node/ObjectNode
2024-11-12 13:41:16,815 INFO  EvoClassLoader - Seeing class for first time: com.fasterxml.jackson.databind.node.ContainerNode
2024-11-12 13:41:16,815 INFO  EvoClassLoader - Instrumenting class 'com.fasterxml.jackson.databind.node.ContainerNode'.
2024-11-12 13:41:16,815 INFO  MethodCallReplacementClassAdapter - Adding mock interface to class com/fasterxml/jackson/databind/node/ContainerNode
2024-11-12 13:41:16,815 INFO  CreateClassResetClassAdapter - Creating brand-new static initializer in class com/fasterxml/jackson/databind/node/ContainerNode
2024-11-12 13:41:16,815 INFO  EvoClassLoader - Keeping class: com.fasterxml.jackson.databind.node.ContainerNode
2024-11-12 13:41:16,815 INFO  EvoClassLoader - Keeping class: com.fasterxml.jackson.databind.node.ObjectNode
2024-11-12 13:41:16,815 INFO  EvoClassLoader - Seeing class for first time: com.fasterxml.jackson.databind.node.ArrayNode
2024-11-12 13:41:16,815 INFO  EvoClassLoader - Instrumenting class 'com.fasterxml.jackson.databind.node.ArrayNode'.
2024-11-12 13:41:16,816 INFO  MethodCallReplacementClassAdapter - Adding mock interface to class com/fasterxml/jackson/databind/node/ArrayNode
2024-11-12 13:41:16,816 INFO  CreateClassResetClassAdapter - Creating brand-new static initializer in class com/fasterxml/jackson/databind/node/ArrayNode
2024-11-12 13:41:16,817 INFO  EvoClassLoader - Keeping class: com.fasterxml.jackson.databind.node.ArrayNode
2024-11-12 13:41:16,817 INFO  EvoClassLoader - Seeing class for first time: com.fasterxml.jackson.databind.SerializationConfig
2024-11-12 13:41:16,817 INFO  EvoClassLoader - Instrumenting class 'com.fasterxml.jackson.databind.SerializationConfig'.
2024-11-12 13:41:16,817 INFO  MethodCallReplacementClassAdapter - Adding mock interface to class com/fasterxml/jackson/databind/SerializationConfig
2024-11-12 13:41:16,817 INFO  CreateClassResetClassAdapter - Found static initializer in class com/fasterxml/jackson/databind/SerializationConfig
2024-11-12 13:41:16,818 INFO  EvoClassLoader - Seeing class for first time: com.fasterxml.jackson.databind.cfg.MapperConfigBase
2024-11-12 13:41:16,818 INFO  EvoClassLoader - Instrumenting class 'com.fasterxml.jackson.databind.cfg.MapperConfigBase'.
2024-11-12 13:41:16,818 INFO  MethodCallReplacementClassAdapter - Adding mock interface to class com/fasterxml/jackson/databind/cfg/MapperConfigBase
2024-11-12 13:41:16,818 INFO  CreateClassResetClassAdapter - Found static initializer in class com/fasterxml/jackson/databind/cfg/MapperConfigBase
2024-11-12 13:41:16,819 INFO  EvoClassLoader - Keeping class: com.fasterxml.jackson.databind.cfg.MapperConfigBase
2024-11-12 13:41:16,819 INFO  EvoClassLoader - Keeping class: com.fasterxml.jackson.databind.SerializationConfig
2024-11-12 13:41:16,819 INFO  EvoClassLoader - Seeing class for first time: com.fasterxml.jackson.databind.DeserializationConfig
2024-11-12 13:41:16,819 INFO  EvoClassLoader - Instrumenting class 'com.fasterxml.jackson.databind.DeserializationConfig'.
2024-11-12 13:41:16,819 INFO  MethodCallReplacementClassAdapter - Adding mock interface to class com/fasterxml/jackson/databind/DeserializationConfig
2024-11-12 13:41:16,820 INFO  CreateClassResetClassAdapter - Found static initializer in class com/fasterxml/jackson/databind/DeserializationConfig
2024-11-12 13:41:16,820 INFO  EvoClassLoader - Keeping class: com.fasterxml.jackson.databind.DeserializationConfig
2024-11-12 13:41:16,820 INFO  EvoClassLoader - Seeing class for first time: com.fasterxml.jackson.databind.Module
2024-11-12 13:41:16,820 INFO  EvoClassLoader - Instrumenting class 'com.fasterxml.jackson.databind.Module'.
2024-11-12 13:41:16,820 INFO  MethodCallReplacementClassAdapter - Adding mock interface to class com/fasterxml/jackson/databind/Module
2024-11-12 13:41:16,820 INFO  CreateClassResetClassAdapter - Creating brand-new static initializer in class com/fasterxml/jackson/databind/Module
2024-11-12 13:41:16,820 INFO  EvoClassLoader - Keeping class: com.fasterxml.jackson.databind.Module
2024-11-12 13:41:16,820 INFO  EvoClassLoader - Seeing class for first time: com.fasterxml.jackson.annotation.PropertyAccessor
2024-11-12 13:41:16,820 INFO  EvoClassLoader - Instrumenting class 'com.fasterxml.jackson.annotation.PropertyAccessor'.
2024-11-12 13:41:16,820 INFO  MethodCallReplacementClassAdapter - Adding mock interface to class com/fasterxml/jackson/annotation/PropertyAccessor
2024-11-12 13:41:16,820 INFO  CreateClassResetClassAdapter - Found static initializer in class com/fasterxml/jackson/annotation/PropertyAccessor
2024-11-12 13:41:16,820 INFO  EvoClassLoader - Keeping class: com.fasterxml.jackson.annotation.PropertyAccessor
2024-11-12 13:41:16,821 INFO  EvoClassLoader - Seeing class for first time: com.fasterxml.jackson.annotation.JsonAutoDetect$Visibility
2024-11-12 13:41:16,821 INFO  EvoClassLoader - Instrumenting class 'com.fasterxml.jackson.annotation.JsonAutoDetect$Visibility'.
2024-11-12 13:41:16,821 INFO  MethodCallReplacementClassAdapter - Adding mock interface to class com/fasterxml/jackson/annotation/JsonAutoDetect$Visibility
2024-11-12 13:41:16,821 INFO  CreateClassResetClassAdapter - Found static initializer in class com/fasterxml/jackson/annotation/JsonAutoDetect$Visibility
2024-11-12 13:41:16,821 INFO  EvoClassLoader - Keeping class: com.fasterxml.jackson.annotation.JsonAutoDetect$Visibility
2024-11-12 13:41:16,821 INFO  EvoClassLoader - Seeing class for first time: com.fasterxml.jackson.annotation.JsonAutoDetect$Value
2024-11-12 13:41:16,821 INFO  EvoClassLoader - Instrumenting class 'com.fasterxml.jackson.annotation.JsonAutoDetect$Value'.
2024-11-12 13:41:16,821 INFO  MethodCallReplacementClassAdapter - Adding mock interface to class com/fasterxml/jackson/annotation/JsonAutoDetect$Value
2024-11-12 13:41:16,821 INFO  CreateClassResetClassAdapter - Found static initializer in class com/fasterxml/jackson/annotation/JsonAutoDetect$Value
2024-11-12 13:41:16,821 INFO  EvoClassLoader - Keeping class: com.fasterxml.jackson.annotation.JsonAutoDetect$Value
2024-11-12 13:41:16,821 INFO  EvoClassLoader - Seeing class for first time: com.fasterxml.jackson.databind.jsontype.NamedType
2024-11-12 13:41:16,821 INFO  EvoClassLoader - Instrumenting class 'com.fasterxml.jackson.databind.jsontype.NamedType'.
2024-11-12 13:41:16,821 INFO  MethodCallReplacementClassAdapter - Adding mock interface to class com/fasterxml/jackson/databind/jsontype/NamedType
2024-11-12 13:41:16,821 INFO  CreateClassResetClassAdapter - Creating brand-new static initializer in class com/fasterxml/jackson/databind/jsontype/NamedType
2024-11-12 13:41:16,822 INFO  EvoClassLoader - Keeping class: com.fasterxml.jackson.databind.jsontype.NamedType
2024-11-12 13:41:16,822 INFO  EvoClassLoader - Seeing class for first time: com.fasterxml.jackson.databind.ObjectMapper$DefaultTyping
2024-11-12 13:41:16,822 INFO  EvoClassLoader - Instrumenting class 'com.fasterxml.jackson.databind.ObjectMapper$DefaultTyping'.
2024-11-12 13:41:16,822 INFO  MethodCallReplacementClassAdapter - Adding mock interface to class com/fasterxml/jackson/databind/ObjectMapper$DefaultTyping
2024-11-12 13:41:16,822 INFO  CreateClassResetClassAdapter - Found static initializer in class com/fasterxml/jackson/databind/ObjectMapper$DefaultTyping
2024-11-12 13:41:16,822 INFO  EvoClassLoader - Keeping class: com.fasterxml.jackson.databind.ObjectMapper$DefaultTyping
2024-11-12 13:41:16,822 INFO  EvoClassLoader - Seeing class for first time: com.fasterxml.jackson.annotation.JsonTypeInfo$As
2024-11-12 13:41:16,822 INFO  EvoClassLoader - Instrumenting class 'com.fasterxml.jackson.annotation.JsonTypeInfo$As'.
2024-11-12 13:41:16,822 INFO  MethodCallReplacementClassAdapter - Adding mock interface to class com/fasterxml/jackson/annotation/JsonTypeInfo$As
2024-11-12 13:41:16,822 INFO  CreateClassResetClassAdapter - Found static initializer in class com/fasterxml/jackson/annotation/JsonTypeInfo$As
2024-11-12 13:41:16,822 INFO  EvoClassLoader - Keeping class: com.fasterxml.jackson.annotation.JsonTypeInfo$As
2024-11-12 13:41:16,822 INFO  EvoClassLoader - Seeing class for first time: com.fasterxml.jackson.databind.cfg.MutableConfigOverride
2024-11-12 13:41:16,822 INFO  EvoClassLoader - Instrumenting class 'com.fasterxml.jackson.databind.cfg.MutableConfigOverride'.
2024-11-12 13:41:16,822 INFO  MethodCallReplacementClassAdapter - Adding mock interface to class com/fasterxml/jackson/databind/cfg/MutableConfigOverride
2024-11-12 13:41:16,822 INFO  CreateClassResetClassAdapter - Creating brand-new static initializer in class com/fasterxml/jackson/databind/cfg/MutableConfigOverride
2024-11-12 13:41:16,822 INFO  EvoClassLoader - Seeing class for first time: com.fasterxml.jackson.databind.cfg.ConfigOverride
2024-11-12 13:41:16,822 INFO  EvoClassLoader - Instrumenting class 'com.fasterxml.jackson.databind.cfg.ConfigOverride'.
2024-11-12 13:41:16,822 INFO  MethodCallReplacementClassAdapter - Adding mock interface to class com/fasterxml/jackson/databind/cfg/ConfigOverride
2024-11-12 13:41:16,822 INFO  CreateClassResetClassAdapter - Creating brand-new static initializer in class com/fasterxml/jackson/databind/cfg/ConfigOverride
2024-11-12 13:41:16,822 INFO  EvoClassLoader - Keeping class: com.fasterxml.jackson.databind.cfg.ConfigOverride
2024-11-12 13:41:16,823 INFO  EvoClassLoader - Keeping class: com.fasterxml.jackson.databind.cfg.MutableConfigOverride
2024-11-12 13:41:16,823 INFO  EvoClassLoader - Seeing class for first time: com.fasterxml.jackson.databind.cfg.MutableCoercionConfig
2024-11-12 13:41:16,823 INFO  EvoClassLoader - Instrumenting class 'com.fasterxml.jackson.databind.cfg.MutableCoercionConfig'.
2024-11-12 13:41:16,823 INFO  MethodCallReplacementClassAdapter - Adding mock interface to class com/fasterxml/jackson/databind/cfg/MutableCoercionConfig
2024-11-12 13:41:16,823 INFO  CreateClassResetClassAdapter - Creating brand-new static initializer in class com/fasterxml/jackson/databind/cfg/MutableCoercionConfig
2024-11-12 13:41:16,823 INFO  EvoClassLoader - Seeing class for first time: com.fasterxml.jackson.databind.cfg.CoercionConfig
2024-11-12 13:41:16,823 INFO  EvoClassLoader - Instrumenting class 'com.fasterxml.jackson.databind.cfg.CoercionConfig'.
2024-11-12 13:41:16,823 INFO  MethodCallReplacementClassAdapter - Adding mock interface to class com/fasterxml/jackson/databind/cfg/CoercionConfig
2024-11-12 13:41:16,823 INFO  CreateClassResetClassAdapter - Found static initializer in class com/fasterxml/jackson/databind/cfg/CoercionConfig
2024-11-12 13:41:16,823 INFO  EvoClassLoader - Keeping class: com.fasterxml.jackson.databind.cfg.CoercionConfig
2024-11-12 13:41:16,823 INFO  EvoClassLoader - Keeping class: com.fasterxml.jackson.databind.cfg.MutableCoercionConfig
2024-11-12 13:41:16,823 INFO  EvoClassLoader - Seeing class for first time: com.fasterxml.jackson.databind.type.LogicalType
2024-11-12 13:41:16,823 INFO  EvoClassLoader - Instrumenting class 'com.fasterxml.jackson.databind.type.LogicalType'.
2024-11-12 13:41:16,823 INFO  MethodCallReplacementClassAdapter - Adding mock interface to class com/fasterxml/jackson/databind/type/LogicalType
2024-11-12 13:41:16,823 INFO  CreateClassResetClassAdapter - Found static initializer in class com/fasterxml/jackson/databind/type/LogicalType
2024-11-12 13:41:16,823 INFO  EvoClassLoader - Keeping class: com.fasterxml.jackson.databind.type.LogicalType
2024-11-12 13:41:16,823 INFO  EvoClassLoader - Seeing class for first time: com.fasterxml.jackson.databind.cfg.ConstructorDetector
2024-11-12 13:41:16,823 INFO  EvoClassLoader - Instrumenting class 'com.fasterxml.jackson.databind.cfg.ConstructorDetector'.
2024-11-12 13:41:16,824 INFO  MethodCallReplacementClassAdapter - Adding mock interface to class com/fasterxml/jackson/databind/cfg/ConstructorDetector
2024-11-12 13:41:16,824 INFO  CreateClassResetClassAdapter - Found static initializer in class com/fasterxml/jackson/databind/cfg/ConstructorDetector
2024-11-12 13:41:16,824 INFO  EvoClassLoader - Keeping class: com.fasterxml.jackson.databind.cfg.ConstructorDetector
2024-11-12 13:41:16,824 INFO  EvoClassLoader - Seeing class for first time: com.fasterxml.jackson.databind.JsonDeserializer
2024-11-12 13:41:16,824 INFO  EvoClassLoader - Instrumenting class 'com.fasterxml.jackson.databind.JsonDeserializer'.
2024-11-12 13:41:16,824 INFO  MethodCallReplacementClassAdapter - Adding mock interface to class com/fasterxml/jackson/databind/JsonDeserializer
2024-11-12 13:41:16,825 INFO  CreateClassResetClassAdapter - Creating brand-new static initializer in class com/fasterxml/jackson/databind/JsonDeserializer
2024-11-12 13:41:16,825 INFO  EvoClassLoader - Seeing class for first time: com.fasterxml.jackson.databind.deser.NullValueProvider
2024-11-12 13:41:16,825 INFO  EvoClassLoader - Instrumenting class 'com.fasterxml.jackson.databind.deser.NullValueProvider'.
2024-11-12 13:41:16,825 INFO  EvoClassLoader - Keeping class: com.fasterxml.jackson.databind.deser.NullValueProvider
2024-11-12 13:41:16,825 INFO  EvoClassLoader - Keeping class: com.fasterxml.jackson.databind.JsonDeserializer
2024-11-12 13:41:16,825 INFO  EvoClassLoader - Seeing class for first time: com.fasterxml.jackson.core.JsonToken
2024-11-12 13:41:16,825 INFO  EvoClassLoader - Instrumenting class 'com.fasterxml.jackson.core.JsonToken'.
2024-11-12 13:41:16,825 INFO  MethodCallReplacementClassAdapter - Adding mock interface to class com/fasterxml/jackson/core/JsonToken
2024-11-12 13:41:16,825 INFO  CreateClassResetClassAdapter - Found static initializer in class com/fasterxml/jackson/core/JsonToken
2024-11-12 13:41:16,826 INFO  EvoClassLoader - Keeping class: com.fasterxml.jackson.core.JsonToken
2024-11-12 13:41:16,826 INFO  EvoClassLoader - Seeing class for first time: com.fasterxml.jackson.databind.jsonschema.JsonSchema
2024-11-12 13:41:16,826 INFO  EvoClassLoader - Instrumenting class 'com.fasterxml.jackson.databind.jsonschema.JsonSchema'.
2024-11-12 13:41:16,826 INFO  MethodCallReplacementClassAdapter - Adding mock interface to class com/fasterxml/jackson/databind/jsonschema/JsonSchema
2024-11-12 13:41:16,826 INFO  CreateClassResetClassAdapter - Creating brand-new static initializer in class com/fasterxml/jackson/databind/jsonschema/JsonSchema
2024-11-12 13:41:16,826 INFO  EvoClassLoader - Defined package (3): package com.fasterxml.jackson.databind.jsonschema, 436033960
2024-11-12 13:41:16,826 INFO  EvoClassLoader - Keeping class: com.fasterxml.jackson.databind.jsonschema.JsonSchema
2024-11-12 13:41:16,826 INFO  EvoClassLoader - Seeing class for first time: com.fasterxml.jackson.databind.jsonFormatVisitors.JsonFormatVisitorWrapper
2024-11-12 13:41:16,826 INFO  EvoClassLoader - Instrumenting class 'com.fasterxml.jackson.databind.jsonFormatVisitors.JsonFormatVisitorWrapper'.
2024-11-12 13:41:16,826 INFO  EvoClassLoader - Defined package (3): package com.fasterxml.jackson.databind.jsonFormatVisitors, 1118619651
2024-11-12 13:41:16,826 INFO  EvoClassLoader - Seeing class for first time: com.fasterxml.jackson.databind.jsonFormatVisitors.JsonFormatVisitorWithSerializerProvider
2024-11-12 13:41:16,826 INFO  EvoClassLoader - Instrumenting class 'com.fasterxml.jackson.databind.jsonFormatVisitors.JsonFormatVisitorWithSerializerProvider'.
2024-11-12 13:41:16,826 INFO  EvoClassLoader - Keeping class: com.fasterxml.jackson.databind.jsonFormatVisitors.JsonFormatVisitorWithSerializerProvider
2024-11-12 13:41:16,826 INFO  EvoClassLoader - Keeping class: com.fasterxml.jackson.databind.jsonFormatVisitors.JsonFormatVisitorWrapper
2024-11-12 13:41:16,826 INFO  EvoClassLoader - Seeing class for first time: com.fasterxml.jackson.core.io.DataOutputAsStream
2024-11-12 13:41:16,826 INFO  EvoClassLoader - Instrumenting class 'com.fasterxml.jackson.core.io.DataOutputAsStream'.
2024-11-12 13:41:16,826 INFO  MethodCallReplacementClassAdapter - Adding mock interface to class com/fasterxml/jackson/core/io/DataOutputAsStream
2024-11-12 13:41:16,827 INFO  CreateClassResetClassAdapter - Creating brand-new static initializer in class com/fasterxml/jackson/core/io/DataOutputAsStream
2024-11-12 13:41:16,827 INFO  EvoClassLoader - Keeping class: com.fasterxml.jackson.core.io.DataOutputAsStream
2024-11-12 13:41:16,827 INFO  EvoClassLoader - Seeing class for first time: com.fasterxml.jackson.core.io.CharTypes
2024-11-12 13:41:16,827 INFO  EvoClassLoader - Instrumenting class 'com.fasterxml.jackson.core.io.CharTypes'.
2024-11-12 13:41:16,827 INFO  MethodCallReplacementClassAdapter - Adding mock interface to class com/fasterxml/jackson/core/io/CharTypes
2024-11-12 13:41:16,827 INFO  CreateClassResetClassAdapter - Found static initializer in class com/fasterxml/jackson/core/io/CharTypes
2024-11-12 13:41:16,828 INFO  EvoClassLoader - Keeping class: com.fasterxml.jackson.core.io.CharTypes
2024-11-12 13:41:16,828 INFO  EvoClassLoader - Seeing class for first time: com.fasterxml.jackson.core.io.JsonStringEncoder
2024-11-12 13:41:16,828 INFO  EvoClassLoader - Instrumenting class 'com.fasterxml.jackson.core.io.JsonStringEncoder'.
2024-11-12 13:41:16,828 INFO  MethodCallReplacementClassAdapter - Adding mock interface to class com/fasterxml/jackson/core/io/JsonStringEncoder
2024-11-12 13:41:16,829 INFO  CreateClassResetClassAdapter - Found static initializer in class com/fasterxml/jackson/core/io/JsonStringEncoder
2024-11-12 13:41:16,829 INFO  EvoClassLoader - Keeping class: com.fasterxml.jackson.core.io.JsonStringEncoder
2024-11-12 13:41:16,829 INFO  EvoClassLoader - Seeing class for first time: com.fasterxml.jackson.core.io.SerializedString
2024-11-12 13:41:16,829 INFO  EvoClassLoader - Instrumenting class 'com.fasterxml.jackson.core.io.SerializedString'.
2024-11-12 13:41:16,829 INFO  MethodCallReplacementClassAdapter - Adding mock interface to class com/fasterxml/jackson/core/io/SerializedString
2024-11-12 13:41:16,830 INFO  CreateClassResetClassAdapter - Found static initializer in class com/fasterxml/jackson/core/io/SerializedString
2024-11-12 13:41:16,830 INFO  EvoClassLoader - Keeping class: com.fasterxml.jackson.core.io.SerializedString
2024-11-12 13:41:16,830 INFO  EvoClassLoader - Seeing class for first time: com.fasterxml.jackson.core.util.DefaultPrettyPrinter
2024-11-12 13:41:16,830 INFO  EvoClassLoader - Instrumenting class 'com.fasterxml.jackson.core.util.DefaultPrettyPrinter'.
2024-11-12 13:41:16,830 INFO  MethodCallReplacementClassAdapter - Adding mock interface to class com/fasterxml/jackson/core/util/DefaultPrettyPrinter
2024-11-12 13:41:16,831 INFO  CreateClassResetClassAdapter - Found static initializer in class com/fasterxml/jackson/core/util/DefaultPrettyPrinter
2024-11-12 13:41:16,831 INFO  EvoClassLoader - Seeing class for first time: com.fasterxml.jackson.core.util.Instantiatable
2024-11-12 13:41:16,831 INFO  EvoClassLoader - Instrumenting class 'com.fasterxml.jackson.core.util.Instantiatable'.
2024-11-12 13:41:16,831 INFO  EvoClassLoader - Keeping class: com.fasterxml.jackson.core.util.Instantiatable
2024-11-12 13:41:16,831 INFO  EvoClassLoader - Keeping class: com.fasterxml.jackson.core.util.DefaultPrettyPrinter
2024-11-12 13:41:16,831 INFO  EvoClassLoader - Seeing class for first time: com.fasterxml.jackson.core.util.DefaultPrettyPrinter$Indenter
2024-11-12 13:41:16,831 INFO  EvoClassLoader - Instrumenting class 'com.fasterxml.jackson.core.util.DefaultPrettyPrinter$Indenter'.
2024-11-12 13:41:16,831 INFO  EvoClassLoader - Keeping class: com.fasterxml.jackson.core.util.DefaultPrettyPrinter$Indenter
2024-11-12 13:41:16,831 INFO  EvoClassLoader - Seeing class for first time: com.fasterxml.jackson.core.util.Separators
2024-11-12 13:41:16,831 INFO  EvoClassLoader - Instrumenting class 'com.fasterxml.jackson.core.util.Separators'.
2024-11-12 13:41:16,831 INFO  MethodCallReplacementClassAdapter - Adding mock interface to class com/fasterxml/jackson/core/util/Separators
2024-11-12 13:41:16,832 INFO  CreateClassResetClassAdapter - Creating brand-new static initializer in class com/fasterxml/jackson/core/util/Separators
2024-11-12 13:41:16,832 INFO  EvoClassLoader - Keeping class: com.fasterxml.jackson.core.util.Separators
2024-11-12 13:41:16,832 INFO  EvoClassLoader - Seeing class for first time: com.fasterxml.jackson.core.TSFBuilder
2024-11-12 13:41:16,832 INFO  EvoClassLoader - Instrumenting class 'com.fasterxml.jackson.core.TSFBuilder'.
2024-11-12 13:41:16,832 INFO  MethodCallReplacementClassAdapter - Adding mock interface to class com/fasterxml/jackson/core/TSFBuilder
2024-11-12 13:41:16,832 INFO  CreateClassResetClassAdapter - Found static initializer in class com/fasterxml/jackson/core/TSFBuilder
2024-11-12 13:41:16,833 INFO  EvoClassLoader - Keeping class: com.fasterxml.jackson.core.TSFBuilder
2024-11-12 13:41:16,833 INFO  EvoClassLoader - Seeing class for first time: com.fasterxml.jackson.core.JsonFactoryBuilder
2024-11-12 13:41:16,833 INFO  EvoClassLoader - Instrumenting class 'com.fasterxml.jackson.core.JsonFactoryBuilder'.
2024-11-12 13:41:16,833 INFO  MethodCallReplacementClassAdapter - Adding mock interface to class com/fasterxml/jackson/core/JsonFactoryBuilder
2024-11-12 13:41:16,833 INFO  CreateClassResetClassAdapter - Creating brand-new static initializer in class com/fasterxml/jackson/core/JsonFactoryBuilder
2024-11-12 13:41:16,834 INFO  EvoClassLoader - Keeping class: com.fasterxml.jackson.core.JsonFactoryBuilder
2024-11-12 13:41:16,834 INFO  EvoClassLoader - Seeing class for first time: com.fasterxml.jackson.core.json.ReaderBasedJsonParser
2024-11-12 13:41:16,834 INFO  EvoClassLoader - Instrumenting class 'com.fasterxml.jackson.core.json.ReaderBasedJsonParser'.
2024-11-12 13:41:16,834 INFO  MethodCallReplacementClassAdapter - Adding mock interface to class com/fasterxml/jackson/core/json/ReaderBasedJsonParser
2024-11-12 13:41:16,837 INFO  CreateClassResetClassAdapter - Found static initializer in class com/fasterxml/jackson/core/json/ReaderBasedJsonParser
2024-11-12 13:41:16,837 INFO  EvoClassLoader - Defined package (3): package com.fasterxml.jackson.core.json, 596329359
2024-11-12 13:41:16,838 INFO  EvoClassLoader - Seeing class for first time: com.fasterxml.jackson.core.base.ParserBase
2024-11-12 13:41:16,838 INFO  EvoClassLoader - Instrumenting class 'com.fasterxml.jackson.core.base.ParserBase'.
2024-11-12 13:41:16,839 INFO  MethodCallReplacementClassAdapter - Adding mock interface to class com/fasterxml/jackson/core/base/ParserBase
2024-11-12 13:41:16,841 INFO  CreateClassResetClassAdapter - Found static initializer in class com/fasterxml/jackson/core/base/ParserBase
2024-11-12 13:41:16,842 INFO  EvoClassLoader - Keeping class: com.fasterxml.jackson.core.base.ParserBase
2024-11-12 13:41:16,842 INFO  EvoClassLoader - Keeping class: com.fasterxml.jackson.core.json.ReaderBasedJsonParser
2024-11-12 13:41:16,842 INFO  EvoClassLoader - Seeing class for first time: com.fasterxml.jackson.core.json.UTF8DataInputJsonParser
2024-11-12 13:41:16,842 INFO  EvoClassLoader - Instrumenting class 'com.fasterxml.jackson.core.json.UTF8DataInputJsonParser'.
2024-11-12 13:41:16,843 INFO  MethodCallReplacementClassAdapter - Adding mock interface to class com/fasterxml/jackson/core/json/UTF8DataInputJsonParser
2024-11-12 13:41:16,845 INFO  CreateClassResetClassAdapter - Found static initializer in class com/fasterxml/jackson/core/json/UTF8DataInputJsonParser
2024-11-12 13:41:16,845 INFO  EvoClassLoader - Keeping class: com.fasterxml.jackson.core.json.UTF8DataInputJsonParser
2024-11-12 13:41:16,845 INFO  EvoClassLoader - Seeing class for first time: com.fasterxml.jackson.core.json.async.NonBlockingJsonParser
2024-11-12 13:41:16,845 INFO  EvoClassLoader - Instrumenting class 'com.fasterxml.jackson.core.json.async.NonBlockingJsonParser'.
2024-11-12 13:41:16,846 INFO  MethodCallReplacementClassAdapter - Adding mock interface to class com/fasterxml/jackson/core/json/async/NonBlockingJsonParser
2024-11-12 13:41:16,847 INFO  CreateClassResetClassAdapter - Found static initializer in class com/fasterxml/jackson/core/json/async/NonBlockingJsonParser
2024-11-12 13:41:16,847 INFO  EvoClassLoader - Defined package (3): package com.fasterxml.jackson.core.json.async, 829688669
2024-11-12 13:41:16,848 INFO  EvoClassLoader - Seeing class for first time: com.fasterxml.jackson.core.async.ByteArrayFeeder
2024-11-12 13:41:16,848 INFO  EvoClassLoader - Instrumenting class 'com.fasterxml.jackson.core.async.ByteArrayFeeder'.
2024-11-12 13:41:16,848 INFO  EvoClassLoader - Defined package (3): package com.fasterxml.jackson.core.async, 1298038965
2024-11-12 13:41:16,848 INFO  EvoClassLoader - Seeing class for first time: com.fasterxml.jackson.core.async.NonBlockingInputFeeder
2024-11-12 13:41:16,848 INFO  EvoClassLoader - Instrumenting class 'com.fasterxml.jackson.core.async.NonBlockingInputFeeder'.
2024-11-12 13:41:16,848 INFO  EvoClassLoader - Keeping class: com.fasterxml.jackson.core.async.NonBlockingInputFeeder
2024-11-12 13:41:16,848 INFO  EvoClassLoader - Keeping class: com.fasterxml.jackson.core.async.ByteArrayFeeder
2024-11-12 13:41:16,849 INFO  EvoClassLoader - Seeing class for first time: com.fasterxml.jackson.core.json.async.NonBlockingJsonParserBase
2024-11-12 13:41:16,849 INFO  EvoClassLoader - Instrumenting class 'com.fasterxml.jackson.core.json.async.NonBlockingJsonParserBase'.
2024-11-12 13:41:16,849 INFO  MethodCallReplacementClassAdapter - Adding mock interface to class com/fasterxml/jackson/core/json/async/NonBlockingJsonParserBase
2024-11-12 13:41:16,849 INFO  CreateClassResetClassAdapter - Found static initializer in class com/fasterxml/jackson/core/json/async/NonBlockingJsonParserBase
2024-11-12 13:41:16,850 INFO  EvoClassLoader - Keeping class: com.fasterxml.jackson.core.json.async.NonBlockingJsonParserBase
2024-11-12 13:41:16,850 INFO  EvoClassLoader - Keeping class: com.fasterxml.jackson.core.json.async.NonBlockingJsonParser
2024-11-12 13:41:16,850 INFO  EvoClassLoader - Seeing class for first time: com.fasterxml.jackson.core.json.UTF8JsonGenerator
2024-11-12 13:41:16,850 INFO  EvoClassLoader - Instrumenting class 'com.fasterxml.jackson.core.json.UTF8JsonGenerator'.
2024-11-12 13:41:16,850 INFO  MethodCallReplacementClassAdapter - Adding mock interface to class com/fasterxml/jackson/core/json/UTF8JsonGenerator
2024-11-12 13:41:16,851 INFO  CreateClassResetClassAdapter - Found static initializer in class com/fasterxml/jackson/core/json/UTF8JsonGenerator
2024-11-12 13:41:16,852 INFO  EvoClassLoader - Seeing class for first time: com.fasterxml.jackson.core.json.JsonGeneratorImpl
2024-11-12 13:41:16,852 INFO  EvoClassLoader - Instrumenting class 'com.fasterxml.jackson.core.json.JsonGeneratorImpl'.
2024-11-12 13:41:16,853 INFO  MethodCallReplacementClassAdapter - Adding mock interface to class com/fasterxml/jackson/core/json/JsonGeneratorImpl
2024-11-12 13:41:16,853 INFO  CreateClassResetClassAdapter - Found static initializer in class com/fasterxml/jackson/core/json/JsonGeneratorImpl
2024-11-12 13:41:16,853 INFO  EvoClassLoader - Seeing class for first time: com.fasterxml.jackson.core.base.GeneratorBase
2024-11-12 13:41:16,853 INFO  EvoClassLoader - Instrumenting class 'com.fasterxml.jackson.core.base.GeneratorBase'.
2024-11-12 13:41:16,853 INFO  MethodCallReplacementClassAdapter - Adding mock interface to class com/fasterxml/jackson/core/base/GeneratorBase
2024-11-12 13:41:16,854 INFO  CreateClassResetClassAdapter - Found static initializer in class com/fasterxml/jackson/core/base/GeneratorBase
2024-11-12 13:41:16,854 INFO  EvoClassLoader - Keeping class: com.fasterxml.jackson.core.base.GeneratorBase
2024-11-12 13:41:16,854 INFO  EvoClassLoader - Keeping class: com.fasterxml.jackson.core.json.JsonGeneratorImpl
2024-11-12 13:41:16,854 INFO  EvoClassLoader - Keeping class: com.fasterxml.jackson.core.json.UTF8JsonGenerator
2024-11-12 13:41:16,854 INFO  EvoClassLoader - Seeing class for first time: com.fasterxml.jackson.core.io.UTF8Writer
2024-11-12 13:41:16,854 INFO  EvoClassLoader - Instrumenting class 'com.fasterxml.jackson.core.io.UTF8Writer'.
2024-11-12 13:41:16,855 INFO  MethodCallReplacementClassAdapter - Adding mock interface to class com/fasterxml/jackson/core/io/UTF8Writer
2024-11-12 13:41:16,855 INFO  CreateClassResetClassAdapter - Creating brand-new static initializer in class com/fasterxml/jackson/core/io/UTF8Writer
2024-11-12 13:41:16,855 INFO  CreateClassResetClassAdapter - Adding bytecode for initializing field SURR1_FIRST
2024-11-12 13:41:16,855 INFO  CreateClassResetClassAdapter - Adding bytecode for initializing field SURR1_LAST
2024-11-12 13:41:16,855 INFO  CreateClassResetClassAdapter - Adding bytecode for initializing field SURR2_FIRST
2024-11-12 13:41:16,855 INFO  CreateClassResetClassAdapter - Adding bytecode for initializing field SURR2_LAST
2024-11-12 13:41:16,855 INFO  EvoClassLoader - Keeping class: com.fasterxml.jackson.core.io.UTF8Writer
2024-11-12 13:41:16,855 INFO  EvoClassLoader - Seeing class for first time: com.fasterxml.jackson.core.json.WriterBasedJsonGenerator
2024-11-12 13:41:16,855 INFO  EvoClassLoader - Instrumenting class 'com.fasterxml.jackson.core.json.WriterBasedJsonGenerator'.
2024-11-12 13:41:16,856 INFO  MethodCallReplacementClassAdapter - Adding mock interface to class com/fasterxml/jackson/core/json/WriterBasedJsonGenerator
2024-11-12 13:41:16,856 INFO  CreateClassResetClassAdapter - Found static initializer in class com/fasterxml/jackson/core/json/WriterBasedJsonGenerator
2024-11-12 13:41:16,857 INFO  EvoClassLoader - Keeping class: com.fasterxml.jackson.core.json.WriterBasedJsonGenerator
2024-11-12 13:41:16,857 INFO  EvoClassLoader - Seeing class for first time: com.fasterxml.jackson.core.format.InputAccessor
2024-11-12 13:41:16,857 INFO  EvoClassLoader - Instrumenting class 'com.fasterxml.jackson.core.format.InputAccessor'.
2024-11-12 13:41:16,857 INFO  EvoClassLoader - Defined package (3): package com.fasterxml.jackson.core.format, 1723744478
2024-11-12 13:41:16,857 INFO  EvoClassLoader - Keeping class: com.fasterxml.jackson.core.format.InputAccessor
2024-11-12 13:41:16,857 INFO  EvoClassLoader - Seeing class for first time: com.fasterxml.jackson.core.format.MatchStrength
2024-11-12 13:41:16,857 INFO  EvoClassLoader - Instrumenting class 'com.fasterxml.jackson.core.format.MatchStrength'.
2024-11-12 13:41:16,857 INFO  MethodCallReplacementClassAdapter - Adding mock interface to class com/fasterxml/jackson/core/format/MatchStrength
2024-11-12 13:41:16,857 INFO  CreateClassResetClassAdapter - Found static initializer in class com/fasterxml/jackson/core/format/MatchStrength
2024-11-12 13:41:16,858 INFO  EvoClassLoader - Keeping class: com.fasterxml.jackson.core.format.MatchStrength
2024-11-12 13:41:16,858 INFO  EvoClassLoader - Seeing class for first time: com.fasterxml.jackson.core.io.InputDecorator
2024-11-12 13:41:16,858 INFO  EvoClassLoader - Instrumenting class 'com.fasterxml.jackson.core.io.InputDecorator'.
2024-11-12 13:41:16,858 INFO  MethodCallReplacementClassAdapter - Adding mock interface to class com/fasterxml/jackson/core/io/InputDecorator
2024-11-12 13:41:16,858 INFO  CreateClassResetClassAdapter - Creating brand-new static initializer in class com/fasterxml/jackson/core/io/InputDecorator
2024-11-12 13:41:16,858 INFO  EvoClassLoader - Keeping class: com.fasterxml.jackson.core.io.InputDecorator
2024-11-12 13:41:16,858 INFO  EvoClassLoader - Seeing class for first time: com.fasterxml.jackson.core.io.OutputDecorator
2024-11-12 13:41:16,858 INFO  EvoClassLoader - Instrumenting class 'com.fasterxml.jackson.core.io.OutputDecorator'.
2024-11-12 13:41:16,858 INFO  MethodCallReplacementClassAdapter - Adding mock interface to class com/fasterxml/jackson/core/io/OutputDecorator
2024-11-12 13:41:16,858 INFO  CreateClassResetClassAdapter - Creating brand-new static initializer in class com/fasterxml/jackson/core/io/OutputDecorator
2024-11-12 13:41:16,858 INFO  EvoClassLoader - Keeping class: com.fasterxml.jackson.core.io.OutputDecorator
2024-11-12 13:41:16,858 INFO  EvoClassLoader - Seeing class for first time: com.fasterxml.jackson.core.io.IOContext
2024-11-12 13:41:16,858 INFO  EvoClassLoader - Instrumenting class 'com.fasterxml.jackson.core.io.IOContext'.
2024-11-12 13:41:16,859 INFO  MethodCallReplacementClassAdapter - Adding mock interface to class com/fasterxml/jackson/core/io/IOContext
2024-11-12 13:41:16,859 INFO  CreateClassResetClassAdapter - Creating brand-new static initializer in class com/fasterxml/jackson/core/io/IOContext
2024-11-12 13:41:16,860 INFO  EvoClassLoader - Keeping class: com.fasterxml.jackson.core.io.IOContext
2024-11-12 13:41:16,860 INFO  EvoClassLoader - Seeing class for first time: com.fasterxml.jackson.core.util.BufferRecycler
2024-11-12 13:41:16,860 INFO  EvoClassLoader - Instrumenting class 'com.fasterxml.jackson.core.util.BufferRecycler'.
2024-11-12 13:41:16,860 INFO  MethodCallReplacementClassAdapter - Adding mock interface to class com/fasterxml/jackson/core/util/BufferRecycler
2024-11-12 13:41:16,860 INFO  CreateClassResetClassAdapter - Found static initializer in class com/fasterxml/jackson/core/util/BufferRecycler
2024-11-12 13:41:16,860 INFO  EvoClassLoader - Keeping class: com.fasterxml.jackson.core.util.BufferRecycler
2024-11-12 13:41:16,860 INFO  EvoClassLoader - Seeing class for first time: com.fasterxml.jackson.core.sym.CharsToNameCanonicalizer
2024-11-12 13:41:16,860 INFO  EvoClassLoader - Instrumenting class 'com.fasterxml.jackson.core.sym.CharsToNameCanonicalizer'.
2024-11-12 13:41:16,861 INFO  MethodCallReplacementClassAdapter - Adding mock interface to class com/fasterxml/jackson/core/sym/CharsToNameCanonicalizer
2024-11-12 13:41:16,861 INFO  CreateClassResetClassAdapter - Creating brand-new static initializer in class com/fasterxml/jackson/core/sym/CharsToNameCanonicalizer
2024-11-12 13:41:16,861 INFO  CreateClassResetClassAdapter - Adding bytecode for initializing field HASH_MULT
2024-11-12 13:41:16,861 INFO  CreateClassResetClassAdapter - Adding bytecode for initializing field DEFAULT_T_SIZE
2024-11-12 13:41:16,861 INFO  CreateClassResetClassAdapter - Adding bytecode for initializing field MAX_T_SIZE
2024-11-12 13:41:16,861 INFO  CreateClassResetClassAdapter - Adding bytecode for initializing field MAX_ENTRIES_FOR_REUSE
2024-11-12 13:41:16,861 INFO  CreateClassResetClassAdapter - Adding bytecode for initializing field MAX_COLL_CHAIN_LENGTH
2024-11-12 13:41:16,861 INFO  EvoClassLoader - Defined package (3): package com.fasterxml.jackson.core.sym, -396396736
2024-11-12 13:41:16,861 INFO  EvoClassLoader - Keeping class: com.fasterxml.jackson.core.sym.CharsToNameCanonicalizer
2024-11-12 13:41:16,862 INFO  EvoClassLoader - Seeing class for first time: com.fasterxml.jackson.core.sym.CharsToNameCanonicalizer$TableInfo
2024-11-12 13:41:16,862 INFO  EvoClassLoader - Instrumenting class 'com.fasterxml.jackson.core.sym.CharsToNameCanonicalizer$TableInfo'.
2024-11-12 13:41:16,862 INFO  MethodCallReplacementClassAdapter - Adding mock interface to class com/fasterxml/jackson/core/sym/CharsToNameCanonicalizer$TableInfo
2024-11-12 13:41:16,862 INFO  CreateClassResetClassAdapter - Creating brand-new static initializer in class com/fasterxml/jackson/core/sym/CharsToNameCanonicalizer$TableInfo
2024-11-12 13:41:16,862 INFO  EvoClassLoader - Keeping class: com.fasterxml.jackson.core.sym.CharsToNameCanonicalizer$TableInfo
2024-11-12 13:41:16,862 INFO  EvoClassLoader - Seeing class for first time: com.fasterxml.jackson.core.sym.CharsToNameCanonicalizer$Bucket
2024-11-12 13:41:16,862 INFO  EvoClassLoader - Instrumenting class 'com.fasterxml.jackson.core.sym.CharsToNameCanonicalizer$Bucket'.
2024-11-12 13:41:16,862 INFO  MethodCallReplacementClassAdapter - Adding mock interface to class com/fasterxml/jackson/core/sym/CharsToNameCanonicalizer$Bucket
2024-11-12 13:41:16,862 INFO  CreateClassResetClassAdapter - Creating brand-new static initializer in class com/fasterxml/jackson/core/sym/CharsToNameCanonicalizer$Bucket
2024-11-12 13:41:16,862 INFO  EvoClassLoader - Keeping class: com.fasterxml.jackson.core.sym.CharsToNameCanonicalizer$Bucket
2024-11-12 13:41:16,862 INFO  EvoClassLoader - Seeing class for first time: com.fasterxml.jackson.core.sym.ByteQuadsCanonicalizer
2024-11-12 13:41:16,862 INFO  EvoClassLoader - Instrumenting class 'com.fasterxml.jackson.core.sym.ByteQuadsCanonicalizer'.
2024-11-12 13:41:16,863 INFO  MethodCallReplacementClassAdapter - Adding mock interface to class com/fasterxml/jackson/core/sym/ByteQuadsCanonicalizer
2024-11-12 13:41:16,863 INFO  CreateClassResetClassAdapter - Creating brand-new static initializer in class com/fasterxml/jackson/core/sym/ByteQuadsCanonicalizer
2024-11-12 13:41:16,864 INFO  CreateClassResetClassAdapter - Adding bytecode for initializing field DEFAULT_T_SIZE
2024-11-12 13:41:16,864 INFO  CreateClassResetClassAdapter - Adding bytecode for initializing field MAX_T_SIZE
2024-11-12 13:41:16,864 INFO  CreateClassResetClassAdapter - Adding bytecode for initializing field MIN_HASH_SIZE
2024-11-12 13:41:16,864 INFO  CreateClassResetClassAdapter - Adding bytecode for initializing field MAX_ENTRIES_FOR_REUSE
2024-11-12 13:41:16,864 INFO  CreateClassResetClassAdapter - Adding bytecode for initializing field MULT
2024-11-12 13:41:16,864 INFO  CreateClassResetClassAdapter - Adding bytecode for initializing field MULT2
2024-11-12 13:41:16,864 INFO  CreateClassResetClassAdapter - Adding bytecode for initializing field MULT3
2024-11-12 13:41:16,864 INFO  EvoClassLoader - Keeping class: com.fasterxml.jackson.core.sym.ByteQuadsCanonicalizer
2024-11-12 13:41:16,864 INFO  EvoClassLoader - Seeing class for first time: com.fasterxml.jackson.core.sym.ByteQuadsCanonicalizer$TableInfo
2024-11-12 13:41:16,864 INFO  EvoClassLoader - Instrumenting class 'com.fasterxml.jackson.core.sym.ByteQuadsCanonicalizer$TableInfo'.
2024-11-12 13:41:16,864 INFO  MethodCallReplacementClassAdapter - Adding mock interface to class com/fasterxml/jackson/core/sym/ByteQuadsCanonicalizer$TableInfo
2024-11-12 13:41:16,864 INFO  CreateClassResetClassAdapter - Creating brand-new static initializer in class com/fasterxml/jackson/core/sym/ByteQuadsCanonicalizer$TableInfo
2024-11-12 13:41:16,865 INFO  EvoClassLoader - Keeping class: com.fasterxml.jackson.core.sym.ByteQuadsCanonicalizer$TableInfo
2024-11-12 13:41:16,865 INFO  EvoClassLoader - Seeing class for first time: com.fasterxml.jackson.databind.util.RootNameLookup
2024-11-12 13:41:16,865 INFO  EvoClassLoader - Instrumenting class 'com.fasterxml.jackson.databind.util.RootNameLookup'.
2024-11-12 13:41:16,865 INFO  MethodCallReplacementClassAdapter - Adding mock interface to class com/fasterxml/jackson/databind/util/RootNameLookup
2024-11-12 13:41:16,866 INFO  CreateClassResetClassAdapter - Creating brand-new static initializer in class com/fasterxml/jackson/databind/util/RootNameLookup
2024-11-12 13:41:16,866 INFO  EvoClassLoader - Keeping class: com.fasterxml.jackson.databind.util.RootNameLookup
2024-11-12 13:41:16,866 INFO  EvoClassLoader - Seeing class for first time: com.fasterxml.jackson.databind.introspect.SimpleMixInResolver
2024-11-12 13:41:16,866 INFO  EvoClassLoader - Instrumenting class 'com.fasterxml.jackson.databind.introspect.SimpleMixInResolver'.
2024-11-12 13:41:16,866 INFO  MethodCallReplacementClassAdapter - Adding mock interface to class com/fasterxml/jackson/databind/introspect/SimpleMixInResolver
2024-11-12 13:41:16,866 INFO  CreateClassResetClassAdapter - Creating brand-new static initializer in class com/fasterxml/jackson/databind/introspect/SimpleMixInResolver
2024-11-12 13:41:16,867 INFO  EvoClassLoader - Keeping class: com.fasterxml.jackson.databind.introspect.SimpleMixInResolver
2024-11-12 13:41:16,867 INFO  EvoClassLoader - Seeing class for first time: com.fasterxml.jackson.databind.introspect.AnnotationCollector$NoAnnotations
2024-11-12 13:41:16,867 INFO  EvoClassLoader - Instrumenting class 'com.fasterxml.jackson.databind.introspect.AnnotationCollector$NoAnnotations'.
2024-11-12 13:41:16,867 INFO  MethodCallReplacementClassAdapter - Adding mock interface to class com/fasterxml/jackson/databind/introspect/AnnotationCollector$NoAnnotations
2024-11-12 13:41:16,867 INFO  CreateClassResetClassAdapter - Creating brand-new static initializer in class com/fasterxml/jackson/databind/introspect/AnnotationCollector$NoAnnotations
2024-11-12 13:41:16,867 INFO  EvoClassLoader - Seeing class for first time: com.fasterxml.jackson.databind.util.Annotations
2024-11-12 13:41:16,867 INFO  EvoClassLoader - Instrumenting class 'com.fasterxml.jackson.databind.util.Annotations'.
2024-11-12 13:41:16,867 INFO  EvoClassLoader - Keeping class: com.fasterxml.jackson.databind.util.Annotations
2024-11-12 13:41:16,867 INFO  EvoClassLoader - Keeping class: com.fasterxml.jackson.databind.introspect.AnnotationCollector$NoAnnotations
2024-11-12 13:41:16,867 INFO  EvoClassLoader - Seeing class for first time: com.fasterxml.jackson.databind.introspect.AnnotationCollector
2024-11-12 13:41:16,867 INFO  EvoClassLoader - Instrumenting class 'com.fasterxml.jackson.databind.introspect.AnnotationCollector'.
2024-11-12 13:41:16,868 INFO  MethodCallReplacementClassAdapter - Adding mock interface to class com/fasterxml/jackson/databind/introspect/AnnotationCollector
2024-11-12 13:41:16,868 INFO  CreateClassResetClassAdapter - Found static initializer in class com/fasterxml/jackson/databind/introspect/AnnotationCollector
2024-11-12 13:41:16,868 INFO  EvoClassLoader - Keeping class: com.fasterxml.jackson.databind.introspect.AnnotationCollector
2024-11-12 13:41:16,868 INFO  EvoClassLoader - Seeing class for first time: com.fasterxml.jackson.databind.introspect.AnnotationCollector$TwoAnnotations
2024-11-12 13:41:16,868 INFO  EvoClassLoader - Instrumenting class 'com.fasterxml.jackson.databind.introspect.AnnotationCollector$TwoAnnotations'.
2024-11-12 13:41:16,869 INFO  MethodCallReplacementClassAdapter - Adding mock interface to class com/fasterxml/jackson/databind/introspect/AnnotationCollector$TwoAnnotations
2024-11-12 13:41:16,869 INFO  CreateClassResetClassAdapter - Creating brand-new static initializer in class com/fasterxml/jackson/databind/introspect/AnnotationCollector$TwoAnnotations
2024-11-12 13:41:16,869 INFO  EvoClassLoader - Keeping class: com.fasterxml.jackson.databind.introspect.AnnotationCollector$TwoAnnotations
2024-11-12 13:41:16,869 INFO  EvoClassLoader - Seeing class for first time: com.fasterxml.jackson.databind.introspect.AnnotationCollector$OneAnnotation
2024-11-12 13:41:16,869 INFO  EvoClassLoader - Instrumenting class 'com.fasterxml.jackson.databind.introspect.AnnotationCollector$OneAnnotation'.
2024-11-12 13:41:16,869 INFO  MethodCallReplacementClassAdapter - Adding mock interface to class com/fasterxml/jackson/databind/introspect/AnnotationCollector$OneAnnotation
2024-11-12 13:41:16,869 INFO  CreateClassResetClassAdapter - Creating brand-new static initializer in class com/fasterxml/jackson/databind/introspect/AnnotationCollector$OneAnnotation
2024-11-12 13:41:16,869 INFO  EvoClassLoader - Keeping class: com.fasterxml.jackson.databind.introspect.AnnotationCollector$OneAnnotation
2024-11-12 13:41:16,869 INFO  EvoClassLoader - Seeing class for first time: com.fasterxml.jackson.databind.introspect.AnnotationCollector$EmptyCollector
2024-11-12 13:41:16,869 INFO  EvoClassLoader - Instrumenting class 'com.fasterxml.jackson.databind.introspect.AnnotationCollector$EmptyCollector'.
2024-11-12 13:41:16,870 INFO  MethodCallReplacementClassAdapter - Adding mock interface to class com/fasterxml/jackson/databind/introspect/AnnotationCollector$EmptyCollector
2024-11-12 13:41:16,870 INFO  CreateClassResetClassAdapter - Found static initializer in class com/fasterxml/jackson/databind/introspect/AnnotationCollector$EmptyCollector
2024-11-12 13:41:16,870 INFO  EvoClassLoader - Keeping class: com.fasterxml.jackson.databind.introspect.AnnotationCollector$EmptyCollector
2024-11-12 13:41:16,870 INFO  EvoClassLoader - Seeing class for first time: com.fasterxml.jackson.databind.introspect.AnnotationMap
2024-11-12 13:41:16,870 INFO  EvoClassLoader - Instrumenting class 'com.fasterxml.jackson.databind.introspect.AnnotationMap'.
2024-11-12 13:41:16,870 INFO  MethodCallReplacementClassAdapter - Adding mock interface to class com/fasterxml/jackson/databind/introspect/AnnotationMap
2024-11-12 13:41:16,870 INFO  CreateClassResetClassAdapter - Creating brand-new static initializer in class com/fasterxml/jackson/databind/introspect/AnnotationMap
2024-11-12 13:41:16,870 INFO  EvoClassLoader - Keeping class: com.fasterxml.jackson.databind.introspect.AnnotationMap
2024-11-12 13:41:16,870 INFO  EvoClassLoader - Seeing class for first time: com.fasterxml.jackson.databind.introspect.AnnotatedClassResolver
2024-11-12 13:41:16,870 INFO  EvoClassLoader - Instrumenting class 'com.fasterxml.jackson.databind.introspect.AnnotatedClassResolver'.
2024-11-12 13:41:16,871 INFO  MethodCallReplacementClassAdapter - Adding mock interface to class com/fasterxml/jackson/databind/introspect/AnnotatedClassResolver
2024-11-12 13:41:16,871 INFO  CreateClassResetClassAdapter - Found static initializer in class com/fasterxml/jackson/databind/introspect/AnnotatedClassResolver
2024-11-12 13:41:16,871 INFO  EvoClassLoader - Keeping class: com.fasterxml.jackson.databind.introspect.AnnotatedClassResolver
2024-11-12 13:41:16,872 INFO  EvoClassLoader - Seeing class for first time: com.fasterxml.jackson.databind.introspect.AnnotatedClass$Creators
2024-11-12 13:41:16,872 INFO  EvoClassLoader - Instrumenting class 'com.fasterxml.jackson.databind.introspect.AnnotatedClass$Creators'.
2024-11-12 13:41:16,872 INFO  MethodCallReplacementClassAdapter - Adding mock interface to class com/fasterxml/jackson/databind/introspect/AnnotatedClass$Creators
2024-11-12 13:41:16,872 INFO  CreateClassResetClassAdapter - Creating brand-new static initializer in class com/fasterxml/jackson/databind/introspect/AnnotatedClass$Creators
2024-11-12 13:41:16,872 INFO  EvoClassLoader - Keeping class: com.fasterxml.jackson.databind.introspect.AnnotatedClass$Creators
2024-11-12 13:41:16,873 INFO  EvoClassLoader - Seeing class for first time: com.fasterxml.jackson.databind.introspect.AnnotatedConstructor
2024-11-12 13:41:16,873 INFO  EvoClassLoader - Instrumenting class 'com.fasterxml.jackson.databind.introspect.AnnotatedConstructor'.
2024-11-12 13:41:16,873 INFO  MethodCallReplacementClassAdapter - Adding mock interface to class com/fasterxml/jackson/databind/introspect/AnnotatedConstructor
2024-11-12 13:41:16,873 INFO  CreateClassResetClassAdapter - Creating brand-new static initializer in class com/fasterxml/jackson/databind/introspect/AnnotatedConstructor
2024-11-12 13:41:16,874 INFO  EvoClassLoader - Keeping class: com.fasterxml.jackson.databind.introspect.AnnotatedConstructor
2024-11-12 13:41:16,874 INFO  EvoClassLoader - Seeing class for first time: com.fasterxml.jackson.databind.introspect.AnnotatedMethodMap
2024-11-12 13:41:16,874 INFO  EvoClassLoader - Instrumenting class 'com.fasterxml.jackson.databind.introspect.AnnotatedMethodMap'.
2024-11-12 13:41:16,874 INFO  MethodCallReplacementClassAdapter - Adding mock interface to class com/fasterxml/jackson/databind/introspect/AnnotatedMethodMap
2024-11-12 13:41:16,874 INFO  CreateClassResetClassAdapter - Creating brand-new static initializer in class com/fasterxml/jackson/databind/introspect/AnnotatedMethodMap
2024-11-12 13:41:16,874 INFO  EvoClassLoader - Keeping class: com.fasterxml.jackson.databind.introspect.AnnotatedMethodMap
2024-11-12 13:41:16,874 INFO  EvoClassLoader - Seeing class for first time: com.fasterxml.jackson.databind.util.Converter
2024-11-12 13:41:16,874 INFO  EvoClassLoader - Instrumenting class 'com.fasterxml.jackson.databind.util.Converter'.
2024-11-12 13:41:16,875 INFO  EvoClassLoader - Keeping class: com.fasterxml.jackson.databind.util.Converter
2024-11-12 13:41:16,875 INFO  EvoClassLoader - Seeing class for first time: com.fasterxml.jackson.databind.introspect.BasicBeanDescription
2024-11-12 13:41:16,875 INFO  EvoClassLoader - Instrumenting class 'com.fasterxml.jackson.databind.introspect.BasicBeanDescription'.
2024-11-12 13:41:16,875 INFO  MethodCallReplacementClassAdapter - Adding mock interface to class com/fasterxml/jackson/databind/introspect/BasicBeanDescription
2024-11-12 13:41:16,876 INFO  CreateClassResetClassAdapter - Found static initializer in class com/fasterxml/jackson/databind/introspect/BasicBeanDescription
2024-11-12 13:41:16,877 INFO  EvoClassLoader - Keeping class: com.fasterxml.jackson.databind.introspect.BasicBeanDescription
2024-11-12 13:41:16,877 INFO  EvoClassLoader - Seeing class for first time: com.fasterxml.jackson.databind.introspect.POJOPropertiesCollector
2024-11-12 13:41:16,877 INFO  EvoClassLoader - Instrumenting class 'com.fasterxml.jackson.databind.introspect.POJOPropertiesCollector'.
2024-11-12 13:41:16,877 INFO  MethodCallReplacementClassAdapter - Adding mock interface to class com/fasterxml/jackson/databind/introspect/POJOPropertiesCollector
2024-11-12 13:41:16,879 INFO  CreateClassResetClassAdapter - Creating brand-new static initializer in class com/fasterxml/jackson/databind/introspect/POJOPropertiesCollector
2024-11-12 13:41:16,880 INFO  EvoClassLoader - Keeping class: com.fasterxml.jackson.databind.introspect.POJOPropertiesCollector
2024-11-12 13:41:16,881 INFO  EvoClassLoader - Seeing class for first time: com.fasterxml.jackson.databind.cfg.ConfigOverrides
2024-11-12 13:41:16,881 INFO  EvoClassLoader - Instrumenting class 'com.fasterxml.jackson.databind.cfg.ConfigOverrides'.
2024-11-12 13:41:16,881 INFO  MethodCallReplacementClassAdapter - Adding mock interface to class com/fasterxml/jackson/databind/cfg/ConfigOverrides
2024-11-12 13:41:16,881 INFO  CreateClassResetClassAdapter - Creating brand-new static initializer in class com/fasterxml/jackson/databind/cfg/ConfigOverrides
2024-11-12 13:41:16,881 INFO  EvoClassLoader - Keeping class: com.fasterxml.jackson.databind.cfg.ConfigOverrides
2024-11-12 13:41:16,881 INFO  EvoClassLoader - Seeing class for first time: com.fasterxml.jackson.annotation.JsonInclude
2024-11-12 13:41:16,881 INFO  EvoClassLoader - Instrumenting class 'com.fasterxml.jackson.annotation.JsonInclude'.
2024-11-12 13:41:16,882 INFO  EvoClassLoader - Keeping class: com.fasterxml.jackson.annotation.JsonInclude
2024-11-12 13:41:16,882 INFO  EvoClassLoader - Seeing class for first time: com.fasterxml.jackson.annotation.Nulls
2024-11-12 13:41:16,882 INFO  EvoClassLoader - Instrumenting class 'com.fasterxml.jackson.annotation.Nulls'.
2024-11-12 13:41:16,883 INFO  MethodCallReplacementClassAdapter - Adding mock interface to class com/fasterxml/jackson/annotation/Nulls
2024-11-12 13:41:16,883 INFO  CreateClassResetClassAdapter - Found static initializer in class com/fasterxml/jackson/annotation/Nulls
2024-11-12 13:41:16,883 INFO  EvoClassLoader - Keeping class: com.fasterxml.jackson.annotation.Nulls
2024-11-12 13:41:16,883 INFO  EvoClassLoader - Seeing class for first time: com.fasterxml.jackson.annotation.JsonSetter
2024-11-12 13:41:16,883 INFO  EvoClassLoader - Instrumenting class 'com.fasterxml.jackson.annotation.JsonSetter'.
2024-11-12 13:41:16,884 INFO  EvoClassLoader - Keeping class: com.fasterxml.jackson.annotation.JsonSetter
2024-11-12 13:41:16,884 INFO  EvoClassLoader - Seeing class for first time: com.fasterxml.jackson.annotation.JsonAutoDetect
2024-11-12 13:41:16,884 INFO  EvoClassLoader - Instrumenting class 'com.fasterxml.jackson.annotation.JsonAutoDetect'.
2024-11-12 13:41:16,884 INFO  EvoClassLoader - Keeping class: com.fasterxml.jackson.annotation.JsonAutoDetect
2024-11-12 13:41:16,884 INFO  EvoClassLoader - Seeing class for first time: com.fasterxml.jackson.databind.introspect.VisibilityChecker$Std
2024-11-12 13:41:16,884 INFO  EvoClassLoader - Instrumenting class 'com.fasterxml.jackson.databind.introspect.VisibilityChecker$Std'.
2024-11-12 13:41:16,884 INFO  MethodCallReplacementClassAdapter - Adding mock interface to class com/fasterxml/jackson/databind/introspect/VisibilityChecker$Std
2024-11-12 13:41:16,885 INFO  CreateClassResetClassAdapter - Found static initializer in class com/fasterxml/jackson/databind/introspect/VisibilityChecker$Std
2024-11-12 13:41:16,885 INFO  EvoClassLoader - Keeping class: com.fasterxml.jackson.databind.introspect.VisibilityChecker$Std
2024-11-12 13:41:16,885 INFO  EvoClassLoader - Seeing class for first time: com.fasterxml.jackson.databind.cfg.CoercionConfigs
2024-11-12 13:41:16,885 INFO  EvoClassLoader - Instrumenting class 'com.fasterxml.jackson.databind.cfg.CoercionConfigs'.
2024-11-12 13:41:16,885 INFO  MethodCallReplacementClassAdapter - Adding mock interface to class com/fasterxml/jackson/databind/cfg/CoercionConfigs
2024-11-12 13:41:16,886 INFO  CreateClassResetClassAdapter - Found static initializer in class com/fasterxml/jackson/databind/cfg/CoercionConfigs
2024-11-12 13:41:16,886 INFO  EvoClassLoader - Keeping class: com.fasterxml.jackson.databind.cfg.CoercionConfigs
2024-11-12 13:41:16,886 INFO  EvoClassLoader - Seeing class for first time: com.fasterxml.jackson.databind.cfg.CoercionAction
2024-11-12 13:41:16,886 INFO  EvoClassLoader - Instrumenting class 'com.fasterxml.jackson.databind.cfg.CoercionAction'.
2024-11-12 13:41:16,886 INFO  MethodCallReplacementClassAdapter - Adding mock interface to class com/fasterxml/jackson/databind/cfg/CoercionAction
2024-11-12 13:41:16,886 INFO  CreateClassResetClassAdapter - Found static initializer in class com/fasterxml/jackson/databind/cfg/CoercionAction
2024-11-12 13:41:16,886 INFO  EvoClassLoader - Keeping class: com.fasterxml.jackson.databind.cfg.CoercionAction
2024-11-12 13:41:16,886 INFO  EvoClassLoader - Seeing class for first time: com.fasterxml.jackson.databind.cfg.CoercionInputShape
2024-11-12 13:41:16,886 INFO  EvoClassLoader - Instrumenting class 'com.fasterxml.jackson.databind.cfg.CoercionInputShape'.
2024-11-12 13:41:16,887 INFO  MethodCallReplacementClassAdapter - Adding mock interface to class com/fasterxml/jackson/databind/cfg/CoercionInputShape
2024-11-12 13:41:16,887 INFO  CreateClassResetClassAdapter - Found static initializer in class com/fasterxml/jackson/databind/cfg/CoercionInputShape
2024-11-12 13:41:16,887 INFO  EvoClassLoader - Keeping class: com.fasterxml.jackson.databind.cfg.CoercionInputShape
2024-11-12 13:41:16,887 INFO  EvoClassLoader - Seeing class for first time: com.fasterxml.jackson.annotation.JsonFormat$Shape
2024-11-12 13:41:16,887 INFO  EvoClassLoader - Instrumenting class 'com.fasterxml.jackson.annotation.JsonFormat$Shape'.
2024-11-12 13:41:16,887 INFO  MethodCallReplacementClassAdapter - Adding mock interface to class com/fasterxml/jackson/annotation/JsonFormat$Shape
2024-11-12 13:41:16,887 INFO  CreateClassResetClassAdapter - Found static initializer in class com/fasterxml/jackson/annotation/JsonFormat$Shape
2024-11-12 13:41:16,887 INFO  EvoClassLoader - Keeping class: com.fasterxml.jackson.annotation.JsonFormat$Shape
2024-11-12 13:41:16,887 INFO  EvoClassLoader - Seeing class for first time: com.fasterxml.jackson.annotation.JsonFormat$Features
2024-11-12 13:41:16,887 INFO  EvoClassLoader - Instrumenting class 'com.fasterxml.jackson.annotation.JsonFormat$Features'.
2024-11-12 13:41:16,888 INFO  MethodCallReplacementClassAdapter - Adding mock interface to class com/fasterxml/jackson/annotation/JsonFormat$Features
2024-11-12 13:41:16,888 INFO  CreateClassResetClassAdapter - Found static initializer in class com/fasterxml/jackson/annotation/JsonFormat$Features
2024-11-12 13:41:16,888 INFO  EvoClassLoader - Keeping class: com.fasterxml.jackson.annotation.JsonFormat$Features
2024-11-12 13:41:16,888 INFO  EvoClassLoader - Seeing class for first time: com.fasterxml.jackson.annotation.JsonFormat$Feature
2024-11-12 13:41:16,888 INFO  EvoClassLoader - Instrumenting class 'com.fasterxml.jackson.annotation.JsonFormat$Feature'.
2024-11-12 13:41:16,888 INFO  MethodCallReplacementClassAdapter - Adding mock interface to class com/fasterxml/jackson/annotation/JsonFormat$Feature
2024-11-12 13:41:16,888 INFO  CreateClassResetClassAdapter - Found static initializer in class com/fasterxml/jackson/annotation/JsonFormat$Feature
2024-11-12 13:41:16,888 INFO  EvoClassLoader - Keeping class: com.fasterxml.jackson.annotation.JsonFormat$Feature
2024-11-12 13:41:16,889 INFO  EvoClassLoader - Seeing class for first time: com.fasterxml.jackson.databind.jsontype.DefaultBaseTypeLimitingValidator
2024-11-12 13:41:16,889 INFO  EvoClassLoader - Instrumenting class 'com.fasterxml.jackson.databind.jsontype.DefaultBaseTypeLimitingValidator'.
2024-11-12 13:41:16,889 INFO  MethodCallReplacementClassAdapter - Adding mock interface to class com/fasterxml/jackson/databind/jsontype/DefaultBaseTypeLimitingValidator
2024-11-12 13:41:16,889 INFO  CreateClassResetClassAdapter - Creating brand-new static initializer in class com/fasterxml/jackson/databind/jsontype/DefaultBaseTypeLimitingValidator
2024-11-12 13:41:16,889 INFO  EvoClassLoader - Keeping class: com.fasterxml.jackson.databind.jsontype.DefaultBaseTypeLimitingValidator
2024-11-12 13:41:16,890 INFO  EvoClassLoader - Seeing class for first time: com.fasterxml.jackson.databind.jsontype.TypeIdResolver
2024-11-12 13:41:16,890 INFO  EvoClassLoader - Instrumenting class 'com.fasterxml.jackson.databind.jsontype.TypeIdResolver'.
2024-11-12 13:41:16,890 INFO  EvoClassLoader - Keeping class: com.fasterxml.jackson.databind.jsontype.TypeIdResolver
2024-11-12 13:41:16,890 INFO  EvoClassLoader - Seeing class for first time: com.fasterxml.jackson.databind.cfg.ConfigOverride$Empty
2024-11-12 13:41:16,890 INFO  EvoClassLoader - Instrumenting class 'com.fasterxml.jackson.databind.cfg.ConfigOverride$Empty'.
2024-11-12 13:41:16,890 INFO  MethodCallReplacementClassAdapter - Adding mock interface to class com/fasterxml/jackson/databind/cfg/ConfigOverride$Empty
2024-11-12 13:41:16,890 INFO  CreateClassResetClassAdapter - Found static initializer in class com/fasterxml/jackson/databind/cfg/ConfigOverride$Empty
2024-11-12 13:41:16,890 INFO  EvoClassLoader - Keeping class: com.fasterxml.jackson.databind.cfg.ConfigOverride$Empty
2024-11-12 13:41:16,891 INFO  EvoClassLoader - Seeing class for first time: com.fasterxml.jackson.core.util.DefaultPrettyPrinter$NopIndenter
2024-11-12 13:41:16,891 INFO  EvoClassLoader - Instrumenting class 'com.fasterxml.jackson.core.util.DefaultPrettyPrinter$NopIndenter'.
2024-11-12 13:41:16,891 INFO  MethodCallReplacementClassAdapter - Adding mock interface to class com/fasterxml/jackson/core/util/DefaultPrettyPrinter$NopIndenter
2024-11-12 13:41:16,891 INFO  CreateClassResetClassAdapter - Found static initializer in class com/fasterxml/jackson/core/util/DefaultPrettyPrinter$NopIndenter
2024-11-12 13:41:16,892 INFO  EvoClassLoader - Keeping class: com.fasterxml.jackson.core.util.DefaultPrettyPrinter$NopIndenter
2024-11-12 13:41:16,892 INFO  EvoClassLoader - Seeing class for first time: com.fasterxml.jackson.core.util.DefaultPrettyPrinter$FixedSpaceIndenter
2024-11-12 13:41:16,892 INFO  EvoClassLoader - Instrumenting class 'com.fasterxml.jackson.core.util.DefaultPrettyPrinter$FixedSpaceIndenter'.
2024-11-12 13:41:16,892 INFO  MethodCallReplacementClassAdapter - Adding mock interface to class com/fasterxml/jackson/core/util/DefaultPrettyPrinter$FixedSpaceIndenter
2024-11-12 13:41:16,892 INFO  CreateClassResetClassAdapter - Found static initializer in class com/fasterxml/jackson/core/util/DefaultPrettyPrinter$FixedSpaceIndenter
2024-11-12 13:41:16,892 INFO  EvoClassLoader - Keeping class: com.fasterxml.jackson.core.util.DefaultPrettyPrinter$FixedSpaceIndenter
2024-11-12 13:41:16,892 INFO  EvoClassLoader - Seeing class for first time: com.fasterxml.jackson.core.util.DefaultIndenter
2024-11-12 13:41:16,892 INFO  EvoClassLoader - Instrumenting class 'com.fasterxml.jackson.core.util.DefaultIndenter'.
2024-11-12 13:41:16,893 INFO  MethodCallReplacementClassAdapter - Adding mock interface to class com/fasterxml/jackson/core/util/DefaultIndenter
2024-11-12 13:41:16,893 INFO  CreateClassResetClassAdapter - Found static initializer in class com/fasterxml/jackson/core/util/DefaultIndenter
2024-11-12 13:41:16,893 INFO  EvoClassLoader - Keeping class: com.fasterxml.jackson.core.util.DefaultIndenter
2024-11-12 13:41:16,894 INFO  EvoClassLoader - Seeing class for first time: com.fasterxml.jackson.core.FormatFeature
2024-11-12 13:41:16,894 INFO  EvoClassLoader - Instrumenting class 'com.fasterxml.jackson.core.FormatFeature'.
2024-11-12 13:41:16,894 INFO  EvoClassLoader - Keeping class: com.fasterxml.jackson.core.FormatFeature
2024-11-12 13:41:16,904 INFO  EvoClassLoader - Seeing class for first time: com.fasterxml.jackson.databind.cfg.ContextAttributes$Impl
2024-11-12 13:41:16,904 INFO  EvoClassLoader - Instrumenting class 'com.fasterxml.jackson.databind.cfg.ContextAttributes$Impl'.
2024-11-12 13:41:16,904 INFO  MethodCallReplacementClassAdapter - Adding mock interface to class com/fasterxml/jackson/databind/cfg/ContextAttributes$Impl
2024-11-12 13:41:16,905 INFO  CreateClassResetClassAdapter - Found static initializer in class com/fasterxml/jackson/databind/cfg/ContextAttributes$Impl
2024-11-12 13:41:16,905 INFO  EvoClassLoader - Keeping class: com.fasterxml.jackson.databind.cfg.ContextAttributes$Impl
2024-11-12 13:41:16,906 INFO  EvoClassLoader - Seeing class for first time: com.fasterxml.jackson.databind.jsontype.TypeDeserializer
2024-11-12 13:41:16,906 INFO  EvoClassLoader - Instrumenting class 'com.fasterxml.jackson.databind.jsontype.TypeDeserializer'.
2024-11-12 13:41:16,906 INFO  MethodCallReplacementClassAdapter - Adding mock interface to class com/fasterxml/jackson/databind/jsontype/TypeDeserializer
2024-11-12 13:41:16,906 INFO  CreateClassResetClassAdapter - Creating brand-new static initializer in class com/fasterxml/jackson/databind/jsontype/TypeDeserializer
2024-11-12 13:41:16,906 INFO  EvoClassLoader - Keeping class: com.fasterxml.jackson.databind.jsontype.TypeDeserializer
2024-11-12 13:41:16,906 INFO  EvoClassLoader - Seeing class for first time: com.fasterxml.jackson.databind.util.LinkedNode
2024-11-12 13:41:16,906 INFO  EvoClassLoader - Instrumenting class 'com.fasterxml.jackson.databind.util.LinkedNode'.
2024-11-12 13:41:16,906 INFO  MethodCallReplacementClassAdapter - Adding mock interface to class com/fasterxml/jackson/databind/util/LinkedNode
2024-11-12 13:41:16,907 INFO  CreateClassResetClassAdapter - Creating brand-new static initializer in class com/fasterxml/jackson/databind/util/LinkedNode
2024-11-12 13:41:16,907 INFO  EvoClassLoader - Keeping class: com.fasterxml.jackson.databind.util.LinkedNode
2024-11-12 13:41:16,907 INFO  EvoClassLoader - Seeing class for first time: com.fasterxml.jackson.databind.node.MissingNode
2024-11-12 13:41:16,907 INFO  EvoClassLoader - Instrumenting class 'com.fasterxml.jackson.databind.node.MissingNode'.
2024-11-12 13:41:16,907 INFO  MethodCallReplacementClassAdapter - Adding mock interface to class com/fasterxml/jackson/databind/node/MissingNode
2024-11-12 13:41:16,907 INFO  CreateClassResetClassAdapter - Found static initializer in class com/fasterxml/jackson/databind/node/MissingNode
2024-11-12 13:41:16,907 INFO  EvoClassLoader - Keeping class: com.fasterxml.jackson.databind.node.MissingNode
2024-11-12 13:41:16,907 INFO  EvoClassLoader - Seeing class for first time: com.fasterxml.jackson.databind.node.POJONode
2024-11-12 13:41:16,907 INFO  EvoClassLoader - Instrumenting class 'com.fasterxml.jackson.databind.node.POJONode'.
2024-11-12 13:41:16,908 INFO  MethodCallReplacementClassAdapter - Adding mock interface to class com/fasterxml/jackson/databind/node/POJONode
2024-11-12 13:41:16,908 INFO  CreateClassResetClassAdapter - Creating brand-new static initializer in class com/fasterxml/jackson/databind/node/POJONode
2024-11-12 13:41:16,908 INFO  EvoClassLoader - Keeping class: com.fasterxml.jackson.databind.node.POJONode
2024-11-12 13:41:16,908 INFO  EvoClassLoader - Seeing class for first time: com.fasterxml.jackson.databind.node.IntNode
2024-11-12 13:41:16,908 INFO  EvoClassLoader - Instrumenting class 'com.fasterxml.jackson.databind.node.IntNode'.
2024-11-12 13:41:16,909 INFO  MethodCallReplacementClassAdapter - Adding mock interface to class com/fasterxml/jackson/databind/node/IntNode
2024-11-12 13:41:16,909 INFO  CreateClassResetClassAdapter - Found static initializer in class com/fasterxml/jackson/databind/node/IntNode
2024-11-12 13:41:16,909 INFO  EvoClassLoader - Seeing class for first time: com.fasterxml.jackson.databind.node.NumericNode
2024-11-12 13:41:16,909 INFO  EvoClassLoader - Instrumenting class 'com.fasterxml.jackson.databind.node.NumericNode'.
2024-11-12 13:41:16,909 INFO  MethodCallReplacementClassAdapter - Adding mock interface to class com/fasterxml/jackson/databind/node/NumericNode
2024-11-12 13:41:16,909 INFO  CreateClassResetClassAdapter - Creating brand-new static initializer in class com/fasterxml/jackson/databind/node/NumericNode
2024-11-12 13:41:16,910 INFO  EvoClassLoader - Keeping class: com.fasterxml.jackson.databind.node.NumericNode
2024-11-12 13:41:16,910 INFO  EvoClassLoader - Keeping class: com.fasterxml.jackson.databind.node.IntNode
2024-11-12 13:41:16,910 INFO  EvoClassLoader - Seeing class for first time: com.fasterxml.jackson.databind.node.ShortNode
2024-11-12 13:41:16,910 INFO  EvoClassLoader - Instrumenting class 'com.fasterxml.jackson.databind.node.ShortNode'.
2024-11-12 13:41:16,910 INFO  MethodCallReplacementClassAdapter - Adding mock interface to class com/fasterxml/jackson/databind/node/ShortNode
2024-11-12 13:41:16,910 INFO  CreateClassResetClassAdapter - Creating brand-new static initializer in class com/fasterxml/jackson/databind/node/ShortNode
2024-11-12 13:41:16,910 INFO  EvoClassLoader - Keeping class: com.fasterxml.jackson.databind.node.ShortNode
2024-11-12 13:41:16,910 INFO  EvoClassLoader - Seeing class for first time: com.fasterxml.jackson.databind.node.LongNode
2024-11-12 13:41:16,910 INFO  EvoClassLoader - Instrumenting class 'com.fasterxml.jackson.databind.node.LongNode'.
2024-11-12 13:41:16,910 INFO  MethodCallReplacementClassAdapter - Adding mock interface to class com/fasterxml/jackson/databind/node/LongNode
2024-11-12 13:41:16,911 INFO  CreateClassResetClassAdapter - Creating brand-new static initializer in class com/fasterxml/jackson/databind/node/LongNode
2024-11-12 13:41:16,911 INFO  EvoClassLoader - Keeping class: com.fasterxml.jackson.databind.node.LongNode
2024-11-12 13:41:16,911 INFO  EvoClassLoader - Seeing class for first time: com.fasterxml.jackson.databind.node.BigIntegerNode
2024-11-12 13:41:16,911 INFO  EvoClassLoader - Instrumenting class 'com.fasterxml.jackson.databind.node.BigIntegerNode'.
2024-11-12 13:41:16,911 INFO  MethodCallReplacementClassAdapter - Adding mock interface to class com/fasterxml/jackson/databind/node/BigIntegerNode
2024-11-12 13:41:16,911 INFO  CreateClassResetClassAdapter - Found static initializer in class com/fasterxml/jackson/databind/node/BigIntegerNode
2024-11-12 13:41:16,912 INFO  EvoClassLoader - Keeping class: com.fasterxml.jackson.databind.node.BigIntegerNode
2024-11-12 13:41:16,912 INFO  EvoClassLoader - Seeing class for first time: com.fasterxml.jackson.databind.node.DecimalNode
2024-11-12 13:41:16,912 INFO  EvoClassLoader - Instrumenting class 'com.fasterxml.jackson.databind.node.DecimalNode'.
2024-11-12 13:41:16,912 INFO  MethodCallReplacementClassAdapter - Adding mock interface to class com/fasterxml/jackson/databind/node/DecimalNode
2024-11-12 13:41:16,912 INFO  CreateClassResetClassAdapter - Found static initializer in class com/fasterxml/jackson/databind/node/DecimalNode
2024-11-12 13:41:16,912 INFO  EvoClassLoader - Keeping class: com.fasterxml.jackson.databind.node.DecimalNode
2024-11-12 13:41:16,912 INFO  EvoClassLoader - Seeing class for first time: com.fasterxml.jackson.databind.node.FloatNode
2024-11-12 13:41:16,912 INFO  EvoClassLoader - Instrumenting class 'com.fasterxml.jackson.databind.node.FloatNode'.
2024-11-12 13:41:16,912 INFO  MethodCallReplacementClassAdapter - Adding mock interface to class com/fasterxml/jackson/databind/node/FloatNode
2024-11-12 13:41:16,912 INFO  CreateClassResetClassAdapter - Creating brand-new static initializer in class com/fasterxml/jackson/databind/node/FloatNode
2024-11-12 13:41:16,912 INFO  EvoClassLoader - Keeping class: com.fasterxml.jackson.databind.node.FloatNode
2024-11-12 13:41:16,913 INFO  EvoClassLoader - Seeing class for first time: com.fasterxml.jackson.databind.node.DoubleNode
2024-11-12 13:41:16,913 INFO  EvoClassLoader - Instrumenting class 'com.fasterxml.jackson.databind.node.DoubleNode'.
2024-11-12 13:41:16,913 INFO  MethodCallReplacementClassAdapter - Adding mock interface to class com/fasterxml/jackson/databind/node/DoubleNode
2024-11-12 13:41:16,913 INFO  CreateClassResetClassAdapter - Creating brand-new static initializer in class com/fasterxml/jackson/databind/node/DoubleNode
2024-11-12 13:41:16,913 INFO  EvoClassLoader - Keeping class: com.fasterxml.jackson.databind.node.DoubleNode
2024-11-12 13:41:16,913 INFO  EvoClassLoader - Seeing class for first time: com.fasterxml.jackson.databind.node.BinaryNode
2024-11-12 13:41:16,913 INFO  EvoClassLoader - Instrumenting class 'com.fasterxml.jackson.databind.node.BinaryNode'.
2024-11-12 13:41:16,913 INFO  MethodCallReplacementClassAdapter - Adding mock interface to class com/fasterxml/jackson/databind/node/BinaryNode
2024-11-12 13:41:16,913 INFO  CreateClassResetClassAdapter - Found static initializer in class com/fasterxml/jackson/databind/node/BinaryNode
2024-11-12 13:41:16,914 INFO  EvoClassLoader - Keeping class: com.fasterxml.jackson.databind.node.BinaryNode
2024-11-12 13:41:16,914 INFO  EvoClassLoader - Seeing class for first time: com.fasterxml.jackson.databind.node.TextNode
2024-11-12 13:41:16,914 INFO  EvoClassLoader - Instrumenting class 'com.fasterxml.jackson.databind.node.TextNode'.
2024-11-12 13:41:16,914 INFO  MethodCallReplacementClassAdapter - Adding mock interface to class com/fasterxml/jackson/databind/node/TextNode
2024-11-12 13:41:16,914 INFO  CreateClassResetClassAdapter - Found static initializer in class com/fasterxml/jackson/databind/node/TextNode
2024-11-12 13:41:16,915 INFO  EvoClassLoader - Keeping class: com.fasterxml.jackson.databind.node.TextNode
2024-11-12 13:41:16,915 INFO  EvoClassLoader - Seeing class for first time: com.fasterxml.jackson.databind.node.BooleanNode
2024-11-12 13:41:16,915 INFO  EvoClassLoader - Instrumenting class 'com.fasterxml.jackson.databind.node.BooleanNode'.
2024-11-12 13:41:16,915 INFO  MethodCallReplacementClassAdapter - Adding mock interface to class com/fasterxml/jackson/databind/node/BooleanNode
2024-11-12 13:41:16,915 INFO  CreateClassResetClassAdapter - Found static initializer in class com/fasterxml/jackson/databind/node/BooleanNode
2024-11-12 13:41:16,915 INFO  EvoClassLoader - Keeping class: com.fasterxml.jackson.databind.node.BooleanNode
2024-11-12 13:41:16,915 INFO  EvoClassLoader - Seeing class for first time: com.fasterxml.jackson.databind.util.RawValue
2024-11-12 13:41:16,915 INFO  EvoClassLoader - Instrumenting class 'com.fasterxml.jackson.databind.util.RawValue'.
2024-11-12 13:41:16,916 INFO  MethodCallReplacementClassAdapter - Adding mock interface to class com/fasterxml/jackson/databind/util/RawValue
2024-11-12 13:41:16,916 INFO  CreateClassResetClassAdapter - Creating brand-new static initializer in class com/fasterxml/jackson/databind/util/RawValue
2024-11-12 13:41:16,916 INFO  EvoClassLoader - Keeping class: com.fasterxml.jackson.databind.util.RawValue
2024-11-12 13:41:16,916 INFO  EvoClassLoader - Seeing class for first time: com.fasterxml.jackson.annotation.ObjectIdGenerator
2024-11-12 13:41:16,916 INFO  EvoClassLoader - Instrumenting class 'com.fasterxml.jackson.annotation.ObjectIdGenerator'.
2024-11-12 13:41:16,917 INFO  MethodCallReplacementClassAdapter - Adding mock interface to class com/fasterxml/jackson/annotation/ObjectIdGenerator
2024-11-12 13:41:16,917 INFO  CreateClassResetClassAdapter - Creating brand-new static initializer in class com/fasterxml/jackson/annotation/ObjectIdGenerator
2024-11-12 13:41:16,917 INFO  EvoClassLoader - Keeping class: com.fasterxml.jackson.annotation.ObjectIdGenerator
2024-11-12 13:41:16,917 INFO  EvoClassLoader - Seeing class for first time: com.fasterxml.jackson.annotation.ObjectIdResolver
2024-11-12 13:41:16,917 INFO  EvoClassLoader - Instrumenting class 'com.fasterxml.jackson.annotation.ObjectIdResolver'.
2024-11-12 13:41:16,917 INFO  EvoClassLoader - Keeping class: com.fasterxml.jackson.annotation.ObjectIdResolver
2024-11-12 13:41:16,917 INFO  EvoClassLoader - Seeing class for first time: com.fasterxml.jackson.databind.JsonSerializer
2024-11-12 13:41:16,917 INFO  EvoClassLoader - Instrumenting class 'com.fasterxml.jackson.databind.JsonSerializer'.
2024-11-12 13:41:16,917 INFO  MethodCallReplacementClassAdapter - Adding mock interface to class com/fasterxml/jackson/databind/JsonSerializer
2024-11-12 13:41:16,917 INFO  CreateClassResetClassAdapter - Creating brand-new static initializer in class com/fasterxml/jackson/databind/JsonSerializer
2024-11-12 13:41:16,917 INFO  EvoClassLoader - Seeing class for first time: com.fasterxml.jackson.databind.jsonFormatVisitors.JsonFormatVisitable
2024-11-12 13:41:16,917 INFO  EvoClassLoader - Instrumenting class 'com.fasterxml.jackson.databind.jsonFormatVisitors.JsonFormatVisitable'.
2024-11-12 13:41:16,918 INFO  EvoClassLoader - Keeping class: com.fasterxml.jackson.databind.jsonFormatVisitors.JsonFormatVisitable
2024-11-12 13:41:16,918 INFO  EvoClassLoader - Keeping class: com.fasterxml.jackson.databind.JsonSerializer
2024-11-12 13:41:16,918 INFO  EvoClassLoader - Seeing class for first time: com.fasterxml.jackson.databind.ser.std.StdSerializer
2024-11-12 13:41:16,918 INFO  EvoClassLoader - Instrumenting class 'com.fasterxml.jackson.databind.ser.std.StdSerializer'.
2024-11-12 13:41:16,918 INFO  MethodCallReplacementClassAdapter - Adding mock interface to class com/fasterxml/jackson/databind/ser/std/StdSerializer
2024-11-12 13:41:16,918 INFO  CreateClassResetClassAdapter - Found static initializer in class com/fasterxml/jackson/databind/ser/std/StdSerializer
2024-11-12 13:41:16,919 INFO  EvoClassLoader - Defined package (3): package com.fasterxml.jackson.databind.ser.std, 629529302
2024-11-12 13:41:16,919 INFO  EvoClassLoader - Seeing class for first time: com.fasterxml.jackson.databind.jsonschema.SchemaAware
2024-11-12 13:41:16,919 INFO  EvoClassLoader - Instrumenting class 'com.fasterxml.jackson.databind.jsonschema.SchemaAware'.
2024-11-12 13:41:16,919 INFO  EvoClassLoader - Keeping class: com.fasterxml.jackson.databind.jsonschema.SchemaAware
2024-11-12 13:41:16,919 INFO  EvoClassLoader - Keeping class: com.fasterxml.jackson.databind.ser.std.StdSerializer
2024-11-12 13:41:16,919 INFO  EvoClassLoader - Seeing class for first time: com.fasterxml.jackson.databind.ser.std.StdDelegatingSerializer
2024-11-12 13:41:16,919 INFO  EvoClassLoader - Instrumenting class 'com.fasterxml.jackson.databind.ser.std.StdDelegatingSerializer'.
2024-11-12 13:41:16,920 INFO  MethodCallReplacementClassAdapter - Adding mock interface to class com/fasterxml/jackson/databind/ser/std/StdDelegatingSerializer
2024-11-12 13:41:16,920 INFO  CreateClassResetClassAdapter - Creating brand-new static initializer in class com/fasterxml/jackson/databind/ser/std/StdDelegatingSerializer
2024-11-12 13:41:16,920 INFO  EvoClassLoader - Seeing class for first time: com.fasterxml.jackson.databind.ser.ContextualSerializer
2024-11-12 13:41:16,920 INFO  EvoClassLoader - Instrumenting class 'com.fasterxml.jackson.databind.ser.ContextualSerializer'.
2024-11-12 13:41:16,920 INFO  EvoClassLoader - Keeping class: com.fasterxml.jackson.databind.ser.ContextualSerializer
2024-11-12 13:41:16,920 INFO  EvoClassLoader - Seeing class for first time: com.fasterxml.jackson.databind.ser.ResolvableSerializer
2024-11-12 13:41:16,920 INFO  EvoClassLoader - Instrumenting class 'com.fasterxml.jackson.databind.ser.ResolvableSerializer'.
2024-11-12 13:41:16,920 INFO  EvoClassLoader - Keeping class: com.fasterxml.jackson.databind.ser.ResolvableSerializer
2024-11-12 13:41:16,920 INFO  EvoClassLoader - Keeping class: com.fasterxml.jackson.databind.ser.std.StdDelegatingSerializer
2024-11-12 13:41:16,920 INFO  EvoClassLoader - Seeing class for first time: com.fasterxml.jackson.databind.ser.PropertyFilter
2024-11-12 13:41:16,920 INFO  EvoClassLoader - Instrumenting class 'com.fasterxml.jackson.databind.ser.PropertyFilter'.
2024-11-12 13:41:16,921 INFO  EvoClassLoader - Keeping class: com.fasterxml.jackson.databind.ser.PropertyFilter
2024-11-12 13:41:16,921 INFO  EvoClassLoader - Seeing class for first time: com.fasterxml.jackson.core.JsonParser$NumberType
2024-11-12 13:41:16,921 INFO  EvoClassLoader - Instrumenting class 'com.fasterxml.jackson.core.JsonParser$NumberType'.
2024-11-12 13:41:16,921 INFO  MethodCallReplacementClassAdapter - Adding mock interface to class com/fasterxml/jackson/core/JsonParser$NumberType
2024-11-12 13:41:16,921 INFO  CreateClassResetClassAdapter - Found static initializer in class com/fasterxml/jackson/core/JsonParser$NumberType
2024-11-12 13:41:16,921 INFO  EvoClassLoader - Keeping class: com.fasterxml.jackson.core.JsonParser$NumberType
2024-11-12 13:41:16,921 INFO  EvoClassLoader - Seeing class for first time: com.fasterxml.jackson.databind.jsonFormatVisitors.JsonFormatTypes
2024-11-12 13:41:16,921 INFO  EvoClassLoader - Instrumenting class 'com.fasterxml.jackson.databind.jsonFormatVisitors.JsonFormatTypes'.
2024-11-12 13:41:16,921 INFO  MethodCallReplacementClassAdapter - Adding mock interface to class com/fasterxml/jackson/databind/jsonFormatVisitors/JsonFormatTypes
2024-11-12 13:41:16,921 INFO  CreateClassResetClassAdapter - Found static initializer in class com/fasterxml/jackson/databind/jsonFormatVisitors/JsonFormatTypes
2024-11-12 13:41:16,921 INFO  EvoClassLoader - Keeping class: com.fasterxml.jackson.databind.jsonFormatVisitors.JsonFormatTypes
2024-11-12 13:41:16,921 INFO  EvoClassLoader - Seeing class for first time: com.fasterxml.jackson.databind.jsonFormatVisitors.JsonValueFormat
2024-11-12 13:41:16,921 INFO  EvoClassLoader - Instrumenting class 'com.fasterxml.jackson.databind.jsonFormatVisitors.JsonValueFormat'.
2024-11-12 13:41:16,921 INFO  MethodCallReplacementClassAdapter - Adding mock interface to class com/fasterxml/jackson/databind/jsonFormatVisitors/JsonValueFormat
2024-11-12 13:41:16,921 INFO  CreateClassResetClassAdapter - Found static initializer in class com/fasterxml/jackson/databind/jsonFormatVisitors/JsonValueFormat
2024-11-12 13:41:16,922 INFO  EvoClassLoader - Keeping class: com.fasterxml.jackson.databind.jsonFormatVisitors.JsonValueFormat
2024-11-12 13:41:16,922 INFO  EvoClassLoader - Seeing class for first time: com.fasterxml.jackson.databind.ser.impl.FailingSerializer
2024-11-12 13:41:16,922 INFO  EvoClassLoader - Instrumenting class 'com.fasterxml.jackson.databind.ser.impl.FailingSerializer'.
2024-11-12 13:41:16,922 INFO  MethodCallReplacementClassAdapter - Adding mock interface to class com/fasterxml/jackson/databind/ser/impl/FailingSerializer
2024-11-12 13:41:16,922 INFO  CreateClassResetClassAdapter - Creating brand-new static initializer in class com/fasterxml/jackson/databind/ser/impl/FailingSerializer
2024-11-12 13:41:16,922 INFO  EvoClassLoader - Keeping class: com.fasterxml.jackson.databind.ser.impl.FailingSerializer
2024-11-12 13:41:16,922 INFO  EvoClassLoader - Seeing class for first time: com.fasterxml.jackson.databind.ser.impl.UnknownSerializer
2024-11-12 13:41:16,922 INFO  EvoClassLoader - Instrumenting class 'com.fasterxml.jackson.databind.ser.impl.UnknownSerializer'.
2024-11-12 13:41:16,922 INFO  MethodCallReplacementClassAdapter - Adding mock interface to class com/fasterxml/jackson/databind/ser/impl/UnknownSerializer
2024-11-12 13:41:16,922 INFO  CreateClassResetClassAdapter - Creating brand-new static initializer in class com/fasterxml/jackson/databind/ser/impl/UnknownSerializer
2024-11-12 13:41:16,923 INFO  EvoClassLoader - Keeping class: com.fasterxml.jackson.databind.ser.impl.UnknownSerializer
2024-11-12 13:41:16,923 INFO  EvoClassLoader - Seeing class for first time: com.fasterxml.jackson.databind.ser.std.NullSerializer
2024-11-12 13:41:16,923 INFO  EvoClassLoader - Instrumenting class 'com.fasterxml.jackson.databind.ser.std.NullSerializer'.
2024-11-12 13:41:16,923 INFO  MethodCallReplacementClassAdapter - Adding mock interface to class com/fasterxml/jackson/databind/ser/std/NullSerializer
2024-11-12 13:41:16,923 INFO  CreateClassResetClassAdapter - Found static initializer in class com/fasterxml/jackson/databind/ser/std/NullSerializer
2024-11-12 13:41:16,923 INFO  EvoClassLoader - Keeping class: com.fasterxml.jackson.databind.ser.std.NullSerializer
2024-11-12 13:41:16,923 INFO  EvoClassLoader - Seeing class for first time: com.fasterxml.jackson.databind.exc.InvalidDefinitionException
2024-11-12 13:41:16,923 INFO  EvoClassLoader - Instrumenting class 'com.fasterxml.jackson.databind.exc.InvalidDefinitionException'.
2024-11-12 13:41:16,923 INFO  MethodCallReplacementClassAdapter - Adding mock interface to class com/fasterxml/jackson/databind/exc/InvalidDefinitionException
2024-11-12 13:41:16,924 INFO  CreateClassResetClassAdapter - Creating brand-new static initializer in class com/fasterxml/jackson/databind/exc/InvalidDefinitionException
2024-11-12 13:41:16,924 INFO  EvoClassLoader - Keeping class: com.fasterxml.jackson.databind.exc.InvalidDefinitionException
2024-11-12 13:41:16,924 INFO  EvoClassLoader - Seeing class for first time: com.fasterxml.jackson.databind.exc.InvalidTypeIdException
2024-11-12 13:41:16,924 INFO  EvoClassLoader - Instrumenting class 'com.fasterxml.jackson.databind.exc.InvalidTypeIdException'.
2024-11-12 13:41:16,924 INFO  MethodCallReplacementClassAdapter - Adding mock interface to class com/fasterxml/jackson/databind/exc/InvalidTypeIdException
2024-11-12 13:41:16,924 INFO  CreateClassResetClassAdapter - Creating brand-new static initializer in class com/fasterxml/jackson/databind/exc/InvalidTypeIdException
2024-11-12 13:41:16,924 INFO  EvoClassLoader - Keeping class: com.fasterxml.jackson.databind.exc.InvalidTypeIdException
2024-11-12 13:41:16,924 INFO  EvoClassLoader - Seeing class for first time: com.fasterxml.jackson.databind.ser.impl.TypeWrappedSerializer
2024-11-12 13:41:16,924 INFO  EvoClassLoader - Instrumenting class 'com.fasterxml.jackson.databind.ser.impl.TypeWrappedSerializer'.
2024-11-12 13:41:16,925 INFO  MethodCallReplacementClassAdapter - Adding mock interface to class com/fasterxml/jackson/databind/ser/impl/TypeWrappedSerializer
2024-11-12 13:41:16,925 INFO  CreateClassResetClassAdapter - Creating brand-new static initializer in class com/fasterxml/jackson/databind/ser/impl/TypeWrappedSerializer
2024-11-12 13:41:16,925 INFO  EvoClassLoader - Keeping class: com.fasterxml.jackson.databind.ser.impl.TypeWrappedSerializer
2024-11-12 13:41:16,925 INFO  EvoClassLoader - Seeing class for first time: com.fasterxml.jackson.databind.ser.impl.WritableObjectId
2024-11-12 13:41:16,925 INFO  EvoClassLoader - Instrumenting class 'com.fasterxml.jackson.databind.ser.impl.WritableObjectId'.
2024-11-12 13:41:16,925 INFO  MethodCallReplacementClassAdapter - Adding mock interface to class com/fasterxml/jackson/databind/ser/impl/WritableObjectId
2024-11-12 13:41:16,925 INFO  CreateClassResetClassAdapter - Creating brand-new static initializer in class com/fasterxml/jackson/databind/ser/impl/WritableObjectId
2024-11-12 13:41:16,925 INFO  EvoClassLoader - Keeping class: com.fasterxml.jackson.databind.ser.impl.WritableObjectId
2024-11-12 13:41:16,926 INFO  EvoClassLoader - Seeing class for first time: com.fasterxml.jackson.databind.ser.SerializerCache
2024-11-12 13:41:16,926 INFO  EvoClassLoader - Instrumenting class 'com.fasterxml.jackson.databind.ser.SerializerCache'.
2024-11-12 13:41:16,926 INFO  MethodCallReplacementClassAdapter - Adding mock interface to class com/fasterxml/jackson/databind/ser/SerializerCache
2024-11-12 13:41:16,927 INFO  CreateClassResetClassAdapter - Creating brand-new static initializer in class com/fasterxml/jackson/databind/ser/SerializerCache
2024-11-12 13:41:16,927 INFO  EvoClassLoader - Keeping class: com.fasterxml.jackson.databind.ser.SerializerCache
2024-11-12 13:41:16,927 INFO  EvoClassLoader - Seeing class for first time: com.fasterxml.jackson.databind.ser.impl.ReadOnlyClassToSerializerMap
2024-11-12 13:41:16,927 INFO  EvoClassLoader - Instrumenting class 'com.fasterxml.jackson.databind.ser.impl.ReadOnlyClassToSerializerMap'.
2024-11-12 13:41:16,927 INFO  MethodCallReplacementClassAdapter - Adding mock interface to class com/fasterxml/jackson/databind/ser/impl/ReadOnlyClassToSerializerMap
2024-11-12 13:41:16,928 INFO  CreateClassResetClassAdapter - Creating brand-new static initializer in class com/fasterxml/jackson/databind/ser/impl/ReadOnlyClassToSerializerMap
2024-11-12 13:41:16,928 INFO  EvoClassLoader - Keeping class: com.fasterxml.jackson.databind.ser.impl.ReadOnlyClassToSerializerMap
2024-11-12 13:41:16,928 INFO  EvoClassLoader - Seeing class for first time: com.fasterxml.jackson.databind.exc.UnrecognizedPropertyException
2024-11-12 13:41:16,928 INFO  EvoClassLoader - Instrumenting class 'com.fasterxml.jackson.databind.exc.UnrecognizedPropertyException'.
2024-11-12 13:41:16,928 INFO  MethodCallReplacementClassAdapter - Adding mock interface to class com/fasterxml/jackson/databind/exc/UnrecognizedPropertyException
2024-11-12 13:41:16,928 INFO  CreateClassResetClassAdapter - Creating brand-new static initializer in class com/fasterxml/jackson/databind/exc/UnrecognizedPropertyException
2024-11-12 13:41:16,928 INFO  EvoClassLoader - Seeing class for first time: com.fasterxml.jackson.databind.exc.PropertyBindingException
2024-11-12 13:41:16,928 INFO  EvoClassLoader - Instrumenting class 'com.fasterxml.jackson.databind.exc.PropertyBindingException'.
2024-11-12 13:41:16,929 INFO  MethodCallReplacementClassAdapter - Adding mock interface to class com/fasterxml/jackson/databind/exc/PropertyBindingException
2024-11-12 13:41:16,929 INFO  CreateClassResetClassAdapter - Creating brand-new static initializer in class com/fasterxml/jackson/databind/exc/PropertyBindingException
2024-11-12 13:41:16,929 INFO  CreateClassResetClassAdapter - Adding bytecode for initializing field MAX_DESC_LENGTH
2024-11-12 13:41:16,929 INFO  EvoClassLoader - Keeping class: com.fasterxml.jackson.databind.exc.PropertyBindingException
2024-11-12 13:41:16,929 INFO  EvoClassLoader - Keeping class: com.fasterxml.jackson.databind.exc.UnrecognizedPropertyException
2024-11-12 13:41:16,929 INFO  EvoClassLoader - Seeing class for first time: com.fasterxml.jackson.databind.deser.impl.TypeWrappedDeserializer
2024-11-12 13:41:16,929 INFO  EvoClassLoader - Instrumenting class 'com.fasterxml.jackson.databind.deser.impl.TypeWrappedDeserializer'.
2024-11-12 13:41:16,929 INFO  MethodCallReplacementClassAdapter - Adding mock interface to class com/fasterxml/jackson/databind/deser/impl/TypeWrappedDeserializer
2024-11-12 13:41:16,930 INFO  CreateClassResetClassAdapter - Creating brand-new static initializer in class com/fasterxml/jackson/databind/deser/impl/TypeWrappedDeserializer
2024-11-12 13:41:16,930 INFO  EvoClassLoader - Defined package (3): package com.fasterxml.jackson.databind.deser.impl, 55843726
2024-11-12 13:41:16,930 INFO  EvoClassLoader - Keeping class: com.fasterxml.jackson.databind.deser.impl.TypeWrappedDeserializer
2024-11-12 13:41:16,930 INFO  EvoClassLoader - Seeing class for first time: com.fasterxml.jackson.databind.exc.InvalidFormatException
2024-11-12 13:41:16,930 INFO  EvoClassLoader - Instrumenting class 'com.fasterxml.jackson.databind.exc.InvalidFormatException'.
2024-11-12 13:41:16,930 INFO  MethodCallReplacementClassAdapter - Adding mock interface to class com/fasterxml/jackson/databind/exc/InvalidFormatException
2024-11-12 13:41:16,930 INFO  CreateClassResetClassAdapter - Creating brand-new static initializer in class com/fasterxml/jackson/databind/exc/InvalidFormatException
2024-11-12 13:41:16,930 INFO  EvoClassLoader - Keeping class: com.fasterxml.jackson.databind.exc.InvalidFormatException
2024-11-12 13:41:16,930 INFO  EvoClassLoader - Seeing class for first time: com.fasterxml.jackson.databind.exc.ValueInstantiationException
2024-11-12 13:41:16,930 INFO  EvoClassLoader - Instrumenting class 'com.fasterxml.jackson.databind.exc.ValueInstantiationException'.
2024-11-12 13:41:16,930 INFO  MethodCallReplacementClassAdapter - Adding mock interface to class com/fasterxml/jackson/databind/exc/ValueInstantiationException
2024-11-12 13:41:16,931 INFO  CreateClassResetClassAdapter - Creating brand-new static initializer in class com/fasterxml/jackson/databind/exc/ValueInstantiationException
2024-11-12 13:41:16,931 INFO  EvoClassLoader - Keeping class: com.fasterxml.jackson.databind.exc.ValueInstantiationException
2024-11-12 13:41:16,931 INFO  EvoClassLoader - Seeing class for first time: com.fasterxml.jackson.core.StreamReadCapability
2024-11-12 13:41:16,931 INFO  EvoClassLoader - Instrumenting class 'com.fasterxml.jackson.core.StreamReadCapability'.
2024-11-12 13:41:16,931 INFO  MethodCallReplacementClassAdapter - Adding mock interface to class com/fasterxml/jackson/core/StreamReadCapability
2024-11-12 13:41:16,931 INFO  CreateClassResetClassAdapter - Found static initializer in class com/fasterxml/jackson/core/StreamReadCapability
2024-11-12 13:41:16,931 INFO  EvoClassLoader - Keeping class: com.fasterxml.jackson.core.StreamReadCapability
2024-11-12 13:41:16,932 INFO  EvoClassLoader - Seeing class for first time: com.fasterxml.jackson.databind.KeyDeserializer
2024-11-12 13:41:16,932 INFO  EvoClassLoader - Instrumenting class 'com.fasterxml.jackson.databind.KeyDeserializer'.
2024-11-12 13:41:16,932 INFO  MethodCallReplacementClassAdapter - Adding mock interface to class com/fasterxml/jackson/databind/KeyDeserializer
2024-11-12 13:41:16,932 INFO  CreateClassResetClassAdapter - Creating brand-new static initializer in class com/fasterxml/jackson/databind/KeyDeserializer
2024-11-12 13:41:16,932 INFO  EvoClassLoader - Keeping class: com.fasterxml.jackson.databind.KeyDeserializer
2024-11-12 13:41:16,932 INFO  EvoClassLoader - Seeing class for first time: com.fasterxml.jackson.databind.deser.impl.ReadableObjectId
2024-11-12 13:41:16,932 INFO  EvoClassLoader - Instrumenting class 'com.fasterxml.jackson.databind.deser.impl.ReadableObjectId'.
2024-11-12 13:41:16,932 INFO  MethodCallReplacementClassAdapter - Adding mock interface to class com/fasterxml/jackson/databind/deser/impl/ReadableObjectId
2024-11-12 13:41:16,932 INFO  CreateClassResetClassAdapter - Creating brand-new static initializer in class com/fasterxml/jackson/databind/deser/impl/ReadableObjectId
2024-11-12 13:41:16,932 INFO  EvoClassLoader - Keeping class: com.fasterxml.jackson.databind.deser.impl.ReadableObjectId
2024-11-12 13:41:16,932 INFO  EvoClassLoader - Seeing class for first time: com.fasterxml.jackson.databind.deser.UnresolvedForwardReference
2024-11-12 13:41:16,932 INFO  EvoClassLoader - Instrumenting class 'com.fasterxml.jackson.databind.deser.UnresolvedForwardReference'.
2024-11-12 13:41:16,933 INFO  MethodCallReplacementClassAdapter - Adding mock interface to class com/fasterxml/jackson/databind/deser/UnresolvedForwardReference
2024-11-12 13:41:16,933 INFO  CreateClassResetClassAdapter - Creating brand-new static initializer in class com/fasterxml/jackson/databind/deser/UnresolvedForwardReference
2024-11-12 13:41:16,933 INFO  EvoClassLoader - Keeping class: com.fasterxml.jackson.databind.deser.UnresolvedForwardReference
2024-11-12 13:41:16,933 INFO  EvoClassLoader - Seeing class for first time: com.fasterxml.jackson.databind.util.ObjectBuffer
2024-11-12 13:41:16,933 INFO  EvoClassLoader - Instrumenting class 'com.fasterxml.jackson.databind.util.ObjectBuffer'.
2024-11-12 13:41:16,933 INFO  MethodCallReplacementClassAdapter - Adding mock interface to class com/fasterxml/jackson/databind/util/ObjectBuffer
2024-11-12 13:41:16,934 INFO  CreateClassResetClassAdapter - Creating brand-new static initializer in class com/fasterxml/jackson/databind/util/ObjectBuffer
2024-11-12 13:41:16,934 INFO  CreateClassResetClassAdapter - Adding bytecode for initializing field SMALL_CHUNK
2024-11-12 13:41:16,934 INFO  CreateClassResetClassAdapter - Adding bytecode for initializing field MAX_CHUNK
2024-11-12 13:41:16,934 INFO  EvoClassLoader - Keeping class: com.fasterxml.jackson.databind.util.ObjectBuffer
2024-11-12 13:41:16,934 INFO  EvoClassLoader - Seeing class for first time: com.fasterxml.jackson.databind.util.ArrayBuilders
2024-11-12 13:41:16,934 INFO  EvoClassLoader - Instrumenting class 'com.fasterxml.jackson.databind.util.ArrayBuilders'.
2024-11-12 13:41:16,934 INFO  MethodCallReplacementClassAdapter - Adding mock interface to class com/fasterxml/jackson/databind/util/ArrayBuilders
2024-11-12 13:41:16,934 INFO  CreateClassResetClassAdapter - Creating brand-new static initializer in class com/fasterxml/jackson/databind/util/ArrayBuilders
2024-11-12 13:41:16,934 INFO  EvoClassLoader - Keeping class: com.fasterxml.jackson.databind.util.ArrayBuilders
2024-11-12 13:41:16,934 INFO  EvoClassLoader - Seeing class for first time: com.fasterxml.jackson.databind.deser.ValueInstantiator
2024-11-12 13:41:16,934 INFO  EvoClassLoader - Instrumenting class 'com.fasterxml.jackson.databind.deser.ValueInstantiator'.
2024-11-12 13:41:16,934 INFO  MethodCallReplacementClassAdapter - Adding mock interface to class com/fasterxml/jackson/databind/deser/ValueInstantiator
2024-11-12 13:41:16,935 INFO  CreateClassResetClassAdapter - Creating brand-new static initializer in class com/fasterxml/jackson/databind/deser/ValueInstantiator
2024-11-12 13:41:16,935 INFO  EvoClassLoader - Keeping class: com.fasterxml.jackson.databind.deser.ValueInstantiator
2024-11-12 13:41:16,935 INFO  EvoClassLoader - Seeing class for first time: com.fasterxml.jackson.databind.deser.impl.ObjectIdReader
2024-11-12 13:41:16,935 INFO  EvoClassLoader - Instrumenting class 'com.fasterxml.jackson.databind.deser.impl.ObjectIdReader'.
2024-11-12 13:41:16,935 INFO  MethodCallReplacementClassAdapter - Adding mock interface to class com/fasterxml/jackson/databind/deser/impl/ObjectIdReader
2024-11-12 13:41:16,935 INFO  CreateClassResetClassAdapter - Creating brand-new static initializer in class com/fasterxml/jackson/databind/deser/impl/ObjectIdReader
2024-11-12 13:41:16,936 INFO  EvoClassLoader - Keeping class: com.fasterxml.jackson.databind.deser.impl.ObjectIdReader
2024-11-12 13:41:16,936 INFO  EvoClassLoader - Seeing class for first time: com.fasterxml.jackson.annotation.ObjectIdGenerator$IdKey
2024-11-12 13:41:16,936 INFO  EvoClassLoader - Instrumenting class 'com.fasterxml.jackson.annotation.ObjectIdGenerator$IdKey'.
2024-11-12 13:41:16,936 INFO  MethodCallReplacementClassAdapter - Adding mock interface to class com/fasterxml/jackson/annotation/ObjectIdGenerator$IdKey
2024-11-12 13:41:16,937 INFO  CreateClassResetClassAdapter - Creating brand-new static initializer in class com/fasterxml/jackson/annotation/ObjectIdGenerator$IdKey
2024-11-12 13:41:16,937 INFO  EvoClassLoader - Keeping class: com.fasterxml.jackson.annotation.ObjectIdGenerator$IdKey
2024-11-12 13:41:16,937 INFO  EvoClassLoader - Seeing class for first time: com.fasterxml.jackson.databind.deser.Deserializers
2024-11-12 13:41:16,937 INFO  EvoClassLoader - Instrumenting class 'com.fasterxml.jackson.databind.deser.Deserializers'.
2024-11-12 13:41:16,938 INFO  EvoClassLoader - Keeping class: com.fasterxml.jackson.databind.deser.Deserializers
2024-11-12 13:41:16,938 INFO  EvoClassLoader - Seeing class for first time: com.fasterxml.jackson.databind.deser.KeyDeserializers
2024-11-12 13:41:16,938 INFO  EvoClassLoader - Instrumenting class 'com.fasterxml.jackson.databind.deser.KeyDeserializers'.
2024-11-12 13:41:16,938 INFO  EvoClassLoader - Keeping class: com.fasterxml.jackson.databind.deser.KeyDeserializers
2024-11-12 13:41:16,938 INFO  EvoClassLoader - Seeing class for first time: com.fasterxml.jackson.databind.deser.BeanDeserializerModifier
2024-11-12 13:41:16,938 INFO  EvoClassLoader - Instrumenting class 'com.fasterxml.jackson.databind.deser.BeanDeserializerModifier'.
2024-11-12 13:41:16,939 INFO  MethodCallReplacementClassAdapter - Adding mock interface to class com/fasterxml/jackson/databind/deser/BeanDeserializerModifier
2024-11-12 13:41:16,939 INFO  CreateClassResetClassAdapter - Creating brand-new static initializer in class com/fasterxml/jackson/databind/deser/BeanDeserializerModifier
2024-11-12 13:41:16,939 INFO  EvoClassLoader - Keeping class: com.fasterxml.jackson.databind.deser.BeanDeserializerModifier
2024-11-12 13:41:16,939 INFO  EvoClassLoader - Seeing class for first time: com.fasterxml.jackson.databind.AbstractTypeResolver
2024-11-12 13:41:16,939 INFO  EvoClassLoader - Instrumenting class 'com.fasterxml.jackson.databind.AbstractTypeResolver'.
2024-11-12 13:41:16,939 INFO  MethodCallReplacementClassAdapter - Adding mock interface to class com/fasterxml/jackson/databind/AbstractTypeResolver
2024-11-12 13:41:16,939 INFO  CreateClassResetClassAdapter - Creating brand-new static initializer in class com/fasterxml/jackson/databind/AbstractTypeResolver
2024-11-12 13:41:16,939 INFO  EvoClassLoader - Keeping class: com.fasterxml.jackson.databind.AbstractTypeResolver
2024-11-12 13:41:16,939 INFO  EvoClassLoader - Seeing class for first time: com.fasterxml.jackson.databind.deser.ValueInstantiators
2024-11-12 13:41:16,939 INFO  EvoClassLoader - Instrumenting class 'com.fasterxml.jackson.databind.deser.ValueInstantiators'.
2024-11-12 13:41:16,940 INFO  EvoClassLoader - Keeping class: com.fasterxml.jackson.databind.deser.ValueInstantiators
2024-11-12 13:41:16,940 INFO  EvoClassLoader - Seeing class for first time: com.fasterxml.jackson.databind.deser.AbstractDeserializer
2024-11-12 13:41:16,940 INFO  EvoClassLoader - Instrumenting class 'com.fasterxml.jackson.databind.deser.AbstractDeserializer'.
2024-11-12 13:41:16,941 INFO  MethodCallReplacementClassAdapter - Adding mock interface to class com/fasterxml/jackson/databind/deser/AbstractDeserializer
2024-11-12 13:41:16,943 INFO  CreateClassResetClassAdapter - Creating brand-new static initializer in class com/fasterxml/jackson/databind/deser/AbstractDeserializer
2024-11-12 13:41:16,943 INFO  EvoClassLoader - Seeing class for first time: com.fasterxml.jackson.databind.deser.ContextualDeserializer
2024-11-12 13:41:16,943 INFO  EvoClassLoader - Instrumenting class 'com.fasterxml.jackson.databind.deser.ContextualDeserializer'.
2024-11-12 13:41:16,944 INFO  EvoClassLoader - Keeping class: com.fasterxml.jackson.databind.deser.ContextualDeserializer
2024-11-12 13:41:16,944 INFO  EvoClassLoader - Keeping class: com.fasterxml.jackson.databind.deser.AbstractDeserializer
2024-11-12 13:41:16,944 INFO  EvoClassLoader - Seeing class for first time: com.fasterxml.jackson.databind.deser.std.EnumDeserializer
2024-11-12 13:41:16,944 INFO  EvoClassLoader - Instrumenting class 'com.fasterxml.jackson.databind.deser.std.EnumDeserializer'.
2024-11-12 13:41:16,944 INFO  MethodCallReplacementClassAdapter - Adding mock interface to class com/fasterxml/jackson/databind/deser/std/EnumDeserializer
2024-11-12 13:41:16,945 INFO  CreateClassResetClassAdapter - Creating brand-new static initializer in class com/fasterxml/jackson/databind/deser/std/EnumDeserializer
2024-11-12 13:41:16,945 INFO  EvoClassLoader - Defined package (3): package com.fasterxml.jackson.databind.deser.std, -1106567435
2024-11-12 13:41:16,945 INFO  EvoClassLoader - Seeing class for first time: com.fasterxml.jackson.databind.deser.std.StdScalarDeserializer
2024-11-12 13:41:16,945 INFO  EvoClassLoader - Instrumenting class 'com.fasterxml.jackson.databind.deser.std.StdScalarDeserializer'.
2024-11-12 13:41:16,946 INFO  MethodCallReplacementClassAdapter - Adding mock interface to class com/fasterxml/jackson/databind/deser/std/StdScalarDeserializer
2024-11-12 13:41:16,946 INFO  CreateClassResetClassAdapter - Creating brand-new static initializer in class com/fasterxml/jackson/databind/deser/std/StdScalarDeserializer
2024-11-12 13:41:16,946 INFO  EvoClassLoader - Seeing class for first time: com.fasterxml.jackson.databind.deser.std.StdDeserializer
2024-11-12 13:41:16,946 INFO  EvoClassLoader - Instrumenting class 'com.fasterxml.jackson.databind.deser.std.StdDeserializer'.
2024-11-12 13:41:16,947 INFO  MethodCallReplacementClassAdapter - Adding mock interface to class com/fasterxml/jackson/databind/deser/std/StdDeserializer
2024-11-12 13:41:16,952 INFO  CreateClassResetClassAdapter - Found static initializer in class com/fasterxml/jackson/databind/deser/std/StdDeserializer
2024-11-12 13:41:16,953 INFO  EvoClassLoader - Seeing class for first time: com.fasterxml.jackson.databind.deser.ValueInstantiator$Gettable
2024-11-12 13:41:16,953 INFO  EvoClassLoader - Instrumenting class 'com.fasterxml.jackson.databind.deser.ValueInstantiator$Gettable'.
2024-11-12 13:41:16,954 INFO  EvoClassLoader - Keeping class: com.fasterxml.jackson.databind.deser.ValueInstantiator$Gettable
2024-11-12 13:41:16,954 INFO  EvoClassLoader - Keeping class: com.fasterxml.jackson.databind.deser.std.StdDeserializer
2024-11-12 13:41:16,954 INFO  EvoClassLoader - Keeping class: com.fasterxml.jackson.databind.deser.std.StdScalarDeserializer
2024-11-12 13:41:16,954 INFO  EvoClassLoader - Keeping class: com.fasterxml.jackson.databind.deser.std.EnumDeserializer
2024-11-12 13:41:16,954 INFO  EvoClassLoader - Seeing class for first time: com.fasterxml.jackson.databind.deser.std.AtomicReferenceDeserializer
2024-11-12 13:41:16,954 INFO  EvoClassLoader - Instrumenting class 'com.fasterxml.jackson.databind.deser.std.AtomicReferenceDeserializer'.
2024-11-12 13:41:16,955 INFO  MethodCallReplacementClassAdapter - Adding mock interface to class com/fasterxml/jackson/databind/deser/std/AtomicReferenceDeserializer
2024-11-12 13:41:16,955 INFO  CreateClassResetClassAdapter - Creating brand-new static initializer in class com/fasterxml/jackson/databind/deser/std/AtomicReferenceDeserializer
2024-11-12 13:41:16,955 INFO  EvoClassLoader - Seeing class for first time: com.fasterxml.jackson.databind.deser.std.ReferenceTypeDeserializer
2024-11-12 13:41:16,955 INFO  EvoClassLoader - Instrumenting class 'com.fasterxml.jackson.databind.deser.std.ReferenceTypeDeserializer'.
2024-11-12 13:41:16,955 INFO  MethodCallReplacementClassAdapter - Adding mock interface to class com/fasterxml/jackson/databind/deser/std/ReferenceTypeDeserializer
2024-11-12 13:41:16,956 INFO  CreateClassResetClassAdapter - Creating brand-new static initializer in class com/fasterxml/jackson/databind/deser/std/ReferenceTypeDeserializer
2024-11-12 13:41:16,956 INFO  EvoClassLoader - Keeping class: com.fasterxml.jackson.databind.deser.std.ReferenceTypeDeserializer
2024-11-12 13:41:16,956 INFO  EvoClassLoader - Keeping class: com.fasterxml.jackson.databind.deser.std.AtomicReferenceDeserializer
2024-11-12 13:41:16,956 INFO  EvoClassLoader - Seeing class for first time: com.fasterxml.jackson.databind.deser.std.StringArrayDeserializer
2024-11-12 13:41:16,956 INFO  EvoClassLoader - Instrumenting class 'com.fasterxml.jackson.databind.deser.std.StringArrayDeserializer'.
2024-11-12 13:41:16,957 INFO  MethodCallReplacementClassAdapter - Adding mock interface to class com/fasterxml/jackson/databind/deser/std/StringArrayDeserializer
2024-11-12 13:41:16,957 INFO  CreateClassResetClassAdapter - Found static initializer in class com/fasterxml/jackson/databind/deser/std/StringArrayDeserializer
2024-11-12 13:41:16,957 INFO  EvoClassLoader - Keeping class: com.fasterxml.jackson.databind.deser.std.StringArrayDeserializer
2024-11-12 13:41:16,957 INFO  EvoClassLoader - Seeing class for first time: com.fasterxml.jackson.databind.deser.std.ObjectArrayDeserializer
2024-11-12 13:41:16,957 INFO  EvoClassLoader - Instrumenting class 'com.fasterxml.jackson.databind.deser.std.ObjectArrayDeserializer'.
2024-11-12 13:41:16,958 INFO  MethodCallReplacementClassAdapter - Adding mock interface to class com/fasterxml/jackson/databind/deser/std/ObjectArrayDeserializer
2024-11-12 13:41:16,958 INFO  CreateClassResetClassAdapter - Creating brand-new static initializer in class com/fasterxml/jackson/databind/deser/std/ObjectArrayDeserializer
2024-11-12 13:41:16,959 INFO  EvoClassLoader - Seeing class for first time: com.fasterxml.jackson.databind.deser.std.ContainerDeserializerBase
2024-11-12 13:41:16,959 INFO  EvoClassLoader - Instrumenting class 'com.fasterxml.jackson.databind.deser.std.ContainerDeserializerBase'.
2024-11-12 13:41:16,959 INFO  MethodCallReplacementClassAdapter - Adding mock interface to class com/fasterxml/jackson/databind/deser/std/ContainerDeserializerBase
2024-11-12 13:41:16,960 INFO  CreateClassResetClassAdapter - Creating brand-new static initializer in class com/fasterxml/jackson/databind/deser/std/ContainerDeserializerBase
2024-11-12 13:41:16,960 INFO  EvoClassLoader - Keeping class: com.fasterxml.jackson.databind.deser.std.ContainerDeserializerBase
2024-11-12 13:41:16,960 INFO  EvoClassLoader - Keeping class: com.fasterxml.jackson.databind.deser.std.ObjectArrayDeserializer
2024-11-12 13:41:16,960 INFO  EvoClassLoader - Seeing class for first time: com.fasterxml.jackson.databind.deser.std.EnumSetDeserializer
2024-11-12 13:41:16,960 INFO  EvoClassLoader - Instrumenting class 'com.fasterxml.jackson.databind.deser.std.EnumSetDeserializer'.
2024-11-12 13:41:16,961 INFO  MethodCallReplacementClassAdapter - Adding mock interface to class com/fasterxml/jackson/databind/deser/std/EnumSetDeserializer
2024-11-12 13:41:16,962 INFO  CreateClassResetClassAdapter - Creating brand-new static initializer in class com/fasterxml/jackson/databind/deser/std/EnumSetDeserializer
2024-11-12 13:41:16,962 INFO  EvoClassLoader - Keeping class: com.fasterxml.jackson.databind.deser.std.EnumSetDeserializer
2024-11-12 13:41:16,962 INFO  EvoClassLoader - Seeing class for first time: com.fasterxml.jackson.databind.deser.std.ArrayBlockingQueueDeserializer
2024-11-12 13:41:16,962 INFO  EvoClassLoader - Instrumenting class 'com.fasterxml.jackson.databind.deser.std.ArrayBlockingQueueDeserializer'.
2024-11-12 13:41:16,963 INFO  MethodCallReplacementClassAdapter - Adding mock interface to class com/fasterxml/jackson/databind/deser/std/ArrayBlockingQueueDeserializer
2024-11-12 13:41:16,963 INFO  CreateClassResetClassAdapter - Creating brand-new static initializer in class com/fasterxml/jackson/databind/deser/std/ArrayBlockingQueueDeserializer
2024-11-12 13:41:16,964 INFO  EvoClassLoader - Seeing class for first time: com.fasterxml.jackson.databind.deser.std.CollectionDeserializer
2024-11-12 13:41:16,964 INFO  EvoClassLoader - Instrumenting class 'com.fasterxml.jackson.databind.deser.std.CollectionDeserializer'.
2024-11-12 13:41:16,964 INFO  MethodCallReplacementClassAdapter - Adding mock interface to class com/fasterxml/jackson/databind/deser/std/CollectionDeserializer
2024-11-12 13:41:16,965 INFO  CreateClassResetClassAdapter - Creating brand-new static initializer in class com/fasterxml/jackson/databind/deser/std/CollectionDeserializer
2024-11-12 13:41:16,965 INFO  EvoClassLoader - Keeping class: com.fasterxml.jackson.databind.deser.std.CollectionDeserializer
2024-11-12 13:41:16,965 INFO  EvoClassLoader - Keeping class: com.fasterxml.jackson.databind.deser.std.ArrayBlockingQueueDeserializer
2024-11-12 13:41:16,965 INFO  EvoClassLoader - Seeing class for first time: com.fasterxml.jackson.databind.deser.std.StringCollectionDeserializer
2024-11-12 13:41:16,965 INFO  EvoClassLoader - Instrumenting class 'com.fasterxml.jackson.databind.deser.std.StringCollectionDeserializer'.
2024-11-12 13:41:16,966 INFO  MethodCallReplacementClassAdapter - Adding mock interface to class com/fasterxml/jackson/databind/deser/std/StringCollectionDeserializer
2024-11-12 13:41:16,966 INFO  CreateClassResetClassAdapter - Creating brand-new static initializer in class com/fasterxml/jackson/databind/deser/std/StringCollectionDeserializer
2024-11-12 13:41:16,966 INFO  EvoClassLoader - Keeping class: com.fasterxml.jackson.databind.deser.std.StringCollectionDeserializer
2024-11-12 13:41:16,967 INFO  EvoClassLoader - Seeing class for first time: com.fasterxml.jackson.databind.deser.std.EnumMapDeserializer
2024-11-12 13:41:16,967 INFO  EvoClassLoader - Instrumenting class 'com.fasterxml.jackson.databind.deser.std.EnumMapDeserializer'.
2024-11-12 13:41:16,967 INFO  MethodCallReplacementClassAdapter - Adding mock interface to class com/fasterxml/jackson/databind/deser/std/EnumMapDeserializer
2024-11-12 13:41:16,968 INFO  CreateClassResetClassAdapter - Creating brand-new static initializer in class com/fasterxml/jackson/databind/deser/std/EnumMapDeserializer
2024-11-12 13:41:16,968 INFO  EvoClassLoader - Seeing class for first time: com.fasterxml.jackson.databind.deser.ResolvableDeserializer
2024-11-12 13:41:16,968 INFO  EvoClassLoader - Instrumenting class 'com.fasterxml.jackson.databind.deser.ResolvableDeserializer'.
2024-11-12 13:41:16,969 INFO  EvoClassLoader - Keeping class: com.fasterxml.jackson.databind.deser.ResolvableDeserializer
2024-11-12 13:41:16,969 INFO  EvoClassLoader - Keeping class: com.fasterxml.jackson.databind.deser.std.EnumMapDeserializer
2024-11-12 13:41:16,969 INFO  EvoClassLoader - Seeing class for first time: com.fasterxml.jackson.databind.deser.std.MapDeserializer
2024-11-12 13:41:16,969 INFO  EvoClassLoader - Instrumenting class 'com.fasterxml.jackson.databind.deser.std.MapDeserializer'.
2024-11-12 13:41:16,969 INFO  MethodCallReplacementClassAdapter - Adding mock interface to class com/fasterxml/jackson/databind/deser/std/MapDeserializer
2024-11-12 13:41:16,970 INFO  CreateClassResetClassAdapter - Creating brand-new static initializer in class com/fasterxml/jackson/databind/deser/std/MapDeserializer
2024-11-12 13:41:16,971 INFO  EvoClassLoader - Keeping class: com.fasterxml.jackson.databind.deser.std.MapDeserializer
2024-11-12 13:41:16,971 INFO  EvoClassLoader - Seeing class for first time: com.fasterxml.jackson.databind.deser.std.UntypedObjectDeserializer
2024-11-12 13:41:16,971 INFO  EvoClassLoader - Instrumenting class 'com.fasterxml.jackson.databind.deser.std.UntypedObjectDeserializer'.
2024-11-12 13:41:16,971 INFO  MethodCallReplacementClassAdapter - Adding mock interface to class com/fasterxml/jackson/databind/deser/std/UntypedObjectDeserializer
2024-11-12 13:41:16,972 INFO  CreateClassResetClassAdapter - Found static initializer in class com/fasterxml/jackson/databind/deser/std/UntypedObjectDeserializer
2024-11-12 13:41:16,972 INFO  EvoClassLoader - Keeping class: com.fasterxml.jackson.databind.deser.std.UntypedObjectDeserializer
2024-11-12 13:41:16,972 INFO  EvoClassLoader - Seeing class for first time: com.fasterxml.jackson.databind.deser.std.StringDeserializer
2024-11-12 13:41:16,972 INFO  EvoClassLoader - Instrumenting class 'com.fasterxml.jackson.databind.deser.std.StringDeserializer'.
2024-11-12 13:41:16,972 INFO  MethodCallReplacementClassAdapter - Adding mock interface to class com/fasterxml/jackson/databind/deser/std/StringDeserializer
2024-11-12 13:41:16,972 INFO  CreateClassResetClassAdapter - Found static initializer in class com/fasterxml/jackson/databind/deser/std/StringDeserializer
2024-11-12 13:41:16,972 INFO  EvoClassLoader - Keeping class: com.fasterxml.jackson.databind.deser.std.StringDeserializer
2024-11-12 13:41:16,972 INFO  EvoClassLoader - Seeing class for first time: com.fasterxml.jackson.databind.deser.std.MapEntryDeserializer
2024-11-12 13:41:16,972 INFO  EvoClassLoader - Instrumenting class 'com.fasterxml.jackson.databind.deser.std.MapEntryDeserializer'.
2024-11-12 13:41:16,973 INFO  MethodCallReplacementClassAdapter - Adding mock interface to class com/fasterxml/jackson/databind/deser/std/MapEntryDeserializer
2024-11-12 13:41:16,973 INFO  CreateClassResetClassAdapter - Creating brand-new static initializer in class com/fasterxml/jackson/databind/deser/std/MapEntryDeserializer
2024-11-12 13:41:16,974 INFO  EvoClassLoader - Keeping class: com.fasterxml.jackson.databind.deser.std.MapEntryDeserializer
2024-11-12 13:41:16,974 INFO  EvoClassLoader - Seeing class for first time: com.fasterxml.jackson.databind.deser.std.TokenBufferDeserializer
2024-11-12 13:41:16,974 INFO  EvoClassLoader - Instrumenting class 'com.fasterxml.jackson.databind.deser.std.TokenBufferDeserializer'.
2024-11-12 13:41:16,974 INFO  MethodCallReplacementClassAdapter - Adding mock interface to class com/fasterxml/jackson/databind/deser/std/TokenBufferDeserializer
2024-11-12 13:41:16,974 INFO  CreateClassResetClassAdapter - Creating brand-new static initializer in class com/fasterxml/jackson/databind/deser/std/TokenBufferDeserializer
2024-11-12 13:41:16,974 INFO  EvoClassLoader - Keeping class: com.fasterxml.jackson.databind.deser.std.TokenBufferDeserializer
2024-11-12 13:41:16,974 INFO  EvoClassLoader - Seeing class for first time: com.fasterxml.jackson.databind.deser.SettableBeanProperty
2024-11-12 13:41:16,974 INFO  EvoClassLoader - Instrumenting class 'com.fasterxml.jackson.databind.deser.SettableBeanProperty'.
2024-11-12 13:41:16,975 INFO  MethodCallReplacementClassAdapter - Adding mock interface to class com/fasterxml/jackson/databind/deser/SettableBeanProperty
2024-11-12 13:41:16,976 INFO  CreateClassResetClassAdapter - Found static initializer in class com/fasterxml/jackson/databind/deser/SettableBeanProperty
2024-11-12 13:41:16,976 INFO  EvoClassLoader - Keeping class: com.fasterxml.jackson.databind.deser.SettableBeanProperty
2024-11-12 13:41:16,976 INFO  EvoClassLoader - Seeing class for first time: com.fasterxml.jackson.databind.deser.CreatorProperty
2024-11-12 13:41:16,976 INFO  EvoClassLoader - Instrumenting class 'com.fasterxml.jackson.databind.deser.CreatorProperty'.
2024-11-12 13:41:16,976 INFO  MethodCallReplacementClassAdapter - Adding mock interface to class com/fasterxml/jackson/databind/deser/CreatorProperty
2024-11-12 13:41:16,977 INFO  CreateClassResetClassAdapter - Creating brand-new static initializer in class com/fasterxml/jackson/databind/deser/CreatorProperty
2024-11-12 13:41:16,977 INFO  EvoClassLoader - Keeping class: com.fasterxml.jackson.databind.deser.CreatorProperty
2024-11-12 13:41:16,977 INFO  EvoClassLoader - Seeing class for first time: com.fasterxml.jackson.databind.cfg.DeserializerFactoryConfig
2024-11-12 13:41:16,977 INFO  EvoClassLoader - Instrumenting class 'com.fasterxml.jackson.databind.cfg.DeserializerFactoryConfig'.
2024-11-12 13:41:16,978 INFO  MethodCallReplacementClassAdapter - Adding mock interface to class com/fasterxml/jackson/databind/cfg/DeserializerFactoryConfig
2024-11-12 13:41:16,978 INFO  CreateClassResetClassAdapter - Found static initializer in class com/fasterxml/jackson/databind/cfg/DeserializerFactoryConfig
2024-11-12 13:41:16,979 INFO  EvoClassLoader - Keeping class: com.fasterxml.jackson.databind.cfg.DeserializerFactoryConfig
2024-11-12 13:41:16,979 INFO  EvoClassLoader - Seeing class for first time: com.fasterxml.jackson.databind.deser.BasicDeserializerFactory$CreatorCollectionState
2024-11-12 13:41:16,979 INFO  EvoClassLoader - Instrumenting class 'com.fasterxml.jackson.databind.deser.BasicDeserializerFactory$CreatorCollectionState'.
2024-11-12 13:41:16,979 INFO  MethodCallReplacementClassAdapter - Adding mock interface to class com/fasterxml/jackson/databind/deser/BasicDeserializerFactory$CreatorCollectionState
2024-11-12 13:41:16,979 INFO  CreateClassResetClassAdapter - Creating brand-new static initializer in class com/fasterxml/jackson/databind/deser/BasicDeserializerFactory$CreatorCollectionState
2024-11-12 13:41:16,979 INFO  EvoClassLoader - Keeping class: com.fasterxml.jackson.databind.deser.BasicDeserializerFactory$CreatorCollectionState
2024-11-12 13:41:16,979 INFO  EvoClassLoader - Seeing class for first time: com.fasterxml.jackson.databind.deser.impl.CreatorCollector
2024-11-12 13:41:16,979 INFO  EvoClassLoader - Instrumenting class 'com.fasterxml.jackson.databind.deser.impl.CreatorCollector'.
2024-11-12 13:41:16,980 INFO  MethodCallReplacementClassAdapter - Adding mock interface to class com/fasterxml/jackson/databind/deser/impl/CreatorCollector
2024-11-12 13:41:16,980 INFO  CreateClassResetClassAdapter - Found static initializer in class com/fasterxml/jackson/databind/deser/impl/CreatorCollector
2024-11-12 13:41:16,980 INFO  EvoClassLoader - Keeping class: com.fasterxml.jackson.databind.deser.impl.CreatorCollector
2024-11-12 13:41:16,980 INFO  EvoClassLoader - Seeing class for first time: com.fasterxml.jackson.databind.deser.impl.CreatorCandidate
2024-11-12 13:41:16,980 INFO  EvoClassLoader - Instrumenting class 'com.fasterxml.jackson.databind.deser.impl.CreatorCandidate'.
2024-11-12 13:41:16,981 INFO  MethodCallReplacementClassAdapter - Adding mock interface to class com/fasterxml/jackson/databind/deser/impl/CreatorCandidate
2024-11-12 13:41:16,981 INFO  CreateClassResetClassAdapter - Creating brand-new static initializer in class com/fasterxml/jackson/databind/deser/impl/CreatorCandidate
2024-11-12 13:41:16,981 INFO  EvoClassLoader - Keeping class: com.fasterxml.jackson.databind.deser.impl.CreatorCandidate
2024-11-12 13:41:16,981 INFO  EvoClassLoader - Seeing class for first time: com.fasterxml.jackson.databind.PropertyMetadata
2024-11-12 13:41:16,981 INFO  EvoClassLoader - Instrumenting class 'com.fasterxml.jackson.databind.PropertyMetadata'.
2024-11-12 13:41:16,981 INFO  MethodCallReplacementClassAdapter - Adding mock interface to class com/fasterxml/jackson/databind/PropertyMetadata
2024-11-12 13:41:16,981 INFO  CreateClassResetClassAdapter - Found static initializer in class com/fasterxml/jackson/databind/PropertyMetadata
2024-11-12 13:41:16,982 INFO  EvoClassLoader - Keeping class: com.fasterxml.jackson.databind.PropertyMetadata
2024-11-12 13:41:16,982 INFO  EvoClassLoader - Seeing class for first time: com.fasterxml.jackson.databind.util.EnumResolver
2024-11-12 13:41:16,982 INFO  EvoClassLoader - Instrumenting class 'com.fasterxml.jackson.databind.util.EnumResolver'.
2024-11-12 13:41:16,982 INFO  MethodCallReplacementClassAdapter - Adding mock interface to class com/fasterxml/jackson/databind/util/EnumResolver
2024-11-12 13:41:16,982 INFO  CreateClassResetClassAdapter - Creating brand-new static initializer in class com/fasterxml/jackson/databind/util/EnumResolver
2024-11-12 13:41:16,983 INFO  EvoClassLoader - Keeping class: com.fasterxml.jackson.databind.util.EnumResolver
2024-11-12 13:41:16,983 INFO  EvoClassLoader - Seeing class for first time: com.fasterxml.jackson.databind.deser.std.StdKeyDeserializers
2024-11-12 13:41:16,983 INFO  EvoClassLoader - Instrumenting class 'com.fasterxml.jackson.databind.deser.std.StdKeyDeserializers'.
2024-11-12 13:41:16,983 INFO  MethodCallReplacementClassAdapter - Adding mock interface to class com/fasterxml/jackson/databind/deser/std/StdKeyDeserializers
2024-11-12 13:41:16,983 INFO  CreateClassResetClassAdapter - Creating brand-new static initializer in class com/fasterxml/jackson/databind/deser/std/StdKeyDeserializers
2024-11-12 13:41:16,983 INFO  EvoClassLoader - Keeping class: com.fasterxml.jackson.databind.deser.std.StdKeyDeserializers
2024-11-12 13:41:16,984 INFO  EvoClassLoader - Seeing class for first time: com.fasterxml.jackson.databind.deser.std.StdKeyDeserializer
2024-11-12 13:41:16,984 INFO  EvoClassLoader - Instrumenting class 'com.fasterxml.jackson.databind.deser.std.StdKeyDeserializer'.
2024-11-12 13:41:16,984 INFO  MethodCallReplacementClassAdapter - Adding mock interface to class com/fasterxml/jackson/databind/deser/std/StdKeyDeserializer
2024-11-12 13:41:16,984 INFO  CreateClassResetClassAdapter - Creating brand-new static initializer in class com/fasterxml/jackson/databind/deser/std/StdKeyDeserializer
2024-11-12 13:41:16,984 INFO  CreateClassResetClassAdapter - Adding bytecode for initializing field TYPE_BOOLEAN
2024-11-12 13:41:16,984 INFO  CreateClassResetClassAdapter - Adding bytecode for initializing field TYPE_BYTE
2024-11-12 13:41:16,984 INFO  CreateClassResetClassAdapter - Adding bytecode for initializing field TYPE_SHORT
2024-11-12 13:41:16,984 INFO  CreateClassResetClassAdapter - Adding bytecode for initializing field TYPE_CHAR
2024-11-12 13:41:16,984 INFO  CreateClassResetClassAdapter - Adding bytecode for initializing field TYPE_INT
2024-11-12 13:41:16,984 INFO  CreateClassResetClassAdapter - Adding bytecode for initializing field TYPE_LONG
2024-11-12 13:41:16,984 INFO  CreateClassResetClassAdapter - Adding bytecode for initializing field TYPE_FLOAT
2024-11-12 13:41:16,984 INFO  CreateClassResetClassAdapter - Adding bytecode for initializing field TYPE_DOUBLE
2024-11-12 13:41:16,984 INFO  CreateClassResetClassAdapter - Adding bytecode for initializing field TYPE_LOCALE
2024-11-12 13:41:16,984 INFO  CreateClassResetClassAdapter - Adding bytecode for initializing field TYPE_DATE
2024-11-12 13:41:16,984 INFO  CreateClassResetClassAdapter - Adding bytecode for initializing field TYPE_CALENDAR
2024-11-12 13:41:16,984 INFO  CreateClassResetClassAdapter - Adding bytecode for initializing field TYPE_UUID
2024-11-12 13:41:16,984 INFO  CreateClassResetClassAdapter - Adding bytecode for initializing field TYPE_URI
2024-11-12 13:41:16,984 INFO  CreateClassResetClassAdapter - Adding bytecode for initializing field TYPE_URL
2024-11-12 13:41:16,984 INFO  CreateClassResetClassAdapter - Adding bytecode for initializing field TYPE_CLASS
2024-11-12 13:41:16,984 INFO  CreateClassResetClassAdapter - Adding bytecode for initializing field TYPE_CURRENCY
2024-11-12 13:41:16,984 INFO  CreateClassResetClassAdapter - Adding bytecode for initializing field TYPE_BYTE_ARRAY
2024-11-12 13:41:16,985 INFO  EvoClassLoader - Keeping class: com.fasterxml.jackson.databind.deser.std.StdKeyDeserializer
2024-11-12 13:41:16,985 INFO  EvoClassLoader - Seeing class for first time: com.fasterxml.jackson.databind.deser.std.StdKeyDeserializer$StringCtorKeyDeserializer
2024-11-12 13:41:16,985 INFO  EvoClassLoader - Instrumenting class 'com.fasterxml.jackson.databind.deser.std.StdKeyDeserializer$StringCtorKeyDeserializer'.
2024-11-12 13:41:16,985 INFO  MethodCallReplacementClassAdapter - Adding mock interface to class com/fasterxml/jackson/databind/deser/std/StdKeyDeserializer$StringCtorKeyDeserializer
2024-11-12 13:41:16,985 INFO  CreateClassResetClassAdapter - Creating brand-new static initializer in class com/fasterxml/jackson/databind/deser/std/StdKeyDeserializer$StringCtorKeyDeserializer
2024-11-12 13:41:16,985 INFO  EvoClassLoader - Keeping class: com.fasterxml.jackson.databind.deser.std.StdKeyDeserializer$StringCtorKeyDeserializer
2024-11-12 13:41:16,985 INFO  EvoClassLoader - Seeing class for first time: com.fasterxml.jackson.databind.deser.std.StdKeyDeserializer$StringFactoryKeyDeserializer
2024-11-12 13:41:16,985 INFO  EvoClassLoader - Instrumenting class 'com.fasterxml.jackson.databind.deser.std.StdKeyDeserializer$StringFactoryKeyDeserializer'.
2024-11-12 13:41:16,985 INFO  MethodCallReplacementClassAdapter - Adding mock interface to class com/fasterxml/jackson/databind/deser/std/StdKeyDeserializer$StringFactoryKeyDeserializer
2024-11-12 13:41:16,985 INFO  CreateClassResetClassAdapter - Creating brand-new static initializer in class com/fasterxml/jackson/databind/deser/std/StdKeyDeserializer$StringFactoryKeyDeserializer
2024-11-12 13:41:16,985 INFO  EvoClassLoader - Keeping class: com.fasterxml.jackson.databind.deser.std.StdKeyDeserializer$StringFactoryKeyDeserializer
2024-11-12 13:41:16,985 INFO  EvoClassLoader - Seeing class for first time: com.fasterxml.jackson.databind.deser.std.StdKeyDeserializer$DelegatingKD
2024-11-12 13:41:16,985 INFO  EvoClassLoader - Instrumenting class 'com.fasterxml.jackson.databind.deser.std.StdKeyDeserializer$DelegatingKD'.
2024-11-12 13:41:16,986 INFO  MethodCallReplacementClassAdapter - Adding mock interface to class com/fasterxml/jackson/databind/deser/std/StdKeyDeserializer$DelegatingKD
2024-11-12 13:41:16,986 INFO  CreateClassResetClassAdapter - Creating brand-new static initializer in class com/fasterxml/jackson/databind/deser/std/StdKeyDeserializer$DelegatingKD
2024-11-12 13:41:16,986 INFO  EvoClassLoader - Keeping class: com.fasterxml.jackson.databind.deser.std.StdKeyDeserializer$DelegatingKD
2024-11-12 13:41:16,986 INFO  EvoClassLoader - Seeing class for first time: com.fasterxml.jackson.databind.deser.std.StdKeyDeserializer$EnumKD
2024-11-12 13:41:16,986 INFO  EvoClassLoader - Instrumenting class 'com.fasterxml.jackson.databind.deser.std.StdKeyDeserializer$EnumKD'.
2024-11-12 13:41:16,986 INFO  MethodCallReplacementClassAdapter - Adding mock interface to class com/fasterxml/jackson/databind/deser/std/StdKeyDeserializer$EnumKD
2024-11-12 13:41:16,986 INFO  CreateClassResetClassAdapter - Creating brand-new static initializer in class com/fasterxml/jackson/databind/deser/std/StdKeyDeserializer$EnumKD
2024-11-12 13:41:16,986 INFO  EvoClassLoader - Keeping class: com.fasterxml.jackson.databind.deser.std.StdKeyDeserializer$EnumKD
2024-11-12 13:41:16,987 INFO  EvoClassLoader - Seeing class for first time: com.fasterxml.jackson.databind.deser.std.ThrowableDeserializer
2024-11-12 13:41:16,987 INFO  EvoClassLoader - Instrumenting class 'com.fasterxml.jackson.databind.deser.std.ThrowableDeserializer'.
2024-11-12 13:41:16,987 INFO  MethodCallReplacementClassAdapter - Adding mock interface to class com/fasterxml/jackson/databind/deser/std/ThrowableDeserializer
2024-11-12 13:41:16,987 INFO  CreateClassResetClassAdapter - Creating brand-new static initializer in class com/fasterxml/jackson/databind/deser/std/ThrowableDeserializer
2024-11-12 13:41:16,987 INFO  CreateClassResetClassAdapter - Adding bytecode for initializing field PROP_NAME_MESSAGE
2024-11-12 13:41:16,987 INFO  EvoClassLoader - Seeing class for first time: com.fasterxml.jackson.databind.deser.BeanDeserializer
2024-11-12 13:41:16,987 INFO  EvoClassLoader - Instrumenting class 'com.fasterxml.jackson.databind.deser.BeanDeserializer'.
2024-11-12 13:41:16,988 INFO  MethodCallReplacementClassAdapter - Adding mock interface to class com/fasterxml/jackson/databind/deser/BeanDeserializer
2024-11-12 13:41:16,989 INFO  CreateClassResetClassAdapter - Creating brand-new static initializer in class com/fasterxml/jackson/databind/deser/BeanDeserializer
2024-11-12 13:41:16,989 INFO  EvoClassLoader - Seeing class for first time: com.fasterxml.jackson.databind.deser.BeanDeserializerBase
2024-11-12 13:41:16,989 INFO  EvoClassLoader - Instrumenting class 'com.fasterxml.jackson.databind.deser.BeanDeserializerBase'.
2024-11-12 13:41:16,990 INFO  MethodCallReplacementClassAdapter - Adding mock interface to class com/fasterxml/jackson/databind/deser/BeanDeserializerBase
2024-11-12 13:41:16,993 INFO  CreateClassResetClassAdapter - Found static initializer in class com/fasterxml/jackson/databind/deser/BeanDeserializerBase
2024-11-12 13:41:16,994 INFO  EvoClassLoader - Keeping class: com.fasterxml.jackson.databind.deser.BeanDeserializerBase
2024-11-12 13:41:16,994 INFO  EvoClassLoader - Keeping class: com.fasterxml.jackson.databind.deser.BeanDeserializer
2024-11-12 13:41:16,994 INFO  EvoClassLoader - Keeping class: com.fasterxml.jackson.databind.deser.std.ThrowableDeserializer
2024-11-12 13:41:16,995 INFO  EvoClassLoader - Seeing class for first time: com.fasterxml.jackson.databind.deser.impl.ErrorThrowingDeserializer
2024-11-12 13:41:16,995 INFO  EvoClassLoader - Instrumenting class 'com.fasterxml.jackson.databind.deser.impl.ErrorThrowingDeserializer'.
2024-11-12 13:41:16,995 INFO  MethodCallReplacementClassAdapter - Adding mock interface to class com/fasterxml/jackson/databind/deser/impl/ErrorThrowingDeserializer
2024-11-12 13:41:16,995 INFO  CreateClassResetClassAdapter - Creating brand-new static initializer in class com/fasterxml/jackson/databind/deser/impl/ErrorThrowingDeserializer
2024-11-12 13:41:16,995 INFO  EvoClassLoader - Keeping class: com.fasterxml.jackson.databind.deser.impl.ErrorThrowingDeserializer
2024-11-12 13:41:16,995 INFO  EvoClassLoader - Seeing class for first time: com.fasterxml.jackson.databind.deser.impl.UnsupportedTypeDeserializer
2024-11-12 13:41:16,995 INFO  EvoClassLoader - Instrumenting class 'com.fasterxml.jackson.databind.deser.impl.UnsupportedTypeDeserializer'.
2024-11-12 13:41:16,995 INFO  MethodCallReplacementClassAdapter - Adding mock interface to class com/fasterxml/jackson/databind/deser/impl/UnsupportedTypeDeserializer
2024-11-12 13:41:16,995 INFO  CreateClassResetClassAdapter - Creating brand-new static initializer in class com/fasterxml/jackson/databind/deser/impl/UnsupportedTypeDeserializer
2024-11-12 13:41:16,995 INFO  EvoClassLoader - Keeping class: com.fasterxml.jackson.databind.deser.impl.UnsupportedTypeDeserializer
2024-11-12 13:41:16,995 INFO  EvoClassLoader - Seeing class for first time: com.fasterxml.jackson.databind.deser.impl.PropertyBasedObjectIdGenerator
2024-11-12 13:41:16,995 INFO  EvoClassLoader - Instrumenting class 'com.fasterxml.jackson.databind.deser.impl.PropertyBasedObjectIdGenerator'.
2024-11-12 13:41:16,996 INFO  MethodCallReplacementClassAdapter - Adding mock interface to class com/fasterxml/jackson/databind/deser/impl/PropertyBasedObjectIdGenerator
2024-11-12 13:41:16,996 INFO  CreateClassResetClassAdapter - Creating brand-new static initializer in class com/fasterxml/jackson/databind/deser/impl/PropertyBasedObjectIdGenerator
2024-11-12 13:41:16,996 INFO  EvoClassLoader - Seeing class for first time: com.fasterxml.jackson.annotation.ObjectIdGenerators$PropertyGenerator
2024-11-12 13:41:16,996 INFO  EvoClassLoader - Instrumenting class 'com.fasterxml.jackson.annotation.ObjectIdGenerators$PropertyGenerator'.
2024-11-12 13:41:16,996 INFO  MethodCallReplacementClassAdapter - Adding mock interface to class com/fasterxml/jackson/annotation/ObjectIdGenerators$PropertyGenerator
2024-11-12 13:41:16,996 INFO  CreateClassResetClassAdapter - Creating brand-new static initializer in class com/fasterxml/jackson/annotation/ObjectIdGenerators$PropertyGenerator
2024-11-12 13:41:16,996 INFO  EvoClassLoader - Seeing class for first time: com.fasterxml.jackson.annotation.ObjectIdGenerators$Base
2024-11-12 13:41:16,996 INFO  EvoClassLoader - Instrumenting class 'com.fasterxml.jackson.annotation.ObjectIdGenerators$Base'.
2024-11-12 13:41:16,996 INFO  MethodCallReplacementClassAdapter - Adding mock interface to class com/fasterxml/jackson/annotation/ObjectIdGenerators$Base
2024-11-12 13:41:16,996 INFO  CreateClassResetClassAdapter - Creating brand-new static initializer in class com/fasterxml/jackson/annotation/ObjectIdGenerators$Base
2024-11-12 13:41:16,996 INFO  EvoClassLoader - Keeping class: com.fasterxml.jackson.annotation.ObjectIdGenerators$Base
2024-11-12 13:41:16,996 INFO  EvoClassLoader - Keeping class: com.fasterxml.jackson.annotation.ObjectIdGenerators$PropertyGenerator
2024-11-12 13:41:16,996 INFO  EvoClassLoader - Keeping class: com.fasterxml.jackson.databind.deser.impl.PropertyBasedObjectIdGenerator
2024-11-12 13:41:16,996 INFO  EvoClassLoader - Seeing class for first time: com.fasterxml.jackson.databind.deser.impl.MethodProperty
2024-11-12 13:41:16,996 INFO  EvoClassLoader - Instrumenting class 'com.fasterxml.jackson.databind.deser.impl.MethodProperty'.
2024-11-12 13:41:16,996 INFO  MethodCallReplacementClassAdapter - Adding mock interface to class com/fasterxml/jackson/databind/deser/impl/MethodProperty
2024-11-12 13:41:16,997 INFO  CreateClassResetClassAdapter - Creating brand-new static initializer in class com/fasterxml/jackson/databind/deser/impl/MethodProperty
2024-11-12 13:41:16,997 INFO  EvoClassLoader - Keeping class: com.fasterxml.jackson.databind.deser.impl.MethodProperty
2024-11-12 13:41:16,997 INFO  EvoClassLoader - Seeing class for first time: com.fasterxml.jackson.databind.deser.impl.FieldProperty
2024-11-12 13:41:16,997 INFO  EvoClassLoader - Instrumenting class 'com.fasterxml.jackson.databind.deser.impl.FieldProperty'.
2024-11-12 13:41:16,997 INFO  MethodCallReplacementClassAdapter - Adding mock interface to class com/fasterxml/jackson/databind/deser/impl/FieldProperty
2024-11-12 13:41:16,998 INFO  CreateClassResetClassAdapter - Creating brand-new static initializer in class com/fasterxml/jackson/databind/deser/impl/FieldProperty
2024-11-12 13:41:16,998 INFO  EvoClassLoader - Keeping class: com.fasterxml.jackson.databind.deser.impl.FieldProperty
2024-11-12 13:41:16,998 INFO  EvoClassLoader - Seeing class for first time: com.fasterxml.jackson.databind.deser.impl.SetterlessProperty
2024-11-12 13:41:16,998 INFO  EvoClassLoader - Instrumenting class 'com.fasterxml.jackson.databind.deser.impl.SetterlessProperty'.
2024-11-12 13:41:16,998 INFO  MethodCallReplacementClassAdapter - Adding mock interface to class com/fasterxml/jackson/databind/deser/impl/SetterlessProperty
2024-11-12 13:41:16,999 INFO  CreateClassResetClassAdapter - Creating brand-new static initializer in class com/fasterxml/jackson/databind/deser/impl/SetterlessProperty
2024-11-12 13:41:16,999 INFO  EvoClassLoader - Keeping class: com.fasterxml.jackson.databind.deser.impl.SetterlessProperty
2024-11-12 13:41:16,999 INFO  EvoClassLoader - Seeing class for first time: com.fasterxml.jackson.databind.deser.BeanDeserializerBuilder
2024-11-12 13:41:16,999 INFO  EvoClassLoader - Instrumenting class 'com.fasterxml.jackson.databind.deser.BeanDeserializerBuilder'.
2024-11-12 13:41:17,000 INFO  MethodCallReplacementClassAdapter - Adding mock interface to class com/fasterxml/jackson/databind/deser/BeanDeserializerBuilder
2024-11-12 13:41:17,001 INFO  CreateClassResetClassAdapter - Creating brand-new static initializer in class com/fasterxml/jackson/databind/deser/BeanDeserializerBuilder
2024-11-12 13:41:17,001 INFO  EvoClassLoader - Keeping class: com.fasterxml.jackson.databind.deser.BeanDeserializerBuilder
2024-11-12 13:41:17,001 INFO  EvoClassLoader - Seeing class for first time: com.fasterxml.jackson.databind.deser.SettableAnyProperty
2024-11-12 13:41:17,001 INFO  EvoClassLoader - Instrumenting class 'com.fasterxml.jackson.databind.deser.SettableAnyProperty'.
2024-11-12 13:41:17,002 INFO  MethodCallReplacementClassAdapter - Adding mock interface to class com/fasterxml/jackson/databind/deser/SettableAnyProperty
2024-11-12 13:41:17,002 INFO  CreateClassResetClassAdapter - Creating brand-new static initializer in class com/fasterxml/jackson/databind/deser/SettableAnyProperty
2024-11-12 13:41:17,003 INFO  EvoClassLoader - Keeping class: com.fasterxml.jackson.databind.deser.SettableAnyProperty
2024-11-12 13:41:17,003 INFO  EvoClassLoader - Seeing class for first time: com.fasterxml.jackson.databind.deser.DeserializerCache
2024-11-12 13:41:17,003 INFO  EvoClassLoader - Instrumenting class 'com.fasterxml.jackson.databind.deser.DeserializerCache'.
2024-11-12 13:41:17,003 INFO  MethodCallReplacementClassAdapter - Adding mock interface to class com/fasterxml/jackson/databind/deser/DeserializerCache
2024-11-12 13:41:17,005 INFO  CreateClassResetClassAdapter - Creating brand-new static initializer in class com/fasterxml/jackson/databind/deser/DeserializerCache
2024-11-12 13:41:17,005 INFO  EvoClassLoader - Keeping class: com.fasterxml.jackson.databind.deser.DeserializerCache
2024-11-12 13:41:17,005 INFO  EvoClassLoader - Seeing class for first time: com.fasterxml.jackson.databind.deser.std.StdDelegatingDeserializer
2024-11-12 13:41:17,005 INFO  EvoClassLoader - Instrumenting class 'com.fasterxml.jackson.databind.deser.std.StdDelegatingDeserializer'.
2024-11-12 13:41:17,006 INFO  MethodCallReplacementClassAdapter - Adding mock interface to class com/fasterxml/jackson/databind/deser/std/StdDelegatingDeserializer
2024-11-12 13:41:17,006 INFO  CreateClassResetClassAdapter - Creating brand-new static initializer in class com/fasterxml/jackson/databind/deser/std/StdDelegatingDeserializer
2024-11-12 13:41:17,006 INFO  EvoClassLoader - Keeping class: com.fasterxml.jackson.databind.deser.std.StdDelegatingDeserializer
2024-11-12 13:41:17,006 INFO  EvoClassLoader - Seeing class for first time: com.fasterxml.jackson.databind.ser.Serializers
2024-11-12 13:41:17,006 INFO  EvoClassLoader - Instrumenting class 'com.fasterxml.jackson.databind.ser.Serializers'.
2024-11-12 13:41:17,006 INFO  EvoClassLoader - Keeping class: com.fasterxml.jackson.databind.ser.Serializers
2024-11-12 13:41:17,006 INFO  EvoClassLoader - Seeing class for first time: com.fasterxml.jackson.databind.ser.BeanSerializerModifier
2024-11-12 13:41:17,006 INFO  EvoClassLoader - Instrumenting class 'com.fasterxml.jackson.databind.ser.BeanSerializerModifier'.
2024-11-12 13:41:17,006 INFO  MethodCallReplacementClassAdapter - Adding mock interface to class com/fasterxml/jackson/databind/ser/BeanSerializerModifier
2024-11-12 13:41:17,007 INFO  CreateClassResetClassAdapter - Creating brand-new static initializer in class com/fasterxml/jackson/databind/ser/BeanSerializerModifier
2024-11-12 13:41:17,007 INFO  EvoClassLoader - Keeping class: com.fasterxml.jackson.databind.ser.BeanSerializerModifier
2024-11-12 13:41:17,007 INFO  EvoClassLoader - Seeing class for first time: com.fasterxml.jackson.databind.ser.std.StdScalarSerializer
2024-11-12 13:41:17,007 INFO  EvoClassLoader - Instrumenting class 'com.fasterxml.jackson.databind.ser.std.StdScalarSerializer'.
2024-11-12 13:41:17,007 INFO  MethodCallReplacementClassAdapter - Adding mock interface to class com/fasterxml/jackson/databind/ser/std/StdScalarSerializer
2024-11-12 13:41:17,007 INFO  CreateClassResetClassAdapter - Creating brand-new static initializer in class com/fasterxml/jackson/databind/ser/std/StdScalarSerializer
2024-11-12 13:41:17,007 INFO  EvoClassLoader - Keeping class: com.fasterxml.jackson.databind.ser.std.StdScalarSerializer
2024-11-12 13:41:17,007 INFO  EvoClassLoader - Seeing class for first time: com.fasterxml.jackson.databind.ser.std.StringSerializer
2024-11-12 13:41:17,007 INFO  EvoClassLoader - Instrumenting class 'com.fasterxml.jackson.databind.ser.std.StringSerializer'.
2024-11-12 13:41:17,007 INFO  MethodCallReplacementClassAdapter - Adding mock interface to class com/fasterxml/jackson/databind/ser/std/StringSerializer
2024-11-12 13:41:17,007 INFO  CreateClassResetClassAdapter - Creating brand-new static initializer in class com/fasterxml/jackson/databind/ser/std/StringSerializer
2024-11-12 13:41:17,008 INFO  EvoClassLoader - Keeping class: com.fasterxml.jackson.databind.ser.std.StringSerializer
2024-11-12 13:41:17,008 INFO  EvoClassLoader - Seeing class for first time: com.fasterxml.jackson.databind.ser.std.ToStringSerializerBase
2024-11-12 13:41:17,008 INFO  EvoClassLoader - Instrumenting class 'com.fasterxml.jackson.databind.ser.std.ToStringSerializerBase'.
2024-11-12 13:41:17,008 INFO  MethodCallReplacementClassAdapter - Adding mock interface to class com/fasterxml/jackson/databind/ser/std/ToStringSerializerBase
2024-11-12 13:41:17,008 INFO  CreateClassResetClassAdapter - Creating brand-new static initializer in class com/fasterxml/jackson/databind/ser/std/ToStringSerializerBase
2024-11-12 13:41:17,008 INFO  EvoClassLoader - Keeping class: com.fasterxml.jackson.databind.ser.std.ToStringSerializerBase
2024-11-12 13:41:17,008 INFO  EvoClassLoader - Seeing class for first time: com.fasterxml.jackson.databind.ser.std.ToStringSerializer
2024-11-12 13:41:17,008 INFO  EvoClassLoader - Instrumenting class 'com.fasterxml.jackson.databind.ser.std.ToStringSerializer'.
2024-11-12 13:41:17,008 INFO  MethodCallReplacementClassAdapter - Adding mock interface to class com/fasterxml/jackson/databind/ser/std/ToStringSerializer
2024-11-12 13:41:17,008 INFO  CreateClassResetClassAdapter - Found static initializer in class com/fasterxml/jackson/databind/ser/std/ToStringSerializer
2024-11-12 13:41:17,008 INFO  EvoClassLoader - Keeping class: com.fasterxml.jackson.databind.ser.std.ToStringSerializer
2024-11-12 13:41:17,008 INFO  EvoClassLoader - Seeing class for first time: com.fasterxml.jackson.databind.ser.std.NumberSerializers
2024-11-12 13:41:17,008 INFO  EvoClassLoader - Instrumenting class 'com.fasterxml.jackson.databind.ser.std.NumberSerializers'.
2024-11-12 13:41:17,009 INFO  MethodCallReplacementClassAdapter - Adding mock interface to class com/fasterxml/jackson/databind/ser/std/NumberSerializers
2024-11-12 13:41:17,009 INFO  CreateClassResetClassAdapter - Creating brand-new static initializer in class com/fasterxml/jackson/databind/ser/std/NumberSerializers
2024-11-12 13:41:17,009 INFO  EvoClassLoader - Keeping class: com.fasterxml.jackson.databind.ser.std.NumberSerializers
2024-11-12 13:41:17,009 INFO  EvoClassLoader - Seeing class for first time: com.fasterxml.jackson.databind.ser.std.NumberSerializers$Base
2024-11-12 13:41:17,009 INFO  EvoClassLoader - Instrumenting class 'com.fasterxml.jackson.databind.ser.std.NumberSerializers$Base'.
2024-11-12 13:41:17,009 INFO  MethodCallReplacementClassAdapter - Adding mock interface to class com/fasterxml/jackson/databind/ser/std/NumberSerializers$Base
2024-11-12 13:41:17,009 INFO  CreateClassResetClassAdapter - Creating brand-new static initializer in class com/fasterxml/jackson/databind/ser/std/NumberSerializers$Base
2024-11-12 13:41:17,009 INFO  EvoClassLoader - Keeping class: com.fasterxml.jackson.databind.ser.std.NumberSerializers$Base
2024-11-12 13:41:17,009 INFO  EvoClassLoader - Seeing class for first time: com.fasterxml.jackson.databind.ser.std.NumberSerializers$DoubleSerializer
2024-11-12 13:41:17,009 INFO  EvoClassLoader - Instrumenting class 'com.fasterxml.jackson.databind.ser.std.NumberSerializers$DoubleSerializer'.
2024-11-12 13:41:17,010 INFO  MethodCallReplacementClassAdapter - Adding mock interface to class com/fasterxml/jackson/databind/ser/std/NumberSerializers$DoubleSerializer
2024-11-12 13:41:17,010 INFO  CreateClassResetClassAdapter - Creating brand-new static initializer in class com/fasterxml/jackson/databind/ser/std/NumberSerializers$DoubleSerializer
2024-11-12 13:41:17,010 INFO  EvoClassLoader - Keeping class: com.fasterxml.jackson.databind.ser.std.NumberSerializers$DoubleSerializer
2024-11-12 13:41:17,010 INFO  EvoClassLoader - Seeing class for first time: com.fasterxml.jackson.databind.ser.std.NumberSerializers$FloatSerializer
2024-11-12 13:41:17,010 INFO  EvoClassLoader - Instrumenting class 'com.fasterxml.jackson.databind.ser.std.NumberSerializers$FloatSerializer'.
2024-11-12 13:41:17,010 INFO  MethodCallReplacementClassAdapter - Adding mock interface to class com/fasterxml/jackson/databind/ser/std/NumberSerializers$FloatSerializer
2024-11-12 13:41:17,010 INFO  CreateClassResetClassAdapter - Found static initializer in class com/fasterxml/jackson/databind/ser/std/NumberSerializers$FloatSerializer
2024-11-12 13:41:17,010 INFO  EvoClassLoader - Keeping class: com.fasterxml.jackson.databind.ser.std.NumberSerializers$FloatSerializer
2024-11-12 13:41:17,010 INFO  EvoClassLoader - Seeing class for first time: com.fasterxml.jackson.databind.ser.std.NumberSerializers$LongSerializer
2024-11-12 13:41:17,010 INFO  EvoClassLoader - Instrumenting class 'com.fasterxml.jackson.databind.ser.std.NumberSerializers$LongSerializer'.
2024-11-12 13:41:17,011 INFO  MethodCallReplacementClassAdapter - Adding mock interface to class com/fasterxml/jackson/databind/ser/std/NumberSerializers$LongSerializer
2024-11-12 13:41:17,011 INFO  CreateClassResetClassAdapter - Creating brand-new static initializer in class com/fasterxml/jackson/databind/ser/std/NumberSerializers$LongSerializer
2024-11-12 13:41:17,011 INFO  EvoClassLoader - Keeping class: com.fasterxml.jackson.databind.ser.std.NumberSerializers$LongSerializer
2024-11-12 13:41:17,011 INFO  EvoClassLoader - Seeing class for first time: com.fasterxml.jackson.databind.ser.std.NumberSerializers$IntLikeSerializer
2024-11-12 13:41:17,011 INFO  EvoClassLoader - Instrumenting class 'com.fasterxml.jackson.databind.ser.std.NumberSerializers$IntLikeSerializer'.
2024-11-12 13:41:17,011 INFO  MethodCallReplacementClassAdapter - Adding mock interface to class com/fasterxml/jackson/databind/ser/std/NumberSerializers$IntLikeSerializer
2024-11-12 13:41:17,011 INFO  CreateClassResetClassAdapter - Found static initializer in class com/fasterxml/jackson/databind/ser/std/NumberSerializers$IntLikeSerializer
2024-11-12 13:41:17,012 INFO  EvoClassLoader - Keeping class: com.fasterxml.jackson.databind.ser.std.NumberSerializers$IntLikeSerializer
2024-11-12 13:41:17,012 INFO  EvoClassLoader - Seeing class for first time: com.fasterxml.jackson.databind.ser.std.NumberSerializers$IntegerSerializer
2024-11-12 13:41:17,012 INFO  EvoClassLoader - Instrumenting class 'com.fasterxml.jackson.databind.ser.std.NumberSerializers$IntegerSerializer'.
2024-11-12 13:41:17,012 INFO  MethodCallReplacementClassAdapter - Adding mock interface to class com/fasterxml/jackson/databind/ser/std/NumberSerializers$IntegerSerializer
2024-11-12 13:41:17,012 INFO  CreateClassResetClassAdapter - Creating brand-new static initializer in class com/fasterxml/jackson/databind/ser/std/NumberSerializers$IntegerSerializer
2024-11-12 13:41:17,012 INFO  EvoClassLoader - Keeping class: com.fasterxml.jackson.databind.ser.std.NumberSerializers$IntegerSerializer
2024-11-12 13:41:17,012 INFO  EvoClassLoader - Seeing class for first time: com.fasterxml.jackson.databind.ser.std.NumberSerializers$ShortSerializer
2024-11-12 13:41:17,012 INFO  EvoClassLoader - Instrumenting class 'com.fasterxml.jackson.databind.ser.std.NumberSerializers$ShortSerializer'.
2024-11-12 13:41:17,012 INFO  MethodCallReplacementClassAdapter - Adding mock interface to class com/fasterxml/jackson/databind/ser/std/NumberSerializers$ShortSerializer
2024-11-12 13:41:17,012 INFO  CreateClassResetClassAdapter - Found static initializer in class com/fasterxml/jackson/databind/ser/std/NumberSerializers$ShortSerializer
2024-11-12 13:41:17,012 INFO  EvoClassLoader - Keeping class: com.fasterxml.jackson.databind.ser.std.NumberSerializers$ShortSerializer
2024-11-12 13:41:17,013 INFO  EvoClassLoader - Seeing class for first time: com.fasterxml.jackson.databind.ser.std.BooleanSerializer
2024-11-12 13:41:17,013 INFO  EvoClassLoader - Instrumenting class 'com.fasterxml.jackson.databind.ser.std.BooleanSerializer'.
2024-11-12 13:41:17,013 INFO  MethodCallReplacementClassAdapter - Adding mock interface to class com/fasterxml/jackson/databind/ser/std/BooleanSerializer
2024-11-12 13:41:17,014 INFO  CreateClassResetClassAdapter - Creating brand-new static initializer in class com/fasterxml/jackson/databind/ser/std/BooleanSerializer
2024-11-12 13:41:17,014 INFO  EvoClassLoader - Keeping class: com.fasterxml.jackson.databind.ser.std.BooleanSerializer
2024-11-12 13:41:17,014 INFO  EvoClassLoader - Seeing class for first time: com.fasterxml.jackson.databind.ser.std.BooleanSerializer$AsNumber
2024-11-12 13:41:17,014 INFO  EvoClassLoader - Instrumenting class 'com.fasterxml.jackson.databind.ser.std.BooleanSerializer$AsNumber'.
2024-11-12 13:41:17,014 INFO  MethodCallReplacementClassAdapter - Adding mock interface to class com/fasterxml/jackson/databind/ser/std/BooleanSerializer$AsNumber
2024-11-12 13:41:17,015 INFO  CreateClassResetClassAdapter - Creating brand-new static initializer in class com/fasterxml/jackson/databind/ser/std/BooleanSerializer$AsNumber
2024-11-12 13:41:17,015 INFO  EvoClassLoader - Keeping class: com.fasterxml.jackson.databind.ser.std.BooleanSerializer$AsNumber
2024-11-12 13:41:17,015 INFO  EvoClassLoader - Seeing class for first time: com.fasterxml.jackson.databind.ser.std.NumberSerializer
2024-11-12 13:41:17,015 INFO  EvoClassLoader - Instrumenting class 'com.fasterxml.jackson.databind.ser.std.NumberSerializer'.
2024-11-12 13:41:17,015 INFO  MethodCallReplacementClassAdapter - Adding mock interface to class com/fasterxml/jackson/databind/ser/std/NumberSerializer
2024-11-12 13:41:17,016 INFO  CreateClassResetClassAdapter - Found static initializer in class com/fasterxml/jackson/databind/ser/std/NumberSerializer
2024-11-12 13:41:17,016 INFO  EvoClassLoader - Keeping class: com.fasterxml.jackson.databind.ser.std.NumberSerializer
2024-11-12 13:41:17,016 INFO  EvoClassLoader - Seeing class for first time: com.fasterxml.jackson.databind.ser.std.NumberSerializer$BigDecimalAsStringSerializer
2024-11-12 13:41:17,016 INFO  EvoClassLoader - Instrumenting class 'com.fasterxml.jackson.databind.ser.std.NumberSerializer$BigDecimalAsStringSerializer'.
2024-11-12 13:41:17,016 INFO  MethodCallReplacementClassAdapter - Adding mock interface to class com/fasterxml/jackson/databind/ser/std/NumberSerializer$BigDecimalAsStringSerializer
2024-11-12 13:41:17,017 INFO  CreateClassResetClassAdapter - Found static initializer in class com/fasterxml/jackson/databind/ser/std/NumberSerializer$BigDecimalAsStringSerializer
2024-11-12 13:41:17,017 INFO  EvoClassLoader - Keeping class: com.fasterxml.jackson.databind.ser.std.NumberSerializer$BigDecimalAsStringSerializer
2024-11-12 13:41:17,017 INFO  EvoClassLoader - Seeing class for first time: com.fasterxml.jackson.databind.ser.std.DateTimeSerializerBase
2024-11-12 13:41:17,017 INFO  EvoClassLoader - Instrumenting class 'com.fasterxml.jackson.databind.ser.std.DateTimeSerializerBase'.
2024-11-12 13:41:17,018 INFO  MethodCallReplacementClassAdapter - Adding mock interface to class com/fasterxml/jackson/databind/ser/std/DateTimeSerializerBase
2024-11-12 13:41:17,019 INFO  CreateClassResetClassAdapter - Creating brand-new static initializer in class com/fasterxml/jackson/databind/ser/std/DateTimeSerializerBase
2024-11-12 13:41:17,019 INFO  EvoClassLoader - Keeping class: com.fasterxml.jackson.databind.ser.std.DateTimeSerializerBase
2024-11-12 13:41:17,020 INFO  EvoClassLoader - Seeing class for first time: com.fasterxml.jackson.databind.ser.std.CalendarSerializer
2024-11-12 13:41:17,020 INFO  EvoClassLoader - Instrumenting class 'com.fasterxml.jackson.databind.ser.std.CalendarSerializer'.
2024-11-12 13:41:17,020 INFO  MethodCallReplacementClassAdapter - Adding mock interface to class com/fasterxml/jackson/databind/ser/std/CalendarSerializer
2024-11-12 13:41:17,020 INFO  CreateClassResetClassAdapter - Found static initializer in class com/fasterxml/jackson/databind/ser/std/CalendarSerializer
2024-11-12 13:41:17,020 INFO  EvoClassLoader - Keeping class: com.fasterxml.jackson.databind.ser.std.CalendarSerializer
2024-11-12 13:41:17,020 INFO  EvoClassLoader - Seeing class for first time: com.fasterxml.jackson.databind.ser.std.DateSerializer
2024-11-12 13:41:17,020 INFO  EvoClassLoader - Instrumenting class 'com.fasterxml.jackson.databind.ser.std.DateSerializer'.
2024-11-12 13:41:17,021 INFO  MethodCallReplacementClassAdapter - Adding mock interface to class com/fasterxml/jackson/databind/ser/std/DateSerializer
2024-11-12 13:41:17,021 INFO  CreateClassResetClassAdapter - Found static initializer in class com/fasterxml/jackson/databind/ser/std/DateSerializer
2024-11-12 13:41:17,021 INFO  EvoClassLoader - Keeping class: com.fasterxml.jackson.databind.ser.std.DateSerializer
2024-11-12 13:41:17,021 INFO  EvoClassLoader - Seeing class for first time: com.fasterxml.jackson.databind.ser.std.StdJdkSerializers
2024-11-12 13:41:17,021 INFO  EvoClassLoader - Instrumenting class 'com.fasterxml.jackson.databind.ser.std.StdJdkSerializers'.
2024-11-12 13:41:17,022 INFO  MethodCallReplacementClassAdapter - Adding mock interface to class com/fasterxml/jackson/databind/ser/std/StdJdkSerializers
2024-11-12 13:41:17,022 INFO  CreateClassResetClassAdapter - Creating brand-new static initializer in class com/fasterxml/jackson/databind/ser/std/StdJdkSerializers
2024-11-12 13:41:17,022 INFO  EvoClassLoader - Keeping class: com.fasterxml.jackson.databind.ser.std.StdJdkSerializers
2024-11-12 13:41:17,022 INFO  EvoClassLoader - Seeing class for first time: com.fasterxml.jackson.databind.ser.std.UUIDSerializer
2024-11-12 13:41:17,022 INFO  EvoClassLoader - Instrumenting class 'com.fasterxml.jackson.databind.ser.std.UUIDSerializer'.
2024-11-12 13:41:17,023 INFO  MethodCallReplacementClassAdapter - Adding mock interface to class com/fasterxml/jackson/databind/ser/std/UUIDSerializer
2024-11-12 13:41:17,023 INFO  CreateClassResetClassAdapter - Found static initializer in class com/fasterxml/jackson/databind/ser/std/UUIDSerializer
2024-11-12 13:41:17,023 INFO  EvoClassLoader - Keeping class: com.fasterxml.jackson.databind.ser.std.UUIDSerializer
2024-11-12 13:41:17,024 INFO  EvoClassLoader - Seeing class for first time: com.fasterxml.jackson.databind.ser.std.JsonValueSerializer
2024-11-12 13:41:17,024 INFO  EvoClassLoader - Instrumenting class 'com.fasterxml.jackson.databind.ser.std.JsonValueSerializer'.
2024-11-12 13:41:17,024 INFO  MethodCallReplacementClassAdapter - Adding mock interface to class com/fasterxml/jackson/databind/ser/std/JsonValueSerializer
2024-11-12 13:41:17,025 INFO  CreateClassResetClassAdapter - Creating brand-new static initializer in class com/fasterxml/jackson/databind/ser/std/JsonValueSerializer
2024-11-12 13:41:17,025 INFO  EvoClassLoader - Keeping class: com.fasterxml.jackson.databind.ser.std.JsonValueSerializer
2024-11-12 13:41:17,025 INFO  EvoClassLoader - Seeing class for first time: com.fasterxml.jackson.databind.ser.std.SerializableSerializer
2024-11-12 13:41:17,025 INFO  EvoClassLoader - Instrumenting class 'com.fasterxml.jackson.databind.ser.std.SerializableSerializer'.
2024-11-12 13:41:17,026 INFO  MethodCallReplacementClassAdapter - Adding mock interface to class com/fasterxml/jackson/databind/ser/std/SerializableSerializer
2024-11-12 13:41:17,026 INFO  CreateClassResetClassAdapter - Found static initializer in class com/fasterxml/jackson/databind/ser/std/SerializableSerializer
2024-11-12 13:41:17,026 INFO  EvoClassLoader - Keeping class: com.fasterxml.jackson.databind.ser.std.SerializableSerializer
2024-11-12 13:41:17,026 INFO  EvoClassLoader - Seeing class for first time: com.fasterxml.jackson.databind.ser.std.ByteBufferSerializer
2024-11-12 13:41:17,026 INFO  EvoClassLoader - Instrumenting class 'com.fasterxml.jackson.databind.ser.std.ByteBufferSerializer'.
2024-11-12 13:41:17,026 INFO  MethodCallReplacementClassAdapter - Adding mock interface to class com/fasterxml/jackson/databind/ser/std/ByteBufferSerializer
2024-11-12 13:41:17,026 INFO  CreateClassResetClassAdapter - Creating brand-new static initializer in class com/fasterxml/jackson/databind/ser/std/ByteBufferSerializer
2024-11-12 13:41:17,027 INFO  EvoClassLoader - Keeping class: com.fasterxml.jackson.databind.ser.std.ByteBufferSerializer
2024-11-12 13:41:17,027 INFO  EvoClassLoader - Seeing class for first time: com.fasterxml.jackson.databind.ser.std.InetAddressSerializer
2024-11-12 13:41:17,027 INFO  EvoClassLoader - Instrumenting class 'com.fasterxml.jackson.databind.ser.std.InetAddressSerializer'.
2024-11-12 13:41:17,027 INFO  MethodCallReplacementClassAdapter - Adding mock interface to class com/fasterxml/jackson/databind/ser/std/InetAddressSerializer
2024-11-12 13:41:17,027 INFO  CreateClassResetClassAdapter - Creating brand-new static initializer in class com/fasterxml/jackson/databind/ser/std/InetAddressSerializer
2024-11-12 13:41:17,027 INFO  EvoClassLoader - Keeping class: com.fasterxml.jackson.databind.ser.std.InetAddressSerializer
2024-11-12 13:41:17,027 INFO  EvoClassLoader - Seeing class for first time: com.fasterxml.jackson.databind.ser.std.InetSocketAddressSerializer
2024-11-12 13:41:17,027 INFO  EvoClassLoader - Instrumenting class 'com.fasterxml.jackson.databind.ser.std.InetSocketAddressSerializer'.
2024-11-12 13:41:17,028 INFO  MethodCallReplacementClassAdapter - Adding mock interface to class com/fasterxml/jackson/databind/ser/std/InetSocketAddressSerializer
2024-11-12 13:41:17,028 INFO  CreateClassResetClassAdapter - Creating brand-new static initializer in class com/fasterxml/jackson/databind/ser/std/InetSocketAddressSerializer
2024-11-12 13:41:17,028 INFO  EvoClassLoader - Keeping class: com.fasterxml.jackson.databind.ser.std.InetSocketAddressSerializer
2024-11-12 13:41:17,028 INFO  EvoClassLoader - Seeing class for first time: com.fasterxml.jackson.databind.ser.std.TimeZoneSerializer
2024-11-12 13:41:17,028 INFO  EvoClassLoader - Instrumenting class 'com.fasterxml.jackson.databind.ser.std.TimeZoneSerializer'.
2024-11-12 13:41:17,028 INFO  MethodCallReplacementClassAdapter - Adding mock interface to class com/fasterxml/jackson/databind/ser/std/TimeZoneSerializer
2024-11-12 13:41:17,029 INFO  CreateClassResetClassAdapter - Creating brand-new static initializer in class com/fasterxml/jackson/databind/ser/std/TimeZoneSerializer
2024-11-12 13:41:17,029 INFO  EvoClassLoader - Keeping class: com.fasterxml.jackson.databind.ser.std.TimeZoneSerializer
2024-11-12 13:41:17,029 INFO  EvoClassLoader - Seeing class for first time: com.fasterxml.jackson.databind.ser.ContainerSerializer
2024-11-12 13:41:17,029 INFO  EvoClassLoader - Instrumenting class 'com.fasterxml.jackson.databind.ser.ContainerSerializer'.
2024-11-12 13:41:17,029 INFO  MethodCallReplacementClassAdapter - Adding mock interface to class com/fasterxml/jackson/databind/ser/ContainerSerializer
2024-11-12 13:41:17,029 INFO  CreateClassResetClassAdapter - Creating brand-new static initializer in class com/fasterxml/jackson/databind/ser/ContainerSerializer
2024-11-12 13:41:17,029 INFO  EvoClassLoader - Keeping class: com.fasterxml.jackson.databind.ser.ContainerSerializer
2024-11-12 13:41:17,029 INFO  EvoClassLoader - Seeing class for first time: com.fasterxml.jackson.databind.ser.std.CollectionSerializer
2024-11-12 13:41:17,029 INFO  EvoClassLoader - Instrumenting class 'com.fasterxml.jackson.databind.ser.std.CollectionSerializer'.
2024-11-12 13:41:17,030 INFO  MethodCallReplacementClassAdapter - Adding mock interface to class com/fasterxml/jackson/databind/ser/std/CollectionSerializer
2024-11-12 13:41:17,030 INFO  CreateClassResetClassAdapter - Creating brand-new static initializer in class com/fasterxml/jackson/databind/ser/std/CollectionSerializer
2024-11-12 13:41:17,030 INFO  EvoClassLoader - Seeing class for first time: com.fasterxml.jackson.databind.ser.std.AsArraySerializerBase
2024-11-12 13:41:17,030 INFO  EvoClassLoader - Instrumenting class 'com.fasterxml.jackson.databind.ser.std.AsArraySerializerBase'.
2024-11-12 13:41:17,031 INFO  MethodCallReplacementClassAdapter - Adding mock interface to class com/fasterxml/jackson/databind/ser/std/AsArraySerializerBase
2024-11-12 13:41:17,031 INFO  CreateClassResetClassAdapter - Creating brand-new static initializer in class com/fasterxml/jackson/databind/ser/std/AsArraySerializerBase
2024-11-12 13:41:17,032 INFO  EvoClassLoader - Keeping class: com.fasterxml.jackson.databind.ser.std.AsArraySerializerBase
2024-11-12 13:41:17,032 INFO  EvoClassLoader - Keeping class: com.fasterxml.jackson.databind.ser.std.CollectionSerializer
2024-11-12 13:41:17,032 INFO  EvoClassLoader - Seeing class for first time: com.fasterxml.jackson.databind.ser.impl.IndexedStringListSerializer
2024-11-12 13:41:17,032 INFO  EvoClassLoader - Instrumenting class 'com.fasterxml.jackson.databind.ser.impl.IndexedStringListSerializer'.
2024-11-12 13:41:17,033 INFO  MethodCallReplacementClassAdapter - Adding mock interface to class com/fasterxml/jackson/databind/ser/impl/IndexedStringListSerializer
2024-11-12 13:41:17,033 INFO  CreateClassResetClassAdapter - Found static initializer in class com/fasterxml/jackson/databind/ser/impl/IndexedStringListSerializer
2024-11-12 13:41:17,033 INFO  EvoClassLoader - Seeing class for first time: com.fasterxml.jackson.databind.ser.std.StaticListSerializerBase
2024-11-12 13:41:17,033 INFO  EvoClassLoader - Instrumenting class 'com.fasterxml.jackson.databind.ser.std.StaticListSerializerBase'.
2024-11-12 13:41:17,034 INFO  MethodCallReplacementClassAdapter - Adding mock interface to class com/fasterxml/jackson/databind/ser/std/StaticListSerializerBase
2024-11-12 13:41:17,034 INFO  CreateClassResetClassAdapter - Creating brand-new static initializer in class com/fasterxml/jackson/databind/ser/std/StaticListSerializerBase
2024-11-12 13:41:17,034 INFO  EvoClassLoader - Keeping class: com.fasterxml.jackson.databind.ser.std.StaticListSerializerBase
2024-11-12 13:41:17,034 INFO  EvoClassLoader - Keeping class: com.fasterxml.jackson.databind.ser.impl.IndexedStringListSerializer
2024-11-12 13:41:17,034 INFO  EvoClassLoader - Seeing class for first time: com.fasterxml.jackson.databind.ser.impl.StringCollectionSerializer
2024-11-12 13:41:17,034 INFO  EvoClassLoader - Instrumenting class 'com.fasterxml.jackson.databind.ser.impl.StringCollectionSerializer'.
2024-11-12 13:41:17,035 INFO  MethodCallReplacementClassAdapter - Adding mock interface to class com/fasterxml/jackson/databind/ser/impl/StringCollectionSerializer
2024-11-12 13:41:17,035 INFO  CreateClassResetClassAdapter - Found static initializer in class com/fasterxml/jackson/databind/ser/impl/StringCollectionSerializer
2024-11-12 13:41:17,035 INFO  EvoClassLoader - Keeping class: com.fasterxml.jackson.databind.ser.impl.StringCollectionSerializer
2024-11-12 13:41:17,036 INFO  EvoClassLoader - Seeing class for first time: com.fasterxml.jackson.databind.ser.impl.StringArraySerializer
2024-11-12 13:41:17,036 INFO  EvoClassLoader - Instrumenting class 'com.fasterxml.jackson.databind.ser.impl.StringArraySerializer'.
2024-11-12 13:41:17,036 INFO  MethodCallReplacementClassAdapter - Adding mock interface to class com/fasterxml/jackson/databind/ser/impl/StringArraySerializer
2024-11-12 13:41:17,036 INFO  CreateClassResetClassAdapter - Found static initializer in class com/fasterxml/jackson/databind/ser/impl/StringArraySerializer
2024-11-12 13:41:17,036 INFO  EvoClassLoader - Seeing class for first time: com.fasterxml.jackson.databind.ser.std.ArraySerializerBase
2024-11-12 13:41:17,036 INFO  EvoClassLoader - Instrumenting class 'com.fasterxml.jackson.databind.ser.std.ArraySerializerBase'.
2024-11-12 13:41:17,037 INFO  MethodCallReplacementClassAdapter - Adding mock interface to class com/fasterxml/jackson/databind/ser/std/ArraySerializerBase
2024-11-12 13:41:17,037 INFO  CreateClassResetClassAdapter - Creating brand-new static initializer in class com/fasterxml/jackson/databind/ser/std/ArraySerializerBase
2024-11-12 13:41:17,037 INFO  EvoClassLoader - Keeping class: com.fasterxml.jackson.databind.ser.std.ArraySerializerBase
2024-11-12 13:41:17,037 INFO  EvoClassLoader - Keeping class: com.fasterxml.jackson.databind.ser.impl.StringArraySerializer
2024-11-12 13:41:17,037 INFO  EvoClassLoader - Seeing class for first time: com.fasterxml.jackson.databind.ser.std.ObjectArraySerializer
2024-11-12 13:41:17,037 INFO  EvoClassLoader - Instrumenting class 'com.fasterxml.jackson.databind.ser.std.ObjectArraySerializer'.
2024-11-12 13:41:17,037 INFO  MethodCallReplacementClassAdapter - Adding mock interface to class com/fasterxml/jackson/databind/ser/std/ObjectArraySerializer
2024-11-12 13:41:17,038 INFO  CreateClassResetClassAdapter - Creating brand-new static initializer in class com/fasterxml/jackson/databind/ser/std/ObjectArraySerializer
2024-11-12 13:41:17,038 INFO  EvoClassLoader - Keeping class: com.fasterxml.jackson.databind.ser.std.ObjectArraySerializer
2024-11-12 13:41:17,038 INFO  EvoClassLoader - Seeing class for first time: com.fasterxml.jackson.databind.ser.std.EnumSetSerializer
2024-11-12 13:41:17,038 INFO  EvoClassLoader - Instrumenting class 'com.fasterxml.jackson.databind.ser.std.EnumSetSerializer'.
2024-11-12 13:41:17,038 INFO  MethodCallReplacementClassAdapter - Adding mock interface to class com/fasterxml/jackson/databind/ser/std/EnumSetSerializer
2024-11-12 13:41:17,038 INFO  CreateClassResetClassAdapter - Creating brand-new static initializer in class com/fasterxml/jackson/databind/ser/std/EnumSetSerializer
2024-11-12 13:41:17,038 INFO  EvoClassLoader - Keeping class: com.fasterxml.jackson.databind.ser.std.EnumSetSerializer
2024-11-12 13:41:17,038 INFO  EvoClassLoader - Seeing class for first time: com.fasterxml.jackson.databind.ser.impl.IndexedListSerializer
2024-11-12 13:41:17,038 INFO  EvoClassLoader - Instrumenting class 'com.fasterxml.jackson.databind.ser.impl.IndexedListSerializer'.
2024-11-12 13:41:17,039 INFO  MethodCallReplacementClassAdapter - Adding mock interface to class com/fasterxml/jackson/databind/ser/impl/IndexedListSerializer
2024-11-12 13:41:17,039 INFO  CreateClassResetClassAdapter - Creating brand-new static initializer in class com/fasterxml/jackson/databind/ser/impl/IndexedListSerializer
2024-11-12 13:41:17,039 INFO  EvoClassLoader - Keeping class: com.fasterxml.jackson.databind.ser.impl.IndexedListSerializer
2024-11-12 13:41:17,040 INFO  EvoClassLoader - Seeing class for first time: com.fasterxml.jackson.databind.ser.std.ReferenceTypeSerializer
2024-11-12 13:41:17,040 INFO  EvoClassLoader - Instrumenting class 'com.fasterxml.jackson.databind.ser.std.ReferenceTypeSerializer'.
2024-11-12 13:41:17,040 INFO  MethodCallReplacementClassAdapter - Adding mock interface to class com/fasterxml/jackson/databind/ser/std/ReferenceTypeSerializer
2024-11-12 13:41:17,040 INFO  CreateClassResetClassAdapter - Found static initializer in class com/fasterxml/jackson/databind/ser/std/ReferenceTypeSerializer
2024-11-12 13:41:17,041 INFO  EvoClassLoader - Keeping class: com.fasterxml.jackson.databind.ser.std.ReferenceTypeSerializer
2024-11-12 13:41:17,041 INFO  EvoClassLoader - Seeing class for first time: com.fasterxml.jackson.databind.ser.std.EnumSerializer
2024-11-12 13:41:17,041 INFO  EvoClassLoader - Instrumenting class 'com.fasterxml.jackson.databind.ser.std.EnumSerializer'.
2024-11-12 13:41:17,041 INFO  MethodCallReplacementClassAdapter - Adding mock interface to class com/fasterxml/jackson/databind/ser/std/EnumSerializer
2024-11-12 13:41:17,041 INFO  CreateClassResetClassAdapter - Creating brand-new static initializer in class com/fasterxml/jackson/databind/ser/std/EnumSerializer
2024-11-12 13:41:17,042 INFO  EvoClassLoader - Keeping class: com.fasterxml.jackson.databind.ser.std.EnumSerializer
2024-11-12 13:41:17,042 INFO  EvoClassLoader - Seeing class for first time: com.fasterxml.jackson.databind.ser.impl.MapEntrySerializer
2024-11-12 13:41:17,042 INFO  EvoClassLoader - Instrumenting class 'com.fasterxml.jackson.databind.ser.impl.MapEntrySerializer'.
2024-11-12 13:41:17,042 INFO  MethodCallReplacementClassAdapter - Adding mock interface to class com/fasterxml/jackson/databind/ser/impl/MapEntrySerializer
2024-11-12 13:41:17,043 INFO  CreateClassResetClassAdapter - Found static initializer in class com/fasterxml/jackson/databind/ser/impl/MapEntrySerializer
2024-11-12 13:41:17,043 INFO  EvoClassLoader - Keeping class: com.fasterxml.jackson.databind.ser.impl.MapEntrySerializer
2024-11-12 13:41:17,043 INFO  EvoClassLoader - Seeing class for first time: com.fasterxml.jackson.databind.ser.impl.IteratorSerializer
2024-11-12 13:41:17,043 INFO  EvoClassLoader - Instrumenting class 'com.fasterxml.jackson.databind.ser.impl.IteratorSerializer'.
2024-11-12 13:41:17,043 INFO  MethodCallReplacementClassAdapter - Adding mock interface to class com/fasterxml/jackson/databind/ser/impl/IteratorSerializer
2024-11-12 13:41:17,043 INFO  CreateClassResetClassAdapter - Creating brand-new static initializer in class com/fasterxml/jackson/databind/ser/impl/IteratorSerializer
2024-11-12 13:41:17,044 INFO  EvoClassLoader - Keeping class: com.fasterxml.jackson.databind.ser.impl.IteratorSerializer
2024-11-12 13:41:17,044 INFO  EvoClassLoader - Seeing class for first time: com.fasterxml.jackson.databind.ser.std.IterableSerializer
2024-11-12 13:41:17,044 INFO  EvoClassLoader - Instrumenting class 'com.fasterxml.jackson.databind.ser.std.IterableSerializer'.
2024-11-12 13:41:17,044 INFO  MethodCallReplacementClassAdapter - Adding mock interface to class com/fasterxml/jackson/databind/ser/std/IterableSerializer
2024-11-12 13:41:17,044 INFO  CreateClassResetClassAdapter - Creating brand-new static initializer in class com/fasterxml/jackson/databind/ser/std/IterableSerializer
2024-11-12 13:41:17,044 INFO  EvoClassLoader - Keeping class: com.fasterxml.jackson.databind.ser.std.IterableSerializer
2024-11-12 13:41:17,044 INFO  EvoClassLoader - Seeing class for first time: com.fasterxml.jackson.databind.ser.std.MapSerializer
2024-11-12 13:41:17,044 INFO  EvoClassLoader - Instrumenting class 'com.fasterxml.jackson.databind.ser.std.MapSerializer'.
2024-11-12 13:41:17,045 INFO  MethodCallReplacementClassAdapter - Adding mock interface to class com/fasterxml/jackson/databind/ser/std/MapSerializer
2024-11-12 13:41:17,045 INFO  CreateClassResetClassAdapter - Found static initializer in class com/fasterxml/jackson/databind/ser/std/MapSerializer
2024-11-12 13:41:17,046 INFO  EvoClassLoader - Keeping class: com.fasterxml.jackson.databind.ser.std.MapSerializer
2024-11-12 13:41:17,046 INFO  EvoClassLoader - Seeing class for first time: com.fasterxml.jackson.databind.cfg.SerializerFactoryConfig
2024-11-12 13:41:17,046 INFO  EvoClassLoader - Instrumenting class 'com.fasterxml.jackson.databind.cfg.SerializerFactoryConfig'.
2024-11-12 13:41:17,046 INFO  MethodCallReplacementClassAdapter - Adding mock interface to class com/fasterxml/jackson/databind/cfg/SerializerFactoryConfig
2024-11-12 13:41:17,047 INFO  CreateClassResetClassAdapter - Found static initializer in class com/fasterxml/jackson/databind/cfg/SerializerFactoryConfig
2024-11-12 13:41:17,047 INFO  EvoClassLoader - Keeping class: com.fasterxml.jackson.databind.cfg.SerializerFactoryConfig
2024-11-12 13:41:17,047 INFO  EvoClassLoader - Seeing class for first time: com.fasterxml.jackson.databind.ser.std.StdJdkSerializers$AtomicBooleanSerializer
2024-11-12 13:41:17,047 INFO  EvoClassLoader - Instrumenting class 'com.fasterxml.jackson.databind.ser.std.StdJdkSerializers$AtomicBooleanSerializer'.
2024-11-12 13:41:17,047 INFO  MethodCallReplacementClassAdapter - Adding mock interface to class com/fasterxml/jackson/databind/ser/std/StdJdkSerializers$AtomicBooleanSerializer
2024-11-12 13:41:17,047 INFO  CreateClassResetClassAdapter - Creating brand-new static initializer in class com/fasterxml/jackson/databind/ser/std/StdJdkSerializers$AtomicBooleanSerializer
2024-11-12 13:41:17,048 INFO  EvoClassLoader - Keeping class: com.fasterxml.jackson.databind.ser.std.StdJdkSerializers$AtomicBooleanSerializer
2024-11-12 13:41:17,048 INFO  EvoClassLoader - Seeing class for first time: com.fasterxml.jackson.databind.ser.std.StdJdkSerializers$AtomicIntegerSerializer
2024-11-12 13:41:17,048 INFO  EvoClassLoader - Instrumenting class 'com.fasterxml.jackson.databind.ser.std.StdJdkSerializers$AtomicIntegerSerializer'.
2024-11-12 13:41:17,048 INFO  MethodCallReplacementClassAdapter - Adding mock interface to class com/fasterxml/jackson/databind/ser/std/StdJdkSerializers$AtomicIntegerSerializer
2024-11-12 13:41:17,048 INFO  CreateClassResetClassAdapter - Creating brand-new static initializer in class com/fasterxml/jackson/databind/ser/std/StdJdkSerializers$AtomicIntegerSerializer
2024-11-12 13:41:17,048 INFO  EvoClassLoader - Keeping class: com.fasterxml.jackson.databind.ser.std.StdJdkSerializers$AtomicIntegerSerializer
2024-11-12 13:41:17,048 INFO  EvoClassLoader - Seeing class for first time: com.fasterxml.jackson.databind.ser.std.StdJdkSerializers$AtomicLongSerializer
2024-11-12 13:41:17,048 INFO  EvoClassLoader - Instrumenting class 'com.fasterxml.jackson.databind.ser.std.StdJdkSerializers$AtomicLongSerializer'.
2024-11-12 13:41:17,048 INFO  MethodCallReplacementClassAdapter - Adding mock interface to class com/fasterxml/jackson/databind/ser/std/StdJdkSerializers$AtomicLongSerializer
2024-11-12 13:41:17,048 INFO  CreateClassResetClassAdapter - Creating brand-new static initializer in class com/fasterxml/jackson/databind/ser/std/StdJdkSerializers$AtomicLongSerializer
2024-11-12 13:41:17,048 INFO  EvoClassLoader - Keeping class: com.fasterxml.jackson.databind.ser.std.StdJdkSerializers$AtomicLongSerializer
2024-11-12 13:41:17,048 INFO  EvoClassLoader - Seeing class for first time: com.fasterxml.jackson.databind.ser.std.FileSerializer
2024-11-12 13:41:17,048 INFO  EvoClassLoader - Instrumenting class 'com.fasterxml.jackson.databind.ser.std.FileSerializer'.
2024-11-12 13:41:17,048 INFO  MethodCallReplacementClassAdapter - Adding mock interface to class com/fasterxml/jackson/databind/ser/std/FileSerializer
2024-11-12 13:41:17,048 INFO  CreateClassResetClassAdapter - Creating brand-new static initializer in class com/fasterxml/jackson/databind/ser/std/FileSerializer
2024-11-12 13:41:17,048 INFO  EvoClassLoader - Keeping class: com.fasterxml.jackson.databind.ser.std.FileSerializer
2024-11-12 13:41:17,048 INFO  EvoClassLoader - Seeing class for first time: com.fasterxml.jackson.databind.ser.std.ClassSerializer
2024-11-12 13:41:17,048 INFO  EvoClassLoader - Instrumenting class 'com.fasterxml.jackson.databind.ser.std.ClassSerializer'.
2024-11-12 13:41:17,049 INFO  MethodCallReplacementClassAdapter - Adding mock interface to class com/fasterxml/jackson/databind/ser/std/ClassSerializer
2024-11-12 13:41:17,049 INFO  CreateClassResetClassAdapter - Creating brand-new static initializer in class com/fasterxml/jackson/databind/ser/std/ClassSerializer
2024-11-12 13:41:17,049 INFO  EvoClassLoader - Keeping class: com.fasterxml.jackson.databind.ser.std.ClassSerializer
2024-11-12 13:41:17,049 INFO  EvoClassLoader - Seeing class for first time: com.fasterxml.jackson.databind.ser.std.TokenBufferSerializer
2024-11-12 13:41:17,049 INFO  EvoClassLoader - Instrumenting class 'com.fasterxml.jackson.databind.ser.std.TokenBufferSerializer'.
2024-11-12 13:41:17,049 INFO  MethodCallReplacementClassAdapter - Adding mock interface to class com/fasterxml/jackson/databind/ser/std/TokenBufferSerializer
2024-11-12 13:41:17,049 INFO  CreateClassResetClassAdapter - Creating brand-new static initializer in class com/fasterxml/jackson/databind/ser/std/TokenBufferSerializer
2024-11-12 13:41:17,049 INFO  EvoClassLoader - Keeping class: com.fasterxml.jackson.databind.ser.std.TokenBufferSerializer
2024-11-12 13:41:17,050 INFO  EvoClassLoader - Seeing class for first time: com.fasterxml.jackson.databind.ser.BeanSerializer
2024-11-12 13:41:17,050 INFO  EvoClassLoader - Instrumenting class 'com.fasterxml.jackson.databind.ser.BeanSerializer'.
2024-11-12 13:41:17,050 INFO  MethodCallReplacementClassAdapter - Adding mock interface to class com/fasterxml/jackson/databind/ser/BeanSerializer
2024-11-12 13:41:17,050 INFO  CreateClassResetClassAdapter - Creating brand-new static initializer in class com/fasterxml/jackson/databind/ser/BeanSerializer
2024-11-12 13:41:17,050 INFO  EvoClassLoader - Seeing class for first time: com.fasterxml.jackson.databind.ser.std.BeanSerializerBase
2024-11-12 13:41:17,050 INFO  EvoClassLoader - Instrumenting class 'com.fasterxml.jackson.databind.ser.std.BeanSerializerBase'.
2024-11-12 13:41:17,051 INFO  MethodCallReplacementClassAdapter - Adding mock interface to class com/fasterxml/jackson/databind/ser/std/BeanSerializerBase
2024-11-12 13:41:17,053 INFO  CreateClassResetClassAdapter - Found static initializer in class com/fasterxml/jackson/databind/ser/std/BeanSerializerBase
2024-11-12 13:41:17,053 INFO  EvoClassLoader - Keeping class: com.fasterxml.jackson.databind.ser.std.BeanSerializerBase
2024-11-12 13:41:17,053 INFO  EvoClassLoader - Keeping class: com.fasterxml.jackson.databind.ser.BeanSerializer
2024-11-12 13:41:17,053 INFO  EvoClassLoader - Seeing class for first time: com.fasterxml.jackson.databind.ser.impl.UnsupportedTypeSerializer
2024-11-12 13:41:17,053 INFO  EvoClassLoader - Instrumenting class 'com.fasterxml.jackson.databind.ser.impl.UnsupportedTypeSerializer'.
2024-11-12 13:41:17,054 INFO  MethodCallReplacementClassAdapter - Adding mock interface to class com/fasterxml/jackson/databind/ser/impl/UnsupportedTypeSerializer
2024-11-12 13:41:17,054 INFO  CreateClassResetClassAdapter - Creating brand-new static initializer in class com/fasterxml/jackson/databind/ser/impl/UnsupportedTypeSerializer
2024-11-12 13:41:17,054 INFO  EvoClassLoader - Keeping class: com.fasterxml.jackson.databind.ser.impl.UnsupportedTypeSerializer
2024-11-12 13:41:17,054 INFO  EvoClassLoader - Seeing class for first time: com.fasterxml.jackson.databind.ser.impl.PropertyBasedObjectIdGenerator
2024-11-12 13:41:17,054 INFO  EvoClassLoader - Instrumenting class 'com.fasterxml.jackson.databind.ser.impl.PropertyBasedObjectIdGenerator'.
2024-11-12 13:41:17,054 INFO  MethodCallReplacementClassAdapter - Adding mock interface to class com/fasterxml/jackson/databind/ser/impl/PropertyBasedObjectIdGenerator
2024-11-12 13:41:17,055 INFO  CreateClassResetClassAdapter - Creating brand-new static initializer in class com/fasterxml/jackson/databind/ser/impl/PropertyBasedObjectIdGenerator
2024-11-12 13:41:17,055 INFO  EvoClassLoader - Keeping class: com.fasterxml.jackson.databind.ser.impl.PropertyBasedObjectIdGenerator
2024-11-12 13:41:17,055 INFO  EvoClassLoader - Seeing class for first time: com.fasterxml.jackson.databind.ser.BeanSerializerBuilder
2024-11-12 13:41:17,055 INFO  EvoClassLoader - Instrumenting class 'com.fasterxml.jackson.databind.ser.BeanSerializerBuilder'.
2024-11-12 13:41:17,055 INFO  MethodCallReplacementClassAdapter - Adding mock interface to class com/fasterxml/jackson/databind/ser/BeanSerializerBuilder
2024-11-12 13:41:17,056 INFO  CreateClassResetClassAdapter - Found static initializer in class com/fasterxml/jackson/databind/ser/BeanSerializerBuilder
2024-11-12 13:41:17,056 INFO  EvoClassLoader - Keeping class: com.fasterxml.jackson.databind.ser.BeanSerializerBuilder
2024-11-12 13:41:17,056 INFO  EvoClassLoader - Seeing class for first time: com.fasterxml.jackson.databind.ser.impl.ObjectIdWriter
2024-11-12 13:41:17,056 INFO  EvoClassLoader - Instrumenting class 'com.fasterxml.jackson.databind.ser.impl.ObjectIdWriter'.
2024-11-12 13:41:17,056 INFO  MethodCallReplacementClassAdapter - Adding mock interface to class com/fasterxml/jackson/databind/ser/impl/ObjectIdWriter
2024-11-12 13:41:17,056 INFO  CreateClassResetClassAdapter - Creating brand-new static initializer in class com/fasterxml/jackson/databind/ser/impl/ObjectIdWriter
2024-11-12 13:41:17,057 INFO  EvoClassLoader - Keeping class: com.fasterxml.jackson.databind.ser.impl.ObjectIdWriter
2024-11-12 13:41:17,057 INFO  EvoClassLoader - Seeing class for first time: com.fasterxml.jackson.databind.ser.PropertyBuilder
2024-11-12 13:41:17,057 INFO  EvoClassLoader - Instrumenting class 'com.fasterxml.jackson.databind.ser.PropertyBuilder'.
2024-11-12 13:41:17,057 INFO  MethodCallReplacementClassAdapter - Adding mock interface to class com/fasterxml/jackson/databind/ser/PropertyBuilder
2024-11-12 13:41:17,057 INFO  CreateClassResetClassAdapter - Found static initializer in class com/fasterxml/jackson/databind/ser/PropertyBuilder
2024-11-12 13:41:17,058 INFO  EvoClassLoader - Keeping class: com.fasterxml.jackson.databind.ser.PropertyBuilder
2024-11-12 13:41:17,058 INFO  EvoClassLoader - Seeing class for first time: com.fasterxml.jackson.core.util.MinimalPrettyPrinter
2024-11-12 13:41:17,058 INFO  EvoClassLoader - Instrumenting class 'com.fasterxml.jackson.core.util.MinimalPrettyPrinter'.
2024-11-12 13:41:17,058 INFO  MethodCallReplacementClassAdapter - Adding mock interface to class com/fasterxml/jackson/core/util/MinimalPrettyPrinter
2024-11-12 13:41:17,058 INFO  CreateClassResetClassAdapter - Creating brand-new static initializer in class com/fasterxml/jackson/core/util/MinimalPrettyPrinter
2024-11-12 13:41:17,058 INFO  EvoClassLoader - Keeping class: com.fasterxml.jackson.core.util.MinimalPrettyPrinter
2024-11-12 13:41:17,059 INFO  EvoClassLoader - Seeing class for first time: com.fasterxml.jackson.databind.ObjectWriter$GeneratorSettings
2024-11-12 13:41:17,059 INFO  EvoClassLoader - Instrumenting class 'com.fasterxml.jackson.databind.ObjectWriter$GeneratorSettings'.
2024-11-12 13:41:17,059 INFO  MethodCallReplacementClassAdapter - Adding mock interface to class com/fasterxml/jackson/databind/ObjectWriter$GeneratorSettings
2024-11-12 13:41:17,059 INFO  CreateClassResetClassAdapter - Found static initializer in class com/fasterxml/jackson/databind/ObjectWriter$GeneratorSettings
2024-11-12 13:41:17,059 INFO  EvoClassLoader - Keeping class: com.fasterxml.jackson.databind.ObjectWriter$GeneratorSettings
2024-11-12 13:41:17,059 INFO  EvoClassLoader - Seeing class for first time: com.fasterxml.jackson.databind.ObjectWriter$Prefetch
2024-11-12 13:41:17,059 INFO  EvoClassLoader - Instrumenting class 'com.fasterxml.jackson.databind.ObjectWriter$Prefetch'.
2024-11-12 13:41:17,059 INFO  MethodCallReplacementClassAdapter - Adding mock interface to class com/fasterxml/jackson/databind/ObjectWriter$Prefetch
2024-11-12 13:41:17,059 INFO  CreateClassResetClassAdapter - Found static initializer in class com/fasterxml/jackson/databind/ObjectWriter$Prefetch
2024-11-12 13:41:17,060 INFO  EvoClassLoader - Keeping class: com.fasterxml.jackson.databind.ObjectWriter$Prefetch
2024-11-12 13:41:17,060 INFO  EvoClassLoader - Seeing class for first time: com.fasterxml.jackson.databind.SequenceWriter
2024-11-12 13:41:17,060 INFO  EvoClassLoader - Instrumenting class 'com.fasterxml.jackson.databind.SequenceWriter'.
2024-11-12 13:41:17,060 INFO  MethodCallReplacementClassAdapter - Adding mock interface to class com/fasterxml/jackson/databind/SequenceWriter
2024-11-12 13:41:17,060 INFO  CreateClassResetClassAdapter - Creating brand-new static initializer in class com/fasterxml/jackson/databind/SequenceWriter
2024-11-12 13:41:17,060 INFO  EvoClassLoader - Keeping class: com.fasterxml.jackson.databind.SequenceWriter
2024-11-12 13:41:17,061 INFO  EvoClassLoader - Seeing class for first time: com.fasterxml.jackson.databind.RuntimeJsonMappingException
2024-11-12 13:41:17,061 INFO  EvoClassLoader - Instrumenting class 'com.fasterxml.jackson.databind.RuntimeJsonMappingException'.
2024-11-12 13:41:17,061 INFO  MethodCallReplacementClassAdapter - Adding mock interface to class com/fasterxml/jackson/databind/RuntimeJsonMappingException
2024-11-12 13:41:17,061 INFO  CreateClassResetClassAdapter - Creating brand-new static initializer in class com/fasterxml/jackson/databind/RuntimeJsonMappingException
2024-11-12 13:41:17,061 INFO  EvoClassLoader - Keeping class: com.fasterxml.jackson.databind.RuntimeJsonMappingException
2024-11-12 13:41:17,061 INFO  EvoClassLoader - Seeing class for first time: org.apache.hadoop.hdfs.server.protocol.OutlierMetrics
2024-11-12 13:41:17,061 INFO  EvoClassLoader - Instrumenting class 'org.apache.hadoop.hdfs.server.protocol.OutlierMetrics'.
2024-11-12 13:41:17,061 INFO  MethodCallReplacementClassAdapter - Adding mock interface to class org/apache/hadoop/hdfs/server/protocol/OutlierMetrics
2024-11-12 13:41:17,061 INFO  CreateClassResetClassAdapter - Creating brand-new static initializer in class org/apache/hadoop/hdfs/server/protocol/OutlierMetrics
2024-11-12 13:41:17,062 INFO  EvoClassLoader - Keeping class: org.apache.hadoop.hdfs.server.protocol.OutlierMetrics
2024-11-12 13:41:17,062 INFO  EvoClassLoader - Seeing class for first time: org.apache.hadoop.hdfs.server.blockmanagement.SlowPeerJsonReport
2024-11-12 13:41:17,062 INFO  EvoClassLoader - Instrumenting class 'org.apache.hadoop.hdfs.server.blockmanagement.SlowPeerJsonReport'.
2024-11-12 13:41:17,062 INFO  MethodCallReplacementClassAdapter - Adding mock interface to class org/apache/hadoop/hdfs/server/blockmanagement/SlowPeerJsonReport
2024-11-12 13:41:17,062 INFO  CreateClassResetClassAdapter - Creating brand-new static initializer in class org/apache/hadoop/hdfs/server/blockmanagement/SlowPeerJsonReport
2024-11-12 13:41:17,062 INFO  EvoClassLoader - Keeping class: org.apache.hadoop.hdfs.server.blockmanagement.SlowPeerJsonReport
2024-11-12 13:41:17,062 INFO  EvoClassLoader - Seeing class for first time: org.apache.hadoop.conf.Configuration$ParsedTimeDuration$1
2024-11-12 13:41:17,062 INFO  EvoClassLoader - Instrumenting class 'org.apache.hadoop.conf.Configuration$ParsedTimeDuration$1'.
2024-11-12 13:41:17,063 INFO  MethodCallReplacementClassAdapter - Adding mock interface to class org/apache/hadoop/conf/Configuration$ParsedTimeDuration$1
2024-11-12 13:41:17,063 INFO  EvoClassLoader - Keeping class: org.apache.hadoop.conf.Configuration$ParsedTimeDuration$1
2024-11-12 13:41:17,063 INFO  EvoClassLoader - Seeing class for first time: org.apache.hadoop.conf.Configuration$ParsedTimeDuration$2
2024-11-12 13:41:17,063 INFO  EvoClassLoader - Instrumenting class 'org.apache.hadoop.conf.Configuration$ParsedTimeDuration$2'.
2024-11-12 13:41:17,063 INFO  MethodCallReplacementClassAdapter - Adding mock interface to class org/apache/hadoop/conf/Configuration$ParsedTimeDuration$2
2024-11-12 13:41:17,063 INFO  EvoClassLoader - Keeping class: org.apache.hadoop.conf.Configuration$ParsedTimeDuration$2
2024-11-12 13:41:17,063 INFO  EvoClassLoader - Seeing class for first time: org.apache.hadoop.conf.Configuration$ParsedTimeDuration$3
2024-11-12 13:41:17,063 INFO  EvoClassLoader - Instrumenting class 'org.apache.hadoop.conf.Configuration$ParsedTimeDuration$3'.
2024-11-12 13:41:17,063 INFO  MethodCallReplacementClassAdapter - Adding mock interface to class org/apache/hadoop/conf/Configuration$ParsedTimeDuration$3
2024-11-12 13:41:17,064 INFO  EvoClassLoader - Keeping class: org.apache.hadoop.conf.Configuration$ParsedTimeDuration$3
2024-11-12 13:41:17,064 INFO  EvoClassLoader - Seeing class for first time: org.apache.hadoop.conf.Configuration$ParsedTimeDuration$4
2024-11-12 13:41:17,064 INFO  EvoClassLoader - Instrumenting class 'org.apache.hadoop.conf.Configuration$ParsedTimeDuration$4'.
2024-11-12 13:41:17,064 INFO  MethodCallReplacementClassAdapter - Adding mock interface to class org/apache/hadoop/conf/Configuration$ParsedTimeDuration$4
2024-11-12 13:41:17,064 INFO  EvoClassLoader - Keeping class: org.apache.hadoop.conf.Configuration$ParsedTimeDuration$4
2024-11-12 13:41:17,064 INFO  EvoClassLoader - Seeing class for first time: org.apache.hadoop.conf.Configuration$ParsedTimeDuration$5
2024-11-12 13:41:17,064 INFO  EvoClassLoader - Instrumenting class 'org.apache.hadoop.conf.Configuration$ParsedTimeDuration$5'.
2024-11-12 13:41:17,064 INFO  MethodCallReplacementClassAdapter - Adding mock interface to class org/apache/hadoop/conf/Configuration$ParsedTimeDuration$5
2024-11-12 13:41:17,064 INFO  EvoClassLoader - Keeping class: org.apache.hadoop.conf.Configuration$ParsedTimeDuration$5
2024-11-12 13:41:17,064 INFO  EvoClassLoader - Seeing class for first time: org.apache.hadoop.conf.Configuration$ParsedTimeDuration$6
2024-11-12 13:41:17,064 INFO  EvoClassLoader - Instrumenting class 'org.apache.hadoop.conf.Configuration$ParsedTimeDuration$6'.
2024-11-12 13:41:17,065 INFO  MethodCallReplacementClassAdapter - Adding mock interface to class org/apache/hadoop/conf/Configuration$ParsedTimeDuration$6
2024-11-12 13:41:17,065 INFO  EvoClassLoader - Keeping class: org.apache.hadoop.conf.Configuration$ParsedTimeDuration$6
2024-11-12 13:41:17,065 INFO  EvoClassLoader - Seeing class for first time: org.apache.hadoop.conf.Configuration$ParsedTimeDuration$7
2024-11-12 13:41:17,065 INFO  EvoClassLoader - Instrumenting class 'org.apache.hadoop.conf.Configuration$ParsedTimeDuration$7'.
2024-11-12 13:41:17,065 INFO  MethodCallReplacementClassAdapter - Adding mock interface to class org/apache/hadoop/conf/Configuration$ParsedTimeDuration$7
2024-11-12 13:41:17,065 INFO  EvoClassLoader - Keeping class: org.apache.hadoop.conf.Configuration$ParsedTimeDuration$7
2024-11-12 13:41:17,065 INFO  EvoClassLoader - Seeing class for first time: org.apache.hadoop.thirdparty.com.google.common.cache.LocalCache$AccessQueue$1
2024-11-12 13:41:17,065 INFO  EvoClassLoader - Instrumenting class 'org.apache.hadoop.thirdparty.com.google.common.cache.LocalCache$AccessQueue$1'.
2024-11-12 13:41:17,066 INFO  MethodCallReplacementClassAdapter - Adding mock interface to class org/apache/hadoop/thirdparty/com/google/common/cache/LocalCache$AccessQueue$1
2024-11-12 13:41:17,066 INFO  EvoClassLoader - Keeping class: org.apache.hadoop.thirdparty.com.google.common.cache.LocalCache$AccessQueue$1
2024-11-12 13:41:17,066 INFO  EvoClassLoader - Seeing class for first time: org.apache.hadoop.net.NetUtils
2024-11-12 13:41:17,066 INFO  EvoClassLoader - Instrumenting class 'org.apache.hadoop.net.NetUtils'.
2024-11-12 13:41:17,066 INFO  MethodCallReplacementClassAdapter - Adding mock interface to class org/apache/hadoop/net/NetUtils
2024-11-12 13:41:17,069 INFO  CreateClassResetClassAdapter - Found static initializer in class org/apache/hadoop/net/NetUtils
2024-11-12 13:41:17,070 INFO  EvoClassLoader - Keeping class: org.apache.hadoop.net.NetUtils
2024-11-12 13:41:17,070 INFO  EvoClassLoader - Seeing class for first time: org.apache.hadoop.net.SocketOutputStream
2024-11-12 13:41:17,070 INFO  EvoClassLoader - Instrumenting class 'org.apache.hadoop.net.SocketOutputStream'.
2024-11-12 13:41:17,070 INFO  MethodCallReplacementClassAdapter - Adding mock interface to class org/apache/hadoop/net/SocketOutputStream
2024-11-12 13:41:17,070 INFO  CreateClassResetClassAdapter - Creating brand-new static initializer in class org/apache/hadoop/net/SocketOutputStream
2024-11-12 13:41:17,071 INFO  EvoClassLoader - Keeping class: org.apache.hadoop.net.SocketOutputStream
2024-11-12 13:41:17,071 INFO  EvoClassLoader - Seeing class for first time: org.apache.hadoop.net.ConnectTimeoutException
2024-11-12 13:41:17,071 INFO  EvoClassLoader - Instrumenting class 'org.apache.hadoop.net.ConnectTimeoutException'.
2024-11-12 13:41:17,071 INFO  MethodCallReplacementClassAdapter - Adding mock interface to class org/apache/hadoop/net/ConnectTimeoutException
2024-11-12 13:41:17,071 INFO  CreateClassResetClassAdapter - Creating brand-new static initializer in class org/apache/hadoop/net/ConnectTimeoutException
2024-11-12 13:41:17,071 INFO  EvoClassLoader - Keeping class: org.apache.hadoop.net.ConnectTimeoutException
2024-11-12 13:41:17,071 INFO  EvoClassLoader - Seeing class for first time: org.apache.hadoop.net.SocketInputStream
2024-11-12 13:41:17,071 INFO  EvoClassLoader - Instrumenting class 'org.apache.hadoop.net.SocketInputStream'.
2024-11-12 13:41:17,071 INFO  MethodCallReplacementClassAdapter - Adding mock interface to class org/apache/hadoop/net/SocketInputStream
2024-11-12 13:41:17,071 INFO  CreateClassResetClassAdapter - Creating brand-new static initializer in class org/apache/hadoop/net/SocketInputStream
2024-11-12 13:41:17,072 INFO  EvoClassLoader - Keeping class: org.apache.hadoop.net.SocketInputStream
2024-11-12 13:41:17,072 INFO  EvoClassLoader - Seeing class for first time: org.apache.commons.net.util.SubnetUtils$SubnetInfo
2024-11-12 13:41:17,072 INFO  EvoClassLoader - Instrumenting class 'org.apache.commons.net.util.SubnetUtils$SubnetInfo'.
2024-11-12 13:41:17,072 INFO  MethodCallReplacementClassAdapter - Adding mock interface to class org/apache/commons/net/util/SubnetUtils$SubnetInfo
2024-11-12 13:41:17,073 INFO  CreateClassResetClassAdapter - Creating brand-new static initializer in class org/apache/commons/net/util/SubnetUtils$SubnetInfo
2024-11-12 13:41:17,073 INFO  CreateClassResetClassAdapter - Adding bytecode for initializing field UNSIGNED_INT_MASK
2024-11-12 13:41:17,073 INFO  EvoClassLoader - Defined package (3): package org.apache.commons.net.util, -177659761
2024-11-12 13:41:17,073 INFO  EvoClassLoader - Keeping class: org.apache.commons.net.util.SubnetUtils$SubnetInfo
2024-11-12 13:41:17,073 INFO  EvoClassLoader - Seeing class for first time: org.apache.hadoop.hdfs.server.blockmanagement.HostFileManager
2024-11-12 13:41:17,073 INFO  EvoClassLoader - Instrumenting class 'org.apache.hadoop.hdfs.server.blockmanagement.HostFileManager'.
2024-11-12 13:41:17,073 INFO  MethodCallReplacementClassAdapter - Adding mock interface to class org/apache/hadoop/hdfs/server/blockmanagement/HostFileManager
2024-11-12 13:41:17,074 INFO  CreateClassResetClassAdapter - Found static initializer in class org/apache/hadoop/hdfs/server/blockmanagement/HostFileManager
2024-11-12 13:41:17,074 INFO  EvoClassLoader - Keeping class: org.apache.hadoop.hdfs.server.blockmanagement.HostFileManager
2024-11-12 13:41:17,074 INFO  EvoClassLoader - Seeing class for first time: org.apache.hadoop.hdfs.server.blockmanagement.HostSet
2024-11-12 13:41:17,074 INFO  EvoClassLoader - Instrumenting class 'org.apache.hadoop.hdfs.server.blockmanagement.HostSet'.
2024-11-12 13:41:17,074 INFO  MethodCallReplacementClassAdapter - Adding mock interface to class org/apache/hadoop/hdfs/server/blockmanagement/HostSet
2024-11-12 13:41:17,074 INFO  CreateClassResetClassAdapter - Creating brand-new static initializer in class org/apache/hadoop/hdfs/server/blockmanagement/HostSet
2024-11-12 13:41:17,075 INFO  EvoClassLoader - Keeping class: org.apache.hadoop.hdfs.server.blockmanagement.HostSet
2024-11-12 13:41:17,075 INFO  EvoClassLoader - Seeing class for first time: org.apache.hadoop.thirdparty.com.google.common.collect.Multiset
2024-11-12 13:41:17,075 INFO  EvoClassLoader - Instrumenting class 'org.apache.hadoop.thirdparty.com.google.common.collect.Multiset'.
2024-11-12 13:41:17,076 INFO  EvoClassLoader - Keeping class: org.apache.hadoop.thirdparty.com.google.common.collect.Multiset
2024-11-12 13:41:17,076 INFO  EvoClassLoader - Seeing class for first time: org.apache.hadoop.thirdparty.com.google.common.collect.AbstractMapBasedMultimap
2024-11-12 13:41:17,076 INFO  EvoClassLoader - Instrumenting class 'org.apache.hadoop.thirdparty.com.google.common.collect.AbstractMapBasedMultimap'.
2024-11-12 13:41:17,076 INFO  MethodCallReplacementClassAdapter - Adding mock interface to class org/apache/hadoop/thirdparty/com/google/common/collect/AbstractMapBasedMultimap
2024-11-12 13:41:17,077 INFO  CreateClassResetClassAdapter - Creating brand-new static initializer in class org/apache/hadoop/thirdparty/com/google/common/collect/AbstractMapBasedMultimap
2024-11-12 13:41:17,078 INFO  EvoClassLoader - Keeping class: org.apache.hadoop.thirdparty.com.google.common.collect.AbstractMapBasedMultimap
2024-11-12 13:41:17,078 INFO  EvoClassLoader - Seeing class for first time: org.apache.hadoop.thirdparty.com.google.common.collect.AbstractMapBasedMultimap$WrappedList
2024-11-12 13:41:17,078 INFO  EvoClassLoader - Instrumenting class 'org.apache.hadoop.thirdparty.com.google.common.collect.AbstractMapBasedMultimap$WrappedList'.
2024-11-12 13:41:17,078 INFO  MethodCallReplacementClassAdapter - Adding mock interface to class org/apache/hadoop/thirdparty/com/google/common/collect/AbstractMapBasedMultimap$WrappedList
2024-11-12 13:41:17,078 INFO  CreateClassResetClassAdapter - Creating brand-new static initializer in class org/apache/hadoop/thirdparty/com/google/common/collect/AbstractMapBasedMultimap$WrappedList
2024-11-12 13:41:17,078 INFO  EvoClassLoader - Seeing class for first time: org.apache.hadoop.thirdparty.com.google.common.collect.AbstractMapBasedMultimap$WrappedCollection
2024-11-12 13:41:17,078 INFO  EvoClassLoader - Instrumenting class 'org.apache.hadoop.thirdparty.com.google.common.collect.AbstractMapBasedMultimap$WrappedCollection'.
2024-11-12 13:41:17,079 INFO  MethodCallReplacementClassAdapter - Adding mock interface to class org/apache/hadoop/thirdparty/com/google/common/collect/AbstractMapBasedMultimap$WrappedCollection
2024-11-12 13:41:17,079 INFO  CreateClassResetClassAdapter - Creating brand-new static initializer in class org/apache/hadoop/thirdparty/com/google/common/collect/AbstractMapBasedMultimap$WrappedCollection
2024-11-12 13:41:17,079 INFO  EvoClassLoader - Keeping class: org.apache.hadoop.thirdparty.com.google.common.collect.AbstractMapBasedMultimap$WrappedCollection
2024-11-12 13:41:17,079 INFO  EvoClassLoader - Keeping class: org.apache.hadoop.thirdparty.com.google.common.collect.AbstractMapBasedMultimap$WrappedList
2024-11-12 13:41:17,079 INFO  EvoClassLoader - Seeing class for first time: org.apache.hadoop.thirdparty.com.google.common.collect.AbstractMapBasedMultimap$RandomAccessWrappedList
2024-11-12 13:41:17,079 INFO  EvoClassLoader - Instrumenting class 'org.apache.hadoop.thirdparty.com.google.common.collect.AbstractMapBasedMultimap$RandomAccessWrappedList'.
2024-11-12 13:41:17,079 INFO  MethodCallReplacementClassAdapter - Adding mock interface to class org/apache/hadoop/thirdparty/com/google/common/collect/AbstractMapBasedMultimap$RandomAccessWrappedList
2024-11-12 13:41:17,079 INFO  CreateClassResetClassAdapter - Creating brand-new static initializer in class org/apache/hadoop/thirdparty/com/google/common/collect/AbstractMapBasedMultimap$RandomAccessWrappedList
2024-11-12 13:41:17,079 INFO  EvoClassLoader - Keeping class: org.apache.hadoop.thirdparty.com.google.common.collect.AbstractMapBasedMultimap$RandomAccessWrappedList
2024-11-12 13:41:17,080 INFO  EvoClassLoader - Seeing class for first time: org.apache.hadoop.thirdparty.com.google.common.collect.AbstractSetMultimap
2024-11-12 13:41:17,080 INFO  EvoClassLoader - Instrumenting class 'org.apache.hadoop.thirdparty.com.google.common.collect.AbstractSetMultimap'.
2024-11-12 13:41:17,080 INFO  MethodCallReplacementClassAdapter - Adding mock interface to class org/apache/hadoop/thirdparty/com/google/common/collect/AbstractSetMultimap
2024-11-12 13:41:17,080 INFO  CreateClassResetClassAdapter - Creating brand-new static initializer in class org/apache/hadoop/thirdparty/com/google/common/collect/AbstractSetMultimap
2024-11-12 13:41:17,080 INFO  EvoClassLoader - Keeping class: org.apache.hadoop.thirdparty.com.google.common.collect.AbstractSetMultimap
2024-11-12 13:41:17,080 INFO  EvoClassLoader - Seeing class for first time: org.apache.hadoop.thirdparty.com.google.common.collect.HashMultimapGwtSerializationDependencies
2024-11-12 13:41:17,080 INFO  EvoClassLoader - Instrumenting class 'org.apache.hadoop.thirdparty.com.google.common.collect.HashMultimapGwtSerializationDependencies'.
2024-11-12 13:41:17,080 INFO  MethodCallReplacementClassAdapter - Adding mock interface to class org/apache/hadoop/thirdparty/com/google/common/collect/HashMultimapGwtSerializationDependencies
2024-11-12 13:41:17,080 INFO  CreateClassResetClassAdapter - Creating brand-new static initializer in class org/apache/hadoop/thirdparty/com/google/common/collect/HashMultimapGwtSerializationDependencies
2024-11-12 13:41:17,080 INFO  EvoClassLoader - Keeping class: org.apache.hadoop.thirdparty.com.google.common.collect.HashMultimapGwtSerializationDependencies
2024-11-12 13:41:17,080 INFO  EvoClassLoader - Seeing class for first time: org.apache.hadoop.thirdparty.com.google.common.collect.HashMultimap
2024-11-12 13:41:17,080 INFO  EvoClassLoader - Instrumenting class 'org.apache.hadoop.thirdparty.com.google.common.collect.HashMultimap'.
2024-11-12 13:41:17,081 INFO  MethodCallReplacementClassAdapter - Adding mock interface to class org/apache/hadoop/thirdparty/com/google/common/collect/HashMultimap
2024-11-12 13:41:17,081 INFO  CreateClassResetClassAdapter - Creating brand-new static initializer in class org/apache/hadoop/thirdparty/com/google/common/collect/HashMultimap
2024-11-12 13:41:17,081 INFO  CreateClassResetClassAdapter - Adding bytecode for initializing field DEFAULT_VALUES_PER_KEY
2024-11-12 13:41:17,081 INFO  EvoClassLoader - Keeping class: org.apache.hadoop.thirdparty.com.google.common.collect.HashMultimap
2024-11-12 13:41:17,081 INFO  EvoClassLoader - Seeing class for first time: org.apache.hadoop.thirdparty.com.google.common.collect.Platform
2024-11-12 13:41:17,081 INFO  EvoClassLoader - Instrumenting class 'org.apache.hadoop.thirdparty.com.google.common.collect.Platform'.
2024-11-12 13:41:17,081 INFO  MethodCallReplacementClassAdapter - Adding mock interface to class org/apache/hadoop/thirdparty/com/google/common/collect/Platform
2024-11-12 13:41:17,082 INFO  CreateClassResetClassAdapter - Found static initializer in class org/apache/hadoop/thirdparty/com/google/common/collect/Platform
2024-11-12 13:41:17,082 INFO  EvoClassLoader - Keeping class: org.apache.hadoop.thirdparty.com.google.common.collect.Platform
2024-11-12 13:41:17,082 INFO  EvoClassLoader - Seeing class for first time: org.apache.hadoop.net.AbstractDNSToSwitchMapping
2024-11-12 13:41:17,082 INFO  EvoClassLoader - Instrumenting class 'org.apache.hadoop.net.AbstractDNSToSwitchMapping'.
2024-11-12 13:41:17,082 INFO  MethodCallReplacementClassAdapter - Adding mock interface to class org/apache/hadoop/net/AbstractDNSToSwitchMapping
2024-11-12 13:41:17,083 INFO  CreateClassResetClassAdapter - Creating brand-new static initializer in class org/apache/hadoop/net/AbstractDNSToSwitchMapping
2024-11-12 13:41:17,083 INFO  EvoClassLoader - Seeing class for first time: org.apache.hadoop.net.DNSToSwitchMapping
2024-11-12 13:41:17,083 INFO  EvoClassLoader - Instrumenting class 'org.apache.hadoop.net.DNSToSwitchMapping'.
2024-11-12 13:41:17,083 INFO  EvoClassLoader - Keeping class: org.apache.hadoop.net.DNSToSwitchMapping
2024-11-12 13:41:17,083 INFO  EvoClassLoader - Keeping class: org.apache.hadoop.net.AbstractDNSToSwitchMapping
2024-11-12 13:41:17,083 INFO  EvoClassLoader - Seeing class for first time: org.apache.hadoop.net.CachedDNSToSwitchMapping
2024-11-12 13:41:17,083 INFO  EvoClassLoader - Instrumenting class 'org.apache.hadoop.net.CachedDNSToSwitchMapping'.
2024-11-12 13:41:17,083 INFO  MethodCallReplacementClassAdapter - Adding mock interface to class org/apache/hadoop/net/CachedDNSToSwitchMapping
2024-11-12 13:41:17,084 INFO  CreateClassResetClassAdapter - Creating brand-new static initializer in class org/apache/hadoop/net/CachedDNSToSwitchMapping
2024-11-12 13:41:17,084 INFO  EvoClassLoader - Keeping class: org.apache.hadoop.net.CachedDNSToSwitchMapping
2024-11-12 13:41:17,084 INFO  EvoClassLoader - Seeing class for first time: org.apache.hadoop.net.ScriptBasedMapping
2024-11-12 13:41:17,084 INFO  EvoClassLoader - Instrumenting class 'org.apache.hadoop.net.ScriptBasedMapping'.
2024-11-12 13:41:17,084 INFO  MethodCallReplacementClassAdapter - Adding mock interface to class org/apache/hadoop/net/ScriptBasedMapping
2024-11-12 13:41:17,084 INFO  CreateClassResetClassAdapter - Creating brand-new static initializer in class org/apache/hadoop/net/ScriptBasedMapping
2024-11-12 13:41:17,084 INFO  CreateClassResetClassAdapter - Adding bytecode for initializing field MIN_ALLOWABLE_ARGS
2024-11-12 13:41:17,084 INFO  CreateClassResetClassAdapter - Adding bytecode for initializing field DEFAULT_ARG_COUNT
2024-11-12 13:41:17,084 INFO  CreateClassResetClassAdapter - Adding bytecode for initializing field SCRIPT_FILENAME_KEY
2024-11-12 13:41:17,084 INFO  CreateClassResetClassAdapter - Adding bytecode for initializing field SCRIPT_ARG_COUNT_KEY
2024-11-12 13:41:17,084 INFO  CreateClassResetClassAdapter - Adding bytecode for initializing field NO_SCRIPT
2024-11-12 13:41:17,084 INFO  EvoClassLoader - Keeping class: org.apache.hadoop.net.ScriptBasedMapping
2024-11-12 13:41:17,084 INFO  EvoClassLoader - Seeing class for first time: org.apache.hadoop.net.ScriptBasedMapping$RawScriptBasedMapping
2024-11-12 13:41:17,084 INFO  EvoClassLoader - Instrumenting class 'org.apache.hadoop.net.ScriptBasedMapping$RawScriptBasedMapping'.
2024-11-12 13:41:17,085 INFO  MethodCallReplacementClassAdapter - Adding mock interface to class org/apache/hadoop/net/ScriptBasedMapping$RawScriptBasedMapping
2024-11-12 13:41:17,085 INFO  CreateClassResetClassAdapter - Found static initializer in class org/apache/hadoop/net/ScriptBasedMapping$RawScriptBasedMapping
2024-11-12 13:41:17,085 INFO  EvoClassLoader - Keeping class: org.apache.hadoop.net.ScriptBasedMapping$RawScriptBasedMapping
2024-11-12 13:41:17,086 INFO  EvoClassLoader - Seeing class for first time: org.apache.hadoop.hdfs.server.blockmanagement.HostSet$1
2024-11-12 13:41:17,086 INFO  EvoClassLoader - Instrumenting class 'org.apache.hadoop.hdfs.server.blockmanagement.HostSet$1'.
2024-11-12 13:41:17,086 INFO  MethodCallReplacementClassAdapter - Adding mock interface to class org/apache/hadoop/hdfs/server/blockmanagement/HostSet$1
2024-11-12 13:41:17,086 INFO  EvoClassLoader - Keeping class: org.apache.hadoop.hdfs.server.blockmanagement.HostSet$1
2024-11-12 13:41:17,086 INFO  EvoClassLoader - Seeing class for first time: org.apache.hadoop.thirdparty.com.google.common.collect.Multimaps$Entries
2024-11-12 13:41:17,086 INFO  EvoClassLoader - Instrumenting class 'org.apache.hadoop.thirdparty.com.google.common.collect.Multimaps$Entries'.
2024-11-12 13:41:17,086 INFO  MethodCallReplacementClassAdapter - Adding mock interface to class org/apache/hadoop/thirdparty/com/google/common/collect/Multimaps$Entries
2024-11-12 13:41:17,087 INFO  CreateClassResetClassAdapter - Creating brand-new static initializer in class org/apache/hadoop/thirdparty/com/google/common/collect/Multimaps$Entries
2024-11-12 13:41:17,087 INFO  EvoClassLoader - Keeping class: org.apache.hadoop.thirdparty.com.google.common.collect.Multimaps$Entries
2024-11-12 13:41:17,087 INFO  EvoClassLoader - Seeing class for first time: org.apache.hadoop.thirdparty.com.google.common.collect.Multimaps
2024-11-12 13:41:17,087 INFO  EvoClassLoader - Instrumenting class 'org.apache.hadoop.thirdparty.com.google.common.collect.Multimaps'.
2024-11-12 13:41:17,087 INFO  MethodCallReplacementClassAdapter - Adding mock interface to class org/apache/hadoop/thirdparty/com/google/common/collect/Multimaps
2024-11-12 13:41:17,088 INFO  CreateClassResetClassAdapter - Creating brand-new static initializer in class org/apache/hadoop/thirdparty/com/google/common/collect/Multimaps
2024-11-12 13:41:17,089 INFO  EvoClassLoader - Keeping class: org.apache.hadoop.thirdparty.com.google.common.collect.Multimaps
2024-11-12 13:41:17,089 INFO  EvoClassLoader - Seeing class for first time: org.apache.hadoop.thirdparty.com.google.common.collect.Multimaps$AsMap
2024-11-12 13:41:17,089 INFO  EvoClassLoader - Instrumenting class 'org.apache.hadoop.thirdparty.com.google.common.collect.Multimaps$AsMap'.
2024-11-12 13:41:17,089 INFO  MethodCallReplacementClassAdapter - Adding mock interface to class org/apache/hadoop/thirdparty/com/google/common/collect/Multimaps$AsMap
2024-11-12 13:41:17,089 INFO  CreateClassResetClassAdapter - Creating brand-new static initializer in class org/apache/hadoop/thirdparty/com/google/common/collect/Multimaps$AsMap
2024-11-12 13:41:17,089 INFO  EvoClassLoader - Keeping class: org.apache.hadoop.thirdparty.com.google.common.collect.Multimaps$AsMap
2024-11-12 13:41:17,089 INFO  EvoClassLoader - Seeing class for first time: org.apache.hadoop.thirdparty.com.google.common.collect.AbstractMultimap$Entries
2024-11-12 13:41:17,089 INFO  EvoClassLoader - Instrumenting class 'org.apache.hadoop.thirdparty.com.google.common.collect.AbstractMultimap$Entries'.
2024-11-12 13:41:17,089 INFO  MethodCallReplacementClassAdapter - Adding mock interface to class org/apache/hadoop/thirdparty/com/google/common/collect/AbstractMultimap$Entries
2024-11-12 13:41:17,089 INFO  CreateClassResetClassAdapter - Creating brand-new static initializer in class org/apache/hadoop/thirdparty/com/google/common/collect/AbstractMultimap$Entries
2024-11-12 13:41:17,090 INFO  EvoClassLoader - Keeping class: org.apache.hadoop.thirdparty.com.google.common.collect.AbstractMultimap$Entries
2024-11-12 13:41:17,090 INFO  EvoClassLoader - Seeing class for first time: org.apache.hadoop.thirdparty.com.google.common.collect.AbstractMultimap$Values
2024-11-12 13:41:17,090 INFO  EvoClassLoader - Instrumenting class 'org.apache.hadoop.thirdparty.com.google.common.collect.AbstractMultimap$Values'.
2024-11-12 13:41:17,090 INFO  MethodCallReplacementClassAdapter - Adding mock interface to class org/apache/hadoop/thirdparty/com/google/common/collect/AbstractMultimap$Values
2024-11-12 13:41:17,090 INFO  CreateClassResetClassAdapter - Creating brand-new static initializer in class org/apache/hadoop/thirdparty/com/google/common/collect/AbstractMultimap$Values
2024-11-12 13:41:17,090 INFO  EvoClassLoader - Keeping class: org.apache.hadoop.thirdparty.com.google.common.collect.AbstractMultimap$Values
2024-11-12 13:41:17,090 INFO  EvoClassLoader - Seeing class for first time: org.apache.hadoop.thirdparty.com.google.common.collect.AbstractMultimap$EntrySet
2024-11-12 13:41:17,090 INFO  EvoClassLoader - Instrumenting class 'org.apache.hadoop.thirdparty.com.google.common.collect.AbstractMultimap$EntrySet'.
2024-11-12 13:41:17,090 INFO  MethodCallReplacementClassAdapter - Adding mock interface to class org/apache/hadoop/thirdparty/com/google/common/collect/AbstractMultimap$EntrySet
2024-11-12 13:41:17,090 INFO  CreateClassResetClassAdapter - Creating brand-new static initializer in class org/apache/hadoop/thirdparty/com/google/common/collect/AbstractMultimap$EntrySet
2024-11-12 13:41:17,090 INFO  EvoClassLoader - Keeping class: org.apache.hadoop.thirdparty.com.google.common.collect.AbstractMultimap$EntrySet
2024-11-12 13:41:17,090 INFO  EvoClassLoader - Seeing class for first time: org.apache.hadoop.thirdparty.com.google.common.collect.AbstractMapBasedMultimap$Itr
2024-11-12 13:41:17,090 INFO  EvoClassLoader - Instrumenting class 'org.apache.hadoop.thirdparty.com.google.common.collect.AbstractMapBasedMultimap$Itr'.
2024-11-12 13:41:17,090 INFO  MethodCallReplacementClassAdapter - Adding mock interface to class org/apache/hadoop/thirdparty/com/google/common/collect/AbstractMapBasedMultimap$Itr
2024-11-12 13:41:17,091 INFO  CreateClassResetClassAdapter - Creating brand-new static initializer in class org/apache/hadoop/thirdparty/com/google/common/collect/AbstractMapBasedMultimap$Itr
2024-11-12 13:41:17,091 INFO  EvoClassLoader - Keeping class: org.apache.hadoop.thirdparty.com.google.common.collect.AbstractMapBasedMultimap$Itr
2024-11-12 13:41:17,091 INFO  EvoClassLoader - Seeing class for first time: org.apache.hadoop.thirdparty.com.google.common.collect.AbstractMapBasedMultimap$NavigableAsMap
2024-11-12 13:41:17,091 INFO  EvoClassLoader - Instrumenting class 'org.apache.hadoop.thirdparty.com.google.common.collect.AbstractMapBasedMultimap$NavigableAsMap'.
2024-11-12 13:41:17,091 INFO  MethodCallReplacementClassAdapter - Adding mock interface to class org/apache/hadoop/thirdparty/com/google/common/collect/AbstractMapBasedMultimap$NavigableAsMap
2024-11-12 13:41:17,091 INFO  CreateClassResetClassAdapter - Creating brand-new static initializer in class org/apache/hadoop/thirdparty/com/google/common/collect/AbstractMapBasedMultimap$NavigableAsMap
2024-11-12 13:41:17,091 INFO  EvoClassLoader - Seeing class for first time: org.apache.hadoop.thirdparty.com.google.common.collect.AbstractMapBasedMultimap$SortedAsMap
2024-11-12 13:41:17,091 INFO  EvoClassLoader - Instrumenting class 'org.apache.hadoop.thirdparty.com.google.common.collect.AbstractMapBasedMultimap$SortedAsMap'.
2024-11-12 13:41:17,091 INFO  MethodCallReplacementClassAdapter - Adding mock interface to class org/apache/hadoop/thirdparty/com/google/common/collect/AbstractMapBasedMultimap$SortedAsMap
2024-11-12 13:41:17,091 INFO  CreateClassResetClassAdapter - Creating brand-new static initializer in class org/apache/hadoop/thirdparty/com/google/common/collect/AbstractMapBasedMultimap$SortedAsMap
2024-11-12 13:41:17,092 INFO  EvoClassLoader - Seeing class for first time: org.apache.hadoop.thirdparty.com.google.common.collect.AbstractMapBasedMultimap$AsMap
2024-11-12 13:41:17,092 INFO  EvoClassLoader - Instrumenting class 'org.apache.hadoop.thirdparty.com.google.common.collect.AbstractMapBasedMultimap$AsMap'.
2024-11-12 13:41:17,092 INFO  MethodCallReplacementClassAdapter - Adding mock interface to class org/apache/hadoop/thirdparty/com/google/common/collect/AbstractMapBasedMultimap$AsMap
2024-11-12 13:41:17,092 INFO  CreateClassResetClassAdapter - Creating brand-new static initializer in class org/apache/hadoop/thirdparty/com/google/common/collect/AbstractMapBasedMultimap$AsMap
2024-11-12 13:41:17,092 INFO  EvoClassLoader - Keeping class: org.apache.hadoop.thirdparty.com.google.common.collect.AbstractMapBasedMultimap$AsMap
2024-11-12 13:41:17,092 INFO  EvoClassLoader - Keeping class: org.apache.hadoop.thirdparty.com.google.common.collect.AbstractMapBasedMultimap$SortedAsMap
2024-11-12 13:41:17,092 INFO  EvoClassLoader - Keeping class: org.apache.hadoop.thirdparty.com.google.common.collect.AbstractMapBasedMultimap$NavigableAsMap
2024-11-12 13:41:17,092 INFO  EvoClassLoader - Seeing class for first time: org.apache.hadoop.thirdparty.com.google.common.collect.AbstractMapBasedMultimap$2
2024-11-12 13:41:17,092 INFO  EvoClassLoader - Instrumenting class 'org.apache.hadoop.thirdparty.com.google.common.collect.AbstractMapBasedMultimap$2'.
2024-11-12 13:41:17,092 INFO  MethodCallReplacementClassAdapter - Adding mock interface to class org/apache/hadoop/thirdparty/com/google/common/collect/AbstractMapBasedMultimap$2
2024-11-12 13:41:17,092 INFO  EvoClassLoader - Keeping class: org.apache.hadoop.thirdparty.com.google.common.collect.AbstractMapBasedMultimap$2
2024-11-12 13:41:17,092 INFO  EvoClassLoader - Seeing class for first time: org.apache.hadoop.thirdparty.com.google.common.collect.Iterators
2024-11-12 13:41:17,092 INFO  EvoClassLoader - Instrumenting class 'org.apache.hadoop.thirdparty.com.google.common.collect.Iterators'.
2024-11-12 13:41:17,093 INFO  MethodCallReplacementClassAdapter - Adding mock interface to class org/apache/hadoop/thirdparty/com/google/common/collect/Iterators
2024-11-12 13:41:17,093 INFO  CreateClassResetClassAdapter - Creating brand-new static initializer in class org/apache/hadoop/thirdparty/com/google/common/collect/Iterators
2024-11-12 13:41:17,094 INFO  EvoClassLoader - Keeping class: org.apache.hadoop.thirdparty.com.google.common.collect.Iterators
2024-11-12 13:41:17,094 INFO  EvoClassLoader - Seeing class for first time: org.apache.hadoop.thirdparty.com.google.common.collect.Iterators$9
2024-11-12 13:41:17,094 INFO  EvoClassLoader - Instrumenting class 'org.apache.hadoop.thirdparty.com.google.common.collect.Iterators$9'.
2024-11-12 13:41:17,094 INFO  MethodCallReplacementClassAdapter - Adding mock interface to class org/apache/hadoop/thirdparty/com/google/common/collect/Iterators$9
2024-11-12 13:41:17,105 INFO  EvoClassLoader - Keeping class: org.apache.hadoop.thirdparty.com.google.common.collect.Iterators$9
2024-11-12 13:41:17,105 INFO  EvoClassLoader - Seeing class for first time: org.apache.hadoop.thirdparty.com.google.common.collect.Iterators$5
2024-11-12 13:41:17,105 INFO  EvoClassLoader - Instrumenting class 'org.apache.hadoop.thirdparty.com.google.common.collect.Iterators$5'.
2024-11-12 13:41:17,106 INFO  MethodCallReplacementClassAdapter - Adding mock interface to class org/apache/hadoop/thirdparty/com/google/common/collect/Iterators$5
2024-11-12 13:41:17,106 INFO  EvoClassLoader - Seeing class for first time: org.apache.hadoop.thirdparty.com.google.common.collect.AbstractIterator
2024-11-12 13:41:17,106 INFO  EvoClassLoader - Instrumenting class 'org.apache.hadoop.thirdparty.com.google.common.collect.AbstractIterator'.
2024-11-12 13:41:17,106 INFO  MethodCallReplacementClassAdapter - Adding mock interface to class org/apache/hadoop/thirdparty/com/google/common/collect/AbstractIterator
2024-11-12 13:41:17,106 INFO  CreateClassResetClassAdapter - Creating brand-new static initializer in class org/apache/hadoop/thirdparty/com/google/common/collect/AbstractIterator
2024-11-12 13:41:17,106 INFO  EvoClassLoader - Keeping class: org.apache.hadoop.thirdparty.com.google.common.collect.AbstractIterator
2024-11-12 13:41:17,106 INFO  EvoClassLoader - Keeping class: org.apache.hadoop.thirdparty.com.google.common.collect.Iterators$5
2024-11-12 13:41:17,106 INFO  EvoClassLoader - Seeing class for first time: org.apache.hadoop.thirdparty.com.google.common.collect.Iterators$1
2024-11-12 13:41:17,106 INFO  EvoClassLoader - Instrumenting class 'org.apache.hadoop.thirdparty.com.google.common.collect.Iterators$1'.
2024-11-12 13:41:17,107 INFO  MethodCallReplacementClassAdapter - Adding mock interface to class org/apache/hadoop/thirdparty/com/google/common/collect/Iterators$1
2024-11-12 13:41:17,107 INFO  EvoClassLoader - Keeping class: org.apache.hadoop.thirdparty.com.google.common.collect.Iterators$1
2024-11-12 13:41:17,107 INFO  EvoClassLoader - Seeing class for first time: org.apache.hadoop.thirdparty.com.google.common.collect.Iterators$ArrayItr
2024-11-12 13:41:17,107 INFO  EvoClassLoader - Instrumenting class 'org.apache.hadoop.thirdparty.com.google.common.collect.Iterators$ArrayItr'.
2024-11-12 13:41:17,107 INFO  MethodCallReplacementClassAdapter - Adding mock interface to class org/apache/hadoop/thirdparty/com/google/common/collect/Iterators$ArrayItr
2024-11-12 13:41:17,107 INFO  CreateClassResetClassAdapter - Found static initializer in class org/apache/hadoop/thirdparty/com/google/common/collect/Iterators$ArrayItr
2024-11-12 13:41:17,107 INFO  EvoClassLoader - Keeping class: org.apache.hadoop.thirdparty.com.google.common.collect.Iterators$ArrayItr
2024-11-12 13:41:17,107 INFO  EvoClassLoader - Seeing class for first time: org.apache.hadoop.thirdparty.com.google.common.collect.Iterators$10
2024-11-12 13:41:17,107 INFO  EvoClassLoader - Instrumenting class 'org.apache.hadoop.thirdparty.com.google.common.collect.Iterators$10'.
2024-11-12 13:41:17,108 INFO  MethodCallReplacementClassAdapter - Adding mock interface to class org/apache/hadoop/thirdparty/com/google/common/collect/Iterators$10
2024-11-12 13:41:17,108 INFO  EvoClassLoader - Keeping class: org.apache.hadoop.thirdparty.com.google.common.collect.Iterators$10
2024-11-12 13:41:17,108 INFO  EvoClassLoader - Seeing class for first time: org.apache.hadoop.thirdparty.com.google.common.collect.Iterators$4
2024-11-12 13:41:17,108 INFO  EvoClassLoader - Instrumenting class 'org.apache.hadoop.thirdparty.com.google.common.collect.Iterators$4'.
2024-11-12 13:41:17,108 INFO  MethodCallReplacementClassAdapter - Adding mock interface to class org/apache/hadoop/thirdparty/com/google/common/collect/Iterators$4
2024-11-12 13:41:17,108 INFO  EvoClassLoader - Keeping class: org.apache.hadoop.thirdparty.com.google.common.collect.Iterators$4
2024-11-12 13:41:17,108 INFO  EvoClassLoader - Seeing class for first time: org.apache.hadoop.thirdparty.com.google.common.collect.PeekingIterator
2024-11-12 13:41:17,108 INFO  EvoClassLoader - Instrumenting class 'org.apache.hadoop.thirdparty.com.google.common.collect.PeekingIterator'.
2024-11-12 13:41:17,109 INFO  EvoClassLoader - Keeping class: org.apache.hadoop.thirdparty.com.google.common.collect.PeekingIterator
2024-11-12 13:41:17,109 INFO  EvoClassLoader - Seeing class for first time: org.apache.hadoop.thirdparty.com.google.common.collect.Iterators$MergingIterator
2024-11-12 13:41:17,109 INFO  EvoClassLoader - Instrumenting class 'org.apache.hadoop.thirdparty.com.google.common.collect.Iterators$MergingIterator'.
2024-11-12 13:41:17,109 INFO  MethodCallReplacementClassAdapter - Adding mock interface to class org/apache/hadoop/thirdparty/com/google/common/collect/Iterators$MergingIterator
2024-11-12 13:41:17,109 INFO  CreateClassResetClassAdapter - Creating brand-new static initializer in class org/apache/hadoop/thirdparty/com/google/common/collect/Iterators$MergingIterator
2024-11-12 13:41:17,109 INFO  EvoClassLoader - Keeping class: org.apache.hadoop.thirdparty.com.google.common.collect.Iterators$MergingIterator
2024-11-12 13:41:17,109 INFO  EvoClassLoader - Seeing class for first time: org.apache.hadoop.thirdparty.com.google.common.base.Optional
2024-11-12 13:41:17,109 INFO  EvoClassLoader - Instrumenting class 'org.apache.hadoop.thirdparty.com.google.common.base.Optional'.
2024-11-12 13:41:17,110 INFO  MethodCallReplacementClassAdapter - Adding mock interface to class org/apache/hadoop/thirdparty/com/google/common/base/Optional
2024-11-12 13:41:17,110 INFO  CreateClassResetClassAdapter - Creating brand-new static initializer in class org/apache/hadoop/thirdparty/com/google/common/base/Optional
2024-11-12 13:41:17,110 INFO  EvoClassLoader - Keeping class: org.apache.hadoop.thirdparty.com.google.common.base.Optional
2024-11-12 13:41:17,110 INFO  EvoClassLoader - Seeing class for first time: org.apache.hadoop.thirdparty.com.google.common.collect.Iterators$EmptyModifiableIterator
2024-11-12 13:41:17,110 INFO  EvoClassLoader - Instrumenting class 'org.apache.hadoop.thirdparty.com.google.common.collect.Iterators$EmptyModifiableIterator'.
2024-11-12 13:41:17,110 INFO  MethodCallReplacementClassAdapter - Adding mock interface to class org/apache/hadoop/thirdparty/com/google/common/collect/Iterators$EmptyModifiableIterator
2024-11-12 13:41:17,110 INFO  CreateClassResetClassAdapter - Found static initializer in class org/apache/hadoop/thirdparty/com/google/common/collect/Iterators$EmptyModifiableIterator
2024-11-12 13:41:17,111 INFO  EvoClassLoader - Keeping class: org.apache.hadoop.thirdparty.com.google.common.collect.Iterators$EmptyModifiableIterator
2024-11-12 13:41:17,111 INFO  EvoClassLoader - Seeing class for first time: org.apache.hadoop.thirdparty.com.google.common.collect.Iterators$ConcatenatedIterator
2024-11-12 13:41:17,111 INFO  EvoClassLoader - Instrumenting class 'org.apache.hadoop.thirdparty.com.google.common.collect.Iterators$ConcatenatedIterator'.
2024-11-12 13:41:17,111 INFO  MethodCallReplacementClassAdapter - Adding mock interface to class org/apache/hadoop/thirdparty/com/google/common/collect/Iterators$ConcatenatedIterator
2024-11-12 13:41:17,111 INFO  CreateClassResetClassAdapter - Creating brand-new static initializer in class org/apache/hadoop/thirdparty/com/google/common/collect/Iterators$ConcatenatedIterator
2024-11-12 13:41:17,111 INFO  EvoClassLoader - Keeping class: org.apache.hadoop.thirdparty.com.google.common.collect.Iterators$ConcatenatedIterator
2024-11-12 13:41:17,111 INFO  EvoClassLoader - Seeing class for first time: org.apache.hadoop.thirdparty.com.google.common.collect.Iterators$PeekingImpl
2024-11-12 13:41:17,111 INFO  EvoClassLoader - Instrumenting class 'org.apache.hadoop.thirdparty.com.google.common.collect.Iterators$PeekingImpl'.
2024-11-12 13:41:17,111 INFO  MethodCallReplacementClassAdapter - Adding mock interface to class org/apache/hadoop/thirdparty/com/google/common/collect/Iterators$PeekingImpl
2024-11-12 13:41:17,111 INFO  CreateClassResetClassAdapter - Creating brand-new static initializer in class org/apache/hadoop/thirdparty/com/google/common/collect/Iterators$PeekingImpl
2024-11-12 13:41:17,112 INFO  EvoClassLoader - Keeping class: org.apache.hadoop.thirdparty.com.google.common.collect.Iterators$PeekingImpl
2024-11-12 13:41:17,112 INFO  EvoClassLoader - Seeing class for first time: org.apache.hadoop.hdfs.server.blockmanagement.OutOfLegacyGenerationStampsException
2024-11-12 13:41:17,112 INFO  EvoClassLoader - Instrumenting class 'org.apache.hadoop.hdfs.server.blockmanagement.OutOfLegacyGenerationStampsException'.
2024-11-12 13:41:17,112 INFO  MethodCallReplacementClassAdapter - Adding mock interface to class org/apache/hadoop/hdfs/server/blockmanagement/OutOfLegacyGenerationStampsException
2024-11-12 13:41:17,112 INFO  CreateClassResetClassAdapter - Creating brand-new static initializer in class org/apache/hadoop/hdfs/server/blockmanagement/OutOfLegacyGenerationStampsException
2024-11-12 13:41:17,113 INFO  EvoClassLoader - Keeping class: org.apache.hadoop.hdfs.server.blockmanagement.OutOfLegacyGenerationStampsException
2024-11-12 13:41:17,113 INFO  EvoClassLoader - Seeing class for first time: org.apache.hadoop.hdfs.server.blockmanagement.SequentialBlockGroupIdGenerator
2024-11-12 13:41:17,113 INFO  EvoClassLoader - Instrumenting class 'org.apache.hadoop.hdfs.server.blockmanagement.SequentialBlockGroupIdGenerator'.
2024-11-12 13:41:17,113 INFO  MethodCallReplacementClassAdapter - Adding mock interface to class org/apache/hadoop/hdfs/server/blockmanagement/SequentialBlockGroupIdGenerator
2024-11-12 13:41:17,114 INFO  CreateClassResetClassAdapter - Creating brand-new static initializer in class org/apache/hadoop/hdfs/server/blockmanagement/SequentialBlockGroupIdGenerator
2024-11-12 13:41:17,114 INFO  EvoClassLoader - Seeing class for first time: org.apache.hadoop.util.SequentialNumber
2024-11-12 13:41:17,114 INFO  EvoClassLoader - Instrumenting class 'org.apache.hadoop.util.SequentialNumber'.
2024-11-12 13:41:17,114 INFO  MethodCallReplacementClassAdapter - Adding mock interface to class org/apache/hadoop/util/SequentialNumber
2024-11-12 13:41:17,115 INFO  CreateClassResetClassAdapter - Creating brand-new static initializer in class org/apache/hadoop/util/SequentialNumber
2024-11-12 13:41:17,115 INFO  EvoClassLoader - Seeing class for first time: org.apache.hadoop.util.IdGenerator
2024-11-12 13:41:17,115 INFO  EvoClassLoader - Instrumenting class 'org.apache.hadoop.util.IdGenerator'.
2024-11-12 13:41:17,116 INFO  EvoClassLoader - Keeping class: org.apache.hadoop.util.IdGenerator
2024-11-12 13:41:17,116 INFO  EvoClassLoader - Keeping class: org.apache.hadoop.util.SequentialNumber
2024-11-12 13:41:17,116 INFO  EvoClassLoader - Keeping class: org.apache.hadoop.hdfs.server.blockmanagement.SequentialBlockGroupIdGenerator
2024-11-12 13:41:17,116 INFO  EvoClassLoader - Seeing class for first time: org.apache.hadoop.hdfs.server.blockmanagement.SequentialBlockIdGenerator
2024-11-12 13:41:17,116 INFO  EvoClassLoader - Instrumenting class 'org.apache.hadoop.hdfs.server.blockmanagement.SequentialBlockIdGenerator'.
2024-11-12 13:41:17,116 INFO  MethodCallReplacementClassAdapter - Adding mock interface to class org/apache/hadoop/hdfs/server/blockmanagement/SequentialBlockIdGenerator
2024-11-12 13:41:17,117 INFO  CreateClassResetClassAdapter - Creating brand-new static initializer in class org/apache/hadoop/hdfs/server/blockmanagement/SequentialBlockIdGenerator
2024-11-12 13:41:17,117 INFO  CreateClassResetClassAdapter - Adding bytecode for initializing field LAST_RESERVED_BLOCK_ID
2024-11-12 13:41:17,117 INFO  EvoClassLoader - Keeping class: org.apache.hadoop.hdfs.server.blockmanagement.SequentialBlockIdGenerator
2024-11-12 13:41:17,117 INFO  EvoClassLoader - Seeing class for first time: org.apache.hadoop.hdfs.server.common.GenerationStamp
2024-11-12 13:41:17,117 INFO  EvoClassLoader - Instrumenting class 'org.apache.hadoop.hdfs.server.common.GenerationStamp'.
2024-11-12 13:41:17,117 INFO  MethodCallReplacementClassAdapter - Adding mock interface to class org/apache/hadoop/hdfs/server/common/GenerationStamp
2024-11-12 13:41:17,117 INFO  CreateClassResetClassAdapter - Creating brand-new static initializer in class org/apache/hadoop/hdfs/server/common/GenerationStamp
2024-11-12 13:41:17,117 INFO  CreateClassResetClassAdapter - Adding bytecode for initializing field LAST_RESERVED_STAMP
2024-11-12 13:41:17,117 INFO  EvoClassLoader - Keeping class: org.apache.hadoop.hdfs.server.common.GenerationStamp
2024-11-12 13:41:17,118 INFO  EvoClassLoader - Seeing class for first time: org.apache.hadoop.hdfs.server.blockmanagement.InvalidateBlocks
2024-11-12 13:41:17,118 INFO  EvoClassLoader - Instrumenting class 'org.apache.hadoop.hdfs.server.blockmanagement.InvalidateBlocks'.
2024-11-12 13:41:17,118 INFO  MethodCallReplacementClassAdapter - Adding mock interface to class org/apache/hadoop/hdfs/server/blockmanagement/InvalidateBlocks
2024-11-12 13:41:17,120 INFO  CreateClassResetClassAdapter - Found static initializer in class org/apache/hadoop/hdfs/server/blockmanagement/InvalidateBlocks
2024-11-12 13:41:17,120 INFO  EvoClassLoader - Keeping class: org.apache.hadoop.hdfs.server.blockmanagement.InvalidateBlocks
2024-11-12 13:41:17,121 INFO  EvoClassLoader - Seeing class for first time: org.apache.hadoop.hdfs.server.blockmanagement.BlocksMap
2024-11-12 13:41:17,121 INFO  EvoClassLoader - Instrumenting class 'org.apache.hadoop.hdfs.server.blockmanagement.BlocksMap'.
2024-11-12 13:41:17,121 INFO  MethodCallReplacementClassAdapter - Adding mock interface to class org/apache/hadoop/hdfs/server/blockmanagement/BlocksMap
2024-11-12 13:41:17,121 INFO  CreateClassResetClassAdapter - Found static initializer in class org/apache/hadoop/hdfs/server/blockmanagement/BlocksMap
2024-11-12 13:41:17,121 INFO  EvoClassLoader - Keeping class: org.apache.hadoop.hdfs.server.blockmanagement.BlocksMap
2024-11-12 13:41:17,122 INFO  EvoClassLoader - Seeing class for first time: org.apache.hadoop.util.StringUtils$TraditionalBinaryPrefix
2024-11-12 13:41:17,122 INFO  EvoClassLoader - Instrumenting class 'org.apache.hadoop.util.StringUtils$TraditionalBinaryPrefix'.
2024-11-12 13:41:17,122 INFO  MethodCallReplacementClassAdapter - Adding mock interface to class org/apache/hadoop/util/StringUtils$TraditionalBinaryPrefix
2024-11-12 13:41:17,122 INFO  CreateClassResetClassAdapter - Found static initializer in class org/apache/hadoop/util/StringUtils$TraditionalBinaryPrefix
2024-11-12 13:41:17,123 INFO  EvoClassLoader - Keeping class: org.apache.hadoop.util.StringUtils$TraditionalBinaryPrefix
2024-11-12 13:41:17,123 INFO  EvoClassLoader - Seeing class for first time: org.apache.hadoop.hdfs.server.blockmanagement.BlocksMap$1
2024-11-12 13:41:17,123 INFO  EvoClassLoader - Instrumenting class 'org.apache.hadoop.hdfs.server.blockmanagement.BlocksMap$1'.
2024-11-12 13:41:17,123 INFO  MethodCallReplacementClassAdapter - Adding mock interface to class org/apache/hadoop/hdfs/server/blockmanagement/BlocksMap$1
2024-11-12 13:41:17,123 INFO  EvoClassLoader - Keeping class: org.apache.hadoop.hdfs.server.blockmanagement.BlocksMap$1
2024-11-12 13:41:17,123 INFO  EvoClassLoader - Seeing class for first time: org.apache.hadoop.hdfs.server.blockmanagement.BlockPlacementPolicies
2024-11-12 13:41:17,123 INFO  EvoClassLoader - Instrumenting class 'org.apache.hadoop.hdfs.server.blockmanagement.BlockPlacementPolicies'.
2024-11-12 13:41:17,123 INFO  MethodCallReplacementClassAdapter - Adding mock interface to class org/apache/hadoop/hdfs/server/blockmanagement/BlockPlacementPolicies
2024-11-12 13:41:17,123 INFO  CreateClassResetClassAdapter - Creating brand-new static initializer in class org/apache/hadoop/hdfs/server/blockmanagement/BlockPlacementPolicies
2024-11-12 13:41:17,124 INFO  EvoClassLoader - Keeping class: org.apache.hadoop.hdfs.server.blockmanagement.BlockPlacementPolicies
2024-11-12 13:41:17,124 INFO  EvoClassLoader - Seeing class for first time: org.apache.hadoop.hdfs.server.blockmanagement.BlockPlacementPolicyDefault$1
2024-11-12 13:41:17,124 INFO  EvoClassLoader - Instrumenting class 'org.apache.hadoop.hdfs.server.blockmanagement.BlockPlacementPolicyDefault$1'.
2024-11-12 13:41:17,124 INFO  MethodCallReplacementClassAdapter - Adding mock interface to class org/apache/hadoop/hdfs/server/blockmanagement/BlockPlacementPolicyDefault$1
2024-11-12 13:41:17,124 INFO  EvoClassLoader - Keeping class: org.apache.hadoop.hdfs.server.blockmanagement.BlockPlacementPolicyDefault$1
2024-11-12 13:41:17,124 INFO  EvoClassLoader - Seeing class for first time: org.apache.hadoop.hdfs.server.blockmanagement.BlockPlacementStatusDefault
2024-11-12 13:41:17,124 INFO  EvoClassLoader - Instrumenting class 'org.apache.hadoop.hdfs.server.blockmanagement.BlockPlacementStatusDefault'.
2024-11-12 13:41:17,124 INFO  MethodCallReplacementClassAdapter - Adding mock interface to class org/apache/hadoop/hdfs/server/blockmanagement/BlockPlacementStatusDefault
2024-11-12 13:41:17,125 INFO  CreateClassResetClassAdapter - Creating brand-new static initializer in class org/apache/hadoop/hdfs/server/blockmanagement/BlockPlacementStatusDefault
2024-11-12 13:41:17,125 INFO  EvoClassLoader - Keeping class: org.apache.hadoop.hdfs.server.blockmanagement.BlockPlacementStatusDefault
2024-11-12 13:41:17,125 INFO  EvoClassLoader - Seeing class for first time: org.apache.hadoop.hdfs.server.blockmanagement.BlockPlacementPolicy$NotEnoughReplicasException
2024-11-12 13:41:17,125 INFO  EvoClassLoader - Instrumenting class 'org.apache.hadoop.hdfs.server.blockmanagement.BlockPlacementPolicy$NotEnoughReplicasException'.
2024-11-12 13:41:17,125 INFO  MethodCallReplacementClassAdapter - Adding mock interface to class org/apache/hadoop/hdfs/server/blockmanagement/BlockPlacementPolicy$NotEnoughReplicasException
2024-11-12 13:41:17,125 INFO  CreateClassResetClassAdapter - Creating brand-new static initializer in class org/apache/hadoop/hdfs/server/blockmanagement/BlockPlacementPolicy$NotEnoughReplicasException
2024-11-12 13:41:17,125 INFO  EvoClassLoader - Keeping class: org.apache.hadoop.hdfs.server.blockmanagement.BlockPlacementPolicy$NotEnoughReplicasException
2024-11-12 13:41:17,126 INFO  EvoClassLoader - Seeing class for first time: org.apache.hadoop.hdfs.server.blockmanagement.BlockPlacementPolicyDefault$NodeNotChosenReason
2024-11-12 13:41:17,126 INFO  EvoClassLoader - Instrumenting class 'org.apache.hadoop.hdfs.server.blockmanagement.BlockPlacementPolicyDefault$NodeNotChosenReason'.
2024-11-12 13:41:17,126 INFO  MethodCallReplacementClassAdapter - Adding mock interface to class org/apache/hadoop/hdfs/server/blockmanagement/BlockPlacementPolicyDefault$NodeNotChosenReason
2024-11-12 13:41:17,126 INFO  CreateClassResetClassAdapter - Found static initializer in class org/apache/hadoop/hdfs/server/blockmanagement/BlockPlacementPolicyDefault$NodeNotChosenReason
2024-11-12 13:41:17,126 INFO  EvoClassLoader - Keeping class: org.apache.hadoop.hdfs.server.blockmanagement.BlockPlacementPolicyDefault$NodeNotChosenReason
2024-11-12 13:41:17,127 INFO  EvoClassLoader - Seeing class for first time: org.apache.hadoop.hdfs.server.blockmanagement.PendingReconstructionBlocks
2024-11-12 13:41:17,127 INFO  EvoClassLoader - Instrumenting class 'org.apache.hadoop.hdfs.server.blockmanagement.PendingReconstructionBlocks'.
2024-11-12 13:41:17,127 INFO  MethodCallReplacementClassAdapter - Adding mock interface to class org/apache/hadoop/hdfs/server/blockmanagement/PendingReconstructionBlocks
2024-11-12 13:41:17,128 INFO  CreateClassResetClassAdapter - Found static initializer in class org/apache/hadoop/hdfs/server/blockmanagement/PendingReconstructionBlocks
2024-11-12 13:41:17,128 INFO  EvoClassLoader - Keeping class: org.apache.hadoop.hdfs.server.blockmanagement.PendingReconstructionBlocks
2024-11-12 13:41:17,128 INFO  EvoClassLoader - Seeing class for first time: org.apache.hadoop.hdfs.server.blockmanagement.PendingReconstructionBlocks$PendingBlockInfo
2024-11-12 13:41:17,128 INFO  EvoClassLoader - Instrumenting class 'org.apache.hadoop.hdfs.server.blockmanagement.PendingReconstructionBlocks$PendingBlockInfo'.
2024-11-12 13:41:17,128 INFO  MethodCallReplacementClassAdapter - Adding mock interface to class org/apache/hadoop/hdfs/server/blockmanagement/PendingReconstructionBlocks$PendingBlockInfo
2024-11-12 13:41:17,128 INFO  CreateClassResetClassAdapter - Creating brand-new static initializer in class org/apache/hadoop/hdfs/server/blockmanagement/PendingReconstructionBlocks$PendingBlockInfo
2024-11-12 13:41:17,128 INFO  EvoClassLoader - Keeping class: org.apache.hadoop.hdfs.server.blockmanagement.PendingReconstructionBlocks$PendingBlockInfo
2024-11-12 13:41:17,129 INFO  EvoClassLoader - Seeing class for first time: org.apache.hadoop.hdfs.server.blockmanagement.ProvidedStorageMap$ProvidedBlocksBuilder
2024-11-12 13:41:17,129 INFO  EvoClassLoader - Instrumenting class 'org.apache.hadoop.hdfs.server.blockmanagement.ProvidedStorageMap$ProvidedBlocksBuilder'.
2024-11-12 13:41:17,129 INFO  MethodCallReplacementClassAdapter - Adding mock interface to class org/apache/hadoop/hdfs/server/blockmanagement/ProvidedStorageMap$ProvidedBlocksBuilder
2024-11-12 13:41:17,129 INFO  CreateClassResetClassAdapter - Creating brand-new static initializer in class org/apache/hadoop/hdfs/server/blockmanagement/ProvidedStorageMap$ProvidedBlocksBuilder
2024-11-12 13:41:17,129 INFO  EvoClassLoader - Keeping class: org.apache.hadoop.hdfs.server.blockmanagement.ProvidedStorageMap$ProvidedBlocksBuilder
2024-11-12 13:41:17,129 INFO  EvoClassLoader - Seeing class for first time: org.apache.hadoop.hdfs.server.blockmanagement.ProvidedStorageMap$ProvidedBlockList
2024-11-12 13:41:17,129 INFO  EvoClassLoader - Instrumenting class 'org.apache.hadoop.hdfs.server.blockmanagement.ProvidedStorageMap$ProvidedBlockList'.
2024-11-12 13:41:17,129 INFO  MethodCallReplacementClassAdapter - Adding mock interface to class org/apache/hadoop/hdfs/server/blockmanagement/ProvidedStorageMap$ProvidedBlockList
2024-11-12 13:41:17,129 INFO  CreateClassResetClassAdapter - Creating brand-new static initializer in class org/apache/hadoop/hdfs/server/blockmanagement/ProvidedStorageMap$ProvidedBlockList
2024-11-12 13:41:17,129 INFO  EvoClassLoader - Keeping class: org.apache.hadoop.hdfs.server.blockmanagement.ProvidedStorageMap$ProvidedBlockList
2024-11-12 13:41:17,129 INFO  EvoClassLoader - Seeing class for first time: org.apache.hadoop.hdfs.server.common.blockaliasmap.BlockAliasMap
2024-11-12 13:41:17,129 INFO  EvoClassLoader - Instrumenting class 'org.apache.hadoop.hdfs.server.common.blockaliasmap.BlockAliasMap'.
2024-11-12 13:41:17,129 INFO  MethodCallReplacementClassAdapter - Adding mock interface to class org/apache/hadoop/hdfs/server/common/blockaliasmap/BlockAliasMap
2024-11-12 13:41:17,129 INFO  CreateClassResetClassAdapter - Creating brand-new static initializer in class org/apache/hadoop/hdfs/server/common/blockaliasmap/BlockAliasMap
2024-11-12 13:41:17,129 INFO  EvoClassLoader - Defined package (3): package org.apache.hadoop.hdfs.server.common.blockaliasmap, 1548744271
2024-11-12 13:41:17,130 INFO  EvoClassLoader - Keeping class: org.apache.hadoop.hdfs.server.common.blockaliasmap.BlockAliasMap
2024-11-12 13:41:17,130 INFO  EvoClassLoader - Seeing class for first time: org.apache.hadoop.hdfs.server.blockmanagement.ProvidedStorageMap$ProvidedDescriptor
2024-11-12 13:41:17,130 INFO  EvoClassLoader - Instrumenting class 'org.apache.hadoop.hdfs.server.blockmanagement.ProvidedStorageMap$ProvidedDescriptor'.
2024-11-12 13:41:17,130 INFO  MethodCallReplacementClassAdapter - Adding mock interface to class org/apache/hadoop/hdfs/server/blockmanagement/ProvidedStorageMap$ProvidedDescriptor
2024-11-12 13:41:17,130 INFO  CreateClassResetClassAdapter - Found static initializer in class org/apache/hadoop/hdfs/server/blockmanagement/ProvidedStorageMap$ProvidedDescriptor
2024-11-12 13:41:17,130 INFO  EvoClassLoader - Keeping class: org.apache.hadoop.hdfs.server.blockmanagement.ProvidedStorageMap$ProvidedDescriptor
2024-11-12 13:41:17,131 INFO  EvoClassLoader - Seeing class for first time: org.apache.hadoop.hdfs.server.blockmanagement.PendingRecoveryBlocks
2024-11-12 13:41:17,131 INFO  EvoClassLoader - Instrumenting class 'org.apache.hadoop.hdfs.server.blockmanagement.PendingRecoveryBlocks'.
2024-11-12 13:41:17,131 INFO  MethodCallReplacementClassAdapter - Adding mock interface to class org/apache/hadoop/hdfs/server/blockmanagement/PendingRecoveryBlocks
2024-11-12 13:41:17,131 INFO  CreateClassResetClassAdapter - Found static initializer in class org/apache/hadoop/hdfs/server/blockmanagement/PendingRecoveryBlocks
2024-11-12 13:41:17,131 INFO  EvoClassLoader - Keeping class: org.apache.hadoop.hdfs.server.blockmanagement.PendingRecoveryBlocks
2024-11-12 13:41:17,131 INFO  EvoClassLoader - Seeing class for first time: org.apache.hadoop.hdfs.server.blockmanagement.BlockReportLeaseManager$NodeData
2024-11-12 13:41:17,131 INFO  EvoClassLoader - Instrumenting class 'org.apache.hadoop.hdfs.server.blockmanagement.BlockReportLeaseManager$NodeData'.
2024-11-12 13:41:17,131 INFO  MethodCallReplacementClassAdapter - Adding mock interface to class org/apache/hadoop/hdfs/server/blockmanagement/BlockReportLeaseManager$NodeData
2024-11-12 13:41:17,132 INFO  CreateClassResetClassAdapter - Creating brand-new static initializer in class org/apache/hadoop/hdfs/server/blockmanagement/BlockReportLeaseManager$NodeData
2024-11-12 13:41:17,132 INFO  EvoClassLoader - Keeping class: org.apache.hadoop.hdfs.server.blockmanagement.BlockReportLeaseManager$NodeData
2024-11-12 13:41:17,132 INFO  EvoClassLoader - Seeing class for first time: org.apache.hadoop.hdfs.server.blockmanagement.BlockManagerSafeMode
2024-11-12 13:41:17,132 INFO  EvoClassLoader - Instrumenting class 'org.apache.hadoop.hdfs.server.blockmanagement.BlockManagerSafeMode'.
2024-11-12 13:41:17,132 INFO  MethodCallReplacementClassAdapter - Adding mock interface to class org/apache/hadoop/hdfs/server/blockmanagement/BlockManagerSafeMode
2024-11-12 13:41:17,133 INFO  CreateClassResetClassAdapter - Found static initializer in class org/apache/hadoop/hdfs/server/blockmanagement/BlockManagerSafeMode
2024-11-12 13:41:17,133 INFO  EvoClassLoader - Keeping class: org.apache.hadoop.hdfs.server.blockmanagement.BlockManagerSafeMode
2024-11-12 13:41:17,134 INFO  EvoClassLoader - Seeing class for first time: org.apache.hadoop.hdfs.server.blockmanagement.BlockManagerSafeMode$BMSafeModeStatus
2024-11-12 13:41:17,134 INFO  EvoClassLoader - Instrumenting class 'org.apache.hadoop.hdfs.server.blockmanagement.BlockManagerSafeMode$BMSafeModeStatus'.
2024-11-12 13:41:17,134 INFO  MethodCallReplacementClassAdapter - Adding mock interface to class org/apache/hadoop/hdfs/server/blockmanagement/BlockManagerSafeMode$BMSafeModeStatus
2024-11-12 13:41:17,134 INFO  CreateClassResetClassAdapter - Found static initializer in class org/apache/hadoop/hdfs/server/blockmanagement/BlockManagerSafeMode$BMSafeModeStatus
2024-11-12 13:41:17,134 INFO  EvoClassLoader - Keeping class: org.apache.hadoop.hdfs.server.blockmanagement.BlockManagerSafeMode$BMSafeModeStatus
2024-11-12 13:41:17,134 INFO  EvoClassLoader - Seeing class for first time: org.apache.hadoop.hdfs.server.blockmanagement.BlockManagerSafeMode$SafeModeMonitor
2024-11-12 13:41:17,134 INFO  EvoClassLoader - Instrumenting class 'org.apache.hadoop.hdfs.server.blockmanagement.BlockManagerSafeMode$SafeModeMonitor'.
2024-11-12 13:41:17,135 INFO  MethodCallReplacementClassAdapter - Adding mock interface to class org/apache/hadoop/hdfs/server/blockmanagement/BlockManagerSafeMode$SafeModeMonitor
2024-11-12 13:41:17,135 INFO  CreateClassResetClassAdapter - Creating brand-new static initializer in class org/apache/hadoop/hdfs/server/blockmanagement/BlockManagerSafeMode$SafeModeMonitor
2024-11-12 13:41:17,135 INFO  CreateClassResetClassAdapter - Adding bytecode for initializing field RECHECK_INTERVAL
2024-11-12 13:41:17,135 INFO  EvoClassLoader - Keeping class: org.apache.hadoop.hdfs.server.blockmanagement.BlockManagerSafeMode$SafeModeMonitor
2024-11-12 13:41:17,135 INFO  EvoClassLoader - Seeing class for first time: org.apache.hadoop.io.EnumSetWritable$1
2024-11-12 13:41:17,135 INFO  EvoClassLoader - Instrumenting class 'org.apache.hadoop.io.EnumSetWritable$1'.
2024-11-12 13:41:17,135 INFO  MethodCallReplacementClassAdapter - Adding mock interface to class org/apache/hadoop/io/EnumSetWritable$1
2024-11-12 13:41:17,135 INFO  EvoClassLoader - Keeping class: org.apache.hadoop.io.EnumSetWritable$1
2024-11-12 13:41:17,135 INFO  EvoClassLoader - Seeing class for first time: org.apache.hadoop.io.EnumSetWritable
2024-11-12 13:41:17,135 INFO  EvoClassLoader - Instrumenting class 'org.apache.hadoop.io.EnumSetWritable'.
2024-11-12 13:41:17,136 INFO  MethodCallReplacementClassAdapter - Adding mock interface to class org/apache/hadoop/io/EnumSetWritable
2024-11-12 13:41:17,136 INFO  CreateClassResetClassAdapter - Found static initializer in class org/apache/hadoop/io/EnumSetWritable
2024-11-12 13:41:17,136 INFO  EvoClassLoader - Keeping class: org.apache.hadoop.io.EnumSetWritable
2024-11-12 13:41:17,137 INFO  EvoClassLoader - Seeing class for first time: org.apache.hadoop.hdfs.server.datanode.ReplicaInfo
2024-11-12 13:41:17,137 INFO  EvoClassLoader - Instrumenting class 'org.apache.hadoop.hdfs.server.datanode.ReplicaInfo'.
2024-11-12 13:41:17,138 INFO  MethodCallReplacementClassAdapter - Adding mock interface to class org/apache/hadoop/hdfs/server/datanode/ReplicaInfo
2024-11-12 13:41:17,138 INFO  CreateClassResetClassAdapter - Found static initializer in class org/apache/hadoop/hdfs/server/datanode/ReplicaInfo
2024-11-12 13:41:17,138 INFO  EvoClassLoader - Keeping class: org.apache.hadoop.hdfs.server.datanode.ReplicaInfo
2024-11-12 13:41:17,138 INFO  EvoClassLoader - Seeing class for first time: org.apache.hadoop.fs.TestFileSystemInitialization$FailingFileSystem
2024-11-12 13:41:17,138 INFO  EvoClassLoader - Instrumenting class 'org.apache.hadoop.fs.TestFileSystemInitialization$FailingFileSystem'.
2024-11-12 13:41:17,139 INFO  MethodCallReplacementClassAdapter - Adding mock interface to class org/apache/hadoop/fs/TestFileSystemInitialization$FailingFileSystem
2024-11-12 13:41:17,139 INFO  CreateClassResetClassAdapter - Creating brand-new static initializer in class org/apache/hadoop/fs/TestFileSystemInitialization$FailingFileSystem
2024-11-12 13:41:17,139 INFO  CreateClassResetClassAdapter - Adding bytecode for initializing field INITIALIZE
2024-11-12 13:41:17,139 INFO  CreateClassResetClassAdapter - Adding bytecode for initializing field CLOSE
2024-11-12 13:41:17,139 INFO  CreateClassResetClassAdapter - Adding bytecode for initializing field initCount
2024-11-12 13:41:17,139 INFO  CreateClassResetClassAdapter - Adding bytecode for initializing field closeCount
2024-11-12 13:41:17,139 INFO  EvoClassLoader - Keeping class: org.apache.hadoop.fs.TestFileSystemInitialization$FailingFileSystem
2024-11-12 13:41:17,139 INFO  EvoClassLoader - Seeing class for first time: org.apache.hadoop.fs.TestFileSystemInitialization
2024-11-12 13:41:17,139 INFO  EvoClassLoader - Instrumenting class 'org.apache.hadoop.fs.TestFileSystemInitialization'.
2024-11-12 13:41:17,140 INFO  MethodCallReplacementClassAdapter - Adding mock interface to class org/apache/hadoop/fs/TestFileSystemInitialization
2024-11-12 13:41:17,141 INFO  CreateClassResetClassAdapter - Creating brand-new static initializer in class org/apache/hadoop/fs/TestFileSystemInitialization
2024-11-12 13:41:17,141 INFO  EvoClassLoader - Keeping class: org.apache.hadoop.fs.TestFileSystemInitialization
2024-11-12 13:41:17,141 INFO  EvoClassLoader - Seeing class for first time: org.apache.hadoop.hdfs.server.datanode.FileIoProvider$WrappedFileInputStream
2024-11-12 13:41:17,141 INFO  EvoClassLoader - Instrumenting class 'org.apache.hadoop.hdfs.server.datanode.FileIoProvider$WrappedFileInputStream'.
2024-11-12 13:41:17,141 INFO  MethodCallReplacementClassAdapter - Adding mock interface to class org/apache/hadoop/hdfs/server/datanode/FileIoProvider$WrappedFileInputStream
2024-11-12 13:41:17,141 INFO  CreateClassResetClassAdapter - Creating brand-new static initializer in class org/apache/hadoop/hdfs/server/datanode/FileIoProvider$WrappedFileInputStream
2024-11-12 13:41:17,142 INFO  EvoClassLoader - Keeping class: org.apache.hadoop.hdfs.server.datanode.FileIoProvider$WrappedFileInputStream
2024-11-12 13:41:17,142 INFO  EvoClassLoader - Seeing class for first time: org.apache.hadoop.hdfs.server.datanode.FileIoProvider$WrappedFileOutputStream
2024-11-12 13:41:17,142 INFO  EvoClassLoader - Instrumenting class 'org.apache.hadoop.hdfs.server.datanode.FileIoProvider$WrappedFileOutputStream'.
2024-11-12 13:41:17,142 INFO  MethodCallReplacementClassAdapter - Adding mock interface to class org/apache/hadoop/hdfs/server/datanode/FileIoProvider$WrappedFileOutputStream
2024-11-12 13:41:17,142 INFO  CreateClassResetClassAdapter - Creating brand-new static initializer in class org/apache/hadoop/hdfs/server/datanode/FileIoProvider$WrappedFileOutputStream
2024-11-12 13:41:17,142 INFO  EvoClassLoader - Keeping class: org.apache.hadoop.hdfs.server.datanode.FileIoProvider$WrappedFileOutputStream
2024-11-12 13:41:17,142 INFO  EvoClassLoader - Seeing class for first time: org.apache.hadoop.hdfs.server.datanode.FileIoProvider$WrappedRandomAccessFile
2024-11-12 13:41:17,142 INFO  EvoClassLoader - Instrumenting class 'org.apache.hadoop.hdfs.server.datanode.FileIoProvider$WrappedRandomAccessFile'.
2024-11-12 13:41:17,142 INFO  MethodCallReplacementClassAdapter - Adding mock interface to class org/apache/hadoop/hdfs/server/datanode/FileIoProvider$WrappedRandomAccessFile
2024-11-12 13:41:17,142 INFO  CreateClassResetClassAdapter - Creating brand-new static initializer in class org/apache/hadoop/hdfs/server/datanode/FileIoProvider$WrappedRandomAccessFile
2024-11-12 13:41:17,143 INFO  EvoClassLoader - Keeping class: org.apache.hadoop.hdfs.server.datanode.FileIoProvider$WrappedRandomAccessFile
2024-11-12 13:41:17,143 INFO  EvoClassLoader - Seeing class for first time: org.apache.hadoop.hdfs.server.datanode.ProfilingFileIoEvents
2024-11-12 13:41:17,143 INFO  EvoClassLoader - Instrumenting class 'org.apache.hadoop.hdfs.server.datanode.ProfilingFileIoEvents'.
2024-11-12 13:41:17,143 INFO  MethodCallReplacementClassAdapter - Adding mock interface to class org/apache/hadoop/hdfs/server/datanode/ProfilingFileIoEvents
2024-11-12 13:41:17,143 INFO  CreateClassResetClassAdapter - Found static initializer in class org/apache/hadoop/hdfs/server/datanode/ProfilingFileIoEvents
2024-11-12 13:41:17,143 INFO  EvoClassLoader - Keeping class: org.apache.hadoop.hdfs.server.datanode.ProfilingFileIoEvents
2024-11-12 13:41:17,143 INFO  EvoClassLoader - Seeing class for first time: org.apache.hadoop.hdfs.server.datanode.FaultInjectorFileIoEvents
2024-11-12 13:41:17,143 INFO  EvoClassLoader - Instrumenting class 'org.apache.hadoop.hdfs.server.datanode.FaultInjectorFileIoEvents'.
2024-11-12 13:41:17,144 INFO  MethodCallReplacementClassAdapter - Adding mock interface to class org/apache/hadoop/hdfs/server/datanode/FaultInjectorFileIoEvents
2024-11-12 13:41:17,144 INFO  CreateClassResetClassAdapter - Creating brand-new static initializer in class org/apache/hadoop/hdfs/server/datanode/FaultInjectorFileIoEvents
2024-11-12 13:41:17,144 INFO  EvoClassLoader - Keeping class: org.apache.hadoop.hdfs.server.datanode.FaultInjectorFileIoEvents
2024-11-12 13:41:17,144 INFO  EvoClassLoader - Seeing class for first time: org.apache.hadoop.io.LongWritable
2024-11-12 13:41:17,144 INFO  EvoClassLoader - Instrumenting class 'org.apache.hadoop.io.LongWritable'.
2024-11-12 13:41:17,144 INFO  MethodCallReplacementClassAdapter - Adding mock interface to class org/apache/hadoop/io/LongWritable
2024-11-12 13:41:17,144 INFO  CreateClassResetClassAdapter - Found static initializer in class org/apache/hadoop/io/LongWritable
2024-11-12 13:41:17,145 INFO  EvoClassLoader - Keeping class: org.apache.hadoop.io.LongWritable
2024-11-12 13:41:17,145 INFO  EvoClassLoader - Seeing class for first time: org.apache.hadoop.hdfs.server.datanode.FileIoProvider$OPERATION
2024-11-12 13:41:17,145 INFO  EvoClassLoader - Instrumenting class 'org.apache.hadoop.hdfs.server.datanode.FileIoProvider$OPERATION'.
2024-11-12 13:41:17,145 INFO  MethodCallReplacementClassAdapter - Adding mock interface to class org/apache/hadoop/hdfs/server/datanode/FileIoProvider$OPERATION
2024-11-12 13:41:17,145 INFO  CreateClassResetClassAdapter - Found static initializer in class org/apache/hadoop/hdfs/server/datanode/FileIoProvider$OPERATION
2024-11-12 13:41:17,145 INFO  EvoClassLoader - Keeping class: org.apache.hadoop.hdfs.server.datanode.FileIoProvider$OPERATION
2024-11-12 13:41:17,145 INFO  EvoClassLoader - Seeing class for first time: org.apache.hadoop.hdfs.server.datanode.fsdataset.DataNodeVolumeMetrics
2024-11-12 13:41:17,145 INFO  EvoClassLoader - Instrumenting class 'org.apache.hadoop.hdfs.server.datanode.fsdataset.DataNodeVolumeMetrics'.
2024-11-12 13:41:17,146 INFO  MethodCallReplacementClassAdapter - Adding mock interface to class org/apache/hadoop/hdfs/server/datanode/fsdataset/DataNodeVolumeMetrics
2024-11-12 13:41:17,146 INFO  CreateClassResetClassAdapter - Creating brand-new static initializer in class org/apache/hadoop/hdfs/server/datanode/fsdataset/DataNodeVolumeMetrics
2024-11-12 13:41:17,146 INFO  EvoClassLoader - Keeping class: org.apache.hadoop.hdfs.server.datanode.fsdataset.DataNodeVolumeMetrics
2024-11-12 13:41:17,146 INFO  EvoClassLoader - Seeing class for first time: org.apache.hadoop.hdfs.server.datanode.fsdataset.FsVolumeSpi$ScanInfo
2024-11-12 13:41:17,146 INFO  EvoClassLoader - Instrumenting class 'org.apache.hadoop.hdfs.server.datanode.fsdataset.FsVolumeSpi$ScanInfo'.
2024-11-12 13:41:17,147 INFO  MethodCallReplacementClassAdapter - Adding mock interface to class org/apache/hadoop/hdfs/server/datanode/fsdataset/FsVolumeSpi$ScanInfo
2024-11-12 13:41:17,147 INFO  CreateClassResetClassAdapter - Found static initializer in class org/apache/hadoop/hdfs/server/datanode/fsdataset/FsVolumeSpi$ScanInfo
2024-11-12 13:41:17,148 INFO  EvoClassLoader - Keeping class: org.apache.hadoop.hdfs.server.datanode.fsdataset.FsVolumeSpi$ScanInfo
2024-11-12 13:41:17,148 INFO  EvoClassLoader - Seeing class for first time: org.apache.hadoop.hdfs.server.datanode.fsdataset.LengthInputStream
2024-11-12 13:41:17,148 INFO  EvoClassLoader - Instrumenting class 'org.apache.hadoop.hdfs.server.datanode.fsdataset.LengthInputStream'.
2024-11-12 13:41:17,148 INFO  MethodCallReplacementClassAdapter - Adding mock interface to class org/apache/hadoop/hdfs/server/datanode/fsdataset/LengthInputStream
2024-11-12 13:41:17,148 INFO  CreateClassResetClassAdapter - Creating brand-new static initializer in class org/apache/hadoop/hdfs/server/datanode/fsdataset/LengthInputStream
2024-11-12 13:41:17,148 INFO  EvoClassLoader - Keeping class: org.apache.hadoop.hdfs.server.datanode.fsdataset.LengthInputStream
2024-11-12 13:41:17,148 INFO  EvoClassLoader - Seeing class for first time: org.apache.hadoop.hdfs.server.datanode.LocalReplica
2024-11-12 13:41:17,148 INFO  EvoClassLoader - Instrumenting class 'org.apache.hadoop.hdfs.server.datanode.LocalReplica'.
2024-11-12 13:41:17,149 INFO  MethodCallReplacementClassAdapter - Adding mock interface to class org/apache/hadoop/hdfs/server/datanode/LocalReplica
2024-11-12 13:41:17,150 INFO  CreateClassResetClassAdapter - Found static initializer in class org/apache/hadoop/hdfs/server/datanode/LocalReplica
2024-11-12 13:41:17,151 INFO  EvoClassLoader - Keeping class: org.apache.hadoop.hdfs.server.datanode.LocalReplica
2024-11-12 13:41:17,152 INFO  EvoClassLoader - Seeing class for first time: org.apache.hadoop.hdfs.server.datanode.LocalReplica$ReplicaDirInfo
2024-11-12 13:41:17,152 INFO  EvoClassLoader - Instrumenting class 'org.apache.hadoop.hdfs.server.datanode.LocalReplica$ReplicaDirInfo'.
2024-11-12 13:41:17,152 INFO  MethodCallReplacementClassAdapter - Adding mock interface to class org/apache/hadoop/hdfs/server/datanode/LocalReplica$ReplicaDirInfo
2024-11-12 13:41:17,152 INFO  CreateClassResetClassAdapter - Creating brand-new static initializer in class org/apache/hadoop/hdfs/server/datanode/LocalReplica$ReplicaDirInfo
2024-11-12 13:41:17,152 INFO  EvoClassLoader - Keeping class: org.apache.hadoop.hdfs.server.datanode.LocalReplica$ReplicaDirInfo
2024-11-12 13:41:17,152 INFO  EvoClassLoader - Seeing class for first time: org.apache.hadoop.hdfs.server.datanode.ReplicaUnderRecovery
2024-11-12 13:41:17,152 INFO  EvoClassLoader - Instrumenting class 'org.apache.hadoop.hdfs.server.datanode.ReplicaUnderRecovery'.
2024-11-12 13:41:17,152 INFO  MethodCallReplacementClassAdapter - Adding mock interface to class org/apache/hadoop/hdfs/server/datanode/ReplicaUnderRecovery
2024-11-12 13:41:17,153 INFO  CreateClassResetClassAdapter - Creating brand-new static initializer in class org/apache/hadoop/hdfs/server/datanode/ReplicaUnderRecovery
2024-11-12 13:41:17,153 INFO  EvoClassLoader - Keeping class: org.apache.hadoop.hdfs.server.datanode.ReplicaUnderRecovery
2024-11-12 13:41:17,153 INFO  EvoClassLoader - Seeing class for first time: org.apache.hadoop.hdfs.server.datanode.StorageLocation$CheckContext
2024-11-12 13:41:17,153 INFO  EvoClassLoader - Instrumenting class 'org.apache.hadoop.hdfs.server.datanode.StorageLocation$CheckContext'.
2024-11-12 13:41:17,153 INFO  MethodCallReplacementClassAdapter - Adding mock interface to class org/apache/hadoop/hdfs/server/datanode/StorageLocation$CheckContext
2024-11-12 13:41:17,153 INFO  CreateClassResetClassAdapter - Creating brand-new static initializer in class org/apache/hadoop/hdfs/server/datanode/StorageLocation$CheckContext
2024-11-12 13:41:17,154 INFO  EvoClassLoader - Keeping class: org.apache.hadoop.hdfs.server.datanode.StorageLocation$CheckContext
2024-11-12 13:41:17,154 INFO  EvoClassLoader - Seeing class for first time: org.apache.hadoop.hdfs.server.datanode.checker.VolumeCheckResult
2024-11-12 13:41:17,154 INFO  EvoClassLoader - Instrumenting class 'org.apache.hadoop.hdfs.server.datanode.checker.VolumeCheckResult'.
2024-11-12 13:41:17,154 INFO  MethodCallReplacementClassAdapter - Adding mock interface to class org/apache/hadoop/hdfs/server/datanode/checker/VolumeCheckResult
2024-11-12 13:41:17,154 INFO  CreateClassResetClassAdapter - Found static initializer in class org/apache/hadoop/hdfs/server/datanode/checker/VolumeCheckResult
2024-11-12 13:41:17,154 INFO  EvoClassLoader - Keeping class: org.apache.hadoop.hdfs.server.datanode.checker.VolumeCheckResult
2024-11-12 13:41:17,154 INFO  EvoClassLoader - Seeing class for first time: org.apache.hadoop.thirdparty.com.google.common.base.Strings
2024-11-12 13:41:17,154 INFO  EvoClassLoader - Instrumenting class 'org.apache.hadoop.thirdparty.com.google.common.base.Strings'.
2024-11-12 13:41:17,154 INFO  MethodCallReplacementClassAdapter - Adding mock interface to class org/apache/hadoop/thirdparty/com/google/common/base/Strings
2024-11-12 13:41:17,155 INFO  CreateClassResetClassAdapter - Creating brand-new static initializer in class org/apache/hadoop/thirdparty/com/google/common/base/Strings
2024-11-12 13:41:17,155 INFO  EvoClassLoader - Keeping class: org.apache.hadoop.thirdparty.com.google.common.base.Strings
2024-11-12 13:41:17,155 INFO  EvoClassLoader - Seeing class for first time: org.apache.hadoop.hdfs.server.common.HdfsServerConstants$NodeType
2024-11-12 13:41:17,155 INFO  EvoClassLoader - Instrumenting class 'org.apache.hadoop.hdfs.server.common.HdfsServerConstants$NodeType'.
2024-11-12 13:41:17,155 INFO  MethodCallReplacementClassAdapter - Adding mock interface to class org/apache/hadoop/hdfs/server/common/HdfsServerConstants$NodeType
2024-11-12 13:41:17,155 INFO  CreateClassResetClassAdapter - Found static initializer in class org/apache/hadoop/hdfs/server/common/HdfsServerConstants$NodeType
2024-11-12 13:41:17,155 INFO  EvoClassLoader - Keeping class: org.apache.hadoop.hdfs.server.common.HdfsServerConstants$NodeType
2024-11-12 13:41:17,156 INFO  EvoClassLoader - Seeing class for first time: org.bouncycastle.asn1.ASN1Object
2024-11-12 13:41:17,156 INFO  EvoClassLoader - Instrumenting class 'org.bouncycastle.asn1.ASN1Object'.
2024-11-12 13:41:17,277 INFO  MethodCallReplacementClassAdapter - Adding mock interface to class org/bouncycastle/asn1/ASN1Object
2024-11-12 13:41:17,277 INFO  CreateClassResetClassAdapter - Creating brand-new static initializer in class org/bouncycastle/asn1/ASN1Object
2024-11-12 13:41:17,277 INFO  EvoClassLoader - Defined package (3): package org.bouncycastle.asn1, 752919493
2024-11-12 13:41:17,277 INFO  EvoClassLoader - Seeing class for first time: org.bouncycastle.asn1.ASN1Encodable
2024-11-12 13:41:17,277 INFO  EvoClassLoader - Instrumenting class 'org.bouncycastle.asn1.ASN1Encodable'.
2024-11-12 13:41:17,278 INFO  EvoClassLoader - Keeping class: org.bouncycastle.asn1.ASN1Encodable
2024-11-12 13:41:17,278 INFO  EvoClassLoader - Seeing class for first time: org.bouncycastle.util.Encodable
2024-11-12 13:41:17,278 INFO  EvoClassLoader - Instrumenting class 'org.bouncycastle.util.Encodable'.
2024-11-12 13:41:17,279 INFO  EvoClassLoader - Defined package (3): package org.bouncycastle.util, 753516178
2024-11-12 13:41:17,279 INFO  EvoClassLoader - Keeping class: org.bouncycastle.util.Encodable
2024-11-12 13:41:17,279 INFO  EvoClassLoader - Keeping class: org.bouncycastle.asn1.ASN1Object
2024-11-12 13:41:17,279 INFO  EvoClassLoader - Seeing class for first time: org.bouncycastle.asn1.ASN1Primitive
2024-11-12 13:41:17,279 INFO  EvoClassLoader - Instrumenting class 'org.bouncycastle.asn1.ASN1Primitive'.
2024-11-12 13:41:17,279 INFO  MethodCallReplacementClassAdapter - Adding mock interface to class org/bouncycastle/asn1/ASN1Primitive
2024-11-12 13:41:17,280 INFO  CreateClassResetClassAdapter - Creating brand-new static initializer in class org/bouncycastle/asn1/ASN1Primitive
2024-11-12 13:41:17,280 INFO  EvoClassLoader - Keeping class: org.bouncycastle.asn1.ASN1Primitive
2024-11-12 13:41:17,281 INFO  EvoClassLoader - Seeing class for first time: org.bouncycastle.asn1.ASN1OutputStream
2024-11-12 13:41:17,281 INFO  EvoClassLoader - Instrumenting class 'org.bouncycastle.asn1.ASN1OutputStream'.
2024-11-12 13:41:17,281 INFO  MethodCallReplacementClassAdapter - Adding mock interface to class org/bouncycastle/asn1/ASN1OutputStream
2024-11-12 13:41:17,282 INFO  CreateClassResetClassAdapter - Creating brand-new static initializer in class org/bouncycastle/asn1/ASN1OutputStream
2024-11-12 13:41:17,282 INFO  EvoClassLoader - Keeping class: org.bouncycastle.asn1.ASN1OutputStream
2024-11-12 13:41:17,282 INFO  EvoClassLoader - Seeing class for first time: org.bouncycastle.asn1.ASN1ObjectIdentifier
2024-11-12 13:41:17,282 INFO  EvoClassLoader - Instrumenting class 'org.bouncycastle.asn1.ASN1ObjectIdentifier'.
2024-11-12 13:41:17,283 INFO  MethodCallReplacementClassAdapter - Adding mock interface to class org/bouncycastle/asn1/ASN1ObjectIdentifier
2024-11-12 13:41:17,285 INFO  CreateClassResetClassAdapter - Found static initializer in class org/bouncycastle/asn1/ASN1ObjectIdentifier
2024-11-12 13:41:17,285 INFO  EvoClassLoader - Keeping class: org.bouncycastle.asn1.ASN1ObjectIdentifier
2024-11-12 13:41:17,286 INFO  EvoClassLoader - Seeing class for first time: org.bouncycastle.asn1.ASN1TaggedObject
2024-11-12 13:41:17,286 INFO  EvoClassLoader - Instrumenting class 'org.bouncycastle.asn1.ASN1TaggedObject'.
2024-11-12 13:41:17,287 INFO  MethodCallReplacementClassAdapter - Adding mock interface to class org/bouncycastle/asn1/ASN1TaggedObject
2024-11-12 13:41:17,289 INFO  CreateClassResetClassAdapter - Creating brand-new static initializer in class org/bouncycastle/asn1/ASN1TaggedObject
2024-11-12 13:41:17,289 INFO  EvoClassLoader - Seeing class for first time: org.bouncycastle.asn1.ASN1TaggedObjectParser
2024-11-12 13:41:17,289 INFO  EvoClassLoader - Instrumenting class 'org.bouncycastle.asn1.ASN1TaggedObjectParser'.
2024-11-12 13:41:17,289 INFO  EvoClassLoader - Seeing class for first time: org.bouncycastle.asn1.InMemoryRepresentable
2024-11-12 13:41:17,289 INFO  EvoClassLoader - Instrumenting class 'org.bouncycastle.asn1.InMemoryRepresentable'.
2024-11-12 13:41:17,290 INFO  EvoClassLoader - Keeping class: org.bouncycastle.asn1.InMemoryRepresentable
2024-11-12 13:41:17,290 INFO  EvoClassLoader - Keeping class: org.bouncycastle.asn1.ASN1TaggedObjectParser
2024-11-12 13:41:17,290 INFO  EvoClassLoader - Keeping class: org.bouncycastle.asn1.ASN1TaggedObject
2024-11-12 13:41:17,290 INFO  EvoClassLoader - Seeing class for first time: org.bouncycastle.asn1.ASN1ObjectIdentifier$OidHandle
2024-11-12 13:41:17,290 INFO  EvoClassLoader - Instrumenting class 'org.bouncycastle.asn1.ASN1ObjectIdentifier$OidHandle'.
2024-11-12 13:41:17,290 INFO  MethodCallReplacementClassAdapter - Adding mock interface to class org/bouncycastle/asn1/ASN1ObjectIdentifier$OidHandle
2024-11-12 13:41:17,290 INFO  CreateClassResetClassAdapter - Creating brand-new static initializer in class org/bouncycastle/asn1/ASN1ObjectIdentifier$OidHandle
2024-11-12 13:41:17,290 INFO  EvoClassLoader - Keeping class: org.bouncycastle.asn1.ASN1ObjectIdentifier$OidHandle
2024-11-12 13:41:17,290 INFO  EvoClassLoader - Seeing class for first time: org.bouncycastle.asn1.OIDTokenizer
2024-11-12 13:41:17,290 INFO  EvoClassLoader - Instrumenting class 'org.bouncycastle.asn1.OIDTokenizer'.
2024-11-12 13:41:17,291 INFO  MethodCallReplacementClassAdapter - Adding mock interface to class org/bouncycastle/asn1/OIDTokenizer
2024-11-12 13:41:17,291 INFO  CreateClassResetClassAdapter - Creating brand-new static initializer in class org/bouncycastle/asn1/OIDTokenizer
2024-11-12 13:41:17,291 INFO  EvoClassLoader - Keeping class: org.bouncycastle.asn1.OIDTokenizer
2024-11-12 13:41:17,291 INFO  EvoClassLoader - Seeing class for first time: org.bouncycastle.util.Arrays
2024-11-12 13:41:17,291 INFO  EvoClassLoader - Instrumenting class 'org.bouncycastle.util.Arrays'.
2024-11-12 13:41:17,291 INFO  MethodCallReplacementClassAdapter - Adding mock interface to class org/bouncycastle/util/Arrays
2024-11-12 13:41:17,292 INFO  CreateClassResetClassAdapter - Creating brand-new static initializer in class org/bouncycastle/util/Arrays
2024-11-12 13:41:17,293 INFO  EvoClassLoader - Keeping class: org.bouncycastle.util.Arrays
2024-11-12 13:41:17,293 INFO  EvoClassLoader - Seeing class for first time: org.bouncycastle.asn1.x509.X509ObjectIdentifiers
2024-11-12 13:41:17,293 INFO  EvoClassLoader - Instrumenting class 'org.bouncycastle.asn1.x509.X509ObjectIdentifiers'.
2024-11-12 13:41:17,294 INFO  EvoClassLoader - Defined package (3): package org.bouncycastle.asn1.x509, 1475838479
2024-11-12 13:41:17,294 INFO  EvoClassLoader - Keeping class: org.bouncycastle.asn1.x509.X509ObjectIdentifiers
2024-11-12 13:41:17,294 INFO  EvoClassLoader - Seeing class for first time: org.bouncycastle.asn1.pkcs.PKCSObjectIdentifiers
2024-11-12 13:41:17,294 INFO  EvoClassLoader - Instrumenting class 'org.bouncycastle.asn1.pkcs.PKCSObjectIdentifiers'.
2024-11-12 13:41:17,294 INFO  EvoClassLoader - Defined package (3): package org.bouncycastle.asn1.pkcs, 1475653684
2024-11-12 13:41:17,295 INFO  EvoClassLoader - Keeping class: org.bouncycastle.asn1.pkcs.PKCSObjectIdentifiers
2024-11-12 13:41:17,295 INFO  EvoClassLoader - Seeing class for first time: org.bouncycastle.asn1.x509.X509Name
2024-11-12 13:41:17,295 INFO  EvoClassLoader - Instrumenting class 'org.bouncycastle.asn1.x509.X509Name'.
2024-11-12 13:41:17,295 INFO  MethodCallReplacementClassAdapter - Adding mock interface to class org/bouncycastle/asn1/x509/X509Name
2024-11-12 13:41:17,298 INFO  CreateClassResetClassAdapter - Found static initializer in class org/bouncycastle/asn1/x509/X509Name
2024-11-12 13:41:17,299 INFO  EvoClassLoader - Keeping class: org.bouncycastle.asn1.x509.X509Name
2024-11-12 13:41:17,300 INFO  EvoClassLoader - Seeing class for first time: org.bouncycastle.asn1.ASN1Sequence
2024-11-12 13:41:17,300 INFO  EvoClassLoader - Instrumenting class 'org.bouncycastle.asn1.ASN1Sequence'.
2024-11-12 13:41:17,300 INFO  MethodCallReplacementClassAdapter - Adding mock interface to class org/bouncycastle/asn1/ASN1Sequence
2024-11-12 13:41:17,301 INFO  CreateClassResetClassAdapter - Creating brand-new static initializer in class org/bouncycastle/asn1/ASN1Sequence
2024-11-12 13:41:17,301 INFO  EvoClassLoader - Seeing class for first time: org.bouncycastle.util.Iterable
2024-11-12 13:41:17,301 INFO  EvoClassLoader - Instrumenting class 'org.bouncycastle.util.Iterable'.
2024-11-12 13:41:17,302 INFO  EvoClassLoader - Keeping class: org.bouncycastle.util.Iterable
2024-11-12 13:41:17,302 INFO  EvoClassLoader - Keeping class: org.bouncycastle.asn1.ASN1Sequence
2024-11-12 13:41:17,302 INFO  EvoClassLoader - Seeing class for first time: org.bouncycastle.asn1.DERSequence
2024-11-12 13:41:17,302 INFO  EvoClassLoader - Instrumenting class 'org.bouncycastle.asn1.DERSequence'.
2024-11-12 13:41:17,302 INFO  MethodCallReplacementClassAdapter - Adding mock interface to class org/bouncycastle/asn1/DERSequence
2024-11-12 13:41:17,302 INFO  CreateClassResetClassAdapter - Creating brand-new static initializer in class org/bouncycastle/asn1/DERSequence
2024-11-12 13:41:17,302 INFO  EvoClassLoader - Keeping class: org.bouncycastle.asn1.DERSequence
2024-11-12 13:41:17,303 INFO  EvoClassLoader - Seeing class for first time: org.bouncycastle.asn1.x509.X509NameEntryConverter
2024-11-12 13:41:17,303 INFO  EvoClassLoader - Instrumenting class 'org.bouncycastle.asn1.x509.X509NameEntryConverter'.
2024-11-12 13:41:17,303 INFO  MethodCallReplacementClassAdapter - Adding mock interface to class org/bouncycastle/asn1/x509/X509NameEntryConverter
2024-11-12 13:41:17,303 INFO  CreateClassResetClassAdapter - Creating brand-new static initializer in class org/bouncycastle/asn1/x509/X509NameEntryConverter
2024-11-12 13:41:17,304 INFO  EvoClassLoader - Keeping class: org.bouncycastle.asn1.x509.X509NameEntryConverter
2024-11-12 13:41:17,304 INFO  EvoClassLoader - Seeing class for first time: org.bouncycastle.asn1.x509.X509DefaultEntryConverter
2024-11-12 13:41:17,304 INFO  EvoClassLoader - Instrumenting class 'org.bouncycastle.asn1.x509.X509DefaultEntryConverter'.
2024-11-12 13:41:17,304 INFO  MethodCallReplacementClassAdapter - Adding mock interface to class org/bouncycastle/asn1/x509/X509DefaultEntryConverter
2024-11-12 13:41:17,304 INFO  CreateClassResetClassAdapter - Creating brand-new static initializer in class org/bouncycastle/asn1/x509/X509DefaultEntryConverter
2024-11-12 13:41:17,305 INFO  EvoClassLoader - Keeping class: org.bouncycastle.asn1.x509.X509DefaultEntryConverter
2024-11-12 13:41:17,309 INFO  EvoClassLoader - Seeing class for first time: org.bouncycastle.jce.X509Principal
2024-11-12 13:41:17,309 INFO  EvoClassLoader - Instrumenting class 'org.bouncycastle.jce.X509Principal'.
2024-11-12 13:41:17,310 INFO  MethodCallReplacementClassAdapter - Adding mock interface to class org/bouncycastle/jce/X509Principal
2024-11-12 13:41:17,312 INFO  CreateClassResetClassAdapter - Creating brand-new static initializer in class org/bouncycastle/jce/X509Principal
2024-11-12 13:41:17,312 INFO  EvoClassLoader - Defined package (3): package org.bouncycastle.jce, 24295868
2024-11-12 13:41:17,312 INFO  EvoClassLoader - Keeping class: org.bouncycastle.jce.X509Principal
2024-11-12 13:41:17,312 INFO  EvoClassLoader - Seeing class for first time: org.bouncycastle.asn1.ASN1InputStream
2024-11-12 13:41:17,312 INFO  EvoClassLoader - Instrumenting class 'org.bouncycastle.asn1.ASN1InputStream'.
2024-11-12 13:41:17,312 INFO  MethodCallReplacementClassAdapter - Adding mock interface to class org/bouncycastle/asn1/ASN1InputStream
2024-11-12 13:41:17,313 INFO  CreateClassResetClassAdapter - Creating brand-new static initializer in class org/bouncycastle/asn1/ASN1InputStream
2024-11-12 13:41:17,314 INFO  EvoClassLoader - Seeing class for first time: org.bouncycastle.asn1.BERTags
2024-11-12 13:41:17,314 INFO  EvoClassLoader - Instrumenting class 'org.bouncycastle.asn1.BERTags'.
2024-11-12 13:41:17,314 INFO  EvoClassLoader - Keeping class: org.bouncycastle.asn1.BERTags
2024-11-12 13:41:17,314 INFO  EvoClassLoader - Keeping class: org.bouncycastle.asn1.ASN1InputStream
2024-11-12 13:41:17,314 INFO  EvoClassLoader - Seeing class for first time: org.bouncycastle.asn1.DERIA5String
2024-11-12 13:41:17,314 INFO  EvoClassLoader - Instrumenting class 'org.bouncycastle.asn1.DERIA5String'.
2024-11-12 13:41:17,315 INFO  MethodCallReplacementClassAdapter - Adding mock interface to class org/bouncycastle/asn1/DERIA5String
2024-11-12 13:41:17,315 INFO  CreateClassResetClassAdapter - Creating brand-new static initializer in class org/bouncycastle/asn1/DERIA5String
2024-11-12 13:41:17,316 INFO  EvoClassLoader - Seeing class for first time: org.bouncycastle.asn1.ASN1String
2024-11-12 13:41:17,316 INFO  EvoClassLoader - Instrumenting class 'org.bouncycastle.asn1.ASN1String'.
2024-11-12 13:41:17,316 INFO  EvoClassLoader - Keeping class: org.bouncycastle.asn1.ASN1String
2024-11-12 13:41:17,316 INFO  EvoClassLoader - Keeping class: org.bouncycastle.asn1.DERIA5String
2024-11-12 13:41:17,316 INFO  EvoClassLoader - Seeing class for first time: org.bouncycastle.asn1.DERGeneralizedTime
2024-11-12 13:41:17,316 INFO  EvoClassLoader - Instrumenting class 'org.bouncycastle.asn1.DERGeneralizedTime'.
2024-11-12 13:41:17,316 INFO  MethodCallReplacementClassAdapter - Adding mock interface to class org/bouncycastle/asn1/DERGeneralizedTime
2024-11-12 13:41:17,316 INFO  CreateClassResetClassAdapter - Creating brand-new static initializer in class org/bouncycastle/asn1/DERGeneralizedTime
2024-11-12 13:41:17,316 INFO  EvoClassLoader - Seeing class for first time: org.bouncycastle.asn1.ASN1GeneralizedTime
2024-11-12 13:41:17,316 INFO  EvoClassLoader - Instrumenting class 'org.bouncycastle.asn1.ASN1GeneralizedTime'.
2024-11-12 13:41:17,317 INFO  MethodCallReplacementClassAdapter - Adding mock interface to class org/bouncycastle/asn1/ASN1GeneralizedTime
2024-11-12 13:41:17,318 INFO  CreateClassResetClassAdapter - Creating brand-new static initializer in class org/bouncycastle/asn1/ASN1GeneralizedTime
2024-11-12 13:41:17,319 INFO  EvoClassLoader - Keeping class: org.bouncycastle.asn1.ASN1GeneralizedTime
2024-11-12 13:41:17,319 INFO  EvoClassLoader - Keeping class: org.bouncycastle.asn1.DERGeneralizedTime
2024-11-12 13:41:17,319 INFO  EvoClassLoader - Seeing class for first time: org.bouncycastle.asn1.DERPrintableString
2024-11-12 13:41:17,319 INFO  EvoClassLoader - Instrumenting class 'org.bouncycastle.asn1.DERPrintableString'.
2024-11-12 13:41:17,319 INFO  MethodCallReplacementClassAdapter - Adding mock interface to class org/bouncycastle/asn1/DERPrintableString
2024-11-12 13:41:17,320 INFO  CreateClassResetClassAdapter - Creating brand-new static initializer in class org/bouncycastle/asn1/DERPrintableString
2024-11-12 13:41:17,320 INFO  EvoClassLoader - Keeping class: org.bouncycastle.asn1.DERPrintableString
2024-11-12 13:41:17,320 INFO  EvoClassLoader - Seeing class for first time: org.bouncycastle.asn1.DERUTF8String
2024-11-12 13:41:17,320 INFO  EvoClassLoader - Instrumenting class 'org.bouncycastle.asn1.DERUTF8String'.
2024-11-12 13:41:17,320 INFO  MethodCallReplacementClassAdapter - Adding mock interface to class org/bouncycastle/asn1/DERUTF8String
2024-11-12 13:41:17,320 INFO  CreateClassResetClassAdapter - Creating brand-new static initializer in class org/bouncycastle/asn1/DERUTF8String
2024-11-12 13:41:17,321 INFO  EvoClassLoader - Keeping class: org.bouncycastle.asn1.DERUTF8String
2024-11-12 13:41:17,321 INFO  EvoClassLoader - Seeing class for first time: org.bouncycastle.asn1.x509.X509NameTokenizer
2024-11-12 13:41:17,321 INFO  EvoClassLoader - Instrumenting class 'org.bouncycastle.asn1.x509.X509NameTokenizer'.
2024-11-12 13:41:17,321 INFO  MethodCallReplacementClassAdapter - Adding mock interface to class org/bouncycastle/asn1/x509/X509NameTokenizer
2024-11-12 13:41:17,321 INFO  CreateClassResetClassAdapter - Creating brand-new static initializer in class org/bouncycastle/asn1/x509/X509NameTokenizer
2024-11-12 13:41:17,321 INFO  EvoClassLoader - Keeping class: org.bouncycastle.asn1.x509.X509NameTokenizer
2024-11-12 13:41:17,321 INFO  EvoClassLoader - Seeing class for first time: org.mockito.internal.util.Platform
2024-11-12 13:41:17,321 INFO  EvoClassLoader - Instrumenting class 'org.mockito.internal.util.Platform'.
2024-11-12 13:41:17,322 INFO  MethodCallReplacementClassAdapter - Adding mock interface to class org/mockito/internal/util/Platform
2024-11-12 13:41:17,322 INFO  CreateClassResetClassAdapter - Found static initializer in class org/mockito/internal/util/Platform
2024-11-12 13:41:17,322 INFO  EvoClassLoader - Keeping class: org.mockito.internal.util.Platform
2024-11-12 13:41:17,322 INFO  EvoClassLoader - Seeing class for first time: org.mockito.internal.exceptions.stacktrace.ConditionalStackTraceFilter
2024-11-12 13:41:17,322 INFO  EvoClassLoader - Instrumenting class 'org.mockito.internal.exceptions.stacktrace.ConditionalStackTraceFilter'.
2024-11-12 13:41:17,323 INFO  MethodCallReplacementClassAdapter - Adding mock interface to class org/mockito/internal/exceptions/stacktrace/ConditionalStackTraceFilter
2024-11-12 13:41:17,323 INFO  CreateClassResetClassAdapter - Creating brand-new static initializer in class org/mockito/internal/exceptions/stacktrace/ConditionalStackTraceFilter
2024-11-12 13:41:17,323 INFO  EvoClassLoader - Keeping class: org.mockito.internal.exceptions.stacktrace.ConditionalStackTraceFilter
2024-11-12 13:41:17,323 INFO  EvoClassLoader - Seeing class for first time: org.mockito.internal.exceptions.stacktrace.DefaultStackTraceCleaner
2024-11-12 13:41:17,323 INFO  EvoClassLoader - Instrumenting class 'org.mockito.internal.exceptions.stacktrace.DefaultStackTraceCleaner'.
2024-11-12 13:41:17,323 INFO  MethodCallReplacementClassAdapter - Adding mock interface to class org/mockito/internal/exceptions/stacktrace/DefaultStackTraceCleaner
2024-11-12 13:41:17,323 INFO  CreateClassResetClassAdapter - Creating brand-new static initializer in class org/mockito/internal/exceptions/stacktrace/DefaultStackTraceCleaner
2024-11-12 13:41:17,323 INFO  EvoClassLoader - Keeping class: org.mockito.internal.exceptions.stacktrace.DefaultStackTraceCleaner
2024-11-12 13:41:17,323 INFO  EvoClassLoader - Seeing class for first time: org.mockito.internal.exceptions.stacktrace.StackTraceFilter
2024-11-12 13:41:17,323 INFO  EvoClassLoader - Instrumenting class 'org.mockito.internal.exceptions.stacktrace.StackTraceFilter'.
2024-11-12 13:41:17,324 INFO  MethodCallReplacementClassAdapter - Adding mock interface to class org/mockito/internal/exceptions/stacktrace/StackTraceFilter
2024-11-12 13:41:17,324 INFO  CreateClassResetClassAdapter - Found static initializer in class org/mockito/internal/exceptions/stacktrace/StackTraceFilter
2024-11-12 13:41:17,324 INFO  EvoClassLoader - Keeping class: org.mockito.internal.exceptions.stacktrace.StackTraceFilter
2024-11-12 13:41:17,325 INFO  EvoClassLoader - Seeing class for first time: org.apache.hadoop.hdfs.server.protocol.DatanodeStorage$State
2024-11-12 13:41:17,325 INFO  EvoClassLoader - Instrumenting class 'org.apache.hadoop.hdfs.server.protocol.DatanodeStorage$State'.
2024-11-12 13:41:17,325 INFO  MethodCallReplacementClassAdapter - Adding mock interface to class org/apache/hadoop/hdfs/server/protocol/DatanodeStorage$State
2024-11-12 13:41:17,325 INFO  CreateClassResetClassAdapter - Found static initializer in class org/apache/hadoop/hdfs/server/protocol/DatanodeStorage$State
2024-11-12 13:41:17,325 INFO  EvoClassLoader - Keeping class: org.apache.hadoop.hdfs.server.protocol.DatanodeStorage$State
2024-11-12 13:41:17,325 INFO  EvoClassLoader - Seeing class for first time: org.apache.hadoop.hdfs.server.namenode.INodeDirectory$1
2024-11-12 13:41:17,325 INFO  EvoClassLoader - Instrumenting class 'org.apache.hadoop.hdfs.server.namenode.INodeDirectory$1'.
2024-11-12 13:41:17,325 INFO  MethodCallReplacementClassAdapter - Adding mock interface to class org/apache/hadoop/hdfs/server/namenode/INodeDirectory$1
2024-11-12 13:41:17,326 INFO  EvoClassLoader - Keeping class: org.apache.hadoop.hdfs.server.namenode.INodeDirectory$1
2024-11-12 13:41:17,326 INFO  EvoClassLoader - Seeing class for first time: org.apache.hadoop.hdfs.server.namenode.INodeDirectory$1$1
2024-11-12 13:41:17,326 INFO  EvoClassLoader - Instrumenting class 'org.apache.hadoop.hdfs.server.namenode.INodeDirectory$1$1'.
2024-11-12 13:41:17,326 INFO  MethodCallReplacementClassAdapter - Adding mock interface to class org/apache/hadoop/hdfs/server/namenode/INodeDirectory$1$1
2024-11-12 13:41:17,326 INFO  EvoClassLoader - Keeping class: org.apache.hadoop.hdfs.server.namenode.INodeDirectory$1$1
2024-11-12 13:41:17,326 INFO  EvoClassLoader - Seeing class for first time: org.apache.hadoop.hdfs.server.common.Storage$DirIterator
2024-11-12 13:41:17,326 INFO  EvoClassLoader - Instrumenting class 'org.apache.hadoop.hdfs.server.common.Storage$DirIterator'.
2024-11-12 13:41:17,326 INFO  MethodCallReplacementClassAdapter - Adding mock interface to class org/apache/hadoop/hdfs/server/common/Storage$DirIterator
2024-11-12 13:41:17,326 INFO  CreateClassResetClassAdapter - Creating brand-new static initializer in class org/apache/hadoop/hdfs/server/common/Storage$DirIterator
2024-11-12 13:41:17,327 INFO  EvoClassLoader - Keeping class: org.apache.hadoop.hdfs.server.common.Storage$DirIterator
2024-11-12 13:41:17,327 INFO  EvoClassLoader - Seeing class for first time: org.apache.hadoop.io.nativeio.NativeIO
2024-11-12 13:41:17,327 INFO  EvoClassLoader - Instrumenting class 'org.apache.hadoop.io.nativeio.NativeIO'.
2024-11-12 13:41:17,327 INFO  MethodCallReplacementClassAdapter - Adding mock interface to class org/apache/hadoop/io/nativeio/NativeIO
2024-11-12 13:41:17,328 INFO  CreateClassResetClassAdapter - Found static initializer in class org/apache/hadoop/io/nativeio/NativeIO
2024-11-12 13:41:17,329 INFO  EvoClassLoader - Keeping class: org.apache.hadoop.io.nativeio.NativeIO
2024-11-12 13:41:17,329 INFO  EvoClassLoader - Seeing class for first time: org.apache.hadoop.io.SecureIOUtils$AlreadyExistsException
2024-11-12 13:41:17,329 INFO  EvoClassLoader - Instrumenting class 'org.apache.hadoop.io.SecureIOUtils$AlreadyExistsException'.
2024-11-12 13:41:17,329 INFO  MethodCallReplacementClassAdapter - Adding mock interface to class org/apache/hadoop/io/SecureIOUtils$AlreadyExistsException
2024-11-12 13:41:17,329 INFO  CreateClassResetClassAdapter - Creating brand-new static initializer in class org/apache/hadoop/io/SecureIOUtils$AlreadyExistsException
2024-11-12 13:41:17,329 INFO  EvoClassLoader - Keeping class: org.apache.hadoop.io.SecureIOUtils$AlreadyExistsException
2024-11-12 13:41:17,330 INFO  EvoClassLoader - Seeing class for first time: org.apache.hadoop.fs.FileUtil
2024-11-12 13:41:17,330 INFO  EvoClassLoader - Instrumenting class 'org.apache.hadoop.fs.FileUtil'.
2024-11-12 13:41:17,330 INFO  MethodCallReplacementClassAdapter - Adding mock interface to class org/apache/hadoop/fs/FileUtil
2024-11-12 13:41:17,335 INFO  CreateClassResetClassAdapter - Found static initializer in class org/apache/hadoop/fs/FileUtil
2024-11-12 13:41:17,336 INFO  EvoClassLoader - Keeping class: org.apache.hadoop.fs.FileUtil
2024-11-12 13:41:17,337 INFO  EvoClassLoader - Seeing class for first time: org.apache.commons.compress.archivers.zip.ZipArchiveInputStream
2024-11-12 13:41:17,337 INFO  EvoClassLoader - Instrumenting class 'org.apache.commons.compress.archivers.zip.ZipArchiveInputStream'.
2024-11-12 13:41:17,337 INFO  MethodCallReplacementClassAdapter - Adding mock interface to class org/apache/commons/compress/archivers/zip/ZipArchiveInputStream
2024-11-12 13:41:17,339 INFO  CreateClassResetClassAdapter - Found static initializer in class org/apache/commons/compress/archivers/zip/ZipArchiveInputStream
2024-11-12 13:41:17,339 INFO  EvoClassLoader - Defined package (3): package org.apache.commons.compress.archivers.zip, -1697835642
2024-11-12 13:41:17,340 INFO  EvoClassLoader - Seeing class for first time: org.apache.commons.compress.utils.InputStreamStatistics
2024-11-12 13:41:17,340 INFO  EvoClassLoader - Instrumenting class 'org.apache.commons.compress.utils.InputStreamStatistics'.
2024-11-12 13:41:17,340 INFO  EvoClassLoader - Defined package (3): package org.apache.commons.compress.utils, -373561087
2024-11-12 13:41:17,340 INFO  EvoClassLoader - Keeping class: org.apache.commons.compress.utils.InputStreamStatistics
2024-11-12 13:41:17,340 INFO  EvoClassLoader - Seeing class for first time: org.apache.commons.compress.archivers.ArchiveInputStream
2024-11-12 13:41:17,340 INFO  EvoClassLoader - Instrumenting class 'org.apache.commons.compress.archivers.ArchiveInputStream'.
2024-11-12 13:41:17,340 INFO  MethodCallReplacementClassAdapter - Adding mock interface to class org/apache/commons/compress/archivers/ArchiveInputStream
2024-11-12 13:41:17,340 INFO  CreateClassResetClassAdapter - Creating brand-new static initializer in class org/apache/commons/compress/archivers/ArchiveInputStream
2024-11-12 13:41:17,340 INFO  CreateClassResetClassAdapter - Adding bytecode for initializing field BYTE_MASK
2024-11-12 13:41:17,340 INFO  EvoClassLoader - Defined package (3): package org.apache.commons.compress.archivers, -1107036461
2024-11-12 13:41:17,340 INFO  EvoClassLoader - Keeping class: org.apache.commons.compress.archivers.ArchiveInputStream
2024-11-12 13:41:17,340 INFO  EvoClassLoader - Keeping class: org.apache.commons.compress.archivers.zip.ZipArchiveInputStream
2024-11-12 13:41:17,341 INFO  EvoClassLoader - Seeing class for first time: org.apache.hadoop.io.IOUtils$NullOutputStream
2024-11-12 13:41:17,341 INFO  EvoClassLoader - Instrumenting class 'org.apache.hadoop.io.IOUtils$NullOutputStream'.
2024-11-12 13:41:17,341 INFO  MethodCallReplacementClassAdapter - Adding mock interface to class org/apache/hadoop/io/IOUtils$NullOutputStream
2024-11-12 13:41:17,341 INFO  CreateClassResetClassAdapter - Creating brand-new static initializer in class org/apache/hadoop/io/IOUtils$NullOutputStream
2024-11-12 13:41:17,341 INFO  EvoClassLoader - Keeping class: org.apache.hadoop.io.IOUtils$NullOutputStream
2024-11-12 13:41:17,341 INFO  EvoClassLoader - Seeing class for first time: org.apache.commons.compress.archivers.tar.TarArchiveInputStream
2024-11-12 13:41:17,341 INFO  EvoClassLoader - Instrumenting class 'org.apache.commons.compress.archivers.tar.TarArchiveInputStream'.
2024-11-12 13:41:17,341 INFO  MethodCallReplacementClassAdapter - Adding mock interface to class org/apache/commons/compress/archivers/tar/TarArchiveInputStream
2024-11-12 13:41:17,343 INFO  CreateClassResetClassAdapter - Creating brand-new static initializer in class org/apache/commons/compress/archivers/tar/TarArchiveInputStream
2024-11-12 13:41:17,343 INFO  CreateClassResetClassAdapter - Adding bytecode for initializing field SMALL_BUFFER_SIZE
2024-11-12 13:41:17,343 INFO  EvoClassLoader - Defined package (3): package org.apache.commons.compress.archivers.tar, -1697841654
2024-11-12 13:41:17,344 INFO  EvoClassLoader - Keeping class: org.apache.commons.compress.archivers.tar.TarArchiveInputStream
2024-11-12 13:41:17,344 INFO  EvoClassLoader - Seeing class for first time: org.apache.hadoop.fs.PathIsDirectoryException
2024-11-12 13:41:17,344 INFO  EvoClassLoader - Instrumenting class 'org.apache.hadoop.fs.PathIsDirectoryException'.
2024-11-12 13:41:17,344 INFO  MethodCallReplacementClassAdapter - Adding mock interface to class org/apache/hadoop/fs/PathIsDirectoryException
2024-11-12 13:41:17,344 INFO  CreateClassResetClassAdapter - Creating brand-new static initializer in class org/apache/hadoop/fs/PathIsDirectoryException
2024-11-12 13:41:17,345 INFO  EvoClassLoader - Keeping class: org.apache.hadoop.fs.PathIsDirectoryException
2024-11-12 13:41:17,345 INFO  EvoClassLoader - Seeing class for first time: org.apache.hadoop.fs.FileContext
2024-11-12 13:41:17,345 INFO  EvoClassLoader - Instrumenting class 'org.apache.hadoop.fs.FileContext'.
2024-11-12 13:41:17,345 INFO  MethodCallReplacementClassAdapter - Adding mock interface to class org/apache/hadoop/fs/FileContext
2024-11-12 13:41:17,347 INFO  CreateClassResetClassAdapter - Found static initializer in class org/apache/hadoop/fs/FileContext
2024-11-12 13:41:17,348 INFO  EvoClassLoader - Keeping class: org.apache.hadoop.fs.FileContext
2024-11-12 13:41:17,348 INFO  EvoClassLoader - Seeing class for first time: org.apache.commons.compress.archivers.tar.TarArchiveEntry
2024-11-12 13:41:17,348 INFO  EvoClassLoader - Instrumenting class 'org.apache.commons.compress.archivers.tar.TarArchiveEntry'.
2024-11-12 13:41:17,349 INFO  MethodCallReplacementClassAdapter - Adding mock interface to class org/apache/commons/compress/archivers/tar/TarArchiveEntry
2024-11-12 13:41:17,351 INFO  CreateClassResetClassAdapter - Found static initializer in class org/apache/commons/compress/archivers/tar/TarArchiveEntry
2024-11-12 13:41:17,351 INFO  EvoClassLoader - Seeing class for first time: org.apache.commons.compress.archivers.ArchiveEntry
2024-11-12 13:41:17,351 INFO  EvoClassLoader - Instrumenting class 'org.apache.commons.compress.archivers.ArchiveEntry'.
2024-11-12 13:41:17,352 INFO  EvoClassLoader - Keeping class: org.apache.commons.compress.archivers.ArchiveEntry
2024-11-12 13:41:17,352 INFO  EvoClassLoader - Seeing class for first time: org.apache.commons.compress.archivers.tar.TarConstants
2024-11-12 13:41:17,352 INFO  EvoClassLoader - Instrumenting class 'org.apache.commons.compress.archivers.tar.TarConstants'.
2024-11-12 13:41:17,352 INFO  EvoClassLoader - Keeping class: org.apache.commons.compress.archivers.tar.TarConstants
2024-11-12 13:41:17,352 INFO  EvoClassLoader - Seeing class for first time: org.apache.commons.compress.archivers.EntryStreamOffsets
2024-11-12 13:41:17,352 INFO  EvoClassLoader - Instrumenting class 'org.apache.commons.compress.archivers.EntryStreamOffsets'.
2024-11-12 13:41:17,352 INFO  EvoClassLoader - Keeping class: org.apache.commons.compress.archivers.EntryStreamOffsets
2024-11-12 13:41:17,352 INFO  EvoClassLoader - Keeping class: org.apache.commons.compress.archivers.tar.TarArchiveEntry
2024-11-12 13:41:17,353 INFO  EvoClassLoader - Seeing class for first time: org.apache.hadoop.fs.permission.FsCreateModes
2024-11-12 13:41:17,353 INFO  EvoClassLoader - Instrumenting class 'org.apache.hadoop.fs.permission.FsCreateModes'.
2024-11-12 13:41:17,353 INFO  MethodCallReplacementClassAdapter - Adding mock interface to class org/apache/hadoop/fs/permission/FsCreateModes
2024-11-12 13:41:17,353 INFO  CreateClassResetClassAdapter - Found static initializer in class org/apache/hadoop/fs/permission/FsCreateModes
2024-11-12 13:41:17,353 INFO  EvoClassLoader - Keeping class: org.apache.hadoop.fs.permission.FsCreateModes
2024-11-12 13:41:17,353 INFO  EvoClassLoader - Seeing class for first time: org.apache.hadoop.hdfs.util.ReferenceCountMap
2024-11-12 13:41:17,353 INFO  EvoClassLoader - Instrumenting class 'org.apache.hadoop.hdfs.util.ReferenceCountMap'.
2024-11-12 13:41:17,353 INFO  MethodCallReplacementClassAdapter - Adding mock interface to class org/apache/hadoop/hdfs/util/ReferenceCountMap
2024-11-12 13:41:17,354 INFO  CreateClassResetClassAdapter - Creating brand-new static initializer in class org/apache/hadoop/hdfs/util/ReferenceCountMap
2024-11-12 13:41:17,354 INFO  EvoClassLoader - Keeping class: org.apache.hadoop.hdfs.util.ReferenceCountMap
2024-11-12 13:41:17,354 INFO  EvoClassLoader - Seeing class for first time: org.apache.hadoop.hdfs.server.namenode.AclStorage
2024-11-12 13:41:17,354 INFO  EvoClassLoader - Instrumenting class 'org.apache.hadoop.hdfs.server.namenode.AclStorage'.
2024-11-12 13:41:17,354 INFO  MethodCallReplacementClassAdapter - Adding mock interface to class org/apache/hadoop/hdfs/server/namenode/AclStorage
2024-11-12 13:41:17,354 INFO  CreateClassResetClassAdapter - Found static initializer in class org/apache/hadoop/hdfs/server/namenode/AclStorage
2024-11-12 13:41:17,355 INFO  EvoClassLoader - Keeping class: org.apache.hadoop.hdfs.server.namenode.AclStorage
2024-11-12 13:41:17,355 INFO  EvoClassLoader - Seeing class for first time: org.apache.hadoop.hdfs.protocol.AclException
2024-11-12 13:41:17,355 INFO  EvoClassLoader - Instrumenting class 'org.apache.hadoop.hdfs.protocol.AclException'.
2024-11-12 13:41:17,355 INFO  MethodCallReplacementClassAdapter - Adding mock interface to class org/apache/hadoop/hdfs/protocol/AclException
2024-11-12 13:41:17,355 INFO  CreateClassResetClassAdapter - Creating brand-new static initializer in class org/apache/hadoop/hdfs/protocol/AclException
2024-11-12 13:41:17,355 INFO  EvoClassLoader - Keeping class: org.apache.hadoop.hdfs.protocol.AclException
2024-11-12 13:41:17,355 INFO  EvoClassLoader - Seeing class for first time: org.apache.hadoop.fs.FsUrlStreamHandlerFactory
2024-11-12 13:41:17,355 INFO  EvoClassLoader - Instrumenting class 'org.apache.hadoop.fs.FsUrlStreamHandlerFactory'.
2024-11-12 13:41:17,355 INFO  MethodCallReplacementClassAdapter - Adding mock interface to class org/apache/hadoop/fs/FsUrlStreamHandlerFactory
2024-11-12 13:41:17,356 INFO  CreateClassResetClassAdapter - Found static initializer in class org/apache/hadoop/fs/FsUrlStreamHandlerFactory
2024-11-12 13:41:17,356 INFO  EvoClassLoader - Keeping class: org.apache.hadoop.fs.FsUrlStreamHandlerFactory
2024-11-12 13:41:17,356 INFO  EvoClassLoader - Seeing class for first time: org.apache.hadoop.fs.FsUrlStreamHandler
2024-11-12 13:41:17,356 INFO  EvoClassLoader - Instrumenting class 'org.apache.hadoop.fs.FsUrlStreamHandler'.
2024-11-12 13:41:17,356 INFO  MethodCallReplacementClassAdapter - Adding mock interface to class org/apache/hadoop/fs/FsUrlStreamHandler
2024-11-12 13:41:17,356 INFO  CreateClassResetClassAdapter - Creating brand-new static initializer in class org/apache/hadoop/fs/FsUrlStreamHandler
2024-11-12 13:41:17,357 INFO  EvoClassLoader - Keeping class: org.apache.hadoop.fs.FsUrlStreamHandler
2024-11-12 13:41:17,357 INFO  EvoClassLoader - Seeing class for first time: org.apache.hadoop.hdfs.server.common.Storage$StorageState
2024-11-12 13:41:17,357 INFO  EvoClassLoader - Instrumenting class 'org.apache.hadoop.hdfs.server.common.Storage$StorageState'.
2024-11-12 13:41:17,357 INFO  MethodCallReplacementClassAdapter - Adding mock interface to class org/apache/hadoop/hdfs/server/common/Storage$StorageState
2024-11-12 13:41:17,358 INFO  CreateClassResetClassAdapter - Found static initializer in class org/apache/hadoop/hdfs/server/common/Storage$StorageState
2024-11-12 13:41:17,358 INFO  EvoClassLoader - Keeping class: org.apache.hadoop.hdfs.server.common.Storage$StorageState
2024-11-12 13:41:17,358 INFO  EvoClassLoader - Seeing class for first time: org.apache.hadoop.fs.FSDataOutputStream$PositionCache
2024-11-12 13:41:17,358 INFO  EvoClassLoader - Instrumenting class 'org.apache.hadoop.fs.FSDataOutputStream$PositionCache'.
2024-11-12 13:41:17,358 INFO  MethodCallReplacementClassAdapter - Adding mock interface to class org/apache/hadoop/fs/FSDataOutputStream$PositionCache
2024-11-12 13:41:17,358 INFO  CreateClassResetClassAdapter - Creating brand-new static initializer in class org/apache/hadoop/fs/FSDataOutputStream$PositionCache
2024-11-12 13:41:17,358 INFO  EvoClassLoader - Keeping class: org.apache.hadoop.fs.FSDataOutputStream$PositionCache
2024-11-12 13:41:17,358 INFO  EvoClassLoader - Seeing class for first time: org.apache.hadoop.fs.Abortable$AbortableResult
2024-11-12 13:41:17,358 INFO  EvoClassLoader - Instrumenting class 'org.apache.hadoop.fs.Abortable$AbortableResult'.
2024-11-12 13:41:17,359 INFO  EvoClassLoader - Keeping class: org.apache.hadoop.fs.Abortable$AbortableResult
2024-11-12 13:41:17,359 INFO  EvoClassLoader - Seeing class for first time: org.apache.hadoop.util.functional.CallableRaisingIOE
2024-11-12 13:41:17,359 INFO  EvoClassLoader - Instrumenting class 'org.apache.hadoop.util.functional.CallableRaisingIOE'.
2024-11-12 13:41:17,360 INFO  EvoClassLoader - Keeping class: org.apache.hadoop.util.functional.CallableRaisingIOE
2024-11-12 13:41:17,360 INFO  EvoClassLoader - Seeing class for first time: org.apache.hadoop.util.functional.FunctionRaisingIOE
2024-11-12 13:41:17,360 INFO  EvoClassLoader - Instrumenting class 'org.apache.hadoop.util.functional.FunctionRaisingIOE'.
2024-11-12 13:41:17,360 INFO  EvoClassLoader - Keeping class: org.apache.hadoop.util.functional.FunctionRaisingIOE
2024-11-12 13:41:17,360 INFO  EvoClassLoader - Seeing class for first time: org.apache.hadoop.util.functional.ConsumerRaisingIOE
2024-11-12 13:41:17,360 INFO  EvoClassLoader - Instrumenting class 'org.apache.hadoop.util.functional.ConsumerRaisingIOE'.
2024-11-12 13:41:17,361 INFO  EvoClassLoader - Keeping class: org.apache.hadoop.util.functional.ConsumerRaisingIOE
2024-11-12 13:41:17,361 INFO  EvoClassLoader - Seeing class for first time: org.apache.hadoop.fs.statistics.impl.EvaluatingStatisticsMap$EntryImpl
2024-11-12 13:41:17,361 INFO  EvoClassLoader - Instrumenting class 'org.apache.hadoop.fs.statistics.impl.EvaluatingStatisticsMap$EntryImpl'.
2024-11-12 13:41:17,361 INFO  MethodCallReplacementClassAdapter - Adding mock interface to class org/apache/hadoop/fs/statistics/impl/EvaluatingStatisticsMap$EntryImpl
2024-11-12 13:41:17,361 INFO  CreateClassResetClassAdapter - Creating brand-new static initializer in class org/apache/hadoop/fs/statistics/impl/EvaluatingStatisticsMap$EntryImpl
2024-11-12 13:41:17,361 INFO  EvoClassLoader - Keeping class: org.apache.hadoop.fs.statistics.impl.EvaluatingStatisticsMap$EntryImpl
2024-11-12 13:41:17,361 INFO  EvoClassLoader - Seeing class for first time: org.apache.hadoop.util.WeakReferenceMap
2024-11-12 13:41:17,361 INFO  EvoClassLoader - Instrumenting class 'org.apache.hadoop.util.WeakReferenceMap'.
2024-11-12 13:41:17,361 INFO  MethodCallReplacementClassAdapter - Adding mock interface to class org/apache/hadoop/util/WeakReferenceMap
2024-11-12 13:41:17,361 INFO  CreateClassResetClassAdapter - Found static initializer in class org/apache/hadoop/util/WeakReferenceMap
2024-11-12 13:41:17,362 INFO  EvoClassLoader - Keeping class: org.apache.hadoop.util.WeakReferenceMap
2024-11-12 13:41:17,362 INFO  EvoClassLoader - Seeing class for first time: org.apache.hadoop.fs.impl.WeakReferenceThreadMap
2024-11-12 13:41:17,362 INFO  EvoClassLoader - Instrumenting class 'org.apache.hadoop.fs.impl.WeakReferenceThreadMap'.
2024-11-12 13:41:17,362 INFO  MethodCallReplacementClassAdapter - Adding mock interface to class org/apache/hadoop/fs/impl/WeakReferenceThreadMap
2024-11-12 13:41:17,362 INFO  CreateClassResetClassAdapter - Creating brand-new static initializer in class org/apache/hadoop/fs/impl/WeakReferenceThreadMap
2024-11-12 13:41:17,362 INFO  EvoClassLoader - Keeping class: org.apache.hadoop.fs.impl.WeakReferenceThreadMap
2024-11-12 13:41:17,362 INFO  EvoClassLoader - Seeing class for first time: org.apache.hadoop.fs.store.LogExactlyOnce
2024-11-12 13:41:17,362 INFO  EvoClassLoader - Instrumenting class 'org.apache.hadoop.fs.store.LogExactlyOnce'.
2024-11-12 13:41:17,362 INFO  MethodCallReplacementClassAdapter - Adding mock interface to class org/apache/hadoop/fs/store/LogExactlyOnce
2024-11-12 13:41:17,363 INFO  CreateClassResetClassAdapter - Creating brand-new static initializer in class org/apache/hadoop/fs/store/LogExactlyOnce
2024-11-12 13:41:17,363 INFO  EvoClassLoader - Defined package (3): package org.apache.hadoop.fs.store, -1967524397
2024-11-12 13:41:17,363 INFO  EvoClassLoader - Keeping class: org.apache.hadoop.fs.store.LogExactlyOnce
2024-11-12 13:41:17,363 INFO  EvoClassLoader - Seeing class for first time: org.apache.hadoop.fs.statistics.impl.IOStatisticsContextIntegration
2024-11-12 13:41:17,363 INFO  EvoClassLoader - Instrumenting class 'org.apache.hadoop.fs.statistics.impl.IOStatisticsContextIntegration'.
2024-11-12 13:41:17,363 INFO  MethodCallReplacementClassAdapter - Adding mock interface to class org/apache/hadoop/fs/statistics/impl/IOStatisticsContextIntegration
2024-11-12 13:41:17,363 INFO  CreateClassResetClassAdapter - Found static initializer in class org/apache/hadoop/fs/statistics/impl/IOStatisticsContextIntegration
2024-11-12 13:41:17,363 INFO  EvoClassLoader - Keeping class: org.apache.hadoop.fs.statistics.impl.IOStatisticsContextIntegration
2024-11-12 13:41:17,363 INFO  EvoClassLoader - Seeing class for first time: org.apache.hadoop.fs.statistics.IOStatisticsContext
2024-11-12 13:41:17,363 INFO  EvoClassLoader - Instrumenting class 'org.apache.hadoop.fs.statistics.IOStatisticsContext'.
2024-11-12 13:41:17,364 INFO  EvoClassLoader - Keeping class: org.apache.hadoop.fs.statistics.IOStatisticsContext
2024-11-12 13:41:17,408 INFO  EvoClassLoader - Seeing class for first time: org.apache.hadoop.fs.statistics.impl.IOStatisticsContextImpl
2024-11-12 13:41:17,408 INFO  EvoClassLoader - Instrumenting class 'org.apache.hadoop.fs.statistics.impl.IOStatisticsContextImpl'.
2024-11-12 13:41:17,409 INFO  MethodCallReplacementClassAdapter - Adding mock interface to class org/apache/hadoop/fs/statistics/impl/IOStatisticsContextImpl
2024-11-12 13:41:17,409 INFO  CreateClassResetClassAdapter - Found static initializer in class org/apache/hadoop/fs/statistics/impl/IOStatisticsContextImpl
2024-11-12 13:41:17,409 INFO  EvoClassLoader - Keeping class: org.apache.hadoop.fs.statistics.impl.IOStatisticsContextImpl
2024-11-12 13:41:17,409 INFO  EvoClassLoader - Seeing class for first time: org.apache.hadoop.fs.statistics.IOStatisticsSnapshot
2024-11-12 13:41:17,409 INFO  EvoClassLoader - Instrumenting class 'org.apache.hadoop.fs.statistics.IOStatisticsSnapshot'.
2024-11-12 13:41:17,410 INFO  MethodCallReplacementClassAdapter - Adding mock interface to class org/apache/hadoop/fs/statistics/IOStatisticsSnapshot
2024-11-12 13:41:17,410 INFO  CreateClassResetClassAdapter - Found static initializer in class org/apache/hadoop/fs/statistics/IOStatisticsSnapshot
2024-11-12 13:41:17,410 INFO  EvoClassLoader - Keeping class: org.apache.hadoop.fs.statistics.IOStatisticsSnapshot
2024-11-12 13:41:17,411 INFO  EvoClassLoader - Seeing class for first time: org.apache.hadoop.util.JsonSerialization
2024-11-12 13:41:17,411 INFO  EvoClassLoader - Instrumenting class 'org.apache.hadoop.util.JsonSerialization'.
2024-11-12 13:41:17,411 INFO  MethodCallReplacementClassAdapter - Adding mock interface to class org/apache/hadoop/util/JsonSerialization
2024-11-12 13:41:17,412 INFO  CreateClassResetClassAdapter - Found static initializer in class org/apache/hadoop/util/JsonSerialization
2024-11-12 13:41:17,412 INFO  EvoClassLoader - Keeping class: org.apache.hadoop.util.JsonSerialization
2024-11-12 13:41:17,413 INFO  EvoClassLoader - Seeing class for first time: org.apache.hadoop.io.IOUtils
2024-11-12 13:41:17,413 INFO  EvoClassLoader - Instrumenting class 'org.apache.hadoop.io.IOUtils'.
2024-11-12 13:41:17,413 INFO  MethodCallReplacementClassAdapter - Adding mock interface to class org/apache/hadoop/io/IOUtils
2024-11-12 13:41:17,414 INFO  CreateClassResetClassAdapter - Found static initializer in class org/apache/hadoop/io/IOUtils
2024-11-12 13:41:17,415 INFO  EvoClassLoader - Keeping class: org.apache.hadoop.io.IOUtils
2024-11-12 13:41:17,415 INFO  EvoClassLoader - Seeing class for first time: org.apache.hadoop.fs.LocalFileSystemPathHandle
2024-11-12 13:41:17,415 INFO  EvoClassLoader - Instrumenting class 'org.apache.hadoop.fs.LocalFileSystemPathHandle'.
2024-11-12 13:41:17,416 INFO  MethodCallReplacementClassAdapter - Adding mock interface to class org/apache/hadoop/fs/LocalFileSystemPathHandle
2024-11-12 13:41:17,416 INFO  CreateClassResetClassAdapter - Creating brand-new static initializer in class org/apache/hadoop/fs/LocalFileSystemPathHandle
2024-11-12 13:41:17,416 INFO  EvoClassLoader - Keeping class: org.apache.hadoop.fs.LocalFileSystemPathHandle
2024-11-12 13:41:17,416 INFO  EvoClassLoader - Seeing class for first time: org.apache.hadoop.fs.InvalidPathHandleException
2024-11-12 13:41:17,416 INFO  EvoClassLoader - Instrumenting class 'org.apache.hadoop.fs.InvalidPathHandleException'.
2024-11-12 13:41:17,417 INFO  MethodCallReplacementClassAdapter - Adding mock interface to class org/apache/hadoop/fs/InvalidPathHandleException
2024-11-12 13:41:17,417 INFO  CreateClassResetClassAdapter - Creating brand-new static initializer in class org/apache/hadoop/fs/InvalidPathHandleException
2024-11-12 13:41:17,417 INFO  EvoClassLoader - Keeping class: org.apache.hadoop.fs.InvalidPathHandleException
2024-11-12 13:41:17,417 INFO  EvoClassLoader - Seeing class for first time: org.apache.hadoop.fs.RawPathHandle
2024-11-12 13:41:17,417 INFO  EvoClassLoader - Instrumenting class 'org.apache.hadoop.fs.RawPathHandle'.
2024-11-12 13:41:17,417 INFO  MethodCallReplacementClassAdapter - Adding mock interface to class org/apache/hadoop/fs/RawPathHandle
2024-11-12 13:41:17,417 INFO  CreateClassResetClassAdapter - Creating brand-new static initializer in class org/apache/hadoop/fs/RawPathHandle
2024-11-12 13:41:17,417 INFO  CreateClassResetClassAdapter - Adding bytecode for initializing field MAX_SIZE
2024-11-12 13:41:17,418 INFO  EvoClassLoader - Keeping class: org.apache.hadoop.fs.RawPathHandle
2024-11-12 13:41:17,418 INFO  EvoClassLoader - Seeing class for first time: org.apache.hadoop.fs.FileStatus$AttrFlags
2024-11-12 13:41:17,418 INFO  EvoClassLoader - Instrumenting class 'org.apache.hadoop.fs.FileStatus$AttrFlags'.
2024-11-12 13:41:17,418 INFO  MethodCallReplacementClassAdapter - Adding mock interface to class org/apache/hadoop/fs/FileStatus$AttrFlags
2024-11-12 13:41:17,418 INFO  CreateClassResetClassAdapter - Found static initializer in class org/apache/hadoop/fs/FileStatus$AttrFlags
2024-11-12 13:41:17,418 INFO  EvoClassLoader - Keeping class: org.apache.hadoop.fs.FileStatus$AttrFlags
2024-11-12 13:41:17,418 INFO  EvoClassLoader - Seeing class for first time: org.apache.hadoop.io.FloatWritable$Comparator
2024-11-12 13:41:17,418 INFO  EvoClassLoader - Instrumenting class 'org.apache.hadoop.io.FloatWritable$Comparator'.
2024-11-12 13:41:17,418 INFO  MethodCallReplacementClassAdapter - Adding mock interface to class org/apache/hadoop/io/FloatWritable$Comparator
2024-11-12 13:41:17,418 INFO  CreateClassResetClassAdapter - Creating brand-new static initializer in class org/apache/hadoop/io/FloatWritable$Comparator
2024-11-12 13:41:17,418 INFO  EvoClassLoader - Keeping class: org.apache.hadoop.io.FloatWritable$Comparator
2024-11-12 13:41:17,418 INFO  EvoClassLoader - Seeing class for first time: org.apache.hadoop.io.FloatWritable
2024-11-12 13:41:17,418 INFO  EvoClassLoader - Instrumenting class 'org.apache.hadoop.io.FloatWritable'.
2024-11-12 13:41:17,419 INFO  MethodCallReplacementClassAdapter - Adding mock interface to class org/apache/hadoop/io/FloatWritable
2024-11-12 13:41:17,419 INFO  CreateClassResetClassAdapter - Found static initializer in class org/apache/hadoop/io/FloatWritable
2024-11-12 13:41:17,419 INFO  EvoClassLoader - Keeping class: org.apache.hadoop.io.FloatWritable
2024-11-12 13:41:17,419 INFO  EvoClassLoader - Seeing class for first time: org.apache.hadoop.fs.ChecksumException
2024-11-12 13:41:17,419 INFO  EvoClassLoader - Instrumenting class 'org.apache.hadoop.fs.ChecksumException'.
2024-11-12 13:41:17,419 INFO  MethodCallReplacementClassAdapter - Adding mock interface to class org/apache/hadoop/fs/ChecksumException
2024-11-12 13:41:17,419 INFO  CreateClassResetClassAdapter - Creating brand-new static initializer in class org/apache/hadoop/fs/ChecksumException
2024-11-12 13:41:17,419 INFO  EvoClassLoader - Keeping class: org.apache.hadoop.fs.ChecksumException
2024-11-12 13:41:17,420 INFO  EvoClassLoader - Seeing class for first time: org.apache.hadoop.fs.ChecksumFileSystem$FsOperation
2024-11-12 13:41:17,420 INFO  EvoClassLoader - Instrumenting class 'org.apache.hadoop.fs.ChecksumFileSystem$FsOperation'.
2024-11-12 13:41:17,420 INFO  MethodCallReplacementClassAdapter - Adding mock interface to class org/apache/hadoop/fs/ChecksumFileSystem$FsOperation
2024-11-12 13:41:17,420 INFO  CreateClassResetClassAdapter - Creating brand-new static initializer in class org/apache/hadoop/fs/ChecksumFileSystem$FsOperation
2024-11-12 13:41:17,420 INFO  EvoClassLoader - Keeping class: org.apache.hadoop.fs.ChecksumFileSystem$FsOperation
2024-11-12 13:41:17,420 INFO  EvoClassLoader - Seeing class for first time: org.apache.hadoop.fs.impl.CombinedFileRange
2024-11-12 13:41:17,420 INFO  EvoClassLoader - Instrumenting class 'org.apache.hadoop.fs.impl.CombinedFileRange'.
2024-11-12 13:41:17,421 INFO  MethodCallReplacementClassAdapter - Adding mock interface to class org/apache/hadoop/fs/impl/CombinedFileRange
2024-11-12 13:41:17,421 INFO  CreateClassResetClassAdapter - Creating brand-new static initializer in class org/apache/hadoop/fs/impl/CombinedFileRange
2024-11-12 13:41:17,421 INFO  EvoClassLoader - Seeing class for first time: org.apache.hadoop.fs.impl.FileRangeImpl
2024-11-12 13:41:17,421 INFO  EvoClassLoader - Instrumenting class 'org.apache.hadoop.fs.impl.FileRangeImpl'.
2024-11-12 13:41:17,421 INFO  MethodCallReplacementClassAdapter - Adding mock interface to class org/apache/hadoop/fs/impl/FileRangeImpl
2024-11-12 13:41:17,421 INFO  CreateClassResetClassAdapter - Creating brand-new static initializer in class org/apache/hadoop/fs/impl/FileRangeImpl
2024-11-12 13:41:17,421 INFO  EvoClassLoader - Seeing class for first time: org.apache.hadoop.fs.FileRange
2024-11-12 13:41:17,421 INFO  EvoClassLoader - Instrumenting class 'org.apache.hadoop.fs.FileRange'.
2024-11-12 13:41:17,421 INFO  EvoClassLoader - Keeping class: org.apache.hadoop.fs.FileRange
2024-11-12 13:41:17,421 INFO  EvoClassLoader - Keeping class: org.apache.hadoop.fs.impl.FileRangeImpl
2024-11-12 13:41:17,421 INFO  EvoClassLoader - Keeping class: org.apache.hadoop.fs.impl.CombinedFileRange
2024-11-12 13:41:17,421 INFO  EvoClassLoader - Seeing class for first time: org.apache.hadoop.thirdparty.protobuf.ByteString$CodedBuilder
2024-11-12 13:41:17,421 INFO  EvoClassLoader - Instrumenting class 'org.apache.hadoop.thirdparty.protobuf.ByteString$CodedBuilder'.
2024-11-12 13:41:17,421 INFO  MethodCallReplacementClassAdapter - Adding mock interface to class org/apache/hadoop/thirdparty/protobuf/ByteString$CodedBuilder
2024-11-12 13:41:17,422 INFO  CreateClassResetClassAdapter - Creating brand-new static initializer in class org/apache/hadoop/thirdparty/protobuf/ByteString$CodedBuilder
2024-11-12 13:41:17,422 INFO  EvoClassLoader - Keeping class: org.apache.hadoop.thirdparty.protobuf.ByteString$CodedBuilder
2024-11-12 13:41:17,422 INFO  EvoClassLoader - Seeing class for first time: org.apache.hadoop.thirdparty.protobuf.ByteString$Output
2024-11-12 13:41:17,422 INFO  EvoClassLoader - Instrumenting class 'org.apache.hadoop.thirdparty.protobuf.ByteString$Output'.
2024-11-12 13:41:17,422 INFO  MethodCallReplacementClassAdapter - Adding mock interface to class org/apache/hadoop/thirdparty/protobuf/ByteString$Output
2024-11-12 13:41:17,422 INFO  CreateClassResetClassAdapter - Found static initializer in class org/apache/hadoop/thirdparty/protobuf/ByteString$Output
2024-11-12 13:41:17,422 INFO  EvoClassLoader - Keeping class: org.apache.hadoop.thirdparty.protobuf.ByteString$Output
2024-11-12 13:41:17,423 INFO  EvoClassLoader - Seeing class for first time: libcore.io.Memory
2024-11-12 13:41:17,423 INFO  EvoClassLoader - Instrumenting class 'libcore.io.Memory'.
2024-11-12 13:41:17,423 INFO  EvoClassLoader - Error while loading class: java.lang.ClassNotFoundException: Class 'libcore/io/Memory.class' should be in target project, but could not be found!
2024-11-12 13:41:17,423 INFO  EvoClassLoader - Seeing class for first time: org.robolectric.Robolectric
2024-11-12 13:41:17,423 INFO  EvoClassLoader - Instrumenting class 'org.robolectric.Robolectric'.
2024-11-12 13:41:17,423 INFO  EvoClassLoader - Error while loading class: java.lang.ClassNotFoundException: Class 'org/robolectric/Robolectric.class' should be in target project, but could not be found!
2024-11-12 13:41:17,423 INFO  EvoClassLoader - Seeing class for first time: org.apache.hadoop.thirdparty.protobuf.ByteString$AbstractByteIterator
2024-11-12 13:41:17,423 INFO  EvoClassLoader - Instrumenting class 'org.apache.hadoop.thirdparty.protobuf.ByteString$AbstractByteIterator'.
2024-11-12 13:41:17,423 INFO  MethodCallReplacementClassAdapter - Adding mock interface to class org/apache/hadoop/thirdparty/protobuf/ByteString$AbstractByteIterator
2024-11-12 13:41:17,423 INFO  CreateClassResetClassAdapter - Creating brand-new static initializer in class org/apache/hadoop/thirdparty/protobuf/ByteString$AbstractByteIterator
2024-11-12 13:41:17,424 INFO  EvoClassLoader - Keeping class: org.apache.hadoop.thirdparty.protobuf.ByteString$AbstractByteIterator
2024-11-12 13:41:17,424 INFO  EvoClassLoader - Seeing class for first time: org.apache.hadoop.thirdparty.protobuf.Extension$MessageType
2024-11-12 13:41:17,424 INFO  EvoClassLoader - Instrumenting class 'org.apache.hadoop.thirdparty.protobuf.Extension$MessageType'.
2024-11-12 13:41:17,424 INFO  MethodCallReplacementClassAdapter - Adding mock interface to class org/apache/hadoop/thirdparty/protobuf/Extension$MessageType
2024-11-12 13:41:17,424 INFO  CreateClassResetClassAdapter - Found static initializer in class org/apache/hadoop/thirdparty/protobuf/Extension$MessageType
2024-11-12 13:41:17,424 INFO  EvoClassLoader - Keeping class: org.apache.hadoop.thirdparty.protobuf.Extension$MessageType
2024-11-12 13:41:17,424 INFO  EvoClassLoader - Seeing class for first time: org.apache.hadoop.thirdparty.protobuf.GeneratedMessageLite$GeneratedExtension
2024-11-12 13:41:17,424 INFO  EvoClassLoader - Instrumenting class 'org.apache.hadoop.thirdparty.protobuf.GeneratedMessageLite$GeneratedExtension'.
2024-11-12 13:41:17,424 INFO  MethodCallReplacementClassAdapter - Adding mock interface to class org/apache/hadoop/thirdparty/protobuf/GeneratedMessageLite$GeneratedExtension
2024-11-12 13:41:17,425 INFO  CreateClassResetClassAdapter - Creating brand-new static initializer in class org/apache/hadoop/thirdparty/protobuf/GeneratedMessageLite$GeneratedExtension
2024-11-12 13:41:17,425 INFO  EvoClassLoader - Keeping class: org.apache.hadoop.thirdparty.protobuf.GeneratedMessageLite$GeneratedExtension
2024-11-12 13:41:17,425 INFO  EvoClassLoader - Seeing class for first time: org.apache.hadoop.thirdparty.protobuf.UnknownFieldSet$Field
2024-11-12 13:41:17,425 INFO  EvoClassLoader - Instrumenting class 'org.apache.hadoop.thirdparty.protobuf.UnknownFieldSet$Field'.
2024-11-12 13:41:17,426 INFO  MethodCallReplacementClassAdapter - Adding mock interface to class org/apache/hadoop/thirdparty/protobuf/UnknownFieldSet$Field
2024-11-12 13:41:17,426 INFO  CreateClassResetClassAdapter - Found static initializer in class org/apache/hadoop/thirdparty/protobuf/UnknownFieldSet$Field
2024-11-12 13:41:17,427 INFO  EvoClassLoader - Keeping class: org.apache.hadoop.thirdparty.protobuf.UnknownFieldSet$Field
2024-11-12 13:41:17,427 INFO  EvoClassLoader - Seeing class for first time: org.apache.hadoop.fs.FSProtos$LocalFileSystemPathHandleProto$1
2024-11-12 13:41:17,427 INFO  EvoClassLoader - Instrumenting class 'org.apache.hadoop.fs.FSProtos$LocalFileSystemPathHandleProto$1'.
2024-11-12 13:41:17,427 INFO  MethodCallReplacementClassAdapter - Adding mock interface to class org/apache/hadoop/fs/FSProtos$LocalFileSystemPathHandleProto$1
2024-11-12 13:41:17,427 INFO  EvoClassLoader - Keeping class: org.apache.hadoop.fs.FSProtos$LocalFileSystemPathHandleProto$1
2024-11-12 13:41:17,427 INFO  EvoClassLoader - Seeing class for first time: org.apache.hadoop.fs.FSProtos$LocalFileSystemPathHandleProto
2024-11-12 13:41:17,427 INFO  EvoClassLoader - Instrumenting class 'org.apache.hadoop.fs.FSProtos$LocalFileSystemPathHandleProto'.
2024-11-12 13:41:17,427 INFO  MethodCallReplacementClassAdapter - Adding mock interface to class org/apache/hadoop/fs/FSProtos$LocalFileSystemPathHandleProto
2024-11-12 13:41:17,428 INFO  CreateClassResetClassAdapter - Found static initializer in class org/apache/hadoop/fs/FSProtos$LocalFileSystemPathHandleProto
2024-11-12 13:41:17,428 INFO  EvoClassLoader - Seeing class for first time: org.apache.hadoop.fs.FSProtos$LocalFileSystemPathHandleProtoOrBuilder
2024-11-12 13:41:17,428 INFO  EvoClassLoader - Instrumenting class 'org.apache.hadoop.fs.FSProtos$LocalFileSystemPathHandleProtoOrBuilder'.
2024-11-12 13:41:17,428 INFO  EvoClassLoader - Keeping class: org.apache.hadoop.fs.FSProtos$LocalFileSystemPathHandleProtoOrBuilder
2024-11-12 13:41:17,428 INFO  EvoClassLoader - Keeping class: org.apache.hadoop.fs.FSProtos$LocalFileSystemPathHandleProto
2024-11-12 13:41:17,429 INFO  EvoClassLoader - Seeing class for first time: org.apache.hadoop.fs.FSProtos
2024-11-12 13:41:17,429 INFO  EvoClassLoader - Instrumenting class 'org.apache.hadoop.fs.FSProtos'.
2024-11-12 13:41:17,429 INFO  MethodCallReplacementClassAdapter - Adding mock interface to class org/apache/hadoop/fs/FSProtos
2024-11-12 13:41:17,429 INFO  CreateClassResetClassAdapter - Found static initializer in class org/apache/hadoop/fs/FSProtos
2024-11-12 13:41:17,429 INFO  EvoClassLoader - Keeping class: org.apache.hadoop.fs.FSProtos
2024-11-12 13:41:17,429 INFO  EvoClassLoader - Seeing class for first time: org.apache.hadoop.fs.FSProtos$LocalFileSystemPathHandleProto$Builder
2024-11-12 13:41:17,429 INFO  EvoClassLoader - Instrumenting class 'org.apache.hadoop.fs.FSProtos$LocalFileSystemPathHandleProto$Builder'.
2024-11-12 13:41:17,430 INFO  MethodCallReplacementClassAdapter - Adding mock interface to class org/apache/hadoop/fs/FSProtos$LocalFileSystemPathHandleProto$Builder
2024-11-12 13:41:17,430 INFO  CreateClassResetClassAdapter - Creating brand-new static initializer in class org/apache/hadoop/fs/FSProtos$LocalFileSystemPathHandleProto$Builder
2024-11-12 13:41:17,431 INFO  EvoClassLoader - Keeping class: org.apache.hadoop.fs.FSProtos$LocalFileSystemPathHandleProto$Builder
2024-11-12 13:41:17,431 INFO  EvoClassLoader - Seeing class for first time: org.apache.hadoop.thirdparty.protobuf.UnknownFieldSet$Field$Builder
2024-11-12 13:41:17,431 INFO  EvoClassLoader - Instrumenting class 'org.apache.hadoop.thirdparty.protobuf.UnknownFieldSet$Field$Builder'.
2024-11-12 13:41:17,431 INFO  MethodCallReplacementClassAdapter - Adding mock interface to class org/apache/hadoop/thirdparty/protobuf/UnknownFieldSet$Field$Builder
2024-11-12 13:41:17,431 INFO  CreateClassResetClassAdapter - Creating brand-new static initializer in class org/apache/hadoop/thirdparty/protobuf/UnknownFieldSet$Field$Builder
2024-11-12 13:41:17,431 INFO  EvoClassLoader - Keeping class: org.apache.hadoop.thirdparty.protobuf.UnknownFieldSet$Field$Builder
2024-11-12 13:41:17,431 INFO  EvoClassLoader - Seeing class for first time: org.apache.hadoop.thirdparty.protobuf.WireFormat$Utf8Validation
2024-11-12 13:41:17,431 INFO  EvoClassLoader - Instrumenting class 'org.apache.hadoop.thirdparty.protobuf.WireFormat$Utf8Validation'.
2024-11-12 13:41:17,432 INFO  MethodCallReplacementClassAdapter - Adding mock interface to class org/apache/hadoop/thirdparty/protobuf/WireFormat$Utf8Validation
2024-11-12 13:41:17,432 INFO  CreateClassResetClassAdapter - Found static initializer in class org/apache/hadoop/thirdparty/protobuf/WireFormat$Utf8Validation
2024-11-12 13:41:17,432 INFO  EvoClassLoader - Keeping class: org.apache.hadoop.thirdparty.protobuf.WireFormat$Utf8Validation
2024-11-12 13:41:17,432 INFO  EvoClassLoader - Seeing class for first time: org.apache.hadoop.thirdparty.com.google.common.collect.CollectPreconditions
2024-11-12 13:41:17,432 INFO  EvoClassLoader - Instrumenting class 'org.apache.hadoop.thirdparty.com.google.common.collect.CollectPreconditions'.
2024-11-12 13:41:17,432 INFO  MethodCallReplacementClassAdapter - Adding mock interface to class org/apache/hadoop/thirdparty/com/google/common/collect/CollectPreconditions
2024-11-12 13:41:17,433 INFO  CreateClassResetClassAdapter - Creating brand-new static initializer in class org/apache/hadoop/thirdparty/com/google/common/collect/CollectPreconditions
2024-11-12 13:41:17,433 INFO  EvoClassLoader - Keeping class: org.apache.hadoop.thirdparty.com.google.common.collect.CollectPreconditions
2024-11-12 13:41:17,434 INFO  EvoClassLoader - Seeing class for first time: org.apache.hadoop.fs.ReadOption
2024-11-12 13:41:17,434 INFO  EvoClassLoader - Instrumenting class 'org.apache.hadoop.fs.ReadOption'.
2024-11-12 13:41:17,434 INFO  MethodCallReplacementClassAdapter - Adding mock interface to class org/apache/hadoop/fs/ReadOption
2024-11-12 13:41:17,434 INFO  CreateClassResetClassAdapter - Found static initializer in class org/apache/hadoop/fs/ReadOption
2024-11-12 13:41:17,434 INFO  EvoClassLoader - Keeping class: org.apache.hadoop.fs.ReadOption
2024-11-12 13:41:17,434 INFO  EvoClassLoader - Seeing class for first time: org.apache.hadoop.io.ByteBufferPool
2024-11-12 13:41:17,434 INFO  EvoClassLoader - Instrumenting class 'org.apache.hadoop.io.ByteBufferPool'.
2024-11-12 13:41:17,434 INFO  EvoClassLoader - Keeping class: org.apache.hadoop.io.ByteBufferPool
2024-11-12 13:41:17,435 INFO  EvoClassLoader - Seeing class for first time: org.apache.hadoop.fs.RawLocalFileSystem$AsyncHandler
2024-11-12 13:41:17,435 INFO  EvoClassLoader - Instrumenting class 'org.apache.hadoop.fs.RawLocalFileSystem$AsyncHandler'.
2024-11-12 13:41:17,435 INFO  MethodCallReplacementClassAdapter - Adding mock interface to class org/apache/hadoop/fs/RawLocalFileSystem$AsyncHandler
2024-11-12 13:41:17,435 INFO  CreateClassResetClassAdapter - Creating brand-new static initializer in class org/apache/hadoop/fs/RawLocalFileSystem$AsyncHandler
2024-11-12 13:41:17,435 INFO  EvoClassLoader - Keeping class: org.apache.hadoop.fs.RawLocalFileSystem$AsyncHandler
2024-11-12 13:41:17,436 INFO  EvoClassLoader - Seeing class for first time: org.apache.hadoop.hdfs.XAttrHelper
2024-11-12 13:41:17,436 INFO  EvoClassLoader - Instrumenting class 'org.apache.hadoop.hdfs.XAttrHelper'.
2024-11-12 13:41:17,436 INFO  MethodCallReplacementClassAdapter - Adding mock interface to class org/apache/hadoop/hdfs/XAttrHelper
2024-11-12 13:41:17,436 INFO  CreateClassResetClassAdapter - Creating brand-new static initializer in class org/apache/hadoop/hdfs/XAttrHelper
2024-11-12 13:41:17,436 INFO  EvoClassLoader - Keeping class: org.apache.hadoop.hdfs.XAttrHelper
2024-11-12 13:41:17,436 INFO  EvoClassLoader - Seeing class for first time: org.apache.commons.collections.map.AbstractHashedMap$HashIterator
2024-11-12 13:41:17,436 INFO  EvoClassLoader - Instrumenting class 'org.apache.commons.collections.map.AbstractHashedMap$HashIterator'.
2024-11-12 13:41:17,437 INFO  MethodCallReplacementClassAdapter - Adding mock interface to class org/apache/commons/collections/map/AbstractHashedMap$HashIterator
2024-11-12 13:41:17,437 INFO  CreateClassResetClassAdapter - Creating brand-new static initializer in class org/apache/commons/collections/map/AbstractHashedMap$HashIterator
2024-11-12 13:41:17,437 INFO  EvoClassLoader - Keeping class: org.apache.commons.collections.map.AbstractHashedMap$HashIterator
2024-11-12 13:41:17,437 INFO  EvoClassLoader - Seeing class for first time: org.apache.commons.collections.map.AbstractLinkedMap$LinkIterator
2024-11-12 13:41:17,437 INFO  EvoClassLoader - Instrumenting class 'org.apache.commons.collections.map.AbstractLinkedMap$LinkIterator'.
2024-11-12 13:41:17,437 INFO  MethodCallReplacementClassAdapter - Adding mock interface to class org/apache/commons/collections/map/AbstractLinkedMap$LinkIterator
2024-11-12 13:41:17,438 INFO  CreateClassResetClassAdapter - Creating brand-new static initializer in class org/apache/commons/collections/map/AbstractLinkedMap$LinkIterator
2024-11-12 13:41:17,438 INFO  EvoClassLoader - Seeing class for first time: org.apache.commons.collections.ResettableIterator
2024-11-12 13:41:17,438 INFO  EvoClassLoader - Instrumenting class 'org.apache.commons.collections.ResettableIterator'.
2024-11-12 13:41:17,438 INFO  EvoClassLoader - Keeping class: org.apache.commons.collections.ResettableIterator
2024-11-12 13:41:17,438 INFO  EvoClassLoader - Keeping class: org.apache.commons.collections.map.AbstractLinkedMap$LinkIterator
2024-11-12 13:41:17,439 INFO  EvoClassLoader - Seeing class for first time: org.apache.commons.lang3.ArrayUtils
2024-11-12 13:41:17,439 INFO  EvoClassLoader - Instrumenting class 'org.apache.commons.lang3.ArrayUtils'.
2024-11-12 13:41:17,439 INFO  MethodCallReplacementClassAdapter - Adding mock interface to class org/apache/commons/lang3/ArrayUtils
2024-11-12 13:41:17,442 INFO  CreateClassResetClassAdapter - Found static initializer in class org/apache/commons/lang3/ArrayUtils
2024-11-12 13:41:17,444 INFO  EvoClassLoader - Keeping class: org.apache.commons.lang3.ArrayUtils
]]></system-out>
  </testcase>
  <testcase name="test18" classname="org.apache.hadoop.hdfs.server.namenode.snapshot.DirectorySnapshottableFeature_ESTest" time="0.021">
    <system-out><![CDATA[2024-11-12 13:41:17,460 INFO  FSDirectory - GLOBAL serial map: bits=29 maxEntries=536870911
2024-11-12 13:41:17,460 INFO  FSDirectory - USER serial map: bits=24 maxEntries=16777215
2024-11-12 13:41:17,460 INFO  FSDirectory - GROUP serial map: bits=24 maxEntries=16777215
2024-11-12 13:41:17,460 INFO  FSDirectory - XATTR serial map: bits=24 maxEntries=16777215
2024-11-12 13:41:17,474 INFO  EvoClassLoader - Seeing class for first time: org.apache.hadoop.mapred.JobConf
2024-11-12 13:41:17,474 INFO  EvoClassLoader - Instrumenting class 'org.apache.hadoop.mapred.JobConf'.
2024-11-12 13:41:17,474 INFO  EvoClassLoader - Error while loading class: java.lang.ClassNotFoundException: Class 'org/apache/hadoop/mapred/JobConf.class' should be in target project, but could not be found!
2024-11-12 13:41:17,482 INFO  EvoClassLoader - Seeing class for first time: org.mockito.configuration.MockitoConfiguration
2024-11-12 13:41:17,482 INFO  EvoClassLoader - Instrumenting class 'org.mockito.configuration.MockitoConfiguration'.
2024-11-12 13:41:17,483 INFO  EvoClassLoader - Error while loading class: java.lang.ClassNotFoundException: Class 'org/mockito/configuration/MockitoConfiguration.class' should be in target project, but could not be found!
2024-11-12 13:41:17,541 INFO  EvoClassLoader - Seeing class for first time: libcore.io.Memory
2024-11-12 13:41:17,541 INFO  EvoClassLoader - Instrumenting class 'libcore.io.Memory'.
2024-11-12 13:41:17,541 INFO  EvoClassLoader - Error while loading class: java.lang.ClassNotFoundException: Class 'libcore/io/Memory.class' should be in target project, but could not be found!
2024-11-12 13:41:17,541 INFO  EvoClassLoader - Seeing class for first time: org.robolectric.Robolectric
2024-11-12 13:41:17,541 INFO  EvoClassLoader - Instrumenting class 'org.robolectric.Robolectric'.
2024-11-12 13:41:17,541 INFO  EvoClassLoader - Error while loading class: java.lang.ClassNotFoundException: Class 'org/robolectric/Robolectric.class' should be in target project, but could not be found!
]]></system-out>
  </testcase>
  <testcase name="test17" classname="org.apache.hadoop.hdfs.server.namenode.snapshot.DirectorySnapshottableFeature_ESTest" time="0.08">
    <system-out><![CDATA[2024-11-12 13:41:17,551 INFO  FSDirectory - GLOBAL serial map: bits=29 maxEntries=536870911
2024-11-12 13:41:17,551 INFO  FSDirectory - USER serial map: bits=24 maxEntries=16777215
2024-11-12 13:41:17,551 INFO  FSDirectory - GROUP serial map: bits=24 maxEntries=16777215
2024-11-12 13:41:17,551 INFO  FSDirectory - XATTR serial map: bits=24 maxEntries=16777215
2024-11-12 13:41:17,567 INFO  EvoClassLoader - Seeing class for first time: org.apache.hadoop.mapred.JobConf
2024-11-12 13:41:17,567 INFO  EvoClassLoader - Instrumenting class 'org.apache.hadoop.mapred.JobConf'.
2024-11-12 13:41:17,567 INFO  EvoClassLoader - Error while loading class: java.lang.ClassNotFoundException: Class 'org/apache/hadoop/mapred/JobConf.class' should be in target project, but could not be found!
2024-11-12 13:41:17,571 INFO  EvoClassLoader - Seeing class for first time: org.mockito.configuration.MockitoConfiguration
2024-11-12 13:41:17,571 INFO  EvoClassLoader - Instrumenting class 'org.mockito.configuration.MockitoConfiguration'.
2024-11-12 13:41:17,571 INFO  EvoClassLoader - Error while loading class: java.lang.ClassNotFoundException: Class 'org/mockito/configuration/MockitoConfiguration.class' should be in target project, but could not be found!
2024-11-12 13:41:17,618 INFO  EvoClassLoader - Seeing class for first time: libcore.io.Memory
2024-11-12 13:41:17,618 INFO  EvoClassLoader - Instrumenting class 'libcore.io.Memory'.
2024-11-12 13:41:17,618 INFO  EvoClassLoader - Error while loading class: java.lang.ClassNotFoundException: Class 'libcore/io/Memory.class' should be in target project, but could not be found!
2024-11-12 13:41:17,618 INFO  EvoClassLoader - Seeing class for first time: org.robolectric.Robolectric
2024-11-12 13:41:17,618 INFO  EvoClassLoader - Instrumenting class 'org.robolectric.Robolectric'.
2024-11-12 13:41:17,618 INFO  EvoClassLoader - Error while loading class: java.lang.ClassNotFoundException: Class 'org/robolectric/Robolectric.class' should be in target project, but could not be found!
]]></system-out>
  </testcase>
  <testcase name="test39" classname="org.apache.hadoop.hdfs.server.namenode.snapshot.DirectorySnapshottableFeature_ESTest" time="0.183">
    <system-out><![CDATA[2024-11-12 13:41:17,630 INFO  FSDirectory - GLOBAL serial map: bits=29 maxEntries=536870911
2024-11-12 13:41:17,630 INFO  FSDirectory - USER serial map: bits=24 maxEntries=16777215
2024-11-12 13:41:17,630 INFO  FSDirectory - GROUP serial map: bits=24 maxEntries=16777215
2024-11-12 13:41:17,630 INFO  FSDirectory - XATTR serial map: bits=24 maxEntries=16777215
2024-11-12 13:41:17,644 INFO  EvoClassLoader - Seeing class for first time: org.apache.hadoop.mapred.JobConf
2024-11-12 13:41:17,644 INFO  EvoClassLoader - Instrumenting class 'org.apache.hadoop.mapred.JobConf'.
2024-11-12 13:41:17,644 INFO  EvoClassLoader - Error while loading class: java.lang.ClassNotFoundException: Class 'org/apache/hadoop/mapred/JobConf.class' should be in target project, but could not be found!
2024-11-12 13:41:17,647 INFO  EvoClassLoader - Seeing class for first time: org.mockito.configuration.MockitoConfiguration
2024-11-12 13:41:17,647 INFO  EvoClassLoader - Instrumenting class 'org.mockito.configuration.MockitoConfiguration'.
2024-11-12 13:41:17,648 INFO  EvoClassLoader - Error while loading class: java.lang.ClassNotFoundException: Class 'org/mockito/configuration/MockitoConfiguration.class' should be in target project, but could not be found!
2024-11-12 13:41:17,805 INFO  EvoClassLoader - Seeing class for first time: libcore.io.Memory
2024-11-12 13:41:17,805 INFO  EvoClassLoader - Instrumenting class 'libcore.io.Memory'.
2024-11-12 13:41:17,805 INFO  EvoClassLoader - Error while loading class: java.lang.ClassNotFoundException: Class 'libcore/io/Memory.class' should be in target project, but could not be found!
2024-11-12 13:41:17,805 INFO  EvoClassLoader - Seeing class for first time: org.robolectric.Robolectric
2024-11-12 13:41:17,805 INFO  EvoClassLoader - Instrumenting class 'org.robolectric.Robolectric'.
2024-11-12 13:41:17,805 INFO  EvoClassLoader - Error while loading class: java.lang.ClassNotFoundException: Class 'org/robolectric/Robolectric.class' should be in target project, but could not be found!
]]></system-out>
  </testcase>
  <testcase name="test19" classname="org.apache.hadoop.hdfs.server.namenode.snapshot.DirectorySnapshottableFeature_ESTest" time="0.064">
    <system-out><![CDATA[2024-11-12 13:41:17,809 INFO  FSDirectory - GLOBAL serial map: bits=29 maxEntries=536870911
2024-11-12 13:41:17,809 INFO  FSDirectory - USER serial map: bits=24 maxEntries=16777215
2024-11-12 13:41:17,809 INFO  FSDirectory - GROUP serial map: bits=24 maxEntries=16777215
2024-11-12 13:41:17,809 INFO  FSDirectory - XATTR serial map: bits=24 maxEntries=16777215
2024-11-12 13:41:17,821 INFO  EvoClassLoader - Seeing class for first time: org.apache.hadoop.mapred.JobConf
2024-11-12 13:41:17,821 INFO  EvoClassLoader - Instrumenting class 'org.apache.hadoop.mapred.JobConf'.
2024-11-12 13:41:17,821 INFO  EvoClassLoader - Error while loading class: java.lang.ClassNotFoundException: Class 'org/apache/hadoop/mapred/JobConf.class' should be in target project, but could not be found!
2024-11-12 13:41:17,824 INFO  EvoClassLoader - Seeing class for first time: org.mockito.configuration.MockitoConfiguration
2024-11-12 13:41:17,824 INFO  EvoClassLoader - Instrumenting class 'org.mockito.configuration.MockitoConfiguration'.
2024-11-12 13:41:17,824 INFO  EvoClassLoader - Error while loading class: java.lang.ClassNotFoundException: Class 'org/mockito/configuration/MockitoConfiguration.class' should be in target project, but could not be found!
2024-11-12 13:41:17,865 INFO  EvoClassLoader - Seeing class for first time: libcore.io.Memory
2024-11-12 13:41:17,865 INFO  EvoClassLoader - Instrumenting class 'libcore.io.Memory'.
2024-11-12 13:41:17,865 INFO  EvoClassLoader - Error while loading class: java.lang.ClassNotFoundException: Class 'libcore/io/Memory.class' should be in target project, but could not be found!
2024-11-12 13:41:17,865 INFO  EvoClassLoader - Seeing class for first time: org.robolectric.Robolectric
2024-11-12 13:41:17,865 INFO  EvoClassLoader - Instrumenting class 'org.robolectric.Robolectric'.
2024-11-12 13:41:17,866 INFO  EvoClassLoader - Error while loading class: java.lang.ClassNotFoundException: Class 'org/robolectric/Robolectric.class' should be in target project, but could not be found!
]]></system-out>
  </testcase>
  <testcase name="test14" classname="org.apache.hadoop.hdfs.server.namenode.snapshot.DirectorySnapshottableFeature_ESTest" time="0.059">
    <system-out><![CDATA[2024-11-12 13:41:17,876 INFO  FSDirectory - GLOBAL serial map: bits=29 maxEntries=536870911
2024-11-12 13:41:17,876 INFO  FSDirectory - USER serial map: bits=24 maxEntries=16777215
2024-11-12 13:41:17,876 INFO  FSDirectory - GROUP serial map: bits=24 maxEntries=16777215
2024-11-12 13:41:17,876 INFO  FSDirectory - XATTR serial map: bits=24 maxEntries=16777215
2024-11-12 13:41:17,886 INFO  EvoClassLoader - Seeing class for first time: org.apache.hadoop.mapred.JobConf
2024-11-12 13:41:17,886 INFO  EvoClassLoader - Instrumenting class 'org.apache.hadoop.mapred.JobConf'.
2024-11-12 13:41:17,886 INFO  EvoClassLoader - Error while loading class: java.lang.ClassNotFoundException: Class 'org/apache/hadoop/mapred/JobConf.class' should be in target project, but could not be found!
2024-11-12 13:41:17,889 INFO  EvoClassLoader - Seeing class for first time: org.mockito.configuration.MockitoConfiguration
2024-11-12 13:41:17,889 INFO  EvoClassLoader - Instrumenting class 'org.mockito.configuration.MockitoConfiguration'.
2024-11-12 13:41:17,889 INFO  EvoClassLoader - Error while loading class: java.lang.ClassNotFoundException: Class 'org/mockito/configuration/MockitoConfiguration.class' should be in target project, but could not be found!
2024-11-12 13:41:17,927 INFO  EvoClassLoader - Seeing class for first time: libcore.io.Memory
2024-11-12 13:41:17,927 INFO  EvoClassLoader - Instrumenting class 'libcore.io.Memory'.
2024-11-12 13:41:17,927 INFO  EvoClassLoader - Error while loading class: java.lang.ClassNotFoundException: Class 'libcore/io/Memory.class' should be in target project, but could not be found!
2024-11-12 13:41:17,927 INFO  EvoClassLoader - Seeing class for first time: org.robolectric.Robolectric
2024-11-12 13:41:17,927 INFO  EvoClassLoader - Instrumenting class 'org.robolectric.Robolectric'.
2024-11-12 13:41:17,927 INFO  EvoClassLoader - Error while loading class: java.lang.ClassNotFoundException: Class 'org/robolectric/Robolectric.class' should be in target project, but could not be found!
]]></system-out>
  </testcase>
  <testcase name="test36" classname="org.apache.hadoop.hdfs.server.namenode.snapshot.DirectorySnapshottableFeature_ESTest" time="0.091">
    <system-out><![CDATA[2024-11-12 13:41:17,930 INFO  FSDirectory - GLOBAL serial map: bits=29 maxEntries=536870911
2024-11-12 13:41:17,931 INFO  FSDirectory - USER serial map: bits=24 maxEntries=16777215
2024-11-12 13:41:17,931 INFO  FSDirectory - GROUP serial map: bits=24 maxEntries=16777215
2024-11-12 13:41:17,931 INFO  FSDirectory - XATTR serial map: bits=24 maxEntries=16777215
2024-11-12 13:41:17,943 INFO  EvoClassLoader - Seeing class for first time: org.apache.hadoop.mapred.JobConf
2024-11-12 13:41:17,943 INFO  EvoClassLoader - Instrumenting class 'org.apache.hadoop.mapred.JobConf'.
2024-11-12 13:41:17,943 INFO  EvoClassLoader - Error while loading class: java.lang.ClassNotFoundException: Class 'org/apache/hadoop/mapred/JobConf.class' should be in target project, but could not be found!
2024-11-12 13:41:17,950 INFO  EvoClassLoader - Seeing class for first time: org.mockito.configuration.MockitoConfiguration
2024-11-12 13:41:17,950 INFO  EvoClassLoader - Instrumenting class 'org.mockito.configuration.MockitoConfiguration'.
2024-11-12 13:41:17,950 INFO  EvoClassLoader - Error while loading class: java.lang.ClassNotFoundException: Class 'org/mockito/configuration/MockitoConfiguration.class' should be in target project, but could not be found!
2024-11-12 13:41:18,017 INFO  EvoClassLoader - Seeing class for first time: libcore.io.Memory
2024-11-12 13:41:18,018 INFO  EvoClassLoader - Instrumenting class 'libcore.io.Memory'.
2024-11-12 13:41:18,018 INFO  EvoClassLoader - Error while loading class: java.lang.ClassNotFoundException: Class 'libcore/io/Memory.class' should be in target project, but could not be found!
2024-11-12 13:41:18,018 INFO  EvoClassLoader - Seeing class for first time: org.robolectric.Robolectric
2024-11-12 13:41:18,018 INFO  EvoClassLoader - Instrumenting class 'org.robolectric.Robolectric'.
2024-11-12 13:41:18,018 INFO  EvoClassLoader - Error while loading class: java.lang.ClassNotFoundException: Class 'org/robolectric/Robolectric.class' should be in target project, but could not be found!
]]></system-out>
  </testcase>
  <testcase name="test13" classname="org.apache.hadoop.hdfs.server.namenode.snapshot.DirectorySnapshottableFeature_ESTest" time="0.091">
    <system-out><![CDATA[2024-11-12 13:41:18,035 INFO  FSDirectory - GLOBAL serial map: bits=29 maxEntries=536870911
2024-11-12 13:41:18,035 INFO  FSDirectory - USER serial map: bits=24 maxEntries=16777215
2024-11-12 13:41:18,035 INFO  FSDirectory - GROUP serial map: bits=24 maxEntries=16777215
2024-11-12 13:41:18,035 INFO  FSDirectory - XATTR serial map: bits=24 maxEntries=16777215
2024-11-12 13:41:18,050 INFO  EvoClassLoader - Seeing class for first time: org.apache.hadoop.mapred.JobConf
2024-11-12 13:41:18,050 INFO  EvoClassLoader - Instrumenting class 'org.apache.hadoop.mapred.JobConf'.
2024-11-12 13:41:18,050 INFO  EvoClassLoader - Error while loading class: java.lang.ClassNotFoundException: Class 'org/apache/hadoop/mapred/JobConf.class' should be in target project, but could not be found!
2024-11-12 13:41:18,054 INFO  EvoClassLoader - Seeing class for first time: org.mockito.configuration.MockitoConfiguration
2024-11-12 13:41:18,054 INFO  EvoClassLoader - Instrumenting class 'org.mockito.configuration.MockitoConfiguration'.
2024-11-12 13:41:18,054 INFO  EvoClassLoader - Error while loading class: java.lang.ClassNotFoundException: Class 'org/mockito/configuration/MockitoConfiguration.class' should be in target project, but could not be found!
2024-11-12 13:41:18,111 INFO  EvoClassLoader - Seeing class for first time: libcore.io.Memory
2024-11-12 13:41:18,111 INFO  EvoClassLoader - Instrumenting class 'libcore.io.Memory'.
2024-11-12 13:41:18,111 INFO  EvoClassLoader - Error while loading class: java.lang.ClassNotFoundException: Class 'libcore/io/Memory.class' should be in target project, but could not be found!
2024-11-12 13:41:18,111 INFO  EvoClassLoader - Seeing class for first time: org.robolectric.Robolectric
2024-11-12 13:41:18,111 INFO  EvoClassLoader - Instrumenting class 'org.robolectric.Robolectric'.
2024-11-12 13:41:18,111 INFO  EvoClassLoader - Error while loading class: java.lang.ClassNotFoundException: Class 'org/robolectric/Robolectric.class' should be in target project, but could not be found!
]]></system-out>
  </testcase>
  <testcase name="test35" classname="org.apache.hadoop.hdfs.server.namenode.snapshot.DirectorySnapshottableFeature_ESTest" time="0.074">
    <system-out><![CDATA[2024-11-12 13:41:18,115 INFO  FSDirectory - GLOBAL serial map: bits=29 maxEntries=536870911
2024-11-12 13:41:18,115 INFO  FSDirectory - USER serial map: bits=24 maxEntries=16777215
2024-11-12 13:41:18,115 INFO  FSDirectory - GROUP serial map: bits=24 maxEntries=16777215
2024-11-12 13:41:18,115 INFO  FSDirectory - XATTR serial map: bits=24 maxEntries=16777215
2024-11-12 13:41:18,127 INFO  EvoClassLoader - Seeing class for first time: org.apache.hadoop.mapred.JobConf
2024-11-12 13:41:18,127 INFO  EvoClassLoader - Instrumenting class 'org.apache.hadoop.mapred.JobConf'.
2024-11-12 13:41:18,127 INFO  EvoClassLoader - Error while loading class: java.lang.ClassNotFoundException: Class 'org/apache/hadoop/mapred/JobConf.class' should be in target project, but could not be found!
2024-11-12 13:41:18,131 INFO  EvoClassLoader - Seeing class for first time: org.mockito.configuration.MockitoConfiguration
2024-11-12 13:41:18,131 INFO  EvoClassLoader - Instrumenting class 'org.mockito.configuration.MockitoConfiguration'.
2024-11-12 13:41:18,131 INFO  EvoClassLoader - Error while loading class: java.lang.ClassNotFoundException: Class 'org/mockito/configuration/MockitoConfiguration.class' should be in target project, but could not be found!
2024-11-12 13:41:18,182 INFO  EvoClassLoader - Seeing class for first time: libcore.io.Memory
2024-11-12 13:41:18,182 INFO  EvoClassLoader - Instrumenting class 'libcore.io.Memory'.
2024-11-12 13:41:18,182 INFO  EvoClassLoader - Error while loading class: java.lang.ClassNotFoundException: Class 'libcore/io/Memory.class' should be in target project, but could not be found!
2024-11-12 13:41:18,182 INFO  EvoClassLoader - Seeing class for first time: org.robolectric.Robolectric
2024-11-12 13:41:18,182 INFO  EvoClassLoader - Instrumenting class 'org.robolectric.Robolectric'.
2024-11-12 13:41:18,182 INFO  EvoClassLoader - Error while loading class: java.lang.ClassNotFoundException: Class 'org/robolectric/Robolectric.class' should be in target project, but could not be found!
]]></system-out>
  </testcase>
  <testcase name="test16" classname="org.apache.hadoop.hdfs.server.namenode.snapshot.DirectorySnapshottableFeature_ESTest" time="0.085">
    <system-out><![CDATA[2024-11-12 13:41:18,190 INFO  FSDirectory - GLOBAL serial map: bits=29 maxEntries=536870911
2024-11-12 13:41:18,190 INFO  FSDirectory - USER serial map: bits=24 maxEntries=16777215
2024-11-12 13:41:18,190 INFO  FSDirectory - GROUP serial map: bits=24 maxEntries=16777215
2024-11-12 13:41:18,190 INFO  FSDirectory - XATTR serial map: bits=24 maxEntries=16777215
2024-11-12 13:41:18,208 INFO  EvoClassLoader - Seeing class for first time: org.apache.hadoop.mapred.JobConf
2024-11-12 13:41:18,208 INFO  EvoClassLoader - Instrumenting class 'org.apache.hadoop.mapred.JobConf'.
2024-11-12 13:41:18,209 INFO  EvoClassLoader - Error while loading class: java.lang.ClassNotFoundException: Class 'org/apache/hadoop/mapred/JobConf.class' should be in target project, but could not be found!
2024-11-12 13:41:18,212 INFO  EvoClassLoader - Seeing class for first time: org.mockito.configuration.MockitoConfiguration
2024-11-12 13:41:18,212 INFO  EvoClassLoader - Instrumenting class 'org.mockito.configuration.MockitoConfiguration'.
2024-11-12 13:41:18,212 INFO  EvoClassLoader - Error while loading class: java.lang.ClassNotFoundException: Class 'org/mockito/configuration/MockitoConfiguration.class' should be in target project, but could not be found!
2024-11-12 13:41:18,266 INFO  EvoClassLoader - Seeing class for first time: libcore.io.Memory
2024-11-12 13:41:18,266 INFO  EvoClassLoader - Instrumenting class 'libcore.io.Memory'.
2024-11-12 13:41:18,266 INFO  EvoClassLoader - Error while loading class: java.lang.ClassNotFoundException: Class 'libcore/io/Memory.class' should be in target project, but could not be found!
2024-11-12 13:41:18,267 INFO  EvoClassLoader - Seeing class for first time: org.robolectric.Robolectric
2024-11-12 13:41:18,267 INFO  EvoClassLoader - Instrumenting class 'org.robolectric.Robolectric'.
2024-11-12 13:41:18,267 INFO  EvoClassLoader - Error while loading class: java.lang.ClassNotFoundException: Class 'org/robolectric/Robolectric.class' should be in target project, but could not be found!
]]></system-out>
  </testcase>
  <testcase name="test38" classname="org.apache.hadoop.hdfs.server.namenode.snapshot.DirectorySnapshottableFeature_ESTest" time="0.072">
    <system-out><![CDATA[2024-11-12 13:41:18,273 INFO  FSDirectory - GLOBAL serial map: bits=29 maxEntries=536870911
2024-11-12 13:41:18,273 INFO  FSDirectory - USER serial map: bits=24 maxEntries=16777215
2024-11-12 13:41:18,273 INFO  FSDirectory - GROUP serial map: bits=24 maxEntries=16777215
2024-11-12 13:41:18,273 INFO  FSDirectory - XATTR serial map: bits=24 maxEntries=16777215
2024-11-12 13:41:18,286 INFO  EvoClassLoader - Seeing class for first time: org.apache.hadoop.mapred.JobConf
2024-11-12 13:41:18,286 INFO  EvoClassLoader - Instrumenting class 'org.apache.hadoop.mapred.JobConf'.
2024-11-12 13:41:18,286 INFO  EvoClassLoader - Error while loading class: java.lang.ClassNotFoundException: Class 'org/apache/hadoop/mapred/JobConf.class' should be in target project, but could not be found!
2024-11-12 13:41:18,291 INFO  EvoClassLoader - Seeing class for first time: org.mockito.configuration.MockitoConfiguration
2024-11-12 13:41:18,291 INFO  EvoClassLoader - Instrumenting class 'org.mockito.configuration.MockitoConfiguration'.
2024-11-12 13:41:18,291 INFO  EvoClassLoader - Error while loading class: java.lang.ClassNotFoundException: Class 'org/mockito/configuration/MockitoConfiguration.class' should be in target project, but could not be found!
2024-11-12 13:41:18,342 INFO  EvoClassLoader - Seeing class for first time: libcore.io.Memory
2024-11-12 13:41:18,342 INFO  EvoClassLoader - Instrumenting class 'libcore.io.Memory'.
2024-11-12 13:41:18,343 INFO  EvoClassLoader - Error while loading class: java.lang.ClassNotFoundException: Class 'libcore/io/Memory.class' should be in target project, but could not be found!
2024-11-12 13:41:18,343 INFO  EvoClassLoader - Seeing class for first time: org.robolectric.Robolectric
2024-11-12 13:41:18,343 INFO  EvoClassLoader - Instrumenting class 'org.robolectric.Robolectric'.
2024-11-12 13:41:18,343 INFO  EvoClassLoader - Error while loading class: java.lang.ClassNotFoundException: Class 'org/robolectric/Robolectric.class' should be in target project, but could not be found!
]]></system-out>
  </testcase>
  <testcase name="test15" classname="org.apache.hadoop.hdfs.server.namenode.snapshot.DirectorySnapshottableFeature_ESTest" time="0.095">
    <system-out><![CDATA[2024-11-12 13:41:18,346 INFO  FSDirectory - GLOBAL serial map: bits=29 maxEntries=536870911
2024-11-12 13:41:18,346 INFO  FSDirectory - USER serial map: bits=24 maxEntries=16777215
2024-11-12 13:41:18,346 INFO  FSDirectory - GROUP serial map: bits=24 maxEntries=16777215
2024-11-12 13:41:18,346 INFO  FSDirectory - XATTR serial map: bits=24 maxEntries=16777215
2024-11-12 13:41:18,378 INFO  EvoClassLoader - Seeing class for first time: org.apache.hadoop.mapred.JobConf
2024-11-12 13:41:18,378 INFO  EvoClassLoader - Instrumenting class 'org.apache.hadoop.mapred.JobConf'.
2024-11-12 13:41:18,379 INFO  EvoClassLoader - Error while loading class: java.lang.ClassNotFoundException: Class 'org/apache/hadoop/mapred/JobConf.class' should be in target project, but could not be found!
2024-11-12 13:41:18,388 INFO  EvoClassLoader - Seeing class for first time: org.mockito.configuration.MockitoConfiguration
2024-11-12 13:41:18,388 INFO  EvoClassLoader - Instrumenting class 'org.mockito.configuration.MockitoConfiguration'.
2024-11-12 13:41:18,388 INFO  EvoClassLoader - Error while loading class: java.lang.ClassNotFoundException: Class 'org/mockito/configuration/MockitoConfiguration.class' should be in target project, but could not be found!
2024-11-12 13:41:18,437 INFO  EvoClassLoader - Seeing class for first time: libcore.io.Memory
2024-11-12 13:41:18,437 INFO  EvoClassLoader - Instrumenting class 'libcore.io.Memory'.
2024-11-12 13:41:18,437 INFO  EvoClassLoader - Error while loading class: java.lang.ClassNotFoundException: Class 'libcore/io/Memory.class' should be in target project, but could not be found!
2024-11-12 13:41:18,437 INFO  EvoClassLoader - Seeing class for first time: org.robolectric.Robolectric
2024-11-12 13:41:18,437 INFO  EvoClassLoader - Instrumenting class 'org.robolectric.Robolectric'.
2024-11-12 13:41:18,437 INFO  EvoClassLoader - Error while loading class: java.lang.ClassNotFoundException: Class 'org/robolectric/Robolectric.class' should be in target project, but could not be found!
]]></system-out>
  </testcase>
  <testcase name="test37" classname="org.apache.hadoop.hdfs.server.namenode.snapshot.DirectorySnapshottableFeature_ESTest" time="0.066">
    <system-out><![CDATA[2024-11-12 13:41:18,449 INFO  FSDirectory - GLOBAL serial map: bits=29 maxEntries=536870911
2024-11-12 13:41:18,449 INFO  FSDirectory - USER serial map: bits=24 maxEntries=16777215
2024-11-12 13:41:18,449 INFO  FSDirectory - GROUP serial map: bits=24 maxEntries=16777215
2024-11-12 13:41:18,449 INFO  FSDirectory - XATTR serial map: bits=24 maxEntries=16777215
2024-11-12 13:41:18,461 INFO  EvoClassLoader - Seeing class for first time: org.apache.hadoop.mapred.JobConf
2024-11-12 13:41:18,461 INFO  EvoClassLoader - Instrumenting class 'org.apache.hadoop.mapred.JobConf'.
2024-11-12 13:41:18,461 INFO  EvoClassLoader - Error while loading class: java.lang.ClassNotFoundException: Class 'org/apache/hadoop/mapred/JobConf.class' should be in target project, but could not be found!
2024-11-12 13:41:18,464 INFO  EvoClassLoader - Seeing class for first time: org.mockito.configuration.MockitoConfiguration
2024-11-12 13:41:18,464 INFO  EvoClassLoader - Instrumenting class 'org.mockito.configuration.MockitoConfiguration'.
2024-11-12 13:41:18,464 INFO  EvoClassLoader - Error while loading class: java.lang.ClassNotFoundException: Class 'org/mockito/configuration/MockitoConfiguration.class' should be in target project, but could not be found!
2024-11-12 13:41:18,502 INFO  EvoClassLoader - Seeing class for first time: libcore.io.Memory
2024-11-12 13:41:18,502 INFO  EvoClassLoader - Instrumenting class 'libcore.io.Memory'.
2024-11-12 13:41:18,502 INFO  EvoClassLoader - Error while loading class: java.lang.ClassNotFoundException: Class 'libcore/io/Memory.class' should be in target project, but could not be found!
2024-11-12 13:41:18,502 INFO  EvoClassLoader - Seeing class for first time: org.robolectric.Robolectric
2024-11-12 13:41:18,502 INFO  EvoClassLoader - Instrumenting class 'org.robolectric.Robolectric'.
2024-11-12 13:41:18,502 INFO  EvoClassLoader - Error while loading class: java.lang.ClassNotFoundException: Class 'org/robolectric/Robolectric.class' should be in target project, but could not be found!
]]></system-out>
  </testcase>
  <testcase name="test10" classname="org.apache.hadoop.hdfs.server.namenode.snapshot.DirectorySnapshottableFeature_ESTest" time="0.059">
    <system-out><![CDATA[2024-11-12 13:41:18,507 INFO  FSDirectory - GLOBAL serial map: bits=29 maxEntries=536870911
2024-11-12 13:41:18,507 INFO  FSDirectory - USER serial map: bits=24 maxEntries=16777215
2024-11-12 13:41:18,507 INFO  FSDirectory - GROUP serial map: bits=24 maxEntries=16777215
2024-11-12 13:41:18,507 INFO  FSDirectory - XATTR serial map: bits=24 maxEntries=16777215
2024-11-12 13:41:18,518 INFO  EvoClassLoader - Seeing class for first time: org.apache.hadoop.mapred.JobConf
2024-11-12 13:41:18,518 INFO  EvoClassLoader - Instrumenting class 'org.apache.hadoop.mapred.JobConf'.
2024-11-12 13:41:18,518 INFO  EvoClassLoader - Error while loading class: java.lang.ClassNotFoundException: Class 'org/apache/hadoop/mapred/JobConf.class' should be in target project, but could not be found!
2024-11-12 13:41:18,521 INFO  EvoClassLoader - Seeing class for first time: org.mockito.configuration.MockitoConfiguration
2024-11-12 13:41:18,521 INFO  EvoClassLoader - Instrumenting class 'org.mockito.configuration.MockitoConfiguration'.
2024-11-12 13:41:18,521 INFO  EvoClassLoader - Error while loading class: java.lang.ClassNotFoundException: Class 'org/mockito/configuration/MockitoConfiguration.class' should be in target project, but could not be found!
2024-11-12 13:41:18,561 INFO  EvoClassLoader - Seeing class for first time: libcore.io.Memory
2024-11-12 13:41:18,561 INFO  EvoClassLoader - Instrumenting class 'libcore.io.Memory'.
2024-11-12 13:41:18,561 INFO  EvoClassLoader - Error while loading class: java.lang.ClassNotFoundException: Class 'libcore/io/Memory.class' should be in target project, but could not be found!
2024-11-12 13:41:18,561 INFO  EvoClassLoader - Seeing class for first time: org.robolectric.Robolectric
2024-11-12 13:41:18,561 INFO  EvoClassLoader - Instrumenting class 'org.robolectric.Robolectric'.
2024-11-12 13:41:18,561 INFO  EvoClassLoader - Error while loading class: java.lang.ClassNotFoundException: Class 'org/robolectric/Robolectric.class' should be in target project, but could not be found!
]]></system-out>
  </testcase>
  <testcase name="test32" classname="org.apache.hadoop.hdfs.server.namenode.snapshot.DirectorySnapshottableFeature_ESTest" time="0.071">
    <system-out><![CDATA[2024-11-12 13:41:18,570 INFO  FSDirectory - GLOBAL serial map: bits=29 maxEntries=536870911
2024-11-12 13:41:18,570 INFO  FSDirectory - USER serial map: bits=24 maxEntries=16777215
2024-11-12 13:41:18,570 INFO  FSDirectory - GROUP serial map: bits=24 maxEntries=16777215
2024-11-12 13:41:18,570 INFO  FSDirectory - XATTR serial map: bits=24 maxEntries=16777215
2024-11-12 13:41:18,582 INFO  EvoClassLoader - Seeing class for first time: org.apache.hadoop.mapred.JobConf
2024-11-12 13:41:18,582 INFO  EvoClassLoader - Instrumenting class 'org.apache.hadoop.mapred.JobConf'.
2024-11-12 13:41:18,583 INFO  EvoClassLoader - Error while loading class: java.lang.ClassNotFoundException: Class 'org/apache/hadoop/mapred/JobConf.class' should be in target project, but could not be found!
2024-11-12 13:41:18,586 INFO  EvoClassLoader - Seeing class for first time: org.mockito.configuration.MockitoConfiguration
2024-11-12 13:41:18,586 INFO  EvoClassLoader - Instrumenting class 'org.mockito.configuration.MockitoConfiguration'.
2024-11-12 13:41:18,586 INFO  EvoClassLoader - Error while loading class: java.lang.ClassNotFoundException: Class 'org/mockito/configuration/MockitoConfiguration.class' should be in target project, but could not be found!
2024-11-12 13:41:18,632 INFO  EvoClassLoader - Seeing class for first time: libcore.io.Memory
2024-11-12 13:41:18,632 INFO  EvoClassLoader - Instrumenting class 'libcore.io.Memory'.
2024-11-12 13:41:18,632 INFO  EvoClassLoader - Error while loading class: java.lang.ClassNotFoundException: Class 'libcore/io/Memory.class' should be in target project, but could not be found!
2024-11-12 13:41:18,632 INFO  EvoClassLoader - Seeing class for first time: org.robolectric.Robolectric
2024-11-12 13:41:18,632 INFO  EvoClassLoader - Instrumenting class 'org.robolectric.Robolectric'.
2024-11-12 13:41:18,632 INFO  EvoClassLoader - Error while loading class: java.lang.ClassNotFoundException: Class 'org/robolectric/Robolectric.class' should be in target project, but could not be found!
]]></system-out>
  </testcase>
  <testcase name="test31" classname="org.apache.hadoop.hdfs.server.namenode.snapshot.DirectorySnapshottableFeature_ESTest" time="0.128">
    <system-out><![CDATA[2024-11-12 13:41:18,642 INFO  FSDirectory - GLOBAL serial map: bits=29 maxEntries=536870911
2024-11-12 13:41:18,642 INFO  FSDirectory - USER serial map: bits=24 maxEntries=16777215
2024-11-12 13:41:18,642 INFO  FSDirectory - GROUP serial map: bits=24 maxEntries=16777215
2024-11-12 13:41:18,642 INFO  FSDirectory - XATTR serial map: bits=24 maxEntries=16777215
2024-11-12 13:41:18,669 INFO  EvoClassLoader - Seeing class for first time: org.apache.hadoop.mapred.JobConf
2024-11-12 13:41:18,669 INFO  EvoClassLoader - Instrumenting class 'org.apache.hadoop.mapred.JobConf'.
2024-11-12 13:41:18,669 INFO  EvoClassLoader - Error while loading class: java.lang.ClassNotFoundException: Class 'org/apache/hadoop/mapred/JobConf.class' should be in target project, but could not be found!
2024-11-12 13:41:18,691 INFO  EvoClassLoader - Seeing class for first time: org.mockito.configuration.MockitoConfiguration
2024-11-12 13:41:18,691 INFO  EvoClassLoader - Instrumenting class 'org.mockito.configuration.MockitoConfiguration'.
2024-11-12 13:41:18,691 INFO  EvoClassLoader - Error while loading class: java.lang.ClassNotFoundException: Class 'org/mockito/configuration/MockitoConfiguration.class' should be in target project, but could not be found!
2024-11-12 13:41:18,759 INFO  EvoClassLoader - Seeing class for first time: libcore.io.Memory
2024-11-12 13:41:18,759 INFO  EvoClassLoader - Instrumenting class 'libcore.io.Memory'.
2024-11-12 13:41:18,759 INFO  EvoClassLoader - Error while loading class: java.lang.ClassNotFoundException: Class 'libcore/io/Memory.class' should be in target project, but could not be found!
2024-11-12 13:41:18,759 INFO  EvoClassLoader - Seeing class for first time: org.robolectric.Robolectric
2024-11-12 13:41:18,759 INFO  EvoClassLoader - Instrumenting class 'org.robolectric.Robolectric'.
2024-11-12 13:41:18,759 INFO  EvoClassLoader - Error while loading class: java.lang.ClassNotFoundException: Class 'org/robolectric/Robolectric.class' should be in target project, but could not be found!
]]></system-out>
  </testcase>
  <testcase name="test12" classname="org.apache.hadoop.hdfs.server.namenode.snapshot.DirectorySnapshottableFeature_ESTest" time="0.06">
    <system-out><![CDATA[2024-11-12 13:41:18,765 INFO  FSDirectory - GLOBAL serial map: bits=29 maxEntries=536870911
2024-11-12 13:41:18,765 INFO  FSDirectory - USER serial map: bits=24 maxEntries=16777215
2024-11-12 13:41:18,765 INFO  FSDirectory - GROUP serial map: bits=24 maxEntries=16777215
2024-11-12 13:41:18,765 INFO  FSDirectory - XATTR serial map: bits=24 maxEntries=16777215
2024-11-12 13:41:18,777 INFO  EvoClassLoader - Seeing class for first time: org.apache.hadoop.mapred.JobConf
2024-11-12 13:41:18,777 INFO  EvoClassLoader - Instrumenting class 'org.apache.hadoop.mapred.JobConf'.
2024-11-12 13:41:18,777 INFO  EvoClassLoader - Error while loading class: java.lang.ClassNotFoundException: Class 'org/apache/hadoop/mapred/JobConf.class' should be in target project, but could not be found!
2024-11-12 13:41:18,780 INFO  EvoClassLoader - Seeing class for first time: org.mockito.configuration.MockitoConfiguration
2024-11-12 13:41:18,780 INFO  EvoClassLoader - Instrumenting class 'org.mockito.configuration.MockitoConfiguration'.
2024-11-12 13:41:18,780 INFO  EvoClassLoader - Error while loading class: java.lang.ClassNotFoundException: Class 'org/mockito/configuration/MockitoConfiguration.class' should be in target project, but could not be found!
2024-11-12 13:41:18,820 INFO  EvoClassLoader - Seeing class for first time: libcore.io.Memory
2024-11-12 13:41:18,820 INFO  EvoClassLoader - Instrumenting class 'libcore.io.Memory'.
2024-11-12 13:41:18,820 INFO  EvoClassLoader - Error while loading class: java.lang.ClassNotFoundException: Class 'libcore/io/Memory.class' should be in target project, but could not be found!
2024-11-12 13:41:18,821 INFO  EvoClassLoader - Seeing class for first time: org.robolectric.Robolectric
2024-11-12 13:41:18,821 INFO  EvoClassLoader - Instrumenting class 'org.robolectric.Robolectric'.
2024-11-12 13:41:18,821 INFO  EvoClassLoader - Error while loading class: java.lang.ClassNotFoundException: Class 'org/robolectric/Robolectric.class' should be in target project, but could not be found!
]]></system-out>
  </testcase>
  <testcase name="test34" classname="org.apache.hadoop.hdfs.server.namenode.snapshot.DirectorySnapshottableFeature_ESTest" time="0.068">
    <system-out><![CDATA[2024-11-12 13:41:18,825 INFO  FSDirectory - GLOBAL serial map: bits=29 maxEntries=536870911
2024-11-12 13:41:18,825 INFO  FSDirectory - USER serial map: bits=24 maxEntries=16777215
2024-11-12 13:41:18,825 INFO  FSDirectory - GROUP serial map: bits=24 maxEntries=16777215
2024-11-12 13:41:18,825 INFO  FSDirectory - XATTR serial map: bits=24 maxEntries=16777215
2024-11-12 13:41:18,837 INFO  EvoClassLoader - Seeing class for first time: org.apache.hadoop.mapred.JobConf
2024-11-12 13:41:18,837 INFO  EvoClassLoader - Instrumenting class 'org.apache.hadoop.mapred.JobConf'.
2024-11-12 13:41:18,837 INFO  EvoClassLoader - Error while loading class: java.lang.ClassNotFoundException: Class 'org/apache/hadoop/mapred/JobConf.class' should be in target project, but could not be found!
2024-11-12 13:41:18,840 INFO  EvoClassLoader - Seeing class for first time: org.mockito.configuration.MockitoConfiguration
2024-11-12 13:41:18,840 INFO  EvoClassLoader - Instrumenting class 'org.mockito.configuration.MockitoConfiguration'.
2024-11-12 13:41:18,841 INFO  EvoClassLoader - Error while loading class: java.lang.ClassNotFoundException: Class 'org/mockito/configuration/MockitoConfiguration.class' should be in target project, but could not be found!
2024-11-12 13:41:18,890 INFO  EvoClassLoader - Seeing class for first time: libcore.io.Memory
2024-11-12 13:41:18,890 INFO  EvoClassLoader - Instrumenting class 'libcore.io.Memory'.
2024-11-12 13:41:18,890 INFO  EvoClassLoader - Error while loading class: java.lang.ClassNotFoundException: Class 'libcore/io/Memory.class' should be in target project, but could not be found!
2024-11-12 13:41:18,890 INFO  EvoClassLoader - Seeing class for first time: org.robolectric.Robolectric
2024-11-12 13:41:18,890 INFO  EvoClassLoader - Instrumenting class 'org.robolectric.Robolectric'.
2024-11-12 13:41:18,890 INFO  EvoClassLoader - Error while loading class: java.lang.ClassNotFoundException: Class 'org/robolectric/Robolectric.class' should be in target project, but could not be found!
]]></system-out>
  </testcase>
  <testcase name="test11" classname="org.apache.hadoop.hdfs.server.namenode.snapshot.DirectorySnapshottableFeature_ESTest" time="0.081">
    <system-out><![CDATA[2024-11-12 13:41:18,907 INFO  FSDirectory - GLOBAL serial map: bits=29 maxEntries=536870911
2024-11-12 13:41:18,907 INFO  FSDirectory - USER serial map: bits=24 maxEntries=16777215
2024-11-12 13:41:18,907 INFO  FSDirectory - GROUP serial map: bits=24 maxEntries=16777215
2024-11-12 13:41:18,907 INFO  FSDirectory - XATTR serial map: bits=24 maxEntries=16777215
2024-11-12 13:41:18,917 INFO  EvoClassLoader - Seeing class for first time: org.apache.hadoop.mapred.JobConf
2024-11-12 13:41:18,917 INFO  EvoClassLoader - Instrumenting class 'org.apache.hadoop.mapred.JobConf'.
2024-11-12 13:41:18,917 INFO  EvoClassLoader - Error while loading class: java.lang.ClassNotFoundException: Class 'org/apache/hadoop/mapred/JobConf.class' should be in target project, but could not be found!
2024-11-12 13:41:18,921 INFO  EvoClassLoader - Seeing class for first time: org.mockito.configuration.MockitoConfiguration
2024-11-12 13:41:18,921 INFO  EvoClassLoader - Instrumenting class 'org.mockito.configuration.MockitoConfiguration'.
2024-11-12 13:41:18,921 INFO  EvoClassLoader - Error while loading class: java.lang.ClassNotFoundException: Class 'org/mockito/configuration/MockitoConfiguration.class' should be in target project, but could not be found!
2024-11-12 13:41:18,969 INFO  EvoClassLoader - Seeing class for first time: libcore.io.Memory
2024-11-12 13:41:18,969 INFO  EvoClassLoader - Instrumenting class 'libcore.io.Memory'.
2024-11-12 13:41:18,969 INFO  EvoClassLoader - Error while loading class: java.lang.ClassNotFoundException: Class 'libcore/io/Memory.class' should be in target project, but could not be found!
2024-11-12 13:41:18,969 INFO  EvoClassLoader - Seeing class for first time: org.robolectric.Robolectric
2024-11-12 13:41:18,969 INFO  EvoClassLoader - Instrumenting class 'org.robolectric.Robolectric'.
2024-11-12 13:41:18,969 INFO  EvoClassLoader - Error while loading class: java.lang.ClassNotFoundException: Class 'org/robolectric/Robolectric.class' should be in target project, but could not be found!
]]></system-out>
  </testcase>
  <testcase name="test33" classname="org.apache.hadoop.hdfs.server.namenode.snapshot.DirectorySnapshottableFeature_ESTest" time="0.074">
    <system-out><![CDATA[2024-11-12 13:41:18,975 INFO  FSDirectory - GLOBAL serial map: bits=29 maxEntries=536870911
2024-11-12 13:41:18,975 INFO  FSDirectory - USER serial map: bits=24 maxEntries=16777215
2024-11-12 13:41:18,975 INFO  FSDirectory - GROUP serial map: bits=24 maxEntries=16777215
2024-11-12 13:41:18,975 INFO  FSDirectory - XATTR serial map: bits=24 maxEntries=16777215
2024-11-12 13:41:18,995 INFO  EvoClassLoader - Seeing class for first time: org.apache.hadoop.mapred.JobConf
2024-11-12 13:41:18,995 INFO  EvoClassLoader - Instrumenting class 'org.apache.hadoop.mapred.JobConf'.
2024-11-12 13:41:18,995 INFO  EvoClassLoader - Error while loading class: java.lang.ClassNotFoundException: Class 'org/apache/hadoop/mapred/JobConf.class' should be in target project, but could not be found!
2024-11-12 13:41:19,000 INFO  EvoClassLoader - Seeing class for first time: org.mockito.configuration.MockitoConfiguration
2024-11-12 13:41:19,000 INFO  EvoClassLoader - Instrumenting class 'org.mockito.configuration.MockitoConfiguration'.
2024-11-12 13:41:19,001 INFO  EvoClassLoader - Error while loading class: java.lang.ClassNotFoundException: Class 'org/mockito/configuration/MockitoConfiguration.class' should be in target project, but could not be found!
2024-11-12 13:41:19,046 INFO  EvoClassLoader - Seeing class for first time: libcore.io.Memory
2024-11-12 13:41:19,046 INFO  EvoClassLoader - Instrumenting class 'libcore.io.Memory'.
2024-11-12 13:41:19,046 INFO  EvoClassLoader - Error while loading class: java.lang.ClassNotFoundException: Class 'libcore/io/Memory.class' should be in target project, but could not be found!
2024-11-12 13:41:19,046 INFO  EvoClassLoader - Seeing class for first time: org.robolectric.Robolectric
2024-11-12 13:41:19,046 INFO  EvoClassLoader - Instrumenting class 'org.robolectric.Robolectric'.
2024-11-12 13:41:19,046 INFO  EvoClassLoader - Error while loading class: java.lang.ClassNotFoundException: Class 'org/robolectric/Robolectric.class' should be in target project, but could not be found!
]]></system-out>
  </testcase>
  <testcase name="test07" classname="org.apache.hadoop.hdfs.server.namenode.snapshot.DirectorySnapshottableFeature_ESTest" time="0.115">
    <system-out><![CDATA[2024-11-12 13:41:19,087 INFO  FSDirectory - GLOBAL serial map: bits=29 maxEntries=536870911
2024-11-12 13:41:19,087 INFO  FSDirectory - USER serial map: bits=24 maxEntries=16777215
2024-11-12 13:41:19,087 INFO  FSDirectory - GROUP serial map: bits=24 maxEntries=16777215
2024-11-12 13:41:19,087 INFO  FSDirectory - XATTR serial map: bits=24 maxEntries=16777215
2024-11-12 13:41:19,104 INFO  EvoClassLoader - Seeing class for first time: org.apache.hadoop.mapred.JobConf
2024-11-12 13:41:19,104 INFO  EvoClassLoader - Instrumenting class 'org.apache.hadoop.mapred.JobConf'.
2024-11-12 13:41:19,104 INFO  EvoClassLoader - Error while loading class: java.lang.ClassNotFoundException: Class 'org/apache/hadoop/mapred/JobConf.class' should be in target project, but could not be found!
2024-11-12 13:41:19,110 INFO  EvoClassLoader - Seeing class for first time: org.mockito.configuration.MockitoConfiguration
2024-11-12 13:41:19,110 INFO  EvoClassLoader - Instrumenting class 'org.mockito.configuration.MockitoConfiguration'.
2024-11-12 13:41:19,110 INFO  EvoClassLoader - Error while loading class: java.lang.ClassNotFoundException: Class 'org/mockito/configuration/MockitoConfiguration.class' should be in target project, but could not be found!
2024-11-12 13:41:19,160 INFO  EvoClassLoader - Seeing class for first time: libcore.io.Memory
2024-11-12 13:41:19,160 INFO  EvoClassLoader - Instrumenting class 'libcore.io.Memory'.
2024-11-12 13:41:19,160 INFO  EvoClassLoader - Error while loading class: java.lang.ClassNotFoundException: Class 'libcore/io/Memory.class' should be in target project, but could not be found!
2024-11-12 13:41:19,160 INFO  EvoClassLoader - Seeing class for first time: org.robolectric.Robolectric
2024-11-12 13:41:19,160 INFO  EvoClassLoader - Instrumenting class 'org.robolectric.Robolectric'.
2024-11-12 13:41:19,160 INFO  EvoClassLoader - Error while loading class: java.lang.ClassNotFoundException: Class 'org/robolectric/Robolectric.class' should be in target project, but could not be found!
]]></system-out>
  </testcase>
  <testcase name="test29" classname="org.apache.hadoop.hdfs.server.namenode.snapshot.DirectorySnapshottableFeature_ESTest" time="0.07">
    <system-out><![CDATA[2024-11-12 13:41:19,165 INFO  FSDirectory - GLOBAL serial map: bits=29 maxEntries=536870911
2024-11-12 13:41:19,165 INFO  FSDirectory - USER serial map: bits=24 maxEntries=16777215
2024-11-12 13:41:19,165 INFO  FSDirectory - GROUP serial map: bits=24 maxEntries=16777215
2024-11-12 13:41:19,165 INFO  FSDirectory - XATTR serial map: bits=24 maxEntries=16777215
2024-11-12 13:41:19,183 INFO  EvoClassLoader - Seeing class for first time: org.apache.hadoop.mapred.JobConf
2024-11-12 13:41:19,183 INFO  EvoClassLoader - Instrumenting class 'org.apache.hadoop.mapred.JobConf'.
2024-11-12 13:41:19,184 INFO  EvoClassLoader - Error while loading class: java.lang.ClassNotFoundException: Class 'org/apache/hadoop/mapred/JobConf.class' should be in target project, but could not be found!
2024-11-12 13:41:19,189 INFO  EvoClassLoader - Seeing class for first time: org.mockito.configuration.MockitoConfiguration
2024-11-12 13:41:19,189 INFO  EvoClassLoader - Instrumenting class 'org.mockito.configuration.MockitoConfiguration'.
2024-11-12 13:41:19,189 INFO  EvoClassLoader - Error while loading class: java.lang.ClassNotFoundException: Class 'org/mockito/configuration/MockitoConfiguration.class' should be in target project, but could not be found!
2024-11-12 13:41:19,232 INFO  EvoClassLoader - Seeing class for first time: libcore.io.Memory
2024-11-12 13:41:19,232 INFO  EvoClassLoader - Instrumenting class 'libcore.io.Memory'.
2024-11-12 13:41:19,232 INFO  EvoClassLoader - Error while loading class: java.lang.ClassNotFoundException: Class 'libcore/io/Memory.class' should be in target project, but could not be found!
2024-11-12 13:41:19,232 INFO  EvoClassLoader - Seeing class for first time: org.robolectric.Robolectric
2024-11-12 13:41:19,232 INFO  EvoClassLoader - Instrumenting class 'org.robolectric.Robolectric'.
2024-11-12 13:41:19,232 INFO  EvoClassLoader - Error while loading class: java.lang.ClassNotFoundException: Class 'org/robolectric/Robolectric.class' should be in target project, but could not be found!
]]></system-out>
  </testcase>
  <testcase name="test06" classname="org.apache.hadoop.hdfs.server.namenode.snapshot.DirectorySnapshottableFeature_ESTest" time="0.066">
    <system-out><![CDATA[2024-11-12 13:41:19,236 INFO  FSDirectory - GLOBAL serial map: bits=29 maxEntries=536870911
2024-11-12 13:41:19,236 INFO  FSDirectory - USER serial map: bits=24 maxEntries=16777215
2024-11-12 13:41:19,236 INFO  FSDirectory - GROUP serial map: bits=24 maxEntries=16777215
2024-11-12 13:41:19,236 INFO  FSDirectory - XATTR serial map: bits=24 maxEntries=16777215
2024-11-12 13:41:19,250 INFO  EvoClassLoader - Seeing class for first time: org.apache.hadoop.mapred.JobConf
2024-11-12 13:41:19,250 INFO  EvoClassLoader - Instrumenting class 'org.apache.hadoop.mapred.JobConf'.
2024-11-12 13:41:19,251 INFO  EvoClassLoader - Error while loading class: java.lang.ClassNotFoundException: Class 'org/apache/hadoop/mapred/JobConf.class' should be in target project, but could not be found!
2024-11-12 13:41:19,256 INFO  EvoClassLoader - Seeing class for first time: org.mockito.configuration.MockitoConfiguration
2024-11-12 13:41:19,256 INFO  EvoClassLoader - Instrumenting class 'org.mockito.configuration.MockitoConfiguration'.
2024-11-12 13:41:19,257 INFO  EvoClassLoader - Error while loading class: java.lang.ClassNotFoundException: Class 'org/mockito/configuration/MockitoConfiguration.class' should be in target project, but could not be found!
2024-11-12 13:41:19,296 INFO  EvoClassLoader - Seeing class for first time: libcore.io.Memory
2024-11-12 13:41:19,296 INFO  EvoClassLoader - Instrumenting class 'libcore.io.Memory'.
2024-11-12 13:41:19,297 INFO  EvoClassLoader - Error while loading class: java.lang.ClassNotFoundException: Class 'libcore/io/Memory.class' should be in target project, but could not be found!
2024-11-12 13:41:19,297 INFO  EvoClassLoader - Seeing class for first time: org.robolectric.Robolectric
2024-11-12 13:41:19,297 INFO  EvoClassLoader - Instrumenting class 'org.robolectric.Robolectric'.
2024-11-12 13:41:19,297 INFO  EvoClassLoader - Error while loading class: java.lang.ClassNotFoundException: Class 'org/robolectric/Robolectric.class' should be in target project, but could not be found!
]]></system-out>
  </testcase>
  <testcase name="test28" classname="org.apache.hadoop.hdfs.server.namenode.snapshot.DirectorySnapshottableFeature_ESTest" time="0.065">
    <system-out><![CDATA[2024-11-12 13:41:19,301 INFO  FSDirectory - GLOBAL serial map: bits=29 maxEntries=536870911
2024-11-12 13:41:19,301 INFO  FSDirectory - USER serial map: bits=24 maxEntries=16777215
2024-11-12 13:41:19,301 INFO  FSDirectory - GROUP serial map: bits=24 maxEntries=16777215
2024-11-12 13:41:19,301 INFO  FSDirectory - XATTR serial map: bits=24 maxEntries=16777215
2024-11-12 13:41:19,313 INFO  EvoClassLoader - Seeing class for first time: org.apache.hadoop.mapred.JobConf
2024-11-12 13:41:19,313 INFO  EvoClassLoader - Instrumenting class 'org.apache.hadoop.mapred.JobConf'.
2024-11-12 13:41:19,314 INFO  EvoClassLoader - Error while loading class: java.lang.ClassNotFoundException: Class 'org/apache/hadoop/mapred/JobConf.class' should be in target project, but could not be found!
2024-11-12 13:41:19,318 INFO  EvoClassLoader - Seeing class for first time: org.mockito.configuration.MockitoConfiguration
2024-11-12 13:41:19,318 INFO  EvoClassLoader - Instrumenting class 'org.mockito.configuration.MockitoConfiguration'.
2024-11-12 13:41:19,319 INFO  EvoClassLoader - Error while loading class: java.lang.ClassNotFoundException: Class 'org/mockito/configuration/MockitoConfiguration.class' should be in target project, but could not be found!
2024-11-12 13:41:19,360 INFO  EvoClassLoader - Seeing class for first time: libcore.io.Memory
2024-11-12 13:41:19,360 INFO  EvoClassLoader - Instrumenting class 'libcore.io.Memory'.
2024-11-12 13:41:19,361 INFO  EvoClassLoader - Error while loading class: java.lang.ClassNotFoundException: Class 'libcore/io/Memory.class' should be in target project, but could not be found!
2024-11-12 13:41:19,361 INFO  EvoClassLoader - Seeing class for first time: org.robolectric.Robolectric
2024-11-12 13:41:19,361 INFO  EvoClassLoader - Instrumenting class 'org.robolectric.Robolectric'.
2024-11-12 13:41:19,361 INFO  EvoClassLoader - Error while loading class: java.lang.ClassNotFoundException: Class 'org/robolectric/Robolectric.class' should be in target project, but could not be found!
]]></system-out>
  </testcase>
  <testcase name="test09" classname="org.apache.hadoop.hdfs.server.namenode.snapshot.DirectorySnapshottableFeature_ESTest" time="0.081">
    <system-out><![CDATA[2024-11-12 13:41:19,388 INFO  FSDirectory - GLOBAL serial map: bits=29 maxEntries=536870911
2024-11-12 13:41:19,388 INFO  FSDirectory - USER serial map: bits=24 maxEntries=16777215
2024-11-12 13:41:19,388 INFO  FSDirectory - GROUP serial map: bits=24 maxEntries=16777215
2024-11-12 13:41:19,388 INFO  FSDirectory - XATTR serial map: bits=24 maxEntries=16777215
2024-11-12 13:41:19,400 INFO  EvoClassLoader - Seeing class for first time: org.apache.hadoop.mapred.JobConf
2024-11-12 13:41:19,400 INFO  EvoClassLoader - Instrumenting class 'org.apache.hadoop.mapred.JobConf'.
2024-11-12 13:41:19,400 INFO  EvoClassLoader - Error while loading class: java.lang.ClassNotFoundException: Class 'org/apache/hadoop/mapred/JobConf.class' should be in target project, but could not be found!
2024-11-12 13:41:19,402 INFO  EvoClassLoader - Seeing class for first time: org.mockito.configuration.MockitoConfiguration
2024-11-12 13:41:19,402 INFO  EvoClassLoader - Instrumenting class 'org.mockito.configuration.MockitoConfiguration'.
2024-11-12 13:41:19,403 INFO  EvoClassLoader - Error while loading class: java.lang.ClassNotFoundException: Class 'org/mockito/configuration/MockitoConfiguration.class' should be in target project, but could not be found!
2024-11-12 13:41:19,444 INFO  EvoClassLoader - Seeing class for first time: libcore.io.Memory
2024-11-12 13:41:19,444 INFO  EvoClassLoader - Instrumenting class 'libcore.io.Memory'.
2024-11-12 13:41:19,445 INFO  EvoClassLoader - Error while loading class: java.lang.ClassNotFoundException: Class 'libcore/io/Memory.class' should be in target project, but could not be found!
2024-11-12 13:41:19,445 INFO  EvoClassLoader - Seeing class for first time: org.robolectric.Robolectric
2024-11-12 13:41:19,445 INFO  EvoClassLoader - Instrumenting class 'org.robolectric.Robolectric'.
2024-11-12 13:41:19,445 INFO  EvoClassLoader - Error while loading class: java.lang.ClassNotFoundException: Class 'org/robolectric/Robolectric.class' should be in target project, but could not be found!
]]></system-out>
  </testcase>
  <testcase name="test08" classname="org.apache.hadoop.hdfs.server.namenode.snapshot.DirectorySnapshottableFeature_ESTest" time="0.056">
    <system-out><![CDATA[2024-11-12 13:41:19,448 INFO  FSDirectory - GLOBAL serial map: bits=29 maxEntries=536870911
2024-11-12 13:41:19,448 INFO  FSDirectory - USER serial map: bits=24 maxEntries=16777215
2024-11-12 13:41:19,448 INFO  FSDirectory - GROUP serial map: bits=24 maxEntries=16777215
2024-11-12 13:41:19,448 INFO  FSDirectory - XATTR serial map: bits=24 maxEntries=16777215
2024-11-12 13:41:19,460 INFO  EvoClassLoader - Seeing class for first time: org.apache.hadoop.mapred.JobConf
2024-11-12 13:41:19,460 INFO  EvoClassLoader - Instrumenting class 'org.apache.hadoop.mapred.JobConf'.
2024-11-12 13:41:19,460 INFO  EvoClassLoader - Error while loading class: java.lang.ClassNotFoundException: Class 'org/apache/hadoop/mapred/JobConf.class' should be in target project, but could not be found!
2024-11-12 13:41:19,463 INFO  EvoClassLoader - Seeing class for first time: org.mockito.configuration.MockitoConfiguration
2024-11-12 13:41:19,463 INFO  EvoClassLoader - Instrumenting class 'org.mockito.configuration.MockitoConfiguration'.
2024-11-12 13:41:19,463 INFO  EvoClassLoader - Error while loading class: java.lang.ClassNotFoundException: Class 'org/mockito/configuration/MockitoConfiguration.class' should be in target project, but could not be found!
2024-11-12 13:41:19,499 INFO  EvoClassLoader - Seeing class for first time: libcore.io.Memory
2024-11-12 13:41:19,499 INFO  EvoClassLoader - Instrumenting class 'libcore.io.Memory'.
2024-11-12 13:41:19,499 INFO  EvoClassLoader - Error while loading class: java.lang.ClassNotFoundException: Class 'libcore/io/Memory.class' should be in target project, but could not be found!
2024-11-12 13:41:19,499 INFO  EvoClassLoader - Seeing class for first time: org.robolectric.Robolectric
2024-11-12 13:41:19,499 INFO  EvoClassLoader - Instrumenting class 'org.robolectric.Robolectric'.
2024-11-12 13:41:19,499 INFO  EvoClassLoader - Error while loading class: java.lang.ClassNotFoundException: Class 'org/robolectric/Robolectric.class' should be in target project, but could not be found!
]]></system-out>
  </testcase>
  <testcase name="test03" classname="org.apache.hadoop.hdfs.server.namenode.snapshot.DirectorySnapshottableFeature_ESTest" time="0.053">
    <system-out><![CDATA[2024-11-12 13:41:19,503 INFO  FSDirectory - GLOBAL serial map: bits=29 maxEntries=536870911
2024-11-12 13:41:19,503 INFO  FSDirectory - USER serial map: bits=24 maxEntries=16777215
2024-11-12 13:41:19,503 INFO  FSDirectory - GROUP serial map: bits=24 maxEntries=16777215
2024-11-12 13:41:19,503 INFO  FSDirectory - XATTR serial map: bits=24 maxEntries=16777215
2024-11-12 13:41:19,513 INFO  EvoClassLoader - Seeing class for first time: org.apache.hadoop.mapred.JobConf
2024-11-12 13:41:19,513 INFO  EvoClassLoader - Instrumenting class 'org.apache.hadoop.mapred.JobConf'.
2024-11-12 13:41:19,514 INFO  EvoClassLoader - Error while loading class: java.lang.ClassNotFoundException: Class 'org/apache/hadoop/mapred/JobConf.class' should be in target project, but could not be found!
2024-11-12 13:41:19,517 INFO  EvoClassLoader - Seeing class for first time: org.mockito.configuration.MockitoConfiguration
2024-11-12 13:41:19,517 INFO  EvoClassLoader - Instrumenting class 'org.mockito.configuration.MockitoConfiguration'.
2024-11-12 13:41:19,517 INFO  EvoClassLoader - Error while loading class: java.lang.ClassNotFoundException: Class 'org/mockito/configuration/MockitoConfiguration.class' should be in target project, but could not be found!
2024-11-12 13:41:19,552 INFO  EvoClassLoader - Seeing class for first time: libcore.io.Memory
2024-11-12 13:41:19,552 INFO  EvoClassLoader - Instrumenting class 'libcore.io.Memory'.
2024-11-12 13:41:19,552 INFO  EvoClassLoader - Error while loading class: java.lang.ClassNotFoundException: Class 'libcore/io/Memory.class' should be in target project, but could not be found!
2024-11-12 13:41:19,552 INFO  EvoClassLoader - Seeing class for first time: org.robolectric.Robolectric
2024-11-12 13:41:19,552 INFO  EvoClassLoader - Instrumenting class 'org.robolectric.Robolectric'.
2024-11-12 13:41:19,553 INFO  EvoClassLoader - Error while loading class: java.lang.ClassNotFoundException: Class 'org/robolectric/Robolectric.class' should be in target project, but could not be found!
]]></system-out>
  </testcase>
  <testcase name="test25" classname="org.apache.hadoop.hdfs.server.namenode.snapshot.DirectorySnapshottableFeature_ESTest" time="0.066">
    <system-out><![CDATA[2024-11-12 13:41:19,556 INFO  FSDirectory - GLOBAL serial map: bits=29 maxEntries=536870911
2024-11-12 13:41:19,556 INFO  FSDirectory - USER serial map: bits=24 maxEntries=16777215
2024-11-12 13:41:19,556 INFO  FSDirectory - GROUP serial map: bits=24 maxEntries=16777215
2024-11-12 13:41:19,556 INFO  FSDirectory - XATTR serial map: bits=24 maxEntries=16777215
2024-11-12 13:41:19,575 INFO  EvoClassLoader - Seeing class for first time: org.apache.hadoop.mapred.JobConf
2024-11-12 13:41:19,575 INFO  EvoClassLoader - Instrumenting class 'org.apache.hadoop.mapred.JobConf'.
2024-11-12 13:41:19,575 INFO  EvoClassLoader - Error while loading class: java.lang.ClassNotFoundException: Class 'org/apache/hadoop/mapred/JobConf.class' should be in target project, but could not be found!
2024-11-12 13:41:19,578 INFO  EvoClassLoader - Seeing class for first time: org.mockito.configuration.MockitoConfiguration
2024-11-12 13:41:19,578 INFO  EvoClassLoader - Instrumenting class 'org.mockito.configuration.MockitoConfiguration'.
2024-11-12 13:41:19,579 INFO  EvoClassLoader - Error while loading class: java.lang.ClassNotFoundException: Class 'org/mockito/configuration/MockitoConfiguration.class' should be in target project, but could not be found!
2024-11-12 13:41:19,619 INFO  EvoClassLoader - Seeing class for first time: libcore.io.Memory
2024-11-12 13:41:19,619 INFO  EvoClassLoader - Instrumenting class 'libcore.io.Memory'.
2024-11-12 13:41:19,619 INFO  EvoClassLoader - Error while loading class: java.lang.ClassNotFoundException: Class 'libcore/io/Memory.class' should be in target project, but could not be found!
2024-11-12 13:41:19,619 INFO  EvoClassLoader - Seeing class for first time: org.robolectric.Robolectric
2024-11-12 13:41:19,619 INFO  EvoClassLoader - Instrumenting class 'org.robolectric.Robolectric'.
2024-11-12 13:41:19,619 INFO  EvoClassLoader - Error while loading class: java.lang.ClassNotFoundException: Class 'org/robolectric/Robolectric.class' should be in target project, but could not be found!
]]></system-out>
  </testcase>
  <testcase name="test02" classname="org.apache.hadoop.hdfs.server.namenode.snapshot.DirectorySnapshottableFeature_ESTest" time="0.058">
    <system-out><![CDATA[2024-11-12 13:41:19,623 INFO  FSDirectory - GLOBAL serial map: bits=29 maxEntries=536870911
2024-11-12 13:41:19,623 INFO  FSDirectory - USER serial map: bits=24 maxEntries=16777215
2024-11-12 13:41:19,623 INFO  FSDirectory - GROUP serial map: bits=24 maxEntries=16777215
2024-11-12 13:41:19,623 INFO  FSDirectory - XATTR serial map: bits=24 maxEntries=16777215
2024-11-12 13:41:19,635 INFO  EvoClassLoader - Seeing class for first time: org.apache.hadoop.mapred.JobConf
2024-11-12 13:41:19,635 INFO  EvoClassLoader - Instrumenting class 'org.apache.hadoop.mapred.JobConf'.
2024-11-12 13:41:19,636 INFO  EvoClassLoader - Error while loading class: java.lang.ClassNotFoundException: Class 'org/apache/hadoop/mapred/JobConf.class' should be in target project, but could not be found!
2024-11-12 13:41:19,640 INFO  EvoClassLoader - Seeing class for first time: org.mockito.configuration.MockitoConfiguration
2024-11-12 13:41:19,640 INFO  EvoClassLoader - Instrumenting class 'org.mockito.configuration.MockitoConfiguration'.
2024-11-12 13:41:19,640 INFO  EvoClassLoader - Error while loading class: java.lang.ClassNotFoundException: Class 'org/mockito/configuration/MockitoConfiguration.class' should be in target project, but could not be found!
2024-11-12 13:41:19,676 INFO  EvoClassLoader - Seeing class for first time: libcore.io.Memory
2024-11-12 13:41:19,676 INFO  EvoClassLoader - Instrumenting class 'libcore.io.Memory'.
2024-11-12 13:41:19,676 INFO  EvoClassLoader - Error while loading class: java.lang.ClassNotFoundException: Class 'libcore/io/Memory.class' should be in target project, but could not be found!
2024-11-12 13:41:19,676 INFO  EvoClassLoader - Seeing class for first time: org.robolectric.Robolectric
2024-11-12 13:41:19,676 INFO  EvoClassLoader - Instrumenting class 'org.robolectric.Robolectric'.
2024-11-12 13:41:19,676 INFO  EvoClassLoader - Error while loading class: java.lang.ClassNotFoundException: Class 'org/robolectric/Robolectric.class' should be in target project, but could not be found!
]]></system-out>
  </testcase>
  <testcase name="test24" classname="org.apache.hadoop.hdfs.server.namenode.snapshot.DirectorySnapshottableFeature_ESTest" time="0.056">
    <system-out><![CDATA[2024-11-12 13:41:19,680 INFO  FSDirectory - GLOBAL serial map: bits=29 maxEntries=536870911
2024-11-12 13:41:19,680 INFO  FSDirectory - USER serial map: bits=24 maxEntries=16777215
2024-11-12 13:41:19,680 INFO  FSDirectory - GROUP serial map: bits=24 maxEntries=16777215
2024-11-12 13:41:19,680 INFO  FSDirectory - XATTR serial map: bits=24 maxEntries=16777215
2024-11-12 13:41:19,690 INFO  EvoClassLoader - Seeing class for first time: org.apache.hadoop.mapred.JobConf
2024-11-12 13:41:19,690 INFO  EvoClassLoader - Instrumenting class 'org.apache.hadoop.mapred.JobConf'.
2024-11-12 13:41:19,690 INFO  EvoClassLoader - Error while loading class: java.lang.ClassNotFoundException: Class 'org/apache/hadoop/mapred/JobConf.class' should be in target project, but could not be found!
2024-11-12 13:41:19,693 INFO  EvoClassLoader - Seeing class for first time: org.mockito.configuration.MockitoConfiguration
2024-11-12 13:41:19,693 INFO  EvoClassLoader - Instrumenting class 'org.mockito.configuration.MockitoConfiguration'.
2024-11-12 13:41:19,693 INFO  EvoClassLoader - Error while loading class: java.lang.ClassNotFoundException: Class 'org/mockito/configuration/MockitoConfiguration.class' should be in target project, but could not be found!
2024-11-12 13:41:19,733 INFO  EvoClassLoader - Seeing class for first time: libcore.io.Memory
2024-11-12 13:41:19,733 INFO  EvoClassLoader - Instrumenting class 'libcore.io.Memory'.
2024-11-12 13:41:19,733 INFO  EvoClassLoader - Error while loading class: java.lang.ClassNotFoundException: Class 'libcore/io/Memory.class' should be in target project, but could not be found!
2024-11-12 13:41:19,733 INFO  EvoClassLoader - Seeing class for first time: org.robolectric.Robolectric
2024-11-12 13:41:19,733 INFO  EvoClassLoader - Instrumenting class 'org.robolectric.Robolectric'.
2024-11-12 13:41:19,733 INFO  EvoClassLoader - Error while loading class: java.lang.ClassNotFoundException: Class 'org/robolectric/Robolectric.class' should be in target project, but could not be found!
]]></system-out>
  </testcase>
  <testcase name="test05" classname="org.apache.hadoop.hdfs.server.namenode.snapshot.DirectorySnapshottableFeature_ESTest" time="0.061">
    <system-out><![CDATA[2024-11-12 13:41:19,736 INFO  FSDirectory - GLOBAL serial map: bits=29 maxEntries=536870911
2024-11-12 13:41:19,736 INFO  FSDirectory - USER serial map: bits=24 maxEntries=16777215
2024-11-12 13:41:19,736 INFO  FSDirectory - GROUP serial map: bits=24 maxEntries=16777215
2024-11-12 13:41:19,736 INFO  FSDirectory - XATTR serial map: bits=24 maxEntries=16777215
2024-11-12 13:41:19,747 INFO  EvoClassLoader - Seeing class for first time: org.apache.hadoop.mapred.JobConf
2024-11-12 13:41:19,747 INFO  EvoClassLoader - Instrumenting class 'org.apache.hadoop.mapred.JobConf'.
2024-11-12 13:41:19,747 INFO  EvoClassLoader - Error while loading class: java.lang.ClassNotFoundException: Class 'org/apache/hadoop/mapred/JobConf.class' should be in target project, but could not be found!
2024-11-12 13:41:19,751 INFO  EvoClassLoader - Seeing class for first time: org.mockito.configuration.MockitoConfiguration
2024-11-12 13:41:19,751 INFO  EvoClassLoader - Instrumenting class 'org.mockito.configuration.MockitoConfiguration'.
2024-11-12 13:41:19,751 INFO  EvoClassLoader - Error while loading class: java.lang.ClassNotFoundException: Class 'org/mockito/configuration/MockitoConfiguration.class' should be in target project, but could not be found!
2024-11-12 13:41:19,789 INFO  EvoClassLoader - Seeing class for first time: libcore.io.Memory
2024-11-12 13:41:19,789 INFO  EvoClassLoader - Instrumenting class 'libcore.io.Memory'.
2024-11-12 13:41:19,789 INFO  EvoClassLoader - Error while loading class: java.lang.ClassNotFoundException: Class 'libcore/io/Memory.class' should be in target project, but could not be found!
2024-11-12 13:41:19,789 INFO  EvoClassLoader - Seeing class for first time: org.robolectric.Robolectric
2024-11-12 13:41:19,789 INFO  EvoClassLoader - Instrumenting class 'org.robolectric.Robolectric'.
2024-11-12 13:41:19,789 INFO  EvoClassLoader - Error while loading class: java.lang.ClassNotFoundException: Class 'org/robolectric/Robolectric.class' should be in target project, but could not be found!
]]></system-out>
  </testcase>
  <testcase name="test27" classname="org.apache.hadoop.hdfs.server.namenode.snapshot.DirectorySnapshottableFeature_ESTest" time="0.055">
    <system-out><![CDATA[2024-11-12 13:41:19,798 INFO  FSDirectory - GLOBAL serial map: bits=29 maxEntries=536870911
2024-11-12 13:41:19,798 INFO  FSDirectory - USER serial map: bits=24 maxEntries=16777215
2024-11-12 13:41:19,798 INFO  FSDirectory - GROUP serial map: bits=24 maxEntries=16777215
2024-11-12 13:41:19,798 INFO  FSDirectory - XATTR serial map: bits=24 maxEntries=16777215
2024-11-12 13:41:19,808 INFO  EvoClassLoader - Seeing class for first time: org.apache.hadoop.mapred.JobConf
2024-11-12 13:41:19,808 INFO  EvoClassLoader - Instrumenting class 'org.apache.hadoop.mapred.JobConf'.
2024-11-12 13:41:19,809 INFO  EvoClassLoader - Error while loading class: java.lang.ClassNotFoundException: Class 'org/apache/hadoop/mapred/JobConf.class' should be in target project, but could not be found!
2024-11-12 13:41:19,813 INFO  EvoClassLoader - Seeing class for first time: org.mockito.configuration.MockitoConfiguration
2024-11-12 13:41:19,813 INFO  EvoClassLoader - Instrumenting class 'org.mockito.configuration.MockitoConfiguration'.
2024-11-12 13:41:19,813 INFO  EvoClassLoader - Error while loading class: java.lang.ClassNotFoundException: Class 'org/mockito/configuration/MockitoConfiguration.class' should be in target project, but could not be found!
2024-11-12 13:41:19,848 INFO  EvoClassLoader - Seeing class for first time: libcore.io.Memory
2024-11-12 13:41:19,848 INFO  EvoClassLoader - Instrumenting class 'libcore.io.Memory'.
2024-11-12 13:41:19,848 INFO  EvoClassLoader - Error while loading class: java.lang.ClassNotFoundException: Class 'libcore/io/Memory.class' should be in target project, but could not be found!
2024-11-12 13:41:19,848 INFO  EvoClassLoader - Seeing class for first time: org.robolectric.Robolectric
2024-11-12 13:41:19,848 INFO  EvoClassLoader - Instrumenting class 'org.robolectric.Robolectric'.
2024-11-12 13:41:19,848 INFO  EvoClassLoader - Error while loading class: java.lang.ClassNotFoundException: Class 'org/robolectric/Robolectric.class' should be in target project, but could not be found!
]]></system-out>
  </testcase>
  <testcase name="test04" classname="org.apache.hadoop.hdfs.server.namenode.snapshot.DirectorySnapshottableFeature_ESTest" time="0.059">
    <system-out><![CDATA[2024-11-12 13:41:19,853 INFO  FSDirectory - GLOBAL serial map: bits=29 maxEntries=536870911
2024-11-12 13:41:19,853 INFO  FSDirectory - USER serial map: bits=24 maxEntries=16777215
2024-11-12 13:41:19,853 INFO  FSDirectory - GROUP serial map: bits=24 maxEntries=16777215
2024-11-12 13:41:19,853 INFO  FSDirectory - XATTR serial map: bits=24 maxEntries=16777215
2024-11-12 13:41:19,863 INFO  EvoClassLoader - Seeing class for first time: org.apache.hadoop.mapred.JobConf
2024-11-12 13:41:19,863 INFO  EvoClassLoader - Instrumenting class 'org.apache.hadoop.mapred.JobConf'.
2024-11-12 13:41:19,863 INFO  EvoClassLoader - Error while loading class: java.lang.ClassNotFoundException: Class 'org/apache/hadoop/mapred/JobConf.class' should be in target project, but could not be found!
2024-11-12 13:41:19,866 INFO  EvoClassLoader - Seeing class for first time: org.mockito.configuration.MockitoConfiguration
2024-11-12 13:41:19,866 INFO  EvoClassLoader - Instrumenting class 'org.mockito.configuration.MockitoConfiguration'.
2024-11-12 13:41:19,874 INFO  EvoClassLoader - Error while loading class: java.lang.ClassNotFoundException: Class 'org/mockito/configuration/MockitoConfiguration.class' should be in target project, but could not be found!
2024-11-12 13:41:19,908 INFO  EvoClassLoader - Seeing class for first time: libcore.io.Memory
2024-11-12 13:41:19,908 INFO  EvoClassLoader - Instrumenting class 'libcore.io.Memory'.
2024-11-12 13:41:19,908 INFO  EvoClassLoader - Error while loading class: java.lang.ClassNotFoundException: Class 'libcore/io/Memory.class' should be in target project, but could not be found!
2024-11-12 13:41:19,908 INFO  EvoClassLoader - Seeing class for first time: org.robolectric.Robolectric
2024-11-12 13:41:19,908 INFO  EvoClassLoader - Instrumenting class 'org.robolectric.Robolectric'.
2024-11-12 13:41:19,908 INFO  EvoClassLoader - Error while loading class: java.lang.ClassNotFoundException: Class 'org/robolectric/Robolectric.class' should be in target project, but could not be found!
]]></system-out>
  </testcase>
  <testcase name="test26" classname="org.apache.hadoop.hdfs.server.namenode.snapshot.DirectorySnapshottableFeature_ESTest" time="0.05">
    <system-out><![CDATA[2024-11-12 13:41:19,911 INFO  FSDirectory - GLOBAL serial map: bits=29 maxEntries=536870911
2024-11-12 13:41:19,911 INFO  FSDirectory - USER serial map: bits=24 maxEntries=16777215
2024-11-12 13:41:19,912 INFO  FSDirectory - GROUP serial map: bits=24 maxEntries=16777215
2024-11-12 13:41:19,912 INFO  FSDirectory - XATTR serial map: bits=24 maxEntries=16777215
2024-11-12 13:41:19,920 INFO  EvoClassLoader - Seeing class for first time: org.apache.hadoop.mapred.JobConf
2024-11-12 13:41:19,920 INFO  EvoClassLoader - Instrumenting class 'org.apache.hadoop.mapred.JobConf'.
2024-11-12 13:41:19,920 INFO  EvoClassLoader - Error while loading class: java.lang.ClassNotFoundException: Class 'org/apache/hadoop/mapred/JobConf.class' should be in target project, but could not be found!
2024-11-12 13:41:19,923 INFO  EvoClassLoader - Seeing class for first time: org.mockito.configuration.MockitoConfiguration
2024-11-12 13:41:19,923 INFO  EvoClassLoader - Instrumenting class 'org.mockito.configuration.MockitoConfiguration'.
2024-11-12 13:41:19,923 INFO  EvoClassLoader - Error while loading class: java.lang.ClassNotFoundException: Class 'org/mockito/configuration/MockitoConfiguration.class' should be in target project, but could not be found!
2024-11-12 13:41:19,957 INFO  EvoClassLoader - Seeing class for first time: libcore.io.Memory
2024-11-12 13:41:19,957 INFO  EvoClassLoader - Instrumenting class 'libcore.io.Memory'.
2024-11-12 13:41:19,957 INFO  EvoClassLoader - Error while loading class: java.lang.ClassNotFoundException: Class 'libcore/io/Memory.class' should be in target project, but could not be found!
2024-11-12 13:41:19,957 INFO  EvoClassLoader - Seeing class for first time: org.robolectric.Robolectric
2024-11-12 13:41:19,957 INFO  EvoClassLoader - Instrumenting class 'org.robolectric.Robolectric'.
2024-11-12 13:41:19,957 INFO  EvoClassLoader - Error while loading class: java.lang.ClassNotFoundException: Class 'org/robolectric/Robolectric.class' should be in target project, but could not be found!
]]></system-out>
  </testcase>
  <testcase name="test21" classname="org.apache.hadoop.hdfs.server.namenode.snapshot.DirectorySnapshottableFeature_ESTest" time="0.078">
    <system-out><![CDATA[2024-11-12 13:41:19,970 INFO  FSDirectory - GLOBAL serial map: bits=29 maxEntries=536870911
2024-11-12 13:41:19,970 INFO  FSDirectory - USER serial map: bits=24 maxEntries=16777215
2024-11-12 13:41:19,970 INFO  FSDirectory - GROUP serial map: bits=24 maxEntries=16777215
2024-11-12 13:41:19,970 INFO  FSDirectory - XATTR serial map: bits=24 maxEntries=16777215
2024-11-12 13:41:19,995 INFO  EvoClassLoader - Seeing class for first time: org.apache.hadoop.mapred.JobConf
2024-11-12 13:41:19,995 INFO  EvoClassLoader - Instrumenting class 'org.apache.hadoop.mapred.JobConf'.
2024-11-12 13:41:19,995 INFO  EvoClassLoader - Error while loading class: java.lang.ClassNotFoundException: Class 'org/apache/hadoop/mapred/JobConf.class' should be in target project, but could not be found!
2024-11-12 13:41:19,998 INFO  EvoClassLoader - Seeing class for first time: org.mockito.configuration.MockitoConfiguration
2024-11-12 13:41:19,998 INFO  EvoClassLoader - Instrumenting class 'org.mockito.configuration.MockitoConfiguration'.
2024-11-12 13:41:19,998 INFO  EvoClassLoader - Error while loading class: java.lang.ClassNotFoundException: Class 'org/mockito/configuration/MockitoConfiguration.class' should be in target project, but could not be found!
2024-11-12 13:41:20,036 INFO  EvoClassLoader - Seeing class for first time: libcore.io.Memory
2024-11-12 13:41:20,036 INFO  EvoClassLoader - Instrumenting class 'libcore.io.Memory'.
2024-11-12 13:41:20,036 INFO  EvoClassLoader - Error while loading class: java.lang.ClassNotFoundException: Class 'libcore/io/Memory.class' should be in target project, but could not be found!
2024-11-12 13:41:20,036 INFO  EvoClassLoader - Seeing class for first time: org.robolectric.Robolectric
2024-11-12 13:41:20,036 INFO  EvoClassLoader - Instrumenting class 'org.robolectric.Robolectric'.
2024-11-12 13:41:20,036 INFO  EvoClassLoader - Error while loading class: java.lang.ClassNotFoundException: Class 'org/robolectric/Robolectric.class' should be in target project, but could not be found!
]]></system-out>
  </testcase>
  <testcase name="test20" classname="org.apache.hadoop.hdfs.server.namenode.snapshot.DirectorySnapshottableFeature_ESTest" time="0.064">
    <system-out><![CDATA[2024-11-12 13:41:20,039 INFO  FSDirectory - GLOBAL serial map: bits=29 maxEntries=536870911
2024-11-12 13:41:20,039 INFO  FSDirectory - USER serial map: bits=24 maxEntries=16777215
2024-11-12 13:41:20,039 INFO  FSDirectory - GROUP serial map: bits=24 maxEntries=16777215
2024-11-12 13:41:20,039 INFO  FSDirectory - XATTR serial map: bits=24 maxEntries=16777215
2024-11-12 13:41:20,050 INFO  EvoClassLoader - Seeing class for first time: org.apache.hadoop.mapred.JobConf
2024-11-12 13:41:20,050 INFO  EvoClassLoader - Instrumenting class 'org.apache.hadoop.mapred.JobConf'.
2024-11-12 13:41:20,050 INFO  EvoClassLoader - Error while loading class: java.lang.ClassNotFoundException: Class 'org/apache/hadoop/mapred/JobConf.class' should be in target project, but could not be found!
2024-11-12 13:41:20,058 INFO  EvoClassLoader - Seeing class for first time: org.mockito.configuration.MockitoConfiguration
2024-11-12 13:41:20,058 INFO  EvoClassLoader - Instrumenting class 'org.mockito.configuration.MockitoConfiguration'.
2024-11-12 13:41:20,058 INFO  EvoClassLoader - Error while loading class: java.lang.ClassNotFoundException: Class 'org/mockito/configuration/MockitoConfiguration.class' should be in target project, but could not be found!
2024-11-12 13:41:20,100 INFO  EvoClassLoader - Seeing class for first time: libcore.io.Memory
2024-11-12 13:41:20,100 INFO  EvoClassLoader - Instrumenting class 'libcore.io.Memory'.
2024-11-12 13:41:20,100 INFO  EvoClassLoader - Error while loading class: java.lang.ClassNotFoundException: Class 'libcore/io/Memory.class' should be in target project, but could not be found!
2024-11-12 13:41:20,100 INFO  EvoClassLoader - Seeing class for first time: org.robolectric.Robolectric
2024-11-12 13:41:20,100 INFO  EvoClassLoader - Instrumenting class 'org.robolectric.Robolectric'.
2024-11-12 13:41:20,100 INFO  EvoClassLoader - Error while loading class: java.lang.ClassNotFoundException: Class 'org/robolectric/Robolectric.class' should be in target project, but could not be found!
]]></system-out>
  </testcase>
  <testcase name="test01" classname="org.apache.hadoop.hdfs.server.namenode.snapshot.DirectorySnapshottableFeature_ESTest" time="0.055">
    <system-out><![CDATA[2024-11-12 13:41:20,103 INFO  FSDirectory - GLOBAL serial map: bits=29 maxEntries=536870911
2024-11-12 13:41:20,103 INFO  FSDirectory - USER serial map: bits=24 maxEntries=16777215
2024-11-12 13:41:20,103 INFO  FSDirectory - GROUP serial map: bits=24 maxEntries=16777215
2024-11-12 13:41:20,103 INFO  FSDirectory - XATTR serial map: bits=24 maxEntries=16777215
2024-11-12 13:41:20,115 INFO  EvoClassLoader - Seeing class for first time: org.apache.hadoop.mapred.JobConf
2024-11-12 13:41:20,115 INFO  EvoClassLoader - Instrumenting class 'org.apache.hadoop.mapred.JobConf'.
2024-11-12 13:41:20,115 INFO  EvoClassLoader - Error while loading class: java.lang.ClassNotFoundException: Class 'org/apache/hadoop/mapred/JobConf.class' should be in target project, but could not be found!
2024-11-12 13:41:20,118 INFO  EvoClassLoader - Seeing class for first time: org.mockito.configuration.MockitoConfiguration
2024-11-12 13:41:20,118 INFO  EvoClassLoader - Instrumenting class 'org.mockito.configuration.MockitoConfiguration'.
2024-11-12 13:41:20,119 INFO  EvoClassLoader - Error while loading class: java.lang.ClassNotFoundException: Class 'org/mockito/configuration/MockitoConfiguration.class' should be in target project, but could not be found!
2024-11-12 13:41:20,155 INFO  EvoClassLoader - Seeing class for first time: libcore.io.Memory
2024-11-12 13:41:20,155 INFO  EvoClassLoader - Instrumenting class 'libcore.io.Memory'.
2024-11-12 13:41:20,155 INFO  EvoClassLoader - Error while loading class: java.lang.ClassNotFoundException: Class 'libcore/io/Memory.class' should be in target project, but could not be found!
2024-11-12 13:41:20,155 INFO  EvoClassLoader - Seeing class for first time: org.robolectric.Robolectric
2024-11-12 13:41:20,155 INFO  EvoClassLoader - Instrumenting class 'org.robolectric.Robolectric'.
2024-11-12 13:41:20,156 INFO  EvoClassLoader - Error while loading class: java.lang.ClassNotFoundException: Class 'org/robolectric/Robolectric.class' should be in target project, but could not be found!
]]></system-out>
  </testcase>
  <testcase name="test23" classname="org.apache.hadoop.hdfs.server.namenode.snapshot.DirectorySnapshottableFeature_ESTest" time="0.056">
    <system-out><![CDATA[2024-11-12 13:41:20,159 INFO  FSDirectory - GLOBAL serial map: bits=29 maxEntries=536870911
2024-11-12 13:41:20,159 INFO  FSDirectory - USER serial map: bits=24 maxEntries=16777215
2024-11-12 13:41:20,159 INFO  FSDirectory - GROUP serial map: bits=24 maxEntries=16777215
2024-11-12 13:41:20,159 INFO  FSDirectory - XATTR serial map: bits=24 maxEntries=16777215
2024-11-12 13:41:20,169 INFO  EvoClassLoader - Seeing class for first time: org.apache.hadoop.mapred.JobConf
2024-11-12 13:41:20,169 INFO  EvoClassLoader - Instrumenting class 'org.apache.hadoop.mapred.JobConf'.
2024-11-12 13:41:20,169 INFO  EvoClassLoader - Error while loading class: java.lang.ClassNotFoundException: Class 'org/apache/hadoop/mapred/JobConf.class' should be in target project, but could not be found!
2024-11-12 13:41:20,172 INFO  EvoClassLoader - Seeing class for first time: org.mockito.configuration.MockitoConfiguration
2024-11-12 13:41:20,172 INFO  EvoClassLoader - Instrumenting class 'org.mockito.configuration.MockitoConfiguration'.
2024-11-12 13:41:20,172 INFO  EvoClassLoader - Error while loading class: java.lang.ClassNotFoundException: Class 'org/mockito/configuration/MockitoConfiguration.class' should be in target project, but could not be found!
2024-11-12 13:41:20,211 INFO  EvoClassLoader - Seeing class for first time: libcore.io.Memory
2024-11-12 13:41:20,211 INFO  EvoClassLoader - Instrumenting class 'libcore.io.Memory'.
2024-11-12 13:41:20,211 INFO  EvoClassLoader - Error while loading class: java.lang.ClassNotFoundException: Class 'libcore/io/Memory.class' should be in target project, but could not be found!
2024-11-12 13:41:20,211 INFO  EvoClassLoader - Seeing class for first time: org.robolectric.Robolectric
2024-11-12 13:41:20,211 INFO  EvoClassLoader - Instrumenting class 'org.robolectric.Robolectric'.
2024-11-12 13:41:20,211 INFO  EvoClassLoader - Error while loading class: java.lang.ClassNotFoundException: Class 'org/robolectric/Robolectric.class' should be in target project, but could not be found!
]]></system-out>
  </testcase>
  <testcase name="test00" classname="org.apache.hadoop.hdfs.server.namenode.snapshot.DirectorySnapshottableFeature_ESTest" time="0.054">
    <system-out><![CDATA[2024-11-12 13:41:20,214 INFO  FSDirectory - GLOBAL serial map: bits=29 maxEntries=536870911
2024-11-12 13:41:20,214 INFO  FSDirectory - USER serial map: bits=24 maxEntries=16777215
2024-11-12 13:41:20,214 INFO  FSDirectory - GROUP serial map: bits=24 maxEntries=16777215
2024-11-12 13:41:20,214 INFO  FSDirectory - XATTR serial map: bits=24 maxEntries=16777215
2024-11-12 13:41:20,225 INFO  EvoClassLoader - Seeing class for first time: org.apache.hadoop.mapred.JobConf
2024-11-12 13:41:20,225 INFO  EvoClassLoader - Instrumenting class 'org.apache.hadoop.mapred.JobConf'.
2024-11-12 13:41:20,225 INFO  EvoClassLoader - Error while loading class: java.lang.ClassNotFoundException: Class 'org/apache/hadoop/mapred/JobConf.class' should be in target project, but could not be found!
2024-11-12 13:41:20,228 INFO  EvoClassLoader - Seeing class for first time: org.mockito.configuration.MockitoConfiguration
2024-11-12 13:41:20,228 INFO  EvoClassLoader - Instrumenting class 'org.mockito.configuration.MockitoConfiguration'.
2024-11-12 13:41:20,228 INFO  EvoClassLoader - Error while loading class: java.lang.ClassNotFoundException: Class 'org/mockito/configuration/MockitoConfiguration.class' should be in target project, but could not be found!
2024-11-12 13:41:20,265 INFO  EvoClassLoader - Seeing class for first time: libcore.io.Memory
2024-11-12 13:41:20,265 INFO  EvoClassLoader - Instrumenting class 'libcore.io.Memory'.
2024-11-12 13:41:20,265 INFO  EvoClassLoader - Error while loading class: java.lang.ClassNotFoundException: Class 'libcore/io/Memory.class' should be in target project, but could not be found!
2024-11-12 13:41:20,265 INFO  EvoClassLoader - Seeing class for first time: org.robolectric.Robolectric
2024-11-12 13:41:20,265 INFO  EvoClassLoader - Instrumenting class 'org.robolectric.Robolectric'.
2024-11-12 13:41:20,266 INFO  EvoClassLoader - Error while loading class: java.lang.ClassNotFoundException: Class 'org/robolectric/Robolectric.class' should be in target project, but could not be found!
]]></system-out>
  </testcase>
  <testcase name="test22" classname="org.apache.hadoop.hdfs.server.namenode.snapshot.DirectorySnapshottableFeature_ESTest" time="0.059">
    <system-out><![CDATA[2024-11-12 13:41:20,269 INFO  FSDirectory - GLOBAL serial map: bits=29 maxEntries=536870911
2024-11-12 13:41:20,269 INFO  FSDirectory - USER serial map: bits=24 maxEntries=16777215
2024-11-12 13:41:20,269 INFO  FSDirectory - GROUP serial map: bits=24 maxEntries=16777215
2024-11-12 13:41:20,269 INFO  FSDirectory - XATTR serial map: bits=24 maxEntries=16777215
2024-11-12 13:41:20,281 INFO  EvoClassLoader - Seeing class for first time: org.apache.hadoop.mapred.JobConf
2024-11-12 13:41:20,281 INFO  EvoClassLoader - Instrumenting class 'org.apache.hadoop.mapred.JobConf'.
2024-11-12 13:41:20,281 INFO  EvoClassLoader - Error while loading class: java.lang.ClassNotFoundException: Class 'org/apache/hadoop/mapred/JobConf.class' should be in target project, but could not be found!
2024-11-12 13:41:20,286 INFO  EvoClassLoader - Seeing class for first time: org.mockito.configuration.MockitoConfiguration
2024-11-12 13:41:20,286 INFO  EvoClassLoader - Instrumenting class 'org.mockito.configuration.MockitoConfiguration'.
2024-11-12 13:41:20,286 INFO  EvoClassLoader - Error while loading class: java.lang.ClassNotFoundException: Class 'org/mockito/configuration/MockitoConfiguration.class' should be in target project, but could not be found!
2024-11-12 13:41:20,325 INFO  EvoClassLoader - Seeing class for first time: libcore.io.Memory
2024-11-12 13:41:20,325 INFO  EvoClassLoader - Instrumenting class 'libcore.io.Memory'.
2024-11-12 13:41:20,325 INFO  EvoClassLoader - Error while loading class: java.lang.ClassNotFoundException: Class 'libcore/io/Memory.class' should be in target project, but could not be found!
2024-11-12 13:41:20,325 INFO  EvoClassLoader - Seeing class for first time: org.robolectric.Robolectric
2024-11-12 13:41:20,325 INFO  EvoClassLoader - Instrumenting class 'org.robolectric.Robolectric'.
2024-11-12 13:41:20,325 INFO  EvoClassLoader - Error while loading class: java.lang.ClassNotFoundException: Class 'org/robolectric/Robolectric.class' should be in target project, but could not be found!
]]></system-out>
  </testcase>
</testsuite>