<?xml version="1.0" encoding="UTF-8"?>
<testsuite xmlns:xsi="http://www.w3.org/2001/XMLSchema-instance" xsi:noNamespaceSchemaLocation="https://maven.apache.org/surefire/maven-surefire-plugin/xsd/surefire-test-report-3.0.xsd" version="3.0" name="org.apache.hadoop.hdfs.tools.offlineImageViewer.FSImageLoader_ESTest" time="2.489" tests="15" errors="0" skipped="0" failures="0">
  <properties>
    <property name="awt.toolkit" value="sun.awt.X11.XToolkit"/>
    <property name="file.encoding.pkg" value="sun.io"/>
    <property name="java.specification.version" value="1.8"/>
    <property name="sun.cpu.isalist" value=""/>
    <property name="sun.jnu.encoding" value="UTF-8"/>
    <property name="java.class.path" value="/home/wtwhite/code/regression-test-generation-NON-SOURCE-EQUIV/find-diff-classes/compile/gaoss/org/apache/hadoop/hadoop-hdfs/3.3.5/target/test-classes:/home/wtwhite/code/regression-test-generation-NON-SOURCE-EQUIV/find-diff-classes/compile/gaoss/org/apache/hadoop/hadoop-hdfs/3.3.5/target/classes:/home/wtwhite/code/craw-redhat-oss/wget/crawl/google-aoss/org/apache/hadoop/hadoop-hdfs/3.3.5/hadoop-hdfs-3.3.5.jar:/home/wtwhite/code/regression-test-generation-NON-SOURCE-EQUIV/find-diff-classes/compile/gaoss/org/apache/hadoop/hadoop-hdfs/3.3.5/t/dependency/AppleJavaExtensions-1.4.jar:/home/wtwhite/code/regression-test-generation-NON-SOURCE-EQUIV/find-diff-classes/compile/gaoss/org/apache/hadoop/hadoop-hdfs/3.3.5/t/dependency/accessors-smart-2.4.7.jar:/home/wtwhite/code/regression-test-generation-NON-SOURCE-EQUIV/find-diff-classes/compile/gaoss/org/apache/hadoop/hadoop-hdfs/3.3.5/t/dependency/animal-sniffer-annotations-1.17.jar:/home/wtwhite/code/regression-test-generation-NON-SOURCE-EQUIV/find-diff-classes/compile/gaoss/org/apache/hadoop/hadoop-hdfs/3.3.5/t/dependency/asm-5.0.4.jar:/home/wtwhite/code/regression-test-generation-NON-SOURCE-EQUIV/find-diff-classes/compile/gaoss/org/apache/hadoop/hadoop-hdfs/3.3.5/t/dependency/asm-commons-5.0.2.jar:/home/wtwhite/code/regression-test-generation-NON-SOURCE-EQUIV/find-diff-classes/compile/gaoss/org/apache/hadoop/hadoop-hdfs/3.3.5/t/dependency/asm-debug-all-5.0.2.jar:/home/wtwhite/code/regression-test-generation-NON-SOURCE-EQUIV/find-diff-classes/compile/gaoss/org/apache/hadoop/hadoop-hdfs/3.3.5/t/dependency/asm-tree-5.0.2.jar:/home/wtwhite/code/regression-test-generation-NON-SOURCE-EQUIV/find-diff-classes/compile/gaoss/org/apache/hadoop/hadoop-hdfs/3.3.5/t/dependency/assertj-core-3.12.2.jar:/home/wtwhite/code/regression-test-generation-NON-SOURCE-EQUIV/find-diff-classes/compile/gaoss/org/apache/hadoop/hadoop-hdfs/3.3.5/t/dependency/audience-annotations-0.5.0.jar:/home/wtwhite/code/regression-test-generation-NON-SOURCE-EQUIV/find-diff-classes/compile/gaoss/org/apache/hadoop/hadoop-hdfs/3.3.5/t/dependency/avro-1.7.7.jar:/home/wtwhite/code/regression-test-generation-NON-SOURCE-EQUIV/find-diff-classes/compile/gaoss/org/apache/hadoop/hadoop-hdfs/3.3.5/t/dependency/bcel-findbugs-6.0.jar:/home/wtwhite/code/regression-test-generation-NON-SOURCE-EQUIV/find-diff-classes/compile/gaoss/org/apache/hadoop/hadoop-hdfs/3.3.5/t/dependency/bcprov-jdk15on-1.68.jar:/home/wtwhite/code/regression-test-generation-NON-SOURCE-EQUIV/find-diff-classes/compile/gaoss/org/apache/hadoop/hadoop-hdfs/3.3.5/t/dependency/byte-buddy-1.9.10.jar:/home/wtwhite/code/regression-test-generation-NON-SOURCE-EQUIV/find-diff-classes/compile/gaoss/org/apache/hadoop/hadoop-hdfs/3.3.5/t/dependency/byte-buddy-agent-1.9.10.jar:/home/wtwhite/code/regression-test-generation-NON-SOURCE-EQUIV/find-diff-classes/compile/gaoss/org/apache/hadoop/hadoop-hdfs/3.3.5/t/dependency/checker-qual-2.5.2.jar:/home/wtwhite/code/regression-test-generation-NON-SOURCE-EQUIV/find-diff-classes/compile/gaoss/org/apache/hadoop/hadoop-hdfs/3.3.5/t/dependency/commons-beanutils-1.9.4.jar:/home/wtwhite/code/regression-test-generation-NON-SOURCE-EQUIV/find-diff-classes/compile/gaoss/org/apache/hadoop/hadoop-hdfs/3.3.5/t/dependency/commons-cli-1.2.jar:/home/wtwhite/code/regression-test-generation-NON-SOURCE-EQUIV/find-diff-classes/compile/gaoss/org/apache/hadoop/hadoop-hdfs/3.3.5/t/dependency/commons-codec-1.15.jar:/home/wtwhite/code/regression-test-generation-NON-SOURCE-EQUIV/find-diff-classes/compile/gaoss/org/apache/hadoop/hadoop-hdfs/3.3.5/t/dependency/commons-collections-3.2.2.jar:/home/wtwhite/code/regression-test-generation-NON-SOURCE-EQUIV/find-diff-classes/compile/gaoss/org/apache/hadoop/hadoop-hdfs/3.3.5/t/dependency/commons-compress-1.21.jar:/home/wtwhite/code/regression-test-generation-NON-SOURCE-EQUIV/find-diff-classes/compile/gaoss/org/apache/hadoop/hadoop-hdfs/3.3.5/t/dependency/commons-configuration2-2.8.0.jar:/home/wtwhite/code/regression-test-generation-NON-SOURCE-EQUIV/find-diff-classes/compile/gaoss/org/apache/hadoop/hadoop-hdfs/3.3.5/t/dependency/commons-daemon-1.0.13.jar:/home/wtwhite/code/regression-test-generation-NON-SOURCE-EQUIV/find-diff-classes/compile/gaoss/org/apache/hadoop/hadoop-hdfs/3.3.5/t/dependency/commons-io-2.8.0.jar:/home/wtwhite/code/regression-test-generation-NON-SOURCE-EQUIV/find-diff-classes/compile/gaoss/org/apache/hadoop/hadoop-hdfs/3.3.5/t/dependency/commons-lang-2.6.jar:/home/wtwhite/code/regression-test-generation-NON-SOURCE-EQUIV/find-diff-classes/compile/gaoss/org/apache/hadoop/hadoop-hdfs/3.3.5/t/dependency/commons-lang3-3.12.0.jar:/home/wtwhite/code/regression-test-generation-NON-SOURCE-EQUIV/find-diff-classes/compile/gaoss/org/apache/hadoop/hadoop-hdfs/3.3.5/t/dependency/commons-logging-1.1.3.jar:/home/wtwhite/code/regression-test-generation-NON-SOURCE-EQUIV/find-diff-classes/compile/gaoss/org/apache/hadoop/hadoop-hdfs/3.3.5/t/dependency/commons-math3-3.1.1.jar:/home/wtwhite/code/regression-test-generation-NON-SOURCE-EQUIV/find-diff-classes/compile/gaoss/org/apache/hadoop/hadoop-hdfs/3.3.5/t/dependency/commons-net-3.9.0.jar:/home/wtwhite/code/regression-test-generation-NON-SOURCE-EQUIV/find-diff-classes/compile/gaoss/org/apache/hadoop/hadoop-hdfs/3.3.5/t/dependency/commons-text-1.10.0.jar:/home/wtwhite/code/regression-test-generation-NON-SOURCE-EQUIV/find-diff-classes/compile/gaoss/org/apache/hadoop/hadoop-hdfs/3.3.5/t/dependency/curator-client-4.2.0.jar:/home/wtwhite/code/regression-test-generation-NON-SOURCE-EQUIV/find-diff-classes/compile/gaoss/org/apache/hadoop/hadoop-hdfs/3.3.5/t/dependency/curator-framework-4.2.0.jar:/home/wtwhite/code/regression-test-generation-NON-SOURCE-EQUIV/find-diff-classes/compile/gaoss/org/apache/hadoop/hadoop-hdfs/3.3.5/t/dependency/curator-recipes-4.2.0.jar:/home/wtwhite/code/regression-test-generation-NON-SOURCE-EQUIV/find-diff-classes/compile/gaoss/org/apache/hadoop/hadoop-hdfs/3.3.5/t/dependency/curator-test-4.2.0.jar:/home/wtwhite/code/regression-test-generation-NON-SOURCE-EQUIV/find-diff-classes/compile/gaoss/org/apache/hadoop/hadoop-hdfs/3.3.5/t/dependency/dnsjava-2.1.7.jar:/home/wtwhite/code/regression-test-generation-NON-SOURCE-EQUIV/find-diff-classes/compile/gaoss/org/apache/hadoop/hadoop-hdfs/3.3.5/t/dependency/dom4j-1.6.1.jar:/home/wtwhite/code/regression-test-generation-NON-SOURCE-EQUIV/find-diff-classes/compile/gaoss/org/apache/hadoop/hadoop-hdfs/3.3.5/t/dependency/failureaccess-1.0.jar:/home/wtwhite/code/regression-test-generation-NON-SOURCE-EQUIV/find-diff-classes/compile/gaoss/org/apache/hadoop/hadoop-hdfs/3.3.5/t/dependency/findbugs-3.0.1.jar:/home/wtwhite/code/regression-test-generation-NON-SOURCE-EQUIV/find-diff-classes/compile/gaoss/org/apache/hadoop/hadoop-hdfs/3.3.5/t/dependency/gson-2.9.0.jar:/home/wtwhite/code/regression-test-generation-NON-SOURCE-EQUIV/find-diff-classes/compile/gaoss/org/apache/hadoop/hadoop-hdfs/3.3.5/t/dependency/guava-27.0-jre.jar:/home/wtwhite/code/regression-test-generation-NON-SOURCE-EQUIV/find-diff-classes/compile/gaoss/org/apache/hadoop/hadoop-hdfs/3.3.5/t/dependency/hadoop-annotations-3.3.5.jar:/home/wtwhite/code/regression-test-generation-NON-SOURCE-EQUIV/find-diff-classes/compile/gaoss/org/apache/hadoop/hadoop-hdfs/3.3.5/t/dependency/hadoop-auth-3.3.5.jar:/home/wtwhite/code/regression-test-generation-NON-SOURCE-EQUIV/find-diff-classes/compile/gaoss/org/apache/hadoop/hadoop-hdfs/3.3.5/t/dependency/hadoop-common-3.3.5-tests.jar:/home/wtwhite/code/regression-test-generation-NON-SOURCE-EQUIV/find-diff-classes/compile/gaoss/org/apache/hadoop/hadoop-hdfs/3.3.5/t/dependency/hadoop-common-3.3.5.jar:/home/wtwhite/code/regression-test-generation-NON-SOURCE-EQUIV/find-diff-classes/compile/gaoss/org/apache/hadoop/hadoop-hdfs/3.3.5/t/dependency/hadoop-hdfs-client-3.3.5.jar:/home/wtwhite/code/regression-test-generation-NON-SOURCE-EQUIV/find-diff-classes/compile/gaoss/org/apache/hadoop/hadoop-hdfs/3.3.5/t/dependency/hadoop-kms-3.3.5-tests.jar:/home/wtwhite/code/regression-test-generation-NON-SOURCE-EQUIV/find-diff-classes/compile/gaoss/org/apache/hadoop/hadoop-hdfs/3.3.5/t/dependency/hadoop-kms-3.3.5.jar:/home/wtwhite/code/regression-test-generation-NON-SOURCE-EQUIV/find-diff-classes/compile/gaoss/org/apache/hadoop/hadoop-hdfs/3.3.5/t/dependency/hadoop-minikdc-3.3.5.jar:/home/wtwhite/code/regression-test-generation-NON-SOURCE-EQUIV/find-diff-classes/compile/gaoss/org/apache/hadoop/hadoop-hdfs/3.3.5/t/dependency/hadoop-shaded-guava-1.1.1.jar:/home/wtwhite/code/regression-test-generation-NON-SOURCE-EQUIV/find-diff-classes/compile/gaoss/org/apache/hadoop/hadoop-hdfs/3.3.5/t/dependency/hadoop-shaded-protobuf_3_7-1.1.1.jar:/home/wtwhite/code/regression-test-generation-NON-SOURCE-EQUIV/find-diff-classes/compile/gaoss/org/apache/hadoop/hadoop-hdfs/3.3.5/t/dependency/hamcrest-core-1.3.jar:/home/wtwhite/code/regression-test-generation-NON-SOURCE-EQUIV/find-diff-classes/compile/gaoss/org/apache/hadoop/hadoop-hdfs/3.3.5/t/dependency/httpclient-4.5.13.jar:/home/wtwhite/code/regression-test-generation-NON-SOURCE-EQUIV/find-diff-classes/compile/gaoss/org/apache/hadoop/hadoop-hdfs/3.3.5/t/dependency/httpcore-4.4.13.jar:/home/wtwhite/code/regression-test-generation-NON-SOURCE-EQUIV/find-diff-classes/compile/gaoss/org/apache/hadoop/hadoop-hdfs/3.3.5/t/dependency/j2objc-annotations-1.1.jar:/home/wtwhite/code/regression-test-generation-NON-SOURCE-EQUIV/find-diff-classes/compile/gaoss/org/apache/hadoop/hadoop-hdfs/3.3.5/t/dependency/jFormatString-2.0.1.jar:/home/wtwhite/code/regression-test-generation-NON-SOURCE-EQUIV/find-diff-classes/compile/gaoss/org/apache/hadoop/hadoop-hdfs/3.3.5/t/dependency/jackson-annotations-2.12.7.jar:/home/wtwhite/code/regression-test-generation-NON-SOURCE-EQUIV/find-diff-classes/compile/gaoss/org/apache/hadoop/hadoop-hdfs/3.3.5/t/dependency/jackson-core-2.12.7.jar:/home/wtwhite/code/regression-test-generation-NON-SOURCE-EQUIV/find-diff-classes/compile/gaoss/org/apache/hadoop/hadoop-hdfs/3.3.5/t/dependency/jackson-core-asl-1.9.13.jar:/home/wtwhite/code/regression-test-generation-NON-SOURCE-EQUIV/find-diff-classes/compile/gaoss/org/apache/hadoop/hadoop-hdfs/3.3.5/t/dependency/jackson-databind-2.12.7.1.jar:/home/wtwhite/code/regression-test-generation-NON-SOURCE-EQUIV/find-diff-classes/compile/gaoss/org/apache/hadoop/hadoop-hdfs/3.3.5/t/dependency/jackson-mapper-asl-1.9.13.jar:/home/wtwhite/code/regression-test-generation-NON-SOURCE-EQUIV/find-diff-classes/compile/gaoss/org/apache/hadoop/hadoop-hdfs/3.3.5/t/dependency/jakarta.activation-api-1.2.1.jar:/home/wtwhite/code/regression-test-generation-NON-SOURCE-EQUIV/find-diff-classes/compile/gaoss/org/apache/hadoop/hadoop-hdfs/3.3.5/t/dependency/javax.servlet-api-3.1.0.jar:/home/wtwhite/code/regression-test-generation-NON-SOURCE-EQUIV/find-diff-classes/compile/gaoss/org/apache/hadoop/hadoop-hdfs/3.3.5/t/dependency/jaxb-api-2.2.11.jar:/home/wtwhite/code/regression-test-generation-NON-SOURCE-EQUIV/find-diff-classes/compile/gaoss/org/apache/hadoop/hadoop-hdfs/3.3.5/t/dependency/jaxb-impl-2.2.3-1.jar:/home/wtwhite/code/regression-test-generation-NON-SOURCE-EQUIV/find-diff-classes/compile/gaoss/org/apache/hadoop/hadoop-hdfs/3.3.5/t/dependency/jaxen-1.1.6.jar:/home/wtwhite/code/regression-test-generation-NON-SOURCE-EQUIV/find-diff-classes/compile/gaoss/org/apache/hadoop/hadoop-hdfs/3.3.5/t/dependency/jcip-annotations-1.0-1.jar:/home/wtwhite/code/regression-test-generation-NON-SOURCE-EQUIV/find-diff-classes/compile/gaoss/org/apache/hadoop/hadoop-hdfs/3.3.5/t/dependency/jcip-annotations-1.0.jar:/home/wtwhite/code/regression-test-generation-NON-SOURCE-EQUIV/find-diff-classes/compile/gaoss/org/apache/hadoop/hadoop-hdfs/3.3.5/t/dependency/jdk.tools-1.8.jar:/home/wtwhite/code/regression-test-generation-NON-SOURCE-EQUIV/find-diff-classes/compile/gaoss/org/apache/hadoop/hadoop-hdfs/3.3.5/t/dependency/jersey-core-1.19.4.jar:/home/wtwhite/code/regression-test-generation-NON-SOURCE-EQUIV/find-diff-classes/compile/gaoss/org/apache/hadoop/hadoop-hdfs/3.3.5/t/dependency/jersey-json-1.20.jar:/home/wtwhite/code/regression-test-generation-NON-SOURCE-EQUIV/find-diff-classes/compile/gaoss/org/apache/hadoop/hadoop-hdfs/3.3.5/t/dependency/jersey-server-1.19.4.jar:/home/wtwhite/code/regression-test-generation-NON-SOURCE-EQUIV/find-diff-classes/compile/gaoss/org/apache/hadoop/hadoop-hdfs/3.3.5/t/dependency/jersey-servlet-1.19.4.jar:/home/wtwhite/code/regression-test-generation-NON-SOURCE-EQUIV/find-diff-classes/compile/gaoss/org/apache/hadoop/hadoop-hdfs/3.3.5/t/dependency/jettison-1.5.3.jar:/home/wtwhite/code/regression-test-generation-NON-SOURCE-EQUIV/find-diff-classes/compile/gaoss/org/apache/hadoop/hadoop-hdfs/3.3.5/t/dependency/jetty-http-9.4.48.v20220622.jar:/home/wtwhite/code/regression-test-generation-NON-SOURCE-EQUIV/find-diff-classes/compile/gaoss/org/apache/hadoop/hadoop-hdfs/3.3.5/t/dependency/jetty-io-9.4.48.v20220622.jar:/home/wtwhite/code/regression-test-generation-NON-SOURCE-EQUIV/find-diff-classes/compile/gaoss/org/apache/hadoop/hadoop-hdfs/3.3.5/t/dependency/jetty-security-9.4.48.v20220622.jar:/home/wtwhite/code/regression-test-generation-NON-SOURCE-EQUIV/find-diff-classes/compile/gaoss/org/apache/hadoop/hadoop-hdfs/3.3.5/t/dependency/jetty-server-9.4.48.v20220622.jar:/home/wtwhite/code/regression-test-generation-NON-SOURCE-EQUIV/find-diff-classes/compile/gaoss/org/apache/hadoop/hadoop-hdfs/3.3.5/t/dependency/jetty-servlet-9.4.48.v20220622.jar:/home/wtwhite/code/regression-test-generation-NON-SOURCE-EQUIV/find-diff-classes/compile/gaoss/org/apache/hadoop/hadoop-hdfs/3.3.5/t/dependency/jetty-util-9.4.48.v20220622.jar:/home/wtwhite/code/regression-test-generation-NON-SOURCE-EQUIV/find-diff-classes/compile/gaoss/org/apache/hadoop/hadoop-hdfs/3.3.5/t/dependency/jetty-util-ajax-9.4.48.v20220622.jar:/home/wtwhite/code/regression-test-generation-NON-SOURCE-EQUIV/find-diff-classes/compile/gaoss/org/apache/hadoop/hadoop-hdfs/3.3.5/t/dependency/jetty-webapp-9.4.48.v20220622.jar:/home/wtwhite/code/regression-test-generation-NON-SOURCE-EQUIV/find-diff-classes/compile/gaoss/org/apache/hadoop/hadoop-hdfs/3.3.5/t/dependency/jetty-xml-9.4.48.v20220622.jar:/home/wtwhite/code/regression-test-generation-NON-SOURCE-EQUIV/find-diff-classes/compile/gaoss/org/apache/hadoop/hadoop-hdfs/3.3.5/t/dependency/jsch-0.1.55.jar:/home/wtwhite/code/regression-test-generation-NON-SOURCE-EQUIV/find-diff-classes/compile/gaoss/org/apache/hadoop/hadoop-hdfs/3.3.5/t/dependency/json-smart-2.4.7.jar:/home/wtwhite/code/regression-test-generation-NON-SOURCE-EQUIV/find-diff-classes/compile/gaoss/org/apache/hadoop/hadoop-hdfs/3.3.5/t/dependency/jsp-api-2.1.jar:/home/wtwhite/code/regression-test-generation-NON-SOURCE-EQUIV/find-diff-classes/compile/gaoss/org/apache/hadoop/hadoop-hdfs/3.3.5/t/dependency/jsr305-3.0.2.jar:/home/wtwhite/code/regression-test-generation-NON-SOURCE-EQUIV/find-diff-classes/compile/gaoss/org/apache/hadoop/hadoop-hdfs/3.3.5/t/dependency/jsr311-api-1.1.1.jar:/home/wtwhite/code/regression-test-generation-NON-SOURCE-EQUIV/find-diff-classes/compile/gaoss/org/apache/hadoop/hadoop-hdfs/3.3.5/t/dependency/jul-to-slf4j-1.7.36.jar:/home/wtwhite/code/regression-test-generation-NON-SOURCE-EQUIV/find-diff-classes/compile/gaoss/org/apache/hadoop/hadoop-hdfs/3.3.5/t/dependency/junit-4.13.2.jar:/home/wtwhite/code/regression-test-generation-NON-SOURCE-EQUIV/find-diff-classes/compile/gaoss/org/apache/hadoop/hadoop-hdfs/3.3.5/t/dependency/kerb-admin-1.0.1.jar:/home/wtwhite/code/regression-test-generation-NON-SOURCE-EQUIV/find-diff-classes/compile/gaoss/org/apache/hadoop/hadoop-hdfs/3.3.5/t/dependency/kerb-client-1.0.1.jar:/home/wtwhite/code/regression-test-generation-NON-SOURCE-EQUIV/find-diff-classes/compile/gaoss/org/apache/hadoop/hadoop-hdfs/3.3.5/t/dependency/kerb-common-1.0.1.jar:/home/wtwhite/code/regression-test-generation-NON-SOURCE-EQUIV/find-diff-classes/compile/gaoss/org/apache/hadoop/hadoop-hdfs/3.3.5/t/dependency/kerb-core-1.0.1.jar:/home/wtwhite/code/regression-test-generation-NON-SOURCE-EQUIV/find-diff-classes/compile/gaoss/org/apache/hadoop/hadoop-hdfs/3.3.5/t/dependency/kerb-crypto-1.0.1.jar:/home/wtwhite/code/regression-test-generation-NON-SOURCE-EQUIV/find-diff-classes/compile/gaoss/org/apache/hadoop/hadoop-hdfs/3.3.5/t/dependency/kerb-identity-1.0.1.jar:/home/wtwhite/code/regression-test-generation-NON-SOURCE-EQUIV/find-diff-classes/compile/gaoss/org/apache/hadoop/hadoop-hdfs/3.3.5/t/dependency/kerb-server-1.0.1.jar:/home/wtwhite/code/regression-test-generation-NON-SOURCE-EQUIV/find-diff-classes/compile/gaoss/org/apache/hadoop/hadoop-hdfs/3.3.5/t/dependency/kerb-simplekdc-1.0.1.jar:/home/wtwhite/code/regression-test-generation-NON-SOURCE-EQUIV/find-diff-classes/compile/gaoss/org/apache/hadoop/hadoop-hdfs/3.3.5/t/dependency/kerb-util-1.0.1.jar:/home/wtwhite/code/regression-test-generation-NON-SOURCE-EQUIV/find-diff-classes/compile/gaoss/org/apache/hadoop/hadoop-hdfs/3.3.5/t/dependency/kerby-asn1-1.0.1.jar:/home/wtwhite/code/regression-test-generation-NON-SOURCE-EQUIV/find-diff-classes/compile/gaoss/org/apache/hadoop/hadoop-hdfs/3.3.5/t/dependency/kerby-config-1.0.1.jar:/home/wtwhite/code/regression-test-generation-NON-SOURCE-EQUIV/find-diff-classes/compile/gaoss/org/apache/hadoop/hadoop-hdfs/3.3.5/t/dependency/kerby-pkix-1.0.1.jar:/home/wtwhite/code/regression-test-generation-NON-SOURCE-EQUIV/find-diff-classes/compile/gaoss/org/apache/hadoop/hadoop-hdfs/3.3.5/t/dependency/kerby-util-1.0.1.jar:/home/wtwhite/code/regression-test-generation-NON-SOURCE-EQUIV/find-diff-classes/compile/gaoss/org/apache/hadoop/hadoop-hdfs/3.3.5/t/dependency/kerby-xdr-1.0.1.jar:/home/wtwhite/code/regression-test-generation-NON-SOURCE-EQUIV/find-diff-classes/compile/gaoss/org/apache/hadoop/hadoop-hdfs/3.3.5/t/dependency/kotlin-stdlib-1.4.10.jar:/home/wtwhite/code/regression-test-generation-NON-SOURCE-EQUIV/find-diff-classes/compile/gaoss/org/apache/hadoop/hadoop-hdfs/3.3.5/t/dependency/kotlin-stdlib-common-1.4.10.jar:/home/wtwhite/code/regression-test-generation-NON-SOURCE-EQUIV/find-diff-classes/compile/gaoss/org/apache/hadoop/hadoop-hdfs/3.3.5/t/dependency/leveldbjni-all-1.8.jar:/home/wtwhite/code/regression-test-generation-NON-SOURCE-EQUIV/find-diff-classes/compile/gaoss/org/apache/hadoop/hadoop-hdfs/3.3.5/t/dependency/listenablefuture-9999.0-empty-to-avoid-conflict-with-guava.jar:/home/wtwhite/code/regression-test-generation-NON-SOURCE-EQUIV/find-diff-classes/compile/gaoss/org/apache/hadoop/hadoop-hdfs/3.3.5/t/dependency/lz4-java-1.7.1.jar:/home/wtwhite/code/regression-test-generation-NON-SOURCE-EQUIV/find-diff-classes/compile/gaoss/org/apache/hadoop/hadoop-hdfs/3.3.5/t/dependency/metrics-core-3.2.4.jar:/home/wtwhite/code/regression-test-generation-NON-SOURCE-EQUIV/find-diff-classes/compile/gaoss/org/apache/hadoop/hadoop-hdfs/3.3.5/t/dependency/mockito-core-2.28.2.jar:/home/wtwhite/code/regression-test-generation-NON-SOURCE-EQUIV/find-diff-classes/compile/gaoss/org/apache/hadoop/hadoop-hdfs/3.3.5/t/dependency/netty-3.10.6.Final.jar:/home/wtwhite/code/regression-test-generation-NON-SOURCE-EQUIV/find-diff-classes/compile/gaoss/org/apache/hadoop/hadoop-hdfs/3.3.5/t/dependency/netty-all-4.1.77.Final.jar:/home/wtwhite/code/regression-test-generation-NON-SOURCE-EQUIV/find-diff-classes/compile/gaoss/org/apache/hadoop/hadoop-hdfs/3.3.5/t/dependency/netty-buffer-4.1.77.Final.jar:/home/wtwhite/code/regression-test-generation-NON-SOURCE-EQUIV/find-diff-classes/compile/gaoss/org/apache/hadoop/hadoop-hdfs/3.3.5/t/dependency/netty-codec-4.1.77.Final.jar:/home/wtwhite/code/regression-test-generation-NON-SOURCE-EQUIV/find-diff-classes/compile/gaoss/org/apache/hadoop/hadoop-hdfs/3.3.5/t/dependency/netty-codec-dns-4.1.77.Final.jar:/home/wtwhite/code/regression-test-generation-NON-SOURCE-EQUIV/find-diff-classes/compile/gaoss/org/apache/hadoop/hadoop-hdfs/3.3.5/t/dependency/netty-codec-haproxy-4.1.77.Final.jar:/home/wtwhite/code/regression-test-generation-NON-SOURCE-EQUIV/find-diff-classes/compile/gaoss/org/apache/hadoop/hadoop-hdfs/3.3.5/t/dependency/netty-codec-http-4.1.77.Final.jar:/home/wtwhite/code/regression-test-generation-NON-SOURCE-EQUIV/find-diff-classes/compile/gaoss/org/apache/hadoop/hadoop-hdfs/3.3.5/t/dependency/netty-codec-http2-4.1.77.Final.jar:/home/wtwhite/code/regression-test-generation-NON-SOURCE-EQUIV/find-diff-classes/compile/gaoss/org/apache/hadoop/hadoop-hdfs/3.3.5/t/dependency/netty-codec-memcache-4.1.77.Final.jar:/home/wtwhite/code/regression-test-generation-NON-SOURCE-EQUIV/find-diff-classes/compile/gaoss/org/apache/hadoop/hadoop-hdfs/3.3.5/t/dependency/netty-codec-mqtt-4.1.77.Final.jar:/home/wtwhite/code/regression-test-generation-NON-SOURCE-EQUIV/find-diff-classes/compile/gaoss/org/apache/hadoop/hadoop-hdfs/3.3.5/t/dependency/netty-codec-redis-4.1.77.Final.jar:/home/wtwhite/code/regression-test-generation-NON-SOURCE-EQUIV/find-diff-classes/compile/gaoss/org/apache/hadoop/hadoop-hdfs/3.3.5/t/dependency/netty-codec-smtp-4.1.77.Final.jar:/home/wtwhite/code/regression-test-generation-NON-SOURCE-EQUIV/find-diff-classes/compile/gaoss/org/apache/hadoop/hadoop-hdfs/3.3.5/t/dependency/netty-codec-socks-4.1.77.Final.jar:/home/wtwhite/code/regression-test-generation-NON-SOURCE-EQUIV/find-diff-classes/compile/gaoss/org/apache/hadoop/hadoop-hdfs/3.3.5/t/dependency/netty-codec-stomp-4.1.77.Final.jar:/home/wtwhite/code/regression-test-generation-NON-SOURCE-EQUIV/find-diff-classes/compile/gaoss/org/apache/hadoop/hadoop-hdfs/3.3.5/t/dependency/netty-codec-xml-4.1.77.Final.jar:/home/wtwhite/code/regression-test-generation-NON-SOURCE-EQUIV/find-diff-classes/compile/gaoss/org/apache/hadoop/hadoop-hdfs/3.3.5/t/dependency/netty-common-4.1.77.Final.jar:/home/wtwhite/code/regression-test-generation-NON-SOURCE-EQUIV/find-diff-classes/compile/gaoss/org/apache/hadoop/hadoop-hdfs/3.3.5/t/dependency/netty-handler-4.1.77.Final.jar:/home/wtwhite/code/regression-test-generation-NON-SOURCE-EQUIV/find-diff-classes/compile/gaoss/org/apache/hadoop/hadoop-hdfs/3.3.5/t/dependency/netty-handler-proxy-4.1.77.Final.jar:/home/wtwhite/code/regression-test-generation-NON-SOURCE-EQUIV/find-diff-classes/compile/gaoss/org/apache/hadoop/hadoop-hdfs/3.3.5/t/dependency/netty-resolver-4.1.77.Final.jar:/home/wtwhite/code/regression-test-generation-NON-SOURCE-EQUIV/find-diff-classes/compile/gaoss/org/apache/hadoop/hadoop-hdfs/3.3.5/t/dependency/netty-resolver-dns-4.1.77.Final.jar:/home/wtwhite/code/regression-test-generation-NON-SOURCE-EQUIV/find-diff-classes/compile/gaoss/org/apache/hadoop/hadoop-hdfs/3.3.5/t/dependency/netty-resolver-dns-classes-macos-4.1.77.Final.jar:/home/wtwhite/code/regression-test-generation-NON-SOURCE-EQUIV/find-diff-classes/compile/gaoss/org/apache/hadoop/hadoop-hdfs/3.3.5/t/dependency/netty-resolver-dns-native-macos-4.1.77.Final-osx-aarch_64.jar:/home/wtwhite/code/regression-test-generation-NON-SOURCE-EQUIV/find-diff-classes/compile/gaoss/org/apache/hadoop/hadoop-hdfs/3.3.5/t/dependency/netty-resolver-dns-native-macos-4.1.77.Final-osx-x86_64.jar:/home/wtwhite/code/regression-test-generation-NON-SOURCE-EQUIV/find-diff-classes/compile/gaoss/org/apache/hadoop/hadoop-hdfs/3.3.5/t/dependency/netty-transport-4.1.77.Final.jar:/home/wtwhite/code/regression-test-generation-NON-SOURCE-EQUIV/find-diff-classes/compile/gaoss/org/apache/hadoop/hadoop-hdfs/3.3.5/t/dependency/netty-transport-classes-epoll-4.1.77.Final.jar:/home/wtwhite/code/regression-test-generation-NON-SOURCE-EQUIV/find-diff-classes/compile/gaoss/org/apache/hadoop/hadoop-hdfs/3.3.5/t/dependency/netty-transport-classes-kqueue-4.1.77.Final.jar:/home/wtwhite/code/regression-test-generation-NON-SOURCE-EQUIV/find-diff-classes/compile/gaoss/org/apache/hadoop/hadoop-hdfs/3.3.5/t/dependency/netty-transport-native-epoll-4.1.77.Final-linux-aarch_64.jar:/home/wtwhite/code/regression-test-generation-NON-SOURCE-EQUIV/find-diff-classes/compile/gaoss/org/apache/hadoop/hadoop-hdfs/3.3.5/t/dependency/netty-transport-native-epoll-4.1.77.Final-linux-x86_64.jar:/home/wtwhite/code/regression-test-generation-NON-SOURCE-EQUIV/find-diff-classes/compile/gaoss/org/apache/hadoop/hadoop-hdfs/3.3.5/t/dependency/netty-transport-native-kqueue-4.1.77.Final-osx-aarch_64.jar:/home/wtwhite/code/regression-test-generation-NON-SOURCE-EQUIV/find-diff-classes/compile/gaoss/org/apache/hadoop/hadoop-hdfs/3.3.5/t/dependency/netty-transport-native-kqueue-4.1.77.Final-osx-x86_64.jar:/home/wtwhite/code/regression-test-generation-NON-SOURCE-EQUIV/find-diff-classes/compile/gaoss/org/apache/hadoop/hadoop-hdfs/3.3.5/t/dependency/netty-transport-native-unix-common-4.1.77.Final.jar:/home/wtwhite/code/regression-test-generation-NON-SOURCE-EQUIV/find-diff-classes/compile/gaoss/org/apache/hadoop/hadoop-hdfs/3.3.5/t/dependency/netty-transport-rxtx-4.1.77.Final.jar:/home/wtwhite/code/regression-test-generation-NON-SOURCE-EQUIV/find-diff-classes/compile/gaoss/org/apache/hadoop/hadoop-hdfs/3.3.5/t/dependency/netty-transport-sctp-4.1.77.Final.jar:/home/wtwhite/code/regression-test-generation-NON-SOURCE-EQUIV/find-diff-classes/compile/gaoss/org/apache/hadoop/hadoop-hdfs/3.3.5/t/dependency/netty-transport-udt-4.1.77.Final.jar:/home/wtwhite/code/regression-test-generation-NON-SOURCE-EQUIV/find-diff-classes/compile/gaoss/org/apache/hadoop/hadoop-hdfs/3.3.5/t/dependency/nimbus-jose-jwt-9.8.1.jar:/home/wtwhite/code/regression-test-generation-NON-SOURCE-EQUIV/find-diff-classes/compile/gaoss/org/apache/hadoop/hadoop-hdfs/3.3.5/t/dependency/objenesis-2.6.jar:/home/wtwhite/code/regression-test-generation-NON-SOURCE-EQUIV/find-diff-classes/compile/gaoss/org/apache/hadoop/hadoop-hdfs/3.3.5/t/dependency/okhttp-4.9.3.jar:/home/wtwhite/code/regression-test-generation-NON-SOURCE-EQUIV/find-diff-classes/compile/gaoss/org/apache/hadoop/hadoop-hdfs/3.3.5/t/dependency/okio-2.8.0.jar:/home/wtwhite/code/regression-test-generation-NON-SOURCE-EQUIV/find-diff-classes/compile/gaoss/org/apache/hadoop/hadoop-hdfs/3.3.5/t/dependency/paranamer-2.3.jar:/home/wtwhite/code/regression-test-generation-NON-SOURCE-EQUIV/find-diff-classes/compile/gaoss/org/apache/hadoop/hadoop-hdfs/3.3.5/t/dependency/protobuf-java-2.5.0.jar:/home/wtwhite/code/regression-test-generation-NON-SOURCE-EQUIV/find-diff-classes/compile/gaoss/org/apache/hadoop/hadoop-hdfs/3.3.5/t/dependency/re2j-1.1.jar:/home/wtwhite/code/regression-test-generation-NON-SOURCE-EQUIV/find-diff-classes/compile/gaoss/org/apache/hadoop/hadoop-hdfs/3.3.5/t/dependency/reload4j-1.2.22.jar:/home/wtwhite/code/regression-test-generation-NON-SOURCE-EQUIV/find-diff-classes/compile/gaoss/org/apache/hadoop/hadoop-hdfs/3.3.5/t/dependency/slf4j-api-1.7.36.jar:/home/wtwhite/code/regression-test-generation-NON-SOURCE-EQUIV/find-diff-classes/compile/gaoss/org/apache/hadoop/hadoop-hdfs/3.3.5/t/dependency/slf4j-reload4j-1.7.36.jar:/home/wtwhite/code/regression-test-generation-NON-SOURCE-EQUIV/find-diff-classes/compile/gaoss/org/apache/hadoop/hadoop-hdfs/3.3.5/t/dependency/snappy-java-1.1.8.2.jar:/home/wtwhite/code/regression-test-generation-NON-SOURCE-EQUIV/find-diff-classes/compile/gaoss/org/apache/hadoop/hadoop-hdfs/3.3.5/t/dependency/stax2-api-4.2.1.jar:/home/wtwhite/code/regression-test-generation-NON-SOURCE-EQUIV/find-diff-classes/compile/gaoss/org/apache/hadoop/hadoop-hdfs/3.3.5/t/dependency/token-provider-1.0.1.jar:/home/wtwhite/code/regression-test-generation-NON-SOURCE-EQUIV/find-diff-classes/compile/gaoss/org/apache/hadoop/hadoop-hdfs/3.3.5/t/dependency/woodstox-core-5.4.0.jar:/home/wtwhite/code/regression-test-generation-NON-SOURCE-EQUIV/find-diff-classes/compile/gaoss/org/apache/hadoop/hadoop-hdfs/3.3.5/t/dependency/zookeeper-3.5.6-tests.jar:/home/wtwhite/code/regression-test-generation-NON-SOURCE-EQUIV/find-diff-classes/compile/gaoss/org/apache/hadoop/hadoop-hdfs/3.3.5/t/dependency/zookeeper-3.5.6.jar:/home/wtwhite/code/regression-test-generation-NON-SOURCE-EQUIV/find-diff-classes/compile/gaoss/org/apache/hadoop/hadoop-hdfs/3.3.5/t/dependency/zookeeper-jute-3.5.6.jar:/home/wtwhite/code/regression-test-generation/evosuite/evosuite-standalone-runtime-1.2.0.jar:/home/wtwhite/.m2/repository/junit/junit/4.13.2/junit-4.13.2.jar:/home/wtwhite/.m2/repository/org/hamcrest/hamcrest-core/1.3/hamcrest-core-1.3.jar:"/>
    <property name="java.vm.vendor" value="Private Build"/>
    <property name="sun.arch.data.model" value="64"/>
    <property name="java.vendor.url" value="http://java.oracle.com/"/>
    <property name="user.timezone" value="Pacific/Auckland"/>
    <property name="java.vm.specification.version" value="1.8"/>
    <property name="os.name" value="Linux"/>
    <property name="RUNDIR" value="/home/wtwhite/code/regression-test-generation-NON-SOURCE-EQUIV/find-diff-classes/run-mvn"/>
    <property name="user.country" value="NZ"/>
    <property name="sun.java.launcher" value="SUN_STANDARD"/>
    <property name="sun.boot.library.path" value="/usr/lib/jvm/java-8-openjdk-amd64/jre/lib/amd64"/>
    <property name="sun.java.command" value="/home/wtwhite/code/regression-test-generation-NON-SOURCE-EQUIV/find-diff-classes/compile/gaoss/org/apache/hadoop/hadoop-hdfs/3.3.5/target/surefire/surefirebooter-20241112134109694_3.jar /home/wtwhite/code/regression-test-generation-NON-SOURCE-EQUIV/find-diff-classes/compile/gaoss/org/apache/hadoop/hadoop-hdfs/3.3.5/target/surefire 2024-11-12T13-41-09_538-jvmRun1 surefire-20241112134109694_1tmp surefire_0-20241112134109694_2tmp"/>
    <property name="surefire.test.class.path" value="/home/wtwhite/code/regression-test-generation-NON-SOURCE-EQUIV/find-diff-classes/compile/gaoss/org/apache/hadoop/hadoop-hdfs/3.3.5/target/test-classes:/home/wtwhite/code/regression-test-generation-NON-SOURCE-EQUIV/find-diff-classes/compile/gaoss/org/apache/hadoop/hadoop-hdfs/3.3.5/target/classes:/home/wtwhite/code/craw-redhat-oss/wget/crawl/google-aoss/org/apache/hadoop/hadoop-hdfs/3.3.5/hadoop-hdfs-3.3.5.jar:/home/wtwhite/code/regression-test-generation-NON-SOURCE-EQUIV/find-diff-classes/compile/gaoss/org/apache/hadoop/hadoop-hdfs/3.3.5/t/dependency/AppleJavaExtensions-1.4.jar:/home/wtwhite/code/regression-test-generation-NON-SOURCE-EQUIV/find-diff-classes/compile/gaoss/org/apache/hadoop/hadoop-hdfs/3.3.5/t/dependency/accessors-smart-2.4.7.jar:/home/wtwhite/code/regression-test-generation-NON-SOURCE-EQUIV/find-diff-classes/compile/gaoss/org/apache/hadoop/hadoop-hdfs/3.3.5/t/dependency/animal-sniffer-annotations-1.17.jar:/home/wtwhite/code/regression-test-generation-NON-SOURCE-EQUIV/find-diff-classes/compile/gaoss/org/apache/hadoop/hadoop-hdfs/3.3.5/t/dependency/asm-5.0.4.jar:/home/wtwhite/code/regression-test-generation-NON-SOURCE-EQUIV/find-diff-classes/compile/gaoss/org/apache/hadoop/hadoop-hdfs/3.3.5/t/dependency/asm-commons-5.0.2.jar:/home/wtwhite/code/regression-test-generation-NON-SOURCE-EQUIV/find-diff-classes/compile/gaoss/org/apache/hadoop/hadoop-hdfs/3.3.5/t/dependency/asm-debug-all-5.0.2.jar:/home/wtwhite/code/regression-test-generation-NON-SOURCE-EQUIV/find-diff-classes/compile/gaoss/org/apache/hadoop/hadoop-hdfs/3.3.5/t/dependency/asm-tree-5.0.2.jar:/home/wtwhite/code/regression-test-generation-NON-SOURCE-EQUIV/find-diff-classes/compile/gaoss/org/apache/hadoop/hadoop-hdfs/3.3.5/t/dependency/assertj-core-3.12.2.jar:/home/wtwhite/code/regression-test-generation-NON-SOURCE-EQUIV/find-diff-classes/compile/gaoss/org/apache/hadoop/hadoop-hdfs/3.3.5/t/dependency/audience-annotations-0.5.0.jar:/home/wtwhite/code/regression-test-generation-NON-SOURCE-EQUIV/find-diff-classes/compile/gaoss/org/apache/hadoop/hadoop-hdfs/3.3.5/t/dependency/avro-1.7.7.jar:/home/wtwhite/code/regression-test-generation-NON-SOURCE-EQUIV/find-diff-classes/compile/gaoss/org/apache/hadoop/hadoop-hdfs/3.3.5/t/dependency/bcel-findbugs-6.0.jar:/home/wtwhite/code/regression-test-generation-NON-SOURCE-EQUIV/find-diff-classes/compile/gaoss/org/apache/hadoop/hadoop-hdfs/3.3.5/t/dependency/bcprov-jdk15on-1.68.jar:/home/wtwhite/code/regression-test-generation-NON-SOURCE-EQUIV/find-diff-classes/compile/gaoss/org/apache/hadoop/hadoop-hdfs/3.3.5/t/dependency/byte-buddy-1.9.10.jar:/home/wtwhite/code/regression-test-generation-NON-SOURCE-EQUIV/find-diff-classes/compile/gaoss/org/apache/hadoop/hadoop-hdfs/3.3.5/t/dependency/byte-buddy-agent-1.9.10.jar:/home/wtwhite/code/regression-test-generation-NON-SOURCE-EQUIV/find-diff-classes/compile/gaoss/org/apache/hadoop/hadoop-hdfs/3.3.5/t/dependency/checker-qual-2.5.2.jar:/home/wtwhite/code/regression-test-generation-NON-SOURCE-EQUIV/find-diff-classes/compile/gaoss/org/apache/hadoop/hadoop-hdfs/3.3.5/t/dependency/commons-beanutils-1.9.4.jar:/home/wtwhite/code/regression-test-generation-NON-SOURCE-EQUIV/find-diff-classes/compile/gaoss/org/apache/hadoop/hadoop-hdfs/3.3.5/t/dependency/commons-cli-1.2.jar:/home/wtwhite/code/regression-test-generation-NON-SOURCE-EQUIV/find-diff-classes/compile/gaoss/org/apache/hadoop/hadoop-hdfs/3.3.5/t/dependency/commons-codec-1.15.jar:/home/wtwhite/code/regression-test-generation-NON-SOURCE-EQUIV/find-diff-classes/compile/gaoss/org/apache/hadoop/hadoop-hdfs/3.3.5/t/dependency/commons-collections-3.2.2.jar:/home/wtwhite/code/regression-test-generation-NON-SOURCE-EQUIV/find-diff-classes/compile/gaoss/org/apache/hadoop/hadoop-hdfs/3.3.5/t/dependency/commons-compress-1.21.jar:/home/wtwhite/code/regression-test-generation-NON-SOURCE-EQUIV/find-diff-classes/compile/gaoss/org/apache/hadoop/hadoop-hdfs/3.3.5/t/dependency/commons-configuration2-2.8.0.jar:/home/wtwhite/code/regression-test-generation-NON-SOURCE-EQUIV/find-diff-classes/compile/gaoss/org/apache/hadoop/hadoop-hdfs/3.3.5/t/dependency/commons-daemon-1.0.13.jar:/home/wtwhite/code/regression-test-generation-NON-SOURCE-EQUIV/find-diff-classes/compile/gaoss/org/apache/hadoop/hadoop-hdfs/3.3.5/t/dependency/commons-io-2.8.0.jar:/home/wtwhite/code/regression-test-generation-NON-SOURCE-EQUIV/find-diff-classes/compile/gaoss/org/apache/hadoop/hadoop-hdfs/3.3.5/t/dependency/commons-lang-2.6.jar:/home/wtwhite/code/regression-test-generation-NON-SOURCE-EQUIV/find-diff-classes/compile/gaoss/org/apache/hadoop/hadoop-hdfs/3.3.5/t/dependency/commons-lang3-3.12.0.jar:/home/wtwhite/code/regression-test-generation-NON-SOURCE-EQUIV/find-diff-classes/compile/gaoss/org/apache/hadoop/hadoop-hdfs/3.3.5/t/dependency/commons-logging-1.1.3.jar:/home/wtwhite/code/regression-test-generation-NON-SOURCE-EQUIV/find-diff-classes/compile/gaoss/org/apache/hadoop/hadoop-hdfs/3.3.5/t/dependency/commons-math3-3.1.1.jar:/home/wtwhite/code/regression-test-generation-NON-SOURCE-EQUIV/find-diff-classes/compile/gaoss/org/apache/hadoop/hadoop-hdfs/3.3.5/t/dependency/commons-net-3.9.0.jar:/home/wtwhite/code/regression-test-generation-NON-SOURCE-EQUIV/find-diff-classes/compile/gaoss/org/apache/hadoop/hadoop-hdfs/3.3.5/t/dependency/commons-text-1.10.0.jar:/home/wtwhite/code/regression-test-generation-NON-SOURCE-EQUIV/find-diff-classes/compile/gaoss/org/apache/hadoop/hadoop-hdfs/3.3.5/t/dependency/curator-client-4.2.0.jar:/home/wtwhite/code/regression-test-generation-NON-SOURCE-EQUIV/find-diff-classes/compile/gaoss/org/apache/hadoop/hadoop-hdfs/3.3.5/t/dependency/curator-framework-4.2.0.jar:/home/wtwhite/code/regression-test-generation-NON-SOURCE-EQUIV/find-diff-classes/compile/gaoss/org/apache/hadoop/hadoop-hdfs/3.3.5/t/dependency/curator-recipes-4.2.0.jar:/home/wtwhite/code/regression-test-generation-NON-SOURCE-EQUIV/find-diff-classes/compile/gaoss/org/apache/hadoop/hadoop-hdfs/3.3.5/t/dependency/curator-test-4.2.0.jar:/home/wtwhite/code/regression-test-generation-NON-SOURCE-EQUIV/find-diff-classes/compile/gaoss/org/apache/hadoop/hadoop-hdfs/3.3.5/t/dependency/dnsjava-2.1.7.jar:/home/wtwhite/code/regression-test-generation-NON-SOURCE-EQUIV/find-diff-classes/compile/gaoss/org/apache/hadoop/hadoop-hdfs/3.3.5/t/dependency/dom4j-1.6.1.jar:/home/wtwhite/code/regression-test-generation-NON-SOURCE-EQUIV/find-diff-classes/compile/gaoss/org/apache/hadoop/hadoop-hdfs/3.3.5/t/dependency/failureaccess-1.0.jar:/home/wtwhite/code/regression-test-generation-NON-SOURCE-EQUIV/find-diff-classes/compile/gaoss/org/apache/hadoop/hadoop-hdfs/3.3.5/t/dependency/findbugs-3.0.1.jar:/home/wtwhite/code/regression-test-generation-NON-SOURCE-EQUIV/find-diff-classes/compile/gaoss/org/apache/hadoop/hadoop-hdfs/3.3.5/t/dependency/gson-2.9.0.jar:/home/wtwhite/code/regression-test-generation-NON-SOURCE-EQUIV/find-diff-classes/compile/gaoss/org/apache/hadoop/hadoop-hdfs/3.3.5/t/dependency/guava-27.0-jre.jar:/home/wtwhite/code/regression-test-generation-NON-SOURCE-EQUIV/find-diff-classes/compile/gaoss/org/apache/hadoop/hadoop-hdfs/3.3.5/t/dependency/hadoop-annotations-3.3.5.jar:/home/wtwhite/code/regression-test-generation-NON-SOURCE-EQUIV/find-diff-classes/compile/gaoss/org/apache/hadoop/hadoop-hdfs/3.3.5/t/dependency/hadoop-auth-3.3.5.jar:/home/wtwhite/code/regression-test-generation-NON-SOURCE-EQUIV/find-diff-classes/compile/gaoss/org/apache/hadoop/hadoop-hdfs/3.3.5/t/dependency/hadoop-common-3.3.5-tests.jar:/home/wtwhite/code/regression-test-generation-NON-SOURCE-EQUIV/find-diff-classes/compile/gaoss/org/apache/hadoop/hadoop-hdfs/3.3.5/t/dependency/hadoop-common-3.3.5.jar:/home/wtwhite/code/regression-test-generation-NON-SOURCE-EQUIV/find-diff-classes/compile/gaoss/org/apache/hadoop/hadoop-hdfs/3.3.5/t/dependency/hadoop-hdfs-client-3.3.5.jar:/home/wtwhite/code/regression-test-generation-NON-SOURCE-EQUIV/find-diff-classes/compile/gaoss/org/apache/hadoop/hadoop-hdfs/3.3.5/t/dependency/hadoop-kms-3.3.5-tests.jar:/home/wtwhite/code/regression-test-generation-NON-SOURCE-EQUIV/find-diff-classes/compile/gaoss/org/apache/hadoop/hadoop-hdfs/3.3.5/t/dependency/hadoop-kms-3.3.5.jar:/home/wtwhite/code/regression-test-generation-NON-SOURCE-EQUIV/find-diff-classes/compile/gaoss/org/apache/hadoop/hadoop-hdfs/3.3.5/t/dependency/hadoop-minikdc-3.3.5.jar:/home/wtwhite/code/regression-test-generation-NON-SOURCE-EQUIV/find-diff-classes/compile/gaoss/org/apache/hadoop/hadoop-hdfs/3.3.5/t/dependency/hadoop-shaded-guava-1.1.1.jar:/home/wtwhite/code/regression-test-generation-NON-SOURCE-EQUIV/find-diff-classes/compile/gaoss/org/apache/hadoop/hadoop-hdfs/3.3.5/t/dependency/hadoop-shaded-protobuf_3_7-1.1.1.jar:/home/wtwhite/code/regression-test-generation-NON-SOURCE-EQUIV/find-diff-classes/compile/gaoss/org/apache/hadoop/hadoop-hdfs/3.3.5/t/dependency/hamcrest-core-1.3.jar:/home/wtwhite/code/regression-test-generation-NON-SOURCE-EQUIV/find-diff-classes/compile/gaoss/org/apache/hadoop/hadoop-hdfs/3.3.5/t/dependency/httpclient-4.5.13.jar:/home/wtwhite/code/regression-test-generation-NON-SOURCE-EQUIV/find-diff-classes/compile/gaoss/org/apache/hadoop/hadoop-hdfs/3.3.5/t/dependency/httpcore-4.4.13.jar:/home/wtwhite/code/regression-test-generation-NON-SOURCE-EQUIV/find-diff-classes/compile/gaoss/org/apache/hadoop/hadoop-hdfs/3.3.5/t/dependency/j2objc-annotations-1.1.jar:/home/wtwhite/code/regression-test-generation-NON-SOURCE-EQUIV/find-diff-classes/compile/gaoss/org/apache/hadoop/hadoop-hdfs/3.3.5/t/dependency/jFormatString-2.0.1.jar:/home/wtwhite/code/regression-test-generation-NON-SOURCE-EQUIV/find-diff-classes/compile/gaoss/org/apache/hadoop/hadoop-hdfs/3.3.5/t/dependency/jackson-annotations-2.12.7.jar:/home/wtwhite/code/regression-test-generation-NON-SOURCE-EQUIV/find-diff-classes/compile/gaoss/org/apache/hadoop/hadoop-hdfs/3.3.5/t/dependency/jackson-core-2.12.7.jar:/home/wtwhite/code/regression-test-generation-NON-SOURCE-EQUIV/find-diff-classes/compile/gaoss/org/apache/hadoop/hadoop-hdfs/3.3.5/t/dependency/jackson-core-asl-1.9.13.jar:/home/wtwhite/code/regression-test-generation-NON-SOURCE-EQUIV/find-diff-classes/compile/gaoss/org/apache/hadoop/hadoop-hdfs/3.3.5/t/dependency/jackson-databind-2.12.7.1.jar:/home/wtwhite/code/regression-test-generation-NON-SOURCE-EQUIV/find-diff-classes/compile/gaoss/org/apache/hadoop/hadoop-hdfs/3.3.5/t/dependency/jackson-mapper-asl-1.9.13.jar:/home/wtwhite/code/regression-test-generation-NON-SOURCE-EQUIV/find-diff-classes/compile/gaoss/org/apache/hadoop/hadoop-hdfs/3.3.5/t/dependency/jakarta.activation-api-1.2.1.jar:/home/wtwhite/code/regression-test-generation-NON-SOURCE-EQUIV/find-diff-classes/compile/gaoss/org/apache/hadoop/hadoop-hdfs/3.3.5/t/dependency/javax.servlet-api-3.1.0.jar:/home/wtwhite/code/regression-test-generation-NON-SOURCE-EQUIV/find-diff-classes/compile/gaoss/org/apache/hadoop/hadoop-hdfs/3.3.5/t/dependency/jaxb-api-2.2.11.jar:/home/wtwhite/code/regression-test-generation-NON-SOURCE-EQUIV/find-diff-classes/compile/gaoss/org/apache/hadoop/hadoop-hdfs/3.3.5/t/dependency/jaxb-impl-2.2.3-1.jar:/home/wtwhite/code/regression-test-generation-NON-SOURCE-EQUIV/find-diff-classes/compile/gaoss/org/apache/hadoop/hadoop-hdfs/3.3.5/t/dependency/jaxen-1.1.6.jar:/home/wtwhite/code/regression-test-generation-NON-SOURCE-EQUIV/find-diff-classes/compile/gaoss/org/apache/hadoop/hadoop-hdfs/3.3.5/t/dependency/jcip-annotations-1.0-1.jar:/home/wtwhite/code/regression-test-generation-NON-SOURCE-EQUIV/find-diff-classes/compile/gaoss/org/apache/hadoop/hadoop-hdfs/3.3.5/t/dependency/jcip-annotations-1.0.jar:/home/wtwhite/code/regression-test-generation-NON-SOURCE-EQUIV/find-diff-classes/compile/gaoss/org/apache/hadoop/hadoop-hdfs/3.3.5/t/dependency/jdk.tools-1.8.jar:/home/wtwhite/code/regression-test-generation-NON-SOURCE-EQUIV/find-diff-classes/compile/gaoss/org/apache/hadoop/hadoop-hdfs/3.3.5/t/dependency/jersey-core-1.19.4.jar:/home/wtwhite/code/regression-test-generation-NON-SOURCE-EQUIV/find-diff-classes/compile/gaoss/org/apache/hadoop/hadoop-hdfs/3.3.5/t/dependency/jersey-json-1.20.jar:/home/wtwhite/code/regression-test-generation-NON-SOURCE-EQUIV/find-diff-classes/compile/gaoss/org/apache/hadoop/hadoop-hdfs/3.3.5/t/dependency/jersey-server-1.19.4.jar:/home/wtwhite/code/regression-test-generation-NON-SOURCE-EQUIV/find-diff-classes/compile/gaoss/org/apache/hadoop/hadoop-hdfs/3.3.5/t/dependency/jersey-servlet-1.19.4.jar:/home/wtwhite/code/regression-test-generation-NON-SOURCE-EQUIV/find-diff-classes/compile/gaoss/org/apache/hadoop/hadoop-hdfs/3.3.5/t/dependency/jettison-1.5.3.jar:/home/wtwhite/code/regression-test-generation-NON-SOURCE-EQUIV/find-diff-classes/compile/gaoss/org/apache/hadoop/hadoop-hdfs/3.3.5/t/dependency/jetty-http-9.4.48.v20220622.jar:/home/wtwhite/code/regression-test-generation-NON-SOURCE-EQUIV/find-diff-classes/compile/gaoss/org/apache/hadoop/hadoop-hdfs/3.3.5/t/dependency/jetty-io-9.4.48.v20220622.jar:/home/wtwhite/code/regression-test-generation-NON-SOURCE-EQUIV/find-diff-classes/compile/gaoss/org/apache/hadoop/hadoop-hdfs/3.3.5/t/dependency/jetty-security-9.4.48.v20220622.jar:/home/wtwhite/code/regression-test-generation-NON-SOURCE-EQUIV/find-diff-classes/compile/gaoss/org/apache/hadoop/hadoop-hdfs/3.3.5/t/dependency/jetty-server-9.4.48.v20220622.jar:/home/wtwhite/code/regression-test-generation-NON-SOURCE-EQUIV/find-diff-classes/compile/gaoss/org/apache/hadoop/hadoop-hdfs/3.3.5/t/dependency/jetty-servlet-9.4.48.v20220622.jar:/home/wtwhite/code/regression-test-generation-NON-SOURCE-EQUIV/find-diff-classes/compile/gaoss/org/apache/hadoop/hadoop-hdfs/3.3.5/t/dependency/jetty-util-9.4.48.v20220622.jar:/home/wtwhite/code/regression-test-generation-NON-SOURCE-EQUIV/find-diff-classes/compile/gaoss/org/apache/hadoop/hadoop-hdfs/3.3.5/t/dependency/jetty-util-ajax-9.4.48.v20220622.jar:/home/wtwhite/code/regression-test-generation-NON-SOURCE-EQUIV/find-diff-classes/compile/gaoss/org/apache/hadoop/hadoop-hdfs/3.3.5/t/dependency/jetty-webapp-9.4.48.v20220622.jar:/home/wtwhite/code/regression-test-generation-NON-SOURCE-EQUIV/find-diff-classes/compile/gaoss/org/apache/hadoop/hadoop-hdfs/3.3.5/t/dependency/jetty-xml-9.4.48.v20220622.jar:/home/wtwhite/code/regression-test-generation-NON-SOURCE-EQUIV/find-diff-classes/compile/gaoss/org/apache/hadoop/hadoop-hdfs/3.3.5/t/dependency/jsch-0.1.55.jar:/home/wtwhite/code/regression-test-generation-NON-SOURCE-EQUIV/find-diff-classes/compile/gaoss/org/apache/hadoop/hadoop-hdfs/3.3.5/t/dependency/json-smart-2.4.7.jar:/home/wtwhite/code/regression-test-generation-NON-SOURCE-EQUIV/find-diff-classes/compile/gaoss/org/apache/hadoop/hadoop-hdfs/3.3.5/t/dependency/jsp-api-2.1.jar:/home/wtwhite/code/regression-test-generation-NON-SOURCE-EQUIV/find-diff-classes/compile/gaoss/org/apache/hadoop/hadoop-hdfs/3.3.5/t/dependency/jsr305-3.0.2.jar:/home/wtwhite/code/regression-test-generation-NON-SOURCE-EQUIV/find-diff-classes/compile/gaoss/org/apache/hadoop/hadoop-hdfs/3.3.5/t/dependency/jsr311-api-1.1.1.jar:/home/wtwhite/code/regression-test-generation-NON-SOURCE-EQUIV/find-diff-classes/compile/gaoss/org/apache/hadoop/hadoop-hdfs/3.3.5/t/dependency/jul-to-slf4j-1.7.36.jar:/home/wtwhite/code/regression-test-generation-NON-SOURCE-EQUIV/find-diff-classes/compile/gaoss/org/apache/hadoop/hadoop-hdfs/3.3.5/t/dependency/junit-4.13.2.jar:/home/wtwhite/code/regression-test-generation-NON-SOURCE-EQUIV/find-diff-classes/compile/gaoss/org/apache/hadoop/hadoop-hdfs/3.3.5/t/dependency/kerb-admin-1.0.1.jar:/home/wtwhite/code/regression-test-generation-NON-SOURCE-EQUIV/find-diff-classes/compile/gaoss/org/apache/hadoop/hadoop-hdfs/3.3.5/t/dependency/kerb-client-1.0.1.jar:/home/wtwhite/code/regression-test-generation-NON-SOURCE-EQUIV/find-diff-classes/compile/gaoss/org/apache/hadoop/hadoop-hdfs/3.3.5/t/dependency/kerb-common-1.0.1.jar:/home/wtwhite/code/regression-test-generation-NON-SOURCE-EQUIV/find-diff-classes/compile/gaoss/org/apache/hadoop/hadoop-hdfs/3.3.5/t/dependency/kerb-core-1.0.1.jar:/home/wtwhite/code/regression-test-generation-NON-SOURCE-EQUIV/find-diff-classes/compile/gaoss/org/apache/hadoop/hadoop-hdfs/3.3.5/t/dependency/kerb-crypto-1.0.1.jar:/home/wtwhite/code/regression-test-generation-NON-SOURCE-EQUIV/find-diff-classes/compile/gaoss/org/apache/hadoop/hadoop-hdfs/3.3.5/t/dependency/kerb-identity-1.0.1.jar:/home/wtwhite/code/regression-test-generation-NON-SOURCE-EQUIV/find-diff-classes/compile/gaoss/org/apache/hadoop/hadoop-hdfs/3.3.5/t/dependency/kerb-server-1.0.1.jar:/home/wtwhite/code/regression-test-generation-NON-SOURCE-EQUIV/find-diff-classes/compile/gaoss/org/apache/hadoop/hadoop-hdfs/3.3.5/t/dependency/kerb-simplekdc-1.0.1.jar:/home/wtwhite/code/regression-test-generation-NON-SOURCE-EQUIV/find-diff-classes/compile/gaoss/org/apache/hadoop/hadoop-hdfs/3.3.5/t/dependency/kerb-util-1.0.1.jar:/home/wtwhite/code/regression-test-generation-NON-SOURCE-EQUIV/find-diff-classes/compile/gaoss/org/apache/hadoop/hadoop-hdfs/3.3.5/t/dependency/kerby-asn1-1.0.1.jar:/home/wtwhite/code/regression-test-generation-NON-SOURCE-EQUIV/find-diff-classes/compile/gaoss/org/apache/hadoop/hadoop-hdfs/3.3.5/t/dependency/kerby-config-1.0.1.jar:/home/wtwhite/code/regression-test-generation-NON-SOURCE-EQUIV/find-diff-classes/compile/gaoss/org/apache/hadoop/hadoop-hdfs/3.3.5/t/dependency/kerby-pkix-1.0.1.jar:/home/wtwhite/code/regression-test-generation-NON-SOURCE-EQUIV/find-diff-classes/compile/gaoss/org/apache/hadoop/hadoop-hdfs/3.3.5/t/dependency/kerby-util-1.0.1.jar:/home/wtwhite/code/regression-test-generation-NON-SOURCE-EQUIV/find-diff-classes/compile/gaoss/org/apache/hadoop/hadoop-hdfs/3.3.5/t/dependency/kerby-xdr-1.0.1.jar:/home/wtwhite/code/regression-test-generation-NON-SOURCE-EQUIV/find-diff-classes/compile/gaoss/org/apache/hadoop/hadoop-hdfs/3.3.5/t/dependency/kotlin-stdlib-1.4.10.jar:/home/wtwhite/code/regression-test-generation-NON-SOURCE-EQUIV/find-diff-classes/compile/gaoss/org/apache/hadoop/hadoop-hdfs/3.3.5/t/dependency/kotlin-stdlib-common-1.4.10.jar:/home/wtwhite/code/regression-test-generation-NON-SOURCE-EQUIV/find-diff-classes/compile/gaoss/org/apache/hadoop/hadoop-hdfs/3.3.5/t/dependency/leveldbjni-all-1.8.jar:/home/wtwhite/code/regression-test-generation-NON-SOURCE-EQUIV/find-diff-classes/compile/gaoss/org/apache/hadoop/hadoop-hdfs/3.3.5/t/dependency/listenablefuture-9999.0-empty-to-avoid-conflict-with-guava.jar:/home/wtwhite/code/regression-test-generation-NON-SOURCE-EQUIV/find-diff-classes/compile/gaoss/org/apache/hadoop/hadoop-hdfs/3.3.5/t/dependency/lz4-java-1.7.1.jar:/home/wtwhite/code/regression-test-generation-NON-SOURCE-EQUIV/find-diff-classes/compile/gaoss/org/apache/hadoop/hadoop-hdfs/3.3.5/t/dependency/metrics-core-3.2.4.jar:/home/wtwhite/code/regression-test-generation-NON-SOURCE-EQUIV/find-diff-classes/compile/gaoss/org/apache/hadoop/hadoop-hdfs/3.3.5/t/dependency/mockito-core-2.28.2.jar:/home/wtwhite/code/regression-test-generation-NON-SOURCE-EQUIV/find-diff-classes/compile/gaoss/org/apache/hadoop/hadoop-hdfs/3.3.5/t/dependency/netty-3.10.6.Final.jar:/home/wtwhite/code/regression-test-generation-NON-SOURCE-EQUIV/find-diff-classes/compile/gaoss/org/apache/hadoop/hadoop-hdfs/3.3.5/t/dependency/netty-all-4.1.77.Final.jar:/home/wtwhite/code/regression-test-generation-NON-SOURCE-EQUIV/find-diff-classes/compile/gaoss/org/apache/hadoop/hadoop-hdfs/3.3.5/t/dependency/netty-buffer-4.1.77.Final.jar:/home/wtwhite/code/regression-test-generation-NON-SOURCE-EQUIV/find-diff-classes/compile/gaoss/org/apache/hadoop/hadoop-hdfs/3.3.5/t/dependency/netty-codec-4.1.77.Final.jar:/home/wtwhite/code/regression-test-generation-NON-SOURCE-EQUIV/find-diff-classes/compile/gaoss/org/apache/hadoop/hadoop-hdfs/3.3.5/t/dependency/netty-codec-dns-4.1.77.Final.jar:/home/wtwhite/code/regression-test-generation-NON-SOURCE-EQUIV/find-diff-classes/compile/gaoss/org/apache/hadoop/hadoop-hdfs/3.3.5/t/dependency/netty-codec-haproxy-4.1.77.Final.jar:/home/wtwhite/code/regression-test-generation-NON-SOURCE-EQUIV/find-diff-classes/compile/gaoss/org/apache/hadoop/hadoop-hdfs/3.3.5/t/dependency/netty-codec-http-4.1.77.Final.jar:/home/wtwhite/code/regression-test-generation-NON-SOURCE-EQUIV/find-diff-classes/compile/gaoss/org/apache/hadoop/hadoop-hdfs/3.3.5/t/dependency/netty-codec-http2-4.1.77.Final.jar:/home/wtwhite/code/regression-test-generation-NON-SOURCE-EQUIV/find-diff-classes/compile/gaoss/org/apache/hadoop/hadoop-hdfs/3.3.5/t/dependency/netty-codec-memcache-4.1.77.Final.jar:/home/wtwhite/code/regression-test-generation-NON-SOURCE-EQUIV/find-diff-classes/compile/gaoss/org/apache/hadoop/hadoop-hdfs/3.3.5/t/dependency/netty-codec-mqtt-4.1.77.Final.jar:/home/wtwhite/code/regression-test-generation-NON-SOURCE-EQUIV/find-diff-classes/compile/gaoss/org/apache/hadoop/hadoop-hdfs/3.3.5/t/dependency/netty-codec-redis-4.1.77.Final.jar:/home/wtwhite/code/regression-test-generation-NON-SOURCE-EQUIV/find-diff-classes/compile/gaoss/org/apache/hadoop/hadoop-hdfs/3.3.5/t/dependency/netty-codec-smtp-4.1.77.Final.jar:/home/wtwhite/code/regression-test-generation-NON-SOURCE-EQUIV/find-diff-classes/compile/gaoss/org/apache/hadoop/hadoop-hdfs/3.3.5/t/dependency/netty-codec-socks-4.1.77.Final.jar:/home/wtwhite/code/regression-test-generation-NON-SOURCE-EQUIV/find-diff-classes/compile/gaoss/org/apache/hadoop/hadoop-hdfs/3.3.5/t/dependency/netty-codec-stomp-4.1.77.Final.jar:/home/wtwhite/code/regression-test-generation-NON-SOURCE-EQUIV/find-diff-classes/compile/gaoss/org/apache/hadoop/hadoop-hdfs/3.3.5/t/dependency/netty-codec-xml-4.1.77.Final.jar:/home/wtwhite/code/regression-test-generation-NON-SOURCE-EQUIV/find-diff-classes/compile/gaoss/org/apache/hadoop/hadoop-hdfs/3.3.5/t/dependency/netty-common-4.1.77.Final.jar:/home/wtwhite/code/regression-test-generation-NON-SOURCE-EQUIV/find-diff-classes/compile/gaoss/org/apache/hadoop/hadoop-hdfs/3.3.5/t/dependency/netty-handler-4.1.77.Final.jar:/home/wtwhite/code/regression-test-generation-NON-SOURCE-EQUIV/find-diff-classes/compile/gaoss/org/apache/hadoop/hadoop-hdfs/3.3.5/t/dependency/netty-handler-proxy-4.1.77.Final.jar:/home/wtwhite/code/regression-test-generation-NON-SOURCE-EQUIV/find-diff-classes/compile/gaoss/org/apache/hadoop/hadoop-hdfs/3.3.5/t/dependency/netty-resolver-4.1.77.Final.jar:/home/wtwhite/code/regression-test-generation-NON-SOURCE-EQUIV/find-diff-classes/compile/gaoss/org/apache/hadoop/hadoop-hdfs/3.3.5/t/dependency/netty-resolver-dns-4.1.77.Final.jar:/home/wtwhite/code/regression-test-generation-NON-SOURCE-EQUIV/find-diff-classes/compile/gaoss/org/apache/hadoop/hadoop-hdfs/3.3.5/t/dependency/netty-resolver-dns-classes-macos-4.1.77.Final.jar:/home/wtwhite/code/regression-test-generation-NON-SOURCE-EQUIV/find-diff-classes/compile/gaoss/org/apache/hadoop/hadoop-hdfs/3.3.5/t/dependency/netty-resolver-dns-native-macos-4.1.77.Final-osx-aarch_64.jar:/home/wtwhite/code/regression-test-generation-NON-SOURCE-EQUIV/find-diff-classes/compile/gaoss/org/apache/hadoop/hadoop-hdfs/3.3.5/t/dependency/netty-resolver-dns-native-macos-4.1.77.Final-osx-x86_64.jar:/home/wtwhite/code/regression-test-generation-NON-SOURCE-EQUIV/find-diff-classes/compile/gaoss/org/apache/hadoop/hadoop-hdfs/3.3.5/t/dependency/netty-transport-4.1.77.Final.jar:/home/wtwhite/code/regression-test-generation-NON-SOURCE-EQUIV/find-diff-classes/compile/gaoss/org/apache/hadoop/hadoop-hdfs/3.3.5/t/dependency/netty-transport-classes-epoll-4.1.77.Final.jar:/home/wtwhite/code/regression-test-generation-NON-SOURCE-EQUIV/find-diff-classes/compile/gaoss/org/apache/hadoop/hadoop-hdfs/3.3.5/t/dependency/netty-transport-classes-kqueue-4.1.77.Final.jar:/home/wtwhite/code/regression-test-generation-NON-SOURCE-EQUIV/find-diff-classes/compile/gaoss/org/apache/hadoop/hadoop-hdfs/3.3.5/t/dependency/netty-transport-native-epoll-4.1.77.Final-linux-aarch_64.jar:/home/wtwhite/code/regression-test-generation-NON-SOURCE-EQUIV/find-diff-classes/compile/gaoss/org/apache/hadoop/hadoop-hdfs/3.3.5/t/dependency/netty-transport-native-epoll-4.1.77.Final-linux-x86_64.jar:/home/wtwhite/code/regression-test-generation-NON-SOURCE-EQUIV/find-diff-classes/compile/gaoss/org/apache/hadoop/hadoop-hdfs/3.3.5/t/dependency/netty-transport-native-kqueue-4.1.77.Final-osx-aarch_64.jar:/home/wtwhite/code/regression-test-generation-NON-SOURCE-EQUIV/find-diff-classes/compile/gaoss/org/apache/hadoop/hadoop-hdfs/3.3.5/t/dependency/netty-transport-native-kqueue-4.1.77.Final-osx-x86_64.jar:/home/wtwhite/code/regression-test-generation-NON-SOURCE-EQUIV/find-diff-classes/compile/gaoss/org/apache/hadoop/hadoop-hdfs/3.3.5/t/dependency/netty-transport-native-unix-common-4.1.77.Final.jar:/home/wtwhite/code/regression-test-generation-NON-SOURCE-EQUIV/find-diff-classes/compile/gaoss/org/apache/hadoop/hadoop-hdfs/3.3.5/t/dependency/netty-transport-rxtx-4.1.77.Final.jar:/home/wtwhite/code/regression-test-generation-NON-SOURCE-EQUIV/find-diff-classes/compile/gaoss/org/apache/hadoop/hadoop-hdfs/3.3.5/t/dependency/netty-transport-sctp-4.1.77.Final.jar:/home/wtwhite/code/regression-test-generation-NON-SOURCE-EQUIV/find-diff-classes/compile/gaoss/org/apache/hadoop/hadoop-hdfs/3.3.5/t/dependency/netty-transport-udt-4.1.77.Final.jar:/home/wtwhite/code/regression-test-generation-NON-SOURCE-EQUIV/find-diff-classes/compile/gaoss/org/apache/hadoop/hadoop-hdfs/3.3.5/t/dependency/nimbus-jose-jwt-9.8.1.jar:/home/wtwhite/code/regression-test-generation-NON-SOURCE-EQUIV/find-diff-classes/compile/gaoss/org/apache/hadoop/hadoop-hdfs/3.3.5/t/dependency/objenesis-2.6.jar:/home/wtwhite/code/regression-test-generation-NON-SOURCE-EQUIV/find-diff-classes/compile/gaoss/org/apache/hadoop/hadoop-hdfs/3.3.5/t/dependency/okhttp-4.9.3.jar:/home/wtwhite/code/regression-test-generation-NON-SOURCE-EQUIV/find-diff-classes/compile/gaoss/org/apache/hadoop/hadoop-hdfs/3.3.5/t/dependency/okio-2.8.0.jar:/home/wtwhite/code/regression-test-generation-NON-SOURCE-EQUIV/find-diff-classes/compile/gaoss/org/apache/hadoop/hadoop-hdfs/3.3.5/t/dependency/paranamer-2.3.jar:/home/wtwhite/code/regression-test-generation-NON-SOURCE-EQUIV/find-diff-classes/compile/gaoss/org/apache/hadoop/hadoop-hdfs/3.3.5/t/dependency/protobuf-java-2.5.0.jar:/home/wtwhite/code/regression-test-generation-NON-SOURCE-EQUIV/find-diff-classes/compile/gaoss/org/apache/hadoop/hadoop-hdfs/3.3.5/t/dependency/re2j-1.1.jar:/home/wtwhite/code/regression-test-generation-NON-SOURCE-EQUIV/find-diff-classes/compile/gaoss/org/apache/hadoop/hadoop-hdfs/3.3.5/t/dependency/reload4j-1.2.22.jar:/home/wtwhite/code/regression-test-generation-NON-SOURCE-EQUIV/find-diff-classes/compile/gaoss/org/apache/hadoop/hadoop-hdfs/3.3.5/t/dependency/slf4j-api-1.7.36.jar:/home/wtwhite/code/regression-test-generation-NON-SOURCE-EQUIV/find-diff-classes/compile/gaoss/org/apache/hadoop/hadoop-hdfs/3.3.5/t/dependency/slf4j-reload4j-1.7.36.jar:/home/wtwhite/code/regression-test-generation-NON-SOURCE-EQUIV/find-diff-classes/compile/gaoss/org/apache/hadoop/hadoop-hdfs/3.3.5/t/dependency/snappy-java-1.1.8.2.jar:/home/wtwhite/code/regression-test-generation-NON-SOURCE-EQUIV/find-diff-classes/compile/gaoss/org/apache/hadoop/hadoop-hdfs/3.3.5/t/dependency/stax2-api-4.2.1.jar:/home/wtwhite/code/regression-test-generation-NON-SOURCE-EQUIV/find-diff-classes/compile/gaoss/org/apache/hadoop/hadoop-hdfs/3.3.5/t/dependency/token-provider-1.0.1.jar:/home/wtwhite/code/regression-test-generation-NON-SOURCE-EQUIV/find-diff-classes/compile/gaoss/org/apache/hadoop/hadoop-hdfs/3.3.5/t/dependency/woodstox-core-5.4.0.jar:/home/wtwhite/code/regression-test-generation-NON-SOURCE-EQUIV/find-diff-classes/compile/gaoss/org/apache/hadoop/hadoop-hdfs/3.3.5/t/dependency/zookeeper-3.5.6-tests.jar:/home/wtwhite/code/regression-test-generation-NON-SOURCE-EQUIV/find-diff-classes/compile/gaoss/org/apache/hadoop/hadoop-hdfs/3.3.5/t/dependency/zookeeper-3.5.6.jar:/home/wtwhite/code/regression-test-generation-NON-SOURCE-EQUIV/find-diff-classes/compile/gaoss/org/apache/hadoop/hadoop-hdfs/3.3.5/t/dependency/zookeeper-jute-3.5.6.jar:/home/wtwhite/code/regression-test-generation/evosuite/evosuite-standalone-runtime-1.2.0.jar:/home/wtwhite/.m2/repository/junit/junit/4.13.2/junit-4.13.2.jar:/home/wtwhite/.m2/repository/org/hamcrest/hamcrest-core/1.3/hamcrest-core-1.3.jar:"/>
    <property name="sun.cpu.endian" value="little"/>
    <property name="user.home" value="/home/wtwhite"/>
    <property name="user.language" value="en"/>
    <property name="java.specification.vendor" value="Oracle Corporation"/>
    <property name="java.home" value="/usr/lib/jvm/java-8-openjdk-amd64/jre"/>
    <property name="basedir" value="/home/wtwhite/code/regression-test-generation-NON-SOURCE-EQUIV/find-diff-classes/compile/gaoss/org/apache/hadoop/hadoop-hdfs/3.3.5"/>
    <property name="file.separator" value="/"/>
    <property name="line.separator" value="&#10;"/>
    <property name="java.vm.specification.vendor" value="Oracle Corporation"/>
    <property name="java.specification.name" value="Java Platform API Specification"/>
    <property name="java.awt.graphicsenv" value="sun.awt.X11GraphicsEnvironment"/>
    <property name="surefire.real.class.path" value="/home/wtwhite/code/regression-test-generation-NON-SOURCE-EQUIV/find-diff-classes/compile/gaoss/org/apache/hadoop/hadoop-hdfs/3.3.5/target/surefire/surefirebooter-20241112134109694_3.jar"/>
    <property name="sun.boot.class.path" value="/usr/lib/jvm/java-8-openjdk-amd64/jre/lib/resources.jar:/usr/lib/jvm/java-8-openjdk-amd64/jre/lib/rt.jar:/usr/lib/jvm/java-8-openjdk-amd64/jre/lib/sunrsasign.jar:/usr/lib/jvm/java-8-openjdk-amd64/jre/lib/jsse.jar:/usr/lib/jvm/java-8-openjdk-amd64/jre/lib/jce.jar:/usr/lib/jvm/java-8-openjdk-amd64/jre/lib/charsets.jar:/usr/lib/jvm/java-8-openjdk-amd64/jre/lib/jfr.jar:/usr/lib/jvm/java-8-openjdk-amd64/jre/classes"/>
    <property name="sun.management.compiler" value="HotSpot 64-Bit Tiered Compilers"/>
    <property name="java.runtime.version" value="1.8.0_382-8u382-ga-1~22.04.1-b05"/>
    <property name="user.name" value="wtwhite"/>
    <property name="path.separator" value=":"/>
    <property name="os.version" value="5.15.0-87-generic"/>
    <property name="java.endorsed.dirs" value="/usr/lib/jvm/java-8-openjdk-amd64/jre/lib/endorsed"/>
    <property name="java.runtime.name" value="OpenJDK Runtime Environment"/>
    <property name="file.encoding" value="UTF-8"/>
    <property name="java.vm.name" value="OpenJDK 64-Bit Server VM"/>
    <property name="localRepository" value="/home/wtwhite/.m2/repository"/>
    <property name="java.vendor.url.bug" value="http://bugreport.sun.com/bugreport/"/>
    <property name="java.io.tmpdir" value="/tmp"/>
    <property name="java.version" value="1.8.0_382"/>
    <property name="user.dir" value="/home/wtwhite/code/regression-test-generation-NON-SOURCE-EQUIV/find-diff-classes/compile/gaoss/org/apache/hadoop/hadoop-hdfs/3.3.5"/>
    <property name="os.arch" value="amd64"/>
    <property name="java.vm.specification.name" value="Java Virtual Machine Specification"/>
    <property name="java.awt.printerjob" value="sun.print.PSPrinterJob"/>
    <property name="sun.os.patch.level" value="unknown"/>
    <property name="java.library.path" value="/usr/java/packages/lib/amd64:/usr/lib/x86_64-linux-gnu/jni:/lib/x86_64-linux-gnu:/usr/lib/x86_64-linux-gnu:/usr/lib/jni:/lib:/usr/lib"/>
    <property name="java.vm.info" value="mixed mode"/>
    <property name="java.vendor" value="Private Build"/>
    <property name="java.vm.version" value="25.382-b05"/>
    <property name="java.specification.maintenance.version" value="5"/>
    <property name="java.ext.dirs" value="/usr/lib/jvm/java-8-openjdk-amd64/jre/lib/ext:/usr/java/packages/lib/ext"/>
    <property name="sun.io.unicode.encoding" value="UnicodeLittle"/>
    <property name="java.class.version" value="52.0"/>
  </properties>
  <testcase name="test02" classname="org.apache.hadoop.hdfs.tools.offlineImageViewer.FSImageLoader_ESTest" time="1.408">
    <system-out><![CDATA[2024-11-12 13:41:30,084 INFO  EvoClassLoader - Seeing class for first time: org.apache.hadoop.hdfs.tools.offlineImageViewer.FSImageLoader_ESTest
2024-11-12 13:41:30,084 INFO  EvoClassLoader - Instrumenting class 'org.apache.hadoop.hdfs.tools.offlineImageViewer.FSImageLoader_ESTest'.
2024-11-12 13:41:30,085 INFO  EvoClassLoader - Seeing class for first time: org.apache.hadoop.hdfs.tools.offlineImageViewer.FSImageLoader_ESTest_scaffolding
2024-11-12 13:41:30,085 INFO  EvoClassLoader - Instrumenting class 'org.apache.hadoop.hdfs.tools.offlineImageViewer.FSImageLoader_ESTest_scaffolding'.
2024-11-12 13:41:30,087 INFO  EvoClassLoader - Keeping class: org.apache.hadoop.hdfs.tools.offlineImageViewer.FSImageLoader_ESTest_scaffolding
2024-11-12 13:41:30,087 INFO  EvoClassLoader - Keeping class: org.apache.hadoop.hdfs.tools.offlineImageViewer.FSImageLoader_ESTest
2024-11-12 13:41:30,089 INFO  EvoClassLoader - Seeing class for first time: org.apache.hadoop.thirdparty.protobuf.CodedInputStream$StreamDecoder
2024-11-12 13:41:30,089 INFO  EvoClassLoader - Instrumenting class 'org.apache.hadoop.thirdparty.protobuf.CodedInputStream$StreamDecoder'.
2024-11-12 13:41:30,089 INFO  MethodCallReplacementClassAdapter - Adding mock interface to class org/apache/hadoop/thirdparty/protobuf/CodedInputStream$StreamDecoder
2024-11-12 13:41:30,090 INFO  CreateClassResetClassAdapter - Creating brand-new static initializer in class org/apache/hadoop/thirdparty/protobuf/CodedInputStream$StreamDecoder
2024-11-12 13:41:30,091 INFO  EvoClassLoader - Defined package (3): package org.apache.hadoop.thirdparty.protobuf, -1105315961
2024-11-12 13:41:30,091 INFO  EvoClassLoader - Seeing class for first time: org.apache.hadoop.thirdparty.protobuf.CodedInputStream
2024-11-12 13:41:30,091 INFO  EvoClassLoader - Instrumenting class 'org.apache.hadoop.thirdparty.protobuf.CodedInputStream'.
2024-11-12 13:41:30,092 INFO  MethodCallReplacementClassAdapter - Adding mock interface to class org/apache/hadoop/thirdparty/protobuf/CodedInputStream
2024-11-12 13:41:30,093 INFO  CreateClassResetClassAdapter - Creating brand-new static initializer in class org/apache/hadoop/thirdparty/protobuf/CodedInputStream
2024-11-12 13:41:30,093 INFO  CreateClassResetClassAdapter - Adding bytecode for initializing field DEFAULT_BUFFER_SIZE
2024-11-12 13:41:30,093 INFO  CreateClassResetClassAdapter - Adding bytecode for initializing field DEFAULT_RECURSION_LIMIT
2024-11-12 13:41:30,093 INFO  CreateClassResetClassAdapter - Adding bytecode for initializing field DEFAULT_SIZE_LIMIT
2024-11-12 13:41:30,093 INFO  EvoClassLoader - Keeping class: org.apache.hadoop.thirdparty.protobuf.CodedInputStream
2024-11-12 13:41:30,093 INFO  EvoClassLoader - Keeping class: org.apache.hadoop.thirdparty.protobuf.CodedInputStream$StreamDecoder
2024-11-12 13:41:30,093 INFO  EvoClassLoader - Seeing class for first time: org.apache.hadoop.thirdparty.protobuf.CodedInputStream$IterableDirectByteBufferDecoder
2024-11-12 13:41:30,093 INFO  EvoClassLoader - Instrumenting class 'org.apache.hadoop.thirdparty.protobuf.CodedInputStream$IterableDirectByteBufferDecoder'.
2024-11-12 13:41:30,094 INFO  MethodCallReplacementClassAdapter - Adding mock interface to class org/apache/hadoop/thirdparty/protobuf/CodedInputStream$IterableDirectByteBufferDecoder
2024-11-12 13:41:30,094 INFO  CreateClassResetClassAdapter - Creating brand-new static initializer in class org/apache/hadoop/thirdparty/protobuf/CodedInputStream$IterableDirectByteBufferDecoder
2024-11-12 13:41:30,095 INFO  EvoClassLoader - Keeping class: org.apache.hadoop.thirdparty.protobuf.CodedInputStream$IterableDirectByteBufferDecoder
2024-11-12 13:41:30,095 INFO  EvoClassLoader - Seeing class for first time: org.apache.hadoop.thirdparty.protobuf.IterableByteBufferInputStream
2024-11-12 13:41:30,095 INFO  EvoClassLoader - Instrumenting class 'org.apache.hadoop.thirdparty.protobuf.IterableByteBufferInputStream'.
2024-11-12 13:41:30,095 INFO  MethodCallReplacementClassAdapter - Adding mock interface to class org/apache/hadoop/thirdparty/protobuf/IterableByteBufferInputStream
2024-11-12 13:41:30,095 INFO  CreateClassResetClassAdapter - Creating brand-new static initializer in class org/apache/hadoop/thirdparty/protobuf/IterableByteBufferInputStream
2024-11-12 13:41:30,095 INFO  EvoClassLoader - Keeping class: org.apache.hadoop.thirdparty.protobuf.IterableByteBufferInputStream
2024-11-12 13:41:30,095 INFO  EvoClassLoader - Seeing class for first time: org.apache.hadoop.thirdparty.protobuf.InvalidProtocolBufferException
2024-11-12 13:41:30,095 INFO  EvoClassLoader - Instrumenting class 'org.apache.hadoop.thirdparty.protobuf.InvalidProtocolBufferException'.
2024-11-12 13:41:30,095 INFO  MethodCallReplacementClassAdapter - Adding mock interface to class org/apache/hadoop/thirdparty/protobuf/InvalidProtocolBufferException
2024-11-12 13:41:30,096 INFO  CreateClassResetClassAdapter - Creating brand-new static initializer in class org/apache/hadoop/thirdparty/protobuf/InvalidProtocolBufferException
2024-11-12 13:41:30,096 INFO  EvoClassLoader - Keeping class: org.apache.hadoop.thirdparty.protobuf.InvalidProtocolBufferException
2024-11-12 13:41:30,096 INFO  EvoClassLoader - Seeing class for first time: org.apache.hadoop.thirdparty.protobuf.CodedInputStream$ArrayDecoder
2024-11-12 13:41:30,096 INFO  EvoClassLoader - Instrumenting class 'org.apache.hadoop.thirdparty.protobuf.CodedInputStream$ArrayDecoder'.
2024-11-12 13:41:30,096 INFO  MethodCallReplacementClassAdapter - Adding mock interface to class org/apache/hadoop/thirdparty/protobuf/CodedInputStream$ArrayDecoder
2024-11-12 13:41:30,096 INFO  CreateClassResetClassAdapter - Creating brand-new static initializer in class org/apache/hadoop/thirdparty/protobuf/CodedInputStream$ArrayDecoder
2024-11-12 13:41:30,097 INFO  EvoClassLoader - Keeping class: org.apache.hadoop.thirdparty.protobuf.CodedInputStream$ArrayDecoder
2024-11-12 13:41:30,097 INFO  EvoClassLoader - Seeing class for first time: org.apache.hadoop.thirdparty.protobuf.CodedInputStream$UnsafeDirectNioDecoder
2024-11-12 13:41:30,097 INFO  EvoClassLoader - Instrumenting class 'org.apache.hadoop.thirdparty.protobuf.CodedInputStream$UnsafeDirectNioDecoder'.
2024-11-12 13:41:30,097 INFO  MethodCallReplacementClassAdapter - Adding mock interface to class org/apache/hadoop/thirdparty/protobuf/CodedInputStream$UnsafeDirectNioDecoder
2024-11-12 13:41:30,097 INFO  CreateClassResetClassAdapter - Creating brand-new static initializer in class org/apache/hadoop/thirdparty/protobuf/CodedInputStream$UnsafeDirectNioDecoder
2024-11-12 13:41:30,098 INFO  EvoClassLoader - Keeping class: org.apache.hadoop.thirdparty.protobuf.CodedInputStream$UnsafeDirectNioDecoder
2024-11-12 13:41:30,098 INFO  EvoClassLoader - Seeing class for first time: org.apache.hadoop.thirdparty.protobuf.InvalidProtocolBufferException$InvalidWireTypeException
2024-11-12 13:41:30,098 INFO  EvoClassLoader - Instrumenting class 'org.apache.hadoop.thirdparty.protobuf.InvalidProtocolBufferException$InvalidWireTypeException'.
2024-11-12 13:41:30,098 INFO  MethodCallReplacementClassAdapter - Adding mock interface to class org/apache/hadoop/thirdparty/protobuf/InvalidProtocolBufferException$InvalidWireTypeException
2024-11-12 13:41:30,099 INFO  CreateClassResetClassAdapter - Creating brand-new static initializer in class org/apache/hadoop/thirdparty/protobuf/InvalidProtocolBufferException$InvalidWireTypeException
2024-11-12 13:41:30,099 INFO  EvoClassLoader - Keeping class: org.apache.hadoop.thirdparty.protobuf.InvalidProtocolBufferException$InvalidWireTypeException
2024-11-12 13:41:30,099 INFO  EvoClassLoader - Seeing class for first time: org.apache.hadoop.fs.FileSystem
2024-11-12 13:41:30,099 INFO  EvoClassLoader - Instrumenting class 'org.apache.hadoop.fs.FileSystem'.
2024-11-12 13:41:30,100 INFO  MethodCallReplacementClassAdapter - Adding mock interface to class org/apache/hadoop/fs/FileSystem
2024-11-12 13:41:30,106 INFO  CreateClassResetClassAdapter - Found static initializer in class org/apache/hadoop/fs/FileSystem
2024-11-12 13:41:30,106 INFO  EvoClassLoader - Defined package (3): package org.apache.hadoop.fs, -40118176
2024-11-12 13:41:30,107 INFO  EvoClassLoader - Seeing class for first time: org.apache.hadoop.security.token.DelegationTokenIssuer
2024-11-12 13:41:30,107 INFO  EvoClassLoader - Instrumenting class 'org.apache.hadoop.security.token.DelegationTokenIssuer'.
2024-11-12 13:41:30,107 INFO  EvoClassLoader - Defined package (3): package org.apache.hadoop.security.token, -540953378
2024-11-12 13:41:30,107 INFO  EvoClassLoader - Keeping class: org.apache.hadoop.security.token.DelegationTokenIssuer
2024-11-12 13:41:30,107 INFO  EvoClassLoader - Seeing class for first time: org.apache.hadoop.fs.PathCapabilities
2024-11-12 13:41:30,107 INFO  EvoClassLoader - Instrumenting class 'org.apache.hadoop.fs.PathCapabilities'.
2024-11-12 13:41:30,107 INFO  EvoClassLoader - Keeping class: org.apache.hadoop.fs.PathCapabilities
2024-11-12 13:41:30,108 INFO  EvoClassLoader - Seeing class for first time: org.apache.hadoop.conf.Configured
2024-11-12 13:41:30,108 INFO  EvoClassLoader - Instrumenting class 'org.apache.hadoop.conf.Configured'.
2024-11-12 13:41:30,108 INFO  MethodCallReplacementClassAdapter - Adding mock interface to class org/apache/hadoop/conf/Configured
2024-11-12 13:41:30,108 INFO  CreateClassResetClassAdapter - Creating brand-new static initializer in class org/apache/hadoop/conf/Configured
2024-11-12 13:41:30,108 INFO  EvoClassLoader - Defined package (3): package org.apache.hadoop.conf, 101048823
2024-11-12 13:41:30,108 INFO  EvoClassLoader - Seeing class for first time: org.apache.hadoop.conf.Configurable
2024-11-12 13:41:30,108 INFO  EvoClassLoader - Instrumenting class 'org.apache.hadoop.conf.Configurable'.
2024-11-12 13:41:30,108 INFO  EvoClassLoader - Keeping class: org.apache.hadoop.conf.Configurable
2024-11-12 13:41:30,108 INFO  EvoClassLoader - Keeping class: org.apache.hadoop.conf.Configured
2024-11-12 13:41:30,108 INFO  EvoClassLoader - Keeping class: org.apache.hadoop.fs.FileSystem
2024-11-12 13:41:30,108 INFO  EvoClassLoader - Seeing class for first time: org.apache.hadoop.fs.PathFilter
2024-11-12 13:41:30,108 INFO  EvoClassLoader - Instrumenting class 'org.apache.hadoop.fs.PathFilter'.
2024-11-12 13:41:30,108 INFO  EvoClassLoader - Keeping class: org.apache.hadoop.fs.PathFilter
2024-11-12 13:41:30,108 INFO  EvoClassLoader - Seeing class for first time: org.apache.hadoop.fs.RemoteIterator
2024-11-12 13:41:30,108 INFO  EvoClassLoader - Instrumenting class 'org.apache.hadoop.fs.RemoteIterator'.
2024-11-12 13:41:30,109 INFO  EvoClassLoader - Keeping class: org.apache.hadoop.fs.RemoteIterator
2024-11-12 13:41:30,109 INFO  EvoClassLoader - Seeing class for first time: org.apache.hadoop.fs.FileAlreadyExistsException
2024-11-12 13:41:30,109 INFO  EvoClassLoader - Instrumenting class 'org.apache.hadoop.fs.FileAlreadyExistsException'.
2024-11-12 13:41:30,109 INFO  MethodCallReplacementClassAdapter - Adding mock interface to class org/apache/hadoop/fs/FileAlreadyExistsException
2024-11-12 13:41:30,109 INFO  CreateClassResetClassAdapter - Creating brand-new static initializer in class org/apache/hadoop/fs/FileAlreadyExistsException
2024-11-12 13:41:30,109 INFO  EvoClassLoader - Keeping class: org.apache.hadoop.fs.FileAlreadyExistsException
2024-11-12 13:41:30,109 INFO  EvoClassLoader - Seeing class for first time: org.apache.hadoop.fs.ParentNotDirectoryException
2024-11-12 13:41:30,109 INFO  EvoClassLoader - Instrumenting class 'org.apache.hadoop.fs.ParentNotDirectoryException'.
2024-11-12 13:41:30,109 INFO  MethodCallReplacementClassAdapter - Adding mock interface to class org/apache/hadoop/fs/ParentNotDirectoryException
2024-11-12 13:41:30,109 INFO  CreateClassResetClassAdapter - Creating brand-new static initializer in class org/apache/hadoop/fs/ParentNotDirectoryException
2024-11-12 13:41:30,109 INFO  EvoClassLoader - Keeping class: org.apache.hadoop.fs.ParentNotDirectoryException
2024-11-12 13:41:30,109 INFO  EvoClassLoader - Seeing class for first time: org.apache.hadoop.fs.GlobalStorageStatistics$StorageStatisticsProvider
2024-11-12 13:41:30,109 INFO  EvoClassLoader - Instrumenting class 'org.apache.hadoop.fs.GlobalStorageStatistics$StorageStatisticsProvider'.
2024-11-12 13:41:30,110 INFO  EvoClassLoader - Keeping class: org.apache.hadoop.fs.GlobalStorageStatistics$StorageStatisticsProvider
2024-11-12 13:41:30,110 INFO  EvoClassLoader - Seeing class for first time: org.apache.hadoop.fs.CreateFlag
2024-11-12 13:41:30,110 INFO  EvoClassLoader - Instrumenting class 'org.apache.hadoop.fs.CreateFlag'.
2024-11-12 13:41:30,110 INFO  MethodCallReplacementClassAdapter - Adding mock interface to class org/apache/hadoop/fs/CreateFlag
2024-11-12 13:41:30,110 INFO  CreateClassResetClassAdapter - Found static initializer in class org/apache/hadoop/fs/CreateFlag
2024-11-12 13:41:30,110 INFO  EvoClassLoader - Keeping class: org.apache.hadoop.fs.CreateFlag
2024-11-12 13:41:30,110 INFO  EvoClassLoader - Seeing class for first time: org.apache.hadoop.fs.QuotaUsage
2024-11-12 13:41:30,110 INFO  EvoClassLoader - Instrumenting class 'org.apache.hadoop.fs.QuotaUsage'.
2024-11-12 13:41:30,110 INFO  MethodCallReplacementClassAdapter - Adding mock interface to class org/apache/hadoop/fs/QuotaUsage
2024-11-12 13:41:30,110 INFO  CreateClassResetClassAdapter - Found static initializer in class org/apache/hadoop/fs/QuotaUsage
2024-11-12 13:41:30,111 INFO  EvoClassLoader - Keeping class: org.apache.hadoop.fs.QuotaUsage
2024-11-12 13:41:30,111 INFO  EvoClassLoader - Seeing class for first time: org.apache.hadoop.fs.ContentSummary
2024-11-12 13:41:30,111 INFO  EvoClassLoader - Instrumenting class 'org.apache.hadoop.fs.ContentSummary'.
2024-11-12 13:41:30,111 INFO  MethodCallReplacementClassAdapter - Adding mock interface to class org/apache/hadoop/fs/ContentSummary
2024-11-12 13:41:30,111 INFO  CreateClassResetClassAdapter - Found static initializer in class org/apache/hadoop/fs/ContentSummary
2024-11-12 13:41:30,111 INFO  EvoClassLoader - Seeing class for first time: org.apache.hadoop.io.Writable
2024-11-12 13:41:30,111 INFO  EvoClassLoader - Instrumenting class 'org.apache.hadoop.io.Writable'.
2024-11-12 13:41:30,111 INFO  EvoClassLoader - Defined package (3): package org.apache.hadoop.io, -40118087
2024-11-12 13:41:30,111 INFO  EvoClassLoader - Keeping class: org.apache.hadoop.io.Writable
2024-11-12 13:41:30,111 INFO  EvoClassLoader - Keeping class: org.apache.hadoop.fs.ContentSummary
2024-11-12 13:41:30,111 INFO  EvoClassLoader - Seeing class for first time: org.apache.hadoop.fs.LocalFileSystem
2024-11-12 13:41:30,111 INFO  EvoClassLoader - Instrumenting class 'org.apache.hadoop.fs.LocalFileSystem'.
2024-11-12 13:41:30,112 INFO  MethodCallReplacementClassAdapter - Adding mock interface to class org/apache/hadoop/fs/LocalFileSystem
2024-11-12 13:41:30,112 INFO  CreateClassResetClassAdapter - Found static initializer in class org/apache/hadoop/fs/LocalFileSystem
2024-11-12 13:41:30,113 INFO  EvoClassLoader - Seeing class for first time: org.apache.hadoop.fs.ChecksumFileSystem
2024-11-12 13:41:30,113 INFO  EvoClassLoader - Instrumenting class 'org.apache.hadoop.fs.ChecksumFileSystem'.
2024-11-12 13:41:30,113 INFO  MethodCallReplacementClassAdapter - Adding mock interface to class org/apache/hadoop/fs/ChecksumFileSystem
2024-11-12 13:41:30,115 INFO  CreateClassResetClassAdapter - Found static initializer in class org/apache/hadoop/fs/ChecksumFileSystem
2024-11-12 13:41:30,115 INFO  EvoClassLoader - Seeing class for first time: org.apache.hadoop.fs.FilterFileSystem
2024-11-12 13:41:30,115 INFO  EvoClassLoader - Instrumenting class 'org.apache.hadoop.fs.FilterFileSystem'.
2024-11-12 13:41:30,115 INFO  MethodCallReplacementClassAdapter - Adding mock interface to class org/apache/hadoop/fs/FilterFileSystem
2024-11-12 13:41:30,116 INFO  CreateClassResetClassAdapter - Creating brand-new static initializer in class org/apache/hadoop/fs/FilterFileSystem
2024-11-12 13:41:30,116 INFO  EvoClassLoader - Keeping class: org.apache.hadoop.fs.FilterFileSystem
2024-11-12 13:41:30,117 INFO  EvoClassLoader - Keeping class: org.apache.hadoop.fs.ChecksumFileSystem
2024-11-12 13:41:30,117 INFO  EvoClassLoader - Keeping class: org.apache.hadoop.fs.LocalFileSystem
2024-11-12 13:41:30,117 INFO  EvoClassLoader - Seeing class for first time: org.apache.hadoop.security.AccessControlException
2024-11-12 13:41:30,117 INFO  EvoClassLoader - Instrumenting class 'org.apache.hadoop.security.AccessControlException'.
2024-11-12 13:41:30,117 INFO  MethodCallReplacementClassAdapter - Adding mock interface to class org/apache/hadoop/security/AccessControlException
2024-11-12 13:41:30,117 INFO  CreateClassResetClassAdapter - Creating brand-new static initializer in class org/apache/hadoop/security/AccessControlException
2024-11-12 13:41:30,117 INFO  EvoClassLoader - Defined package (3): package org.apache.hadoop.security, 1193150611
2024-11-12 13:41:30,117 INFO  EvoClassLoader - Keeping class: org.apache.hadoop.security.AccessControlException
2024-11-12 13:41:30,117 INFO  EvoClassLoader - Seeing class for first time: org.apache.hadoop.fs.XAttrSetFlag
2024-11-12 13:41:30,117 INFO  EvoClassLoader - Instrumenting class 'org.apache.hadoop.fs.XAttrSetFlag'.
2024-11-12 13:41:30,117 INFO  MethodCallReplacementClassAdapter - Adding mock interface to class org/apache/hadoop/fs/XAttrSetFlag
2024-11-12 13:41:30,118 INFO  CreateClassResetClassAdapter - Found static initializer in class org/apache/hadoop/fs/XAttrSetFlag
2024-11-12 13:41:30,118 INFO  EvoClassLoader - Keeping class: org.apache.hadoop.fs.XAttrSetFlag
2024-11-12 13:41:30,118 INFO  EvoClassLoader - Seeing class for first time: org.apache.hadoop.fs.UnsupportedFileSystemException
2024-11-12 13:41:30,118 INFO  EvoClassLoader - Instrumenting class 'org.apache.hadoop.fs.UnsupportedFileSystemException'.
2024-11-12 13:41:30,118 INFO  MethodCallReplacementClassAdapter - Adding mock interface to class org/apache/hadoop/fs/UnsupportedFileSystemException
2024-11-12 13:41:30,118 INFO  CreateClassResetClassAdapter - Creating brand-new static initializer in class org/apache/hadoop/fs/UnsupportedFileSystemException
2024-11-12 13:41:30,118 INFO  EvoClassLoader - Keeping class: org.apache.hadoop.fs.UnsupportedFileSystemException
2024-11-12 13:41:30,118 INFO  EvoClassLoader - Seeing class for first time: org.apache.hadoop.fs.StorageStatistics
2024-11-12 13:41:30,118 INFO  EvoClassLoader - Instrumenting class 'org.apache.hadoop.fs.StorageStatistics'.
2024-11-12 13:41:30,118 INFO  MethodCallReplacementClassAdapter - Adding mock interface to class org/apache/hadoop/fs/StorageStatistics
2024-11-12 13:41:30,118 INFO  CreateClassResetClassAdapter - Creating brand-new static initializer in class org/apache/hadoop/fs/StorageStatistics
2024-11-12 13:41:30,118 INFO  EvoClassLoader - Keeping class: org.apache.hadoop.fs.StorageStatistics
2024-11-12 13:41:30,118 INFO  EvoClassLoader - Seeing class for first time: org.apache.hadoop.fs.EmptyStorageStatistics
2024-11-12 13:41:30,118 INFO  EvoClassLoader - Instrumenting class 'org.apache.hadoop.fs.EmptyStorageStatistics'.
2024-11-12 13:41:30,119 INFO  MethodCallReplacementClassAdapter - Adding mock interface to class org/apache/hadoop/fs/EmptyStorageStatistics
2024-11-12 13:41:30,119 INFO  CreateClassResetClassAdapter - Creating brand-new static initializer in class org/apache/hadoop/fs/EmptyStorageStatistics
2024-11-12 13:41:30,119 INFO  EvoClassLoader - Keeping class: org.apache.hadoop.fs.EmptyStorageStatistics
2024-11-12 13:41:30,119 INFO  EvoClassLoader - Seeing class for first time: org.apache.hadoop.fs.FSDataOutputStreamBuilder
2024-11-12 13:41:30,119 INFO  EvoClassLoader - Instrumenting class 'org.apache.hadoop.fs.FSDataOutputStreamBuilder'.
2024-11-12 13:41:30,119 INFO  MethodCallReplacementClassAdapter - Adding mock interface to class org/apache/hadoop/fs/FSDataOutputStreamBuilder
2024-11-12 13:41:30,119 INFO  CreateClassResetClassAdapter - Creating brand-new static initializer in class org/apache/hadoop/fs/FSDataOutputStreamBuilder
2024-11-12 13:41:30,119 INFO  EvoClassLoader - Seeing class for first time: org.apache.hadoop.fs.impl.AbstractFSBuilderImpl
2024-11-12 13:41:30,119 INFO  EvoClassLoader - Instrumenting class 'org.apache.hadoop.fs.impl.AbstractFSBuilderImpl'.
2024-11-12 13:41:30,119 INFO  MethodCallReplacementClassAdapter - Adding mock interface to class org/apache/hadoop/fs/impl/AbstractFSBuilderImpl
2024-11-12 13:41:30,119 INFO  CreateClassResetClassAdapter - Creating brand-new static initializer in class org/apache/hadoop/fs/impl/AbstractFSBuilderImpl
2024-11-12 13:41:30,119 INFO  CreateClassResetClassAdapter - Adding bytecode for initializing field UNKNOWN_MANDATORY_KEY
2024-11-12 13:41:30,119 INFO  CreateClassResetClassAdapter - Adding bytecode for initializing field E_BOTH_A_PATH_AND_A_PATH_HANDLE
2024-11-12 13:41:30,119 INFO  EvoClassLoader - Defined package (3): package org.apache.hadoop.fs.impl, -2003435794
2024-11-12 13:41:30,120 INFO  EvoClassLoader - Seeing class for first time: org.apache.hadoop.fs.FSBuilder
2024-11-12 13:41:30,120 INFO  EvoClassLoader - Instrumenting class 'org.apache.hadoop.fs.FSBuilder'.
2024-11-12 13:41:30,120 INFO  EvoClassLoader - Keeping class: org.apache.hadoop.fs.FSBuilder
2024-11-12 13:41:30,120 INFO  EvoClassLoader - Keeping class: org.apache.hadoop.fs.impl.AbstractFSBuilderImpl
2024-11-12 13:41:30,120 INFO  EvoClassLoader - Keeping class: org.apache.hadoop.fs.FSDataOutputStreamBuilder
2024-11-12 13:41:30,120 INFO  EvoClassLoader - Seeing class for first time: org.apache.hadoop.fs.FileSystem$FileSystemDataOutputStreamBuilder
2024-11-12 13:41:30,120 INFO  EvoClassLoader - Instrumenting class 'org.apache.hadoop.fs.FileSystem$FileSystemDataOutputStreamBuilder'.
2024-11-12 13:41:30,120 INFO  MethodCallReplacementClassAdapter - Adding mock interface to class org/apache/hadoop/fs/FileSystem$FileSystemDataOutputStreamBuilder
2024-11-12 13:41:30,120 INFO  CreateClassResetClassAdapter - Creating brand-new static initializer in class org/apache/hadoop/fs/FileSystem$FileSystemDataOutputStreamBuilder
2024-11-12 13:41:30,120 INFO  EvoClassLoader - Keeping class: org.apache.hadoop.fs.FileSystem$FileSystemDataOutputStreamBuilder
2024-11-12 13:41:30,121 INFO  EvoClassLoader - Seeing class for first time: org.apache.commons.logging.impl.Log4JLogger
2024-11-12 13:41:30,121 INFO  EvoClassLoader - Instrumenting class 'org.apache.commons.logging.impl.Log4JLogger'.
2024-11-12 13:41:30,121 INFO  MethodCallReplacementClassAdapter - Adding mock interface to class org/apache/commons/logging/impl/Log4JLogger
2024-11-12 13:41:30,121 INFO  CreateClassResetClassAdapter - Found static initializer in class org/apache/commons/logging/impl/Log4JLogger
2024-11-12 13:41:30,122 INFO  EvoClassLoader - Keeping class: org.apache.commons.logging.impl.Log4JLogger
2024-11-12 13:41:30,122 INFO  EvoClassLoader - Seeing class for first time: org.apache.log4j.Category
2024-11-12 13:41:30,122 INFO  EvoClassLoader - Instrumenting class 'org.apache.log4j.Category'.
2024-11-12 13:41:30,123 INFO  MethodCallReplacementClassAdapter - Adding mock interface to class org/apache/log4j/Category
2024-11-12 13:41:30,123 INFO  CreateClassResetClassAdapter - Found static initializer in class org/apache/log4j/Category
2024-11-12 13:41:30,123 INFO  EvoClassLoader - Seeing class for first time: org.apache.log4j.spi.AppenderAttachable
2024-11-12 13:41:30,123 INFO  EvoClassLoader - Instrumenting class 'org.apache.log4j.spi.AppenderAttachable'.
2024-11-12 13:41:30,124 INFO  EvoClassLoader - Keeping class: org.apache.log4j.spi.AppenderAttachable
2024-11-12 13:41:30,124 INFO  EvoClassLoader - Keeping class: org.apache.log4j.Category
2024-11-12 13:41:30,124 INFO  EvoClassLoader - Seeing class for first time: org.apache.log4j.Logger
2024-11-12 13:41:30,124 INFO  EvoClassLoader - Instrumenting class 'org.apache.log4j.Logger'.
2024-11-12 13:41:30,124 INFO  MethodCallReplacementClassAdapter - Adding mock interface to class org/apache/log4j/Logger
2024-11-12 13:41:30,124 INFO  CreateClassResetClassAdapter - Found static initializer in class org/apache/log4j/Logger
2024-11-12 13:41:30,124 INFO  EvoClassLoader - Keeping class: org.apache.log4j.Logger
2024-11-12 13:41:30,124 INFO  EvoClassLoader - Seeing class for first time: org.apache.log4j.Priority
2024-11-12 13:41:30,124 INFO  EvoClassLoader - Instrumenting class 'org.apache.log4j.Priority'.
2024-11-12 13:41:30,124 INFO  MethodCallReplacementClassAdapter - Adding mock interface to class org/apache/log4j/Priority
2024-11-12 13:41:30,124 INFO  CreateClassResetClassAdapter - Found static initializer in class org/apache/log4j/Priority
2024-11-12 13:41:30,124 INFO  EvoClassLoader - Keeping class: org.apache.log4j.Priority
2024-11-12 13:41:30,124 INFO  EvoClassLoader - Seeing class for first time: org.apache.log4j.Level
2024-11-12 13:41:30,124 INFO  EvoClassLoader - Instrumenting class 'org.apache.log4j.Level'.
2024-11-12 13:41:30,124 INFO  MethodCallReplacementClassAdapter - Adding mock interface to class org/apache/log4j/Level
2024-11-12 13:41:30,125 INFO  CreateClassResetClassAdapter - Found static initializer in class org/apache/log4j/Level
2024-11-12 13:41:30,125 INFO  EvoClassLoader - Keeping class: org.apache.log4j.Level
2024-11-12 13:41:30,126 INFO  EvoClassLoader - Seeing class for first time: org.apache.log4j.LogManager
2024-11-12 13:41:30,126 INFO  EvoClassLoader - Instrumenting class 'org.apache.log4j.LogManager'.
2024-11-12 13:41:30,126 INFO  MethodCallReplacementClassAdapter - Adding mock interface to class org/apache/log4j/LogManager
2024-11-12 13:41:30,127 INFO  CreateClassResetClassAdapter - Found static initializer in class org/apache/log4j/LogManager
2024-11-12 13:41:30,127 INFO  EvoClassLoader - Keeping class: org.apache.log4j.LogManager
2024-11-12 13:41:30,127 INFO  EvoClassLoader - Seeing class for first time: org.apache.log4j.spi.RootLogger
2024-11-12 13:41:30,127 INFO  EvoClassLoader - Instrumenting class 'org.apache.log4j.spi.RootLogger'.
2024-11-12 13:41:30,128 INFO  MethodCallReplacementClassAdapter - Adding mock interface to class org/apache/log4j/spi/RootLogger
2024-11-12 13:41:30,128 INFO  CreateClassResetClassAdapter - Creating brand-new static initializer in class org/apache/log4j/spi/RootLogger
2024-11-12 13:41:30,128 INFO  EvoClassLoader - Keeping class: org.apache.log4j.spi.RootLogger
2024-11-12 13:41:30,128 INFO  EvoClassLoader - Seeing class for first time: org.apache.log4j.spi.LoggerRepository
2024-11-12 13:41:30,128 INFO  EvoClassLoader - Instrumenting class 'org.apache.log4j.spi.LoggerRepository'.
2024-11-12 13:41:30,128 INFO  EvoClassLoader - Keeping class: org.apache.log4j.spi.LoggerRepository
2024-11-12 13:41:30,128 INFO  EvoClassLoader - Seeing class for first time: org.apache.log4j.spi.RepositorySelector
2024-11-12 13:41:30,128 INFO  EvoClassLoader - Instrumenting class 'org.apache.log4j.spi.RepositorySelector'.
2024-11-12 13:41:30,129 INFO  EvoClassLoader - Keeping class: org.apache.log4j.spi.RepositorySelector
2024-11-12 13:41:30,129 INFO  EvoClassLoader - Seeing class for first time: org.apache.log4j.Hierarchy
2024-11-12 13:41:30,129 INFO  EvoClassLoader - Instrumenting class 'org.apache.log4j.Hierarchy'.
2024-11-12 13:41:30,129 INFO  MethodCallReplacementClassAdapter - Adding mock interface to class org/apache/log4j/Hierarchy
2024-11-12 13:41:30,129 INFO  CreateClassResetClassAdapter - Creating brand-new static initializer in class org/apache/log4j/Hierarchy
2024-11-12 13:41:30,130 INFO  EvoClassLoader - Seeing class for first time: org.apache.log4j.spi.RendererSupport
2024-11-12 13:41:30,130 INFO  EvoClassLoader - Instrumenting class 'org.apache.log4j.spi.RendererSupport'.
2024-11-12 13:41:30,130 INFO  EvoClassLoader - Keeping class: org.apache.log4j.spi.RendererSupport
2024-11-12 13:41:30,130 INFO  EvoClassLoader - Seeing class for first time: org.apache.log4j.spi.ThrowableRendererSupport
2024-11-12 13:41:30,130 INFO  EvoClassLoader - Instrumenting class 'org.apache.log4j.spi.ThrowableRendererSupport'.
2024-11-12 13:41:30,130 INFO  EvoClassLoader - Keeping class: org.apache.log4j.spi.ThrowableRendererSupport
2024-11-12 13:41:30,130 INFO  EvoClassLoader - Keeping class: org.apache.log4j.Hierarchy
2024-11-12 13:41:30,130 INFO  EvoClassLoader - Seeing class for first time: org.apache.log4j.spi.LoggerFactory
2024-11-12 13:41:30,130 INFO  EvoClassLoader - Instrumenting class 'org.apache.log4j.spi.LoggerFactory'.
2024-11-12 13:41:30,131 INFO  EvoClassLoader - Keeping class: org.apache.log4j.spi.LoggerFactory
2024-11-12 13:41:30,131 INFO  EvoClassLoader - Seeing class for first time: org.apache.log4j.or.RendererMap
2024-11-12 13:41:30,131 INFO  EvoClassLoader - Instrumenting class 'org.apache.log4j.or.RendererMap'.
2024-11-12 13:41:30,131 INFO  MethodCallReplacementClassAdapter - Adding mock interface to class org/apache/log4j/or/RendererMap
2024-11-12 13:41:30,131 INFO  CreateClassResetClassAdapter - Found static initializer in class org/apache/log4j/or/RendererMap
2024-11-12 13:41:30,131 INFO  EvoClassLoader - Keeping class: org.apache.log4j.or.RendererMap
2024-11-12 13:41:30,131 INFO  EvoClassLoader - Seeing class for first time: org.apache.log4j.or.ObjectRenderer
2024-11-12 13:41:30,131 INFO  EvoClassLoader - Instrumenting class 'org.apache.log4j.or.ObjectRenderer'.
2024-11-12 13:41:30,132 INFO  EvoClassLoader - Keeping class: org.apache.log4j.or.ObjectRenderer
2024-11-12 13:41:30,132 INFO  EvoClassLoader - Seeing class for first time: org.apache.log4j.or.DefaultRenderer
2024-11-12 13:41:30,132 INFO  EvoClassLoader - Instrumenting class 'org.apache.log4j.or.DefaultRenderer'.
2024-11-12 13:41:30,132 INFO  MethodCallReplacementClassAdapter - Adding mock interface to class org/apache/log4j/or/DefaultRenderer
2024-11-12 13:41:30,132 INFO  CreateClassResetClassAdapter - Creating brand-new static initializer in class org/apache/log4j/or/DefaultRenderer
2024-11-12 13:41:30,132 INFO  EvoClassLoader - Keeping class: org.apache.log4j.or.DefaultRenderer
2024-11-12 13:41:30,132 INFO  EvoClassLoader - Seeing class for first time: org.apache.log4j.DefaultCategoryFactory
2024-11-12 13:41:30,132 INFO  EvoClassLoader - Instrumenting class 'org.apache.log4j.DefaultCategoryFactory'.
2024-11-12 13:41:30,133 INFO  MethodCallReplacementClassAdapter - Adding mock interface to class org/apache/log4j/DefaultCategoryFactory
2024-11-12 13:41:30,133 INFO  CreateClassResetClassAdapter - Creating brand-new static initializer in class org/apache/log4j/DefaultCategoryFactory
2024-11-12 13:41:30,133 INFO  EvoClassLoader - Keeping class: org.apache.log4j.DefaultCategoryFactory
2024-11-12 13:41:30,133 INFO  EvoClassLoader - Seeing class for first time: org.apache.log4j.spi.DefaultRepositorySelector
2024-11-12 13:41:30,133 INFO  EvoClassLoader - Instrumenting class 'org.apache.log4j.spi.DefaultRepositorySelector'.
2024-11-12 13:41:30,133 INFO  MethodCallReplacementClassAdapter - Adding mock interface to class org/apache/log4j/spi/DefaultRepositorySelector
2024-11-12 13:41:30,133 INFO  CreateClassResetClassAdapter - Creating brand-new static initializer in class org/apache/log4j/spi/DefaultRepositorySelector
2024-11-12 13:41:30,133 INFO  EvoClassLoader - Keeping class: org.apache.log4j.spi.DefaultRepositorySelector
2024-11-12 13:41:30,133 INFO  EvoClassLoader - Seeing class for first time: org.apache.log4j.helpers.OptionConverter
2024-11-12 13:41:30,133 INFO  EvoClassLoader - Instrumenting class 'org.apache.log4j.helpers.OptionConverter'.
2024-11-12 13:41:30,133 INFO  MethodCallReplacementClassAdapter - Adding mock interface to class org/apache/log4j/helpers/OptionConverter
2024-11-12 13:41:30,134 INFO  CreateClassResetClassAdapter - Found static initializer in class org/apache/log4j/helpers/OptionConverter
2024-11-12 13:41:30,135 INFO  EvoClassLoader - Keeping class: org.apache.log4j.helpers.OptionConverter
2024-11-12 13:41:30,135 INFO  EvoClassLoader - Seeing class for first time: org.apache.log4j.spi.Configurator
2024-11-12 13:41:30,135 INFO  EvoClassLoader - Instrumenting class 'org.apache.log4j.spi.Configurator'.
2024-11-12 13:41:30,136 INFO  EvoClassLoader - Keeping class: org.apache.log4j.spi.Configurator
2024-11-12 13:41:30,136 INFO  EvoClassLoader - Seeing class for first time: org.apache.log4j.helpers.Loader
2024-11-12 13:41:30,136 INFO  EvoClassLoader - Instrumenting class 'org.apache.log4j.helpers.Loader'.
2024-11-12 13:41:30,136 INFO  MethodCallReplacementClassAdapter - Adding mock interface to class org/apache/log4j/helpers/Loader
2024-11-12 13:41:30,136 INFO  CreateClassResetClassAdapter - Found static initializer in class org/apache/log4j/helpers/Loader
2024-11-12 13:41:30,136 INFO  EvoClassLoader - Keeping class: org.apache.log4j.helpers.Loader
2024-11-12 13:41:30,137 INFO  EvoClassLoader - Seeing class for first time: org.apache.log4j.helpers.LogLog
2024-11-12 13:41:30,137 INFO  EvoClassLoader - Instrumenting class 'org.apache.log4j.helpers.LogLog'.
2024-11-12 13:41:30,137 INFO  MethodCallReplacementClassAdapter - Adding mock interface to class org/apache/log4j/helpers/LogLog
2024-11-12 13:41:30,137 INFO  CreateClassResetClassAdapter - Found static initializer in class org/apache/log4j/helpers/LogLog
2024-11-12 13:41:30,137 INFO  EvoClassLoader - Keeping class: org.apache.log4j.helpers.LogLog
2024-11-12 13:41:30,137 INFO  EvoClassLoader - Seeing class for first time: org.apache.log4j.PropertyConfigurator
2024-11-12 13:41:30,137 INFO  EvoClassLoader - Instrumenting class 'org.apache.log4j.PropertyConfigurator'.
2024-11-12 13:41:30,138 INFO  MethodCallReplacementClassAdapter - Adding mock interface to class org/apache/log4j/PropertyConfigurator
2024-11-12 13:41:30,138 INFO  CreateClassResetClassAdapter - Creating brand-new static initializer in class org/apache/log4j/PropertyConfigurator
2024-11-12 13:41:30,138 INFO  CreateClassResetClassAdapter - Adding bytecode for initializing field CATEGORY_PREFIX
2024-11-12 13:41:30,138 INFO  CreateClassResetClassAdapter - Adding bytecode for initializing field LOGGER_PREFIX
2024-11-12 13:41:30,138 INFO  CreateClassResetClassAdapter - Adding bytecode for initializing field FACTORY_PREFIX
2024-11-12 13:41:30,138 INFO  CreateClassResetClassAdapter - Adding bytecode for initializing field ADDITIVITY_PREFIX
2024-11-12 13:41:30,138 INFO  CreateClassResetClassAdapter - Adding bytecode for initializing field ROOT_CATEGORY_PREFIX
2024-11-12 13:41:30,138 INFO  CreateClassResetClassAdapter - Adding bytecode for initializing field ROOT_LOGGER_PREFIX
2024-11-12 13:41:30,138 INFO  CreateClassResetClassAdapter - Adding bytecode for initializing field APPENDER_PREFIX
2024-11-12 13:41:30,138 INFO  CreateClassResetClassAdapter - Adding bytecode for initializing field RENDERER_PREFIX
2024-11-12 13:41:30,139 INFO  CreateClassResetClassAdapter - Adding bytecode for initializing field THRESHOLD_PREFIX
2024-11-12 13:41:30,139 INFO  CreateClassResetClassAdapter - Adding bytecode for initializing field THROWABLE_RENDERER_PREFIX
2024-11-12 13:41:30,139 INFO  CreateClassResetClassAdapter - Adding bytecode for initializing field LOGGER_REF
2024-11-12 13:41:30,139 INFO  CreateClassResetClassAdapter - Adding bytecode for initializing field ROOT_REF
2024-11-12 13:41:30,139 INFO  CreateClassResetClassAdapter - Adding bytecode for initializing field APPENDER_REF_TAG
2024-11-12 13:41:30,139 INFO  CreateClassResetClassAdapter - Adding bytecode for initializing field LOGGER_FACTORY_KEY
2024-11-12 13:41:30,139 INFO  CreateClassResetClassAdapter - Adding bytecode for initializing field RESET_KEY
2024-11-12 13:41:30,139 INFO  CreateClassResetClassAdapter - Adding bytecode for initializing field INTERNAL_ROOT_NAME
2024-11-12 13:41:30,139 INFO  EvoClassLoader - Keeping class: org.apache.log4j.PropertyConfigurator
2024-11-12 13:41:30,140 INFO  EvoClassLoader - Seeing class for first time: org.apache.log4j.CategoryKey
2024-11-12 13:41:30,140 INFO  EvoClassLoader - Instrumenting class 'org.apache.log4j.CategoryKey'.
2024-11-12 13:41:30,140 INFO  MethodCallReplacementClassAdapter - Adding mock interface to class org/apache/log4j/CategoryKey
2024-11-12 13:41:30,140 INFO  CreateClassResetClassAdapter - Creating brand-new static initializer in class org/apache/log4j/CategoryKey
2024-11-12 13:41:30,140 INFO  EvoClassLoader - Keeping class: org.apache.log4j.CategoryKey
2024-11-12 13:41:30,140 INFO  EvoClassLoader - Seeing class for first time: org.apache.log4j.ProvisionNode
2024-11-12 13:41:30,140 INFO  EvoClassLoader - Instrumenting class 'org.apache.log4j.ProvisionNode'.
2024-11-12 13:41:30,140 INFO  MethodCallReplacementClassAdapter - Adding mock interface to class org/apache/log4j/ProvisionNode
2024-11-12 13:41:30,140 INFO  CreateClassResetClassAdapter - Creating brand-new static initializer in class org/apache/log4j/ProvisionNode
2024-11-12 13:41:30,141 INFO  EvoClassLoader - Keeping class: org.apache.log4j.ProvisionNode
2024-11-12 13:41:30,141 INFO  EvoClassLoader - Seeing class for first time: org.apache.hadoop.fs.FileSystem$Cache
2024-11-12 13:41:30,141 INFO  EvoClassLoader - Instrumenting class 'org.apache.hadoop.fs.FileSystem$Cache'.
2024-11-12 13:41:30,141 INFO  MethodCallReplacementClassAdapter - Adding mock interface to class org/apache/hadoop/fs/FileSystem$Cache
2024-11-12 13:41:30,142 INFO  CreateClassResetClassAdapter - Found static initializer in class org/apache/hadoop/fs/FileSystem$Cache
2024-11-12 13:41:30,142 INFO  EvoClassLoader - Keeping class: org.apache.hadoop.fs.FileSystem$Cache
2024-11-12 13:41:30,142 INFO  EvoClassLoader - Seeing class for first time: org.apache.hadoop.conf.Configuration
2024-11-12 13:41:30,142 INFO  EvoClassLoader - Instrumenting class 'org.apache.hadoop.conf.Configuration'.
2024-11-12 13:41:30,143 INFO  MethodCallReplacementClassAdapter - Adding mock interface to class org/apache/hadoop/conf/Configuration
2024-11-12 13:41:30,146 INFO  CreateClassResetClassAdapter - Found static initializer in class org/apache/hadoop/conf/Configuration
2024-11-12 13:41:30,147 INFO  EvoClassLoader - Keeping class: org.apache.hadoop.conf.Configuration
2024-11-12 13:41:30,147 INFO  EvoClassLoader - Seeing class for first time: com.ctc.wstx.io.InputBootstrapper
2024-11-12 13:41:30,147 INFO  EvoClassLoader - Instrumenting class 'com.ctc.wstx.io.InputBootstrapper'.
2024-11-12 13:41:30,147 INFO  MethodCallReplacementClassAdapter - Adding mock interface to class com/ctc/wstx/io/InputBootstrapper
2024-11-12 13:41:30,148 INFO  CreateClassResetClassAdapter - Creating brand-new static initializer in class com/ctc/wstx/io/InputBootstrapper
2024-11-12 13:41:30,148 INFO  CreateClassResetClassAdapter - Adding bytecode for initializing field ERR_XMLDECL_KW_VERSION
2024-11-12 13:41:30,148 INFO  CreateClassResetClassAdapter - Adding bytecode for initializing field ERR_XMLDECL_KW_ENCODING
2024-11-12 13:41:30,148 INFO  CreateClassResetClassAdapter - Adding bytecode for initializing field ERR_XMLDECL_KW_STANDALONE
2024-11-12 13:41:30,148 INFO  CreateClassResetClassAdapter - Adding bytecode for initializing field ERR_XMLDECL_END_MARKER
2024-11-12 13:41:30,148 INFO  CreateClassResetClassAdapter - Adding bytecode for initializing field ERR_XMLDECL_EXP_SPACE
2024-11-12 13:41:30,148 INFO  CreateClassResetClassAdapter - Adding bytecode for initializing field ERR_XMLDECL_EXP_EQ
2024-11-12 13:41:30,148 INFO  CreateClassResetClassAdapter - Adding bytecode for initializing field ERR_XMLDECL_EXP_ATTRVAL
2024-11-12 13:41:30,148 INFO  CreateClassResetClassAdapter - Adding bytecode for initializing field CHAR_NULL
2024-11-12 13:41:30,148 INFO  CreateClassResetClassAdapter - Adding bytecode for initializing field CHAR_SPACE
2024-11-12 13:41:30,148 INFO  CreateClassResetClassAdapter - Adding bytecode for initializing field CHAR_NEL
2024-11-12 13:41:30,148 INFO  CreateClassResetClassAdapter - Adding bytecode for initializing field CHAR_CR
2024-11-12 13:41:30,148 INFO  CreateClassResetClassAdapter - Adding bytecode for initializing field CHAR_LF
2024-11-12 13:41:30,148 INFO  CreateClassResetClassAdapter - Adding bytecode for initializing field BYTE_NULL
2024-11-12 13:41:30,148 INFO  CreateClassResetClassAdapter - Adding bytecode for initializing field BYTE_CR
2024-11-12 13:41:30,148 INFO  CreateClassResetClassAdapter - Adding bytecode for initializing field BYTE_LF
2024-11-12 13:41:30,148 INFO  EvoClassLoader - Defined package (3): package com.ctc.wstx.io, 1195124395
2024-11-12 13:41:30,148 INFO  EvoClassLoader - Keeping class: com.ctc.wstx.io.InputBootstrapper
2024-11-12 13:41:30,148 INFO  EvoClassLoader - Seeing class for first time: com.ctc.wstx.io.StreamBootstrapper
2024-11-12 13:41:30,148 INFO  EvoClassLoader - Instrumenting class 'com.ctc.wstx.io.StreamBootstrapper'.
2024-11-12 13:41:30,149 INFO  MethodCallReplacementClassAdapter - Adding mock interface to class com/ctc/wstx/io/StreamBootstrapper
2024-11-12 13:41:30,152 INFO  CreateClassResetClassAdapter - Creating brand-new static initializer in class com/ctc/wstx/io/StreamBootstrapper
2024-11-12 13:41:30,152 INFO  CreateClassResetClassAdapter - Adding bytecode for initializing field MIN_BUF_SIZE
2024-11-12 13:41:30,152 INFO  EvoClassLoader - Keeping class: com.ctc.wstx.io.StreamBootstrapper
2024-11-12 13:41:30,153 INFO  EvoClassLoader - Seeing class for first time: org.apache.hadoop.conf.Configuration$NegativeCacheSentinel
2024-11-12 13:41:30,153 INFO  EvoClassLoader - Instrumenting class 'org.apache.hadoop.conf.Configuration$NegativeCacheSentinel'.
2024-11-12 13:41:30,153 INFO  MethodCallReplacementClassAdapter - Adding mock interface to class org/apache/hadoop/conf/Configuration$NegativeCacheSentinel
2024-11-12 13:41:30,153 INFO  CreateClassResetClassAdapter - Creating brand-new static initializer in class org/apache/hadoop/conf/Configuration$NegativeCacheSentinel
2024-11-12 13:41:30,153 INFO  EvoClassLoader - Keeping class: org.apache.hadoop.conf.Configuration$NegativeCacheSentinel
2024-11-12 13:41:30,153 INFO  EvoClassLoader - Seeing class for first time: com.ctc.wstx.stax.WstxInputFactory
2024-11-12 13:41:30,153 INFO  EvoClassLoader - Instrumenting class 'com.ctc.wstx.stax.WstxInputFactory'.
2024-11-12 13:41:30,154 INFO  MethodCallReplacementClassAdapter - Adding mock interface to class com/ctc/wstx/stax/WstxInputFactory
2024-11-12 13:41:30,156 INFO  CreateClassResetClassAdapter - Found static initializer in class com/ctc/wstx/stax/WstxInputFactory
2024-11-12 13:41:30,156 INFO  EvoClassLoader - Defined package (3): package com.ctc.wstx.stax, 1758581405
2024-11-12 13:41:30,156 INFO  EvoClassLoader - Seeing class for first time: com.ctc.wstx.sr.ReaderCreator
2024-11-12 13:41:30,156 INFO  EvoClassLoader - Instrumenting class 'com.ctc.wstx.sr.ReaderCreator'.
2024-11-12 13:41:30,156 INFO  EvoClassLoader - Defined package (3): package com.ctc.wstx.sr, 1195124708
2024-11-12 13:41:30,156 INFO  EvoClassLoader - Keeping class: com.ctc.wstx.sr.ReaderCreator
2024-11-12 13:41:30,156 INFO  EvoClassLoader - Seeing class for first time: com.ctc.wstx.cfg.InputConfigFlags
2024-11-12 13:41:30,156 INFO  EvoClassLoader - Instrumenting class 'com.ctc.wstx.cfg.InputConfigFlags'.
2024-11-12 13:41:30,157 INFO  EvoClassLoader - Defined package (3): package com.ctc.wstx.cfg, -1605855361
2024-11-12 13:41:30,157 INFO  EvoClassLoader - Keeping class: com.ctc.wstx.cfg.InputConfigFlags
2024-11-12 13:41:30,157 INFO  EvoClassLoader - Seeing class for first time: org.codehaus.stax2.XMLInputFactory2
2024-11-12 13:41:30,157 INFO  EvoClassLoader - Instrumenting class 'org.codehaus.stax2.XMLInputFactory2'.
2024-11-12 13:41:30,157 INFO  MethodCallReplacementClassAdapter - Adding mock interface to class org/codehaus/stax2/XMLInputFactory2
2024-11-12 13:41:30,157 INFO  CreateClassResetClassAdapter - Creating brand-new static initializer in class org/codehaus/stax2/XMLInputFactory2
2024-11-12 13:41:30,157 INFO  CreateClassResetClassAdapter - Adding bytecode for initializing field P_REPORT_PROLOG_WHITESPACE
2024-11-12 13:41:30,157 INFO  CreateClassResetClassAdapter - Adding bytecode for initializing field P_REPORT_CDATA
2024-11-12 13:41:30,157 INFO  CreateClassResetClassAdapter - Adding bytecode for initializing field P_LAZY_PARSING
2024-11-12 13:41:30,157 INFO  CreateClassResetClassAdapter - Adding bytecode for initializing field P_INTERN_NAMES
2024-11-12 13:41:30,157 INFO  CreateClassResetClassAdapter - Adding bytecode for initializing field P_INTERN_NS_URIS
2024-11-12 13:41:30,157 INFO  CreateClassResetClassAdapter - Adding bytecode for initializing field P_PRESERVE_LOCATION
2024-11-12 13:41:30,157 INFO  CreateClassResetClassAdapter - Adding bytecode for initializing field P_AUTO_CLOSE_INPUT
2024-11-12 13:41:30,157 INFO  CreateClassResetClassAdapter - Adding bytecode for initializing field P_DTD_OVERRIDE
2024-11-12 13:41:30,157 INFO  EvoClassLoader - Defined package (3): package org.codehaus.stax2, -1889860742
2024-11-12 13:41:30,157 INFO  EvoClassLoader - Seeing class for first time: org.codehaus.stax2.XMLStreamProperties
2024-11-12 13:41:30,157 INFO  EvoClassLoader - Instrumenting class 'org.codehaus.stax2.XMLStreamProperties'.
2024-11-12 13:41:30,157 INFO  EvoClassLoader - Keeping class: org.codehaus.stax2.XMLStreamProperties
2024-11-12 13:41:30,157 INFO  EvoClassLoader - Keeping class: org.codehaus.stax2.XMLInputFactory2
2024-11-12 13:41:30,157 INFO  EvoClassLoader - Keeping class: com.ctc.wstx.stax.WstxInputFactory
2024-11-12 13:41:30,157 INFO  EvoClassLoader - Seeing class for first time: com.ctc.wstx.exc.WstxIOException
2024-11-12 13:41:30,157 INFO  EvoClassLoader - Instrumenting class 'com.ctc.wstx.exc.WstxIOException'.
2024-11-12 13:41:30,157 INFO  MethodCallReplacementClassAdapter - Adding mock interface to class com/ctc/wstx/exc/WstxIOException
2024-11-12 13:41:30,157 INFO  CreateClassResetClassAdapter - Creating brand-new static initializer in class com/ctc/wstx/exc/WstxIOException
2024-11-12 13:41:30,157 INFO  EvoClassLoader - Defined package (3): package com.ctc.wstx.exc, -1605852885
2024-11-12 13:41:30,157 INFO  EvoClassLoader - Seeing class for first time: com.ctc.wstx.exc.WstxException
2024-11-12 13:41:30,157 INFO  EvoClassLoader - Instrumenting class 'com.ctc.wstx.exc.WstxException'.
2024-11-12 13:41:30,158 INFO  MethodCallReplacementClassAdapter - Adding mock interface to class com/ctc/wstx/exc/WstxException
2024-11-12 13:41:30,158 INFO  CreateClassResetClassAdapter - Creating brand-new static initializer in class com/ctc/wstx/exc/WstxException
2024-11-12 13:41:30,158 INFO  EvoClassLoader - Keeping class: com.ctc.wstx.exc.WstxException
2024-11-12 13:41:30,158 INFO  EvoClassLoader - Keeping class: com.ctc.wstx.exc.WstxIOException
2024-11-12 13:41:30,158 INFO  EvoClassLoader - Seeing class for first time: com.ctc.wstx.io.ReaderBootstrapper
2024-11-12 13:41:30,158 INFO  EvoClassLoader - Instrumenting class 'com.ctc.wstx.io.ReaderBootstrapper'.
2024-11-12 13:41:30,158 INFO  MethodCallReplacementClassAdapter - Adding mock interface to class com/ctc/wstx/io/ReaderBootstrapper
2024-11-12 13:41:30,158 INFO  CreateClassResetClassAdapter - Creating brand-new static initializer in class com/ctc/wstx/io/ReaderBootstrapper
2024-11-12 13:41:30,158 INFO  CreateClassResetClassAdapter - Adding bytecode for initializing field CHAR_BOM_MARKER
2024-11-12 13:41:30,158 INFO  EvoClassLoader - Keeping class: com.ctc.wstx.io.ReaderBootstrapper
2024-11-12 13:41:30,158 INFO  EvoClassLoader - Seeing class for first time: org.codehaus.stax2.XMLStreamReader2
2024-11-12 13:41:30,158 INFO  EvoClassLoader - Instrumenting class 'org.codehaus.stax2.XMLStreamReader2'.
2024-11-12 13:41:30,159 INFO  EvoClassLoader - Seeing class for first time: org.codehaus.stax2.typed.TypedXMLStreamReader
2024-11-12 13:41:30,159 INFO  EvoClassLoader - Instrumenting class 'org.codehaus.stax2.typed.TypedXMLStreamReader'.
2024-11-12 13:41:30,159 INFO  EvoClassLoader - Defined package (3): package org.codehaus.stax2.typed, -1667283722
2024-11-12 13:41:30,159 INFO  EvoClassLoader - Keeping class: org.codehaus.stax2.typed.TypedXMLStreamReader
2024-11-12 13:41:30,159 INFO  EvoClassLoader - Seeing class for first time: org.codehaus.stax2.validation.Validatable
2024-11-12 13:41:30,159 INFO  EvoClassLoader - Instrumenting class 'org.codehaus.stax2.validation.Validatable'.
2024-11-12 13:41:30,159 INFO  EvoClassLoader - Defined package (3): package org.codehaus.stax2.validation, 1474122605
2024-11-12 13:41:30,159 INFO  EvoClassLoader - Keeping class: org.codehaus.stax2.validation.Validatable
2024-11-12 13:41:30,159 INFO  EvoClassLoader - Keeping class: org.codehaus.stax2.XMLStreamReader2
2024-11-12 13:41:30,159 INFO  EvoClassLoader - Seeing class for first time: org.codehaus.stax2.XMLEventReader2
2024-11-12 13:41:30,159 INFO  EvoClassLoader - Instrumenting class 'org.codehaus.stax2.XMLEventReader2'.
2024-11-12 13:41:30,159 INFO  EvoClassLoader - Keeping class: org.codehaus.stax2.XMLEventReader2
2024-11-12 13:41:30,160 INFO  EvoClassLoader - Seeing class for first time: com.ctc.wstx.util.DefaultXmlSymbolTable
2024-11-12 13:41:30,160 INFO  EvoClassLoader - Instrumenting class 'com.ctc.wstx.util.DefaultXmlSymbolTable'.
2024-11-12 13:41:30,160 INFO  MethodCallReplacementClassAdapter - Adding mock interface to class com/ctc/wstx/util/DefaultXmlSymbolTable
2024-11-12 13:41:30,160 INFO  CreateClassResetClassAdapter - Found static initializer in class com/ctc/wstx/util/DefaultXmlSymbolTable
2024-11-12 13:41:30,160 INFO  EvoClassLoader - Defined package (3): package com.ctc.wstx.util, 1758641223
2024-11-12 13:41:30,160 INFO  EvoClassLoader - Keeping class: com.ctc.wstx.util.DefaultXmlSymbolTable
2024-11-12 13:41:30,160 INFO  EvoClassLoader - Seeing class for first time: com.ctc.wstx.util.SymbolTable
2024-11-12 13:41:30,160 INFO  EvoClassLoader - Instrumenting class 'com.ctc.wstx.util.SymbolTable'.
2024-11-12 13:41:30,160 INFO  MethodCallReplacementClassAdapter - Adding mock interface to class com/ctc/wstx/util/SymbolTable
2024-11-12 13:41:30,161 INFO  CreateClassResetClassAdapter - Creating brand-new static initializer in class com/ctc/wstx/util/SymbolTable
2024-11-12 13:41:30,161 INFO  CreateClassResetClassAdapter - Adding bytecode for initializing field DEFAULT_TABLE_SIZE
2024-11-12 13:41:30,161 INFO  CreateClassResetClassAdapter - Adding bytecode for initializing field DEFAULT_FILL_FACTOR
2024-11-12 13:41:30,161 INFO  CreateClassResetClassAdapter - Adding bytecode for initializing field EMPTY_STRING
2024-11-12 13:41:30,161 INFO  EvoClassLoader - Keeping class: com.ctc.wstx.util.SymbolTable
2024-11-12 13:41:30,161 INFO  EvoClassLoader - Seeing class for first time: com.ctc.wstx.util.SymbolTable$Bucket
2024-11-12 13:41:30,161 INFO  EvoClassLoader - Instrumenting class 'com.ctc.wstx.util.SymbolTable$Bucket'.
2024-11-12 13:41:30,161 INFO  MethodCallReplacementClassAdapter - Adding mock interface to class com/ctc/wstx/util/SymbolTable$Bucket
2024-11-12 13:41:30,161 INFO  CreateClassResetClassAdapter - Creating brand-new static initializer in class com/ctc/wstx/util/SymbolTable$Bucket
2024-11-12 13:41:30,161 INFO  EvoClassLoader - Keeping class: com.ctc.wstx.util.SymbolTable$Bucket
2024-11-12 13:41:30,162 INFO  EvoClassLoader - Seeing class for first time: com.ctc.wstx.api.ReaderConfig
2024-11-12 13:41:30,162 INFO  EvoClassLoader - Instrumenting class 'com.ctc.wstx.api.ReaderConfig'.
2024-11-12 13:41:30,162 INFO  MethodCallReplacementClassAdapter - Adding mock interface to class com/ctc/wstx/api/ReaderConfig
2024-11-12 13:41:30,163 INFO  CreateClassResetClassAdapter - Found static initializer in class com/ctc/wstx/api/ReaderConfig
2024-11-12 13:41:30,163 INFO  EvoClassLoader - Defined package (3): package com.ctc.wstx.api, -1605856971
2024-11-12 13:41:30,164 INFO  EvoClassLoader - Seeing class for first time: com.ctc.wstx.api.CommonConfig
2024-11-12 13:41:30,164 INFO  EvoClassLoader - Instrumenting class 'com.ctc.wstx.api.CommonConfig'.
2024-11-12 13:41:30,164 INFO  MethodCallReplacementClassAdapter - Adding mock interface to class com/ctc/wstx/api/CommonConfig
2024-11-12 13:41:30,165 INFO  CreateClassResetClassAdapter - Found static initializer in class com/ctc/wstx/api/CommonConfig
2024-11-12 13:41:30,165 INFO  EvoClassLoader - Keeping class: com.ctc.wstx.api.CommonConfig
2024-11-12 13:41:30,166 INFO  EvoClassLoader - Keeping class: com.ctc.wstx.api.ReaderConfig
2024-11-12 13:41:30,167 INFO  EvoClassLoader - Seeing class for first time: com.ctc.wstx.api.WstxInputProperties
2024-11-12 13:41:30,167 INFO  EvoClassLoader - Instrumenting class 'com.ctc.wstx.api.WstxInputProperties'.
2024-11-12 13:41:30,167 INFO  MethodCallReplacementClassAdapter - Adding mock interface to class com/ctc/wstx/api/WstxInputProperties
2024-11-12 13:41:30,167 INFO  CreateClassResetClassAdapter - Found static initializer in class com/ctc/wstx/api/WstxInputProperties
2024-11-12 13:41:30,168 INFO  EvoClassLoader - Keeping class: com.ctc.wstx.api.WstxInputProperties
2024-11-12 13:41:30,168 INFO  EvoClassLoader - Seeing class for first time: com.ctc.wstx.api.WstxInputProperties$ParsingMode
2024-11-12 13:41:30,168 INFO  EvoClassLoader - Instrumenting class 'com.ctc.wstx.api.WstxInputProperties$ParsingMode'.
2024-11-12 13:41:30,168 INFO  MethodCallReplacementClassAdapter - Adding mock interface to class com/ctc/wstx/api/WstxInputProperties$ParsingMode
2024-11-12 13:41:30,168 INFO  CreateClassResetClassAdapter - Creating brand-new static initializer in class com/ctc/wstx/api/WstxInputProperties$ParsingMode
2024-11-12 13:41:30,168 INFO  EvoClassLoader - Keeping class: com.ctc.wstx.api.WstxInputProperties$ParsingMode
2024-11-12 13:41:30,168 INFO  EvoClassLoader - Seeing class for first time: org.apache.hadoop.conf.Configuration$DeprecationDelta
2024-11-12 13:41:30,168 INFO  EvoClassLoader - Instrumenting class 'org.apache.hadoop.conf.Configuration$DeprecationDelta'.
2024-11-12 13:41:30,169 INFO  MethodCallReplacementClassAdapter - Adding mock interface to class org/apache/hadoop/conf/Configuration$DeprecationDelta
2024-11-12 13:41:30,169 INFO  CreateClassResetClassAdapter - Creating brand-new static initializer in class org/apache/hadoop/conf/Configuration$DeprecationDelta
2024-11-12 13:41:30,169 INFO  EvoClassLoader - Keeping class: org.apache.hadoop.conf.Configuration$DeprecationDelta
2024-11-12 13:41:30,169 INFO  EvoClassLoader - Seeing class for first time: org.apache.hadoop.util.Preconditions
2024-11-12 13:41:30,169 INFO  EvoClassLoader - Instrumenting class 'org.apache.hadoop.util.Preconditions'.
2024-11-12 13:41:30,169 INFO  MethodCallReplacementClassAdapter - Adding mock interface to class org/apache/hadoop/util/Preconditions
2024-11-12 13:41:30,170 INFO  CreateClassResetClassAdapter - Found static initializer in class org/apache/hadoop/util/Preconditions
2024-11-12 13:41:30,171 INFO  EvoClassLoader - Keeping class: org.apache.hadoop.util.Preconditions
2024-11-12 13:41:30,171 INFO  EvoClassLoader - Seeing class for first time: org.apache.hadoop.conf.Configuration$DeprecationContext
2024-11-12 13:41:30,171 INFO  EvoClassLoader - Instrumenting class 'org.apache.hadoop.conf.Configuration$DeprecationContext'.
2024-11-12 13:41:30,171 INFO  MethodCallReplacementClassAdapter - Adding mock interface to class org/apache/hadoop/conf/Configuration$DeprecationContext
2024-11-12 13:41:30,171 INFO  CreateClassResetClassAdapter - Creating brand-new static initializer in class org/apache/hadoop/conf/Configuration$DeprecationContext
2024-11-12 13:41:30,171 INFO  EvoClassLoader - Keeping class: org.apache.hadoop.conf.Configuration$DeprecationContext
2024-11-12 13:41:30,172 INFO  EvoClassLoader - Seeing class for first time: org.apache.hadoop.conf.Configuration$DeprecatedKeyInfo
2024-11-12 13:41:30,172 INFO  EvoClassLoader - Instrumenting class 'org.apache.hadoop.conf.Configuration$DeprecatedKeyInfo'.
2024-11-12 13:41:30,172 INFO  MethodCallReplacementClassAdapter - Adding mock interface to class org/apache/hadoop/conf/Configuration$DeprecatedKeyInfo
2024-11-12 13:41:30,172 INFO  CreateClassResetClassAdapter - Creating brand-new static initializer in class org/apache/hadoop/conf/Configuration$DeprecatedKeyInfo
2024-11-12 13:41:30,172 INFO  EvoClassLoader - Keeping class: org.apache.hadoop.conf.Configuration$DeprecatedKeyInfo
2024-11-12 13:41:30,172 INFO  EvoClassLoader - Seeing class for first time: org.apache.commons.collections.map.UnmodifiableMap
2024-11-12 13:41:30,172 INFO  EvoClassLoader - Instrumenting class 'org.apache.commons.collections.map.UnmodifiableMap'.
2024-11-12 13:41:30,172 INFO  MethodCallReplacementClassAdapter - Adding mock interface to class org/apache/commons/collections/map/UnmodifiableMap
2024-11-12 13:41:30,172 INFO  CreateClassResetClassAdapter - Creating brand-new static initializer in class org/apache/commons/collections/map/UnmodifiableMap
2024-11-12 13:41:30,172 INFO  EvoClassLoader - Defined package (3): package org.apache.commons.collections.map, -1340437721
2024-11-12 13:41:30,172 INFO  EvoClassLoader - Seeing class for first time: org.apache.commons.collections.IterableMap
2024-11-12 13:41:30,172 INFO  EvoClassLoader - Instrumenting class 'org.apache.commons.collections.IterableMap'.
2024-11-12 13:41:30,172 INFO  EvoClassLoader - Defined package (3): package org.apache.commons.collections, -177651399
2024-11-12 13:41:30,172 INFO  EvoClassLoader - Keeping class: org.apache.commons.collections.IterableMap
2024-11-12 13:41:30,172 INFO  EvoClassLoader - Seeing class for first time: org.apache.commons.collections.Unmodifiable
2024-11-12 13:41:30,172 INFO  EvoClassLoader - Instrumenting class 'org.apache.commons.collections.Unmodifiable'.
2024-11-12 13:41:30,173 INFO  EvoClassLoader - Keeping class: org.apache.commons.collections.Unmodifiable
2024-11-12 13:41:30,173 INFO  EvoClassLoader - Seeing class for first time: org.apache.commons.collections.map.AbstractMapDecorator
2024-11-12 13:41:30,173 INFO  EvoClassLoader - Instrumenting class 'org.apache.commons.collections.map.AbstractMapDecorator'.
2024-11-12 13:41:30,173 INFO  MethodCallReplacementClassAdapter - Adding mock interface to class org/apache/commons/collections/map/AbstractMapDecorator
2024-11-12 13:41:30,173 INFO  CreateClassResetClassAdapter - Creating brand-new static initializer in class org/apache/commons/collections/map/AbstractMapDecorator
2024-11-12 13:41:30,173 INFO  EvoClassLoader - Keeping class: org.apache.commons.collections.map.AbstractMapDecorator
2024-11-12 13:41:30,173 INFO  EvoClassLoader - Keeping class: org.apache.commons.collections.map.UnmodifiableMap
2024-11-12 13:41:30,173 INFO  EvoClassLoader - Seeing class for first time: org.apache.commons.collections.MapIterator
2024-11-12 13:41:30,173 INFO  EvoClassLoader - Instrumenting class 'org.apache.commons.collections.MapIterator'.
2024-11-12 13:41:30,174 INFO  EvoClassLoader - Keeping class: org.apache.commons.collections.MapIterator
2024-11-12 13:41:30,174 INFO  EvoClassLoader - Seeing class for first time: org.apache.hadoop.fs.FileSystem$Cache$ClientFinalizer
2024-11-12 13:41:30,174 INFO  EvoClassLoader - Instrumenting class 'org.apache.hadoop.fs.FileSystem$Cache$ClientFinalizer'.
2024-11-12 13:41:30,174 INFO  MethodCallReplacementClassAdapter - Adding mock interface to class org/apache/hadoop/fs/FileSystem$Cache$ClientFinalizer
2024-11-12 13:41:30,174 INFO  CreateClassResetClassAdapter - Creating brand-new static initializer in class org/apache/hadoop/fs/FileSystem$Cache$ClientFinalizer
2024-11-12 13:41:30,174 INFO  EvoClassLoader - Keeping class: org.apache.hadoop.fs.FileSystem$Cache$ClientFinalizer
2024-11-12 13:41:30,174 INFO  EvoClassLoader - Seeing class for first time: org.apache.hadoop.conf.Configuration$Resource
2024-11-12 13:41:30,174 INFO  EvoClassLoader - Instrumenting class 'org.apache.hadoop.conf.Configuration$Resource'.
2024-11-12 13:41:30,174 INFO  MethodCallReplacementClassAdapter - Adding mock interface to class org/apache/hadoop/conf/Configuration$Resource
2024-11-12 13:41:30,175 INFO  CreateClassResetClassAdapter - Creating brand-new static initializer in class org/apache/hadoop/conf/Configuration$Resource
2024-11-12 13:41:30,175 INFO  EvoClassLoader - Keeping class: org.apache.hadoop.conf.Configuration$Resource
2024-11-12 13:41:30,175 INFO  EvoClassLoader - Seeing class for first time: com.ctc.wstx.io.SystemId
2024-11-12 13:41:30,175 INFO  EvoClassLoader - Instrumenting class 'com.ctc.wstx.io.SystemId'.
2024-11-12 13:41:30,176 INFO  MethodCallReplacementClassAdapter - Adding mock interface to class com/ctc/wstx/io/SystemId
2024-11-12 13:41:30,176 INFO  CreateClassResetClassAdapter - Creating brand-new static initializer in class com/ctc/wstx/io/SystemId
2024-11-12 13:41:30,176 INFO  EvoClassLoader - Keeping class: com.ctc.wstx.io.SystemId
2024-11-12 13:41:30,177 INFO  EvoClassLoader - Seeing class for first time: com.ctc.wstx.exc.WstxUnexpectedCharException
2024-11-12 13:41:30,177 INFO  EvoClassLoader - Instrumenting class 'com.ctc.wstx.exc.WstxUnexpectedCharException'.
2024-11-12 13:41:30,177 INFO  MethodCallReplacementClassAdapter - Adding mock interface to class com/ctc/wstx/exc/WstxUnexpectedCharException
2024-11-12 13:41:30,177 INFO  CreateClassResetClassAdapter - Creating brand-new static initializer in class com/ctc/wstx/exc/WstxUnexpectedCharException
2024-11-12 13:41:30,177 INFO  EvoClassLoader - Seeing class for first time: com.ctc.wstx.exc.WstxParsingException
2024-11-12 13:41:30,177 INFO  EvoClassLoader - Instrumenting class 'com.ctc.wstx.exc.WstxParsingException'.
2024-11-12 13:41:30,177 INFO  MethodCallReplacementClassAdapter - Adding mock interface to class com/ctc/wstx/exc/WstxParsingException
2024-11-12 13:41:30,177 INFO  CreateClassResetClassAdapter - Creating brand-new static initializer in class com/ctc/wstx/exc/WstxParsingException
2024-11-12 13:41:30,177 INFO  EvoClassLoader - Keeping class: com.ctc.wstx.exc.WstxParsingException
2024-11-12 13:41:30,177 INFO  EvoClassLoader - Keeping class: com.ctc.wstx.exc.WstxUnexpectedCharException
2024-11-12 13:41:30,177 INFO  EvoClassLoader - Seeing class for first time: com.ctc.wstx.exc.WstxEOFException
2024-11-12 13:41:30,177 INFO  EvoClassLoader - Instrumenting class 'com.ctc.wstx.exc.WstxEOFException'.
2024-11-12 13:41:30,178 INFO  MethodCallReplacementClassAdapter - Adding mock interface to class com/ctc/wstx/exc/WstxEOFException
2024-11-12 13:41:30,178 INFO  CreateClassResetClassAdapter - Creating brand-new static initializer in class com/ctc/wstx/exc/WstxEOFException
2024-11-12 13:41:30,178 INFO  EvoClassLoader - Keeping class: com.ctc.wstx.exc.WstxEOFException
2024-11-12 13:41:30,178 INFO  EvoClassLoader - Seeing class for first time: com.ctc.wstx.io.BaseReader
2024-11-12 13:41:30,178 INFO  EvoClassLoader - Instrumenting class 'com.ctc.wstx.io.BaseReader'.
2024-11-12 13:41:30,178 INFO  MethodCallReplacementClassAdapter - Adding mock interface to class com/ctc/wstx/io/BaseReader
2024-11-12 13:41:30,179 INFO  CreateClassResetClassAdapter - Creating brand-new static initializer in class com/ctc/wstx/io/BaseReader
2024-11-12 13:41:30,179 INFO  CreateClassResetClassAdapter - Adding bytecode for initializing field NULL_CHAR
2024-11-12 13:41:30,179 INFO  CreateClassResetClassAdapter - Adding bytecode for initializing field NULL_BYTE
2024-11-12 13:41:30,179 INFO  CreateClassResetClassAdapter - Adding bytecode for initializing field CONVERT_NEL_TO
2024-11-12 13:41:30,179 INFO  CreateClassResetClassAdapter - Adding bytecode for initializing field CONVERT_LSEP_TO
2024-11-12 13:41:30,179 INFO  CreateClassResetClassAdapter - Adding bytecode for initializing field CHAR_DEL
2024-11-12 13:41:30,179 INFO  EvoClassLoader - Keeping class: com.ctc.wstx.io.BaseReader
2024-11-12 13:41:30,179 INFO  EvoClassLoader - Seeing class for first time: com.ctc.wstx.io.UTF8Reader
2024-11-12 13:41:30,179 INFO  EvoClassLoader - Instrumenting class 'com.ctc.wstx.io.UTF8Reader'.
2024-11-12 13:41:30,179 INFO  MethodCallReplacementClassAdapter - Adding mock interface to class com/ctc/wstx/io/UTF8Reader
2024-11-12 13:41:30,179 INFO  CreateClassResetClassAdapter - Creating brand-new static initializer in class com/ctc/wstx/io/UTF8Reader
2024-11-12 13:41:30,179 INFO  EvoClassLoader - Keeping class: com.ctc.wstx.io.UTF8Reader
2024-11-12 13:41:30,179 INFO  EvoClassLoader - Seeing class for first time: com.ctc.wstx.io.ISOLatinReader
2024-11-12 13:41:30,179 INFO  EvoClassLoader - Instrumenting class 'com.ctc.wstx.io.ISOLatinReader'.
2024-11-12 13:41:30,180 INFO  MethodCallReplacementClassAdapter - Adding mock interface to class com/ctc/wstx/io/ISOLatinReader
2024-11-12 13:41:30,180 INFO  CreateClassResetClassAdapter - Creating brand-new static initializer in class com/ctc/wstx/io/ISOLatinReader
2024-11-12 13:41:30,180 INFO  EvoClassLoader - Keeping class: com.ctc.wstx.io.ISOLatinReader
2024-11-12 13:41:30,180 INFO  EvoClassLoader - Seeing class for first time: com.ctc.wstx.io.AsciiReader
2024-11-12 13:41:30,180 INFO  EvoClassLoader - Instrumenting class 'com.ctc.wstx.io.AsciiReader'.
2024-11-12 13:41:30,180 INFO  MethodCallReplacementClassAdapter - Adding mock interface to class com/ctc/wstx/io/AsciiReader
2024-11-12 13:41:30,180 INFO  CreateClassResetClassAdapter - Creating brand-new static initializer in class com/ctc/wstx/io/AsciiReader
2024-11-12 13:41:30,180 INFO  EvoClassLoader - Keeping class: com.ctc.wstx.io.AsciiReader
2024-11-12 13:41:30,180 INFO  EvoClassLoader - Seeing class for first time: com.ctc.wstx.io.UTF32Reader
2024-11-12 13:41:30,180 INFO  EvoClassLoader - Instrumenting class 'com.ctc.wstx.io.UTF32Reader'.
2024-11-12 13:41:30,180 INFO  MethodCallReplacementClassAdapter - Adding mock interface to class com/ctc/wstx/io/UTF32Reader
2024-11-12 13:41:30,180 INFO  CreateClassResetClassAdapter - Creating brand-new static initializer in class com/ctc/wstx/io/UTF32Reader
2024-11-12 13:41:30,180 INFO  EvoClassLoader - Keeping class: com.ctc.wstx.io.UTF32Reader
2024-11-12 13:41:30,180 INFO  EvoClassLoader - Seeing class for first time: com.ctc.wstx.io.MergedStream
2024-11-12 13:41:30,180 INFO  EvoClassLoader - Instrumenting class 'com.ctc.wstx.io.MergedStream'.
2024-11-12 13:41:30,181 INFO  MethodCallReplacementClassAdapter - Adding mock interface to class com/ctc/wstx/io/MergedStream
2024-11-12 13:41:30,181 INFO  CreateClassResetClassAdapter - Creating brand-new static initializer in class com/ctc/wstx/io/MergedStream
2024-11-12 13:41:30,181 INFO  EvoClassLoader - Keeping class: com.ctc.wstx.io.MergedStream
2024-11-12 13:41:30,181 INFO  EvoClassLoader - Seeing class for first time: com.ctc.wstx.io.InputSourceFactory
2024-11-12 13:41:30,181 INFO  EvoClassLoader - Instrumenting class 'com.ctc.wstx.io.InputSourceFactory'.
2024-11-12 13:41:30,181 INFO  MethodCallReplacementClassAdapter - Adding mock interface to class com/ctc/wstx/io/InputSourceFactory
2024-11-12 13:41:30,182 INFO  CreateClassResetClassAdapter - Creating brand-new static initializer in class com/ctc/wstx/io/InputSourceFactory
2024-11-12 13:41:30,182 INFO  EvoClassLoader - Keeping class: com.ctc.wstx.io.InputSourceFactory
2024-11-12 13:41:30,182 INFO  EvoClassLoader - Seeing class for first time: com.ctc.wstx.io.WstxInputSource
2024-11-12 13:41:30,182 INFO  EvoClassLoader - Instrumenting class 'com.ctc.wstx.io.WstxInputSource'.
2024-11-12 13:41:30,182 INFO  MethodCallReplacementClassAdapter - Adding mock interface to class com/ctc/wstx/io/WstxInputSource
2024-11-12 13:41:30,182 INFO  CreateClassResetClassAdapter - Creating brand-new static initializer in class com/ctc/wstx/io/WstxInputSource
2024-11-12 13:41:30,182 INFO  EvoClassLoader - Keeping class: com.ctc.wstx.io.WstxInputSource
2024-11-12 13:41:30,182 INFO  EvoClassLoader - Seeing class for first time: com.ctc.wstx.io.CharArraySource
2024-11-12 13:41:30,182 INFO  EvoClassLoader - Instrumenting class 'com.ctc.wstx.io.CharArraySource'.
2024-11-12 13:41:30,182 INFO  MethodCallReplacementClassAdapter - Adding mock interface to class com/ctc/wstx/io/CharArraySource
2024-11-12 13:41:30,183 INFO  CreateClassResetClassAdapter - Creating brand-new static initializer in class com/ctc/wstx/io/CharArraySource
2024-11-12 13:41:30,183 INFO  EvoClassLoader - Seeing class for first time: com.ctc.wstx.io.BaseInputSource
2024-11-12 13:41:30,183 INFO  EvoClassLoader - Instrumenting class 'com.ctc.wstx.io.BaseInputSource'.
2024-11-12 13:41:30,183 INFO  MethodCallReplacementClassAdapter - Adding mock interface to class com/ctc/wstx/io/BaseInputSource
2024-11-12 13:41:30,183 INFO  CreateClassResetClassAdapter - Creating brand-new static initializer in class com/ctc/wstx/io/BaseInputSource
2024-11-12 13:41:30,183 INFO  EvoClassLoader - Keeping class: com.ctc.wstx.io.BaseInputSource
2024-11-12 13:41:30,183 INFO  EvoClassLoader - Keeping class: com.ctc.wstx.io.CharArraySource
2024-11-12 13:41:30,183 INFO  EvoClassLoader - Seeing class for first time: com.ctc.wstx.io.BranchingReaderSource
2024-11-12 13:41:30,183 INFO  EvoClassLoader - Instrumenting class 'com.ctc.wstx.io.BranchingReaderSource'.
2024-11-12 13:41:30,183 INFO  MethodCallReplacementClassAdapter - Adding mock interface to class com/ctc/wstx/io/BranchingReaderSource
2024-11-12 13:41:30,183 INFO  CreateClassResetClassAdapter - Creating brand-new static initializer in class com/ctc/wstx/io/BranchingReaderSource
2024-11-12 13:41:30,183 INFO  EvoClassLoader - Seeing class for first time: com.ctc.wstx.io.ReaderSource
2024-11-12 13:41:30,183 INFO  EvoClassLoader - Instrumenting class 'com.ctc.wstx.io.ReaderSource'.
2024-11-12 13:41:30,184 INFO  MethodCallReplacementClassAdapter - Adding mock interface to class com/ctc/wstx/io/ReaderSource
2024-11-12 13:41:30,184 INFO  CreateClassResetClassAdapter - Creating brand-new static initializer in class com/ctc/wstx/io/ReaderSource
2024-11-12 13:41:30,184 INFO  EvoClassLoader - Keeping class: com.ctc.wstx.io.ReaderSource
2024-11-12 13:41:30,184 INFO  EvoClassLoader - Keeping class: com.ctc.wstx.io.BranchingReaderSource
2024-11-12 13:41:30,184 INFO  EvoClassLoader - Seeing class for first time: com.ctc.wstx.sr.ValidatingStreamReader
2024-11-12 13:41:30,184 INFO  EvoClassLoader - Instrumenting class 'com.ctc.wstx.sr.ValidatingStreamReader'.
2024-11-12 13:41:30,184 INFO  MethodCallReplacementClassAdapter - Adding mock interface to class com/ctc/wstx/sr/ValidatingStreamReader
2024-11-12 13:41:30,185 INFO  CreateClassResetClassAdapter - Creating brand-new static initializer in class com/ctc/wstx/sr/ValidatingStreamReader
2024-11-12 13:41:30,185 INFO  CreateClassResetClassAdapter - Adding bytecode for initializing field STAX_PROP_ENTITIES
2024-11-12 13:41:30,185 INFO  CreateClassResetClassAdapter - Adding bytecode for initializing field STAX_PROP_NOTATIONS
2024-11-12 13:41:30,186 INFO  EvoClassLoader - Seeing class for first time: com.ctc.wstx.sr.TypedStreamReader
2024-11-12 13:41:30,186 INFO  EvoClassLoader - Instrumenting class 'com.ctc.wstx.sr.TypedStreamReader'.
2024-11-12 13:41:30,186 INFO  MethodCallReplacementClassAdapter - Adding mock interface to class com/ctc/wstx/sr/TypedStreamReader
2024-11-12 13:41:30,187 INFO  CreateClassResetClassAdapter - Creating brand-new static initializer in class com/ctc/wstx/sr/TypedStreamReader
2024-11-12 13:41:30,187 INFO  CreateClassResetClassAdapter - Adding bytecode for initializing field MASK_TYPED_ACCESS_ARRAY
2024-11-12 13:41:30,187 INFO  CreateClassResetClassAdapter - Adding bytecode for initializing field MASK_TYPED_ACCESS_BINARY
2024-11-12 13:41:30,187 INFO  CreateClassResetClassAdapter - Adding bytecode for initializing field MIN_BINARY_CHUNK
2024-11-12 13:41:30,187 INFO  EvoClassLoader - Seeing class for first time: com.ctc.wstx.sr.BasicStreamReader
2024-11-12 13:41:30,187 INFO  EvoClassLoader - Instrumenting class 'com.ctc.wstx.sr.BasicStreamReader'.
2024-11-12 13:41:30,188 INFO  MethodCallReplacementClassAdapter - Adding mock interface to class com/ctc/wstx/sr/BasicStreamReader
2024-11-12 13:41:30,192 INFO  CreateClassResetClassAdapter - Found static initializer in class com/ctc/wstx/sr/BasicStreamReader
2024-11-12 13:41:30,194 INFO  EvoClassLoader - Seeing class for first time: com.ctc.wstx.sr.StreamReaderImpl
2024-11-12 13:41:30,194 INFO  EvoClassLoader - Instrumenting class 'com.ctc.wstx.sr.StreamReaderImpl'.
2024-11-12 13:41:30,194 INFO  EvoClassLoader - Keeping class: com.ctc.wstx.sr.StreamReaderImpl
2024-11-12 13:41:30,194 INFO  EvoClassLoader - Seeing class for first time: org.codehaus.stax2.DTDInfo
2024-11-12 13:41:30,194 INFO  EvoClassLoader - Instrumenting class 'org.codehaus.stax2.DTDInfo'.
2024-11-12 13:41:30,195 INFO  EvoClassLoader - Keeping class: org.codehaus.stax2.DTDInfo
2024-11-12 13:41:30,195 INFO  EvoClassLoader - Seeing class for first time: org.codehaus.stax2.LocationInfo
2024-11-12 13:41:30,195 INFO  EvoClassLoader - Instrumenting class 'org.codehaus.stax2.LocationInfo'.
2024-11-12 13:41:30,195 INFO  EvoClassLoader - Keeping class: org.codehaus.stax2.LocationInfo
2024-11-12 13:41:30,196 INFO  EvoClassLoader - Seeing class for first time: com.ctc.wstx.sr.StreamScanner
2024-11-12 13:41:30,196 INFO  EvoClassLoader - Instrumenting class 'com.ctc.wstx.sr.StreamScanner'.
2024-11-12 13:41:30,197 INFO  MethodCallReplacementClassAdapter - Adding mock interface to class com/ctc/wstx/sr/StreamScanner
2024-11-12 13:41:30,200 INFO  CreateClassResetClassAdapter - Found static initializer in class com/ctc/wstx/sr/StreamScanner
2024-11-12 13:41:30,201 INFO  EvoClassLoader - Seeing class for first time: com.ctc.wstx.sr.InputProblemReporter
2024-11-12 13:41:30,201 INFO  EvoClassLoader - Instrumenting class 'com.ctc.wstx.sr.InputProblemReporter'.
2024-11-12 13:41:30,201 INFO  EvoClassLoader - Keeping class: com.ctc.wstx.sr.InputProblemReporter
2024-11-12 13:41:30,201 INFO  EvoClassLoader - Seeing class for first time: com.ctc.wstx.cfg.ParsingErrorMsgs
2024-11-12 13:41:30,201 INFO  EvoClassLoader - Instrumenting class 'com.ctc.wstx.cfg.ParsingErrorMsgs'.
2024-11-12 13:41:30,201 INFO  EvoClassLoader - Keeping class: com.ctc.wstx.cfg.ParsingErrorMsgs
2024-11-12 13:41:30,202 INFO  EvoClassLoader - Seeing class for first time: com.ctc.wstx.io.WstxInputData
2024-11-12 13:41:30,202 INFO  EvoClassLoader - Instrumenting class 'com.ctc.wstx.io.WstxInputData'.
2024-11-12 13:41:30,202 INFO  MethodCallReplacementClassAdapter - Adding mock interface to class com/ctc/wstx/io/WstxInputData
2024-11-12 13:41:30,202 INFO  CreateClassResetClassAdapter - Found static initializer in class com/ctc/wstx/io/WstxInputData
2024-11-12 13:41:30,202 INFO  EvoClassLoader - Keeping class: com.ctc.wstx.io.WstxInputData
2024-11-12 13:41:30,202 INFO  EvoClassLoader - Keeping class: com.ctc.wstx.sr.StreamScanner
2024-11-12 13:41:30,202 INFO  EvoClassLoader - Keeping class: com.ctc.wstx.sr.BasicStreamReader
2024-11-12 13:41:30,203 INFO  EvoClassLoader - Keeping class: com.ctc.wstx.sr.TypedStreamReader
2024-11-12 13:41:30,203 INFO  EvoClassLoader - Keeping class: com.ctc.wstx.sr.ValidatingStreamReader
2024-11-12 13:41:30,203 INFO  EvoClassLoader - Seeing class for first time: com.ctc.wstx.exc.WstxValidationException
2024-11-12 13:41:30,203 INFO  EvoClassLoader - Instrumenting class 'com.ctc.wstx.exc.WstxValidationException'.
2024-11-12 13:41:30,203 INFO  MethodCallReplacementClassAdapter - Adding mock interface to class com/ctc/wstx/exc/WstxValidationException
2024-11-12 13:41:30,203 INFO  CreateClassResetClassAdapter - Creating brand-new static initializer in class com/ctc/wstx/exc/WstxValidationException
2024-11-12 13:41:30,203 INFO  EvoClassLoader - Seeing class for first time: org.codehaus.stax2.validation.XMLValidationException
2024-11-12 13:41:30,203 INFO  EvoClassLoader - Instrumenting class 'org.codehaus.stax2.validation.XMLValidationException'.
2024-11-12 13:41:30,203 INFO  MethodCallReplacementClassAdapter - Adding mock interface to class org/codehaus/stax2/validation/XMLValidationException
2024-11-12 13:41:30,204 INFO  CreateClassResetClassAdapter - Creating brand-new static initializer in class org/codehaus/stax2/validation/XMLValidationException
2024-11-12 13:41:30,204 INFO  EvoClassLoader - Keeping class: org.codehaus.stax2.validation.XMLValidationException
2024-11-12 13:41:30,204 INFO  EvoClassLoader - Keeping class: com.ctc.wstx.exc.WstxValidationException
2024-11-12 13:41:30,204 INFO  EvoClassLoader - Seeing class for first time: org.codehaus.stax2.XMLStreamLocation2
2024-11-12 13:41:30,204 INFO  EvoClassLoader - Instrumenting class 'org.codehaus.stax2.XMLStreamLocation2'.
2024-11-12 13:41:30,205 INFO  EvoClassLoader - Keeping class: org.codehaus.stax2.XMLStreamLocation2
2024-11-12 13:41:30,205 INFO  EvoClassLoader - Seeing class for first time: com.ctc.wstx.ent.EntityDecl
2024-11-12 13:41:30,205 INFO  EvoClassLoader - Instrumenting class 'com.ctc.wstx.ent.EntityDecl'.
2024-11-12 13:41:30,205 INFO  MethodCallReplacementClassAdapter - Adding mock interface to class com/ctc/wstx/ent/EntityDecl
2024-11-12 13:41:30,205 INFO  CreateClassResetClassAdapter - Creating brand-new static initializer in class com/ctc/wstx/ent/EntityDecl
2024-11-12 13:41:30,205 INFO  EvoClassLoader - Defined package (3): package com.ctc.wstx.ent, -1605853178
2024-11-12 13:41:30,206 INFO  EvoClassLoader - Seeing class for first time: com.ctc.wstx.evt.WEntityDeclaration
2024-11-12 13:41:30,206 INFO  EvoClassLoader - Instrumenting class 'com.ctc.wstx.evt.WEntityDeclaration'.
2024-11-12 13:41:30,206 INFO  MethodCallReplacementClassAdapter - Adding mock interface to class com/ctc/wstx/evt/WEntityDeclaration
2024-11-12 13:41:30,206 INFO  CreateClassResetClassAdapter - Creating brand-new static initializer in class com/ctc/wstx/evt/WEntityDeclaration
2024-11-12 13:41:30,206 INFO  EvoClassLoader - Defined package (3): package com.ctc.wstx.evt, -1605852930
2024-11-12 13:41:30,206 INFO  EvoClassLoader - Seeing class for first time: org.codehaus.stax2.ri.evt.BaseEventImpl
2024-11-12 13:41:30,206 INFO  EvoClassLoader - Instrumenting class 'org.codehaus.stax2.ri.evt.BaseEventImpl'.
2024-11-12 13:41:30,206 INFO  MethodCallReplacementClassAdapter - Adding mock interface to class org/codehaus/stax2/ri/evt/BaseEventImpl
2024-11-12 13:41:30,206 INFO  CreateClassResetClassAdapter - Creating brand-new static initializer in class org/codehaus/stax2/ri/evt/BaseEventImpl
2024-11-12 13:41:30,206 INFO  EvoClassLoader - Defined package (3): package org.codehaus.stax2.ri.evt, -220188000
2024-11-12 13:41:30,206 INFO  EvoClassLoader - Seeing class for first time: org.codehaus.stax2.evt.XMLEvent2
2024-11-12 13:41:30,206 INFO  EvoClassLoader - Instrumenting class 'org.codehaus.stax2.evt.XMLEvent2'.
2024-11-12 13:41:30,207 INFO  EvoClassLoader - Defined package (3): package org.codehaus.stax2.evt, -1695602321
2024-11-12 13:41:30,207 INFO  EvoClassLoader - Keeping class: org.codehaus.stax2.evt.XMLEvent2
2024-11-12 13:41:30,207 INFO  EvoClassLoader - Keeping class: org.codehaus.stax2.ri.evt.BaseEventImpl
2024-11-12 13:41:30,207 INFO  EvoClassLoader - Keeping class: com.ctc.wstx.evt.WEntityDeclaration
2024-11-12 13:41:30,207 INFO  EvoClassLoader - Keeping class: com.ctc.wstx.ent.EntityDecl
2024-11-12 13:41:30,207 INFO  EvoClassLoader - Seeing class for first time: com.ctc.wstx.ent.IntEntity
2024-11-12 13:41:30,207 INFO  EvoClassLoader - Instrumenting class 'com.ctc.wstx.ent.IntEntity'.
2024-11-12 13:41:30,207 INFO  MethodCallReplacementClassAdapter - Adding mock interface to class com/ctc/wstx/ent/IntEntity
2024-11-12 13:41:30,207 INFO  CreateClassResetClassAdapter - Creating brand-new static initializer in class com/ctc/wstx/ent/IntEntity
2024-11-12 13:41:30,207 INFO  EvoClassLoader - Keeping class: com.ctc.wstx.ent.IntEntity
2024-11-12 13:41:30,208 INFO  EvoClassLoader - Seeing class for first time: org.codehaus.stax2.AttributeInfo
2024-11-12 13:41:30,208 INFO  EvoClassLoader - Instrumenting class 'org.codehaus.stax2.AttributeInfo'.
2024-11-12 13:41:30,208 INFO  EvoClassLoader - Keeping class: org.codehaus.stax2.AttributeInfo
2024-11-12 13:41:30,209 INFO  EvoClassLoader - Seeing class for first time: org.codehaus.stax2.typed.TypedXMLStreamException
2024-11-12 13:41:30,211 INFO  EvoClassLoader - Instrumenting class 'org.codehaus.stax2.typed.TypedXMLStreamException'.
2024-11-12 13:41:30,211 INFO  MethodCallReplacementClassAdapter - Adding mock interface to class org/codehaus/stax2/typed/TypedXMLStreamException
2024-11-12 13:41:30,211 INFO  CreateClassResetClassAdapter - Creating brand-new static initializer in class org/codehaus/stax2/typed/TypedXMLStreamException
2024-11-12 13:41:30,212 INFO  EvoClassLoader - Keeping class: org.codehaus.stax2.typed.TypedXMLStreamException
2024-11-12 13:41:30,213 INFO  EvoClassLoader - Seeing class for first time: org.codehaus.stax2.typed.TypedValueDecoder
2024-11-12 13:41:30,213 INFO  EvoClassLoader - Instrumenting class 'org.codehaus.stax2.typed.TypedValueDecoder'.
2024-11-12 13:41:30,214 INFO  MethodCallReplacementClassAdapter - Adding mock interface to class org/codehaus/stax2/typed/TypedValueDecoder
2024-11-12 13:41:30,214 INFO  CreateClassResetClassAdapter - Creating brand-new static initializer in class org/codehaus/stax2/typed/TypedValueDecoder
2024-11-12 13:41:30,214 INFO  EvoClassLoader - Keeping class: org.codehaus.stax2.typed.TypedValueDecoder
2024-11-12 13:41:30,214 INFO  EvoClassLoader - Seeing class for first time: org.codehaus.stax2.ri.typed.ValueDecoderFactory$BooleanDecoder
2024-11-12 13:41:30,214 INFO  EvoClassLoader - Instrumenting class 'org.codehaus.stax2.ri.typed.ValueDecoderFactory$BooleanDecoder'.
2024-11-12 13:41:30,214 INFO  MethodCallReplacementClassAdapter - Adding mock interface to class org/codehaus/stax2/ri/typed/ValueDecoderFactory$BooleanDecoder
2024-11-12 13:41:30,214 INFO  CreateClassResetClassAdapter - Creating brand-new static initializer in class org/codehaus/stax2/ri/typed/ValueDecoderFactory$BooleanDecoder
2024-11-12 13:41:30,214 INFO  EvoClassLoader - Defined package (3): package org.codehaus.stax2.ri.typed, -1133328921
2024-11-12 13:41:30,214 INFO  EvoClassLoader - Seeing class for first time: org.codehaus.stax2.ri.typed.ValueDecoderFactory$DecoderBase
2024-11-12 13:41:30,214 INFO  EvoClassLoader - Instrumenting class 'org.codehaus.stax2.ri.typed.ValueDecoderFactory$DecoderBase'.
2024-11-12 13:41:30,214 INFO  MethodCallReplacementClassAdapter - Adding mock interface to class org/codehaus/stax2/ri/typed/ValueDecoderFactory$DecoderBase
2024-11-12 13:41:30,215 INFO  CreateClassResetClassAdapter - Found static initializer in class org/codehaus/stax2/ri/typed/ValueDecoderFactory$DecoderBase
2024-11-12 13:41:30,215 INFO  EvoClassLoader - Keeping class: org.codehaus.stax2.ri.typed.ValueDecoderFactory$DecoderBase
2024-11-12 13:41:30,215 INFO  EvoClassLoader - Keeping class: org.codehaus.stax2.ri.typed.ValueDecoderFactory$BooleanDecoder
2024-11-12 13:41:30,215 INFO  EvoClassLoader - Seeing class for first time: org.codehaus.stax2.ri.typed.ValueDecoderFactory$LongDecoder
2024-11-12 13:41:30,215 INFO  EvoClassLoader - Instrumenting class 'org.codehaus.stax2.ri.typed.ValueDecoderFactory$LongDecoder'.
2024-11-12 13:41:30,215 INFO  MethodCallReplacementClassAdapter - Adding mock interface to class org/codehaus/stax2/ri/typed/ValueDecoderFactory$LongDecoder
2024-11-12 13:41:30,215 INFO  CreateClassResetClassAdapter - Creating brand-new static initializer in class org/codehaus/stax2/ri/typed/ValueDecoderFactory$LongDecoder
2024-11-12 13:41:30,216 INFO  EvoClassLoader - Keeping class: org.codehaus.stax2.ri.typed.ValueDecoderFactory$LongDecoder
2024-11-12 13:41:30,216 INFO  EvoClassLoader - Seeing class for first time: org.codehaus.stax2.ri.typed.ValueDecoderFactory$FloatDecoder
2024-11-12 13:41:30,216 INFO  EvoClassLoader - Instrumenting class 'org.codehaus.stax2.ri.typed.ValueDecoderFactory$FloatDecoder'.
2024-11-12 13:41:30,216 INFO  MethodCallReplacementClassAdapter - Adding mock interface to class org/codehaus/stax2/ri/typed/ValueDecoderFactory$FloatDecoder
2024-11-12 13:41:30,216 INFO  CreateClassResetClassAdapter - Creating brand-new static initializer in class org/codehaus/stax2/ri/typed/ValueDecoderFactory$FloatDecoder
2024-11-12 13:41:30,216 INFO  EvoClassLoader - Keeping class: org.codehaus.stax2.ri.typed.ValueDecoderFactory$FloatDecoder
2024-11-12 13:41:30,216 INFO  EvoClassLoader - Seeing class for first time: org.codehaus.stax2.ri.typed.ValueDecoderFactory$DoubleDecoder
2024-11-12 13:41:30,216 INFO  EvoClassLoader - Instrumenting class 'org.codehaus.stax2.ri.typed.ValueDecoderFactory$DoubleDecoder'.
2024-11-12 13:41:30,216 INFO  MethodCallReplacementClassAdapter - Adding mock interface to class org/codehaus/stax2/ri/typed/ValueDecoderFactory$DoubleDecoder
2024-11-12 13:41:30,216 INFO  CreateClassResetClassAdapter - Creating brand-new static initializer in class org/codehaus/stax2/ri/typed/ValueDecoderFactory$DoubleDecoder
2024-11-12 13:41:30,216 INFO  EvoClassLoader - Keeping class: org.codehaus.stax2.ri.typed.ValueDecoderFactory$DoubleDecoder
2024-11-12 13:41:30,216 INFO  EvoClassLoader - Seeing class for first time: org.codehaus.stax2.ri.typed.ValueDecoderFactory$IntegerDecoder
2024-11-12 13:41:30,216 INFO  EvoClassLoader - Instrumenting class 'org.codehaus.stax2.ri.typed.ValueDecoderFactory$IntegerDecoder'.
2024-11-12 13:41:30,216 INFO  MethodCallReplacementClassAdapter - Adding mock interface to class org/codehaus/stax2/ri/typed/ValueDecoderFactory$IntegerDecoder
2024-11-12 13:41:30,217 INFO  CreateClassResetClassAdapter - Creating brand-new static initializer in class org/codehaus/stax2/ri/typed/ValueDecoderFactory$IntegerDecoder
2024-11-12 13:41:30,217 INFO  EvoClassLoader - Keeping class: org.codehaus.stax2.ri.typed.ValueDecoderFactory$IntegerDecoder
2024-11-12 13:41:30,217 INFO  EvoClassLoader - Seeing class for first time: org.codehaus.stax2.ri.typed.ValueDecoderFactory$DecimalDecoder
2024-11-12 13:41:30,217 INFO  EvoClassLoader - Instrumenting class 'org.codehaus.stax2.ri.typed.ValueDecoderFactory$DecimalDecoder'.
2024-11-12 13:41:30,217 INFO  MethodCallReplacementClassAdapter - Adding mock interface to class org/codehaus/stax2/ri/typed/ValueDecoderFactory$DecimalDecoder
2024-11-12 13:41:30,217 INFO  CreateClassResetClassAdapter - Creating brand-new static initializer in class org/codehaus/stax2/ri/typed/ValueDecoderFactory$DecimalDecoder
2024-11-12 13:41:30,217 INFO  EvoClassLoader - Keeping class: org.codehaus.stax2.ri.typed.ValueDecoderFactory$DecimalDecoder
2024-11-12 13:41:30,217 INFO  EvoClassLoader - Seeing class for first time: org.codehaus.stax2.ri.typed.ValueDecoderFactory$QNameDecoder
2024-11-12 13:41:30,217 INFO  EvoClassLoader - Instrumenting class 'org.codehaus.stax2.ri.typed.ValueDecoderFactory$QNameDecoder'.
2024-11-12 13:41:30,217 INFO  MethodCallReplacementClassAdapter - Adding mock interface to class org/codehaus/stax2/ri/typed/ValueDecoderFactory$QNameDecoder
2024-11-12 13:41:30,217 INFO  CreateClassResetClassAdapter - Creating brand-new static initializer in class org/codehaus/stax2/ri/typed/ValueDecoderFactory$QNameDecoder
2024-11-12 13:41:30,217 INFO  EvoClassLoader - Keeping class: org.codehaus.stax2.ri.typed.ValueDecoderFactory$QNameDecoder
2024-11-12 13:41:30,218 INFO  EvoClassLoader - Seeing class for first time: org.codehaus.stax2.typed.TypedArrayDecoder
2024-11-12 13:41:30,218 INFO  EvoClassLoader - Instrumenting class 'org.codehaus.stax2.typed.TypedArrayDecoder'.
2024-11-12 13:41:30,218 INFO  MethodCallReplacementClassAdapter - Adding mock interface to class org/codehaus/stax2/typed/TypedArrayDecoder
2024-11-12 13:41:30,218 INFO  CreateClassResetClassAdapter - Creating brand-new static initializer in class org/codehaus/stax2/typed/TypedArrayDecoder
2024-11-12 13:41:30,218 INFO  EvoClassLoader - Keeping class: org.codehaus.stax2.typed.TypedArrayDecoder
2024-11-12 13:41:30,218 INFO  EvoClassLoader - Seeing class for first time: org.codehaus.stax2.ri.typed.ValueDecoderFactory$IntArrayDecoder
2024-11-12 13:41:30,218 INFO  EvoClassLoader - Instrumenting class 'org.codehaus.stax2.ri.typed.ValueDecoderFactory$IntArrayDecoder'.
2024-11-12 13:41:30,218 INFO  MethodCallReplacementClassAdapter - Adding mock interface to class org/codehaus/stax2/ri/typed/ValueDecoderFactory$IntArrayDecoder
2024-11-12 13:41:30,218 INFO  CreateClassResetClassAdapter - Creating brand-new static initializer in class org/codehaus/stax2/ri/typed/ValueDecoderFactory$IntArrayDecoder
2024-11-12 13:41:30,218 INFO  EvoClassLoader - Seeing class for first time: org.codehaus.stax2.ri.typed.ValueDecoderFactory$BaseArrayDecoder
2024-11-12 13:41:30,218 INFO  EvoClassLoader - Instrumenting class 'org.codehaus.stax2.ri.typed.ValueDecoderFactory$BaseArrayDecoder'.
2024-11-12 13:41:30,219 INFO  MethodCallReplacementClassAdapter - Adding mock interface to class org/codehaus/stax2/ri/typed/ValueDecoderFactory$BaseArrayDecoder
2024-11-12 13:41:30,219 INFO  CreateClassResetClassAdapter - Creating brand-new static initializer in class org/codehaus/stax2/ri/typed/ValueDecoderFactory$BaseArrayDecoder
2024-11-12 13:41:30,219 INFO  CreateClassResetClassAdapter - Adding bytecode for initializing field INITIAL_RESULT_BUFFER_SIZE
2024-11-12 13:41:30,219 INFO  CreateClassResetClassAdapter - Adding bytecode for initializing field SMALL_RESULT_BUFFER_SIZE
2024-11-12 13:41:30,219 INFO  EvoClassLoader - Keeping class: org.codehaus.stax2.ri.typed.ValueDecoderFactory$BaseArrayDecoder
2024-11-12 13:41:30,219 INFO  EvoClassLoader - Keeping class: org.codehaus.stax2.ri.typed.ValueDecoderFactory$IntArrayDecoder
2024-11-12 13:41:30,219 INFO  EvoClassLoader - Seeing class for first time: org.codehaus.stax2.ri.typed.ValueDecoderFactory$LongArrayDecoder
2024-11-12 13:41:30,219 INFO  EvoClassLoader - Instrumenting class 'org.codehaus.stax2.ri.typed.ValueDecoderFactory$LongArrayDecoder'.
2024-11-12 13:41:30,219 INFO  MethodCallReplacementClassAdapter - Adding mock interface to class org/codehaus/stax2/ri/typed/ValueDecoderFactory$LongArrayDecoder
2024-11-12 13:41:30,219 INFO  CreateClassResetClassAdapter - Creating brand-new static initializer in class org/codehaus/stax2/ri/typed/ValueDecoderFactory$LongArrayDecoder
2024-11-12 13:41:30,219 INFO  EvoClassLoader - Keeping class: org.codehaus.stax2.ri.typed.ValueDecoderFactory$LongArrayDecoder
2024-11-12 13:41:30,220 INFO  EvoClassLoader - Seeing class for first time: org.codehaus.stax2.ri.typed.ValueDecoderFactory$FloatArrayDecoder
2024-11-12 13:41:30,220 INFO  EvoClassLoader - Instrumenting class 'org.codehaus.stax2.ri.typed.ValueDecoderFactory$FloatArrayDecoder'.
2024-11-12 13:41:30,220 INFO  MethodCallReplacementClassAdapter - Adding mock interface to class org/codehaus/stax2/ri/typed/ValueDecoderFactory$FloatArrayDecoder
2024-11-12 13:41:30,220 INFO  CreateClassResetClassAdapter - Creating brand-new static initializer in class org/codehaus/stax2/ri/typed/ValueDecoderFactory$FloatArrayDecoder
2024-11-12 13:41:30,220 INFO  EvoClassLoader - Keeping class: org.codehaus.stax2.ri.typed.ValueDecoderFactory$FloatArrayDecoder
2024-11-12 13:41:30,220 INFO  EvoClassLoader - Seeing class for first time: org.codehaus.stax2.ri.typed.ValueDecoderFactory$DoubleArrayDecoder
2024-11-12 13:41:30,220 INFO  EvoClassLoader - Instrumenting class 'org.codehaus.stax2.ri.typed.ValueDecoderFactory$DoubleArrayDecoder'.
2024-11-12 13:41:30,220 INFO  MethodCallReplacementClassAdapter - Adding mock interface to class org/codehaus/stax2/ri/typed/ValueDecoderFactory$DoubleArrayDecoder
2024-11-12 13:41:30,220 INFO  CreateClassResetClassAdapter - Creating brand-new static initializer in class org/codehaus/stax2/ri/typed/ValueDecoderFactory$DoubleArrayDecoder
2024-11-12 13:41:30,221 INFO  EvoClassLoader - Keeping class: org.codehaus.stax2.ri.typed.ValueDecoderFactory$DoubleArrayDecoder
2024-11-12 13:41:30,221 INFO  EvoClassLoader - Seeing class for first time: org.codehaus.stax2.ri.typed.ValueDecoderFactory$IntDecoder
2024-11-12 13:41:30,221 INFO  EvoClassLoader - Instrumenting class 'org.codehaus.stax2.ri.typed.ValueDecoderFactory$IntDecoder'.
2024-11-12 13:41:30,221 INFO  MethodCallReplacementClassAdapter - Adding mock interface to class org/codehaus/stax2/ri/typed/ValueDecoderFactory$IntDecoder
2024-11-12 13:41:30,222 INFO  CreateClassResetClassAdapter - Creating brand-new static initializer in class org/codehaus/stax2/ri/typed/ValueDecoderFactory$IntDecoder
2024-11-12 13:41:30,222 INFO  EvoClassLoader - Keeping class: org.codehaus.stax2.ri.typed.ValueDecoderFactory$IntDecoder
2024-11-12 13:41:30,223 INFO  EvoClassLoader - Seeing class for first time: org.codehaus.stax2.validation.DTDValidationSchema
2024-11-12 13:41:30,223 INFO  EvoClassLoader - Instrumenting class 'org.codehaus.stax2.validation.DTDValidationSchema'.
2024-11-12 13:41:30,223 INFO  EvoClassLoader - Seeing class for first time: org.codehaus.stax2.validation.XMLValidationSchema
2024-11-12 13:41:30,223 INFO  EvoClassLoader - Instrumenting class 'org.codehaus.stax2.validation.XMLValidationSchema'.
2024-11-12 13:41:30,224 INFO  EvoClassLoader - Keeping class: org.codehaus.stax2.validation.XMLValidationSchema
2024-11-12 13:41:30,224 INFO  EvoClassLoader - Keeping class: org.codehaus.stax2.validation.DTDValidationSchema
2024-11-12 13:41:30,224 INFO  EvoClassLoader - Seeing class for first time: org.codehaus.stax2.validation.ValidationContext
2024-11-12 13:41:30,224 INFO  EvoClassLoader - Instrumenting class 'org.codehaus.stax2.validation.ValidationContext'.
2024-11-12 13:41:30,224 INFO  EvoClassLoader - Keeping class: org.codehaus.stax2.validation.ValidationContext
2024-11-12 13:41:30,224 INFO  EvoClassLoader - Seeing class for first time: com.ctc.wstx.sr.NsDefaultProvider
2024-11-12 13:41:30,224 INFO  EvoClassLoader - Instrumenting class 'com.ctc.wstx.sr.NsDefaultProvider'.
2024-11-12 13:41:30,225 INFO  EvoClassLoader - Keeping class: com.ctc.wstx.sr.NsDefaultProvider
2024-11-12 13:41:30,225 INFO  EvoClassLoader - Seeing class for first time: com.ctc.wstx.sr.InputElementStack
2024-11-12 13:41:30,225 INFO  EvoClassLoader - Instrumenting class 'com.ctc.wstx.sr.InputElementStack'.
2024-11-12 13:41:30,225 INFO  MethodCallReplacementClassAdapter - Adding mock interface to class com/ctc/wstx/sr/InputElementStack
2024-11-12 13:41:30,227 INFO  CreateClassResetClassAdapter - Creating brand-new static initializer in class com/ctc/wstx/sr/InputElementStack
2024-11-12 13:41:30,227 INFO  CreateClassResetClassAdapter - Adding bytecode for initializing field ID_ATTR_NONE
2024-11-12 13:41:30,227 INFO  EvoClassLoader - Keeping class: com.ctc.wstx.sr.InputElementStack
2024-11-12 13:41:30,227 INFO  EvoClassLoader - Seeing class for first time: com.ctc.wstx.util.BaseNsContext
2024-11-12 13:41:30,227 INFO  EvoClassLoader - Instrumenting class 'com.ctc.wstx.util.BaseNsContext'.
2024-11-12 13:41:30,228 INFO  MethodCallReplacementClassAdapter - Adding mock interface to class com/ctc/wstx/util/BaseNsContext
2024-11-12 13:41:30,228 INFO  CreateClassResetClassAdapter - Creating brand-new static initializer in class com/ctc/wstx/util/BaseNsContext
2024-11-12 13:41:30,228 INFO  CreateClassResetClassAdapter - Adding bytecode for initializing field UNDECLARED_NS_URI
2024-11-12 13:41:30,228 INFO  EvoClassLoader - Keeping class: com.ctc.wstx.util.BaseNsContext
2024-11-12 13:41:30,228 INFO  EvoClassLoader - Seeing class for first time: com.ctc.wstx.util.EmptyNamespaceContext
2024-11-12 13:41:30,228 INFO  EvoClassLoader - Instrumenting class 'com.ctc.wstx.util.EmptyNamespaceContext'.
2024-11-12 13:41:30,229 INFO  MethodCallReplacementClassAdapter - Adding mock interface to class com/ctc/wstx/util/EmptyNamespaceContext
2024-11-12 13:41:30,229 INFO  CreateClassResetClassAdapter - Found static initializer in class com/ctc/wstx/util/EmptyNamespaceContext
2024-11-12 13:41:30,229 INFO  EvoClassLoader - Keeping class: com.ctc.wstx.util.EmptyNamespaceContext
2024-11-12 13:41:30,229 INFO  EvoClassLoader - Seeing class for first time: com.ctc.wstx.sr.CompactNsContext
2024-11-12 13:41:30,229 INFO  EvoClassLoader - Instrumenting class 'com.ctc.wstx.sr.CompactNsContext'.
2024-11-12 13:41:30,229 INFO  MethodCallReplacementClassAdapter - Adding mock interface to class com/ctc/wstx/sr/CompactNsContext
2024-11-12 13:41:30,229 INFO  CreateClassResetClassAdapter - Creating brand-new static initializer in class com/ctc/wstx/sr/CompactNsContext
2024-11-12 13:41:30,229 INFO  EvoClassLoader - Keeping class: com.ctc.wstx.sr.CompactNsContext
2024-11-12 13:41:30,229 INFO  EvoClassLoader - Seeing class for first time: org.codehaus.stax2.validation.XMLValidator
2024-11-12 13:41:30,229 INFO  EvoClassLoader - Instrumenting class 'org.codehaus.stax2.validation.XMLValidator'.
2024-11-12 13:41:30,230 INFO  MethodCallReplacementClassAdapter - Adding mock interface to class org/codehaus/stax2/validation/XMLValidator
2024-11-12 13:41:30,230 INFO  CreateClassResetClassAdapter - Creating brand-new static initializer in class org/codehaus/stax2/validation/XMLValidator
2024-11-12 13:41:30,230 INFO  CreateClassResetClassAdapter - Adding bytecode for initializing field CONTENT_ALLOW_NONE
2024-11-12 13:41:30,230 INFO  CreateClassResetClassAdapter - Adding bytecode for initializing field CONTENT_ALLOW_WS
2024-11-12 13:41:30,230 INFO  CreateClassResetClassAdapter - Adding bytecode for initializing field CONTENT_ALLOW_WS_NONSTRICT
2024-11-12 13:41:30,230 INFO  CreateClassResetClassAdapter - Adding bytecode for initializing field CONTENT_ALLOW_VALIDATABLE_TEXT
2024-11-12 13:41:30,230 INFO  CreateClassResetClassAdapter - Adding bytecode for initializing field CONTENT_ALLOW_ANY_TEXT
2024-11-12 13:41:30,230 INFO  CreateClassResetClassAdapter - Adding bytecode for initializing field CONTENT_ALLOW_UNDEFINED
2024-11-12 13:41:30,230 INFO  EvoClassLoader - Keeping class: org.codehaus.stax2.validation.XMLValidator
2024-11-12 13:41:30,230 INFO  EvoClassLoader - Seeing class for first time: org.codehaus.stax2.validation.ValidatorPair
2024-11-12 13:41:30,230 INFO  EvoClassLoader - Instrumenting class 'org.codehaus.stax2.validation.ValidatorPair'.
2024-11-12 13:41:30,231 INFO  MethodCallReplacementClassAdapter - Adding mock interface to class org/codehaus/stax2/validation/ValidatorPair
2024-11-12 13:41:30,231 INFO  CreateClassResetClassAdapter - Creating brand-new static initializer in class org/codehaus/stax2/validation/ValidatorPair
2024-11-12 13:41:30,231 INFO  CreateClassResetClassAdapter - Adding bytecode for initializing field ATTR_TYPE_DEFAULT
2024-11-12 13:41:30,232 INFO  EvoClassLoader - Keeping class: org.codehaus.stax2.validation.ValidatorPair
2024-11-12 13:41:30,232 INFO  EvoClassLoader - Seeing class for first time: com.ctc.wstx.util.StringVector
2024-11-12 13:41:30,232 INFO  EvoClassLoader - Instrumenting class 'com.ctc.wstx.util.StringVector'.
2024-11-12 13:41:30,232 INFO  MethodCallReplacementClassAdapter - Adding mock interface to class com/ctc/wstx/util/StringVector
2024-11-12 13:41:30,233 INFO  CreateClassResetClassAdapter - Creating brand-new static initializer in class com/ctc/wstx/util/StringVector
2024-11-12 13:41:30,234 INFO  EvoClassLoader - Keeping class: com.ctc.wstx.util.StringVector
2024-11-12 13:41:30,234 INFO  EvoClassLoader - Seeing class for first time: com.ctc.wstx.sr.AttributeCollector
2024-11-12 13:41:30,234 INFO  EvoClassLoader - Instrumenting class 'com.ctc.wstx.sr.AttributeCollector'.
2024-11-12 13:41:30,234 INFO  MethodCallReplacementClassAdapter - Adding mock interface to class com/ctc/wstx/sr/AttributeCollector
2024-11-12 13:41:30,235 INFO  CreateClassResetClassAdapter - Found static initializer in class com/ctc/wstx/sr/AttributeCollector
2024-11-12 13:41:30,236 INFO  EvoClassLoader - Keeping class: com.ctc.wstx.sr.AttributeCollector
2024-11-12 13:41:30,236 INFO  EvoClassLoader - Seeing class for first time: com.ctc.wstx.util.InternCache
2024-11-12 13:41:30,236 INFO  EvoClassLoader - Instrumenting class 'com.ctc.wstx.util.InternCache'.
2024-11-12 13:41:30,236 INFO  MethodCallReplacementClassAdapter - Adding mock interface to class com/ctc/wstx/util/InternCache
2024-11-12 13:41:30,236 INFO  CreateClassResetClassAdapter - Found static initializer in class com/ctc/wstx/util/InternCache
2024-11-12 13:41:30,237 INFO  EvoClassLoader - Keeping class: com.ctc.wstx.util.InternCache
2024-11-12 13:41:30,237 INFO  EvoClassLoader - Seeing class for first time: com.ctc.wstx.util.TextBuilder
2024-11-12 13:41:30,237 INFO  EvoClassLoader - Instrumenting class 'com.ctc.wstx.util.TextBuilder'.
2024-11-12 13:41:30,237 INFO  MethodCallReplacementClassAdapter - Adding mock interface to class com/ctc/wstx/util/TextBuilder
2024-11-12 13:41:30,237 INFO  CreateClassResetClassAdapter - Creating brand-new static initializer in class com/ctc/wstx/util/TextBuilder
2024-11-12 13:41:30,237 INFO  CreateClassResetClassAdapter - Adding bytecode for initializing field MIN_LEN
2024-11-12 13:41:30,237 INFO  CreateClassResetClassAdapter - Adding bytecode for initializing field MAX_LEN
2024-11-12 13:41:30,237 INFO  EvoClassLoader - Keeping class: com.ctc.wstx.util.TextBuilder
2024-11-12 13:41:30,237 INFO  EvoClassLoader - Seeing class for first time: com.ctc.wstx.util.TextBuffer
2024-11-12 13:41:30,237 INFO  EvoClassLoader - Instrumenting class 'com.ctc.wstx.util.TextBuffer'.
2024-11-12 13:41:30,238 INFO  MethodCallReplacementClassAdapter - Adding mock interface to class com/ctc/wstx/util/TextBuffer
2024-11-12 13:41:30,238 INFO  CreateClassResetClassAdapter - Found static initializer in class com/ctc/wstx/util/TextBuffer
2024-11-12 13:41:30,238 INFO  EvoClassLoader - Keeping class: com.ctc.wstx.util.TextBuffer
2024-11-12 13:41:30,239 INFO  EvoClassLoader - Seeing class for first time: com.ctc.wstx.util.TextBuffer$BufferReader
2024-11-12 13:41:30,239 INFO  EvoClassLoader - Instrumenting class 'com.ctc.wstx.util.TextBuffer$BufferReader'.
2024-11-12 13:41:30,239 INFO  MethodCallReplacementClassAdapter - Adding mock interface to class com/ctc/wstx/util/TextBuffer$BufferReader
2024-11-12 13:41:30,239 INFO  CreateClassResetClassAdapter - Creating brand-new static initializer in class com/ctc/wstx/util/TextBuffer$BufferReader
2024-11-12 13:41:30,239 INFO  EvoClassLoader - Keeping class: com.ctc.wstx.util.TextBuffer$BufferReader
2024-11-12 13:41:30,240 INFO  EvoClassLoader - Seeing class for first time: org.apache.hadoop.conf.Configuration$Parser
2024-11-12 13:41:30,240 INFO  EvoClassLoader - Instrumenting class 'org.apache.hadoop.conf.Configuration$Parser'.
2024-11-12 13:41:30,240 INFO  MethodCallReplacementClassAdapter - Adding mock interface to class org/apache/hadoop/conf/Configuration$Parser
2024-11-12 13:41:30,243 INFO  CreateClassResetClassAdapter - Creating brand-new static initializer in class org/apache/hadoop/conf/Configuration$Parser
2024-11-12 13:41:30,243 INFO  EvoClassLoader - Keeping class: org.apache.hadoop.conf.Configuration$Parser
2024-11-12 13:41:30,244 INFO  EvoClassLoader - Seeing class for first time: com.ctc.wstx.sr.Element
2024-11-12 13:41:30,244 INFO  EvoClassLoader - Instrumenting class 'com.ctc.wstx.sr.Element'.
2024-11-12 13:41:30,244 INFO  MethodCallReplacementClassAdapter - Adding mock interface to class com/ctc/wstx/sr/Element
2024-11-12 13:41:30,244 INFO  CreateClassResetClassAdapter - Creating brand-new static initializer in class com/ctc/wstx/sr/Element
2024-11-12 13:41:30,244 INFO  EvoClassLoader - Keeping class: com.ctc.wstx.sr.Element
2024-11-12 13:41:30,244 INFO  EvoClassLoader - Seeing class for first time: org.apache.hadoop.util.StringInterner
2024-11-12 13:41:30,244 INFO  EvoClassLoader - Instrumenting class 'org.apache.hadoop.util.StringInterner'.
2024-11-12 13:41:30,244 INFO  MethodCallReplacementClassAdapter - Adding mock interface to class org/apache/hadoop/util/StringInterner
2024-11-12 13:41:30,244 INFO  CreateClassResetClassAdapter - Found static initializer in class org/apache/hadoop/util/StringInterner
2024-11-12 13:41:30,245 INFO  EvoClassLoader - Keeping class: org.apache.hadoop.util.StringInterner
2024-11-12 13:41:30,245 INFO  EvoClassLoader - Seeing class for first time: org.apache.hadoop.thirdparty.com.google.common.collect.Interners
2024-11-12 13:41:30,245 INFO  EvoClassLoader - Instrumenting class 'org.apache.hadoop.thirdparty.com.google.common.collect.Interners'.
2024-11-12 13:41:30,245 INFO  MethodCallReplacementClassAdapter - Adding mock interface to class org/apache/hadoop/thirdparty/com/google/common/collect/Interners
2024-11-12 13:41:30,245 INFO  CreateClassResetClassAdapter - Creating brand-new static initializer in class org/apache/hadoop/thirdparty/com/google/common/collect/Interners
2024-11-12 13:41:30,245 INFO  EvoClassLoader - Defined package (3): package org.apache.hadoop.thirdparty.com.google.common.collect, -347820205
2024-11-12 13:41:30,245 INFO  EvoClassLoader - Keeping class: org.apache.hadoop.thirdparty.com.google.common.collect.Interners
2024-11-12 13:41:30,245 INFO  EvoClassLoader - Seeing class for first time: org.apache.hadoop.thirdparty.com.google.common.base.Function
2024-11-12 13:41:30,245 INFO  EvoClassLoader - Instrumenting class 'org.apache.hadoop.thirdparty.com.google.common.base.Function'.
2024-11-12 13:41:30,245 INFO  EvoClassLoader - Defined package (3): package org.apache.hadoop.thirdparty.com.google.common.base, -2047700664
2024-11-12 13:41:30,245 INFO  EvoClassLoader - Keeping class: org.apache.hadoop.thirdparty.com.google.common.base.Function
2024-11-12 13:41:30,245 INFO  EvoClassLoader - Seeing class for first time: org.apache.hadoop.thirdparty.com.google.common.collect.Interners$InternerBuilder
2024-11-12 13:41:30,245 INFO  EvoClassLoader - Instrumenting class 'org.apache.hadoop.thirdparty.com.google.common.collect.Interners$InternerBuilder'.
2024-11-12 13:41:30,245 INFO  MethodCallReplacementClassAdapter - Adding mock interface to class org/apache/hadoop/thirdparty/com/google/common/collect/Interners$InternerBuilder
2024-11-12 13:41:30,245 INFO  CreateClassResetClassAdapter - Creating brand-new static initializer in class org/apache/hadoop/thirdparty/com/google/common/collect/Interners$InternerBuilder
2024-11-12 13:41:30,245 INFO  EvoClassLoader - Keeping class: org.apache.hadoop.thirdparty.com.google.common.collect.Interners$InternerBuilder
2024-11-12 13:41:30,245 INFO  EvoClassLoader - Seeing class for first time: org.apache.hadoop.thirdparty.com.google.common.collect.Interner
2024-11-12 13:41:30,245 INFO  EvoClassLoader - Instrumenting class 'org.apache.hadoop.thirdparty.com.google.common.collect.Interner'.
2024-11-12 13:41:30,246 INFO  EvoClassLoader - Keeping class: org.apache.hadoop.thirdparty.com.google.common.collect.Interner
2024-11-12 13:41:30,246 INFO  EvoClassLoader - Seeing class for first time: org.apache.hadoop.thirdparty.com.google.common.collect.MapMaker
2024-11-12 13:41:30,246 INFO  EvoClassLoader - Instrumenting class 'org.apache.hadoop.thirdparty.com.google.common.collect.MapMaker'.
2024-11-12 13:41:30,246 INFO  MethodCallReplacementClassAdapter - Adding mock interface to class org/apache/hadoop/thirdparty/com/google/common/collect/MapMaker
2024-11-12 13:41:30,246 INFO  CreateClassResetClassAdapter - Creating brand-new static initializer in class org/apache/hadoop/thirdparty/com/google/common/collect/MapMaker
2024-11-12 13:41:30,246 INFO  CreateClassResetClassAdapter - Adding bytecode for initializing field DEFAULT_INITIAL_CAPACITY
2024-11-12 13:41:30,246 INFO  CreateClassResetClassAdapter - Adding bytecode for initializing field DEFAULT_CONCURRENCY_LEVEL
2024-11-12 13:41:30,246 INFO  CreateClassResetClassAdapter - Adding bytecode for initializing field UNSET_INT
2024-11-12 13:41:30,246 INFO  EvoClassLoader - Keeping class: org.apache.hadoop.thirdparty.com.google.common.collect.MapMaker
2024-11-12 13:41:30,246 INFO  EvoClassLoader - Seeing class for first time: org.apache.hadoop.thirdparty.com.google.common.collect.Interners$InternerImpl
2024-11-12 13:41:30,246 INFO  EvoClassLoader - Instrumenting class 'org.apache.hadoop.thirdparty.com.google.common.collect.Interners$InternerImpl'.
2024-11-12 13:41:30,246 INFO  MethodCallReplacementClassAdapter - Adding mock interface to class org/apache/hadoop/thirdparty/com/google/common/collect/Interners$InternerImpl
2024-11-12 13:41:30,247 INFO  CreateClassResetClassAdapter - Creating brand-new static initializer in class org/apache/hadoop/thirdparty/com/google/common/collect/Interners$InternerImpl
2024-11-12 13:41:30,247 INFO  EvoClassLoader - Keeping class: org.apache.hadoop.thirdparty.com.google.common.collect.Interners$InternerImpl
2024-11-12 13:41:30,247 INFO  EvoClassLoader - Seeing class for first time: org.apache.hadoop.thirdparty.com.google.common.base.Equivalence
2024-11-12 13:41:30,247 INFO  EvoClassLoader - Instrumenting class 'org.apache.hadoop.thirdparty.com.google.common.base.Equivalence'.
2024-11-12 13:41:30,247 INFO  MethodCallReplacementClassAdapter - Adding mock interface to class org/apache/hadoop/thirdparty/com/google/common/base/Equivalence
2024-11-12 13:41:30,247 INFO  CreateClassResetClassAdapter - Creating brand-new static initializer in class org/apache/hadoop/thirdparty/com/google/common/base/Equivalence
2024-11-12 13:41:30,247 INFO  EvoClassLoader - Keeping class: org.apache.hadoop.thirdparty.com.google.common.base.Equivalence
2024-11-12 13:41:30,247 INFO  EvoClassLoader - Seeing class for first time: org.apache.hadoop.thirdparty.com.google.common.base.Equivalence$Equals
2024-11-12 13:41:30,247 INFO  EvoClassLoader - Instrumenting class 'org.apache.hadoop.thirdparty.com.google.common.base.Equivalence$Equals'.
2024-11-12 13:41:30,247 INFO  MethodCallReplacementClassAdapter - Adding mock interface to class org/apache/hadoop/thirdparty/com/google/common/base/Equivalence$Equals
2024-11-12 13:41:30,247 INFO  CreateClassResetClassAdapter - Found static initializer in class org/apache/hadoop/thirdparty/com/google/common/base/Equivalence$Equals
2024-11-12 13:41:30,247 INFO  EvoClassLoader - Keeping class: org.apache.hadoop.thirdparty.com.google.common.base.Equivalence$Equals
2024-11-12 13:41:30,247 INFO  EvoClassLoader - Seeing class for first time: org.apache.hadoop.thirdparty.com.google.common.base.Equivalence$Identity
2024-11-12 13:41:30,247 INFO  EvoClassLoader - Instrumenting class 'org.apache.hadoop.thirdparty.com.google.common.base.Equivalence$Identity'.
2024-11-12 13:41:30,247 INFO  MethodCallReplacementClassAdapter - Adding mock interface to class org/apache/hadoop/thirdparty/com/google/common/base/Equivalence$Identity
2024-11-12 13:41:30,247 INFO  CreateClassResetClassAdapter - Found static initializer in class org/apache/hadoop/thirdparty/com/google/common/base/Equivalence$Identity
2024-11-12 13:41:30,248 INFO  EvoClassLoader - Keeping class: org.apache.hadoop.thirdparty.com.google.common.base.Equivalence$Identity
2024-11-12 13:41:30,248 INFO  EvoClassLoader - Seeing class for first time: org.apache.hadoop.thirdparty.com.google.common.base.PairwiseEquivalence
2024-11-12 13:41:30,248 INFO  EvoClassLoader - Instrumenting class 'org.apache.hadoop.thirdparty.com.google.common.base.PairwiseEquivalence'.
2024-11-12 13:41:30,248 INFO  MethodCallReplacementClassAdapter - Adding mock interface to class org/apache/hadoop/thirdparty/com/google/common/base/PairwiseEquivalence
2024-11-12 13:41:30,248 INFO  CreateClassResetClassAdapter - Creating brand-new static initializer in class org/apache/hadoop/thirdparty/com/google/common/base/PairwiseEquivalence
2024-11-12 13:41:30,248 INFO  EvoClassLoader - Keeping class: org.apache.hadoop.thirdparty.com.google.common.base.PairwiseEquivalence
2024-11-12 13:41:30,248 INFO  EvoClassLoader - Seeing class for first time: org.apache.hadoop.thirdparty.com.google.common.base.Predicate
2024-11-12 13:41:30,248 INFO  EvoClassLoader - Instrumenting class 'org.apache.hadoop.thirdparty.com.google.common.base.Predicate'.
2024-11-12 13:41:30,248 INFO  EvoClassLoader - Keeping class: org.apache.hadoop.thirdparty.com.google.common.base.Predicate
2024-11-12 13:41:30,248 INFO  EvoClassLoader - Seeing class for first time: org.apache.hadoop.thirdparty.com.google.common.base.FunctionalEquivalence
2024-11-12 13:41:30,248 INFO  EvoClassLoader - Instrumenting class 'org.apache.hadoop.thirdparty.com.google.common.base.FunctionalEquivalence'.
2024-11-12 13:41:30,248 INFO  MethodCallReplacementClassAdapter - Adding mock interface to class org/apache/hadoop/thirdparty/com/google/common/base/FunctionalEquivalence
2024-11-12 13:41:30,249 INFO  CreateClassResetClassAdapter - Creating brand-new static initializer in class org/apache/hadoop/thirdparty/com/google/common/base/FunctionalEquivalence
2024-11-12 13:41:30,249 INFO  EvoClassLoader - Keeping class: org.apache.hadoop.thirdparty.com.google.common.base.FunctionalEquivalence
2024-11-12 13:41:30,249 INFO  EvoClassLoader - Seeing class for first time: org.apache.hadoop.thirdparty.com.google.common.base.Preconditions
2024-11-12 13:41:30,249 INFO  EvoClassLoader - Instrumenting class 'org.apache.hadoop.thirdparty.com.google.common.base.Preconditions'.
2024-11-12 13:41:30,249 INFO  MethodCallReplacementClassAdapter - Adding mock interface to class org/apache/hadoop/thirdparty/com/google/common/base/Preconditions
2024-11-12 13:41:30,251 INFO  CreateClassResetClassAdapter - Found static initializer in class org/apache/hadoop/thirdparty/com/google/common/base/Preconditions
2024-11-12 13:41:30,251 INFO  EvoClassLoader - Keeping class: org.apache.hadoop.thirdparty.com.google.common.base.Preconditions
2024-11-12 13:41:30,252 INFO  EvoClassLoader - Seeing class for first time: org.apache.hadoop.thirdparty.com.google.common.base.Java8Usage
2024-11-12 13:41:30,252 INFO  EvoClassLoader - Instrumenting class 'org.apache.hadoop.thirdparty.com.google.common.base.Java8Usage'.
2024-11-12 13:41:30,252 INFO  MethodCallReplacementClassAdapter - Adding mock interface to class org/apache/hadoop/thirdparty/com/google/common/base/Java8Usage
2024-11-12 13:41:30,252 INFO  CreateClassResetClassAdapter - Creating brand-new static initializer in class org/apache/hadoop/thirdparty/com/google/common/base/Java8Usage
2024-11-12 13:41:30,252 INFO  EvoClassLoader - Keeping class: org.apache.hadoop.thirdparty.com.google.common.base.Java8Usage
2024-11-12 13:41:30,252 INFO  EvoClassLoader - Seeing class for first time: org.apache.hadoop.thirdparty.com.google.common.collect.MapMakerInternalMap
2024-11-12 13:41:30,252 INFO  EvoClassLoader - Instrumenting class 'org.apache.hadoop.thirdparty.com.google.common.collect.MapMakerInternalMap'.
2024-11-12 13:41:30,253 INFO  MethodCallReplacementClassAdapter - Adding mock interface to class org/apache/hadoop/thirdparty/com/google/common/collect/MapMakerInternalMap
2024-11-12 13:41:30,254 INFO  CreateClassResetClassAdapter - Found static initializer in class org/apache/hadoop/thirdparty/com/google/common/collect/MapMakerInternalMap
2024-11-12 13:41:30,255 INFO  EvoClassLoader - Keeping class: org.apache.hadoop.thirdparty.com.google.common.collect.MapMakerInternalMap
2024-11-12 13:41:30,255 INFO  EvoClassLoader - Seeing class for first time: org.apache.hadoop.thirdparty.com.google.common.collect.MapMakerInternalMap$WeakValueReference
2024-11-12 13:41:30,255 INFO  EvoClassLoader - Instrumenting class 'org.apache.hadoop.thirdparty.com.google.common.collect.MapMakerInternalMap$WeakValueReference'.
2024-11-12 13:41:30,256 INFO  EvoClassLoader - Keeping class: org.apache.hadoop.thirdparty.com.google.common.collect.MapMakerInternalMap$WeakValueReference
2024-11-12 13:41:30,256 INFO  EvoClassLoader - Seeing class for first time: org.apache.hadoop.thirdparty.com.google.common.collect.MapMakerInternalMap$InternalEntryHelper
2024-11-12 13:41:30,256 INFO  EvoClassLoader - Instrumenting class 'org.apache.hadoop.thirdparty.com.google.common.collect.MapMakerInternalMap$InternalEntryHelper'.
2024-11-12 13:41:30,256 INFO  EvoClassLoader - Keeping class: org.apache.hadoop.thirdparty.com.google.common.collect.MapMakerInternalMap$InternalEntryHelper
2024-11-12 13:41:30,256 INFO  EvoClassLoader - Seeing class for first time: org.apache.hadoop.thirdparty.com.google.common.collect.MapMakerInternalMap$1
2024-11-12 13:41:30,256 INFO  EvoClassLoader - Instrumenting class 'org.apache.hadoop.thirdparty.com.google.common.collect.MapMakerInternalMap$1'.
2024-11-12 13:41:30,256 INFO  MethodCallReplacementClassAdapter - Adding mock interface to class org/apache/hadoop/thirdparty/com/google/common/collect/MapMakerInternalMap$1
2024-11-12 13:41:30,257 INFO  EvoClassLoader - Keeping class: org.apache.hadoop.thirdparty.com.google.common.collect.MapMakerInternalMap$1
2024-11-12 13:41:30,257 INFO  EvoClassLoader - Seeing class for first time: org.apache.hadoop.thirdparty.com.google.common.collect.MapMakerInternalMap$InternalEntry
2024-11-12 13:41:30,257 INFO  EvoClassLoader - Instrumenting class 'org.apache.hadoop.thirdparty.com.google.common.collect.MapMakerInternalMap$InternalEntry'.
2024-11-12 13:41:30,257 INFO  EvoClassLoader - Keeping class: org.apache.hadoop.thirdparty.com.google.common.collect.MapMakerInternalMap$InternalEntry
2024-11-12 13:41:30,257 INFO  EvoClassLoader - Seeing class for first time: org.apache.hadoop.thirdparty.com.google.common.collect.MapMakerInternalMap$Strength
2024-11-12 13:41:30,257 INFO  EvoClassLoader - Instrumenting class 'org.apache.hadoop.thirdparty.com.google.common.collect.MapMakerInternalMap$Strength'.
2024-11-12 13:41:30,257 INFO  MethodCallReplacementClassAdapter - Adding mock interface to class org/apache/hadoop/thirdparty/com/google/common/collect/MapMakerInternalMap$Strength
2024-11-12 13:41:30,257 INFO  CreateClassResetClassAdapter - Found static initializer in class org/apache/hadoop/thirdparty/com/google/common/collect/MapMakerInternalMap$Strength
2024-11-12 13:41:30,257 INFO  EvoClassLoader - Keeping class: org.apache.hadoop.thirdparty.com.google.common.collect.MapMakerInternalMap$Strength
2024-11-12 13:41:30,257 INFO  EvoClassLoader - Seeing class for first time: org.apache.hadoop.thirdparty.com.google.common.collect.MapMakerInternalMap$Strength$1
2024-11-12 13:41:30,257 INFO  EvoClassLoader - Instrumenting class 'org.apache.hadoop.thirdparty.com.google.common.collect.MapMakerInternalMap$Strength$1'.
2024-11-12 13:41:30,257 INFO  MethodCallReplacementClassAdapter - Adding mock interface to class org/apache/hadoop/thirdparty/com/google/common/collect/MapMakerInternalMap$Strength$1
2024-11-12 13:41:30,257 INFO  EvoClassLoader - Keeping class: org.apache.hadoop.thirdparty.com.google.common.collect.MapMakerInternalMap$Strength$1
2024-11-12 13:41:30,257 INFO  EvoClassLoader - Seeing class for first time: org.apache.hadoop.thirdparty.com.google.common.collect.MapMakerInternalMap$Strength$2
2024-11-12 13:41:30,257 INFO  EvoClassLoader - Instrumenting class 'org.apache.hadoop.thirdparty.com.google.common.collect.MapMakerInternalMap$Strength$2'.
2024-11-12 13:41:30,258 INFO  MethodCallReplacementClassAdapter - Adding mock interface to class org/apache/hadoop/thirdparty/com/google/common/collect/MapMakerInternalMap$Strength$2
2024-11-12 13:41:30,258 INFO  EvoClassLoader - Keeping class: org.apache.hadoop.thirdparty.com.google.common.collect.MapMakerInternalMap$Strength$2
2024-11-12 13:41:30,258 INFO  EvoClassLoader - Seeing class for first time: org.apache.hadoop.thirdparty.com.google.common.base.MoreObjects
2024-11-12 13:41:30,258 INFO  EvoClassLoader - Instrumenting class 'org.apache.hadoop.thirdparty.com.google.common.base.MoreObjects'.
2024-11-12 13:41:30,258 INFO  MethodCallReplacementClassAdapter - Adding mock interface to class org/apache/hadoop/thirdparty/com/google/common/base/MoreObjects
2024-11-12 13:41:30,258 INFO  CreateClassResetClassAdapter - Creating brand-new static initializer in class org/apache/hadoop/thirdparty/com/google/common/base/MoreObjects
2024-11-12 13:41:30,258 INFO  EvoClassLoader - Keeping class: org.apache.hadoop.thirdparty.com.google.common.base.MoreObjects
2024-11-12 13:41:30,258 INFO  EvoClassLoader - Seeing class for first time: org.apache.hadoop.thirdparty.com.google.common.collect.MapMakerInternalMap$StrongKeyDummyValueEntry$Helper
2024-11-12 13:41:30,258 INFO  EvoClassLoader - Instrumenting class 'org.apache.hadoop.thirdparty.com.google.common.collect.MapMakerInternalMap$StrongKeyDummyValueEntry$Helper'.
2024-11-12 13:41:30,259 INFO  MethodCallReplacementClassAdapter - Adding mock interface to class org/apache/hadoop/thirdparty/com/google/common/collect/MapMakerInternalMap$StrongKeyDummyValueEntry$Helper
2024-11-12 13:41:30,259 INFO  CreateClassResetClassAdapter - Found static initializer in class org/apache/hadoop/thirdparty/com/google/common/collect/MapMakerInternalMap$StrongKeyDummyValueEntry$Helper
2024-11-12 13:41:30,259 INFO  EvoClassLoader - Keeping class: org.apache.hadoop.thirdparty.com.google.common.collect.MapMakerInternalMap$StrongKeyDummyValueEntry$Helper
2024-11-12 13:41:30,259 INFO  EvoClassLoader - Seeing class for first time: org.apache.hadoop.thirdparty.com.google.common.collect.MapMakerInternalMap$Segment
2024-11-12 13:41:30,259 INFO  EvoClassLoader - Instrumenting class 'org.apache.hadoop.thirdparty.com.google.common.collect.MapMakerInternalMap$Segment'.
2024-11-12 13:41:30,259 INFO  MethodCallReplacementClassAdapter - Adding mock interface to class org/apache/hadoop/thirdparty/com/google/common/collect/MapMakerInternalMap$Segment
2024-11-12 13:41:30,260 INFO  CreateClassResetClassAdapter - Creating brand-new static initializer in class org/apache/hadoop/thirdparty/com/google/common/collect/MapMakerInternalMap$Segment
2024-11-12 13:41:30,260 INFO  EvoClassLoader - Keeping class: org.apache.hadoop.thirdparty.com.google.common.collect.MapMakerInternalMap$Segment
2024-11-12 13:41:30,260 INFO  EvoClassLoader - Seeing class for first time: org.apache.hadoop.thirdparty.com.google.common.collect.MapMakerInternalMap$StrongKeyDummyValueSegment
2024-11-12 13:41:30,260 INFO  EvoClassLoader - Instrumenting class 'org.apache.hadoop.thirdparty.com.google.common.collect.MapMakerInternalMap$StrongKeyDummyValueSegment'.
2024-11-12 13:41:30,260 INFO  MethodCallReplacementClassAdapter - Adding mock interface to class org/apache/hadoop/thirdparty/com/google/common/collect/MapMakerInternalMap$StrongKeyDummyValueSegment
2024-11-12 13:41:30,261 INFO  CreateClassResetClassAdapter - Creating brand-new static initializer in class org/apache/hadoop/thirdparty/com/google/common/collect/MapMakerInternalMap$StrongKeyDummyValueSegment
2024-11-12 13:41:30,261 INFO  EvoClassLoader - Keeping class: org.apache.hadoop.thirdparty.com.google.common.collect.MapMakerInternalMap$StrongKeyDummyValueSegment
2024-11-12 13:41:30,263 INFO  EvoClassLoader - Seeing class for first time: org.apache.hadoop.conf.Configuration$ParsedItem
2024-11-12 13:41:30,263 INFO  EvoClassLoader - Instrumenting class 'org.apache.hadoop.conf.Configuration$ParsedItem'.
2024-11-12 13:41:30,263 INFO  MethodCallReplacementClassAdapter - Adding mock interface to class org/apache/hadoop/conf/Configuration$ParsedItem
2024-11-12 13:41:30,263 INFO  CreateClassResetClassAdapter - Creating brand-new static initializer in class org/apache/hadoop/conf/Configuration$ParsedItem
2024-11-12 13:41:30,264 INFO  EvoClassLoader - Keeping class: org.apache.hadoop.conf.Configuration$ParsedItem
2024-11-12 13:41:30,331 INFO  EvoClassLoader - Seeing class for first time: com.ctc.wstx.io.BufferRecycler
2024-11-12 13:41:30,331 INFO  EvoClassLoader - Instrumenting class 'com.ctc.wstx.io.BufferRecycler'.
2024-11-12 13:41:30,331 INFO  MethodCallReplacementClassAdapter - Adding mock interface to class com/ctc/wstx/io/BufferRecycler
2024-11-12 13:41:30,332 INFO  CreateClassResetClassAdapter - Creating brand-new static initializer in class com/ctc/wstx/io/BufferRecycler
2024-11-12 13:41:30,332 INFO  EvoClassLoader - Keeping class: com.ctc.wstx.io.BufferRecycler
2024-11-12 13:41:30,335 INFO  EvoClassLoader - Seeing class for first time: org.apache.hadoop.fs.FileSystem$3
2024-11-12 13:41:30,335 INFO  EvoClassLoader - Instrumenting class 'org.apache.hadoop.fs.FileSystem$3'.
2024-11-12 13:41:30,335 INFO  MethodCallReplacementClassAdapter - Adding mock interface to class org/apache/hadoop/fs/FileSystem$3
2024-11-12 13:41:30,335 INFO  EvoClassLoader - Keeping class: org.apache.hadoop.fs.FileSystem$3
2024-11-12 13:41:30,335 INFO  EvoClassLoader - Seeing class for first time: io.netty.channel.ChannelInboundHandlerAdapter
2024-11-12 13:41:30,335 INFO  EvoClassLoader - Instrumenting class 'io.netty.channel.ChannelInboundHandlerAdapter'.
2024-11-12 13:41:30,336 INFO  MethodCallReplacementClassAdapter - Adding mock interface to class io/netty/channel/ChannelInboundHandlerAdapter
2024-11-12 13:41:30,336 INFO  CreateClassResetClassAdapter - Creating brand-new static initializer in class io/netty/channel/ChannelInboundHandlerAdapter
2024-11-12 13:41:30,336 INFO  EvoClassLoader - Defined package (3): package io.netty.channel, -1443455697
2024-11-12 13:41:30,336 INFO  EvoClassLoader - Seeing class for first time: io.netty.channel.ChannelInboundHandler
2024-11-12 13:41:30,336 INFO  EvoClassLoader - Instrumenting class 'io.netty.channel.ChannelInboundHandler'.
2024-11-12 13:41:30,337 INFO  EvoClassLoader - Seeing class for first time: io.netty.channel.ChannelHandler
2024-11-12 13:41:30,337 INFO  EvoClassLoader - Instrumenting class 'io.netty.channel.ChannelHandler'.
2024-11-12 13:41:30,337 INFO  EvoClassLoader - Keeping class: io.netty.channel.ChannelHandler
2024-11-12 13:41:30,337 INFO  EvoClassLoader - Keeping class: io.netty.channel.ChannelInboundHandler
2024-11-12 13:41:30,337 INFO  EvoClassLoader - Seeing class for first time: io.netty.channel.ChannelHandlerAdapter
2024-11-12 13:41:30,337 INFO  EvoClassLoader - Instrumenting class 'io.netty.channel.ChannelHandlerAdapter'.
2024-11-12 13:41:30,337 INFO  MethodCallReplacementClassAdapter - Adding mock interface to class io/netty/channel/ChannelHandlerAdapter
2024-11-12 13:41:30,338 INFO  CreateClassResetClassAdapter - Creating brand-new static initializer in class io/netty/channel/ChannelHandlerAdapter
2024-11-12 13:41:30,338 INFO  EvoClassLoader - Keeping class: io.netty.channel.ChannelHandlerAdapter
2024-11-12 13:41:30,338 INFO  EvoClassLoader - Keeping class: io.netty.channel.ChannelInboundHandlerAdapter
2024-11-12 13:41:30,338 INFO  EvoClassLoader - Seeing class for first time: org.apache.hadoop.hdfs.server.namenode.FsImageProto$INodeSection
2024-11-12 13:41:30,338 INFO  EvoClassLoader - Instrumenting class 'org.apache.hadoop.hdfs.server.namenode.FsImageProto$INodeSection'.
2024-11-12 13:41:30,338 INFO  MethodCallReplacementClassAdapter - Adding mock interface to class org/apache/hadoop/hdfs/server/namenode/FsImageProto$INodeSection
2024-11-12 13:41:30,339 INFO  CreateClassResetClassAdapter - Found static initializer in class org/apache/hadoop/hdfs/server/namenode/FsImageProto$INodeSection
2024-11-12 13:41:30,340 INFO  EvoClassLoader - Seeing class for first time: org.apache.hadoop.hdfs.server.namenode.FsImageProto$INodeSectionOrBuilder
2024-11-12 13:41:30,340 INFO  EvoClassLoader - Instrumenting class 'org.apache.hadoop.hdfs.server.namenode.FsImageProto$INodeSectionOrBuilder'.
2024-11-12 13:41:30,340 INFO  EvoClassLoader - Seeing class for first time: org.apache.hadoop.thirdparty.protobuf.MessageOrBuilder
2024-11-12 13:41:30,340 INFO  EvoClassLoader - Instrumenting class 'org.apache.hadoop.thirdparty.protobuf.MessageOrBuilder'.
2024-11-12 13:41:30,340 INFO  EvoClassLoader - Seeing class for first time: org.apache.hadoop.thirdparty.protobuf.MessageLiteOrBuilder
2024-11-12 13:41:30,340 INFO  EvoClassLoader - Instrumenting class 'org.apache.hadoop.thirdparty.protobuf.MessageLiteOrBuilder'.
2024-11-12 13:41:30,340 INFO  EvoClassLoader - Keeping class: org.apache.hadoop.thirdparty.protobuf.MessageLiteOrBuilder
2024-11-12 13:41:30,340 INFO  EvoClassLoader - Keeping class: org.apache.hadoop.thirdparty.protobuf.MessageOrBuilder
2024-11-12 13:41:30,340 INFO  EvoClassLoader - Keeping class: org.apache.hadoop.hdfs.server.namenode.FsImageProto$INodeSectionOrBuilder
2024-11-12 13:41:30,340 INFO  EvoClassLoader - Seeing class for first time: org.apache.hadoop.thirdparty.protobuf.GeneratedMessageV3
2024-11-12 13:41:30,340 INFO  EvoClassLoader - Instrumenting class 'org.apache.hadoop.thirdparty.protobuf.GeneratedMessageV3'.
2024-11-12 13:41:30,341 INFO  MethodCallReplacementClassAdapter - Adding mock interface to class org/apache/hadoop/thirdparty/protobuf/GeneratedMessageV3
2024-11-12 13:41:30,342 INFO  CreateClassResetClassAdapter - Found static initializer in class org/apache/hadoop/thirdparty/protobuf/GeneratedMessageV3
2024-11-12 13:41:30,343 INFO  EvoClassLoader - Seeing class for first time: org.apache.hadoop.thirdparty.protobuf.AbstractMessage
2024-11-12 13:41:30,343 INFO  EvoClassLoader - Instrumenting class 'org.apache.hadoop.thirdparty.protobuf.AbstractMessage'.
2024-11-12 13:41:30,343 INFO  MethodCallReplacementClassAdapter - Adding mock interface to class org/apache/hadoop/thirdparty/protobuf/AbstractMessage
2024-11-12 13:41:30,343 INFO  CreateClassResetClassAdapter - Creating brand-new static initializer in class org/apache/hadoop/thirdparty/protobuf/AbstractMessage
2024-11-12 13:41:30,344 INFO  EvoClassLoader - Seeing class for first time: org.apache.hadoop.thirdparty.protobuf.Message
2024-11-12 13:41:30,344 INFO  EvoClassLoader - Instrumenting class 'org.apache.hadoop.thirdparty.protobuf.Message'.
2024-11-12 13:41:30,344 INFO  EvoClassLoader - Seeing class for first time: org.apache.hadoop.thirdparty.protobuf.MessageLite
2024-11-12 13:41:30,344 INFO  EvoClassLoader - Instrumenting class 'org.apache.hadoop.thirdparty.protobuf.MessageLite'.
2024-11-12 13:41:30,344 INFO  EvoClassLoader - Keeping class: org.apache.hadoop.thirdparty.protobuf.MessageLite
2024-11-12 13:41:30,344 INFO  EvoClassLoader - Keeping class: org.apache.hadoop.thirdparty.protobuf.Message
2024-11-12 13:41:30,344 INFO  EvoClassLoader - Seeing class for first time: org.apache.hadoop.thirdparty.protobuf.AbstractMessageLite
2024-11-12 13:41:30,344 INFO  EvoClassLoader - Instrumenting class 'org.apache.hadoop.thirdparty.protobuf.AbstractMessageLite'.
2024-11-12 13:41:30,344 INFO  MethodCallReplacementClassAdapter - Adding mock interface to class org/apache/hadoop/thirdparty/protobuf/AbstractMessageLite
2024-11-12 13:41:30,345 INFO  CreateClassResetClassAdapter - Creating brand-new static initializer in class org/apache/hadoop/thirdparty/protobuf/AbstractMessageLite
2024-11-12 13:41:30,345 INFO  EvoClassLoader - Keeping class: org.apache.hadoop.thirdparty.protobuf.AbstractMessageLite
2024-11-12 13:41:30,345 INFO  EvoClassLoader - Keeping class: org.apache.hadoop.thirdparty.protobuf.AbstractMessage
2024-11-12 13:41:30,345 INFO  EvoClassLoader - Keeping class: org.apache.hadoop.thirdparty.protobuf.GeneratedMessageV3
2024-11-12 13:41:30,345 INFO  EvoClassLoader - Keeping class: org.apache.hadoop.hdfs.server.namenode.FsImageProto$INodeSection
2024-11-12 13:41:30,345 INFO  EvoClassLoader - Seeing class for first time: org.apache.hadoop.thirdparty.protobuf.GeneratedMessageV3$BuilderParent
2024-11-12 13:41:30,345 INFO  EvoClassLoader - Instrumenting class 'org.apache.hadoop.thirdparty.protobuf.GeneratedMessageV3$BuilderParent'.
2024-11-12 13:41:30,345 INFO  EvoClassLoader - Seeing class for first time: org.apache.hadoop.thirdparty.protobuf.AbstractMessage$BuilderParent
2024-11-12 13:41:30,345 INFO  EvoClassLoader - Instrumenting class 'org.apache.hadoop.thirdparty.protobuf.AbstractMessage$BuilderParent'.
2024-11-12 13:41:30,345 INFO  EvoClassLoader - Keeping class: org.apache.hadoop.thirdparty.protobuf.AbstractMessage$BuilderParent
2024-11-12 13:41:30,345 INFO  EvoClassLoader - Keeping class: org.apache.hadoop.thirdparty.protobuf.GeneratedMessageV3$BuilderParent
2024-11-12 13:41:30,346 INFO  EvoClassLoader - Seeing class for first time: org.apache.hadoop.thirdparty.protobuf.Internal$IntList
2024-11-12 13:41:30,346 INFO  EvoClassLoader - Instrumenting class 'org.apache.hadoop.thirdparty.protobuf.Internal$IntList'.
2024-11-12 13:41:30,346 INFO  EvoClassLoader - Seeing class for first time: org.apache.hadoop.thirdparty.protobuf.Internal$ProtobufList
2024-11-12 13:41:30,346 INFO  EvoClassLoader - Instrumenting class 'org.apache.hadoop.thirdparty.protobuf.Internal$ProtobufList'.
2024-11-12 13:41:30,346 INFO  EvoClassLoader - Keeping class: org.apache.hadoop.thirdparty.protobuf.Internal$ProtobufList
2024-11-12 13:41:30,346 INFO  EvoClassLoader - Keeping class: org.apache.hadoop.thirdparty.protobuf.Internal$IntList
2024-11-12 13:41:30,346 INFO  EvoClassLoader - Seeing class for first time: org.apache.hadoop.thirdparty.protobuf.Internal$LongList
2024-11-12 13:41:30,346 INFO  EvoClassLoader - Instrumenting class 'org.apache.hadoop.thirdparty.protobuf.Internal$LongList'.
2024-11-12 13:41:30,346 INFO  EvoClassLoader - Keeping class: org.apache.hadoop.thirdparty.protobuf.Internal$LongList
2024-11-12 13:41:30,346 INFO  EvoClassLoader - Seeing class for first time: org.apache.hadoop.thirdparty.protobuf.Internal$FloatList
2024-11-12 13:41:30,346 INFO  EvoClassLoader - Instrumenting class 'org.apache.hadoop.thirdparty.protobuf.Internal$FloatList'.
2024-11-12 13:41:30,347 INFO  EvoClassLoader - Keeping class: org.apache.hadoop.thirdparty.protobuf.Internal$FloatList
2024-11-12 13:41:30,347 INFO  EvoClassLoader - Seeing class for first time: org.apache.hadoop.thirdparty.protobuf.Internal$DoubleList
2024-11-12 13:41:30,347 INFO  EvoClassLoader - Instrumenting class 'org.apache.hadoop.thirdparty.protobuf.Internal$DoubleList'.
2024-11-12 13:41:30,347 INFO  EvoClassLoader - Keeping class: org.apache.hadoop.thirdparty.protobuf.Internal$DoubleList
2024-11-12 13:41:30,347 INFO  EvoClassLoader - Seeing class for first time: org.apache.hadoop.thirdparty.protobuf.Internal$BooleanList
2024-11-12 13:41:30,347 INFO  EvoClassLoader - Instrumenting class 'org.apache.hadoop.thirdparty.protobuf.Internal$BooleanList'.
2024-11-12 13:41:30,347 INFO  EvoClassLoader - Keeping class: org.apache.hadoop.thirdparty.protobuf.Internal$BooleanList
2024-11-12 13:41:30,347 INFO  EvoClassLoader - Seeing class for first time: org.apache.hadoop.thirdparty.protobuf.Parser
2024-11-12 13:41:30,347 INFO  EvoClassLoader - Instrumenting class 'org.apache.hadoop.thirdparty.protobuf.Parser'.
2024-11-12 13:41:30,348 INFO  EvoClassLoader - Keeping class: org.apache.hadoop.thirdparty.protobuf.Parser
2024-11-12 13:41:30,348 INFO  EvoClassLoader - Seeing class for first time: org.apache.hadoop.thirdparty.protobuf.Message$Builder
2024-11-12 13:41:30,348 INFO  EvoClassLoader - Instrumenting class 'org.apache.hadoop.thirdparty.protobuf.Message$Builder'.
2024-11-12 13:41:30,348 INFO  EvoClassLoader - Seeing class for first time: org.apache.hadoop.thirdparty.protobuf.MessageLite$Builder
2024-11-12 13:41:30,348 INFO  EvoClassLoader - Instrumenting class 'org.apache.hadoop.thirdparty.protobuf.MessageLite$Builder'.
2024-11-12 13:41:30,348 INFO  EvoClassLoader - Keeping class: org.apache.hadoop.thirdparty.protobuf.MessageLite$Builder
2024-11-12 13:41:30,348 INFO  EvoClassLoader - Keeping class: org.apache.hadoop.thirdparty.protobuf.Message$Builder
2024-11-12 13:41:30,349 INFO  EvoClassLoader - Seeing class for first time: org.apache.hadoop.thirdparty.protobuf.UnknownFieldSet
2024-11-12 13:41:30,349 INFO  EvoClassLoader - Instrumenting class 'org.apache.hadoop.thirdparty.protobuf.UnknownFieldSet'.
2024-11-12 13:41:30,349 INFO  MethodCallReplacementClassAdapter - Adding mock interface to class org/apache/hadoop/thirdparty/protobuf/UnknownFieldSet
2024-11-12 13:41:30,349 INFO  CreateClassResetClassAdapter - Found static initializer in class org/apache/hadoop/thirdparty/protobuf/UnknownFieldSet
2024-11-12 13:41:30,350 INFO  EvoClassLoader - Keeping class: org.apache.hadoop.thirdparty.protobuf.UnknownFieldSet
2024-11-12 13:41:30,350 INFO  EvoClassLoader - Seeing class for first time: org.apache.hadoop.thirdparty.protobuf.UnknownFieldSet$Parser
2024-11-12 13:41:30,350 INFO  EvoClassLoader - Instrumenting class 'org.apache.hadoop.thirdparty.protobuf.UnknownFieldSet$Parser'.
2024-11-12 13:41:30,350 INFO  MethodCallReplacementClassAdapter - Adding mock interface to class org/apache/hadoop/thirdparty/protobuf/UnknownFieldSet$Parser
2024-11-12 13:41:30,350 INFO  CreateClassResetClassAdapter - Creating brand-new static initializer in class org/apache/hadoop/thirdparty/protobuf/UnknownFieldSet$Parser
2024-11-12 13:41:30,350 INFO  EvoClassLoader - Seeing class for first time: org.apache.hadoop.thirdparty.protobuf.AbstractParser
2024-11-12 13:41:30,350 INFO  EvoClassLoader - Instrumenting class 'org.apache.hadoop.thirdparty.protobuf.AbstractParser'.
2024-11-12 13:41:30,351 INFO  MethodCallReplacementClassAdapter - Adding mock interface to class org/apache/hadoop/thirdparty/protobuf/AbstractParser
2024-11-12 13:41:30,351 INFO  CreateClassResetClassAdapter - Found static initializer in class org/apache/hadoop/thirdparty/protobuf/AbstractParser
2024-11-12 13:41:30,351 INFO  EvoClassLoader - Keeping class: org.apache.hadoop.thirdparty.protobuf.AbstractParser
2024-11-12 13:41:30,351 INFO  EvoClassLoader - Keeping class: org.apache.hadoop.thirdparty.protobuf.UnknownFieldSet$Parser
2024-11-12 13:41:30,351 INFO  EvoClassLoader - Seeing class for first time: org.apache.hadoop.thirdparty.protobuf.AbstractMessageLite$Builder$LimitedInputStream
2024-11-12 13:41:30,351 INFO  EvoClassLoader - Instrumenting class 'org.apache.hadoop.thirdparty.protobuf.AbstractMessageLite$Builder$LimitedInputStream'.
2024-11-12 13:41:30,352 INFO  MethodCallReplacementClassAdapter - Adding mock interface to class org/apache/hadoop/thirdparty/protobuf/AbstractMessageLite$Builder$LimitedInputStream
2024-11-12 13:41:30,352 INFO  CreateClassResetClassAdapter - Creating brand-new static initializer in class org/apache/hadoop/thirdparty/protobuf/AbstractMessageLite$Builder$LimitedInputStream
2024-11-12 13:41:30,352 INFO  EvoClassLoader - Keeping class: org.apache.hadoop.thirdparty.protobuf.AbstractMessageLite$Builder$LimitedInputStream
2024-11-12 13:41:30,352 INFO  EvoClassLoader - Seeing class for first time: org.apache.hadoop.thirdparty.protobuf.ExtensionRegistryLite
2024-11-12 13:41:30,352 INFO  EvoClassLoader - Instrumenting class 'org.apache.hadoop.thirdparty.protobuf.ExtensionRegistryLite'.
2024-11-12 13:41:30,352 INFO  MethodCallReplacementClassAdapter - Adding mock interface to class org/apache/hadoop/thirdparty/protobuf/ExtensionRegistryLite
2024-11-12 13:41:30,352 INFO  CreateClassResetClassAdapter - Found static initializer in class org/apache/hadoop/thirdparty/protobuf/ExtensionRegistryLite
2024-11-12 13:41:30,353 INFO  EvoClassLoader - Keeping class: org.apache.hadoop.thirdparty.protobuf.ExtensionRegistryLite
2024-11-12 13:41:30,353 INFO  EvoClassLoader - Seeing class for first time: org.apache.hadoop.thirdparty.protobuf.Extension
2024-11-12 13:41:30,353 INFO  EvoClassLoader - Instrumenting class 'org.apache.hadoop.thirdparty.protobuf.Extension'.
2024-11-12 13:41:30,353 INFO  MethodCallReplacementClassAdapter - Adding mock interface to class org/apache/hadoop/thirdparty/protobuf/Extension
2024-11-12 13:41:30,353 INFO  CreateClassResetClassAdapter - Creating brand-new static initializer in class org/apache/hadoop/thirdparty/protobuf/Extension
2024-11-12 13:41:30,353 INFO  EvoClassLoader - Seeing class for first time: org.apache.hadoop.thirdparty.protobuf.ExtensionLite
2024-11-12 13:41:30,353 INFO  EvoClassLoader - Instrumenting class 'org.apache.hadoop.thirdparty.protobuf.ExtensionLite'.
2024-11-12 13:41:30,353 INFO  MethodCallReplacementClassAdapter - Adding mock interface to class org/apache/hadoop/thirdparty/protobuf/ExtensionLite
2024-11-12 13:41:30,353 INFO  CreateClassResetClassAdapter - Creating brand-new static initializer in class org/apache/hadoop/thirdparty/protobuf/ExtensionLite
2024-11-12 13:41:30,353 INFO  EvoClassLoader - Keeping class: org.apache.hadoop.thirdparty.protobuf.ExtensionLite
2024-11-12 13:41:30,353 INFO  EvoClassLoader - Keeping class: org.apache.hadoop.thirdparty.protobuf.Extension
2024-11-12 13:41:30,353 INFO  EvoClassLoader - Seeing class for first time: org.apache.hadoop.thirdparty.protobuf.ExtensionRegistryFactory
2024-11-12 13:41:30,353 INFO  EvoClassLoader - Instrumenting class 'org.apache.hadoop.thirdparty.protobuf.ExtensionRegistryFactory'.
2024-11-12 13:41:30,353 INFO  MethodCallReplacementClassAdapter - Adding mock interface to class org/apache/hadoop/thirdparty/protobuf/ExtensionRegistryFactory
2024-11-12 13:41:30,354 INFO  CreateClassResetClassAdapter - Found static initializer in class org/apache/hadoop/thirdparty/protobuf/ExtensionRegistryFactory
2024-11-12 13:41:30,354 INFO  EvoClassLoader - Keeping class: org.apache.hadoop.thirdparty.protobuf.ExtensionRegistryFactory
2024-11-12 13:41:30,354 INFO  EvoClassLoader - Seeing class for first time: org.apache.hadoop.thirdparty.protobuf.ExtensionRegistry
2024-11-12 13:41:30,354 INFO  EvoClassLoader - Instrumenting class 'org.apache.hadoop.thirdparty.protobuf.ExtensionRegistry'.
2024-11-12 13:41:30,354 INFO  MethodCallReplacementClassAdapter - Adding mock interface to class org/apache/hadoop/thirdparty/protobuf/ExtensionRegistry
2024-11-12 13:41:30,355 INFO  CreateClassResetClassAdapter - Found static initializer in class org/apache/hadoop/thirdparty/protobuf/ExtensionRegistry
2024-11-12 13:41:30,355 INFO  EvoClassLoader - Keeping class: org.apache.hadoop.thirdparty.protobuf.ExtensionRegistry
2024-11-12 13:41:30,355 INFO  EvoClassLoader - Seeing class for first time: org.apache.hadoop.thirdparty.protobuf.GeneratedMessage$GeneratedExtension
2024-11-12 13:41:30,355 INFO  EvoClassLoader - Instrumenting class 'org.apache.hadoop.thirdparty.protobuf.GeneratedMessage$GeneratedExtension'.
2024-11-12 13:41:30,356 INFO  MethodCallReplacementClassAdapter - Adding mock interface to class org/apache/hadoop/thirdparty/protobuf/GeneratedMessage$GeneratedExtension
2024-11-12 13:41:30,356 INFO  CreateClassResetClassAdapter - Creating brand-new static initializer in class org/apache/hadoop/thirdparty/protobuf/GeneratedMessage$GeneratedExtension
2024-11-12 13:41:30,356 INFO  EvoClassLoader - Keeping class: org.apache.hadoop.thirdparty.protobuf.GeneratedMessage$GeneratedExtension
2024-11-12 13:41:30,357 INFO  EvoClassLoader - Seeing class for first time: org.apache.hadoop.thirdparty.protobuf.Descriptors$FieldDescriptor
2024-11-12 13:41:30,357 INFO  EvoClassLoader - Instrumenting class 'org.apache.hadoop.thirdparty.protobuf.Descriptors$FieldDescriptor'.
2024-11-12 13:41:30,357 INFO  MethodCallReplacementClassAdapter - Adding mock interface to class org/apache/hadoop/thirdparty/protobuf/Descriptors$FieldDescriptor
2024-11-12 13:41:30,358 INFO  CreateClassResetClassAdapter - Found static initializer in class org/apache/hadoop/thirdparty/protobuf/Descriptors$FieldDescriptor
2024-11-12 13:41:30,358 INFO  EvoClassLoader - Seeing class for first time: org.apache.hadoop.thirdparty.protobuf.FieldSet$FieldDescriptorLite
2024-11-12 13:41:30,358 INFO  EvoClassLoader - Instrumenting class 'org.apache.hadoop.thirdparty.protobuf.FieldSet$FieldDescriptorLite'.
2024-11-12 13:41:30,358 INFO  EvoClassLoader - Keeping class: org.apache.hadoop.thirdparty.protobuf.FieldSet$FieldDescriptorLite
2024-11-12 13:41:30,358 INFO  EvoClassLoader - Seeing class for first time: org.apache.hadoop.thirdparty.protobuf.Descriptors$GenericDescriptor
2024-11-12 13:41:30,358 INFO  EvoClassLoader - Instrumenting class 'org.apache.hadoop.thirdparty.protobuf.Descriptors$GenericDescriptor'.
2024-11-12 13:41:30,359 INFO  MethodCallReplacementClassAdapter - Adding mock interface to class org/apache/hadoop/thirdparty/protobuf/Descriptors$GenericDescriptor
2024-11-12 13:41:30,359 INFO  CreateClassResetClassAdapter - Creating brand-new static initializer in class org/apache/hadoop/thirdparty/protobuf/Descriptors$GenericDescriptor
2024-11-12 13:41:30,359 INFO  EvoClassLoader - Keeping class: org.apache.hadoop.thirdparty.protobuf.Descriptors$GenericDescriptor
2024-11-12 13:41:30,359 INFO  EvoClassLoader - Keeping class: org.apache.hadoop.thirdparty.protobuf.Descriptors$FieldDescriptor
2024-11-12 13:41:30,359 INFO  EvoClassLoader - Seeing class for first time: org.apache.hadoop.thirdparty.protobuf.ExtensionRegistry$ExtensionInfo
2024-11-12 13:41:30,359 INFO  EvoClassLoader - Instrumenting class 'org.apache.hadoop.thirdparty.protobuf.ExtensionRegistry$ExtensionInfo'.
2024-11-12 13:41:30,359 INFO  MethodCallReplacementClassAdapter - Adding mock interface to class org/apache/hadoop/thirdparty/protobuf/ExtensionRegistry$ExtensionInfo
2024-11-12 13:41:30,359 INFO  CreateClassResetClassAdapter - Creating brand-new static initializer in class org/apache/hadoop/thirdparty/protobuf/ExtensionRegistry$ExtensionInfo
2024-11-12 13:41:30,359 INFO  EvoClassLoader - Keeping class: org.apache.hadoop.thirdparty.protobuf.ExtensionRegistry$ExtensionInfo
2024-11-12 13:41:30,359 INFO  EvoClassLoader - Seeing class for first time: org.apache.hadoop.thirdparty.protobuf.Extension$ExtensionType
2024-11-12 13:41:30,359 INFO  EvoClassLoader - Instrumenting class 'org.apache.hadoop.thirdparty.protobuf.Extension$ExtensionType'.
2024-11-12 13:41:30,359 INFO  MethodCallReplacementClassAdapter - Adding mock interface to class org/apache/hadoop/thirdparty/protobuf/Extension$ExtensionType
2024-11-12 13:41:30,359 INFO  CreateClassResetClassAdapter - Found static initializer in class org/apache/hadoop/thirdparty/protobuf/Extension$ExtensionType
2024-11-12 13:41:30,359 INFO  EvoClassLoader - Keeping class: org.apache.hadoop.thirdparty.protobuf.Extension$ExtensionType
2024-11-12 13:41:30,359 INFO  EvoClassLoader - Seeing class for first time: org.apache.hadoop.thirdparty.protobuf.Descriptors$Descriptor
2024-11-12 13:41:30,359 INFO  EvoClassLoader - Instrumenting class 'org.apache.hadoop.thirdparty.protobuf.Descriptors$Descriptor'.
2024-11-12 13:41:30,359 INFO  MethodCallReplacementClassAdapter - Adding mock interface to class org/apache/hadoop/thirdparty/protobuf/Descriptors$Descriptor
2024-11-12 13:41:30,360 INFO  CreateClassResetClassAdapter - Creating brand-new static initializer in class org/apache/hadoop/thirdparty/protobuf/Descriptors$Descriptor
2024-11-12 13:41:30,360 INFO  EvoClassLoader - Keeping class: org.apache.hadoop.thirdparty.protobuf.Descriptors$Descriptor
2024-11-12 13:41:30,360 INFO  EvoClassLoader - Seeing class for first time: org.apache.hadoop.hdfs.server.namenode.FsImageProto$INodeSection$1
2024-11-12 13:41:30,360 INFO  EvoClassLoader - Instrumenting class 'org.apache.hadoop.hdfs.server.namenode.FsImageProto$INodeSection$1'.
2024-11-12 13:41:30,360 INFO  MethodCallReplacementClassAdapter - Adding mock interface to class org/apache/hadoop/hdfs/server/namenode/FsImageProto$INodeSection$1
2024-11-12 13:41:30,360 INFO  EvoClassLoader - Keeping class: org.apache.hadoop.hdfs.server.namenode.FsImageProto$INodeSection$1
2024-11-12 13:41:30,360 INFO  EvoClassLoader - Seeing class for first time: org.apache.hadoop.fs.permission.AclEntryScope
2024-11-12 13:41:30,360 INFO  EvoClassLoader - Instrumenting class 'org.apache.hadoop.fs.permission.AclEntryScope'.
2024-11-12 13:41:30,361 INFO  MethodCallReplacementClassAdapter - Adding mock interface to class org/apache/hadoop/fs/permission/AclEntryScope
2024-11-12 13:41:30,361 INFO  CreateClassResetClassAdapter - Found static initializer in class org/apache/hadoop/fs/permission/AclEntryScope
2024-11-12 13:41:30,361 INFO  EvoClassLoader - Defined package (3): package org.apache.hadoop.fs.permission, 1810436125
2024-11-12 13:41:30,361 INFO  EvoClassLoader - Keeping class: org.apache.hadoop.fs.permission.AclEntryScope
2024-11-12 13:41:30,361 INFO  EvoClassLoader - Seeing class for first time: org.apache.hadoop.fs.permission.FsPermission$ImmutableFsPermission
2024-11-12 13:41:30,361 INFO  EvoClassLoader - Instrumenting class 'org.apache.hadoop.fs.permission.FsPermission$ImmutableFsPermission'.
2024-11-12 13:41:30,361 INFO  MethodCallReplacementClassAdapter - Adding mock interface to class org/apache/hadoop/fs/permission/FsPermission$ImmutableFsPermission
2024-11-12 13:41:30,361 INFO  CreateClassResetClassAdapter - Creating brand-new static initializer in class org/apache/hadoop/fs/permission/FsPermission$ImmutableFsPermission
2024-11-12 13:41:30,361 INFO  EvoClassLoader - Seeing class for first time: org.apache.hadoop.fs.permission.FsPermission
2024-11-12 13:41:30,361 INFO  EvoClassLoader - Instrumenting class 'org.apache.hadoop.fs.permission.FsPermission'.
2024-11-12 13:41:30,361 INFO  MethodCallReplacementClassAdapter - Adding mock interface to class org/apache/hadoop/fs/permission/FsPermission
2024-11-12 13:41:30,362 INFO  CreateClassResetClassAdapter - Found static initializer in class org/apache/hadoop/fs/permission/FsPermission
2024-11-12 13:41:30,362 INFO  EvoClassLoader - Keeping class: org.apache.hadoop.fs.permission.FsPermission
2024-11-12 13:41:30,362 INFO  EvoClassLoader - Keeping class: org.apache.hadoop.fs.permission.FsPermission$ImmutableFsPermission
2024-11-12 13:41:30,362 INFO  EvoClassLoader - Seeing class for first time: org.apache.hadoop.io.WritableFactory
2024-11-12 13:41:30,362 INFO  EvoClassLoader - Instrumenting class 'org.apache.hadoop.io.WritableFactory'.
2024-11-12 13:41:30,362 INFO  EvoClassLoader - Keeping class: org.apache.hadoop.io.WritableFactory
2024-11-12 13:41:30,362 INFO  EvoClassLoader - Seeing class for first time: org.apache.hadoop.fs.permission.FsPermission$1
2024-11-12 13:41:30,362 INFO  EvoClassLoader - Instrumenting class 'org.apache.hadoop.fs.permission.FsPermission$1'.
2024-11-12 13:41:30,362 INFO  MethodCallReplacementClassAdapter - Adding mock interface to class org/apache/hadoop/fs/permission/FsPermission$1
2024-11-12 13:41:30,363 INFO  EvoClassLoader - Keeping class: org.apache.hadoop.fs.permission.FsPermission$1
2024-11-12 13:41:30,363 INFO  EvoClassLoader - Seeing class for first time: org.apache.hadoop.io.WritableFactories
2024-11-12 13:41:30,363 INFO  EvoClassLoader - Instrumenting class 'org.apache.hadoop.io.WritableFactories'.
2024-11-12 13:41:30,363 INFO  MethodCallReplacementClassAdapter - Adding mock interface to class org/apache/hadoop/io/WritableFactories
2024-11-12 13:41:30,363 INFO  CreateClassResetClassAdapter - Found static initializer in class org/apache/hadoop/io/WritableFactories
2024-11-12 13:41:30,363 INFO  EvoClassLoader - Keeping class: org.apache.hadoop.io.WritableFactories
2024-11-12 13:41:30,363 INFO  EvoClassLoader - Seeing class for first time: org.apache.hadoop.fs.permission.FsAction
2024-11-12 13:41:30,363 INFO  EvoClassLoader - Instrumenting class 'org.apache.hadoop.fs.permission.FsAction'.
2024-11-12 13:41:30,363 INFO  MethodCallReplacementClassAdapter - Adding mock interface to class org/apache/hadoop/fs/permission/FsAction
2024-11-12 13:41:30,363 INFO  CreateClassResetClassAdapter - Found static initializer in class org/apache/hadoop/fs/permission/FsAction
2024-11-12 13:41:30,363 INFO  EvoClassLoader - Keeping class: org.apache.hadoop.fs.permission.FsAction
2024-11-12 13:41:30,364 INFO  EvoClassLoader - Seeing class for first time: org.apache.hadoop.fs.FileStatus
2024-11-12 13:41:30,364 INFO  EvoClassLoader - Instrumenting class 'org.apache.hadoop.fs.FileStatus'.
2024-11-12 13:41:30,364 INFO  MethodCallReplacementClassAdapter - Adding mock interface to class org/apache/hadoop/fs/FileStatus
2024-11-12 13:41:30,365 INFO  CreateClassResetClassAdapter - Found static initializer in class org/apache/hadoop/fs/FileStatus
2024-11-12 13:41:30,365 INFO  EvoClassLoader - Keeping class: org.apache.hadoop.fs.FileStatus
2024-11-12 13:41:30,366 INFO  EvoClassLoader - Seeing class for first time: org.apache.hadoop.hdfs.server.namenode.FsImageProto$SnapshotDiffSectionOrBuilder
2024-11-12 13:41:30,366 INFO  EvoClassLoader - Instrumenting class 'org.apache.hadoop.hdfs.server.namenode.FsImageProto$SnapshotDiffSectionOrBuilder'.
2024-11-12 13:41:30,366 INFO  EvoClassLoader - Keeping class: org.apache.hadoop.hdfs.server.namenode.FsImageProto$SnapshotDiffSectionOrBuilder
2024-11-12 13:41:30,366 INFO  EvoClassLoader - Seeing class for first time: org.apache.hadoop.thirdparty.com.google.common.collect.ImmutableList$Builder
2024-11-12 13:41:30,366 INFO  EvoClassLoader - Instrumenting class 'org.apache.hadoop.thirdparty.com.google.common.collect.ImmutableList$Builder'.
2024-11-12 13:41:30,366 INFO  MethodCallReplacementClassAdapter - Adding mock interface to class org/apache/hadoop/thirdparty/com/google/common/collect/ImmutableList$Builder
2024-11-12 13:41:30,366 INFO  CreateClassResetClassAdapter - Creating brand-new static initializer in class org/apache/hadoop/thirdparty/com/google/common/collect/ImmutableList$Builder
2024-11-12 13:41:30,366 INFO  EvoClassLoader - Seeing class for first time: org.apache.hadoop.thirdparty.com.google.common.collect.ImmutableCollection$Builder
2024-11-12 13:41:30,366 INFO  EvoClassLoader - Instrumenting class 'org.apache.hadoop.thirdparty.com.google.common.collect.ImmutableCollection$Builder'.
2024-11-12 13:41:30,367 INFO  MethodCallReplacementClassAdapter - Adding mock interface to class org/apache/hadoop/thirdparty/com/google/common/collect/ImmutableCollection$Builder
2024-11-12 13:41:30,367 INFO  CreateClassResetClassAdapter - Creating brand-new static initializer in class org/apache/hadoop/thirdparty/com/google/common/collect/ImmutableCollection$Builder
2024-11-12 13:41:30,367 INFO  CreateClassResetClassAdapter - Adding bytecode for initializing field DEFAULT_INITIAL_CAPACITY
2024-11-12 13:41:30,367 INFO  EvoClassLoader - Keeping class: org.apache.hadoop.thirdparty.com.google.common.collect.ImmutableCollection$Builder
2024-11-12 13:41:30,367 INFO  EvoClassLoader - Keeping class: org.apache.hadoop.thirdparty.com.google.common.collect.ImmutableList$Builder
2024-11-12 13:41:30,367 INFO  EvoClassLoader - Seeing class for first time: org.apache.hadoop.thirdparty.com.google.common.collect.ImmutableCollection
2024-11-12 13:41:30,367 INFO  EvoClassLoader - Instrumenting class 'org.apache.hadoop.thirdparty.com.google.common.collect.ImmutableCollection'.
2024-11-12 13:41:30,368 INFO  MethodCallReplacementClassAdapter - Adding mock interface to class org/apache/hadoop/thirdparty/com/google/common/collect/ImmutableCollection
2024-11-12 13:41:30,368 INFO  CreateClassResetClassAdapter - Found static initializer in class org/apache/hadoop/thirdparty/com/google/common/collect/ImmutableCollection
2024-11-12 13:41:30,368 INFO  EvoClassLoader - Keeping class: org.apache.hadoop.thirdparty.com.google.common.collect.ImmutableCollection
2024-11-12 13:41:30,368 INFO  EvoClassLoader - Seeing class for first time: org.apache.hadoop.thirdparty.com.google.common.collect.ImmutableList
2024-11-12 13:41:30,368 INFO  EvoClassLoader - Instrumenting class 'org.apache.hadoop.thirdparty.com.google.common.collect.ImmutableList'.
2024-11-12 13:41:30,369 INFO  MethodCallReplacementClassAdapter - Adding mock interface to class org/apache/hadoop/thirdparty/com/google/common/collect/ImmutableList
2024-11-12 13:41:30,370 INFO  CreateClassResetClassAdapter - Creating brand-new static initializer in class org/apache/hadoop/thirdparty/com/google/common/collect/ImmutableList
2024-11-12 13:41:30,371 INFO  EvoClassLoader - Keeping class: org.apache.hadoop.thirdparty.com.google.common.collect.ImmutableList
2024-11-12 13:41:30,371 INFO  EvoClassLoader - Seeing class for first time: org.apache.hadoop.thirdparty.com.google.common.collect.SingletonImmutableList
2024-11-12 13:41:30,371 INFO  EvoClassLoader - Instrumenting class 'org.apache.hadoop.thirdparty.com.google.common.collect.SingletonImmutableList'.
2024-11-12 13:41:30,372 INFO  MethodCallReplacementClassAdapter - Adding mock interface to class org/apache/hadoop/thirdparty/com/google/common/collect/SingletonImmutableList
2024-11-12 13:41:30,373 INFO  CreateClassResetClassAdapter - Creating brand-new static initializer in class org/apache/hadoop/thirdparty/com/google/common/collect/SingletonImmutableList
2024-11-12 13:41:30,373 INFO  EvoClassLoader - Keeping class: org.apache.hadoop.thirdparty.com.google.common.collect.SingletonImmutableList
2024-11-12 13:41:30,373 INFO  EvoClassLoader - Seeing class for first time: org.apache.hadoop.thirdparty.com.google.common.collect.RegularImmutableAsList
2024-11-12 13:41:30,373 INFO  EvoClassLoader - Instrumenting class 'org.apache.hadoop.thirdparty.com.google.common.collect.RegularImmutableAsList'.
2024-11-12 13:41:30,373 INFO  MethodCallReplacementClassAdapter - Adding mock interface to class org/apache/hadoop/thirdparty/com/google/common/collect/RegularImmutableAsList
2024-11-12 13:41:30,373 INFO  CreateClassResetClassAdapter - Creating brand-new static initializer in class org/apache/hadoop/thirdparty/com/google/common/collect/RegularImmutableAsList
2024-11-12 13:41:30,374 INFO  EvoClassLoader - Seeing class for first time: org.apache.hadoop.thirdparty.com.google.common.collect.ImmutableAsList
2024-11-12 13:41:30,374 INFO  EvoClassLoader - Instrumenting class 'org.apache.hadoop.thirdparty.com.google.common.collect.ImmutableAsList'.
2024-11-12 13:41:30,374 INFO  MethodCallReplacementClassAdapter - Adding mock interface to class org/apache/hadoop/thirdparty/com/google/common/collect/ImmutableAsList
2024-11-12 13:41:30,374 INFO  CreateClassResetClassAdapter - Creating brand-new static initializer in class org/apache/hadoop/thirdparty/com/google/common/collect/ImmutableAsList
2024-11-12 13:41:30,374 INFO  EvoClassLoader - Keeping class: org.apache.hadoop.thirdparty.com.google.common.collect.ImmutableAsList
2024-11-12 13:41:30,374 INFO  EvoClassLoader - Keeping class: org.apache.hadoop.thirdparty.com.google.common.collect.RegularImmutableAsList
2024-11-12 13:41:30,374 INFO  EvoClassLoader - Seeing class for first time: org.apache.hadoop.thirdparty.com.google.common.collect.UnmodifiableIterator
2024-11-12 13:41:30,374 INFO  EvoClassLoader - Instrumenting class 'org.apache.hadoop.thirdparty.com.google.common.collect.UnmodifiableIterator'.
2024-11-12 13:41:30,374 INFO  MethodCallReplacementClassAdapter - Adding mock interface to class org/apache/hadoop/thirdparty/com/google/common/collect/UnmodifiableIterator
2024-11-12 13:41:30,374 INFO  CreateClassResetClassAdapter - Creating brand-new static initializer in class org/apache/hadoop/thirdparty/com/google/common/collect/UnmodifiableIterator
2024-11-12 13:41:30,374 INFO  EvoClassLoader - Keeping class: org.apache.hadoop.thirdparty.com.google.common.collect.UnmodifiableIterator
2024-11-12 13:41:30,374 INFO  EvoClassLoader - Seeing class for first time: org.apache.hadoop.thirdparty.com.google.common.collect.UnmodifiableListIterator
2024-11-12 13:41:30,374 INFO  EvoClassLoader - Instrumenting class 'org.apache.hadoop.thirdparty.com.google.common.collect.UnmodifiableListIterator'.
2024-11-12 13:41:30,375 INFO  MethodCallReplacementClassAdapter - Adding mock interface to class org/apache/hadoop/thirdparty/com/google/common/collect/UnmodifiableListIterator
2024-11-12 13:41:30,375 INFO  CreateClassResetClassAdapter - Creating brand-new static initializer in class org/apache/hadoop/thirdparty/com/google/common/collect/UnmodifiableListIterator
2024-11-12 13:41:30,375 INFO  EvoClassLoader - Keeping class: org.apache.hadoop.thirdparty.com.google.common.collect.UnmodifiableListIterator
2024-11-12 13:41:30,375 INFO  EvoClassLoader - Seeing class for first time: org.apache.hadoop.thirdparty.com.google.common.collect.ImmutableList$ReverseImmutableList
2024-11-12 13:41:30,375 INFO  EvoClassLoader - Instrumenting class 'org.apache.hadoop.thirdparty.com.google.common.collect.ImmutableList$ReverseImmutableList'.
2024-11-12 13:41:30,375 INFO  MethodCallReplacementClassAdapter - Adding mock interface to class org/apache/hadoop/thirdparty/com/google/common/collect/ImmutableList$ReverseImmutableList
2024-11-12 13:41:30,375 INFO  CreateClassResetClassAdapter - Creating brand-new static initializer in class org/apache/hadoop/thirdparty/com/google/common/collect/ImmutableList$ReverseImmutableList
2024-11-12 13:41:30,375 INFO  EvoClassLoader - Keeping class: org.apache.hadoop.thirdparty.com.google.common.collect.ImmutableList$ReverseImmutableList
2024-11-12 13:41:30,375 INFO  EvoClassLoader - Seeing class for first time: org.apache.hadoop.thirdparty.com.google.common.collect.ImmutableList$1
2024-11-12 13:41:30,375 INFO  EvoClassLoader - Instrumenting class 'org.apache.hadoop.thirdparty.com.google.common.collect.ImmutableList$1'.
2024-11-12 13:41:30,375 INFO  MethodCallReplacementClassAdapter - Adding mock interface to class org/apache/hadoop/thirdparty/com/google/common/collect/ImmutableList$1
2024-11-12 13:41:30,375 INFO  EvoClassLoader - Seeing class for first time: org.apache.hadoop.thirdparty.com.google.common.collect.AbstractIndexedListIterator
2024-11-12 13:41:30,375 INFO  EvoClassLoader - Instrumenting class 'org.apache.hadoop.thirdparty.com.google.common.collect.AbstractIndexedListIterator'.
2024-11-12 13:41:30,375 INFO  MethodCallReplacementClassAdapter - Adding mock interface to class org/apache/hadoop/thirdparty/com/google/common/collect/AbstractIndexedListIterator
2024-11-12 13:41:30,376 INFO  CreateClassResetClassAdapter - Creating brand-new static initializer in class org/apache/hadoop/thirdparty/com/google/common/collect/AbstractIndexedListIterator
2024-11-12 13:41:30,376 INFO  EvoClassLoader - Keeping class: org.apache.hadoop.thirdparty.com.google.common.collect.AbstractIndexedListIterator
2024-11-12 13:41:30,376 INFO  EvoClassLoader - Keeping class: org.apache.hadoop.thirdparty.com.google.common.collect.ImmutableList$1
2024-11-12 13:41:30,376 INFO  EvoClassLoader - Seeing class for first time: org.apache.hadoop.thirdparty.com.google.common.collect.RegularImmutableList
2024-11-12 13:41:30,376 INFO  EvoClassLoader - Instrumenting class 'org.apache.hadoop.thirdparty.com.google.common.collect.RegularImmutableList'.
2024-11-12 13:41:30,376 INFO  MethodCallReplacementClassAdapter - Adding mock interface to class org/apache/hadoop/thirdparty/com/google/common/collect/RegularImmutableList
2024-11-12 13:41:30,376 INFO  CreateClassResetClassAdapter - Found static initializer in class org/apache/hadoop/thirdparty/com/google/common/collect/RegularImmutableList
2024-11-12 13:41:30,376 INFO  EvoClassLoader - Keeping class: org.apache.hadoop.thirdparty.com.google.common.collect.RegularImmutableList
2024-11-12 13:41:30,376 INFO  EvoClassLoader - Seeing class for first time: org.apache.hadoop.thirdparty.com.google.common.collect.ImmutableList$SubList
2024-11-12 13:41:30,376 INFO  EvoClassLoader - Instrumenting class 'org.apache.hadoop.thirdparty.com.google.common.collect.ImmutableList$SubList'.
2024-11-12 13:41:30,376 INFO  MethodCallReplacementClassAdapter - Adding mock interface to class org/apache/hadoop/thirdparty/com/google/common/collect/ImmutableList$SubList
2024-11-12 13:41:30,376 INFO  CreateClassResetClassAdapter - Creating brand-new static initializer in class org/apache/hadoop/thirdparty/com/google/common/collect/ImmutableList$SubList
2024-11-12 13:41:30,376 INFO  EvoClassLoader - Keeping class: org.apache.hadoop.thirdparty.com.google.common.collect.ImmutableList$SubList
2024-11-12 13:41:30,377 INFO  EvoClassLoader - Seeing class for first time: org.apache.hadoop.thirdparty.protobuf.MapEntry
2024-11-12 13:41:30,377 INFO  EvoClassLoader - Instrumenting class 'org.apache.hadoop.thirdparty.protobuf.MapEntry'.
2024-11-12 13:41:30,377 INFO  MethodCallReplacementClassAdapter - Adding mock interface to class org/apache/hadoop/thirdparty/protobuf/MapEntry
2024-11-12 13:41:30,378 INFO  CreateClassResetClassAdapter - Creating brand-new static initializer in class org/apache/hadoop/thirdparty/protobuf/MapEntry
2024-11-12 13:41:30,378 INFO  EvoClassLoader - Keeping class: org.apache.hadoop.thirdparty.protobuf.MapEntry
2024-11-12 13:41:30,378 INFO  EvoClassLoader - Seeing class for first time: org.apache.hadoop.thirdparty.protobuf.MapEntryLite$Metadata
2024-11-12 13:41:30,378 INFO  EvoClassLoader - Instrumenting class 'org.apache.hadoop.thirdparty.protobuf.MapEntryLite$Metadata'.
2024-11-12 13:41:30,378 INFO  MethodCallReplacementClassAdapter - Adding mock interface to class org/apache/hadoop/thirdparty/protobuf/MapEntryLite$Metadata
2024-11-12 13:41:30,378 INFO  CreateClassResetClassAdapter - Creating brand-new static initializer in class org/apache/hadoop/thirdparty/protobuf/MapEntryLite$Metadata
2024-11-12 13:41:30,378 INFO  EvoClassLoader - Keeping class: org.apache.hadoop.thirdparty.protobuf.MapEntryLite$Metadata
2024-11-12 13:41:30,378 INFO  EvoClassLoader - Seeing class for first time: org.apache.hadoop.thirdparty.protobuf.MapEntry$Metadata
2024-11-12 13:41:30,378 INFO  EvoClassLoader - Instrumenting class 'org.apache.hadoop.thirdparty.protobuf.MapEntry$Metadata'.
2024-11-12 13:41:30,378 INFO  MethodCallReplacementClassAdapter - Adding mock interface to class org/apache/hadoop/thirdparty/protobuf/MapEntry$Metadata
2024-11-12 13:41:30,379 INFO  CreateClassResetClassAdapter - Creating brand-new static initializer in class org/apache/hadoop/thirdparty/protobuf/MapEntry$Metadata
2024-11-12 13:41:30,379 INFO  EvoClassLoader - Keeping class: org.apache.hadoop.thirdparty.protobuf.MapEntry$Metadata
2024-11-12 13:41:30,379 INFO  EvoClassLoader - Seeing class for first time: org.apache.hadoop.thirdparty.protobuf.GeneratedMessage$ExtensionDescriptorRetriever
2024-11-12 13:41:30,379 INFO  EvoClassLoader - Instrumenting class 'org.apache.hadoop.thirdparty.protobuf.GeneratedMessage$ExtensionDescriptorRetriever'.
2024-11-12 13:41:30,380 INFO  EvoClassLoader - Keeping class: org.apache.hadoop.thirdparty.protobuf.GeneratedMessage$ExtensionDescriptorRetriever
2024-11-12 13:41:30,380 INFO  EvoClassLoader - Seeing class for first time: org.apache.hadoop.thirdparty.com.google.common.collect.Iterators$ArrayItr
2024-11-12 13:41:30,380 INFO  EvoClassLoader - Instrumenting class 'org.apache.hadoop.thirdparty.com.google.common.collect.Iterators$ArrayItr'.
2024-11-12 13:41:30,380 INFO  MethodCallReplacementClassAdapter - Adding mock interface to class org/apache/hadoop/thirdparty/com/google/common/collect/Iterators$ArrayItr
2024-11-12 13:41:30,380 INFO  CreateClassResetClassAdapter - Found static initializer in class org/apache/hadoop/thirdparty/com/google/common/collect/Iterators$ArrayItr
2024-11-12 13:41:30,382 INFO  EvoClassLoader - Keeping class: org.apache.hadoop.thirdparty.com.google.common.collect.Iterators$ArrayItr
2024-11-12 13:41:30,382 INFO  EvoClassLoader - Seeing class for first time: org.apache.hadoop.hdfs.tools.offlineImageViewer.FSImageHandler
2024-11-12 13:41:30,382 INFO  EvoClassLoader - Instrumenting class 'org.apache.hadoop.hdfs.tools.offlineImageViewer.FSImageHandler'.
2024-11-12 13:41:30,382 INFO  MethodCallReplacementClassAdapter - Adding mock interface to class org/apache/hadoop/hdfs/tools/offlineImageViewer/FSImageHandler
2024-11-12 13:41:30,385 INFO  CreateClassResetClassAdapter - Found static initializer in class org/apache/hadoop/hdfs/tools/offlineImageViewer/FSImageHandler
2024-11-12 13:41:30,385 INFO  EvoClassLoader - Seeing class for first time: io.netty.channel.SimpleChannelInboundHandler
2024-11-12 13:41:30,385 INFO  EvoClassLoader - Instrumenting class 'io.netty.channel.SimpleChannelInboundHandler'.
2024-11-12 13:41:30,386 INFO  MethodCallReplacementClassAdapter - Adding mock interface to class io/netty/channel/SimpleChannelInboundHandler
2024-11-12 13:41:30,386 INFO  CreateClassResetClassAdapter - Creating brand-new static initializer in class io/netty/channel/SimpleChannelInboundHandler
2024-11-12 13:41:30,386 INFO  EvoClassLoader - Keeping class: io.netty.channel.SimpleChannelInboundHandler
2024-11-12 13:41:30,386 INFO  EvoClassLoader - Keeping class: org.apache.hadoop.hdfs.tools.offlineImageViewer.FSImageHandler
2024-11-12 13:41:30,386 INFO  EvoClassLoader - Seeing class for first time: io.netty.util.concurrent.GenericFutureListener
2024-11-12 13:41:30,386 INFO  EvoClassLoader - Instrumenting class 'io.netty.util.concurrent.GenericFutureListener'.
2024-11-12 13:41:30,387 INFO  EvoClassLoader - Defined package (3): package io.netty.util.concurrent, 1377604431
2024-11-12 13:41:30,387 INFO  EvoClassLoader - Keeping class: io.netty.util.concurrent.GenericFutureListener
2024-11-12 13:41:30,387 INFO  EvoClassLoader - Seeing class for first time: org.apache.hadoop.thirdparty.protobuf.ByteOutput
2024-11-12 13:41:30,387 INFO  EvoClassLoader - Instrumenting class 'org.apache.hadoop.thirdparty.protobuf.ByteOutput'.
2024-11-12 13:41:30,388 INFO  MethodCallReplacementClassAdapter - Adding mock interface to class org/apache/hadoop/thirdparty/protobuf/ByteOutput
2024-11-12 13:41:30,388 INFO  CreateClassResetClassAdapter - Creating brand-new static initializer in class org/apache/hadoop/thirdparty/protobuf/ByteOutput
2024-11-12 13:41:30,388 INFO  EvoClassLoader - Keeping class: org.apache.hadoop.thirdparty.protobuf.ByteOutput
2024-11-12 13:41:30,388 INFO  EvoClassLoader - Seeing class for first time: org.apache.hadoop.hdfs.server.namenode.FsImageProto$INodeSection$XAttrFeatureProto
2024-11-12 13:41:30,388 INFO  EvoClassLoader - Instrumenting class 'org.apache.hadoop.hdfs.server.namenode.FsImageProto$INodeSection$XAttrFeatureProto'.
2024-11-12 13:41:30,388 INFO  MethodCallReplacementClassAdapter - Adding mock interface to class org/apache/hadoop/hdfs/server/namenode/FsImageProto$INodeSection$XAttrFeatureProto
2024-11-12 13:41:30,389 INFO  CreateClassResetClassAdapter - Found static initializer in class org/apache/hadoop/hdfs/server/namenode/FsImageProto$INodeSection$XAttrFeatureProto
2024-11-12 13:41:30,390 INFO  EvoClassLoader - Seeing class for first time: org.apache.hadoop.hdfs.server.namenode.FsImageProto$INodeSection$XAttrFeatureProtoOrBuilder
2024-11-12 13:41:30,390 INFO  EvoClassLoader - Instrumenting class 'org.apache.hadoop.hdfs.server.namenode.FsImageProto$INodeSection$XAttrFeatureProtoOrBuilder'.
2024-11-12 13:41:30,390 INFO  EvoClassLoader - Keeping class: org.apache.hadoop.hdfs.server.namenode.FsImageProto$INodeSection$XAttrFeatureProtoOrBuilder
2024-11-12 13:41:30,390 INFO  EvoClassLoader - Keeping class: org.apache.hadoop.hdfs.server.namenode.FsImageProto$INodeSection$XAttrFeatureProto
2024-11-12 13:41:30,391 INFO  EvoClassLoader - Seeing class for first time: org.apache.hadoop.hdfs.server.namenode.FsImageProto$INodeSection$XAttrFeatureProto$1
2024-11-12 13:41:30,391 INFO  EvoClassLoader - Instrumenting class 'org.apache.hadoop.hdfs.server.namenode.FsImageProto$INodeSection$XAttrFeatureProto$1'.
2024-11-12 13:41:30,391 INFO  MethodCallReplacementClassAdapter - Adding mock interface to class org/apache/hadoop/hdfs/server/namenode/FsImageProto$INodeSection$XAttrFeatureProto$1
2024-11-12 13:41:30,391 INFO  EvoClassLoader - Keeping class: org.apache.hadoop.hdfs.server.namenode.FsImageProto$INodeSection$XAttrFeatureProto$1
2024-11-12 13:41:30,392 INFO  EvoClassLoader - Seeing class for first time: org.apache.hadoop.fs.StorageType
2024-11-12 13:41:30,392 INFO  EvoClassLoader - Instrumenting class 'org.apache.hadoop.fs.StorageType'.
2024-11-12 13:41:30,392 INFO  MethodCallReplacementClassAdapter - Adding mock interface to class org/apache/hadoop/fs/StorageType
2024-11-12 13:41:30,392 INFO  CreateClassResetClassAdapter - Found static initializer in class org/apache/hadoop/fs/StorageType
2024-11-12 13:41:30,392 INFO  EvoClassLoader - Keeping class: org.apache.hadoop.fs.StorageType
2024-11-12 13:41:30,392 INFO  EvoClassLoader - Seeing class for first time: org.apache.hadoop.fs.InvalidPathException
2024-11-12 13:41:30,392 INFO  EvoClassLoader - Instrumenting class 'org.apache.hadoop.fs.InvalidPathException'.
2024-11-12 13:41:30,393 INFO  MethodCallReplacementClassAdapter - Adding mock interface to class org/apache/hadoop/fs/InvalidPathException
2024-11-12 13:41:30,393 INFO  CreateClassResetClassAdapter - Creating brand-new static initializer in class org/apache/hadoop/fs/InvalidPathException
2024-11-12 13:41:30,393 INFO  EvoClassLoader - Seeing class for first time: org.apache.hadoop.HadoopIllegalArgumentException
2024-11-12 13:41:30,393 INFO  EvoClassLoader - Instrumenting class 'org.apache.hadoop.HadoopIllegalArgumentException'.
2024-11-12 13:41:30,393 INFO  MethodCallReplacementClassAdapter - Adding mock interface to class org/apache/hadoop/HadoopIllegalArgumentException
2024-11-12 13:41:30,393 INFO  CreateClassResetClassAdapter - Creating brand-new static initializer in class org/apache/hadoop/HadoopIllegalArgumentException
2024-11-12 13:41:30,393 INFO  EvoClassLoader - Defined package (3): package org.apache.hadoop, 975885115
2024-11-12 13:41:30,393 INFO  EvoClassLoader - Keeping class: org.apache.hadoop.HadoopIllegalArgumentException
2024-11-12 13:41:30,393 INFO  EvoClassLoader - Keeping class: org.apache.hadoop.fs.InvalidPathException
2024-11-12 13:41:30,393 INFO  EvoClassLoader - Seeing class for first time: org.apache.hadoop.hdfs.server.namenode.FsImageProto$INodeSection$INode
2024-11-12 13:41:30,393 INFO  EvoClassLoader - Instrumenting class 'org.apache.hadoop.hdfs.server.namenode.FsImageProto$INodeSection$INode'.
2024-11-12 13:41:30,394 INFO  MethodCallReplacementClassAdapter - Adding mock interface to class org/apache/hadoop/hdfs/server/namenode/FsImageProto$INodeSection$INode
2024-11-12 13:41:30,395 INFO  CreateClassResetClassAdapter - Found static initializer in class org/apache/hadoop/hdfs/server/namenode/FsImageProto$INodeSection$INode
2024-11-12 13:41:30,395 INFO  EvoClassLoader - Seeing class for first time: org.apache.hadoop.hdfs.server.namenode.FsImageProto$INodeSection$INodeOrBuilder
2024-11-12 13:41:30,395 INFO  EvoClassLoader - Instrumenting class 'org.apache.hadoop.hdfs.server.namenode.FsImageProto$INodeSection$INodeOrBuilder'.
2024-11-12 13:41:30,395 INFO  EvoClassLoader - Keeping class: org.apache.hadoop.hdfs.server.namenode.FsImageProto$INodeSection$INodeOrBuilder
2024-11-12 13:41:30,395 INFO  EvoClassLoader - Keeping class: org.apache.hadoop.hdfs.server.namenode.FsImageProto$INodeSection$INode
2024-11-12 13:41:30,396 INFO  EvoClassLoader - Seeing class for first time: org.apache.hadoop.hdfs.server.namenode.FsImageProto$INodeSection$INodeFileOrBuilder
2024-11-12 13:41:30,396 INFO  EvoClassLoader - Instrumenting class 'org.apache.hadoop.hdfs.server.namenode.FsImageProto$INodeSection$INodeFileOrBuilder'.
2024-11-12 13:41:30,396 INFO  EvoClassLoader - Keeping class: org.apache.hadoop.hdfs.server.namenode.FsImageProto$INodeSection$INodeFileOrBuilder
2024-11-12 13:41:30,396 INFO  EvoClassLoader - Seeing class for first time: org.apache.hadoop.hdfs.server.namenode.FsImageProto$INodeSection$INodeDirectoryOrBuilder
2024-11-12 13:41:30,396 INFO  EvoClassLoader - Instrumenting class 'org.apache.hadoop.hdfs.server.namenode.FsImageProto$INodeSection$INodeDirectoryOrBuilder'.
2024-11-12 13:41:30,397 INFO  EvoClassLoader - Keeping class: org.apache.hadoop.hdfs.server.namenode.FsImageProto$INodeSection$INodeDirectoryOrBuilder
2024-11-12 13:41:30,397 INFO  EvoClassLoader - Seeing class for first time: org.apache.hadoop.hdfs.server.namenode.FsImageProto$INodeSection$INodeSymlinkOrBuilder
2024-11-12 13:41:30,397 INFO  EvoClassLoader - Instrumenting class 'org.apache.hadoop.hdfs.server.namenode.FsImageProto$INodeSection$INodeSymlinkOrBuilder'.
2024-11-12 13:41:30,397 INFO  EvoClassLoader - Keeping class: org.apache.hadoop.hdfs.server.namenode.FsImageProto$INodeSection$INodeSymlinkOrBuilder
2024-11-12 13:41:30,397 INFO  EvoClassLoader - Seeing class for first time: org.apache.hadoop.thirdparty.protobuf.ByteString
2024-11-12 13:41:30,397 INFO  EvoClassLoader - Instrumenting class 'org.apache.hadoop.thirdparty.protobuf.ByteString'.
2024-11-12 13:41:30,397 INFO  MethodCallReplacementClassAdapter - Adding mock interface to class org/apache/hadoop/thirdparty/protobuf/ByteString
2024-11-12 13:41:30,398 INFO  CreateClassResetClassAdapter - Found static initializer in class org/apache/hadoop/thirdparty/protobuf/ByteString
2024-11-12 13:41:30,399 INFO  EvoClassLoader - Keeping class: org.apache.hadoop.thirdparty.protobuf.ByteString
2024-11-12 13:41:30,399 INFO  EvoClassLoader - Seeing class for first time: org.apache.hadoop.thirdparty.protobuf.ByteString$LiteralByteString
2024-11-12 13:41:30,399 INFO  EvoClassLoader - Instrumenting class 'org.apache.hadoop.thirdparty.protobuf.ByteString$LiteralByteString'.
2024-11-12 13:41:30,399 INFO  MethodCallReplacementClassAdapter - Adding mock interface to class org/apache/hadoop/thirdparty/protobuf/ByteString$LiteralByteString
2024-11-12 13:41:30,400 INFO  CreateClassResetClassAdapter - Creating brand-new static initializer in class org/apache/hadoop/thirdparty/protobuf/ByteString$LiteralByteString
2024-11-12 13:41:30,400 INFO  EvoClassLoader - Seeing class for first time: org.apache.hadoop.thirdparty.protobuf.ByteString$LeafByteString
2024-11-12 13:41:30,400 INFO  EvoClassLoader - Instrumenting class 'org.apache.hadoop.thirdparty.protobuf.ByteString$LeafByteString'.
2024-11-12 13:41:30,400 INFO  MethodCallReplacementClassAdapter - Adding mock interface to class org/apache/hadoop/thirdparty/protobuf/ByteString$LeafByteString
2024-11-12 13:41:30,400 INFO  CreateClassResetClassAdapter - Creating brand-new static initializer in class org/apache/hadoop/thirdparty/protobuf/ByteString$LeafByteString
2024-11-12 13:41:30,400 INFO  EvoClassLoader - Keeping class: org.apache.hadoop.thirdparty.protobuf.ByteString$LeafByteString
2024-11-12 13:41:30,400 INFO  EvoClassLoader - Keeping class: org.apache.hadoop.thirdparty.protobuf.ByteString$LiteralByteString
2024-11-12 13:41:30,400 INFO  EvoClassLoader - Seeing class for first time: org.apache.hadoop.thirdparty.protobuf.ByteString$ByteArrayCopier
2024-11-12 13:41:30,400 INFO  EvoClassLoader - Instrumenting class 'org.apache.hadoop.thirdparty.protobuf.ByteString$ByteArrayCopier'.
2024-11-12 13:41:30,401 INFO  EvoClassLoader - Keeping class: org.apache.hadoop.thirdparty.protobuf.ByteString$ByteArrayCopier
2024-11-12 13:41:30,401 INFO  EvoClassLoader - Seeing class for first time: org.apache.hadoop.thirdparty.protobuf.ByteString$ByteIterator
2024-11-12 13:41:30,401 INFO  EvoClassLoader - Instrumenting class 'org.apache.hadoop.thirdparty.protobuf.ByteString$ByteIterator'.
2024-11-12 13:41:30,401 INFO  EvoClassLoader - Keeping class: org.apache.hadoop.thirdparty.protobuf.ByteString$ByteIterator
2024-11-12 13:41:30,401 INFO  EvoClassLoader - Seeing class for first time: org.apache.hadoop.thirdparty.protobuf.NioByteString
2024-11-12 13:41:30,401 INFO  EvoClassLoader - Instrumenting class 'org.apache.hadoop.thirdparty.protobuf.NioByteString'.
2024-11-12 13:41:30,401 INFO  MethodCallReplacementClassAdapter - Adding mock interface to class org/apache/hadoop/thirdparty/protobuf/NioByteString
2024-11-12 13:41:30,402 INFO  CreateClassResetClassAdapter - Creating brand-new static initializer in class org/apache/hadoop/thirdparty/protobuf/NioByteString
2024-11-12 13:41:30,402 INFO  EvoClassLoader - Keeping class: org.apache.hadoop.thirdparty.protobuf.NioByteString
2024-11-12 13:41:30,402 INFO  EvoClassLoader - Seeing class for first time: org.apache.hadoop.thirdparty.protobuf.ByteString$BoundedByteString
2024-11-12 13:41:30,402 INFO  EvoClassLoader - Instrumenting class 'org.apache.hadoop.thirdparty.protobuf.ByteString$BoundedByteString'.
2024-11-12 13:41:30,402 INFO  MethodCallReplacementClassAdapter - Adding mock interface to class org/apache/hadoop/thirdparty/protobuf/ByteString$BoundedByteString
2024-11-12 13:41:30,402 INFO  CreateClassResetClassAdapter - Creating brand-new static initializer in class org/apache/hadoop/thirdparty/protobuf/ByteString$BoundedByteString
2024-11-12 13:41:30,402 INFO  EvoClassLoader - Keeping class: org.apache.hadoop.thirdparty.protobuf.ByteString$BoundedByteString
2024-11-12 13:41:30,403 INFO  EvoClassLoader - Seeing class for first time: org.apache.hadoop.thirdparty.protobuf.Internal
2024-11-12 13:41:30,403 INFO  EvoClassLoader - Instrumenting class 'org.apache.hadoop.thirdparty.protobuf.Internal'.
2024-11-12 13:41:30,403 INFO  MethodCallReplacementClassAdapter - Adding mock interface to class org/apache/hadoop/thirdparty/protobuf/Internal
2024-11-12 13:41:30,404 INFO  CreateClassResetClassAdapter - Found static initializer in class org/apache/hadoop/thirdparty/protobuf/Internal
2024-11-12 13:41:30,404 INFO  EvoClassLoader - Keeping class: org.apache.hadoop.thirdparty.protobuf.Internal
2024-11-12 13:41:30,405 INFO  EvoClassLoader - Seeing class for first time: org.apache.hadoop.thirdparty.protobuf.Android
2024-11-12 13:41:30,405 INFO  EvoClassLoader - Instrumenting class 'org.apache.hadoop.thirdparty.protobuf.Android'.
2024-11-12 13:41:30,405 INFO  MethodCallReplacementClassAdapter - Adding mock interface to class org/apache/hadoop/thirdparty/protobuf/Android
2024-11-12 13:41:30,405 INFO  CreateClassResetClassAdapter - Found static initializer in class org/apache/hadoop/thirdparty/protobuf/Android
2024-11-12 13:41:30,405 INFO  EvoClassLoader - Keeping class: org.apache.hadoop.thirdparty.protobuf.Android
2024-11-12 13:41:30,405 INFO  EvoClassLoader - Seeing class for first time: libcore.io.Memory
2024-11-12 13:41:30,405 INFO  EvoClassLoader - Instrumenting class 'libcore.io.Memory'.
2024-11-12 13:41:30,405 INFO  EvoClassLoader - Error while loading class: java.lang.ClassNotFoundException: Class 'libcore/io/Memory.class' should be in target project, but could not be found!
2024-11-12 13:41:30,405 INFO  EvoClassLoader - Seeing class for first time: org.robolectric.Robolectric
2024-11-12 13:41:30,405 INFO  EvoClassLoader - Instrumenting class 'org.robolectric.Robolectric'.
2024-11-12 13:41:30,405 INFO  EvoClassLoader - Error while loading class: java.lang.ClassNotFoundException: Class 'org/robolectric/Robolectric.class' should be in target project, but could not be found!
2024-11-12 13:41:30,405 INFO  EvoClassLoader - Seeing class for first time: org.apache.hadoop.thirdparty.protobuf.ByteString$ArraysByteArrayCopier
2024-11-12 13:41:30,405 INFO  EvoClassLoader - Instrumenting class 'org.apache.hadoop.thirdparty.protobuf.ByteString$ArraysByteArrayCopier'.
2024-11-12 13:41:30,406 INFO  MethodCallReplacementClassAdapter - Adding mock interface to class org/apache/hadoop/thirdparty/protobuf/ByteString$ArraysByteArrayCopier
2024-11-12 13:41:30,406 INFO  CreateClassResetClassAdapter - Creating brand-new static initializer in class org/apache/hadoop/thirdparty/protobuf/ByteString$ArraysByteArrayCopier
2024-11-12 13:41:30,406 INFO  EvoClassLoader - Keeping class: org.apache.hadoop.thirdparty.protobuf.ByteString$ArraysByteArrayCopier
2024-11-12 13:41:30,406 INFO  EvoClassLoader - Seeing class for first time: org.apache.hadoop.thirdparty.protobuf.ByteString$2
2024-11-12 13:41:30,406 INFO  EvoClassLoader - Instrumenting class 'org.apache.hadoop.thirdparty.protobuf.ByteString$2'.
2024-11-12 13:41:30,406 INFO  MethodCallReplacementClassAdapter - Adding mock interface to class org/apache/hadoop/thirdparty/protobuf/ByteString$2
2024-11-12 13:41:30,406 INFO  EvoClassLoader - Keeping class: org.apache.hadoop.thirdparty.protobuf.ByteString$2
2024-11-12 13:41:30,406 INFO  EvoClassLoader - Seeing class for first time: org.apache.hadoop.hdfs.server.namenode.FsImageProto$INodeSection$INode$1
2024-11-12 13:41:30,406 INFO  EvoClassLoader - Instrumenting class 'org.apache.hadoop.hdfs.server.namenode.FsImageProto$INodeSection$INode$1'.
2024-11-12 13:41:30,406 INFO  MethodCallReplacementClassAdapter - Adding mock interface to class org/apache/hadoop/hdfs/server/namenode/FsImageProto$INodeSection$INode$1
2024-11-12 13:41:30,406 INFO  EvoClassLoader - Keeping class: org.apache.hadoop.hdfs.server.namenode.FsImageProto$INodeSection$INode$1
2024-11-12 13:41:30,407 INFO  EvoClassLoader - Seeing class for first time: org.apache.hadoop.thirdparty.protobuf.CodedOutputStream
2024-11-12 13:41:30,407 INFO  EvoClassLoader - Instrumenting class 'org.apache.hadoop.thirdparty.protobuf.CodedOutputStream'.
2024-11-12 13:41:30,407 INFO  MethodCallReplacementClassAdapter - Adding mock interface to class org/apache/hadoop/thirdparty/protobuf/CodedOutputStream
2024-11-12 13:41:30,408 INFO  CreateClassResetClassAdapter - Found static initializer in class org/apache/hadoop/thirdparty/protobuf/CodedOutputStream
2024-11-12 13:41:30,408 INFO  EvoClassLoader - Keeping class: org.apache.hadoop.thirdparty.protobuf.CodedOutputStream
2024-11-12 13:41:30,408 INFO  EvoClassLoader - Seeing class for first time: org.apache.hadoop.thirdparty.protobuf.CodedOutputStream$ByteOutputEncoder
2024-11-12 13:41:30,408 INFO  EvoClassLoader - Instrumenting class 'org.apache.hadoop.thirdparty.protobuf.CodedOutputStream$ByteOutputEncoder'.
2024-11-12 13:41:30,408 INFO  MethodCallReplacementClassAdapter - Adding mock interface to class org/apache/hadoop/thirdparty/protobuf/CodedOutputStream$ByteOutputEncoder
2024-11-12 13:41:30,409 INFO  CreateClassResetClassAdapter - Creating brand-new static initializer in class org/apache/hadoop/thirdparty/protobuf/CodedOutputStream$ByteOutputEncoder
2024-11-12 13:41:30,409 INFO  EvoClassLoader - Seeing class for first time: org.apache.hadoop.thirdparty.protobuf.CodedOutputStream$AbstractBufferedEncoder
2024-11-12 13:41:30,409 INFO  EvoClassLoader - Instrumenting class 'org.apache.hadoop.thirdparty.protobuf.CodedOutputStream$AbstractBufferedEncoder'.
2024-11-12 13:41:30,409 INFO  MethodCallReplacementClassAdapter - Adding mock interface to class org/apache/hadoop/thirdparty/protobuf/CodedOutputStream$AbstractBufferedEncoder
2024-11-12 13:41:30,409 INFO  CreateClassResetClassAdapter - Creating brand-new static initializer in class org/apache/hadoop/thirdparty/protobuf/CodedOutputStream$AbstractBufferedEncoder
2024-11-12 13:41:30,410 INFO  EvoClassLoader - Keeping class: org.apache.hadoop.thirdparty.protobuf.CodedOutputStream$AbstractBufferedEncoder
2024-11-12 13:41:30,410 INFO  EvoClassLoader - Keeping class: org.apache.hadoop.thirdparty.protobuf.CodedOutputStream$ByteOutputEncoder
2024-11-12 13:41:30,410 INFO  EvoClassLoader - Seeing class for first time: org.apache.hadoop.thirdparty.protobuf.CodedOutputStream$OutputStreamEncoder
2024-11-12 13:41:30,410 INFO  EvoClassLoader - Instrumenting class 'org.apache.hadoop.thirdparty.protobuf.CodedOutputStream$OutputStreamEncoder'.
2024-11-12 13:41:30,410 INFO  MethodCallReplacementClassAdapter - Adding mock interface to class org/apache/hadoop/thirdparty/protobuf/CodedOutputStream$OutputStreamEncoder
2024-11-12 13:41:30,410 INFO  CreateClassResetClassAdapter - Creating brand-new static initializer in class org/apache/hadoop/thirdparty/protobuf/CodedOutputStream$OutputStreamEncoder
2024-11-12 13:41:30,410 INFO  EvoClassLoader - Keeping class: org.apache.hadoop.thirdparty.protobuf.CodedOutputStream$OutputStreamEncoder
2024-11-12 13:41:30,410 INFO  EvoClassLoader - Seeing class for first time: org.apache.hadoop.thirdparty.protobuf.CodedOutputStream$ArrayEncoder
2024-11-12 13:41:30,410 INFO  EvoClassLoader - Instrumenting class 'org.apache.hadoop.thirdparty.protobuf.CodedOutputStream$ArrayEncoder'.
2024-11-12 13:41:30,411 INFO  MethodCallReplacementClassAdapter - Adding mock interface to class org/apache/hadoop/thirdparty/protobuf/CodedOutputStream$ArrayEncoder
2024-11-12 13:41:30,411 INFO  CreateClassResetClassAdapter - Creating brand-new static initializer in class org/apache/hadoop/thirdparty/protobuf/CodedOutputStream$ArrayEncoder
2024-11-12 13:41:30,412 INFO  EvoClassLoader - Keeping class: org.apache.hadoop.thirdparty.protobuf.CodedOutputStream$ArrayEncoder
2024-11-12 13:41:30,412 INFO  EvoClassLoader - Seeing class for first time: org.apache.hadoop.thirdparty.protobuf.CodedOutputStream$HeapNioEncoder
2024-11-12 13:41:30,412 INFO  EvoClassLoader - Instrumenting class 'org.apache.hadoop.thirdparty.protobuf.CodedOutputStream$HeapNioEncoder'.
2024-11-12 13:41:30,412 INFO  MethodCallReplacementClassAdapter - Adding mock interface to class org/apache/hadoop/thirdparty/protobuf/CodedOutputStream$HeapNioEncoder
2024-11-12 13:41:30,412 INFO  CreateClassResetClassAdapter - Creating brand-new static initializer in class org/apache/hadoop/thirdparty/protobuf/CodedOutputStream$HeapNioEncoder
2024-11-12 13:41:30,412 INFO  EvoClassLoader - Keeping class: org.apache.hadoop.thirdparty.protobuf.CodedOutputStream$HeapNioEncoder
2024-11-12 13:41:30,412 INFO  EvoClassLoader - Seeing class for first time: org.apache.hadoop.thirdparty.protobuf.Utf8$UnpairedSurrogateException
2024-11-12 13:41:30,412 INFO  EvoClassLoader - Instrumenting class 'org.apache.hadoop.thirdparty.protobuf.Utf8$UnpairedSurrogateException'.
2024-11-12 13:41:30,413 INFO  MethodCallReplacementClassAdapter - Adding mock interface to class org/apache/hadoop/thirdparty/protobuf/Utf8$UnpairedSurrogateException
2024-11-12 13:41:30,413 INFO  CreateClassResetClassAdapter - Creating brand-new static initializer in class org/apache/hadoop/thirdparty/protobuf/Utf8$UnpairedSurrogateException
2024-11-12 13:41:30,413 INFO  EvoClassLoader - Keeping class: org.apache.hadoop.thirdparty.protobuf.Utf8$UnpairedSurrogateException
2024-11-12 13:41:30,413 INFO  EvoClassLoader - Seeing class for first time: org.apache.hadoop.thirdparty.protobuf.CodedOutputStream$OutOfSpaceException
2024-11-12 13:41:30,413 INFO  EvoClassLoader - Instrumenting class 'org.apache.hadoop.thirdparty.protobuf.CodedOutputStream$OutOfSpaceException'.
2024-11-12 13:41:30,413 INFO  MethodCallReplacementClassAdapter - Adding mock interface to class org/apache/hadoop/thirdparty/protobuf/CodedOutputStream$OutOfSpaceException
2024-11-12 13:41:30,413 INFO  CreateClassResetClassAdapter - Creating brand-new static initializer in class org/apache/hadoop/thirdparty/protobuf/CodedOutputStream$OutOfSpaceException
2024-11-12 13:41:30,413 INFO  CreateClassResetClassAdapter - Adding bytecode for initializing field MESSAGE
2024-11-12 13:41:30,413 INFO  EvoClassLoader - Keeping class: org.apache.hadoop.thirdparty.protobuf.CodedOutputStream$OutOfSpaceException
2024-11-12 13:41:30,413 INFO  EvoClassLoader - Seeing class for first time: org.apache.hadoop.thirdparty.protobuf.CodedOutputStream$UnsafeDirectNioEncoder
2024-11-12 13:41:30,413 INFO  EvoClassLoader - Instrumenting class 'org.apache.hadoop.thirdparty.protobuf.CodedOutputStream$UnsafeDirectNioEncoder'.
2024-11-12 13:41:30,414 INFO  MethodCallReplacementClassAdapter - Adding mock interface to class org/apache/hadoop/thirdparty/protobuf/CodedOutputStream$UnsafeDirectNioEncoder
2024-11-12 13:41:30,414 INFO  CreateClassResetClassAdapter - Creating brand-new static initializer in class org/apache/hadoop/thirdparty/protobuf/CodedOutputStream$UnsafeDirectNioEncoder
2024-11-12 13:41:30,415 INFO  EvoClassLoader - Keeping class: org.apache.hadoop.thirdparty.protobuf.CodedOutputStream$UnsafeDirectNioEncoder
2024-11-12 13:41:30,415 INFO  EvoClassLoader - Seeing class for first time: org.apache.hadoop.thirdparty.protobuf.CodedOutputStream$SafeDirectNioEncoder
2024-11-12 13:41:30,415 INFO  EvoClassLoader - Instrumenting class 'org.apache.hadoop.thirdparty.protobuf.CodedOutputStream$SafeDirectNioEncoder'.
2024-11-12 13:41:30,415 INFO  MethodCallReplacementClassAdapter - Adding mock interface to class org/apache/hadoop/thirdparty/protobuf/CodedOutputStream$SafeDirectNioEncoder
2024-11-12 13:41:30,416 INFO  CreateClassResetClassAdapter - Creating brand-new static initializer in class org/apache/hadoop/thirdparty/protobuf/CodedOutputStream$SafeDirectNioEncoder
2024-11-12 13:41:30,416 INFO  EvoClassLoader - Keeping class: org.apache.hadoop.thirdparty.protobuf.CodedOutputStream$SafeDirectNioEncoder
2024-11-12 13:41:30,416 INFO  EvoClassLoader - Seeing class for first time: org.apache.hadoop.thirdparty.protobuf.UnsafeUtil
2024-11-12 13:41:30,416 INFO  EvoClassLoader - Instrumenting class 'org.apache.hadoop.thirdparty.protobuf.UnsafeUtil'.
2024-11-12 13:41:30,417 INFO  MethodCallReplacementClassAdapter - Adding mock interface to class org/apache/hadoop/thirdparty/protobuf/UnsafeUtil
2024-11-12 13:41:30,417 INFO  CreateClassResetClassAdapter - Found static initializer in class org/apache/hadoop/thirdparty/protobuf/UnsafeUtil
2024-11-12 13:41:30,418 INFO  EvoClassLoader - Keeping class: org.apache.hadoop.thirdparty.protobuf.UnsafeUtil
2024-11-12 13:41:30,418 INFO  EvoClassLoader - Seeing class for first time: org.apache.hadoop.thirdparty.protobuf.UnsafeUtil$MemoryAccessor
2024-11-12 13:41:30,418 INFO  EvoClassLoader - Instrumenting class 'org.apache.hadoop.thirdparty.protobuf.UnsafeUtil$MemoryAccessor'.
2024-11-12 13:41:30,418 INFO  MethodCallReplacementClassAdapter - Adding mock interface to class org/apache/hadoop/thirdparty/protobuf/UnsafeUtil$MemoryAccessor
2024-11-12 13:41:30,418 INFO  CreateClassResetClassAdapter - Creating brand-new static initializer in class org/apache/hadoop/thirdparty/protobuf/UnsafeUtil$MemoryAccessor
2024-11-12 13:41:30,418 INFO  EvoClassLoader - Keeping class: org.apache.hadoop.thirdparty.protobuf.UnsafeUtil$MemoryAccessor
2024-11-12 13:41:30,418 INFO  EvoClassLoader - Seeing class for first time: org.apache.hadoop.thirdparty.protobuf.UnsafeUtil$JvmMemoryAccessor
2024-11-12 13:41:30,418 INFO  EvoClassLoader - Instrumenting class 'org.apache.hadoop.thirdparty.protobuf.UnsafeUtil$JvmMemoryAccessor'.
2024-11-12 13:41:30,419 INFO  MethodCallReplacementClassAdapter - Adding mock interface to class org/apache/hadoop/thirdparty/protobuf/UnsafeUtil$JvmMemoryAccessor
2024-11-12 13:41:30,419 INFO  CreateClassResetClassAdapter - Creating brand-new static initializer in class org/apache/hadoop/thirdparty/protobuf/UnsafeUtil$JvmMemoryAccessor
2024-11-12 13:41:30,419 INFO  EvoClassLoader - Keeping class: org.apache.hadoop.thirdparty.protobuf.UnsafeUtil$JvmMemoryAccessor
2024-11-12 13:41:30,419 INFO  EvoClassLoader - Seeing class for first time: org.apache.hadoop.thirdparty.protobuf.UnsafeUtil$1
2024-11-12 13:41:30,419 INFO  EvoClassLoader - Instrumenting class 'org.apache.hadoop.thirdparty.protobuf.UnsafeUtil$1'.
2024-11-12 13:41:30,419 INFO  MethodCallReplacementClassAdapter - Adding mock interface to class org/apache/hadoop/thirdparty/protobuf/UnsafeUtil$1
2024-11-12 13:41:30,419 INFO  EvoClassLoader - Keeping class: org.apache.hadoop.thirdparty.protobuf.UnsafeUtil$1
2024-11-12 13:41:30,420 INFO  EvoClassLoader - Seeing class for first time: org.apache.hadoop.hdfs.server.namenode.FsImageProto$INodeReferenceSection$INodeReferenceOrBuilder
2024-11-12 13:41:30,420 INFO  EvoClassLoader - Instrumenting class 'org.apache.hadoop.hdfs.server.namenode.FsImageProto$INodeReferenceSection$INodeReferenceOrBuilder'.
2024-11-12 13:41:30,420 INFO  EvoClassLoader - Keeping class: org.apache.hadoop.hdfs.server.namenode.FsImageProto$INodeReferenceSection$INodeReferenceOrBuilder
2024-11-12 13:41:30,420 INFO  EvoClassLoader - Seeing class for first time: org.apache.hadoop.hdfs.protocol.proto.HdfsProtos$BlockProto
2024-11-12 13:41:30,420 INFO  EvoClassLoader - Instrumenting class 'org.apache.hadoop.hdfs.protocol.proto.HdfsProtos$BlockProto'.
2024-11-12 13:41:30,420 INFO  MethodCallReplacementClassAdapter - Adding mock interface to class org/apache/hadoop/hdfs/protocol/proto/HdfsProtos$BlockProto
2024-11-12 13:41:30,421 INFO  CreateClassResetClassAdapter - Found static initializer in class org/apache/hadoop/hdfs/protocol/proto/HdfsProtos$BlockProto
2024-11-12 13:41:30,421 INFO  EvoClassLoader - Defined package (3): package org.apache.hadoop.hdfs.protocol.proto, -710368860
2024-11-12 13:41:30,421 INFO  EvoClassLoader - Seeing class for first time: org.apache.hadoop.hdfs.protocol.proto.HdfsProtos$BlockProtoOrBuilder
2024-11-12 13:41:30,421 INFO  EvoClassLoader - Instrumenting class 'org.apache.hadoop.hdfs.protocol.proto.HdfsProtos$BlockProtoOrBuilder'.
2024-11-12 13:41:30,422 INFO  EvoClassLoader - Keeping class: org.apache.hadoop.hdfs.protocol.proto.HdfsProtos$BlockProtoOrBuilder
2024-11-12 13:41:30,422 INFO  EvoClassLoader - Keeping class: org.apache.hadoop.hdfs.protocol.proto.HdfsProtos$BlockProto
2024-11-12 13:41:30,422 INFO  EvoClassLoader - Seeing class for first time: org.apache.hadoop.hdfs.protocol.proto.HdfsProtos$BlockProto$1
2024-11-12 13:41:30,422 INFO  EvoClassLoader - Instrumenting class 'org.apache.hadoop.hdfs.protocol.proto.HdfsProtos$BlockProto$1'.
2024-11-12 13:41:30,422 INFO  MethodCallReplacementClassAdapter - Adding mock interface to class org/apache/hadoop/hdfs/protocol/proto/HdfsProtos$BlockProto$1
2024-11-12 13:41:30,422 INFO  EvoClassLoader - Keeping class: org.apache.hadoop.hdfs.protocol.proto.HdfsProtos$BlockProto$1
2024-11-12 13:41:30,422 INFO  EvoClassLoader - Seeing class for first time: org.apache.hadoop.hdfs.util.LongBitFormat$Enum
2024-11-12 13:41:30,422 INFO  EvoClassLoader - Instrumenting class 'org.apache.hadoop.hdfs.util.LongBitFormat$Enum'.
2024-11-12 13:41:30,422 INFO  EvoClassLoader - Keeping class: org.apache.hadoop.hdfs.util.LongBitFormat$Enum
2024-11-12 13:41:30,422 INFO  EvoClassLoader - Seeing class for first time: org.apache.hadoop.hdfs.server.namenode.FsImageProto$StringTableSection$Entry$1
2024-11-12 13:41:30,422 INFO  EvoClassLoader - Instrumenting class 'org.apache.hadoop.hdfs.server.namenode.FsImageProto$StringTableSection$Entry$1'.
2024-11-12 13:41:30,423 INFO  MethodCallReplacementClassAdapter - Adding mock interface to class org/apache/hadoop/hdfs/server/namenode/FsImageProto$StringTableSection$Entry$1
2024-11-12 13:41:30,423 INFO  EvoClassLoader - Keeping class: org.apache.hadoop.hdfs.server.namenode.FsImageProto$StringTableSection$Entry$1
2024-11-12 13:41:30,423 INFO  EvoClassLoader - Seeing class for first time: org.apache.hadoop.thirdparty.com.google.common.collect.AbstractIterator
2024-11-12 13:41:30,423 INFO  EvoClassLoader - Instrumenting class 'org.apache.hadoop.thirdparty.com.google.common.collect.AbstractIterator'.
2024-11-12 13:41:30,423 INFO  MethodCallReplacementClassAdapter - Adding mock interface to class org/apache/hadoop/thirdparty/com/google/common/collect/AbstractIterator
2024-11-12 13:41:30,423 INFO  CreateClassResetClassAdapter - Creating brand-new static initializer in class org/apache/hadoop/thirdparty/com/google/common/collect/AbstractIterator
2024-11-12 13:41:30,423 INFO  EvoClassLoader - Keeping class: org.apache.hadoop.thirdparty.com.google.common.collect.AbstractIterator
2024-11-12 13:41:30,423 INFO  EvoClassLoader - Seeing class for first time: org.apache.hadoop.hdfs.protocol.HdfsFileStatus$Flags
2024-11-12 13:41:30,423 INFO  EvoClassLoader - Instrumenting class 'org.apache.hadoop.hdfs.protocol.HdfsFileStatus$Flags'.
2024-11-12 13:41:30,423 INFO  MethodCallReplacementClassAdapter - Adding mock interface to class org/apache/hadoop/hdfs/protocol/HdfsFileStatus$Flags
2024-11-12 13:41:30,423 INFO  CreateClassResetClassAdapter - Found static initializer in class org/apache/hadoop/hdfs/protocol/HdfsFileStatus$Flags
2024-11-12 13:41:30,423 INFO  EvoClassLoader - Defined package (3): package org.apache.hadoop.hdfs.protocol, -1396960598
2024-11-12 13:41:30,423 INFO  EvoClassLoader - Keeping class: org.apache.hadoop.hdfs.protocol.HdfsFileStatus$Flags
2024-11-12 13:41:30,424 INFO  EvoClassLoader - Seeing class for first time: org.apache.hadoop.hdfs.server.namenode.FsImageProto$INodeSection$FileUnderConstructionFeatureOrBuilder
2024-11-12 13:41:30,424 INFO  EvoClassLoader - Instrumenting class 'org.apache.hadoop.hdfs.server.namenode.FsImageProto$INodeSection$FileUnderConstructionFeatureOrBuilder'.
2024-11-12 13:41:30,424 INFO  EvoClassLoader - Keeping class: org.apache.hadoop.hdfs.server.namenode.FsImageProto$INodeSection$FileUnderConstructionFeatureOrBuilder
2024-11-12 13:41:30,424 INFO  EvoClassLoader - Seeing class for first time: org.apache.hadoop.hdfs.server.namenode.FsImageProto$ErasureCodingSection
2024-11-12 13:41:30,424 INFO  EvoClassLoader - Instrumenting class 'org.apache.hadoop.hdfs.server.namenode.FsImageProto$ErasureCodingSection'.
2024-11-12 13:41:30,424 INFO  MethodCallReplacementClassAdapter - Adding mock interface to class org/apache/hadoop/hdfs/server/namenode/FsImageProto$ErasureCodingSection
2024-11-12 13:41:30,425 INFO  CreateClassResetClassAdapter - Found static initializer in class org/apache/hadoop/hdfs/server/namenode/FsImageProto$ErasureCodingSection
2024-11-12 13:41:30,425 INFO  EvoClassLoader - Seeing class for first time: org.apache.hadoop.hdfs.server.namenode.FsImageProto$ErasureCodingSectionOrBuilder
2024-11-12 13:41:30,425 INFO  EvoClassLoader - Instrumenting class 'org.apache.hadoop.hdfs.server.namenode.FsImageProto$ErasureCodingSectionOrBuilder'.
2024-11-12 13:41:30,426 INFO  EvoClassLoader - Keeping class: org.apache.hadoop.hdfs.server.namenode.FsImageProto$ErasureCodingSectionOrBuilder
2024-11-12 13:41:30,426 INFO  EvoClassLoader - Keeping class: org.apache.hadoop.hdfs.server.namenode.FsImageProto$ErasureCodingSection
2024-11-12 13:41:30,426 INFO  EvoClassLoader - Seeing class for first time: org.apache.hadoop.hdfs.server.namenode.FsImageProto$ErasureCodingSection$1
2024-11-12 13:41:30,426 INFO  EvoClassLoader - Instrumenting class 'org.apache.hadoop.hdfs.server.namenode.FsImageProto$ErasureCodingSection$1'.
2024-11-12 13:41:30,426 INFO  MethodCallReplacementClassAdapter - Adding mock interface to class org/apache/hadoop/hdfs/server/namenode/FsImageProto$ErasureCodingSection$1
2024-11-12 13:41:30,426 INFO  EvoClassLoader - Keeping class: org.apache.hadoop.hdfs.server.namenode.FsImageProto$ErasureCodingSection$1
2024-11-12 13:41:30,427 INFO  EvoClassLoader - Seeing class for first time: org.apache.hadoop.hdfs.protocol.FsPermissionExtension
2024-11-12 13:41:30,427 INFO  EvoClassLoader - Instrumenting class 'org.apache.hadoop.hdfs.protocol.FsPermissionExtension'.
2024-11-12 13:41:30,427 INFO  MethodCallReplacementClassAdapter - Adding mock interface to class org/apache/hadoop/hdfs/protocol/FsPermissionExtension
2024-11-12 13:41:30,427 INFO  CreateClassResetClassAdapter - Creating brand-new static initializer in class org/apache/hadoop/hdfs/protocol/FsPermissionExtension
2024-11-12 13:41:30,427 INFO  CreateClassResetClassAdapter - Adding bytecode for initializing field ACL_BIT
2024-11-12 13:41:30,427 INFO  CreateClassResetClassAdapter - Adding bytecode for initializing field ENCRYPTED_BIT
2024-11-12 13:41:30,427 INFO  CreateClassResetClassAdapter - Adding bytecode for initializing field ERASURE_CODED_BIT
2024-11-12 13:41:30,427 INFO  EvoClassLoader - Keeping class: org.apache.hadoop.hdfs.protocol.FsPermissionExtension
2024-11-12 13:41:30,427 INFO  EvoClassLoader - Seeing class for first time: org.apache.hadoop.hdfs.server.namenode.INodeWithAdditionalFields$PermissionStatusFormat
2024-11-12 13:41:30,427 INFO  EvoClassLoader - Instrumenting class 'org.apache.hadoop.hdfs.server.namenode.INodeWithAdditionalFields$PermissionStatusFormat'.
2024-11-12 13:41:30,427 INFO  MethodCallReplacementClassAdapter - Adding mock interface to class org/apache/hadoop/hdfs/server/namenode/INodeWithAdditionalFields$PermissionStatusFormat
2024-11-12 13:41:30,427 INFO  CreateClassResetClassAdapter - Found static initializer in class org/apache/hadoop/hdfs/server/namenode/INodeWithAdditionalFields$PermissionStatusFormat
2024-11-12 13:41:30,428 INFO  EvoClassLoader - Keeping class: org.apache.hadoop.hdfs.server.namenode.INodeWithAdditionalFields$PermissionStatusFormat
2024-11-12 13:41:30,428 INFO  EvoClassLoader - Seeing class for first time: org.apache.hadoop.hdfs.server.namenode.INodeWithAdditionalFields
2024-11-12 13:41:30,428 INFO  EvoClassLoader - Instrumenting class 'org.apache.hadoop.hdfs.server.namenode.INodeWithAdditionalFields'.
2024-11-12 13:41:30,428 INFO  MethodCallReplacementClassAdapter - Adding mock interface to class org/apache/hadoop/hdfs/server/namenode/INodeWithAdditionalFields
2024-11-12 13:41:30,429 INFO  CreateClassResetClassAdapter - Found static initializer in class org/apache/hadoop/hdfs/server/namenode/INodeWithAdditionalFields
2024-11-12 13:41:30,430 INFO  EvoClassLoader - Seeing class for first time: org.apache.hadoop.util.LightWeightGSet$LinkedElement
2024-11-12 13:41:30,430 INFO  EvoClassLoader - Instrumenting class 'org.apache.hadoop.util.LightWeightGSet$LinkedElement'.
2024-11-12 13:41:30,430 INFO  EvoClassLoader - Keeping class: org.apache.hadoop.util.LightWeightGSet$LinkedElement
2024-11-12 13:41:30,430 INFO  EvoClassLoader - Seeing class for first time: org.apache.hadoop.hdfs.server.namenode.INode
2024-11-12 13:41:30,430 INFO  EvoClassLoader - Instrumenting class 'org.apache.hadoop.hdfs.server.namenode.INode'.
2024-11-12 13:41:30,430 INFO  MethodCallReplacementClassAdapter - Adding mock interface to class org/apache/hadoop/hdfs/server/namenode/INode
2024-11-12 13:41:30,432 INFO  CreateClassResetClassAdapter - Found static initializer in class org/apache/hadoop/hdfs/server/namenode/INode
2024-11-12 13:41:30,433 INFO  EvoClassLoader - Seeing class for first time: org.apache.hadoop.hdfs.server.namenode.INodeAttributes
2024-11-12 13:41:30,433 INFO  EvoClassLoader - Instrumenting class 'org.apache.hadoop.hdfs.server.namenode.INodeAttributes'.
2024-11-12 13:41:30,433 INFO  EvoClassLoader - Keeping class: org.apache.hadoop.hdfs.server.namenode.INodeAttributes
2024-11-12 13:41:30,433 INFO  EvoClassLoader - Seeing class for first time: org.apache.hadoop.hdfs.util.Diff$Element
2024-11-12 13:41:30,433 INFO  EvoClassLoader - Instrumenting class 'org.apache.hadoop.hdfs.util.Diff$Element'.
2024-11-12 13:41:30,433 INFO  EvoClassLoader - Keeping class: org.apache.hadoop.hdfs.util.Diff$Element
2024-11-12 13:41:30,433 INFO  EvoClassLoader - Keeping class: org.apache.hadoop.hdfs.server.namenode.INode
2024-11-12 13:41:30,433 INFO  EvoClassLoader - Keeping class: org.apache.hadoop.hdfs.server.namenode.INodeWithAdditionalFields
2024-11-12 13:41:30,433 INFO  EvoClassLoader - Seeing class for first time: org.apache.hadoop.hdfs.util.LongBitFormat
2024-11-12 13:41:30,433 INFO  EvoClassLoader - Instrumenting class 'org.apache.hadoop.hdfs.util.LongBitFormat'.
2024-11-12 13:41:30,433 INFO  MethodCallReplacementClassAdapter - Adding mock interface to class org/apache/hadoop/hdfs/util/LongBitFormat
2024-11-12 13:41:30,434 INFO  CreateClassResetClassAdapter - Creating brand-new static initializer in class org/apache/hadoop/hdfs/util/LongBitFormat
2024-11-12 13:41:30,434 INFO  EvoClassLoader - Keeping class: org.apache.hadoop.hdfs.util.LongBitFormat
2024-11-12 13:41:30,434 INFO  EvoClassLoader - Seeing class for first time: org.apache.hadoop.hdfs.protocol.DatanodeInfoWithStorage
2024-11-12 13:41:30,434 INFO  EvoClassLoader - Instrumenting class 'org.apache.hadoop.hdfs.protocol.DatanodeInfoWithStorage'.
2024-11-12 13:41:30,434 INFO  MethodCallReplacementClassAdapter - Adding mock interface to class org/apache/hadoop/hdfs/protocol/DatanodeInfoWithStorage
2024-11-12 13:41:30,434 INFO  CreateClassResetClassAdapter - Creating brand-new static initializer in class org/apache/hadoop/hdfs/protocol/DatanodeInfoWithStorage
2024-11-12 13:41:30,435 INFO  EvoClassLoader - Seeing class for first time: org.apache.hadoop.hdfs.protocol.DatanodeInfo
2024-11-12 13:41:30,435 INFO  EvoClassLoader - Instrumenting class 'org.apache.hadoop.hdfs.protocol.DatanodeInfo'.
2024-11-12 13:41:30,435 INFO  MethodCallReplacementClassAdapter - Adding mock interface to class org/apache/hadoop/hdfs/protocol/DatanodeInfo
2024-11-12 13:41:30,436 INFO  CreateClassResetClassAdapter - Found static initializer in class org/apache/hadoop/hdfs/protocol/DatanodeInfo
2024-11-12 13:41:30,436 INFO  EvoClassLoader - Seeing class for first time: org.apache.hadoop.net.Node
2024-11-12 13:41:30,436 INFO  EvoClassLoader - Instrumenting class 'org.apache.hadoop.net.Node'.
2024-11-12 13:41:30,437 INFO  EvoClassLoader - Defined package (3): package org.apache.hadoop.net, -1243656086
2024-11-12 13:41:30,437 INFO  EvoClassLoader - Keeping class: org.apache.hadoop.net.Node
2024-11-12 13:41:30,437 INFO  EvoClassLoader - Seeing class for first time: org.apache.hadoop.hdfs.protocol.DatanodeID
2024-11-12 13:41:30,437 INFO  EvoClassLoader - Instrumenting class 'org.apache.hadoop.hdfs.protocol.DatanodeID'.
2024-11-12 13:41:30,437 INFO  MethodCallReplacementClassAdapter - Adding mock interface to class org/apache/hadoop/hdfs/protocol/DatanodeID
2024-11-12 13:41:30,437 INFO  CreateClassResetClassAdapter - Found static initializer in class org/apache/hadoop/hdfs/protocol/DatanodeID
2024-11-12 13:41:30,438 INFO  EvoClassLoader - Keeping class: org.apache.hadoop.hdfs.protocol.DatanodeID
2024-11-12 13:41:30,438 INFO  EvoClassLoader - Keeping class: org.apache.hadoop.hdfs.protocol.DatanodeInfo
2024-11-12 13:41:30,438 INFO  EvoClassLoader - Keeping class: org.apache.hadoop.hdfs.protocol.DatanodeInfoWithStorage
2024-11-12 13:41:30,438 INFO  EvoClassLoader - Seeing class for first time: org.apache.hadoop.hdfs.server.namenode.FsImageProto$StringTableSection$EntryOrBuilder
2024-11-12 13:41:30,438 INFO  EvoClassLoader - Instrumenting class 'org.apache.hadoop.hdfs.server.namenode.FsImageProto$StringTableSection$EntryOrBuilder'.
2024-11-12 13:41:30,438 INFO  EvoClassLoader - Keeping class: org.apache.hadoop.hdfs.server.namenode.FsImageProto$StringTableSection$EntryOrBuilder
2024-11-12 13:41:30,438 INFO  EvoClassLoader - Seeing class for first time: org.apache.hadoop.hdfs.server.namenode.FsImageProto$INodeDirectorySection
2024-11-12 13:41:30,438 INFO  EvoClassLoader - Instrumenting class 'org.apache.hadoop.hdfs.server.namenode.FsImageProto$INodeDirectorySection'.
2024-11-12 13:41:30,439 INFO  MethodCallReplacementClassAdapter - Adding mock interface to class org/apache/hadoop/hdfs/server/namenode/FsImageProto$INodeDirectorySection
2024-11-12 13:41:30,439 INFO  CreateClassResetClassAdapter - Found static initializer in class org/apache/hadoop/hdfs/server/namenode/FsImageProto$INodeDirectorySection
2024-11-12 13:41:30,440 INFO  EvoClassLoader - Seeing class for first time: org.apache.hadoop.hdfs.server.namenode.FsImageProto$INodeDirectorySectionOrBuilder
2024-11-12 13:41:30,440 INFO  EvoClassLoader - Instrumenting class 'org.apache.hadoop.hdfs.server.namenode.FsImageProto$INodeDirectorySectionOrBuilder'.
2024-11-12 13:41:30,440 INFO  EvoClassLoader - Keeping class: org.apache.hadoop.hdfs.server.namenode.FsImageProto$INodeDirectorySectionOrBuilder
2024-11-12 13:41:30,440 INFO  EvoClassLoader - Keeping class: org.apache.hadoop.hdfs.server.namenode.FsImageProto$INodeDirectorySection
2024-11-12 13:41:30,440 INFO  EvoClassLoader - Seeing class for first time: org.apache.hadoop.hdfs.server.namenode.FsImageProto$INodeDirectorySection$1
2024-11-12 13:41:30,440 INFO  EvoClassLoader - Instrumenting class 'org.apache.hadoop.hdfs.server.namenode.FsImageProto$INodeDirectorySection$1'.
2024-11-12 13:41:30,440 INFO  MethodCallReplacementClassAdapter - Adding mock interface to class org/apache/hadoop/hdfs/server/namenode/FsImageProto$INodeDirectorySection$1
2024-11-12 13:41:30,440 INFO  EvoClassLoader - Keeping class: org.apache.hadoop.hdfs.server.namenode.FsImageProto$INodeDirectorySection$1
2024-11-12 13:41:30,441 INFO  EvoClassLoader - Seeing class for first time: org.apache.hadoop.fs.statistics.IOStatisticsSource
2024-11-12 13:41:30,441 INFO  EvoClassLoader - Instrumenting class 'org.apache.hadoop.fs.statistics.IOStatisticsSource'.
2024-11-12 13:41:30,441 INFO  EvoClassLoader - Defined package (3): package org.apache.hadoop.fs.statistics, -2061501583
2024-11-12 13:41:30,441 INFO  EvoClassLoader - Keeping class: org.apache.hadoop.fs.statistics.IOStatisticsSource
2024-11-12 13:41:30,441 INFO  EvoClassLoader - Seeing class for first time: org.apache.hadoop.hdfs.server.blockmanagement.BlockCollection
2024-11-12 13:41:30,441 INFO  EvoClassLoader - Instrumenting class 'org.apache.hadoop.hdfs.server.blockmanagement.BlockCollection'.
2024-11-12 13:41:30,441 INFO  EvoClassLoader - Defined package (3): package org.apache.hadoop.hdfs.server.blockmanagement, -789130121
2024-11-12 13:41:30,441 INFO  EvoClassLoader - Keeping class: org.apache.hadoop.hdfs.server.blockmanagement.BlockCollection
2024-11-12 13:41:30,441 INFO  EvoClassLoader - Seeing class for first time: org.apache.hadoop.hdfs.server.namenode.AclEntryStatusFormat
2024-11-12 13:41:30,441 INFO  EvoClassLoader - Instrumenting class 'org.apache.hadoop.hdfs.server.namenode.AclEntryStatusFormat'.
2024-11-12 13:41:30,441 INFO  MethodCallReplacementClassAdapter - Adding mock interface to class org/apache/hadoop/hdfs/server/namenode/AclEntryStatusFormat
2024-11-12 13:41:30,441 INFO  CreateClassResetClassAdapter - Found static initializer in class org/apache/hadoop/hdfs/server/namenode/AclEntryStatusFormat
2024-11-12 13:41:30,441 INFO  EvoClassLoader - Keeping class: org.apache.hadoop.hdfs.server.namenode.AclEntryStatusFormat
2024-11-12 13:41:30,442 INFO  EvoClassLoader - Seeing class for first time: org.apache.hadoop.fs.permission.AclEntryType
2024-11-12 13:41:30,442 INFO  EvoClassLoader - Instrumenting class 'org.apache.hadoop.fs.permission.AclEntryType'.
2024-11-12 13:41:30,442 INFO  MethodCallReplacementClassAdapter - Adding mock interface to class org/apache/hadoop/fs/permission/AclEntryType
2024-11-12 13:41:30,442 INFO  CreateClassResetClassAdapter - Found static initializer in class org/apache/hadoop/fs/permission/AclEntryType
2024-11-12 13:41:30,442 INFO  EvoClassLoader - Keeping class: org.apache.hadoop.fs.permission.AclEntryType
2024-11-12 13:41:30,443 INFO  EvoClassLoader - Seeing class for first time: org.apache.hadoop.thirdparty.com.google.errorprone.annotations.DoNotMock
2024-11-12 13:41:30,443 INFO  EvoClassLoader - Instrumenting class 'org.apache.hadoop.thirdparty.com.google.errorprone.annotations.DoNotMock'.
2024-11-12 13:41:30,443 INFO  EvoClassLoader - Defined package (3): package org.apache.hadoop.thirdparty.com.google.errorprone.annotations, -1035196546
2024-11-12 13:41:30,443 INFO  EvoClassLoader - Keeping class: org.apache.hadoop.thirdparty.com.google.errorprone.annotations.DoNotMock
2024-11-12 13:41:30,443 INFO  EvoClassLoader - Seeing class for first time: org.apache.hadoop.hdfs.server.namenode.INodeFile
2024-11-12 13:41:30,443 INFO  EvoClassLoader - Instrumenting class 'org.apache.hadoop.hdfs.server.namenode.INodeFile'.
2024-11-12 13:41:30,444 INFO  MethodCallReplacementClassAdapter - Adding mock interface to class org/apache/hadoop/hdfs/server/namenode/INodeFile
2024-11-12 13:41:30,447 INFO  CreateClassResetClassAdapter - Creating brand-new static initializer in class org/apache/hadoop/hdfs/server/namenode/INodeFile
2024-11-12 13:41:30,447 INFO  CreateClassResetClassAdapter - Adding bytecode for initializing field DEFAULT_REPL_FOR_STRIPED_BLOCKS
2024-11-12 13:41:30,449 INFO  EvoClassLoader - Seeing class for first time: org.apache.hadoop.hdfs.server.namenode.INodeFileAttributes
2024-11-12 13:41:30,449 INFO  EvoClassLoader - Instrumenting class 'org.apache.hadoop.hdfs.server.namenode.INodeFileAttributes'.
2024-11-12 13:41:30,449 INFO  EvoClassLoader - Keeping class: org.apache.hadoop.hdfs.server.namenode.INodeFileAttributes
2024-11-12 13:41:30,449 INFO  EvoClassLoader - Keeping class: org.apache.hadoop.hdfs.server.namenode.INodeFile
2024-11-12 13:41:30,450 INFO  EvoClassLoader - Seeing class for first time: org.apache.hadoop.hdfs.server.namenode.INodeDirectory
2024-11-12 13:41:30,450 INFO  EvoClassLoader - Instrumenting class 'org.apache.hadoop.hdfs.server.namenode.INodeDirectory'.
2024-11-12 13:41:30,450 INFO  MethodCallReplacementClassAdapter - Adding mock interface to class org/apache/hadoop/hdfs/server/namenode/INodeDirectory
2024-11-12 13:41:30,452 INFO  CreateClassResetClassAdapter - Found static initializer in class org/apache/hadoop/hdfs/server/namenode/INodeDirectory
2024-11-12 13:41:30,453 INFO  EvoClassLoader - Seeing class for first time: org.apache.hadoop.hdfs.server.namenode.INodeDirectoryAttributes
2024-11-12 13:41:30,453 INFO  EvoClassLoader - Instrumenting class 'org.apache.hadoop.hdfs.server.namenode.INodeDirectoryAttributes'.
2024-11-12 13:41:30,453 INFO  EvoClassLoader - Keeping class: org.apache.hadoop.hdfs.server.namenode.INodeDirectoryAttributes
2024-11-12 13:41:30,453 INFO  EvoClassLoader - Keeping class: org.apache.hadoop.hdfs.server.namenode.INodeDirectory
2024-11-12 13:41:30,453 INFO  EvoClassLoader - Seeing class for first time: org.apache.hadoop.hdfs.server.namenode.INodeReference
2024-11-12 13:41:30,453 INFO  EvoClassLoader - Instrumenting class 'org.apache.hadoop.hdfs.server.namenode.INodeReference'.
2024-11-12 13:41:30,453 INFO  MethodCallReplacementClassAdapter - Adding mock interface to class org/apache/hadoop/hdfs/server/namenode/INodeReference
2024-11-12 13:41:30,454 INFO  CreateClassResetClassAdapter - Creating brand-new static initializer in class org/apache/hadoop/hdfs/server/namenode/INodeReference
2024-11-12 13:41:30,454 INFO  EvoClassLoader - Keeping class: org.apache.hadoop.hdfs.server.namenode.INodeReference
2024-11-12 13:41:30,454 INFO  EvoClassLoader - Seeing class for first time: org.apache.hadoop.hdfs.server.namenode.INode$Feature
2024-11-12 13:41:30,454 INFO  EvoClassLoader - Instrumenting class 'org.apache.hadoop.hdfs.server.namenode.INode$Feature'.
2024-11-12 13:41:30,455 INFO  EvoClassLoader - Keeping class: org.apache.hadoop.hdfs.server.namenode.INode$Feature
2024-11-12 13:41:30,456 INFO  EvoClassLoader - Seeing class for first time: org.apache.hadoop.thirdparty.protobuf.Descriptors$DescriptorValidationException
2024-11-12 13:41:30,456 INFO  EvoClassLoader - Instrumenting class 'org.apache.hadoop.thirdparty.protobuf.Descriptors$DescriptorValidationException'.
2024-11-12 13:41:30,456 INFO  MethodCallReplacementClassAdapter - Adding mock interface to class org/apache/hadoop/thirdparty/protobuf/Descriptors$DescriptorValidationException
2024-11-12 13:41:30,456 INFO  CreateClassResetClassAdapter - Creating brand-new static initializer in class org/apache/hadoop/thirdparty/protobuf/Descriptors$DescriptorValidationException
2024-11-12 13:41:30,457 INFO  EvoClassLoader - Keeping class: org.apache.hadoop.thirdparty.protobuf.Descriptors$DescriptorValidationException
2024-11-12 13:41:30,457 INFO  EvoClassLoader - Seeing class for first time: org.apache.hadoop.thirdparty.protobuf.Internal$EnumLiteMap
2024-11-12 13:41:30,457 INFO  EvoClassLoader - Instrumenting class 'org.apache.hadoop.thirdparty.protobuf.Internal$EnumLiteMap'.
2024-11-12 13:41:30,457 INFO  EvoClassLoader - Keeping class: org.apache.hadoop.thirdparty.protobuf.Internal$EnumLiteMap
2024-11-12 13:41:30,457 INFO  EvoClassLoader - Seeing class for first time: org.apache.hadoop.thirdparty.protobuf.TextFormat$InvalidEscapeSequenceException
2024-11-12 13:41:30,457 INFO  EvoClassLoader - Instrumenting class 'org.apache.hadoop.thirdparty.protobuf.TextFormat$InvalidEscapeSequenceException'.
2024-11-12 13:41:30,457 INFO  MethodCallReplacementClassAdapter - Adding mock interface to class org/apache/hadoop/thirdparty/protobuf/TextFormat$InvalidEscapeSequenceException
2024-11-12 13:41:30,457 INFO  CreateClassResetClassAdapter - Creating brand-new static initializer in class org/apache/hadoop/thirdparty/protobuf/TextFormat$InvalidEscapeSequenceException
2024-11-12 13:41:30,458 INFO  EvoClassLoader - Keeping class: org.apache.hadoop.thirdparty.protobuf.TextFormat$InvalidEscapeSequenceException
2024-11-12 13:41:30,458 INFO  EvoClassLoader - Seeing class for first time: org.apache.hadoop.thirdparty.protobuf.WireFormat$FieldType
2024-11-12 13:41:30,458 INFO  EvoClassLoader - Instrumenting class 'org.apache.hadoop.thirdparty.protobuf.WireFormat$FieldType'.
2024-11-12 13:41:30,458 INFO  MethodCallReplacementClassAdapter - Adding mock interface to class org/apache/hadoop/thirdparty/protobuf/WireFormat$FieldType
2024-11-12 13:41:30,458 INFO  CreateClassResetClassAdapter - Found static initializer in class org/apache/hadoop/thirdparty/protobuf/WireFormat$FieldType
2024-11-12 13:41:30,459 INFO  EvoClassLoader - Keeping class: org.apache.hadoop.thirdparty.protobuf.WireFormat$FieldType
2024-11-12 13:41:30,459 INFO  EvoClassLoader - Seeing class for first time: org.apache.hadoop.thirdparty.protobuf.WireFormat$FieldType$1
2024-11-12 13:41:30,459 INFO  EvoClassLoader - Instrumenting class 'org.apache.hadoop.thirdparty.protobuf.WireFormat$FieldType$1'.
2024-11-12 13:41:30,459 INFO  MethodCallReplacementClassAdapter - Adding mock interface to class org/apache/hadoop/thirdparty/protobuf/WireFormat$FieldType$1
2024-11-12 13:41:30,460 INFO  EvoClassLoader - Keeping class: org.apache.hadoop.thirdparty.protobuf.WireFormat$FieldType$1
2024-11-12 13:41:30,460 INFO  EvoClassLoader - Seeing class for first time: org.apache.hadoop.thirdparty.protobuf.WireFormat$FieldType$2
2024-11-12 13:41:30,460 INFO  EvoClassLoader - Instrumenting class 'org.apache.hadoop.thirdparty.protobuf.WireFormat$FieldType$2'.
2024-11-12 13:41:30,460 INFO  MethodCallReplacementClassAdapter - Adding mock interface to class org/apache/hadoop/thirdparty/protobuf/WireFormat$FieldType$2
2024-11-12 13:41:30,460 INFO  EvoClassLoader - Keeping class: org.apache.hadoop.thirdparty.protobuf.WireFormat$FieldType$2
2024-11-12 13:41:30,460 INFO  EvoClassLoader - Seeing class for first time: org.apache.hadoop.thirdparty.protobuf.WireFormat$FieldType$3
2024-11-12 13:41:30,460 INFO  EvoClassLoader - Instrumenting class 'org.apache.hadoop.thirdparty.protobuf.WireFormat$FieldType$3'.
2024-11-12 13:41:30,460 INFO  MethodCallReplacementClassAdapter - Adding mock interface to class org/apache/hadoop/thirdparty/protobuf/WireFormat$FieldType$3
2024-11-12 13:41:30,460 INFO  EvoClassLoader - Keeping class: org.apache.hadoop.thirdparty.protobuf.WireFormat$FieldType$3
2024-11-12 13:41:30,460 INFO  EvoClassLoader - Seeing class for first time: org.apache.hadoop.thirdparty.protobuf.WireFormat$FieldType$4
2024-11-12 13:41:30,460 INFO  EvoClassLoader - Instrumenting class 'org.apache.hadoop.thirdparty.protobuf.WireFormat$FieldType$4'.
2024-11-12 13:41:30,461 INFO  MethodCallReplacementClassAdapter - Adding mock interface to class org/apache/hadoop/thirdparty/protobuf/WireFormat$FieldType$4
2024-11-12 13:41:30,461 INFO  EvoClassLoader - Keeping class: org.apache.hadoop.thirdparty.protobuf.WireFormat$FieldType$4
2024-11-12 13:41:30,461 INFO  EvoClassLoader - Seeing class for first time: org.apache.hadoop.thirdparty.protobuf.WireFormat$JavaType
2024-11-12 13:41:30,461 INFO  EvoClassLoader - Instrumenting class 'org.apache.hadoop.thirdparty.protobuf.WireFormat$JavaType'.
2024-11-12 13:41:30,461 INFO  MethodCallReplacementClassAdapter - Adding mock interface to class org/apache/hadoop/thirdparty/protobuf/WireFormat$JavaType
2024-11-12 13:41:30,461 INFO  CreateClassResetClassAdapter - Found static initializer in class org/apache/hadoop/thirdparty/protobuf/WireFormat$JavaType
2024-11-12 13:41:30,461 INFO  EvoClassLoader - Keeping class: org.apache.hadoop.thirdparty.protobuf.WireFormat$JavaType
2024-11-12 13:41:30,462 INFO  EvoClassLoader - Seeing class for first time: org.apache.hadoop.thirdparty.protobuf.Descriptors$FieldDescriptor$Type
2024-11-12 13:41:30,462 INFO  EvoClassLoader - Instrumenting class 'org.apache.hadoop.thirdparty.protobuf.Descriptors$FieldDescriptor$Type'.
2024-11-12 13:41:30,462 INFO  MethodCallReplacementClassAdapter - Adding mock interface to class org/apache/hadoop/thirdparty/protobuf/Descriptors$FieldDescriptor$Type
2024-11-12 13:41:30,462 INFO  CreateClassResetClassAdapter - Found static initializer in class org/apache/hadoop/thirdparty/protobuf/Descriptors$FieldDescriptor$Type
2024-11-12 13:41:30,462 INFO  EvoClassLoader - Keeping class: org.apache.hadoop.thirdparty.protobuf.Descriptors$FieldDescriptor$Type
2024-11-12 13:41:30,463 INFO  EvoClassLoader - Seeing class for first time: org.apache.hadoop.thirdparty.protobuf.Descriptors$FieldDescriptor$JavaType
2024-11-12 13:41:30,463 INFO  EvoClassLoader - Instrumenting class 'org.apache.hadoop.thirdparty.protobuf.Descriptors$FieldDescriptor$JavaType'.
2024-11-12 13:41:30,463 INFO  MethodCallReplacementClassAdapter - Adding mock interface to class org/apache/hadoop/thirdparty/protobuf/Descriptors$FieldDescriptor$JavaType
2024-11-12 13:41:30,463 INFO  CreateClassResetClassAdapter - Found static initializer in class org/apache/hadoop/thirdparty/protobuf/Descriptors$FieldDescriptor$JavaType
2024-11-12 13:41:30,463 INFO  EvoClassLoader - Keeping class: org.apache.hadoop.thirdparty.protobuf.Descriptors$FieldDescriptor$JavaType
2024-11-12 13:41:30,464 INFO  EvoClassLoader - Seeing class for first time: org.apache.hadoop.thirdparty.protobuf.DescriptorProtos$FieldDescriptorProto$Type
2024-11-12 13:41:30,464 INFO  EvoClassLoader - Instrumenting class 'org.apache.hadoop.thirdparty.protobuf.DescriptorProtos$FieldDescriptorProto$Type'.
2024-11-12 13:41:30,464 INFO  MethodCallReplacementClassAdapter - Adding mock interface to class org/apache/hadoop/thirdparty/protobuf/DescriptorProtos$FieldDescriptorProto$Type
2024-11-12 13:41:30,465 INFO  CreateClassResetClassAdapter - Found static initializer in class org/apache/hadoop/thirdparty/protobuf/DescriptorProtos$FieldDescriptorProto$Type
2024-11-12 13:41:30,465 INFO  EvoClassLoader - Seeing class for first time: org.apache.hadoop.thirdparty.protobuf.ProtocolMessageEnum
2024-11-12 13:41:30,465 INFO  EvoClassLoader - Instrumenting class 'org.apache.hadoop.thirdparty.protobuf.ProtocolMessageEnum'.
2024-11-12 13:41:30,465 INFO  EvoClassLoader - Seeing class for first time: org.apache.hadoop.thirdparty.protobuf.Internal$EnumLite
2024-11-12 13:41:30,465 INFO  EvoClassLoader - Instrumenting class 'org.apache.hadoop.thirdparty.protobuf.Internal$EnumLite'.
2024-11-12 13:41:30,466 INFO  EvoClassLoader - Keeping class: org.apache.hadoop.thirdparty.protobuf.Internal$EnumLite
2024-11-12 13:41:30,466 INFO  EvoClassLoader - Keeping class: org.apache.hadoop.thirdparty.protobuf.ProtocolMessageEnum
2024-11-12 13:41:30,466 INFO  EvoClassLoader - Keeping class: org.apache.hadoop.thirdparty.protobuf.DescriptorProtos$FieldDescriptorProto$Type
2024-11-12 13:41:30,466 INFO  EvoClassLoader - Seeing class for first time: org.apache.hadoop.thirdparty.protobuf.DescriptorProtos$FieldDescriptorProto$Type$1
2024-11-12 13:41:30,466 INFO  EvoClassLoader - Instrumenting class 'org.apache.hadoop.thirdparty.protobuf.DescriptorProtos$FieldDescriptorProto$Type$1'.
2024-11-12 13:41:30,466 INFO  MethodCallReplacementClassAdapter - Adding mock interface to class org/apache/hadoop/thirdparty/protobuf/DescriptorProtos$FieldDescriptorProto$Type$1
2024-11-12 13:41:30,466 INFO  EvoClassLoader - Keeping class: org.apache.hadoop.thirdparty.protobuf.DescriptorProtos$FieldDescriptorProto$Type$1
2024-11-12 13:41:30,466 INFO  EvoClassLoader - Seeing class for first time: org.apache.commons.cli.Option
2024-11-12 13:41:30,466 INFO  EvoClassLoader - Instrumenting class 'org.apache.commons.cli.Option'.
2024-11-12 13:41:30,467 INFO  MethodCallReplacementClassAdapter - Adding mock interface to class org/apache/commons/cli/Option
2024-11-12 13:41:30,467 INFO  CreateClassResetClassAdapter - Creating brand-new static initializer in class org/apache/commons/cli/Option
2024-11-12 13:41:30,467 INFO  CreateClassResetClassAdapter - Adding bytecode for initializing field UNINITIALIZED
2024-11-12 13:41:30,467 INFO  CreateClassResetClassAdapter - Adding bytecode for initializing field UNLIMITED_VALUES
2024-11-12 13:41:30,467 INFO  EvoClassLoader - Defined package (3): package org.apache.commons.cli, -528318268
2024-11-12 13:41:30,468 INFO  EvoClassLoader - Keeping class: org.apache.commons.cli.Option
2024-11-12 13:41:30,468 INFO  EvoClassLoader - Seeing class for first time: org.apache.hadoop.net.SocketInputWrapper
2024-11-12 13:41:30,468 INFO  EvoClassLoader - Instrumenting class 'org.apache.hadoop.net.SocketInputWrapper'.
2024-11-12 13:41:30,468 INFO  MethodCallReplacementClassAdapter - Adding mock interface to class org/apache/hadoop/net/SocketInputWrapper
2024-11-12 13:41:30,468 INFO  CreateClassResetClassAdapter - Creating brand-new static initializer in class org/apache/hadoop/net/SocketInputWrapper
2024-11-12 13:41:30,469 INFO  EvoClassLoader - Keeping class: org.apache.hadoop.net.SocketInputWrapper
2024-11-12 13:41:30,469 INFO  EvoClassLoader - Seeing class for first time: org.apache.hadoop.hdfs.server.namenode.FsImageProto$SecretManagerSection
2024-11-12 13:41:30,469 INFO  EvoClassLoader - Instrumenting class 'org.apache.hadoop.hdfs.server.namenode.FsImageProto$SecretManagerSection'.
2024-11-12 13:41:30,469 INFO  MethodCallReplacementClassAdapter - Adding mock interface to class org/apache/hadoop/hdfs/server/namenode/FsImageProto$SecretManagerSection
2024-11-12 13:41:30,470 INFO  CreateClassResetClassAdapter - Found static initializer in class org/apache/hadoop/hdfs/server/namenode/FsImageProto$SecretManagerSection
2024-11-12 13:41:30,470 INFO  EvoClassLoader - Seeing class for first time: org.apache.hadoop.hdfs.server.namenode.FsImageProto$SecretManagerSectionOrBuilder
2024-11-12 13:41:30,470 INFO  EvoClassLoader - Instrumenting class 'org.apache.hadoop.hdfs.server.namenode.FsImageProto$SecretManagerSectionOrBuilder'.
2024-11-12 13:41:30,470 INFO  EvoClassLoader - Keeping class: org.apache.hadoop.hdfs.server.namenode.FsImageProto$SecretManagerSectionOrBuilder
2024-11-12 13:41:30,471 INFO  EvoClassLoader - Keeping class: org.apache.hadoop.hdfs.server.namenode.FsImageProto$SecretManagerSection
2024-11-12 13:41:30,471 INFO  EvoClassLoader - Seeing class for first time: org.apache.hadoop.hdfs.server.namenode.FsImageProto$SecretManagerSection$1
2024-11-12 13:41:30,471 INFO  EvoClassLoader - Instrumenting class 'org.apache.hadoop.hdfs.server.namenode.FsImageProto$SecretManagerSection$1'.
2024-11-12 13:41:30,471 INFO  MethodCallReplacementClassAdapter - Adding mock interface to class org/apache/hadoop/hdfs/server/namenode/FsImageProto$SecretManagerSection$1
2024-11-12 13:41:30,471 INFO  EvoClassLoader - Keeping class: org.apache.hadoop.hdfs.server.namenode.FsImageProto$SecretManagerSection$1
2024-11-12 13:41:30,471 INFO  EvoClassLoader - Seeing class for first time: org.apache.hadoop.hdfs.server.blockmanagement.BlockInfo
2024-11-12 13:41:30,471 INFO  EvoClassLoader - Instrumenting class 'org.apache.hadoop.hdfs.server.blockmanagement.BlockInfo'.
2024-11-12 13:41:30,471 INFO  MethodCallReplacementClassAdapter - Adding mock interface to class org/apache/hadoop/hdfs/server/blockmanagement/BlockInfo
2024-11-12 13:41:30,472 INFO  CreateClassResetClassAdapter - Found static initializer in class org/apache/hadoop/hdfs/server/blockmanagement/BlockInfo
2024-11-12 13:41:30,473 INFO  EvoClassLoader - Seeing class for first time: org.apache.hadoop.hdfs.protocol.Block
2024-11-12 13:41:30,473 INFO  EvoClassLoader - Instrumenting class 'org.apache.hadoop.hdfs.protocol.Block'.
2024-11-12 13:41:30,473 INFO  MethodCallReplacementClassAdapter - Adding mock interface to class org/apache/hadoop/hdfs/protocol/Block
2024-11-12 13:41:30,474 INFO  CreateClassResetClassAdapter - Found static initializer in class org/apache/hadoop/hdfs/protocol/Block
2024-11-12 13:41:30,474 INFO  EvoClassLoader - Keeping class: org.apache.hadoop.hdfs.protocol.Block
2024-11-12 13:41:30,474 INFO  EvoClassLoader - Keeping class: org.apache.hadoop.hdfs.server.blockmanagement.BlockInfo
2024-11-12 13:41:30,475 INFO  EvoClassLoader - Seeing class for first time: org.apache.hadoop.hdfs.protocol.Block$1
2024-11-12 13:41:30,475 INFO  EvoClassLoader - Instrumenting class 'org.apache.hadoop.hdfs.protocol.Block$1'.
2024-11-12 13:41:30,475 INFO  MethodCallReplacementClassAdapter - Adding mock interface to class org/apache/hadoop/hdfs/protocol/Block$1
2024-11-12 13:41:30,475 INFO  EvoClassLoader - Keeping class: org.apache.hadoop.hdfs.protocol.Block$1
2024-11-12 13:41:30,475 INFO  EvoClassLoader - Seeing class for first time: org.apache.hadoop.hdfs.server.namenode.FSDirectory
2024-11-12 13:41:30,475 INFO  EvoClassLoader - Instrumenting class 'org.apache.hadoop.hdfs.server.namenode.FSDirectory'.
2024-11-12 13:41:30,476 INFO  MethodCallReplacementClassAdapter - Adding mock interface to class org/apache/hadoop/hdfs/server/namenode/FSDirectory
2024-11-12 13:41:30,479 INFO  CreateClassResetClassAdapter - Found static initializer in class org/apache/hadoop/hdfs/server/namenode/FSDirectory
2024-11-12 13:41:30,480 INFO  EvoClassLoader - Keeping class: org.apache.hadoop.hdfs.server.namenode.FSDirectory
2024-11-12 13:41:30,480 INFO  EvoClassLoader - Seeing class for first time: org.apache.hadoop.hdfs.server.namenode.FSDirectory$InitQuotaTask
2024-11-12 13:41:30,480 INFO  EvoClassLoader - Instrumenting class 'org.apache.hadoop.hdfs.server.namenode.FSDirectory$InitQuotaTask'.
2024-11-12 13:41:30,481 INFO  MethodCallReplacementClassAdapter - Adding mock interface to class org/apache/hadoop/hdfs/server/namenode/FSDirectory$InitQuotaTask
2024-11-12 13:41:30,481 INFO  CreateClassResetClassAdapter - Creating brand-new static initializer in class org/apache/hadoop/hdfs/server/namenode/FSDirectory$InitQuotaTask
2024-11-12 13:41:30,481 INFO  EvoClassLoader - Keeping class: org.apache.hadoop.hdfs.server.namenode.FSDirectory$InitQuotaTask
2024-11-12 13:41:30,481 INFO  EvoClassLoader - Seeing class for first time: org.apache.hadoop.hdfs.protocol.SnapshotAccessControlException
2024-11-12 13:41:30,481 INFO  EvoClassLoader - Instrumenting class 'org.apache.hadoop.hdfs.protocol.SnapshotAccessControlException'.
2024-11-12 13:41:30,481 INFO  MethodCallReplacementClassAdapter - Adding mock interface to class org/apache/hadoop/hdfs/protocol/SnapshotAccessControlException
2024-11-12 13:41:30,481 INFO  CreateClassResetClassAdapter - Creating brand-new static initializer in class org/apache/hadoop/hdfs/protocol/SnapshotAccessControlException
2024-11-12 13:41:30,481 INFO  EvoClassLoader - Keeping class: org.apache.hadoop.hdfs.protocol.SnapshotAccessControlException
2024-11-12 13:41:30,482 INFO  EvoClassLoader - Seeing class for first time: org.apache.hadoop.hdfs.protocol.QuotaExceededException
2024-11-12 13:41:30,482 INFO  EvoClassLoader - Instrumenting class 'org.apache.hadoop.hdfs.protocol.QuotaExceededException'.
2024-11-12 13:41:30,482 INFO  MethodCallReplacementClassAdapter - Adding mock interface to class org/apache/hadoop/hdfs/protocol/QuotaExceededException
2024-11-12 13:41:30,482 INFO  CreateClassResetClassAdapter - Creating brand-new static initializer in class org/apache/hadoop/hdfs/protocol/QuotaExceededException
2024-11-12 13:41:30,482 INFO  EvoClassLoader - Seeing class for first time: org.apache.hadoop.fs.ClusterStorageCapacityExceededException
2024-11-12 13:41:30,482 INFO  EvoClassLoader - Instrumenting class 'org.apache.hadoop.fs.ClusterStorageCapacityExceededException'.
2024-11-12 13:41:30,482 INFO  MethodCallReplacementClassAdapter - Adding mock interface to class org/apache/hadoop/fs/ClusterStorageCapacityExceededException
2024-11-12 13:41:30,482 INFO  CreateClassResetClassAdapter - Creating brand-new static initializer in class org/apache/hadoop/fs/ClusterStorageCapacityExceededException
2024-11-12 13:41:30,482 INFO  EvoClassLoader - Keeping class: org.apache.hadoop.fs.ClusterStorageCapacityExceededException
2024-11-12 13:41:30,482 INFO  EvoClassLoader - Keeping class: org.apache.hadoop.hdfs.protocol.QuotaExceededException
2024-11-12 13:41:30,482 INFO  EvoClassLoader - Seeing class for first time: org.apache.hadoop.hdfs.protocol.FSLimitException$PathComponentTooLongException
2024-11-12 13:41:30,482 INFO  EvoClassLoader - Instrumenting class 'org.apache.hadoop.hdfs.protocol.FSLimitException$PathComponentTooLongException'.
2024-11-12 13:41:30,483 INFO  MethodCallReplacementClassAdapter - Adding mock interface to class org/apache/hadoop/hdfs/protocol/FSLimitException$PathComponentTooLongException
2024-11-12 13:41:30,483 INFO  CreateClassResetClassAdapter - Creating brand-new static initializer in class org/apache/hadoop/hdfs/protocol/FSLimitException$PathComponentTooLongException
2024-11-12 13:41:30,483 INFO  EvoClassLoader - Seeing class for first time: org.apache.hadoop.hdfs.protocol.FSLimitException
2024-11-12 13:41:30,483 INFO  EvoClassLoader - Instrumenting class 'org.apache.hadoop.hdfs.protocol.FSLimitException'.
2024-11-12 13:41:30,483 INFO  MethodCallReplacementClassAdapter - Adding mock interface to class org/apache/hadoop/hdfs/protocol/FSLimitException
2024-11-12 13:41:30,483 INFO  CreateClassResetClassAdapter - Creating brand-new static initializer in class org/apache/hadoop/hdfs/protocol/FSLimitException
2024-11-12 13:41:30,483 INFO  EvoClassLoader - Keeping class: org.apache.hadoop.hdfs.protocol.FSLimitException
2024-11-12 13:41:30,483 INFO  EvoClassLoader - Keeping class: org.apache.hadoop.hdfs.protocol.FSLimitException$PathComponentTooLongException
2024-11-12 13:41:30,483 INFO  EvoClassLoader - Seeing class for first time: org.apache.hadoop.hdfs.protocol.FSLimitException$MaxDirectoryItemsExceededException
2024-11-12 13:41:30,483 INFO  EvoClassLoader - Instrumenting class 'org.apache.hadoop.hdfs.protocol.FSLimitException$MaxDirectoryItemsExceededException'.
2024-11-12 13:41:30,483 INFO  MethodCallReplacementClassAdapter - Adding mock interface to class org/apache/hadoop/hdfs/protocol/FSLimitException$MaxDirectoryItemsExceededException
2024-11-12 13:41:30,483 INFO  CreateClassResetClassAdapter - Creating brand-new static initializer in class org/apache/hadoop/hdfs/protocol/FSLimitException$MaxDirectoryItemsExceededException
2024-11-12 13:41:30,483 INFO  EvoClassLoader - Keeping class: org.apache.hadoop.hdfs.protocol.FSLimitException$MaxDirectoryItemsExceededException
2024-11-12 13:41:30,484 INFO  EvoClassLoader - Seeing class for first time: org.apache.hadoop.hdfs.DFSUtil
2024-11-12 13:41:30,484 INFO  EvoClassLoader - Instrumenting class 'org.apache.hadoop.hdfs.DFSUtil'.
2024-11-12 13:41:30,484 INFO  MethodCallReplacementClassAdapter - Adding mock interface to class org/apache/hadoop/hdfs/DFSUtil
2024-11-12 13:41:30,487 INFO  CreateClassResetClassAdapter - Found static initializer in class org/apache/hadoop/hdfs/DFSUtil
2024-11-12 13:41:30,487 INFO  EvoClassLoader - Defined package (3): package org.apache.hadoop.hdfs, 101186972
2024-11-12 13:41:30,488 INFO  EvoClassLoader - Keeping class: org.apache.hadoop.hdfs.DFSUtil
2024-11-12 13:41:30,488 INFO  EvoClassLoader - Seeing class for first time: org.apache.hadoop.hdfs.DFSUtil$1
2024-11-12 13:41:30,488 INFO  EvoClassLoader - Instrumenting class 'org.apache.hadoop.hdfs.DFSUtil$1'.
2024-11-12 13:41:30,488 INFO  MethodCallReplacementClassAdapter - Adding mock interface to class org/apache/hadoop/hdfs/DFSUtil$1
2024-11-12 13:41:30,489 INFO  EvoClassLoader - Keeping class: org.apache.hadoop.hdfs.DFSUtil$1
2024-11-12 13:41:30,489 INFO  EvoClassLoader - Seeing class for first time: org.apache.hadoop.hdfs.DFSUtil$AddressMatcher
2024-11-12 13:41:30,489 INFO  EvoClassLoader - Instrumenting class 'org.apache.hadoop.hdfs.DFSUtil$AddressMatcher'.
2024-11-12 13:41:30,489 INFO  EvoClassLoader - Keeping class: org.apache.hadoop.hdfs.DFSUtil$AddressMatcher
2024-11-12 13:41:30,490 INFO  EvoClassLoader - Seeing class for first time: org.apache.commons.cli.ParseException
2024-11-12 13:41:30,490 INFO  EvoClassLoader - Instrumenting class 'org.apache.commons.cli.ParseException'.
2024-11-12 13:41:30,490 INFO  MethodCallReplacementClassAdapter - Adding mock interface to class org/apache/commons/cli/ParseException
2024-11-12 13:41:30,490 INFO  CreateClassResetClassAdapter - Creating brand-new static initializer in class org/apache/commons/cli/ParseException
2024-11-12 13:41:30,490 INFO  EvoClassLoader - Keeping class: org.apache.commons.cli.ParseException
2024-11-12 13:41:30,490 INFO  EvoClassLoader - Seeing class for first time: org.apache.commons.cli.CommandLineParser
2024-11-12 13:41:30,490 INFO  EvoClassLoader - Instrumenting class 'org.apache.commons.cli.CommandLineParser'.
2024-11-12 13:41:30,490 INFO  EvoClassLoader - Keeping class: org.apache.commons.cli.CommandLineParser
2024-11-12 13:41:30,491 INFO  EvoClassLoader - Seeing class for first time: org.apache.hadoop.hdfs.DFSUtil$2
2024-11-12 13:41:30,491 INFO  EvoClassLoader - Instrumenting class 'org.apache.hadoop.hdfs.DFSUtil$2'.
2024-11-12 13:41:30,491 INFO  MethodCallReplacementClassAdapter - Adding mock interface to class org/apache/hadoop/hdfs/DFSUtil$2
2024-11-12 13:41:30,491 INFO  EvoClassLoader - Keeping class: org.apache.hadoop.hdfs.DFSUtil$2
2024-11-12 13:41:30,491 INFO  EvoClassLoader - Seeing class for first time: org.apache.commons.cli.Options
2024-11-12 13:41:30,491 INFO  EvoClassLoader - Instrumenting class 'org.apache.commons.cli.Options'.
2024-11-12 13:41:30,491 INFO  MethodCallReplacementClassAdapter - Adding mock interface to class org/apache/commons/cli/Options
2024-11-12 13:41:30,491 INFO  CreateClassResetClassAdapter - Creating brand-new static initializer in class org/apache/commons/cli/Options
2024-11-12 13:41:30,491 INFO  EvoClassLoader - Keeping class: org.apache.commons.cli.Options
2024-11-12 13:41:30,492 INFO  EvoClassLoader - Seeing class for first time: org.apache.commons.cli.OptionValidator
2024-11-12 13:41:30,492 INFO  EvoClassLoader - Instrumenting class 'org.apache.commons.cli.OptionValidator'.
2024-11-12 13:41:30,492 INFO  MethodCallReplacementClassAdapter - Adding mock interface to class org/apache/commons/cli/OptionValidator
2024-11-12 13:41:30,492 INFO  CreateClassResetClassAdapter - Creating brand-new static initializer in class org/apache/commons/cli/OptionValidator
2024-11-12 13:41:30,492 INFO  EvoClassLoader - Keeping class: org.apache.commons.cli.OptionValidator
2024-11-12 13:41:30,492 INFO  EvoClassLoader - Seeing class for first time: org.apache.hadoop.hdfs.DFSUtilClient
2024-11-12 13:41:30,492 INFO  EvoClassLoader - Instrumenting class 'org.apache.hadoop.hdfs.DFSUtilClient'.
2024-11-12 13:41:30,493 INFO  MethodCallReplacementClassAdapter - Adding mock interface to class org/apache/hadoop/hdfs/DFSUtilClient
2024-11-12 13:41:30,495 INFO  CreateClassResetClassAdapter - Found static initializer in class org/apache/hadoop/hdfs/DFSUtilClient
2024-11-12 13:41:30,495 INFO  EvoClassLoader - Keeping class: org.apache.hadoop.hdfs.DFSUtilClient
2024-11-12 13:41:30,496 INFO  EvoClassLoader - Seeing class for first time: org.apache.hadoop.hdfs.protocol.ClientDatanodeProtocol
2024-11-12 13:41:30,496 INFO  EvoClassLoader - Instrumenting class 'org.apache.hadoop.hdfs.protocol.ClientDatanodeProtocol'.
2024-11-12 13:41:30,496 INFO  EvoClassLoader - Keeping class: org.apache.hadoop.hdfs.protocol.ClientDatanodeProtocol
2024-11-12 13:41:30,496 INFO  EvoClassLoader - Seeing class for first time: org.apache.hadoop.hdfs.protocol.ReconfigurationProtocol
2024-11-12 13:41:30,496 INFO  EvoClassLoader - Instrumenting class 'org.apache.hadoop.hdfs.protocol.ReconfigurationProtocol'.
2024-11-12 13:41:30,496 INFO  EvoClassLoader - Keeping class: org.apache.hadoop.hdfs.protocol.ReconfigurationProtocol
2024-11-12 13:41:30,496 INFO  EvoClassLoader - Seeing class for first time: org.apache.hadoop.hdfs.net.Peer
2024-11-12 13:41:30,496 INFO  EvoClassLoader - Instrumenting class 'org.apache.hadoop.hdfs.net.Peer'.
2024-11-12 13:41:30,497 INFO  EvoClassLoader - Defined package (3): package org.apache.hadoop.hdfs.net, -1603378613
2024-11-12 13:41:30,497 INFO  EvoClassLoader - Keeping class: org.apache.hadoop.hdfs.net.Peer
2024-11-12 13:41:30,497 INFO  EvoClassLoader - Seeing class for first time: org.apache.hadoop.hdfs.protocol.HdfsFileStatus$Builder
2024-11-12 13:41:30,497 INFO  EvoClassLoader - Instrumenting class 'org.apache.hadoop.hdfs.protocol.HdfsFileStatus$Builder'.
2024-11-12 13:41:30,497 INFO  MethodCallReplacementClassAdapter - Adding mock interface to class org/apache/hadoop/hdfs/protocol/HdfsFileStatus$Builder
2024-11-12 13:41:30,497 INFO  CreateClassResetClassAdapter - Creating brand-new static initializer in class org/apache/hadoop/hdfs/protocol/HdfsFileStatus$Builder
2024-11-12 13:41:30,498 INFO  EvoClassLoader - Keeping class: org.apache.hadoop.hdfs.protocol.HdfsFileStatus$Builder
2024-11-12 13:41:30,498 INFO  EvoClassLoader - Seeing class for first time: org.apache.hadoop.hdfs.protocol.HdfsFileStatus
2024-11-12 13:41:30,498 INFO  EvoClassLoader - Instrumenting class 'org.apache.hadoop.hdfs.protocol.HdfsFileStatus'.
2024-11-12 13:41:30,498 INFO  EvoClassLoader - Keeping class: org.apache.hadoop.hdfs.protocol.HdfsFileStatus
2024-11-12 13:41:30,498 INFO  EvoClassLoader - Seeing class for first time: org.apache.hadoop.hdfs.protocol.HdfsFileStatus$1
2024-11-12 13:41:30,498 INFO  EvoClassLoader - Instrumenting class 'org.apache.hadoop.hdfs.protocol.HdfsFileStatus$1'.
2024-11-12 13:41:30,499 INFO  MethodCallReplacementClassAdapter - Adding mock interface to class org/apache/hadoop/hdfs/protocol/HdfsFileStatus$1
2024-11-12 13:41:30,499 INFO  EvoClassLoader - Keeping class: org.apache.hadoop.hdfs.protocol.HdfsFileStatus$1
2024-11-12 13:41:30,499 INFO  EvoClassLoader - Seeing class for first time: org.apache.hadoop.hdfs.protocol.HdfsLocatedFileStatus
2024-11-12 13:41:30,499 INFO  EvoClassLoader - Instrumenting class 'org.apache.hadoop.hdfs.protocol.HdfsLocatedFileStatus'.
2024-11-12 13:41:30,499 INFO  MethodCallReplacementClassAdapter - Adding mock interface to class org/apache/hadoop/hdfs/protocol/HdfsLocatedFileStatus
2024-11-12 13:41:30,499 INFO  CreateClassResetClassAdapter - Creating brand-new static initializer in class org/apache/hadoop/hdfs/protocol/HdfsLocatedFileStatus
2024-11-12 13:41:30,500 INFO  EvoClassLoader - Seeing class for first time: org.apache.hadoop.fs.LocatedFileStatus
2024-11-12 13:41:30,500 INFO  EvoClassLoader - Instrumenting class 'org.apache.hadoop.fs.LocatedFileStatus'.
2024-11-12 13:41:30,500 INFO  MethodCallReplacementClassAdapter - Adding mock interface to class org/apache/hadoop/fs/LocatedFileStatus
2024-11-12 13:41:30,500 INFO  CreateClassResetClassAdapter - Creating brand-new static initializer in class org/apache/hadoop/fs/LocatedFileStatus
2024-11-12 13:41:30,500 INFO  EvoClassLoader - Keeping class: org.apache.hadoop.fs.LocatedFileStatus
2024-11-12 13:41:30,500 INFO  EvoClassLoader - Keeping class: org.apache.hadoop.hdfs.protocol.HdfsLocatedFileStatus
2024-11-12 13:41:30,501 INFO  EvoClassLoader - Seeing class for first time: org.apache.hadoop.hdfs.server.namenode.FsImageProto$INodeSection$FileUnderConstructionFeature
2024-11-12 13:41:30,501 INFO  EvoClassLoader - Instrumenting class 'org.apache.hadoop.hdfs.server.namenode.FsImageProto$INodeSection$FileUnderConstructionFeature'.
2024-11-12 13:41:30,501 INFO  MethodCallReplacementClassAdapter - Adding mock interface to class org/apache/hadoop/hdfs/server/namenode/FsImageProto$INodeSection$FileUnderConstructionFeature
2024-11-12 13:41:30,502 INFO  CreateClassResetClassAdapter - Found static initializer in class org/apache/hadoop/hdfs/server/namenode/FsImageProto$INodeSection$FileUnderConstructionFeature
2024-11-12 13:41:30,502 INFO  EvoClassLoader - Keeping class: org.apache.hadoop.hdfs.server.namenode.FsImageProto$INodeSection$FileUnderConstructionFeature
2024-11-12 13:41:30,503 INFO  EvoClassLoader - Seeing class for first time: org.apache.hadoop.hdfs.server.namenode.FsImageProto$INodeSection$FileUnderConstructionFeature$1
2024-11-12 13:41:30,503 INFO  EvoClassLoader - Instrumenting class 'org.apache.hadoop.hdfs.server.namenode.FsImageProto$INodeSection$FileUnderConstructionFeature$1'.
2024-11-12 13:41:30,503 INFO  MethodCallReplacementClassAdapter - Adding mock interface to class org/apache/hadoop/hdfs/server/namenode/FsImageProto$INodeSection$FileUnderConstructionFeature$1
2024-11-12 13:41:30,503 INFO  EvoClassLoader - Keeping class: org.apache.hadoop.hdfs.server.namenode.FsImageProto$INodeSection$FileUnderConstructionFeature$1
2024-11-12 13:41:30,503 INFO  EvoClassLoader - Seeing class for first time: org.apache.hadoop.hdfs.server.namenode.FsImageProto$StringTableSection
2024-11-12 13:41:30,503 INFO  EvoClassLoader - Instrumenting class 'org.apache.hadoop.hdfs.server.namenode.FsImageProto$StringTableSection'.
2024-11-12 13:41:30,503 INFO  MethodCallReplacementClassAdapter - Adding mock interface to class org/apache/hadoop/hdfs/server/namenode/FsImageProto$StringTableSection
2024-11-12 13:41:30,504 INFO  CreateClassResetClassAdapter - Found static initializer in class org/apache/hadoop/hdfs/server/namenode/FsImageProto$StringTableSection
2024-11-12 13:41:30,504 INFO  EvoClassLoader - Seeing class for first time: org.apache.hadoop.hdfs.server.namenode.FsImageProto$StringTableSectionOrBuilder
2024-11-12 13:41:30,504 INFO  EvoClassLoader - Instrumenting class 'org.apache.hadoop.hdfs.server.namenode.FsImageProto$StringTableSectionOrBuilder'.
2024-11-12 13:41:30,505 INFO  EvoClassLoader - Keeping class: org.apache.hadoop.hdfs.server.namenode.FsImageProto$StringTableSectionOrBuilder
2024-11-12 13:41:30,505 INFO  EvoClassLoader - Keeping class: org.apache.hadoop.hdfs.server.namenode.FsImageProto$StringTableSection
2024-11-12 13:41:30,505 INFO  EvoClassLoader - Seeing class for first time: org.apache.hadoop.hdfs.server.namenode.FsImageProto$StringTableSection$1
2024-11-12 13:41:30,505 INFO  EvoClassLoader - Instrumenting class 'org.apache.hadoop.hdfs.server.namenode.FsImageProto$StringTableSection$1'.
2024-11-12 13:41:30,505 INFO  MethodCallReplacementClassAdapter - Adding mock interface to class org/apache/hadoop/hdfs/server/namenode/FsImageProto$StringTableSection$1
2024-11-12 13:41:30,505 INFO  EvoClassLoader - Keeping class: org.apache.hadoop.hdfs.server.namenode.FsImageProto$StringTableSection$1
2024-11-12 13:41:30,505 INFO  EvoClassLoader - Seeing class for first time: org.apache.hadoop.hdfs.server.namenode.FsImageProto$INodeSection$INodeFile$Builder
2024-11-12 13:41:30,505 INFO  EvoClassLoader - Instrumenting class 'org.apache.hadoop.hdfs.server.namenode.FsImageProto$INodeSection$INodeFile$Builder'.
2024-11-12 13:41:30,506 INFO  MethodCallReplacementClassAdapter - Adding mock interface to class org/apache/hadoop/hdfs/server/namenode/FsImageProto$INodeSection$INodeFile$Builder
2024-11-12 13:41:30,507 INFO  CreateClassResetClassAdapter - Creating brand-new static initializer in class org/apache/hadoop/hdfs/server/namenode/FsImageProto$INodeSection$INodeFile$Builder
2024-11-12 13:41:30,507 INFO  EvoClassLoader - Seeing class for first time: org.apache.hadoop.thirdparty.protobuf.GeneratedMessageV3$Builder
2024-11-12 13:41:30,507 INFO  EvoClassLoader - Instrumenting class 'org.apache.hadoop.thirdparty.protobuf.GeneratedMessageV3$Builder'.
2024-11-12 13:41:30,508 INFO  MethodCallReplacementClassAdapter - Adding mock interface to class org/apache/hadoop/thirdparty/protobuf/GeneratedMessageV3$Builder
2024-11-12 13:41:30,508 INFO  CreateClassResetClassAdapter - Creating brand-new static initializer in class org/apache/hadoop/thirdparty/protobuf/GeneratedMessageV3$Builder
2024-11-12 13:41:30,508 INFO  EvoClassLoader - Seeing class for first time: org.apache.hadoop.thirdparty.protobuf.AbstractMessage$Builder
2024-11-12 13:41:30,508 INFO  EvoClassLoader - Instrumenting class 'org.apache.hadoop.thirdparty.protobuf.AbstractMessage$Builder'.
2024-11-12 13:41:30,509 INFO  MethodCallReplacementClassAdapter - Adding mock interface to class org/apache/hadoop/thirdparty/protobuf/AbstractMessage$Builder
2024-11-12 13:41:30,510 INFO  CreateClassResetClassAdapter - Creating brand-new static initializer in class org/apache/hadoop/thirdparty/protobuf/AbstractMessage$Builder
2024-11-12 13:41:30,510 INFO  EvoClassLoader - Seeing class for first time: org.apache.hadoop.thirdparty.protobuf.AbstractMessageLite$Builder
2024-11-12 13:41:30,510 INFO  EvoClassLoader - Instrumenting class 'org.apache.hadoop.thirdparty.protobuf.AbstractMessageLite$Builder'.
2024-11-12 13:41:30,510 INFO  MethodCallReplacementClassAdapter - Adding mock interface to class org/apache/hadoop/thirdparty/protobuf/AbstractMessageLite$Builder
2024-11-12 13:41:30,511 INFO  CreateClassResetClassAdapter - Creating brand-new static initializer in class org/apache/hadoop/thirdparty/protobuf/AbstractMessageLite$Builder
2024-11-12 13:41:30,511 INFO  EvoClassLoader - Keeping class: org.apache.hadoop.thirdparty.protobuf.AbstractMessageLite$Builder
2024-11-12 13:41:30,511 INFO  EvoClassLoader - Keeping class: org.apache.hadoop.thirdparty.protobuf.AbstractMessage$Builder
2024-11-12 13:41:30,511 INFO  EvoClassLoader - Keeping class: org.apache.hadoop.thirdparty.protobuf.GeneratedMessageV3$Builder
2024-11-12 13:41:30,511 INFO  EvoClassLoader - Keeping class: org.apache.hadoop.hdfs.server.namenode.FsImageProto$INodeSection$INodeFile$Builder
2024-11-12 13:41:30,512 INFO  EvoClassLoader - Seeing class for first time: org.apache.hadoop.thirdparty.protobuf.MessageReflection$MergeTarget
2024-11-12 13:41:30,512 INFO  EvoClassLoader - Instrumenting class 'org.apache.hadoop.thirdparty.protobuf.MessageReflection$MergeTarget'.
2024-11-12 13:41:30,512 INFO  EvoClassLoader - Keeping class: org.apache.hadoop.thirdparty.protobuf.MessageReflection$MergeTarget
2024-11-12 13:41:30,513 INFO  EvoClassLoader - Seeing class for first time: org.apache.hadoop.hdfs.server.namenode.FsImageProto$INodeSection$AclFeatureProto
2024-11-12 13:41:30,513 INFO  EvoClassLoader - Instrumenting class 'org.apache.hadoop.hdfs.server.namenode.FsImageProto$INodeSection$AclFeatureProto'.
2024-11-12 13:41:30,513 INFO  MethodCallReplacementClassAdapter - Adding mock interface to class org/apache/hadoop/hdfs/server/namenode/FsImageProto$INodeSection$AclFeatureProto
2024-11-12 13:41:30,513 INFO  CreateClassResetClassAdapter - Found static initializer in class org/apache/hadoop/hdfs/server/namenode/FsImageProto$INodeSection$AclFeatureProto
2024-11-12 13:41:30,514 INFO  EvoClassLoader - Seeing class for first time: org.apache.hadoop.hdfs.server.namenode.FsImageProto$INodeSection$AclFeatureProtoOrBuilder
2024-11-12 13:41:30,514 INFO  EvoClassLoader - Instrumenting class 'org.apache.hadoop.hdfs.server.namenode.FsImageProto$INodeSection$AclFeatureProtoOrBuilder'.
2024-11-12 13:41:30,514 INFO  EvoClassLoader - Keeping class: org.apache.hadoop.hdfs.server.namenode.FsImageProto$INodeSection$AclFeatureProtoOrBuilder
2024-11-12 13:41:30,514 INFO  EvoClassLoader - Keeping class: org.apache.hadoop.hdfs.server.namenode.FsImageProto$INodeSection$AclFeatureProto
2024-11-12 13:41:30,514 INFO  EvoClassLoader - Seeing class for first time: org.apache.hadoop.thirdparty.protobuf.UninitializedMessageException
2024-11-12 13:41:30,514 INFO  EvoClassLoader - Instrumenting class 'org.apache.hadoop.thirdparty.protobuf.UninitializedMessageException'.
2024-11-12 13:41:30,514 INFO  MethodCallReplacementClassAdapter - Adding mock interface to class org/apache/hadoop/thirdparty/protobuf/UninitializedMessageException
2024-11-12 13:41:30,514 INFO  CreateClassResetClassAdapter - Creating brand-new static initializer in class org/apache/hadoop/thirdparty/protobuf/UninitializedMessageException
2024-11-12 13:41:30,515 INFO  EvoClassLoader - Keeping class: org.apache.hadoop.thirdparty.protobuf.UninitializedMessageException
2024-11-12 13:41:30,515 INFO  EvoClassLoader - Seeing class for first time: org.apache.hadoop.hdfs.server.namenode.FsImageProto$FilesUnderConstructionSection
2024-11-12 13:41:30,515 INFO  EvoClassLoader - Instrumenting class 'org.apache.hadoop.hdfs.server.namenode.FsImageProto$FilesUnderConstructionSection'.
2024-11-12 13:41:30,516 INFO  MethodCallReplacementClassAdapter - Adding mock interface to class org/apache/hadoop/hdfs/server/namenode/FsImageProto$FilesUnderConstructionSection
2024-11-12 13:41:30,517 INFO  CreateClassResetClassAdapter - Found static initializer in class org/apache/hadoop/hdfs/server/namenode/FsImageProto$FilesUnderConstructionSection
2024-11-12 13:41:30,517 INFO  EvoClassLoader - Seeing class for first time: org.apache.hadoop.hdfs.server.namenode.FsImageProto$FilesUnderConstructionSectionOrBuilder
2024-11-12 13:41:30,517 INFO  EvoClassLoader - Instrumenting class 'org.apache.hadoop.hdfs.server.namenode.FsImageProto$FilesUnderConstructionSectionOrBuilder'.
2024-11-12 13:41:30,517 INFO  EvoClassLoader - Keeping class: org.apache.hadoop.hdfs.server.namenode.FsImageProto$FilesUnderConstructionSectionOrBuilder
2024-11-12 13:41:30,517 INFO  EvoClassLoader - Keeping class: org.apache.hadoop.hdfs.server.namenode.FsImageProto$FilesUnderConstructionSection
2024-11-12 13:41:30,518 INFO  EvoClassLoader - Seeing class for first time: org.apache.hadoop.hdfs.server.namenode.FsImageProto$FilesUnderConstructionSection$1
2024-11-12 13:41:30,518 INFO  EvoClassLoader - Instrumenting class 'org.apache.hadoop.hdfs.server.namenode.FsImageProto$FilesUnderConstructionSection$1'.
2024-11-12 13:41:30,518 INFO  MethodCallReplacementClassAdapter - Adding mock interface to class org/apache/hadoop/hdfs/server/namenode/FsImageProto$FilesUnderConstructionSection$1
2024-11-12 13:41:30,518 INFO  EvoClassLoader - Keeping class: org.apache.hadoop.hdfs.server.namenode.FsImageProto$FilesUnderConstructionSection$1
2024-11-12 13:41:30,518 INFO  EvoClassLoader - Seeing class for first time: org.apache.hadoop.fs.Seekable
2024-11-12 13:41:30,518 INFO  EvoClassLoader - Instrumenting class 'org.apache.hadoop.fs.Seekable'.
2024-11-12 13:41:30,519 INFO  EvoClassLoader - Keeping class: org.apache.hadoop.fs.Seekable
2024-11-12 13:41:30,519 INFO  EvoClassLoader - Seeing class for first time: org.apache.hadoop.thirdparty.com.google.common.collect.Iterators
2024-11-12 13:41:30,519 INFO  EvoClassLoader - Instrumenting class 'org.apache.hadoop.thirdparty.com.google.common.collect.Iterators'.
2024-11-12 13:41:30,519 INFO  MethodCallReplacementClassAdapter - Adding mock interface to class org/apache/hadoop/thirdparty/com/google/common/collect/Iterators
2024-11-12 13:41:30,520 INFO  CreateClassResetClassAdapter - Creating brand-new static initializer in class org/apache/hadoop/thirdparty/com/google/common/collect/Iterators
2024-11-12 13:41:30,521 INFO  EvoClassLoader - Keeping class: org.apache.hadoop.thirdparty.com.google.common.collect.Iterators
2024-11-12 13:41:30,521 INFO  EvoClassLoader - Seeing class for first time: org.apache.hadoop.thirdparty.com.google.common.collect.Iterators$9
2024-11-12 13:41:30,521 INFO  EvoClassLoader - Instrumenting class 'org.apache.hadoop.thirdparty.com.google.common.collect.Iterators$9'.
2024-11-12 13:41:30,522 INFO  MethodCallReplacementClassAdapter - Adding mock interface to class org/apache/hadoop/thirdparty/com/google/common/collect/Iterators$9
2024-11-12 13:41:30,522 INFO  EvoClassLoader - Keeping class: org.apache.hadoop.thirdparty.com.google.common.collect.Iterators$9
2024-11-12 13:41:30,522 INFO  EvoClassLoader - Seeing class for first time: org.apache.hadoop.thirdparty.com.google.common.collect.Iterators$5
2024-11-12 13:41:30,522 INFO  EvoClassLoader - Instrumenting class 'org.apache.hadoop.thirdparty.com.google.common.collect.Iterators$5'.
2024-11-12 13:41:30,522 INFO  MethodCallReplacementClassAdapter - Adding mock interface to class org/apache/hadoop/thirdparty/com/google/common/collect/Iterators$5
2024-11-12 13:41:30,522 INFO  EvoClassLoader - Keeping class: org.apache.hadoop.thirdparty.com.google.common.collect.Iterators$5
2024-11-12 13:41:30,523 INFO  EvoClassLoader - Seeing class for first time: org.apache.hadoop.thirdparty.com.google.common.collect.Iterators$1
2024-11-12 13:41:30,523 INFO  EvoClassLoader - Instrumenting class 'org.apache.hadoop.thirdparty.com.google.common.collect.Iterators$1'.
2024-11-12 13:41:30,523 INFO  MethodCallReplacementClassAdapter - Adding mock interface to class org/apache/hadoop/thirdparty/com/google/common/collect/Iterators$1
2024-11-12 13:41:30,523 INFO  EvoClassLoader - Keeping class: org.apache.hadoop.thirdparty.com.google.common.collect.Iterators$1
2024-11-12 13:41:30,523 INFO  EvoClassLoader - Seeing class for first time: org.apache.hadoop.thirdparty.com.google.common.collect.Iterators$10
2024-11-12 13:41:30,523 INFO  EvoClassLoader - Instrumenting class 'org.apache.hadoop.thirdparty.com.google.common.collect.Iterators$10'.
2024-11-12 13:41:30,524 INFO  MethodCallReplacementClassAdapter - Adding mock interface to class org/apache/hadoop/thirdparty/com/google/common/collect/Iterators$10
2024-11-12 13:41:30,524 INFO  EvoClassLoader - Keeping class: org.apache.hadoop.thirdparty.com.google.common.collect.Iterators$10
2024-11-12 13:41:30,524 INFO  EvoClassLoader - Seeing class for first time: org.apache.hadoop.thirdparty.com.google.common.collect.Iterators$4
2024-11-12 13:41:30,524 INFO  EvoClassLoader - Instrumenting class 'org.apache.hadoop.thirdparty.com.google.common.collect.Iterators$4'.
2024-11-12 13:41:30,524 INFO  MethodCallReplacementClassAdapter - Adding mock interface to class org/apache/hadoop/thirdparty/com/google/common/collect/Iterators$4
2024-11-12 13:41:30,525 INFO  EvoClassLoader - Keeping class: org.apache.hadoop.thirdparty.com.google.common.collect.Iterators$4
2024-11-12 13:41:30,525 INFO  EvoClassLoader - Seeing class for first time: org.apache.hadoop.thirdparty.com.google.common.collect.PeekingIterator
2024-11-12 13:41:30,525 INFO  EvoClassLoader - Instrumenting class 'org.apache.hadoop.thirdparty.com.google.common.collect.PeekingIterator'.
2024-11-12 13:41:30,525 INFO  EvoClassLoader - Keeping class: org.apache.hadoop.thirdparty.com.google.common.collect.PeekingIterator
2024-11-12 13:41:30,525 INFO  EvoClassLoader - Seeing class for first time: org.apache.hadoop.thirdparty.com.google.common.collect.Iterators$MergingIterator
2024-11-12 13:41:30,525 INFO  EvoClassLoader - Instrumenting class 'org.apache.hadoop.thirdparty.com.google.common.collect.Iterators$MergingIterator'.
2024-11-12 13:41:30,526 INFO  MethodCallReplacementClassAdapter - Adding mock interface to class org/apache/hadoop/thirdparty/com/google/common/collect/Iterators$MergingIterator
2024-11-12 13:41:30,526 INFO  CreateClassResetClassAdapter - Creating brand-new static initializer in class org/apache/hadoop/thirdparty/com/google/common/collect/Iterators$MergingIterator
2024-11-12 13:41:30,526 INFO  EvoClassLoader - Keeping class: org.apache.hadoop.thirdparty.com.google.common.collect.Iterators$MergingIterator
2024-11-12 13:41:30,526 INFO  EvoClassLoader - Seeing class for first time: org.apache.hadoop.thirdparty.protobuf.WireFormat
2024-11-12 13:41:30,526 INFO  EvoClassLoader - Instrumenting class 'org.apache.hadoop.thirdparty.protobuf.WireFormat'.
2024-11-12 13:41:30,527 INFO  MethodCallReplacementClassAdapter - Adding mock interface to class org/apache/hadoop/thirdparty/protobuf/WireFormat
2024-11-12 13:41:30,527 INFO  CreateClassResetClassAdapter - Found static initializer in class org/apache/hadoop/thirdparty/protobuf/WireFormat
2024-11-12 13:41:30,528 INFO  EvoClassLoader - Keeping class: org.apache.hadoop.thirdparty.protobuf.WireFormat
2024-11-12 13:41:30,528 INFO  EvoClassLoader - Seeing class for first time: org.apache.hadoop.thirdparty.protobuf.UnknownFieldSet$Builder
2024-11-12 13:41:30,528 INFO  EvoClassLoader - Instrumenting class 'org.apache.hadoop.thirdparty.protobuf.UnknownFieldSet$Builder'.
2024-11-12 13:41:30,528 INFO  MethodCallReplacementClassAdapter - Adding mock interface to class org/apache/hadoop/thirdparty/protobuf/UnknownFieldSet$Builder
2024-11-12 13:41:30,529 INFO  CreateClassResetClassAdapter - Creating brand-new static initializer in class org/apache/hadoop/thirdparty/protobuf/UnknownFieldSet$Builder
2024-11-12 13:41:30,530 INFO  EvoClassLoader - Keeping class: org.apache.hadoop.thirdparty.protobuf.UnknownFieldSet$Builder
2024-11-12 13:41:30,530 INFO  EvoClassLoader - Seeing class for first time: org.apache.hadoop.hdfs.server.namenode.FSImageUtil
2024-11-12 13:41:30,530 INFO  EvoClassLoader - Instrumenting class 'org.apache.hadoop.hdfs.server.namenode.FSImageUtil'.
2024-11-12 13:41:30,531 INFO  MethodCallReplacementClassAdapter - Adding mock interface to class org/apache/hadoop/hdfs/server/namenode/FSImageUtil
2024-11-12 13:41:30,531 INFO  CreateClassResetClassAdapter - Found static initializer in class org/apache/hadoop/hdfs/server/namenode/FSImageUtil
2024-11-12 13:41:30,531 INFO  EvoClassLoader - Keeping class: org.apache.hadoop.hdfs.server.namenode.FSImageUtil
2024-11-12 13:41:30,531 INFO  EvoClassLoader - Seeing class for first time: org.apache.hadoop.hdfs.protocol.LayoutVersion$LayoutFeature
2024-11-12 13:41:30,531 INFO  EvoClassLoader - Instrumenting class 'org.apache.hadoop.hdfs.protocol.LayoutVersion$LayoutFeature'.
2024-11-12 13:41:30,532 INFO  EvoClassLoader - Keeping class: org.apache.hadoop.hdfs.protocol.LayoutVersion$LayoutFeature
2024-11-12 13:41:30,532 INFO  EvoClassLoader - Seeing class for first time: org.apache.hadoop.io.compress.CompressionInputStream
2024-11-12 13:41:30,532 INFO  EvoClassLoader - Instrumenting class 'org.apache.hadoop.io.compress.CompressionInputStream'.
2024-11-12 13:41:30,532 INFO  MethodCallReplacementClassAdapter - Adding mock interface to class org/apache/hadoop/io/compress/CompressionInputStream
2024-11-12 13:41:30,532 INFO  CreateClassResetClassAdapter - Creating brand-new static initializer in class org/apache/hadoop/io/compress/CompressionInputStream
2024-11-12 13:41:30,532 INFO  EvoClassLoader - Defined package (3): package org.apache.hadoop.io.compress, 568182007
2024-11-12 13:41:30,532 INFO  EvoClassLoader - Keeping class: org.apache.hadoop.io.compress.CompressionInputStream
2024-11-12 13:41:30,532 INFO  EvoClassLoader - Seeing class for first time: org.apache.hadoop.hdfs.server.namenode.FsImageProto$SnapshotSection
2024-11-12 13:41:30,532 INFO  EvoClassLoader - Instrumenting class 'org.apache.hadoop.hdfs.server.namenode.FsImageProto$SnapshotSection'.
2024-11-12 13:41:30,533 INFO  MethodCallReplacementClassAdapter - Adding mock interface to class org/apache/hadoop/hdfs/server/namenode/FsImageProto$SnapshotSection
2024-11-12 13:41:30,534 INFO  CreateClassResetClassAdapter - Found static initializer in class org/apache/hadoop/hdfs/server/namenode/FsImageProto$SnapshotSection
2024-11-12 13:41:30,534 INFO  EvoClassLoader - Seeing class for first time: org.apache.hadoop.hdfs.server.namenode.FsImageProto$SnapshotSectionOrBuilder
2024-11-12 13:41:30,534 INFO  EvoClassLoader - Instrumenting class 'org.apache.hadoop.hdfs.server.namenode.FsImageProto$SnapshotSectionOrBuilder'.
2024-11-12 13:41:30,535 INFO  EvoClassLoader - Keeping class: org.apache.hadoop.hdfs.server.namenode.FsImageProto$SnapshotSectionOrBuilder
2024-11-12 13:41:30,535 INFO  EvoClassLoader - Keeping class: org.apache.hadoop.hdfs.server.namenode.FsImageProto$SnapshotSection
2024-11-12 13:41:30,535 INFO  EvoClassLoader - Seeing class for first time: org.apache.hadoop.thirdparty.protobuf.LongArrayList
2024-11-12 13:41:30,535 INFO  EvoClassLoader - Instrumenting class 'org.apache.hadoop.thirdparty.protobuf.LongArrayList'.
2024-11-12 13:41:30,536 INFO  MethodCallReplacementClassAdapter - Adding mock interface to class org/apache/hadoop/thirdparty/protobuf/LongArrayList
2024-11-12 13:41:30,536 INFO  CreateClassResetClassAdapter - Found static initializer in class org/apache/hadoop/thirdparty/protobuf/LongArrayList
2024-11-12 13:41:30,536 INFO  EvoClassLoader - Seeing class for first time: org.apache.hadoop.thirdparty.protobuf.PrimitiveNonBoxingCollection
2024-11-12 13:41:30,536 INFO  EvoClassLoader - Instrumenting class 'org.apache.hadoop.thirdparty.protobuf.PrimitiveNonBoxingCollection'.
2024-11-12 13:41:30,536 INFO  EvoClassLoader - Keeping class: org.apache.hadoop.thirdparty.protobuf.PrimitiveNonBoxingCollection
2024-11-12 13:41:30,537 INFO  EvoClassLoader - Seeing class for first time: org.apache.hadoop.thirdparty.protobuf.AbstractProtobufList
2024-11-12 13:41:30,537 INFO  EvoClassLoader - Instrumenting class 'org.apache.hadoop.thirdparty.protobuf.AbstractProtobufList'.
2024-11-12 13:41:30,537 INFO  MethodCallReplacementClassAdapter - Adding mock interface to class org/apache/hadoop/thirdparty/protobuf/AbstractProtobufList
2024-11-12 13:41:30,537 INFO  CreateClassResetClassAdapter - Creating brand-new static initializer in class org/apache/hadoop/thirdparty/protobuf/AbstractProtobufList
2024-11-12 13:41:30,537 INFO  CreateClassResetClassAdapter - Adding bytecode for initializing field DEFAULT_CAPACITY
2024-11-12 13:41:30,537 INFO  EvoClassLoader - Keeping class: org.apache.hadoop.thirdparty.protobuf.AbstractProtobufList
2024-11-12 13:41:30,537 INFO  EvoClassLoader - Keeping class: org.apache.hadoop.thirdparty.protobuf.LongArrayList
2024-11-12 13:41:30,537 INFO  EvoClassLoader - Seeing class for first time: org.apache.hadoop.hdfs.server.namenode.FsImageProto$SnapshotSection$1
2024-11-12 13:41:30,537 INFO  EvoClassLoader - Instrumenting class 'org.apache.hadoop.hdfs.server.namenode.FsImageProto$SnapshotSection$1'.
2024-11-12 13:41:30,538 INFO  MethodCallReplacementClassAdapter - Adding mock interface to class org/apache/hadoop/hdfs/server/namenode/FsImageProto$SnapshotSection$1
2024-11-12 13:41:30,538 INFO  EvoClassLoader - Keeping class: org.apache.hadoop.hdfs.server.namenode.FsImageProto$SnapshotSection$1
2024-11-12 13:41:30,538 INFO  EvoClassLoader - Seeing class for first time: org.apache.hadoop.hdfs.server.namenode.FsImageProto
2024-11-12 13:41:30,538 INFO  EvoClassLoader - Instrumenting class 'org.apache.hadoop.hdfs.server.namenode.FsImageProto'.
2024-11-12 13:41:30,538 INFO  MethodCallReplacementClassAdapter - Adding mock interface to class org/apache/hadoop/hdfs/server/namenode/FsImageProto
2024-11-12 13:41:30,538 INFO  CreateClassResetClassAdapter - Found static initializer in class org/apache/hadoop/hdfs/server/namenode/FsImageProto
2024-11-12 13:41:30,539 INFO  EvoClassLoader - Keeping class: org.apache.hadoop.hdfs.server.namenode.FsImageProto
2024-11-12 13:41:30,540 INFO  EvoClassLoader - Seeing class for first time: org.apache.hadoop.thirdparty.protobuf.Descriptors$FileDescriptor$InternalDescriptorAssigner
2024-11-12 13:41:30,540 INFO  EvoClassLoader - Instrumenting class 'org.apache.hadoop.thirdparty.protobuf.Descriptors$FileDescriptor$InternalDescriptorAssigner'.
2024-11-12 13:41:30,540 INFO  EvoClassLoader - Keeping class: org.apache.hadoop.thirdparty.protobuf.Descriptors$FileDescriptor$InternalDescriptorAssigner
2024-11-12 13:41:30,541 INFO  EvoClassLoader - Seeing class for first time: org.apache.hadoop.hdfs.server.namenode.FsImageProto$1
2024-11-12 13:41:30,541 INFO  EvoClassLoader - Instrumenting class 'org.apache.hadoop.hdfs.server.namenode.FsImageProto$1'.
2024-11-12 13:41:30,541 INFO  MethodCallReplacementClassAdapter - Adding mock interface to class org/apache/hadoop/hdfs/server/namenode/FsImageProto$1
2024-11-12 13:41:30,541 INFO  EvoClassLoader - Keeping class: org.apache.hadoop.hdfs.server.namenode.FsImageProto$1
2024-11-12 13:41:30,541 INFO  EvoClassLoader - Seeing class for first time: org.apache.hadoop.thirdparty.protobuf.Descriptors$FileDescriptor
2024-11-12 13:41:30,541 INFO  EvoClassLoader - Instrumenting class 'org.apache.hadoop.thirdparty.protobuf.Descriptors$FileDescriptor'.
2024-11-12 13:41:30,542 INFO  MethodCallReplacementClassAdapter - Adding mock interface to class org/apache/hadoop/thirdparty/protobuf/Descriptors$FileDescriptor
2024-11-12 13:41:30,543 INFO  CreateClassResetClassAdapter - Creating brand-new static initializer in class org/apache/hadoop/thirdparty/protobuf/Descriptors$FileDescriptor
2024-11-12 13:41:30,544 INFO  EvoClassLoader - Keeping class: org.apache.hadoop.thirdparty.protobuf.Descriptors$FileDescriptor
2024-11-12 13:41:30,544 INFO  EvoClassLoader - Seeing class for first time: org.apache.hadoop.hdfs.protocol.proto.HdfsProtos
2024-11-12 13:41:30,544 INFO  EvoClassLoader - Instrumenting class 'org.apache.hadoop.hdfs.protocol.proto.HdfsProtos'.
2024-11-12 13:41:30,545 INFO  MethodCallReplacementClassAdapter - Adding mock interface to class org/apache/hadoop/hdfs/protocol/proto/HdfsProtos
2024-11-12 13:41:30,545 INFO  CreateClassResetClassAdapter - Found static initializer in class org/apache/hadoop/hdfs/protocol/proto/HdfsProtos
2024-11-12 13:41:30,547 INFO  EvoClassLoader - Keeping class: org.apache.hadoop.hdfs.protocol.proto.HdfsProtos
2024-11-12 13:41:30,549 INFO  EvoClassLoader - Seeing class for first time: org.apache.hadoop.hdfs.protocol.proto.HdfsProtos$1
2024-11-12 13:41:30,549 INFO  EvoClassLoader - Instrumenting class 'org.apache.hadoop.hdfs.protocol.proto.HdfsProtos$1'.
2024-11-12 13:41:30,549 INFO  MethodCallReplacementClassAdapter - Adding mock interface to class org/apache/hadoop/hdfs/protocol/proto/HdfsProtos$1
2024-11-12 13:41:30,549 INFO  EvoClassLoader - Keeping class: org.apache.hadoop.hdfs.protocol.proto.HdfsProtos$1
2024-11-12 13:41:30,549 INFO  EvoClassLoader - Seeing class for first time: org.apache.hadoop.security.proto.SecurityProtos
2024-11-12 13:41:30,549 INFO  EvoClassLoader - Instrumenting class 'org.apache.hadoop.security.proto.SecurityProtos'.
2024-11-12 13:41:30,550 INFO  MethodCallReplacementClassAdapter - Adding mock interface to class org/apache/hadoop/security/proto/SecurityProtos
2024-11-12 13:41:30,550 INFO  CreateClassResetClassAdapter - Found static initializer in class org/apache/hadoop/security/proto/SecurityProtos
2024-11-12 13:41:30,550 INFO  EvoClassLoader - Defined package (3): package org.apache.hadoop.security.proto, -544553779
2024-11-12 13:41:30,551 INFO  EvoClassLoader - Keeping class: org.apache.hadoop.security.proto.SecurityProtos
2024-11-12 13:41:30,551 INFO  EvoClassLoader - Seeing class for first time: org.apache.hadoop.security.proto.SecurityProtos$1
2024-11-12 13:41:30,551 INFO  EvoClassLoader - Instrumenting class 'org.apache.hadoop.security.proto.SecurityProtos$1'.
2024-11-12 13:41:30,551 INFO  MethodCallReplacementClassAdapter - Adding mock interface to class org/apache/hadoop/security/proto/SecurityProtos$1
2024-11-12 13:41:30,551 INFO  EvoClassLoader - Keeping class: org.apache.hadoop.security.proto.SecurityProtos$1
2024-11-12 13:41:30,552 INFO  EvoClassLoader - Seeing class for first time: org.apache.hadoop.thirdparty.protobuf.DescriptorProtos$FileDescriptorProto
2024-11-12 13:41:30,552 INFO  EvoClassLoader - Instrumenting class 'org.apache.hadoop.thirdparty.protobuf.DescriptorProtos$FileDescriptorProto'.
2024-11-12 13:41:30,552 INFO  MethodCallReplacementClassAdapter - Adding mock interface to class org/apache/hadoop/thirdparty/protobuf/DescriptorProtos$FileDescriptorProto
2024-11-12 13:41:30,553 INFO  CreateClassResetClassAdapter - Found static initializer in class org/apache/hadoop/thirdparty/protobuf/DescriptorProtos$FileDescriptorProto
2024-11-12 13:41:30,554 INFO  EvoClassLoader - Seeing class for first time: org.apache.hadoop.thirdparty.protobuf.DescriptorProtos$FileDescriptorProtoOrBuilder
2024-11-12 13:41:30,554 INFO  EvoClassLoader - Instrumenting class 'org.apache.hadoop.thirdparty.protobuf.DescriptorProtos$FileDescriptorProtoOrBuilder'.
2024-11-12 13:41:30,554 INFO  EvoClassLoader - Keeping class: org.apache.hadoop.thirdparty.protobuf.DescriptorProtos$FileDescriptorProtoOrBuilder
2024-11-12 13:41:30,554 INFO  EvoClassLoader - Keeping class: org.apache.hadoop.thirdparty.protobuf.DescriptorProtos$FileDescriptorProto
2024-11-12 13:41:30,554 INFO  EvoClassLoader - Seeing class for first time: org.apache.hadoop.thirdparty.protobuf.LazyStringList
2024-11-12 13:41:30,554 INFO  EvoClassLoader - Instrumenting class 'org.apache.hadoop.thirdparty.protobuf.LazyStringList'.
2024-11-12 13:41:30,555 INFO  EvoClassLoader - Seeing class for first time: org.apache.hadoop.thirdparty.protobuf.ProtocolStringList
2024-11-12 13:41:30,555 INFO  EvoClassLoader - Instrumenting class 'org.apache.hadoop.thirdparty.protobuf.ProtocolStringList'.
2024-11-12 13:41:30,555 INFO  EvoClassLoader - Keeping class: org.apache.hadoop.thirdparty.protobuf.ProtocolStringList
2024-11-12 13:41:30,555 INFO  EvoClassLoader - Keeping class: org.apache.hadoop.thirdparty.protobuf.LazyStringList
2024-11-12 13:41:30,556 INFO  EvoClassLoader - Seeing class for first time: org.apache.hadoop.thirdparty.protobuf.DescriptorProtos$FileOptionsOrBuilder
2024-11-12 13:41:30,556 INFO  EvoClassLoader - Instrumenting class 'org.apache.hadoop.thirdparty.protobuf.DescriptorProtos$FileOptionsOrBuilder'.
2024-11-12 13:41:30,556 INFO  EvoClassLoader - Seeing class for first time: org.apache.hadoop.thirdparty.protobuf.GeneratedMessageV3$ExtendableMessageOrBuilder
2024-11-12 13:41:30,556 INFO  EvoClassLoader - Instrumenting class 'org.apache.hadoop.thirdparty.protobuf.GeneratedMessageV3$ExtendableMessageOrBuilder'.
2024-11-12 13:41:30,556 INFO  EvoClassLoader - Keeping class: org.apache.hadoop.thirdparty.protobuf.GeneratedMessageV3$ExtendableMessageOrBuilder
2024-11-12 13:41:30,556 INFO  EvoClassLoader - Keeping class: org.apache.hadoop.thirdparty.protobuf.DescriptorProtos$FileOptionsOrBuilder
2024-11-12 13:41:30,556 INFO  EvoClassLoader - Seeing class for first time: org.apache.hadoop.thirdparty.protobuf.DescriptorProtos$SourceCodeInfoOrBuilder
2024-11-12 13:41:30,556 INFO  EvoClassLoader - Instrumenting class 'org.apache.hadoop.thirdparty.protobuf.DescriptorProtos$SourceCodeInfoOrBuilder'.
2024-11-12 13:41:30,557 INFO  EvoClassLoader - Keeping class: org.apache.hadoop.thirdparty.protobuf.DescriptorProtos$SourceCodeInfoOrBuilder
2024-11-12 13:41:30,557 INFO  EvoClassLoader - Seeing class for first time: org.apache.hadoop.thirdparty.protobuf.LazyStringArrayList
2024-11-12 13:41:30,557 INFO  EvoClassLoader - Instrumenting class 'org.apache.hadoop.thirdparty.protobuf.LazyStringArrayList'.
2024-11-12 13:41:30,557 INFO  MethodCallReplacementClassAdapter - Adding mock interface to class org/apache/hadoop/thirdparty/protobuf/LazyStringArrayList
2024-11-12 13:41:30,558 INFO  CreateClassResetClassAdapter - Found static initializer in class org/apache/hadoop/thirdparty/protobuf/LazyStringArrayList
2024-11-12 13:41:30,558 INFO  EvoClassLoader - Keeping class: org.apache.hadoop.thirdparty.protobuf.LazyStringArrayList
2024-11-12 13:41:30,558 INFO  EvoClassLoader - Seeing class for first time: org.apache.hadoop.thirdparty.protobuf.IntArrayList
2024-11-12 13:41:30,558 INFO  EvoClassLoader - Instrumenting class 'org.apache.hadoop.thirdparty.protobuf.IntArrayList'.
2024-11-12 13:41:30,559 INFO  MethodCallReplacementClassAdapter - Adding mock interface to class org/apache/hadoop/thirdparty/protobuf/IntArrayList
2024-11-12 13:41:30,560 INFO  CreateClassResetClassAdapter - Found static initializer in class org/apache/hadoop/thirdparty/protobuf/IntArrayList
2024-11-12 13:41:30,560 INFO  EvoClassLoader - Keeping class: org.apache.hadoop.thirdparty.protobuf.IntArrayList
2024-11-12 13:41:30,560 INFO  EvoClassLoader - Seeing class for first time: org.apache.hadoop.thirdparty.protobuf.DescriptorProtos$FileDescriptorProto$1
2024-11-12 13:41:30,560 INFO  EvoClassLoader - Instrumenting class 'org.apache.hadoop.thirdparty.protobuf.DescriptorProtos$FileDescriptorProto$1'.
2024-11-12 13:41:30,560 INFO  MethodCallReplacementClassAdapter - Adding mock interface to class org/apache/hadoop/thirdparty/protobuf/DescriptorProtos$FileDescriptorProto$1
2024-11-12 13:41:30,561 INFO  EvoClassLoader - Keeping class: org.apache.hadoop.thirdparty.protobuf.DescriptorProtos$FileDescriptorProto$1
2024-11-12 13:41:30,561 INFO  EvoClassLoader - Seeing class for first time: org.apache.hadoop.thirdparty.protobuf.DescriptorProtos$DescriptorProto
2024-11-12 13:41:30,561 INFO  EvoClassLoader - Instrumenting class 'org.apache.hadoop.thirdparty.protobuf.DescriptorProtos$DescriptorProto'.
2024-11-12 13:41:30,561 INFO  MethodCallReplacementClassAdapter - Adding mock interface to class org/apache/hadoop/thirdparty/protobuf/DescriptorProtos$DescriptorProto
2024-11-12 13:41:30,562 INFO  CreateClassResetClassAdapter - Found static initializer in class org/apache/hadoop/thirdparty/protobuf/DescriptorProtos$DescriptorProto
2024-11-12 13:41:30,563 INFO  EvoClassLoader - Seeing class for first time: org.apache.hadoop.thirdparty.protobuf.DescriptorProtos$DescriptorProtoOrBuilder
2024-11-12 13:41:30,563 INFO  EvoClassLoader - Instrumenting class 'org.apache.hadoop.thirdparty.protobuf.DescriptorProtos$DescriptorProtoOrBuilder'.
2024-11-12 13:41:30,563 INFO  EvoClassLoader - Keeping class: org.apache.hadoop.thirdparty.protobuf.DescriptorProtos$DescriptorProtoOrBuilder
2024-11-12 13:41:30,563 INFO  EvoClassLoader - Keeping class: org.apache.hadoop.thirdparty.protobuf.DescriptorProtos$DescriptorProto
2024-11-12 13:41:30,564 INFO  EvoClassLoader - Seeing class for first time: org.apache.hadoop.thirdparty.protobuf.DescriptorProtos$MessageOptionsOrBuilder
2024-11-12 13:41:30,564 INFO  EvoClassLoader - Instrumenting class 'org.apache.hadoop.thirdparty.protobuf.DescriptorProtos$MessageOptionsOrBuilder'.
2024-11-12 13:41:30,564 INFO  EvoClassLoader - Keeping class: org.apache.hadoop.thirdparty.protobuf.DescriptorProtos$MessageOptionsOrBuilder
2024-11-12 13:41:30,564 INFO  EvoClassLoader - Seeing class for first time: org.apache.hadoop.thirdparty.protobuf.DescriptorProtos$DescriptorProto$1
2024-11-12 13:41:30,564 INFO  EvoClassLoader - Instrumenting class 'org.apache.hadoop.thirdparty.protobuf.DescriptorProtos$DescriptorProto$1'.
2024-11-12 13:41:30,564 INFO  MethodCallReplacementClassAdapter - Adding mock interface to class org/apache/hadoop/thirdparty/protobuf/DescriptorProtos$DescriptorProto$1
2024-11-12 13:41:30,565 INFO  EvoClassLoader - Keeping class: org.apache.hadoop.thirdparty.protobuf.DescriptorProtos$DescriptorProto$1
2024-11-12 13:41:30,565 INFO  EvoClassLoader - Seeing class for first time: org.apache.hadoop.thirdparty.protobuf.DescriptorProtos$FieldDescriptorProto
2024-11-12 13:41:30,565 INFO  EvoClassLoader - Instrumenting class 'org.apache.hadoop.thirdparty.protobuf.DescriptorProtos$FieldDescriptorProto'.
2024-11-12 13:41:30,565 INFO  MethodCallReplacementClassAdapter - Adding mock interface to class org/apache/hadoop/thirdparty/protobuf/DescriptorProtos$FieldDescriptorProto
2024-11-12 13:41:30,566 INFO  CreateClassResetClassAdapter - Found static initializer in class org/apache/hadoop/thirdparty/protobuf/DescriptorProtos$FieldDescriptorProto
2024-11-12 13:41:30,567 INFO  EvoClassLoader - Seeing class for first time: org.apache.hadoop.thirdparty.protobuf.DescriptorProtos$FieldDescriptorProtoOrBuilder
2024-11-12 13:41:30,567 INFO  EvoClassLoader - Instrumenting class 'org.apache.hadoop.thirdparty.protobuf.DescriptorProtos$FieldDescriptorProtoOrBuilder'.
2024-11-12 13:41:30,567 INFO  EvoClassLoader - Keeping class: org.apache.hadoop.thirdparty.protobuf.DescriptorProtos$FieldDescriptorProtoOrBuilder
2024-11-12 13:41:30,567 INFO  EvoClassLoader - Keeping class: org.apache.hadoop.thirdparty.protobuf.DescriptorProtos$FieldDescriptorProto
2024-11-12 13:41:30,567 INFO  EvoClassLoader - Seeing class for first time: org.apache.hadoop.thirdparty.protobuf.DescriptorProtos$FieldOptionsOrBuilder
2024-11-12 13:41:30,567 INFO  EvoClassLoader - Instrumenting class 'org.apache.hadoop.thirdparty.protobuf.DescriptorProtos$FieldOptionsOrBuilder'.
2024-11-12 13:41:30,568 INFO  EvoClassLoader - Keeping class: org.apache.hadoop.thirdparty.protobuf.DescriptorProtos$FieldOptionsOrBuilder
2024-11-12 13:41:30,568 INFO  EvoClassLoader - Seeing class for first time: org.apache.hadoop.thirdparty.protobuf.DescriptorProtos$FieldDescriptorProto$1
2024-11-12 13:41:30,568 INFO  EvoClassLoader - Instrumenting class 'org.apache.hadoop.thirdparty.protobuf.DescriptorProtos$FieldDescriptorProto$1'.
2024-11-12 13:41:30,568 INFO  MethodCallReplacementClassAdapter - Adding mock interface to class org/apache/hadoop/thirdparty/protobuf/DescriptorProtos$FieldDescriptorProto$1
2024-11-12 13:41:30,568 INFO  EvoClassLoader - Keeping class: org.apache.hadoop.thirdparty.protobuf.DescriptorProtos$FieldDescriptorProto$1
2024-11-12 13:41:30,568 INFO  EvoClassLoader - Seeing class for first time: org.apache.hadoop.thirdparty.protobuf.DescriptorProtos$FieldDescriptorProto$Label
2024-11-12 13:41:30,568 INFO  EvoClassLoader - Instrumenting class 'org.apache.hadoop.thirdparty.protobuf.DescriptorProtos$FieldDescriptorProto$Label'.
2024-11-12 13:41:30,568 INFO  MethodCallReplacementClassAdapter - Adding mock interface to class org/apache/hadoop/thirdparty/protobuf/DescriptorProtos$FieldDescriptorProto$Label
2024-11-12 13:41:30,569 INFO  CreateClassResetClassAdapter - Found static initializer in class org/apache/hadoop/thirdparty/protobuf/DescriptorProtos$FieldDescriptorProto$Label
2024-11-12 13:41:30,569 INFO  EvoClassLoader - Keeping class: org.apache.hadoop.thirdparty.protobuf.DescriptorProtos$FieldDescriptorProto$Label
2024-11-12 13:41:30,569 INFO  EvoClassLoader - Seeing class for first time: org.apache.hadoop.thirdparty.protobuf.DescriptorProtos$FieldDescriptorProto$Label$1
2024-11-12 13:41:30,569 INFO  EvoClassLoader - Instrumenting class 'org.apache.hadoop.thirdparty.protobuf.DescriptorProtos$FieldDescriptorProto$Label$1'.
2024-11-12 13:41:30,569 INFO  MethodCallReplacementClassAdapter - Adding mock interface to class org/apache/hadoop/thirdparty/protobuf/DescriptorProtos$FieldDescriptorProto$Label$1
2024-11-12 13:41:30,569 INFO  EvoClassLoader - Keeping class: org.apache.hadoop.thirdparty.protobuf.DescriptorProtos$FieldDescriptorProto$Label$1
2024-11-12 13:41:30,569 INFO  EvoClassLoader - Seeing class for first time: org.apache.hadoop.thirdparty.protobuf.DescriptorProtos$FileOptions
2024-11-12 13:41:30,569 INFO  EvoClassLoader - Instrumenting class 'org.apache.hadoop.thirdparty.protobuf.DescriptorProtos$FileOptions'.
2024-11-12 13:41:30,570 INFO  MethodCallReplacementClassAdapter - Adding mock interface to class org/apache/hadoop/thirdparty/protobuf/DescriptorProtos$FileOptions
2024-11-12 13:41:30,571 INFO  CreateClassResetClassAdapter - Found static initializer in class org/apache/hadoop/thirdparty/protobuf/DescriptorProtos$FileOptions
2024-11-12 13:41:30,571 INFO  EvoClassLoader - Seeing class for first time: org.apache.hadoop.thirdparty.protobuf.GeneratedMessageV3$ExtendableMessage
2024-11-12 13:41:30,572 INFO  EvoClassLoader - Instrumenting class 'org.apache.hadoop.thirdparty.protobuf.GeneratedMessageV3$ExtendableMessage'.
2024-11-12 13:41:30,572 INFO  MethodCallReplacementClassAdapter - Adding mock interface to class org/apache/hadoop/thirdparty/protobuf/GeneratedMessageV3$ExtendableMessage
2024-11-12 13:41:30,573 INFO  CreateClassResetClassAdapter - Creating brand-new static initializer in class org/apache/hadoop/thirdparty/protobuf/GeneratedMessageV3$ExtendableMessage
2024-11-12 13:41:30,573 INFO  EvoClassLoader - Keeping class: org.apache.hadoop.thirdparty.protobuf.GeneratedMessageV3$ExtendableMessage
2024-11-12 13:41:30,573 INFO  EvoClassLoader - Keeping class: org.apache.hadoop.thirdparty.protobuf.DescriptorProtos$FileOptions
2024-11-12 13:41:30,573 INFO  EvoClassLoader - Seeing class for first time: org.apache.hadoop.thirdparty.protobuf.GeneratedMessageV3$ExtendableBuilder
2024-11-12 13:41:30,573 INFO  EvoClassLoader - Instrumenting class 'org.apache.hadoop.thirdparty.protobuf.GeneratedMessageV3$ExtendableBuilder'.
2024-11-12 13:41:30,573 INFO  MethodCallReplacementClassAdapter - Adding mock interface to class org/apache/hadoop/thirdparty/protobuf/GeneratedMessageV3$ExtendableBuilder
2024-11-12 13:41:30,574 INFO  CreateClassResetClassAdapter - Creating brand-new static initializer in class org/apache/hadoop/thirdparty/protobuf/GeneratedMessageV3$ExtendableBuilder
2024-11-12 13:41:30,575 INFO  EvoClassLoader - Keeping class: org.apache.hadoop.thirdparty.protobuf.GeneratedMessageV3$ExtendableBuilder
2024-11-12 13:41:30,575 INFO  EvoClassLoader - Seeing class for first time: org.apache.hadoop.thirdparty.protobuf.FieldSet
2024-11-12 13:41:30,575 INFO  EvoClassLoader - Instrumenting class 'org.apache.hadoop.thirdparty.protobuf.FieldSet'.
2024-11-12 13:41:30,576 INFO  MethodCallReplacementClassAdapter - Adding mock interface to class org/apache/hadoop/thirdparty/protobuf/FieldSet
2024-11-12 13:41:30,577 INFO  CreateClassResetClassAdapter - Found static initializer in class org/apache/hadoop/thirdparty/protobuf/FieldSet
2024-11-12 13:41:30,578 INFO  EvoClassLoader - Keeping class: org.apache.hadoop.thirdparty.protobuf.FieldSet
2024-11-12 13:41:30,578 INFO  EvoClassLoader - Seeing class for first time: org.apache.hadoop.thirdparty.protobuf.LazyFieldLite
2024-11-12 13:41:30,578 INFO  EvoClassLoader - Instrumenting class 'org.apache.hadoop.thirdparty.protobuf.LazyFieldLite'.
2024-11-12 13:41:30,578 INFO  MethodCallReplacementClassAdapter - Adding mock interface to class org/apache/hadoop/thirdparty/protobuf/LazyFieldLite
2024-11-12 13:41:30,579 INFO  CreateClassResetClassAdapter - Found static initializer in class org/apache/hadoop/thirdparty/protobuf/LazyFieldLite
2024-11-12 13:41:30,579 INFO  EvoClassLoader - Keeping class: org.apache.hadoop.thirdparty.protobuf.LazyFieldLite
2024-11-12 13:41:30,579 INFO  EvoClassLoader - Seeing class for first time: org.apache.hadoop.thirdparty.protobuf.LazyField
2024-11-12 13:41:30,579 INFO  EvoClassLoader - Instrumenting class 'org.apache.hadoop.thirdparty.protobuf.LazyField'.
2024-11-12 13:41:30,579 INFO  MethodCallReplacementClassAdapter - Adding mock interface to class org/apache/hadoop/thirdparty/protobuf/LazyField
2024-11-12 13:41:30,579 INFO  CreateClassResetClassAdapter - Creating brand-new static initializer in class org/apache/hadoop/thirdparty/protobuf/LazyField
2024-11-12 13:41:30,579 INFO  EvoClassLoader - Keeping class: org.apache.hadoop.thirdparty.protobuf.LazyField
2024-11-12 13:41:30,579 INFO  EvoClassLoader - Seeing class for first time: org.apache.hadoop.thirdparty.protobuf.SmallSortedMap
2024-11-12 13:41:30,579 INFO  EvoClassLoader - Instrumenting class 'org.apache.hadoop.thirdparty.protobuf.SmallSortedMap'.
2024-11-12 13:41:30,579 INFO  MethodCallReplacementClassAdapter - Adding mock interface to class org/apache/hadoop/thirdparty/protobuf/SmallSortedMap
2024-11-12 13:41:30,580 INFO  CreateClassResetClassAdapter - Creating brand-new static initializer in class org/apache/hadoop/thirdparty/protobuf/SmallSortedMap
2024-11-12 13:41:30,580 INFO  EvoClassLoader - Keeping class: org.apache.hadoop.thirdparty.protobuf.SmallSortedMap
2024-11-12 13:41:30,580 INFO  EvoClassLoader - Seeing class for first time: org.apache.hadoop.thirdparty.protobuf.SmallSortedMap$1
2024-11-12 13:41:30,580 INFO  EvoClassLoader - Instrumenting class 'org.apache.hadoop.thirdparty.protobuf.SmallSortedMap$1'.
2024-11-12 13:41:30,580 INFO  MethodCallReplacementClassAdapter - Adding mock interface to class org/apache/hadoop/thirdparty/protobuf/SmallSortedMap$1
2024-11-12 13:41:30,580 INFO  EvoClassLoader - Keeping class: org.apache.hadoop.thirdparty.protobuf.SmallSortedMap$1
2024-11-12 13:41:30,581 INFO  EvoClassLoader - Seeing class for first time: org.apache.hadoop.thirdparty.protobuf.SmallSortedMap$EmptySet
2024-11-12 13:41:30,581 INFO  EvoClassLoader - Instrumenting class 'org.apache.hadoop.thirdparty.protobuf.SmallSortedMap$EmptySet'.
2024-11-12 13:41:30,581 INFO  MethodCallReplacementClassAdapter - Adding mock interface to class org/apache/hadoop/thirdparty/protobuf/SmallSortedMap$EmptySet
2024-11-12 13:41:30,581 INFO  CreateClassResetClassAdapter - Found static initializer in class org/apache/hadoop/thirdparty/protobuf/SmallSortedMap$EmptySet
2024-11-12 13:41:30,581 INFO  EvoClassLoader - Keeping class: org.apache.hadoop.thirdparty.protobuf.SmallSortedMap$EmptySet
2024-11-12 13:41:30,581 INFO  EvoClassLoader - Seeing class for first time: org.apache.hadoop.thirdparty.protobuf.SmallSortedMap$EmptySet$1
2024-11-12 13:41:30,581 INFO  EvoClassLoader - Instrumenting class 'org.apache.hadoop.thirdparty.protobuf.SmallSortedMap$EmptySet$1'.
2024-11-12 13:41:30,581 INFO  MethodCallReplacementClassAdapter - Adding mock interface to class org/apache/hadoop/thirdparty/protobuf/SmallSortedMap$EmptySet$1
2024-11-12 13:41:30,581 INFO  EvoClassLoader - Keeping class: org.apache.hadoop.thirdparty.protobuf.SmallSortedMap$EmptySet$1
2024-11-12 13:41:30,581 INFO  EvoClassLoader - Seeing class for first time: org.apache.hadoop.thirdparty.protobuf.SmallSortedMap$EmptySet$2
2024-11-12 13:41:30,581 INFO  EvoClassLoader - Instrumenting class 'org.apache.hadoop.thirdparty.protobuf.SmallSortedMap$EmptySet$2'.
2024-11-12 13:41:30,582 INFO  MethodCallReplacementClassAdapter - Adding mock interface to class org/apache/hadoop/thirdparty/protobuf/SmallSortedMap$EmptySet$2
2024-11-12 13:41:30,582 INFO  EvoClassLoader - Keeping class: org.apache.hadoop.thirdparty.protobuf.SmallSortedMap$EmptySet$2
2024-11-12 13:41:30,582 INFO  EvoClassLoader - Seeing class for first time: org.apache.hadoop.thirdparty.protobuf.DescriptorProtos$FileOptions$1
2024-11-12 13:41:30,582 INFO  EvoClassLoader - Instrumenting class 'org.apache.hadoop.thirdparty.protobuf.DescriptorProtos$FileOptions$1'.
2024-11-12 13:41:30,582 INFO  MethodCallReplacementClassAdapter - Adding mock interface to class org/apache/hadoop/thirdparty/protobuf/DescriptorProtos$FileOptions$1
2024-11-12 13:41:30,582 INFO  EvoClassLoader - Keeping class: org.apache.hadoop.thirdparty.protobuf.DescriptorProtos$FileOptions$1
2024-11-12 13:41:30,583 INFO  EvoClassLoader - Seeing class for first time: org.apache.hadoop.thirdparty.protobuf.Descriptors$DescriptorPool
2024-11-12 13:41:30,583 INFO  EvoClassLoader - Instrumenting class 'org.apache.hadoop.thirdparty.protobuf.Descriptors$DescriptorPool'.
2024-11-12 13:41:30,583 INFO  MethodCallReplacementClassAdapter - Adding mock interface to class org/apache/hadoop/thirdparty/protobuf/Descriptors$DescriptorPool
2024-11-12 13:41:30,584 INFO  CreateClassResetClassAdapter - Creating brand-new static initializer in class org/apache/hadoop/thirdparty/protobuf/Descriptors$DescriptorPool
2024-11-12 13:41:30,584 INFO  EvoClassLoader - Keeping class: org.apache.hadoop.thirdparty.protobuf.Descriptors$DescriptorPool
2024-11-12 13:41:30,585 INFO  EvoClassLoader - Seeing class for first time: org.apache.hadoop.thirdparty.protobuf.Descriptors$EnumDescriptor
2024-11-12 13:41:30,585 INFO  EvoClassLoader - Instrumenting class 'org.apache.hadoop.thirdparty.protobuf.Descriptors$EnumDescriptor'.
2024-11-12 13:41:30,585 INFO  MethodCallReplacementClassAdapter - Adding mock interface to class org/apache/hadoop/thirdparty/protobuf/Descriptors$EnumDescriptor
2024-11-12 13:41:30,585 INFO  CreateClassResetClassAdapter - Creating brand-new static initializer in class org/apache/hadoop/thirdparty/protobuf/Descriptors$EnumDescriptor
2024-11-12 13:41:30,586 INFO  EvoClassLoader - Keeping class: org.apache.hadoop.thirdparty.protobuf.Descriptors$EnumDescriptor
2024-11-12 13:41:30,586 INFO  EvoClassLoader - Seeing class for first time: org.apache.hadoop.thirdparty.protobuf.Utf8
2024-11-12 13:41:30,586 INFO  EvoClassLoader - Instrumenting class 'org.apache.hadoop.thirdparty.protobuf.Utf8'.
2024-11-12 13:41:30,586 INFO  MethodCallReplacementClassAdapter - Adding mock interface to class org/apache/hadoop/thirdparty/protobuf/Utf8
2024-11-12 13:41:30,587 INFO  CreateClassResetClassAdapter - Found static initializer in class org/apache/hadoop/thirdparty/protobuf/Utf8
2024-11-12 13:41:30,589 INFO  EvoClassLoader - Keeping class: org.apache.hadoop.thirdparty.protobuf.Utf8
2024-11-12 13:41:30,589 INFO  EvoClassLoader - Seeing class for first time: org.apache.hadoop.thirdparty.protobuf.Utf8$Processor
2024-11-12 13:41:30,589 INFO  EvoClassLoader - Instrumenting class 'org.apache.hadoop.thirdparty.protobuf.Utf8$Processor'.
2024-11-12 13:41:30,589 INFO  MethodCallReplacementClassAdapter - Adding mock interface to class org/apache/hadoop/thirdparty/protobuf/Utf8$Processor
2024-11-12 13:41:30,590 INFO  CreateClassResetClassAdapter - Creating brand-new static initializer in class org/apache/hadoop/thirdparty/protobuf/Utf8$Processor
2024-11-12 13:41:30,590 INFO  EvoClassLoader - Keeping class: org.apache.hadoop.thirdparty.protobuf.Utf8$Processor
2024-11-12 13:41:30,590 INFO  EvoClassLoader - Seeing class for first time: org.apache.hadoop.thirdparty.protobuf.Utf8$UnsafeProcessor
2024-11-12 13:41:30,590 INFO  EvoClassLoader - Instrumenting class 'org.apache.hadoop.thirdparty.protobuf.Utf8$UnsafeProcessor'.
2024-11-12 13:41:30,590 INFO  MethodCallReplacementClassAdapter - Adding mock interface to class org/apache/hadoop/thirdparty/protobuf/Utf8$UnsafeProcessor
2024-11-12 13:41:30,591 INFO  CreateClassResetClassAdapter - Creating brand-new static initializer in class org/apache/hadoop/thirdparty/protobuf/Utf8$UnsafeProcessor
2024-11-12 13:41:30,591 INFO  EvoClassLoader - Keeping class: org.apache.hadoop.thirdparty.protobuf.Utf8$UnsafeProcessor
2024-11-12 13:41:30,591 INFO  EvoClassLoader - Seeing class for first time: org.apache.hadoop.thirdparty.protobuf.Utf8$SafeProcessor
2024-11-12 13:41:30,591 INFO  EvoClassLoader - Instrumenting class 'org.apache.hadoop.thirdparty.protobuf.Utf8$SafeProcessor'.
2024-11-12 13:41:30,592 INFO  MethodCallReplacementClassAdapter - Adding mock interface to class org/apache/hadoop/thirdparty/protobuf/Utf8$SafeProcessor
2024-11-12 13:41:30,592 INFO  CreateClassResetClassAdapter - Creating brand-new static initializer in class org/apache/hadoop/thirdparty/protobuf/Utf8$SafeProcessor
2024-11-12 13:41:30,592 INFO  EvoClassLoader - Keeping class: org.apache.hadoop.thirdparty.protobuf.Utf8$SafeProcessor
2024-11-12 13:41:30,593 INFO  EvoClassLoader - Seeing class for first time: org.apache.hadoop.thirdparty.protobuf.Descriptors$DescriptorPool$PackageDescriptor
2024-11-12 13:41:30,593 INFO  EvoClassLoader - Instrumenting class 'org.apache.hadoop.thirdparty.protobuf.Descriptors$DescriptorPool$PackageDescriptor'.
2024-11-12 13:41:30,593 INFO  MethodCallReplacementClassAdapter - Adding mock interface to class org/apache/hadoop/thirdparty/protobuf/Descriptors$DescriptorPool$PackageDescriptor
2024-11-12 13:41:30,593 INFO  CreateClassResetClassAdapter - Creating brand-new static initializer in class org/apache/hadoop/thirdparty/protobuf/Descriptors$DescriptorPool$PackageDescriptor
2024-11-12 13:41:30,593 INFO  EvoClassLoader - Keeping class: org.apache.hadoop.thirdparty.protobuf.Descriptors$DescriptorPool$PackageDescriptor
2024-11-12 13:41:30,593 INFO  EvoClassLoader - Seeing class for first time: org.apache.hadoop.thirdparty.protobuf.Descriptors
2024-11-12 13:41:30,593 INFO  EvoClassLoader - Instrumenting class 'org.apache.hadoop.thirdparty.protobuf.Descriptors'.
2024-11-12 13:41:30,594 INFO  MethodCallReplacementClassAdapter - Adding mock interface to class org/apache/hadoop/thirdparty/protobuf/Descriptors
2024-11-12 13:41:30,594 INFO  CreateClassResetClassAdapter - Found static initializer in class org/apache/hadoop/thirdparty/protobuf/Descriptors
2024-11-12 13:41:30,594 INFO  EvoClassLoader - Keeping class: org.apache.hadoop.thirdparty.protobuf.Descriptors
2024-11-12 13:41:30,594 INFO  EvoClassLoader - Seeing class for first time: org.apache.hadoop.thirdparty.protobuf.Descriptors$OneofDescriptor
2024-11-12 13:41:30,594 INFO  EvoClassLoader - Instrumenting class 'org.apache.hadoop.thirdparty.protobuf.Descriptors$OneofDescriptor'.
2024-11-12 13:41:30,594 INFO  MethodCallReplacementClassAdapter - Adding mock interface to class org/apache/hadoop/thirdparty/protobuf/Descriptors$OneofDescriptor
2024-11-12 13:41:30,594 INFO  CreateClassResetClassAdapter - Creating brand-new static initializer in class org/apache/hadoop/thirdparty/protobuf/Descriptors$OneofDescriptor
2024-11-12 13:41:30,594 INFO  EvoClassLoader - Keeping class: org.apache.hadoop.thirdparty.protobuf.Descriptors$OneofDescriptor
2024-11-12 13:41:30,596 INFO  EvoClassLoader - Seeing class for first time: org.apache.hadoop.thirdparty.protobuf.Descriptors$ServiceDescriptor
2024-11-12 13:41:30,596 INFO  EvoClassLoader - Instrumenting class 'org.apache.hadoop.thirdparty.protobuf.Descriptors$ServiceDescriptor'.
2024-11-12 13:41:30,596 INFO  MethodCallReplacementClassAdapter - Adding mock interface to class org/apache/hadoop/thirdparty/protobuf/Descriptors$ServiceDescriptor
2024-11-12 13:41:30,597 INFO  CreateClassResetClassAdapter - Creating brand-new static initializer in class org/apache/hadoop/thirdparty/protobuf/Descriptors$ServiceDescriptor
2024-11-12 13:41:30,597 INFO  EvoClassLoader - Keeping class: org.apache.hadoop.thirdparty.protobuf.Descriptors$ServiceDescriptor
2024-11-12 13:41:30,597 INFO  EvoClassLoader - Seeing class for first time: org.apache.hadoop.thirdparty.protobuf.DescriptorProtos$FieldOptions
2024-11-12 13:41:30,597 INFO  EvoClassLoader - Instrumenting class 'org.apache.hadoop.thirdparty.protobuf.DescriptorProtos$FieldOptions'.
2024-11-12 13:41:30,597 INFO  MethodCallReplacementClassAdapter - Adding mock interface to class org/apache/hadoop/thirdparty/protobuf/DescriptorProtos$FieldOptions
2024-11-12 13:41:30,598 INFO  CreateClassResetClassAdapter - Found static initializer in class org/apache/hadoop/thirdparty/protobuf/DescriptorProtos$FieldOptions
2024-11-12 13:41:30,599 INFO  EvoClassLoader - Keeping class: org.apache.hadoop.thirdparty.protobuf.DescriptorProtos$FieldOptions
2024-11-12 13:41:30,600 INFO  EvoClassLoader - Seeing class for first time: org.apache.hadoop.thirdparty.protobuf.DescriptorProtos$FieldOptions$1
2024-11-12 13:41:30,600 INFO  EvoClassLoader - Instrumenting class 'org.apache.hadoop.thirdparty.protobuf.DescriptorProtos$FieldOptions$1'.
2024-11-12 13:41:30,600 INFO  MethodCallReplacementClassAdapter - Adding mock interface to class org/apache/hadoop/thirdparty/protobuf/DescriptorProtos$FieldOptions$1
2024-11-12 13:41:30,601 INFO  EvoClassLoader - Keeping class: org.apache.hadoop.thirdparty.protobuf.DescriptorProtos$FieldOptions$1
2024-11-12 13:41:30,601 INFO  EvoClassLoader - Seeing class for first time: org.apache.hadoop.thirdparty.protobuf.Descriptors$1
2024-11-12 13:41:30,601 INFO  EvoClassLoader - Instrumenting class 'org.apache.hadoop.thirdparty.protobuf.Descriptors$1'.
2024-11-12 13:41:30,601 INFO  MethodCallReplacementClassAdapter - Adding mock interface to class org/apache/hadoop/thirdparty/protobuf/Descriptors$1
2024-11-12 13:41:30,601 INFO  EvoClassLoader - Keeping class: org.apache.hadoop.thirdparty.protobuf.Descriptors$1
2024-11-12 13:41:30,602 INFO  EvoClassLoader - Seeing class for first time: org.apache.hadoop.thirdparty.protobuf.Descriptors$DescriptorPool$DescriptorIntPair
2024-11-12 13:41:30,602 INFO  EvoClassLoader - Instrumenting class 'org.apache.hadoop.thirdparty.protobuf.Descriptors$DescriptorPool$DescriptorIntPair'.
2024-11-12 13:41:30,602 INFO  MethodCallReplacementClassAdapter - Adding mock interface to class org/apache/hadoop/thirdparty/protobuf/Descriptors$DescriptorPool$DescriptorIntPair
2024-11-12 13:41:30,602 INFO  CreateClassResetClassAdapter - Creating brand-new static initializer in class org/apache/hadoop/thirdparty/protobuf/Descriptors$DescriptorPool$DescriptorIntPair
2024-11-12 13:41:30,602 INFO  EvoClassLoader - Keeping class: org.apache.hadoop.thirdparty.protobuf.Descriptors$DescriptorPool$DescriptorIntPair
2024-11-12 13:41:30,602 INFO  EvoClassLoader - Seeing class for first time: org.apache.hadoop.thirdparty.protobuf.DescriptorProtos$MessageOptions
2024-11-12 13:41:30,602 INFO  EvoClassLoader - Instrumenting class 'org.apache.hadoop.thirdparty.protobuf.DescriptorProtos$MessageOptions'.
2024-11-12 13:41:30,603 INFO  MethodCallReplacementClassAdapter - Adding mock interface to class org/apache/hadoop/thirdparty/protobuf/DescriptorProtos$MessageOptions
2024-11-12 13:41:30,604 INFO  CreateClassResetClassAdapter - Found static initializer in class org/apache/hadoop/thirdparty/protobuf/DescriptorProtos$MessageOptions
2024-11-12 13:41:30,604 INFO  EvoClassLoader - Keeping class: org.apache.hadoop.thirdparty.protobuf.DescriptorProtos$MessageOptions
2024-11-12 13:41:30,605 INFO  EvoClassLoader - Seeing class for first time: org.apache.hadoop.thirdparty.protobuf.DescriptorProtos$MessageOptions$1
2024-11-12 13:41:30,605 INFO  EvoClassLoader - Instrumenting class 'org.apache.hadoop.thirdparty.protobuf.DescriptorProtos$MessageOptions$1'.
2024-11-12 13:41:30,605 INFO  MethodCallReplacementClassAdapter - Adding mock interface to class org/apache/hadoop/thirdparty/protobuf/DescriptorProtos$MessageOptions$1
2024-11-12 13:41:30,605 INFO  EvoClassLoader - Keeping class: org.apache.hadoop.thirdparty.protobuf.DescriptorProtos$MessageOptions$1
2024-11-12 13:41:30,605 INFO  EvoClassLoader - Seeing class for first time: org.apache.hadoop.thirdparty.protobuf.Descriptors$DescriptorPool$SearchFilter
2024-11-12 13:41:30,605 INFO  EvoClassLoader - Instrumenting class 'org.apache.hadoop.thirdparty.protobuf.Descriptors$DescriptorPool$SearchFilter'.
2024-11-12 13:41:30,606 INFO  MethodCallReplacementClassAdapter - Adding mock interface to class org/apache/hadoop/thirdparty/protobuf/Descriptors$DescriptorPool$SearchFilter
2024-11-12 13:41:30,606 INFO  CreateClassResetClassAdapter - Found static initializer in class org/apache/hadoop/thirdparty/protobuf/Descriptors$DescriptorPool$SearchFilter
2024-11-12 13:41:30,606 INFO  EvoClassLoader - Keeping class: org.apache.hadoop.thirdparty.protobuf.Descriptors$DescriptorPool$SearchFilter
2024-11-12 13:41:30,606 INFO  EvoClassLoader - Seeing class for first time: org.apache.hadoop.thirdparty.protobuf.GeneratedMessageV3$FieldAccessorTable
2024-11-12 13:41:30,606 INFO  EvoClassLoader - Instrumenting class 'org.apache.hadoop.thirdparty.protobuf.GeneratedMessageV3$FieldAccessorTable'.
2024-11-12 13:41:30,607 INFO  MethodCallReplacementClassAdapter - Adding mock interface to class org/apache/hadoop/thirdparty/protobuf/GeneratedMessageV3$FieldAccessorTable
2024-11-12 13:41:30,608 INFO  CreateClassResetClassAdapter - Creating brand-new static initializer in class org/apache/hadoop/thirdparty/protobuf/GeneratedMessageV3$FieldAccessorTable
2024-11-12 13:41:30,608 INFO  EvoClassLoader - Keeping class: org.apache.hadoop.thirdparty.protobuf.GeneratedMessageV3$FieldAccessorTable
2024-11-12 13:41:30,608 INFO  EvoClassLoader - Seeing class for first time: org.apache.hadoop.thirdparty.protobuf.GeneratedMessageV3$FieldAccessorTable$FieldAccessor
2024-11-12 13:41:30,608 INFO  EvoClassLoader - Instrumenting class 'org.apache.hadoop.thirdparty.protobuf.GeneratedMessageV3$FieldAccessorTable$FieldAccessor'.
2024-11-12 13:41:30,609 INFO  EvoClassLoader - Keeping class: org.apache.hadoop.thirdparty.protobuf.GeneratedMessageV3$FieldAccessorTable$FieldAccessor
2024-11-12 13:41:30,609 INFO  EvoClassLoader - Seeing class for first time: org.apache.hadoop.thirdparty.protobuf.GeneratedMessageV3$FieldAccessorTable$OneofAccessor
2024-11-12 13:41:30,609 INFO  EvoClassLoader - Instrumenting class 'org.apache.hadoop.thirdparty.protobuf.GeneratedMessageV3$FieldAccessorTable$OneofAccessor'.
2024-11-12 13:41:30,609 INFO  MethodCallReplacementClassAdapter - Adding mock interface to class org/apache/hadoop/thirdparty/protobuf/GeneratedMessageV3$FieldAccessorTable$OneofAccessor
2024-11-12 13:41:30,609 INFO  CreateClassResetClassAdapter - Creating brand-new static initializer in class org/apache/hadoop/thirdparty/protobuf/GeneratedMessageV3$FieldAccessorTable$OneofAccessor
2024-11-12 13:41:30,609 INFO  EvoClassLoader - Keeping class: org.apache.hadoop.thirdparty.protobuf.GeneratedMessageV3$FieldAccessorTable$OneofAccessor
2024-11-12 13:41:30,610 INFO  EvoClassLoader - Seeing class for first time: org.apache.hadoop.hdfs.protocol.proto.AclProtos
2024-11-12 13:41:30,610 INFO  EvoClassLoader - Instrumenting class 'org.apache.hadoop.hdfs.protocol.proto.AclProtos'.
2024-11-12 13:41:30,610 INFO  MethodCallReplacementClassAdapter - Adding mock interface to class org/apache/hadoop/hdfs/protocol/proto/AclProtos
2024-11-12 13:41:30,610 INFO  CreateClassResetClassAdapter - Found static initializer in class org/apache/hadoop/hdfs/protocol/proto/AclProtos
2024-11-12 13:41:30,611 INFO  EvoClassLoader - Keeping class: org.apache.hadoop.hdfs.protocol.proto.AclProtos
2024-11-12 13:41:30,612 INFO  EvoClassLoader - Seeing class for first time: org.apache.hadoop.hdfs.protocol.proto.AclProtos$1
2024-11-12 13:41:30,612 INFO  EvoClassLoader - Instrumenting class 'org.apache.hadoop.hdfs.protocol.proto.AclProtos$1'.
2024-11-12 13:41:30,612 INFO  MethodCallReplacementClassAdapter - Adding mock interface to class org/apache/hadoop/hdfs/protocol/proto/AclProtos$1
2024-11-12 13:41:30,612 INFO  EvoClassLoader - Keeping class: org.apache.hadoop.hdfs.protocol.proto.AclProtos$1
2024-11-12 13:41:30,612 INFO  EvoClassLoader - Seeing class for first time: org.apache.hadoop.thirdparty.protobuf.DescriptorProtos$EnumDescriptorProto
2024-11-12 13:41:30,612 INFO  EvoClassLoader - Instrumenting class 'org.apache.hadoop.thirdparty.protobuf.DescriptorProtos$EnumDescriptorProto'.
2024-11-12 13:41:30,612 INFO  MethodCallReplacementClassAdapter - Adding mock interface to class org/apache/hadoop/thirdparty/protobuf/DescriptorProtos$EnumDescriptorProto
2024-11-12 13:41:30,613 INFO  CreateClassResetClassAdapter - Found static initializer in class org/apache/hadoop/thirdparty/protobuf/DescriptorProtos$EnumDescriptorProto
2024-11-12 13:41:30,614 INFO  EvoClassLoader - Seeing class for first time: org.apache.hadoop.thirdparty.protobuf.DescriptorProtos$EnumDescriptorProtoOrBuilder
2024-11-12 13:41:30,614 INFO  EvoClassLoader - Instrumenting class 'org.apache.hadoop.thirdparty.protobuf.DescriptorProtos$EnumDescriptorProtoOrBuilder'.
2024-11-12 13:41:30,616 INFO  EvoClassLoader - Keeping class: org.apache.hadoop.thirdparty.protobuf.DescriptorProtos$EnumDescriptorProtoOrBuilder
2024-11-12 13:41:30,617 INFO  EvoClassLoader - Keeping class: org.apache.hadoop.thirdparty.protobuf.DescriptorProtos$EnumDescriptorProto
2024-11-12 13:41:30,617 INFO  EvoClassLoader - Seeing class for first time: org.apache.hadoop.thirdparty.protobuf.DescriptorProtos$EnumOptionsOrBuilder
2024-11-12 13:41:30,617 INFO  EvoClassLoader - Instrumenting class 'org.apache.hadoop.thirdparty.protobuf.DescriptorProtos$EnumOptionsOrBuilder'.
2024-11-12 13:41:30,618 INFO  EvoClassLoader - Keeping class: org.apache.hadoop.thirdparty.protobuf.DescriptorProtos$EnumOptionsOrBuilder
2024-11-12 13:41:30,619 INFO  EvoClassLoader - Seeing class for first time: org.apache.hadoop.thirdparty.protobuf.DescriptorProtos$EnumDescriptorProto$1
2024-11-12 13:41:30,619 INFO  EvoClassLoader - Instrumenting class 'org.apache.hadoop.thirdparty.protobuf.DescriptorProtos$EnumDescriptorProto$1'.
2024-11-12 13:41:30,619 INFO  MethodCallReplacementClassAdapter - Adding mock interface to class org/apache/hadoop/thirdparty/protobuf/DescriptorProtos$EnumDescriptorProto$1
2024-11-12 13:41:30,619 INFO  EvoClassLoader - Keeping class: org.apache.hadoop.thirdparty.protobuf.DescriptorProtos$EnumDescriptorProto$1
2024-11-12 13:41:30,619 INFO  EvoClassLoader - Seeing class for first time: org.apache.hadoop.thirdparty.protobuf.DescriptorProtos$EnumValueDescriptorProto
2024-11-12 13:41:30,619 INFO  EvoClassLoader - Instrumenting class 'org.apache.hadoop.thirdparty.protobuf.DescriptorProtos$EnumValueDescriptorProto'.
2024-11-12 13:41:30,620 INFO  MethodCallReplacementClassAdapter - Adding mock interface to class org/apache/hadoop/thirdparty/protobuf/DescriptorProtos$EnumValueDescriptorProto
2024-11-12 13:41:30,622 INFO  CreateClassResetClassAdapter - Found static initializer in class org/apache/hadoop/thirdparty/protobuf/DescriptorProtos$EnumValueDescriptorProto
2024-11-12 13:41:30,623 INFO  EvoClassLoader - Seeing class for first time: org.apache.hadoop.thirdparty.protobuf.DescriptorProtos$EnumValueDescriptorProtoOrBuilder
2024-11-12 13:41:30,623 INFO  EvoClassLoader - Instrumenting class 'org.apache.hadoop.thirdparty.protobuf.DescriptorProtos$EnumValueDescriptorProtoOrBuilder'.
2024-11-12 13:41:30,623 INFO  EvoClassLoader - Keeping class: org.apache.hadoop.thirdparty.protobuf.DescriptorProtos$EnumValueDescriptorProtoOrBuilder
2024-11-12 13:41:30,623 INFO  EvoClassLoader - Keeping class: org.apache.hadoop.thirdparty.protobuf.DescriptorProtos$EnumValueDescriptorProto
2024-11-12 13:41:30,624 INFO  EvoClassLoader - Seeing class for first time: org.apache.hadoop.thirdparty.protobuf.DescriptorProtos$EnumValueOptionsOrBuilder
2024-11-12 13:41:30,624 INFO  EvoClassLoader - Instrumenting class 'org.apache.hadoop.thirdparty.protobuf.DescriptorProtos$EnumValueOptionsOrBuilder'.
2024-11-12 13:41:30,626 INFO  EvoClassLoader - Keeping class: org.apache.hadoop.thirdparty.protobuf.DescriptorProtos$EnumValueOptionsOrBuilder
2024-11-12 13:41:30,626 INFO  EvoClassLoader - Seeing class for first time: org.apache.hadoop.thirdparty.protobuf.DescriptorProtos$EnumValueDescriptorProto$1
2024-11-12 13:41:30,626 INFO  EvoClassLoader - Instrumenting class 'org.apache.hadoop.thirdparty.protobuf.DescriptorProtos$EnumValueDescriptorProto$1'.
2024-11-12 13:41:30,626 INFO  MethodCallReplacementClassAdapter - Adding mock interface to class org/apache/hadoop/thirdparty/protobuf/DescriptorProtos$EnumValueDescriptorProto$1
2024-11-12 13:41:30,626 INFO  EvoClassLoader - Keeping class: org.apache.hadoop.thirdparty.protobuf.DescriptorProtos$EnumValueDescriptorProto$1
2024-11-12 13:41:30,627 INFO  EvoClassLoader - Seeing class for first time: org.apache.hadoop.thirdparty.protobuf.Descriptors$EnumValueDescriptor
2024-11-12 13:41:30,627 INFO  EvoClassLoader - Instrumenting class 'org.apache.hadoop.thirdparty.protobuf.Descriptors$EnumValueDescriptor'.
2024-11-12 13:41:30,627 INFO  MethodCallReplacementClassAdapter - Adding mock interface to class org/apache/hadoop/thirdparty/protobuf/Descriptors$EnumValueDescriptor
2024-11-12 13:41:30,627 INFO  CreateClassResetClassAdapter - Creating brand-new static initializer in class org/apache/hadoop/thirdparty/protobuf/Descriptors$EnumValueDescriptor
2024-11-12 13:41:30,628 INFO  EvoClassLoader - Keeping class: org.apache.hadoop.thirdparty.protobuf.Descriptors$EnumValueDescriptor
2024-11-12 13:41:30,637 INFO  EvoClassLoader - Seeing class for first time: org.apache.hadoop.thirdparty.protobuf.UnmodifiableLazyStringList
2024-11-12 13:41:30,637 INFO  EvoClassLoader - Instrumenting class 'org.apache.hadoop.thirdparty.protobuf.UnmodifiableLazyStringList'.
2024-11-12 13:41:30,637 INFO  MethodCallReplacementClassAdapter - Adding mock interface to class org/apache/hadoop/thirdparty/protobuf/UnmodifiableLazyStringList
2024-11-12 13:41:30,637 INFO  CreateClassResetClassAdapter - Creating brand-new static initializer in class org/apache/hadoop/thirdparty/protobuf/UnmodifiableLazyStringList
2024-11-12 13:41:30,638 INFO  EvoClassLoader - Keeping class: org.apache.hadoop.thirdparty.protobuf.UnmodifiableLazyStringList
2024-11-12 13:41:30,644 INFO  EvoClassLoader - Seeing class for first time: org.apache.hadoop.thirdparty.protobuf.TextFormat
2024-11-12 13:41:30,644 INFO  EvoClassLoader - Instrumenting class 'org.apache.hadoop.thirdparty.protobuf.TextFormat'.
2024-11-12 13:41:30,644 INFO  MethodCallReplacementClassAdapter - Adding mock interface to class org/apache/hadoop/thirdparty/protobuf/TextFormat
2024-11-12 13:41:30,645 INFO  CreateClassResetClassAdapter - Found static initializer in class org/apache/hadoop/thirdparty/protobuf/TextFormat
2024-11-12 13:41:30,646 INFO  EvoClassLoader - Keeping class: org.apache.hadoop.thirdparty.protobuf.TextFormat
2024-11-12 13:41:30,647 INFO  EvoClassLoader - Seeing class for first time: org.apache.hadoop.thirdparty.protobuf.TextFormat$Parser
2024-11-12 13:41:30,647 INFO  EvoClassLoader - Instrumenting class 'org.apache.hadoop.thirdparty.protobuf.TextFormat$Parser'.
2024-11-12 13:41:30,647 INFO  MethodCallReplacementClassAdapter - Adding mock interface to class org/apache/hadoop/thirdparty/protobuf/TextFormat$Parser
2024-11-12 13:41:30,649 INFO  CreateClassResetClassAdapter - Creating brand-new static initializer in class org/apache/hadoop/thirdparty/protobuf/TextFormat$Parser
2024-11-12 13:41:30,649 INFO  CreateClassResetClassAdapter - Adding bytecode for initializing field BUFFER_SIZE
2024-11-12 13:41:30,650 INFO  EvoClassLoader - Keeping class: org.apache.hadoop.thirdparty.protobuf.TextFormat$Parser
2024-11-12 13:41:30,650 INFO  EvoClassLoader - Seeing class for first time: org.apache.hadoop.thirdparty.protobuf.TextFormat$ParseException
2024-11-12 13:41:30,650 INFO  EvoClassLoader - Instrumenting class 'org.apache.hadoop.thirdparty.protobuf.TextFormat$ParseException'.
2024-11-12 13:41:30,650 INFO  MethodCallReplacementClassAdapter - Adding mock interface to class org/apache/hadoop/thirdparty/protobuf/TextFormat$ParseException
2024-11-12 13:41:30,650 INFO  CreateClassResetClassAdapter - Creating brand-new static initializer in class org/apache/hadoop/thirdparty/protobuf/TextFormat$ParseException
2024-11-12 13:41:30,650 INFO  EvoClassLoader - Keeping class: org.apache.hadoop.thirdparty.protobuf.TextFormat$ParseException
2024-11-12 13:41:30,650 INFO  EvoClassLoader - Seeing class for first time: org.apache.hadoop.thirdparty.protobuf.TextFormat$Parser$Builder
2024-11-12 13:41:30,650 INFO  EvoClassLoader - Instrumenting class 'org.apache.hadoop.thirdparty.protobuf.TextFormat$Parser$Builder'.
2024-11-12 13:41:30,651 INFO  MethodCallReplacementClassAdapter - Adding mock interface to class org/apache/hadoop/thirdparty/protobuf/TextFormat$Parser$Builder
2024-11-12 13:41:30,651 INFO  CreateClassResetClassAdapter - Creating brand-new static initializer in class org/apache/hadoop/thirdparty/protobuf/TextFormat$Parser$Builder
2024-11-12 13:41:30,651 INFO  EvoClassLoader - Keeping class: org.apache.hadoop.thirdparty.protobuf.TextFormat$Parser$Builder
2024-11-12 13:41:30,651 INFO  EvoClassLoader - Seeing class for first time: org.apache.hadoop.thirdparty.protobuf.TextFormat$Parser$SingularOverwritePolicy
2024-11-12 13:41:30,651 INFO  EvoClassLoader - Instrumenting class 'org.apache.hadoop.thirdparty.protobuf.TextFormat$Parser$SingularOverwritePolicy'.
2024-11-12 13:41:30,651 INFO  MethodCallReplacementClassAdapter - Adding mock interface to class org/apache/hadoop/thirdparty/protobuf/TextFormat$Parser$SingularOverwritePolicy
2024-11-12 13:41:30,651 INFO  CreateClassResetClassAdapter - Found static initializer in class org/apache/hadoop/thirdparty/protobuf/TextFormat$Parser$SingularOverwritePolicy
2024-11-12 13:41:30,651 INFO  EvoClassLoader - Keeping class: org.apache.hadoop.thirdparty.protobuf.TextFormat$Parser$SingularOverwritePolicy
2024-11-12 13:41:30,654 INFO  EvoClassLoader - Seeing class for first time: org.apache.hadoop.hdfs.protocol.proto.XAttrProtos
2024-11-12 13:41:30,654 INFO  EvoClassLoader - Instrumenting class 'org.apache.hadoop.hdfs.protocol.proto.XAttrProtos'.
2024-11-12 13:41:30,655 INFO  MethodCallReplacementClassAdapter - Adding mock interface to class org/apache/hadoop/hdfs/protocol/proto/XAttrProtos
2024-11-12 13:41:30,655 INFO  CreateClassResetClassAdapter - Found static initializer in class org/apache/hadoop/hdfs/protocol/proto/XAttrProtos
2024-11-12 13:41:30,655 INFO  EvoClassLoader - Keeping class: org.apache.hadoop.hdfs.protocol.proto.XAttrProtos
2024-11-12 13:41:30,655 INFO  EvoClassLoader - Seeing class for first time: org.apache.hadoop.hdfs.protocol.proto.XAttrProtos$1
2024-11-12 13:41:30,655 INFO  EvoClassLoader - Instrumenting class 'org.apache.hadoop.hdfs.protocol.proto.XAttrProtos$1'.
2024-11-12 13:41:30,656 INFO  MethodCallReplacementClassAdapter - Adding mock interface to class org/apache/hadoop/hdfs/protocol/proto/XAttrProtos$1
2024-11-12 13:41:30,656 INFO  EvoClassLoader - Keeping class: org.apache.hadoop.hdfs.protocol.proto.XAttrProtos$1
2024-11-12 13:41:30,660 INFO  EvoClassLoader - Seeing class for first time: org.apache.hadoop.hdfs.tools.offlineImageViewer.FSImageLoader
2024-11-12 13:41:30,660 INFO  EvoClassLoader - Instrumenting class 'org.apache.hadoop.hdfs.tools.offlineImageViewer.FSImageLoader'.
2024-11-12 13:41:30,660 INFO  MethodCallReplacementClassAdapter - Adding mock interface to class org/apache/hadoop/hdfs/tools/offlineImageViewer/FSImageLoader
2024-11-12 13:41:30,662 INFO  CreateClassResetClassAdapter - Found static initializer in class org/apache/hadoop/hdfs/tools/offlineImageViewer/FSImageLoader
2024-11-12 13:41:30,663 INFO  EvoClassLoader - Keeping class: org.apache.hadoop.hdfs.tools.offlineImageViewer.FSImageLoader
2024-11-12 13:41:30,663 INFO  EvoClassLoader - Seeing class for first time: org.apache.hadoop.util.LimitInputStream
2024-11-12 13:41:30,663 INFO  EvoClassLoader - Instrumenting class 'org.apache.hadoop.util.LimitInputStream'.
2024-11-12 13:41:30,663 INFO  MethodCallReplacementClassAdapter - Adding mock interface to class org/apache/hadoop/util/LimitInputStream
2024-11-12 13:41:30,664 INFO  CreateClassResetClassAdapter - Creating brand-new static initializer in class org/apache/hadoop/util/LimitInputStream
2024-11-12 13:41:30,664 INFO  EvoClassLoader - Keeping class: org.apache.hadoop.util.LimitInputStream
2024-11-12 13:41:30,664 INFO  EvoClassLoader - Seeing class for first time: org.apache.hadoop.hdfs.protocol.XAttrNotFoundException
2024-11-12 13:41:30,664 INFO  EvoClassLoader - Instrumenting class 'org.apache.hadoop.hdfs.protocol.XAttrNotFoundException'.
2024-11-12 13:41:30,664 INFO  MethodCallReplacementClassAdapter - Adding mock interface to class org/apache/hadoop/hdfs/protocol/XAttrNotFoundException
2024-11-12 13:41:30,664 INFO  CreateClassResetClassAdapter - Creating brand-new static initializer in class org/apache/hadoop/hdfs/protocol/XAttrNotFoundException
2024-11-12 13:41:30,664 INFO  CreateClassResetClassAdapter - Adding bytecode for initializing field DEFAULT_EXCEPTION_MSG
2024-11-12 13:41:30,664 INFO  EvoClassLoader - Keeping class: org.apache.hadoop.hdfs.protocol.XAttrNotFoundException
2024-11-12 13:41:30,665 INFO  EvoClassLoader - Seeing class for first time: org.apache.hadoop.hdfs.tools.offlineImageViewer.FSImageLoader$1
2024-11-12 13:41:30,665 INFO  EvoClassLoader - Instrumenting class 'org.apache.hadoop.hdfs.tools.offlineImageViewer.FSImageLoader$1'.
2024-11-12 13:41:30,665 INFO  MethodCallReplacementClassAdapter - Adding mock interface to class org/apache/hadoop/hdfs/tools/offlineImageViewer/FSImageLoader$1
2024-11-12 13:41:30,666 INFO  EvoClassLoader - Keeping class: org.apache.hadoop.hdfs.tools.offlineImageViewer.FSImageLoader$1
2024-11-12 13:41:30,666 INFO  EvoClassLoader - Seeing class for first time: org.apache.hadoop.hdfs.protocol.proto.HdfsProtos$BlockTypeProto
2024-11-12 13:41:30,666 INFO  EvoClassLoader - Instrumenting class 'org.apache.hadoop.hdfs.protocol.proto.HdfsProtos$BlockTypeProto'.
2024-11-12 13:41:30,667 INFO  MethodCallReplacementClassAdapter - Adding mock interface to class org/apache/hadoop/hdfs/protocol/proto/HdfsProtos$BlockTypeProto
2024-11-12 13:41:30,667 INFO  CreateClassResetClassAdapter - Found static initializer in class org/apache/hadoop/hdfs/protocol/proto/HdfsProtos$BlockTypeProto
2024-11-12 13:41:30,668 INFO  EvoClassLoader - Keeping class: org.apache.hadoop.hdfs.protocol.proto.HdfsProtos$BlockTypeProto
2024-11-12 13:41:30,668 INFO  EvoClassLoader - Seeing class for first time: org.apache.hadoop.hdfs.protocol.proto.HdfsProtos$BlockTypeProto$1
2024-11-12 13:41:30,668 INFO  EvoClassLoader - Instrumenting class 'org.apache.hadoop.hdfs.protocol.proto.HdfsProtos$BlockTypeProto$1'.
2024-11-12 13:41:30,668 INFO  MethodCallReplacementClassAdapter - Adding mock interface to class org/apache/hadoop/hdfs/protocol/proto/HdfsProtos$BlockTypeProto$1
2024-11-12 13:41:30,668 INFO  EvoClassLoader - Keeping class: org.apache.hadoop.hdfs.protocol.proto.HdfsProtos$BlockTypeProto$1
2024-11-12 13:41:30,668 INFO  EvoClassLoader - Seeing class for first time: org.apache.hadoop.thirdparty.protobuf.MapField
2024-11-12 13:41:30,668 INFO  EvoClassLoader - Instrumenting class 'org.apache.hadoop.thirdparty.protobuf.MapField'.
2024-11-12 13:41:30,668 INFO  MethodCallReplacementClassAdapter - Adding mock interface to class org/apache/hadoop/thirdparty/protobuf/MapField
2024-11-12 13:41:30,668 INFO  CreateClassResetClassAdapter - Creating brand-new static initializer in class org/apache/hadoop/thirdparty/protobuf/MapField
2024-11-12 13:41:30,669 INFO  EvoClassLoader - Seeing class for first time: org.apache.hadoop.thirdparty.protobuf.MutabilityOracle
2024-11-12 13:41:30,669 INFO  EvoClassLoader - Instrumenting class 'org.apache.hadoop.thirdparty.protobuf.MutabilityOracle'.
2024-11-12 13:41:30,669 INFO  EvoClassLoader - Keeping class: org.apache.hadoop.thirdparty.protobuf.MutabilityOracle
2024-11-12 13:41:30,669 INFO  EvoClassLoader - Keeping class: org.apache.hadoop.thirdparty.protobuf.MapField
2024-11-12 13:41:30,669 INFO  EvoClassLoader - Seeing class for first time: org.apache.hadoop.thirdparty.protobuf.MapField$Converter
2024-11-12 13:41:30,669 INFO  EvoClassLoader - Instrumenting class 'org.apache.hadoop.thirdparty.protobuf.MapField$Converter'.
2024-11-12 13:41:30,669 INFO  EvoClassLoader - Keeping class: org.apache.hadoop.thirdparty.protobuf.MapField$Converter
2024-11-12 13:41:30,669 INFO  EvoClassLoader - Seeing class for first time: org.apache.hadoop.hdfs.server.namenode.FsImageProto$INodeSection$QuotaByStorageTypeEntryProtoOrBuilder
2024-11-12 13:41:30,669 INFO  EvoClassLoader - Instrumenting class 'org.apache.hadoop.hdfs.server.namenode.FsImageProto$INodeSection$QuotaByStorageTypeEntryProtoOrBuilder'.
2024-11-12 13:41:30,670 INFO  EvoClassLoader - Keeping class: org.apache.hadoop.hdfs.server.namenode.FsImageProto$INodeSection$QuotaByStorageTypeEntryProtoOrBuilder
2024-11-12 13:41:30,670 INFO  EvoClassLoader - Seeing class for first time: org.apache.hadoop.hdfs.server.namenode.FsImageProto$INodeReferenceSection$INodeReference
2024-11-12 13:41:30,670 INFO  EvoClassLoader - Instrumenting class 'org.apache.hadoop.hdfs.server.namenode.FsImageProto$INodeReferenceSection$INodeReference'.
2024-11-12 13:41:30,670 INFO  MethodCallReplacementClassAdapter - Adding mock interface to class org/apache/hadoop/hdfs/server/namenode/FsImageProto$INodeReferenceSection$INodeReference
2024-11-12 13:41:30,670 INFO  CreateClassResetClassAdapter - Found static initializer in class org/apache/hadoop/hdfs/server/namenode/FsImageProto$INodeReferenceSection$INodeReference
2024-11-12 13:41:30,671 INFO  EvoClassLoader - Keeping class: org.apache.hadoop.hdfs.server.namenode.FsImageProto$INodeReferenceSection$INodeReference
2024-11-12 13:41:30,671 INFO  EvoClassLoader - Seeing class for first time: org.apache.hadoop.hdfs.server.namenode.FsImageProto$INodeReferenceSection$INodeReference$1
2024-11-12 13:41:30,671 INFO  EvoClassLoader - Instrumenting class 'org.apache.hadoop.hdfs.server.namenode.FsImageProto$INodeReferenceSection$INodeReference$1'.
2024-11-12 13:41:30,671 INFO  MethodCallReplacementClassAdapter - Adding mock interface to class org/apache/hadoop/hdfs/server/namenode/FsImageProto$INodeReferenceSection$INodeReference$1
2024-11-12 13:41:30,671 INFO  EvoClassLoader - Keeping class: org.apache.hadoop.hdfs.server.namenode.FsImageProto$INodeReferenceSection$INodeReference$1
2024-11-12 13:41:30,672 INFO  EvoClassLoader - Seeing class for first time: org.apache.hadoop.hdfs.server.namenode.SerialNumberManager$StringTable
2024-11-12 13:41:30,672 INFO  EvoClassLoader - Instrumenting class 'org.apache.hadoop.hdfs.server.namenode.SerialNumberManager$StringTable'.
2024-11-12 13:41:30,672 INFO  MethodCallReplacementClassAdapter - Adding mock interface to class org/apache/hadoop/hdfs/server/namenode/SerialNumberManager$StringTable
2024-11-12 13:41:30,672 INFO  CreateClassResetClassAdapter - Creating brand-new static initializer in class org/apache/hadoop/hdfs/server/namenode/SerialNumberManager$StringTable
2024-11-12 13:41:30,672 INFO  EvoClassLoader - Keeping class: org.apache.hadoop.hdfs.server.namenode.SerialNumberManager$StringTable
2024-11-12 13:41:30,673 INFO  EvoClassLoader - Seeing class for first time: org.apache.hadoop.hdfs.server.namenode.FsImageProto$INodeSection$QuotaByStorageTypeFeatureProtoOrBuilder
2024-11-12 13:41:30,673 INFO  EvoClassLoader - Instrumenting class 'org.apache.hadoop.hdfs.server.namenode.FsImageProto$INodeSection$QuotaByStorageTypeFeatureProtoOrBuilder'.
2024-11-12 13:41:30,673 INFO  EvoClassLoader - Keeping class: org.apache.hadoop.hdfs.server.namenode.FsImageProto$INodeSection$QuotaByStorageTypeFeatureProtoOrBuilder
2024-11-12 13:41:30,673 INFO  EvoClassLoader - Seeing class for first time: org.apache.hadoop.fs.XAttr$NameSpace
2024-11-12 13:41:30,673 INFO  EvoClassLoader - Instrumenting class 'org.apache.hadoop.fs.XAttr$NameSpace'.
2024-11-12 13:41:30,673 INFO  MethodCallReplacementClassAdapter - Adding mock interface to class org/apache/hadoop/fs/XAttr$NameSpace
2024-11-12 13:41:30,673 INFO  CreateClassResetClassAdapter - Found static initializer in class org/apache/hadoop/fs/XAttr$NameSpace
2024-11-12 13:41:30,673 INFO  EvoClassLoader - Keeping class: org.apache.hadoop.fs.XAttr$NameSpace
2024-11-12 13:41:30,674 INFO  EvoClassLoader - Seeing class for first time: org.apache.hadoop.hdfs.server.namenode.FsImageProto$INodeSection$INodeDirectory
2024-11-12 13:41:30,674 INFO  EvoClassLoader - Instrumenting class 'org.apache.hadoop.hdfs.server.namenode.FsImageProto$INodeSection$INodeDirectory'.
2024-11-12 13:41:30,674 INFO  MethodCallReplacementClassAdapter - Adding mock interface to class org/apache/hadoop/hdfs/server/namenode/FsImageProto$INodeSection$INodeDirectory
2024-11-12 13:41:30,675 INFO  CreateClassResetClassAdapter - Found static initializer in class org/apache/hadoop/hdfs/server/namenode/FsImageProto$INodeSection$INodeDirectory
2024-11-12 13:41:30,676 INFO  EvoClassLoader - Keeping class: org.apache.hadoop.hdfs.server.namenode.FsImageProto$INodeSection$INodeDirectory
2024-11-12 13:41:30,676 INFO  EvoClassLoader - Seeing class for first time: org.apache.hadoop.hdfs.server.namenode.FsImageProto$INodeSection$INodeDirectory$1
2024-11-12 13:41:30,676 INFO  EvoClassLoader - Instrumenting class 'org.apache.hadoop.hdfs.server.namenode.FsImageProto$INodeSection$INodeDirectory$1'.
2024-11-12 13:41:30,677 INFO  MethodCallReplacementClassAdapter - Adding mock interface to class org/apache/hadoop/hdfs/server/namenode/FsImageProto$INodeSection$INodeDirectory$1
2024-11-12 13:41:30,677 INFO  EvoClassLoader - Keeping class: org.apache.hadoop.hdfs.server.namenode.FsImageProto$INodeSection$INodeDirectory$1
2024-11-12 13:41:30,677 INFO  EvoClassLoader - Seeing class for first time: org.apache.hadoop.hdfs.server.namenode.FsImageProto$INodeSection$QuotaByStorageTypeEntryProto
2024-11-12 13:41:30,677 INFO  EvoClassLoader - Instrumenting class 'org.apache.hadoop.hdfs.server.namenode.FsImageProto$INodeSection$QuotaByStorageTypeEntryProto'.
2024-11-12 13:41:30,677 INFO  MethodCallReplacementClassAdapter - Adding mock interface to class org/apache/hadoop/hdfs/server/namenode/FsImageProto$INodeSection$QuotaByStorageTypeEntryProto
2024-11-12 13:41:30,678 INFO  CreateClassResetClassAdapter - Found static initializer in class org/apache/hadoop/hdfs/server/namenode/FsImageProto$INodeSection$QuotaByStorageTypeEntryProto
2024-11-12 13:41:30,678 INFO  EvoClassLoader - Keeping class: org.apache.hadoop.hdfs.server.namenode.FsImageProto$INodeSection$QuotaByStorageTypeEntryProto
2024-11-12 13:41:30,679 INFO  EvoClassLoader - Seeing class for first time: org.apache.hadoop.hdfs.server.namenode.FsImageProto$INodeSection$QuotaByStorageTypeEntryProto$1
2024-11-12 13:41:30,679 INFO  EvoClassLoader - Instrumenting class 'org.apache.hadoop.hdfs.server.namenode.FsImageProto$INodeSection$QuotaByStorageTypeEntryProto$1'.
2024-11-12 13:41:30,679 INFO  MethodCallReplacementClassAdapter - Adding mock interface to class org/apache/hadoop/hdfs/server/namenode/FsImageProto$INodeSection$QuotaByStorageTypeEntryProto$1
2024-11-12 13:41:30,679 INFO  EvoClassLoader - Keeping class: org.apache.hadoop.hdfs.server.namenode.FsImageProto$INodeSection$QuotaByStorageTypeEntryProto$1
2024-11-12 13:41:30,679 INFO  EvoClassLoader - Seeing class for first time: org.apache.hadoop.hdfs.server.namenode.SerialNumberMap
2024-11-12 13:41:30,679 INFO  EvoClassLoader - Instrumenting class 'org.apache.hadoop.hdfs.server.namenode.SerialNumberMap'.
2024-11-12 13:41:30,679 INFO  MethodCallReplacementClassAdapter - Adding mock interface to class org/apache/hadoop/hdfs/server/namenode/SerialNumberMap
2024-11-12 13:41:30,680 INFO  CreateClassResetClassAdapter - Creating brand-new static initializer in class org/apache/hadoop/hdfs/server/namenode/SerialNumberMap
2024-11-12 13:41:30,680 INFO  EvoClassLoader - Keeping class: org.apache.hadoop.hdfs.server.namenode.SerialNumberMap
2024-11-12 13:41:30,680 INFO  EvoClassLoader - Seeing class for first time: org.apache.hadoop.hdfs.server.namenode.FsImageProto$INodeReferenceSection
2024-11-12 13:41:30,680 INFO  EvoClassLoader - Instrumenting class 'org.apache.hadoop.hdfs.server.namenode.FsImageProto$INodeReferenceSection'.
2024-11-12 13:41:30,680 INFO  MethodCallReplacementClassAdapter - Adding mock interface to class org/apache/hadoop/hdfs/server/namenode/FsImageProto$INodeReferenceSection
2024-11-12 13:41:30,681 INFO  CreateClassResetClassAdapter - Found static initializer in class org/apache/hadoop/hdfs/server/namenode/FsImageProto$INodeReferenceSection
2024-11-12 13:41:30,681 INFO  EvoClassLoader - Seeing class for first time: org.apache.hadoop.hdfs.server.namenode.FsImageProto$INodeReferenceSectionOrBuilder
2024-11-12 13:41:30,681 INFO  EvoClassLoader - Instrumenting class 'org.apache.hadoop.hdfs.server.namenode.FsImageProto$INodeReferenceSectionOrBuilder'.
2024-11-12 13:41:30,681 INFO  EvoClassLoader - Keeping class: org.apache.hadoop.hdfs.server.namenode.FsImageProto$INodeReferenceSectionOrBuilder
2024-11-12 13:41:30,681 INFO  EvoClassLoader - Keeping class: org.apache.hadoop.hdfs.server.namenode.FsImageProto$INodeReferenceSection
2024-11-12 13:41:30,681 INFO  EvoClassLoader - Seeing class for first time: org.apache.hadoop.hdfs.server.namenode.FsImageProto$INodeReferenceSection$1
2024-11-12 13:41:30,681 INFO  EvoClassLoader - Instrumenting class 'org.apache.hadoop.hdfs.server.namenode.FsImageProto$INodeReferenceSection$1'.
2024-11-12 13:41:30,682 INFO  MethodCallReplacementClassAdapter - Adding mock interface to class org/apache/hadoop/hdfs/server/namenode/FsImageProto$INodeReferenceSection$1
2024-11-12 13:41:30,682 INFO  EvoClassLoader - Keeping class: org.apache.hadoop.hdfs.server.namenode.FsImageProto$INodeReferenceSection$1
2024-11-12 13:41:30,682 INFO  EvoClassLoader - Seeing class for first time: com.ctc.wstx.io.MergedReader
2024-11-12 13:41:30,682 INFO  EvoClassLoader - Instrumenting class 'com.ctc.wstx.io.MergedReader'.
2024-11-12 13:41:30,682 INFO  MethodCallReplacementClassAdapter - Adding mock interface to class com/ctc/wstx/io/MergedReader
2024-11-12 13:41:30,682 INFO  CreateClassResetClassAdapter - Creating brand-new static initializer in class com/ctc/wstx/io/MergedReader
2024-11-12 13:41:30,683 INFO  EvoClassLoader - Keeping class: com.ctc.wstx.io.MergedReader
2024-11-12 13:41:30,683 INFO  EvoClassLoader - Seeing class for first time: org.apache.hadoop.fs.ChecksumFileSystem$ChecksumFSOutputSummer
2024-11-12 13:41:30,683 INFO  EvoClassLoader - Instrumenting class 'org.apache.hadoop.fs.ChecksumFileSystem$ChecksumFSOutputSummer'.
2024-11-12 13:41:30,683 INFO  MethodCallReplacementClassAdapter - Adding mock interface to class org/apache/hadoop/fs/ChecksumFileSystem$ChecksumFSOutputSummer
2024-11-12 13:41:30,684 INFO  CreateClassResetClassAdapter - Creating brand-new static initializer in class org/apache/hadoop/fs/ChecksumFileSystem$ChecksumFSOutputSummer
2024-11-12 13:41:30,684 INFO  CreateClassResetClassAdapter - Adding bytecode for initializing field CHKSUM_AS_FRACTION
2024-11-12 13:41:30,684 INFO  EvoClassLoader - Seeing class for first time: org.apache.hadoop.fs.StreamCapabilities
2024-11-12 13:41:30,684 INFO  EvoClassLoader - Instrumenting class 'org.apache.hadoop.fs.StreamCapabilities'.
2024-11-12 13:41:30,684 INFO  EvoClassLoader - Keeping class: org.apache.hadoop.fs.StreamCapabilities
2024-11-12 13:41:30,684 INFO  EvoClassLoader - Seeing class for first time: org.apache.hadoop.fs.FSOutputSummer
2024-11-12 13:41:30,685 INFO  EvoClassLoader - Instrumenting class 'org.apache.hadoop.fs.FSOutputSummer'.
2024-11-12 13:41:30,685 INFO  MethodCallReplacementClassAdapter - Adding mock interface to class org/apache/hadoop/fs/FSOutputSummer
2024-11-12 13:41:30,686 INFO  CreateClassResetClassAdapter - Creating brand-new static initializer in class org/apache/hadoop/fs/FSOutputSummer
2024-11-12 13:41:30,686 INFO  CreateClassResetClassAdapter - Adding bytecode for initializing field BUFFER_NUM_CHUNKS
2024-11-12 13:41:30,686 INFO  EvoClassLoader - Keeping class: org.apache.hadoop.fs.FSOutputSummer
2024-11-12 13:41:30,686 INFO  EvoClassLoader - Keeping class: org.apache.hadoop.fs.ChecksumFileSystem$ChecksumFSOutputSummer
2024-11-12 13:41:30,686 INFO  EvoClassLoader - Seeing class for first time: org.apache.hadoop.fs.ChecksumFileSystem$ChecksumFSInputChecker
2024-11-12 13:41:30,686 INFO  EvoClassLoader - Instrumenting class 'org.apache.hadoop.fs.ChecksumFileSystem$ChecksumFSInputChecker'.
2024-11-12 13:41:30,686 INFO  MethodCallReplacementClassAdapter - Adding mock interface to class org/apache/hadoop/fs/ChecksumFileSystem$ChecksumFSInputChecker
2024-11-12 13:41:30,687 INFO  CreateClassResetClassAdapter - Found static initializer in class org/apache/hadoop/fs/ChecksumFileSystem$ChecksumFSInputChecker
2024-11-12 13:41:30,688 INFO  EvoClassLoader - Seeing class for first time: org.apache.hadoop.fs.FSInputChecker
2024-11-12 13:41:30,688 INFO  EvoClassLoader - Instrumenting class 'org.apache.hadoop.fs.FSInputChecker'.
2024-11-12 13:41:30,688 INFO  MethodCallReplacementClassAdapter - Adding mock interface to class org/apache/hadoop/fs/FSInputChecker
2024-11-12 13:41:30,688 INFO  CreateClassResetClassAdapter - Found static initializer in class org/apache/hadoop/fs/FSInputChecker
2024-11-12 13:41:30,689 INFO  EvoClassLoader - Seeing class for first time: org.apache.hadoop.fs.FSInputStream
2024-11-12 13:41:30,689 INFO  EvoClassLoader - Instrumenting class 'org.apache.hadoop.fs.FSInputStream'.
2024-11-12 13:41:30,689 INFO  MethodCallReplacementClassAdapter - Adding mock interface to class org/apache/hadoop/fs/FSInputStream
2024-11-12 13:41:30,689 INFO  CreateClassResetClassAdapter - Found static initializer in class org/apache/hadoop/fs/FSInputStream
2024-11-12 13:41:30,689 INFO  EvoClassLoader - Seeing class for first time: org.apache.hadoop.fs.PositionedReadable
2024-11-12 13:41:30,689 INFO  EvoClassLoader - Instrumenting class 'org.apache.hadoop.fs.PositionedReadable'.
2024-11-12 13:41:30,689 INFO  EvoClassLoader - Keeping class: org.apache.hadoop.fs.PositionedReadable
2024-11-12 13:41:30,689 INFO  EvoClassLoader - Keeping class: org.apache.hadoop.fs.FSInputStream
2024-11-12 13:41:30,689 INFO  EvoClassLoader - Keeping class: org.apache.hadoop.fs.FSInputChecker
2024-11-12 13:41:30,689 INFO  EvoClassLoader - Keeping class: org.apache.hadoop.fs.ChecksumFileSystem$ChecksumFSInputChecker
2024-11-12 13:41:30,689 INFO  EvoClassLoader - Seeing class for first time: org.apache.hadoop.fs.FSDataInputStream
2024-11-12 13:41:30,689 INFO  EvoClassLoader - Instrumenting class 'org.apache.hadoop.fs.FSDataInputStream'.
2024-11-12 13:41:30,689 INFO  MethodCallReplacementClassAdapter - Adding mock interface to class org/apache/hadoop/fs/FSDataInputStream
2024-11-12 13:41:30,690 INFO  CreateClassResetClassAdapter - Found static initializer in class org/apache/hadoop/fs/FSDataInputStream
2024-11-12 13:41:30,690 INFO  EvoClassLoader - Seeing class for first time: org.apache.hadoop.fs.ByteBufferReadable
2024-11-12 13:41:30,690 INFO  EvoClassLoader - Instrumenting class 'org.apache.hadoop.fs.ByteBufferReadable'.
2024-11-12 13:41:30,690 INFO  EvoClassLoader - Keeping class: org.apache.hadoop.fs.ByteBufferReadable
2024-11-12 13:41:30,690 INFO  EvoClassLoader - Seeing class for first time: org.apache.hadoop.fs.HasFileDescriptor
2024-11-12 13:41:30,690 INFO  EvoClassLoader - Instrumenting class 'org.apache.hadoop.fs.HasFileDescriptor'.
2024-11-12 13:41:30,691 INFO  EvoClassLoader - Keeping class: org.apache.hadoop.fs.HasFileDescriptor
2024-11-12 13:41:30,691 INFO  EvoClassLoader - Seeing class for first time: org.apache.hadoop.fs.CanSetDropBehind
2024-11-12 13:41:30,691 INFO  EvoClassLoader - Instrumenting class 'org.apache.hadoop.fs.CanSetDropBehind'.
2024-11-12 13:41:30,691 INFO  EvoClassLoader - Keeping class: org.apache.hadoop.fs.CanSetDropBehind
2024-11-12 13:41:30,691 INFO  EvoClassLoader - Seeing class for first time: org.apache.hadoop.fs.CanSetReadahead
2024-11-12 13:41:30,691 INFO  EvoClassLoader - Instrumenting class 'org.apache.hadoop.fs.CanSetReadahead'.
2024-11-12 13:41:30,691 INFO  EvoClassLoader - Keeping class: org.apache.hadoop.fs.CanSetReadahead
2024-11-12 13:41:30,691 INFO  EvoClassLoader - Seeing class for first time: org.apache.hadoop.fs.HasEnhancedByteBufferAccess
2024-11-12 13:41:30,691 INFO  EvoClassLoader - Instrumenting class 'org.apache.hadoop.fs.HasEnhancedByteBufferAccess'.
2024-11-12 13:41:30,691 INFO  EvoClassLoader - Keeping class: org.apache.hadoop.fs.HasEnhancedByteBufferAccess
2024-11-12 13:41:30,691 INFO  EvoClassLoader - Seeing class for first time: org.apache.hadoop.fs.CanUnbuffer
2024-11-12 13:41:30,691 INFO  EvoClassLoader - Instrumenting class 'org.apache.hadoop.fs.CanUnbuffer'.
2024-11-12 13:41:30,691 INFO  EvoClassLoader - Keeping class: org.apache.hadoop.fs.CanUnbuffer
2024-11-12 13:41:30,691 INFO  EvoClassLoader - Seeing class for first time: org.apache.hadoop.fs.ByteBufferPositionedReadable
2024-11-12 13:41:30,691 INFO  EvoClassLoader - Instrumenting class 'org.apache.hadoop.fs.ByteBufferPositionedReadable'.
2024-11-12 13:41:30,691 INFO  EvoClassLoader - Keeping class: org.apache.hadoop.fs.ByteBufferPositionedReadable
2024-11-12 13:41:30,691 INFO  EvoClassLoader - Keeping class: org.apache.hadoop.fs.FSDataInputStream
2024-11-12 13:41:30,691 INFO  EvoClassLoader - Seeing class for first time: org.apache.hadoop.fs.ChecksumFileSystem$FSDataBoundedInputStream
2024-11-12 13:41:30,691 INFO  EvoClassLoader - Instrumenting class 'org.apache.hadoop.fs.ChecksumFileSystem$FSDataBoundedInputStream'.
2024-11-12 13:41:30,691 INFO  MethodCallReplacementClassAdapter - Adding mock interface to class org/apache/hadoop/fs/ChecksumFileSystem$FSDataBoundedInputStream
2024-11-12 13:41:30,692 INFO  CreateClassResetClassAdapter - Creating brand-new static initializer in class org/apache/hadoop/fs/ChecksumFileSystem$FSDataBoundedInputStream
2024-11-12 13:41:30,692 INFO  EvoClassLoader - Keeping class: org.apache.hadoop.fs.ChecksumFileSystem$FSDataBoundedInputStream
2024-11-12 13:41:30,692 INFO  EvoClassLoader - Seeing class for first time: org.apache.hadoop.fs.impl.FutureDataInputStreamBuilderImpl
2024-11-12 13:41:30,692 INFO  EvoClassLoader - Instrumenting class 'org.apache.hadoop.fs.impl.FutureDataInputStreamBuilderImpl'.
2024-11-12 13:41:30,692 INFO  MethodCallReplacementClassAdapter - Adding mock interface to class org/apache/hadoop/fs/impl/FutureDataInputStreamBuilderImpl
2024-11-12 13:41:30,692 INFO  CreateClassResetClassAdapter - Creating brand-new static initializer in class org/apache/hadoop/fs/impl/FutureDataInputStreamBuilderImpl
2024-11-12 13:41:30,692 INFO  EvoClassLoader - Seeing class for first time: org.apache.hadoop.fs.FutureDataInputStreamBuilder
2024-11-12 13:41:30,692 INFO  EvoClassLoader - Instrumenting class 'org.apache.hadoop.fs.FutureDataInputStreamBuilder'.
2024-11-12 13:41:30,692 INFO  EvoClassLoader - Keeping class: org.apache.hadoop.fs.FutureDataInputStreamBuilder
2024-11-12 13:41:30,692 INFO  EvoClassLoader - Keeping class: org.apache.hadoop.fs.impl.FutureDataInputStreamBuilderImpl
2024-11-12 13:41:30,692 INFO  EvoClassLoader - Seeing class for first time: org.apache.hadoop.fs.FileSystem$FSDataInputStreamBuilder
2024-11-12 13:41:30,692 INFO  EvoClassLoader - Instrumenting class 'org.apache.hadoop.fs.FileSystem$FSDataInputStreamBuilder'.
2024-11-12 13:41:30,693 INFO  MethodCallReplacementClassAdapter - Adding mock interface to class org/apache/hadoop/fs/FileSystem$FSDataInputStreamBuilder
2024-11-12 13:41:30,693 INFO  CreateClassResetClassAdapter - Creating brand-new static initializer in class org/apache/hadoop/fs/FileSystem$FSDataInputStreamBuilder
2024-11-12 13:41:30,693 INFO  EvoClassLoader - Keeping class: org.apache.hadoop.fs.FileSystem$FSDataInputStreamBuilder
2024-11-12 13:41:30,693 INFO  EvoClassLoader - Seeing class for first time: org.apache.hadoop.fs.ChecksumFileSystem$9
2024-11-12 13:41:30,693 INFO  EvoClassLoader - Instrumenting class 'org.apache.hadoop.fs.ChecksumFileSystem$9'.
2024-11-12 13:41:30,693 INFO  MethodCallReplacementClassAdapter - Adding mock interface to class org/apache/hadoop/fs/ChecksumFileSystem$9
2024-11-12 13:41:30,693 INFO  EvoClassLoader - Keeping class: org.apache.hadoop.fs.ChecksumFileSystem$9
2024-11-12 13:41:30,694 INFO  EvoClassLoader - Seeing class for first time: org.apache.hadoop.hdfs.server.namenode.FsImageProto$INodeSection$INodeFile
2024-11-12 13:41:30,694 INFO  EvoClassLoader - Instrumenting class 'org.apache.hadoop.hdfs.server.namenode.FsImageProto$INodeSection$INodeFile'.
2024-11-12 13:41:30,694 INFO  MethodCallReplacementClassAdapter - Adding mock interface to class org/apache/hadoop/hdfs/server/namenode/FsImageProto$INodeSection$INodeFile
2024-11-12 13:41:30,695 INFO  CreateClassResetClassAdapter - Found static initializer in class org/apache/hadoop/hdfs/server/namenode/FsImageProto$INodeSection$INodeFile
2024-11-12 13:41:30,696 INFO  EvoClassLoader - Keeping class: org.apache.hadoop.hdfs.server.namenode.FsImageProto$INodeSection$INodeFile
2024-11-12 13:41:30,696 INFO  EvoClassLoader - Seeing class for first time: org.apache.hadoop.hdfs.server.namenode.FsImageProto$INodeSection$INodeFile$1
2024-11-12 13:41:30,696 INFO  EvoClassLoader - Instrumenting class 'org.apache.hadoop.hdfs.server.namenode.FsImageProto$INodeSection$INodeFile$1'.
2024-11-12 13:41:30,697 INFO  MethodCallReplacementClassAdapter - Adding mock interface to class org/apache/hadoop/hdfs/server/namenode/FsImageProto$INodeSection$INodeFile$1
2024-11-12 13:41:30,697 INFO  EvoClassLoader - Keeping class: org.apache.hadoop.hdfs.server.namenode.FsImageProto$INodeSection$INodeFile$1
2024-11-12 13:41:30,697 INFO  EvoClassLoader - Seeing class for first time: org.apache.hadoop.thirdparty.protobuf.MutabilityOracle$1
2024-11-12 13:41:30,697 INFO  EvoClassLoader - Instrumenting class 'org.apache.hadoop.thirdparty.protobuf.MutabilityOracle$1'.
2024-11-12 13:41:30,697 INFO  MethodCallReplacementClassAdapter - Adding mock interface to class org/apache/hadoop/thirdparty/protobuf/MutabilityOracle$1
2024-11-12 13:41:30,697 INFO  EvoClassLoader - Keeping class: org.apache.hadoop.thirdparty.protobuf.MutabilityOracle$1
2024-11-12 13:41:30,697 INFO  EvoClassLoader - Seeing class for first time: org.apache.hadoop.hdfs.server.namenode.FsImageProto$INodeSection$QuotaByStorageTypeFeatureProto
2024-11-12 13:41:30,697 INFO  EvoClassLoader - Instrumenting class 'org.apache.hadoop.hdfs.server.namenode.FsImageProto$INodeSection$QuotaByStorageTypeFeatureProto'.
2024-11-12 13:41:30,697 INFO  MethodCallReplacementClassAdapter - Adding mock interface to class org/apache/hadoop/hdfs/server/namenode/FsImageProto$INodeSection$QuotaByStorageTypeFeatureProto
2024-11-12 13:41:30,698 INFO  CreateClassResetClassAdapter - Found static initializer in class org/apache/hadoop/hdfs/server/namenode/FsImageProto$INodeSection$QuotaByStorageTypeFeatureProto
2024-11-12 13:41:30,698 INFO  EvoClassLoader - Keeping class: org.apache.hadoop.hdfs.server.namenode.FsImageProto$INodeSection$QuotaByStorageTypeFeatureProto
2024-11-12 13:41:30,699 INFO  EvoClassLoader - Seeing class for first time: org.apache.hadoop.hdfs.server.namenode.FsImageProto$INodeSection$QuotaByStorageTypeFeatureProto$1
2024-11-12 13:41:30,699 INFO  EvoClassLoader - Instrumenting class 'org.apache.hadoop.hdfs.server.namenode.FsImageProto$INodeSection$QuotaByStorageTypeFeatureProto$1'.
2024-11-12 13:41:30,699 INFO  MethodCallReplacementClassAdapter - Adding mock interface to class org/apache/hadoop/hdfs/server/namenode/FsImageProto$INodeSection$QuotaByStorageTypeFeatureProto$1
2024-11-12 13:41:30,699 INFO  EvoClassLoader - Keeping class: org.apache.hadoop.hdfs.server.namenode.FsImageProto$INodeSection$QuotaByStorageTypeFeatureProto$1
2024-11-12 13:41:30,700 INFO  EvoClassLoader - Seeing class for first time: org.apache.hadoop.hdfs.server.namenode.FsImageProto$CacheManagerSection
2024-11-12 13:41:30,700 INFO  EvoClassLoader - Instrumenting class 'org.apache.hadoop.hdfs.server.namenode.FsImageProto$CacheManagerSection'.
2024-11-12 13:41:30,700 INFO  MethodCallReplacementClassAdapter - Adding mock interface to class org/apache/hadoop/hdfs/server/namenode/FsImageProto$CacheManagerSection
2024-11-12 13:41:30,701 INFO  CreateClassResetClassAdapter - Found static initializer in class org/apache/hadoop/hdfs/server/namenode/FsImageProto$CacheManagerSection
2024-11-12 13:41:30,701 INFO  EvoClassLoader - Seeing class for first time: org.apache.hadoop.hdfs.server.namenode.FsImageProto$CacheManagerSectionOrBuilder
2024-11-12 13:41:30,701 INFO  EvoClassLoader - Instrumenting class 'org.apache.hadoop.hdfs.server.namenode.FsImageProto$CacheManagerSectionOrBuilder'.
2024-11-12 13:41:30,701 INFO  EvoClassLoader - Keeping class: org.apache.hadoop.hdfs.server.namenode.FsImageProto$CacheManagerSectionOrBuilder
2024-11-12 13:41:30,701 INFO  EvoClassLoader - Keeping class: org.apache.hadoop.hdfs.server.namenode.FsImageProto$CacheManagerSection
2024-11-12 13:41:30,702 INFO  EvoClassLoader - Seeing class for first time: org.apache.hadoop.hdfs.server.namenode.FsImageProto$CacheManagerSection$1
2024-11-12 13:41:30,702 INFO  EvoClassLoader - Instrumenting class 'org.apache.hadoop.hdfs.server.namenode.FsImageProto$CacheManagerSection$1'.
2024-11-12 13:41:30,702 INFO  MethodCallReplacementClassAdapter - Adding mock interface to class org/apache/hadoop/hdfs/server/namenode/FsImageProto$CacheManagerSection$1
2024-11-12 13:41:30,703 INFO  EvoClassLoader - Keeping class: org.apache.hadoop.hdfs.server.namenode.FsImageProto$CacheManagerSection$1
2024-11-12 13:41:30,704 INFO  EvoClassLoader - Seeing class for first time: org.apache.hadoop.hdfs.server.namenode.FsImageProto$INodeSection$Builder
2024-11-12 13:41:30,704 INFO  EvoClassLoader - Instrumenting class 'org.apache.hadoop.hdfs.server.namenode.FsImageProto$INodeSection$Builder'.
2024-11-12 13:41:30,704 INFO  MethodCallReplacementClassAdapter - Adding mock interface to class org/apache/hadoop/hdfs/server/namenode/FsImageProto$INodeSection$Builder
2024-11-12 13:41:30,704 INFO  CreateClassResetClassAdapter - Creating brand-new static initializer in class org/apache/hadoop/hdfs/server/namenode/FsImageProto$INodeSection$Builder
2024-11-12 13:41:30,705 INFO  EvoClassLoader - Keeping class: org.apache.hadoop.hdfs.server.namenode.FsImageProto$INodeSection$Builder
2024-11-12 13:41:30,705 INFO  EvoClassLoader - Seeing class for first time: org.apache.hadoop.hdfs.server.namenode.FsImageProto$INodeSection$AclFeatureProto$1
2024-11-12 13:41:30,705 INFO  EvoClassLoader - Instrumenting class 'org.apache.hadoop.hdfs.server.namenode.FsImageProto$INodeSection$AclFeatureProto$1'.
2024-11-12 13:41:30,705 INFO  MethodCallReplacementClassAdapter - Adding mock interface to class org/apache/hadoop/hdfs/server/namenode/FsImageProto$INodeSection$AclFeatureProto$1
2024-11-12 13:41:30,706 INFO  EvoClassLoader - Keeping class: org.apache.hadoop.hdfs.server.namenode.FsImageProto$INodeSection$AclFeatureProto$1
2024-11-12 13:41:30,706 INFO  EvoClassLoader - Seeing class for first time: org.apache.hadoop.fs.PathIsNotDirectoryException
2024-11-12 13:41:30,706 INFO  EvoClassLoader - Instrumenting class 'org.apache.hadoop.fs.PathIsNotDirectoryException'.
2024-11-12 13:41:30,706 INFO  MethodCallReplacementClassAdapter - Adding mock interface to class org/apache/hadoop/fs/PathIsNotDirectoryException
2024-11-12 13:41:30,706 INFO  CreateClassResetClassAdapter - Creating brand-new static initializer in class org/apache/hadoop/fs/PathIsNotDirectoryException
2024-11-12 13:41:30,706 INFO  EvoClassLoader - Seeing class for first time: org.apache.hadoop.fs.PathExistsException
2024-11-12 13:41:30,706 INFO  EvoClassLoader - Instrumenting class 'org.apache.hadoop.fs.PathExistsException'.
2024-11-12 13:41:30,706 INFO  MethodCallReplacementClassAdapter - Adding mock interface to class org/apache/hadoop/fs/PathExistsException
2024-11-12 13:41:30,706 INFO  CreateClassResetClassAdapter - Creating brand-new static initializer in class org/apache/hadoop/fs/PathExistsException
2024-11-12 13:41:30,706 INFO  EvoClassLoader - Seeing class for first time: org.apache.hadoop.fs.PathIOException
2024-11-12 13:41:30,706 INFO  EvoClassLoader - Instrumenting class 'org.apache.hadoop.fs.PathIOException'.
2024-11-12 13:41:30,706 INFO  MethodCallReplacementClassAdapter - Adding mock interface to class org/apache/hadoop/fs/PathIOException
2024-11-12 13:41:30,706 INFO  CreateClassResetClassAdapter - Creating brand-new static initializer in class org/apache/hadoop/fs/PathIOException
2024-11-12 13:41:30,706 INFO  CreateClassResetClassAdapter - Adding bytecode for initializing field EIO
2024-11-12 13:41:30,707 INFO  EvoClassLoader - Keeping class: org.apache.hadoop.fs.PathIOException
2024-11-12 13:41:30,707 INFO  EvoClassLoader - Keeping class: org.apache.hadoop.fs.PathExistsException
2024-11-12 13:41:30,707 INFO  EvoClassLoader - Keeping class: org.apache.hadoop.fs.PathIsNotDirectoryException
2024-11-12 13:41:30,707 INFO  EvoClassLoader - Seeing class for first time: org.apache.hadoop.hdfs.server.namenode.INodeReference$WithName
2024-11-12 13:41:30,707 INFO  EvoClassLoader - Instrumenting class 'org.apache.hadoop.hdfs.server.namenode.INodeReference$WithName'.
2024-11-12 13:41:30,707 INFO  MethodCallReplacementClassAdapter - Adding mock interface to class org/apache/hadoop/hdfs/server/namenode/INodeReference$WithName
2024-11-12 13:41:30,708 INFO  CreateClassResetClassAdapter - Creating brand-new static initializer in class org/apache/hadoop/hdfs/server/namenode/INodeReference$WithName
2024-11-12 13:41:30,708 INFO  EvoClassLoader - Keeping class: org.apache.hadoop.hdfs.server.namenode.INodeReference$WithName
2024-11-12 13:41:30,709 INFO  EvoClassLoader - Seeing class for first time: org.apache.hadoop.thirdparty.protobuf.NioByteString$1
2024-11-12 13:41:30,709 INFO  EvoClassLoader - Instrumenting class 'org.apache.hadoop.thirdparty.protobuf.NioByteString$1'.
2024-11-12 13:41:30,709 INFO  MethodCallReplacementClassAdapter - Adding mock interface to class org/apache/hadoop/thirdparty/protobuf/NioByteString$1
2024-11-12 13:41:30,710 INFO  EvoClassLoader - Keeping class: org.apache.hadoop.thirdparty.protobuf.NioByteString$1
2024-11-12 13:41:30,711 INFO  EvoClassLoader - Seeing class for first time: org.apache.hadoop.hdfs.server.namenode.FsImageProto$INodeSection$INodeSymlink
2024-11-12 13:41:30,711 INFO  EvoClassLoader - Instrumenting class 'org.apache.hadoop.hdfs.server.namenode.FsImageProto$INodeSection$INodeSymlink'.
2024-11-12 13:41:30,711 INFO  MethodCallReplacementClassAdapter - Adding mock interface to class org/apache/hadoop/hdfs/server/namenode/FsImageProto$INodeSection$INodeSymlink
2024-11-12 13:41:30,713 INFO  CreateClassResetClassAdapter - Found static initializer in class org/apache/hadoop/hdfs/server/namenode/FsImageProto$INodeSection$INodeSymlink
2024-11-12 13:41:30,713 INFO  EvoClassLoader - Keeping class: org.apache.hadoop.hdfs.server.namenode.FsImageProto$INodeSection$INodeSymlink
2024-11-12 13:41:30,714 INFO  EvoClassLoader - Seeing class for first time: org.apache.hadoop.hdfs.server.namenode.FsImageProto$INodeSection$INodeSymlink$1
2024-11-12 13:41:30,714 INFO  EvoClassLoader - Instrumenting class 'org.apache.hadoop.hdfs.server.namenode.FsImageProto$INodeSection$INodeSymlink$1'.
2024-11-12 13:41:30,714 INFO  MethodCallReplacementClassAdapter - Adding mock interface to class org/apache/hadoop/hdfs/server/namenode/FsImageProto$INodeSection$INodeSymlink$1
2024-11-12 13:41:30,714 INFO  EvoClassLoader - Keeping class: org.apache.hadoop.hdfs.server.namenode.FsImageProto$INodeSection$INodeSymlink$1
2024-11-12 13:41:30,715 INFO  EvoClassLoader - Seeing class for first time: org.apache.hadoop.hdfs.server.namenode.XAttrFormat
2024-11-12 13:41:30,715 INFO  EvoClassLoader - Instrumenting class 'org.apache.hadoop.hdfs.server.namenode.XAttrFormat'.
2024-11-12 13:41:30,715 INFO  MethodCallReplacementClassAdapter - Adding mock interface to class org/apache/hadoop/hdfs/server/namenode/XAttrFormat
2024-11-12 13:41:30,716 INFO  CreateClassResetClassAdapter - Found static initializer in class org/apache/hadoop/hdfs/server/namenode/XAttrFormat
2024-11-12 13:41:30,716 INFO  EvoClassLoader - Keeping class: org.apache.hadoop.hdfs.server.namenode.XAttrFormat
2024-11-12 13:41:30,717 INFO  EvoClassLoader - Seeing class for first time: org.apache.hadoop.hdfs.server.namenode.SerialNumberManager
2024-11-12 13:41:30,717 INFO  EvoClassLoader - Instrumenting class 'org.apache.hadoop.hdfs.server.namenode.SerialNumberManager'.
2024-11-12 13:41:30,718 INFO  MethodCallReplacementClassAdapter - Adding mock interface to class org/apache/hadoop/hdfs/server/namenode/SerialNumberManager
2024-11-12 13:41:30,718 INFO  CreateClassResetClassAdapter - Found static initializer in class org/apache/hadoop/hdfs/server/namenode/SerialNumberManager
2024-11-12 13:41:30,719 INFO  EvoClassLoader - Keeping class: org.apache.hadoop.hdfs.server.namenode.SerialNumberManager
2024-11-12 13:41:30,719 INFO  FSDirectory - GLOBAL serial map: bits=29 maxEntries=536870911
2024-11-12 13:41:30,719 INFO  FSDirectory - USER serial map: bits=24 maxEntries=16777215
2024-11-12 13:41:30,719 INFO  FSDirectory - GROUP serial map: bits=24 maxEntries=16777215
2024-11-12 13:41:30,719 INFO  FSDirectory - XATTR serial map: bits=24 maxEntries=16777215
2024-11-12 13:41:30,720 INFO  EvoClassLoader - Seeing class for first time: org.apache.hadoop.hdfs.server.namenode.FsImageProto$StringTableSection$Entry
2024-11-12 13:41:30,720 INFO  EvoClassLoader - Instrumenting class 'org.apache.hadoop.hdfs.server.namenode.FsImageProto$StringTableSection$Entry'.
2024-11-12 13:41:30,720 INFO  MethodCallReplacementClassAdapter - Adding mock interface to class org/apache/hadoop/hdfs/server/namenode/FsImageProto$StringTableSection$Entry
2024-11-12 13:41:30,721 INFO  CreateClassResetClassAdapter - Found static initializer in class org/apache/hadoop/hdfs/server/namenode/FsImageProto$StringTableSection$Entry
2024-11-12 13:41:30,722 INFO  EvoClassLoader - Keeping class: org.apache.hadoop.hdfs.server.namenode.FsImageProto$StringTableSection$Entry
2024-11-12 13:41:30,722 INFO  EvoClassLoader - Seeing class for first time: org.apache.hadoop.hdfs.server.namenode.FsImageProto$SnapshotDiffSection
2024-11-12 13:41:30,722 INFO  EvoClassLoader - Instrumenting class 'org.apache.hadoop.hdfs.server.namenode.FsImageProto$SnapshotDiffSection'.
2024-11-12 13:41:30,723 INFO  MethodCallReplacementClassAdapter - Adding mock interface to class org/apache/hadoop/hdfs/server/namenode/FsImageProto$SnapshotDiffSection
2024-11-12 13:41:30,724 INFO  CreateClassResetClassAdapter - Found static initializer in class org/apache/hadoop/hdfs/server/namenode/FsImageProto$SnapshotDiffSection
2024-11-12 13:41:30,725 INFO  EvoClassLoader - Keeping class: org.apache.hadoop.hdfs.server.namenode.FsImageProto$SnapshotDiffSection
2024-11-12 13:41:30,725 INFO  EvoClassLoader - Seeing class for first time: org.apache.hadoop.hdfs.server.namenode.FsImageProto$SnapshotDiffSection$1
2024-11-12 13:41:30,725 INFO  EvoClassLoader - Instrumenting class 'org.apache.hadoop.hdfs.server.namenode.FsImageProto$SnapshotDiffSection$1'.
2024-11-12 13:41:30,725 INFO  MethodCallReplacementClassAdapter - Adding mock interface to class org/apache/hadoop/hdfs/server/namenode/FsImageProto$SnapshotDiffSection$1
2024-11-12 13:41:30,725 INFO  EvoClassLoader - Keeping class: org.apache.hadoop.hdfs.server.namenode.FsImageProto$SnapshotDiffSection$1
2024-11-12 13:41:30,726 INFO  EvoClassLoader - Seeing class for first time: org.apache.hadoop.fs.permission.PermissionStatus
2024-11-12 13:41:30,726 INFO  EvoClassLoader - Instrumenting class 'org.apache.hadoop.fs.permission.PermissionStatus'.
2024-11-12 13:41:30,726 INFO  MethodCallReplacementClassAdapter - Adding mock interface to class org/apache/hadoop/fs/permission/PermissionStatus
2024-11-12 13:41:30,726 INFO  CreateClassResetClassAdapter - Found static initializer in class org/apache/hadoop/fs/permission/PermissionStatus
2024-11-12 13:41:30,727 INFO  EvoClassLoader - Keeping class: org.apache.hadoop.fs.permission.PermissionStatus
2024-11-12 13:41:30,727 INFO  EvoClassLoader - Seeing class for first time: org.apache.hadoop.fs.permission.PermissionStatus$2
2024-11-12 13:41:30,727 INFO  EvoClassLoader - Instrumenting class 'org.apache.hadoop.fs.permission.PermissionStatus$2'.
2024-11-12 13:41:30,727 INFO  MethodCallReplacementClassAdapter - Adding mock interface to class org/apache/hadoop/fs/permission/PermissionStatus$2
2024-11-12 13:41:30,727 INFO  EvoClassLoader - Keeping class: org.apache.hadoop.fs.permission.PermissionStatus$2
2024-11-12 13:41:30,727 INFO  EvoClassLoader - Seeing class for first time: org.apache.hadoop.fs.permission.PermissionStatus$1
2024-11-12 13:41:30,727 INFO  EvoClassLoader - Instrumenting class 'org.apache.hadoop.fs.permission.PermissionStatus$1'.
2024-11-12 13:41:30,727 INFO  MethodCallReplacementClassAdapter - Adding mock interface to class org/apache/hadoop/fs/permission/PermissionStatus$1
2024-11-12 13:41:30,727 INFO  EvoClassLoader - Keeping class: org.apache.hadoop.fs.permission.PermissionStatus$1
2024-11-12 13:41:30,728 INFO  EvoClassLoader - Seeing class for first time: org.apache.hadoop.fs.RawLocalFileSystem
2024-11-12 13:41:30,728 INFO  EvoClassLoader - Instrumenting class 'org.apache.hadoop.fs.RawLocalFileSystem'.
2024-11-12 13:41:30,728 INFO  MethodCallReplacementClassAdapter - Adding mock interface to class org/apache/hadoop/fs/RawLocalFileSystem
2024-11-12 13:41:30,731 INFO  CreateClassResetClassAdapter - Found static initializer in class org/apache/hadoop/fs/RawLocalFileSystem
2024-11-12 13:41:30,732 INFO  EvoClassLoader - Keeping class: org.apache.hadoop.fs.RawLocalFileSystem
2024-11-12 13:41:30,732 INFO  EvoClassLoader - Seeing class for first time: org.apache.hadoop.fs.Path
2024-11-12 13:41:30,732 INFO  EvoClassLoader - Instrumenting class 'org.apache.hadoop.fs.Path'.
2024-11-12 13:41:30,733 INFO  MethodCallReplacementClassAdapter - Adding mock interface to class org/apache/hadoop/fs/Path
2024-11-12 13:41:30,734 INFO  CreateClassResetClassAdapter - Found static initializer in class org/apache/hadoop/fs/Path
2024-11-12 13:41:30,735 INFO  EvoClassLoader - Keeping class: org.apache.hadoop.fs.Path
2024-11-12 13:41:30,735 INFO  EvoClassLoader - Seeing class for first time: org.apache.hadoop.fs.FSDataOutputStream
2024-11-12 13:41:30,735 INFO  EvoClassLoader - Instrumenting class 'org.apache.hadoop.fs.FSDataOutputStream'.
2024-11-12 13:41:30,735 INFO  MethodCallReplacementClassAdapter - Adding mock interface to class org/apache/hadoop/fs/FSDataOutputStream
2024-11-12 13:41:30,736 INFO  CreateClassResetClassAdapter - Creating brand-new static initializer in class org/apache/hadoop/fs/FSDataOutputStream
2024-11-12 13:41:30,736 INFO  EvoClassLoader - Seeing class for first time: org.apache.hadoop.fs.Syncable
2024-11-12 13:41:30,736 INFO  EvoClassLoader - Instrumenting class 'org.apache.hadoop.fs.Syncable'.
2024-11-12 13:41:30,737 INFO  EvoClassLoader - Keeping class: org.apache.hadoop.fs.Syncable
2024-11-12 13:41:30,737 INFO  EvoClassLoader - Seeing class for first time: org.apache.hadoop.fs.Abortable
2024-11-12 13:41:30,737 INFO  EvoClassLoader - Instrumenting class 'org.apache.hadoop.fs.Abortable'.
2024-11-12 13:41:30,737 INFO  EvoClassLoader - Keeping class: org.apache.hadoop.fs.Abortable
2024-11-12 13:41:30,737 INFO  EvoClassLoader - Keeping class: org.apache.hadoop.fs.FSDataOutputStream
2024-11-12 13:41:30,737 INFO  EvoClassLoader - Seeing class for first time: org.apache.hadoop.util.Progressable
2024-11-12 13:41:30,737 INFO  EvoClassLoader - Instrumenting class 'org.apache.hadoop.util.Progressable'.
2024-11-12 13:41:30,737 INFO  EvoClassLoader - Keeping class: org.apache.hadoop.util.Progressable
2024-11-12 13:41:30,737 INFO  EvoClassLoader - Seeing class for first time: org.apache.hadoop.fs.FileSystem$Cache$Key
2024-11-12 13:41:30,737 INFO  EvoClassLoader - Instrumenting class 'org.apache.hadoop.fs.FileSystem$Cache$Key'.
2024-11-12 13:41:30,737 INFO  MethodCallReplacementClassAdapter - Adding mock interface to class org/apache/hadoop/fs/FileSystem$Cache$Key
2024-11-12 13:41:30,738 INFO  CreateClassResetClassAdapter - Creating brand-new static initializer in class org/apache/hadoop/fs/FileSystem$Cache$Key
2024-11-12 13:41:30,738 INFO  EvoClassLoader - Keeping class: org.apache.hadoop.fs.FileSystem$Cache$Key
2024-11-12 13:41:30,738 INFO  EvoClassLoader - Seeing class for first time: org.apache.hadoop.fs.Options$Rename
2024-11-12 13:41:30,738 INFO  EvoClassLoader - Instrumenting class 'org.apache.hadoop.fs.Options$Rename'.
2024-11-12 13:41:30,738 INFO  MethodCallReplacementClassAdapter - Adding mock interface to class org/apache/hadoop/fs/Options$Rename
2024-11-12 13:41:30,738 INFO  CreateClassResetClassAdapter - Found static initializer in class org/apache/hadoop/fs/Options$Rename
2024-11-12 13:41:30,738 INFO  EvoClassLoader - Keeping class: org.apache.hadoop.fs.Options$Rename
2024-11-12 13:41:30,738 INFO  EvoClassLoader - Seeing class for first time: org.apache.hadoop.fs.Options$ChecksumOpt
2024-11-12 13:41:30,738 INFO  EvoClassLoader - Instrumenting class 'org.apache.hadoop.fs.Options$ChecksumOpt'.
2024-11-12 13:41:30,738 INFO  MethodCallReplacementClassAdapter - Adding mock interface to class org/apache/hadoop/fs/Options$ChecksumOpt
2024-11-12 13:41:30,738 INFO  CreateClassResetClassAdapter - Creating brand-new static initializer in class org/apache/hadoop/fs/Options$ChecksumOpt
2024-11-12 13:41:30,738 INFO  EvoClassLoader - Keeping class: org.apache.hadoop.fs.Options$ChecksumOpt
2024-11-12 13:41:30,738 INFO  EvoClassLoader - Seeing class for first time: org.apache.hadoop.fs.PathHandle
2024-11-12 13:41:30,738 INFO  EvoClassLoader - Instrumenting class 'org.apache.hadoop.fs.PathHandle'.
2024-11-12 13:41:30,739 INFO  EvoClassLoader - Keeping class: org.apache.hadoop.fs.PathHandle
2024-11-12 13:41:30,739 INFO  EvoClassLoader - Seeing class for first time: org.apache.hadoop.security.UserGroupInformation
2024-11-12 13:41:30,739 INFO  EvoClassLoader - Instrumenting class 'org.apache.hadoop.security.UserGroupInformation'.
2024-11-12 13:41:30,739 INFO  MethodCallReplacementClassAdapter - Adding mock interface to class org/apache/hadoop/security/UserGroupInformation
2024-11-12 13:41:30,742 INFO  CreateClassResetClassAdapter - Found static initializer in class org/apache/hadoop/security/UserGroupInformation
2024-11-12 13:41:30,743 INFO  EvoClassLoader - Keeping class: org.apache.hadoop.security.UserGroupInformation
2024-11-12 13:41:30,743 INFO  EvoClassLoader - Seeing class for first time: org.apache.hadoop.security.token.Token
2024-11-12 13:41:30,743 INFO  EvoClassLoader - Instrumenting class 'org.apache.hadoop.security.token.Token'.
2024-11-12 13:41:30,744 INFO  MethodCallReplacementClassAdapter - Adding mock interface to class org/apache/hadoop/security/token/Token
2024-11-12 13:41:30,744 INFO  CreateClassResetClassAdapter - Found static initializer in class org/apache/hadoop/security/token/Token
2024-11-12 13:41:30,745 INFO  EvoClassLoader - Keeping class: org.apache.hadoop.security.token.Token
2024-11-12 13:41:30,745 INFO  EvoClassLoader - Seeing class for first time: org.apache.hadoop.fs.BlockLocation
2024-11-12 13:41:30,745 INFO  EvoClassLoader - Instrumenting class 'org.apache.hadoop.fs.BlockLocation'.
2024-11-12 13:41:30,745 INFO  MethodCallReplacementClassAdapter - Adding mock interface to class org/apache/hadoop/fs/BlockLocation
2024-11-12 13:41:30,745 INFO  CreateClassResetClassAdapter - Found static initializer in class org/apache/hadoop/fs/BlockLocation
2024-11-12 13:41:30,745 INFO  EvoClassLoader - Keeping class: org.apache.hadoop.fs.BlockLocation
2024-11-12 13:41:30,745 INFO  EvoClassLoader - Seeing class for first time: org.apache.hadoop.fs.FsServerDefaults
2024-11-12 13:41:30,745 INFO  EvoClassLoader - Instrumenting class 'org.apache.hadoop.fs.FsServerDefaults'.
2024-11-12 13:41:30,745 INFO  MethodCallReplacementClassAdapter - Adding mock interface to class org/apache/hadoop/fs/FsServerDefaults
2024-11-12 13:41:30,745 INFO  CreateClassResetClassAdapter - Found static initializer in class org/apache/hadoop/fs/FsServerDefaults
2024-11-12 13:41:30,746 INFO  EvoClassLoader - Keeping class: org.apache.hadoop.fs.FsServerDefaults
2024-11-12 13:41:30,746 INFO  EvoClassLoader - Seeing class for first time: org.apache.hadoop.fs.FileSystem$Statistics
2024-11-12 13:41:30,746 INFO  EvoClassLoader - Instrumenting class 'org.apache.hadoop.fs.FileSystem$Statistics'.
2024-11-12 13:41:30,746 INFO  MethodCallReplacementClassAdapter - Adding mock interface to class org/apache/hadoop/fs/FileSystem$Statistics
2024-11-12 13:41:30,746 INFO  CreateClassResetClassAdapter - Found static initializer in class org/apache/hadoop/fs/FileSystem$Statistics
2024-11-12 13:41:30,746 INFO  EvoClassLoader - Keeping class: org.apache.hadoop.fs.FileSystem$Statistics
2024-11-12 13:41:30,746 INFO  EvoClassLoader - Seeing class for first time: org.apache.hadoop.fs.Options$HandleOpt
2024-11-12 13:41:30,746 INFO  EvoClassLoader - Instrumenting class 'org.apache.hadoop.fs.Options$HandleOpt'.
2024-11-12 13:41:30,747 INFO  MethodCallReplacementClassAdapter - Adding mock interface to class org/apache/hadoop/fs/Options$HandleOpt
2024-11-12 13:41:30,747 INFO  CreateClassResetClassAdapter - Creating brand-new static initializer in class org/apache/hadoop/fs/Options$HandleOpt
2024-11-12 13:41:30,747 INFO  EvoClassLoader - Keeping class: org.apache.hadoop.fs.Options$HandleOpt
2024-11-12 13:41:30,747 INFO  EvoClassLoader - Seeing class for first time: org.apache.hadoop.fs.FileSystem$DirectoryEntries
2024-11-12 13:41:30,747 INFO  EvoClassLoader - Instrumenting class 'org.apache.hadoop.fs.FileSystem$DirectoryEntries'.
2024-11-12 13:41:30,747 INFO  MethodCallReplacementClassAdapter - Adding mock interface to class org/apache/hadoop/fs/FileSystem$DirectoryEntries
2024-11-12 13:41:30,747 INFO  CreateClassResetClassAdapter - Creating brand-new static initializer in class org/apache/hadoop/fs/FileSystem$DirectoryEntries
2024-11-12 13:41:30,747 INFO  EvoClassLoader - Keeping class: org.apache.hadoop.fs.FileSystem$DirectoryEntries
2024-11-12 13:41:30,748 INFO  EvoClassLoader - Seeing class for first time: org.apache.hadoop.fs.FileChecksum
2024-11-12 13:41:30,748 INFO  EvoClassLoader - Instrumenting class 'org.apache.hadoop.fs.FileChecksum'.
2024-11-12 13:41:30,748 INFO  MethodCallReplacementClassAdapter - Adding mock interface to class org/apache/hadoop/fs/FileChecksum
2024-11-12 13:41:30,748 INFO  CreateClassResetClassAdapter - Creating brand-new static initializer in class org/apache/hadoop/fs/FileChecksum
2024-11-12 13:41:30,748 INFO  EvoClassLoader - Keeping class: org.apache.hadoop.fs.FileChecksum
2024-11-12 13:41:30,748 INFO  EvoClassLoader - Seeing class for first time: org.apache.hadoop.fs.FsStatus
2024-11-12 13:41:30,748 INFO  EvoClassLoader - Instrumenting class 'org.apache.hadoop.fs.FsStatus'.
2024-11-12 13:41:30,748 INFO  MethodCallReplacementClassAdapter - Adding mock interface to class org/apache/hadoop/fs/FsStatus
2024-11-12 13:41:30,748 INFO  CreateClassResetClassAdapter - Creating brand-new static initializer in class org/apache/hadoop/fs/FsStatus
2024-11-12 13:41:30,748 INFO  EvoClassLoader - Keeping class: org.apache.hadoop.fs.FsStatus
2024-11-12 13:41:30,748 INFO  EvoClassLoader - Seeing class for first time: org.apache.hadoop.fs.permission.AclStatus
2024-11-12 13:41:30,748 INFO  EvoClassLoader - Instrumenting class 'org.apache.hadoop.fs.permission.AclStatus'.
2024-11-12 13:41:30,748 INFO  MethodCallReplacementClassAdapter - Adding mock interface to class org/apache/hadoop/fs/permission/AclStatus
2024-11-12 13:41:30,748 INFO  CreateClassResetClassAdapter - Creating brand-new static initializer in class org/apache/hadoop/fs/permission/AclStatus
2024-11-12 13:41:30,748 INFO  EvoClassLoader - Keeping class: org.apache.hadoop.fs.permission.AclStatus
2024-11-12 13:41:30,748 INFO  EvoClassLoader - Seeing class for first time: org.apache.hadoop.fs.BlockStoragePolicySpi
2024-11-12 13:41:30,748 INFO  EvoClassLoader - Instrumenting class 'org.apache.hadoop.fs.BlockStoragePolicySpi'.
2024-11-12 13:41:30,749 INFO  EvoClassLoader - Keeping class: org.apache.hadoop.fs.BlockStoragePolicySpi
2024-11-12 13:41:30,749 INFO  EvoClassLoader - Seeing class for first time: org.apache.hadoop.fs.GlobalStorageStatistics
2024-11-12 13:41:30,749 INFO  EvoClassLoader - Instrumenting class 'org.apache.hadoop.fs.GlobalStorageStatistics'.
2024-11-12 13:41:30,749 INFO  MethodCallReplacementClassAdapter - Adding mock interface to class org/apache/hadoop/fs/GlobalStorageStatistics
2024-11-12 13:41:30,749 INFO  CreateClassResetClassAdapter - Found static initializer in class org/apache/hadoop/fs/GlobalStorageStatistics
2024-11-12 13:41:30,750 INFO  EvoClassLoader - Keeping class: org.apache.hadoop.fs.GlobalStorageStatistics
2024-11-12 13:41:30,750 INFO  EvoClassLoader - Seeing class for first time: org.apache.hadoop.fs.impl.OpenFileParameters
2024-11-12 13:41:30,750 INFO  EvoClassLoader - Instrumenting class 'org.apache.hadoop.fs.impl.OpenFileParameters'.
2024-11-12 13:41:30,750 INFO  MethodCallReplacementClassAdapter - Adding mock interface to class org/apache/hadoop/fs/impl/OpenFileParameters
2024-11-12 13:41:30,750 INFO  CreateClassResetClassAdapter - Creating brand-new static initializer in class org/apache/hadoop/fs/impl/OpenFileParameters
2024-11-12 13:41:30,750 INFO  EvoClassLoader - Keeping class: org.apache.hadoop.fs.impl.OpenFileParameters
2024-11-12 13:41:30,750 INFO  EvoClassLoader - Seeing class for first time: org.apache.hadoop.fs.MultipartUploaderBuilder
2024-11-12 13:41:30,750 INFO  EvoClassLoader - Instrumenting class 'org.apache.hadoop.fs.MultipartUploaderBuilder'.
2024-11-12 13:41:30,750 INFO  EvoClassLoader - Keeping class: org.apache.hadoop.fs.MultipartUploaderBuilder
2024-11-12 13:41:30,750 INFO  EvoClassLoader - Seeing class for first time: io.netty.channel.ChannelHandlerContext
2024-11-12 13:41:30,750 INFO  EvoClassLoader - Instrumenting class 'io.netty.channel.ChannelHandlerContext'.
2024-11-12 13:41:30,751 INFO  EvoClassLoader - Seeing class for first time: io.netty.util.AttributeMap
2024-11-12 13:41:30,751 INFO  EvoClassLoader - Instrumenting class 'io.netty.util.AttributeMap'.
2024-11-12 13:41:30,751 INFO  EvoClassLoader - Defined package (3): package io.netty.util, 1023385430
2024-11-12 13:41:30,751 INFO  EvoClassLoader - Keeping class: io.netty.util.AttributeMap
2024-11-12 13:41:30,751 INFO  EvoClassLoader - Seeing class for first time: io.netty.channel.ChannelInboundInvoker
2024-11-12 13:41:30,751 INFO  EvoClassLoader - Instrumenting class 'io.netty.channel.ChannelInboundInvoker'.
2024-11-12 13:41:30,752 INFO  EvoClassLoader - Keeping class: io.netty.channel.ChannelInboundInvoker
2024-11-12 13:41:30,752 INFO  EvoClassLoader - Seeing class for first time: io.netty.channel.ChannelOutboundInvoker
2024-11-12 13:41:30,752 INFO  EvoClassLoader - Instrumenting class 'io.netty.channel.ChannelOutboundInvoker'.
2024-11-12 13:41:30,752 INFO  EvoClassLoader - Keeping class: io.netty.channel.ChannelOutboundInvoker
2024-11-12 13:41:30,752 INFO  EvoClassLoader - Keeping class: io.netty.channel.ChannelHandlerContext
2024-11-12 13:41:30,752 INFO  EvoClassLoader - Seeing class for first time: org.apache.hadoop.thirdparty.protobuf.MapEntry$Builder
2024-11-12 13:41:30,752 INFO  EvoClassLoader - Instrumenting class 'org.apache.hadoop.thirdparty.protobuf.MapEntry$Builder'.
2024-11-12 13:41:30,752 INFO  MethodCallReplacementClassAdapter - Adding mock interface to class org/apache/hadoop/thirdparty/protobuf/MapEntry$Builder
2024-11-12 13:41:30,753 INFO  CreateClassResetClassAdapter - Creating brand-new static initializer in class org/apache/hadoop/thirdparty/protobuf/MapEntry$Builder
2024-11-12 13:41:30,754 INFO  EvoClassLoader - Keeping class: org.apache.hadoop.thirdparty.protobuf.MapEntry$Builder
2024-11-12 13:41:30,754 INFO  EvoClassLoader - Seeing class for first time: org.apache.hadoop.conf.StorageUnit
2024-11-12 13:41:30,754 INFO  EvoClassLoader - Instrumenting class 'org.apache.hadoop.conf.StorageUnit'.
2024-11-12 13:41:30,754 INFO  MethodCallReplacementClassAdapter - Adding mock interface to class org/apache/hadoop/conf/StorageUnit
2024-11-12 13:41:30,754 INFO  CreateClassResetClassAdapter - Found static initializer in class org/apache/hadoop/conf/StorageUnit
2024-11-12 13:41:30,754 INFO  EvoClassLoader - Keeping class: org.apache.hadoop.conf.StorageUnit
2024-11-12 13:41:30,755 INFO  EvoClassLoader - Seeing class for first time: org.apache.hadoop.conf.Configuration$IntegerRanges
2024-11-12 13:41:30,755 INFO  EvoClassLoader - Instrumenting class 'org.apache.hadoop.conf.Configuration$IntegerRanges'.
2024-11-12 13:41:30,755 INFO  MethodCallReplacementClassAdapter - Adding mock interface to class org/apache/hadoop/conf/Configuration$IntegerRanges
2024-11-12 13:41:30,756 INFO  CreateClassResetClassAdapter - Creating brand-new static initializer in class org/apache/hadoop/conf/Configuration$IntegerRanges
2024-11-12 13:41:30,756 INFO  EvoClassLoader - Keeping class: org.apache.hadoop.conf.Configuration$IntegerRanges
2024-11-12 13:41:30,756 INFO  EvoClassLoader - Seeing class for first time: com.fasterxml.jackson.core.JsonGenerator
2024-11-12 13:41:30,756 INFO  EvoClassLoader - Instrumenting class 'com.fasterxml.jackson.core.JsonGenerator'.
2024-11-12 13:41:30,757 INFO  MethodCallReplacementClassAdapter - Adding mock interface to class com/fasterxml/jackson/core/JsonGenerator
2024-11-12 13:41:30,759 INFO  CreateClassResetClassAdapter - Found static initializer in class com/fasterxml/jackson/core/JsonGenerator
2024-11-12 13:41:30,759 INFO  EvoClassLoader - Defined package (3): package com.fasterxml.jackson.core, 1215208167
2024-11-12 13:41:30,759 INFO  EvoClassLoader - Seeing class for first time: com.fasterxml.jackson.core.Versioned
2024-11-12 13:41:30,759 INFO  EvoClassLoader - Instrumenting class 'com.fasterxml.jackson.core.Versioned'.
2024-11-12 13:41:30,760 INFO  EvoClassLoader - Keeping class: com.fasterxml.jackson.core.Versioned
2024-11-12 13:41:30,760 INFO  EvoClassLoader - Keeping class: com.fasterxml.jackson.core.JsonGenerator
2024-11-12 13:41:30,760 INFO  EvoClassLoader - Seeing class for first time: org.apache.hadoop.conf.ConfigRedactor
2024-11-12 13:41:30,760 INFO  EvoClassLoader - Instrumenting class 'org.apache.hadoop.conf.ConfigRedactor'.
2024-11-12 13:41:30,760 INFO  MethodCallReplacementClassAdapter - Adding mock interface to class org/apache/hadoop/conf/ConfigRedactor
2024-11-12 13:41:30,760 INFO  CreateClassResetClassAdapter - Creating brand-new static initializer in class org/apache/hadoop/conf/ConfigRedactor
2024-11-12 13:41:30,760 INFO  CreateClassResetClassAdapter - Adding bytecode for initializing field REDACTED_TEXT
2024-11-12 13:41:30,760 INFO  EvoClassLoader - Keeping class: org.apache.hadoop.conf.ConfigRedactor
2024-11-12 13:41:30,761 INFO  EvoClassLoader - Seeing class for first time: org.apache.hadoop.security.alias.CredentialProvider
2024-11-12 13:41:30,761 INFO  EvoClassLoader - Instrumenting class 'org.apache.hadoop.security.alias.CredentialProvider'.
2024-11-12 13:41:30,761 INFO  MethodCallReplacementClassAdapter - Adding mock interface to class org/apache/hadoop/security/alias/CredentialProvider
2024-11-12 13:41:30,761 INFO  CreateClassResetClassAdapter - Creating brand-new static initializer in class org/apache/hadoop/security/alias/CredentialProvider
2024-11-12 13:41:30,761 INFO  CreateClassResetClassAdapter - Adding bytecode for initializing field CLEAR_TEXT_FALLBACK
2024-11-12 13:41:30,761 INFO  EvoClassLoader - Defined package (3): package org.apache.hadoop.security.alias, -558591691
2024-11-12 13:41:30,761 INFO  EvoClassLoader - Keeping class: org.apache.hadoop.security.alias.CredentialProvider
2024-11-12 13:41:30,761 INFO  EvoClassLoader - Seeing class for first time: org.apache.hadoop.security.alias.CredentialProvider$CredentialEntry
2024-11-12 13:41:30,761 INFO  EvoClassLoader - Instrumenting class 'org.apache.hadoop.security.alias.CredentialProvider$CredentialEntry'.
2024-11-12 13:41:30,761 INFO  MethodCallReplacementClassAdapter - Adding mock interface to class org/apache/hadoop/security/alias/CredentialProvider$CredentialEntry
2024-11-12 13:41:30,761 INFO  CreateClassResetClassAdapter - Creating brand-new static initializer in class org/apache/hadoop/security/alias/CredentialProvider$CredentialEntry
2024-11-12 13:41:30,761 INFO  EvoClassLoader - Keeping class: org.apache.hadoop.security.alias.CredentialProvider$CredentialEntry
2024-11-12 13:41:30,761 INFO  EvoClassLoader - Seeing class for first time: io.netty.handler.codec.http.QueryStringDecoder
2024-11-12 13:41:30,761 INFO  EvoClassLoader - Instrumenting class 'io.netty.handler.codec.http.QueryStringDecoder'.
2024-11-12 13:41:30,762 INFO  MethodCallReplacementClassAdapter - Adding mock interface to class io/netty/handler/codec/http/QueryStringDecoder
2024-11-12 13:41:30,763 INFO  CreateClassResetClassAdapter - Creating brand-new static initializer in class io/netty/handler/codec/http/QueryStringDecoder
2024-11-12 13:41:30,763 INFO  CreateClassResetClassAdapter - Adding bytecode for initializing field DEFAULT_MAX_PARAMS
2024-11-12 13:41:30,763 INFO  EvoClassLoader - Defined package (3): package io.netty.handler.codec.http, -1670754088
2024-11-12 13:41:30,763 INFO  EvoClassLoader - Keeping class: io.netty.handler.codec.http.QueryStringDecoder
2024-11-12 13:41:30,763 INFO  EvoClassLoader - Seeing class for first time: io.netty.handler.codec.http.HttpRequest
2024-11-12 13:41:30,763 INFO  EvoClassLoader - Instrumenting class 'io.netty.handler.codec.http.HttpRequest'.
2024-11-12 13:41:30,764 INFO  EvoClassLoader - Seeing class for first time: io.netty.handler.codec.http.HttpMessage
2024-11-12 13:41:30,764 INFO  EvoClassLoader - Instrumenting class 'io.netty.handler.codec.http.HttpMessage'.
2024-11-12 13:41:30,764 INFO  EvoClassLoader - Seeing class for first time: io.netty.handler.codec.http.HttpObject
2024-11-12 13:41:30,764 INFO  EvoClassLoader - Instrumenting class 'io.netty.handler.codec.http.HttpObject'.
2024-11-12 13:41:30,764 INFO  EvoClassLoader - Seeing class for first time: io.netty.handler.codec.DecoderResultProvider
2024-11-12 13:41:30,764 INFO  EvoClassLoader - Instrumenting class 'io.netty.handler.codec.DecoderResultProvider'.
2024-11-12 13:41:30,765 INFO  EvoClassLoader - Defined package (3): package io.netty.handler.codec, -1568242786
2024-11-12 13:41:30,765 INFO  EvoClassLoader - Keeping class: io.netty.handler.codec.DecoderResultProvider
2024-11-12 13:41:30,765 INFO  EvoClassLoader - Keeping class: io.netty.handler.codec.http.HttpObject
2024-11-12 13:41:30,765 INFO  EvoClassLoader - Keeping class: io.netty.handler.codec.http.HttpMessage
2024-11-12 13:41:30,765 INFO  EvoClassLoader - Keeping class: io.netty.handler.codec.http.HttpRequest
2024-11-12 13:41:30,765 INFO  EvoClassLoader - Seeing class for first time: org.apache.hadoop.hdfs.server.namenode.FsImageProto$INodeSection$XAttrCompactProto
2024-11-12 13:41:30,765 INFO  EvoClassLoader - Instrumenting class 'org.apache.hadoop.hdfs.server.namenode.FsImageProto$INodeSection$XAttrCompactProto'.
2024-11-12 13:41:30,766 INFO  MethodCallReplacementClassAdapter - Adding mock interface to class org/apache/hadoop/hdfs/server/namenode/FsImageProto$INodeSection$XAttrCompactProto
2024-11-12 13:41:30,767 INFO  CreateClassResetClassAdapter - Found static initializer in class org/apache/hadoop/hdfs/server/namenode/FsImageProto$INodeSection$XAttrCompactProto
2024-11-12 13:41:30,768 INFO  EvoClassLoader - Seeing class for first time: org.apache.hadoop.hdfs.server.namenode.FsImageProto$INodeSection$XAttrCompactProtoOrBuilder
2024-11-12 13:41:30,768 INFO  EvoClassLoader - Instrumenting class 'org.apache.hadoop.hdfs.server.namenode.FsImageProto$INodeSection$XAttrCompactProtoOrBuilder'.
2024-11-12 13:41:30,768 INFO  EvoClassLoader - Keeping class: org.apache.hadoop.hdfs.server.namenode.FsImageProto$INodeSection$XAttrCompactProtoOrBuilder
2024-11-12 13:41:30,768 INFO  EvoClassLoader - Keeping class: org.apache.hadoop.hdfs.server.namenode.FsImageProto$INodeSection$XAttrCompactProto
2024-11-12 13:41:30,768 INFO  EvoClassLoader - Seeing class for first time: org.apache.hadoop.hdfs.server.namenode.FsImageProto$INodeSection$XAttrFeatureProto$Builder
2024-11-12 13:41:30,768 INFO  EvoClassLoader - Instrumenting class 'org.apache.hadoop.hdfs.server.namenode.FsImageProto$INodeSection$XAttrFeatureProto$Builder'.
2024-11-12 13:41:30,769 INFO  MethodCallReplacementClassAdapter - Adding mock interface to class org/apache/hadoop/hdfs/server/namenode/FsImageProto$INodeSection$XAttrFeatureProto$Builder
2024-11-12 13:41:30,769 INFO  CreateClassResetClassAdapter - Creating brand-new static initializer in class org/apache/hadoop/hdfs/server/namenode/FsImageProto$INodeSection$XAttrFeatureProto$Builder
2024-11-12 13:41:30,770 INFO  EvoClassLoader - Keeping class: org.apache.hadoop.hdfs.server.namenode.FsImageProto$INodeSection$XAttrFeatureProto$Builder
2024-11-12 13:41:30,770 INFO  EvoClassLoader - Seeing class for first time: org.apache.hadoop.hdfs.server.namenode.FsImageProto$INodeSection$INode$Type
2024-11-12 13:41:30,770 INFO  EvoClassLoader - Instrumenting class 'org.apache.hadoop.hdfs.server.namenode.FsImageProto$INodeSection$INode$Type'.
2024-11-12 13:41:30,770 INFO  MethodCallReplacementClassAdapter - Adding mock interface to class org/apache/hadoop/hdfs/server/namenode/FsImageProto$INodeSection$INode$Type
2024-11-12 13:41:30,770 INFO  CreateClassResetClassAdapter - Found static initializer in class org/apache/hadoop/hdfs/server/namenode/FsImageProto$INodeSection$INode$Type
2024-11-12 13:41:30,770 INFO  EvoClassLoader - Keeping class: org.apache.hadoop.hdfs.server.namenode.FsImageProto$INodeSection$INode$Type
2024-11-12 13:41:30,771 INFO  EvoClassLoader - Seeing class for first time: org.apache.hadoop.hdfs.server.namenode.FsImageProto$INodeSection$INode$Builder
2024-11-12 13:41:30,771 INFO  EvoClassLoader - Instrumenting class 'org.apache.hadoop.hdfs.server.namenode.FsImageProto$INodeSection$INode$Builder'.
2024-11-12 13:41:30,771 INFO  MethodCallReplacementClassAdapter - Adding mock interface to class org/apache/hadoop/hdfs/server/namenode/FsImageProto$INodeSection$INode$Builder
2024-11-12 13:41:30,771 INFO  CreateClassResetClassAdapter - Creating brand-new static initializer in class org/apache/hadoop/hdfs/server/namenode/FsImageProto$INodeSection$INode$Builder
2024-11-12 13:41:30,772 INFO  EvoClassLoader - Keeping class: org.apache.hadoop.hdfs.server.namenode.FsImageProto$INodeSection$INode$Builder
2024-11-12 13:41:30,772 INFO  EvoClassLoader - Seeing class for first time: org.apache.hadoop.hdfs.protocol.proto.HdfsProtos$BlockProto$Builder
2024-11-12 13:41:30,772 INFO  EvoClassLoader - Instrumenting class 'org.apache.hadoop.hdfs.protocol.proto.HdfsProtos$BlockProto$Builder'.
2024-11-12 13:41:30,772 INFO  MethodCallReplacementClassAdapter - Adding mock interface to class org/apache/hadoop/hdfs/protocol/proto/HdfsProtos$BlockProto$Builder
2024-11-12 13:41:30,773 INFO  CreateClassResetClassAdapter - Creating brand-new static initializer in class org/apache/hadoop/hdfs/protocol/proto/HdfsProtos$BlockProto$Builder
2024-11-12 13:41:30,773 INFO  EvoClassLoader - Keeping class: org.apache.hadoop.hdfs.protocol.proto.HdfsProtos$BlockProto$Builder
2024-11-12 13:41:30,773 INFO  EvoClassLoader - Seeing class for first time: org.apache.hadoop.hdfs.server.namenode.FsImageProto$ErasureCodingSection$Builder
2024-11-12 13:41:30,773 INFO  EvoClassLoader - Instrumenting class 'org.apache.hadoop.hdfs.server.namenode.FsImageProto$ErasureCodingSection$Builder'.
2024-11-12 13:41:30,773 INFO  MethodCallReplacementClassAdapter - Adding mock interface to class org/apache/hadoop/hdfs/server/namenode/FsImageProto$ErasureCodingSection$Builder
2024-11-12 13:41:30,774 INFO  CreateClassResetClassAdapter - Creating brand-new static initializer in class org/apache/hadoop/hdfs/server/namenode/FsImageProto$ErasureCodingSection$Builder
2024-11-12 13:41:30,774 INFO  EvoClassLoader - Keeping class: org.apache.hadoop.hdfs.server.namenode.FsImageProto$ErasureCodingSection$Builder
2024-11-12 13:41:30,774 INFO  EvoClassLoader - Seeing class for first time: org.apache.hadoop.hdfs.protocol.proto.HdfsProtos$ErasureCodingPolicyProto
2024-11-12 13:41:30,774 INFO  EvoClassLoader - Instrumenting class 'org.apache.hadoop.hdfs.protocol.proto.HdfsProtos$ErasureCodingPolicyProto'.
2024-11-12 13:41:30,774 INFO  MethodCallReplacementClassAdapter - Adding mock interface to class org/apache/hadoop/hdfs/protocol/proto/HdfsProtos$ErasureCodingPolicyProto
2024-11-12 13:41:30,775 INFO  CreateClassResetClassAdapter - Found static initializer in class org/apache/hadoop/hdfs/protocol/proto/HdfsProtos$ErasureCodingPolicyProto
2024-11-12 13:41:30,776 INFO  EvoClassLoader - Seeing class for first time: org.apache.hadoop.hdfs.protocol.proto.HdfsProtos$ErasureCodingPolicyProtoOrBuilder
2024-11-12 13:41:30,776 INFO  EvoClassLoader - Instrumenting class 'org.apache.hadoop.hdfs.protocol.proto.HdfsProtos$ErasureCodingPolicyProtoOrBuilder'.
2024-11-12 13:41:30,776 INFO  EvoClassLoader - Keeping class: org.apache.hadoop.hdfs.protocol.proto.HdfsProtos$ErasureCodingPolicyProtoOrBuilder
2024-11-12 13:41:30,776 INFO  EvoClassLoader - Keeping class: org.apache.hadoop.hdfs.protocol.proto.HdfsProtos$ErasureCodingPolicyProto
2024-11-12 13:41:30,777 INFO  EvoClassLoader - Seeing class for first time: org.apache.hadoop.hdfs.server.namenode.FsImageProto$INodeDirectorySection$Builder
2024-11-12 13:41:30,777 INFO  EvoClassLoader - Instrumenting class 'org.apache.hadoop.hdfs.server.namenode.FsImageProto$INodeDirectorySection$Builder'.
2024-11-12 13:41:30,777 INFO  MethodCallReplacementClassAdapter - Adding mock interface to class org/apache/hadoop/hdfs/server/namenode/FsImageProto$INodeDirectorySection$Builder
2024-11-12 13:41:30,777 INFO  CreateClassResetClassAdapter - Creating brand-new static initializer in class org/apache/hadoop/hdfs/server/namenode/FsImageProto$INodeDirectorySection$Builder
2024-11-12 13:41:30,778 INFO  EvoClassLoader - Keeping class: org.apache.hadoop.hdfs.server.namenode.FsImageProto$INodeDirectorySection$Builder
2024-11-12 13:41:30,778 INFO  EvoClassLoader - Seeing class for first time: org.apache.hadoop.fs.statistics.IOStatistics
2024-11-12 13:41:30,778 INFO  EvoClassLoader - Instrumenting class 'org.apache.hadoop.fs.statistics.IOStatistics'.
2024-11-12 13:41:30,778 INFO  EvoClassLoader - Keeping class: org.apache.hadoop.fs.statistics.IOStatistics
2024-11-12 13:41:30,778 INFO  EvoClassLoader - Seeing class for first time: org.apache.hadoop.hdfs.server.blockmanagement.BlockStoragePolicySuite
2024-11-12 13:41:30,778 INFO  EvoClassLoader - Instrumenting class 'org.apache.hadoop.hdfs.server.blockmanagement.BlockStoragePolicySuite'.
2024-11-12 13:41:30,778 INFO  MethodCallReplacementClassAdapter - Adding mock interface to class org/apache/hadoop/hdfs/server/blockmanagement/BlockStoragePolicySuite
2024-11-12 13:41:30,778 INFO  CreateClassResetClassAdapter - Found static initializer in class org/apache/hadoop/hdfs/server/blockmanagement/BlockStoragePolicySuite
2024-11-12 13:41:30,779 INFO  EvoClassLoader - Keeping class: org.apache.hadoop.hdfs.server.blockmanagement.BlockStoragePolicySuite
2024-11-12 13:41:30,779 INFO  EvoClassLoader - Seeing class for first time: org.apache.hadoop.hdfs.server.blockmanagement.DatanodeStorageInfo
2024-11-12 13:41:30,779 INFO  EvoClassLoader - Instrumenting class 'org.apache.hadoop.hdfs.server.blockmanagement.DatanodeStorageInfo'.
2024-11-12 13:41:30,779 INFO  MethodCallReplacementClassAdapter - Adding mock interface to class org/apache/hadoop/hdfs/server/blockmanagement/DatanodeStorageInfo
2024-11-12 13:41:30,779 INFO  CreateClassResetClassAdapter - Found static initializer in class org/apache/hadoop/hdfs/server/blockmanagement/DatanodeStorageInfo
2024-11-12 13:41:30,779 INFO  EvoClassLoader - Keeping class: org.apache.hadoop.hdfs.server.blockmanagement.DatanodeStorageInfo
2024-11-12 13:41:30,779 INFO  EvoClassLoader - Seeing class for first time: org.apache.hadoop.fs.permission.AclEntry
2024-11-12 13:41:30,779 INFO  EvoClassLoader - Instrumenting class 'org.apache.hadoop.fs.permission.AclEntry'.
2024-11-12 13:41:30,780 INFO  MethodCallReplacementClassAdapter - Adding mock interface to class org/apache/hadoop/fs/permission/AclEntry
2024-11-12 13:41:30,780 INFO  CreateClassResetClassAdapter - Creating brand-new static initializer in class org/apache/hadoop/fs/permission/AclEntry
2024-11-12 13:41:30,780 INFO  EvoClassLoader - Keeping class: org.apache.hadoop.fs.permission.AclEntry
2024-11-12 13:41:30,780 INFO  EvoClassLoader - Seeing class for first time: org.apache.hadoop.hdfs.server.namenode.snapshot.FileDiffList
2024-11-12 13:41:30,780 INFO  EvoClassLoader - Instrumenting class 'org.apache.hadoop.hdfs.server.namenode.snapshot.FileDiffList'.
2024-11-12 13:41:30,780 INFO  MethodCallReplacementClassAdapter - Adding mock interface to class org/apache/hadoop/hdfs/server/namenode/snapshot/FileDiffList
2024-11-12 13:41:30,781 INFO  CreateClassResetClassAdapter - Found static initializer in class org/apache/hadoop/hdfs/server/namenode/snapshot/FileDiffList
2024-11-12 13:41:30,781 INFO  EvoClassLoader - Seeing class for first time: org.apache.hadoop.hdfs.server.namenode.snapshot.AbstractINodeDiffList
2024-11-12 13:41:30,781 INFO  EvoClassLoader - Instrumenting class 'org.apache.hadoop.hdfs.server.namenode.snapshot.AbstractINodeDiffList'.
2024-11-12 13:41:30,781 INFO  MethodCallReplacementClassAdapter - Adding mock interface to class org/apache/hadoop/hdfs/server/namenode/snapshot/AbstractINodeDiffList
2024-11-12 13:41:30,782 INFO  CreateClassResetClassAdapter - Creating brand-new static initializer in class org/apache/hadoop/hdfs/server/namenode/snapshot/AbstractINodeDiffList
2024-11-12 13:41:30,782 INFO  EvoClassLoader - Keeping class: org.apache.hadoop.hdfs.server.namenode.snapshot.AbstractINodeDiffList
2024-11-12 13:41:30,782 INFO  EvoClassLoader - Keeping class: org.apache.hadoop.hdfs.server.namenode.snapshot.FileDiffList
2024-11-12 13:41:30,782 INFO  EvoClassLoader - Seeing class for first time: org.apache.hadoop.hdfs.server.namenode.snapshot.FileWithSnapshotFeature
2024-11-12 13:41:30,782 INFO  EvoClassLoader - Instrumenting class 'org.apache.hadoop.hdfs.server.namenode.snapshot.FileWithSnapshotFeature'.
2024-11-12 13:41:30,782 INFO  MethodCallReplacementClassAdapter - Adding mock interface to class org/apache/hadoop/hdfs/server/namenode/snapshot/FileWithSnapshotFeature
2024-11-12 13:41:30,783 INFO  CreateClassResetClassAdapter - Creating brand-new static initializer in class org/apache/hadoop/hdfs/server/namenode/snapshot/FileWithSnapshotFeature
2024-11-12 13:41:30,784 INFO  EvoClassLoader - Keeping class: org.apache.hadoop.hdfs.server.namenode.snapshot.FileWithSnapshotFeature
2024-11-12 13:41:30,784 INFO  EvoClassLoader - Seeing class for first time: org.apache.hadoop.hdfs.server.namenode.QuotaCounts
2024-11-12 13:41:30,784 INFO  EvoClassLoader - Instrumenting class 'org.apache.hadoop.hdfs.server.namenode.QuotaCounts'.
2024-11-12 13:41:30,784 INFO  MethodCallReplacementClassAdapter - Adding mock interface to class org/apache/hadoop/hdfs/server/namenode/QuotaCounts
2024-11-12 13:41:30,784 INFO  CreateClassResetClassAdapter - Found static initializer in class org/apache/hadoop/hdfs/server/namenode/QuotaCounts
2024-11-12 13:41:30,785 INFO  EvoClassLoader - Keeping class: org.apache.hadoop.hdfs.server.namenode.QuotaCounts
2024-11-12 13:41:30,785 INFO  EvoClassLoader - Seeing class for first time: org.apache.hadoop.hdfs.server.namenode.ContentSummaryComputationContext
2024-11-12 13:41:30,785 INFO  EvoClassLoader - Instrumenting class 'org.apache.hadoop.hdfs.server.namenode.ContentSummaryComputationContext'.
2024-11-12 13:41:30,785 INFO  MethodCallReplacementClassAdapter - Adding mock interface to class org/apache/hadoop/hdfs/server/namenode/ContentSummaryComputationContext
2024-11-12 13:41:30,785 INFO  CreateClassResetClassAdapter - Found static initializer in class org/apache/hadoop/hdfs/server/namenode/ContentSummaryComputationContext
2024-11-12 13:41:30,785 INFO  EvoClassLoader - Keeping class: org.apache.hadoop.hdfs.server.namenode.ContentSummaryComputationContext
2024-11-12 13:41:30,785 INFO  EvoClassLoader - Seeing class for first time: org.apache.hadoop.hdfs.server.namenode.INode$ReclaimContext
2024-11-12 13:41:30,785 INFO  EvoClassLoader - Instrumenting class 'org.apache.hadoop.hdfs.server.namenode.INode$ReclaimContext'.
2024-11-12 13:41:30,785 INFO  MethodCallReplacementClassAdapter - Adding mock interface to class org/apache/hadoop/hdfs/server/namenode/INode$ReclaimContext
2024-11-12 13:41:30,785 INFO  CreateClassResetClassAdapter - Creating brand-new static initializer in class org/apache/hadoop/hdfs/server/namenode/INode$ReclaimContext
2024-11-12 13:41:30,786 INFO  EvoClassLoader - Keeping class: org.apache.hadoop.hdfs.server.namenode.INode$ReclaimContext
2024-11-12 13:41:30,786 INFO  EvoClassLoader - Seeing class for first time: org.apache.hadoop.hdfs.protocol.BlockType
2024-11-12 13:41:30,786 INFO  EvoClassLoader - Instrumenting class 'org.apache.hadoop.hdfs.protocol.BlockType'.
2024-11-12 13:41:30,786 INFO  MethodCallReplacementClassAdapter - Adding mock interface to class org/apache/hadoop/hdfs/protocol/BlockType
2024-11-12 13:41:30,786 INFO  CreateClassResetClassAdapter - Found static initializer in class org/apache/hadoop/hdfs/protocol/BlockType
2024-11-12 13:41:30,786 INFO  EvoClassLoader - Keeping class: org.apache.hadoop.hdfs.protocol.BlockType
2024-11-12 13:41:30,786 INFO  EvoClassLoader - Seeing class for first time: org.apache.hadoop.hdfs.server.namenode.FileUnderConstructionFeature
2024-11-12 13:41:30,786 INFO  EvoClassLoader - Instrumenting class 'org.apache.hadoop.hdfs.server.namenode.FileUnderConstructionFeature'.
2024-11-12 13:41:30,786 INFO  MethodCallReplacementClassAdapter - Adding mock interface to class org/apache/hadoop/hdfs/server/namenode/FileUnderConstructionFeature
2024-11-12 13:41:30,786 INFO  CreateClassResetClassAdapter - Found static initializer in class org/apache/hadoop/hdfs/server/namenode/FileUnderConstructionFeature
2024-11-12 13:41:30,786 INFO  EvoClassLoader - Keeping class: org.apache.hadoop.hdfs.server.namenode.FileUnderConstructionFeature
2024-11-12 13:41:30,786 INFO  EvoClassLoader - Seeing class for first time: org.apache.hadoop.hdfs.server.namenode.INode$BlocksMapUpdateInfo
2024-11-12 13:41:30,786 INFO  EvoClassLoader - Instrumenting class 'org.apache.hadoop.hdfs.server.namenode.INode$BlocksMapUpdateInfo'.
2024-11-12 13:41:30,787 INFO  MethodCallReplacementClassAdapter - Adding mock interface to class org/apache/hadoop/hdfs/server/namenode/INode$BlocksMapUpdateInfo
2024-11-12 13:41:30,787 INFO  CreateClassResetClassAdapter - Found static initializer in class org/apache/hadoop/hdfs/server/namenode/INode$BlocksMapUpdateInfo
2024-11-12 13:41:30,787 INFO  EvoClassLoader - Keeping class: org.apache.hadoop.hdfs.server.namenode.INode$BlocksMapUpdateInfo
2024-11-12 13:41:30,787 INFO  EvoClassLoader - Seeing class for first time: org.apache.hadoop.hdfs.protocol.BlockStoragePolicy
2024-11-12 13:41:30,787 INFO  EvoClassLoader - Instrumenting class 'org.apache.hadoop.hdfs.protocol.BlockStoragePolicy'.
2024-11-12 13:41:30,787 INFO  MethodCallReplacementClassAdapter - Adding mock interface to class org/apache/hadoop/hdfs/protocol/BlockStoragePolicy
2024-11-12 13:41:30,787 INFO  CreateClassResetClassAdapter - Found static initializer in class org/apache/hadoop/hdfs/protocol/BlockStoragePolicy
2024-11-12 13:41:30,787 INFO  EvoClassLoader - Keeping class: org.apache.hadoop.hdfs.protocol.BlockStoragePolicy
2024-11-12 13:41:30,787 INFO  EvoClassLoader - Seeing class for first time: org.apache.hadoop.hdfs.server.blockmanagement.BlockManager
2024-11-12 13:41:30,787 INFO  EvoClassLoader - Instrumenting class 'org.apache.hadoop.hdfs.server.blockmanagement.BlockManager'.
2024-11-12 13:41:30,789 INFO  MethodCallReplacementClassAdapter - Adding mock interface to class org/apache/hadoop/hdfs/server/blockmanagement/BlockManager
2024-11-12 13:41:30,798 INFO  CreateClassResetClassAdapter - Found static initializer in class org/apache/hadoop/hdfs/server/blockmanagement/BlockManager
2024-11-12 13:41:30,800 INFO  EvoClassLoader - Seeing class for first time: org.apache.hadoop.hdfs.server.blockmanagement.BlockStatsMXBean
2024-11-12 13:41:30,800 INFO  EvoClassLoader - Instrumenting class 'org.apache.hadoop.hdfs.server.blockmanagement.BlockStatsMXBean'.
2024-11-12 13:41:30,801 INFO  EvoClassLoader - Keeping class: org.apache.hadoop.hdfs.server.blockmanagement.BlockStatsMXBean
2024-11-12 13:41:30,801 INFO  EvoClassLoader - Keeping class: org.apache.hadoop.hdfs.server.blockmanagement.BlockManager
2024-11-12 13:41:30,801 INFO  EvoClassLoader - Seeing class for first time: org.apache.hadoop.hdfs.server.namenode.ContentCounts
2024-11-12 13:41:30,801 INFO  EvoClassLoader - Instrumenting class 'org.apache.hadoop.hdfs.server.namenode.ContentCounts'.
2024-11-12 13:41:30,801 INFO  MethodCallReplacementClassAdapter - Adding mock interface to class org/apache/hadoop/hdfs/server/namenode/ContentCounts
2024-11-12 13:41:30,802 INFO  CreateClassResetClassAdapter - Creating brand-new static initializer in class org/apache/hadoop/hdfs/server/namenode/ContentCounts
2024-11-12 13:41:30,802 INFO  EvoClassLoader - Keeping class: org.apache.hadoop.hdfs.server.namenode.ContentCounts
2024-11-12 13:41:30,802 INFO  EvoClassLoader - Seeing class for first time: org.apache.hadoop.hdfs.server.namenode.FsImageProto$SecretManagerSection$Builder
2024-11-12 13:41:30,802 INFO  EvoClassLoader - Instrumenting class 'org.apache.hadoop.hdfs.server.namenode.FsImageProto$SecretManagerSection$Builder'.
2024-11-12 13:41:30,802 INFO  MethodCallReplacementClassAdapter - Adding mock interface to class org/apache/hadoop/hdfs/server/namenode/FsImageProto$SecretManagerSection$Builder
2024-11-12 13:41:30,803 INFO  CreateClassResetClassAdapter - Creating brand-new static initializer in class org/apache/hadoop/hdfs/server/namenode/FsImageProto$SecretManagerSection$Builder
2024-11-12 13:41:30,803 INFO  EvoClassLoader - Keeping class: org.apache.hadoop.hdfs.server.namenode.FsImageProto$SecretManagerSection$Builder
2024-11-12 13:41:30,803 INFO  EvoClassLoader - Seeing class for first time: org.apache.hadoop.hdfs.server.common.HdfsServerConstants$BlockUCState
2024-11-12 13:41:30,803 INFO  EvoClassLoader - Instrumenting class 'org.apache.hadoop.hdfs.server.common.HdfsServerConstants$BlockUCState'.
2024-11-12 13:41:30,803 INFO  MethodCallReplacementClassAdapter - Adding mock interface to class org/apache/hadoop/hdfs/server/common/HdfsServerConstants$BlockUCState
2024-11-12 13:41:30,803 INFO  CreateClassResetClassAdapter - Found static initializer in class org/apache/hadoop/hdfs/server/common/HdfsServerConstants$BlockUCState
2024-11-12 13:41:30,803 INFO  EvoClassLoader - Defined package (3): package org.apache.hadoop.hdfs.server.common, -1528842716
2024-11-12 13:41:30,803 INFO  EvoClassLoader - Keeping class: org.apache.hadoop.hdfs.server.common.HdfsServerConstants$BlockUCState
2024-11-12 13:41:30,803 INFO  EvoClassLoader - Seeing class for first time: org.apache.hadoop.hdfs.server.blockmanagement.DatanodeDescriptor
2024-11-12 13:41:30,803 INFO  EvoClassLoader - Instrumenting class 'org.apache.hadoop.hdfs.server.blockmanagement.DatanodeDescriptor'.
2024-11-12 13:41:30,804 INFO  MethodCallReplacementClassAdapter - Adding mock interface to class org/apache/hadoop/hdfs/server/blockmanagement/DatanodeDescriptor
2024-11-12 13:41:30,804 INFO  CreateClassResetClassAdapter - Found static initializer in class org/apache/hadoop/hdfs/server/blockmanagement/DatanodeDescriptor
2024-11-12 13:41:30,805 INFO  EvoClassLoader - Keeping class: org.apache.hadoop.hdfs.server.blockmanagement.DatanodeDescriptor
2024-11-12 13:41:30,805 INFO  EvoClassLoader - Seeing class for first time: org.apache.hadoop.hdfs.server.blockmanagement.BlockUnderConstructionFeature
2024-11-12 13:41:30,805 INFO  EvoClassLoader - Instrumenting class 'org.apache.hadoop.hdfs.server.blockmanagement.BlockUnderConstructionFeature'.
2024-11-12 13:41:30,805 INFO  MethodCallReplacementClassAdapter - Adding mock interface to class org/apache/hadoop/hdfs/server/blockmanagement/BlockUnderConstructionFeature
2024-11-12 13:41:30,806 INFO  CreateClassResetClassAdapter - Found static initializer in class org/apache/hadoop/hdfs/server/blockmanagement/BlockUnderConstructionFeature
2024-11-12 13:41:30,806 INFO  EvoClassLoader - Keeping class: org.apache.hadoop.hdfs.server.blockmanagement.BlockUnderConstructionFeature
2024-11-12 13:41:30,806 INFO  EvoClassLoader - Seeing class for first time: org.apache.hadoop.crypto.key.KeyProviderCryptoExtension
2024-11-12 13:41:30,806 INFO  EvoClassLoader - Instrumenting class 'org.apache.hadoop.crypto.key.KeyProviderCryptoExtension'.
2024-11-12 13:41:30,806 INFO  MethodCallReplacementClassAdapter - Adding mock interface to class org/apache/hadoop/crypto/key/KeyProviderCryptoExtension
2024-11-12 13:41:30,807 INFO  CreateClassResetClassAdapter - Creating brand-new static initializer in class org/apache/hadoop/crypto/key/KeyProviderCryptoExtension
2024-11-12 13:41:30,807 INFO  CreateClassResetClassAdapter - Adding bytecode for initializing field EEK
2024-11-12 13:41:30,807 INFO  CreateClassResetClassAdapter - Adding bytecode for initializing field EK
2024-11-12 13:41:30,807 INFO  EvoClassLoader - Defined package (3): package org.apache.hadoop.crypto.key, 588888133
2024-11-12 13:41:30,807 INFO  EvoClassLoader - Seeing class for first time: org.apache.hadoop.crypto.key.KeyProviderExtension
2024-11-12 13:41:30,807 INFO  EvoClassLoader - Instrumenting class 'org.apache.hadoop.crypto.key.KeyProviderExtension'.
2024-11-12 13:41:30,807 INFO  MethodCallReplacementClassAdapter - Adding mock interface to class org/apache/hadoop/crypto/key/KeyProviderExtension
2024-11-12 13:41:30,807 INFO  CreateClassResetClassAdapter - Creating brand-new static initializer in class org/apache/hadoop/crypto/key/KeyProviderExtension
2024-11-12 13:41:30,807 INFO  EvoClassLoader - Seeing class for first time: org.apache.hadoop.crypto.key.KeyProvider
2024-11-12 13:41:30,807 INFO  EvoClassLoader - Instrumenting class 'org.apache.hadoop.crypto.key.KeyProvider'.
2024-11-12 13:41:30,807 INFO  MethodCallReplacementClassAdapter - Adding mock interface to class org/apache/hadoop/crypto/key/KeyProvider
2024-11-12 13:41:30,808 INFO  CreateClassResetClassAdapter - Creating brand-new static initializer in class org/apache/hadoop/crypto/key/KeyProvider
2024-11-12 13:41:30,808 INFO  CreateClassResetClassAdapter - Adding bytecode for initializing field DEFAULT_CIPHER_NAME
2024-11-12 13:41:30,808 INFO  CreateClassResetClassAdapter - Adding bytecode for initializing field DEFAULT_CIPHER
2024-11-12 13:41:30,808 INFO  CreateClassResetClassAdapter - Adding bytecode for initializing field DEFAULT_BITLENGTH_NAME
2024-11-12 13:41:30,808 INFO  CreateClassResetClassAdapter - Adding bytecode for initializing field DEFAULT_BITLENGTH
2024-11-12 13:41:30,808 INFO  CreateClassResetClassAdapter - Adding bytecode for initializing field JCEKS_KEY_SERIALFILTER_DEFAULT
2024-11-12 13:41:30,808 INFO  CreateClassResetClassAdapter - Adding bytecode for initializing field JCEKS_KEY_SERIAL_FILTER
2024-11-12 13:41:30,808 INFO  EvoClassLoader - Keeping class: org.apache.hadoop.crypto.key.KeyProvider
2024-11-12 13:41:30,808 INFO  EvoClassLoader - Keeping class: org.apache.hadoop.crypto.key.KeyProviderExtension
2024-11-12 13:41:30,808 INFO  EvoClassLoader - Keeping class: org.apache.hadoop.crypto.key.KeyProviderCryptoExtension
2024-11-12 13:41:30,808 INFO  EvoClassLoader - Seeing class for first time: org.apache.hadoop.hdfs.server.namenode.FSPermissionChecker
2024-11-12 13:41:30,808 INFO  EvoClassLoader - Instrumenting class 'org.apache.hadoop.hdfs.server.namenode.FSPermissionChecker'.
2024-11-12 13:41:30,808 INFO  MethodCallReplacementClassAdapter - Adding mock interface to class org/apache/hadoop/hdfs/server/namenode/FSPermissionChecker
2024-11-12 13:41:30,810 INFO  CreateClassResetClassAdapter - Found static initializer in class org/apache/hadoop/hdfs/server/namenode/FSPermissionChecker
2024-11-12 13:41:30,810 INFO  EvoClassLoader - Seeing class for first time: org.apache.hadoop.hdfs.server.namenode.INodeAttributeProvider$AccessControlEnforcer
2024-11-12 13:41:30,810 INFO  EvoClassLoader - Instrumenting class 'org.apache.hadoop.hdfs.server.namenode.INodeAttributeProvider$AccessControlEnforcer'.
2024-11-12 13:41:30,810 INFO  EvoClassLoader - Keeping class: org.apache.hadoop.hdfs.server.namenode.INodeAttributeProvider$AccessControlEnforcer
2024-11-12 13:41:30,810 INFO  EvoClassLoader - Keeping class: org.apache.hadoop.hdfs.server.namenode.FSPermissionChecker
2024-11-12 13:41:30,810 INFO  EvoClassLoader - Seeing class for first time: org.apache.hadoop.hdfs.server.namenode.INodesInPath
2024-11-12 13:41:30,810 INFO  EvoClassLoader - Instrumenting class 'org.apache.hadoop.hdfs.server.namenode.INodesInPath'.
2024-11-12 13:41:30,811 INFO  MethodCallReplacementClassAdapter - Adding mock interface to class org/apache/hadoop/hdfs/server/namenode/INodesInPath
2024-11-12 13:41:30,812 INFO  CreateClassResetClassAdapter - Found static initializer in class org/apache/hadoop/hdfs/server/namenode/INodesInPath
2024-11-12 13:41:30,812 INFO  EvoClassLoader - Keeping class: org.apache.hadoop.hdfs.server.namenode.INodesInPath
2024-11-12 13:41:30,813 INFO  EvoClassLoader - Seeing class for first time: org.apache.hadoop.fs.UnresolvedLinkException
2024-11-12 13:41:30,813 INFO  EvoClassLoader - Instrumenting class 'org.apache.hadoop.fs.UnresolvedLinkException'.
2024-11-12 13:41:30,813 INFO  MethodCallReplacementClassAdapter - Adding mock interface to class org/apache/hadoop/fs/UnresolvedLinkException
2024-11-12 13:41:30,813 INFO  CreateClassResetClassAdapter - Creating brand-new static initializer in class org/apache/hadoop/fs/UnresolvedLinkException
2024-11-12 13:41:30,813 INFO  EvoClassLoader - Keeping class: org.apache.hadoop.fs.UnresolvedLinkException
2024-11-12 13:41:30,813 INFO  EvoClassLoader - Seeing class for first time: org.apache.hadoop.hdfs.server.namenode.FSDirectory$DirOp
2024-11-12 13:41:30,813 INFO  EvoClassLoader - Instrumenting class 'org.apache.hadoop.hdfs.server.namenode.FSDirectory$DirOp'.
2024-11-12 13:41:30,813 INFO  MethodCallReplacementClassAdapter - Adding mock interface to class org/apache/hadoop/hdfs/server/namenode/FSDirectory$DirOp
2024-11-12 13:41:30,813 INFO  CreateClassResetClassAdapter - Found static initializer in class org/apache/hadoop/hdfs/server/namenode/FSDirectory$DirOp
2024-11-12 13:41:30,813 INFO  EvoClassLoader - Keeping class: org.apache.hadoop.hdfs.server.namenode.FSDirectory$DirOp
2024-11-12 13:41:30,813 INFO  EvoClassLoader - Seeing class for first time: org.apache.hadoop.hdfs.server.namenode.FSEditLog
2024-11-12 13:41:30,813 INFO  EvoClassLoader - Instrumenting class 'org.apache.hadoop.hdfs.server.namenode.FSEditLog'.
2024-11-12 13:41:30,814 INFO  MethodCallReplacementClassAdapter - Adding mock interface to class org/apache/hadoop/hdfs/server/namenode/FSEditLog
2024-11-12 13:41:30,820 INFO  CreateClassResetClassAdapter - Found static initializer in class org/apache/hadoop/hdfs/server/namenode/FSEditLog
2024-11-12 13:41:30,821 INFO  EvoClassLoader - Seeing class for first time: org.apache.hadoop.hdfs.server.namenode.LogsPurgeable
2024-11-12 13:41:30,821 INFO  EvoClassLoader - Instrumenting class 'org.apache.hadoop.hdfs.server.namenode.LogsPurgeable'.
2024-11-12 13:41:30,821 INFO  EvoClassLoader - Keeping class: org.apache.hadoop.hdfs.server.namenode.LogsPurgeable
2024-11-12 13:41:30,822 INFO  EvoClassLoader - Keeping class: org.apache.hadoop.hdfs.server.namenode.FSEditLog
2024-11-12 13:41:30,822 INFO  EvoClassLoader - Seeing class for first time: org.apache.hadoop.hdfs.server.namenode.INodeAttributeProvider
2024-11-12 13:41:30,822 INFO  EvoClassLoader - Instrumenting class 'org.apache.hadoop.hdfs.server.namenode.INodeAttributeProvider'.
2024-11-12 13:41:30,822 INFO  MethodCallReplacementClassAdapter - Adding mock interface to class org/apache/hadoop/hdfs/server/namenode/INodeAttributeProvider
2024-11-12 13:41:30,822 INFO  CreateClassResetClassAdapter - Creating brand-new static initializer in class org/apache/hadoop/hdfs/server/namenode/INodeAttributeProvider
2024-11-12 13:41:30,822 INFO  EvoClassLoader - Keeping class: org.apache.hadoop.hdfs.server.namenode.INodeAttributeProvider
2024-11-12 13:41:30,823 INFO  EvoClassLoader - Seeing class for first time: org.apache.hadoop.hdfs.protocol.UnresolvedPathException
2024-11-12 13:41:30,823 INFO  EvoClassLoader - Instrumenting class 'org.apache.hadoop.hdfs.protocol.UnresolvedPathException'.
2024-11-12 13:41:30,823 INFO  MethodCallReplacementClassAdapter - Adding mock interface to class org/apache/hadoop/hdfs/protocol/UnresolvedPathException
2024-11-12 13:41:30,823 INFO  CreateClassResetClassAdapter - Creating brand-new static initializer in class org/apache/hadoop/hdfs/protocol/UnresolvedPathException
2024-11-12 13:41:30,823 INFO  EvoClassLoader - Keeping class: org.apache.hadoop.hdfs.protocol.UnresolvedPathException
2024-11-12 13:41:30,823 INFO  EvoClassLoader - Seeing class for first time: org.apache.hadoop.hdfs.server.namenode.FSNamesystem
2024-11-12 13:41:30,823 INFO  EvoClassLoader - Instrumenting class 'org.apache.hadoop.hdfs.server.namenode.FSNamesystem'.
2024-11-12 13:41:30,825 INFO  MethodCallReplacementClassAdapter - Adding mock interface to class org/apache/hadoop/hdfs/server/namenode/FSNamesystem
2024-11-12 13:41:30,838 INFO  CreateClassResetClassAdapter - Found static initializer in class org/apache/hadoop/hdfs/server/namenode/FSNamesystem
2024-11-12 13:41:30,841 INFO  EvoClassLoader - Seeing class for first time: org.apache.hadoop.hdfs.server.namenode.Namesystem
2024-11-12 13:41:30,841 INFO  EvoClassLoader - Instrumenting class 'org.apache.hadoop.hdfs.server.namenode.Namesystem'.
2024-11-12 13:41:30,841 INFO  EvoClassLoader - Seeing class for first time: org.apache.hadoop.hdfs.util.RwLock
2024-11-12 13:41:30,841 INFO  EvoClassLoader - Instrumenting class 'org.apache.hadoop.hdfs.util.RwLock'.
2024-11-12 13:41:30,841 INFO  EvoClassLoader - Keeping class: org.apache.hadoop.hdfs.util.RwLock
2024-11-12 13:41:30,841 INFO  EvoClassLoader - Seeing class for first time: org.apache.hadoop.hdfs.server.namenode.SafeMode
2024-11-12 13:41:30,841 INFO  EvoClassLoader - Instrumenting class 'org.apache.hadoop.hdfs.server.namenode.SafeMode'.
2024-11-12 13:41:30,841 INFO  EvoClassLoader - Keeping class: org.apache.hadoop.hdfs.server.namenode.SafeMode
2024-11-12 13:41:30,841 INFO  EvoClassLoader - Keeping class: org.apache.hadoop.hdfs.server.namenode.Namesystem
2024-11-12 13:41:30,841 INFO  EvoClassLoader - Seeing class for first time: org.apache.hadoop.hdfs.server.namenode.metrics.FSNamesystemMBean
2024-11-12 13:41:30,841 INFO  EvoClassLoader - Instrumenting class 'org.apache.hadoop.hdfs.server.namenode.metrics.FSNamesystemMBean'.
2024-11-12 13:41:30,842 INFO  EvoClassLoader - Defined package (3): package org.apache.hadoop.hdfs.server.namenode.metrics, -1864648741
2024-11-12 13:41:30,842 INFO  EvoClassLoader - Keeping class: org.apache.hadoop.hdfs.server.namenode.metrics.FSNamesystemMBean
2024-11-12 13:41:30,842 INFO  EvoClassLoader - Seeing class for first time: org.apache.hadoop.hdfs.server.namenode.NameNodeMXBean
2024-11-12 13:41:30,842 INFO  EvoClassLoader - Instrumenting class 'org.apache.hadoop.hdfs.server.namenode.NameNodeMXBean'.
2024-11-12 13:41:30,842 INFO  EvoClassLoader - Keeping class: org.apache.hadoop.hdfs.server.namenode.NameNodeMXBean
2024-11-12 13:41:30,842 INFO  EvoClassLoader - Seeing class for first time: org.apache.hadoop.hdfs.server.namenode.metrics.ReplicatedBlocksMBean
2024-11-12 13:41:30,842 INFO  EvoClassLoader - Instrumenting class 'org.apache.hadoop.hdfs.server.namenode.metrics.ReplicatedBlocksMBean'.
2024-11-12 13:41:30,842 INFO  EvoClassLoader - Keeping class: org.apache.hadoop.hdfs.server.namenode.metrics.ReplicatedBlocksMBean
2024-11-12 13:41:30,842 INFO  EvoClassLoader - Seeing class for first time: org.apache.hadoop.hdfs.server.namenode.metrics.ECBlockGroupsMBean
2024-11-12 13:41:30,842 INFO  EvoClassLoader - Instrumenting class 'org.apache.hadoop.hdfs.server.namenode.metrics.ECBlockGroupsMBean'.
2024-11-12 13:41:30,842 INFO  EvoClassLoader - Keeping class: org.apache.hadoop.hdfs.server.namenode.metrics.ECBlockGroupsMBean
2024-11-12 13:41:30,843 INFO  EvoClassLoader - Keeping class: org.apache.hadoop.hdfs.server.namenode.FSNamesystem
2024-11-12 13:41:30,843 INFO  EvoClassLoader - Seeing class for first time: org.apache.hadoop.hdfs.server.namenode.INode$QuotaDelta
2024-11-12 13:41:30,843 INFO  EvoClassLoader - Instrumenting class 'org.apache.hadoop.hdfs.server.namenode.INode$QuotaDelta'.
2024-11-12 13:41:30,843 INFO  MethodCallReplacementClassAdapter - Adding mock interface to class org/apache/hadoop/hdfs/server/namenode/INode$QuotaDelta
2024-11-12 13:41:30,843 INFO  CreateClassResetClassAdapter - Creating brand-new static initializer in class org/apache/hadoop/hdfs/server/namenode/INode$QuotaDelta
2024-11-12 13:41:30,843 INFO  EvoClassLoader - Keeping class: org.apache.hadoop.hdfs.server.namenode.INode$QuotaDelta
2024-11-12 13:41:30,843 INFO  EvoClassLoader - Seeing class for first time: org.apache.hadoop.hdfs.util.EnumCounters
2024-11-12 13:41:30,843 INFO  EvoClassLoader - Instrumenting class 'org.apache.hadoop.hdfs.util.EnumCounters'.
2024-11-12 13:41:30,843 INFO  MethodCallReplacementClassAdapter - Adding mock interface to class org/apache/hadoop/hdfs/util/EnumCounters
2024-11-12 13:41:30,844 INFO  CreateClassResetClassAdapter - Creating brand-new static initializer in class org/apache/hadoop/hdfs/util/EnumCounters
2024-11-12 13:41:30,844 INFO  EvoClassLoader - Keeping class: org.apache.hadoop.hdfs.util.EnumCounters
2024-11-12 13:41:30,844 INFO  EvoClassLoader - Seeing class for first time: org.apache.hadoop.hdfs.server.namenode.INodeMap
2024-11-12 13:41:30,844 INFO  EvoClassLoader - Instrumenting class 'org.apache.hadoop.hdfs.server.namenode.INodeMap'.
2024-11-12 13:41:30,844 INFO  MethodCallReplacementClassAdapter - Adding mock interface to class org/apache/hadoop/hdfs/server/namenode/INodeMap
2024-11-12 13:41:30,844 INFO  CreateClassResetClassAdapter - Creating brand-new static initializer in class org/apache/hadoop/hdfs/server/namenode/INodeMap
2024-11-12 13:41:30,845 INFO  EvoClassLoader - Keeping class: org.apache.hadoop.hdfs.server.namenode.INodeMap
2024-11-12 13:41:30,845 INFO  EvoClassLoader - Seeing class for first time: org.apache.hadoop.hdfs.server.namenode.XAttrFeature
2024-11-12 13:41:30,845 INFO  EvoClassLoader - Instrumenting class 'org.apache.hadoop.hdfs.server.namenode.XAttrFeature'.
2024-11-12 13:41:30,845 INFO  MethodCallReplacementClassAdapter - Adding mock interface to class org/apache/hadoop/hdfs/server/namenode/XAttrFeature
2024-11-12 13:41:30,845 INFO  CreateClassResetClassAdapter - Creating brand-new static initializer in class org/apache/hadoop/hdfs/server/namenode/XAttrFeature
2024-11-12 13:41:30,845 INFO  CreateClassResetClassAdapter - Adding bytecode for initializing field PACK_THRESHOLD
2024-11-12 13:41:30,845 INFO  EvoClassLoader - Keeping class: org.apache.hadoop.hdfs.server.namenode.XAttrFeature
2024-11-12 13:41:30,845 INFO  EvoClassLoader - Seeing class for first time: org.apache.hadoop.hdfs.server.namenode.FsImageProto$INodeSection$FileUnderConstructionFeature$Builder
2024-11-12 13:41:30,845 INFO  EvoClassLoader - Instrumenting class 'org.apache.hadoop.hdfs.server.namenode.FsImageProto$INodeSection$FileUnderConstructionFeature$Builder'.
2024-11-12 13:41:30,845 INFO  MethodCallReplacementClassAdapter - Adding mock interface to class org/apache/hadoop/hdfs/server/namenode/FsImageProto$INodeSection$FileUnderConstructionFeature$Builder
2024-11-12 13:41:30,846 INFO  CreateClassResetClassAdapter - Creating brand-new static initializer in class org/apache/hadoop/hdfs/server/namenode/FsImageProto$INodeSection$FileUnderConstructionFeature$Builder
2024-11-12 13:41:30,846 INFO  EvoClassLoader - Keeping class: org.apache.hadoop.hdfs.server.namenode.FsImageProto$INodeSection$FileUnderConstructionFeature$Builder
2024-11-12 13:41:30,846 INFO  EvoClassLoader - Seeing class for first time: org.apache.hadoop.hdfs.server.namenode.FsImageProto$StringTableSection$Builder
2024-11-12 13:41:30,846 INFO  EvoClassLoader - Instrumenting class 'org.apache.hadoop.hdfs.server.namenode.FsImageProto$StringTableSection$Builder'.
2024-11-12 13:41:30,847 INFO  MethodCallReplacementClassAdapter - Adding mock interface to class org/apache/hadoop/hdfs/server/namenode/FsImageProto$StringTableSection$Builder
2024-11-12 13:41:30,847 INFO  CreateClassResetClassAdapter - Creating brand-new static initializer in class org/apache/hadoop/hdfs/server/namenode/FsImageProto$StringTableSection$Builder
2024-11-12 13:41:30,847 INFO  EvoClassLoader - Keeping class: org.apache.hadoop.hdfs.server.namenode.FsImageProto$StringTableSection$Builder
2024-11-12 13:41:30,847 INFO  EvoClassLoader - Seeing class for first time: org.apache.hadoop.thirdparty.protobuf.SingleFieldBuilderV3
2024-11-12 13:41:30,847 INFO  EvoClassLoader - Instrumenting class 'org.apache.hadoop.thirdparty.protobuf.SingleFieldBuilderV3'.
2024-11-12 13:41:30,847 INFO  MethodCallReplacementClassAdapter - Adding mock interface to class org/apache/hadoop/thirdparty/protobuf/SingleFieldBuilderV3
2024-11-12 13:41:30,847 INFO  CreateClassResetClassAdapter - Creating brand-new static initializer in class org/apache/hadoop/thirdparty/protobuf/SingleFieldBuilderV3
2024-11-12 13:41:30,848 INFO  EvoClassLoader - Keeping class: org.apache.hadoop.thirdparty.protobuf.SingleFieldBuilderV3
2024-11-12 13:41:30,848 INFO  EvoClassLoader - Seeing class for first time: org.apache.hadoop.hdfs.server.namenode.FsImageProto$INodeSection$AclFeatureProto$Builder
2024-11-12 13:41:30,848 INFO  EvoClassLoader - Instrumenting class 'org.apache.hadoop.hdfs.server.namenode.FsImageProto$INodeSection$AclFeatureProto$Builder'.
2024-11-12 13:41:30,848 INFO  MethodCallReplacementClassAdapter - Adding mock interface to class org/apache/hadoop/hdfs/server/namenode/FsImageProto$INodeSection$AclFeatureProto$Builder
2024-11-12 13:41:30,848 INFO  CreateClassResetClassAdapter - Creating brand-new static initializer in class org/apache/hadoop/hdfs/server/namenode/FsImageProto$INodeSection$AclFeatureProto$Builder
2024-11-12 13:41:30,849 INFO  EvoClassLoader - Keeping class: org.apache.hadoop.hdfs.server.namenode.FsImageProto$INodeSection$AclFeatureProto$Builder
2024-11-12 13:41:30,849 INFO  EvoClassLoader - Seeing class for first time: org.apache.hadoop.thirdparty.protobuf.RepeatedFieldBuilderV3
2024-11-12 13:41:30,849 INFO  EvoClassLoader - Instrumenting class 'org.apache.hadoop.thirdparty.protobuf.RepeatedFieldBuilderV3'.
2024-11-12 13:41:30,849 INFO  MethodCallReplacementClassAdapter - Adding mock interface to class org/apache/hadoop/thirdparty/protobuf/RepeatedFieldBuilderV3
2024-11-12 13:41:30,849 INFO  CreateClassResetClassAdapter - Creating brand-new static initializer in class org/apache/hadoop/thirdparty/protobuf/RepeatedFieldBuilderV3
2024-11-12 13:41:30,849 INFO  EvoClassLoader - Keeping class: org.apache.hadoop.thirdparty.protobuf.RepeatedFieldBuilderV3
2024-11-12 13:41:30,850 INFO  EvoClassLoader - Seeing class for first time: org.apache.hadoop.hdfs.server.namenode.FsImageProto$FilesUnderConstructionSection$Builder
2024-11-12 13:41:30,850 INFO  EvoClassLoader - Instrumenting class 'org.apache.hadoop.hdfs.server.namenode.FsImageProto$FilesUnderConstructionSection$Builder'.
2024-11-12 13:41:30,850 INFO  MethodCallReplacementClassAdapter - Adding mock interface to class org/apache/hadoop/hdfs/server/namenode/FsImageProto$FilesUnderConstructionSection$Builder
2024-11-12 13:41:30,850 INFO  CreateClassResetClassAdapter - Creating brand-new static initializer in class org/apache/hadoop/hdfs/server/namenode/FsImageProto$FilesUnderConstructionSection$Builder
2024-11-12 13:41:30,850 INFO  EvoClassLoader - Keeping class: org.apache.hadoop.hdfs.server.namenode.FsImageProto$FilesUnderConstructionSection$Builder
2024-11-12 13:41:30,850 INFO  EvoClassLoader - Seeing class for first time: org.apache.hadoop.thirdparty.com.google.common.base.Optional
2024-11-12 13:41:30,850 INFO  EvoClassLoader - Instrumenting class 'org.apache.hadoop.thirdparty.com.google.common.base.Optional'.
2024-11-12 13:41:30,851 INFO  MethodCallReplacementClassAdapter - Adding mock interface to class org/apache/hadoop/thirdparty/com/google/common/base/Optional
2024-11-12 13:41:30,851 INFO  CreateClassResetClassAdapter - Creating brand-new static initializer in class org/apache/hadoop/thirdparty/com/google/common/base/Optional
2024-11-12 13:41:30,851 INFO  EvoClassLoader - Keeping class: org.apache.hadoop.thirdparty.com.google.common.base.Optional
2024-11-12 13:41:30,851 INFO  EvoClassLoader - Seeing class for first time: org.apache.hadoop.thirdparty.protobuf.WireFormat$Utf8Validation
2024-11-12 13:41:30,851 INFO  EvoClassLoader - Instrumenting class 'org.apache.hadoop.thirdparty.protobuf.WireFormat$Utf8Validation'.
2024-11-12 13:41:30,852 INFO  MethodCallReplacementClassAdapter - Adding mock interface to class org/apache/hadoop/thirdparty/protobuf/WireFormat$Utf8Validation
2024-11-12 13:41:30,852 INFO  CreateClassResetClassAdapter - Found static initializer in class org/apache/hadoop/thirdparty/protobuf/WireFormat$Utf8Validation
2024-11-12 13:41:30,852 INFO  EvoClassLoader - Keeping class: org.apache.hadoop.thirdparty.protobuf.WireFormat$Utf8Validation
2024-11-12 13:41:30,852 INFO  EvoClassLoader - Seeing class for first time: org.apache.hadoop.thirdparty.protobuf.UnknownFieldSet$Field$Builder
2024-11-12 13:41:30,852 INFO  EvoClassLoader - Instrumenting class 'org.apache.hadoop.thirdparty.protobuf.UnknownFieldSet$Field$Builder'.
2024-11-12 13:41:30,852 INFO  MethodCallReplacementClassAdapter - Adding mock interface to class org/apache/hadoop/thirdparty/protobuf/UnknownFieldSet$Field$Builder
2024-11-12 13:41:30,853 INFO  CreateClassResetClassAdapter - Creating brand-new static initializer in class org/apache/hadoop/thirdparty/protobuf/UnknownFieldSet$Field$Builder
2024-11-12 13:41:30,853 INFO  EvoClassLoader - Keeping class: org.apache.hadoop.thirdparty.protobuf.UnknownFieldSet$Field$Builder
2024-11-12 13:41:30,853 INFO  EvoClassLoader - Seeing class for first time: org.apache.hadoop.thirdparty.protobuf.UnknownFieldSet$Field
2024-11-12 13:41:30,853 INFO  EvoClassLoader - Instrumenting class 'org.apache.hadoop.thirdparty.protobuf.UnknownFieldSet$Field'.
2024-11-12 13:41:30,853 INFO  MethodCallReplacementClassAdapter - Adding mock interface to class org/apache/hadoop/thirdparty/protobuf/UnknownFieldSet$Field
2024-11-12 13:41:30,853 INFO  CreateClassResetClassAdapter - Found static initializer in class org/apache/hadoop/thirdparty/protobuf/UnknownFieldSet$Field
2024-11-12 13:41:30,853 INFO  EvoClassLoader - Keeping class: org.apache.hadoop.thirdparty.protobuf.UnknownFieldSet$Field
2024-11-12 13:41:30,854 INFO  EvoClassLoader - Seeing class for first time: org.apache.hadoop.hdfs.protocol.ExtendedBlock
2024-11-12 13:41:30,854 INFO  EvoClassLoader - Instrumenting class 'org.apache.hadoop.hdfs.protocol.ExtendedBlock'.
2024-11-12 13:41:30,854 INFO  MethodCallReplacementClassAdapter - Adding mock interface to class org/apache/hadoop/hdfs/protocol/ExtendedBlock
2024-11-12 13:41:30,854 INFO  CreateClassResetClassAdapter - Creating brand-new static initializer in class org/apache/hadoop/hdfs/protocol/ExtendedBlock
2024-11-12 13:41:30,854 INFO  EvoClassLoader - Keeping class: org.apache.hadoop.hdfs.protocol.ExtendedBlock
2024-11-12 13:41:30,854 INFO  EvoClassLoader - Seeing class for first time: org.apache.hadoop.hdfs.protocol.BlockLocalPathInfo
2024-11-12 13:41:30,854 INFO  EvoClassLoader - Instrumenting class 'org.apache.hadoop.hdfs.protocol.BlockLocalPathInfo'.
2024-11-12 13:41:30,854 INFO  MethodCallReplacementClassAdapter - Adding mock interface to class org/apache/hadoop/hdfs/protocol/BlockLocalPathInfo
2024-11-12 13:41:30,854 INFO  CreateClassResetClassAdapter - Creating brand-new static initializer in class org/apache/hadoop/hdfs/protocol/BlockLocalPathInfo
2024-11-12 13:41:30,855 INFO  EvoClassLoader - Keeping class: org.apache.hadoop.hdfs.protocol.BlockLocalPathInfo
2024-11-12 13:41:30,855 INFO  EvoClassLoader - Seeing class for first time: org.apache.hadoop.hdfs.server.datanode.DiskBalancerWorkStatus
2024-11-12 13:41:30,855 INFO  EvoClassLoader - Instrumenting class 'org.apache.hadoop.hdfs.server.datanode.DiskBalancerWorkStatus'.
2024-11-12 13:41:30,855 INFO  MethodCallReplacementClassAdapter - Adding mock interface to class org/apache/hadoop/hdfs/server/datanode/DiskBalancerWorkStatus
2024-11-12 13:41:30,855 INFO  CreateClassResetClassAdapter - Found static initializer in class org/apache/hadoop/hdfs/server/datanode/DiskBalancerWorkStatus
2024-11-12 13:41:30,855 INFO  EvoClassLoader - Defined package (3): package org.apache.hadoop.hdfs.server.datanode, 2052922021
2024-11-12 13:41:30,855 INFO  EvoClassLoader - Keeping class: org.apache.hadoop.hdfs.server.datanode.DiskBalancerWorkStatus
2024-11-12 13:41:30,855 INFO  EvoClassLoader - Seeing class for first time: org.apache.hadoop.hdfs.protocol.DatanodeLocalInfo
2024-11-12 13:41:30,856 INFO  EvoClassLoader - Instrumenting class 'org.apache.hadoop.hdfs.protocol.DatanodeLocalInfo'.
2024-11-12 13:41:30,856 INFO  MethodCallReplacementClassAdapter - Adding mock interface to class org/apache/hadoop/hdfs/protocol/DatanodeLocalInfo
2024-11-12 13:41:30,856 INFO  CreateClassResetClassAdapter - Creating brand-new static initializer in class org/apache/hadoop/hdfs/protocol/DatanodeLocalInfo
2024-11-12 13:41:30,856 INFO  EvoClassLoader - Keeping class: org.apache.hadoop.hdfs.protocol.DatanodeLocalInfo
2024-11-12 13:41:30,856 INFO  EvoClassLoader - Seeing class for first time: org.apache.hadoop.hdfs.client.BlockReportOptions
2024-11-12 13:41:30,856 INFO  EvoClassLoader - Instrumenting class 'org.apache.hadoop.hdfs.client.BlockReportOptions'.
2024-11-12 13:41:30,856 INFO  MethodCallReplacementClassAdapter - Adding mock interface to class org/apache/hadoop/hdfs/client/BlockReportOptions
2024-11-12 13:41:30,856 INFO  CreateClassResetClassAdapter - Creating brand-new static initializer in class org/apache/hadoop/hdfs/client/BlockReportOptions
2024-11-12 13:41:30,856 INFO  EvoClassLoader - Defined package (3): package org.apache.hadoop.hdfs.client, 2065323101
2024-11-12 13:41:30,857 INFO  EvoClassLoader - Keeping class: org.apache.hadoop.hdfs.client.BlockReportOptions
2024-11-12 13:41:30,857 INFO  EvoClassLoader - Seeing class for first time: org.apache.hadoop.conf.ReconfigurationTaskStatus
2024-11-12 13:41:30,857 INFO  EvoClassLoader - Instrumenting class 'org.apache.hadoop.conf.ReconfigurationTaskStatus'.
2024-11-12 13:41:30,857 INFO  MethodCallReplacementClassAdapter - Adding mock interface to class org/apache/hadoop/conf/ReconfigurationTaskStatus
2024-11-12 13:41:30,857 INFO  CreateClassResetClassAdapter - Creating brand-new static initializer in class org/apache/hadoop/conf/ReconfigurationTaskStatus
2024-11-12 13:41:30,857 INFO  EvoClassLoader - Keeping class: org.apache.hadoop.conf.ReconfigurationTaskStatus
2024-11-12 13:41:30,857 INFO  EvoClassLoader - Seeing class for first time: org.apache.hadoop.hdfs.server.namenode.FsImageProto$FileSummary
2024-11-12 13:41:30,857 INFO  EvoClassLoader - Instrumenting class 'org.apache.hadoop.hdfs.server.namenode.FsImageProto$FileSummary'.
2024-11-12 13:41:30,858 INFO  MethodCallReplacementClassAdapter - Adding mock interface to class org/apache/hadoop/hdfs/server/namenode/FsImageProto$FileSummary
2024-11-12 13:41:30,859 INFO  CreateClassResetClassAdapter - Found static initializer in class org/apache/hadoop/hdfs/server/namenode/FsImageProto$FileSummary
2024-11-12 13:41:30,860 INFO  EvoClassLoader - Seeing class for first time: org.apache.hadoop.hdfs.server.namenode.FsImageProto$FileSummaryOrBuilder
2024-11-12 13:41:30,860 INFO  EvoClassLoader - Instrumenting class 'org.apache.hadoop.hdfs.server.namenode.FsImageProto$FileSummaryOrBuilder'.
2024-11-12 13:41:30,860 INFO  EvoClassLoader - Keeping class: org.apache.hadoop.hdfs.server.namenode.FsImageProto$FileSummaryOrBuilder
2024-11-12 13:41:30,860 INFO  EvoClassLoader - Keeping class: org.apache.hadoop.hdfs.server.namenode.FsImageProto$FileSummary
2024-11-12 13:41:30,860 INFO  EvoClassLoader - Seeing class for first time: org.apache.hadoop.hdfs.server.namenode.FsImageProto$SnapshotSection$Builder
2024-11-12 13:41:30,860 INFO  EvoClassLoader - Instrumenting class 'org.apache.hadoop.hdfs.server.namenode.FsImageProto$SnapshotSection$Builder'.
2024-11-12 13:41:30,860 INFO  MethodCallReplacementClassAdapter - Adding mock interface to class org/apache/hadoop/hdfs/server/namenode/FsImageProto$SnapshotSection$Builder
2024-11-12 13:41:30,861 INFO  CreateClassResetClassAdapter - Creating brand-new static initializer in class org/apache/hadoop/hdfs/server/namenode/FsImageProto$SnapshotSection$Builder
2024-11-12 13:41:30,861 INFO  EvoClassLoader - Keeping class: org.apache.hadoop.hdfs.server.namenode.FsImageProto$SnapshotSection$Builder
2024-11-12 13:41:30,862 INFO  EvoClassLoader - Seeing class for first time: org.apache.hadoop.net.unix.DomainSocket
2024-11-12 13:41:30,862 INFO  EvoClassLoader - Instrumenting class 'org.apache.hadoop.net.unix.DomainSocket'.
2024-11-12 13:41:30,862 INFO  MethodCallReplacementClassAdapter - Adding mock interface to class org/apache/hadoop/net/unix/DomainSocket
2024-11-12 13:41:30,863 INFO  CreateClassResetClassAdapter - Found static initializer in class org/apache/hadoop/net/unix/DomainSocket
2024-11-12 13:41:30,863 INFO  EvoClassLoader - Defined package (3): package org.apache.hadoop.net.unix, 1490252940
2024-11-12 13:41:30,863 INFO  EvoClassLoader - Keeping class: org.apache.hadoop.net.unix.DomainSocket
2024-11-12 13:41:30,863 INFO  EvoClassLoader - Seeing class for first time: org.apache.hadoop.thirdparty.protobuf.MapField$MutatabilityAwareMap
2024-11-12 13:41:30,863 INFO  EvoClassLoader - Instrumenting class 'org.apache.hadoop.thirdparty.protobuf.MapField$MutatabilityAwareMap'.
2024-11-12 13:41:30,864 INFO  MethodCallReplacementClassAdapter - Adding mock interface to class org/apache/hadoop/thirdparty/protobuf/MapField$MutatabilityAwareMap
2024-11-12 13:41:30,864 INFO  CreateClassResetClassAdapter - Creating brand-new static initializer in class org/apache/hadoop/thirdparty/protobuf/MapField$MutatabilityAwareMap
2024-11-12 13:41:30,864 INFO  EvoClassLoader - Keeping class: org.apache.hadoop.thirdparty.protobuf.MapField$MutatabilityAwareMap
2024-11-12 13:41:30,865 INFO  EvoClassLoader - Seeing class for first time: org.apache.hadoop.hdfs.protocol.proto.HdfsProtos$StorageTypeProto
2024-11-12 13:41:30,865 INFO  EvoClassLoader - Instrumenting class 'org.apache.hadoop.hdfs.protocol.proto.HdfsProtos$StorageTypeProto'.
2024-11-12 13:41:30,865 INFO  MethodCallReplacementClassAdapter - Adding mock interface to class org/apache/hadoop/hdfs/protocol/proto/HdfsProtos$StorageTypeProto
2024-11-12 13:41:30,866 INFO  CreateClassResetClassAdapter - Found static initializer in class org/apache/hadoop/hdfs/protocol/proto/HdfsProtos$StorageTypeProto
2024-11-12 13:41:30,866 INFO  EvoClassLoader - Keeping class: org.apache.hadoop.hdfs.protocol.proto.HdfsProtos$StorageTypeProto
2024-11-12 13:41:30,866 INFO  EvoClassLoader - Seeing class for first time: org.apache.hadoop.hdfs.server.namenode.FsImageProto$INodeReferenceSection$INodeReference$Builder
2024-11-12 13:41:30,866 INFO  EvoClassLoader - Instrumenting class 'org.apache.hadoop.hdfs.server.namenode.FsImageProto$INodeReferenceSection$INodeReference$Builder'.
2024-11-12 13:41:30,867 INFO  MethodCallReplacementClassAdapter - Adding mock interface to class org/apache/hadoop/hdfs/server/namenode/FsImageProto$INodeReferenceSection$INodeReference$Builder
2024-11-12 13:41:30,868 INFO  CreateClassResetClassAdapter - Creating brand-new static initializer in class org/apache/hadoop/hdfs/server/namenode/FsImageProto$INodeReferenceSection$INodeReference$Builder
2024-11-12 13:41:30,869 INFO  EvoClassLoader - Keeping class: org.apache.hadoop.hdfs.server.namenode.FsImageProto$INodeReferenceSection$INodeReference$Builder
2024-11-12 13:41:30,869 INFO  EvoClassLoader - Seeing class for first time: org.apache.hadoop.hdfs.server.namenode.AclFeature
2024-11-12 13:41:30,869 INFO  EvoClassLoader - Instrumenting class 'org.apache.hadoop.hdfs.server.namenode.AclFeature'.
2024-11-12 13:41:30,869 INFO  MethodCallReplacementClassAdapter - Adding mock interface to class org/apache/hadoop/hdfs/server/namenode/AclFeature
2024-11-12 13:41:30,869 INFO  CreateClassResetClassAdapter - Found static initializer in class org/apache/hadoop/hdfs/server/namenode/AclFeature
2024-11-12 13:41:30,870 INFO  EvoClassLoader - Seeing class for first time: org.apache.hadoop.hdfs.util.ReferenceCountMap$ReferenceCounter
2024-11-12 13:41:30,870 INFO  EvoClassLoader - Instrumenting class 'org.apache.hadoop.hdfs.util.ReferenceCountMap$ReferenceCounter'.
2024-11-12 13:41:30,870 INFO  EvoClassLoader - Keeping class: org.apache.hadoop.hdfs.util.ReferenceCountMap$ReferenceCounter
2024-11-12 13:41:30,870 INFO  EvoClassLoader - Keeping class: org.apache.hadoop.hdfs.server.namenode.AclFeature
2024-11-12 13:41:30,870 INFO  EvoClassLoader - Seeing class for first time: org.apache.commons.cli.OptionGroup
2024-11-12 13:41:30,870 INFO  EvoClassLoader - Instrumenting class 'org.apache.commons.cli.OptionGroup'.
2024-11-12 13:41:30,870 INFO  MethodCallReplacementClassAdapter - Adding mock interface to class org/apache/commons/cli/OptionGroup
2024-11-12 13:41:30,870 INFO  CreateClassResetClassAdapter - Creating brand-new static initializer in class org/apache/commons/cli/OptionGroup
2024-11-12 13:41:30,870 INFO  EvoClassLoader - Keeping class: org.apache.commons.cli.OptionGroup
2024-11-12 13:41:30,870 INFO  EvoClassLoader - Seeing class for first time: org.codehaus.stax2.typed.Base64Variant
2024-11-12 13:41:30,870 INFO  EvoClassLoader - Instrumenting class 'org.codehaus.stax2.typed.Base64Variant'.
2024-11-12 13:41:30,871 INFO  MethodCallReplacementClassAdapter - Adding mock interface to class org/codehaus/stax2/typed/Base64Variant
2024-11-12 13:41:30,871 INFO  CreateClassResetClassAdapter - Creating brand-new static initializer in class org/codehaus/stax2/typed/Base64Variant
2024-11-12 13:41:30,871 INFO  CreateClassResetClassAdapter - Adding bytecode for initializing field PADDING_CHAR_NONE
2024-11-12 13:41:30,871 INFO  CreateClassResetClassAdapter - Adding bytecode for initializing field BASE64_VALUE_INVALID
2024-11-12 13:41:30,871 INFO  CreateClassResetClassAdapter - Adding bytecode for initializing field BASE64_VALUE_PADDING
2024-11-12 13:41:30,871 INFO  EvoClassLoader - Keeping class: org.codehaus.stax2.typed.Base64Variant
2024-11-12 13:41:30,871 INFO  EvoClassLoader - Seeing class for first time: org.apache.hadoop.hdfs.protocol.LayoutVersion$FeatureInfo
2024-11-12 13:41:30,872 INFO  EvoClassLoader - Instrumenting class 'org.apache.hadoop.hdfs.protocol.LayoutVersion$FeatureInfo'.
2024-11-12 13:41:30,872 INFO  MethodCallReplacementClassAdapter - Adding mock interface to class org/apache/hadoop/hdfs/protocol/LayoutVersion$FeatureInfo
2024-11-12 13:41:30,872 INFO  CreateClassResetClassAdapter - Creating brand-new static initializer in class org/apache/hadoop/hdfs/protocol/LayoutVersion$FeatureInfo
2024-11-12 13:41:30,872 INFO  EvoClassLoader - Keeping class: org.apache.hadoop.hdfs.protocol.LayoutVersion$FeatureInfo
2024-11-12 13:41:30,872 INFO  EvoClassLoader - Seeing class for first time: org.apache.commons.cli.CommandLine
2024-11-12 13:41:30,872 INFO  EvoClassLoader - Instrumenting class 'org.apache.commons.cli.CommandLine'.
2024-11-12 13:41:30,872 INFO  MethodCallReplacementClassAdapter - Adding mock interface to class org/apache/commons/cli/CommandLine
2024-11-12 13:41:30,872 INFO  CreateClassResetClassAdapter - Creating brand-new static initializer in class org/apache/commons/cli/CommandLine
2024-11-12 13:41:30,872 INFO  EvoClassLoader - Keeping class: org.apache.commons.cli.CommandLine
2024-11-12 13:41:30,872 INFO  EvoClassLoader - Seeing class for first time: org.apache.hadoop.io.compress.Decompressor
2024-11-12 13:41:30,872 INFO  EvoClassLoader - Instrumenting class 'org.apache.hadoop.io.compress.Decompressor'.
2024-11-12 13:41:30,873 INFO  EvoClassLoader - Keeping class: org.apache.hadoop.io.compress.Decompressor
2024-11-12 13:41:30,873 INFO  EvoClassLoader - Seeing class for first time: org.apache.hadoop.hdfs.protocol.ErasureCodingPolicy
2024-11-12 13:41:30,873 INFO  EvoClassLoader - Instrumenting class 'org.apache.hadoop.hdfs.protocol.ErasureCodingPolicy'.
2024-11-12 13:41:30,873 INFO  MethodCallReplacementClassAdapter - Adding mock interface to class org/apache/hadoop/hdfs/protocol/ErasureCodingPolicy
2024-11-12 13:41:30,873 INFO  CreateClassResetClassAdapter - Creating brand-new static initializer in class org/apache/hadoop/hdfs/protocol/ErasureCodingPolicy
2024-11-12 13:41:30,873 INFO  EvoClassLoader - Keeping class: org.apache.hadoop.hdfs.protocol.ErasureCodingPolicy
2024-11-12 13:41:30,873 INFO  EvoClassLoader - Seeing class for first time: org.apache.hadoop.fs.FileEncryptionInfo
2024-11-12 13:41:30,873 INFO  EvoClassLoader - Instrumenting class 'org.apache.hadoop.fs.FileEncryptionInfo'.
2024-11-12 13:41:30,873 INFO  MethodCallReplacementClassAdapter - Adding mock interface to class org/apache/hadoop/fs/FileEncryptionInfo
2024-11-12 13:41:30,873 INFO  CreateClassResetClassAdapter - Creating brand-new static initializer in class org/apache/hadoop/fs/FileEncryptionInfo
2024-11-12 13:41:30,874 INFO  EvoClassLoader - Keeping class: org.apache.hadoop.fs.FileEncryptionInfo
2024-11-12 13:41:30,874 INFO  EvoClassLoader - Seeing class for first time: org.apache.hadoop.hdfs.server.namenode.FsImageProto$INodeSection$INodeDirectory$Builder
2024-11-12 13:41:30,874 INFO  EvoClassLoader - Instrumenting class 'org.apache.hadoop.hdfs.server.namenode.FsImageProto$INodeSection$INodeDirectory$Builder'.
2024-11-12 13:41:30,874 INFO  MethodCallReplacementClassAdapter - Adding mock interface to class org/apache/hadoop/hdfs/server/namenode/FsImageProto$INodeSection$INodeDirectory$Builder
2024-11-12 13:41:30,875 INFO  CreateClassResetClassAdapter - Creating brand-new static initializer in class org/apache/hadoop/hdfs/server/namenode/FsImageProto$INodeSection$INodeDirectory$Builder
2024-11-12 13:41:30,875 INFO  EvoClassLoader - Keeping class: org.apache.hadoop.hdfs.server.namenode.FsImageProto$INodeSection$INodeDirectory$Builder
2024-11-12 13:41:30,875 INFO  EvoClassLoader - Seeing class for first time: org.apache.hadoop.hdfs.protocol.LocatedBlocks
2024-11-12 13:41:30,875 INFO  EvoClassLoader - Instrumenting class 'org.apache.hadoop.hdfs.protocol.LocatedBlocks'.
2024-11-12 13:41:30,875 INFO  MethodCallReplacementClassAdapter - Adding mock interface to class org/apache/hadoop/hdfs/protocol/LocatedBlocks
2024-11-12 13:41:30,876 INFO  CreateClassResetClassAdapter - Found static initializer in class org/apache/hadoop/hdfs/protocol/LocatedBlocks
2024-11-12 13:41:30,876 INFO  EvoClassLoader - Keeping class: org.apache.hadoop.hdfs.protocol.LocatedBlocks
2024-11-12 13:41:30,876 INFO  EvoClassLoader - Seeing class for first time: org.apache.hadoop.hdfs.server.namenode.FsImageProto$INodeSection$QuotaByStorageTypeEntryProto$Builder
2024-11-12 13:41:30,876 INFO  EvoClassLoader - Instrumenting class 'org.apache.hadoop.hdfs.server.namenode.FsImageProto$INodeSection$QuotaByStorageTypeEntryProto$Builder'.
2024-11-12 13:41:30,876 INFO  MethodCallReplacementClassAdapter - Adding mock interface to class org/apache/hadoop/hdfs/server/namenode/FsImageProto$INodeSection$QuotaByStorageTypeEntryProto$Builder
2024-11-12 13:41:30,876 INFO  CreateClassResetClassAdapter - Creating brand-new static initializer in class org/apache/hadoop/hdfs/server/namenode/FsImageProto$INodeSection$QuotaByStorageTypeEntryProto$Builder
2024-11-12 13:41:30,877 INFO  EvoClassLoader - Keeping class: org.apache.hadoop.hdfs.server.namenode.FsImageProto$INodeSection$QuotaByStorageTypeEntryProto$Builder
2024-11-12 13:41:30,877 INFO  EvoClassLoader - Seeing class for first time: org.apache.hadoop.hdfs.server.namenode.INodeSymlink
2024-11-12 13:41:30,877 INFO  EvoClassLoader - Instrumenting class 'org.apache.hadoop.hdfs.server.namenode.INodeSymlink'.
2024-11-12 13:41:30,877 INFO  MethodCallReplacementClassAdapter - Adding mock interface to class org/apache/hadoop/hdfs/server/namenode/INodeSymlink
2024-11-12 13:41:30,877 INFO  CreateClassResetClassAdapter - Creating brand-new static initializer in class org/apache/hadoop/hdfs/server/namenode/INodeSymlink
2024-11-12 13:41:30,877 INFO  EvoClassLoader - Keeping class: org.apache.hadoop.hdfs.server.namenode.INodeSymlink
2024-11-12 13:41:30,877 INFO  EvoClassLoader - Seeing class for first time: com.ctc.wstx.dtd.DTDEventListener
2024-11-12 13:41:30,877 INFO  EvoClassLoader - Instrumenting class 'com.ctc.wstx.dtd.DTDEventListener'.
2024-11-12 13:41:30,878 INFO  EvoClassLoader - Defined package (3): package com.ctc.wstx.dtd, -1605853969
2024-11-12 13:41:30,878 INFO  EvoClassLoader - Keeping class: com.ctc.wstx.dtd.DTDEventListener
2024-11-12 13:41:30,878 INFO  EvoClassLoader - Seeing class for first time: org.apache.hadoop.hdfs.server.namenode.FsImageProto$INodeReferenceSection$Builder
2024-11-12 13:41:30,878 INFO  EvoClassLoader - Instrumenting class 'org.apache.hadoop.hdfs.server.namenode.FsImageProto$INodeReferenceSection$Builder'.
2024-11-12 13:41:30,878 INFO  MethodCallReplacementClassAdapter - Adding mock interface to class org/apache/hadoop/hdfs/server/namenode/FsImageProto$INodeReferenceSection$Builder
2024-11-12 13:41:30,878 INFO  CreateClassResetClassAdapter - Creating brand-new static initializer in class org/apache/hadoop/hdfs/server/namenode/FsImageProto$INodeReferenceSection$Builder
2024-11-12 13:41:30,879 INFO  EvoClassLoader - Keeping class: org.apache.hadoop.hdfs.server.namenode.FsImageProto$INodeReferenceSection$Builder
2024-11-12 13:41:30,879 INFO  EvoClassLoader - Seeing class for first time: org.apache.hadoop.thirdparty.protobuf.GeneratedMessageLite$GeneratedExtension
2024-11-12 13:41:30,879 INFO  EvoClassLoader - Instrumenting class 'org.apache.hadoop.thirdparty.protobuf.GeneratedMessageLite$GeneratedExtension'.
2024-11-12 13:41:30,879 INFO  MethodCallReplacementClassAdapter - Adding mock interface to class org/apache/hadoop/thirdparty/protobuf/GeneratedMessageLite$GeneratedExtension
2024-11-12 13:41:30,880 INFO  CreateClassResetClassAdapter - Creating brand-new static initializer in class org/apache/hadoop/thirdparty/protobuf/GeneratedMessageLite$GeneratedExtension
2024-11-12 13:41:30,880 INFO  EvoClassLoader - Keeping class: org.apache.hadoop.thirdparty.protobuf.GeneratedMessageLite$GeneratedExtension
2024-11-12 13:41:30,880 INFO  EvoClassLoader - Seeing class for first time: org.apache.hadoop.thirdparty.protobuf.DescriptorProtos$OneofDescriptorProto
2024-11-12 13:41:30,880 INFO  EvoClassLoader - Instrumenting class 'org.apache.hadoop.thirdparty.protobuf.DescriptorProtos$OneofDescriptorProto'.
2024-11-12 13:41:30,881 INFO  MethodCallReplacementClassAdapter - Adding mock interface to class org/apache/hadoop/thirdparty/protobuf/DescriptorProtos$OneofDescriptorProto
2024-11-12 13:41:30,882 INFO  CreateClassResetClassAdapter - Found static initializer in class org/apache/hadoop/thirdparty/protobuf/DescriptorProtos$OneofDescriptorProto
2024-11-12 13:41:30,882 INFO  EvoClassLoader - Seeing class for first time: org.apache.hadoop.thirdparty.protobuf.DescriptorProtos$OneofDescriptorProtoOrBuilder
2024-11-12 13:41:30,882 INFO  EvoClassLoader - Instrumenting class 'org.apache.hadoop.thirdparty.protobuf.DescriptorProtos$OneofDescriptorProtoOrBuilder'.
2024-11-12 13:41:30,883 INFO  EvoClassLoader - Keeping class: org.apache.hadoop.thirdparty.protobuf.DescriptorProtos$OneofDescriptorProtoOrBuilder
2024-11-12 13:41:30,883 INFO  EvoClassLoader - Keeping class: org.apache.hadoop.thirdparty.protobuf.DescriptorProtos$OneofDescriptorProto
2024-11-12 13:41:30,883 INFO  EvoClassLoader - Seeing class for first time: org.apache.hadoop.thirdparty.protobuf.DescriptorProtos$OneofOptions
2024-11-12 13:41:30,883 INFO  EvoClassLoader - Instrumenting class 'org.apache.hadoop.thirdparty.protobuf.DescriptorProtos$OneofOptions'.
2024-11-12 13:41:30,883 INFO  MethodCallReplacementClassAdapter - Adding mock interface to class org/apache/hadoop/thirdparty/protobuf/DescriptorProtos$OneofOptions
2024-11-12 13:41:30,884 INFO  CreateClassResetClassAdapter - Found static initializer in class org/apache/hadoop/thirdparty/protobuf/DescriptorProtos$OneofOptions
2024-11-12 13:41:30,885 INFO  EvoClassLoader - Seeing class for first time: org.apache.hadoop.thirdparty.protobuf.DescriptorProtos$OneofOptionsOrBuilder
2024-11-12 13:41:30,885 INFO  EvoClassLoader - Instrumenting class 'org.apache.hadoop.thirdparty.protobuf.DescriptorProtos$OneofOptionsOrBuilder'.
2024-11-12 13:41:30,885 INFO  EvoClassLoader - Keeping class: org.apache.hadoop.thirdparty.protobuf.DescriptorProtos$OneofOptionsOrBuilder
2024-11-12 13:41:30,885 INFO  EvoClassLoader - Keeping class: org.apache.hadoop.thirdparty.protobuf.DescriptorProtos$OneofOptions
2024-11-12 13:41:30,886 INFO  EvoClassLoader - Seeing class for first time: org.apache.hadoop.http.HttpConfig$Policy
2024-11-12 13:41:30,886 INFO  EvoClassLoader - Instrumenting class 'org.apache.hadoop.http.HttpConfig$Policy'.
2024-11-12 13:41:30,886 INFO  MethodCallReplacementClassAdapter - Adding mock interface to class org/apache/hadoop/http/HttpConfig$Policy
2024-11-12 13:41:30,886 INFO  CreateClassResetClassAdapter - Found static initializer in class org/apache/hadoop/http/HttpConfig$Policy
2024-11-12 13:41:30,886 INFO  EvoClassLoader - Defined package (3): package org.apache.hadoop.http, 101202779
2024-11-12 13:41:30,886 INFO  EvoClassLoader - Keeping class: org.apache.hadoop.http.HttpConfig$Policy
2024-11-12 13:41:30,886 INFO  EvoClassLoader - Seeing class for first time: com.google.protobuf.BlockingService
2024-11-12 13:41:30,886 INFO  EvoClassLoader - Instrumenting class 'com.google.protobuf.BlockingService'.
2024-11-12 13:41:30,886 INFO  EvoClassLoader - Defined package (3): package com.google.protobuf, -650818253
2024-11-12 13:41:30,886 INFO  EvoClassLoader - Keeping class: com.google.protobuf.BlockingService
2024-11-12 13:41:30,886 INFO  EvoClassLoader - Seeing class for first time: org.apache.hadoop.ipc.RPC$Server
2024-11-12 13:41:30,886 INFO  EvoClassLoader - Instrumenting class 'org.apache.hadoop.ipc.RPC$Server'.
2024-11-12 13:41:30,886 INFO  MethodCallReplacementClassAdapter - Adding mock interface to class org/apache/hadoop/ipc/RPC$Server
2024-11-12 13:41:30,886 INFO  CreateClassResetClassAdapter - Found static initializer in class org/apache/hadoop/ipc/RPC$Server
2024-11-12 13:41:30,887 INFO  EvoClassLoader - Defined package (3): package org.apache.hadoop.ipc, -1243660567
2024-11-12 13:41:30,887 INFO  EvoClassLoader - Seeing class for first time: org.apache.hadoop.ipc.Server
2024-11-12 13:41:30,887 INFO  EvoClassLoader - Instrumenting class 'org.apache.hadoop.ipc.Server'.
2024-11-12 13:41:30,887 INFO  MethodCallReplacementClassAdapter - Adding mock interface to class org/apache/hadoop/ipc/Server
2024-11-12 13:41:30,889 INFO  CreateClassResetClassAdapter - Found static initializer in class org/apache/hadoop/ipc/Server
2024-11-12 13:41:30,891 INFO  EvoClassLoader - Keeping class: org.apache.hadoop.ipc.Server
2024-11-12 13:41:30,891 INFO  EvoClassLoader - Keeping class: org.apache.hadoop.ipc.RPC$Server
2024-11-12 13:41:30,891 INFO  EvoClassLoader - Seeing class for first time: org.apache.hadoop.thirdparty.protobuf.BlockingService
2024-11-12 13:41:30,891 INFO  EvoClassLoader - Instrumenting class 'org.apache.hadoop.thirdparty.protobuf.BlockingService'.
2024-11-12 13:41:30,891 INFO  EvoClassLoader - Keeping class: org.apache.hadoop.thirdparty.protobuf.BlockingService
2024-11-12 13:41:30,891 INFO  EvoClassLoader - Seeing class for first time: org.apache.hadoop.http.HttpServer2$Builder
2024-11-12 13:41:30,891 INFO  EvoClassLoader - Instrumenting class 'org.apache.hadoop.http.HttpServer2$Builder'.
2024-11-12 13:41:30,891 INFO  MethodCallReplacementClassAdapter - Adding mock interface to class org/apache/hadoop/http/HttpServer2$Builder
2024-11-12 13:41:30,892 INFO  CreateClassResetClassAdapter - Creating brand-new static initializer in class org/apache/hadoop/http/HttpServer2$Builder
2024-11-12 13:41:30,893 INFO  EvoClassLoader - Keeping class: org.apache.hadoop.http.HttpServer2$Builder
2024-11-12 13:41:30,893 INFO  EvoClassLoader - Seeing class for first time: org.apache.hadoop.hdfs.security.token.delegation.DelegationTokenIdentifier
2024-11-12 13:41:30,893 INFO  EvoClassLoader - Instrumenting class 'org.apache.hadoop.hdfs.security.token.delegation.DelegationTokenIdentifier'.
2024-11-12 13:41:30,893 INFO  MethodCallReplacementClassAdapter - Adding mock interface to class org/apache/hadoop/hdfs/security/token/delegation/DelegationTokenIdentifier
2024-11-12 13:41:30,893 INFO  CreateClassResetClassAdapter - Found static initializer in class org/apache/hadoop/hdfs/security/token/delegation/DelegationTokenIdentifier
2024-11-12 13:41:30,893 INFO  EvoClassLoader - Defined package (3): package org.apache.hadoop.hdfs.security.token.delegation, -1678507175
2024-11-12 13:41:30,893 INFO  EvoClassLoader - Seeing class for first time: org.apache.hadoop.security.token.delegation.AbstractDelegationTokenIdentifier
2024-11-12 13:41:30,893 INFO  EvoClassLoader - Instrumenting class 'org.apache.hadoop.security.token.delegation.AbstractDelegationTokenIdentifier'.
2024-11-12 13:41:30,893 INFO  MethodCallReplacementClassAdapter - Adding mock interface to class org/apache/hadoop/security/token/delegation/AbstractDelegationTokenIdentifier
2024-11-12 13:41:30,894 INFO  CreateClassResetClassAdapter - Creating brand-new static initializer in class org/apache/hadoop/security/token/delegation/AbstractDelegationTokenIdentifier
2024-11-12 13:41:30,894 INFO  CreateClassResetClassAdapter - Adding bytecode for initializing field VERSION
2024-11-12 13:41:30,894 INFO  EvoClassLoader - Defined package (3): package org.apache.hadoop.security.token.delegation, 367001656
2024-11-12 13:41:30,894 INFO  EvoClassLoader - Seeing class for first time: org.apache.hadoop.security.token.TokenIdentifier
2024-11-12 13:41:30,894 INFO  EvoClassLoader - Instrumenting class 'org.apache.hadoop.security.token.TokenIdentifier'.
2024-11-12 13:41:30,894 INFO  MethodCallReplacementClassAdapter - Adding mock interface to class org/apache/hadoop/security/token/TokenIdentifier
2024-11-12 13:41:30,895 INFO  CreateClassResetClassAdapter - Creating brand-new static initializer in class org/apache/hadoop/security/token/TokenIdentifier
2024-11-12 13:41:30,895 INFO  EvoClassLoader - Keeping class: org.apache.hadoop.security.token.TokenIdentifier
2024-11-12 13:41:30,895 INFO  EvoClassLoader - Keeping class: org.apache.hadoop.security.token.delegation.AbstractDelegationTokenIdentifier
2024-11-12 13:41:30,895 INFO  EvoClassLoader - Keeping class: org.apache.hadoop.hdfs.security.token.delegation.DelegationTokenIdentifier
2024-11-12 13:41:30,895 INFO  EvoClassLoader - Seeing class for first time: org.apache.hadoop.hdfs.server.namenode.FsImageProto$INodeSection$QuotaByStorageTypeFeatureProto$Builder
2024-11-12 13:41:30,895 INFO  EvoClassLoader - Instrumenting class 'org.apache.hadoop.hdfs.server.namenode.FsImageProto$INodeSection$QuotaByStorageTypeFeatureProto$Builder'.
2024-11-12 13:41:30,895 INFO  MethodCallReplacementClassAdapter - Adding mock interface to class org/apache/hadoop/hdfs/server/namenode/FsImageProto$INodeSection$QuotaByStorageTypeFeatureProto$Builder
2024-11-12 13:41:30,896 INFO  CreateClassResetClassAdapter - Creating brand-new static initializer in class org/apache/hadoop/hdfs/server/namenode/FsImageProto$INodeSection$QuotaByStorageTypeFeatureProto$Builder
2024-11-12 13:41:30,897 INFO  EvoClassLoader - Keeping class: org.apache.hadoop.hdfs.server.namenode.FsImageProto$INodeSection$QuotaByStorageTypeFeatureProto$Builder
2024-11-12 13:41:30,897 INFO  EvoClassLoader - Seeing class for first time: org.apache.hadoop.hdfs.server.namenode.FsImageProto$CacheManagerSection$Builder
2024-11-12 13:41:30,897 INFO  EvoClassLoader - Instrumenting class 'org.apache.hadoop.hdfs.server.namenode.FsImageProto$CacheManagerSection$Builder'.
2024-11-12 13:41:30,897 INFO  MethodCallReplacementClassAdapter - Adding mock interface to class org/apache/hadoop/hdfs/server/namenode/FsImageProto$CacheManagerSection$Builder
2024-11-12 13:41:30,898 INFO  CreateClassResetClassAdapter - Creating brand-new static initializer in class org/apache/hadoop/hdfs/server/namenode/FsImageProto$CacheManagerSection$Builder
2024-11-12 13:41:30,898 INFO  EvoClassLoader - Keeping class: org.apache.hadoop.hdfs.server.namenode.FsImageProto$CacheManagerSection$Builder
2024-11-12 13:41:30,898 INFO  EvoClassLoader - Seeing class for first time: org.apache.hadoop.hdfs.server.namenode.snapshot.DirectoryWithSnapshotFeature
2024-11-12 13:41:30,898 INFO  EvoClassLoader - Instrumenting class 'org.apache.hadoop.hdfs.server.namenode.snapshot.DirectoryWithSnapshotFeature'.
2024-11-12 13:41:30,899 INFO  MethodCallReplacementClassAdapter - Adding mock interface to class org/apache/hadoop/hdfs/server/namenode/snapshot/DirectoryWithSnapshotFeature
2024-11-12 13:41:30,900 INFO  CreateClassResetClassAdapter - Creating brand-new static initializer in class org/apache/hadoop/hdfs/server/namenode/snapshot/DirectoryWithSnapshotFeature
2024-11-12 13:41:30,900 INFO  EvoClassLoader - Keeping class: org.apache.hadoop.hdfs.server.namenode.snapshot.DirectoryWithSnapshotFeature
2024-11-12 13:41:30,900 INFO  EvoClassLoader - Seeing class for first time: org.apache.hadoop.hdfs.server.namenode.LeaseManager
2024-11-12 13:41:30,900 INFO  EvoClassLoader - Instrumenting class 'org.apache.hadoop.hdfs.server.namenode.LeaseManager'.
2024-11-12 13:41:30,900 INFO  MethodCallReplacementClassAdapter - Adding mock interface to class org/apache/hadoop/hdfs/server/namenode/LeaseManager
2024-11-12 13:41:30,902 INFO  CreateClassResetClassAdapter - Found static initializer in class org/apache/hadoop/hdfs/server/namenode/LeaseManager
2024-11-12 13:41:30,902 INFO  EvoClassLoader - Keeping class: org.apache.hadoop.hdfs.server.namenode.LeaseManager
2024-11-12 13:41:30,902 INFO  EvoClassLoader - Seeing class for first time: org.apache.hadoop.hdfs.server.namenode.snapshot.Snapshot
2024-11-12 13:41:30,902 INFO  EvoClassLoader - Instrumenting class 'org.apache.hadoop.hdfs.server.namenode.snapshot.Snapshot'.
2024-11-12 13:41:30,902 INFO  MethodCallReplacementClassAdapter - Adding mock interface to class org/apache/hadoop/hdfs/server/namenode/snapshot/Snapshot
2024-11-12 13:41:30,904 INFO  CreateClassResetClassAdapter - Found static initializer in class org/apache/hadoop/hdfs/server/namenode/snapshot/Snapshot
2024-11-12 13:41:30,904 INFO  EvoClassLoader - Keeping class: org.apache.hadoop.hdfs.server.namenode.snapshot.Snapshot
2024-11-12 13:41:30,904 INFO  EvoClassLoader - Seeing class for first time: org.apache.hadoop.hdfs.protocol.SnapshotException
2024-11-12 13:41:30,904 INFO  EvoClassLoader - Instrumenting class 'org.apache.hadoop.hdfs.protocol.SnapshotException'.
2024-11-12 13:41:30,904 INFO  MethodCallReplacementClassAdapter - Adding mock interface to class org/apache/hadoop/hdfs/protocol/SnapshotException
2024-11-12 13:41:30,904 INFO  CreateClassResetClassAdapter - Creating brand-new static initializer in class org/apache/hadoop/hdfs/protocol/SnapshotException
2024-11-12 13:41:30,904 INFO  EvoClassLoader - Keeping class: org.apache.hadoop.hdfs.protocol.SnapshotException
2024-11-12 13:41:30,904 INFO  EvoClassLoader - Seeing class for first time: org.apache.hadoop.hdfs.server.namenode.snapshot.DirectoryWithSnapshotFeature$DirectoryDiffList
2024-11-12 13:41:30,904 INFO  EvoClassLoader - Instrumenting class 'org.apache.hadoop.hdfs.server.namenode.snapshot.DirectoryWithSnapshotFeature$DirectoryDiffList'.
2024-11-12 13:41:30,904 INFO  MethodCallReplacementClassAdapter - Adding mock interface to class org/apache/hadoop/hdfs/server/namenode/snapshot/DirectoryWithSnapshotFeature$DirectoryDiffList
2024-11-12 13:41:30,905 INFO  CreateClassResetClassAdapter - Creating brand-new static initializer in class org/apache/hadoop/hdfs/server/namenode/snapshot/DirectoryWithSnapshotFeature$DirectoryDiffList
2024-11-12 13:41:30,905 INFO  EvoClassLoader - Keeping class: org.apache.hadoop.hdfs.server.namenode.snapshot.DirectoryWithSnapshotFeature$DirectoryDiffList
2024-11-12 13:41:30,905 INFO  EvoClassLoader - Seeing class for first time: org.apache.hadoop.hdfs.server.namenode.DirectoryWithQuotaFeature
2024-11-12 13:41:30,906 INFO  EvoClassLoader - Instrumenting class 'org.apache.hadoop.hdfs.server.namenode.DirectoryWithQuotaFeature'.
2024-11-12 13:41:30,906 INFO  MethodCallReplacementClassAdapter - Adding mock interface to class org/apache/hadoop/hdfs/server/namenode/DirectoryWithQuotaFeature
2024-11-12 13:41:30,906 INFO  CreateClassResetClassAdapter - Creating brand-new static initializer in class org/apache/hadoop/hdfs/server/namenode/DirectoryWithQuotaFeature
2024-11-12 13:41:30,906 INFO  CreateClassResetClassAdapter - Adding bytecode for initializing field DEFAULT_NAMESPACE_QUOTA
2024-11-12 13:41:30,906 INFO  CreateClassResetClassAdapter - Adding bytecode for initializing field DEFAULT_STORAGE_SPACE_QUOTA
2024-11-12 13:41:30,907 INFO  EvoClassLoader - Keeping class: org.apache.hadoop.hdfs.server.namenode.DirectoryWithQuotaFeature
2024-11-12 13:41:30,907 INFO  EvoClassLoader - Seeing class for first time: org.apache.hadoop.hdfs.server.namenode.snapshot.DirectorySnapshottableFeature
2024-11-12 13:41:30,907 INFO  EvoClassLoader - Instrumenting class 'org.apache.hadoop.hdfs.server.namenode.snapshot.DirectorySnapshottableFeature'.
2024-11-12 13:41:30,908 INFO  MethodCallReplacementClassAdapter - Adding mock interface to class org/apache/hadoop/hdfs/server/namenode/snapshot/DirectorySnapshottableFeature
2024-11-12 13:41:30,909 INFO  CreateClassResetClassAdapter - Creating brand-new static initializer in class org/apache/hadoop/hdfs/server/namenode/snapshot/DirectorySnapshottableFeature
2024-11-12 13:41:30,909 INFO  CreateClassResetClassAdapter - Adding bytecode for initializing field SNAPSHOT_QUOTA_DEFAULT
2024-11-12 13:41:30,910 INFO  EvoClassLoader - Keeping class: org.apache.hadoop.hdfs.server.namenode.snapshot.DirectorySnapshottableFeature
2024-11-12 13:41:30,910 INFO  EvoClassLoader - Seeing class for first time: org.apache.hadoop.hdfs.util.ReadOnlyList
2024-11-12 13:41:30,910 INFO  EvoClassLoader - Instrumenting class 'org.apache.hadoop.hdfs.util.ReadOnlyList'.
2024-11-12 13:41:30,910 INFO  EvoClassLoader - Keeping class: org.apache.hadoop.hdfs.util.ReadOnlyList
2024-11-12 13:41:30,910 INFO  EvoClassLoader - Seeing class for first time: org.apache.hadoop.hdfs.server.namenode.FsImageProto$INodeSection$INodeSymlink$Builder
2024-11-12 13:41:30,910 INFO  EvoClassLoader - Instrumenting class 'org.apache.hadoop.hdfs.server.namenode.FsImageProto$INodeSection$INodeSymlink$Builder'.
2024-11-12 13:41:30,911 INFO  MethodCallReplacementClassAdapter - Adding mock interface to class org/apache/hadoop/hdfs/server/namenode/FsImageProto$INodeSection$INodeSymlink$Builder
2024-11-12 13:41:30,911 INFO  CreateClassResetClassAdapter - Creating brand-new static initializer in class org/apache/hadoop/hdfs/server/namenode/FsImageProto$INodeSection$INodeSymlink$Builder
2024-11-12 13:41:30,912 INFO  EvoClassLoader - Keeping class: org.apache.hadoop.hdfs.server.namenode.FsImageProto$INodeSection$INodeSymlink$Builder
2024-11-12 13:41:30,912 INFO  EvoClassLoader - Seeing class for first time: org.apache.hadoop.security.Credentials
2024-11-12 13:41:30,912 INFO  EvoClassLoader - Instrumenting class 'org.apache.hadoop.security.Credentials'.
2024-11-12 13:41:30,912 INFO  MethodCallReplacementClassAdapter - Adding mock interface to class org/apache/hadoop/security/Credentials
2024-11-12 13:41:30,913 INFO  CreateClassResetClassAdapter - Found static initializer in class org/apache/hadoop/security/Credentials
2024-11-12 13:41:30,913 INFO  EvoClassLoader - Keeping class: org.apache.hadoop.security.Credentials
2024-11-12 13:41:30,913 INFO  EvoClassLoader - Seeing class for first time: org.apache.hadoop.fs.XAttr
2024-11-12 13:41:30,913 INFO  EvoClassLoader - Instrumenting class 'org.apache.hadoop.fs.XAttr'.
2024-11-12 13:41:30,914 INFO  MethodCallReplacementClassAdapter - Adding mock interface to class org/apache/hadoop/fs/XAttr
2024-11-12 13:41:30,914 INFO  CreateClassResetClassAdapter - Creating brand-new static initializer in class org/apache/hadoop/fs/XAttr
2024-11-12 13:41:30,914 INFO  EvoClassLoader - Keeping class: org.apache.hadoop.fs.XAttr
2024-11-12 13:41:30,914 INFO  EvoClassLoader - Seeing class for first time: org.apache.hadoop.hdfs.protocol.LocatedBlock
2024-11-12 13:41:30,914 INFO  EvoClassLoader - Instrumenting class 'org.apache.hadoop.hdfs.protocol.LocatedBlock'.
2024-11-12 13:41:30,914 INFO  MethodCallReplacementClassAdapter - Adding mock interface to class org/apache/hadoop/hdfs/protocol/LocatedBlock
2024-11-12 13:41:30,915 INFO  CreateClassResetClassAdapter - Found static initializer in class org/apache/hadoop/hdfs/protocol/LocatedBlock
2024-11-12 13:41:30,916 INFO  EvoClassLoader - Keeping class: org.apache.hadoop.hdfs.protocol.LocatedBlock
2024-11-12 13:41:30,916 INFO  EvoClassLoader - Seeing class for first time: org.apache.hadoop.hdfs.protocol.EncryptionZone
2024-11-12 13:41:30,916 INFO  EvoClassLoader - Instrumenting class 'org.apache.hadoop.hdfs.protocol.EncryptionZone'.
2024-11-12 13:41:30,916 INFO  MethodCallReplacementClassAdapter - Adding mock interface to class org/apache/hadoop/hdfs/protocol/EncryptionZone
2024-11-12 13:41:30,917 INFO  CreateClassResetClassAdapter - Creating brand-new static initializer in class org/apache/hadoop/hdfs/protocol/EncryptionZone
2024-11-12 13:41:30,917 INFO  EvoClassLoader - Keeping class: org.apache.hadoop.hdfs.protocol.EncryptionZone
2024-11-12 13:41:30,917 INFO  EvoClassLoader - Seeing class for first time: org.apache.hadoop.hdfs.protocol.datatransfer.sasl.SaslDataTransferClient
2024-11-12 13:41:30,917 INFO  EvoClassLoader - Instrumenting class 'org.apache.hadoop.hdfs.protocol.datatransfer.sasl.SaslDataTransferClient'.
2024-11-12 13:41:30,917 INFO  MethodCallReplacementClassAdapter - Adding mock interface to class org/apache/hadoop/hdfs/protocol/datatransfer/sasl/SaslDataTransferClient
2024-11-12 13:41:30,918 INFO  CreateClassResetClassAdapter - Found static initializer in class org/apache/hadoop/hdfs/protocol/datatransfer/sasl/SaslDataTransferClient
2024-11-12 13:41:30,918 INFO  EvoClassLoader - Defined package (3): package org.apache.hadoop.hdfs.protocol.datatransfer.sasl, 575598492
2024-11-12 13:41:30,918 INFO  EvoClassLoader - Keeping class: org.apache.hadoop.hdfs.protocol.datatransfer.sasl.SaslDataTransferClient
2024-11-12 13:41:30,918 INFO  EvoClassLoader - Seeing class for first time: org.apache.hadoop.hdfs.protocol.datatransfer.sasl.DataEncryptionKeyFactory
2024-11-12 13:41:30,918 INFO  EvoClassLoader - Instrumenting class 'org.apache.hadoop.hdfs.protocol.datatransfer.sasl.DataEncryptionKeyFactory'.
2024-11-12 13:41:30,918 INFO  EvoClassLoader - Keeping class: org.apache.hadoop.hdfs.protocol.datatransfer.sasl.DataEncryptionKeyFactory
2024-11-12 13:41:30,918 INFO  EvoClassLoader - Seeing class for first time: org.apache.hadoop.hdfs.protocol.datatransfer.IOStreamPair
2024-11-12 13:41:30,918 INFO  EvoClassLoader - Instrumenting class 'org.apache.hadoop.hdfs.protocol.datatransfer.IOStreamPair'.
2024-11-12 13:41:30,919 INFO  MethodCallReplacementClassAdapter - Adding mock interface to class org/apache/hadoop/hdfs/protocol/datatransfer/IOStreamPair
2024-11-12 13:41:30,919 INFO  CreateClassResetClassAdapter - Creating brand-new static initializer in class org/apache/hadoop/hdfs/protocol/datatransfer/IOStreamPair
2024-11-12 13:41:30,919 INFO  EvoClassLoader - Defined package (3): package org.apache.hadoop.hdfs.protocol.datatransfer, -312567207
2024-11-12 13:41:30,919 INFO  EvoClassLoader - Keeping class: org.apache.hadoop.hdfs.protocol.datatransfer.IOStreamPair
2024-11-12 13:41:30,919 INFO  EvoClassLoader - Seeing class for first time: org.apache.hadoop.thirdparty.protobuf.Extension$MessageType
2024-11-12 13:41:30,919 INFO  EvoClassLoader - Instrumenting class 'org.apache.hadoop.thirdparty.protobuf.Extension$MessageType'.
2024-11-12 13:41:30,919 INFO  MethodCallReplacementClassAdapter - Adding mock interface to class org/apache/hadoop/thirdparty/protobuf/Extension$MessageType
2024-11-12 13:41:30,919 INFO  CreateClassResetClassAdapter - Found static initializer in class org/apache/hadoop/thirdparty/protobuf/Extension$MessageType
2024-11-12 13:41:30,919 INFO  EvoClassLoader - Keeping class: org.apache.hadoop.thirdparty.protobuf.Extension$MessageType
2024-11-12 13:41:30,919 INFO  EvoClassLoader - Seeing class for first time: org.apache.hadoop.hdfs.server.namenode.FsImageProto$StringTableSection$Entry$Builder
2024-11-12 13:41:30,919 INFO  EvoClassLoader - Instrumenting class 'org.apache.hadoop.hdfs.server.namenode.FsImageProto$StringTableSection$Entry$Builder'.
2024-11-12 13:41:30,919 INFO  MethodCallReplacementClassAdapter - Adding mock interface to class org/apache/hadoop/hdfs/server/namenode/FsImageProto$StringTableSection$Entry$Builder
2024-11-12 13:41:30,920 INFO  CreateClassResetClassAdapter - Creating brand-new static initializer in class org/apache/hadoop/hdfs/server/namenode/FsImageProto$StringTableSection$Entry$Builder
2024-11-12 13:41:30,920 INFO  EvoClassLoader - Keeping class: org.apache.hadoop.hdfs.server.namenode.FsImageProto$StringTableSection$Entry$Builder
2024-11-12 13:41:30,921 INFO  EvoClassLoader - Seeing class for first time: com.ctc.wstx.dtd.DTDId
2024-11-12 13:41:30,921 INFO  EvoClassLoader - Instrumenting class 'com.ctc.wstx.dtd.DTDId'.
2024-11-12 13:41:30,921 INFO  MethodCallReplacementClassAdapter - Adding mock interface to class com/ctc/wstx/dtd/DTDId
2024-11-12 13:41:30,921 INFO  CreateClassResetClassAdapter - Creating brand-new static initializer in class com/ctc/wstx/dtd/DTDId
2024-11-12 13:41:30,921 INFO  EvoClassLoader - Keeping class: com.ctc.wstx.dtd.DTDId
2024-11-12 13:41:30,921 INFO  EvoClassLoader - Seeing class for first time: com.ctc.wstx.dtd.DTDSubset
2024-11-12 13:41:30,921 INFO  EvoClassLoader - Instrumenting class 'com.ctc.wstx.dtd.DTDSubset'.
2024-11-12 13:41:30,922 INFO  MethodCallReplacementClassAdapter - Adding mock interface to class com/ctc/wstx/dtd/DTDSubset
2024-11-12 13:41:30,922 INFO  CreateClassResetClassAdapter - Creating brand-new static initializer in class com/ctc/wstx/dtd/DTDSubset
2024-11-12 13:41:30,922 INFO  EvoClassLoader - Keeping class: com.ctc.wstx.dtd.DTDSubset
2024-11-12 13:41:30,922 INFO  EvoClassLoader - Seeing class for first time: org.apache.hadoop.hdfs.protocol.DatanodeInfo$AdminStates
2024-11-12 13:41:30,922 INFO  EvoClassLoader - Instrumenting class 'org.apache.hadoop.hdfs.protocol.DatanodeInfo$AdminStates'.
2024-11-12 13:41:30,922 INFO  MethodCallReplacementClassAdapter - Adding mock interface to class org/apache/hadoop/hdfs/protocol/DatanodeInfo$AdminStates
2024-11-12 13:41:30,922 INFO  CreateClassResetClassAdapter - Found static initializer in class org/apache/hadoop/hdfs/protocol/DatanodeInfo$AdminStates
2024-11-12 13:41:30,922 INFO  EvoClassLoader - Keeping class: org.apache.hadoop.hdfs.protocol.DatanodeInfo$AdminStates
2024-11-12 13:41:30,923 INFO  EvoClassLoader - Seeing class for first time: org.apache.hadoop.hdfs.server.namenode.FsImageProto$SnapshotDiffSection$Builder
2024-11-12 13:41:30,923 INFO  EvoClassLoader - Instrumenting class 'org.apache.hadoop.hdfs.server.namenode.FsImageProto$SnapshotDiffSection$Builder'.
2024-11-12 13:41:30,923 INFO  MethodCallReplacementClassAdapter - Adding mock interface to class org/apache/hadoop/hdfs/server/namenode/FsImageProto$SnapshotDiffSection$Builder
2024-11-12 13:41:30,923 INFO  CreateClassResetClassAdapter - Creating brand-new static initializer in class org/apache/hadoop/hdfs/server/namenode/FsImageProto$SnapshotDiffSection$Builder
2024-11-12 13:41:30,923 INFO  EvoClassLoader - Keeping class: org.apache.hadoop.hdfs.server.namenode.FsImageProto$SnapshotDiffSection$Builder
2024-11-12 13:41:30,923 INFO  EvoClassLoader - Seeing class for first time: org.apache.hadoop.thirdparty.protobuf.ByteString$Output
2024-11-12 13:41:30,923 INFO  EvoClassLoader - Instrumenting class 'org.apache.hadoop.thirdparty.protobuf.ByteString$Output'.
2024-11-12 13:41:30,924 INFO  MethodCallReplacementClassAdapter - Adding mock interface to class org/apache/hadoop/thirdparty/protobuf/ByteString$Output
2024-11-12 13:41:30,924 INFO  CreateClassResetClassAdapter - Found static initializer in class org/apache/hadoop/thirdparty/protobuf/ByteString$Output
2024-11-12 13:41:30,924 INFO  EvoClassLoader - Keeping class: org.apache.hadoop.thirdparty.protobuf.ByteString$Output
2024-11-12 13:41:30,924 INFO  EvoClassLoader - Seeing class for first time: org.apache.hadoop.thirdparty.protobuf.ByteString$CodedBuilder
2024-11-12 13:41:30,924 INFO  EvoClassLoader - Instrumenting class 'org.apache.hadoop.thirdparty.protobuf.ByteString$CodedBuilder'.
2024-11-12 13:41:30,925 INFO  MethodCallReplacementClassAdapter - Adding mock interface to class org/apache/hadoop/thirdparty/protobuf/ByteString$CodedBuilder
2024-11-12 13:41:30,925 INFO  CreateClassResetClassAdapter - Creating brand-new static initializer in class org/apache/hadoop/thirdparty/protobuf/ByteString$CodedBuilder
2024-11-12 13:41:30,925 INFO  EvoClassLoader - Keeping class: org.apache.hadoop.thirdparty.protobuf.ByteString$CodedBuilder
2024-11-12 13:41:30,925 INFO  EvoClassLoader - Seeing class for first time: org.codehaus.stax2.validation.ValidationProblemHandler
2024-11-12 13:41:30,925 INFO  EvoClassLoader - Instrumenting class 'org.codehaus.stax2.validation.ValidationProblemHandler'.
2024-11-12 13:41:30,925 INFO  EvoClassLoader - Keeping class: org.codehaus.stax2.validation.ValidationProblemHandler
2024-11-12 13:41:30,930 INFO  EvoClassLoader - Seeing class for first time: org.apache.hadoop.hdfs.tools.offlineImageViewer.FSImageLoader$2
2024-11-12 13:41:30,930 INFO  EvoClassLoader - Instrumenting class 'org.apache.hadoop.hdfs.tools.offlineImageViewer.FSImageLoader$2'.
2024-11-12 13:41:30,931 INFO  MethodCallReplacementClassAdapter - Adding mock interface to class org/apache/hadoop/hdfs/tools/offlineImageViewer/FSImageLoader$2
2024-11-12 13:41:30,931 INFO  EvoClassLoader - Keeping class: org.apache.hadoop.hdfs.tools.offlineImageViewer.FSImageLoader$2
2024-11-12 13:41:30,932 INFO  EvoClassLoader - Seeing class for first time: org.apache.hadoop.hdfs.server.namenode.FsImageProto$FileSummary$1
2024-11-12 13:41:30,932 INFO  EvoClassLoader - Instrumenting class 'org.apache.hadoop.hdfs.server.namenode.FsImageProto$FileSummary$1'.
2024-11-12 13:41:30,932 INFO  MethodCallReplacementClassAdapter - Adding mock interface to class org/apache/hadoop/hdfs/server/namenode/FsImageProto$FileSummary$1
2024-11-12 13:41:30,932 INFO  EvoClassLoader - Keeping class: org.apache.hadoop.hdfs.server.namenode.FsImageProto$FileSummary$1
2024-11-12 13:41:30,932 INFO  EvoClassLoader - Seeing class for first time: org.apache.hadoop.hdfs.server.namenode.FsImageProto$NameSystemSection
2024-11-12 13:41:30,932 INFO  EvoClassLoader - Instrumenting class 'org.apache.hadoop.hdfs.server.namenode.FsImageProto$NameSystemSection'.
2024-11-12 13:41:30,932 INFO  MethodCallReplacementClassAdapter - Adding mock interface to class org/apache/hadoop/hdfs/server/namenode/FsImageProto$NameSystemSection
2024-11-12 13:41:30,933 INFO  CreateClassResetClassAdapter - Found static initializer in class org/apache/hadoop/hdfs/server/namenode/FsImageProto$NameSystemSection
2024-11-12 13:41:30,934 INFO  EvoClassLoader - Seeing class for first time: org.apache.hadoop.hdfs.server.namenode.FsImageProto$NameSystemSectionOrBuilder
2024-11-12 13:41:30,934 INFO  EvoClassLoader - Instrumenting class 'org.apache.hadoop.hdfs.server.namenode.FsImageProto$NameSystemSectionOrBuilder'.
2024-11-12 13:41:30,934 INFO  EvoClassLoader - Keeping class: org.apache.hadoop.hdfs.server.namenode.FsImageProto$NameSystemSectionOrBuilder
2024-11-12 13:41:30,935 INFO  EvoClassLoader - Keeping class: org.apache.hadoop.hdfs.server.namenode.FsImageProto$NameSystemSection
2024-11-12 13:41:30,935 INFO  EvoClassLoader - Seeing class for first time: org.apache.hadoop.hdfs.server.namenode.FsImageProto$FileSummary$Builder
2024-11-12 13:41:30,935 INFO  EvoClassLoader - Instrumenting class 'org.apache.hadoop.hdfs.server.namenode.FsImageProto$FileSummary$Builder'.
2024-11-12 13:41:30,935 INFO  MethodCallReplacementClassAdapter - Adding mock interface to class org/apache/hadoop/hdfs/server/namenode/FsImageProto$FileSummary$Builder
2024-11-12 13:41:30,936 INFO  CreateClassResetClassAdapter - Creating brand-new static initializer in class org/apache/hadoop/hdfs/server/namenode/FsImageProto$FileSummary$Builder
2024-11-12 13:41:30,937 INFO  EvoClassLoader - Keeping class: org.apache.hadoop.hdfs.server.namenode.FsImageProto$FileSummary$Builder
2024-11-12 13:41:30,937 INFO  EvoClassLoader - Seeing class for first time: org.apache.hadoop.hdfs.server.namenode.FsImageProto$FileSummary$Section
2024-11-12 13:41:30,937 INFO  EvoClassLoader - Instrumenting class 'org.apache.hadoop.hdfs.server.namenode.FsImageProto$FileSummary$Section'.
2024-11-12 13:41:30,937 INFO  MethodCallReplacementClassAdapter - Adding mock interface to class org/apache/hadoop/hdfs/server/namenode/FsImageProto$FileSummary$Section
2024-11-12 13:41:30,937 INFO  CreateClassResetClassAdapter - Found static initializer in class org/apache/hadoop/hdfs/server/namenode/FsImageProto$FileSummary$Section
2024-11-12 13:41:30,938 INFO  EvoClassLoader - Seeing class for first time: org.apache.hadoop.hdfs.server.namenode.FsImageProto$FileSummary$SectionOrBuilder
2024-11-12 13:41:30,938 INFO  EvoClassLoader - Instrumenting class 'org.apache.hadoop.hdfs.server.namenode.FsImageProto$FileSummary$SectionOrBuilder'.
2024-11-12 13:41:30,938 INFO  EvoClassLoader - Keeping class: org.apache.hadoop.hdfs.server.namenode.FsImageProto$FileSummary$SectionOrBuilder
2024-11-12 13:41:30,938 INFO  EvoClassLoader - Keeping class: org.apache.hadoop.hdfs.server.namenode.FsImageProto$FileSummary$Section
2024-11-12 13:41:30,938 INFO  EvoClassLoader - Seeing class for first time: org.apache.hadoop.hdfs.protocol.LayoutVersion
2024-11-12 13:41:30,938 INFO  EvoClassLoader - Instrumenting class 'org.apache.hadoop.hdfs.protocol.LayoutVersion'.
2024-11-12 13:41:30,938 INFO  MethodCallReplacementClassAdapter - Adding mock interface to class org/apache/hadoop/hdfs/protocol/LayoutVersion
2024-11-12 13:41:30,939 INFO  CreateClassResetClassAdapter - Creating brand-new static initializer in class org/apache/hadoop/hdfs/protocol/LayoutVersion
2024-11-12 13:41:30,939 INFO  CreateClassResetClassAdapter - Adding bytecode for initializing field BUGFIX_HDFS_2991_VERSION
2024-11-12 13:41:30,939 INFO  EvoClassLoader - Keeping class: org.apache.hadoop.hdfs.protocol.LayoutVersion
2024-11-12 13:41:30,939 INFO  EvoClassLoader - Seeing class for first time: org.apache.hadoop.hdfs.protocol.LayoutVersion$LayoutFeatureComparator
2024-11-12 13:41:30,939 INFO  EvoClassLoader - Instrumenting class 'org.apache.hadoop.hdfs.protocol.LayoutVersion$LayoutFeatureComparator'.
2024-11-12 13:41:30,939 INFO  MethodCallReplacementClassAdapter - Adding mock interface to class org/apache/hadoop/hdfs/protocol/LayoutVersion$LayoutFeatureComparator
2024-11-12 13:41:30,939 INFO  CreateClassResetClassAdapter - Creating brand-new static initializer in class org/apache/hadoop/hdfs/protocol/LayoutVersion$LayoutFeatureComparator
2024-11-12 13:41:30,939 INFO  EvoClassLoader - Keeping class: org.apache.hadoop.hdfs.protocol.LayoutVersion$LayoutFeatureComparator
2024-11-12 13:41:30,939 INFO  EvoClassLoader - Seeing class for first time: org.apache.hadoop.hdfs.protocol.LayoutVersion$Feature
2024-11-12 13:41:30,939 INFO  EvoClassLoader - Instrumenting class 'org.apache.hadoop.hdfs.protocol.LayoutVersion$Feature'.
2024-11-12 13:41:30,939 INFO  MethodCallReplacementClassAdapter - Adding mock interface to class org/apache/hadoop/hdfs/protocol/LayoutVersion$Feature
2024-11-12 13:41:30,939 INFO  CreateClassResetClassAdapter - Found static initializer in class org/apache/hadoop/hdfs/protocol/LayoutVersion$Feature
2024-11-12 13:41:30,940 INFO  EvoClassLoader - Keeping class: org.apache.hadoop.hdfs.protocol.LayoutVersion$Feature
2024-11-12 13:41:30,940 INFO  EvoClassLoader - Seeing class for first time: org.apache.hadoop.hdfs.server.namenode.NameNodeLayoutVersion$Feature
2024-11-12 13:41:30,940 INFO  EvoClassLoader - Instrumenting class 'org.apache.hadoop.hdfs.server.namenode.NameNodeLayoutVersion$Feature'.
2024-11-12 13:41:30,940 INFO  MethodCallReplacementClassAdapter - Adding mock interface to class org/apache/hadoop/hdfs/server/namenode/NameNodeLayoutVersion$Feature
2024-11-12 13:41:30,940 INFO  CreateClassResetClassAdapter - Found static initializer in class org/apache/hadoop/hdfs/server/namenode/NameNodeLayoutVersion$Feature
2024-11-12 13:41:30,940 INFO  EvoClassLoader - Keeping class: org.apache.hadoop.hdfs.server.namenode.NameNodeLayoutVersion$Feature
2024-11-12 13:41:30,940 INFO  EvoClassLoader - Seeing class for first time: org.apache.hadoop.hdfs.server.namenode.NameNodeLayoutVersion
2024-11-12 13:41:30,940 INFO  EvoClassLoader - Instrumenting class 'org.apache.hadoop.hdfs.server.namenode.NameNodeLayoutVersion'.
2024-11-12 13:41:30,941 INFO  MethodCallReplacementClassAdapter - Adding mock interface to class org/apache/hadoop/hdfs/server/namenode/NameNodeLayoutVersion
2024-11-12 13:41:30,941 INFO  CreateClassResetClassAdapter - Found static initializer in class org/apache/hadoop/hdfs/server/namenode/NameNodeLayoutVersion
2024-11-12 13:41:30,941 INFO  EvoClassLoader - Keeping class: org.apache.hadoop.hdfs.server.namenode.NameNodeLayoutVersion
2024-11-12 13:41:30,945 INFO  EvoClassLoader - Seeing class for first time: org.apache.hadoop.hdfs.server.namenode.FSImageFormatProtobuf$SectionName
2024-11-12 13:41:30,945 INFO  EvoClassLoader - Instrumenting class 'org.apache.hadoop.hdfs.server.namenode.FSImageFormatProtobuf$SectionName'.
2024-11-12 13:41:30,945 INFO  MethodCallReplacementClassAdapter - Adding mock interface to class org/apache/hadoop/hdfs/server/namenode/FSImageFormatProtobuf$SectionName
2024-11-12 13:41:30,945 INFO  CreateClassResetClassAdapter - Found static initializer in class org/apache/hadoop/hdfs/server/namenode/FSImageFormatProtobuf$SectionName
2024-11-12 13:41:30,946 INFO  EvoClassLoader - Keeping class: org.apache.hadoop.hdfs.server.namenode.FSImageFormatProtobuf$SectionName
2024-11-12 13:41:30,946 INFO  EvoClassLoader - Seeing class for first time: org.apache.hadoop.hdfs.server.namenode.FSImageFormatProtobuf
2024-11-12 13:41:30,946 INFO  EvoClassLoader - Instrumenting class 'org.apache.hadoop.hdfs.server.namenode.FSImageFormatProtobuf'.
2024-11-12 13:41:30,946 INFO  MethodCallReplacementClassAdapter - Adding mock interface to class org/apache/hadoop/hdfs/server/namenode/FSImageFormatProtobuf
2024-11-12 13:41:30,946 INFO  CreateClassResetClassAdapter - Found static initializer in class org/apache/hadoop/hdfs/server/namenode/FSImageFormatProtobuf
2024-11-12 13:41:30,946 INFO  EvoClassLoader - Keeping class: org.apache.hadoop.hdfs.server.namenode.FSImageFormatProtobuf
2024-11-12 13:41:30,947 INFO  EvoClassLoader - Seeing class for first time: org.apache.hadoop.hdfs.server.namenode.FsImageProto$INodeSection$INode$Type$1
2024-11-12 13:41:30,947 INFO  EvoClassLoader - Instrumenting class 'org.apache.hadoop.hdfs.server.namenode.FsImageProto$INodeSection$INode$Type$1'.
2024-11-12 13:41:30,947 INFO  MethodCallReplacementClassAdapter - Adding mock interface to class org/apache/hadoop/hdfs/server/namenode/FsImageProto$INodeSection$INode$Type$1
2024-11-12 13:41:30,947 INFO  EvoClassLoader - Keeping class: org.apache.hadoop.hdfs.server.namenode.FsImageProto$INodeSection$INode$Type$1
2024-11-12 13:41:30,948 INFO  EvoClassLoader - Seeing class for first time: org.apache.hadoop.hdfs.tools.offlineImageViewer.FSImageLoader$3
2024-11-12 13:41:30,948 INFO  EvoClassLoader - Instrumenting class 'org.apache.hadoop.hdfs.tools.offlineImageViewer.FSImageLoader$3'.
2024-11-12 13:41:30,948 INFO  MethodCallReplacementClassAdapter - Adding mock interface to class org/apache/hadoop/hdfs/tools/offlineImageViewer/FSImageLoader$3
2024-11-12 13:41:30,949 INFO  EvoClassLoader - Keeping class: org.apache.hadoop.hdfs.tools.offlineImageViewer.FSImageLoader$3
2024-11-12 13:41:30,949 INFO  EvoClassLoader - Seeing class for first time: org.apache.hadoop.fs.XAttr$Builder
2024-11-12 13:41:30,949 INFO  EvoClassLoader - Instrumenting class 'org.apache.hadoop.fs.XAttr$Builder'.
2024-11-12 13:41:30,950 INFO  MethodCallReplacementClassAdapter - Adding mock interface to class org/apache/hadoop/fs/XAttr$Builder
2024-11-12 13:41:30,950 INFO  CreateClassResetClassAdapter - Creating brand-new static initializer in class org/apache/hadoop/fs/XAttr$Builder
2024-11-12 13:41:30,950 INFO  EvoClassLoader - Keeping class: org.apache.hadoop.fs.XAttr$Builder
2024-11-12 13:41:30,951 INFO  FSDirectory - GLOBAL serial map: bits=29 maxEntries=536870911
2024-11-12 13:41:30,951 INFO  FSDirectory - USER serial map: bits=24 maxEntries=16777215
2024-11-12 13:41:30,951 INFO  FSDirectory - GROUP serial map: bits=24 maxEntries=16777215
2024-11-12 13:41:30,951 INFO  FSDirectory - XATTR serial map: bits=24 maxEntries=16777215
2024-11-12 13:41:30,951 INFO  EvoClassLoader - Seeing class for first time: libcore.io.Memory
2024-11-12 13:41:30,951 INFO  EvoClassLoader - Instrumenting class 'libcore.io.Memory'.
2024-11-12 13:41:30,951 INFO  EvoClassLoader - Error while loading class: java.lang.ClassNotFoundException: Class 'libcore/io/Memory.class' should be in target project, but could not be found!
2024-11-12 13:41:30,951 INFO  EvoClassLoader - Seeing class for first time: org.robolectric.Robolectric
2024-11-12 13:41:30,951 INFO  EvoClassLoader - Instrumenting class 'org.robolectric.Robolectric'.
2024-11-12 13:41:30,952 INFO  EvoClassLoader - Error while loading class: java.lang.ClassNotFoundException: Class 'org/robolectric/Robolectric.class' should be in target project, but could not be found!
2024-11-12 13:41:30,952 INFO  EvoClassLoader - Seeing class for first time: org.apache.hadoop.thirdparty.protobuf.ByteString$AbstractByteIterator
2024-11-12 13:41:30,952 INFO  EvoClassLoader - Instrumenting class 'org.apache.hadoop.thirdparty.protobuf.ByteString$AbstractByteIterator'.
2024-11-12 13:41:30,952 INFO  MethodCallReplacementClassAdapter - Adding mock interface to class org/apache/hadoop/thirdparty/protobuf/ByteString$AbstractByteIterator
2024-11-12 13:41:30,952 INFO  CreateClassResetClassAdapter - Creating brand-new static initializer in class org/apache/hadoop/thirdparty/protobuf/ByteString$AbstractByteIterator
2024-11-12 13:41:30,952 INFO  EvoClassLoader - Keeping class: org.apache.hadoop.thirdparty.protobuf.ByteString$AbstractByteIterator
2024-11-12 13:41:30,953 INFO  EvoClassLoader - Seeing class for first time: org.apache.hadoop.hdfs.server.namenode.FsImageProto$INodeDirectorySection$DirEntry$1
2024-11-12 13:41:30,953 INFO  EvoClassLoader - Instrumenting class 'org.apache.hadoop.hdfs.server.namenode.FsImageProto$INodeDirectorySection$DirEntry$1'.
2024-11-12 13:41:30,953 INFO  MethodCallReplacementClassAdapter - Adding mock interface to class org/apache/hadoop/hdfs/server/namenode/FsImageProto$INodeDirectorySection$DirEntry$1
2024-11-12 13:41:30,953 INFO  EvoClassLoader - Keeping class: org.apache.hadoop.hdfs.server.namenode.FsImageProto$INodeDirectorySection$DirEntry$1
2024-11-12 13:41:30,953 INFO  EvoClassLoader - Seeing class for first time: org.apache.hadoop.hdfs.server.namenode.FsImageProto$INodeDirectorySection$DirEntry
2024-11-12 13:41:30,953 INFO  EvoClassLoader - Instrumenting class 'org.apache.hadoop.hdfs.server.namenode.FsImageProto$INodeDirectorySection$DirEntry'.
2024-11-12 13:41:30,954 INFO  MethodCallReplacementClassAdapter - Adding mock interface to class org/apache/hadoop/hdfs/server/namenode/FsImageProto$INodeDirectorySection$DirEntry
2024-11-12 13:41:30,955 INFO  CreateClassResetClassAdapter - Found static initializer in class org/apache/hadoop/hdfs/server/namenode/FsImageProto$INodeDirectorySection$DirEntry
2024-11-12 13:41:30,956 INFO  EvoClassLoader - Seeing class for first time: org.apache.hadoop.hdfs.server.namenode.FsImageProto$INodeDirectorySection$DirEntryOrBuilder
2024-11-12 13:41:30,956 INFO  EvoClassLoader - Instrumenting class 'org.apache.hadoop.hdfs.server.namenode.FsImageProto$INodeDirectorySection$DirEntryOrBuilder'.
2024-11-12 13:41:30,957 INFO  EvoClassLoader - Keeping class: org.apache.hadoop.hdfs.server.namenode.FsImageProto$INodeDirectorySection$DirEntryOrBuilder
2024-11-12 13:41:30,957 INFO  EvoClassLoader - Keeping class: org.apache.hadoop.hdfs.server.namenode.FsImageProto$INodeDirectorySection$DirEntry
2024-11-12 13:41:30,958 INFO  EvoClassLoader - Seeing class for first time: org.apache.hadoop.hdfs.server.namenode.FsImageProto$INodeDirectorySection$DirEntry$Builder
2024-11-12 13:41:30,958 INFO  EvoClassLoader - Instrumenting class 'org.apache.hadoop.hdfs.server.namenode.FsImageProto$INodeDirectorySection$DirEntry$Builder'.
2024-11-12 13:41:30,958 INFO  MethodCallReplacementClassAdapter - Adding mock interface to class org/apache/hadoop/hdfs/server/namenode/FsImageProto$INodeDirectorySection$DirEntry$Builder
2024-11-12 13:41:30,960 INFO  CreateClassResetClassAdapter - Creating brand-new static initializer in class org/apache/hadoop/hdfs/server/namenode/FsImageProto$INodeDirectorySection$DirEntry$Builder
2024-11-12 13:41:30,961 INFO  EvoClassLoader - Keeping class: org.apache.hadoop.hdfs.server.namenode.FsImageProto$INodeDirectorySection$DirEntry$Builder
2024-11-12 13:41:30,961 INFO  EvoClassLoader - Seeing class for first time: com.fasterxml.jackson.core.TreeCodec
2024-11-12 13:41:30,961 INFO  EvoClassLoader - Instrumenting class 'com.fasterxml.jackson.core.TreeCodec'.
2024-11-12 13:41:30,961 INFO  MethodCallReplacementClassAdapter - Adding mock interface to class com/fasterxml/jackson/core/TreeCodec
2024-11-12 13:41:30,961 INFO  CreateClassResetClassAdapter - Creating brand-new static initializer in class com/fasterxml/jackson/core/TreeCodec
2024-11-12 13:41:30,961 INFO  EvoClassLoader - Keeping class: com.fasterxml.jackson.core.TreeCodec
2024-11-12 13:41:30,962 INFO  EvoClassLoader - Seeing class for first time: com.fasterxml.jackson.core.TreeNode
2024-11-12 13:41:30,962 INFO  EvoClassLoader - Instrumenting class 'com.fasterxml.jackson.core.TreeNode'.
2024-11-12 13:41:30,962 INFO  EvoClassLoader - Keeping class: com.fasterxml.jackson.core.TreeNode
2024-11-12 13:41:30,962 INFO  EvoClassLoader - Seeing class for first time: com.fasterxml.jackson.core.JsonProcessingException
2024-11-12 13:41:30,962 INFO  EvoClassLoader - Instrumenting class 'com.fasterxml.jackson.core.JsonProcessingException'.
2024-11-12 13:41:30,962 INFO  MethodCallReplacementClassAdapter - Adding mock interface to class com/fasterxml/jackson/core/JsonProcessingException
2024-11-12 13:41:30,962 INFO  CreateClassResetClassAdapter - Creating brand-new static initializer in class com/fasterxml/jackson/core/JsonProcessingException
2024-11-12 13:41:30,963 INFO  EvoClassLoader - Seeing class for first time: com.fasterxml.jackson.core.JacksonException
2024-11-12 13:41:30,963 INFO  EvoClassLoader - Instrumenting class 'com.fasterxml.jackson.core.JacksonException'.
2024-11-12 13:41:30,963 INFO  MethodCallReplacementClassAdapter - Adding mock interface to class com/fasterxml/jackson/core/JacksonException
2024-11-12 13:41:30,963 INFO  CreateClassResetClassAdapter - Creating brand-new static initializer in class com/fasterxml/jackson/core/JacksonException
2024-11-12 13:41:30,963 INFO  EvoClassLoader - Keeping class: com.fasterxml.jackson.core.JacksonException
2024-11-12 13:41:30,963 INFO  EvoClassLoader - Keeping class: com.fasterxml.jackson.core.JsonProcessingException
2024-11-12 13:41:30,963 INFO  EvoClassLoader - Seeing class for first time: com.fasterxml.jackson.core.JsonParser
2024-11-12 13:41:30,963 INFO  EvoClassLoader - Instrumenting class 'com.fasterxml.jackson.core.JsonParser'.
2024-11-12 13:41:30,963 INFO  MethodCallReplacementClassAdapter - Adding mock interface to class com/fasterxml/jackson/core/JsonParser
2024-11-12 13:41:30,964 INFO  CreateClassResetClassAdapter - Found static initializer in class com/fasterxml/jackson/core/JsonParser
2024-11-12 13:41:30,965 INFO  EvoClassLoader - Keeping class: com.fasterxml.jackson.core.JsonParser
2024-11-12 13:41:30,965 INFO  EvoClassLoader - Seeing class for first time: com.fasterxml.jackson.core.ObjectCodec
2024-11-12 13:41:30,965 INFO  EvoClassLoader - Instrumenting class 'com.fasterxml.jackson.core.ObjectCodec'.
2024-11-12 13:41:30,965 INFO  MethodCallReplacementClassAdapter - Adding mock interface to class com/fasterxml/jackson/core/ObjectCodec
2024-11-12 13:41:30,966 INFO  CreateClassResetClassAdapter - Creating brand-new static initializer in class com/fasterxml/jackson/core/ObjectCodec
2024-11-12 13:41:30,966 INFO  EvoClassLoader - Keeping class: com.fasterxml.jackson.core.ObjectCodec
2024-11-12 13:41:30,966 INFO  EvoClassLoader - Seeing class for first time: com.fasterxml.jackson.core.JsonFactory
2024-11-12 13:41:30,966 INFO  EvoClassLoader - Instrumenting class 'com.fasterxml.jackson.core.JsonFactory'.
2024-11-12 13:41:30,966 INFO  MethodCallReplacementClassAdapter - Adding mock interface to class com/fasterxml/jackson/core/JsonFactory
2024-11-12 13:41:30,968 INFO  CreateClassResetClassAdapter - Found static initializer in class com/fasterxml/jackson/core/JsonFactory
2024-11-12 13:41:30,969 INFO  EvoClassLoader - Seeing class for first time: com.fasterxml.jackson.core.TokenStreamFactory
2024-11-12 13:41:30,969 INFO  EvoClassLoader - Instrumenting class 'com.fasterxml.jackson.core.TokenStreamFactory'.
2024-11-12 13:41:30,969 INFO  MethodCallReplacementClassAdapter - Adding mock interface to class com/fasterxml/jackson/core/TokenStreamFactory
2024-11-12 13:41:30,969 INFO  CreateClassResetClassAdapter - Creating brand-new static initializer in class com/fasterxml/jackson/core/TokenStreamFactory
2024-11-12 13:41:30,970 INFO  EvoClassLoader - Keeping class: com.fasterxml.jackson.core.TokenStreamFactory
2024-11-12 13:41:30,970 INFO  EvoClassLoader - Keeping class: com.fasterxml.jackson.core.JsonFactory
2024-11-12 13:41:30,970 INFO  EvoClassLoader - Seeing class for first time: com.fasterxml.jackson.core.Version
2024-11-12 13:41:30,970 INFO  EvoClassLoader - Instrumenting class 'com.fasterxml.jackson.core.Version'.
2024-11-12 13:41:30,970 INFO  MethodCallReplacementClassAdapter - Adding mock interface to class com/fasterxml/jackson/core/Version
2024-11-12 13:41:30,970 INFO  CreateClassResetClassAdapter - Found static initializer in class com/fasterxml/jackson/core/Version
2024-11-12 13:41:30,970 INFO  EvoClassLoader - Keeping class: com.fasterxml.jackson.core.Version
2024-11-12 13:41:30,970 INFO  EvoClassLoader - Seeing class for first time: com.fasterxml.jackson.core.type.TypeReference
2024-11-12 13:41:30,970 INFO  EvoClassLoader - Instrumenting class 'com.fasterxml.jackson.core.type.TypeReference'.
2024-11-12 13:41:30,970 INFO  MethodCallReplacementClassAdapter - Adding mock interface to class com/fasterxml/jackson/core/type/TypeReference
2024-11-12 13:41:30,971 INFO  CreateClassResetClassAdapter - Creating brand-new static initializer in class com/fasterxml/jackson/core/type/TypeReference
2024-11-12 13:41:30,971 INFO  EvoClassLoader - Defined package (3): package com.fasterxml.jackson.core.type, 596633057
2024-11-12 13:41:30,971 INFO  EvoClassLoader - Keeping class: com.fasterxml.jackson.core.type.TypeReference
2024-11-12 13:41:30,971 INFO  EvoClassLoader - Seeing class for first time: com.fasterxml.jackson.core.type.ResolvedType
2024-11-12 13:41:30,971 INFO  EvoClassLoader - Instrumenting class 'com.fasterxml.jackson.core.type.ResolvedType'.
2024-11-12 13:41:30,971 INFO  MethodCallReplacementClassAdapter - Adding mock interface to class com/fasterxml/jackson/core/type/ResolvedType
2024-11-12 13:41:30,971 INFO  CreateClassResetClassAdapter - Creating brand-new static initializer in class com/fasterxml/jackson/core/type/ResolvedType
2024-11-12 13:41:30,971 INFO  EvoClassLoader - Keeping class: com.fasterxml.jackson.core.type.ResolvedType
2024-11-12 13:41:30,971 INFO  EvoClassLoader - Seeing class for first time: com.fasterxml.jackson.databind.AnnotationIntrospector
2024-11-12 13:41:30,971 INFO  EvoClassLoader - Instrumenting class 'com.fasterxml.jackson.databind.AnnotationIntrospector'.
2024-11-12 13:41:30,971 INFO  MethodCallReplacementClassAdapter - Adding mock interface to class com/fasterxml/jackson/databind/AnnotationIntrospector
2024-11-12 13:41:30,972 INFO  CreateClassResetClassAdapter - Creating brand-new static initializer in class com/fasterxml/jackson/databind/AnnotationIntrospector
2024-11-12 13:41:30,972 INFO  EvoClassLoader - Defined package (3): package com.fasterxml.jackson.databind, 1861367343
2024-11-12 13:41:30,972 INFO  EvoClassLoader - Keeping class: com.fasterxml.jackson.databind.AnnotationIntrospector
2024-11-12 13:41:30,972 INFO  EvoClassLoader - Seeing class for first time: com.fasterxml.jackson.databind.introspect.AnnotationIntrospectorPair
2024-11-12 13:41:30,972 INFO  EvoClassLoader - Instrumenting class 'com.fasterxml.jackson.databind.introspect.AnnotationIntrospectorPair'.
2024-11-12 13:41:30,972 INFO  MethodCallReplacementClassAdapter - Adding mock interface to class com/fasterxml/jackson/databind/introspect/AnnotationIntrospectorPair
2024-11-12 13:41:30,973 INFO  CreateClassResetClassAdapter - Creating brand-new static initializer in class com/fasterxml/jackson/databind/introspect/AnnotationIntrospectorPair
2024-11-12 13:41:30,973 INFO  EvoClassLoader - Defined package (3): package com.fasterxml.jackson.databind.introspect, 359547468
2024-11-12 13:41:30,974 INFO  EvoClassLoader - Keeping class: com.fasterxml.jackson.databind.introspect.AnnotationIntrospectorPair
2024-11-12 13:41:30,974 INFO  EvoClassLoader - Seeing class for first time: com.fasterxml.jackson.databind.introspect.NopAnnotationIntrospector
2024-11-12 13:41:30,974 INFO  EvoClassLoader - Instrumenting class 'com.fasterxml.jackson.databind.introspect.NopAnnotationIntrospector'.
2024-11-12 13:41:30,974 INFO  MethodCallReplacementClassAdapter - Adding mock interface to class com/fasterxml/jackson/databind/introspect/NopAnnotationIntrospector
2024-11-12 13:41:30,974 INFO  CreateClassResetClassAdapter - Found static initializer in class com/fasterxml/jackson/databind/introspect/NopAnnotationIntrospector
2024-11-12 13:41:30,974 INFO  EvoClassLoader - Keeping class: com.fasterxml.jackson.databind.introspect.NopAnnotationIntrospector
2024-11-12 13:41:30,974 INFO  EvoClassLoader - Seeing class for first time: com.fasterxml.jackson.databind.introspect.Annotated
2024-11-12 13:41:30,974 INFO  EvoClassLoader - Instrumenting class 'com.fasterxml.jackson.databind.introspect.Annotated'.
2024-11-12 13:41:30,975 INFO  MethodCallReplacementClassAdapter - Adding mock interface to class com/fasterxml/jackson/databind/introspect/Annotated
2024-11-12 13:41:30,975 INFO  CreateClassResetClassAdapter - Creating brand-new static initializer in class com/fasterxml/jackson/databind/introspect/Annotated
2024-11-12 13:41:30,975 INFO  EvoClassLoader - Keeping class: com.fasterxml.jackson.databind.introspect.Annotated
2024-11-12 13:41:30,975 INFO  EvoClassLoader - Seeing class for first time: com.fasterxml.jackson.databind.introspect.ObjectIdInfo
2024-11-12 13:41:30,975 INFO  EvoClassLoader - Instrumenting class 'com.fasterxml.jackson.databind.introspect.ObjectIdInfo'.
2024-11-12 13:41:30,975 INFO  MethodCallReplacementClassAdapter - Adding mock interface to class com/fasterxml/jackson/databind/introspect/ObjectIdInfo
2024-11-12 13:41:30,975 INFO  CreateClassResetClassAdapter - Found static initializer in class com/fasterxml/jackson/databind/introspect/ObjectIdInfo
2024-11-12 13:41:30,975 INFO  EvoClassLoader - Keeping class: com.fasterxml.jackson.databind.introspect.ObjectIdInfo
2024-11-12 13:41:30,975 INFO  EvoClassLoader - Seeing class for first time: com.fasterxml.jackson.databind.introspect.AnnotatedClass
2024-11-12 13:41:30,975 INFO  EvoClassLoader - Instrumenting class 'com.fasterxml.jackson.databind.introspect.AnnotatedClass'.
2024-11-12 13:41:30,976 INFO  MethodCallReplacementClassAdapter - Adding mock interface to class com/fasterxml/jackson/databind/introspect/AnnotatedClass
2024-11-12 13:41:30,976 INFO  CreateClassResetClassAdapter - Found static initializer in class com/fasterxml/jackson/databind/introspect/AnnotatedClass
2024-11-12 13:41:30,976 INFO  EvoClassLoader - Seeing class for first time: com.fasterxml.jackson.databind.introspect.TypeResolutionContext
2024-11-12 13:41:30,976 INFO  EvoClassLoader - Instrumenting class 'com.fasterxml.jackson.databind.introspect.TypeResolutionContext'.
2024-11-12 13:41:30,977 INFO  EvoClassLoader - Keeping class: com.fasterxml.jackson.databind.introspect.TypeResolutionContext
2024-11-12 13:41:30,977 INFO  EvoClassLoader - Keeping class: com.fasterxml.jackson.databind.introspect.AnnotatedClass
2024-11-12 13:41:30,977 INFO  EvoClassLoader - Seeing class for first time: com.fasterxml.jackson.databind.PropertyName
2024-11-12 13:41:30,977 INFO  EvoClassLoader - Instrumenting class 'com.fasterxml.jackson.databind.PropertyName'.
2024-11-12 13:41:30,977 INFO  MethodCallReplacementClassAdapter - Adding mock interface to class com/fasterxml/jackson/databind/PropertyName
2024-11-12 13:41:30,977 INFO  CreateClassResetClassAdapter - Found static initializer in class com/fasterxml/jackson/databind/PropertyName
2024-11-12 13:41:30,978 INFO  EvoClassLoader - Keeping class: com.fasterxml.jackson.databind.PropertyName
2024-11-12 13:41:30,978 INFO  EvoClassLoader - Seeing class for first time: com.fasterxml.jackson.databind.cfg.MapperConfig
2024-11-12 13:41:30,978 INFO  EvoClassLoader - Instrumenting class 'com.fasterxml.jackson.databind.cfg.MapperConfig'.
2024-11-12 13:41:30,978 INFO  MethodCallReplacementClassAdapter - Adding mock interface to class com/fasterxml/jackson/databind/cfg/MapperConfig
2024-11-12 13:41:30,979 INFO  CreateClassResetClassAdapter - Found static initializer in class com/fasterxml/jackson/databind/cfg/MapperConfig
2024-11-12 13:41:30,979 INFO  EvoClassLoader - Defined package (3): package com.fasterxml.jackson.databind.cfg, -1584140251
2024-11-12 13:41:30,979 INFO  EvoClassLoader - Seeing class for first time: com.fasterxml.jackson.databind.introspect.ClassIntrospector$MixInResolver
2024-11-12 13:41:30,979 INFO  EvoClassLoader - Instrumenting class 'com.fasterxml.jackson.databind.introspect.ClassIntrospector$MixInResolver'.
2024-11-12 13:41:30,980 INFO  EvoClassLoader - Keeping class: com.fasterxml.jackson.databind.introspect.ClassIntrospector$MixInResolver
2024-11-12 13:41:30,980 INFO  EvoClassLoader - Keeping class: com.fasterxml.jackson.databind.cfg.MapperConfig
2024-11-12 13:41:30,980 INFO  EvoClassLoader - Seeing class for first time: com.fasterxml.jackson.annotation.JsonIgnoreProperties$Value
2024-11-12 13:41:30,980 INFO  EvoClassLoader - Instrumenting class 'com.fasterxml.jackson.annotation.JsonIgnoreProperties$Value'.
2024-11-12 13:41:30,980 INFO  MethodCallReplacementClassAdapter - Adding mock interface to class com/fasterxml/jackson/annotation/JsonIgnoreProperties$Value
2024-11-12 13:41:30,980 INFO  CreateClassResetClassAdapter - Found static initializer in class com/fasterxml/jackson/annotation/JsonIgnoreProperties$Value
2024-11-12 13:41:30,980 INFO  EvoClassLoader - Defined package (3): package com.fasterxml.jackson.annotation, -1183563657
2024-11-12 13:41:30,980 INFO  EvoClassLoader - Seeing class for first time: com.fasterxml.jackson.annotation.JacksonAnnotationValue
2024-11-12 13:41:30,980 INFO  EvoClassLoader - Instrumenting class 'com.fasterxml.jackson.annotation.JacksonAnnotationValue'.
2024-11-12 13:41:30,981 INFO  EvoClassLoader - Keeping class: com.fasterxml.jackson.annotation.JacksonAnnotationValue
2024-11-12 13:41:30,981 INFO  EvoClassLoader - Keeping class: com.fasterxml.jackson.annotation.JsonIgnoreProperties$Value
2024-11-12 13:41:30,981 INFO  EvoClassLoader - Seeing class for first time: com.fasterxml.jackson.annotation.JsonIncludeProperties$Value
2024-11-12 13:41:30,981 INFO  EvoClassLoader - Instrumenting class 'com.fasterxml.jackson.annotation.JsonIncludeProperties$Value'.
2024-11-12 13:41:30,981 INFO  MethodCallReplacementClassAdapter - Adding mock interface to class com/fasterxml/jackson/annotation/JsonIncludeProperties$Value
2024-11-12 13:41:30,981 INFO  CreateClassResetClassAdapter - Found static initializer in class com/fasterxml/jackson/annotation/JsonIncludeProperties$Value
2024-11-12 13:41:30,981 INFO  EvoClassLoader - Keeping class: com.fasterxml.jackson.annotation.JsonIncludeProperties$Value
2024-11-12 13:41:30,981 INFO  EvoClassLoader - Seeing class for first time: com.fasterxml.jackson.databind.introspect.VisibilityChecker
2024-11-12 13:41:30,981 INFO  EvoClassLoader - Instrumenting class 'com.fasterxml.jackson.databind.introspect.VisibilityChecker'.
2024-11-12 13:41:30,981 INFO  EvoClassLoader - Keeping class: com.fasterxml.jackson.databind.introspect.VisibilityChecker
2024-11-12 13:41:30,981 INFO  EvoClassLoader - Seeing class for first time: com.fasterxml.jackson.databind.JavaType
2024-11-12 13:41:30,981 INFO  EvoClassLoader - Instrumenting class 'com.fasterxml.jackson.databind.JavaType'.
2024-11-12 13:41:30,981 INFO  MethodCallReplacementClassAdapter - Adding mock interface to class com/fasterxml/jackson/databind/JavaType
2024-11-12 13:41:30,982 INFO  CreateClassResetClassAdapter - Creating brand-new static initializer in class com/fasterxml/jackson/databind/JavaType
2024-11-12 13:41:30,982 INFO  EvoClassLoader - Keeping class: com.fasterxml.jackson.databind.JavaType
2024-11-12 13:41:30,982 INFO  EvoClassLoader - Seeing class for first time: com.fasterxml.jackson.databind.jsontype.TypeResolverBuilder
2024-11-12 13:41:30,982 INFO  EvoClassLoader - Instrumenting class 'com.fasterxml.jackson.databind.jsontype.TypeResolverBuilder'.
2024-11-12 13:41:30,982 INFO  EvoClassLoader - Defined package (3): package com.fasterxml.jackson.databind.jsontype, -951449343
2024-11-12 13:41:30,982 INFO  EvoClassLoader - Keeping class: com.fasterxml.jackson.databind.jsontype.TypeResolverBuilder
2024-11-12 13:41:30,982 INFO  EvoClassLoader - Seeing class for first time: com.fasterxml.jackson.databind.introspect.AnnotatedMember
2024-11-12 13:41:30,982 INFO  EvoClassLoader - Instrumenting class 'com.fasterxml.jackson.databind.introspect.AnnotatedMember'.
2024-11-12 13:41:30,983 INFO  MethodCallReplacementClassAdapter - Adding mock interface to class com/fasterxml/jackson/databind/introspect/AnnotatedMember
2024-11-12 13:41:30,983 INFO  CreateClassResetClassAdapter - Creating brand-new static initializer in class com/fasterxml/jackson/databind/introspect/AnnotatedMember
2024-11-12 13:41:30,983 INFO  EvoClassLoader - Keeping class: com.fasterxml.jackson.databind.introspect.AnnotatedMember
2024-11-12 13:41:30,983 INFO  EvoClassLoader - Seeing class for first time: com.fasterxml.jackson.databind.AnnotationIntrospector$ReferenceProperty
2024-11-12 13:41:30,983 INFO  EvoClassLoader - Instrumenting class 'com.fasterxml.jackson.databind.AnnotationIntrospector$ReferenceProperty'.
2024-11-12 13:41:30,983 INFO  MethodCallReplacementClassAdapter - Adding mock interface to class com/fasterxml/jackson/databind/AnnotationIntrospector$ReferenceProperty
2024-11-12 13:41:30,983 INFO  CreateClassResetClassAdapter - Creating brand-new static initializer in class com/fasterxml/jackson/databind/AnnotationIntrospector$ReferenceProperty
2024-11-12 13:41:30,984 INFO  EvoClassLoader - Keeping class: com.fasterxml.jackson.databind.AnnotationIntrospector$ReferenceProperty
2024-11-12 13:41:30,984 INFO  EvoClassLoader - Seeing class for first time: com.fasterxml.jackson.databind.util.NameTransformer
2024-11-12 13:41:30,984 INFO  EvoClassLoader - Instrumenting class 'com.fasterxml.jackson.databind.util.NameTransformer'.
2024-11-12 13:41:30,984 INFO  MethodCallReplacementClassAdapter - Adding mock interface to class com/fasterxml/jackson/databind/util/NameTransformer
2024-11-12 13:41:30,984 INFO  CreateClassResetClassAdapter - Found static initializer in class com/fasterxml/jackson/databind/util/NameTransformer
2024-11-12 13:41:30,984 INFO  EvoClassLoader - Defined package (3): package com.fasterxml.jackson.databind.util, -1863157663
2024-11-12 13:41:30,984 INFO  EvoClassLoader - Keeping class: com.fasterxml.jackson.databind.util.NameTransformer
2024-11-12 13:41:30,984 INFO  EvoClassLoader - Seeing class for first time: com.fasterxml.jackson.annotation.JacksonInject$Value
2024-11-12 13:41:30,984 INFO  EvoClassLoader - Instrumenting class 'com.fasterxml.jackson.annotation.JacksonInject$Value'.
2024-11-12 13:41:30,984 INFO  MethodCallReplacementClassAdapter - Adding mock interface to class com/fasterxml/jackson/annotation/JacksonInject$Value
2024-11-12 13:41:30,984 INFO  CreateClassResetClassAdapter - Found static initializer in class com/fasterxml/jackson/annotation/JacksonInject$Value
2024-11-12 13:41:30,985 INFO  EvoClassLoader - Keeping class: com.fasterxml.jackson.annotation.JacksonInject$Value
2024-11-12 13:41:30,985 INFO  EvoClassLoader - Seeing class for first time: com.fasterxml.jackson.annotation.JsonFormat$Value
2024-11-12 13:41:30,985 INFO  EvoClassLoader - Instrumenting class 'com.fasterxml.jackson.annotation.JsonFormat$Value'.
2024-11-12 13:41:30,985 INFO  MethodCallReplacementClassAdapter - Adding mock interface to class com/fasterxml/jackson/annotation/JsonFormat$Value
2024-11-12 13:41:30,986 INFO  CreateClassResetClassAdapter - Found static initializer in class com/fasterxml/jackson/annotation/JsonFormat$Value
2024-11-12 13:41:30,986 INFO  EvoClassLoader - Keeping class: com.fasterxml.jackson.annotation.JsonFormat$Value
2024-11-12 13:41:30,986 INFO  EvoClassLoader - Seeing class for first time: com.fasterxml.jackson.annotation.JsonProperty$Access
2024-11-12 13:41:30,986 INFO  EvoClassLoader - Instrumenting class 'com.fasterxml.jackson.annotation.JsonProperty$Access'.
2024-11-12 13:41:30,986 INFO  MethodCallReplacementClassAdapter - Adding mock interface to class com/fasterxml/jackson/annotation/JsonProperty$Access
2024-11-12 13:41:30,986 INFO  CreateClassResetClassAdapter - Found static initializer in class com/fasterxml/jackson/annotation/JsonProperty$Access
2024-11-12 13:41:30,987 INFO  EvoClassLoader - Keeping class: com.fasterxml.jackson.annotation.JsonProperty$Access
2024-11-12 13:41:30,987 INFO  EvoClassLoader - Seeing class for first time: com.fasterxml.jackson.databind.introspect.AnnotatedMethod
2024-11-12 13:41:30,987 INFO  EvoClassLoader - Instrumenting class 'com.fasterxml.jackson.databind.introspect.AnnotatedMethod'.
2024-11-12 13:41:30,987 INFO  MethodCallReplacementClassAdapter - Adding mock interface to class com/fasterxml/jackson/databind/introspect/AnnotatedMethod
2024-11-12 13:41:30,987 INFO  CreateClassResetClassAdapter - Creating brand-new static initializer in class com/fasterxml/jackson/databind/introspect/AnnotatedMethod
2024-11-12 13:41:30,988 INFO  EvoClassLoader - Seeing class for first time: com.fasterxml.jackson.databind.introspect.AnnotatedWithParams
2024-11-12 13:41:30,988 INFO  EvoClassLoader - Instrumenting class 'com.fasterxml.jackson.databind.introspect.AnnotatedWithParams'.
2024-11-12 13:41:30,988 INFO  MethodCallReplacementClassAdapter - Adding mock interface to class com/fasterxml/jackson/databind/introspect/AnnotatedWithParams
2024-11-12 13:41:30,988 INFO  CreateClassResetClassAdapter - Creating brand-new static initializer in class com/fasterxml/jackson/databind/introspect/AnnotatedWithParams
2024-11-12 13:41:30,988 INFO  EvoClassLoader - Keeping class: com.fasterxml.jackson.databind.introspect.AnnotatedWithParams
2024-11-12 13:41:30,988 INFO  EvoClassLoader - Keeping class: com.fasterxml.jackson.databind.introspect.AnnotatedMethod
2024-11-12 13:41:30,988 INFO  EvoClassLoader - Seeing class for first time: com.fasterxml.jackson.databind.introspect.AnnotatedField
2024-11-12 13:41:30,988 INFO  EvoClassLoader - Instrumenting class 'com.fasterxml.jackson.databind.introspect.AnnotatedField'.
2024-11-12 13:41:30,988 INFO  MethodCallReplacementClassAdapter - Adding mock interface to class com/fasterxml/jackson/databind/introspect/AnnotatedField
2024-11-12 13:41:30,989 INFO  CreateClassResetClassAdapter - Creating brand-new static initializer in class com/fasterxml/jackson/databind/introspect/AnnotatedField
2024-11-12 13:41:30,989 INFO  EvoClassLoader - Keeping class: com.fasterxml.jackson.databind.introspect.AnnotatedField
2024-11-12 13:41:30,989 INFO  EvoClassLoader - Seeing class for first time: com.fasterxml.jackson.databind.annotation.JsonSerialize$Typing
2024-11-12 13:41:30,989 INFO  EvoClassLoader - Instrumenting class 'com.fasterxml.jackson.databind.annotation.JsonSerialize$Typing'.
2024-11-12 13:41:30,989 INFO  MethodCallReplacementClassAdapter - Adding mock interface to class com/fasterxml/jackson/databind/annotation/JsonSerialize$Typing
2024-11-12 13:41:30,989 INFO  CreateClassResetClassAdapter - Found static initializer in class com/fasterxml/jackson/databind/annotation/JsonSerialize$Typing
2024-11-12 13:41:30,989 INFO  EvoClassLoader - Defined package (3): package com.fasterxml.jackson.databind.annotation, 1823830094
2024-11-12 13:41:30,989 INFO  EvoClassLoader - Keeping class: com.fasterxml.jackson.databind.annotation.JsonSerialize$Typing
2024-11-12 13:41:30,989 INFO  EvoClassLoader - Seeing class for first time: com.fasterxml.jackson.annotation.JsonInclude$Value
2024-11-12 13:41:30,989 INFO  EvoClassLoader - Instrumenting class 'com.fasterxml.jackson.annotation.JsonInclude$Value'.
2024-11-12 13:41:30,990 INFO  MethodCallReplacementClassAdapter - Adding mock interface to class com/fasterxml/jackson/annotation/JsonInclude$Value
2024-11-12 13:41:30,990 INFO  CreateClassResetClassAdapter - Found static initializer in class com/fasterxml/jackson/annotation/JsonInclude$Value
2024-11-12 13:41:30,990 INFO  EvoClassLoader - Keeping class: com.fasterxml.jackson.annotation.JsonInclude$Value
2024-11-12 13:41:30,990 INFO  EvoClassLoader - Seeing class for first time: com.fasterxml.jackson.annotation.JsonInclude$Include
2024-11-12 13:41:30,990 INFO  EvoClassLoader - Instrumenting class 'com.fasterxml.jackson.annotation.JsonInclude$Include'.
2024-11-12 13:41:30,990 INFO  MethodCallReplacementClassAdapter - Adding mock interface to class com/fasterxml/jackson/annotation/JsonInclude$Include
2024-11-12 13:41:30,990 INFO  CreateClassResetClassAdapter - Found static initializer in class com/fasterxml/jackson/annotation/JsonInclude$Include
2024-11-12 13:41:30,990 INFO  EvoClassLoader - Keeping class: com.fasterxml.jackson.annotation.JsonInclude$Include
2024-11-12 13:41:30,990 INFO  EvoClassLoader - Seeing class for first time: com.fasterxml.jackson.databind.JsonMappingException
2024-11-12 13:41:30,990 INFO  EvoClassLoader - Instrumenting class 'com.fasterxml.jackson.databind.JsonMappingException'.
2024-11-12 13:41:30,991 INFO  MethodCallReplacementClassAdapter - Adding mock interface to class com/fasterxml/jackson/databind/JsonMappingException
2024-11-12 13:41:30,991 INFO  CreateClassResetClassAdapter - Creating brand-new static initializer in class com/fasterxml/jackson/databind/JsonMappingException
2024-11-12 13:41:30,991 INFO  CreateClassResetClassAdapter - Adding bytecode for initializing field MAX_REFS_TO_LIST
2024-11-12 13:41:30,991 INFO  EvoClassLoader - Keeping class: com.fasterxml.jackson.databind.JsonMappingException
2024-11-12 13:41:30,991 INFO  EvoClassLoader - Seeing class for first time: com.fasterxml.jackson.databind.annotation.JsonPOJOBuilder$Value
2024-11-12 13:41:30,991 INFO  EvoClassLoader - Instrumenting class 'com.fasterxml.jackson.databind.annotation.JsonPOJOBuilder$Value'.
2024-11-12 13:41:30,992 INFO  MethodCallReplacementClassAdapter - Adding mock interface to class com/fasterxml/jackson/databind/annotation/JsonPOJOBuilder$Value
2024-11-12 13:41:30,992 INFO  CreateClassResetClassAdapter - Creating brand-new static initializer in class com/fasterxml/jackson/databind/annotation/JsonPOJOBuilder$Value
2024-11-12 13:41:30,992 INFO  EvoClassLoader - Keeping class: com.fasterxml.jackson.databind.annotation.JsonPOJOBuilder$Value
2024-11-12 13:41:30,992 INFO  EvoClassLoader - Seeing class for first time: com.fasterxml.jackson.annotation.JsonSetter$Value
2024-11-12 13:41:30,992 INFO  EvoClassLoader - Instrumenting class 'com.fasterxml.jackson.annotation.JsonSetter$Value'.
2024-11-12 13:41:30,992 INFO  MethodCallReplacementClassAdapter - Adding mock interface to class com/fasterxml/jackson/annotation/JsonSetter$Value
2024-11-12 13:41:30,992 INFO  CreateClassResetClassAdapter - Found static initializer in class com/fasterxml/jackson/annotation/JsonSetter$Value
2024-11-12 13:41:30,993 INFO  EvoClassLoader - Keeping class: com.fasterxml.jackson.annotation.JsonSetter$Value
2024-11-12 13:41:30,993 INFO  EvoClassLoader - Seeing class for first time: com.fasterxml.jackson.annotation.JsonCreator$Mode
2024-11-12 13:41:30,993 INFO  EvoClassLoader - Instrumenting class 'com.fasterxml.jackson.annotation.JsonCreator$Mode'.
2024-11-12 13:41:30,993 INFO  MethodCallReplacementClassAdapter - Adding mock interface to class com/fasterxml/jackson/annotation/JsonCreator$Mode
2024-11-12 13:41:30,993 INFO  CreateClassResetClassAdapter - Found static initializer in class com/fasterxml/jackson/annotation/JsonCreator$Mode
2024-11-12 13:41:30,993 INFO  EvoClassLoader - Keeping class: com.fasterxml.jackson.annotation.JsonCreator$Mode
2024-11-12 13:41:30,993 INFO  EvoClassLoader - Seeing class for first time: com.fasterxml.jackson.databind.ext.Java7SupportImpl
2024-11-12 13:41:30,993 INFO  EvoClassLoader - Instrumenting class 'com.fasterxml.jackson.databind.ext.Java7SupportImpl'.
2024-11-12 13:41:30,993 INFO  MethodCallReplacementClassAdapter - Adding mock interface to class com/fasterxml/jackson/databind/ext/Java7SupportImpl
2024-11-12 13:41:30,993 INFO  CreateClassResetClassAdapter - Creating brand-new static initializer in class com/fasterxml/jackson/databind/ext/Java7SupportImpl
2024-11-12 13:41:30,993 INFO  EvoClassLoader - Defined package (3): package com.fasterxml.jackson.databind.ext, -1584137758
2024-11-12 13:41:30,993 INFO  EvoClassLoader - Seeing class for first time: com.fasterxml.jackson.databind.ext.Java7Support
2024-11-12 13:41:30,993 INFO  EvoClassLoader - Instrumenting class 'com.fasterxml.jackson.databind.ext.Java7Support'.
2024-11-12 13:41:30,993 INFO  MethodCallReplacementClassAdapter - Adding mock interface to class com/fasterxml/jackson/databind/ext/Java7Support
2024-11-12 13:41:30,994 INFO  CreateClassResetClassAdapter - Found static initializer in class com/fasterxml/jackson/databind/ext/Java7Support
2024-11-12 13:41:30,994 INFO  EvoClassLoader - Keeping class: com.fasterxml.jackson.databind.ext.Java7Support
2024-11-12 13:41:30,994 INFO  EvoClassLoader - Keeping class: com.fasterxml.jackson.databind.ext.Java7SupportImpl
2024-11-12 13:41:30,994 INFO  EvoClassLoader - Seeing class for first time: com.fasterxml.jackson.databind.introspect.AnnotatedParameter
2024-11-12 13:41:30,994 INFO  EvoClassLoader - Instrumenting class 'com.fasterxml.jackson.databind.introspect.AnnotatedParameter'.
2024-11-12 13:41:30,994 INFO  MethodCallReplacementClassAdapter - Adding mock interface to class com/fasterxml/jackson/databind/introspect/AnnotatedParameter
2024-11-12 13:41:30,994 INFO  CreateClassResetClassAdapter - Creating brand-new static initializer in class com/fasterxml/jackson/databind/introspect/AnnotatedParameter
2024-11-12 13:41:30,994 INFO  EvoClassLoader - Keeping class: com.fasterxml.jackson.databind.introspect.AnnotatedParameter
2024-11-12 13:41:30,994 INFO  EvoClassLoader - Seeing class for first time: com.fasterxml.jackson.databind.util.ClassUtil
2024-11-12 13:41:30,994 INFO  EvoClassLoader - Instrumenting class 'com.fasterxml.jackson.databind.util.ClassUtil'.
2024-11-12 13:41:30,995 INFO  MethodCallReplacementClassAdapter - Adding mock interface to class com/fasterxml/jackson/databind/util/ClassUtil
2024-11-12 13:41:30,998 INFO  CreateClassResetClassAdapter - Found static initializer in class com/fasterxml/jackson/databind/util/ClassUtil
2024-11-12 13:41:31,000 INFO  EvoClassLoader - Keeping class: com.fasterxml.jackson.databind.util.ClassUtil
2024-11-12 13:41:31,000 INFO  EvoClassLoader - Seeing class for first time: com.fasterxml.jackson.databind.util.ClassUtil$Ctor
2024-11-12 13:41:31,000 INFO  EvoClassLoader - Instrumenting class 'com.fasterxml.jackson.databind.util.ClassUtil$Ctor'.
2024-11-12 13:41:31,001 INFO  MethodCallReplacementClassAdapter - Adding mock interface to class com/fasterxml/jackson/databind/util/ClassUtil$Ctor
2024-11-12 13:41:31,001 INFO  CreateClassResetClassAdapter - Creating brand-new static initializer in class com/fasterxml/jackson/databind/util/ClassUtil$Ctor
2024-11-12 13:41:31,001 INFO  EvoClassLoader - Keeping class: com.fasterxml.jackson.databind.util.ClassUtil$Ctor
2024-11-12 13:41:31,001 INFO  EvoClassLoader - Seeing class for first time: com.fasterxml.jackson.databind.util.Named
2024-11-12 13:41:31,001 INFO  EvoClassLoader - Instrumenting class 'com.fasterxml.jackson.databind.util.Named'.
2024-11-12 13:41:31,001 INFO  EvoClassLoader - Keeping class: com.fasterxml.jackson.databind.util.Named
2024-11-12 13:41:31,002 INFO  EvoClassLoader - Seeing class for first time: com.fasterxml.jackson.databind.DeserializationContext
2024-11-12 13:41:31,002 INFO  EvoClassLoader - Instrumenting class 'com.fasterxml.jackson.databind.DeserializationContext'.
2024-11-12 13:41:31,002 INFO  MethodCallReplacementClassAdapter - Adding mock interface to class com/fasterxml/jackson/databind/DeserializationContext
2024-11-12 13:41:31,004 INFO  CreateClassResetClassAdapter - Creating brand-new static initializer in class com/fasterxml/jackson/databind/DeserializationContext
2024-11-12 13:41:31,005 INFO  EvoClassLoader - Seeing class for first time: com.fasterxml.jackson.databind.DatabindContext
2024-11-12 13:41:31,005 INFO  EvoClassLoader - Instrumenting class 'com.fasterxml.jackson.databind.DatabindContext'.
2024-11-12 13:41:31,005 INFO  MethodCallReplacementClassAdapter - Adding mock interface to class com/fasterxml/jackson/databind/DatabindContext
2024-11-12 13:41:31,006 INFO  CreateClassResetClassAdapter - Creating brand-new static initializer in class com/fasterxml/jackson/databind/DatabindContext
2024-11-12 13:41:31,006 INFO  CreateClassResetClassAdapter - Adding bytecode for initializing field MAX_ERROR_STR_LEN
2024-11-12 13:41:31,007 INFO  EvoClassLoader - Keeping class: com.fasterxml.jackson.databind.DatabindContext
2024-11-12 13:41:31,007 INFO  EvoClassLoader - Keeping class: com.fasterxml.jackson.databind.DeserializationContext
2024-11-12 13:41:31,007 INFO  EvoClassLoader - Seeing class for first time: com.fasterxml.jackson.databind.introspect.JacksonAnnotationIntrospector
2024-11-12 13:41:31,007 INFO  EvoClassLoader - Instrumenting class 'com.fasterxml.jackson.databind.introspect.JacksonAnnotationIntrospector'.
2024-11-12 13:41:31,008 INFO  MethodCallReplacementClassAdapter - Adding mock interface to class com/fasterxml/jackson/databind/introspect/JacksonAnnotationIntrospector
2024-11-12 13:41:31,010 INFO  CreateClassResetClassAdapter - Found static initializer in class com/fasterxml/jackson/databind/introspect/JacksonAnnotationIntrospector
2024-11-12 13:41:31,011 INFO  EvoClassLoader - Keeping class: com.fasterxml.jackson.databind.introspect.JacksonAnnotationIntrospector
2024-11-12 13:41:31,011 INFO  EvoClassLoader - Seeing class for first time: com.fasterxml.jackson.databind.type.MapLikeType
2024-11-12 13:41:31,011 INFO  EvoClassLoader - Instrumenting class 'com.fasterxml.jackson.databind.type.MapLikeType'.
2024-11-12 13:41:31,012 INFO  MethodCallReplacementClassAdapter - Adding mock interface to class com/fasterxml/jackson/databind/type/MapLikeType
2024-11-12 13:41:31,013 INFO  CreateClassResetClassAdapter - Creating brand-new static initializer in class com/fasterxml/jackson/databind/type/MapLikeType
2024-11-12 13:41:31,013 INFO  EvoClassLoader - Defined package (3): package com.fasterxml.jackson.databind.type, -1863182439
2024-11-12 13:41:31,014 INFO  EvoClassLoader - Seeing class for first time: com.fasterxml.jackson.databind.type.TypeBase
2024-11-12 13:41:31,014 INFO  EvoClassLoader - Instrumenting class 'com.fasterxml.jackson.databind.type.TypeBase'.
2024-11-12 13:41:31,014 INFO  MethodCallReplacementClassAdapter - Adding mock interface to class com/fasterxml/jackson/databind/type/TypeBase
2024-11-12 13:41:31,015 INFO  CreateClassResetClassAdapter - Found static initializer in class com/fasterxml/jackson/databind/type/TypeBase
2024-11-12 13:41:31,015 INFO  EvoClassLoader - Seeing class for first time: com.fasterxml.jackson.databind.JsonSerializable
2024-11-12 13:41:31,015 INFO  EvoClassLoader - Instrumenting class 'com.fasterxml.jackson.databind.JsonSerializable'.
2024-11-12 13:41:31,016 INFO  EvoClassLoader - Keeping class: com.fasterxml.jackson.databind.JsonSerializable
2024-11-12 13:41:31,016 INFO  EvoClassLoader - Keeping class: com.fasterxml.jackson.databind.type.TypeBase
2024-11-12 13:41:31,016 INFO  EvoClassLoader - Keeping class: com.fasterxml.jackson.databind.type.MapLikeType
2024-11-12 13:41:31,016 INFO  EvoClassLoader - Seeing class for first time: com.fasterxml.jackson.databind.introspect.VirtualAnnotatedMember
2024-11-12 13:41:31,016 INFO  EvoClassLoader - Instrumenting class 'com.fasterxml.jackson.databind.introspect.VirtualAnnotatedMember'.
2024-11-12 13:41:31,017 INFO  MethodCallReplacementClassAdapter - Adding mock interface to class com/fasterxml/jackson/databind/introspect/VirtualAnnotatedMember
2024-11-12 13:41:31,017 INFO  CreateClassResetClassAdapter - Creating brand-new static initializer in class com/fasterxml/jackson/databind/introspect/VirtualAnnotatedMember
2024-11-12 13:41:31,017 INFO  EvoClassLoader - Keeping class: com.fasterxml.jackson.databind.introspect.VirtualAnnotatedMember
2024-11-12 13:41:31,017 INFO  EvoClassLoader - Seeing class for first time: com.fasterxml.jackson.databind.introspect.BeanPropertyDefinition
2024-11-12 13:41:31,017 INFO  EvoClassLoader - Instrumenting class 'com.fasterxml.jackson.databind.introspect.BeanPropertyDefinition'.
2024-11-12 13:41:31,017 INFO  MethodCallReplacementClassAdapter - Adding mock interface to class com/fasterxml/jackson/databind/introspect/BeanPropertyDefinition
2024-11-12 13:41:31,019 INFO  CreateClassResetClassAdapter - Found static initializer in class com/fasterxml/jackson/databind/introspect/BeanPropertyDefinition
2024-11-12 13:41:31,019 INFO  EvoClassLoader - Keeping class: com.fasterxml.jackson.databind.introspect.BeanPropertyDefinition
2024-11-12 13:41:31,019 INFO  EvoClassLoader - Seeing class for first time: com.fasterxml.jackson.databind.util.SimpleBeanPropertyDefinition
2024-11-12 13:41:31,019 INFO  EvoClassLoader - Instrumenting class 'com.fasterxml.jackson.databind.util.SimpleBeanPropertyDefinition'.
2024-11-12 13:41:31,019 INFO  MethodCallReplacementClassAdapter - Adding mock interface to class com/fasterxml/jackson/databind/util/SimpleBeanPropertyDefinition
2024-11-12 13:41:31,019 INFO  CreateClassResetClassAdapter - Creating brand-new static initializer in class com/fasterxml/jackson/databind/util/SimpleBeanPropertyDefinition
2024-11-12 13:41:31,020 INFO  EvoClassLoader - Keeping class: com.fasterxml.jackson.databind.util.SimpleBeanPropertyDefinition
2024-11-12 13:41:31,020 INFO  EvoClassLoader - Seeing class for first time: com.fasterxml.jackson.databind.ser.BeanPropertyWriter
2024-11-12 13:41:31,020 INFO  EvoClassLoader - Instrumenting class 'com.fasterxml.jackson.databind.ser.BeanPropertyWriter'.
2024-11-12 13:41:31,020 INFO  MethodCallReplacementClassAdapter - Adding mock interface to class com/fasterxml/jackson/databind/ser/BeanPropertyWriter
2024-11-12 13:41:31,021 INFO  CreateClassResetClassAdapter - Found static initializer in class com/fasterxml/jackson/databind/ser/BeanPropertyWriter
2024-11-12 13:41:31,021 INFO  EvoClassLoader - Defined package (3): package com.fasterxml.jackson.databind.ser, -1584124895
2024-11-12 13:41:31,021 INFO  EvoClassLoader - Seeing class for first time: com.fasterxml.jackson.databind.ser.PropertyWriter
2024-11-12 13:41:31,021 INFO  EvoClassLoader - Instrumenting class 'com.fasterxml.jackson.databind.ser.PropertyWriter'.
2024-11-12 13:41:31,021 INFO  MethodCallReplacementClassAdapter - Adding mock interface to class com/fasterxml/jackson/databind/ser/PropertyWriter
2024-11-12 13:41:31,021 INFO  CreateClassResetClassAdapter - Creating brand-new static initializer in class com/fasterxml/jackson/databind/ser/PropertyWriter
2024-11-12 13:41:31,022 INFO  EvoClassLoader - Seeing class for first time: com.fasterxml.jackson.databind.introspect.ConcreteBeanPropertyBase
2024-11-12 13:41:31,022 INFO  EvoClassLoader - Instrumenting class 'com.fasterxml.jackson.databind.introspect.ConcreteBeanPropertyBase'.
2024-11-12 13:41:31,022 INFO  MethodCallReplacementClassAdapter - Adding mock interface to class com/fasterxml/jackson/databind/introspect/ConcreteBeanPropertyBase
2024-11-12 13:41:31,022 INFO  CreateClassResetClassAdapter - Creating brand-new static initializer in class com/fasterxml/jackson/databind/introspect/ConcreteBeanPropertyBase
2024-11-12 13:41:31,022 INFO  EvoClassLoader - Seeing class for first time: com.fasterxml.jackson.databind.BeanProperty
2024-11-12 13:41:31,022 INFO  EvoClassLoader - Instrumenting class 'com.fasterxml.jackson.databind.BeanProperty'.
2024-11-12 13:41:31,022 INFO  EvoClassLoader - Keeping class: com.fasterxml.jackson.databind.BeanProperty
2024-11-12 13:41:31,022 INFO  EvoClassLoader - Keeping class: com.fasterxml.jackson.databind.introspect.ConcreteBeanPropertyBase
2024-11-12 13:41:31,022 INFO  EvoClassLoader - Keeping class: com.fasterxml.jackson.databind.ser.PropertyWriter
2024-11-12 13:41:31,022 INFO  EvoClassLoader - Keeping class: com.fasterxml.jackson.databind.ser.BeanPropertyWriter
2024-11-12 13:41:31,022 INFO  EvoClassLoader - Seeing class for first time: com.fasterxml.jackson.databind.ser.impl.AttributePropertyWriter
2024-11-12 13:41:31,022 INFO  EvoClassLoader - Instrumenting class 'com.fasterxml.jackson.databind.ser.impl.AttributePropertyWriter'.
2024-11-12 13:41:31,022 INFO  MethodCallReplacementClassAdapter - Adding mock interface to class com/fasterxml/jackson/databind/ser/impl/AttributePropertyWriter
2024-11-12 13:41:31,023 INFO  CreateClassResetClassAdapter - Creating brand-new static initializer in class com/fasterxml/jackson/databind/ser/impl/AttributePropertyWriter
2024-11-12 13:41:31,023 INFO  EvoClassLoader - Defined package (3): package com.fasterxml.jackson.databind.ser.impl, -1959732275
2024-11-12 13:41:31,023 INFO  EvoClassLoader - Seeing class for first time: com.fasterxml.jackson.databind.ser.VirtualBeanPropertyWriter
2024-11-12 13:41:31,023 INFO  EvoClassLoader - Instrumenting class 'com.fasterxml.jackson.databind.ser.VirtualBeanPropertyWriter'.
2024-11-12 13:41:31,023 INFO  MethodCallReplacementClassAdapter - Adding mock interface to class com/fasterxml/jackson/databind/ser/VirtualBeanPropertyWriter
2024-11-12 13:41:31,023 INFO  CreateClassResetClassAdapter - Creating brand-new static initializer in class com/fasterxml/jackson/databind/ser/VirtualBeanPropertyWriter
2024-11-12 13:41:31,024 INFO  EvoClassLoader - Keeping class: com.fasterxml.jackson.databind.ser.VirtualBeanPropertyWriter
2024-11-12 13:41:31,024 INFO  EvoClassLoader - Keeping class: com.fasterxml.jackson.databind.ser.impl.AttributePropertyWriter
2024-11-12 13:41:31,024 INFO  EvoClassLoader - Seeing class for first time: com.fasterxml.jackson.databind.annotation.JsonAppend$Attr
2024-11-12 13:41:31,024 INFO  EvoClassLoader - Instrumenting class 'com.fasterxml.jackson.databind.annotation.JsonAppend$Attr'.
2024-11-12 13:41:31,024 INFO  EvoClassLoader - Keeping class: com.fasterxml.jackson.databind.annotation.JsonAppend$Attr
2024-11-12 13:41:31,024 INFO  EvoClassLoader - Seeing class for first time: com.fasterxml.jackson.databind.annotation.JsonAppend$Prop
2024-11-12 13:41:31,024 INFO  EvoClassLoader - Instrumenting class 'com.fasterxml.jackson.databind.annotation.JsonAppend$Prop'.
2024-11-12 13:41:31,024 INFO  EvoClassLoader - Keeping class: com.fasterxml.jackson.databind.annotation.JsonAppend$Prop
2024-11-12 13:41:31,024 INFO  EvoClassLoader - Seeing class for first time: com.fasterxml.jackson.databind.jsontype.impl.StdTypeResolverBuilder
2024-11-12 13:41:31,024 INFO  EvoClassLoader - Instrumenting class 'com.fasterxml.jackson.databind.jsontype.impl.StdTypeResolverBuilder'.
2024-11-12 13:41:31,024 INFO  MethodCallReplacementClassAdapter - Adding mock interface to class com/fasterxml/jackson/databind/jsontype/impl/StdTypeResolverBuilder
2024-11-12 13:41:31,025 INFO  CreateClassResetClassAdapter - Creating brand-new static initializer in class com/fasterxml/jackson/databind/jsontype/impl/StdTypeResolverBuilder
2024-11-12 13:41:31,025 INFO  EvoClassLoader - Defined package (3): package com.fasterxml.jackson.databind.jsontype.impl, -1761473811
2024-11-12 13:41:31,025 INFO  EvoClassLoader - Keeping class: com.fasterxml.jackson.databind.jsontype.impl.StdTypeResolverBuilder
2024-11-12 13:41:31,025 INFO  EvoClassLoader - Seeing class for first time: com.fasterxml.jackson.databind.annotation.JsonSerialize
2024-11-12 13:41:31,025 INFO  EvoClassLoader - Instrumenting class 'com.fasterxml.jackson.databind.annotation.JsonSerialize'.
2024-11-12 13:41:31,026 INFO  EvoClassLoader - Keeping class: com.fasterxml.jackson.databind.annotation.JsonSerialize
2024-11-12 13:41:31,026 INFO  EvoClassLoader - Seeing class for first time: com.fasterxml.jackson.annotation.JsonView
2024-11-12 13:41:31,026 INFO  EvoClassLoader - Instrumenting class 'com.fasterxml.jackson.annotation.JsonView'.
2024-11-12 13:41:31,026 INFO  EvoClassLoader - Keeping class: com.fasterxml.jackson.annotation.JsonView
2024-11-12 13:41:31,026 INFO  EvoClassLoader - Seeing class for first time: com.fasterxml.jackson.annotation.JsonFormat
2024-11-12 13:41:31,026 INFO  EvoClassLoader - Instrumenting class 'com.fasterxml.jackson.annotation.JsonFormat'.
2024-11-12 13:41:31,026 INFO  EvoClassLoader - Keeping class: com.fasterxml.jackson.annotation.JsonFormat
2024-11-12 13:41:31,026 INFO  EvoClassLoader - Seeing class for first time: com.fasterxml.jackson.annotation.JsonTypeInfo
2024-11-12 13:41:31,026 INFO  EvoClassLoader - Instrumenting class 'com.fasterxml.jackson.annotation.JsonTypeInfo'.
2024-11-12 13:41:31,026 INFO  EvoClassLoader - Keeping class: com.fasterxml.jackson.annotation.JsonTypeInfo
2024-11-12 13:41:31,026 INFO  EvoClassLoader - Seeing class for first time: com.fasterxml.jackson.annotation.JsonRawValue
2024-11-12 13:41:31,026 INFO  EvoClassLoader - Instrumenting class 'com.fasterxml.jackson.annotation.JsonRawValue'.
2024-11-12 13:41:31,026 INFO  EvoClassLoader - Keeping class: com.fasterxml.jackson.annotation.JsonRawValue
2024-11-12 13:41:31,026 INFO  EvoClassLoader - Seeing class for first time: com.fasterxml.jackson.annotation.JsonUnwrapped
2024-11-12 13:41:31,026 INFO  EvoClassLoader - Instrumenting class 'com.fasterxml.jackson.annotation.JsonUnwrapped'.
2024-11-12 13:41:31,027 INFO  EvoClassLoader - Keeping class: com.fasterxml.jackson.annotation.JsonUnwrapped
2024-11-12 13:41:31,027 INFO  EvoClassLoader - Seeing class for first time: com.fasterxml.jackson.annotation.JsonBackReference
2024-11-12 13:41:31,027 INFO  EvoClassLoader - Instrumenting class 'com.fasterxml.jackson.annotation.JsonBackReference'.
2024-11-12 13:41:31,027 INFO  EvoClassLoader - Keeping class: com.fasterxml.jackson.annotation.JsonBackReference
2024-11-12 13:41:31,027 INFO  EvoClassLoader - Seeing class for first time: com.fasterxml.jackson.annotation.JsonManagedReference
2024-11-12 13:41:31,027 INFO  EvoClassLoader - Instrumenting class 'com.fasterxml.jackson.annotation.JsonManagedReference'.
2024-11-12 13:41:31,027 INFO  EvoClassLoader - Keeping class: com.fasterxml.jackson.annotation.JsonManagedReference
2024-11-12 13:41:31,027 INFO  EvoClassLoader - Seeing class for first time: com.fasterxml.jackson.databind.annotation.JsonDeserialize
2024-11-12 13:41:31,027 INFO  EvoClassLoader - Instrumenting class 'com.fasterxml.jackson.databind.annotation.JsonDeserialize'.
2024-11-12 13:41:31,027 INFO  EvoClassLoader - Keeping class: com.fasterxml.jackson.databind.annotation.JsonDeserialize
2024-11-12 13:41:31,027 INFO  EvoClassLoader - Seeing class for first time: com.fasterxml.jackson.annotation.JsonMerge
2024-11-12 13:41:31,027 INFO  EvoClassLoader - Instrumenting class 'com.fasterxml.jackson.annotation.JsonMerge'.
2024-11-12 13:41:31,027 INFO  EvoClassLoader - Keeping class: com.fasterxml.jackson.annotation.JsonMerge
2024-11-12 13:41:31,027 INFO  EvoClassLoader - Seeing class for first time: com.fasterxml.jackson.databind.util.LRUMap
2024-11-12 13:41:31,027 INFO  EvoClassLoader - Instrumenting class 'com.fasterxml.jackson.databind.util.LRUMap'.
2024-11-12 13:41:31,028 INFO  MethodCallReplacementClassAdapter - Adding mock interface to class com/fasterxml/jackson/databind/util/LRUMap
2024-11-12 13:41:31,028 INFO  CreateClassResetClassAdapter - Creating brand-new static initializer in class com/fasterxml/jackson/databind/util/LRUMap
2024-11-12 13:41:31,028 INFO  EvoClassLoader - Seeing class for first time: com.fasterxml.jackson.databind.util.LookupCache
2024-11-12 13:41:31,028 INFO  EvoClassLoader - Instrumenting class 'com.fasterxml.jackson.databind.util.LookupCache'.
2024-11-12 13:41:31,028 INFO  EvoClassLoader - Keeping class: com.fasterxml.jackson.databind.util.LookupCache
2024-11-12 13:41:31,028 INFO  EvoClassLoader - Keeping class: com.fasterxml.jackson.databind.util.LRUMap
2024-11-12 13:41:31,028 INFO  EvoClassLoader - Seeing class for first time: com.fasterxml.jackson.databind.cfg.BaseSettings
2024-11-12 13:41:31,028 INFO  EvoClassLoader - Instrumenting class 'com.fasterxml.jackson.databind.cfg.BaseSettings'.
2024-11-12 13:41:31,028 INFO  MethodCallReplacementClassAdapter - Adding mock interface to class com/fasterxml/jackson/databind/cfg/BaseSettings
2024-11-12 13:41:31,029 INFO  CreateClassResetClassAdapter - Found static initializer in class com/fasterxml/jackson/databind/cfg/BaseSettings
2024-11-12 13:41:31,029 INFO  EvoClassLoader - Keeping class: com.fasterxml.jackson.databind.cfg.BaseSettings
2024-11-12 13:41:31,029 INFO  EvoClassLoader - Seeing class for first time: com.fasterxml.jackson.databind.introspect.AccessorNamingStrategy$Provider
2024-11-12 13:41:31,029 INFO  EvoClassLoader - Instrumenting class 'com.fasterxml.jackson.databind.introspect.AccessorNamingStrategy$Provider'.
2024-11-12 13:41:31,029 INFO  MethodCallReplacementClassAdapter - Adding mock interface to class com/fasterxml/jackson/databind/introspect/AccessorNamingStrategy$Provider
2024-11-12 13:41:31,029 INFO  CreateClassResetClassAdapter - Creating brand-new static initializer in class com/fasterxml/jackson/databind/introspect/AccessorNamingStrategy$Provider
2024-11-12 13:41:31,029 INFO  EvoClassLoader - Keeping class: com.fasterxml.jackson.databind.introspect.AccessorNamingStrategy$Provider
2024-11-12 13:41:31,029 INFO  EvoClassLoader - Seeing class for first time: com.fasterxml.jackson.databind.introspect.DefaultAccessorNamingStrategy$Provider
2024-11-12 13:41:31,029 INFO  EvoClassLoader - Instrumenting class 'com.fasterxml.jackson.databind.introspect.DefaultAccessorNamingStrategy$Provider'.
2024-11-12 13:41:31,030 INFO  MethodCallReplacementClassAdapter - Adding mock interface to class com/fasterxml/jackson/databind/introspect/DefaultAccessorNamingStrategy$Provider
2024-11-12 13:41:31,030 INFO  CreateClassResetClassAdapter - Creating brand-new static initializer in class com/fasterxml/jackson/databind/introspect/DefaultAccessorNamingStrategy$Provider
2024-11-12 13:41:31,030 INFO  EvoClassLoader - Keeping class: com.fasterxml.jackson.databind.introspect.DefaultAccessorNamingStrategy$Provider
2024-11-12 13:41:31,030 INFO  EvoClassLoader - Seeing class for first time: com.fasterxml.jackson.databind.util.StdDateFormat
2024-11-12 13:41:31,030 INFO  EvoClassLoader - Instrumenting class 'com.fasterxml.jackson.databind.util.StdDateFormat'.
2024-11-12 13:41:31,030 INFO  MethodCallReplacementClassAdapter - Adding mock interface to class com/fasterxml/jackson/databind/util/StdDateFormat
2024-11-12 13:41:31,032 INFO  CreateClassResetClassAdapter - Found static initializer in class com/fasterxml/jackson/databind/util/StdDateFormat
2024-11-12 13:41:31,034 INFO  EvoClassLoader - Keeping class: com.fasterxml.jackson.databind.util.StdDateFormat
2024-11-12 13:41:31,035 INFO  EvoClassLoader - Seeing class for first time: com.fasterxml.jackson.databind.jsontype.PolymorphicTypeValidator
2024-11-12 13:41:31,035 INFO  EvoClassLoader - Instrumenting class 'com.fasterxml.jackson.databind.jsontype.PolymorphicTypeValidator'.
2024-11-12 13:41:31,035 INFO  MethodCallReplacementClassAdapter - Adding mock interface to class com/fasterxml/jackson/databind/jsontype/PolymorphicTypeValidator
2024-11-12 13:41:31,035 INFO  CreateClassResetClassAdapter - Creating brand-new static initializer in class com/fasterxml/jackson/databind/jsontype/PolymorphicTypeValidator
2024-11-12 13:41:31,035 INFO  EvoClassLoader - Keeping class: com.fasterxml.jackson.databind.jsontype.PolymorphicTypeValidator
2024-11-12 13:41:31,035 INFO  EvoClassLoader - Seeing class for first time: com.fasterxml.jackson.core.Base64Variant
2024-11-12 13:41:31,035 INFO  EvoClassLoader - Instrumenting class 'com.fasterxml.jackson.core.Base64Variant'.
2024-11-12 13:41:31,036 INFO  MethodCallReplacementClassAdapter - Adding mock interface to class com/fasterxml/jackson/core/Base64Variant
2024-11-12 13:41:31,037 INFO  CreateClassResetClassAdapter - Creating brand-new static initializer in class com/fasterxml/jackson/core/Base64Variant
2024-11-12 13:41:31,037 INFO  CreateClassResetClassAdapter - Adding bytecode for initializing field INT_SPACE
2024-11-12 13:41:31,037 INFO  CreateClassResetClassAdapter - Adding bytecode for initializing field PADDING_CHAR_NONE
2024-11-12 13:41:31,037 INFO  CreateClassResetClassAdapter - Adding bytecode for initializing field BASE64_VALUE_INVALID
2024-11-12 13:41:31,037 INFO  CreateClassResetClassAdapter - Adding bytecode for initializing field BASE64_VALUE_PADDING
2024-11-12 13:41:31,037 INFO  EvoClassLoader - Keeping class: com.fasterxml.jackson.core.Base64Variant
2024-11-12 13:41:31,037 INFO  EvoClassLoader - Seeing class for first time: com.fasterxml.jackson.databind.introspect.ClassIntrospector
2024-11-12 13:41:31,037 INFO  EvoClassLoader - Instrumenting class 'com.fasterxml.jackson.databind.introspect.ClassIntrospector'.
2024-11-12 13:41:31,037 INFO  MethodCallReplacementClassAdapter - Adding mock interface to class com/fasterxml/jackson/databind/introspect/ClassIntrospector
2024-11-12 13:41:31,037 INFO  CreateClassResetClassAdapter - Creating brand-new static initializer in class com/fasterxml/jackson/databind/introspect/ClassIntrospector
2024-11-12 13:41:31,037 INFO  EvoClassLoader - Keeping class: com.fasterxml.jackson.databind.introspect.ClassIntrospector
2024-11-12 13:41:31,037 INFO  EvoClassLoader - Seeing class for first time: com.fasterxml.jackson.databind.PropertyNamingStrategy
2024-11-12 13:41:31,037 INFO  EvoClassLoader - Instrumenting class 'com.fasterxml.jackson.databind.PropertyNamingStrategy'.
2024-11-12 13:41:31,038 INFO  MethodCallReplacementClassAdapter - Adding mock interface to class com/fasterxml/jackson/databind/PropertyNamingStrategy
2024-11-12 13:41:31,038 INFO  CreateClassResetClassAdapter - Found static initializer in class com/fasterxml/jackson/databind/PropertyNamingStrategy
2024-11-12 13:41:31,038 INFO  EvoClassLoader - Keeping class: com.fasterxml.jackson.databind.PropertyNamingStrategy
2024-11-12 13:41:31,038 INFO  EvoClassLoader - Seeing class for first time: com.fasterxml.jackson.databind.cfg.HandlerInstantiator
2024-11-12 13:41:31,038 INFO  EvoClassLoader - Instrumenting class 'com.fasterxml.jackson.databind.cfg.HandlerInstantiator'.
2024-11-12 13:41:31,038 INFO  MethodCallReplacementClassAdapter - Adding mock interface to class com/fasterxml/jackson/databind/cfg/HandlerInstantiator
2024-11-12 13:41:31,038 INFO  CreateClassResetClassAdapter - Creating brand-new static initializer in class com/fasterxml/jackson/databind/cfg/HandlerInstantiator
2024-11-12 13:41:31,038 INFO  EvoClassLoader - Keeping class: com.fasterxml.jackson.databind.cfg.HandlerInstantiator
2024-11-12 13:41:31,038 INFO  EvoClassLoader - Seeing class for first time: com.fasterxml.jackson.databind.type.TypeFactory
2024-11-12 13:41:31,038 INFO  EvoClassLoader - Instrumenting class 'com.fasterxml.jackson.databind.type.TypeFactory'.
2024-11-12 13:41:31,039 INFO  MethodCallReplacementClassAdapter - Adding mock interface to class com/fasterxml/jackson/databind/type/TypeFactory
2024-11-12 13:41:31,044 INFO  CreateClassResetClassAdapter - Found static initializer in class com/fasterxml/jackson/databind/type/TypeFactory
2024-11-12 13:41:31,045 INFO  EvoClassLoader - Keeping class: com.fasterxml.jackson.databind.type.TypeFactory
2024-11-12 13:41:31,045 INFO  EvoClassLoader - Seeing class for first time: com.fasterxml.jackson.databind.type.TypeParser
2024-11-12 13:41:31,045 INFO  EvoClassLoader - Instrumenting class 'com.fasterxml.jackson.databind.type.TypeParser'.
2024-11-12 13:41:31,045 INFO  MethodCallReplacementClassAdapter - Adding mock interface to class com/fasterxml/jackson/databind/type/TypeParser
2024-11-12 13:41:31,046 INFO  CreateClassResetClassAdapter - Creating brand-new static initializer in class com/fasterxml/jackson/databind/type/TypeParser
2024-11-12 13:41:31,046 INFO  EvoClassLoader - Keeping class: com.fasterxml.jackson.databind.type.TypeParser
2024-11-12 13:41:31,046 INFO  EvoClassLoader - Seeing class for first time: com.fasterxml.jackson.databind.type.TypeParser$MyTokenizer
2024-11-12 13:41:31,046 INFO  EvoClassLoader - Instrumenting class 'com.fasterxml.jackson.databind.type.TypeParser$MyTokenizer'.
2024-11-12 13:41:31,046 INFO  MethodCallReplacementClassAdapter - Adding mock interface to class com/fasterxml/jackson/databind/type/TypeParser$MyTokenizer
2024-11-12 13:41:31,046 INFO  CreateClassResetClassAdapter - Creating brand-new static initializer in class com/fasterxml/jackson/databind/type/TypeParser$MyTokenizer
2024-11-12 13:41:31,046 INFO  EvoClassLoader - Keeping class: com.fasterxml.jackson.databind.type.TypeParser$MyTokenizer
2024-11-12 13:41:31,046 INFO  EvoClassLoader - Seeing class for first time: com.fasterxml.jackson.databind.type.TypeBindings
2024-11-12 13:41:31,046 INFO  EvoClassLoader - Instrumenting class 'com.fasterxml.jackson.databind.type.TypeBindings'.
2024-11-12 13:41:31,046 INFO  MethodCallReplacementClassAdapter - Adding mock interface to class com/fasterxml/jackson/databind/type/TypeBindings
2024-11-12 13:41:31,047 INFO  CreateClassResetClassAdapter - Found static initializer in class com/fasterxml/jackson/databind/type/TypeBindings
2024-11-12 13:41:31,047 INFO  EvoClassLoader - Keeping class: com.fasterxml.jackson.databind.type.TypeBindings
2024-11-12 13:41:31,048 INFO  EvoClassLoader - Seeing class for first time: com.fasterxml.jackson.databind.SerializerProvider
2024-11-12 13:41:31,048 INFO  EvoClassLoader - Instrumenting class 'com.fasterxml.jackson.databind.SerializerProvider'.
2024-11-12 13:41:31,049 INFO  MethodCallReplacementClassAdapter - Adding mock interface to class com/fasterxml/jackson/databind/SerializerProvider
2024-11-12 13:41:31,050 INFO  CreateClassResetClassAdapter - Found static initializer in class com/fasterxml/jackson/databind/SerializerProvider
2024-11-12 13:41:31,051 INFO  EvoClassLoader - Keeping class: com.fasterxml.jackson.databind.SerializerProvider
2024-11-12 13:41:31,051 INFO  EvoClassLoader - Seeing class for first time: com.fasterxml.jackson.databind.jsontype.TypeSerializer
2024-11-12 13:41:31,051 INFO  EvoClassLoader - Instrumenting class 'com.fasterxml.jackson.databind.jsontype.TypeSerializer'.
2024-11-12 13:41:31,051 INFO  MethodCallReplacementClassAdapter - Adding mock interface to class com/fasterxml/jackson/databind/jsontype/TypeSerializer
2024-11-12 13:41:31,051 INFO  CreateClassResetClassAdapter - Creating brand-new static initializer in class com/fasterxml/jackson/databind/jsontype/TypeSerializer
2024-11-12 13:41:31,051 INFO  EvoClassLoader - Keeping class: com.fasterxml.jackson.databind.jsontype.TypeSerializer
2024-11-12 13:41:31,051 INFO  EvoClassLoader - Seeing class for first time: com.fasterxml.jackson.databind.type.SimpleType
2024-11-12 13:41:31,051 INFO  EvoClassLoader - Instrumenting class 'com.fasterxml.jackson.databind.type.SimpleType'.
2024-11-12 13:41:31,052 INFO  MethodCallReplacementClassAdapter - Adding mock interface to class com/fasterxml/jackson/databind/type/SimpleType
2024-11-12 13:41:31,052 INFO  CreateClassResetClassAdapter - Creating brand-new static initializer in class com/fasterxml/jackson/databind/type/SimpleType
2024-11-12 13:41:31,053 INFO  EvoClassLoader - Keeping class: com.fasterxml.jackson.databind.type.SimpleType
2024-11-12 13:41:31,053 INFO  EvoClassLoader - Seeing class for first time: com.fasterxml.jackson.databind.type.ResolvedRecursiveType
2024-11-12 13:41:31,053 INFO  EvoClassLoader - Instrumenting class 'com.fasterxml.jackson.databind.type.ResolvedRecursiveType'.
2024-11-12 13:41:31,053 INFO  MethodCallReplacementClassAdapter - Adding mock interface to class com/fasterxml/jackson/databind/type/ResolvedRecursiveType
2024-11-12 13:41:31,054 INFO  CreateClassResetClassAdapter - Creating brand-new static initializer in class com/fasterxml/jackson/databind/type/ResolvedRecursiveType
2024-11-12 13:41:31,054 INFO  EvoClassLoader - Keeping class: com.fasterxml.jackson.databind.type.ResolvedRecursiveType
2024-11-12 13:41:31,054 INFO  EvoClassLoader - Seeing class for first time: com.fasterxml.jackson.databind.type.ArrayType
2024-11-12 13:41:31,054 INFO  EvoClassLoader - Instrumenting class 'com.fasterxml.jackson.databind.type.ArrayType'.
2024-11-12 13:41:31,054 INFO  MethodCallReplacementClassAdapter - Adding mock interface to class com/fasterxml/jackson/databind/type/ArrayType
2024-11-12 13:41:31,054 INFO  CreateClassResetClassAdapter - Creating brand-new static initializer in class com/fasterxml/jackson/databind/type/ArrayType
2024-11-12 13:41:31,055 INFO  EvoClassLoader - Keeping class: com.fasterxml.jackson.databind.type.ArrayType
2024-11-12 13:41:31,055 INFO  EvoClassLoader - Seeing class for first time: com.fasterxml.jackson.databind.type.MapType
2024-11-12 13:41:31,055 INFO  EvoClassLoader - Instrumenting class 'com.fasterxml.jackson.databind.type.MapType'.
2024-11-12 13:41:31,055 INFO  MethodCallReplacementClassAdapter - Adding mock interface to class com/fasterxml/jackson/databind/type/MapType
2024-11-12 13:41:31,055 INFO  CreateClassResetClassAdapter - Creating brand-new static initializer in class com/fasterxml/jackson/databind/type/MapType
2024-11-12 13:41:31,055 INFO  EvoClassLoader - Keeping class: com.fasterxml.jackson.databind.type.MapType
2024-11-12 13:41:31,055 INFO  EvoClassLoader - Seeing class for first time: com.fasterxml.jackson.databind.type.PlaceholderForType
2024-11-12 13:41:31,055 INFO  EvoClassLoader - Instrumenting class 'com.fasterxml.jackson.databind.type.PlaceholderForType'.
2024-11-12 13:41:31,056 INFO  MethodCallReplacementClassAdapter - Adding mock interface to class com/fasterxml/jackson/databind/type/PlaceholderForType
2024-11-12 13:41:31,056 INFO  CreateClassResetClassAdapter - Creating brand-new static initializer in class com/fasterxml/jackson/databind/type/PlaceholderForType
2024-11-12 13:41:31,056 INFO  EvoClassLoader - Keeping class: com.fasterxml.jackson.databind.type.PlaceholderForType
2024-11-12 13:41:31,056 INFO  EvoClassLoader - Seeing class for first time: com.fasterxml.jackson.databind.type.ReferenceType
2024-11-12 13:41:31,056 INFO  EvoClassLoader - Instrumenting class 'com.fasterxml.jackson.databind.type.ReferenceType'.
2024-11-12 13:41:31,056 INFO  MethodCallReplacementClassAdapter - Adding mock interface to class com/fasterxml/jackson/databind/type/ReferenceType
2024-11-12 13:41:31,058 INFO  CreateClassResetClassAdapter - Creating brand-new static initializer in class com/fasterxml/jackson/databind/type/ReferenceType
2024-11-12 13:41:31,058 INFO  EvoClassLoader - Keeping class: com.fasterxml.jackson.databind.type.ReferenceType
2024-11-12 13:41:31,058 INFO  EvoClassLoader - Seeing class for first time: com.fasterxml.jackson.databind.type.CollectionType
2024-11-12 13:41:31,058 INFO  EvoClassLoader - Instrumenting class 'com.fasterxml.jackson.databind.type.CollectionType'.
2024-11-12 13:41:31,058 INFO  MethodCallReplacementClassAdapter - Adding mock interface to class com/fasterxml/jackson/databind/type/CollectionType
2024-11-12 13:41:31,059 INFO  CreateClassResetClassAdapter - Creating brand-new static initializer in class com/fasterxml/jackson/databind/type/CollectionType
2024-11-12 13:41:31,059 INFO  EvoClassLoader - Seeing class for first time: com.fasterxml.jackson.databind.type.CollectionLikeType
2024-11-12 13:41:31,059 INFO  EvoClassLoader - Instrumenting class 'com.fasterxml.jackson.databind.type.CollectionLikeType'.
2024-11-12 13:41:31,059 INFO  MethodCallReplacementClassAdapter - Adding mock interface to class com/fasterxml/jackson/databind/type/CollectionLikeType
2024-11-12 13:41:31,060 INFO  CreateClassResetClassAdapter - Creating brand-new static initializer in class com/fasterxml/jackson/databind/type/CollectionLikeType
2024-11-12 13:41:31,060 INFO  EvoClassLoader - Keeping class: com.fasterxml.jackson.databind.type.CollectionLikeType
2024-11-12 13:41:31,060 INFO  EvoClassLoader - Keeping class: com.fasterxml.jackson.databind.type.CollectionType
2024-11-12 13:41:31,060 INFO  EvoClassLoader - Seeing class for first time: com.fasterxml.jackson.databind.type.TypeModifier
2024-11-12 13:41:31,060 INFO  EvoClassLoader - Instrumenting class 'com.fasterxml.jackson.databind.type.TypeModifier'.
2024-11-12 13:41:31,060 INFO  MethodCallReplacementClassAdapter - Adding mock interface to class com/fasterxml/jackson/databind/type/TypeModifier
2024-11-12 13:41:31,060 INFO  CreateClassResetClassAdapter - Creating brand-new static initializer in class com/fasterxml/jackson/databind/type/TypeModifier
2024-11-12 13:41:31,061 INFO  EvoClassLoader - Keeping class: com.fasterxml.jackson.databind.type.TypeModifier
2024-11-12 13:41:31,061 INFO  EvoClassLoader - Seeing class for first time: com.fasterxml.jackson.databind.type.ClassStack
2024-11-12 13:41:31,061 INFO  EvoClassLoader - Instrumenting class 'com.fasterxml.jackson.databind.type.ClassStack'.
2024-11-12 13:41:31,061 INFO  MethodCallReplacementClassAdapter - Adding mock interface to class com/fasterxml/jackson/databind/type/ClassStack
2024-11-12 13:41:31,061 INFO  CreateClassResetClassAdapter - Creating brand-new static initializer in class com/fasterxml/jackson/databind/type/ClassStack
2024-11-12 13:41:31,062 INFO  EvoClassLoader - Keeping class: com.fasterxml.jackson.databind.type.ClassStack
2024-11-12 13:41:31,062 INFO  EvoClassLoader - Seeing class for first time: com.fasterxml.jackson.databind.JsonNode
2024-11-12 13:41:31,062 INFO  EvoClassLoader - Instrumenting class 'com.fasterxml.jackson.databind.JsonNode'.
2024-11-12 13:41:31,062 INFO  MethodCallReplacementClassAdapter - Adding mock interface to class com/fasterxml/jackson/databind/JsonNode
2024-11-12 13:41:31,063 INFO  CreateClassResetClassAdapter - Creating brand-new static initializer in class com/fasterxml/jackson/databind/JsonNode
2024-11-12 13:41:31,063 INFO  EvoClassLoader - Seeing class for first time: com.fasterxml.jackson.databind.JsonSerializable$Base
2024-11-12 13:41:31,063 INFO  EvoClassLoader - Instrumenting class 'com.fasterxml.jackson.databind.JsonSerializable$Base'.
2024-11-12 13:41:31,064 INFO  MethodCallReplacementClassAdapter - Adding mock interface to class com/fasterxml/jackson/databind/JsonSerializable$Base
2024-11-12 13:41:31,064 INFO  CreateClassResetClassAdapter - Creating brand-new static initializer in class com/fasterxml/jackson/databind/JsonSerializable$Base
2024-11-12 13:41:31,064 INFO  EvoClassLoader - Keeping class: com.fasterxml.jackson.databind.JsonSerializable$Base
2024-11-12 13:41:31,064 INFO  EvoClassLoader - Keeping class: com.fasterxml.jackson.databind.JsonNode
2024-11-12 13:41:31,065 INFO  EvoClassLoader - Seeing class for first time: com.fasterxml.jackson.core.util.ByteArrayBuilder
2024-11-12 13:41:31,065 INFO  EvoClassLoader - Instrumenting class 'com.fasterxml.jackson.core.util.ByteArrayBuilder'.
2024-11-12 13:41:31,065 INFO  MethodCallReplacementClassAdapter - Adding mock interface to class com/fasterxml/jackson/core/util/ByteArrayBuilder
2024-11-12 13:41:31,066 INFO  CreateClassResetClassAdapter - Found static initializer in class com/fasterxml/jackson/core/util/ByteArrayBuilder
2024-11-12 13:41:31,067 INFO  EvoClassLoader - Defined package (3): package com.fasterxml.jackson.core.util, 596657833
2024-11-12 13:41:31,074 INFO  EvoClassLoader - Keeping class: com.fasterxml.jackson.core.util.ByteArrayBuilder
2024-11-12 13:41:31,074 INFO  EvoClassLoader - Seeing class for first time: com.fasterxml.jackson.core.Base64Variant$PaddingReadBehaviour
2024-11-12 13:41:31,074 INFO  EvoClassLoader - Instrumenting class 'com.fasterxml.jackson.core.Base64Variant$PaddingReadBehaviour'.
2024-11-12 13:41:31,075 INFO  MethodCallReplacementClassAdapter - Adding mock interface to class com/fasterxml/jackson/core/Base64Variant$PaddingReadBehaviour
2024-11-12 13:41:31,076 INFO  CreateClassResetClassAdapter - Found static initializer in class com/fasterxml/jackson/core/Base64Variant$PaddingReadBehaviour
2024-11-12 13:41:31,076 INFO  EvoClassLoader - Keeping class: com.fasterxml.jackson.core.Base64Variant$PaddingReadBehaviour
2024-11-12 13:41:31,076 INFO  EvoClassLoader - Seeing class for first time: com.fasterxml.jackson.core.Base64Variants
2024-11-12 13:41:31,076 INFO  EvoClassLoader - Instrumenting class 'com.fasterxml.jackson.core.Base64Variants'.
2024-11-12 13:41:31,077 INFO  MethodCallReplacementClassAdapter - Adding mock interface to class com/fasterxml/jackson/core/Base64Variants
2024-11-12 13:41:31,077 INFO  CreateClassResetClassAdapter - Found static initializer in class com/fasterxml/jackson/core/Base64Variants
2024-11-12 13:41:31,078 INFO  EvoClassLoader - Keeping class: com.fasterxml.jackson.core.Base64Variants
2024-11-12 13:41:31,078 INFO  EvoClassLoader - Seeing class for first time: com.fasterxml.jackson.databind.jsontype.PolymorphicTypeValidator$Validity
2024-11-12 13:41:31,078 INFO  EvoClassLoader - Instrumenting class 'com.fasterxml.jackson.databind.jsontype.PolymorphicTypeValidator$Validity'.
2024-11-12 13:41:31,078 INFO  MethodCallReplacementClassAdapter - Adding mock interface to class com/fasterxml/jackson/databind/jsontype/PolymorphicTypeValidator$Validity
2024-11-12 13:41:31,078 INFO  CreateClassResetClassAdapter - Found static initializer in class com/fasterxml/jackson/databind/jsontype/PolymorphicTypeValidator$Validity
2024-11-12 13:41:31,078 INFO  EvoClassLoader - Keeping class: com.fasterxml.jackson.databind.jsontype.PolymorphicTypeValidator$Validity
2024-11-12 13:41:31,078 INFO  EvoClassLoader - Seeing class for first time: com.fasterxml.jackson.databind.jsontype.PolymorphicTypeValidator$Base
2024-11-12 13:41:31,078 INFO  EvoClassLoader - Instrumenting class 'com.fasterxml.jackson.databind.jsontype.PolymorphicTypeValidator$Base'.
2024-11-12 13:41:31,078 INFO  MethodCallReplacementClassAdapter - Adding mock interface to class com/fasterxml/jackson/databind/jsontype/PolymorphicTypeValidator$Base
2024-11-12 13:41:31,078 INFO  CreateClassResetClassAdapter - Creating brand-new static initializer in class com/fasterxml/jackson/databind/jsontype/PolymorphicTypeValidator$Base
2024-11-12 13:41:31,078 INFO  EvoClassLoader - Keeping class: com.fasterxml.jackson.databind.jsontype.PolymorphicTypeValidator$Base
2024-11-12 13:41:31,078 INFO  EvoClassLoader - Seeing class for first time: com.fasterxml.jackson.databind.jsontype.impl.LaissezFaireSubTypeValidator
2024-11-12 13:41:31,078 INFO  EvoClassLoader - Instrumenting class 'com.fasterxml.jackson.databind.jsontype.impl.LaissezFaireSubTypeValidator'.
2024-11-12 13:41:31,079 INFO  MethodCallReplacementClassAdapter - Adding mock interface to class com/fasterxml/jackson/databind/jsontype/impl/LaissezFaireSubTypeValidator
2024-11-12 13:41:31,079 INFO  CreateClassResetClassAdapter - Found static initializer in class com/fasterxml/jackson/databind/jsontype/impl/LaissezFaireSubTypeValidator
2024-11-12 13:41:31,079 INFO  EvoClassLoader - Keeping class: com.fasterxml.jackson.databind.jsontype.impl.LaissezFaireSubTypeValidator
2024-11-12 13:41:31,079 INFO  EvoClassLoader - Seeing class for first time: com.fasterxml.jackson.databind.introspect.AccessorNamingStrategy
2024-11-12 13:41:31,079 INFO  EvoClassLoader - Instrumenting class 'com.fasterxml.jackson.databind.introspect.AccessorNamingStrategy'.
2024-11-12 13:41:31,079 INFO  MethodCallReplacementClassAdapter - Adding mock interface to class com/fasterxml/jackson/databind/introspect/AccessorNamingStrategy
2024-11-12 13:41:31,079 INFO  CreateClassResetClassAdapter - Creating brand-new static initializer in class com/fasterxml/jackson/databind/introspect/AccessorNamingStrategy
2024-11-12 13:41:31,079 INFO  EvoClassLoader - Keeping class: com.fasterxml.jackson.databind.introspect.AccessorNamingStrategy
2024-11-12 13:41:31,079 INFO  EvoClassLoader - Seeing class for first time: com.fasterxml.jackson.databind.BeanDescription
2024-11-12 13:41:31,079 INFO  EvoClassLoader - Instrumenting class 'com.fasterxml.jackson.databind.BeanDescription'.
2024-11-12 13:41:31,079 INFO  MethodCallReplacementClassAdapter - Adding mock interface to class com/fasterxml/jackson/databind/BeanDescription
2024-11-12 13:41:31,079 INFO  CreateClassResetClassAdapter - Creating brand-new static initializer in class com/fasterxml/jackson/databind/BeanDescription
2024-11-12 13:41:31,079 INFO  EvoClassLoader - Keeping class: com.fasterxml.jackson.databind.BeanDescription
2024-11-12 13:41:31,080 INFO  EvoClassLoader - Seeing class for first time: com.fasterxml.jackson.databind.introspect.DefaultAccessorNamingStrategy
2024-11-12 13:41:31,080 INFO  EvoClassLoader - Instrumenting class 'com.fasterxml.jackson.databind.introspect.DefaultAccessorNamingStrategy'.
2024-11-12 13:41:31,080 INFO  MethodCallReplacementClassAdapter - Adding mock interface to class com/fasterxml/jackson/databind/introspect/DefaultAccessorNamingStrategy
2024-11-12 13:41:31,080 INFO  CreateClassResetClassAdapter - Creating brand-new static initializer in class com/fasterxml/jackson/databind/introspect/DefaultAccessorNamingStrategy
2024-11-12 13:41:31,080 INFO  EvoClassLoader - Keeping class: com.fasterxml.jackson.databind.introspect.DefaultAccessorNamingStrategy
2024-11-12 13:41:31,080 INFO  EvoClassLoader - Seeing class for first time: com.fasterxml.jackson.databind.introspect.DefaultAccessorNamingStrategy$RecordNaming
2024-11-12 13:41:31,080 INFO  EvoClassLoader - Instrumenting class 'com.fasterxml.jackson.databind.introspect.DefaultAccessorNamingStrategy$RecordNaming'.
2024-11-12 13:41:31,080 INFO  MethodCallReplacementClassAdapter - Adding mock interface to class com/fasterxml/jackson/databind/introspect/DefaultAccessorNamingStrategy$RecordNaming
2024-11-12 13:41:31,080 INFO  CreateClassResetClassAdapter - Creating brand-new static initializer in class com/fasterxml/jackson/databind/introspect/DefaultAccessorNamingStrategy$RecordNaming
2024-11-12 13:41:31,080 INFO  EvoClassLoader - Keeping class: com.fasterxml.jackson.databind.introspect.DefaultAccessorNamingStrategy$RecordNaming
2024-11-12 13:41:31,080 INFO  EvoClassLoader - Seeing class for first time: com.fasterxml.jackson.databind.introspect.DefaultAccessorNamingStrategy$FirstCharBasedValidator
2024-11-12 13:41:31,080 INFO  EvoClassLoader - Instrumenting class 'com.fasterxml.jackson.databind.introspect.DefaultAccessorNamingStrategy$FirstCharBasedValidator'.
2024-11-12 13:41:31,081 INFO  MethodCallReplacementClassAdapter - Adding mock interface to class com/fasterxml/jackson/databind/introspect/DefaultAccessorNamingStrategy$FirstCharBasedValidator
2024-11-12 13:41:31,081 INFO  CreateClassResetClassAdapter - Creating brand-new static initializer in class com/fasterxml/jackson/databind/introspect/DefaultAccessorNamingStrategy$FirstCharBasedValidator
2024-11-12 13:41:31,081 INFO  EvoClassLoader - Seeing class for first time: com.fasterxml.jackson.databind.introspect.DefaultAccessorNamingStrategy$BaseNameValidator
2024-11-12 13:41:31,081 INFO  EvoClassLoader - Instrumenting class 'com.fasterxml.jackson.databind.introspect.DefaultAccessorNamingStrategy$BaseNameValidator'.
2024-11-12 13:41:31,081 INFO  EvoClassLoader - Keeping class: com.fasterxml.jackson.databind.introspect.DefaultAccessorNamingStrategy$BaseNameValidator
2024-11-12 13:41:31,081 INFO  EvoClassLoader - Keeping class: com.fasterxml.jackson.databind.introspect.DefaultAccessorNamingStrategy$FirstCharBasedValidator
2024-11-12 13:41:31,081 INFO  EvoClassLoader - Seeing class for first time: com.fasterxml.jackson.databind.ObjectMapper
2024-11-12 13:41:31,081 INFO  EvoClassLoader - Instrumenting class 'com.fasterxml.jackson.databind.ObjectMapper'.
2024-11-12 13:41:31,082 INFO  MethodCallReplacementClassAdapter - Adding mock interface to class com/fasterxml/jackson/databind/ObjectMapper
2024-11-12 13:41:31,089 INFO  CreateClassResetClassAdapter - Found static initializer in class com/fasterxml/jackson/databind/ObjectMapper
2024-11-12 13:41:31,090 INFO  EvoClassLoader - Keeping class: com.fasterxml.jackson.databind.ObjectMapper
2024-11-12 13:41:31,090 INFO  EvoClassLoader - Seeing class for first time: com.fasterxml.jackson.databind.MappingJsonFactory
2024-11-12 13:41:31,090 INFO  EvoClassLoader - Instrumenting class 'com.fasterxml.jackson.databind.MappingJsonFactory'.
2024-11-12 13:41:31,090 INFO  MethodCallReplacementClassAdapter - Adding mock interface to class com/fasterxml/jackson/databind/MappingJsonFactory
2024-11-12 13:41:31,091 INFO  CreateClassResetClassAdapter - Creating brand-new static initializer in class com/fasterxml/jackson/databind/MappingJsonFactory
2024-11-12 13:41:31,091 INFO  EvoClassLoader - Keeping class: com.fasterxml.jackson.databind.MappingJsonFactory
2024-11-12 13:41:31,091 INFO  EvoClassLoader - Seeing class for first time: com.fasterxml.jackson.databind.jsontype.SubtypeResolver
2024-11-12 13:41:31,091 INFO  EvoClassLoader - Instrumenting class 'com.fasterxml.jackson.databind.jsontype.SubtypeResolver'.
2024-11-12 13:41:31,091 INFO  MethodCallReplacementClassAdapter - Adding mock interface to class com/fasterxml/jackson/databind/jsontype/SubtypeResolver
2024-11-12 13:41:31,091 INFO  CreateClassResetClassAdapter - Creating brand-new static initializer in class com/fasterxml/jackson/databind/jsontype/SubtypeResolver
2024-11-12 13:41:31,092 INFO  EvoClassLoader - Keeping class: com.fasterxml.jackson.databind.jsontype.SubtypeResolver
2024-11-12 13:41:31,092 INFO  EvoClassLoader - Seeing class for first time: com.fasterxml.jackson.databind.jsontype.impl.StdSubtypeResolver
2024-11-12 13:41:31,092 INFO  EvoClassLoader - Instrumenting class 'com.fasterxml.jackson.databind.jsontype.impl.StdSubtypeResolver'.
2024-11-12 13:41:31,092 INFO  MethodCallReplacementClassAdapter - Adding mock interface to class com/fasterxml/jackson/databind/jsontype/impl/StdSubtypeResolver
2024-11-12 13:41:31,092 INFO  CreateClassResetClassAdapter - Creating brand-new static initializer in class com/fasterxml/jackson/databind/jsontype/impl/StdSubtypeResolver
2024-11-12 13:41:31,093 INFO  EvoClassLoader - Keeping class: com.fasterxml.jackson.databind.jsontype.impl.StdSubtypeResolver
2024-11-12 13:41:31,093 INFO  EvoClassLoader - Seeing class for first time: com.fasterxml.jackson.databind.ser.DefaultSerializerProvider
2024-11-12 13:41:31,093 INFO  EvoClassLoader - Instrumenting class 'com.fasterxml.jackson.databind.ser.DefaultSerializerProvider'.
2024-11-12 13:41:31,093 INFO  MethodCallReplacementClassAdapter - Adding mock interface to class com/fasterxml/jackson/databind/ser/DefaultSerializerProvider
2024-11-12 13:41:31,094 INFO  CreateClassResetClassAdapter - Creating brand-new static initializer in class com/fasterxml/jackson/databind/ser/DefaultSerializerProvider
2024-11-12 13:41:31,095 INFO  EvoClassLoader - Keeping class: com.fasterxml.jackson.databind.ser.DefaultSerializerProvider
2024-11-12 13:41:31,095 INFO  EvoClassLoader - Seeing class for first time: com.fasterxml.jackson.databind.ser.DefaultSerializerProvider$Impl
2024-11-12 13:41:31,095 INFO  EvoClassLoader - Instrumenting class 'com.fasterxml.jackson.databind.ser.DefaultSerializerProvider$Impl'.
2024-11-12 13:41:31,095 INFO  MethodCallReplacementClassAdapter - Adding mock interface to class com/fasterxml/jackson/databind/ser/DefaultSerializerProvider$Impl
2024-11-12 13:41:31,095 INFO  CreateClassResetClassAdapter - Creating brand-new static initializer in class com/fasterxml/jackson/databind/ser/DefaultSerializerProvider$Impl
2024-11-12 13:41:31,095 INFO  EvoClassLoader - Keeping class: com.fasterxml.jackson.databind.ser.DefaultSerializerProvider$Impl
2024-11-12 13:41:31,095 INFO  EvoClassLoader - Seeing class for first time: com.fasterxml.jackson.databind.deser.DeserializerFactory
2024-11-12 13:41:31,095 INFO  EvoClassLoader - Instrumenting class 'com.fasterxml.jackson.databind.deser.DeserializerFactory'.
2024-11-12 13:41:31,095 INFO  MethodCallReplacementClassAdapter - Adding mock interface to class com/fasterxml/jackson/databind/deser/DeserializerFactory
2024-11-12 13:41:31,095 INFO  CreateClassResetClassAdapter - Found static initializer in class com/fasterxml/jackson/databind/deser/DeserializerFactory
2024-11-12 13:41:31,096 INFO  EvoClassLoader - Defined package (3): package com.fasterxml.jackson.databind.deser, -1939449920
2024-11-12 13:41:31,096 INFO  EvoClassLoader - Keeping class: com.fasterxml.jackson.databind.deser.DeserializerFactory
2024-11-12 13:41:31,096 INFO  EvoClassLoader - Seeing class for first time: com.fasterxml.jackson.databind.deser.BeanDeserializerFactory
2024-11-12 13:41:31,096 INFO  EvoClassLoader - Instrumenting class 'com.fasterxml.jackson.databind.deser.BeanDeserializerFactory'.
2024-11-12 13:41:31,096 INFO  MethodCallReplacementClassAdapter - Adding mock interface to class com/fasterxml/jackson/databind/deser/BeanDeserializerFactory
2024-11-12 13:41:31,103 INFO  CreateClassResetClassAdapter - Found static initializer in class com/fasterxml/jackson/databind/deser/BeanDeserializerFactory
2024-11-12 13:41:31,104 INFO  EvoClassLoader - Seeing class for first time: com.fasterxml.jackson.databind.deser.BasicDeserializerFactory
2024-11-12 13:41:31,104 INFO  EvoClassLoader - Instrumenting class 'com.fasterxml.jackson.databind.deser.BasicDeserializerFactory'.
2024-11-12 13:41:31,105 INFO  MethodCallReplacementClassAdapter - Adding mock interface to class com/fasterxml/jackson/databind/deser/BasicDeserializerFactory
2024-11-12 13:41:31,120 INFO  CreateClassResetClassAdapter - Found static initializer in class com/fasterxml/jackson/databind/deser/BasicDeserializerFactory
2024-11-12 13:41:31,121 INFO  EvoClassLoader - Keeping class: com.fasterxml.jackson.databind.deser.BasicDeserializerFactory
2024-11-12 13:41:31,121 INFO  EvoClassLoader - Keeping class: com.fasterxml.jackson.databind.deser.BeanDeserializerFactory
2024-11-12 13:41:31,121 INFO  EvoClassLoader - Seeing class for first time: com.fasterxml.jackson.databind.deser.DefaultDeserializationContext
2024-11-12 13:41:31,121 INFO  EvoClassLoader - Instrumenting class 'com.fasterxml.jackson.databind.deser.DefaultDeserializationContext'.
2024-11-12 13:41:31,122 INFO  MethodCallReplacementClassAdapter - Adding mock interface to class com/fasterxml/jackson/databind/deser/DefaultDeserializationContext
2024-11-12 13:41:31,122 INFO  CreateClassResetClassAdapter - Creating brand-new static initializer in class com/fasterxml/jackson/databind/deser/DefaultDeserializationContext
2024-11-12 13:41:31,123 INFO  EvoClassLoader - Keeping class: com.fasterxml.jackson.databind.deser.DefaultDeserializationContext
2024-11-12 13:41:31,123 INFO  EvoClassLoader - Seeing class for first time: com.fasterxml.jackson.databind.deser.DefaultDeserializationContext$Impl
2024-11-12 13:41:31,123 INFO  EvoClassLoader - Instrumenting class 'com.fasterxml.jackson.databind.deser.DefaultDeserializationContext$Impl'.
2024-11-12 13:41:31,123 INFO  MethodCallReplacementClassAdapter - Adding mock interface to class com/fasterxml/jackson/databind/deser/DefaultDeserializationContext$Impl
2024-11-12 13:41:31,123 INFO  CreateClassResetClassAdapter - Creating brand-new static initializer in class com/fasterxml/jackson/databind/deser/DefaultDeserializationContext$Impl
2024-11-12 13:41:31,123 INFO  EvoClassLoader - Keeping class: com.fasterxml.jackson.databind.deser.DefaultDeserializationContext$Impl
2024-11-12 13:41:31,123 INFO  EvoClassLoader - Seeing class for first time: com.fasterxml.jackson.databind.ser.SerializerFactory
2024-11-12 13:41:31,123 INFO  EvoClassLoader - Instrumenting class 'com.fasterxml.jackson.databind.ser.SerializerFactory'.
2024-11-12 13:41:31,123 INFO  MethodCallReplacementClassAdapter - Adding mock interface to class com/fasterxml/jackson/databind/ser/SerializerFactory
2024-11-12 13:41:31,123 INFO  CreateClassResetClassAdapter - Creating brand-new static initializer in class com/fasterxml/jackson/databind/ser/SerializerFactory
2024-11-12 13:41:31,123 INFO  EvoClassLoader - Keeping class: com.fasterxml.jackson.databind.ser.SerializerFactory
2024-11-12 13:41:31,123 INFO  EvoClassLoader - Seeing class for first time: com.fasterxml.jackson.databind.ser.BeanSerializerFactory
2024-11-12 13:41:31,123 INFO  EvoClassLoader - Instrumenting class 'com.fasterxml.jackson.databind.ser.BeanSerializerFactory'.
2024-11-12 13:41:31,124 INFO  MethodCallReplacementClassAdapter - Adding mock interface to class com/fasterxml/jackson/databind/ser/BeanSerializerFactory
2024-11-12 13:41:31,126 INFO  CreateClassResetClassAdapter - Found static initializer in class com/fasterxml/jackson/databind/ser/BeanSerializerFactory
2024-11-12 13:41:31,126 INFO  EvoClassLoader - Seeing class for first time: com.fasterxml.jackson.databind.ser.BasicSerializerFactory
2024-11-12 13:41:31,126 INFO  EvoClassLoader - Instrumenting class 'com.fasterxml.jackson.databind.ser.BasicSerializerFactory'.
2024-11-12 13:41:31,127 INFO  MethodCallReplacementClassAdapter - Adding mock interface to class com/fasterxml/jackson/databind/ser/BasicSerializerFactory
2024-11-12 13:41:31,133 INFO  CreateClassResetClassAdapter - Found static initializer in class com/fasterxml/jackson/databind/ser/BasicSerializerFactory
2024-11-12 13:41:31,134 INFO  EvoClassLoader - Keeping class: com.fasterxml.jackson.databind.ser.BasicSerializerFactory
2024-11-12 13:41:31,134 INFO  EvoClassLoader - Keeping class: com.fasterxml.jackson.databind.ser.BeanSerializerFactory
2024-11-12 13:41:31,134 INFO  EvoClassLoader - Seeing class for first time: com.fasterxml.jackson.core.io.SegmentedStringWriter
2024-11-12 13:41:31,134 INFO  EvoClassLoader - Instrumenting class 'com.fasterxml.jackson.core.io.SegmentedStringWriter'.
2024-11-12 13:41:31,135 INFO  MethodCallReplacementClassAdapter - Adding mock interface to class com/fasterxml/jackson/core/io/SegmentedStringWriter
2024-11-12 13:41:31,135 INFO  CreateClassResetClassAdapter - Creating brand-new static initializer in class com/fasterxml/jackson/core/io/SegmentedStringWriter
2024-11-12 13:41:31,135 INFO  EvoClassLoader - Defined package (3): package com.fasterxml.jackson.core.io, -12787315
2024-11-12 13:41:31,135 INFO  EvoClassLoader - Keeping class: com.fasterxml.jackson.core.io.SegmentedStringWriter
2024-11-12 13:41:31,135 INFO  EvoClassLoader - Seeing class for first time: com.fasterxml.jackson.databind.node.NullNode
2024-11-12 13:41:31,135 INFO  EvoClassLoader - Instrumenting class 'com.fasterxml.jackson.databind.node.NullNode'.
2024-11-12 13:41:31,135 INFO  MethodCallReplacementClassAdapter - Adding mock interface to class com/fasterxml/jackson/databind/node/NullNode
2024-11-12 13:41:31,135 INFO  CreateClassResetClassAdapter - Found static initializer in class com/fasterxml/jackson/databind/node/NullNode
2024-11-12 13:41:31,135 INFO  EvoClassLoader - Defined package (3): package com.fasterxml.jackson.databind.node, -1863371167
2024-11-12 13:41:31,135 INFO  EvoClassLoader - Seeing class for first time: com.fasterxml.jackson.databind.node.ValueNode
2024-11-12 13:41:31,135 INFO  EvoClassLoader - Instrumenting class 'com.fasterxml.jackson.databind.node.ValueNode'.
2024-11-12 13:41:31,136 INFO  MethodCallReplacementClassAdapter - Adding mock interface to class com/fasterxml/jackson/databind/node/ValueNode
2024-11-12 13:41:31,136 INFO  CreateClassResetClassAdapter - Creating brand-new static initializer in class com/fasterxml/jackson/databind/node/ValueNode
2024-11-12 13:41:31,136 INFO  EvoClassLoader - Seeing class for first time: com.fasterxml.jackson.databind.node.BaseJsonNode
2024-11-12 13:41:31,136 INFO  EvoClassLoader - Instrumenting class 'com.fasterxml.jackson.databind.node.BaseJsonNode'.
2024-11-12 13:41:31,136 INFO  MethodCallReplacementClassAdapter - Adding mock interface to class com/fasterxml/jackson/databind/node/BaseJsonNode
2024-11-12 13:41:31,136 INFO  CreateClassResetClassAdapter - Creating brand-new static initializer in class com/fasterxml/jackson/databind/node/BaseJsonNode
2024-11-12 13:41:31,136 INFO  EvoClassLoader - Keeping class: com.fasterxml.jackson.databind.node.BaseJsonNode
2024-11-12 13:41:31,136 INFO  EvoClassLoader - Keeping class: com.fasterxml.jackson.databind.node.ValueNode
2024-11-12 13:41:31,136 INFO  EvoClassLoader - Keeping class: com.fasterxml.jackson.databind.node.NullNode
2024-11-12 13:41:31,136 INFO  EvoClassLoader - Seeing class for first time: com.fasterxml.jackson.databind.node.TreeTraversingParser
2024-11-12 13:41:31,136 INFO  EvoClassLoader - Instrumenting class 'com.fasterxml.jackson.databind.node.TreeTraversingParser'.
2024-11-12 13:41:31,136 INFO  MethodCallReplacementClassAdapter - Adding mock interface to class com/fasterxml/jackson/databind/node/TreeTraversingParser
2024-11-12 13:41:31,137 INFO  CreateClassResetClassAdapter - Creating brand-new static initializer in class com/fasterxml/jackson/databind/node/TreeTraversingParser
2024-11-12 13:41:31,137 INFO  EvoClassLoader - Seeing class for first time: com.fasterxml.jackson.core.base.ParserMinimalBase
2024-11-12 13:41:31,137 INFO  EvoClassLoader - Instrumenting class 'com.fasterxml.jackson.core.base.ParserMinimalBase'.
2024-11-12 13:41:31,137 INFO  MethodCallReplacementClassAdapter - Adding mock interface to class com/fasterxml/jackson/core/base/ParserMinimalBase
2024-11-12 13:41:31,138 INFO  CreateClassResetClassAdapter - Found static initializer in class com/fasterxml/jackson/core/base/ParserMinimalBase
2024-11-12 13:41:31,138 INFO  EvoClassLoader - Defined package (3): package com.fasterxml.jackson.core.base, 596073848
2024-11-12 13:41:31,139 INFO  EvoClassLoader - Keeping class: com.fasterxml.jackson.core.base.ParserMinimalBase
2024-11-12 13:41:31,139 INFO  EvoClassLoader - Keeping class: com.fasterxml.jackson.databind.node.TreeTraversingParser
2024-11-12 13:41:31,139 INFO  EvoClassLoader - Seeing class for first time: com.fasterxml.jackson.databind.introspect.BasicClassIntrospector
2024-11-12 13:41:31,139 INFO  EvoClassLoader - Instrumenting class 'com.fasterxml.jackson.databind.introspect.BasicClassIntrospector'.
2024-11-12 13:41:31,139 INFO  MethodCallReplacementClassAdapter - Adding mock interface to class com/fasterxml/jackson/databind/introspect/BasicClassIntrospector
2024-11-12 13:41:31,140 INFO  CreateClassResetClassAdapter - Found static initializer in class com/fasterxml/jackson/databind/introspect/BasicClassIntrospector
2024-11-12 13:41:31,140 INFO  EvoClassLoader - Keeping class: com.fasterxml.jackson.databind.introspect.BasicClassIntrospector
2024-11-12 13:41:31,140 INFO  EvoClassLoader - Seeing class for first time: com.fasterxml.jackson.databind.Module$SetupContext
2024-11-12 13:41:31,140 INFO  EvoClassLoader - Instrumenting class 'com.fasterxml.jackson.databind.Module$SetupContext'.
2024-11-12 13:41:31,140 INFO  EvoClassLoader - Keeping class: com.fasterxml.jackson.databind.Module$SetupContext
2024-11-12 13:41:31,141 INFO  EvoClassLoader - Seeing class for first time: com.fasterxml.jackson.databind.util.TokenBuffer
2024-11-12 13:41:31,141 INFO  EvoClassLoader - Instrumenting class 'com.fasterxml.jackson.databind.util.TokenBuffer'.
2024-11-12 13:41:31,142 INFO  MethodCallReplacementClassAdapter - Adding mock interface to class com/fasterxml/jackson/databind/util/TokenBuffer
2024-11-12 13:41:31,143 INFO  CreateClassResetClassAdapter - Found static initializer in class com/fasterxml/jackson/databind/util/TokenBuffer
2024-11-12 13:41:31,143 INFO  EvoClassLoader - Keeping class: com.fasterxml.jackson.databind.util.TokenBuffer
2024-11-12 13:41:31,144 INFO  EvoClassLoader - Seeing class for first time: com.fasterxml.jackson.databind.exc.MismatchedInputException
2024-11-12 13:41:31,144 INFO  EvoClassLoader - Instrumenting class 'com.fasterxml.jackson.databind.exc.MismatchedInputException'.
2024-11-12 13:41:31,144 INFO  MethodCallReplacementClassAdapter - Adding mock interface to class com/fasterxml/jackson/databind/exc/MismatchedInputException
2024-11-12 13:41:31,144 INFO  CreateClassResetClassAdapter - Creating brand-new static initializer in class com/fasterxml/jackson/databind/exc/MismatchedInputException
2024-11-12 13:41:31,144 INFO  EvoClassLoader - Defined package (3): package com.fasterxml.jackson.databind.exc, -1584137775
2024-11-12 13:41:31,144 INFO  EvoClassLoader - Keeping class: com.fasterxml.jackson.databind.exc.MismatchedInputException
2024-11-12 13:41:31,144 INFO  EvoClassLoader - Seeing class for first time: com.fasterxml.jackson.databind.cfg.ContextAttributes
2024-11-12 13:41:31,145 INFO  EvoClassLoader - Instrumenting class 'com.fasterxml.jackson.databind.cfg.ContextAttributes'.
2024-11-12 13:41:31,145 INFO  MethodCallReplacementClassAdapter - Adding mock interface to class com/fasterxml/jackson/databind/cfg/ContextAttributes
2024-11-12 13:41:31,145 INFO  CreateClassResetClassAdapter - Creating brand-new static initializer in class com/fasterxml/jackson/databind/cfg/ContextAttributes
2024-11-12 13:41:31,145 INFO  EvoClassLoader - Keeping class: com.fasterxml.jackson.databind.cfg.ContextAttributes
2024-11-12 13:41:31,145 INFO  EvoClassLoader - Seeing class for first time: com.fasterxml.jackson.databind.ObjectReader
2024-11-12 13:41:31,145 INFO  EvoClassLoader - Instrumenting class 'com.fasterxml.jackson.databind.ObjectReader'.
2024-11-12 13:41:31,145 INFO  MethodCallReplacementClassAdapter - Adding mock interface to class com/fasterxml/jackson/databind/ObjectReader
2024-11-12 13:41:31,148 INFO  CreateClassResetClassAdapter - Creating brand-new static initializer in class com/fasterxml/jackson/databind/ObjectReader
2024-11-12 13:41:31,149 INFO  EvoClassLoader - Keeping class: com.fasterxml.jackson.databind.ObjectReader
2024-11-12 13:41:31,149 INFO  EvoClassLoader - Seeing class for first time: com.fasterxml.jackson.databind.InjectableValues
2024-11-12 13:41:31,149 INFO  EvoClassLoader - Instrumenting class 'com.fasterxml.jackson.databind.InjectableValues'.
2024-11-12 13:41:31,150 INFO  MethodCallReplacementClassAdapter - Adding mock interface to class com/fasterxml/jackson/databind/InjectableValues
2024-11-12 13:41:31,150 INFO  CreateClassResetClassAdapter - Creating brand-new static initializer in class com/fasterxml/jackson/databind/InjectableValues
2024-11-12 13:41:31,150 INFO  EvoClassLoader - Keeping class: com.fasterxml.jackson.databind.InjectableValues
2024-11-12 13:41:31,150 INFO  EvoClassLoader - Seeing class for first time: com.fasterxml.jackson.databind.DeserializationFeature
2024-11-12 13:41:31,150 INFO  EvoClassLoader - Instrumenting class 'com.fasterxml.jackson.databind.DeserializationFeature'.
2024-11-12 13:41:31,150 INFO  MethodCallReplacementClassAdapter - Adding mock interface to class com/fasterxml/jackson/databind/DeserializationFeature
2024-11-12 13:41:31,150 INFO  CreateClassResetClassAdapter - Found static initializer in class com/fasterxml/jackson/databind/DeserializationFeature
2024-11-12 13:41:31,150 INFO  EvoClassLoader - Seeing class for first time: com.fasterxml.jackson.databind.cfg.ConfigFeature
2024-11-12 13:41:31,150 INFO  EvoClassLoader - Instrumenting class 'com.fasterxml.jackson.databind.cfg.ConfigFeature'.
2024-11-12 13:41:31,150 INFO  EvoClassLoader - Keeping class: com.fasterxml.jackson.databind.cfg.ConfigFeature
2024-11-12 13:41:31,151 INFO  EvoClassLoader - Keeping class: com.fasterxml.jackson.databind.DeserializationFeature
2024-11-12 13:41:31,151 INFO  EvoClassLoader - Seeing class for first time: com.fasterxml.jackson.core.FormatSchema
2024-11-12 13:41:31,151 INFO  EvoClassLoader - Instrumenting class 'com.fasterxml.jackson.core.FormatSchema'.
2024-11-12 13:41:31,151 INFO  EvoClassLoader - Keeping class: com.fasterxml.jackson.core.FormatSchema
2024-11-12 13:41:31,151 INFO  EvoClassLoader - Seeing class for first time: com.fasterxml.jackson.databind.node.JsonNodeFactory
2024-11-12 13:41:31,151 INFO  EvoClassLoader - Instrumenting class 'com.fasterxml.jackson.databind.node.JsonNodeFactory'.
2024-11-12 13:41:31,151 INFO  MethodCallReplacementClassAdapter - Adding mock interface to class com/fasterxml/jackson/databind/node/JsonNodeFactory
2024-11-12 13:41:31,155 INFO  CreateClassResetClassAdapter - Found static initializer in class com/fasterxml/jackson/databind/node/JsonNodeFactory
2024-11-12 13:41:31,155 INFO  EvoClassLoader - Seeing class for first time: com.fasterxml.jackson.databind.node.JsonNodeCreator
2024-11-12 13:41:31,155 INFO  EvoClassLoader - Instrumenting class 'com.fasterxml.jackson.databind.node.JsonNodeCreator'.
2024-11-12 13:41:31,156 INFO  EvoClassLoader - Keeping class: com.fasterxml.jackson.databind.node.JsonNodeCreator
2024-11-12 13:41:31,156 INFO  EvoClassLoader - Keeping class: com.fasterxml.jackson.databind.node.JsonNodeFactory
2024-11-12 13:41:31,156 INFO  EvoClassLoader - Seeing class for first time: com.fasterxml.jackson.databind.deser.DeserializationProblemHandler
2024-11-12 13:41:31,156 INFO  EvoClassLoader - Instrumenting class 'com.fasterxml.jackson.databind.deser.DeserializationProblemHandler'.
2024-11-12 13:41:31,156 INFO  MethodCallReplacementClassAdapter - Adding mock interface to class com/fasterxml/jackson/databind/deser/DeserializationProblemHandler
2024-11-12 13:41:31,156 INFO  CreateClassResetClassAdapter - Found static initializer in class com/fasterxml/jackson/databind/deser/DeserializationProblemHandler
2024-11-12 13:41:31,156 INFO  EvoClassLoader - Keeping class: com.fasterxml.jackson.databind.deser.DeserializationProblemHandler
2024-11-12 13:41:31,156 INFO  EvoClassLoader - Seeing class for first time: com.fasterxml.jackson.core.JsonParser$Feature
2024-11-12 13:41:31,156 INFO  EvoClassLoader - Instrumenting class 'com.fasterxml.jackson.core.JsonParser$Feature'.
2024-11-12 13:41:31,156 INFO  MethodCallReplacementClassAdapter - Adding mock interface to class com/fasterxml/jackson/core/JsonParser$Feature
2024-11-12 13:41:31,156 INFO  CreateClassResetClassAdapter - Found static initializer in class com/fasterxml/jackson/core/JsonParser$Feature
2024-11-12 13:41:31,157 INFO  EvoClassLoader - Keeping class: com.fasterxml.jackson.core.JsonParser$Feature
2024-11-12 13:41:31,157 INFO  EvoClassLoader - Seeing class for first time: com.fasterxml.jackson.core.JsonGenerator$Feature
2024-11-12 13:41:31,157 INFO  EvoClassLoader - Instrumenting class 'com.fasterxml.jackson.core.JsonGenerator$Feature'.
2024-11-12 13:41:31,157 INFO  MethodCallReplacementClassAdapter - Adding mock interface to class com/fasterxml/jackson/core/JsonGenerator$Feature
2024-11-12 13:41:31,157 INFO  CreateClassResetClassAdapter - Found static initializer in class com/fasterxml/jackson/core/JsonGenerator$Feature
2024-11-12 13:41:31,157 INFO  EvoClassLoader - Keeping class: com.fasterxml.jackson.core.JsonGenerator$Feature
2024-11-12 13:41:31,157 INFO  EvoClassLoader - Seeing class for first time: com.fasterxml.jackson.databind.MapperFeature
2024-11-12 13:41:31,157 INFO  EvoClassLoader - Instrumenting class 'com.fasterxml.jackson.databind.MapperFeature'.
2024-11-12 13:41:31,157 INFO  MethodCallReplacementClassAdapter - Adding mock interface to class com/fasterxml/jackson/databind/MapperFeature
2024-11-12 13:41:31,157 INFO  CreateClassResetClassAdapter - Found static initializer in class com/fasterxml/jackson/databind/MapperFeature
2024-11-12 13:41:31,157 INFO  EvoClassLoader - Keeping class: com.fasterxml.jackson.databind.MapperFeature
2024-11-12 13:41:31,157 INFO  EvoClassLoader - Seeing class for first time: com.fasterxml.jackson.databind.SerializationFeature
2024-11-12 13:41:31,157 INFO  EvoClassLoader - Instrumenting class 'com.fasterxml.jackson.databind.SerializationFeature'.
2024-11-12 13:41:31,157 INFO  MethodCallReplacementClassAdapter - Adding mock interface to class com/fasterxml/jackson/databind/SerializationFeature
2024-11-12 13:41:31,157 INFO  CreateClassResetClassAdapter - Found static initializer in class com/fasterxml/jackson/databind/SerializationFeature
2024-11-12 13:41:31,158 INFO  EvoClassLoader - Keeping class: com.fasterxml.jackson.databind.SerializationFeature
2024-11-12 13:41:31,158 INFO  EvoClassLoader - Seeing class for first time: com.fasterxml.jackson.databind.ser.FilterProvider
2024-11-12 13:41:31,158 INFO  EvoClassLoader - Instrumenting class 'com.fasterxml.jackson.databind.ser.FilterProvider'.
2024-11-12 13:41:31,158 INFO  MethodCallReplacementClassAdapter - Adding mock interface to class com/fasterxml/jackson/databind/ser/FilterProvider
2024-11-12 13:41:31,158 INFO  CreateClassResetClassAdapter - Creating brand-new static initializer in class com/fasterxml/jackson/databind/ser/FilterProvider
2024-11-12 13:41:31,158 INFO  EvoClassLoader - Keeping class: com.fasterxml.jackson.databind.ser.FilterProvider
2024-11-12 13:41:31,158 INFO  EvoClassLoader - Seeing class for first time: com.fasterxml.jackson.databind.ObjectWriter
2024-11-12 13:41:31,158 INFO  EvoClassLoader - Instrumenting class 'com.fasterxml.jackson.databind.ObjectWriter'.
2024-11-12 13:41:31,158 INFO  MethodCallReplacementClassAdapter - Adding mock interface to class com/fasterxml/jackson/databind/ObjectWriter
2024-11-12 13:41:31,159 INFO  CreateClassResetClassAdapter - Found static initializer in class com/fasterxml/jackson/databind/ObjectWriter
2024-11-12 13:41:31,159 INFO  EvoClassLoader - Keeping class: com.fasterxml.jackson.databind.ObjectWriter
2024-11-12 13:41:31,159 INFO  EvoClassLoader - Seeing class for first time: com.fasterxml.jackson.core.PrettyPrinter
2024-11-12 13:41:31,159 INFO  EvoClassLoader - Instrumenting class 'com.fasterxml.jackson.core.PrettyPrinter'.
2024-11-12 13:41:31,160 INFO  EvoClassLoader - Keeping class: com.fasterxml.jackson.core.PrettyPrinter
2024-11-12 13:41:31,160 INFO  EvoClassLoader - Seeing class for first time: com.fasterxml.jackson.core.io.CharacterEscapes
2024-11-12 13:41:31,160 INFO  EvoClassLoader - Instrumenting class 'com.fasterxml.jackson.core.io.CharacterEscapes'.
2024-11-12 13:41:31,160 INFO  MethodCallReplacementClassAdapter - Adding mock interface to class com/fasterxml/jackson/core/io/CharacterEscapes
2024-11-12 13:41:31,160 INFO  CreateClassResetClassAdapter - Creating brand-new static initializer in class com/fasterxml/jackson/core/io/CharacterEscapes
2024-11-12 13:41:31,160 INFO  CreateClassResetClassAdapter - Adding bytecode for initializing field ESCAPE_NONE
2024-11-12 13:41:31,160 INFO  CreateClassResetClassAdapter - Adding bytecode for initializing field ESCAPE_STANDARD
2024-11-12 13:41:31,160 INFO  CreateClassResetClassAdapter - Adding bytecode for initializing field ESCAPE_CUSTOM
2024-11-12 13:41:31,160 INFO  EvoClassLoader - Keeping class: com.fasterxml.jackson.core.io.CharacterEscapes
2024-11-12 13:41:31,160 INFO  EvoClassLoader - Seeing class for first time: com.fasterxml.jackson.core.JsonFactory$Feature
2024-11-12 13:41:31,160 INFO  EvoClassLoader - Instrumenting class 'com.fasterxml.jackson.core.JsonFactory$Feature'.
2024-11-12 13:41:31,160 INFO  MethodCallReplacementClassAdapter - Adding mock interface to class com/fasterxml/jackson/core/JsonFactory$Feature
2024-11-12 13:41:31,160 INFO  CreateClassResetClassAdapter - Found static initializer in class com/fasterxml/jackson/core/JsonFactory$Feature
2024-11-12 13:41:31,160 INFO  EvoClassLoader - Seeing class for first time: com.fasterxml.jackson.core.util.JacksonFeature
2024-11-12 13:41:31,160 INFO  EvoClassLoader - Instrumenting class 'com.fasterxml.jackson.core.util.JacksonFeature'.
2024-11-12 13:41:31,161 INFO  EvoClassLoader - Keeping class: com.fasterxml.jackson.core.util.JacksonFeature
2024-11-12 13:41:31,161 INFO  EvoClassLoader - Keeping class: com.fasterxml.jackson.core.JsonFactory$Feature
2024-11-12 13:41:31,161 INFO  EvoClassLoader - Seeing class for first time: com.fasterxml.jackson.core.StreamWriteFeature
2024-11-12 13:41:31,161 INFO  EvoClassLoader - Instrumenting class 'com.fasterxml.jackson.core.StreamWriteFeature'.
2024-11-12 13:41:31,161 INFO  MethodCallReplacementClassAdapter - Adding mock interface to class com/fasterxml/jackson/core/StreamWriteFeature
2024-11-12 13:41:31,161 INFO  CreateClassResetClassAdapter - Found static initializer in class com/fasterxml/jackson/core/StreamWriteFeature
2024-11-12 13:41:31,161 INFO  EvoClassLoader - Keeping class: com.fasterxml.jackson.core.StreamWriteFeature
2024-11-12 13:41:31,161 INFO  EvoClassLoader - Seeing class for first time: com.fasterxml.jackson.core.StreamReadFeature
2024-11-12 13:41:31,161 INFO  EvoClassLoader - Instrumenting class 'com.fasterxml.jackson.core.StreamReadFeature'.
2024-11-12 13:41:31,161 INFO  MethodCallReplacementClassAdapter - Adding mock interface to class com/fasterxml/jackson/core/StreamReadFeature
2024-11-12 13:41:31,161 INFO  CreateClassResetClassAdapter - Found static initializer in class com/fasterxml/jackson/core/StreamReadFeature
2024-11-12 13:41:31,161 INFO  EvoClassLoader - Keeping class: com.fasterxml.jackson.core.StreamReadFeature
2024-11-12 13:41:31,161 INFO  EvoClassLoader - Seeing class for first time: com.fasterxml.jackson.core.JsonEncoding
2024-11-12 13:41:31,161 INFO  EvoClassLoader - Instrumenting class 'com.fasterxml.jackson.core.JsonEncoding'.
2024-11-12 13:41:31,161 INFO  MethodCallReplacementClassAdapter - Adding mock interface to class com/fasterxml/jackson/core/JsonEncoding
2024-11-12 13:41:31,161 INFO  CreateClassResetClassAdapter - Found static initializer in class com/fasterxml/jackson/core/JsonEncoding
2024-11-12 13:41:31,161 INFO  EvoClassLoader - Keeping class: com.fasterxml.jackson.core.JsonEncoding
2024-11-12 13:41:31,161 INFO  EvoClassLoader - Seeing class for first time: com.fasterxml.jackson.core.JsonParseException
2024-11-12 13:41:31,161 INFO  EvoClassLoader - Instrumenting class 'com.fasterxml.jackson.core.JsonParseException'.
2024-11-12 13:41:31,162 INFO  MethodCallReplacementClassAdapter - Adding mock interface to class com/fasterxml/jackson/core/JsonParseException
2024-11-12 13:41:31,162 INFO  CreateClassResetClassAdapter - Creating brand-new static initializer in class com/fasterxml/jackson/core/JsonParseException
2024-11-12 13:41:31,162 INFO  EvoClassLoader - Seeing class for first time: com.fasterxml.jackson.core.exc.StreamReadException
2024-11-12 13:41:31,162 INFO  EvoClassLoader - Instrumenting class 'com.fasterxml.jackson.core.exc.StreamReadException'.
2024-11-12 13:41:31,162 INFO  MethodCallReplacementClassAdapter - Adding mock interface to class com/fasterxml/jackson/core/exc/StreamReadException
2024-11-12 13:41:31,162 INFO  CreateClassResetClassAdapter - Creating brand-new static initializer in class com/fasterxml/jackson/core/exc/StreamReadException
2024-11-12 13:41:31,162 INFO  EvoClassLoader - Defined package (3): package com.fasterxml.jackson.core.exc, -396410231
2024-11-12 13:41:31,162 INFO  EvoClassLoader - Keeping class: com.fasterxml.jackson.core.exc.StreamReadException
2024-11-12 13:41:31,162 INFO  EvoClassLoader - Keeping class: com.fasterxml.jackson.core.JsonParseException
2024-11-12 13:41:31,162 INFO  EvoClassLoader - Seeing class for first time: com.fasterxml.jackson.databind.MappingIterator
2024-11-12 13:41:31,162 INFO  EvoClassLoader - Instrumenting class 'com.fasterxml.jackson.databind.MappingIterator'.
2024-11-12 13:41:31,162 INFO  MethodCallReplacementClassAdapter - Adding mock interface to class com/fasterxml/jackson/databind/MappingIterator
2024-11-12 13:41:31,163 INFO  CreateClassResetClassAdapter - Found static initializer in class com/fasterxml/jackson/databind/MappingIterator
2024-11-12 13:41:31,163 INFO  EvoClassLoader - Keeping class: com.fasterxml.jackson.databind.MappingIterator
2024-11-12 13:41:31,163 INFO  EvoClassLoader - Seeing class for first time: com.fasterxml.jackson.core.JsonGenerationException
2024-11-12 13:41:31,163 INFO  EvoClassLoader - Instrumenting class 'com.fasterxml.jackson.core.JsonGenerationException'.
2024-11-12 13:41:31,163 INFO  MethodCallReplacementClassAdapter - Adding mock interface to class com/fasterxml/jackson/core/JsonGenerationException
2024-11-12 13:41:31,163 INFO  CreateClassResetClassAdapter - Creating brand-new static initializer in class com/fasterxml/jackson/core/JsonGenerationException
2024-11-12 13:41:31,164 INFO  EvoClassLoader - Keeping class: com.fasterxml.jackson.core.JsonGenerationException
2024-11-12 13:41:31,164 INFO  EvoClassLoader - Seeing class for first time: com.fasterxml.jackson.databind.node.ObjectNode
2024-11-12 13:41:31,164 INFO  EvoClassLoader - Instrumenting class 'com.fasterxml.jackson.databind.node.ObjectNode'.
2024-11-12 13:41:31,164 INFO  MethodCallReplacementClassAdapter - Adding mock interface to class com/fasterxml/jackson/databind/node/ObjectNode
2024-11-12 13:41:31,172 INFO  CreateClassResetClassAdapter - Creating brand-new static initializer in class com/fasterxml/jackson/databind/node/ObjectNode
2024-11-12 13:41:31,173 INFO  EvoClassLoader - Seeing class for first time: com.fasterxml.jackson.databind.node.ContainerNode
2024-11-12 13:41:31,173 INFO  EvoClassLoader - Instrumenting class 'com.fasterxml.jackson.databind.node.ContainerNode'.
2024-11-12 13:41:31,173 INFO  MethodCallReplacementClassAdapter - Adding mock interface to class com/fasterxml/jackson/databind/node/ContainerNode
2024-11-12 13:41:31,173 INFO  CreateClassResetClassAdapter - Creating brand-new static initializer in class com/fasterxml/jackson/databind/node/ContainerNode
2024-11-12 13:41:31,174 INFO  EvoClassLoader - Keeping class: com.fasterxml.jackson.databind.node.ContainerNode
2024-11-12 13:41:31,174 INFO  EvoClassLoader - Keeping class: com.fasterxml.jackson.databind.node.ObjectNode
2024-11-12 13:41:31,174 INFO  EvoClassLoader - Seeing class for first time: com.fasterxml.jackson.databind.node.ArrayNode
2024-11-12 13:41:31,174 INFO  EvoClassLoader - Instrumenting class 'com.fasterxml.jackson.databind.node.ArrayNode'.
2024-11-12 13:41:31,175 INFO  MethodCallReplacementClassAdapter - Adding mock interface to class com/fasterxml/jackson/databind/node/ArrayNode
2024-11-12 13:41:31,176 INFO  CreateClassResetClassAdapter - Creating brand-new static initializer in class com/fasterxml/jackson/databind/node/ArrayNode
2024-11-12 13:41:31,177 INFO  EvoClassLoader - Keeping class: com.fasterxml.jackson.databind.node.ArrayNode
2024-11-12 13:41:31,177 INFO  EvoClassLoader - Seeing class for first time: com.fasterxml.jackson.databind.SerializationConfig
2024-11-12 13:41:31,177 INFO  EvoClassLoader - Instrumenting class 'com.fasterxml.jackson.databind.SerializationConfig'.
2024-11-12 13:41:31,177 INFO  MethodCallReplacementClassAdapter - Adding mock interface to class com/fasterxml/jackson/databind/SerializationConfig
2024-11-12 13:41:31,178 INFO  CreateClassResetClassAdapter - Found static initializer in class com/fasterxml/jackson/databind/SerializationConfig
2024-11-12 13:41:31,178 INFO  EvoClassLoader - Seeing class for first time: com.fasterxml.jackson.databind.cfg.MapperConfigBase
2024-11-12 13:41:31,178 INFO  EvoClassLoader - Instrumenting class 'com.fasterxml.jackson.databind.cfg.MapperConfigBase'.
2024-11-12 13:41:31,178 INFO  MethodCallReplacementClassAdapter - Adding mock interface to class com/fasterxml/jackson/databind/cfg/MapperConfigBase
2024-11-12 13:41:31,179 INFO  CreateClassResetClassAdapter - Found static initializer in class com/fasterxml/jackson/databind/cfg/MapperConfigBase
2024-11-12 13:41:31,179 INFO  EvoClassLoader - Keeping class: com.fasterxml.jackson.databind.cfg.MapperConfigBase
2024-11-12 13:41:31,179 INFO  EvoClassLoader - Keeping class: com.fasterxml.jackson.databind.SerializationConfig
2024-11-12 13:41:31,179 INFO  EvoClassLoader - Seeing class for first time: com.fasterxml.jackson.databind.DeserializationConfig
2024-11-12 13:41:31,179 INFO  EvoClassLoader - Instrumenting class 'com.fasterxml.jackson.databind.DeserializationConfig'.
2024-11-12 13:41:31,180 INFO  MethodCallReplacementClassAdapter - Adding mock interface to class com/fasterxml/jackson/databind/DeserializationConfig
2024-11-12 13:41:31,180 INFO  CreateClassResetClassAdapter - Found static initializer in class com/fasterxml/jackson/databind/DeserializationConfig
2024-11-12 13:41:31,180 INFO  EvoClassLoader - Keeping class: com.fasterxml.jackson.databind.DeserializationConfig
2024-11-12 13:41:31,180 INFO  EvoClassLoader - Seeing class for first time: com.fasterxml.jackson.databind.Module
2024-11-12 13:41:31,180 INFO  EvoClassLoader - Instrumenting class 'com.fasterxml.jackson.databind.Module'.
2024-11-12 13:41:31,181 INFO  MethodCallReplacementClassAdapter - Adding mock interface to class com/fasterxml/jackson/databind/Module
2024-11-12 13:41:31,181 INFO  CreateClassResetClassAdapter - Creating brand-new static initializer in class com/fasterxml/jackson/databind/Module
2024-11-12 13:41:31,181 INFO  EvoClassLoader - Keeping class: com.fasterxml.jackson.databind.Module
2024-11-12 13:41:31,181 INFO  EvoClassLoader - Seeing class for first time: com.fasterxml.jackson.annotation.PropertyAccessor
2024-11-12 13:41:31,181 INFO  EvoClassLoader - Instrumenting class 'com.fasterxml.jackson.annotation.PropertyAccessor'.
2024-11-12 13:41:31,181 INFO  MethodCallReplacementClassAdapter - Adding mock interface to class com/fasterxml/jackson/annotation/PropertyAccessor
2024-11-12 13:41:31,181 INFO  CreateClassResetClassAdapter - Found static initializer in class com/fasterxml/jackson/annotation/PropertyAccessor
2024-11-12 13:41:31,181 INFO  EvoClassLoader - Keeping class: com.fasterxml.jackson.annotation.PropertyAccessor
2024-11-12 13:41:31,181 INFO  EvoClassLoader - Seeing class for first time: com.fasterxml.jackson.annotation.JsonAutoDetect$Visibility
2024-11-12 13:41:31,181 INFO  EvoClassLoader - Instrumenting class 'com.fasterxml.jackson.annotation.JsonAutoDetect$Visibility'.
2024-11-12 13:41:31,181 INFO  MethodCallReplacementClassAdapter - Adding mock interface to class com/fasterxml/jackson/annotation/JsonAutoDetect$Visibility
2024-11-12 13:41:31,181 INFO  CreateClassResetClassAdapter - Found static initializer in class com/fasterxml/jackson/annotation/JsonAutoDetect$Visibility
2024-11-12 13:41:31,181 INFO  EvoClassLoader - Keeping class: com.fasterxml.jackson.annotation.JsonAutoDetect$Visibility
2024-11-12 13:41:31,181 INFO  EvoClassLoader - Seeing class for first time: com.fasterxml.jackson.annotation.JsonAutoDetect$Value
2024-11-12 13:41:31,181 INFO  EvoClassLoader - Instrumenting class 'com.fasterxml.jackson.annotation.JsonAutoDetect$Value'.
2024-11-12 13:41:31,182 INFO  MethodCallReplacementClassAdapter - Adding mock interface to class com/fasterxml/jackson/annotation/JsonAutoDetect$Value
2024-11-12 13:41:31,182 INFO  CreateClassResetClassAdapter - Found static initializer in class com/fasterxml/jackson/annotation/JsonAutoDetect$Value
2024-11-12 13:41:31,182 INFO  EvoClassLoader - Keeping class: com.fasterxml.jackson.annotation.JsonAutoDetect$Value
2024-11-12 13:41:31,182 INFO  EvoClassLoader - Seeing class for first time: com.fasterxml.jackson.databind.jsontype.NamedType
2024-11-12 13:41:31,182 INFO  EvoClassLoader - Instrumenting class 'com.fasterxml.jackson.databind.jsontype.NamedType'.
2024-11-12 13:41:31,182 INFO  MethodCallReplacementClassAdapter - Adding mock interface to class com/fasterxml/jackson/databind/jsontype/NamedType
2024-11-12 13:41:31,182 INFO  CreateClassResetClassAdapter - Creating brand-new static initializer in class com/fasterxml/jackson/databind/jsontype/NamedType
2024-11-12 13:41:31,182 INFO  EvoClassLoader - Keeping class: com.fasterxml.jackson.databind.jsontype.NamedType
2024-11-12 13:41:31,182 INFO  EvoClassLoader - Seeing class for first time: com.fasterxml.jackson.databind.ObjectMapper$DefaultTyping
2024-11-12 13:41:31,182 INFO  EvoClassLoader - Instrumenting class 'com.fasterxml.jackson.databind.ObjectMapper$DefaultTyping'.
2024-11-12 13:41:31,182 INFO  MethodCallReplacementClassAdapter - Adding mock interface to class com/fasterxml/jackson/databind/ObjectMapper$DefaultTyping
2024-11-12 13:41:31,182 INFO  CreateClassResetClassAdapter - Found static initializer in class com/fasterxml/jackson/databind/ObjectMapper$DefaultTyping
2024-11-12 13:41:31,183 INFO  EvoClassLoader - Keeping class: com.fasterxml.jackson.databind.ObjectMapper$DefaultTyping
2024-11-12 13:41:31,183 INFO  EvoClassLoader - Seeing class for first time: com.fasterxml.jackson.annotation.JsonTypeInfo$As
2024-11-12 13:41:31,183 INFO  EvoClassLoader - Instrumenting class 'com.fasterxml.jackson.annotation.JsonTypeInfo$As'.
2024-11-12 13:41:31,183 INFO  MethodCallReplacementClassAdapter - Adding mock interface to class com/fasterxml/jackson/annotation/JsonTypeInfo$As
2024-11-12 13:41:31,183 INFO  CreateClassResetClassAdapter - Found static initializer in class com/fasterxml/jackson/annotation/JsonTypeInfo$As
2024-11-12 13:41:31,183 INFO  EvoClassLoader - Keeping class: com.fasterxml.jackson.annotation.JsonTypeInfo$As
2024-11-12 13:41:31,183 INFO  EvoClassLoader - Seeing class for first time: com.fasterxml.jackson.databind.cfg.MutableConfigOverride
2024-11-12 13:41:31,183 INFO  EvoClassLoader - Instrumenting class 'com.fasterxml.jackson.databind.cfg.MutableConfigOverride'.
2024-11-12 13:41:31,183 INFO  MethodCallReplacementClassAdapter - Adding mock interface to class com/fasterxml/jackson/databind/cfg/MutableConfigOverride
2024-11-12 13:41:31,183 INFO  CreateClassResetClassAdapter - Creating brand-new static initializer in class com/fasterxml/jackson/databind/cfg/MutableConfigOverride
2024-11-12 13:41:31,183 INFO  EvoClassLoader - Seeing class for first time: com.fasterxml.jackson.databind.cfg.ConfigOverride
2024-11-12 13:41:31,183 INFO  EvoClassLoader - Instrumenting class 'com.fasterxml.jackson.databind.cfg.ConfigOverride'.
2024-11-12 13:41:31,183 INFO  MethodCallReplacementClassAdapter - Adding mock interface to class com/fasterxml/jackson/databind/cfg/ConfigOverride
2024-11-12 13:41:31,183 INFO  CreateClassResetClassAdapter - Creating brand-new static initializer in class com/fasterxml/jackson/databind/cfg/ConfigOverride
2024-11-12 13:41:31,183 INFO  EvoClassLoader - Keeping class: com.fasterxml.jackson.databind.cfg.ConfigOverride
2024-11-12 13:41:31,183 INFO  EvoClassLoader - Keeping class: com.fasterxml.jackson.databind.cfg.MutableConfigOverride
2024-11-12 13:41:31,183 INFO  EvoClassLoader - Seeing class for first time: com.fasterxml.jackson.databind.cfg.MutableCoercionConfig
2024-11-12 13:41:31,183 INFO  EvoClassLoader - Instrumenting class 'com.fasterxml.jackson.databind.cfg.MutableCoercionConfig'.
2024-11-12 13:41:31,183 INFO  MethodCallReplacementClassAdapter - Adding mock interface to class com/fasterxml/jackson/databind/cfg/MutableCoercionConfig
2024-11-12 13:41:31,183 INFO  CreateClassResetClassAdapter - Creating brand-new static initializer in class com/fasterxml/jackson/databind/cfg/MutableCoercionConfig
2024-11-12 13:41:31,183 INFO  EvoClassLoader - Seeing class for first time: com.fasterxml.jackson.databind.cfg.CoercionConfig
2024-11-12 13:41:31,183 INFO  EvoClassLoader - Instrumenting class 'com.fasterxml.jackson.databind.cfg.CoercionConfig'.
2024-11-12 13:41:31,184 INFO  MethodCallReplacementClassAdapter - Adding mock interface to class com/fasterxml/jackson/databind/cfg/CoercionConfig
2024-11-12 13:41:31,184 INFO  CreateClassResetClassAdapter - Found static initializer in class com/fasterxml/jackson/databind/cfg/CoercionConfig
2024-11-12 13:41:31,184 INFO  EvoClassLoader - Keeping class: com.fasterxml.jackson.databind.cfg.CoercionConfig
2024-11-12 13:41:31,184 INFO  EvoClassLoader - Keeping class: com.fasterxml.jackson.databind.cfg.MutableCoercionConfig
2024-11-12 13:41:31,184 INFO  EvoClassLoader - Seeing class for first time: com.fasterxml.jackson.databind.type.LogicalType
2024-11-12 13:41:31,184 INFO  EvoClassLoader - Instrumenting class 'com.fasterxml.jackson.databind.type.LogicalType'.
2024-11-12 13:41:31,184 INFO  MethodCallReplacementClassAdapter - Adding mock interface to class com/fasterxml/jackson/databind/type/LogicalType
2024-11-12 13:41:31,184 INFO  CreateClassResetClassAdapter - Found static initializer in class com/fasterxml/jackson/databind/type/LogicalType
2024-11-12 13:41:31,184 INFO  EvoClassLoader - Keeping class: com.fasterxml.jackson.databind.type.LogicalType
2024-11-12 13:41:31,184 INFO  EvoClassLoader - Seeing class for first time: com.fasterxml.jackson.databind.cfg.ConstructorDetector
2024-11-12 13:41:31,184 INFO  EvoClassLoader - Instrumenting class 'com.fasterxml.jackson.databind.cfg.ConstructorDetector'.
2024-11-12 13:41:31,184 INFO  MethodCallReplacementClassAdapter - Adding mock interface to class com/fasterxml/jackson/databind/cfg/ConstructorDetector
2024-11-12 13:41:31,184 INFO  CreateClassResetClassAdapter - Found static initializer in class com/fasterxml/jackson/databind/cfg/ConstructorDetector
2024-11-12 13:41:31,184 INFO  EvoClassLoader - Keeping class: com.fasterxml.jackson.databind.cfg.ConstructorDetector
2024-11-12 13:41:31,184 INFO  EvoClassLoader - Seeing class for first time: com.fasterxml.jackson.databind.JsonDeserializer
2024-11-12 13:41:31,184 INFO  EvoClassLoader - Instrumenting class 'com.fasterxml.jackson.databind.JsonDeserializer'.
2024-11-12 13:41:31,185 INFO  MethodCallReplacementClassAdapter - Adding mock interface to class com/fasterxml/jackson/databind/JsonDeserializer
2024-11-12 13:41:31,185 INFO  CreateClassResetClassAdapter - Creating brand-new static initializer in class com/fasterxml/jackson/databind/JsonDeserializer
2024-11-12 13:41:31,185 INFO  EvoClassLoader - Seeing class for first time: com.fasterxml.jackson.databind.deser.NullValueProvider
2024-11-12 13:41:31,185 INFO  EvoClassLoader - Instrumenting class 'com.fasterxml.jackson.databind.deser.NullValueProvider'.
2024-11-12 13:41:31,185 INFO  EvoClassLoader - Keeping class: com.fasterxml.jackson.databind.deser.NullValueProvider
2024-11-12 13:41:31,185 INFO  EvoClassLoader - Keeping class: com.fasterxml.jackson.databind.JsonDeserializer
2024-11-12 13:41:31,185 INFO  EvoClassLoader - Seeing class for first time: com.fasterxml.jackson.core.JsonToken
2024-11-12 13:41:31,185 INFO  EvoClassLoader - Instrumenting class 'com.fasterxml.jackson.core.JsonToken'.
2024-11-12 13:41:31,185 INFO  MethodCallReplacementClassAdapter - Adding mock interface to class com/fasterxml/jackson/core/JsonToken
2024-11-12 13:41:31,185 INFO  CreateClassResetClassAdapter - Found static initializer in class com/fasterxml/jackson/core/JsonToken
2024-11-12 13:41:31,186 INFO  EvoClassLoader - Keeping class: com.fasterxml.jackson.core.JsonToken
2024-11-12 13:41:31,186 INFO  EvoClassLoader - Seeing class for first time: com.fasterxml.jackson.databind.jsonschema.JsonSchema
2024-11-12 13:41:31,186 INFO  EvoClassLoader - Instrumenting class 'com.fasterxml.jackson.databind.jsonschema.JsonSchema'.
2024-11-12 13:41:31,186 INFO  MethodCallReplacementClassAdapter - Adding mock interface to class com/fasterxml/jackson/databind/jsonschema/JsonSchema
2024-11-12 13:41:31,186 INFO  CreateClassResetClassAdapter - Creating brand-new static initializer in class com/fasterxml/jackson/databind/jsonschema/JsonSchema
2024-11-12 13:41:31,186 INFO  EvoClassLoader - Defined package (3): package com.fasterxml.jackson.databind.jsonschema, 436033960
2024-11-12 13:41:31,186 INFO  EvoClassLoader - Keeping class: com.fasterxml.jackson.databind.jsonschema.JsonSchema
2024-11-12 13:41:31,186 INFO  EvoClassLoader - Seeing class for first time: com.fasterxml.jackson.databind.jsonFormatVisitors.JsonFormatVisitorWrapper
2024-11-12 13:41:31,186 INFO  EvoClassLoader - Instrumenting class 'com.fasterxml.jackson.databind.jsonFormatVisitors.JsonFormatVisitorWrapper'.
2024-11-12 13:41:31,186 INFO  EvoClassLoader - Defined package (3): package com.fasterxml.jackson.databind.jsonFormatVisitors, 1118619651
2024-11-12 13:41:31,186 INFO  EvoClassLoader - Seeing class for first time: com.fasterxml.jackson.databind.jsonFormatVisitors.JsonFormatVisitorWithSerializerProvider
2024-11-12 13:41:31,186 INFO  EvoClassLoader - Instrumenting class 'com.fasterxml.jackson.databind.jsonFormatVisitors.JsonFormatVisitorWithSerializerProvider'.
2024-11-12 13:41:31,186 INFO  EvoClassLoader - Keeping class: com.fasterxml.jackson.databind.jsonFormatVisitors.JsonFormatVisitorWithSerializerProvider
2024-11-12 13:41:31,186 INFO  EvoClassLoader - Keeping class: com.fasterxml.jackson.databind.jsonFormatVisitors.JsonFormatVisitorWrapper
2024-11-12 13:41:31,186 INFO  EvoClassLoader - Seeing class for first time: com.fasterxml.jackson.core.io.DataOutputAsStream
2024-11-12 13:41:31,186 INFO  EvoClassLoader - Instrumenting class 'com.fasterxml.jackson.core.io.DataOutputAsStream'.
2024-11-12 13:41:31,187 INFO  MethodCallReplacementClassAdapter - Adding mock interface to class com/fasterxml/jackson/core/io/DataOutputAsStream
2024-11-12 13:41:31,187 INFO  CreateClassResetClassAdapter - Creating brand-new static initializer in class com/fasterxml/jackson/core/io/DataOutputAsStream
2024-11-12 13:41:31,187 INFO  EvoClassLoader - Keeping class: com.fasterxml.jackson.core.io.DataOutputAsStream
2024-11-12 13:41:31,187 INFO  EvoClassLoader - Seeing class for first time: com.fasterxml.jackson.core.io.CharTypes
2024-11-12 13:41:31,187 INFO  EvoClassLoader - Instrumenting class 'com.fasterxml.jackson.core.io.CharTypes'.
2024-11-12 13:41:31,188 INFO  MethodCallReplacementClassAdapter - Adding mock interface to class com/fasterxml/jackson/core/io/CharTypes
2024-11-12 13:41:31,188 INFO  CreateClassResetClassAdapter - Found static initializer in class com/fasterxml/jackson/core/io/CharTypes
2024-11-12 13:41:31,189 INFO  EvoClassLoader - Keeping class: com.fasterxml.jackson.core.io.CharTypes
2024-11-12 13:41:31,189 INFO  EvoClassLoader - Seeing class for first time: com.fasterxml.jackson.core.io.JsonStringEncoder
2024-11-12 13:41:31,189 INFO  EvoClassLoader - Instrumenting class 'com.fasterxml.jackson.core.io.JsonStringEncoder'.
2024-11-12 13:41:31,189 INFO  MethodCallReplacementClassAdapter - Adding mock interface to class com/fasterxml/jackson/core/io/JsonStringEncoder
2024-11-12 13:41:31,191 INFO  CreateClassResetClassAdapter - Found static initializer in class com/fasterxml/jackson/core/io/JsonStringEncoder
2024-11-12 13:41:31,191 INFO  EvoClassLoader - Keeping class: com.fasterxml.jackson.core.io.JsonStringEncoder
2024-11-12 13:41:31,191 INFO  EvoClassLoader - Seeing class for first time: com.fasterxml.jackson.core.io.SerializedString
2024-11-12 13:41:31,191 INFO  EvoClassLoader - Instrumenting class 'com.fasterxml.jackson.core.io.SerializedString'.
2024-11-12 13:41:31,192 INFO  MethodCallReplacementClassAdapter - Adding mock interface to class com/fasterxml/jackson/core/io/SerializedString
2024-11-12 13:41:31,192 INFO  CreateClassResetClassAdapter - Found static initializer in class com/fasterxml/jackson/core/io/SerializedString
2024-11-12 13:41:31,192 INFO  EvoClassLoader - Seeing class for first time: com.fasterxml.jackson.core.SerializableString
2024-11-12 13:41:31,192 INFO  EvoClassLoader - Instrumenting class 'com.fasterxml.jackson.core.SerializableString'.
2024-11-12 13:41:31,192 INFO  EvoClassLoader - Keeping class: com.fasterxml.jackson.core.SerializableString
2024-11-12 13:41:31,192 INFO  EvoClassLoader - Keeping class: com.fasterxml.jackson.core.io.SerializedString
2024-11-12 13:41:31,192 INFO  EvoClassLoader - Seeing class for first time: com.fasterxml.jackson.core.util.DefaultPrettyPrinter
2024-11-12 13:41:31,192 INFO  EvoClassLoader - Instrumenting class 'com.fasterxml.jackson.core.util.DefaultPrettyPrinter'.
2024-11-12 13:41:31,193 INFO  MethodCallReplacementClassAdapter - Adding mock interface to class com/fasterxml/jackson/core/util/DefaultPrettyPrinter
2024-11-12 13:41:31,193 INFO  CreateClassResetClassAdapter - Found static initializer in class com/fasterxml/jackson/core/util/DefaultPrettyPrinter
2024-11-12 13:41:31,194 INFO  EvoClassLoader - Seeing class for first time: com.fasterxml.jackson.core.util.Instantiatable
2024-11-12 13:41:31,194 INFO  EvoClassLoader - Instrumenting class 'com.fasterxml.jackson.core.util.Instantiatable'.
2024-11-12 13:41:31,194 INFO  EvoClassLoader - Keeping class: com.fasterxml.jackson.core.util.Instantiatable
2024-11-12 13:41:31,194 INFO  EvoClassLoader - Keeping class: com.fasterxml.jackson.core.util.DefaultPrettyPrinter
2024-11-12 13:41:31,194 INFO  EvoClassLoader - Seeing class for first time: com.fasterxml.jackson.core.util.DefaultPrettyPrinter$Indenter
2024-11-12 13:41:31,194 INFO  EvoClassLoader - Instrumenting class 'com.fasterxml.jackson.core.util.DefaultPrettyPrinter$Indenter'.
2024-11-12 13:41:31,194 INFO  EvoClassLoader - Keeping class: com.fasterxml.jackson.core.util.DefaultPrettyPrinter$Indenter
2024-11-12 13:41:31,194 INFO  EvoClassLoader - Seeing class for first time: com.fasterxml.jackson.core.util.Separators
2024-11-12 13:41:31,194 INFO  EvoClassLoader - Instrumenting class 'com.fasterxml.jackson.core.util.Separators'.
2024-11-12 13:41:31,194 INFO  MethodCallReplacementClassAdapter - Adding mock interface to class com/fasterxml/jackson/core/util/Separators
2024-11-12 13:41:31,194 INFO  CreateClassResetClassAdapter - Creating brand-new static initializer in class com/fasterxml/jackson/core/util/Separators
2024-11-12 13:41:31,194 INFO  EvoClassLoader - Keeping class: com.fasterxml.jackson.core.util.Separators
2024-11-12 13:41:31,195 INFO  EvoClassLoader - Seeing class for first time: com.fasterxml.jackson.core.TSFBuilder
2024-11-12 13:41:31,195 INFO  EvoClassLoader - Instrumenting class 'com.fasterxml.jackson.core.TSFBuilder'.
2024-11-12 13:41:31,195 INFO  MethodCallReplacementClassAdapter - Adding mock interface to class com/fasterxml/jackson/core/TSFBuilder
2024-11-12 13:41:31,195 INFO  CreateClassResetClassAdapter - Found static initializer in class com/fasterxml/jackson/core/TSFBuilder
2024-11-12 13:41:31,196 INFO  EvoClassLoader - Keeping class: com.fasterxml.jackson.core.TSFBuilder
2024-11-12 13:41:31,196 INFO  EvoClassLoader - Seeing class for first time: com.fasterxml.jackson.core.JsonFactoryBuilder
2024-11-12 13:41:31,196 INFO  EvoClassLoader - Instrumenting class 'com.fasterxml.jackson.core.JsonFactoryBuilder'.
2024-11-12 13:41:31,196 INFO  MethodCallReplacementClassAdapter - Adding mock interface to class com/fasterxml/jackson/core/JsonFactoryBuilder
2024-11-12 13:41:31,196 INFO  CreateClassResetClassAdapter - Creating brand-new static initializer in class com/fasterxml/jackson/core/JsonFactoryBuilder
2024-11-12 13:41:31,196 INFO  EvoClassLoader - Keeping class: com.fasterxml.jackson.core.JsonFactoryBuilder
2024-11-12 13:41:31,197 INFO  EvoClassLoader - Seeing class for first time: com.fasterxml.jackson.core.json.ReaderBasedJsonParser
2024-11-12 13:41:31,197 INFO  EvoClassLoader - Instrumenting class 'com.fasterxml.jackson.core.json.ReaderBasedJsonParser'.
2024-11-12 13:41:31,197 INFO  MethodCallReplacementClassAdapter - Adding mock interface to class com/fasterxml/jackson/core/json/ReaderBasedJsonParser
2024-11-12 13:41:31,199 INFO  CreateClassResetClassAdapter - Found static initializer in class com/fasterxml/jackson/core/json/ReaderBasedJsonParser
2024-11-12 13:41:31,199 INFO  EvoClassLoader - Defined package (3): package com.fasterxml.jackson.core.json, 596329359
2024-11-12 13:41:31,200 INFO  EvoClassLoader - Seeing class for first time: com.fasterxml.jackson.core.base.ParserBase
2024-11-12 13:41:31,200 INFO  EvoClassLoader - Instrumenting class 'com.fasterxml.jackson.core.base.ParserBase'.
2024-11-12 13:41:31,200 INFO  MethodCallReplacementClassAdapter - Adding mock interface to class com/fasterxml/jackson/core/base/ParserBase
2024-11-12 13:41:31,202 INFO  CreateClassResetClassAdapter - Found static initializer in class com/fasterxml/jackson/core/base/ParserBase
2024-11-12 13:41:31,203 INFO  EvoClassLoader - Keeping class: com.fasterxml.jackson.core.base.ParserBase
2024-11-12 13:41:31,203 INFO  EvoClassLoader - Keeping class: com.fasterxml.jackson.core.json.ReaderBasedJsonParser
2024-11-12 13:41:31,203 INFO  EvoClassLoader - Seeing class for first time: com.fasterxml.jackson.core.json.UTF8DataInputJsonParser
2024-11-12 13:41:31,203 INFO  EvoClassLoader - Instrumenting class 'com.fasterxml.jackson.core.json.UTF8DataInputJsonParser'.
2024-11-12 13:41:31,204 INFO  MethodCallReplacementClassAdapter - Adding mock interface to class com/fasterxml/jackson/core/json/UTF8DataInputJsonParser
2024-11-12 13:41:31,207 INFO  CreateClassResetClassAdapter - Found static initializer in class com/fasterxml/jackson/core/json/UTF8DataInputJsonParser
2024-11-12 13:41:31,209 INFO  EvoClassLoader - Keeping class: com.fasterxml.jackson.core.json.UTF8DataInputJsonParser
2024-11-12 13:41:31,209 INFO  EvoClassLoader - Seeing class for first time: com.fasterxml.jackson.core.json.async.NonBlockingJsonParser
2024-11-12 13:41:31,209 INFO  EvoClassLoader - Instrumenting class 'com.fasterxml.jackson.core.json.async.NonBlockingJsonParser'.
2024-11-12 13:41:31,210 INFO  MethodCallReplacementClassAdapter - Adding mock interface to class com/fasterxml/jackson/core/json/async/NonBlockingJsonParser
2024-11-12 13:41:31,211 INFO  CreateClassResetClassAdapter - Found static initializer in class com/fasterxml/jackson/core/json/async/NonBlockingJsonParser
2024-11-12 13:41:31,211 INFO  EvoClassLoader - Defined package (3): package com.fasterxml.jackson.core.json.async, 829688669
2024-11-12 13:41:31,211 INFO  EvoClassLoader - Seeing class for first time: com.fasterxml.jackson.core.async.ByteArrayFeeder
2024-11-12 13:41:31,211 INFO  EvoClassLoader - Instrumenting class 'com.fasterxml.jackson.core.async.ByteArrayFeeder'.
2024-11-12 13:41:31,212 INFO  EvoClassLoader - Defined package (3): package com.fasterxml.jackson.core.async, 1298038965
2024-11-12 13:41:31,212 INFO  EvoClassLoader - Seeing class for first time: com.fasterxml.jackson.core.async.NonBlockingInputFeeder
2024-11-12 13:41:31,212 INFO  EvoClassLoader - Instrumenting class 'com.fasterxml.jackson.core.async.NonBlockingInputFeeder'.
2024-11-12 13:41:31,212 INFO  EvoClassLoader - Keeping class: com.fasterxml.jackson.core.async.NonBlockingInputFeeder
2024-11-12 13:41:31,212 INFO  EvoClassLoader - Keeping class: com.fasterxml.jackson.core.async.ByteArrayFeeder
2024-11-12 13:41:31,212 INFO  EvoClassLoader - Seeing class for first time: com.fasterxml.jackson.core.json.async.NonBlockingJsonParserBase
2024-11-12 13:41:31,212 INFO  EvoClassLoader - Instrumenting class 'com.fasterxml.jackson.core.json.async.NonBlockingJsonParserBase'.
2024-11-12 13:41:31,213 INFO  MethodCallReplacementClassAdapter - Adding mock interface to class com/fasterxml/jackson/core/json/async/NonBlockingJsonParserBase
2024-11-12 13:41:31,213 INFO  CreateClassResetClassAdapter - Found static initializer in class com/fasterxml/jackson/core/json/async/NonBlockingJsonParserBase
2024-11-12 13:41:31,214 INFO  EvoClassLoader - Keeping class: com.fasterxml.jackson.core.json.async.NonBlockingJsonParserBase
2024-11-12 13:41:31,214 INFO  EvoClassLoader - Keeping class: com.fasterxml.jackson.core.json.async.NonBlockingJsonParser
2024-11-12 13:41:31,214 INFO  EvoClassLoader - Seeing class for first time: com.fasterxml.jackson.core.json.UTF8JsonGenerator
2024-11-12 13:41:31,214 INFO  EvoClassLoader - Instrumenting class 'com.fasterxml.jackson.core.json.UTF8JsonGenerator'.
2024-11-12 13:41:31,214 INFO  MethodCallReplacementClassAdapter - Adding mock interface to class com/fasterxml/jackson/core/json/UTF8JsonGenerator
2024-11-12 13:41:31,215 INFO  CreateClassResetClassAdapter - Found static initializer in class com/fasterxml/jackson/core/json/UTF8JsonGenerator
2024-11-12 13:41:31,216 INFO  EvoClassLoader - Seeing class for first time: com.fasterxml.jackson.core.json.JsonGeneratorImpl
2024-11-12 13:41:31,216 INFO  EvoClassLoader - Instrumenting class 'com.fasterxml.jackson.core.json.JsonGeneratorImpl'.
2024-11-12 13:41:31,216 INFO  MethodCallReplacementClassAdapter - Adding mock interface to class com/fasterxml/jackson/core/json/JsonGeneratorImpl
2024-11-12 13:41:31,217 INFO  CreateClassResetClassAdapter - Found static initializer in class com/fasterxml/jackson/core/json/JsonGeneratorImpl
2024-11-12 13:41:31,217 INFO  EvoClassLoader - Seeing class for first time: com.fasterxml.jackson.core.base.GeneratorBase
2024-11-12 13:41:31,217 INFO  EvoClassLoader - Instrumenting class 'com.fasterxml.jackson.core.base.GeneratorBase'.
2024-11-12 13:41:31,217 INFO  MethodCallReplacementClassAdapter - Adding mock interface to class com/fasterxml/jackson/core/base/GeneratorBase
2024-11-12 13:41:31,218 INFO  CreateClassResetClassAdapter - Found static initializer in class com/fasterxml/jackson/core/base/GeneratorBase
2024-11-12 13:41:31,218 INFO  EvoClassLoader - Keeping class: com.fasterxml.jackson.core.base.GeneratorBase
2024-11-12 13:41:31,218 INFO  EvoClassLoader - Keeping class: com.fasterxml.jackson.core.json.JsonGeneratorImpl
2024-11-12 13:41:31,218 INFO  EvoClassLoader - Keeping class: com.fasterxml.jackson.core.json.UTF8JsonGenerator
2024-11-12 13:41:31,218 INFO  EvoClassLoader - Seeing class for first time: com.fasterxml.jackson.core.io.UTF8Writer
2024-11-12 13:41:31,218 INFO  EvoClassLoader - Instrumenting class 'com.fasterxml.jackson.core.io.UTF8Writer'.
2024-11-12 13:41:31,218 INFO  MethodCallReplacementClassAdapter - Adding mock interface to class com/fasterxml/jackson/core/io/UTF8Writer
2024-11-12 13:41:31,219 INFO  CreateClassResetClassAdapter - Creating brand-new static initializer in class com/fasterxml/jackson/core/io/UTF8Writer
2024-11-12 13:41:31,219 INFO  CreateClassResetClassAdapter - Adding bytecode for initializing field SURR1_FIRST
2024-11-12 13:41:31,219 INFO  CreateClassResetClassAdapter - Adding bytecode for initializing field SURR1_LAST
2024-11-12 13:41:31,219 INFO  CreateClassResetClassAdapter - Adding bytecode for initializing field SURR2_FIRST
2024-11-12 13:41:31,219 INFO  CreateClassResetClassAdapter - Adding bytecode for initializing field SURR2_LAST
2024-11-12 13:41:31,219 INFO  EvoClassLoader - Keeping class: com.fasterxml.jackson.core.io.UTF8Writer
2024-11-12 13:41:31,219 INFO  EvoClassLoader - Seeing class for first time: com.fasterxml.jackson.core.json.WriterBasedJsonGenerator
2024-11-12 13:41:31,219 INFO  EvoClassLoader - Instrumenting class 'com.fasterxml.jackson.core.json.WriterBasedJsonGenerator'.
2024-11-12 13:41:31,219 INFO  MethodCallReplacementClassAdapter - Adding mock interface to class com/fasterxml/jackson/core/json/WriterBasedJsonGenerator
2024-11-12 13:41:31,220 INFO  CreateClassResetClassAdapter - Found static initializer in class com/fasterxml/jackson/core/json/WriterBasedJsonGenerator
2024-11-12 13:41:31,221 INFO  EvoClassLoader - Keeping class: com.fasterxml.jackson.core.json.WriterBasedJsonGenerator
2024-11-12 13:41:31,221 INFO  EvoClassLoader - Seeing class for first time: com.fasterxml.jackson.core.format.InputAccessor
2024-11-12 13:41:31,221 INFO  EvoClassLoader - Instrumenting class 'com.fasterxml.jackson.core.format.InputAccessor'.
2024-11-12 13:41:31,221 INFO  EvoClassLoader - Defined package (3): package com.fasterxml.jackson.core.format, 1723744478
2024-11-12 13:41:31,221 INFO  EvoClassLoader - Keeping class: com.fasterxml.jackson.core.format.InputAccessor
2024-11-12 13:41:31,221 INFO  EvoClassLoader - Seeing class for first time: com.fasterxml.jackson.core.format.MatchStrength
2024-11-12 13:41:31,221 INFO  EvoClassLoader - Instrumenting class 'com.fasterxml.jackson.core.format.MatchStrength'.
2024-11-12 13:41:31,221 INFO  MethodCallReplacementClassAdapter - Adding mock interface to class com/fasterxml/jackson/core/format/MatchStrength
2024-11-12 13:41:31,221 INFO  CreateClassResetClassAdapter - Found static initializer in class com/fasterxml/jackson/core/format/MatchStrength
2024-11-12 13:41:31,221 INFO  EvoClassLoader - Keeping class: com.fasterxml.jackson.core.format.MatchStrength
2024-11-12 13:41:31,221 INFO  EvoClassLoader - Seeing class for first time: com.fasterxml.jackson.core.io.InputDecorator
2024-11-12 13:41:31,221 INFO  EvoClassLoader - Instrumenting class 'com.fasterxml.jackson.core.io.InputDecorator'.
2024-11-12 13:41:31,222 INFO  MethodCallReplacementClassAdapter - Adding mock interface to class com/fasterxml/jackson/core/io/InputDecorator
2024-11-12 13:41:31,222 INFO  CreateClassResetClassAdapter - Creating brand-new static initializer in class com/fasterxml/jackson/core/io/InputDecorator
2024-11-12 13:41:31,222 INFO  EvoClassLoader - Keeping class: com.fasterxml.jackson.core.io.InputDecorator
2024-11-12 13:41:31,222 INFO  EvoClassLoader - Seeing class for first time: com.fasterxml.jackson.core.io.OutputDecorator
2024-11-12 13:41:31,222 INFO  EvoClassLoader - Instrumenting class 'com.fasterxml.jackson.core.io.OutputDecorator'.
2024-11-12 13:41:31,222 INFO  MethodCallReplacementClassAdapter - Adding mock interface to class com/fasterxml/jackson/core/io/OutputDecorator
2024-11-12 13:41:31,222 INFO  CreateClassResetClassAdapter - Creating brand-new static initializer in class com/fasterxml/jackson/core/io/OutputDecorator
2024-11-12 13:41:31,222 INFO  EvoClassLoader - Keeping class: com.fasterxml.jackson.core.io.OutputDecorator
2024-11-12 13:41:31,222 INFO  EvoClassLoader - Seeing class for first time: com.fasterxml.jackson.core.io.IOContext
2024-11-12 13:41:31,222 INFO  EvoClassLoader - Instrumenting class 'com.fasterxml.jackson.core.io.IOContext'.
2024-11-12 13:41:31,222 INFO  MethodCallReplacementClassAdapter - Adding mock interface to class com/fasterxml/jackson/core/io/IOContext
2024-11-12 13:41:31,223 INFO  CreateClassResetClassAdapter - Creating brand-new static initializer in class com/fasterxml/jackson/core/io/IOContext
2024-11-12 13:41:31,223 INFO  EvoClassLoader - Keeping class: com.fasterxml.jackson.core.io.IOContext
2024-11-12 13:41:31,223 INFO  EvoClassLoader - Seeing class for first time: com.fasterxml.jackson.core.util.BufferRecycler
2024-11-12 13:41:31,223 INFO  EvoClassLoader - Instrumenting class 'com.fasterxml.jackson.core.util.BufferRecycler'.
2024-11-12 13:41:31,223 INFO  MethodCallReplacementClassAdapter - Adding mock interface to class com/fasterxml/jackson/core/util/BufferRecycler
2024-11-12 13:41:31,223 INFO  CreateClassResetClassAdapter - Found static initializer in class com/fasterxml/jackson/core/util/BufferRecycler
2024-11-12 13:41:31,223 INFO  EvoClassLoader - Keeping class: com.fasterxml.jackson.core.util.BufferRecycler
2024-11-12 13:41:31,224 INFO  EvoClassLoader - Seeing class for first time: com.fasterxml.jackson.core.sym.CharsToNameCanonicalizer
2024-11-12 13:41:31,224 INFO  EvoClassLoader - Instrumenting class 'com.fasterxml.jackson.core.sym.CharsToNameCanonicalizer'.
2024-11-12 13:41:31,224 INFO  MethodCallReplacementClassAdapter - Adding mock interface to class com/fasterxml/jackson/core/sym/CharsToNameCanonicalizer
2024-11-12 13:41:31,225 INFO  CreateClassResetClassAdapter - Creating brand-new static initializer in class com/fasterxml/jackson/core/sym/CharsToNameCanonicalizer
2024-11-12 13:41:31,225 INFO  CreateClassResetClassAdapter - Adding bytecode for initializing field HASH_MULT
2024-11-12 13:41:31,225 INFO  CreateClassResetClassAdapter - Adding bytecode for initializing field DEFAULT_T_SIZE
2024-11-12 13:41:31,225 INFO  CreateClassResetClassAdapter - Adding bytecode for initializing field MAX_T_SIZE
2024-11-12 13:41:31,225 INFO  CreateClassResetClassAdapter - Adding bytecode for initializing field MAX_ENTRIES_FOR_REUSE
2024-11-12 13:41:31,225 INFO  CreateClassResetClassAdapter - Adding bytecode for initializing field MAX_COLL_CHAIN_LENGTH
2024-11-12 13:41:31,226 INFO  EvoClassLoader - Defined package (3): package com.fasterxml.jackson.core.sym, -396396736
2024-11-12 13:41:31,226 INFO  EvoClassLoader - Keeping class: com.fasterxml.jackson.core.sym.CharsToNameCanonicalizer
2024-11-12 13:41:31,226 INFO  EvoClassLoader - Seeing class for first time: com.fasterxml.jackson.core.sym.CharsToNameCanonicalizer$TableInfo
2024-11-12 13:41:31,226 INFO  EvoClassLoader - Instrumenting class 'com.fasterxml.jackson.core.sym.CharsToNameCanonicalizer$TableInfo'.
2024-11-12 13:41:31,226 INFO  MethodCallReplacementClassAdapter - Adding mock interface to class com/fasterxml/jackson/core/sym/CharsToNameCanonicalizer$TableInfo
2024-11-12 13:41:31,226 INFO  CreateClassResetClassAdapter - Creating brand-new static initializer in class com/fasterxml/jackson/core/sym/CharsToNameCanonicalizer$TableInfo
2024-11-12 13:41:31,226 INFO  EvoClassLoader - Keeping class: com.fasterxml.jackson.core.sym.CharsToNameCanonicalizer$TableInfo
2024-11-12 13:41:31,226 INFO  EvoClassLoader - Seeing class for first time: com.fasterxml.jackson.core.sym.CharsToNameCanonicalizer$Bucket
2024-11-12 13:41:31,226 INFO  EvoClassLoader - Instrumenting class 'com.fasterxml.jackson.core.sym.CharsToNameCanonicalizer$Bucket'.
2024-11-12 13:41:31,227 INFO  MethodCallReplacementClassAdapter - Adding mock interface to class com/fasterxml/jackson/core/sym/CharsToNameCanonicalizer$Bucket
2024-11-12 13:41:31,227 INFO  CreateClassResetClassAdapter - Creating brand-new static initializer in class com/fasterxml/jackson/core/sym/CharsToNameCanonicalizer$Bucket
2024-11-12 13:41:31,227 INFO  EvoClassLoader - Keeping class: com.fasterxml.jackson.core.sym.CharsToNameCanonicalizer$Bucket
2024-11-12 13:41:31,227 INFO  EvoClassLoader - Seeing class for first time: com.fasterxml.jackson.core.sym.ByteQuadsCanonicalizer
2024-11-12 13:41:31,227 INFO  EvoClassLoader - Instrumenting class 'com.fasterxml.jackson.core.sym.ByteQuadsCanonicalizer'.
2024-11-12 13:41:31,227 INFO  MethodCallReplacementClassAdapter - Adding mock interface to class com/fasterxml/jackson/core/sym/ByteQuadsCanonicalizer
2024-11-12 13:41:31,229 INFO  CreateClassResetClassAdapter - Creating brand-new static initializer in class com/fasterxml/jackson/core/sym/ByteQuadsCanonicalizer
2024-11-12 13:41:31,229 INFO  CreateClassResetClassAdapter - Adding bytecode for initializing field DEFAULT_T_SIZE
2024-11-12 13:41:31,229 INFO  CreateClassResetClassAdapter - Adding bytecode for initializing field MAX_T_SIZE
2024-11-12 13:41:31,229 INFO  CreateClassResetClassAdapter - Adding bytecode for initializing field MIN_HASH_SIZE
2024-11-12 13:41:31,229 INFO  CreateClassResetClassAdapter - Adding bytecode for initializing field MAX_ENTRIES_FOR_REUSE
2024-11-12 13:41:31,229 INFO  CreateClassResetClassAdapter - Adding bytecode for initializing field MULT
2024-11-12 13:41:31,229 INFO  CreateClassResetClassAdapter - Adding bytecode for initializing field MULT2
2024-11-12 13:41:31,229 INFO  CreateClassResetClassAdapter - Adding bytecode for initializing field MULT3
2024-11-12 13:41:31,230 INFO  EvoClassLoader - Keeping class: com.fasterxml.jackson.core.sym.ByteQuadsCanonicalizer
2024-11-12 13:41:31,230 INFO  EvoClassLoader - Seeing class for first time: com.fasterxml.jackson.core.sym.ByteQuadsCanonicalizer$TableInfo
2024-11-12 13:41:31,230 INFO  EvoClassLoader - Instrumenting class 'com.fasterxml.jackson.core.sym.ByteQuadsCanonicalizer$TableInfo'.
2024-11-12 13:41:31,230 INFO  MethodCallReplacementClassAdapter - Adding mock interface to class com/fasterxml/jackson/core/sym/ByteQuadsCanonicalizer$TableInfo
2024-11-12 13:41:31,230 INFO  CreateClassResetClassAdapter - Creating brand-new static initializer in class com/fasterxml/jackson/core/sym/ByteQuadsCanonicalizer$TableInfo
2024-11-12 13:41:31,231 INFO  EvoClassLoader - Keeping class: com.fasterxml.jackson.core.sym.ByteQuadsCanonicalizer$TableInfo
2024-11-12 13:41:31,231 INFO  EvoClassLoader - Seeing class for first time: com.fasterxml.jackson.databind.util.RootNameLookup
2024-11-12 13:41:31,231 INFO  EvoClassLoader - Instrumenting class 'com.fasterxml.jackson.databind.util.RootNameLookup'.
2024-11-12 13:41:31,231 INFO  MethodCallReplacementClassAdapter - Adding mock interface to class com/fasterxml/jackson/databind/util/RootNameLookup
2024-11-12 13:41:31,231 INFO  CreateClassResetClassAdapter - Creating brand-new static initializer in class com/fasterxml/jackson/databind/util/RootNameLookup
2024-11-12 13:41:31,232 INFO  EvoClassLoader - Keeping class: com.fasterxml.jackson.databind.util.RootNameLookup
2024-11-12 13:41:31,232 INFO  EvoClassLoader - Seeing class for first time: com.fasterxml.jackson.databind.introspect.SimpleMixInResolver
2024-11-12 13:41:31,232 INFO  EvoClassLoader - Instrumenting class 'com.fasterxml.jackson.databind.introspect.SimpleMixInResolver'.
2024-11-12 13:41:31,232 INFO  MethodCallReplacementClassAdapter - Adding mock interface to class com/fasterxml/jackson/databind/introspect/SimpleMixInResolver
2024-11-12 13:41:31,232 INFO  CreateClassResetClassAdapter - Creating brand-new static initializer in class com/fasterxml/jackson/databind/introspect/SimpleMixInResolver
2024-11-12 13:41:31,233 INFO  EvoClassLoader - Keeping class: com.fasterxml.jackson.databind.introspect.SimpleMixInResolver
2024-11-12 13:41:31,233 INFO  EvoClassLoader - Seeing class for first time: com.fasterxml.jackson.databind.introspect.AnnotationCollector$NoAnnotations
2024-11-12 13:41:31,233 INFO  EvoClassLoader - Instrumenting class 'com.fasterxml.jackson.databind.introspect.AnnotationCollector$NoAnnotations'.
2024-11-12 13:41:31,233 INFO  MethodCallReplacementClassAdapter - Adding mock interface to class com/fasterxml/jackson/databind/introspect/AnnotationCollector$NoAnnotations
2024-11-12 13:41:31,233 INFO  CreateClassResetClassAdapter - Creating brand-new static initializer in class com/fasterxml/jackson/databind/introspect/AnnotationCollector$NoAnnotations
2024-11-12 13:41:31,233 INFO  EvoClassLoader - Seeing class for first time: com.fasterxml.jackson.databind.util.Annotations
2024-11-12 13:41:31,233 INFO  EvoClassLoader - Instrumenting class 'com.fasterxml.jackson.databind.util.Annotations'.
2024-11-12 13:41:31,233 INFO  EvoClassLoader - Keeping class: com.fasterxml.jackson.databind.util.Annotations
2024-11-12 13:41:31,233 INFO  EvoClassLoader - Keeping class: com.fasterxml.jackson.databind.introspect.AnnotationCollector$NoAnnotations
2024-11-12 13:41:31,233 INFO  EvoClassLoader - Seeing class for first time: com.fasterxml.jackson.databind.introspect.AnnotationCollector
2024-11-12 13:41:31,233 INFO  EvoClassLoader - Instrumenting class 'com.fasterxml.jackson.databind.introspect.AnnotationCollector'.
2024-11-12 13:41:31,234 INFO  MethodCallReplacementClassAdapter - Adding mock interface to class com/fasterxml/jackson/databind/introspect/AnnotationCollector
2024-11-12 13:41:31,234 INFO  CreateClassResetClassAdapter - Found static initializer in class com/fasterxml/jackson/databind/introspect/AnnotationCollector
2024-11-12 13:41:31,234 INFO  EvoClassLoader - Keeping class: com.fasterxml.jackson.databind.introspect.AnnotationCollector
2024-11-12 13:41:31,234 INFO  EvoClassLoader - Seeing class for first time: com.fasterxml.jackson.databind.introspect.AnnotationCollector$TwoAnnotations
2024-11-12 13:41:31,234 INFO  EvoClassLoader - Instrumenting class 'com.fasterxml.jackson.databind.introspect.AnnotationCollector$TwoAnnotations'.
2024-11-12 13:41:31,234 INFO  MethodCallReplacementClassAdapter - Adding mock interface to class com/fasterxml/jackson/databind/introspect/AnnotationCollector$TwoAnnotations
2024-11-12 13:41:31,234 INFO  CreateClassResetClassAdapter - Creating brand-new static initializer in class com/fasterxml/jackson/databind/introspect/AnnotationCollector$TwoAnnotations
2024-11-12 13:41:31,235 INFO  EvoClassLoader - Keeping class: com.fasterxml.jackson.databind.introspect.AnnotationCollector$TwoAnnotations
2024-11-12 13:41:31,235 INFO  EvoClassLoader - Seeing class for first time: com.fasterxml.jackson.databind.introspect.AnnotationCollector$OneAnnotation
2024-11-12 13:41:31,235 INFO  EvoClassLoader - Instrumenting class 'com.fasterxml.jackson.databind.introspect.AnnotationCollector$OneAnnotation'.
2024-11-12 13:41:31,235 INFO  MethodCallReplacementClassAdapter - Adding mock interface to class com/fasterxml/jackson/databind/introspect/AnnotationCollector$OneAnnotation
2024-11-12 13:41:31,235 INFO  CreateClassResetClassAdapter - Creating brand-new static initializer in class com/fasterxml/jackson/databind/introspect/AnnotationCollector$OneAnnotation
2024-11-12 13:41:31,235 INFO  EvoClassLoader - Keeping class: com.fasterxml.jackson.databind.introspect.AnnotationCollector$OneAnnotation
2024-11-12 13:41:31,235 INFO  EvoClassLoader - Seeing class for first time: com.fasterxml.jackson.databind.introspect.AnnotationCollector$EmptyCollector
2024-11-12 13:41:31,235 INFO  EvoClassLoader - Instrumenting class 'com.fasterxml.jackson.databind.introspect.AnnotationCollector$EmptyCollector'.
2024-11-12 13:41:31,235 INFO  MethodCallReplacementClassAdapter - Adding mock interface to class com/fasterxml/jackson/databind/introspect/AnnotationCollector$EmptyCollector
2024-11-12 13:41:31,235 INFO  CreateClassResetClassAdapter - Found static initializer in class com/fasterxml/jackson/databind/introspect/AnnotationCollector$EmptyCollector
2024-11-12 13:41:31,235 INFO  EvoClassLoader - Keeping class: com.fasterxml.jackson.databind.introspect.AnnotationCollector$EmptyCollector
2024-11-12 13:41:31,236 INFO  EvoClassLoader - Seeing class for first time: com.fasterxml.jackson.databind.introspect.AnnotationMap
2024-11-12 13:41:31,236 INFO  EvoClassLoader - Instrumenting class 'com.fasterxml.jackson.databind.introspect.AnnotationMap'.
2024-11-12 13:41:31,236 INFO  MethodCallReplacementClassAdapter - Adding mock interface to class com/fasterxml/jackson/databind/introspect/AnnotationMap
2024-11-12 13:41:31,236 INFO  CreateClassResetClassAdapter - Creating brand-new static initializer in class com/fasterxml/jackson/databind/introspect/AnnotationMap
2024-11-12 13:41:31,236 INFO  EvoClassLoader - Keeping class: com.fasterxml.jackson.databind.introspect.AnnotationMap
2024-11-12 13:41:31,236 INFO  EvoClassLoader - Seeing class for first time: com.fasterxml.jackson.databind.introspect.AnnotatedClassResolver
2024-11-12 13:41:31,236 INFO  EvoClassLoader - Instrumenting class 'com.fasterxml.jackson.databind.introspect.AnnotatedClassResolver'.
2024-11-12 13:41:31,236 INFO  MethodCallReplacementClassAdapter - Adding mock interface to class com/fasterxml/jackson/databind/introspect/AnnotatedClassResolver
2024-11-12 13:41:31,237 INFO  CreateClassResetClassAdapter - Found static initializer in class com/fasterxml/jackson/databind/introspect/AnnotatedClassResolver
2024-11-12 13:41:31,237 INFO  EvoClassLoader - Keeping class: com.fasterxml.jackson.databind.introspect.AnnotatedClassResolver
2024-11-12 13:41:31,237 INFO  EvoClassLoader - Seeing class for first time: com.fasterxml.jackson.databind.introspect.AnnotatedClass$Creators
2024-11-12 13:41:31,237 INFO  EvoClassLoader - Instrumenting class 'com.fasterxml.jackson.databind.introspect.AnnotatedClass$Creators'.
2024-11-12 13:41:31,238 INFO  MethodCallReplacementClassAdapter - Adding mock interface to class com/fasterxml/jackson/databind/introspect/AnnotatedClass$Creators
2024-11-12 13:41:31,238 INFO  CreateClassResetClassAdapter - Creating brand-new static initializer in class com/fasterxml/jackson/databind/introspect/AnnotatedClass$Creators
2024-11-12 13:41:31,238 INFO  EvoClassLoader - Keeping class: com.fasterxml.jackson.databind.introspect.AnnotatedClass$Creators
2024-11-12 13:41:31,238 INFO  EvoClassLoader - Seeing class for first time: com.fasterxml.jackson.databind.introspect.AnnotatedConstructor
2024-11-12 13:41:31,238 INFO  EvoClassLoader - Instrumenting class 'com.fasterxml.jackson.databind.introspect.AnnotatedConstructor'.
2024-11-12 13:41:31,238 INFO  MethodCallReplacementClassAdapter - Adding mock interface to class com/fasterxml/jackson/databind/introspect/AnnotatedConstructor
2024-11-12 13:41:31,239 INFO  CreateClassResetClassAdapter - Creating brand-new static initializer in class com/fasterxml/jackson/databind/introspect/AnnotatedConstructor
2024-11-12 13:41:31,240 INFO  EvoClassLoader - Keeping class: com.fasterxml.jackson.databind.introspect.AnnotatedConstructor
2024-11-12 13:41:31,240 INFO  EvoClassLoader - Seeing class for first time: com.fasterxml.jackson.databind.introspect.AnnotatedMethodMap
2024-11-12 13:41:31,240 INFO  EvoClassLoader - Instrumenting class 'com.fasterxml.jackson.databind.introspect.AnnotatedMethodMap'.
2024-11-12 13:41:31,240 INFO  MethodCallReplacementClassAdapter - Adding mock interface to class com/fasterxml/jackson/databind/introspect/AnnotatedMethodMap
2024-11-12 13:41:31,240 INFO  CreateClassResetClassAdapter - Creating brand-new static initializer in class com/fasterxml/jackson/databind/introspect/AnnotatedMethodMap
2024-11-12 13:41:31,240 INFO  EvoClassLoader - Keeping class: com.fasterxml.jackson.databind.introspect.AnnotatedMethodMap
2024-11-12 13:41:31,240 INFO  EvoClassLoader - Seeing class for first time: com.fasterxml.jackson.databind.util.Converter
2024-11-12 13:41:31,240 INFO  EvoClassLoader - Instrumenting class 'com.fasterxml.jackson.databind.util.Converter'.
2024-11-12 13:41:31,240 INFO  EvoClassLoader - Keeping class: com.fasterxml.jackson.databind.util.Converter
2024-11-12 13:41:31,240 INFO  EvoClassLoader - Seeing class for first time: com.fasterxml.jackson.databind.introspect.BasicBeanDescription
2024-11-12 13:41:31,240 INFO  EvoClassLoader - Instrumenting class 'com.fasterxml.jackson.databind.introspect.BasicBeanDescription'.
2024-11-12 13:41:31,241 INFO  MethodCallReplacementClassAdapter - Adding mock interface to class com/fasterxml/jackson/databind/introspect/BasicBeanDescription
2024-11-12 13:41:31,242 INFO  CreateClassResetClassAdapter - Found static initializer in class com/fasterxml/jackson/databind/introspect/BasicBeanDescription
2024-11-12 13:41:31,242 INFO  EvoClassLoader - Keeping class: com.fasterxml.jackson.databind.introspect.BasicBeanDescription
2024-11-12 13:41:31,243 INFO  EvoClassLoader - Seeing class for first time: com.fasterxml.jackson.databind.introspect.POJOPropertiesCollector
2024-11-12 13:41:31,243 INFO  EvoClassLoader - Instrumenting class 'com.fasterxml.jackson.databind.introspect.POJOPropertiesCollector'.
2024-11-12 13:41:31,243 INFO  MethodCallReplacementClassAdapter - Adding mock interface to class com/fasterxml/jackson/databind/introspect/POJOPropertiesCollector
2024-11-12 13:41:31,246 INFO  CreateClassResetClassAdapter - Creating brand-new static initializer in class com/fasterxml/jackson/databind/introspect/POJOPropertiesCollector
2024-11-12 13:41:31,246 INFO  EvoClassLoader - Keeping class: com.fasterxml.jackson.databind.introspect.POJOPropertiesCollector
2024-11-12 13:41:31,247 INFO  EvoClassLoader - Seeing class for first time: com.fasterxml.jackson.databind.cfg.ConfigOverrides
2024-11-12 13:41:31,247 INFO  EvoClassLoader - Instrumenting class 'com.fasterxml.jackson.databind.cfg.ConfigOverrides'.
2024-11-12 13:41:31,248 INFO  MethodCallReplacementClassAdapter - Adding mock interface to class com/fasterxml/jackson/databind/cfg/ConfigOverrides
2024-11-12 13:41:31,249 INFO  CreateClassResetClassAdapter - Creating brand-new static initializer in class com/fasterxml/jackson/databind/cfg/ConfigOverrides
2024-11-12 13:41:31,250 INFO  EvoClassLoader - Keeping class: com.fasterxml.jackson.databind.cfg.ConfigOverrides
2024-11-12 13:41:31,250 INFO  EvoClassLoader - Seeing class for first time: com.fasterxml.jackson.annotation.JsonInclude
2024-11-12 13:41:31,250 INFO  EvoClassLoader - Instrumenting class 'com.fasterxml.jackson.annotation.JsonInclude'.
2024-11-12 13:41:31,251 INFO  EvoClassLoader - Keeping class: com.fasterxml.jackson.annotation.JsonInclude
2024-11-12 13:41:31,252 INFO  EvoClassLoader - Seeing class for first time: com.fasterxml.jackson.annotation.Nulls
2024-11-12 13:41:31,252 INFO  EvoClassLoader - Instrumenting class 'com.fasterxml.jackson.annotation.Nulls'.
2024-11-12 13:41:31,253 INFO  MethodCallReplacementClassAdapter - Adding mock interface to class com/fasterxml/jackson/annotation/Nulls
2024-11-12 13:41:31,253 INFO  CreateClassResetClassAdapter - Found static initializer in class com/fasterxml/jackson/annotation/Nulls
2024-11-12 13:41:31,253 INFO  EvoClassLoader - Keeping class: com.fasterxml.jackson.annotation.Nulls
2024-11-12 13:41:31,253 INFO  EvoClassLoader - Seeing class for first time: com.fasterxml.jackson.annotation.JsonSetter
2024-11-12 13:41:31,253 INFO  EvoClassLoader - Instrumenting class 'com.fasterxml.jackson.annotation.JsonSetter'.
2024-11-12 13:41:31,253 INFO  EvoClassLoader - Keeping class: com.fasterxml.jackson.annotation.JsonSetter
2024-11-12 13:41:31,254 INFO  EvoClassLoader - Seeing class for first time: com.fasterxml.jackson.annotation.JsonAutoDetect
2024-11-12 13:41:31,254 INFO  EvoClassLoader - Instrumenting class 'com.fasterxml.jackson.annotation.JsonAutoDetect'.
2024-11-12 13:41:31,254 INFO  EvoClassLoader - Keeping class: com.fasterxml.jackson.annotation.JsonAutoDetect
2024-11-12 13:41:31,254 INFO  EvoClassLoader - Seeing class for first time: com.fasterxml.jackson.databind.introspect.VisibilityChecker$Std
2024-11-12 13:41:31,254 INFO  EvoClassLoader - Instrumenting class 'com.fasterxml.jackson.databind.introspect.VisibilityChecker$Std'.
2024-11-12 13:41:31,255 INFO  MethodCallReplacementClassAdapter - Adding mock interface to class com/fasterxml/jackson/databind/introspect/VisibilityChecker$Std
2024-11-12 13:41:31,255 INFO  CreateClassResetClassAdapter - Found static initializer in class com/fasterxml/jackson/databind/introspect/VisibilityChecker$Std
2024-11-12 13:41:31,255 INFO  EvoClassLoader - Keeping class: com.fasterxml.jackson.databind.introspect.VisibilityChecker$Std
2024-11-12 13:41:31,256 INFO  EvoClassLoader - Seeing class for first time: com.fasterxml.jackson.databind.cfg.CoercionConfigs
2024-11-12 13:41:31,256 INFO  EvoClassLoader - Instrumenting class 'com.fasterxml.jackson.databind.cfg.CoercionConfigs'.
2024-11-12 13:41:31,256 INFO  MethodCallReplacementClassAdapter - Adding mock interface to class com/fasterxml/jackson/databind/cfg/CoercionConfigs
2024-11-12 13:41:31,257 INFO  CreateClassResetClassAdapter - Found static initializer in class com/fasterxml/jackson/databind/cfg/CoercionConfigs
2024-11-12 13:41:31,257 INFO  EvoClassLoader - Keeping class: com.fasterxml.jackson.databind.cfg.CoercionConfigs
2024-11-12 13:41:31,257 INFO  EvoClassLoader - Seeing class for first time: com.fasterxml.jackson.databind.cfg.CoercionAction
2024-11-12 13:41:31,257 INFO  EvoClassLoader - Instrumenting class 'com.fasterxml.jackson.databind.cfg.CoercionAction'.
2024-11-12 13:41:31,258 INFO  MethodCallReplacementClassAdapter - Adding mock interface to class com/fasterxml/jackson/databind/cfg/CoercionAction
2024-11-12 13:41:31,258 INFO  CreateClassResetClassAdapter - Found static initializer in class com/fasterxml/jackson/databind/cfg/CoercionAction
2024-11-12 13:41:31,258 INFO  EvoClassLoader - Keeping class: com.fasterxml.jackson.databind.cfg.CoercionAction
2024-11-12 13:41:31,258 INFO  EvoClassLoader - Seeing class for first time: com.fasterxml.jackson.databind.cfg.CoercionInputShape
2024-11-12 13:41:31,258 INFO  EvoClassLoader - Instrumenting class 'com.fasterxml.jackson.databind.cfg.CoercionInputShape'.
2024-11-12 13:41:31,258 INFO  MethodCallReplacementClassAdapter - Adding mock interface to class com/fasterxml/jackson/databind/cfg/CoercionInputShape
2024-11-12 13:41:31,258 INFO  CreateClassResetClassAdapter - Found static initializer in class com/fasterxml/jackson/databind/cfg/CoercionInputShape
2024-11-12 13:41:31,258 INFO  EvoClassLoader - Keeping class: com.fasterxml.jackson.databind.cfg.CoercionInputShape
2024-11-12 13:41:31,259 INFO  EvoClassLoader - Seeing class for first time: com.fasterxml.jackson.annotation.JsonFormat$Shape
2024-11-12 13:41:31,259 INFO  EvoClassLoader - Instrumenting class 'com.fasterxml.jackson.annotation.JsonFormat$Shape'.
2024-11-12 13:41:31,259 INFO  MethodCallReplacementClassAdapter - Adding mock interface to class com/fasterxml/jackson/annotation/JsonFormat$Shape
2024-11-12 13:41:31,259 INFO  CreateClassResetClassAdapter - Found static initializer in class com/fasterxml/jackson/annotation/JsonFormat$Shape
2024-11-12 13:41:31,259 INFO  EvoClassLoader - Keeping class: com.fasterxml.jackson.annotation.JsonFormat$Shape
2024-11-12 13:41:31,259 INFO  EvoClassLoader - Seeing class for first time: com.fasterxml.jackson.annotation.JsonFormat$Features
2024-11-12 13:41:31,259 INFO  EvoClassLoader - Instrumenting class 'com.fasterxml.jackson.annotation.JsonFormat$Features'.
2024-11-12 13:41:31,259 INFO  MethodCallReplacementClassAdapter - Adding mock interface to class com/fasterxml/jackson/annotation/JsonFormat$Features
2024-11-12 13:41:31,259 INFO  CreateClassResetClassAdapter - Found static initializer in class com/fasterxml/jackson/annotation/JsonFormat$Features
2024-11-12 13:41:31,259 INFO  EvoClassLoader - Keeping class: com.fasterxml.jackson.annotation.JsonFormat$Features
2024-11-12 13:41:31,259 INFO  EvoClassLoader - Seeing class for first time: com.fasterxml.jackson.annotation.JsonFormat$Feature
2024-11-12 13:41:31,259 INFO  EvoClassLoader - Instrumenting class 'com.fasterxml.jackson.annotation.JsonFormat$Feature'.
2024-11-12 13:41:31,260 INFO  MethodCallReplacementClassAdapter - Adding mock interface to class com/fasterxml/jackson/annotation/JsonFormat$Feature
2024-11-12 13:41:31,260 INFO  CreateClassResetClassAdapter - Found static initializer in class com/fasterxml/jackson/annotation/JsonFormat$Feature
2024-11-12 13:41:31,260 INFO  EvoClassLoader - Keeping class: com.fasterxml.jackson.annotation.JsonFormat$Feature
2024-11-12 13:41:31,260 INFO  EvoClassLoader - Seeing class for first time: com.fasterxml.jackson.databind.jsontype.DefaultBaseTypeLimitingValidator
2024-11-12 13:41:31,260 INFO  EvoClassLoader - Instrumenting class 'com.fasterxml.jackson.databind.jsontype.DefaultBaseTypeLimitingValidator'.
2024-11-12 13:41:31,261 INFO  MethodCallReplacementClassAdapter - Adding mock interface to class com/fasterxml/jackson/databind/jsontype/DefaultBaseTypeLimitingValidator
2024-11-12 13:41:31,261 INFO  CreateClassResetClassAdapter - Creating brand-new static initializer in class com/fasterxml/jackson/databind/jsontype/DefaultBaseTypeLimitingValidator
2024-11-12 13:41:31,261 INFO  EvoClassLoader - Keeping class: com.fasterxml.jackson.databind.jsontype.DefaultBaseTypeLimitingValidator
2024-11-12 13:41:31,261 INFO  EvoClassLoader - Seeing class for first time: com.fasterxml.jackson.databind.jsontype.TypeIdResolver
2024-11-12 13:41:31,261 INFO  EvoClassLoader - Instrumenting class 'com.fasterxml.jackson.databind.jsontype.TypeIdResolver'.
2024-11-12 13:41:31,261 INFO  EvoClassLoader - Keeping class: com.fasterxml.jackson.databind.jsontype.TypeIdResolver
2024-11-12 13:41:31,261 INFO  EvoClassLoader - Seeing class for first time: com.fasterxml.jackson.databind.cfg.ConfigOverride$Empty
2024-11-12 13:41:31,261 INFO  EvoClassLoader - Instrumenting class 'com.fasterxml.jackson.databind.cfg.ConfigOverride$Empty'.
2024-11-12 13:41:31,261 INFO  MethodCallReplacementClassAdapter - Adding mock interface to class com/fasterxml/jackson/databind/cfg/ConfigOverride$Empty
2024-11-12 13:41:31,261 INFO  CreateClassResetClassAdapter - Found static initializer in class com/fasterxml/jackson/databind/cfg/ConfigOverride$Empty
2024-11-12 13:41:31,261 INFO  EvoClassLoader - Keeping class: com.fasterxml.jackson.databind.cfg.ConfigOverride$Empty
2024-11-12 13:41:31,262 INFO  EvoClassLoader - Seeing class for first time: com.fasterxml.jackson.core.util.DefaultPrettyPrinter$NopIndenter
2024-11-12 13:41:31,262 INFO  EvoClassLoader - Instrumenting class 'com.fasterxml.jackson.core.util.DefaultPrettyPrinter$NopIndenter'.
2024-11-12 13:41:31,262 INFO  MethodCallReplacementClassAdapter - Adding mock interface to class com/fasterxml/jackson/core/util/DefaultPrettyPrinter$NopIndenter
2024-11-12 13:41:31,262 INFO  CreateClassResetClassAdapter - Found static initializer in class com/fasterxml/jackson/core/util/DefaultPrettyPrinter$NopIndenter
2024-11-12 13:41:31,262 INFO  EvoClassLoader - Keeping class: com.fasterxml.jackson.core.util.DefaultPrettyPrinter$NopIndenter
2024-11-12 13:41:31,262 INFO  EvoClassLoader - Seeing class for first time: com.fasterxml.jackson.core.util.DefaultPrettyPrinter$FixedSpaceIndenter
2024-11-12 13:41:31,262 INFO  EvoClassLoader - Instrumenting class 'com.fasterxml.jackson.core.util.DefaultPrettyPrinter$FixedSpaceIndenter'.
2024-11-12 13:41:31,262 INFO  MethodCallReplacementClassAdapter - Adding mock interface to class com/fasterxml/jackson/core/util/DefaultPrettyPrinter$FixedSpaceIndenter
2024-11-12 13:41:31,262 INFO  CreateClassResetClassAdapter - Found static initializer in class com/fasterxml/jackson/core/util/DefaultPrettyPrinter$FixedSpaceIndenter
2024-11-12 13:41:31,262 INFO  EvoClassLoader - Keeping class: com.fasterxml.jackson.core.util.DefaultPrettyPrinter$FixedSpaceIndenter
2024-11-12 13:41:31,263 INFO  EvoClassLoader - Seeing class for first time: com.fasterxml.jackson.core.util.DefaultIndenter
2024-11-12 13:41:31,263 INFO  EvoClassLoader - Instrumenting class 'com.fasterxml.jackson.core.util.DefaultIndenter'.
2024-11-12 13:41:31,263 INFO  MethodCallReplacementClassAdapter - Adding mock interface to class com/fasterxml/jackson/core/util/DefaultIndenter
2024-11-12 13:41:31,263 INFO  CreateClassResetClassAdapter - Found static initializer in class com/fasterxml/jackson/core/util/DefaultIndenter
2024-11-12 13:41:31,263 INFO  EvoClassLoader - Keeping class: com.fasterxml.jackson.core.util.DefaultIndenter
2024-11-12 13:41:31,264 INFO  EvoClassLoader - Seeing class for first time: com.fasterxml.jackson.core.FormatFeature
2024-11-12 13:41:31,264 INFO  EvoClassLoader - Instrumenting class 'com.fasterxml.jackson.core.FormatFeature'.
2024-11-12 13:41:31,264 INFO  EvoClassLoader - Keeping class: com.fasterxml.jackson.core.FormatFeature
2024-11-12 13:41:31,264 INFO  EvoClassLoader - Seeing class for first time: com.fasterxml.jackson.databind.cfg.ContextAttributes$Impl
2024-11-12 13:41:31,264 INFO  EvoClassLoader - Instrumenting class 'com.fasterxml.jackson.databind.cfg.ContextAttributes$Impl'.
2024-11-12 13:41:31,264 INFO  MethodCallReplacementClassAdapter - Adding mock interface to class com/fasterxml/jackson/databind/cfg/ContextAttributes$Impl
2024-11-12 13:41:31,264 INFO  CreateClassResetClassAdapter - Found static initializer in class com/fasterxml/jackson/databind/cfg/ContextAttributes$Impl
2024-11-12 13:41:31,264 INFO  EvoClassLoader - Keeping class: com.fasterxml.jackson.databind.cfg.ContextAttributes$Impl
2024-11-12 13:41:31,265 INFO  EvoClassLoader - Seeing class for first time: com.fasterxml.jackson.databind.jsontype.TypeDeserializer
2024-11-12 13:41:31,265 INFO  EvoClassLoader - Instrumenting class 'com.fasterxml.jackson.databind.jsontype.TypeDeserializer'.
2024-11-12 13:41:31,266 INFO  MethodCallReplacementClassAdapter - Adding mock interface to class com/fasterxml/jackson/databind/jsontype/TypeDeserializer
2024-11-12 13:41:31,266 INFO  CreateClassResetClassAdapter - Creating brand-new static initializer in class com/fasterxml/jackson/databind/jsontype/TypeDeserializer
2024-11-12 13:41:31,266 INFO  EvoClassLoader - Keeping class: com.fasterxml.jackson.databind.jsontype.TypeDeserializer
2024-11-12 13:41:31,266 INFO  EvoClassLoader - Seeing class for first time: com.fasterxml.jackson.databind.util.LinkedNode
2024-11-12 13:41:31,266 INFO  EvoClassLoader - Instrumenting class 'com.fasterxml.jackson.databind.util.LinkedNode'.
2024-11-12 13:41:31,266 INFO  MethodCallReplacementClassAdapter - Adding mock interface to class com/fasterxml/jackson/databind/util/LinkedNode
2024-11-12 13:41:31,267 INFO  CreateClassResetClassAdapter - Creating brand-new static initializer in class com/fasterxml/jackson/databind/util/LinkedNode
2024-11-12 13:41:31,267 INFO  EvoClassLoader - Keeping class: com.fasterxml.jackson.databind.util.LinkedNode
2024-11-12 13:41:31,267 INFO  EvoClassLoader - Seeing class for first time: com.fasterxml.jackson.databind.node.MissingNode
2024-11-12 13:41:31,267 INFO  EvoClassLoader - Instrumenting class 'com.fasterxml.jackson.databind.node.MissingNode'.
2024-11-12 13:41:31,267 INFO  MethodCallReplacementClassAdapter - Adding mock interface to class com/fasterxml/jackson/databind/node/MissingNode
2024-11-12 13:41:31,267 INFO  CreateClassResetClassAdapter - Found static initializer in class com/fasterxml/jackson/databind/node/MissingNode
2024-11-12 13:41:31,268 INFO  EvoClassLoader - Keeping class: com.fasterxml.jackson.databind.node.MissingNode
2024-11-12 13:41:31,268 INFO  EvoClassLoader - Seeing class for first time: com.fasterxml.jackson.databind.node.POJONode
2024-11-12 13:41:31,268 INFO  EvoClassLoader - Instrumenting class 'com.fasterxml.jackson.databind.node.POJONode'.
2024-11-12 13:41:31,268 INFO  MethodCallReplacementClassAdapter - Adding mock interface to class com/fasterxml/jackson/databind/node/POJONode
2024-11-12 13:41:31,268 INFO  CreateClassResetClassAdapter - Creating brand-new static initializer in class com/fasterxml/jackson/databind/node/POJONode
2024-11-12 13:41:31,268 INFO  EvoClassLoader - Keeping class: com.fasterxml.jackson.databind.node.POJONode
2024-11-12 13:41:31,268 INFO  EvoClassLoader - Seeing class for first time: com.fasterxml.jackson.databind.node.IntNode
2024-11-12 13:41:31,268 INFO  EvoClassLoader - Instrumenting class 'com.fasterxml.jackson.databind.node.IntNode'.
2024-11-12 13:41:31,268 INFO  MethodCallReplacementClassAdapter - Adding mock interface to class com/fasterxml/jackson/databind/node/IntNode
2024-11-12 13:41:31,268 INFO  CreateClassResetClassAdapter - Found static initializer in class com/fasterxml/jackson/databind/node/IntNode
2024-11-12 13:41:31,269 INFO  EvoClassLoader - Seeing class for first time: com.fasterxml.jackson.databind.node.NumericNode
2024-11-12 13:41:31,269 INFO  EvoClassLoader - Instrumenting class 'com.fasterxml.jackson.databind.node.NumericNode'.
2024-11-12 13:41:31,269 INFO  MethodCallReplacementClassAdapter - Adding mock interface to class com/fasterxml/jackson/databind/node/NumericNode
2024-11-12 13:41:31,269 INFO  CreateClassResetClassAdapter - Creating brand-new static initializer in class com/fasterxml/jackson/databind/node/NumericNode
2024-11-12 13:41:31,269 INFO  EvoClassLoader - Keeping class: com.fasterxml.jackson.databind.node.NumericNode
2024-11-12 13:41:31,269 INFO  EvoClassLoader - Keeping class: com.fasterxml.jackson.databind.node.IntNode
2024-11-12 13:41:31,269 INFO  EvoClassLoader - Seeing class for first time: com.fasterxml.jackson.databind.node.ShortNode
2024-11-12 13:41:31,269 INFO  EvoClassLoader - Instrumenting class 'com.fasterxml.jackson.databind.node.ShortNode'.
2024-11-12 13:41:31,269 INFO  MethodCallReplacementClassAdapter - Adding mock interface to class com/fasterxml/jackson/databind/node/ShortNode
2024-11-12 13:41:31,269 INFO  CreateClassResetClassAdapter - Creating brand-new static initializer in class com/fasterxml/jackson/databind/node/ShortNode
2024-11-12 13:41:31,269 INFO  EvoClassLoader - Keeping class: com.fasterxml.jackson.databind.node.ShortNode
2024-11-12 13:41:31,269 INFO  EvoClassLoader - Seeing class for first time: com.fasterxml.jackson.databind.node.LongNode
2024-11-12 13:41:31,269 INFO  EvoClassLoader - Instrumenting class 'com.fasterxml.jackson.databind.node.LongNode'.
2024-11-12 13:41:31,269 INFO  MethodCallReplacementClassAdapter - Adding mock interface to class com/fasterxml/jackson/databind/node/LongNode
2024-11-12 13:41:31,269 INFO  CreateClassResetClassAdapter - Creating brand-new static initializer in class com/fasterxml/jackson/databind/node/LongNode
2024-11-12 13:41:31,269 INFO  EvoClassLoader - Keeping class: com.fasterxml.jackson.databind.node.LongNode
2024-11-12 13:41:31,269 INFO  EvoClassLoader - Seeing class for first time: com.fasterxml.jackson.databind.node.BigIntegerNode
2024-11-12 13:41:31,269 INFO  EvoClassLoader - Instrumenting class 'com.fasterxml.jackson.databind.node.BigIntegerNode'.
2024-11-12 13:41:31,270 INFO  MethodCallReplacementClassAdapter - Adding mock interface to class com/fasterxml/jackson/databind/node/BigIntegerNode
2024-11-12 13:41:31,270 INFO  CreateClassResetClassAdapter - Found static initializer in class com/fasterxml/jackson/databind/node/BigIntegerNode
2024-11-12 13:41:31,270 INFO  EvoClassLoader - Keeping class: com.fasterxml.jackson.databind.node.BigIntegerNode
2024-11-12 13:41:31,270 INFO  EvoClassLoader - Seeing class for first time: com.fasterxml.jackson.databind.node.DecimalNode
2024-11-12 13:41:31,270 INFO  EvoClassLoader - Instrumenting class 'com.fasterxml.jackson.databind.node.DecimalNode'.
2024-11-12 13:41:31,270 INFO  MethodCallReplacementClassAdapter - Adding mock interface to class com/fasterxml/jackson/databind/node/DecimalNode
2024-11-12 13:41:31,270 INFO  CreateClassResetClassAdapter - Found static initializer in class com/fasterxml/jackson/databind/node/DecimalNode
2024-11-12 13:41:31,270 INFO  EvoClassLoader - Keeping class: com.fasterxml.jackson.databind.node.DecimalNode
2024-11-12 13:41:31,270 INFO  EvoClassLoader - Seeing class for first time: com.fasterxml.jackson.databind.node.FloatNode
2024-11-12 13:41:31,270 INFO  EvoClassLoader - Instrumenting class 'com.fasterxml.jackson.databind.node.FloatNode'.
2024-11-12 13:41:31,270 INFO  MethodCallReplacementClassAdapter - Adding mock interface to class com/fasterxml/jackson/databind/node/FloatNode
2024-11-12 13:41:31,271 INFO  CreateClassResetClassAdapter - Creating brand-new static initializer in class com/fasterxml/jackson/databind/node/FloatNode
2024-11-12 13:41:31,271 INFO  EvoClassLoader - Keeping class: com.fasterxml.jackson.databind.node.FloatNode
2024-11-12 13:41:31,271 INFO  EvoClassLoader - Seeing class for first time: com.fasterxml.jackson.databind.node.DoubleNode
2024-11-12 13:41:31,271 INFO  EvoClassLoader - Instrumenting class 'com.fasterxml.jackson.databind.node.DoubleNode'.
2024-11-12 13:41:31,271 INFO  MethodCallReplacementClassAdapter - Adding mock interface to class com/fasterxml/jackson/databind/node/DoubleNode
2024-11-12 13:41:31,271 INFO  CreateClassResetClassAdapter - Creating brand-new static initializer in class com/fasterxml/jackson/databind/node/DoubleNode
2024-11-12 13:41:31,271 INFO  EvoClassLoader - Keeping class: com.fasterxml.jackson.databind.node.DoubleNode
2024-11-12 13:41:31,271 INFO  EvoClassLoader - Seeing class for first time: com.fasterxml.jackson.databind.node.BinaryNode
2024-11-12 13:41:31,271 INFO  EvoClassLoader - Instrumenting class 'com.fasterxml.jackson.databind.node.BinaryNode'.
2024-11-12 13:41:31,271 INFO  MethodCallReplacementClassAdapter - Adding mock interface to class com/fasterxml/jackson/databind/node/BinaryNode
2024-11-12 13:41:31,271 INFO  CreateClassResetClassAdapter - Found static initializer in class com/fasterxml/jackson/databind/node/BinaryNode
2024-11-12 13:41:31,271 INFO  EvoClassLoader - Keeping class: com.fasterxml.jackson.databind.node.BinaryNode
2024-11-12 13:41:31,272 INFO  EvoClassLoader - Seeing class for first time: com.fasterxml.jackson.databind.node.TextNode
2024-11-12 13:41:31,272 INFO  EvoClassLoader - Instrumenting class 'com.fasterxml.jackson.databind.node.TextNode'.
2024-11-12 13:41:31,272 INFO  MethodCallReplacementClassAdapter - Adding mock interface to class com/fasterxml/jackson/databind/node/TextNode
2024-11-12 13:41:31,272 INFO  CreateClassResetClassAdapter - Found static initializer in class com/fasterxml/jackson/databind/node/TextNode
2024-11-12 13:41:31,272 INFO  EvoClassLoader - Keeping class: com.fasterxml.jackson.databind.node.TextNode
2024-11-12 13:41:31,272 INFO  EvoClassLoader - Seeing class for first time: com.fasterxml.jackson.databind.node.BooleanNode
2024-11-12 13:41:31,272 INFO  EvoClassLoader - Instrumenting class 'com.fasterxml.jackson.databind.node.BooleanNode'.
2024-11-12 13:41:31,272 INFO  MethodCallReplacementClassAdapter - Adding mock interface to class com/fasterxml/jackson/databind/node/BooleanNode
2024-11-12 13:41:31,272 INFO  CreateClassResetClassAdapter - Found static initializer in class com/fasterxml/jackson/databind/node/BooleanNode
2024-11-12 13:41:31,272 INFO  EvoClassLoader - Keeping class: com.fasterxml.jackson.databind.node.BooleanNode
2024-11-12 13:41:31,272 INFO  EvoClassLoader - Seeing class for first time: com.fasterxml.jackson.databind.util.RawValue
2024-11-12 13:41:31,272 INFO  EvoClassLoader - Instrumenting class 'com.fasterxml.jackson.databind.util.RawValue'.
2024-11-12 13:41:31,273 INFO  MethodCallReplacementClassAdapter - Adding mock interface to class com/fasterxml/jackson/databind/util/RawValue
2024-11-12 13:41:31,273 INFO  CreateClassResetClassAdapter - Creating brand-new static initializer in class com/fasterxml/jackson/databind/util/RawValue
2024-11-12 13:41:31,273 INFO  EvoClassLoader - Keeping class: com.fasterxml.jackson.databind.util.RawValue
2024-11-12 13:41:31,273 INFO  EvoClassLoader - Seeing class for first time: com.fasterxml.jackson.annotation.ObjectIdGenerator
2024-11-12 13:41:31,273 INFO  EvoClassLoader - Instrumenting class 'com.fasterxml.jackson.annotation.ObjectIdGenerator'.
2024-11-12 13:41:31,273 INFO  MethodCallReplacementClassAdapter - Adding mock interface to class com/fasterxml/jackson/annotation/ObjectIdGenerator
2024-11-12 13:41:31,273 INFO  CreateClassResetClassAdapter - Creating brand-new static initializer in class com/fasterxml/jackson/annotation/ObjectIdGenerator
2024-11-12 13:41:31,274 INFO  EvoClassLoader - Keeping class: com.fasterxml.jackson.annotation.ObjectIdGenerator
2024-11-12 13:41:31,274 INFO  EvoClassLoader - Seeing class for first time: com.fasterxml.jackson.annotation.ObjectIdResolver
2024-11-12 13:41:31,274 INFO  EvoClassLoader - Instrumenting class 'com.fasterxml.jackson.annotation.ObjectIdResolver'.
2024-11-12 13:41:31,274 INFO  EvoClassLoader - Keeping class: com.fasterxml.jackson.annotation.ObjectIdResolver
2024-11-12 13:41:31,274 INFO  EvoClassLoader - Seeing class for first time: com.fasterxml.jackson.databind.JsonSerializer
2024-11-12 13:41:31,274 INFO  EvoClassLoader - Instrumenting class 'com.fasterxml.jackson.databind.JsonSerializer'.
2024-11-12 13:41:31,274 INFO  MethodCallReplacementClassAdapter - Adding mock interface to class com/fasterxml/jackson/databind/JsonSerializer
2024-11-12 13:41:31,274 INFO  CreateClassResetClassAdapter - Creating brand-new static initializer in class com/fasterxml/jackson/databind/JsonSerializer
2024-11-12 13:41:31,274 INFO  EvoClassLoader - Seeing class for first time: com.fasterxml.jackson.databind.jsonFormatVisitors.JsonFormatVisitable
2024-11-12 13:41:31,274 INFO  EvoClassLoader - Instrumenting class 'com.fasterxml.jackson.databind.jsonFormatVisitors.JsonFormatVisitable'.
2024-11-12 13:41:31,274 INFO  EvoClassLoader - Keeping class: com.fasterxml.jackson.databind.jsonFormatVisitors.JsonFormatVisitable
2024-11-12 13:41:31,274 INFO  EvoClassLoader - Keeping class: com.fasterxml.jackson.databind.JsonSerializer
2024-11-12 13:41:31,275 INFO  EvoClassLoader - Seeing class for first time: com.fasterxml.jackson.databind.ser.std.StdSerializer
2024-11-12 13:41:31,275 INFO  EvoClassLoader - Instrumenting class 'com.fasterxml.jackson.databind.ser.std.StdSerializer'.
2024-11-12 13:41:31,275 INFO  MethodCallReplacementClassAdapter - Adding mock interface to class com/fasterxml/jackson/databind/ser/std/StdSerializer
2024-11-12 13:41:31,275 INFO  CreateClassResetClassAdapter - Found static initializer in class com/fasterxml/jackson/databind/ser/std/StdSerializer
2024-11-12 13:41:31,275 INFO  EvoClassLoader - Defined package (3): package com.fasterxml.jackson.databind.ser.std, 629529302
2024-11-12 13:41:31,276 INFO  EvoClassLoader - Seeing class for first time: com.fasterxml.jackson.databind.jsonschema.SchemaAware
2024-11-12 13:41:31,276 INFO  EvoClassLoader - Instrumenting class 'com.fasterxml.jackson.databind.jsonschema.SchemaAware'.
2024-11-12 13:41:31,276 INFO  EvoClassLoader - Keeping class: com.fasterxml.jackson.databind.jsonschema.SchemaAware
2024-11-12 13:41:31,276 INFO  EvoClassLoader - Keeping class: com.fasterxml.jackson.databind.ser.std.StdSerializer
2024-11-12 13:41:31,276 INFO  EvoClassLoader - Seeing class for first time: com.fasterxml.jackson.databind.ser.std.StdDelegatingSerializer
2024-11-12 13:41:31,276 INFO  EvoClassLoader - Instrumenting class 'com.fasterxml.jackson.databind.ser.std.StdDelegatingSerializer'.
2024-11-12 13:41:31,277 INFO  MethodCallReplacementClassAdapter - Adding mock interface to class com/fasterxml/jackson/databind/ser/std/StdDelegatingSerializer
2024-11-12 13:41:31,277 INFO  CreateClassResetClassAdapter - Creating brand-new static initializer in class com/fasterxml/jackson/databind/ser/std/StdDelegatingSerializer
2024-11-12 13:41:31,277 INFO  EvoClassLoader - Seeing class for first time: com.fasterxml.jackson.databind.ser.ContextualSerializer
2024-11-12 13:41:31,277 INFO  EvoClassLoader - Instrumenting class 'com.fasterxml.jackson.databind.ser.ContextualSerializer'.
2024-11-12 13:41:31,277 INFO  EvoClassLoader - Keeping class: com.fasterxml.jackson.databind.ser.ContextualSerializer
2024-11-12 13:41:31,277 INFO  EvoClassLoader - Seeing class for first time: com.fasterxml.jackson.databind.ser.ResolvableSerializer
2024-11-12 13:41:31,277 INFO  EvoClassLoader - Instrumenting class 'com.fasterxml.jackson.databind.ser.ResolvableSerializer'.
2024-11-12 13:41:31,278 INFO  EvoClassLoader - Keeping class: com.fasterxml.jackson.databind.ser.ResolvableSerializer
2024-11-12 13:41:31,278 INFO  EvoClassLoader - Keeping class: com.fasterxml.jackson.databind.ser.std.StdDelegatingSerializer
2024-11-12 13:41:31,278 INFO  EvoClassLoader - Seeing class for first time: com.fasterxml.jackson.databind.ser.PropertyFilter
2024-11-12 13:41:31,278 INFO  EvoClassLoader - Instrumenting class 'com.fasterxml.jackson.databind.ser.PropertyFilter'.
2024-11-12 13:41:31,279 INFO  EvoClassLoader - Keeping class: com.fasterxml.jackson.databind.ser.PropertyFilter
2024-11-12 13:41:31,279 INFO  EvoClassLoader - Seeing class for first time: com.fasterxml.jackson.core.JsonParser$NumberType
2024-11-12 13:41:31,279 INFO  EvoClassLoader - Instrumenting class 'com.fasterxml.jackson.core.JsonParser$NumberType'.
2024-11-12 13:41:31,279 INFO  MethodCallReplacementClassAdapter - Adding mock interface to class com/fasterxml/jackson/core/JsonParser$NumberType
2024-11-12 13:41:31,279 INFO  CreateClassResetClassAdapter - Found static initializer in class com/fasterxml/jackson/core/JsonParser$NumberType
2024-11-12 13:41:31,279 INFO  EvoClassLoader - Keeping class: com.fasterxml.jackson.core.JsonParser$NumberType
2024-11-12 13:41:31,279 INFO  EvoClassLoader - Seeing class for first time: com.fasterxml.jackson.databind.jsonFormatVisitors.JsonFormatTypes
2024-11-12 13:41:31,279 INFO  EvoClassLoader - Instrumenting class 'com.fasterxml.jackson.databind.jsonFormatVisitors.JsonFormatTypes'.
2024-11-12 13:41:31,279 INFO  MethodCallReplacementClassAdapter - Adding mock interface to class com/fasterxml/jackson/databind/jsonFormatVisitors/JsonFormatTypes
2024-11-12 13:41:31,280 INFO  CreateClassResetClassAdapter - Found static initializer in class com/fasterxml/jackson/databind/jsonFormatVisitors/JsonFormatTypes
2024-11-12 13:41:31,280 INFO  EvoClassLoader - Keeping class: com.fasterxml.jackson.databind.jsonFormatVisitors.JsonFormatTypes
2024-11-12 13:41:31,280 INFO  EvoClassLoader - Seeing class for first time: com.fasterxml.jackson.databind.jsonFormatVisitors.JsonValueFormat
2024-11-12 13:41:31,280 INFO  EvoClassLoader - Instrumenting class 'com.fasterxml.jackson.databind.jsonFormatVisitors.JsonValueFormat'.
2024-11-12 13:41:31,280 INFO  MethodCallReplacementClassAdapter - Adding mock interface to class com/fasterxml/jackson/databind/jsonFormatVisitors/JsonValueFormat
2024-11-12 13:41:31,280 INFO  CreateClassResetClassAdapter - Found static initializer in class com/fasterxml/jackson/databind/jsonFormatVisitors/JsonValueFormat
2024-11-12 13:41:31,280 INFO  EvoClassLoader - Keeping class: com.fasterxml.jackson.databind.jsonFormatVisitors.JsonValueFormat
2024-11-12 13:41:31,280 INFO  EvoClassLoader - Seeing class for first time: com.fasterxml.jackson.databind.ser.impl.FailingSerializer
2024-11-12 13:41:31,280 INFO  EvoClassLoader - Instrumenting class 'com.fasterxml.jackson.databind.ser.impl.FailingSerializer'.
2024-11-12 13:41:31,280 INFO  MethodCallReplacementClassAdapter - Adding mock interface to class com/fasterxml/jackson/databind/ser/impl/FailingSerializer
2024-11-12 13:41:31,280 INFO  CreateClassResetClassAdapter - Creating brand-new static initializer in class com/fasterxml/jackson/databind/ser/impl/FailingSerializer
2024-11-12 13:41:31,281 INFO  EvoClassLoader - Keeping class: com.fasterxml.jackson.databind.ser.impl.FailingSerializer
2024-11-12 13:41:31,281 INFO  EvoClassLoader - Seeing class for first time: com.fasterxml.jackson.databind.ser.impl.UnknownSerializer
2024-11-12 13:41:31,281 INFO  EvoClassLoader - Instrumenting class 'com.fasterxml.jackson.databind.ser.impl.UnknownSerializer'.
2024-11-12 13:41:31,281 INFO  MethodCallReplacementClassAdapter - Adding mock interface to class com/fasterxml/jackson/databind/ser/impl/UnknownSerializer
2024-11-12 13:41:31,281 INFO  CreateClassResetClassAdapter - Creating brand-new static initializer in class com/fasterxml/jackson/databind/ser/impl/UnknownSerializer
2024-11-12 13:41:31,281 INFO  EvoClassLoader - Keeping class: com.fasterxml.jackson.databind.ser.impl.UnknownSerializer
2024-11-12 13:41:31,281 INFO  EvoClassLoader - Seeing class for first time: com.fasterxml.jackson.databind.ser.std.NullSerializer
2024-11-12 13:41:31,281 INFO  EvoClassLoader - Instrumenting class 'com.fasterxml.jackson.databind.ser.std.NullSerializer'.
2024-11-12 13:41:31,281 INFO  MethodCallReplacementClassAdapter - Adding mock interface to class com/fasterxml/jackson/databind/ser/std/NullSerializer
2024-11-12 13:41:31,281 INFO  CreateClassResetClassAdapter - Found static initializer in class com/fasterxml/jackson/databind/ser/std/NullSerializer
2024-11-12 13:41:31,281 INFO  EvoClassLoader - Keeping class: com.fasterxml.jackson.databind.ser.std.NullSerializer
2024-11-12 13:41:31,282 INFO  EvoClassLoader - Seeing class for first time: com.fasterxml.jackson.databind.exc.InvalidDefinitionException
2024-11-12 13:41:31,282 INFO  EvoClassLoader - Instrumenting class 'com.fasterxml.jackson.databind.exc.InvalidDefinitionException'.
2024-11-12 13:41:31,282 INFO  MethodCallReplacementClassAdapter - Adding mock interface to class com/fasterxml/jackson/databind/exc/InvalidDefinitionException
2024-11-12 13:41:31,282 INFO  CreateClassResetClassAdapter - Creating brand-new static initializer in class com/fasterxml/jackson/databind/exc/InvalidDefinitionException
2024-11-12 13:41:31,282 INFO  EvoClassLoader - Keeping class: com.fasterxml.jackson.databind.exc.InvalidDefinitionException
2024-11-12 13:41:31,282 INFO  EvoClassLoader - Seeing class for first time: com.fasterxml.jackson.databind.exc.InvalidTypeIdException
2024-11-12 13:41:31,282 INFO  EvoClassLoader - Instrumenting class 'com.fasterxml.jackson.databind.exc.InvalidTypeIdException'.
2024-11-12 13:41:31,282 INFO  MethodCallReplacementClassAdapter - Adding mock interface to class com/fasterxml/jackson/databind/exc/InvalidTypeIdException
2024-11-12 13:41:31,283 INFO  CreateClassResetClassAdapter - Creating brand-new static initializer in class com/fasterxml/jackson/databind/exc/InvalidTypeIdException
2024-11-12 13:41:31,283 INFO  EvoClassLoader - Keeping class: com.fasterxml.jackson.databind.exc.InvalidTypeIdException
2024-11-12 13:41:31,283 INFO  EvoClassLoader - Seeing class for first time: com.fasterxml.jackson.databind.ser.impl.TypeWrappedSerializer
2024-11-12 13:41:31,283 INFO  EvoClassLoader - Instrumenting class 'com.fasterxml.jackson.databind.ser.impl.TypeWrappedSerializer'.
2024-11-12 13:41:31,283 INFO  MethodCallReplacementClassAdapter - Adding mock interface to class com/fasterxml/jackson/databind/ser/impl/TypeWrappedSerializer
2024-11-12 13:41:31,283 INFO  CreateClassResetClassAdapter - Creating brand-new static initializer in class com/fasterxml/jackson/databind/ser/impl/TypeWrappedSerializer
2024-11-12 13:41:31,283 INFO  EvoClassLoader - Keeping class: com.fasterxml.jackson.databind.ser.impl.TypeWrappedSerializer
2024-11-12 13:41:31,284 INFO  EvoClassLoader - Seeing class for first time: com.fasterxml.jackson.databind.ser.impl.WritableObjectId
2024-11-12 13:41:31,284 INFO  EvoClassLoader - Instrumenting class 'com.fasterxml.jackson.databind.ser.impl.WritableObjectId'.
2024-11-12 13:41:31,284 INFO  MethodCallReplacementClassAdapter - Adding mock interface to class com/fasterxml/jackson/databind/ser/impl/WritableObjectId
2024-11-12 13:41:31,284 INFO  CreateClassResetClassAdapter - Creating brand-new static initializer in class com/fasterxml/jackson/databind/ser/impl/WritableObjectId
2024-11-12 13:41:31,284 INFO  EvoClassLoader - Keeping class: com.fasterxml.jackson.databind.ser.impl.WritableObjectId
2024-11-12 13:41:31,285 INFO  EvoClassLoader - Seeing class for first time: com.fasterxml.jackson.databind.ser.SerializerCache
2024-11-12 13:41:31,285 INFO  EvoClassLoader - Instrumenting class 'com.fasterxml.jackson.databind.ser.SerializerCache'.
2024-11-12 13:41:31,285 INFO  MethodCallReplacementClassAdapter - Adding mock interface to class com/fasterxml/jackson/databind/ser/SerializerCache
2024-11-12 13:41:31,285 INFO  CreateClassResetClassAdapter - Creating brand-new static initializer in class com/fasterxml/jackson/databind/ser/SerializerCache
2024-11-12 13:41:31,285 INFO  EvoClassLoader - Keeping class: com.fasterxml.jackson.databind.ser.SerializerCache
2024-11-12 13:41:31,286 INFO  EvoClassLoader - Seeing class for first time: com.fasterxml.jackson.databind.ser.impl.ReadOnlyClassToSerializerMap
2024-11-12 13:41:31,286 INFO  EvoClassLoader - Instrumenting class 'com.fasterxml.jackson.databind.ser.impl.ReadOnlyClassToSerializerMap'.
2024-11-12 13:41:31,286 INFO  MethodCallReplacementClassAdapter - Adding mock interface to class com/fasterxml/jackson/databind/ser/impl/ReadOnlyClassToSerializerMap
2024-11-12 13:41:31,286 INFO  CreateClassResetClassAdapter - Creating brand-new static initializer in class com/fasterxml/jackson/databind/ser/impl/ReadOnlyClassToSerializerMap
2024-11-12 13:41:31,286 INFO  EvoClassLoader - Keeping class: com.fasterxml.jackson.databind.ser.impl.ReadOnlyClassToSerializerMap
2024-11-12 13:41:31,286 INFO  EvoClassLoader - Seeing class for first time: com.fasterxml.jackson.databind.exc.UnrecognizedPropertyException
2024-11-12 13:41:31,286 INFO  EvoClassLoader - Instrumenting class 'com.fasterxml.jackson.databind.exc.UnrecognizedPropertyException'.
2024-11-12 13:41:31,286 INFO  MethodCallReplacementClassAdapter - Adding mock interface to class com/fasterxml/jackson/databind/exc/UnrecognizedPropertyException
2024-11-12 13:41:31,286 INFO  CreateClassResetClassAdapter - Creating brand-new static initializer in class com/fasterxml/jackson/databind/exc/UnrecognizedPropertyException
2024-11-12 13:41:31,286 INFO  EvoClassLoader - Seeing class for first time: com.fasterxml.jackson.databind.exc.PropertyBindingException
2024-11-12 13:41:31,286 INFO  EvoClassLoader - Instrumenting class 'com.fasterxml.jackson.databind.exc.PropertyBindingException'.
2024-11-12 13:41:31,287 INFO  MethodCallReplacementClassAdapter - Adding mock interface to class com/fasterxml/jackson/databind/exc/PropertyBindingException
2024-11-12 13:41:31,287 INFO  CreateClassResetClassAdapter - Creating brand-new static initializer in class com/fasterxml/jackson/databind/exc/PropertyBindingException
2024-11-12 13:41:31,287 INFO  CreateClassResetClassAdapter - Adding bytecode for initializing field MAX_DESC_LENGTH
2024-11-12 13:41:31,287 INFO  EvoClassLoader - Keeping class: com.fasterxml.jackson.databind.exc.PropertyBindingException
2024-11-12 13:41:31,287 INFO  EvoClassLoader - Keeping class: com.fasterxml.jackson.databind.exc.UnrecognizedPropertyException
2024-11-12 13:41:31,287 INFO  EvoClassLoader - Seeing class for first time: com.fasterxml.jackson.databind.deser.impl.TypeWrappedDeserializer
2024-11-12 13:41:31,287 INFO  EvoClassLoader - Instrumenting class 'com.fasterxml.jackson.databind.deser.impl.TypeWrappedDeserializer'.
2024-11-12 13:41:31,287 INFO  MethodCallReplacementClassAdapter - Adding mock interface to class com/fasterxml/jackson/databind/deser/impl/TypeWrappedDeserializer
2024-11-12 13:41:31,288 INFO  CreateClassResetClassAdapter - Creating brand-new static initializer in class com/fasterxml/jackson/databind/deser/impl/TypeWrappedDeserializer
2024-11-12 13:41:31,288 INFO  EvoClassLoader - Defined package (3): package com.fasterxml.jackson.databind.deser.impl, 55843726
2024-11-12 13:41:31,288 INFO  EvoClassLoader - Keeping class: com.fasterxml.jackson.databind.deser.impl.TypeWrappedDeserializer
2024-11-12 13:41:31,288 INFO  EvoClassLoader - Seeing class for first time: com.fasterxml.jackson.databind.exc.InvalidFormatException
2024-11-12 13:41:31,288 INFO  EvoClassLoader - Instrumenting class 'com.fasterxml.jackson.databind.exc.InvalidFormatException'.
2024-11-12 13:41:31,288 INFO  MethodCallReplacementClassAdapter - Adding mock interface to class com/fasterxml/jackson/databind/exc/InvalidFormatException
2024-11-12 13:41:31,288 INFO  CreateClassResetClassAdapter - Creating brand-new static initializer in class com/fasterxml/jackson/databind/exc/InvalidFormatException
2024-11-12 13:41:31,288 INFO  EvoClassLoader - Keeping class: com.fasterxml.jackson.databind.exc.InvalidFormatException
2024-11-12 13:41:31,288 INFO  EvoClassLoader - Seeing class for first time: com.fasterxml.jackson.databind.exc.ValueInstantiationException
2024-11-12 13:41:31,288 INFO  EvoClassLoader - Instrumenting class 'com.fasterxml.jackson.databind.exc.ValueInstantiationException'.
2024-11-12 13:41:31,288 INFO  MethodCallReplacementClassAdapter - Adding mock interface to class com/fasterxml/jackson/databind/exc/ValueInstantiationException
2024-11-12 13:41:31,288 INFO  CreateClassResetClassAdapter - Creating brand-new static initializer in class com/fasterxml/jackson/databind/exc/ValueInstantiationException
2024-11-12 13:41:31,288 INFO  EvoClassLoader - Keeping class: com.fasterxml.jackson.databind.exc.ValueInstantiationException
2024-11-12 13:41:31,289 INFO  EvoClassLoader - Seeing class for first time: com.fasterxml.jackson.core.StreamReadCapability
2024-11-12 13:41:31,289 INFO  EvoClassLoader - Instrumenting class 'com.fasterxml.jackson.core.StreamReadCapability'.
2024-11-12 13:41:31,289 INFO  MethodCallReplacementClassAdapter - Adding mock interface to class com/fasterxml/jackson/core/StreamReadCapability
2024-11-12 13:41:31,289 INFO  CreateClassResetClassAdapter - Found static initializer in class com/fasterxml/jackson/core/StreamReadCapability
2024-11-12 13:41:31,289 INFO  EvoClassLoader - Keeping class: com.fasterxml.jackson.core.StreamReadCapability
2024-11-12 13:41:31,289 INFO  EvoClassLoader - Seeing class for first time: com.fasterxml.jackson.databind.KeyDeserializer
2024-11-12 13:41:31,289 INFO  EvoClassLoader - Instrumenting class 'com.fasterxml.jackson.databind.KeyDeserializer'.
2024-11-12 13:41:31,289 INFO  MethodCallReplacementClassAdapter - Adding mock interface to class com/fasterxml/jackson/databind/KeyDeserializer
2024-11-12 13:41:31,289 INFO  CreateClassResetClassAdapter - Creating brand-new static initializer in class com/fasterxml/jackson/databind/KeyDeserializer
2024-11-12 13:41:31,289 INFO  EvoClassLoader - Keeping class: com.fasterxml.jackson.databind.KeyDeserializer
2024-11-12 13:41:31,289 INFO  EvoClassLoader - Seeing class for first time: com.fasterxml.jackson.databind.deser.impl.ReadableObjectId
2024-11-12 13:41:31,289 INFO  EvoClassLoader - Instrumenting class 'com.fasterxml.jackson.databind.deser.impl.ReadableObjectId'.
2024-11-12 13:41:31,290 INFO  MethodCallReplacementClassAdapter - Adding mock interface to class com/fasterxml/jackson/databind/deser/impl/ReadableObjectId
2024-11-12 13:41:31,290 INFO  CreateClassResetClassAdapter - Creating brand-new static initializer in class com/fasterxml/jackson/databind/deser/impl/ReadableObjectId
2024-11-12 13:41:31,290 INFO  EvoClassLoader - Keeping class: com.fasterxml.jackson.databind.deser.impl.ReadableObjectId
2024-11-12 13:41:31,290 INFO  EvoClassLoader - Seeing class for first time: com.fasterxml.jackson.databind.deser.UnresolvedForwardReference
2024-11-12 13:41:31,290 INFO  EvoClassLoader - Instrumenting class 'com.fasterxml.jackson.databind.deser.UnresolvedForwardReference'.
2024-11-12 13:41:31,290 INFO  MethodCallReplacementClassAdapter - Adding mock interface to class com/fasterxml/jackson/databind/deser/UnresolvedForwardReference
2024-11-12 13:41:31,290 INFO  CreateClassResetClassAdapter - Creating brand-new static initializer in class com/fasterxml/jackson/databind/deser/UnresolvedForwardReference
2024-11-12 13:41:31,290 INFO  EvoClassLoader - Keeping class: com.fasterxml.jackson.databind.deser.UnresolvedForwardReference
2024-11-12 13:41:31,290 INFO  EvoClassLoader - Seeing class for first time: com.fasterxml.jackson.databind.util.ObjectBuffer
2024-11-12 13:41:31,290 INFO  EvoClassLoader - Instrumenting class 'com.fasterxml.jackson.databind.util.ObjectBuffer'.
2024-11-12 13:41:31,290 INFO  MethodCallReplacementClassAdapter - Adding mock interface to class com/fasterxml/jackson/databind/util/ObjectBuffer
2024-11-12 13:41:31,291 INFO  CreateClassResetClassAdapter - Creating brand-new static initializer in class com/fasterxml/jackson/databind/util/ObjectBuffer
2024-11-12 13:41:31,291 INFO  CreateClassResetClassAdapter - Adding bytecode for initializing field SMALL_CHUNK
2024-11-12 13:41:31,291 INFO  CreateClassResetClassAdapter - Adding bytecode for initializing field MAX_CHUNK
2024-11-12 13:41:31,291 INFO  EvoClassLoader - Keeping class: com.fasterxml.jackson.databind.util.ObjectBuffer
2024-11-12 13:41:31,291 INFO  EvoClassLoader - Seeing class for first time: com.fasterxml.jackson.databind.util.ArrayBuilders
2024-11-12 13:41:31,291 INFO  EvoClassLoader - Instrumenting class 'com.fasterxml.jackson.databind.util.ArrayBuilders'.
2024-11-12 13:41:31,292 INFO  MethodCallReplacementClassAdapter - Adding mock interface to class com/fasterxml/jackson/databind/util/ArrayBuilders
2024-11-12 13:41:31,292 INFO  CreateClassResetClassAdapter - Creating brand-new static initializer in class com/fasterxml/jackson/databind/util/ArrayBuilders
2024-11-12 13:41:31,292 INFO  EvoClassLoader - Keeping class: com.fasterxml.jackson.databind.util.ArrayBuilders
2024-11-12 13:41:31,292 INFO  EvoClassLoader - Seeing class for first time: com.fasterxml.jackson.databind.deser.ValueInstantiator
2024-11-12 13:41:31,292 INFO  EvoClassLoader - Instrumenting class 'com.fasterxml.jackson.databind.deser.ValueInstantiator'.
2024-11-12 13:41:31,292 INFO  MethodCallReplacementClassAdapter - Adding mock interface to class com/fasterxml/jackson/databind/deser/ValueInstantiator
2024-11-12 13:41:31,292 INFO  CreateClassResetClassAdapter - Creating brand-new static initializer in class com/fasterxml/jackson/databind/deser/ValueInstantiator
2024-11-12 13:41:31,292 INFO  EvoClassLoader - Keeping class: com.fasterxml.jackson.databind.deser.ValueInstantiator
2024-11-12 13:41:31,292 INFO  EvoClassLoader - Seeing class for first time: com.fasterxml.jackson.databind.deser.impl.ObjectIdReader
2024-11-12 13:41:31,292 INFO  EvoClassLoader - Instrumenting class 'com.fasterxml.jackson.databind.deser.impl.ObjectIdReader'.
2024-11-12 13:41:31,293 INFO  MethodCallReplacementClassAdapter - Adding mock interface to class com/fasterxml/jackson/databind/deser/impl/ObjectIdReader
2024-11-12 13:41:31,293 INFO  CreateClassResetClassAdapter - Creating brand-new static initializer in class com/fasterxml/jackson/databind/deser/impl/ObjectIdReader
2024-11-12 13:41:31,293 INFO  EvoClassLoader - Keeping class: com.fasterxml.jackson.databind.deser.impl.ObjectIdReader
2024-11-12 13:41:31,293 INFO  EvoClassLoader - Seeing class for first time: com.fasterxml.jackson.annotation.ObjectIdGenerator$IdKey
2024-11-12 13:41:31,293 INFO  EvoClassLoader - Instrumenting class 'com.fasterxml.jackson.annotation.ObjectIdGenerator$IdKey'.
2024-11-12 13:41:31,293 INFO  MethodCallReplacementClassAdapter - Adding mock interface to class com/fasterxml/jackson/annotation/ObjectIdGenerator$IdKey
2024-11-12 13:41:31,294 INFO  CreateClassResetClassAdapter - Creating brand-new static initializer in class com/fasterxml/jackson/annotation/ObjectIdGenerator$IdKey
2024-11-12 13:41:31,294 INFO  EvoClassLoader - Keeping class: com.fasterxml.jackson.annotation.ObjectIdGenerator$IdKey
2024-11-12 13:41:31,294 INFO  EvoClassLoader - Seeing class for first time: com.fasterxml.jackson.databind.deser.Deserializers
2024-11-12 13:41:31,294 INFO  EvoClassLoader - Instrumenting class 'com.fasterxml.jackson.databind.deser.Deserializers'.
2024-11-12 13:41:31,294 INFO  EvoClassLoader - Keeping class: com.fasterxml.jackson.databind.deser.Deserializers
2024-11-12 13:41:31,294 INFO  EvoClassLoader - Seeing class for first time: com.fasterxml.jackson.databind.deser.KeyDeserializers
2024-11-12 13:41:31,294 INFO  EvoClassLoader - Instrumenting class 'com.fasterxml.jackson.databind.deser.KeyDeserializers'.
2024-11-12 13:41:31,294 INFO  EvoClassLoader - Keeping class: com.fasterxml.jackson.databind.deser.KeyDeserializers
2024-11-12 13:41:31,294 INFO  EvoClassLoader - Seeing class for first time: com.fasterxml.jackson.databind.deser.BeanDeserializerModifier
2024-11-12 13:41:31,294 INFO  EvoClassLoader - Instrumenting class 'com.fasterxml.jackson.databind.deser.BeanDeserializerModifier'.
2024-11-12 13:41:31,294 INFO  MethodCallReplacementClassAdapter - Adding mock interface to class com/fasterxml/jackson/databind/deser/BeanDeserializerModifier
2024-11-12 13:41:31,294 INFO  CreateClassResetClassAdapter - Creating brand-new static initializer in class com/fasterxml/jackson/databind/deser/BeanDeserializerModifier
2024-11-12 13:41:31,295 INFO  EvoClassLoader - Keeping class: com.fasterxml.jackson.databind.deser.BeanDeserializerModifier
2024-11-12 13:41:31,295 INFO  EvoClassLoader - Seeing class for first time: com.fasterxml.jackson.databind.AbstractTypeResolver
2024-11-12 13:41:31,295 INFO  EvoClassLoader - Instrumenting class 'com.fasterxml.jackson.databind.AbstractTypeResolver'.
2024-11-12 13:41:31,295 INFO  MethodCallReplacementClassAdapter - Adding mock interface to class com/fasterxml/jackson/databind/AbstractTypeResolver
2024-11-12 13:41:31,295 INFO  CreateClassResetClassAdapter - Creating brand-new static initializer in class com/fasterxml/jackson/databind/AbstractTypeResolver
2024-11-12 13:41:31,295 INFO  EvoClassLoader - Keeping class: com.fasterxml.jackson.databind.AbstractTypeResolver
2024-11-12 13:41:31,295 INFO  EvoClassLoader - Seeing class for first time: com.fasterxml.jackson.databind.deser.ValueInstantiators
2024-11-12 13:41:31,295 INFO  EvoClassLoader - Instrumenting class 'com.fasterxml.jackson.databind.deser.ValueInstantiators'.
2024-11-12 13:41:31,295 INFO  EvoClassLoader - Keeping class: com.fasterxml.jackson.databind.deser.ValueInstantiators
2024-11-12 13:41:31,296 INFO  EvoClassLoader - Seeing class for first time: com.fasterxml.jackson.databind.deser.AbstractDeserializer
2024-11-12 13:41:31,296 INFO  EvoClassLoader - Instrumenting class 'com.fasterxml.jackson.databind.deser.AbstractDeserializer'.
2024-11-12 13:41:31,296 INFO  MethodCallReplacementClassAdapter - Adding mock interface to class com/fasterxml/jackson/databind/deser/AbstractDeserializer
2024-11-12 13:41:31,297 INFO  CreateClassResetClassAdapter - Creating brand-new static initializer in class com/fasterxml/jackson/databind/deser/AbstractDeserializer
2024-11-12 13:41:31,298 INFO  EvoClassLoader - Seeing class for first time: com.fasterxml.jackson.databind.deser.ContextualDeserializer
2024-11-12 13:41:31,298 INFO  EvoClassLoader - Instrumenting class 'com.fasterxml.jackson.databind.deser.ContextualDeserializer'.
2024-11-12 13:41:31,298 INFO  EvoClassLoader - Keeping class: com.fasterxml.jackson.databind.deser.ContextualDeserializer
2024-11-12 13:41:31,298 INFO  EvoClassLoader - Keeping class: com.fasterxml.jackson.databind.deser.AbstractDeserializer
2024-11-12 13:41:31,298 INFO  EvoClassLoader - Seeing class for first time: com.fasterxml.jackson.databind.deser.std.EnumDeserializer
2024-11-12 13:41:31,298 INFO  EvoClassLoader - Instrumenting class 'com.fasterxml.jackson.databind.deser.std.EnumDeserializer'.
2024-11-12 13:41:31,298 INFO  MethodCallReplacementClassAdapter - Adding mock interface to class com/fasterxml/jackson/databind/deser/std/EnumDeserializer
2024-11-12 13:41:31,299 INFO  CreateClassResetClassAdapter - Creating brand-new static initializer in class com/fasterxml/jackson/databind/deser/std/EnumDeserializer
2024-11-12 13:41:31,299 INFO  EvoClassLoader - Defined package (3): package com.fasterxml.jackson.databind.deser.std, -1106567435
2024-11-12 13:41:31,299 INFO  EvoClassLoader - Seeing class for first time: com.fasterxml.jackson.databind.deser.std.StdScalarDeserializer
2024-11-12 13:41:31,299 INFO  EvoClassLoader - Instrumenting class 'com.fasterxml.jackson.databind.deser.std.StdScalarDeserializer'.
2024-11-12 13:41:31,300 INFO  MethodCallReplacementClassAdapter - Adding mock interface to class com/fasterxml/jackson/databind/deser/std/StdScalarDeserializer
2024-11-12 13:41:31,300 INFO  CreateClassResetClassAdapter - Creating brand-new static initializer in class com/fasterxml/jackson/databind/deser/std/StdScalarDeserializer
2024-11-12 13:41:31,300 INFO  EvoClassLoader - Seeing class for first time: com.fasterxml.jackson.databind.deser.std.StdDeserializer
2024-11-12 13:41:31,300 INFO  EvoClassLoader - Instrumenting class 'com.fasterxml.jackson.databind.deser.std.StdDeserializer'.
2024-11-12 13:41:31,301 INFO  MethodCallReplacementClassAdapter - Adding mock interface to class com/fasterxml/jackson/databind/deser/std/StdDeserializer
2024-11-12 13:41:31,305 INFO  CreateClassResetClassAdapter - Found static initializer in class com/fasterxml/jackson/databind/deser/std/StdDeserializer
2024-11-12 13:41:31,305 INFO  EvoClassLoader - Seeing class for first time: com.fasterxml.jackson.databind.deser.ValueInstantiator$Gettable
2024-11-12 13:41:31,305 INFO  EvoClassLoader - Instrumenting class 'com.fasterxml.jackson.databind.deser.ValueInstantiator$Gettable'.
2024-11-12 13:41:31,306 INFO  EvoClassLoader - Keeping class: com.fasterxml.jackson.databind.deser.ValueInstantiator$Gettable
2024-11-12 13:41:31,306 INFO  EvoClassLoader - Keeping class: com.fasterxml.jackson.databind.deser.std.StdDeserializer
2024-11-12 13:41:31,306 INFO  EvoClassLoader - Keeping class: com.fasterxml.jackson.databind.deser.std.StdScalarDeserializer
2024-11-12 13:41:31,306 INFO  EvoClassLoader - Keeping class: com.fasterxml.jackson.databind.deser.std.EnumDeserializer
2024-11-12 13:41:31,306 INFO  EvoClassLoader - Seeing class for first time: com.fasterxml.jackson.databind.deser.std.AtomicReferenceDeserializer
2024-11-12 13:41:31,306 INFO  EvoClassLoader - Instrumenting class 'com.fasterxml.jackson.databind.deser.std.AtomicReferenceDeserializer'.
2024-11-12 13:41:31,306 INFO  MethodCallReplacementClassAdapter - Adding mock interface to class com/fasterxml/jackson/databind/deser/std/AtomicReferenceDeserializer
2024-11-12 13:41:31,306 INFO  CreateClassResetClassAdapter - Creating brand-new static initializer in class com/fasterxml/jackson/databind/deser/std/AtomicReferenceDeserializer
2024-11-12 13:41:31,306 INFO  EvoClassLoader - Seeing class for first time: com.fasterxml.jackson.databind.deser.std.ReferenceTypeDeserializer
2024-11-12 13:41:31,306 INFO  EvoClassLoader - Instrumenting class 'com.fasterxml.jackson.databind.deser.std.ReferenceTypeDeserializer'.
2024-11-12 13:41:31,307 INFO  MethodCallReplacementClassAdapter - Adding mock interface to class com/fasterxml/jackson/databind/deser/std/ReferenceTypeDeserializer
2024-11-12 13:41:31,307 INFO  CreateClassResetClassAdapter - Creating brand-new static initializer in class com/fasterxml/jackson/databind/deser/std/ReferenceTypeDeserializer
2024-11-12 13:41:31,307 INFO  EvoClassLoader - Keeping class: com.fasterxml.jackson.databind.deser.std.ReferenceTypeDeserializer
2024-11-12 13:41:31,307 INFO  EvoClassLoader - Keeping class: com.fasterxml.jackson.databind.deser.std.AtomicReferenceDeserializer
2024-11-12 13:41:31,307 INFO  EvoClassLoader - Seeing class for first time: com.fasterxml.jackson.databind.deser.std.StringArrayDeserializer
2024-11-12 13:41:31,307 INFO  EvoClassLoader - Instrumenting class 'com.fasterxml.jackson.databind.deser.std.StringArrayDeserializer'.
2024-11-12 13:41:31,308 INFO  MethodCallReplacementClassAdapter - Adding mock interface to class com/fasterxml/jackson/databind/deser/std/StringArrayDeserializer
2024-11-12 13:41:31,308 INFO  CreateClassResetClassAdapter - Found static initializer in class com/fasterxml/jackson/databind/deser/std/StringArrayDeserializer
2024-11-12 13:41:31,308 INFO  EvoClassLoader - Keeping class: com.fasterxml.jackson.databind.deser.std.StringArrayDeserializer
2024-11-12 13:41:31,308 INFO  EvoClassLoader - Seeing class for first time: com.fasterxml.jackson.databind.deser.std.ObjectArrayDeserializer
2024-11-12 13:41:31,308 INFO  EvoClassLoader - Instrumenting class 'com.fasterxml.jackson.databind.deser.std.ObjectArrayDeserializer'.
2024-11-12 13:41:31,309 INFO  MethodCallReplacementClassAdapter - Adding mock interface to class com/fasterxml/jackson/databind/deser/std/ObjectArrayDeserializer
2024-11-12 13:41:31,309 INFO  CreateClassResetClassAdapter - Creating brand-new static initializer in class com/fasterxml/jackson/databind/deser/std/ObjectArrayDeserializer
2024-11-12 13:41:31,310 INFO  EvoClassLoader - Seeing class for first time: com.fasterxml.jackson.databind.deser.std.ContainerDeserializerBase
2024-11-12 13:41:31,310 INFO  EvoClassLoader - Instrumenting class 'com.fasterxml.jackson.databind.deser.std.ContainerDeserializerBase'.
2024-11-12 13:41:31,310 INFO  MethodCallReplacementClassAdapter - Adding mock interface to class com/fasterxml/jackson/databind/deser/std/ContainerDeserializerBase
2024-11-12 13:41:31,311 INFO  CreateClassResetClassAdapter - Creating brand-new static initializer in class com/fasterxml/jackson/databind/deser/std/ContainerDeserializerBase
2024-11-12 13:41:31,311 INFO  EvoClassLoader - Keeping class: com.fasterxml.jackson.databind.deser.std.ContainerDeserializerBase
2024-11-12 13:41:31,311 INFO  EvoClassLoader - Keeping class: com.fasterxml.jackson.databind.deser.std.ObjectArrayDeserializer
2024-11-12 13:41:31,311 INFO  EvoClassLoader - Seeing class for first time: com.fasterxml.jackson.databind.deser.std.EnumSetDeserializer
2024-11-12 13:41:31,311 INFO  EvoClassLoader - Instrumenting class 'com.fasterxml.jackson.databind.deser.std.EnumSetDeserializer'.
2024-11-12 13:41:31,312 INFO  MethodCallReplacementClassAdapter - Adding mock interface to class com/fasterxml/jackson/databind/deser/std/EnumSetDeserializer
2024-11-12 13:41:31,312 INFO  CreateClassResetClassAdapter - Creating brand-new static initializer in class com/fasterxml/jackson/databind/deser/std/EnumSetDeserializer
2024-11-12 13:41:31,313 INFO  EvoClassLoader - Keeping class: com.fasterxml.jackson.databind.deser.std.EnumSetDeserializer
2024-11-12 13:41:31,313 INFO  EvoClassLoader - Seeing class for first time: com.fasterxml.jackson.databind.deser.std.ArrayBlockingQueueDeserializer
2024-11-12 13:41:31,313 INFO  EvoClassLoader - Instrumenting class 'com.fasterxml.jackson.databind.deser.std.ArrayBlockingQueueDeserializer'.
2024-11-12 13:41:31,313 INFO  MethodCallReplacementClassAdapter - Adding mock interface to class com/fasterxml/jackson/databind/deser/std/ArrayBlockingQueueDeserializer
2024-11-12 13:41:31,313 INFO  CreateClassResetClassAdapter - Creating brand-new static initializer in class com/fasterxml/jackson/databind/deser/std/ArrayBlockingQueueDeserializer
2024-11-12 13:41:31,314 INFO  EvoClassLoader - Seeing class for first time: com.fasterxml.jackson.databind.deser.std.CollectionDeserializer
2024-11-12 13:41:31,314 INFO  EvoClassLoader - Instrumenting class 'com.fasterxml.jackson.databind.deser.std.CollectionDeserializer'.
2024-11-12 13:41:31,314 INFO  MethodCallReplacementClassAdapter - Adding mock interface to class com/fasterxml/jackson/databind/deser/std/CollectionDeserializer
2024-11-12 13:41:31,315 INFO  CreateClassResetClassAdapter - Creating brand-new static initializer in class com/fasterxml/jackson/databind/deser/std/CollectionDeserializer
2024-11-12 13:41:31,315 INFO  EvoClassLoader - Keeping class: com.fasterxml.jackson.databind.deser.std.CollectionDeserializer
2024-11-12 13:41:31,315 INFO  EvoClassLoader - Keeping class: com.fasterxml.jackson.databind.deser.std.ArrayBlockingQueueDeserializer
2024-11-12 13:41:31,316 INFO  EvoClassLoader - Seeing class for first time: com.fasterxml.jackson.databind.deser.std.StringCollectionDeserializer
2024-11-12 13:41:31,316 INFO  EvoClassLoader - Instrumenting class 'com.fasterxml.jackson.databind.deser.std.StringCollectionDeserializer'.
2024-11-12 13:41:31,316 INFO  MethodCallReplacementClassAdapter - Adding mock interface to class com/fasterxml/jackson/databind/deser/std/StringCollectionDeserializer
2024-11-12 13:41:31,317 INFO  CreateClassResetClassAdapter - Creating brand-new static initializer in class com/fasterxml/jackson/databind/deser/std/StringCollectionDeserializer
2024-11-12 13:41:31,317 INFO  EvoClassLoader - Keeping class: com.fasterxml.jackson.databind.deser.std.StringCollectionDeserializer
2024-11-12 13:41:31,317 INFO  EvoClassLoader - Seeing class for first time: com.fasterxml.jackson.databind.deser.std.EnumMapDeserializer
2024-11-12 13:41:31,317 INFO  EvoClassLoader - Instrumenting class 'com.fasterxml.jackson.databind.deser.std.EnumMapDeserializer'.
2024-11-12 13:41:31,318 INFO  MethodCallReplacementClassAdapter - Adding mock interface to class com/fasterxml/jackson/databind/deser/std/EnumMapDeserializer
2024-11-12 13:41:31,319 INFO  CreateClassResetClassAdapter - Creating brand-new static initializer in class com/fasterxml/jackson/databind/deser/std/EnumMapDeserializer
2024-11-12 13:41:31,320 INFO  EvoClassLoader - Seeing class for first time: com.fasterxml.jackson.databind.deser.ResolvableDeserializer
2024-11-12 13:41:31,320 INFO  EvoClassLoader - Instrumenting class 'com.fasterxml.jackson.databind.deser.ResolvableDeserializer'.
2024-11-12 13:41:31,320 INFO  EvoClassLoader - Keeping class: com.fasterxml.jackson.databind.deser.ResolvableDeserializer
2024-11-12 13:41:31,320 INFO  EvoClassLoader - Keeping class: com.fasterxml.jackson.databind.deser.std.EnumMapDeserializer
2024-11-12 13:41:31,320 INFO  EvoClassLoader - Seeing class for first time: com.fasterxml.jackson.databind.deser.std.MapDeserializer
2024-11-12 13:41:31,320 INFO  EvoClassLoader - Instrumenting class 'com.fasterxml.jackson.databind.deser.std.MapDeserializer'.
2024-11-12 13:41:31,321 INFO  MethodCallReplacementClassAdapter - Adding mock interface to class com/fasterxml/jackson/databind/deser/std/MapDeserializer
2024-11-12 13:41:31,322 INFO  CreateClassResetClassAdapter - Creating brand-new static initializer in class com/fasterxml/jackson/databind/deser/std/MapDeserializer
2024-11-12 13:41:31,323 INFO  EvoClassLoader - Keeping class: com.fasterxml.jackson.databind.deser.std.MapDeserializer
2024-11-12 13:41:31,323 INFO  EvoClassLoader - Seeing class for first time: com.fasterxml.jackson.databind.deser.std.UntypedObjectDeserializer
2024-11-12 13:41:31,323 INFO  EvoClassLoader - Instrumenting class 'com.fasterxml.jackson.databind.deser.std.UntypedObjectDeserializer'.
2024-11-12 13:41:31,324 INFO  MethodCallReplacementClassAdapter - Adding mock interface to class com/fasterxml/jackson/databind/deser/std/UntypedObjectDeserializer
2024-11-12 13:41:31,324 INFO  CreateClassResetClassAdapter - Found static initializer in class com/fasterxml/jackson/databind/deser/std/UntypedObjectDeserializer
2024-11-12 13:41:31,325 INFO  EvoClassLoader - Keeping class: com.fasterxml.jackson.databind.deser.std.UntypedObjectDeserializer
2024-11-12 13:41:31,325 INFO  EvoClassLoader - Seeing class for first time: com.fasterxml.jackson.databind.deser.std.StringDeserializer
2024-11-12 13:41:31,325 INFO  EvoClassLoader - Instrumenting class 'com.fasterxml.jackson.databind.deser.std.StringDeserializer'.
2024-11-12 13:41:31,325 INFO  MethodCallReplacementClassAdapter - Adding mock interface to class com/fasterxml/jackson/databind/deser/std/StringDeserializer
2024-11-12 13:41:31,325 INFO  CreateClassResetClassAdapter - Found static initializer in class com/fasterxml/jackson/databind/deser/std/StringDeserializer
2024-11-12 13:41:31,325 INFO  EvoClassLoader - Keeping class: com.fasterxml.jackson.databind.deser.std.StringDeserializer
2024-11-12 13:41:31,325 INFO  EvoClassLoader - Seeing class for first time: com.fasterxml.jackson.databind.deser.std.MapEntryDeserializer
2024-11-12 13:41:31,325 INFO  EvoClassLoader - Instrumenting class 'com.fasterxml.jackson.databind.deser.std.MapEntryDeserializer'.
2024-11-12 13:41:31,325 INFO  MethodCallReplacementClassAdapter - Adding mock interface to class com/fasterxml/jackson/databind/deser/std/MapEntryDeserializer
2024-11-12 13:41:31,326 INFO  CreateClassResetClassAdapter - Creating brand-new static initializer in class com/fasterxml/jackson/databind/deser/std/MapEntryDeserializer
2024-11-12 13:41:31,326 INFO  EvoClassLoader - Keeping class: com.fasterxml.jackson.databind.deser.std.MapEntryDeserializer
2024-11-12 13:41:31,327 INFO  EvoClassLoader - Seeing class for first time: com.fasterxml.jackson.databind.deser.std.TokenBufferDeserializer
2024-11-12 13:41:31,327 INFO  EvoClassLoader - Instrumenting class 'com.fasterxml.jackson.databind.deser.std.TokenBufferDeserializer'.
2024-11-12 13:41:31,327 INFO  MethodCallReplacementClassAdapter - Adding mock interface to class com/fasterxml/jackson/databind/deser/std/TokenBufferDeserializer
2024-11-12 13:41:31,327 INFO  CreateClassResetClassAdapter - Creating brand-new static initializer in class com/fasterxml/jackson/databind/deser/std/TokenBufferDeserializer
2024-11-12 13:41:31,327 INFO  EvoClassLoader - Keeping class: com.fasterxml.jackson.databind.deser.std.TokenBufferDeserializer
2024-11-12 13:41:31,327 INFO  EvoClassLoader - Seeing class for first time: com.fasterxml.jackson.databind.deser.SettableBeanProperty
2024-11-12 13:41:31,327 INFO  EvoClassLoader - Instrumenting class 'com.fasterxml.jackson.databind.deser.SettableBeanProperty'.
2024-11-12 13:41:31,328 INFO  MethodCallReplacementClassAdapter - Adding mock interface to class com/fasterxml/jackson/databind/deser/SettableBeanProperty
2024-11-12 13:41:31,329 INFO  CreateClassResetClassAdapter - Found static initializer in class com/fasterxml/jackson/databind/deser/SettableBeanProperty
2024-11-12 13:41:31,330 INFO  EvoClassLoader - Keeping class: com.fasterxml.jackson.databind.deser.SettableBeanProperty
2024-11-12 13:41:31,330 INFO  EvoClassLoader - Seeing class for first time: com.fasterxml.jackson.databind.deser.CreatorProperty
2024-11-12 13:41:31,330 INFO  EvoClassLoader - Instrumenting class 'com.fasterxml.jackson.databind.deser.CreatorProperty'.
2024-11-12 13:41:31,330 INFO  MethodCallReplacementClassAdapter - Adding mock interface to class com/fasterxml/jackson/databind/deser/CreatorProperty
2024-11-12 13:41:31,331 INFO  CreateClassResetClassAdapter - Creating brand-new static initializer in class com/fasterxml/jackson/databind/deser/CreatorProperty
2024-11-12 13:41:31,331 INFO  EvoClassLoader - Keeping class: com.fasterxml.jackson.databind.deser.CreatorProperty
2024-11-12 13:41:31,332 INFO  EvoClassLoader - Seeing class for first time: com.fasterxml.jackson.databind.cfg.DeserializerFactoryConfig
2024-11-12 13:41:31,332 INFO  EvoClassLoader - Instrumenting class 'com.fasterxml.jackson.databind.cfg.DeserializerFactoryConfig'.
2024-11-12 13:41:31,333 INFO  MethodCallReplacementClassAdapter - Adding mock interface to class com/fasterxml/jackson/databind/cfg/DeserializerFactoryConfig
2024-11-12 13:41:31,334 INFO  CreateClassResetClassAdapter - Found static initializer in class com/fasterxml/jackson/databind/cfg/DeserializerFactoryConfig
2024-11-12 13:41:31,334 INFO  EvoClassLoader - Keeping class: com.fasterxml.jackson.databind.cfg.DeserializerFactoryConfig
2024-11-12 13:41:31,334 INFO  EvoClassLoader - Seeing class for first time: com.fasterxml.jackson.databind.deser.BasicDeserializerFactory$CreatorCollectionState
2024-11-12 13:41:31,334 INFO  EvoClassLoader - Instrumenting class 'com.fasterxml.jackson.databind.deser.BasicDeserializerFactory$CreatorCollectionState'.
2024-11-12 13:41:31,335 INFO  MethodCallReplacementClassAdapter - Adding mock interface to class com/fasterxml/jackson/databind/deser/BasicDeserializerFactory$CreatorCollectionState
2024-11-12 13:41:31,335 INFO  CreateClassResetClassAdapter - Creating brand-new static initializer in class com/fasterxml/jackson/databind/deser/BasicDeserializerFactory$CreatorCollectionState
2024-11-12 13:41:31,335 INFO  EvoClassLoader - Keeping class: com.fasterxml.jackson.databind.deser.BasicDeserializerFactory$CreatorCollectionState
2024-11-12 13:41:31,335 INFO  EvoClassLoader - Seeing class for first time: com.fasterxml.jackson.databind.deser.impl.CreatorCollector
2024-11-12 13:41:31,335 INFO  EvoClassLoader - Instrumenting class 'com.fasterxml.jackson.databind.deser.impl.CreatorCollector'.
2024-11-12 13:41:31,336 INFO  MethodCallReplacementClassAdapter - Adding mock interface to class com/fasterxml/jackson/databind/deser/impl/CreatorCollector
2024-11-12 13:41:31,337 INFO  CreateClassResetClassAdapter - Found static initializer in class com/fasterxml/jackson/databind/deser/impl/CreatorCollector
2024-11-12 13:41:31,337 INFO  EvoClassLoader - Keeping class: com.fasterxml.jackson.databind.deser.impl.CreatorCollector
2024-11-12 13:41:31,337 INFO  EvoClassLoader - Seeing class for first time: com.fasterxml.jackson.databind.deser.impl.CreatorCandidate
2024-11-12 13:41:31,337 INFO  EvoClassLoader - Instrumenting class 'com.fasterxml.jackson.databind.deser.impl.CreatorCandidate'.
2024-11-12 13:41:31,338 INFO  MethodCallReplacementClassAdapter - Adding mock interface to class com/fasterxml/jackson/databind/deser/impl/CreatorCandidate
2024-11-12 13:41:31,338 INFO  CreateClassResetClassAdapter - Creating brand-new static initializer in class com/fasterxml/jackson/databind/deser/impl/CreatorCandidate
2024-11-12 13:41:31,339 INFO  EvoClassLoader - Keeping class: com.fasterxml.jackson.databind.deser.impl.CreatorCandidate
2024-11-12 13:41:31,339 INFO  EvoClassLoader - Seeing class for first time: com.fasterxml.jackson.databind.PropertyMetadata
2024-11-12 13:41:31,339 INFO  EvoClassLoader - Instrumenting class 'com.fasterxml.jackson.databind.PropertyMetadata'.
2024-11-12 13:41:31,339 INFO  MethodCallReplacementClassAdapter - Adding mock interface to class com/fasterxml/jackson/databind/PropertyMetadata
2024-11-12 13:41:31,339 INFO  CreateClassResetClassAdapter - Found static initializer in class com/fasterxml/jackson/databind/PropertyMetadata
2024-11-12 13:41:31,340 INFO  EvoClassLoader - Keeping class: com.fasterxml.jackson.databind.PropertyMetadata
2024-11-12 13:41:31,340 INFO  EvoClassLoader - Seeing class for first time: com.fasterxml.jackson.databind.util.EnumResolver
2024-11-12 13:41:31,340 INFO  EvoClassLoader - Instrumenting class 'com.fasterxml.jackson.databind.util.EnumResolver'.
2024-11-12 13:41:31,340 INFO  MethodCallReplacementClassAdapter - Adding mock interface to class com/fasterxml/jackson/databind/util/EnumResolver
2024-11-12 13:41:31,341 INFO  CreateClassResetClassAdapter - Creating brand-new static initializer in class com/fasterxml/jackson/databind/util/EnumResolver
2024-11-12 13:41:31,342 INFO  EvoClassLoader - Keeping class: com.fasterxml.jackson.databind.util.EnumResolver
2024-11-12 13:41:31,342 INFO  EvoClassLoader - Seeing class for first time: com.fasterxml.jackson.databind.deser.std.StdKeyDeserializers
2024-11-12 13:41:31,342 INFO  EvoClassLoader - Instrumenting class 'com.fasterxml.jackson.databind.deser.std.StdKeyDeserializers'.
2024-11-12 13:41:31,342 INFO  MethodCallReplacementClassAdapter - Adding mock interface to class com/fasterxml/jackson/databind/deser/std/StdKeyDeserializers
2024-11-12 13:41:31,342 INFO  CreateClassResetClassAdapter - Creating brand-new static initializer in class com/fasterxml/jackson/databind/deser/std/StdKeyDeserializers
2024-11-12 13:41:31,343 INFO  EvoClassLoader - Keeping class: com.fasterxml.jackson.databind.deser.std.StdKeyDeserializers
2024-11-12 13:41:31,343 INFO  EvoClassLoader - Seeing class for first time: com.fasterxml.jackson.databind.deser.std.StdKeyDeserializer
2024-11-12 13:41:31,343 INFO  EvoClassLoader - Instrumenting class 'com.fasterxml.jackson.databind.deser.std.StdKeyDeserializer'.
2024-11-12 13:41:31,343 INFO  MethodCallReplacementClassAdapter - Adding mock interface to class com/fasterxml/jackson/databind/deser/std/StdKeyDeserializer
2024-11-12 13:41:31,344 INFO  CreateClassResetClassAdapter - Creating brand-new static initializer in class com/fasterxml/jackson/databind/deser/std/StdKeyDeserializer
2024-11-12 13:41:31,344 INFO  CreateClassResetClassAdapter - Adding bytecode for initializing field TYPE_BOOLEAN
2024-11-12 13:41:31,344 INFO  CreateClassResetClassAdapter - Adding bytecode for initializing field TYPE_BYTE
2024-11-12 13:41:31,344 INFO  CreateClassResetClassAdapter - Adding bytecode for initializing field TYPE_SHORT
2024-11-12 13:41:31,344 INFO  CreateClassResetClassAdapter - Adding bytecode for initializing field TYPE_CHAR
2024-11-12 13:41:31,344 INFO  CreateClassResetClassAdapter - Adding bytecode for initializing field TYPE_INT
2024-11-12 13:41:31,345 INFO  CreateClassResetClassAdapter - Adding bytecode for initializing field TYPE_LONG
2024-11-12 13:41:31,345 INFO  CreateClassResetClassAdapter - Adding bytecode for initializing field TYPE_FLOAT
2024-11-12 13:41:31,345 INFO  CreateClassResetClassAdapter - Adding bytecode for initializing field TYPE_DOUBLE
2024-11-12 13:41:31,345 INFO  CreateClassResetClassAdapter - Adding bytecode for initializing field TYPE_LOCALE
2024-11-12 13:41:31,345 INFO  CreateClassResetClassAdapter - Adding bytecode for initializing field TYPE_DATE
2024-11-12 13:41:31,345 INFO  CreateClassResetClassAdapter - Adding bytecode for initializing field TYPE_CALENDAR
2024-11-12 13:41:31,345 INFO  CreateClassResetClassAdapter - Adding bytecode for initializing field TYPE_UUID
2024-11-12 13:41:31,345 INFO  CreateClassResetClassAdapter - Adding bytecode for initializing field TYPE_URI
2024-11-12 13:41:31,345 INFO  CreateClassResetClassAdapter - Adding bytecode for initializing field TYPE_URL
2024-11-12 13:41:31,345 INFO  CreateClassResetClassAdapter - Adding bytecode for initializing field TYPE_CLASS
2024-11-12 13:41:31,345 INFO  CreateClassResetClassAdapter - Adding bytecode for initializing field TYPE_CURRENCY
2024-11-12 13:41:31,345 INFO  CreateClassResetClassAdapter - Adding bytecode for initializing field TYPE_BYTE_ARRAY
2024-11-12 13:41:31,345 INFO  EvoClassLoader - Keeping class: com.fasterxml.jackson.databind.deser.std.StdKeyDeserializer
2024-11-12 13:41:31,345 INFO  EvoClassLoader - Seeing class for first time: com.fasterxml.jackson.databind.deser.std.StdKeyDeserializer$StringCtorKeyDeserializer
2024-11-12 13:41:31,345 INFO  EvoClassLoader - Instrumenting class 'com.fasterxml.jackson.databind.deser.std.StdKeyDeserializer$StringCtorKeyDeserializer'.
2024-11-12 13:41:31,346 INFO  MethodCallReplacementClassAdapter - Adding mock interface to class com/fasterxml/jackson/databind/deser/std/StdKeyDeserializer$StringCtorKeyDeserializer
2024-11-12 13:41:31,346 INFO  CreateClassResetClassAdapter - Creating brand-new static initializer in class com/fasterxml/jackson/databind/deser/std/StdKeyDeserializer$StringCtorKeyDeserializer
2024-11-12 13:41:31,346 INFO  EvoClassLoader - Keeping class: com.fasterxml.jackson.databind.deser.std.StdKeyDeserializer$StringCtorKeyDeserializer
2024-11-12 13:41:31,346 INFO  EvoClassLoader - Seeing class for first time: com.fasterxml.jackson.databind.deser.std.StdKeyDeserializer$StringFactoryKeyDeserializer
2024-11-12 13:41:31,346 INFO  EvoClassLoader - Instrumenting class 'com.fasterxml.jackson.databind.deser.std.StdKeyDeserializer$StringFactoryKeyDeserializer'.
2024-11-12 13:41:31,346 INFO  MethodCallReplacementClassAdapter - Adding mock interface to class com/fasterxml/jackson/databind/deser/std/StdKeyDeserializer$StringFactoryKeyDeserializer
2024-11-12 13:41:31,347 INFO  CreateClassResetClassAdapter - Creating brand-new static initializer in class com/fasterxml/jackson/databind/deser/std/StdKeyDeserializer$StringFactoryKeyDeserializer
2024-11-12 13:41:31,347 INFO  EvoClassLoader - Keeping class: com.fasterxml.jackson.databind.deser.std.StdKeyDeserializer$StringFactoryKeyDeserializer
2024-11-12 13:41:31,347 INFO  EvoClassLoader - Seeing class for first time: com.fasterxml.jackson.databind.deser.std.StdKeyDeserializer$DelegatingKD
2024-11-12 13:41:31,347 INFO  EvoClassLoader - Instrumenting class 'com.fasterxml.jackson.databind.deser.std.StdKeyDeserializer$DelegatingKD'.
2024-11-12 13:41:31,347 INFO  MethodCallReplacementClassAdapter - Adding mock interface to class com/fasterxml/jackson/databind/deser/std/StdKeyDeserializer$DelegatingKD
2024-11-12 13:41:31,347 INFO  CreateClassResetClassAdapter - Creating brand-new static initializer in class com/fasterxml/jackson/databind/deser/std/StdKeyDeserializer$DelegatingKD
2024-11-12 13:41:31,347 INFO  EvoClassLoader - Keeping class: com.fasterxml.jackson.databind.deser.std.StdKeyDeserializer$DelegatingKD
2024-11-12 13:41:31,348 INFO  EvoClassLoader - Seeing class for first time: com.fasterxml.jackson.databind.deser.std.StdKeyDeserializer$EnumKD
2024-11-12 13:41:31,348 INFO  EvoClassLoader - Instrumenting class 'com.fasterxml.jackson.databind.deser.std.StdKeyDeserializer$EnumKD'.
2024-11-12 13:41:31,348 INFO  MethodCallReplacementClassAdapter - Adding mock interface to class com/fasterxml/jackson/databind/deser/std/StdKeyDeserializer$EnumKD
2024-11-12 13:41:31,348 INFO  CreateClassResetClassAdapter - Creating brand-new static initializer in class com/fasterxml/jackson/databind/deser/std/StdKeyDeserializer$EnumKD
2024-11-12 13:41:31,348 INFO  EvoClassLoader - Keeping class: com.fasterxml.jackson.databind.deser.std.StdKeyDeserializer$EnumKD
2024-11-12 13:41:31,349 INFO  EvoClassLoader - Seeing class for first time: com.fasterxml.jackson.databind.deser.std.ThrowableDeserializer
2024-11-12 13:41:31,349 INFO  EvoClassLoader - Instrumenting class 'com.fasterxml.jackson.databind.deser.std.ThrowableDeserializer'.
2024-11-12 13:41:31,350 INFO  MethodCallReplacementClassAdapter - Adding mock interface to class com/fasterxml/jackson/databind/deser/std/ThrowableDeserializer
2024-11-12 13:41:31,350 INFO  CreateClassResetClassAdapter - Creating brand-new static initializer in class com/fasterxml/jackson/databind/deser/std/ThrowableDeserializer
2024-11-12 13:41:31,350 INFO  CreateClassResetClassAdapter - Adding bytecode for initializing field PROP_NAME_MESSAGE
2024-11-12 13:41:31,350 INFO  EvoClassLoader - Seeing class for first time: com.fasterxml.jackson.databind.deser.BeanDeserializer
2024-11-12 13:41:31,350 INFO  EvoClassLoader - Instrumenting class 'com.fasterxml.jackson.databind.deser.BeanDeserializer'.
2024-11-12 13:41:31,351 INFO  MethodCallReplacementClassAdapter - Adding mock interface to class com/fasterxml/jackson/databind/deser/BeanDeserializer
2024-11-12 13:41:31,352 INFO  CreateClassResetClassAdapter - Creating brand-new static initializer in class com/fasterxml/jackson/databind/deser/BeanDeserializer
2024-11-12 13:41:31,353 INFO  EvoClassLoader - Seeing class for first time: com.fasterxml.jackson.databind.deser.BeanDeserializerBase
2024-11-12 13:41:31,353 INFO  EvoClassLoader - Instrumenting class 'com.fasterxml.jackson.databind.deser.BeanDeserializerBase'.
2024-11-12 13:41:31,354 INFO  MethodCallReplacementClassAdapter - Adding mock interface to class com/fasterxml/jackson/databind/deser/BeanDeserializerBase
2024-11-12 13:41:31,360 INFO  CreateClassResetClassAdapter - Found static initializer in class com/fasterxml/jackson/databind/deser/BeanDeserializerBase
2024-11-12 13:41:31,361 INFO  EvoClassLoader - Keeping class: com.fasterxml.jackson.databind.deser.BeanDeserializerBase
2024-11-12 13:41:31,361 INFO  EvoClassLoader - Keeping class: com.fasterxml.jackson.databind.deser.BeanDeserializer
2024-11-12 13:41:31,361 INFO  EvoClassLoader - Keeping class: com.fasterxml.jackson.databind.deser.std.ThrowableDeserializer
2024-11-12 13:41:31,361 INFO  EvoClassLoader - Seeing class for first time: com.fasterxml.jackson.databind.deser.impl.ErrorThrowingDeserializer
2024-11-12 13:41:31,361 INFO  EvoClassLoader - Instrumenting class 'com.fasterxml.jackson.databind.deser.impl.ErrorThrowingDeserializer'.
2024-11-12 13:41:31,362 INFO  MethodCallReplacementClassAdapter - Adding mock interface to class com/fasterxml/jackson/databind/deser/impl/ErrorThrowingDeserializer
2024-11-12 13:41:31,362 INFO  CreateClassResetClassAdapter - Creating brand-new static initializer in class com/fasterxml/jackson/databind/deser/impl/ErrorThrowingDeserializer
2024-11-12 13:41:31,362 INFO  EvoClassLoader - Keeping class: com.fasterxml.jackson.databind.deser.impl.ErrorThrowingDeserializer
2024-11-12 13:41:31,362 INFO  EvoClassLoader - Seeing class for first time: com.fasterxml.jackson.databind.deser.impl.UnsupportedTypeDeserializer
2024-11-12 13:41:31,362 INFO  EvoClassLoader - Instrumenting class 'com.fasterxml.jackson.databind.deser.impl.UnsupportedTypeDeserializer'.
2024-11-12 13:41:31,362 INFO  MethodCallReplacementClassAdapter - Adding mock interface to class com/fasterxml/jackson/databind/deser/impl/UnsupportedTypeDeserializer
2024-11-12 13:41:31,362 INFO  CreateClassResetClassAdapter - Creating brand-new static initializer in class com/fasterxml/jackson/databind/deser/impl/UnsupportedTypeDeserializer
2024-11-12 13:41:31,363 INFO  EvoClassLoader - Keeping class: com.fasterxml.jackson.databind.deser.impl.UnsupportedTypeDeserializer
2024-11-12 13:41:31,363 INFO  EvoClassLoader - Seeing class for first time: com.fasterxml.jackson.databind.deser.impl.PropertyBasedObjectIdGenerator
2024-11-12 13:41:31,363 INFO  EvoClassLoader - Instrumenting class 'com.fasterxml.jackson.databind.deser.impl.PropertyBasedObjectIdGenerator'.
2024-11-12 13:41:31,363 INFO  MethodCallReplacementClassAdapter - Adding mock interface to class com/fasterxml/jackson/databind/deser/impl/PropertyBasedObjectIdGenerator
2024-11-12 13:41:31,363 INFO  CreateClassResetClassAdapter - Creating brand-new static initializer in class com/fasterxml/jackson/databind/deser/impl/PropertyBasedObjectIdGenerator
2024-11-12 13:41:31,363 INFO  EvoClassLoader - Seeing class for first time: com.fasterxml.jackson.annotation.ObjectIdGenerators$PropertyGenerator
2024-11-12 13:41:31,363 INFO  EvoClassLoader - Instrumenting class 'com.fasterxml.jackson.annotation.ObjectIdGenerators$PropertyGenerator'.
2024-11-12 13:41:31,364 INFO  MethodCallReplacementClassAdapter - Adding mock interface to class com/fasterxml/jackson/annotation/ObjectIdGenerators$PropertyGenerator
2024-11-12 13:41:31,364 INFO  CreateClassResetClassAdapter - Creating brand-new static initializer in class com/fasterxml/jackson/annotation/ObjectIdGenerators$PropertyGenerator
2024-11-12 13:41:31,364 INFO  EvoClassLoader - Seeing class for first time: com.fasterxml.jackson.annotation.ObjectIdGenerators$Base
2024-11-12 13:41:31,364 INFO  EvoClassLoader - Instrumenting class 'com.fasterxml.jackson.annotation.ObjectIdGenerators$Base'.
2024-11-12 13:41:31,364 INFO  MethodCallReplacementClassAdapter - Adding mock interface to class com/fasterxml/jackson/annotation/ObjectIdGenerators$Base
2024-11-12 13:41:31,364 INFO  CreateClassResetClassAdapter - Creating brand-new static initializer in class com/fasterxml/jackson/annotation/ObjectIdGenerators$Base
2024-11-12 13:41:31,365 INFO  EvoClassLoader - Keeping class: com.fasterxml.jackson.annotation.ObjectIdGenerators$Base
2024-11-12 13:41:31,365 INFO  EvoClassLoader - Keeping class: com.fasterxml.jackson.annotation.ObjectIdGenerators$PropertyGenerator
2024-11-12 13:41:31,365 INFO  EvoClassLoader - Keeping class: com.fasterxml.jackson.databind.deser.impl.PropertyBasedObjectIdGenerator
2024-11-12 13:41:31,365 INFO  EvoClassLoader - Seeing class for first time: com.fasterxml.jackson.databind.deser.impl.MethodProperty
2024-11-12 13:41:31,365 INFO  EvoClassLoader - Instrumenting class 'com.fasterxml.jackson.databind.deser.impl.MethodProperty'.
2024-11-12 13:41:31,365 INFO  MethodCallReplacementClassAdapter - Adding mock interface to class com/fasterxml/jackson/databind/deser/impl/MethodProperty
2024-11-12 13:41:31,366 INFO  CreateClassResetClassAdapter - Creating brand-new static initializer in class com/fasterxml/jackson/databind/deser/impl/MethodProperty
2024-11-12 13:41:31,367 INFO  EvoClassLoader - Keeping class: com.fasterxml.jackson.databind.deser.impl.MethodProperty
2024-11-12 13:41:31,367 INFO  EvoClassLoader - Seeing class for first time: com.fasterxml.jackson.databind.deser.impl.FieldProperty
2024-11-12 13:41:31,367 INFO  EvoClassLoader - Instrumenting class 'com.fasterxml.jackson.databind.deser.impl.FieldProperty'.
2024-11-12 13:41:31,367 INFO  MethodCallReplacementClassAdapter - Adding mock interface to class com/fasterxml/jackson/databind/deser/impl/FieldProperty
2024-11-12 13:41:31,368 INFO  CreateClassResetClassAdapter - Creating brand-new static initializer in class com/fasterxml/jackson/databind/deser/impl/FieldProperty
2024-11-12 13:41:31,369 INFO  EvoClassLoader - Keeping class: com.fasterxml.jackson.databind.deser.impl.FieldProperty
2024-11-12 13:41:31,369 INFO  EvoClassLoader - Seeing class for first time: com.fasterxml.jackson.databind.deser.impl.SetterlessProperty
2024-11-12 13:41:31,369 INFO  EvoClassLoader - Instrumenting class 'com.fasterxml.jackson.databind.deser.impl.SetterlessProperty'.
2024-11-12 13:41:31,369 INFO  MethodCallReplacementClassAdapter - Adding mock interface to class com/fasterxml/jackson/databind/deser/impl/SetterlessProperty
2024-11-12 13:41:31,369 INFO  CreateClassResetClassAdapter - Creating brand-new static initializer in class com/fasterxml/jackson/databind/deser/impl/SetterlessProperty
2024-11-12 13:41:31,370 INFO  EvoClassLoader - Keeping class: com.fasterxml.jackson.databind.deser.impl.SetterlessProperty
2024-11-12 13:41:31,370 INFO  EvoClassLoader - Seeing class for first time: com.fasterxml.jackson.databind.deser.BeanDeserializerBuilder
2024-11-12 13:41:31,370 INFO  EvoClassLoader - Instrumenting class 'com.fasterxml.jackson.databind.deser.BeanDeserializerBuilder'.
2024-11-12 13:41:31,370 INFO  MethodCallReplacementClassAdapter - Adding mock interface to class com/fasterxml/jackson/databind/deser/BeanDeserializerBuilder
2024-11-12 13:41:31,371 INFO  CreateClassResetClassAdapter - Creating brand-new static initializer in class com/fasterxml/jackson/databind/deser/BeanDeserializerBuilder
2024-11-12 13:41:31,371 INFO  EvoClassLoader - Keeping class: com.fasterxml.jackson.databind.deser.BeanDeserializerBuilder
2024-11-12 13:41:31,371 INFO  EvoClassLoader - Seeing class for first time: com.fasterxml.jackson.databind.deser.SettableAnyProperty
2024-11-12 13:41:31,371 INFO  EvoClassLoader - Instrumenting class 'com.fasterxml.jackson.databind.deser.SettableAnyProperty'.
2024-11-12 13:41:31,372 INFO  MethodCallReplacementClassAdapter - Adding mock interface to class com/fasterxml/jackson/databind/deser/SettableAnyProperty
2024-11-12 13:41:31,373 INFO  CreateClassResetClassAdapter - Creating brand-new static initializer in class com/fasterxml/jackson/databind/deser/SettableAnyProperty
2024-11-12 13:41:31,373 INFO  EvoClassLoader - Keeping class: com.fasterxml.jackson.databind.deser.SettableAnyProperty
2024-11-12 13:41:31,373 INFO  EvoClassLoader - Seeing class for first time: com.fasterxml.jackson.databind.deser.DeserializerCache
2024-11-12 13:41:31,373 INFO  EvoClassLoader - Instrumenting class 'com.fasterxml.jackson.databind.deser.DeserializerCache'.
2024-11-12 13:41:31,374 INFO  MethodCallReplacementClassAdapter - Adding mock interface to class com/fasterxml/jackson/databind/deser/DeserializerCache
2024-11-12 13:41:31,376 INFO  CreateClassResetClassAdapter - Creating brand-new static initializer in class com/fasterxml/jackson/databind/deser/DeserializerCache
2024-11-12 13:41:31,376 INFO  EvoClassLoader - Keeping class: com.fasterxml.jackson.databind.deser.DeserializerCache
2024-11-12 13:41:31,377 INFO  EvoClassLoader - Seeing class for first time: com.fasterxml.jackson.databind.deser.std.StdDelegatingDeserializer
2024-11-12 13:41:31,377 INFO  EvoClassLoader - Instrumenting class 'com.fasterxml.jackson.databind.deser.std.StdDelegatingDeserializer'.
2024-11-12 13:41:31,377 INFO  MethodCallReplacementClassAdapter - Adding mock interface to class com/fasterxml/jackson/databind/deser/std/StdDelegatingDeserializer
2024-11-12 13:41:31,377 INFO  CreateClassResetClassAdapter - Creating brand-new static initializer in class com/fasterxml/jackson/databind/deser/std/StdDelegatingDeserializer
2024-11-12 13:41:31,378 INFO  EvoClassLoader - Keeping class: com.fasterxml.jackson.databind.deser.std.StdDelegatingDeserializer
2024-11-12 13:41:31,378 INFO  EvoClassLoader - Seeing class for first time: com.fasterxml.jackson.databind.ser.Serializers
2024-11-12 13:41:31,378 INFO  EvoClassLoader - Instrumenting class 'com.fasterxml.jackson.databind.ser.Serializers'.
2024-11-12 13:41:31,379 INFO  EvoClassLoader - Keeping class: com.fasterxml.jackson.databind.ser.Serializers
2024-11-12 13:41:31,379 INFO  EvoClassLoader - Seeing class for first time: com.fasterxml.jackson.databind.ser.BeanSerializerModifier
2024-11-12 13:41:31,379 INFO  EvoClassLoader - Instrumenting class 'com.fasterxml.jackson.databind.ser.BeanSerializerModifier'.
2024-11-12 13:41:31,379 INFO  MethodCallReplacementClassAdapter - Adding mock interface to class com/fasterxml/jackson/databind/ser/BeanSerializerModifier
2024-11-12 13:41:31,379 INFO  CreateClassResetClassAdapter - Creating brand-new static initializer in class com/fasterxml/jackson/databind/ser/BeanSerializerModifier
2024-11-12 13:41:31,380 INFO  EvoClassLoader - Keeping class: com.fasterxml.jackson.databind.ser.BeanSerializerModifier
2024-11-12 13:41:31,380 INFO  EvoClassLoader - Seeing class for first time: com.fasterxml.jackson.databind.ser.std.StdScalarSerializer
2024-11-12 13:41:31,380 INFO  EvoClassLoader - Instrumenting class 'com.fasterxml.jackson.databind.ser.std.StdScalarSerializer'.
2024-11-12 13:41:31,380 INFO  MethodCallReplacementClassAdapter - Adding mock interface to class com/fasterxml/jackson/databind/ser/std/StdScalarSerializer
2024-11-12 13:41:31,380 INFO  CreateClassResetClassAdapter - Creating brand-new static initializer in class com/fasterxml/jackson/databind/ser/std/StdScalarSerializer
2024-11-12 13:41:31,380 INFO  EvoClassLoader - Keeping class: com.fasterxml.jackson.databind.ser.std.StdScalarSerializer
2024-11-12 13:41:31,380 INFO  EvoClassLoader - Seeing class for first time: com.fasterxml.jackson.databind.ser.std.StringSerializer
2024-11-12 13:41:31,380 INFO  EvoClassLoader - Instrumenting class 'com.fasterxml.jackson.databind.ser.std.StringSerializer'.
2024-11-12 13:41:31,381 INFO  MethodCallReplacementClassAdapter - Adding mock interface to class com/fasterxml/jackson/databind/ser/std/StringSerializer
2024-11-12 13:41:31,381 INFO  CreateClassResetClassAdapter - Creating brand-new static initializer in class com/fasterxml/jackson/databind/ser/std/StringSerializer
2024-11-12 13:41:31,381 INFO  EvoClassLoader - Keeping class: com.fasterxml.jackson.databind.ser.std.StringSerializer
2024-11-12 13:41:31,381 INFO  EvoClassLoader - Seeing class for first time: com.fasterxml.jackson.databind.ser.std.ToStringSerializerBase
2024-11-12 13:41:31,381 INFO  EvoClassLoader - Instrumenting class 'com.fasterxml.jackson.databind.ser.std.ToStringSerializerBase'.
2024-11-12 13:41:31,381 INFO  MethodCallReplacementClassAdapter - Adding mock interface to class com/fasterxml/jackson/databind/ser/std/ToStringSerializerBase
2024-11-12 13:41:31,381 INFO  CreateClassResetClassAdapter - Creating brand-new static initializer in class com/fasterxml/jackson/databind/ser/std/ToStringSerializerBase
2024-11-12 13:41:31,382 INFO  EvoClassLoader - Keeping class: com.fasterxml.jackson.databind.ser.std.ToStringSerializerBase
2024-11-12 13:41:31,382 INFO  EvoClassLoader - Seeing class for first time: com.fasterxml.jackson.databind.ser.std.ToStringSerializer
2024-11-12 13:41:31,382 INFO  EvoClassLoader - Instrumenting class 'com.fasterxml.jackson.databind.ser.std.ToStringSerializer'.
2024-11-12 13:41:31,382 INFO  MethodCallReplacementClassAdapter - Adding mock interface to class com/fasterxml/jackson/databind/ser/std/ToStringSerializer
2024-11-12 13:41:31,382 INFO  CreateClassResetClassAdapter - Found static initializer in class com/fasterxml/jackson/databind/ser/std/ToStringSerializer
2024-11-12 13:41:31,382 INFO  EvoClassLoader - Keeping class: com.fasterxml.jackson.databind.ser.std.ToStringSerializer
2024-11-12 13:41:31,382 INFO  EvoClassLoader - Seeing class for first time: com.fasterxml.jackson.databind.ser.std.NumberSerializers
2024-11-12 13:41:31,382 INFO  EvoClassLoader - Instrumenting class 'com.fasterxml.jackson.databind.ser.std.NumberSerializers'.
2024-11-12 13:41:31,382 INFO  MethodCallReplacementClassAdapter - Adding mock interface to class com/fasterxml/jackson/databind/ser/std/NumberSerializers
2024-11-12 13:41:31,383 INFO  CreateClassResetClassAdapter - Creating brand-new static initializer in class com/fasterxml/jackson/databind/ser/std/NumberSerializers
2024-11-12 13:41:31,383 INFO  EvoClassLoader - Keeping class: com.fasterxml.jackson.databind.ser.std.NumberSerializers
2024-11-12 13:41:31,383 INFO  EvoClassLoader - Seeing class for first time: com.fasterxml.jackson.databind.ser.std.NumberSerializers$Base
2024-11-12 13:41:31,383 INFO  EvoClassLoader - Instrumenting class 'com.fasterxml.jackson.databind.ser.std.NumberSerializers$Base'.
2024-11-12 13:41:31,383 INFO  MethodCallReplacementClassAdapter - Adding mock interface to class com/fasterxml/jackson/databind/ser/std/NumberSerializers$Base
2024-11-12 13:41:31,383 INFO  CreateClassResetClassAdapter - Creating brand-new static initializer in class com/fasterxml/jackson/databind/ser/std/NumberSerializers$Base
2024-11-12 13:41:31,384 INFO  EvoClassLoader - Keeping class: com.fasterxml.jackson.databind.ser.std.NumberSerializers$Base
2024-11-12 13:41:31,384 INFO  EvoClassLoader - Seeing class for first time: com.fasterxml.jackson.databind.ser.std.NumberSerializers$DoubleSerializer
2024-11-12 13:41:31,384 INFO  EvoClassLoader - Instrumenting class 'com.fasterxml.jackson.databind.ser.std.NumberSerializers$DoubleSerializer'.
2024-11-12 13:41:31,384 INFO  MethodCallReplacementClassAdapter - Adding mock interface to class com/fasterxml/jackson/databind/ser/std/NumberSerializers$DoubleSerializer
2024-11-12 13:41:31,384 INFO  CreateClassResetClassAdapter - Creating brand-new static initializer in class com/fasterxml/jackson/databind/ser/std/NumberSerializers$DoubleSerializer
2024-11-12 13:41:31,384 INFO  EvoClassLoader - Keeping class: com.fasterxml.jackson.databind.ser.std.NumberSerializers$DoubleSerializer
2024-11-12 13:41:31,384 INFO  EvoClassLoader - Seeing class for first time: com.fasterxml.jackson.databind.ser.std.NumberSerializers$FloatSerializer
2024-11-12 13:41:31,384 INFO  EvoClassLoader - Instrumenting class 'com.fasterxml.jackson.databind.ser.std.NumberSerializers$FloatSerializer'.
2024-11-12 13:41:31,384 INFO  MethodCallReplacementClassAdapter - Adding mock interface to class com/fasterxml/jackson/databind/ser/std/NumberSerializers$FloatSerializer
2024-11-12 13:41:31,384 INFO  CreateClassResetClassAdapter - Found static initializer in class com/fasterxml/jackson/databind/ser/std/NumberSerializers$FloatSerializer
2024-11-12 13:41:31,384 INFO  EvoClassLoader - Keeping class: com.fasterxml.jackson.databind.ser.std.NumberSerializers$FloatSerializer
2024-11-12 13:41:31,384 INFO  EvoClassLoader - Seeing class for first time: com.fasterxml.jackson.databind.ser.std.NumberSerializers$LongSerializer
2024-11-12 13:41:31,384 INFO  EvoClassLoader - Instrumenting class 'com.fasterxml.jackson.databind.ser.std.NumberSerializers$LongSerializer'.
2024-11-12 13:41:31,384 INFO  MethodCallReplacementClassAdapter - Adding mock interface to class com/fasterxml/jackson/databind/ser/std/NumberSerializers$LongSerializer
2024-11-12 13:41:31,384 INFO  CreateClassResetClassAdapter - Creating brand-new static initializer in class com/fasterxml/jackson/databind/ser/std/NumberSerializers$LongSerializer
2024-11-12 13:41:31,384 INFO  EvoClassLoader - Keeping class: com.fasterxml.jackson.databind.ser.std.NumberSerializers$LongSerializer
2024-11-12 13:41:31,384 INFO  EvoClassLoader - Seeing class for first time: com.fasterxml.jackson.databind.ser.std.NumberSerializers$IntLikeSerializer
2024-11-12 13:41:31,384 INFO  EvoClassLoader - Instrumenting class 'com.fasterxml.jackson.databind.ser.std.NumberSerializers$IntLikeSerializer'.
2024-11-12 13:41:31,385 INFO  MethodCallReplacementClassAdapter - Adding mock interface to class com/fasterxml/jackson/databind/ser/std/NumberSerializers$IntLikeSerializer
2024-11-12 13:41:31,385 INFO  CreateClassResetClassAdapter - Found static initializer in class com/fasterxml/jackson/databind/ser/std/NumberSerializers$IntLikeSerializer
2024-11-12 13:41:31,385 INFO  EvoClassLoader - Keeping class: com.fasterxml.jackson.databind.ser.std.NumberSerializers$IntLikeSerializer
2024-11-12 13:41:31,385 INFO  EvoClassLoader - Seeing class for first time: com.fasterxml.jackson.databind.ser.std.NumberSerializers$IntegerSerializer
2024-11-12 13:41:31,385 INFO  EvoClassLoader - Instrumenting class 'com.fasterxml.jackson.databind.ser.std.NumberSerializers$IntegerSerializer'.
2024-11-12 13:41:31,385 INFO  MethodCallReplacementClassAdapter - Adding mock interface to class com/fasterxml/jackson/databind/ser/std/NumberSerializers$IntegerSerializer
2024-11-12 13:41:31,385 INFO  CreateClassResetClassAdapter - Creating brand-new static initializer in class com/fasterxml/jackson/databind/ser/std/NumberSerializers$IntegerSerializer
2024-11-12 13:41:31,385 INFO  EvoClassLoader - Keeping class: com.fasterxml.jackson.databind.ser.std.NumberSerializers$IntegerSerializer
2024-11-12 13:41:31,385 INFO  EvoClassLoader - Seeing class for first time: com.fasterxml.jackson.databind.ser.std.NumberSerializers$ShortSerializer
2024-11-12 13:41:31,385 INFO  EvoClassLoader - Instrumenting class 'com.fasterxml.jackson.databind.ser.std.NumberSerializers$ShortSerializer'.
2024-11-12 13:41:31,385 INFO  MethodCallReplacementClassAdapter - Adding mock interface to class com/fasterxml/jackson/databind/ser/std/NumberSerializers$ShortSerializer
2024-11-12 13:41:31,385 INFO  CreateClassResetClassAdapter - Found static initializer in class com/fasterxml/jackson/databind/ser/std/NumberSerializers$ShortSerializer
2024-11-12 13:41:31,385 INFO  EvoClassLoader - Keeping class: com.fasterxml.jackson.databind.ser.std.NumberSerializers$ShortSerializer
2024-11-12 13:41:31,386 INFO  EvoClassLoader - Seeing class for first time: com.fasterxml.jackson.databind.ser.std.BooleanSerializer
2024-11-12 13:41:31,386 INFO  EvoClassLoader - Instrumenting class 'com.fasterxml.jackson.databind.ser.std.BooleanSerializer'.
2024-11-12 13:41:31,386 INFO  MethodCallReplacementClassAdapter - Adding mock interface to class com/fasterxml/jackson/databind/ser/std/BooleanSerializer
2024-11-12 13:41:31,386 INFO  CreateClassResetClassAdapter - Creating brand-new static initializer in class com/fasterxml/jackson/databind/ser/std/BooleanSerializer
2024-11-12 13:41:31,387 INFO  EvoClassLoader - Keeping class: com.fasterxml.jackson.databind.ser.std.BooleanSerializer
2024-11-12 13:41:31,387 INFO  EvoClassLoader - Seeing class for first time: com.fasterxml.jackson.databind.ser.std.BooleanSerializer$AsNumber
2024-11-12 13:41:31,387 INFO  EvoClassLoader - Instrumenting class 'com.fasterxml.jackson.databind.ser.std.BooleanSerializer$AsNumber'.
2024-11-12 13:41:31,387 INFO  MethodCallReplacementClassAdapter - Adding mock interface to class com/fasterxml/jackson/databind/ser/std/BooleanSerializer$AsNumber
2024-11-12 13:41:31,387 INFO  CreateClassResetClassAdapter - Creating brand-new static initializer in class com/fasterxml/jackson/databind/ser/std/BooleanSerializer$AsNumber
2024-11-12 13:41:31,387 INFO  EvoClassLoader - Keeping class: com.fasterxml.jackson.databind.ser.std.BooleanSerializer$AsNumber
2024-11-12 13:41:31,387 INFO  EvoClassLoader - Seeing class for first time: com.fasterxml.jackson.databind.ser.std.NumberSerializer
2024-11-12 13:41:31,387 INFO  EvoClassLoader - Instrumenting class 'com.fasterxml.jackson.databind.ser.std.NumberSerializer'.
2024-11-12 13:41:31,388 INFO  MethodCallReplacementClassAdapter - Adding mock interface to class com/fasterxml/jackson/databind/ser/std/NumberSerializer
2024-11-12 13:41:31,388 INFO  CreateClassResetClassAdapter - Found static initializer in class com/fasterxml/jackson/databind/ser/std/NumberSerializer
2024-11-12 13:41:31,388 INFO  EvoClassLoader - Keeping class: com.fasterxml.jackson.databind.ser.std.NumberSerializer
2024-11-12 13:41:31,388 INFO  EvoClassLoader - Seeing class for first time: com.fasterxml.jackson.databind.ser.std.NumberSerializer$BigDecimalAsStringSerializer
2024-11-12 13:41:31,388 INFO  EvoClassLoader - Instrumenting class 'com.fasterxml.jackson.databind.ser.std.NumberSerializer$BigDecimalAsStringSerializer'.
2024-11-12 13:41:31,389 INFO  MethodCallReplacementClassAdapter - Adding mock interface to class com/fasterxml/jackson/databind/ser/std/NumberSerializer$BigDecimalAsStringSerializer
2024-11-12 13:41:31,390 INFO  CreateClassResetClassAdapter - Found static initializer in class com/fasterxml/jackson/databind/ser/std/NumberSerializer$BigDecimalAsStringSerializer
2024-11-12 13:41:31,390 INFO  EvoClassLoader - Keeping class: com.fasterxml.jackson.databind.ser.std.NumberSerializer$BigDecimalAsStringSerializer
2024-11-12 13:41:31,390 INFO  EvoClassLoader - Seeing class for first time: com.fasterxml.jackson.databind.ser.std.DateTimeSerializerBase
2024-11-12 13:41:31,390 INFO  EvoClassLoader - Instrumenting class 'com.fasterxml.jackson.databind.ser.std.DateTimeSerializerBase'.
2024-11-12 13:41:31,390 INFO  MethodCallReplacementClassAdapter - Adding mock interface to class com/fasterxml/jackson/databind/ser/std/DateTimeSerializerBase
2024-11-12 13:41:31,392 INFO  CreateClassResetClassAdapter - Creating brand-new static initializer in class com/fasterxml/jackson/databind/ser/std/DateTimeSerializerBase
2024-11-12 13:41:31,392 INFO  EvoClassLoader - Keeping class: com.fasterxml.jackson.databind.ser.std.DateTimeSerializerBase
2024-11-12 13:41:31,392 INFO  EvoClassLoader - Seeing class for first time: com.fasterxml.jackson.databind.ser.std.CalendarSerializer
2024-11-12 13:41:31,392 INFO  EvoClassLoader - Instrumenting class 'com.fasterxml.jackson.databind.ser.std.CalendarSerializer'.
2024-11-12 13:41:31,393 INFO  MethodCallReplacementClassAdapter - Adding mock interface to class com/fasterxml/jackson/databind/ser/std/CalendarSerializer
2024-11-12 13:41:31,393 INFO  CreateClassResetClassAdapter - Found static initializer in class com/fasterxml/jackson/databind/ser/std/CalendarSerializer
2024-11-12 13:41:31,393 INFO  EvoClassLoader - Keeping class: com.fasterxml.jackson.databind.ser.std.CalendarSerializer
2024-11-12 13:41:31,393 INFO  EvoClassLoader - Seeing class for first time: com.fasterxml.jackson.databind.ser.std.DateSerializer
2024-11-12 13:41:31,393 INFO  EvoClassLoader - Instrumenting class 'com.fasterxml.jackson.databind.ser.std.DateSerializer'.
2024-11-12 13:41:31,393 INFO  MethodCallReplacementClassAdapter - Adding mock interface to class com/fasterxml/jackson/databind/ser/std/DateSerializer
2024-11-12 13:41:31,393 INFO  CreateClassResetClassAdapter - Found static initializer in class com/fasterxml/jackson/databind/ser/std/DateSerializer
2024-11-12 13:41:31,393 INFO  EvoClassLoader - Keeping class: com.fasterxml.jackson.databind.ser.std.DateSerializer
2024-11-12 13:41:31,393 INFO  EvoClassLoader - Seeing class for first time: com.fasterxml.jackson.databind.ser.std.StdJdkSerializers
2024-11-12 13:41:31,393 INFO  EvoClassLoader - Instrumenting class 'com.fasterxml.jackson.databind.ser.std.StdJdkSerializers'.
2024-11-12 13:41:31,394 INFO  MethodCallReplacementClassAdapter - Adding mock interface to class com/fasterxml/jackson/databind/ser/std/StdJdkSerializers
2024-11-12 13:41:31,394 INFO  CreateClassResetClassAdapter - Creating brand-new static initializer in class com/fasterxml/jackson/databind/ser/std/StdJdkSerializers
2024-11-12 13:41:31,394 INFO  EvoClassLoader - Keeping class: com.fasterxml.jackson.databind.ser.std.StdJdkSerializers
2024-11-12 13:41:31,394 INFO  EvoClassLoader - Seeing class for first time: com.fasterxml.jackson.databind.ser.std.UUIDSerializer
2024-11-12 13:41:31,394 INFO  EvoClassLoader - Instrumenting class 'com.fasterxml.jackson.databind.ser.std.UUIDSerializer'.
2024-11-12 13:41:31,394 INFO  MethodCallReplacementClassAdapter - Adding mock interface to class com/fasterxml/jackson/databind/ser/std/UUIDSerializer
2024-11-12 13:41:31,394 INFO  CreateClassResetClassAdapter - Found static initializer in class com/fasterxml/jackson/databind/ser/std/UUIDSerializer
2024-11-12 13:41:31,394 INFO  EvoClassLoader - Keeping class: com.fasterxml.jackson.databind.ser.std.UUIDSerializer
2024-11-12 13:41:31,395 INFO  EvoClassLoader - Seeing class for first time: com.fasterxml.jackson.databind.ser.std.JsonValueSerializer
2024-11-12 13:41:31,395 INFO  EvoClassLoader - Instrumenting class 'com.fasterxml.jackson.databind.ser.std.JsonValueSerializer'.
2024-11-12 13:41:31,395 INFO  MethodCallReplacementClassAdapter - Adding mock interface to class com/fasterxml/jackson/databind/ser/std/JsonValueSerializer
2024-11-12 13:41:31,395 INFO  CreateClassResetClassAdapter - Creating brand-new static initializer in class com/fasterxml/jackson/databind/ser/std/JsonValueSerializer
2024-11-12 13:41:31,396 INFO  EvoClassLoader - Keeping class: com.fasterxml.jackson.databind.ser.std.JsonValueSerializer
2024-11-12 13:41:31,396 INFO  EvoClassLoader - Seeing class for first time: com.fasterxml.jackson.databind.ser.std.SerializableSerializer
2024-11-12 13:41:31,396 INFO  EvoClassLoader - Instrumenting class 'com.fasterxml.jackson.databind.ser.std.SerializableSerializer'.
2024-11-12 13:41:31,396 INFO  MethodCallReplacementClassAdapter - Adding mock interface to class com/fasterxml/jackson/databind/ser/std/SerializableSerializer
2024-11-12 13:41:31,396 INFO  CreateClassResetClassAdapter - Found static initializer in class com/fasterxml/jackson/databind/ser/std/SerializableSerializer
2024-11-12 13:41:31,397 INFO  EvoClassLoader - Keeping class: com.fasterxml.jackson.databind.ser.std.SerializableSerializer
2024-11-12 13:41:31,397 INFO  EvoClassLoader - Seeing class for first time: com.fasterxml.jackson.databind.ser.std.ByteBufferSerializer
2024-11-12 13:41:31,397 INFO  EvoClassLoader - Instrumenting class 'com.fasterxml.jackson.databind.ser.std.ByteBufferSerializer'.
2024-11-12 13:41:31,397 INFO  MethodCallReplacementClassAdapter - Adding mock interface to class com/fasterxml/jackson/databind/ser/std/ByteBufferSerializer
2024-11-12 13:41:31,397 INFO  CreateClassResetClassAdapter - Creating brand-new static initializer in class com/fasterxml/jackson/databind/ser/std/ByteBufferSerializer
2024-11-12 13:41:31,397 INFO  EvoClassLoader - Keeping class: com.fasterxml.jackson.databind.ser.std.ByteBufferSerializer
2024-11-12 13:41:31,397 INFO  EvoClassLoader - Seeing class for first time: com.fasterxml.jackson.databind.ser.std.InetAddressSerializer
2024-11-12 13:41:31,397 INFO  EvoClassLoader - Instrumenting class 'com.fasterxml.jackson.databind.ser.std.InetAddressSerializer'.
2024-11-12 13:41:31,398 INFO  MethodCallReplacementClassAdapter - Adding mock interface to class com/fasterxml/jackson/databind/ser/std/InetAddressSerializer
2024-11-12 13:41:31,398 INFO  CreateClassResetClassAdapter - Creating brand-new static initializer in class com/fasterxml/jackson/databind/ser/std/InetAddressSerializer
2024-11-12 13:41:31,398 INFO  EvoClassLoader - Keeping class: com.fasterxml.jackson.databind.ser.std.InetAddressSerializer
2024-11-12 13:41:31,398 INFO  EvoClassLoader - Seeing class for first time: com.fasterxml.jackson.databind.ser.std.InetSocketAddressSerializer
2024-11-12 13:41:31,398 INFO  EvoClassLoader - Instrumenting class 'com.fasterxml.jackson.databind.ser.std.InetSocketAddressSerializer'.
2024-11-12 13:41:31,399 INFO  MethodCallReplacementClassAdapter - Adding mock interface to class com/fasterxml/jackson/databind/ser/std/InetSocketAddressSerializer
2024-11-12 13:41:31,399 INFO  CreateClassResetClassAdapter - Creating brand-new static initializer in class com/fasterxml/jackson/databind/ser/std/InetSocketAddressSerializer
2024-11-12 13:41:31,399 INFO  EvoClassLoader - Keeping class: com.fasterxml.jackson.databind.ser.std.InetSocketAddressSerializer
2024-11-12 13:41:31,399 INFO  EvoClassLoader - Seeing class for first time: com.fasterxml.jackson.databind.ser.std.TimeZoneSerializer
2024-11-12 13:41:31,399 INFO  EvoClassLoader - Instrumenting class 'com.fasterxml.jackson.databind.ser.std.TimeZoneSerializer'.
2024-11-12 13:41:31,400 INFO  MethodCallReplacementClassAdapter - Adding mock interface to class com/fasterxml/jackson/databind/ser/std/TimeZoneSerializer
2024-11-12 13:41:31,400 INFO  CreateClassResetClassAdapter - Creating brand-new static initializer in class com/fasterxml/jackson/databind/ser/std/TimeZoneSerializer
2024-11-12 13:41:31,400 INFO  EvoClassLoader - Keeping class: com.fasterxml.jackson.databind.ser.std.TimeZoneSerializer
2024-11-12 13:41:31,400 INFO  EvoClassLoader - Seeing class for first time: com.fasterxml.jackson.databind.ser.ContainerSerializer
2024-11-12 13:41:31,400 INFO  EvoClassLoader - Instrumenting class 'com.fasterxml.jackson.databind.ser.ContainerSerializer'.
2024-11-12 13:41:31,400 INFO  MethodCallReplacementClassAdapter - Adding mock interface to class com/fasterxml/jackson/databind/ser/ContainerSerializer
2024-11-12 13:41:31,400 INFO  CreateClassResetClassAdapter - Creating brand-new static initializer in class com/fasterxml/jackson/databind/ser/ContainerSerializer
2024-11-12 13:41:31,401 INFO  EvoClassLoader - Keeping class: com.fasterxml.jackson.databind.ser.ContainerSerializer
2024-11-12 13:41:31,401 INFO  EvoClassLoader - Seeing class for first time: com.fasterxml.jackson.databind.ser.std.CollectionSerializer
2024-11-12 13:41:31,401 INFO  EvoClassLoader - Instrumenting class 'com.fasterxml.jackson.databind.ser.std.CollectionSerializer'.
2024-11-12 13:41:31,401 INFO  MethodCallReplacementClassAdapter - Adding mock interface to class com/fasterxml/jackson/databind/ser/std/CollectionSerializer
2024-11-12 13:41:31,401 INFO  CreateClassResetClassAdapter - Creating brand-new static initializer in class com/fasterxml/jackson/databind/ser/std/CollectionSerializer
2024-11-12 13:41:31,402 INFO  EvoClassLoader - Seeing class for first time: com.fasterxml.jackson.databind.ser.std.AsArraySerializerBase
2024-11-12 13:41:31,402 INFO  EvoClassLoader - Instrumenting class 'com.fasterxml.jackson.databind.ser.std.AsArraySerializerBase'.
2024-11-12 13:41:31,402 INFO  MethodCallReplacementClassAdapter - Adding mock interface to class com/fasterxml/jackson/databind/ser/std/AsArraySerializerBase
2024-11-12 13:41:31,402 INFO  CreateClassResetClassAdapter - Creating brand-new static initializer in class com/fasterxml/jackson/databind/ser/std/AsArraySerializerBase
2024-11-12 13:41:31,403 INFO  EvoClassLoader - Keeping class: com.fasterxml.jackson.databind.ser.std.AsArraySerializerBase
2024-11-12 13:41:31,403 INFO  EvoClassLoader - Keeping class: com.fasterxml.jackson.databind.ser.std.CollectionSerializer
2024-11-12 13:41:31,403 INFO  EvoClassLoader - Seeing class for first time: com.fasterxml.jackson.databind.ser.impl.IndexedStringListSerializer
2024-11-12 13:41:31,403 INFO  EvoClassLoader - Instrumenting class 'com.fasterxml.jackson.databind.ser.impl.IndexedStringListSerializer'.
2024-11-12 13:41:31,403 INFO  MethodCallReplacementClassAdapter - Adding mock interface to class com/fasterxml/jackson/databind/ser/impl/IndexedStringListSerializer
2024-11-12 13:41:31,403 INFO  CreateClassResetClassAdapter - Found static initializer in class com/fasterxml/jackson/databind/ser/impl/IndexedStringListSerializer
2024-11-12 13:41:31,404 INFO  EvoClassLoader - Seeing class for first time: com.fasterxml.jackson.databind.ser.std.StaticListSerializerBase
2024-11-12 13:41:31,404 INFO  EvoClassLoader - Instrumenting class 'com.fasterxml.jackson.databind.ser.std.StaticListSerializerBase'.
2024-11-12 13:41:31,404 INFO  MethodCallReplacementClassAdapter - Adding mock interface to class com/fasterxml/jackson/databind/ser/std/StaticListSerializerBase
2024-11-12 13:41:31,404 INFO  CreateClassResetClassAdapter - Creating brand-new static initializer in class com/fasterxml/jackson/databind/ser/std/StaticListSerializerBase
2024-11-12 13:41:31,404 INFO  EvoClassLoader - Keeping class: com.fasterxml.jackson.databind.ser.std.StaticListSerializerBase
2024-11-12 13:41:31,404 INFO  EvoClassLoader - Keeping class: com.fasterxml.jackson.databind.ser.impl.IndexedStringListSerializer
2024-11-12 13:41:31,405 INFO  EvoClassLoader - Seeing class for first time: com.fasterxml.jackson.databind.ser.impl.StringCollectionSerializer
2024-11-12 13:41:31,405 INFO  EvoClassLoader - Instrumenting class 'com.fasterxml.jackson.databind.ser.impl.StringCollectionSerializer'.
2024-11-12 13:41:31,405 INFO  MethodCallReplacementClassAdapter - Adding mock interface to class com/fasterxml/jackson/databind/ser/impl/StringCollectionSerializer
2024-11-12 13:41:31,405 INFO  CreateClassResetClassAdapter - Found static initializer in class com/fasterxml/jackson/databind/ser/impl/StringCollectionSerializer
2024-11-12 13:41:31,405 INFO  EvoClassLoader - Keeping class: com.fasterxml.jackson.databind.ser.impl.StringCollectionSerializer
2024-11-12 13:41:31,405 INFO  EvoClassLoader - Seeing class for first time: com.fasterxml.jackson.databind.ser.impl.StringArraySerializer
2024-11-12 13:41:31,405 INFO  EvoClassLoader - Instrumenting class 'com.fasterxml.jackson.databind.ser.impl.StringArraySerializer'.
2024-11-12 13:41:31,406 INFO  MethodCallReplacementClassAdapter - Adding mock interface to class com/fasterxml/jackson/databind/ser/impl/StringArraySerializer
2024-11-12 13:41:31,406 INFO  CreateClassResetClassAdapter - Found static initializer in class com/fasterxml/jackson/databind/ser/impl/StringArraySerializer
2024-11-12 13:41:31,406 INFO  EvoClassLoader - Seeing class for first time: com.fasterxml.jackson.databind.ser.std.ArraySerializerBase
2024-11-12 13:41:31,406 INFO  EvoClassLoader - Instrumenting class 'com.fasterxml.jackson.databind.ser.std.ArraySerializerBase'.
2024-11-12 13:41:31,407 INFO  MethodCallReplacementClassAdapter - Adding mock interface to class com/fasterxml/jackson/databind/ser/std/ArraySerializerBase
2024-11-12 13:41:31,407 INFO  CreateClassResetClassAdapter - Creating brand-new static initializer in class com/fasterxml/jackson/databind/ser/std/ArraySerializerBase
2024-11-12 13:41:31,407 INFO  EvoClassLoader - Keeping class: com.fasterxml.jackson.databind.ser.std.ArraySerializerBase
2024-11-12 13:41:31,407 INFO  EvoClassLoader - Keeping class: com.fasterxml.jackson.databind.ser.impl.StringArraySerializer
2024-11-12 13:41:31,407 INFO  EvoClassLoader - Seeing class for first time: com.fasterxml.jackson.databind.ser.std.ObjectArraySerializer
2024-11-12 13:41:31,407 INFO  EvoClassLoader - Instrumenting class 'com.fasterxml.jackson.databind.ser.std.ObjectArraySerializer'.
2024-11-12 13:41:31,408 INFO  MethodCallReplacementClassAdapter - Adding mock interface to class com/fasterxml/jackson/databind/ser/std/ObjectArraySerializer
2024-11-12 13:41:31,408 INFO  CreateClassResetClassAdapter - Creating brand-new static initializer in class com/fasterxml/jackson/databind/ser/std/ObjectArraySerializer
2024-11-12 13:41:31,409 INFO  EvoClassLoader - Keeping class: com.fasterxml.jackson.databind.ser.std.ObjectArraySerializer
2024-11-12 13:41:31,409 INFO  EvoClassLoader - Seeing class for first time: com.fasterxml.jackson.databind.ser.std.EnumSetSerializer
2024-11-12 13:41:31,409 INFO  EvoClassLoader - Instrumenting class 'com.fasterxml.jackson.databind.ser.std.EnumSetSerializer'.
2024-11-12 13:41:31,409 INFO  MethodCallReplacementClassAdapter - Adding mock interface to class com/fasterxml/jackson/databind/ser/std/EnumSetSerializer
2024-11-12 13:41:31,409 INFO  CreateClassResetClassAdapter - Creating brand-new static initializer in class com/fasterxml/jackson/databind/ser/std/EnumSetSerializer
2024-11-12 13:41:31,410 INFO  EvoClassLoader - Keeping class: com.fasterxml.jackson.databind.ser.std.EnumSetSerializer
2024-11-12 13:41:31,410 INFO  EvoClassLoader - Seeing class for first time: com.fasterxml.jackson.databind.ser.impl.IndexedListSerializer
2024-11-12 13:41:31,410 INFO  EvoClassLoader - Instrumenting class 'com.fasterxml.jackson.databind.ser.impl.IndexedListSerializer'.
2024-11-12 13:41:31,410 INFO  MethodCallReplacementClassAdapter - Adding mock interface to class com/fasterxml/jackson/databind/ser/impl/IndexedListSerializer
2024-11-12 13:41:31,411 INFO  CreateClassResetClassAdapter - Creating brand-new static initializer in class com/fasterxml/jackson/databind/ser/impl/IndexedListSerializer
2024-11-12 13:41:31,411 INFO  EvoClassLoader - Keeping class: com.fasterxml.jackson.databind.ser.impl.IndexedListSerializer
2024-11-12 13:41:31,411 INFO  EvoClassLoader - Seeing class for first time: com.fasterxml.jackson.databind.ser.std.ReferenceTypeSerializer
2024-11-12 13:41:31,411 INFO  EvoClassLoader - Instrumenting class 'com.fasterxml.jackson.databind.ser.std.ReferenceTypeSerializer'.
2024-11-12 13:41:31,412 INFO  MethodCallReplacementClassAdapter - Adding mock interface to class com/fasterxml/jackson/databind/ser/std/ReferenceTypeSerializer
2024-11-12 13:41:31,412 INFO  CreateClassResetClassAdapter - Found static initializer in class com/fasterxml/jackson/databind/ser/std/ReferenceTypeSerializer
2024-11-12 13:41:31,413 INFO  EvoClassLoader - Keeping class: com.fasterxml.jackson.databind.ser.std.ReferenceTypeSerializer
2024-11-12 13:41:31,413 INFO  EvoClassLoader - Seeing class for first time: com.fasterxml.jackson.databind.ser.std.EnumSerializer
2024-11-12 13:41:31,413 INFO  EvoClassLoader - Instrumenting class 'com.fasterxml.jackson.databind.ser.std.EnumSerializer'.
2024-11-12 13:41:31,414 INFO  MethodCallReplacementClassAdapter - Adding mock interface to class com/fasterxml/jackson/databind/ser/std/EnumSerializer
2024-11-12 13:41:31,415 INFO  CreateClassResetClassAdapter - Creating brand-new static initializer in class com/fasterxml/jackson/databind/ser/std/EnumSerializer
2024-11-12 13:41:31,416 INFO  EvoClassLoader - Keeping class: com.fasterxml.jackson.databind.ser.std.EnumSerializer
2024-11-12 13:41:31,416 INFO  EvoClassLoader - Seeing class for first time: com.fasterxml.jackson.databind.ser.impl.MapEntrySerializer
2024-11-12 13:41:31,416 INFO  EvoClassLoader - Instrumenting class 'com.fasterxml.jackson.databind.ser.impl.MapEntrySerializer'.
2024-11-12 13:41:31,416 INFO  MethodCallReplacementClassAdapter - Adding mock interface to class com/fasterxml/jackson/databind/ser/impl/MapEntrySerializer
2024-11-12 13:41:31,464 INFO  CreateClassResetClassAdapter - Found static initializer in class com/fasterxml/jackson/databind/ser/impl/MapEntrySerializer
2024-11-12 13:41:31,465 INFO  EvoClassLoader - Keeping class: com.fasterxml.jackson.databind.ser.impl.MapEntrySerializer
2024-11-12 13:41:31,465 INFO  EvoClassLoader - Seeing class for first time: com.fasterxml.jackson.databind.ser.impl.IteratorSerializer
2024-11-12 13:41:31,465 INFO  EvoClassLoader - Instrumenting class 'com.fasterxml.jackson.databind.ser.impl.IteratorSerializer'.
2024-11-12 13:41:31,466 INFO  MethodCallReplacementClassAdapter - Adding mock interface to class com/fasterxml/jackson/databind/ser/impl/IteratorSerializer
2024-11-12 13:41:31,467 INFO  CreateClassResetClassAdapter - Creating brand-new static initializer in class com/fasterxml/jackson/databind/ser/impl/IteratorSerializer
2024-11-12 13:41:31,467 INFO  EvoClassLoader - Keeping class: com.fasterxml.jackson.databind.ser.impl.IteratorSerializer
2024-11-12 13:41:31,467 INFO  EvoClassLoader - Seeing class for first time: com.fasterxml.jackson.databind.ser.std.IterableSerializer
2024-11-12 13:41:31,467 INFO  EvoClassLoader - Instrumenting class 'com.fasterxml.jackson.databind.ser.std.IterableSerializer'.
2024-11-12 13:41:31,467 INFO  MethodCallReplacementClassAdapter - Adding mock interface to class com/fasterxml/jackson/databind/ser/std/IterableSerializer
2024-11-12 13:41:31,473 INFO  CreateClassResetClassAdapter - Creating brand-new static initializer in class com/fasterxml/jackson/databind/ser/std/IterableSerializer
2024-11-12 13:41:31,473 INFO  EvoClassLoader - Keeping class: com.fasterxml.jackson.databind.ser.std.IterableSerializer
2024-11-12 13:41:31,474 INFO  EvoClassLoader - Seeing class for first time: com.fasterxml.jackson.databind.ser.std.MapSerializer
2024-11-12 13:41:31,474 INFO  EvoClassLoader - Instrumenting class 'com.fasterxml.jackson.databind.ser.std.MapSerializer'.
2024-11-12 13:41:31,475 INFO  MethodCallReplacementClassAdapter - Adding mock interface to class com/fasterxml/jackson/databind/ser/std/MapSerializer
2024-11-12 13:41:31,476 INFO  CreateClassResetClassAdapter - Found static initializer in class com/fasterxml/jackson/databind/ser/std/MapSerializer
2024-11-12 13:41:31,477 INFO  EvoClassLoader - Keeping class: com.fasterxml.jackson.databind.ser.std.MapSerializer
2024-11-12 13:41:31,477 INFO  EvoClassLoader - Seeing class for first time: com.fasterxml.jackson.databind.cfg.SerializerFactoryConfig
2024-11-12 13:41:31,477 INFO  EvoClassLoader - Instrumenting class 'com.fasterxml.jackson.databind.cfg.SerializerFactoryConfig'.
2024-11-12 13:41:31,477 INFO  MethodCallReplacementClassAdapter - Adding mock interface to class com/fasterxml/jackson/databind/cfg/SerializerFactoryConfig
2024-11-12 13:41:31,480 INFO  CreateClassResetClassAdapter - Found static initializer in class com/fasterxml/jackson/databind/cfg/SerializerFactoryConfig
2024-11-12 13:41:31,481 INFO  EvoClassLoader - Keeping class: com.fasterxml.jackson.databind.cfg.SerializerFactoryConfig
2024-11-12 13:41:31,482 INFO  EvoClassLoader - Seeing class for first time: com.fasterxml.jackson.databind.ser.std.StdJdkSerializers$AtomicBooleanSerializer
2024-11-12 13:41:31,482 INFO  EvoClassLoader - Instrumenting class 'com.fasterxml.jackson.databind.ser.std.StdJdkSerializers$AtomicBooleanSerializer'.
2024-11-12 13:41:31,483 INFO  MethodCallReplacementClassAdapter - Adding mock interface to class com/fasterxml/jackson/databind/ser/std/StdJdkSerializers$AtomicBooleanSerializer
2024-11-12 13:41:31,484 INFO  CreateClassResetClassAdapter - Creating brand-new static initializer in class com/fasterxml/jackson/databind/ser/std/StdJdkSerializers$AtomicBooleanSerializer
2024-11-12 13:41:31,484 INFO  EvoClassLoader - Keeping class: com.fasterxml.jackson.databind.ser.std.StdJdkSerializers$AtomicBooleanSerializer
2024-11-12 13:41:31,484 INFO  EvoClassLoader - Seeing class for first time: com.fasterxml.jackson.databind.ser.std.StdJdkSerializers$AtomicIntegerSerializer
2024-11-12 13:41:31,484 INFO  EvoClassLoader - Instrumenting class 'com.fasterxml.jackson.databind.ser.std.StdJdkSerializers$AtomicIntegerSerializer'.
2024-11-12 13:41:31,485 INFO  MethodCallReplacementClassAdapter - Adding mock interface to class com/fasterxml/jackson/databind/ser/std/StdJdkSerializers$AtomicIntegerSerializer
2024-11-12 13:41:31,486 INFO  CreateClassResetClassAdapter - Creating brand-new static initializer in class com/fasterxml/jackson/databind/ser/std/StdJdkSerializers$AtomicIntegerSerializer
2024-11-12 13:41:31,486 INFO  EvoClassLoader - Keeping class: com.fasterxml.jackson.databind.ser.std.StdJdkSerializers$AtomicIntegerSerializer
2024-11-12 13:41:31,486 INFO  EvoClassLoader - Seeing class for first time: com.fasterxml.jackson.databind.ser.std.StdJdkSerializers$AtomicLongSerializer
2024-11-12 13:41:31,486 INFO  EvoClassLoader - Instrumenting class 'com.fasterxml.jackson.databind.ser.std.StdJdkSerializers$AtomicLongSerializer'.
2024-11-12 13:41:31,486 INFO  MethodCallReplacementClassAdapter - Adding mock interface to class com/fasterxml/jackson/databind/ser/std/StdJdkSerializers$AtomicLongSerializer
2024-11-12 13:41:31,486 INFO  CreateClassResetClassAdapter - Creating brand-new static initializer in class com/fasterxml/jackson/databind/ser/std/StdJdkSerializers$AtomicLongSerializer
2024-11-12 13:41:31,486 INFO  EvoClassLoader - Keeping class: com.fasterxml.jackson.databind.ser.std.StdJdkSerializers$AtomicLongSerializer
2024-11-12 13:41:31,486 INFO  EvoClassLoader - Seeing class for first time: com.fasterxml.jackson.databind.ser.std.FileSerializer
2024-11-12 13:41:31,486 INFO  EvoClassLoader - Instrumenting class 'com.fasterxml.jackson.databind.ser.std.FileSerializer'.
2024-11-12 13:41:31,488 INFO  MethodCallReplacementClassAdapter - Adding mock interface to class com/fasterxml/jackson/databind/ser/std/FileSerializer
2024-11-12 13:41:31,488 INFO  CreateClassResetClassAdapter - Creating brand-new static initializer in class com/fasterxml/jackson/databind/ser/std/FileSerializer
2024-11-12 13:41:31,488 INFO  EvoClassLoader - Keeping class: com.fasterxml.jackson.databind.ser.std.FileSerializer
2024-11-12 13:41:31,488 INFO  EvoClassLoader - Seeing class for first time: com.fasterxml.jackson.databind.ser.std.ClassSerializer
2024-11-12 13:41:31,488 INFO  EvoClassLoader - Instrumenting class 'com.fasterxml.jackson.databind.ser.std.ClassSerializer'.
2024-11-12 13:41:31,489 INFO  MethodCallReplacementClassAdapter - Adding mock interface to class com/fasterxml/jackson/databind/ser/std/ClassSerializer
2024-11-12 13:41:31,489 INFO  CreateClassResetClassAdapter - Creating brand-new static initializer in class com/fasterxml/jackson/databind/ser/std/ClassSerializer
2024-11-12 13:41:31,489 INFO  EvoClassLoader - Keeping class: com.fasterxml.jackson.databind.ser.std.ClassSerializer
2024-11-12 13:41:31,489 INFO  EvoClassLoader - Seeing class for first time: com.fasterxml.jackson.databind.ser.std.TokenBufferSerializer
2024-11-12 13:41:31,489 INFO  EvoClassLoader - Instrumenting class 'com.fasterxml.jackson.databind.ser.std.TokenBufferSerializer'.
2024-11-12 13:41:31,489 INFO  MethodCallReplacementClassAdapter - Adding mock interface to class com/fasterxml/jackson/databind/ser/std/TokenBufferSerializer
2024-11-12 13:41:31,489 INFO  CreateClassResetClassAdapter - Creating brand-new static initializer in class com/fasterxml/jackson/databind/ser/std/TokenBufferSerializer
2024-11-12 13:41:31,489 INFO  EvoClassLoader - Keeping class: com.fasterxml.jackson.databind.ser.std.TokenBufferSerializer
2024-11-12 13:41:31,490 INFO  EvoClassLoader - Seeing class for first time: com.fasterxml.jackson.databind.ser.BeanSerializer
2024-11-12 13:41:31,490 INFO  EvoClassLoader - Instrumenting class 'com.fasterxml.jackson.databind.ser.BeanSerializer'.
2024-11-12 13:41:31,490 INFO  MethodCallReplacementClassAdapter - Adding mock interface to class com/fasterxml/jackson/databind/ser/BeanSerializer
2024-11-12 13:41:31,490 INFO  CreateClassResetClassAdapter - Creating brand-new static initializer in class com/fasterxml/jackson/databind/ser/BeanSerializer
2024-11-12 13:41:31,490 INFO  EvoClassLoader - Seeing class for first time: com.fasterxml.jackson.databind.ser.std.BeanSerializerBase
2024-11-12 13:41:31,490 INFO  EvoClassLoader - Instrumenting class 'com.fasterxml.jackson.databind.ser.std.BeanSerializerBase'.
2024-11-12 13:41:31,492 INFO  MethodCallReplacementClassAdapter - Adding mock interface to class com/fasterxml/jackson/databind/ser/std/BeanSerializerBase
2024-11-12 13:41:31,498 INFO  CreateClassResetClassAdapter - Found static initializer in class com/fasterxml/jackson/databind/ser/std/BeanSerializerBase
2024-11-12 13:41:31,501 INFO  EvoClassLoader - Keeping class: com.fasterxml.jackson.databind.ser.std.BeanSerializerBase
2024-11-12 13:41:31,501 INFO  EvoClassLoader - Keeping class: com.fasterxml.jackson.databind.ser.BeanSerializer
2024-11-12 13:41:31,501 INFO  EvoClassLoader - Seeing class for first time: com.fasterxml.jackson.databind.ser.impl.UnsupportedTypeSerializer
2024-11-12 13:41:31,501 INFO  EvoClassLoader - Instrumenting class 'com.fasterxml.jackson.databind.ser.impl.UnsupportedTypeSerializer'.
2024-11-12 13:41:31,502 INFO  MethodCallReplacementClassAdapter - Adding mock interface to class com/fasterxml/jackson/databind/ser/impl/UnsupportedTypeSerializer
2024-11-12 13:41:31,503 INFO  CreateClassResetClassAdapter - Creating brand-new static initializer in class com/fasterxml/jackson/databind/ser/impl/UnsupportedTypeSerializer
2024-11-12 13:41:31,503 INFO  EvoClassLoader - Keeping class: com.fasterxml.jackson.databind.ser.impl.UnsupportedTypeSerializer
2024-11-12 13:41:31,505 INFO  EvoClassLoader - Seeing class for first time: com.fasterxml.jackson.databind.ser.impl.PropertyBasedObjectIdGenerator
2024-11-12 13:41:31,505 INFO  EvoClassLoader - Instrumenting class 'com.fasterxml.jackson.databind.ser.impl.PropertyBasedObjectIdGenerator'.
2024-11-12 13:41:31,506 INFO  MethodCallReplacementClassAdapter - Adding mock interface to class com/fasterxml/jackson/databind/ser/impl/PropertyBasedObjectIdGenerator
2024-11-12 13:41:31,508 INFO  CreateClassResetClassAdapter - Creating brand-new static initializer in class com/fasterxml/jackson/databind/ser/impl/PropertyBasedObjectIdGenerator
2024-11-12 13:41:31,509 INFO  EvoClassLoader - Keeping class: com.fasterxml.jackson.databind.ser.impl.PropertyBasedObjectIdGenerator
2024-11-12 13:41:31,510 INFO  EvoClassLoader - Seeing class for first time: com.fasterxml.jackson.databind.ser.BeanSerializerBuilder
2024-11-12 13:41:31,510 INFO  EvoClassLoader - Instrumenting class 'com.fasterxml.jackson.databind.ser.BeanSerializerBuilder'.
2024-11-12 13:41:31,511 INFO  MethodCallReplacementClassAdapter - Adding mock interface to class com/fasterxml/jackson/databind/ser/BeanSerializerBuilder
2024-11-12 13:41:31,513 INFO  CreateClassResetClassAdapter - Found static initializer in class com/fasterxml/jackson/databind/ser/BeanSerializerBuilder
2024-11-12 13:41:31,514 INFO  EvoClassLoader - Keeping class: com.fasterxml.jackson.databind.ser.BeanSerializerBuilder
2024-11-12 13:41:31,514 INFO  EvoClassLoader - Seeing class for first time: com.fasterxml.jackson.databind.ser.impl.ObjectIdWriter
2024-11-12 13:41:31,514 INFO  EvoClassLoader - Instrumenting class 'com.fasterxml.jackson.databind.ser.impl.ObjectIdWriter'.
2024-11-12 13:41:31,514 INFO  MethodCallReplacementClassAdapter - Adding mock interface to class com/fasterxml/jackson/databind/ser/impl/ObjectIdWriter
2024-11-12 13:41:31,514 INFO  CreateClassResetClassAdapter - Creating brand-new static initializer in class com/fasterxml/jackson/databind/ser/impl/ObjectIdWriter
2024-11-12 13:41:31,515 INFO  EvoClassLoader - Keeping class: com.fasterxml.jackson.databind.ser.impl.ObjectIdWriter
2024-11-12 13:41:31,515 INFO  EvoClassLoader - Seeing class for first time: com.fasterxml.jackson.databind.ser.PropertyBuilder
2024-11-12 13:41:31,515 INFO  EvoClassLoader - Instrumenting class 'com.fasterxml.jackson.databind.ser.PropertyBuilder'.
2024-11-12 13:41:31,515 INFO  MethodCallReplacementClassAdapter - Adding mock interface to class com/fasterxml/jackson/databind/ser/PropertyBuilder
2024-11-12 13:41:31,517 INFO  CreateClassResetClassAdapter - Found static initializer in class com/fasterxml/jackson/databind/ser/PropertyBuilder
2024-11-12 13:41:31,519 INFO  EvoClassLoader - Keeping class: com.fasterxml.jackson.databind.ser.PropertyBuilder
2024-11-12 13:41:31,520 INFO  EvoClassLoader - Seeing class for first time: org.apache.hadoop.hdfs.web.JsonUtil
2024-11-12 13:41:31,520 INFO  EvoClassLoader - Instrumenting class 'org.apache.hadoop.hdfs.web.JsonUtil'.
2024-11-12 13:41:31,521 INFO  MethodCallReplacementClassAdapter - Adding mock interface to class org/apache/hadoop/hdfs/web/JsonUtil
2024-11-12 13:41:31,523 INFO  CreateClassResetClassAdapter - Found static initializer in class org/apache/hadoop/hdfs/web/JsonUtil
2024-11-12 13:41:31,523 INFO  EvoClassLoader - Defined package (3): package org.apache.hadoop.hdfs.web, -1603369982
2024-11-12 13:41:31,524 INFO  EvoClassLoader - Keeping class: org.apache.hadoop.hdfs.web.JsonUtil
2024-11-12 13:41:31,525 INFO  EvoClassLoader - Seeing class for first time: org.apache.hadoop.fs.XAttrCodec
2024-11-12 13:41:31,525 INFO  EvoClassLoader - Instrumenting class 'org.apache.hadoop.fs.XAttrCodec'.
2024-11-12 13:41:31,525 INFO  MethodCallReplacementClassAdapter - Adding mock interface to class org/apache/hadoop/fs/XAttrCodec
2024-11-12 13:41:31,526 INFO  CreateClassResetClassAdapter - Found static initializer in class org/apache/hadoop/fs/XAttrCodec
2024-11-12 13:41:31,526 INFO  EvoClassLoader - Keeping class: org.apache.hadoop.fs.XAttrCodec
2024-11-12 13:41:31,526 INFO  EvoClassLoader - Seeing class for first time: org.apache.hadoop.fs.MD5MD5CRC32FileChecksum
2024-11-12 13:41:31,526 INFO  EvoClassLoader - Instrumenting class 'org.apache.hadoop.fs.MD5MD5CRC32FileChecksum'.
2024-11-12 13:41:31,526 INFO  MethodCallReplacementClassAdapter - Adding mock interface to class org/apache/hadoop/fs/MD5MD5CRC32FileChecksum
2024-11-12 13:41:31,527 INFO  CreateClassResetClassAdapter - Creating brand-new static initializer in class org/apache/hadoop/fs/MD5MD5CRC32FileChecksum
2024-11-12 13:41:31,527 INFO  CreateClassResetClassAdapter - Adding bytecode for initializing field LENGTH
2024-11-12 13:41:31,527 INFO  EvoClassLoader - Keeping class: org.apache.hadoop.fs.MD5MD5CRC32FileChecksum
2024-11-12 13:41:31,527 INFO  EvoClassLoader - Seeing class for first time: org.apache.hadoop.hdfs.protocol.SnapshotDiffReport
2024-11-12 13:41:31,527 INFO  EvoClassLoader - Instrumenting class 'org.apache.hadoop.hdfs.protocol.SnapshotDiffReport'.
2024-11-12 13:41:31,527 INFO  MethodCallReplacementClassAdapter - Adding mock interface to class org/apache/hadoop/hdfs/protocol/SnapshotDiffReport
2024-11-12 13:41:31,528 INFO  CreateClassResetClassAdapter - Found static initializer in class org/apache/hadoop/hdfs/protocol/SnapshotDiffReport
2024-11-12 13:41:31,528 INFO  EvoClassLoader - Keeping class: org.apache.hadoop.hdfs.protocol.SnapshotDiffReport
2024-11-12 13:41:31,528 INFO  EvoClassLoader - Seeing class for first time: org.apache.hadoop.hdfs.protocol.SnapshottableDirectoryStatus
2024-11-12 13:41:31,528 INFO  EvoClassLoader - Instrumenting class 'org.apache.hadoop.hdfs.protocol.SnapshottableDirectoryStatus'.
2024-11-12 13:41:31,528 INFO  MethodCallReplacementClassAdapter - Adding mock interface to class org/apache/hadoop/hdfs/protocol/SnapshottableDirectoryStatus
2024-11-12 13:41:31,529 INFO  CreateClassResetClassAdapter - Found static initializer in class org/apache/hadoop/hdfs/protocol/SnapshottableDirectoryStatus
2024-11-12 13:41:31,529 INFO  EvoClassLoader - Keeping class: org.apache.hadoop.hdfs.protocol.SnapshottableDirectoryStatus
2024-11-12 13:41:31,530 INFO  EvoClassLoader - Seeing class for first time: org.apache.hadoop.hdfs.protocol.DirectoryListing
2024-11-12 13:41:31,530 INFO  EvoClassLoader - Instrumenting class 'org.apache.hadoop.hdfs.protocol.DirectoryListing'.
2024-11-12 13:41:31,530 INFO  MethodCallReplacementClassAdapter - Adding mock interface to class org/apache/hadoop/hdfs/protocol/DirectoryListing
2024-11-12 13:41:31,530 INFO  CreateClassResetClassAdapter - Creating brand-new static initializer in class org/apache/hadoop/hdfs/protocol/DirectoryListing
2024-11-12 13:41:31,530 INFO  EvoClassLoader - Keeping class: org.apache.hadoop.hdfs.protocol.DirectoryListing
2024-11-12 13:41:31,530 INFO  EvoClassLoader - Seeing class for first time: org.apache.hadoop.hdfs.protocol.SnapshotDiffReport$DiffReportEntry
2024-11-12 13:41:31,530 INFO  EvoClassLoader - Instrumenting class 'org.apache.hadoop.hdfs.protocol.SnapshotDiffReport$DiffReportEntry'.
2024-11-12 13:41:31,530 INFO  MethodCallReplacementClassAdapter - Adding mock interface to class org/apache/hadoop/hdfs/protocol/SnapshotDiffReport$DiffReportEntry
2024-11-12 13:41:31,531 INFO  CreateClassResetClassAdapter - Creating brand-new static initializer in class org/apache/hadoop/hdfs/protocol/SnapshotDiffReport$DiffReportEntry
2024-11-12 13:41:31,531 INFO  EvoClassLoader - Keeping class: org.apache.hadoop.hdfs.protocol.SnapshotDiffReport$DiffReportEntry
2024-11-12 13:41:31,531 INFO  EvoClassLoader - Seeing class for first time: org.apache.hadoop.util.Shell$OSType
2024-11-12 13:41:31,531 INFO  EvoClassLoader - Instrumenting class 'org.apache.hadoop.util.Shell$OSType'.
2024-11-12 13:41:31,531 INFO  MethodCallReplacementClassAdapter - Adding mock interface to class org/apache/hadoop/util/Shell$OSType
2024-11-12 13:41:31,532 INFO  CreateClassResetClassAdapter - Found static initializer in class org/apache/hadoop/util/Shell$OSType
2024-11-12 13:41:31,532 INFO  EvoClassLoader - Keeping class: org.apache.hadoop.util.Shell$OSType
2024-11-12 13:41:31,532 INFO  EvoClassLoader - Seeing class for first time: org.apache.hadoop.util.Shell
2024-11-12 13:41:31,532 INFO  EvoClassLoader - Instrumenting class 'org.apache.hadoop.util.Shell'.
2024-11-12 13:41:31,532 INFO  MethodCallReplacementClassAdapter - Adding mock interface to class org/apache/hadoop/util/Shell
2024-11-12 13:41:31,535 INFO  CreateClassResetClassAdapter - Found static initializer in class org/apache/hadoop/util/Shell
2024-11-12 13:41:31,536 INFO  EvoClassLoader - Keeping class: org.apache.hadoop.util.Shell
2024-11-12 13:41:31,536 INFO  EvoClassLoader - Seeing class for first time: org.apache.hadoop.util.Shell$ShellTimeoutTimerTask
2024-11-12 13:41:31,536 INFO  EvoClassLoader - Instrumenting class 'org.apache.hadoop.util.Shell$ShellTimeoutTimerTask'.
2024-11-12 13:41:31,536 INFO  MethodCallReplacementClassAdapter - Adding mock interface to class org/apache/hadoop/util/Shell$ShellTimeoutTimerTask
2024-11-12 13:41:31,536 INFO  CreateClassResetClassAdapter - Creating brand-new static initializer in class org/apache/hadoop/util/Shell$ShellTimeoutTimerTask
2024-11-12 13:41:31,536 INFO  EvoClassLoader - Keeping class: org.apache.hadoop.util.Shell$ShellTimeoutTimerTask
2024-11-12 13:41:31,536 INFO  EvoClassLoader - Seeing class for first time: org.apache.hadoop.util.Shell$ShellCommandExecutor
2024-11-12 13:41:31,536 INFO  EvoClassLoader - Instrumenting class 'org.apache.hadoop.util.Shell$ShellCommandExecutor'.
2024-11-12 13:41:31,536 INFO  MethodCallReplacementClassAdapter - Adding mock interface to class org/apache/hadoop/util/Shell$ShellCommandExecutor
2024-11-12 13:41:31,537 INFO  CreateClassResetClassAdapter - Creating brand-new static initializer in class org/apache/hadoop/util/Shell$ShellCommandExecutor
2024-11-12 13:41:31,537 INFO  EvoClassLoader - Seeing class for first time: org.apache.hadoop.util.Shell$CommandExecutor
2024-11-12 13:41:31,537 INFO  EvoClassLoader - Instrumenting class 'org.apache.hadoop.util.Shell$CommandExecutor'.
2024-11-12 13:41:31,537 INFO  EvoClassLoader - Keeping class: org.apache.hadoop.util.Shell$CommandExecutor
2024-11-12 13:41:31,537 INFO  EvoClassLoader - Keeping class: org.apache.hadoop.util.Shell$ShellCommandExecutor
2024-11-12 13:41:31,537 INFO  EvoClassLoader - Seeing class for first time: org.apache.hadoop.util.Shell$ExitCodeException
2024-11-12 13:41:31,537 INFO  EvoClassLoader - Instrumenting class 'org.apache.hadoop.util.Shell$ExitCodeException'.
2024-11-12 13:41:31,537 INFO  MethodCallReplacementClassAdapter - Adding mock interface to class org/apache/hadoop/util/Shell$ExitCodeException
2024-11-12 13:41:31,537 INFO  CreateClassResetClassAdapter - Creating brand-new static initializer in class org/apache/hadoop/util/Shell$ExitCodeException
2024-11-12 13:41:31,537 INFO  EvoClassLoader - Keeping class: org.apache.hadoop.util.Shell$ExitCodeException
2024-11-12 13:41:31,538 INFO  EvoClassLoader - Seeing class for first time: org.apache.hadoop.util.Shell$1
2024-11-12 13:41:31,538 INFO  EvoClassLoader - Instrumenting class 'org.apache.hadoop.util.Shell$1'.
2024-11-12 13:41:31,538 INFO  MethodCallReplacementClassAdapter - Adding mock interface to class org/apache/hadoop/util/Shell$1
2024-11-12 13:41:31,539 INFO  EvoClassLoader - Keeping class: org.apache.hadoop.util.Shell$1
2024-11-12 13:41:31,539 INFO  EvoClassLoader - Seeing class for first time: org.apache.hadoop.util.Time
2024-11-12 13:41:31,539 INFO  EvoClassLoader - Instrumenting class 'org.apache.hadoop.util.Time'.
2024-11-12 13:41:31,539 INFO  MethodCallReplacementClassAdapter - Adding mock interface to class org/apache/hadoop/util/Time
2024-11-12 13:41:31,540 INFO  CreateClassResetClassAdapter - Found static initializer in class org/apache/hadoop/util/Time
2024-11-12 13:41:31,540 INFO  EvoClassLoader - Keeping class: org.apache.hadoop.util.Time
2024-11-12 13:41:31,540 INFO  EvoClassLoader - Seeing class for first time: org.apache.hadoop.util.Time$1
2024-11-12 13:41:31,540 INFO  EvoClassLoader - Instrumenting class 'org.apache.hadoop.util.Time$1'.
2024-11-12 13:41:31,540 INFO  MethodCallReplacementClassAdapter - Adding mock interface to class org/apache/hadoop/util/Time$1
2024-11-12 13:41:31,540 INFO  EvoClassLoader - Keeping class: org.apache.hadoop.util.Time$1
2024-11-12 13:41:31,542 INFO  EvoClassLoader - Seeing class for first time: org.apache.hadoop.util.StringUtils
2024-11-12 13:41:31,542 INFO  EvoClassLoader - Instrumenting class 'org.apache.hadoop.util.StringUtils'.
2024-11-12 13:41:31,542 INFO  MethodCallReplacementClassAdapter - Adding mock interface to class org/apache/hadoop/util/StringUtils
2024-11-12 13:41:31,544 INFO  CreateClassResetClassAdapter - Found static initializer in class org/apache/hadoop/util/StringUtils
2024-11-12 13:41:31,545 INFO  EvoClassLoader - Keeping class: org.apache.hadoop.util.StringUtils
2024-11-12 13:41:31,546 INFO  EvoClassLoader - Seeing class for first time: org.apache.commons.lang3.time.FastDateFormat
2024-11-12 13:41:31,546 INFO  EvoClassLoader - Instrumenting class 'org.apache.commons.lang3.time.FastDateFormat'.
2024-11-12 13:41:31,546 INFO  MethodCallReplacementClassAdapter - Adding mock interface to class org/apache/commons/lang3/time/FastDateFormat
2024-11-12 13:41:31,546 INFO  CreateClassResetClassAdapter - Found static initializer in class org/apache/commons/lang3/time/FastDateFormat
2024-11-12 13:41:31,546 INFO  EvoClassLoader - Defined package (3): package org.apache.commons.lang3.time, -377128206
2024-11-12 13:41:31,546 INFO  EvoClassLoader - Seeing class for first time: org.apache.commons.lang3.time.DateParser
2024-11-12 13:41:31,546 INFO  EvoClassLoader - Instrumenting class 'org.apache.commons.lang3.time.DateParser'.
2024-11-12 13:41:31,547 INFO  EvoClassLoader - Keeping class: org.apache.commons.lang3.time.DateParser
2024-11-12 13:41:31,547 INFO  EvoClassLoader - Seeing class for first time: org.apache.commons.lang3.time.DatePrinter
2024-11-12 13:41:31,547 INFO  EvoClassLoader - Instrumenting class 'org.apache.commons.lang3.time.DatePrinter'.
2024-11-12 13:41:31,547 INFO  EvoClassLoader - Keeping class: org.apache.commons.lang3.time.DatePrinter
2024-11-12 13:41:31,547 INFO  EvoClassLoader - Keeping class: org.apache.commons.lang3.time.FastDateFormat
2024-11-12 13:41:31,547 INFO  EvoClassLoader - Seeing class for first time: org.apache.hadoop.util.LogAdapter
2024-11-12 13:41:31,547 INFO  EvoClassLoader - Instrumenting class 'org.apache.hadoop.util.LogAdapter'.
2024-11-12 13:41:31,547 INFO  MethodCallReplacementClassAdapter - Adding mock interface to class org/apache/hadoop/util/LogAdapter
2024-11-12 13:41:31,547 INFO  CreateClassResetClassAdapter - Creating brand-new static initializer in class org/apache/hadoop/util/LogAdapter
2024-11-12 13:41:31,548 INFO  EvoClassLoader - Keeping class: org.apache.hadoop.util.LogAdapter
2024-11-12 13:41:31,548 INFO  EvoClassLoader - Seeing class for first time: org.apache.commons.codec.CodecPolicy
2024-11-12 13:41:31,548 INFO  EvoClassLoader - Instrumenting class 'org.apache.commons.codec.CodecPolicy'.
2024-11-12 13:41:31,548 INFO  MethodCallReplacementClassAdapter - Adding mock interface to class org/apache/commons/codec/CodecPolicy
2024-11-12 13:41:31,548 INFO  CreateClassResetClassAdapter - Found static initializer in class org/apache/commons/codec/CodecPolicy
2024-11-12 13:41:31,548 INFO  EvoClassLoader - Defined package (3): package org.apache.commons.codec, -907626822
2024-11-12 13:41:31,548 INFO  EvoClassLoader - Keeping class: org.apache.commons.codec.CodecPolicy
2024-11-12 13:41:31,548 INFO  EvoClassLoader - Seeing class for first time: org.apache.commons.codec.binary.BaseNCodec
2024-11-12 13:41:31,548 INFO  EvoClassLoader - Instrumenting class 'org.apache.commons.codec.binary.BaseNCodec'.
2024-11-12 13:41:31,549 INFO  MethodCallReplacementClassAdapter - Adding mock interface to class org/apache/commons/codec/binary/BaseNCodec
2024-11-12 13:41:31,549 INFO  CreateClassResetClassAdapter - Found static initializer in class org/apache/commons/codec/binary/BaseNCodec
2024-11-12 13:41:31,549 INFO  EvoClassLoader - Defined package (3): package org.apache.commons.codec.binary, 628086197
2024-11-12 13:41:31,549 INFO  EvoClassLoader - Seeing class for first time: org.apache.commons.codec.BinaryEncoder
2024-11-12 13:41:31,549 INFO  EvoClassLoader - Instrumenting class 'org.apache.commons.codec.BinaryEncoder'.
2024-11-12 13:41:31,550 INFO  EvoClassLoader - Seeing class for first time: org.apache.commons.codec.Encoder
2024-11-12 13:41:31,550 INFO  EvoClassLoader - Instrumenting class 'org.apache.commons.codec.Encoder'.
2024-11-12 13:41:31,550 INFO  EvoClassLoader - Keeping class: org.apache.commons.codec.Encoder
2024-11-12 13:41:31,550 INFO  EvoClassLoader - Keeping class: org.apache.commons.codec.BinaryEncoder
2024-11-12 13:41:31,550 INFO  EvoClassLoader - Seeing class for first time: org.apache.commons.codec.BinaryDecoder
2024-11-12 13:41:31,550 INFO  EvoClassLoader - Instrumenting class 'org.apache.commons.codec.BinaryDecoder'.
2024-11-12 13:41:31,550 INFO  EvoClassLoader - Seeing class for first time: org.apache.commons.codec.Decoder
2024-11-12 13:41:31,550 INFO  EvoClassLoader - Instrumenting class 'org.apache.commons.codec.Decoder'.
2024-11-12 13:41:31,550 INFO  EvoClassLoader - Keeping class: org.apache.commons.codec.Decoder
2024-11-12 13:41:31,550 INFO  EvoClassLoader - Keeping class: org.apache.commons.codec.BinaryDecoder
2024-11-12 13:41:31,550 INFO  EvoClassLoader - Keeping class: org.apache.commons.codec.binary.BaseNCodec
2024-11-12 13:41:31,550 INFO  EvoClassLoader - Seeing class for first time: org.apache.commons.codec.DecoderException
2024-11-12 13:41:31,550 INFO  EvoClassLoader - Instrumenting class 'org.apache.commons.codec.DecoderException'.
2024-11-12 13:41:31,550 INFO  MethodCallReplacementClassAdapter - Adding mock interface to class org/apache/commons/codec/DecoderException
2024-11-12 13:41:31,550 INFO  CreateClassResetClassAdapter - Creating brand-new static initializer in class org/apache/commons/codec/DecoderException
2024-11-12 13:41:31,550 INFO  EvoClassLoader - Keeping class: org.apache.commons.codec.DecoderException
2024-11-12 13:41:31,550 INFO  EvoClassLoader - Seeing class for first time: org.apache.commons.codec.EncoderException
2024-11-12 13:41:31,550 INFO  EvoClassLoader - Instrumenting class 'org.apache.commons.codec.EncoderException'.
2024-11-12 13:41:31,551 INFO  MethodCallReplacementClassAdapter - Adding mock interface to class org/apache/commons/codec/EncoderException
2024-11-12 13:41:31,551 INFO  CreateClassResetClassAdapter - Creating brand-new static initializer in class org/apache/commons/codec/EncoderException
2024-11-12 13:41:31,551 INFO  EvoClassLoader - Keeping class: org.apache.commons.codec.EncoderException
2024-11-12 13:41:31,551 INFO  EvoClassLoader - Seeing class for first time: org.apache.commons.codec.binary.BaseNCodec$Context
2024-11-12 13:41:31,551 INFO  EvoClassLoader - Instrumenting class 'org.apache.commons.codec.binary.BaseNCodec$Context'.
2024-11-12 13:41:31,551 INFO  MethodCallReplacementClassAdapter - Adding mock interface to class org/apache/commons/codec/binary/BaseNCodec$Context
2024-11-12 13:41:31,551 INFO  CreateClassResetClassAdapter - Creating brand-new static initializer in class org/apache/commons/codec/binary/BaseNCodec$Context
2024-11-12 13:41:31,551 INFO  EvoClassLoader - Keeping class: org.apache.commons.codec.binary.BaseNCodec$Context
2024-11-12 13:41:31,551 INFO  EvoClassLoader - Seeing class for first time: org.apache.commons.codec.binary.Base64
2024-11-12 13:41:31,551 INFO  EvoClassLoader - Instrumenting class 'org.apache.commons.codec.binary.Base64'.
2024-11-12 13:41:31,551 INFO  MethodCallReplacementClassAdapter - Adding mock interface to class org/apache/commons/codec/binary/Base64
2024-11-12 13:41:31,552 INFO  CreateClassResetClassAdapter - Found static initializer in class org/apache/commons/codec/binary/Base64
2024-11-12 13:41:31,553 INFO  EvoClassLoader - Keeping class: org.apache.commons.codec.binary.Base64
2024-11-12 13:41:31,554 INFO  EvoClassLoader - Seeing class for first time: org.apache.commons.codec.binary.Hex
2024-11-12 13:41:31,554 INFO  EvoClassLoader - Instrumenting class 'org.apache.commons.codec.binary.Hex'.
2024-11-12 13:41:31,554 INFO  MethodCallReplacementClassAdapter - Adding mock interface to class org/apache/commons/codec/binary/Hex
2024-11-12 13:41:31,554 INFO  CreateClassResetClassAdapter - Found static initializer in class org/apache/commons/codec/binary/Hex
2024-11-12 13:41:31,555 INFO  EvoClassLoader - Keeping class: org.apache.commons.codec.binary.Hex
2024-11-12 13:41:31,556 INFO  EvoClassLoader - Seeing class for first time: org.apache.hadoop.hdfs.server.namenode.AclEntryStatusFormat$1
2024-11-12 13:41:31,556 INFO  EvoClassLoader - Instrumenting class 'org.apache.hadoop.hdfs.server.namenode.AclEntryStatusFormat$1'.
2024-11-12 13:41:31,556 INFO  MethodCallReplacementClassAdapter - Adding mock interface to class org/apache/hadoop/hdfs/server/namenode/AclEntryStatusFormat$1
2024-11-12 13:41:31,556 INFO  EvoClassLoader - Keeping class: org.apache.hadoop.hdfs.server.namenode.AclEntryStatusFormat$1
2024-11-12 13:41:31,556 INFO  EvoClassLoader - Seeing class for first time: net.bytebuddy.build.HashCodeAndEqualsPlugin$Enhance$InvokeSuper
2024-11-12 13:41:31,556 INFO  EvoClassLoader - Instrumenting class 'net.bytebuddy.build.HashCodeAndEqualsPlugin$Enhance$InvokeSuper'.
2024-11-12 13:41:31,557 INFO  MethodCallReplacementClassAdapter - Adding mock interface to class net/bytebuddy/build/HashCodeAndEqualsPlugin$Enhance$InvokeSuper
2024-11-12 13:41:31,557 INFO  CreateClassResetClassAdapter - Found static initializer in class net/bytebuddy/build/HashCodeAndEqualsPlugin$Enhance$InvokeSuper
2024-11-12 13:41:31,557 INFO  EvoClassLoader - Defined package (3): package net.bytebuddy.build, -1091202835
2024-11-12 13:41:31,557 INFO  EvoClassLoader - Keeping class: net.bytebuddy.build.HashCodeAndEqualsPlugin$Enhance$InvokeSuper
2024-11-12 13:41:31,557 INFO  EvoClassLoader - Seeing class for first time: net.bytebuddy.build.HashCodeAndEqualsPlugin$Enhance
2024-11-12 13:41:31,557 INFO  EvoClassLoader - Instrumenting class 'net.bytebuddy.build.HashCodeAndEqualsPlugin$Enhance'.
2024-11-12 13:41:31,557 INFO  EvoClassLoader - Keeping class: net.bytebuddy.build.HashCodeAndEqualsPlugin$Enhance
2024-11-12 13:41:31,557 INFO  EvoClassLoader - Seeing class for first time: net.bytebuddy.build.HashCodeAndEqualsPlugin
2024-11-12 13:41:31,557 INFO  EvoClassLoader - Instrumenting class 'net.bytebuddy.build.HashCodeAndEqualsPlugin'.
2024-11-12 13:41:31,558 INFO  MethodCallReplacementClassAdapter - Adding mock interface to class net/bytebuddy/build/HashCodeAndEqualsPlugin
2024-11-12 13:41:31,558 INFO  CreateClassResetClassAdapter - Creating brand-new static initializer in class net/bytebuddy/build/HashCodeAndEqualsPlugin
2024-11-12 13:41:31,559 INFO  EvoClassLoader - Seeing class for first time: net.bytebuddy.build.Plugin
2024-11-12 13:41:31,559 INFO  EvoClassLoader - Instrumenting class 'net.bytebuddy.build.Plugin'.
2024-11-12 13:41:31,559 INFO  EvoClassLoader - Seeing class for first time: net.bytebuddy.matcher.ElementMatcher
2024-11-12 13:41:31,559 INFO  EvoClassLoader - Instrumenting class 'net.bytebuddy.matcher.ElementMatcher'.
2024-11-12 13:41:31,559 INFO  EvoClassLoader - Defined package (3): package net.bytebuddy.matcher, -63983631
2024-11-12 13:41:31,559 INFO  EvoClassLoader - Keeping class: net.bytebuddy.matcher.ElementMatcher
2024-11-12 13:41:31,559 INFO  EvoClassLoader - Keeping class: net.bytebuddy.build.Plugin
2024-11-12 13:41:31,559 INFO  EvoClassLoader - Seeing class for first time: net.bytebuddy.build.Plugin$Factory
2024-11-12 13:41:31,559 INFO  EvoClassLoader - Instrumenting class 'net.bytebuddy.build.Plugin$Factory'.
2024-11-12 13:41:31,559 INFO  EvoClassLoader - Keeping class: net.bytebuddy.build.Plugin$Factory
2024-11-12 13:41:31,559 INFO  EvoClassLoader - Keeping class: net.bytebuddy.build.HashCodeAndEqualsPlugin
2024-11-12 13:41:31,559 INFO  EvoClassLoader - Seeing class for first time: net.bytebuddy.build.HashCodeAndEqualsPlugin$Enhance$InvokeSuper$1
2024-11-12 13:41:31,559 INFO  EvoClassLoader - Instrumenting class 'net.bytebuddy.build.HashCodeAndEqualsPlugin$Enhance$InvokeSuper$1'.
2024-11-12 13:41:31,559 INFO  MethodCallReplacementClassAdapter - Adding mock interface to class net/bytebuddy/build/HashCodeAndEqualsPlugin$Enhance$InvokeSuper$1
2024-11-12 13:41:31,562 INFO  EvoClassLoader - Keeping class: net.bytebuddy.build.HashCodeAndEqualsPlugin$Enhance$InvokeSuper$1
2024-11-12 13:41:31,562 INFO  EvoClassLoader - Seeing class for first time: net.bytebuddy.build.HashCodeAndEqualsPlugin$Enhance$InvokeSuper$2
2024-11-12 13:41:31,562 INFO  EvoClassLoader - Instrumenting class 'net.bytebuddy.build.HashCodeAndEqualsPlugin$Enhance$InvokeSuper$2'.
2024-11-12 13:41:31,562 INFO  MethodCallReplacementClassAdapter - Adding mock interface to class net/bytebuddy/build/HashCodeAndEqualsPlugin$Enhance$InvokeSuper$2
2024-11-12 13:41:31,562 INFO  EvoClassLoader - Keeping class: net.bytebuddy.build.HashCodeAndEqualsPlugin$Enhance$InvokeSuper$2
2024-11-12 13:41:31,562 INFO  EvoClassLoader - Seeing class for first time: net.bytebuddy.build.HashCodeAndEqualsPlugin$Enhance$InvokeSuper$3
2024-11-12 13:41:31,562 INFO  EvoClassLoader - Instrumenting class 'net.bytebuddy.build.HashCodeAndEqualsPlugin$Enhance$InvokeSuper$3'.
2024-11-12 13:41:31,562 INFO  MethodCallReplacementClassAdapter - Adding mock interface to class net/bytebuddy/build/HashCodeAndEqualsPlugin$Enhance$InvokeSuper$3
2024-11-12 13:41:31,563 INFO  EvoClassLoader - Keeping class: net.bytebuddy.build.HashCodeAndEqualsPlugin$Enhance$InvokeSuper$3
2024-11-12 13:41:31,563 INFO  EvoClassLoader - Seeing class for first time: net.bytebuddy.build.HashCodeAndEqualsPlugin$Enhance$InvokeSuper$4
2024-11-12 13:41:31,563 INFO  EvoClassLoader - Instrumenting class 'net.bytebuddy.build.HashCodeAndEqualsPlugin$Enhance$InvokeSuper$4'.
2024-11-12 13:41:31,563 INFO  MethodCallReplacementClassAdapter - Adding mock interface to class net/bytebuddy/build/HashCodeAndEqualsPlugin$Enhance$InvokeSuper$4
2024-11-12 13:41:31,563 INFO  EvoClassLoader - Keeping class: net.bytebuddy.build.HashCodeAndEqualsPlugin$Enhance$InvokeSuper$4
2024-11-12 13:41:31,563 INFO  EvoClassLoader - Seeing class for first time: net.bytebuddy.description.type.TypeDescription
2024-11-12 13:41:31,563 INFO  EvoClassLoader - Instrumenting class 'net.bytebuddy.description.type.TypeDescription'.
2024-11-12 13:41:31,563 INFO  EvoClassLoader - Defined package (3): package net.bytebuddy.description.type, 1043161613
2024-11-12 13:41:31,563 INFO  EvoClassLoader - Seeing class for first time: net.bytebuddy.description.type.TypeDefinition
2024-11-12 13:41:31,563 INFO  EvoClassLoader - Instrumenting class 'net.bytebuddy.description.type.TypeDefinition'.
2024-11-12 13:41:31,563 INFO  EvoClassLoader - Seeing class for first time: net.bytebuddy.description.NamedElement
2024-11-12 13:41:31,563 INFO  EvoClassLoader - Instrumenting class 'net.bytebuddy.description.NamedElement'.
2024-11-12 13:41:31,563 INFO  EvoClassLoader - Defined package (3): package net.bytebuddy.description, 348599099
2024-11-12 13:41:31,563 INFO  EvoClassLoader - Keeping class: net.bytebuddy.description.NamedElement
2024-11-12 13:41:31,563 INFO  EvoClassLoader - Seeing class for first time: net.bytebuddy.description.ModifierReviewable$ForTypeDefinition
2024-11-12 13:41:31,563 INFO  EvoClassLoader - Instrumenting class 'net.bytebuddy.description.ModifierReviewable$ForTypeDefinition'.
2024-11-12 13:41:31,563 INFO  EvoClassLoader - Seeing class for first time: net.bytebuddy.description.ModifierReviewable$OfAbstraction
2024-11-12 13:41:31,563 INFO  EvoClassLoader - Instrumenting class 'net.bytebuddy.description.ModifierReviewable$OfAbstraction'.
2024-11-12 13:41:31,563 INFO  EvoClassLoader - Seeing class for first time: net.bytebuddy.description.ModifierReviewable$OfByteCodeElement
2024-11-12 13:41:31,563 INFO  EvoClassLoader - Instrumenting class 'net.bytebuddy.description.ModifierReviewable$OfByteCodeElement'.
2024-11-12 13:41:31,564 INFO  EvoClassLoader - Seeing class for first time: net.bytebuddy.description.ModifierReviewable
2024-11-12 13:41:31,564 INFO  EvoClassLoader - Instrumenting class 'net.bytebuddy.description.ModifierReviewable'.
2024-11-12 13:41:31,564 INFO  EvoClassLoader - Keeping class: net.bytebuddy.description.ModifierReviewable
2024-11-12 13:41:31,564 INFO  EvoClassLoader - Keeping class: net.bytebuddy.description.ModifierReviewable$OfByteCodeElement
2024-11-12 13:41:31,564 INFO  EvoClassLoader - Keeping class: net.bytebuddy.description.ModifierReviewable$OfAbstraction
2024-11-12 13:41:31,564 INFO  EvoClassLoader - Seeing class for first time: net.bytebuddy.description.ModifierReviewable$OfEnumeration
2024-11-12 13:41:31,564 INFO  EvoClassLoader - Instrumenting class 'net.bytebuddy.description.ModifierReviewable$OfEnumeration'.
2024-11-12 13:41:31,564 INFO  EvoClassLoader - Keeping class: net.bytebuddy.description.ModifierReviewable$OfEnumeration
2024-11-12 13:41:31,564 INFO  EvoClassLoader - Keeping class: net.bytebuddy.description.ModifierReviewable$ForTypeDefinition
2024-11-12 13:41:31,564 INFO  EvoClassLoader - Keeping class: net.bytebuddy.description.type.TypeDefinition
2024-11-12 13:41:31,564 INFO  EvoClassLoader - Seeing class for first time: net.bytebuddy.description.ByteCodeElement
2024-11-12 13:41:31,564 INFO  EvoClassLoader - Instrumenting class 'net.bytebuddy.description.ByteCodeElement'.
2024-11-12 13:41:31,564 INFO  EvoClassLoader - Seeing class for first time: net.bytebuddy.description.NamedElement$WithRuntimeName
2024-11-12 13:41:31,564 INFO  EvoClassLoader - Instrumenting class 'net.bytebuddy.description.NamedElement$WithRuntimeName'.
2024-11-12 13:41:31,564 INFO  EvoClassLoader - Keeping class: net.bytebuddy.description.NamedElement$WithRuntimeName
2024-11-12 13:41:31,564 INFO  EvoClassLoader - Seeing class for first time: net.bytebuddy.description.DeclaredByType
2024-11-12 13:41:31,564 INFO  EvoClassLoader - Instrumenting class 'net.bytebuddy.description.DeclaredByType'.
2024-11-12 13:41:31,564 INFO  EvoClassLoader - Keeping class: net.bytebuddy.description.DeclaredByType
2024-11-12 13:41:31,564 INFO  EvoClassLoader - Seeing class for first time: net.bytebuddy.description.annotation.AnnotationSource
2024-11-12 13:41:31,564 INFO  EvoClassLoader - Instrumenting class 'net.bytebuddy.description.annotation.AnnotationSource'.
2024-11-12 13:41:31,564 INFO  EvoClassLoader - Defined package (3): package net.bytebuddy.description.annotation, -2027678782
2024-11-12 13:41:31,564 INFO  EvoClassLoader - Keeping class: net.bytebuddy.description.annotation.AnnotationSource
2024-11-12 13:41:31,564 INFO  EvoClassLoader - Keeping class: net.bytebuddy.description.ByteCodeElement
2024-11-12 13:41:31,564 INFO  EvoClassLoader - Seeing class for first time: net.bytebuddy.description.TypeVariableSource
2024-11-12 13:41:31,564 INFO  EvoClassLoader - Instrumenting class 'net.bytebuddy.description.TypeVariableSource'.
2024-11-12 13:41:31,564 INFO  EvoClassLoader - Keeping class: net.bytebuddy.description.TypeVariableSource
2024-11-12 13:41:31,565 INFO  EvoClassLoader - Keeping class: net.bytebuddy.description.type.TypeDescription
2024-11-12 13:41:31,565 INFO  EvoClassLoader - Seeing class for first time: net.bytebuddy.implementation.HashCodeMethod
2024-11-12 13:41:31,565 INFO  EvoClassLoader - Instrumenting class 'net.bytebuddy.implementation.HashCodeMethod'.
2024-11-12 13:41:31,565 INFO  MethodCallReplacementClassAdapter - Adding mock interface to class net/bytebuddy/implementation/HashCodeMethod
2024-11-12 13:41:31,566 INFO  CreateClassResetClassAdapter - Found static initializer in class net/bytebuddy/implementation/HashCodeMethod
2024-11-12 13:41:31,566 INFO  EvoClassLoader - Defined package (3): package net.bytebuddy.implementation, 1120813075
2024-11-12 13:41:31,566 INFO  EvoClassLoader - Seeing class for first time: net.bytebuddy.implementation.Implementation
2024-11-12 13:41:31,566 INFO  EvoClassLoader - Instrumenting class 'net.bytebuddy.implementation.Implementation'.
2024-11-12 13:41:31,566 INFO  EvoClassLoader - Seeing class for first time: net.bytebuddy.dynamic.scaffold.InstrumentedType$Prepareable
2024-11-12 13:41:31,566 INFO  EvoClassLoader - Instrumenting class 'net.bytebuddy.dynamic.scaffold.InstrumentedType$Prepareable'.
2024-11-12 13:41:31,566 INFO  EvoClassLoader - Defined package (3): package net.bytebuddy.dynamic.scaffold, 1693317350
2024-11-12 13:41:31,567 INFO  EvoClassLoader - Keeping class: net.bytebuddy.dynamic.scaffold.InstrumentedType$Prepareable
2024-11-12 13:41:31,567 INFO  EvoClassLoader - Keeping class: net.bytebuddy.implementation.Implementation
2024-11-12 13:41:31,567 INFO  EvoClassLoader - Keeping class: net.bytebuddy.implementation.HashCodeMethod
2024-11-12 13:41:31,567 INFO  EvoClassLoader - Seeing class for first time: net.bytebuddy.implementation.EqualsMethod
2024-11-12 13:41:31,567 INFO  EvoClassLoader - Instrumenting class 'net.bytebuddy.implementation.EqualsMethod'.
2024-11-12 13:41:31,567 INFO  MethodCallReplacementClassAdapter - Adding mock interface to class net/bytebuddy/implementation/EqualsMethod
2024-11-12 13:41:31,567 INFO  CreateClassResetClassAdapter - Found static initializer in class net/bytebuddy/implementation/EqualsMethod
2024-11-12 13:41:31,568 INFO  EvoClassLoader - Keeping class: net.bytebuddy.implementation.EqualsMethod
2024-11-12 13:41:31,568 INFO  EvoClassLoader - Seeing class for first time: net.bytebuddy.description.type.TypeDescription$Generic
2024-11-12 13:41:31,568 INFO  EvoClassLoader - Instrumenting class 'net.bytebuddy.description.type.TypeDescription$Generic'.
2024-11-12 13:41:31,568 INFO  EvoClassLoader - Keeping class: net.bytebuddy.description.type.TypeDescription$Generic
2024-11-12 13:41:31,568 INFO  EvoClassLoader - Seeing class for first time: org.assertj.core.internal.bytebuddy.build.HashCodeAndEqualsPlugin$Enhance$InvokeSuper
2024-11-12 13:41:31,568 INFO  EvoClassLoader - Instrumenting class 'org.assertj.core.internal.bytebuddy.build.HashCodeAndEqualsPlugin$Enhance$InvokeSuper'.
2024-11-12 13:41:31,568 INFO  MethodCallReplacementClassAdapter - Adding mock interface to class org/assertj/core/internal/bytebuddy/build/HashCodeAndEqualsPlugin$Enhance$InvokeSuper
2024-11-12 13:41:31,569 INFO  CreateClassResetClassAdapter - Found static initializer in class org/assertj/core/internal/bytebuddy/build/HashCodeAndEqualsPlugin$Enhance$InvokeSuper
2024-11-12 13:41:31,569 INFO  EvoClassLoader - Defined package (3): package org.assertj.core.internal.bytebuddy.build, -2103311512
2024-11-12 13:41:31,569 INFO  EvoClassLoader - Keeping class: org.assertj.core.internal.bytebuddy.build.HashCodeAndEqualsPlugin$Enhance$InvokeSuper
2024-11-12 13:41:31,569 INFO  EvoClassLoader - Seeing class for first time: org.assertj.core.internal.bytebuddy.build.HashCodeAndEqualsPlugin$Enhance
2024-11-12 13:41:31,569 INFO  EvoClassLoader - Instrumenting class 'org.assertj.core.internal.bytebuddy.build.HashCodeAndEqualsPlugin$Enhance'.
2024-11-12 13:41:31,569 INFO  EvoClassLoader - Keeping class: org.assertj.core.internal.bytebuddy.build.HashCodeAndEqualsPlugin$Enhance
2024-11-12 13:41:31,569 INFO  EvoClassLoader - Seeing class for first time: org.assertj.core.internal.bytebuddy.build.HashCodeAndEqualsPlugin
2024-11-12 13:41:31,569 INFO  EvoClassLoader - Instrumenting class 'org.assertj.core.internal.bytebuddy.build.HashCodeAndEqualsPlugin'.
2024-11-12 13:41:31,569 INFO  MethodCallReplacementClassAdapter - Adding mock interface to class org/assertj/core/internal/bytebuddy/build/HashCodeAndEqualsPlugin
2024-11-12 13:41:31,571 INFO  CreateClassResetClassAdapter - Creating brand-new static initializer in class org/assertj/core/internal/bytebuddy/build/HashCodeAndEqualsPlugin
2024-11-12 13:41:31,572 INFO  EvoClassLoader - Seeing class for first time: org.assertj.core.internal.bytebuddy.build.Plugin
2024-11-12 13:41:31,572 INFO  EvoClassLoader - Instrumenting class 'org.assertj.core.internal.bytebuddy.build.Plugin'.
2024-11-12 13:41:31,573 INFO  EvoClassLoader - Seeing class for first time: org.assertj.core.internal.bytebuddy.matcher.ElementMatcher
2024-11-12 13:41:31,573 INFO  EvoClassLoader - Instrumenting class 'org.assertj.core.internal.bytebuddy.matcher.ElementMatcher'.
2024-11-12 13:41:31,573 INFO  EvoClassLoader - Defined package (3): package org.assertj.core.internal.bytebuddy.matcher, -2037813332
2024-11-12 13:41:31,574 INFO  EvoClassLoader - Keeping class: org.assertj.core.internal.bytebuddy.matcher.ElementMatcher
2024-11-12 13:41:31,574 INFO  EvoClassLoader - Keeping class: org.assertj.core.internal.bytebuddy.build.Plugin
2024-11-12 13:41:31,574 INFO  EvoClassLoader - Seeing class for first time: org.assertj.core.internal.bytebuddy.build.Plugin$Factory
2024-11-12 13:41:31,574 INFO  EvoClassLoader - Instrumenting class 'org.assertj.core.internal.bytebuddy.build.Plugin$Factory'.
2024-11-12 13:41:31,574 INFO  EvoClassLoader - Keeping class: org.assertj.core.internal.bytebuddy.build.Plugin$Factory
2024-11-12 13:41:31,574 INFO  EvoClassLoader - Keeping class: org.assertj.core.internal.bytebuddy.build.HashCodeAndEqualsPlugin
2024-11-12 13:41:31,575 INFO  EvoClassLoader - Seeing class for first time: org.assertj.core.internal.bytebuddy.build.HashCodeAndEqualsPlugin$Enhance$InvokeSuper$1
2024-11-12 13:41:31,575 INFO  EvoClassLoader - Instrumenting class 'org.assertj.core.internal.bytebuddy.build.HashCodeAndEqualsPlugin$Enhance$InvokeSuper$1'.
2024-11-12 13:41:31,575 INFO  MethodCallReplacementClassAdapter - Adding mock interface to class org/assertj/core/internal/bytebuddy/build/HashCodeAndEqualsPlugin$Enhance$InvokeSuper$1
2024-11-12 13:41:31,584 INFO  EvoClassLoader - Keeping class: org.assertj.core.internal.bytebuddy.build.HashCodeAndEqualsPlugin$Enhance$InvokeSuper$1
2024-11-12 13:41:31,584 INFO  EvoClassLoader - Seeing class for first time: org.assertj.core.internal.bytebuddy.build.HashCodeAndEqualsPlugin$Enhance$InvokeSuper$2
2024-11-12 13:41:31,584 INFO  EvoClassLoader - Instrumenting class 'org.assertj.core.internal.bytebuddy.build.HashCodeAndEqualsPlugin$Enhance$InvokeSuper$2'.
2024-11-12 13:41:31,585 INFO  MethodCallReplacementClassAdapter - Adding mock interface to class org/assertj/core/internal/bytebuddy/build/HashCodeAndEqualsPlugin$Enhance$InvokeSuper$2
2024-11-12 13:41:31,586 INFO  EvoClassLoader - Keeping class: org.assertj.core.internal.bytebuddy.build.HashCodeAndEqualsPlugin$Enhance$InvokeSuper$2
2024-11-12 13:41:31,586 INFO  EvoClassLoader - Seeing class for first time: org.assertj.core.internal.bytebuddy.build.HashCodeAndEqualsPlugin$Enhance$InvokeSuper$3
2024-11-12 13:41:31,586 INFO  EvoClassLoader - Instrumenting class 'org.assertj.core.internal.bytebuddy.build.HashCodeAndEqualsPlugin$Enhance$InvokeSuper$3'.
2024-11-12 13:41:31,586 INFO  MethodCallReplacementClassAdapter - Adding mock interface to class org/assertj/core/internal/bytebuddy/build/HashCodeAndEqualsPlugin$Enhance$InvokeSuper$3
2024-11-12 13:41:31,587 INFO  EvoClassLoader - Keeping class: org.assertj.core.internal.bytebuddy.build.HashCodeAndEqualsPlugin$Enhance$InvokeSuper$3
2024-11-12 13:41:31,587 INFO  EvoClassLoader - Seeing class for first time: org.assertj.core.internal.bytebuddy.build.HashCodeAndEqualsPlugin$Enhance$InvokeSuper$4
2024-11-12 13:41:31,587 INFO  EvoClassLoader - Instrumenting class 'org.assertj.core.internal.bytebuddy.build.HashCodeAndEqualsPlugin$Enhance$InvokeSuper$4'.
2024-11-12 13:41:31,587 INFO  MethodCallReplacementClassAdapter - Adding mock interface to class org/assertj/core/internal/bytebuddy/build/HashCodeAndEqualsPlugin$Enhance$InvokeSuper$4
2024-11-12 13:41:31,588 INFO  EvoClassLoader - Keeping class: org.assertj.core.internal.bytebuddy.build.HashCodeAndEqualsPlugin$Enhance$InvokeSuper$4
2024-11-12 13:41:31,588 INFO  EvoClassLoader - Seeing class for first time: org.assertj.core.internal.bytebuddy.description.type.TypeDescription
2024-11-12 13:41:31,588 INFO  EvoClassLoader - Instrumenting class 'org.assertj.core.internal.bytebuddy.description.type.TypeDescription'.
2024-11-12 13:41:31,589 INFO  EvoClassLoader - Defined package (3): package org.assertj.core.internal.bytebuddy.description.type, -2063588174
2024-11-12 13:41:31,590 INFO  EvoClassLoader - Seeing class for first time: org.assertj.core.internal.bytebuddy.description.type.TypeDefinition
2024-11-12 13:41:31,590 INFO  EvoClassLoader - Instrumenting class 'org.assertj.core.internal.bytebuddy.description.type.TypeDefinition'.
2024-11-12 13:41:31,591 INFO  EvoClassLoader - Seeing class for first time: org.assertj.core.internal.bytebuddy.description.NamedElement
2024-11-12 13:41:31,591 INFO  EvoClassLoader - Instrumenting class 'org.assertj.core.internal.bytebuddy.description.NamedElement'.
2024-11-12 13:41:31,591 INFO  EvoClassLoader - Defined package (3): package org.assertj.core.internal.bytebuddy.description, 1484037494
2024-11-12 13:41:31,592 INFO  EvoClassLoader - Keeping class: org.assertj.core.internal.bytebuddy.description.NamedElement
2024-11-12 13:41:31,592 INFO  EvoClassLoader - Seeing class for first time: org.assertj.core.internal.bytebuddy.description.ModifierReviewable$ForTypeDefinition
2024-11-12 13:41:31,592 INFO  EvoClassLoader - Instrumenting class 'org.assertj.core.internal.bytebuddy.description.ModifierReviewable$ForTypeDefinition'.
2024-11-12 13:41:31,592 INFO  EvoClassLoader - Seeing class for first time: org.assertj.core.internal.bytebuddy.description.ModifierReviewable$OfAbstraction
2024-11-12 13:41:31,592 INFO  EvoClassLoader - Instrumenting class 'org.assertj.core.internal.bytebuddy.description.ModifierReviewable$OfAbstraction'.
2024-11-12 13:41:31,592 INFO  EvoClassLoader - Seeing class for first time: org.assertj.core.internal.bytebuddy.description.ModifierReviewable$OfByteCodeElement
2024-11-12 13:41:31,592 INFO  EvoClassLoader - Instrumenting class 'org.assertj.core.internal.bytebuddy.description.ModifierReviewable$OfByteCodeElement'.
2024-11-12 13:41:31,592 INFO  EvoClassLoader - Seeing class for first time: org.assertj.core.internal.bytebuddy.description.ModifierReviewable
2024-11-12 13:41:31,592 INFO  EvoClassLoader - Instrumenting class 'org.assertj.core.internal.bytebuddy.description.ModifierReviewable'.
2024-11-12 13:41:31,592 INFO  EvoClassLoader - Keeping class: org.assertj.core.internal.bytebuddy.description.ModifierReviewable
2024-11-12 13:41:31,592 INFO  EvoClassLoader - Keeping class: org.assertj.core.internal.bytebuddy.description.ModifierReviewable$OfByteCodeElement
2024-11-12 13:41:31,592 INFO  EvoClassLoader - Keeping class: org.assertj.core.internal.bytebuddy.description.ModifierReviewable$OfAbstraction
2024-11-12 13:41:31,592 INFO  EvoClassLoader - Seeing class for first time: org.assertj.core.internal.bytebuddy.description.ModifierReviewable$OfEnumeration
2024-11-12 13:41:31,592 INFO  EvoClassLoader - Instrumenting class 'org.assertj.core.internal.bytebuddy.description.ModifierReviewable$OfEnumeration'.
2024-11-12 13:41:31,592 INFO  EvoClassLoader - Keeping class: org.assertj.core.internal.bytebuddy.description.ModifierReviewable$OfEnumeration
2024-11-12 13:41:31,592 INFO  EvoClassLoader - Keeping class: org.assertj.core.internal.bytebuddy.description.ModifierReviewable$ForTypeDefinition
2024-11-12 13:41:31,592 INFO  EvoClassLoader - Keeping class: org.assertj.core.internal.bytebuddy.description.type.TypeDefinition
2024-11-12 13:41:31,592 INFO  EvoClassLoader - Seeing class for first time: org.assertj.core.internal.bytebuddy.description.ByteCodeElement
2024-11-12 13:41:31,592 INFO  EvoClassLoader - Instrumenting class 'org.assertj.core.internal.bytebuddy.description.ByteCodeElement'.
2024-11-12 13:41:31,592 INFO  EvoClassLoader - Seeing class for first time: org.assertj.core.internal.bytebuddy.description.NamedElement$WithRuntimeName
2024-11-12 13:41:31,592 INFO  EvoClassLoader - Instrumenting class 'org.assertj.core.internal.bytebuddy.description.NamedElement$WithRuntimeName'.
2024-11-12 13:41:31,592 INFO  EvoClassLoader - Keeping class: org.assertj.core.internal.bytebuddy.description.NamedElement$WithRuntimeName
2024-11-12 13:41:31,592 INFO  EvoClassLoader - Seeing class for first time: org.assertj.core.internal.bytebuddy.description.DeclaredByType
2024-11-12 13:41:31,592 INFO  EvoClassLoader - Instrumenting class 'org.assertj.core.internal.bytebuddy.description.DeclaredByType'.
2024-11-12 13:41:31,593 INFO  EvoClassLoader - Keeping class: org.assertj.core.internal.bytebuddy.description.DeclaredByType
2024-11-12 13:41:31,593 INFO  EvoClassLoader - Seeing class for first time: org.assertj.core.internal.bytebuddy.description.annotation.AnnotationSource
2024-11-12 13:41:31,593 INFO  EvoClassLoader - Instrumenting class 'org.assertj.core.internal.bytebuddy.description.annotation.AnnotationSource'.
2024-11-12 13:41:31,593 INFO  EvoClassLoader - Defined package (3): package org.assertj.core.internal.bytebuddy.description.annotation, 2042726055
2024-11-12 13:41:31,593 INFO  EvoClassLoader - Keeping class: org.assertj.core.internal.bytebuddy.description.annotation.AnnotationSource
2024-11-12 13:41:31,593 INFO  EvoClassLoader - Keeping class: org.assertj.core.internal.bytebuddy.description.ByteCodeElement
2024-11-12 13:41:31,593 INFO  EvoClassLoader - Seeing class for first time: org.assertj.core.internal.bytebuddy.description.TypeVariableSource
2024-11-12 13:41:31,593 INFO  EvoClassLoader - Instrumenting class 'org.assertj.core.internal.bytebuddy.description.TypeVariableSource'.
2024-11-12 13:41:31,593 INFO  EvoClassLoader - Keeping class: org.assertj.core.internal.bytebuddy.description.TypeVariableSource
2024-11-12 13:41:31,593 INFO  EvoClassLoader - Keeping class: org.assertj.core.internal.bytebuddy.description.type.TypeDescription
2024-11-12 13:41:31,593 INFO  EvoClassLoader - Seeing class for first time: org.assertj.core.internal.bytebuddy.implementation.HashCodeMethod
2024-11-12 13:41:31,593 INFO  EvoClassLoader - Instrumenting class 'org.assertj.core.internal.bytebuddy.implementation.HashCodeMethod'.
2024-11-12 13:41:31,594 INFO  MethodCallReplacementClassAdapter - Adding mock interface to class org/assertj/core/internal/bytebuddy/implementation/HashCodeMethod
2024-11-12 13:41:31,598 INFO  CreateClassResetClassAdapter - Found static initializer in class org/assertj/core/internal/bytebuddy/implementation/HashCodeMethod
2024-11-12 13:41:31,598 INFO  EvoClassLoader - Defined package (3): package org.assertj.core.internal.bytebuddy.implementation, -196384776
2024-11-12 13:41:31,598 INFO  EvoClassLoader - Seeing class for first time: org.assertj.core.internal.bytebuddy.implementation.Implementation
2024-11-12 13:41:31,598 INFO  EvoClassLoader - Instrumenting class 'org.assertj.core.internal.bytebuddy.implementation.Implementation'.
2024-11-12 13:41:31,599 INFO  EvoClassLoader - Seeing class for first time: org.assertj.core.internal.bytebuddy.dynamic.scaffold.InstrumentedType$Prepareable
2024-11-12 13:41:31,599 INFO  EvoClassLoader - Instrumenting class 'org.assertj.core.internal.bytebuddy.dynamic.scaffold.InstrumentedType$Prepareable'.
2024-11-12 13:41:31,600 INFO  EvoClassLoader - Defined package (3): package org.assertj.core.internal.bytebuddy.dynamic.scaffold, -1413432437
2024-11-12 13:41:31,601 INFO  EvoClassLoader - Keeping class: org.assertj.core.internal.bytebuddy.dynamic.scaffold.InstrumentedType$Prepareable
2024-11-12 13:41:31,601 INFO  EvoClassLoader - Keeping class: org.assertj.core.internal.bytebuddy.implementation.Implementation
2024-11-12 13:41:31,601 INFO  EvoClassLoader - Keeping class: org.assertj.core.internal.bytebuddy.implementation.HashCodeMethod
2024-11-12 13:41:31,601 INFO  EvoClassLoader - Seeing class for first time: org.assertj.core.internal.bytebuddy.implementation.EqualsMethod
2024-11-12 13:41:31,601 INFO  EvoClassLoader - Instrumenting class 'org.assertj.core.internal.bytebuddy.implementation.EqualsMethod'.
2024-11-12 13:41:31,601 INFO  MethodCallReplacementClassAdapter - Adding mock interface to class org/assertj/core/internal/bytebuddy/implementation/EqualsMethod
2024-11-12 13:41:31,602 INFO  CreateClassResetClassAdapter - Found static initializer in class org/assertj/core/internal/bytebuddy/implementation/EqualsMethod
2024-11-12 13:41:31,603 INFO  EvoClassLoader - Keeping class: org.assertj.core.internal.bytebuddy.implementation.EqualsMethod
2024-11-12 13:41:31,604 INFO  EvoClassLoader - Seeing class for first time: org.assertj.core.internal.bytebuddy.description.type.TypeDescription$Generic
2024-11-12 13:41:31,604 INFO  EvoClassLoader - Instrumenting class 'org.assertj.core.internal.bytebuddy.description.type.TypeDescription$Generic'.
2024-11-12 13:41:31,606 INFO  EvoClassLoader - Keeping class: org.assertj.core.internal.bytebuddy.description.type.TypeDescription$Generic
2024-11-12 13:41:31,609 INFO  EvoClassLoader - Seeing class for first time: org.apache.hadoop.conf.Configuration$ParsedTimeDuration
2024-11-12 13:41:31,609 INFO  EvoClassLoader - Instrumenting class 'org.apache.hadoop.conf.Configuration$ParsedTimeDuration'.
2024-11-12 13:41:31,609 INFO  MethodCallReplacementClassAdapter - Adding mock interface to class org/apache/hadoop/conf/Configuration$ParsedTimeDuration
2024-11-12 13:41:31,609 INFO  CreateClassResetClassAdapter - Found static initializer in class org/apache/hadoop/conf/Configuration$ParsedTimeDuration
2024-11-12 13:41:31,610 INFO  EvoClassLoader - Keeping class: org.apache.hadoop.conf.Configuration$ParsedTimeDuration
2024-11-12 13:41:31,612 INFO  EvoClassLoader - Seeing class for first time: org.apache.hadoop.thirdparty.com.google.common.collect.Iterators$ConcatenatedIterator
2024-11-12 13:41:31,612 INFO  EvoClassLoader - Instrumenting class 'org.apache.hadoop.thirdparty.com.google.common.collect.Iterators$ConcatenatedIterator'.
2024-11-12 13:41:31,618 INFO  MethodCallReplacementClassAdapter - Adding mock interface to class org/apache/hadoop/thirdparty/com/google/common/collect/Iterators$ConcatenatedIterator
2024-11-12 13:41:31,618 INFO  CreateClassResetClassAdapter - Creating brand-new static initializer in class org/apache/hadoop/thirdparty/com/google/common/collect/Iterators$ConcatenatedIterator
2024-11-12 13:41:31,619 INFO  EvoClassLoader - Keeping class: org.apache.hadoop.thirdparty.com.google.common.collect.Iterators$ConcatenatedIterator
2024-11-12 13:41:31,619 INFO  EvoClassLoader - Seeing class for first time: org.apache.hadoop.thirdparty.com.google.common.collect.Iterators$PeekingImpl
2024-11-12 13:41:31,619 INFO  EvoClassLoader - Instrumenting class 'org.apache.hadoop.thirdparty.com.google.common.collect.Iterators$PeekingImpl'.
2024-11-12 13:41:31,620 INFO  MethodCallReplacementClassAdapter - Adding mock interface to class org/apache/hadoop/thirdparty/com/google/common/collect/Iterators$PeekingImpl
2024-11-12 13:41:31,620 INFO  CreateClassResetClassAdapter - Creating brand-new static initializer in class org/apache/hadoop/thirdparty/com/google/common/collect/Iterators$PeekingImpl
2024-11-12 13:41:31,620 INFO  EvoClassLoader - Keeping class: org.apache.hadoop.thirdparty.com.google.common.collect.Iterators$PeekingImpl
2024-11-12 13:41:31,622 INFO  EvoClassLoader - Seeing class for first time: org.eclipse.jetty.io.AbstractByteBufferPool
2024-11-12 13:41:31,622 INFO  EvoClassLoader - Instrumenting class 'org.eclipse.jetty.io.AbstractByteBufferPool'.
2024-11-12 13:41:31,622 INFO  MethodCallReplacementClassAdapter - Adding mock interface to class org/eclipse/jetty/io/AbstractByteBufferPool
2024-11-12 13:41:31,623 INFO  CreateClassResetClassAdapter - Creating brand-new static initializer in class org/eclipse/jetty/io/AbstractByteBufferPool
2024-11-12 13:41:31,623 INFO  EvoClassLoader - Defined package (3): package org.eclipse.jetty.io, 1783720903
2024-11-12 13:41:31,623 INFO  EvoClassLoader - Seeing class for first time: org.eclipse.jetty.io.ByteBufferPool
2024-11-12 13:41:31,623 INFO  EvoClassLoader - Instrumenting class 'org.eclipse.jetty.io.ByteBufferPool'.
2024-11-12 13:41:31,626 INFO  EvoClassLoader - Keeping class: org.eclipse.jetty.io.ByteBufferPool
2024-11-12 13:41:31,626 INFO  EvoClassLoader - Keeping class: org.eclipse.jetty.io.AbstractByteBufferPool
2024-11-12 13:41:31,628 INFO  EvoClassLoader - Seeing class for first time: org.eclipse.jetty.util.log.Log$1
2024-11-12 13:41:31,628 INFO  EvoClassLoader - Instrumenting class 'org.eclipse.jetty.util.log.Log$1'.
2024-11-12 13:41:31,629 INFO  MethodCallReplacementClassAdapter - Adding mock interface to class org/eclipse/jetty/util/log/Log$1
2024-11-12 13:41:31,630 INFO  EvoClassLoader - Defined package (3): package org.eclipse.jetty.util.log, -1550856903
2024-11-12 13:41:31,630 INFO  EvoClassLoader - Keeping class: org.eclipse.jetty.util.log.Log$1
2024-11-12 13:41:31,630 INFO  EvoClassLoader - Seeing class for first time: org.eclipse.jetty.util.log.Log
2024-11-12 13:41:31,630 INFO  EvoClassLoader - Instrumenting class 'org.eclipse.jetty.util.log.Log'.
2024-11-12 13:41:31,632 INFO  MethodCallReplacementClassAdapter - Adding mock interface to class org/eclipse/jetty/util/log/Log
2024-11-12 13:41:31,633 INFO  CreateClassResetClassAdapter - Found static initializer in class org/eclipse/jetty/util/log/Log
2024-11-12 13:41:31,634 INFO  EvoClassLoader - Keeping class: org.eclipse.jetty.util.log.Log
2024-11-12 13:41:31,634 INFO  EvoClassLoader - Seeing class for first time: org.eclipse.jetty.util.Loader
2024-11-12 13:41:31,634 INFO  EvoClassLoader - Instrumenting class 'org.eclipse.jetty.util.Loader'.
2024-11-12 13:41:31,635 INFO  MethodCallReplacementClassAdapter - Adding mock interface to class org/eclipse/jetty/util/Loader
2024-11-12 13:41:31,635 INFO  CreateClassResetClassAdapter - Creating brand-new static initializer in class org/eclipse/jetty/util/Loader
2024-11-12 13:41:31,635 INFO  EvoClassLoader - Defined package (3): package org.eclipse.jetty.util, 464202339
2024-11-12 13:41:31,635 INFO  EvoClassLoader - Keeping class: org.eclipse.jetty.util.Loader
2024-11-12 13:41:31,636 INFO  EvoClassLoader - Seeing class for first time: org.eclipse.jetty.util.log.Logger
2024-11-12 13:41:31,636 INFO  EvoClassLoader - Instrumenting class 'org.eclipse.jetty.util.log.Logger'.
2024-11-12 13:41:31,636 INFO  EvoClassLoader - Keeping class: org.eclipse.jetty.util.log.Logger
2024-11-12 13:41:31,637 INFO  EvoClassLoader - Seeing class for first time: org.eclipse.jetty.util.log.AbstractLogger
2024-11-12 13:41:31,637 INFO  EvoClassLoader - Instrumenting class 'org.eclipse.jetty.util.log.AbstractLogger'.
2024-11-12 13:41:31,637 INFO  MethodCallReplacementClassAdapter - Adding mock interface to class org/eclipse/jetty/util/log/AbstractLogger
2024-11-12 13:41:31,638 INFO  CreateClassResetClassAdapter - Creating brand-new static initializer in class org/eclipse/jetty/util/log/AbstractLogger
2024-11-12 13:41:31,638 INFO  CreateClassResetClassAdapter - Adding bytecode for initializing field LEVEL_DEFAULT
2024-11-12 13:41:31,638 INFO  CreateClassResetClassAdapter - Adding bytecode for initializing field LEVEL_ALL
2024-11-12 13:41:31,638 INFO  CreateClassResetClassAdapter - Adding bytecode for initializing field LEVEL_DEBUG
2024-11-12 13:41:31,638 INFO  CreateClassResetClassAdapter - Adding bytecode for initializing field LEVEL_INFO
2024-11-12 13:41:31,638 INFO  CreateClassResetClassAdapter - Adding bytecode for initializing field LEVEL_WARN
2024-11-12 13:41:31,638 INFO  CreateClassResetClassAdapter - Adding bytecode for initializing field LEVEL_OFF
2024-11-12 13:41:31,638 INFO  EvoClassLoader - Keeping class: org.eclipse.jetty.util.log.AbstractLogger
2024-11-12 13:41:31,638 INFO  EvoClassLoader - Seeing class for first time: org.eclipse.jetty.util.log.Slf4jLog
2024-11-12 13:41:31,638 INFO  EvoClassLoader - Instrumenting class 'org.eclipse.jetty.util.log.Slf4jLog'.
2024-11-12 13:41:31,639 INFO  MethodCallReplacementClassAdapter - Adding mock interface to class org/eclipse/jetty/util/log/Slf4jLog
2024-11-12 13:41:31,639 INFO  CreateClassResetClassAdapter - Creating brand-new static initializer in class org/eclipse/jetty/util/log/Slf4jLog
2024-11-12 13:41:31,639 INFO  EvoClassLoader - Keeping class: org.eclipse.jetty.util.log.Slf4jLog
2024-11-12 13:41:31,639 INFO  EvoClassLoader - Seeing class for first time: org.eclipse.jetty.util.log.JettyAwareLogger
2024-11-12 13:41:31,639 INFO  EvoClassLoader - Instrumenting class 'org.eclipse.jetty.util.log.JettyAwareLogger'.
2024-11-12 13:41:31,639 INFO  MethodCallReplacementClassAdapter - Adding mock interface to class org/eclipse/jetty/util/log/JettyAwareLogger
2024-11-12 13:41:31,640 INFO  CreateClassResetClassAdapter - Found static initializer in class org/eclipse/jetty/util/log/JettyAwareLogger
2024-11-12 13:41:31,640 INFO  EvoClassLoader - Keeping class: org.eclipse.jetty.util.log.JettyAwareLogger
2024-11-12 13:41:31,640 INFO  EvoClassLoader - Seeing class for first time: org.eclipse.jetty.util.Uptime$DefaultImpl
2024-11-12 13:41:31,640 INFO  EvoClassLoader - Instrumenting class 'org.eclipse.jetty.util.Uptime$DefaultImpl'.
2024-11-12 13:41:31,641 INFO  MethodCallReplacementClassAdapter - Adding mock interface to class org/eclipse/jetty/util/Uptime$DefaultImpl
2024-11-12 13:41:31,642 INFO  CreateClassResetClassAdapter - Creating brand-new static initializer in class org/eclipse/jetty/util/Uptime$DefaultImpl
2024-11-12 13:41:31,642 INFO  EvoClassLoader - Seeing class for first time: org.eclipse.jetty.util.Uptime$Impl
2024-11-12 13:41:31,642 INFO  EvoClassLoader - Instrumenting class 'org.eclipse.jetty.util.Uptime$Impl'.
2024-11-12 13:41:31,642 INFO  EvoClassLoader - Keeping class: org.eclipse.jetty.util.Uptime$Impl
2024-11-12 13:41:31,642 INFO  EvoClassLoader - Keeping class: org.eclipse.jetty.util.Uptime$DefaultImpl
2024-11-12 13:41:31,642 INFO  EvoClassLoader - Seeing class for first time: org.eclipse.jetty.util.Uptime
2024-11-12 13:41:31,642 INFO  EvoClassLoader - Instrumenting class 'org.eclipse.jetty.util.Uptime'.
2024-11-12 13:41:31,643 INFO  MethodCallReplacementClassAdapter - Adding mock interface to class org/eclipse/jetty/util/Uptime
2024-11-12 13:41:31,643 INFO  CreateClassResetClassAdapter - Found static initializer in class org/eclipse/jetty/util/Uptime
2024-11-12 13:41:31,643 INFO  EvoClassLoader - Keeping class: org.eclipse.jetty.util.Uptime
2024-11-12 13:41:31,643 INFO  EvoClassLoader - Seeing class for first time: org.eclipse.jetty.io.ArrayByteBufferPool
2024-11-12 13:41:31,643 INFO  EvoClassLoader - Instrumenting class 'org.eclipse.jetty.io.ArrayByteBufferPool'.
2024-11-12 13:41:31,644 INFO  MethodCallReplacementClassAdapter - Adding mock interface to class org/eclipse/jetty/io/ArrayByteBufferPool
2024-11-12 13:41:31,645 INFO  CreateClassResetClassAdapter - Found static initializer in class org/eclipse/jetty/io/ArrayByteBufferPool
2024-11-12 13:41:31,645 INFO  EvoClassLoader - Seeing class for first time: org.eclipse.jetty.util.component.Dumpable
2024-11-12 13:41:31,645 INFO  EvoClassLoader - Instrumenting class 'org.eclipse.jetty.util.component.Dumpable'.
2024-11-12 13:41:31,646 INFO  EvoClassLoader - Defined package (3): package org.eclipse.jetty.util.component, 1836137266
2024-11-12 13:41:31,646 INFO  EvoClassLoader - Keeping class: org.eclipse.jetty.util.component.Dumpable
2024-11-12 13:41:31,646 INFO  EvoClassLoader - Keeping class: org.eclipse.jetty.io.ArrayByteBufferPool
2024-11-12 13:41:31,646 INFO  EvoClassLoader - Seeing class for first time: org.eclipse.jetty.io.ByteBufferPool$Bucket
2024-11-12 13:41:31,646 INFO  EvoClassLoader - Instrumenting class 'org.eclipse.jetty.io.ByteBufferPool$Bucket'.
2024-11-12 13:41:31,647 INFO  MethodCallReplacementClassAdapter - Adding mock interface to class org/eclipse/jetty/io/ByteBufferPool$Bucket
2024-11-12 13:41:31,647 INFO  CreateClassResetClassAdapter - Creating brand-new static initializer in class org/eclipse/jetty/io/ByteBufferPool$Bucket
2024-11-12 13:41:31,647 INFO  EvoClassLoader - Keeping class: org.eclipse.jetty.io.ByteBufferPool$Bucket
2024-11-12 13:41:31,648 INFO  log - Logging initialized @21890ms to org.eclipse.jetty.util.log.Slf4jLog
2024-11-12 13:41:31,648 INFO  EvoClassLoader - Seeing class for first time: org.eclipse.jetty.util.component.AbstractLifeCycle
2024-11-12 13:41:31,648 INFO  EvoClassLoader - Instrumenting class 'org.eclipse.jetty.util.component.AbstractLifeCycle'.
2024-11-12 13:41:31,649 INFO  MethodCallReplacementClassAdapter - Adding mock interface to class org/eclipse/jetty/util/component/AbstractLifeCycle
2024-11-12 13:41:31,649 INFO  CreateClassResetClassAdapter - Found static initializer in class org/eclipse/jetty/util/component/AbstractLifeCycle
2024-11-12 13:41:31,650 INFO  EvoClassLoader - Seeing class for first time: org.eclipse.jetty.util.component.LifeCycle
2024-11-12 13:41:31,650 INFO  EvoClassLoader - Instrumenting class 'org.eclipse.jetty.util.component.LifeCycle'.
2024-11-12 13:41:31,651 INFO  EvoClassLoader - Keeping class: org.eclipse.jetty.util.component.LifeCycle
2024-11-12 13:41:31,651 INFO  EvoClassLoader - Keeping class: org.eclipse.jetty.util.component.AbstractLifeCycle
2024-11-12 13:41:31,651 INFO  EvoClassLoader - Seeing class for first time: org.eclipse.jetty.util.component.LifeCycle$Listener
2024-11-12 13:41:31,651 INFO  EvoClassLoader - Instrumenting class 'org.eclipse.jetty.util.component.LifeCycle$Listener'.
2024-11-12 13:41:31,652 INFO  EvoClassLoader - Keeping class: org.eclipse.jetty.util.component.LifeCycle$Listener
2024-11-12 13:41:31,652 INFO  EvoClassLoader - Seeing class for first time: org.eclipse.jetty.util.component.ContainerLifeCycle
2024-11-12 13:41:31,652 INFO  EvoClassLoader - Instrumenting class 'org.eclipse.jetty.util.component.ContainerLifeCycle'.
2024-11-12 13:41:31,652 INFO  MethodCallReplacementClassAdapter - Adding mock interface to class org/eclipse/jetty/util/component/ContainerLifeCycle
2024-11-12 13:41:31,655 INFO  CreateClassResetClassAdapter - Found static initializer in class org/eclipse/jetty/util/component/ContainerLifeCycle
2024-11-12 13:41:31,655 INFO  EvoClassLoader - Seeing class for first time: org.eclipse.jetty.util.component.Container
2024-11-12 13:41:31,655 INFO  EvoClassLoader - Instrumenting class 'org.eclipse.jetty.util.component.Container'.
2024-11-12 13:41:31,656 INFO  EvoClassLoader - Keeping class: org.eclipse.jetty.util.component.Container
2024-11-12 13:41:31,656 INFO  EvoClassLoader - Seeing class for first time: org.eclipse.jetty.util.component.Destroyable
2024-11-12 13:41:31,656 INFO  EvoClassLoader - Instrumenting class 'org.eclipse.jetty.util.component.Destroyable'.
2024-11-12 13:41:31,656 INFO  EvoClassLoader - Keeping class: org.eclipse.jetty.util.component.Destroyable
2024-11-12 13:41:31,656 INFO  EvoClassLoader - Seeing class for first time: org.eclipse.jetty.util.component.Dumpable$DumpableContainer
2024-11-12 13:41:31,656 INFO  EvoClassLoader - Instrumenting class 'org.eclipse.jetty.util.component.Dumpable$DumpableContainer'.
2024-11-12 13:41:31,657 INFO  EvoClassLoader - Keeping class: org.eclipse.jetty.util.component.Dumpable$DumpableContainer
2024-11-12 13:41:31,657 INFO  EvoClassLoader - Keeping class: org.eclipse.jetty.util.component.ContainerLifeCycle
2024-11-12 13:41:31,658 INFO  EvoClassLoader - Seeing class for first time: org.eclipse.jetty.util.component.ContainerLifeCycle$Bean
2024-11-12 13:41:31,658 INFO  EvoClassLoader - Instrumenting class 'org.eclipse.jetty.util.component.ContainerLifeCycle$Bean'.
2024-11-12 13:41:31,658 INFO  MethodCallReplacementClassAdapter - Adding mock interface to class org/eclipse/jetty/util/component/ContainerLifeCycle$Bean
2024-11-12 13:41:31,658 INFO  CreateClassResetClassAdapter - Creating brand-new static initializer in class org/eclipse/jetty/util/component/ContainerLifeCycle$Bean
2024-11-12 13:41:31,658 INFO  EvoClassLoader - Keeping class: org.eclipse.jetty.util.component.ContainerLifeCycle$Bean
2024-11-12 13:41:31,659 INFO  EvoClassLoader - Seeing class for first time: org.eclipse.jetty.util.component.ContainerLifeCycle$Managed
2024-11-12 13:41:31,659 INFO  EvoClassLoader - Instrumenting class 'org.eclipse.jetty.util.component.ContainerLifeCycle$Managed'.
2024-11-12 13:41:31,659 INFO  MethodCallReplacementClassAdapter - Adding mock interface to class org/eclipse/jetty/util/component/ContainerLifeCycle$Managed
2024-11-12 13:41:31,659 INFO  CreateClassResetClassAdapter - Found static initializer in class org/eclipse/jetty/util/component/ContainerLifeCycle$Managed
2024-11-12 13:41:31,659 INFO  EvoClassLoader - Keeping class: org.eclipse.jetty.util.component.ContainerLifeCycle$Managed
2024-11-12 13:41:31,659 INFO  EvoClassLoader - Seeing class for first time: org.eclipse.jetty.util.component.Container$Listener
2024-11-12 13:41:31,659 INFO  EvoClassLoader - Instrumenting class 'org.eclipse.jetty.util.component.Container$Listener'.
2024-11-12 13:41:31,659 INFO  EvoClassLoader - Keeping class: org.eclipse.jetty.util.component.Container$Listener
2024-11-12 13:41:31,659 INFO  EvoClassLoader - Seeing class for first time: org.eclipse.jetty.io.LeakTrackingByteBufferPool
2024-11-12 13:41:31,659 INFO  EvoClassLoader - Instrumenting class 'org.eclipse.jetty.io.LeakTrackingByteBufferPool'.
2024-11-12 13:41:31,660 INFO  MethodCallReplacementClassAdapter - Adding mock interface to class org/eclipse/jetty/io/LeakTrackingByteBufferPool
2024-11-12 13:41:31,660 INFO  CreateClassResetClassAdapter - Found static initializer in class org/eclipse/jetty/io/LeakTrackingByteBufferPool
2024-11-12 13:41:31,660 INFO  EvoClassLoader - Keeping class: org.eclipse.jetty.io.LeakTrackingByteBufferPool
2024-11-12 13:41:31,660 INFO  EvoClassLoader - Seeing class for first time: org.eclipse.jetty.util.LeakDetector
2024-11-12 13:41:31,660 INFO  EvoClassLoader - Instrumenting class 'org.eclipse.jetty.util.LeakDetector'.
2024-11-12 13:41:31,660 INFO  MethodCallReplacementClassAdapter - Adding mock interface to class org/eclipse/jetty/util/LeakDetector
2024-11-12 13:41:31,661 INFO  CreateClassResetClassAdapter - Found static initializer in class org/eclipse/jetty/util/LeakDetector
2024-11-12 13:41:31,661 INFO  EvoClassLoader - Keeping class: org.eclipse.jetty.util.LeakDetector
2024-11-12 13:41:31,661 INFO  EvoClassLoader - Seeing class for first time: org.eclipse.jetty.io.LeakTrackingByteBufferPool$1
2024-11-12 13:41:31,661 INFO  EvoClassLoader - Instrumenting class 'org.eclipse.jetty.io.LeakTrackingByteBufferPool$1'.
2024-11-12 13:41:31,661 INFO  MethodCallReplacementClassAdapter - Adding mock interface to class org/eclipse/jetty/io/LeakTrackingByteBufferPool$1
2024-11-12 13:41:31,661 INFO  EvoClassLoader - Keeping class: org.eclipse.jetty.io.LeakTrackingByteBufferPool$1
2024-11-12 13:41:31,662 INFO  EvoClassLoader - Seeing class for first time: org.eclipse.jetty.util.LeakDetector$LeakInfo
2024-11-12 13:41:31,662 INFO  EvoClassLoader - Instrumenting class 'org.eclipse.jetty.util.LeakDetector$LeakInfo'.
2024-11-12 13:41:31,662 INFO  MethodCallReplacementClassAdapter - Adding mock interface to class org/eclipse/jetty/util/LeakDetector$LeakInfo
2024-11-12 13:41:31,662 INFO  CreateClassResetClassAdapter - Creating brand-new static initializer in class org/eclipse/jetty/util/LeakDetector$LeakInfo
2024-11-12 13:41:31,662 INFO  EvoClassLoader - Keeping class: org.eclipse.jetty.util.LeakDetector$LeakInfo
2024-11-12 13:41:31,663 INFO  EvoClassLoader - Seeing class for first time: org.eclipse.jetty.util.component.ContainerLifeCycle$1
2024-11-12 13:41:31,663 INFO  EvoClassLoader - Instrumenting class 'org.eclipse.jetty.util.component.ContainerLifeCycle$1'.
2024-11-12 13:41:31,663 INFO  MethodCallReplacementClassAdapter - Adding mock interface to class org/eclipse/jetty/util/component/ContainerLifeCycle$1
2024-11-12 13:41:31,663 INFO  EvoClassLoader - Keeping class: org.eclipse.jetty.util.component.ContainerLifeCycle$1
2024-11-12 13:41:31,663 INFO  EvoClassLoader - Seeing class for first time: org.eclipse.jetty.util.BufferUtil
2024-11-12 13:41:31,663 INFO  EvoClassLoader - Instrumenting class 'org.eclipse.jetty.util.BufferUtil'.
2024-11-12 13:41:31,664 INFO  MethodCallReplacementClassAdapter - Adding mock interface to class org/eclipse/jetty/util/BufferUtil
2024-11-12 13:41:31,665 INFO  CreateClassResetClassAdapter - Found static initializer in class org/eclipse/jetty/util/BufferUtil
2024-11-12 13:41:31,666 INFO  EvoClassLoader - Keeping class: org.eclipse.jetty.util.BufferUtil
2024-11-12 13:41:31,667 INFO  EvoClassLoader - Seeing class for first time: org.eclipse.jetty.util.resource.Resource
2024-11-12 13:41:31,667 INFO  EvoClassLoader - Instrumenting class 'org.eclipse.jetty.util.resource.Resource'.
2024-11-12 13:41:31,668 INFO  MethodCallReplacementClassAdapter - Adding mock interface to class org/eclipse/jetty/util/resource/Resource
2024-11-12 13:41:31,670 INFO  CreateClassResetClassAdapter - Found static initializer in class org/eclipse/jetty/util/resource/Resource
2024-11-12 13:41:31,670 INFO  EvoClassLoader - Defined package (3): package org.eclipse.jetty.util.resource, -375223495
2024-11-12 13:41:31,671 INFO  EvoClassLoader - Seeing class for first time: org.eclipse.jetty.util.resource.ResourceFactory
2024-11-12 13:41:31,671 INFO  EvoClassLoader - Instrumenting class 'org.eclipse.jetty.util.resource.ResourceFactory'.
2024-11-12 13:41:31,671 INFO  EvoClassLoader - Keeping class: org.eclipse.jetty.util.resource.ResourceFactory
2024-11-12 13:41:31,671 INFO  EvoClassLoader - Keeping class: org.eclipse.jetty.util.resource.Resource
2024-11-12 13:41:31,671 INFO  EvoClassLoader - Seeing class for first time: org.apache.hadoop.thirdparty.protobuf.DescriptorProtos$SourceCodeInfo$1
2024-11-12 13:41:31,671 INFO  EvoClassLoader - Instrumenting class 'org.apache.hadoop.thirdparty.protobuf.DescriptorProtos$SourceCodeInfo$1'.
2024-11-12 13:41:31,672 INFO  MethodCallReplacementClassAdapter - Adding mock interface to class org/apache/hadoop/thirdparty/protobuf/DescriptorProtos$SourceCodeInfo$1
2024-11-12 13:41:31,672 INFO  EvoClassLoader - Keeping class: org.apache.hadoop.thirdparty.protobuf.DescriptorProtos$SourceCodeInfo$1
2024-11-12 13:41:31,672 INFO  EvoClassLoader - Seeing class for first time: org.apache.hadoop.thirdparty.protobuf.DescriptorProtos$SourceCodeInfo
2024-11-12 13:41:31,672 INFO  EvoClassLoader - Instrumenting class 'org.apache.hadoop.thirdparty.protobuf.DescriptorProtos$SourceCodeInfo'.
2024-11-12 13:41:31,672 INFO  MethodCallReplacementClassAdapter - Adding mock interface to class org/apache/hadoop/thirdparty/protobuf/DescriptorProtos$SourceCodeInfo
2024-11-12 13:41:31,673 INFO  CreateClassResetClassAdapter - Found static initializer in class org/apache/hadoop/thirdparty/protobuf/DescriptorProtos$SourceCodeInfo
2024-11-12 13:41:31,674 INFO  EvoClassLoader - Keeping class: org.apache.hadoop.thirdparty.protobuf.DescriptorProtos$SourceCodeInfo
2024-11-12 13:41:31,674 INFO  EvoClassLoader - Seeing class for first time: org.apache.hadoop.thirdparty.protobuf.DescriptorProtos
2024-11-12 13:41:31,674 INFO  EvoClassLoader - Instrumenting class 'org.apache.hadoop.thirdparty.protobuf.DescriptorProtos'.
2024-11-12 13:41:31,674 INFO  MethodCallReplacementClassAdapter - Adding mock interface to class org/apache/hadoop/thirdparty/protobuf/DescriptorProtos
2024-11-12 13:41:31,674 INFO  CreateClassResetClassAdapter - Found static initializer in class org/apache/hadoop/thirdparty/protobuf/DescriptorProtos
2024-11-12 13:41:31,676 INFO  EvoClassLoader - Keeping class: org.apache.hadoop.thirdparty.protobuf.DescriptorProtos
2024-11-12 13:41:31,676 INFO  EvoClassLoader - Seeing class for first time: org.apache.hadoop.thirdparty.protobuf.DescriptorProtos$GeneratedCodeInfo
2024-11-12 13:41:31,676 INFO  EvoClassLoader - Instrumenting class 'org.apache.hadoop.thirdparty.protobuf.DescriptorProtos$GeneratedCodeInfo'.
2024-11-12 13:41:31,676 INFO  MethodCallReplacementClassAdapter - Adding mock interface to class org/apache/hadoop/thirdparty/protobuf/DescriptorProtos$GeneratedCodeInfo
2024-11-12 13:41:31,677 INFO  CreateClassResetClassAdapter - Found static initializer in class org/apache/hadoop/thirdparty/protobuf/DescriptorProtos$GeneratedCodeInfo
2024-11-12 13:41:31,678 INFO  EvoClassLoader - Seeing class for first time: org.apache.hadoop.thirdparty.protobuf.DescriptorProtos$GeneratedCodeInfoOrBuilder
2024-11-12 13:41:31,678 INFO  EvoClassLoader - Instrumenting class 'org.apache.hadoop.thirdparty.protobuf.DescriptorProtos$GeneratedCodeInfoOrBuilder'.
2024-11-12 13:41:31,678 INFO  EvoClassLoader - Keeping class: org.apache.hadoop.thirdparty.protobuf.DescriptorProtos$GeneratedCodeInfoOrBuilder
2024-11-12 13:41:31,678 INFO  EvoClassLoader - Keeping class: org.apache.hadoop.thirdparty.protobuf.DescriptorProtos$GeneratedCodeInfo
2024-11-12 13:41:31,679 INFO  EvoClassLoader - Seeing class for first time: org.apache.hadoop.thirdparty.protobuf.DescriptorProtos$SourceCodeInfo$Location
2024-11-12 13:41:31,679 INFO  EvoClassLoader - Instrumenting class 'org.apache.hadoop.thirdparty.protobuf.DescriptorProtos$SourceCodeInfo$Location'.
2024-11-12 13:41:31,679 INFO  MethodCallReplacementClassAdapter - Adding mock interface to class org/apache/hadoop/thirdparty/protobuf/DescriptorProtos$SourceCodeInfo$Location
2024-11-12 13:41:31,680 INFO  CreateClassResetClassAdapter - Found static initializer in class org/apache/hadoop/thirdparty/protobuf/DescriptorProtos$SourceCodeInfo$Location
2024-11-12 13:41:31,681 INFO  EvoClassLoader - Seeing class for first time: org.apache.hadoop.thirdparty.protobuf.DescriptorProtos$SourceCodeInfo$LocationOrBuilder
2024-11-12 13:41:31,681 INFO  EvoClassLoader - Instrumenting class 'org.apache.hadoop.thirdparty.protobuf.DescriptorProtos$SourceCodeInfo$LocationOrBuilder'.
2024-11-12 13:41:31,681 INFO  EvoClassLoader - Keeping class: org.apache.hadoop.thirdparty.protobuf.DescriptorProtos$SourceCodeInfo$LocationOrBuilder
2024-11-12 13:41:31,681 INFO  EvoClassLoader - Keeping class: org.apache.hadoop.thirdparty.protobuf.DescriptorProtos$SourceCodeInfo$Location
2024-11-12 13:41:31,681 INFO  EvoClassLoader - Seeing class for first time: org.apache.hadoop.thirdparty.protobuf.DescriptorProtos$SourceCodeInfo$Builder
2024-11-12 13:41:31,681 INFO  EvoClassLoader - Instrumenting class 'org.apache.hadoop.thirdparty.protobuf.DescriptorProtos$SourceCodeInfo$Builder'.
2024-11-12 13:41:31,681 INFO  MethodCallReplacementClassAdapter - Adding mock interface to class org/apache/hadoop/thirdparty/protobuf/DescriptorProtos$SourceCodeInfo$Builder
2024-11-12 13:41:31,682 INFO  CreateClassResetClassAdapter - Creating brand-new static initializer in class org/apache/hadoop/thirdparty/protobuf/DescriptorProtos$SourceCodeInfo$Builder
2024-11-12 13:41:31,683 INFO  EvoClassLoader - Keeping class: org.apache.hadoop.thirdparty.protobuf.DescriptorProtos$SourceCodeInfo$Builder
2024-11-12 13:41:31,683 INFO  EvoClassLoader - Seeing class for first time: org.apache.hadoop.thirdparty.protobuf.DescriptorProtos$1
2024-11-12 13:41:31,683 INFO  EvoClassLoader - Instrumenting class 'org.apache.hadoop.thirdparty.protobuf.DescriptorProtos$1'.
2024-11-12 13:41:31,683 INFO  MethodCallReplacementClassAdapter - Adding mock interface to class org/apache/hadoop/thirdparty/protobuf/DescriptorProtos$1
2024-11-12 13:41:31,684 INFO  EvoClassLoader - Keeping class: org.apache.hadoop.thirdparty.protobuf.DescriptorProtos$1
2024-11-12 13:41:31,684 INFO  EvoClassLoader - Seeing class for first time: org.apache.hadoop.thirdparty.protobuf.Descriptors$MethodDescriptor
2024-11-12 13:41:31,684 INFO  EvoClassLoader - Instrumenting class 'org.apache.hadoop.thirdparty.protobuf.Descriptors$MethodDescriptor'.
2024-11-12 13:41:31,685 INFO  MethodCallReplacementClassAdapter - Adding mock interface to class org/apache/hadoop/thirdparty/protobuf/Descriptors$MethodDescriptor
2024-11-12 13:41:31,685 INFO  CreateClassResetClassAdapter - Creating brand-new static initializer in class org/apache/hadoop/thirdparty/protobuf/Descriptors$MethodDescriptor
2024-11-12 13:41:31,686 INFO  EvoClassLoader - Keeping class: org.apache.hadoop.thirdparty.protobuf.Descriptors$MethodDescriptor
2024-11-12 13:41:31,686 INFO  EvoClassLoader - Seeing class for first time: org.apache.hadoop.thirdparty.protobuf.Descriptors$FileDescriptor$Syntax
2024-11-12 13:41:31,686 INFO  EvoClassLoader - Instrumenting class 'org.apache.hadoop.thirdparty.protobuf.Descriptors$FileDescriptor$Syntax'.
2024-11-12 13:41:31,688 INFO  MethodCallReplacementClassAdapter - Adding mock interface to class org/apache/hadoop/thirdparty/protobuf/Descriptors$FileDescriptor$Syntax
2024-11-12 13:41:31,689 INFO  CreateClassResetClassAdapter - Found static initializer in class org/apache/hadoop/thirdparty/protobuf/Descriptors$FileDescriptor$Syntax
2024-11-12 13:41:31,689 INFO  EvoClassLoader - Keeping class: org.apache.hadoop.thirdparty.protobuf.Descriptors$FileDescriptor$Syntax
2024-11-12 13:41:31,689 INFO  EvoClassLoader - Seeing class for first time: org.apache.hadoop.thirdparty.protobuf.DescriptorProtos$UninterpretedOption
2024-11-12 13:41:31,690 INFO  EvoClassLoader - Instrumenting class 'org.apache.hadoop.thirdparty.protobuf.DescriptorProtos$UninterpretedOption'.
2024-11-12 13:41:31,692 INFO  MethodCallReplacementClassAdapter - Adding mock interface to class org/apache/hadoop/thirdparty/protobuf/DescriptorProtos$UninterpretedOption
2024-11-12 13:41:31,707 INFO  CreateClassResetClassAdapter - Found static initializer in class org/apache/hadoop/thirdparty/protobuf/DescriptorProtos$UninterpretedOption
2024-11-12 13:41:31,712 INFO  EvoClassLoader - Seeing class for first time: org.apache.hadoop.thirdparty.protobuf.DescriptorProtos$UninterpretedOptionOrBuilder
2024-11-12 13:41:31,712 INFO  EvoClassLoader - Instrumenting class 'org.apache.hadoop.thirdparty.protobuf.DescriptorProtos$UninterpretedOptionOrBuilder'.
2024-11-12 13:41:31,714 INFO  EvoClassLoader - Keeping class: org.apache.hadoop.thirdparty.protobuf.DescriptorProtos$UninterpretedOptionOrBuilder
2024-11-12 13:41:31,715 INFO  EvoClassLoader - Keeping class: org.apache.hadoop.thirdparty.protobuf.DescriptorProtos$UninterpretedOption
2024-11-12 13:41:31,716 INFO  EvoClassLoader - Seeing class for first time: org.apache.hadoop.thirdparty.protobuf.DescriptorProtos$MethodOptions
2024-11-12 13:41:31,716 INFO  EvoClassLoader - Instrumenting class 'org.apache.hadoop.thirdparty.protobuf.DescriptorProtos$MethodOptions'.
2024-11-12 13:41:31,716 INFO  MethodCallReplacementClassAdapter - Adding mock interface to class org/apache/hadoop/thirdparty/protobuf/DescriptorProtos$MethodOptions
2024-11-12 13:41:31,719 INFO  CreateClassResetClassAdapter - Found static initializer in class org/apache/hadoop/thirdparty/protobuf/DescriptorProtos$MethodOptions
2024-11-12 13:41:31,720 INFO  EvoClassLoader - Seeing class for first time: org.apache.hadoop.thirdparty.protobuf.DescriptorProtos$MethodOptionsOrBuilder
2024-11-12 13:41:31,720 INFO  EvoClassLoader - Instrumenting class 'org.apache.hadoop.thirdparty.protobuf.DescriptorProtos$MethodOptionsOrBuilder'.
2024-11-12 13:41:31,721 INFO  EvoClassLoader - Keeping class: org.apache.hadoop.thirdparty.protobuf.DescriptorProtos$MethodOptionsOrBuilder
2024-11-12 13:41:31,721 INFO  EvoClassLoader - Keeping class: org.apache.hadoop.thirdparty.protobuf.DescriptorProtos$MethodOptions
2024-11-12 13:41:31,721 INFO  EvoClassLoader - Seeing class for first time: org.apache.hadoop.thirdparty.protobuf.DescriptorProtos$ServiceOptions
2024-11-12 13:41:31,721 INFO  EvoClassLoader - Instrumenting class 'org.apache.hadoop.thirdparty.protobuf.DescriptorProtos$ServiceOptions'.
2024-11-12 13:41:31,721 INFO  MethodCallReplacementClassAdapter - Adding mock interface to class org/apache/hadoop/thirdparty/protobuf/DescriptorProtos$ServiceOptions
2024-11-12 13:41:31,724 INFO  CreateClassResetClassAdapter - Found static initializer in class org/apache/hadoop/thirdparty/protobuf/DescriptorProtos$ServiceOptions
2024-11-12 13:41:31,726 INFO  EvoClassLoader - Seeing class for first time: org.apache.hadoop.thirdparty.protobuf.DescriptorProtos$ServiceOptionsOrBuilder
2024-11-12 13:41:31,726 INFO  EvoClassLoader - Instrumenting class 'org.apache.hadoop.thirdparty.protobuf.DescriptorProtos$ServiceOptionsOrBuilder'.
2024-11-12 13:41:31,727 INFO  EvoClassLoader - Keeping class: org.apache.hadoop.thirdparty.protobuf.DescriptorProtos$ServiceOptionsOrBuilder
2024-11-12 13:41:31,728 INFO  EvoClassLoader - Keeping class: org.apache.hadoop.thirdparty.protobuf.DescriptorProtos$ServiceOptions
2024-11-12 13:41:31,728 INFO  EvoClassLoader - Seeing class for first time: org.apache.hadoop.thirdparty.protobuf.DescriptorProtos$EnumValueOptions
2024-11-12 13:41:31,728 INFO  EvoClassLoader - Instrumenting class 'org.apache.hadoop.thirdparty.protobuf.DescriptorProtos$EnumValueOptions'.
2024-11-12 13:41:31,729 INFO  MethodCallReplacementClassAdapter - Adding mock interface to class org/apache/hadoop/thirdparty/protobuf/DescriptorProtos$EnumValueOptions
2024-11-12 13:41:31,732 INFO  CreateClassResetClassAdapter - Found static initializer in class org/apache/hadoop/thirdparty/protobuf/DescriptorProtos$EnumValueOptions
2024-11-12 13:41:31,733 INFO  EvoClassLoader - Keeping class: org.apache.hadoop.thirdparty.protobuf.DescriptorProtos$EnumValueOptions
2024-11-12 13:41:31,733 INFO  EvoClassLoader - Seeing class for first time: org.apache.hadoop.thirdparty.protobuf.DescriptorProtos$EnumOptions
2024-11-12 13:41:31,733 INFO  EvoClassLoader - Instrumenting class 'org.apache.hadoop.thirdparty.protobuf.DescriptorProtos$EnumOptions'.
2024-11-12 13:41:31,733 INFO  MethodCallReplacementClassAdapter - Adding mock interface to class org/apache/hadoop/thirdparty/protobuf/DescriptorProtos$EnumOptions
2024-11-12 13:41:31,735 INFO  CreateClassResetClassAdapter - Found static initializer in class org/apache/hadoop/thirdparty/protobuf/DescriptorProtos$EnumOptions
2024-11-12 13:41:31,736 INFO  EvoClassLoader - Keeping class: org.apache.hadoop.thirdparty.protobuf.DescriptorProtos$EnumOptions
2024-11-12 13:41:31,736 INFO  EvoClassLoader - Seeing class for first time: org.apache.hadoop.thirdparty.protobuf.DescriptorProtos$MethodDescriptorProto
2024-11-12 13:41:31,736 INFO  EvoClassLoader - Instrumenting class 'org.apache.hadoop.thirdparty.protobuf.DescriptorProtos$MethodDescriptorProto'.
2024-11-12 13:41:31,737 INFO  MethodCallReplacementClassAdapter - Adding mock interface to class org/apache/hadoop/thirdparty/protobuf/DescriptorProtos$MethodDescriptorProto
2024-11-12 13:41:31,739 INFO  CreateClassResetClassAdapter - Found static initializer in class org/apache/hadoop/thirdparty/protobuf/DescriptorProtos$MethodDescriptorProto
2024-11-12 13:41:31,740 INFO  EvoClassLoader - Seeing class for first time: org.apache.hadoop.thirdparty.protobuf.DescriptorProtos$MethodDescriptorProtoOrBuilder
2024-11-12 13:41:31,740 INFO  EvoClassLoader - Instrumenting class 'org.apache.hadoop.thirdparty.protobuf.DescriptorProtos$MethodDescriptorProtoOrBuilder'.
2024-11-12 13:41:31,740 INFO  EvoClassLoader - Keeping class: org.apache.hadoop.thirdparty.protobuf.DescriptorProtos$MethodDescriptorProtoOrBuilder
2024-11-12 13:41:31,740 INFO  EvoClassLoader - Keeping class: org.apache.hadoop.thirdparty.protobuf.DescriptorProtos$MethodDescriptorProto
2024-11-12 13:41:31,740 INFO  EvoClassLoader - Seeing class for first time: org.apache.hadoop.thirdparty.protobuf.DescriptorProtos$ServiceDescriptorProto
2024-11-12 13:41:31,740 INFO  EvoClassLoader - Instrumenting class 'org.apache.hadoop.thirdparty.protobuf.DescriptorProtos$ServiceDescriptorProto'.
2024-11-12 13:41:31,741 INFO  MethodCallReplacementClassAdapter - Adding mock interface to class org/apache/hadoop/thirdparty/protobuf/DescriptorProtos$ServiceDescriptorProto
2024-11-12 13:41:31,742 INFO  CreateClassResetClassAdapter - Found static initializer in class org/apache/hadoop/thirdparty/protobuf/DescriptorProtos$ServiceDescriptorProto
2024-11-12 13:41:31,743 INFO  EvoClassLoader - Seeing class for first time: org.apache.hadoop.thirdparty.protobuf.DescriptorProtos$ServiceDescriptorProtoOrBuilder
2024-11-12 13:41:31,743 INFO  EvoClassLoader - Instrumenting class 'org.apache.hadoop.thirdparty.protobuf.DescriptorProtos$ServiceDescriptorProtoOrBuilder'.
2024-11-12 13:41:31,743 INFO  EvoClassLoader - Keeping class: org.apache.hadoop.thirdparty.protobuf.DescriptorProtos$ServiceDescriptorProtoOrBuilder
2024-11-12 13:41:31,744 INFO  EvoClassLoader - Keeping class: org.apache.hadoop.thirdparty.protobuf.DescriptorProtos$ServiceDescriptorProto
2024-11-12 13:41:31,744 INFO  EvoClassLoader - Seeing class for first time: org.apache.hadoop.thirdparty.protobuf.DescriptorProtos$ExtensionRangeOptions
2024-11-12 13:41:31,744 INFO  EvoClassLoader - Instrumenting class 'org.apache.hadoop.thirdparty.protobuf.DescriptorProtos$ExtensionRangeOptions'.
2024-11-12 13:41:31,744 INFO  MethodCallReplacementClassAdapter - Adding mock interface to class org/apache/hadoop/thirdparty/protobuf/DescriptorProtos$ExtensionRangeOptions
2024-11-12 13:41:31,746 INFO  CreateClassResetClassAdapter - Found static initializer in class org/apache/hadoop/thirdparty/protobuf/DescriptorProtos$ExtensionRangeOptions
2024-11-12 13:41:31,746 INFO  EvoClassLoader - Seeing class for first time: org.apache.hadoop.thirdparty.protobuf.DescriptorProtos$ExtensionRangeOptionsOrBuilder
2024-11-12 13:41:31,746 INFO  EvoClassLoader - Instrumenting class 'org.apache.hadoop.thirdparty.protobuf.DescriptorProtos$ExtensionRangeOptionsOrBuilder'.
2024-11-12 13:41:31,747 INFO  EvoClassLoader - Keeping class: org.apache.hadoop.thirdparty.protobuf.DescriptorProtos$ExtensionRangeOptionsOrBuilder
2024-11-12 13:41:31,747 INFO  EvoClassLoader - Keeping class: org.apache.hadoop.thirdparty.protobuf.DescriptorProtos$ExtensionRangeOptions
2024-11-12 13:41:31,747 INFO  EvoClassLoader - Seeing class for first time: org.apache.hadoop.thirdparty.protobuf.DescriptorProtos$FileDescriptorProto$Builder
2024-11-12 13:41:31,747 INFO  EvoClassLoader - Instrumenting class 'org.apache.hadoop.thirdparty.protobuf.DescriptorProtos$FileDescriptorProto$Builder'.
2024-11-12 13:41:31,748 INFO  MethodCallReplacementClassAdapter - Adding mock interface to class org/apache/hadoop/thirdparty/protobuf/DescriptorProtos$FileDescriptorProto$Builder
2024-11-12 13:41:31,752 INFO  CreateClassResetClassAdapter - Creating brand-new static initializer in class org/apache/hadoop/thirdparty/protobuf/DescriptorProtos$FileDescriptorProto$Builder
2024-11-12 13:41:31,753 INFO  EvoClassLoader - Keeping class: org.apache.hadoop.thirdparty.protobuf.DescriptorProtos$FileDescriptorProto$Builder
2024-11-12 13:41:31,753 INFO  EvoClassLoader - Seeing class for first time: org.apache.hadoop.thirdparty.protobuf.DescriptorProtos$DescriptorProto$Builder
2024-11-12 13:41:31,753 INFO  EvoClassLoader - Instrumenting class 'org.apache.hadoop.thirdparty.protobuf.DescriptorProtos$DescriptorProto$Builder'.
2024-11-12 13:41:31,754 INFO  MethodCallReplacementClassAdapter - Adding mock interface to class org/apache/hadoop/thirdparty/protobuf/DescriptorProtos$DescriptorProto$Builder
2024-11-12 13:41:31,756 INFO  CreateClassResetClassAdapter - Creating brand-new static initializer in class org/apache/hadoop/thirdparty/protobuf/DescriptorProtos$DescriptorProto$Builder
2024-11-12 13:41:31,757 INFO  EvoClassLoader - Keeping class: org.apache.hadoop.thirdparty.protobuf.DescriptorProtos$DescriptorProto$Builder
2024-11-12 13:41:31,757 INFO  EvoClassLoader - Seeing class for first time: org.apache.hadoop.thirdparty.protobuf.DescriptorProtos$DescriptorProto$ExtensionRange
2024-11-12 13:41:31,757 INFO  EvoClassLoader - Instrumenting class 'org.apache.hadoop.thirdparty.protobuf.DescriptorProtos$DescriptorProto$ExtensionRange'.
2024-11-12 13:41:31,758 INFO  MethodCallReplacementClassAdapter - Adding mock interface to class org/apache/hadoop/thirdparty/protobuf/DescriptorProtos$DescriptorProto$ExtensionRange
2024-11-12 13:41:31,759 INFO  CreateClassResetClassAdapter - Found static initializer in class org/apache/hadoop/thirdparty/protobuf/DescriptorProtos$DescriptorProto$ExtensionRange
2024-11-12 13:41:31,759 INFO  EvoClassLoader - Seeing class for first time: org.apache.hadoop.thirdparty.protobuf.DescriptorProtos$DescriptorProto$ExtensionRangeOrBuilder
2024-11-12 13:41:31,759 INFO  EvoClassLoader - Instrumenting class 'org.apache.hadoop.thirdparty.protobuf.DescriptorProtos$DescriptorProto$ExtensionRangeOrBuilder'.
2024-11-12 13:41:31,759 INFO  EvoClassLoader - Keeping class: org.apache.hadoop.thirdparty.protobuf.DescriptorProtos$DescriptorProto$ExtensionRangeOrBuilder
2024-11-12 13:41:31,759 INFO  EvoClassLoader - Keeping class: org.apache.hadoop.thirdparty.protobuf.DescriptorProtos$DescriptorProto$ExtensionRange
2024-11-12 13:41:31,760 INFO  EvoClassLoader - Seeing class for first time: org.apache.hadoop.thirdparty.protobuf.DescriptorProtos$DescriptorProto$ReservedRange
2024-11-12 13:41:31,760 INFO  EvoClassLoader - Instrumenting class 'org.apache.hadoop.thirdparty.protobuf.DescriptorProtos$DescriptorProto$ReservedRange'.
2024-11-12 13:41:31,760 INFO  MethodCallReplacementClassAdapter - Adding mock interface to class org/apache/hadoop/thirdparty/protobuf/DescriptorProtos$DescriptorProto$ReservedRange
2024-11-12 13:41:31,760 INFO  CreateClassResetClassAdapter - Found static initializer in class org/apache/hadoop/thirdparty/protobuf/DescriptorProtos$DescriptorProto$ReservedRange
2024-11-12 13:41:31,761 INFO  EvoClassLoader - Seeing class for first time: org.apache.hadoop.thirdparty.protobuf.DescriptorProtos$DescriptorProto$ReservedRangeOrBuilder
2024-11-12 13:41:31,761 INFO  EvoClassLoader - Instrumenting class 'org.apache.hadoop.thirdparty.protobuf.DescriptorProtos$DescriptorProto$ReservedRangeOrBuilder'.
2024-11-12 13:41:31,761 INFO  EvoClassLoader - Keeping class: org.apache.hadoop.thirdparty.protobuf.DescriptorProtos$DescriptorProto$ReservedRangeOrBuilder
2024-11-12 13:41:31,761 INFO  EvoClassLoader - Keeping class: org.apache.hadoop.thirdparty.protobuf.DescriptorProtos$DescriptorProto$ReservedRange
2024-11-12 13:41:31,761 INFO  EvoClassLoader - Seeing class for first time: org.apache.hadoop.thirdparty.protobuf.DescriptorProtos$FieldDescriptorProto$Builder
2024-11-12 13:41:31,761 INFO  EvoClassLoader - Instrumenting class 'org.apache.hadoop.thirdparty.protobuf.DescriptorProtos$FieldDescriptorProto$Builder'.
2024-11-12 13:41:31,762 INFO  MethodCallReplacementClassAdapter - Adding mock interface to class org/apache/hadoop/thirdparty/protobuf/DescriptorProtos$FieldDescriptorProto$Builder
2024-11-12 13:41:31,763 INFO  CreateClassResetClassAdapter - Creating brand-new static initializer in class org/apache/hadoop/thirdparty/protobuf/DescriptorProtos$FieldDescriptorProto$Builder
2024-11-12 13:41:31,763 INFO  EvoClassLoader - Keeping class: org.apache.hadoop.thirdparty.protobuf.DescriptorProtos$FieldDescriptorProto$Builder
2024-11-12 13:41:31,763 INFO  EvoClassLoader - Seeing class for first time: org.apache.hadoop.thirdparty.protobuf.DescriptorProtos$DescriptorProto$ExtensionRange$1
2024-11-12 13:41:31,763 INFO  EvoClassLoader - Instrumenting class 'org.apache.hadoop.thirdparty.protobuf.DescriptorProtos$DescriptorProto$ExtensionRange$1'.
2024-11-12 13:41:31,764 INFO  MethodCallReplacementClassAdapter - Adding mock interface to class org/apache/hadoop/thirdparty/protobuf/DescriptorProtos$DescriptorProto$ExtensionRange$1
2024-11-12 13:41:31,764 INFO  EvoClassLoader - Keeping class: org.apache.hadoop.thirdparty.protobuf.DescriptorProtos$DescriptorProto$ExtensionRange$1
2024-11-12 13:41:31,764 INFO  EvoClassLoader - Seeing class for first time: org.apache.hadoop.thirdparty.protobuf.DescriptorProtos$DescriptorProto$ExtensionRange$Builder
2024-11-12 13:41:31,764 INFO  EvoClassLoader - Instrumenting class 'org.apache.hadoop.thirdparty.protobuf.DescriptorProtos$DescriptorProto$ExtensionRange$Builder'.
2024-11-12 13:41:31,765 INFO  MethodCallReplacementClassAdapter - Adding mock interface to class org/apache/hadoop/thirdparty/protobuf/DescriptorProtos$DescriptorProto$ExtensionRange$Builder
2024-11-12 13:41:31,765 INFO  CreateClassResetClassAdapter - Creating brand-new static initializer in class org/apache/hadoop/thirdparty/protobuf/DescriptorProtos$DescriptorProto$ExtensionRange$Builder
2024-11-12 13:41:31,766 INFO  EvoClassLoader - Keeping class: org.apache.hadoop.thirdparty.protobuf.DescriptorProtos$DescriptorProto$ExtensionRange$Builder
2024-11-12 13:41:31,766 INFO  EvoClassLoader - Seeing class for first time: org.apache.hadoop.thirdparty.protobuf.DescriptorProtos$EnumDescriptorProto$Builder
2024-11-12 13:41:31,766 INFO  EvoClassLoader - Instrumenting class 'org.apache.hadoop.thirdparty.protobuf.DescriptorProtos$EnumDescriptorProto$Builder'.
2024-11-12 13:41:31,767 INFO  MethodCallReplacementClassAdapter - Adding mock interface to class org/apache/hadoop/thirdparty/protobuf/DescriptorProtos$EnumDescriptorProto$Builder
2024-11-12 13:41:31,768 INFO  CreateClassResetClassAdapter - Creating brand-new static initializer in class org/apache/hadoop/thirdparty/protobuf/DescriptorProtos$EnumDescriptorProto$Builder
2024-11-12 13:41:31,769 INFO  EvoClassLoader - Keeping class: org.apache.hadoop.thirdparty.protobuf.DescriptorProtos$EnumDescriptorProto$Builder
2024-11-12 13:41:31,769 INFO  EvoClassLoader - Seeing class for first time: org.apache.hadoop.thirdparty.protobuf.DescriptorProtos$EnumDescriptorProto$EnumReservedRange
2024-11-12 13:41:31,769 INFO  EvoClassLoader - Instrumenting class 'org.apache.hadoop.thirdparty.protobuf.DescriptorProtos$EnumDescriptorProto$EnumReservedRange'.
2024-11-12 13:41:31,769 INFO  MethodCallReplacementClassAdapter - Adding mock interface to class org/apache/hadoop/thirdparty/protobuf/DescriptorProtos$EnumDescriptorProto$EnumReservedRange
2024-11-12 13:41:31,770 INFO  CreateClassResetClassAdapter - Found static initializer in class org/apache/hadoop/thirdparty/protobuf/DescriptorProtos$EnumDescriptorProto$EnumReservedRange
2024-11-12 13:41:31,770 INFO  EvoClassLoader - Seeing class for first time: org.apache.hadoop.thirdparty.protobuf.DescriptorProtos$EnumDescriptorProto$EnumReservedRangeOrBuilder
2024-11-12 13:41:31,770 INFO  EvoClassLoader - Instrumenting class 'org.apache.hadoop.thirdparty.protobuf.DescriptorProtos$EnumDescriptorProto$EnumReservedRangeOrBuilder'.
2024-11-12 13:41:31,770 INFO  EvoClassLoader - Keeping class: org.apache.hadoop.thirdparty.protobuf.DescriptorProtos$EnumDescriptorProto$EnumReservedRangeOrBuilder
2024-11-12 13:41:31,770 INFO  EvoClassLoader - Keeping class: org.apache.hadoop.thirdparty.protobuf.DescriptorProtos$EnumDescriptorProto$EnumReservedRange
2024-11-12 13:41:31,770 INFO  EvoClassLoader - Seeing class for first time: org.apache.hadoop.thirdparty.protobuf.DescriptorProtos$EnumValueDescriptorProto$Builder
2024-11-12 13:41:31,770 INFO  EvoClassLoader - Instrumenting class 'org.apache.hadoop.thirdparty.protobuf.DescriptorProtos$EnumValueDescriptorProto$Builder'.
2024-11-12 13:41:31,771 INFO  MethodCallReplacementClassAdapter - Adding mock interface to class org/apache/hadoop/thirdparty/protobuf/DescriptorProtos$EnumValueDescriptorProto$Builder
2024-11-12 13:41:31,771 INFO  CreateClassResetClassAdapter - Creating brand-new static initializer in class org/apache/hadoop/thirdparty/protobuf/DescriptorProtos$EnumValueDescriptorProto$Builder
2024-11-12 13:41:31,772 INFO  EvoClassLoader - Keeping class: org.apache.hadoop.thirdparty.protobuf.DescriptorProtos$EnumValueDescriptorProto$Builder
2024-11-12 13:41:31,772 INFO  EvoClassLoader - Seeing class for first time: org.apache.hadoop.thirdparty.protobuf.GeneratedMessageV3$ExtensionDescriptorRetriever
2024-11-12 13:41:31,772 INFO  EvoClassLoader - Instrumenting class 'org.apache.hadoop.thirdparty.protobuf.GeneratedMessageV3$ExtensionDescriptorRetriever'.
2024-11-12 13:41:31,772 INFO  EvoClassLoader - Keeping class: org.apache.hadoop.thirdparty.protobuf.GeneratedMessageV3$ExtensionDescriptorRetriever
2024-11-12 13:41:31,772 INFO  EvoClassLoader - Seeing class for first time: org.apache.hadoop.thirdparty.protobuf.GeneratedMessageV3$ExtendableMessage$ExtensionWriter
2024-11-12 13:41:31,772 INFO  EvoClassLoader - Instrumenting class 'org.apache.hadoop.thirdparty.protobuf.GeneratedMessageV3$ExtendableMessage$ExtensionWriter'.
2024-11-12 13:41:31,772 INFO  MethodCallReplacementClassAdapter - Adding mock interface to class org/apache/hadoop/thirdparty/protobuf/GeneratedMessageV3$ExtendableMessage$ExtensionWriter
2024-11-12 13:41:31,772 INFO  CreateClassResetClassAdapter - Creating brand-new static initializer in class org/apache/hadoop/thirdparty/protobuf/GeneratedMessageV3$ExtendableMessage$ExtensionWriter
2024-11-12 13:41:31,773 INFO  EvoClassLoader - Keeping class: org.apache.hadoop.thirdparty.protobuf.GeneratedMessageV3$ExtendableMessage$ExtensionWriter
2024-11-12 13:41:31,773 INFO  EvoClassLoader - Seeing class for first time: org.apache.hadoop.thirdparty.protobuf.DescriptorProtos$FieldOptions$Builder
2024-11-12 13:41:31,773 INFO  EvoClassLoader - Instrumenting class 'org.apache.hadoop.thirdparty.protobuf.DescriptorProtos$FieldOptions$Builder'.
2024-11-12 13:41:31,773 INFO  MethodCallReplacementClassAdapter - Adding mock interface to class org/apache/hadoop/thirdparty/protobuf/DescriptorProtos$FieldOptions$Builder
2024-11-12 13:41:31,774 INFO  CreateClassResetClassAdapter - Creating brand-new static initializer in class org/apache/hadoop/thirdparty/protobuf/DescriptorProtos$FieldOptions$Builder
2024-11-12 13:41:31,775 INFO  EvoClassLoader - Keeping class: org.apache.hadoop.thirdparty.protobuf.DescriptorProtos$FieldOptions$Builder
2024-11-12 13:41:31,775 INFO  EvoClassLoader - Seeing class for first time: org.apache.hadoop.thirdparty.protobuf.DescriptorProtos$FieldOptions$CType
2024-11-12 13:41:31,775 INFO  EvoClassLoader - Instrumenting class 'org.apache.hadoop.thirdparty.protobuf.DescriptorProtos$FieldOptions$CType'.
2024-11-12 13:41:31,775 INFO  MethodCallReplacementClassAdapter - Adding mock interface to class org/apache/hadoop/thirdparty/protobuf/DescriptorProtos$FieldOptions$CType
2024-11-12 13:41:31,776 INFO  CreateClassResetClassAdapter - Found static initializer in class org/apache/hadoop/thirdparty/protobuf/DescriptorProtos$FieldOptions$CType
2024-11-12 13:41:31,776 INFO  EvoClassLoader - Keeping class: org.apache.hadoop.thirdparty.protobuf.DescriptorProtos$FieldOptions$CType
2024-11-12 13:41:31,776 INFO  EvoClassLoader - Seeing class for first time: org.apache.hadoop.thirdparty.protobuf.DescriptorProtos$FieldOptions$JSType
2024-11-12 13:41:31,776 INFO  EvoClassLoader - Instrumenting class 'org.apache.hadoop.thirdparty.protobuf.DescriptorProtos$FieldOptions$JSType'.
2024-11-12 13:41:31,776 INFO  MethodCallReplacementClassAdapter - Adding mock interface to class org/apache/hadoop/thirdparty/protobuf/DescriptorProtos$FieldOptions$JSType
2024-11-12 13:41:31,776 INFO  CreateClassResetClassAdapter - Found static initializer in class org/apache/hadoop/thirdparty/protobuf/DescriptorProtos$FieldOptions$JSType
2024-11-12 13:41:31,777 INFO  EvoClassLoader - Keeping class: org.apache.hadoop.thirdparty.protobuf.DescriptorProtos$FieldOptions$JSType
2024-11-12 13:41:31,777 INFO  EvoClassLoader - Seeing class for first time: org.apache.hadoop.thirdparty.protobuf.DescriptorProtos$DescriptorProto$ReservedRange$1
2024-11-12 13:41:31,777 INFO  EvoClassLoader - Instrumenting class 'org.apache.hadoop.thirdparty.protobuf.DescriptorProtos$DescriptorProto$ReservedRange$1'.
2024-11-12 13:41:31,777 INFO  MethodCallReplacementClassAdapter - Adding mock interface to class org/apache/hadoop/thirdparty/protobuf/DescriptorProtos$DescriptorProto$ReservedRange$1
2024-11-12 13:41:31,777 INFO  EvoClassLoader - Keeping class: org.apache.hadoop.thirdparty.protobuf.DescriptorProtos$DescriptorProto$ReservedRange$1
2024-11-12 13:41:31,777 INFO  EvoClassLoader - Seeing class for first time: org.apache.hadoop.thirdparty.protobuf.DescriptorProtos$DescriptorProto$ReservedRange$Builder
2024-11-12 13:41:31,777 INFO  EvoClassLoader - Instrumenting class 'org.apache.hadoop.thirdparty.protobuf.DescriptorProtos$DescriptorProto$ReservedRange$Builder'.
2024-11-12 13:41:31,778 INFO  MethodCallReplacementClassAdapter - Adding mock interface to class org/apache/hadoop/thirdparty/protobuf/DescriptorProtos$DescriptorProto$ReservedRange$Builder
2024-11-12 13:41:31,778 INFO  CreateClassResetClassAdapter - Creating brand-new static initializer in class org/apache/hadoop/thirdparty/protobuf/DescriptorProtos$DescriptorProto$ReservedRange$Builder
2024-11-12 13:41:31,778 INFO  EvoClassLoader - Keeping class: org.apache.hadoop.thirdparty.protobuf.DescriptorProtos$DescriptorProto$ReservedRange$Builder
2024-11-12 13:41:31,778 INFO  EvoClassLoader - Seeing class for first time: org.apache.hadoop.thirdparty.protobuf.DescriptorProtos$FileOptions$Builder
2024-11-12 13:41:31,778 INFO  EvoClassLoader - Instrumenting class 'org.apache.hadoop.thirdparty.protobuf.DescriptorProtos$FileOptions$Builder'.
2024-11-12 13:41:31,779 INFO  MethodCallReplacementClassAdapter - Adding mock interface to class org/apache/hadoop/thirdparty/protobuf/DescriptorProtos$FileOptions$Builder
2024-11-12 13:41:31,780 INFO  CreateClassResetClassAdapter - Creating brand-new static initializer in class org/apache/hadoop/thirdparty/protobuf/DescriptorProtos$FileOptions$Builder
2024-11-12 13:41:31,781 INFO  EvoClassLoader - Keeping class: org.apache.hadoop.thirdparty.protobuf.DescriptorProtos$FileOptions$Builder
2024-11-12 13:41:31,781 INFO  EvoClassLoader - Seeing class for first time: org.apache.hadoop.thirdparty.protobuf.DescriptorProtos$FileOptions$OptimizeMode
2024-11-12 13:41:31,781 INFO  EvoClassLoader - Instrumenting class 'org.apache.hadoop.thirdparty.protobuf.DescriptorProtos$FileOptions$OptimizeMode'.
2024-11-12 13:41:31,781 INFO  MethodCallReplacementClassAdapter - Adding mock interface to class org/apache/hadoop/thirdparty/protobuf/DescriptorProtos$FileOptions$OptimizeMode
2024-11-12 13:41:31,781 INFO  CreateClassResetClassAdapter - Found static initializer in class org/apache/hadoop/thirdparty/protobuf/DescriptorProtos$FileOptions$OptimizeMode
2024-11-12 13:41:31,782 INFO  EvoClassLoader - Keeping class: org.apache.hadoop.thirdparty.protobuf.DescriptorProtos$FileOptions$OptimizeMode
2024-11-12 13:41:31,782 INFO  EvoClassLoader - Seeing class for first time: org.apache.hadoop.thirdparty.protobuf.DescriptorProtos$FileOptions$OptimizeMode$1
2024-11-12 13:41:31,782 INFO  EvoClassLoader - Instrumenting class 'org.apache.hadoop.thirdparty.protobuf.DescriptorProtos$FileOptions$OptimizeMode$1'.
2024-11-12 13:41:31,782 INFO  MethodCallReplacementClassAdapter - Adding mock interface to class org/apache/hadoop/thirdparty/protobuf/DescriptorProtos$FileOptions$OptimizeMode$1
2024-11-12 13:41:31,782 INFO  EvoClassLoader - Keeping class: org.apache.hadoop.thirdparty.protobuf.DescriptorProtos$FileOptions$OptimizeMode$1
2024-11-12 13:41:31,783 INFO  EvoClassLoader - Seeing class for first time: org.apache.hadoop.thirdparty.protobuf.Utf8$DecodeUtil
2024-11-12 13:41:31,783 INFO  EvoClassLoader - Instrumenting class 'org.apache.hadoop.thirdparty.protobuf.Utf8$DecodeUtil'.
2024-11-12 13:41:31,783 INFO  MethodCallReplacementClassAdapter - Adding mock interface to class org/apache/hadoop/thirdparty/protobuf/Utf8$DecodeUtil
2024-11-12 13:41:31,783 INFO  CreateClassResetClassAdapter - Creating brand-new static initializer in class org/apache/hadoop/thirdparty/protobuf/Utf8$DecodeUtil
2024-11-12 13:41:31,783 INFO  EvoClassLoader - Keeping class: org.apache.hadoop.thirdparty.protobuf.Utf8$DecodeUtil
2024-11-12 13:41:31,784 INFO  EvoClassLoader - Seeing class for first time: org.apache.hadoop.thirdparty.protobuf.DescriptorProtos$MessageOptions$Builder
2024-11-12 13:41:31,784 INFO  EvoClassLoader - Instrumenting class 'org.apache.hadoop.thirdparty.protobuf.DescriptorProtos$MessageOptions$Builder'.
2024-11-12 13:41:31,784 INFO  MethodCallReplacementClassAdapter - Adding mock interface to class org/apache/hadoop/thirdparty/protobuf/DescriptorProtos$MessageOptions$Builder
2024-11-12 13:41:31,785 INFO  CreateClassResetClassAdapter - Creating brand-new static initializer in class org/apache/hadoop/thirdparty/protobuf/DescriptorProtos$MessageOptions$Builder
2024-11-12 13:41:31,786 INFO  EvoClassLoader - Keeping class: org.apache.hadoop.thirdparty.protobuf.DescriptorProtos$MessageOptions$Builder
2024-11-12 13:41:31,803 INFO  EvoClassLoader - Seeing class for first time: org.apache.hadoop.thirdparty.protobuf.TextFormat$Tokenizer
2024-11-12 13:41:31,803 INFO  EvoClassLoader - Instrumenting class 'org.apache.hadoop.thirdparty.protobuf.TextFormat$Tokenizer'.
2024-11-12 13:41:31,803 INFO  MethodCallReplacementClassAdapter - Adding mock interface to class org/apache/hadoop/thirdparty/protobuf/TextFormat$Tokenizer
2024-11-12 13:41:31,805 INFO  CreateClassResetClassAdapter - Found static initializer in class org/apache/hadoop/thirdparty/protobuf/TextFormat$Tokenizer
2024-11-12 13:41:31,806 INFO  EvoClassLoader - Keeping class: org.apache.hadoop.thirdparty.protobuf.TextFormat$Tokenizer
2024-11-12 13:41:31,806 INFO  EvoClassLoader - Seeing class for first time: org.apache.hadoop.thirdparty.protobuf.TextFormatParseInfoTree$Builder
2024-11-12 13:41:31,806 INFO  EvoClassLoader - Instrumenting class 'org.apache.hadoop.thirdparty.protobuf.TextFormatParseInfoTree$Builder'.
2024-11-12 13:41:31,806 INFO  MethodCallReplacementClassAdapter - Adding mock interface to class org/apache/hadoop/thirdparty/protobuf/TextFormatParseInfoTree$Builder
2024-11-12 13:41:31,807 INFO  CreateClassResetClassAdapter - Creating brand-new static initializer in class org/apache/hadoop/thirdparty/protobuf/TextFormatParseInfoTree$Builder
2024-11-12 13:41:31,807 INFO  EvoClassLoader - Keeping class: org.apache.hadoop.thirdparty.protobuf.TextFormatParseInfoTree$Builder
2024-11-12 13:41:31,807 INFO  EvoClassLoader - Seeing class for first time: org.apache.hadoop.thirdparty.protobuf.TextFormat$Parser$UnknownField
2024-11-12 13:41:31,807 INFO  EvoClassLoader - Instrumenting class 'org.apache.hadoop.thirdparty.protobuf.TextFormat$Parser$UnknownField'.
2024-11-12 13:41:31,807 INFO  MethodCallReplacementClassAdapter - Adding mock interface to class org/apache/hadoop/thirdparty/protobuf/TextFormat$Parser$UnknownField
2024-11-12 13:41:31,807 INFO  CreateClassResetClassAdapter - Creating brand-new static initializer in class org/apache/hadoop/thirdparty/protobuf/TextFormat$Parser$UnknownField
2024-11-12 13:41:31,807 INFO  EvoClassLoader - Keeping class: org.apache.hadoop.thirdparty.protobuf.TextFormat$Parser$UnknownField
2024-11-12 13:41:31,808 INFO  EvoClassLoader - Seeing class for first time: org.apache.hadoop.thirdparty.protobuf.TextFormat$TextGenerator
2024-11-12 13:41:31,808 INFO  EvoClassLoader - Instrumenting class 'org.apache.hadoop.thirdparty.protobuf.TextFormat$TextGenerator'.
2024-11-12 13:41:31,808 INFO  MethodCallReplacementClassAdapter - Adding mock interface to class org/apache/hadoop/thirdparty/protobuf/TextFormat$TextGenerator
2024-11-12 13:41:31,809 INFO  CreateClassResetClassAdapter - Creating brand-new static initializer in class org/apache/hadoop/thirdparty/protobuf/TextFormat$TextGenerator
2024-11-12 13:41:31,809 INFO  EvoClassLoader - Keeping class: org.apache.hadoop.thirdparty.protobuf.TextFormat$TextGenerator
2024-11-12 13:41:31,830 INFO  EvoClassLoader - Seeing class for first time: org.apache.hadoop.thirdparty.protobuf.GeneratedMessageV3$FieldAccessorTable$SingularFieldAccessor
2024-11-12 13:41:31,830 INFO  EvoClassLoader - Instrumenting class 'org.apache.hadoop.thirdparty.protobuf.GeneratedMessageV3$FieldAccessorTable$SingularFieldAccessor'.
2024-11-12 13:41:31,830 INFO  MethodCallReplacementClassAdapter - Adding mock interface to class org/apache/hadoop/thirdparty/protobuf/GeneratedMessageV3$FieldAccessorTable$SingularFieldAccessor
2024-11-12 13:41:31,830 INFO  CreateClassResetClassAdapter - Creating brand-new static initializer in class org/apache/hadoop/thirdparty/protobuf/GeneratedMessageV3$FieldAccessorTable$SingularFieldAccessor
2024-11-12 13:41:31,831 INFO  EvoClassLoader - Keeping class: org.apache.hadoop.thirdparty.protobuf.GeneratedMessageV3$FieldAccessorTable$SingularFieldAccessor
2024-11-12 13:41:31,831 INFO  EvoClassLoader - Seeing class for first time: org.apache.hadoop.thirdparty.protobuf.GeneratedMessageV3$FieldAccessorTable$RepeatedMessageFieldAccessor
2024-11-12 13:41:31,831 INFO  EvoClassLoader - Instrumenting class 'org.apache.hadoop.thirdparty.protobuf.GeneratedMessageV3$FieldAccessorTable$RepeatedMessageFieldAccessor'.
2024-11-12 13:41:31,831 INFO  MethodCallReplacementClassAdapter - Adding mock interface to class org/apache/hadoop/thirdparty/protobuf/GeneratedMessageV3$FieldAccessorTable$RepeatedMessageFieldAccessor
2024-11-12 13:41:31,831 INFO  CreateClassResetClassAdapter - Creating brand-new static initializer in class org/apache/hadoop/thirdparty/protobuf/GeneratedMessageV3$FieldAccessorTable$RepeatedMessageFieldAccessor
2024-11-12 13:41:31,832 INFO  EvoClassLoader - Seeing class for first time: org.apache.hadoop.thirdparty.protobuf.GeneratedMessageV3$FieldAccessorTable$RepeatedFieldAccessor
2024-11-12 13:41:31,832 INFO  EvoClassLoader - Instrumenting class 'org.apache.hadoop.thirdparty.protobuf.GeneratedMessageV3$FieldAccessorTable$RepeatedFieldAccessor'.
2024-11-12 13:41:31,832 INFO  MethodCallReplacementClassAdapter - Adding mock interface to class org/apache/hadoop/thirdparty/protobuf/GeneratedMessageV3$FieldAccessorTable$RepeatedFieldAccessor
2024-11-12 13:41:31,832 INFO  CreateClassResetClassAdapter - Creating brand-new static initializer in class org/apache/hadoop/thirdparty/protobuf/GeneratedMessageV3$FieldAccessorTable$RepeatedFieldAccessor
2024-11-12 13:41:31,832 INFO  EvoClassLoader - Keeping class: org.apache.hadoop.thirdparty.protobuf.GeneratedMessageV3$FieldAccessorTable$RepeatedFieldAccessor
2024-11-12 13:41:31,832 INFO  EvoClassLoader - Keeping class: org.apache.hadoop.thirdparty.protobuf.GeneratedMessageV3$FieldAccessorTable$RepeatedMessageFieldAccessor
2024-11-12 13:41:31,832 INFO  EvoClassLoader - Seeing class for first time: org.apache.hadoop.thirdparty.protobuf.GeneratedMessageV3$FieldAccessorTable$SingularMessageFieldAccessor
2024-11-12 13:41:31,832 INFO  EvoClassLoader - Instrumenting class 'org.apache.hadoop.thirdparty.protobuf.GeneratedMessageV3$FieldAccessorTable$SingularMessageFieldAccessor'.
2024-11-12 13:41:31,833 INFO  MethodCallReplacementClassAdapter - Adding mock interface to class org/apache/hadoop/thirdparty/protobuf/GeneratedMessageV3$FieldAccessorTable$SingularMessageFieldAccessor
2024-11-12 13:41:31,833 INFO  CreateClassResetClassAdapter - Creating brand-new static initializer in class org/apache/hadoop/thirdparty/protobuf/GeneratedMessageV3$FieldAccessorTable$SingularMessageFieldAccessor
2024-11-12 13:41:31,833 INFO  EvoClassLoader - Keeping class: org.apache.hadoop.thirdparty.protobuf.GeneratedMessageV3$FieldAccessorTable$SingularMessageFieldAccessor
2024-11-12 13:41:31,833 INFO  EvoClassLoader - Seeing class for first time: org.apache.hadoop.thirdparty.protobuf.GeneratedMessageV3$FieldAccessorTable$SingularStringFieldAccessor
2024-11-12 13:41:31,833 INFO  EvoClassLoader - Instrumenting class 'org.apache.hadoop.thirdparty.protobuf.GeneratedMessageV3$FieldAccessorTable$SingularStringFieldAccessor'.
2024-11-12 13:41:31,833 INFO  MethodCallReplacementClassAdapter - Adding mock interface to class org/apache/hadoop/thirdparty/protobuf/GeneratedMessageV3$FieldAccessorTable$SingularStringFieldAccessor
2024-11-12 13:41:31,833 INFO  CreateClassResetClassAdapter - Creating brand-new static initializer in class org/apache/hadoop/thirdparty/protobuf/GeneratedMessageV3$FieldAccessorTable$SingularStringFieldAccessor
2024-11-12 13:41:31,833 INFO  EvoClassLoader - Keeping class: org.apache.hadoop.thirdparty.protobuf.GeneratedMessageV3$FieldAccessorTable$SingularStringFieldAccessor
2024-11-12 13:41:31,833 INFO  EvoClassLoader - Seeing class for first time: org.apache.hadoop.thirdparty.protobuf.GeneratedMessageV3$FieldAccessorTable$RepeatedEnumFieldAccessor
2024-11-12 13:41:31,833 INFO  EvoClassLoader - Instrumenting class 'org.apache.hadoop.thirdparty.protobuf.GeneratedMessageV3$FieldAccessorTable$RepeatedEnumFieldAccessor'.
2024-11-12 13:41:31,834 INFO  MethodCallReplacementClassAdapter - Adding mock interface to class org/apache/hadoop/thirdparty/protobuf/GeneratedMessageV3$FieldAccessorTable$RepeatedEnumFieldAccessor
2024-11-12 13:41:31,834 INFO  CreateClassResetClassAdapter - Creating brand-new static initializer in class org/apache/hadoop/thirdparty/protobuf/GeneratedMessageV3$FieldAccessorTable$RepeatedEnumFieldAccessor
2024-11-12 13:41:31,834 INFO  EvoClassLoader - Keeping class: org.apache.hadoop.thirdparty.protobuf.GeneratedMessageV3$FieldAccessorTable$RepeatedEnumFieldAccessor
2024-11-12 13:41:31,834 INFO  EvoClassLoader - Seeing class for first time: org.apache.hadoop.thirdparty.protobuf.GeneratedMessageV3$FieldAccessorTable$SingularEnumFieldAccessor
2024-11-12 13:41:31,834 INFO  EvoClassLoader - Instrumenting class 'org.apache.hadoop.thirdparty.protobuf.GeneratedMessageV3$FieldAccessorTable$SingularEnumFieldAccessor'.
2024-11-12 13:41:31,834 INFO  MethodCallReplacementClassAdapter - Adding mock interface to class org/apache/hadoop/thirdparty/protobuf/GeneratedMessageV3$FieldAccessorTable$SingularEnumFieldAccessor
2024-11-12 13:41:31,834 INFO  CreateClassResetClassAdapter - Creating brand-new static initializer in class org/apache/hadoop/thirdparty/protobuf/GeneratedMessageV3$FieldAccessorTable$SingularEnumFieldAccessor
2024-11-12 13:41:31,834 INFO  EvoClassLoader - Keeping class: org.apache.hadoop.thirdparty.protobuf.GeneratedMessageV3$FieldAccessorTable$SingularEnumFieldAccessor
2024-11-12 13:41:31,834 INFO  EvoClassLoader - Seeing class for first time: org.apache.hadoop.thirdparty.protobuf.GeneratedMessageV3$FieldAccessorTable$MapFieldAccessor
2024-11-12 13:41:31,834 INFO  EvoClassLoader - Instrumenting class 'org.apache.hadoop.thirdparty.protobuf.GeneratedMessageV3$FieldAccessorTable$MapFieldAccessor'.
2024-11-12 13:41:31,835 INFO  MethodCallReplacementClassAdapter - Adding mock interface to class org/apache/hadoop/thirdparty/protobuf/GeneratedMessageV3$FieldAccessorTable$MapFieldAccessor
2024-11-12 13:41:31,835 INFO  CreateClassResetClassAdapter - Creating brand-new static initializer in class org/apache/hadoop/thirdparty/protobuf/GeneratedMessageV3$FieldAccessorTable$MapFieldAccessor
2024-11-12 13:41:31,835 INFO  EvoClassLoader - Keeping class: org.apache.hadoop.thirdparty.protobuf.GeneratedMessageV3$FieldAccessorTable$MapFieldAccessor
2024-11-12 13:41:31,836 INFO  EvoClassLoader - Seeing class for first time: org.apache.hadoop.thirdparty.protobuf.DynamicMessage
2024-11-12 13:41:31,836 INFO  EvoClassLoader - Instrumenting class 'org.apache.hadoop.thirdparty.protobuf.DynamicMessage'.
2024-11-12 13:41:31,836 INFO  MethodCallReplacementClassAdapter - Adding mock interface to class org/apache/hadoop/thirdparty/protobuf/DynamicMessage
2024-11-12 13:41:31,837 INFO  CreateClassResetClassAdapter - Creating brand-new static initializer in class org/apache/hadoop/thirdparty/protobuf/DynamicMessage
2024-11-12 13:41:31,837 INFO  EvoClassLoader - Keeping class: org.apache.hadoop.thirdparty.protobuf.DynamicMessage
2024-11-12 13:41:31,838 INFO  EvoClassLoader - Seeing class for first time: org.apache.hadoop.thirdparty.protobuf.DynamicMessage$Builder
2024-11-12 13:41:31,838 INFO  EvoClassLoader - Instrumenting class 'org.apache.hadoop.thirdparty.protobuf.DynamicMessage$Builder'.
2024-11-12 13:41:31,838 INFO  MethodCallReplacementClassAdapter - Adding mock interface to class org/apache/hadoop/thirdparty/protobuf/DynamicMessage$Builder
2024-11-12 13:41:31,839 INFO  CreateClassResetClassAdapter - Creating brand-new static initializer in class org/apache/hadoop/thirdparty/protobuf/DynamicMessage$Builder
2024-11-12 13:41:31,839 INFO  EvoClassLoader - Keeping class: org.apache.hadoop.thirdparty.protobuf.DynamicMessage$Builder
2024-11-12 13:41:31,840 INFO  EvoClassLoader - Seeing class for first time: org.apache.hadoop.thirdparty.protobuf.DescriptorProtos$UninterpretedOption$1
2024-11-12 13:41:31,840 INFO  EvoClassLoader - Instrumenting class 'org.apache.hadoop.thirdparty.protobuf.DescriptorProtos$UninterpretedOption$1'.
2024-11-12 13:41:31,840 INFO  MethodCallReplacementClassAdapter - Adding mock interface to class org/apache/hadoop/thirdparty/protobuf/DescriptorProtos$UninterpretedOption$1
2024-11-12 13:41:31,840 INFO  EvoClassLoader - Keeping class: org.apache.hadoop.thirdparty.protobuf.DescriptorProtos$UninterpretedOption$1
2024-11-12 13:41:31,841 INFO  EvoClassLoader - Seeing class for first time: org.apache.hadoop.thirdparty.protobuf.DescriptorProtos$UninterpretedOption$NamePart
2024-11-12 13:41:31,841 INFO  EvoClassLoader - Instrumenting class 'org.apache.hadoop.thirdparty.protobuf.DescriptorProtos$UninterpretedOption$NamePart'.
2024-11-12 13:41:31,841 INFO  MethodCallReplacementClassAdapter - Adding mock interface to class org/apache/hadoop/thirdparty/protobuf/DescriptorProtos$UninterpretedOption$NamePart
2024-11-12 13:41:31,842 INFO  CreateClassResetClassAdapter - Found static initializer in class org/apache/hadoop/thirdparty/protobuf/DescriptorProtos$UninterpretedOption$NamePart
2024-11-12 13:41:31,842 INFO  EvoClassLoader - Seeing class for first time: org.apache.hadoop.thirdparty.protobuf.DescriptorProtos$UninterpretedOption$NamePartOrBuilder
2024-11-12 13:41:31,842 INFO  EvoClassLoader - Instrumenting class 'org.apache.hadoop.thirdparty.protobuf.DescriptorProtos$UninterpretedOption$NamePartOrBuilder'.
2024-11-12 13:41:31,842 INFO  EvoClassLoader - Keeping class: org.apache.hadoop.thirdparty.protobuf.DescriptorProtos$UninterpretedOption$NamePartOrBuilder
2024-11-12 13:41:31,842 INFO  EvoClassLoader - Keeping class: org.apache.hadoop.thirdparty.protobuf.DescriptorProtos$UninterpretedOption$NamePart
2024-11-12 13:41:31,842 INFO  EvoClassLoader - Seeing class for first time: org.apache.hadoop.thirdparty.protobuf.DescriptorProtos$UninterpretedOption$Builder
2024-11-12 13:41:31,842 INFO  EvoClassLoader - Instrumenting class 'org.apache.hadoop.thirdparty.protobuf.DescriptorProtos$UninterpretedOption$Builder'.
2024-11-12 13:41:31,843 INFO  MethodCallReplacementClassAdapter - Adding mock interface to class org/apache/hadoop/thirdparty/protobuf/DescriptorProtos$UninterpretedOption$Builder
2024-11-12 13:41:31,844 INFO  CreateClassResetClassAdapter - Creating brand-new static initializer in class org/apache/hadoop/thirdparty/protobuf/DescriptorProtos$UninterpretedOption$Builder
2024-11-12 13:41:31,845 INFO  EvoClassLoader - Keeping class: org.apache.hadoop.thirdparty.protobuf.DescriptorProtos$UninterpretedOption$Builder
2024-11-12 13:41:31,845 INFO  EvoClassLoader - Seeing class for first time: org.apache.hadoop.thirdparty.protobuf.ListValue$1
2024-11-12 13:41:31,845 INFO  EvoClassLoader - Instrumenting class 'org.apache.hadoop.thirdparty.protobuf.ListValue$1'.
2024-11-12 13:41:31,845 INFO  MethodCallReplacementClassAdapter - Adding mock interface to class org/apache/hadoop/thirdparty/protobuf/ListValue$1
2024-11-12 13:41:31,845 INFO  EvoClassLoader - Keeping class: org.apache.hadoop.thirdparty.protobuf.ListValue$1
2024-11-12 13:41:31,845 INFO  EvoClassLoader - Seeing class for first time: org.apache.hadoop.thirdparty.protobuf.ListValue
2024-11-12 13:41:31,845 INFO  EvoClassLoader - Instrumenting class 'org.apache.hadoop.thirdparty.protobuf.ListValue'.
2024-11-12 13:41:31,845 INFO  MethodCallReplacementClassAdapter - Adding mock interface to class org/apache/hadoop/thirdparty/protobuf/ListValue
2024-11-12 13:41:31,846 INFO  CreateClassResetClassAdapter - Found static initializer in class org/apache/hadoop/thirdparty/protobuf/ListValue
2024-11-12 13:41:31,847 INFO  EvoClassLoader - Seeing class for first time: org.apache.hadoop.thirdparty.protobuf.ListValueOrBuilder
2024-11-12 13:41:31,847 INFO  EvoClassLoader - Instrumenting class 'org.apache.hadoop.thirdparty.protobuf.ListValueOrBuilder'.
2024-11-12 13:41:31,847 INFO  EvoClassLoader - Keeping class: org.apache.hadoop.thirdparty.protobuf.ListValueOrBuilder
2024-11-12 13:41:31,847 INFO  EvoClassLoader - Keeping class: org.apache.hadoop.thirdparty.protobuf.ListValue
2024-11-12 13:41:31,847 INFO  EvoClassLoader - Seeing class for first time: org.apache.hadoop.thirdparty.protobuf.Value
2024-11-12 13:41:31,847 INFO  EvoClassLoader - Instrumenting class 'org.apache.hadoop.thirdparty.protobuf.Value'.
2024-11-12 13:41:31,847 INFO  MethodCallReplacementClassAdapter - Adding mock interface to class org/apache/hadoop/thirdparty/protobuf/Value
2024-11-12 13:41:31,848 INFO  CreateClassResetClassAdapter - Found static initializer in class org/apache/hadoop/thirdparty/protobuf/Value
2024-11-12 13:41:31,849 INFO  EvoClassLoader - Seeing class for first time: org.apache.hadoop.thirdparty.protobuf.ValueOrBuilder
2024-11-12 13:41:31,849 INFO  EvoClassLoader - Instrumenting class 'org.apache.hadoop.thirdparty.protobuf.ValueOrBuilder'.
2024-11-12 13:41:31,849 INFO  EvoClassLoader - Keeping class: org.apache.hadoop.thirdparty.protobuf.ValueOrBuilder
2024-11-12 13:41:31,849 INFO  EvoClassLoader - Keeping class: org.apache.hadoop.thirdparty.protobuf.Value
2024-11-12 13:41:31,849 INFO  EvoClassLoader - Seeing class for first time: org.apache.hadoop.thirdparty.protobuf.ListValue$Builder
2024-11-12 13:41:31,849 INFO  EvoClassLoader - Instrumenting class 'org.apache.hadoop.thirdparty.protobuf.ListValue$Builder'.
2024-11-12 13:41:31,850 INFO  MethodCallReplacementClassAdapter - Adding mock interface to class org/apache/hadoop/thirdparty/protobuf/ListValue$Builder
2024-11-12 13:41:31,850 INFO  CreateClassResetClassAdapter - Creating brand-new static initializer in class org/apache/hadoop/thirdparty/protobuf/ListValue$Builder
2024-11-12 13:41:31,851 INFO  EvoClassLoader - Keeping class: org.apache.hadoop.thirdparty.protobuf.ListValue$Builder
2024-11-12 13:41:31,851 INFO  EvoClassLoader - Seeing class for first time: io.netty.util.ResourceLeakDetector$Level
2024-11-12 13:41:31,851 INFO  EvoClassLoader - Instrumenting class 'io.netty.util.ResourceLeakDetector$Level'.
2024-11-12 13:41:31,851 INFO  MethodCallReplacementClassAdapter - Adding mock interface to class io/netty/util/ResourceLeakDetector$Level
2024-11-12 13:41:31,851 INFO  CreateClassResetClassAdapter - Found static initializer in class io/netty/util/ResourceLeakDetector$Level
2024-11-12 13:41:31,852 INFO  EvoClassLoader - Keeping class: io.netty.util.ResourceLeakDetector$Level
2024-11-12 13:41:31,852 INFO  EvoClassLoader - Seeing class for first time: io.netty.util.ResourceLeakDetector
2024-11-12 13:41:31,852 INFO  EvoClassLoader - Instrumenting class 'io.netty.util.ResourceLeakDetector'.
2024-11-12 13:41:31,852 INFO  MethodCallReplacementClassAdapter - Adding mock interface to class io/netty/util/ResourceLeakDetector
2024-11-12 13:41:31,853 INFO  CreateClassResetClassAdapter - Found static initializer in class io/netty/util/ResourceLeakDetector
2024-11-12 13:41:31,854 INFO  EvoClassLoader - Keeping class: io.netty.util.ResourceLeakDetector
2024-11-12 13:41:31,854 INFO  EvoClassLoader - Seeing class for first time: io.netty.util.ResourceLeakDetector$TraceRecord
2024-11-12 13:41:31,854 INFO  EvoClassLoader - Instrumenting class 'io.netty.util.ResourceLeakDetector$TraceRecord'.
2024-11-12 13:41:31,854 INFO  MethodCallReplacementClassAdapter - Adding mock interface to class io/netty/util/ResourceLeakDetector$TraceRecord
2024-11-12 13:41:31,854 INFO  CreateClassResetClassAdapter - Found static initializer in class io/netty/util/ResourceLeakDetector$TraceRecord
2024-11-12 13:41:31,854 INFO  EvoClassLoader - Keeping class: io.netty.util.ResourceLeakDetector$TraceRecord
2024-11-12 13:41:31,854 INFO  EvoClassLoader - Seeing class for first time: io.netty.util.ResourceLeakDetector$DefaultResourceLeak
2024-11-12 13:41:31,854 INFO  EvoClassLoader - Instrumenting class 'io.netty.util.ResourceLeakDetector$DefaultResourceLeak'.
2024-11-12 13:41:31,855 INFO  MethodCallReplacementClassAdapter - Adding mock interface to class io/netty/util/ResourceLeakDetector$DefaultResourceLeak
2024-11-12 13:41:31,855 INFO  CreateClassResetClassAdapter - Found static initializer in class io/netty/util/ResourceLeakDetector$DefaultResourceLeak
2024-11-12 13:41:31,855 INFO  EvoClassLoader - Seeing class for first time: io.netty.util.ResourceLeakTracker
2024-11-12 13:41:31,855 INFO  EvoClassLoader - Instrumenting class 'io.netty.util.ResourceLeakTracker'.
2024-11-12 13:41:31,855 INFO  EvoClassLoader - Keeping class: io.netty.util.ResourceLeakTracker
2024-11-12 13:41:31,855 INFO  EvoClassLoader - Seeing class for first time: io.netty.util.ResourceLeak
2024-11-12 13:41:31,855 INFO  EvoClassLoader - Instrumenting class 'io.netty.util.ResourceLeak'.
2024-11-12 13:41:31,856 INFO  EvoClassLoader - Keeping class: io.netty.util.ResourceLeak
2024-11-12 13:41:31,856 INFO  EvoClassLoader - Keeping class: io.netty.util.ResourceLeakDetector$DefaultResourceLeak
2024-11-12 13:41:31,856 INFO  EvoClassLoader - Seeing class for first time: io.netty.util.internal.logging.InternalLoggerFactory
2024-11-12 13:41:31,856 INFO  EvoClassLoader - Instrumenting class 'io.netty.util.internal.logging.InternalLoggerFactory'.
2024-11-12 13:41:31,856 INFO  MethodCallReplacementClassAdapter - Adding mock interface to class io/netty/util/internal/logging/InternalLoggerFactory
2024-11-12 13:41:31,856 INFO  CreateClassResetClassAdapter - Creating brand-new static initializer in class io/netty/util/internal/logging/InternalLoggerFactory
2024-11-12 13:41:31,856 INFO  CreateClassResetClassAdapter - Adding bytecode for initializing field defaultFactory
2024-11-12 13:41:31,856 INFO  EvoClassLoader - Defined package (3): package io.netty.util.internal.logging, 2048307398
2024-11-12 13:41:31,856 INFO  EvoClassLoader - Keeping class: io.netty.util.internal.logging.InternalLoggerFactory
2024-11-12 13:41:31,856 INFO  EvoClassLoader - Seeing class for first time: io.netty.util.internal.logging.InternalLogger
2024-11-12 13:41:31,856 INFO  EvoClassLoader - Instrumenting class 'io.netty.util.internal.logging.InternalLogger'.
2024-11-12 13:41:31,857 INFO  EvoClassLoader - Keeping class: io.netty.util.internal.logging.InternalLogger
2024-11-12 13:41:31,857 INFO  EvoClassLoader - Seeing class for first time: io.netty.util.internal.logging.Slf4JLoggerFactory
2024-11-12 13:41:31,857 INFO  EvoClassLoader - Instrumenting class 'io.netty.util.internal.logging.Slf4JLoggerFactory'.
2024-11-12 13:41:31,857 INFO  MethodCallReplacementClassAdapter - Adding mock interface to class io/netty/util/internal/logging/Slf4JLoggerFactory
2024-11-12 13:41:31,858 INFO  CreateClassResetClassAdapter - Found static initializer in class io/netty/util/internal/logging/Slf4JLoggerFactory
2024-11-12 13:41:31,858 INFO  EvoClassLoader - Keeping class: io.netty.util.internal.logging.Slf4JLoggerFactory
2024-11-12 13:41:31,858 INFO  EvoClassLoader - Seeing class for first time: io.netty.util.internal.logging.AbstractInternalLogger
2024-11-12 13:41:31,858 INFO  EvoClassLoader - Instrumenting class 'io.netty.util.internal.logging.AbstractInternalLogger'.
2024-11-12 13:41:31,859 INFO  MethodCallReplacementClassAdapter - Adding mock interface to class io/netty/util/internal/logging/AbstractInternalLogger
2024-11-12 13:41:31,859 INFO  CreateClassResetClassAdapter - Creating brand-new static initializer in class io/netty/util/internal/logging/AbstractInternalLogger
2024-11-12 13:41:31,859 INFO  CreateClassResetClassAdapter - Adding bytecode for initializing field EXCEPTION_MESSAGE
2024-11-12 13:41:31,860 INFO  EvoClassLoader - Keeping class: io.netty.util.internal.logging.AbstractInternalLogger
2024-11-12 13:41:31,860 INFO  EvoClassLoader - Seeing class for first time: io.netty.util.internal.logging.LocationAwareSlf4JLogger
2024-11-12 13:41:31,860 INFO  EvoClassLoader - Instrumenting class 'io.netty.util.internal.logging.LocationAwareSlf4JLogger'.
2024-11-12 13:41:31,860 INFO  MethodCallReplacementClassAdapter - Adding mock interface to class io/netty/util/internal/logging/LocationAwareSlf4JLogger
2024-11-12 13:41:31,860 INFO  CreateClassResetClassAdapter - Found static initializer in class io/netty/util/internal/logging/LocationAwareSlf4JLogger
2024-11-12 13:41:31,860 INFO  EvoClassLoader - Keeping class: io.netty.util.internal.logging.LocationAwareSlf4JLogger
2024-11-12 13:41:31,860 INFO  EvoClassLoader - Seeing class for first time: io.netty.util.internal.logging.Slf4JLogger
2024-11-12 13:41:31,860 INFO  EvoClassLoader - Instrumenting class 'io.netty.util.internal.logging.Slf4JLogger'.
2024-11-12 13:41:31,860 INFO  MethodCallReplacementClassAdapter - Adding mock interface to class io/netty/util/internal/logging/Slf4JLogger
2024-11-12 13:41:31,860 INFO  CreateClassResetClassAdapter - Creating brand-new static initializer in class io/netty/util/internal/logging/Slf4JLogger
2024-11-12 13:41:31,860 INFO  EvoClassLoader - Keeping class: io.netty.util.internal.logging.Slf4JLogger
2024-11-12 13:41:31,861 INFO  EvoClassLoader - Seeing class for first time: io.netty.util.internal.logging.Slf4JLoggerFactory$NopInstanceHolder
2024-11-12 13:41:31,861 INFO  EvoClassLoader - Instrumenting class 'io.netty.util.internal.logging.Slf4JLoggerFactory$NopInstanceHolder'.
2024-11-12 13:41:31,861 INFO  MethodCallReplacementClassAdapter - Adding mock interface to class io/netty/util/internal/logging/Slf4JLoggerFactory$NopInstanceHolder
2024-11-12 13:41:31,861 INFO  CreateClassResetClassAdapter - Found static initializer in class io/netty/util/internal/logging/Slf4JLoggerFactory$NopInstanceHolder
2024-11-12 13:41:31,861 INFO  EvoClassLoader - Keeping class: io.netty.util.internal.logging.Slf4JLoggerFactory$NopInstanceHolder
2024-11-12 13:41:31,861 INFO  EvoClassLoader - Seeing class for first time: io.netty.util.internal.logging.InternalLogLevel
2024-11-12 13:41:31,861 INFO  EvoClassLoader - Instrumenting class 'io.netty.util.internal.logging.InternalLogLevel'.
2024-11-12 13:41:31,861 INFO  MethodCallReplacementClassAdapter - Adding mock interface to class io/netty/util/internal/logging/InternalLogLevel
2024-11-12 13:41:31,861 INFO  CreateClassResetClassAdapter - Found static initializer in class io/netty/util/internal/logging/InternalLogLevel
2024-11-12 13:41:31,862 INFO  EvoClassLoader - Keeping class: io.netty.util.internal.logging.InternalLogLevel
2024-11-12 13:41:31,862 INFO  EvoClassLoader - Seeing class for first time: io.netty.util.internal.ObjectUtil
2024-11-12 13:41:31,862 INFO  EvoClassLoader - Instrumenting class 'io.netty.util.internal.ObjectUtil'.
2024-11-12 13:41:31,862 INFO  MethodCallReplacementClassAdapter - Adding mock interface to class io/netty/util/internal/ObjectUtil
2024-11-12 13:41:31,863 INFO  CreateClassResetClassAdapter - Creating brand-new static initializer in class io/netty/util/internal/ObjectUtil
2024-11-12 13:41:31,863 INFO  CreateClassResetClassAdapter - Adding bytecode for initializing field FLOAT_ZERO
2024-11-12 13:41:31,863 INFO  CreateClassResetClassAdapter - Adding bytecode for initializing field DOUBLE_ZERO
2024-11-12 13:41:31,863 INFO  CreateClassResetClassAdapter - Adding bytecode for initializing field LONG_ZERO
2024-11-12 13:41:31,863 INFO  CreateClassResetClassAdapter - Adding bytecode for initializing field INT_ZERO
2024-11-12 13:41:31,863 INFO  EvoClassLoader - Defined package (3): package io.netty.util.internal, 1713044053
2024-11-12 13:41:31,863 INFO  EvoClassLoader - Keeping class: io.netty.util.internal.ObjectUtil
2024-11-12 13:41:31,864 INFO  EvoClassLoader - Seeing class for first time: io.netty.util.internal.SystemPropertyUtil
2024-11-12 13:41:31,864 INFO  EvoClassLoader - Instrumenting class 'io.netty.util.internal.SystemPropertyUtil'.
2024-11-12 13:41:31,864 INFO  MethodCallReplacementClassAdapter - Adding mock interface to class io/netty/util/internal/SystemPropertyUtil
2024-11-12 13:41:31,864 INFO  CreateClassResetClassAdapter - Found static initializer in class io/netty/util/internal/SystemPropertyUtil
2024-11-12 13:41:31,864 INFO  EvoClassLoader - Keeping class: io.netty.util.internal.SystemPropertyUtil
2024-11-12 13:41:31,864 INFO  EvoClassLoader - Seeing class for first time: io.netty.util.internal.SystemPropertyUtil$1
2024-11-12 13:41:31,864 INFO  EvoClassLoader - Instrumenting class 'io.netty.util.internal.SystemPropertyUtil$1'.
2024-11-12 13:41:31,865 INFO  MethodCallReplacementClassAdapter - Adding mock interface to class io/netty/util/internal/SystemPropertyUtil$1
2024-11-12 13:41:31,865 INFO  EvoClassLoader - Keeping class: io.netty.util.internal.SystemPropertyUtil$1
2024-11-12 13:41:31,865 INFO  EvoClassLoader - Seeing class for first time: io.netty.util.internal.EmptyArrays
2024-11-12 13:41:31,865 INFO  EvoClassLoader - Instrumenting class 'io.netty.util.internal.EmptyArrays'.
2024-11-12 13:41:31,865 INFO  MethodCallReplacementClassAdapter - Adding mock interface to class io/netty/util/internal/EmptyArrays
2024-11-12 13:41:31,865 INFO  CreateClassResetClassAdapter - Found static initializer in class io/netty/util/internal/EmptyArrays
2024-11-12 13:41:31,865 INFO  EvoClassLoader - Keeping class: io.netty.util.internal.EmptyArrays
2024-11-12 13:41:31,866 INFO  EvoClassLoader - Seeing class for first time: io.netty.util.AsciiString
2024-11-12 13:41:31,866 INFO  EvoClassLoader - Instrumenting class 'io.netty.util.AsciiString'.
2024-11-12 13:41:31,866 INFO  MethodCallReplacementClassAdapter - Adding mock interface to class io/netty/util/AsciiString
2024-11-12 13:41:31,868 INFO  CreateClassResetClassAdapter - Found static initializer in class io/netty/util/AsciiString
2024-11-12 13:41:31,869 INFO  EvoClassLoader - Keeping class: io.netty.util.AsciiString
2024-11-12 13:41:31,869 INFO  EvoClassLoader - Seeing class for first time: io.netty.buffer.AbstractByteBufAllocator
2024-11-12 13:41:31,869 INFO  EvoClassLoader - Instrumenting class 'io.netty.buffer.AbstractByteBufAllocator'.
2024-11-12 13:41:31,870 INFO  MethodCallReplacementClassAdapter - Adding mock interface to class io/netty/buffer/AbstractByteBufAllocator
2024-11-12 13:41:31,876 INFO  CreateClassResetClassAdapter - Found static initializer in class io/netty/buffer/AbstractByteBufAllocator
2024-11-12 13:41:31,876 INFO  EvoClassLoader - Defined package (3): package io.netty.buffer, -617234796
2024-11-12 13:41:31,876 INFO  EvoClassLoader - Seeing class for first time: io.netty.buffer.ByteBufAllocator
2024-11-12 13:41:31,876 INFO  EvoClassLoader - Instrumenting class 'io.netty.buffer.ByteBufAllocator'.
2024-11-12 13:41:31,876 INFO  EvoClassLoader - Keeping class: io.netty.buffer.ByteBufAllocator
2024-11-12 13:41:31,876 INFO  EvoClassLoader - Keeping class: io.netty.buffer.AbstractByteBufAllocator
2024-11-12 13:41:31,876 INFO  EvoClassLoader - Seeing class for first time: io.netty.buffer.ByteBuf
2024-11-12 13:41:31,876 INFO  EvoClassLoader - Instrumenting class 'io.netty.buffer.ByteBuf'.
2024-11-12 13:41:31,877 INFO  MethodCallReplacementClassAdapter - Adding mock interface to class io/netty/buffer/ByteBuf
2024-11-12 13:41:31,877 INFO  CreateClassResetClassAdapter - Creating brand-new static initializer in class io/netty/buffer/ByteBuf
2024-11-12 13:41:31,877 INFO  EvoClassLoader - Seeing class for first time: io.netty.util.ReferenceCounted
2024-11-12 13:41:31,877 INFO  EvoClassLoader - Instrumenting class 'io.netty.util.ReferenceCounted'.
2024-11-12 13:41:31,877 INFO  EvoClassLoader - Keeping class: io.netty.util.ReferenceCounted
2024-11-12 13:41:31,877 INFO  EvoClassLoader - Seeing class for first time: io.netty.buffer.ByteBufConvertible
2024-11-12 13:41:31,877 INFO  EvoClassLoader - Instrumenting class 'io.netty.buffer.ByteBufConvertible'.
2024-11-12 13:41:31,878 INFO  EvoClassLoader - Keeping class: io.netty.buffer.ByteBufConvertible
2024-11-12 13:41:31,878 INFO  EvoClassLoader - Keeping class: io.netty.buffer.ByteBuf
2024-11-12 13:41:31,878 INFO  EvoClassLoader - Seeing class for first time: io.netty.buffer.EmptyByteBuf
2024-11-12 13:41:31,878 INFO  EvoClassLoader - Instrumenting class 'io.netty.buffer.EmptyByteBuf'.
2024-11-12 13:41:31,878 INFO  MethodCallReplacementClassAdapter - Adding mock interface to class io/netty/buffer/EmptyByteBuf
2024-11-12 13:41:31,878 INFO  CreateClassResetClassAdapter - Found static initializer in class io/netty/buffer/EmptyByteBuf
2024-11-12 13:41:31,879 INFO  EvoClassLoader - Keeping class: io.netty.buffer.EmptyByteBuf
2024-11-12 13:41:31,879 INFO  EvoClassLoader - Seeing class for first time: io.netty.buffer.SimpleLeakAwareByteBuf
2024-11-12 13:41:31,879 INFO  EvoClassLoader - Instrumenting class 'io.netty.buffer.SimpleLeakAwareByteBuf'.
2024-11-12 13:41:31,879 INFO  MethodCallReplacementClassAdapter - Adding mock interface to class io/netty/buffer/SimpleLeakAwareByteBuf
2024-11-12 13:41:31,879 INFO  CreateClassResetClassAdapter - Found static initializer in class io/netty/buffer/SimpleLeakAwareByteBuf
2024-11-12 13:41:31,880 INFO  EvoClassLoader - Seeing class for first time: io.netty.buffer.WrappedByteBuf
2024-11-12 13:41:31,880 INFO  EvoClassLoader - Instrumenting class 'io.netty.buffer.WrappedByteBuf'.
2024-11-12 13:41:31,880 INFO  MethodCallReplacementClassAdapter - Adding mock interface to class io/netty/buffer/WrappedByteBuf
2024-11-12 13:41:31,880 INFO  CreateClassResetClassAdapter - Creating brand-new static initializer in class io/netty/buffer/WrappedByteBuf
2024-11-12 13:41:31,881 INFO  EvoClassLoader - Keeping class: io.netty.buffer.WrappedByteBuf
2024-11-12 13:41:31,881 INFO  EvoClassLoader - Keeping class: io.netty.buffer.SimpleLeakAwareByteBuf
2024-11-12 13:41:31,881 INFO  EvoClassLoader - Seeing class for first time: io.netty.buffer.AdvancedLeakAwareByteBuf
2024-11-12 13:41:31,881 INFO  EvoClassLoader - Instrumenting class 'io.netty.buffer.AdvancedLeakAwareByteBuf'.
2024-11-12 13:41:31,881 INFO  MethodCallReplacementClassAdapter - Adding mock interface to class io/netty/buffer/AdvancedLeakAwareByteBuf
2024-11-12 13:41:31,881 INFO  CreateClassResetClassAdapter - Found static initializer in class io/netty/buffer/AdvancedLeakAwareByteBuf
2024-11-12 13:41:31,882 INFO  EvoClassLoader - Keeping class: io.netty.buffer.AdvancedLeakAwareByteBuf
2024-11-12 13:41:31,882 INFO  EvoClassLoader - Seeing class for first time: io.netty.buffer.CompositeByteBuf
2024-11-12 13:41:31,882 INFO  EvoClassLoader - Instrumenting class 'io.netty.buffer.CompositeByteBuf'.
2024-11-12 13:41:31,882 INFO  MethodCallReplacementClassAdapter - Adding mock interface to class io/netty/buffer/CompositeByteBuf
2024-11-12 13:41:31,885 INFO  CreateClassResetClassAdapter - Found static initializer in class io/netty/buffer/CompositeByteBuf
2024-11-12 13:41:31,886 INFO  EvoClassLoader - Seeing class for first time: io.netty.buffer.AbstractReferenceCountedByteBuf
2024-11-12 13:41:31,886 INFO  EvoClassLoader - Instrumenting class 'io.netty.buffer.AbstractReferenceCountedByteBuf'.
2024-11-12 13:41:31,886 INFO  MethodCallReplacementClassAdapter - Adding mock interface to class io/netty/buffer/AbstractReferenceCountedByteBuf
2024-11-12 13:41:31,887 INFO  CreateClassResetClassAdapter - Found static initializer in class io/netty/buffer/AbstractReferenceCountedByteBuf
2024-11-12 13:41:31,887 INFO  EvoClassLoader - Seeing class for first time: io.netty.buffer.AbstractByteBuf
2024-11-12 13:41:31,887 INFO  EvoClassLoader - Instrumenting class 'io.netty.buffer.AbstractByteBuf'.
2024-11-12 13:41:31,887 INFO  MethodCallReplacementClassAdapter - Adding mock interface to class io/netty/buffer/AbstractByteBuf
2024-11-12 13:41:31,888 INFO  CreateClassResetClassAdapter - Found static initializer in class io/netty/buffer/AbstractByteBuf
2024-11-12 13:41:31,889 INFO  EvoClassLoader - Keeping class: io.netty.buffer.AbstractByteBuf
2024-11-12 13:41:31,889 INFO  EvoClassLoader - Keeping class: io.netty.buffer.AbstractReferenceCountedByteBuf
2024-11-12 13:41:31,889 INFO  EvoClassLoader - Keeping class: io.netty.buffer.CompositeByteBuf
2024-11-12 13:41:31,889 INFO  EvoClassLoader - Seeing class for first time: io.netty.buffer.SimpleLeakAwareCompositeByteBuf
2024-11-12 13:41:31,889 INFO  EvoClassLoader - Instrumenting class 'io.netty.buffer.SimpleLeakAwareCompositeByteBuf'.
2024-11-12 13:41:31,889 INFO  MethodCallReplacementClassAdapter - Adding mock interface to class io/netty/buffer/SimpleLeakAwareCompositeByteBuf
2024-11-12 13:41:31,889 INFO  CreateClassResetClassAdapter - Found static initializer in class io/netty/buffer/SimpleLeakAwareCompositeByteBuf
2024-11-12 13:41:31,890 INFO  EvoClassLoader - Seeing class for first time: io.netty.buffer.WrappedCompositeByteBuf
2024-11-12 13:41:31,890 INFO  EvoClassLoader - Instrumenting class 'io.netty.buffer.WrappedCompositeByteBuf'.
2024-11-12 13:41:31,890 INFO  MethodCallReplacementClassAdapter - Adding mock interface to class io/netty/buffer/WrappedCompositeByteBuf
2024-11-12 13:41:31,890 INFO  CreateClassResetClassAdapter - Creating brand-new static initializer in class io/netty/buffer/WrappedCompositeByteBuf
2024-11-12 13:41:31,891 INFO  EvoClassLoader - Keeping class: io.netty.buffer.WrappedCompositeByteBuf
2024-11-12 13:41:31,891 INFO  EvoClassLoader - Keeping class: io.netty.buffer.SimpleLeakAwareCompositeByteBuf
2024-11-12 13:41:31,891 INFO  EvoClassLoader - Seeing class for first time: io.netty.buffer.AdvancedLeakAwareCompositeByteBuf
2024-11-12 13:41:31,891 INFO  EvoClassLoader - Instrumenting class 'io.netty.buffer.AdvancedLeakAwareCompositeByteBuf'.
2024-11-12 13:41:31,892 INFO  MethodCallReplacementClassAdapter - Adding mock interface to class io/netty/buffer/AdvancedLeakAwareCompositeByteBuf
2024-11-12 13:41:31,892 INFO  CreateClassResetClassAdapter - Creating brand-new static initializer in class io/netty/buffer/AdvancedLeakAwareCompositeByteBuf
2024-11-12 13:41:31,893 INFO  EvoClassLoader - Keeping class: io.netty.buffer.AdvancedLeakAwareCompositeByteBuf
2024-11-12 13:41:31,893 INFO  EvoClassLoader - Seeing class for first time: io.netty.util.NettyRuntime$AvailableProcessorsHolder
2024-11-12 13:41:31,893 INFO  EvoClassLoader - Instrumenting class 'io.netty.util.NettyRuntime$AvailableProcessorsHolder'.
2024-11-12 13:41:31,894 INFO  MethodCallReplacementClassAdapter - Adding mock interface to class io/netty/util/NettyRuntime$AvailableProcessorsHolder
2024-11-12 13:41:31,894 INFO  CreateClassResetClassAdapter - Creating brand-new static initializer in class io/netty/util/NettyRuntime$AvailableProcessorsHolder
2024-11-12 13:41:31,894 INFO  EvoClassLoader - Keeping class: io.netty.util.NettyRuntime$AvailableProcessorsHolder
2024-11-12 13:41:31,894 INFO  EvoClassLoader - Seeing class for first time: io.netty.util.NettyRuntime
2024-11-12 13:41:31,894 INFO  EvoClassLoader - Instrumenting class 'io.netty.util.NettyRuntime'.
2024-11-12 13:41:31,894 INFO  MethodCallReplacementClassAdapter - Adding mock interface to class io/netty/util/NettyRuntime
2024-11-12 13:41:31,895 INFO  CreateClassResetClassAdapter - Found static initializer in class io/netty/util/NettyRuntime
2024-11-12 13:41:31,895 INFO  EvoClassLoader - Keeping class: io.netty.util.NettyRuntime
2024-11-12 13:41:31,895 INFO  EvoClassLoader - Seeing class for first time: io.netty.util.internal.PlatformDependent0$1
2024-11-12 13:41:31,895 INFO  EvoClassLoader - Instrumenting class 'io.netty.util.internal.PlatformDependent0$1'.
2024-11-12 13:41:31,895 INFO  MethodCallReplacementClassAdapter - Adding mock interface to class io/netty/util/internal/PlatformDependent0$1
2024-11-12 13:41:31,895 INFO  EvoClassLoader - Keeping class: io.netty.util.internal.PlatformDependent0$1
2024-11-12 13:41:31,895 INFO  EvoClassLoader - Seeing class for first time: io.netty.util.internal.PlatformDependent0
2024-11-12 13:41:31,895 INFO  EvoClassLoader - Instrumenting class 'io.netty.util.internal.PlatformDependent0'.
2024-11-12 13:41:31,896 INFO  MethodCallReplacementClassAdapter - Adding mock interface to class io/netty/util/internal/PlatformDependent0
2024-11-12 13:41:31,896 INFO  CreateClassResetClassAdapter - Found static initializer in class io/netty/util/internal/PlatformDependent0
2024-11-12 13:41:31,898 INFO  EvoClassLoader - Keeping class: io.netty.util.internal.PlatformDependent0
2024-11-12 13:41:31,898 INFO  EvoClassLoader - Seeing class for first time: io.netty.util.internal.ReflectionUtil
2024-11-12 13:41:31,898 INFO  EvoClassLoader - Instrumenting class 'io.netty.util.internal.ReflectionUtil'.
2024-11-12 13:41:31,898 INFO  MethodCallReplacementClassAdapter - Adding mock interface to class io/netty/util/internal/ReflectionUtil
2024-11-12 13:41:31,898 INFO  CreateClassResetClassAdapter - Creating brand-new static initializer in class io/netty/util/internal/ReflectionUtil
2024-11-12 13:41:31,898 INFO  EvoClassLoader - Keeping class: io.netty.util.internal.ReflectionUtil
2024-11-12 13:41:31,898 INFO  EvoClassLoader - Seeing class for first time: io.netty.util.internal.PlatformDependent0$2
2024-11-12 13:41:31,898 INFO  EvoClassLoader - Instrumenting class 'io.netty.util.internal.PlatformDependent0$2'.
2024-11-12 13:41:31,898 INFO  MethodCallReplacementClassAdapter - Adding mock interface to class io/netty/util/internal/PlatformDependent0$2
2024-11-12 13:41:31,899 INFO  EvoClassLoader - Keeping class: io.netty.util.internal.PlatformDependent0$2
2024-11-12 13:41:31,899 INFO  EvoClassLoader - Seeing class for first time: io.netty.util.internal.PlatformDependent0$3
2024-11-12 13:41:31,899 INFO  EvoClassLoader - Instrumenting class 'io.netty.util.internal.PlatformDependent0$3'.
2024-11-12 13:41:31,899 INFO  MethodCallReplacementClassAdapter - Adding mock interface to class io/netty/util/internal/PlatformDependent0$3
2024-11-12 13:41:31,899 INFO  EvoClassLoader - Keeping class: io.netty.util.internal.PlatformDependent0$3
2024-11-12 13:41:31,899 INFO  EvoClassLoader - Seeing class for first time: io.netty.util.internal.PlatformDependent0$4
2024-11-12 13:41:31,899 INFO  EvoClassLoader - Instrumenting class 'io.netty.util.internal.PlatformDependent0$4'.
2024-11-12 13:41:31,899 INFO  MethodCallReplacementClassAdapter - Adding mock interface to class io/netty/util/internal/PlatformDependent0$4
2024-11-12 13:41:31,899 INFO  EvoClassLoader - Keeping class: io.netty.util.internal.PlatformDependent0$4
2024-11-12 13:41:31,899 INFO  EvoClassLoader - Seeing class for first time: io.netty.util.internal.PlatformDependent0$5
2024-11-12 13:41:31,899 INFO  EvoClassLoader - Instrumenting class 'io.netty.util.internal.PlatformDependent0$5'.
2024-11-12 13:41:31,900 INFO  MethodCallReplacementClassAdapter - Adding mock interface to class io/netty/util/internal/PlatformDependent0$5
2024-11-12 13:41:31,900 INFO  EvoClassLoader - Keeping class: io.netty.util.internal.PlatformDependent0$5
2024-11-12 13:41:31,900 INFO  EvoClassLoader - Seeing class for first time: io.netty.util.internal.PlatformDependent0$6
2024-11-12 13:41:31,900 INFO  EvoClassLoader - Instrumenting class 'io.netty.util.internal.PlatformDependent0$6'.
2024-11-12 13:41:31,901 INFO  MethodCallReplacementClassAdapter - Adding mock interface to class io/netty/util/internal/PlatformDependent0$6
2024-11-12 13:41:31,902 INFO  EvoClassLoader - Keeping class: io.netty.util.internal.PlatformDependent0$6
2024-11-12 13:41:31,902 INFO  EvoClassLoader - Seeing class for first time: io.netty.util.internal.PlatformDependent0$12
2024-11-12 13:41:31,902 INFO  EvoClassLoader - Instrumenting class 'io.netty.util.internal.PlatformDependent0$12'.
2024-11-12 13:41:31,902 INFO  MethodCallReplacementClassAdapter - Adding mock interface to class io/netty/util/internal/PlatformDependent0$12
2024-11-12 13:41:31,903 INFO  EvoClassLoader - Keeping class: io.netty.util.internal.PlatformDependent0$12
2024-11-12 13:41:31,908 INFO  EvoClassLoader - Seeing class for first time: io.netty.util.internal.PlatformDependent$1
2024-11-12 13:41:31,908 INFO  EvoClassLoader - Instrumenting class 'io.netty.util.internal.PlatformDependent$1'.
2024-11-12 13:41:31,908 INFO  MethodCallReplacementClassAdapter - Adding mock interface to class io/netty/util/internal/PlatformDependent$1
2024-11-12 13:41:31,909 INFO  EvoClassLoader - Seeing class for first time: io.netty.util.internal.Cleaner
2024-11-12 13:41:31,909 INFO  EvoClassLoader - Instrumenting class 'io.netty.util.internal.Cleaner'.
2024-11-12 13:41:31,909 INFO  EvoClassLoader - Keeping class: io.netty.util.internal.Cleaner
2024-11-12 13:41:31,909 INFO  EvoClassLoader - Keeping class: io.netty.util.internal.PlatformDependent$1
2024-11-12 13:41:31,909 INFO  EvoClassLoader - Seeing class for first time: io.netty.util.internal.PlatformDependent
2024-11-12 13:41:31,909 INFO  EvoClassLoader - Instrumenting class 'io.netty.util.internal.PlatformDependent'.
2024-11-12 13:41:31,912 INFO  MethodCallReplacementClassAdapter - Adding mock interface to class io/netty/util/internal/PlatformDependent
2024-11-12 13:41:31,943 INFO  CreateClassResetClassAdapter - Found static initializer in class io/netty/util/internal/PlatformDependent
2024-11-12 13:41:31,946 INFO  EvoClassLoader - Keeping class: io.netty.util.internal.PlatformDependent
2024-11-12 13:41:31,946 INFO  EvoClassLoader - Seeing class for first time: io.netty.util.internal.PlatformDependent$2
2024-11-12 13:41:31,946 INFO  EvoClassLoader - Instrumenting class 'io.netty.util.internal.PlatformDependent$2'.
2024-11-12 13:41:31,946 INFO  MethodCallReplacementClassAdapter - Adding mock interface to class io/netty/util/internal/PlatformDependent$2
2024-11-12 13:41:31,946 INFO  EvoClassLoader - Seeing class for first time: io.netty.util.internal.PlatformDependent$ThreadLocalRandomProvider
2024-11-12 13:41:31,946 INFO  EvoClassLoader - Instrumenting class 'io.netty.util.internal.PlatformDependent$ThreadLocalRandomProvider'.
2024-11-12 13:41:31,946 INFO  EvoClassLoader - Keeping class: io.netty.util.internal.PlatformDependent$ThreadLocalRandomProvider
2024-11-12 13:41:31,946 INFO  EvoClassLoader - Keeping class: io.netty.util.internal.PlatformDependent$2
2024-11-12 13:41:31,946 INFO  EvoClassLoader - Seeing class for first time: io.netty.util.internal.CleanerJava6$1
2024-11-12 13:41:31,946 INFO  EvoClassLoader - Instrumenting class 'io.netty.util.internal.CleanerJava6$1'.
2024-11-12 13:41:31,947 INFO  MethodCallReplacementClassAdapter - Adding mock interface to class io/netty/util/internal/CleanerJava6$1
2024-11-12 13:41:31,947 INFO  EvoClassLoader - Keeping class: io.netty.util.internal.CleanerJava6$1
2024-11-12 13:41:31,947 INFO  EvoClassLoader - Seeing class for first time: io.netty.util.internal.CleanerJava6
2024-11-12 13:41:31,947 INFO  EvoClassLoader - Instrumenting class 'io.netty.util.internal.CleanerJava6'.
2024-11-12 13:41:31,947 INFO  MethodCallReplacementClassAdapter - Adding mock interface to class io/netty/util/internal/CleanerJava6
2024-11-12 13:41:31,947 INFO  CreateClassResetClassAdapter - Found static initializer in class io/netty/util/internal/CleanerJava6
2024-11-12 13:41:31,947 INFO  EvoClassLoader - Keeping class: io.netty.util.internal.CleanerJava6
2024-11-12 13:41:31,948 INFO  EvoClassLoader - Seeing class for first time: io.netty.util.internal.LongCounter
2024-11-12 13:41:31,948 INFO  EvoClassLoader - Instrumenting class 'io.netty.util.internal.LongCounter'.
2024-11-12 13:41:31,949 INFO  EvoClassLoader - Keeping class: io.netty.util.internal.LongCounter
2024-11-12 13:41:31,949 INFO  EvoClassLoader - Seeing class for first time: io.netty.util.internal.OutOfDirectMemoryError
2024-11-12 13:41:31,949 INFO  EvoClassLoader - Instrumenting class 'io.netty.util.internal.OutOfDirectMemoryError'.
2024-11-12 13:41:31,949 INFO  MethodCallReplacementClassAdapter - Adding mock interface to class io/netty/util/internal/OutOfDirectMemoryError
2024-11-12 13:41:31,949 INFO  CreateClassResetClassAdapter - Creating brand-new static initializer in class io/netty/util/internal/OutOfDirectMemoryError
2024-11-12 13:41:31,950 INFO  EvoClassLoader - Keeping class: io.netty.util.internal.OutOfDirectMemoryError
2024-11-12 13:41:31,950 INFO  EvoClassLoader - Seeing class for first time: io.netty.util.internal.shaded.org.jctools.queues.SpscLinkedQueue
2024-11-12 13:41:31,950 INFO  EvoClassLoader - Instrumenting class 'io.netty.util.internal.shaded.org.jctools.queues.SpscLinkedQueue'.
2024-11-12 13:41:31,951 INFO  MethodCallReplacementClassAdapter - Adding mock interface to class io/netty/util/internal/shaded/org/jctools/queues/SpscLinkedQueue
2024-11-12 13:41:31,951 INFO  CreateClassResetClassAdapter - Creating brand-new static initializer in class io/netty/util/internal/shaded/org/jctools/queues/SpscLinkedQueue
2024-11-12 13:41:31,951 INFO  EvoClassLoader - Defined package (3): package io.netty.util.internal.shaded.org.jctools.queues, 1012279830
2024-11-12 13:41:31,952 INFO  EvoClassLoader - Seeing class for first time: io.netty.util.internal.shaded.org.jctools.queues.BaseLinkedQueue
2024-11-12 13:41:31,952 INFO  EvoClassLoader - Instrumenting class 'io.netty.util.internal.shaded.org.jctools.queues.BaseLinkedQueue'.
2024-11-12 13:41:31,952 INFO  MethodCallReplacementClassAdapter - Adding mock interface to class io/netty/util/internal/shaded/org/jctools/queues/BaseLinkedQueue
2024-11-12 13:41:31,952 INFO  CreateClassResetClassAdapter - Creating brand-new static initializer in class io/netty/util/internal/shaded/org/jctools/queues/BaseLinkedQueue
2024-11-12 13:41:31,952 INFO  EvoClassLoader - Seeing class for first time: io.netty.util.internal.shaded.org.jctools.queues.BaseLinkedQueuePad2
2024-11-12 13:41:31,952 INFO  EvoClassLoader - Instrumenting class 'io.netty.util.internal.shaded.org.jctools.queues.BaseLinkedQueuePad2'.
2024-11-12 13:41:31,953 INFO  MethodCallReplacementClassAdapter - Adding mock interface to class io/netty/util/internal/shaded/org/jctools/queues/BaseLinkedQueuePad2
2024-11-12 13:41:31,953 INFO  CreateClassResetClassAdapter - Creating brand-new static initializer in class io/netty/util/internal/shaded/org/jctools/queues/BaseLinkedQueuePad2
2024-11-12 13:41:31,953 INFO  EvoClassLoader - Seeing class for first time: io.netty.util.internal.shaded.org.jctools.queues.BaseLinkedQueueConsumerNodeRef
2024-11-12 13:41:31,953 INFO  EvoClassLoader - Instrumenting class 'io.netty.util.internal.shaded.org.jctools.queues.BaseLinkedQueueConsumerNodeRef'.
2024-11-12 13:41:31,953 INFO  MethodCallReplacementClassAdapter - Adding mock interface to class io/netty/util/internal/shaded/org/jctools/queues/BaseLinkedQueueConsumerNodeRef
2024-11-12 13:41:31,953 INFO  CreateClassResetClassAdapter - Found static initializer in class io/netty/util/internal/shaded/org/jctools/queues/BaseLinkedQueueConsumerNodeRef
2024-11-12 13:41:31,953 INFO  EvoClassLoader - Seeing class for first time: io.netty.util.internal.shaded.org.jctools.queues.BaseLinkedQueuePad1
2024-11-12 13:41:31,953 INFO  EvoClassLoader - Instrumenting class 'io.netty.util.internal.shaded.org.jctools.queues.BaseLinkedQueuePad1'.
2024-11-12 13:41:31,954 INFO  MethodCallReplacementClassAdapter - Adding mock interface to class io/netty/util/internal/shaded/org/jctools/queues/BaseLinkedQueuePad1
2024-11-12 13:41:31,954 INFO  CreateClassResetClassAdapter - Creating brand-new static initializer in class io/netty/util/internal/shaded/org/jctools/queues/BaseLinkedQueuePad1
2024-11-12 13:41:31,954 INFO  EvoClassLoader - Seeing class for first time: io.netty.util.internal.shaded.org.jctools.queues.BaseLinkedQueueProducerNodeRef
2024-11-12 13:41:31,954 INFO  EvoClassLoader - Instrumenting class 'io.netty.util.internal.shaded.org.jctools.queues.BaseLinkedQueueProducerNodeRef'.
2024-11-12 13:41:31,954 INFO  MethodCallReplacementClassAdapter - Adding mock interface to class io/netty/util/internal/shaded/org/jctools/queues/BaseLinkedQueueProducerNodeRef
2024-11-12 13:41:31,954 INFO  CreateClassResetClassAdapter - Found static initializer in class io/netty/util/internal/shaded/org/jctools/queues/BaseLinkedQueueProducerNodeRef
2024-11-12 13:41:31,954 INFO  EvoClassLoader - Seeing class for first time: io.netty.util.internal.shaded.org.jctools.queues.BaseLinkedQueuePad0
2024-11-12 13:41:31,954 INFO  EvoClassLoader - Instrumenting class 'io.netty.util.internal.shaded.org.jctools.queues.BaseLinkedQueuePad0'.
2024-11-12 13:41:31,954 INFO  MethodCallReplacementClassAdapter - Adding mock interface to class io/netty/util/internal/shaded/org/jctools/queues/BaseLinkedQueuePad0
2024-11-12 13:41:31,954 INFO  CreateClassResetClassAdapter - Creating brand-new static initializer in class io/netty/util/internal/shaded/org/jctools/queues/BaseLinkedQueuePad0
2024-11-12 13:41:31,954 INFO  EvoClassLoader - Seeing class for first time: io.netty.util.internal.shaded.org.jctools.queues.MessagePassingQueue
2024-11-12 13:41:31,954 INFO  EvoClassLoader - Instrumenting class 'io.netty.util.internal.shaded.org.jctools.queues.MessagePassingQueue'.
2024-11-12 13:41:31,955 INFO  EvoClassLoader - Keeping class: io.netty.util.internal.shaded.org.jctools.queues.MessagePassingQueue
2024-11-12 13:41:31,955 INFO  EvoClassLoader - Keeping class: io.netty.util.internal.shaded.org.jctools.queues.BaseLinkedQueuePad0
2024-11-12 13:41:31,955 INFO  EvoClassLoader - Keeping class: io.netty.util.internal.shaded.org.jctools.queues.BaseLinkedQueueProducerNodeRef
2024-11-12 13:41:31,955 INFO  EvoClassLoader - Keeping class: io.netty.util.internal.shaded.org.jctools.queues.BaseLinkedQueuePad1
2024-11-12 13:41:31,955 INFO  EvoClassLoader - Keeping class: io.netty.util.internal.shaded.org.jctools.queues.BaseLinkedQueueConsumerNodeRef
2024-11-12 13:41:31,955 INFO  EvoClassLoader - Keeping class: io.netty.util.internal.shaded.org.jctools.queues.BaseLinkedQueuePad2
2024-11-12 13:41:31,955 INFO  EvoClassLoader - Keeping class: io.netty.util.internal.shaded.org.jctools.queues.BaseLinkedQueue
2024-11-12 13:41:31,955 INFO  EvoClassLoader - Keeping class: io.netty.util.internal.shaded.org.jctools.queues.SpscLinkedQueue
2024-11-12 13:41:31,955 INFO  EvoClassLoader - Seeing class for first time: io.netty.util.internal.shaded.org.jctools.queues.atomic.SpscLinkedAtomicQueue
2024-11-12 13:41:31,955 INFO  EvoClassLoader - Instrumenting class 'io.netty.util.internal.shaded.org.jctools.queues.atomic.SpscLinkedAtomicQueue'.
2024-11-12 13:41:31,955 INFO  MethodCallReplacementClassAdapter - Adding mock interface to class io/netty/util/internal/shaded/org/jctools/queues/atomic/SpscLinkedAtomicQueue
2024-11-12 13:41:31,956 INFO  CreateClassResetClassAdapter - Creating brand-new static initializer in class io/netty/util/internal/shaded/org/jctools/queues/atomic/SpscLinkedAtomicQueue
2024-11-12 13:41:31,956 INFO  EvoClassLoader - Defined package (3): package io.netty.util.internal.shaded.org.jctools.queues.atomic, 1662774531
2024-11-12 13:41:31,956 INFO  EvoClassLoader - Seeing class for first time: io.netty.util.internal.shaded.org.jctools.queues.atomic.BaseLinkedAtomicQueue
2024-11-12 13:41:31,956 INFO  EvoClassLoader - Instrumenting class 'io.netty.util.internal.shaded.org.jctools.queues.atomic.BaseLinkedAtomicQueue'.
2024-11-12 13:41:31,956 INFO  MethodCallReplacementClassAdapter - Adding mock interface to class io/netty/util/internal/shaded/org/jctools/queues/atomic/BaseLinkedAtomicQueue
2024-11-12 13:41:31,956 INFO  CreateClassResetClassAdapter - Creating brand-new static initializer in class io/netty/util/internal/shaded/org/jctools/queues/atomic/BaseLinkedAtomicQueue
2024-11-12 13:41:31,957 INFO  EvoClassLoader - Seeing class for first time: io.netty.util.internal.shaded.org.jctools.queues.atomic.BaseLinkedAtomicQueuePad2
2024-11-12 13:41:31,957 INFO  EvoClassLoader - Instrumenting class 'io.netty.util.internal.shaded.org.jctools.queues.atomic.BaseLinkedAtomicQueuePad2'.
2024-11-12 13:41:31,957 INFO  MethodCallReplacementClassAdapter - Adding mock interface to class io/netty/util/internal/shaded/org/jctools/queues/atomic/BaseLinkedAtomicQueuePad2
2024-11-12 13:41:31,957 INFO  CreateClassResetClassAdapter - Creating brand-new static initializer in class io/netty/util/internal/shaded/org/jctools/queues/atomic/BaseLinkedAtomicQueuePad2
2024-11-12 13:41:31,957 INFO  EvoClassLoader - Seeing class for first time: io.netty.util.internal.shaded.org.jctools.queues.atomic.BaseLinkedAtomicQueueConsumerNodeRef
2024-11-12 13:41:31,957 INFO  EvoClassLoader - Instrumenting class 'io.netty.util.internal.shaded.org.jctools.queues.atomic.BaseLinkedAtomicQueueConsumerNodeRef'.
2024-11-12 13:41:31,957 INFO  MethodCallReplacementClassAdapter - Adding mock interface to class io/netty/util/internal/shaded/org/jctools/queues/atomic/BaseLinkedAtomicQueueConsumerNodeRef
2024-11-12 13:41:31,957 INFO  CreateClassResetClassAdapter - Found static initializer in class io/netty/util/internal/shaded/org/jctools/queues/atomic/BaseLinkedAtomicQueueConsumerNodeRef
2024-11-12 13:41:31,957 INFO  EvoClassLoader - Seeing class for first time: io.netty.util.internal.shaded.org.jctools.queues.atomic.BaseLinkedAtomicQueuePad1
2024-11-12 13:41:31,957 INFO  EvoClassLoader - Instrumenting class 'io.netty.util.internal.shaded.org.jctools.queues.atomic.BaseLinkedAtomicQueuePad1'.
2024-11-12 13:41:31,957 INFO  MethodCallReplacementClassAdapter - Adding mock interface to class io/netty/util/internal/shaded/org/jctools/queues/atomic/BaseLinkedAtomicQueuePad1
2024-11-12 13:41:31,957 INFO  CreateClassResetClassAdapter - Creating brand-new static initializer in class io/netty/util/internal/shaded/org/jctools/queues/atomic/BaseLinkedAtomicQueuePad1
2024-11-12 13:41:31,957 INFO  EvoClassLoader - Seeing class for first time: io.netty.util.internal.shaded.org.jctools.queues.atomic.BaseLinkedAtomicQueueProducerNodeRef
2024-11-12 13:41:31,957 INFO  EvoClassLoader - Instrumenting class 'io.netty.util.internal.shaded.org.jctools.queues.atomic.BaseLinkedAtomicQueueProducerNodeRef'.
2024-11-12 13:41:31,957 INFO  MethodCallReplacementClassAdapter - Adding mock interface to class io/netty/util/internal/shaded/org/jctools/queues/atomic/BaseLinkedAtomicQueueProducerNodeRef
2024-11-12 13:41:31,957 INFO  CreateClassResetClassAdapter - Found static initializer in class io/netty/util/internal/shaded/org/jctools/queues/atomic/BaseLinkedAtomicQueueProducerNodeRef
2024-11-12 13:41:31,958 INFO  EvoClassLoader - Seeing class for first time: io.netty.util.internal.shaded.org.jctools.queues.atomic.BaseLinkedAtomicQueuePad0
2024-11-12 13:41:31,958 INFO  EvoClassLoader - Instrumenting class 'io.netty.util.internal.shaded.org.jctools.queues.atomic.BaseLinkedAtomicQueuePad0'.
2024-11-12 13:41:31,958 INFO  MethodCallReplacementClassAdapter - Adding mock interface to class io/netty/util/internal/shaded/org/jctools/queues/atomic/BaseLinkedAtomicQueuePad0
2024-11-12 13:41:31,958 INFO  CreateClassResetClassAdapter - Creating brand-new static initializer in class io/netty/util/internal/shaded/org/jctools/queues/atomic/BaseLinkedAtomicQueuePad0
2024-11-12 13:41:31,958 INFO  EvoClassLoader - Keeping class: io.netty.util.internal.shaded.org.jctools.queues.atomic.BaseLinkedAtomicQueuePad0
2024-11-12 13:41:31,958 INFO  EvoClassLoader - Keeping class: io.netty.util.internal.shaded.org.jctools.queues.atomic.BaseLinkedAtomicQueueProducerNodeRef
2024-11-12 13:41:31,958 INFO  EvoClassLoader - Keeping class: io.netty.util.internal.shaded.org.jctools.queues.atomic.BaseLinkedAtomicQueuePad1
2024-11-12 13:41:31,958 INFO  EvoClassLoader - Keeping class: io.netty.util.internal.shaded.org.jctools.queues.atomic.BaseLinkedAtomicQueueConsumerNodeRef
2024-11-12 13:41:31,959 INFO  EvoClassLoader - Keeping class: io.netty.util.internal.shaded.org.jctools.queues.atomic.BaseLinkedAtomicQueuePad2
2024-11-12 13:41:31,959 INFO  EvoClassLoader - Keeping class: io.netty.util.internal.shaded.org.jctools.queues.atomic.BaseLinkedAtomicQueue
2024-11-12 13:41:31,959 INFO  EvoClassLoader - Keeping class: io.netty.util.internal.shaded.org.jctools.queues.atomic.SpscLinkedAtomicQueue
2024-11-12 13:41:31,959 INFO  EvoClassLoader - Seeing class for first time: io.netty.util.internal.shaded.org.jctools.queues.MpscArrayQueue
2024-11-12 13:41:31,959 INFO  EvoClassLoader - Instrumenting class 'io.netty.util.internal.shaded.org.jctools.queues.MpscArrayQueue'.
2024-11-12 13:41:31,959 INFO  MethodCallReplacementClassAdapter - Adding mock interface to class io/netty/util/internal/shaded/org/jctools/queues/MpscArrayQueue
2024-11-12 13:41:31,960 INFO  CreateClassResetClassAdapter - Creating brand-new static initializer in class io/netty/util/internal/shaded/org/jctools/queues/MpscArrayQueue
2024-11-12 13:41:31,960 INFO  EvoClassLoader - Seeing class for first time: io.netty.util.internal.shaded.org.jctools.queues.MpscArrayQueueL3Pad
2024-11-12 13:41:31,960 INFO  EvoClassLoader - Instrumenting class 'io.netty.util.internal.shaded.org.jctools.queues.MpscArrayQueueL3Pad'.
2024-11-12 13:41:31,960 INFO  MethodCallReplacementClassAdapter - Adding mock interface to class io/netty/util/internal/shaded/org/jctools/queues/MpscArrayQueueL3Pad
2024-11-12 13:41:31,960 INFO  CreateClassResetClassAdapter - Creating brand-new static initializer in class io/netty/util/internal/shaded/org/jctools/queues/MpscArrayQueueL3Pad
2024-11-12 13:41:31,960 INFO  EvoClassLoader - Seeing class for first time: io.netty.util.internal.shaded.org.jctools.queues.MpscArrayQueueConsumerIndexField
2024-11-12 13:41:31,960 INFO  EvoClassLoader - Instrumenting class 'io.netty.util.internal.shaded.org.jctools.queues.MpscArrayQueueConsumerIndexField'.
2024-11-12 13:41:31,960 INFO  MethodCallReplacementClassAdapter - Adding mock interface to class io/netty/util/internal/shaded/org/jctools/queues/MpscArrayQueueConsumerIndexField
2024-11-12 13:41:31,960 INFO  CreateClassResetClassAdapter - Found static initializer in class io/netty/util/internal/shaded/org/jctools/queues/MpscArrayQueueConsumerIndexField
2024-11-12 13:41:31,960 INFO  EvoClassLoader - Seeing class for first time: io.netty.util.internal.shaded.org.jctools.queues.MpscArrayQueueL2Pad
2024-11-12 13:41:31,960 INFO  EvoClassLoader - Instrumenting class 'io.netty.util.internal.shaded.org.jctools.queues.MpscArrayQueueL2Pad'.
2024-11-12 13:41:31,960 INFO  MethodCallReplacementClassAdapter - Adding mock interface to class io/netty/util/internal/shaded/org/jctools/queues/MpscArrayQueueL2Pad
2024-11-12 13:41:31,961 INFO  CreateClassResetClassAdapter - Creating brand-new static initializer in class io/netty/util/internal/shaded/org/jctools/queues/MpscArrayQueueL2Pad
2024-11-12 13:41:31,961 INFO  EvoClassLoader - Seeing class for first time: io.netty.util.internal.shaded.org.jctools.queues.MpscArrayQueueProducerLimitField
2024-11-12 13:41:31,961 INFO  EvoClassLoader - Instrumenting class 'io.netty.util.internal.shaded.org.jctools.queues.MpscArrayQueueProducerLimitField'.
2024-11-12 13:41:31,961 INFO  MethodCallReplacementClassAdapter - Adding mock interface to class io/netty/util/internal/shaded/org/jctools/queues/MpscArrayQueueProducerLimitField
2024-11-12 13:41:31,961 INFO  CreateClassResetClassAdapter - Found static initializer in class io/netty/util/internal/shaded/org/jctools/queues/MpscArrayQueueProducerLimitField
2024-11-12 13:41:31,961 INFO  EvoClassLoader - Seeing class for first time: io.netty.util.internal.shaded.org.jctools.queues.MpscArrayQueueMidPad
2024-11-12 13:41:31,961 INFO  EvoClassLoader - Instrumenting class 'io.netty.util.internal.shaded.org.jctools.queues.MpscArrayQueueMidPad'.
2024-11-12 13:41:31,961 INFO  MethodCallReplacementClassAdapter - Adding mock interface to class io/netty/util/internal/shaded/org/jctools/queues/MpscArrayQueueMidPad
2024-11-12 13:41:31,961 INFO  CreateClassResetClassAdapter - Creating brand-new static initializer in class io/netty/util/internal/shaded/org/jctools/queues/MpscArrayQueueMidPad
2024-11-12 13:41:31,961 INFO  EvoClassLoader - Seeing class for first time: io.netty.util.internal.shaded.org.jctools.queues.MpscArrayQueueProducerIndexField
2024-11-12 13:41:31,961 INFO  EvoClassLoader - Instrumenting class 'io.netty.util.internal.shaded.org.jctools.queues.MpscArrayQueueProducerIndexField'.
2024-11-12 13:41:31,961 INFO  MethodCallReplacementClassAdapter - Adding mock interface to class io/netty/util/internal/shaded/org/jctools/queues/MpscArrayQueueProducerIndexField
2024-11-12 13:41:31,961 INFO  CreateClassResetClassAdapter - Found static initializer in class io/netty/util/internal/shaded/org/jctools/queues/MpscArrayQueueProducerIndexField
2024-11-12 13:41:31,961 INFO  EvoClassLoader - Seeing class for first time: io.netty.util.internal.shaded.org.jctools.queues.MpscArrayQueueL1Pad
2024-11-12 13:41:31,961 INFO  EvoClassLoader - Instrumenting class 'io.netty.util.internal.shaded.org.jctools.queues.MpscArrayQueueL1Pad'.
2024-11-12 13:41:31,961 INFO  MethodCallReplacementClassAdapter - Adding mock interface to class io/netty/util/internal/shaded/org/jctools/queues/MpscArrayQueueL1Pad
2024-11-12 13:41:31,961 INFO  CreateClassResetClassAdapter - Creating brand-new static initializer in class io/netty/util/internal/shaded/org/jctools/queues/MpscArrayQueueL1Pad
2024-11-12 13:41:31,961 INFO  EvoClassLoader - Seeing class for first time: io.netty.util.internal.shaded.org.jctools.queues.ConcurrentCircularArrayQueue
2024-11-12 13:41:31,961 INFO  EvoClassLoader - Instrumenting class 'io.netty.util.internal.shaded.org.jctools.queues.ConcurrentCircularArrayQueue'.
2024-11-12 13:41:31,962 INFO  MethodCallReplacementClassAdapter - Adding mock interface to class io/netty/util/internal/shaded/org/jctools/queues/ConcurrentCircularArrayQueue
2024-11-12 13:41:31,962 INFO  CreateClassResetClassAdapter - Creating brand-new static initializer in class io/netty/util/internal/shaded/org/jctools/queues/ConcurrentCircularArrayQueue
2024-11-12 13:41:31,962 INFO  EvoClassLoader - Seeing class for first time: io.netty.util.internal.shaded.org.jctools.queues.IndexedQueueSizeUtil$IndexedQueue
2024-11-12 13:41:31,962 INFO  EvoClassLoader - Instrumenting class 'io.netty.util.internal.shaded.org.jctools.queues.IndexedQueueSizeUtil$IndexedQueue'.
2024-11-12 13:41:31,962 INFO  EvoClassLoader - Keeping class: io.netty.util.internal.shaded.org.jctools.queues.IndexedQueueSizeUtil$IndexedQueue
2024-11-12 13:41:31,962 INFO  EvoClassLoader - Seeing class for first time: io.netty.util.internal.shaded.org.jctools.queues.QueueProgressIndicators
2024-11-12 13:41:31,962 INFO  EvoClassLoader - Instrumenting class 'io.netty.util.internal.shaded.org.jctools.queues.QueueProgressIndicators'.
2024-11-12 13:41:31,962 INFO  EvoClassLoader - Keeping class: io.netty.util.internal.shaded.org.jctools.queues.QueueProgressIndicators
2024-11-12 13:41:31,962 INFO  EvoClassLoader - Seeing class for first time: io.netty.util.internal.shaded.org.jctools.queues.SupportsIterator
2024-11-12 13:41:31,962 INFO  EvoClassLoader - Instrumenting class 'io.netty.util.internal.shaded.org.jctools.queues.SupportsIterator'.
2024-11-12 13:41:31,962 INFO  EvoClassLoader - Keeping class: io.netty.util.internal.shaded.org.jctools.queues.SupportsIterator
2024-11-12 13:41:31,962 INFO  EvoClassLoader - Seeing class for first time: io.netty.util.internal.shaded.org.jctools.queues.ConcurrentCircularArrayQueueL0Pad
2024-11-12 13:41:31,962 INFO  EvoClassLoader - Instrumenting class 'io.netty.util.internal.shaded.org.jctools.queues.ConcurrentCircularArrayQueueL0Pad'.
2024-11-12 13:41:31,962 INFO  MethodCallReplacementClassAdapter - Adding mock interface to class io/netty/util/internal/shaded/org/jctools/queues/ConcurrentCircularArrayQueueL0Pad
2024-11-12 13:41:31,962 INFO  CreateClassResetClassAdapter - Creating brand-new static initializer in class io/netty/util/internal/shaded/org/jctools/queues/ConcurrentCircularArrayQueueL0Pad
2024-11-12 13:41:31,963 INFO  EvoClassLoader - Keeping class: io.netty.util.internal.shaded.org.jctools.queues.ConcurrentCircularArrayQueueL0Pad
2024-11-12 13:41:31,963 INFO  EvoClassLoader - Keeping class: io.netty.util.internal.shaded.org.jctools.queues.ConcurrentCircularArrayQueue
2024-11-12 13:41:31,963 INFO  EvoClassLoader - Keeping class: io.netty.util.internal.shaded.org.jctools.queues.MpscArrayQueueL1Pad
2024-11-12 13:41:31,963 INFO  EvoClassLoader - Keeping class: io.netty.util.internal.shaded.org.jctools.queues.MpscArrayQueueProducerIndexField
2024-11-12 13:41:31,963 INFO  EvoClassLoader - Keeping class: io.netty.util.internal.shaded.org.jctools.queues.MpscArrayQueueMidPad
2024-11-12 13:41:31,963 INFO  EvoClassLoader - Keeping class: io.netty.util.internal.shaded.org.jctools.queues.MpscArrayQueueProducerLimitField
2024-11-12 13:41:31,963 INFO  EvoClassLoader - Keeping class: io.netty.util.internal.shaded.org.jctools.queues.MpscArrayQueueL2Pad
2024-11-12 13:41:31,963 INFO  EvoClassLoader - Keeping class: io.netty.util.internal.shaded.org.jctools.queues.MpscArrayQueueConsumerIndexField
2024-11-12 13:41:31,963 INFO  EvoClassLoader - Keeping class: io.netty.util.internal.shaded.org.jctools.queues.MpscArrayQueueL3Pad
2024-11-12 13:41:31,963 INFO  EvoClassLoader - Keeping class: io.netty.util.internal.shaded.org.jctools.queues.MpscArrayQueue
2024-11-12 13:41:31,963 INFO  EvoClassLoader - Seeing class for first time: io.netty.util.internal.shaded.org.jctools.queues.atomic.MpscAtomicArrayQueue
2024-11-12 13:41:31,963 INFO  EvoClassLoader - Instrumenting class 'io.netty.util.internal.shaded.org.jctools.queues.atomic.MpscAtomicArrayQueue'.
2024-11-12 13:41:31,964 INFO  MethodCallReplacementClassAdapter - Adding mock interface to class io/netty/util/internal/shaded/org/jctools/queues/atomic/MpscAtomicArrayQueue
2024-11-12 13:41:31,964 INFO  CreateClassResetClassAdapter - Creating brand-new static initializer in class io/netty/util/internal/shaded/org/jctools/queues/atomic/MpscAtomicArrayQueue
2024-11-12 13:41:31,964 INFO  EvoClassLoader - Seeing class for first time: io.netty.util.internal.shaded.org.jctools.queues.atomic.MpscAtomicArrayQueueL3Pad
2024-11-12 13:41:31,964 INFO  EvoClassLoader - Instrumenting class 'io.netty.util.internal.shaded.org.jctools.queues.atomic.MpscAtomicArrayQueueL3Pad'.
2024-11-12 13:41:31,965 INFO  MethodCallReplacementClassAdapter - Adding mock interface to class io/netty/util/internal/shaded/org/jctools/queues/atomic/MpscAtomicArrayQueueL3Pad
2024-11-12 13:41:31,965 INFO  CreateClassResetClassAdapter - Creating brand-new static initializer in class io/netty/util/internal/shaded/org/jctools/queues/atomic/MpscAtomicArrayQueueL3Pad
2024-11-12 13:41:31,965 INFO  EvoClassLoader - Seeing class for first time: io.netty.util.internal.shaded.org.jctools.queues.atomic.MpscAtomicArrayQueueConsumerIndexField
2024-11-12 13:41:31,965 INFO  EvoClassLoader - Instrumenting class 'io.netty.util.internal.shaded.org.jctools.queues.atomic.MpscAtomicArrayQueueConsumerIndexField'.
2024-11-12 13:41:31,965 INFO  MethodCallReplacementClassAdapter - Adding mock interface to class io/netty/util/internal/shaded/org/jctools/queues/atomic/MpscAtomicArrayQueueConsumerIndexField
2024-11-12 13:41:31,965 INFO  CreateClassResetClassAdapter - Found static initializer in class io/netty/util/internal/shaded/org/jctools/queues/atomic/MpscAtomicArrayQueueConsumerIndexField
2024-11-12 13:41:31,965 INFO  EvoClassLoader - Seeing class for first time: io.netty.util.internal.shaded.org.jctools.queues.atomic.MpscAtomicArrayQueueL2Pad
2024-11-12 13:41:31,965 INFO  EvoClassLoader - Instrumenting class 'io.netty.util.internal.shaded.org.jctools.queues.atomic.MpscAtomicArrayQueueL2Pad'.
2024-11-12 13:41:31,965 INFO  MethodCallReplacementClassAdapter - Adding mock interface to class io/netty/util/internal/shaded/org/jctools/queues/atomic/MpscAtomicArrayQueueL2Pad
2024-11-12 13:41:31,965 INFO  CreateClassResetClassAdapter - Creating brand-new static initializer in class io/netty/util/internal/shaded/org/jctools/queues/atomic/MpscAtomicArrayQueueL2Pad
2024-11-12 13:41:31,965 INFO  EvoClassLoader - Seeing class for first time: io.netty.util.internal.shaded.org.jctools.queues.atomic.MpscAtomicArrayQueueProducerLimitField
2024-11-12 13:41:31,965 INFO  EvoClassLoader - Instrumenting class 'io.netty.util.internal.shaded.org.jctools.queues.atomic.MpscAtomicArrayQueueProducerLimitField'.
2024-11-12 13:41:31,965 INFO  MethodCallReplacementClassAdapter - Adding mock interface to class io/netty/util/internal/shaded/org/jctools/queues/atomic/MpscAtomicArrayQueueProducerLimitField
2024-11-12 13:41:31,965 INFO  CreateClassResetClassAdapter - Found static initializer in class io/netty/util/internal/shaded/org/jctools/queues/atomic/MpscAtomicArrayQueueProducerLimitField
2024-11-12 13:41:31,966 INFO  EvoClassLoader - Seeing class for first time: io.netty.util.internal.shaded.org.jctools.queues.atomic.MpscAtomicArrayQueueMidPad
2024-11-12 13:41:31,966 INFO  EvoClassLoader - Instrumenting class 'io.netty.util.internal.shaded.org.jctools.queues.atomic.MpscAtomicArrayQueueMidPad'.
2024-11-12 13:41:31,966 INFO  MethodCallReplacementClassAdapter - Adding mock interface to class io/netty/util/internal/shaded/org/jctools/queues/atomic/MpscAtomicArrayQueueMidPad
2024-11-12 13:41:31,966 INFO  CreateClassResetClassAdapter - Creating brand-new static initializer in class io/netty/util/internal/shaded/org/jctools/queues/atomic/MpscAtomicArrayQueueMidPad
2024-11-12 13:41:31,966 INFO  EvoClassLoader - Seeing class for first time: io.netty.util.internal.shaded.org.jctools.queues.atomic.MpscAtomicArrayQueueProducerIndexField
2024-11-12 13:41:31,966 INFO  EvoClassLoader - Instrumenting class 'io.netty.util.internal.shaded.org.jctools.queues.atomic.MpscAtomicArrayQueueProducerIndexField'.
2024-11-12 13:41:31,966 INFO  MethodCallReplacementClassAdapter - Adding mock interface to class io/netty/util/internal/shaded/org/jctools/queues/atomic/MpscAtomicArrayQueueProducerIndexField
2024-11-12 13:41:31,966 INFO  CreateClassResetClassAdapter - Found static initializer in class io/netty/util/internal/shaded/org/jctools/queues/atomic/MpscAtomicArrayQueueProducerIndexField
2024-11-12 13:41:31,966 INFO  EvoClassLoader - Seeing class for first time: io.netty.util.internal.shaded.org.jctools.queues.atomic.MpscAtomicArrayQueueL1Pad
2024-11-12 13:41:31,966 INFO  EvoClassLoader - Instrumenting class 'io.netty.util.internal.shaded.org.jctools.queues.atomic.MpscAtomicArrayQueueL1Pad'.
2024-11-12 13:41:31,966 INFO  MethodCallReplacementClassAdapter - Adding mock interface to class io/netty/util/internal/shaded/org/jctools/queues/atomic/MpscAtomicArrayQueueL1Pad
2024-11-12 13:41:31,966 INFO  CreateClassResetClassAdapter - Creating brand-new static initializer in class io/netty/util/internal/shaded/org/jctools/queues/atomic/MpscAtomicArrayQueueL1Pad
2024-11-12 13:41:31,966 INFO  EvoClassLoader - Seeing class for first time: io.netty.util.internal.shaded.org.jctools.queues.atomic.AtomicReferenceArrayQueue
2024-11-12 13:41:31,966 INFO  EvoClassLoader - Instrumenting class 'io.netty.util.internal.shaded.org.jctools.queues.atomic.AtomicReferenceArrayQueue'.
2024-11-12 13:41:31,966 INFO  MethodCallReplacementClassAdapter - Adding mock interface to class io/netty/util/internal/shaded/org/jctools/queues/atomic/AtomicReferenceArrayQueue
2024-11-12 13:41:31,966 INFO  CreateClassResetClassAdapter - Creating brand-new static initializer in class io/netty/util/internal/shaded/org/jctools/queues/atomic/AtomicReferenceArrayQueue
2024-11-12 13:41:31,967 INFO  EvoClassLoader - Keeping class: io.netty.util.internal.shaded.org.jctools.queues.atomic.AtomicReferenceArrayQueue
2024-11-12 13:41:31,967 INFO  EvoClassLoader - Keeping class: io.netty.util.internal.shaded.org.jctools.queues.atomic.MpscAtomicArrayQueueL1Pad
2024-11-12 13:41:31,967 INFO  EvoClassLoader - Keeping class: io.netty.util.internal.shaded.org.jctools.queues.atomic.MpscAtomicArrayQueueProducerIndexField
2024-11-12 13:41:31,967 INFO  EvoClassLoader - Keeping class: io.netty.util.internal.shaded.org.jctools.queues.atomic.MpscAtomicArrayQueueMidPad
2024-11-12 13:41:31,967 INFO  EvoClassLoader - Keeping class: io.netty.util.internal.shaded.org.jctools.queues.atomic.MpscAtomicArrayQueueProducerLimitField
2024-11-12 13:41:31,967 INFO  EvoClassLoader - Keeping class: io.netty.util.internal.shaded.org.jctools.queues.atomic.MpscAtomicArrayQueueL2Pad
2024-11-12 13:41:31,967 INFO  EvoClassLoader - Keeping class: io.netty.util.internal.shaded.org.jctools.queues.atomic.MpscAtomicArrayQueueConsumerIndexField
2024-11-12 13:41:31,967 INFO  EvoClassLoader - Keeping class: io.netty.util.internal.shaded.org.jctools.queues.atomic.MpscAtomicArrayQueueL3Pad
2024-11-12 13:41:31,967 INFO  EvoClassLoader - Keeping class: io.netty.util.internal.shaded.org.jctools.queues.atomic.MpscAtomicArrayQueue
2024-11-12 13:41:31,969 INFO  EvoClassLoader - Seeing class for first time: io.netty.util.internal.PlatformDependent$4
2024-11-12 13:41:31,969 INFO  EvoClassLoader - Instrumenting class 'io.netty.util.internal.PlatformDependent$4'.
2024-11-12 13:41:31,969 INFO  MethodCallReplacementClassAdapter - Adding mock interface to class io/netty/util/internal/PlatformDependent$4
2024-11-12 13:41:31,970 INFO  EvoClassLoader - Keeping class: io.netty.util.internal.PlatformDependent$4
2024-11-12 13:41:31,971 INFO  EvoClassLoader - Seeing class for first time: io.netty.util.ByteProcessor
2024-11-12 13:41:31,971 INFO  EvoClassLoader - Instrumenting class 'io.netty.util.ByteProcessor'.
2024-11-12 13:41:31,971 INFO  EvoClassLoader - Keeping class: io.netty.util.ByteProcessor
2024-11-12 13:41:31,972 INFO  EvoClassLoader - Seeing class for first time: io.netty.util.internal.StringUtil
2024-11-12 13:41:31,972 INFO  EvoClassLoader - Instrumenting class 'io.netty.util.internal.StringUtil'.
2024-11-12 13:41:31,972 INFO  MethodCallReplacementClassAdapter - Adding mock interface to class io/netty/util/internal/StringUtil
2024-11-12 13:41:31,973 INFO  CreateClassResetClassAdapter - Found static initializer in class io/netty/util/internal/StringUtil
2024-11-12 13:41:31,974 INFO  EvoClassLoader - Keeping class: io.netty.util.internal.StringUtil
2024-11-12 13:41:31,976 INFO  EvoClassLoader - Seeing class for first time: io.netty.buffer.PooledByteBufAllocator$1
2024-11-12 13:41:31,976 INFO  EvoClassLoader - Instrumenting class 'io.netty.buffer.PooledByteBufAllocator$1'.
2024-11-12 13:41:31,976 INFO  MethodCallReplacementClassAdapter - Adding mock interface to class io/netty/buffer/PooledByteBufAllocator$1
2024-11-12 13:41:31,976 INFO  EvoClassLoader - Keeping class: io.netty.buffer.PooledByteBufAllocator$1
2024-11-12 13:41:31,976 INFO  EvoClassLoader - Seeing class for first time: io.netty.buffer.PooledByteBufAllocator
2024-11-12 13:41:31,976 INFO  EvoClassLoader - Instrumenting class 'io.netty.buffer.PooledByteBufAllocator'.
2024-11-12 13:41:31,977 INFO  MethodCallReplacementClassAdapter - Adding mock interface to class io/netty/buffer/PooledByteBufAllocator
2024-11-12 13:41:31,983 INFO  CreateClassResetClassAdapter - Found static initializer in class io/netty/buffer/PooledByteBufAllocator
2024-11-12 13:41:31,984 INFO  EvoClassLoader - Seeing class for first time: io.netty.buffer.ByteBufAllocatorMetricProvider
2024-11-12 13:41:31,984 INFO  EvoClassLoader - Instrumenting class 'io.netty.buffer.ByteBufAllocatorMetricProvider'.
2024-11-12 13:41:31,984 INFO  EvoClassLoader - Keeping class: io.netty.buffer.ByteBufAllocatorMetricProvider
2024-11-12 13:41:31,984 INFO  EvoClassLoader - Keeping class: io.netty.buffer.PooledByteBufAllocator
2024-11-12 13:41:31,984 INFO  EvoClassLoader - Seeing class for first time: io.netty.util.internal.UnpaddedInternalThreadLocalMap
2024-11-12 13:41:31,984 INFO  EvoClassLoader - Instrumenting class 'io.netty.util.internal.UnpaddedInternalThreadLocalMap'.
2024-11-12 13:41:31,984 INFO  MethodCallReplacementClassAdapter - Adding mock interface to class io/netty/util/internal/UnpaddedInternalThreadLocalMap
2024-11-12 13:41:31,984 INFO  CreateClassResetClassAdapter - Creating brand-new static initializer in class io/netty/util/internal/UnpaddedInternalThreadLocalMap
2024-11-12 13:41:31,984 INFO  EvoClassLoader - Keeping class: io.netty.util.internal.UnpaddedInternalThreadLocalMap
2024-11-12 13:41:31,985 INFO  EvoClassLoader - Seeing class for first time: io.netty.util.internal.InternalThreadLocalMap
2024-11-12 13:41:31,985 INFO  EvoClassLoader - Instrumenting class 'io.netty.util.internal.InternalThreadLocalMap'.
2024-11-12 13:41:31,985 INFO  MethodCallReplacementClassAdapter - Adding mock interface to class io/netty/util/internal/InternalThreadLocalMap
2024-11-12 13:41:31,985 INFO  CreateClassResetClassAdapter - Found static initializer in class io/netty/util/internal/InternalThreadLocalMap
2024-11-12 13:41:31,986 INFO  EvoClassLoader - Keeping class: io.netty.util.internal.InternalThreadLocalMap
2024-11-12 13:41:31,986 INFO  EvoClassLoader - Seeing class for first time: io.netty.util.internal.ThreadLocalRandom
2024-11-12 13:41:31,986 INFO  EvoClassLoader - Instrumenting class 'io.netty.util.internal.ThreadLocalRandom'.
2024-11-12 13:41:31,986 INFO  MethodCallReplacementClassAdapter - Adding mock interface to class io/netty/util/internal/ThreadLocalRandom
2024-11-12 13:41:31,987 INFO  CreateClassResetClassAdapter - Found static initializer in class io/netty/util/internal/ThreadLocalRandom
2024-11-12 13:41:31,988 INFO  EvoClassLoader - Keeping class: io.netty.util.internal.ThreadLocalRandom
2024-11-12 13:41:31,988 INFO  EvoClassLoader - Seeing class for first time: io.netty.util.concurrent.FastThreadLocalThread
2024-11-12 13:41:31,988 INFO  EvoClassLoader - Instrumenting class 'io.netty.util.concurrent.FastThreadLocalThread'.
2024-11-12 13:41:31,988 INFO  MethodCallReplacementClassAdapter - Adding mock interface to class io/netty/util/concurrent/FastThreadLocalThread
2024-11-12 13:41:31,989 INFO  CreateClassResetClassAdapter - Found static initializer in class io/netty/util/concurrent/FastThreadLocalThread
2024-11-12 13:41:31,989 INFO  EvoClassLoader - Keeping class: io.netty.util.concurrent.FastThreadLocalThread
2024-11-12 13:41:31,989 INFO  EvoClassLoader - Seeing class for first time: io.netty.util.internal.IntegerHolder
2024-11-12 13:41:31,989 INFO  EvoClassLoader - Instrumenting class 'io.netty.util.internal.IntegerHolder'.
2024-11-12 13:41:31,989 INFO  MethodCallReplacementClassAdapter - Adding mock interface to class io/netty/util/internal/IntegerHolder
2024-11-12 13:41:31,989 INFO  CreateClassResetClassAdapter - Creating brand-new static initializer in class io/netty/util/internal/IntegerHolder
2024-11-12 13:41:31,989 INFO  EvoClassLoader - Keeping class: io.netty.util.internal.IntegerHolder
2024-11-12 13:41:31,989 INFO  EvoClassLoader - Seeing class for first time: io.netty.util.concurrent.FastThreadLocal
2024-11-12 13:41:31,989 INFO  EvoClassLoader - Instrumenting class 'io.netty.util.concurrent.FastThreadLocal'.
2024-11-12 13:41:31,989 INFO  MethodCallReplacementClassAdapter - Adding mock interface to class io/netty/util/concurrent/FastThreadLocal
2024-11-12 13:41:31,990 INFO  CreateClassResetClassAdapter - Found static initializer in class io/netty/util/concurrent/FastThreadLocal
2024-11-12 13:41:31,990 INFO  EvoClassLoader - Keeping class: io.netty.util.concurrent.FastThreadLocal
2024-11-12 13:41:31,990 INFO  EvoClassLoader - Seeing class for first time: io.netty.buffer.PooledByteBufAllocator$PoolThreadLocalCache
2024-11-12 13:41:31,990 INFO  EvoClassLoader - Instrumenting class 'io.netty.buffer.PooledByteBufAllocator$PoolThreadLocalCache'.
2024-11-12 13:41:31,990 INFO  MethodCallReplacementClassAdapter - Adding mock interface to class io/netty/buffer/PooledByteBufAllocator$PoolThreadLocalCache
2024-11-12 13:41:31,990 INFO  CreateClassResetClassAdapter - Creating brand-new static initializer in class io/netty/buffer/PooledByteBufAllocator$PoolThreadLocalCache
2024-11-12 13:41:31,990 INFO  EvoClassLoader - Keeping class: io.netty.buffer.PooledByteBufAllocator$PoolThreadLocalCache
2024-11-12 13:41:31,990 INFO  EvoClassLoader - Seeing class for first time: io.netty.buffer.PoolThreadCache
2024-11-12 13:41:31,990 INFO  EvoClassLoader - Instrumenting class 'io.netty.buffer.PoolThreadCache'.
2024-11-12 13:41:31,991 INFO  MethodCallReplacementClassAdapter - Adding mock interface to class io/netty/buffer/PoolThreadCache
2024-11-12 13:41:31,991 INFO  CreateClassResetClassAdapter - Found static initializer in class io/netty/buffer/PoolThreadCache
2024-11-12 13:41:31,992 INFO  EvoClassLoader - Keeping class: io.netty.buffer.PoolThreadCache
2024-11-12 13:41:31,992 INFO  EvoClassLoader - Seeing class for first time: io.netty.buffer.PoolArena
2024-11-12 13:41:31,992 INFO  EvoClassLoader - Instrumenting class 'io.netty.buffer.PoolArena'.
2024-11-12 13:41:31,992 INFO  MethodCallReplacementClassAdapter - Adding mock interface to class io/netty/buffer/PoolArena
2024-11-12 13:41:31,993 INFO  CreateClassResetClassAdapter - Found static initializer in class io/netty/buffer/PoolArena
2024-11-12 13:41:31,994 INFO  EvoClassLoader - Seeing class for first time: io.netty.buffer.PoolArenaMetric
2024-11-12 13:41:31,994 INFO  EvoClassLoader - Instrumenting class 'io.netty.buffer.PoolArenaMetric'.
2024-11-12 13:41:31,994 INFO  EvoClassLoader - Seeing class for first time: io.netty.buffer.SizeClassesMetric
2024-11-12 13:41:31,994 INFO  EvoClassLoader - Instrumenting class 'io.netty.buffer.SizeClassesMetric'.
2024-11-12 13:41:31,995 INFO  EvoClassLoader - Keeping class: io.netty.buffer.SizeClassesMetric
2024-11-12 13:41:31,995 INFO  EvoClassLoader - Keeping class: io.netty.buffer.PoolArenaMetric
2024-11-12 13:41:31,995 INFO  EvoClassLoader - Seeing class for first time: io.netty.buffer.SizeClasses
2024-11-12 13:41:31,995 INFO  EvoClassLoader - Instrumenting class 'io.netty.buffer.SizeClasses'.
2024-11-12 13:41:31,995 INFO  MethodCallReplacementClassAdapter - Adding mock interface to class io/netty/buffer/SizeClasses
2024-11-12 13:41:31,995 INFO  CreateClassResetClassAdapter - Found static initializer in class io/netty/buffer/SizeClasses
2024-11-12 13:41:31,996 INFO  EvoClassLoader - Keeping class: io.netty.buffer.SizeClasses
2024-11-12 13:41:31,996 INFO  EvoClassLoader - Keeping class: io.netty.buffer.PoolArena
2024-11-12 13:41:31,997 INFO  EvoClassLoader - Seeing class for first time: io.netty.buffer.PoolChunk
2024-11-12 13:41:31,997 INFO  EvoClassLoader - Instrumenting class 'io.netty.buffer.PoolChunk'.
2024-11-12 13:41:31,998 INFO  MethodCallReplacementClassAdapter - Adding mock interface to class io/netty/buffer/PoolChunk
2024-11-12 13:41:31,999 INFO  CreateClassResetClassAdapter - Found static initializer in class io/netty/buffer/PoolChunk
2024-11-12 13:41:31,999 INFO  EvoClassLoader - Seeing class for first time: io.netty.buffer.PoolChunkMetric
2024-11-12 13:41:31,999 INFO  EvoClassLoader - Instrumenting class 'io.netty.buffer.PoolChunkMetric'.
2024-11-12 13:41:32,000 INFO  EvoClassLoader - Keeping class: io.netty.buffer.PoolChunkMetric
2024-11-12 13:41:32,000 INFO  EvoClassLoader - Keeping class: io.netty.buffer.PoolChunk
2024-11-12 13:41:32,000 INFO  EvoClassLoader - Seeing class for first time: io.netty.buffer.PooledByteBuf
2024-11-12 13:41:32,000 INFO  EvoClassLoader - Instrumenting class 'io.netty.buffer.PooledByteBuf'.
2024-11-12 13:41:32,000 INFO  MethodCallReplacementClassAdapter - Adding mock interface to class io/netty/buffer/PooledByteBuf
2024-11-12 13:41:32,000 INFO  CreateClassResetClassAdapter - Found static initializer in class io/netty/buffer/PooledByteBuf
2024-11-12 13:41:32,001 INFO  EvoClassLoader - Keeping class: io.netty.buffer.PooledByteBuf
2024-11-12 13:41:32,001 INFO  EvoClassLoader - Seeing class for first time: io.netty.buffer.PoolArena$SizeClass
2024-11-12 13:41:32,001 INFO  EvoClassLoader - Instrumenting class 'io.netty.buffer.PoolArena$SizeClass'.
2024-11-12 13:41:32,001 INFO  MethodCallReplacementClassAdapter - Adding mock interface to class io/netty/buffer/PoolArena$SizeClass
2024-11-12 13:41:32,001 INFO  CreateClassResetClassAdapter - Found static initializer in class io/netty/buffer/PoolArena$SizeClass
2024-11-12 13:41:32,001 INFO  EvoClassLoader - Keeping class: io.netty.buffer.PoolArena$SizeClass
2024-11-12 13:41:32,001 INFO  EvoClassLoader - Seeing class for first time: io.netty.buffer.PoolSubpage
2024-11-12 13:41:32,001 INFO  EvoClassLoader - Instrumenting class 'io.netty.buffer.PoolSubpage'.
2024-11-12 13:41:32,001 INFO  MethodCallReplacementClassAdapter - Adding mock interface to class io/netty/buffer/PoolSubpage
2024-11-12 13:41:32,001 INFO  CreateClassResetClassAdapter - Found static initializer in class io/netty/buffer/PoolSubpage
2024-11-12 13:41:32,002 INFO  EvoClassLoader - Seeing class for first time: io.netty.buffer.PoolSubpageMetric
2024-11-12 13:41:32,002 INFO  EvoClassLoader - Instrumenting class 'io.netty.buffer.PoolSubpageMetric'.
2024-11-12 13:41:32,002 INFO  EvoClassLoader - Keeping class: io.netty.buffer.PoolSubpageMetric
2024-11-12 13:41:32,002 INFO  EvoClassLoader - Keeping class: io.netty.buffer.PoolSubpage
2024-11-12 13:41:32,002 INFO  EvoClassLoader - Seeing class for first time: io.netty.buffer.PoolChunkList
2024-11-12 13:41:32,002 INFO  EvoClassLoader - Instrumenting class 'io.netty.buffer.PoolChunkList'.
2024-11-12 13:41:32,002 INFO  MethodCallReplacementClassAdapter - Adding mock interface to class io/netty/buffer/PoolChunkList
2024-11-12 13:41:32,002 INFO  CreateClassResetClassAdapter - Found static initializer in class io/netty/buffer/PoolChunkList
2024-11-12 13:41:32,003 INFO  EvoClassLoader - Seeing class for first time: io.netty.buffer.PoolChunkListMetric
2024-11-12 13:41:32,003 INFO  EvoClassLoader - Instrumenting class 'io.netty.buffer.PoolChunkListMetric'.
2024-11-12 13:41:32,003 INFO  EvoClassLoader - Keeping class: io.netty.buffer.PoolChunkListMetric
2024-11-12 13:41:32,003 INFO  EvoClassLoader - Keeping class: io.netty.buffer.PoolChunkList
2024-11-12 13:41:32,003 INFO  EvoClassLoader - Seeing class for first time: io.netty.buffer.PoolArena$DirectArena
2024-11-12 13:41:32,003 INFO  EvoClassLoader - Instrumenting class 'io.netty.buffer.PoolArena$DirectArena'.
2024-11-12 13:41:32,003 INFO  MethodCallReplacementClassAdapter - Adding mock interface to class io/netty/buffer/PoolArena$DirectArena
2024-11-12 13:41:32,004 INFO  CreateClassResetClassAdapter - Creating brand-new static initializer in class io/netty/buffer/PoolArena$DirectArena
2024-11-12 13:41:32,004 INFO  EvoClassLoader - Keeping class: io.netty.buffer.PoolArena$DirectArena
2024-11-12 13:41:32,004 INFO  EvoClassLoader - Seeing class for first time: io.netty.buffer.PooledUnsafeDirectByteBuf
2024-11-12 13:41:32,004 INFO  EvoClassLoader - Instrumenting class 'io.netty.buffer.PooledUnsafeDirectByteBuf'.
2024-11-12 13:41:32,004 INFO  MethodCallReplacementClassAdapter - Adding mock interface to class io/netty/buffer/PooledUnsafeDirectByteBuf
2024-11-12 13:41:32,005 INFO  CreateClassResetClassAdapter - Found static initializer in class io/netty/buffer/PooledUnsafeDirectByteBuf
2024-11-12 13:41:32,005 INFO  EvoClassLoader - Keeping class: io.netty.buffer.PooledUnsafeDirectByteBuf
2024-11-12 13:41:32,005 INFO  EvoClassLoader - Seeing class for first time: io.netty.buffer.PooledDirectByteBuf
2024-11-12 13:41:32,005 INFO  EvoClassLoader - Instrumenting class 'io.netty.buffer.PooledDirectByteBuf'.
2024-11-12 13:41:32,006 INFO  MethodCallReplacementClassAdapter - Adding mock interface to class io/netty/buffer/PooledDirectByteBuf
2024-11-12 13:41:32,006 INFO  CreateClassResetClassAdapter - Found static initializer in class io/netty/buffer/PooledDirectByteBuf
2024-11-12 13:41:32,006 INFO  EvoClassLoader - Keeping class: io.netty.buffer.PooledDirectByteBuf
2024-11-12 13:41:32,007 INFO  EvoClassLoader - Seeing class for first time: io.netty.buffer.PoolThreadCache$MemoryRegionCache
2024-11-12 13:41:32,007 INFO  EvoClassLoader - Instrumenting class 'io.netty.buffer.PoolThreadCache$MemoryRegionCache'.
2024-11-12 13:41:32,007 INFO  MethodCallReplacementClassAdapter - Adding mock interface to class io/netty/buffer/PoolThreadCache$MemoryRegionCache
2024-11-12 13:41:32,008 INFO  CreateClassResetClassAdapter - Found static initializer in class io/netty/buffer/PoolThreadCache$MemoryRegionCache
2024-11-12 13:41:32,008 INFO  EvoClassLoader - Keeping class: io.netty.buffer.PoolThreadCache$MemoryRegionCache
2024-11-12 13:41:32,008 INFO  EvoClassLoader - Seeing class for first time: io.netty.util.internal.LongAdderCounter
2024-11-12 13:41:32,008 INFO  EvoClassLoader - Instrumenting class 'io.netty.util.internal.LongAdderCounter'.
2024-11-12 13:41:32,008 INFO  MethodCallReplacementClassAdapter - Adding mock interface to class io/netty/util/internal/LongAdderCounter
2024-11-12 13:41:32,008 INFO  CreateClassResetClassAdapter - Creating brand-new static initializer in class io/netty/util/internal/LongAdderCounter
2024-11-12 13:41:32,008 INFO  EvoClassLoader - Keeping class: io.netty.util.internal.LongAdderCounter
2024-11-12 13:41:32,009 INFO  EvoClassLoader - Seeing class for first time: io.netty.buffer.PooledByteBufAllocatorMetric
2024-11-12 13:41:32,009 INFO  EvoClassLoader - Instrumenting class 'io.netty.buffer.PooledByteBufAllocatorMetric'.
2024-11-12 13:41:32,009 INFO  MethodCallReplacementClassAdapter - Adding mock interface to class io/netty/buffer/PooledByteBufAllocatorMetric
2024-11-12 13:41:32,009 INFO  CreateClassResetClassAdapter - Creating brand-new static initializer in class io/netty/buffer/PooledByteBufAllocatorMetric
2024-11-12 13:41:32,009 INFO  EvoClassLoader - Seeing class for first time: io.netty.buffer.ByteBufAllocatorMetric
2024-11-12 13:41:32,009 INFO  EvoClassLoader - Instrumenting class 'io.netty.buffer.ByteBufAllocatorMetric'.
2024-11-12 13:41:32,009 INFO  EvoClassLoader - Keeping class: io.netty.buffer.ByteBufAllocatorMetric
2024-11-12 13:41:32,009 INFO  EvoClassLoader - Keeping class: io.netty.buffer.PooledByteBufAllocatorMetric
2024-11-12 13:41:32,010 INFO  EvoClassLoader - Seeing class for first time: io.netty.buffer.UnpooledDirectByteBuf
2024-11-12 13:41:32,010 INFO  EvoClassLoader - Instrumenting class 'io.netty.buffer.UnpooledDirectByteBuf'.
2024-11-12 13:41:32,010 INFO  MethodCallReplacementClassAdapter - Adding mock interface to class io/netty/buffer/UnpooledDirectByteBuf
2024-11-12 13:41:32,010 INFO  CreateClassResetClassAdapter - Creating brand-new static initializer in class io/netty/buffer/UnpooledDirectByteBuf
2024-11-12 13:41:32,011 INFO  EvoClassLoader - Keeping class: io.netty.buffer.UnpooledDirectByteBuf
2024-11-12 13:41:32,011 INFO  EvoClassLoader - Seeing class for first time: io.netty.buffer.UnpooledUnsafeDirectByteBuf
2024-11-12 13:41:32,011 INFO  EvoClassLoader - Instrumenting class 'io.netty.buffer.UnpooledUnsafeDirectByteBuf'.
2024-11-12 13:41:32,011 INFO  MethodCallReplacementClassAdapter - Adding mock interface to class io/netty/buffer/UnpooledUnsafeDirectByteBuf
2024-11-12 13:41:32,011 INFO  CreateClassResetClassAdapter - Creating brand-new static initializer in class io/netty/buffer/UnpooledUnsafeDirectByteBuf
2024-11-12 13:41:32,012 INFO  EvoClassLoader - Keeping class: io.netty.buffer.UnpooledUnsafeDirectByteBuf
2024-11-12 13:41:32,012 INFO  EvoClassLoader - Seeing class for first time: io.netty.buffer.UnpooledHeapByteBuf
2024-11-12 13:41:32,012 INFO  EvoClassLoader - Instrumenting class 'io.netty.buffer.UnpooledHeapByteBuf'.
2024-11-12 13:41:32,012 INFO  MethodCallReplacementClassAdapter - Adding mock interface to class io/netty/buffer/UnpooledHeapByteBuf
2024-11-12 13:41:32,013 INFO  CreateClassResetClassAdapter - Creating brand-new static initializer in class io/netty/buffer/UnpooledHeapByteBuf
2024-11-12 13:41:32,013 INFO  EvoClassLoader - Keeping class: io.netty.buffer.UnpooledHeapByteBuf
2024-11-12 13:41:32,013 INFO  EvoClassLoader - Seeing class for first time: io.netty.buffer.UnpooledUnsafeHeapByteBuf
2024-11-12 13:41:32,013 INFO  EvoClassLoader - Instrumenting class 'io.netty.buffer.UnpooledUnsafeHeapByteBuf'.
2024-11-12 13:41:32,014 INFO  MethodCallReplacementClassAdapter - Adding mock interface to class io/netty/buffer/UnpooledUnsafeHeapByteBuf
2024-11-12 13:41:32,014 INFO  CreateClassResetClassAdapter - Creating brand-new static initializer in class io/netty/buffer/UnpooledUnsafeHeapByteBuf
2024-11-12 13:41:32,014 INFO  EvoClassLoader - Keeping class: io.netty.buffer.UnpooledUnsafeHeapByteBuf
2024-11-12 13:41:32,016 INFO  EvoClassLoader - Seeing class for first time: org.apache.hadoop.thirdparty.protobuf.Option$1
2024-11-12 13:41:32,016 INFO  EvoClassLoader - Instrumenting class 'org.apache.hadoop.thirdparty.protobuf.Option$1'.
2024-11-12 13:41:32,016 INFO  MethodCallReplacementClassAdapter - Adding mock interface to class org/apache/hadoop/thirdparty/protobuf/Option$1
2024-11-12 13:41:32,016 INFO  EvoClassLoader - Keeping class: org.apache.hadoop.thirdparty.protobuf.Option$1
2024-11-12 13:41:32,016 INFO  EvoClassLoader - Seeing class for first time: org.apache.hadoop.thirdparty.protobuf.Option
2024-11-12 13:41:32,016 INFO  EvoClassLoader - Instrumenting class 'org.apache.hadoop.thirdparty.protobuf.Option'.
2024-11-12 13:41:32,017 INFO  MethodCallReplacementClassAdapter - Adding mock interface to class org/apache/hadoop/thirdparty/protobuf/Option
2024-11-12 13:41:32,017 INFO  CreateClassResetClassAdapter - Found static initializer in class org/apache/hadoop/thirdparty/protobuf/Option
2024-11-12 13:41:32,017 INFO  EvoClassLoader - Seeing class for first time: org.apache.hadoop.thirdparty.protobuf.OptionOrBuilder
2024-11-12 13:41:32,017 INFO  EvoClassLoader - Instrumenting class 'org.apache.hadoop.thirdparty.protobuf.OptionOrBuilder'.
2024-11-12 13:41:32,018 INFO  EvoClassLoader - Keeping class: org.apache.hadoop.thirdparty.protobuf.OptionOrBuilder
2024-11-12 13:41:32,018 INFO  EvoClassLoader - Keeping class: org.apache.hadoop.thirdparty.protobuf.Option
2024-11-12 13:41:32,018 INFO  EvoClassLoader - Seeing class for first time: org.apache.hadoop.thirdparty.protobuf.AnyOrBuilder
2024-11-12 13:41:32,018 INFO  EvoClassLoader - Instrumenting class 'org.apache.hadoop.thirdparty.protobuf.AnyOrBuilder'.
2024-11-12 13:41:32,018 INFO  EvoClassLoader - Keeping class: org.apache.hadoop.thirdparty.protobuf.AnyOrBuilder
2024-11-12 13:41:32,019 INFO  EvoClassLoader - Seeing class for first time: org.apache.hadoop.thirdparty.protobuf.Any
2024-11-12 13:41:32,019 INFO  EvoClassLoader - Instrumenting class 'org.apache.hadoop.thirdparty.protobuf.Any'.
2024-11-12 13:41:32,019 INFO  MethodCallReplacementClassAdapter - Adding mock interface to class org/apache/hadoop/thirdparty/protobuf/Any
2024-11-12 13:41:32,020 INFO  CreateClassResetClassAdapter - Found static initializer in class org/apache/hadoop/thirdparty/protobuf/Any
2024-11-12 13:41:32,021 INFO  EvoClassLoader - Keeping class: org.apache.hadoop.thirdparty.protobuf.Any
2024-11-12 13:41:32,021 INFO  EvoClassLoader - Seeing class for first time: org.apache.hadoop.thirdparty.protobuf.Option$Builder
2024-11-12 13:41:32,021 INFO  EvoClassLoader - Instrumenting class 'org.apache.hadoop.thirdparty.protobuf.Option$Builder'.
2024-11-12 13:41:32,021 INFO  MethodCallReplacementClassAdapter - Adding mock interface to class org/apache/hadoop/thirdparty/protobuf/Option$Builder
2024-11-12 13:41:32,022 INFO  CreateClassResetClassAdapter - Creating brand-new static initializer in class org/apache/hadoop/thirdparty/protobuf/Option$Builder
2024-11-12 13:41:32,022 INFO  EvoClassLoader - Keeping class: org.apache.hadoop.thirdparty.protobuf.Option$Builder
2024-11-12 13:41:32,022 INFO  EvoClassLoader - Seeing class for first time: org.eclipse.jetty.io.NullByteBufferPool
2024-11-12 13:41:32,022 INFO  EvoClassLoader - Instrumenting class 'org.eclipse.jetty.io.NullByteBufferPool'.
2024-11-12 13:41:32,023 INFO  MethodCallReplacementClassAdapter - Adding mock interface to class org/eclipse/jetty/io/NullByteBufferPool
2024-11-12 13:41:32,023 INFO  CreateClassResetClassAdapter - Creating brand-new static initializer in class org/eclipse/jetty/io/NullByteBufferPool
2024-11-12 13:41:32,023 INFO  EvoClassLoader - Keeping class: org.eclipse.jetty.io.NullByteBufferPool
2024-11-12 13:41:32,023 INFO  EvoClassLoader - Seeing class for first time: io.netty.buffer.UnpooledByteBufAllocator$UnpooledByteBufAllocatorMetric
2024-11-12 13:41:32,023 INFO  EvoClassLoader - Instrumenting class 'io.netty.buffer.UnpooledByteBufAllocator$UnpooledByteBufAllocatorMetric'.
2024-11-12 13:41:32,024 INFO  MethodCallReplacementClassAdapter - Adding mock interface to class io/netty/buffer/UnpooledByteBufAllocator$UnpooledByteBufAllocatorMetric
2024-11-12 13:41:32,024 INFO  CreateClassResetClassAdapter - Creating brand-new static initializer in class io/netty/buffer/UnpooledByteBufAllocator$UnpooledByteBufAllocatorMetric
2024-11-12 13:41:32,024 INFO  EvoClassLoader - Keeping class: io.netty.buffer.UnpooledByteBufAllocator$UnpooledByteBufAllocatorMetric
2024-11-12 13:41:32,024 INFO  EvoClassLoader - Seeing class for first time: io.netty.buffer.UnpooledByteBufAllocator
2024-11-12 13:41:32,024 INFO  EvoClassLoader - Instrumenting class 'io.netty.buffer.UnpooledByteBufAllocator'.
2024-11-12 13:41:32,024 INFO  MethodCallReplacementClassAdapter - Adding mock interface to class io/netty/buffer/UnpooledByteBufAllocator
2024-11-12 13:41:32,033 INFO  CreateClassResetClassAdapter - Found static initializer in class io/netty/buffer/UnpooledByteBufAllocator
2024-11-12 13:41:32,033 INFO  EvoClassLoader - Keeping class: io.netty.buffer.UnpooledByteBufAllocator
2024-11-12 13:41:32,033 INFO  EvoClassLoader - Seeing class for first time: io.netty.buffer.UnpooledByteBufAllocator$InstrumentedUnpooledUnsafeNoCleanerDirectByteBuf
2024-11-12 13:41:32,033 INFO  EvoClassLoader - Instrumenting class 'io.netty.buffer.UnpooledByteBufAllocator$InstrumentedUnpooledUnsafeNoCleanerDirectByteBuf'.
2024-11-12 13:41:32,034 INFO  MethodCallReplacementClassAdapter - Adding mock interface to class io/netty/buffer/UnpooledByteBufAllocator$InstrumentedUnpooledUnsafeNoCleanerDirectByteBuf
2024-11-12 13:41:32,034 INFO  CreateClassResetClassAdapter - Creating brand-new static initializer in class io/netty/buffer/UnpooledByteBufAllocator$InstrumentedUnpooledUnsafeNoCleanerDirectByteBuf
2024-11-12 13:41:32,034 INFO  EvoClassLoader - Seeing class for first time: io.netty.buffer.UnpooledUnsafeNoCleanerDirectByteBuf
2024-11-12 13:41:32,034 INFO  EvoClassLoader - Instrumenting class 'io.netty.buffer.UnpooledUnsafeNoCleanerDirectByteBuf'.
2024-11-12 13:41:32,034 INFO  MethodCallReplacementClassAdapter - Adding mock interface to class io/netty/buffer/UnpooledUnsafeNoCleanerDirectByteBuf
2024-11-12 13:41:32,034 INFO  CreateClassResetClassAdapter - Creating brand-new static initializer in class io/netty/buffer/UnpooledUnsafeNoCleanerDirectByteBuf
2024-11-12 13:41:32,034 INFO  EvoClassLoader - Keeping class: io.netty.buffer.UnpooledUnsafeNoCleanerDirectByteBuf
2024-11-12 13:41:32,034 INFO  EvoClassLoader - Keeping class: io.netty.buffer.UnpooledByteBufAllocator$InstrumentedUnpooledUnsafeNoCleanerDirectByteBuf
2024-11-12 13:41:32,034 INFO  EvoClassLoader - Seeing class for first time: io.netty.buffer.UnpooledByteBufAllocator$InstrumentedUnpooledUnsafeDirectByteBuf
2024-11-12 13:41:32,034 INFO  EvoClassLoader - Instrumenting class 'io.netty.buffer.UnpooledByteBufAllocator$InstrumentedUnpooledUnsafeDirectByteBuf'.
2024-11-12 13:41:32,034 INFO  MethodCallReplacementClassAdapter - Adding mock interface to class io/netty/buffer/UnpooledByteBufAllocator$InstrumentedUnpooledUnsafeDirectByteBuf
2024-11-12 13:41:32,034 INFO  CreateClassResetClassAdapter - Creating brand-new static initializer in class io/netty/buffer/UnpooledByteBufAllocator$InstrumentedUnpooledUnsafeDirectByteBuf
2024-11-12 13:41:32,034 INFO  EvoClassLoader - Keeping class: io.netty.buffer.UnpooledByteBufAllocator$InstrumentedUnpooledUnsafeDirectByteBuf
2024-11-12 13:41:32,034 INFO  EvoClassLoader - Seeing class for first time: io.netty.buffer.UnpooledByteBufAllocator$InstrumentedUnpooledDirectByteBuf
2024-11-12 13:41:32,034 INFO  EvoClassLoader - Instrumenting class 'io.netty.buffer.UnpooledByteBufAllocator$InstrumentedUnpooledDirectByteBuf'.
2024-11-12 13:41:32,034 INFO  MethodCallReplacementClassAdapter - Adding mock interface to class io/netty/buffer/UnpooledByteBufAllocator$InstrumentedUnpooledDirectByteBuf
2024-11-12 13:41:32,034 INFO  CreateClassResetClassAdapter - Creating brand-new static initializer in class io/netty/buffer/UnpooledByteBufAllocator$InstrumentedUnpooledDirectByteBuf
2024-11-12 13:41:32,034 INFO  EvoClassLoader - Keeping class: io.netty.buffer.UnpooledByteBufAllocator$InstrumentedUnpooledDirectByteBuf
2024-11-12 13:41:32,034 INFO  EvoClassLoader - Seeing class for first time: io.netty.buffer.UnpooledByteBufAllocator$InstrumentedUnpooledUnsafeHeapByteBuf
2024-11-12 13:41:32,034 INFO  EvoClassLoader - Instrumenting class 'io.netty.buffer.UnpooledByteBufAllocator$InstrumentedUnpooledUnsafeHeapByteBuf'.
2024-11-12 13:41:32,035 INFO  MethodCallReplacementClassAdapter - Adding mock interface to class io/netty/buffer/UnpooledByteBufAllocator$InstrumentedUnpooledUnsafeHeapByteBuf
2024-11-12 13:41:32,035 INFO  CreateClassResetClassAdapter - Creating brand-new static initializer in class io/netty/buffer/UnpooledByteBufAllocator$InstrumentedUnpooledUnsafeHeapByteBuf
2024-11-12 13:41:32,035 INFO  EvoClassLoader - Keeping class: io.netty.buffer.UnpooledByteBufAllocator$InstrumentedUnpooledUnsafeHeapByteBuf
2024-11-12 13:41:32,035 INFO  EvoClassLoader - Seeing class for first time: io.netty.buffer.UnpooledByteBufAllocator$InstrumentedUnpooledHeapByteBuf
2024-11-12 13:41:32,035 INFO  EvoClassLoader - Instrumenting class 'io.netty.buffer.UnpooledByteBufAllocator$InstrumentedUnpooledHeapByteBuf'.
2024-11-12 13:41:32,035 INFO  MethodCallReplacementClassAdapter - Adding mock interface to class io/netty/buffer/UnpooledByteBufAllocator$InstrumentedUnpooledHeapByteBuf
2024-11-12 13:41:32,035 INFO  CreateClassResetClassAdapter - Creating brand-new static initializer in class io/netty/buffer/UnpooledByteBufAllocator$InstrumentedUnpooledHeapByteBuf
2024-11-12 13:41:32,035 INFO  EvoClassLoader - Keeping class: io.netty.buffer.UnpooledByteBufAllocator$InstrumentedUnpooledHeapByteBuf
2024-11-12 13:41:32,035 INFO  EvoClassLoader - Seeing class for first time: io.netty.util.ResourceLeakDetectorFactory$DefaultResourceLeakDetectorFactory
2024-11-12 13:41:32,035 INFO  EvoClassLoader - Instrumenting class 'io.netty.util.ResourceLeakDetectorFactory$DefaultResourceLeakDetectorFactory'.
2024-11-12 13:41:32,035 INFO  MethodCallReplacementClassAdapter - Adding mock interface to class io/netty/util/ResourceLeakDetectorFactory$DefaultResourceLeakDetectorFactory
2024-11-12 13:41:32,036 INFO  CreateClassResetClassAdapter - Creating brand-new static initializer in class io/netty/util/ResourceLeakDetectorFactory$DefaultResourceLeakDetectorFactory
2024-11-12 13:41:32,036 INFO  EvoClassLoader - Seeing class for first time: io.netty.util.ResourceLeakDetectorFactory
2024-11-12 13:41:32,036 INFO  EvoClassLoader - Instrumenting class 'io.netty.util.ResourceLeakDetectorFactory'.
2024-11-12 13:41:32,036 INFO  MethodCallReplacementClassAdapter - Adding mock interface to class io/netty/util/ResourceLeakDetectorFactory
2024-11-12 13:41:32,036 INFO  CreateClassResetClassAdapter - Found static initializer in class io/netty/util/ResourceLeakDetectorFactory
2024-11-12 13:41:32,036 INFO  EvoClassLoader - Keeping class: io.netty.util.ResourceLeakDetectorFactory
2024-11-12 13:41:32,036 INFO  EvoClassLoader - Keeping class: io.netty.util.ResourceLeakDetectorFactory$DefaultResourceLeakDetectorFactory
2024-11-12 13:41:32,037 INFO  EvoClassLoader - Seeing class for first time: io.netty.buffer.UnpooledDuplicatedByteBuf
2024-11-12 13:41:32,037 INFO  EvoClassLoader - Instrumenting class 'io.netty.buffer.UnpooledDuplicatedByteBuf'.
2024-11-12 13:41:32,037 INFO  MethodCallReplacementClassAdapter - Adding mock interface to class io/netty/buffer/UnpooledDuplicatedByteBuf
2024-11-12 13:41:32,037 INFO  CreateClassResetClassAdapter - Creating brand-new static initializer in class io/netty/buffer/UnpooledDuplicatedByteBuf
2024-11-12 13:41:32,037 INFO  EvoClassLoader - Seeing class for first time: io.netty.buffer.DuplicatedByteBuf
2024-11-12 13:41:32,037 INFO  EvoClassLoader - Instrumenting class 'io.netty.buffer.DuplicatedByteBuf'.
2024-11-12 13:41:32,037 INFO  MethodCallReplacementClassAdapter - Adding mock interface to class io/netty/buffer/DuplicatedByteBuf
2024-11-12 13:41:32,037 INFO  CreateClassResetClassAdapter - Creating brand-new static initializer in class io/netty/buffer/DuplicatedByteBuf
2024-11-12 13:41:32,038 INFO  EvoClassLoader - Seeing class for first time: io.netty.buffer.AbstractDerivedByteBuf
2024-11-12 13:41:32,038 INFO  EvoClassLoader - Instrumenting class 'io.netty.buffer.AbstractDerivedByteBuf'.
2024-11-12 13:41:32,038 INFO  MethodCallReplacementClassAdapter - Adding mock interface to class io/netty/buffer/AbstractDerivedByteBuf
2024-11-12 13:41:32,038 INFO  CreateClassResetClassAdapter - Creating brand-new static initializer in class io/netty/buffer/AbstractDerivedByteBuf
2024-11-12 13:41:32,038 INFO  EvoClassLoader - Keeping class: io.netty.buffer.AbstractDerivedByteBuf
2024-11-12 13:41:32,038 INFO  EvoClassLoader - Keeping class: io.netty.buffer.DuplicatedByteBuf
2024-11-12 13:41:32,038 INFO  EvoClassLoader - Keeping class: io.netty.buffer.UnpooledDuplicatedByteBuf
2024-11-12 13:41:32,038 INFO  EvoClassLoader - Seeing class for first time: io.netty.buffer.UnpooledSlicedByteBuf
2024-11-12 13:41:32,038 INFO  EvoClassLoader - Instrumenting class 'io.netty.buffer.UnpooledSlicedByteBuf'.
2024-11-12 13:41:32,038 INFO  MethodCallReplacementClassAdapter - Adding mock interface to class io/netty/buffer/UnpooledSlicedByteBuf
2024-11-12 13:41:32,038 INFO  CreateClassResetClassAdapter - Creating brand-new static initializer in class io/netty/buffer/UnpooledSlicedByteBuf
2024-11-12 13:41:32,038 INFO  EvoClassLoader - Seeing class for first time: io.netty.buffer.AbstractUnpooledSlicedByteBuf
2024-11-12 13:41:32,038 INFO  EvoClassLoader - Instrumenting class 'io.netty.buffer.AbstractUnpooledSlicedByteBuf'.
2024-11-12 13:41:32,038 INFO  MethodCallReplacementClassAdapter - Adding mock interface to class io/netty/buffer/AbstractUnpooledSlicedByteBuf
2024-11-12 13:41:32,039 INFO  CreateClassResetClassAdapter - Creating brand-new static initializer in class io/netty/buffer/AbstractUnpooledSlicedByteBuf
2024-11-12 13:41:32,039 INFO  EvoClassLoader - Keeping class: io.netty.buffer.AbstractUnpooledSlicedByteBuf
2024-11-12 13:41:32,039 INFO  EvoClassLoader - Keeping class: io.netty.buffer.UnpooledSlicedByteBuf
2024-11-12 13:41:32,039 INFO  EvoClassLoader - Seeing class for first time: io.netty.buffer.SwappedByteBuf
2024-11-12 13:41:32,039 INFO  EvoClassLoader - Instrumenting class 'io.netty.buffer.SwappedByteBuf'.
2024-11-12 13:41:32,039 INFO  MethodCallReplacementClassAdapter - Adding mock interface to class io/netty/buffer/SwappedByteBuf
2024-11-12 13:41:32,040 INFO  CreateClassResetClassAdapter - Creating brand-new static initializer in class io/netty/buffer/SwappedByteBuf
2024-11-12 13:41:32,040 INFO  EvoClassLoader - Keeping class: io.netty.buffer.SwappedByteBuf
2024-11-12 13:41:32,040 INFO  EvoClassLoader - Seeing class for first time: io.netty.util.IllegalReferenceCountException
2024-11-12 13:41:32,040 INFO  EvoClassLoader - Instrumenting class 'io.netty.util.IllegalReferenceCountException'.
2024-11-12 13:41:32,041 INFO  MethodCallReplacementClassAdapter - Adding mock interface to class io/netty/util/IllegalReferenceCountException
2024-11-12 13:41:32,041 INFO  CreateClassResetClassAdapter - Creating brand-new static initializer in class io/netty/util/IllegalReferenceCountException
2024-11-12 13:41:32,041 INFO  EvoClassLoader - Keeping class: io.netty.util.IllegalReferenceCountException
2024-11-12 13:41:32,041 INFO  EvoClassLoader - Seeing class for first time: io.netty.util.internal.ReferenceCountUpdater
2024-11-12 13:41:32,041 INFO  EvoClassLoader - Instrumenting class 'io.netty.util.internal.ReferenceCountUpdater'.
2024-11-12 13:41:32,042 INFO  MethodCallReplacementClassAdapter - Adding mock interface to class io/netty/util/internal/ReferenceCountUpdater
2024-11-12 13:41:32,042 INFO  CreateClassResetClassAdapter - Creating brand-new static initializer in class io/netty/util/internal/ReferenceCountUpdater
2024-11-12 13:41:32,042 INFO  EvoClassLoader - Keeping class: io.netty.util.internal.ReferenceCountUpdater
2024-11-12 13:41:32,042 INFO  EvoClassLoader - Seeing class for first time: io.netty.buffer.AbstractReferenceCountedByteBuf$1
2024-11-12 13:41:32,042 INFO  EvoClassLoader - Instrumenting class 'io.netty.buffer.AbstractReferenceCountedByteBuf$1'.
2024-11-12 13:41:32,042 INFO  MethodCallReplacementClassAdapter - Adding mock interface to class io/netty/buffer/AbstractReferenceCountedByteBuf$1
2024-11-12 13:41:32,042 INFO  EvoClassLoader - Keeping class: io.netty.buffer.AbstractReferenceCountedByteBuf$1
2024-11-12 13:41:32,044 INFO  EvoClassLoader - Seeing class for first time: io.netty.buffer.UnsafeDirectSwappedByteBuf
2024-11-12 13:41:32,044 INFO  EvoClassLoader - Instrumenting class 'io.netty.buffer.UnsafeDirectSwappedByteBuf'.
2024-11-12 13:41:32,044 INFO  MethodCallReplacementClassAdapter - Adding mock interface to class io/netty/buffer/UnsafeDirectSwappedByteBuf
2024-11-12 13:41:32,044 INFO  CreateClassResetClassAdapter - Creating brand-new static initializer in class io/netty/buffer/UnsafeDirectSwappedByteBuf
2024-11-12 13:41:32,044 INFO  EvoClassLoader - Seeing class for first time: io.netty.buffer.AbstractUnsafeSwappedByteBuf
2024-11-12 13:41:32,044 INFO  EvoClassLoader - Instrumenting class 'io.netty.buffer.AbstractUnsafeSwappedByteBuf'.
2024-11-12 13:41:32,044 INFO  MethodCallReplacementClassAdapter - Adding mock interface to class io/netty/buffer/AbstractUnsafeSwappedByteBuf
2024-11-12 13:41:32,044 INFO  CreateClassResetClassAdapter - Found static initializer in class io/netty/buffer/AbstractUnsafeSwappedByteBuf
2024-11-12 13:41:32,045 INFO  EvoClassLoader - Keeping class: io.netty.buffer.AbstractUnsafeSwappedByteBuf
2024-11-12 13:41:32,045 INFO  EvoClassLoader - Keeping class: io.netty.buffer.UnsafeDirectSwappedByteBuf
2024-11-12 13:41:32,045 INFO  EvoClassLoader - Seeing class for first time: org.eclipse.jetty.io.LogarithmicArrayByteBufferPool
2024-11-12 13:41:32,045 INFO  EvoClassLoader - Instrumenting class 'org.eclipse.jetty.io.LogarithmicArrayByteBufferPool'.
2024-11-12 13:41:32,045 INFO  MethodCallReplacementClassAdapter - Adding mock interface to class org/eclipse/jetty/io/LogarithmicArrayByteBufferPool
2024-11-12 13:41:32,045 INFO  CreateClassResetClassAdapter - Creating brand-new static initializer in class org/eclipse/jetty/io/LogarithmicArrayByteBufferPool
2024-11-12 13:41:32,045 INFO  EvoClassLoader - Keeping class: org.eclipse.jetty.io.LogarithmicArrayByteBufferPool
2024-11-12 13:41:32,045 INFO  EvoClassLoader - Seeing class for first time: org.apache.hadoop.thirdparty.protobuf.Api$1
2024-11-12 13:41:32,045 INFO  EvoClassLoader - Instrumenting class 'org.apache.hadoop.thirdparty.protobuf.Api$1'.
2024-11-12 13:41:32,045 INFO  MethodCallReplacementClassAdapter - Adding mock interface to class org/apache/hadoop/thirdparty/protobuf/Api$1
2024-11-12 13:41:32,045 INFO  EvoClassLoader - Keeping class: org.apache.hadoop.thirdparty.protobuf.Api$1
2024-11-12 13:41:32,045 INFO  EvoClassLoader - Seeing class for first time: org.apache.hadoop.thirdparty.protobuf.Api
2024-11-12 13:41:32,045 INFO  EvoClassLoader - Instrumenting class 'org.apache.hadoop.thirdparty.protobuf.Api'.
2024-11-12 13:41:32,046 INFO  MethodCallReplacementClassAdapter - Adding mock interface to class org/apache/hadoop/thirdparty/protobuf/Api
2024-11-12 13:41:32,047 INFO  CreateClassResetClassAdapter - Found static initializer in class org/apache/hadoop/thirdparty/protobuf/Api
2024-11-12 13:41:32,047 INFO  EvoClassLoader - Seeing class for first time: org.apache.hadoop.thirdparty.protobuf.ApiOrBuilder
2024-11-12 13:41:32,047 INFO  EvoClassLoader - Instrumenting class 'org.apache.hadoop.thirdparty.protobuf.ApiOrBuilder'.
2024-11-12 13:41:32,048 INFO  EvoClassLoader - Keeping class: org.apache.hadoop.thirdparty.protobuf.ApiOrBuilder
2024-11-12 13:41:32,048 INFO  EvoClassLoader - Keeping class: org.apache.hadoop.thirdparty.protobuf.Api
2024-11-12 13:41:32,048 INFO  EvoClassLoader - Seeing class for first time: org.apache.hadoop.thirdparty.protobuf.SourceContextOrBuilder
2024-11-12 13:41:32,048 INFO  EvoClassLoader - Instrumenting class 'org.apache.hadoop.thirdparty.protobuf.SourceContextOrBuilder'.
2024-11-12 13:41:32,048 INFO  EvoClassLoader - Keeping class: org.apache.hadoop.thirdparty.protobuf.SourceContextOrBuilder
2024-11-12 13:41:32,048 INFO  EvoClassLoader - Seeing class for first time: org.apache.hadoop.thirdparty.protobuf.SourceContext
2024-11-12 13:41:32,048 INFO  EvoClassLoader - Instrumenting class 'org.apache.hadoop.thirdparty.protobuf.SourceContext'.
2024-11-12 13:41:32,049 INFO  MethodCallReplacementClassAdapter - Adding mock interface to class org/apache/hadoop/thirdparty/protobuf/SourceContext
2024-11-12 13:41:32,049 INFO  CreateClassResetClassAdapter - Found static initializer in class org/apache/hadoop/thirdparty/protobuf/SourceContext
2024-11-12 13:41:32,050 INFO  EvoClassLoader - Keeping class: org.apache.hadoop.thirdparty.protobuf.SourceContext
2024-11-12 13:41:32,050 INFO  EvoClassLoader - Seeing class for first time: org.apache.hadoop.thirdparty.protobuf.Method
2024-11-12 13:41:32,050 INFO  EvoClassLoader - Instrumenting class 'org.apache.hadoop.thirdparty.protobuf.Method'.
2024-11-12 13:41:32,050 INFO  MethodCallReplacementClassAdapter - Adding mock interface to class org/apache/hadoop/thirdparty/protobuf/Method
2024-11-12 13:41:32,051 INFO  CreateClassResetClassAdapter - Found static initializer in class org/apache/hadoop/thirdparty/protobuf/Method
2024-11-12 13:41:32,051 INFO  EvoClassLoader - Seeing class for first time: org.apache.hadoop.thirdparty.protobuf.MethodOrBuilder
2024-11-12 13:41:32,051 INFO  EvoClassLoader - Instrumenting class 'org.apache.hadoop.thirdparty.protobuf.MethodOrBuilder'.
2024-11-12 13:41:32,052 INFO  EvoClassLoader - Keeping class: org.apache.hadoop.thirdparty.protobuf.MethodOrBuilder
2024-11-12 13:41:32,052 INFO  EvoClassLoader - Keeping class: org.apache.hadoop.thirdparty.protobuf.Method
2024-11-12 13:41:32,052 INFO  EvoClassLoader - Seeing class for first time: org.apache.hadoop.thirdparty.protobuf.Api$Builder
2024-11-12 13:41:32,052 INFO  EvoClassLoader - Instrumenting class 'org.apache.hadoop.thirdparty.protobuf.Api$Builder'.
2024-11-12 13:41:32,052 INFO  MethodCallReplacementClassAdapter - Adding mock interface to class org/apache/hadoop/thirdparty/protobuf/Api$Builder
2024-11-12 13:41:32,053 INFO  CreateClassResetClassAdapter - Creating brand-new static initializer in class org/apache/hadoop/thirdparty/protobuf/Api$Builder
2024-11-12 13:41:32,054 INFO  EvoClassLoader - Keeping class: org.apache.hadoop.thirdparty.protobuf.Api$Builder
2024-11-12 13:41:32,054 INFO  EvoClassLoader - Seeing class for first time: org.apache.hadoop.thirdparty.protobuf.Syntax
2024-11-12 13:41:32,054 INFO  EvoClassLoader - Instrumenting class 'org.apache.hadoop.thirdparty.protobuf.Syntax'.
2024-11-12 13:41:32,054 INFO  MethodCallReplacementClassAdapter - Adding mock interface to class org/apache/hadoop/thirdparty/protobuf/Syntax
2024-11-12 13:41:32,054 INFO  CreateClassResetClassAdapter - Found static initializer in class org/apache/hadoop/thirdparty/protobuf/Syntax
2024-11-12 13:41:32,055 INFO  EvoClassLoader - Keeping class: org.apache.hadoop.thirdparty.protobuf.Syntax
2024-11-12 13:41:32,055 INFO  EvoClassLoader - Seeing class for first time: org.apache.hadoop.thirdparty.protobuf.Mixin
2024-11-12 13:41:32,055 INFO  EvoClassLoader - Instrumenting class 'org.apache.hadoop.thirdparty.protobuf.Mixin'.
2024-11-12 13:41:32,055 INFO  MethodCallReplacementClassAdapter - Adding mock interface to class org/apache/hadoop/thirdparty/protobuf/Mixin
2024-11-12 13:41:32,055 INFO  CreateClassResetClassAdapter - Found static initializer in class org/apache/hadoop/thirdparty/protobuf/Mixin
2024-11-12 13:41:32,056 INFO  EvoClassLoader - Seeing class for first time: org.apache.hadoop.thirdparty.protobuf.MixinOrBuilder
2024-11-12 13:41:32,056 INFO  EvoClassLoader - Instrumenting class 'org.apache.hadoop.thirdparty.protobuf.MixinOrBuilder'.
2024-11-12 13:41:32,056 INFO  EvoClassLoader - Keeping class: org.apache.hadoop.thirdparty.protobuf.MixinOrBuilder
2024-11-12 13:41:32,056 INFO  EvoClassLoader - Keeping class: org.apache.hadoop.thirdparty.protobuf.Mixin
2024-11-12 13:41:32,056 INFO  EvoClassLoader - Seeing class for first time: org.apache.hadoop.thirdparty.protobuf.SourceContext$1
2024-11-12 13:41:32,056 INFO  EvoClassLoader - Instrumenting class 'org.apache.hadoop.thirdparty.protobuf.SourceContext$1'.
2024-11-12 13:41:32,056 INFO  MethodCallReplacementClassAdapter - Adding mock interface to class org/apache/hadoop/thirdparty/protobuf/SourceContext$1
2024-11-12 13:41:32,056 INFO  EvoClassLoader - Keeping class: org.apache.hadoop.thirdparty.protobuf.SourceContext$1
2024-11-12 13:41:32,057 INFO  EvoClassLoader - Seeing class for first time: org.apache.hadoop.thirdparty.protobuf.SourceContext$Builder
2024-11-12 13:41:32,057 INFO  EvoClassLoader - Instrumenting class 'org.apache.hadoop.thirdparty.protobuf.SourceContext$Builder'.
2024-11-12 13:41:32,057 INFO  MethodCallReplacementClassAdapter - Adding mock interface to class org/apache/hadoop/thirdparty/protobuf/SourceContext$Builder
2024-11-12 13:41:32,058 INFO  CreateClassResetClassAdapter - Creating brand-new static initializer in class org/apache/hadoop/thirdparty/protobuf/SourceContext$Builder
2024-11-12 13:41:32,058 INFO  EvoClassLoader - Keeping class: org.apache.hadoop.thirdparty.protobuf.SourceContext$Builder
2024-11-12 13:41:32,058 INFO  EvoClassLoader - Seeing class for first time: org.apache.hadoop.thirdparty.protobuf.Struct$1
2024-11-12 13:41:32,058 INFO  EvoClassLoader - Instrumenting class 'org.apache.hadoop.thirdparty.protobuf.Struct$1'.
2024-11-12 13:41:32,058 INFO  MethodCallReplacementClassAdapter - Adding mock interface to class org/apache/hadoop/thirdparty/protobuf/Struct$1
2024-11-12 13:41:32,059 INFO  EvoClassLoader - Keeping class: org.apache.hadoop.thirdparty.protobuf.Struct$1
2024-11-12 13:41:32,059 INFO  EvoClassLoader - Seeing class for first time: org.apache.hadoop.thirdparty.protobuf.Struct
2024-11-12 13:41:32,059 INFO  EvoClassLoader - Instrumenting class 'org.apache.hadoop.thirdparty.protobuf.Struct'.
2024-11-12 13:41:32,059 INFO  MethodCallReplacementClassAdapter - Adding mock interface to class org/apache/hadoop/thirdparty/protobuf/Struct
2024-11-12 13:41:32,060 INFO  CreateClassResetClassAdapter - Found static initializer in class org/apache/hadoop/thirdparty/protobuf/Struct
2024-11-12 13:41:32,060 INFO  EvoClassLoader - Seeing class for first time: org.apache.hadoop.thirdparty.protobuf.StructOrBuilder
2024-11-12 13:41:32,060 INFO  EvoClassLoader - Instrumenting class 'org.apache.hadoop.thirdparty.protobuf.StructOrBuilder'.
2024-11-12 13:41:32,061 INFO  EvoClassLoader - Keeping class: org.apache.hadoop.thirdparty.protobuf.StructOrBuilder
2024-11-12 13:41:32,061 INFO  EvoClassLoader - Keeping class: org.apache.hadoop.thirdparty.protobuf.Struct
2024-11-12 13:41:32,061 INFO  EvoClassLoader - Seeing class for first time: org.apache.hadoop.thirdparty.protobuf.Struct$Builder
2024-11-12 13:41:32,061 INFO  EvoClassLoader - Instrumenting class 'org.apache.hadoop.thirdparty.protobuf.Struct$Builder'.
2024-11-12 13:41:32,061 INFO  MethodCallReplacementClassAdapter - Adding mock interface to class org/apache/hadoop/thirdparty/protobuf/Struct$Builder
2024-11-12 13:41:32,062 INFO  CreateClassResetClassAdapter - Creating brand-new static initializer in class org/apache/hadoop/thirdparty/protobuf/Struct$Builder
2024-11-12 13:41:32,062 INFO  EvoClassLoader - Keeping class: org.apache.hadoop.thirdparty.protobuf.Struct$Builder
2024-11-12 13:41:32,063 INFO  EvoClassLoader - Seeing class for first time: org.eclipse.jetty.io.MappedByteBufferPool
2024-11-12 13:41:32,063 INFO  EvoClassLoader - Instrumenting class 'org.eclipse.jetty.io.MappedByteBufferPool'.
2024-11-12 13:41:32,063 INFO  MethodCallReplacementClassAdapter - Adding mock interface to class org/eclipse/jetty/io/MappedByteBufferPool
2024-11-12 13:41:32,063 INFO  CreateClassResetClassAdapter - Found static initializer in class org/eclipse/jetty/io/MappedByteBufferPool
2024-11-12 13:41:32,064 INFO  EvoClassLoader - Keeping class: org.eclipse.jetty.io.MappedByteBufferPool
2024-11-12 13:41:32,064 INFO  EvoClassLoader - Seeing class for first time: org.eclipse.jetty.io.MappedByteBufferPool$Tagged
2024-11-12 13:41:32,064 INFO  EvoClassLoader - Instrumenting class 'org.eclipse.jetty.io.MappedByteBufferPool$Tagged'.
2024-11-12 13:41:32,064 INFO  MethodCallReplacementClassAdapter - Adding mock interface to class org/eclipse/jetty/io/MappedByteBufferPool$Tagged
2024-11-12 13:41:32,064 INFO  CreateClassResetClassAdapter - Creating brand-new static initializer in class org/eclipse/jetty/io/MappedByteBufferPool$Tagged
2024-11-12 13:41:32,064 INFO  EvoClassLoader - Keeping class: org.eclipse.jetty.io.MappedByteBufferPool$Tagged
2024-11-12 13:41:32,065 INFO  EvoClassLoader - Seeing class for first time: io.netty.util.internal.shaded.org.jctools.util.Pow2
2024-11-12 13:41:32,065 INFO  EvoClassLoader - Instrumenting class 'io.netty.util.internal.shaded.org.jctools.util.Pow2'.
2024-11-12 13:41:32,065 INFO  MethodCallReplacementClassAdapter - Adding mock interface to class io/netty/util/internal/shaded/org/jctools/util/Pow2
2024-11-12 13:41:32,065 INFO  CreateClassResetClassAdapter - Creating brand-new static initializer in class io/netty/util/internal/shaded/org/jctools/util/Pow2
2024-11-12 13:41:32,065 INFO  CreateClassResetClassAdapter - Adding bytecode for initializing field MAX_POW2
2024-11-12 13:41:32,065 INFO  EvoClassLoader - Defined package (3): package io.netty.util.internal.shaded.org.jctools.util, -1500502634
2024-11-12 13:41:32,066 INFO  EvoClassLoader - Keeping class: io.netty.util.internal.shaded.org.jctools.util.Pow2
2024-11-12 13:41:32,066 INFO  EvoClassLoader - Seeing class for first time: org.apache.hadoop.thirdparty.protobuf.Enum$1
2024-11-12 13:41:32,066 INFO  EvoClassLoader - Instrumenting class 'org.apache.hadoop.thirdparty.protobuf.Enum$1'.
2024-11-12 13:41:32,066 INFO  MethodCallReplacementClassAdapter - Adding mock interface to class org/apache/hadoop/thirdparty/protobuf/Enum$1
2024-11-12 13:41:32,066 INFO  EvoClassLoader - Keeping class: org.apache.hadoop.thirdparty.protobuf.Enum$1
2024-11-12 13:41:32,066 INFO  EvoClassLoader - Seeing class for first time: org.apache.hadoop.thirdparty.protobuf.Enum
2024-11-12 13:41:32,066 INFO  EvoClassLoader - Instrumenting class 'org.apache.hadoop.thirdparty.protobuf.Enum'.
2024-11-12 13:41:32,067 INFO  MethodCallReplacementClassAdapter - Adding mock interface to class org/apache/hadoop/thirdparty/protobuf/Enum
2024-11-12 13:41:32,067 INFO  CreateClassResetClassAdapter - Found static initializer in class org/apache/hadoop/thirdparty/protobuf/Enum
2024-11-12 13:41:32,068 INFO  EvoClassLoader - Seeing class for first time: org.apache.hadoop.thirdparty.protobuf.EnumOrBuilder
2024-11-12 13:41:32,068 INFO  EvoClassLoader - Instrumenting class 'org.apache.hadoop.thirdparty.protobuf.EnumOrBuilder'.
2024-11-12 13:41:32,068 INFO  EvoClassLoader - Keeping class: org.apache.hadoop.thirdparty.protobuf.EnumOrBuilder
2024-11-12 13:41:32,068 INFO  EvoClassLoader - Keeping class: org.apache.hadoop.thirdparty.protobuf.Enum
2024-11-12 13:41:32,069 INFO  EvoClassLoader - Seeing class for first time: org.apache.hadoop.thirdparty.protobuf.Enum$Builder
2024-11-12 13:41:32,069 INFO  EvoClassLoader - Instrumenting class 'org.apache.hadoop.thirdparty.protobuf.Enum$Builder'.
2024-11-12 13:41:32,069 INFO  MethodCallReplacementClassAdapter - Adding mock interface to class org/apache/hadoop/thirdparty/protobuf/Enum$Builder
2024-11-12 13:41:32,070 INFO  CreateClassResetClassAdapter - Creating brand-new static initializer in class org/apache/hadoop/thirdparty/protobuf/Enum$Builder
2024-11-12 13:41:32,071 INFO  EvoClassLoader - Keeping class: org.apache.hadoop.thirdparty.protobuf.Enum$Builder
2024-11-12 13:41:32,071 INFO  EvoClassLoader - Seeing class for first time: org.apache.hadoop.thirdparty.protobuf.EnumValue
2024-11-12 13:41:32,071 INFO  EvoClassLoader - Instrumenting class 'org.apache.hadoop.thirdparty.protobuf.EnumValue'.
2024-11-12 13:41:32,071 INFO  MethodCallReplacementClassAdapter - Adding mock interface to class org/apache/hadoop/thirdparty/protobuf/EnumValue
2024-11-12 13:41:32,072 INFO  CreateClassResetClassAdapter - Found static initializer in class org/apache/hadoop/thirdparty/protobuf/EnumValue
2024-11-12 13:41:32,072 INFO  EvoClassLoader - Seeing class for first time: org.apache.hadoop.thirdparty.protobuf.EnumValueOrBuilder
2024-11-12 13:41:32,072 INFO  EvoClassLoader - Instrumenting class 'org.apache.hadoop.thirdparty.protobuf.EnumValueOrBuilder'.
2024-11-12 13:41:32,072 INFO  EvoClassLoader - Keeping class: org.apache.hadoop.thirdparty.protobuf.EnumValueOrBuilder
2024-11-12 13:41:32,072 INFO  EvoClassLoader - Keeping class: org.apache.hadoop.thirdparty.protobuf.EnumValue
2024-11-12 13:41:32,073 INFO  EvoClassLoader - Seeing class for first time: org.apache.hadoop.thirdparty.protobuf.MessageReflection
2024-11-12 13:41:32,073 INFO  EvoClassLoader - Instrumenting class 'org.apache.hadoop.thirdparty.protobuf.MessageReflection'.
2024-11-12 13:41:32,073 INFO  MethodCallReplacementClassAdapter - Adding mock interface to class org/apache/hadoop/thirdparty/protobuf/MessageReflection
2024-11-12 13:41:32,074 INFO  CreateClassResetClassAdapter - Creating brand-new static initializer in class org/apache/hadoop/thirdparty/protobuf/MessageReflection
2024-11-12 13:41:32,075 INFO  EvoClassLoader - Keeping class: org.apache.hadoop.thirdparty.protobuf.MessageReflection
2024-11-12 13:41:32,075 INFO  EvoClassLoader - Seeing class for first time: io.netty.buffer.ByteBufUtil$1
2024-11-12 13:41:32,075 INFO  EvoClassLoader - Instrumenting class 'io.netty.buffer.ByteBufUtil$1'.
2024-11-12 13:41:32,076 INFO  MethodCallReplacementClassAdapter - Adding mock interface to class io/netty/buffer/ByteBufUtil$1
2024-11-12 13:41:32,076 INFO  EvoClassLoader - Keeping class: io.netty.buffer.ByteBufUtil$1
2024-11-12 13:41:32,076 INFO  EvoClassLoader - Seeing class for first time: io.netty.buffer.ByteBufUtil
2024-11-12 13:41:32,076 INFO  EvoClassLoader - Instrumenting class 'io.netty.buffer.ByteBufUtil'.
2024-11-12 13:41:32,077 INFO  MethodCallReplacementClassAdapter - Adding mock interface to class io/netty/buffer/ByteBufUtil
2024-11-12 13:41:32,079 INFO  CreateClassResetClassAdapter - Found static initializer in class io/netty/buffer/ByteBufUtil
2024-11-12 13:41:32,082 INFO  EvoClassLoader - Keeping class: io.netty.buffer.ByteBufUtil
2024-11-12 13:41:32,082 INFO  EvoClassLoader - Seeing class for first time: io.netty.util.CharsetUtil
2024-11-12 13:41:32,082 INFO  EvoClassLoader - Instrumenting class 'io.netty.util.CharsetUtil'.
2024-11-12 13:41:32,082 INFO  MethodCallReplacementClassAdapter - Adding mock interface to class io/netty/util/CharsetUtil
2024-11-12 13:41:32,082 INFO  CreateClassResetClassAdapter - Found static initializer in class io/netty/util/CharsetUtil
2024-11-12 13:41:32,083 INFO  EvoClassLoader - Keeping class: io.netty.util.CharsetUtil
2024-11-12 13:41:32,083 INFO  EvoClassLoader - Seeing class for first time: io.netty.buffer.ByteBufUtil$2
2024-11-12 13:41:32,083 INFO  EvoClassLoader - Instrumenting class 'io.netty.buffer.ByteBufUtil$2'.
2024-11-12 13:41:32,083 INFO  MethodCallReplacementClassAdapter - Adding mock interface to class io/netty/buffer/ByteBufUtil$2
2024-11-12 13:41:32,083 INFO  EvoClassLoader - Keeping class: io.netty.buffer.ByteBufUtil$2
2024-11-12 13:41:32,084 INFO  EvoClassLoader - Seeing class for first time: io.netty.buffer.ByteBufUtil$ThreadLocalUnsafeDirectByteBuf
2024-11-12 13:41:32,084 INFO  EvoClassLoader - Instrumenting class 'io.netty.buffer.ByteBufUtil$ThreadLocalUnsafeDirectByteBuf'.
2024-11-12 13:41:32,084 INFO  MethodCallReplacementClassAdapter - Adding mock interface to class io/netty/buffer/ByteBufUtil$ThreadLocalUnsafeDirectByteBuf
2024-11-12 13:41:32,085 INFO  CreateClassResetClassAdapter - Found static initializer in class io/netty/buffer/ByteBufUtil$ThreadLocalUnsafeDirectByteBuf
2024-11-12 13:41:32,085 INFO  EvoClassLoader - Keeping class: io.netty.buffer.ByteBufUtil$ThreadLocalUnsafeDirectByteBuf
2024-11-12 13:41:32,085 INFO  EvoClassLoader - Seeing class for first time: io.netty.buffer.ByteBufUtil$ThreadLocalDirectByteBuf
2024-11-12 13:41:32,085 INFO  EvoClassLoader - Instrumenting class 'io.netty.buffer.ByteBufUtil$ThreadLocalDirectByteBuf'.
2024-11-12 13:41:32,085 INFO  MethodCallReplacementClassAdapter - Adding mock interface to class io/netty/buffer/ByteBufUtil$ThreadLocalDirectByteBuf
2024-11-12 13:41:32,085 INFO  CreateClassResetClassAdapter - Found static initializer in class io/netty/buffer/ByteBufUtil$ThreadLocalDirectByteBuf
2024-11-12 13:41:32,085 INFO  EvoClassLoader - Keeping class: io.netty.buffer.ByteBufUtil$ThreadLocalDirectByteBuf
2024-11-12 13:41:32,087 INFO  EvoClassLoader - Seeing class for first time: io.netty.buffer.UnsafeHeapSwappedByteBuf
2024-11-12 13:41:32,087 INFO  EvoClassLoader - Instrumenting class 'io.netty.buffer.UnsafeHeapSwappedByteBuf'.
2024-11-12 13:41:32,087 INFO  MethodCallReplacementClassAdapter - Adding mock interface to class io/netty/buffer/UnsafeHeapSwappedByteBuf
2024-11-12 13:41:32,087 INFO  CreateClassResetClassAdapter - Creating brand-new static initializer in class io/netty/buffer/UnsafeHeapSwappedByteBuf
2024-11-12 13:41:32,087 INFO  EvoClassLoader - Keeping class: io.netty.buffer.UnsafeHeapSwappedByteBuf
2024-11-12 13:41:32,087 INFO  EvoClassLoader - Seeing class for first time: org.apache.hadoop.thirdparty.protobuf.Method$Builder
2024-11-12 13:41:32,087 INFO  EvoClassLoader - Instrumenting class 'org.apache.hadoop.thirdparty.protobuf.Method$Builder'.
2024-11-12 13:41:32,087 INFO  MethodCallReplacementClassAdapter - Adding mock interface to class org/apache/hadoop/thirdparty/protobuf/Method$Builder
2024-11-12 13:41:32,088 INFO  CreateClassResetClassAdapter - Creating brand-new static initializer in class org/apache/hadoop/thirdparty/protobuf/Method$Builder
2024-11-12 13:41:32,089 INFO  EvoClassLoader - Keeping class: org.apache.hadoop.thirdparty.protobuf.Method$Builder
2024-11-12 13:41:32,089 INFO  EvoClassLoader - Seeing class for first time: org.apache.hadoop.thirdparty.protobuf.ApiProto$1
2024-11-12 13:41:32,089 INFO  EvoClassLoader - Instrumenting class 'org.apache.hadoop.thirdparty.protobuf.ApiProto$1'.
2024-11-12 13:41:32,089 INFO  MethodCallReplacementClassAdapter - Adding mock interface to class org/apache/hadoop/thirdparty/protobuf/ApiProto$1
2024-11-12 13:41:32,090 INFO  EvoClassLoader - Keeping class: org.apache.hadoop.thirdparty.protobuf.ApiProto$1
2024-11-12 13:41:32,090 INFO  EvoClassLoader - Seeing class for first time: org.apache.hadoop.thirdparty.protobuf.ApiProto
2024-11-12 13:41:32,090 INFO  EvoClassLoader - Instrumenting class 'org.apache.hadoop.thirdparty.protobuf.ApiProto'.
2024-11-12 13:41:32,090 INFO  MethodCallReplacementClassAdapter - Adding mock interface to class org/apache/hadoop/thirdparty/protobuf/ApiProto
2024-11-12 13:41:32,090 INFO  CreateClassResetClassAdapter - Found static initializer in class org/apache/hadoop/thirdparty/protobuf/ApiProto
2024-11-12 13:41:32,090 INFO  EvoClassLoader - Keeping class: org.apache.hadoop.thirdparty.protobuf.ApiProto
2024-11-12 13:41:32,090 INFO  EvoClassLoader - Seeing class for first time: org.apache.hadoop.thirdparty.protobuf.SourceContextProto$1
2024-11-12 13:41:32,090 INFO  EvoClassLoader - Instrumenting class 'org.apache.hadoop.thirdparty.protobuf.SourceContextProto$1'.
2024-11-12 13:41:32,090 INFO  MethodCallReplacementClassAdapter - Adding mock interface to class org/apache/hadoop/thirdparty/protobuf/SourceContextProto$1
2024-11-12 13:41:32,090 INFO  EvoClassLoader - Keeping class: org.apache.hadoop.thirdparty.protobuf.SourceContextProto$1
2024-11-12 13:41:32,090 INFO  EvoClassLoader - Seeing class for first time: org.apache.hadoop.thirdparty.protobuf.SourceContextProto
2024-11-12 13:41:32,090 INFO  EvoClassLoader - Instrumenting class 'org.apache.hadoop.thirdparty.protobuf.SourceContextProto'.
2024-11-12 13:41:32,090 INFO  MethodCallReplacementClassAdapter - Adding mock interface to class org/apache/hadoop/thirdparty/protobuf/SourceContextProto
2024-11-12 13:41:32,090 INFO  CreateClassResetClassAdapter - Found static initializer in class org/apache/hadoop/thirdparty/protobuf/SourceContextProto
2024-11-12 13:41:32,091 INFO  EvoClassLoader - Keeping class: org.apache.hadoop.thirdparty.protobuf.SourceContextProto
2024-11-12 13:41:32,091 INFO  EvoClassLoader - Seeing class for first time: org.apache.hadoop.thirdparty.protobuf.TypeProto$1
2024-11-12 13:41:32,091 INFO  EvoClassLoader - Instrumenting class 'org.apache.hadoop.thirdparty.protobuf.TypeProto$1'.
2024-11-12 13:41:32,091 INFO  MethodCallReplacementClassAdapter - Adding mock interface to class org/apache/hadoop/thirdparty/protobuf/TypeProto$1
2024-11-12 13:41:32,092 INFO  EvoClassLoader - Keeping class: org.apache.hadoop.thirdparty.protobuf.TypeProto$1
2024-11-12 13:41:32,092 INFO  EvoClassLoader - Seeing class for first time: org.apache.hadoop.thirdparty.protobuf.TypeProto
2024-11-12 13:41:32,092 INFO  EvoClassLoader - Instrumenting class 'org.apache.hadoop.thirdparty.protobuf.TypeProto'.
2024-11-12 13:41:32,092 INFO  MethodCallReplacementClassAdapter - Adding mock interface to class org/apache/hadoop/thirdparty/protobuf/TypeProto
2024-11-12 13:41:32,092 INFO  CreateClassResetClassAdapter - Found static initializer in class org/apache/hadoop/thirdparty/protobuf/TypeProto
2024-11-12 13:41:32,092 INFO  EvoClassLoader - Keeping class: org.apache.hadoop.thirdparty.protobuf.TypeProto
2024-11-12 13:41:32,092 INFO  EvoClassLoader - Seeing class for first time: org.apache.hadoop.thirdparty.protobuf.AnyProto$1
2024-11-12 13:41:32,092 INFO  EvoClassLoader - Instrumenting class 'org.apache.hadoop.thirdparty.protobuf.AnyProto$1'.
2024-11-12 13:41:32,092 INFO  MethodCallReplacementClassAdapter - Adding mock interface to class org/apache/hadoop/thirdparty/protobuf/AnyProto$1
2024-11-12 13:41:32,092 INFO  EvoClassLoader - Keeping class: org.apache.hadoop.thirdparty.protobuf.AnyProto$1
2024-11-12 13:41:32,092 INFO  EvoClassLoader - Seeing class for first time: org.apache.hadoop.thirdparty.protobuf.AnyProto
2024-11-12 13:41:32,092 INFO  EvoClassLoader - Instrumenting class 'org.apache.hadoop.thirdparty.protobuf.AnyProto'.
2024-11-12 13:41:32,093 INFO  MethodCallReplacementClassAdapter - Adding mock interface to class org/apache/hadoop/thirdparty/protobuf/AnyProto
2024-11-12 13:41:32,093 INFO  CreateClassResetClassAdapter - Found static initializer in class org/apache/hadoop/thirdparty/protobuf/AnyProto
2024-11-12 13:41:32,093 INFO  EvoClassLoader - Keeping class: org.apache.hadoop.thirdparty.protobuf.AnyProto
2024-11-12 13:41:32,097 INFO  EvoClassLoader - Seeing class for first time: org.apache.hadoop.thirdparty.protobuf.MessageReflection$ExtensionAdapter
2024-11-12 13:41:32,097 INFO  EvoClassLoader - Instrumenting class 'org.apache.hadoop.thirdparty.protobuf.MessageReflection$ExtensionAdapter'.
2024-11-12 13:41:32,097 INFO  MethodCallReplacementClassAdapter - Adding mock interface to class org/apache/hadoop/thirdparty/protobuf/MessageReflection$ExtensionAdapter
2024-11-12 13:41:32,097 INFO  CreateClassResetClassAdapter - Creating brand-new static initializer in class org/apache/hadoop/thirdparty/protobuf/MessageReflection$ExtensionAdapter
2024-11-12 13:41:32,098 INFO  EvoClassLoader - Keeping class: org.apache.hadoop.thirdparty.protobuf.MessageReflection$ExtensionAdapter
2024-11-12 13:41:32,098 INFO  EvoClassLoader - Seeing class for first time: org.apache.hadoop.thirdparty.protobuf.MessageReflection$MergeTarget$ContainerType
2024-11-12 13:41:32,098 INFO  EvoClassLoader - Instrumenting class 'org.apache.hadoop.thirdparty.protobuf.MessageReflection$MergeTarget$ContainerType'.
2024-11-12 13:41:32,098 INFO  MethodCallReplacementClassAdapter - Adding mock interface to class org/apache/hadoop/thirdparty/protobuf/MessageReflection$MergeTarget$ContainerType
2024-11-12 13:41:32,098 INFO  CreateClassResetClassAdapter - Found static initializer in class org/apache/hadoop/thirdparty/protobuf/MessageReflection$MergeTarget$ContainerType
2024-11-12 13:41:32,098 INFO  EvoClassLoader - Keeping class: org.apache.hadoop.thirdparty.protobuf.MessageReflection$MergeTarget$ContainerType
2024-11-12 13:41:32,098 INFO  EvoClassLoader - Seeing class for first time: com.ctc.wstx.io.WstxInputLocation
2024-11-12 13:41:32,098 INFO  EvoClassLoader - Instrumenting class 'com.ctc.wstx.io.WstxInputLocation'.
2024-11-12 13:41:32,099 INFO  MethodCallReplacementClassAdapter - Adding mock interface to class com/ctc/wstx/io/WstxInputLocation
2024-11-12 13:41:32,099 INFO  CreateClassResetClassAdapter - Found static initializer in class com/ctc/wstx/io/WstxInputLocation
2024-11-12 13:41:32,100 INFO  EvoClassLoader - Keeping class: com.ctc.wstx.io.WstxInputLocation
2024-11-12 13:41:32,100 INFO  EvoClassLoader - Seeing class for first time: org.codehaus.stax2.validation.XMLValidationProblem
2024-11-12 13:41:32,100 INFO  EvoClassLoader - Instrumenting class 'org.codehaus.stax2.validation.XMLValidationProblem'.
2024-11-12 13:41:32,100 INFO  MethodCallReplacementClassAdapter - Adding mock interface to class org/codehaus/stax2/validation/XMLValidationProblem
2024-11-12 13:41:32,101 INFO  CreateClassResetClassAdapter - Creating brand-new static initializer in class org/codehaus/stax2/validation/XMLValidationProblem
2024-11-12 13:41:32,101 INFO  CreateClassResetClassAdapter - Adding bytecode for initializing field SEVERITY_WARNING
2024-11-12 13:41:32,101 INFO  CreateClassResetClassAdapter - Adding bytecode for initializing field SEVERITY_ERROR
2024-11-12 13:41:32,101 INFO  CreateClassResetClassAdapter - Adding bytecode for initializing field SEVERITY_FATAL
2024-11-12 13:41:32,101 INFO  EvoClassLoader - Keeping class: org.codehaus.stax2.validation.XMLValidationProblem
2024-11-12 13:41:32,101 INFO  EvoClassLoader - Seeing class for first time: com.ctc.wstx.sr.ElemCallback
2024-11-12 13:41:32,101 INFO  EvoClassLoader - Instrumenting class 'com.ctc.wstx.sr.ElemCallback'.
2024-11-12 13:41:32,101 INFO  MethodCallReplacementClassAdapter - Adding mock interface to class com/ctc/wstx/sr/ElemCallback
2024-11-12 13:41:32,101 INFO  CreateClassResetClassAdapter - Creating brand-new static initializer in class com/ctc/wstx/sr/ElemCallback
2024-11-12 13:41:32,102 INFO  EvoClassLoader - Keeping class: com.ctc.wstx.sr.ElemCallback
2024-11-12 13:41:32,102 INFO  EvoClassLoader - Seeing class for first time: org.codehaus.stax2.ri.typed.ValueDecoderFactory
2024-11-12 13:41:32,102 INFO  EvoClassLoader - Instrumenting class 'org.codehaus.stax2.ri.typed.ValueDecoderFactory'.
2024-11-12 13:41:32,102 INFO  MethodCallReplacementClassAdapter - Adding mock interface to class org/codehaus/stax2/ri/typed/ValueDecoderFactory
2024-11-12 13:41:32,102 INFO  CreateClassResetClassAdapter - Creating brand-new static initializer in class org/codehaus/stax2/ri/typed/ValueDecoderFactory
2024-11-12 13:41:32,103 INFO  EvoClassLoader - Keeping class: org.codehaus.stax2.ri.typed.ValueDecoderFactory
2024-11-12 13:41:32,103 INFO  EvoClassLoader - Seeing class for first time: org.codehaus.stax2.ri.typed.CharArrayBase64Decoder
2024-11-12 13:41:32,103 INFO  EvoClassLoader - Instrumenting class 'org.codehaus.stax2.ri.typed.CharArrayBase64Decoder'.
2024-11-12 13:41:32,103 INFO  MethodCallReplacementClassAdapter - Adding mock interface to class org/codehaus/stax2/ri/typed/CharArrayBase64Decoder
2024-11-12 13:41:32,104 INFO  CreateClassResetClassAdapter - Creating brand-new static initializer in class org/codehaus/stax2/ri/typed/CharArrayBase64Decoder
2024-11-12 13:41:32,105 INFO  EvoClassLoader - Seeing class for first time: org.codehaus.stax2.ri.typed.Base64DecoderBase
2024-11-12 13:41:32,105 INFO  EvoClassLoader - Instrumenting class 'org.codehaus.stax2.ri.typed.Base64DecoderBase'.
2024-11-12 13:41:32,105 INFO  MethodCallReplacementClassAdapter - Adding mock interface to class org/codehaus/stax2/ri/typed/Base64DecoderBase
2024-11-12 13:41:32,106 INFO  CreateClassResetClassAdapter - Creating brand-new static initializer in class org/codehaus/stax2/ri/typed/Base64DecoderBase
2024-11-12 13:41:32,106 INFO  CreateClassResetClassAdapter - Adding bytecode for initializing field STATE_INITIAL
2024-11-12 13:41:32,106 INFO  CreateClassResetClassAdapter - Adding bytecode for initializing field STATE_VALID_1
2024-11-12 13:41:32,106 INFO  CreateClassResetClassAdapter - Adding bytecode for initializing field STATE_VALID_2
2024-11-12 13:41:32,106 INFO  CreateClassResetClassAdapter - Adding bytecode for initializing field STATE_VALID_3
2024-11-12 13:41:32,106 INFO  CreateClassResetClassAdapter - Adding bytecode for initializing field STATE_OUTPUT_3
2024-11-12 13:41:32,106 INFO  CreateClassResetClassAdapter - Adding bytecode for initializing field STATE_OUTPUT_2
2024-11-12 13:41:32,106 INFO  CreateClassResetClassAdapter - Adding bytecode for initializing field STATE_OUTPUT_1
2024-11-12 13:41:32,106 INFO  CreateClassResetClassAdapter - Adding bytecode for initializing field STATE_VALID_2_AND_PADDING
2024-11-12 13:41:32,106 INFO  CreateClassResetClassAdapter - Adding bytecode for initializing field INT_SPACE
2024-11-12 13:41:32,106 INFO  EvoClassLoader - Keeping class: org.codehaus.stax2.ri.typed.Base64DecoderBase
2024-11-12 13:41:32,106 INFO  EvoClassLoader - Keeping class: org.codehaus.stax2.ri.typed.CharArrayBase64Decoder
2024-11-12 13:41:32,107 INFO  EvoClassLoader - Seeing class for first time: com.ctc.wstx.sw.XmlWriter
2024-11-12 13:41:32,107 INFO  EvoClassLoader - Instrumenting class 'com.ctc.wstx.sw.XmlWriter'.
2024-11-12 13:41:32,107 INFO  MethodCallReplacementClassAdapter - Adding mock interface to class com/ctc/wstx/sw/XmlWriter
2024-11-12 13:41:32,108 INFO  CreateClassResetClassAdapter - Creating brand-new static initializer in class com/ctc/wstx/sw/XmlWriter
2024-11-12 13:41:32,108 INFO  CreateClassResetClassAdapter - Adding bytecode for initializing field SURR1_FIRST
2024-11-12 13:41:32,108 INFO  CreateClassResetClassAdapter - Adding bytecode for initializing field SURR1_LAST
2024-11-12 13:41:32,108 INFO  CreateClassResetClassAdapter - Adding bytecode for initializing field SURR2_FIRST
2024-11-12 13:41:32,108 INFO  CreateClassResetClassAdapter - Adding bytecode for initializing field SURR2_LAST
2024-11-12 13:41:32,108 INFO  CreateClassResetClassAdapter - Adding bytecode for initializing field DEFAULT_QUOTE_CHAR
2024-11-12 13:41:32,108 INFO  EvoClassLoader - Defined package (3): package com.ctc.wstx.sw, 1195124713
2024-11-12 13:41:32,108 INFO  EvoClassLoader - Keeping class: com.ctc.wstx.sw.XmlWriter
2024-11-12 13:41:32,108 INFO  EvoClassLoader - Seeing class for first time: com.ctc.wstx.sr.Attribute
2024-11-12 13:41:32,108 INFO  EvoClassLoader - Instrumenting class 'com.ctc.wstx.sr.Attribute'.
2024-11-12 13:41:32,108 INFO  MethodCallReplacementClassAdapter - Adding mock interface to class com/ctc/wstx/sr/Attribute
2024-11-12 13:41:32,108 INFO  CreateClassResetClassAdapter - Creating brand-new static initializer in class com/ctc/wstx/sr/Attribute
2024-11-12 13:41:32,108 INFO  EvoClassLoader - Keeping class: com.ctc.wstx.sr.Attribute
2024-11-12 13:41:32,108 INFO  EvoClassLoader - Seeing class for first time: com.ctc.wstx.sr.ElemAttrs
2024-11-12 13:41:32,108 INFO  EvoClassLoader - Instrumenting class 'com.ctc.wstx.sr.ElemAttrs'.
2024-11-12 13:41:32,109 INFO  MethodCallReplacementClassAdapter - Adding mock interface to class com/ctc/wstx/sr/ElemAttrs
2024-11-12 13:41:32,109 INFO  CreateClassResetClassAdapter - Creating brand-new static initializer in class com/ctc/wstx/sr/ElemAttrs
2024-11-12 13:41:32,109 INFO  CreateClassResetClassAdapter - Adding bytecode for initializing field OFFSET_NS_URI
2024-11-12 13:41:32,109 INFO  EvoClassLoader - Keeping class: com.ctc.wstx.sr.ElemAttrs
2024-11-12 13:41:32,109 INFO  EvoClassLoader - Seeing class for first time: org.apache.hadoop.thirdparty.com.google.common.collect.Interners$InternerFunction
2024-11-12 13:41:32,109 INFO  EvoClassLoader - Instrumenting class 'org.apache.hadoop.thirdparty.com.google.common.collect.Interners$InternerFunction'.
2024-11-12 13:41:32,109 INFO  MethodCallReplacementClassAdapter - Adding mock interface to class org/apache/hadoop/thirdparty/com/google/common/collect/Interners$InternerFunction
2024-11-12 13:41:32,109 INFO  CreateClassResetClassAdapter - Creating brand-new static initializer in class org/apache/hadoop/thirdparty/com/google/common/collect/Interners$InternerFunction
2024-11-12 13:41:32,109 INFO  EvoClassLoader - Keeping class: org.apache.hadoop.thirdparty.com.google.common.collect.Interners$InternerFunction
2024-11-12 13:41:32,109 INFO  EvoClassLoader - Seeing class for first time: org.apache.hadoop.thirdparty.com.google.common.base.Equivalence$Wrapper
2024-11-12 13:41:32,109 INFO  EvoClassLoader - Instrumenting class 'org.apache.hadoop.thirdparty.com.google.common.base.Equivalence$Wrapper'.
2024-11-12 13:41:32,110 INFO  MethodCallReplacementClassAdapter - Adding mock interface to class org/apache/hadoop/thirdparty/com/google/common/base/Equivalence$Wrapper
2024-11-12 13:41:32,110 INFO  CreateClassResetClassAdapter - Creating brand-new static initializer in class org/apache/hadoop/thirdparty/com/google/common/base/Equivalence$Wrapper
2024-11-12 13:41:32,110 INFO  EvoClassLoader - Keeping class: org.apache.hadoop.thirdparty.com.google.common.base.Equivalence$Wrapper
2024-11-12 13:41:32,110 INFO  EvoClassLoader - Seeing class for first time: org.apache.hadoop.thirdparty.com.google.common.collect.MapMakerInternalMap$SerializationProxy
2024-11-12 13:41:32,110 INFO  EvoClassLoader - Instrumenting class 'org.apache.hadoop.thirdparty.com.google.common.collect.MapMakerInternalMap$SerializationProxy'.
2024-11-12 13:41:32,111 INFO  MethodCallReplacementClassAdapter - Adding mock interface to class org/apache/hadoop/thirdparty/com/google/common/collect/MapMakerInternalMap$SerializationProxy
2024-11-12 13:41:32,111 INFO  CreateClassResetClassAdapter - Creating brand-new static initializer in class org/apache/hadoop/thirdparty/com/google/common/collect/MapMakerInternalMap$SerializationProxy
2024-11-12 13:41:32,111 INFO  EvoClassLoader - Seeing class for first time: org.apache.hadoop.thirdparty.com.google.common.collect.MapMakerInternalMap$AbstractSerializationProxy
2024-11-12 13:41:32,111 INFO  EvoClassLoader - Instrumenting class 'org.apache.hadoop.thirdparty.com.google.common.collect.MapMakerInternalMap$AbstractSerializationProxy'.
2024-11-12 13:41:32,111 INFO  MethodCallReplacementClassAdapter - Adding mock interface to class org/apache/hadoop/thirdparty/com/google/common/collect/MapMakerInternalMap$AbstractSerializationProxy
2024-11-12 13:41:32,111 INFO  CreateClassResetClassAdapter - Creating brand-new static initializer in class org/apache/hadoop/thirdparty/com/google/common/collect/MapMakerInternalMap$AbstractSerializationProxy
2024-11-12 13:41:32,111 INFO  EvoClassLoader - Seeing class for first time: org.apache.hadoop.thirdparty.com.google.common.collect.ForwardingConcurrentMap
2024-11-12 13:41:32,111 INFO  EvoClassLoader - Instrumenting class 'org.apache.hadoop.thirdparty.com.google.common.collect.ForwardingConcurrentMap'.
2024-11-12 13:41:32,112 INFO  MethodCallReplacementClassAdapter - Adding mock interface to class org/apache/hadoop/thirdparty/com/google/common/collect/ForwardingConcurrentMap
2024-11-12 13:41:32,112 INFO  CreateClassResetClassAdapter - Creating brand-new static initializer in class org/apache/hadoop/thirdparty/com/google/common/collect/ForwardingConcurrentMap
2024-11-12 13:41:32,112 INFO  EvoClassLoader - Seeing class for first time: org.apache.hadoop.thirdparty.com.google.common.collect.ForwardingMap
2024-11-12 13:41:32,112 INFO  EvoClassLoader - Instrumenting class 'org.apache.hadoop.thirdparty.com.google.common.collect.ForwardingMap'.
2024-11-12 13:41:32,112 INFO  MethodCallReplacementClassAdapter - Adding mock interface to class org/apache/hadoop/thirdparty/com/google/common/collect/ForwardingMap
2024-11-12 13:41:32,112 INFO  CreateClassResetClassAdapter - Creating brand-new static initializer in class org/apache/hadoop/thirdparty/com/google/common/collect/ForwardingMap
2024-11-12 13:41:32,112 INFO  EvoClassLoader - Seeing class for first time: org.apache.hadoop.thirdparty.com.google.common.collect.ForwardingObject
2024-11-12 13:41:32,112 INFO  EvoClassLoader - Instrumenting class 'org.apache.hadoop.thirdparty.com.google.common.collect.ForwardingObject'.
2024-11-12 13:41:32,113 INFO  MethodCallReplacementClassAdapter - Adding mock interface to class org/apache/hadoop/thirdparty/com/google/common/collect/ForwardingObject
2024-11-12 13:41:32,113 INFO  CreateClassResetClassAdapter - Creating brand-new static initializer in class org/apache/hadoop/thirdparty/com/google/common/collect/ForwardingObject
2024-11-12 13:41:32,113 INFO  EvoClassLoader - Keeping class: org.apache.hadoop.thirdparty.com.google.common.collect.ForwardingObject
2024-11-12 13:41:32,113 INFO  EvoClassLoader - Keeping class: org.apache.hadoop.thirdparty.com.google.common.collect.ForwardingMap
2024-11-12 13:41:32,113 INFO  EvoClassLoader - Keeping class: org.apache.hadoop.thirdparty.com.google.common.collect.ForwardingConcurrentMap
2024-11-12 13:41:32,113 INFO  EvoClassLoader - Keeping class: org.apache.hadoop.thirdparty.com.google.common.collect.MapMakerInternalMap$AbstractSerializationProxy
2024-11-12 13:41:32,113 INFO  EvoClassLoader - Keeping class: org.apache.hadoop.thirdparty.com.google.common.collect.MapMakerInternalMap$SerializationProxy
2024-11-12 13:41:32,113 INFO  EvoClassLoader - Seeing class for first time: org.apache.hadoop.thirdparty.com.google.common.collect.MapMakerInternalMap$SafeToArraySet
2024-11-12 13:41:32,113 INFO  EvoClassLoader - Instrumenting class 'org.apache.hadoop.thirdparty.com.google.common.collect.MapMakerInternalMap$SafeToArraySet'.
2024-11-12 13:41:32,113 INFO  MethodCallReplacementClassAdapter - Adding mock interface to class org/apache/hadoop/thirdparty/com/google/common/collect/MapMakerInternalMap$SafeToArraySet
2024-11-12 13:41:32,113 INFO  CreateClassResetClassAdapter - Creating brand-new static initializer in class org/apache/hadoop/thirdparty/com/google/common/collect/MapMakerInternalMap$SafeToArraySet
2024-11-12 13:41:32,113 INFO  EvoClassLoader - Keeping class: org.apache.hadoop.thirdparty.com.google.common.collect.MapMakerInternalMap$SafeToArraySet
2024-11-12 13:41:32,113 INFO  EvoClassLoader - Seeing class for first time: org.apache.hadoop.thirdparty.com.google.common.collect.MapMakerInternalMap$EntrySet
2024-11-12 13:41:32,113 INFO  EvoClassLoader - Instrumenting class 'org.apache.hadoop.thirdparty.com.google.common.collect.MapMakerInternalMap$EntrySet'.
2024-11-12 13:41:32,113 INFO  MethodCallReplacementClassAdapter - Adding mock interface to class org/apache/hadoop/thirdparty/com/google/common/collect/MapMakerInternalMap$EntrySet
2024-11-12 13:41:32,113 INFO  CreateClassResetClassAdapter - Creating brand-new static initializer in class org/apache/hadoop/thirdparty/com/google/common/collect/MapMakerInternalMap$EntrySet
2024-11-12 13:41:32,114 INFO  EvoClassLoader - Keeping class: org.apache.hadoop.thirdparty.com.google.common.collect.MapMakerInternalMap$EntrySet
2024-11-12 13:41:32,114 INFO  EvoClassLoader - Seeing class for first time: org.apache.hadoop.thirdparty.com.google.common.collect.MapMakerInternalMap$Values
2024-11-12 13:41:32,114 INFO  EvoClassLoader - Instrumenting class 'org.apache.hadoop.thirdparty.com.google.common.collect.MapMakerInternalMap$Values'.
2024-11-12 13:41:32,114 INFO  MethodCallReplacementClassAdapter - Adding mock interface to class org/apache/hadoop/thirdparty/com/google/common/collect/MapMakerInternalMap$Values
2024-11-12 13:41:32,114 INFO  CreateClassResetClassAdapter - Creating brand-new static initializer in class org/apache/hadoop/thirdparty/com/google/common/collect/MapMakerInternalMap$Values
2024-11-12 13:41:32,114 INFO  EvoClassLoader - Keeping class: org.apache.hadoop.thirdparty.com.google.common.collect.MapMakerInternalMap$Values
2024-11-12 13:41:32,114 INFO  EvoClassLoader - Seeing class for first time: org.apache.hadoop.thirdparty.com.google.common.collect.MapMakerInternalMap$KeySet
2024-11-12 13:41:32,114 INFO  EvoClassLoader - Instrumenting class 'org.apache.hadoop.thirdparty.com.google.common.collect.MapMakerInternalMap$KeySet'.
2024-11-12 13:41:32,114 INFO  MethodCallReplacementClassAdapter - Adding mock interface to class org/apache/hadoop/thirdparty/com/google/common/collect/MapMakerInternalMap$KeySet
2024-11-12 13:41:32,114 INFO  CreateClassResetClassAdapter - Creating brand-new static initializer in class org/apache/hadoop/thirdparty/com/google/common/collect/MapMakerInternalMap$KeySet
2024-11-12 13:41:32,114 INFO  EvoClassLoader - Keeping class: org.apache.hadoop.thirdparty.com.google.common.collect.MapMakerInternalMap$KeySet
2024-11-12 13:41:32,114 INFO  EvoClassLoader - Seeing class for first time: org.apache.hadoop.thirdparty.com.google.common.collect.MapMakerInternalMap$EntryIterator
2024-11-12 13:41:32,114 INFO  EvoClassLoader - Instrumenting class 'org.apache.hadoop.thirdparty.com.google.common.collect.MapMakerInternalMap$EntryIterator'.
2024-11-12 13:41:32,115 INFO  MethodCallReplacementClassAdapter - Adding mock interface to class org/apache/hadoop/thirdparty/com/google/common/collect/MapMakerInternalMap$EntryIterator
2024-11-12 13:41:32,115 INFO  CreateClassResetClassAdapter - Creating brand-new static initializer in class org/apache/hadoop/thirdparty/com/google/common/collect/MapMakerInternalMap$EntryIterator
2024-11-12 13:41:32,115 INFO  EvoClassLoader - Seeing class for first time: org.apache.hadoop.thirdparty.com.google.common.collect.MapMakerInternalMap$HashIterator
2024-11-12 13:41:32,115 INFO  EvoClassLoader - Instrumenting class 'org.apache.hadoop.thirdparty.com.google.common.collect.MapMakerInternalMap$HashIterator'.
2024-11-12 13:41:32,115 INFO  MethodCallReplacementClassAdapter - Adding mock interface to class org/apache/hadoop/thirdparty/com/google/common/collect/MapMakerInternalMap$HashIterator
2024-11-12 13:41:32,115 INFO  CreateClassResetClassAdapter - Creating brand-new static initializer in class org/apache/hadoop/thirdparty/com/google/common/collect/MapMakerInternalMap$HashIterator
2024-11-12 13:41:32,115 INFO  EvoClassLoader - Keeping class: org.apache.hadoop.thirdparty.com.google.common.collect.MapMakerInternalMap$HashIterator
2024-11-12 13:41:32,115 INFO  EvoClassLoader - Keeping class: org.apache.hadoop.thirdparty.com.google.common.collect.MapMakerInternalMap$EntryIterator
2024-11-12 13:41:32,115 INFO  EvoClassLoader - Seeing class for first time: org.apache.hadoop.thirdparty.com.google.common.collect.MapMakerInternalMap$WriteThroughEntry
2024-11-12 13:41:32,115 INFO  EvoClassLoader - Instrumenting class 'org.apache.hadoop.thirdparty.com.google.common.collect.MapMakerInternalMap$WriteThroughEntry'.
2024-11-12 13:41:32,116 INFO  MethodCallReplacementClassAdapter - Adding mock interface to class org/apache/hadoop/thirdparty/com/google/common/collect/MapMakerInternalMap$WriteThroughEntry
2024-11-12 13:41:32,116 INFO  CreateClassResetClassAdapter - Creating brand-new static initializer in class org/apache/hadoop/thirdparty/com/google/common/collect/MapMakerInternalMap$WriteThroughEntry
2024-11-12 13:41:32,116 INFO  EvoClassLoader - Seeing class for first time: org.apache.hadoop.thirdparty.com.google.common.collect.AbstractMapEntry
2024-11-12 13:41:32,116 INFO  EvoClassLoader - Instrumenting class 'org.apache.hadoop.thirdparty.com.google.common.collect.AbstractMapEntry'.
2024-11-12 13:41:32,116 INFO  MethodCallReplacementClassAdapter - Adding mock interface to class org/apache/hadoop/thirdparty/com/google/common/collect/AbstractMapEntry
2024-11-12 13:41:32,116 INFO  CreateClassResetClassAdapter - Creating brand-new static initializer in class org/apache/hadoop/thirdparty/com/google/common/collect/AbstractMapEntry
2024-11-12 13:41:32,116 INFO  EvoClassLoader - Keeping class: org.apache.hadoop.thirdparty.com.google.common.collect.AbstractMapEntry
2024-11-12 13:41:32,116 INFO  EvoClassLoader - Keeping class: org.apache.hadoop.thirdparty.com.google.common.collect.MapMakerInternalMap$WriteThroughEntry
2024-11-12 13:41:32,116 INFO  EvoClassLoader - Seeing class for first time: org.apache.hadoop.thirdparty.com.google.common.collect.MapMakerInternalMap$ValueIterator
2024-11-12 13:41:32,116 INFO  EvoClassLoader - Instrumenting class 'org.apache.hadoop.thirdparty.com.google.common.collect.MapMakerInternalMap$ValueIterator'.
2024-11-12 13:41:32,117 INFO  MethodCallReplacementClassAdapter - Adding mock interface to class org/apache/hadoop/thirdparty/com/google/common/collect/MapMakerInternalMap$ValueIterator
2024-11-12 13:41:32,117 INFO  CreateClassResetClassAdapter - Creating brand-new static initializer in class org/apache/hadoop/thirdparty/com/google/common/collect/MapMakerInternalMap$ValueIterator
2024-11-12 13:41:32,117 INFO  EvoClassLoader - Keeping class: org.apache.hadoop.thirdparty.com.google.common.collect.MapMakerInternalMap$ValueIterator
2024-11-12 13:41:32,117 INFO  EvoClassLoader - Seeing class for first time: org.apache.hadoop.thirdparty.com.google.common.collect.MapMakerInternalMap$KeyIterator
2024-11-12 13:41:32,117 INFO  EvoClassLoader - Instrumenting class 'org.apache.hadoop.thirdparty.com.google.common.collect.MapMakerInternalMap$KeyIterator'.
2024-11-12 13:41:32,117 INFO  MethodCallReplacementClassAdapter - Adding mock interface to class org/apache/hadoop/thirdparty/com/google/common/collect/MapMakerInternalMap$KeyIterator
2024-11-12 13:41:32,117 INFO  CreateClassResetClassAdapter - Creating brand-new static initializer in class org/apache/hadoop/thirdparty/com/google/common/collect/MapMakerInternalMap$KeyIterator
2024-11-12 13:41:32,117 INFO  EvoClassLoader - Keeping class: org.apache.hadoop.thirdparty.com.google.common.collect.MapMakerInternalMap$KeyIterator
2024-11-12 13:41:32,117 INFO  EvoClassLoader - Seeing class for first time: org.apache.hadoop.thirdparty.com.google.common.collect.MapMakerInternalMap$CleanupMapTask
2024-11-12 13:41:32,117 INFO  EvoClassLoader - Instrumenting class 'org.apache.hadoop.thirdparty.com.google.common.collect.MapMakerInternalMap$CleanupMapTask'.
2024-11-12 13:41:32,117 INFO  MethodCallReplacementClassAdapter - Adding mock interface to class org/apache/hadoop/thirdparty/com/google/common/collect/MapMakerInternalMap$CleanupMapTask
2024-11-12 13:41:32,117 INFO  CreateClassResetClassAdapter - Creating brand-new static initializer in class org/apache/hadoop/thirdparty/com/google/common/collect/MapMakerInternalMap$CleanupMapTask
2024-11-12 13:41:32,117 INFO  EvoClassLoader - Keeping class: org.apache.hadoop.thirdparty.com.google.common.collect.MapMakerInternalMap$CleanupMapTask
2024-11-12 13:41:32,117 INFO  EvoClassLoader - Seeing class for first time: org.apache.hadoop.thirdparty.com.google.common.collect.MapMakerInternalMap$WeakKeyDummyValueSegment
2024-11-12 13:41:32,117 INFO  EvoClassLoader - Instrumenting class 'org.apache.hadoop.thirdparty.com.google.common.collect.MapMakerInternalMap$WeakKeyDummyValueSegment'.
2024-11-12 13:41:32,117 INFO  MethodCallReplacementClassAdapter - Adding mock interface to class org/apache/hadoop/thirdparty/com/google/common/collect/MapMakerInternalMap$WeakKeyDummyValueSegment
2024-11-12 13:41:32,118 INFO  CreateClassResetClassAdapter - Creating brand-new static initializer in class org/apache/hadoop/thirdparty/com/google/common/collect/MapMakerInternalMap$WeakKeyDummyValueSegment
2024-11-12 13:41:32,118 INFO  EvoClassLoader - Keeping class: org.apache.hadoop.thirdparty.com.google.common.collect.MapMakerInternalMap$WeakKeyDummyValueSegment
2024-11-12 13:41:32,118 INFO  EvoClassLoader - Seeing class for first time: org.apache.hadoop.thirdparty.com.google.common.collect.MapMakerInternalMap$WeakKeyWeakValueSegment
2024-11-12 13:41:32,118 INFO  EvoClassLoader - Instrumenting class 'org.apache.hadoop.thirdparty.com.google.common.collect.MapMakerInternalMap$WeakKeyWeakValueSegment'.
2024-11-12 13:41:32,118 INFO  MethodCallReplacementClassAdapter - Adding mock interface to class org/apache/hadoop/thirdparty/com/google/common/collect/MapMakerInternalMap$WeakKeyWeakValueSegment
2024-11-12 13:41:32,118 INFO  CreateClassResetClassAdapter - Creating brand-new static initializer in class org/apache/hadoop/thirdparty/com/google/common/collect/MapMakerInternalMap$WeakKeyWeakValueSegment
2024-11-12 13:41:32,118 INFO  EvoClassLoader - Keeping class: org.apache.hadoop.thirdparty.com.google.common.collect.MapMakerInternalMap$WeakKeyWeakValueSegment
2024-11-12 13:41:32,118 INFO  EvoClassLoader - Seeing class for first time: org.apache.hadoop.thirdparty.com.google.common.collect.MapMakerInternalMap$WeakKeyStrongValueSegment
2024-11-12 13:41:32,118 INFO  EvoClassLoader - Instrumenting class 'org.apache.hadoop.thirdparty.com.google.common.collect.MapMakerInternalMap$WeakKeyStrongValueSegment'.
2024-11-12 13:41:32,118 INFO  MethodCallReplacementClassAdapter - Adding mock interface to class org/apache/hadoop/thirdparty/com/google/common/collect/MapMakerInternalMap$WeakKeyStrongValueSegment
2024-11-12 13:41:32,118 INFO  CreateClassResetClassAdapter - Creating brand-new static initializer in class org/apache/hadoop/thirdparty/com/google/common/collect/MapMakerInternalMap$WeakKeyStrongValueSegment
2024-11-12 13:41:32,119 INFO  EvoClassLoader - Keeping class: org.apache.hadoop.thirdparty.com.google.common.collect.MapMakerInternalMap$WeakKeyStrongValueSegment
2024-11-12 13:41:32,119 INFO  EvoClassLoader - Seeing class for first time: org.apache.hadoop.thirdparty.com.google.common.collect.MapMakerInternalMap$StrongKeyWeakValueSegment
2024-11-12 13:41:32,119 INFO  EvoClassLoader - Instrumenting class 'org.apache.hadoop.thirdparty.com.google.common.collect.MapMakerInternalMap$StrongKeyWeakValueSegment'.
2024-11-12 13:41:32,119 INFO  MethodCallReplacementClassAdapter - Adding mock interface to class org/apache/hadoop/thirdparty/com/google/common/collect/MapMakerInternalMap$StrongKeyWeakValueSegment
2024-11-12 13:41:32,119 INFO  CreateClassResetClassAdapter - Creating brand-new static initializer in class org/apache/hadoop/thirdparty/com/google/common/collect/MapMakerInternalMap$StrongKeyWeakValueSegment
2024-11-12 13:41:32,119 INFO  EvoClassLoader - Keeping class: org.apache.hadoop.thirdparty.com.google.common.collect.MapMakerInternalMap$StrongKeyWeakValueSegment
2024-11-12 13:41:32,119 INFO  EvoClassLoader - Seeing class for first time: org.apache.hadoop.thirdparty.com.google.common.collect.MapMakerInternalMap$StrongKeyStrongValueSegment
2024-11-12 13:41:32,119 INFO  EvoClassLoader - Instrumenting class 'org.apache.hadoop.thirdparty.com.google.common.collect.MapMakerInternalMap$StrongKeyStrongValueSegment'.
2024-11-12 13:41:32,119 INFO  MethodCallReplacementClassAdapter - Adding mock interface to class org/apache/hadoop/thirdparty/com/google/common/collect/MapMakerInternalMap$StrongKeyStrongValueSegment
2024-11-12 13:41:32,119 INFO  CreateClassResetClassAdapter - Creating brand-new static initializer in class org/apache/hadoop/thirdparty/com/google/common/collect/MapMakerInternalMap$StrongKeyStrongValueSegment
2024-11-12 13:41:32,119 INFO  EvoClassLoader - Keeping class: org.apache.hadoop.thirdparty.com.google.common.collect.MapMakerInternalMap$StrongKeyStrongValueSegment
2024-11-12 13:41:32,119 INFO  EvoClassLoader - Seeing class for first time: org.apache.hadoop.thirdparty.com.google.common.collect.MapMakerInternalMap$WeakValueReferenceImpl
2024-11-12 13:41:32,119 INFO  EvoClassLoader - Instrumenting class 'org.apache.hadoop.thirdparty.com.google.common.collect.MapMakerInternalMap$WeakValueReferenceImpl'.
2024-11-12 13:41:32,119 INFO  MethodCallReplacementClassAdapter - Adding mock interface to class org/apache/hadoop/thirdparty/com/google/common/collect/MapMakerInternalMap$WeakValueReferenceImpl
2024-11-12 13:41:32,119 INFO  CreateClassResetClassAdapter - Creating brand-new static initializer in class org/apache/hadoop/thirdparty/com/google/common/collect/MapMakerInternalMap$WeakValueReferenceImpl
2024-11-12 13:41:32,120 INFO  EvoClassLoader - Keeping class: org.apache.hadoop.thirdparty.com.google.common.collect.MapMakerInternalMap$WeakValueReferenceImpl
2024-11-12 13:41:32,120 INFO  EvoClassLoader - Seeing class for first time: org.apache.hadoop.thirdparty.com.google.common.collect.MapMakerInternalMap$DummyInternalEntry
2024-11-12 13:41:32,120 INFO  EvoClassLoader - Instrumenting class 'org.apache.hadoop.thirdparty.com.google.common.collect.MapMakerInternalMap$DummyInternalEntry'.
2024-11-12 13:41:32,120 INFO  MethodCallReplacementClassAdapter - Adding mock interface to class org/apache/hadoop/thirdparty/com/google/common/collect/MapMakerInternalMap$DummyInternalEntry
2024-11-12 13:41:32,120 INFO  CreateClassResetClassAdapter - Creating brand-new static initializer in class org/apache/hadoop/thirdparty/com/google/common/collect/MapMakerInternalMap$DummyInternalEntry
2024-11-12 13:41:32,120 INFO  EvoClassLoader - Keeping class: org.apache.hadoop.thirdparty.com.google.common.collect.MapMakerInternalMap$DummyInternalEntry
2024-11-12 13:41:32,120 INFO  EvoClassLoader - Seeing class for first time: org.apache.hadoop.thirdparty.com.google.common.collect.MapMakerInternalMap$WeakKeyWeakValueEntry
2024-11-12 13:41:32,120 INFO  EvoClassLoader - Instrumenting class 'org.apache.hadoop.thirdparty.com.google.common.collect.MapMakerInternalMap$WeakKeyWeakValueEntry'.
2024-11-12 13:41:32,120 INFO  MethodCallReplacementClassAdapter - Adding mock interface to class org/apache/hadoop/thirdparty/com/google/common/collect/MapMakerInternalMap$WeakKeyWeakValueEntry
2024-11-12 13:41:32,120 INFO  CreateClassResetClassAdapter - Creating brand-new static initializer in class org/apache/hadoop/thirdparty/com/google/common/collect/MapMakerInternalMap$WeakKeyWeakValueEntry
2024-11-12 13:41:32,120 INFO  EvoClassLoader - Seeing class for first time: org.apache.hadoop.thirdparty.com.google.common.collect.MapMakerInternalMap$WeakValueEntry
2024-11-12 13:41:32,120 INFO  EvoClassLoader - Instrumenting class 'org.apache.hadoop.thirdparty.com.google.common.collect.MapMakerInternalMap$WeakValueEntry'.
2024-11-12 13:41:32,121 INFO  EvoClassLoader - Keeping class: org.apache.hadoop.thirdparty.com.google.common.collect.MapMakerInternalMap$WeakValueEntry
2024-11-12 13:41:32,121 INFO  EvoClassLoader - Seeing class for first time: org.apache.hadoop.thirdparty.com.google.common.collect.MapMakerInternalMap$AbstractWeakKeyEntry
2024-11-12 13:41:32,121 INFO  EvoClassLoader - Instrumenting class 'org.apache.hadoop.thirdparty.com.google.common.collect.MapMakerInternalMap$AbstractWeakKeyEntry'.
2024-11-12 13:41:32,121 INFO  MethodCallReplacementClassAdapter - Adding mock interface to class org/apache/hadoop/thirdparty/com/google/common/collect/MapMakerInternalMap$AbstractWeakKeyEntry
2024-11-12 13:41:32,121 INFO  CreateClassResetClassAdapter - Creating brand-new static initializer in class org/apache/hadoop/thirdparty/com/google/common/collect/MapMakerInternalMap$AbstractWeakKeyEntry
2024-11-12 13:41:32,121 INFO  EvoClassLoader - Keeping class: org.apache.hadoop.thirdparty.com.google.common.collect.MapMakerInternalMap$AbstractWeakKeyEntry
2024-11-12 13:41:32,121 INFO  EvoClassLoader - Keeping class: org.apache.hadoop.thirdparty.com.google.common.collect.MapMakerInternalMap$WeakKeyWeakValueEntry
2024-11-12 13:41:32,121 INFO  EvoClassLoader - Seeing class for first time: org.apache.hadoop.thirdparty.com.google.common.collect.MapMakerInternalMap$WeakKeyStrongValueEntry
2024-11-12 13:41:32,121 INFO  EvoClassLoader - Instrumenting class 'org.apache.hadoop.thirdparty.com.google.common.collect.MapMakerInternalMap$WeakKeyStrongValueEntry'.
2024-11-12 13:41:32,121 INFO  MethodCallReplacementClassAdapter - Adding mock interface to class org/apache/hadoop/thirdparty/com/google/common/collect/MapMakerInternalMap$WeakKeyStrongValueEntry
2024-11-12 13:41:32,121 INFO  CreateClassResetClassAdapter - Creating brand-new static initializer in class org/apache/hadoop/thirdparty/com/google/common/collect/MapMakerInternalMap$WeakKeyStrongValueEntry
2024-11-12 13:41:32,121 INFO  EvoClassLoader - Seeing class for first time: org.apache.hadoop.thirdparty.com.google.common.collect.MapMakerInternalMap$StrongValueEntry
2024-11-12 13:41:32,121 INFO  EvoClassLoader - Instrumenting class 'org.apache.hadoop.thirdparty.com.google.common.collect.MapMakerInternalMap$StrongValueEntry'.
2024-11-12 13:41:32,121 INFO  EvoClassLoader - Keeping class: org.apache.hadoop.thirdparty.com.google.common.collect.MapMakerInternalMap$StrongValueEntry
2024-11-12 13:41:32,121 INFO  EvoClassLoader - Keeping class: org.apache.hadoop.thirdparty.com.google.common.collect.MapMakerInternalMap$WeakKeyStrongValueEntry
2024-11-12 13:41:32,121 INFO  EvoClassLoader - Seeing class for first time: org.apache.hadoop.thirdparty.com.google.common.collect.MapMakerInternalMap$WeakKeyDummyValueEntry
2024-11-12 13:41:32,121 INFO  EvoClassLoader - Instrumenting class 'org.apache.hadoop.thirdparty.com.google.common.collect.MapMakerInternalMap$WeakKeyDummyValueEntry'.
2024-11-12 13:41:32,122 INFO  MethodCallReplacementClassAdapter - Adding mock interface to class org/apache/hadoop/thirdparty/com/google/common/collect/MapMakerInternalMap$WeakKeyDummyValueEntry
2024-11-12 13:41:32,122 INFO  CreateClassResetClassAdapter - Creating brand-new static initializer in class org/apache/hadoop/thirdparty/com/google/common/collect/MapMakerInternalMap$WeakKeyDummyValueEntry
2024-11-12 13:41:32,122 INFO  EvoClassLoader - Keeping class: org.apache.hadoop.thirdparty.com.google.common.collect.MapMakerInternalMap$WeakKeyDummyValueEntry
2024-11-12 13:41:32,122 INFO  EvoClassLoader - Seeing class for first time: org.apache.hadoop.thirdparty.com.google.common.collect.MapMakerInternalMap$StrongKeyDummyValueEntry
2024-11-12 13:41:32,122 INFO  EvoClassLoader - Instrumenting class 'org.apache.hadoop.thirdparty.com.google.common.collect.MapMakerInternalMap$StrongKeyDummyValueEntry'.
2024-11-12 13:41:32,122 INFO  MethodCallReplacementClassAdapter - Adding mock interface to class org/apache/hadoop/thirdparty/com/google/common/collect/MapMakerInternalMap$StrongKeyDummyValueEntry
2024-11-12 13:41:32,122 INFO  CreateClassResetClassAdapter - Creating brand-new static initializer in class org/apache/hadoop/thirdparty/com/google/common/collect/MapMakerInternalMap$StrongKeyDummyValueEntry
2024-11-12 13:41:32,122 INFO  EvoClassLoader - Seeing class for first time: org.apache.hadoop.thirdparty.com.google.common.collect.MapMakerInternalMap$AbstractStrongKeyEntry
2024-11-12 13:41:32,122 INFO  EvoClassLoader - Instrumenting class 'org.apache.hadoop.thirdparty.com.google.common.collect.MapMakerInternalMap$AbstractStrongKeyEntry'.
2024-11-12 13:41:32,122 INFO  MethodCallReplacementClassAdapter - Adding mock interface to class org/apache/hadoop/thirdparty/com/google/common/collect/MapMakerInternalMap$AbstractStrongKeyEntry
2024-11-12 13:41:32,122 INFO  CreateClassResetClassAdapter - Creating brand-new static initializer in class org/apache/hadoop/thirdparty/com/google/common/collect/MapMakerInternalMap$AbstractStrongKeyEntry
2024-11-12 13:41:32,122 INFO  EvoClassLoader - Keeping class: org.apache.hadoop.thirdparty.com.google.common.collect.MapMakerInternalMap$AbstractStrongKeyEntry
2024-11-12 13:41:32,122 INFO  EvoClassLoader - Keeping class: org.apache.hadoop.thirdparty.com.google.common.collect.MapMakerInternalMap$StrongKeyDummyValueEntry
2024-11-12 13:41:32,122 INFO  EvoClassLoader - Seeing class for first time: org.apache.hadoop.thirdparty.com.google.common.collect.MapMakerInternalMap$StrongKeyWeakValueEntry
2024-11-12 13:41:32,122 INFO  EvoClassLoader - Instrumenting class 'org.apache.hadoop.thirdparty.com.google.common.collect.MapMakerInternalMap$StrongKeyWeakValueEntry'.
2024-11-12 13:41:32,122 INFO  MethodCallReplacementClassAdapter - Adding mock interface to class org/apache/hadoop/thirdparty/com/google/common/collect/MapMakerInternalMap$StrongKeyWeakValueEntry
2024-11-12 13:41:32,122 INFO  CreateClassResetClassAdapter - Creating brand-new static initializer in class org/apache/hadoop/thirdparty/com/google/common/collect/MapMakerInternalMap$StrongKeyWeakValueEntry
2024-11-12 13:41:32,123 INFO  EvoClassLoader - Keeping class: org.apache.hadoop.thirdparty.com.google.common.collect.MapMakerInternalMap$StrongKeyWeakValueEntry
2024-11-12 13:41:32,123 INFO  EvoClassLoader - Seeing class for first time: org.apache.hadoop.thirdparty.com.google.common.collect.MapMakerInternalMap$StrongKeyStrongValueEntry
2024-11-12 13:41:32,123 INFO  EvoClassLoader - Instrumenting class 'org.apache.hadoop.thirdparty.com.google.common.collect.MapMakerInternalMap$StrongKeyStrongValueEntry'.
2024-11-12 13:41:32,123 INFO  MethodCallReplacementClassAdapter - Adding mock interface to class org/apache/hadoop/thirdparty/com/google/common/collect/MapMakerInternalMap$StrongKeyStrongValueEntry
2024-11-12 13:41:32,123 INFO  CreateClassResetClassAdapter - Creating brand-new static initializer in class org/apache/hadoop/thirdparty/com/google/common/collect/MapMakerInternalMap$StrongKeyStrongValueEntry
2024-11-12 13:41:32,123 INFO  EvoClassLoader - Keeping class: org.apache.hadoop.thirdparty.com.google.common.collect.MapMakerInternalMap$StrongKeyStrongValueEntry
2024-11-12 13:41:32,123 INFO  EvoClassLoader - Seeing class for first time: org.apache.hadoop.thirdparty.com.google.common.base.MoreObjects$ToStringHelper
2024-11-12 13:41:32,123 INFO  EvoClassLoader - Instrumenting class 'org.apache.hadoop.thirdparty.com.google.common.base.MoreObjects$ToStringHelper'.
2024-11-12 13:41:32,123 INFO  MethodCallReplacementClassAdapter - Adding mock interface to class org/apache/hadoop/thirdparty/com/google/common/base/MoreObjects$ToStringHelper
2024-11-12 13:41:32,123 INFO  CreateClassResetClassAdapter - Creating brand-new static initializer in class org/apache/hadoop/thirdparty/com/google/common/base/MoreObjects$ToStringHelper
2024-11-12 13:41:32,124 INFO  EvoClassLoader - Keeping class: org.apache.hadoop.thirdparty.com.google.common.base.MoreObjects$ToStringHelper
2024-11-12 13:41:32,124 INFO  EvoClassLoader - Seeing class for first time: org.apache.hadoop.thirdparty.com.google.common.collect.MapMaker$Dummy
2024-11-12 13:41:32,124 INFO  EvoClassLoader - Instrumenting class 'org.apache.hadoop.thirdparty.com.google.common.collect.MapMaker$Dummy'.
2024-11-12 13:41:32,124 INFO  MethodCallReplacementClassAdapter - Adding mock interface to class org/apache/hadoop/thirdparty/com/google/common/collect/MapMaker$Dummy
2024-11-12 13:41:32,124 INFO  CreateClassResetClassAdapter - Found static initializer in class org/apache/hadoop/thirdparty/com/google/common/collect/MapMaker$Dummy
2024-11-12 13:41:32,124 INFO  EvoClassLoader - Keeping class: org.apache.hadoop.thirdparty.com.google.common.collect.MapMaker$Dummy
2024-11-12 13:41:32,124 INFO  EvoClassLoader - Seeing class for first time: org.apache.hadoop.thirdparty.protobuf.TextFormat$Printer
2024-11-12 13:41:32,124 INFO  EvoClassLoader - Instrumenting class 'org.apache.hadoop.thirdparty.protobuf.TextFormat$Printer'.
2024-11-12 13:41:32,124 INFO  MethodCallReplacementClassAdapter - Adding mock interface to class org/apache/hadoop/thirdparty/protobuf/TextFormat$Printer
2024-11-12 13:41:32,124 INFO  CreateClassResetClassAdapter - Found static initializer in class org/apache/hadoop/thirdparty/protobuf/TextFormat$Printer
2024-11-12 13:41:32,125 INFO  EvoClassLoader - Keeping class: org.apache.hadoop.thirdparty.protobuf.TextFormat$Printer
2024-11-12 13:41:32,125 INFO  EvoClassLoader - Seeing class for first time: org.apache.hadoop.thirdparty.protobuf.TextFormat$UnknownFieldParseException
2024-11-12 13:41:32,125 INFO  EvoClassLoader - Instrumenting class 'org.apache.hadoop.thirdparty.protobuf.TextFormat$UnknownFieldParseException'.
2024-11-12 13:41:32,125 INFO  MethodCallReplacementClassAdapter - Adding mock interface to class org/apache/hadoop/thirdparty/protobuf/TextFormat$UnknownFieldParseException
2024-11-12 13:41:32,125 INFO  CreateClassResetClassAdapter - Creating brand-new static initializer in class org/apache/hadoop/thirdparty/protobuf/TextFormat$UnknownFieldParseException
2024-11-12 13:41:32,125 INFO  EvoClassLoader - Keeping class: org.apache.hadoop.thirdparty.protobuf.TextFormat$UnknownFieldParseException
2024-11-12 13:41:32,125 INFO  EvoClassLoader - Seeing class for first time: org.apache.hadoop.thirdparty.protobuf.DescriptorProtos$UninterpretedOption$NamePart$1
2024-11-12 13:41:32,125 INFO  EvoClassLoader - Instrumenting class 'org.apache.hadoop.thirdparty.protobuf.DescriptorProtos$UninterpretedOption$NamePart$1'.
2024-11-12 13:41:32,126 INFO  MethodCallReplacementClassAdapter - Adding mock interface to class org/apache/hadoop/thirdparty/protobuf/DescriptorProtos$UninterpretedOption$NamePart$1
2024-11-12 13:41:32,126 INFO  EvoClassLoader - Keeping class: org.apache.hadoop.thirdparty.protobuf.DescriptorProtos$UninterpretedOption$NamePart$1
2024-11-12 13:41:32,126 INFO  EvoClassLoader - Seeing class for first time: org.apache.hadoop.thirdparty.protobuf.DescriptorProtos$UninterpretedOption$NamePart$Builder
2024-11-12 13:41:32,126 INFO  EvoClassLoader - Instrumenting class 'org.apache.hadoop.thirdparty.protobuf.DescriptorProtos$UninterpretedOption$NamePart$Builder'.
2024-11-12 13:41:32,126 INFO  MethodCallReplacementClassAdapter - Adding mock interface to class org/apache/hadoop/thirdparty/protobuf/DescriptorProtos$UninterpretedOption$NamePart$Builder
2024-11-12 13:41:32,127 INFO  CreateClassResetClassAdapter - Creating brand-new static initializer in class org/apache/hadoop/thirdparty/protobuf/DescriptorProtos$UninterpretedOption$NamePart$Builder
2024-11-12 13:41:32,127 INFO  EvoClassLoader - Keeping class: org.apache.hadoop.thirdparty.protobuf.DescriptorProtos$UninterpretedOption$NamePart$Builder
2024-11-12 13:41:32,128 INFO  EvoClassLoader - Seeing class for first time: io.netty.util.internal.MathUtil
2024-11-12 13:41:32,128 INFO  EvoClassLoader - Instrumenting class 'io.netty.util.internal.MathUtil'.
2024-11-12 13:41:32,128 INFO  MethodCallReplacementClassAdapter - Adding mock interface to class io/netty/util/internal/MathUtil
2024-11-12 13:41:32,128 INFO  CreateClassResetClassAdapter - Found static initializer in class io/netty/util/internal/MathUtil
2024-11-12 13:41:32,128 INFO  EvoClassLoader - Keeping class: io.netty.util.internal.MathUtil
2024-11-12 13:41:32,128 INFO  EvoClassLoader - Seeing class for first time: org.apache.hadoop.thirdparty.protobuf.Type$1
2024-11-12 13:41:32,128 INFO  EvoClassLoader - Instrumenting class 'org.apache.hadoop.thirdparty.protobuf.Type$1'.
2024-11-12 13:41:32,128 INFO  MethodCallReplacementClassAdapter - Adding mock interface to class org/apache/hadoop/thirdparty/protobuf/Type$1
2024-11-12 13:41:32,129 INFO  EvoClassLoader - Keeping class: org.apache.hadoop.thirdparty.protobuf.Type$1
2024-11-12 13:41:32,129 INFO  EvoClassLoader - Seeing class for first time: org.apache.hadoop.thirdparty.protobuf.Type
2024-11-12 13:41:32,129 INFO  EvoClassLoader - Instrumenting class 'org.apache.hadoop.thirdparty.protobuf.Type'.
2024-11-12 13:41:32,129 INFO  MethodCallReplacementClassAdapter - Adding mock interface to class org/apache/hadoop/thirdparty/protobuf/Type
2024-11-12 13:41:32,130 INFO  CreateClassResetClassAdapter - Found static initializer in class org/apache/hadoop/thirdparty/protobuf/Type
2024-11-12 13:41:32,131 INFO  EvoClassLoader - Seeing class for first time: org.apache.hadoop.thirdparty.protobuf.TypeOrBuilder
2024-11-12 13:41:32,131 INFO  EvoClassLoader - Instrumenting class 'org.apache.hadoop.thirdparty.protobuf.TypeOrBuilder'.
2024-11-12 13:41:32,131 INFO  EvoClassLoader - Keeping class: org.apache.hadoop.thirdparty.protobuf.TypeOrBuilder
2024-11-12 13:41:32,132 INFO  EvoClassLoader - Keeping class: org.apache.hadoop.thirdparty.protobuf.Type
2024-11-12 13:41:32,132 INFO  EvoClassLoader - Seeing class for first time: org.apache.hadoop.thirdparty.protobuf.Field
2024-11-12 13:41:32,132 INFO  EvoClassLoader - Instrumenting class 'org.apache.hadoop.thirdparty.protobuf.Field'.
2024-11-12 13:41:32,133 INFO  MethodCallReplacementClassAdapter - Adding mock interface to class org/apache/hadoop/thirdparty/protobuf/Field
2024-11-12 13:41:32,134 INFO  CreateClassResetClassAdapter - Found static initializer in class org/apache/hadoop/thirdparty/protobuf/Field
2024-11-12 13:41:32,135 INFO  EvoClassLoader - Seeing class for first time: org.apache.hadoop.thirdparty.protobuf.FieldOrBuilder
2024-11-12 13:41:32,135 INFO  EvoClassLoader - Instrumenting class 'org.apache.hadoop.thirdparty.protobuf.FieldOrBuilder'.
2024-11-12 13:41:32,136 INFO  EvoClassLoader - Keeping class: org.apache.hadoop.thirdparty.protobuf.FieldOrBuilder
2024-11-12 13:41:32,136 INFO  EvoClassLoader - Keeping class: org.apache.hadoop.thirdparty.protobuf.Field
2024-11-12 13:41:32,136 INFO  EvoClassLoader - Seeing class for first time: org.apache.hadoop.thirdparty.protobuf.Type$Builder
2024-11-12 13:41:32,136 INFO  EvoClassLoader - Instrumenting class 'org.apache.hadoop.thirdparty.protobuf.Type$Builder'.
2024-11-12 13:41:32,136 INFO  MethodCallReplacementClassAdapter - Adding mock interface to class org/apache/hadoop/thirdparty/protobuf/Type$Builder
2024-11-12 13:41:32,138 INFO  CreateClassResetClassAdapter - Creating brand-new static initializer in class org/apache/hadoop/thirdparty/protobuf/Type$Builder
2024-11-12 13:41:32,139 INFO  EvoClassLoader - Keeping class: org.apache.hadoop.thirdparty.protobuf.Type$Builder
2024-11-12 13:41:32,140 INFO  EvoClassLoader - Seeing class for first time: org.apache.hadoop.thirdparty.protobuf.FieldMask$1
2024-11-12 13:41:32,140 INFO  EvoClassLoader - Instrumenting class 'org.apache.hadoop.thirdparty.protobuf.FieldMask$1'.
2024-11-12 13:41:32,140 INFO  MethodCallReplacementClassAdapter - Adding mock interface to class org/apache/hadoop/thirdparty/protobuf/FieldMask$1
2024-11-12 13:41:32,141 INFO  EvoClassLoader - Keeping class: org.apache.hadoop.thirdparty.protobuf.FieldMask$1
2024-11-12 13:41:32,141 INFO  EvoClassLoader - Seeing class for first time: org.apache.hadoop.thirdparty.protobuf.FieldMask
2024-11-12 13:41:32,141 INFO  EvoClassLoader - Instrumenting class 'org.apache.hadoop.thirdparty.protobuf.FieldMask'.
2024-11-12 13:41:32,141 INFO  MethodCallReplacementClassAdapter - Adding mock interface to class org/apache/hadoop/thirdparty/protobuf/FieldMask
2024-11-12 13:41:32,142 INFO  CreateClassResetClassAdapter - Found static initializer in class org/apache/hadoop/thirdparty/protobuf/FieldMask
2024-11-12 13:41:32,142 INFO  EvoClassLoader - Seeing class for first time: org.apache.hadoop.thirdparty.protobuf.FieldMaskOrBuilder
2024-11-12 13:41:32,142 INFO  EvoClassLoader - Instrumenting class 'org.apache.hadoop.thirdparty.protobuf.FieldMaskOrBuilder'.
2024-11-12 13:41:32,142 INFO  EvoClassLoader - Keeping class: org.apache.hadoop.thirdparty.protobuf.FieldMaskOrBuilder
2024-11-12 13:41:32,143 INFO  EvoClassLoader - Keeping class: org.apache.hadoop.thirdparty.protobuf.FieldMask
2024-11-12 13:41:32,143 INFO  EvoClassLoader - Seeing class for first time: org.apache.hadoop.thirdparty.protobuf.FieldMask$Builder
2024-11-12 13:41:32,143 INFO  EvoClassLoader - Instrumenting class 'org.apache.hadoop.thirdparty.protobuf.FieldMask$Builder'.
2024-11-12 13:41:32,143 INFO  MethodCallReplacementClassAdapter - Adding mock interface to class org/apache/hadoop/thirdparty/protobuf/FieldMask$Builder
2024-11-12 13:41:32,144 INFO  CreateClassResetClassAdapter - Creating brand-new static initializer in class org/apache/hadoop/thirdparty/protobuf/FieldMask$Builder
2024-11-12 13:41:32,145 INFO  EvoClassLoader - Keeping class: org.apache.hadoop.thirdparty.protobuf.FieldMask$Builder
2024-11-12 13:41:32,145 INFO  EvoClassLoader - Seeing class for first time: org.apache.hadoop.thirdparty.protobuf.Method$1
2024-11-12 13:41:32,145 INFO  EvoClassLoader - Instrumenting class 'org.apache.hadoop.thirdparty.protobuf.Method$1'.
2024-11-12 13:41:32,145 INFO  MethodCallReplacementClassAdapter - Adding mock interface to class org/apache/hadoop/thirdparty/protobuf/Method$1
2024-11-12 13:41:32,145 INFO  EvoClassLoader - Keeping class: org.apache.hadoop.thirdparty.protobuf.Method$1
2024-11-12 13:41:32,146 INFO  EvoClassLoader - Seeing class for first time: org.apache.hadoop.thirdparty.protobuf.DescriptorProtos$MethodOptions$1
2024-11-12 13:41:32,146 INFO  EvoClassLoader - Instrumenting class 'org.apache.hadoop.thirdparty.protobuf.DescriptorProtos$MethodOptions$1'.
2024-11-12 13:41:32,146 INFO  MethodCallReplacementClassAdapter - Adding mock interface to class org/apache/hadoop/thirdparty/protobuf/DescriptorProtos$MethodOptions$1
2024-11-12 13:41:32,146 INFO  EvoClassLoader - Keeping class: org.apache.hadoop.thirdparty.protobuf.DescriptorProtos$MethodOptions$1
2024-11-12 13:41:32,147 INFO  EvoClassLoader - Seeing class for first time: org.apache.hadoop.thirdparty.protobuf.DescriptorProtos$MethodOptions$Builder
2024-11-12 13:41:32,147 INFO  EvoClassLoader - Instrumenting class 'org.apache.hadoop.thirdparty.protobuf.DescriptorProtos$MethodOptions$Builder'.
2024-11-12 13:41:32,147 INFO  MethodCallReplacementClassAdapter - Adding mock interface to class org/apache/hadoop/thirdparty/protobuf/DescriptorProtos$MethodOptions$Builder
2024-11-12 13:41:32,149 INFO  CreateClassResetClassAdapter - Creating brand-new static initializer in class org/apache/hadoop/thirdparty/protobuf/DescriptorProtos$MethodOptions$Builder
2024-11-12 13:41:32,150 INFO  EvoClassLoader - Keeping class: org.apache.hadoop.thirdparty.protobuf.DescriptorProtos$MethodOptions$Builder
2024-11-12 13:41:32,150 INFO  EvoClassLoader - Seeing class for first time: org.apache.hadoop.thirdparty.protobuf.DescriptorProtos$MethodOptions$IdempotencyLevel
2024-11-12 13:41:32,150 INFO  EvoClassLoader - Instrumenting class 'org.apache.hadoop.thirdparty.protobuf.DescriptorProtos$MethodOptions$IdempotencyLevel'.
2024-11-12 13:41:32,150 INFO  MethodCallReplacementClassAdapter - Adding mock interface to class org/apache/hadoop/thirdparty/protobuf/DescriptorProtos$MethodOptions$IdempotencyLevel
2024-11-12 13:41:32,151 INFO  CreateClassResetClassAdapter - Found static initializer in class org/apache/hadoop/thirdparty/protobuf/DescriptorProtos$MethodOptions$IdempotencyLevel
2024-11-12 13:41:32,151 INFO  EvoClassLoader - Keeping class: org.apache.hadoop.thirdparty.protobuf.DescriptorProtos$MethodOptions$IdempotencyLevel
2024-11-12 13:41:32,151 INFO  EvoClassLoader - Seeing class for first time: org.apache.hadoop.thirdparty.protobuf.DescriptorProtos$ServiceDescriptorProto$1
2024-11-12 13:41:32,151 INFO  EvoClassLoader - Instrumenting class 'org.apache.hadoop.thirdparty.protobuf.DescriptorProtos$ServiceDescriptorProto$1'.
2024-11-12 13:41:32,151 INFO  MethodCallReplacementClassAdapter - Adding mock interface to class org/apache/hadoop/thirdparty/protobuf/DescriptorProtos$ServiceDescriptorProto$1
2024-11-12 13:41:32,152 INFO  EvoClassLoader - Keeping class: org.apache.hadoop.thirdparty.protobuf.DescriptorProtos$ServiceDescriptorProto$1
2024-11-12 13:41:32,152 INFO  EvoClassLoader - Seeing class for first time: org.apache.hadoop.thirdparty.protobuf.DescriptorProtos$ServiceDescriptorProto$Builder
2024-11-12 13:41:32,152 INFO  EvoClassLoader - Instrumenting class 'org.apache.hadoop.thirdparty.protobuf.DescriptorProtos$ServiceDescriptorProto$Builder'.
2024-11-12 13:41:32,153 INFO  MethodCallReplacementClassAdapter - Adding mock interface to class org/apache/hadoop/thirdparty/protobuf/DescriptorProtos$ServiceDescriptorProto$Builder
2024-11-12 13:41:32,154 INFO  CreateClassResetClassAdapter - Creating brand-new static initializer in class org/apache/hadoop/thirdparty/protobuf/DescriptorProtos$ServiceDescriptorProto$Builder
2024-11-12 13:41:32,154 INFO  EvoClassLoader - Keeping class: org.apache.hadoop.thirdparty.protobuf.DescriptorProtos$ServiceDescriptorProto$Builder
2024-11-12 13:41:32,155 INFO  EvoClassLoader - Seeing class for first time: org.apache.hadoop.hdfs.protocol.proto.HdfsProtos$BlockTokenSecretProto
2024-11-12 13:41:32,155 INFO  EvoClassLoader - Instrumenting class 'org.apache.hadoop.hdfs.protocol.proto.HdfsProtos$BlockTokenSecretProto'.
2024-11-12 13:41:32,155 INFO  MethodCallReplacementClassAdapter - Adding mock interface to class org/apache/hadoop/hdfs/protocol/proto/HdfsProtos$BlockTokenSecretProto
2024-11-12 13:41:32,156 INFO  CreateClassResetClassAdapter - Found static initializer in class org/apache/hadoop/hdfs/protocol/proto/HdfsProtos$BlockTokenSecretProto
2024-11-12 13:41:32,157 INFO  EvoClassLoader - Seeing class for first time: org.apache.hadoop.hdfs.protocol.proto.HdfsProtos$BlockTokenSecretProtoOrBuilder
2024-11-12 13:41:32,157 INFO  EvoClassLoader - Instrumenting class 'org.apache.hadoop.hdfs.protocol.proto.HdfsProtos$BlockTokenSecretProtoOrBuilder'.
2024-11-12 13:41:32,157 INFO  EvoClassLoader - Keeping class: org.apache.hadoop.hdfs.protocol.proto.HdfsProtos$BlockTokenSecretProtoOrBuilder
2024-11-12 13:41:32,157 INFO  EvoClassLoader - Keeping class: org.apache.hadoop.hdfs.protocol.proto.HdfsProtos$BlockTokenSecretProto
2024-11-12 13:41:32,157 INFO  EvoClassLoader - Seeing class for first time: org.apache.hadoop.hdfs.protocol.proto.HdfsProtos$StorageUuidsProto
2024-11-12 13:41:32,157 INFO  EvoClassLoader - Instrumenting class 'org.apache.hadoop.hdfs.protocol.proto.HdfsProtos$StorageUuidsProto'.
2024-11-12 13:41:32,157 INFO  MethodCallReplacementClassAdapter - Adding mock interface to class org/apache/hadoop/hdfs/protocol/proto/HdfsProtos$StorageUuidsProto
2024-11-12 13:41:32,158 INFO  CreateClassResetClassAdapter - Found static initializer in class org/apache/hadoop/hdfs/protocol/proto/HdfsProtos$StorageUuidsProto
2024-11-12 13:41:32,158 INFO  EvoClassLoader - Seeing class for first time: org.apache.hadoop.hdfs.protocol.proto.HdfsProtos$StorageUuidsProtoOrBuilder
2024-11-12 13:41:32,158 INFO  EvoClassLoader - Instrumenting class 'org.apache.hadoop.hdfs.protocol.proto.HdfsProtos$StorageUuidsProtoOrBuilder'.
2024-11-12 13:41:32,159 INFO  EvoClassLoader - Keeping class: org.apache.hadoop.hdfs.protocol.proto.HdfsProtos$StorageUuidsProtoOrBuilder
2024-11-12 13:41:32,159 INFO  EvoClassLoader - Keeping class: org.apache.hadoop.hdfs.protocol.proto.HdfsProtos$StorageUuidsProto
2024-11-12 13:41:32,159 INFO  EvoClassLoader - Seeing class for first time: org.apache.hadoop.hdfs.protocol.proto.HdfsProtos$RollingUpgradeStatusProto
2024-11-12 13:41:32,159 INFO  EvoClassLoader - Instrumenting class 'org.apache.hadoop.hdfs.protocol.proto.HdfsProtos$RollingUpgradeStatusProto'.
2024-11-12 13:41:32,159 INFO  MethodCallReplacementClassAdapter - Adding mock interface to class org/apache/hadoop/hdfs/protocol/proto/HdfsProtos$RollingUpgradeStatusProto
2024-11-12 13:41:32,160 INFO  CreateClassResetClassAdapter - Found static initializer in class org/apache/hadoop/hdfs/protocol/proto/HdfsProtos$RollingUpgradeStatusProto
2024-11-12 13:41:32,160 INFO  EvoClassLoader - Seeing class for first time: org.apache.hadoop.hdfs.protocol.proto.HdfsProtos$RollingUpgradeStatusProtoOrBuilder
2024-11-12 13:41:32,160 INFO  EvoClassLoader - Instrumenting class 'org.apache.hadoop.hdfs.protocol.proto.HdfsProtos$RollingUpgradeStatusProtoOrBuilder'.
2024-11-12 13:41:32,160 INFO  EvoClassLoader - Keeping class: org.apache.hadoop.hdfs.protocol.proto.HdfsProtos$RollingUpgradeStatusProtoOrBuilder
2024-11-12 13:41:32,160 INFO  EvoClassLoader - Keeping class: org.apache.hadoop.hdfs.protocol.proto.HdfsProtos$RollingUpgradeStatusProto
2024-11-12 13:41:32,160 INFO  EvoClassLoader - Seeing class for first time: org.apache.hadoop.hdfs.protocol.proto.HdfsProtos$SnapshotInfoProto
2024-11-12 13:41:32,160 INFO  EvoClassLoader - Instrumenting class 'org.apache.hadoop.hdfs.protocol.proto.HdfsProtos$SnapshotInfoProto'.
2024-11-12 13:41:32,161 INFO  MethodCallReplacementClassAdapter - Adding mock interface to class org/apache/hadoop/hdfs/protocol/proto/HdfsProtos$SnapshotInfoProto
2024-11-12 13:41:32,161 INFO  CreateClassResetClassAdapter - Found static initializer in class org/apache/hadoop/hdfs/protocol/proto/HdfsProtos$SnapshotInfoProto
2024-11-12 13:41:32,162 INFO  EvoClassLoader - Seeing class for first time: org.apache.hadoop.hdfs.protocol.proto.HdfsProtos$SnapshotInfoProtoOrBuilder
2024-11-12 13:41:32,162 INFO  EvoClassLoader - Instrumenting class 'org.apache.hadoop.hdfs.protocol.proto.HdfsProtos$SnapshotInfoProtoOrBuilder'.
2024-11-12 13:41:32,162 INFO  EvoClassLoader - Keeping class: org.apache.hadoop.hdfs.protocol.proto.HdfsProtos$SnapshotInfoProtoOrBuilder
2024-11-12 13:41:32,162 INFO  EvoClassLoader - Keeping class: org.apache.hadoop.hdfs.protocol.proto.HdfsProtos$SnapshotInfoProto
2024-11-12 13:41:32,162 INFO  EvoClassLoader - Seeing class for first time: org.apache.hadoop.hdfs.protocol.proto.HdfsProtos$SnapshotDiffReportListingProto
2024-11-12 13:41:32,162 INFO  EvoClassLoader - Instrumenting class 'org.apache.hadoop.hdfs.protocol.proto.HdfsProtos$SnapshotDiffReportListingProto'.
2024-11-12 13:41:32,163 INFO  MethodCallReplacementClassAdapter - Adding mock interface to class org/apache/hadoop/hdfs/protocol/proto/HdfsProtos$SnapshotDiffReportListingProto
2024-11-12 13:41:32,164 INFO  CreateClassResetClassAdapter - Found static initializer in class org/apache/hadoop/hdfs/protocol/proto/HdfsProtos$SnapshotDiffReportListingProto
2024-11-12 13:41:32,164 INFO  EvoClassLoader - Seeing class for first time: org.apache.hadoop.hdfs.protocol.proto.HdfsProtos$SnapshotDiffReportListingProtoOrBuilder
2024-11-12 13:41:32,164 INFO  EvoClassLoader - Instrumenting class 'org.apache.hadoop.hdfs.protocol.proto.HdfsProtos$SnapshotDiffReportListingProtoOrBuilder'.
2024-11-12 13:41:32,165 INFO  EvoClassLoader - Keeping class: org.apache.hadoop.hdfs.protocol.proto.HdfsProtos$SnapshotDiffReportListingProtoOrBuilder
2024-11-12 13:41:32,165 INFO  EvoClassLoader - Keeping class: org.apache.hadoop.hdfs.protocol.proto.HdfsProtos$SnapshotDiffReportListingProto
2024-11-12 13:41:32,165 INFO  EvoClassLoader - Seeing class for first time: org.apache.hadoop.hdfs.protocol.proto.HdfsProtos$SnapshotDiffReportCursorProto
2024-11-12 13:41:32,165 INFO  EvoClassLoader - Instrumenting class 'org.apache.hadoop.hdfs.protocol.proto.HdfsProtos$SnapshotDiffReportCursorProto'.
2024-11-12 13:41:32,165 INFO  MethodCallReplacementClassAdapter - Adding mock interface to class org/apache/hadoop/hdfs/protocol/proto/HdfsProtos$SnapshotDiffReportCursorProto
2024-11-12 13:41:32,166 INFO  CreateClassResetClassAdapter - Found static initializer in class org/apache/hadoop/hdfs/protocol/proto/HdfsProtos$SnapshotDiffReportCursorProto
2024-11-12 13:41:32,166 INFO  EvoClassLoader - Seeing class for first time: org.apache.hadoop.hdfs.protocol.proto.HdfsProtos$SnapshotDiffReportCursorProtoOrBuilder
2024-11-12 13:41:32,166 INFO  EvoClassLoader - Instrumenting class 'org.apache.hadoop.hdfs.protocol.proto.HdfsProtos$SnapshotDiffReportCursorProtoOrBuilder'.
2024-11-12 13:41:32,166 INFO  EvoClassLoader - Keeping class: org.apache.hadoop.hdfs.protocol.proto.HdfsProtos$SnapshotDiffReportCursorProtoOrBuilder
2024-11-12 13:41:32,167 INFO  EvoClassLoader - Keeping class: org.apache.hadoop.hdfs.protocol.proto.HdfsProtos$SnapshotDiffReportCursorProto
2024-11-12 13:41:32,167 INFO  EvoClassLoader - Seeing class for first time: org.apache.hadoop.hdfs.protocol.proto.HdfsProtos$SnapshotDiffReportListingEntryProto
2024-11-12 13:41:32,167 INFO  EvoClassLoader - Instrumenting class 'org.apache.hadoop.hdfs.protocol.proto.HdfsProtos$SnapshotDiffReportListingEntryProto'.
2024-11-12 13:41:32,167 INFO  MethodCallReplacementClassAdapter - Adding mock interface to class org/apache/hadoop/hdfs/protocol/proto/HdfsProtos$SnapshotDiffReportListingEntryProto
2024-11-12 13:41:32,167 INFO  CreateClassResetClassAdapter - Found static initializer in class org/apache/hadoop/hdfs/protocol/proto/HdfsProtos$SnapshotDiffReportListingEntryProto
2024-11-12 13:41:32,168 INFO  EvoClassLoader - Seeing class for first time: org.apache.hadoop.hdfs.protocol.proto.HdfsProtos$SnapshotDiffReportListingEntryProtoOrBuilder
2024-11-12 13:41:32,168 INFO  EvoClassLoader - Instrumenting class 'org.apache.hadoop.hdfs.protocol.proto.HdfsProtos$SnapshotDiffReportListingEntryProtoOrBuilder'.
2024-11-12 13:41:32,168 INFO  EvoClassLoader - Keeping class: org.apache.hadoop.hdfs.protocol.proto.HdfsProtos$SnapshotDiffReportListingEntryProtoOrBuilder
2024-11-12 13:41:32,168 INFO  EvoClassLoader - Keeping class: org.apache.hadoop.hdfs.protocol.proto.HdfsProtos$SnapshotDiffReportListingEntryProto
2024-11-12 13:41:32,168 INFO  EvoClassLoader - Seeing class for first time: org.apache.hadoop.hdfs.protocol.proto.HdfsProtos$SnapshotDiffReportProto
2024-11-12 13:41:32,168 INFO  EvoClassLoader - Instrumenting class 'org.apache.hadoop.hdfs.protocol.proto.HdfsProtos$SnapshotDiffReportProto'.
2024-11-12 13:41:32,168 INFO  MethodCallReplacementClassAdapter - Adding mock interface to class org/apache/hadoop/hdfs/protocol/proto/HdfsProtos$SnapshotDiffReportProto
2024-11-12 13:41:32,169 INFO  CreateClassResetClassAdapter - Found static initializer in class org/apache/hadoop/hdfs/protocol/proto/HdfsProtos$SnapshotDiffReportProto
2024-11-12 13:41:32,169 INFO  EvoClassLoader - Seeing class for first time: org.apache.hadoop.hdfs.protocol.proto.HdfsProtos$SnapshotDiffReportProtoOrBuilder
2024-11-12 13:41:32,169 INFO  EvoClassLoader - Instrumenting class 'org.apache.hadoop.hdfs.protocol.proto.HdfsProtos$SnapshotDiffReportProtoOrBuilder'.
2024-11-12 13:41:32,170 INFO  EvoClassLoader - Keeping class: org.apache.hadoop.hdfs.protocol.proto.HdfsProtos$SnapshotDiffReportProtoOrBuilder
2024-11-12 13:41:32,170 INFO  EvoClassLoader - Keeping class: org.apache.hadoop.hdfs.protocol.proto.HdfsProtos$SnapshotDiffReportProto
2024-11-12 13:41:32,170 INFO  EvoClassLoader - Seeing class for first time: org.apache.hadoop.hdfs.protocol.proto.HdfsProtos$SnapshotDiffReportEntryProto
2024-11-12 13:41:32,170 INFO  EvoClassLoader - Instrumenting class 'org.apache.hadoop.hdfs.protocol.proto.HdfsProtos$SnapshotDiffReportEntryProto'.
2024-11-12 13:41:32,170 INFO  MethodCallReplacementClassAdapter - Adding mock interface to class org/apache/hadoop/hdfs/protocol/proto/HdfsProtos$SnapshotDiffReportEntryProto
2024-11-12 13:41:32,170 INFO  CreateClassResetClassAdapter - Found static initializer in class org/apache/hadoop/hdfs/protocol/proto/HdfsProtos$SnapshotDiffReportEntryProto
2024-11-12 13:41:32,171 INFO  EvoClassLoader - Seeing class for first time: org.apache.hadoop.hdfs.protocol.proto.HdfsProtos$SnapshotDiffReportEntryProtoOrBuilder
2024-11-12 13:41:32,171 INFO  EvoClassLoader - Instrumenting class 'org.apache.hadoop.hdfs.protocol.proto.HdfsProtos$SnapshotDiffReportEntryProtoOrBuilder'.
2024-11-12 13:41:32,171 INFO  EvoClassLoader - Keeping class: org.apache.hadoop.hdfs.protocol.proto.HdfsProtos$SnapshotDiffReportEntryProtoOrBuilder
2024-11-12 13:41:32,171 INFO  EvoClassLoader - Keeping class: org.apache.hadoop.hdfs.protocol.proto.HdfsProtos$SnapshotDiffReportEntryProto
2024-11-12 13:41:32,171 INFO  EvoClassLoader - Seeing class for first time: org.apache.hadoop.hdfs.protocol.proto.HdfsProtos$SnapshottableDirectoryListingProto
2024-11-12 13:41:32,171 INFO  EvoClassLoader - Instrumenting class 'org.apache.hadoop.hdfs.protocol.proto.HdfsProtos$SnapshottableDirectoryListingProto'.
2024-11-12 13:41:32,171 INFO  MethodCallReplacementClassAdapter - Adding mock interface to class org/apache/hadoop/hdfs/protocol/proto/HdfsProtos$SnapshottableDirectoryListingProto
2024-11-12 13:41:32,172 INFO  CreateClassResetClassAdapter - Found static initializer in class org/apache/hadoop/hdfs/protocol/proto/HdfsProtos$SnapshottableDirectoryListingProto
2024-11-12 13:41:32,172 INFO  EvoClassLoader - Seeing class for first time: org.apache.hadoop.hdfs.protocol.proto.HdfsProtos$SnapshottableDirectoryListingProtoOrBuilder
2024-11-12 13:41:32,172 INFO  EvoClassLoader - Instrumenting class 'org.apache.hadoop.hdfs.protocol.proto.HdfsProtos$SnapshottableDirectoryListingProtoOrBuilder'.
2024-11-12 13:41:32,173 INFO  EvoClassLoader - Keeping class: org.apache.hadoop.hdfs.protocol.proto.HdfsProtos$SnapshottableDirectoryListingProtoOrBuilder
2024-11-12 13:41:32,173 INFO  EvoClassLoader - Keeping class: org.apache.hadoop.hdfs.protocol.proto.HdfsProtos$SnapshottableDirectoryListingProto
2024-11-12 13:41:32,173 INFO  EvoClassLoader - Seeing class for first time: org.apache.hadoop.hdfs.protocol.proto.HdfsProtos$SnapshottableDirectoryStatusProto
2024-11-12 13:41:32,173 INFO  EvoClassLoader - Instrumenting class 'org.apache.hadoop.hdfs.protocol.proto.HdfsProtos$SnapshottableDirectoryStatusProto'.
2024-11-12 13:41:32,173 INFO  MethodCallReplacementClassAdapter - Adding mock interface to class org/apache/hadoop/hdfs/protocol/proto/HdfsProtos$SnapshottableDirectoryStatusProto
2024-11-12 13:41:32,174 INFO  CreateClassResetClassAdapter - Found static initializer in class org/apache/hadoop/hdfs/protocol/proto/HdfsProtos$SnapshottableDirectoryStatusProto
2024-11-12 13:41:32,174 INFO  EvoClassLoader - Seeing class for first time: org.apache.hadoop.hdfs.protocol.proto.HdfsProtos$SnapshottableDirectoryStatusProtoOrBuilder
2024-11-12 13:41:32,174 INFO  EvoClassLoader - Instrumenting class 'org.apache.hadoop.hdfs.protocol.proto.HdfsProtos$SnapshottableDirectoryStatusProtoOrBuilder'.
2024-11-12 13:41:32,174 INFO  EvoClassLoader - Keeping class: org.apache.hadoop.hdfs.protocol.proto.HdfsProtos$SnapshottableDirectoryStatusProtoOrBuilder
2024-11-12 13:41:32,175 INFO  EvoClassLoader - Keeping class: org.apache.hadoop.hdfs.protocol.proto.HdfsProtos$SnapshottableDirectoryStatusProto
2024-11-12 13:41:32,175 INFO  EvoClassLoader - Seeing class for first time: org.apache.hadoop.hdfs.protocol.proto.HdfsProtos$BatchedDirectoryListingProto
2024-11-12 13:41:32,175 INFO  EvoClassLoader - Instrumenting class 'org.apache.hadoop.hdfs.protocol.proto.HdfsProtos$BatchedDirectoryListingProto'.
2024-11-12 13:41:32,175 INFO  MethodCallReplacementClassAdapter - Adding mock interface to class org/apache/hadoop/hdfs/protocol/proto/HdfsProtos$BatchedDirectoryListingProto
2024-11-12 13:41:32,175 INFO  CreateClassResetClassAdapter - Found static initializer in class org/apache/hadoop/hdfs/protocol/proto/HdfsProtos$BatchedDirectoryListingProto
2024-11-12 13:41:32,176 INFO  EvoClassLoader - Seeing class for first time: org.apache.hadoop.hdfs.protocol.proto.HdfsProtos$BatchedDirectoryListingProtoOrBuilder
2024-11-12 13:41:32,176 INFO  EvoClassLoader - Instrumenting class 'org.apache.hadoop.hdfs.protocol.proto.HdfsProtos$BatchedDirectoryListingProtoOrBuilder'.
2024-11-12 13:41:32,176 INFO  EvoClassLoader - Keeping class: org.apache.hadoop.hdfs.protocol.proto.HdfsProtos$BatchedDirectoryListingProtoOrBuilder
2024-11-12 13:41:32,176 INFO  EvoClassLoader - Keeping class: org.apache.hadoop.hdfs.protocol.proto.HdfsProtos$BatchedDirectoryListingProto
2024-11-12 13:41:32,176 INFO  EvoClassLoader - Seeing class for first time: org.apache.hadoop.hdfs.protocol.proto.HdfsProtos$RemoteExceptionProto
2024-11-12 13:41:32,176 INFO  EvoClassLoader - Instrumenting class 'org.apache.hadoop.hdfs.protocol.proto.HdfsProtos$RemoteExceptionProto'.
2024-11-12 13:41:32,176 INFO  MethodCallReplacementClassAdapter - Adding mock interface to class org/apache/hadoop/hdfs/protocol/proto/HdfsProtos$RemoteExceptionProto
2024-11-12 13:41:32,177 INFO  CreateClassResetClassAdapter - Found static initializer in class org/apache/hadoop/hdfs/protocol/proto/HdfsProtos$RemoteExceptionProto
2024-11-12 13:41:32,177 INFO  EvoClassLoader - Seeing class for first time: org.apache.hadoop.hdfs.protocol.proto.HdfsProtos$RemoteExceptionProtoOrBuilder
2024-11-12 13:41:32,177 INFO  EvoClassLoader - Instrumenting class 'org.apache.hadoop.hdfs.protocol.proto.HdfsProtos$RemoteExceptionProtoOrBuilder'.
2024-11-12 13:41:32,177 INFO  EvoClassLoader - Keeping class: org.apache.hadoop.hdfs.protocol.proto.HdfsProtos$RemoteExceptionProtoOrBuilder
2024-11-12 13:41:32,177 INFO  EvoClassLoader - Keeping class: org.apache.hadoop.hdfs.protocol.proto.HdfsProtos$RemoteExceptionProto
2024-11-12 13:41:32,177 INFO  EvoClassLoader - Seeing class for first time: org.apache.hadoop.hdfs.protocol.proto.HdfsProtos$DirectoryListingProto
2024-11-12 13:41:32,177 INFO  EvoClassLoader - Instrumenting class 'org.apache.hadoop.hdfs.protocol.proto.HdfsProtos$DirectoryListingProto'.
2024-11-12 13:41:32,178 INFO  MethodCallReplacementClassAdapter - Adding mock interface to class org/apache/hadoop/hdfs/protocol/proto/HdfsProtos$DirectoryListingProto
2024-11-12 13:41:32,178 INFO  CreateClassResetClassAdapter - Found static initializer in class org/apache/hadoop/hdfs/protocol/proto/HdfsProtos$DirectoryListingProto
2024-11-12 13:41:32,178 INFO  EvoClassLoader - Seeing class for first time: org.apache.hadoop.hdfs.protocol.proto.HdfsProtos$DirectoryListingProtoOrBuilder
2024-11-12 13:41:32,178 INFO  EvoClassLoader - Instrumenting class 'org.apache.hadoop.hdfs.protocol.proto.HdfsProtos$DirectoryListingProtoOrBuilder'.
2024-11-12 13:41:32,179 INFO  EvoClassLoader - Keeping class: org.apache.hadoop.hdfs.protocol.proto.HdfsProtos$DirectoryListingProtoOrBuilder
2024-11-12 13:41:32,179 INFO  EvoClassLoader - Keeping class: org.apache.hadoop.hdfs.protocol.proto.HdfsProtos$DirectoryListingProto
2024-11-12 13:41:32,179 INFO  EvoClassLoader - Seeing class for first time: org.apache.hadoop.hdfs.protocol.proto.HdfsProtos$FsServerDefaultsProto
2024-11-12 13:41:32,179 INFO  EvoClassLoader - Instrumenting class 'org.apache.hadoop.hdfs.protocol.proto.HdfsProtos$FsServerDefaultsProto'.
2024-11-12 13:41:32,179 INFO  MethodCallReplacementClassAdapter - Adding mock interface to class org/apache/hadoop/hdfs/protocol/proto/HdfsProtos$FsServerDefaultsProto
2024-11-12 13:41:32,180 INFO  CreateClassResetClassAdapter - Found static initializer in class org/apache/hadoop/hdfs/protocol/proto/HdfsProtos$FsServerDefaultsProto
2024-11-12 13:41:32,180 INFO  EvoClassLoader - Seeing class for first time: org.apache.hadoop.hdfs.protocol.proto.HdfsProtos$FsServerDefaultsProtoOrBuilder
2024-11-12 13:41:32,180 INFO  EvoClassLoader - Instrumenting class 'org.apache.hadoop.hdfs.protocol.proto.HdfsProtos$FsServerDefaultsProtoOrBuilder'.
2024-11-12 13:41:32,181 INFO  EvoClassLoader - Keeping class: org.apache.hadoop.hdfs.protocol.proto.HdfsProtos$FsServerDefaultsProtoOrBuilder
2024-11-12 13:41:32,181 INFO  EvoClassLoader - Keeping class: org.apache.hadoop.hdfs.protocol.proto.HdfsProtos$FsServerDefaultsProto
2024-11-12 13:41:32,181 INFO  EvoClassLoader - Seeing class for first time: org.apache.hadoop.hdfs.protocol.proto.HdfsProtos$BlockChecksumOptionsProto
2024-11-12 13:41:32,181 INFO  EvoClassLoader - Instrumenting class 'org.apache.hadoop.hdfs.protocol.proto.HdfsProtos$BlockChecksumOptionsProto'.
2024-11-12 13:41:32,181 INFO  MethodCallReplacementClassAdapter - Adding mock interface to class org/apache/hadoop/hdfs/protocol/proto/HdfsProtos$BlockChecksumOptionsProto
2024-11-12 13:41:32,182 INFO  CreateClassResetClassAdapter - Found static initializer in class org/apache/hadoop/hdfs/protocol/proto/HdfsProtos$BlockChecksumOptionsProto
2024-11-12 13:41:32,182 INFO  EvoClassLoader - Seeing class for first time: org.apache.hadoop.hdfs.protocol.proto.HdfsProtos$BlockChecksumOptionsProtoOrBuilder
2024-11-12 13:41:32,182 INFO  EvoClassLoader - Instrumenting class 'org.apache.hadoop.hdfs.protocol.proto.HdfsProtos$BlockChecksumOptionsProtoOrBuilder'.
2024-11-12 13:41:32,182 INFO  EvoClassLoader - Keeping class: org.apache.hadoop.hdfs.protocol.proto.HdfsProtos$BlockChecksumOptionsProtoOrBuilder
2024-11-12 13:41:32,182 INFO  EvoClassLoader - Keeping class: org.apache.hadoop.hdfs.protocol.proto.HdfsProtos$BlockChecksumOptionsProto
2024-11-12 13:41:32,182 INFO  EvoClassLoader - Seeing class for first time: org.apache.hadoop.hdfs.protocol.proto.HdfsProtos$HdfsFileStatusProto
2024-11-12 13:41:32,183 INFO  EvoClassLoader - Instrumenting class 'org.apache.hadoop.hdfs.protocol.proto.HdfsProtos$HdfsFileStatusProto'.
2024-11-12 13:41:32,184 INFO  MethodCallReplacementClassAdapter - Adding mock interface to class org/apache/hadoop/hdfs/protocol/proto/HdfsProtos$HdfsFileStatusProto
2024-11-12 13:41:32,185 INFO  CreateClassResetClassAdapter - Found static initializer in class org/apache/hadoop/hdfs/protocol/proto/HdfsProtos$HdfsFileStatusProto
2024-11-12 13:41:32,185 INFO  EvoClassLoader - Seeing class for first time: org.apache.hadoop.hdfs.protocol.proto.HdfsProtos$HdfsFileStatusProtoOrBuilder
2024-11-12 13:41:32,185 INFO  EvoClassLoader - Instrumenting class 'org.apache.hadoop.hdfs.protocol.proto.HdfsProtos$HdfsFileStatusProtoOrBuilder'.
2024-11-12 13:41:32,186 INFO  EvoClassLoader - Keeping class: org.apache.hadoop.hdfs.protocol.proto.HdfsProtos$HdfsFileStatusProtoOrBuilder
2024-11-12 13:41:32,186 INFO  EvoClassLoader - Keeping class: org.apache.hadoop.hdfs.protocol.proto.HdfsProtos$HdfsFileStatusProto
2024-11-12 13:41:32,186 INFO  EvoClassLoader - Seeing class for first time: org.apache.hadoop.hdfs.protocol.proto.HdfsProtos$HdfsPathHandleProto
2024-11-12 13:41:32,186 INFO  EvoClassLoader - Instrumenting class 'org.apache.hadoop.hdfs.protocol.proto.HdfsProtos$HdfsPathHandleProto'.
2024-11-12 13:41:32,186 INFO  MethodCallReplacementClassAdapter - Adding mock interface to class org/apache/hadoop/hdfs/protocol/proto/HdfsProtos$HdfsPathHandleProto
2024-11-12 13:41:32,187 INFO  CreateClassResetClassAdapter - Found static initializer in class org/apache/hadoop/hdfs/protocol/proto/HdfsProtos$HdfsPathHandleProto
2024-11-12 13:41:32,187 INFO  EvoClassLoader - Seeing class for first time: org.apache.hadoop.hdfs.protocol.proto.HdfsProtos$HdfsPathHandleProtoOrBuilder
2024-11-12 13:41:32,187 INFO  EvoClassLoader - Instrumenting class 'org.apache.hadoop.hdfs.protocol.proto.HdfsProtos$HdfsPathHandleProtoOrBuilder'.
2024-11-12 13:41:32,187 INFO  EvoClassLoader - Keeping class: org.apache.hadoop.hdfs.protocol.proto.HdfsProtos$HdfsPathHandleProtoOrBuilder
2024-11-12 13:41:32,187 INFO  EvoClassLoader - Keeping class: org.apache.hadoop.hdfs.protocol.proto.HdfsProtos$HdfsPathHandleProto
2024-11-12 13:41:32,187 INFO  EvoClassLoader - Seeing class for first time: org.apache.hadoop.hdfs.protocol.proto.HdfsProtos$ECTopologyVerifierResultProto
2024-11-12 13:41:32,187 INFO  EvoClassLoader - Instrumenting class 'org.apache.hadoop.hdfs.protocol.proto.HdfsProtos$ECTopologyVerifierResultProto'.
2024-11-12 13:41:32,188 INFO  MethodCallReplacementClassAdapter - Adding mock interface to class org/apache/hadoop/hdfs/protocol/proto/HdfsProtos$ECTopologyVerifierResultProto
2024-11-12 13:41:32,188 INFO  CreateClassResetClassAdapter - Found static initializer in class org/apache/hadoop/hdfs/protocol/proto/HdfsProtos$ECTopologyVerifierResultProto
2024-11-12 13:41:32,189 INFO  EvoClassLoader - Seeing class for first time: org.apache.hadoop.hdfs.protocol.proto.HdfsProtos$ECTopologyVerifierResultProtoOrBuilder
2024-11-12 13:41:32,189 INFO  EvoClassLoader - Instrumenting class 'org.apache.hadoop.hdfs.protocol.proto.HdfsProtos$ECTopologyVerifierResultProtoOrBuilder'.
2024-11-12 13:41:32,189 INFO  EvoClassLoader - Keeping class: org.apache.hadoop.hdfs.protocol.proto.HdfsProtos$ECTopologyVerifierResultProtoOrBuilder
2024-11-12 13:41:32,189 INFO  EvoClassLoader - Keeping class: org.apache.hadoop.hdfs.protocol.proto.HdfsProtos$ECTopologyVerifierResultProto
2024-11-12 13:41:32,189 INFO  EvoClassLoader - Seeing class for first time: org.apache.hadoop.hdfs.protocol.proto.HdfsProtos$AddErasureCodingPolicyResponseProto
2024-11-12 13:41:32,189 INFO  EvoClassLoader - Instrumenting class 'org.apache.hadoop.hdfs.protocol.proto.HdfsProtos$AddErasureCodingPolicyResponseProto'.
2024-11-12 13:41:32,189 INFO  MethodCallReplacementClassAdapter - Adding mock interface to class org/apache/hadoop/hdfs/protocol/proto/HdfsProtos$AddErasureCodingPolicyResponseProto
2024-11-12 13:41:32,190 INFO  CreateClassResetClassAdapter - Found static initializer in class org/apache/hadoop/hdfs/protocol/proto/HdfsProtos$AddErasureCodingPolicyResponseProto
2024-11-12 13:41:32,190 INFO  EvoClassLoader - Seeing class for first time: org.apache.hadoop.hdfs.protocol.proto.HdfsProtos$AddErasureCodingPolicyResponseProtoOrBuilder
2024-11-12 13:41:32,190 INFO  EvoClassLoader - Instrumenting class 'org.apache.hadoop.hdfs.protocol.proto.HdfsProtos$AddErasureCodingPolicyResponseProtoOrBuilder'.
2024-11-12 13:41:32,190 INFO  EvoClassLoader - Keeping class: org.apache.hadoop.hdfs.protocol.proto.HdfsProtos$AddErasureCodingPolicyResponseProtoOrBuilder
2024-11-12 13:41:32,190 INFO  EvoClassLoader - Keeping class: org.apache.hadoop.hdfs.protocol.proto.HdfsProtos$AddErasureCodingPolicyResponseProto
2024-11-12 13:41:32,190 INFO  EvoClassLoader - Seeing class for first time: org.apache.hadoop.hdfs.protocol.proto.HdfsProtos$ECSchemaProto
2024-11-12 13:41:32,190 INFO  EvoClassLoader - Instrumenting class 'org.apache.hadoop.hdfs.protocol.proto.HdfsProtos$ECSchemaProto'.
2024-11-12 13:41:32,191 INFO  MethodCallReplacementClassAdapter - Adding mock interface to class org/apache/hadoop/hdfs/protocol/proto/HdfsProtos$ECSchemaProto
2024-11-12 13:41:32,191 INFO  CreateClassResetClassAdapter - Found static initializer in class org/apache/hadoop/hdfs/protocol/proto/HdfsProtos$ECSchemaProto
2024-11-12 13:41:32,192 INFO  EvoClassLoader - Seeing class for first time: org.apache.hadoop.hdfs.protocol.proto.HdfsProtos$ECSchemaProtoOrBuilder
2024-11-12 13:41:32,192 INFO  EvoClassLoader - Instrumenting class 'org.apache.hadoop.hdfs.protocol.proto.HdfsProtos$ECSchemaProtoOrBuilder'.
2024-11-12 13:41:32,192 INFO  EvoClassLoader - Keeping class: org.apache.hadoop.hdfs.protocol.proto.HdfsProtos$ECSchemaProtoOrBuilder
2024-11-12 13:41:32,192 INFO  EvoClassLoader - Keeping class: org.apache.hadoop.hdfs.protocol.proto.HdfsProtos$ECSchemaProto
2024-11-12 13:41:32,192 INFO  EvoClassLoader - Seeing class for first time: org.apache.hadoop.hdfs.protocol.proto.HdfsProtos$ECSchemaOptionEntryProto
2024-11-12 13:41:32,192 INFO  EvoClassLoader - Instrumenting class 'org.apache.hadoop.hdfs.protocol.proto.HdfsProtos$ECSchemaOptionEntryProto'.
2024-11-12 13:41:32,192 INFO  MethodCallReplacementClassAdapter - Adding mock interface to class org/apache/hadoop/hdfs/protocol/proto/HdfsProtos$ECSchemaOptionEntryProto
2024-11-12 13:41:32,193 INFO  CreateClassResetClassAdapter - Found static initializer in class org/apache/hadoop/hdfs/protocol/proto/HdfsProtos$ECSchemaOptionEntryProto
2024-11-12 13:41:32,193 INFO  EvoClassLoader - Seeing class for first time: org.apache.hadoop.hdfs.protocol.proto.HdfsProtos$ECSchemaOptionEntryProtoOrBuilder
2024-11-12 13:41:32,193 INFO  EvoClassLoader - Instrumenting class 'org.apache.hadoop.hdfs.protocol.proto.HdfsProtos$ECSchemaOptionEntryProtoOrBuilder'.
2024-11-12 13:41:32,193 INFO  EvoClassLoader - Keeping class: org.apache.hadoop.hdfs.protocol.proto.HdfsProtos$ECSchemaOptionEntryProtoOrBuilder
2024-11-12 13:41:32,193 INFO  EvoClassLoader - Keeping class: org.apache.hadoop.hdfs.protocol.proto.HdfsProtos$ECSchemaOptionEntryProto
2024-11-12 13:41:32,193 INFO  EvoClassLoader - Seeing class for first time: org.apache.hadoop.hdfs.protocol.proto.HdfsProtos$LocatedBlocksProto
2024-11-12 13:41:32,193 INFO  EvoClassLoader - Instrumenting class 'org.apache.hadoop.hdfs.protocol.proto.HdfsProtos$LocatedBlocksProto'.
2024-11-12 13:41:32,194 INFO  MethodCallReplacementClassAdapter - Adding mock interface to class org/apache/hadoop/hdfs/protocol/proto/HdfsProtos$LocatedBlocksProto
2024-11-12 13:41:32,195 INFO  CreateClassResetClassAdapter - Found static initializer in class org/apache/hadoop/hdfs/protocol/proto/HdfsProtos$LocatedBlocksProto
2024-11-12 13:41:32,195 INFO  EvoClassLoader - Seeing class for first time: org.apache.hadoop.hdfs.protocol.proto.HdfsProtos$LocatedBlocksProtoOrBuilder
2024-11-12 13:41:32,195 INFO  EvoClassLoader - Instrumenting class 'org.apache.hadoop.hdfs.protocol.proto.HdfsProtos$LocatedBlocksProtoOrBuilder'.
2024-11-12 13:41:32,195 INFO  EvoClassLoader - Keeping class: org.apache.hadoop.hdfs.protocol.proto.HdfsProtos$LocatedBlocksProtoOrBuilder
2024-11-12 13:41:32,195 INFO  EvoClassLoader - Keeping class: org.apache.hadoop.hdfs.protocol.proto.HdfsProtos$LocatedBlocksProto
2024-11-12 13:41:32,195 INFO  EvoClassLoader - Seeing class for first time: org.apache.hadoop.hdfs.protocol.proto.HdfsProtos$CipherOptionProto
2024-11-12 13:41:32,195 INFO  EvoClassLoader - Instrumenting class 'org.apache.hadoop.hdfs.protocol.proto.HdfsProtos$CipherOptionProto'.
2024-11-12 13:41:32,196 INFO  MethodCallReplacementClassAdapter - Adding mock interface to class org/apache/hadoop/hdfs/protocol/proto/HdfsProtos$CipherOptionProto
2024-11-12 13:41:32,196 INFO  CreateClassResetClassAdapter - Found static initializer in class org/apache/hadoop/hdfs/protocol/proto/HdfsProtos$CipherOptionProto
2024-11-12 13:41:32,196 INFO  EvoClassLoader - Seeing class for first time: org.apache.hadoop.hdfs.protocol.proto.HdfsProtos$CipherOptionProtoOrBuilder
2024-11-12 13:41:32,196 INFO  EvoClassLoader - Instrumenting class 'org.apache.hadoop.hdfs.protocol.proto.HdfsProtos$CipherOptionProtoOrBuilder'.
2024-11-12 13:41:32,197 INFO  EvoClassLoader - Keeping class: org.apache.hadoop.hdfs.protocol.proto.HdfsProtos$CipherOptionProtoOrBuilder
2024-11-12 13:41:32,197 INFO  EvoClassLoader - Keeping class: org.apache.hadoop.hdfs.protocol.proto.HdfsProtos$CipherOptionProto
2024-11-12 13:41:32,197 INFO  EvoClassLoader - Seeing class for first time: org.apache.hadoop.hdfs.protocol.proto.HdfsProtos$ReencryptionInfoProto
2024-11-12 13:41:32,197 INFO  EvoClassLoader - Instrumenting class 'org.apache.hadoop.hdfs.protocol.proto.HdfsProtos$ReencryptionInfoProto'.
2024-11-12 13:41:32,197 INFO  MethodCallReplacementClassAdapter - Adding mock interface to class org/apache/hadoop/hdfs/protocol/proto/HdfsProtos$ReencryptionInfoProto
2024-11-12 13:41:32,199 INFO  CreateClassResetClassAdapter - Found static initializer in class org/apache/hadoop/hdfs/protocol/proto/HdfsProtos$ReencryptionInfoProto
2024-11-12 13:41:32,199 INFO  EvoClassLoader - Seeing class for first time: org.apache.hadoop.hdfs.protocol.proto.HdfsProtos$ReencryptionInfoProtoOrBuilder
2024-11-12 13:41:32,199 INFO  EvoClassLoader - Instrumenting class 'org.apache.hadoop.hdfs.protocol.proto.HdfsProtos$ReencryptionInfoProtoOrBuilder'.
2024-11-12 13:41:32,200 INFO  EvoClassLoader - Keeping class: org.apache.hadoop.hdfs.protocol.proto.HdfsProtos$ReencryptionInfoProtoOrBuilder
2024-11-12 13:41:32,200 INFO  EvoClassLoader - Keeping class: org.apache.hadoop.hdfs.protocol.proto.HdfsProtos$ReencryptionInfoProto
2024-11-12 13:41:32,200 INFO  EvoClassLoader - Seeing class for first time: org.apache.hadoop.hdfs.protocol.proto.HdfsProtos$ZoneEncryptionInfoProto
2024-11-12 13:41:32,200 INFO  EvoClassLoader - Instrumenting class 'org.apache.hadoop.hdfs.protocol.proto.HdfsProtos$ZoneEncryptionInfoProto'.
2024-11-12 13:41:32,200 INFO  MethodCallReplacementClassAdapter - Adding mock interface to class org/apache/hadoop/hdfs/protocol/proto/HdfsProtos$ZoneEncryptionInfoProto
2024-11-12 13:41:32,201 INFO  CreateClassResetClassAdapter - Found static initializer in class org/apache/hadoop/hdfs/protocol/proto/HdfsProtos$ZoneEncryptionInfoProto
2024-11-12 13:41:32,202 INFO  EvoClassLoader - Seeing class for first time: org.apache.hadoop.hdfs.protocol.proto.HdfsProtos$ZoneEncryptionInfoProtoOrBuilder
2024-11-12 13:41:32,202 INFO  EvoClassLoader - Instrumenting class 'org.apache.hadoop.hdfs.protocol.proto.HdfsProtos$ZoneEncryptionInfoProtoOrBuilder'.
2024-11-12 13:41:32,202 INFO  EvoClassLoader - Keeping class: org.apache.hadoop.hdfs.protocol.proto.HdfsProtos$ZoneEncryptionInfoProtoOrBuilder
2024-11-12 13:41:32,202 INFO  EvoClassLoader - Keeping class: org.apache.hadoop.hdfs.protocol.proto.HdfsProtos$ZoneEncryptionInfoProto
2024-11-12 13:41:32,202 INFO  EvoClassLoader - Seeing class for first time: org.apache.hadoop.hdfs.protocol.proto.HdfsProtos$PerFileEncryptionInfoProto
2024-11-12 13:41:32,202 INFO  EvoClassLoader - Instrumenting class 'org.apache.hadoop.hdfs.protocol.proto.HdfsProtos$PerFileEncryptionInfoProto'.
2024-11-12 13:41:32,202 INFO  MethodCallReplacementClassAdapter - Adding mock interface to class org/apache/hadoop/hdfs/protocol/proto/HdfsProtos$PerFileEncryptionInfoProto
2024-11-12 13:41:32,203 INFO  CreateClassResetClassAdapter - Found static initializer in class org/apache/hadoop/hdfs/protocol/proto/HdfsProtos$PerFileEncryptionInfoProto
2024-11-12 13:41:32,203 INFO  EvoClassLoader - Seeing class for first time: org.apache.hadoop.hdfs.protocol.proto.HdfsProtos$PerFileEncryptionInfoProtoOrBuilder
2024-11-12 13:41:32,203 INFO  EvoClassLoader - Instrumenting class 'org.apache.hadoop.hdfs.protocol.proto.HdfsProtos$PerFileEncryptionInfoProtoOrBuilder'.
2024-11-12 13:41:32,203 INFO  EvoClassLoader - Keeping class: org.apache.hadoop.hdfs.protocol.proto.HdfsProtos$PerFileEncryptionInfoProtoOrBuilder
2024-11-12 13:41:32,203 INFO  EvoClassLoader - Keeping class: org.apache.hadoop.hdfs.protocol.proto.HdfsProtos$PerFileEncryptionInfoProto
2024-11-12 13:41:32,203 INFO  EvoClassLoader - Seeing class for first time: org.apache.hadoop.hdfs.protocol.proto.HdfsProtos$FileEncryptionInfoProto
2024-11-12 13:41:32,203 INFO  EvoClassLoader - Instrumenting class 'org.apache.hadoop.hdfs.protocol.proto.HdfsProtos$FileEncryptionInfoProto'.
2024-11-12 13:41:32,204 INFO  MethodCallReplacementClassAdapter - Adding mock interface to class org/apache/hadoop/hdfs/protocol/proto/HdfsProtos$FileEncryptionInfoProto
2024-11-12 13:41:32,204 INFO  CreateClassResetClassAdapter - Found static initializer in class org/apache/hadoop/hdfs/protocol/proto/HdfsProtos$FileEncryptionInfoProto
2024-11-12 13:41:32,205 INFO  EvoClassLoader - Seeing class for first time: org.apache.hadoop.hdfs.protocol.proto.HdfsProtos$FileEncryptionInfoProtoOrBuilder
2024-11-12 13:41:32,205 INFO  EvoClassLoader - Instrumenting class 'org.apache.hadoop.hdfs.protocol.proto.HdfsProtos$FileEncryptionInfoProtoOrBuilder'.
2024-11-12 13:41:32,205 INFO  EvoClassLoader - Keeping class: org.apache.hadoop.hdfs.protocol.proto.HdfsProtos$FileEncryptionInfoProtoOrBuilder
2024-11-12 13:41:32,205 INFO  EvoClassLoader - Keeping class: org.apache.hadoop.hdfs.protocol.proto.HdfsProtos$FileEncryptionInfoProto
2024-11-12 13:41:32,205 INFO  EvoClassLoader - Seeing class for first time: org.apache.hadoop.hdfs.protocol.proto.HdfsProtos$DataEncryptionKeyProto
2024-11-12 13:41:32,205 INFO  EvoClassLoader - Instrumenting class 'org.apache.hadoop.hdfs.protocol.proto.HdfsProtos$DataEncryptionKeyProto'.
2024-11-12 13:41:32,205 INFO  MethodCallReplacementClassAdapter - Adding mock interface to class org/apache/hadoop/hdfs/protocol/proto/HdfsProtos$DataEncryptionKeyProto
2024-11-12 13:41:32,206 INFO  CreateClassResetClassAdapter - Found static initializer in class org/apache/hadoop/hdfs/protocol/proto/HdfsProtos$DataEncryptionKeyProto
2024-11-12 13:41:32,206 INFO  EvoClassLoader - Seeing class for first time: org.apache.hadoop.hdfs.protocol.proto.HdfsProtos$DataEncryptionKeyProtoOrBuilder
2024-11-12 13:41:32,206 INFO  EvoClassLoader - Instrumenting class 'org.apache.hadoop.hdfs.protocol.proto.HdfsProtos$DataEncryptionKeyProtoOrBuilder'.
2024-11-12 13:41:32,206 INFO  EvoClassLoader - Keeping class: org.apache.hadoop.hdfs.protocol.proto.HdfsProtos$DataEncryptionKeyProtoOrBuilder
2024-11-12 13:41:32,206 INFO  EvoClassLoader - Keeping class: org.apache.hadoop.hdfs.protocol.proto.HdfsProtos$DataEncryptionKeyProto
2024-11-12 13:41:32,206 INFO  EvoClassLoader - Seeing class for first time: org.apache.hadoop.hdfs.protocol.proto.HdfsProtos$BatchedListingKeyProto
2024-11-12 13:41:32,206 INFO  EvoClassLoader - Instrumenting class 'org.apache.hadoop.hdfs.protocol.proto.HdfsProtos$BatchedListingKeyProto'.
2024-11-12 13:41:32,207 INFO  MethodCallReplacementClassAdapter - Adding mock interface to class org/apache/hadoop/hdfs/protocol/proto/HdfsProtos$BatchedListingKeyProto
2024-11-12 13:41:32,207 INFO  CreateClassResetClassAdapter - Found static initializer in class org/apache/hadoop/hdfs/protocol/proto/HdfsProtos$BatchedListingKeyProto
2024-11-12 13:41:32,207 INFO  EvoClassLoader - Seeing class for first time: org.apache.hadoop.hdfs.protocol.proto.HdfsProtos$BatchedListingKeyProtoOrBuilder
2024-11-12 13:41:32,207 INFO  EvoClassLoader - Instrumenting class 'org.apache.hadoop.hdfs.protocol.proto.HdfsProtos$BatchedListingKeyProtoOrBuilder'.
2024-11-12 13:41:32,208 INFO  EvoClassLoader - Keeping class: org.apache.hadoop.hdfs.protocol.proto.HdfsProtos$BatchedListingKeyProtoOrBuilder
2024-11-12 13:41:32,208 INFO  EvoClassLoader - Keeping class: org.apache.hadoop.hdfs.protocol.proto.HdfsProtos$BatchedListingKeyProto
2024-11-12 13:41:32,208 INFO  EvoClassLoader - Seeing class for first time: org.apache.hadoop.hdfs.protocol.proto.HdfsProtos$LocatedBlockProto
2024-11-12 13:41:32,208 INFO  EvoClassLoader - Instrumenting class 'org.apache.hadoop.hdfs.protocol.proto.HdfsProtos$LocatedBlockProto'.
2024-11-12 13:41:32,208 INFO  MethodCallReplacementClassAdapter - Adding mock interface to class org/apache/hadoop/hdfs/protocol/proto/HdfsProtos$LocatedBlockProto
2024-11-12 13:41:32,209 INFO  CreateClassResetClassAdapter - Found static initializer in class org/apache/hadoop/hdfs/protocol/proto/HdfsProtos$LocatedBlockProto
2024-11-12 13:41:32,210 INFO  EvoClassLoader - Seeing class for first time: org.apache.hadoop.hdfs.protocol.proto.HdfsProtos$LocatedBlockProtoOrBuilder
2024-11-12 13:41:32,210 INFO  EvoClassLoader - Instrumenting class 'org.apache.hadoop.hdfs.protocol.proto.HdfsProtos$LocatedBlockProtoOrBuilder'.
2024-11-12 13:41:32,210 INFO  EvoClassLoader - Keeping class: org.apache.hadoop.hdfs.protocol.proto.HdfsProtos$LocatedBlockProtoOrBuilder
2024-11-12 13:41:32,210 INFO  EvoClassLoader - Keeping class: org.apache.hadoop.hdfs.protocol.proto.HdfsProtos$LocatedBlockProto
2024-11-12 13:41:32,210 INFO  EvoClassLoader - Seeing class for first time: org.apache.hadoop.hdfs.protocol.proto.HdfsProtos$BlockStoragePolicyProto
2024-11-12 13:41:32,210 INFO  EvoClassLoader - Instrumenting class 'org.apache.hadoop.hdfs.protocol.proto.HdfsProtos$BlockStoragePolicyProto'.
2024-11-12 13:41:32,211 INFO  MethodCallReplacementClassAdapter - Adding mock interface to class org/apache/hadoop/hdfs/protocol/proto/HdfsProtos$BlockStoragePolicyProto
2024-11-12 13:41:32,211 INFO  CreateClassResetClassAdapter - Found static initializer in class org/apache/hadoop/hdfs/protocol/proto/HdfsProtos$BlockStoragePolicyProto
2024-11-12 13:41:32,212 INFO  EvoClassLoader - Seeing class for first time: org.apache.hadoop.hdfs.protocol.proto.HdfsProtos$BlockStoragePolicyProtoOrBuilder
2024-11-12 13:41:32,212 INFO  EvoClassLoader - Instrumenting class 'org.apache.hadoop.hdfs.protocol.proto.HdfsProtos$BlockStoragePolicyProtoOrBuilder'.
2024-11-12 13:41:32,212 INFO  EvoClassLoader - Keeping class: org.apache.hadoop.hdfs.protocol.proto.HdfsProtos$BlockStoragePolicyProtoOrBuilder
2024-11-12 13:41:32,212 INFO  EvoClassLoader - Keeping class: org.apache.hadoop.hdfs.protocol.proto.HdfsProtos$BlockStoragePolicyProto
2024-11-12 13:41:32,212 INFO  EvoClassLoader - Seeing class for first time: org.apache.hadoop.hdfs.protocol.proto.HdfsProtos$StorageTypesProto
2024-11-12 13:41:32,212 INFO  EvoClassLoader - Instrumenting class 'org.apache.hadoop.hdfs.protocol.proto.HdfsProtos$StorageTypesProto'.
2024-11-12 13:41:32,212 INFO  MethodCallReplacementClassAdapter - Adding mock interface to class org/apache/hadoop/hdfs/protocol/proto/HdfsProtos$StorageTypesProto
2024-11-12 13:41:32,213 INFO  CreateClassResetClassAdapter - Found static initializer in class org/apache/hadoop/hdfs/protocol/proto/HdfsProtos$StorageTypesProto
2024-11-12 13:41:32,213 INFO  EvoClassLoader - Seeing class for first time: org.apache.hadoop.hdfs.protocol.proto.HdfsProtos$StorageTypesProtoOrBuilder
2024-11-12 13:41:32,213 INFO  EvoClassLoader - Instrumenting class 'org.apache.hadoop.hdfs.protocol.proto.HdfsProtos$StorageTypesProtoOrBuilder'.
2024-11-12 13:41:32,214 INFO  EvoClassLoader - Keeping class: org.apache.hadoop.hdfs.protocol.proto.HdfsProtos$StorageTypesProtoOrBuilder
2024-11-12 13:41:32,214 INFO  EvoClassLoader - Keeping class: org.apache.hadoop.hdfs.protocol.proto.HdfsProtos$StorageTypesProto
2024-11-12 13:41:32,214 INFO  EvoClassLoader - Seeing class for first time: org.apache.hadoop.hdfs.protocol.proto.HdfsProtos$CorruptFileBlocksProto
2024-11-12 13:41:32,214 INFO  EvoClassLoader - Instrumenting class 'org.apache.hadoop.hdfs.protocol.proto.HdfsProtos$CorruptFileBlocksProto'.
2024-11-12 13:41:32,214 INFO  MethodCallReplacementClassAdapter - Adding mock interface to class org/apache/hadoop/hdfs/protocol/proto/HdfsProtos$CorruptFileBlocksProto
2024-11-12 13:41:32,215 INFO  CreateClassResetClassAdapter - Found static initializer in class org/apache/hadoop/hdfs/protocol/proto/HdfsProtos$CorruptFileBlocksProto
2024-11-12 13:41:32,215 INFO  EvoClassLoader - Seeing class for first time: org.apache.hadoop.hdfs.protocol.proto.HdfsProtos$CorruptFileBlocksProtoOrBuilder
2024-11-12 13:41:32,215 INFO  EvoClassLoader - Instrumenting class 'org.apache.hadoop.hdfs.protocol.proto.HdfsProtos$CorruptFileBlocksProtoOrBuilder'.
2024-11-12 13:41:32,215 INFO  EvoClassLoader - Keeping class: org.apache.hadoop.hdfs.protocol.proto.HdfsProtos$CorruptFileBlocksProtoOrBuilder
2024-11-12 13:41:32,215 INFO  EvoClassLoader - Keeping class: org.apache.hadoop.hdfs.protocol.proto.HdfsProtos$CorruptFileBlocksProto
2024-11-12 13:41:32,215 INFO  EvoClassLoader - Seeing class for first time: org.apache.hadoop.hdfs.protocol.proto.HdfsProtos$StorageTypeQuotaInfoProto
2024-11-12 13:41:32,215 INFO  EvoClassLoader - Instrumenting class 'org.apache.hadoop.hdfs.protocol.proto.HdfsProtos$StorageTypeQuotaInfoProto'.
2024-11-12 13:41:32,216 INFO  MethodCallReplacementClassAdapter - Adding mock interface to class org/apache/hadoop/hdfs/protocol/proto/HdfsProtos$StorageTypeQuotaInfoProto
2024-11-12 13:41:32,216 INFO  CreateClassResetClassAdapter - Found static initializer in class org/apache/hadoop/hdfs/protocol/proto/HdfsProtos$StorageTypeQuotaInfoProto
2024-11-12 13:41:32,217 INFO  EvoClassLoader - Seeing class for first time: org.apache.hadoop.hdfs.protocol.proto.HdfsProtos$StorageTypeQuotaInfoProtoOrBuilder
2024-11-12 13:41:32,217 INFO  EvoClassLoader - Instrumenting class 'org.apache.hadoop.hdfs.protocol.proto.HdfsProtos$StorageTypeQuotaInfoProtoOrBuilder'.
2024-11-12 13:41:32,217 INFO  EvoClassLoader - Keeping class: org.apache.hadoop.hdfs.protocol.proto.HdfsProtos$StorageTypeQuotaInfoProtoOrBuilder
2024-11-12 13:41:32,217 INFO  EvoClassLoader - Keeping class: org.apache.hadoop.hdfs.protocol.proto.HdfsProtos$StorageTypeQuotaInfoProto
2024-11-12 13:41:32,217 INFO  EvoClassLoader - Seeing class for first time: org.apache.hadoop.hdfs.protocol.proto.HdfsProtos$StorageTypeQuotaInfosProto
2024-11-12 13:41:32,217 INFO  EvoClassLoader - Instrumenting class 'org.apache.hadoop.hdfs.protocol.proto.HdfsProtos$StorageTypeQuotaInfosProto'.
2024-11-12 13:41:32,217 INFO  MethodCallReplacementClassAdapter - Adding mock interface to class org/apache/hadoop/hdfs/protocol/proto/HdfsProtos$StorageTypeQuotaInfosProto
2024-11-12 13:41:32,218 INFO  CreateClassResetClassAdapter - Found static initializer in class org/apache/hadoop/hdfs/protocol/proto/HdfsProtos$StorageTypeQuotaInfosProto
2024-11-12 13:41:32,218 INFO  EvoClassLoader - Seeing class for first time: org.apache.hadoop.hdfs.protocol.proto.HdfsProtos$StorageTypeQuotaInfosProtoOrBuilder
2024-11-12 13:41:32,218 INFO  EvoClassLoader - Instrumenting class 'org.apache.hadoop.hdfs.protocol.proto.HdfsProtos$StorageTypeQuotaInfosProtoOrBuilder'.
2024-11-12 13:41:32,218 INFO  EvoClassLoader - Keeping class: org.apache.hadoop.hdfs.protocol.proto.HdfsProtos$StorageTypeQuotaInfosProtoOrBuilder
2024-11-12 13:41:32,218 INFO  EvoClassLoader - Keeping class: org.apache.hadoop.hdfs.protocol.proto.HdfsProtos$StorageTypeQuotaInfosProto
2024-11-12 13:41:32,218 INFO  EvoClassLoader - Seeing class for first time: org.apache.hadoop.hdfs.protocol.proto.HdfsProtos$QuotaUsageProto
2024-11-12 13:41:32,218 INFO  EvoClassLoader - Instrumenting class 'org.apache.hadoop.hdfs.protocol.proto.HdfsProtos$QuotaUsageProto'.
2024-11-12 13:41:32,219 INFO  MethodCallReplacementClassAdapter - Adding mock interface to class org/apache/hadoop/hdfs/protocol/proto/HdfsProtos$QuotaUsageProto
2024-11-12 13:41:32,219 INFO  CreateClassResetClassAdapter - Found static initializer in class org/apache/hadoop/hdfs/protocol/proto/HdfsProtos$QuotaUsageProto
2024-11-12 13:41:32,220 INFO  EvoClassLoader - Seeing class for first time: org.apache.hadoop.hdfs.protocol.proto.HdfsProtos$QuotaUsageProtoOrBuilder
2024-11-12 13:41:32,220 INFO  EvoClassLoader - Instrumenting class 'org.apache.hadoop.hdfs.protocol.proto.HdfsProtos$QuotaUsageProtoOrBuilder'.
2024-11-12 13:41:32,220 INFO  EvoClassLoader - Keeping class: org.apache.hadoop.hdfs.protocol.proto.HdfsProtos$QuotaUsageProtoOrBuilder
2024-11-12 13:41:32,220 INFO  EvoClassLoader - Keeping class: org.apache.hadoop.hdfs.protocol.proto.HdfsProtos$QuotaUsageProto
2024-11-12 13:41:32,220 INFO  EvoClassLoader - Seeing class for first time: org.apache.hadoop.hdfs.protocol.proto.HdfsProtos$ContentSummaryProto
2024-11-12 13:41:32,220 INFO  EvoClassLoader - Instrumenting class 'org.apache.hadoop.hdfs.protocol.proto.HdfsProtos$ContentSummaryProto'.
2024-11-12 13:41:32,220 INFO  MethodCallReplacementClassAdapter - Adding mock interface to class org/apache/hadoop/hdfs/protocol/proto/HdfsProtos$ContentSummaryProto
2024-11-12 13:41:32,221 INFO  CreateClassResetClassAdapter - Found static initializer in class org/apache/hadoop/hdfs/protocol/proto/HdfsProtos$ContentSummaryProto
2024-11-12 13:41:32,221 INFO  EvoClassLoader - Seeing class for first time: org.apache.hadoop.hdfs.protocol.proto.HdfsProtos$ContentSummaryProtoOrBuilder
2024-11-12 13:41:32,221 INFO  EvoClassLoader - Instrumenting class 'org.apache.hadoop.hdfs.protocol.proto.HdfsProtos$ContentSummaryProtoOrBuilder'.
2024-11-12 13:41:32,221 INFO  EvoClassLoader - Keeping class: org.apache.hadoop.hdfs.protocol.proto.HdfsProtos$ContentSummaryProtoOrBuilder
2024-11-12 13:41:32,222 INFO  EvoClassLoader - Keeping class: org.apache.hadoop.hdfs.protocol.proto.HdfsProtos$ContentSummaryProto
2024-11-12 13:41:32,222 INFO  EvoClassLoader - Seeing class for first time: org.apache.hadoop.hdfs.protocol.proto.HdfsProtos$StorageReportProto
2024-11-12 13:41:32,222 INFO  EvoClassLoader - Instrumenting class 'org.apache.hadoop.hdfs.protocol.proto.HdfsProtos$StorageReportProto'.
2024-11-12 13:41:32,222 INFO  MethodCallReplacementClassAdapter - Adding mock interface to class org/apache/hadoop/hdfs/protocol/proto/HdfsProtos$StorageReportProto
2024-11-12 13:41:32,223 INFO  CreateClassResetClassAdapter - Found static initializer in class org/apache/hadoop/hdfs/protocol/proto/HdfsProtos$StorageReportProto
2024-11-12 13:41:32,223 INFO  EvoClassLoader - Seeing class for first time: org.apache.hadoop.hdfs.protocol.proto.HdfsProtos$StorageReportProtoOrBuilder
2024-11-12 13:41:32,223 INFO  EvoClassLoader - Instrumenting class 'org.apache.hadoop.hdfs.protocol.proto.HdfsProtos$StorageReportProtoOrBuilder'.
2024-11-12 13:41:32,223 INFO  EvoClassLoader - Keeping class: org.apache.hadoop.hdfs.protocol.proto.HdfsProtos$StorageReportProtoOrBuilder
2024-11-12 13:41:32,223 INFO  EvoClassLoader - Keeping class: org.apache.hadoop.hdfs.protocol.proto.HdfsProtos$StorageReportProto
2024-11-12 13:41:32,223 INFO  EvoClassLoader - Seeing class for first time: org.apache.hadoop.hdfs.protocol.proto.HdfsProtos$DatanodeStorageProto
2024-11-12 13:41:32,223 INFO  EvoClassLoader - Instrumenting class 'org.apache.hadoop.hdfs.protocol.proto.HdfsProtos$DatanodeStorageProto'.
2024-11-12 13:41:32,224 INFO  MethodCallReplacementClassAdapter - Adding mock interface to class org/apache/hadoop/hdfs/protocol/proto/HdfsProtos$DatanodeStorageProto
2024-11-12 13:41:32,224 INFO  CreateClassResetClassAdapter - Found static initializer in class org/apache/hadoop/hdfs/protocol/proto/HdfsProtos$DatanodeStorageProto
2024-11-12 13:41:32,224 INFO  EvoClassLoader - Seeing class for first time: org.apache.hadoop.hdfs.protocol.proto.HdfsProtos$DatanodeStorageProtoOrBuilder
2024-11-12 13:41:32,224 INFO  EvoClassLoader - Instrumenting class 'org.apache.hadoop.hdfs.protocol.proto.HdfsProtos$DatanodeStorageProtoOrBuilder'.
2024-11-12 13:41:32,225 INFO  EvoClassLoader - Keeping class: org.apache.hadoop.hdfs.protocol.proto.HdfsProtos$DatanodeStorageProtoOrBuilder
2024-11-12 13:41:32,225 INFO  EvoClassLoader - Keeping class: org.apache.hadoop.hdfs.protocol.proto.HdfsProtos$DatanodeStorageProto
2024-11-12 13:41:32,225 INFO  EvoClassLoader - Seeing class for first time: org.apache.hadoop.hdfs.protocol.proto.HdfsProtos$DatanodeInfoProto
2024-11-12 13:41:32,225 INFO  EvoClassLoader - Instrumenting class 'org.apache.hadoop.hdfs.protocol.proto.HdfsProtos$DatanodeInfoProto'.
2024-11-12 13:41:32,225 INFO  MethodCallReplacementClassAdapter - Adding mock interface to class org/apache/hadoop/hdfs/protocol/proto/HdfsProtos$DatanodeInfoProto
2024-11-12 13:41:32,226 INFO  CreateClassResetClassAdapter - Found static initializer in class org/apache/hadoop/hdfs/protocol/proto/HdfsProtos$DatanodeInfoProto
2024-11-12 13:41:32,226 INFO  EvoClassLoader - Seeing class for first time: org.apache.hadoop.hdfs.protocol.proto.HdfsProtos$DatanodeInfoProtoOrBuilder
2024-11-12 13:41:32,226 INFO  EvoClassLoader - Instrumenting class 'org.apache.hadoop.hdfs.protocol.proto.HdfsProtos$DatanodeInfoProtoOrBuilder'.
2024-11-12 13:41:32,227 INFO  EvoClassLoader - Keeping class: org.apache.hadoop.hdfs.protocol.proto.HdfsProtos$DatanodeInfoProtoOrBuilder
2024-11-12 13:41:32,227 INFO  EvoClassLoader - Keeping class: org.apache.hadoop.hdfs.protocol.proto.HdfsProtos$DatanodeInfoProto
2024-11-12 13:41:32,227 INFO  EvoClassLoader - Seeing class for first time: org.apache.hadoop.hdfs.protocol.proto.HdfsProtos$DatanodeInfosProto
2024-11-12 13:41:32,227 INFO  EvoClassLoader - Instrumenting class 'org.apache.hadoop.hdfs.protocol.proto.HdfsProtos$DatanodeInfosProto'.
2024-11-12 13:41:32,227 INFO  MethodCallReplacementClassAdapter - Adding mock interface to class org/apache/hadoop/hdfs/protocol/proto/HdfsProtos$DatanodeInfosProto
2024-11-12 13:41:32,228 INFO  CreateClassResetClassAdapter - Found static initializer in class org/apache/hadoop/hdfs/protocol/proto/HdfsProtos$DatanodeInfosProto
2024-11-12 13:41:32,228 INFO  EvoClassLoader - Seeing class for first time: org.apache.hadoop.hdfs.protocol.proto.HdfsProtos$DatanodeInfosProtoOrBuilder
2024-11-12 13:41:32,228 INFO  EvoClassLoader - Instrumenting class 'org.apache.hadoop.hdfs.protocol.proto.HdfsProtos$DatanodeInfosProtoOrBuilder'.
2024-11-12 13:41:32,228 INFO  EvoClassLoader - Keeping class: org.apache.hadoop.hdfs.protocol.proto.HdfsProtos$DatanodeInfosProtoOrBuilder
2024-11-12 13:41:32,228 INFO  EvoClassLoader - Keeping class: org.apache.hadoop.hdfs.protocol.proto.HdfsProtos$DatanodeInfosProto
2024-11-12 13:41:32,228 INFO  EvoClassLoader - Seeing class for first time: org.apache.hadoop.hdfs.protocol.proto.HdfsProtos$DatanodeVolumeInfoProto
2024-11-12 13:41:32,228 INFO  EvoClassLoader - Instrumenting class 'org.apache.hadoop.hdfs.protocol.proto.HdfsProtos$DatanodeVolumeInfoProto'.
2024-11-12 13:41:32,229 INFO  MethodCallReplacementClassAdapter - Adding mock interface to class org/apache/hadoop/hdfs/protocol/proto/HdfsProtos$DatanodeVolumeInfoProto
2024-11-12 13:41:32,229 INFO  CreateClassResetClassAdapter - Found static initializer in class org/apache/hadoop/hdfs/protocol/proto/HdfsProtos$DatanodeVolumeInfoProto
2024-11-12 13:41:32,230 INFO  EvoClassLoader - Seeing class for first time: org.apache.hadoop.hdfs.protocol.proto.HdfsProtos$DatanodeVolumeInfoProtoOrBuilder
2024-11-12 13:41:32,230 INFO  EvoClassLoader - Instrumenting class 'org.apache.hadoop.hdfs.protocol.proto.HdfsProtos$DatanodeVolumeInfoProtoOrBuilder'.
2024-11-12 13:41:32,230 INFO  EvoClassLoader - Keeping class: org.apache.hadoop.hdfs.protocol.proto.HdfsProtos$DatanodeVolumeInfoProtoOrBuilder
2024-11-12 13:41:32,230 INFO  EvoClassLoader - Keeping class: org.apache.hadoop.hdfs.protocol.proto.HdfsProtos$DatanodeVolumeInfoProto
2024-11-12 13:41:32,230 INFO  EvoClassLoader - Seeing class for first time: org.apache.hadoop.hdfs.protocol.proto.HdfsProtos$DatanodeLocalInfoProto
2024-11-12 13:41:32,230 INFO  EvoClassLoader - Instrumenting class 'org.apache.hadoop.hdfs.protocol.proto.HdfsProtos$DatanodeLocalInfoProto'.
2024-11-12 13:41:32,230 INFO  MethodCallReplacementClassAdapter - Adding mock interface to class org/apache/hadoop/hdfs/protocol/proto/HdfsProtos$DatanodeLocalInfoProto
2024-11-12 13:41:32,231 INFO  CreateClassResetClassAdapter - Found static initializer in class org/apache/hadoop/hdfs/protocol/proto/HdfsProtos$DatanodeLocalInfoProto
2024-11-12 13:41:32,231 INFO  EvoClassLoader - Seeing class for first time: org.apache.hadoop.hdfs.protocol.proto.HdfsProtos$DatanodeLocalInfoProtoOrBuilder
2024-11-12 13:41:32,231 INFO  EvoClassLoader - Instrumenting class 'org.apache.hadoop.hdfs.protocol.proto.HdfsProtos$DatanodeLocalInfoProtoOrBuilder'.
2024-11-12 13:41:32,231 INFO  EvoClassLoader - Keeping class: org.apache.hadoop.hdfs.protocol.proto.HdfsProtos$DatanodeLocalInfoProtoOrBuilder
2024-11-12 13:41:32,232 INFO  EvoClassLoader - Keeping class: org.apache.hadoop.hdfs.protocol.proto.HdfsProtos$DatanodeLocalInfoProto
2024-11-12 13:41:32,232 INFO  EvoClassLoader - Seeing class for first time: org.apache.hadoop.hdfs.protocol.proto.HdfsProtos$DatanodeIDProto
2024-11-12 13:41:32,232 INFO  EvoClassLoader - Instrumenting class 'org.apache.hadoop.hdfs.protocol.proto.HdfsProtos$DatanodeIDProto'.
2024-11-12 13:41:32,232 INFO  MethodCallReplacementClassAdapter - Adding mock interface to class org/apache/hadoop/hdfs/protocol/proto/HdfsProtos$DatanodeIDProto
2024-11-12 13:41:32,233 INFO  CreateClassResetClassAdapter - Found static initializer in class org/apache/hadoop/hdfs/protocol/proto/HdfsProtos$DatanodeIDProto
2024-11-12 13:41:32,234 INFO  EvoClassLoader - Seeing class for first time: org.apache.hadoop.hdfs.protocol.proto.HdfsProtos$DatanodeIDProtoOrBuilder
2024-11-12 13:41:32,234 INFO  EvoClassLoader - Instrumenting class 'org.apache.hadoop.hdfs.protocol.proto.HdfsProtos$DatanodeIDProtoOrBuilder'.
2024-11-12 13:41:32,234 INFO  EvoClassLoader - Keeping class: org.apache.hadoop.hdfs.protocol.proto.HdfsProtos$DatanodeIDProtoOrBuilder
2024-11-12 13:41:32,234 INFO  EvoClassLoader - Keeping class: org.apache.hadoop.hdfs.protocol.proto.HdfsProtos$DatanodeIDProto
2024-11-12 13:41:32,234 INFO  EvoClassLoader - Seeing class for first time: org.apache.hadoop.hdfs.protocol.proto.HdfsProtos$ProvidedStorageLocationProto
2024-11-12 13:41:32,234 INFO  EvoClassLoader - Instrumenting class 'org.apache.hadoop.hdfs.protocol.proto.HdfsProtos$ProvidedStorageLocationProto'.
2024-11-12 13:41:32,234 INFO  MethodCallReplacementClassAdapter - Adding mock interface to class org/apache/hadoop/hdfs/protocol/proto/HdfsProtos$ProvidedStorageLocationProto
2024-11-12 13:41:32,235 INFO  CreateClassResetClassAdapter - Found static initializer in class org/apache/hadoop/hdfs/protocol/proto/HdfsProtos$ProvidedStorageLocationProto
2024-11-12 13:41:32,235 INFO  EvoClassLoader - Seeing class for first time: org.apache.hadoop.hdfs.protocol.proto.HdfsProtos$ProvidedStorageLocationProtoOrBuilder
2024-11-12 13:41:32,235 INFO  EvoClassLoader - Instrumenting class 'org.apache.hadoop.hdfs.protocol.proto.HdfsProtos$ProvidedStorageLocationProtoOrBuilder'.
2024-11-12 13:41:32,235 INFO  EvoClassLoader - Keeping class: org.apache.hadoop.hdfs.protocol.proto.HdfsProtos$ProvidedStorageLocationProtoOrBuilder
2024-11-12 13:41:32,236 INFO  EvoClassLoader - Keeping class: org.apache.hadoop.hdfs.protocol.proto.HdfsProtos$ProvidedStorageLocationProto
2024-11-12 13:41:32,236 INFO  EvoClassLoader - Seeing class for first time: org.apache.hadoop.hdfs.protocol.proto.HdfsProtos$ExtendedBlockProto
2024-11-12 13:41:32,236 INFO  EvoClassLoader - Instrumenting class 'org.apache.hadoop.hdfs.protocol.proto.HdfsProtos$ExtendedBlockProto'.
2024-11-12 13:41:32,236 INFO  MethodCallReplacementClassAdapter - Adding mock interface to class org/apache/hadoop/hdfs/protocol/proto/HdfsProtos$ExtendedBlockProto
2024-11-12 13:41:32,237 INFO  CreateClassResetClassAdapter - Found static initializer in class org/apache/hadoop/hdfs/protocol/proto/HdfsProtos$ExtendedBlockProto
2024-11-12 13:41:32,237 INFO  EvoClassLoader - Seeing class for first time: org.apache.hadoop.hdfs.protocol.proto.HdfsProtos$ExtendedBlockProtoOrBuilder
2024-11-12 13:41:32,237 INFO  EvoClassLoader - Instrumenting class 'org.apache.hadoop.hdfs.protocol.proto.HdfsProtos$ExtendedBlockProtoOrBuilder'.
2024-11-12 13:41:32,237 INFO  EvoClassLoader - Keeping class: org.apache.hadoop.hdfs.protocol.proto.HdfsProtos$ExtendedBlockProtoOrBuilder
2024-11-12 13:41:32,237 INFO  EvoClassLoader - Keeping class: org.apache.hadoop.hdfs.protocol.proto.HdfsProtos$ExtendedBlockProto
2024-11-12 13:41:32,237 INFO  EvoClassLoader - Seeing class for first time: org.apache.hadoop.hdfs.protocol.proto.HdfsProtos$AccessModeProto
2024-11-12 13:41:32,237 INFO  EvoClassLoader - Instrumenting class 'org.apache.hadoop.hdfs.protocol.proto.HdfsProtos$AccessModeProto'.
2024-11-12 13:41:32,237 INFO  MethodCallReplacementClassAdapter - Adding mock interface to class org/apache/hadoop/hdfs/protocol/proto/HdfsProtos$AccessModeProto
2024-11-12 13:41:32,238 INFO  CreateClassResetClassAdapter - Found static initializer in class org/apache/hadoop/hdfs/protocol/proto/HdfsProtos$AccessModeProto
2024-11-12 13:41:32,238 INFO  EvoClassLoader - Keeping class: org.apache.hadoop.hdfs.protocol.proto.HdfsProtos$AccessModeProto
2024-11-12 13:41:32,238 INFO  EvoClassLoader - Seeing class for first time: org.apache.hadoop.hdfs.protocol.proto.HdfsProtos$BlockChecksumTypeProto
2024-11-12 13:41:32,238 INFO  EvoClassLoader - Instrumenting class 'org.apache.hadoop.hdfs.protocol.proto.HdfsProtos$BlockChecksumTypeProto'.
2024-11-12 13:41:32,238 INFO  MethodCallReplacementClassAdapter - Adding mock interface to class org/apache/hadoop/hdfs/protocol/proto/HdfsProtos$BlockChecksumTypeProto
2024-11-12 13:41:32,238 INFO  CreateClassResetClassAdapter - Found static initializer in class org/apache/hadoop/hdfs/protocol/proto/HdfsProtos$BlockChecksumTypeProto
2024-11-12 13:41:32,238 INFO  EvoClassLoader - Keeping class: org.apache.hadoop.hdfs.protocol.proto.HdfsProtos$BlockChecksumTypeProto
2024-11-12 13:41:32,238 INFO  EvoClassLoader - Seeing class for first time: org.apache.hadoop.hdfs.protocol.proto.HdfsProtos$ChecksumTypeProto
2024-11-12 13:41:32,238 INFO  EvoClassLoader - Instrumenting class 'org.apache.hadoop.hdfs.protocol.proto.HdfsProtos$ChecksumTypeProto'.
2024-11-12 13:41:32,239 INFO  MethodCallReplacementClassAdapter - Adding mock interface to class org/apache/hadoop/hdfs/protocol/proto/HdfsProtos$ChecksumTypeProto
2024-11-12 13:41:32,239 INFO  CreateClassResetClassAdapter - Found static initializer in class org/apache/hadoop/hdfs/protocol/proto/HdfsProtos$ChecksumTypeProto
2024-11-12 13:41:32,239 INFO  EvoClassLoader - Keeping class: org.apache.hadoop.hdfs.protocol.proto.HdfsProtos$ChecksumTypeProto
2024-11-12 13:41:32,239 INFO  EvoClassLoader - Seeing class for first time: org.apache.hadoop.hdfs.protocol.proto.HdfsProtos$ErasureCodingPolicyState
2024-11-12 13:41:32,239 INFO  EvoClassLoader - Instrumenting class 'org.apache.hadoop.hdfs.protocol.proto.HdfsProtos$ErasureCodingPolicyState'.
2024-11-12 13:41:32,239 INFO  MethodCallReplacementClassAdapter - Adding mock interface to class org/apache/hadoop/hdfs/protocol/proto/HdfsProtos$ErasureCodingPolicyState
2024-11-12 13:41:32,239 INFO  CreateClassResetClassAdapter - Found static initializer in class org/apache/hadoop/hdfs/protocol/proto/HdfsProtos$ErasureCodingPolicyState
2024-11-12 13:41:32,240 INFO  EvoClassLoader - Keeping class: org.apache.hadoop.hdfs.protocol.proto.HdfsProtos$ErasureCodingPolicyState
2024-11-12 13:41:32,240 INFO  EvoClassLoader - Seeing class for first time: org.apache.hadoop.hdfs.protocol.proto.HdfsProtos$CryptoProtocolVersionProto
2024-11-12 13:41:32,240 INFO  EvoClassLoader - Instrumenting class 'org.apache.hadoop.hdfs.protocol.proto.HdfsProtos$CryptoProtocolVersionProto'.
2024-11-12 13:41:32,240 INFO  MethodCallReplacementClassAdapter - Adding mock interface to class org/apache/hadoop/hdfs/protocol/proto/HdfsProtos$CryptoProtocolVersionProto
2024-11-12 13:41:32,240 INFO  CreateClassResetClassAdapter - Found static initializer in class org/apache/hadoop/hdfs/protocol/proto/HdfsProtos$CryptoProtocolVersionProto
2024-11-12 13:41:32,240 INFO  EvoClassLoader - Keeping class: org.apache.hadoop.hdfs.protocol.proto.HdfsProtos$CryptoProtocolVersionProto
2024-11-12 13:41:32,240 INFO  EvoClassLoader - Seeing class for first time: org.apache.hadoop.hdfs.protocol.proto.HdfsProtos$CipherSuiteProto
2024-11-12 13:41:32,240 INFO  EvoClassLoader - Instrumenting class 'org.apache.hadoop.hdfs.protocol.proto.HdfsProtos$CipherSuiteProto'.
2024-11-12 13:41:32,240 INFO  MethodCallReplacementClassAdapter - Adding mock interface to class org/apache/hadoop/hdfs/protocol/proto/HdfsProtos$CipherSuiteProto
2024-11-12 13:41:32,241 INFO  CreateClassResetClassAdapter - Found static initializer in class org/apache/hadoop/hdfs/protocol/proto/HdfsProtos$CipherSuiteProto
2024-11-12 13:41:32,241 INFO  EvoClassLoader - Keeping class: org.apache.hadoop.hdfs.protocol.proto.HdfsProtos$CipherSuiteProto
]]></system-out>
  </testcase>
  <testcase name="test13" classname="org.apache.hadoop.hdfs.tools.offlineImageViewer.FSImageLoader_ESTest" time="0.01">
    <system-out><![CDATA[2024-11-12 13:41:32,243 INFO  FSImageHandler - Loading inode references
2024-11-12 13:41:32,243 INFO  FSImageHandler - Loaded 5 inode references
2024-11-12 13:41:32,245 INFO  FSDirectory - GLOBAL serial map: bits=29 maxEntries=536870911
2024-11-12 13:41:32,245 INFO  FSDirectory - USER serial map: bits=24 maxEntries=16777215
2024-11-12 13:41:32,245 INFO  FSDirectory - GROUP serial map: bits=24 maxEntries=16777215
2024-11-12 13:41:32,245 INFO  FSDirectory - XATTR serial map: bits=24 maxEntries=16777215
2024-11-12 13:41:32,245 INFO  EvoClassLoader - Seeing class for first time: libcore.io.Memory
2024-11-12 13:41:32,245 INFO  EvoClassLoader - Instrumenting class 'libcore.io.Memory'.
2024-11-12 13:41:32,246 INFO  EvoClassLoader - Error while loading class: java.lang.ClassNotFoundException: Class 'libcore/io/Memory.class' should be in target project, but could not be found!
2024-11-12 13:41:32,246 INFO  EvoClassLoader - Seeing class for first time: org.robolectric.Robolectric
2024-11-12 13:41:32,246 INFO  EvoClassLoader - Instrumenting class 'org.robolectric.Robolectric'.
2024-11-12 13:41:32,246 INFO  EvoClassLoader - Error while loading class: java.lang.ClassNotFoundException: Class 'org/robolectric/Robolectric.class' should be in target project, but could not be found!
2024-11-12 13:41:32,252 INFO  log - Logging initialized @22495ms to org.eclipse.jetty.util.log.Slf4jLog
]]></system-out>
  </testcase>
  <testcase name="test03" classname="org.apache.hadoop.hdfs.tools.offlineImageViewer.FSImageLoader_ESTest" time="0.004">
    <system-out><![CDATA[2024-11-12 13:41:32,271 INFO  FSDirectory - GLOBAL serial map: bits=29 maxEntries=536870911
2024-11-12 13:41:32,271 INFO  FSDirectory - USER serial map: bits=24 maxEntries=16777215
2024-11-12 13:41:32,271 INFO  FSDirectory - GROUP serial map: bits=24 maxEntries=16777215
2024-11-12 13:41:32,271 INFO  FSDirectory - XATTR serial map: bits=24 maxEntries=16777215
2024-11-12 13:41:32,271 INFO  EvoClassLoader - Seeing class for first time: libcore.io.Memory
2024-11-12 13:41:32,271 INFO  EvoClassLoader - Instrumenting class 'libcore.io.Memory'.
2024-11-12 13:41:32,272 INFO  EvoClassLoader - Error while loading class: java.lang.ClassNotFoundException: Class 'libcore/io/Memory.class' should be in target project, but could not be found!
2024-11-12 13:41:32,272 INFO  EvoClassLoader - Seeing class for first time: org.robolectric.Robolectric
2024-11-12 13:41:32,272 INFO  EvoClassLoader - Instrumenting class 'org.robolectric.Robolectric'.
2024-11-12 13:41:32,272 INFO  EvoClassLoader - Error while loading class: java.lang.ClassNotFoundException: Class 'org/robolectric/Robolectric.class' should be in target project, but could not be found!
2024-11-12 13:41:32,275 INFO  log - Logging initialized @22518ms to org.eclipse.jetty.util.log.Slf4jLog
]]></system-out>
  </testcase>
  <testcase name="test14" classname="org.apache.hadoop.hdfs.tools.offlineImageViewer.FSImageLoader_ESTest" time="0.006">
    <system-out><![CDATA[2024-11-12 13:41:32,304 INFO  FSDirectory - GLOBAL serial map: bits=29 maxEntries=536870911
2024-11-12 13:41:32,304 INFO  FSDirectory - USER serial map: bits=24 maxEntries=16777215
2024-11-12 13:41:32,304 INFO  FSDirectory - GROUP serial map: bits=24 maxEntries=16777215
2024-11-12 13:41:32,304 INFO  FSDirectory - XATTR serial map: bits=24 maxEntries=16777215
2024-11-12 13:41:32,304 INFO  EvoClassLoader - Seeing class for first time: libcore.io.Memory
2024-11-12 13:41:32,304 INFO  EvoClassLoader - Instrumenting class 'libcore.io.Memory'.
2024-11-12 13:41:32,305 INFO  EvoClassLoader - Error while loading class: java.lang.ClassNotFoundException: Class 'libcore/io/Memory.class' should be in target project, but could not be found!
2024-11-12 13:41:32,305 INFO  EvoClassLoader - Seeing class for first time: org.robolectric.Robolectric
2024-11-12 13:41:32,305 INFO  EvoClassLoader - Instrumenting class 'org.robolectric.Robolectric'.
2024-11-12 13:41:32,305 INFO  EvoClassLoader - Error while loading class: java.lang.ClassNotFoundException: Class 'org/robolectric/Robolectric.class' should be in target project, but could not be found!
2024-11-12 13:41:32,311 INFO  log - Logging initialized @22554ms to org.eclipse.jetty.util.log.Slf4jLog
]]></system-out>
  </testcase>
  <testcase name="test04" classname="org.apache.hadoop.hdfs.tools.offlineImageViewer.FSImageLoader_ESTest" time="0.008">
    <system-out><![CDATA[2024-11-12 13:41:32,335 INFO  FSImageHandler - Loading inode references
2024-11-12 13:41:32,338 INFO  FSDirectory - GLOBAL serial map: bits=29 maxEntries=536870911
2024-11-12 13:41:32,338 INFO  FSDirectory - USER serial map: bits=24 maxEntries=16777215
2024-11-12 13:41:32,338 INFO  FSDirectory - GROUP serial map: bits=24 maxEntries=16777215
2024-11-12 13:41:32,338 INFO  FSDirectory - XATTR serial map: bits=24 maxEntries=16777215
2024-11-12 13:41:32,339 INFO  EvoClassLoader - Seeing class for first time: libcore.io.Memory
2024-11-12 13:41:32,339 INFO  EvoClassLoader - Instrumenting class 'libcore.io.Memory'.
2024-11-12 13:41:32,339 INFO  EvoClassLoader - Error while loading class: java.lang.ClassNotFoundException: Class 'libcore/io/Memory.class' should be in target project, but could not be found!
2024-11-12 13:41:32,339 INFO  EvoClassLoader - Seeing class for first time: org.robolectric.Robolectric
2024-11-12 13:41:32,339 INFO  EvoClassLoader - Instrumenting class 'org.robolectric.Robolectric'.
2024-11-12 13:41:32,340 INFO  EvoClassLoader - Error while loading class: java.lang.ClassNotFoundException: Class 'org/robolectric/Robolectric.class' should be in target project, but could not be found!
2024-11-12 13:41:32,345 INFO  log - Logging initialized @22588ms to org.eclipse.jetty.util.log.Slf4jLog
]]></system-out>
  </testcase>
  <testcase name="test05" classname="org.apache.hadoop.hdfs.tools.offlineImageViewer.FSImageLoader_ESTest" time="0.008">
    <system-out><![CDATA[2024-11-12 13:41:32,364 INFO  FSImageHandler - Loading inode references
2024-11-12 13:41:32,368 INFO  FSDirectory - GLOBAL serial map: bits=29 maxEntries=536870911
2024-11-12 13:41:32,368 INFO  FSDirectory - USER serial map: bits=24 maxEntries=16777215
2024-11-12 13:41:32,368 INFO  FSDirectory - GROUP serial map: bits=24 maxEntries=16777215
2024-11-12 13:41:32,368 INFO  FSDirectory - XATTR serial map: bits=24 maxEntries=16777215
2024-11-12 13:41:32,368 INFO  EvoClassLoader - Seeing class for first time: libcore.io.Memory
2024-11-12 13:41:32,368 INFO  EvoClassLoader - Instrumenting class 'libcore.io.Memory'.
2024-11-12 13:41:32,368 INFO  EvoClassLoader - Error while loading class: java.lang.ClassNotFoundException: Class 'libcore/io/Memory.class' should be in target project, but could not be found!
2024-11-12 13:41:32,368 INFO  EvoClassLoader - Seeing class for first time: org.robolectric.Robolectric
2024-11-12 13:41:32,368 INFO  EvoClassLoader - Instrumenting class 'org.robolectric.Robolectric'.
2024-11-12 13:41:32,369 INFO  EvoClassLoader - Error while loading class: java.lang.ClassNotFoundException: Class 'org/robolectric/Robolectric.class' should be in target project, but could not be found!
2024-11-12 13:41:32,374 INFO  log - Logging initialized @22617ms to org.eclipse.jetty.util.log.Slf4jLog
]]></system-out>
  </testcase>
  <testcase name="test10" classname="org.apache.hadoop.hdfs.tools.offlineImageViewer.FSImageLoader_ESTest" time="0.008">
    <system-out><![CDATA[2024-11-12 13:41:32,394 INFO  FSDirectory - GLOBAL serial map: bits=29 maxEntries=536870911
2024-11-12 13:41:32,394 INFO  FSDirectory - USER serial map: bits=24 maxEntries=16777215
2024-11-12 13:41:32,394 INFO  FSDirectory - GROUP serial map: bits=24 maxEntries=16777215
2024-11-12 13:41:32,394 INFO  FSDirectory - XATTR serial map: bits=24 maxEntries=16777215
2024-11-12 13:41:32,394 INFO  EvoClassLoader - Seeing class for first time: libcore.io.Memory
2024-11-12 13:41:32,395 INFO  EvoClassLoader - Instrumenting class 'libcore.io.Memory'.
2024-11-12 13:41:32,395 INFO  EvoClassLoader - Error while loading class: java.lang.ClassNotFoundException: Class 'libcore/io/Memory.class' should be in target project, but could not be found!
2024-11-12 13:41:32,395 INFO  EvoClassLoader - Seeing class for first time: org.robolectric.Robolectric
2024-11-12 13:41:32,395 INFO  EvoClassLoader - Instrumenting class 'org.robolectric.Robolectric'.
2024-11-12 13:41:32,395 INFO  EvoClassLoader - Error while loading class: java.lang.ClassNotFoundException: Class 'org/robolectric/Robolectric.class' should be in target project, but could not be found!
2024-11-12 13:41:32,402 INFO  log - Logging initialized @22644ms to org.eclipse.jetty.util.log.Slf4jLog
]]></system-out>
  </testcase>
  <testcase name="test00" classname="org.apache.hadoop.hdfs.tools.offlineImageViewer.FSImageLoader_ESTest" time="0.027">
    <system-out><![CDATA[2024-11-12 13:41:32,419 INFO  FSDirectory - GLOBAL serial map: bits=29 maxEntries=536870911
2024-11-12 13:41:32,419 INFO  FSDirectory - USER serial map: bits=24 maxEntries=16777215
2024-11-12 13:41:32,419 INFO  FSDirectory - GROUP serial map: bits=24 maxEntries=16777215
2024-11-12 13:41:32,419 INFO  FSDirectory - XATTR serial map: bits=24 maxEntries=16777215
2024-11-12 13:41:32,419 INFO  EvoClassLoader - Seeing class for first time: libcore.io.Memory
2024-11-12 13:41:32,419 INFO  EvoClassLoader - Instrumenting class 'libcore.io.Memory'.
2024-11-12 13:41:32,419 INFO  EvoClassLoader - Error while loading class: java.lang.ClassNotFoundException: Class 'libcore/io/Memory.class' should be in target project, but could not be found!
2024-11-12 13:41:32,420 INFO  EvoClassLoader - Seeing class for first time: org.robolectric.Robolectric
2024-11-12 13:41:32,420 INFO  EvoClassLoader - Instrumenting class 'org.robolectric.Robolectric'.
2024-11-12 13:41:32,420 INFO  EvoClassLoader - Error while loading class: java.lang.ClassNotFoundException: Class 'org/robolectric/Robolectric.class' should be in target project, but could not be found!
2024-11-12 13:41:32,423 INFO  log - Logging initialized @22666ms to org.eclipse.jetty.util.log.Slf4jLog
]]></system-out>
  </testcase>
  <testcase name="test11" classname="org.apache.hadoop.hdfs.tools.offlineImageViewer.FSImageLoader_ESTest" time="0.019">
    <system-out><![CDATA[2024-11-12 13:41:32,440 INFO  FSDirectory - GLOBAL serial map: bits=29 maxEntries=536870911
2024-11-12 13:41:32,440 INFO  FSDirectory - USER serial map: bits=24 maxEntries=16777215
2024-11-12 13:41:32,440 INFO  FSDirectory - GROUP serial map: bits=24 maxEntries=16777215
2024-11-12 13:41:32,440 INFO  FSDirectory - XATTR serial map: bits=24 maxEntries=16777215
2024-11-12 13:41:32,440 INFO  EvoClassLoader - Seeing class for first time: libcore.io.Memory
2024-11-12 13:41:32,440 INFO  EvoClassLoader - Instrumenting class 'libcore.io.Memory'.
2024-11-12 13:41:32,441 INFO  EvoClassLoader - Error while loading class: java.lang.ClassNotFoundException: Class 'libcore/io/Memory.class' should be in target project, but could not be found!
2024-11-12 13:41:32,441 INFO  EvoClassLoader - Seeing class for first time: org.robolectric.Robolectric
2024-11-12 13:41:32,441 INFO  EvoClassLoader - Instrumenting class 'org.robolectric.Robolectric'.
2024-11-12 13:41:32,441 INFO  EvoClassLoader - Error while loading class: java.lang.ClassNotFoundException: Class 'org/robolectric/Robolectric.class' should be in target project, but could not be found!
2024-11-12 13:41:32,447 INFO  log - Logging initialized @22690ms to org.eclipse.jetty.util.log.Slf4jLog
]]></system-out>
  </testcase>
  <testcase name="test01" classname="org.apache.hadoop.hdfs.tools.offlineImageViewer.FSImageLoader_ESTest" time="0.022">
    <system-out><![CDATA[2024-11-12 13:41:32,463 INFO  FSDirectory - GLOBAL serial map: bits=29 maxEntries=536870911
2024-11-12 13:41:32,463 INFO  FSDirectory - USER serial map: bits=24 maxEntries=16777215
2024-11-12 13:41:32,463 INFO  FSDirectory - GROUP serial map: bits=24 maxEntries=16777215
2024-11-12 13:41:32,463 INFO  FSDirectory - XATTR serial map: bits=24 maxEntries=16777215
2024-11-12 13:41:32,463 INFO  EvoClassLoader - Seeing class for first time: libcore.io.Memory
2024-11-12 13:41:32,463 INFO  EvoClassLoader - Instrumenting class 'libcore.io.Memory'.
2024-11-12 13:41:32,463 INFO  EvoClassLoader - Error while loading class: java.lang.ClassNotFoundException: Class 'libcore/io/Memory.class' should be in target project, but could not be found!
2024-11-12 13:41:32,463 INFO  EvoClassLoader - Seeing class for first time: org.robolectric.Robolectric
2024-11-12 13:41:32,463 INFO  EvoClassLoader - Instrumenting class 'org.robolectric.Robolectric'.
2024-11-12 13:41:32,463 INFO  EvoClassLoader - Error while loading class: java.lang.ClassNotFoundException: Class 'org/robolectric/Robolectric.class' should be in target project, but could not be found!
2024-11-12 13:41:32,468 INFO  log - Logging initialized @22711ms to org.eclipse.jetty.util.log.Slf4jLog
]]></system-out>
  </testcase>
  <testcase name="test12" classname="org.apache.hadoop.hdfs.tools.offlineImageViewer.FSImageLoader_ESTest" time="0.019">
    <system-out><![CDATA[2024-11-12 13:41:32,479 INFO  FSImageHandler - Loading 0 strings
2024-11-12 13:41:32,481 INFO  FSDirectory - GLOBAL serial map: bits=29 maxEntries=536870911
2024-11-12 13:41:32,481 INFO  FSDirectory - USER serial map: bits=24 maxEntries=16777215
2024-11-12 13:41:32,481 INFO  FSDirectory - GROUP serial map: bits=24 maxEntries=16777215
2024-11-12 13:41:32,481 INFO  FSDirectory - XATTR serial map: bits=24 maxEntries=16777215
2024-11-12 13:41:32,481 INFO  EvoClassLoader - Seeing class for first time: libcore.io.Memory
2024-11-12 13:41:32,481 INFO  EvoClassLoader - Instrumenting class 'libcore.io.Memory'.
2024-11-12 13:41:32,482 INFO  EvoClassLoader - Error while loading class: java.lang.ClassNotFoundException: Class 'libcore/io/Memory.class' should be in target project, but could not be found!
2024-11-12 13:41:32,482 INFO  EvoClassLoader - Seeing class for first time: org.robolectric.Robolectric
2024-11-12 13:41:32,482 INFO  EvoClassLoader - Instrumenting class 'org.robolectric.Robolectric'.
2024-11-12 13:41:32,482 INFO  EvoClassLoader - Error while loading class: java.lang.ClassNotFoundException: Class 'org/robolectric/Robolectric.class' should be in target project, but could not be found!
2024-11-12 13:41:32,488 INFO  log - Logging initialized @22731ms to org.eclipse.jetty.util.log.Slf4jLog
]]></system-out>
  </testcase>
  <testcase name="test06" classname="org.apache.hadoop.hdfs.tools.offlineImageViewer.FSImageLoader_ESTest" time="0.022">
    <system-out><![CDATA[2024-11-12 13:41:32,502 INFO  FSImageHandler - Loading inode references
2024-11-12 13:41:32,504 INFO  FSDirectory - GLOBAL serial map: bits=29 maxEntries=536870911
2024-11-12 13:41:32,504 INFO  FSDirectory - USER serial map: bits=24 maxEntries=16777215
2024-11-12 13:41:32,504 INFO  FSDirectory - GROUP serial map: bits=24 maxEntries=16777215
2024-11-12 13:41:32,504 INFO  FSDirectory - XATTR serial map: bits=24 maxEntries=16777215
2024-11-12 13:41:32,505 INFO  EvoClassLoader - Seeing class for first time: libcore.io.Memory
2024-11-12 13:41:32,505 INFO  EvoClassLoader - Instrumenting class 'libcore.io.Memory'.
2024-11-12 13:41:32,505 INFO  EvoClassLoader - Error while loading class: java.lang.ClassNotFoundException: Class 'libcore/io/Memory.class' should be in target project, but could not be found!
2024-11-12 13:41:32,505 INFO  EvoClassLoader - Seeing class for first time: org.robolectric.Robolectric
2024-11-12 13:41:32,505 INFO  EvoClassLoader - Instrumenting class 'org.robolectric.Robolectric'.
2024-11-12 13:41:32,506 INFO  EvoClassLoader - Error while loading class: java.lang.ClassNotFoundException: Class 'org/robolectric/Robolectric.class' should be in target project, but could not be found!
2024-11-12 13:41:32,512 INFO  log - Logging initialized @22755ms to org.eclipse.jetty.util.log.Slf4jLog
]]></system-out>
  </testcase>
  <testcase name="test07" classname="org.apache.hadoop.hdfs.tools.offlineImageViewer.FSImageLoader_ESTest" time="0.028">
    <system-out><![CDATA[2024-11-12 13:41:32,528 INFO  FSImageHandler - Loading inode references
2024-11-12 13:41:32,530 INFO  FSDirectory - GLOBAL serial map: bits=29 maxEntries=536870911
2024-11-12 13:41:32,530 INFO  FSDirectory - USER serial map: bits=24 maxEntries=16777215
2024-11-12 13:41:32,530 INFO  FSDirectory - GROUP serial map: bits=24 maxEntries=16777215
2024-11-12 13:41:32,530 INFO  FSDirectory - XATTR serial map: bits=24 maxEntries=16777215
2024-11-12 13:41:32,530 INFO  EvoClassLoader - Seeing class for first time: libcore.io.Memory
2024-11-12 13:41:32,530 INFO  EvoClassLoader - Instrumenting class 'libcore.io.Memory'.
2024-11-12 13:41:32,530 INFO  EvoClassLoader - Error while loading class: java.lang.ClassNotFoundException: Class 'libcore/io/Memory.class' should be in target project, but could not be found!
2024-11-12 13:41:32,531 INFO  EvoClassLoader - Seeing class for first time: org.robolectric.Robolectric
2024-11-12 13:41:32,531 INFO  EvoClassLoader - Instrumenting class 'org.robolectric.Robolectric'.
2024-11-12 13:41:32,531 INFO  EvoClassLoader - Error while loading class: java.lang.ClassNotFoundException: Class 'org/robolectric/Robolectric.class' should be in target project, but could not be found!
2024-11-12 13:41:32,537 INFO  log - Logging initialized @22780ms to org.eclipse.jetty.util.log.Slf4jLog
]]></system-out>
  </testcase>
  <testcase name="test08" classname="org.apache.hadoop.hdfs.tools.offlineImageViewer.FSImageLoader_ESTest" time="0.018">
    <system-out><![CDATA[2024-11-12 13:41:32,554 INFO  FSDirectory - GLOBAL serial map: bits=29 maxEntries=536870911
2024-11-12 13:41:32,554 INFO  FSDirectory - USER serial map: bits=24 maxEntries=16777215
2024-11-12 13:41:32,554 INFO  FSDirectory - GROUP serial map: bits=24 maxEntries=16777215
2024-11-12 13:41:32,554 INFO  FSDirectory - XATTR serial map: bits=24 maxEntries=16777215
2024-11-12 13:41:32,554 INFO  EvoClassLoader - Seeing class for first time: libcore.io.Memory
2024-11-12 13:41:32,554 INFO  EvoClassLoader - Instrumenting class 'libcore.io.Memory'.
2024-11-12 13:41:32,555 INFO  EvoClassLoader - Error while loading class: java.lang.ClassNotFoundException: Class 'libcore/io/Memory.class' should be in target project, but could not be found!
2024-11-12 13:41:32,555 INFO  EvoClassLoader - Seeing class for first time: org.robolectric.Robolectric
2024-11-12 13:41:32,555 INFO  EvoClassLoader - Instrumenting class 'org.robolectric.Robolectric'.
2024-11-12 13:41:32,555 INFO  EvoClassLoader - Error while loading class: java.lang.ClassNotFoundException: Class 'org/robolectric/Robolectric.class' should be in target project, but could not be found!
2024-11-12 13:41:32,561 INFO  log - Logging initialized @22804ms to org.eclipse.jetty.util.log.Slf4jLog
]]></system-out>
  </testcase>
  <testcase name="test09" classname="org.apache.hadoop.hdfs.tools.offlineImageViewer.FSImageLoader_ESTest" time="0.019">
    <system-out><![CDATA[2024-11-12 13:41:32,575 INFO  FSDirectory - GLOBAL serial map: bits=29 maxEntries=536870911
2024-11-12 13:41:32,575 INFO  FSDirectory - USER serial map: bits=24 maxEntries=16777215
2024-11-12 13:41:32,575 INFO  FSDirectory - GROUP serial map: bits=24 maxEntries=16777215
2024-11-12 13:41:32,575 INFO  FSDirectory - XATTR serial map: bits=24 maxEntries=16777215
2024-11-12 13:41:32,575 INFO  EvoClassLoader - Seeing class for first time: libcore.io.Memory
2024-11-12 13:41:32,575 INFO  EvoClassLoader - Instrumenting class 'libcore.io.Memory'.
2024-11-12 13:41:32,575 INFO  EvoClassLoader - Error while loading class: java.lang.ClassNotFoundException: Class 'libcore/io/Memory.class' should be in target project, but could not be found!
2024-11-12 13:41:32,575 INFO  EvoClassLoader - Seeing class for first time: org.robolectric.Robolectric
2024-11-12 13:41:32,575 INFO  EvoClassLoader - Instrumenting class 'org.robolectric.Robolectric'.
2024-11-12 13:41:32,576 INFO  EvoClassLoader - Error while loading class: java.lang.ClassNotFoundException: Class 'org/robolectric/Robolectric.class' should be in target project, but could not be found!
2024-11-12 13:41:32,580 INFO  log - Logging initialized @22823ms to org.eclipse.jetty.util.log.Slf4jLog
]]></system-out>
  </testcase>
</testsuite>