<?xml version="1.0" encoding="UTF-8"?>
<testsuite xmlns:xsi="http://www.w3.org/2001/XMLSchema-instance" xsi:noNamespaceSchemaLocation="https://maven.apache.org/surefire/maven-surefire-plugin/xsd/surefire-test-report-3.0.xsd" version="3.0" name="com.squareup.okhttp.internal.framed.NameValueBlockReader_ESTest" time="0.524" tests="6" errors="0" skipped="0" failures="0">
  <properties>
    <property name="awt.toolkit" value="sun.awt.X11.XToolkit"/>
    <property name="file.encoding.pkg" value="sun.io"/>
    <property name="java.specification.version" value="1.8"/>
    <property name="sun.cpu.isalist" value=""/>
    <property name="sun.jnu.encoding" value="UTF-8"/>
    <property name="java.class.path" value="/home/wtwhite/code/regression-test-generation/find-diff-classes/compile/gaoss/com/squareup/okhttp/okhttp/2.7.5/target/test-classes:/home/wtwhite/code/regression-test-generation/find-diff-classes/compile/gaoss/com/squareup/okhttp/okhttp/2.7.5/target/classes:/home/wtwhite/code/craw-redhat-oss/wget/crawl/google-aoss/com/squareup/okhttp/okhttp/2.7.5/okhttp-2.7.5.jar:/home/wtwhite/code/regression-test-generation/find-diff-classes/compile/gaoss/com/squareup/okhttp/okhttp/2.7.5/t/dependency/android-4.1.1.4.jar:/home/wtwhite/code/regression-test-generation/find-diff-classes/compile/gaoss/com/squareup/okhttp/okhttp/2.7.5/t/dependency/commons-codec-1.6.jar:/home/wtwhite/code/regression-test-generation/find-diff-classes/compile/gaoss/com/squareup/okhttp/okhttp/2.7.5/t/dependency/commons-logging-1.1.1.jar:/home/wtwhite/code/regression-test-generation/find-diff-classes/compile/gaoss/com/squareup/okhttp/okhttp/2.7.5/t/dependency/httpclient-4.2.2.jar:/home/wtwhite/code/regression-test-generation/find-diff-classes/compile/gaoss/com/squareup/okhttp/okhttp/2.7.5/t/dependency/httpcore-4.2.2.jar:/home/wtwhite/code/regression-test-generation/find-diff-classes/compile/gaoss/com/squareup/okhttp/okhttp/2.7.5/t/dependency/json-20080701.jar:/home/wtwhite/code/regression-test-generation/find-diff-classes/compile/gaoss/com/squareup/okhttp/okhttp/2.7.5/t/dependency/okio-1.6.0.jar:/home/wtwhite/code/regression-test-generation/find-diff-classes/compile/gaoss/com/squareup/okhttp/okhttp/2.7.5/t/dependency/opengl-api-gl1.1-android-2.1_r1.jar:/home/wtwhite/code/regression-test-generation/find-diff-classes/compile/gaoss/com/squareup/okhttp/okhttp/2.7.5/t/dependency/xmlParserAPIs-2.6.2.jar:/home/wtwhite/code/regression-test-generation/find-diff-classes/compile/gaoss/com/squareup/okhttp/okhttp/2.7.5/t/dependency/xpp3-1.1.4c.jar:/home/wtwhite/code/regression-test-generation/evosuite/evosuite-standalone-runtime-1.2.0.jar:/home/wtwhite/.m2/repository/junit/junit/4.13.2/junit-4.13.2.jar:/home/wtwhite/.m2/repository/org/hamcrest/hamcrest-core/1.3/hamcrest-core-1.3.jar:"/>
    <property name="java.vm.vendor" value="Private Build"/>
    <property name="sun.arch.data.model" value="64"/>
    <property name="java.vendor.url" value="http://java.oracle.com/"/>
    <property name="user.timezone" value=""/>
    <property name="java.vm.specification.version" value="1.8"/>
    <property name="os.name" value="Linux"/>
    <property name="RUNDIR" value="/home/wtwhite/code/regression-test-generation/find-diff-classes/run-mvn"/>
    <property name="user.country" value="NZ"/>
    <property name="sun.java.launcher" value="SUN_STANDARD"/>
    <property name="sun.boot.library.path" value="/usr/lib/jvm/java-8-openjdk-amd64/jre/lib/amd64"/>
    <property name="sun.java.command" value="/home/wtwhite/code/regression-test-generation/find-diff-classes/compile/gaoss/com/squareup/okhttp/okhttp/2.7.5/target/surefire/surefirebooter-20241106180645528_3.jar /home/wtwhite/code/regression-test-generation/find-diff-classes/compile/gaoss/com/squareup/okhttp/okhttp/2.7.5/target/surefire 2024-11-06T18-06-45_393-jvmRun1 surefire-20241106180645528_1tmp surefire_0-20241106180645528_2tmp"/>
    <property name="surefire.test.class.path" value="/home/wtwhite/code/regression-test-generation/find-diff-classes/compile/gaoss/com/squareup/okhttp/okhttp/2.7.5/target/test-classes:/home/wtwhite/code/regression-test-generation/find-diff-classes/compile/gaoss/com/squareup/okhttp/okhttp/2.7.5/target/classes:/home/wtwhite/code/craw-redhat-oss/wget/crawl/google-aoss/com/squareup/okhttp/okhttp/2.7.5/okhttp-2.7.5.jar:/home/wtwhite/code/regression-test-generation/find-diff-classes/compile/gaoss/com/squareup/okhttp/okhttp/2.7.5/t/dependency/android-4.1.1.4.jar:/home/wtwhite/code/regression-test-generation/find-diff-classes/compile/gaoss/com/squareup/okhttp/okhttp/2.7.5/t/dependency/commons-codec-1.6.jar:/home/wtwhite/code/regression-test-generation/find-diff-classes/compile/gaoss/com/squareup/okhttp/okhttp/2.7.5/t/dependency/commons-logging-1.1.1.jar:/home/wtwhite/code/regression-test-generation/find-diff-classes/compile/gaoss/com/squareup/okhttp/okhttp/2.7.5/t/dependency/httpclient-4.2.2.jar:/home/wtwhite/code/regression-test-generation/find-diff-classes/compile/gaoss/com/squareup/okhttp/okhttp/2.7.5/t/dependency/httpcore-4.2.2.jar:/home/wtwhite/code/regression-test-generation/find-diff-classes/compile/gaoss/com/squareup/okhttp/okhttp/2.7.5/t/dependency/json-20080701.jar:/home/wtwhite/code/regression-test-generation/find-diff-classes/compile/gaoss/com/squareup/okhttp/okhttp/2.7.5/t/dependency/okio-1.6.0.jar:/home/wtwhite/code/regression-test-generation/find-diff-classes/compile/gaoss/com/squareup/okhttp/okhttp/2.7.5/t/dependency/opengl-api-gl1.1-android-2.1_r1.jar:/home/wtwhite/code/regression-test-generation/find-diff-classes/compile/gaoss/com/squareup/okhttp/okhttp/2.7.5/t/dependency/xmlParserAPIs-2.6.2.jar:/home/wtwhite/code/regression-test-generation/find-diff-classes/compile/gaoss/com/squareup/okhttp/okhttp/2.7.5/t/dependency/xpp3-1.1.4c.jar:/home/wtwhite/code/regression-test-generation/evosuite/evosuite-standalone-runtime-1.2.0.jar:/home/wtwhite/.m2/repository/junit/junit/4.13.2/junit-4.13.2.jar:/home/wtwhite/.m2/repository/org/hamcrest/hamcrest-core/1.3/hamcrest-core-1.3.jar:"/>
    <property name="sun.cpu.endian" value="little"/>
    <property name="user.home" value="/home/wtwhite"/>
    <property name="user.language" value="en"/>
    <property name="java.specification.vendor" value="Oracle Corporation"/>
    <property name="java.home" value="/usr/lib/jvm/java-8-openjdk-amd64/jre"/>
    <property name="basedir" value="/home/wtwhite/code/regression-test-generation/find-diff-classes/compile/gaoss/com/squareup/okhttp/okhttp/2.7.5"/>
    <property name="file.separator" value="/"/>
    <property name="line.separator" value="&#10;"/>
    <property name="java.vm.specification.vendor" value="Oracle Corporation"/>
    <property name="java.specification.name" value="Java Platform API Specification"/>
    <property name="java.awt.graphicsenv" value="sun.awt.X11GraphicsEnvironment"/>
    <property name="surefire.real.class.path" value="/home/wtwhite/code/regression-test-generation/find-diff-classes/compile/gaoss/com/squareup/okhttp/okhttp/2.7.5/target/surefire/surefirebooter-20241106180645528_3.jar"/>
    <property name="sun.boot.class.path" value="/usr/lib/jvm/java-8-openjdk-amd64/jre/lib/resources.jar:/usr/lib/jvm/java-8-openjdk-amd64/jre/lib/rt.jar:/usr/lib/jvm/java-8-openjdk-amd64/jre/lib/sunrsasign.jar:/usr/lib/jvm/java-8-openjdk-amd64/jre/lib/jsse.jar:/usr/lib/jvm/java-8-openjdk-amd64/jre/lib/jce.jar:/usr/lib/jvm/java-8-openjdk-amd64/jre/lib/charsets.jar:/usr/lib/jvm/java-8-openjdk-amd64/jre/lib/jfr.jar:/usr/lib/jvm/java-8-openjdk-amd64/jre/classes"/>
    <property name="sun.management.compiler" value="HotSpot 64-Bit Tiered Compilers"/>
    <property name="java.runtime.version" value="1.8.0_382-8u382-ga-1~22.04.1-b05"/>
    <property name="user.name" value="wtwhite"/>
    <property name="path.separator" value=":"/>
    <property name="os.version" value="5.15.0-87-generic"/>
    <property name="java.endorsed.dirs" value="/usr/lib/jvm/java-8-openjdk-amd64/jre/lib/endorsed"/>
    <property name="java.runtime.name" value="OpenJDK Runtime Environment"/>
    <property name="file.encoding" value="UTF-8"/>
    <property name="java.vm.name" value="OpenJDK 64-Bit Server VM"/>
    <property name="localRepository" value="/home/wtwhite/.m2/repository"/>
    <property name="java.vendor.url.bug" value="http://bugreport.sun.com/bugreport/"/>
    <property name="java.io.tmpdir" value="/tmp"/>
    <property name="java.version" value="1.8.0_382"/>
    <property name="user.dir" value="/home/wtwhite/code/regression-test-generation/find-diff-classes/compile/gaoss/com/squareup/okhttp/okhttp/2.7.5"/>
    <property name="os.arch" value="amd64"/>
    <property name="java.vm.specification.name" value="Java Virtual Machine Specification"/>
    <property name="java.awt.printerjob" value="sun.print.PSPrinterJob"/>
    <property name="sun.os.patch.level" value="unknown"/>
    <property name="java.library.path" value="/usr/java/packages/lib/amd64:/usr/lib/x86_64-linux-gnu/jni:/lib/x86_64-linux-gnu:/usr/lib/x86_64-linux-gnu:/usr/lib/jni:/lib:/usr/lib"/>
    <property name="java.vm.info" value="mixed mode"/>
    <property name="java.vendor" value="Private Build"/>
    <property name="java.vm.version" value="25.382-b05"/>
    <property name="java.specification.maintenance.version" value="5"/>
    <property name="java.ext.dirs" value="/usr/lib/jvm/java-8-openjdk-amd64/jre/lib/ext:/usr/java/packages/lib/ext"/>
    <property name="sun.io.unicode.encoding" value="UnicodeLittle"/>
    <property name="java.class.version" value="52.0"/>
  </properties>
  <testcase name="test0" classname="com.squareup.okhttp.internal.framed.NameValueBlockReader_ESTest" time="0.029">
    <system-err><![CDATA[SLF4J: Failed to load class "org.slf4j.impl.StaticLoggerBinder".
SLF4J: Defaulting to no-operation (NOP) logger implementation
SLF4J: See http://www.slf4j.org/codes.html#StaticLoggerBinder for further details.
]]></system-err>
  </testcase>
  <testcase name="test1" classname="com.squareup.okhttp.internal.framed.NameValueBlockReader_ESTest" time="0.007"/>
  <testcase name="test4" classname="com.squareup.okhttp.internal.framed.NameValueBlockReader_ESTest" time="0.01"/>
  <testcase name="test5" classname="com.squareup.okhttp.internal.framed.NameValueBlockReader_ESTest" time="0.008"/>
  <testcase name="test2" classname="com.squareup.okhttp.internal.framed.NameValueBlockReader_ESTest" time="0.006"/>
  <testcase name="test3" classname="com.squareup.okhttp.internal.framed.NameValueBlockReader_ESTest" time="0.004"/>
</testsuite>