<?xml version="1.0" encoding="UTF-8"?>
<testsuite xmlns:xsi="http://www.w3.org/2001/XMLSchema-instance" xsi:noNamespaceSchemaLocation="https://maven.apache.org/surefire/maven-surefire-plugin/xsd/surefire-test-report-3.0.xsd" version="3.0" name="org.apache.avro.file.XZCodec_ESTest" time="3.822" tests="20" errors="0" skipped="0" failures="0">
  <properties>
    <property name="awt.toolkit" value="sun.awt.X11.XToolkit"/>
    <property name="file.encoding.pkg" value="sun.io"/>
    <property name="java.specification.version" value="1.8"/>
    <property name="sun.cpu.isalist" value=""/>
    <property name="sun.jnu.encoding" value="UTF-8"/>
    <property name="java.class.path" value="/home/wtwhite/code/regression-test-generation/find-diff-classes/compile/mvnc/org/apache/avro/avro/1.11.1/target/test-classes:/home/wtwhite/code/regression-test-generation/find-diff-classes/compile/mvnc/org/apache/avro/avro/1.11.1/target/classes:/home/wtwhite/code/craw-redhat-oss/wget/crawl/repo1.maven.org/maven2/org/apache/avro/avro/1.11.1/avro-1.11.1.jar:/home/wtwhite/code/regression-test-generation/find-diff-classes/compile/mvnc/org/apache/avro/avro/1.11.1/t/dependency/apiguardian-api-1.1.2.jar:/home/wtwhite/code/regression-test-generation/find-diff-classes/compile/mvnc/org/apache/avro/avro/1.11.1/t/dependency/commons-compress-1.21.jar:/home/wtwhite/code/regression-test-generation/find-diff-classes/compile/mvnc/org/apache/avro/avro/1.11.1/t/dependency/hamcrest-2.2.jar:/home/wtwhite/code/regression-test-generation/find-diff-classes/compile/mvnc/org/apache/avro/avro/1.11.1/t/dependency/hamcrest-core-2.2.jar:/home/wtwhite/code/regression-test-generation/find-diff-classes/compile/mvnc/org/apache/avro/avro/1.11.1/t/dependency/hamcrest-library-2.2.jar:/home/wtwhite/code/regression-test-generation/find-diff-classes/compile/mvnc/org/apache/avro/avro/1.11.1/t/dependency/jackson-annotations-2.12.7.jar:/home/wtwhite/code/regression-test-generation/find-diff-classes/compile/mvnc/org/apache/avro/avro/1.11.1/t/dependency/jackson-core-2.12.7.jar:/home/wtwhite/code/regression-test-generation/find-diff-classes/compile/mvnc/org/apache/avro/avro/1.11.1/t/dependency/jackson-databind-2.12.7.jar:/home/wtwhite/code/regression-test-generation/find-diff-classes/compile/mvnc/org/apache/avro/avro/1.11.1/t/dependency/junit-4.13.2.jar:/home/wtwhite/code/regression-test-generation/find-diff-classes/compile/mvnc/org/apache/avro/avro/1.11.1/t/dependency/junit-jupiter-5.8.2.jar:/home/wtwhite/code/regression-test-generation/find-diff-classes/compile/mvnc/org/apache/avro/avro/1.11.1/t/dependency/junit-jupiter-api-5.8.2.jar:/home/wtwhite/code/regression-test-generation/find-diff-classes/compile/mvnc/org/apache/avro/avro/1.11.1/t/dependency/junit-jupiter-engine-5.8.2.jar:/home/wtwhite/code/regression-test-generation/find-diff-classes/compile/mvnc/org/apache/avro/avro/1.11.1/t/dependency/junit-jupiter-params-5.8.2.jar:/home/wtwhite/code/regression-test-generation/find-diff-classes/compile/mvnc/org/apache/avro/avro/1.11.1/t/dependency/junit-platform-commons-1.8.2.jar:/home/wtwhite/code/regression-test-generation/find-diff-classes/compile/mvnc/org/apache/avro/avro/1.11.1/t/dependency/junit-platform-engine-1.8.2.jar:/home/wtwhite/code/regression-test-generation/find-diff-classes/compile/mvnc/org/apache/avro/avro/1.11.1/t/dependency/opentest4j-1.2.0.jar:/home/wtwhite/code/regression-test-generation/find-diff-classes/compile/mvnc/org/apache/avro/avro/1.11.1/t/dependency/slf4j-api-1.7.36.jar:/home/wtwhite/code/regression-test-generation/find-diff-classes/compile/mvnc/org/apache/avro/avro/1.11.1/t/dependency/slf4j-simple-1.7.36.jar:/home/wtwhite/code/regression-test-generation/find-diff-classes/compile/mvnc/org/apache/avro/avro/1.11.1/t/dependency/snappy-java-1.1.8.4.jar:/home/wtwhite/code/regression-test-generation/find-diff-classes/compile/mvnc/org/apache/avro/avro/1.11.1/t/dependency/xz-1.9.jar:/home/wtwhite/code/regression-test-generation/find-diff-classes/compile/mvnc/org/apache/avro/avro/1.11.1/t/dependency/zstd-jni-1.5.2-3.jar:/home/wtwhite/code/regression-test-generation/evosuite/evosuite-standalone-runtime-1.2.0.jar:/home/wtwhite/.m2/repository/junit/junit/4.13.2/junit-4.13.2.jar:/home/wtwhite/.m2/repository/org/hamcrest/hamcrest-core/1.3/hamcrest-core-1.3.jar:"/>
    <property name="java.vm.vendor" value="Private Build"/>
    <property name="sun.arch.data.model" value="64"/>
    <property name="java.vendor.url" value="http://java.oracle.com/"/>
    <property name="user.timezone" value=""/>
    <property name="java.vm.specification.version" value="1.8"/>
    <property name="os.name" value="Linux"/>
    <property name="RUNDIR" value="/home/wtwhite/code/regression-test-generation/find-diff-classes/run-mvn"/>
    <property name="user.country" value="NZ"/>
    <property name="sun.java.launcher" value="SUN_STANDARD"/>
    <property name="sun.boot.library.path" value="/usr/lib/jvm/java-8-openjdk-amd64/jre/lib/amd64"/>
    <property name="sun.java.command" value="/home/wtwhite/code/regression-test-generation/find-diff-classes/compile/mvnc/org/apache/avro/avro/1.11.1/target/surefire/surefirebooter-20241106133540119_3.jar /home/wtwhite/code/regression-test-generation/find-diff-classes/compile/mvnc/org/apache/avro/avro/1.11.1/target/surefire 2024-11-06T13-35-39_920-jvmRun1 surefire-20241106133540119_1tmp surefire_0-20241106133540119_2tmp"/>
    <property name="surefire.test.class.path" value="/home/wtwhite/code/regression-test-generation/find-diff-classes/compile/mvnc/org/apache/avro/avro/1.11.1/target/test-classes:/home/wtwhite/code/regression-test-generation/find-diff-classes/compile/mvnc/org/apache/avro/avro/1.11.1/target/classes:/home/wtwhite/code/craw-redhat-oss/wget/crawl/repo1.maven.org/maven2/org/apache/avro/avro/1.11.1/avro-1.11.1.jar:/home/wtwhite/code/regression-test-generation/find-diff-classes/compile/mvnc/org/apache/avro/avro/1.11.1/t/dependency/apiguardian-api-1.1.2.jar:/home/wtwhite/code/regression-test-generation/find-diff-classes/compile/mvnc/org/apache/avro/avro/1.11.1/t/dependency/commons-compress-1.21.jar:/home/wtwhite/code/regression-test-generation/find-diff-classes/compile/mvnc/org/apache/avro/avro/1.11.1/t/dependency/hamcrest-2.2.jar:/home/wtwhite/code/regression-test-generation/find-diff-classes/compile/mvnc/org/apache/avro/avro/1.11.1/t/dependency/hamcrest-core-2.2.jar:/home/wtwhite/code/regression-test-generation/find-diff-classes/compile/mvnc/org/apache/avro/avro/1.11.1/t/dependency/hamcrest-library-2.2.jar:/home/wtwhite/code/regression-test-generation/find-diff-classes/compile/mvnc/org/apache/avro/avro/1.11.1/t/dependency/jackson-annotations-2.12.7.jar:/home/wtwhite/code/regression-test-generation/find-diff-classes/compile/mvnc/org/apache/avro/avro/1.11.1/t/dependency/jackson-core-2.12.7.jar:/home/wtwhite/code/regression-test-generation/find-diff-classes/compile/mvnc/org/apache/avro/avro/1.11.1/t/dependency/jackson-databind-2.12.7.jar:/home/wtwhite/code/regression-test-generation/find-diff-classes/compile/mvnc/org/apache/avro/avro/1.11.1/t/dependency/junit-4.13.2.jar:/home/wtwhite/code/regression-test-generation/find-diff-classes/compile/mvnc/org/apache/avro/avro/1.11.1/t/dependency/junit-jupiter-5.8.2.jar:/home/wtwhite/code/regression-test-generation/find-diff-classes/compile/mvnc/org/apache/avro/avro/1.11.1/t/dependency/junit-jupiter-api-5.8.2.jar:/home/wtwhite/code/regression-test-generation/find-diff-classes/compile/mvnc/org/apache/avro/avro/1.11.1/t/dependency/junit-jupiter-engine-5.8.2.jar:/home/wtwhite/code/regression-test-generation/find-diff-classes/compile/mvnc/org/apache/avro/avro/1.11.1/t/dependency/junit-jupiter-params-5.8.2.jar:/home/wtwhite/code/regression-test-generation/find-diff-classes/compile/mvnc/org/apache/avro/avro/1.11.1/t/dependency/junit-platform-commons-1.8.2.jar:/home/wtwhite/code/regression-test-generation/find-diff-classes/compile/mvnc/org/apache/avro/avro/1.11.1/t/dependency/junit-platform-engine-1.8.2.jar:/home/wtwhite/code/regression-test-generation/find-diff-classes/compile/mvnc/org/apache/avro/avro/1.11.1/t/dependency/opentest4j-1.2.0.jar:/home/wtwhite/code/regression-test-generation/find-diff-classes/compile/mvnc/org/apache/avro/avro/1.11.1/t/dependency/slf4j-api-1.7.36.jar:/home/wtwhite/code/regression-test-generation/find-diff-classes/compile/mvnc/org/apache/avro/avro/1.11.1/t/dependency/slf4j-simple-1.7.36.jar:/home/wtwhite/code/regression-test-generation/find-diff-classes/compile/mvnc/org/apache/avro/avro/1.11.1/t/dependency/snappy-java-1.1.8.4.jar:/home/wtwhite/code/regression-test-generation/find-diff-classes/compile/mvnc/org/apache/avro/avro/1.11.1/t/dependency/xz-1.9.jar:/home/wtwhite/code/regression-test-generation/find-diff-classes/compile/mvnc/org/apache/avro/avro/1.11.1/t/dependency/zstd-jni-1.5.2-3.jar:/home/wtwhite/code/regression-test-generation/evosuite/evosuite-standalone-runtime-1.2.0.jar:/home/wtwhite/.m2/repository/junit/junit/4.13.2/junit-4.13.2.jar:/home/wtwhite/.m2/repository/org/hamcrest/hamcrest-core/1.3/hamcrest-core-1.3.jar:"/>
    <property name="sun.cpu.endian" value="little"/>
    <property name="user.home" value="/home/wtwhite"/>
    <property name="user.language" value="en"/>
    <property name="java.specification.vendor" value="Oracle Corporation"/>
    <property name="java.home" value="/usr/lib/jvm/java-8-openjdk-amd64/jre"/>
    <property name="basedir" value="/home/wtwhite/code/regression-test-generation/find-diff-classes/compile/mvnc/org/apache/avro/avro/1.11.1"/>
    <property name="file.separator" value="/"/>
    <property name="line.separator" value="&#10;"/>
    <property name="java.vm.specification.vendor" value="Oracle Corporation"/>
    <property name="java.specification.name" value="Java Platform API Specification"/>
    <property name="java.awt.graphicsenv" value="sun.awt.X11GraphicsEnvironment"/>
    <property name="surefire.real.class.path" value="/home/wtwhite/code/regression-test-generation/find-diff-classes/compile/mvnc/org/apache/avro/avro/1.11.1/target/surefire/surefirebooter-20241106133540119_3.jar"/>
    <property name="sun.boot.class.path" value="/usr/lib/jvm/java-8-openjdk-amd64/jre/lib/resources.jar:/usr/lib/jvm/java-8-openjdk-amd64/jre/lib/rt.jar:/usr/lib/jvm/java-8-openjdk-amd64/jre/lib/sunrsasign.jar:/usr/lib/jvm/java-8-openjdk-amd64/jre/lib/jsse.jar:/usr/lib/jvm/java-8-openjdk-amd64/jre/lib/jce.jar:/usr/lib/jvm/java-8-openjdk-amd64/jre/lib/charsets.jar:/usr/lib/jvm/java-8-openjdk-amd64/jre/lib/jfr.jar:/usr/lib/jvm/java-8-openjdk-amd64/jre/classes"/>
    <property name="sun.management.compiler" value="HotSpot 64-Bit Tiered Compilers"/>
    <property name="java.runtime.version" value="1.8.0_382-8u382-ga-1~22.04.1-b05"/>
    <property name="user.name" value="wtwhite"/>
    <property name="path.separator" value=":"/>
    <property name="os.version" value="5.15.0-87-generic"/>
    <property name="java.endorsed.dirs" value="/usr/lib/jvm/java-8-openjdk-amd64/jre/lib/endorsed"/>
    <property name="java.runtime.name" value="OpenJDK Runtime Environment"/>
    <property name="file.encoding" value="UTF-8"/>
    <property name="java.vm.name" value="OpenJDK 64-Bit Server VM"/>
    <property name="localRepository" value="/home/wtwhite/.m2/repository"/>
    <property name="java.vendor.url.bug" value="http://bugreport.sun.com/bugreport/"/>
    <property name="java.io.tmpdir" value="/tmp"/>
    <property name="java.version" value="1.8.0_382"/>
    <property name="user.dir" value="/home/wtwhite/code/regression-test-generation/find-diff-classes/compile/mvnc/org/apache/avro/avro/1.11.1"/>
    <property name="os.arch" value="amd64"/>
    <property name="java.vm.specification.name" value="Java Virtual Machine Specification"/>
    <property name="java.awt.printerjob" value="sun.print.PSPrinterJob"/>
    <property name="sun.os.patch.level" value="unknown"/>
    <property name="java.library.path" value="/usr/java/packages/lib/amd64:/usr/lib/x86_64-linux-gnu/jni:/lib/x86_64-linux-gnu:/usr/lib/x86_64-linux-gnu:/usr/lib/jni:/lib:/usr/lib"/>
    <property name="java.vm.info" value="mixed mode"/>
    <property name="java.vendor" value="Private Build"/>
    <property name="java.vm.version" value="25.382-b05"/>
    <property name="java.specification.maintenance.version" value="5"/>
    <property name="java.ext.dirs" value="/usr/lib/jvm/java-8-openjdk-amd64/jre/lib/ext:/usr/java/packages/lib/ext"/>
    <property name="sun.io.unicode.encoding" value="UnicodeLittle"/>
    <property name="java.class.version" value="52.0"/>
  </properties>
  <testcase name="test00" classname="org.apache.avro.file.XZCodec_ESTest" time="0.25">
    <system-err><![CDATA[[main] INFO org.evosuite.runtime.instrumentation.EvoClassLoader - Seeing class for first time: org.apache.avro.file.XZCodec_ESTest
[main] INFO org.evosuite.runtime.instrumentation.EvoClassLoader - Instrumenting class 'org.apache.avro.file.XZCodec_ESTest'.
[main] INFO org.evosuite.runtime.instrumentation.EvoClassLoader - Seeing class for first time: org.apache.avro.file.XZCodec_ESTest_scaffolding
[main] INFO org.evosuite.runtime.instrumentation.EvoClassLoader - Instrumenting class 'org.apache.avro.file.XZCodec_ESTest_scaffolding'.
[main] INFO org.evosuite.runtime.instrumentation.EvoClassLoader - Keeping class: org.apache.avro.file.XZCodec_ESTest_scaffolding
[main] INFO org.evosuite.runtime.instrumentation.EvoClassLoader - Keeping class: org.apache.avro.file.XZCodec_ESTest
[main] INFO org.evosuite.runtime.instrumentation.EvoClassLoader - Seeing class for first time: org.tukaani.xz.ArrayCache
[main] INFO org.evosuite.runtime.instrumentation.EvoClassLoader - Instrumenting class 'org.tukaani.xz.ArrayCache'.
[main] INFO org.evosuite.runtime.instrumentation.MethodCallReplacementClassAdapter - Adding mock interface to class org/tukaani/xz/ArrayCache
[main] INFO org.evosuite.runtime.instrumentation.CreateClassResetClassAdapter - Found static initializer in class org/tukaani/xz/ArrayCache
[main] INFO org.evosuite.runtime.instrumentation.EvoClassLoader - Defined package (3): package org.tukaani.xz, -1782460427
[main] INFO org.evosuite.runtime.instrumentation.EvoClassLoader - Keeping class: org.tukaani.xz.ArrayCache
[main] INFO org.evosuite.runtime.instrumentation.EvoClassLoader - Seeing class for first time: org.tukaani.xz.lz.HC4
[main] INFO org.evosuite.runtime.instrumentation.EvoClassLoader - Instrumenting class 'org.tukaani.xz.lz.HC4'.
[main] INFO org.evosuite.runtime.instrumentation.MethodCallReplacementClassAdapter - Adding mock interface to class org/tukaani/xz/lz/HC4
[main] INFO org.evosuite.runtime.instrumentation.CreateClassResetClassAdapter - Found static initializer in class org/tukaani/xz/lz/HC4
[main] INFO org.evosuite.runtime.instrumentation.EvoClassLoader - Defined package (3): package org.tukaani.xz.lz, 1697114663
[main] INFO org.evosuite.runtime.instrumentation.EvoClassLoader - Seeing class for first time: org.tukaani.xz.lz.LZEncoder
[main] INFO org.evosuite.runtime.instrumentation.EvoClassLoader - Instrumenting class 'org.tukaani.xz.lz.LZEncoder'.
[main] INFO org.evosuite.runtime.instrumentation.MethodCallReplacementClassAdapter - Adding mock interface to class org/tukaani/xz/lz/LZEncoder
[main] INFO org.evosuite.runtime.instrumentation.CreateClassResetClassAdapter - Found static initializer in class org/tukaani/xz/lz/LZEncoder
[main] INFO org.evosuite.runtime.instrumentation.EvoClassLoader - Keeping class: org.tukaani.xz.lz.LZEncoder
[main] INFO org.evosuite.runtime.instrumentation.EvoClassLoader - Keeping class: org.tukaani.xz.lz.HC4
[main] INFO org.evosuite.runtime.instrumentation.EvoClassLoader - Seeing class for first time: org.tukaani.xz.lz.BT4
[main] INFO org.evosuite.runtime.instrumentation.EvoClassLoader - Instrumenting class 'org.tukaani.xz.lz.BT4'.
[main] INFO org.evosuite.runtime.instrumentation.MethodCallReplacementClassAdapter - Adding mock interface to class org/tukaani/xz/lz/BT4
[main] INFO org.evosuite.runtime.instrumentation.CreateClassResetClassAdapter - Creating brand-new static initializer in class org/tukaani/xz/lz/BT4
[main] INFO org.evosuite.runtime.instrumentation.EvoClassLoader - Keeping class: org.tukaani.xz.lz.BT4
[main] INFO org.evosuite.runtime.instrumentation.EvoClassLoader - Seeing class for first time: org.tukaani.xz.LZMA2Options
[main] INFO org.evosuite.runtime.instrumentation.EvoClassLoader - Instrumenting class 'org.tukaani.xz.LZMA2Options'.
[main] INFO org.evosuite.runtime.instrumentation.MethodCallReplacementClassAdapter - Adding mock interface to class org/tukaani/xz/LZMA2Options
[main] INFO org.evosuite.runtime.instrumentation.CreateClassResetClassAdapter - Found static initializer in class org/tukaani/xz/LZMA2Options
[main] INFO org.evosuite.runtime.instrumentation.EvoClassLoader - Seeing class for first time: org.tukaani.xz.FilterOptions
[main] INFO org.evosuite.runtime.instrumentation.EvoClassLoader - Instrumenting class 'org.tukaani.xz.FilterOptions'.
[main] INFO org.evosuite.runtime.instrumentation.MethodCallReplacementClassAdapter - Adding mock interface to class org/tukaani/xz/FilterOptions
[main] INFO org.evosuite.runtime.instrumentation.CreateClassResetClassAdapter - Creating brand-new static initializer in class org/tukaani/xz/FilterOptions
[main] INFO org.evosuite.runtime.instrumentation.EvoClassLoader - Keeping class: org.tukaani.xz.FilterOptions
[main] INFO org.evosuite.runtime.instrumentation.EvoClassLoader - Keeping class: org.tukaani.xz.LZMA2Options
[main] INFO org.evosuite.runtime.instrumentation.EvoClassLoader - Seeing class for first time: org.tukaani.xz.FinishableOutputStream
[main] INFO org.evosuite.runtime.instrumentation.EvoClassLoader - Instrumenting class 'org.tukaani.xz.FinishableOutputStream'.
[main] INFO org.evosuite.runtime.instrumentation.MethodCallReplacementClassAdapter - Adding mock interface to class org/tukaani/xz/FinishableOutputStream
[main] INFO org.evosuite.runtime.instrumentation.CreateClassResetClassAdapter - Creating brand-new static initializer in class org/tukaani/xz/FinishableOutputStream
[main] INFO org.evosuite.runtime.instrumentation.EvoClassLoader - Keeping class: org.tukaani.xz.FinishableOutputStream
[main] INFO org.evosuite.runtime.instrumentation.EvoClassLoader - Seeing class for first time: org.tukaani.xz.UncompressedLZMA2OutputStream
[main] INFO org.evosuite.runtime.instrumentation.EvoClassLoader - Instrumenting class 'org.tukaani.xz.UncompressedLZMA2OutputStream'.
[main] INFO org.evosuite.runtime.instrumentation.MethodCallReplacementClassAdapter - Adding mock interface to class org/tukaani/xz/UncompressedLZMA2OutputStream
[main] INFO org.evosuite.runtime.instrumentation.CreateClassResetClassAdapter - Creating brand-new static initializer in class org/tukaani/xz/UncompressedLZMA2OutputStream
[main] INFO org.evosuite.runtime.instrumentation.EvoClassLoader - Keeping class: org.tukaani.xz.UncompressedLZMA2OutputStream
[main] INFO org.evosuite.runtime.instrumentation.EvoClassLoader - Seeing class for first time: org.tukaani.xz.LZMA2OutputStream
[main] INFO org.evosuite.runtime.instrumentation.EvoClassLoader - Instrumenting class 'org.tukaani.xz.LZMA2OutputStream'.
[main] INFO org.evosuite.runtime.instrumentation.MethodCallReplacementClassAdapter - Adding mock interface to class org/tukaani/xz/LZMA2OutputStream
[main] INFO org.evosuite.runtime.instrumentation.CreateClassResetClassAdapter - Found static initializer in class org/tukaani/xz/LZMA2OutputStream
[main] INFO org.evosuite.runtime.instrumentation.EvoClassLoader - Keeping class: org.tukaani.xz.LZMA2OutputStream
[main] INFO org.evosuite.runtime.instrumentation.EvoClassLoader - Seeing class for first time: org.tukaani.xz.FilterEncoder
[main] INFO org.evosuite.runtime.instrumentation.EvoClassLoader - Instrumenting class 'org.tukaani.xz.FilterEncoder'.
[main] INFO org.evosuite.runtime.instrumentation.EvoClassLoader - Seeing class for first time: org.tukaani.xz.FilterCoder
[main] INFO org.evosuite.runtime.instrumentation.EvoClassLoader - Instrumenting class 'org.tukaani.xz.FilterCoder'.
[main] INFO org.evosuite.runtime.instrumentation.EvoClassLoader - Keeping class: org.tukaani.xz.FilterCoder
[main] INFO org.evosuite.runtime.instrumentation.EvoClassLoader - Keeping class: org.tukaani.xz.FilterEncoder
[main] INFO org.evosuite.runtime.instrumentation.EvoClassLoader - Seeing class for first time: org.tukaani.xz.UnsupportedOptionsException
[main] INFO org.evosuite.runtime.instrumentation.EvoClassLoader - Instrumenting class 'org.tukaani.xz.UnsupportedOptionsException'.
[main] INFO org.evosuite.runtime.instrumentation.MethodCallReplacementClassAdapter - Adding mock interface to class org/tukaani/xz/UnsupportedOptionsException
[main] INFO org.evosuite.runtime.instrumentation.CreateClassResetClassAdapter - Creating brand-new static initializer in class org/tukaani/xz/UnsupportedOptionsException
[main] INFO org.evosuite.runtime.instrumentation.EvoClassLoader - Seeing class for first time: org.tukaani.xz.XZIOException
[main] INFO org.evosuite.runtime.instrumentation.EvoClassLoader - Instrumenting class 'org.tukaani.xz.XZIOException'.
[main] INFO org.evosuite.runtime.instrumentation.MethodCallReplacementClassAdapter - Adding mock interface to class org/tukaani/xz/XZIOException
[main] INFO org.evosuite.runtime.instrumentation.CreateClassResetClassAdapter - Creating brand-new static initializer in class org/tukaani/xz/XZIOException
[main] INFO org.evosuite.runtime.instrumentation.EvoClassLoader - Keeping class: org.tukaani.xz.XZIOException
[main] INFO org.evosuite.runtime.instrumentation.EvoClassLoader - Keeping class: org.tukaani.xz.UnsupportedOptionsException
[main] INFO org.evosuite.runtime.instrumentation.EvoClassLoader - Seeing class for first time: org.tukaani.xz.LZMA2InputStream
[main] INFO org.evosuite.runtime.instrumentation.EvoClassLoader - Instrumenting class 'org.tukaani.xz.LZMA2InputStream'.
[main] INFO org.evosuite.runtime.instrumentation.MethodCallReplacementClassAdapter - Adding mock interface to class org/tukaani/xz/LZMA2InputStream
[main] INFO org.evosuite.runtime.instrumentation.CreateClassResetClassAdapter - Creating brand-new static initializer in class org/tukaani/xz/LZMA2InputStream
[main] INFO org.evosuite.runtime.instrumentation.CreateClassResetClassAdapter - Adding bytecode for initializing field DICT_SIZE_MIN
[main] INFO org.evosuite.runtime.instrumentation.CreateClassResetClassAdapter - Adding bytecode for initializing field DICT_SIZE_MAX
[main] INFO org.evosuite.runtime.instrumentation.CreateClassResetClassAdapter - Adding bytecode for initializing field COMPRESSED_SIZE_MAX
[main] INFO org.evosuite.runtime.instrumentation.EvoClassLoader - Keeping class: org.tukaani.xz.LZMA2InputStream
[main] INFO org.evosuite.runtime.instrumentation.EvoClassLoader - Seeing class for first time: org.tukaani.xz.lzma.LZMAEncoder$LiteralEncoder
[main] INFO org.evosuite.runtime.instrumentation.EvoClassLoader - Instrumenting class 'org.tukaani.xz.lzma.LZMAEncoder$LiteralEncoder'.
[main] INFO org.evosuite.runtime.instrumentation.MethodCallReplacementClassAdapter - Adding mock interface to class org/tukaani/xz/lzma/LZMAEncoder$LiteralEncoder
[main] INFO org.evosuite.runtime.instrumentation.CreateClassResetClassAdapter - Found static initializer in class org/tukaani/xz/lzma/LZMAEncoder$LiteralEncoder
[main] INFO org.evosuite.runtime.instrumentation.EvoClassLoader - Defined package (3): package org.tukaani.xz.lzma, -1160377861
[main] INFO org.evosuite.runtime.instrumentation.EvoClassLoader - Seeing class for first time: org.tukaani.xz.lzma.LZMACoder$LiteralCoder
[main] INFO org.evosuite.runtime.instrumentation.EvoClassLoader - Instrumenting class 'org.tukaani.xz.lzma.LZMACoder$LiteralCoder'.
[main] INFO org.evosuite.runtime.instrumentation.MethodCallReplacementClassAdapter - Adding mock interface to class org/tukaani/xz/lzma/LZMACoder$LiteralCoder
[main] INFO org.evosuite.runtime.instrumentation.CreateClassResetClassAdapter - Creating brand-new static initializer in class org/tukaani/xz/lzma/LZMACoder$LiteralCoder
[main] INFO org.evosuite.runtime.instrumentation.EvoClassLoader - Keeping class: org.tukaani.xz.lzma.LZMACoder$LiteralCoder
[main] INFO org.evosuite.runtime.instrumentation.EvoClassLoader - Keeping class: org.tukaani.xz.lzma.LZMAEncoder$LiteralEncoder
[main] INFO org.evosuite.runtime.instrumentation.EvoClassLoader - Seeing class for first time: org.tukaani.xz.lzma.LZMACoder
[main] INFO org.evosuite.runtime.instrumentation.EvoClassLoader - Instrumenting class 'org.tukaani.xz.lzma.LZMACoder'.
[main] INFO org.evosuite.runtime.instrumentation.MethodCallReplacementClassAdapter - Adding mock interface to class org/tukaani/xz/lzma/LZMACoder
[main] INFO org.evosuite.runtime.instrumentation.CreateClassResetClassAdapter - Creating brand-new static initializer in class org/tukaani/xz/lzma/LZMACoder
[main] INFO org.evosuite.runtime.instrumentation.CreateClassResetClassAdapter - Adding bytecode for initializing field POS_STATES_MAX
[main] INFO org.evosuite.runtime.instrumentation.CreateClassResetClassAdapter - Adding bytecode for initializing field MATCH_LEN_MIN
[main] INFO org.evosuite.runtime.instrumentation.CreateClassResetClassAdapter - Adding bytecode for initializing field MATCH_LEN_MAX
[main] INFO org.evosuite.runtime.instrumentation.CreateClassResetClassAdapter - Adding bytecode for initializing field DIST_STATES
[main] INFO org.evosuite.runtime.instrumentation.CreateClassResetClassAdapter - Adding bytecode for initializing field DIST_SLOTS
[main] INFO org.evosuite.runtime.instrumentation.CreateClassResetClassAdapter - Adding bytecode for initializing field DIST_MODEL_START
[main] INFO org.evosuite.runtime.instrumentation.CreateClassResetClassAdapter - Adding bytecode for initializing field DIST_MODEL_END
[main] INFO org.evosuite.runtime.instrumentation.CreateClassResetClassAdapter - Adding bytecode for initializing field FULL_DISTANCES
[main] INFO org.evosuite.runtime.instrumentation.CreateClassResetClassAdapter - Adding bytecode for initializing field ALIGN_BITS
[main] INFO org.evosuite.runtime.instrumentation.CreateClassResetClassAdapter - Adding bytecode for initializing field ALIGN_SIZE
[main] INFO org.evosuite.runtime.instrumentation.CreateClassResetClassAdapter - Adding bytecode for initializing field ALIGN_MASK
[main] INFO org.evosuite.runtime.instrumentation.CreateClassResetClassAdapter - Adding bytecode for initializing field REPS
[main] INFO org.evosuite.runtime.instrumentation.EvoClassLoader - Keeping class: org.tukaani.xz.lzma.LZMACoder
[main] INFO org.evosuite.runtime.instrumentation.EvoClassLoader - Seeing class for first time: org.tukaani.xz.lzma.LZMAEncoder
[main] INFO org.evosuite.runtime.instrumentation.EvoClassLoader - Instrumenting class 'org.tukaani.xz.lzma.LZMAEncoder'.
[main] INFO org.evosuite.runtime.instrumentation.MethodCallReplacementClassAdapter - Adding mock interface to class org/tukaani/xz/lzma/LZMAEncoder
[main] INFO org.evosuite.runtime.instrumentation.CreateClassResetClassAdapter - Found static initializer in class org/tukaani/xz/lzma/LZMAEncoder
[main] INFO org.evosuite.runtime.instrumentation.EvoClassLoader - Keeping class: org.tukaani.xz.lzma.LZMAEncoder
[main] INFO org.evosuite.runtime.instrumentation.EvoClassLoader - Seeing class for first time: org.tukaani.xz.MemoryLimitException
[main] INFO org.evosuite.runtime.instrumentation.EvoClassLoader - Instrumenting class 'org.tukaani.xz.MemoryLimitException'.
[main] INFO org.evosuite.runtime.instrumentation.MethodCallReplacementClassAdapter - Adding mock interface to class org/tukaani/xz/MemoryLimitException
[main] INFO org.evosuite.runtime.instrumentation.CreateClassResetClassAdapter - Creating brand-new static initializer in class org/tukaani/xz/MemoryLimitException
[main] INFO org.evosuite.runtime.instrumentation.EvoClassLoader - Keeping class: org.tukaani.xz.MemoryLimitException
[main] INFO org.evosuite.runtime.instrumentation.EvoClassLoader - Seeing class for first time: org.tukaani.xz.lz.Hash234
[main] INFO org.evosuite.runtime.instrumentation.EvoClassLoader - Instrumenting class 'org.tukaani.xz.lz.Hash234'.
[main] INFO org.evosuite.runtime.instrumentation.MethodCallReplacementClassAdapter - Adding mock interface to class org/tukaani/xz/lz/Hash234
[main] INFO org.evosuite.runtime.instrumentation.CreateClassResetClassAdapter - Creating brand-new static initializer in class org/tukaani/xz/lz/Hash234
[main] INFO org.evosuite.runtime.instrumentation.CreateClassResetClassAdapter - Adding bytecode for initializing field HASH_2_SIZE
[main] INFO org.evosuite.runtime.instrumentation.CreateClassResetClassAdapter - Adding bytecode for initializing field HASH_2_MASK
[main] INFO org.evosuite.runtime.instrumentation.CreateClassResetClassAdapter - Adding bytecode for initializing field HASH_3_SIZE
[main] INFO org.evosuite.runtime.instrumentation.CreateClassResetClassAdapter - Adding bytecode for initializing field HASH_3_MASK
[main] INFO org.evosuite.runtime.instrumentation.EvoClassLoader - Seeing class for first time: org.tukaani.xz.lz.CRC32Hash
[main] INFO org.evosuite.runtime.instrumentation.EvoClassLoader - Instrumenting class 'org.tukaani.xz.lz.CRC32Hash'.
[main] INFO org.evosuite.runtime.instrumentation.MethodCallReplacementClassAdapter - Adding mock interface to class org/tukaani/xz/lz/CRC32Hash
[main] INFO org.evosuite.runtime.instrumentation.CreateClassResetClassAdapter - Found static initializer in class org/tukaani/xz/lz/CRC32Hash
[main] INFO org.evosuite.runtime.instrumentation.EvoClassLoader - Keeping class: org.tukaani.xz.lz.CRC32Hash
[main] INFO org.evosuite.runtime.instrumentation.EvoClassLoader - Keeping class: org.tukaani.xz.lz.Hash234
[main] INFO org.evosuite.runtime.instrumentation.EvoClassLoader - Seeing class for first time: org.apache.avro.file.Codec
[main] INFO org.evosuite.runtime.instrumentation.EvoClassLoader - Instrumenting class 'org.apache.avro.file.Codec'.
[main] INFO org.evosuite.runtime.instrumentation.MethodCallReplacementClassAdapter - Adding mock interface to class org/apache/avro/file/Codec
[main] INFO org.evosuite.runtime.instrumentation.CreateClassResetClassAdapter - Creating brand-new static initializer in class org/apache/avro/file/Codec
[main] INFO org.evosuite.runtime.instrumentation.EvoClassLoader - Keeping class: org.apache.avro.file.Codec
[main] INFO org.evosuite.runtime.instrumentation.EvoClassLoader - Seeing class for first time: org.xerial.snappy.SnappyLoader
[main] INFO org.evosuite.runtime.instrumentation.EvoClassLoader - Instrumenting class 'org.xerial.snappy.SnappyLoader'.
[main] INFO org.evosuite.runtime.instrumentation.MethodCallReplacementClassAdapter - Adding mock interface to class org/xerial/snappy/SnappyLoader
[main] INFO org.evosuite.runtime.instrumentation.CreateClassResetClassAdapter - Found static initializer in class org/xerial/snappy/SnappyLoader
[main] INFO org.evosuite.runtime.instrumentation.EvoClassLoader - Defined package (3): package org.xerial.snappy, -855954552
[main] INFO org.evosuite.runtime.instrumentation.EvoClassLoader - Keeping class: org.xerial.snappy.SnappyLoader
[main] INFO org.evosuite.runtime.instrumentation.EvoClassLoader - Seeing class for first time: org.xerial.snappy.SnappyApi
[main] INFO org.evosuite.runtime.instrumentation.EvoClassLoader - Instrumenting class 'org.xerial.snappy.SnappyApi'.
[main] INFO org.evosuite.runtime.instrumentation.EvoClassLoader - Keeping class: org.xerial.snappy.SnappyApi
[main] INFO org.evosuite.runtime.instrumentation.EvoClassLoader - Seeing class for first time: org.xerial.snappy.SnappyError
[main] INFO org.evosuite.runtime.instrumentation.EvoClassLoader - Instrumenting class 'org.xerial.snappy.SnappyError'.
[main] INFO org.evosuite.runtime.instrumentation.MethodCallReplacementClassAdapter - Adding mock interface to class org/xerial/snappy/SnappyError
[main] INFO org.evosuite.runtime.instrumentation.CreateClassResetClassAdapter - Creating brand-new static initializer in class org/xerial/snappy/SnappyError
[main] INFO org.evosuite.runtime.instrumentation.EvoClassLoader - Keeping class: org.xerial.snappy.SnappyError
[main] INFO org.evosuite.runtime.instrumentation.EvoClassLoader - Seeing class for first time: org.tukaani.xz.SingleXZInputStream
[main] INFO org.evosuite.runtime.instrumentation.EvoClassLoader - Instrumenting class 'org.tukaani.xz.SingleXZInputStream'.
[main] INFO org.evosuite.runtime.instrumentation.MethodCallReplacementClassAdapter - Adding mock interface to class org/tukaani/xz/SingleXZInputStream
[main] INFO org.evosuite.runtime.instrumentation.CreateClassResetClassAdapter - Creating brand-new static initializer in class org/tukaani/xz/SingleXZInputStream
[main] INFO org.evosuite.runtime.instrumentation.EvoClassLoader - Keeping class: org.tukaani.xz.SingleXZInputStream
[main] INFO org.evosuite.runtime.instrumentation.EvoClassLoader - Seeing class for first time: org.tukaani.xz.CorruptedInputException
[main] INFO org.evosuite.runtime.instrumentation.EvoClassLoader - Instrumenting class 'org.tukaani.xz.CorruptedInputException'.
[main] INFO org.evosuite.runtime.instrumentation.MethodCallReplacementClassAdapter - Adding mock interface to class org/tukaani/xz/CorruptedInputException
[main] INFO org.evosuite.runtime.instrumentation.CreateClassResetClassAdapter - Creating brand-new static initializer in class org/tukaani/xz/CorruptedInputException
[main] INFO org.evosuite.runtime.instrumentation.EvoClassLoader - Keeping class: org.tukaani.xz.CorruptedInputException
[main] INFO org.evosuite.runtime.instrumentation.EvoClassLoader - Seeing class for first time: org.tukaani.xz.IndexIndicatorException
[main] INFO org.evosuite.runtime.instrumentation.EvoClassLoader - Instrumenting class 'org.tukaani.xz.IndexIndicatorException'.
[main] INFO org.evosuite.runtime.instrumentation.MethodCallReplacementClassAdapter - Adding mock interface to class org/tukaani/xz/IndexIndicatorException
[main] INFO org.evosuite.runtime.instrumentation.CreateClassResetClassAdapter - Creating brand-new static initializer in class org/tukaani/xz/IndexIndicatorException
[main] INFO org.evosuite.runtime.instrumentation.EvoClassLoader - Keeping class: org.tukaani.xz.IndexIndicatorException
[main] INFO org.evosuite.runtime.instrumentation.EvoClassLoader - Seeing class for first time: org.tukaani.xz.XZInputStream
[main] INFO org.evosuite.runtime.instrumentation.EvoClassLoader - Instrumenting class 'org.tukaani.xz.XZInputStream'.
[main] INFO org.evosuite.runtime.instrumentation.MethodCallReplacementClassAdapter - Adding mock interface to class org/tukaani/xz/XZInputStream
[main] INFO org.evosuite.runtime.instrumentation.CreateClassResetClassAdapter - Creating brand-new static initializer in class org/tukaani/xz/XZInputStream
[main] INFO org.evosuite.runtime.instrumentation.EvoClassLoader - Keeping class: org.tukaani.xz.XZInputStream
[main] INFO org.evosuite.runtime.instrumentation.EvoClassLoader - Seeing class for first time: org.tukaani.xz.XZFormatException
[main] INFO org.evosuite.runtime.instrumentation.EvoClassLoader - Instrumenting class 'org.tukaani.xz.XZFormatException'.
[main] INFO org.evosuite.runtime.instrumentation.MethodCallReplacementClassAdapter - Adding mock interface to class org/tukaani/xz/XZFormatException
[main] INFO org.evosuite.runtime.instrumentation.CreateClassResetClassAdapter - Creating brand-new static initializer in class org/tukaani/xz/XZFormatException
[main] INFO org.evosuite.runtime.instrumentation.EvoClassLoader - Keeping class: org.tukaani.xz.XZFormatException
[main] INFO org.evosuite.runtime.instrumentation.EvoClassLoader - Seeing class for first time: org.xerial.snappy.SnappyErrorCode
[main] INFO org.evosuite.runtime.instrumentation.EvoClassLoader - Instrumenting class 'org.xerial.snappy.SnappyErrorCode'.
[main] INFO org.evosuite.runtime.instrumentation.MethodCallReplacementClassAdapter - Adding mock interface to class org/xerial/snappy/SnappyErrorCode
[main] INFO org.evosuite.runtime.instrumentation.CreateClassResetClassAdapter - Found static initializer in class org/xerial/snappy/SnappyErrorCode
[main] INFO org.evosuite.runtime.instrumentation.EvoClassLoader - Keeping class: org.xerial.snappy.SnappyErrorCode
[main] INFO org.evosuite.runtime.instrumentation.EvoClassLoader - Seeing class for first time: org.tukaani.xz.CountingOutputStream
[main] INFO org.evosuite.runtime.instrumentation.EvoClassLoader - Instrumenting class 'org.tukaani.xz.CountingOutputStream'.
[main] INFO org.evosuite.runtime.instrumentation.MethodCallReplacementClassAdapter - Adding mock interface to class org/tukaani/xz/CountingOutputStream
[main] INFO org.evosuite.runtime.instrumentation.CreateClassResetClassAdapter - Creating brand-new static initializer in class org/tukaani/xz/CountingOutputStream
[main] INFO org.evosuite.runtime.instrumentation.EvoClassLoader - Keeping class: org.tukaani.xz.CountingOutputStream
[main] INFO org.evosuite.runtime.instrumentation.EvoClassLoader - Seeing class for first time: org.tukaani.xz.check.CRC64
[main] INFO org.evosuite.runtime.instrumentation.EvoClassLoader - Instrumenting class 'org.tukaani.xz.check.CRC64'.
[main] INFO org.evosuite.runtime.instrumentation.MethodCallReplacementClassAdapter - Adding mock interface to class org/tukaani/xz/check/CRC64
[main] INFO org.evosuite.runtime.instrumentation.CreateClassResetClassAdapter - Found static initializer in class org/tukaani/xz/check/CRC64
[main] INFO org.evosuite.runtime.instrumentation.EvoClassLoader - Defined package (3): package org.tukaani.xz.check, -1620830769
[main] INFO org.evosuite.runtime.instrumentation.EvoClassLoader - Seeing class for first time: org.tukaani.xz.check.Check
[main] INFO org.evosuite.runtime.instrumentation.EvoClassLoader - Instrumenting class 'org.tukaani.xz.check.Check'.
[main] INFO org.evosuite.runtime.instrumentation.MethodCallReplacementClassAdapter - Adding mock interface to class org/tukaani/xz/check/Check
[main] INFO org.evosuite.runtime.instrumentation.CreateClassResetClassAdapter - Creating brand-new static initializer in class org/tukaani/xz/check/Check
[main] INFO org.evosuite.runtime.instrumentation.EvoClassLoader - Keeping class: org.tukaani.xz.check.Check
[main] INFO org.evosuite.runtime.instrumentation.EvoClassLoader - Keeping class: org.tukaani.xz.check.CRC64
[main] INFO org.evosuite.runtime.instrumentation.EvoClassLoader - Seeing class for first time: org.tukaani.xz.check.None
[main] INFO org.evosuite.runtime.instrumentation.EvoClassLoader - Instrumenting class 'org.tukaani.xz.check.None'.
[main] INFO org.evosuite.runtime.instrumentation.MethodCallReplacementClassAdapter - Adding mock interface to class org/tukaani/xz/check/None
[main] INFO org.evosuite.runtime.instrumentation.CreateClassResetClassAdapter - Creating brand-new static initializer in class org/tukaani/xz/check/None
[main] INFO org.evosuite.runtime.instrumentation.EvoClassLoader - Keeping class: org.tukaani.xz.check.None
[main] INFO org.evosuite.runtime.instrumentation.EvoClassLoader - Seeing class for first time: org.tukaani.xz.check.CRC32
[main] INFO org.evosuite.runtime.instrumentation.EvoClassLoader - Instrumenting class 'org.tukaani.xz.check.CRC32'.
[main] INFO org.evosuite.runtime.instrumentation.MethodCallReplacementClassAdapter - Adding mock interface to class org/tukaani/xz/check/CRC32
[main] INFO org.evosuite.runtime.instrumentation.CreateClassResetClassAdapter - Creating brand-new static initializer in class org/tukaani/xz/check/CRC32
[main] INFO org.evosuite.runtime.instrumentation.EvoClassLoader - Keeping class: org.tukaani.xz.check.CRC32
[main] INFO org.evosuite.runtime.instrumentation.EvoClassLoader - Seeing class for first time: org.tukaani.xz.check.SHA256
[main] INFO org.evosuite.runtime.instrumentation.EvoClassLoader - Instrumenting class 'org.tukaani.xz.check.SHA256'.
[main] INFO org.evosuite.runtime.instrumentation.MethodCallReplacementClassAdapter - Adding mock interface to class org/tukaani/xz/check/SHA256
[main] INFO org.evosuite.runtime.instrumentation.CreateClassResetClassAdapter - Creating brand-new static initializer in class org/tukaani/xz/check/SHA256
[main] INFO org.evosuite.runtime.instrumentation.EvoClassLoader - Keeping class: org.tukaani.xz.check.SHA256
[main] INFO org.evosuite.runtime.instrumentation.EvoClassLoader - Seeing class for first time: org.apache.commons.compress.utils.CountingInputStream
[main] INFO org.evosuite.runtime.instrumentation.EvoClassLoader - Instrumenting class 'org.apache.commons.compress.utils.CountingInputStream'.
[main] INFO org.evosuite.runtime.instrumentation.MethodCallReplacementClassAdapter - Adding mock interface to class org/apache/commons/compress/utils/CountingInputStream
[main] INFO org.evosuite.runtime.instrumentation.CreateClassResetClassAdapter - Creating brand-new static initializer in class org/apache/commons/compress/utils/CountingInputStream
[main] INFO org.evosuite.runtime.instrumentation.EvoClassLoader - Defined package (3): package org.apache.commons.compress.utils, -373561087
[main] INFO org.evosuite.runtime.instrumentation.EvoClassLoader - Keeping class: org.apache.commons.compress.utils.CountingInputStream
[main] INFO org.evosuite.runtime.instrumentation.EvoClassLoader - Seeing class for first time: org.tukaani.xz.lzma.LZMAEncoder$LiteralEncoder$LiteralSubencoder
[main] INFO org.evosuite.runtime.instrumentation.EvoClassLoader - Instrumenting class 'org.tukaani.xz.lzma.LZMAEncoder$LiteralEncoder$LiteralSubencoder'.
[main] INFO org.evosuite.runtime.instrumentation.MethodCallReplacementClassAdapter - Adding mock interface to class org/tukaani/xz/lzma/LZMAEncoder$LiteralEncoder$LiteralSubencoder
[main] INFO org.evosuite.runtime.instrumentation.CreateClassResetClassAdapter - Creating brand-new static initializer in class org/tukaani/xz/lzma/LZMAEncoder$LiteralEncoder$LiteralSubencoder
[main] INFO org.evosuite.runtime.instrumentation.EvoClassLoader - Seeing class for first time: org.tukaani.xz.lzma.LZMACoder$LiteralCoder$LiteralSubcoder
[main] INFO org.evosuite.runtime.instrumentation.EvoClassLoader - Instrumenting class 'org.tukaani.xz.lzma.LZMACoder$LiteralCoder$LiteralSubcoder'.
[main] INFO org.evosuite.runtime.instrumentation.MethodCallReplacementClassAdapter - Adding mock interface to class org/tukaani/xz/lzma/LZMACoder$LiteralCoder$LiteralSubcoder
[main] INFO org.evosuite.runtime.instrumentation.CreateClassResetClassAdapter - Creating brand-new static initializer in class org/tukaani/xz/lzma/LZMACoder$LiteralCoder$LiteralSubcoder
[main] INFO org.evosuite.runtime.instrumentation.EvoClassLoader - Keeping class: org.tukaani.xz.lzma.LZMACoder$LiteralCoder$LiteralSubcoder
[main] INFO org.evosuite.runtime.instrumentation.EvoClassLoader - Keeping class: org.tukaani.xz.lzma.LZMAEncoder$LiteralEncoder$LiteralSubencoder
[main] INFO org.evosuite.runtime.instrumentation.EvoClassLoader - Seeing class for first time: org.tukaani.xz.LZMA2Encoder
[main] INFO org.evosuite.runtime.instrumentation.EvoClassLoader - Instrumenting class 'org.tukaani.xz.LZMA2Encoder'.
[main] INFO org.evosuite.runtime.instrumentation.MethodCallReplacementClassAdapter - Adding mock interface to class org/tukaani/xz/LZMA2Encoder
[main] INFO org.evosuite.runtime.instrumentation.CreateClassResetClassAdapter - Creating brand-new static initializer in class org/tukaani/xz/LZMA2Encoder
[main] INFO org.evosuite.runtime.instrumentation.EvoClassLoader - Seeing class for first time: org.tukaani.xz.LZMA2Coder
[main] INFO org.evosuite.runtime.instrumentation.EvoClassLoader - Instrumenting class 'org.tukaani.xz.LZMA2Coder'.
[main] INFO org.evosuite.runtime.instrumentation.MethodCallReplacementClassAdapter - Adding mock interface to class org/tukaani/xz/LZMA2Coder
[main] INFO org.evosuite.runtime.instrumentation.CreateClassResetClassAdapter - Creating brand-new static initializer in class org/tukaani/xz/LZMA2Coder
[main] INFO org.evosuite.runtime.instrumentation.CreateClassResetClassAdapter - Adding bytecode for initializing field FILTER_ID
[main] INFO org.evosuite.runtime.instrumentation.EvoClassLoader - Keeping class: org.tukaani.xz.LZMA2Coder
[main] INFO org.evosuite.runtime.instrumentation.EvoClassLoader - Keeping class: org.tukaani.xz.LZMA2Encoder
[main] INFO org.evosuite.runtime.instrumentation.EvoClassLoader - Seeing class for first time: org.tukaani.xz.common.EncoderUtil
[main] INFO org.evosuite.runtime.instrumentation.EvoClassLoader - Instrumenting class 'org.tukaani.xz.common.EncoderUtil'.
[main] INFO org.evosuite.runtime.instrumentation.MethodCallReplacementClassAdapter - Adding mock interface to class org/tukaani/xz/common/EncoderUtil
[main] INFO org.evosuite.runtime.instrumentation.CreateClassResetClassAdapter - Creating brand-new static initializer in class org/tukaani/xz/common/EncoderUtil
[main] INFO org.evosuite.runtime.instrumentation.EvoClassLoader - Defined package (3): package org.tukaani.xz.common, 1300566532
[main] INFO org.evosuite.runtime.instrumentation.EvoClassLoader - Seeing class for first time: org.tukaani.xz.common.Util
[main] INFO org.evosuite.runtime.instrumentation.EvoClassLoader - Instrumenting class 'org.tukaani.xz.common.Util'.
[main] INFO org.evosuite.runtime.instrumentation.MethodCallReplacementClassAdapter - Adding mock interface to class org/tukaani/xz/common/Util
[main] INFO org.evosuite.runtime.instrumentation.CreateClassResetClassAdapter - Creating brand-new static initializer in class org/tukaani/xz/common/Util
[main] INFO org.evosuite.runtime.instrumentation.CreateClassResetClassAdapter - Adding bytecode for initializing field STREAM_HEADER_SIZE
[main] INFO org.evosuite.runtime.instrumentation.CreateClassResetClassAdapter - Adding bytecode for initializing field BACKWARD_SIZE_MAX
[main] INFO org.evosuite.runtime.instrumentation.CreateClassResetClassAdapter - Adding bytecode for initializing field BLOCK_HEADER_SIZE_MAX
[main] INFO org.evosuite.runtime.instrumentation.CreateClassResetClassAdapter - Adding bytecode for initializing field VLI_MAX
[main] INFO org.evosuite.runtime.instrumentation.CreateClassResetClassAdapter - Adding bytecode for initializing field VLI_SIZE_MAX
[main] INFO org.evosuite.runtime.instrumentation.EvoClassLoader - Keeping class: org.tukaani.xz.common.Util
[main] INFO org.evosuite.runtime.instrumentation.EvoClassLoader - Keeping class: org.tukaani.xz.common.EncoderUtil
[main] INFO org.evosuite.runtime.instrumentation.EvoClassLoader - Seeing class for first time: org.apache.avro.file.SnappyCodec
[main] INFO org.evosuite.runtime.instrumentation.EvoClassLoader - Instrumenting class 'org.apache.avro.file.SnappyCodec'.
[main] INFO org.evosuite.runtime.instrumentation.MethodCallReplacementClassAdapter - Adding mock interface to class org/apache/avro/file/SnappyCodec
[main] INFO org.evosuite.runtime.instrumentation.CreateClassResetClassAdapter - Creating brand-new static initializer in class org/apache/avro/file/SnappyCodec
[main] INFO org.evosuite.runtime.instrumentation.EvoClassLoader - Keeping class: org.apache.avro.file.SnappyCodec
[main] INFO org.evosuite.runtime.instrumentation.EvoClassLoader - Seeing class for first time: org.apache.avro.util.NonCopyingByteArrayOutputStream
[main] INFO org.evosuite.runtime.instrumentation.EvoClassLoader - Instrumenting class 'org.apache.avro.util.NonCopyingByteArrayOutputStream'.
[main] INFO org.evosuite.runtime.instrumentation.MethodCallReplacementClassAdapter - Adding mock interface to class org/apache/avro/util/NonCopyingByteArrayOutputStream
[main] INFO org.evosuite.runtime.instrumentation.CreateClassResetClassAdapter - Creating brand-new static initializer in class org/apache/avro/util/NonCopyingByteArrayOutputStream
[main] INFO org.evosuite.runtime.instrumentation.EvoClassLoader - Defined package (3): package org.apache.avro.util, 1446776936
[main] INFO org.evosuite.runtime.instrumentation.EvoClassLoader - Keeping class: org.apache.avro.util.NonCopyingByteArrayOutputStream
[main] INFO org.evosuite.runtime.instrumentation.EvoClassLoader - Seeing class for first time: org.tukaani.xz.rangecoder.RangeEncoder
[main] INFO org.evosuite.runtime.instrumentation.EvoClassLoader - Instrumenting class 'org.tukaani.xz.rangecoder.RangeEncoder'.
[main] INFO org.evosuite.runtime.instrumentation.MethodCallReplacementClassAdapter - Adding mock interface to class org/tukaani/xz/rangecoder/RangeEncoder
[main] INFO org.evosuite.runtime.instrumentation.CreateClassResetClassAdapter - Found static initializer in class org/tukaani/xz/rangecoder/RangeEncoder
[main] INFO org.evosuite.runtime.instrumentation.EvoClassLoader - Defined package (3): package org.tukaani.xz.rangecoder, 1316505761
[main] INFO org.evosuite.runtime.instrumentation.EvoClassLoader - Seeing class for first time: org.tukaani.xz.rangecoder.RangeCoder
[main] INFO org.evosuite.runtime.instrumentation.EvoClassLoader - Instrumenting class 'org.tukaani.xz.rangecoder.RangeCoder'.
[main] INFO org.evosuite.runtime.instrumentation.MethodCallReplacementClassAdapter - Adding mock interface to class org/tukaani/xz/rangecoder/RangeCoder
[main] INFO org.evosuite.runtime.instrumentation.CreateClassResetClassAdapter - Creating brand-new static initializer in class org/tukaani/xz/rangecoder/RangeCoder
[main] INFO org.evosuite.runtime.instrumentation.CreateClassResetClassAdapter - Adding bytecode for initializing field SHIFT_BITS
[main] INFO org.evosuite.runtime.instrumentation.CreateClassResetClassAdapter - Adding bytecode for initializing field TOP_MASK
[main] INFO org.evosuite.runtime.instrumentation.CreateClassResetClassAdapter - Adding bytecode for initializing field BIT_MODEL_TOTAL_BITS
[main] INFO org.evosuite.runtime.instrumentation.CreateClassResetClassAdapter - Adding bytecode for initializing field BIT_MODEL_TOTAL
[main] INFO org.evosuite.runtime.instrumentation.CreateClassResetClassAdapter - Adding bytecode for initializing field PROB_INIT
[main] INFO org.evosuite.runtime.instrumentation.CreateClassResetClassAdapter - Adding bytecode for initializing field MOVE_BITS
[main] INFO org.evosuite.runtime.instrumentation.EvoClassLoader - Keeping class: org.tukaani.xz.rangecoder.RangeCoder
[main] INFO org.evosuite.runtime.instrumentation.EvoClassLoader - Keeping class: org.tukaani.xz.rangecoder.RangeEncoder
[main] INFO org.evosuite.runtime.instrumentation.EvoClassLoader - Seeing class for first time: org.apache.avro.file.XZCodec$Option
[main] INFO org.evosuite.runtime.instrumentation.EvoClassLoader - Instrumenting class 'org.apache.avro.file.XZCodec$Option'.
[main] INFO org.evosuite.runtime.instrumentation.MethodCallReplacementClassAdapter - Adding mock interface to class org/apache/avro/file/XZCodec$Option
[main] INFO org.evosuite.runtime.instrumentation.CreateClassResetClassAdapter - Creating brand-new static initializer in class org/apache/avro/file/XZCodec$Option
[main] INFO org.evosuite.runtime.instrumentation.EvoClassLoader - Seeing class for first time: org.apache.avro.file.CodecFactory
[main] INFO org.evosuite.runtime.instrumentation.EvoClassLoader - Instrumenting class 'org.apache.avro.file.CodecFactory'.
[main] INFO org.evosuite.runtime.instrumentation.MethodCallReplacementClassAdapter - Adding mock interface to class org/apache/avro/file/CodecFactory
[main] INFO org.evosuite.runtime.instrumentation.CreateClassResetClassAdapter - Found static initializer in class org/apache/avro/file/CodecFactory
[main] INFO org.evosuite.runtime.instrumentation.EvoClassLoader - Keeping class: org.apache.avro.file.CodecFactory
[main] INFO org.evosuite.runtime.instrumentation.EvoClassLoader - Keeping class: org.apache.avro.file.XZCodec$Option
[main] INFO org.evosuite.runtime.instrumentation.EvoClassLoader - Seeing class for first time: org.apache.avro.file.SnappyCodec$Option
[main] INFO org.evosuite.runtime.instrumentation.EvoClassLoader - Instrumenting class 'org.apache.avro.file.SnappyCodec$Option'.
[main] INFO org.evosuite.runtime.instrumentation.MethodCallReplacementClassAdapter - Adding mock interface to class org/apache/avro/file/SnappyCodec$Option
[main] INFO org.evosuite.runtime.instrumentation.CreateClassResetClassAdapter - Found static initializer in class org/apache/avro/file/SnappyCodec$Option
[main] INFO org.evosuite.runtime.instrumentation.EvoClassLoader - Keeping class: org.apache.avro.file.SnappyCodec$Option
[main] INFO org.evosuite.runtime.instrumentation.EvoClassLoader - Seeing class for first time: org.apache.avro.file.DeflateCodec$Option
[main] INFO org.evosuite.runtime.instrumentation.EvoClassLoader - Instrumenting class 'org.apache.avro.file.DeflateCodec$Option'.
[main] INFO org.evosuite.runtime.instrumentation.MethodCallReplacementClassAdapter - Adding mock interface to class org/apache/avro/file/DeflateCodec$Option
[main] INFO org.evosuite.runtime.instrumentation.CreateClassResetClassAdapter - Creating brand-new static initializer in class org/apache/avro/file/DeflateCodec$Option
[main] INFO org.evosuite.runtime.instrumentation.EvoClassLoader - Keeping class: org.apache.avro.file.DeflateCodec$Option
[main] INFO org.evosuite.runtime.instrumentation.EvoClassLoader - Seeing class for first time: org.apache.avro.file.BZip2Codec$Option
[main] INFO org.evosuite.runtime.instrumentation.EvoClassLoader - Instrumenting class 'org.apache.avro.file.BZip2Codec$Option'.
[main] INFO org.evosuite.runtime.instrumentation.MethodCallReplacementClassAdapter - Adding mock interface to class org/apache/avro/file/BZip2Codec$Option
[main] INFO org.evosuite.runtime.instrumentation.CreateClassResetClassAdapter - Creating brand-new static initializer in class org/apache/avro/file/BZip2Codec$Option
[main] INFO org.evosuite.runtime.instrumentation.EvoClassLoader - Keeping class: org.apache.avro.file.BZip2Codec$Option
[main] INFO org.evosuite.runtime.instrumentation.EvoClassLoader - Seeing class for first time: org.apache.avro.file.ZstandardCodec$Option
[main] INFO org.evosuite.runtime.instrumentation.EvoClassLoader - Instrumenting class 'org.apache.avro.file.ZstandardCodec$Option'.
[main] INFO org.evosuite.runtime.instrumentation.MethodCallReplacementClassAdapter - Adding mock interface to class org/apache/avro/file/ZstandardCodec$Option
[main] INFO org.evosuite.runtime.instrumentation.CreateClassResetClassAdapter - Creating brand-new static initializer in class org/apache/avro/file/ZstandardCodec$Option
[main] INFO org.evosuite.runtime.instrumentation.EvoClassLoader - Keeping class: org.apache.avro.file.ZstandardCodec$Option
[main] INFO org.evosuite.runtime.instrumentation.EvoClassLoader - Seeing class for first time: org.apache.avro.AvroRuntimeException
[main] INFO org.evosuite.runtime.instrumentation.EvoClassLoader - Instrumenting class 'org.apache.avro.AvroRuntimeException'.
[main] INFO org.evosuite.runtime.instrumentation.MethodCallReplacementClassAdapter - Adding mock interface to class org/apache/avro/AvroRuntimeException
[main] INFO org.evosuite.runtime.instrumentation.CreateClassResetClassAdapter - Creating brand-new static initializer in class org/apache/avro/AvroRuntimeException
[main] INFO org.evosuite.runtime.instrumentation.EvoClassLoader - Defined package (3): package org.apache.avro, -1259506232
[main] INFO org.evosuite.runtime.instrumentation.EvoClassLoader - Keeping class: org.apache.avro.AvroRuntimeException
[main] INFO org.evosuite.runtime.instrumentation.EvoClassLoader - Seeing class for first time: org.apache.avro.file.XZCodec
[main] INFO org.evosuite.runtime.instrumentation.EvoClassLoader - Instrumenting class 'org.apache.avro.file.XZCodec'.
[main] INFO org.evosuite.runtime.instrumentation.MethodCallReplacementClassAdapter - Adding mock interface to class org/apache/avro/file/XZCodec
[main] INFO org.evosuite.runtime.instrumentation.CreateClassResetClassAdapter - Creating brand-new static initializer in class org/apache/avro/file/XZCodec
[main] INFO org.evosuite.runtime.instrumentation.CreateClassResetClassAdapter - Adding bytecode for initializing field DEFAULT_COMPRESSION
[main] INFO org.evosuite.runtime.instrumentation.CreateClassResetClassAdapter - Adding bytecode for initializing field DEFAULT_BUFFER_SIZE
[main] INFO org.evosuite.runtime.instrumentation.EvoClassLoader - Keeping class: org.apache.avro.file.XZCodec
[main] INFO org.evosuite.runtime.instrumentation.EvoClassLoader - Seeing class for first time: org.apache.avro.file.NullCodec
[main] INFO org.evosuite.runtime.instrumentation.EvoClassLoader - Instrumenting class 'org.apache.avro.file.NullCodec'.
[main] INFO org.evosuite.runtime.instrumentation.MethodCallReplacementClassAdapter - Adding mock interface to class org/apache/avro/file/NullCodec
[main] INFO org.evosuite.runtime.instrumentation.CreateClassResetClassAdapter - Found static initializer in class org/apache/avro/file/NullCodec
[main] INFO org.evosuite.runtime.instrumentation.EvoClassLoader - Keeping class: org.apache.avro.file.NullCodec
[main] INFO org.evosuite.runtime.instrumentation.EvoClassLoader - Seeing class for first time: org.apache.avro.file.NullCodec$Option
[main] INFO org.evosuite.runtime.instrumentation.EvoClassLoader - Instrumenting class 'org.apache.avro.file.NullCodec$Option'.
[main] INFO org.evosuite.runtime.instrumentation.MethodCallReplacementClassAdapter - Adding mock interface to class org/apache/avro/file/NullCodec$Option
[main] INFO org.evosuite.runtime.instrumentation.CreateClassResetClassAdapter - Creating brand-new static initializer in class org/apache/avro/file/NullCodec$Option
[main] INFO org.evosuite.runtime.instrumentation.EvoClassLoader - Keeping class: org.apache.avro.file.NullCodec$Option
[main] INFO org.evosuite.runtime.instrumentation.EvoClassLoader - Seeing class for first time: org.apache.avro.file.DeflateCodec
[main] INFO org.evosuite.runtime.instrumentation.EvoClassLoader - Instrumenting class 'org.apache.avro.file.DeflateCodec'.
[main] INFO org.evosuite.runtime.instrumentation.MethodCallReplacementClassAdapter - Adding mock interface to class org/apache/avro/file/DeflateCodec
[main] INFO org.evosuite.runtime.instrumentation.CreateClassResetClassAdapter - Creating brand-new static initializer in class org/apache/avro/file/DeflateCodec
[main] INFO org.evosuite.runtime.instrumentation.CreateClassResetClassAdapter - Adding bytecode for initializing field DEFAULT_BUFFER_SIZE
[main] INFO org.evosuite.runtime.instrumentation.EvoClassLoader - Keeping class: org.apache.avro.file.DeflateCodec
[main] INFO org.evosuite.runtime.instrumentation.EvoClassLoader - Seeing class for first time: org.apache.avro.file.BZip2Codec
[main] INFO org.evosuite.runtime.instrumentation.EvoClassLoader - Instrumenting class 'org.apache.avro.file.BZip2Codec'.
[main] INFO org.evosuite.runtime.instrumentation.MethodCallReplacementClassAdapter - Adding mock interface to class org/apache/avro/file/BZip2Codec
[main] INFO org.evosuite.runtime.instrumentation.CreateClassResetClassAdapter - Creating brand-new static initializer in class org/apache/avro/file/BZip2Codec
[main] INFO org.evosuite.runtime.instrumentation.CreateClassResetClassAdapter - Adding bytecode for initializing field DEFAULT_BUFFER_SIZE
[main] INFO org.evosuite.runtime.instrumentation.EvoClassLoader - Keeping class: org.apache.avro.file.BZip2Codec
[main] INFO org.evosuite.runtime.instrumentation.EvoClassLoader - Seeing class for first time: org.apache.avro.file.ZstandardCodec
[main] INFO org.evosuite.runtime.instrumentation.EvoClassLoader - Instrumenting class 'org.apache.avro.file.ZstandardCodec'.
[main] INFO org.evosuite.runtime.instrumentation.MethodCallReplacementClassAdapter - Adding mock interface to class org/apache/avro/file/ZstandardCodec
[main] INFO org.evosuite.runtime.instrumentation.CreateClassResetClassAdapter - Creating brand-new static initializer in class org/apache/avro/file/ZstandardCodec
[main] INFO org.evosuite.runtime.instrumentation.CreateClassResetClassAdapter - Adding bytecode for initializing field DEFAULT_COMPRESSION
[main] INFO org.evosuite.runtime.instrumentation.CreateClassResetClassAdapter - Adding bytecode for initializing field DEFAULT_USE_BUFFERPOOL
[main] INFO org.evosuite.runtime.instrumentation.CreateClassResetClassAdapter - Adding bytecode for initializing field DEFAULT_BUFFER_SIZE
[main] INFO org.evosuite.runtime.instrumentation.EvoClassLoader - Keeping class: org.apache.avro.file.ZstandardCodec
[main] INFO org.evosuite.runtime.instrumentation.EvoClassLoader - Seeing class for first time: org.xerial.snappy.Snappy
[main] INFO org.evosuite.runtime.instrumentation.EvoClassLoader - Instrumenting class 'org.xerial.snappy.Snappy'.
[main] INFO org.evosuite.runtime.instrumentation.MethodCallReplacementClassAdapter - Adding mock interface to class org/xerial/snappy/Snappy
[main] INFO org.evosuite.runtime.instrumentation.CreateClassResetClassAdapter - Found static initializer in class org/xerial/snappy/Snappy
[main] INFO org.evosuite.runtime.instrumentation.EvoClassLoader - Keeping class: org.xerial.snappy.Snappy
[main] INFO org.evosuite.runtime.instrumentation.EvoClassLoader - Seeing class for first time: org.xerial.snappy.OSInfo
[main] INFO org.evosuite.runtime.instrumentation.EvoClassLoader - Instrumenting class 'org.xerial.snappy.OSInfo'.
[main] INFO org.evosuite.runtime.instrumentation.MethodCallReplacementClassAdapter - Adding mock interface to class org/xerial/snappy/OSInfo
[main] INFO org.evosuite.runtime.instrumentation.CreateClassResetClassAdapter - Found static initializer in class org/xerial/snappy/OSInfo
[main] INFO org.evosuite.runtime.instrumentation.EvoClassLoader - Keeping class: org.xerial.snappy.OSInfo
java.lang.SecurityException: Security manager blocks ("java.lang.RuntimePermission" "loadLibrary./tmp/snappy-1.1.8-00000000-0100-4000-8200-000003000000-libsnappyjava.so")
java.lang.Thread.getStackTrace(Thread.java:1564)
org.evosuite.runtime.sandbox.MSecurityManager.checkPermission(MSecurityManager.java:424)
java.lang.SecurityManager.checkLink(SecurityManager.java:835)
java.lang.Runtime.load0(Runtime.java:776)
java.lang.System.load(System.java:1100)
org.xerial.snappy.SnappyLoader.loadNativeLibrary(SnappyLoader.java:198)
org.xerial.snappy.SnappyLoader.loadSnappyApi(SnappyLoader.java:167)
org.xerial.snappy.Snappy.init(Snappy.java:69)
org.xerial.snappy.Snappy.<clinit>(Snappy.java)
org.apache.avro.file.SnappyCodec$Option.<clinit>(SnappyCodec.java)
org.apache.avro.file.CodecFactory.snappyCodec(CodecFactory.java:69)
org.apache.avro.file.CodecFactory.<clinit>(CodecFactory.java)
java.lang.Class.forName0(Native Method)
java.lang.Class.forName(Class.java:348)
org.evosuite.runtime.classhandling.ClassStateSupport.loadClasses(ClassStateSupport.java:163)
org.evosuite.runtime.classhandling.ClassStateSupport.initializeClasses(ClassStateSupport.java:64)
org.apache.avro.file.XZCodec_ESTest_scaffolding.initializeClasses(XZCodec_ESTest_scaffolding.java:80)
org.apache.avro.file.XZCodec_ESTest_scaffolding.initEvoSuiteFramework(XZCodec_ESTest_scaffolding.java:39)
sun.reflect.NativeMethodAccessorImpl.invoke0(Native Method)
sun.reflect.NativeMethodAccessorImpl.invoke(NativeMethodAccessorImpl.java:62)
sun.reflect.DelegatingMethodAccessorImpl.invoke(DelegatingMethodAccessorImpl.java:43)
java.lang.reflect.Method.invoke(Method.java:498)
org.junit.runners.model.FrameworkMethod$1.runReflectiveCall(FrameworkMethod.java:59)
org.junit.internal.runners.model.ReflectiveCallable.run(ReflectiveCallable.java:12)
org.junit.runners.model.FrameworkMethod.invokeExplosively(FrameworkMethod.java:56)
org.junit.internal.runners.statements.RunBefores.invokeMethod(RunBefores.java:33)
org.junit.internal.runners.statements.RunBefores.evaluate(RunBefores.java:24)
org.junit.internal.runners.statements.RunAfters.evaluate(RunAfters.java:27)
org.junit.runners.ParentRunner$3.evaluate(ParentRunner.java:306)
org.junit.runners.ParentRunner.run(ParentRunner.java:413)
org.apache.maven.surefire.junit4.JUnit4Provider.execute(JUnit4Provider.java:316)
org.apache.maven.surefire.junit4.JUnit4Provider.executeWithRerun(JUnit4Provider.java:240)
org.apache.maven.surefire.junit4.JUnit4Provider.executeTestSet(JUnit4Provider.java:214)
org.apache.maven.surefire.junit4.JUnit4Provider.invoke(JUnit4Provider.java:155)
org.apache.maven.surefire.booter.ForkedBooter.runSuitesInProcess(ForkedBooter.java:385)
org.apache.maven.surefire.booter.ForkedBooter.execute(ForkedBooter.java:162)
org.apache.maven.surefire.booter.ForkedBooter.run(ForkedBooter.java:507)
org.apache.maven.surefire.booter.ForkedBooter.main(ForkedBooter.java:495)

	at org.evosuite.runtime.sandbox.MSecurityManager.checkPermission(MSecurityManager.java:436)
	at java.lang.SecurityManager.checkLink(SecurityManager.java:835)
	at java.lang.Runtime.load0(Runtime.java:776)
	at java.lang.System.load(System.java:1100)
	at org.xerial.snappy.SnappyLoader.loadNativeLibrary(SnappyLoader.java:198)
	at org.xerial.snappy.SnappyLoader.loadSnappyApi(SnappyLoader.java:167)
	at org.xerial.snappy.Snappy.init(Snappy.java:69)
	at org.xerial.snappy.Snappy.<clinit>(Snappy.java)
	at org.apache.avro.file.SnappyCodec$Option.<clinit>(SnappyCodec.java)
	at org.apache.avro.file.CodecFactory.snappyCodec(CodecFactory.java:69)
	at org.apache.avro.file.CodecFactory.<clinit>(CodecFactory.java)
	at java.lang.Class.forName0(Native Method)
	at java.lang.Class.forName(Class.java:348)
	at org.evosuite.runtime.classhandling.ClassStateSupport.loadClasses(ClassStateSupport.java:163)
	at org.evosuite.runtime.classhandling.ClassStateSupport.initializeClasses(ClassStateSupport.java:64)
	at org.apache.avro.file.XZCodec_ESTest_scaffolding.initializeClasses(XZCodec_ESTest_scaffolding.java:80)
	at org.apache.avro.file.XZCodec_ESTest_scaffolding.initEvoSuiteFramework(XZCodec_ESTest_scaffolding.java:39)
	at sun.reflect.NativeMethodAccessorImpl.invoke0(Native Method)
	at sun.reflect.NativeMethodAccessorImpl.invoke(NativeMethodAccessorImpl.java:62)
	at sun.reflect.DelegatingMethodAccessorImpl.invoke(DelegatingMethodAccessorImpl.java:43)
	at java.lang.reflect.Method.invoke(Method.java:498)
	at org.junit.runners.model.FrameworkMethod$1.runReflectiveCall(FrameworkMethod.java:59)
	at org.junit.internal.runners.model.ReflectiveCallable.run(ReflectiveCallable.java:12)
	at org.junit.runners.model.FrameworkMethod.invokeExplosively(FrameworkMethod.java:56)
	at org.junit.internal.runners.statements.RunBefores.invokeMethod(RunBefores.java:33)
	at org.junit.internal.runners.statements.RunBefores.evaluate(RunBefores.java:24)
	at org.junit.internal.runners.statements.RunAfters.evaluate(RunAfters.java:27)
	at org.junit.runners.ParentRunner$3.evaluate(ParentRunner.java:306)
	at org.junit.runners.ParentRunner.run(ParentRunner.java:413)
	at org.apache.maven.surefire.junit4.JUnit4Provider.execute(JUnit4Provider.java:316)
	at org.apache.maven.surefire.junit4.JUnit4Provider.executeWithRerun(JUnit4Provider.java:240)
	at org.apache.maven.surefire.junit4.JUnit4Provider.executeTestSet(JUnit4Provider.java:214)
	at org.apache.maven.surefire.junit4.JUnit4Provider.invoke(JUnit4Provider.java:155)
	at org.apache.maven.surefire.booter.ForkedBooter.runSuitesInProcess(ForkedBooter.java:385)
	at org.apache.maven.surefire.booter.ForkedBooter.execute(ForkedBooter.java:162)
	at org.apache.maven.surefire.booter.ForkedBooter.run(ForkedBooter.java:507)
	at org.apache.maven.surefire.booter.ForkedBooter.main(ForkedBooter.java:495)
[main] INFO org.evosuite.runtime.instrumentation.EvoClassLoader - Seeing class for first time: org.xerial.snappy.pure.PureJavaSnappy
[main] INFO org.evosuite.runtime.instrumentation.EvoClassLoader - Instrumenting class 'org.xerial.snappy.pure.PureJavaSnappy'.
[main] INFO org.evosuite.runtime.instrumentation.MethodCallReplacementClassAdapter - Adding mock interface to class org/xerial/snappy/pure/PureJavaSnappy
[main] INFO org.evosuite.runtime.instrumentation.CreateClassResetClassAdapter - Found static initializer in class org/xerial/snappy/pure/PureJavaSnappy
[main] INFO org.evosuite.runtime.instrumentation.EvoClassLoader - Defined package (3): package org.xerial.snappy.pure, 1662497182
[main] INFO org.evosuite.runtime.instrumentation.EvoClassLoader - Keeping class: org.xerial.snappy.pure.PureJavaSnappy
[main] INFO org.evosuite.runtime.instrumentation.EvoClassLoader - Seeing class for first time: org.tukaani.xz.lzma.LZMACoder$LengthCoder
[main] INFO org.evosuite.runtime.instrumentation.EvoClassLoader - Instrumenting class 'org.tukaani.xz.lzma.LZMACoder$LengthCoder'.
[main] INFO org.evosuite.runtime.instrumentation.MethodCallReplacementClassAdapter - Adding mock interface to class org/tukaani/xz/lzma/LZMACoder$LengthCoder
[main] INFO org.evosuite.runtime.instrumentation.CreateClassResetClassAdapter - Creating brand-new static initializer in class org/tukaani/xz/lzma/LZMACoder$LengthCoder
[main] INFO org.evosuite.runtime.instrumentation.CreateClassResetClassAdapter - Adding bytecode for initializing field LOW_SYMBOLS
[main] INFO org.evosuite.runtime.instrumentation.CreateClassResetClassAdapter - Adding bytecode for initializing field MID_SYMBOLS
[main] INFO org.evosuite.runtime.instrumentation.CreateClassResetClassAdapter - Adding bytecode for initializing field HIGH_SYMBOLS
[main] INFO org.evosuite.runtime.instrumentation.EvoClassLoader - Keeping class: org.tukaani.xz.lzma.LZMACoder$LengthCoder
[main] INFO org.evosuite.runtime.instrumentation.EvoClassLoader - Seeing class for first time: org.tukaani.xz.rangecoder.RangeEncoderToBuffer
[main] INFO org.evosuite.runtime.instrumentation.EvoClassLoader - Instrumenting class 'org.tukaani.xz.rangecoder.RangeEncoderToBuffer'.
[main] INFO org.evosuite.runtime.instrumentation.MethodCallReplacementClassAdapter - Adding mock interface to class org/tukaani/xz/rangecoder/RangeEncoderToBuffer
[main] INFO org.evosuite.runtime.instrumentation.CreateClassResetClassAdapter - Creating brand-new static initializer in class org/tukaani/xz/rangecoder/RangeEncoderToBuffer
[main] INFO org.evosuite.runtime.instrumentation.EvoClassLoader - Keeping class: org.tukaani.xz.rangecoder.RangeEncoderToBuffer
[main] INFO org.evosuite.runtime.instrumentation.EvoClassLoader - Seeing class for first time: org.tukaani.xz.lzma.LZMAEncoder$LengthEncoder
[main] INFO org.evosuite.runtime.instrumentation.EvoClassLoader - Instrumenting class 'org.tukaani.xz.lzma.LZMAEncoder$LengthEncoder'.
[main] INFO org.evosuite.runtime.instrumentation.MethodCallReplacementClassAdapter - Adding mock interface to class org/tukaani/xz/lzma/LZMAEncoder$LengthEncoder
[main] INFO org.evosuite.runtime.instrumentation.CreateClassResetClassAdapter - Creating brand-new static initializer in class org/tukaani/xz/lzma/LZMAEncoder$LengthEncoder
[main] INFO org.evosuite.runtime.instrumentation.CreateClassResetClassAdapter - Adding bytecode for initializing field PRICE_UPDATE_INTERVAL
[main] INFO org.evosuite.runtime.instrumentation.EvoClassLoader - Keeping class: org.tukaani.xz.lzma.LZMAEncoder$LengthEncoder
[main] INFO org.evosuite.runtime.instrumentation.EvoClassLoader - Seeing class for first time: org.tukaani.xz.CountingInputStream
[main] INFO org.evosuite.runtime.instrumentation.EvoClassLoader - Instrumenting class 'org.tukaani.xz.CountingInputStream'.
[main] INFO org.evosuite.runtime.instrumentation.MethodCallReplacementClassAdapter - Adding mock interface to class org/tukaani/xz/CountingInputStream
[main] INFO org.evosuite.runtime.instrumentation.CreateClassResetClassAdapter - Creating brand-new static initializer in class org/tukaani/xz/CountingInputStream
[main] INFO org.evosuite.runtime.instrumentation.EvoClassLoader - Seeing class for first time: org.tukaani.xz.CloseIgnoringInputStream
[main] INFO org.evosuite.runtime.instrumentation.EvoClassLoader - Instrumenting class 'org.tukaani.xz.CloseIgnoringInputStream'.
[main] INFO org.evosuite.runtime.instrumentation.MethodCallReplacementClassAdapter - Adding mock interface to class org/tukaani/xz/CloseIgnoringInputStream
[main] INFO org.evosuite.runtime.instrumentation.CreateClassResetClassAdapter - Creating brand-new static initializer in class org/tukaani/xz/CloseIgnoringInputStream
[main] INFO org.evosuite.runtime.instrumentation.EvoClassLoader - Keeping class: org.tukaani.xz.CloseIgnoringInputStream
[main] INFO org.evosuite.runtime.instrumentation.EvoClassLoader - Keeping class: org.tukaani.xz.CountingInputStream
[main] INFO org.evosuite.runtime.instrumentation.EvoClassLoader - Seeing class for first time: org.apache.commons.compress.compressors.xz.XZCompressorOutputStream
[main] INFO org.evosuite.runtime.instrumentation.EvoClassLoader - Instrumenting class 'org.apache.commons.compress.compressors.xz.XZCompressorOutputStream'.
[main] INFO org.evosuite.runtime.instrumentation.MethodCallReplacementClassAdapter - Adding mock interface to class org/apache/commons/compress/compressors/xz/XZCompressorOutputStream
[main] INFO org.evosuite.runtime.instrumentation.CreateClassResetClassAdapter - Creating brand-new static initializer in class org/apache/commons/compress/compressors/xz/XZCompressorOutputStream
[main] INFO org.evosuite.runtime.instrumentation.EvoClassLoader - Defined package (3): package org.apache.commons.compress.compressors.xz, 1229275730
[main] INFO org.evosuite.runtime.instrumentation.EvoClassLoader - Seeing class for first time: org.apache.commons.compress.compressors.CompressorOutputStream
[main] INFO org.evosuite.runtime.instrumentation.EvoClassLoader - Instrumenting class 'org.apache.commons.compress.compressors.CompressorOutputStream'.
[main] INFO org.evosuite.runtime.instrumentation.MethodCallReplacementClassAdapter - Adding mock interface to class org/apache/commons/compress/compressors/CompressorOutputStream
[main] INFO org.evosuite.runtime.instrumentation.CreateClassResetClassAdapter - Creating brand-new static initializer in class org/apache/commons/compress/compressors/CompressorOutputStream
[main] INFO org.evosuite.runtime.instrumentation.EvoClassLoader - Defined package (3): package org.apache.commons.compress.compressors, 1667222686
[main] INFO org.evosuite.runtime.instrumentation.EvoClassLoader - Keeping class: org.apache.commons.compress.compressors.CompressorOutputStream
[main] INFO org.evosuite.runtime.instrumentation.EvoClassLoader - Keeping class: org.apache.commons.compress.compressors.xz.XZCompressorOutputStream
[main] INFO org.evosuite.runtime.instrumentation.EvoClassLoader - Seeing class for first time: org.tukaani.xz.index.IndexRecord
[main] INFO org.evosuite.runtime.instrumentation.EvoClassLoader - Instrumenting class 'org.tukaani.xz.index.IndexRecord'.
[main] INFO org.evosuite.runtime.instrumentation.MethodCallReplacementClassAdapter - Adding mock interface to class org/tukaani/xz/index/IndexRecord
[main] INFO org.evosuite.runtime.instrumentation.CreateClassResetClassAdapter - Creating brand-new static initializer in class org/tukaani/xz/index/IndexRecord
[main] INFO org.evosuite.runtime.instrumentation.EvoClassLoader - Defined package (3): package org.tukaani.xz.index, -1615111783
[main] INFO org.evosuite.runtime.instrumentation.EvoClassLoader - Keeping class: org.tukaani.xz.index.IndexRecord
[main] INFO org.evosuite.runtime.instrumentation.EvoClassLoader - Seeing class for first time: org.tukaani.xz.RawCoder
[main] INFO org.evosuite.runtime.instrumentation.EvoClassLoader - Instrumenting class 'org.tukaani.xz.RawCoder'.
[main] INFO org.evosuite.runtime.instrumentation.MethodCallReplacementClassAdapter - Adding mock interface to class org/tukaani/xz/RawCoder
[main] INFO org.evosuite.runtime.instrumentation.CreateClassResetClassAdapter - Creating brand-new static initializer in class org/tukaani/xz/RawCoder
[main] INFO org.evosuite.runtime.instrumentation.EvoClassLoader - Keeping class: org.tukaani.xz.RawCoder
[main] INFO org.evosuite.runtime.instrumentation.EvoClassLoader - Seeing class for first time: org.tukaani.xz.rangecoder.RangeDecoderFromBuffer
[main] INFO org.evosuite.runtime.instrumentation.EvoClassLoader - Instrumenting class 'org.tukaani.xz.rangecoder.RangeDecoderFromBuffer'.
[main] INFO org.evosuite.runtime.instrumentation.MethodCallReplacementClassAdapter - Adding mock interface to class org/tukaani/xz/rangecoder/RangeDecoderFromBuffer
[main] INFO org.evosuite.runtime.instrumentation.CreateClassResetClassAdapter - Creating brand-new static initializer in class org/tukaani/xz/rangecoder/RangeDecoderFromBuffer
[main] INFO org.evosuite.runtime.instrumentation.CreateClassResetClassAdapter - Adding bytecode for initializing field INIT_SIZE
[main] INFO org.evosuite.runtime.instrumentation.EvoClassLoader - Seeing class for first time: org.tukaani.xz.rangecoder.RangeDecoder
[main] INFO org.evosuite.runtime.instrumentation.EvoClassLoader - Instrumenting class 'org.tukaani.xz.rangecoder.RangeDecoder'.
[main] INFO org.evosuite.runtime.instrumentation.MethodCallReplacementClassAdapter - Adding mock interface to class org/tukaani/xz/rangecoder/RangeDecoder
[main] INFO org.evosuite.runtime.instrumentation.CreateClassResetClassAdapter - Creating brand-new static initializer in class org/tukaani/xz/rangecoder/RangeDecoder
[main] INFO org.evosuite.runtime.instrumentation.EvoClassLoader - Keeping class: org.tukaani.xz.rangecoder.RangeDecoder
[main] INFO org.evosuite.runtime.instrumentation.EvoClassLoader - Keeping class: org.tukaani.xz.rangecoder.RangeDecoderFromBuffer
[main] INFO org.evosuite.runtime.instrumentation.EvoClassLoader - Seeing class for first time: org.apache.commons.compress.compressors.CompressorInputStream
[main] INFO org.evosuite.runtime.instrumentation.EvoClassLoader - Instrumenting class 'org.apache.commons.compress.compressors.CompressorInputStream'.
[main] INFO org.evosuite.runtime.instrumentation.MethodCallReplacementClassAdapter - Adding mock interface to class org/apache/commons/compress/compressors/CompressorInputStream
[main] INFO org.evosuite.runtime.instrumentation.CreateClassResetClassAdapter - Creating brand-new static initializer in class org/apache/commons/compress/compressors/CompressorInputStream
[main] INFO org.evosuite.runtime.instrumentation.EvoClassLoader - Keeping class: org.apache.commons.compress.compressors.CompressorInputStream
[main] INFO org.evosuite.runtime.instrumentation.EvoClassLoader - Seeing class for first time: org.xerial.snappy.BitShuffleNative
[main] INFO org.evosuite.runtime.instrumentation.EvoClassLoader - Instrumenting class 'org.xerial.snappy.BitShuffleNative'.
[main] INFO org.evosuite.runtime.instrumentation.MethodCallReplacementClassAdapter - Adding mock interface to class org/xerial/snappy/BitShuffleNative
[main] INFO org.evosuite.runtime.instrumentation.CreateClassResetClassAdapter - Creating brand-new static initializer in class org/xerial/snappy/BitShuffleNative
[main] INFO org.evosuite.runtime.instrumentation.EvoClassLoader - Keeping class: org.xerial.snappy.BitShuffleNative
[main] INFO org.evosuite.runtime.instrumentation.EvoClassLoader - Seeing class for first time: org.tukaani.xz.index.IndexHash
[main] INFO org.evosuite.runtime.instrumentation.EvoClassLoader - Instrumenting class 'org.tukaani.xz.index.IndexHash'.
[main] INFO org.evosuite.runtime.instrumentation.MethodCallReplacementClassAdapter - Adding mock interface to class org/tukaani/xz/index/IndexHash
[main] INFO org.evosuite.runtime.instrumentation.CreateClassResetClassAdapter - Creating brand-new static initializer in class org/tukaani/xz/index/IndexHash
[main] INFO org.evosuite.runtime.instrumentation.EvoClassLoader - Seeing class for first time: org.tukaani.xz.index.IndexBase
[main] INFO org.evosuite.runtime.instrumentation.EvoClassLoader - Instrumenting class 'org.tukaani.xz.index.IndexBase'.
[main] INFO org.evosuite.runtime.instrumentation.MethodCallReplacementClassAdapter - Adding mock interface to class org/tukaani/xz/index/IndexBase
[main] INFO org.evosuite.runtime.instrumentation.CreateClassResetClassAdapter - Creating brand-new static initializer in class org/tukaani/xz/index/IndexBase
[main] INFO org.evosuite.runtime.instrumentation.EvoClassLoader - Keeping class: org.tukaani.xz.index.IndexBase
[main] INFO org.evosuite.runtime.instrumentation.EvoClassLoader - Keeping class: org.tukaani.xz.index.IndexHash
[main] INFO org.evosuite.runtime.instrumentation.EvoClassLoader - Seeing class for first time: org.tukaani.xz.lz.Matches
[main] INFO org.evosuite.runtime.instrumentation.EvoClassLoader - Instrumenting class 'org.tukaani.xz.lz.Matches'.
[main] INFO org.evosuite.runtime.instrumentation.MethodCallReplacementClassAdapter - Adding mock interface to class org/tukaani/xz/lz/Matches
[main] INFO org.evosuite.runtime.instrumentation.CreateClassResetClassAdapter - Creating brand-new static initializer in class org/tukaani/xz/lz/Matches
[main] INFO org.evosuite.runtime.instrumentation.EvoClassLoader - Keeping class: org.tukaani.xz.lz.Matches
[main] INFO org.evosuite.runtime.instrumentation.EvoClassLoader - Seeing class for first time: org.apache.commons.compress.compressors.xz.XZCompressorInputStream
[main] INFO org.evosuite.runtime.instrumentation.EvoClassLoader - Instrumenting class 'org.apache.commons.compress.compressors.xz.XZCompressorInputStream'.
[main] INFO org.evosuite.runtime.instrumentation.MethodCallReplacementClassAdapter - Adding mock interface to class org/apache/commons/compress/compressors/xz/XZCompressorInputStream
[main] INFO org.evosuite.runtime.instrumentation.CreateClassResetClassAdapter - Creating brand-new static initializer in class org/apache/commons/compress/compressors/xz/XZCompressorInputStream
[main] INFO org.evosuite.runtime.instrumentation.EvoClassLoader - Seeing class for first time: org.apache.commons.compress.utils.InputStreamStatistics
[main] INFO org.evosuite.runtime.instrumentation.EvoClassLoader - Instrumenting class 'org.apache.commons.compress.utils.InputStreamStatistics'.
[main] INFO org.evosuite.runtime.instrumentation.EvoClassLoader - Keeping class: org.apache.commons.compress.utils.InputStreamStatistics
[main] INFO org.evosuite.runtime.instrumentation.EvoClassLoader - Keeping class: org.apache.commons.compress.compressors.xz.XZCompressorInputStream
[main] INFO org.evosuite.runtime.instrumentation.EvoClassLoader - Seeing class for first time: org.apache.commons.compress.MemoryLimitException
[main] INFO org.evosuite.runtime.instrumentation.EvoClassLoader - Instrumenting class 'org.apache.commons.compress.MemoryLimitException'.
[main] INFO org.evosuite.runtime.instrumentation.MethodCallReplacementClassAdapter - Adding mock interface to class org/apache/commons/compress/MemoryLimitException
[main] INFO org.evosuite.runtime.instrumentation.CreateClassResetClassAdapter - Creating brand-new static initializer in class org/apache/commons/compress/MemoryLimitException
[main] INFO org.evosuite.runtime.instrumentation.EvoClassLoader - Defined package (3): package org.apache.commons.compress, -2023157186
[main] INFO org.evosuite.runtime.instrumentation.EvoClassLoader - Keeping class: org.apache.commons.compress.MemoryLimitException
[main] INFO org.evosuite.runtime.instrumentation.EvoClassLoader - Seeing class for first time: org.tukaani.xz.lzma.LZMAEncoderFast
[main] INFO org.evosuite.runtime.instrumentation.EvoClassLoader - Instrumenting class 'org.tukaani.xz.lzma.LZMAEncoderFast'.
[main] INFO org.evosuite.runtime.instrumentation.MethodCallReplacementClassAdapter - Adding mock interface to class org/tukaani/xz/lzma/LZMAEncoderFast
[main] INFO org.evosuite.runtime.instrumentation.CreateClassResetClassAdapter - Creating brand-new static initializer in class org/tukaani/xz/lzma/LZMAEncoderFast
[main] INFO org.evosuite.runtime.instrumentation.CreateClassResetClassAdapter - Adding bytecode for initializing field EXTRA_SIZE_BEFORE
[main] INFO org.evosuite.runtime.instrumentation.CreateClassResetClassAdapter - Adding bytecode for initializing field EXTRA_SIZE_AFTER
[main] INFO org.evosuite.runtime.instrumentation.EvoClassLoader - Keeping class: org.tukaani.xz.lzma.LZMAEncoderFast
[main] INFO org.evosuite.runtime.instrumentation.EvoClassLoader - Seeing class for first time: org.tukaani.xz.lzma.LZMAEncoderNormal
[main] INFO org.evosuite.runtime.instrumentation.EvoClassLoader - Instrumenting class 'org.tukaani.xz.lzma.LZMAEncoderNormal'.
[main] INFO org.evosuite.runtime.instrumentation.MethodCallReplacementClassAdapter - Adding mock interface to class org/tukaani/xz/lzma/LZMAEncoderNormal
[main] INFO org.evosuite.runtime.instrumentation.CreateClassResetClassAdapter - Found static initializer in class org/tukaani/xz/lzma/LZMAEncoderNormal
[main] INFO org.evosuite.runtime.instrumentation.EvoClassLoader - Keeping class: org.tukaani.xz.lzma.LZMAEncoderNormal
[main] INFO org.evosuite.runtime.instrumentation.EvoClassLoader - Seeing class for first time: org.tukaani.xz.common.StreamFlags
[main] INFO org.evosuite.runtime.instrumentation.EvoClassLoader - Instrumenting class 'org.tukaani.xz.common.StreamFlags'.
[main] INFO org.evosuite.runtime.instrumentation.MethodCallReplacementClassAdapter - Adding mock interface to class org/tukaani/xz/common/StreamFlags
[main] INFO org.evosuite.runtime.instrumentation.CreateClassResetClassAdapter - Creating brand-new static initializer in class org/tukaani/xz/common/StreamFlags
[main] INFO org.evosuite.runtime.instrumentation.EvoClassLoader - Keeping class: org.tukaani.xz.common.StreamFlags
[main] INFO org.evosuite.runtime.instrumentation.EvoClassLoader - Seeing class for first time: org.tukaani.xz.common.DecoderUtil
[main] INFO org.evosuite.runtime.instrumentation.EvoClassLoader - Instrumenting class 'org.tukaani.xz.common.DecoderUtil'.
[main] INFO org.evosuite.runtime.instrumentation.MethodCallReplacementClassAdapter - Adding mock interface to class org/tukaani/xz/common/DecoderUtil
[main] INFO org.evosuite.runtime.instrumentation.CreateClassResetClassAdapter - Creating brand-new static initializer in class org/tukaani/xz/common/DecoderUtil
[main] INFO org.evosuite.runtime.instrumentation.EvoClassLoader - Keeping class: org.tukaani.xz.common.DecoderUtil
[main] INFO org.evosuite.runtime.instrumentation.EvoClassLoader - Seeing class for first time: org.tukaani.xz.lz.LZDecoder
[main] INFO org.evosuite.runtime.instrumentation.EvoClassLoader - Instrumenting class 'org.tukaani.xz.lz.LZDecoder'.
[main] INFO org.evosuite.runtime.instrumentation.MethodCallReplacementClassAdapter - Adding mock interface to class org/tukaani/xz/lz/LZDecoder
[main] INFO org.evosuite.runtime.instrumentation.CreateClassResetClassAdapter - Found static initializer in class org/tukaani/xz/lz/LZDecoder
[main] INFO org.evosuite.runtime.instrumentation.EvoClassLoader - Keeping class: org.tukaani.xz.lz.LZDecoder
[main] INFO org.evosuite.runtime.instrumentation.EvoClassLoader - Seeing class for first time: org.tukaani.xz.XZ
[main] INFO org.evosuite.runtime.instrumentation.EvoClassLoader - Instrumenting class 'org.tukaani.xz.XZ'.
[main] INFO org.evosuite.runtime.instrumentation.MethodCallReplacementClassAdapter - Adding mock interface to class org/tukaani/xz/XZ
[main] INFO org.evosuite.runtime.instrumentation.CreateClassResetClassAdapter - Found static initializer in class org/tukaani/xz/XZ
[main] INFO org.evosuite.runtime.instrumentation.EvoClassLoader - Keeping class: org.tukaani.xz.XZ
[main] INFO org.evosuite.runtime.instrumentation.EvoClassLoader - Seeing class for first time: org.tukaani.xz.lzma.State
[main] INFO org.evosuite.runtime.instrumentation.EvoClassLoader - Instrumenting class 'org.tukaani.xz.lzma.State'.
[main] INFO org.evosuite.runtime.instrumentation.MethodCallReplacementClassAdapter - Adding mock interface to class org/tukaani/xz/lzma/State
[main] INFO org.evosuite.runtime.instrumentation.CreateClassResetClassAdapter - Creating brand-new static initializer in class org/tukaani/xz/lzma/State
[main] INFO org.evosuite.runtime.instrumentation.CreateClassResetClassAdapter - Adding bytecode for initializing field STATES
[main] INFO org.evosuite.runtime.instrumentation.CreateClassResetClassAdapter - Adding bytecode for initializing field LIT_STATES
[main] INFO org.evosuite.runtime.instrumentation.CreateClassResetClassAdapter - Adding bytecode for initializing field LIT_LIT
[main] INFO org.evosuite.runtime.instrumentation.CreateClassResetClassAdapter - Adding bytecode for initializing field MATCH_LIT_LIT
[main] INFO org.evosuite.runtime.instrumentation.CreateClassResetClassAdapter - Adding bytecode for initializing field REP_LIT_LIT
[main] INFO org.evosuite.runtime.instrumentation.CreateClassResetClassAdapter - Adding bytecode for initializing field SHORTREP_LIT_LIT
[main] INFO org.evosuite.runtime.instrumentation.CreateClassResetClassAdapter - Adding bytecode for initializing field MATCH_LIT
[main] INFO org.evosuite.runtime.instrumentation.CreateClassResetClassAdapter - Adding bytecode for initializing field REP_LIT
[main] INFO org.evosuite.runtime.instrumentation.CreateClassResetClassAdapter - Adding bytecode for initializing field SHORTREP_LIT
[main] INFO org.evosuite.runtime.instrumentation.CreateClassResetClassAdapter - Adding bytecode for initializing field LIT_MATCH
[main] INFO org.evosuite.runtime.instrumentation.CreateClassResetClassAdapter - Adding bytecode for initializing field LIT_LONGREP
[main] INFO org.evosuite.runtime.instrumentation.CreateClassResetClassAdapter - Adding bytecode for initializing field LIT_SHORTREP
[main] INFO org.evosuite.runtime.instrumentation.CreateClassResetClassAdapter - Adding bytecode for initializing field NONLIT_MATCH
[main] INFO org.evosuite.runtime.instrumentation.CreateClassResetClassAdapter - Adding bytecode for initializing field NONLIT_REP
[main] INFO org.evosuite.runtime.instrumentation.EvoClassLoader - Keeping class: org.tukaani.xz.lzma.State
[main] INFO org.evosuite.runtime.instrumentation.EvoClassLoader - Seeing class for first time: org.tukaani.xz.index.IndexEncoder
[main] INFO org.evosuite.runtime.instrumentation.EvoClassLoader - Instrumenting class 'org.tukaani.xz.index.IndexEncoder'.
[main] INFO org.evosuite.runtime.instrumentation.MethodCallReplacementClassAdapter - Adding mock interface to class org/tukaani/xz/index/IndexEncoder
[main] INFO org.evosuite.runtime.instrumentation.CreateClassResetClassAdapter - Creating brand-new static initializer in class org/tukaani/xz/index/IndexEncoder
[main] INFO org.evosuite.runtime.instrumentation.EvoClassLoader - Keeping class: org.tukaani.xz.index.IndexEncoder
[main] INFO org.evosuite.runtime.instrumentation.EvoClassLoader - Seeing class for first time: org.tukaani.xz.lzma.Optimum
[main] INFO org.evosuite.runtime.instrumentation.EvoClassLoader - Instrumenting class 'org.tukaani.xz.lzma.Optimum'.
[main] INFO org.evosuite.runtime.instrumentation.MethodCallReplacementClassAdapter - Adding mock interface to class org/tukaani/xz/lzma/Optimum
[main] INFO org.evosuite.runtime.instrumentation.CreateClassResetClassAdapter - Creating brand-new static initializer in class org/tukaani/xz/lzma/Optimum
[main] INFO org.evosuite.runtime.instrumentation.CreateClassResetClassAdapter - Adding bytecode for initializing field INFINITY_PRICE
[main] INFO org.evosuite.runtime.instrumentation.EvoClassLoader - Keeping class: org.tukaani.xz.lzma.Optimum
[main] INFO org.evosuite.runtime.instrumentation.EvoClassLoader - Seeing class for first time: org.tukaani.xz.LZMA2Decoder
[main] INFO org.evosuite.runtime.instrumentation.EvoClassLoader - Instrumenting class 'org.tukaani.xz.LZMA2Decoder'.
[main] INFO org.evosuite.runtime.instrumentation.MethodCallReplacementClassAdapter - Adding mock interface to class org/tukaani/xz/LZMA2Decoder
[main] INFO org.evosuite.runtime.instrumentation.CreateClassResetClassAdapter - Creating brand-new static initializer in class org/tukaani/xz/LZMA2Decoder
[main] INFO org.evosuite.runtime.instrumentation.EvoClassLoader - Seeing class for first time: org.tukaani.xz.FilterDecoder
[main] INFO org.evosuite.runtime.instrumentation.EvoClassLoader - Instrumenting class 'org.tukaani.xz.FilterDecoder'.
[main] INFO org.evosuite.runtime.instrumentation.EvoClassLoader - Keeping class: org.tukaani.xz.FilterDecoder
[main] INFO org.evosuite.runtime.instrumentation.EvoClassLoader - Keeping class: org.tukaani.xz.LZMA2Decoder
[main] INFO org.evosuite.runtime.instrumentation.EvoClassLoader - Seeing class for first time: org.tukaani.xz.BlockInputStream
[main] INFO org.evosuite.runtime.instrumentation.EvoClassLoader - Instrumenting class 'org.tukaani.xz.BlockInputStream'.
[main] INFO org.evosuite.runtime.instrumentation.MethodCallReplacementClassAdapter - Adding mock interface to class org/tukaani/xz/BlockInputStream
[main] INFO org.evosuite.runtime.instrumentation.CreateClassResetClassAdapter - Found static initializer in class org/tukaani/xz/BlockInputStream
[main] INFO org.evosuite.runtime.instrumentation.EvoClassLoader - Keeping class: org.tukaani.xz.BlockInputStream
[main] INFO org.evosuite.runtime.instrumentation.EvoClassLoader - Seeing class for first time: org.apache.commons.compress.utils.IOUtils
[main] INFO org.evosuite.runtime.instrumentation.EvoClassLoader - Instrumenting class 'org.apache.commons.compress.utils.IOUtils'.
[main] INFO org.evosuite.runtime.instrumentation.MethodCallReplacementClassAdapter - Adding mock interface to class org/apache/commons/compress/utils/IOUtils
[main] INFO org.evosuite.runtime.instrumentation.CreateClassResetClassAdapter - Found static initializer in class org/apache/commons/compress/utils/IOUtils
[main] INFO org.evosuite.runtime.instrumentation.EvoClassLoader - Keeping class: org.apache.commons.compress.utils.IOUtils
[main] INFO org.evosuite.runtime.instrumentation.EvoClassLoader - Seeing class for first time: org.tukaani.xz.BlockOutputStream
[main] INFO org.evosuite.runtime.instrumentation.EvoClassLoader - Instrumenting class 'org.tukaani.xz.BlockOutputStream'.
[main] INFO org.evosuite.runtime.instrumentation.MethodCallReplacementClassAdapter - Adding mock interface to class org/tukaani/xz/BlockOutputStream
[main] INFO org.evosuite.runtime.instrumentation.CreateClassResetClassAdapter - Creating brand-new static initializer in class org/tukaani/xz/BlockOutputStream
[main] INFO org.evosuite.runtime.instrumentation.EvoClassLoader - Keeping class: org.tukaani.xz.BlockOutputStream
[main] INFO org.evosuite.runtime.instrumentation.EvoClassLoader - Seeing class for first time: org.tukaani.xz.XZOutputStream
[main] INFO org.evosuite.runtime.instrumentation.EvoClassLoader - Instrumenting class 'org.tukaani.xz.XZOutputStream'.
[main] INFO org.evosuite.runtime.instrumentation.MethodCallReplacementClassAdapter - Adding mock interface to class org/tukaani/xz/XZOutputStream
[main] INFO org.evosuite.runtime.instrumentation.CreateClassResetClassAdapter - Creating brand-new static initializer in class org/tukaani/xz/XZOutputStream
[main] INFO org.evosuite.runtime.instrumentation.EvoClassLoader - Keeping class: org.tukaani.xz.XZOutputStream
java.lang.SecurityException: Security manager blocks ("java.lang.RuntimePermission" "loadLibrary./tmp/snappy-1.1.8-00000000-0100-4000-8200-000003000000-libsnappyjava.so")
java.lang.Thread.getStackTrace(Thread.java:1564)
org.evosuite.runtime.sandbox.MSecurityManager.checkPermission(MSecurityManager.java:424)
java.lang.SecurityManager.checkLink(SecurityManager.java:835)
java.lang.Runtime.load0(Runtime.java:776)
java.lang.System.load(System.java:1100)
org.xerial.snappy.SnappyLoader.loadNativeLibrary(SnappyLoader.java:198)
org.xerial.snappy.SnappyLoader.loadSnappyApi(SnappyLoader.java:167)
org.xerial.snappy.Snappy.init(Snappy.java:69)
org.xerial.snappy.Snappy.__STATIC_RESET(Snappy.java:46)
sun.reflect.NativeMethodAccessorImpl.invoke0(Native Method)
sun.reflect.NativeMethodAccessorImpl.invoke(NativeMethodAccessorImpl.java:62)
sun.reflect.DelegatingMethodAccessorImpl.invoke(DelegatingMethodAccessorImpl.java:43)
java.lang.reflect.Method.invoke(Method.java:498)
org.evosuite.runtime.classhandling.ClassResetter.reset(ClassResetter.java:159)
org.evosuite.runtime.classhandling.ClassStateSupport.resetClasses(ClassStateSupport.java:137)
org.apache.avro.file.XZCodec_ESTest_scaffolding.resetClasses(XZCodec_ESTest_scaffolding.java:185)
org.apache.avro.file.XZCodec_ESTest_scaffolding.doneWithTestCase(XZCodec_ESTest_scaffolding.java:66)
sun.reflect.NativeMethodAccessorImpl.invoke0(Native Method)
sun.reflect.NativeMethodAccessorImpl.invoke(NativeMethodAccessorImpl.java:62)
sun.reflect.DelegatingMethodAccessorImpl.invoke(DelegatingMethodAccessorImpl.java:43)
java.lang.reflect.Method.invoke(Method.java:498)
org.junit.runners.model.FrameworkMethod$1.runReflectiveCall(FrameworkMethod.java:59)
org.junit.internal.runners.model.ReflectiveCallable.run(ReflectiveCallable.java:12)
org.junit.runners.model.FrameworkMethod.invokeExplosively(FrameworkMethod.java:56)
org.junit.internal.runners.statements.RunAfters.invokeMethod(RunAfters.java:46)
org.junit.internal.runners.statements.RunAfters.evaluate(RunAfters.java:33)
org.evosuite.runtime.vnet.NonFunctionalRequirementRule$1.evaluate(NonFunctionalRequirementRule.java:41)
org.junit.runners.ParentRunner$3.evaluate(ParentRunner.java:306)
org.junit.runners.BlockJUnit4ClassRunner$1.evaluate(BlockJUnit4ClassRunner.java:100)
org.junit.runners.ParentRunner.runLeaf(ParentRunner.java:366)
org.junit.runners.BlockJUnit4ClassRunner.runChild(BlockJUnit4ClassRunner.java:103)
org.junit.runners.BlockJUnit4ClassRunner.runChild(BlockJUnit4ClassRunner.java:63)
org.junit.runners.ParentRunner$4.run(ParentRunner.java:331)
org.junit.runners.ParentRunner$1.schedule(ParentRunner.java:79)
org.junit.runners.ParentRunner.runChildren(ParentRunner.java:329)
org.junit.runners.ParentRunner.access$100(ParentRunner.java:66)
org.junit.runners.ParentRunner$2.evaluate(ParentRunner.java:293)
org.junit.internal.runners.statements.RunBefores.evaluate(RunBefores.java:26)
org.junit.internal.runners.statements.RunAfters.evaluate(RunAfters.java:27)
org.junit.runners.ParentRunner$3.evaluate(ParentRunner.java:306)
org.junit.runners.ParentRunner.run(ParentRunner.java:413)
org.apache.maven.surefire.junit4.JUnit4Provider.execute(JUnit4Provider.java:316)
org.apache.maven.surefire.junit4.JUnit4Provider.executeWithRerun(JUnit4Provider.java:240)
org.apache.maven.surefire.junit4.JUnit4Provider.executeTestSet(JUnit4Provider.java:214)
org.apache.maven.surefire.junit4.JUnit4Provider.invoke(JUnit4Provider.java:155)
org.apache.maven.surefire.booter.ForkedBooter.runSuitesInProcess(ForkedBooter.java:385)
org.apache.maven.surefire.booter.ForkedBooter.execute(ForkedBooter.java:162)
org.apache.maven.surefire.booter.ForkedBooter.run(ForkedBooter.java:507)
org.apache.maven.surefire.booter.ForkedBooter.main(ForkedBooter.java:495)

	at org.evosuite.runtime.sandbox.MSecurityManager.checkPermission(MSecurityManager.java:436)
	at java.lang.SecurityManager.checkLink(SecurityManager.java:835)
	at java.lang.Runtime.load0(Runtime.java:776)
	at java.lang.System.load(System.java:1100)
	at org.xerial.snappy.SnappyLoader.loadNativeLibrary(SnappyLoader.java:198)
	at org.xerial.snappy.SnappyLoader.loadSnappyApi(SnappyLoader.java:167)
	at org.xerial.snappy.Snappy.init(Snappy.java:69)
	at org.xerial.snappy.Snappy.__STATIC_RESET(Snappy.java:46)
	at sun.reflect.NativeMethodAccessorImpl.invoke0(Native Method)
	at sun.reflect.NativeMethodAccessorImpl.invoke(NativeMethodAccessorImpl.java:62)
	at sun.reflect.DelegatingMethodAccessorImpl.invoke(DelegatingMethodAccessorImpl.java:43)
	at java.lang.reflect.Method.invoke(Method.java:498)
	at org.evosuite.runtime.classhandling.ClassResetter.reset(ClassResetter.java:159)
	at org.evosuite.runtime.classhandling.ClassStateSupport.resetClasses(ClassStateSupport.java:137)
	at org.apache.avro.file.XZCodec_ESTest_scaffolding.resetClasses(XZCodec_ESTest_scaffolding.java:185)
	at org.apache.avro.file.XZCodec_ESTest_scaffolding.doneWithTestCase(XZCodec_ESTest_scaffolding.java:66)
	at sun.reflect.NativeMethodAccessorImpl.invoke0(Native Method)
	at sun.reflect.NativeMethodAccessorImpl.invoke(NativeMethodAccessorImpl.java:62)
	at sun.reflect.DelegatingMethodAccessorImpl.invoke(DelegatingMethodAccessorImpl.java:43)
	at java.lang.reflect.Method.invoke(Method.java:498)
	at org.junit.runners.model.FrameworkMethod$1.runReflectiveCall(FrameworkMethod.java:59)
	at org.junit.internal.runners.model.ReflectiveCallable.run(ReflectiveCallable.java:12)
	at org.junit.runners.model.FrameworkMethod.invokeExplosively(FrameworkMethod.java:56)
	at org.junit.internal.runners.statements.RunAfters.invokeMethod(RunAfters.java:46)
	at org.junit.internal.runners.statements.RunAfters.evaluate(RunAfters.java:33)
	at org.evosuite.runtime.vnet.NonFunctionalRequirementRule$1.evaluate(NonFunctionalRequirementRule.java:41)
	at org.junit.runners.ParentRunner$3.evaluate(ParentRunner.java:306)
	at org.junit.runners.BlockJUnit4ClassRunner$1.evaluate(BlockJUnit4ClassRunner.java:100)
	at org.junit.runners.ParentRunner.runLeaf(ParentRunner.java:366)
	at org.junit.runners.BlockJUnit4ClassRunner.runChild(BlockJUnit4ClassRunner.java:103)
	at org.junit.runners.BlockJUnit4ClassRunner.runChild(BlockJUnit4ClassRunner.java:63)
	at org.junit.runners.ParentRunner$4.run(ParentRunner.java:331)
	at org.junit.runners.ParentRunner$1.schedule(ParentRunner.java:79)
	at org.junit.runners.ParentRunner.runChildren(ParentRunner.java:329)
	at org.junit.runners.ParentRunner.access$100(ParentRunner.java:66)
	at org.junit.runners.ParentRunner$2.evaluate(ParentRunner.java:293)
	at org.junit.internal.runners.statements.RunBefores.evaluate(RunBefores.java:26)
	at org.junit.internal.runners.statements.RunAfters.evaluate(RunAfters.java:27)
	at org.junit.runners.ParentRunner$3.evaluate(ParentRunner.java:306)
	at org.junit.runners.ParentRunner.run(ParentRunner.java:413)
	at org.apache.maven.surefire.junit4.JUnit4Provider.execute(JUnit4Provider.java:316)
	at org.apache.maven.surefire.junit4.JUnit4Provider.executeWithRerun(JUnit4Provider.java:240)
	at org.apache.maven.surefire.junit4.JUnit4Provider.executeTestSet(JUnit4Provider.java:214)
	at org.apache.maven.surefire.junit4.JUnit4Provider.invoke(JUnit4Provider.java:155)
	at org.apache.maven.surefire.booter.ForkedBooter.runSuitesInProcess(ForkedBooter.java:385)
	at org.apache.maven.surefire.booter.ForkedBooter.execute(ForkedBooter.java:162)
	at org.apache.maven.surefire.booter.ForkedBooter.run(ForkedBooter.java:507)
	at org.apache.maven.surefire.booter.ForkedBooter.main(ForkedBooter.java:495)
[main] INFO org.evosuite.runtime.instrumentation.EvoClassLoader - Seeing class for first time: org.tukaani.xz.lzma.LZMADecoder
[main] INFO org.evosuite.runtime.instrumentation.EvoClassLoader - Instrumenting class 'org.tukaani.xz.lzma.LZMADecoder'.
[main] INFO org.evosuite.runtime.instrumentation.MethodCallReplacementClassAdapter - Adding mock interface to class org/tukaani/xz/lzma/LZMADecoder
[main] INFO org.evosuite.runtime.instrumentation.CreateClassResetClassAdapter - Creating brand-new static initializer in class org/tukaani/xz/lzma/LZMADecoder
[main] INFO org.evosuite.runtime.instrumentation.EvoClassLoader - Keeping class: org.tukaani.xz.lzma.LZMADecoder
[main] INFO org.evosuite.runtime.instrumentation.EvoClassLoader - Seeing class for first time: org.tukaani.xz.lzma.LZMADecoder$LengthDecoder
[main] INFO org.evosuite.runtime.instrumentation.EvoClassLoader - Instrumenting class 'org.tukaani.xz.lzma.LZMADecoder$LengthDecoder'.
[main] INFO org.evosuite.runtime.instrumentation.MethodCallReplacementClassAdapter - Adding mock interface to class org/tukaani/xz/lzma/LZMADecoder$LengthDecoder
[main] INFO org.evosuite.runtime.instrumentation.CreateClassResetClassAdapter - Creating brand-new static initializer in class org/tukaani/xz/lzma/LZMADecoder$LengthDecoder
[main] INFO org.evosuite.runtime.instrumentation.EvoClassLoader - Keeping class: org.tukaani.xz.lzma.LZMADecoder$LengthDecoder
[main] INFO org.evosuite.runtime.instrumentation.EvoClassLoader - Seeing class for first time: org.tukaani.xz.lzma.LZMADecoder$LiteralDecoder
[main] INFO org.evosuite.runtime.instrumentation.EvoClassLoader - Instrumenting class 'org.tukaani.xz.lzma.LZMADecoder$LiteralDecoder'.
[main] INFO org.evosuite.runtime.instrumentation.MethodCallReplacementClassAdapter - Adding mock interface to class org/tukaani/xz/lzma/LZMADecoder$LiteralDecoder
[main] INFO org.evosuite.runtime.instrumentation.CreateClassResetClassAdapter - Creating brand-new static initializer in class org/tukaani/xz/lzma/LZMADecoder$LiteralDecoder
[main] INFO org.evosuite.runtime.instrumentation.EvoClassLoader - Keeping class: org.tukaani.xz.lzma.LZMADecoder$LiteralDecoder
[main] INFO org.evosuite.runtime.instrumentation.EvoClassLoader - Seeing class for first time: org.tukaani.xz.lzma.LZMADecoder$LiteralDecoder$LiteralSubdecoder
[main] INFO org.evosuite.runtime.instrumentation.EvoClassLoader - Instrumenting class 'org.tukaani.xz.lzma.LZMADecoder$LiteralDecoder$LiteralSubdecoder'.
[main] INFO org.evosuite.runtime.instrumentation.MethodCallReplacementClassAdapter - Adding mock interface to class org/tukaani/xz/lzma/LZMADecoder$LiteralDecoder$LiteralSubdecoder
[main] INFO org.evosuite.runtime.instrumentation.CreateClassResetClassAdapter - Creating brand-new static initializer in class org/tukaani/xz/lzma/LZMADecoder$LiteralDecoder$LiteralSubdecoder
[main] INFO org.evosuite.runtime.instrumentation.EvoClassLoader - Keeping class: org.tukaani.xz.lzma.LZMADecoder$LiteralDecoder$LiteralSubdecoder
]]></system-err>
  </testcase>
  <testcase name="test11" classname="org.apache.avro.file.XZCodec_ESTest" time="0.178">
    <system-err><![CDATA[java.lang.SecurityException: Security manager blocks ("java.lang.RuntimePermission" "loadLibrary./tmp/snappy-1.1.8-00000000-0100-4000-8200-000003000000-libsnappyjava.so")
java.lang.Thread.getStackTrace(Thread.java:1564)
org.evosuite.runtime.sandbox.MSecurityManager.checkPermission(MSecurityManager.java:424)
java.lang.SecurityManager.checkLink(SecurityManager.java:835)
java.lang.Runtime.load0(Runtime.java:776)
java.lang.System.load(System.java:1100)
org.xerial.snappy.SnappyLoader.loadNativeLibrary(SnappyLoader.java:198)
org.xerial.snappy.SnappyLoader.loadSnappyApi(SnappyLoader.java:167)
org.xerial.snappy.Snappy.init(Snappy.java:69)
org.xerial.snappy.Snappy.__STATIC_RESET(Snappy.java:46)
sun.reflect.NativeMethodAccessorImpl.invoke0(Native Method)
sun.reflect.NativeMethodAccessorImpl.invoke(NativeMethodAccessorImpl.java:62)
sun.reflect.DelegatingMethodAccessorImpl.invoke(DelegatingMethodAccessorImpl.java:43)
java.lang.reflect.Method.invoke(Method.java:498)
org.evosuite.runtime.classhandling.ClassResetter.reset(ClassResetter.java:159)
org.evosuite.runtime.classhandling.ClassStateSupport.resetClasses(ClassStateSupport.java:137)
org.apache.avro.file.XZCodec_ESTest_scaffolding.resetClasses(XZCodec_ESTest_scaffolding.java:185)
org.apache.avro.file.XZCodec_ESTest_scaffolding.doneWithTestCase(XZCodec_ESTest_scaffolding.java:66)
sun.reflect.NativeMethodAccessorImpl.invoke0(Native Method)
sun.reflect.NativeMethodAccessorImpl.invoke(NativeMethodAccessorImpl.java:62)
sun.reflect.DelegatingMethodAccessorImpl.invoke(DelegatingMethodAccessorImpl.java:43)
java.lang.reflect.Method.invoke(Method.java:498)
org.junit.runners.model.FrameworkMethod$1.runReflectiveCall(FrameworkMethod.java:59)
org.junit.internal.runners.model.ReflectiveCallable.run(ReflectiveCallable.java:12)
org.junit.runners.model.FrameworkMethod.invokeExplosively(FrameworkMethod.java:56)
org.junit.internal.runners.statements.RunAfters.invokeMethod(RunAfters.java:46)
org.junit.internal.runners.statements.RunAfters.evaluate(RunAfters.java:33)
org.evosuite.runtime.vnet.NonFunctionalRequirementRule$1.evaluate(NonFunctionalRequirementRule.java:41)
org.junit.runners.ParentRunner$3.evaluate(ParentRunner.java:306)
org.junit.runners.BlockJUnit4ClassRunner$1.evaluate(BlockJUnit4ClassRunner.java:100)
org.junit.runners.ParentRunner.runLeaf(ParentRunner.java:366)
org.junit.runners.BlockJUnit4ClassRunner.runChild(BlockJUnit4ClassRunner.java:103)
org.junit.runners.BlockJUnit4ClassRunner.runChild(BlockJUnit4ClassRunner.java:63)
org.junit.runners.ParentRunner$4.run(ParentRunner.java:331)
org.junit.runners.ParentRunner$1.schedule(ParentRunner.java:79)
org.junit.runners.ParentRunner.runChildren(ParentRunner.java:329)
org.junit.runners.ParentRunner.access$100(ParentRunner.java:66)
org.junit.runners.ParentRunner$2.evaluate(ParentRunner.java:293)
org.junit.internal.runners.statements.RunBefores.evaluate(RunBefores.java:26)
org.junit.internal.runners.statements.RunAfters.evaluate(RunAfters.java:27)
org.junit.runners.ParentRunner$3.evaluate(ParentRunner.java:306)
org.junit.runners.ParentRunner.run(ParentRunner.java:413)
org.apache.maven.surefire.junit4.JUnit4Provider.execute(JUnit4Provider.java:316)
org.apache.maven.surefire.junit4.JUnit4Provider.executeWithRerun(JUnit4Provider.java:240)
org.apache.maven.surefire.junit4.JUnit4Provider.executeTestSet(JUnit4Provider.java:214)
org.apache.maven.surefire.junit4.JUnit4Provider.invoke(JUnit4Provider.java:155)
org.apache.maven.surefire.booter.ForkedBooter.runSuitesInProcess(ForkedBooter.java:385)
org.apache.maven.surefire.booter.ForkedBooter.execute(ForkedBooter.java:162)
org.apache.maven.surefire.booter.ForkedBooter.run(ForkedBooter.java:507)
org.apache.maven.surefire.booter.ForkedBooter.main(ForkedBooter.java:495)

	at org.evosuite.runtime.sandbox.MSecurityManager.checkPermission(MSecurityManager.java:436)
	at java.lang.SecurityManager.checkLink(SecurityManager.java:835)
	at java.lang.Runtime.load0(Runtime.java:776)
	at java.lang.System.load(System.java:1100)
	at org.xerial.snappy.SnappyLoader.loadNativeLibrary(SnappyLoader.java:198)
	at org.xerial.snappy.SnappyLoader.loadSnappyApi(SnappyLoader.java:167)
	at org.xerial.snappy.Snappy.init(Snappy.java:69)
	at org.xerial.snappy.Snappy.__STATIC_RESET(Snappy.java:46)
	at sun.reflect.NativeMethodAccessorImpl.invoke0(Native Method)
	at sun.reflect.NativeMethodAccessorImpl.invoke(NativeMethodAccessorImpl.java:62)
	at sun.reflect.DelegatingMethodAccessorImpl.invoke(DelegatingMethodAccessorImpl.java:43)
	at java.lang.reflect.Method.invoke(Method.java:498)
	at org.evosuite.runtime.classhandling.ClassResetter.reset(ClassResetter.java:159)
	at org.evosuite.runtime.classhandling.ClassStateSupport.resetClasses(ClassStateSupport.java:137)
	at org.apache.avro.file.XZCodec_ESTest_scaffolding.resetClasses(XZCodec_ESTest_scaffolding.java:185)
	at org.apache.avro.file.XZCodec_ESTest_scaffolding.doneWithTestCase(XZCodec_ESTest_scaffolding.java:66)
	at sun.reflect.NativeMethodAccessorImpl.invoke0(Native Method)
	at sun.reflect.NativeMethodAccessorImpl.invoke(NativeMethodAccessorImpl.java:62)
	at sun.reflect.DelegatingMethodAccessorImpl.invoke(DelegatingMethodAccessorImpl.java:43)
	at java.lang.reflect.Method.invoke(Method.java:498)
	at org.junit.runners.model.FrameworkMethod$1.runReflectiveCall(FrameworkMethod.java:59)
	at org.junit.internal.runners.model.ReflectiveCallable.run(ReflectiveCallable.java:12)
	at org.junit.runners.model.FrameworkMethod.invokeExplosively(FrameworkMethod.java:56)
	at org.junit.internal.runners.statements.RunAfters.invokeMethod(RunAfters.java:46)
	at org.junit.internal.runners.statements.RunAfters.evaluate(RunAfters.java:33)
	at org.evosuite.runtime.vnet.NonFunctionalRequirementRule$1.evaluate(NonFunctionalRequirementRule.java:41)
	at org.junit.runners.ParentRunner$3.evaluate(ParentRunner.java:306)
	at org.junit.runners.BlockJUnit4ClassRunner$1.evaluate(BlockJUnit4ClassRunner.java:100)
	at org.junit.runners.ParentRunner.runLeaf(ParentRunner.java:366)
	at org.junit.runners.BlockJUnit4ClassRunner.runChild(BlockJUnit4ClassRunner.java:103)
	at org.junit.runners.BlockJUnit4ClassRunner.runChild(BlockJUnit4ClassRunner.java:63)
	at org.junit.runners.ParentRunner$4.run(ParentRunner.java:331)
	at org.junit.runners.ParentRunner$1.schedule(ParentRunner.java:79)
	at org.junit.runners.ParentRunner.runChildren(ParentRunner.java:329)
	at org.junit.runners.ParentRunner.access$100(ParentRunner.java:66)
	at org.junit.runners.ParentRunner$2.evaluate(ParentRunner.java:293)
	at org.junit.internal.runners.statements.RunBefores.evaluate(RunBefores.java:26)
	at org.junit.internal.runners.statements.RunAfters.evaluate(RunAfters.java:27)
	at org.junit.runners.ParentRunner$3.evaluate(ParentRunner.java:306)
	at org.junit.runners.ParentRunner.run(ParentRunner.java:413)
	at org.apache.maven.surefire.junit4.JUnit4Provider.execute(JUnit4Provider.java:316)
	at org.apache.maven.surefire.junit4.JUnit4Provider.executeWithRerun(JUnit4Provider.java:240)
	at org.apache.maven.surefire.junit4.JUnit4Provider.executeTestSet(JUnit4Provider.java:214)
	at org.apache.maven.surefire.junit4.JUnit4Provider.invoke(JUnit4Provider.java:155)
	at org.apache.maven.surefire.booter.ForkedBooter.runSuitesInProcess(ForkedBooter.java:385)
	at org.apache.maven.surefire.booter.ForkedBooter.execute(ForkedBooter.java:162)
	at org.apache.maven.surefire.booter.ForkedBooter.run(ForkedBooter.java:507)
	at org.apache.maven.surefire.booter.ForkedBooter.main(ForkedBooter.java:495)
]]></system-err>
  </testcase>
  <testcase name="test01" classname="org.apache.avro.file.XZCodec_ESTest" time="0.182">
    <system-err><![CDATA[java.lang.SecurityException: Security manager blocks ("java.lang.RuntimePermission" "loadLibrary./tmp/snappy-1.1.8-00000000-0100-4000-8200-000003000000-libsnappyjava.so")
java.lang.Thread.getStackTrace(Thread.java:1564)
org.evosuite.runtime.sandbox.MSecurityManager.checkPermission(MSecurityManager.java:424)
java.lang.SecurityManager.checkLink(SecurityManager.java:835)
java.lang.Runtime.load0(Runtime.java:776)
java.lang.System.load(System.java:1100)
org.xerial.snappy.SnappyLoader.loadNativeLibrary(SnappyLoader.java:198)
org.xerial.snappy.SnappyLoader.loadSnappyApi(SnappyLoader.java:167)
org.xerial.snappy.Snappy.init(Snappy.java:69)
org.xerial.snappy.Snappy.__STATIC_RESET(Snappy.java:46)
sun.reflect.NativeMethodAccessorImpl.invoke0(Native Method)
sun.reflect.NativeMethodAccessorImpl.invoke(NativeMethodAccessorImpl.java:62)
sun.reflect.DelegatingMethodAccessorImpl.invoke(DelegatingMethodAccessorImpl.java:43)
java.lang.reflect.Method.invoke(Method.java:498)
org.evosuite.runtime.classhandling.ClassResetter.reset(ClassResetter.java:159)
org.evosuite.runtime.classhandling.ClassStateSupport.resetClasses(ClassStateSupport.java:137)
org.apache.avro.file.XZCodec_ESTest_scaffolding.resetClasses(XZCodec_ESTest_scaffolding.java:185)
org.apache.avro.file.XZCodec_ESTest_scaffolding.doneWithTestCase(XZCodec_ESTest_scaffolding.java:66)
sun.reflect.NativeMethodAccessorImpl.invoke0(Native Method)
sun.reflect.NativeMethodAccessorImpl.invoke(NativeMethodAccessorImpl.java:62)
sun.reflect.DelegatingMethodAccessorImpl.invoke(DelegatingMethodAccessorImpl.java:43)
java.lang.reflect.Method.invoke(Method.java:498)
org.junit.runners.model.FrameworkMethod$1.runReflectiveCall(FrameworkMethod.java:59)
org.junit.internal.runners.model.ReflectiveCallable.run(ReflectiveCallable.java:12)
org.junit.runners.model.FrameworkMethod.invokeExplosively(FrameworkMethod.java:56)
org.junit.internal.runners.statements.RunAfters.invokeMethod(RunAfters.java:46)
org.junit.internal.runners.statements.RunAfters.evaluate(RunAfters.java:33)
org.evosuite.runtime.vnet.NonFunctionalRequirementRule$1.evaluate(NonFunctionalRequirementRule.java:41)
org.junit.runners.ParentRunner$3.evaluate(ParentRunner.java:306)
org.junit.runners.BlockJUnit4ClassRunner$1.evaluate(BlockJUnit4ClassRunner.java:100)
org.junit.runners.ParentRunner.runLeaf(ParentRunner.java:366)
org.junit.runners.BlockJUnit4ClassRunner.runChild(BlockJUnit4ClassRunner.java:103)
org.junit.runners.BlockJUnit4ClassRunner.runChild(BlockJUnit4ClassRunner.java:63)
org.junit.runners.ParentRunner$4.run(ParentRunner.java:331)
org.junit.runners.ParentRunner$1.schedule(ParentRunner.java:79)
org.junit.runners.ParentRunner.runChildren(ParentRunner.java:329)
org.junit.runners.ParentRunner.access$100(ParentRunner.java:66)
org.junit.runners.ParentRunner$2.evaluate(ParentRunner.java:293)
org.junit.internal.runners.statements.RunBefores.evaluate(RunBefores.java:26)
org.junit.internal.runners.statements.RunAfters.evaluate(RunAfters.java:27)
org.junit.runners.ParentRunner$3.evaluate(ParentRunner.java:306)
org.junit.runners.ParentRunner.run(ParentRunner.java:413)
org.apache.maven.surefire.junit4.JUnit4Provider.execute(JUnit4Provider.java:316)
org.apache.maven.surefire.junit4.JUnit4Provider.executeWithRerun(JUnit4Provider.java:240)
org.apache.maven.surefire.junit4.JUnit4Provider.executeTestSet(JUnit4Provider.java:214)
org.apache.maven.surefire.junit4.JUnit4Provider.invoke(JUnit4Provider.java:155)
org.apache.maven.surefire.booter.ForkedBooter.runSuitesInProcess(ForkedBooter.java:385)
org.apache.maven.surefire.booter.ForkedBooter.execute(ForkedBooter.java:162)
org.apache.maven.surefire.booter.ForkedBooter.run(ForkedBooter.java:507)
org.apache.maven.surefire.booter.ForkedBooter.main(ForkedBooter.java:495)

	at org.evosuite.runtime.sandbox.MSecurityManager.checkPermission(MSecurityManager.java:436)
	at java.lang.SecurityManager.checkLink(SecurityManager.java:835)
	at java.lang.Runtime.load0(Runtime.java:776)
	at java.lang.System.load(System.java:1100)
	at org.xerial.snappy.SnappyLoader.loadNativeLibrary(SnappyLoader.java:198)
	at org.xerial.snappy.SnappyLoader.loadSnappyApi(SnappyLoader.java:167)
	at org.xerial.snappy.Snappy.init(Snappy.java:69)
	at org.xerial.snappy.Snappy.__STATIC_RESET(Snappy.java:46)
	at sun.reflect.NativeMethodAccessorImpl.invoke0(Native Method)
	at sun.reflect.NativeMethodAccessorImpl.invoke(NativeMethodAccessorImpl.java:62)
	at sun.reflect.DelegatingMethodAccessorImpl.invoke(DelegatingMethodAccessorImpl.java:43)
	at java.lang.reflect.Method.invoke(Method.java:498)
	at org.evosuite.runtime.classhandling.ClassResetter.reset(ClassResetter.java:159)
	at org.evosuite.runtime.classhandling.ClassStateSupport.resetClasses(ClassStateSupport.java:137)
	at org.apache.avro.file.XZCodec_ESTest_scaffolding.resetClasses(XZCodec_ESTest_scaffolding.java:185)
	at org.apache.avro.file.XZCodec_ESTest_scaffolding.doneWithTestCase(XZCodec_ESTest_scaffolding.java:66)
	at sun.reflect.NativeMethodAccessorImpl.invoke0(Native Method)
	at sun.reflect.NativeMethodAccessorImpl.invoke(NativeMethodAccessorImpl.java:62)
	at sun.reflect.DelegatingMethodAccessorImpl.invoke(DelegatingMethodAccessorImpl.java:43)
	at java.lang.reflect.Method.invoke(Method.java:498)
	at org.junit.runners.model.FrameworkMethod$1.runReflectiveCall(FrameworkMethod.java:59)
	at org.junit.internal.runners.model.ReflectiveCallable.run(ReflectiveCallable.java:12)
	at org.junit.runners.model.FrameworkMethod.invokeExplosively(FrameworkMethod.java:56)
	at org.junit.internal.runners.statements.RunAfters.invokeMethod(RunAfters.java:46)
	at org.junit.internal.runners.statements.RunAfters.evaluate(RunAfters.java:33)
	at org.evosuite.runtime.vnet.NonFunctionalRequirementRule$1.evaluate(NonFunctionalRequirementRule.java:41)
	at org.junit.runners.ParentRunner$3.evaluate(ParentRunner.java:306)
	at org.junit.runners.BlockJUnit4ClassRunner$1.evaluate(BlockJUnit4ClassRunner.java:100)
	at org.junit.runners.ParentRunner.runLeaf(ParentRunner.java:366)
	at org.junit.runners.BlockJUnit4ClassRunner.runChild(BlockJUnit4ClassRunner.java:103)
	at org.junit.runners.BlockJUnit4ClassRunner.runChild(BlockJUnit4ClassRunner.java:63)
	at org.junit.runners.ParentRunner$4.run(ParentRunner.java:331)
	at org.junit.runners.ParentRunner$1.schedule(ParentRunner.java:79)
	at org.junit.runners.ParentRunner.runChildren(ParentRunner.java:329)
	at org.junit.runners.ParentRunner.access$100(ParentRunner.java:66)
	at org.junit.runners.ParentRunner$2.evaluate(ParentRunner.java:293)
	at org.junit.internal.runners.statements.RunBefores.evaluate(RunBefores.java:26)
	at org.junit.internal.runners.statements.RunAfters.evaluate(RunAfters.java:27)
	at org.junit.runners.ParentRunner$3.evaluate(ParentRunner.java:306)
	at org.junit.runners.ParentRunner.run(ParentRunner.java:413)
	at org.apache.maven.surefire.junit4.JUnit4Provider.execute(JUnit4Provider.java:316)
	at org.apache.maven.surefire.junit4.JUnit4Provider.executeWithRerun(JUnit4Provider.java:240)
	at org.apache.maven.surefire.junit4.JUnit4Provider.executeTestSet(JUnit4Provider.java:214)
	at org.apache.maven.surefire.junit4.JUnit4Provider.invoke(JUnit4Provider.java:155)
	at org.apache.maven.surefire.booter.ForkedBooter.runSuitesInProcess(ForkedBooter.java:385)
	at org.apache.maven.surefire.booter.ForkedBooter.execute(ForkedBooter.java:162)
	at org.apache.maven.surefire.booter.ForkedBooter.run(ForkedBooter.java:507)
	at org.apache.maven.surefire.booter.ForkedBooter.main(ForkedBooter.java:495)
]]></system-err>
  </testcase>
  <testcase name="test12" classname="org.apache.avro.file.XZCodec_ESTest" time="0.199">
    <system-err><![CDATA[java.lang.SecurityException: Security manager blocks ("java.lang.RuntimePermission" "loadLibrary./tmp/snappy-1.1.8-00000000-0100-4000-8200-000003000000-libsnappyjava.so")
java.lang.Thread.getStackTrace(Thread.java:1564)
org.evosuite.runtime.sandbox.MSecurityManager.checkPermission(MSecurityManager.java:424)
java.lang.SecurityManager.checkLink(SecurityManager.java:835)
java.lang.Runtime.load0(Runtime.java:776)
java.lang.System.load(System.java:1100)
org.xerial.snappy.SnappyLoader.loadNativeLibrary(SnappyLoader.java:198)
org.xerial.snappy.SnappyLoader.loadSnappyApi(SnappyLoader.java:167)
org.xerial.snappy.Snappy.init(Snappy.java:69)
org.xerial.snappy.Snappy.__STATIC_RESET(Snappy.java:46)
sun.reflect.NativeMethodAccessorImpl.invoke0(Native Method)
sun.reflect.NativeMethodAccessorImpl.invoke(NativeMethodAccessorImpl.java:62)
sun.reflect.DelegatingMethodAccessorImpl.invoke(DelegatingMethodAccessorImpl.java:43)
java.lang.reflect.Method.invoke(Method.java:498)
org.evosuite.runtime.classhandling.ClassResetter.reset(ClassResetter.java:159)
org.evosuite.runtime.classhandling.ClassStateSupport.resetClasses(ClassStateSupport.java:137)
org.apache.avro.file.XZCodec_ESTest_scaffolding.resetClasses(XZCodec_ESTest_scaffolding.java:185)
org.apache.avro.file.XZCodec_ESTest_scaffolding.doneWithTestCase(XZCodec_ESTest_scaffolding.java:66)
sun.reflect.NativeMethodAccessorImpl.invoke0(Native Method)
sun.reflect.NativeMethodAccessorImpl.invoke(NativeMethodAccessorImpl.java:62)
sun.reflect.DelegatingMethodAccessorImpl.invoke(DelegatingMethodAccessorImpl.java:43)
java.lang.reflect.Method.invoke(Method.java:498)
org.junit.runners.model.FrameworkMethod$1.runReflectiveCall(FrameworkMethod.java:59)
org.junit.internal.runners.model.ReflectiveCallable.run(ReflectiveCallable.java:12)
org.junit.runners.model.FrameworkMethod.invokeExplosively(FrameworkMethod.java:56)
org.junit.internal.runners.statements.RunAfters.invokeMethod(RunAfters.java:46)
org.junit.internal.runners.statements.RunAfters.evaluate(RunAfters.java:33)
org.evosuite.runtime.vnet.NonFunctionalRequirementRule$1.evaluate(NonFunctionalRequirementRule.java:41)
org.junit.runners.ParentRunner$3.evaluate(ParentRunner.java:306)
org.junit.runners.BlockJUnit4ClassRunner$1.evaluate(BlockJUnit4ClassRunner.java:100)
org.junit.runners.ParentRunner.runLeaf(ParentRunner.java:366)
org.junit.runners.BlockJUnit4ClassRunner.runChild(BlockJUnit4ClassRunner.java:103)
org.junit.runners.BlockJUnit4ClassRunner.runChild(BlockJUnit4ClassRunner.java:63)
org.junit.runners.ParentRunner$4.run(ParentRunner.java:331)
org.junit.runners.ParentRunner$1.schedule(ParentRunner.java:79)
org.junit.runners.ParentRunner.runChildren(ParentRunner.java:329)
org.junit.runners.ParentRunner.access$100(ParentRunner.java:66)
org.junit.runners.ParentRunner$2.evaluate(ParentRunner.java:293)
org.junit.internal.runners.statements.RunBefores.evaluate(RunBefores.java:26)
org.junit.internal.runners.statements.RunAfters.evaluate(RunAfters.java:27)
org.junit.runners.ParentRunner$3.evaluate(ParentRunner.java:306)
org.junit.runners.ParentRunner.run(ParentRunner.java:413)
org.apache.maven.surefire.junit4.JUnit4Provider.execute(JUnit4Provider.java:316)
org.apache.maven.surefire.junit4.JUnit4Provider.executeWithRerun(JUnit4Provider.java:240)
org.apache.maven.surefire.junit4.JUnit4Provider.executeTestSet(JUnit4Provider.java:214)
org.apache.maven.surefire.junit4.JUnit4Provider.invoke(JUnit4Provider.java:155)
org.apache.maven.surefire.booter.ForkedBooter.runSuitesInProcess(ForkedBooter.java:385)
org.apache.maven.surefire.booter.ForkedBooter.execute(ForkedBooter.java:162)
org.apache.maven.surefire.booter.ForkedBooter.run(ForkedBooter.java:507)
org.apache.maven.surefire.booter.ForkedBooter.main(ForkedBooter.java:495)

	at org.evosuite.runtime.sandbox.MSecurityManager.checkPermission(MSecurityManager.java:436)
	at java.lang.SecurityManager.checkLink(SecurityManager.java:835)
	at java.lang.Runtime.load0(Runtime.java:776)
	at java.lang.System.load(System.java:1100)
	at org.xerial.snappy.SnappyLoader.loadNativeLibrary(SnappyLoader.java:198)
	at org.xerial.snappy.SnappyLoader.loadSnappyApi(SnappyLoader.java:167)
	at org.xerial.snappy.Snappy.init(Snappy.java:69)
	at org.xerial.snappy.Snappy.__STATIC_RESET(Snappy.java:46)
	at sun.reflect.NativeMethodAccessorImpl.invoke0(Native Method)
	at sun.reflect.NativeMethodAccessorImpl.invoke(NativeMethodAccessorImpl.java:62)
	at sun.reflect.DelegatingMethodAccessorImpl.invoke(DelegatingMethodAccessorImpl.java:43)
	at java.lang.reflect.Method.invoke(Method.java:498)
	at org.evosuite.runtime.classhandling.ClassResetter.reset(ClassResetter.java:159)
	at org.evosuite.runtime.classhandling.ClassStateSupport.resetClasses(ClassStateSupport.java:137)
	at org.apache.avro.file.XZCodec_ESTest_scaffolding.resetClasses(XZCodec_ESTest_scaffolding.java:185)
	at org.apache.avro.file.XZCodec_ESTest_scaffolding.doneWithTestCase(XZCodec_ESTest_scaffolding.java:66)
	at sun.reflect.NativeMethodAccessorImpl.invoke0(Native Method)
	at sun.reflect.NativeMethodAccessorImpl.invoke(NativeMethodAccessorImpl.java:62)
	at sun.reflect.DelegatingMethodAccessorImpl.invoke(DelegatingMethodAccessorImpl.java:43)
	at java.lang.reflect.Method.invoke(Method.java:498)
	at org.junit.runners.model.FrameworkMethod$1.runReflectiveCall(FrameworkMethod.java:59)
	at org.junit.internal.runners.model.ReflectiveCallable.run(ReflectiveCallable.java:12)
	at org.junit.runners.model.FrameworkMethod.invokeExplosively(FrameworkMethod.java:56)
	at org.junit.internal.runners.statements.RunAfters.invokeMethod(RunAfters.java:46)
	at org.junit.internal.runners.statements.RunAfters.evaluate(RunAfters.java:33)
	at org.evosuite.runtime.vnet.NonFunctionalRequirementRule$1.evaluate(NonFunctionalRequirementRule.java:41)
	at org.junit.runners.ParentRunner$3.evaluate(ParentRunner.java:306)
	at org.junit.runners.BlockJUnit4ClassRunner$1.evaluate(BlockJUnit4ClassRunner.java:100)
	at org.junit.runners.ParentRunner.runLeaf(ParentRunner.java:366)
	at org.junit.runners.BlockJUnit4ClassRunner.runChild(BlockJUnit4ClassRunner.java:103)
	at org.junit.runners.BlockJUnit4ClassRunner.runChild(BlockJUnit4ClassRunner.java:63)
	at org.junit.runners.ParentRunner$4.run(ParentRunner.java:331)
	at org.junit.runners.ParentRunner$1.schedule(ParentRunner.java:79)
	at org.junit.runners.ParentRunner.runChildren(ParentRunner.java:329)
	at org.junit.runners.ParentRunner.access$100(ParentRunner.java:66)
	at org.junit.runners.ParentRunner$2.evaluate(ParentRunner.java:293)
	at org.junit.internal.runners.statements.RunBefores.evaluate(RunBefores.java:26)
	at org.junit.internal.runners.statements.RunAfters.evaluate(RunAfters.java:27)
	at org.junit.runners.ParentRunner$3.evaluate(ParentRunner.java:306)
	at org.junit.runners.ParentRunner.run(ParentRunner.java:413)
	at org.apache.maven.surefire.junit4.JUnit4Provider.execute(JUnit4Provider.java:316)
	at org.apache.maven.surefire.junit4.JUnit4Provider.executeWithRerun(JUnit4Provider.java:240)
	at org.apache.maven.surefire.junit4.JUnit4Provider.executeTestSet(JUnit4Provider.java:214)
	at org.apache.maven.surefire.junit4.JUnit4Provider.invoke(JUnit4Provider.java:155)
	at org.apache.maven.surefire.booter.ForkedBooter.runSuitesInProcess(ForkedBooter.java:385)
	at org.apache.maven.surefire.booter.ForkedBooter.execute(ForkedBooter.java:162)
	at org.apache.maven.surefire.booter.ForkedBooter.run(ForkedBooter.java:507)
	at org.apache.maven.surefire.booter.ForkedBooter.main(ForkedBooter.java:495)
]]></system-err>
  </testcase>
  <testcase name="test10" classname="org.apache.avro.file.XZCodec_ESTest" time="0.162">
    <system-err><![CDATA[java.lang.SecurityException: Security manager blocks ("java.lang.RuntimePermission" "loadLibrary./tmp/snappy-1.1.8-00000000-0100-4000-8200-000003000000-libsnappyjava.so")
java.lang.Thread.getStackTrace(Thread.java:1564)
org.evosuite.runtime.sandbox.MSecurityManager.checkPermission(MSecurityManager.java:424)
java.lang.SecurityManager.checkLink(SecurityManager.java:835)
java.lang.Runtime.load0(Runtime.java:776)
java.lang.System.load(System.java:1100)
org.xerial.snappy.SnappyLoader.loadNativeLibrary(SnappyLoader.java:198)
org.xerial.snappy.SnappyLoader.loadSnappyApi(SnappyLoader.java:167)
org.xerial.snappy.Snappy.init(Snappy.java:69)
org.xerial.snappy.Snappy.__STATIC_RESET(Snappy.java:46)
sun.reflect.NativeMethodAccessorImpl.invoke0(Native Method)
sun.reflect.NativeMethodAccessorImpl.invoke(NativeMethodAccessorImpl.java:62)
sun.reflect.DelegatingMethodAccessorImpl.invoke(DelegatingMethodAccessorImpl.java:43)
java.lang.reflect.Method.invoke(Method.java:498)
org.evosuite.runtime.classhandling.ClassResetter.reset(ClassResetter.java:159)
org.evosuite.runtime.classhandling.ClassStateSupport.resetClasses(ClassStateSupport.java:137)
org.apache.avro.file.XZCodec_ESTest_scaffolding.resetClasses(XZCodec_ESTest_scaffolding.java:185)
org.apache.avro.file.XZCodec_ESTest_scaffolding.doneWithTestCase(XZCodec_ESTest_scaffolding.java:66)
sun.reflect.NativeMethodAccessorImpl.invoke0(Native Method)
sun.reflect.NativeMethodAccessorImpl.invoke(NativeMethodAccessorImpl.java:62)
sun.reflect.DelegatingMethodAccessorImpl.invoke(DelegatingMethodAccessorImpl.java:43)
java.lang.reflect.Method.invoke(Method.java:498)
org.junit.runners.model.FrameworkMethod$1.runReflectiveCall(FrameworkMethod.java:59)
org.junit.internal.runners.model.ReflectiveCallable.run(ReflectiveCallable.java:12)
org.junit.runners.model.FrameworkMethod.invokeExplosively(FrameworkMethod.java:56)
org.junit.internal.runners.statements.RunAfters.invokeMethod(RunAfters.java:46)
org.junit.internal.runners.statements.RunAfters.evaluate(RunAfters.java:33)
org.evosuite.runtime.vnet.NonFunctionalRequirementRule$1.evaluate(NonFunctionalRequirementRule.java:41)
org.junit.runners.ParentRunner$3.evaluate(ParentRunner.java:306)
org.junit.runners.BlockJUnit4ClassRunner$1.evaluate(BlockJUnit4ClassRunner.java:100)
org.junit.runners.ParentRunner.runLeaf(ParentRunner.java:366)
org.junit.runners.BlockJUnit4ClassRunner.runChild(BlockJUnit4ClassRunner.java:103)
org.junit.runners.BlockJUnit4ClassRunner.runChild(BlockJUnit4ClassRunner.java:63)
org.junit.runners.ParentRunner$4.run(ParentRunner.java:331)
org.junit.runners.ParentRunner$1.schedule(ParentRunner.java:79)
org.junit.runners.ParentRunner.runChildren(ParentRunner.java:329)
org.junit.runners.ParentRunner.access$100(ParentRunner.java:66)
org.junit.runners.ParentRunner$2.evaluate(ParentRunner.java:293)
org.junit.internal.runners.statements.RunBefores.evaluate(RunBefores.java:26)
org.junit.internal.runners.statements.RunAfters.evaluate(RunAfters.java:27)
org.junit.runners.ParentRunner$3.evaluate(ParentRunner.java:306)
org.junit.runners.ParentRunner.run(ParentRunner.java:413)
org.apache.maven.surefire.junit4.JUnit4Provider.execute(JUnit4Provider.java:316)
org.apache.maven.surefire.junit4.JUnit4Provider.executeWithRerun(JUnit4Provider.java:240)
org.apache.maven.surefire.junit4.JUnit4Provider.executeTestSet(JUnit4Provider.java:214)
org.apache.maven.surefire.junit4.JUnit4Provider.invoke(JUnit4Provider.java:155)
org.apache.maven.surefire.booter.ForkedBooter.runSuitesInProcess(ForkedBooter.java:385)
org.apache.maven.surefire.booter.ForkedBooter.execute(ForkedBooter.java:162)
org.apache.maven.surefire.booter.ForkedBooter.run(ForkedBooter.java:507)
org.apache.maven.surefire.booter.ForkedBooter.main(ForkedBooter.java:495)

	at org.evosuite.runtime.sandbox.MSecurityManager.checkPermission(MSecurityManager.java:436)
	at java.lang.SecurityManager.checkLink(SecurityManager.java:835)
	at java.lang.Runtime.load0(Runtime.java:776)
	at java.lang.System.load(System.java:1100)
	at org.xerial.snappy.SnappyLoader.loadNativeLibrary(SnappyLoader.java:198)
	at org.xerial.snappy.SnappyLoader.loadSnappyApi(SnappyLoader.java:167)
	at org.xerial.snappy.Snappy.init(Snappy.java:69)
	at org.xerial.snappy.Snappy.__STATIC_RESET(Snappy.java:46)
	at sun.reflect.NativeMethodAccessorImpl.invoke0(Native Method)
	at sun.reflect.NativeMethodAccessorImpl.invoke(NativeMethodAccessorImpl.java:62)
	at sun.reflect.DelegatingMethodAccessorImpl.invoke(DelegatingMethodAccessorImpl.java:43)
	at java.lang.reflect.Method.invoke(Method.java:498)
	at org.evosuite.runtime.classhandling.ClassResetter.reset(ClassResetter.java:159)
	at org.evosuite.runtime.classhandling.ClassStateSupport.resetClasses(ClassStateSupport.java:137)
	at org.apache.avro.file.XZCodec_ESTest_scaffolding.resetClasses(XZCodec_ESTest_scaffolding.java:185)
	at org.apache.avro.file.XZCodec_ESTest_scaffolding.doneWithTestCase(XZCodec_ESTest_scaffolding.java:66)
	at sun.reflect.NativeMethodAccessorImpl.invoke0(Native Method)
	at sun.reflect.NativeMethodAccessorImpl.invoke(NativeMethodAccessorImpl.java:62)
	at sun.reflect.DelegatingMethodAccessorImpl.invoke(DelegatingMethodAccessorImpl.java:43)
	at java.lang.reflect.Method.invoke(Method.java:498)
	at org.junit.runners.model.FrameworkMethod$1.runReflectiveCall(FrameworkMethod.java:59)
	at org.junit.internal.runners.model.ReflectiveCallable.run(ReflectiveCallable.java:12)
	at org.junit.runners.model.FrameworkMethod.invokeExplosively(FrameworkMethod.java:56)
	at org.junit.internal.runners.statements.RunAfters.invokeMethod(RunAfters.java:46)
	at org.junit.internal.runners.statements.RunAfters.evaluate(RunAfters.java:33)
	at org.evosuite.runtime.vnet.NonFunctionalRequirementRule$1.evaluate(NonFunctionalRequirementRule.java:41)
	at org.junit.runners.ParentRunner$3.evaluate(ParentRunner.java:306)
	at org.junit.runners.BlockJUnit4ClassRunner$1.evaluate(BlockJUnit4ClassRunner.java:100)
	at org.junit.runners.ParentRunner.runLeaf(ParentRunner.java:366)
	at org.junit.runners.BlockJUnit4ClassRunner.runChild(BlockJUnit4ClassRunner.java:103)
	at org.junit.runners.BlockJUnit4ClassRunner.runChild(BlockJUnit4ClassRunner.java:63)
	at org.junit.runners.ParentRunner$4.run(ParentRunner.java:331)
	at org.junit.runners.ParentRunner$1.schedule(ParentRunner.java:79)
	at org.junit.runners.ParentRunner.runChildren(ParentRunner.java:329)
	at org.junit.runners.ParentRunner.access$100(ParentRunner.java:66)
	at org.junit.runners.ParentRunner$2.evaluate(ParentRunner.java:293)
	at org.junit.internal.runners.statements.RunBefores.evaluate(RunBefores.java:26)
	at org.junit.internal.runners.statements.RunAfters.evaluate(RunAfters.java:27)
	at org.junit.runners.ParentRunner$3.evaluate(ParentRunner.java:306)
	at org.junit.runners.ParentRunner.run(ParentRunner.java:413)
	at org.apache.maven.surefire.junit4.JUnit4Provider.execute(JUnit4Provider.java:316)
	at org.apache.maven.surefire.junit4.JUnit4Provider.executeWithRerun(JUnit4Provider.java:240)
	at org.apache.maven.surefire.junit4.JUnit4Provider.executeTestSet(JUnit4Provider.java:214)
	at org.apache.maven.surefire.junit4.JUnit4Provider.invoke(JUnit4Provider.java:155)
	at org.apache.maven.surefire.booter.ForkedBooter.runSuitesInProcess(ForkedBooter.java:385)
	at org.apache.maven.surefire.booter.ForkedBooter.execute(ForkedBooter.java:162)
	at org.apache.maven.surefire.booter.ForkedBooter.run(ForkedBooter.java:507)
	at org.apache.maven.surefire.booter.ForkedBooter.main(ForkedBooter.java:495)
]]></system-err>
  </testcase>
  <testcase name="test04" classname="org.apache.avro.file.XZCodec_ESTest" time="0.168">
    <system-err><![CDATA[java.lang.SecurityException: Security manager blocks ("java.lang.RuntimePermission" "loadLibrary./tmp/snappy-1.1.8-00000000-0100-4000-8200-000003000000-libsnappyjava.so")
java.lang.Thread.getStackTrace(Thread.java:1564)
org.evosuite.runtime.sandbox.MSecurityManager.checkPermission(MSecurityManager.java:424)
java.lang.SecurityManager.checkLink(SecurityManager.java:835)
java.lang.Runtime.load0(Runtime.java:776)
java.lang.System.load(System.java:1100)
org.xerial.snappy.SnappyLoader.loadNativeLibrary(SnappyLoader.java:198)
org.xerial.snappy.SnappyLoader.loadSnappyApi(SnappyLoader.java:167)
org.xerial.snappy.Snappy.init(Snappy.java:69)
org.xerial.snappy.Snappy.__STATIC_RESET(Snappy.java:46)
sun.reflect.NativeMethodAccessorImpl.invoke0(Native Method)
sun.reflect.NativeMethodAccessorImpl.invoke(NativeMethodAccessorImpl.java:62)
sun.reflect.DelegatingMethodAccessorImpl.invoke(DelegatingMethodAccessorImpl.java:43)
java.lang.reflect.Method.invoke(Method.java:498)
org.evosuite.runtime.classhandling.ClassResetter.reset(ClassResetter.java:159)
org.evosuite.runtime.classhandling.ClassStateSupport.resetClasses(ClassStateSupport.java:137)
org.apache.avro.file.XZCodec_ESTest_scaffolding.resetClasses(XZCodec_ESTest_scaffolding.java:185)
org.apache.avro.file.XZCodec_ESTest_scaffolding.doneWithTestCase(XZCodec_ESTest_scaffolding.java:66)
sun.reflect.NativeMethodAccessorImpl.invoke0(Native Method)
sun.reflect.NativeMethodAccessorImpl.invoke(NativeMethodAccessorImpl.java:62)
sun.reflect.DelegatingMethodAccessorImpl.invoke(DelegatingMethodAccessorImpl.java:43)
java.lang.reflect.Method.invoke(Method.java:498)
org.junit.runners.model.FrameworkMethod$1.runReflectiveCall(FrameworkMethod.java:59)
org.junit.internal.runners.model.ReflectiveCallable.run(ReflectiveCallable.java:12)
org.junit.runners.model.FrameworkMethod.invokeExplosively(FrameworkMethod.java:56)
org.junit.internal.runners.statements.RunAfters.invokeMethod(RunAfters.java:46)
org.junit.internal.runners.statements.RunAfters.evaluate(RunAfters.java:33)
org.evosuite.runtime.vnet.NonFunctionalRequirementRule$1.evaluate(NonFunctionalRequirementRule.java:41)
org.junit.runners.ParentRunner$3.evaluate(ParentRunner.java:306)
org.junit.runners.BlockJUnit4ClassRunner$1.evaluate(BlockJUnit4ClassRunner.java:100)
org.junit.runners.ParentRunner.runLeaf(ParentRunner.java:366)
org.junit.runners.BlockJUnit4ClassRunner.runChild(BlockJUnit4ClassRunner.java:103)
org.junit.runners.BlockJUnit4ClassRunner.runChild(BlockJUnit4ClassRunner.java:63)
org.junit.runners.ParentRunner$4.run(ParentRunner.java:331)
org.junit.runners.ParentRunner$1.schedule(ParentRunner.java:79)
org.junit.runners.ParentRunner.runChildren(ParentRunner.java:329)
org.junit.runners.ParentRunner.access$100(ParentRunner.java:66)
org.junit.runners.ParentRunner$2.evaluate(ParentRunner.java:293)
org.junit.internal.runners.statements.RunBefores.evaluate(RunBefores.java:26)
org.junit.internal.runners.statements.RunAfters.evaluate(RunAfters.java:27)
org.junit.runners.ParentRunner$3.evaluate(ParentRunner.java:306)
org.junit.runners.ParentRunner.run(ParentRunner.java:413)
org.apache.maven.surefire.junit4.JUnit4Provider.execute(JUnit4Provider.java:316)
org.apache.maven.surefire.junit4.JUnit4Provider.executeWithRerun(JUnit4Provider.java:240)
org.apache.maven.surefire.junit4.JUnit4Provider.executeTestSet(JUnit4Provider.java:214)
org.apache.maven.surefire.junit4.JUnit4Provider.invoke(JUnit4Provider.java:155)
org.apache.maven.surefire.booter.ForkedBooter.runSuitesInProcess(ForkedBooter.java:385)
org.apache.maven.surefire.booter.ForkedBooter.execute(ForkedBooter.java:162)
org.apache.maven.surefire.booter.ForkedBooter.run(ForkedBooter.java:507)
org.apache.maven.surefire.booter.ForkedBooter.main(ForkedBooter.java:495)

	at org.evosuite.runtime.sandbox.MSecurityManager.checkPermission(MSecurityManager.java:436)
	at java.lang.SecurityManager.checkLink(SecurityManager.java:835)
	at java.lang.Runtime.load0(Runtime.java:776)
	at java.lang.System.load(System.java:1100)
	at org.xerial.snappy.SnappyLoader.loadNativeLibrary(SnappyLoader.java:198)
	at org.xerial.snappy.SnappyLoader.loadSnappyApi(SnappyLoader.java:167)
	at org.xerial.snappy.Snappy.init(Snappy.java:69)
	at org.xerial.snappy.Snappy.__STATIC_RESET(Snappy.java:46)
	at sun.reflect.NativeMethodAccessorImpl.invoke0(Native Method)
	at sun.reflect.NativeMethodAccessorImpl.invoke(NativeMethodAccessorImpl.java:62)
	at sun.reflect.DelegatingMethodAccessorImpl.invoke(DelegatingMethodAccessorImpl.java:43)
	at java.lang.reflect.Method.invoke(Method.java:498)
	at org.evosuite.runtime.classhandling.ClassResetter.reset(ClassResetter.java:159)
	at org.evosuite.runtime.classhandling.ClassStateSupport.resetClasses(ClassStateSupport.java:137)
	at org.apache.avro.file.XZCodec_ESTest_scaffolding.resetClasses(XZCodec_ESTest_scaffolding.java:185)
	at org.apache.avro.file.XZCodec_ESTest_scaffolding.doneWithTestCase(XZCodec_ESTest_scaffolding.java:66)
	at sun.reflect.NativeMethodAccessorImpl.invoke0(Native Method)
	at sun.reflect.NativeMethodAccessorImpl.invoke(NativeMethodAccessorImpl.java:62)
	at sun.reflect.DelegatingMethodAccessorImpl.invoke(DelegatingMethodAccessorImpl.java:43)
	at java.lang.reflect.Method.invoke(Method.java:498)
	at org.junit.runners.model.FrameworkMethod$1.runReflectiveCall(FrameworkMethod.java:59)
	at org.junit.internal.runners.model.ReflectiveCallable.run(ReflectiveCallable.java:12)
	at org.junit.runners.model.FrameworkMethod.invokeExplosively(FrameworkMethod.java:56)
	at org.junit.internal.runners.statements.RunAfters.invokeMethod(RunAfters.java:46)
	at org.junit.internal.runners.statements.RunAfters.evaluate(RunAfters.java:33)
	at org.evosuite.runtime.vnet.NonFunctionalRequirementRule$1.evaluate(NonFunctionalRequirementRule.java:41)
	at org.junit.runners.ParentRunner$3.evaluate(ParentRunner.java:306)
	at org.junit.runners.BlockJUnit4ClassRunner$1.evaluate(BlockJUnit4ClassRunner.java:100)
	at org.junit.runners.ParentRunner.runLeaf(ParentRunner.java:366)
	at org.junit.runners.BlockJUnit4ClassRunner.runChild(BlockJUnit4ClassRunner.java:103)
	at org.junit.runners.BlockJUnit4ClassRunner.runChild(BlockJUnit4ClassRunner.java:63)
	at org.junit.runners.ParentRunner$4.run(ParentRunner.java:331)
	at org.junit.runners.ParentRunner$1.schedule(ParentRunner.java:79)
	at org.junit.runners.ParentRunner.runChildren(ParentRunner.java:329)
	at org.junit.runners.ParentRunner.access$100(ParentRunner.java:66)
	at org.junit.runners.ParentRunner$2.evaluate(ParentRunner.java:293)
	at org.junit.internal.runners.statements.RunBefores.evaluate(RunBefores.java:26)
	at org.junit.internal.runners.statements.RunAfters.evaluate(RunAfters.java:27)
	at org.junit.runners.ParentRunner$3.evaluate(ParentRunner.java:306)
	at org.junit.runners.ParentRunner.run(ParentRunner.java:413)
	at org.apache.maven.surefire.junit4.JUnit4Provider.execute(JUnit4Provider.java:316)
	at org.apache.maven.surefire.junit4.JUnit4Provider.executeWithRerun(JUnit4Provider.java:240)
	at org.apache.maven.surefire.junit4.JUnit4Provider.executeTestSet(JUnit4Provider.java:214)
	at org.apache.maven.surefire.junit4.JUnit4Provider.invoke(JUnit4Provider.java:155)
	at org.apache.maven.surefire.booter.ForkedBooter.runSuitesInProcess(ForkedBooter.java:385)
	at org.apache.maven.surefire.booter.ForkedBooter.execute(ForkedBooter.java:162)
	at org.apache.maven.surefire.booter.ForkedBooter.run(ForkedBooter.java:507)
	at org.apache.maven.surefire.booter.ForkedBooter.main(ForkedBooter.java:495)
]]></system-err>
  </testcase>
  <testcase name="test15" classname="org.apache.avro.file.XZCodec_ESTest" time="0.188">
    <system-err><![CDATA[java.lang.SecurityException: Security manager blocks ("java.lang.RuntimePermission" "loadLibrary./tmp/snappy-1.1.8-00000000-0100-4000-8200-000003000000-libsnappyjava.so")
java.lang.Thread.getStackTrace(Thread.java:1564)
org.evosuite.runtime.sandbox.MSecurityManager.checkPermission(MSecurityManager.java:424)
java.lang.SecurityManager.checkLink(SecurityManager.java:835)
java.lang.Runtime.load0(Runtime.java:776)
java.lang.System.load(System.java:1100)
org.xerial.snappy.SnappyLoader.loadNativeLibrary(SnappyLoader.java:198)
org.xerial.snappy.SnappyLoader.loadSnappyApi(SnappyLoader.java:167)
org.xerial.snappy.Snappy.init(Snappy.java:69)
org.xerial.snappy.Snappy.__STATIC_RESET(Snappy.java:46)
sun.reflect.NativeMethodAccessorImpl.invoke0(Native Method)
sun.reflect.NativeMethodAccessorImpl.invoke(NativeMethodAccessorImpl.java:62)
sun.reflect.DelegatingMethodAccessorImpl.invoke(DelegatingMethodAccessorImpl.java:43)
java.lang.reflect.Method.invoke(Method.java:498)
org.evosuite.runtime.classhandling.ClassResetter.reset(ClassResetter.java:159)
org.evosuite.runtime.classhandling.ClassStateSupport.resetClasses(ClassStateSupport.java:137)
org.apache.avro.file.XZCodec_ESTest_scaffolding.resetClasses(XZCodec_ESTest_scaffolding.java:185)
org.apache.avro.file.XZCodec_ESTest_scaffolding.doneWithTestCase(XZCodec_ESTest_scaffolding.java:66)
sun.reflect.NativeMethodAccessorImpl.invoke0(Native Method)
sun.reflect.NativeMethodAccessorImpl.invoke(NativeMethodAccessorImpl.java:62)
sun.reflect.DelegatingMethodAccessorImpl.invoke(DelegatingMethodAccessorImpl.java:43)
java.lang.reflect.Method.invoke(Method.java:498)
org.junit.runners.model.FrameworkMethod$1.runReflectiveCall(FrameworkMethod.java:59)
org.junit.internal.runners.model.ReflectiveCallable.run(ReflectiveCallable.java:12)
org.junit.runners.model.FrameworkMethod.invokeExplosively(FrameworkMethod.java:56)
org.junit.internal.runners.statements.RunAfters.invokeMethod(RunAfters.java:46)
org.junit.internal.runners.statements.RunAfters.evaluate(RunAfters.java:33)
org.evosuite.runtime.vnet.NonFunctionalRequirementRule$1.evaluate(NonFunctionalRequirementRule.java:41)
org.junit.runners.ParentRunner$3.evaluate(ParentRunner.java:306)
org.junit.runners.BlockJUnit4ClassRunner$1.evaluate(BlockJUnit4ClassRunner.java:100)
org.junit.runners.ParentRunner.runLeaf(ParentRunner.java:366)
org.junit.runners.BlockJUnit4ClassRunner.runChild(BlockJUnit4ClassRunner.java:103)
org.junit.runners.BlockJUnit4ClassRunner.runChild(BlockJUnit4ClassRunner.java:63)
org.junit.runners.ParentRunner$4.run(ParentRunner.java:331)
org.junit.runners.ParentRunner$1.schedule(ParentRunner.java:79)
org.junit.runners.ParentRunner.runChildren(ParentRunner.java:329)
org.junit.runners.ParentRunner.access$100(ParentRunner.java:66)
org.junit.runners.ParentRunner$2.evaluate(ParentRunner.java:293)
org.junit.internal.runners.statements.RunBefores.evaluate(RunBefores.java:26)
org.junit.internal.runners.statements.RunAfters.evaluate(RunAfters.java:27)
org.junit.runners.ParentRunner$3.evaluate(ParentRunner.java:306)
org.junit.runners.ParentRunner.run(ParentRunner.java:413)
org.apache.maven.surefire.junit4.JUnit4Provider.execute(JUnit4Provider.java:316)
org.apache.maven.surefire.junit4.JUnit4Provider.executeWithRerun(JUnit4Provider.java:240)
org.apache.maven.surefire.junit4.JUnit4Provider.executeTestSet(JUnit4Provider.java:214)
org.apache.maven.surefire.junit4.JUnit4Provider.invoke(JUnit4Provider.java:155)
org.apache.maven.surefire.booter.ForkedBooter.runSuitesInProcess(ForkedBooter.java:385)
org.apache.maven.surefire.booter.ForkedBooter.execute(ForkedBooter.java:162)
org.apache.maven.surefire.booter.ForkedBooter.run(ForkedBooter.java:507)
org.apache.maven.surefire.booter.ForkedBooter.main(ForkedBooter.java:495)

	at org.evosuite.runtime.sandbox.MSecurityManager.checkPermission(MSecurityManager.java:436)
	at java.lang.SecurityManager.checkLink(SecurityManager.java:835)
	at java.lang.Runtime.load0(Runtime.java:776)
	at java.lang.System.load(System.java:1100)
	at org.xerial.snappy.SnappyLoader.loadNativeLibrary(SnappyLoader.java:198)
	at org.xerial.snappy.SnappyLoader.loadSnappyApi(SnappyLoader.java:167)
	at org.xerial.snappy.Snappy.init(Snappy.java:69)
	at org.xerial.snappy.Snappy.__STATIC_RESET(Snappy.java:46)
	at sun.reflect.NativeMethodAccessorImpl.invoke0(Native Method)
	at sun.reflect.NativeMethodAccessorImpl.invoke(NativeMethodAccessorImpl.java:62)
	at sun.reflect.DelegatingMethodAccessorImpl.invoke(DelegatingMethodAccessorImpl.java:43)
	at java.lang.reflect.Method.invoke(Method.java:498)
	at org.evosuite.runtime.classhandling.ClassResetter.reset(ClassResetter.java:159)
	at org.evosuite.runtime.classhandling.ClassStateSupport.resetClasses(ClassStateSupport.java:137)
	at org.apache.avro.file.XZCodec_ESTest_scaffolding.resetClasses(XZCodec_ESTest_scaffolding.java:185)
	at org.apache.avro.file.XZCodec_ESTest_scaffolding.doneWithTestCase(XZCodec_ESTest_scaffolding.java:66)
	at sun.reflect.NativeMethodAccessorImpl.invoke0(Native Method)
	at sun.reflect.NativeMethodAccessorImpl.invoke(NativeMethodAccessorImpl.java:62)
	at sun.reflect.DelegatingMethodAccessorImpl.invoke(DelegatingMethodAccessorImpl.java:43)
	at java.lang.reflect.Method.invoke(Method.java:498)
	at org.junit.runners.model.FrameworkMethod$1.runReflectiveCall(FrameworkMethod.java:59)
	at org.junit.internal.runners.model.ReflectiveCallable.run(ReflectiveCallable.java:12)
	at org.junit.runners.model.FrameworkMethod.invokeExplosively(FrameworkMethod.java:56)
	at org.junit.internal.runners.statements.RunAfters.invokeMethod(RunAfters.java:46)
	at org.junit.internal.runners.statements.RunAfters.evaluate(RunAfters.java:33)
	at org.evosuite.runtime.vnet.NonFunctionalRequirementRule$1.evaluate(NonFunctionalRequirementRule.java:41)
	at org.junit.runners.ParentRunner$3.evaluate(ParentRunner.java:306)
	at org.junit.runners.BlockJUnit4ClassRunner$1.evaluate(BlockJUnit4ClassRunner.java:100)
	at org.junit.runners.ParentRunner.runLeaf(ParentRunner.java:366)
	at org.junit.runners.BlockJUnit4ClassRunner.runChild(BlockJUnit4ClassRunner.java:103)
	at org.junit.runners.BlockJUnit4ClassRunner.runChild(BlockJUnit4ClassRunner.java:63)
	at org.junit.runners.ParentRunner$4.run(ParentRunner.java:331)
	at org.junit.runners.ParentRunner$1.schedule(ParentRunner.java:79)
	at org.junit.runners.ParentRunner.runChildren(ParentRunner.java:329)
	at org.junit.runners.ParentRunner.access$100(ParentRunner.java:66)
	at org.junit.runners.ParentRunner$2.evaluate(ParentRunner.java:293)
	at org.junit.internal.runners.statements.RunBefores.evaluate(RunBefores.java:26)
	at org.junit.internal.runners.statements.RunAfters.evaluate(RunAfters.java:27)
	at org.junit.runners.ParentRunner$3.evaluate(ParentRunner.java:306)
	at org.junit.runners.ParentRunner.run(ParentRunner.java:413)
	at org.apache.maven.surefire.junit4.JUnit4Provider.execute(JUnit4Provider.java:316)
	at org.apache.maven.surefire.junit4.JUnit4Provider.executeWithRerun(JUnit4Provider.java:240)
	at org.apache.maven.surefire.junit4.JUnit4Provider.executeTestSet(JUnit4Provider.java:214)
	at org.apache.maven.surefire.junit4.JUnit4Provider.invoke(JUnit4Provider.java:155)
	at org.apache.maven.surefire.booter.ForkedBooter.runSuitesInProcess(ForkedBooter.java:385)
	at org.apache.maven.surefire.booter.ForkedBooter.execute(ForkedBooter.java:162)
	at org.apache.maven.surefire.booter.ForkedBooter.run(ForkedBooter.java:507)
	at org.apache.maven.surefire.booter.ForkedBooter.main(ForkedBooter.java:495)
]]></system-err>
  </testcase>
  <testcase name="test05" classname="org.apache.avro.file.XZCodec_ESTest" time="0.219">
    <system-err><![CDATA[java.lang.SecurityException: Security manager blocks ("java.lang.RuntimePermission" "loadLibrary./tmp/snappy-1.1.8-00000000-0100-4000-8200-000003000000-libsnappyjava.so")
java.lang.Thread.getStackTrace(Thread.java:1564)
org.evosuite.runtime.sandbox.MSecurityManager.checkPermission(MSecurityManager.java:424)
java.lang.SecurityManager.checkLink(SecurityManager.java:835)
java.lang.Runtime.load0(Runtime.java:776)
java.lang.System.load(System.java:1100)
org.xerial.snappy.SnappyLoader.loadNativeLibrary(SnappyLoader.java:198)
org.xerial.snappy.SnappyLoader.loadSnappyApi(SnappyLoader.java:167)
org.xerial.snappy.Snappy.init(Snappy.java:69)
org.xerial.snappy.Snappy.__STATIC_RESET(Snappy.java:46)
sun.reflect.NativeMethodAccessorImpl.invoke0(Native Method)
sun.reflect.NativeMethodAccessorImpl.invoke(NativeMethodAccessorImpl.java:62)
sun.reflect.DelegatingMethodAccessorImpl.invoke(DelegatingMethodAccessorImpl.java:43)
java.lang.reflect.Method.invoke(Method.java:498)
org.evosuite.runtime.classhandling.ClassResetter.reset(ClassResetter.java:159)
org.evosuite.runtime.classhandling.ClassStateSupport.resetClasses(ClassStateSupport.java:137)
org.apache.avro.file.XZCodec_ESTest_scaffolding.resetClasses(XZCodec_ESTest_scaffolding.java:185)
org.apache.avro.file.XZCodec_ESTest_scaffolding.doneWithTestCase(XZCodec_ESTest_scaffolding.java:66)
sun.reflect.NativeMethodAccessorImpl.invoke0(Native Method)
sun.reflect.NativeMethodAccessorImpl.invoke(NativeMethodAccessorImpl.java:62)
sun.reflect.DelegatingMethodAccessorImpl.invoke(DelegatingMethodAccessorImpl.java:43)
java.lang.reflect.Method.invoke(Method.java:498)
org.junit.runners.model.FrameworkMethod$1.runReflectiveCall(FrameworkMethod.java:59)
org.junit.internal.runners.model.ReflectiveCallable.run(ReflectiveCallable.java:12)
org.junit.runners.model.FrameworkMethod.invokeExplosively(FrameworkMethod.java:56)
org.junit.internal.runners.statements.RunAfters.invokeMethod(RunAfters.java:46)
org.junit.internal.runners.statements.RunAfters.evaluate(RunAfters.java:33)
org.evosuite.runtime.vnet.NonFunctionalRequirementRule$1.evaluate(NonFunctionalRequirementRule.java:41)
org.junit.runners.ParentRunner$3.evaluate(ParentRunner.java:306)
org.junit.runners.BlockJUnit4ClassRunner$1.evaluate(BlockJUnit4ClassRunner.java:100)
org.junit.runners.ParentRunner.runLeaf(ParentRunner.java:366)
org.junit.runners.BlockJUnit4ClassRunner.runChild(BlockJUnit4ClassRunner.java:103)
org.junit.runners.BlockJUnit4ClassRunner.runChild(BlockJUnit4ClassRunner.java:63)
org.junit.runners.ParentRunner$4.run(ParentRunner.java:331)
org.junit.runners.ParentRunner$1.schedule(ParentRunner.java:79)
org.junit.runners.ParentRunner.runChildren(ParentRunner.java:329)
org.junit.runners.ParentRunner.access$100(ParentRunner.java:66)
org.junit.runners.ParentRunner$2.evaluate(ParentRunner.java:293)
org.junit.internal.runners.statements.RunBefores.evaluate(RunBefores.java:26)
org.junit.internal.runners.statements.RunAfters.evaluate(RunAfters.java:27)
org.junit.runners.ParentRunner$3.evaluate(ParentRunner.java:306)
org.junit.runners.ParentRunner.run(ParentRunner.java:413)
org.apache.maven.surefire.junit4.JUnit4Provider.execute(JUnit4Provider.java:316)
org.apache.maven.surefire.junit4.JUnit4Provider.executeWithRerun(JUnit4Provider.java:240)
org.apache.maven.surefire.junit4.JUnit4Provider.executeTestSet(JUnit4Provider.java:214)
org.apache.maven.surefire.junit4.JUnit4Provider.invoke(JUnit4Provider.java:155)
org.apache.maven.surefire.booter.ForkedBooter.runSuitesInProcess(ForkedBooter.java:385)
org.apache.maven.surefire.booter.ForkedBooter.execute(ForkedBooter.java:162)
org.apache.maven.surefire.booter.ForkedBooter.run(ForkedBooter.java:507)
org.apache.maven.surefire.booter.ForkedBooter.main(ForkedBooter.java:495)

	at org.evosuite.runtime.sandbox.MSecurityManager.checkPermission(MSecurityManager.java:436)
	at java.lang.SecurityManager.checkLink(SecurityManager.java:835)
	at java.lang.Runtime.load0(Runtime.java:776)
	at java.lang.System.load(System.java:1100)
	at org.xerial.snappy.SnappyLoader.loadNativeLibrary(SnappyLoader.java:198)
	at org.xerial.snappy.SnappyLoader.loadSnappyApi(SnappyLoader.java:167)
	at org.xerial.snappy.Snappy.init(Snappy.java:69)
	at org.xerial.snappy.Snappy.__STATIC_RESET(Snappy.java:46)
	at sun.reflect.NativeMethodAccessorImpl.invoke0(Native Method)
	at sun.reflect.NativeMethodAccessorImpl.invoke(NativeMethodAccessorImpl.java:62)
	at sun.reflect.DelegatingMethodAccessorImpl.invoke(DelegatingMethodAccessorImpl.java:43)
	at java.lang.reflect.Method.invoke(Method.java:498)
	at org.evosuite.runtime.classhandling.ClassResetter.reset(ClassResetter.java:159)
	at org.evosuite.runtime.classhandling.ClassStateSupport.resetClasses(ClassStateSupport.java:137)
	at org.apache.avro.file.XZCodec_ESTest_scaffolding.resetClasses(XZCodec_ESTest_scaffolding.java:185)
	at org.apache.avro.file.XZCodec_ESTest_scaffolding.doneWithTestCase(XZCodec_ESTest_scaffolding.java:66)
	at sun.reflect.NativeMethodAccessorImpl.invoke0(Native Method)
	at sun.reflect.NativeMethodAccessorImpl.invoke(NativeMethodAccessorImpl.java:62)
	at sun.reflect.DelegatingMethodAccessorImpl.invoke(DelegatingMethodAccessorImpl.java:43)
	at java.lang.reflect.Method.invoke(Method.java:498)
	at org.junit.runners.model.FrameworkMethod$1.runReflectiveCall(FrameworkMethod.java:59)
	at org.junit.internal.runners.model.ReflectiveCallable.run(ReflectiveCallable.java:12)
	at org.junit.runners.model.FrameworkMethod.invokeExplosively(FrameworkMethod.java:56)
	at org.junit.internal.runners.statements.RunAfters.invokeMethod(RunAfters.java:46)
	at org.junit.internal.runners.statements.RunAfters.evaluate(RunAfters.java:33)
	at org.evosuite.runtime.vnet.NonFunctionalRequirementRule$1.evaluate(NonFunctionalRequirementRule.java:41)
	at org.junit.runners.ParentRunner$3.evaluate(ParentRunner.java:306)
	at org.junit.runners.BlockJUnit4ClassRunner$1.evaluate(BlockJUnit4ClassRunner.java:100)
	at org.junit.runners.ParentRunner.runLeaf(ParentRunner.java:366)
	at org.junit.runners.BlockJUnit4ClassRunner.runChild(BlockJUnit4ClassRunner.java:103)
	at org.junit.runners.BlockJUnit4ClassRunner.runChild(BlockJUnit4ClassRunner.java:63)
	at org.junit.runners.ParentRunner$4.run(ParentRunner.java:331)
	at org.junit.runners.ParentRunner$1.schedule(ParentRunner.java:79)
	at org.junit.runners.ParentRunner.runChildren(ParentRunner.java:329)
	at org.junit.runners.ParentRunner.access$100(ParentRunner.java:66)
	at org.junit.runners.ParentRunner$2.evaluate(ParentRunner.java:293)
	at org.junit.internal.runners.statements.RunBefores.evaluate(RunBefores.java:26)
	at org.junit.internal.runners.statements.RunAfters.evaluate(RunAfters.java:27)
	at org.junit.runners.ParentRunner$3.evaluate(ParentRunner.java:306)
	at org.junit.runners.ParentRunner.run(ParentRunner.java:413)
	at org.apache.maven.surefire.junit4.JUnit4Provider.execute(JUnit4Provider.java:316)
	at org.apache.maven.surefire.junit4.JUnit4Provider.executeWithRerun(JUnit4Provider.java:240)
	at org.apache.maven.surefire.junit4.JUnit4Provider.executeTestSet(JUnit4Provider.java:214)
	at org.apache.maven.surefire.junit4.JUnit4Provider.invoke(JUnit4Provider.java:155)
	at org.apache.maven.surefire.booter.ForkedBooter.runSuitesInProcess(ForkedBooter.java:385)
	at org.apache.maven.surefire.booter.ForkedBooter.execute(ForkedBooter.java:162)
	at org.apache.maven.surefire.booter.ForkedBooter.run(ForkedBooter.java:507)
	at org.apache.maven.surefire.booter.ForkedBooter.main(ForkedBooter.java:495)
]]></system-err>
  </testcase>
  <testcase name="test16" classname="org.apache.avro.file.XZCodec_ESTest" time="0.087">
    <system-err><![CDATA[java.lang.SecurityException: Security manager blocks ("java.lang.RuntimePermission" "loadLibrary./tmp/snappy-1.1.8-00000000-0100-4000-8200-000003000000-libsnappyjava.so")
java.lang.Thread.getStackTrace(Thread.java:1564)
org.evosuite.runtime.sandbox.MSecurityManager.checkPermission(MSecurityManager.java:424)
java.lang.SecurityManager.checkLink(SecurityManager.java:835)
java.lang.Runtime.load0(Runtime.java:776)
java.lang.System.load(System.java:1100)
org.xerial.snappy.SnappyLoader.loadNativeLibrary(SnappyLoader.java:198)
org.xerial.snappy.SnappyLoader.loadSnappyApi(SnappyLoader.java:167)
org.xerial.snappy.Snappy.init(Snappy.java:69)
org.xerial.snappy.Snappy.__STATIC_RESET(Snappy.java:46)
sun.reflect.NativeMethodAccessorImpl.invoke0(Native Method)
sun.reflect.NativeMethodAccessorImpl.invoke(NativeMethodAccessorImpl.java:62)
sun.reflect.DelegatingMethodAccessorImpl.invoke(DelegatingMethodAccessorImpl.java:43)
java.lang.reflect.Method.invoke(Method.java:498)
org.evosuite.runtime.classhandling.ClassResetter.reset(ClassResetter.java:159)
org.evosuite.runtime.classhandling.ClassStateSupport.resetClasses(ClassStateSupport.java:137)
org.apache.avro.file.XZCodec_ESTest_scaffolding.resetClasses(XZCodec_ESTest_scaffolding.java:185)
org.apache.avro.file.XZCodec_ESTest_scaffolding.doneWithTestCase(XZCodec_ESTest_scaffolding.java:66)
sun.reflect.NativeMethodAccessorImpl.invoke0(Native Method)
sun.reflect.NativeMethodAccessorImpl.invoke(NativeMethodAccessorImpl.java:62)
sun.reflect.DelegatingMethodAccessorImpl.invoke(DelegatingMethodAccessorImpl.java:43)
java.lang.reflect.Method.invoke(Method.java:498)
org.junit.runners.model.FrameworkMethod$1.runReflectiveCall(FrameworkMethod.java:59)
org.junit.internal.runners.model.ReflectiveCallable.run(ReflectiveCallable.java:12)
org.junit.runners.model.FrameworkMethod.invokeExplosively(FrameworkMethod.java:56)
org.junit.internal.runners.statements.RunAfters.invokeMethod(RunAfters.java:46)
org.junit.internal.runners.statements.RunAfters.evaluate(RunAfters.java:33)
org.evosuite.runtime.vnet.NonFunctionalRequirementRule$1.evaluate(NonFunctionalRequirementRule.java:41)
org.junit.runners.ParentRunner$3.evaluate(ParentRunner.java:306)
org.junit.runners.BlockJUnit4ClassRunner$1.evaluate(BlockJUnit4ClassRunner.java:100)
org.junit.runners.ParentRunner.runLeaf(ParentRunner.java:366)
org.junit.runners.BlockJUnit4ClassRunner.runChild(BlockJUnit4ClassRunner.java:103)
org.junit.runners.BlockJUnit4ClassRunner.runChild(BlockJUnit4ClassRunner.java:63)
org.junit.runners.ParentRunner$4.run(ParentRunner.java:331)
org.junit.runners.ParentRunner$1.schedule(ParentRunner.java:79)
org.junit.runners.ParentRunner.runChildren(ParentRunner.java:329)
org.junit.runners.ParentRunner.access$100(ParentRunner.java:66)
org.junit.runners.ParentRunner$2.evaluate(ParentRunner.java:293)
org.junit.internal.runners.statements.RunBefores.evaluate(RunBefores.java:26)
org.junit.internal.runners.statements.RunAfters.evaluate(RunAfters.java:27)
org.junit.runners.ParentRunner$3.evaluate(ParentRunner.java:306)
org.junit.runners.ParentRunner.run(ParentRunner.java:413)
org.apache.maven.surefire.junit4.JUnit4Provider.execute(JUnit4Provider.java:316)
org.apache.maven.surefire.junit4.JUnit4Provider.executeWithRerun(JUnit4Provider.java:240)
org.apache.maven.surefire.junit4.JUnit4Provider.executeTestSet(JUnit4Provider.java:214)
org.apache.maven.surefire.junit4.JUnit4Provider.invoke(JUnit4Provider.java:155)
org.apache.maven.surefire.booter.ForkedBooter.runSuitesInProcess(ForkedBooter.java:385)
org.apache.maven.surefire.booter.ForkedBooter.execute(ForkedBooter.java:162)
org.apache.maven.surefire.booter.ForkedBooter.run(ForkedBooter.java:507)
org.apache.maven.surefire.booter.ForkedBooter.main(ForkedBooter.java:495)

	at org.evosuite.runtime.sandbox.MSecurityManager.checkPermission(MSecurityManager.java:436)
	at java.lang.SecurityManager.checkLink(SecurityManager.java:835)
	at java.lang.Runtime.load0(Runtime.java:776)
	at java.lang.System.load(System.java:1100)
	at org.xerial.snappy.SnappyLoader.loadNativeLibrary(SnappyLoader.java:198)
	at org.xerial.snappy.SnappyLoader.loadSnappyApi(SnappyLoader.java:167)
	at org.xerial.snappy.Snappy.init(Snappy.java:69)
	at org.xerial.snappy.Snappy.__STATIC_RESET(Snappy.java:46)
	at sun.reflect.NativeMethodAccessorImpl.invoke0(Native Method)
	at sun.reflect.NativeMethodAccessorImpl.invoke(NativeMethodAccessorImpl.java:62)
	at sun.reflect.DelegatingMethodAccessorImpl.invoke(DelegatingMethodAccessorImpl.java:43)
	at java.lang.reflect.Method.invoke(Method.java:498)
	at org.evosuite.runtime.classhandling.ClassResetter.reset(ClassResetter.java:159)
	at org.evosuite.runtime.classhandling.ClassStateSupport.resetClasses(ClassStateSupport.java:137)
	at org.apache.avro.file.XZCodec_ESTest_scaffolding.resetClasses(XZCodec_ESTest_scaffolding.java:185)
	at org.apache.avro.file.XZCodec_ESTest_scaffolding.doneWithTestCase(XZCodec_ESTest_scaffolding.java:66)
	at sun.reflect.NativeMethodAccessorImpl.invoke0(Native Method)
	at sun.reflect.NativeMethodAccessorImpl.invoke(NativeMethodAccessorImpl.java:62)
	at sun.reflect.DelegatingMethodAccessorImpl.invoke(DelegatingMethodAccessorImpl.java:43)
	at java.lang.reflect.Method.invoke(Method.java:498)
	at org.junit.runners.model.FrameworkMethod$1.runReflectiveCall(FrameworkMethod.java:59)
	at org.junit.internal.runners.model.ReflectiveCallable.run(ReflectiveCallable.java:12)
	at org.junit.runners.model.FrameworkMethod.invokeExplosively(FrameworkMethod.java:56)
	at org.junit.internal.runners.statements.RunAfters.invokeMethod(RunAfters.java:46)
	at org.junit.internal.runners.statements.RunAfters.evaluate(RunAfters.java:33)
	at org.evosuite.runtime.vnet.NonFunctionalRequirementRule$1.evaluate(NonFunctionalRequirementRule.java:41)
	at org.junit.runners.ParentRunner$3.evaluate(ParentRunner.java:306)
	at org.junit.runners.BlockJUnit4ClassRunner$1.evaluate(BlockJUnit4ClassRunner.java:100)
	at org.junit.runners.ParentRunner.runLeaf(ParentRunner.java:366)
	at org.junit.runners.BlockJUnit4ClassRunner.runChild(BlockJUnit4ClassRunner.java:103)
	at org.junit.runners.BlockJUnit4ClassRunner.runChild(BlockJUnit4ClassRunner.java:63)
	at org.junit.runners.ParentRunner$4.run(ParentRunner.java:331)
	at org.junit.runners.ParentRunner$1.schedule(ParentRunner.java:79)
	at org.junit.runners.ParentRunner.runChildren(ParentRunner.java:329)
	at org.junit.runners.ParentRunner.access$100(ParentRunner.java:66)
	at org.junit.runners.ParentRunner$2.evaluate(ParentRunner.java:293)
	at org.junit.internal.runners.statements.RunBefores.evaluate(RunBefores.java:26)
	at org.junit.internal.runners.statements.RunAfters.evaluate(RunAfters.java:27)
	at org.junit.runners.ParentRunner$3.evaluate(ParentRunner.java:306)
	at org.junit.runners.ParentRunner.run(ParentRunner.java:413)
	at org.apache.maven.surefire.junit4.JUnit4Provider.execute(JUnit4Provider.java:316)
	at org.apache.maven.surefire.junit4.JUnit4Provider.executeWithRerun(JUnit4Provider.java:240)
	at org.apache.maven.surefire.junit4.JUnit4Provider.executeTestSet(JUnit4Provider.java:214)
	at org.apache.maven.surefire.junit4.JUnit4Provider.invoke(JUnit4Provider.java:155)
	at org.apache.maven.surefire.booter.ForkedBooter.runSuitesInProcess(ForkedBooter.java:385)
	at org.apache.maven.surefire.booter.ForkedBooter.execute(ForkedBooter.java:162)
	at org.apache.maven.surefire.booter.ForkedBooter.run(ForkedBooter.java:507)
	at org.apache.maven.surefire.booter.ForkedBooter.main(ForkedBooter.java:495)
]]></system-err>
  </testcase>
  <testcase name="test02" classname="org.apache.avro.file.XZCodec_ESTest" time="0.14">
    <system-err><![CDATA[java.lang.SecurityException: Security manager blocks ("java.lang.RuntimePermission" "loadLibrary./tmp/snappy-1.1.8-00000000-0100-4000-8200-000003000000-libsnappyjava.so")
java.lang.Thread.getStackTrace(Thread.java:1564)
org.evosuite.runtime.sandbox.MSecurityManager.checkPermission(MSecurityManager.java:424)
java.lang.SecurityManager.checkLink(SecurityManager.java:835)
java.lang.Runtime.load0(Runtime.java:776)
java.lang.System.load(System.java:1100)
org.xerial.snappy.SnappyLoader.loadNativeLibrary(SnappyLoader.java:198)
org.xerial.snappy.SnappyLoader.loadSnappyApi(SnappyLoader.java:167)
org.xerial.snappy.Snappy.init(Snappy.java:69)
org.xerial.snappy.Snappy.__STATIC_RESET(Snappy.java:46)
sun.reflect.NativeMethodAccessorImpl.invoke0(Native Method)
sun.reflect.NativeMethodAccessorImpl.invoke(NativeMethodAccessorImpl.java:62)
sun.reflect.DelegatingMethodAccessorImpl.invoke(DelegatingMethodAccessorImpl.java:43)
java.lang.reflect.Method.invoke(Method.java:498)
org.evosuite.runtime.classhandling.ClassResetter.reset(ClassResetter.java:159)
org.evosuite.runtime.classhandling.ClassStateSupport.resetClasses(ClassStateSupport.java:137)
org.apache.avro.file.XZCodec_ESTest_scaffolding.resetClasses(XZCodec_ESTest_scaffolding.java:185)
org.apache.avro.file.XZCodec_ESTest_scaffolding.doneWithTestCase(XZCodec_ESTest_scaffolding.java:66)
sun.reflect.NativeMethodAccessorImpl.invoke0(Native Method)
sun.reflect.NativeMethodAccessorImpl.invoke(NativeMethodAccessorImpl.java:62)
sun.reflect.DelegatingMethodAccessorImpl.invoke(DelegatingMethodAccessorImpl.java:43)
java.lang.reflect.Method.invoke(Method.java:498)
org.junit.runners.model.FrameworkMethod$1.runReflectiveCall(FrameworkMethod.java:59)
org.junit.internal.runners.model.ReflectiveCallable.run(ReflectiveCallable.java:12)
org.junit.runners.model.FrameworkMethod.invokeExplosively(FrameworkMethod.java:56)
org.junit.internal.runners.statements.RunAfters.invokeMethod(RunAfters.java:46)
org.junit.internal.runners.statements.RunAfters.evaluate(RunAfters.java:33)
org.evosuite.runtime.vnet.NonFunctionalRequirementRule$1.evaluate(NonFunctionalRequirementRule.java:41)
org.junit.runners.ParentRunner$3.evaluate(ParentRunner.java:306)
org.junit.runners.BlockJUnit4ClassRunner$1.evaluate(BlockJUnit4ClassRunner.java:100)
org.junit.runners.ParentRunner.runLeaf(ParentRunner.java:366)
org.junit.runners.BlockJUnit4ClassRunner.runChild(BlockJUnit4ClassRunner.java:103)
org.junit.runners.BlockJUnit4ClassRunner.runChild(BlockJUnit4ClassRunner.java:63)
org.junit.runners.ParentRunner$4.run(ParentRunner.java:331)
org.junit.runners.ParentRunner$1.schedule(ParentRunner.java:79)
org.junit.runners.ParentRunner.runChildren(ParentRunner.java:329)
org.junit.runners.ParentRunner.access$100(ParentRunner.java:66)
org.junit.runners.ParentRunner$2.evaluate(ParentRunner.java:293)
org.junit.internal.runners.statements.RunBefores.evaluate(RunBefores.java:26)
org.junit.internal.runners.statements.RunAfters.evaluate(RunAfters.java:27)
org.junit.runners.ParentRunner$3.evaluate(ParentRunner.java:306)
org.junit.runners.ParentRunner.run(ParentRunner.java:413)
org.apache.maven.surefire.junit4.JUnit4Provider.execute(JUnit4Provider.java:316)
org.apache.maven.surefire.junit4.JUnit4Provider.executeWithRerun(JUnit4Provider.java:240)
org.apache.maven.surefire.junit4.JUnit4Provider.executeTestSet(JUnit4Provider.java:214)
org.apache.maven.surefire.junit4.JUnit4Provider.invoke(JUnit4Provider.java:155)
org.apache.maven.surefire.booter.ForkedBooter.runSuitesInProcess(ForkedBooter.java:385)
org.apache.maven.surefire.booter.ForkedBooter.execute(ForkedBooter.java:162)
org.apache.maven.surefire.booter.ForkedBooter.run(ForkedBooter.java:507)
org.apache.maven.surefire.booter.ForkedBooter.main(ForkedBooter.java:495)

	at org.evosuite.runtime.sandbox.MSecurityManager.checkPermission(MSecurityManager.java:436)
	at java.lang.SecurityManager.checkLink(SecurityManager.java:835)
	at java.lang.Runtime.load0(Runtime.java:776)
	at java.lang.System.load(System.java:1100)
	at org.xerial.snappy.SnappyLoader.loadNativeLibrary(SnappyLoader.java:198)
	at org.xerial.snappy.SnappyLoader.loadSnappyApi(SnappyLoader.java:167)
	at org.xerial.snappy.Snappy.init(Snappy.java:69)
	at org.xerial.snappy.Snappy.__STATIC_RESET(Snappy.java:46)
	at sun.reflect.NativeMethodAccessorImpl.invoke0(Native Method)
	at sun.reflect.NativeMethodAccessorImpl.invoke(NativeMethodAccessorImpl.java:62)
	at sun.reflect.DelegatingMethodAccessorImpl.invoke(DelegatingMethodAccessorImpl.java:43)
	at java.lang.reflect.Method.invoke(Method.java:498)
	at org.evosuite.runtime.classhandling.ClassResetter.reset(ClassResetter.java:159)
	at org.evosuite.runtime.classhandling.ClassStateSupport.resetClasses(ClassStateSupport.java:137)
	at org.apache.avro.file.XZCodec_ESTest_scaffolding.resetClasses(XZCodec_ESTest_scaffolding.java:185)
	at org.apache.avro.file.XZCodec_ESTest_scaffolding.doneWithTestCase(XZCodec_ESTest_scaffolding.java:66)
	at sun.reflect.NativeMethodAccessorImpl.invoke0(Native Method)
	at sun.reflect.NativeMethodAccessorImpl.invoke(NativeMethodAccessorImpl.java:62)
	at sun.reflect.DelegatingMethodAccessorImpl.invoke(DelegatingMethodAccessorImpl.java:43)
	at java.lang.reflect.Method.invoke(Method.java:498)
	at org.junit.runners.model.FrameworkMethod$1.runReflectiveCall(FrameworkMethod.java:59)
	at org.junit.internal.runners.model.ReflectiveCallable.run(ReflectiveCallable.java:12)
	at org.junit.runners.model.FrameworkMethod.invokeExplosively(FrameworkMethod.java:56)
	at org.junit.internal.runners.statements.RunAfters.invokeMethod(RunAfters.java:46)
	at org.junit.internal.runners.statements.RunAfters.evaluate(RunAfters.java:33)
	at org.evosuite.runtime.vnet.NonFunctionalRequirementRule$1.evaluate(NonFunctionalRequirementRule.java:41)
	at org.junit.runners.ParentRunner$3.evaluate(ParentRunner.java:306)
	at org.junit.runners.BlockJUnit4ClassRunner$1.evaluate(BlockJUnit4ClassRunner.java:100)
	at org.junit.runners.ParentRunner.runLeaf(ParentRunner.java:366)
	at org.junit.runners.BlockJUnit4ClassRunner.runChild(BlockJUnit4ClassRunner.java:103)
	at org.junit.runners.BlockJUnit4ClassRunner.runChild(BlockJUnit4ClassRunner.java:63)
	at org.junit.runners.ParentRunner$4.run(ParentRunner.java:331)
	at org.junit.runners.ParentRunner$1.schedule(ParentRunner.java:79)
	at org.junit.runners.ParentRunner.runChildren(ParentRunner.java:329)
	at org.junit.runners.ParentRunner.access$100(ParentRunner.java:66)
	at org.junit.runners.ParentRunner$2.evaluate(ParentRunner.java:293)
	at org.junit.internal.runners.statements.RunBefores.evaluate(RunBefores.java:26)
	at org.junit.internal.runners.statements.RunAfters.evaluate(RunAfters.java:27)
	at org.junit.runners.ParentRunner$3.evaluate(ParentRunner.java:306)
	at org.junit.runners.ParentRunner.run(ParentRunner.java:413)
	at org.apache.maven.surefire.junit4.JUnit4Provider.execute(JUnit4Provider.java:316)
	at org.apache.maven.surefire.junit4.JUnit4Provider.executeWithRerun(JUnit4Provider.java:240)
	at org.apache.maven.surefire.junit4.JUnit4Provider.executeTestSet(JUnit4Provider.java:214)
	at org.apache.maven.surefire.junit4.JUnit4Provider.invoke(JUnit4Provider.java:155)
	at org.apache.maven.surefire.booter.ForkedBooter.runSuitesInProcess(ForkedBooter.java:385)
	at org.apache.maven.surefire.booter.ForkedBooter.execute(ForkedBooter.java:162)
	at org.apache.maven.surefire.booter.ForkedBooter.run(ForkedBooter.java:507)
	at org.apache.maven.surefire.booter.ForkedBooter.main(ForkedBooter.java:495)
]]></system-err>
  </testcase>
  <testcase name="test13" classname="org.apache.avro.file.XZCodec_ESTest" time="0.187">
    <system-err><![CDATA[java.lang.SecurityException: Security manager blocks ("java.lang.RuntimePermission" "loadLibrary./tmp/snappy-1.1.8-00000000-0100-4000-8200-000003000000-libsnappyjava.so")
java.lang.Thread.getStackTrace(Thread.java:1564)
org.evosuite.runtime.sandbox.MSecurityManager.checkPermission(MSecurityManager.java:424)
java.lang.SecurityManager.checkLink(SecurityManager.java:835)
java.lang.Runtime.load0(Runtime.java:776)
java.lang.System.load(System.java:1100)
org.xerial.snappy.SnappyLoader.loadNativeLibrary(SnappyLoader.java:198)
org.xerial.snappy.SnappyLoader.loadSnappyApi(SnappyLoader.java:167)
org.xerial.snappy.Snappy.init(Snappy.java:69)
org.xerial.snappy.Snappy.__STATIC_RESET(Snappy.java:46)
sun.reflect.NativeMethodAccessorImpl.invoke0(Native Method)
sun.reflect.NativeMethodAccessorImpl.invoke(NativeMethodAccessorImpl.java:62)
sun.reflect.DelegatingMethodAccessorImpl.invoke(DelegatingMethodAccessorImpl.java:43)
java.lang.reflect.Method.invoke(Method.java:498)
org.evosuite.runtime.classhandling.ClassResetter.reset(ClassResetter.java:159)
org.evosuite.runtime.classhandling.ClassStateSupport.resetClasses(ClassStateSupport.java:137)
org.apache.avro.file.XZCodec_ESTest_scaffolding.resetClasses(XZCodec_ESTest_scaffolding.java:185)
org.apache.avro.file.XZCodec_ESTest_scaffolding.doneWithTestCase(XZCodec_ESTest_scaffolding.java:66)
sun.reflect.NativeMethodAccessorImpl.invoke0(Native Method)
sun.reflect.NativeMethodAccessorImpl.invoke(NativeMethodAccessorImpl.java:62)
sun.reflect.DelegatingMethodAccessorImpl.invoke(DelegatingMethodAccessorImpl.java:43)
java.lang.reflect.Method.invoke(Method.java:498)
org.junit.runners.model.FrameworkMethod$1.runReflectiveCall(FrameworkMethod.java:59)
org.junit.internal.runners.model.ReflectiveCallable.run(ReflectiveCallable.java:12)
org.junit.runners.model.FrameworkMethod.invokeExplosively(FrameworkMethod.java:56)
org.junit.internal.runners.statements.RunAfters.invokeMethod(RunAfters.java:46)
org.junit.internal.runners.statements.RunAfters.evaluate(RunAfters.java:33)
org.evosuite.runtime.vnet.NonFunctionalRequirementRule$1.evaluate(NonFunctionalRequirementRule.java:41)
org.junit.runners.ParentRunner$3.evaluate(ParentRunner.java:306)
org.junit.runners.BlockJUnit4ClassRunner$1.evaluate(BlockJUnit4ClassRunner.java:100)
org.junit.runners.ParentRunner.runLeaf(ParentRunner.java:366)
org.junit.runners.BlockJUnit4ClassRunner.runChild(BlockJUnit4ClassRunner.java:103)
org.junit.runners.BlockJUnit4ClassRunner.runChild(BlockJUnit4ClassRunner.java:63)
org.junit.runners.ParentRunner$4.run(ParentRunner.java:331)
org.junit.runners.ParentRunner$1.schedule(ParentRunner.java:79)
org.junit.runners.ParentRunner.runChildren(ParentRunner.java:329)
org.junit.runners.ParentRunner.access$100(ParentRunner.java:66)
org.junit.runners.ParentRunner$2.evaluate(ParentRunner.java:293)
org.junit.internal.runners.statements.RunBefores.evaluate(RunBefores.java:26)
org.junit.internal.runners.statements.RunAfters.evaluate(RunAfters.java:27)
org.junit.runners.ParentRunner$3.evaluate(ParentRunner.java:306)
org.junit.runners.ParentRunner.run(ParentRunner.java:413)
org.apache.maven.surefire.junit4.JUnit4Provider.execute(JUnit4Provider.java:316)
org.apache.maven.surefire.junit4.JUnit4Provider.executeWithRerun(JUnit4Provider.java:240)
org.apache.maven.surefire.junit4.JUnit4Provider.executeTestSet(JUnit4Provider.java:214)
org.apache.maven.surefire.junit4.JUnit4Provider.invoke(JUnit4Provider.java:155)
org.apache.maven.surefire.booter.ForkedBooter.runSuitesInProcess(ForkedBooter.java:385)
org.apache.maven.surefire.booter.ForkedBooter.execute(ForkedBooter.java:162)
org.apache.maven.surefire.booter.ForkedBooter.run(ForkedBooter.java:507)
org.apache.maven.surefire.booter.ForkedBooter.main(ForkedBooter.java:495)

	at org.evosuite.runtime.sandbox.MSecurityManager.checkPermission(MSecurityManager.java:436)
	at java.lang.SecurityManager.checkLink(SecurityManager.java:835)
	at java.lang.Runtime.load0(Runtime.java:776)
	at java.lang.System.load(System.java:1100)
	at org.xerial.snappy.SnappyLoader.loadNativeLibrary(SnappyLoader.java:198)
	at org.xerial.snappy.SnappyLoader.loadSnappyApi(SnappyLoader.java:167)
	at org.xerial.snappy.Snappy.init(Snappy.java:69)
	at org.xerial.snappy.Snappy.__STATIC_RESET(Snappy.java:46)
	at sun.reflect.NativeMethodAccessorImpl.invoke0(Native Method)
	at sun.reflect.NativeMethodAccessorImpl.invoke(NativeMethodAccessorImpl.java:62)
	at sun.reflect.DelegatingMethodAccessorImpl.invoke(DelegatingMethodAccessorImpl.java:43)
	at java.lang.reflect.Method.invoke(Method.java:498)
	at org.evosuite.runtime.classhandling.ClassResetter.reset(ClassResetter.java:159)
	at org.evosuite.runtime.classhandling.ClassStateSupport.resetClasses(ClassStateSupport.java:137)
	at org.apache.avro.file.XZCodec_ESTest_scaffolding.resetClasses(XZCodec_ESTest_scaffolding.java:185)
	at org.apache.avro.file.XZCodec_ESTest_scaffolding.doneWithTestCase(XZCodec_ESTest_scaffolding.java:66)
	at sun.reflect.NativeMethodAccessorImpl.invoke0(Native Method)
	at sun.reflect.NativeMethodAccessorImpl.invoke(NativeMethodAccessorImpl.java:62)
	at sun.reflect.DelegatingMethodAccessorImpl.invoke(DelegatingMethodAccessorImpl.java:43)
	at java.lang.reflect.Method.invoke(Method.java:498)
	at org.junit.runners.model.FrameworkMethod$1.runReflectiveCall(FrameworkMethod.java:59)
	at org.junit.internal.runners.model.ReflectiveCallable.run(ReflectiveCallable.java:12)
	at org.junit.runners.model.FrameworkMethod.invokeExplosively(FrameworkMethod.java:56)
	at org.junit.internal.runners.statements.RunAfters.invokeMethod(RunAfters.java:46)
	at org.junit.internal.runners.statements.RunAfters.evaluate(RunAfters.java:33)
	at org.evosuite.runtime.vnet.NonFunctionalRequirementRule$1.evaluate(NonFunctionalRequirementRule.java:41)
	at org.junit.runners.ParentRunner$3.evaluate(ParentRunner.java:306)
	at org.junit.runners.BlockJUnit4ClassRunner$1.evaluate(BlockJUnit4ClassRunner.java:100)
	at org.junit.runners.ParentRunner.runLeaf(ParentRunner.java:366)
	at org.junit.runners.BlockJUnit4ClassRunner.runChild(BlockJUnit4ClassRunner.java:103)
	at org.junit.runners.BlockJUnit4ClassRunner.runChild(BlockJUnit4ClassRunner.java:63)
	at org.junit.runners.ParentRunner$4.run(ParentRunner.java:331)
	at org.junit.runners.ParentRunner$1.schedule(ParentRunner.java:79)
	at org.junit.runners.ParentRunner.runChildren(ParentRunner.java:329)
	at org.junit.runners.ParentRunner.access$100(ParentRunner.java:66)
	at org.junit.runners.ParentRunner$2.evaluate(ParentRunner.java:293)
	at org.junit.internal.runners.statements.RunBefores.evaluate(RunBefores.java:26)
	at org.junit.internal.runners.statements.RunAfters.evaluate(RunAfters.java:27)
	at org.junit.runners.ParentRunner$3.evaluate(ParentRunner.java:306)
	at org.junit.runners.ParentRunner.run(ParentRunner.java:413)
	at org.apache.maven.surefire.junit4.JUnit4Provider.execute(JUnit4Provider.java:316)
	at org.apache.maven.surefire.junit4.JUnit4Provider.executeWithRerun(JUnit4Provider.java:240)
	at org.apache.maven.surefire.junit4.JUnit4Provider.executeTestSet(JUnit4Provider.java:214)
	at org.apache.maven.surefire.junit4.JUnit4Provider.invoke(JUnit4Provider.java:155)
	at org.apache.maven.surefire.booter.ForkedBooter.runSuitesInProcess(ForkedBooter.java:385)
	at org.apache.maven.surefire.booter.ForkedBooter.execute(ForkedBooter.java:162)
	at org.apache.maven.surefire.booter.ForkedBooter.run(ForkedBooter.java:507)
	at org.apache.maven.surefire.booter.ForkedBooter.main(ForkedBooter.java:495)
]]></system-err>
  </testcase>
  <testcase name="test03" classname="org.apache.avro.file.XZCodec_ESTest" time="0.164">
    <system-err><![CDATA[java.lang.SecurityException: Security manager blocks ("java.lang.RuntimePermission" "loadLibrary./tmp/snappy-1.1.8-00000000-0100-4000-8200-000003000000-libsnappyjava.so")
java.lang.Thread.getStackTrace(Thread.java:1564)
org.evosuite.runtime.sandbox.MSecurityManager.checkPermission(MSecurityManager.java:424)
java.lang.SecurityManager.checkLink(SecurityManager.java:835)
java.lang.Runtime.load0(Runtime.java:776)
java.lang.System.load(System.java:1100)
org.xerial.snappy.SnappyLoader.loadNativeLibrary(SnappyLoader.java:198)
org.xerial.snappy.SnappyLoader.loadSnappyApi(SnappyLoader.java:167)
org.xerial.snappy.Snappy.init(Snappy.java:69)
org.xerial.snappy.Snappy.__STATIC_RESET(Snappy.java:46)
sun.reflect.NativeMethodAccessorImpl.invoke0(Native Method)
sun.reflect.NativeMethodAccessorImpl.invoke(NativeMethodAccessorImpl.java:62)
sun.reflect.DelegatingMethodAccessorImpl.invoke(DelegatingMethodAccessorImpl.java:43)
java.lang.reflect.Method.invoke(Method.java:498)
org.evosuite.runtime.classhandling.ClassResetter.reset(ClassResetter.java:159)
org.evosuite.runtime.classhandling.ClassStateSupport.resetClasses(ClassStateSupport.java:137)
org.apache.avro.file.XZCodec_ESTest_scaffolding.resetClasses(XZCodec_ESTest_scaffolding.java:185)
org.apache.avro.file.XZCodec_ESTest_scaffolding.doneWithTestCase(XZCodec_ESTest_scaffolding.java:66)
sun.reflect.NativeMethodAccessorImpl.invoke0(Native Method)
sun.reflect.NativeMethodAccessorImpl.invoke(NativeMethodAccessorImpl.java:62)
sun.reflect.DelegatingMethodAccessorImpl.invoke(DelegatingMethodAccessorImpl.java:43)
java.lang.reflect.Method.invoke(Method.java:498)
org.junit.runners.model.FrameworkMethod$1.runReflectiveCall(FrameworkMethod.java:59)
org.junit.internal.runners.model.ReflectiveCallable.run(ReflectiveCallable.java:12)
org.junit.runners.model.FrameworkMethod.invokeExplosively(FrameworkMethod.java:56)
org.junit.internal.runners.statements.RunAfters.invokeMethod(RunAfters.java:46)
org.junit.internal.runners.statements.RunAfters.evaluate(RunAfters.java:33)
org.evosuite.runtime.vnet.NonFunctionalRequirementRule$1.evaluate(NonFunctionalRequirementRule.java:41)
org.junit.runners.ParentRunner$3.evaluate(ParentRunner.java:306)
org.junit.runners.BlockJUnit4ClassRunner$1.evaluate(BlockJUnit4ClassRunner.java:100)
org.junit.runners.ParentRunner.runLeaf(ParentRunner.java:366)
org.junit.runners.BlockJUnit4ClassRunner.runChild(BlockJUnit4ClassRunner.java:103)
org.junit.runners.BlockJUnit4ClassRunner.runChild(BlockJUnit4ClassRunner.java:63)
org.junit.runners.ParentRunner$4.run(ParentRunner.java:331)
org.junit.runners.ParentRunner$1.schedule(ParentRunner.java:79)
org.junit.runners.ParentRunner.runChildren(ParentRunner.java:329)
org.junit.runners.ParentRunner.access$100(ParentRunner.java:66)
org.junit.runners.ParentRunner$2.evaluate(ParentRunner.java:293)
org.junit.internal.runners.statements.RunBefores.evaluate(RunBefores.java:26)
org.junit.internal.runners.statements.RunAfters.evaluate(RunAfters.java:27)
org.junit.runners.ParentRunner$3.evaluate(ParentRunner.java:306)
org.junit.runners.ParentRunner.run(ParentRunner.java:413)
org.apache.maven.surefire.junit4.JUnit4Provider.execute(JUnit4Provider.java:316)
org.apache.maven.surefire.junit4.JUnit4Provider.executeWithRerun(JUnit4Provider.java:240)
org.apache.maven.surefire.junit4.JUnit4Provider.executeTestSet(JUnit4Provider.java:214)
org.apache.maven.surefire.junit4.JUnit4Provider.invoke(JUnit4Provider.java:155)
org.apache.maven.surefire.booter.ForkedBooter.runSuitesInProcess(ForkedBooter.java:385)
org.apache.maven.surefire.booter.ForkedBooter.execute(ForkedBooter.java:162)
org.apache.maven.surefire.booter.ForkedBooter.run(ForkedBooter.java:507)
org.apache.maven.surefire.booter.ForkedBooter.main(ForkedBooter.java:495)

	at org.evosuite.runtime.sandbox.MSecurityManager.checkPermission(MSecurityManager.java:436)
	at java.lang.SecurityManager.checkLink(SecurityManager.java:835)
	at java.lang.Runtime.load0(Runtime.java:776)
	at java.lang.System.load(System.java:1100)
	at org.xerial.snappy.SnappyLoader.loadNativeLibrary(SnappyLoader.java:198)
	at org.xerial.snappy.SnappyLoader.loadSnappyApi(SnappyLoader.java:167)
	at org.xerial.snappy.Snappy.init(Snappy.java:69)
	at org.xerial.snappy.Snappy.__STATIC_RESET(Snappy.java:46)
	at sun.reflect.NativeMethodAccessorImpl.invoke0(Native Method)
	at sun.reflect.NativeMethodAccessorImpl.invoke(NativeMethodAccessorImpl.java:62)
	at sun.reflect.DelegatingMethodAccessorImpl.invoke(DelegatingMethodAccessorImpl.java:43)
	at java.lang.reflect.Method.invoke(Method.java:498)
	at org.evosuite.runtime.classhandling.ClassResetter.reset(ClassResetter.java:159)
	at org.evosuite.runtime.classhandling.ClassStateSupport.resetClasses(ClassStateSupport.java:137)
	at org.apache.avro.file.XZCodec_ESTest_scaffolding.resetClasses(XZCodec_ESTest_scaffolding.java:185)
	at org.apache.avro.file.XZCodec_ESTest_scaffolding.doneWithTestCase(XZCodec_ESTest_scaffolding.java:66)
	at sun.reflect.NativeMethodAccessorImpl.invoke0(Native Method)
	at sun.reflect.NativeMethodAccessorImpl.invoke(NativeMethodAccessorImpl.java:62)
	at sun.reflect.DelegatingMethodAccessorImpl.invoke(DelegatingMethodAccessorImpl.java:43)
	at java.lang.reflect.Method.invoke(Method.java:498)
	at org.junit.runners.model.FrameworkMethod$1.runReflectiveCall(FrameworkMethod.java:59)
	at org.junit.internal.runners.model.ReflectiveCallable.run(ReflectiveCallable.java:12)
	at org.junit.runners.model.FrameworkMethod.invokeExplosively(FrameworkMethod.java:56)
	at org.junit.internal.runners.statements.RunAfters.invokeMethod(RunAfters.java:46)
	at org.junit.internal.runners.statements.RunAfters.evaluate(RunAfters.java:33)
	at org.evosuite.runtime.vnet.NonFunctionalRequirementRule$1.evaluate(NonFunctionalRequirementRule.java:41)
	at org.junit.runners.ParentRunner$3.evaluate(ParentRunner.java:306)
	at org.junit.runners.BlockJUnit4ClassRunner$1.evaluate(BlockJUnit4ClassRunner.java:100)
	at org.junit.runners.ParentRunner.runLeaf(ParentRunner.java:366)
	at org.junit.runners.BlockJUnit4ClassRunner.runChild(BlockJUnit4ClassRunner.java:103)
	at org.junit.runners.BlockJUnit4ClassRunner.runChild(BlockJUnit4ClassRunner.java:63)
	at org.junit.runners.ParentRunner$4.run(ParentRunner.java:331)
	at org.junit.runners.ParentRunner$1.schedule(ParentRunner.java:79)
	at org.junit.runners.ParentRunner.runChildren(ParentRunner.java:329)
	at org.junit.runners.ParentRunner.access$100(ParentRunner.java:66)
	at org.junit.runners.ParentRunner$2.evaluate(ParentRunner.java:293)
	at org.junit.internal.runners.statements.RunBefores.evaluate(RunBefores.java:26)
	at org.junit.internal.runners.statements.RunAfters.evaluate(RunAfters.java:27)
	at org.junit.runners.ParentRunner$3.evaluate(ParentRunner.java:306)
	at org.junit.runners.ParentRunner.run(ParentRunner.java:413)
	at org.apache.maven.surefire.junit4.JUnit4Provider.execute(JUnit4Provider.java:316)
	at org.apache.maven.surefire.junit4.JUnit4Provider.executeWithRerun(JUnit4Provider.java:240)
	at org.apache.maven.surefire.junit4.JUnit4Provider.executeTestSet(JUnit4Provider.java:214)
	at org.apache.maven.surefire.junit4.JUnit4Provider.invoke(JUnit4Provider.java:155)
	at org.apache.maven.surefire.booter.ForkedBooter.runSuitesInProcess(ForkedBooter.java:385)
	at org.apache.maven.surefire.booter.ForkedBooter.execute(ForkedBooter.java:162)
	at org.apache.maven.surefire.booter.ForkedBooter.run(ForkedBooter.java:507)
	at org.apache.maven.surefire.booter.ForkedBooter.main(ForkedBooter.java:495)
]]></system-err>
  </testcase>
  <testcase name="test14" classname="org.apache.avro.file.XZCodec_ESTest" time="0.139">
    <system-err><![CDATA[java.lang.SecurityException: Security manager blocks ("java.lang.RuntimePermission" "loadLibrary./tmp/snappy-1.1.8-00000000-0100-4000-8200-000003000000-libsnappyjava.so")
java.lang.Thread.getStackTrace(Thread.java:1564)
org.evosuite.runtime.sandbox.MSecurityManager.checkPermission(MSecurityManager.java:424)
java.lang.SecurityManager.checkLink(SecurityManager.java:835)
java.lang.Runtime.load0(Runtime.java:776)
java.lang.System.load(System.java:1100)
org.xerial.snappy.SnappyLoader.loadNativeLibrary(SnappyLoader.java:198)
org.xerial.snappy.SnappyLoader.loadSnappyApi(SnappyLoader.java:167)
org.xerial.snappy.Snappy.init(Snappy.java:69)
org.xerial.snappy.Snappy.__STATIC_RESET(Snappy.java:46)
sun.reflect.NativeMethodAccessorImpl.invoke0(Native Method)
sun.reflect.NativeMethodAccessorImpl.invoke(NativeMethodAccessorImpl.java:62)
sun.reflect.DelegatingMethodAccessorImpl.invoke(DelegatingMethodAccessorImpl.java:43)
java.lang.reflect.Method.invoke(Method.java:498)
org.evosuite.runtime.classhandling.ClassResetter.reset(ClassResetter.java:159)
org.evosuite.runtime.classhandling.ClassStateSupport.resetClasses(ClassStateSupport.java:137)
org.apache.avro.file.XZCodec_ESTest_scaffolding.resetClasses(XZCodec_ESTest_scaffolding.java:185)
org.apache.avro.file.XZCodec_ESTest_scaffolding.doneWithTestCase(XZCodec_ESTest_scaffolding.java:66)
sun.reflect.NativeMethodAccessorImpl.invoke0(Native Method)
sun.reflect.NativeMethodAccessorImpl.invoke(NativeMethodAccessorImpl.java:62)
sun.reflect.DelegatingMethodAccessorImpl.invoke(DelegatingMethodAccessorImpl.java:43)
java.lang.reflect.Method.invoke(Method.java:498)
org.junit.runners.model.FrameworkMethod$1.runReflectiveCall(FrameworkMethod.java:59)
org.junit.internal.runners.model.ReflectiveCallable.run(ReflectiveCallable.java:12)
org.junit.runners.model.FrameworkMethod.invokeExplosively(FrameworkMethod.java:56)
org.junit.internal.runners.statements.RunAfters.invokeMethod(RunAfters.java:46)
org.junit.internal.runners.statements.RunAfters.evaluate(RunAfters.java:33)
org.evosuite.runtime.vnet.NonFunctionalRequirementRule$1.evaluate(NonFunctionalRequirementRule.java:41)
org.junit.runners.ParentRunner$3.evaluate(ParentRunner.java:306)
org.junit.runners.BlockJUnit4ClassRunner$1.evaluate(BlockJUnit4ClassRunner.java:100)
org.junit.runners.ParentRunner.runLeaf(ParentRunner.java:366)
org.junit.runners.BlockJUnit4ClassRunner.runChild(BlockJUnit4ClassRunner.java:103)
org.junit.runners.BlockJUnit4ClassRunner.runChild(BlockJUnit4ClassRunner.java:63)
org.junit.runners.ParentRunner$4.run(ParentRunner.java:331)
org.junit.runners.ParentRunner$1.schedule(ParentRunner.java:79)
org.junit.runners.ParentRunner.runChildren(ParentRunner.java:329)
org.junit.runners.ParentRunner.access$100(ParentRunner.java:66)
org.junit.runners.ParentRunner$2.evaluate(ParentRunner.java:293)
org.junit.internal.runners.statements.RunBefores.evaluate(RunBefores.java:26)
org.junit.internal.runners.statements.RunAfters.evaluate(RunAfters.java:27)
org.junit.runners.ParentRunner$3.evaluate(ParentRunner.java:306)
org.junit.runners.ParentRunner.run(ParentRunner.java:413)
org.apache.maven.surefire.junit4.JUnit4Provider.execute(JUnit4Provider.java:316)
org.apache.maven.surefire.junit4.JUnit4Provider.executeWithRerun(JUnit4Provider.java:240)
org.apache.maven.surefire.junit4.JUnit4Provider.executeTestSet(JUnit4Provider.java:214)
org.apache.maven.surefire.junit4.JUnit4Provider.invoke(JUnit4Provider.java:155)
org.apache.maven.surefire.booter.ForkedBooter.runSuitesInProcess(ForkedBooter.java:385)
org.apache.maven.surefire.booter.ForkedBooter.execute(ForkedBooter.java:162)
org.apache.maven.surefire.booter.ForkedBooter.run(ForkedBooter.java:507)
org.apache.maven.surefire.booter.ForkedBooter.main(ForkedBooter.java:495)

	at org.evosuite.runtime.sandbox.MSecurityManager.checkPermission(MSecurityManager.java:436)
	at java.lang.SecurityManager.checkLink(SecurityManager.java:835)
	at java.lang.Runtime.load0(Runtime.java:776)
	at java.lang.System.load(System.java:1100)
	at org.xerial.snappy.SnappyLoader.loadNativeLibrary(SnappyLoader.java:198)
	at org.xerial.snappy.SnappyLoader.loadSnappyApi(SnappyLoader.java:167)
	at org.xerial.snappy.Snappy.init(Snappy.java:69)
	at org.xerial.snappy.Snappy.__STATIC_RESET(Snappy.java:46)
	at sun.reflect.NativeMethodAccessorImpl.invoke0(Native Method)
	at sun.reflect.NativeMethodAccessorImpl.invoke(NativeMethodAccessorImpl.java:62)
	at sun.reflect.DelegatingMethodAccessorImpl.invoke(DelegatingMethodAccessorImpl.java:43)
	at java.lang.reflect.Method.invoke(Method.java:498)
	at org.evosuite.runtime.classhandling.ClassResetter.reset(ClassResetter.java:159)
	at org.evosuite.runtime.classhandling.ClassStateSupport.resetClasses(ClassStateSupport.java:137)
	at org.apache.avro.file.XZCodec_ESTest_scaffolding.resetClasses(XZCodec_ESTest_scaffolding.java:185)
	at org.apache.avro.file.XZCodec_ESTest_scaffolding.doneWithTestCase(XZCodec_ESTest_scaffolding.java:66)
	at sun.reflect.NativeMethodAccessorImpl.invoke0(Native Method)
	at sun.reflect.NativeMethodAccessorImpl.invoke(NativeMethodAccessorImpl.java:62)
	at sun.reflect.DelegatingMethodAccessorImpl.invoke(DelegatingMethodAccessorImpl.java:43)
	at java.lang.reflect.Method.invoke(Method.java:498)
	at org.junit.runners.model.FrameworkMethod$1.runReflectiveCall(FrameworkMethod.java:59)
	at org.junit.internal.runners.model.ReflectiveCallable.run(ReflectiveCallable.java:12)
	at org.junit.runners.model.FrameworkMethod.invokeExplosively(FrameworkMethod.java:56)
	at org.junit.internal.runners.statements.RunAfters.invokeMethod(RunAfters.java:46)
	at org.junit.internal.runners.statements.RunAfters.evaluate(RunAfters.java:33)
	at org.evosuite.runtime.vnet.NonFunctionalRequirementRule$1.evaluate(NonFunctionalRequirementRule.java:41)
	at org.junit.runners.ParentRunner$3.evaluate(ParentRunner.java:306)
	at org.junit.runners.BlockJUnit4ClassRunner$1.evaluate(BlockJUnit4ClassRunner.java:100)
	at org.junit.runners.ParentRunner.runLeaf(ParentRunner.java:366)
	at org.junit.runners.BlockJUnit4ClassRunner.runChild(BlockJUnit4ClassRunner.java:103)
	at org.junit.runners.BlockJUnit4ClassRunner.runChild(BlockJUnit4ClassRunner.java:63)
	at org.junit.runners.ParentRunner$4.run(ParentRunner.java:331)
	at org.junit.runners.ParentRunner$1.schedule(ParentRunner.java:79)
	at org.junit.runners.ParentRunner.runChildren(ParentRunner.java:329)
	at org.junit.runners.ParentRunner.access$100(ParentRunner.java:66)
	at org.junit.runners.ParentRunner$2.evaluate(ParentRunner.java:293)
	at org.junit.internal.runners.statements.RunBefores.evaluate(RunBefores.java:26)
	at org.junit.internal.runners.statements.RunAfters.evaluate(RunAfters.java:27)
	at org.junit.runners.ParentRunner$3.evaluate(ParentRunner.java:306)
	at org.junit.runners.ParentRunner.run(ParentRunner.java:413)
	at org.apache.maven.surefire.junit4.JUnit4Provider.execute(JUnit4Provider.java:316)
	at org.apache.maven.surefire.junit4.JUnit4Provider.executeWithRerun(JUnit4Provider.java:240)
	at org.apache.maven.surefire.junit4.JUnit4Provider.executeTestSet(JUnit4Provider.java:214)
	at org.apache.maven.surefire.junit4.JUnit4Provider.invoke(JUnit4Provider.java:155)
	at org.apache.maven.surefire.booter.ForkedBooter.runSuitesInProcess(ForkedBooter.java:385)
	at org.apache.maven.surefire.booter.ForkedBooter.execute(ForkedBooter.java:162)
	at org.apache.maven.surefire.booter.ForkedBooter.run(ForkedBooter.java:507)
	at org.apache.maven.surefire.booter.ForkedBooter.main(ForkedBooter.java:495)
]]></system-err>
  </testcase>
  <testcase name="test08" classname="org.apache.avro.file.XZCodec_ESTest" time="0.181">
    <system-err><![CDATA[java.lang.SecurityException: Security manager blocks ("java.lang.RuntimePermission" "loadLibrary./tmp/snappy-1.1.8-00000000-0100-4000-8200-000003000000-libsnappyjava.so")
java.lang.Thread.getStackTrace(Thread.java:1564)
org.evosuite.runtime.sandbox.MSecurityManager.checkPermission(MSecurityManager.java:424)
java.lang.SecurityManager.checkLink(SecurityManager.java:835)
java.lang.Runtime.load0(Runtime.java:776)
java.lang.System.load(System.java:1100)
org.xerial.snappy.SnappyLoader.loadNativeLibrary(SnappyLoader.java:198)
org.xerial.snappy.SnappyLoader.loadSnappyApi(SnappyLoader.java:167)
org.xerial.snappy.Snappy.init(Snappy.java:69)
org.xerial.snappy.Snappy.__STATIC_RESET(Snappy.java:46)
sun.reflect.NativeMethodAccessorImpl.invoke0(Native Method)
sun.reflect.NativeMethodAccessorImpl.invoke(NativeMethodAccessorImpl.java:62)
sun.reflect.DelegatingMethodAccessorImpl.invoke(DelegatingMethodAccessorImpl.java:43)
java.lang.reflect.Method.invoke(Method.java:498)
org.evosuite.runtime.classhandling.ClassResetter.reset(ClassResetter.java:159)
org.evosuite.runtime.classhandling.ClassStateSupport.resetClasses(ClassStateSupport.java:137)
org.apache.avro.file.XZCodec_ESTest_scaffolding.resetClasses(XZCodec_ESTest_scaffolding.java:185)
org.apache.avro.file.XZCodec_ESTest_scaffolding.doneWithTestCase(XZCodec_ESTest_scaffolding.java:66)
sun.reflect.NativeMethodAccessorImpl.invoke0(Native Method)
sun.reflect.NativeMethodAccessorImpl.invoke(NativeMethodAccessorImpl.java:62)
sun.reflect.DelegatingMethodAccessorImpl.invoke(DelegatingMethodAccessorImpl.java:43)
java.lang.reflect.Method.invoke(Method.java:498)
org.junit.runners.model.FrameworkMethod$1.runReflectiveCall(FrameworkMethod.java:59)
org.junit.internal.runners.model.ReflectiveCallable.run(ReflectiveCallable.java:12)
org.junit.runners.model.FrameworkMethod.invokeExplosively(FrameworkMethod.java:56)
org.junit.internal.runners.statements.RunAfters.invokeMethod(RunAfters.java:46)
org.junit.internal.runners.statements.RunAfters.evaluate(RunAfters.java:33)
org.evosuite.runtime.vnet.NonFunctionalRequirementRule$1.evaluate(NonFunctionalRequirementRule.java:41)
org.junit.runners.ParentRunner$3.evaluate(ParentRunner.java:306)
org.junit.runners.BlockJUnit4ClassRunner$1.evaluate(BlockJUnit4ClassRunner.java:100)
org.junit.runners.ParentRunner.runLeaf(ParentRunner.java:366)
org.junit.runners.BlockJUnit4ClassRunner.runChild(BlockJUnit4ClassRunner.java:103)
org.junit.runners.BlockJUnit4ClassRunner.runChild(BlockJUnit4ClassRunner.java:63)
org.junit.runners.ParentRunner$4.run(ParentRunner.java:331)
org.junit.runners.ParentRunner$1.schedule(ParentRunner.java:79)
org.junit.runners.ParentRunner.runChildren(ParentRunner.java:329)
org.junit.runners.ParentRunner.access$100(ParentRunner.java:66)
org.junit.runners.ParentRunner$2.evaluate(ParentRunner.java:293)
org.junit.internal.runners.statements.RunBefores.evaluate(RunBefores.java:26)
org.junit.internal.runners.statements.RunAfters.evaluate(RunAfters.java:27)
org.junit.runners.ParentRunner$3.evaluate(ParentRunner.java:306)
org.junit.runners.ParentRunner.run(ParentRunner.java:413)
org.apache.maven.surefire.junit4.JUnit4Provider.execute(JUnit4Provider.java:316)
org.apache.maven.surefire.junit4.JUnit4Provider.executeWithRerun(JUnit4Provider.java:240)
org.apache.maven.surefire.junit4.JUnit4Provider.executeTestSet(JUnit4Provider.java:214)
org.apache.maven.surefire.junit4.JUnit4Provider.invoke(JUnit4Provider.java:155)
org.apache.maven.surefire.booter.ForkedBooter.runSuitesInProcess(ForkedBooter.java:385)
org.apache.maven.surefire.booter.ForkedBooter.execute(ForkedBooter.java:162)
org.apache.maven.surefire.booter.ForkedBooter.run(ForkedBooter.java:507)
org.apache.maven.surefire.booter.ForkedBooter.main(ForkedBooter.java:495)

	at org.evosuite.runtime.sandbox.MSecurityManager.checkPermission(MSecurityManager.java:436)
	at java.lang.SecurityManager.checkLink(SecurityManager.java:835)
	at java.lang.Runtime.load0(Runtime.java:776)
	at java.lang.System.load(System.java:1100)
	at org.xerial.snappy.SnappyLoader.loadNativeLibrary(SnappyLoader.java:198)
	at org.xerial.snappy.SnappyLoader.loadSnappyApi(SnappyLoader.java:167)
	at org.xerial.snappy.Snappy.init(Snappy.java:69)
	at org.xerial.snappy.Snappy.__STATIC_RESET(Snappy.java:46)
	at sun.reflect.NativeMethodAccessorImpl.invoke0(Native Method)
	at sun.reflect.NativeMethodAccessorImpl.invoke(NativeMethodAccessorImpl.java:62)
	at sun.reflect.DelegatingMethodAccessorImpl.invoke(DelegatingMethodAccessorImpl.java:43)
	at java.lang.reflect.Method.invoke(Method.java:498)
	at org.evosuite.runtime.classhandling.ClassResetter.reset(ClassResetter.java:159)
	at org.evosuite.runtime.classhandling.ClassStateSupport.resetClasses(ClassStateSupport.java:137)
	at org.apache.avro.file.XZCodec_ESTest_scaffolding.resetClasses(XZCodec_ESTest_scaffolding.java:185)
	at org.apache.avro.file.XZCodec_ESTest_scaffolding.doneWithTestCase(XZCodec_ESTest_scaffolding.java:66)
	at sun.reflect.NativeMethodAccessorImpl.invoke0(Native Method)
	at sun.reflect.NativeMethodAccessorImpl.invoke(NativeMethodAccessorImpl.java:62)
	at sun.reflect.DelegatingMethodAccessorImpl.invoke(DelegatingMethodAccessorImpl.java:43)
	at java.lang.reflect.Method.invoke(Method.java:498)
	at org.junit.runners.model.FrameworkMethod$1.runReflectiveCall(FrameworkMethod.java:59)
	at org.junit.internal.runners.model.ReflectiveCallable.run(ReflectiveCallable.java:12)
	at org.junit.runners.model.FrameworkMethod.invokeExplosively(FrameworkMethod.java:56)
	at org.junit.internal.runners.statements.RunAfters.invokeMethod(RunAfters.java:46)
	at org.junit.internal.runners.statements.RunAfters.evaluate(RunAfters.java:33)
	at org.evosuite.runtime.vnet.NonFunctionalRequirementRule$1.evaluate(NonFunctionalRequirementRule.java:41)
	at org.junit.runners.ParentRunner$3.evaluate(ParentRunner.java:306)
	at org.junit.runners.BlockJUnit4ClassRunner$1.evaluate(BlockJUnit4ClassRunner.java:100)
	at org.junit.runners.ParentRunner.runLeaf(ParentRunner.java:366)
	at org.junit.runners.BlockJUnit4ClassRunner.runChild(BlockJUnit4ClassRunner.java:103)
	at org.junit.runners.BlockJUnit4ClassRunner.runChild(BlockJUnit4ClassRunner.java:63)
	at org.junit.runners.ParentRunner$4.run(ParentRunner.java:331)
	at org.junit.runners.ParentRunner$1.schedule(ParentRunner.java:79)
	at org.junit.runners.ParentRunner.runChildren(ParentRunner.java:329)
	at org.junit.runners.ParentRunner.access$100(ParentRunner.java:66)
	at org.junit.runners.ParentRunner$2.evaluate(ParentRunner.java:293)
	at org.junit.internal.runners.statements.RunBefores.evaluate(RunBefores.java:26)
	at org.junit.internal.runners.statements.RunAfters.evaluate(RunAfters.java:27)
	at org.junit.runners.ParentRunner$3.evaluate(ParentRunner.java:306)
	at org.junit.runners.ParentRunner.run(ParentRunner.java:413)
	at org.apache.maven.surefire.junit4.JUnit4Provider.execute(JUnit4Provider.java:316)
	at org.apache.maven.surefire.junit4.JUnit4Provider.executeWithRerun(JUnit4Provider.java:240)
	at org.apache.maven.surefire.junit4.JUnit4Provider.executeTestSet(JUnit4Provider.java:214)
	at org.apache.maven.surefire.junit4.JUnit4Provider.invoke(JUnit4Provider.java:155)
	at org.apache.maven.surefire.booter.ForkedBooter.runSuitesInProcess(ForkedBooter.java:385)
	at org.apache.maven.surefire.booter.ForkedBooter.execute(ForkedBooter.java:162)
	at org.apache.maven.surefire.booter.ForkedBooter.run(ForkedBooter.java:507)
	at org.apache.maven.surefire.booter.ForkedBooter.main(ForkedBooter.java:495)
]]></system-err>
  </testcase>
  <testcase name="test19" classname="org.apache.avro.file.XZCodec_ESTest" time="0.146">
    <system-err><![CDATA[java.lang.SecurityException: Security manager blocks ("java.lang.RuntimePermission" "loadLibrary./tmp/snappy-1.1.8-00000000-0100-4000-8200-000003000000-libsnappyjava.so")
java.lang.Thread.getStackTrace(Thread.java:1564)
org.evosuite.runtime.sandbox.MSecurityManager.checkPermission(MSecurityManager.java:424)
java.lang.SecurityManager.checkLink(SecurityManager.java:835)
java.lang.Runtime.load0(Runtime.java:776)
java.lang.System.load(System.java:1100)
org.xerial.snappy.SnappyLoader.loadNativeLibrary(SnappyLoader.java:198)
org.xerial.snappy.SnappyLoader.loadSnappyApi(SnappyLoader.java:167)
org.xerial.snappy.Snappy.init(Snappy.java:69)
org.xerial.snappy.Snappy.__STATIC_RESET(Snappy.java:46)
sun.reflect.NativeMethodAccessorImpl.invoke0(Native Method)
sun.reflect.NativeMethodAccessorImpl.invoke(NativeMethodAccessorImpl.java:62)
sun.reflect.DelegatingMethodAccessorImpl.invoke(DelegatingMethodAccessorImpl.java:43)
java.lang.reflect.Method.invoke(Method.java:498)
org.evosuite.runtime.classhandling.ClassResetter.reset(ClassResetter.java:159)
org.evosuite.runtime.classhandling.ClassStateSupport.resetClasses(ClassStateSupport.java:137)
org.apache.avro.file.XZCodec_ESTest_scaffolding.resetClasses(XZCodec_ESTest_scaffolding.java:185)
org.apache.avro.file.XZCodec_ESTest_scaffolding.doneWithTestCase(XZCodec_ESTest_scaffolding.java:66)
sun.reflect.NativeMethodAccessorImpl.invoke0(Native Method)
sun.reflect.NativeMethodAccessorImpl.invoke(NativeMethodAccessorImpl.java:62)
sun.reflect.DelegatingMethodAccessorImpl.invoke(DelegatingMethodAccessorImpl.java:43)
java.lang.reflect.Method.invoke(Method.java:498)
org.junit.runners.model.FrameworkMethod$1.runReflectiveCall(FrameworkMethod.java:59)
org.junit.internal.runners.model.ReflectiveCallable.run(ReflectiveCallable.java:12)
org.junit.runners.model.FrameworkMethod.invokeExplosively(FrameworkMethod.java:56)
org.junit.internal.runners.statements.RunAfters.invokeMethod(RunAfters.java:46)
org.junit.internal.runners.statements.RunAfters.evaluate(RunAfters.java:33)
org.evosuite.runtime.vnet.NonFunctionalRequirementRule$1.evaluate(NonFunctionalRequirementRule.java:41)
org.junit.runners.ParentRunner$3.evaluate(ParentRunner.java:306)
org.junit.runners.BlockJUnit4ClassRunner$1.evaluate(BlockJUnit4ClassRunner.java:100)
org.junit.runners.ParentRunner.runLeaf(ParentRunner.java:366)
org.junit.runners.BlockJUnit4ClassRunner.runChild(BlockJUnit4ClassRunner.java:103)
org.junit.runners.BlockJUnit4ClassRunner.runChild(BlockJUnit4ClassRunner.java:63)
org.junit.runners.ParentRunner$4.run(ParentRunner.java:331)
org.junit.runners.ParentRunner$1.schedule(ParentRunner.java:79)
org.junit.runners.ParentRunner.runChildren(ParentRunner.java:329)
org.junit.runners.ParentRunner.access$100(ParentRunner.java:66)
org.junit.runners.ParentRunner$2.evaluate(ParentRunner.java:293)
org.junit.internal.runners.statements.RunBefores.evaluate(RunBefores.java:26)
org.junit.internal.runners.statements.RunAfters.evaluate(RunAfters.java:27)
org.junit.runners.ParentRunner$3.evaluate(ParentRunner.java:306)
org.junit.runners.ParentRunner.run(ParentRunner.java:413)
org.apache.maven.surefire.junit4.JUnit4Provider.execute(JUnit4Provider.java:316)
org.apache.maven.surefire.junit4.JUnit4Provider.executeWithRerun(JUnit4Provider.java:240)
org.apache.maven.surefire.junit4.JUnit4Provider.executeTestSet(JUnit4Provider.java:214)
org.apache.maven.surefire.junit4.JUnit4Provider.invoke(JUnit4Provider.java:155)
org.apache.maven.surefire.booter.ForkedBooter.runSuitesInProcess(ForkedBooter.java:385)
org.apache.maven.surefire.booter.ForkedBooter.execute(ForkedBooter.java:162)
org.apache.maven.surefire.booter.ForkedBooter.run(ForkedBooter.java:507)
org.apache.maven.surefire.booter.ForkedBooter.main(ForkedBooter.java:495)

	at org.evosuite.runtime.sandbox.MSecurityManager.checkPermission(MSecurityManager.java:436)
	at java.lang.SecurityManager.checkLink(SecurityManager.java:835)
	at java.lang.Runtime.load0(Runtime.java:776)
	at java.lang.System.load(System.java:1100)
	at org.xerial.snappy.SnappyLoader.loadNativeLibrary(SnappyLoader.java:198)
	at org.xerial.snappy.SnappyLoader.loadSnappyApi(SnappyLoader.java:167)
	at org.xerial.snappy.Snappy.init(Snappy.java:69)
	at org.xerial.snappy.Snappy.__STATIC_RESET(Snappy.java:46)
	at sun.reflect.NativeMethodAccessorImpl.invoke0(Native Method)
	at sun.reflect.NativeMethodAccessorImpl.invoke(NativeMethodAccessorImpl.java:62)
	at sun.reflect.DelegatingMethodAccessorImpl.invoke(DelegatingMethodAccessorImpl.java:43)
	at java.lang.reflect.Method.invoke(Method.java:498)
	at org.evosuite.runtime.classhandling.ClassResetter.reset(ClassResetter.java:159)
	at org.evosuite.runtime.classhandling.ClassStateSupport.resetClasses(ClassStateSupport.java:137)
	at org.apache.avro.file.XZCodec_ESTest_scaffolding.resetClasses(XZCodec_ESTest_scaffolding.java:185)
	at org.apache.avro.file.XZCodec_ESTest_scaffolding.doneWithTestCase(XZCodec_ESTest_scaffolding.java:66)
	at sun.reflect.NativeMethodAccessorImpl.invoke0(Native Method)
	at sun.reflect.NativeMethodAccessorImpl.invoke(NativeMethodAccessorImpl.java:62)
	at sun.reflect.DelegatingMethodAccessorImpl.invoke(DelegatingMethodAccessorImpl.java:43)
	at java.lang.reflect.Method.invoke(Method.java:498)
	at org.junit.runners.model.FrameworkMethod$1.runReflectiveCall(FrameworkMethod.java:59)
	at org.junit.internal.runners.model.ReflectiveCallable.run(ReflectiveCallable.java:12)
	at org.junit.runners.model.FrameworkMethod.invokeExplosively(FrameworkMethod.java:56)
	at org.junit.internal.runners.statements.RunAfters.invokeMethod(RunAfters.java:46)
	at org.junit.internal.runners.statements.RunAfters.evaluate(RunAfters.java:33)
	at org.evosuite.runtime.vnet.NonFunctionalRequirementRule$1.evaluate(NonFunctionalRequirementRule.java:41)
	at org.junit.runners.ParentRunner$3.evaluate(ParentRunner.java:306)
	at org.junit.runners.BlockJUnit4ClassRunner$1.evaluate(BlockJUnit4ClassRunner.java:100)
	at org.junit.runners.ParentRunner.runLeaf(ParentRunner.java:366)
	at org.junit.runners.BlockJUnit4ClassRunner.runChild(BlockJUnit4ClassRunner.java:103)
	at org.junit.runners.BlockJUnit4ClassRunner.runChild(BlockJUnit4ClassRunner.java:63)
	at org.junit.runners.ParentRunner$4.run(ParentRunner.java:331)
	at org.junit.runners.ParentRunner$1.schedule(ParentRunner.java:79)
	at org.junit.runners.ParentRunner.runChildren(ParentRunner.java:329)
	at org.junit.runners.ParentRunner.access$100(ParentRunner.java:66)
	at org.junit.runners.ParentRunner$2.evaluate(ParentRunner.java:293)
	at org.junit.internal.runners.statements.RunBefores.evaluate(RunBefores.java:26)
	at org.junit.internal.runners.statements.RunAfters.evaluate(RunAfters.java:27)
	at org.junit.runners.ParentRunner$3.evaluate(ParentRunner.java:306)
	at org.junit.runners.ParentRunner.run(ParentRunner.java:413)
	at org.apache.maven.surefire.junit4.JUnit4Provider.execute(JUnit4Provider.java:316)
	at org.apache.maven.surefire.junit4.JUnit4Provider.executeWithRerun(JUnit4Provider.java:240)
	at org.apache.maven.surefire.junit4.JUnit4Provider.executeTestSet(JUnit4Provider.java:214)
	at org.apache.maven.surefire.junit4.JUnit4Provider.invoke(JUnit4Provider.java:155)
	at org.apache.maven.surefire.booter.ForkedBooter.runSuitesInProcess(ForkedBooter.java:385)
	at org.apache.maven.surefire.booter.ForkedBooter.execute(ForkedBooter.java:162)
	at org.apache.maven.surefire.booter.ForkedBooter.run(ForkedBooter.java:507)
	at org.apache.maven.surefire.booter.ForkedBooter.main(ForkedBooter.java:495)
]]></system-err>
  </testcase>
  <testcase name="test09" classname="org.apache.avro.file.XZCodec_ESTest" time="0.151">
    <system-err><![CDATA[java.lang.SecurityException: Security manager blocks ("java.lang.RuntimePermission" "loadLibrary./tmp/snappy-1.1.8-00000000-0100-4000-8200-000003000000-libsnappyjava.so")
java.lang.Thread.getStackTrace(Thread.java:1564)
org.evosuite.runtime.sandbox.MSecurityManager.checkPermission(MSecurityManager.java:424)
java.lang.SecurityManager.checkLink(SecurityManager.java:835)
java.lang.Runtime.load0(Runtime.java:776)
java.lang.System.load(System.java:1100)
org.xerial.snappy.SnappyLoader.loadNativeLibrary(SnappyLoader.java:198)
org.xerial.snappy.SnappyLoader.loadSnappyApi(SnappyLoader.java:167)
org.xerial.snappy.Snappy.init(Snappy.java:69)
org.xerial.snappy.Snappy.__STATIC_RESET(Snappy.java:46)
sun.reflect.NativeMethodAccessorImpl.invoke0(Native Method)
sun.reflect.NativeMethodAccessorImpl.invoke(NativeMethodAccessorImpl.java:62)
sun.reflect.DelegatingMethodAccessorImpl.invoke(DelegatingMethodAccessorImpl.java:43)
java.lang.reflect.Method.invoke(Method.java:498)
org.evosuite.runtime.classhandling.ClassResetter.reset(ClassResetter.java:159)
org.evosuite.runtime.classhandling.ClassStateSupport.resetClasses(ClassStateSupport.java:137)
org.apache.avro.file.XZCodec_ESTest_scaffolding.resetClasses(XZCodec_ESTest_scaffolding.java:185)
org.apache.avro.file.XZCodec_ESTest_scaffolding.doneWithTestCase(XZCodec_ESTest_scaffolding.java:66)
sun.reflect.NativeMethodAccessorImpl.invoke0(Native Method)
sun.reflect.NativeMethodAccessorImpl.invoke(NativeMethodAccessorImpl.java:62)
sun.reflect.DelegatingMethodAccessorImpl.invoke(DelegatingMethodAccessorImpl.java:43)
java.lang.reflect.Method.invoke(Method.java:498)
org.junit.runners.model.FrameworkMethod$1.runReflectiveCall(FrameworkMethod.java:59)
org.junit.internal.runners.model.ReflectiveCallable.run(ReflectiveCallable.java:12)
org.junit.runners.model.FrameworkMethod.invokeExplosively(FrameworkMethod.java:56)
org.junit.internal.runners.statements.RunAfters.invokeMethod(RunAfters.java:46)
org.junit.internal.runners.statements.RunAfters.evaluate(RunAfters.java:33)
org.evosuite.runtime.vnet.NonFunctionalRequirementRule$1.evaluate(NonFunctionalRequirementRule.java:41)
org.junit.runners.ParentRunner$3.evaluate(ParentRunner.java:306)
org.junit.runners.BlockJUnit4ClassRunner$1.evaluate(BlockJUnit4ClassRunner.java:100)
org.junit.runners.ParentRunner.runLeaf(ParentRunner.java:366)
org.junit.runners.BlockJUnit4ClassRunner.runChild(BlockJUnit4ClassRunner.java:103)
org.junit.runners.BlockJUnit4ClassRunner.runChild(BlockJUnit4ClassRunner.java:63)
org.junit.runners.ParentRunner$4.run(ParentRunner.java:331)
org.junit.runners.ParentRunner$1.schedule(ParentRunner.java:79)
org.junit.runners.ParentRunner.runChildren(ParentRunner.java:329)
org.junit.runners.ParentRunner.access$100(ParentRunner.java:66)
org.junit.runners.ParentRunner$2.evaluate(ParentRunner.java:293)
org.junit.internal.runners.statements.RunBefores.evaluate(RunBefores.java:26)
org.junit.internal.runners.statements.RunAfters.evaluate(RunAfters.java:27)
org.junit.runners.ParentRunner$3.evaluate(ParentRunner.java:306)
org.junit.runners.ParentRunner.run(ParentRunner.java:413)
org.apache.maven.surefire.junit4.JUnit4Provider.execute(JUnit4Provider.java:316)
org.apache.maven.surefire.junit4.JUnit4Provider.executeWithRerun(JUnit4Provider.java:240)
org.apache.maven.surefire.junit4.JUnit4Provider.executeTestSet(JUnit4Provider.java:214)
org.apache.maven.surefire.junit4.JUnit4Provider.invoke(JUnit4Provider.java:155)
org.apache.maven.surefire.booter.ForkedBooter.runSuitesInProcess(ForkedBooter.java:385)
org.apache.maven.surefire.booter.ForkedBooter.execute(ForkedBooter.java:162)
org.apache.maven.surefire.booter.ForkedBooter.run(ForkedBooter.java:507)
org.apache.maven.surefire.booter.ForkedBooter.main(ForkedBooter.java:495)

	at org.evosuite.runtime.sandbox.MSecurityManager.checkPermission(MSecurityManager.java:436)
	at java.lang.SecurityManager.checkLink(SecurityManager.java:835)
	at java.lang.Runtime.load0(Runtime.java:776)
	at java.lang.System.load(System.java:1100)
	at org.xerial.snappy.SnappyLoader.loadNativeLibrary(SnappyLoader.java:198)
	at org.xerial.snappy.SnappyLoader.loadSnappyApi(SnappyLoader.java:167)
	at org.xerial.snappy.Snappy.init(Snappy.java:69)
	at org.xerial.snappy.Snappy.__STATIC_RESET(Snappy.java:46)
	at sun.reflect.NativeMethodAccessorImpl.invoke0(Native Method)
	at sun.reflect.NativeMethodAccessorImpl.invoke(NativeMethodAccessorImpl.java:62)
	at sun.reflect.DelegatingMethodAccessorImpl.invoke(DelegatingMethodAccessorImpl.java:43)
	at java.lang.reflect.Method.invoke(Method.java:498)
	at org.evosuite.runtime.classhandling.ClassResetter.reset(ClassResetter.java:159)
	at org.evosuite.runtime.classhandling.ClassStateSupport.resetClasses(ClassStateSupport.java:137)
	at org.apache.avro.file.XZCodec_ESTest_scaffolding.resetClasses(XZCodec_ESTest_scaffolding.java:185)
	at org.apache.avro.file.XZCodec_ESTest_scaffolding.doneWithTestCase(XZCodec_ESTest_scaffolding.java:66)
	at sun.reflect.NativeMethodAccessorImpl.invoke0(Native Method)
	at sun.reflect.NativeMethodAccessorImpl.invoke(NativeMethodAccessorImpl.java:62)
	at sun.reflect.DelegatingMethodAccessorImpl.invoke(DelegatingMethodAccessorImpl.java:43)
	at java.lang.reflect.Method.invoke(Method.java:498)
	at org.junit.runners.model.FrameworkMethod$1.runReflectiveCall(FrameworkMethod.java:59)
	at org.junit.internal.runners.model.ReflectiveCallable.run(ReflectiveCallable.java:12)
	at org.junit.runners.model.FrameworkMethod.invokeExplosively(FrameworkMethod.java:56)
	at org.junit.internal.runners.statements.RunAfters.invokeMethod(RunAfters.java:46)
	at org.junit.internal.runners.statements.RunAfters.evaluate(RunAfters.java:33)
	at org.evosuite.runtime.vnet.NonFunctionalRequirementRule$1.evaluate(NonFunctionalRequirementRule.java:41)
	at org.junit.runners.ParentRunner$3.evaluate(ParentRunner.java:306)
	at org.junit.runners.BlockJUnit4ClassRunner$1.evaluate(BlockJUnit4ClassRunner.java:100)
	at org.junit.runners.ParentRunner.runLeaf(ParentRunner.java:366)
	at org.junit.runners.BlockJUnit4ClassRunner.runChild(BlockJUnit4ClassRunner.java:103)
	at org.junit.runners.BlockJUnit4ClassRunner.runChild(BlockJUnit4ClassRunner.java:63)
	at org.junit.runners.ParentRunner$4.run(ParentRunner.java:331)
	at org.junit.runners.ParentRunner$1.schedule(ParentRunner.java:79)
	at org.junit.runners.ParentRunner.runChildren(ParentRunner.java:329)
	at org.junit.runners.ParentRunner.access$100(ParentRunner.java:66)
	at org.junit.runners.ParentRunner$2.evaluate(ParentRunner.java:293)
	at org.junit.internal.runners.statements.RunBefores.evaluate(RunBefores.java:26)
	at org.junit.internal.runners.statements.RunAfters.evaluate(RunAfters.java:27)
	at org.junit.runners.ParentRunner$3.evaluate(ParentRunner.java:306)
	at org.junit.runners.ParentRunner.run(ParentRunner.java:413)
	at org.apache.maven.surefire.junit4.JUnit4Provider.execute(JUnit4Provider.java:316)
	at org.apache.maven.surefire.junit4.JUnit4Provider.executeWithRerun(JUnit4Provider.java:240)
	at org.apache.maven.surefire.junit4.JUnit4Provider.executeTestSet(JUnit4Provider.java:214)
	at org.apache.maven.surefire.junit4.JUnit4Provider.invoke(JUnit4Provider.java:155)
	at org.apache.maven.surefire.booter.ForkedBooter.runSuitesInProcess(ForkedBooter.java:385)
	at org.apache.maven.surefire.booter.ForkedBooter.execute(ForkedBooter.java:162)
	at org.apache.maven.surefire.booter.ForkedBooter.run(ForkedBooter.java:507)
	at org.apache.maven.surefire.booter.ForkedBooter.main(ForkedBooter.java:495)
]]></system-err>
  </testcase>
  <testcase name="test06" classname="org.apache.avro.file.XZCodec_ESTest" time="0.25">
    <system-err><![CDATA[java.lang.SecurityException: Security manager blocks ("java.lang.RuntimePermission" "loadLibrary./tmp/snappy-1.1.8-00000000-0100-4000-8200-000003000000-libsnappyjava.so")
java.lang.Thread.getStackTrace(Thread.java:1564)
org.evosuite.runtime.sandbox.MSecurityManager.checkPermission(MSecurityManager.java:424)
java.lang.SecurityManager.checkLink(SecurityManager.java:835)
java.lang.Runtime.load0(Runtime.java:776)
java.lang.System.load(System.java:1100)
org.xerial.snappy.SnappyLoader.loadNativeLibrary(SnappyLoader.java:198)
org.xerial.snappy.SnappyLoader.loadSnappyApi(SnappyLoader.java:167)
org.xerial.snappy.Snappy.init(Snappy.java:69)
org.xerial.snappy.Snappy.__STATIC_RESET(Snappy.java:46)
sun.reflect.GeneratedMethodAccessor425.invoke(Unknown Source)
sun.reflect.DelegatingMethodAccessorImpl.invoke(DelegatingMethodAccessorImpl.java:43)
java.lang.reflect.Method.invoke(Method.java:498)
org.evosuite.runtime.classhandling.ClassResetter.reset(ClassResetter.java:159)
org.evosuite.runtime.classhandling.ClassStateSupport.resetClasses(ClassStateSupport.java:137)
org.apache.avro.file.XZCodec_ESTest_scaffolding.resetClasses(XZCodec_ESTest_scaffolding.java:185)
org.apache.avro.file.XZCodec_ESTest_scaffolding.doneWithTestCase(XZCodec_ESTest_scaffolding.java:66)
sun.reflect.GeneratedMethodAccessor412.invoke(Unknown Source)
sun.reflect.DelegatingMethodAccessorImpl.invoke(DelegatingMethodAccessorImpl.java:43)
java.lang.reflect.Method.invoke(Method.java:498)
org.junit.runners.model.FrameworkMethod$1.runReflectiveCall(FrameworkMethod.java:59)
org.junit.internal.runners.model.ReflectiveCallable.run(ReflectiveCallable.java:12)
org.junit.runners.model.FrameworkMethod.invokeExplosively(FrameworkMethod.java:56)
org.junit.internal.runners.statements.RunAfters.invokeMethod(RunAfters.java:46)
org.junit.internal.runners.statements.RunAfters.evaluate(RunAfters.java:33)
org.evosuite.runtime.vnet.NonFunctionalRequirementRule$1.evaluate(NonFunctionalRequirementRule.java:41)
org.junit.runners.ParentRunner$3.evaluate(ParentRunner.java:306)
org.junit.runners.BlockJUnit4ClassRunner$1.evaluate(BlockJUnit4ClassRunner.java:100)
org.junit.runners.ParentRunner.runLeaf(ParentRunner.java:366)
org.junit.runners.BlockJUnit4ClassRunner.runChild(BlockJUnit4ClassRunner.java:103)
org.junit.runners.BlockJUnit4ClassRunner.runChild(BlockJUnit4ClassRunner.java:63)
org.junit.runners.ParentRunner$4.run(ParentRunner.java:331)
org.junit.runners.ParentRunner$1.schedule(ParentRunner.java:79)
org.junit.runners.ParentRunner.runChildren(ParentRunner.java:329)
org.junit.runners.ParentRunner.access$100(ParentRunner.java:66)
org.junit.runners.ParentRunner$2.evaluate(ParentRunner.java:293)
org.junit.internal.runners.statements.RunBefores.evaluate(RunBefores.java:26)
org.junit.internal.runners.statements.RunAfters.evaluate(RunAfters.java:27)
org.junit.runners.ParentRunner$3.evaluate(ParentRunner.java:306)
org.junit.runners.ParentRunner.run(ParentRunner.java:413)
org.apache.maven.surefire.junit4.JUnit4Provider.execute(JUnit4Provider.java:316)
org.apache.maven.surefire.junit4.JUnit4Provider.executeWithRerun(JUnit4Provider.java:240)
org.apache.maven.surefire.junit4.JUnit4Provider.executeTestSet(JUnit4Provider.java:214)
org.apache.maven.surefire.junit4.JUnit4Provider.invoke(JUnit4Provider.java:155)
org.apache.maven.surefire.booter.ForkedBooter.runSuitesInProcess(ForkedBooter.java:385)
org.apache.maven.surefire.booter.ForkedBooter.execute(ForkedBooter.java:162)
org.apache.maven.surefire.booter.ForkedBooter.run(ForkedBooter.java:507)
org.apache.maven.surefire.booter.ForkedBooter.main(ForkedBooter.java:495)

	at org.evosuite.runtime.sandbox.MSecurityManager.checkPermission(MSecurityManager.java:436)
	at java.lang.SecurityManager.checkLink(SecurityManager.java:835)
	at java.lang.Runtime.load0(Runtime.java:776)
	at java.lang.System.load(System.java:1100)
	at org.xerial.snappy.SnappyLoader.loadNativeLibrary(SnappyLoader.java:198)
	at org.xerial.snappy.SnappyLoader.loadSnappyApi(SnappyLoader.java:167)
	at org.xerial.snappy.Snappy.init(Snappy.java:69)
	at org.xerial.snappy.Snappy.__STATIC_RESET(Snappy.java:46)
	at sun.reflect.GeneratedMethodAccessor425.invoke(Unknown Source)
	at sun.reflect.DelegatingMethodAccessorImpl.invoke(DelegatingMethodAccessorImpl.java:43)
	at java.lang.reflect.Method.invoke(Method.java:498)
	at org.evosuite.runtime.classhandling.ClassResetter.reset(ClassResetter.java:159)
	at org.evosuite.runtime.classhandling.ClassStateSupport.resetClasses(ClassStateSupport.java:137)
	at org.apache.avro.file.XZCodec_ESTest_scaffolding.resetClasses(XZCodec_ESTest_scaffolding.java:185)
	at org.apache.avro.file.XZCodec_ESTest_scaffolding.doneWithTestCase(XZCodec_ESTest_scaffolding.java:66)
	at sun.reflect.GeneratedMethodAccessor412.invoke(Unknown Source)
	at sun.reflect.DelegatingMethodAccessorImpl.invoke(DelegatingMethodAccessorImpl.java:43)
	at java.lang.reflect.Method.invoke(Method.java:498)
	at org.junit.runners.model.FrameworkMethod$1.runReflectiveCall(FrameworkMethod.java:59)
	at org.junit.internal.runners.model.ReflectiveCallable.run(ReflectiveCallable.java:12)
	at org.junit.runners.model.FrameworkMethod.invokeExplosively(FrameworkMethod.java:56)
	at org.junit.internal.runners.statements.RunAfters.invokeMethod(RunAfters.java:46)
	at org.junit.internal.runners.statements.RunAfters.evaluate(RunAfters.java:33)
	at org.evosuite.runtime.vnet.NonFunctionalRequirementRule$1.evaluate(NonFunctionalRequirementRule.java:41)
	at org.junit.runners.ParentRunner$3.evaluate(ParentRunner.java:306)
	at org.junit.runners.BlockJUnit4ClassRunner$1.evaluate(BlockJUnit4ClassRunner.java:100)
	at org.junit.runners.ParentRunner.runLeaf(ParentRunner.java:366)
	at org.junit.runners.BlockJUnit4ClassRunner.runChild(BlockJUnit4ClassRunner.java:103)
	at org.junit.runners.BlockJUnit4ClassRunner.runChild(BlockJUnit4ClassRunner.java:63)
	at org.junit.runners.ParentRunner$4.run(ParentRunner.java:331)
	at org.junit.runners.ParentRunner$1.schedule(ParentRunner.java:79)
	at org.junit.runners.ParentRunner.runChildren(ParentRunner.java:329)
	at org.junit.runners.ParentRunner.access$100(ParentRunner.java:66)
	at org.junit.runners.ParentRunner$2.evaluate(ParentRunner.java:293)
	at org.junit.internal.runners.statements.RunBefores.evaluate(RunBefores.java:26)
	at org.junit.internal.runners.statements.RunAfters.evaluate(RunAfters.java:27)
	at org.junit.runners.ParentRunner$3.evaluate(ParentRunner.java:306)
	at org.junit.runners.ParentRunner.run(ParentRunner.java:413)
	at org.apache.maven.surefire.junit4.JUnit4Provider.execute(JUnit4Provider.java:316)
	at org.apache.maven.surefire.junit4.JUnit4Provider.executeWithRerun(JUnit4Provider.java:240)
	at org.apache.maven.surefire.junit4.JUnit4Provider.executeTestSet(JUnit4Provider.java:214)
	at org.apache.maven.surefire.junit4.JUnit4Provider.invoke(JUnit4Provider.java:155)
	at org.apache.maven.surefire.booter.ForkedBooter.runSuitesInProcess(ForkedBooter.java:385)
	at org.apache.maven.surefire.booter.ForkedBooter.execute(ForkedBooter.java:162)
	at org.apache.maven.surefire.booter.ForkedBooter.run(ForkedBooter.java:507)
	at org.apache.maven.surefire.booter.ForkedBooter.main(ForkedBooter.java:495)
]]></system-err>
  </testcase>
  <testcase name="test17" classname="org.apache.avro.file.XZCodec_ESTest" time="0.165">
    <system-err><![CDATA[java.lang.SecurityException: Security manager blocks ("java.lang.RuntimePermission" "loadLibrary./tmp/snappy-1.1.8-00000000-0100-4000-8200-000003000000-libsnappyjava.so")
java.lang.Thread.getStackTrace(Thread.java:1564)
org.evosuite.runtime.sandbox.MSecurityManager.checkPermission(MSecurityManager.java:424)
java.lang.SecurityManager.checkLink(SecurityManager.java:835)
java.lang.Runtime.load0(Runtime.java:776)
java.lang.System.load(System.java:1100)
org.xerial.snappy.SnappyLoader.loadNativeLibrary(SnappyLoader.java:198)
org.xerial.snappy.SnappyLoader.loadSnappyApi(SnappyLoader.java:167)
org.xerial.snappy.Snappy.init(Snappy.java:69)
org.xerial.snappy.Snappy.__STATIC_RESET(Snappy.java:46)
sun.reflect.GeneratedMethodAccessor425.invoke(Unknown Source)
sun.reflect.DelegatingMethodAccessorImpl.invoke(DelegatingMethodAccessorImpl.java:43)
java.lang.reflect.Method.invoke(Method.java:498)
org.evosuite.runtime.classhandling.ClassResetter.reset(ClassResetter.java:159)
org.evosuite.runtime.classhandling.ClassStateSupport.resetClasses(ClassStateSupport.java:137)
org.apache.avro.file.XZCodec_ESTest_scaffolding.resetClasses(XZCodec_ESTest_scaffolding.java:185)
org.apache.avro.file.XZCodec_ESTest_scaffolding.doneWithTestCase(XZCodec_ESTest_scaffolding.java:66)
sun.reflect.GeneratedMethodAccessor412.invoke(Unknown Source)
sun.reflect.DelegatingMethodAccessorImpl.invoke(DelegatingMethodAccessorImpl.java:43)
java.lang.reflect.Method.invoke(Method.java:498)
org.junit.runners.model.FrameworkMethod$1.runReflectiveCall(FrameworkMethod.java:59)
org.junit.internal.runners.model.ReflectiveCallable.run(ReflectiveCallable.java:12)
org.junit.runners.model.FrameworkMethod.invokeExplosively(FrameworkMethod.java:56)
org.junit.internal.runners.statements.RunAfters.invokeMethod(RunAfters.java:46)
org.junit.internal.runners.statements.RunAfters.evaluate(RunAfters.java:33)
org.evosuite.runtime.vnet.NonFunctionalRequirementRule$1.evaluate(NonFunctionalRequirementRule.java:41)
org.junit.runners.ParentRunner$3.evaluate(ParentRunner.java:306)
org.junit.runners.BlockJUnit4ClassRunner$1.evaluate(BlockJUnit4ClassRunner.java:100)
org.junit.runners.ParentRunner.runLeaf(ParentRunner.java:366)
org.junit.runners.BlockJUnit4ClassRunner.runChild(BlockJUnit4ClassRunner.java:103)
org.junit.runners.BlockJUnit4ClassRunner.runChild(BlockJUnit4ClassRunner.java:63)
org.junit.runners.ParentRunner$4.run(ParentRunner.java:331)
org.junit.runners.ParentRunner$1.schedule(ParentRunner.java:79)
org.junit.runners.ParentRunner.runChildren(ParentRunner.java:329)
org.junit.runners.ParentRunner.access$100(ParentRunner.java:66)
org.junit.runners.ParentRunner$2.evaluate(ParentRunner.java:293)
org.junit.internal.runners.statements.RunBefores.evaluate(RunBefores.java:26)
org.junit.internal.runners.statements.RunAfters.evaluate(RunAfters.java:27)
org.junit.runners.ParentRunner$3.evaluate(ParentRunner.java:306)
org.junit.runners.ParentRunner.run(ParentRunner.java:413)
org.apache.maven.surefire.junit4.JUnit4Provider.execute(JUnit4Provider.java:316)
org.apache.maven.surefire.junit4.JUnit4Provider.executeWithRerun(JUnit4Provider.java:240)
org.apache.maven.surefire.junit4.JUnit4Provider.executeTestSet(JUnit4Provider.java:214)
org.apache.maven.surefire.junit4.JUnit4Provider.invoke(JUnit4Provider.java:155)
org.apache.maven.surefire.booter.ForkedBooter.runSuitesInProcess(ForkedBooter.java:385)
org.apache.maven.surefire.booter.ForkedBooter.execute(ForkedBooter.java:162)
org.apache.maven.surefire.booter.ForkedBooter.run(ForkedBooter.java:507)
org.apache.maven.surefire.booter.ForkedBooter.main(ForkedBooter.java:495)

	at org.evosuite.runtime.sandbox.MSecurityManager.checkPermission(MSecurityManager.java:436)
	at java.lang.SecurityManager.checkLink(SecurityManager.java:835)
	at java.lang.Runtime.load0(Runtime.java:776)
	at java.lang.System.load(System.java:1100)
	at org.xerial.snappy.SnappyLoader.loadNativeLibrary(SnappyLoader.java:198)
	at org.xerial.snappy.SnappyLoader.loadSnappyApi(SnappyLoader.java:167)
	at org.xerial.snappy.Snappy.init(Snappy.java:69)
	at org.xerial.snappy.Snappy.__STATIC_RESET(Snappy.java:46)
	at sun.reflect.GeneratedMethodAccessor425.invoke(Unknown Source)
	at sun.reflect.DelegatingMethodAccessorImpl.invoke(DelegatingMethodAccessorImpl.java:43)
	at java.lang.reflect.Method.invoke(Method.java:498)
	at org.evosuite.runtime.classhandling.ClassResetter.reset(ClassResetter.java:159)
	at org.evosuite.runtime.classhandling.ClassStateSupport.resetClasses(ClassStateSupport.java:137)
	at org.apache.avro.file.XZCodec_ESTest_scaffolding.resetClasses(XZCodec_ESTest_scaffolding.java:185)
	at org.apache.avro.file.XZCodec_ESTest_scaffolding.doneWithTestCase(XZCodec_ESTest_scaffolding.java:66)
	at sun.reflect.GeneratedMethodAccessor412.invoke(Unknown Source)
	at sun.reflect.DelegatingMethodAccessorImpl.invoke(DelegatingMethodAccessorImpl.java:43)
	at java.lang.reflect.Method.invoke(Method.java:498)
	at org.junit.runners.model.FrameworkMethod$1.runReflectiveCall(FrameworkMethod.java:59)
	at org.junit.internal.runners.model.ReflectiveCallable.run(ReflectiveCallable.java:12)
	at org.junit.runners.model.FrameworkMethod.invokeExplosively(FrameworkMethod.java:56)
	at org.junit.internal.runners.statements.RunAfters.invokeMethod(RunAfters.java:46)
	at org.junit.internal.runners.statements.RunAfters.evaluate(RunAfters.java:33)
	at org.evosuite.runtime.vnet.NonFunctionalRequirementRule$1.evaluate(NonFunctionalRequirementRule.java:41)
	at org.junit.runners.ParentRunner$3.evaluate(ParentRunner.java:306)
	at org.junit.runners.BlockJUnit4ClassRunner$1.evaluate(BlockJUnit4ClassRunner.java:100)
	at org.junit.runners.ParentRunner.runLeaf(ParentRunner.java:366)
	at org.junit.runners.BlockJUnit4ClassRunner.runChild(BlockJUnit4ClassRunner.java:103)
	at org.junit.runners.BlockJUnit4ClassRunner.runChild(BlockJUnit4ClassRunner.java:63)
	at org.junit.runners.ParentRunner$4.run(ParentRunner.java:331)
	at org.junit.runners.ParentRunner$1.schedule(ParentRunner.java:79)
	at org.junit.runners.ParentRunner.runChildren(ParentRunner.java:329)
	at org.junit.runners.ParentRunner.access$100(ParentRunner.java:66)
	at org.junit.runners.ParentRunner$2.evaluate(ParentRunner.java:293)
	at org.junit.internal.runners.statements.RunBefores.evaluate(RunBefores.java:26)
	at org.junit.internal.runners.statements.RunAfters.evaluate(RunAfters.java:27)
	at org.junit.runners.ParentRunner$3.evaluate(ParentRunner.java:306)
	at org.junit.runners.ParentRunner.run(ParentRunner.java:413)
	at org.apache.maven.surefire.junit4.JUnit4Provider.execute(JUnit4Provider.java:316)
	at org.apache.maven.surefire.junit4.JUnit4Provider.executeWithRerun(JUnit4Provider.java:240)
	at org.apache.maven.surefire.junit4.JUnit4Provider.executeTestSet(JUnit4Provider.java:214)
	at org.apache.maven.surefire.junit4.JUnit4Provider.invoke(JUnit4Provider.java:155)
	at org.apache.maven.surefire.booter.ForkedBooter.runSuitesInProcess(ForkedBooter.java:385)
	at org.apache.maven.surefire.booter.ForkedBooter.execute(ForkedBooter.java:162)
	at org.apache.maven.surefire.booter.ForkedBooter.run(ForkedBooter.java:507)
	at org.apache.maven.surefire.booter.ForkedBooter.main(ForkedBooter.java:495)
]]></system-err>
  </testcase>
  <testcase name="test07" classname="org.apache.avro.file.XZCodec_ESTest" time="0.164">
    <system-err><![CDATA[java.lang.SecurityException: Security manager blocks ("java.lang.RuntimePermission" "loadLibrary./tmp/snappy-1.1.8-00000000-0100-4000-8200-000003000000-libsnappyjava.so")
java.lang.Thread.getStackTrace(Thread.java:1564)
org.evosuite.runtime.sandbox.MSecurityManager.checkPermission(MSecurityManager.java:424)
java.lang.SecurityManager.checkLink(SecurityManager.java:835)
java.lang.Runtime.load0(Runtime.java:776)
java.lang.System.load(System.java:1100)
org.xerial.snappy.SnappyLoader.loadNativeLibrary(SnappyLoader.java:198)
org.xerial.snappy.SnappyLoader.loadSnappyApi(SnappyLoader.java:167)
org.xerial.snappy.Snappy.init(Snappy.java:69)
org.xerial.snappy.Snappy.__STATIC_RESET(Snappy.java:46)
sun.reflect.GeneratedMethodAccessor425.invoke(Unknown Source)
sun.reflect.DelegatingMethodAccessorImpl.invoke(DelegatingMethodAccessorImpl.java:43)
java.lang.reflect.Method.invoke(Method.java:498)
org.evosuite.runtime.classhandling.ClassResetter.reset(ClassResetter.java:159)
org.evosuite.runtime.classhandling.ClassStateSupport.resetClasses(ClassStateSupport.java:137)
org.apache.avro.file.XZCodec_ESTest_scaffolding.resetClasses(XZCodec_ESTest_scaffolding.java:185)
org.apache.avro.file.XZCodec_ESTest_scaffolding.doneWithTestCase(XZCodec_ESTest_scaffolding.java:66)
sun.reflect.GeneratedMethodAccessor412.invoke(Unknown Source)
sun.reflect.DelegatingMethodAccessorImpl.invoke(DelegatingMethodAccessorImpl.java:43)
java.lang.reflect.Method.invoke(Method.java:498)
org.junit.runners.model.FrameworkMethod$1.runReflectiveCall(FrameworkMethod.java:59)
org.junit.internal.runners.model.ReflectiveCallable.run(ReflectiveCallable.java:12)
org.junit.runners.model.FrameworkMethod.invokeExplosively(FrameworkMethod.java:56)
org.junit.internal.runners.statements.RunAfters.invokeMethod(RunAfters.java:46)
org.junit.internal.runners.statements.RunAfters.evaluate(RunAfters.java:33)
org.evosuite.runtime.vnet.NonFunctionalRequirementRule$1.evaluate(NonFunctionalRequirementRule.java:41)
org.junit.runners.ParentRunner$3.evaluate(ParentRunner.java:306)
org.junit.runners.BlockJUnit4ClassRunner$1.evaluate(BlockJUnit4ClassRunner.java:100)
org.junit.runners.ParentRunner.runLeaf(ParentRunner.java:366)
org.junit.runners.BlockJUnit4ClassRunner.runChild(BlockJUnit4ClassRunner.java:103)
org.junit.runners.BlockJUnit4ClassRunner.runChild(BlockJUnit4ClassRunner.java:63)
org.junit.runners.ParentRunner$4.run(ParentRunner.java:331)
org.junit.runners.ParentRunner$1.schedule(ParentRunner.java:79)
org.junit.runners.ParentRunner.runChildren(ParentRunner.java:329)
org.junit.runners.ParentRunner.access$100(ParentRunner.java:66)
org.junit.runners.ParentRunner$2.evaluate(ParentRunner.java:293)
org.junit.internal.runners.statements.RunBefores.evaluate(RunBefores.java:26)
org.junit.internal.runners.statements.RunAfters.evaluate(RunAfters.java:27)
org.junit.runners.ParentRunner$3.evaluate(ParentRunner.java:306)
org.junit.runners.ParentRunner.run(ParentRunner.java:413)
org.apache.maven.surefire.junit4.JUnit4Provider.execute(JUnit4Provider.java:316)
org.apache.maven.surefire.junit4.JUnit4Provider.executeWithRerun(JUnit4Provider.java:240)
org.apache.maven.surefire.junit4.JUnit4Provider.executeTestSet(JUnit4Provider.java:214)
org.apache.maven.surefire.junit4.JUnit4Provider.invoke(JUnit4Provider.java:155)
org.apache.maven.surefire.booter.ForkedBooter.runSuitesInProcess(ForkedBooter.java:385)
org.apache.maven.surefire.booter.ForkedBooter.execute(ForkedBooter.java:162)
org.apache.maven.surefire.booter.ForkedBooter.run(ForkedBooter.java:507)
org.apache.maven.surefire.booter.ForkedBooter.main(ForkedBooter.java:495)

	at org.evosuite.runtime.sandbox.MSecurityManager.checkPermission(MSecurityManager.java:436)
	at java.lang.SecurityManager.checkLink(SecurityManager.java:835)
	at java.lang.Runtime.load0(Runtime.java:776)
	at java.lang.System.load(System.java:1100)
	at org.xerial.snappy.SnappyLoader.loadNativeLibrary(SnappyLoader.java:198)
	at org.xerial.snappy.SnappyLoader.loadSnappyApi(SnappyLoader.java:167)
	at org.xerial.snappy.Snappy.init(Snappy.java:69)
	at org.xerial.snappy.Snappy.__STATIC_RESET(Snappy.java:46)
	at sun.reflect.GeneratedMethodAccessor425.invoke(Unknown Source)
	at sun.reflect.DelegatingMethodAccessorImpl.invoke(DelegatingMethodAccessorImpl.java:43)
	at java.lang.reflect.Method.invoke(Method.java:498)
	at org.evosuite.runtime.classhandling.ClassResetter.reset(ClassResetter.java:159)
	at org.evosuite.runtime.classhandling.ClassStateSupport.resetClasses(ClassStateSupport.java:137)
	at org.apache.avro.file.XZCodec_ESTest_scaffolding.resetClasses(XZCodec_ESTest_scaffolding.java:185)
	at org.apache.avro.file.XZCodec_ESTest_scaffolding.doneWithTestCase(XZCodec_ESTest_scaffolding.java:66)
	at sun.reflect.GeneratedMethodAccessor412.invoke(Unknown Source)
	at sun.reflect.DelegatingMethodAccessorImpl.invoke(DelegatingMethodAccessorImpl.java:43)
	at java.lang.reflect.Method.invoke(Method.java:498)
	at org.junit.runners.model.FrameworkMethod$1.runReflectiveCall(FrameworkMethod.java:59)
	at org.junit.internal.runners.model.ReflectiveCallable.run(ReflectiveCallable.java:12)
	at org.junit.runners.model.FrameworkMethod.invokeExplosively(FrameworkMethod.java:56)
	at org.junit.internal.runners.statements.RunAfters.invokeMethod(RunAfters.java:46)
	at org.junit.internal.runners.statements.RunAfters.evaluate(RunAfters.java:33)
	at org.evosuite.runtime.vnet.NonFunctionalRequirementRule$1.evaluate(NonFunctionalRequirementRule.java:41)
	at org.junit.runners.ParentRunner$3.evaluate(ParentRunner.java:306)
	at org.junit.runners.BlockJUnit4ClassRunner$1.evaluate(BlockJUnit4ClassRunner.java:100)
	at org.junit.runners.ParentRunner.runLeaf(ParentRunner.java:366)
	at org.junit.runners.BlockJUnit4ClassRunner.runChild(BlockJUnit4ClassRunner.java:103)
	at org.junit.runners.BlockJUnit4ClassRunner.runChild(BlockJUnit4ClassRunner.java:63)
	at org.junit.runners.ParentRunner$4.run(ParentRunner.java:331)
	at org.junit.runners.ParentRunner$1.schedule(ParentRunner.java:79)
	at org.junit.runners.ParentRunner.runChildren(ParentRunner.java:329)
	at org.junit.runners.ParentRunner.access$100(ParentRunner.java:66)
	at org.junit.runners.ParentRunner$2.evaluate(ParentRunner.java:293)
	at org.junit.internal.runners.statements.RunBefores.evaluate(RunBefores.java:26)
	at org.junit.internal.runners.statements.RunAfters.evaluate(RunAfters.java:27)
	at org.junit.runners.ParentRunner$3.evaluate(ParentRunner.java:306)
	at org.junit.runners.ParentRunner.run(ParentRunner.java:413)
	at org.apache.maven.surefire.junit4.JUnit4Provider.execute(JUnit4Provider.java:316)
	at org.apache.maven.surefire.junit4.JUnit4Provider.executeWithRerun(JUnit4Provider.java:240)
	at org.apache.maven.surefire.junit4.JUnit4Provider.executeTestSet(JUnit4Provider.java:214)
	at org.apache.maven.surefire.junit4.JUnit4Provider.invoke(JUnit4Provider.java:155)
	at org.apache.maven.surefire.booter.ForkedBooter.runSuitesInProcess(ForkedBooter.java:385)
	at org.apache.maven.surefire.booter.ForkedBooter.execute(ForkedBooter.java:162)
	at org.apache.maven.surefire.booter.ForkedBooter.run(ForkedBooter.java:507)
	at org.apache.maven.surefire.booter.ForkedBooter.main(ForkedBooter.java:495)
]]></system-err>
  </testcase>
  <testcase name="test18" classname="org.apache.avro.file.XZCodec_ESTest" time="0.164">
    <system-err><![CDATA[java.lang.SecurityException: Security manager blocks ("java.lang.RuntimePermission" "loadLibrary./tmp/snappy-1.1.8-00000000-0100-4000-8200-000003000000-libsnappyjava.so")
java.lang.Thread.getStackTrace(Thread.java:1564)
org.evosuite.runtime.sandbox.MSecurityManager.checkPermission(MSecurityManager.java:424)
java.lang.SecurityManager.checkLink(SecurityManager.java:835)
java.lang.Runtime.load0(Runtime.java:776)
java.lang.System.load(System.java:1100)
org.xerial.snappy.SnappyLoader.loadNativeLibrary(SnappyLoader.java:198)
org.xerial.snappy.SnappyLoader.loadSnappyApi(SnappyLoader.java:167)
org.xerial.snappy.Snappy.init(Snappy.java:69)
org.xerial.snappy.Snappy.__STATIC_RESET(Snappy.java:46)
sun.reflect.GeneratedMethodAccessor425.invoke(Unknown Source)
sun.reflect.DelegatingMethodAccessorImpl.invoke(DelegatingMethodAccessorImpl.java:43)
java.lang.reflect.Method.invoke(Method.java:498)
org.evosuite.runtime.classhandling.ClassResetter.reset(ClassResetter.java:159)
org.evosuite.runtime.classhandling.ClassStateSupport.resetClasses(ClassStateSupport.java:137)
org.apache.avro.file.XZCodec_ESTest_scaffolding.resetClasses(XZCodec_ESTest_scaffolding.java:185)
org.apache.avro.file.XZCodec_ESTest_scaffolding.doneWithTestCase(XZCodec_ESTest_scaffolding.java:66)
sun.reflect.GeneratedMethodAccessor412.invoke(Unknown Source)
sun.reflect.DelegatingMethodAccessorImpl.invoke(DelegatingMethodAccessorImpl.java:43)
java.lang.reflect.Method.invoke(Method.java:498)
org.junit.runners.model.FrameworkMethod$1.runReflectiveCall(FrameworkMethod.java:59)
org.junit.internal.runners.model.ReflectiveCallable.run(ReflectiveCallable.java:12)
org.junit.runners.model.FrameworkMethod.invokeExplosively(FrameworkMethod.java:56)
org.junit.internal.runners.statements.RunAfters.invokeMethod(RunAfters.java:46)
org.junit.internal.runners.statements.RunAfters.evaluate(RunAfters.java:33)
org.evosuite.runtime.vnet.NonFunctionalRequirementRule$1.evaluate(NonFunctionalRequirementRule.java:41)
org.junit.runners.ParentRunner$3.evaluate(ParentRunner.java:306)
org.junit.runners.BlockJUnit4ClassRunner$1.evaluate(BlockJUnit4ClassRunner.java:100)
org.junit.runners.ParentRunner.runLeaf(ParentRunner.java:366)
org.junit.runners.BlockJUnit4ClassRunner.runChild(BlockJUnit4ClassRunner.java:103)
org.junit.runners.BlockJUnit4ClassRunner.runChild(BlockJUnit4ClassRunner.java:63)
org.junit.runners.ParentRunner$4.run(ParentRunner.java:331)
org.junit.runners.ParentRunner$1.schedule(ParentRunner.java:79)
org.junit.runners.ParentRunner.runChildren(ParentRunner.java:329)
org.junit.runners.ParentRunner.access$100(ParentRunner.java:66)
org.junit.runners.ParentRunner$2.evaluate(ParentRunner.java:293)
org.junit.internal.runners.statements.RunBefores.evaluate(RunBefores.java:26)
org.junit.internal.runners.statements.RunAfters.evaluate(RunAfters.java:27)
org.junit.runners.ParentRunner$3.evaluate(ParentRunner.java:306)
org.junit.runners.ParentRunner.run(ParentRunner.java:413)
org.apache.maven.surefire.junit4.JUnit4Provider.execute(JUnit4Provider.java:316)
org.apache.maven.surefire.junit4.JUnit4Provider.executeWithRerun(JUnit4Provider.java:240)
org.apache.maven.surefire.junit4.JUnit4Provider.executeTestSet(JUnit4Provider.java:214)
org.apache.maven.surefire.junit4.JUnit4Provider.invoke(JUnit4Provider.java:155)
org.apache.maven.surefire.booter.ForkedBooter.runSuitesInProcess(ForkedBooter.java:385)
org.apache.maven.surefire.booter.ForkedBooter.execute(ForkedBooter.java:162)
org.apache.maven.surefire.booter.ForkedBooter.run(ForkedBooter.java:507)
org.apache.maven.surefire.booter.ForkedBooter.main(ForkedBooter.java:495)

	at org.evosuite.runtime.sandbox.MSecurityManager.checkPermission(MSecurityManager.java:436)
	at java.lang.SecurityManager.checkLink(SecurityManager.java:835)
	at java.lang.Runtime.load0(Runtime.java:776)
	at java.lang.System.load(System.java:1100)
	at org.xerial.snappy.SnappyLoader.loadNativeLibrary(SnappyLoader.java:198)
	at org.xerial.snappy.SnappyLoader.loadSnappyApi(SnappyLoader.java:167)
	at org.xerial.snappy.Snappy.init(Snappy.java:69)
	at org.xerial.snappy.Snappy.__STATIC_RESET(Snappy.java:46)
	at sun.reflect.GeneratedMethodAccessor425.invoke(Unknown Source)
	at sun.reflect.DelegatingMethodAccessorImpl.invoke(DelegatingMethodAccessorImpl.java:43)
	at java.lang.reflect.Method.invoke(Method.java:498)
	at org.evosuite.runtime.classhandling.ClassResetter.reset(ClassResetter.java:159)
	at org.evosuite.runtime.classhandling.ClassStateSupport.resetClasses(ClassStateSupport.java:137)
	at org.apache.avro.file.XZCodec_ESTest_scaffolding.resetClasses(XZCodec_ESTest_scaffolding.java:185)
	at org.apache.avro.file.XZCodec_ESTest_scaffolding.doneWithTestCase(XZCodec_ESTest_scaffolding.java:66)
	at sun.reflect.GeneratedMethodAccessor412.invoke(Unknown Source)
	at sun.reflect.DelegatingMethodAccessorImpl.invoke(DelegatingMethodAccessorImpl.java:43)
	at java.lang.reflect.Method.invoke(Method.java:498)
	at org.junit.runners.model.FrameworkMethod$1.runReflectiveCall(FrameworkMethod.java:59)
	at org.junit.internal.runners.model.ReflectiveCallable.run(ReflectiveCallable.java:12)
	at org.junit.runners.model.FrameworkMethod.invokeExplosively(FrameworkMethod.java:56)
	at org.junit.internal.runners.statements.RunAfters.invokeMethod(RunAfters.java:46)
	at org.junit.internal.runners.statements.RunAfters.evaluate(RunAfters.java:33)
	at org.evosuite.runtime.vnet.NonFunctionalRequirementRule$1.evaluate(NonFunctionalRequirementRule.java:41)
	at org.junit.runners.ParentRunner$3.evaluate(ParentRunner.java:306)
	at org.junit.runners.BlockJUnit4ClassRunner$1.evaluate(BlockJUnit4ClassRunner.java:100)
	at org.junit.runners.ParentRunner.runLeaf(ParentRunner.java:366)
	at org.junit.runners.BlockJUnit4ClassRunner.runChild(BlockJUnit4ClassRunner.java:103)
	at org.junit.runners.BlockJUnit4ClassRunner.runChild(BlockJUnit4ClassRunner.java:63)
	at org.junit.runners.ParentRunner$4.run(ParentRunner.java:331)
	at org.junit.runners.ParentRunner$1.schedule(ParentRunner.java:79)
	at org.junit.runners.ParentRunner.runChildren(ParentRunner.java:329)
	at org.junit.runners.ParentRunner.access$100(ParentRunner.java:66)
	at org.junit.runners.ParentRunner$2.evaluate(ParentRunner.java:293)
	at org.junit.internal.runners.statements.RunBefores.evaluate(RunBefores.java:26)
	at org.junit.internal.runners.statements.RunAfters.evaluate(RunAfters.java:27)
	at org.junit.runners.ParentRunner$3.evaluate(ParentRunner.java:306)
	at org.junit.runners.ParentRunner.run(ParentRunner.java:413)
	at org.apache.maven.surefire.junit4.JUnit4Provider.execute(JUnit4Provider.java:316)
	at org.apache.maven.surefire.junit4.JUnit4Provider.executeWithRerun(JUnit4Provider.java:240)
	at org.apache.maven.surefire.junit4.JUnit4Provider.executeTestSet(JUnit4Provider.java:214)
	at org.apache.maven.surefire.junit4.JUnit4Provider.invoke(JUnit4Provider.java:155)
	at org.apache.maven.surefire.booter.ForkedBooter.runSuitesInProcess(ForkedBooter.java:385)
	at org.apache.maven.surefire.booter.ForkedBooter.execute(ForkedBooter.java:162)
	at org.apache.maven.surefire.booter.ForkedBooter.run(ForkedBooter.java:507)
	at org.apache.maven.surefire.booter.ForkedBooter.main(ForkedBooter.java:495)
]]></system-err>
  </testcase>
</testsuite>