<?xml version="1.0" encoding="UTF-8"?>
<testsuite xmlns:xsi="http://www.w3.org/2001/XMLSchema-instance" xsi:noNamespaceSchemaLocation="https://maven.apache.org/surefire/maven-surefire-plugin/xsd/surefire-test-report-3.0.xsd" version="3.0" name="org.apache.avro.file.DataFileWriter_ESTest" time="21.292" tests="82" errors="2" skipped="0" failures="0">
  <properties>
    <property name="awt.toolkit" value="sun.awt.X11.XToolkit"/>
    <property name="file.encoding.pkg" value="sun.io"/>
    <property name="java.specification.version" value="1.8"/>
    <property name="sun.cpu.isalist" value=""/>
    <property name="sun.jnu.encoding" value="UTF-8"/>
    <property name="java.class.path" value="/home/wtwhite/code/regression-test-generation/find-diff-classes/compile/mvnc/org/apache/avro/avro/1.11.1/target/test-classes:/home/wtwhite/code/regression-test-generation/find-diff-classes/compile/mvnc/org/apache/avro/avro/1.11.1/target/classes:/home/wtwhite/code/craw-redhat-oss/wget/crawl/repo1.maven.org/maven2/org/apache/avro/avro/1.11.1/avro-1.11.1.jar:/home/wtwhite/code/regression-test-generation/find-diff-classes/compile/mvnc/org/apache/avro/avro/1.11.1/t/dependency/apiguardian-api-1.1.2.jar:/home/wtwhite/code/regression-test-generation/find-diff-classes/compile/mvnc/org/apache/avro/avro/1.11.1/t/dependency/commons-compress-1.21.jar:/home/wtwhite/code/regression-test-generation/find-diff-classes/compile/mvnc/org/apache/avro/avro/1.11.1/t/dependency/hamcrest-2.2.jar:/home/wtwhite/code/regression-test-generation/find-diff-classes/compile/mvnc/org/apache/avro/avro/1.11.1/t/dependency/hamcrest-core-2.2.jar:/home/wtwhite/code/regression-test-generation/find-diff-classes/compile/mvnc/org/apache/avro/avro/1.11.1/t/dependency/hamcrest-library-2.2.jar:/home/wtwhite/code/regression-test-generation/find-diff-classes/compile/mvnc/org/apache/avro/avro/1.11.1/t/dependency/jackson-annotations-2.12.7.jar:/home/wtwhite/code/regression-test-generation/find-diff-classes/compile/mvnc/org/apache/avro/avro/1.11.1/t/dependency/jackson-core-2.12.7.jar:/home/wtwhite/code/regression-test-generation/find-diff-classes/compile/mvnc/org/apache/avro/avro/1.11.1/t/dependency/jackson-databind-2.12.7.jar:/home/wtwhite/code/regression-test-generation/find-diff-classes/compile/mvnc/org/apache/avro/avro/1.11.1/t/dependency/junit-4.13.2.jar:/home/wtwhite/code/regression-test-generation/find-diff-classes/compile/mvnc/org/apache/avro/avro/1.11.1/t/dependency/junit-jupiter-5.8.2.jar:/home/wtwhite/code/regression-test-generation/find-diff-classes/compile/mvnc/org/apache/avro/avro/1.11.1/t/dependency/junit-jupiter-api-5.8.2.jar:/home/wtwhite/code/regression-test-generation/find-diff-classes/compile/mvnc/org/apache/avro/avro/1.11.1/t/dependency/junit-jupiter-engine-5.8.2.jar:/home/wtwhite/code/regression-test-generation/find-diff-classes/compile/mvnc/org/apache/avro/avro/1.11.1/t/dependency/junit-jupiter-params-5.8.2.jar:/home/wtwhite/code/regression-test-generation/find-diff-classes/compile/mvnc/org/apache/avro/avro/1.11.1/t/dependency/junit-platform-commons-1.8.2.jar:/home/wtwhite/code/regression-test-generation/find-diff-classes/compile/mvnc/org/apache/avro/avro/1.11.1/t/dependency/junit-platform-engine-1.8.2.jar:/home/wtwhite/code/regression-test-generation/find-diff-classes/compile/mvnc/org/apache/avro/avro/1.11.1/t/dependency/opentest4j-1.2.0.jar:/home/wtwhite/code/regression-test-generation/find-diff-classes/compile/mvnc/org/apache/avro/avro/1.11.1/t/dependency/slf4j-api-1.7.36.jar:/home/wtwhite/code/regression-test-generation/find-diff-classes/compile/mvnc/org/apache/avro/avro/1.11.1/t/dependency/slf4j-simple-1.7.36.jar:/home/wtwhite/code/regression-test-generation/find-diff-classes/compile/mvnc/org/apache/avro/avro/1.11.1/t/dependency/snappy-java-1.1.8.4.jar:/home/wtwhite/code/regression-test-generation/find-diff-classes/compile/mvnc/org/apache/avro/avro/1.11.1/t/dependency/xz-1.9.jar:/home/wtwhite/code/regression-test-generation/find-diff-classes/compile/mvnc/org/apache/avro/avro/1.11.1/t/dependency/zstd-jni-1.5.2-3.jar:/home/wtwhite/code/regression-test-generation/evosuite/evosuite-standalone-runtime-1.2.0.jar:/home/wtwhite/.m2/repository/junit/junit/4.13.2/junit-4.13.2.jar:/home/wtwhite/.m2/repository/org/hamcrest/hamcrest-core/1.3/hamcrest-core-1.3.jar:"/>
    <property name="java.vm.vendor" value="Private Build"/>
    <property name="sun.arch.data.model" value="64"/>
    <property name="java.vendor.url" value="http://java.oracle.com/"/>
    <property name="user.timezone" value=""/>
    <property name="java.vm.specification.version" value="1.8"/>
    <property name="os.name" value="Linux"/>
    <property name="RUNDIR" value="/home/wtwhite/code/regression-test-generation/find-diff-classes/run-mvn"/>
    <property name="user.country" value="NZ"/>
    <property name="sun.java.launcher" value="SUN_STANDARD"/>
    <property name="sun.boot.library.path" value="/usr/lib/jvm/java-8-openjdk-amd64/jre/lib/amd64"/>
    <property name="sun.java.command" value="/home/wtwhite/code/regression-test-generation/find-diff-classes/compile/mvnc/org/apache/avro/avro/1.11.1/target/surefire/surefirebooter-20241106133540119_3.jar /home/wtwhite/code/regression-test-generation/find-diff-classes/compile/mvnc/org/apache/avro/avro/1.11.1/target/surefire 2024-11-06T13-35-39_920-jvmRun1 surefire-20241106133540119_1tmp surefire_0-20241106133540119_2tmp"/>
    <property name="surefire.test.class.path" value="/home/wtwhite/code/regression-test-generation/find-diff-classes/compile/mvnc/org/apache/avro/avro/1.11.1/target/test-classes:/home/wtwhite/code/regression-test-generation/find-diff-classes/compile/mvnc/org/apache/avro/avro/1.11.1/target/classes:/home/wtwhite/code/craw-redhat-oss/wget/crawl/repo1.maven.org/maven2/org/apache/avro/avro/1.11.1/avro-1.11.1.jar:/home/wtwhite/code/regression-test-generation/find-diff-classes/compile/mvnc/org/apache/avro/avro/1.11.1/t/dependency/apiguardian-api-1.1.2.jar:/home/wtwhite/code/regression-test-generation/find-diff-classes/compile/mvnc/org/apache/avro/avro/1.11.1/t/dependency/commons-compress-1.21.jar:/home/wtwhite/code/regression-test-generation/find-diff-classes/compile/mvnc/org/apache/avro/avro/1.11.1/t/dependency/hamcrest-2.2.jar:/home/wtwhite/code/regression-test-generation/find-diff-classes/compile/mvnc/org/apache/avro/avro/1.11.1/t/dependency/hamcrest-core-2.2.jar:/home/wtwhite/code/regression-test-generation/find-diff-classes/compile/mvnc/org/apache/avro/avro/1.11.1/t/dependency/hamcrest-library-2.2.jar:/home/wtwhite/code/regression-test-generation/find-diff-classes/compile/mvnc/org/apache/avro/avro/1.11.1/t/dependency/jackson-annotations-2.12.7.jar:/home/wtwhite/code/regression-test-generation/find-diff-classes/compile/mvnc/org/apache/avro/avro/1.11.1/t/dependency/jackson-core-2.12.7.jar:/home/wtwhite/code/regression-test-generation/find-diff-classes/compile/mvnc/org/apache/avro/avro/1.11.1/t/dependency/jackson-databind-2.12.7.jar:/home/wtwhite/code/regression-test-generation/find-diff-classes/compile/mvnc/org/apache/avro/avro/1.11.1/t/dependency/junit-4.13.2.jar:/home/wtwhite/code/regression-test-generation/find-diff-classes/compile/mvnc/org/apache/avro/avro/1.11.1/t/dependency/junit-jupiter-5.8.2.jar:/home/wtwhite/code/regression-test-generation/find-diff-classes/compile/mvnc/org/apache/avro/avro/1.11.1/t/dependency/junit-jupiter-api-5.8.2.jar:/home/wtwhite/code/regression-test-generation/find-diff-classes/compile/mvnc/org/apache/avro/avro/1.11.1/t/dependency/junit-jupiter-engine-5.8.2.jar:/home/wtwhite/code/regression-test-generation/find-diff-classes/compile/mvnc/org/apache/avro/avro/1.11.1/t/dependency/junit-jupiter-params-5.8.2.jar:/home/wtwhite/code/regression-test-generation/find-diff-classes/compile/mvnc/org/apache/avro/avro/1.11.1/t/dependency/junit-platform-commons-1.8.2.jar:/home/wtwhite/code/regression-test-generation/find-diff-classes/compile/mvnc/org/apache/avro/avro/1.11.1/t/dependency/junit-platform-engine-1.8.2.jar:/home/wtwhite/code/regression-test-generation/find-diff-classes/compile/mvnc/org/apache/avro/avro/1.11.1/t/dependency/opentest4j-1.2.0.jar:/home/wtwhite/code/regression-test-generation/find-diff-classes/compile/mvnc/org/apache/avro/avro/1.11.1/t/dependency/slf4j-api-1.7.36.jar:/home/wtwhite/code/regression-test-generation/find-diff-classes/compile/mvnc/org/apache/avro/avro/1.11.1/t/dependency/slf4j-simple-1.7.36.jar:/home/wtwhite/code/regression-test-generation/find-diff-classes/compile/mvnc/org/apache/avro/avro/1.11.1/t/dependency/snappy-java-1.1.8.4.jar:/home/wtwhite/code/regression-test-generation/find-diff-classes/compile/mvnc/org/apache/avro/avro/1.11.1/t/dependency/xz-1.9.jar:/home/wtwhite/code/regression-test-generation/find-diff-classes/compile/mvnc/org/apache/avro/avro/1.11.1/t/dependency/zstd-jni-1.5.2-3.jar:/home/wtwhite/code/regression-test-generation/evosuite/evosuite-standalone-runtime-1.2.0.jar:/home/wtwhite/.m2/repository/junit/junit/4.13.2/junit-4.13.2.jar:/home/wtwhite/.m2/repository/org/hamcrest/hamcrest-core/1.3/hamcrest-core-1.3.jar:"/>
    <property name="sun.cpu.endian" value="little"/>
    <property name="user.home" value="/home/wtwhite"/>
    <property name="user.language" value="en"/>
    <property name="java.specification.vendor" value="Oracle Corporation"/>
    <property name="java.home" value="/usr/lib/jvm/java-8-openjdk-amd64/jre"/>
    <property name="basedir" value="/home/wtwhite/code/regression-test-generation/find-diff-classes/compile/mvnc/org/apache/avro/avro/1.11.1"/>
    <property name="file.separator" value="/"/>
    <property name="line.separator" value="&#10;"/>
    <property name="java.vm.specification.vendor" value="Oracle Corporation"/>
    <property name="java.specification.name" value="Java Platform API Specification"/>
    <property name="java.awt.graphicsenv" value="sun.awt.X11GraphicsEnvironment"/>
    <property name="surefire.real.class.path" value="/home/wtwhite/code/regression-test-generation/find-diff-classes/compile/mvnc/org/apache/avro/avro/1.11.1/target/surefire/surefirebooter-20241106133540119_3.jar"/>
    <property name="sun.boot.class.path" value="/usr/lib/jvm/java-8-openjdk-amd64/jre/lib/resources.jar:/usr/lib/jvm/java-8-openjdk-amd64/jre/lib/rt.jar:/usr/lib/jvm/java-8-openjdk-amd64/jre/lib/sunrsasign.jar:/usr/lib/jvm/java-8-openjdk-amd64/jre/lib/jsse.jar:/usr/lib/jvm/java-8-openjdk-amd64/jre/lib/jce.jar:/usr/lib/jvm/java-8-openjdk-amd64/jre/lib/charsets.jar:/usr/lib/jvm/java-8-openjdk-amd64/jre/lib/jfr.jar:/usr/lib/jvm/java-8-openjdk-amd64/jre/classes"/>
    <property name="sun.management.compiler" value="HotSpot 64-Bit Tiered Compilers"/>
    <property name="java.runtime.version" value="1.8.0_382-8u382-ga-1~22.04.1-b05"/>
    <property name="user.name" value="wtwhite"/>
    <property name="path.separator" value=":"/>
    <property name="os.version" value="5.15.0-87-generic"/>
    <property name="java.endorsed.dirs" value="/usr/lib/jvm/java-8-openjdk-amd64/jre/lib/endorsed"/>
    <property name="java.runtime.name" value="OpenJDK Runtime Environment"/>
    <property name="file.encoding" value="UTF-8"/>
    <property name="java.vm.name" value="OpenJDK 64-Bit Server VM"/>
    <property name="localRepository" value="/home/wtwhite/.m2/repository"/>
    <property name="java.vendor.url.bug" value="http://bugreport.sun.com/bugreport/"/>
    <property name="java.io.tmpdir" value="/tmp"/>
    <property name="java.version" value="1.8.0_382"/>
    <property name="user.dir" value="/home/wtwhite/code/regression-test-generation/find-diff-classes/compile/mvnc/org/apache/avro/avro/1.11.1"/>
    <property name="os.arch" value="amd64"/>
    <property name="java.vm.specification.name" value="Java Virtual Machine Specification"/>
    <property name="java.awt.printerjob" value="sun.print.PSPrinterJob"/>
    <property name="sun.os.patch.level" value="unknown"/>
    <property name="java.library.path" value="/usr/java/packages/lib/amd64:/usr/lib/x86_64-linux-gnu/jni:/lib/x86_64-linux-gnu:/usr/lib/x86_64-linux-gnu:/usr/lib/jni:/lib:/usr/lib"/>
    <property name="java.vm.info" value="mixed mode"/>
    <property name="java.vendor" value="Private Build"/>
    <property name="java.vm.version" value="25.382-b05"/>
    <property name="java.specification.maintenance.version" value="5"/>
    <property name="java.ext.dirs" value="/usr/lib/jvm/java-8-openjdk-amd64/jre/lib/ext:/usr/java/packages/lib/ext"/>
    <property name="sun.io.unicode.encoding" value="UnicodeLittle"/>
    <property name="java.class.version" value="52.0"/>
  </properties>
  <testcase name="test73" classname="org.apache.avro.file.DataFileWriter_ESTest" time="0.621">
    <error type="java.lang.ExceptionInInitializerError"><![CDATA[java.lang.ExceptionInInitializerError
	at sun.reflect.NativeMethodAccessorImpl.invoke0(Native Method)
	at sun.reflect.NativeMethodAccessorImpl.invoke(NativeMethodAccessorImpl.java:62)
	at sun.reflect.DelegatingMethodAccessorImpl.invoke(DelegatingMethodAccessorImpl.java:43)
	at java.lang.reflect.Method.invoke(Method.java:498)
	at org.evosuite.runtime.classhandling.ClassResetter.reset(ClassResetter.java:159)
	at org.evosuite.runtime.classhandling.ClassStateSupport.resetClasses(ClassStateSupport.java:137)
	at org.apache.avro.file.DataFileWriter_ESTest_scaffolding.resetClasses(DataFileWriter_ESTest_scaffolding.java:644)
	at org.apache.avro.file.DataFileWriter_ESTest_scaffolding.doneWithTestCase(DataFileWriter_ESTest_scaffolding.java:68)
	at sun.reflect.NativeMethodAccessorImpl.invoke0(Native Method)
	at sun.reflect.NativeMethodAccessorImpl.invoke(NativeMethodAccessorImpl.java:62)
	at sun.reflect.DelegatingMethodAccessorImpl.invoke(DelegatingMethodAccessorImpl.java:43)
	at java.lang.reflect.Method.invoke(Method.java:498)
	at org.junit.runners.model.FrameworkMethod$1.runReflectiveCall(FrameworkMethod.java:59)
	at org.junit.internal.runners.model.ReflectiveCallable.run(ReflectiveCallable.java:12)
	at org.junit.runners.model.FrameworkMethod.invokeExplosively(FrameworkMethod.java:56)
	at org.junit.internal.runners.statements.RunAfters.invokeMethod(RunAfters.java:46)
	at org.junit.internal.runners.statements.RunAfters.evaluate(RunAfters.java:33)
	at org.evosuite.runtime.vnet.NonFunctionalRequirementRule$1.evaluate(NonFunctionalRequirementRule.java:41)
	at org.junit.runners.ParentRunner$3.evaluate(ParentRunner.java:306)
	at org.junit.runners.BlockJUnit4ClassRunner$1.evaluate(BlockJUnit4ClassRunner.java:100)
	at org.junit.runners.ParentRunner.runLeaf(ParentRunner.java:366)
	at org.junit.runners.BlockJUnit4ClassRunner.runChild(BlockJUnit4ClassRunner.java:103)
	at org.junit.runners.BlockJUnit4ClassRunner.runChild(BlockJUnit4ClassRunner.java:63)
	at org.junit.runners.ParentRunner$4.run(ParentRunner.java:331)
	at org.junit.runners.ParentRunner$1.schedule(ParentRunner.java:79)
	at org.junit.runners.ParentRunner.runChildren(ParentRunner.java:329)
	at org.junit.runners.ParentRunner.access$100(ParentRunner.java:66)
	at org.junit.runners.ParentRunner$2.evaluate(ParentRunner.java:293)
	at org.junit.internal.runners.statements.RunBefores.evaluate(RunBefores.java:26)
	at org.junit.internal.runners.statements.RunAfters.evaluate(RunAfters.java:27)
	at org.junit.runners.ParentRunner$3.evaluate(ParentRunner.java:306)
	at org.junit.runners.ParentRunner.run(ParentRunner.java:413)
	at org.apache.maven.surefire.junit4.JUnit4Provider.execute(JUnit4Provider.java:316)
	at org.apache.maven.surefire.junit4.JUnit4Provider.executeWithRerun(JUnit4Provider.java:240)
	at org.apache.maven.surefire.junit4.JUnit4Provider.executeTestSet(JUnit4Provider.java:214)
	at org.apache.maven.surefire.junit4.JUnit4Provider.invoke(JUnit4Provider.java:155)
	at org.apache.maven.surefire.booter.ForkedBooter.runSuitesInProcess(ForkedBooter.java:385)
	at org.apache.maven.surefire.booter.ForkedBooter.execute(ForkedBooter.java:162)
	at org.apache.maven.surefire.booter.ForkedBooter.run(ForkedBooter.java:507)
	at org.apache.maven.surefire.booter.ForkedBooter.main(ForkedBooter.java:495)
Caused by: java.lang.SecurityException: Security manager blocks ("java.lang.RuntimePermission" "loadLibrary./tmp/libzstd-jni-1.5.2-30.so")
java.lang.Thread.getStackTrace(Thread.java:1564)
org.evosuite.runtime.sandbox.MSecurityManager.checkPermission(MSecurityManager.java:424)
java.lang.SecurityManager.checkLink(SecurityManager.java:835)
java.lang.Runtime.load0(Runtime.java:776)
java.lang.System.load(System.java:1100)
com.github.luben.zstd.util.Native.load(Native.java:120)
com.github.luben.zstd.util.Native.load(Native.java:55)
com.github.luben.zstd.Zstd.<clinit>(Zstd.java)
sun.reflect.NativeMethodAccessorImpl.invoke0(Native Method)
sun.reflect.NativeMethodAccessorImpl.invoke(NativeMethodAccessorImpl.java:62)
sun.reflect.DelegatingMethodAccessorImpl.invoke(DelegatingMethodAccessorImpl.java:43)
java.lang.reflect.Method.invoke(Method.java:498)
org.evosuite.runtime.classhandling.ClassResetter.reset(ClassResetter.java:159)
org.evosuite.runtime.classhandling.ClassStateSupport.resetClasses(ClassStateSupport.java:137)
org.apache.avro.file.DataFileWriter_ESTest_scaffolding.resetClasses(DataFileWriter_ESTest_scaffolding.java:644)
org.apache.avro.file.DataFileWriter_ESTest_scaffolding.doneWithTestCase(DataFileWriter_ESTest_scaffolding.java:68)
sun.reflect.NativeMethodAccessorImpl.invoke0(Native Method)
sun.reflect.NativeMethodAccessorImpl.invoke(NativeMethodAccessorImpl.java:62)
sun.reflect.DelegatingMethodAccessorImpl.invoke(DelegatingMethodAccessorImpl.java:43)
java.lang.reflect.Method.invoke(Method.java:498)
org.junit.runners.model.FrameworkMethod$1.runReflectiveCall(FrameworkMethod.java:59)
org.junit.internal.runners.model.ReflectiveCallable.run(ReflectiveCallable.java:12)
org.junit.runners.model.FrameworkMethod.invokeExplosively(FrameworkMethod.java:56)
org.junit.internal.runners.statements.RunAfters.invokeMethod(RunAfters.java:46)
org.junit.internal.runners.statements.RunAfters.evaluate(RunAfters.java:33)
org.evosuite.runtime.vnet.NonFunctionalRequirementRule$1.evaluate(NonFunctionalRequirementRule.java:41)
org.junit.runners.ParentRunner$3.evaluate(ParentRunner.java:306)
org.junit.runners.BlockJUnit4ClassRunner$1.evaluate(BlockJUnit4ClassRunner.java:100)
org.junit.runners.ParentRunner.runLeaf(ParentRunner.java:366)
org.junit.runners.BlockJUnit4ClassRunner.runChild(BlockJUnit4ClassRunner.java:103)
org.junit.runners.BlockJUnit4ClassRunner.runChild(BlockJUnit4ClassRunner.java:63)
org.junit.runners.ParentRunner$4.run(ParentRunner.java:331)
org.junit.runners.ParentRunner$1.schedule(ParentRunner.java:79)
org.junit.runners.ParentRunner.runChildren(ParentRunner.java:329)
org.junit.runners.ParentRunner.access$100(ParentRunner.java:66)
org.junit.runners.ParentRunner$2.evaluate(ParentRunner.java:293)
org.junit.internal.runners.statements.RunBefores.evaluate(RunBefores.java:26)
org.junit.internal.runners.statements.RunAfters.evaluate(RunAfters.java:27)
org.junit.runners.ParentRunner$3.evaluate(ParentRunner.java:306)
org.junit.runners.ParentRunner.run(ParentRunner.java:413)
org.apache.maven.surefire.junit4.JUnit4Provider.execute(JUnit4Provider.java:316)
org.apache.maven.surefire.junit4.JUnit4Provider.executeWithRerun(JUnit4Provider.java:240)
org.apache.maven.surefire.junit4.JUnit4Provider.executeTestSet(JUnit4Provider.java:214)
org.apache.maven.surefire.junit4.JUnit4Provider.invoke(JUnit4Provider.java:155)
org.apache.maven.surefire.booter.ForkedBooter.runSuitesInProcess(ForkedBooter.java:385)
org.apache.maven.surefire.booter.ForkedBooter.execute(ForkedBooter.java:162)
org.apache.maven.surefire.booter.ForkedBooter.run(ForkedBooter.java:507)
org.apache.maven.surefire.booter.ForkedBooter.main(ForkedBooter.java:495)

	at org.evosuite.runtime.sandbox.MSecurityManager.checkPermission(MSecurityManager.java:436)
	at java.lang.SecurityManager.checkLink(SecurityManager.java:835)
	at java.lang.Runtime.load0(Runtime.java:776)
	at java.lang.System.load(System.java:1100)
	at com.github.luben.zstd.util.Native.load(Native.java:120)
	at com.github.luben.zstd.util.Native.load(Native.java:55)
	at com.github.luben.zstd.Zstd.<clinit>(Zstd.java)
	... 40 more
]]></error>
    <system-err><![CDATA[[main] INFO org.evosuite.runtime.instrumentation.EvoClassLoader - Seeing class for first time: org.apache.avro.file.DataFileWriter_ESTest
[main] INFO org.evosuite.runtime.instrumentation.EvoClassLoader - Instrumenting class 'org.apache.avro.file.DataFileWriter_ESTest'.
[main] INFO org.evosuite.runtime.instrumentation.EvoClassLoader - Seeing class for first time: org.apache.avro.file.DataFileWriter_ESTest_scaffolding
[main] INFO org.evosuite.runtime.instrumentation.EvoClassLoader - Instrumenting class 'org.apache.avro.file.DataFileWriter_ESTest_scaffolding'.
[main] INFO org.evosuite.runtime.instrumentation.EvoClassLoader - Keeping class: org.apache.avro.file.DataFileWriter_ESTest_scaffolding
[main] INFO org.evosuite.runtime.instrumentation.EvoClassLoader - Keeping class: org.apache.avro.file.DataFileWriter_ESTest
[main] INFO org.evosuite.runtime.instrumentation.EvoClassLoader - Seeing class for first time: org.apache.avro.io.DatumWriter
[main] INFO org.evosuite.runtime.instrumentation.EvoClassLoader - Instrumenting class 'org.apache.avro.io.DatumWriter'.
[main] INFO org.evosuite.runtime.instrumentation.EvoClassLoader - Keeping class: org.apache.avro.io.DatumWriter
[main] INFO org.evosuite.runtime.instrumentation.EvoClassLoader - Seeing class for first time: org.apache.avro.file.CodecFactory
[main] INFO org.evosuite.runtime.instrumentation.EvoClassLoader - Instrumenting class 'org.apache.avro.file.CodecFactory'.
[main] INFO org.evosuite.runtime.instrumentation.MethodCallReplacementClassAdapter - Adding mock interface to class org/apache/avro/file/CodecFactory
[main] INFO org.evosuite.runtime.instrumentation.CreateClassResetClassAdapter - Found static initializer in class org/apache/avro/file/CodecFactory
[main] INFO org.evosuite.runtime.instrumentation.EvoClassLoader - Keeping class: org.apache.avro.file.CodecFactory
[main] INFO org.evosuite.runtime.instrumentation.EvoClassLoader - Seeing class for first time: org.apache.avro.file.ZstandardCodec$Option
[main] INFO org.evosuite.runtime.instrumentation.EvoClassLoader - Instrumenting class 'org.apache.avro.file.ZstandardCodec$Option'.
[main] INFO org.evosuite.runtime.instrumentation.MethodCallReplacementClassAdapter - Adding mock interface to class org/apache/avro/file/ZstandardCodec$Option
[main] INFO org.evosuite.runtime.instrumentation.CreateClassResetClassAdapter - Creating brand-new static initializer in class org/apache/avro/file/ZstandardCodec$Option
[main] INFO org.evosuite.runtime.instrumentation.EvoClassLoader - Keeping class: org.apache.avro.file.ZstandardCodec$Option
[main] INFO org.evosuite.runtime.instrumentation.EvoClassLoader - Seeing class for first time: org.apache.avro.file.SyncableFileOutputStream
[main] INFO org.evosuite.runtime.instrumentation.EvoClassLoader - Instrumenting class 'org.apache.avro.file.SyncableFileOutputStream'.
[main] INFO org.evosuite.runtime.instrumentation.MethodCallReplacementClassAdapter - Adding mock interface to class org/apache/avro/file/SyncableFileOutputStream
[main] INFO org.evosuite.runtime.instrumentation.CreateClassResetClassAdapter - Creating brand-new static initializer in class org/apache/avro/file/SyncableFileOutputStream
[main] INFO org.evosuite.runtime.instrumentation.EvoClassLoader - Seeing class for first time: org.apache.avro.file.Syncable
[main] INFO org.evosuite.runtime.instrumentation.EvoClassLoader - Instrumenting class 'org.apache.avro.file.Syncable'.
[main] INFO org.evosuite.runtime.instrumentation.EvoClassLoader - Keeping class: org.apache.avro.file.Syncable
[main] INFO org.evosuite.runtime.instrumentation.EvoClassLoader - Keeping class: org.apache.avro.file.SyncableFileOutputStream
[main] INFO org.evosuite.runtime.instrumentation.EvoClassLoader - Seeing class for first time: org.apache.avro.file.XZCodec$Option
[main] INFO org.evosuite.runtime.instrumentation.EvoClassLoader - Instrumenting class 'org.apache.avro.file.XZCodec$Option'.
[main] INFO org.evosuite.runtime.instrumentation.MethodCallReplacementClassAdapter - Adding mock interface to class org/apache/avro/file/XZCodec$Option
[main] INFO org.evosuite.runtime.instrumentation.CreateClassResetClassAdapter - Creating brand-new static initializer in class org/apache/avro/file/XZCodec$Option
[main] INFO org.evosuite.runtime.instrumentation.EvoClassLoader - Keeping class: org.apache.avro.file.XZCodec$Option
[main] INFO org.evosuite.runtime.instrumentation.EvoClassLoader - Seeing class for first time: com.fasterxml.jackson.core.util.ByteArrayBuilder
[main] INFO org.evosuite.runtime.instrumentation.EvoClassLoader - Instrumenting class 'com.fasterxml.jackson.core.util.ByteArrayBuilder'.
[main] INFO org.evosuite.runtime.instrumentation.MethodCallReplacementClassAdapter - Adding mock interface to class com/fasterxml/jackson/core/util/ByteArrayBuilder
[main] INFO org.evosuite.runtime.instrumentation.CreateClassResetClassAdapter - Found static initializer in class com/fasterxml/jackson/core/util/ByteArrayBuilder
[main] INFO org.evosuite.runtime.instrumentation.EvoClassLoader - Keeping class: com.fasterxml.jackson.core.util.ByteArrayBuilder
[main] INFO org.evosuite.runtime.instrumentation.EvoClassLoader - Seeing class for first time: org.apache.avro.generic.GenericData
[main] INFO org.evosuite.runtime.instrumentation.EvoClassLoader - Instrumenting class 'org.apache.avro.generic.GenericData'.
[main] INFO org.evosuite.runtime.instrumentation.MethodCallReplacementClassAdapter - Adding mock interface to class org/apache/avro/generic/GenericData
[main] INFO org.evosuite.runtime.instrumentation.CreateClassResetClassAdapter - Found static initializer in class org/apache/avro/generic/GenericData
[main] INFO org.evosuite.runtime.instrumentation.EvoClassLoader - Keeping class: org.apache.avro.generic.GenericData
[main] INFO org.evosuite.runtime.instrumentation.EvoClassLoader - Seeing class for first time: org.apache.avro.specific.SpecificData
[main] INFO org.evosuite.runtime.instrumentation.EvoClassLoader - Instrumenting class 'org.apache.avro.specific.SpecificData'.
[main] INFO org.evosuite.runtime.instrumentation.MethodCallReplacementClassAdapter - Adding mock interface to class org/apache/avro/specific/SpecificData
[main] INFO org.evosuite.runtime.instrumentation.CreateClassResetClassAdapter - Found static initializer in class org/apache/avro/specific/SpecificData
[main] INFO org.evosuite.runtime.instrumentation.EvoClassLoader - Keeping class: org.apache.avro.specific.SpecificData
[main] INFO org.evosuite.runtime.instrumentation.EvoClassLoader - Seeing class for first time: org.apache.avro.file.SeekableInput
[main] INFO org.evosuite.runtime.instrumentation.EvoClassLoader - Instrumenting class 'org.apache.avro.file.SeekableInput'.
[main] INFO org.evosuite.runtime.instrumentation.EvoClassLoader - Keeping class: org.apache.avro.file.SeekableInput
[main] INFO org.evosuite.runtime.instrumentation.EvoClassLoader - Seeing class for first time: org.apache.avro.file.SeekableFileInput
[main] INFO org.evosuite.runtime.instrumentation.EvoClassLoader - Instrumenting class 'org.apache.avro.file.SeekableFileInput'.
[main] INFO org.evosuite.runtime.instrumentation.MethodCallReplacementClassAdapter - Adding mock interface to class org/apache/avro/file/SeekableFileInput
[main] INFO org.evosuite.runtime.instrumentation.CreateClassResetClassAdapter - Creating brand-new static initializer in class org/apache/avro/file/SeekableFileInput
[main] INFO org.evosuite.runtime.instrumentation.EvoClassLoader - Keeping class: org.apache.avro.file.SeekableFileInput
[main] INFO org.evosuite.runtime.instrumentation.EvoClassLoader - Seeing class for first time: com.fasterxml.jackson.databind.jsontype.DefaultBaseTypeLimitingValidator
[main] INFO org.evosuite.runtime.instrumentation.EvoClassLoader - Instrumenting class 'com.fasterxml.jackson.databind.jsontype.DefaultBaseTypeLimitingValidator'.
[main] INFO org.evosuite.runtime.instrumentation.MethodCallReplacementClassAdapter - Adding mock interface to class com/fasterxml/jackson/databind/jsontype/DefaultBaseTypeLimitingValidator
[main] INFO org.evosuite.runtime.instrumentation.CreateClassResetClassAdapter - Creating brand-new static initializer in class com/fasterxml/jackson/databind/jsontype/DefaultBaseTypeLimitingValidator
[main] INFO org.evosuite.runtime.instrumentation.EvoClassLoader - Defined package (3): package com.fasterxml.jackson.databind.jsontype, -951449343
[main] INFO org.evosuite.runtime.instrumentation.EvoClassLoader - Seeing class for first time: com.fasterxml.jackson.databind.jsontype.PolymorphicTypeValidator
[main] INFO org.evosuite.runtime.instrumentation.EvoClassLoader - Instrumenting class 'com.fasterxml.jackson.databind.jsontype.PolymorphicTypeValidator'.
[main] INFO org.evosuite.runtime.instrumentation.MethodCallReplacementClassAdapter - Adding mock interface to class com/fasterxml/jackson/databind/jsontype/PolymorphicTypeValidator
[main] INFO org.evosuite.runtime.instrumentation.CreateClassResetClassAdapter - Creating brand-new static initializer in class com/fasterxml/jackson/databind/jsontype/PolymorphicTypeValidator
[main] INFO org.evosuite.runtime.instrumentation.EvoClassLoader - Keeping class: com.fasterxml.jackson.databind.jsontype.PolymorphicTypeValidator
[main] INFO org.evosuite.runtime.instrumentation.EvoClassLoader - Keeping class: com.fasterxml.jackson.databind.jsontype.DefaultBaseTypeLimitingValidator
[main] INFO org.evosuite.runtime.instrumentation.EvoClassLoader - Seeing class for first time: com.fasterxml.jackson.core.JsonFactoryBuilder
[main] INFO org.evosuite.runtime.instrumentation.EvoClassLoader - Instrumenting class 'com.fasterxml.jackson.core.JsonFactoryBuilder'.
[main] INFO org.evosuite.runtime.instrumentation.MethodCallReplacementClassAdapter - Adding mock interface to class com/fasterxml/jackson/core/JsonFactoryBuilder
[main] INFO org.evosuite.runtime.instrumentation.CreateClassResetClassAdapter - Creating brand-new static initializer in class com/fasterxml/jackson/core/JsonFactoryBuilder
[main] INFO org.evosuite.runtime.instrumentation.EvoClassLoader - Defined package (3): package com.fasterxml.jackson.core, 1215208167
[main] INFO org.evosuite.runtime.instrumentation.EvoClassLoader - Seeing class for first time: com.fasterxml.jackson.core.TSFBuilder
[main] INFO org.evosuite.runtime.instrumentation.EvoClassLoader - Instrumenting class 'com.fasterxml.jackson.core.TSFBuilder'.
[main] INFO org.evosuite.runtime.instrumentation.MethodCallReplacementClassAdapter - Adding mock interface to class com/fasterxml/jackson/core/TSFBuilder
[main] INFO org.evosuite.runtime.instrumentation.CreateClassResetClassAdapter - Found static initializer in class com/fasterxml/jackson/core/TSFBuilder
[main] INFO org.evosuite.runtime.instrumentation.EvoClassLoader - Keeping class: com.fasterxml.jackson.core.TSFBuilder
[main] INFO org.evosuite.runtime.instrumentation.EvoClassLoader - Keeping class: com.fasterxml.jackson.core.JsonFactoryBuilder
[main] INFO org.evosuite.runtime.instrumentation.EvoClassLoader - Seeing class for first time: com.fasterxml.jackson.core.SerializableString
[main] INFO org.evosuite.runtime.instrumentation.EvoClassLoader - Instrumenting class 'com.fasterxml.jackson.core.SerializableString'.
[main] INFO org.evosuite.runtime.instrumentation.EvoClassLoader - Keeping class: com.fasterxml.jackson.core.SerializableString
[main] INFO org.evosuite.runtime.instrumentation.EvoClassLoader - Seeing class for first time: com.fasterxml.jackson.core.JsonFactory$Feature
[main] INFO org.evosuite.runtime.instrumentation.EvoClassLoader - Instrumenting class 'com.fasterxml.jackson.core.JsonFactory$Feature'.
[main] INFO org.evosuite.runtime.instrumentation.MethodCallReplacementClassAdapter - Adding mock interface to class com/fasterxml/jackson/core/JsonFactory$Feature
[main] INFO org.evosuite.runtime.instrumentation.CreateClassResetClassAdapter - Found static initializer in class com/fasterxml/jackson/core/JsonFactory$Feature
[main] INFO org.evosuite.runtime.instrumentation.EvoClassLoader - Seeing class for first time: com.fasterxml.jackson.core.util.JacksonFeature
[main] INFO org.evosuite.runtime.instrumentation.EvoClassLoader - Instrumenting class 'com.fasterxml.jackson.core.util.JacksonFeature'.
[main] INFO org.evosuite.runtime.instrumentation.EvoClassLoader - Keeping class: com.fasterxml.jackson.core.util.JacksonFeature
[main] INFO org.evosuite.runtime.instrumentation.EvoClassLoader - Keeping class: com.fasterxml.jackson.core.JsonFactory$Feature
[main] INFO org.evosuite.runtime.instrumentation.EvoClassLoader - Seeing class for first time: com.fasterxml.jackson.core.JsonParser$Feature
[main] INFO org.evosuite.runtime.instrumentation.EvoClassLoader - Instrumenting class 'com.fasterxml.jackson.core.JsonParser$Feature'.
[main] INFO org.evosuite.runtime.instrumentation.MethodCallReplacementClassAdapter - Adding mock interface to class com/fasterxml/jackson/core/JsonParser$Feature
[main] INFO org.evosuite.runtime.instrumentation.CreateClassResetClassAdapter - Found static initializer in class com/fasterxml/jackson/core/JsonParser$Feature
[main] INFO org.evosuite.runtime.instrumentation.EvoClassLoader - Keeping class: com.fasterxml.jackson.core.JsonParser$Feature
[main] INFO org.evosuite.runtime.instrumentation.EvoClassLoader - Seeing class for first time: com.fasterxml.jackson.core.JsonGenerator$Feature
[main] INFO org.evosuite.runtime.instrumentation.EvoClassLoader - Instrumenting class 'com.fasterxml.jackson.core.JsonGenerator$Feature'.
[main] INFO org.evosuite.runtime.instrumentation.MethodCallReplacementClassAdapter - Adding mock interface to class com/fasterxml/jackson/core/JsonGenerator$Feature
[main] INFO org.evosuite.runtime.instrumentation.CreateClassResetClassAdapter - Found static initializer in class com/fasterxml/jackson/core/JsonGenerator$Feature
[main] INFO org.evosuite.runtime.instrumentation.EvoClassLoader - Keeping class: com.fasterxml.jackson.core.JsonGenerator$Feature
[main] INFO org.evosuite.runtime.instrumentation.EvoClassLoader - Seeing class for first time: com.fasterxml.jackson.databind.deser.BeanDeserializerModifier
[main] INFO org.evosuite.runtime.instrumentation.EvoClassLoader - Instrumenting class 'com.fasterxml.jackson.databind.deser.BeanDeserializerModifier'.
[main] INFO org.evosuite.runtime.instrumentation.MethodCallReplacementClassAdapter - Adding mock interface to class com/fasterxml/jackson/databind/deser/BeanDeserializerModifier
[main] INFO org.evosuite.runtime.instrumentation.CreateClassResetClassAdapter - Creating brand-new static initializer in class com/fasterxml/jackson/databind/deser/BeanDeserializerModifier
[main] INFO org.evosuite.runtime.instrumentation.EvoClassLoader - Defined package (3): package com.fasterxml.jackson.databind.deser, -1939449920
[main] INFO org.evosuite.runtime.instrumentation.EvoClassLoader - Keeping class: com.fasterxml.jackson.databind.deser.BeanDeserializerModifier
[main] INFO org.evosuite.runtime.instrumentation.EvoClassLoader - Seeing class for first time: org.apache.avro.io.DirectBinaryDecoder
[main] INFO org.evosuite.runtime.instrumentation.EvoClassLoader - Instrumenting class 'org.apache.avro.io.DirectBinaryDecoder'.
[main] INFO org.evosuite.runtime.instrumentation.MethodCallReplacementClassAdapter - Adding mock interface to class org/apache/avro/io/DirectBinaryDecoder
[main] INFO org.evosuite.runtime.instrumentation.CreateClassResetClassAdapter - Creating brand-new static initializer in class org/apache/avro/io/DirectBinaryDecoder
[main] INFO org.evosuite.runtime.instrumentation.EvoClassLoader - Seeing class for first time: org.apache.avro.io.BinaryDecoder
[main] INFO org.evosuite.runtime.instrumentation.EvoClassLoader - Instrumenting class 'org.apache.avro.io.BinaryDecoder'.
[main] INFO org.evosuite.runtime.instrumentation.MethodCallReplacementClassAdapter - Adding mock interface to class org/apache/avro/io/BinaryDecoder
[main] INFO org.evosuite.runtime.instrumentation.CreateClassResetClassAdapter - Creating brand-new static initializer in class org/apache/avro/io/BinaryDecoder
[main] INFO org.evosuite.runtime.instrumentation.CreateClassResetClassAdapter - Adding bytecode for initializing field MAX_ARRAY_SIZE
[main] INFO org.evosuite.runtime.instrumentation.CreateClassResetClassAdapter - Adding bytecode for initializing field MAX_BYTES_LENGTH_PROPERTY
[main] INFO org.evosuite.runtime.instrumentation.EvoClassLoader - Seeing class for first time: org.apache.avro.io.Decoder
[main] INFO org.evosuite.runtime.instrumentation.EvoClassLoader - Instrumenting class 'org.apache.avro.io.Decoder'.
[main] INFO org.evosuite.runtime.instrumentation.MethodCallReplacementClassAdapter - Adding mock interface to class org/apache/avro/io/Decoder
[main] INFO org.evosuite.runtime.instrumentation.CreateClassResetClassAdapter - Creating brand-new static initializer in class org/apache/avro/io/Decoder
[main] INFO org.evosuite.runtime.instrumentation.EvoClassLoader - Keeping class: org.apache.avro.io.Decoder
[main] INFO org.evosuite.runtime.instrumentation.EvoClassLoader - Keeping class: org.apache.avro.io.BinaryDecoder
[main] INFO org.evosuite.runtime.instrumentation.EvoClassLoader - Keeping class: org.apache.avro.io.DirectBinaryDecoder
[main] INFO org.evosuite.runtime.instrumentation.EvoClassLoader - Seeing class for first time: org.apache.avro.io.BinaryDecoder$ByteSource
[main] INFO org.evosuite.runtime.instrumentation.EvoClassLoader - Instrumenting class 'org.apache.avro.io.BinaryDecoder$ByteSource'.
[main] INFO org.evosuite.runtime.instrumentation.MethodCallReplacementClassAdapter - Adding mock interface to class org/apache/avro/io/BinaryDecoder$ByteSource
[main] INFO org.evosuite.runtime.instrumentation.CreateClassResetClassAdapter - Creating brand-new static initializer in class org/apache/avro/io/BinaryDecoder$ByteSource
[main] INFO org.evosuite.runtime.instrumentation.EvoClassLoader - Keeping class: org.apache.avro.io.BinaryDecoder$ByteSource
[main] INFO org.evosuite.runtime.instrumentation.EvoClassLoader - Seeing class for first time: org.apache.avro.io.BinaryDecoder$ByteArrayByteSource
[main] INFO org.evosuite.runtime.instrumentation.EvoClassLoader - Instrumenting class 'org.apache.avro.io.BinaryDecoder$ByteArrayByteSource'.
[main] INFO org.evosuite.runtime.instrumentation.MethodCallReplacementClassAdapter - Adding mock interface to class org/apache/avro/io/BinaryDecoder$ByteArrayByteSource
[main] INFO org.evosuite.runtime.instrumentation.CreateClassResetClassAdapter - Creating brand-new static initializer in class org/apache/avro/io/BinaryDecoder$ByteArrayByteSource
[main] INFO org.evosuite.runtime.instrumentation.CreateClassResetClassAdapter - Adding bytecode for initializing field MIN_SIZE
[main] INFO org.evosuite.runtime.instrumentation.EvoClassLoader - Keeping class: org.apache.avro.io.BinaryDecoder$ByteArrayByteSource
[main] INFO org.evosuite.runtime.instrumentation.EvoClassLoader - Seeing class for first time: org.apache.avro.io.BinaryDecoder$InputStreamByteSource
[main] INFO org.evosuite.runtime.instrumentation.EvoClassLoader - Instrumenting class 'org.apache.avro.io.BinaryDecoder$InputStreamByteSource'.
[main] INFO org.evosuite.runtime.instrumentation.MethodCallReplacementClassAdapter - Adding mock interface to class org/apache/avro/io/BinaryDecoder$InputStreamByteSource
[main] INFO org.evosuite.runtime.instrumentation.CreateClassResetClassAdapter - Creating brand-new static initializer in class org/apache/avro/io/BinaryDecoder$InputStreamByteSource
[main] INFO org.evosuite.runtime.instrumentation.EvoClassLoader - Keeping class: org.apache.avro.io.BinaryDecoder$InputStreamByteSource
[main] INFO org.evosuite.runtime.instrumentation.EvoClassLoader - Seeing class for first time: org.apache.avro.AvroRuntimeException
[main] INFO org.evosuite.runtime.instrumentation.EvoClassLoader - Instrumenting class 'org.apache.avro.AvroRuntimeException'.
[main] INFO org.evosuite.runtime.instrumentation.MethodCallReplacementClassAdapter - Adding mock interface to class org/apache/avro/AvroRuntimeException
[main] INFO org.evosuite.runtime.instrumentation.CreateClassResetClassAdapter - Creating brand-new static initializer in class org/apache/avro/AvroRuntimeException
[main] INFO org.evosuite.runtime.instrumentation.EvoClassLoader - Defined package (3): package org.apache.avro, -1259506232
[main] INFO org.evosuite.runtime.instrumentation.EvoClassLoader - Keeping class: org.apache.avro.AvroRuntimeException
[main] INFO org.evosuite.runtime.instrumentation.EvoClassLoader - Seeing class for first time: org.apache.avro.InvalidNumberEncodingException
[main] INFO org.evosuite.runtime.instrumentation.EvoClassLoader - Instrumenting class 'org.apache.avro.InvalidNumberEncodingException'.
[main] INFO org.evosuite.runtime.instrumentation.MethodCallReplacementClassAdapter - Adding mock interface to class org/apache/avro/InvalidNumberEncodingException
[main] INFO org.evosuite.runtime.instrumentation.CreateClassResetClassAdapter - Creating brand-new static initializer in class org/apache/avro/InvalidNumberEncodingException
[main] INFO org.evosuite.runtime.instrumentation.EvoClassLoader - Keeping class: org.apache.avro.InvalidNumberEncodingException
[main] INFO org.evosuite.runtime.instrumentation.EvoClassLoader - Seeing class for first time: org.apache.avro.io.DirectBinaryDecoder$ByteReader
[main] INFO org.evosuite.runtime.instrumentation.EvoClassLoader - Instrumenting class 'org.apache.avro.io.DirectBinaryDecoder$ByteReader'.
[main] INFO org.evosuite.runtime.instrumentation.MethodCallReplacementClassAdapter - Adding mock interface to class org/apache/avro/io/DirectBinaryDecoder$ByteReader
[main] INFO org.evosuite.runtime.instrumentation.CreateClassResetClassAdapter - Creating brand-new static initializer in class org/apache/avro/io/DirectBinaryDecoder$ByteReader
[main] INFO org.evosuite.runtime.instrumentation.EvoClassLoader - Keeping class: org.apache.avro.io.DirectBinaryDecoder$ByteReader
[main] INFO org.evosuite.runtime.instrumentation.EvoClassLoader - Seeing class for first time: org.apache.avro.io.DirectBinaryDecoder$ReuseByteReader
[main] INFO org.evosuite.runtime.instrumentation.EvoClassLoader - Instrumenting class 'org.apache.avro.io.DirectBinaryDecoder$ReuseByteReader'.
[main] INFO org.evosuite.runtime.instrumentation.MethodCallReplacementClassAdapter - Adding mock interface to class org/apache/avro/io/DirectBinaryDecoder$ReuseByteReader
[main] INFO org.evosuite.runtime.instrumentation.CreateClassResetClassAdapter - Creating brand-new static initializer in class org/apache/avro/io/DirectBinaryDecoder$ReuseByteReader
[main] INFO org.evosuite.runtime.instrumentation.EvoClassLoader - Keeping class: org.apache.avro.io.DirectBinaryDecoder$ReuseByteReader
[main] INFO org.evosuite.runtime.instrumentation.EvoClassLoader - Seeing class for first time: com.fasterxml.jackson.databind.ser.std.NumberSerializer$BigDecimalAsStringSerializer
[main] INFO org.evosuite.runtime.instrumentation.EvoClassLoader - Instrumenting class 'com.fasterxml.jackson.databind.ser.std.NumberSerializer$BigDecimalAsStringSerializer'.
[main] INFO org.evosuite.runtime.instrumentation.MethodCallReplacementClassAdapter - Adding mock interface to class com/fasterxml/jackson/databind/ser/std/NumberSerializer$BigDecimalAsStringSerializer
[main] INFO org.evosuite.runtime.instrumentation.CreateClassResetClassAdapter - Found static initializer in class com/fasterxml/jackson/databind/ser/std/NumberSerializer$BigDecimalAsStringSerializer
[main] INFO org.evosuite.runtime.instrumentation.EvoClassLoader - Defined package (3): package com.fasterxml.jackson.databind.ser.std, 629529302
[main] INFO org.evosuite.runtime.instrumentation.EvoClassLoader - Seeing class for first time: com.fasterxml.jackson.databind.ser.std.ToStringSerializerBase
[main] INFO org.evosuite.runtime.instrumentation.EvoClassLoader - Instrumenting class 'com.fasterxml.jackson.databind.ser.std.ToStringSerializerBase'.
[main] INFO org.evosuite.runtime.instrumentation.MethodCallReplacementClassAdapter - Adding mock interface to class com/fasterxml/jackson/databind/ser/std/ToStringSerializerBase
[main] INFO org.evosuite.runtime.instrumentation.CreateClassResetClassAdapter - Creating brand-new static initializer in class com/fasterxml/jackson/databind/ser/std/ToStringSerializerBase
[main] INFO org.evosuite.runtime.instrumentation.EvoClassLoader - Seeing class for first time: com.fasterxml.jackson.databind.ser.std.StdSerializer
[main] INFO org.evosuite.runtime.instrumentation.EvoClassLoader - Instrumenting class 'com.fasterxml.jackson.databind.ser.std.StdSerializer'.
[main] INFO org.evosuite.runtime.instrumentation.MethodCallReplacementClassAdapter - Adding mock interface to class com/fasterxml/jackson/databind/ser/std/StdSerializer
[main] INFO org.evosuite.runtime.instrumentation.CreateClassResetClassAdapter - Found static initializer in class com/fasterxml/jackson/databind/ser/std/StdSerializer
[main] INFO org.evosuite.runtime.instrumentation.EvoClassLoader - Seeing class for first time: com.fasterxml.jackson.databind.jsonFormatVisitors.JsonFormatVisitable
[main] INFO org.evosuite.runtime.instrumentation.EvoClassLoader - Instrumenting class 'com.fasterxml.jackson.databind.jsonFormatVisitors.JsonFormatVisitable'.
[main] INFO org.evosuite.runtime.instrumentation.EvoClassLoader - Defined package (3): package com.fasterxml.jackson.databind.jsonFormatVisitors, 1118619651
[main] INFO org.evosuite.runtime.instrumentation.EvoClassLoader - Keeping class: com.fasterxml.jackson.databind.jsonFormatVisitors.JsonFormatVisitable
[main] INFO org.evosuite.runtime.instrumentation.EvoClassLoader - Seeing class for first time: com.fasterxml.jackson.databind.jsonschema.SchemaAware
[main] INFO org.evosuite.runtime.instrumentation.EvoClassLoader - Instrumenting class 'com.fasterxml.jackson.databind.jsonschema.SchemaAware'.
[main] INFO org.evosuite.runtime.instrumentation.EvoClassLoader - Defined package (3): package com.fasterxml.jackson.databind.jsonschema, 436033960
[main] INFO org.evosuite.runtime.instrumentation.EvoClassLoader - Keeping class: com.fasterxml.jackson.databind.jsonschema.SchemaAware
[main] INFO org.evosuite.runtime.instrumentation.EvoClassLoader - Seeing class for first time: com.fasterxml.jackson.databind.JsonSerializer
[main] INFO org.evosuite.runtime.instrumentation.EvoClassLoader - Instrumenting class 'com.fasterxml.jackson.databind.JsonSerializer'.
[main] INFO org.evosuite.runtime.instrumentation.MethodCallReplacementClassAdapter - Adding mock interface to class com/fasterxml/jackson/databind/JsonSerializer
[main] INFO org.evosuite.runtime.instrumentation.CreateClassResetClassAdapter - Creating brand-new static initializer in class com/fasterxml/jackson/databind/JsonSerializer
[main] INFO org.evosuite.runtime.instrumentation.EvoClassLoader - Defined package (3): package com.fasterxml.jackson.databind, 1861367343
[main] INFO org.evosuite.runtime.instrumentation.EvoClassLoader - Keeping class: com.fasterxml.jackson.databind.JsonSerializer
[main] INFO org.evosuite.runtime.instrumentation.EvoClassLoader - Keeping class: com.fasterxml.jackson.databind.ser.std.StdSerializer
[main] INFO org.evosuite.runtime.instrumentation.EvoClassLoader - Keeping class: com.fasterxml.jackson.databind.ser.std.ToStringSerializerBase
[main] INFO org.evosuite.runtime.instrumentation.EvoClassLoader - Keeping class: com.fasterxml.jackson.databind.ser.std.NumberSerializer$BigDecimalAsStringSerializer
[main] INFO org.evosuite.runtime.instrumentation.EvoClassLoader - Seeing class for first time: com.fasterxml.jackson.databind.JsonNode
[main] INFO org.evosuite.runtime.instrumentation.EvoClassLoader - Instrumenting class 'com.fasterxml.jackson.databind.JsonNode'.
[main] INFO org.evosuite.runtime.instrumentation.MethodCallReplacementClassAdapter - Adding mock interface to class com/fasterxml/jackson/databind/JsonNode
[main] INFO org.evosuite.runtime.instrumentation.CreateClassResetClassAdapter - Creating brand-new static initializer in class com/fasterxml/jackson/databind/JsonNode
[main] INFO org.evosuite.runtime.instrumentation.EvoClassLoader - Seeing class for first time: com.fasterxml.jackson.core.TreeNode
[main] INFO org.evosuite.runtime.instrumentation.EvoClassLoader - Instrumenting class 'com.fasterxml.jackson.core.TreeNode'.
[main] INFO org.evosuite.runtime.instrumentation.EvoClassLoader - Keeping class: com.fasterxml.jackson.core.TreeNode
[main] INFO org.evosuite.runtime.instrumentation.EvoClassLoader - Seeing class for first time: com.fasterxml.jackson.databind.JsonSerializable$Base
[main] INFO org.evosuite.runtime.instrumentation.EvoClassLoader - Instrumenting class 'com.fasterxml.jackson.databind.JsonSerializable$Base'.
[main] INFO org.evosuite.runtime.instrumentation.MethodCallReplacementClassAdapter - Adding mock interface to class com/fasterxml/jackson/databind/JsonSerializable$Base
[main] INFO org.evosuite.runtime.instrumentation.CreateClassResetClassAdapter - Creating brand-new static initializer in class com/fasterxml/jackson/databind/JsonSerializable$Base
[main] INFO org.evosuite.runtime.instrumentation.EvoClassLoader - Seeing class for first time: com.fasterxml.jackson.databind.JsonSerializable
[main] INFO org.evosuite.runtime.instrumentation.EvoClassLoader - Instrumenting class 'com.fasterxml.jackson.databind.JsonSerializable'.
[main] INFO org.evosuite.runtime.instrumentation.EvoClassLoader - Keeping class: com.fasterxml.jackson.databind.JsonSerializable
[main] INFO org.evosuite.runtime.instrumentation.EvoClassLoader - Keeping class: com.fasterxml.jackson.databind.JsonSerializable$Base
[main] INFO org.evosuite.runtime.instrumentation.EvoClassLoader - Keeping class: com.fasterxml.jackson.databind.JsonNode
[main] INFO org.evosuite.runtime.instrumentation.EvoClassLoader - Seeing class for first time: com.fasterxml.jackson.databind.node.ObjectNode
[main] INFO org.evosuite.runtime.instrumentation.EvoClassLoader - Instrumenting class 'com.fasterxml.jackson.databind.node.ObjectNode'.
[main] INFO org.evosuite.runtime.instrumentation.MethodCallReplacementClassAdapter - Adding mock interface to class com/fasterxml/jackson/databind/node/ObjectNode
[main] INFO org.evosuite.runtime.instrumentation.CreateClassResetClassAdapter - Creating brand-new static initializer in class com/fasterxml/jackson/databind/node/ObjectNode
[main] INFO org.evosuite.runtime.instrumentation.EvoClassLoader - Defined package (3): package com.fasterxml.jackson.databind.node, -1863371167
[main] INFO org.evosuite.runtime.instrumentation.EvoClassLoader - Seeing class for first time: com.fasterxml.jackson.databind.node.ContainerNode
[main] INFO org.evosuite.runtime.instrumentation.EvoClassLoader - Instrumenting class 'com.fasterxml.jackson.databind.node.ContainerNode'.
[main] INFO org.evosuite.runtime.instrumentation.MethodCallReplacementClassAdapter - Adding mock interface to class com/fasterxml/jackson/databind/node/ContainerNode
[main] INFO org.evosuite.runtime.instrumentation.CreateClassResetClassAdapter - Creating brand-new static initializer in class com/fasterxml/jackson/databind/node/ContainerNode
[main] INFO org.evosuite.runtime.instrumentation.EvoClassLoader - Seeing class for first time: com.fasterxml.jackson.databind.node.JsonNodeCreator
[main] INFO org.evosuite.runtime.instrumentation.EvoClassLoader - Instrumenting class 'com.fasterxml.jackson.databind.node.JsonNodeCreator'.
[main] INFO org.evosuite.runtime.instrumentation.EvoClassLoader - Keeping class: com.fasterxml.jackson.databind.node.JsonNodeCreator
[main] INFO org.evosuite.runtime.instrumentation.EvoClassLoader - Seeing class for first time: com.fasterxml.jackson.databind.node.BaseJsonNode
[main] INFO org.evosuite.runtime.instrumentation.EvoClassLoader - Instrumenting class 'com.fasterxml.jackson.databind.node.BaseJsonNode'.
[main] INFO org.evosuite.runtime.instrumentation.MethodCallReplacementClassAdapter - Adding mock interface to class com/fasterxml/jackson/databind/node/BaseJsonNode
[main] INFO org.evosuite.runtime.instrumentation.CreateClassResetClassAdapter - Creating brand-new static initializer in class com/fasterxml/jackson/databind/node/BaseJsonNode
[main] INFO org.evosuite.runtime.instrumentation.EvoClassLoader - Keeping class: com.fasterxml.jackson.databind.node.BaseJsonNode
[main] INFO org.evosuite.runtime.instrumentation.EvoClassLoader - Keeping class: com.fasterxml.jackson.databind.node.ContainerNode
[main] INFO org.evosuite.runtime.instrumentation.EvoClassLoader - Keeping class: com.fasterxml.jackson.databind.node.ObjectNode
[main] INFO org.evosuite.runtime.instrumentation.EvoClassLoader - Seeing class for first time: com.fasterxml.jackson.databind.JsonMappingException
[main] INFO org.evosuite.runtime.instrumentation.EvoClassLoader - Instrumenting class 'com.fasterxml.jackson.databind.JsonMappingException'.
[main] INFO org.evosuite.runtime.instrumentation.MethodCallReplacementClassAdapter - Adding mock interface to class com/fasterxml/jackson/databind/JsonMappingException
[main] INFO org.evosuite.runtime.instrumentation.CreateClassResetClassAdapter - Creating brand-new static initializer in class com/fasterxml/jackson/databind/JsonMappingException
[main] INFO org.evosuite.runtime.instrumentation.CreateClassResetClassAdapter - Adding bytecode for initializing field MAX_REFS_TO_LIST
[main] INFO org.evosuite.runtime.instrumentation.EvoClassLoader - Seeing class for first time: com.fasterxml.jackson.core.JsonProcessingException
[main] INFO org.evosuite.runtime.instrumentation.EvoClassLoader - Instrumenting class 'com.fasterxml.jackson.core.JsonProcessingException'.
[main] INFO org.evosuite.runtime.instrumentation.MethodCallReplacementClassAdapter - Adding mock interface to class com/fasterxml/jackson/core/JsonProcessingException
[main] INFO org.evosuite.runtime.instrumentation.CreateClassResetClassAdapter - Creating brand-new static initializer in class com/fasterxml/jackson/core/JsonProcessingException
[main] INFO org.evosuite.runtime.instrumentation.EvoClassLoader - Seeing class for first time: com.fasterxml.jackson.core.JacksonException
[main] INFO org.evosuite.runtime.instrumentation.EvoClassLoader - Instrumenting class 'com.fasterxml.jackson.core.JacksonException'.
[main] INFO org.evosuite.runtime.instrumentation.MethodCallReplacementClassAdapter - Adding mock interface to class com/fasterxml/jackson/core/JacksonException
[main] INFO org.evosuite.runtime.instrumentation.CreateClassResetClassAdapter - Creating brand-new static initializer in class com/fasterxml/jackson/core/JacksonException
[main] INFO org.evosuite.runtime.instrumentation.EvoClassLoader - Keeping class: com.fasterxml.jackson.core.JacksonException
[main] INFO org.evosuite.runtime.instrumentation.EvoClassLoader - Keeping class: com.fasterxml.jackson.core.JsonProcessingException
[main] INFO org.evosuite.runtime.instrumentation.EvoClassLoader - Keeping class: com.fasterxml.jackson.databind.JsonMappingException
[main] INFO org.evosuite.runtime.instrumentation.EvoClassLoader - Seeing class for first time: com.fasterxml.jackson.databind.introspect.Annotated
[main] INFO org.evosuite.runtime.instrumentation.EvoClassLoader - Instrumenting class 'com.fasterxml.jackson.databind.introspect.Annotated'.
[main] INFO org.evosuite.runtime.instrumentation.MethodCallReplacementClassAdapter - Adding mock interface to class com/fasterxml/jackson/databind/introspect/Annotated
[main] INFO org.evosuite.runtime.instrumentation.CreateClassResetClassAdapter - Creating brand-new static initializer in class com/fasterxml/jackson/databind/introspect/Annotated
[main] INFO org.evosuite.runtime.instrumentation.EvoClassLoader - Defined package (3): package com.fasterxml.jackson.databind.introspect, 359547468
[main] INFO org.evosuite.runtime.instrumentation.EvoClassLoader - Keeping class: com.fasterxml.jackson.databind.introspect.Annotated
[main] INFO org.evosuite.runtime.instrumentation.EvoClassLoader - Seeing class for first time: com.fasterxml.jackson.databind.introspect.AnnotatedMember
[main] INFO org.evosuite.runtime.instrumentation.EvoClassLoader - Instrumenting class 'com.fasterxml.jackson.databind.introspect.AnnotatedMember'.
[main] INFO org.evosuite.runtime.instrumentation.MethodCallReplacementClassAdapter - Adding mock interface to class com/fasterxml/jackson/databind/introspect/AnnotatedMember
[main] INFO org.evosuite.runtime.instrumentation.CreateClassResetClassAdapter - Creating brand-new static initializer in class com/fasterxml/jackson/databind/introspect/AnnotatedMember
[main] INFO org.evosuite.runtime.instrumentation.EvoClassLoader - Keeping class: com.fasterxml.jackson.databind.introspect.AnnotatedMember
[main] INFO org.evosuite.runtime.instrumentation.EvoClassLoader - Seeing class for first time: com.fasterxml.jackson.databind.ser.std.StdDelegatingSerializer
[main] INFO org.evosuite.runtime.instrumentation.EvoClassLoader - Instrumenting class 'com.fasterxml.jackson.databind.ser.std.StdDelegatingSerializer'.
[main] INFO org.evosuite.runtime.instrumentation.MethodCallReplacementClassAdapter - Adding mock interface to class com/fasterxml/jackson/databind/ser/std/StdDelegatingSerializer
[main] INFO org.evosuite.runtime.instrumentation.CreateClassResetClassAdapter - Creating brand-new static initializer in class com/fasterxml/jackson/databind/ser/std/StdDelegatingSerializer
[main] INFO org.evosuite.runtime.instrumentation.EvoClassLoader - Seeing class for first time: com.fasterxml.jackson.databind.ser.ContextualSerializer
[main] INFO org.evosuite.runtime.instrumentation.EvoClassLoader - Instrumenting class 'com.fasterxml.jackson.databind.ser.ContextualSerializer'.
[main] INFO org.evosuite.runtime.instrumentation.EvoClassLoader - Defined package (3): package com.fasterxml.jackson.databind.ser, -1584124895
[main] INFO org.evosuite.runtime.instrumentation.EvoClassLoader - Keeping class: com.fasterxml.jackson.databind.ser.ContextualSerializer
[main] INFO org.evosuite.runtime.instrumentation.EvoClassLoader - Seeing class for first time: com.fasterxml.jackson.databind.ser.ResolvableSerializer
[main] INFO org.evosuite.runtime.instrumentation.EvoClassLoader - Instrumenting class 'com.fasterxml.jackson.databind.ser.ResolvableSerializer'.
[main] INFO org.evosuite.runtime.instrumentation.EvoClassLoader - Keeping class: com.fasterxml.jackson.databind.ser.ResolvableSerializer
[main] INFO org.evosuite.runtime.instrumentation.EvoClassLoader - Keeping class: com.fasterxml.jackson.databind.ser.std.StdDelegatingSerializer
[main] INFO org.evosuite.runtime.instrumentation.EvoClassLoader - Seeing class for first time: com.fasterxml.jackson.databind.cfg.MapperConfig
[main] INFO org.evosuite.runtime.instrumentation.EvoClassLoader - Instrumenting class 'com.fasterxml.jackson.databind.cfg.MapperConfig'.
[main] INFO org.evosuite.runtime.instrumentation.MethodCallReplacementClassAdapter - Adding mock interface to class com/fasterxml/jackson/databind/cfg/MapperConfig
[main] INFO org.evosuite.runtime.instrumentation.CreateClassResetClassAdapter - Found static initializer in class com/fasterxml/jackson/databind/cfg/MapperConfig
[main] INFO org.evosuite.runtime.instrumentation.EvoClassLoader - Defined package (3): package com.fasterxml.jackson.databind.cfg, -1584140251
[main] INFO org.evosuite.runtime.instrumentation.EvoClassLoader - Seeing class for first time: com.fasterxml.jackson.databind.introspect.ClassIntrospector$MixInResolver
[main] INFO org.evosuite.runtime.instrumentation.EvoClassLoader - Instrumenting class 'com.fasterxml.jackson.databind.introspect.ClassIntrospector$MixInResolver'.
[main] INFO org.evosuite.runtime.instrumentation.EvoClassLoader - Keeping class: com.fasterxml.jackson.databind.introspect.ClassIntrospector$MixInResolver
[main] INFO org.evosuite.runtime.instrumentation.EvoClassLoader - Keeping class: com.fasterxml.jackson.databind.cfg.MapperConfig
[main] INFO org.evosuite.runtime.instrumentation.EvoClassLoader - Seeing class for first time: com.fasterxml.jackson.databind.SerializationConfig
[main] INFO org.evosuite.runtime.instrumentation.EvoClassLoader - Instrumenting class 'com.fasterxml.jackson.databind.SerializationConfig'.
[main] INFO org.evosuite.runtime.instrumentation.MethodCallReplacementClassAdapter - Adding mock interface to class com/fasterxml/jackson/databind/SerializationConfig
[main] INFO org.evosuite.runtime.instrumentation.CreateClassResetClassAdapter - Found static initializer in class com/fasterxml/jackson/databind/SerializationConfig
[main] INFO org.evosuite.runtime.instrumentation.EvoClassLoader - Seeing class for first time: com.fasterxml.jackson.databind.cfg.MapperConfigBase
[main] INFO org.evosuite.runtime.instrumentation.EvoClassLoader - Instrumenting class 'com.fasterxml.jackson.databind.cfg.MapperConfigBase'.
[main] INFO org.evosuite.runtime.instrumentation.MethodCallReplacementClassAdapter - Adding mock interface to class com/fasterxml/jackson/databind/cfg/MapperConfigBase
[main] INFO org.evosuite.runtime.instrumentation.CreateClassResetClassAdapter - Found static initializer in class com/fasterxml/jackson/databind/cfg/MapperConfigBase
[main] INFO org.evosuite.runtime.instrumentation.EvoClassLoader - Keeping class: com.fasterxml.jackson.databind.cfg.MapperConfigBase
[main] INFO org.evosuite.runtime.instrumentation.EvoClassLoader - Keeping class: com.fasterxml.jackson.databind.SerializationConfig
[main] INFO org.evosuite.runtime.instrumentation.EvoClassLoader - Seeing class for first time: org.apache.avro.Schema$Field$Order
[main] INFO org.evosuite.runtime.instrumentation.EvoClassLoader - Instrumenting class 'org.apache.avro.Schema$Field$Order'.
[main] INFO org.evosuite.runtime.instrumentation.MethodCallReplacementClassAdapter - Adding mock interface to class org/apache/avro/Schema$Field$Order
[main] INFO org.evosuite.runtime.instrumentation.CreateClassResetClassAdapter - Found static initializer in class org/apache/avro/Schema$Field$Order
[main] INFO org.evosuite.runtime.instrumentation.EvoClassLoader - Keeping class: org.apache.avro.Schema$Field$Order
[main] INFO org.evosuite.runtime.instrumentation.EvoClassLoader - Seeing class for first time: org.apache.avro.file.DataFileWriter$BufferedFileOutputStream$PositionFilter
[main] INFO org.evosuite.runtime.instrumentation.EvoClassLoader - Instrumenting class 'org.apache.avro.file.DataFileWriter$BufferedFileOutputStream$PositionFilter'.
[main] INFO org.evosuite.runtime.instrumentation.MethodCallReplacementClassAdapter - Adding mock interface to class org/apache/avro/file/DataFileWriter$BufferedFileOutputStream$PositionFilter
[main] INFO org.evosuite.runtime.instrumentation.CreateClassResetClassAdapter - Creating brand-new static initializer in class org/apache/avro/file/DataFileWriter$BufferedFileOutputStream$PositionFilter
[main] INFO org.evosuite.runtime.instrumentation.EvoClassLoader - Keeping class: org.apache.avro.file.DataFileWriter$BufferedFileOutputStream$PositionFilter
[main] INFO org.evosuite.runtime.instrumentation.EvoClassLoader - Seeing class for first time: com.fasterxml.jackson.databind.deser.impl.FieldProperty
[main] INFO org.evosuite.runtime.instrumentation.EvoClassLoader - Instrumenting class 'com.fasterxml.jackson.databind.deser.impl.FieldProperty'.
[main] INFO org.evosuite.runtime.instrumentation.MethodCallReplacementClassAdapter - Adding mock interface to class com/fasterxml/jackson/databind/deser/impl/FieldProperty
[main] INFO org.evosuite.runtime.instrumentation.CreateClassResetClassAdapter - Creating brand-new static initializer in class com/fasterxml/jackson/databind/deser/impl/FieldProperty
[main] INFO org.evosuite.runtime.instrumentation.EvoClassLoader - Defined package (3): package com.fasterxml.jackson.databind.deser.impl, 55843726
[main] INFO org.evosuite.runtime.instrumentation.EvoClassLoader - Seeing class for first time: com.fasterxml.jackson.databind.deser.SettableBeanProperty
[main] INFO org.evosuite.runtime.instrumentation.EvoClassLoader - Instrumenting class 'com.fasterxml.jackson.databind.deser.SettableBeanProperty'.
[main] INFO org.evosuite.runtime.instrumentation.MethodCallReplacementClassAdapter - Adding mock interface to class com/fasterxml/jackson/databind/deser/SettableBeanProperty
[main] INFO org.evosuite.runtime.instrumentation.CreateClassResetClassAdapter - Found static initializer in class com/fasterxml/jackson/databind/deser/SettableBeanProperty
[main] INFO org.evosuite.runtime.instrumentation.EvoClassLoader - Seeing class for first time: com.fasterxml.jackson.databind.introspect.ConcreteBeanPropertyBase
[main] INFO org.evosuite.runtime.instrumentation.EvoClassLoader - Instrumenting class 'com.fasterxml.jackson.databind.introspect.ConcreteBeanPropertyBase'.
[main] INFO org.evosuite.runtime.instrumentation.MethodCallReplacementClassAdapter - Adding mock interface to class com/fasterxml/jackson/databind/introspect/ConcreteBeanPropertyBase
[main] INFO org.evosuite.runtime.instrumentation.CreateClassResetClassAdapter - Creating brand-new static initializer in class com/fasterxml/jackson/databind/introspect/ConcreteBeanPropertyBase
[main] INFO org.evosuite.runtime.instrumentation.EvoClassLoader - Seeing class for first time: com.fasterxml.jackson.databind.BeanProperty
[main] INFO org.evosuite.runtime.instrumentation.EvoClassLoader - Instrumenting class 'com.fasterxml.jackson.databind.BeanProperty'.
[main] INFO org.evosuite.runtime.instrumentation.EvoClassLoader - Seeing class for first time: com.fasterxml.jackson.databind.util.Named
[main] INFO org.evosuite.runtime.instrumentation.EvoClassLoader - Instrumenting class 'com.fasterxml.jackson.databind.util.Named'.
[main] INFO org.evosuite.runtime.instrumentation.EvoClassLoader - Defined package (3): package com.fasterxml.jackson.databind.util, -1863157663
[main] INFO org.evosuite.runtime.instrumentation.EvoClassLoader - Keeping class: com.fasterxml.jackson.databind.util.Named
[main] INFO org.evosuite.runtime.instrumentation.EvoClassLoader - Keeping class: com.fasterxml.jackson.databind.BeanProperty
[main] INFO org.evosuite.runtime.instrumentation.EvoClassLoader - Keeping class: com.fasterxml.jackson.databind.introspect.ConcreteBeanPropertyBase
[main] INFO org.evosuite.runtime.instrumentation.EvoClassLoader - Keeping class: com.fasterxml.jackson.databind.deser.SettableBeanProperty
[main] INFO org.evosuite.runtime.instrumentation.EvoClassLoader - Keeping class: com.fasterxml.jackson.databind.deser.impl.FieldProperty
[main] INFO org.evosuite.runtime.instrumentation.EvoClassLoader - Seeing class for first time: com.fasterxml.jackson.databind.JsonDeserializer
[main] INFO org.evosuite.runtime.instrumentation.EvoClassLoader - Instrumenting class 'com.fasterxml.jackson.databind.JsonDeserializer'.
[main] INFO org.evosuite.runtime.instrumentation.MethodCallReplacementClassAdapter - Adding mock interface to class com/fasterxml/jackson/databind/JsonDeserializer
[main] INFO org.evosuite.runtime.instrumentation.CreateClassResetClassAdapter - Creating brand-new static initializer in class com/fasterxml/jackson/databind/JsonDeserializer
[main] INFO org.evosuite.runtime.instrumentation.EvoClassLoader - Seeing class for first time: com.fasterxml.jackson.databind.deser.NullValueProvider
[main] INFO org.evosuite.runtime.instrumentation.EvoClassLoader - Instrumenting class 'com.fasterxml.jackson.databind.deser.NullValueProvider'.
[main] INFO org.evosuite.runtime.instrumentation.EvoClassLoader - Keeping class: com.fasterxml.jackson.databind.deser.NullValueProvider
[main] INFO org.evosuite.runtime.instrumentation.EvoClassLoader - Keeping class: com.fasterxml.jackson.databind.JsonDeserializer
[main] INFO org.evosuite.runtime.instrumentation.EvoClassLoader - Seeing class for first time: com.fasterxml.jackson.databind.deser.impl.FailingDeserializer
[main] INFO org.evosuite.runtime.instrumentation.EvoClassLoader - Instrumenting class 'com.fasterxml.jackson.databind.deser.impl.FailingDeserializer'.
[main] INFO org.evosuite.runtime.instrumentation.MethodCallReplacementClassAdapter - Adding mock interface to class com/fasterxml/jackson/databind/deser/impl/FailingDeserializer
[main] INFO org.evosuite.runtime.instrumentation.CreateClassResetClassAdapter - Creating brand-new static initializer in class com/fasterxml/jackson/databind/deser/impl/FailingDeserializer
[main] INFO org.evosuite.runtime.instrumentation.EvoClassLoader - Seeing class for first time: com.fasterxml.jackson.databind.deser.std.StdDeserializer
[main] INFO org.evosuite.runtime.instrumentation.EvoClassLoader - Instrumenting class 'com.fasterxml.jackson.databind.deser.std.StdDeserializer'.
[main] INFO org.evosuite.runtime.instrumentation.MethodCallReplacementClassAdapter - Adding mock interface to class com/fasterxml/jackson/databind/deser/std/StdDeserializer
[main] INFO org.evosuite.runtime.instrumentation.CreateClassResetClassAdapter - Found static initializer in class com/fasterxml/jackson/databind/deser/std/StdDeserializer
[main] INFO org.evosuite.runtime.instrumentation.EvoClassLoader - Defined package (3): package com.fasterxml.jackson.databind.deser.std, -1106567435
[main] INFO org.evosuite.runtime.instrumentation.EvoClassLoader - Seeing class for first time: com.fasterxml.jackson.databind.deser.ValueInstantiator$Gettable
[main] INFO org.evosuite.runtime.instrumentation.EvoClassLoader - Instrumenting class 'com.fasterxml.jackson.databind.deser.ValueInstantiator$Gettable'.
[main] INFO org.evosuite.runtime.instrumentation.EvoClassLoader - Keeping class: com.fasterxml.jackson.databind.deser.ValueInstantiator$Gettable
[main] INFO org.evosuite.runtime.instrumentation.EvoClassLoader - Keeping class: com.fasterxml.jackson.databind.deser.std.StdDeserializer
[main] INFO org.evosuite.runtime.instrumentation.EvoClassLoader - Keeping class: com.fasterxml.jackson.databind.deser.impl.FailingDeserializer
[main] INFO org.evosuite.runtime.instrumentation.EvoClassLoader - Seeing class for first time: com.fasterxml.jackson.databind.introspect.AnnotatedField
[main] INFO org.evosuite.runtime.instrumentation.EvoClassLoader - Instrumenting class 'com.fasterxml.jackson.databind.introspect.AnnotatedField'.
[main] INFO org.evosuite.runtime.instrumentation.MethodCallReplacementClassAdapter - Adding mock interface to class com/fasterxml/jackson/databind/introspect/AnnotatedField
[main] INFO org.evosuite.runtime.instrumentation.CreateClassResetClassAdapter - Creating brand-new static initializer in class com/fasterxml/jackson/databind/introspect/AnnotatedField
[main] INFO org.evosuite.runtime.instrumentation.EvoClassLoader - Keeping class: com.fasterxml.jackson.databind.introspect.AnnotatedField
[main] INFO org.evosuite.runtime.instrumentation.EvoClassLoader - Seeing class for first time: com.fasterxml.jackson.databind.DeserializationConfig
[main] INFO org.evosuite.runtime.instrumentation.EvoClassLoader - Instrumenting class 'com.fasterxml.jackson.databind.DeserializationConfig'.
[main] INFO org.evosuite.runtime.instrumentation.MethodCallReplacementClassAdapter - Adding mock interface to class com/fasterxml/jackson/databind/DeserializationConfig
[main] INFO org.evosuite.runtime.instrumentation.CreateClassResetClassAdapter - Found static initializer in class com/fasterxml/jackson/databind/DeserializationConfig
[main] INFO org.evosuite.runtime.instrumentation.EvoClassLoader - Keeping class: com.fasterxml.jackson.databind.DeserializationConfig
[main] INFO org.evosuite.runtime.instrumentation.EvoClassLoader - Seeing class for first time: com.fasterxml.jackson.databind.MapperFeature
[main] INFO org.evosuite.runtime.instrumentation.EvoClassLoader - Instrumenting class 'com.fasterxml.jackson.databind.MapperFeature'.
[main] INFO org.evosuite.runtime.instrumentation.MethodCallReplacementClassAdapter - Adding mock interface to class com/fasterxml/jackson/databind/MapperFeature
[main] INFO org.evosuite.runtime.instrumentation.CreateClassResetClassAdapter - Found static initializer in class com/fasterxml/jackson/databind/MapperFeature
[main] INFO org.evosuite.runtime.instrumentation.EvoClassLoader - Seeing class for first time: com.fasterxml.jackson.databind.cfg.ConfigFeature
[main] INFO org.evosuite.runtime.instrumentation.EvoClassLoader - Instrumenting class 'com.fasterxml.jackson.databind.cfg.ConfigFeature'.
[main] INFO org.evosuite.runtime.instrumentation.EvoClassLoader - Keeping class: com.fasterxml.jackson.databind.cfg.ConfigFeature
[main] INFO org.evosuite.runtime.instrumentation.EvoClassLoader - Keeping class: com.fasterxml.jackson.databind.MapperFeature
[main] INFO org.evosuite.runtime.instrumentation.EvoClassLoader - Seeing class for first time: com.fasterxml.jackson.databind.DeserializationFeature
[main] INFO org.evosuite.runtime.instrumentation.EvoClassLoader - Instrumenting class 'com.fasterxml.jackson.databind.DeserializationFeature'.
[main] INFO org.evosuite.runtime.instrumentation.MethodCallReplacementClassAdapter - Adding mock interface to class com/fasterxml/jackson/databind/DeserializationFeature
[main] INFO org.evosuite.runtime.instrumentation.CreateClassResetClassAdapter - Found static initializer in class com/fasterxml/jackson/databind/DeserializationFeature
[main] INFO org.evosuite.runtime.instrumentation.EvoClassLoader - Keeping class: com.fasterxml.jackson.databind.DeserializationFeature
[main] INFO org.evosuite.runtime.instrumentation.EvoClassLoader - Seeing class for first time: com.fasterxml.jackson.core.JsonParseException
[main] INFO org.evosuite.runtime.instrumentation.EvoClassLoader - Instrumenting class 'com.fasterxml.jackson.core.JsonParseException'.
[main] INFO org.evosuite.runtime.instrumentation.MethodCallReplacementClassAdapter - Adding mock interface to class com/fasterxml/jackson/core/JsonParseException
[main] INFO org.evosuite.runtime.instrumentation.CreateClassResetClassAdapter - Creating brand-new static initializer in class com/fasterxml/jackson/core/JsonParseException
[main] INFO org.evosuite.runtime.instrumentation.EvoClassLoader - Seeing class for first time: com.fasterxml.jackson.core.exc.StreamReadException
[main] INFO org.evosuite.runtime.instrumentation.EvoClassLoader - Instrumenting class 'com.fasterxml.jackson.core.exc.StreamReadException'.
[main] INFO org.evosuite.runtime.instrumentation.MethodCallReplacementClassAdapter - Adding mock interface to class com/fasterxml/jackson/core/exc/StreamReadException
[main] INFO org.evosuite.runtime.instrumentation.CreateClassResetClassAdapter - Creating brand-new static initializer in class com/fasterxml/jackson/core/exc/StreamReadException
[main] INFO org.evosuite.runtime.instrumentation.EvoClassLoader - Defined package (3): package com.fasterxml.jackson.core.exc, -396410231
[main] INFO org.evosuite.runtime.instrumentation.EvoClassLoader - Keeping class: com.fasterxml.jackson.core.exc.StreamReadException
[main] INFO org.evosuite.runtime.instrumentation.EvoClassLoader - Keeping class: com.fasterxml.jackson.core.JsonParseException
[main] INFO org.evosuite.runtime.instrumentation.EvoClassLoader - Seeing class for first time: com.fasterxml.jackson.core.exc.InputCoercionException
[main] INFO org.evosuite.runtime.instrumentation.EvoClassLoader - Instrumenting class 'com.fasterxml.jackson.core.exc.InputCoercionException'.
[main] INFO org.evosuite.runtime.instrumentation.MethodCallReplacementClassAdapter - Adding mock interface to class com/fasterxml/jackson/core/exc/InputCoercionException
[main] INFO org.evosuite.runtime.instrumentation.CreateClassResetClassAdapter - Creating brand-new static initializer in class com/fasterxml/jackson/core/exc/InputCoercionException
[main] INFO org.evosuite.runtime.instrumentation.EvoClassLoader - Keeping class: com.fasterxml.jackson.core.exc.InputCoercionException
[main] INFO org.evosuite.runtime.instrumentation.EvoClassLoader - Seeing class for first time: com.fasterxml.jackson.databind.deser.std.StdDelegatingDeserializer
[main] INFO org.evosuite.runtime.instrumentation.EvoClassLoader - Instrumenting class 'com.fasterxml.jackson.databind.deser.std.StdDelegatingDeserializer'.
[main] INFO org.evosuite.runtime.instrumentation.MethodCallReplacementClassAdapter - Adding mock interface to class com/fasterxml/jackson/databind/deser/std/StdDelegatingDeserializer
[main] INFO org.evosuite.runtime.instrumentation.CreateClassResetClassAdapter - Creating brand-new static initializer in class com/fasterxml/jackson/databind/deser/std/StdDelegatingDeserializer
[main] INFO org.evosuite.runtime.instrumentation.EvoClassLoader - Seeing class for first time: com.fasterxml.jackson.databind.deser.ContextualDeserializer
[main] INFO org.evosuite.runtime.instrumentation.EvoClassLoader - Instrumenting class 'com.fasterxml.jackson.databind.deser.ContextualDeserializer'.
[main] INFO org.evosuite.runtime.instrumentation.EvoClassLoader - Keeping class: com.fasterxml.jackson.databind.deser.ContextualDeserializer
[main] INFO org.evosuite.runtime.instrumentation.EvoClassLoader - Seeing class for first time: com.fasterxml.jackson.databind.deser.ResolvableDeserializer
[main] INFO org.evosuite.runtime.instrumentation.EvoClassLoader - Instrumenting class 'com.fasterxml.jackson.databind.deser.ResolvableDeserializer'.
[main] INFO org.evosuite.runtime.instrumentation.EvoClassLoader - Keeping class: com.fasterxml.jackson.databind.deser.ResolvableDeserializer
[main] INFO org.evosuite.runtime.instrumentation.EvoClassLoader - Keeping class: com.fasterxml.jackson.databind.deser.std.StdDelegatingDeserializer
[main] INFO org.evosuite.runtime.instrumentation.EvoClassLoader - Seeing class for first time: org.apache.avro.reflect.AvroMeta
[main] INFO org.evosuite.runtime.instrumentation.EvoClassLoader - Instrumenting class 'org.apache.avro.reflect.AvroMeta'.
[main] INFO org.evosuite.runtime.instrumentation.EvoClassLoader - Defined package (3): package org.apache.avro.reflect, 2135233687
[main] INFO org.evosuite.runtime.instrumentation.EvoClassLoader - Keeping class: org.apache.avro.reflect.AvroMeta
[main] INFO org.evosuite.runtime.instrumentation.EvoClassLoader - Seeing class for first time: com.fasterxml.jackson.databind.ser.std.NumberSerializers$ShortSerializer
[main] INFO org.evosuite.runtime.instrumentation.EvoClassLoader - Instrumenting class 'com.fasterxml.jackson.databind.ser.std.NumberSerializers$ShortSerializer'.
[main] INFO org.evosuite.runtime.instrumentation.MethodCallReplacementClassAdapter - Adding mock interface to class com/fasterxml/jackson/databind/ser/std/NumberSerializers$ShortSerializer
[main] INFO org.evosuite.runtime.instrumentation.CreateClassResetClassAdapter - Found static initializer in class com/fasterxml/jackson/databind/ser/std/NumberSerializers$ShortSerializer
[main] INFO org.evosuite.runtime.instrumentation.EvoClassLoader - Seeing class for first time: com.fasterxml.jackson.databind.ser.std.NumberSerializers$Base
[main] INFO org.evosuite.runtime.instrumentation.EvoClassLoader - Instrumenting class 'com.fasterxml.jackson.databind.ser.std.NumberSerializers$Base'.
[main] INFO org.evosuite.runtime.instrumentation.MethodCallReplacementClassAdapter - Adding mock interface to class com/fasterxml/jackson/databind/ser/std/NumberSerializers$Base
[main] INFO org.evosuite.runtime.instrumentation.CreateClassResetClassAdapter - Creating brand-new static initializer in class com/fasterxml/jackson/databind/ser/std/NumberSerializers$Base
[main] INFO org.evosuite.runtime.instrumentation.EvoClassLoader - Seeing class for first time: com.fasterxml.jackson.databind.ser.std.StdScalarSerializer
[main] INFO org.evosuite.runtime.instrumentation.EvoClassLoader - Instrumenting class 'com.fasterxml.jackson.databind.ser.std.StdScalarSerializer'.
[main] INFO org.evosuite.runtime.instrumentation.MethodCallReplacementClassAdapter - Adding mock interface to class com/fasterxml/jackson/databind/ser/std/StdScalarSerializer
[main] INFO org.evosuite.runtime.instrumentation.CreateClassResetClassAdapter - Creating brand-new static initializer in class com/fasterxml/jackson/databind/ser/std/StdScalarSerializer
[main] INFO org.evosuite.runtime.instrumentation.EvoClassLoader - Keeping class: com.fasterxml.jackson.databind.ser.std.StdScalarSerializer
[main] INFO org.evosuite.runtime.instrumentation.EvoClassLoader - Keeping class: com.fasterxml.jackson.databind.ser.std.NumberSerializers$Base
[main] INFO org.evosuite.runtime.instrumentation.EvoClassLoader - Keeping class: com.fasterxml.jackson.databind.ser.std.NumberSerializers$ShortSerializer
[main] INFO org.evosuite.runtime.instrumentation.EvoClassLoader - Seeing class for first time: com.fasterxml.jackson.databind.ser.std.ToStringSerializer
[main] INFO org.evosuite.runtime.instrumentation.EvoClassLoader - Instrumenting class 'com.fasterxml.jackson.databind.ser.std.ToStringSerializer'.
[main] INFO org.evosuite.runtime.instrumentation.MethodCallReplacementClassAdapter - Adding mock interface to class com/fasterxml/jackson/databind/ser/std/ToStringSerializer
[main] INFO org.evosuite.runtime.instrumentation.CreateClassResetClassAdapter - Found static initializer in class com/fasterxml/jackson/databind/ser/std/ToStringSerializer
[main] INFO org.evosuite.runtime.instrumentation.EvoClassLoader - Keeping class: com.fasterxml.jackson.databind.ser.std.ToStringSerializer
[main] INFO org.evosuite.runtime.instrumentation.EvoClassLoader - Seeing class for first time: com.fasterxml.jackson.core.JsonParser$NumberType
[main] INFO org.evosuite.runtime.instrumentation.EvoClassLoader - Instrumenting class 'com.fasterxml.jackson.core.JsonParser$NumberType'.
[main] INFO org.evosuite.runtime.instrumentation.MethodCallReplacementClassAdapter - Adding mock interface to class com/fasterxml/jackson/core/JsonParser$NumberType
[main] INFO org.evosuite.runtime.instrumentation.CreateClassResetClassAdapter - Found static initializer in class com/fasterxml/jackson/core/JsonParser$NumberType
[main] INFO org.evosuite.runtime.instrumentation.EvoClassLoader - Keeping class: com.fasterxml.jackson.core.JsonParser$NumberType
[main] INFO org.evosuite.runtime.instrumentation.EvoClassLoader - Seeing class for first time: com.fasterxml.jackson.annotation.JsonFormat$Features
[main] INFO org.evosuite.runtime.instrumentation.EvoClassLoader - Instrumenting class 'com.fasterxml.jackson.annotation.JsonFormat$Features'.
[main] INFO org.evosuite.runtime.instrumentation.MethodCallReplacementClassAdapter - Adding mock interface to class com/fasterxml/jackson/annotation/JsonFormat$Features
[main] INFO org.evosuite.runtime.instrumentation.CreateClassResetClassAdapter - Found static initializer in class com/fasterxml/jackson/annotation/JsonFormat$Features
[main] INFO org.evosuite.runtime.instrumentation.EvoClassLoader - Defined package (3): package com.fasterxml.jackson.annotation, -1183563657
[main] INFO org.evosuite.runtime.instrumentation.EvoClassLoader - Keeping class: com.fasterxml.jackson.annotation.JsonFormat$Features
[main] INFO org.evosuite.runtime.instrumentation.EvoClassLoader - Seeing class for first time: com.fasterxml.jackson.databind.deser.std.EnumDeserializer
[main] INFO org.evosuite.runtime.instrumentation.EvoClassLoader - Instrumenting class 'com.fasterxml.jackson.databind.deser.std.EnumDeserializer'.
[main] INFO org.evosuite.runtime.instrumentation.MethodCallReplacementClassAdapter - Adding mock interface to class com/fasterxml/jackson/databind/deser/std/EnumDeserializer
[main] INFO org.evosuite.runtime.instrumentation.CreateClassResetClassAdapter - Creating brand-new static initializer in class com/fasterxml/jackson/databind/deser/std/EnumDeserializer
[main] INFO org.evosuite.runtime.instrumentation.EvoClassLoader - Seeing class for first time: com.fasterxml.jackson.databind.deser.std.StdScalarDeserializer
[main] INFO org.evosuite.runtime.instrumentation.EvoClassLoader - Instrumenting class 'com.fasterxml.jackson.databind.deser.std.StdScalarDeserializer'.
[main] INFO org.evosuite.runtime.instrumentation.MethodCallReplacementClassAdapter - Adding mock interface to class com/fasterxml/jackson/databind/deser/std/StdScalarDeserializer
[main] INFO org.evosuite.runtime.instrumentation.CreateClassResetClassAdapter - Creating brand-new static initializer in class com/fasterxml/jackson/databind/deser/std/StdScalarDeserializer
[main] INFO org.evosuite.runtime.instrumentation.EvoClassLoader - Keeping class: com.fasterxml.jackson.databind.deser.std.StdScalarDeserializer
[main] INFO org.evosuite.runtime.instrumentation.EvoClassLoader - Keeping class: com.fasterxml.jackson.databind.deser.std.EnumDeserializer
[main] INFO org.evosuite.runtime.instrumentation.EvoClassLoader - Seeing class for first time: com.fasterxml.jackson.databind.deser.std.FactoryBasedEnumDeserializer
[main] INFO org.evosuite.runtime.instrumentation.EvoClassLoader - Instrumenting class 'com.fasterxml.jackson.databind.deser.std.FactoryBasedEnumDeserializer'.
[main] INFO org.evosuite.runtime.instrumentation.MethodCallReplacementClassAdapter - Adding mock interface to class com/fasterxml/jackson/databind/deser/std/FactoryBasedEnumDeserializer
[main] INFO org.evosuite.runtime.instrumentation.CreateClassResetClassAdapter - Creating brand-new static initializer in class com/fasterxml/jackson/databind/deser/std/FactoryBasedEnumDeserializer
[main] INFO org.evosuite.runtime.instrumentation.EvoClassLoader - Keeping class: com.fasterxml.jackson.databind.deser.std.FactoryBasedEnumDeserializer
[main] INFO org.evosuite.runtime.instrumentation.EvoClassLoader - Seeing class for first time: com.fasterxml.jackson.annotation.ObjectIdGenerators$Base
[main] INFO org.evosuite.runtime.instrumentation.EvoClassLoader - Instrumenting class 'com.fasterxml.jackson.annotation.ObjectIdGenerators$Base'.
[main] INFO org.evosuite.runtime.instrumentation.MethodCallReplacementClassAdapter - Adding mock interface to class com/fasterxml/jackson/annotation/ObjectIdGenerators$Base
[main] INFO org.evosuite.runtime.instrumentation.CreateClassResetClassAdapter - Creating brand-new static initializer in class com/fasterxml/jackson/annotation/ObjectIdGenerators$Base
[main] INFO org.evosuite.runtime.instrumentation.EvoClassLoader - Seeing class for first time: com.fasterxml.jackson.annotation.ObjectIdGenerator
[main] INFO org.evosuite.runtime.instrumentation.EvoClassLoader - Instrumenting class 'com.fasterxml.jackson.annotation.ObjectIdGenerator'.
[main] INFO org.evosuite.runtime.instrumentation.MethodCallReplacementClassAdapter - Adding mock interface to class com/fasterxml/jackson/annotation/ObjectIdGenerator
[main] INFO org.evosuite.runtime.instrumentation.CreateClassResetClassAdapter - Creating brand-new static initializer in class com/fasterxml/jackson/annotation/ObjectIdGenerator
[main] INFO org.evosuite.runtime.instrumentation.EvoClassLoader - Keeping class: com.fasterxml.jackson.annotation.ObjectIdGenerator
[main] INFO org.evosuite.runtime.instrumentation.EvoClassLoader - Keeping class: com.fasterxml.jackson.annotation.ObjectIdGenerators$Base
[main] INFO org.evosuite.runtime.instrumentation.EvoClassLoader - Seeing class for first time: com.fasterxml.jackson.databind.introspect.AnnotatedConstructor
[main] INFO org.evosuite.runtime.instrumentation.EvoClassLoader - Instrumenting class 'com.fasterxml.jackson.databind.introspect.AnnotatedConstructor'.
[main] INFO org.evosuite.runtime.instrumentation.MethodCallReplacementClassAdapter - Adding mock interface to class com/fasterxml/jackson/databind/introspect/AnnotatedConstructor
[main] INFO org.evosuite.runtime.instrumentation.CreateClassResetClassAdapter - Creating brand-new static initializer in class com/fasterxml/jackson/databind/introspect/AnnotatedConstructor
[main] INFO org.evosuite.runtime.instrumentation.EvoClassLoader - Seeing class for first time: com.fasterxml.jackson.databind.introspect.AnnotatedWithParams
[main] INFO org.evosuite.runtime.instrumentation.EvoClassLoader - Instrumenting class 'com.fasterxml.jackson.databind.introspect.AnnotatedWithParams'.
[main] INFO org.evosuite.runtime.instrumentation.MethodCallReplacementClassAdapter - Adding mock interface to class com/fasterxml/jackson/databind/introspect/AnnotatedWithParams
[main] INFO org.evosuite.runtime.instrumentation.CreateClassResetClassAdapter - Creating brand-new static initializer in class com/fasterxml/jackson/databind/introspect/AnnotatedWithParams
[main] INFO org.evosuite.runtime.instrumentation.EvoClassLoader - Keeping class: com.fasterxml.jackson.databind.introspect.AnnotatedWithParams
[main] INFO org.evosuite.runtime.instrumentation.EvoClassLoader - Keeping class: com.fasterxml.jackson.databind.introspect.AnnotatedConstructor
[main] INFO org.evosuite.runtime.instrumentation.EvoClassLoader - Seeing class for first time: com.fasterxml.jackson.databind.AnnotationIntrospector
[main] INFO org.evosuite.runtime.instrumentation.EvoClassLoader - Instrumenting class 'com.fasterxml.jackson.databind.AnnotationIntrospector'.
[main] INFO org.evosuite.runtime.instrumentation.MethodCallReplacementClassAdapter - Adding mock interface to class com/fasterxml/jackson/databind/AnnotationIntrospector
[main] INFO org.evosuite.runtime.instrumentation.CreateClassResetClassAdapter - Creating brand-new static initializer in class com/fasterxml/jackson/databind/AnnotationIntrospector
[main] INFO org.evosuite.runtime.instrumentation.EvoClassLoader - Seeing class for first time: com.fasterxml.jackson.core.Versioned
[main] INFO org.evosuite.runtime.instrumentation.EvoClassLoader - Instrumenting class 'com.fasterxml.jackson.core.Versioned'.
[main] INFO org.evosuite.runtime.instrumentation.EvoClassLoader - Keeping class: com.fasterxml.jackson.core.Versioned
[main] INFO org.evosuite.runtime.instrumentation.EvoClassLoader - Keeping class: com.fasterxml.jackson.databind.AnnotationIntrospector
[main] INFO org.evosuite.runtime.instrumentation.EvoClassLoader - Seeing class for first time: com.fasterxml.jackson.databind.introspect.NopAnnotationIntrospector
[main] INFO org.evosuite.runtime.instrumentation.EvoClassLoader - Instrumenting class 'com.fasterxml.jackson.databind.introspect.NopAnnotationIntrospector'.
[main] INFO org.evosuite.runtime.instrumentation.MethodCallReplacementClassAdapter - Adding mock interface to class com/fasterxml/jackson/databind/introspect/NopAnnotationIntrospector
[main] INFO org.evosuite.runtime.instrumentation.CreateClassResetClassAdapter - Found static initializer in class com/fasterxml/jackson/databind/introspect/NopAnnotationIntrospector
[main] INFO org.evosuite.runtime.instrumentation.EvoClassLoader - Keeping class: com.fasterxml.jackson.databind.introspect.NopAnnotationIntrospector
[main] INFO org.evosuite.runtime.instrumentation.EvoClassLoader - Seeing class for first time: com.fasterxml.jackson.databind.introspect.AnnotatedClass
[main] INFO org.evosuite.runtime.instrumentation.EvoClassLoader - Instrumenting class 'com.fasterxml.jackson.databind.introspect.AnnotatedClass'.
[main] INFO org.evosuite.runtime.instrumentation.MethodCallReplacementClassAdapter - Adding mock interface to class com/fasterxml/jackson/databind/introspect/AnnotatedClass
[main] INFO org.evosuite.runtime.instrumentation.CreateClassResetClassAdapter - Found static initializer in class com/fasterxml/jackson/databind/introspect/AnnotatedClass
[main] INFO org.evosuite.runtime.instrumentation.EvoClassLoader - Seeing class for first time: com.fasterxml.jackson.databind.introspect.TypeResolutionContext
[main] INFO org.evosuite.runtime.instrumentation.EvoClassLoader - Instrumenting class 'com.fasterxml.jackson.databind.introspect.TypeResolutionContext'.
[main] INFO org.evosuite.runtime.instrumentation.EvoClassLoader - Keeping class: com.fasterxml.jackson.databind.introspect.TypeResolutionContext
[main] INFO org.evosuite.runtime.instrumentation.EvoClassLoader - Keeping class: com.fasterxml.jackson.databind.introspect.AnnotatedClass
[main] INFO org.evosuite.runtime.instrumentation.EvoClassLoader - Seeing class for first time: com.fasterxml.jackson.annotation.JsonInclude$Value
[main] INFO org.evosuite.runtime.instrumentation.EvoClassLoader - Instrumenting class 'com.fasterxml.jackson.annotation.JsonInclude$Value'.
[main] INFO org.evosuite.runtime.instrumentation.MethodCallReplacementClassAdapter - Adding mock interface to class com/fasterxml/jackson/annotation/JsonInclude$Value
[main] INFO org.evosuite.runtime.instrumentation.CreateClassResetClassAdapter - Found static initializer in class com/fasterxml/jackson/annotation/JsonInclude$Value
[main] INFO org.evosuite.runtime.instrumentation.EvoClassLoader - Seeing class for first time: com.fasterxml.jackson.annotation.JacksonAnnotationValue
[main] INFO org.evosuite.runtime.instrumentation.EvoClassLoader - Instrumenting class 'com.fasterxml.jackson.annotation.JacksonAnnotationValue'.
[main] INFO org.evosuite.runtime.instrumentation.EvoClassLoader - Keeping class: com.fasterxml.jackson.annotation.JacksonAnnotationValue
[main] INFO org.evosuite.runtime.instrumentation.EvoClassLoader - Keeping class: com.fasterxml.jackson.annotation.JsonInclude$Value
[main] INFO org.evosuite.runtime.instrumentation.EvoClassLoader - Seeing class for first time: com.fasterxml.jackson.annotation.JsonInclude$Include
[main] INFO org.evosuite.runtime.instrumentation.EvoClassLoader - Instrumenting class 'com.fasterxml.jackson.annotation.JsonInclude$Include'.
[main] INFO org.evosuite.runtime.instrumentation.MethodCallReplacementClassAdapter - Adding mock interface to class com/fasterxml/jackson/annotation/JsonInclude$Include
[main] INFO org.evosuite.runtime.instrumentation.CreateClassResetClassAdapter - Found static initializer in class com/fasterxml/jackson/annotation/JsonInclude$Include
[main] INFO org.evosuite.runtime.instrumentation.EvoClassLoader - Keeping class: com.fasterxml.jackson.annotation.JsonInclude$Include
[main] INFO org.evosuite.runtime.instrumentation.EvoClassLoader - Seeing class for first time: com.fasterxml.jackson.annotation.JsonFormat$Value
[main] INFO org.evosuite.runtime.instrumentation.EvoClassLoader - Instrumenting class 'com.fasterxml.jackson.annotation.JsonFormat$Value'.
[main] INFO org.evosuite.runtime.instrumentation.MethodCallReplacementClassAdapter - Adding mock interface to class com/fasterxml/jackson/annotation/JsonFormat$Value
[main] INFO org.evosuite.runtime.instrumentation.CreateClassResetClassAdapter - Found static initializer in class com/fasterxml/jackson/annotation/JsonFormat$Value
[main] INFO org.evosuite.runtime.instrumentation.EvoClassLoader - Keeping class: com.fasterxml.jackson.annotation.JsonFormat$Value
[main] INFO org.evosuite.runtime.instrumentation.EvoClassLoader - Seeing class for first time: com.fasterxml.jackson.annotation.JsonFormat$Shape
[main] INFO org.evosuite.runtime.instrumentation.EvoClassLoader - Instrumenting class 'com.fasterxml.jackson.annotation.JsonFormat$Shape'.
[main] INFO org.evosuite.runtime.instrumentation.MethodCallReplacementClassAdapter - Adding mock interface to class com/fasterxml/jackson/annotation/JsonFormat$Shape
[main] INFO org.evosuite.runtime.instrumentation.CreateClassResetClassAdapter - Found static initializer in class com/fasterxml/jackson/annotation/JsonFormat$Shape
[main] INFO org.evosuite.runtime.instrumentation.EvoClassLoader - Keeping class: com.fasterxml.jackson.annotation.JsonFormat$Shape
[main] INFO org.evosuite.runtime.instrumentation.EvoClassLoader - Seeing class for first time: com.fasterxml.jackson.databind.cfg.ConfigOverride
[main] INFO org.evosuite.runtime.instrumentation.EvoClassLoader - Instrumenting class 'com.fasterxml.jackson.databind.cfg.ConfigOverride'.
[main] INFO org.evosuite.runtime.instrumentation.MethodCallReplacementClassAdapter - Adding mock interface to class com/fasterxml/jackson/databind/cfg/ConfigOverride
[main] INFO org.evosuite.runtime.instrumentation.CreateClassResetClassAdapter - Creating brand-new static initializer in class com/fasterxml/jackson/databind/cfg/ConfigOverride
[main] INFO org.evosuite.runtime.instrumentation.EvoClassLoader - Keeping class: com.fasterxml.jackson.databind.cfg.ConfigOverride
[main] INFO org.evosuite.runtime.instrumentation.EvoClassLoader - Seeing class for first time: com.fasterxml.jackson.databind.cfg.ConfigOverride$Empty
[main] INFO org.evosuite.runtime.instrumentation.EvoClassLoader - Instrumenting class 'com.fasterxml.jackson.databind.cfg.ConfigOverride$Empty'.
[main] INFO org.evosuite.runtime.instrumentation.MethodCallReplacementClassAdapter - Adding mock interface to class com/fasterxml/jackson/databind/cfg/ConfigOverride$Empty
[main] INFO org.evosuite.runtime.instrumentation.CreateClassResetClassAdapter - Found static initializer in class com/fasterxml/jackson/databind/cfg/ConfigOverride$Empty
[main] INFO org.evosuite.runtime.instrumentation.EvoClassLoader - Keeping class: com.fasterxml.jackson.databind.cfg.ConfigOverride$Empty
[main] INFO org.evosuite.runtime.instrumentation.EvoClassLoader - Seeing class for first time: com.fasterxml.jackson.databind.deser.UnresolvedForwardReference
[main] INFO org.evosuite.runtime.instrumentation.EvoClassLoader - Instrumenting class 'com.fasterxml.jackson.databind.deser.UnresolvedForwardReference'.
[main] INFO org.evosuite.runtime.instrumentation.MethodCallReplacementClassAdapter - Adding mock interface to class com/fasterxml/jackson/databind/deser/UnresolvedForwardReference
[main] INFO org.evosuite.runtime.instrumentation.CreateClassResetClassAdapter - Creating brand-new static initializer in class com/fasterxml/jackson/databind/deser/UnresolvedForwardReference
[main] INFO org.evosuite.runtime.instrumentation.EvoClassLoader - Keeping class: com.fasterxml.jackson.databind.deser.UnresolvedForwardReference
[main] INFO org.evosuite.runtime.instrumentation.EvoClassLoader - Seeing class for first time: com.fasterxml.jackson.databind.ser.impl.UnknownSerializer
[main] INFO org.evosuite.runtime.instrumentation.EvoClassLoader - Instrumenting class 'com.fasterxml.jackson.databind.ser.impl.UnknownSerializer'.
[main] INFO org.evosuite.runtime.instrumentation.MethodCallReplacementClassAdapter - Adding mock interface to class com/fasterxml/jackson/databind/ser/impl/UnknownSerializer
[main] INFO org.evosuite.runtime.instrumentation.CreateClassResetClassAdapter - Creating brand-new static initializer in class com/fasterxml/jackson/databind/ser/impl/UnknownSerializer
[main] INFO org.evosuite.runtime.instrumentation.EvoClassLoader - Defined package (3): package com.fasterxml.jackson.databind.ser.impl, -1959732275
[main] INFO org.evosuite.runtime.instrumentation.EvoClassLoader - Keeping class: com.fasterxml.jackson.databind.ser.impl.UnknownSerializer
[main] INFO org.evosuite.runtime.instrumentation.EvoClassLoader - Seeing class for first time: com.fasterxml.jackson.databind.deser.std.StdKeyDeserializers
[main] INFO org.evosuite.runtime.instrumentation.EvoClassLoader - Instrumenting class 'com.fasterxml.jackson.databind.deser.std.StdKeyDeserializers'.
[main] INFO org.evosuite.runtime.instrumentation.MethodCallReplacementClassAdapter - Adding mock interface to class com/fasterxml/jackson/databind/deser/std/StdKeyDeserializers
[main] INFO org.evosuite.runtime.instrumentation.CreateClassResetClassAdapter - Creating brand-new static initializer in class com/fasterxml/jackson/databind/deser/std/StdKeyDeserializers
[main] INFO org.evosuite.runtime.instrumentation.EvoClassLoader - Seeing class for first time: com.fasterxml.jackson.databind.deser.KeyDeserializers
[main] INFO org.evosuite.runtime.instrumentation.EvoClassLoader - Instrumenting class 'com.fasterxml.jackson.databind.deser.KeyDeserializers'.
[main] INFO org.evosuite.runtime.instrumentation.EvoClassLoader - Keeping class: com.fasterxml.jackson.databind.deser.KeyDeserializers
[main] INFO org.evosuite.runtime.instrumentation.EvoClassLoader - Keeping class: com.fasterxml.jackson.databind.deser.std.StdKeyDeserializers
[main] INFO org.evosuite.runtime.instrumentation.EvoClassLoader - Seeing class for first time: com.fasterxml.jackson.databind.KeyDeserializer
[main] INFO org.evosuite.runtime.instrumentation.EvoClassLoader - Instrumenting class 'com.fasterxml.jackson.databind.KeyDeserializer'.
[main] INFO org.evosuite.runtime.instrumentation.MethodCallReplacementClassAdapter - Adding mock interface to class com/fasterxml/jackson/databind/KeyDeserializer
[main] INFO org.evosuite.runtime.instrumentation.CreateClassResetClassAdapter - Creating brand-new static initializer in class com/fasterxml/jackson/databind/KeyDeserializer
[main] INFO org.evosuite.runtime.instrumentation.EvoClassLoader - Keeping class: com.fasterxml.jackson.databind.KeyDeserializer
[main] INFO org.evosuite.runtime.instrumentation.EvoClassLoader - Seeing class for first time: com.fasterxml.jackson.databind.deser.std.StdKeyDeserializer$EnumKD
[main] INFO org.evosuite.runtime.instrumentation.EvoClassLoader - Instrumenting class 'com.fasterxml.jackson.databind.deser.std.StdKeyDeserializer$EnumKD'.
[main] INFO org.evosuite.runtime.instrumentation.MethodCallReplacementClassAdapter - Adding mock interface to class com/fasterxml/jackson/databind/deser/std/StdKeyDeserializer$EnumKD
[main] INFO org.evosuite.runtime.instrumentation.CreateClassResetClassAdapter - Creating brand-new static initializer in class com/fasterxml/jackson/databind/deser/std/StdKeyDeserializer$EnumKD
[main] INFO org.evosuite.runtime.instrumentation.EvoClassLoader - Seeing class for first time: com.fasterxml.jackson.databind.deser.std.StdKeyDeserializer
[main] INFO org.evosuite.runtime.instrumentation.EvoClassLoader - Instrumenting class 'com.fasterxml.jackson.databind.deser.std.StdKeyDeserializer'.
[main] INFO org.evosuite.runtime.instrumentation.MethodCallReplacementClassAdapter - Adding mock interface to class com/fasterxml/jackson/databind/deser/std/StdKeyDeserializer
[main] INFO org.evosuite.runtime.instrumentation.CreateClassResetClassAdapter - Creating brand-new static initializer in class com/fasterxml/jackson/databind/deser/std/StdKeyDeserializer
[main] INFO org.evosuite.runtime.instrumentation.CreateClassResetClassAdapter - Adding bytecode for initializing field TYPE_BOOLEAN
[main] INFO org.evosuite.runtime.instrumentation.CreateClassResetClassAdapter - Adding bytecode for initializing field TYPE_BYTE
[main] INFO org.evosuite.runtime.instrumentation.CreateClassResetClassAdapter - Adding bytecode for initializing field TYPE_SHORT
[main] INFO org.evosuite.runtime.instrumentation.CreateClassResetClassAdapter - Adding bytecode for initializing field TYPE_CHAR
[main] INFO org.evosuite.runtime.instrumentation.CreateClassResetClassAdapter - Adding bytecode for initializing field TYPE_INT
[main] INFO org.evosuite.runtime.instrumentation.CreateClassResetClassAdapter - Adding bytecode for initializing field TYPE_LONG
[main] INFO org.evosuite.runtime.instrumentation.CreateClassResetClassAdapter - Adding bytecode for initializing field TYPE_FLOAT
[main] INFO org.evosuite.runtime.instrumentation.CreateClassResetClassAdapter - Adding bytecode for initializing field TYPE_DOUBLE
[main] INFO org.evosuite.runtime.instrumentation.CreateClassResetClassAdapter - Adding bytecode for initializing field TYPE_LOCALE
[main] INFO org.evosuite.runtime.instrumentation.CreateClassResetClassAdapter - Adding bytecode for initializing field TYPE_DATE
[main] INFO org.evosuite.runtime.instrumentation.CreateClassResetClassAdapter - Adding bytecode for initializing field TYPE_CALENDAR
[main] INFO org.evosuite.runtime.instrumentation.CreateClassResetClassAdapter - Adding bytecode for initializing field TYPE_UUID
[main] INFO org.evosuite.runtime.instrumentation.CreateClassResetClassAdapter - Adding bytecode for initializing field TYPE_URI
[main] INFO org.evosuite.runtime.instrumentation.CreateClassResetClassAdapter - Adding bytecode for initializing field TYPE_URL
[main] INFO org.evosuite.runtime.instrumentation.CreateClassResetClassAdapter - Adding bytecode for initializing field TYPE_CLASS
[main] INFO org.evosuite.runtime.instrumentation.CreateClassResetClassAdapter - Adding bytecode for initializing field TYPE_CURRENCY
[main] INFO org.evosuite.runtime.instrumentation.CreateClassResetClassAdapter - Adding bytecode for initializing field TYPE_BYTE_ARRAY
[main] INFO org.evosuite.runtime.instrumentation.EvoClassLoader - Keeping class: com.fasterxml.jackson.databind.deser.std.StdKeyDeserializer
[main] INFO org.evosuite.runtime.instrumentation.EvoClassLoader - Keeping class: com.fasterxml.jackson.databind.deser.std.StdKeyDeserializer$EnumKD
[main] INFO org.evosuite.runtime.instrumentation.EvoClassLoader - Seeing class for first time: com.fasterxml.jackson.databind.deser.std.StdKeyDeserializer$StringCtorKeyDeserializer
[main] INFO org.evosuite.runtime.instrumentation.EvoClassLoader - Instrumenting class 'com.fasterxml.jackson.databind.deser.std.StdKeyDeserializer$StringCtorKeyDeserializer'.
[main] INFO org.evosuite.runtime.instrumentation.MethodCallReplacementClassAdapter - Adding mock interface to class com/fasterxml/jackson/databind/deser/std/StdKeyDeserializer$StringCtorKeyDeserializer
[main] INFO org.evosuite.runtime.instrumentation.CreateClassResetClassAdapter - Creating brand-new static initializer in class com/fasterxml/jackson/databind/deser/std/StdKeyDeserializer$StringCtorKeyDeserializer
[main] INFO org.evosuite.runtime.instrumentation.EvoClassLoader - Keeping class: com.fasterxml.jackson.databind.deser.std.StdKeyDeserializer$StringCtorKeyDeserializer
[main] INFO org.evosuite.runtime.instrumentation.EvoClassLoader - Seeing class for first time: com.fasterxml.jackson.databind.deser.std.StdKeyDeserializer$StringFactoryKeyDeserializer
[main] INFO org.evosuite.runtime.instrumentation.EvoClassLoader - Instrumenting class 'com.fasterxml.jackson.databind.deser.std.StdKeyDeserializer$StringFactoryKeyDeserializer'.
[main] INFO org.evosuite.runtime.instrumentation.MethodCallReplacementClassAdapter - Adding mock interface to class com/fasterxml/jackson/databind/deser/std/StdKeyDeserializer$StringFactoryKeyDeserializer
[main] INFO org.evosuite.runtime.instrumentation.CreateClassResetClassAdapter - Creating brand-new static initializer in class com/fasterxml/jackson/databind/deser/std/StdKeyDeserializer$StringFactoryKeyDeserializer
[main] INFO org.evosuite.runtime.instrumentation.EvoClassLoader - Keeping class: com.fasterxml.jackson.databind.deser.std.StdKeyDeserializer$StringFactoryKeyDeserializer
[main] INFO org.evosuite.runtime.instrumentation.EvoClassLoader - Seeing class for first time: com.fasterxml.jackson.databind.deser.std.StdKeyDeserializer$DelegatingKD
[main] INFO org.evosuite.runtime.instrumentation.EvoClassLoader - Instrumenting class 'com.fasterxml.jackson.databind.deser.std.StdKeyDeserializer$DelegatingKD'.
[main] INFO org.evosuite.runtime.instrumentation.MethodCallReplacementClassAdapter - Adding mock interface to class com/fasterxml/jackson/databind/deser/std/StdKeyDeserializer$DelegatingKD
[main] INFO org.evosuite.runtime.instrumentation.CreateClassResetClassAdapter - Creating brand-new static initializer in class com/fasterxml/jackson/databind/deser/std/StdKeyDeserializer$DelegatingKD
[main] INFO org.evosuite.runtime.instrumentation.EvoClassLoader - Keeping class: com.fasterxml.jackson.databind.deser.std.StdKeyDeserializer$DelegatingKD
[main] INFO org.evosuite.runtime.instrumentation.EvoClassLoader - Seeing class for first time: org.apache.avro.Schema$Field$1
[main] INFO org.evosuite.runtime.instrumentation.EvoClassLoader - Instrumenting class 'org.apache.avro.Schema$Field$1'.
[main] INFO org.evosuite.runtime.instrumentation.MethodCallReplacementClassAdapter - Adding mock interface to class org/apache/avro/Schema$Field$1
[main] INFO org.evosuite.runtime.instrumentation.EvoClassLoader - Seeing class for first time: org.apache.avro.util.internal.Accessor$FieldAccessor
[main] INFO org.evosuite.runtime.instrumentation.EvoClassLoader - Instrumenting class 'org.apache.avro.util.internal.Accessor$FieldAccessor'.
[main] INFO org.evosuite.runtime.instrumentation.MethodCallReplacementClassAdapter - Adding mock interface to class org/apache/avro/util/internal/Accessor$FieldAccessor
[main] INFO org.evosuite.runtime.instrumentation.CreateClassResetClassAdapter - Creating brand-new static initializer in class org/apache/avro/util/internal/Accessor$FieldAccessor
[main] INFO org.evosuite.runtime.instrumentation.EvoClassLoader - Defined package (3): package org.apache.avro.util.internal, -2005426813
[main] INFO org.evosuite.runtime.instrumentation.EvoClassLoader - Keeping class: org.apache.avro.util.internal.Accessor$FieldAccessor
[main] INFO org.evosuite.runtime.instrumentation.EvoClassLoader - Keeping class: org.apache.avro.Schema$Field$1
[main] INFO org.evosuite.runtime.instrumentation.EvoClassLoader - Seeing class for first time: com.fasterxml.jackson.core.async.ByteArrayFeeder
[main] INFO org.evosuite.runtime.instrumentation.EvoClassLoader - Instrumenting class 'com.fasterxml.jackson.core.async.ByteArrayFeeder'.
[main] INFO org.evosuite.runtime.instrumentation.EvoClassLoader - Defined package (3): package com.fasterxml.jackson.core.async, 1298038965
[main] INFO org.evosuite.runtime.instrumentation.EvoClassLoader - Seeing class for first time: com.fasterxml.jackson.core.async.NonBlockingInputFeeder
[main] INFO org.evosuite.runtime.instrumentation.EvoClassLoader - Instrumenting class 'com.fasterxml.jackson.core.async.NonBlockingInputFeeder'.
[main] INFO org.evosuite.runtime.instrumentation.EvoClassLoader - Keeping class: com.fasterxml.jackson.core.async.NonBlockingInputFeeder
[main] INFO org.evosuite.runtime.instrumentation.EvoClassLoader - Keeping class: com.fasterxml.jackson.core.async.ByteArrayFeeder
[main] INFO org.evosuite.runtime.instrumentation.EvoClassLoader - Seeing class for first time: com.fasterxml.jackson.databind.type.MapLikeType
[main] INFO org.evosuite.runtime.instrumentation.EvoClassLoader - Instrumenting class 'com.fasterxml.jackson.databind.type.MapLikeType'.
[main] INFO org.evosuite.runtime.instrumentation.MethodCallReplacementClassAdapter - Adding mock interface to class com/fasterxml/jackson/databind/type/MapLikeType
[main] INFO org.evosuite.runtime.instrumentation.CreateClassResetClassAdapter - Creating brand-new static initializer in class com/fasterxml/jackson/databind/type/MapLikeType
[main] INFO org.evosuite.runtime.instrumentation.EvoClassLoader - Defined package (3): package com.fasterxml.jackson.databind.type, -1863182439
[main] INFO org.evosuite.runtime.instrumentation.EvoClassLoader - Seeing class for first time: com.fasterxml.jackson.databind.type.TypeBase
[main] INFO org.evosuite.runtime.instrumentation.EvoClassLoader - Instrumenting class 'com.fasterxml.jackson.databind.type.TypeBase'.
[main] INFO org.evosuite.runtime.instrumentation.MethodCallReplacementClassAdapter - Adding mock interface to class com/fasterxml/jackson/databind/type/TypeBase
[main] INFO org.evosuite.runtime.instrumentation.CreateClassResetClassAdapter - Found static initializer in class com/fasterxml/jackson/databind/type/TypeBase
[main] INFO org.evosuite.runtime.instrumentation.EvoClassLoader - Seeing class for first time: com.fasterxml.jackson.databind.JavaType
[main] INFO org.evosuite.runtime.instrumentation.EvoClassLoader - Instrumenting class 'com.fasterxml.jackson.databind.JavaType'.
[main] INFO org.evosuite.runtime.instrumentation.MethodCallReplacementClassAdapter - Adding mock interface to class com/fasterxml/jackson/databind/JavaType
[main] INFO org.evosuite.runtime.instrumentation.CreateClassResetClassAdapter - Creating brand-new static initializer in class com/fasterxml/jackson/databind/JavaType
[main] INFO org.evosuite.runtime.instrumentation.EvoClassLoader - Seeing class for first time: com.fasterxml.jackson.core.type.ResolvedType
[main] INFO org.evosuite.runtime.instrumentation.EvoClassLoader - Instrumenting class 'com.fasterxml.jackson.core.type.ResolvedType'.
[main] INFO org.evosuite.runtime.instrumentation.MethodCallReplacementClassAdapter - Adding mock interface to class com/fasterxml/jackson/core/type/ResolvedType
[main] INFO org.evosuite.runtime.instrumentation.CreateClassResetClassAdapter - Creating brand-new static initializer in class com/fasterxml/jackson/core/type/ResolvedType
[main] INFO org.evosuite.runtime.instrumentation.EvoClassLoader - Defined package (3): package com.fasterxml.jackson.core.type, 596633057
[main] INFO org.evosuite.runtime.instrumentation.EvoClassLoader - Keeping class: com.fasterxml.jackson.core.type.ResolvedType
[main] INFO org.evosuite.runtime.instrumentation.EvoClassLoader - Keeping class: com.fasterxml.jackson.databind.JavaType
[main] INFO org.evosuite.runtime.instrumentation.EvoClassLoader - Keeping class: com.fasterxml.jackson.databind.type.TypeBase
[main] INFO org.evosuite.runtime.instrumentation.EvoClassLoader - Keeping class: com.fasterxml.jackson.databind.type.MapLikeType
[main] INFO org.evosuite.runtime.instrumentation.EvoClassLoader - Seeing class for first time: com.fasterxml.jackson.databind.type.TypeBindings
[main] INFO org.evosuite.runtime.instrumentation.EvoClassLoader - Instrumenting class 'com.fasterxml.jackson.databind.type.TypeBindings'.
[main] INFO org.evosuite.runtime.instrumentation.MethodCallReplacementClassAdapter - Adding mock interface to class com/fasterxml/jackson/databind/type/TypeBindings
[main] INFO org.evosuite.runtime.instrumentation.CreateClassResetClassAdapter - Found static initializer in class com/fasterxml/jackson/databind/type/TypeBindings
[main] INFO org.evosuite.runtime.instrumentation.EvoClassLoader - Keeping class: com.fasterxml.jackson.databind.type.TypeBindings
[main] INFO org.evosuite.runtime.instrumentation.EvoClassLoader - Seeing class for first time: com.fasterxml.jackson.databind.type.MapType
[main] INFO org.evosuite.runtime.instrumentation.EvoClassLoader - Instrumenting class 'com.fasterxml.jackson.databind.type.MapType'.
[main] INFO org.evosuite.runtime.instrumentation.MethodCallReplacementClassAdapter - Adding mock interface to class com/fasterxml/jackson/databind/type/MapType
[main] INFO org.evosuite.runtime.instrumentation.CreateClassResetClassAdapter - Creating brand-new static initializer in class com/fasterxml/jackson/databind/type/MapType
[main] INFO org.evosuite.runtime.instrumentation.EvoClassLoader - Keeping class: com.fasterxml.jackson.databind.type.MapType
[main] INFO org.evosuite.runtime.instrumentation.EvoClassLoader - Seeing class for first time: org.apache.avro.generic.GenericDatumWriter$1
[main] INFO org.evosuite.runtime.instrumentation.EvoClassLoader - Instrumenting class 'org.apache.avro.generic.GenericDatumWriter$1'.
[main] INFO org.evosuite.runtime.instrumentation.MethodCallReplacementClassAdapter - Adding mock interface to class org/apache/avro/generic/GenericDatumWriter$1
[main] INFO org.evosuite.runtime.instrumentation.EvoClassLoader - Keeping class: org.apache.avro.generic.GenericDatumWriter$1
[main] INFO org.evosuite.runtime.instrumentation.EvoClassLoader - Seeing class for first time: org.apache.avro.Schema$Type
[main] INFO org.evosuite.runtime.instrumentation.EvoClassLoader - Instrumenting class 'org.apache.avro.Schema$Type'.
[main] INFO org.evosuite.runtime.instrumentation.MethodCallReplacementClassAdapter - Adding mock interface to class org/apache/avro/Schema$Type
[main] INFO org.evosuite.runtime.instrumentation.CreateClassResetClassAdapter - Found static initializer in class org/apache/avro/Schema$Type
[main] INFO org.evosuite.runtime.instrumentation.EvoClassLoader - Keeping class: org.apache.avro.Schema$Type
[main] INFO org.evosuite.runtime.instrumentation.EvoClassLoader - Seeing class for first time: org.apache.avro.reflect.AvroDoc
[main] INFO org.evosuite.runtime.instrumentation.EvoClassLoader - Instrumenting class 'org.apache.avro.reflect.AvroDoc'.
[main] INFO org.evosuite.runtime.instrumentation.EvoClassLoader - Keeping class: org.apache.avro.reflect.AvroDoc
[main] INFO org.evosuite.runtime.instrumentation.EvoClassLoader - Seeing class for first time: org.apache.avro.util.internal.ClassValueCache$1
[main] INFO org.evosuite.runtime.instrumentation.EvoClassLoader - Instrumenting class 'org.apache.avro.util.internal.ClassValueCache$1'.
[main] INFO org.evosuite.runtime.instrumentation.MethodCallReplacementClassAdapter - Adding mock interface to class org/apache/avro/util/internal/ClassValueCache$1
[main] INFO org.evosuite.runtime.instrumentation.EvoClassLoader - Keeping class: org.apache.avro.util.internal.ClassValueCache$1
[main] INFO org.evosuite.runtime.instrumentation.EvoClassLoader - Seeing class for first time: com.fasterxml.jackson.databind.annotation.JsonTypeResolver
[main] INFO org.evosuite.runtime.instrumentation.EvoClassLoader - Instrumenting class 'com.fasterxml.jackson.databind.annotation.JsonTypeResolver'.
[main] INFO org.evosuite.runtime.instrumentation.EvoClassLoader - Defined package (3): package com.fasterxml.jackson.databind.annotation, 1823830094
[main] INFO org.evosuite.runtime.instrumentation.EvoClassLoader - Keeping class: com.fasterxml.jackson.databind.annotation.JsonTypeResolver
[main] INFO org.evosuite.runtime.instrumentation.EvoClassLoader - Seeing class for first time: org.apache.avro.Schema
[main] INFO org.evosuite.runtime.instrumentation.EvoClassLoader - Instrumenting class 'org.apache.avro.Schema'.
[main] INFO org.evosuite.runtime.instrumentation.MethodCallReplacementClassAdapter - Adding mock interface to class org/apache/avro/Schema
[main] INFO org.evosuite.runtime.instrumentation.CreateClassResetClassAdapter - Found static initializer in class org/apache/avro/Schema
[main] INFO org.evosuite.runtime.instrumentation.EvoClassLoader - Seeing class for first time: org.apache.avro.JsonProperties
[main] INFO org.evosuite.runtime.instrumentation.EvoClassLoader - Instrumenting class 'org.apache.avro.JsonProperties'.
[main] INFO org.evosuite.runtime.instrumentation.MethodCallReplacementClassAdapter - Adding mock interface to class org/apache/avro/JsonProperties
[main] INFO org.evosuite.runtime.instrumentation.CreateClassResetClassAdapter - Found static initializer in class org/apache/avro/JsonProperties
[main] INFO org.evosuite.runtime.instrumentation.EvoClassLoader - Keeping class: org.apache.avro.JsonProperties
[main] INFO org.evosuite.runtime.instrumentation.EvoClassLoader - Keeping class: org.apache.avro.Schema
[main] INFO org.evosuite.runtime.instrumentation.EvoClassLoader - Seeing class for first time: com.fasterxml.jackson.databind.node.TextNode
[main] INFO org.evosuite.runtime.instrumentation.EvoClassLoader - Instrumenting class 'com.fasterxml.jackson.databind.node.TextNode'.
[main] INFO org.evosuite.runtime.instrumentation.MethodCallReplacementClassAdapter - Adding mock interface to class com/fasterxml/jackson/databind/node/TextNode
[main] INFO org.evosuite.runtime.instrumentation.CreateClassResetClassAdapter - Found static initializer in class com/fasterxml/jackson/databind/node/TextNode
[main] INFO org.evosuite.runtime.instrumentation.EvoClassLoader - Seeing class for first time: com.fasterxml.jackson.databind.node.ValueNode
[main] INFO org.evosuite.runtime.instrumentation.EvoClassLoader - Instrumenting class 'com.fasterxml.jackson.databind.node.ValueNode'.
[main] INFO org.evosuite.runtime.instrumentation.MethodCallReplacementClassAdapter - Adding mock interface to class com/fasterxml/jackson/databind/node/ValueNode
[main] INFO org.evosuite.runtime.instrumentation.CreateClassResetClassAdapter - Creating brand-new static initializer in class com/fasterxml/jackson/databind/node/ValueNode
[main] INFO org.evosuite.runtime.instrumentation.EvoClassLoader - Keeping class: com.fasterxml.jackson.databind.node.ValueNode
[main] INFO org.evosuite.runtime.instrumentation.EvoClassLoader - Keeping class: com.fasterxml.jackson.databind.node.TextNode
[main] INFO org.evosuite.runtime.instrumentation.EvoClassLoader - Seeing class for first time: org.apache.avro.util.internal.Accessor$JsonPropertiesAccessor
[main] INFO org.evosuite.runtime.instrumentation.EvoClassLoader - Instrumenting class 'org.apache.avro.util.internal.Accessor$JsonPropertiesAccessor'.
[main] INFO org.evosuite.runtime.instrumentation.MethodCallReplacementClassAdapter - Adding mock interface to class org/apache/avro/util/internal/Accessor$JsonPropertiesAccessor
[main] INFO org.evosuite.runtime.instrumentation.CreateClassResetClassAdapter - Creating brand-new static initializer in class org/apache/avro/util/internal/Accessor$JsonPropertiesAccessor
[main] INFO org.evosuite.runtime.instrumentation.EvoClassLoader - Keeping class: org.apache.avro.util.internal.Accessor$JsonPropertiesAccessor
[main] INFO org.evosuite.runtime.instrumentation.EvoClassLoader - Seeing class for first time: org.apache.avro.JsonProperties$1
[main] INFO org.evosuite.runtime.instrumentation.EvoClassLoader - Instrumenting class 'org.apache.avro.JsonProperties$1'.
[main] INFO org.evosuite.runtime.instrumentation.MethodCallReplacementClassAdapter - Adding mock interface to class org/apache/avro/JsonProperties$1
[main] INFO org.evosuite.runtime.instrumentation.EvoClassLoader - Keeping class: org.apache.avro.JsonProperties$1
[main] INFO org.evosuite.runtime.instrumentation.EvoClassLoader - Seeing class for first time: org.apache.avro.Schema$FixedSchema
[main] INFO org.evosuite.runtime.instrumentation.EvoClassLoader - Instrumenting class 'org.apache.avro.Schema$FixedSchema'.
[main] INFO org.evosuite.runtime.instrumentation.MethodCallReplacementClassAdapter - Adding mock interface to class org/apache/avro/Schema$FixedSchema
[main] INFO org.evosuite.runtime.instrumentation.CreateClassResetClassAdapter - Creating brand-new static initializer in class org/apache/avro/Schema$FixedSchema
[main] INFO org.evosuite.runtime.instrumentation.EvoClassLoader - Seeing class for first time: org.apache.avro.Schema$NamedSchema
[main] INFO org.evosuite.runtime.instrumentation.EvoClassLoader - Instrumenting class 'org.apache.avro.Schema$NamedSchema'.
[main] INFO org.evosuite.runtime.instrumentation.MethodCallReplacementClassAdapter - Adding mock interface to class org/apache/avro/Schema$NamedSchema
[main] INFO org.evosuite.runtime.instrumentation.CreateClassResetClassAdapter - Creating brand-new static initializer in class org/apache/avro/Schema$NamedSchema
[main] INFO org.evosuite.runtime.instrumentation.EvoClassLoader - Keeping class: org.apache.avro.Schema$NamedSchema
[main] INFO org.evosuite.runtime.instrumentation.EvoClassLoader - Keeping class: org.apache.avro.Schema$FixedSchema
[main] INFO org.evosuite.runtime.instrumentation.EvoClassLoader - Seeing class for first time: org.apache.avro.Schema$EnumSchema
[main] INFO org.evosuite.runtime.instrumentation.EvoClassLoader - Instrumenting class 'org.apache.avro.Schema$EnumSchema'.
[main] INFO org.evosuite.runtime.instrumentation.MethodCallReplacementClassAdapter - Adding mock interface to class org/apache/avro/Schema$EnumSchema
[main] INFO org.evosuite.runtime.instrumentation.CreateClassResetClassAdapter - Creating brand-new static initializer in class org/apache/avro/Schema$EnumSchema
[main] INFO org.evosuite.runtime.instrumentation.EvoClassLoader - Keeping class: org.apache.avro.Schema$EnumSchema
[main] INFO org.evosuite.runtime.instrumentation.EvoClassLoader - Seeing class for first time: org.apache.avro.Schema$UnionSchema
[main] INFO org.evosuite.runtime.instrumentation.EvoClassLoader - Instrumenting class 'org.apache.avro.Schema$UnionSchema'.
[main] INFO org.evosuite.runtime.instrumentation.MethodCallReplacementClassAdapter - Adding mock interface to class org/apache/avro/Schema$UnionSchema
[main] INFO org.evosuite.runtime.instrumentation.CreateClassResetClassAdapter - Creating brand-new static initializer in class org/apache/avro/Schema$UnionSchema
[main] INFO org.evosuite.runtime.instrumentation.EvoClassLoader - Keeping class: org.apache.avro.Schema$UnionSchema
[main] INFO org.evosuite.runtime.instrumentation.EvoClassLoader - Seeing class for first time: org.apache.avro.Schema$RecordSchema
[main] INFO org.evosuite.runtime.instrumentation.EvoClassLoader - Instrumenting class 'org.apache.avro.Schema$RecordSchema'.
[main] INFO org.evosuite.runtime.instrumentation.MethodCallReplacementClassAdapter - Adding mock interface to class org/apache/avro/Schema$RecordSchema
[main] INFO org.evosuite.runtime.instrumentation.CreateClassResetClassAdapter - Creating brand-new static initializer in class org/apache/avro/Schema$RecordSchema
[main] INFO org.evosuite.runtime.instrumentation.EvoClassLoader - Keeping class: org.apache.avro.Schema$RecordSchema
[main] INFO org.evosuite.runtime.instrumentation.EvoClassLoader - Seeing class for first time: org.apache.avro.Schema$ArraySchema
[main] INFO org.evosuite.runtime.instrumentation.EvoClassLoader - Instrumenting class 'org.apache.avro.Schema$ArraySchema'.
[main] INFO org.evosuite.runtime.instrumentation.MethodCallReplacementClassAdapter - Adding mock interface to class org/apache/avro/Schema$ArraySchema
[main] INFO org.evosuite.runtime.instrumentation.CreateClassResetClassAdapter - Creating brand-new static initializer in class org/apache/avro/Schema$ArraySchema
[main] INFO org.evosuite.runtime.instrumentation.EvoClassLoader - Keeping class: org.apache.avro.Schema$ArraySchema
[main] INFO org.evosuite.runtime.instrumentation.EvoClassLoader - Seeing class for first time: com.fasterxml.jackson.core.ObjectCodec
[main] INFO org.evosuite.runtime.instrumentation.EvoClassLoader - Instrumenting class 'com.fasterxml.jackson.core.ObjectCodec'.
[main] INFO org.evosuite.runtime.instrumentation.MethodCallReplacementClassAdapter - Adding mock interface to class com/fasterxml/jackson/core/ObjectCodec
[main] INFO org.evosuite.runtime.instrumentation.CreateClassResetClassAdapter - Creating brand-new static initializer in class com/fasterxml/jackson/core/ObjectCodec
[main] INFO org.evosuite.runtime.instrumentation.EvoClassLoader - Seeing class for first time: com.fasterxml.jackson.core.TreeCodec
[main] INFO org.evosuite.runtime.instrumentation.EvoClassLoader - Instrumenting class 'com.fasterxml.jackson.core.TreeCodec'.
[main] INFO org.evosuite.runtime.instrumentation.MethodCallReplacementClassAdapter - Adding mock interface to class com/fasterxml/jackson/core/TreeCodec
[main] INFO org.evosuite.runtime.instrumentation.CreateClassResetClassAdapter - Creating brand-new static initializer in class com/fasterxml/jackson/core/TreeCodec
[main] INFO org.evosuite.runtime.instrumentation.EvoClassLoader - Keeping class: com.fasterxml.jackson.core.TreeCodec
[main] INFO org.evosuite.runtime.instrumentation.EvoClassLoader - Keeping class: com.fasterxml.jackson.core.ObjectCodec
[main] INFO org.evosuite.runtime.instrumentation.EvoClassLoader - Seeing class for first time: com.fasterxml.jackson.databind.ObjectMapper
[main] INFO org.evosuite.runtime.instrumentation.EvoClassLoader - Instrumenting class 'com.fasterxml.jackson.databind.ObjectMapper'.
[main] INFO org.evosuite.runtime.instrumentation.MethodCallReplacementClassAdapter - Adding mock interface to class com/fasterxml/jackson/databind/ObjectMapper
[main] INFO org.evosuite.runtime.instrumentation.CreateClassResetClassAdapter - Found static initializer in class com/fasterxml/jackson/databind/ObjectMapper
[main] INFO org.evosuite.runtime.instrumentation.EvoClassLoader - Keeping class: com.fasterxml.jackson.databind.ObjectMapper
[main] INFO org.evosuite.runtime.instrumentation.EvoClassLoader - Seeing class for first time: org.apache.avro.SchemaParseException
[main] INFO org.evosuite.runtime.instrumentation.EvoClassLoader - Instrumenting class 'org.apache.avro.SchemaParseException'.
[main] INFO org.evosuite.runtime.instrumentation.MethodCallReplacementClassAdapter - Adding mock interface to class org/apache/avro/SchemaParseException
[main] INFO org.evosuite.runtime.instrumentation.CreateClassResetClassAdapter - Creating brand-new static initializer in class org/apache/avro/SchemaParseException
[main] INFO org.evosuite.runtime.instrumentation.EvoClassLoader - Keeping class: org.apache.avro.SchemaParseException
[main] INFO org.evosuite.runtime.instrumentation.EvoClassLoader - Seeing class for first time: org.apache.avro.AvroTypeException
[main] INFO org.evosuite.runtime.instrumentation.EvoClassLoader - Instrumenting class 'org.apache.avro.AvroTypeException'.
[main] INFO org.evosuite.runtime.instrumentation.MethodCallReplacementClassAdapter - Adding mock interface to class org/apache/avro/AvroTypeException
[main] INFO org.evosuite.runtime.instrumentation.CreateClassResetClassAdapter - Creating brand-new static initializer in class org/apache/avro/AvroTypeException
[main] INFO org.evosuite.runtime.instrumentation.EvoClassLoader - Keeping class: org.apache.avro.AvroTypeException
[main] INFO org.evosuite.runtime.instrumentation.EvoClassLoader - Seeing class for first time: org.apache.avro.Schema$Field
[main] INFO org.evosuite.runtime.instrumentation.EvoClassLoader - Instrumenting class 'org.apache.avro.Schema$Field'.
[main] INFO org.evosuite.runtime.instrumentation.MethodCallReplacementClassAdapter - Adding mock interface to class org/apache/avro/Schema$Field
[main] INFO org.evosuite.runtime.instrumentation.CreateClassResetClassAdapter - Found static initializer in class org/apache/avro/Schema$Field
[main] INFO org.evosuite.runtime.instrumentation.EvoClassLoader - Keeping class: org.apache.avro.Schema$Field
[main] INFO org.evosuite.runtime.instrumentation.EvoClassLoader - Seeing class for first time: org.apache.avro.Schema$StringSchema
[main] INFO org.evosuite.runtime.instrumentation.EvoClassLoader - Instrumenting class 'org.apache.avro.Schema$StringSchema'.
[main] INFO org.evosuite.runtime.instrumentation.MethodCallReplacementClassAdapter - Adding mock interface to class org/apache/avro/Schema$StringSchema
[main] INFO org.evosuite.runtime.instrumentation.CreateClassResetClassAdapter - Creating brand-new static initializer in class org/apache/avro/Schema$StringSchema
[main] INFO org.evosuite.runtime.instrumentation.EvoClassLoader - Keeping class: org.apache.avro.Schema$StringSchema
[main] INFO org.evosuite.runtime.instrumentation.EvoClassLoader - Seeing class for first time: org.apache.avro.Schema$BytesSchema
[main] INFO org.evosuite.runtime.instrumentation.EvoClassLoader - Instrumenting class 'org.apache.avro.Schema$BytesSchema'.
[main] INFO org.evosuite.runtime.instrumentation.MethodCallReplacementClassAdapter - Adding mock interface to class org/apache/avro/Schema$BytesSchema
[main] INFO org.evosuite.runtime.instrumentation.CreateClassResetClassAdapter - Creating brand-new static initializer in class org/apache/avro/Schema$BytesSchema
[main] INFO org.evosuite.runtime.instrumentation.EvoClassLoader - Keeping class: org.apache.avro.Schema$BytesSchema
[main] INFO org.evosuite.runtime.instrumentation.EvoClassLoader - Seeing class for first time: org.apache.avro.Schema$IntSchema
[main] INFO org.evosuite.runtime.instrumentation.EvoClassLoader - Instrumenting class 'org.apache.avro.Schema$IntSchema'.
[main] INFO org.evosuite.runtime.instrumentation.MethodCallReplacementClassAdapter - Adding mock interface to class org/apache/avro/Schema$IntSchema
[main] INFO org.evosuite.runtime.instrumentation.CreateClassResetClassAdapter - Creating brand-new static initializer in class org/apache/avro/Schema$IntSchema
[main] INFO org.evosuite.runtime.instrumentation.EvoClassLoader - Keeping class: org.apache.avro.Schema$IntSchema
[main] INFO org.evosuite.runtime.instrumentation.EvoClassLoader - Seeing class for first time: org.apache.avro.Schema$LongSchema
[main] INFO org.evosuite.runtime.instrumentation.EvoClassLoader - Instrumenting class 'org.apache.avro.Schema$LongSchema'.
[main] INFO org.evosuite.runtime.instrumentation.MethodCallReplacementClassAdapter - Adding mock interface to class org/apache/avro/Schema$LongSchema
[main] INFO org.evosuite.runtime.instrumentation.CreateClassResetClassAdapter - Creating brand-new static initializer in class org/apache/avro/Schema$LongSchema
[main] INFO org.evosuite.runtime.instrumentation.EvoClassLoader - Keeping class: org.apache.avro.Schema$LongSchema
[main] INFO org.evosuite.runtime.instrumentation.EvoClassLoader - Seeing class for first time: org.apache.avro.Schema$FloatSchema
[main] INFO org.evosuite.runtime.instrumentation.EvoClassLoader - Instrumenting class 'org.apache.avro.Schema$FloatSchema'.
[main] INFO org.evosuite.runtime.instrumentation.MethodCallReplacementClassAdapter - Adding mock interface to class org/apache/avro/Schema$FloatSchema
[main] INFO org.evosuite.runtime.instrumentation.CreateClassResetClassAdapter - Creating brand-new static initializer in class org/apache/avro/Schema$FloatSchema
[main] INFO org.evosuite.runtime.instrumentation.EvoClassLoader - Keeping class: org.apache.avro.Schema$FloatSchema
[main] INFO org.evosuite.runtime.instrumentation.EvoClassLoader - Seeing class for first time: org.apache.avro.Schema$DoubleSchema
[main] INFO org.evosuite.runtime.instrumentation.EvoClassLoader - Instrumenting class 'org.apache.avro.Schema$DoubleSchema'.
[main] INFO org.evosuite.runtime.instrumentation.MethodCallReplacementClassAdapter - Adding mock interface to class org/apache/avro/Schema$DoubleSchema
[main] INFO org.evosuite.runtime.instrumentation.CreateClassResetClassAdapter - Creating brand-new static initializer in class org/apache/avro/Schema$DoubleSchema
[main] INFO org.evosuite.runtime.instrumentation.EvoClassLoader - Keeping class: org.apache.avro.Schema$DoubleSchema
[main] INFO org.evosuite.runtime.instrumentation.EvoClassLoader - Seeing class for first time: org.apache.avro.Schema$BooleanSchema
[main] INFO org.evosuite.runtime.instrumentation.EvoClassLoader - Instrumenting class 'org.apache.avro.Schema$BooleanSchema'.
[main] INFO org.evosuite.runtime.instrumentation.MethodCallReplacementClassAdapter - Adding mock interface to class org/apache/avro/Schema$BooleanSchema
[main] INFO org.evosuite.runtime.instrumentation.CreateClassResetClassAdapter - Creating brand-new static initializer in class org/apache/avro/Schema$BooleanSchema
[main] INFO org.evosuite.runtime.instrumentation.EvoClassLoader - Keeping class: org.apache.avro.Schema$BooleanSchema
[main] INFO org.evosuite.runtime.instrumentation.EvoClassLoader - Seeing class for first time: org.apache.avro.Schema$NullSchema
[main] INFO org.evosuite.runtime.instrumentation.EvoClassLoader - Instrumenting class 'org.apache.avro.Schema$NullSchema'.
[main] INFO org.evosuite.runtime.instrumentation.MethodCallReplacementClassAdapter - Adding mock interface to class org/apache/avro/Schema$NullSchema
[main] INFO org.evosuite.runtime.instrumentation.CreateClassResetClassAdapter - Creating brand-new static initializer in class org/apache/avro/Schema$NullSchema
[main] INFO org.evosuite.runtime.instrumentation.EvoClassLoader - Keeping class: org.apache.avro.Schema$NullSchema
[main] INFO org.evosuite.runtime.instrumentation.EvoClassLoader - Seeing class for first time: org.apache.avro.Schema$MapSchema
[main] INFO org.evosuite.runtime.instrumentation.EvoClassLoader - Instrumenting class 'org.apache.avro.Schema$MapSchema'.
[main] INFO org.evosuite.runtime.instrumentation.MethodCallReplacementClassAdapter - Adding mock interface to class org/apache/avro/Schema$MapSchema
[main] INFO org.evosuite.runtime.instrumentation.CreateClassResetClassAdapter - Creating brand-new static initializer in class org/apache/avro/Schema$MapSchema
[main] INFO org.evosuite.runtime.instrumentation.EvoClassLoader - Keeping class: org.apache.avro.Schema$MapSchema
[main] INFO org.evosuite.runtime.instrumentation.EvoClassLoader - Seeing class for first time: com.fasterxml.jackson.databind.node.DoubleNode
[main] INFO org.evosuite.runtime.instrumentation.EvoClassLoader - Instrumenting class 'com.fasterxml.jackson.databind.node.DoubleNode'.
[main] INFO org.evosuite.runtime.instrumentation.MethodCallReplacementClassAdapter - Adding mock interface to class com/fasterxml/jackson/databind/node/DoubleNode
[main] INFO org.evosuite.runtime.instrumentation.CreateClassResetClassAdapter - Creating brand-new static initializer in class com/fasterxml/jackson/databind/node/DoubleNode
[main] INFO org.evosuite.runtime.instrumentation.EvoClassLoader - Seeing class for first time: com.fasterxml.jackson.databind.node.NumericNode
[main] INFO org.evosuite.runtime.instrumentation.EvoClassLoader - Instrumenting class 'com.fasterxml.jackson.databind.node.NumericNode'.
[main] INFO org.evosuite.runtime.instrumentation.MethodCallReplacementClassAdapter - Adding mock interface to class com/fasterxml/jackson/databind/node/NumericNode
[main] INFO org.evosuite.runtime.instrumentation.CreateClassResetClassAdapter - Creating brand-new static initializer in class com/fasterxml/jackson/databind/node/NumericNode
[main] INFO org.evosuite.runtime.instrumentation.EvoClassLoader - Keeping class: com.fasterxml.jackson.databind.node.NumericNode
[main] INFO org.evosuite.runtime.instrumentation.EvoClassLoader - Keeping class: com.fasterxml.jackson.databind.node.DoubleNode
[main] INFO org.evosuite.runtime.instrumentation.EvoClassLoader - Seeing class for first time: org.apache.avro.util.internal.Accessor
[main] INFO org.evosuite.runtime.instrumentation.EvoClassLoader - Instrumenting class 'org.apache.avro.util.internal.Accessor'.
[main] INFO org.evosuite.runtime.instrumentation.MethodCallReplacementClassAdapter - Adding mock interface to class org/apache/avro/util/internal/Accessor
[main] INFO org.evosuite.runtime.instrumentation.CreateClassResetClassAdapter - Creating brand-new static initializer in class org/apache/avro/util/internal/Accessor
[main] INFO org.evosuite.runtime.instrumentation.CreateClassResetClassAdapter - Adding bytecode for initializing field jsonPropertiesAccessor
[main] INFO org.evosuite.runtime.instrumentation.CreateClassResetClassAdapter - Adding bytecode for initializing field fieldAccessor
[main] INFO org.evosuite.runtime.instrumentation.CreateClassResetClassAdapter - Adding bytecode for initializing field resolvingGrammarGeneratorAccessor
[main] INFO org.evosuite.runtime.instrumentation.EvoClassLoader - Keeping class: org.apache.avro.util.internal.Accessor
[main] INFO org.evosuite.runtime.instrumentation.EvoClassLoader - Seeing class for first time: org.apache.avro.JsonProperties$Null
[main] INFO org.evosuite.runtime.instrumentation.EvoClassLoader - Instrumenting class 'org.apache.avro.JsonProperties$Null'.
[main] INFO org.evosuite.runtime.instrumentation.MethodCallReplacementClassAdapter - Adding mock interface to class org/apache/avro/JsonProperties$Null
[main] INFO org.evosuite.runtime.instrumentation.CreateClassResetClassAdapter - Creating brand-new static initializer in class org/apache/avro/JsonProperties$Null
[main] INFO org.evosuite.runtime.instrumentation.EvoClassLoader - Keeping class: org.apache.avro.JsonProperties$Null
[main] INFO org.evosuite.runtime.instrumentation.EvoClassLoader - Seeing class for first time: com.fasterxml.jackson.core.JsonFactory
[main] INFO org.evosuite.runtime.instrumentation.EvoClassLoader - Instrumenting class 'com.fasterxml.jackson.core.JsonFactory'.
[main] INFO org.evosuite.runtime.instrumentation.MethodCallReplacementClassAdapter - Adding mock interface to class com/fasterxml/jackson/core/JsonFactory
[main] INFO org.evosuite.runtime.instrumentation.CreateClassResetClassAdapter - Found static initializer in class com/fasterxml/jackson/core/JsonFactory
[main] INFO org.evosuite.runtime.instrumentation.EvoClassLoader - Seeing class for first time: com.fasterxml.jackson.core.TokenStreamFactory
[main] INFO org.evosuite.runtime.instrumentation.EvoClassLoader - Instrumenting class 'com.fasterxml.jackson.core.TokenStreamFactory'.
[main] INFO org.evosuite.runtime.instrumentation.MethodCallReplacementClassAdapter - Adding mock interface to class com/fasterxml/jackson/core/TokenStreamFactory
[main] INFO org.evosuite.runtime.instrumentation.CreateClassResetClassAdapter - Creating brand-new static initializer in class com/fasterxml/jackson/core/TokenStreamFactory
[main] INFO org.evosuite.runtime.instrumentation.EvoClassLoader - Keeping class: com.fasterxml.jackson.core.TokenStreamFactory
[main] INFO org.evosuite.runtime.instrumentation.EvoClassLoader - Keeping class: com.fasterxml.jackson.core.JsonFactory
[main] INFO org.evosuite.runtime.instrumentation.EvoClassLoader - Seeing class for first time: com.fasterxml.jackson.core.io.DataOutputAsStream
[main] INFO org.evosuite.runtime.instrumentation.EvoClassLoader - Instrumenting class 'com.fasterxml.jackson.core.io.DataOutputAsStream'.
[main] INFO org.evosuite.runtime.instrumentation.MethodCallReplacementClassAdapter - Adding mock interface to class com/fasterxml/jackson/core/io/DataOutputAsStream
[main] INFO org.evosuite.runtime.instrumentation.CreateClassResetClassAdapter - Creating brand-new static initializer in class com/fasterxml/jackson/core/io/DataOutputAsStream
[main] INFO org.evosuite.runtime.instrumentation.EvoClassLoader - Defined package (3): package com.fasterxml.jackson.core.io, -12787315
[main] INFO org.evosuite.runtime.instrumentation.EvoClassLoader - Keeping class: com.fasterxml.jackson.core.io.DataOutputAsStream
[main] INFO org.evosuite.runtime.instrumentation.EvoClassLoader - Seeing class for first time: com.fasterxml.jackson.core.JsonParser
[main] INFO org.evosuite.runtime.instrumentation.EvoClassLoader - Instrumenting class 'com.fasterxml.jackson.core.JsonParser'.
[main] INFO org.evosuite.runtime.instrumentation.MethodCallReplacementClassAdapter - Adding mock interface to class com/fasterxml/jackson/core/JsonParser
[main] INFO org.evosuite.runtime.instrumentation.CreateClassResetClassAdapter - Found static initializer in class com/fasterxml/jackson/core/JsonParser
[main] INFO org.evosuite.runtime.instrumentation.EvoClassLoader - Keeping class: com.fasterxml.jackson.core.JsonParser
[main] INFO org.evosuite.runtime.instrumentation.EvoClassLoader - Seeing class for first time: com.fasterxml.jackson.core.json.UTF8DataInputJsonParser
[main] INFO org.evosuite.runtime.instrumentation.EvoClassLoader - Instrumenting class 'com.fasterxml.jackson.core.json.UTF8DataInputJsonParser'.
[main] INFO org.evosuite.runtime.instrumentation.MethodCallReplacementClassAdapter - Adding mock interface to class com/fasterxml/jackson/core/json/UTF8DataInputJsonParser
[main] INFO org.evosuite.runtime.instrumentation.CreateClassResetClassAdapter - Found static initializer in class com/fasterxml/jackson/core/json/UTF8DataInputJsonParser
[main] INFO org.evosuite.runtime.instrumentation.EvoClassLoader - Defined package (3): package com.fasterxml.jackson.core.json, 596329359
[main] INFO org.evosuite.runtime.instrumentation.EvoClassLoader - Seeing class for first time: com.fasterxml.jackson.core.base.ParserBase
[main] INFO org.evosuite.runtime.instrumentation.EvoClassLoader - Instrumenting class 'com.fasterxml.jackson.core.base.ParserBase'.
[main] INFO org.evosuite.runtime.instrumentation.MethodCallReplacementClassAdapter - Adding mock interface to class com/fasterxml/jackson/core/base/ParserBase
[main] INFO org.evosuite.runtime.instrumentation.CreateClassResetClassAdapter - Found static initializer in class com/fasterxml/jackson/core/base/ParserBase
[main] INFO org.evosuite.runtime.instrumentation.EvoClassLoader - Defined package (3): package com.fasterxml.jackson.core.base, 596073848
[main] INFO org.evosuite.runtime.instrumentation.EvoClassLoader - Seeing class for first time: com.fasterxml.jackson.core.base.ParserMinimalBase
[main] INFO org.evosuite.runtime.instrumentation.EvoClassLoader - Instrumenting class 'com.fasterxml.jackson.core.base.ParserMinimalBase'.
[main] INFO org.evosuite.runtime.instrumentation.MethodCallReplacementClassAdapter - Adding mock interface to class com/fasterxml/jackson/core/base/ParserMinimalBase
[main] INFO org.evosuite.runtime.instrumentation.CreateClassResetClassAdapter - Found static initializer in class com/fasterxml/jackson/core/base/ParserMinimalBase
[main] INFO org.evosuite.runtime.instrumentation.EvoClassLoader - Keeping class: com.fasterxml.jackson.core.base.ParserMinimalBase
[main] INFO org.evosuite.runtime.instrumentation.EvoClassLoader - Keeping class: com.fasterxml.jackson.core.base.ParserBase
[main] INFO org.evosuite.runtime.instrumentation.EvoClassLoader - Keeping class: com.fasterxml.jackson.core.json.UTF8DataInputJsonParser
[main] INFO org.evosuite.runtime.instrumentation.EvoClassLoader - Seeing class for first time: com.fasterxml.jackson.core.json.ReaderBasedJsonParser
[main] INFO org.evosuite.runtime.instrumentation.EvoClassLoader - Instrumenting class 'com.fasterxml.jackson.core.json.ReaderBasedJsonParser'.
[main] INFO org.evosuite.runtime.instrumentation.MethodCallReplacementClassAdapter - Adding mock interface to class com/fasterxml/jackson/core/json/ReaderBasedJsonParser
[main] INFO org.evosuite.runtime.instrumentation.CreateClassResetClassAdapter - Found static initializer in class com/fasterxml/jackson/core/json/ReaderBasedJsonParser
[main] INFO org.evosuite.runtime.instrumentation.EvoClassLoader - Keeping class: com.fasterxml.jackson.core.json.ReaderBasedJsonParser
[main] INFO org.evosuite.runtime.instrumentation.EvoClassLoader - Seeing class for first time: com.fasterxml.jackson.core.JsonGenerator
[main] INFO org.evosuite.runtime.instrumentation.EvoClassLoader - Instrumenting class 'com.fasterxml.jackson.core.JsonGenerator'.
[main] INFO org.evosuite.runtime.instrumentation.MethodCallReplacementClassAdapter - Adding mock interface to class com/fasterxml/jackson/core/JsonGenerator
[main] INFO org.evosuite.runtime.instrumentation.CreateClassResetClassAdapter - Found static initializer in class com/fasterxml/jackson/core/JsonGenerator
[main] INFO org.evosuite.runtime.instrumentation.EvoClassLoader - Keeping class: com.fasterxml.jackson.core.JsonGenerator
[main] INFO org.evosuite.runtime.instrumentation.EvoClassLoader - Seeing class for first time: com.fasterxml.jackson.core.json.UTF8JsonGenerator
[main] INFO org.evosuite.runtime.instrumentation.EvoClassLoader - Instrumenting class 'com.fasterxml.jackson.core.json.UTF8JsonGenerator'.
[main] INFO org.evosuite.runtime.instrumentation.MethodCallReplacementClassAdapter - Adding mock interface to class com/fasterxml/jackson/core/json/UTF8JsonGenerator
[main] INFO org.evosuite.runtime.instrumentation.CreateClassResetClassAdapter - Found static initializer in class com/fasterxml/jackson/core/json/UTF8JsonGenerator
[main] INFO org.evosuite.runtime.instrumentation.EvoClassLoader - Seeing class for first time: com.fasterxml.jackson.core.json.JsonGeneratorImpl
[main] INFO org.evosuite.runtime.instrumentation.EvoClassLoader - Instrumenting class 'com.fasterxml.jackson.core.json.JsonGeneratorImpl'.
[main] INFO org.evosuite.runtime.instrumentation.MethodCallReplacementClassAdapter - Adding mock interface to class com/fasterxml/jackson/core/json/JsonGeneratorImpl
[main] INFO org.evosuite.runtime.instrumentation.CreateClassResetClassAdapter - Found static initializer in class com/fasterxml/jackson/core/json/JsonGeneratorImpl
[main] INFO org.evosuite.runtime.instrumentation.EvoClassLoader - Seeing class for first time: com.fasterxml.jackson.core.base.GeneratorBase
[main] INFO org.evosuite.runtime.instrumentation.EvoClassLoader - Instrumenting class 'com.fasterxml.jackson.core.base.GeneratorBase'.
[main] INFO org.evosuite.runtime.instrumentation.MethodCallReplacementClassAdapter - Adding mock interface to class com/fasterxml/jackson/core/base/GeneratorBase
[main] INFO org.evosuite.runtime.instrumentation.CreateClassResetClassAdapter - Found static initializer in class com/fasterxml/jackson/core/base/GeneratorBase
[main] INFO org.evosuite.runtime.instrumentation.EvoClassLoader - Keeping class: com.fasterxml.jackson.core.base.GeneratorBase
[main] INFO org.evosuite.runtime.instrumentation.EvoClassLoader - Keeping class: com.fasterxml.jackson.core.json.JsonGeneratorImpl
[main] INFO org.evosuite.runtime.instrumentation.EvoClassLoader - Keeping class: com.fasterxml.jackson.core.json.UTF8JsonGenerator
[main] INFO org.evosuite.runtime.instrumentation.EvoClassLoader - Seeing class for first time: com.fasterxml.jackson.core.io.UTF8Writer
[main] INFO org.evosuite.runtime.instrumentation.EvoClassLoader - Instrumenting class 'com.fasterxml.jackson.core.io.UTF8Writer'.
[main] INFO org.evosuite.runtime.instrumentation.MethodCallReplacementClassAdapter - Adding mock interface to class com/fasterxml/jackson/core/io/UTF8Writer
[main] INFO org.evosuite.runtime.instrumentation.CreateClassResetClassAdapter - Creating brand-new static initializer in class com/fasterxml/jackson/core/io/UTF8Writer
[main] INFO org.evosuite.runtime.instrumentation.CreateClassResetClassAdapter - Adding bytecode for initializing field SURR1_FIRST
[main] INFO org.evosuite.runtime.instrumentation.CreateClassResetClassAdapter - Adding bytecode for initializing field SURR1_LAST
[main] INFO org.evosuite.runtime.instrumentation.CreateClassResetClassAdapter - Adding bytecode for initializing field SURR2_FIRST
[main] INFO org.evosuite.runtime.instrumentation.CreateClassResetClassAdapter - Adding bytecode for initializing field SURR2_LAST
[main] INFO org.evosuite.runtime.instrumentation.EvoClassLoader - Keeping class: com.fasterxml.jackson.core.io.UTF8Writer
[main] INFO org.evosuite.runtime.instrumentation.EvoClassLoader - Seeing class for first time: com.fasterxml.jackson.core.json.WriterBasedJsonGenerator
[main] INFO org.evosuite.runtime.instrumentation.EvoClassLoader - Instrumenting class 'com.fasterxml.jackson.core.json.WriterBasedJsonGenerator'.
[main] INFO org.evosuite.runtime.instrumentation.MethodCallReplacementClassAdapter - Adding mock interface to class com/fasterxml/jackson/core/json/WriterBasedJsonGenerator
[main] INFO org.evosuite.runtime.instrumentation.CreateClassResetClassAdapter - Found static initializer in class com/fasterxml/jackson/core/json/WriterBasedJsonGenerator
[main] INFO org.evosuite.runtime.instrumentation.EvoClassLoader - Keeping class: com.fasterxml.jackson.core.json.WriterBasedJsonGenerator
[main] INFO org.evosuite.runtime.instrumentation.EvoClassLoader - Seeing class for first time: com.fasterxml.jackson.core.json.async.NonBlockingJsonParser
[main] INFO org.evosuite.runtime.instrumentation.EvoClassLoader - Instrumenting class 'com.fasterxml.jackson.core.json.async.NonBlockingJsonParser'.
[main] INFO org.evosuite.runtime.instrumentation.MethodCallReplacementClassAdapter - Adding mock interface to class com/fasterxml/jackson/core/json/async/NonBlockingJsonParser
[main] INFO org.evosuite.runtime.instrumentation.CreateClassResetClassAdapter - Found static initializer in class com/fasterxml/jackson/core/json/async/NonBlockingJsonParser
[main] INFO org.evosuite.runtime.instrumentation.EvoClassLoader - Defined package (3): package com.fasterxml.jackson.core.json.async, 829688669
[main] INFO org.evosuite.runtime.instrumentation.EvoClassLoader - Seeing class for first time: com.fasterxml.jackson.core.json.async.NonBlockingJsonParserBase
[main] INFO org.evosuite.runtime.instrumentation.EvoClassLoader - Instrumenting class 'com.fasterxml.jackson.core.json.async.NonBlockingJsonParserBase'.
[main] INFO org.evosuite.runtime.instrumentation.MethodCallReplacementClassAdapter - Adding mock interface to class com/fasterxml/jackson/core/json/async/NonBlockingJsonParserBase
[main] INFO org.evosuite.runtime.instrumentation.CreateClassResetClassAdapter - Found static initializer in class com/fasterxml/jackson/core/json/async/NonBlockingJsonParserBase
[main] INFO org.evosuite.runtime.instrumentation.EvoClassLoader - Keeping class: com.fasterxml.jackson.core.json.async.NonBlockingJsonParserBase
[main] INFO org.evosuite.runtime.instrumentation.EvoClassLoader - Keeping class: com.fasterxml.jackson.core.json.async.NonBlockingJsonParser
[main] INFO org.evosuite.runtime.instrumentation.EvoClassLoader - Seeing class for first time: com.fasterxml.jackson.core.util.DefaultPrettyPrinter
[main] INFO org.evosuite.runtime.instrumentation.EvoClassLoader - Instrumenting class 'com.fasterxml.jackson.core.util.DefaultPrettyPrinter'.
[main] INFO org.evosuite.runtime.instrumentation.MethodCallReplacementClassAdapter - Adding mock interface to class com/fasterxml/jackson/core/util/DefaultPrettyPrinter
[main] INFO org.evosuite.runtime.instrumentation.CreateClassResetClassAdapter - Found static initializer in class com/fasterxml/jackson/core/util/DefaultPrettyPrinter
[main] INFO org.evosuite.runtime.instrumentation.EvoClassLoader - Seeing class for first time: com.fasterxml.jackson.core.PrettyPrinter
[main] INFO org.evosuite.runtime.instrumentation.EvoClassLoader - Instrumenting class 'com.fasterxml.jackson.core.PrettyPrinter'.
[main] INFO org.evosuite.runtime.instrumentation.EvoClassLoader - Keeping class: com.fasterxml.jackson.core.PrettyPrinter
[main] INFO org.evosuite.runtime.instrumentation.EvoClassLoader - Seeing class for first time: com.fasterxml.jackson.core.util.Instantiatable
[main] INFO org.evosuite.runtime.instrumentation.EvoClassLoader - Instrumenting class 'com.fasterxml.jackson.core.util.Instantiatable'.
[main] INFO org.evosuite.runtime.instrumentation.EvoClassLoader - Keeping class: com.fasterxml.jackson.core.util.Instantiatable
[main] INFO org.evosuite.runtime.instrumentation.EvoClassLoader - Keeping class: com.fasterxml.jackson.core.util.DefaultPrettyPrinter
[main] INFO org.evosuite.runtime.instrumentation.EvoClassLoader - Seeing class for first time: com.fasterxml.jackson.core.util.DefaultPrettyPrinter$Indenter
[main] INFO org.evosuite.runtime.instrumentation.EvoClassLoader - Instrumenting class 'com.fasterxml.jackson.core.util.DefaultPrettyPrinter$Indenter'.
[main] INFO org.evosuite.runtime.instrumentation.EvoClassLoader - Keeping class: com.fasterxml.jackson.core.util.DefaultPrettyPrinter$Indenter
[main] INFO org.evosuite.runtime.instrumentation.EvoClassLoader - Seeing class for first time: com.fasterxml.jackson.core.io.SerializedString
[main] INFO org.evosuite.runtime.instrumentation.EvoClassLoader - Instrumenting class 'com.fasterxml.jackson.core.io.SerializedString'.
[main] INFO org.evosuite.runtime.instrumentation.MethodCallReplacementClassAdapter - Adding mock interface to class com/fasterxml/jackson/core/io/SerializedString
[main] INFO org.evosuite.runtime.instrumentation.CreateClassResetClassAdapter - Found static initializer in class com/fasterxml/jackson/core/io/SerializedString
[main] INFO org.evosuite.runtime.instrumentation.EvoClassLoader - Keeping class: com.fasterxml.jackson.core.io.SerializedString
[main] INFO org.evosuite.runtime.instrumentation.EvoClassLoader - Seeing class for first time: com.fasterxml.jackson.core.io.JsonStringEncoder
[main] INFO org.evosuite.runtime.instrumentation.EvoClassLoader - Instrumenting class 'com.fasterxml.jackson.core.io.JsonStringEncoder'.
[main] INFO org.evosuite.runtime.instrumentation.MethodCallReplacementClassAdapter - Adding mock interface to class com/fasterxml/jackson/core/io/JsonStringEncoder
[main] INFO org.evosuite.runtime.instrumentation.CreateClassResetClassAdapter - Found static initializer in class com/fasterxml/jackson/core/io/JsonStringEncoder
[main] INFO org.evosuite.runtime.instrumentation.EvoClassLoader - Keeping class: com.fasterxml.jackson.core.io.JsonStringEncoder
[main] INFO org.evosuite.runtime.instrumentation.EvoClassLoader - Seeing class for first time: com.fasterxml.jackson.core.io.CharTypes
[main] INFO org.evosuite.runtime.instrumentation.EvoClassLoader - Instrumenting class 'com.fasterxml.jackson.core.io.CharTypes'.
[main] INFO org.evosuite.runtime.instrumentation.MethodCallReplacementClassAdapter - Adding mock interface to class com/fasterxml/jackson/core/io/CharTypes
[main] INFO org.evosuite.runtime.instrumentation.CreateClassResetClassAdapter - Found static initializer in class com/fasterxml/jackson/core/io/CharTypes
[main] INFO org.evosuite.runtime.instrumentation.EvoClassLoader - Keeping class: com.fasterxml.jackson.core.io.CharTypes
[main] INFO org.evosuite.runtime.instrumentation.EvoClassLoader - Seeing class for first time: com.fasterxml.jackson.core.sym.CharsToNameCanonicalizer
[main] INFO org.evosuite.runtime.instrumentation.EvoClassLoader - Instrumenting class 'com.fasterxml.jackson.core.sym.CharsToNameCanonicalizer'.
[main] INFO org.evosuite.runtime.instrumentation.MethodCallReplacementClassAdapter - Adding mock interface to class com/fasterxml/jackson/core/sym/CharsToNameCanonicalizer
[main] INFO org.evosuite.runtime.instrumentation.CreateClassResetClassAdapter - Creating brand-new static initializer in class com/fasterxml/jackson/core/sym/CharsToNameCanonicalizer
[main] INFO org.evosuite.runtime.instrumentation.CreateClassResetClassAdapter - Adding bytecode for initializing field HASH_MULT
[main] INFO org.evosuite.runtime.instrumentation.CreateClassResetClassAdapter - Adding bytecode for initializing field DEFAULT_T_SIZE
[main] INFO org.evosuite.runtime.instrumentation.CreateClassResetClassAdapter - Adding bytecode for initializing field MAX_T_SIZE
[main] INFO org.evosuite.runtime.instrumentation.CreateClassResetClassAdapter - Adding bytecode for initializing field MAX_ENTRIES_FOR_REUSE
[main] INFO org.evosuite.runtime.instrumentation.CreateClassResetClassAdapter - Adding bytecode for initializing field MAX_COLL_CHAIN_LENGTH
[main] INFO org.evosuite.runtime.instrumentation.EvoClassLoader - Defined package (3): package com.fasterxml.jackson.core.sym, -396396736
[main] INFO org.evosuite.runtime.instrumentation.EvoClassLoader - Keeping class: com.fasterxml.jackson.core.sym.CharsToNameCanonicalizer
[main] INFO org.evosuite.runtime.instrumentation.EvoClassLoader - Seeing class for first time: com.fasterxml.jackson.core.sym.CharsToNameCanonicalizer$TableInfo
[main] INFO org.evosuite.runtime.instrumentation.EvoClassLoader - Instrumenting class 'com.fasterxml.jackson.core.sym.CharsToNameCanonicalizer$TableInfo'.
[main] INFO org.evosuite.runtime.instrumentation.MethodCallReplacementClassAdapter - Adding mock interface to class com/fasterxml/jackson/core/sym/CharsToNameCanonicalizer$TableInfo
[main] INFO org.evosuite.runtime.instrumentation.CreateClassResetClassAdapter - Creating brand-new static initializer in class com/fasterxml/jackson/core/sym/CharsToNameCanonicalizer$TableInfo
[main] INFO org.evosuite.runtime.instrumentation.EvoClassLoader - Keeping class: com.fasterxml.jackson.core.sym.CharsToNameCanonicalizer$TableInfo
[main] INFO org.evosuite.runtime.instrumentation.EvoClassLoader - Seeing class for first time: com.fasterxml.jackson.core.sym.CharsToNameCanonicalizer$Bucket
[main] INFO org.evosuite.runtime.instrumentation.EvoClassLoader - Instrumenting class 'com.fasterxml.jackson.core.sym.CharsToNameCanonicalizer$Bucket'.
[main] INFO org.evosuite.runtime.instrumentation.MethodCallReplacementClassAdapter - Adding mock interface to class com/fasterxml/jackson/core/sym/CharsToNameCanonicalizer$Bucket
[main] INFO org.evosuite.runtime.instrumentation.CreateClassResetClassAdapter - Creating brand-new static initializer in class com/fasterxml/jackson/core/sym/CharsToNameCanonicalizer$Bucket
[main] INFO org.evosuite.runtime.instrumentation.EvoClassLoader - Keeping class: com.fasterxml.jackson.core.sym.CharsToNameCanonicalizer$Bucket
[main] INFO org.evosuite.runtime.instrumentation.EvoClassLoader - Seeing class for first time: com.fasterxml.jackson.core.sym.ByteQuadsCanonicalizer
[main] INFO org.evosuite.runtime.instrumentation.EvoClassLoader - Instrumenting class 'com.fasterxml.jackson.core.sym.ByteQuadsCanonicalizer'.
[main] INFO org.evosuite.runtime.instrumentation.MethodCallReplacementClassAdapter - Adding mock interface to class com/fasterxml/jackson/core/sym/ByteQuadsCanonicalizer
[main] INFO org.evosuite.runtime.instrumentation.CreateClassResetClassAdapter - Creating brand-new static initializer in class com/fasterxml/jackson/core/sym/ByteQuadsCanonicalizer
[main] INFO org.evosuite.runtime.instrumentation.CreateClassResetClassAdapter - Adding bytecode for initializing field DEFAULT_T_SIZE
[main] INFO org.evosuite.runtime.instrumentation.CreateClassResetClassAdapter - Adding bytecode for initializing field MAX_T_SIZE
[main] INFO org.evosuite.runtime.instrumentation.CreateClassResetClassAdapter - Adding bytecode for initializing field MIN_HASH_SIZE
[main] INFO org.evosuite.runtime.instrumentation.CreateClassResetClassAdapter - Adding bytecode for initializing field MAX_ENTRIES_FOR_REUSE
[main] INFO org.evosuite.runtime.instrumentation.CreateClassResetClassAdapter - Adding bytecode for initializing field MULT
[main] INFO org.evosuite.runtime.instrumentation.CreateClassResetClassAdapter - Adding bytecode for initializing field MULT2
[main] INFO org.evosuite.runtime.instrumentation.CreateClassResetClassAdapter - Adding bytecode for initializing field MULT3
[main] INFO org.evosuite.runtime.instrumentation.EvoClassLoader - Keeping class: com.fasterxml.jackson.core.sym.ByteQuadsCanonicalizer
[main] INFO org.evosuite.runtime.instrumentation.EvoClassLoader - Seeing class for first time: com.fasterxml.jackson.core.sym.ByteQuadsCanonicalizer$TableInfo
[main] INFO org.evosuite.runtime.instrumentation.EvoClassLoader - Instrumenting class 'com.fasterxml.jackson.core.sym.ByteQuadsCanonicalizer$TableInfo'.
[main] INFO org.evosuite.runtime.instrumentation.MethodCallReplacementClassAdapter - Adding mock interface to class com/fasterxml/jackson/core/sym/ByteQuadsCanonicalizer$TableInfo
[main] INFO org.evosuite.runtime.instrumentation.CreateClassResetClassAdapter - Creating brand-new static initializer in class com/fasterxml/jackson/core/sym/ByteQuadsCanonicalizer$TableInfo
[main] INFO org.evosuite.runtime.instrumentation.EvoClassLoader - Keeping class: com.fasterxml.jackson.core.sym.ByteQuadsCanonicalizer$TableInfo
[main] INFO org.evosuite.runtime.instrumentation.EvoClassLoader - Seeing class for first time: com.fasterxml.jackson.databind.introspect.JacksonAnnotationIntrospector
[main] INFO org.evosuite.runtime.instrumentation.EvoClassLoader - Instrumenting class 'com.fasterxml.jackson.databind.introspect.JacksonAnnotationIntrospector'.
[main] INFO org.evosuite.runtime.instrumentation.MethodCallReplacementClassAdapter - Adding mock interface to class com/fasterxml/jackson/databind/introspect/JacksonAnnotationIntrospector
[main] INFO org.evosuite.runtime.instrumentation.CreateClassResetClassAdapter - Found static initializer in class com/fasterxml/jackson/databind/introspect/JacksonAnnotationIntrospector
[main] INFO org.evosuite.runtime.instrumentation.EvoClassLoader - Keeping class: com.fasterxml.jackson.databind.introspect.JacksonAnnotationIntrospector
[main] INFO org.evosuite.runtime.instrumentation.EvoClassLoader - Seeing class for first time: com.fasterxml.jackson.databind.introspect.AccessorNamingStrategy$Provider
[main] INFO org.evosuite.runtime.instrumentation.EvoClassLoader - Instrumenting class 'com.fasterxml.jackson.databind.introspect.AccessorNamingStrategy$Provider'.
[main] INFO org.evosuite.runtime.instrumentation.MethodCallReplacementClassAdapter - Adding mock interface to class com/fasterxml/jackson/databind/introspect/AccessorNamingStrategy$Provider
[main] INFO org.evosuite.runtime.instrumentation.CreateClassResetClassAdapter - Creating brand-new static initializer in class com/fasterxml/jackson/databind/introspect/AccessorNamingStrategy$Provider
[main] INFO org.evosuite.runtime.instrumentation.EvoClassLoader - Keeping class: com.fasterxml.jackson.databind.introspect.AccessorNamingStrategy$Provider
[main] INFO org.evosuite.runtime.instrumentation.EvoClassLoader - Seeing class for first time: com.fasterxml.jackson.databind.introspect.DefaultAccessorNamingStrategy$Provider
[main] INFO org.evosuite.runtime.instrumentation.EvoClassLoader - Instrumenting class 'com.fasterxml.jackson.databind.introspect.DefaultAccessorNamingStrategy$Provider'.
[main] INFO org.evosuite.runtime.instrumentation.MethodCallReplacementClassAdapter - Adding mock interface to class com/fasterxml/jackson/databind/introspect/DefaultAccessorNamingStrategy$Provider
[main] INFO org.evosuite.runtime.instrumentation.CreateClassResetClassAdapter - Creating brand-new static initializer in class com/fasterxml/jackson/databind/introspect/DefaultAccessorNamingStrategy$Provider
[main] INFO org.evosuite.runtime.instrumentation.EvoClassLoader - Keeping class: com.fasterxml.jackson.databind.introspect.DefaultAccessorNamingStrategy$Provider
[main] INFO org.evosuite.runtime.instrumentation.EvoClassLoader - Seeing class for first time: com.fasterxml.jackson.databind.jsontype.impl.LaissezFaireSubTypeValidator
[main] INFO org.evosuite.runtime.instrumentation.EvoClassLoader - Instrumenting class 'com.fasterxml.jackson.databind.jsontype.impl.LaissezFaireSubTypeValidator'.
[main] INFO org.evosuite.runtime.instrumentation.MethodCallReplacementClassAdapter - Adding mock interface to class com/fasterxml/jackson/databind/jsontype/impl/LaissezFaireSubTypeValidator
[main] INFO org.evosuite.runtime.instrumentation.CreateClassResetClassAdapter - Found static initializer in class com/fasterxml/jackson/databind/jsontype/impl/LaissezFaireSubTypeValidator
[main] INFO org.evosuite.runtime.instrumentation.EvoClassLoader - Defined package (3): package com.fasterxml.jackson.databind.jsontype.impl, -1761473811
[main] INFO org.evosuite.runtime.instrumentation.EvoClassLoader - Seeing class for first time: com.fasterxml.jackson.databind.jsontype.PolymorphicTypeValidator$Base
[main] INFO org.evosuite.runtime.instrumentation.EvoClassLoader - Instrumenting class 'com.fasterxml.jackson.databind.jsontype.PolymorphicTypeValidator$Base'.
[main] INFO org.evosuite.runtime.instrumentation.MethodCallReplacementClassAdapter - Adding mock interface to class com/fasterxml/jackson/databind/jsontype/PolymorphicTypeValidator$Base
[main] INFO org.evosuite.runtime.instrumentation.CreateClassResetClassAdapter - Creating brand-new static initializer in class com/fasterxml/jackson/databind/jsontype/PolymorphicTypeValidator$Base
[main] INFO org.evosuite.runtime.instrumentation.EvoClassLoader - Keeping class: com.fasterxml.jackson.databind.jsontype.PolymorphicTypeValidator$Base
[main] INFO org.evosuite.runtime.instrumentation.EvoClassLoader - Keeping class: com.fasterxml.jackson.databind.jsontype.impl.LaissezFaireSubTypeValidator
[main] INFO org.evosuite.runtime.instrumentation.EvoClassLoader - Seeing class for first time: com.fasterxml.jackson.databind.util.StdDateFormat
[main] INFO org.evosuite.runtime.instrumentation.EvoClassLoader - Instrumenting class 'com.fasterxml.jackson.databind.util.StdDateFormat'.
[main] INFO org.evosuite.runtime.instrumentation.MethodCallReplacementClassAdapter - Adding mock interface to class com/fasterxml/jackson/databind/util/StdDateFormat
[main] INFO org.evosuite.runtime.instrumentation.CreateClassResetClassAdapter - Found static initializer in class com/fasterxml/jackson/databind/util/StdDateFormat
[main] INFO org.evosuite.runtime.instrumentation.EvoClassLoader - Keeping class: com.fasterxml.jackson.databind.util.StdDateFormat
[main] INFO org.evosuite.runtime.instrumentation.EvoClassLoader - Seeing class for first time: com.fasterxml.jackson.databind.node.NullNode
[main] INFO org.evosuite.runtime.instrumentation.EvoClassLoader - Instrumenting class 'com.fasterxml.jackson.databind.node.NullNode'.
[main] INFO org.evosuite.runtime.instrumentation.MethodCallReplacementClassAdapter - Adding mock interface to class com/fasterxml/jackson/databind/node/NullNode
[main] INFO org.evosuite.runtime.instrumentation.CreateClassResetClassAdapter - Found static initializer in class com/fasterxml/jackson/databind/node/NullNode
[main] INFO org.evosuite.runtime.instrumentation.EvoClassLoader - Keeping class: com.fasterxml.jackson.databind.node.NullNode
[main] INFO org.evosuite.runtime.instrumentation.EvoClassLoader - Seeing class for first time: com.fasterxml.jackson.databind.node.TreeTraversingParser
[main] INFO org.evosuite.runtime.instrumentation.EvoClassLoader - Instrumenting class 'com.fasterxml.jackson.databind.node.TreeTraversingParser'.
[main] INFO org.evosuite.runtime.instrumentation.MethodCallReplacementClassAdapter - Adding mock interface to class com/fasterxml/jackson/databind/node/TreeTraversingParser
[main] INFO org.evosuite.runtime.instrumentation.CreateClassResetClassAdapter - Creating brand-new static initializer in class com/fasterxml/jackson/databind/node/TreeTraversingParser
[main] INFO org.evosuite.runtime.instrumentation.EvoClassLoader - Keeping class: com.fasterxml.jackson.databind.node.TreeTraversingParser
[main] INFO org.evosuite.runtime.instrumentation.EvoClassLoader - Seeing class for first time: com.fasterxml.jackson.databind.Module$SetupContext
[main] INFO org.evosuite.runtime.instrumentation.EvoClassLoader - Instrumenting class 'com.fasterxml.jackson.databind.Module$SetupContext'.
[main] INFO org.evosuite.runtime.instrumentation.EvoClassLoader - Keeping class: com.fasterxml.jackson.databind.Module$SetupContext
[main] INFO org.evosuite.runtime.instrumentation.EvoClassLoader - Seeing class for first time: com.fasterxml.jackson.databind.DeserializationContext
[main] INFO org.evosuite.runtime.instrumentation.EvoClassLoader - Instrumenting class 'com.fasterxml.jackson.databind.DeserializationContext'.
[main] INFO org.evosuite.runtime.instrumentation.MethodCallReplacementClassAdapter - Adding mock interface to class com/fasterxml/jackson/databind/DeserializationContext
[main] INFO org.evosuite.runtime.instrumentation.CreateClassResetClassAdapter - Creating brand-new static initializer in class com/fasterxml/jackson/databind/DeserializationContext
[main] INFO org.evosuite.runtime.instrumentation.EvoClassLoader - Seeing class for first time: com.fasterxml.jackson.databind.DatabindContext
[main] INFO org.evosuite.runtime.instrumentation.EvoClassLoader - Instrumenting class 'com.fasterxml.jackson.databind.DatabindContext'.
[main] INFO org.evosuite.runtime.instrumentation.MethodCallReplacementClassAdapter - Adding mock interface to class com/fasterxml/jackson/databind/DatabindContext
[main] INFO org.evosuite.runtime.instrumentation.CreateClassResetClassAdapter - Creating brand-new static initializer in class com/fasterxml/jackson/databind/DatabindContext
[main] INFO org.evosuite.runtime.instrumentation.CreateClassResetClassAdapter - Adding bytecode for initializing field MAX_ERROR_STR_LEN
[main] INFO org.evosuite.runtime.instrumentation.EvoClassLoader - Keeping class: com.fasterxml.jackson.databind.DatabindContext
[main] INFO org.evosuite.runtime.instrumentation.EvoClassLoader - Keeping class: com.fasterxml.jackson.databind.DeserializationContext
[main] INFO org.evosuite.runtime.instrumentation.EvoClassLoader - Seeing class for first time: com.fasterxml.jackson.databind.deser.DefaultDeserializationContext
[main] INFO org.evosuite.runtime.instrumentation.EvoClassLoader - Instrumenting class 'com.fasterxml.jackson.databind.deser.DefaultDeserializationContext'.
[main] INFO org.evosuite.runtime.instrumentation.MethodCallReplacementClassAdapter - Adding mock interface to class com/fasterxml/jackson/databind/deser/DefaultDeserializationContext
[main] INFO org.evosuite.runtime.instrumentation.CreateClassResetClassAdapter - Creating brand-new static initializer in class com/fasterxml/jackson/databind/deser/DefaultDeserializationContext
[main] INFO org.evosuite.runtime.instrumentation.EvoClassLoader - Keeping class: com.fasterxml.jackson.databind.deser.DefaultDeserializationContext
[main] INFO org.evosuite.runtime.instrumentation.EvoClassLoader - Seeing class for first time: com.fasterxml.jackson.databind.introspect.ClassIntrospector
[main] INFO org.evosuite.runtime.instrumentation.EvoClassLoader - Instrumenting class 'com.fasterxml.jackson.databind.introspect.ClassIntrospector'.
[main] INFO org.evosuite.runtime.instrumentation.MethodCallReplacementClassAdapter - Adding mock interface to class com/fasterxml/jackson/databind/introspect/ClassIntrospector
[main] INFO org.evosuite.runtime.instrumentation.CreateClassResetClassAdapter - Creating brand-new static initializer in class com/fasterxml/jackson/databind/introspect/ClassIntrospector
[main] INFO org.evosuite.runtime.instrumentation.EvoClassLoader - Keeping class: com.fasterxml.jackson.databind.introspect.ClassIntrospector
[main] INFO org.evosuite.runtime.instrumentation.EvoClassLoader - Seeing class for first time: com.fasterxml.jackson.databind.introspect.BasicClassIntrospector
[main] INFO org.evosuite.runtime.instrumentation.EvoClassLoader - Instrumenting class 'com.fasterxml.jackson.databind.introspect.BasicClassIntrospector'.
[main] INFO org.evosuite.runtime.instrumentation.MethodCallReplacementClassAdapter - Adding mock interface to class com/fasterxml/jackson/databind/introspect/BasicClassIntrospector
[main] INFO org.evosuite.runtime.instrumentation.CreateClassResetClassAdapter - Found static initializer in class com/fasterxml/jackson/databind/introspect/BasicClassIntrospector
[main] INFO org.evosuite.runtime.instrumentation.EvoClassLoader - Keeping class: com.fasterxml.jackson.databind.introspect.BasicClassIntrospector
[main] INFO org.evosuite.runtime.instrumentation.EvoClassLoader - Seeing class for first time: com.fasterxml.jackson.databind.SerializerProvider
[main] INFO org.evosuite.runtime.instrumentation.EvoClassLoader - Instrumenting class 'com.fasterxml.jackson.databind.SerializerProvider'.
[main] INFO org.evosuite.runtime.instrumentation.MethodCallReplacementClassAdapter - Adding mock interface to class com/fasterxml/jackson/databind/SerializerProvider
[main] INFO org.evosuite.runtime.instrumentation.CreateClassResetClassAdapter - Found static initializer in class com/fasterxml/jackson/databind/SerializerProvider
[main] INFO org.evosuite.runtime.instrumentation.EvoClassLoader - Keeping class: com.fasterxml.jackson.databind.SerializerProvider
[main] INFO org.evosuite.runtime.instrumentation.EvoClassLoader - Seeing class for first time: com.fasterxml.jackson.databind.ser.DefaultSerializerProvider
[main] INFO org.evosuite.runtime.instrumentation.EvoClassLoader - Instrumenting class 'com.fasterxml.jackson.databind.ser.DefaultSerializerProvider'.
[main] INFO org.evosuite.runtime.instrumentation.MethodCallReplacementClassAdapter - Adding mock interface to class com/fasterxml/jackson/databind/ser/DefaultSerializerProvider
[main] INFO org.evosuite.runtime.instrumentation.CreateClassResetClassAdapter - Creating brand-new static initializer in class com/fasterxml/jackson/databind/ser/DefaultSerializerProvider
[main] INFO org.evosuite.runtime.instrumentation.EvoClassLoader - Keeping class: com.fasterxml.jackson.databind.ser.DefaultSerializerProvider
[main] INFO org.evosuite.runtime.instrumentation.EvoClassLoader - Seeing class for first time: com.fasterxml.jackson.databind.introspect.VisibilityChecker
[main] INFO org.evosuite.runtime.instrumentation.EvoClassLoader - Instrumenting class 'com.fasterxml.jackson.databind.introspect.VisibilityChecker'.
[main] INFO org.evosuite.runtime.instrumentation.EvoClassLoader - Keeping class: com.fasterxml.jackson.databind.introspect.VisibilityChecker
[main] INFO org.evosuite.runtime.instrumentation.EvoClassLoader - Seeing class for first time: com.fasterxml.jackson.databind.jsontype.TypeResolverBuilder
[main] INFO org.evosuite.runtime.instrumentation.EvoClassLoader - Instrumenting class 'com.fasterxml.jackson.databind.jsontype.TypeResolverBuilder'.
[main] INFO org.evosuite.runtime.instrumentation.EvoClassLoader - Keeping class: com.fasterxml.jackson.databind.jsontype.TypeResolverBuilder
[main] INFO org.evosuite.runtime.instrumentation.EvoClassLoader - Seeing class for first time: com.fasterxml.jackson.databind.util.TokenBuffer
[main] INFO org.evosuite.runtime.instrumentation.EvoClassLoader - Instrumenting class 'com.fasterxml.jackson.databind.util.TokenBuffer'.
[main] INFO org.evosuite.runtime.instrumentation.MethodCallReplacementClassAdapter - Adding mock interface to class com/fasterxml/jackson/databind/util/TokenBuffer
[main] INFO org.evosuite.runtime.instrumentation.CreateClassResetClassAdapter - Found static initializer in class com/fasterxml/jackson/databind/util/TokenBuffer
[main] INFO org.evosuite.runtime.instrumentation.EvoClassLoader - Keeping class: com.fasterxml.jackson.databind.util.TokenBuffer
[main] INFO org.evosuite.runtime.instrumentation.EvoClassLoader - Seeing class for first time: com.fasterxml.jackson.core.io.SegmentedStringWriter
[main] INFO org.evosuite.runtime.instrumentation.EvoClassLoader - Instrumenting class 'com.fasterxml.jackson.core.io.SegmentedStringWriter'.
[main] INFO org.evosuite.runtime.instrumentation.MethodCallReplacementClassAdapter - Adding mock interface to class com/fasterxml/jackson/core/io/SegmentedStringWriter
[main] INFO org.evosuite.runtime.instrumentation.CreateClassResetClassAdapter - Creating brand-new static initializer in class com/fasterxml/jackson/core/io/SegmentedStringWriter
[main] INFO org.evosuite.runtime.instrumentation.EvoClassLoader - Keeping class: com.fasterxml.jackson.core.io.SegmentedStringWriter
[main] INFO org.evosuite.runtime.instrumentation.EvoClassLoader - Seeing class for first time: com.fasterxml.jackson.databind.type.ArrayType
[main] INFO org.evosuite.runtime.instrumentation.EvoClassLoader - Instrumenting class 'com.fasterxml.jackson.databind.type.ArrayType'.
[main] INFO org.evosuite.runtime.instrumentation.MethodCallReplacementClassAdapter - Adding mock interface to class com/fasterxml/jackson/databind/type/ArrayType
[main] INFO org.evosuite.runtime.instrumentation.CreateClassResetClassAdapter - Creating brand-new static initializer in class com/fasterxml/jackson/databind/type/ArrayType
[main] INFO org.evosuite.runtime.instrumentation.EvoClassLoader - Keeping class: com.fasterxml.jackson.databind.type.ArrayType
[main] INFO org.evosuite.runtime.instrumentation.EvoClassLoader - Seeing class for first time: com.fasterxml.jackson.databind.type.CollectionType
[main] INFO org.evosuite.runtime.instrumentation.EvoClassLoader - Instrumenting class 'com.fasterxml.jackson.databind.type.CollectionType'.
[main] INFO org.evosuite.runtime.instrumentation.MethodCallReplacementClassAdapter - Adding mock interface to class com/fasterxml/jackson/databind/type/CollectionType
[main] INFO org.evosuite.runtime.instrumentation.CreateClassResetClassAdapter - Creating brand-new static initializer in class com/fasterxml/jackson/databind/type/CollectionType
[main] INFO org.evosuite.runtime.instrumentation.EvoClassLoader - Seeing class for first time: com.fasterxml.jackson.databind.type.CollectionLikeType
[main] INFO org.evosuite.runtime.instrumentation.EvoClassLoader - Instrumenting class 'com.fasterxml.jackson.databind.type.CollectionLikeType'.
[main] INFO org.evosuite.runtime.instrumentation.MethodCallReplacementClassAdapter - Adding mock interface to class com/fasterxml/jackson/databind/type/CollectionLikeType
[main] INFO org.evosuite.runtime.instrumentation.CreateClassResetClassAdapter - Creating brand-new static initializer in class com/fasterxml/jackson/databind/type/CollectionLikeType
[main] INFO org.evosuite.runtime.instrumentation.EvoClassLoader - Keeping class: com.fasterxml.jackson.databind.type.CollectionLikeType
[main] INFO org.evosuite.runtime.instrumentation.EvoClassLoader - Keeping class: com.fasterxml.jackson.databind.type.CollectionType
[main] INFO org.evosuite.runtime.instrumentation.EvoClassLoader - Seeing class for first time: com.fasterxml.jackson.databind.exc.MismatchedInputException
[main] INFO org.evosuite.runtime.instrumentation.EvoClassLoader - Instrumenting class 'com.fasterxml.jackson.databind.exc.MismatchedInputException'.
[main] INFO org.evosuite.runtime.instrumentation.MethodCallReplacementClassAdapter - Adding mock interface to class com/fasterxml/jackson/databind/exc/MismatchedInputException
[main] INFO org.evosuite.runtime.instrumentation.CreateClassResetClassAdapter - Creating brand-new static initializer in class com/fasterxml/jackson/databind/exc/MismatchedInputException
[main] INFO org.evosuite.runtime.instrumentation.EvoClassLoader - Defined package (3): package com.fasterxml.jackson.databind.exc, -1584137775
[main] INFO org.evosuite.runtime.instrumentation.EvoClassLoader - Keeping class: com.fasterxml.jackson.databind.exc.MismatchedInputException
[main] INFO org.evosuite.runtime.instrumentation.EvoClassLoader - Seeing class for first time: com.fasterxml.jackson.databind.MappingJsonFactory
[main] INFO org.evosuite.runtime.instrumentation.EvoClassLoader - Instrumenting class 'com.fasterxml.jackson.databind.MappingJsonFactory'.
[main] INFO org.evosuite.runtime.instrumentation.MethodCallReplacementClassAdapter - Adding mock interface to class com/fasterxml/jackson/databind/MappingJsonFactory
[main] INFO org.evosuite.runtime.instrumentation.CreateClassResetClassAdapter - Creating brand-new static initializer in class com/fasterxml/jackson/databind/MappingJsonFactory
[main] INFO org.evosuite.runtime.instrumentation.EvoClassLoader - Keeping class: com.fasterxml.jackson.databind.MappingJsonFactory
[main] INFO org.evosuite.runtime.instrumentation.EvoClassLoader - Seeing class for first time: com.fasterxml.jackson.databind.jsontype.SubtypeResolver
[main] INFO org.evosuite.runtime.instrumentation.EvoClassLoader - Instrumenting class 'com.fasterxml.jackson.databind.jsontype.SubtypeResolver'.
[main] INFO org.evosuite.runtime.instrumentation.MethodCallReplacementClassAdapter - Adding mock interface to class com/fasterxml/jackson/databind/jsontype/SubtypeResolver
[main] INFO org.evosuite.runtime.instrumentation.CreateClassResetClassAdapter - Creating brand-new static initializer in class com/fasterxml/jackson/databind/jsontype/SubtypeResolver
[main] INFO org.evosuite.runtime.instrumentation.EvoClassLoader - Keeping class: com.fasterxml.jackson.databind.jsontype.SubtypeResolver
[main] INFO org.evosuite.runtime.instrumentation.EvoClassLoader - Seeing class for first time: com.fasterxml.jackson.databind.jsontype.impl.StdSubtypeResolver
[main] INFO org.evosuite.runtime.instrumentation.EvoClassLoader - Instrumenting class 'com.fasterxml.jackson.databind.jsontype.impl.StdSubtypeResolver'.
[main] INFO org.evosuite.runtime.instrumentation.MethodCallReplacementClassAdapter - Adding mock interface to class com/fasterxml/jackson/databind/jsontype/impl/StdSubtypeResolver
[main] INFO org.evosuite.runtime.instrumentation.CreateClassResetClassAdapter - Creating brand-new static initializer in class com/fasterxml/jackson/databind/jsontype/impl/StdSubtypeResolver
[main] INFO org.evosuite.runtime.instrumentation.EvoClassLoader - Keeping class: com.fasterxml.jackson.databind.jsontype.impl.StdSubtypeResolver
[main] INFO org.evosuite.runtime.instrumentation.EvoClassLoader - Seeing class for first time: com.fasterxml.jackson.databind.ser.DefaultSerializerProvider$Impl
[main] INFO org.evosuite.runtime.instrumentation.EvoClassLoader - Instrumenting class 'com.fasterxml.jackson.databind.ser.DefaultSerializerProvider$Impl'.
[main] INFO org.evosuite.runtime.instrumentation.MethodCallReplacementClassAdapter - Adding mock interface to class com/fasterxml/jackson/databind/ser/DefaultSerializerProvider$Impl
[main] INFO org.evosuite.runtime.instrumentation.CreateClassResetClassAdapter - Creating brand-new static initializer in class com/fasterxml/jackson/databind/ser/DefaultSerializerProvider$Impl
[main] INFO org.evosuite.runtime.instrumentation.EvoClassLoader - Keeping class: com.fasterxml.jackson.databind.ser.DefaultSerializerProvider$Impl
[main] INFO org.evosuite.runtime.instrumentation.EvoClassLoader - Seeing class for first time: com.fasterxml.jackson.databind.deser.DeserializerFactory
[main] INFO org.evosuite.runtime.instrumentation.EvoClassLoader - Instrumenting class 'com.fasterxml.jackson.databind.deser.DeserializerFactory'.
[main] INFO org.evosuite.runtime.instrumentation.MethodCallReplacementClassAdapter - Adding mock interface to class com/fasterxml/jackson/databind/deser/DeserializerFactory
[main] INFO org.evosuite.runtime.instrumentation.CreateClassResetClassAdapter - Found static initializer in class com/fasterxml/jackson/databind/deser/DeserializerFactory
[main] INFO org.evosuite.runtime.instrumentation.EvoClassLoader - Keeping class: com.fasterxml.jackson.databind.deser.DeserializerFactory
[main] INFO org.evosuite.runtime.instrumentation.EvoClassLoader - Seeing class for first time: com.fasterxml.jackson.databind.deser.BeanDeserializerFactory
[main] INFO org.evosuite.runtime.instrumentation.EvoClassLoader - Instrumenting class 'com.fasterxml.jackson.databind.deser.BeanDeserializerFactory'.
[main] INFO org.evosuite.runtime.instrumentation.MethodCallReplacementClassAdapter - Adding mock interface to class com/fasterxml/jackson/databind/deser/BeanDeserializerFactory
[main] INFO org.evosuite.runtime.instrumentation.CreateClassResetClassAdapter - Found static initializer in class com/fasterxml/jackson/databind/deser/BeanDeserializerFactory
[main] INFO org.evosuite.runtime.instrumentation.EvoClassLoader - Seeing class for first time: com.fasterxml.jackson.databind.deser.BasicDeserializerFactory
[main] INFO org.evosuite.runtime.instrumentation.EvoClassLoader - Instrumenting class 'com.fasterxml.jackson.databind.deser.BasicDeserializerFactory'.
[main] INFO org.evosuite.runtime.instrumentation.MethodCallReplacementClassAdapter - Adding mock interface to class com/fasterxml/jackson/databind/deser/BasicDeserializerFactory
[main] INFO org.evosuite.runtime.instrumentation.CreateClassResetClassAdapter - Found static initializer in class com/fasterxml/jackson/databind/deser/BasicDeserializerFactory
[main] INFO org.evosuite.runtime.instrumentation.EvoClassLoader - Keeping class: com.fasterxml.jackson.databind.deser.BasicDeserializerFactory
[main] INFO org.evosuite.runtime.instrumentation.EvoClassLoader - Keeping class: com.fasterxml.jackson.databind.deser.BeanDeserializerFactory
[main] INFO org.evosuite.runtime.instrumentation.EvoClassLoader - Seeing class for first time: com.fasterxml.jackson.databind.deser.DefaultDeserializationContext$Impl
[main] INFO org.evosuite.runtime.instrumentation.EvoClassLoader - Instrumenting class 'com.fasterxml.jackson.databind.deser.DefaultDeserializationContext$Impl'.
[main] INFO org.evosuite.runtime.instrumentation.MethodCallReplacementClassAdapter - Adding mock interface to class com/fasterxml/jackson/databind/deser/DefaultDeserializationContext$Impl
[main] INFO org.evosuite.runtime.instrumentation.CreateClassResetClassAdapter - Creating brand-new static initializer in class com/fasterxml/jackson/databind/deser/DefaultDeserializationContext$Impl
[main] INFO org.evosuite.runtime.instrumentation.EvoClassLoader - Keeping class: com.fasterxml.jackson.databind.deser.DefaultDeserializationContext$Impl
[main] INFO org.evosuite.runtime.instrumentation.EvoClassLoader - Seeing class for first time: com.fasterxml.jackson.databind.ser.SerializerFactory
[main] INFO org.evosuite.runtime.instrumentation.EvoClassLoader - Instrumenting class 'com.fasterxml.jackson.databind.ser.SerializerFactory'.
[main] INFO org.evosuite.runtime.instrumentation.MethodCallReplacementClassAdapter - Adding mock interface to class com/fasterxml/jackson/databind/ser/SerializerFactory
[main] INFO org.evosuite.runtime.instrumentation.CreateClassResetClassAdapter - Creating brand-new static initializer in class com/fasterxml/jackson/databind/ser/SerializerFactory
[main] INFO org.evosuite.runtime.instrumentation.EvoClassLoader - Keeping class: com.fasterxml.jackson.databind.ser.SerializerFactory
[main] INFO org.evosuite.runtime.instrumentation.EvoClassLoader - Seeing class for first time: com.fasterxml.jackson.databind.ser.BeanSerializerFactory
[main] INFO org.evosuite.runtime.instrumentation.EvoClassLoader - Instrumenting class 'com.fasterxml.jackson.databind.ser.BeanSerializerFactory'.
[main] INFO org.evosuite.runtime.instrumentation.MethodCallReplacementClassAdapter - Adding mock interface to class com/fasterxml/jackson/databind/ser/BeanSerializerFactory
[main] INFO org.evosuite.runtime.instrumentation.CreateClassResetClassAdapter - Found static initializer in class com/fasterxml/jackson/databind/ser/BeanSerializerFactory
[main] INFO org.evosuite.runtime.instrumentation.EvoClassLoader - Seeing class for first time: com.fasterxml.jackson.databind.ser.BasicSerializerFactory
[main] INFO org.evosuite.runtime.instrumentation.EvoClassLoader - Instrumenting class 'com.fasterxml.jackson.databind.ser.BasicSerializerFactory'.
[main] INFO org.evosuite.runtime.instrumentation.MethodCallReplacementClassAdapter - Adding mock interface to class com/fasterxml/jackson/databind/ser/BasicSerializerFactory
[main] INFO org.evosuite.runtime.instrumentation.CreateClassResetClassAdapter - Found static initializer in class com/fasterxml/jackson/databind/ser/BasicSerializerFactory
[main] INFO org.evosuite.runtime.instrumentation.EvoClassLoader - Keeping class: com.fasterxml.jackson.databind.ser.BasicSerializerFactory
[main] INFO org.evosuite.runtime.instrumentation.EvoClassLoader - Keeping class: com.fasterxml.jackson.databind.ser.BeanSerializerFactory
[main] INFO org.evosuite.runtime.instrumentation.EvoClassLoader - Seeing class for first time: com.fasterxml.jackson.databind.introspect.AnnotationIntrospectorPair
[main] INFO org.evosuite.runtime.instrumentation.EvoClassLoader - Instrumenting class 'com.fasterxml.jackson.databind.introspect.AnnotationIntrospectorPair'.
[main] INFO org.evosuite.runtime.instrumentation.MethodCallReplacementClassAdapter - Adding mock interface to class com/fasterxml/jackson/databind/introspect/AnnotationIntrospectorPair
[main] INFO org.evosuite.runtime.instrumentation.CreateClassResetClassAdapter - Creating brand-new static initializer in class com/fasterxml/jackson/databind/introspect/AnnotationIntrospectorPair
[main] INFO org.evosuite.runtime.instrumentation.EvoClassLoader - Keeping class: com.fasterxml.jackson.databind.introspect.AnnotationIntrospectorPair
[main] INFO org.evosuite.runtime.instrumentation.EvoClassLoader - Seeing class for first time: com.fasterxml.jackson.databind.introspect.AnnotatedMethod
[main] INFO org.evosuite.runtime.instrumentation.EvoClassLoader - Instrumenting class 'com.fasterxml.jackson.databind.introspect.AnnotatedMethod'.
[main] INFO org.evosuite.runtime.instrumentation.MethodCallReplacementClassAdapter - Adding mock interface to class com/fasterxml/jackson/databind/introspect/AnnotatedMethod
[main] INFO org.evosuite.runtime.instrumentation.CreateClassResetClassAdapter - Creating brand-new static initializer in class com/fasterxml/jackson/databind/introspect/AnnotatedMethod
[main] INFO org.evosuite.runtime.instrumentation.EvoClassLoader - Keeping class: com.fasterxml.jackson.databind.introspect.AnnotatedMethod
[main] INFO org.evosuite.runtime.instrumentation.EvoClassLoader - Seeing class for first time: com.fasterxml.jackson.databind.introspect.VirtualAnnotatedMember
[main] INFO org.evosuite.runtime.instrumentation.EvoClassLoader - Instrumenting class 'com.fasterxml.jackson.databind.introspect.VirtualAnnotatedMember'.
[main] INFO org.evosuite.runtime.instrumentation.MethodCallReplacementClassAdapter - Adding mock interface to class com/fasterxml/jackson/databind/introspect/VirtualAnnotatedMember
[main] INFO org.evosuite.runtime.instrumentation.CreateClassResetClassAdapter - Creating brand-new static initializer in class com/fasterxml/jackson/databind/introspect/VirtualAnnotatedMember
[main] INFO org.evosuite.runtime.instrumentation.EvoClassLoader - Keeping class: com.fasterxml.jackson.databind.introspect.VirtualAnnotatedMember
[main] INFO org.evosuite.runtime.instrumentation.EvoClassLoader - Seeing class for first time: com.fasterxml.jackson.databind.introspect.BeanPropertyDefinition
[main] INFO org.evosuite.runtime.instrumentation.EvoClassLoader - Instrumenting class 'com.fasterxml.jackson.databind.introspect.BeanPropertyDefinition'.
[main] INFO org.evosuite.runtime.instrumentation.MethodCallReplacementClassAdapter - Adding mock interface to class com/fasterxml/jackson/databind/introspect/BeanPropertyDefinition
[main] INFO org.evosuite.runtime.instrumentation.CreateClassResetClassAdapter - Found static initializer in class com/fasterxml/jackson/databind/introspect/BeanPropertyDefinition
[main] INFO org.evosuite.runtime.instrumentation.EvoClassLoader - Keeping class: com.fasterxml.jackson.databind.introspect.BeanPropertyDefinition
[main] INFO org.evosuite.runtime.instrumentation.EvoClassLoader - Seeing class for first time: com.fasterxml.jackson.databind.util.SimpleBeanPropertyDefinition
[main] INFO org.evosuite.runtime.instrumentation.EvoClassLoader - Instrumenting class 'com.fasterxml.jackson.databind.util.SimpleBeanPropertyDefinition'.
[main] INFO org.evosuite.runtime.instrumentation.MethodCallReplacementClassAdapter - Adding mock interface to class com/fasterxml/jackson/databind/util/SimpleBeanPropertyDefinition
[main] INFO org.evosuite.runtime.instrumentation.CreateClassResetClassAdapter - Creating brand-new static initializer in class com/fasterxml/jackson/databind/util/SimpleBeanPropertyDefinition
[main] INFO org.evosuite.runtime.instrumentation.EvoClassLoader - Keeping class: com.fasterxml.jackson.databind.util.SimpleBeanPropertyDefinition
[main] INFO org.evosuite.runtime.instrumentation.EvoClassLoader - Seeing class for first time: com.fasterxml.jackson.databind.ser.BeanPropertyWriter
[main] INFO org.evosuite.runtime.instrumentation.EvoClassLoader - Instrumenting class 'com.fasterxml.jackson.databind.ser.BeanPropertyWriter'.
[main] INFO org.evosuite.runtime.instrumentation.MethodCallReplacementClassAdapter - Adding mock interface to class com/fasterxml/jackson/databind/ser/BeanPropertyWriter
[main] INFO org.evosuite.runtime.instrumentation.CreateClassResetClassAdapter - Found static initializer in class com/fasterxml/jackson/databind/ser/BeanPropertyWriter
[main] INFO org.evosuite.runtime.instrumentation.EvoClassLoader - Seeing class for first time: com.fasterxml.jackson.databind.ser.PropertyWriter
[main] INFO org.evosuite.runtime.instrumentation.EvoClassLoader - Instrumenting class 'com.fasterxml.jackson.databind.ser.PropertyWriter'.
[main] INFO org.evosuite.runtime.instrumentation.MethodCallReplacementClassAdapter - Adding mock interface to class com/fasterxml/jackson/databind/ser/PropertyWriter
[main] INFO org.evosuite.runtime.instrumentation.CreateClassResetClassAdapter - Creating brand-new static initializer in class com/fasterxml/jackson/databind/ser/PropertyWriter
[main] INFO org.evosuite.runtime.instrumentation.EvoClassLoader - Keeping class: com.fasterxml.jackson.databind.ser.PropertyWriter
[main] INFO org.evosuite.runtime.instrumentation.EvoClassLoader - Keeping class: com.fasterxml.jackson.databind.ser.BeanPropertyWriter
[main] INFO org.evosuite.runtime.instrumentation.EvoClassLoader - Seeing class for first time: com.fasterxml.jackson.databind.ser.impl.AttributePropertyWriter
[main] INFO org.evosuite.runtime.instrumentation.EvoClassLoader - Instrumenting class 'com.fasterxml.jackson.databind.ser.impl.AttributePropertyWriter'.
[main] INFO org.evosuite.runtime.instrumentation.MethodCallReplacementClassAdapter - Adding mock interface to class com/fasterxml/jackson/databind/ser/impl/AttributePropertyWriter
[main] INFO org.evosuite.runtime.instrumentation.CreateClassResetClassAdapter - Creating brand-new static initializer in class com/fasterxml/jackson/databind/ser/impl/AttributePropertyWriter
[main] INFO org.evosuite.runtime.instrumentation.EvoClassLoader - Seeing class for first time: com.fasterxml.jackson.databind.ser.VirtualBeanPropertyWriter
[main] INFO org.evosuite.runtime.instrumentation.EvoClassLoader - Instrumenting class 'com.fasterxml.jackson.databind.ser.VirtualBeanPropertyWriter'.
[main] INFO org.evosuite.runtime.instrumentation.MethodCallReplacementClassAdapter - Adding mock interface to class com/fasterxml/jackson/databind/ser/VirtualBeanPropertyWriter
[main] INFO org.evosuite.runtime.instrumentation.CreateClassResetClassAdapter - Creating brand-new static initializer in class com/fasterxml/jackson/databind/ser/VirtualBeanPropertyWriter
[main] INFO org.evosuite.runtime.instrumentation.EvoClassLoader - Keeping class: com.fasterxml.jackson.databind.ser.VirtualBeanPropertyWriter
[main] INFO org.evosuite.runtime.instrumentation.EvoClassLoader - Keeping class: com.fasterxml.jackson.databind.ser.impl.AttributePropertyWriter
[main] INFO org.evosuite.runtime.instrumentation.EvoClassLoader - Seeing class for first time: com.fasterxml.jackson.databind.annotation.JsonSerialize
[main] INFO org.evosuite.runtime.instrumentation.EvoClassLoader - Instrumenting class 'com.fasterxml.jackson.databind.annotation.JsonSerialize'.
[main] INFO org.evosuite.runtime.instrumentation.EvoClassLoader - Keeping class: com.fasterxml.jackson.databind.annotation.JsonSerialize
[main] INFO org.evosuite.runtime.instrumentation.EvoClassLoader - Seeing class for first time: com.fasterxml.jackson.annotation.JsonView
[main] INFO org.evosuite.runtime.instrumentation.EvoClassLoader - Instrumenting class 'com.fasterxml.jackson.annotation.JsonView'.
[main] INFO org.evosuite.runtime.instrumentation.EvoClassLoader - Keeping class: com.fasterxml.jackson.annotation.JsonView
[main] INFO org.evosuite.runtime.instrumentation.EvoClassLoader - Seeing class for first time: com.fasterxml.jackson.annotation.JsonFormat
[main] INFO org.evosuite.runtime.instrumentation.EvoClassLoader - Instrumenting class 'com.fasterxml.jackson.annotation.JsonFormat'.
[main] INFO org.evosuite.runtime.instrumentation.EvoClassLoader - Keeping class: com.fasterxml.jackson.annotation.JsonFormat
[main] INFO org.evosuite.runtime.instrumentation.EvoClassLoader - Seeing class for first time: com.fasterxml.jackson.annotation.JsonTypeInfo
[main] INFO org.evosuite.runtime.instrumentation.EvoClassLoader - Instrumenting class 'com.fasterxml.jackson.annotation.JsonTypeInfo'.
[main] INFO org.evosuite.runtime.instrumentation.EvoClassLoader - Keeping class: com.fasterxml.jackson.annotation.JsonTypeInfo
[main] INFO org.evosuite.runtime.instrumentation.EvoClassLoader - Seeing class for first time: com.fasterxml.jackson.annotation.JsonRawValue
[main] INFO org.evosuite.runtime.instrumentation.EvoClassLoader - Instrumenting class 'com.fasterxml.jackson.annotation.JsonRawValue'.
[main] INFO org.evosuite.runtime.instrumentation.EvoClassLoader - Keeping class: com.fasterxml.jackson.annotation.JsonRawValue
[main] INFO org.evosuite.runtime.instrumentation.EvoClassLoader - Seeing class for first time: com.fasterxml.jackson.annotation.JsonUnwrapped
[main] INFO org.evosuite.runtime.instrumentation.EvoClassLoader - Instrumenting class 'com.fasterxml.jackson.annotation.JsonUnwrapped'.
[main] INFO org.evosuite.runtime.instrumentation.EvoClassLoader - Keeping class: com.fasterxml.jackson.annotation.JsonUnwrapped
[main] INFO org.evosuite.runtime.instrumentation.EvoClassLoader - Seeing class for first time: com.fasterxml.jackson.annotation.JsonBackReference
[main] INFO org.evosuite.runtime.instrumentation.EvoClassLoader - Instrumenting class 'com.fasterxml.jackson.annotation.JsonBackReference'.
[main] INFO org.evosuite.runtime.instrumentation.EvoClassLoader - Keeping class: com.fasterxml.jackson.annotation.JsonBackReference
[main] INFO org.evosuite.runtime.instrumentation.EvoClassLoader - Seeing class for first time: com.fasterxml.jackson.annotation.JsonManagedReference
[main] INFO org.evosuite.runtime.instrumentation.EvoClassLoader - Instrumenting class 'com.fasterxml.jackson.annotation.JsonManagedReference'.
[main] INFO org.evosuite.runtime.instrumentation.EvoClassLoader - Keeping class: com.fasterxml.jackson.annotation.JsonManagedReference
[main] INFO org.evosuite.runtime.instrumentation.EvoClassLoader - Seeing class for first time: com.fasterxml.jackson.databind.annotation.JsonDeserialize
[main] INFO org.evosuite.runtime.instrumentation.EvoClassLoader - Instrumenting class 'com.fasterxml.jackson.databind.annotation.JsonDeserialize'.
[main] INFO org.evosuite.runtime.instrumentation.EvoClassLoader - Keeping class: com.fasterxml.jackson.databind.annotation.JsonDeserialize
[main] INFO org.evosuite.runtime.instrumentation.EvoClassLoader - Seeing class for first time: com.fasterxml.jackson.annotation.JsonMerge
[main] INFO org.evosuite.runtime.instrumentation.EvoClassLoader - Instrumenting class 'com.fasterxml.jackson.annotation.JsonMerge'.
[main] INFO org.evosuite.runtime.instrumentation.EvoClassLoader - Keeping class: com.fasterxml.jackson.annotation.JsonMerge
[main] INFO org.evosuite.runtime.instrumentation.EvoClassLoader - Seeing class for first time: com.fasterxml.jackson.databind.ext.Java7Support
[main] INFO org.evosuite.runtime.instrumentation.EvoClassLoader - Instrumenting class 'com.fasterxml.jackson.databind.ext.Java7Support'.
[main] INFO org.evosuite.runtime.instrumentation.MethodCallReplacementClassAdapter - Adding mock interface to class com/fasterxml/jackson/databind/ext/Java7Support
[main] INFO org.evosuite.runtime.instrumentation.CreateClassResetClassAdapter - Found static initializer in class com/fasterxml/jackson/databind/ext/Java7Support
[main] INFO org.evosuite.runtime.instrumentation.EvoClassLoader - Defined package (3): package com.fasterxml.jackson.databind.ext, -1584137758
[main] INFO org.evosuite.runtime.instrumentation.EvoClassLoader - Keeping class: com.fasterxml.jackson.databind.ext.Java7Support
[main] INFO org.evosuite.runtime.instrumentation.EvoClassLoader - Seeing class for first time: com.fasterxml.jackson.databind.ext.Java7SupportImpl
[main] INFO org.evosuite.runtime.instrumentation.EvoClassLoader - Instrumenting class 'com.fasterxml.jackson.databind.ext.Java7SupportImpl'.
[main] INFO org.evosuite.runtime.instrumentation.MethodCallReplacementClassAdapter - Adding mock interface to class com/fasterxml/jackson/databind/ext/Java7SupportImpl
[main] INFO org.evosuite.runtime.instrumentation.CreateClassResetClassAdapter - Creating brand-new static initializer in class com/fasterxml/jackson/databind/ext/Java7SupportImpl
[main] INFO org.evosuite.runtime.instrumentation.EvoClassLoader - Keeping class: com.fasterxml.jackson.databind.ext.Java7SupportImpl
[main] INFO org.evosuite.runtime.instrumentation.EvoClassLoader - Seeing class for first time: com.fasterxml.jackson.databind.util.ClassUtil
[main] INFO org.evosuite.runtime.instrumentation.EvoClassLoader - Instrumenting class 'com.fasterxml.jackson.databind.util.ClassUtil'.
[main] INFO org.evosuite.runtime.instrumentation.MethodCallReplacementClassAdapter - Adding mock interface to class com/fasterxml/jackson/databind/util/ClassUtil
[main] INFO org.evosuite.runtime.instrumentation.CreateClassResetClassAdapter - Found static initializer in class com/fasterxml/jackson/databind/util/ClassUtil
[main] INFO org.evosuite.runtime.instrumentation.EvoClassLoader - Keeping class: com.fasterxml.jackson.databind.util.ClassUtil
[main] INFO org.evosuite.runtime.instrumentation.EvoClassLoader - Seeing class for first time: com.fasterxml.jackson.databind.util.ClassUtil$Ctor
[main] INFO org.evosuite.runtime.instrumentation.EvoClassLoader - Instrumenting class 'com.fasterxml.jackson.databind.util.ClassUtil$Ctor'.
[main] INFO org.evosuite.runtime.instrumentation.MethodCallReplacementClassAdapter - Adding mock interface to class com/fasterxml/jackson/databind/util/ClassUtil$Ctor
[main] INFO org.evosuite.runtime.instrumentation.CreateClassResetClassAdapter - Creating brand-new static initializer in class com/fasterxml/jackson/databind/util/ClassUtil$Ctor
[main] INFO org.evosuite.runtime.instrumentation.EvoClassLoader - Keeping class: com.fasterxml.jackson.databind.util.ClassUtil$Ctor
[main] INFO org.evosuite.runtime.instrumentation.EvoClassLoader - Seeing class for first time: com.fasterxml.jackson.databind.util.LRUMap
[main] INFO org.evosuite.runtime.instrumentation.EvoClassLoader - Instrumenting class 'com.fasterxml.jackson.databind.util.LRUMap'.
[main] INFO org.evosuite.runtime.instrumentation.MethodCallReplacementClassAdapter - Adding mock interface to class com/fasterxml/jackson/databind/util/LRUMap
[main] INFO org.evosuite.runtime.instrumentation.CreateClassResetClassAdapter - Creating brand-new static initializer in class com/fasterxml/jackson/databind/util/LRUMap
[main] INFO org.evosuite.runtime.instrumentation.EvoClassLoader - Seeing class for first time: com.fasterxml.jackson.databind.util.LookupCache
[main] INFO org.evosuite.runtime.instrumentation.EvoClassLoader - Instrumenting class 'com.fasterxml.jackson.databind.util.LookupCache'.
[main] INFO org.evosuite.runtime.instrumentation.EvoClassLoader - Keeping class: com.fasterxml.jackson.databind.util.LookupCache
[main] INFO org.evosuite.runtime.instrumentation.EvoClassLoader - Keeping class: com.fasterxml.jackson.databind.util.LRUMap
[main] INFO org.evosuite.runtime.instrumentation.EvoClassLoader - Seeing class for first time: com.fasterxml.jackson.databind.cfg.BaseSettings
[main] INFO org.evosuite.runtime.instrumentation.EvoClassLoader - Instrumenting class 'com.fasterxml.jackson.databind.cfg.BaseSettings'.
[main] INFO org.evosuite.runtime.instrumentation.MethodCallReplacementClassAdapter - Adding mock interface to class com/fasterxml/jackson/databind/cfg/BaseSettings
[main] INFO org.evosuite.runtime.instrumentation.CreateClassResetClassAdapter - Found static initializer in class com/fasterxml/jackson/databind/cfg/BaseSettings
[main] INFO org.evosuite.runtime.instrumentation.EvoClassLoader - Keeping class: com.fasterxml.jackson.databind.cfg.BaseSettings
[main] INFO org.evosuite.runtime.instrumentation.EvoClassLoader - Seeing class for first time: com.fasterxml.jackson.databind.type.TypeFactory
[main] INFO org.evosuite.runtime.instrumentation.EvoClassLoader - Instrumenting class 'com.fasterxml.jackson.databind.type.TypeFactory'.
[main] INFO org.evosuite.runtime.instrumentation.MethodCallReplacementClassAdapter - Adding mock interface to class com/fasterxml/jackson/databind/type/TypeFactory
[main] INFO org.evosuite.runtime.instrumentation.CreateClassResetClassAdapter - Found static initializer in class com/fasterxml/jackson/databind/type/TypeFactory
[main] INFO org.evosuite.runtime.instrumentation.EvoClassLoader - Keeping class: com.fasterxml.jackson.databind.type.TypeFactory
[main] INFO org.evosuite.runtime.instrumentation.EvoClassLoader - Seeing class for first time: com.fasterxml.jackson.databind.type.SimpleType
[main] INFO org.evosuite.runtime.instrumentation.EvoClassLoader - Instrumenting class 'com.fasterxml.jackson.databind.type.SimpleType'.
[main] INFO org.evosuite.runtime.instrumentation.MethodCallReplacementClassAdapter - Adding mock interface to class com/fasterxml/jackson/databind/type/SimpleType
[main] INFO org.evosuite.runtime.instrumentation.CreateClassResetClassAdapter - Creating brand-new static initializer in class com/fasterxml/jackson/databind/type/SimpleType
[main] INFO org.evosuite.runtime.instrumentation.EvoClassLoader - Keeping class: com.fasterxml.jackson.databind.type.SimpleType
[main] INFO org.evosuite.runtime.instrumentation.EvoClassLoader - Seeing class for first time: com.fasterxml.jackson.databind.type.ResolvedRecursiveType
[main] INFO org.evosuite.runtime.instrumentation.EvoClassLoader - Instrumenting class 'com.fasterxml.jackson.databind.type.ResolvedRecursiveType'.
[main] INFO org.evosuite.runtime.instrumentation.MethodCallReplacementClassAdapter - Adding mock interface to class com/fasterxml/jackson/databind/type/ResolvedRecursiveType
[main] INFO org.evosuite.runtime.instrumentation.CreateClassResetClassAdapter - Creating brand-new static initializer in class com/fasterxml/jackson/databind/type/ResolvedRecursiveType
[main] INFO org.evosuite.runtime.instrumentation.EvoClassLoader - Keeping class: com.fasterxml.jackson.databind.type.ResolvedRecursiveType
[main] INFO org.evosuite.runtime.instrumentation.EvoClassLoader - Seeing class for first time: com.fasterxml.jackson.databind.type.PlaceholderForType
[main] INFO org.evosuite.runtime.instrumentation.EvoClassLoader - Instrumenting class 'com.fasterxml.jackson.databind.type.PlaceholderForType'.
[main] INFO org.evosuite.runtime.instrumentation.MethodCallReplacementClassAdapter - Adding mock interface to class com/fasterxml/jackson/databind/type/PlaceholderForType
[main] INFO org.evosuite.runtime.instrumentation.CreateClassResetClassAdapter - Creating brand-new static initializer in class com/fasterxml/jackson/databind/type/PlaceholderForType
[main] INFO org.evosuite.runtime.instrumentation.EvoClassLoader - Keeping class: com.fasterxml.jackson.databind.type.PlaceholderForType
[main] INFO org.evosuite.runtime.instrumentation.EvoClassLoader - Seeing class for first time: com.fasterxml.jackson.databind.type.ReferenceType
[main] INFO org.evosuite.runtime.instrumentation.EvoClassLoader - Instrumenting class 'com.fasterxml.jackson.databind.type.ReferenceType'.
[main] INFO org.evosuite.runtime.instrumentation.MethodCallReplacementClassAdapter - Adding mock interface to class com/fasterxml/jackson/databind/type/ReferenceType
[main] INFO org.evosuite.runtime.instrumentation.CreateClassResetClassAdapter - Creating brand-new static initializer in class com/fasterxml/jackson/databind/type/ReferenceType
[main] INFO org.evosuite.runtime.instrumentation.EvoClassLoader - Keeping class: com.fasterxml.jackson.databind.type.ReferenceType
[main] INFO org.evosuite.runtime.instrumentation.EvoClassLoader - Seeing class for first time: com.fasterxml.jackson.databind.type.TypeParser
[main] INFO org.evosuite.runtime.instrumentation.EvoClassLoader - Instrumenting class 'com.fasterxml.jackson.databind.type.TypeParser'.
[main] INFO org.evosuite.runtime.instrumentation.MethodCallReplacementClassAdapter - Adding mock interface to class com/fasterxml/jackson/databind/type/TypeParser
[main] INFO org.evosuite.runtime.instrumentation.CreateClassResetClassAdapter - Creating brand-new static initializer in class com/fasterxml/jackson/databind/type/TypeParser
[main] INFO org.evosuite.runtime.instrumentation.EvoClassLoader - Keeping class: com.fasterxml.jackson.databind.type.TypeParser
[main] INFO org.evosuite.runtime.instrumentation.EvoClassLoader - Seeing class for first time: com.fasterxml.jackson.core.Base64Variants
[main] INFO org.evosuite.runtime.instrumentation.EvoClassLoader - Instrumenting class 'com.fasterxml.jackson.core.Base64Variants'.
[main] INFO org.evosuite.runtime.instrumentation.MethodCallReplacementClassAdapter - Adding mock interface to class com/fasterxml/jackson/core/Base64Variants
[main] INFO org.evosuite.runtime.instrumentation.CreateClassResetClassAdapter - Found static initializer in class com/fasterxml/jackson/core/Base64Variants
[main] INFO org.evosuite.runtime.instrumentation.EvoClassLoader - Keeping class: com.fasterxml.jackson.core.Base64Variants
[main] INFO org.evosuite.runtime.instrumentation.EvoClassLoader - Seeing class for first time: com.fasterxml.jackson.core.Base64Variant
[main] INFO org.evosuite.runtime.instrumentation.EvoClassLoader - Instrumenting class 'com.fasterxml.jackson.core.Base64Variant'.
[main] INFO org.evosuite.runtime.instrumentation.MethodCallReplacementClassAdapter - Adding mock interface to class com/fasterxml/jackson/core/Base64Variant
[main] INFO org.evosuite.runtime.instrumentation.CreateClassResetClassAdapter - Creating brand-new static initializer in class com/fasterxml/jackson/core/Base64Variant
[main] INFO org.evosuite.runtime.instrumentation.CreateClassResetClassAdapter - Adding bytecode for initializing field INT_SPACE
[main] INFO org.evosuite.runtime.instrumentation.CreateClassResetClassAdapter - Adding bytecode for initializing field PADDING_CHAR_NONE
[main] INFO org.evosuite.runtime.instrumentation.CreateClassResetClassAdapter - Adding bytecode for initializing field BASE64_VALUE_INVALID
[main] INFO org.evosuite.runtime.instrumentation.CreateClassResetClassAdapter - Adding bytecode for initializing field BASE64_VALUE_PADDING
[main] INFO org.evosuite.runtime.instrumentation.EvoClassLoader - Keeping class: com.fasterxml.jackson.core.Base64Variant
[main] INFO org.evosuite.runtime.instrumentation.EvoClassLoader - Seeing class for first time: com.fasterxml.jackson.core.Base64Variant$PaddingReadBehaviour
[main] INFO org.evosuite.runtime.instrumentation.EvoClassLoader - Instrumenting class 'com.fasterxml.jackson.core.Base64Variant$PaddingReadBehaviour'.
[main] INFO org.evosuite.runtime.instrumentation.MethodCallReplacementClassAdapter - Adding mock interface to class com/fasterxml/jackson/core/Base64Variant$PaddingReadBehaviour
[main] INFO org.evosuite.runtime.instrumentation.CreateClassResetClassAdapter - Found static initializer in class com/fasterxml/jackson/core/Base64Variant$PaddingReadBehaviour
[main] INFO org.evosuite.runtime.instrumentation.EvoClassLoader - Keeping class: com.fasterxml.jackson.core.Base64Variant$PaddingReadBehaviour
[main] INFO org.evosuite.runtime.instrumentation.EvoClassLoader - Seeing class for first time: com.fasterxml.jackson.databind.introspect.AccessorNamingStrategy
[main] INFO org.evosuite.runtime.instrumentation.EvoClassLoader - Instrumenting class 'com.fasterxml.jackson.databind.introspect.AccessorNamingStrategy'.
[main] INFO org.evosuite.runtime.instrumentation.MethodCallReplacementClassAdapter - Adding mock interface to class com/fasterxml/jackson/databind/introspect/AccessorNamingStrategy
[main] INFO org.evosuite.runtime.instrumentation.CreateClassResetClassAdapter - Creating brand-new static initializer in class com/fasterxml/jackson/databind/introspect/AccessorNamingStrategy
[main] INFO org.evosuite.runtime.instrumentation.EvoClassLoader - Keeping class: com.fasterxml.jackson.databind.introspect.AccessorNamingStrategy
[main] INFO org.evosuite.runtime.instrumentation.EvoClassLoader - Seeing class for first time: com.fasterxml.jackson.databind.introspect.DefaultAccessorNamingStrategy
[main] INFO org.evosuite.runtime.instrumentation.EvoClassLoader - Instrumenting class 'com.fasterxml.jackson.databind.introspect.DefaultAccessorNamingStrategy'.
[main] INFO org.evosuite.runtime.instrumentation.MethodCallReplacementClassAdapter - Adding mock interface to class com/fasterxml/jackson/databind/introspect/DefaultAccessorNamingStrategy
[main] INFO org.evosuite.runtime.instrumentation.CreateClassResetClassAdapter - Creating brand-new static initializer in class com/fasterxml/jackson/databind/introspect/DefaultAccessorNamingStrategy
[main] INFO org.evosuite.runtime.instrumentation.EvoClassLoader - Keeping class: com.fasterxml.jackson.databind.introspect.DefaultAccessorNamingStrategy
[main] INFO org.evosuite.runtime.instrumentation.EvoClassLoader - Seeing class for first time: com.fasterxml.jackson.databind.introspect.DefaultAccessorNamingStrategy$RecordNaming
[main] INFO org.evosuite.runtime.instrumentation.EvoClassLoader - Instrumenting class 'com.fasterxml.jackson.databind.introspect.DefaultAccessorNamingStrategy$RecordNaming'.
[main] INFO org.evosuite.runtime.instrumentation.MethodCallReplacementClassAdapter - Adding mock interface to class com/fasterxml/jackson/databind/introspect/DefaultAccessorNamingStrategy$RecordNaming
[main] INFO org.evosuite.runtime.instrumentation.CreateClassResetClassAdapter - Creating brand-new static initializer in class com/fasterxml/jackson/databind/introspect/DefaultAccessorNamingStrategy$RecordNaming
[main] INFO org.evosuite.runtime.instrumentation.EvoClassLoader - Keeping class: com.fasterxml.jackson.databind.introspect.DefaultAccessorNamingStrategy$RecordNaming
[main] INFO org.evosuite.runtime.instrumentation.EvoClassLoader - Seeing class for first time: com.fasterxml.jackson.databind.util.RootNameLookup
[main] INFO org.evosuite.runtime.instrumentation.EvoClassLoader - Instrumenting class 'com.fasterxml.jackson.databind.util.RootNameLookup'.
[main] INFO org.evosuite.runtime.instrumentation.MethodCallReplacementClassAdapter - Adding mock interface to class com/fasterxml/jackson/databind/util/RootNameLookup
[main] INFO org.evosuite.runtime.instrumentation.CreateClassResetClassAdapter - Creating brand-new static initializer in class com/fasterxml/jackson/databind/util/RootNameLookup
[main] INFO org.evosuite.runtime.instrumentation.EvoClassLoader - Keeping class: com.fasterxml.jackson.databind.util.RootNameLookup
[main] INFO org.evosuite.runtime.instrumentation.EvoClassLoader - Seeing class for first time: com.fasterxml.jackson.databind.introspect.SimpleMixInResolver
[main] INFO org.evosuite.runtime.instrumentation.EvoClassLoader - Instrumenting class 'com.fasterxml.jackson.databind.introspect.SimpleMixInResolver'.
[main] INFO org.evosuite.runtime.instrumentation.MethodCallReplacementClassAdapter - Adding mock interface to class com/fasterxml/jackson/databind/introspect/SimpleMixInResolver
[main] INFO org.evosuite.runtime.instrumentation.CreateClassResetClassAdapter - Creating brand-new static initializer in class com/fasterxml/jackson/databind/introspect/SimpleMixInResolver
[main] INFO org.evosuite.runtime.instrumentation.EvoClassLoader - Keeping class: com.fasterxml.jackson.databind.introspect.SimpleMixInResolver
[main] INFO org.evosuite.runtime.instrumentation.EvoClassLoader - Seeing class for first time: com.fasterxml.jackson.databind.BeanDescription
[main] INFO org.evosuite.runtime.instrumentation.EvoClassLoader - Instrumenting class 'com.fasterxml.jackson.databind.BeanDescription'.
[main] INFO org.evosuite.runtime.instrumentation.MethodCallReplacementClassAdapter - Adding mock interface to class com/fasterxml/jackson/databind/BeanDescription
[main] INFO org.evosuite.runtime.instrumentation.CreateClassResetClassAdapter - Creating brand-new static initializer in class com/fasterxml/jackson/databind/BeanDescription
[main] INFO org.evosuite.runtime.instrumentation.EvoClassLoader - Keeping class: com.fasterxml.jackson.databind.BeanDescription
[main] INFO org.evosuite.runtime.instrumentation.EvoClassLoader - Seeing class for first time: com.fasterxml.jackson.databind.introspect.BasicBeanDescription
[main] INFO org.evosuite.runtime.instrumentation.EvoClassLoader - Instrumenting class 'com.fasterxml.jackson.databind.introspect.BasicBeanDescription'.
[main] INFO org.evosuite.runtime.instrumentation.MethodCallReplacementClassAdapter - Adding mock interface to class com/fasterxml/jackson/databind/introspect/BasicBeanDescription
[main] INFO org.evosuite.runtime.instrumentation.CreateClassResetClassAdapter - Found static initializer in class com/fasterxml/jackson/databind/introspect/BasicBeanDescription
[main] INFO org.evosuite.runtime.instrumentation.EvoClassLoader - Keeping class: com.fasterxml.jackson.databind.introspect.BasicBeanDescription
[main] INFO org.evosuite.runtime.instrumentation.EvoClassLoader - Seeing class for first time: com.fasterxml.jackson.databind.introspect.AnnotatedClassResolver
[main] INFO org.evosuite.runtime.instrumentation.EvoClassLoader - Instrumenting class 'com.fasterxml.jackson.databind.introspect.AnnotatedClassResolver'.
[main] INFO org.evosuite.runtime.instrumentation.MethodCallReplacementClassAdapter - Adding mock interface to class com/fasterxml/jackson/databind/introspect/AnnotatedClassResolver
[main] INFO org.evosuite.runtime.instrumentation.CreateClassResetClassAdapter - Found static initializer in class com/fasterxml/jackson/databind/introspect/AnnotatedClassResolver
[main] INFO org.evosuite.runtime.instrumentation.EvoClassLoader - Keeping class: com.fasterxml.jackson.databind.introspect.AnnotatedClassResolver
[main] INFO org.evosuite.runtime.instrumentation.EvoClassLoader - Seeing class for first time: com.fasterxml.jackson.databind.introspect.AnnotationCollector
[main] INFO org.evosuite.runtime.instrumentation.EvoClassLoader - Instrumenting class 'com.fasterxml.jackson.databind.introspect.AnnotationCollector'.
[main] INFO org.evosuite.runtime.instrumentation.MethodCallReplacementClassAdapter - Adding mock interface to class com/fasterxml/jackson/databind/introspect/AnnotationCollector
[main] INFO org.evosuite.runtime.instrumentation.CreateClassResetClassAdapter - Found static initializer in class com/fasterxml/jackson/databind/introspect/AnnotationCollector
[main] INFO org.evosuite.runtime.instrumentation.EvoClassLoader - Keeping class: com.fasterxml.jackson.databind.introspect.AnnotationCollector
[main] INFO org.evosuite.runtime.instrumentation.EvoClassLoader - Seeing class for first time: com.fasterxml.jackson.databind.util.Annotations
[main] INFO org.evosuite.runtime.instrumentation.EvoClassLoader - Instrumenting class 'com.fasterxml.jackson.databind.util.Annotations'.
[main] INFO org.evosuite.runtime.instrumentation.EvoClassLoader - Keeping class: com.fasterxml.jackson.databind.util.Annotations
[main] INFO org.evosuite.runtime.instrumentation.EvoClassLoader - Seeing class for first time: com.fasterxml.jackson.databind.introspect.AnnotationCollector$EmptyCollector
[main] INFO org.evosuite.runtime.instrumentation.EvoClassLoader - Instrumenting class 'com.fasterxml.jackson.databind.introspect.AnnotationCollector$EmptyCollector'.
[main] INFO org.evosuite.runtime.instrumentation.MethodCallReplacementClassAdapter - Adding mock interface to class com/fasterxml/jackson/databind/introspect/AnnotationCollector$EmptyCollector
[main] INFO org.evosuite.runtime.instrumentation.CreateClassResetClassAdapter - Found static initializer in class com/fasterxml/jackson/databind/introspect/AnnotationCollector$EmptyCollector
[main] INFO org.evosuite.runtime.instrumentation.EvoClassLoader - Keeping class: com.fasterxml.jackson.databind.introspect.AnnotationCollector$EmptyCollector
[main] INFO org.evosuite.runtime.instrumentation.EvoClassLoader - Seeing class for first time: com.fasterxml.jackson.databind.introspect.AnnotationCollector$NoAnnotations
[main] INFO org.evosuite.runtime.instrumentation.EvoClassLoader - Instrumenting class 'com.fasterxml.jackson.databind.introspect.AnnotationCollector$NoAnnotations'.
[main] INFO org.evosuite.runtime.instrumentation.MethodCallReplacementClassAdapter - Adding mock interface to class com/fasterxml/jackson/databind/introspect/AnnotationCollector$NoAnnotations
[main] INFO org.evosuite.runtime.instrumentation.CreateClassResetClassAdapter - Creating brand-new static initializer in class com/fasterxml/jackson/databind/introspect/AnnotationCollector$NoAnnotations
[main] INFO org.evosuite.runtime.instrumentation.EvoClassLoader - Keeping class: com.fasterxml.jackson.databind.introspect.AnnotationCollector$NoAnnotations
[main] INFO org.evosuite.runtime.instrumentation.EvoClassLoader - Seeing class for first time: com.fasterxml.jackson.databind.introspect.AnnotatedClass$Creators
[main] INFO org.evosuite.runtime.instrumentation.EvoClassLoader - Instrumenting class 'com.fasterxml.jackson.databind.introspect.AnnotatedClass$Creators'.
[main] INFO org.evosuite.runtime.instrumentation.MethodCallReplacementClassAdapter - Adding mock interface to class com/fasterxml/jackson/databind/introspect/AnnotatedClass$Creators
[main] INFO org.evosuite.runtime.instrumentation.CreateClassResetClassAdapter - Creating brand-new static initializer in class com/fasterxml/jackson/databind/introspect/AnnotatedClass$Creators
[main] INFO org.evosuite.runtime.instrumentation.EvoClassLoader - Keeping class: com.fasterxml.jackson.databind.introspect.AnnotatedClass$Creators
[main] INFO org.evosuite.runtime.instrumentation.EvoClassLoader - Seeing class for first time: com.fasterxml.jackson.databind.introspect.AnnotatedParameter
[main] INFO org.evosuite.runtime.instrumentation.EvoClassLoader - Instrumenting class 'com.fasterxml.jackson.databind.introspect.AnnotatedParameter'.
[main] INFO org.evosuite.runtime.instrumentation.MethodCallReplacementClassAdapter - Adding mock interface to class com/fasterxml/jackson/databind/introspect/AnnotatedParameter
[main] INFO org.evosuite.runtime.instrumentation.CreateClassResetClassAdapter - Creating brand-new static initializer in class com/fasterxml/jackson/databind/introspect/AnnotatedParameter
[main] INFO org.evosuite.runtime.instrumentation.EvoClassLoader - Keeping class: com.fasterxml.jackson.databind.introspect.AnnotatedParameter
[main] INFO org.evosuite.runtime.instrumentation.EvoClassLoader - Seeing class for first time: com.fasterxml.jackson.databind.cfg.ConfigOverrides
[main] INFO org.evosuite.runtime.instrumentation.EvoClassLoader - Instrumenting class 'com.fasterxml.jackson.databind.cfg.ConfigOverrides'.
[main] INFO org.evosuite.runtime.instrumentation.MethodCallReplacementClassAdapter - Adding mock interface to class com/fasterxml/jackson/databind/cfg/ConfigOverrides
[main] INFO org.evosuite.runtime.instrumentation.CreateClassResetClassAdapter - Creating brand-new static initializer in class com/fasterxml/jackson/databind/cfg/ConfigOverrides
[main] INFO org.evosuite.runtime.instrumentation.EvoClassLoader - Keeping class: com.fasterxml.jackson.databind.cfg.ConfigOverrides
[main] INFO org.evosuite.runtime.instrumentation.EvoClassLoader - Seeing class for first time: com.fasterxml.jackson.annotation.JsonSetter$Value
[main] INFO org.evosuite.runtime.instrumentation.EvoClassLoader - Instrumenting class 'com.fasterxml.jackson.annotation.JsonSetter$Value'.
[main] INFO org.evosuite.runtime.instrumentation.MethodCallReplacementClassAdapter - Adding mock interface to class com/fasterxml/jackson/annotation/JsonSetter$Value
[main] INFO org.evosuite.runtime.instrumentation.CreateClassResetClassAdapter - Found static initializer in class com/fasterxml/jackson/annotation/JsonSetter$Value
[main] INFO org.evosuite.runtime.instrumentation.EvoClassLoader - Keeping class: com.fasterxml.jackson.annotation.JsonSetter$Value
[main] INFO org.evosuite.runtime.instrumentation.EvoClassLoader - Seeing class for first time: com.fasterxml.jackson.annotation.Nulls
[main] INFO org.evosuite.runtime.instrumentation.EvoClassLoader - Instrumenting class 'com.fasterxml.jackson.annotation.Nulls'.
[main] INFO org.evosuite.runtime.instrumentation.MethodCallReplacementClassAdapter - Adding mock interface to class com/fasterxml/jackson/annotation/Nulls
[main] INFO org.evosuite.runtime.instrumentation.CreateClassResetClassAdapter - Found static initializer in class com/fasterxml/jackson/annotation/Nulls
[main] INFO org.evosuite.runtime.instrumentation.EvoClassLoader - Keeping class: com.fasterxml.jackson.annotation.Nulls
[main] INFO org.evosuite.runtime.instrumentation.EvoClassLoader - Seeing class for first time: com.fasterxml.jackson.databind.introspect.VisibilityChecker$Std
[main] INFO org.evosuite.runtime.instrumentation.EvoClassLoader - Instrumenting class 'com.fasterxml.jackson.databind.introspect.VisibilityChecker$Std'.
[main] INFO org.evosuite.runtime.instrumentation.MethodCallReplacementClassAdapter - Adding mock interface to class com/fasterxml/jackson/databind/introspect/VisibilityChecker$Std
[main] INFO org.evosuite.runtime.instrumentation.CreateClassResetClassAdapter - Found static initializer in class com/fasterxml/jackson/databind/introspect/VisibilityChecker$Std
[main] INFO org.evosuite.runtime.instrumentation.EvoClassLoader - Keeping class: com.fasterxml.jackson.databind.introspect.VisibilityChecker$Std
[main] INFO org.evosuite.runtime.instrumentation.EvoClassLoader - Seeing class for first time: com.fasterxml.jackson.annotation.JsonAutoDetect$Visibility
[main] INFO org.evosuite.runtime.instrumentation.EvoClassLoader - Instrumenting class 'com.fasterxml.jackson.annotation.JsonAutoDetect$Visibility'.
[main] INFO org.evosuite.runtime.instrumentation.MethodCallReplacementClassAdapter - Adding mock interface to class com/fasterxml/jackson/annotation/JsonAutoDetect$Visibility
[main] INFO org.evosuite.runtime.instrumentation.CreateClassResetClassAdapter - Found static initializer in class com/fasterxml/jackson/annotation/JsonAutoDetect$Visibility
[main] INFO org.evosuite.runtime.instrumentation.EvoClassLoader - Keeping class: com.fasterxml.jackson.annotation.JsonAutoDetect$Visibility
[main] INFO org.evosuite.runtime.instrumentation.EvoClassLoader - Seeing class for first time: com.fasterxml.jackson.databind.cfg.CoercionConfigs
[main] INFO org.evosuite.runtime.instrumentation.EvoClassLoader - Instrumenting class 'com.fasterxml.jackson.databind.cfg.CoercionConfigs'.
[main] INFO org.evosuite.runtime.instrumentation.MethodCallReplacementClassAdapter - Adding mock interface to class com/fasterxml/jackson/databind/cfg/CoercionConfigs
[main] INFO org.evosuite.runtime.instrumentation.CreateClassResetClassAdapter - Found static initializer in class com/fasterxml/jackson/databind/cfg/CoercionConfigs
[main] INFO org.evosuite.runtime.instrumentation.EvoClassLoader - Keeping class: com.fasterxml.jackson.databind.cfg.CoercionConfigs
[main] INFO org.evosuite.runtime.instrumentation.EvoClassLoader - Seeing class for first time: com.fasterxml.jackson.databind.type.LogicalType
[main] INFO org.evosuite.runtime.instrumentation.EvoClassLoader - Instrumenting class 'com.fasterxml.jackson.databind.type.LogicalType'.
[main] INFO org.evosuite.runtime.instrumentation.MethodCallReplacementClassAdapter - Adding mock interface to class com/fasterxml/jackson/databind/type/LogicalType
[main] INFO org.evosuite.runtime.instrumentation.CreateClassResetClassAdapter - Found static initializer in class com/fasterxml/jackson/databind/type/LogicalType
[main] INFO org.evosuite.runtime.instrumentation.EvoClassLoader - Keeping class: com.fasterxml.jackson.databind.type.LogicalType
[main] INFO org.evosuite.runtime.instrumentation.EvoClassLoader - Seeing class for first time: com.fasterxml.jackson.databind.cfg.CoercionAction
[main] INFO org.evosuite.runtime.instrumentation.EvoClassLoader - Instrumenting class 'com.fasterxml.jackson.databind.cfg.CoercionAction'.
[main] INFO org.evosuite.runtime.instrumentation.MethodCallReplacementClassAdapter - Adding mock interface to class com/fasterxml/jackson/databind/cfg/CoercionAction
[main] INFO org.evosuite.runtime.instrumentation.CreateClassResetClassAdapter - Found static initializer in class com/fasterxml/jackson/databind/cfg/CoercionAction
[main] INFO org.evosuite.runtime.instrumentation.EvoClassLoader - Keeping class: com.fasterxml.jackson.databind.cfg.CoercionAction
[main] INFO org.evosuite.runtime.instrumentation.EvoClassLoader - Seeing class for first time: com.fasterxml.jackson.databind.cfg.MutableCoercionConfig
[main] INFO org.evosuite.runtime.instrumentation.EvoClassLoader - Instrumenting class 'com.fasterxml.jackson.databind.cfg.MutableCoercionConfig'.
[main] INFO org.evosuite.runtime.instrumentation.MethodCallReplacementClassAdapter - Adding mock interface to class com/fasterxml/jackson/databind/cfg/MutableCoercionConfig
[main] INFO org.evosuite.runtime.instrumentation.CreateClassResetClassAdapter - Creating brand-new static initializer in class com/fasterxml/jackson/databind/cfg/MutableCoercionConfig
[main] INFO org.evosuite.runtime.instrumentation.EvoClassLoader - Seeing class for first time: com.fasterxml.jackson.databind.cfg.CoercionConfig
[main] INFO org.evosuite.runtime.instrumentation.EvoClassLoader - Instrumenting class 'com.fasterxml.jackson.databind.cfg.CoercionConfig'.
[main] INFO org.evosuite.runtime.instrumentation.MethodCallReplacementClassAdapter - Adding mock interface to class com/fasterxml/jackson/databind/cfg/CoercionConfig
[main] INFO org.evosuite.runtime.instrumentation.CreateClassResetClassAdapter - Found static initializer in class com/fasterxml/jackson/databind/cfg/CoercionConfig
[main] INFO org.evosuite.runtime.instrumentation.EvoClassLoader - Keeping class: com.fasterxml.jackson.databind.cfg.CoercionConfig
[main] INFO org.evosuite.runtime.instrumentation.EvoClassLoader - Keeping class: com.fasterxml.jackson.databind.cfg.MutableCoercionConfig
[main] INFO org.evosuite.runtime.instrumentation.EvoClassLoader - Seeing class for first time: com.fasterxml.jackson.databind.cfg.CoercionInputShape
[main] INFO org.evosuite.runtime.instrumentation.EvoClassLoader - Instrumenting class 'com.fasterxml.jackson.databind.cfg.CoercionInputShape'.
[main] INFO org.evosuite.runtime.instrumentation.MethodCallReplacementClassAdapter - Adding mock interface to class com/fasterxml/jackson/databind/cfg/CoercionInputShape
[main] INFO org.evosuite.runtime.instrumentation.CreateClassResetClassAdapter - Found static initializer in class com/fasterxml/jackson/databind/cfg/CoercionInputShape
[main] INFO org.evosuite.runtime.instrumentation.EvoClassLoader - Keeping class: com.fasterxml.jackson.databind.cfg.CoercionInputShape
[main] INFO org.evosuite.runtime.instrumentation.EvoClassLoader - Seeing class for first time: com.fasterxml.jackson.core.util.DefaultPrettyPrinter$FixedSpaceIndenter
[main] INFO org.evosuite.runtime.instrumentation.EvoClassLoader - Instrumenting class 'com.fasterxml.jackson.core.util.DefaultPrettyPrinter$FixedSpaceIndenter'.
[main] INFO org.evosuite.runtime.instrumentation.MethodCallReplacementClassAdapter - Adding mock interface to class com/fasterxml/jackson/core/util/DefaultPrettyPrinter$FixedSpaceIndenter
[main] INFO org.evosuite.runtime.instrumentation.CreateClassResetClassAdapter - Found static initializer in class com/fasterxml/jackson/core/util/DefaultPrettyPrinter$FixedSpaceIndenter
[main] INFO org.evosuite.runtime.instrumentation.EvoClassLoader - Seeing class for first time: com.fasterxml.jackson.core.util.DefaultPrettyPrinter$NopIndenter
[main] INFO org.evosuite.runtime.instrumentation.EvoClassLoader - Instrumenting class 'com.fasterxml.jackson.core.util.DefaultPrettyPrinter$NopIndenter'.
[main] INFO org.evosuite.runtime.instrumentation.MethodCallReplacementClassAdapter - Adding mock interface to class com/fasterxml/jackson/core/util/DefaultPrettyPrinter$NopIndenter
[main] INFO org.evosuite.runtime.instrumentation.CreateClassResetClassAdapter - Found static initializer in class com/fasterxml/jackson/core/util/DefaultPrettyPrinter$NopIndenter
[main] INFO org.evosuite.runtime.instrumentation.EvoClassLoader - Keeping class: com.fasterxml.jackson.core.util.DefaultPrettyPrinter$NopIndenter
[main] INFO org.evosuite.runtime.instrumentation.EvoClassLoader - Keeping class: com.fasterxml.jackson.core.util.DefaultPrettyPrinter$FixedSpaceIndenter
[main] INFO org.evosuite.runtime.instrumentation.EvoClassLoader - Seeing class for first time: com.fasterxml.jackson.core.util.DefaultIndenter
[main] INFO org.evosuite.runtime.instrumentation.EvoClassLoader - Instrumenting class 'com.fasterxml.jackson.core.util.DefaultIndenter'.
[main] INFO org.evosuite.runtime.instrumentation.MethodCallReplacementClassAdapter - Adding mock interface to class com/fasterxml/jackson/core/util/DefaultIndenter
[main] INFO org.evosuite.runtime.instrumentation.CreateClassResetClassAdapter - Found static initializer in class com/fasterxml/jackson/core/util/DefaultIndenter
[main] INFO org.evosuite.runtime.instrumentation.EvoClassLoader - Keeping class: com.fasterxml.jackson.core.util.DefaultIndenter
[main] INFO org.evosuite.runtime.instrumentation.EvoClassLoader - Seeing class for first time: com.fasterxml.jackson.core.util.Separators
[main] INFO org.evosuite.runtime.instrumentation.EvoClassLoader - Instrumenting class 'com.fasterxml.jackson.core.util.Separators'.
[main] INFO org.evosuite.runtime.instrumentation.MethodCallReplacementClassAdapter - Adding mock interface to class com/fasterxml/jackson/core/util/Separators
[main] INFO org.evosuite.runtime.instrumentation.CreateClassResetClassAdapter - Creating brand-new static initializer in class com/fasterxml/jackson/core/util/Separators
[main] INFO org.evosuite.runtime.instrumentation.EvoClassLoader - Keeping class: com.fasterxml.jackson.core.util.Separators
[main] INFO org.evosuite.runtime.instrumentation.EvoClassLoader - Seeing class for first time: com.fasterxml.jackson.databind.SerializationFeature
[main] INFO org.evosuite.runtime.instrumentation.EvoClassLoader - Instrumenting class 'com.fasterxml.jackson.databind.SerializationFeature'.
[main] INFO org.evosuite.runtime.instrumentation.MethodCallReplacementClassAdapter - Adding mock interface to class com/fasterxml/jackson/databind/SerializationFeature
[main] INFO org.evosuite.runtime.instrumentation.CreateClassResetClassAdapter - Found static initializer in class com/fasterxml/jackson/databind/SerializationFeature
[main] INFO org.evosuite.runtime.instrumentation.EvoClassLoader - Keeping class: com.fasterxml.jackson.databind.SerializationFeature
[main] INFO org.evosuite.runtime.instrumentation.EvoClassLoader - Seeing class for first time: com.fasterxml.jackson.databind.cfg.ContextAttributes
[main] INFO org.evosuite.runtime.instrumentation.EvoClassLoader - Instrumenting class 'com.fasterxml.jackson.databind.cfg.ContextAttributes'.
[main] INFO org.evosuite.runtime.instrumentation.MethodCallReplacementClassAdapter - Adding mock interface to class com/fasterxml/jackson/databind/cfg/ContextAttributes
[main] INFO org.evosuite.runtime.instrumentation.CreateClassResetClassAdapter - Creating brand-new static initializer in class com/fasterxml/jackson/databind/cfg/ContextAttributes
[main] INFO org.evosuite.runtime.instrumentation.EvoClassLoader - Keeping class: com.fasterxml.jackson.databind.cfg.ContextAttributes
[main] INFO org.evosuite.runtime.instrumentation.EvoClassLoader - Seeing class for first time: com.fasterxml.jackson.databind.cfg.ContextAttributes$Impl
[main] INFO org.evosuite.runtime.instrumentation.EvoClassLoader - Instrumenting class 'com.fasterxml.jackson.databind.cfg.ContextAttributes$Impl'.
[main] INFO org.evosuite.runtime.instrumentation.MethodCallReplacementClassAdapter - Adding mock interface to class com/fasterxml/jackson/databind/cfg/ContextAttributes$Impl
[main] INFO org.evosuite.runtime.instrumentation.CreateClassResetClassAdapter - Found static initializer in class com/fasterxml/jackson/databind/cfg/ContextAttributes$Impl
[main] INFO org.evosuite.runtime.instrumentation.EvoClassLoader - Keeping class: com.fasterxml.jackson.databind.cfg.ContextAttributes$Impl
[main] INFO org.evosuite.runtime.instrumentation.EvoClassLoader - Seeing class for first time: com.fasterxml.jackson.databind.node.JsonNodeFactory
[main] INFO org.evosuite.runtime.instrumentation.EvoClassLoader - Instrumenting class 'com.fasterxml.jackson.databind.node.JsonNodeFactory'.
[main] INFO org.evosuite.runtime.instrumentation.MethodCallReplacementClassAdapter - Adding mock interface to class com/fasterxml/jackson/databind/node/JsonNodeFactory
[main] INFO org.evosuite.runtime.instrumentation.CreateClassResetClassAdapter - Found static initializer in class com/fasterxml/jackson/databind/node/JsonNodeFactory
[main] INFO org.evosuite.runtime.instrumentation.EvoClassLoader - Keeping class: com.fasterxml.jackson.databind.node.JsonNodeFactory
[main] INFO org.evosuite.runtime.instrumentation.EvoClassLoader - Seeing class for first time: com.fasterxml.jackson.databind.node.POJONode
[main] INFO org.evosuite.runtime.instrumentation.EvoClassLoader - Instrumenting class 'com.fasterxml.jackson.databind.node.POJONode'.
[main] INFO org.evosuite.runtime.instrumentation.MethodCallReplacementClassAdapter - Adding mock interface to class com/fasterxml/jackson/databind/node/POJONode
[main] INFO org.evosuite.runtime.instrumentation.CreateClassResetClassAdapter - Creating brand-new static initializer in class com/fasterxml/jackson/databind/node/POJONode
[main] INFO org.evosuite.runtime.instrumentation.EvoClassLoader - Keeping class: com.fasterxml.jackson.databind.node.POJONode
[main] INFO org.evosuite.runtime.instrumentation.EvoClassLoader - Seeing class for first time: com.fasterxml.jackson.databind.node.DecimalNode
[main] INFO org.evosuite.runtime.instrumentation.EvoClassLoader - Instrumenting class 'com.fasterxml.jackson.databind.node.DecimalNode'.
[main] INFO org.evosuite.runtime.instrumentation.MethodCallReplacementClassAdapter - Adding mock interface to class com/fasterxml/jackson/databind/node/DecimalNode
[main] INFO org.evosuite.runtime.instrumentation.CreateClassResetClassAdapter - Found static initializer in class com/fasterxml/jackson/databind/node/DecimalNode
[main] INFO org.evosuite.runtime.instrumentation.EvoClassLoader - Keeping class: com.fasterxml.jackson.databind.node.DecimalNode
[main] INFO org.evosuite.runtime.instrumentation.EvoClassLoader - Seeing class for first time: com.fasterxml.jackson.databind.node.ShortNode
[main] INFO org.evosuite.runtime.instrumentation.EvoClassLoader - Instrumenting class 'com.fasterxml.jackson.databind.node.ShortNode'.
[main] INFO org.evosuite.runtime.instrumentation.MethodCallReplacementClassAdapter - Adding mock interface to class com/fasterxml/jackson/databind/node/ShortNode
[main] INFO org.evosuite.runtime.instrumentation.CreateClassResetClassAdapter - Creating brand-new static initializer in class com/fasterxml/jackson/databind/node/ShortNode
[main] INFO org.evosuite.runtime.instrumentation.EvoClassLoader - Keeping class: com.fasterxml.jackson.databind.node.ShortNode
[main] INFO org.evosuite.runtime.instrumentation.EvoClassLoader - Seeing class for first time: com.fasterxml.jackson.databind.node.IntNode
[main] INFO org.evosuite.runtime.instrumentation.EvoClassLoader - Instrumenting class 'com.fasterxml.jackson.databind.node.IntNode'.
[main] INFO org.evosuite.runtime.instrumentation.MethodCallReplacementClassAdapter - Adding mock interface to class com/fasterxml/jackson/databind/node/IntNode
[main] INFO org.evosuite.runtime.instrumentation.CreateClassResetClassAdapter - Found static initializer in class com/fasterxml/jackson/databind/node/IntNode
[main] INFO org.evosuite.runtime.instrumentation.EvoClassLoader - Keeping class: com.fasterxml.jackson.databind.node.IntNode
[main] INFO org.evosuite.runtime.instrumentation.EvoClassLoader - Seeing class for first time: com.fasterxml.jackson.databind.node.LongNode
[main] INFO org.evosuite.runtime.instrumentation.EvoClassLoader - Instrumenting class 'com.fasterxml.jackson.databind.node.LongNode'.
[main] INFO org.evosuite.runtime.instrumentation.MethodCallReplacementClassAdapter - Adding mock interface to class com/fasterxml/jackson/databind/node/LongNode
[main] INFO org.evosuite.runtime.instrumentation.CreateClassResetClassAdapter - Creating brand-new static initializer in class com/fasterxml/jackson/databind/node/LongNode
[main] INFO org.evosuite.runtime.instrumentation.EvoClassLoader - Keeping class: com.fasterxml.jackson.databind.node.LongNode
[main] INFO org.evosuite.runtime.instrumentation.EvoClassLoader - Seeing class for first time: com.fasterxml.jackson.databind.node.FloatNode
[main] INFO org.evosuite.runtime.instrumentation.EvoClassLoader - Instrumenting class 'com.fasterxml.jackson.databind.node.FloatNode'.
[main] INFO org.evosuite.runtime.instrumentation.MethodCallReplacementClassAdapter - Adding mock interface to class com/fasterxml/jackson/databind/node/FloatNode
[main] INFO org.evosuite.runtime.instrumentation.CreateClassResetClassAdapter - Creating brand-new static initializer in class com/fasterxml/jackson/databind/node/FloatNode
[main] INFO org.evosuite.runtime.instrumentation.EvoClassLoader - Keeping class: com.fasterxml.jackson.databind.node.FloatNode
[main] INFO org.evosuite.runtime.instrumentation.EvoClassLoader - Seeing class for first time: com.fasterxml.jackson.databind.node.BigIntegerNode
[main] INFO org.evosuite.runtime.instrumentation.EvoClassLoader - Instrumenting class 'com.fasterxml.jackson.databind.node.BigIntegerNode'.
[main] INFO org.evosuite.runtime.instrumentation.MethodCallReplacementClassAdapter - Adding mock interface to class com/fasterxml/jackson/databind/node/BigIntegerNode
[main] INFO org.evosuite.runtime.instrumentation.CreateClassResetClassAdapter - Found static initializer in class com/fasterxml/jackson/databind/node/BigIntegerNode
[main] INFO org.evosuite.runtime.instrumentation.EvoClassLoader - Keeping class: com.fasterxml.jackson.databind.node.BigIntegerNode
[main] INFO org.evosuite.runtime.instrumentation.EvoClassLoader - Seeing class for first time: com.fasterxml.jackson.databind.node.BooleanNode
[main] INFO org.evosuite.runtime.instrumentation.EvoClassLoader - Instrumenting class 'com.fasterxml.jackson.databind.node.BooleanNode'.
[main] INFO org.evosuite.runtime.instrumentation.MethodCallReplacementClassAdapter - Adding mock interface to class com/fasterxml/jackson/databind/node/BooleanNode
[main] INFO org.evosuite.runtime.instrumentation.CreateClassResetClassAdapter - Found static initializer in class com/fasterxml/jackson/databind/node/BooleanNode
[main] INFO org.evosuite.runtime.instrumentation.EvoClassLoader - Keeping class: com.fasterxml.jackson.databind.node.BooleanNode
[main] INFO org.evosuite.runtime.instrumentation.EvoClassLoader - Seeing class for first time: com.fasterxml.jackson.databind.node.BinaryNode
[main] INFO org.evosuite.runtime.instrumentation.EvoClassLoader - Instrumenting class 'com.fasterxml.jackson.databind.node.BinaryNode'.
[main] INFO org.evosuite.runtime.instrumentation.MethodCallReplacementClassAdapter - Adding mock interface to class com/fasterxml/jackson/databind/node/BinaryNode
[main] INFO org.evosuite.runtime.instrumentation.CreateClassResetClassAdapter - Found static initializer in class com/fasterxml/jackson/databind/node/BinaryNode
[main] INFO org.evosuite.runtime.instrumentation.EvoClassLoader - Keeping class: com.fasterxml.jackson.databind.node.BinaryNode
[main] INFO org.evosuite.runtime.instrumentation.EvoClassLoader - Seeing class for first time: com.fasterxml.jackson.databind.node.MissingNode
[main] INFO org.evosuite.runtime.instrumentation.EvoClassLoader - Instrumenting class 'com.fasterxml.jackson.databind.node.MissingNode'.
[main] INFO org.evosuite.runtime.instrumentation.MethodCallReplacementClassAdapter - Adding mock interface to class com/fasterxml/jackson/databind/node/MissingNode
[main] INFO org.evosuite.runtime.instrumentation.CreateClassResetClassAdapter - Found static initializer in class com/fasterxml/jackson/databind/node/MissingNode
[main] INFO org.evosuite.runtime.instrumentation.EvoClassLoader - Keeping class: com.fasterxml.jackson.databind.node.MissingNode
[main] INFO org.evosuite.runtime.instrumentation.EvoClassLoader - Seeing class for first time: com.fasterxml.jackson.databind.ser.impl.FailingSerializer
[main] INFO org.evosuite.runtime.instrumentation.EvoClassLoader - Instrumenting class 'com.fasterxml.jackson.databind.ser.impl.FailingSerializer'.
[main] INFO org.evosuite.runtime.instrumentation.MethodCallReplacementClassAdapter - Adding mock interface to class com/fasterxml/jackson/databind/ser/impl/FailingSerializer
[main] INFO org.evosuite.runtime.instrumentation.CreateClassResetClassAdapter - Creating brand-new static initializer in class com/fasterxml/jackson/databind/ser/impl/FailingSerializer
[main] INFO org.evosuite.runtime.instrumentation.EvoClassLoader - Keeping class: com.fasterxml.jackson.databind.ser.impl.FailingSerializer
[main] INFO org.evosuite.runtime.instrumentation.EvoClassLoader - Seeing class for first time: com.fasterxml.jackson.databind.exc.InvalidDefinitionException
[main] INFO org.evosuite.runtime.instrumentation.EvoClassLoader - Instrumenting class 'com.fasterxml.jackson.databind.exc.InvalidDefinitionException'.
[main] INFO org.evosuite.runtime.instrumentation.MethodCallReplacementClassAdapter - Adding mock interface to class com/fasterxml/jackson/databind/exc/InvalidDefinitionException
[main] INFO org.evosuite.runtime.instrumentation.CreateClassResetClassAdapter - Creating brand-new static initializer in class com/fasterxml/jackson/databind/exc/InvalidDefinitionException
[main] INFO org.evosuite.runtime.instrumentation.EvoClassLoader - Keeping class: com.fasterxml.jackson.databind.exc.InvalidDefinitionException
[main] INFO org.evosuite.runtime.instrumentation.EvoClassLoader - Seeing class for first time: com.fasterxml.jackson.databind.exc.InvalidTypeIdException
[main] INFO org.evosuite.runtime.instrumentation.EvoClassLoader - Instrumenting class 'com.fasterxml.jackson.databind.exc.InvalidTypeIdException'.
[main] INFO org.evosuite.runtime.instrumentation.MethodCallReplacementClassAdapter - Adding mock interface to class com/fasterxml/jackson/databind/exc/InvalidTypeIdException
[main] INFO org.evosuite.runtime.instrumentation.CreateClassResetClassAdapter - Creating brand-new static initializer in class com/fasterxml/jackson/databind/exc/InvalidTypeIdException
[main] INFO org.evosuite.runtime.instrumentation.EvoClassLoader - Keeping class: com.fasterxml.jackson.databind.exc.InvalidTypeIdException
[main] INFO org.evosuite.runtime.instrumentation.EvoClassLoader - Seeing class for first time: com.fasterxml.jackson.databind.ser.impl.TypeWrappedSerializer
[main] INFO org.evosuite.runtime.instrumentation.EvoClassLoader - Instrumenting class 'com.fasterxml.jackson.databind.ser.impl.TypeWrappedSerializer'.
[main] INFO org.evosuite.runtime.instrumentation.MethodCallReplacementClassAdapter - Adding mock interface to class com/fasterxml/jackson/databind/ser/impl/TypeWrappedSerializer
[main] INFO org.evosuite.runtime.instrumentation.CreateClassResetClassAdapter - Creating brand-new static initializer in class com/fasterxml/jackson/databind/ser/impl/TypeWrappedSerializer
[main] INFO org.evosuite.runtime.instrumentation.EvoClassLoader - Keeping class: com.fasterxml.jackson.databind.ser.impl.TypeWrappedSerializer
[main] INFO org.evosuite.runtime.instrumentation.EvoClassLoader - Seeing class for first time: com.fasterxml.jackson.databind.ser.std.NullSerializer
[main] INFO org.evosuite.runtime.instrumentation.EvoClassLoader - Instrumenting class 'com.fasterxml.jackson.databind.ser.std.NullSerializer'.
[main] INFO org.evosuite.runtime.instrumentation.MethodCallReplacementClassAdapter - Adding mock interface to class com/fasterxml/jackson/databind/ser/std/NullSerializer
[main] INFO org.evosuite.runtime.instrumentation.CreateClassResetClassAdapter - Found static initializer in class com/fasterxml/jackson/databind/ser/std/NullSerializer
[main] INFO org.evosuite.runtime.instrumentation.EvoClassLoader - Keeping class: com.fasterxml.jackson.databind.ser.std.NullSerializer
[main] INFO org.evosuite.runtime.instrumentation.EvoClassLoader - Seeing class for first time: com.fasterxml.jackson.databind.ser.SerializerCache
[main] INFO org.evosuite.runtime.instrumentation.EvoClassLoader - Instrumenting class 'com.fasterxml.jackson.databind.ser.SerializerCache'.
[main] INFO org.evosuite.runtime.instrumentation.MethodCallReplacementClassAdapter - Adding mock interface to class com/fasterxml/jackson/databind/ser/SerializerCache
[main] INFO org.evosuite.runtime.instrumentation.CreateClassResetClassAdapter - Creating brand-new static initializer in class com/fasterxml/jackson/databind/ser/SerializerCache
[main] INFO org.evosuite.runtime.instrumentation.EvoClassLoader - Keeping class: com.fasterxml.jackson.databind.ser.SerializerCache
[main] INFO org.evosuite.runtime.instrumentation.EvoClassLoader - Seeing class for first time: com.fasterxml.jackson.databind.exc.InvalidFormatException
[main] INFO org.evosuite.runtime.instrumentation.EvoClassLoader - Instrumenting class 'com.fasterxml.jackson.databind.exc.InvalidFormatException'.
[main] INFO org.evosuite.runtime.instrumentation.MethodCallReplacementClassAdapter - Adding mock interface to class com/fasterxml/jackson/databind/exc/InvalidFormatException
[main] INFO org.evosuite.runtime.instrumentation.CreateClassResetClassAdapter - Creating brand-new static initializer in class com/fasterxml/jackson/databind/exc/InvalidFormatException
[main] INFO org.evosuite.runtime.instrumentation.EvoClassLoader - Keeping class: com.fasterxml.jackson.databind.exc.InvalidFormatException
[main] INFO org.evosuite.runtime.instrumentation.EvoClassLoader - Seeing class for first time: com.fasterxml.jackson.databind.exc.UnrecognizedPropertyException
[main] INFO org.evosuite.runtime.instrumentation.EvoClassLoader - Instrumenting class 'com.fasterxml.jackson.databind.exc.UnrecognizedPropertyException'.
[main] INFO org.evosuite.runtime.instrumentation.MethodCallReplacementClassAdapter - Adding mock interface to class com/fasterxml/jackson/databind/exc/UnrecognizedPropertyException
[main] INFO org.evosuite.runtime.instrumentation.CreateClassResetClassAdapter - Creating brand-new static initializer in class com/fasterxml/jackson/databind/exc/UnrecognizedPropertyException
[main] INFO org.evosuite.runtime.instrumentation.EvoClassLoader - Seeing class for first time: com.fasterxml.jackson.databind.exc.PropertyBindingException
[main] INFO org.evosuite.runtime.instrumentation.EvoClassLoader - Instrumenting class 'com.fasterxml.jackson.databind.exc.PropertyBindingException'.
[main] INFO org.evosuite.runtime.instrumentation.MethodCallReplacementClassAdapter - Adding mock interface to class com/fasterxml/jackson/databind/exc/PropertyBindingException
[main] INFO org.evosuite.runtime.instrumentation.CreateClassResetClassAdapter - Creating brand-new static initializer in class com/fasterxml/jackson/databind/exc/PropertyBindingException
[main] INFO org.evosuite.runtime.instrumentation.CreateClassResetClassAdapter - Adding bytecode for initializing field MAX_DESC_LENGTH
[main] INFO org.evosuite.runtime.instrumentation.EvoClassLoader - Keeping class: com.fasterxml.jackson.databind.exc.PropertyBindingException
[main] INFO org.evosuite.runtime.instrumentation.EvoClassLoader - Keeping class: com.fasterxml.jackson.databind.exc.UnrecognizedPropertyException
[main] INFO org.evosuite.runtime.instrumentation.EvoClassLoader - Seeing class for first time: com.fasterxml.jackson.databind.deser.impl.TypeWrappedDeserializer
[main] INFO org.evosuite.runtime.instrumentation.EvoClassLoader - Instrumenting class 'com.fasterxml.jackson.databind.deser.impl.TypeWrappedDeserializer'.
[main] INFO org.evosuite.runtime.instrumentation.MethodCallReplacementClassAdapter - Adding mock interface to class com/fasterxml/jackson/databind/deser/impl/TypeWrappedDeserializer
[main] INFO org.evosuite.runtime.instrumentation.CreateClassResetClassAdapter - Creating brand-new static initializer in class com/fasterxml/jackson/databind/deser/impl/TypeWrappedDeserializer
[main] INFO org.evosuite.runtime.instrumentation.EvoClassLoader - Keeping class: com.fasterxml.jackson.databind.deser.impl.TypeWrappedDeserializer
[main] INFO org.evosuite.runtime.instrumentation.EvoClassLoader - Seeing class for first time: com.fasterxml.jackson.databind.exc.ValueInstantiationException
[main] INFO org.evosuite.runtime.instrumentation.EvoClassLoader - Instrumenting class 'com.fasterxml.jackson.databind.exc.ValueInstantiationException'.
[main] INFO org.evosuite.runtime.instrumentation.MethodCallReplacementClassAdapter - Adding mock interface to class com/fasterxml/jackson/databind/exc/ValueInstantiationException
[main] INFO org.evosuite.runtime.instrumentation.CreateClassResetClassAdapter - Creating brand-new static initializer in class com/fasterxml/jackson/databind/exc/ValueInstantiationException
[main] INFO org.evosuite.runtime.instrumentation.EvoClassLoader - Keeping class: com.fasterxml.jackson.databind.exc.ValueInstantiationException
[main] INFO org.evosuite.runtime.instrumentation.EvoClassLoader - Seeing class for first time: com.fasterxml.jackson.databind.deser.std.UntypedObjectDeserializer
[main] INFO org.evosuite.runtime.instrumentation.EvoClassLoader - Instrumenting class 'com.fasterxml.jackson.databind.deser.std.UntypedObjectDeserializer'.
[main] INFO org.evosuite.runtime.instrumentation.MethodCallReplacementClassAdapter - Adding mock interface to class com/fasterxml/jackson/databind/deser/std/UntypedObjectDeserializer
[main] INFO org.evosuite.runtime.instrumentation.CreateClassResetClassAdapter - Found static initializer in class com/fasterxml/jackson/databind/deser/std/UntypedObjectDeserializer
[main] INFO org.evosuite.runtime.instrumentation.EvoClassLoader - Keeping class: com.fasterxml.jackson.databind.deser.std.UntypedObjectDeserializer
[main] INFO org.evosuite.runtime.instrumentation.EvoClassLoader - Seeing class for first time: com.fasterxml.jackson.databind.deser.std.StringDeserializer
[main] INFO org.evosuite.runtime.instrumentation.EvoClassLoader - Instrumenting class 'com.fasterxml.jackson.databind.deser.std.StringDeserializer'.
[main] INFO org.evosuite.runtime.instrumentation.MethodCallReplacementClassAdapter - Adding mock interface to class com/fasterxml/jackson/databind/deser/std/StringDeserializer
[main] INFO org.evosuite.runtime.instrumentation.CreateClassResetClassAdapter - Found static initializer in class com/fasterxml/jackson/databind/deser/std/StringDeserializer
[main] INFO org.evosuite.runtime.instrumentation.EvoClassLoader - Keeping class: com.fasterxml.jackson.databind.deser.std.StringDeserializer
[main] INFO org.evosuite.runtime.instrumentation.EvoClassLoader - Seeing class for first time: com.fasterxml.jackson.databind.deser.std.MapEntryDeserializer
[main] INFO org.evosuite.runtime.instrumentation.EvoClassLoader - Instrumenting class 'com.fasterxml.jackson.databind.deser.std.MapEntryDeserializer'.
[main] INFO org.evosuite.runtime.instrumentation.MethodCallReplacementClassAdapter - Adding mock interface to class com/fasterxml/jackson/databind/deser/std/MapEntryDeserializer
[main] INFO org.evosuite.runtime.instrumentation.CreateClassResetClassAdapter - Creating brand-new static initializer in class com/fasterxml/jackson/databind/deser/std/MapEntryDeserializer
[main] INFO org.evosuite.runtime.instrumentation.EvoClassLoader - Seeing class for first time: com.fasterxml.jackson.databind.deser.std.ContainerDeserializerBase
[main] INFO org.evosuite.runtime.instrumentation.EvoClassLoader - Instrumenting class 'com.fasterxml.jackson.databind.deser.std.ContainerDeserializerBase'.
[main] INFO org.evosuite.runtime.instrumentation.MethodCallReplacementClassAdapter - Adding mock interface to class com/fasterxml/jackson/databind/deser/std/ContainerDeserializerBase
[main] INFO org.evosuite.runtime.instrumentation.CreateClassResetClassAdapter - Creating brand-new static initializer in class com/fasterxml/jackson/databind/deser/std/ContainerDeserializerBase
[main] INFO org.evosuite.runtime.instrumentation.EvoClassLoader - Keeping class: com.fasterxml.jackson.databind.deser.std.ContainerDeserializerBase
[main] INFO org.evosuite.runtime.instrumentation.EvoClassLoader - Keeping class: com.fasterxml.jackson.databind.deser.std.MapEntryDeserializer
[main] INFO org.evosuite.runtime.instrumentation.EvoClassLoader - Seeing class for first time: com.fasterxml.jackson.databind.deser.std.TokenBufferDeserializer
[main] INFO org.evosuite.runtime.instrumentation.EvoClassLoader - Instrumenting class 'com.fasterxml.jackson.databind.deser.std.TokenBufferDeserializer'.
[main] INFO org.evosuite.runtime.instrumentation.MethodCallReplacementClassAdapter - Adding mock interface to class com/fasterxml/jackson/databind/deser/std/TokenBufferDeserializer
[main] INFO org.evosuite.runtime.instrumentation.CreateClassResetClassAdapter - Creating brand-new static initializer in class com/fasterxml/jackson/databind/deser/std/TokenBufferDeserializer
[main] INFO org.evosuite.runtime.instrumentation.EvoClassLoader - Keeping class: com.fasterxml.jackson.databind.deser.std.TokenBufferDeserializer
[main] INFO org.evosuite.runtime.instrumentation.EvoClassLoader - Seeing class for first time: com.fasterxml.jackson.databind.deser.std.EnumMapDeserializer
[main] INFO org.evosuite.runtime.instrumentation.EvoClassLoader - Instrumenting class 'com.fasterxml.jackson.databind.deser.std.EnumMapDeserializer'.
[main] INFO org.evosuite.runtime.instrumentation.MethodCallReplacementClassAdapter - Adding mock interface to class com/fasterxml/jackson/databind/deser/std/EnumMapDeserializer
[main] INFO org.evosuite.runtime.instrumentation.CreateClassResetClassAdapter - Creating brand-new static initializer in class com/fasterxml/jackson/databind/deser/std/EnumMapDeserializer
[main] INFO org.evosuite.runtime.instrumentation.EvoClassLoader - Keeping class: com.fasterxml.jackson.databind.deser.std.EnumMapDeserializer
[main] INFO org.evosuite.runtime.instrumentation.EvoClassLoader - Seeing class for first time: com.fasterxml.jackson.databind.deser.AbstractDeserializer
[main] INFO org.evosuite.runtime.instrumentation.EvoClassLoader - Instrumenting class 'com.fasterxml.jackson.databind.deser.AbstractDeserializer'.
[main] INFO org.evosuite.runtime.instrumentation.MethodCallReplacementClassAdapter - Adding mock interface to class com/fasterxml/jackson/databind/deser/AbstractDeserializer
[main] INFO org.evosuite.runtime.instrumentation.CreateClassResetClassAdapter - Creating brand-new static initializer in class com/fasterxml/jackson/databind/deser/AbstractDeserializer
[main] INFO org.evosuite.runtime.instrumentation.EvoClassLoader - Keeping class: com.fasterxml.jackson.databind.deser.AbstractDeserializer
[main] INFO org.evosuite.runtime.instrumentation.EvoClassLoader - Seeing class for first time: com.fasterxml.jackson.databind.deser.std.MapDeserializer
[main] INFO org.evosuite.runtime.instrumentation.EvoClassLoader - Instrumenting class 'com.fasterxml.jackson.databind.deser.std.MapDeserializer'.
[main] INFO org.evosuite.runtime.instrumentation.MethodCallReplacementClassAdapter - Adding mock interface to class com/fasterxml/jackson/databind/deser/std/MapDeserializer
[main] INFO org.evosuite.runtime.instrumentation.CreateClassResetClassAdapter - Creating brand-new static initializer in class com/fasterxml/jackson/databind/deser/std/MapDeserializer
[main] INFO org.evosuite.runtime.instrumentation.EvoClassLoader - Keeping class: com.fasterxml.jackson.databind.deser.std.MapDeserializer
[main] INFO org.evosuite.runtime.instrumentation.EvoClassLoader - Seeing class for first time: com.fasterxml.jackson.databind.deser.std.EnumSetDeserializer
[main] INFO org.evosuite.runtime.instrumentation.EvoClassLoader - Instrumenting class 'com.fasterxml.jackson.databind.deser.std.EnumSetDeserializer'.
[main] INFO org.evosuite.runtime.instrumentation.MethodCallReplacementClassAdapter - Adding mock interface to class com/fasterxml/jackson/databind/deser/std/EnumSetDeserializer
[main] INFO org.evosuite.runtime.instrumentation.CreateClassResetClassAdapter - Creating brand-new static initializer in class com/fasterxml/jackson/databind/deser/std/EnumSetDeserializer
[main] INFO org.evosuite.runtime.instrumentation.EvoClassLoader - Keeping class: com.fasterxml.jackson.databind.deser.std.EnumSetDeserializer
[main] INFO org.evosuite.runtime.instrumentation.EvoClassLoader - Seeing class for first time: com.fasterxml.jackson.databind.deser.std.ArrayBlockingQueueDeserializer
[main] INFO org.evosuite.runtime.instrumentation.EvoClassLoader - Instrumenting class 'com.fasterxml.jackson.databind.deser.std.ArrayBlockingQueueDeserializer'.
[main] INFO org.evosuite.runtime.instrumentation.MethodCallReplacementClassAdapter - Adding mock interface to class com/fasterxml/jackson/databind/deser/std/ArrayBlockingQueueDeserializer
[main] INFO org.evosuite.runtime.instrumentation.CreateClassResetClassAdapter - Creating brand-new static initializer in class com/fasterxml/jackson/databind/deser/std/ArrayBlockingQueueDeserializer
[main] INFO org.evosuite.runtime.instrumentation.EvoClassLoader - Seeing class for first time: com.fasterxml.jackson.databind.deser.std.CollectionDeserializer
[main] INFO org.evosuite.runtime.instrumentation.EvoClassLoader - Instrumenting class 'com.fasterxml.jackson.databind.deser.std.CollectionDeserializer'.
[main] INFO org.evosuite.runtime.instrumentation.MethodCallReplacementClassAdapter - Adding mock interface to class com/fasterxml/jackson/databind/deser/std/CollectionDeserializer
[main] INFO org.evosuite.runtime.instrumentation.CreateClassResetClassAdapter - Creating brand-new static initializer in class com/fasterxml/jackson/databind/deser/std/CollectionDeserializer
[main] INFO org.evosuite.runtime.instrumentation.EvoClassLoader - Keeping class: com.fasterxml.jackson.databind.deser.std.CollectionDeserializer
[main] INFO org.evosuite.runtime.instrumentation.EvoClassLoader - Keeping class: com.fasterxml.jackson.databind.deser.std.ArrayBlockingQueueDeserializer
[main] INFO org.evosuite.runtime.instrumentation.EvoClassLoader - Seeing class for first time: com.fasterxml.jackson.databind.deser.std.StringCollectionDeserializer
[main] INFO org.evosuite.runtime.instrumentation.EvoClassLoader - Instrumenting class 'com.fasterxml.jackson.databind.deser.std.StringCollectionDeserializer'.
[main] INFO org.evosuite.runtime.instrumentation.MethodCallReplacementClassAdapter - Adding mock interface to class com/fasterxml/jackson/databind/deser/std/StringCollectionDeserializer
[main] INFO org.evosuite.runtime.instrumentation.CreateClassResetClassAdapter - Creating brand-new static initializer in class com/fasterxml/jackson/databind/deser/std/StringCollectionDeserializer
[main] INFO org.evosuite.runtime.instrumentation.EvoClassLoader - Keeping class: com.fasterxml.jackson.databind.deser.std.StringCollectionDeserializer
[main] INFO org.evosuite.runtime.instrumentation.EvoClassLoader - Seeing class for first time: com.fasterxml.jackson.databind.deser.std.AtomicReferenceDeserializer
[main] INFO org.evosuite.runtime.instrumentation.EvoClassLoader - Instrumenting class 'com.fasterxml.jackson.databind.deser.std.AtomicReferenceDeserializer'.
[main] INFO org.evosuite.runtime.instrumentation.MethodCallReplacementClassAdapter - Adding mock interface to class com/fasterxml/jackson/databind/deser/std/AtomicReferenceDeserializer
[main] INFO org.evosuite.runtime.instrumentation.CreateClassResetClassAdapter - Creating brand-new static initializer in class com/fasterxml/jackson/databind/deser/std/AtomicReferenceDeserializer
[main] INFO org.evosuite.runtime.instrumentation.EvoClassLoader - Seeing class for first time: com.fasterxml.jackson.databind.deser.std.ReferenceTypeDeserializer
[main] INFO org.evosuite.runtime.instrumentation.EvoClassLoader - Instrumenting class 'com.fasterxml.jackson.databind.deser.std.ReferenceTypeDeserializer'.
[main] INFO org.evosuite.runtime.instrumentation.MethodCallReplacementClassAdapter - Adding mock interface to class com/fasterxml/jackson/databind/deser/std/ReferenceTypeDeserializer
[main] INFO org.evosuite.runtime.instrumentation.CreateClassResetClassAdapter - Creating brand-new static initializer in class com/fasterxml/jackson/databind/deser/std/ReferenceTypeDeserializer
[main] INFO org.evosuite.runtime.instrumentation.EvoClassLoader - Keeping class: com.fasterxml.jackson.databind.deser.std.ReferenceTypeDeserializer
[main] INFO org.evosuite.runtime.instrumentation.EvoClassLoader - Keeping class: com.fasterxml.jackson.databind.deser.std.AtomicReferenceDeserializer
[main] INFO org.evosuite.runtime.instrumentation.EvoClassLoader - Seeing class for first time: com.fasterxml.jackson.databind.deser.std.StringArrayDeserializer
[main] INFO org.evosuite.runtime.instrumentation.EvoClassLoader - Instrumenting class 'com.fasterxml.jackson.databind.deser.std.StringArrayDeserializer'.
[main] INFO org.evosuite.runtime.instrumentation.MethodCallReplacementClassAdapter - Adding mock interface to class com/fasterxml/jackson/databind/deser/std/StringArrayDeserializer
[main] INFO org.evosuite.runtime.instrumentation.CreateClassResetClassAdapter - Found static initializer in class com/fasterxml/jackson/databind/deser/std/StringArrayDeserializer
[main] INFO org.evosuite.runtime.instrumentation.EvoClassLoader - Keeping class: com.fasterxml.jackson.databind.deser.std.StringArrayDeserializer
[main] INFO org.evosuite.runtime.instrumentation.EvoClassLoader - Seeing class for first time: com.fasterxml.jackson.databind.deser.std.ObjectArrayDeserializer
[main] INFO org.evosuite.runtime.instrumentation.EvoClassLoader - Instrumenting class 'com.fasterxml.jackson.databind.deser.std.ObjectArrayDeserializer'.
[main] INFO org.evosuite.runtime.instrumentation.MethodCallReplacementClassAdapter - Adding mock interface to class com/fasterxml/jackson/databind/deser/std/ObjectArrayDeserializer
[main] INFO org.evosuite.runtime.instrumentation.CreateClassResetClassAdapter - Creating brand-new static initializer in class com/fasterxml/jackson/databind/deser/std/ObjectArrayDeserializer
[main] INFO org.evosuite.runtime.instrumentation.EvoClassLoader - Keeping class: com.fasterxml.jackson.databind.deser.std.ObjectArrayDeserializer
[main] INFO org.evosuite.runtime.instrumentation.EvoClassLoader - Seeing class for first time: com.fasterxml.jackson.databind.deser.CreatorProperty
[main] INFO org.evosuite.runtime.instrumentation.EvoClassLoader - Instrumenting class 'com.fasterxml.jackson.databind.deser.CreatorProperty'.
[main] INFO org.evosuite.runtime.instrumentation.MethodCallReplacementClassAdapter - Adding mock interface to class com/fasterxml/jackson/databind/deser/CreatorProperty
[main] INFO org.evosuite.runtime.instrumentation.CreateClassResetClassAdapter - Creating brand-new static initializer in class com/fasterxml/jackson/databind/deser/CreatorProperty
[main] INFO org.evosuite.runtime.instrumentation.EvoClassLoader - Keeping class: com.fasterxml.jackson.databind.deser.CreatorProperty
[main] INFO org.evosuite.runtime.instrumentation.EvoClassLoader - Seeing class for first time: com.fasterxml.jackson.databind.deser.std.ThrowableDeserializer
[main] INFO org.evosuite.runtime.instrumentation.EvoClassLoader - Instrumenting class 'com.fasterxml.jackson.databind.deser.std.ThrowableDeserializer'.
[main] INFO org.evosuite.runtime.instrumentation.MethodCallReplacementClassAdapter - Adding mock interface to class com/fasterxml/jackson/databind/deser/std/ThrowableDeserializer
[main] INFO org.evosuite.runtime.instrumentation.CreateClassResetClassAdapter - Creating brand-new static initializer in class com/fasterxml/jackson/databind/deser/std/ThrowableDeserializer
[main] INFO org.evosuite.runtime.instrumentation.CreateClassResetClassAdapter - Adding bytecode for initializing field PROP_NAME_MESSAGE
[main] INFO org.evosuite.runtime.instrumentation.EvoClassLoader - Seeing class for first time: com.fasterxml.jackson.databind.deser.BeanDeserializer
[main] INFO org.evosuite.runtime.instrumentation.EvoClassLoader - Instrumenting class 'com.fasterxml.jackson.databind.deser.BeanDeserializer'.
[main] INFO org.evosuite.runtime.instrumentation.MethodCallReplacementClassAdapter - Adding mock interface to class com/fasterxml/jackson/databind/deser/BeanDeserializer
[main] INFO org.evosuite.runtime.instrumentation.CreateClassResetClassAdapter - Creating brand-new static initializer in class com/fasterxml/jackson/databind/deser/BeanDeserializer
[main] INFO org.evosuite.runtime.instrumentation.EvoClassLoader - Seeing class for first time: com.fasterxml.jackson.databind.deser.BeanDeserializerBase
[main] INFO org.evosuite.runtime.instrumentation.EvoClassLoader - Instrumenting class 'com.fasterxml.jackson.databind.deser.BeanDeserializerBase'.
[main] INFO org.evosuite.runtime.instrumentation.MethodCallReplacementClassAdapter - Adding mock interface to class com/fasterxml/jackson/databind/deser/BeanDeserializerBase
[main] INFO org.evosuite.runtime.instrumentation.CreateClassResetClassAdapter - Found static initializer in class com/fasterxml/jackson/databind/deser/BeanDeserializerBase
[main] INFO org.evosuite.runtime.instrumentation.EvoClassLoader - Keeping class: com.fasterxml.jackson.databind.deser.BeanDeserializerBase
[main] INFO org.evosuite.runtime.instrumentation.EvoClassLoader - Keeping class: com.fasterxml.jackson.databind.deser.BeanDeserializer
[main] INFO org.evosuite.runtime.instrumentation.EvoClassLoader - Keeping class: com.fasterxml.jackson.databind.deser.std.ThrowableDeserializer
[main] INFO org.evosuite.runtime.instrumentation.EvoClassLoader - Seeing class for first time: com.fasterxml.jackson.databind.deser.impl.ErrorThrowingDeserializer
[main] INFO org.evosuite.runtime.instrumentation.EvoClassLoader - Instrumenting class 'com.fasterxml.jackson.databind.deser.impl.ErrorThrowingDeserializer'.
[main] INFO org.evosuite.runtime.instrumentation.MethodCallReplacementClassAdapter - Adding mock interface to class com/fasterxml/jackson/databind/deser/impl/ErrorThrowingDeserializer
[main] INFO org.evosuite.runtime.instrumentation.CreateClassResetClassAdapter - Creating brand-new static initializer in class com/fasterxml/jackson/databind/deser/impl/ErrorThrowingDeserializer
[main] INFO org.evosuite.runtime.instrumentation.EvoClassLoader - Keeping class: com.fasterxml.jackson.databind.deser.impl.ErrorThrowingDeserializer
[main] INFO org.evosuite.runtime.instrumentation.EvoClassLoader - Seeing class for first time: com.fasterxml.jackson.databind.deser.impl.UnsupportedTypeDeserializer
[main] INFO org.evosuite.runtime.instrumentation.EvoClassLoader - Instrumenting class 'com.fasterxml.jackson.databind.deser.impl.UnsupportedTypeDeserializer'.
[main] INFO org.evosuite.runtime.instrumentation.MethodCallReplacementClassAdapter - Adding mock interface to class com/fasterxml/jackson/databind/deser/impl/UnsupportedTypeDeserializer
[main] INFO org.evosuite.runtime.instrumentation.CreateClassResetClassAdapter - Creating brand-new static initializer in class com/fasterxml/jackson/databind/deser/impl/UnsupportedTypeDeserializer
[main] INFO org.evosuite.runtime.instrumentation.EvoClassLoader - Keeping class: com.fasterxml.jackson.databind.deser.impl.UnsupportedTypeDeserializer
[main] INFO org.evosuite.runtime.instrumentation.EvoClassLoader - Seeing class for first time: com.fasterxml.jackson.databind.deser.impl.MethodProperty
[main] INFO org.evosuite.runtime.instrumentation.EvoClassLoader - Instrumenting class 'com.fasterxml.jackson.databind.deser.impl.MethodProperty'.
[main] INFO org.evosuite.runtime.instrumentation.MethodCallReplacementClassAdapter - Adding mock interface to class com/fasterxml/jackson/databind/deser/impl/MethodProperty
[main] INFO org.evosuite.runtime.instrumentation.CreateClassResetClassAdapter - Creating brand-new static initializer in class com/fasterxml/jackson/databind/deser/impl/MethodProperty
[main] INFO org.evosuite.runtime.instrumentation.EvoClassLoader - Keeping class: com.fasterxml.jackson.databind.deser.impl.MethodProperty
[main] INFO org.evosuite.runtime.instrumentation.EvoClassLoader - Seeing class for first time: com.fasterxml.jackson.databind.deser.impl.PropertyBasedObjectIdGenerator
[main] INFO org.evosuite.runtime.instrumentation.EvoClassLoader - Instrumenting class 'com.fasterxml.jackson.databind.deser.impl.PropertyBasedObjectIdGenerator'.
[main] INFO org.evosuite.runtime.instrumentation.MethodCallReplacementClassAdapter - Adding mock interface to class com/fasterxml/jackson/databind/deser/impl/PropertyBasedObjectIdGenerator
[main] INFO org.evosuite.runtime.instrumentation.CreateClassResetClassAdapter - Creating brand-new static initializer in class com/fasterxml/jackson/databind/deser/impl/PropertyBasedObjectIdGenerator
[main] INFO org.evosuite.runtime.instrumentation.EvoClassLoader - Seeing class for first time: com.fasterxml.jackson.annotation.ObjectIdGenerators$PropertyGenerator
[main] INFO org.evosuite.runtime.instrumentation.EvoClassLoader - Instrumenting class 'com.fasterxml.jackson.annotation.ObjectIdGenerators$PropertyGenerator'.
[main] INFO org.evosuite.runtime.instrumentation.MethodCallReplacementClassAdapter - Adding mock interface to class com/fasterxml/jackson/annotation/ObjectIdGenerators$PropertyGenerator
[main] INFO org.evosuite.runtime.instrumentation.CreateClassResetClassAdapter - Creating brand-new static initializer in class com/fasterxml/jackson/annotation/ObjectIdGenerators$PropertyGenerator
[main] INFO org.evosuite.runtime.instrumentation.EvoClassLoader - Keeping class: com.fasterxml.jackson.annotation.ObjectIdGenerators$PropertyGenerator
[main] INFO org.evosuite.runtime.instrumentation.EvoClassLoader - Keeping class: com.fasterxml.jackson.databind.deser.impl.PropertyBasedObjectIdGenerator
[main] INFO org.evosuite.runtime.instrumentation.EvoClassLoader - Seeing class for first time: com.fasterxml.jackson.databind.deser.impl.SetterlessProperty
[main] INFO org.evosuite.runtime.instrumentation.EvoClassLoader - Instrumenting class 'com.fasterxml.jackson.databind.deser.impl.SetterlessProperty'.
[main] INFO org.evosuite.runtime.instrumentation.MethodCallReplacementClassAdapter - Adding mock interface to class com/fasterxml/jackson/databind/deser/impl/SetterlessProperty
[main] INFO org.evosuite.runtime.instrumentation.CreateClassResetClassAdapter - Creating brand-new static initializer in class com/fasterxml/jackson/databind/deser/impl/SetterlessProperty
[main] INFO org.evosuite.runtime.instrumentation.EvoClassLoader - Keeping class: com.fasterxml.jackson.databind.deser.impl.SetterlessProperty
[main] INFO org.evosuite.runtime.instrumentation.EvoClassLoader - Seeing class for first time: com.fasterxml.jackson.databind.deser.Deserializers
[main] INFO org.evosuite.runtime.instrumentation.EvoClassLoader - Instrumenting class 'com.fasterxml.jackson.databind.deser.Deserializers'.
[main] INFO org.evosuite.runtime.instrumentation.EvoClassLoader - Keeping class: com.fasterxml.jackson.databind.deser.Deserializers
[main] INFO org.evosuite.runtime.instrumentation.EvoClassLoader - Seeing class for first time: com.fasterxml.jackson.databind.PropertyName
[main] INFO org.evosuite.runtime.instrumentation.EvoClassLoader - Instrumenting class 'com.fasterxml.jackson.databind.PropertyName'.
[main] INFO org.evosuite.runtime.instrumentation.MethodCallReplacementClassAdapter - Adding mock interface to class com/fasterxml/jackson/databind/PropertyName
[main] INFO org.evosuite.runtime.instrumentation.CreateClassResetClassAdapter - Found static initializer in class com/fasterxml/jackson/databind/PropertyName
[main] INFO org.evosuite.runtime.instrumentation.EvoClassLoader - Keeping class: com.fasterxml.jackson.databind.PropertyName
[main] INFO org.evosuite.runtime.instrumentation.EvoClassLoader - Seeing class for first time: com.fasterxml.jackson.databind.cfg.DeserializerFactoryConfig
[main] INFO org.evosuite.runtime.instrumentation.EvoClassLoader - Instrumenting class 'com.fasterxml.jackson.databind.cfg.DeserializerFactoryConfig'.
[main] INFO org.evosuite.runtime.instrumentation.MethodCallReplacementClassAdapter - Adding mock interface to class com/fasterxml/jackson/databind/cfg/DeserializerFactoryConfig
[main] INFO org.evosuite.runtime.instrumentation.CreateClassResetClassAdapter - Found static initializer in class com/fasterxml/jackson/databind/cfg/DeserializerFactoryConfig
[main] INFO org.evosuite.runtime.instrumentation.EvoClassLoader - Keeping class: com.fasterxml.jackson.databind.cfg.DeserializerFactoryConfig
[main] INFO org.evosuite.runtime.instrumentation.EvoClassLoader - Seeing class for first time: com.fasterxml.jackson.databind.AbstractTypeResolver
[main] INFO org.evosuite.runtime.instrumentation.EvoClassLoader - Instrumenting class 'com.fasterxml.jackson.databind.AbstractTypeResolver'.
[main] INFO org.evosuite.runtime.instrumentation.MethodCallReplacementClassAdapter - Adding mock interface to class com/fasterxml/jackson/databind/AbstractTypeResolver
[main] INFO org.evosuite.runtime.instrumentation.CreateClassResetClassAdapter - Creating brand-new static initializer in class com/fasterxml/jackson/databind/AbstractTypeResolver
[main] INFO org.evosuite.runtime.instrumentation.EvoClassLoader - Keeping class: com.fasterxml.jackson.databind.AbstractTypeResolver
[main] INFO org.evosuite.runtime.instrumentation.EvoClassLoader - Seeing class for first time: com.fasterxml.jackson.databind.deser.ValueInstantiators
[main] INFO org.evosuite.runtime.instrumentation.EvoClassLoader - Instrumenting class 'com.fasterxml.jackson.databind.deser.ValueInstantiators'.
[main] INFO org.evosuite.runtime.instrumentation.EvoClassLoader - Keeping class: com.fasterxml.jackson.databind.deser.ValueInstantiators
[main] INFO org.evosuite.runtime.instrumentation.EvoClassLoader - Seeing class for first time: com.fasterxml.jackson.databind.deser.DeserializerCache
[main] INFO org.evosuite.runtime.instrumentation.EvoClassLoader - Instrumenting class 'com.fasterxml.jackson.databind.deser.DeserializerCache'.
[main] INFO org.evosuite.runtime.instrumentation.MethodCallReplacementClassAdapter - Adding mock interface to class com/fasterxml/jackson/databind/deser/DeserializerCache
[main] INFO org.evosuite.runtime.instrumentation.CreateClassResetClassAdapter - Creating brand-new static initializer in class com/fasterxml/jackson/databind/deser/DeserializerCache
[main] INFO org.evosuite.runtime.instrumentation.EvoClassLoader - Keeping class: com.fasterxml.jackson.databind.deser.DeserializerCache
[main] INFO org.evosuite.runtime.instrumentation.EvoClassLoader - Seeing class for first time: com.fasterxml.jackson.databind.ser.std.JsonValueSerializer
[main] INFO org.evosuite.runtime.instrumentation.EvoClassLoader - Instrumenting class 'com.fasterxml.jackson.databind.ser.std.JsonValueSerializer'.
[main] INFO org.evosuite.runtime.instrumentation.MethodCallReplacementClassAdapter - Adding mock interface to class com/fasterxml/jackson/databind/ser/std/JsonValueSerializer
[main] INFO org.evosuite.runtime.instrumentation.CreateClassResetClassAdapter - Creating brand-new static initializer in class com/fasterxml/jackson/databind/ser/std/JsonValueSerializer
[main] INFO org.evosuite.runtime.instrumentation.EvoClassLoader - Keeping class: com.fasterxml.jackson.databind.ser.std.JsonValueSerializer
[main] INFO org.evosuite.runtime.instrumentation.EvoClassLoader - Seeing class for first time: com.fasterxml.jackson.databind.ser.std.SerializableSerializer
[main] INFO org.evosuite.runtime.instrumentation.EvoClassLoader - Instrumenting class 'com.fasterxml.jackson.databind.ser.std.SerializableSerializer'.
[main] INFO org.evosuite.runtime.instrumentation.MethodCallReplacementClassAdapter - Adding mock interface to class com/fasterxml/jackson/databind/ser/std/SerializableSerializer
[main] INFO org.evosuite.runtime.instrumentation.CreateClassResetClassAdapter - Found static initializer in class com/fasterxml/jackson/databind/ser/std/SerializableSerializer
[main] INFO org.evosuite.runtime.instrumentation.EvoClassLoader - Keeping class: com.fasterxml.jackson.databind.ser.std.SerializableSerializer
[main] INFO org.evosuite.runtime.instrumentation.EvoClassLoader - Seeing class for first time: com.fasterxml.jackson.databind.ser.std.CalendarSerializer
[main] INFO org.evosuite.runtime.instrumentation.EvoClassLoader - Instrumenting class 'com.fasterxml.jackson.databind.ser.std.CalendarSerializer'.
[main] INFO org.evosuite.runtime.instrumentation.MethodCallReplacementClassAdapter - Adding mock interface to class com/fasterxml/jackson/databind/ser/std/CalendarSerializer
[main] INFO org.evosuite.runtime.instrumentation.CreateClassResetClassAdapter - Found static initializer in class com/fasterxml/jackson/databind/ser/std/CalendarSerializer
[main] INFO org.evosuite.runtime.instrumentation.EvoClassLoader - Seeing class for first time: com.fasterxml.jackson.databind.ser.std.DateTimeSerializerBase
[main] INFO org.evosuite.runtime.instrumentation.EvoClassLoader - Instrumenting class 'com.fasterxml.jackson.databind.ser.std.DateTimeSerializerBase'.
[main] INFO org.evosuite.runtime.instrumentation.MethodCallReplacementClassAdapter - Adding mock interface to class com/fasterxml/jackson/databind/ser/std/DateTimeSerializerBase
[main] INFO org.evosuite.runtime.instrumentation.CreateClassResetClassAdapter - Creating brand-new static initializer in class com/fasterxml/jackson/databind/ser/std/DateTimeSerializerBase
[main] INFO org.evosuite.runtime.instrumentation.EvoClassLoader - Keeping class: com.fasterxml.jackson.databind.ser.std.DateTimeSerializerBase
[main] INFO org.evosuite.runtime.instrumentation.EvoClassLoader - Keeping class: com.fasterxml.jackson.databind.ser.std.CalendarSerializer
[main] INFO org.evosuite.runtime.instrumentation.EvoClassLoader - Seeing class for first time: com.fasterxml.jackson.databind.ser.std.DateSerializer
[main] INFO org.evosuite.runtime.instrumentation.EvoClassLoader - Instrumenting class 'com.fasterxml.jackson.databind.ser.std.DateSerializer'.
[main] INFO org.evosuite.runtime.instrumentation.MethodCallReplacementClassAdapter - Adding mock interface to class com/fasterxml/jackson/databind/ser/std/DateSerializer
[main] INFO org.evosuite.runtime.instrumentation.CreateClassResetClassAdapter - Found static initializer in class com/fasterxml/jackson/databind/ser/std/DateSerializer
[main] INFO org.evosuite.runtime.instrumentation.EvoClassLoader - Keeping class: com.fasterxml.jackson.databind.ser.std.DateSerializer
[main] INFO org.evosuite.runtime.instrumentation.EvoClassLoader - Seeing class for first time: com.fasterxml.jackson.databind.ser.std.ByteBufferSerializer
[main] INFO org.evosuite.runtime.instrumentation.EvoClassLoader - Instrumenting class 'com.fasterxml.jackson.databind.ser.std.ByteBufferSerializer'.
[main] INFO org.evosuite.runtime.instrumentation.MethodCallReplacementClassAdapter - Adding mock interface to class com/fasterxml/jackson/databind/ser/std/ByteBufferSerializer
[main] INFO org.evosuite.runtime.instrumentation.CreateClassResetClassAdapter - Creating brand-new static initializer in class com/fasterxml/jackson/databind/ser/std/ByteBufferSerializer
[main] INFO org.evosuite.runtime.instrumentation.EvoClassLoader - Keeping class: com.fasterxml.jackson.databind.ser.std.ByteBufferSerializer
[main] INFO org.evosuite.runtime.instrumentation.EvoClassLoader - Seeing class for first time: com.fasterxml.jackson.databind.ser.std.InetAddressSerializer
[main] INFO org.evosuite.runtime.instrumentation.EvoClassLoader - Instrumenting class 'com.fasterxml.jackson.databind.ser.std.InetAddressSerializer'.
[main] INFO org.evosuite.runtime.instrumentation.MethodCallReplacementClassAdapter - Adding mock interface to class com/fasterxml/jackson/databind/ser/std/InetAddressSerializer
[main] INFO org.evosuite.runtime.instrumentation.CreateClassResetClassAdapter - Creating brand-new static initializer in class com/fasterxml/jackson/databind/ser/std/InetAddressSerializer
[main] INFO org.evosuite.runtime.instrumentation.EvoClassLoader - Keeping class: com.fasterxml.jackson.databind.ser.std.InetAddressSerializer
[main] INFO org.evosuite.runtime.instrumentation.EvoClassLoader - Seeing class for first time: com.fasterxml.jackson.databind.ser.std.InetSocketAddressSerializer
[main] INFO org.evosuite.runtime.instrumentation.EvoClassLoader - Instrumenting class 'com.fasterxml.jackson.databind.ser.std.InetSocketAddressSerializer'.
[main] INFO org.evosuite.runtime.instrumentation.MethodCallReplacementClassAdapter - Adding mock interface to class com/fasterxml/jackson/databind/ser/std/InetSocketAddressSerializer
[main] INFO org.evosuite.runtime.instrumentation.CreateClassResetClassAdapter - Creating brand-new static initializer in class com/fasterxml/jackson/databind/ser/std/InetSocketAddressSerializer
[main] INFO org.evosuite.runtime.instrumentation.EvoClassLoader - Keeping class: com.fasterxml.jackson.databind.ser.std.InetSocketAddressSerializer
[main] INFO org.evosuite.runtime.instrumentation.EvoClassLoader - Seeing class for first time: com.fasterxml.jackson.databind.ser.std.TimeZoneSerializer
[main] INFO org.evosuite.runtime.instrumentation.EvoClassLoader - Instrumenting class 'com.fasterxml.jackson.databind.ser.std.TimeZoneSerializer'.
[main] INFO org.evosuite.runtime.instrumentation.MethodCallReplacementClassAdapter - Adding mock interface to class com/fasterxml/jackson/databind/ser/std/TimeZoneSerializer
[main] INFO org.evosuite.runtime.instrumentation.CreateClassResetClassAdapter - Creating brand-new static initializer in class com/fasterxml/jackson/databind/ser/std/TimeZoneSerializer
[main] INFO org.evosuite.runtime.instrumentation.EvoClassLoader - Keeping class: com.fasterxml.jackson.databind.ser.std.TimeZoneSerializer
[main] INFO org.evosuite.runtime.instrumentation.EvoClassLoader - Seeing class for first time: com.fasterxml.jackson.databind.ser.std.NumberSerializer
[main] INFO org.evosuite.runtime.instrumentation.EvoClassLoader - Instrumenting class 'com.fasterxml.jackson.databind.ser.std.NumberSerializer'.
[main] INFO org.evosuite.runtime.instrumentation.MethodCallReplacementClassAdapter - Adding mock interface to class com/fasterxml/jackson/databind/ser/std/NumberSerializer
[main] INFO org.evosuite.runtime.instrumentation.CreateClassResetClassAdapter - Found static initializer in class com/fasterxml/jackson/databind/ser/std/NumberSerializer
[main] INFO org.evosuite.runtime.instrumentation.EvoClassLoader - Keeping class: com.fasterxml.jackson.databind.ser.std.NumberSerializer
[main] INFO org.evosuite.runtime.instrumentation.EvoClassLoader - Seeing class for first time: com.fasterxml.jackson.databind.ser.impl.IndexedStringListSerializer
[main] INFO org.evosuite.runtime.instrumentation.EvoClassLoader - Instrumenting class 'com.fasterxml.jackson.databind.ser.impl.IndexedStringListSerializer'.
[main] INFO org.evosuite.runtime.instrumentation.MethodCallReplacementClassAdapter - Adding mock interface to class com/fasterxml/jackson/databind/ser/impl/IndexedStringListSerializer
[main] INFO org.evosuite.runtime.instrumentation.CreateClassResetClassAdapter - Found static initializer in class com/fasterxml/jackson/databind/ser/impl/IndexedStringListSerializer
[main] INFO org.evosuite.runtime.instrumentation.EvoClassLoader - Seeing class for first time: com.fasterxml.jackson.databind.ser.std.StaticListSerializerBase
[main] INFO org.evosuite.runtime.instrumentation.EvoClassLoader - Instrumenting class 'com.fasterxml.jackson.databind.ser.std.StaticListSerializerBase'.
[main] INFO org.evosuite.runtime.instrumentation.MethodCallReplacementClassAdapter - Adding mock interface to class com/fasterxml/jackson/databind/ser/std/StaticListSerializerBase
[main] INFO org.evosuite.runtime.instrumentation.CreateClassResetClassAdapter - Creating brand-new static initializer in class com/fasterxml/jackson/databind/ser/std/StaticListSerializerBase
[main] INFO org.evosuite.runtime.instrumentation.EvoClassLoader - Keeping class: com.fasterxml.jackson.databind.ser.std.StaticListSerializerBase
[main] INFO org.evosuite.runtime.instrumentation.EvoClassLoader - Keeping class: com.fasterxml.jackson.databind.ser.impl.IndexedStringListSerializer
[main] INFO org.evosuite.runtime.instrumentation.EvoClassLoader - Seeing class for first time: com.fasterxml.jackson.databind.ser.ContainerSerializer
[main] INFO org.evosuite.runtime.instrumentation.EvoClassLoader - Instrumenting class 'com.fasterxml.jackson.databind.ser.ContainerSerializer'.
[main] INFO org.evosuite.runtime.instrumentation.MethodCallReplacementClassAdapter - Adding mock interface to class com/fasterxml/jackson/databind/ser/ContainerSerializer
[main] INFO org.evosuite.runtime.instrumentation.CreateClassResetClassAdapter - Creating brand-new static initializer in class com/fasterxml/jackson/databind/ser/ContainerSerializer
[main] INFO org.evosuite.runtime.instrumentation.EvoClassLoader - Keeping class: com.fasterxml.jackson.databind.ser.ContainerSerializer
[main] INFO org.evosuite.runtime.instrumentation.EvoClassLoader - Seeing class for first time: com.fasterxml.jackson.databind.ser.impl.StringCollectionSerializer
[main] INFO org.evosuite.runtime.instrumentation.EvoClassLoader - Instrumenting class 'com.fasterxml.jackson.databind.ser.impl.StringCollectionSerializer'.
[main] INFO org.evosuite.runtime.instrumentation.MethodCallReplacementClassAdapter - Adding mock interface to class com/fasterxml/jackson/databind/ser/impl/StringCollectionSerializer
[main] INFO org.evosuite.runtime.instrumentation.CreateClassResetClassAdapter - Found static initializer in class com/fasterxml/jackson/databind/ser/impl/StringCollectionSerializer
[main] INFO org.evosuite.runtime.instrumentation.EvoClassLoader - Keeping class: com.fasterxml.jackson.databind.ser.impl.StringCollectionSerializer
[main] INFO org.evosuite.runtime.instrumentation.EvoClassLoader - Seeing class for first time: com.fasterxml.jackson.databind.ser.std.CollectionSerializer
[main] INFO org.evosuite.runtime.instrumentation.EvoClassLoader - Instrumenting class 'com.fasterxml.jackson.databind.ser.std.CollectionSerializer'.
[main] INFO org.evosuite.runtime.instrumentation.MethodCallReplacementClassAdapter - Adding mock interface to class com/fasterxml/jackson/databind/ser/std/CollectionSerializer
[main] INFO org.evosuite.runtime.instrumentation.CreateClassResetClassAdapter - Creating brand-new static initializer in class com/fasterxml/jackson/databind/ser/std/CollectionSerializer
[main] INFO org.evosuite.runtime.instrumentation.EvoClassLoader - Seeing class for first time: com.fasterxml.jackson.databind.ser.std.AsArraySerializerBase
[main] INFO org.evosuite.runtime.instrumentation.EvoClassLoader - Instrumenting class 'com.fasterxml.jackson.databind.ser.std.AsArraySerializerBase'.
[main] INFO org.evosuite.runtime.instrumentation.MethodCallReplacementClassAdapter - Adding mock interface to class com/fasterxml/jackson/databind/ser/std/AsArraySerializerBase
[main] INFO org.evosuite.runtime.instrumentation.CreateClassResetClassAdapter - Creating brand-new static initializer in class com/fasterxml/jackson/databind/ser/std/AsArraySerializerBase
[main] INFO org.evosuite.runtime.instrumentation.EvoClassLoader - Keeping class: com.fasterxml.jackson.databind.ser.std.AsArraySerializerBase
[main] INFO org.evosuite.runtime.instrumentation.EvoClassLoader - Keeping class: com.fasterxml.jackson.databind.ser.std.CollectionSerializer
[main] INFO org.evosuite.runtime.instrumentation.EvoClassLoader - Seeing class for first time: com.fasterxml.jackson.databind.ser.impl.StringArraySerializer
[main] INFO org.evosuite.runtime.instrumentation.EvoClassLoader - Instrumenting class 'com.fasterxml.jackson.databind.ser.impl.StringArraySerializer'.
[main] INFO org.evosuite.runtime.instrumentation.MethodCallReplacementClassAdapter - Adding mock interface to class com/fasterxml/jackson/databind/ser/impl/StringArraySerializer
[main] INFO org.evosuite.runtime.instrumentation.CreateClassResetClassAdapter - Found static initializer in class com/fasterxml/jackson/databind/ser/impl/StringArraySerializer
[main] INFO org.evosuite.runtime.instrumentation.EvoClassLoader - Seeing class for first time: com.fasterxml.jackson.databind.ser.std.ArraySerializerBase
[main] INFO org.evosuite.runtime.instrumentation.EvoClassLoader - Instrumenting class 'com.fasterxml.jackson.databind.ser.std.ArraySerializerBase'.
[main] INFO org.evosuite.runtime.instrumentation.MethodCallReplacementClassAdapter - Adding mock interface to class com/fasterxml/jackson/databind/ser/std/ArraySerializerBase
[main] INFO org.evosuite.runtime.instrumentation.CreateClassResetClassAdapter - Creating brand-new static initializer in class com/fasterxml/jackson/databind/ser/std/ArraySerializerBase
[main] INFO org.evosuite.runtime.instrumentation.EvoClassLoader - Keeping class: com.fasterxml.jackson.databind.ser.std.ArraySerializerBase
[main] INFO org.evosuite.runtime.instrumentation.EvoClassLoader - Keeping class: com.fasterxml.jackson.databind.ser.impl.StringArraySerializer
[main] INFO org.evosuite.runtime.instrumentation.EvoClassLoader - Seeing class for first time: com.fasterxml.jackson.databind.ser.std.ObjectArraySerializer
[main] INFO org.evosuite.runtime.instrumentation.EvoClassLoader - Instrumenting class 'com.fasterxml.jackson.databind.ser.std.ObjectArraySerializer'.
[main] INFO org.evosuite.runtime.instrumentation.MethodCallReplacementClassAdapter - Adding mock interface to class com/fasterxml/jackson/databind/ser/std/ObjectArraySerializer
[main] INFO org.evosuite.runtime.instrumentation.CreateClassResetClassAdapter - Creating brand-new static initializer in class com/fasterxml/jackson/databind/ser/std/ObjectArraySerializer
[main] INFO org.evosuite.runtime.instrumentation.EvoClassLoader - Keeping class: com.fasterxml.jackson.databind.ser.std.ObjectArraySerializer
[main] INFO org.evosuite.runtime.instrumentation.EvoClassLoader - Seeing class for first time: com.fasterxml.jackson.databind.ser.std.EnumSetSerializer
[main] INFO org.evosuite.runtime.instrumentation.EvoClassLoader - Instrumenting class 'com.fasterxml.jackson.databind.ser.std.EnumSetSerializer'.
[main] INFO org.evosuite.runtime.instrumentation.MethodCallReplacementClassAdapter - Adding mock interface to class com/fasterxml/jackson/databind/ser/std/EnumSetSerializer
[main] INFO org.evosuite.runtime.instrumentation.CreateClassResetClassAdapter - Creating brand-new static initializer in class com/fasterxml/jackson/databind/ser/std/EnumSetSerializer
[main] INFO org.evosuite.runtime.instrumentation.EvoClassLoader - Keeping class: com.fasterxml.jackson.databind.ser.std.EnumSetSerializer
[main] INFO org.evosuite.runtime.instrumentation.EvoClassLoader - Seeing class for first time: com.fasterxml.jackson.databind.ser.impl.IndexedListSerializer
[main] INFO org.evosuite.runtime.instrumentation.EvoClassLoader - Instrumenting class 'com.fasterxml.jackson.databind.ser.impl.IndexedListSerializer'.
[main] INFO org.evosuite.runtime.instrumentation.MethodCallReplacementClassAdapter - Adding mock interface to class com/fasterxml/jackson/databind/ser/impl/IndexedListSerializer
[main] INFO org.evosuite.runtime.instrumentation.CreateClassResetClassAdapter - Creating brand-new static initializer in class com/fasterxml/jackson/databind/ser/impl/IndexedListSerializer
[main] INFO org.evosuite.runtime.instrumentation.EvoClassLoader - Keeping class: com.fasterxml.jackson.databind.ser.impl.IndexedListSerializer
[main] INFO org.evosuite.runtime.instrumentation.EvoClassLoader - Seeing class for first time: com.fasterxml.jackson.databind.ser.std.ReferenceTypeSerializer
[main] INFO org.evosuite.runtime.instrumentation.EvoClassLoader - Instrumenting class 'com.fasterxml.jackson.databind.ser.std.ReferenceTypeSerializer'.
[main] INFO org.evosuite.runtime.instrumentation.MethodCallReplacementClassAdapter - Adding mock interface to class com/fasterxml/jackson/databind/ser/std/ReferenceTypeSerializer
[main] INFO org.evosuite.runtime.instrumentation.CreateClassResetClassAdapter - Found static initializer in class com/fasterxml/jackson/databind/ser/std/ReferenceTypeSerializer
[main] INFO org.evosuite.runtime.instrumentation.EvoClassLoader - Keeping class: com.fasterxml.jackson.databind.ser.std.ReferenceTypeSerializer
[main] INFO org.evosuite.runtime.instrumentation.EvoClassLoader - Seeing class for first time: com.fasterxml.jackson.databind.ser.std.EnumSerializer
[main] INFO org.evosuite.runtime.instrumentation.EvoClassLoader - Instrumenting class 'com.fasterxml.jackson.databind.ser.std.EnumSerializer'.
[main] INFO org.evosuite.runtime.instrumentation.MethodCallReplacementClassAdapter - Adding mock interface to class com/fasterxml/jackson/databind/ser/std/EnumSerializer
[main] INFO org.evosuite.runtime.instrumentation.CreateClassResetClassAdapter - Creating brand-new static initializer in class com/fasterxml/jackson/databind/ser/std/EnumSerializer
[main] INFO org.evosuite.runtime.instrumentation.EvoClassLoader - Keeping class: com.fasterxml.jackson.databind.ser.std.EnumSerializer
[main] INFO org.evosuite.runtime.instrumentation.EvoClassLoader - Seeing class for first time: com.fasterxml.jackson.databind.ser.impl.MapEntrySerializer
[main] INFO org.evosuite.runtime.instrumentation.EvoClassLoader - Instrumenting class 'com.fasterxml.jackson.databind.ser.impl.MapEntrySerializer'.
[main] INFO org.evosuite.runtime.instrumentation.MethodCallReplacementClassAdapter - Adding mock interface to class com/fasterxml/jackson/databind/ser/impl/MapEntrySerializer
[main] INFO org.evosuite.runtime.instrumentation.CreateClassResetClassAdapter - Found static initializer in class com/fasterxml/jackson/databind/ser/impl/MapEntrySerializer
[main] INFO org.evosuite.runtime.instrumentation.EvoClassLoader - Keeping class: com.fasterxml.jackson.databind.ser.impl.MapEntrySerializer
[main] INFO org.evosuite.runtime.instrumentation.EvoClassLoader - Seeing class for first time: com.fasterxml.jackson.databind.ser.impl.IteratorSerializer
[main] INFO org.evosuite.runtime.instrumentation.EvoClassLoader - Instrumenting class 'com.fasterxml.jackson.databind.ser.impl.IteratorSerializer'.
[main] INFO org.evosuite.runtime.instrumentation.MethodCallReplacementClassAdapter - Adding mock interface to class com/fasterxml/jackson/databind/ser/impl/IteratorSerializer
[main] INFO org.evosuite.runtime.instrumentation.CreateClassResetClassAdapter - Creating brand-new static initializer in class com/fasterxml/jackson/databind/ser/impl/IteratorSerializer
[main] INFO org.evosuite.runtime.instrumentation.EvoClassLoader - Keeping class: com.fasterxml.jackson.databind.ser.impl.IteratorSerializer
[main] INFO org.evosuite.runtime.instrumentation.EvoClassLoader - Seeing class for first time: com.fasterxml.jackson.databind.ser.std.IterableSerializer
[main] INFO org.evosuite.runtime.instrumentation.EvoClassLoader - Instrumenting class 'com.fasterxml.jackson.databind.ser.std.IterableSerializer'.
[main] INFO org.evosuite.runtime.instrumentation.MethodCallReplacementClassAdapter - Adding mock interface to class com/fasterxml/jackson/databind/ser/std/IterableSerializer
[main] INFO org.evosuite.runtime.instrumentation.CreateClassResetClassAdapter - Creating brand-new static initializer in class com/fasterxml/jackson/databind/ser/std/IterableSerializer
[main] INFO org.evosuite.runtime.instrumentation.EvoClassLoader - Keeping class: com.fasterxml.jackson.databind.ser.std.IterableSerializer
[main] INFO org.evosuite.runtime.instrumentation.EvoClassLoader - Seeing class for first time: com.fasterxml.jackson.databind.ser.std.MapSerializer
[main] INFO org.evosuite.runtime.instrumentation.EvoClassLoader - Instrumenting class 'com.fasterxml.jackson.databind.ser.std.MapSerializer'.
[main] INFO org.evosuite.runtime.instrumentation.MethodCallReplacementClassAdapter - Adding mock interface to class com/fasterxml/jackson/databind/ser/std/MapSerializer
[main] INFO org.evosuite.runtime.instrumentation.CreateClassResetClassAdapter - Found static initializer in class com/fasterxml/jackson/databind/ser/std/MapSerializer
[main] INFO org.evosuite.runtime.instrumentation.EvoClassLoader - Keeping class: com.fasterxml.jackson.databind.ser.std.MapSerializer
[main] INFO org.evosuite.runtime.instrumentation.EvoClassLoader - Seeing class for first time: com.fasterxml.jackson.databind.ser.BeanSerializer
[main] INFO org.evosuite.runtime.instrumentation.EvoClassLoader - Instrumenting class 'com.fasterxml.jackson.databind.ser.BeanSerializer'.
[main] INFO org.evosuite.runtime.instrumentation.MethodCallReplacementClassAdapter - Adding mock interface to class com/fasterxml/jackson/databind/ser/BeanSerializer
[main] INFO org.evosuite.runtime.instrumentation.CreateClassResetClassAdapter - Creating brand-new static initializer in class com/fasterxml/jackson/databind/ser/BeanSerializer
[main] INFO org.evosuite.runtime.instrumentation.EvoClassLoader - Seeing class for first time: com.fasterxml.jackson.databind.ser.std.BeanSerializerBase
[main] INFO org.evosuite.runtime.instrumentation.EvoClassLoader - Instrumenting class 'com.fasterxml.jackson.databind.ser.std.BeanSerializerBase'.
[main] INFO org.evosuite.runtime.instrumentation.MethodCallReplacementClassAdapter - Adding mock interface to class com/fasterxml/jackson/databind/ser/std/BeanSerializerBase
[main] INFO org.evosuite.runtime.instrumentation.CreateClassResetClassAdapter - Found static initializer in class com/fasterxml/jackson/databind/ser/std/BeanSerializerBase
[main] INFO org.evosuite.runtime.instrumentation.EvoClassLoader - Keeping class: com.fasterxml.jackson.databind.ser.std.BeanSerializerBase
[main] INFO org.evosuite.runtime.instrumentation.EvoClassLoader - Keeping class: com.fasterxml.jackson.databind.ser.BeanSerializer
[main] INFO org.evosuite.runtime.instrumentation.EvoClassLoader - Seeing class for first time: com.fasterxml.jackson.databind.ser.impl.UnsupportedTypeSerializer
[main] INFO org.evosuite.runtime.instrumentation.EvoClassLoader - Instrumenting class 'com.fasterxml.jackson.databind.ser.impl.UnsupportedTypeSerializer'.
[main] INFO org.evosuite.runtime.instrumentation.MethodCallReplacementClassAdapter - Adding mock interface to class com/fasterxml/jackson/databind/ser/impl/UnsupportedTypeSerializer
[main] INFO org.evosuite.runtime.instrumentation.CreateClassResetClassAdapter - Creating brand-new static initializer in class com/fasterxml/jackson/databind/ser/impl/UnsupportedTypeSerializer
[main] INFO org.evosuite.runtime.instrumentation.EvoClassLoader - Keeping class: com.fasterxml.jackson.databind.ser.impl.UnsupportedTypeSerializer
[main] INFO org.evosuite.runtime.instrumentation.EvoClassLoader - Seeing class for first time: com.fasterxml.jackson.databind.ser.impl.PropertyBasedObjectIdGenerator
[main] INFO org.evosuite.runtime.instrumentation.EvoClassLoader - Instrumenting class 'com.fasterxml.jackson.databind.ser.impl.PropertyBasedObjectIdGenerator'.
[main] INFO org.evosuite.runtime.instrumentation.MethodCallReplacementClassAdapter - Adding mock interface to class com/fasterxml/jackson/databind/ser/impl/PropertyBasedObjectIdGenerator
[main] INFO org.evosuite.runtime.instrumentation.CreateClassResetClassAdapter - Creating brand-new static initializer in class com/fasterxml/jackson/databind/ser/impl/PropertyBasedObjectIdGenerator
[main] INFO org.evosuite.runtime.instrumentation.EvoClassLoader - Keeping class: com.fasterxml.jackson.databind.ser.impl.PropertyBasedObjectIdGenerator
[main] INFO org.evosuite.runtime.instrumentation.EvoClassLoader - Seeing class for first time: com.fasterxml.jackson.databind.ser.std.StringSerializer
[main] INFO org.evosuite.runtime.instrumentation.EvoClassLoader - Instrumenting class 'com.fasterxml.jackson.databind.ser.std.StringSerializer'.
[main] INFO org.evosuite.runtime.instrumentation.MethodCallReplacementClassAdapter - Adding mock interface to class com/fasterxml/jackson/databind/ser/std/StringSerializer
[main] INFO org.evosuite.runtime.instrumentation.CreateClassResetClassAdapter - Creating brand-new static initializer in class com/fasterxml/jackson/databind/ser/std/StringSerializer
[main] INFO org.evosuite.runtime.instrumentation.EvoClassLoader - Keeping class: com.fasterxml.jackson.databind.ser.std.StringSerializer
[main] INFO org.evosuite.runtime.instrumentation.EvoClassLoader - Seeing class for first time: com.fasterxml.jackson.databind.ser.std.NumberSerializers
[main] INFO org.evosuite.runtime.instrumentation.EvoClassLoader - Instrumenting class 'com.fasterxml.jackson.databind.ser.std.NumberSerializers'.
[main] INFO org.evosuite.runtime.instrumentation.MethodCallReplacementClassAdapter - Adding mock interface to class com/fasterxml/jackson/databind/ser/std/NumberSerializers
[main] INFO org.evosuite.runtime.instrumentation.CreateClassResetClassAdapter - Creating brand-new static initializer in class com/fasterxml/jackson/databind/ser/std/NumberSerializers
[main] INFO org.evosuite.runtime.instrumentation.EvoClassLoader - Keeping class: com.fasterxml.jackson.databind.ser.std.NumberSerializers
[main] INFO org.evosuite.runtime.instrumentation.EvoClassLoader - Seeing class for first time: com.fasterxml.jackson.databind.ser.std.NumberSerializers$IntegerSerializer
[main] INFO org.evosuite.runtime.instrumentation.EvoClassLoader - Instrumenting class 'com.fasterxml.jackson.databind.ser.std.NumberSerializers$IntegerSerializer'.
[main] INFO org.evosuite.runtime.instrumentation.MethodCallReplacementClassAdapter - Adding mock interface to class com/fasterxml/jackson/databind/ser/std/NumberSerializers$IntegerSerializer
[main] INFO org.evosuite.runtime.instrumentation.CreateClassResetClassAdapter - Creating brand-new static initializer in class com/fasterxml/jackson/databind/ser/std/NumberSerializers$IntegerSerializer
[main] INFO org.evosuite.runtime.instrumentation.EvoClassLoader - Keeping class: com.fasterxml.jackson.databind.ser.std.NumberSerializers$IntegerSerializer
[main] INFO org.evosuite.runtime.instrumentation.EvoClassLoader - Seeing class for first time: com.fasterxml.jackson.databind.ser.std.NumberSerializers$LongSerializer
[main] INFO org.evosuite.runtime.instrumentation.EvoClassLoader - Instrumenting class 'com.fasterxml.jackson.databind.ser.std.NumberSerializers$LongSerializer'.
[main] INFO org.evosuite.runtime.instrumentation.MethodCallReplacementClassAdapter - Adding mock interface to class com/fasterxml/jackson/databind/ser/std/NumberSerializers$LongSerializer
[main] INFO org.evosuite.runtime.instrumentation.CreateClassResetClassAdapter - Creating brand-new static initializer in class com/fasterxml/jackson/databind/ser/std/NumberSerializers$LongSerializer
[main] INFO org.evosuite.runtime.instrumentation.EvoClassLoader - Keeping class: com.fasterxml.jackson.databind.ser.std.NumberSerializers$LongSerializer
[main] INFO org.evosuite.runtime.instrumentation.EvoClassLoader - Seeing class for first time: com.fasterxml.jackson.databind.ser.std.NumberSerializers$IntLikeSerializer
[main] INFO org.evosuite.runtime.instrumentation.EvoClassLoader - Instrumenting class 'com.fasterxml.jackson.databind.ser.std.NumberSerializers$IntLikeSerializer'.
[main] INFO org.evosuite.runtime.instrumentation.MethodCallReplacementClassAdapter - Adding mock interface to class com/fasterxml/jackson/databind/ser/std/NumberSerializers$IntLikeSerializer
[main] INFO org.evosuite.runtime.instrumentation.CreateClassResetClassAdapter - Found static initializer in class com/fasterxml/jackson/databind/ser/std/NumberSerializers$IntLikeSerializer
[main] INFO org.evosuite.runtime.instrumentation.EvoClassLoader - Keeping class: com.fasterxml.jackson.databind.ser.std.NumberSerializers$IntLikeSerializer
[main] INFO org.evosuite.runtime.instrumentation.EvoClassLoader - Seeing class for first time: com.fasterxml.jackson.databind.ser.std.NumberSerializers$DoubleSerializer
[main] INFO org.evosuite.runtime.instrumentation.EvoClassLoader - Instrumenting class 'com.fasterxml.jackson.databind.ser.std.NumberSerializers$DoubleSerializer'.
[main] INFO org.evosuite.runtime.instrumentation.MethodCallReplacementClassAdapter - Adding mock interface to class com/fasterxml/jackson/databind/ser/std/NumberSerializers$DoubleSerializer
[main] INFO org.evosuite.runtime.instrumentation.CreateClassResetClassAdapter - Creating brand-new static initializer in class com/fasterxml/jackson/databind/ser/std/NumberSerializers$DoubleSerializer
[main] INFO org.evosuite.runtime.instrumentation.EvoClassLoader - Keeping class: com.fasterxml.jackson.databind.ser.std.NumberSerializers$DoubleSerializer
[main] INFO org.evosuite.runtime.instrumentation.EvoClassLoader - Seeing class for first time: com.fasterxml.jackson.databind.ser.std.NumberSerializers$FloatSerializer
[main] INFO org.evosuite.runtime.instrumentation.EvoClassLoader - Instrumenting class 'com.fasterxml.jackson.databind.ser.std.NumberSerializers$FloatSerializer'.
[main] INFO org.evosuite.runtime.instrumentation.MethodCallReplacementClassAdapter - Adding mock interface to class com/fasterxml/jackson/databind/ser/std/NumberSerializers$FloatSerializer
[main] INFO org.evosuite.runtime.instrumentation.CreateClassResetClassAdapter - Found static initializer in class com/fasterxml/jackson/databind/ser/std/NumberSerializers$FloatSerializer
[main] INFO org.evosuite.runtime.instrumentation.EvoClassLoader - Keeping class: com.fasterxml.jackson.databind.ser.std.NumberSerializers$FloatSerializer
[main] INFO org.evosuite.runtime.instrumentation.EvoClassLoader - Seeing class for first time: com.fasterxml.jackson.databind.ser.std.BooleanSerializer
[main] INFO org.evosuite.runtime.instrumentation.EvoClassLoader - Instrumenting class 'com.fasterxml.jackson.databind.ser.std.BooleanSerializer'.
[main] INFO org.evosuite.runtime.instrumentation.MethodCallReplacementClassAdapter - Adding mock interface to class com/fasterxml/jackson/databind/ser/std/BooleanSerializer
[main] INFO org.evosuite.runtime.instrumentation.CreateClassResetClassAdapter - Creating brand-new static initializer in class com/fasterxml/jackson/databind/ser/std/BooleanSerializer
[main] INFO org.evosuite.runtime.instrumentation.EvoClassLoader - Keeping class: com.fasterxml.jackson.databind.ser.std.BooleanSerializer
[main] INFO org.evosuite.runtime.instrumentation.EvoClassLoader - Seeing class for first time: com.fasterxml.jackson.databind.ser.std.BooleanSerializer$AsNumber
[main] INFO org.evosuite.runtime.instrumentation.EvoClassLoader - Instrumenting class 'com.fasterxml.jackson.databind.ser.std.BooleanSerializer$AsNumber'.
[main] INFO org.evosuite.runtime.instrumentation.MethodCallReplacementClassAdapter - Adding mock interface to class com/fasterxml/jackson/databind/ser/std/BooleanSerializer$AsNumber
[main] INFO org.evosuite.runtime.instrumentation.CreateClassResetClassAdapter - Creating brand-new static initializer in class com/fasterxml/jackson/databind/ser/std/BooleanSerializer$AsNumber
[main] INFO org.evosuite.runtime.instrumentation.EvoClassLoader - Keeping class: com.fasterxml.jackson.databind.ser.std.BooleanSerializer$AsNumber
[main] INFO org.evosuite.runtime.instrumentation.EvoClassLoader - Seeing class for first time: com.fasterxml.jackson.databind.ser.std.StdJdkSerializers
[main] INFO org.evosuite.runtime.instrumentation.EvoClassLoader - Instrumenting class 'com.fasterxml.jackson.databind.ser.std.StdJdkSerializers'.
[main] INFO org.evosuite.runtime.instrumentation.MethodCallReplacementClassAdapter - Adding mock interface to class com/fasterxml/jackson/databind/ser/std/StdJdkSerializers
[main] INFO org.evosuite.runtime.instrumentation.CreateClassResetClassAdapter - Creating brand-new static initializer in class com/fasterxml/jackson/databind/ser/std/StdJdkSerializers
[main] INFO org.evosuite.runtime.instrumentation.EvoClassLoader - Keeping class: com.fasterxml.jackson.databind.ser.std.StdJdkSerializers
[main] INFO org.evosuite.runtime.instrumentation.EvoClassLoader - Seeing class for first time: com.fasterxml.jackson.databind.ser.std.UUIDSerializer
[main] INFO org.evosuite.runtime.instrumentation.EvoClassLoader - Instrumenting class 'com.fasterxml.jackson.databind.ser.std.UUIDSerializer'.
[main] INFO org.evosuite.runtime.instrumentation.MethodCallReplacementClassAdapter - Adding mock interface to class com/fasterxml/jackson/databind/ser/std/UUIDSerializer
[main] INFO org.evosuite.runtime.instrumentation.CreateClassResetClassAdapter - Found static initializer in class com/fasterxml/jackson/databind/ser/std/UUIDSerializer
[main] INFO org.evosuite.runtime.instrumentation.EvoClassLoader - Keeping class: com.fasterxml.jackson.databind.ser.std.UUIDSerializer
[main] INFO org.evosuite.runtime.instrumentation.EvoClassLoader - Seeing class for first time: com.fasterxml.jackson.databind.ser.std.StdJdkSerializers$AtomicBooleanSerializer
[main] INFO org.evosuite.runtime.instrumentation.EvoClassLoader - Instrumenting class 'com.fasterxml.jackson.databind.ser.std.StdJdkSerializers$AtomicBooleanSerializer'.
[main] INFO org.evosuite.runtime.instrumentation.MethodCallReplacementClassAdapter - Adding mock interface to class com/fasterxml/jackson/databind/ser/std/StdJdkSerializers$AtomicBooleanSerializer
[main] INFO org.evosuite.runtime.instrumentation.CreateClassResetClassAdapter - Creating brand-new static initializer in class com/fasterxml/jackson/databind/ser/std/StdJdkSerializers$AtomicBooleanSerializer
[main] INFO org.evosuite.runtime.instrumentation.EvoClassLoader - Keeping class: com.fasterxml.jackson.databind.ser.std.StdJdkSerializers$AtomicBooleanSerializer
[main] INFO org.evosuite.runtime.instrumentation.EvoClassLoader - Seeing class for first time: com.fasterxml.jackson.databind.ser.std.StdJdkSerializers$AtomicIntegerSerializer
[main] INFO org.evosuite.runtime.instrumentation.EvoClassLoader - Instrumenting class 'com.fasterxml.jackson.databind.ser.std.StdJdkSerializers$AtomicIntegerSerializer'.
[main] INFO org.evosuite.runtime.instrumentation.MethodCallReplacementClassAdapter - Adding mock interface to class com/fasterxml/jackson/databind/ser/std/StdJdkSerializers$AtomicIntegerSerializer
[main] INFO org.evosuite.runtime.instrumentation.CreateClassResetClassAdapter - Creating brand-new static initializer in class com/fasterxml/jackson/databind/ser/std/StdJdkSerializers$AtomicIntegerSerializer
[main] INFO org.evosuite.runtime.instrumentation.EvoClassLoader - Keeping class: com.fasterxml.jackson.databind.ser.std.StdJdkSerializers$AtomicIntegerSerializer
[main] INFO org.evosuite.runtime.instrumentation.EvoClassLoader - Seeing class for first time: com.fasterxml.jackson.databind.ser.std.StdJdkSerializers$AtomicLongSerializer
[main] INFO org.evosuite.runtime.instrumentation.EvoClassLoader - Instrumenting class 'com.fasterxml.jackson.databind.ser.std.StdJdkSerializers$AtomicLongSerializer'.
[main] INFO org.evosuite.runtime.instrumentation.MethodCallReplacementClassAdapter - Adding mock interface to class com/fasterxml/jackson/databind/ser/std/StdJdkSerializers$AtomicLongSerializer
[main] INFO org.evosuite.runtime.instrumentation.CreateClassResetClassAdapter - Creating brand-new static initializer in class com/fasterxml/jackson/databind/ser/std/StdJdkSerializers$AtomicLongSerializer
[main] INFO org.evosuite.runtime.instrumentation.EvoClassLoader - Keeping class: com.fasterxml.jackson.databind.ser.std.StdJdkSerializers$AtomicLongSerializer
[main] INFO org.evosuite.runtime.instrumentation.EvoClassLoader - Seeing class for first time: com.fasterxml.jackson.databind.ser.std.FileSerializer
[main] INFO org.evosuite.runtime.instrumentation.EvoClassLoader - Instrumenting class 'com.fasterxml.jackson.databind.ser.std.FileSerializer'.
[main] INFO org.evosuite.runtime.instrumentation.MethodCallReplacementClassAdapter - Adding mock interface to class com/fasterxml/jackson/databind/ser/std/FileSerializer
[main] INFO org.evosuite.runtime.instrumentation.CreateClassResetClassAdapter - Creating brand-new static initializer in class com/fasterxml/jackson/databind/ser/std/FileSerializer
[main] INFO org.evosuite.runtime.instrumentation.EvoClassLoader - Keeping class: com.fasterxml.jackson.databind.ser.std.FileSerializer
[main] INFO org.evosuite.runtime.instrumentation.EvoClassLoader - Seeing class for first time: com.fasterxml.jackson.databind.ser.std.ClassSerializer
[main] INFO org.evosuite.runtime.instrumentation.EvoClassLoader - Instrumenting class 'com.fasterxml.jackson.databind.ser.std.ClassSerializer'.
[main] INFO org.evosuite.runtime.instrumentation.MethodCallReplacementClassAdapter - Adding mock interface to class com/fasterxml/jackson/databind/ser/std/ClassSerializer
[main] INFO org.evosuite.runtime.instrumentation.CreateClassResetClassAdapter - Creating brand-new static initializer in class com/fasterxml/jackson/databind/ser/std/ClassSerializer
[main] INFO org.evosuite.runtime.instrumentation.EvoClassLoader - Keeping class: com.fasterxml.jackson.databind.ser.std.ClassSerializer
[main] INFO org.evosuite.runtime.instrumentation.EvoClassLoader - Seeing class for first time: com.fasterxml.jackson.databind.ser.std.TokenBufferSerializer
[main] INFO org.evosuite.runtime.instrumentation.EvoClassLoader - Instrumenting class 'com.fasterxml.jackson.databind.ser.std.TokenBufferSerializer'.
[main] INFO org.evosuite.runtime.instrumentation.MethodCallReplacementClassAdapter - Adding mock interface to class com/fasterxml/jackson/databind/ser/std/TokenBufferSerializer
[main] INFO org.evosuite.runtime.instrumentation.CreateClassResetClassAdapter - Creating brand-new static initializer in class com/fasterxml/jackson/databind/ser/std/TokenBufferSerializer
[main] INFO org.evosuite.runtime.instrumentation.EvoClassLoader - Keeping class: com.fasterxml.jackson.databind.ser.std.TokenBufferSerializer
[main] INFO org.evosuite.runtime.instrumentation.EvoClassLoader - Seeing class for first time: com.fasterxml.jackson.databind.cfg.SerializerFactoryConfig
[main] INFO org.evosuite.runtime.instrumentation.EvoClassLoader - Instrumenting class 'com.fasterxml.jackson.databind.cfg.SerializerFactoryConfig'.
[main] INFO org.evosuite.runtime.instrumentation.MethodCallReplacementClassAdapter - Adding mock interface to class com/fasterxml/jackson/databind/cfg/SerializerFactoryConfig
[main] INFO org.evosuite.runtime.instrumentation.CreateClassResetClassAdapter - Found static initializer in class com/fasterxml/jackson/databind/cfg/SerializerFactoryConfig
[main] INFO org.evosuite.runtime.instrumentation.EvoClassLoader - Keeping class: com.fasterxml.jackson.databind.cfg.SerializerFactoryConfig
[main] INFO org.evosuite.runtime.instrumentation.EvoClassLoader - Seeing class for first time: com.fasterxml.jackson.databind.ser.Serializers
[main] INFO org.evosuite.runtime.instrumentation.EvoClassLoader - Instrumenting class 'com.fasterxml.jackson.databind.ser.Serializers'.
[main] INFO org.evosuite.runtime.instrumentation.EvoClassLoader - Keeping class: com.fasterxml.jackson.databind.ser.Serializers
[main] INFO org.evosuite.runtime.instrumentation.EvoClassLoader - Seeing class for first time: com.fasterxml.jackson.databind.ser.BeanSerializerModifier
[main] INFO org.evosuite.runtime.instrumentation.EvoClassLoader - Instrumenting class 'com.fasterxml.jackson.databind.ser.BeanSerializerModifier'.
[main] INFO org.evosuite.runtime.instrumentation.MethodCallReplacementClassAdapter - Adding mock interface to class com/fasterxml/jackson/databind/ser/BeanSerializerModifier
[main] INFO org.evosuite.runtime.instrumentation.CreateClassResetClassAdapter - Creating brand-new static initializer in class com/fasterxml/jackson/databind/ser/BeanSerializerModifier
[main] INFO org.evosuite.runtime.instrumentation.EvoClassLoader - Keeping class: com.fasterxml.jackson.databind.ser.BeanSerializerModifier
[main] INFO org.evosuite.runtime.instrumentation.EvoClassLoader - Seeing class for first time: org.apache.avro.util.internal.ThreadLocalWithInitial
[main] INFO org.evosuite.runtime.instrumentation.EvoClassLoader - Instrumenting class 'org.apache.avro.util.internal.ThreadLocalWithInitial'.
[main] INFO org.evosuite.runtime.instrumentation.MethodCallReplacementClassAdapter - Adding mock interface to class org/apache/avro/util/internal/ThreadLocalWithInitial
[main] INFO org.evosuite.runtime.instrumentation.CreateClassResetClassAdapter - Creating brand-new static initializer in class org/apache/avro/util/internal/ThreadLocalWithInitial
[main] INFO org.evosuite.runtime.instrumentation.EvoClassLoader - Keeping class: org.apache.avro.util.internal.ThreadLocalWithInitial
[main] INFO org.evosuite.runtime.instrumentation.EvoClassLoader - Seeing class for first time: org.apache.avro.Schema$Parser
[main] INFO org.evosuite.runtime.instrumentation.EvoClassLoader - Instrumenting class 'org.apache.avro.Schema$Parser'.
[main] INFO org.evosuite.runtime.instrumentation.MethodCallReplacementClassAdapter - Adding mock interface to class org/apache/avro/Schema$Parser
[main] INFO org.evosuite.runtime.instrumentation.CreateClassResetClassAdapter - Creating brand-new static initializer in class org/apache/avro/Schema$Parser
[main] INFO org.evosuite.runtime.instrumentation.EvoClassLoader - Keeping class: org.apache.avro.Schema$Parser
[main] INFO org.evosuite.runtime.instrumentation.EvoClassLoader - Seeing class for first time: com.fasterxml.jackson.databind.ObjectWriter
[main] INFO org.evosuite.runtime.instrumentation.EvoClassLoader - Instrumenting class 'com.fasterxml.jackson.databind.ObjectWriter'.
[main] INFO org.evosuite.runtime.instrumentation.MethodCallReplacementClassAdapter - Adding mock interface to class com/fasterxml/jackson/databind/ObjectWriter
[main] INFO org.evosuite.runtime.instrumentation.CreateClassResetClassAdapter - Found static initializer in class com/fasterxml/jackson/databind/ObjectWriter
[main] INFO org.evosuite.runtime.instrumentation.EvoClassLoader - Keeping class: com.fasterxml.jackson.databind.ObjectWriter
[main] INFO org.evosuite.runtime.instrumentation.EvoClassLoader - Seeing class for first time: com.fasterxml.jackson.core.util.MinimalPrettyPrinter
[main] INFO org.evosuite.runtime.instrumentation.EvoClassLoader - Instrumenting class 'com.fasterxml.jackson.core.util.MinimalPrettyPrinter'.
[main] INFO org.evosuite.runtime.instrumentation.MethodCallReplacementClassAdapter - Adding mock interface to class com/fasterxml/jackson/core/util/MinimalPrettyPrinter
[main] INFO org.evosuite.runtime.instrumentation.CreateClassResetClassAdapter - Creating brand-new static initializer in class com/fasterxml/jackson/core/util/MinimalPrettyPrinter
[main] INFO org.evosuite.runtime.instrumentation.EvoClassLoader - Keeping class: com.fasterxml.jackson.core.util.MinimalPrettyPrinter
[main] INFO org.evosuite.runtime.instrumentation.EvoClassLoader - Seeing class for first time: com.fasterxml.jackson.core.util.BufferRecyclers
[main] INFO org.evosuite.runtime.instrumentation.EvoClassLoader - Instrumenting class 'com.fasterxml.jackson.core.util.BufferRecyclers'.
[main] INFO org.evosuite.runtime.instrumentation.MethodCallReplacementClassAdapter - Adding mock interface to class com/fasterxml/jackson/core/util/BufferRecyclers
[main] INFO org.evosuite.runtime.instrumentation.CreateClassResetClassAdapter - Found static initializer in class com/fasterxml/jackson/core/util/BufferRecyclers
[main] INFO org.evosuite.runtime.instrumentation.EvoClassLoader - Keeping class: com.fasterxml.jackson.core.util.BufferRecyclers
[main] INFO org.evosuite.runtime.instrumentation.EvoClassLoader - Seeing class for first time: org.apache.avro.path.PathTracingException
[main] INFO org.evosuite.runtime.instrumentation.EvoClassLoader - Instrumenting class 'org.apache.avro.path.PathTracingException'.
[main] INFO org.evosuite.runtime.instrumentation.EvoClassLoader - Defined package (3): package org.apache.avro.path, 1446610059
[main] INFO org.evosuite.runtime.instrumentation.EvoClassLoader - Keeping class: org.apache.avro.path.PathTracingException
[main] INFO org.evosuite.runtime.instrumentation.EvoClassLoader - Seeing class for first time: com.fasterxml.jackson.core.io.JsonEOFException
[main] INFO org.evosuite.runtime.instrumentation.EvoClassLoader - Instrumenting class 'com.fasterxml.jackson.core.io.JsonEOFException'.
[main] INFO org.evosuite.runtime.instrumentation.MethodCallReplacementClassAdapter - Adding mock interface to class com/fasterxml/jackson/core/io/JsonEOFException
[main] INFO org.evosuite.runtime.instrumentation.CreateClassResetClassAdapter - Creating brand-new static initializer in class com/fasterxml/jackson/core/io/JsonEOFException
[main] INFO org.evosuite.runtime.instrumentation.EvoClassLoader - Keeping class: com.fasterxml.jackson.core.io.JsonEOFException
[main] INFO org.evosuite.runtime.instrumentation.EvoClassLoader - Seeing class for first time: com.fasterxml.jackson.core.JsonStreamContext
[main] INFO org.evosuite.runtime.instrumentation.EvoClassLoader - Instrumenting class 'com.fasterxml.jackson.core.JsonStreamContext'.
[main] INFO org.evosuite.runtime.instrumentation.MethodCallReplacementClassAdapter - Adding mock interface to class com/fasterxml/jackson/core/JsonStreamContext
[main] INFO org.evosuite.runtime.instrumentation.CreateClassResetClassAdapter - Creating brand-new static initializer in class com/fasterxml/jackson/core/JsonStreamContext
[main] INFO org.evosuite.runtime.instrumentation.CreateClassResetClassAdapter - Adding bytecode for initializing field TYPE_ROOT
[main] INFO org.evosuite.runtime.instrumentation.CreateClassResetClassAdapter - Adding bytecode for initializing field TYPE_ARRAY
[main] INFO org.evosuite.runtime.instrumentation.CreateClassResetClassAdapter - Adding bytecode for initializing field TYPE_OBJECT
[main] INFO org.evosuite.runtime.instrumentation.EvoClassLoader - Keeping class: com.fasterxml.jackson.core.JsonStreamContext
[main] INFO org.evosuite.runtime.instrumentation.EvoClassLoader - Seeing class for first time: com.fasterxml.jackson.core.json.JsonReadContext
[main] INFO org.evosuite.runtime.instrumentation.EvoClassLoader - Instrumenting class 'com.fasterxml.jackson.core.json.JsonReadContext'.
[main] INFO org.evosuite.runtime.instrumentation.MethodCallReplacementClassAdapter - Adding mock interface to class com/fasterxml/jackson/core/json/JsonReadContext
[main] INFO org.evosuite.runtime.instrumentation.CreateClassResetClassAdapter - Creating brand-new static initializer in class com/fasterxml/jackson/core/json/JsonReadContext
[main] INFO org.evosuite.runtime.instrumentation.EvoClassLoader - Keeping class: com.fasterxml.jackson.core.json.JsonReadContext
[main] INFO org.evosuite.runtime.instrumentation.EvoClassLoader - Seeing class for first time: com.fasterxml.jackson.core.StreamReadCapability
[main] INFO org.evosuite.runtime.instrumentation.EvoClassLoader - Instrumenting class 'com.fasterxml.jackson.core.StreamReadCapability'.
[main] INFO org.evosuite.runtime.instrumentation.MethodCallReplacementClassAdapter - Adding mock interface to class com/fasterxml/jackson/core/StreamReadCapability
[main] INFO org.evosuite.runtime.instrumentation.CreateClassResetClassAdapter - Found static initializer in class com/fasterxml/jackson/core/StreamReadCapability
[main] INFO org.evosuite.runtime.instrumentation.EvoClassLoader - Keeping class: com.fasterxml.jackson.core.StreamReadCapability
[main] INFO org.evosuite.runtime.instrumentation.EvoClassLoader - Seeing class for first time: com.fasterxml.jackson.core.util.JacksonFeatureSet
[main] INFO org.evosuite.runtime.instrumentation.EvoClassLoader - Instrumenting class 'com.fasterxml.jackson.core.util.JacksonFeatureSet'.
[main] INFO org.evosuite.runtime.instrumentation.MethodCallReplacementClassAdapter - Adding mock interface to class com/fasterxml/jackson/core/util/JacksonFeatureSet
[main] INFO org.evosuite.runtime.instrumentation.CreateClassResetClassAdapter - Creating brand-new static initializer in class com/fasterxml/jackson/core/util/JacksonFeatureSet
[main] INFO org.evosuite.runtime.instrumentation.EvoClassLoader - Keeping class: com.fasterxml.jackson.core.util.JacksonFeatureSet
[main] INFO org.evosuite.runtime.instrumentation.EvoClassLoader - Seeing class for first time: org.apache.avro.file.DataFileStream$DataBlock
[main] INFO org.evosuite.runtime.instrumentation.EvoClassLoader - Instrumenting class 'org.apache.avro.file.DataFileStream$DataBlock'.
[main] INFO org.evosuite.runtime.instrumentation.MethodCallReplacementClassAdapter - Adding mock interface to class org/apache/avro/file/DataFileStream$DataBlock
[main] INFO org.evosuite.runtime.instrumentation.CreateClassResetClassAdapter - Creating brand-new static initializer in class org/apache/avro/file/DataFileStream$DataBlock
[main] INFO org.evosuite.runtime.instrumentation.EvoClassLoader - Keeping class: org.apache.avro.file.DataFileStream$DataBlock
[main] INFO org.evosuite.runtime.instrumentation.EvoClassLoader - Seeing class for first time: org.apache.avro.file.SnappyCodec$Option
[main] INFO org.evosuite.runtime.instrumentation.EvoClassLoader - Instrumenting class 'org.apache.avro.file.SnappyCodec$Option'.
[main] INFO org.evosuite.runtime.instrumentation.MethodCallReplacementClassAdapter - Adding mock interface to class org/apache/avro/file/SnappyCodec$Option
[main] INFO org.evosuite.runtime.instrumentation.CreateClassResetClassAdapter - Found static initializer in class org/apache/avro/file/SnappyCodec$Option
[main] INFO org.evosuite.runtime.instrumentation.EvoClassLoader - Keeping class: org.apache.avro.file.SnappyCodec$Option
[main] INFO org.evosuite.runtime.instrumentation.EvoClassLoader - Seeing class for first time: org.apache.avro.file.DeflateCodec$Option
[main] INFO org.evosuite.runtime.instrumentation.EvoClassLoader - Instrumenting class 'org.apache.avro.file.DeflateCodec$Option'.
[main] INFO org.evosuite.runtime.instrumentation.MethodCallReplacementClassAdapter - Adding mock interface to class org/apache/avro/file/DeflateCodec$Option
[main] INFO org.evosuite.runtime.instrumentation.CreateClassResetClassAdapter - Creating brand-new static initializer in class org/apache/avro/file/DeflateCodec$Option
[main] INFO org.evosuite.runtime.instrumentation.EvoClassLoader - Keeping class: org.apache.avro.file.DeflateCodec$Option
[main] INFO org.evosuite.runtime.instrumentation.EvoClassLoader - Seeing class for first time: org.apache.avro.file.BZip2Codec$Option
[main] INFO org.evosuite.runtime.instrumentation.EvoClassLoader - Instrumenting class 'org.apache.avro.file.BZip2Codec$Option'.
[main] INFO org.evosuite.runtime.instrumentation.MethodCallReplacementClassAdapter - Adding mock interface to class org/apache/avro/file/BZip2Codec$Option
[main] INFO org.evosuite.runtime.instrumentation.CreateClassResetClassAdapter - Creating brand-new static initializer in class org/apache/avro/file/BZip2Codec$Option
[main] INFO org.evosuite.runtime.instrumentation.EvoClassLoader - Keeping class: org.apache.avro.file.BZip2Codec$Option
[main] INFO org.evosuite.runtime.instrumentation.EvoClassLoader - Seeing class for first time: org.apache.avro.file.Codec
[main] INFO org.evosuite.runtime.instrumentation.EvoClassLoader - Instrumenting class 'org.apache.avro.file.Codec'.
[main] INFO org.evosuite.runtime.instrumentation.MethodCallReplacementClassAdapter - Adding mock interface to class org/apache/avro/file/Codec
[main] INFO org.evosuite.runtime.instrumentation.CreateClassResetClassAdapter - Creating brand-new static initializer in class org/apache/avro/file/Codec
[main] INFO org.evosuite.runtime.instrumentation.EvoClassLoader - Keeping class: org.apache.avro.file.Codec
[main] INFO org.evosuite.runtime.instrumentation.EvoClassLoader - Seeing class for first time: org.apache.avro.file.XZCodec
[main] INFO org.evosuite.runtime.instrumentation.EvoClassLoader - Instrumenting class 'org.apache.avro.file.XZCodec'.
[main] INFO org.evosuite.runtime.instrumentation.MethodCallReplacementClassAdapter - Adding mock interface to class org/apache/avro/file/XZCodec
[main] INFO org.evosuite.runtime.instrumentation.CreateClassResetClassAdapter - Creating brand-new static initializer in class org/apache/avro/file/XZCodec
[main] INFO org.evosuite.runtime.instrumentation.CreateClassResetClassAdapter - Adding bytecode for initializing field DEFAULT_COMPRESSION
[main] INFO org.evosuite.runtime.instrumentation.CreateClassResetClassAdapter - Adding bytecode for initializing field DEFAULT_BUFFER_SIZE
[main] INFO org.evosuite.runtime.instrumentation.EvoClassLoader - Keeping class: org.apache.avro.file.XZCodec
[main] INFO org.evosuite.runtime.instrumentation.EvoClassLoader - Seeing class for first time: org.apache.avro.file.NullCodec
[main] INFO org.evosuite.runtime.instrumentation.EvoClassLoader - Instrumenting class 'org.apache.avro.file.NullCodec'.
[main] INFO org.evosuite.runtime.instrumentation.MethodCallReplacementClassAdapter - Adding mock interface to class org/apache/avro/file/NullCodec
[main] INFO org.evosuite.runtime.instrumentation.CreateClassResetClassAdapter - Found static initializer in class org/apache/avro/file/NullCodec
[main] INFO org.evosuite.runtime.instrumentation.EvoClassLoader - Keeping class: org.apache.avro.file.NullCodec
[main] INFO org.evosuite.runtime.instrumentation.EvoClassLoader - Seeing class for first time: org.apache.avro.file.NullCodec$Option
[main] INFO org.evosuite.runtime.instrumentation.EvoClassLoader - Instrumenting class 'org.apache.avro.file.NullCodec$Option'.
[main] INFO org.evosuite.runtime.instrumentation.MethodCallReplacementClassAdapter - Adding mock interface to class org/apache/avro/file/NullCodec$Option
[main] INFO org.evosuite.runtime.instrumentation.CreateClassResetClassAdapter - Creating brand-new static initializer in class org/apache/avro/file/NullCodec$Option
[main] INFO org.evosuite.runtime.instrumentation.EvoClassLoader - Keeping class: org.apache.avro.file.NullCodec$Option
[main] INFO org.evosuite.runtime.instrumentation.EvoClassLoader - Seeing class for first time: org.apache.avro.file.DeflateCodec
[main] INFO org.evosuite.runtime.instrumentation.EvoClassLoader - Instrumenting class 'org.apache.avro.file.DeflateCodec'.
[main] INFO org.evosuite.runtime.instrumentation.MethodCallReplacementClassAdapter - Adding mock interface to class org/apache/avro/file/DeflateCodec
[main] INFO org.evosuite.runtime.instrumentation.CreateClassResetClassAdapter - Creating brand-new static initializer in class org/apache/avro/file/DeflateCodec
[main] INFO org.evosuite.runtime.instrumentation.CreateClassResetClassAdapter - Adding bytecode for initializing field DEFAULT_BUFFER_SIZE
[main] INFO org.evosuite.runtime.instrumentation.EvoClassLoader - Keeping class: org.apache.avro.file.DeflateCodec
[main] INFO org.evosuite.runtime.instrumentation.EvoClassLoader - Seeing class for first time: org.apache.avro.file.BZip2Codec
[main] INFO org.evosuite.runtime.instrumentation.EvoClassLoader - Instrumenting class 'org.apache.avro.file.BZip2Codec'.
[main] INFO org.evosuite.runtime.instrumentation.MethodCallReplacementClassAdapter - Adding mock interface to class org/apache/avro/file/BZip2Codec
[main] INFO org.evosuite.runtime.instrumentation.CreateClassResetClassAdapter - Creating brand-new static initializer in class org/apache/avro/file/BZip2Codec
[main] INFO org.evosuite.runtime.instrumentation.CreateClassResetClassAdapter - Adding bytecode for initializing field DEFAULT_BUFFER_SIZE
[main] INFO org.evosuite.runtime.instrumentation.EvoClassLoader - Keeping class: org.apache.avro.file.BZip2Codec
[main] INFO org.evosuite.runtime.instrumentation.EvoClassLoader - Seeing class for first time: org.apache.avro.file.ZstandardCodec
[main] INFO org.evosuite.runtime.instrumentation.EvoClassLoader - Instrumenting class 'org.apache.avro.file.ZstandardCodec'.
[main] INFO org.evosuite.runtime.instrumentation.MethodCallReplacementClassAdapter - Adding mock interface to class org/apache/avro/file/ZstandardCodec
[main] INFO org.evosuite.runtime.instrumentation.CreateClassResetClassAdapter - Creating brand-new static initializer in class org/apache/avro/file/ZstandardCodec
[main] INFO org.evosuite.runtime.instrumentation.CreateClassResetClassAdapter - Adding bytecode for initializing field DEFAULT_COMPRESSION
[main] INFO org.evosuite.runtime.instrumentation.CreateClassResetClassAdapter - Adding bytecode for initializing field DEFAULT_USE_BUFFERPOOL
[main] INFO org.evosuite.runtime.instrumentation.CreateClassResetClassAdapter - Adding bytecode for initializing field DEFAULT_BUFFER_SIZE
[main] INFO org.evosuite.runtime.instrumentation.EvoClassLoader - Keeping class: org.apache.avro.file.ZstandardCodec
[main] INFO org.evosuite.runtime.instrumentation.EvoClassLoader - Seeing class for first time: org.apache.avro.file.SnappyCodec
[main] INFO org.evosuite.runtime.instrumentation.EvoClassLoader - Instrumenting class 'org.apache.avro.file.SnappyCodec'.
[main] INFO org.evosuite.runtime.instrumentation.MethodCallReplacementClassAdapter - Adding mock interface to class org/apache/avro/file/SnappyCodec
[main] INFO org.evosuite.runtime.instrumentation.CreateClassResetClassAdapter - Creating brand-new static initializer in class org/apache/avro/file/SnappyCodec
[main] INFO org.evosuite.runtime.instrumentation.EvoClassLoader - Keeping class: org.apache.avro.file.SnappyCodec
[main] INFO org.evosuite.runtime.instrumentation.EvoClassLoader - Seeing class for first time: org.xerial.snappy.Snappy
[main] INFO org.evosuite.runtime.instrumentation.EvoClassLoader - Instrumenting class 'org.xerial.snappy.Snappy'.
[main] INFO org.evosuite.runtime.instrumentation.MethodCallReplacementClassAdapter - Adding mock interface to class org/xerial/snappy/Snappy
[main] INFO org.evosuite.runtime.instrumentation.CreateClassResetClassAdapter - Found static initializer in class org/xerial/snappy/Snappy
[main] INFO org.evosuite.runtime.instrumentation.EvoClassLoader - Defined package (3): package org.xerial.snappy, -855954552
[main] INFO org.evosuite.runtime.instrumentation.EvoClassLoader - Keeping class: org.xerial.snappy.Snappy
[main] INFO org.evosuite.runtime.instrumentation.EvoClassLoader - Seeing class for first time: org.xerial.snappy.SnappyError
[main] INFO org.evosuite.runtime.instrumentation.EvoClassLoader - Instrumenting class 'org.xerial.snappy.SnappyError'.
[main] INFO org.evosuite.runtime.instrumentation.MethodCallReplacementClassAdapter - Adding mock interface to class org/xerial/snappy/SnappyError
[main] INFO org.evosuite.runtime.instrumentation.CreateClassResetClassAdapter - Creating brand-new static initializer in class org/xerial/snappy/SnappyError
[main] INFO org.evosuite.runtime.instrumentation.EvoClassLoader - Keeping class: org.xerial.snappy.SnappyError
[main] INFO org.evosuite.runtime.instrumentation.EvoClassLoader - Seeing class for first time: org.xerial.snappy.SnappyLoader
[main] INFO org.evosuite.runtime.instrumentation.EvoClassLoader - Instrumenting class 'org.xerial.snappy.SnappyLoader'.
[main] INFO org.evosuite.runtime.instrumentation.MethodCallReplacementClassAdapter - Adding mock interface to class org/xerial/snappy/SnappyLoader
[main] INFO org.evosuite.runtime.instrumentation.CreateClassResetClassAdapter - Found static initializer in class org/xerial/snappy/SnappyLoader
[main] INFO org.evosuite.runtime.instrumentation.EvoClassLoader - Keeping class: org.xerial.snappy.SnappyLoader
[main] INFO org.evosuite.runtime.instrumentation.EvoClassLoader - Seeing class for first time: org.xerial.snappy.SnappyApi
[main] INFO org.evosuite.runtime.instrumentation.EvoClassLoader - Instrumenting class 'org.xerial.snappy.SnappyApi'.
[main] INFO org.evosuite.runtime.instrumentation.EvoClassLoader - Keeping class: org.xerial.snappy.SnappyApi
[main] INFO org.evosuite.runtime.instrumentation.EvoClassLoader - Seeing class for first time: org.xerial.snappy.OSInfo
[main] INFO org.evosuite.runtime.instrumentation.EvoClassLoader - Instrumenting class 'org.xerial.snappy.OSInfo'.
[main] INFO org.evosuite.runtime.instrumentation.MethodCallReplacementClassAdapter - Adding mock interface to class org/xerial/snappy/OSInfo
[main] INFO org.evosuite.runtime.instrumentation.CreateClassResetClassAdapter - Found static initializer in class org/xerial/snappy/OSInfo
[main] INFO org.evosuite.runtime.instrumentation.EvoClassLoader - Keeping class: org.xerial.snappy.OSInfo
java.lang.SecurityException: Security manager blocks ("java.lang.RuntimePermission" "loadLibrary./tmp/snappy-1.1.8-00000000-0100-4000-8200-000003000000-libsnappyjava.so")
java.lang.Thread.getStackTrace(Thread.java:1564)
org.evosuite.runtime.sandbox.MSecurityManager.checkPermission(MSecurityManager.java:424)
java.lang.SecurityManager.checkLink(SecurityManager.java:835)
java.lang.Runtime.load0(Runtime.java:776)
java.lang.System.load(System.java:1100)
org.xerial.snappy.SnappyLoader.loadNativeLibrary(SnappyLoader.java:198)
org.xerial.snappy.SnappyLoader.loadSnappyApi(SnappyLoader.java:167)
org.xerial.snappy.Snappy.init(Snappy.java:69)
org.xerial.snappy.Snappy.<clinit>(Snappy.java)
org.apache.avro.file.SnappyCodec$Option.<clinit>(SnappyCodec.java)
org.apache.avro.file.CodecFactory.snappyCodec(CodecFactory.java:69)
org.apache.avro.file.CodecFactory.<clinit>(CodecFactory.java)
java.lang.Class.forName0(Native Method)
java.lang.Class.forName(Class.java:348)
org.evosuite.runtime.classhandling.ClassStateSupport.loadClasses(ClassStateSupport.java:163)
org.evosuite.runtime.classhandling.ClassStateSupport.initializeClasses(ClassStateSupport.java:64)
org.apache.avro.file.DataFileWriter_ESTest_scaffolding.initializeClasses(DataFileWriter_ESTest_scaffolding.java:82)
org.apache.avro.file.DataFileWriter_ESTest_scaffolding.initEvoSuiteFramework(DataFileWriter_ESTest_scaffolding.java:40)
sun.reflect.NativeMethodAccessorImpl.invoke0(Native Method)
sun.reflect.NativeMethodAccessorImpl.invoke(NativeMethodAccessorImpl.java:62)
sun.reflect.DelegatingMethodAccessorImpl.invoke(DelegatingMethodAccessorImpl.java:43)
java.lang.reflect.Method.invoke(Method.java:498)
org.junit.runners.model.FrameworkMethod$1.runReflectiveCall(FrameworkMethod.java:59)
org.junit.internal.runners.model.ReflectiveCallable.run(ReflectiveCallable.java:12)
org.junit.runners.model.FrameworkMethod.invokeExplosively(FrameworkMethod.java:56)
org.junit.internal.runners.statements.RunBefores.invokeMethod(RunBefores.java:33)
org.junit.internal.runners.statements.RunBefores.evaluate(RunBefores.java:24)
org.junit.internal.runners.statements.RunAfters.evaluate(RunAfters.java:27)
org.junit.runners.ParentRunner$3.evaluate(ParentRunner.java:306)
org.junit.runners.ParentRunner.run(ParentRunner.java:413)
org.apache.maven.surefire.junit4.JUnit4Provider.execute(JUnit4Provider.java:316)
org.apache.maven.surefire.junit4.JUnit4Provider.executeWithRerun(JUnit4Provider.java:240)
org.apache.maven.surefire.junit4.JUnit4Provider.executeTestSet(JUnit4Provider.java:214)
org.apache.maven.surefire.junit4.JUnit4Provider.invoke(JUnit4Provider.java:155)
org.apache.maven.surefire.booter.ForkedBooter.runSuitesInProcess(ForkedBooter.java:385)
org.apache.maven.surefire.booter.ForkedBooter.execute(ForkedBooter.java:162)
org.apache.maven.surefire.booter.ForkedBooter.run(ForkedBooter.java:507)
org.apache.maven.surefire.booter.ForkedBooter.main(ForkedBooter.java:495)

	at org.evosuite.runtime.sandbox.MSecurityManager.checkPermission(MSecurityManager.java:436)
	at java.lang.SecurityManager.checkLink(SecurityManager.java:835)
	at java.lang.Runtime.load0(Runtime.java:776)
	at java.lang.System.load(System.java:1100)
	at org.xerial.snappy.SnappyLoader.loadNativeLibrary(SnappyLoader.java:198)
	at org.xerial.snappy.SnappyLoader.loadSnappyApi(SnappyLoader.java:167)
	at org.xerial.snappy.Snappy.init(Snappy.java:69)
	at org.xerial.snappy.Snappy.<clinit>(Snappy.java)
	at org.apache.avro.file.SnappyCodec$Option.<clinit>(SnappyCodec.java)
	at org.apache.avro.file.CodecFactory.snappyCodec(CodecFactory.java:69)
	at org.apache.avro.file.CodecFactory.<clinit>(CodecFactory.java)
	at java.lang.Class.forName0(Native Method)
	at java.lang.Class.forName(Class.java:348)
	at org.evosuite.runtime.classhandling.ClassStateSupport.loadClasses(ClassStateSupport.java:163)
	at org.evosuite.runtime.classhandling.ClassStateSupport.initializeClasses(ClassStateSupport.java:64)
	at org.apache.avro.file.DataFileWriter_ESTest_scaffolding.initializeClasses(DataFileWriter_ESTest_scaffolding.java:82)
	at org.apache.avro.file.DataFileWriter_ESTest_scaffolding.initEvoSuiteFramework(DataFileWriter_ESTest_scaffolding.java:40)
	at sun.reflect.NativeMethodAccessorImpl.invoke0(Native Method)
	at sun.reflect.NativeMethodAccessorImpl.invoke(NativeMethodAccessorImpl.java:62)
	at sun.reflect.DelegatingMethodAccessorImpl.invoke(DelegatingMethodAccessorImpl.java:43)
	at java.lang.reflect.Method.invoke(Method.java:498)
	at org.junit.runners.model.FrameworkMethod$1.runReflectiveCall(FrameworkMethod.java:59)
	at org.junit.internal.runners.model.ReflectiveCallable.run(ReflectiveCallable.java:12)
	at org.junit.runners.model.FrameworkMethod.invokeExplosively(FrameworkMethod.java:56)
	at org.junit.internal.runners.statements.RunBefores.invokeMethod(RunBefores.java:33)
	at org.junit.internal.runners.statements.RunBefores.evaluate(RunBefores.java:24)
	at org.junit.internal.runners.statements.RunAfters.evaluate(RunAfters.java:27)
	at org.junit.runners.ParentRunner$3.evaluate(ParentRunner.java:306)
	at org.junit.runners.ParentRunner.run(ParentRunner.java:413)
	at org.apache.maven.surefire.junit4.JUnit4Provider.execute(JUnit4Provider.java:316)
	at org.apache.maven.surefire.junit4.JUnit4Provider.executeWithRerun(JUnit4Provider.java:240)
	at org.apache.maven.surefire.junit4.JUnit4Provider.executeTestSet(JUnit4Provider.java:214)
	at org.apache.maven.surefire.junit4.JUnit4Provider.invoke(JUnit4Provider.java:155)
	at org.apache.maven.surefire.booter.ForkedBooter.runSuitesInProcess(ForkedBooter.java:385)
	at org.apache.maven.surefire.booter.ForkedBooter.execute(ForkedBooter.java:162)
	at org.apache.maven.surefire.booter.ForkedBooter.run(ForkedBooter.java:507)
	at org.apache.maven.surefire.booter.ForkedBooter.main(ForkedBooter.java:495)
[main] INFO org.evosuite.runtime.instrumentation.EvoClassLoader - Seeing class for first time: org.xerial.snappy.SnappyErrorCode
[main] INFO org.evosuite.runtime.instrumentation.EvoClassLoader - Instrumenting class 'org.xerial.snappy.SnappyErrorCode'.
[main] INFO org.evosuite.runtime.instrumentation.MethodCallReplacementClassAdapter - Adding mock interface to class org/xerial/snappy/SnappyErrorCode
[main] INFO org.evosuite.runtime.instrumentation.CreateClassResetClassAdapter - Found static initializer in class org/xerial/snappy/SnappyErrorCode
[main] INFO org.evosuite.runtime.instrumentation.EvoClassLoader - Keeping class: org.xerial.snappy.SnappyErrorCode
[main] INFO org.evosuite.runtime.instrumentation.EvoClassLoader - Seeing class for first time: org.xerial.snappy.pure.PureJavaSnappy
[main] INFO org.evosuite.runtime.instrumentation.EvoClassLoader - Instrumenting class 'org.xerial.snappy.pure.PureJavaSnappy'.
[main] INFO org.evosuite.runtime.instrumentation.MethodCallReplacementClassAdapter - Adding mock interface to class org/xerial/snappy/pure/PureJavaSnappy
[main] INFO org.evosuite.runtime.instrumentation.CreateClassResetClassAdapter - Found static initializer in class org/xerial/snappy/pure/PureJavaSnappy
[main] INFO org.evosuite.runtime.instrumentation.EvoClassLoader - Defined package (3): package org.xerial.snappy.pure, 1662497182
[main] INFO org.evosuite.runtime.instrumentation.EvoClassLoader - Keeping class: org.xerial.snappy.pure.PureJavaSnappy
[main] INFO org.evosuite.runtime.instrumentation.EvoClassLoader - Seeing class for first time: org.apache.avro.io.DatumReader
[main] INFO org.evosuite.runtime.instrumentation.EvoClassLoader - Instrumenting class 'org.apache.avro.io.DatumReader'.
[main] INFO org.evosuite.runtime.instrumentation.EvoClassLoader - Keeping class: org.apache.avro.io.DatumReader
[main] INFO org.evosuite.runtime.instrumentation.EvoClassLoader - Seeing class for first time: org.apache.avro.UnresolvedUnionException
[main] INFO org.evosuite.runtime.instrumentation.EvoClassLoader - Instrumenting class 'org.apache.avro.UnresolvedUnionException'.
[main] INFO org.evosuite.runtime.instrumentation.MethodCallReplacementClassAdapter - Adding mock interface to class org/apache/avro/UnresolvedUnionException
[main] INFO org.evosuite.runtime.instrumentation.CreateClassResetClassAdapter - Creating brand-new static initializer in class org/apache/avro/UnresolvedUnionException
[main] INFO org.evosuite.runtime.instrumentation.EvoClassLoader - Keeping class: org.apache.avro.UnresolvedUnionException
[main] INFO org.evosuite.runtime.instrumentation.EvoClassLoader - Seeing class for first time: org.apache.avro.AvroMissingFieldException
[main] INFO org.evosuite.runtime.instrumentation.EvoClassLoader - Instrumenting class 'org.apache.avro.AvroMissingFieldException'.
[main] INFO org.evosuite.runtime.instrumentation.MethodCallReplacementClassAdapter - Adding mock interface to class org/apache/avro/AvroMissingFieldException
[main] INFO org.evosuite.runtime.instrumentation.CreateClassResetClassAdapter - Creating brand-new static initializer in class org/apache/avro/AvroMissingFieldException
[main] INFO org.evosuite.runtime.instrumentation.EvoClassLoader - Keeping class: org.apache.avro.AvroMissingFieldException
[main] INFO org.evosuite.runtime.instrumentation.EvoClassLoader - Seeing class for first time: org.apache.avro.io.Encoder
[main] INFO org.evosuite.runtime.instrumentation.EvoClassLoader - Instrumenting class 'org.apache.avro.io.Encoder'.
[main] INFO org.evosuite.runtime.instrumentation.MethodCallReplacementClassAdapter - Adding mock interface to class org/apache/avro/io/Encoder
[main] INFO org.evosuite.runtime.instrumentation.CreateClassResetClassAdapter - Creating brand-new static initializer in class org/apache/avro/io/Encoder
[main] INFO org.evosuite.runtime.instrumentation.EvoClassLoader - Keeping class: org.apache.avro.io.Encoder
[main] INFO org.evosuite.runtime.instrumentation.EvoClassLoader - Seeing class for first time: org.apache.avro.io.BinaryEncoder
[main] INFO org.evosuite.runtime.instrumentation.EvoClassLoader - Instrumenting class 'org.apache.avro.io.BinaryEncoder'.
[main] INFO org.evosuite.runtime.instrumentation.MethodCallReplacementClassAdapter - Adding mock interface to class org/apache/avro/io/BinaryEncoder
[main] INFO org.evosuite.runtime.instrumentation.CreateClassResetClassAdapter - Creating brand-new static initializer in class org/apache/avro/io/BinaryEncoder
[main] INFO org.evosuite.runtime.instrumentation.EvoClassLoader - Keeping class: org.apache.avro.io.BinaryEncoder
[main] INFO org.evosuite.runtime.instrumentation.EvoClassLoader - Seeing class for first time: org.apache.avro.util.Utf8
[main] INFO org.evosuite.runtime.instrumentation.EvoClassLoader - Instrumenting class 'org.apache.avro.util.Utf8'.
[main] INFO org.evosuite.runtime.instrumentation.MethodCallReplacementClassAdapter - Adding mock interface to class org/apache/avro/util/Utf8
[main] INFO org.evosuite.runtime.instrumentation.CreateClassResetClassAdapter - Found static initializer in class org/apache/avro/util/Utf8
[main] INFO org.evosuite.runtime.instrumentation.EvoClassLoader - Defined package (3): package org.apache.avro.util, 1446776936
[main] INFO org.evosuite.runtime.instrumentation.EvoClassLoader - Keeping class: org.apache.avro.util.Utf8
[main] INFO org.evosuite.runtime.instrumentation.EvoClassLoader - Seeing class for first time: org.apache.avro.Schema$1
[main] INFO org.evosuite.runtime.instrumentation.EvoClassLoader - Instrumenting class 'org.apache.avro.Schema$1'.
[main] INFO org.evosuite.runtime.instrumentation.MethodCallReplacementClassAdapter - Adding mock interface to class org/apache/avro/Schema$1
[main] INFO org.evosuite.runtime.instrumentation.EvoClassLoader - Keeping class: org.apache.avro.Schema$1
[main] INFO org.evosuite.runtime.instrumentation.EvoClassLoader - Seeing class for first time: org.apache.avro.JsonProperties$2
[main] INFO org.evosuite.runtime.instrumentation.EvoClassLoader - Instrumenting class 'org.apache.avro.JsonProperties$2'.
[main] INFO org.evosuite.runtime.instrumentation.MethodCallReplacementClassAdapter - Adding mock interface to class org/apache/avro/JsonProperties$2
[main] INFO org.evosuite.runtime.instrumentation.EvoClassLoader - Keeping class: org.apache.avro.JsonProperties$2
[main] INFO org.evosuite.runtime.instrumentation.EvoClassLoader - Seeing class for first time: com.fasterxml.jackson.databind.introspect.AnnotationCollector$OneCollector
[main] INFO org.evosuite.runtime.instrumentation.EvoClassLoader - Instrumenting class 'com.fasterxml.jackson.databind.introspect.AnnotationCollector$OneCollector'.
[main] INFO org.evosuite.runtime.instrumentation.MethodCallReplacementClassAdapter - Adding mock interface to class com/fasterxml/jackson/databind/introspect/AnnotationCollector$OneCollector
[main] INFO org.evosuite.runtime.instrumentation.CreateClassResetClassAdapter - Creating brand-new static initializer in class com/fasterxml/jackson/databind/introspect/AnnotationCollector$OneCollector
[main] INFO org.evosuite.runtime.instrumentation.EvoClassLoader - Keeping class: com.fasterxml.jackson.databind.introspect.AnnotationCollector$OneCollector
[main] INFO org.evosuite.runtime.instrumentation.EvoClassLoader - Seeing class for first time: org.apache.avro.LogicalTypes
[main] INFO org.evosuite.runtime.instrumentation.EvoClassLoader - Instrumenting class 'org.apache.avro.LogicalTypes'.
[main] INFO org.evosuite.runtime.instrumentation.MethodCallReplacementClassAdapter - Adding mock interface to class org/apache/avro/LogicalTypes
[main] INFO org.evosuite.runtime.instrumentation.CreateClassResetClassAdapter - Found static initializer in class org/apache/avro/LogicalTypes
[main] INFO org.evosuite.runtime.instrumentation.EvoClassLoader - Keeping class: org.apache.avro.LogicalTypes
[main] INFO org.evosuite.runtime.instrumentation.EvoClassLoader - Seeing class for first time: org.apache.avro.LogicalType
[main] INFO org.evosuite.runtime.instrumentation.EvoClassLoader - Instrumenting class 'org.apache.avro.LogicalType'.
[main] INFO org.evosuite.runtime.instrumentation.MethodCallReplacementClassAdapter - Adding mock interface to class org/apache/avro/LogicalType
[main] INFO org.evosuite.runtime.instrumentation.CreateClassResetClassAdapter - Found static initializer in class org/apache/avro/LogicalType
[main] INFO org.evosuite.runtime.instrumentation.EvoClassLoader - Keeping class: org.apache.avro.LogicalType
[main] INFO org.evosuite.runtime.instrumentation.EvoClassLoader - Seeing class for first time: org.apache.avro.LogicalTypes$TimestampMillis
[main] INFO org.evosuite.runtime.instrumentation.EvoClassLoader - Instrumenting class 'org.apache.avro.LogicalTypes$TimestampMillis'.
[main] INFO org.evosuite.runtime.instrumentation.MethodCallReplacementClassAdapter - Adding mock interface to class org/apache/avro/LogicalTypes$TimestampMillis
[main] INFO org.evosuite.runtime.instrumentation.CreateClassResetClassAdapter - Creating brand-new static initializer in class org/apache/avro/LogicalTypes$TimestampMillis
[main] INFO org.evosuite.runtime.instrumentation.EvoClassLoader - Keeping class: org.apache.avro.LogicalTypes$TimestampMillis
[main] INFO org.evosuite.runtime.instrumentation.EvoClassLoader - Seeing class for first time: org.apache.avro.LogicalTypes$Decimal
[main] INFO org.evosuite.runtime.instrumentation.EvoClassLoader - Instrumenting class 'org.apache.avro.LogicalTypes$Decimal'.
[main] INFO org.evosuite.runtime.instrumentation.MethodCallReplacementClassAdapter - Adding mock interface to class org/apache/avro/LogicalTypes$Decimal
[main] INFO org.evosuite.runtime.instrumentation.CreateClassResetClassAdapter - Creating brand-new static initializer in class org/apache/avro/LogicalTypes$Decimal
[main] INFO org.evosuite.runtime.instrumentation.CreateClassResetClassAdapter - Adding bytecode for initializing field PRECISION_PROP
[main] INFO org.evosuite.runtime.instrumentation.CreateClassResetClassAdapter - Adding bytecode for initializing field SCALE_PROP
[main] INFO org.evosuite.runtime.instrumentation.EvoClassLoader - Keeping class: org.apache.avro.LogicalTypes$Decimal
[main] INFO org.evosuite.runtime.instrumentation.EvoClassLoader - Seeing class for first time: org.apache.avro.LogicalTypes$Date
[main] INFO org.evosuite.runtime.instrumentation.EvoClassLoader - Instrumenting class 'org.apache.avro.LogicalTypes$Date'.
[main] INFO org.evosuite.runtime.instrumentation.MethodCallReplacementClassAdapter - Adding mock interface to class org/apache/avro/LogicalTypes$Date
[main] INFO org.evosuite.runtime.instrumentation.CreateClassResetClassAdapter - Creating brand-new static initializer in class org/apache/avro/LogicalTypes$Date
[main] INFO org.evosuite.runtime.instrumentation.EvoClassLoader - Keeping class: org.apache.avro.LogicalTypes$Date
[main] INFO org.evosuite.runtime.instrumentation.EvoClassLoader - Seeing class for first time: org.apache.avro.LogicalTypes$TimestampMicros
[main] INFO org.evosuite.runtime.instrumentation.EvoClassLoader - Instrumenting class 'org.apache.avro.LogicalTypes$TimestampMicros'.
[main] INFO org.evosuite.runtime.instrumentation.MethodCallReplacementClassAdapter - Adding mock interface to class org/apache/avro/LogicalTypes$TimestampMicros
[main] INFO org.evosuite.runtime.instrumentation.CreateClassResetClassAdapter - Creating brand-new static initializer in class org/apache/avro/LogicalTypes$TimestampMicros
[main] INFO org.evosuite.runtime.instrumentation.EvoClassLoader - Keeping class: org.apache.avro.LogicalTypes$TimestampMicros
[main] INFO org.evosuite.runtime.instrumentation.EvoClassLoader - Seeing class for first time: org.apache.avro.LogicalTypes$TimeMillis
[main] INFO org.evosuite.runtime.instrumentation.EvoClassLoader - Instrumenting class 'org.apache.avro.LogicalTypes$TimeMillis'.
[main] INFO org.evosuite.runtime.instrumentation.MethodCallReplacementClassAdapter - Adding mock interface to class org/apache/avro/LogicalTypes$TimeMillis
[main] INFO org.evosuite.runtime.instrumentation.CreateClassResetClassAdapter - Creating brand-new static initializer in class org/apache/avro/LogicalTypes$TimeMillis
[main] INFO org.evosuite.runtime.instrumentation.EvoClassLoader - Keeping class: org.apache.avro.LogicalTypes$TimeMillis
[main] INFO org.evosuite.runtime.instrumentation.EvoClassLoader - Seeing class for first time: org.apache.avro.LogicalTypes$TimeMicros
[main] INFO org.evosuite.runtime.instrumentation.EvoClassLoader - Instrumenting class 'org.apache.avro.LogicalTypes$TimeMicros'.
[main] INFO org.evosuite.runtime.instrumentation.MethodCallReplacementClassAdapter - Adding mock interface to class org/apache/avro/LogicalTypes$TimeMicros
[main] INFO org.evosuite.runtime.instrumentation.CreateClassResetClassAdapter - Creating brand-new static initializer in class org/apache/avro/LogicalTypes$TimeMicros
[main] INFO org.evosuite.runtime.instrumentation.EvoClassLoader - Keeping class: org.apache.avro.LogicalTypes$TimeMicros
[main] INFO org.evosuite.runtime.instrumentation.EvoClassLoader - Seeing class for first time: org.apache.avro.LogicalTypes$LocalTimestampMicros
[main] INFO org.evosuite.runtime.instrumentation.EvoClassLoader - Instrumenting class 'org.apache.avro.LogicalTypes$LocalTimestampMicros'.
[main] INFO org.evosuite.runtime.instrumentation.MethodCallReplacementClassAdapter - Adding mock interface to class org/apache/avro/LogicalTypes$LocalTimestampMicros
[main] INFO org.evosuite.runtime.instrumentation.CreateClassResetClassAdapter - Creating brand-new static initializer in class org/apache/avro/LogicalTypes$LocalTimestampMicros
[main] INFO org.evosuite.runtime.instrumentation.EvoClassLoader - Keeping class: org.apache.avro.LogicalTypes$LocalTimestampMicros
[main] INFO org.evosuite.runtime.instrumentation.EvoClassLoader - Seeing class for first time: org.apache.avro.LogicalTypes$LocalTimestampMillis
[main] INFO org.evosuite.runtime.instrumentation.EvoClassLoader - Instrumenting class 'org.apache.avro.LogicalTypes$LocalTimestampMillis'.
[main] INFO org.evosuite.runtime.instrumentation.MethodCallReplacementClassAdapter - Adding mock interface to class org/apache/avro/LogicalTypes$LocalTimestampMillis
[main] INFO org.evosuite.runtime.instrumentation.CreateClassResetClassAdapter - Creating brand-new static initializer in class org/apache/avro/LogicalTypes$LocalTimestampMillis
[main] INFO org.evosuite.runtime.instrumentation.EvoClassLoader - Keeping class: org.apache.avro.LogicalTypes$LocalTimestampMillis
[main] INFO org.evosuite.runtime.instrumentation.EvoClassLoader - Seeing class for first time: org.apache.avro.LogicalTypes$LogicalTypeFactory
[main] INFO org.evosuite.runtime.instrumentation.EvoClassLoader - Instrumenting class 'org.apache.avro.LogicalTypes$LogicalTypeFactory'.
[main] INFO org.evosuite.runtime.instrumentation.EvoClassLoader - Keeping class: org.apache.avro.LogicalTypes$LogicalTypeFactory
[main] INFO org.evosuite.runtime.instrumentation.EvoClassLoader - Seeing class for first time: org.apache.avro.util.NonCopyingByteArrayOutputStream
[main] INFO org.evosuite.runtime.instrumentation.EvoClassLoader - Instrumenting class 'org.apache.avro.util.NonCopyingByteArrayOutputStream'.
[main] INFO org.evosuite.runtime.instrumentation.MethodCallReplacementClassAdapter - Adding mock interface to class org/apache/avro/util/NonCopyingByteArrayOutputStream
[main] INFO org.evosuite.runtime.instrumentation.CreateClassResetClassAdapter - Creating brand-new static initializer in class org/apache/avro/util/NonCopyingByteArrayOutputStream
[main] INFO org.evosuite.runtime.instrumentation.EvoClassLoader - Keeping class: org.apache.avro.util.NonCopyingByteArrayOutputStream
[main] INFO org.evosuite.runtime.instrumentation.EvoClassLoader - Seeing class for first time: org.apache.avro.generic.GenericContainer
[main] INFO org.evosuite.runtime.instrumentation.EvoClassLoader - Instrumenting class 'org.apache.avro.generic.GenericContainer'.
[main] INFO org.evosuite.runtime.instrumentation.EvoClassLoader - Keeping class: org.apache.avro.generic.GenericContainer
[main] INFO org.evosuite.runtime.instrumentation.EvoClassLoader - Seeing class for first time: com.fasterxml.jackson.databind.exc.IgnoredPropertyException
[main] INFO org.evosuite.runtime.instrumentation.EvoClassLoader - Instrumenting class 'com.fasterxml.jackson.databind.exc.IgnoredPropertyException'.
[main] INFO org.evosuite.runtime.instrumentation.MethodCallReplacementClassAdapter - Adding mock interface to class com/fasterxml/jackson/databind/exc/IgnoredPropertyException
[main] INFO org.evosuite.runtime.instrumentation.CreateClassResetClassAdapter - Creating brand-new static initializer in class com/fasterxml/jackson/databind/exc/IgnoredPropertyException
[main] INFO org.evosuite.runtime.instrumentation.EvoClassLoader - Keeping class: com.fasterxml.jackson.databind.exc.IgnoredPropertyException
[main] INFO org.evosuite.runtime.instrumentation.EvoClassLoader - Seeing class for first time: com.fasterxml.jackson.databind.deser.impl.ManagedReferenceProperty
[main] INFO org.evosuite.runtime.instrumentation.EvoClassLoader - Instrumenting class 'com.fasterxml.jackson.databind.deser.impl.ManagedReferenceProperty'.
[main] INFO org.evosuite.runtime.instrumentation.MethodCallReplacementClassAdapter - Adding mock interface to class com/fasterxml/jackson/databind/deser/impl/ManagedReferenceProperty
[main] INFO org.evosuite.runtime.instrumentation.CreateClassResetClassAdapter - Creating brand-new static initializer in class com/fasterxml/jackson/databind/deser/impl/ManagedReferenceProperty
[main] INFO org.evosuite.runtime.instrumentation.EvoClassLoader - Seeing class for first time: com.fasterxml.jackson.databind.deser.SettableBeanProperty$Delegating
[main] INFO org.evosuite.runtime.instrumentation.EvoClassLoader - Instrumenting class 'com.fasterxml.jackson.databind.deser.SettableBeanProperty$Delegating'.
[main] INFO org.evosuite.runtime.instrumentation.MethodCallReplacementClassAdapter - Adding mock interface to class com/fasterxml/jackson/databind/deser/SettableBeanProperty$Delegating
[main] INFO org.evosuite.runtime.instrumentation.CreateClassResetClassAdapter - Creating brand-new static initializer in class com/fasterxml/jackson/databind/deser/SettableBeanProperty$Delegating
[main] INFO org.evosuite.runtime.instrumentation.EvoClassLoader - Keeping class: com.fasterxml.jackson.databind.deser.SettableBeanProperty$Delegating
[main] INFO org.evosuite.runtime.instrumentation.EvoClassLoader - Keeping class: com.fasterxml.jackson.databind.deser.impl.ManagedReferenceProperty
[main] INFO org.evosuite.runtime.instrumentation.EvoClassLoader - Seeing class for first time: com.fasterxml.jackson.databind.deser.impl.ObjectIdReferenceProperty
[main] INFO org.evosuite.runtime.instrumentation.EvoClassLoader - Instrumenting class 'com.fasterxml.jackson.databind.deser.impl.ObjectIdReferenceProperty'.
[main] INFO org.evosuite.runtime.instrumentation.MethodCallReplacementClassAdapter - Adding mock interface to class com/fasterxml/jackson/databind/deser/impl/ObjectIdReferenceProperty
[main] INFO org.evosuite.runtime.instrumentation.CreateClassResetClassAdapter - Creating brand-new static initializer in class com/fasterxml/jackson/databind/deser/impl/ObjectIdReferenceProperty
[main] INFO org.evosuite.runtime.instrumentation.EvoClassLoader - Keeping class: com.fasterxml.jackson.databind.deser.impl.ObjectIdReferenceProperty
[main] INFO org.evosuite.runtime.instrumentation.EvoClassLoader - Seeing class for first time: com.fasterxml.jackson.databind.deser.impl.MergingSettableBeanProperty
[main] INFO org.evosuite.runtime.instrumentation.EvoClassLoader - Instrumenting class 'com.fasterxml.jackson.databind.deser.impl.MergingSettableBeanProperty'.
[main] INFO org.evosuite.runtime.instrumentation.MethodCallReplacementClassAdapter - Adding mock interface to class com/fasterxml/jackson/databind/deser/impl/MergingSettableBeanProperty
[main] INFO org.evosuite.runtime.instrumentation.CreateClassResetClassAdapter - Creating brand-new static initializer in class com/fasterxml/jackson/databind/deser/impl/MergingSettableBeanProperty
[main] INFO org.evosuite.runtime.instrumentation.EvoClassLoader - Keeping class: com.fasterxml.jackson.databind.deser.impl.MergingSettableBeanProperty
[main] INFO org.evosuite.runtime.instrumentation.EvoClassLoader - Seeing class for first time: com.fasterxml.jackson.databind.deser.impl.InnerClassProperty
[main] INFO org.evosuite.runtime.instrumentation.EvoClassLoader - Instrumenting class 'com.fasterxml.jackson.databind.deser.impl.InnerClassProperty'.
[main] INFO org.evosuite.runtime.instrumentation.MethodCallReplacementClassAdapter - Adding mock interface to class com/fasterxml/jackson/databind/deser/impl/InnerClassProperty
[main] INFO org.evosuite.runtime.instrumentation.CreateClassResetClassAdapter - Creating brand-new static initializer in class com/fasterxml/jackson/databind/deser/impl/InnerClassProperty
[main] INFO org.evosuite.runtime.instrumentation.EvoClassLoader - Keeping class: com.fasterxml.jackson.databind.deser.impl.InnerClassProperty
[main] INFO org.evosuite.runtime.instrumentation.EvoClassLoader - Seeing class for first time: com.fasterxml.jackson.databind.deser.impl.ObjectIdValueProperty
[main] INFO org.evosuite.runtime.instrumentation.EvoClassLoader - Instrumenting class 'com.fasterxml.jackson.databind.deser.impl.ObjectIdValueProperty'.
[main] INFO org.evosuite.runtime.instrumentation.MethodCallReplacementClassAdapter - Adding mock interface to class com/fasterxml/jackson/databind/deser/impl/ObjectIdValueProperty
[main] INFO org.evosuite.runtime.instrumentation.CreateClassResetClassAdapter - Creating brand-new static initializer in class com/fasterxml/jackson/databind/deser/impl/ObjectIdValueProperty
[main] INFO org.evosuite.runtime.instrumentation.EvoClassLoader - Keeping class: com.fasterxml.jackson.databind.deser.impl.ObjectIdValueProperty
[main] INFO org.evosuite.runtime.instrumentation.EvoClassLoader - Seeing class for first time: org.apache.avro.io.BinaryDecoder$BufferAccessor
[main] INFO org.evosuite.runtime.instrumentation.EvoClassLoader - Instrumenting class 'org.apache.avro.io.BinaryDecoder$BufferAccessor'.
[main] INFO org.evosuite.runtime.instrumentation.MethodCallReplacementClassAdapter - Adding mock interface to class org/apache/avro/io/BinaryDecoder$BufferAccessor
[main] INFO org.evosuite.runtime.instrumentation.CreateClassResetClassAdapter - Creating brand-new static initializer in class org/apache/avro/io/BinaryDecoder$BufferAccessor
[main] INFO org.evosuite.runtime.instrumentation.EvoClassLoader - Keeping class: org.apache.avro.io.BinaryDecoder$BufferAccessor
[main] INFO org.evosuite.runtime.instrumentation.EvoClassLoader - Seeing class for first time: org.xerial.snappy.BitShuffleNative
[main] INFO org.evosuite.runtime.instrumentation.EvoClassLoader - Instrumenting class 'org.xerial.snappy.BitShuffleNative'.
[main] INFO org.evosuite.runtime.instrumentation.MethodCallReplacementClassAdapter - Adding mock interface to class org/xerial/snappy/BitShuffleNative
[main] INFO org.evosuite.runtime.instrumentation.CreateClassResetClassAdapter - Creating brand-new static initializer in class org/xerial/snappy/BitShuffleNative
[main] INFO org.evosuite.runtime.instrumentation.EvoClassLoader - Keeping class: org.xerial.snappy.BitShuffleNative
[main] INFO org.evosuite.runtime.instrumentation.EvoClassLoader - Seeing class for first time: org.apache.avro.generic.GenericDatumReader$ReaderCache
[main] INFO org.evosuite.runtime.instrumentation.EvoClassLoader - Instrumenting class 'org.apache.avro.generic.GenericDatumReader$ReaderCache'.
[main] INFO org.evosuite.runtime.instrumentation.MethodCallReplacementClassAdapter - Adding mock interface to class org/apache/avro/generic/GenericDatumReader$ReaderCache
[main] INFO org.evosuite.runtime.instrumentation.CreateClassResetClassAdapter - Creating brand-new static initializer in class org/apache/avro/generic/GenericDatumReader$ReaderCache
[main] INFO org.evosuite.runtime.instrumentation.EvoClassLoader - Keeping class: org.apache.avro.generic.GenericDatumReader$ReaderCache
[main] INFO org.evosuite.runtime.instrumentation.EvoClassLoader - Seeing class for first time: com.fasterxml.jackson.core.filter.JsonPointerBasedFilter
[main] INFO org.evosuite.runtime.instrumentation.EvoClassLoader - Instrumenting class 'com.fasterxml.jackson.core.filter.JsonPointerBasedFilter'.
[main] INFO org.evosuite.runtime.instrumentation.MethodCallReplacementClassAdapter - Adding mock interface to class com/fasterxml/jackson/core/filter/JsonPointerBasedFilter
[main] INFO org.evosuite.runtime.instrumentation.CreateClassResetClassAdapter - Creating brand-new static initializer in class com/fasterxml/jackson/core/filter/JsonPointerBasedFilter
[main] INFO org.evosuite.runtime.instrumentation.EvoClassLoader - Defined package (3): package com.fasterxml.jackson.core.filter, 1718031455
[main] INFO org.evosuite.runtime.instrumentation.EvoClassLoader - Seeing class for first time: com.fasterxml.jackson.core.filter.TokenFilter
[main] INFO org.evosuite.runtime.instrumentation.EvoClassLoader - Instrumenting class 'com.fasterxml.jackson.core.filter.TokenFilter'.
[main] INFO org.evosuite.runtime.instrumentation.MethodCallReplacementClassAdapter - Adding mock interface to class com/fasterxml/jackson/core/filter/TokenFilter
[main] INFO org.evosuite.runtime.instrumentation.CreateClassResetClassAdapter - Found static initializer in class com/fasterxml/jackson/core/filter/TokenFilter
[main] INFO org.evosuite.runtime.instrumentation.EvoClassLoader - Keeping class: com.fasterxml.jackson.core.filter.TokenFilter
[main] INFO org.evosuite.runtime.instrumentation.EvoClassLoader - Keeping class: com.fasterxml.jackson.core.filter.JsonPointerBasedFilter
[main] INFO org.evosuite.runtime.instrumentation.EvoClassLoader - Seeing class for first time: org.apache.avro.io.ParsingDecoder
[main] INFO org.evosuite.runtime.instrumentation.EvoClassLoader - Instrumenting class 'org.apache.avro.io.ParsingDecoder'.
[main] INFO org.evosuite.runtime.instrumentation.MethodCallReplacementClassAdapter - Adding mock interface to class org/apache/avro/io/ParsingDecoder
[main] INFO org.evosuite.runtime.instrumentation.CreateClassResetClassAdapter - Creating brand-new static initializer in class org/apache/avro/io/ParsingDecoder
[main] INFO org.evosuite.runtime.instrumentation.EvoClassLoader - Seeing class for first time: org.apache.avro.io.parsing.Parser$ActionHandler
[main] INFO org.evosuite.runtime.instrumentation.EvoClassLoader - Instrumenting class 'org.apache.avro.io.parsing.Parser$ActionHandler'.
[main] INFO org.evosuite.runtime.instrumentation.EvoClassLoader - Defined package (3): package org.apache.avro.io.parsing, -798578226
[main] INFO org.evosuite.runtime.instrumentation.EvoClassLoader - Keeping class: org.apache.avro.io.parsing.Parser$ActionHandler
[main] INFO org.evosuite.runtime.instrumentation.EvoClassLoader - Seeing class for first time: org.apache.avro.io.parsing.SkipParser$SkipHandler
[main] INFO org.evosuite.runtime.instrumentation.EvoClassLoader - Instrumenting class 'org.apache.avro.io.parsing.SkipParser$SkipHandler'.
[main] INFO org.evosuite.runtime.instrumentation.EvoClassLoader - Keeping class: org.apache.avro.io.parsing.SkipParser$SkipHandler
[main] INFO org.evosuite.runtime.instrumentation.EvoClassLoader - Keeping class: org.apache.avro.io.ParsingDecoder
[main] INFO org.evosuite.runtime.instrumentation.EvoClassLoader - Seeing class for first time: org.apache.avro.path.TracingNullPointException
[main] INFO org.evosuite.runtime.instrumentation.EvoClassLoader - Instrumenting class 'org.apache.avro.path.TracingNullPointException'.
[main] INFO org.evosuite.runtime.instrumentation.MethodCallReplacementClassAdapter - Adding mock interface to class org/apache/avro/path/TracingNullPointException
[main] INFO org.evosuite.runtime.instrumentation.CreateClassResetClassAdapter - Creating brand-new static initializer in class org/apache/avro/path/TracingNullPointException
[main] INFO org.evosuite.runtime.instrumentation.EvoClassLoader - Keeping class: org.apache.avro.path.TracingNullPointException
[main] INFO org.evosuite.runtime.instrumentation.EvoClassLoader - Seeing class for first time: com.fasterxml.jackson.core.io.MergedStream
[main] INFO org.evosuite.runtime.instrumentation.EvoClassLoader - Instrumenting class 'com.fasterxml.jackson.core.io.MergedStream'.
[main] INFO org.evosuite.runtime.instrumentation.MethodCallReplacementClassAdapter - Adding mock interface to class com/fasterxml/jackson/core/io/MergedStream
[main] INFO org.evosuite.runtime.instrumentation.CreateClassResetClassAdapter - Creating brand-new static initializer in class com/fasterxml/jackson/core/io/MergedStream
[main] INFO org.evosuite.runtime.instrumentation.EvoClassLoader - Keeping class: com.fasterxml.jackson.core.io.MergedStream
[main] INFO org.evosuite.runtime.instrumentation.EvoClassLoader - Seeing class for first time: com.fasterxml.jackson.databind.deser.std.JsonNodeDeserializer$ArrayDeserializer
[main] INFO org.evosuite.runtime.instrumentation.EvoClassLoader - Instrumenting class 'com.fasterxml.jackson.databind.deser.std.JsonNodeDeserializer$ArrayDeserializer'.
[main] INFO org.evosuite.runtime.instrumentation.MethodCallReplacementClassAdapter - Adding mock interface to class com/fasterxml/jackson/databind/deser/std/JsonNodeDeserializer$ArrayDeserializer
[main] INFO org.evosuite.runtime.instrumentation.CreateClassResetClassAdapter - Found static initializer in class com/fasterxml/jackson/databind/deser/std/JsonNodeDeserializer$ArrayDeserializer
[main] INFO org.evosuite.runtime.instrumentation.EvoClassLoader - Seeing class for first time: com.fasterxml.jackson.databind.deser.std.BaseNodeDeserializer
[main] INFO org.evosuite.runtime.instrumentation.EvoClassLoader - Instrumenting class 'com.fasterxml.jackson.databind.deser.std.BaseNodeDeserializer'.
[main] INFO org.evosuite.runtime.instrumentation.MethodCallReplacementClassAdapter - Adding mock interface to class com/fasterxml/jackson/databind/deser/std/BaseNodeDeserializer
[main] INFO org.evosuite.runtime.instrumentation.CreateClassResetClassAdapter - Creating brand-new static initializer in class com/fasterxml/jackson/databind/deser/std/BaseNodeDeserializer
[main] INFO org.evosuite.runtime.instrumentation.EvoClassLoader - Keeping class: com.fasterxml.jackson.databind.deser.std.BaseNodeDeserializer
[main] INFO org.evosuite.runtime.instrumentation.EvoClassLoader - Keeping class: com.fasterxml.jackson.databind.deser.std.JsonNodeDeserializer$ArrayDeserializer
[main] INFO org.evosuite.runtime.instrumentation.EvoClassLoader - Seeing class for first time: com.fasterxml.jackson.databind.node.ArrayNode
[main] INFO org.evosuite.runtime.instrumentation.EvoClassLoader - Instrumenting class 'com.fasterxml.jackson.databind.node.ArrayNode'.
[main] INFO org.evosuite.runtime.instrumentation.MethodCallReplacementClassAdapter - Adding mock interface to class com/fasterxml/jackson/databind/node/ArrayNode
[main] INFO org.evosuite.runtime.instrumentation.CreateClassResetClassAdapter - Creating brand-new static initializer in class com/fasterxml/jackson/databind/node/ArrayNode
[main] INFO org.evosuite.runtime.instrumentation.EvoClassLoader - Keeping class: com.fasterxml.jackson.databind.node.ArrayNode
[main] INFO org.evosuite.runtime.instrumentation.EvoClassLoader - Seeing class for first time: org.apache.avro.util.MapEntry
[main] INFO org.evosuite.runtime.instrumentation.EvoClassLoader - Instrumenting class 'org.apache.avro.util.MapEntry'.
[main] INFO org.evosuite.runtime.instrumentation.MethodCallReplacementClassAdapter - Adding mock interface to class org/apache/avro/util/MapEntry
[main] INFO org.evosuite.runtime.instrumentation.CreateClassResetClassAdapter - Creating brand-new static initializer in class org/apache/avro/util/MapEntry
[main] INFO org.evosuite.runtime.instrumentation.EvoClassLoader - Keeping class: org.apache.avro.util.MapEntry
[main] INFO org.evosuite.runtime.instrumentation.EvoClassLoader - Seeing class for first time: com.fasterxml.jackson.core.util.InternCache
[main] INFO org.evosuite.runtime.instrumentation.EvoClassLoader - Instrumenting class 'com.fasterxml.jackson.core.util.InternCache'.
[main] INFO org.evosuite.runtime.instrumentation.MethodCallReplacementClassAdapter - Adding mock interface to class com/fasterxml/jackson/core/util/InternCache
[main] INFO org.evosuite.runtime.instrumentation.CreateClassResetClassAdapter - Found static initializer in class com/fasterxml/jackson/core/util/InternCache
[main] INFO org.evosuite.runtime.instrumentation.EvoClassLoader - Keeping class: com.fasterxml.jackson.core.util.InternCache
[main] INFO org.evosuite.runtime.instrumentation.EvoClassLoader - Seeing class for first time: org.apache.avro.file.DataFileReader$SeekableInputStream
[main] INFO org.evosuite.runtime.instrumentation.EvoClassLoader - Instrumenting class 'org.apache.avro.file.DataFileReader$SeekableInputStream'.
[main] INFO org.evosuite.runtime.instrumentation.MethodCallReplacementClassAdapter - Adding mock interface to class org/apache/avro/file/DataFileReader$SeekableInputStream
[main] INFO org.evosuite.runtime.instrumentation.CreateClassResetClassAdapter - Creating brand-new static initializer in class org/apache/avro/file/DataFileReader$SeekableInputStream
[main] INFO org.evosuite.runtime.instrumentation.EvoClassLoader - Keeping class: org.apache.avro.file.DataFileReader$SeekableInputStream
[main] INFO org.evosuite.runtime.instrumentation.EvoClassLoader - Seeing class for first time: com.fasterxml.jackson.databind.RuntimeJsonMappingException
[main] INFO org.evosuite.runtime.instrumentation.EvoClassLoader - Instrumenting class 'com.fasterxml.jackson.databind.RuntimeJsonMappingException'.
[main] INFO org.evosuite.runtime.instrumentation.MethodCallReplacementClassAdapter - Adding mock interface to class com/fasterxml/jackson/databind/RuntimeJsonMappingException
[main] INFO org.evosuite.runtime.instrumentation.CreateClassResetClassAdapter - Creating brand-new static initializer in class com/fasterxml/jackson/databind/RuntimeJsonMappingException
[main] INFO org.evosuite.runtime.instrumentation.EvoClassLoader - Keeping class: com.fasterxml.jackson.databind.RuntimeJsonMappingException
[main] INFO org.evosuite.runtime.instrumentation.EvoClassLoader - Seeing class for first time: org.apache.avro.generic.IndexedRecord
[main] INFO org.evosuite.runtime.instrumentation.EvoClassLoader - Instrumenting class 'org.apache.avro.generic.IndexedRecord'.
[main] INFO org.evosuite.runtime.instrumentation.EvoClassLoader - Keeping class: org.apache.avro.generic.IndexedRecord
[main] INFO org.evosuite.runtime.instrumentation.EvoClassLoader - Seeing class for first time: org.apache.avro.io.ValidatingDecoder
[main] INFO org.evosuite.runtime.instrumentation.EvoClassLoader - Instrumenting class 'org.apache.avro.io.ValidatingDecoder'.
[main] INFO org.evosuite.runtime.instrumentation.MethodCallReplacementClassAdapter - Adding mock interface to class org/apache/avro/io/ValidatingDecoder
[main] INFO org.evosuite.runtime.instrumentation.CreateClassResetClassAdapter - Creating brand-new static initializer in class org/apache/avro/io/ValidatingDecoder
[main] INFO org.evosuite.runtime.instrumentation.EvoClassLoader - Keeping class: org.apache.avro.io.ValidatingDecoder
[main] INFO org.evosuite.runtime.instrumentation.EvoClassLoader - Seeing class for first time: org.apache.avro.reflect.AvroMeta$AvroMetas
[main] INFO org.evosuite.runtime.instrumentation.EvoClassLoader - Instrumenting class 'org.apache.avro.reflect.AvroMeta$AvroMetas'.
[main] INFO org.evosuite.runtime.instrumentation.EvoClassLoader - Keeping class: org.apache.avro.reflect.AvroMeta$AvroMetas
[main] INFO org.evosuite.runtime.instrumentation.EvoClassLoader - Seeing class for first time: org.apache.avro.InvalidAvroMagicException
[main] INFO org.evosuite.runtime.instrumentation.EvoClassLoader - Instrumenting class 'org.apache.avro.InvalidAvroMagicException'.
[main] INFO org.evosuite.runtime.instrumentation.MethodCallReplacementClassAdapter - Adding mock interface to class org/apache/avro/InvalidAvroMagicException
[main] INFO org.evosuite.runtime.instrumentation.CreateClassResetClassAdapter - Creating brand-new static initializer in class org/apache/avro/InvalidAvroMagicException
[main] INFO org.evosuite.runtime.instrumentation.EvoClassLoader - Keeping class: org.apache.avro.InvalidAvroMagicException
[main] INFO org.evosuite.runtime.instrumentation.EvoClassLoader - Seeing class for first time: org.apache.avro.Protocol
[main] INFO org.evosuite.runtime.instrumentation.EvoClassLoader - Instrumenting class 'org.apache.avro.Protocol'.
[main] INFO org.evosuite.runtime.instrumentation.MethodCallReplacementClassAdapter - Adding mock interface to class org/apache/avro/Protocol
[main] INFO org.evosuite.runtime.instrumentation.CreateClassResetClassAdapter - Found static initializer in class org/apache/avro/Protocol
[main] INFO org.evosuite.runtime.instrumentation.EvoClassLoader - Keeping class: org.apache.avro.Protocol
[main] INFO org.evosuite.runtime.instrumentation.EvoClassLoader - Seeing class for first time: org.apache.avro.Protocol$Message
[main] INFO org.evosuite.runtime.instrumentation.EvoClassLoader - Instrumenting class 'org.apache.avro.Protocol$Message'.
[main] INFO org.evosuite.runtime.instrumentation.MethodCallReplacementClassAdapter - Adding mock interface to class org/apache/avro/Protocol$Message
[main] INFO org.evosuite.runtime.instrumentation.CreateClassResetClassAdapter - Creating brand-new static initializer in class org/apache/avro/Protocol$Message
[main] INFO org.evosuite.runtime.instrumentation.EvoClassLoader - Keeping class: org.apache.avro.Protocol$Message
[main] INFO org.evosuite.runtime.instrumentation.EvoClassLoader - Seeing class for first time: org.apache.avro.Protocol$TwoWayMessage
[main] INFO org.evosuite.runtime.instrumentation.EvoClassLoader - Instrumenting class 'org.apache.avro.Protocol$TwoWayMessage'.
[main] INFO org.evosuite.runtime.instrumentation.MethodCallReplacementClassAdapter - Adding mock interface to class org/apache/avro/Protocol$TwoWayMessage
[main] INFO org.evosuite.runtime.instrumentation.CreateClassResetClassAdapter - Creating brand-new static initializer in class org/apache/avro/Protocol$TwoWayMessage
[main] INFO org.evosuite.runtime.instrumentation.EvoClassLoader - Keeping class: org.apache.avro.Protocol$TwoWayMessage
[main] INFO org.evosuite.runtime.instrumentation.EvoClassLoader - Seeing class for first time: org.apache.avro.Schema$LockableArrayList
[main] INFO org.evosuite.runtime.instrumentation.EvoClassLoader - Instrumenting class 'org.apache.avro.Schema$LockableArrayList'.
[main] INFO org.evosuite.runtime.instrumentation.MethodCallReplacementClassAdapter - Adding mock interface to class org/apache/avro/Schema$LockableArrayList
[main] INFO org.evosuite.runtime.instrumentation.CreateClassResetClassAdapter - Creating brand-new static initializer in class org/apache/avro/Schema$LockableArrayList
[main] INFO org.evosuite.runtime.instrumentation.EvoClassLoader - Keeping class: org.apache.avro.Schema$LockableArrayList
[main] INFO org.evosuite.runtime.instrumentation.EvoClassLoader - Seeing class for first time: org.apache.commons.compress.utils.IOUtils
[main] INFO org.evosuite.runtime.instrumentation.EvoClassLoader - Instrumenting class 'org.apache.commons.compress.utils.IOUtils'.
[main] INFO org.evosuite.runtime.instrumentation.MethodCallReplacementClassAdapter - Adding mock interface to class org/apache/commons/compress/utils/IOUtils
[main] INFO org.evosuite.runtime.instrumentation.CreateClassResetClassAdapter - Found static initializer in class org/apache/commons/compress/utils/IOUtils
[main] INFO org.evosuite.runtime.instrumentation.EvoClassLoader - Defined package (3): package org.apache.commons.compress.utils, -373561087
[main] INFO org.evosuite.runtime.instrumentation.EvoClassLoader - Keeping class: org.apache.commons.compress.utils.IOUtils
[main] INFO org.evosuite.runtime.instrumentation.EvoClassLoader - Seeing class for first time: com.fasterxml.jackson.databind.util.ByteBufferBackedInputStream
[main] INFO org.evosuite.runtime.instrumentation.EvoClassLoader - Instrumenting class 'com.fasterxml.jackson.databind.util.ByteBufferBackedInputStream'.
[main] INFO org.evosuite.runtime.instrumentation.MethodCallReplacementClassAdapter - Adding mock interface to class com/fasterxml/jackson/databind/util/ByteBufferBackedInputStream
[main] INFO org.evosuite.runtime.instrumentation.CreateClassResetClassAdapter - Creating brand-new static initializer in class com/fasterxml/jackson/databind/util/ByteBufferBackedInputStream
[main] INFO org.evosuite.runtime.instrumentation.EvoClassLoader - Keeping class: com.fasterxml.jackson.databind.util.ByteBufferBackedInputStream
[main] INFO org.evosuite.runtime.instrumentation.EvoClassLoader - Seeing class for first time: com.fasterxml.jackson.databind.node.InternalNodeMapper
[main] INFO org.evosuite.runtime.instrumentation.EvoClassLoader - Instrumenting class 'com.fasterxml.jackson.databind.node.InternalNodeMapper'.
[main] INFO org.evosuite.runtime.instrumentation.MethodCallReplacementClassAdapter - Adding mock interface to class com/fasterxml/jackson/databind/node/InternalNodeMapper
[main] INFO org.evosuite.runtime.instrumentation.CreateClassResetClassAdapter - Found static initializer in class com/fasterxml/jackson/databind/node/InternalNodeMapper
[main] INFO org.evosuite.runtime.instrumentation.EvoClassLoader - Keeping class: com.fasterxml.jackson.databind.node.InternalNodeMapper
[main] INFO org.evosuite.runtime.instrumentation.EvoClassLoader - Seeing class for first time: com.fasterxml.jackson.databind.json.JsonMapper
[main] INFO org.evosuite.runtime.instrumentation.EvoClassLoader - Instrumenting class 'com.fasterxml.jackson.databind.json.JsonMapper'.
[main] INFO org.evosuite.runtime.instrumentation.MethodCallReplacementClassAdapter - Adding mock interface to class com/fasterxml/jackson/databind/json/JsonMapper
[main] INFO org.evosuite.runtime.instrumentation.CreateClassResetClassAdapter - Creating brand-new static initializer in class com/fasterxml/jackson/databind/json/JsonMapper
[main] INFO org.evosuite.runtime.instrumentation.EvoClassLoader - Defined package (3): package com.fasterxml.jackson.databind.json, -1863486137
[main] INFO org.evosuite.runtime.instrumentation.EvoClassLoader - Keeping class: com.fasterxml.jackson.databind.json.JsonMapper
[main] INFO org.evosuite.runtime.instrumentation.EvoClassLoader - Seeing class for first time: com.fasterxml.jackson.databind.ObjectWriter$GeneratorSettings
[main] INFO org.evosuite.runtime.instrumentation.EvoClassLoader - Instrumenting class 'com.fasterxml.jackson.databind.ObjectWriter$GeneratorSettings'.
[main] INFO org.evosuite.runtime.instrumentation.MethodCallReplacementClassAdapter - Adding mock interface to class com/fasterxml/jackson/databind/ObjectWriter$GeneratorSettings
[main] INFO org.evosuite.runtime.instrumentation.CreateClassResetClassAdapter - Found static initializer in class com/fasterxml/jackson/databind/ObjectWriter$GeneratorSettings
[main] INFO org.evosuite.runtime.instrumentation.EvoClassLoader - Keeping class: com.fasterxml.jackson.databind.ObjectWriter$GeneratorSettings
[main] INFO org.evosuite.runtime.instrumentation.EvoClassLoader - Seeing class for first time: com.fasterxml.jackson.databind.ObjectWriter$Prefetch
[main] INFO org.evosuite.runtime.instrumentation.EvoClassLoader - Instrumenting class 'com.fasterxml.jackson.databind.ObjectWriter$Prefetch'.
[main] INFO org.evosuite.runtime.instrumentation.MethodCallReplacementClassAdapter - Adding mock interface to class com/fasterxml/jackson/databind/ObjectWriter$Prefetch
[main] INFO org.evosuite.runtime.instrumentation.CreateClassResetClassAdapter - Found static initializer in class com/fasterxml/jackson/databind/ObjectWriter$Prefetch
[main] INFO org.evosuite.runtime.instrumentation.EvoClassLoader - Keeping class: com.fasterxml.jackson.databind.ObjectWriter$Prefetch
[main] INFO org.evosuite.runtime.instrumentation.EvoClassLoader - Seeing class for first time: com.fasterxml.jackson.databind.ObjectReader
[main] INFO org.evosuite.runtime.instrumentation.EvoClassLoader - Instrumenting class 'com.fasterxml.jackson.databind.ObjectReader'.
[main] INFO org.evosuite.runtime.instrumentation.MethodCallReplacementClassAdapter - Adding mock interface to class com/fasterxml/jackson/databind/ObjectReader
[main] INFO org.evosuite.runtime.instrumentation.CreateClassResetClassAdapter - Creating brand-new static initializer in class com/fasterxml/jackson/databind/ObjectReader
[main] INFO org.evosuite.runtime.instrumentation.EvoClassLoader - Keeping class: com.fasterxml.jackson.databind.ObjectReader
[main] INFO org.evosuite.runtime.instrumentation.EvoClassLoader - Seeing class for first time: com.fasterxml.jackson.core.filter.FilteringParserDelegate
[main] INFO org.evosuite.runtime.instrumentation.EvoClassLoader - Instrumenting class 'com.fasterxml.jackson.core.filter.FilteringParserDelegate'.
[main] INFO org.evosuite.runtime.instrumentation.MethodCallReplacementClassAdapter - Adding mock interface to class com/fasterxml/jackson/core/filter/FilteringParserDelegate
[main] INFO org.evosuite.runtime.instrumentation.CreateClassResetClassAdapter - Creating brand-new static initializer in class com/fasterxml/jackson/core/filter/FilteringParserDelegate
[main] INFO org.evosuite.runtime.instrumentation.EvoClassLoader - Seeing class for first time: com.fasterxml.jackson.core.util.JsonParserDelegate
[main] INFO org.evosuite.runtime.instrumentation.EvoClassLoader - Instrumenting class 'com.fasterxml.jackson.core.util.JsonParserDelegate'.
[main] INFO org.evosuite.runtime.instrumentation.MethodCallReplacementClassAdapter - Adding mock interface to class com/fasterxml/jackson/core/util/JsonParserDelegate
[main] INFO org.evosuite.runtime.instrumentation.CreateClassResetClassAdapter - Creating brand-new static initializer in class com/fasterxml/jackson/core/util/JsonParserDelegate
[main] INFO org.evosuite.runtime.instrumentation.EvoClassLoader - Keeping class: com.fasterxml.jackson.core.util.JsonParserDelegate
[main] INFO org.evosuite.runtime.instrumentation.EvoClassLoader - Keeping class: com.fasterxml.jackson.core.filter.FilteringParserDelegate
[main] INFO org.evosuite.runtime.instrumentation.EvoClassLoader - Seeing class for first time: com.fasterxml.jackson.databind.util.ArrayIterator
[main] INFO org.evosuite.runtime.instrumentation.EvoClassLoader - Instrumenting class 'com.fasterxml.jackson.databind.util.ArrayIterator'.
[main] INFO org.evosuite.runtime.instrumentation.MethodCallReplacementClassAdapter - Adding mock interface to class com/fasterxml/jackson/databind/util/ArrayIterator
[main] INFO org.evosuite.runtime.instrumentation.CreateClassResetClassAdapter - Creating brand-new static initializer in class com/fasterxml/jackson/databind/util/ArrayIterator
[main] INFO org.evosuite.runtime.instrumentation.EvoClassLoader - Keeping class: com.fasterxml.jackson.databind.util.ArrayIterator
[main] INFO org.evosuite.runtime.instrumentation.EvoClassLoader - Seeing class for first time: com.fasterxml.jackson.databind.deser.std.JsonNodeDeserializer
[main] INFO org.evosuite.runtime.instrumentation.EvoClassLoader - Instrumenting class 'com.fasterxml.jackson.databind.deser.std.JsonNodeDeserializer'.
[main] INFO org.evosuite.runtime.instrumentation.MethodCallReplacementClassAdapter - Adding mock interface to class com/fasterxml/jackson/databind/deser/std/JsonNodeDeserializer
[main] INFO org.evosuite.runtime.instrumentation.CreateClassResetClassAdapter - Found static initializer in class com/fasterxml/jackson/databind/deser/std/JsonNodeDeserializer
[main] INFO org.evosuite.runtime.instrumentation.EvoClassLoader - Keeping class: com.fasterxml.jackson.databind.deser.std.JsonNodeDeserializer
[main] INFO org.evosuite.runtime.instrumentation.EvoClassLoader - Seeing class for first time: com.fasterxml.jackson.databind.deser.std.JsonNodeDeserializer$ObjectDeserializer
[main] INFO org.evosuite.runtime.instrumentation.EvoClassLoader - Instrumenting class 'com.fasterxml.jackson.databind.deser.std.JsonNodeDeserializer$ObjectDeserializer'.
[main] INFO org.evosuite.runtime.instrumentation.MethodCallReplacementClassAdapter - Adding mock interface to class com/fasterxml/jackson/databind/deser/std/JsonNodeDeserializer$ObjectDeserializer
[main] INFO org.evosuite.runtime.instrumentation.CreateClassResetClassAdapter - Found static initializer in class com/fasterxml/jackson/databind/deser/std/JsonNodeDeserializer$ObjectDeserializer
[main] INFO org.evosuite.runtime.instrumentation.EvoClassLoader - Keeping class: com.fasterxml.jackson.databind.deser.std.JsonNodeDeserializer$ObjectDeserializer
[main] INFO org.evosuite.runtime.instrumentation.EvoClassLoader - Seeing class for first time: com.fasterxml.jackson.databind.ser.impl.UnwrappingBeanPropertyWriter
[main] INFO org.evosuite.runtime.instrumentation.EvoClassLoader - Instrumenting class 'com.fasterxml.jackson.databind.ser.impl.UnwrappingBeanPropertyWriter'.
[main] INFO org.evosuite.runtime.instrumentation.MethodCallReplacementClassAdapter - Adding mock interface to class com/fasterxml/jackson/databind/ser/impl/UnwrappingBeanPropertyWriter
[main] INFO org.evosuite.runtime.instrumentation.CreateClassResetClassAdapter - Creating brand-new static initializer in class com/fasterxml/jackson/databind/ser/impl/UnwrappingBeanPropertyWriter
[main] INFO org.evosuite.runtime.instrumentation.EvoClassLoader - Keeping class: com.fasterxml.jackson.databind.ser.impl.UnwrappingBeanPropertyWriter
[main] INFO org.evosuite.runtime.instrumentation.EvoClassLoader - Seeing class for first time: com.fasterxml.jackson.core.io.IOContext
[main] INFO org.evosuite.runtime.instrumentation.EvoClassLoader - Instrumenting class 'com.fasterxml.jackson.core.io.IOContext'.
[main] INFO org.evosuite.runtime.instrumentation.MethodCallReplacementClassAdapter - Adding mock interface to class com/fasterxml/jackson/core/io/IOContext
[main] INFO org.evosuite.runtime.instrumentation.CreateClassResetClassAdapter - Creating brand-new static initializer in class com/fasterxml/jackson/core/io/IOContext
[main] INFO org.evosuite.runtime.instrumentation.EvoClassLoader - Keeping class: com.fasterxml.jackson.core.io.IOContext
[main] INFO org.evosuite.runtime.instrumentation.EvoClassLoader - Seeing class for first time: com.fasterxml.jackson.core.JsonGenerationException
[main] INFO org.evosuite.runtime.instrumentation.EvoClassLoader - Instrumenting class 'com.fasterxml.jackson.core.JsonGenerationException'.
[main] INFO org.evosuite.runtime.instrumentation.MethodCallReplacementClassAdapter - Adding mock interface to class com/fasterxml/jackson/core/JsonGenerationException
[main] INFO org.evosuite.runtime.instrumentation.CreateClassResetClassAdapter - Creating brand-new static initializer in class com/fasterxml/jackson/core/JsonGenerationException
[main] INFO org.evosuite.runtime.instrumentation.EvoClassLoader - Keeping class: com.fasterxml.jackson.core.JsonGenerationException
[main] INFO org.evosuite.runtime.instrumentation.EvoClassLoader - Seeing class for first time: com.fasterxml.jackson.core.json.JsonWriteContext
[main] INFO org.evosuite.runtime.instrumentation.EvoClassLoader - Instrumenting class 'com.fasterxml.jackson.core.json.JsonWriteContext'.
[main] INFO org.evosuite.runtime.instrumentation.MethodCallReplacementClassAdapter - Adding mock interface to class com/fasterxml/jackson/core/json/JsonWriteContext
[main] INFO org.evosuite.runtime.instrumentation.CreateClassResetClassAdapter - Creating brand-new static initializer in class com/fasterxml/jackson/core/json/JsonWriteContext
[main] INFO org.evosuite.runtime.instrumentation.CreateClassResetClassAdapter - Adding bytecode for initializing field STATUS_OK_AS_IS
[main] INFO org.evosuite.runtime.instrumentation.CreateClassResetClassAdapter - Adding bytecode for initializing field STATUS_OK_AFTER_COMMA
[main] INFO org.evosuite.runtime.instrumentation.CreateClassResetClassAdapter - Adding bytecode for initializing field STATUS_OK_AFTER_COLON
[main] INFO org.evosuite.runtime.instrumentation.CreateClassResetClassAdapter - Adding bytecode for initializing field STATUS_OK_AFTER_SPACE
[main] INFO org.evosuite.runtime.instrumentation.CreateClassResetClassAdapter - Adding bytecode for initializing field STATUS_EXPECT_VALUE
[main] INFO org.evosuite.runtime.instrumentation.CreateClassResetClassAdapter - Adding bytecode for initializing field STATUS_EXPECT_NAME
[main] INFO org.evosuite.runtime.instrumentation.EvoClassLoader - Keeping class: com.fasterxml.jackson.core.json.JsonWriteContext
[main] INFO org.evosuite.runtime.instrumentation.EvoClassLoader - Seeing class for first time: com.fasterxml.jackson.core.StreamWriteCapability
[main] INFO org.evosuite.runtime.instrumentation.EvoClassLoader - Instrumenting class 'com.fasterxml.jackson.core.StreamWriteCapability'.
[main] INFO org.evosuite.runtime.instrumentation.MethodCallReplacementClassAdapter - Adding mock interface to class com/fasterxml/jackson/core/StreamWriteCapability
[main] INFO org.evosuite.runtime.instrumentation.CreateClassResetClassAdapter - Found static initializer in class com/fasterxml/jackson/core/StreamWriteCapability
[main] INFO org.evosuite.runtime.instrumentation.EvoClassLoader - Keeping class: com.fasterxml.jackson.core.StreamWriteCapability
[main] INFO org.evosuite.runtime.instrumentation.EvoClassLoader - Seeing class for first time: com.fasterxml.jackson.databind.ser.impl.UnwrappingBeanSerializer
[main] INFO org.evosuite.runtime.instrumentation.EvoClassLoader - Instrumenting class 'com.fasterxml.jackson.databind.ser.impl.UnwrappingBeanSerializer'.
[main] INFO org.evosuite.runtime.instrumentation.MethodCallReplacementClassAdapter - Adding mock interface to class com/fasterxml/jackson/databind/ser/impl/UnwrappingBeanSerializer
[main] INFO org.evosuite.runtime.instrumentation.CreateClassResetClassAdapter - Creating brand-new static initializer in class com/fasterxml/jackson/databind/ser/impl/UnwrappingBeanSerializer
[main] INFO org.evosuite.runtime.instrumentation.EvoClassLoader - Keeping class: com.fasterxml.jackson.databind.ser.impl.UnwrappingBeanSerializer
[main] INFO org.evosuite.runtime.instrumentation.EvoClassLoader - Seeing class for first time: com.fasterxml.jackson.databind.ser.impl.BeanAsArraySerializer
[main] INFO org.evosuite.runtime.instrumentation.EvoClassLoader - Instrumenting class 'com.fasterxml.jackson.databind.ser.impl.BeanAsArraySerializer'.
[main] INFO org.evosuite.runtime.instrumentation.MethodCallReplacementClassAdapter - Adding mock interface to class com/fasterxml/jackson/databind/ser/impl/BeanAsArraySerializer
[main] INFO org.evosuite.runtime.instrumentation.CreateClassResetClassAdapter - Creating brand-new static initializer in class com/fasterxml/jackson/databind/ser/impl/BeanAsArraySerializer
[main] INFO org.evosuite.runtime.instrumentation.EvoClassLoader - Keeping class: com.fasterxml.jackson.databind.ser.impl.BeanAsArraySerializer
[main] INFO org.evosuite.runtime.instrumentation.EvoClassLoader - Seeing class for first time: com.fasterxml.jackson.databind.introspect.NopAnnotationIntrospector$1
[main] INFO org.evosuite.runtime.instrumentation.EvoClassLoader - Instrumenting class 'com.fasterxml.jackson.databind.introspect.NopAnnotationIntrospector$1'.
[main] INFO org.evosuite.runtime.instrumentation.MethodCallReplacementClassAdapter - Adding mock interface to class com/fasterxml/jackson/databind/introspect/NopAnnotationIntrospector$1
[main] INFO org.evosuite.runtime.instrumentation.EvoClassLoader - Keeping class: com.fasterxml.jackson.databind.introspect.NopAnnotationIntrospector$1
[main] INFO org.evosuite.runtime.instrumentation.EvoClassLoader - Seeing class for first time: org.apache.avro.generic.GenericDatumWriter
[main] INFO org.evosuite.runtime.instrumentation.EvoClassLoader - Instrumenting class 'org.apache.avro.generic.GenericDatumWriter'.
[main] INFO org.evosuite.runtime.instrumentation.MethodCallReplacementClassAdapter - Adding mock interface to class org/apache/avro/generic/GenericDatumWriter
[main] INFO org.evosuite.runtime.instrumentation.CreateClassResetClassAdapter - Creating brand-new static initializer in class org/apache/avro/generic/GenericDatumWriter
[main] INFO org.evosuite.runtime.instrumentation.EvoClassLoader - Keeping class: org.apache.avro.generic.GenericDatumWriter
[main] INFO org.evosuite.runtime.instrumentation.EvoClassLoader - Seeing class for first time: org.apache.avro.path.TracingClassCastException
[main] INFO org.evosuite.runtime.instrumentation.EvoClassLoader - Instrumenting class 'org.apache.avro.path.TracingClassCastException'.
[main] INFO org.evosuite.runtime.instrumentation.MethodCallReplacementClassAdapter - Adding mock interface to class org/apache/avro/path/TracingClassCastException
[main] INFO org.evosuite.runtime.instrumentation.CreateClassResetClassAdapter - Creating brand-new static initializer in class org/apache/avro/path/TracingClassCastException
[main] INFO org.evosuite.runtime.instrumentation.EvoClassLoader - Keeping class: org.apache.avro.path.TracingClassCastException
[main] INFO org.evosuite.runtime.instrumentation.EvoClassLoader - Seeing class for first time: org.apache.avro.path.TracingAvroTypeException
[main] INFO org.evosuite.runtime.instrumentation.EvoClassLoader - Instrumenting class 'org.apache.avro.path.TracingAvroTypeException'.
[main] INFO org.evosuite.runtime.instrumentation.MethodCallReplacementClassAdapter - Adding mock interface to class org/apache/avro/path/TracingAvroTypeException
[main] INFO org.evosuite.runtime.instrumentation.CreateClassResetClassAdapter - Creating brand-new static initializer in class org/apache/avro/path/TracingAvroTypeException
[main] INFO org.evosuite.runtime.instrumentation.EvoClassLoader - Keeping class: org.apache.avro.path.TracingAvroTypeException
[main] INFO org.evosuite.runtime.instrumentation.EvoClassLoader - Seeing class for first time: org.apache.avro.path.PathElement
[main] INFO org.evosuite.runtime.instrumentation.EvoClassLoader - Instrumenting class 'org.apache.avro.path.PathElement'.
[main] INFO org.evosuite.runtime.instrumentation.EvoClassLoader - Keeping class: org.apache.avro.path.PathElement
[main] INFO org.evosuite.runtime.instrumentation.EvoClassLoader - Seeing class for first time: org.apache.avro.file.DataFileWriter
[main] INFO org.evosuite.runtime.instrumentation.EvoClassLoader - Instrumenting class 'org.apache.avro.file.DataFileWriter'.
[main] INFO org.evosuite.runtime.instrumentation.MethodCallReplacementClassAdapter - Adding mock interface to class org/apache/avro/file/DataFileWriter
[main] INFO org.evosuite.runtime.instrumentation.CreateClassResetClassAdapter - Creating brand-new static initializer in class org/apache/avro/file/DataFileWriter
[main] INFO org.evosuite.runtime.instrumentation.EvoClassLoader - Keeping class: org.apache.avro.file.DataFileWriter
[main] INFO org.evosuite.runtime.instrumentation.EvoClassLoader - Seeing class for first time: org.apache.avro.file.DataFileWriter$AppendWriteException
[main] INFO org.evosuite.runtime.instrumentation.EvoClassLoader - Instrumenting class 'org.apache.avro.file.DataFileWriter$AppendWriteException'.
[main] INFO org.evosuite.runtime.instrumentation.MethodCallReplacementClassAdapter - Adding mock interface to class org/apache/avro/file/DataFileWriter$AppendWriteException
[main] INFO org.evosuite.runtime.instrumentation.CreateClassResetClassAdapter - Creating brand-new static initializer in class org/apache/avro/file/DataFileWriter$AppendWriteException
[main] INFO org.evosuite.runtime.instrumentation.EvoClassLoader - Keeping class: org.apache.avro.file.DataFileWriter$AppendWriteException
[main] INFO org.evosuite.runtime.instrumentation.EvoClassLoader - Seeing class for first time: org.apache.avro.file.DataFileWriter$BufferedFileOutputStream
[main] INFO org.evosuite.runtime.instrumentation.EvoClassLoader - Instrumenting class 'org.apache.avro.file.DataFileWriter$BufferedFileOutputStream'.
[main] INFO org.evosuite.runtime.instrumentation.MethodCallReplacementClassAdapter - Adding mock interface to class org/apache/avro/file/DataFileWriter$BufferedFileOutputStream
[main] INFO org.evosuite.runtime.instrumentation.CreateClassResetClassAdapter - Creating brand-new static initializer in class org/apache/avro/file/DataFileWriter$BufferedFileOutputStream
[main] INFO org.evosuite.runtime.instrumentation.EvoClassLoader - Keeping class: org.apache.avro.file.DataFileWriter$BufferedFileOutputStream
[main] INFO org.evosuite.runtime.instrumentation.EvoClassLoader - Seeing class for first time: org.apache.avro.generic.GenericEnumSymbol
[main] INFO org.evosuite.runtime.instrumentation.EvoClassLoader - Instrumenting class 'org.apache.avro.generic.GenericEnumSymbol'.
[main] INFO org.evosuite.runtime.instrumentation.EvoClassLoader - Keeping class: org.apache.avro.generic.GenericEnumSymbol
[main] INFO org.evosuite.runtime.instrumentation.EvoClassLoader - Seeing class for first time: org.apache.avro.io.BufferedBinaryEncoder
[main] INFO org.evosuite.runtime.instrumentation.EvoClassLoader - Instrumenting class 'org.apache.avro.io.BufferedBinaryEncoder'.
[main] INFO org.evosuite.runtime.instrumentation.MethodCallReplacementClassAdapter - Adding mock interface to class org/apache/avro/io/BufferedBinaryEncoder
[main] INFO org.evosuite.runtime.instrumentation.CreateClassResetClassAdapter - Creating brand-new static initializer in class org/apache/avro/io/BufferedBinaryEncoder
[main] INFO org.evosuite.runtime.instrumentation.EvoClassLoader - Keeping class: org.apache.avro.io.BufferedBinaryEncoder
[main] INFO org.evosuite.runtime.instrumentation.EvoClassLoader - Seeing class for first time: org.apache.avro.io.BufferedBinaryEncoder$ByteSink
[main] INFO org.evosuite.runtime.instrumentation.EvoClassLoader - Instrumenting class 'org.apache.avro.io.BufferedBinaryEncoder$ByteSink'.
[main] INFO org.evosuite.runtime.instrumentation.MethodCallReplacementClassAdapter - Adding mock interface to class org/apache/avro/io/BufferedBinaryEncoder$ByteSink
[main] INFO org.evosuite.runtime.instrumentation.CreateClassResetClassAdapter - Creating brand-new static initializer in class org/apache/avro/io/BufferedBinaryEncoder$ByteSink
[main] INFO org.evosuite.runtime.instrumentation.EvoClassLoader - Keeping class: org.apache.avro.io.BufferedBinaryEncoder$ByteSink
[main] INFO org.evosuite.runtime.instrumentation.EvoClassLoader - Seeing class for first time: org.apache.avro.io.BufferedBinaryEncoder$OutputStreamSink
[main] INFO org.evosuite.runtime.instrumentation.EvoClassLoader - Instrumenting class 'org.apache.avro.io.BufferedBinaryEncoder$OutputStreamSink'.
[main] INFO org.evosuite.runtime.instrumentation.MethodCallReplacementClassAdapter - Adding mock interface to class org/apache/avro/io/BufferedBinaryEncoder$OutputStreamSink
[main] INFO org.evosuite.runtime.instrumentation.CreateClassResetClassAdapter - Creating brand-new static initializer in class org/apache/avro/io/BufferedBinaryEncoder$OutputStreamSink
[main] INFO org.evosuite.runtime.instrumentation.EvoClassLoader - Keeping class: org.apache.avro.io.BufferedBinaryEncoder$OutputStreamSink
[main] INFO org.evosuite.runtime.instrumentation.EvoClassLoader - Seeing class for first time: org.apache.avro.reflect.AvroAliases
[main] INFO org.evosuite.runtime.instrumentation.EvoClassLoader - Instrumenting class 'org.apache.avro.reflect.AvroAliases'.
[main] INFO org.evosuite.runtime.instrumentation.EvoClassLoader - Keeping class: org.apache.avro.reflect.AvroAliases
[main] INFO org.evosuite.runtime.instrumentation.EvoClassLoader - Seeing class for first time: com.fasterxml.jackson.databind.type.ClassStack
[main] INFO org.evosuite.runtime.instrumentation.EvoClassLoader - Instrumenting class 'com.fasterxml.jackson.databind.type.ClassStack'.
[main] INFO org.evosuite.runtime.instrumentation.MethodCallReplacementClassAdapter - Adding mock interface to class com/fasterxml/jackson/databind/type/ClassStack
[main] INFO org.evosuite.runtime.instrumentation.CreateClassResetClassAdapter - Creating brand-new static initializer in class com/fasterxml/jackson/databind/type/ClassStack
[main] INFO org.evosuite.runtime.instrumentation.EvoClassLoader - Keeping class: com.fasterxml.jackson.databind.type.ClassStack
[main] INFO org.evosuite.runtime.instrumentation.EvoClassLoader - Seeing class for first time: org.apache.avro.reflect.ReflectData
[main] INFO org.evosuite.runtime.instrumentation.EvoClassLoader - Instrumenting class 'org.apache.avro.reflect.ReflectData'.
[main] INFO org.evosuite.runtime.instrumentation.MethodCallReplacementClassAdapter - Adding mock interface to class org/apache/avro/reflect/ReflectData
[main] INFO org.evosuite.runtime.instrumentation.CreateClassResetClassAdapter - Found static initializer in class org/apache/avro/reflect/ReflectData
[main] INFO org.evosuite.runtime.instrumentation.EvoClassLoader - Keeping class: org.apache.avro.reflect.ReflectData
[main] INFO org.evosuite.runtime.instrumentation.EvoClassLoader - Seeing class for first time: org.apache.avro.specific.ExternalizableInput
[main] INFO org.evosuite.runtime.instrumentation.EvoClassLoader - Instrumenting class 'org.apache.avro.specific.ExternalizableInput'.
[main] INFO org.evosuite.runtime.instrumentation.MethodCallReplacementClassAdapter - Adding mock interface to class org/apache/avro/specific/ExternalizableInput
[main] INFO org.evosuite.runtime.instrumentation.CreateClassResetClassAdapter - Creating brand-new static initializer in class org/apache/avro/specific/ExternalizableInput
[main] INFO org.evosuite.runtime.instrumentation.EvoClassLoader - Keeping class: org.apache.avro.specific.ExternalizableInput
[main] INFO org.evosuite.runtime.instrumentation.EvoClassLoader - Seeing class for first time: org.apache.avro.specific.ExternalizableOutput
[main] INFO org.evosuite.runtime.instrumentation.EvoClassLoader - Instrumenting class 'org.apache.avro.specific.ExternalizableOutput'.
[main] INFO org.evosuite.runtime.instrumentation.MethodCallReplacementClassAdapter - Adding mock interface to class org/apache/avro/specific/ExternalizableOutput
[main] INFO org.evosuite.runtime.instrumentation.CreateClassResetClassAdapter - Creating brand-new static initializer in class org/apache/avro/specific/ExternalizableOutput
[main] INFO org.evosuite.runtime.instrumentation.EvoClassLoader - Keeping class: org.apache.avro.specific.ExternalizableOutput
[main] INFO org.evosuite.runtime.instrumentation.EvoClassLoader - Seeing class for first time: org.apache.avro.reflect.ReflectData$1
[main] INFO org.evosuite.runtime.instrumentation.EvoClassLoader - Instrumenting class 'org.apache.avro.reflect.ReflectData$1'.
[main] INFO org.evosuite.runtime.instrumentation.MethodCallReplacementClassAdapter - Adding mock interface to class org/apache/avro/reflect/ReflectData$1
[main] INFO org.evosuite.runtime.instrumentation.EvoClassLoader - Keeping class: org.apache.avro.reflect.ReflectData$1
[main] INFO org.evosuite.runtime.instrumentation.EvoClassLoader - Seeing class for first time: org.apache.avro.util.internal.ClassValueCache
[main] INFO org.evosuite.runtime.instrumentation.EvoClassLoader - Instrumenting class 'org.apache.avro.util.internal.ClassValueCache'.
[main] INFO org.evosuite.runtime.instrumentation.MethodCallReplacementClassAdapter - Adding mock interface to class org/apache/avro/util/internal/ClassValueCache
[main] INFO org.evosuite.runtime.instrumentation.CreateClassResetClassAdapter - Creating brand-new static initializer in class org/apache/avro/util/internal/ClassValueCache
[main] INFO org.evosuite.runtime.instrumentation.EvoClassLoader - Keeping class: org.apache.avro.util.internal.ClassValueCache
[main] INFO org.evosuite.runtime.instrumentation.EvoClassLoader - Seeing class for first time: org.apache.avro.specific.SpecificData$1
[main] INFO org.evosuite.runtime.instrumentation.EvoClassLoader - Instrumenting class 'org.apache.avro.specific.SpecificData$1'.
[main] INFO org.evosuite.runtime.instrumentation.MethodCallReplacementClassAdapter - Adding mock interface to class org/apache/avro/specific/SpecificData$1
[main] INFO org.evosuite.runtime.instrumentation.EvoClassLoader - Keeping class: org.apache.avro.specific.SpecificData$1
[main] INFO org.evosuite.runtime.instrumentation.EvoClassLoader - Seeing class for first time: com.fasterxml.jackson.core.JsonEncoding
[main] INFO org.evosuite.runtime.instrumentation.EvoClassLoader - Instrumenting class 'com.fasterxml.jackson.core.JsonEncoding'.
[main] INFO org.evosuite.runtime.instrumentation.MethodCallReplacementClassAdapter - Adding mock interface to class com/fasterxml/jackson/core/JsonEncoding
[main] INFO org.evosuite.runtime.instrumentation.CreateClassResetClassAdapter - Found static initializer in class com/fasterxml/jackson/core/JsonEncoding
[main] INFO org.evosuite.runtime.instrumentation.EvoClassLoader - Keeping class: com.fasterxml.jackson.core.JsonEncoding
[main] INFO org.evosuite.runtime.instrumentation.EvoClassLoader - Seeing class for first time: org.apache.avro.util.WeakIdentityHashMap
[main] INFO org.evosuite.runtime.instrumentation.EvoClassLoader - Instrumenting class 'org.apache.avro.util.WeakIdentityHashMap'.
[main] INFO org.evosuite.runtime.instrumentation.MethodCallReplacementClassAdapter - Adding mock interface to class org/apache/avro/util/WeakIdentityHashMap
[main] INFO org.evosuite.runtime.instrumentation.CreateClassResetClassAdapter - Creating brand-new static initializer in class org/apache/avro/util/WeakIdentityHashMap
[main] INFO org.evosuite.runtime.instrumentation.EvoClassLoader - Keeping class: org.apache.avro.util.WeakIdentityHashMap
[main] INFO org.evosuite.runtime.instrumentation.EvoClassLoader - Seeing class for first time: com.fasterxml.jackson.databind.jsontype.TypeSerializer
[main] INFO org.evosuite.runtime.instrumentation.EvoClassLoader - Instrumenting class 'com.fasterxml.jackson.databind.jsontype.TypeSerializer'.
[main] INFO org.evosuite.runtime.instrumentation.MethodCallReplacementClassAdapter - Adding mock interface to class com/fasterxml/jackson/databind/jsontype/TypeSerializer
[main] INFO org.evosuite.runtime.instrumentation.CreateClassResetClassAdapter - Creating brand-new static initializer in class com/fasterxml/jackson/databind/jsontype/TypeSerializer
[main] INFO org.evosuite.runtime.instrumentation.EvoClassLoader - Keeping class: com.fasterxml.jackson.databind.jsontype.TypeSerializer
[main] INFO org.evosuite.runtime.instrumentation.EvoClassLoader - Seeing class for first time: com.fasterxml.jackson.databind.ser.std.JsonValueSerializer$TypeSerializerRerouter
[main] INFO org.evosuite.runtime.instrumentation.EvoClassLoader - Instrumenting class 'com.fasterxml.jackson.databind.ser.std.JsonValueSerializer$TypeSerializerRerouter'.
[main] INFO org.evosuite.runtime.instrumentation.MethodCallReplacementClassAdapter - Adding mock interface to class com/fasterxml/jackson/databind/ser/std/JsonValueSerializer$TypeSerializerRerouter
[main] INFO org.evosuite.runtime.instrumentation.CreateClassResetClassAdapter - Creating brand-new static initializer in class com/fasterxml/jackson/databind/ser/std/JsonValueSerializer$TypeSerializerRerouter
[main] INFO org.evosuite.runtime.instrumentation.EvoClassLoader - Keeping class: com.fasterxml.jackson.databind.ser.std.JsonValueSerializer$TypeSerializerRerouter
[main] INFO org.evosuite.runtime.instrumentation.EvoClassLoader - Seeing class for first time: org.apache.avro.generic.GenericFixed
[main] INFO org.evosuite.runtime.instrumentation.EvoClassLoader - Instrumenting class 'org.apache.avro.generic.GenericFixed'.
[main] INFO org.evosuite.runtime.instrumentation.EvoClassLoader - Keeping class: org.apache.avro.generic.GenericFixed
[main] INFO org.evosuite.runtime.instrumentation.EvoClassLoader - Seeing class for first time: org.apache.avro.reflect.ReflectDatumWriter
[main] INFO org.evosuite.runtime.instrumentation.EvoClassLoader - Instrumenting class 'org.apache.avro.reflect.ReflectDatumWriter'.
[main] INFO org.evosuite.runtime.instrumentation.MethodCallReplacementClassAdapter - Adding mock interface to class org/apache/avro/reflect/ReflectDatumWriter
[main] INFO org.evosuite.runtime.instrumentation.CreateClassResetClassAdapter - Creating brand-new static initializer in class org/apache/avro/reflect/ReflectDatumWriter
[main] INFO org.evosuite.runtime.instrumentation.EvoClassLoader - Seeing class for first time: org.apache.avro.specific.SpecificDatumWriter
[main] INFO org.evosuite.runtime.instrumentation.EvoClassLoader - Instrumenting class 'org.apache.avro.specific.SpecificDatumWriter'.
[main] INFO org.evosuite.runtime.instrumentation.MethodCallReplacementClassAdapter - Adding mock interface to class org/apache/avro/specific/SpecificDatumWriter
[main] INFO org.evosuite.runtime.instrumentation.CreateClassResetClassAdapter - Creating brand-new static initializer in class org/apache/avro/specific/SpecificDatumWriter
[main] INFO org.evosuite.runtime.instrumentation.EvoClassLoader - Keeping class: org.apache.avro.specific.SpecificDatumWriter
[main] INFO org.evosuite.runtime.instrumentation.EvoClassLoader - Keeping class: org.apache.avro.reflect.ReflectDatumWriter
[main] INFO org.evosuite.runtime.instrumentation.EvoClassLoader - Seeing class for first time: org.apache.avro.file.DataFileStream
[main] INFO org.evosuite.runtime.instrumentation.EvoClassLoader - Instrumenting class 'org.apache.avro.file.DataFileStream'.
[main] INFO org.evosuite.runtime.instrumentation.MethodCallReplacementClassAdapter - Adding mock interface to class org/apache/avro/file/DataFileStream
[main] INFO org.evosuite.runtime.instrumentation.CreateClassResetClassAdapter - Creating brand-new static initializer in class org/apache/avro/file/DataFileStream
[main] INFO org.evosuite.runtime.instrumentation.EvoClassLoader - Keeping class: org.apache.avro.file.DataFileStream
[main] INFO org.evosuite.runtime.instrumentation.EvoClassLoader - Seeing class for first time: com.fasterxml.jackson.databind.ser.impl.ReadOnlyClassToSerializerMap
[main] INFO org.evosuite.runtime.instrumentation.EvoClassLoader - Instrumenting class 'com.fasterxml.jackson.databind.ser.impl.ReadOnlyClassToSerializerMap'.
[main] INFO org.evosuite.runtime.instrumentation.MethodCallReplacementClassAdapter - Adding mock interface to class com/fasterxml/jackson/databind/ser/impl/ReadOnlyClassToSerializerMap
[main] INFO org.evosuite.runtime.instrumentation.CreateClassResetClassAdapter - Creating brand-new static initializer in class com/fasterxml/jackson/databind/ser/impl/ReadOnlyClassToSerializerMap
[main] INFO org.evosuite.runtime.instrumentation.EvoClassLoader - Keeping class: com.fasterxml.jackson.databind.ser.impl.ReadOnlyClassToSerializerMap
[main] INFO org.evosuite.runtime.instrumentation.EvoClassLoader - Seeing class for first time: com.fasterxml.jackson.databind.util.TokenBuffer$Parser
[main] INFO org.evosuite.runtime.instrumentation.EvoClassLoader - Instrumenting class 'com.fasterxml.jackson.databind.util.TokenBuffer$Parser'.
[main] INFO org.evosuite.runtime.instrumentation.MethodCallReplacementClassAdapter - Adding mock interface to class com/fasterxml/jackson/databind/util/TokenBuffer$Parser
[main] INFO org.evosuite.runtime.instrumentation.CreateClassResetClassAdapter - Creating brand-new static initializer in class com/fasterxml/jackson/databind/util/TokenBuffer$Parser
[main] INFO org.evosuite.runtime.instrumentation.EvoClassLoader - Keeping class: com.fasterxml.jackson.databind.util.TokenBuffer$Parser
[main] INFO org.evosuite.runtime.instrumentation.EvoClassLoader - Seeing class for first time: com.fasterxml.jackson.databind.deser.std.StdKeyDeserializer$StringKD
[main] INFO org.evosuite.runtime.instrumentation.EvoClassLoader - Instrumenting class 'com.fasterxml.jackson.databind.deser.std.StdKeyDeserializer$StringKD'.
[main] INFO org.evosuite.runtime.instrumentation.MethodCallReplacementClassAdapter - Adding mock interface to class com/fasterxml/jackson/databind/deser/std/StdKeyDeserializer$StringKD
[main] INFO org.evosuite.runtime.instrumentation.CreateClassResetClassAdapter - Found static initializer in class com/fasterxml/jackson/databind/deser/std/StdKeyDeserializer$StringKD
[main] INFO org.evosuite.runtime.instrumentation.EvoClassLoader - Keeping class: com.fasterxml.jackson.databind.deser.std.StdKeyDeserializer$StringKD
[main] INFO org.evosuite.runtime.instrumentation.EvoClassLoader - Seeing class for first time: com.fasterxml.jackson.databind.type.TypeBindings$TypeParamStash
[main] INFO org.evosuite.runtime.instrumentation.EvoClassLoader - Instrumenting class 'com.fasterxml.jackson.databind.type.TypeBindings$TypeParamStash'.
[main] INFO org.evosuite.runtime.instrumentation.MethodCallReplacementClassAdapter - Adding mock interface to class com/fasterxml/jackson/databind/type/TypeBindings$TypeParamStash
[main] INFO org.evosuite.runtime.instrumentation.CreateClassResetClassAdapter - Found static initializer in class com/fasterxml/jackson/databind/type/TypeBindings$TypeParamStash
[main] INFO org.evosuite.runtime.instrumentation.EvoClassLoader - Keeping class: com.fasterxml.jackson.databind.type.TypeBindings$TypeParamStash
[main] INFO org.evosuite.runtime.instrumentation.EvoClassLoader - Seeing class for first time: com.fasterxml.jackson.databind.ser.std.MapProperty
[main] INFO org.evosuite.runtime.instrumentation.EvoClassLoader - Instrumenting class 'com.fasterxml.jackson.databind.ser.std.MapProperty'.
[main] INFO org.evosuite.runtime.instrumentation.MethodCallReplacementClassAdapter - Adding mock interface to class com/fasterxml/jackson/databind/ser/std/MapProperty
[main] INFO org.evosuite.runtime.instrumentation.CreateClassResetClassAdapter - Found static initializer in class com/fasterxml/jackson/databind/ser/std/MapProperty
[main] INFO org.evosuite.runtime.instrumentation.EvoClassLoader - Keeping class: com.fasterxml.jackson.databind.ser.std.MapProperty
[main] INFO org.evosuite.runtime.instrumentation.EvoClassLoader - Seeing class for first time: org.apache.avro.data.Json$JsonType
[main] INFO org.evosuite.runtime.instrumentation.EvoClassLoader - Instrumenting class 'org.apache.avro.data.Json$JsonType'.
[main] INFO org.evosuite.runtime.instrumentation.MethodCallReplacementClassAdapter - Adding mock interface to class org/apache/avro/data/Json$JsonType
[main] INFO org.evosuite.runtime.instrumentation.CreateClassResetClassAdapter - Found static initializer in class org/apache/avro/data/Json$JsonType
[main] INFO org.evosuite.runtime.instrumentation.EvoClassLoader - Defined package (3): package org.apache.avro.data, 1446252560
[main] INFO org.evosuite.runtime.instrumentation.EvoClassLoader - Keeping class: org.apache.avro.data.Json$JsonType
[main] INFO org.evosuite.runtime.instrumentation.EvoClassLoader - Seeing class for first time: com.fasterxml.jackson.databind.ser.impl.ReadOnlyClassToSerializerMap$Bucket
[main] INFO org.evosuite.runtime.instrumentation.EvoClassLoader - Instrumenting class 'com.fasterxml.jackson.databind.ser.impl.ReadOnlyClassToSerializerMap$Bucket'.
[main] INFO org.evosuite.runtime.instrumentation.MethodCallReplacementClassAdapter - Adding mock interface to class com/fasterxml/jackson/databind/ser/impl/ReadOnlyClassToSerializerMap$Bucket
[main] INFO org.evosuite.runtime.instrumentation.CreateClassResetClassAdapter - Creating brand-new static initializer in class com/fasterxml/jackson/databind/ser/impl/ReadOnlyClassToSerializerMap$Bucket
[main] INFO org.evosuite.runtime.instrumentation.EvoClassLoader - Keeping class: com.fasterxml.jackson.databind.ser.impl.ReadOnlyClassToSerializerMap$Bucket
[main] INFO org.evosuite.runtime.instrumentation.EvoClassLoader - Seeing class for first time: org.apache.avro.reflect.AvroSchema
[main] INFO org.evosuite.runtime.instrumentation.EvoClassLoader - Instrumenting class 'org.apache.avro.reflect.AvroSchema'.
[main] INFO org.evosuite.runtime.instrumentation.EvoClassLoader - Keeping class: org.apache.avro.reflect.AvroSchema
[main] INFO org.evosuite.runtime.instrumentation.EvoClassLoader - Seeing class for first time: org.apache.avro.generic.GenericDatumReader
[main] INFO org.evosuite.runtime.instrumentation.EvoClassLoader - Instrumenting class 'org.apache.avro.generic.GenericDatumReader'.
[main] INFO org.evosuite.runtime.instrumentation.MethodCallReplacementClassAdapter - Adding mock interface to class org/apache/avro/generic/GenericDatumReader
[main] INFO org.evosuite.runtime.instrumentation.CreateClassResetClassAdapter - Found static initializer in class org/apache/avro/generic/GenericDatumReader
[main] INFO org.evosuite.runtime.instrumentation.EvoClassLoader - Keeping class: org.apache.avro.generic.GenericDatumReader
[main] INFO org.evosuite.runtime.instrumentation.EvoClassLoader - Seeing class for first time: org.apache.avro.io.ResolvingDecoder
[main] INFO org.evosuite.runtime.instrumentation.EvoClassLoader - Instrumenting class 'org.apache.avro.io.ResolvingDecoder'.
[main] INFO org.evosuite.runtime.instrumentation.MethodCallReplacementClassAdapter - Adding mock interface to class org/apache/avro/io/ResolvingDecoder
[main] INFO org.evosuite.runtime.instrumentation.CreateClassResetClassAdapter - Found static initializer in class org/apache/avro/io/ResolvingDecoder
[main] INFO org.evosuite.runtime.instrumentation.EvoClassLoader - Keeping class: org.apache.avro.io.ResolvingDecoder
[main] INFO org.evosuite.runtime.instrumentation.EvoClassLoader - Seeing class for first time: org.apache.avro.file.FileReader
[main] INFO org.evosuite.runtime.instrumentation.EvoClassLoader - Instrumenting class 'org.apache.avro.file.FileReader'.
[main] INFO org.evosuite.runtime.instrumentation.EvoClassLoader - Keeping class: org.apache.avro.file.FileReader
[main] INFO org.evosuite.runtime.instrumentation.EvoClassLoader - Seeing class for first time: org.apache.avro.reflect.Union
[main] INFO org.evosuite.runtime.instrumentation.EvoClassLoader - Instrumenting class 'org.apache.avro.reflect.Union'.
[main] INFO org.evosuite.runtime.instrumentation.EvoClassLoader - Keeping class: org.apache.avro.reflect.Union
[main] INFO org.evosuite.runtime.instrumentation.EvoClassLoader - Seeing class for first time: org.apache.avro.data.Json
[main] INFO org.evosuite.runtime.instrumentation.EvoClassLoader - Instrumenting class 'org.apache.avro.data.Json'.
[main] INFO org.evosuite.runtime.instrumentation.MethodCallReplacementClassAdapter - Adding mock interface to class org/apache/avro/data/Json
[main] INFO org.evosuite.runtime.instrumentation.CreateClassResetClassAdapter - Found static initializer in class org/apache/avro/data/Json
[main] INFO org.evosuite.runtime.instrumentation.EvoClassLoader - Keeping class: org.apache.avro.data.Json
[main] INFO org.evosuite.runtime.instrumentation.EvoClassLoader - Seeing class for first time: org.apache.avro.Schema$Names
[main] INFO org.evosuite.runtime.instrumentation.EvoClassLoader - Instrumenting class 'org.apache.avro.Schema$Names'.
[main] INFO org.evosuite.runtime.instrumentation.MethodCallReplacementClassAdapter - Adding mock interface to class org/apache/avro/Schema$Names
[main] INFO org.evosuite.runtime.instrumentation.CreateClassResetClassAdapter - Creating brand-new static initializer in class org/apache/avro/Schema$Names
[main] INFO org.evosuite.runtime.instrumentation.EvoClassLoader - Keeping class: org.apache.avro.Schema$Names
[main] INFO org.evosuite.runtime.instrumentation.EvoClassLoader - Seeing class for first time: com.fasterxml.jackson.core.util.BufferRecycler
[main] INFO org.evosuite.runtime.instrumentation.EvoClassLoader - Instrumenting class 'com.fasterxml.jackson.core.util.BufferRecycler'.
[main] INFO org.evosuite.runtime.instrumentation.MethodCallReplacementClassAdapter - Adding mock interface to class com/fasterxml/jackson/core/util/BufferRecycler
[main] INFO org.evosuite.runtime.instrumentation.CreateClassResetClassAdapter - Found static initializer in class com/fasterxml/jackson/core/util/BufferRecycler
[main] INFO org.evosuite.runtime.instrumentation.EvoClassLoader - Keeping class: com.fasterxml.jackson.core.util.BufferRecycler
[main] INFO org.evosuite.runtime.instrumentation.EvoClassLoader - Seeing class for first time: com.fasterxml.jackson.core.json.ByteSourceJsonBootstrapper
[main] INFO org.evosuite.runtime.instrumentation.EvoClassLoader - Instrumenting class 'com.fasterxml.jackson.core.json.ByteSourceJsonBootstrapper'.
[main] INFO org.evosuite.runtime.instrumentation.MethodCallReplacementClassAdapter - Adding mock interface to class com/fasterxml/jackson/core/json/ByteSourceJsonBootstrapper
[main] INFO org.evosuite.runtime.instrumentation.CreateClassResetClassAdapter - Creating brand-new static initializer in class com/fasterxml/jackson/core/json/ByteSourceJsonBootstrapper
[main] INFO org.evosuite.runtime.instrumentation.CreateClassResetClassAdapter - Adding bytecode for initializing field UTF8_BOM_1
[main] INFO org.evosuite.runtime.instrumentation.CreateClassResetClassAdapter - Adding bytecode for initializing field UTF8_BOM_2
[main] INFO org.evosuite.runtime.instrumentation.CreateClassResetClassAdapter - Adding bytecode for initializing field UTF8_BOM_3
[main] INFO org.evosuite.runtime.instrumentation.EvoClassLoader - Keeping class: com.fasterxml.jackson.core.json.ByteSourceJsonBootstrapper
[main] INFO org.evosuite.runtime.instrumentation.EvoClassLoader - Seeing class for first time: com.fasterxml.jackson.core.io.UTF32Reader
[main] INFO org.evosuite.runtime.instrumentation.EvoClassLoader - Instrumenting class 'com.fasterxml.jackson.core.io.UTF32Reader'.
[main] INFO org.evosuite.runtime.instrumentation.MethodCallReplacementClassAdapter - Adding mock interface to class com/fasterxml/jackson/core/io/UTF32Reader
[main] INFO org.evosuite.runtime.instrumentation.CreateClassResetClassAdapter - Creating brand-new static initializer in class com/fasterxml/jackson/core/io/UTF32Reader
[main] INFO org.evosuite.runtime.instrumentation.CreateClassResetClassAdapter - Adding bytecode for initializing field LAST_VALID_UNICODE_CHAR
[main] INFO org.evosuite.runtime.instrumentation.CreateClassResetClassAdapter - Adding bytecode for initializing field NC
[main] INFO org.evosuite.runtime.instrumentation.EvoClassLoader - Keeping class: com.fasterxml.jackson.core.io.UTF32Reader
[main] INFO org.evosuite.runtime.instrumentation.EvoClassLoader - Seeing class for first time: com.fasterxml.jackson.core.json.UTF8StreamJsonParser
[main] INFO org.evosuite.runtime.instrumentation.EvoClassLoader - Instrumenting class 'com.fasterxml.jackson.core.json.UTF8StreamJsonParser'.
[main] INFO org.evosuite.runtime.instrumentation.MethodCallReplacementClassAdapter - Adding mock interface to class com/fasterxml/jackson/core/json/UTF8StreamJsonParser
[main] INFO org.evosuite.runtime.instrumentation.CreateClassResetClassAdapter - Found static initializer in class com/fasterxml/jackson/core/json/UTF8StreamJsonParser
[main] INFO org.evosuite.runtime.instrumentation.EvoClassLoader - Keeping class: com.fasterxml.jackson.core.json.UTF8StreamJsonParser
[main] INFO org.evosuite.runtime.instrumentation.EvoClassLoader - Seeing class for first time: com.fasterxml.jackson.core.util.TextBuffer
[main] INFO org.evosuite.runtime.instrumentation.EvoClassLoader - Instrumenting class 'com.fasterxml.jackson.core.util.TextBuffer'.
[main] INFO org.evosuite.runtime.instrumentation.MethodCallReplacementClassAdapter - Adding mock interface to class com/fasterxml/jackson/core/util/TextBuffer
[main] INFO org.evosuite.runtime.instrumentation.CreateClassResetClassAdapter - Found static initializer in class com/fasterxml/jackson/core/util/TextBuffer
[main] INFO org.evosuite.runtime.instrumentation.EvoClassLoader - Keeping class: com.fasterxml.jackson.core.util.TextBuffer
[main] INFO org.evosuite.runtime.instrumentation.EvoClassLoader - Seeing class for first time: com.fasterxml.jackson.core.JsonToken
[main] INFO org.evosuite.runtime.instrumentation.EvoClassLoader - Instrumenting class 'com.fasterxml.jackson.core.JsonToken'.
[main] INFO org.evosuite.runtime.instrumentation.MethodCallReplacementClassAdapter - Adding mock interface to class com/fasterxml/jackson/core/JsonToken
[main] INFO org.evosuite.runtime.instrumentation.CreateClassResetClassAdapter - Found static initializer in class com/fasterxml/jackson/core/JsonToken
[main] INFO org.evosuite.runtime.instrumentation.EvoClassLoader - Keeping class: com.fasterxml.jackson.core.JsonToken
[main] INFO org.evosuite.runtime.instrumentation.EvoClassLoader - Seeing class for first time: com.fasterxml.jackson.databind.node.JsonNodeType
[main] INFO org.evosuite.runtime.instrumentation.EvoClassLoader - Instrumenting class 'com.fasterxml.jackson.databind.node.JsonNodeType'.
[main] INFO org.evosuite.runtime.instrumentation.MethodCallReplacementClassAdapter - Adding mock interface to class com/fasterxml/jackson/databind/node/JsonNodeType
[main] INFO org.evosuite.runtime.instrumentation.CreateClassResetClassAdapter - Found static initializer in class com/fasterxml/jackson/databind/node/JsonNodeType
[main] INFO org.evosuite.runtime.instrumentation.EvoClassLoader - Keeping class: com.fasterxml.jackson.databind.node.JsonNodeType
[main] INFO org.evosuite.runtime.instrumentation.EvoClassLoader - Seeing class for first time: org.apache.avro.Schema$Name
[main] INFO org.evosuite.runtime.instrumentation.EvoClassLoader - Instrumenting class 'org.apache.avro.Schema$Name'.
[main] INFO org.evosuite.runtime.instrumentation.MethodCallReplacementClassAdapter - Adding mock interface to class org/apache/avro/Schema$Name
[main] INFO org.evosuite.runtime.instrumentation.CreateClassResetClassAdapter - Creating brand-new static initializer in class org/apache/avro/Schema$Name
[main] INFO org.evosuite.runtime.instrumentation.EvoClassLoader - Keeping class: org.apache.avro.Schema$Name
[main] INFO org.evosuite.runtime.instrumentation.EvoClassLoader - Seeing class for first time: com.fasterxml.jackson.databind.node.NodeCursor
[main] INFO org.evosuite.runtime.instrumentation.EvoClassLoader - Instrumenting class 'com.fasterxml.jackson.databind.node.NodeCursor'.
[main] INFO org.evosuite.runtime.instrumentation.MethodCallReplacementClassAdapter - Adding mock interface to class com/fasterxml/jackson/databind/node/NodeCursor
[main] INFO org.evosuite.runtime.instrumentation.CreateClassResetClassAdapter - Creating brand-new static initializer in class com/fasterxml/jackson/databind/node/NodeCursor
[main] INFO org.evosuite.runtime.instrumentation.EvoClassLoader - Keeping class: com.fasterxml.jackson.databind.node.NodeCursor
[main] INFO org.evosuite.runtime.instrumentation.EvoClassLoader - Seeing class for first time: com.fasterxml.jackson.databind.node.NodeCursor$RootCursor
[main] INFO org.evosuite.runtime.instrumentation.EvoClassLoader - Instrumenting class 'com.fasterxml.jackson.databind.node.NodeCursor$RootCursor'.
[main] INFO org.evosuite.runtime.instrumentation.MethodCallReplacementClassAdapter - Adding mock interface to class com/fasterxml/jackson/databind/node/NodeCursor$RootCursor
[main] INFO org.evosuite.runtime.instrumentation.CreateClassResetClassAdapter - Creating brand-new static initializer in class com/fasterxml/jackson/databind/node/NodeCursor$RootCursor
[main] INFO org.evosuite.runtime.instrumentation.EvoClassLoader - Keeping class: com.fasterxml.jackson.databind.node.NodeCursor$RootCursor
[main] INFO org.evosuite.runtime.instrumentation.EvoClassLoader - Seeing class for first time: org.apache.avro.util.internal.Accessor$ResolvingGrammarGeneratorAccessor
[main] INFO org.evosuite.runtime.instrumentation.EvoClassLoader - Instrumenting class 'org.apache.avro.util.internal.Accessor$ResolvingGrammarGeneratorAccessor'.
[main] INFO org.evosuite.runtime.instrumentation.MethodCallReplacementClassAdapter - Adding mock interface to class org/apache/avro/util/internal/Accessor$ResolvingGrammarGeneratorAccessor
[main] INFO org.evosuite.runtime.instrumentation.CreateClassResetClassAdapter - Creating brand-new static initializer in class org/apache/avro/util/internal/Accessor$ResolvingGrammarGeneratorAccessor
[main] INFO org.evosuite.runtime.instrumentation.EvoClassLoader - Keeping class: org.apache.avro.util.internal.Accessor$ResolvingGrammarGeneratorAccessor
[main] INFO org.evosuite.runtime.instrumentation.EvoClassLoader - Seeing class for first time: org.apache.avro.data.Json$ObjectReader
[main] INFO org.evosuite.runtime.instrumentation.EvoClassLoader - Instrumenting class 'org.apache.avro.data.Json$ObjectReader'.
[main] INFO org.evosuite.runtime.instrumentation.MethodCallReplacementClassAdapter - Adding mock interface to class org/apache/avro/data/Json$ObjectReader
[main] INFO org.evosuite.runtime.instrumentation.CreateClassResetClassAdapter - Creating brand-new static initializer in class org/apache/avro/data/Json$ObjectReader
[main] INFO org.evosuite.runtime.instrumentation.EvoClassLoader - Keeping class: org.apache.avro.data.Json$ObjectReader
[main] INFO org.evosuite.runtime.instrumentation.EvoClassLoader - Seeing class for first time: com.fasterxml.jackson.core.JsonLocation
[main] INFO org.evosuite.runtime.instrumentation.EvoClassLoader - Instrumenting class 'com.fasterxml.jackson.core.JsonLocation'.
[main] INFO org.evosuite.runtime.instrumentation.MethodCallReplacementClassAdapter - Adding mock interface to class com/fasterxml/jackson/core/JsonLocation
[main] INFO org.evosuite.runtime.instrumentation.CreateClassResetClassAdapter - Found static initializer in class com/fasterxml/jackson/core/JsonLocation
[main] INFO org.evosuite.runtime.instrumentation.EvoClassLoader - Keeping class: com.fasterxml.jackson.core.JsonLocation
[main] INFO org.evosuite.runtime.instrumentation.EvoClassLoader - Seeing class for first time: org.apache.avro.generic.GenericData$InstanceSupplier
[main] INFO org.evosuite.runtime.instrumentation.EvoClassLoader - Instrumenting class 'org.apache.avro.generic.GenericData$InstanceSupplier'.
[main] INFO org.evosuite.runtime.instrumentation.EvoClassLoader - Keeping class: org.apache.avro.generic.GenericData$InstanceSupplier
[main] INFO org.evosuite.runtime.instrumentation.EvoClassLoader - Seeing class for first time: org.apache.avro.reflect.AvroAlias
[main] INFO org.evosuite.runtime.instrumentation.EvoClassLoader - Instrumenting class 'org.apache.avro.reflect.AvroAlias'.
[main] INFO org.evosuite.runtime.instrumentation.EvoClassLoader - Keeping class: org.apache.avro.reflect.AvroAlias
[main] INFO org.evosuite.runtime.instrumentation.EvoClassLoader - Seeing class for first time: org.apache.avro.JsonProperties$2$1$1
[main] INFO org.evosuite.runtime.instrumentation.EvoClassLoader - Instrumenting class 'org.apache.avro.JsonProperties$2$1$1'.
[main] INFO org.evosuite.runtime.instrumentation.MethodCallReplacementClassAdapter - Adding mock interface to class org/apache/avro/JsonProperties$2$1$1
[main] INFO org.evosuite.runtime.instrumentation.EvoClassLoader - Keeping class: org.apache.avro.JsonProperties$2$1$1
[main] INFO org.evosuite.runtime.instrumentation.EvoClassLoader - Seeing class for first time: org.apache.avro.io.FastReaderBuilder
[main] INFO org.evosuite.runtime.instrumentation.EvoClassLoader - Instrumenting class 'org.apache.avro.io.FastReaderBuilder'.
[main] INFO org.evosuite.runtime.instrumentation.MethodCallReplacementClassAdapter - Adding mock interface to class org/apache/avro/io/FastReaderBuilder
[main] INFO org.evosuite.runtime.instrumentation.CreateClassResetClassAdapter - Creating brand-new static initializer in class org/apache/avro/io/FastReaderBuilder
[main] INFO org.evosuite.runtime.instrumentation.EvoClassLoader - Keeping class: org.apache.avro.io.FastReaderBuilder
[main] INFO org.evosuite.runtime.instrumentation.EvoClassLoader - Seeing class for first time: org.apache.avro.io.FastReaderBuilder$FieldReader
[main] INFO org.evosuite.runtime.instrumentation.EvoClassLoader - Instrumenting class 'org.apache.avro.io.FastReaderBuilder$FieldReader'.
[main] INFO org.evosuite.runtime.instrumentation.EvoClassLoader - Keeping class: org.apache.avro.io.FastReaderBuilder$FieldReader
[main] INFO org.evosuite.runtime.instrumentation.EvoClassLoader - Seeing class for first time: com.fasterxml.jackson.databind.deser.impl.NullsConstantProvider
[main] INFO org.evosuite.runtime.instrumentation.EvoClassLoader - Instrumenting class 'com.fasterxml.jackson.databind.deser.impl.NullsConstantProvider'.
[main] INFO org.evosuite.runtime.instrumentation.MethodCallReplacementClassAdapter - Adding mock interface to class com/fasterxml/jackson/databind/deser/impl/NullsConstantProvider
[main] INFO org.evosuite.runtime.instrumentation.CreateClassResetClassAdapter - Found static initializer in class com/fasterxml/jackson/databind/deser/impl/NullsConstantProvider
[main] INFO org.evosuite.runtime.instrumentation.EvoClassLoader - Keeping class: com.fasterxml.jackson.databind.deser.impl.NullsConstantProvider
[main] INFO org.evosuite.runtime.instrumentation.EvoClassLoader - Seeing class for first time: com.fasterxml.jackson.databind.util.AccessPattern
[main] INFO org.evosuite.runtime.instrumentation.EvoClassLoader - Instrumenting class 'com.fasterxml.jackson.databind.util.AccessPattern'.
[main] INFO org.evosuite.runtime.instrumentation.MethodCallReplacementClassAdapter - Adding mock interface to class com/fasterxml/jackson/databind/util/AccessPattern
[main] INFO org.evosuite.runtime.instrumentation.CreateClassResetClassAdapter - Found static initializer in class com/fasterxml/jackson/databind/util/AccessPattern
[main] INFO org.evosuite.runtime.instrumentation.EvoClassLoader - Keeping class: com.fasterxml.jackson.databind.util.AccessPattern
[main] INFO org.evosuite.runtime.instrumentation.EvoClassLoader - Seeing class for first time: org.apache.avro.file.DataFileConstants
[main] INFO org.evosuite.runtime.instrumentation.EvoClassLoader - Instrumenting class 'org.apache.avro.file.DataFileConstants'.
[main] INFO org.evosuite.runtime.instrumentation.MethodCallReplacementClassAdapter - Adding mock interface to class org/apache/avro/file/DataFileConstants
[main] INFO org.evosuite.runtime.instrumentation.CreateClassResetClassAdapter - Found static initializer in class org/apache/avro/file/DataFileConstants
[main] INFO org.evosuite.runtime.instrumentation.EvoClassLoader - Keeping class: org.apache.avro.file.DataFileConstants
[main] INFO org.evosuite.runtime.instrumentation.EvoClassLoader - Seeing class for first time: org.apache.avro.io.EncoderFactory
[main] INFO org.evosuite.runtime.instrumentation.EvoClassLoader - Instrumenting class 'org.apache.avro.io.EncoderFactory'.
[main] INFO org.evosuite.runtime.instrumentation.MethodCallReplacementClassAdapter - Adding mock interface to class org/apache/avro/io/EncoderFactory
[main] INFO org.evosuite.runtime.instrumentation.CreateClassResetClassAdapter - Found static initializer in class org/apache/avro/io/EncoderFactory
[main] INFO org.evosuite.runtime.instrumentation.EvoClassLoader - Keeping class: org.apache.avro.io.EncoderFactory
[main] INFO org.evosuite.runtime.instrumentation.EvoClassLoader - Seeing class for first time: org.apache.avro.io.BlockingBinaryEncoder
[main] INFO org.evosuite.runtime.instrumentation.EvoClassLoader - Instrumenting class 'org.apache.avro.io.BlockingBinaryEncoder'.
[main] INFO org.evosuite.runtime.instrumentation.MethodCallReplacementClassAdapter - Adding mock interface to class org/apache/avro/io/BlockingBinaryEncoder
[main] INFO org.evosuite.runtime.instrumentation.CreateClassResetClassAdapter - Found static initializer in class org/apache/avro/io/BlockingBinaryEncoder
[main] INFO org.evosuite.runtime.instrumentation.EvoClassLoader - Keeping class: org.apache.avro.io.BlockingBinaryEncoder
[main] INFO org.evosuite.runtime.instrumentation.EvoClassLoader - Seeing class for first time: org.apache.avro.io.DirectBinaryEncoder
[main] INFO org.evosuite.runtime.instrumentation.EvoClassLoader - Instrumenting class 'org.apache.avro.io.DirectBinaryEncoder'.
[main] INFO org.evosuite.runtime.instrumentation.MethodCallReplacementClassAdapter - Adding mock interface to class org/apache/avro/io/DirectBinaryEncoder
[main] INFO org.evosuite.runtime.instrumentation.CreateClassResetClassAdapter - Creating brand-new static initializer in class org/apache/avro/io/DirectBinaryEncoder
[main] INFO org.evosuite.runtime.instrumentation.EvoClassLoader - Keeping class: org.apache.avro.io.DirectBinaryEncoder
[main] INFO org.evosuite.runtime.instrumentation.EvoClassLoader - Seeing class for first time: org.apache.avro.io.EncoderFactory$DefaultEncoderFactory
[main] INFO org.evosuite.runtime.instrumentation.EvoClassLoader - Instrumenting class 'org.apache.avro.io.EncoderFactory$DefaultEncoderFactory'.
[main] INFO org.evosuite.runtime.instrumentation.MethodCallReplacementClassAdapter - Adding mock interface to class org/apache/avro/io/EncoderFactory$DefaultEncoderFactory
[main] INFO org.evosuite.runtime.instrumentation.CreateClassResetClassAdapter - Creating brand-new static initializer in class org/apache/avro/io/EncoderFactory$DefaultEncoderFactory
[main] INFO org.evosuite.runtime.instrumentation.EvoClassLoader - Keeping class: org.apache.avro.io.EncoderFactory$DefaultEncoderFactory
[main] INFO org.evosuite.runtime.instrumentation.EvoClassLoader - Seeing class for first time: org.apache.avro.file.SeekableByteArrayInput
[main] INFO org.evosuite.runtime.instrumentation.EvoClassLoader - Instrumenting class 'org.apache.avro.file.SeekableByteArrayInput'.
[main] INFO org.evosuite.runtime.instrumentation.MethodCallReplacementClassAdapter - Adding mock interface to class org/apache/avro/file/SeekableByteArrayInput
[main] INFO org.evosuite.runtime.instrumentation.CreateClassResetClassAdapter - Creating brand-new static initializer in class org/apache/avro/file/SeekableByteArrayInput
[main] INFO org.evosuite.runtime.instrumentation.EvoClassLoader - Keeping class: org.apache.avro.file.SeekableByteArrayInput
[main] INFO org.evosuite.runtime.instrumentation.EvoClassLoader - Seeing class for first time: org.apache.avro.reflect.Stringable
[main] INFO org.evosuite.runtime.instrumentation.EvoClassLoader - Instrumenting class 'org.apache.avro.reflect.Stringable'.
[main] INFO org.evosuite.runtime.instrumentation.EvoClassLoader - Keeping class: org.apache.avro.reflect.Stringable
[main] INFO org.evosuite.runtime.instrumentation.EvoClassLoader - Seeing class for first time: org.apache.avro.Schema$SeenPair
[main] INFO org.evosuite.runtime.instrumentation.EvoClassLoader - Instrumenting class 'org.apache.avro.Schema$SeenPair'.
[main] INFO org.evosuite.runtime.instrumentation.MethodCallReplacementClassAdapter - Adding mock interface to class org/apache/avro/Schema$SeenPair
[main] INFO org.evosuite.runtime.instrumentation.CreateClassResetClassAdapter - Creating brand-new static initializer in class org/apache/avro/Schema$SeenPair
[main] INFO org.evosuite.runtime.instrumentation.EvoClassLoader - Keeping class: org.apache.avro.Schema$SeenPair
[main] INFO org.evosuite.runtime.instrumentation.EvoClassLoader - Seeing class for first time: org.apache.avro.io.DecoderFactory$DefaultDecoderFactory
[main] INFO org.evosuite.runtime.instrumentation.EvoClassLoader - Instrumenting class 'org.apache.avro.io.DecoderFactory$DefaultDecoderFactory'.
[main] INFO org.evosuite.runtime.instrumentation.MethodCallReplacementClassAdapter - Adding mock interface to class org/apache/avro/io/DecoderFactory$DefaultDecoderFactory
[main] INFO org.evosuite.runtime.instrumentation.CreateClassResetClassAdapter - Creating brand-new static initializer in class org/apache/avro/io/DecoderFactory$DefaultDecoderFactory
[main] INFO org.evosuite.runtime.instrumentation.EvoClassLoader - Seeing class for first time: org.apache.avro.io.DecoderFactory
[main] INFO org.evosuite.runtime.instrumentation.EvoClassLoader - Instrumenting class 'org.apache.avro.io.DecoderFactory'.
[main] INFO org.evosuite.runtime.instrumentation.MethodCallReplacementClassAdapter - Adding mock interface to class org/apache/avro/io/DecoderFactory
[main] INFO org.evosuite.runtime.instrumentation.CreateClassResetClassAdapter - Found static initializer in class org/apache/avro/io/DecoderFactory
[main] INFO org.evosuite.runtime.instrumentation.EvoClassLoader - Keeping class: org.apache.avro.io.DecoderFactory
[main] INFO org.evosuite.runtime.instrumentation.EvoClassLoader - Keeping class: org.apache.avro.io.DecoderFactory$DefaultDecoderFactory
[main] INFO org.evosuite.runtime.instrumentation.EvoClassLoader - Seeing class for first time: org.apache.avro.generic.GenericData$StringType
[main] INFO org.evosuite.runtime.instrumentation.EvoClassLoader - Instrumenting class 'org.apache.avro.generic.GenericData$StringType'.
[main] INFO org.evosuite.runtime.instrumentation.MethodCallReplacementClassAdapter - Adding mock interface to class org/apache/avro/generic/GenericData$StringType
[main] INFO org.evosuite.runtime.instrumentation.CreateClassResetClassAdapter - Found static initializer in class org/apache/avro/generic/GenericData$StringType
[main] INFO org.evosuite.runtime.instrumentation.EvoClassLoader - Keeping class: org.apache.avro.generic.GenericData$StringType
[main] INFO org.evosuite.runtime.instrumentation.EvoClassLoader - Seeing class for first time: org.apache.avro.Conversion
[main] INFO org.evosuite.runtime.instrumentation.EvoClassLoader - Instrumenting class 'org.apache.avro.Conversion'.
[main] INFO org.evosuite.runtime.instrumentation.MethodCallReplacementClassAdapter - Adding mock interface to class org/apache/avro/Conversion
[main] INFO org.evosuite.runtime.instrumentation.CreateClassResetClassAdapter - Creating brand-new static initializer in class org/apache/avro/Conversion
[main] INFO org.evosuite.runtime.instrumentation.EvoClassLoader - Keeping class: org.apache.avro.Conversion
[main] INFO org.evosuite.runtime.instrumentation.EvoClassLoader - Seeing class for first time: org.apache.avro.JsonProperties$2$1
[main] INFO org.evosuite.runtime.instrumentation.EvoClassLoader - Instrumenting class 'org.apache.avro.JsonProperties$2$1'.
[main] INFO org.evosuite.runtime.instrumentation.MethodCallReplacementClassAdapter - Adding mock interface to class org/apache/avro/JsonProperties$2$1
[main] INFO org.evosuite.runtime.instrumentation.EvoClassLoader - Keeping class: org.apache.avro.JsonProperties$2$1
[main] INFO org.evosuite.runtime.instrumentation.EvoClassLoader - Seeing class for first time: com.fasterxml.jackson.databind.deser.impl.ReadableObjectId$Referring
[main] INFO org.evosuite.runtime.instrumentation.EvoClassLoader - Instrumenting class 'com.fasterxml.jackson.databind.deser.impl.ReadableObjectId$Referring'.
[main] INFO org.evosuite.runtime.instrumentation.MethodCallReplacementClassAdapter - Adding mock interface to class com/fasterxml/jackson/databind/deser/impl/ReadableObjectId$Referring
[main] INFO org.evosuite.runtime.instrumentation.CreateClassResetClassAdapter - Creating brand-new static initializer in class com/fasterxml/jackson/databind/deser/impl/ReadableObjectId$Referring
[main] INFO org.evosuite.runtime.instrumentation.EvoClassLoader - Keeping class: com.fasterxml.jackson.databind.deser.impl.ReadableObjectId$Referring
[main] INFO org.evosuite.runtime.instrumentation.EvoClassLoader - Seeing class for first time: com.fasterxml.jackson.databind.deser.BeanDeserializer$BeanReferring
[main] INFO org.evosuite.runtime.instrumentation.EvoClassLoader - Instrumenting class 'com.fasterxml.jackson.databind.deser.BeanDeserializer$BeanReferring'.
[main] INFO org.evosuite.runtime.instrumentation.MethodCallReplacementClassAdapter - Adding mock interface to class com/fasterxml/jackson/databind/deser/BeanDeserializer$BeanReferring
[main] INFO org.evosuite.runtime.instrumentation.CreateClassResetClassAdapter - Creating brand-new static initializer in class com/fasterxml/jackson/databind/deser/BeanDeserializer$BeanReferring
[main] INFO org.evosuite.runtime.instrumentation.EvoClassLoader - Keeping class: com.fasterxml.jackson.databind.deser.BeanDeserializer$BeanReferring
[main] INFO org.evosuite.runtime.instrumentation.EvoClassLoader - Seeing class for first time: com.fasterxml.jackson.databind.deser.impl.BeanAsArrayDeserializer
[main] INFO org.evosuite.runtime.instrumentation.EvoClassLoader - Instrumenting class 'com.fasterxml.jackson.databind.deser.impl.BeanAsArrayDeserializer'.
[main] INFO org.evosuite.runtime.instrumentation.MethodCallReplacementClassAdapter - Adding mock interface to class com/fasterxml/jackson/databind/deser/impl/BeanAsArrayDeserializer
[main] INFO org.evosuite.runtime.instrumentation.CreateClassResetClassAdapter - Creating brand-new static initializer in class com/fasterxml/jackson/databind/deser/impl/BeanAsArrayDeserializer
[main] INFO org.evosuite.runtime.instrumentation.EvoClassLoader - Keeping class: com.fasterxml.jackson.databind.deser.impl.BeanAsArrayDeserializer
[main] INFO org.evosuite.runtime.instrumentation.EvoClassLoader - Seeing class for first time: org.apache.avro.file.DataFileStream$Header
[main] INFO org.evosuite.runtime.instrumentation.EvoClassLoader - Instrumenting class 'org.apache.avro.file.DataFileStream$Header'.
[main] INFO org.evosuite.runtime.instrumentation.MethodCallReplacementClassAdapter - Adding mock interface to class org/apache/avro/file/DataFileStream$Header
[main] INFO org.evosuite.runtime.instrumentation.CreateClassResetClassAdapter - Creating brand-new static initializer in class org/apache/avro/file/DataFileStream$Header
[main] INFO org.evosuite.runtime.instrumentation.EvoClassLoader - Keeping class: org.apache.avro.file.DataFileStream$Header
[main] INFO org.evosuite.runtime.instrumentation.EvoClassLoader - Seeing class for first time: org.apache.avro.util.MapUtil
[main] INFO org.evosuite.runtime.instrumentation.EvoClassLoader - Instrumenting class 'org.apache.avro.util.MapUtil'.
[main] INFO org.evosuite.runtime.instrumentation.MethodCallReplacementClassAdapter - Adding mock interface to class org/apache/avro/util/MapUtil
[main] INFO org.evosuite.runtime.instrumentation.CreateClassResetClassAdapter - Creating brand-new static initializer in class org/apache/avro/util/MapUtil
[main] INFO org.evosuite.runtime.instrumentation.EvoClassLoader - Keeping class: org.apache.avro.util.MapUtil
[main] INFO org.evosuite.runtime.instrumentation.EvoClassLoader - Seeing class for first time: com.fasterxml.jackson.databind.util.TypeKey
[main] INFO org.evosuite.runtime.instrumentation.EvoClassLoader - Instrumenting class 'com.fasterxml.jackson.databind.util.TypeKey'.
[main] INFO org.evosuite.runtime.instrumentation.MethodCallReplacementClassAdapter - Adding mock interface to class com/fasterxml/jackson/databind/util/TypeKey
[main] INFO org.evosuite.runtime.instrumentation.CreateClassResetClassAdapter - Creating brand-new static initializer in class com/fasterxml/jackson/databind/util/TypeKey
[main] INFO org.evosuite.runtime.instrumentation.EvoClassLoader - Keeping class: com.fasterxml.jackson.databind.util.TypeKey
[main] INFO org.evosuite.runtime.instrumentation.EvoClassLoader - Seeing class for first time: com.fasterxml.jackson.databind.deser.std.UntypedObjectDeserializer$Vanilla
[main] INFO org.evosuite.runtime.instrumentation.EvoClassLoader - Instrumenting class 'com.fasterxml.jackson.databind.deser.std.UntypedObjectDeserializer$Vanilla'.
[main] INFO org.evosuite.runtime.instrumentation.MethodCallReplacementClassAdapter - Adding mock interface to class com/fasterxml/jackson/databind/deser/std/UntypedObjectDeserializer$Vanilla
[main] INFO org.evosuite.runtime.instrumentation.CreateClassResetClassAdapter - Found static initializer in class com/fasterxml/jackson/databind/deser/std/UntypedObjectDeserializer$Vanilla
[main] INFO org.evosuite.runtime.instrumentation.EvoClassLoader - Keeping class: com.fasterxml.jackson.databind.deser.std.UntypedObjectDeserializer$Vanilla
[main] INFO org.evosuite.runtime.instrumentation.EvoClassLoader - Seeing class for first time: org.apache.avro.data.Json$ObjectWriter
[main] INFO org.evosuite.runtime.instrumentation.EvoClassLoader - Instrumenting class 'org.apache.avro.data.Json$ObjectWriter'.
[main] INFO org.evosuite.runtime.instrumentation.MethodCallReplacementClassAdapter - Adding mock interface to class org/apache/avro/data/Json$ObjectWriter
[main] INFO org.evosuite.runtime.instrumentation.CreateClassResetClassAdapter - Creating brand-new static initializer in class org/apache/avro/data/Json$ObjectWriter
[main] INFO org.evosuite.runtime.instrumentation.EvoClassLoader - Keeping class: org.apache.avro.data.Json$ObjectWriter
[main] INFO org.evosuite.runtime.instrumentation.EvoClassLoader - Seeing class for first time: com.fasterxml.jackson.core.filter.TokenFilterContext
[main] INFO org.evosuite.runtime.instrumentation.EvoClassLoader - Instrumenting class 'com.fasterxml.jackson.core.filter.TokenFilterContext'.
[main] INFO org.evosuite.runtime.instrumentation.MethodCallReplacementClassAdapter - Adding mock interface to class com/fasterxml/jackson/core/filter/TokenFilterContext
[main] INFO org.evosuite.runtime.instrumentation.CreateClassResetClassAdapter - Creating brand-new static initializer in class com/fasterxml/jackson/core/filter/TokenFilterContext
[main] INFO org.evosuite.runtime.instrumentation.EvoClassLoader - Keeping class: com.fasterxml.jackson.core.filter.TokenFilterContext
[main] INFO org.evosuite.runtime.instrumentation.EvoClassLoader - Seeing class for first time: org.apache.avro.file.DataFileReader
[main] INFO org.evosuite.runtime.instrumentation.EvoClassLoader - Instrumenting class 'org.apache.avro.file.DataFileReader'.
[main] INFO org.evosuite.runtime.instrumentation.MethodCallReplacementClassAdapter - Adding mock interface to class org/apache/avro/file/DataFileReader
[main] INFO org.evosuite.runtime.instrumentation.CreateClassResetClassAdapter - Creating brand-new static initializer in class org/apache/avro/file/DataFileReader
[main] INFO org.evosuite.runtime.instrumentation.EvoClassLoader - Keeping class: org.apache.avro.file.DataFileReader
[main] INFO org.evosuite.runtime.instrumentation.EvoClassLoader - Seeing class for first time: com.fasterxml.jackson.databind.deser.ValueInstantiator
[main] INFO org.evosuite.runtime.instrumentation.EvoClassLoader - Instrumenting class 'com.fasterxml.jackson.databind.deser.ValueInstantiator'.
[main] INFO org.evosuite.runtime.instrumentation.MethodCallReplacementClassAdapter - Adding mock interface to class com/fasterxml/jackson/databind/deser/ValueInstantiator
[main] INFO org.evosuite.runtime.instrumentation.CreateClassResetClassAdapter - Creating brand-new static initializer in class com/fasterxml/jackson/databind/deser/ValueInstantiator
[main] INFO org.evosuite.runtime.instrumentation.EvoClassLoader - Keeping class: com.fasterxml.jackson.databind.deser.ValueInstantiator
[main] INFO org.evosuite.runtime.instrumentation.EvoClassLoader - Seeing class for first time: com.fasterxml.jackson.databind.deser.ValueInstantiator$Base
[main] INFO org.evosuite.runtime.instrumentation.EvoClassLoader - Instrumenting class 'com.fasterxml.jackson.databind.deser.ValueInstantiator$Base'.
[main] INFO org.evosuite.runtime.instrumentation.MethodCallReplacementClassAdapter - Adding mock interface to class com/fasterxml/jackson/databind/deser/ValueInstantiator$Base
[main] INFO org.evosuite.runtime.instrumentation.CreateClassResetClassAdapter - Creating brand-new static initializer in class com/fasterxml/jackson/databind/deser/ValueInstantiator$Base
[main] INFO org.evosuite.runtime.instrumentation.EvoClassLoader - Keeping class: com.fasterxml.jackson.databind.deser.ValueInstantiator$Base
[main] INFO org.evosuite.runtime.instrumentation.EvoClassLoader - Seeing class for first time: com.fasterxml.jackson.databind.type.TypeBindings$AsKey
[main] INFO org.evosuite.runtime.instrumentation.EvoClassLoader - Instrumenting class 'com.fasterxml.jackson.databind.type.TypeBindings$AsKey'.
[main] INFO org.evosuite.runtime.instrumentation.MethodCallReplacementClassAdapter - Adding mock interface to class com/fasterxml/jackson/databind/type/TypeBindings$AsKey
[main] INFO org.evosuite.runtime.instrumentation.CreateClassResetClassAdapter - Creating brand-new static initializer in class com/fasterxml/jackson/databind/type/TypeBindings$AsKey
[main] INFO org.evosuite.runtime.instrumentation.EvoClassLoader - Keeping class: com.fasterxml.jackson.databind.type.TypeBindings$AsKey
[main] INFO org.evosuite.runtime.instrumentation.EvoClassLoader - Seeing class for first time: org.apache.commons.compress.compressors.xz.XZCompressorInputStream
[main] INFO org.evosuite.runtime.instrumentation.EvoClassLoader - Instrumenting class 'org.apache.commons.compress.compressors.xz.XZCompressorInputStream'.
[main] INFO org.evosuite.runtime.instrumentation.MethodCallReplacementClassAdapter - Adding mock interface to class org/apache/commons/compress/compressors/xz/XZCompressorInputStream
[main] INFO org.evosuite.runtime.instrumentation.CreateClassResetClassAdapter - Creating brand-new static initializer in class org/apache/commons/compress/compressors/xz/XZCompressorInputStream
[main] INFO org.evosuite.runtime.instrumentation.EvoClassLoader - Defined package (3): package org.apache.commons.compress.compressors.xz, 1229275730
[main] INFO org.evosuite.runtime.instrumentation.EvoClassLoader - Seeing class for first time: org.apache.commons.compress.utils.InputStreamStatistics
[main] INFO org.evosuite.runtime.instrumentation.EvoClassLoader - Instrumenting class 'org.apache.commons.compress.utils.InputStreamStatistics'.
[main] INFO org.evosuite.runtime.instrumentation.EvoClassLoader - Keeping class: org.apache.commons.compress.utils.InputStreamStatistics
[main] INFO org.evosuite.runtime.instrumentation.EvoClassLoader - Seeing class for first time: org.apache.commons.compress.compressors.CompressorInputStream
[main] INFO org.evosuite.runtime.instrumentation.EvoClassLoader - Instrumenting class 'org.apache.commons.compress.compressors.CompressorInputStream'.
[main] INFO org.evosuite.runtime.instrumentation.MethodCallReplacementClassAdapter - Adding mock interface to class org/apache/commons/compress/compressors/CompressorInputStream
[main] INFO org.evosuite.runtime.instrumentation.CreateClassResetClassAdapter - Creating brand-new static initializer in class org/apache/commons/compress/compressors/CompressorInputStream
[main] INFO org.evosuite.runtime.instrumentation.EvoClassLoader - Defined package (3): package org.apache.commons.compress.compressors, 1667222686
[main] INFO org.evosuite.runtime.instrumentation.EvoClassLoader - Keeping class: org.apache.commons.compress.compressors.CompressorInputStream
[main] INFO org.evosuite.runtime.instrumentation.EvoClassLoader - Keeping class: org.apache.commons.compress.compressors.xz.XZCompressorInputStream
[main] INFO org.evosuite.runtime.instrumentation.EvoClassLoader - Seeing class for first time: org.apache.commons.compress.compressors.xz.XZCompressorOutputStream
[main] INFO org.evosuite.runtime.instrumentation.EvoClassLoader - Instrumenting class 'org.apache.commons.compress.compressors.xz.XZCompressorOutputStream'.
[main] INFO org.evosuite.runtime.instrumentation.MethodCallReplacementClassAdapter - Adding mock interface to class org/apache/commons/compress/compressors/xz/XZCompressorOutputStream
[main] INFO org.evosuite.runtime.instrumentation.CreateClassResetClassAdapter - Creating brand-new static initializer in class org/apache/commons/compress/compressors/xz/XZCompressorOutputStream
[main] INFO org.evosuite.runtime.instrumentation.EvoClassLoader - Seeing class for first time: org.apache.commons.compress.compressors.CompressorOutputStream
[main] INFO org.evosuite.runtime.instrumentation.EvoClassLoader - Instrumenting class 'org.apache.commons.compress.compressors.CompressorOutputStream'.
[main] INFO org.evosuite.runtime.instrumentation.MethodCallReplacementClassAdapter - Adding mock interface to class org/apache/commons/compress/compressors/CompressorOutputStream
[main] INFO org.evosuite.runtime.instrumentation.CreateClassResetClassAdapter - Creating brand-new static initializer in class org/apache/commons/compress/compressors/CompressorOutputStream
[main] INFO org.evosuite.runtime.instrumentation.EvoClassLoader - Keeping class: org.apache.commons.compress.compressors.CompressorOutputStream
[main] INFO org.evosuite.runtime.instrumentation.EvoClassLoader - Keeping class: org.apache.commons.compress.compressors.xz.XZCompressorOutputStream
[main] INFO org.evosuite.runtime.instrumentation.EvoClassLoader - Seeing class for first time: com.fasterxml.jackson.databind.jsontype.PolymorphicTypeValidator$Validity
[main] INFO org.evosuite.runtime.instrumentation.EvoClassLoader - Instrumenting class 'com.fasterxml.jackson.databind.jsontype.PolymorphicTypeValidator$Validity'.
[main] INFO org.evosuite.runtime.instrumentation.MethodCallReplacementClassAdapter - Adding mock interface to class com/fasterxml/jackson/databind/jsontype/PolymorphicTypeValidator$Validity
[main] INFO org.evosuite.runtime.instrumentation.CreateClassResetClassAdapter - Found static initializer in class com/fasterxml/jackson/databind/jsontype/PolymorphicTypeValidator$Validity
[main] INFO org.evosuite.runtime.instrumentation.EvoClassLoader - Keeping class: com.fasterxml.jackson.databind.jsontype.PolymorphicTypeValidator$Validity
[main] INFO org.evosuite.runtime.instrumentation.EvoClassLoader - Seeing class for first time: com.fasterxml.jackson.core.json.JsonReadFeature
[main] INFO org.evosuite.runtime.instrumentation.EvoClassLoader - Instrumenting class 'com.fasterxml.jackson.core.json.JsonReadFeature'.
[main] INFO org.evosuite.runtime.instrumentation.MethodCallReplacementClassAdapter - Adding mock interface to class com/fasterxml/jackson/core/json/JsonReadFeature
[main] INFO org.evosuite.runtime.instrumentation.CreateClassResetClassAdapter - Found static initializer in class com/fasterxml/jackson/core/json/JsonReadFeature
[main] INFO org.evosuite.runtime.instrumentation.EvoClassLoader - Seeing class for first time: com.fasterxml.jackson.core.FormatFeature
[main] INFO org.evosuite.runtime.instrumentation.EvoClassLoader - Instrumenting class 'com.fasterxml.jackson.core.FormatFeature'.
[main] INFO org.evosuite.runtime.instrumentation.EvoClassLoader - Keeping class: com.fasterxml.jackson.core.FormatFeature
[main] INFO org.evosuite.runtime.instrumentation.EvoClassLoader - Keeping class: com.fasterxml.jackson.core.json.JsonReadFeature
[main] INFO org.evosuite.runtime.instrumentation.EvoClassLoader - Seeing class for first time: com.fasterxml.jackson.core.json.JsonWriteFeature
[main] INFO org.evosuite.runtime.instrumentation.EvoClassLoader - Instrumenting class 'com.fasterxml.jackson.core.json.JsonWriteFeature'.
[main] INFO org.evosuite.runtime.instrumentation.MethodCallReplacementClassAdapter - Adding mock interface to class com/fasterxml/jackson/core/json/JsonWriteFeature
[main] INFO org.evosuite.runtime.instrumentation.CreateClassResetClassAdapter - Found static initializer in class com/fasterxml/jackson/core/json/JsonWriteFeature
[main] INFO org.evosuite.runtime.instrumentation.EvoClassLoader - Keeping class: com.fasterxml.jackson.core.json.JsonWriteFeature
[main] INFO org.evosuite.runtime.instrumentation.EvoClassLoader - Seeing class for first time: com.fasterxml.jackson.core.io.CharacterEscapes
[main] INFO org.evosuite.runtime.instrumentation.EvoClassLoader - Instrumenting class 'com.fasterxml.jackson.core.io.CharacterEscapes'.
[main] INFO org.evosuite.runtime.instrumentation.MethodCallReplacementClassAdapter - Adding mock interface to class com/fasterxml/jackson/core/io/CharacterEscapes
[main] INFO org.evosuite.runtime.instrumentation.CreateClassResetClassAdapter - Creating brand-new static initializer in class com/fasterxml/jackson/core/io/CharacterEscapes
[main] INFO org.evosuite.runtime.instrumentation.CreateClassResetClassAdapter - Adding bytecode for initializing field ESCAPE_NONE
[main] INFO org.evosuite.runtime.instrumentation.CreateClassResetClassAdapter - Adding bytecode for initializing field ESCAPE_STANDARD
[main] INFO org.evosuite.runtime.instrumentation.CreateClassResetClassAdapter - Adding bytecode for initializing field ESCAPE_CUSTOM
[main] INFO org.evosuite.runtime.instrumentation.EvoClassLoader - Keeping class: com.fasterxml.jackson.core.io.CharacterEscapes
[main] INFO org.evosuite.runtime.instrumentation.EvoClassLoader - Seeing class for first time: com.fasterxml.jackson.databind.deser.BeanDeserializerBuilder
[main] INFO org.evosuite.runtime.instrumentation.EvoClassLoader - Instrumenting class 'com.fasterxml.jackson.databind.deser.BeanDeserializerBuilder'.
[main] INFO org.evosuite.runtime.instrumentation.MethodCallReplacementClassAdapter - Adding mock interface to class com/fasterxml/jackson/databind/deser/BeanDeserializerBuilder
[main] INFO org.evosuite.runtime.instrumentation.CreateClassResetClassAdapter - Creating brand-new static initializer in class com/fasterxml/jackson/databind/deser/BeanDeserializerBuilder
[main] INFO org.evosuite.runtime.instrumentation.EvoClassLoader - Keeping class: com.fasterxml.jackson.databind.deser.BeanDeserializerBuilder
[main] INFO org.evosuite.runtime.instrumentation.EvoClassLoader - Seeing class for first time: com.fasterxml.jackson.annotation.JsonFormat$Feature
[main] INFO org.evosuite.runtime.instrumentation.EvoClassLoader - Instrumenting class 'com.fasterxml.jackson.annotation.JsonFormat$Feature'.
[main] INFO org.evosuite.runtime.instrumentation.MethodCallReplacementClassAdapter - Adding mock interface to class com/fasterxml/jackson/annotation/JsonFormat$Feature
[main] INFO org.evosuite.runtime.instrumentation.CreateClassResetClassAdapter - Found static initializer in class com/fasterxml/jackson/annotation/JsonFormat$Feature
[main] INFO org.evosuite.runtime.instrumentation.EvoClassLoader - Keeping class: com.fasterxml.jackson.annotation.JsonFormat$Feature
[main] INFO org.evosuite.runtime.instrumentation.EvoClassLoader - Seeing class for first time: com.fasterxml.jackson.databind.util.CompactStringObjectMap
[main] INFO org.evosuite.runtime.instrumentation.EvoClassLoader - Instrumenting class 'com.fasterxml.jackson.databind.util.CompactStringObjectMap'.
[main] INFO org.evosuite.runtime.instrumentation.MethodCallReplacementClassAdapter - Adding mock interface to class com/fasterxml/jackson/databind/util/CompactStringObjectMap
[main] INFO org.evosuite.runtime.instrumentation.CreateClassResetClassAdapter - Found static initializer in class com/fasterxml/jackson/databind/util/CompactStringObjectMap
[main] INFO org.evosuite.runtime.instrumentation.EvoClassLoader - Keeping class: com.fasterxml.jackson.databind.util.CompactStringObjectMap
[main] INFO org.evosuite.runtime.instrumentation.EvoClassLoader - Seeing class for first time: com.fasterxml.jackson.databind.introspect.AnnotationMap
[main] INFO org.evosuite.runtime.instrumentation.EvoClassLoader - Instrumenting class 'com.fasterxml.jackson.databind.introspect.AnnotationMap'.
[main] INFO org.evosuite.runtime.instrumentation.MethodCallReplacementClassAdapter - Adding mock interface to class com/fasterxml/jackson/databind/introspect/AnnotationMap
[main] INFO org.evosuite.runtime.instrumentation.CreateClassResetClassAdapter - Creating brand-new static initializer in class com/fasterxml/jackson/databind/introspect/AnnotationMap
[main] INFO org.evosuite.runtime.instrumentation.EvoClassLoader - Keeping class: com.fasterxml.jackson.databind.introspect.AnnotationMap
[main] INFO org.evosuite.runtime.instrumentation.EvoClassLoader - Seeing class for first time: com.fasterxml.jackson.databind.cfg.HandlerInstantiator
[main] INFO org.evosuite.runtime.instrumentation.EvoClassLoader - Instrumenting class 'com.fasterxml.jackson.databind.cfg.HandlerInstantiator'.
[main] INFO org.evosuite.runtime.instrumentation.MethodCallReplacementClassAdapter - Adding mock interface to class com/fasterxml/jackson/databind/cfg/HandlerInstantiator
[main] INFO org.evosuite.runtime.instrumentation.CreateClassResetClassAdapter - Creating brand-new static initializer in class com/fasterxml/jackson/databind/cfg/HandlerInstantiator
[main] INFO org.evosuite.runtime.instrumentation.EvoClassLoader - Keeping class: com.fasterxml.jackson.databind.cfg.HandlerInstantiator
[main] INFO org.evosuite.runtime.instrumentation.EvoClassLoader - Seeing class for first time: com.fasterxml.jackson.databind.PropertyNamingStrategy
[main] INFO org.evosuite.runtime.instrumentation.EvoClassLoader - Instrumenting class 'com.fasterxml.jackson.databind.PropertyNamingStrategy'.
[main] INFO org.evosuite.runtime.instrumentation.MethodCallReplacementClassAdapter - Adding mock interface to class com/fasterxml/jackson/databind/PropertyNamingStrategy
[main] INFO org.evosuite.runtime.instrumentation.CreateClassResetClassAdapter - Found static initializer in class com/fasterxml/jackson/databind/PropertyNamingStrategy
[main] INFO org.evosuite.runtime.instrumentation.EvoClassLoader - Keeping class: com.fasterxml.jackson.databind.PropertyNamingStrategy
[main] INFO org.evosuite.runtime.instrumentation.EvoClassLoader - Seeing class for first time: com.fasterxml.jackson.annotation.JsonIgnoreProperties$Value
[main] INFO org.evosuite.runtime.instrumentation.EvoClassLoader - Instrumenting class 'com.fasterxml.jackson.annotation.JsonIgnoreProperties$Value'.
[main] INFO org.evosuite.runtime.instrumentation.MethodCallReplacementClassAdapter - Adding mock interface to class com/fasterxml/jackson/annotation/JsonIgnoreProperties$Value
[main] INFO org.evosuite.runtime.instrumentation.CreateClassResetClassAdapter - Found static initializer in class com/fasterxml/jackson/annotation/JsonIgnoreProperties$Value
[main] INFO org.evosuite.runtime.instrumentation.EvoClassLoader - Keeping class: com.fasterxml.jackson.annotation.JsonIgnoreProperties$Value
[main] INFO org.evosuite.runtime.instrumentation.EvoClassLoader - Seeing class for first time: com.fasterxml.jackson.annotation.JsonIncludeProperties$Value
[main] INFO org.evosuite.runtime.instrumentation.EvoClassLoader - Instrumenting class 'com.fasterxml.jackson.annotation.JsonIncludeProperties$Value'.
[main] INFO org.evosuite.runtime.instrumentation.MethodCallReplacementClassAdapter - Adding mock interface to class com/fasterxml/jackson/annotation/JsonIncludeProperties$Value
[main] INFO org.evosuite.runtime.instrumentation.CreateClassResetClassAdapter - Found static initializer in class com/fasterxml/jackson/annotation/JsonIncludeProperties$Value
[main] INFO org.evosuite.runtime.instrumentation.EvoClassLoader - Keeping class: com.fasterxml.jackson.annotation.JsonIncludeProperties$Value
[main] INFO org.evosuite.runtime.instrumentation.EvoClassLoader - Seeing class for first time: com.fasterxml.jackson.databind.deser.impl.ReadableObjectId
[main] INFO org.evosuite.runtime.instrumentation.EvoClassLoader - Instrumenting class 'com.fasterxml.jackson.databind.deser.impl.ReadableObjectId'.
[main] INFO org.evosuite.runtime.instrumentation.MethodCallReplacementClassAdapter - Adding mock interface to class com/fasterxml/jackson/databind/deser/impl/ReadableObjectId
[main] INFO org.evosuite.runtime.instrumentation.CreateClassResetClassAdapter - Creating brand-new static initializer in class com/fasterxml/jackson/databind/deser/impl/ReadableObjectId
[main] INFO org.evosuite.runtime.instrumentation.EvoClassLoader - Keeping class: com.fasterxml.jackson.databind.deser.impl.ReadableObjectId
[main] INFO org.evosuite.runtime.instrumentation.EvoClassLoader - Seeing class for first time: com.fasterxml.jackson.databind.jsonFormatVisitors.JsonFormatVisitorWrapper
[main] INFO org.evosuite.runtime.instrumentation.EvoClassLoader - Instrumenting class 'com.fasterxml.jackson.databind.jsonFormatVisitors.JsonFormatVisitorWrapper'.
[main] INFO org.evosuite.runtime.instrumentation.EvoClassLoader - Seeing class for first time: com.fasterxml.jackson.databind.jsonFormatVisitors.JsonFormatVisitorWithSerializerProvider
[main] INFO org.evosuite.runtime.instrumentation.EvoClassLoader - Instrumenting class 'com.fasterxml.jackson.databind.jsonFormatVisitors.JsonFormatVisitorWithSerializerProvider'.
[main] INFO org.evosuite.runtime.instrumentation.EvoClassLoader - Keeping class: com.fasterxml.jackson.databind.jsonFormatVisitors.JsonFormatVisitorWithSerializerProvider
[main] INFO org.evosuite.runtime.instrumentation.EvoClassLoader - Keeping class: com.fasterxml.jackson.databind.jsonFormatVisitors.JsonFormatVisitorWrapper
[main] INFO org.evosuite.runtime.instrumentation.EvoClassLoader - Seeing class for first time: com.fasterxml.jackson.databind.util.EnumResolver
[main] INFO org.evosuite.runtime.instrumentation.EvoClassLoader - Instrumenting class 'com.fasterxml.jackson.databind.util.EnumResolver'.
[main] INFO org.evosuite.runtime.instrumentation.MethodCallReplacementClassAdapter - Adding mock interface to class com/fasterxml/jackson/databind/util/EnumResolver
[main] INFO org.evosuite.runtime.instrumentation.CreateClassResetClassAdapter - Creating brand-new static initializer in class com/fasterxml/jackson/databind/util/EnumResolver
[main] INFO org.evosuite.runtime.instrumentation.EvoClassLoader - Keeping class: com.fasterxml.jackson.databind.util.EnumResolver
[main] INFO org.evosuite.runtime.instrumentation.EvoClassLoader - Seeing class for first time: com.fasterxml.jackson.core.type.TypeReference
[main] INFO org.evosuite.runtime.instrumentation.EvoClassLoader - Instrumenting class 'com.fasterxml.jackson.core.type.TypeReference'.
[main] INFO org.evosuite.runtime.instrumentation.MethodCallReplacementClassAdapter - Adding mock interface to class com/fasterxml/jackson/core/type/TypeReference
[main] INFO org.evosuite.runtime.instrumentation.CreateClassResetClassAdapter - Creating brand-new static initializer in class com/fasterxml/jackson/core/type/TypeReference
[main] INFO org.evosuite.runtime.instrumentation.EvoClassLoader - Keeping class: com.fasterxml.jackson.core.type.TypeReference
[main] INFO org.evosuite.runtime.instrumentation.EvoClassLoader - Seeing class for first time: com.fasterxml.jackson.core.FormatSchema
[main] INFO org.evosuite.runtime.instrumentation.EvoClassLoader - Instrumenting class 'com.fasterxml.jackson.core.FormatSchema'.
[main] INFO org.evosuite.runtime.instrumentation.EvoClassLoader - Keeping class: com.fasterxml.jackson.core.FormatSchema
[main] INFO org.evosuite.runtime.instrumentation.EvoClassLoader - Seeing class for first time: com.fasterxml.jackson.core.StreamWriteFeature
[main] INFO org.evosuite.runtime.instrumentation.EvoClassLoader - Instrumenting class 'com.fasterxml.jackson.core.StreamWriteFeature'.
[main] INFO org.evosuite.runtime.instrumentation.MethodCallReplacementClassAdapter - Adding mock interface to class com/fasterxml/jackson/core/StreamWriteFeature
[main] INFO org.evosuite.runtime.instrumentation.CreateClassResetClassAdapter - Found static initializer in class com/fasterxml/jackson/core/StreamWriteFeature
[main] INFO org.evosuite.runtime.instrumentation.EvoClassLoader - Keeping class: com.fasterxml.jackson.core.StreamWriteFeature
[main] INFO org.evosuite.runtime.instrumentation.EvoClassLoader - Seeing class for first time: com.fasterxml.jackson.databind.ser.FilterProvider
[main] INFO org.evosuite.runtime.instrumentation.EvoClassLoader - Instrumenting class 'com.fasterxml.jackson.databind.ser.FilterProvider'.
[main] INFO org.evosuite.runtime.instrumentation.MethodCallReplacementClassAdapter - Adding mock interface to class com/fasterxml/jackson/databind/ser/FilterProvider
[main] INFO org.evosuite.runtime.instrumentation.CreateClassResetClassAdapter - Creating brand-new static initializer in class com/fasterxml/jackson/databind/ser/FilterProvider
[main] INFO org.evosuite.runtime.instrumentation.EvoClassLoader - Keeping class: com.fasterxml.jackson.databind.ser.FilterProvider
[main] INFO org.evosuite.runtime.instrumentation.EvoClassLoader - Seeing class for first time: com.fasterxml.jackson.databind.SequenceWriter
[main] INFO org.evosuite.runtime.instrumentation.EvoClassLoader - Instrumenting class 'com.fasterxml.jackson.databind.SequenceWriter'.
[main] INFO org.evosuite.runtime.instrumentation.MethodCallReplacementClassAdapter - Adding mock interface to class com/fasterxml/jackson/databind/SequenceWriter
[main] INFO org.evosuite.runtime.instrumentation.CreateClassResetClassAdapter - Creating brand-new static initializer in class com/fasterxml/jackson/databind/SequenceWriter
[main] INFO org.evosuite.runtime.instrumentation.EvoClassLoader - Keeping class: com.fasterxml.jackson.databind.SequenceWriter
[main] INFO org.evosuite.runtime.instrumentation.EvoClassLoader - Seeing class for first time: com.fasterxml.jackson.core.Version
[main] INFO org.evosuite.runtime.instrumentation.EvoClassLoader - Instrumenting class 'com.fasterxml.jackson.core.Version'.
[main] INFO org.evosuite.runtime.instrumentation.MethodCallReplacementClassAdapter - Adding mock interface to class com/fasterxml/jackson/core/Version
[main] INFO org.evosuite.runtime.instrumentation.CreateClassResetClassAdapter - Found static initializer in class com/fasterxml/jackson/core/Version
[main] INFO org.evosuite.runtime.instrumentation.EvoClassLoader - Keeping class: com.fasterxml.jackson.core.Version
[main] INFO org.evosuite.runtime.instrumentation.EvoClassLoader - Seeing class for first time: com.fasterxml.jackson.annotation.JsonSetter
[main] INFO org.evosuite.runtime.instrumentation.EvoClassLoader - Instrumenting class 'com.fasterxml.jackson.annotation.JsonSetter'.
[main] INFO org.evosuite.runtime.instrumentation.EvoClassLoader - Keeping class: com.fasterxml.jackson.annotation.JsonSetter
[main] INFO org.evosuite.runtime.instrumentation.EvoClassLoader - Seeing class for first time: com.fasterxml.jackson.databind.jsontype.TypeDeserializer
[main] INFO org.evosuite.runtime.instrumentation.EvoClassLoader - Instrumenting class 'com.fasterxml.jackson.databind.jsontype.TypeDeserializer'.
[main] INFO org.evosuite.runtime.instrumentation.MethodCallReplacementClassAdapter - Adding mock interface to class com/fasterxml/jackson/databind/jsontype/TypeDeserializer
[main] INFO org.evosuite.runtime.instrumentation.CreateClassResetClassAdapter - Creating brand-new static initializer in class com/fasterxml/jackson/databind/jsontype/TypeDeserializer
[main] INFO org.evosuite.runtime.instrumentation.EvoClassLoader - Keeping class: com.fasterxml.jackson.databind.jsontype.TypeDeserializer
[main] INFO org.evosuite.runtime.instrumentation.EvoClassLoader - Seeing class for first time: com.fasterxml.jackson.annotation.JsonAutoDetect
[main] INFO org.evosuite.runtime.instrumentation.EvoClassLoader - Instrumenting class 'com.fasterxml.jackson.annotation.JsonAutoDetect'.
[main] INFO org.evosuite.runtime.instrumentation.EvoClassLoader - Keeping class: com.fasterxml.jackson.annotation.JsonAutoDetect
[main] INFO org.evosuite.runtime.instrumentation.EvoClassLoader - Seeing class for first time: com.fasterxml.jackson.annotation.JsonAutoDetect$Value
[main] INFO org.evosuite.runtime.instrumentation.EvoClassLoader - Instrumenting class 'com.fasterxml.jackson.annotation.JsonAutoDetect$Value'.
[main] INFO org.evosuite.runtime.instrumentation.MethodCallReplacementClassAdapter - Adding mock interface to class com/fasterxml/jackson/annotation/JsonAutoDetect$Value
[main] INFO org.evosuite.runtime.instrumentation.CreateClassResetClassAdapter - Found static initializer in class com/fasterxml/jackson/annotation/JsonAutoDetect$Value
[main] INFO org.evosuite.runtime.instrumentation.EvoClassLoader - Keeping class: com.fasterxml.jackson.annotation.JsonAutoDetect$Value
[main] INFO org.evosuite.runtime.instrumentation.EvoClassLoader - Seeing class for first time: com.fasterxml.jackson.annotation.PropertyAccessor
[main] INFO org.evosuite.runtime.instrumentation.EvoClassLoader - Instrumenting class 'com.fasterxml.jackson.annotation.PropertyAccessor'.
[main] INFO org.evosuite.runtime.instrumentation.MethodCallReplacementClassAdapter - Adding mock interface to class com/fasterxml/jackson/annotation/PropertyAccessor
[main] INFO org.evosuite.runtime.instrumentation.CreateClassResetClassAdapter - Found static initializer in class com/fasterxml/jackson/annotation/PropertyAccessor
[main] INFO org.evosuite.runtime.instrumentation.EvoClassLoader - Keeping class: com.fasterxml.jackson.annotation.PropertyAccessor
[main] INFO org.evosuite.runtime.instrumentation.EvoClassLoader - Seeing class for first time: com.fasterxml.jackson.core.JsonPointer
[main] INFO org.evosuite.runtime.instrumentation.EvoClassLoader - Instrumenting class 'com.fasterxml.jackson.core.JsonPointer'.
[main] INFO org.evosuite.runtime.instrumentation.MethodCallReplacementClassAdapter - Adding mock interface to class com/fasterxml/jackson/core/JsonPointer
[main] INFO org.evosuite.runtime.instrumentation.CreateClassResetClassAdapter - Found static initializer in class com/fasterxml/jackson/core/JsonPointer
[main] INFO org.evosuite.runtime.instrumentation.EvoClassLoader - Keeping class: com.fasterxml.jackson.core.JsonPointer
[main] INFO org.evosuite.runtime.instrumentation.EvoClassLoader - Seeing class for first time: com.fasterxml.jackson.databind.jsonFormatVisitors.JsonArrayFormatVisitor
[main] INFO org.evosuite.runtime.instrumentation.EvoClassLoader - Instrumenting class 'com.fasterxml.jackson.databind.jsonFormatVisitors.JsonArrayFormatVisitor'.
[main] INFO org.evosuite.runtime.instrumentation.EvoClassLoader - Keeping class: com.fasterxml.jackson.databind.jsonFormatVisitors.JsonArrayFormatVisitor
[main] INFO org.evosuite.runtime.instrumentation.EvoClassLoader - Seeing class for first time: com.fasterxml.jackson.databind.introspect.POJOPropertiesCollector
[main] INFO org.evosuite.runtime.instrumentation.EvoClassLoader - Instrumenting class 'com.fasterxml.jackson.databind.introspect.POJOPropertiesCollector'.
[main] INFO org.evosuite.runtime.instrumentation.MethodCallReplacementClassAdapter - Adding mock interface to class com/fasterxml/jackson/databind/introspect/POJOPropertiesCollector
[main] INFO org.evosuite.runtime.instrumentation.CreateClassResetClassAdapter - Creating brand-new static initializer in class com/fasterxml/jackson/databind/introspect/POJOPropertiesCollector
[main] INFO org.evosuite.runtime.instrumentation.EvoClassLoader - Keeping class: com.fasterxml.jackson.databind.introspect.POJOPropertiesCollector
[main] INFO org.evosuite.runtime.instrumentation.EvoClassLoader - Seeing class for first time: com.fasterxml.jackson.databind.util.NameTransformer
[main] INFO org.evosuite.runtime.instrumentation.EvoClassLoader - Instrumenting class 'com.fasterxml.jackson.databind.util.NameTransformer'.
[main] INFO org.evosuite.runtime.instrumentation.MethodCallReplacementClassAdapter - Adding mock interface to class com/fasterxml/jackson/databind/util/NameTransformer
[main] INFO org.evosuite.runtime.instrumentation.CreateClassResetClassAdapter - Found static initializer in class com/fasterxml/jackson/databind/util/NameTransformer
[main] INFO org.evosuite.runtime.instrumentation.EvoClassLoader - Keeping class: com.fasterxml.jackson.databind.util.NameTransformer
[main] INFO org.evosuite.runtime.instrumentation.EvoClassLoader - Seeing class for first time: com.fasterxml.jackson.databind.deser.impl.ObjectIdReader
[main] INFO org.evosuite.runtime.instrumentation.EvoClassLoader - Instrumenting class 'com.fasterxml.jackson.databind.deser.impl.ObjectIdReader'.
[main] INFO org.evosuite.runtime.instrumentation.MethodCallReplacementClassAdapter - Adding mock interface to class com/fasterxml/jackson/databind/deser/impl/ObjectIdReader
[main] INFO org.evosuite.runtime.instrumentation.CreateClassResetClassAdapter - Creating brand-new static initializer in class com/fasterxml/jackson/databind/deser/impl/ObjectIdReader
[main] INFO org.evosuite.runtime.instrumentation.EvoClassLoader - Keeping class: com.fasterxml.jackson.databind.deser.impl.ObjectIdReader
[main] INFO org.evosuite.runtime.instrumentation.EvoClassLoader - Seeing class for first time: com.fasterxml.jackson.databind.deser.impl.BeanPropertyMap
[main] INFO org.evosuite.runtime.instrumentation.EvoClassLoader - Instrumenting class 'com.fasterxml.jackson.databind.deser.impl.BeanPropertyMap'.
[main] INFO org.evosuite.runtime.instrumentation.MethodCallReplacementClassAdapter - Adding mock interface to class com/fasterxml/jackson/databind/deser/impl/BeanPropertyMap
[main] INFO org.evosuite.runtime.instrumentation.CreateClassResetClassAdapter - Creating brand-new static initializer in class com/fasterxml/jackson/databind/deser/impl/BeanPropertyMap
[main] INFO org.evosuite.runtime.instrumentation.EvoClassLoader - Keeping class: com.fasterxml.jackson.databind.deser.impl.BeanPropertyMap
[main] INFO org.evosuite.runtime.instrumentation.EvoClassLoader - Seeing class for first time: com.fasterxml.jackson.databind.PropertyMetadata
[main] INFO org.evosuite.runtime.instrumentation.EvoClassLoader - Instrumenting class 'com.fasterxml.jackson.databind.PropertyMetadata'.
[main] INFO org.evosuite.runtime.instrumentation.MethodCallReplacementClassAdapter - Adding mock interface to class com/fasterxml/jackson/databind/PropertyMetadata
[main] INFO org.evosuite.runtime.instrumentation.CreateClassResetClassAdapter - Found static initializer in class com/fasterxml/jackson/databind/PropertyMetadata
[main] INFO org.evosuite.runtime.instrumentation.EvoClassLoader - Keeping class: com.fasterxml.jackson.databind.PropertyMetadata
[main] INFO org.evosuite.runtime.instrumentation.EvoClassLoader - Seeing class for first time: com.fasterxml.jackson.databind.introspect.ObjectIdInfo
[main] INFO org.evosuite.runtime.instrumentation.EvoClassLoader - Instrumenting class 'com.fasterxml.jackson.databind.introspect.ObjectIdInfo'.
[main] INFO org.evosuite.runtime.instrumentation.MethodCallReplacementClassAdapter - Adding mock interface to class com/fasterxml/jackson/databind/introspect/ObjectIdInfo
[main] INFO org.evosuite.runtime.instrumentation.CreateClassResetClassAdapter - Found static initializer in class com/fasterxml/jackson/databind/introspect/ObjectIdInfo
[main] INFO org.evosuite.runtime.instrumentation.EvoClassLoader - Keeping class: com.fasterxml.jackson.databind.introspect.ObjectIdInfo
[main] INFO org.evosuite.runtime.instrumentation.EvoClassLoader - Seeing class for first time: com.fasterxml.jackson.databind.AnnotationIntrospector$ReferenceProperty
[main] INFO org.evosuite.runtime.instrumentation.EvoClassLoader - Instrumenting class 'com.fasterxml.jackson.databind.AnnotationIntrospector$ReferenceProperty'.
[main] INFO org.evosuite.runtime.instrumentation.MethodCallReplacementClassAdapter - Adding mock interface to class com/fasterxml/jackson/databind/AnnotationIntrospector$ReferenceProperty
[main] INFO org.evosuite.runtime.instrumentation.CreateClassResetClassAdapter - Creating brand-new static initializer in class com/fasterxml/jackson/databind/AnnotationIntrospector$ReferenceProperty
[main] INFO org.evosuite.runtime.instrumentation.EvoClassLoader - Keeping class: com.fasterxml.jackson.databind.AnnotationIntrospector$ReferenceProperty
[main] INFO org.evosuite.runtime.instrumentation.EvoClassLoader - Seeing class for first time: com.fasterxml.jackson.databind.util.Converter
[main] INFO org.evosuite.runtime.instrumentation.EvoClassLoader - Instrumenting class 'com.fasterxml.jackson.databind.util.Converter'.
[main] INFO org.evosuite.runtime.instrumentation.EvoClassLoader - Keeping class: com.fasterxml.jackson.databind.util.Converter
[main] INFO org.evosuite.runtime.instrumentation.EvoClassLoader - Seeing class for first time: com.fasterxml.jackson.databind.annotation.JsonPOJOBuilder$Value
[main] INFO org.evosuite.runtime.instrumentation.EvoClassLoader - Instrumenting class 'com.fasterxml.jackson.databind.annotation.JsonPOJOBuilder$Value'.
[main] INFO org.evosuite.runtime.instrumentation.MethodCallReplacementClassAdapter - Adding mock interface to class com/fasterxml/jackson/databind/annotation/JsonPOJOBuilder$Value
[main] INFO org.evosuite.runtime.instrumentation.CreateClassResetClassAdapter - Creating brand-new static initializer in class com/fasterxml/jackson/databind/annotation/JsonPOJOBuilder$Value
[main] INFO org.evosuite.runtime.instrumentation.EvoClassLoader - Keeping class: com.fasterxml.jackson.databind.annotation.JsonPOJOBuilder$Value
[main] INFO org.evosuite.runtime.instrumentation.EvoClassLoader - Seeing class for first time: org.apache.avro.generic.GenericDatumReader$IdentitySchemaKey
[main] INFO org.evosuite.runtime.instrumentation.EvoClassLoader - Instrumenting class 'org.apache.avro.generic.GenericDatumReader$IdentitySchemaKey'.
[main] INFO org.evosuite.runtime.instrumentation.MethodCallReplacementClassAdapter - Adding mock interface to class org/apache/avro/generic/GenericDatumReader$IdentitySchemaKey
[main] INFO org.evosuite.runtime.instrumentation.CreateClassResetClassAdapter - Creating brand-new static initializer in class org/apache/avro/generic/GenericDatumReader$IdentitySchemaKey
[main] INFO org.evosuite.runtime.instrumentation.EvoClassLoader - Keeping class: org.apache.avro.generic.GenericDatumReader$IdentitySchemaKey
[main] INFO org.evosuite.runtime.instrumentation.EvoClassLoader - Seeing class for first time: com.fasterxml.jackson.databind.cfg.ConstructorDetector
[main] INFO org.evosuite.runtime.instrumentation.EvoClassLoader - Instrumenting class 'com.fasterxml.jackson.databind.cfg.ConstructorDetector'.
[main] INFO org.evosuite.runtime.instrumentation.MethodCallReplacementClassAdapter - Adding mock interface to class com/fasterxml/jackson/databind/cfg/ConstructorDetector
[main] INFO org.evosuite.runtime.instrumentation.CreateClassResetClassAdapter - Found static initializer in class com/fasterxml/jackson/databind/cfg/ConstructorDetector
[main] INFO org.evosuite.runtime.instrumentation.EvoClassLoader - Keeping class: com.fasterxml.jackson.databind.cfg.ConstructorDetector
[main] INFO org.evosuite.runtime.instrumentation.EvoClassLoader - Seeing class for first time: com.fasterxml.jackson.databind.deser.DeserializationProblemHandler
[main] INFO org.evosuite.runtime.instrumentation.EvoClassLoader - Instrumenting class 'com.fasterxml.jackson.databind.deser.DeserializationProblemHandler'.
[main] INFO org.evosuite.runtime.instrumentation.MethodCallReplacementClassAdapter - Adding mock interface to class com/fasterxml/jackson/databind/deser/DeserializationProblemHandler
[main] INFO org.evosuite.runtime.instrumentation.CreateClassResetClassAdapter - Found static initializer in class com/fasterxml/jackson/databind/deser/DeserializationProblemHandler
[main] INFO org.evosuite.runtime.instrumentation.EvoClassLoader - Keeping class: com.fasterxml.jackson.databind.deser.DeserializationProblemHandler
[main] INFO org.evosuite.runtime.instrumentation.EvoClassLoader - Seeing class for first time: com.fasterxml.jackson.databind.util.LinkedNode
[main] INFO org.evosuite.runtime.instrumentation.EvoClassLoader - Instrumenting class 'com.fasterxml.jackson.databind.util.LinkedNode'.
[main] INFO org.evosuite.runtime.instrumentation.MethodCallReplacementClassAdapter - Adding mock interface to class com/fasterxml/jackson/databind/util/LinkedNode
[main] INFO org.evosuite.runtime.instrumentation.CreateClassResetClassAdapter - Creating brand-new static initializer in class com/fasterxml/jackson/databind/util/LinkedNode
[main] INFO org.evosuite.runtime.instrumentation.EvoClassLoader - Keeping class: com.fasterxml.jackson.databind.util.LinkedNode
[main] INFO org.evosuite.runtime.instrumentation.EvoClassLoader - Seeing class for first time: com.fasterxml.jackson.core.StreamReadFeature
[main] INFO org.evosuite.runtime.instrumentation.EvoClassLoader - Instrumenting class 'com.fasterxml.jackson.core.StreamReadFeature'.
[main] INFO org.evosuite.runtime.instrumentation.MethodCallReplacementClassAdapter - Adding mock interface to class com/fasterxml/jackson/core/StreamReadFeature
[main] INFO org.evosuite.runtime.instrumentation.CreateClassResetClassAdapter - Found static initializer in class com/fasterxml/jackson/core/StreamReadFeature
[main] INFO org.evosuite.runtime.instrumentation.EvoClassLoader - Keeping class: com.fasterxml.jackson.core.StreamReadFeature
[main] INFO org.evosuite.runtime.instrumentation.EvoClassLoader - Seeing class for first time: com.fasterxml.jackson.core.io.InputDecorator
[main] INFO org.evosuite.runtime.instrumentation.EvoClassLoader - Instrumenting class 'com.fasterxml.jackson.core.io.InputDecorator'.
[main] INFO org.evosuite.runtime.instrumentation.MethodCallReplacementClassAdapter - Adding mock interface to class com/fasterxml/jackson/core/io/InputDecorator
[main] INFO org.evosuite.runtime.instrumentation.CreateClassResetClassAdapter - Creating brand-new static initializer in class com/fasterxml/jackson/core/io/InputDecorator
[main] INFO org.evosuite.runtime.instrumentation.EvoClassLoader - Keeping class: com.fasterxml.jackson.core.io.InputDecorator
[main] INFO org.evosuite.runtime.instrumentation.EvoClassLoader - Seeing class for first time: com.fasterxml.jackson.core.io.OutputDecorator
[main] INFO org.evosuite.runtime.instrumentation.EvoClassLoader - Instrumenting class 'com.fasterxml.jackson.core.io.OutputDecorator'.
[main] INFO org.evosuite.runtime.instrumentation.MethodCallReplacementClassAdapter - Adding mock interface to class com/fasterxml/jackson/core/io/OutputDecorator
[main] INFO org.evosuite.runtime.instrumentation.CreateClassResetClassAdapter - Creating brand-new static initializer in class com/fasterxml/jackson/core/io/OutputDecorator
[main] INFO org.evosuite.runtime.instrumentation.EvoClassLoader - Keeping class: com.fasterxml.jackson.core.io.OutputDecorator
[main] INFO org.evosuite.runtime.instrumentation.EvoClassLoader - Seeing class for first time: com.fasterxml.jackson.databind.jsontype.NamedType
[main] INFO org.evosuite.runtime.instrumentation.EvoClassLoader - Instrumenting class 'com.fasterxml.jackson.databind.jsontype.NamedType'.
[main] INFO org.evosuite.runtime.instrumentation.MethodCallReplacementClassAdapter - Adding mock interface to class com/fasterxml/jackson/databind/jsontype/NamedType
[main] INFO org.evosuite.runtime.instrumentation.CreateClassResetClassAdapter - Creating brand-new static initializer in class com/fasterxml/jackson/databind/jsontype/NamedType
[main] INFO org.evosuite.runtime.instrumentation.EvoClassLoader - Keeping class: com.fasterxml.jackson.databind.jsontype.NamedType
[main] INFO org.evosuite.runtime.instrumentation.EvoClassLoader - Seeing class for first time: com.fasterxml.jackson.databind.cfg.MutableConfigOverride
[main] INFO org.evosuite.runtime.instrumentation.EvoClassLoader - Instrumenting class 'com.fasterxml.jackson.databind.cfg.MutableConfigOverride'.
[main] INFO org.evosuite.runtime.instrumentation.MethodCallReplacementClassAdapter - Adding mock interface to class com/fasterxml/jackson/databind/cfg/MutableConfigOverride
[main] INFO org.evosuite.runtime.instrumentation.CreateClassResetClassAdapter - Creating brand-new static initializer in class com/fasterxml/jackson/databind/cfg/MutableConfigOverride
[main] INFO org.evosuite.runtime.instrumentation.EvoClassLoader - Keeping class: com.fasterxml.jackson.databind.cfg.MutableConfigOverride
[main] INFO org.evosuite.runtime.instrumentation.EvoClassLoader - Seeing class for first time: com.fasterxml.jackson.databind.type.TypeModifier
[main] INFO org.evosuite.runtime.instrumentation.EvoClassLoader - Instrumenting class 'com.fasterxml.jackson.databind.type.TypeModifier'.
[main] INFO org.evosuite.runtime.instrumentation.MethodCallReplacementClassAdapter - Adding mock interface to class com/fasterxml/jackson/databind/type/TypeModifier
[main] INFO org.evosuite.runtime.instrumentation.CreateClassResetClassAdapter - Creating brand-new static initializer in class com/fasterxml/jackson/databind/type/TypeModifier
[main] INFO org.evosuite.runtime.instrumentation.EvoClassLoader - Keeping class: com.fasterxml.jackson.databind.type.TypeModifier
[main] INFO org.evosuite.runtime.instrumentation.EvoClassLoader - Seeing class for first time: com.fasterxml.jackson.databind.util.RawValue
[main] INFO org.evosuite.runtime.instrumentation.EvoClassLoader - Instrumenting class 'com.fasterxml.jackson.databind.util.RawValue'.
[main] INFO org.evosuite.runtime.instrumentation.MethodCallReplacementClassAdapter - Adding mock interface to class com/fasterxml/jackson/databind/util/RawValue
[main] INFO org.evosuite.runtime.instrumentation.CreateClassResetClassAdapter - Creating brand-new static initializer in class com/fasterxml/jackson/databind/util/RawValue
[main] INFO org.evosuite.runtime.instrumentation.EvoClassLoader - Keeping class: com.fasterxml.jackson.databind.util.RawValue
[main] INFO org.evosuite.runtime.instrumentation.EvoClassLoader - Seeing class for first time: com.fasterxml.jackson.databind.deser.SettableAnyProperty
[main] INFO org.evosuite.runtime.instrumentation.EvoClassLoader - Instrumenting class 'com.fasterxml.jackson.databind.deser.SettableAnyProperty'.
[main] INFO org.evosuite.runtime.instrumentation.MethodCallReplacementClassAdapter - Adding mock interface to class com/fasterxml/jackson/databind/deser/SettableAnyProperty
[main] INFO org.evosuite.runtime.instrumentation.CreateClassResetClassAdapter - Creating brand-new static initializer in class com/fasterxml/jackson/databind/deser/SettableAnyProperty
[main] INFO org.evosuite.runtime.instrumentation.EvoClassLoader - Keeping class: com.fasterxml.jackson.databind.deser.SettableAnyProperty
[main] INFO org.evosuite.runtime.instrumentation.EvoClassLoader - Seeing class for first time: org.apache.avro.io.parsing.Symbol
[main] INFO org.evosuite.runtime.instrumentation.EvoClassLoader - Instrumenting class 'org.apache.avro.io.parsing.Symbol'.
[main] INFO org.evosuite.runtime.instrumentation.MethodCallReplacementClassAdapter - Adding mock interface to class org/apache/avro/io/parsing/Symbol
[main] INFO org.evosuite.runtime.instrumentation.CreateClassResetClassAdapter - Found static initializer in class org/apache/avro/io/parsing/Symbol
[main] INFO org.evosuite.runtime.instrumentation.EvoClassLoader - Keeping class: org.apache.avro.io.parsing.Symbol
[main] INFO org.evosuite.runtime.instrumentation.EvoClassLoader - Seeing class for first time: com.fasterxml.jackson.databind.jsonFormatVisitors.JsonValueFormat
[main] INFO org.evosuite.runtime.instrumentation.EvoClassLoader - Instrumenting class 'com.fasterxml.jackson.databind.jsonFormatVisitors.JsonValueFormat'.
[main] INFO org.evosuite.runtime.instrumentation.MethodCallReplacementClassAdapter - Adding mock interface to class com/fasterxml/jackson/databind/jsonFormatVisitors/JsonValueFormat
[main] INFO org.evosuite.runtime.instrumentation.CreateClassResetClassAdapter - Found static initializer in class com/fasterxml/jackson/databind/jsonFormatVisitors/JsonValueFormat
[main] INFO org.evosuite.runtime.instrumentation.EvoClassLoader - Keeping class: com.fasterxml.jackson.databind.jsonFormatVisitors.JsonValueFormat
[main] INFO org.evosuite.runtime.instrumentation.EvoClassLoader - Seeing class for first time: com.fasterxml.jackson.databind.jsonFormatVisitors.JsonFormatTypes
[main] INFO org.evosuite.runtime.instrumentation.EvoClassLoader - Instrumenting class 'com.fasterxml.jackson.databind.jsonFormatVisitors.JsonFormatTypes'.
[main] INFO org.evosuite.runtime.instrumentation.MethodCallReplacementClassAdapter - Adding mock interface to class com/fasterxml/jackson/databind/jsonFormatVisitors/JsonFormatTypes
[main] INFO org.evosuite.runtime.instrumentation.CreateClassResetClassAdapter - Found static initializer in class com/fasterxml/jackson/databind/jsonFormatVisitors/JsonFormatTypes
[main] INFO org.evosuite.runtime.instrumentation.EvoClassLoader - Keeping class: com.fasterxml.jackson.databind.jsonFormatVisitors.JsonFormatTypes
[main] INFO org.evosuite.runtime.instrumentation.EvoClassLoader - Seeing class for first time: com.fasterxml.jackson.databind.ser.PropertyFilter
[main] INFO org.evosuite.runtime.instrumentation.EvoClassLoader - Instrumenting class 'com.fasterxml.jackson.databind.ser.PropertyFilter'.
[main] INFO org.evosuite.runtime.instrumentation.EvoClassLoader - Keeping class: com.fasterxml.jackson.databind.ser.PropertyFilter
[main] INFO org.evosuite.runtime.instrumentation.EvoClassLoader - Seeing class for first time: com.fasterxml.jackson.databind.ser.BeanSerializerBuilder
[main] INFO org.evosuite.runtime.instrumentation.EvoClassLoader - Instrumenting class 'com.fasterxml.jackson.databind.ser.BeanSerializerBuilder'.
[main] INFO org.evosuite.runtime.instrumentation.MethodCallReplacementClassAdapter - Adding mock interface to class com/fasterxml/jackson/databind/ser/BeanSerializerBuilder
[main] INFO org.evosuite.runtime.instrumentation.CreateClassResetClassAdapter - Found static initializer in class com/fasterxml/jackson/databind/ser/BeanSerializerBuilder
[main] INFO org.evosuite.runtime.instrumentation.EvoClassLoader - Keeping class: com.fasterxml.jackson.databind.ser.BeanSerializerBuilder
[main] INFO org.evosuite.runtime.instrumentation.EvoClassLoader - Seeing class for first time: com.fasterxml.jackson.databind.ser.impl.ObjectIdWriter
[main] INFO org.evosuite.runtime.instrumentation.EvoClassLoader - Instrumenting class 'com.fasterxml.jackson.databind.ser.impl.ObjectIdWriter'.
[main] INFO org.evosuite.runtime.instrumentation.MethodCallReplacementClassAdapter - Adding mock interface to class com/fasterxml/jackson/databind/ser/impl/ObjectIdWriter
[main] INFO org.evosuite.runtime.instrumentation.CreateClassResetClassAdapter - Creating brand-new static initializer in class com/fasterxml/jackson/databind/ser/impl/ObjectIdWriter
[main] INFO org.evosuite.runtime.instrumentation.EvoClassLoader - Keeping class: com.fasterxml.jackson.databind.ser.impl.ObjectIdWriter
[main] INFO org.evosuite.runtime.instrumentation.EvoClassLoader - Seeing class for first time: com.fasterxml.jackson.databind.ser.PropertyBuilder
[main] INFO org.evosuite.runtime.instrumentation.EvoClassLoader - Instrumenting class 'com.fasterxml.jackson.databind.ser.PropertyBuilder'.
[main] INFO org.evosuite.runtime.instrumentation.MethodCallReplacementClassAdapter - Adding mock interface to class com/fasterxml/jackson/databind/ser/PropertyBuilder
[main] INFO org.evosuite.runtime.instrumentation.CreateClassResetClassAdapter - Found static initializer in class com/fasterxml/jackson/databind/ser/PropertyBuilder
[main] INFO org.evosuite.runtime.instrumentation.EvoClassLoader - Keeping class: com.fasterxml.jackson.databind.ser.PropertyBuilder
[main] INFO org.evosuite.runtime.instrumentation.EvoClassLoader - Seeing class for first time: com.fasterxml.jackson.annotation.JacksonInject$Value
[main] INFO org.evosuite.runtime.instrumentation.EvoClassLoader - Instrumenting class 'com.fasterxml.jackson.annotation.JacksonInject$Value'.
[main] INFO org.evosuite.runtime.instrumentation.MethodCallReplacementClassAdapter - Adding mock interface to class com/fasterxml/jackson/annotation/JacksonInject$Value
[main] INFO org.evosuite.runtime.instrumentation.CreateClassResetClassAdapter - Found static initializer in class com/fasterxml/jackson/annotation/JacksonInject$Value
[main] INFO org.evosuite.runtime.instrumentation.EvoClassLoader - Keeping class: com.fasterxml.jackson.annotation.JacksonInject$Value
[main] INFO org.evosuite.runtime.instrumentation.EvoClassLoader - Seeing class for first time: com.fasterxml.jackson.annotation.JsonProperty$Access
[main] INFO org.evosuite.runtime.instrumentation.EvoClassLoader - Instrumenting class 'com.fasterxml.jackson.annotation.JsonProperty$Access'.
[main] INFO org.evosuite.runtime.instrumentation.MethodCallReplacementClassAdapter - Adding mock interface to class com/fasterxml/jackson/annotation/JsonProperty$Access
[main] INFO org.evosuite.runtime.instrumentation.CreateClassResetClassAdapter - Found static initializer in class com/fasterxml/jackson/annotation/JsonProperty$Access
[main] INFO org.evosuite.runtime.instrumentation.EvoClassLoader - Keeping class: com.fasterxml.jackson.annotation.JsonProperty$Access
[main] INFO org.evosuite.runtime.instrumentation.EvoClassLoader - Seeing class for first time: com.fasterxml.jackson.databind.annotation.JsonSerialize$Typing
[main] INFO org.evosuite.runtime.instrumentation.EvoClassLoader - Instrumenting class 'com.fasterxml.jackson.databind.annotation.JsonSerialize$Typing'.
[main] INFO org.evosuite.runtime.instrumentation.MethodCallReplacementClassAdapter - Adding mock interface to class com/fasterxml/jackson/databind/annotation/JsonSerialize$Typing
[main] INFO org.evosuite.runtime.instrumentation.CreateClassResetClassAdapter - Found static initializer in class com/fasterxml/jackson/databind/annotation/JsonSerialize$Typing
[main] INFO org.evosuite.runtime.instrumentation.EvoClassLoader - Keeping class: com.fasterxml.jackson.databind.annotation.JsonSerialize$Typing
[main] INFO org.evosuite.runtime.instrumentation.EvoClassLoader - Seeing class for first time: com.fasterxml.jackson.annotation.JsonCreator$Mode
[main] INFO org.evosuite.runtime.instrumentation.EvoClassLoader - Instrumenting class 'com.fasterxml.jackson.annotation.JsonCreator$Mode'.
[main] INFO org.evosuite.runtime.instrumentation.MethodCallReplacementClassAdapter - Adding mock interface to class com/fasterxml/jackson/annotation/JsonCreator$Mode
[main] INFO org.evosuite.runtime.instrumentation.CreateClassResetClassAdapter - Found static initializer in class com/fasterxml/jackson/annotation/JsonCreator$Mode
[main] INFO org.evosuite.runtime.instrumentation.EvoClassLoader - Keeping class: com.fasterxml.jackson.annotation.JsonCreator$Mode
[main] INFO org.evosuite.runtime.instrumentation.EvoClassLoader - Seeing class for first time: com.fasterxml.jackson.databind.annotation.JsonAppend$Attr
[main] INFO org.evosuite.runtime.instrumentation.EvoClassLoader - Instrumenting class 'com.fasterxml.jackson.databind.annotation.JsonAppend$Attr'.
[main] INFO org.evosuite.runtime.instrumentation.EvoClassLoader - Keeping class: com.fasterxml.jackson.databind.annotation.JsonAppend$Attr
[main] INFO org.evosuite.runtime.instrumentation.EvoClassLoader - Seeing class for first time: com.fasterxml.jackson.databind.annotation.JsonAppend$Prop
[main] INFO org.evosuite.runtime.instrumentation.EvoClassLoader - Instrumenting class 'com.fasterxml.jackson.databind.annotation.JsonAppend$Prop'.
[main] INFO org.evosuite.runtime.instrumentation.EvoClassLoader - Keeping class: com.fasterxml.jackson.databind.annotation.JsonAppend$Prop
[main] INFO org.evosuite.runtime.instrumentation.EvoClassLoader - Seeing class for first time: com.fasterxml.jackson.databind.jsontype.impl.StdTypeResolverBuilder
[main] INFO org.evosuite.runtime.instrumentation.EvoClassLoader - Instrumenting class 'com.fasterxml.jackson.databind.jsontype.impl.StdTypeResolverBuilder'.
[main] INFO org.evosuite.runtime.instrumentation.MethodCallReplacementClassAdapter - Adding mock interface to class com/fasterxml/jackson/databind/jsontype/impl/StdTypeResolverBuilder
[main] INFO org.evosuite.runtime.instrumentation.CreateClassResetClassAdapter - Creating brand-new static initializer in class com/fasterxml/jackson/databind/jsontype/impl/StdTypeResolverBuilder
[main] INFO org.evosuite.runtime.instrumentation.EvoClassLoader - Keeping class: com.fasterxml.jackson.databind.jsontype.impl.StdTypeResolverBuilder
[main] INFO org.evosuite.runtime.instrumentation.EvoClassLoader - Seeing class for first time: com.fasterxml.jackson.databind.jsonschema.JsonSchema
[main] INFO org.evosuite.runtime.instrumentation.EvoClassLoader - Instrumenting class 'com.fasterxml.jackson.databind.jsonschema.JsonSchema'.
[main] INFO org.evosuite.runtime.instrumentation.MethodCallReplacementClassAdapter - Adding mock interface to class com/fasterxml/jackson/databind/jsonschema/JsonSchema
[main] INFO org.evosuite.runtime.instrumentation.CreateClassResetClassAdapter - Creating brand-new static initializer in class com/fasterxml/jackson/databind/jsonschema/JsonSchema
[main] INFO org.evosuite.runtime.instrumentation.EvoClassLoader - Keeping class: com.fasterxml.jackson.databind.jsonschema.JsonSchema
[main] INFO org.evosuite.runtime.instrumentation.EvoClassLoader - Seeing class for first time: com.fasterxml.jackson.databind.ser.impl.WritableObjectId
[main] INFO org.evosuite.runtime.instrumentation.EvoClassLoader - Instrumenting class 'com.fasterxml.jackson.databind.ser.impl.WritableObjectId'.
[main] INFO org.evosuite.runtime.instrumentation.MethodCallReplacementClassAdapter - Adding mock interface to class com/fasterxml/jackson/databind/ser/impl/WritableObjectId
[main] INFO org.evosuite.runtime.instrumentation.CreateClassResetClassAdapter - Creating brand-new static initializer in class com/fasterxml/jackson/databind/ser/impl/WritableObjectId
[main] INFO org.evosuite.runtime.instrumentation.EvoClassLoader - Keeping class: com.fasterxml.jackson.databind.ser.impl.WritableObjectId
[main] INFO org.evosuite.runtime.instrumentation.EvoClassLoader - Seeing class for first time: com.fasterxml.jackson.annotation.JsonTypeInfo$As
[main] INFO org.evosuite.runtime.instrumentation.EvoClassLoader - Instrumenting class 'com.fasterxml.jackson.annotation.JsonTypeInfo$As'.
[main] INFO org.evosuite.runtime.instrumentation.MethodCallReplacementClassAdapter - Adding mock interface to class com/fasterxml/jackson/annotation/JsonTypeInfo$As
[main] INFO org.evosuite.runtime.instrumentation.CreateClassResetClassAdapter - Found static initializer in class com/fasterxml/jackson/annotation/JsonTypeInfo$As
[main] INFO org.evosuite.runtime.instrumentation.EvoClassLoader - Keeping class: com.fasterxml.jackson.annotation.JsonTypeInfo$As
[main] INFO org.evosuite.runtime.instrumentation.EvoClassLoader - Seeing class for first time: com.fasterxml.jackson.annotation.JsonTypeInfo$Id
[main] INFO org.evosuite.runtime.instrumentation.EvoClassLoader - Instrumenting class 'com.fasterxml.jackson.annotation.JsonTypeInfo$Id'.
[main] INFO org.evosuite.runtime.instrumentation.MethodCallReplacementClassAdapter - Adding mock interface to class com/fasterxml/jackson/annotation/JsonTypeInfo$Id
[main] INFO org.evosuite.runtime.instrumentation.CreateClassResetClassAdapter - Found static initializer in class com/fasterxml/jackson/annotation/JsonTypeInfo$Id
[main] INFO org.evosuite.runtime.instrumentation.EvoClassLoader - Keeping class: com.fasterxml.jackson.annotation.JsonTypeInfo$Id
[main] INFO org.evosuite.runtime.instrumentation.EvoClassLoader - Seeing class for first time: com.fasterxml.jackson.databind.jsontype.TypeIdResolver
[main] INFO org.evosuite.runtime.instrumentation.EvoClassLoader - Instrumenting class 'com.fasterxml.jackson.databind.jsontype.TypeIdResolver'.
[main] INFO org.evosuite.runtime.instrumentation.EvoClassLoader - Keeping class: com.fasterxml.jackson.databind.jsontype.TypeIdResolver
[main] INFO org.evosuite.runtime.instrumentation.EvoClassLoader - Seeing class for first time: com.fasterxml.jackson.databind.ser.impl.PropertySerializerMap
[main] INFO org.evosuite.runtime.instrumentation.EvoClassLoader - Instrumenting class 'com.fasterxml.jackson.databind.ser.impl.PropertySerializerMap'.
[main] INFO org.evosuite.runtime.instrumentation.MethodCallReplacementClassAdapter - Adding mock interface to class com/fasterxml/jackson/databind/ser/impl/PropertySerializerMap
[main] INFO org.evosuite.runtime.instrumentation.CreateClassResetClassAdapter - Creating brand-new static initializer in class com/fasterxml/jackson/databind/ser/impl/PropertySerializerMap
[main] INFO org.evosuite.runtime.instrumentation.EvoClassLoader - Keeping class: com.fasterxml.jackson.databind.ser.impl.PropertySerializerMap
[main] INFO org.evosuite.runtime.instrumentation.EvoClassLoader - Seeing class for first time: com.fasterxml.jackson.core.json.DupDetector
[main] INFO org.evosuite.runtime.instrumentation.EvoClassLoader - Instrumenting class 'com.fasterxml.jackson.core.json.DupDetector'.
[main] INFO org.evosuite.runtime.instrumentation.MethodCallReplacementClassAdapter - Adding mock interface to class com/fasterxml/jackson/core/json/DupDetector
[main] INFO org.evosuite.runtime.instrumentation.CreateClassResetClassAdapter - Creating brand-new static initializer in class com/fasterxml/jackson/core/json/DupDetector
[main] INFO org.evosuite.runtime.instrumentation.EvoClassLoader - Keeping class: com.fasterxml.jackson.core.json.DupDetector
[main] INFO org.evosuite.runtime.instrumentation.EvoClassLoader - Seeing class for first time: com.fasterxml.jackson.databind.jsonFormatVisitors.JsonObjectFormatVisitor
[main] INFO org.evosuite.runtime.instrumentation.EvoClassLoader - Instrumenting class 'com.fasterxml.jackson.databind.jsonFormatVisitors.JsonObjectFormatVisitor'.
[main] INFO org.evosuite.runtime.instrumentation.EvoClassLoader - Keeping class: com.fasterxml.jackson.databind.jsonFormatVisitors.JsonObjectFormatVisitor
[main] INFO org.evosuite.runtime.instrumentation.EvoClassLoader - Seeing class for first time: com.fasterxml.jackson.core.type.WritableTypeId
[main] INFO org.evosuite.runtime.instrumentation.EvoClassLoader - Instrumenting class 'com.fasterxml.jackson.core.type.WritableTypeId'.
[main] INFO org.evosuite.runtime.instrumentation.MethodCallReplacementClassAdapter - Adding mock interface to class com/fasterxml/jackson/core/type/WritableTypeId
[main] INFO org.evosuite.runtime.instrumentation.CreateClassResetClassAdapter - Creating brand-new static initializer in class com/fasterxml/jackson/core/type/WritableTypeId
[main] INFO org.evosuite.runtime.instrumentation.EvoClassLoader - Keeping class: com.fasterxml.jackson.core.type.WritableTypeId
[main] INFO org.evosuite.runtime.instrumentation.EvoClassLoader - Seeing class for first time: com.fasterxml.jackson.annotation.ObjectIdResolver
[main] INFO org.evosuite.runtime.instrumentation.EvoClassLoader - Instrumenting class 'com.fasterxml.jackson.annotation.ObjectIdResolver'.
[main] INFO org.evosuite.runtime.instrumentation.EvoClassLoader - Keeping class: com.fasterxml.jackson.annotation.ObjectIdResolver
[main] INFO org.evosuite.runtime.instrumentation.EvoClassLoader - Seeing class for first time: com.fasterxml.jackson.annotation.ObjectIdGenerator$IdKey
[main] INFO org.evosuite.runtime.instrumentation.EvoClassLoader - Instrumenting class 'com.fasterxml.jackson.annotation.ObjectIdGenerator$IdKey'.
[main] INFO org.evosuite.runtime.instrumentation.MethodCallReplacementClassAdapter - Adding mock interface to class com/fasterxml/jackson/annotation/ObjectIdGenerator$IdKey
[main] INFO org.evosuite.runtime.instrumentation.CreateClassResetClassAdapter - Creating brand-new static initializer in class com/fasterxml/jackson/annotation/ObjectIdGenerator$IdKey
[main] INFO org.evosuite.runtime.instrumentation.EvoClassLoader - Keeping class: com.fasterxml.jackson.annotation.ObjectIdGenerator$IdKey
[main] INFO org.evosuite.runtime.instrumentation.EvoClassLoader - Seeing class for first time: com.fasterxml.jackson.databind.InjectableValues
[main] INFO org.evosuite.runtime.instrumentation.EvoClassLoader - Instrumenting class 'com.fasterxml.jackson.databind.InjectableValues'.
[main] INFO org.evosuite.runtime.instrumentation.MethodCallReplacementClassAdapter - Adding mock interface to class com/fasterxml/jackson/databind/InjectableValues
[main] INFO org.evosuite.runtime.instrumentation.CreateClassResetClassAdapter - Creating brand-new static initializer in class com/fasterxml/jackson/databind/InjectableValues
[main] INFO org.evosuite.runtime.instrumentation.EvoClassLoader - Keeping class: com.fasterxml.jackson.databind.InjectableValues
[main] INFO org.evosuite.runtime.instrumentation.EvoClassLoader - Seeing class for first time: org.apache.avro.reflect.FieldAccessor
[main] INFO org.evosuite.runtime.instrumentation.EvoClassLoader - Instrumenting class 'org.apache.avro.reflect.FieldAccessor'.
[main] INFO org.evosuite.runtime.instrumentation.MethodCallReplacementClassAdapter - Adding mock interface to class org/apache/avro/reflect/FieldAccessor
[main] INFO org.evosuite.runtime.instrumentation.CreateClassResetClassAdapter - Creating brand-new static initializer in class org/apache/avro/reflect/FieldAccessor
[main] INFO org.evosuite.runtime.instrumentation.EvoClassLoader - Keeping class: org.apache.avro.reflect.FieldAccessor
[main] INFO org.evosuite.runtime.instrumentation.EvoClassLoader - Seeing class for first time: org.apache.avro.reflect.ReflectData$ClassAccessorData
[main] INFO org.evosuite.runtime.instrumentation.EvoClassLoader - Instrumenting class 'org.apache.avro.reflect.ReflectData$ClassAccessorData'.
[main] INFO org.evosuite.runtime.instrumentation.MethodCallReplacementClassAdapter - Adding mock interface to class org/apache/avro/reflect/ReflectData$ClassAccessorData
[main] INFO org.evosuite.runtime.instrumentation.CreateClassResetClassAdapter - Creating brand-new static initializer in class org/apache/avro/reflect/ReflectData$ClassAccessorData
[main] INFO org.evosuite.runtime.instrumentation.EvoClassLoader - Keeping class: org.apache.avro.reflect.ReflectData$ClassAccessorData
[main] INFO org.evosuite.runtime.instrumentation.EvoClassLoader - Seeing class for first time: com.fasterxml.jackson.core.util.RequestPayload
[main] INFO org.evosuite.runtime.instrumentation.EvoClassLoader - Instrumenting class 'com.fasterxml.jackson.core.util.RequestPayload'.
[main] INFO org.evosuite.runtime.instrumentation.MethodCallReplacementClassAdapter - Adding mock interface to class com/fasterxml/jackson/core/util/RequestPayload
[main] INFO org.evosuite.runtime.instrumentation.CreateClassResetClassAdapter - Creating brand-new static initializer in class com/fasterxml/jackson/core/util/RequestPayload
[main] INFO org.evosuite.runtime.instrumentation.EvoClassLoader - Keeping class: com.fasterxml.jackson.core.util.RequestPayload
[main] INFO org.evosuite.runtime.instrumentation.EvoClassLoader - Seeing class for first time: com.fasterxml.jackson.databind.introspect.AnnotatedMethodMap
[main] INFO org.evosuite.runtime.instrumentation.EvoClassLoader - Instrumenting class 'com.fasterxml.jackson.databind.introspect.AnnotatedMethodMap'.
[main] INFO org.evosuite.runtime.instrumentation.MethodCallReplacementClassAdapter - Adding mock interface to class com/fasterxml/jackson/databind/introspect/AnnotatedMethodMap
[main] INFO org.evosuite.runtime.instrumentation.CreateClassResetClassAdapter - Creating brand-new static initializer in class com/fasterxml/jackson/databind/introspect/AnnotatedMethodMap
[main] INFO org.evosuite.runtime.instrumentation.EvoClassLoader - Keeping class: com.fasterxml.jackson.databind.introspect.AnnotatedMethodMap
[main] INFO org.evosuite.runtime.instrumentation.EvoClassLoader - Seeing class for first time: com.fasterxml.jackson.databind.JsonMappingException$Reference
[main] INFO org.evosuite.runtime.instrumentation.EvoClassLoader - Instrumenting class 'com.fasterxml.jackson.databind.JsonMappingException$Reference'.
[main] INFO org.evosuite.runtime.instrumentation.MethodCallReplacementClassAdapter - Adding mock interface to class com/fasterxml/jackson/databind/JsonMappingException$Reference
[main] INFO org.evosuite.runtime.instrumentation.CreateClassResetClassAdapter - Creating brand-new static initializer in class com/fasterxml/jackson/databind/JsonMappingException$Reference
[main] INFO org.evosuite.runtime.instrumentation.EvoClassLoader - Keeping class: com.fasterxml.jackson.databind.JsonMappingException$Reference
[main] INFO org.evosuite.runtime.instrumentation.EvoClassLoader - Seeing class for first time: com.fasterxml.jackson.annotation.OptBoolean
[main] INFO org.evosuite.runtime.instrumentation.EvoClassLoader - Instrumenting class 'com.fasterxml.jackson.annotation.OptBoolean'.
[main] INFO org.evosuite.runtime.instrumentation.MethodCallReplacementClassAdapter - Adding mock interface to class com/fasterxml/jackson/annotation/OptBoolean
[main] INFO org.evosuite.runtime.instrumentation.CreateClassResetClassAdapter - Found static initializer in class com/fasterxml/jackson/annotation/OptBoolean
[main] INFO org.evosuite.runtime.instrumentation.EvoClassLoader - Keeping class: com.fasterxml.jackson.annotation.OptBoolean
[main] INFO org.evosuite.runtime.instrumentation.EvoClassLoader - Seeing class for first time: com.fasterxml.jackson.core.format.InputAccessor
[main] INFO org.evosuite.runtime.instrumentation.EvoClassLoader - Instrumenting class 'com.fasterxml.jackson.core.format.InputAccessor'.
[main] INFO org.evosuite.runtime.instrumentation.EvoClassLoader - Defined package (3): package com.fasterxml.jackson.core.format, 1723744478
[main] INFO org.evosuite.runtime.instrumentation.EvoClassLoader - Keeping class: com.fasterxml.jackson.core.format.InputAccessor
[main] INFO org.evosuite.runtime.instrumentation.EvoClassLoader - Seeing class for first time: com.fasterxml.jackson.core.format.MatchStrength
[main] INFO org.evosuite.runtime.instrumentation.EvoClassLoader - Instrumenting class 'com.fasterxml.jackson.core.format.MatchStrength'.
[main] INFO org.evosuite.runtime.instrumentation.MethodCallReplacementClassAdapter - Adding mock interface to class com/fasterxml/jackson/core/format/MatchStrength
[main] INFO org.evosuite.runtime.instrumentation.CreateClassResetClassAdapter - Found static initializer in class com/fasterxml/jackson/core/format/MatchStrength
[main] INFO org.evosuite.runtime.instrumentation.EvoClassLoader - Keeping class: com.fasterxml.jackson.core.format.MatchStrength
[main] INFO org.evosuite.runtime.instrumentation.EvoClassLoader - Seeing class for first time: com.fasterxml.jackson.databind.type.TypeParser$MyTokenizer
[main] INFO org.evosuite.runtime.instrumentation.EvoClassLoader - Instrumenting class 'com.fasterxml.jackson.databind.type.TypeParser$MyTokenizer'.
[main] INFO org.evosuite.runtime.instrumentation.MethodCallReplacementClassAdapter - Adding mock interface to class com/fasterxml/jackson/databind/type/TypeParser$MyTokenizer
[main] INFO org.evosuite.runtime.instrumentation.CreateClassResetClassAdapter - Creating brand-new static initializer in class com/fasterxml/jackson/databind/type/TypeParser$MyTokenizer
[main] INFO org.evosuite.runtime.instrumentation.EvoClassLoader - Keeping class: com.fasterxml.jackson.databind.type.TypeParser$MyTokenizer
[main] INFO org.evosuite.runtime.instrumentation.EvoClassLoader - Seeing class for first time: com.fasterxml.jackson.databind.util.EnumValues
[main] INFO org.evosuite.runtime.instrumentation.EvoClassLoader - Instrumenting class 'com.fasterxml.jackson.databind.util.EnumValues'.
[main] INFO org.evosuite.runtime.instrumentation.MethodCallReplacementClassAdapter - Adding mock interface to class com/fasterxml/jackson/databind/util/EnumValues
[main] INFO org.evosuite.runtime.instrumentation.CreateClassResetClassAdapter - Creating brand-new static initializer in class com/fasterxml/jackson/databind/util/EnumValues
[main] INFO org.evosuite.runtime.instrumentation.EvoClassLoader - Keeping class: com.fasterxml.jackson.databind.util.EnumValues
[main] INFO org.evosuite.runtime.instrumentation.EvoClassLoader - Seeing class for first time: com.fasterxml.jackson.databind.util.ObjectBuffer
[main] INFO org.evosuite.runtime.instrumentation.EvoClassLoader - Instrumenting class 'com.fasterxml.jackson.databind.util.ObjectBuffer'.
[main] INFO org.evosuite.runtime.instrumentation.MethodCallReplacementClassAdapter - Adding mock interface to class com/fasterxml/jackson/databind/util/ObjectBuffer
[main] INFO org.evosuite.runtime.instrumentation.CreateClassResetClassAdapter - Creating brand-new static initializer in class com/fasterxml/jackson/databind/util/ObjectBuffer
[main] INFO org.evosuite.runtime.instrumentation.CreateClassResetClassAdapter - Adding bytecode for initializing field SMALL_CHUNK
[main] INFO org.evosuite.runtime.instrumentation.CreateClassResetClassAdapter - Adding bytecode for initializing field MAX_CHUNK
[main] INFO org.evosuite.runtime.instrumentation.EvoClassLoader - Keeping class: com.fasterxml.jackson.databind.util.ObjectBuffer
[main] INFO org.evosuite.runtime.instrumentation.EvoClassLoader - Seeing class for first time: com.fasterxml.jackson.databind.util.ArrayBuilders
[main] INFO org.evosuite.runtime.instrumentation.EvoClassLoader - Instrumenting class 'com.fasterxml.jackson.databind.util.ArrayBuilders'.
[main] INFO org.evosuite.runtime.instrumentation.MethodCallReplacementClassAdapter - Adding mock interface to class com/fasterxml/jackson/databind/util/ArrayBuilders
[main] INFO org.evosuite.runtime.instrumentation.CreateClassResetClassAdapter - Creating brand-new static initializer in class com/fasterxml/jackson/databind/util/ArrayBuilders
[main] INFO org.evosuite.runtime.instrumentation.EvoClassLoader - Keeping class: com.fasterxml.jackson.databind.util.ArrayBuilders
[main] INFO org.evosuite.runtime.instrumentation.EvoClassLoader - Seeing class for first time: org.apache.avro.Resolver$RecordAdjust
[main] INFO org.evosuite.runtime.instrumentation.EvoClassLoader - Instrumenting class 'org.apache.avro.Resolver$RecordAdjust'.
[main] INFO org.evosuite.runtime.instrumentation.MethodCallReplacementClassAdapter - Adding mock interface to class org/apache/avro/Resolver$RecordAdjust
[main] INFO org.evosuite.runtime.instrumentation.CreateClassResetClassAdapter - Creating brand-new static initializer in class org/apache/avro/Resolver$RecordAdjust
[main] INFO org.evosuite.runtime.instrumentation.EvoClassLoader - Seeing class for first time: org.apache.avro.Resolver$Action
[main] INFO org.evosuite.runtime.instrumentation.EvoClassLoader - Instrumenting class 'org.apache.avro.Resolver$Action'.
[main] INFO org.evosuite.runtime.instrumentation.MethodCallReplacementClassAdapter - Adding mock interface to class org/apache/avro/Resolver$Action
[main] INFO org.evosuite.runtime.instrumentation.CreateClassResetClassAdapter - Creating brand-new static initializer in class org/apache/avro/Resolver$Action
[main] INFO org.evosuite.runtime.instrumentation.EvoClassLoader - Keeping class: org.apache.avro.Resolver$Action
[main] INFO org.evosuite.runtime.instrumentation.EvoClassLoader - Keeping class: org.apache.avro.Resolver$RecordAdjust
[main] INFO org.evosuite.runtime.instrumentation.EvoClassLoader - Seeing class for first time: org.apache.avro.io.FastReaderBuilder$RecordReader
[main] INFO org.evosuite.runtime.instrumentation.EvoClassLoader - Instrumenting class 'org.apache.avro.io.FastReaderBuilder$RecordReader'.
[main] INFO org.evosuite.runtime.instrumentation.MethodCallReplacementClassAdapter - Adding mock interface to class org/apache/avro/io/FastReaderBuilder$RecordReader
[main] INFO org.evosuite.runtime.instrumentation.CreateClassResetClassAdapter - Creating brand-new static initializer in class org/apache/avro/io/FastReaderBuilder$RecordReader
[main] INFO org.evosuite.runtime.instrumentation.EvoClassLoader - Keeping class: org.apache.avro.io.FastReaderBuilder$RecordReader
[main] INFO org.evosuite.runtime.instrumentation.EvoClassLoader - Seeing class for first time: org.apache.avro.io.FastReaderBuilder$ExecutionStep
[main] INFO org.evosuite.runtime.instrumentation.EvoClassLoader - Instrumenting class 'org.apache.avro.io.FastReaderBuilder$ExecutionStep'.
[main] INFO org.evosuite.runtime.instrumentation.EvoClassLoader - Keeping class: org.apache.avro.io.FastReaderBuilder$ExecutionStep
[main] INFO org.evosuite.runtime.instrumentation.EvoClassLoader - Seeing class for first time: org.apache.avro.io.FastReaderBuilder$ReusingFieldReader
[main] INFO org.evosuite.runtime.instrumentation.EvoClassLoader - Instrumenting class 'org.apache.avro.io.FastReaderBuilder$ReusingFieldReader'.
[main] INFO org.evosuite.runtime.instrumentation.EvoClassLoader - Keeping class: org.apache.avro.io.FastReaderBuilder$ReusingFieldReader
[main] INFO org.evosuite.runtime.instrumentation.EvoClassLoader - Seeing class for first time: org.apache.avro.Resolver$Container
[main] INFO org.evosuite.runtime.instrumentation.EvoClassLoader - Instrumenting class 'org.apache.avro.Resolver$Container'.
[main] INFO org.evosuite.runtime.instrumentation.MethodCallReplacementClassAdapter - Adding mock interface to class org/apache/avro/Resolver$Container
[main] INFO org.evosuite.runtime.instrumentation.CreateClassResetClassAdapter - Creating brand-new static initializer in class org/apache/avro/Resolver$Container
[main] INFO org.evosuite.runtime.instrumentation.EvoClassLoader - Keeping class: org.apache.avro.Resolver$Container
[main] INFO org.evosuite.runtime.instrumentation.EvoClassLoader - Seeing class for first time: org.apache.avro.Resolver$EnumAdjust
[main] INFO org.evosuite.runtime.instrumentation.EvoClassLoader - Instrumenting class 'org.apache.avro.Resolver$EnumAdjust'.
[main] INFO org.evosuite.runtime.instrumentation.MethodCallReplacementClassAdapter - Adding mock interface to class org/apache/avro/Resolver$EnumAdjust
[main] INFO org.evosuite.runtime.instrumentation.CreateClassResetClassAdapter - Creating brand-new static initializer in class org/apache/avro/Resolver$EnumAdjust
[main] INFO org.evosuite.runtime.instrumentation.EvoClassLoader - Keeping class: org.apache.avro.Resolver$EnumAdjust
[main] INFO org.evosuite.runtime.instrumentation.EvoClassLoader - Seeing class for first time: org.apache.avro.Resolver$Promote
[main] INFO org.evosuite.runtime.instrumentation.EvoClassLoader - Instrumenting class 'org.apache.avro.Resolver$Promote'.
[main] INFO org.evosuite.runtime.instrumentation.MethodCallReplacementClassAdapter - Adding mock interface to class org/apache/avro/Resolver$Promote
[main] INFO org.evosuite.runtime.instrumentation.CreateClassResetClassAdapter - Creating brand-new static initializer in class org/apache/avro/Resolver$Promote
[main] INFO org.evosuite.runtime.instrumentation.EvoClassLoader - Keeping class: org.apache.avro.Resolver$Promote
[main] INFO org.evosuite.runtime.instrumentation.EvoClassLoader - Seeing class for first time: org.apache.avro.Resolver$WriterUnion
[main] INFO org.evosuite.runtime.instrumentation.EvoClassLoader - Instrumenting class 'org.apache.avro.Resolver$WriterUnion'.
[main] INFO org.evosuite.runtime.instrumentation.MethodCallReplacementClassAdapter - Adding mock interface to class org/apache/avro/Resolver$WriterUnion
[main] INFO org.evosuite.runtime.instrumentation.CreateClassResetClassAdapter - Creating brand-new static initializer in class org/apache/avro/Resolver$WriterUnion
[main] INFO org.evosuite.runtime.instrumentation.EvoClassLoader - Keeping class: org.apache.avro.Resolver$WriterUnion
[main] INFO org.evosuite.runtime.instrumentation.EvoClassLoader - Seeing class for first time: com.fasterxml.jackson.databind.MappingIterator
[main] INFO org.evosuite.runtime.instrumentation.EvoClassLoader - Instrumenting class 'com.fasterxml.jackson.databind.MappingIterator'.
[main] INFO org.evosuite.runtime.instrumentation.MethodCallReplacementClassAdapter - Adding mock interface to class com/fasterxml/jackson/databind/MappingIterator
[main] INFO org.evosuite.runtime.instrumentation.CreateClassResetClassAdapter - Found static initializer in class com/fasterxml/jackson/databind/MappingIterator
[main] INFO org.evosuite.runtime.instrumentation.EvoClassLoader - Keeping class: com.fasterxml.jackson.databind.MappingIterator
[main] INFO org.evosuite.runtime.instrumentation.EvoClassLoader - Seeing class for first time: com.fasterxml.jackson.databind.deser.DataFormatReaders
[main] INFO org.evosuite.runtime.instrumentation.EvoClassLoader - Instrumenting class 'com.fasterxml.jackson.databind.deser.DataFormatReaders'.
[main] INFO org.evosuite.runtime.instrumentation.MethodCallReplacementClassAdapter - Adding mock interface to class com/fasterxml/jackson/databind/deser/DataFormatReaders
[main] INFO org.evosuite.runtime.instrumentation.CreateClassResetClassAdapter - Creating brand-new static initializer in class com/fasterxml/jackson/databind/deser/DataFormatReaders
[main] INFO org.evosuite.runtime.instrumentation.CreateClassResetClassAdapter - Adding bytecode for initializing field DEFAULT_MAX_INPUT_LOOKAHEAD
[main] INFO org.evosuite.runtime.instrumentation.EvoClassLoader - Keeping class: com.fasterxml.jackson.databind.deser.DataFormatReaders
[main] INFO org.evosuite.runtime.instrumentation.EvoClassLoader - Seeing class for first time: com.fasterxml.jackson.databind.deser.DataFormatReaders$Match
[main] INFO org.evosuite.runtime.instrumentation.EvoClassLoader - Instrumenting class 'com.fasterxml.jackson.databind.deser.DataFormatReaders$Match'.
[main] INFO org.evosuite.runtime.instrumentation.MethodCallReplacementClassAdapter - Adding mock interface to class com/fasterxml/jackson/databind/deser/DataFormatReaders$Match
[main] INFO org.evosuite.runtime.instrumentation.CreateClassResetClassAdapter - Creating brand-new static initializer in class com/fasterxml/jackson/databind/deser/DataFormatReaders$Match
[main] INFO org.evosuite.runtime.instrumentation.EvoClassLoader - Keeping class: com.fasterxml.jackson.databind.deser.DataFormatReaders$Match
[main] INFO org.evosuite.runtime.instrumentation.EvoClassLoader - Seeing class for first time: org.apache.avro.io.JsonEncoder
[main] INFO org.evosuite.runtime.instrumentation.EvoClassLoader - Instrumenting class 'org.apache.avro.io.JsonEncoder'.
[main] INFO org.evosuite.runtime.instrumentation.MethodCallReplacementClassAdapter - Adding mock interface to class org/apache/avro/io/JsonEncoder
[main] INFO org.evosuite.runtime.instrumentation.CreateClassResetClassAdapter - Found static initializer in class org/apache/avro/io/JsonEncoder
[main] INFO org.evosuite.runtime.instrumentation.EvoClassLoader - Seeing class for first time: org.apache.avro.io.ParsingEncoder
[main] INFO org.evosuite.runtime.instrumentation.EvoClassLoader - Instrumenting class 'org.apache.avro.io.ParsingEncoder'.
[main] INFO org.evosuite.runtime.instrumentation.MethodCallReplacementClassAdapter - Adding mock interface to class org/apache/avro/io/ParsingEncoder
[main] INFO org.evosuite.runtime.instrumentation.CreateClassResetClassAdapter - Creating brand-new static initializer in class org/apache/avro/io/ParsingEncoder
[main] INFO org.evosuite.runtime.instrumentation.EvoClassLoader - Keeping class: org.apache.avro.io.ParsingEncoder
[main] INFO org.evosuite.runtime.instrumentation.EvoClassLoader - Keeping class: org.apache.avro.io.JsonEncoder
[main] INFO org.evosuite.runtime.instrumentation.EvoClassLoader - Seeing class for first time: org.apache.avro.io.ValidatingEncoder
[main] INFO org.evosuite.runtime.instrumentation.EvoClassLoader - Instrumenting class 'org.apache.avro.io.ValidatingEncoder'.
[main] INFO org.evosuite.runtime.instrumentation.MethodCallReplacementClassAdapter - Adding mock interface to class org/apache/avro/io/ValidatingEncoder
[main] INFO org.evosuite.runtime.instrumentation.CreateClassResetClassAdapter - Creating brand-new static initializer in class org/apache/avro/io/ValidatingEncoder
[main] INFO org.evosuite.runtime.instrumentation.EvoClassLoader - Keeping class: org.apache.avro.io.ValidatingEncoder
[main] INFO org.evosuite.runtime.instrumentation.EvoClassLoader - Seeing class for first time: com.fasterxml.jackson.databind.deser.std.MapDeserializer$MapReferringAccumulator
[main] INFO org.evosuite.runtime.instrumentation.EvoClassLoader - Instrumenting class 'com.fasterxml.jackson.databind.deser.std.MapDeserializer$MapReferringAccumulator'.
[main] INFO org.evosuite.runtime.instrumentation.MethodCallReplacementClassAdapter - Adding mock interface to class com/fasterxml/jackson/databind/deser/std/MapDeserializer$MapReferringAccumulator
[main] INFO org.evosuite.runtime.instrumentation.CreateClassResetClassAdapter - Creating brand-new static initializer in class com/fasterxml/jackson/databind/deser/std/MapDeserializer$MapReferringAccumulator
[main] INFO org.evosuite.runtime.instrumentation.EvoClassLoader - Keeping class: com.fasterxml.jackson.databind.deser.std.MapDeserializer$MapReferringAccumulator
[main] INFO org.evosuite.runtime.instrumentation.EvoClassLoader - Seeing class for first time: com.fasterxml.jackson.databind.annotation.JsonSerialize$Inclusion
[main] INFO org.evosuite.runtime.instrumentation.EvoClassLoader - Instrumenting class 'com.fasterxml.jackson.databind.annotation.JsonSerialize$Inclusion'.
[main] INFO org.evosuite.runtime.instrumentation.MethodCallReplacementClassAdapter - Adding mock interface to class com/fasterxml/jackson/databind/annotation/JsonSerialize$Inclusion
[main] INFO org.evosuite.runtime.instrumentation.CreateClassResetClassAdapter - Found static initializer in class com/fasterxml/jackson/databind/annotation/JsonSerialize$Inclusion
[main] INFO org.evosuite.runtime.instrumentation.EvoClassLoader - Keeping class: com.fasterxml.jackson.databind.annotation.JsonSerialize$Inclusion
[main] INFO org.evosuite.runtime.instrumentation.EvoClassLoader - Seeing class for first time: com.fasterxml.jackson.databind.introspect.DefaultAccessorNamingStrategy$BaseNameValidator
[main] INFO org.evosuite.runtime.instrumentation.EvoClassLoader - Instrumenting class 'com.fasterxml.jackson.databind.introspect.DefaultAccessorNamingStrategy$BaseNameValidator'.
[main] INFO org.evosuite.runtime.instrumentation.EvoClassLoader - Keeping class: com.fasterxml.jackson.databind.introspect.DefaultAccessorNamingStrategy$BaseNameValidator
[main] INFO org.evosuite.runtime.instrumentation.EvoClassLoader - Seeing class for first time: com.fasterxml.jackson.databind.json.JsonMapper$Builder
[main] INFO org.evosuite.runtime.instrumentation.EvoClassLoader - Instrumenting class 'com.fasterxml.jackson.databind.json.JsonMapper$Builder'.
[main] INFO org.evosuite.runtime.instrumentation.MethodCallReplacementClassAdapter - Adding mock interface to class com/fasterxml/jackson/databind/json/JsonMapper$Builder
[main] INFO org.evosuite.runtime.instrumentation.CreateClassResetClassAdapter - Creating brand-new static initializer in class com/fasterxml/jackson/databind/json/JsonMapper$Builder
[main] INFO org.evosuite.runtime.instrumentation.EvoClassLoader - Seeing class for first time: com.fasterxml.jackson.databind.cfg.MapperBuilder
[main] INFO org.evosuite.runtime.instrumentation.EvoClassLoader - Instrumenting class 'com.fasterxml.jackson.databind.cfg.MapperBuilder'.
[main] INFO org.evosuite.runtime.instrumentation.MethodCallReplacementClassAdapter - Adding mock interface to class com/fasterxml/jackson/databind/cfg/MapperBuilder
[main] INFO org.evosuite.runtime.instrumentation.CreateClassResetClassAdapter - Creating brand-new static initializer in class com/fasterxml/jackson/databind/cfg/MapperBuilder
[main] INFO org.evosuite.runtime.instrumentation.EvoClassLoader - Keeping class: com.fasterxml.jackson.databind.cfg.MapperBuilder
[main] INFO org.evosuite.runtime.instrumentation.EvoClassLoader - Keeping class: com.fasterxml.jackson.databind.json.JsonMapper$Builder
[main] INFO org.evosuite.runtime.instrumentation.EvoClassLoader - Seeing class for first time: com.fasterxml.jackson.databind.deser.BasicDeserializerFactory$CreatorCollectionState
[main] INFO org.evosuite.runtime.instrumentation.EvoClassLoader - Instrumenting class 'com.fasterxml.jackson.databind.deser.BasicDeserializerFactory$CreatorCollectionState'.
[main] INFO org.evosuite.runtime.instrumentation.MethodCallReplacementClassAdapter - Adding mock interface to class com/fasterxml/jackson/databind/deser/BasicDeserializerFactory$CreatorCollectionState
[main] INFO org.evosuite.runtime.instrumentation.CreateClassResetClassAdapter - Creating brand-new static initializer in class com/fasterxml/jackson/databind/deser/BasicDeserializerFactory$CreatorCollectionState
[main] INFO org.evosuite.runtime.instrumentation.EvoClassLoader - Keeping class: com.fasterxml.jackson.databind.deser.BasicDeserializerFactory$CreatorCollectionState
[main] INFO org.evosuite.runtime.instrumentation.EvoClassLoader - Seeing class for first time: com.fasterxml.jackson.databind.deser.impl.CreatorCollector
[main] INFO org.evosuite.runtime.instrumentation.EvoClassLoader - Instrumenting class 'com.fasterxml.jackson.databind.deser.impl.CreatorCollector'.
[main] INFO org.evosuite.runtime.instrumentation.MethodCallReplacementClassAdapter - Adding mock interface to class com/fasterxml/jackson/databind/deser/impl/CreatorCollector
[main] INFO org.evosuite.runtime.instrumentation.CreateClassResetClassAdapter - Found static initializer in class com/fasterxml/jackson/databind/deser/impl/CreatorCollector
[main] INFO org.evosuite.runtime.instrumentation.EvoClassLoader - Keeping class: com.fasterxml.jackson.databind.deser.impl.CreatorCollector
[main] INFO org.evosuite.runtime.instrumentation.EvoClassLoader - Seeing class for first time: com.fasterxml.jackson.databind.deser.impl.CreatorCandidate
[main] INFO org.evosuite.runtime.instrumentation.EvoClassLoader - Instrumenting class 'com.fasterxml.jackson.databind.deser.impl.CreatorCandidate'.
[main] INFO org.evosuite.runtime.instrumentation.MethodCallReplacementClassAdapter - Adding mock interface to class com/fasterxml/jackson/databind/deser/impl/CreatorCandidate
[main] INFO org.evosuite.runtime.instrumentation.CreateClassResetClassAdapter - Creating brand-new static initializer in class com/fasterxml/jackson/databind/deser/impl/CreatorCandidate
[main] INFO org.evosuite.runtime.instrumentation.EvoClassLoader - Keeping class: com.fasterxml.jackson.databind.deser.impl.CreatorCandidate
[main] INFO org.evosuite.runtime.instrumentation.EvoClassLoader - Seeing class for first time: com.fasterxml.jackson.databind.deser.impl.PropertyValueBuffer
[main] INFO org.evosuite.runtime.instrumentation.EvoClassLoader - Instrumenting class 'com.fasterxml.jackson.databind.deser.impl.PropertyValueBuffer'.
[main] INFO org.evosuite.runtime.instrumentation.MethodCallReplacementClassAdapter - Adding mock interface to class com/fasterxml/jackson/databind/deser/impl/PropertyValueBuffer
[main] INFO org.evosuite.runtime.instrumentation.CreateClassResetClassAdapter - Creating brand-new static initializer in class com/fasterxml/jackson/databind/deser/impl/PropertyValueBuffer
[main] INFO org.evosuite.runtime.instrumentation.EvoClassLoader - Keeping class: com.fasterxml.jackson.databind.deser.impl.PropertyValueBuffer
[main] INFO org.evosuite.runtime.instrumentation.EvoClassLoader - Seeing class for first time: com.fasterxml.jackson.databind.deser.impl.ExternalTypeHandler
[main] INFO org.evosuite.runtime.instrumentation.EvoClassLoader - Instrumenting class 'com.fasterxml.jackson.databind.deser.impl.ExternalTypeHandler'.
[main] INFO org.evosuite.runtime.instrumentation.MethodCallReplacementClassAdapter - Adding mock interface to class com/fasterxml/jackson/databind/deser/impl/ExternalTypeHandler
[main] INFO org.evosuite.runtime.instrumentation.CreateClassResetClassAdapter - Creating brand-new static initializer in class com/fasterxml/jackson/databind/deser/impl/ExternalTypeHandler
[main] INFO org.evosuite.runtime.instrumentation.EvoClassLoader - Keeping class: com.fasterxml.jackson.databind.deser.impl.ExternalTypeHandler
[main] INFO org.evosuite.runtime.instrumentation.EvoClassLoader - Seeing class for first time: com.fasterxml.jackson.annotation.JsonInclude
[main] INFO org.evosuite.runtime.instrumentation.EvoClassLoader - Instrumenting class 'com.fasterxml.jackson.annotation.JsonInclude'.
[main] INFO org.evosuite.runtime.instrumentation.EvoClassLoader - Keeping class: com.fasterxml.jackson.annotation.JsonInclude
[main] INFO org.evosuite.runtime.instrumentation.EvoClassLoader - Seeing class for first time: com.fasterxml.jackson.databind.Module
[main] INFO org.evosuite.runtime.instrumentation.EvoClassLoader - Instrumenting class 'com.fasterxml.jackson.databind.Module'.
[main] INFO org.evosuite.runtime.instrumentation.MethodCallReplacementClassAdapter - Adding mock interface to class com/fasterxml/jackson/databind/Module
[main] INFO org.evosuite.runtime.instrumentation.CreateClassResetClassAdapter - Creating brand-new static initializer in class com/fasterxml/jackson/databind/Module
[main] INFO org.evosuite.runtime.instrumentation.EvoClassLoader - Keeping class: com.fasterxml.jackson.databind.Module
[main] INFO org.evosuite.runtime.instrumentation.EvoClassLoader - Seeing class for first time: com.fasterxml.jackson.databind.ObjectMapper$DefaultTyping
[main] INFO org.evosuite.runtime.instrumentation.EvoClassLoader - Instrumenting class 'com.fasterxml.jackson.databind.ObjectMapper$DefaultTyping'.
[main] INFO org.evosuite.runtime.instrumentation.MethodCallReplacementClassAdapter - Adding mock interface to class com/fasterxml/jackson/databind/ObjectMapper$DefaultTyping
[main] INFO org.evosuite.runtime.instrumentation.CreateClassResetClassAdapter - Found static initializer in class com/fasterxml/jackson/databind/ObjectMapper$DefaultTyping
[main] INFO org.evosuite.runtime.instrumentation.EvoClassLoader - Keeping class: com.fasterxml.jackson.databind.ObjectMapper$DefaultTyping
[main] INFO org.evosuite.runtime.instrumentation.EvoClassLoader - Seeing class for first time: org.apache.avro.io.JsonDecoder
[main] INFO org.evosuite.runtime.instrumentation.EvoClassLoader - Instrumenting class 'org.apache.avro.io.JsonDecoder'.
[main] INFO org.evosuite.runtime.instrumentation.MethodCallReplacementClassAdapter - Adding mock interface to class org/apache/avro/io/JsonDecoder
[main] INFO org.evosuite.runtime.instrumentation.CreateClassResetClassAdapter - Found static initializer in class org/apache/avro/io/JsonDecoder
[main] INFO org.evosuite.runtime.instrumentation.EvoClassLoader - Keeping class: org.apache.avro.io.JsonDecoder
java.lang.SecurityException: Security manager blocks ("java.lang.RuntimePermission" "loadLibrary./tmp/snappy-1.1.8-00000000-0100-4000-8200-000003000000-libsnappyjava.so")
java.lang.Thread.getStackTrace(Thread.java:1564)
org.evosuite.runtime.sandbox.MSecurityManager.checkPermission(MSecurityManager.java:424)
java.lang.SecurityManager.checkLink(SecurityManager.java:835)
java.lang.Runtime.load0(Runtime.java:776)
java.lang.System.load(System.java:1100)
org.xerial.snappy.SnappyLoader.loadNativeLibrary(SnappyLoader.java:198)
org.xerial.snappy.SnappyLoader.loadSnappyApi(SnappyLoader.java:167)
org.xerial.snappy.Snappy.init(Snappy.java:69)
org.xerial.snappy.Snappy.__STATIC_RESET(Snappy.java:46)
sun.reflect.NativeMethodAccessorImpl.invoke0(Native Method)
sun.reflect.NativeMethodAccessorImpl.invoke(NativeMethodAccessorImpl.java:62)
sun.reflect.DelegatingMethodAccessorImpl.invoke(DelegatingMethodAccessorImpl.java:43)
java.lang.reflect.Method.invoke(Method.java:498)
org.evosuite.runtime.classhandling.ClassResetter.reset(ClassResetter.java:159)
org.evosuite.runtime.classhandling.ClassStateSupport.resetClasses(ClassStateSupport.java:137)
org.apache.avro.file.DataFileWriter_ESTest_scaffolding.resetClasses(DataFileWriter_ESTest_scaffolding.java:644)
org.apache.avro.file.DataFileWriter_ESTest_scaffolding.doneWithTestCase(DataFileWriter_ESTest_scaffolding.java:68)
sun.reflect.NativeMethodAccessorImpl.invoke0(Native Method)
sun.reflect.NativeMethodAccessorImpl.invoke(NativeMethodAccessorImpl.java:62)
sun.reflect.DelegatingMethodAccessorImpl.invoke(DelegatingMethodAccessorImpl.java:43)
java.lang.reflect.Method.invoke(Method.java:498)
org.junit.runners.model.FrameworkMethod$1.runReflectiveCall(FrameworkMethod.java:59)
org.junit.internal.runners.model.ReflectiveCallable.run(ReflectiveCallable.java:12)
org.junit.runners.model.FrameworkMethod.invokeExplosively(FrameworkMethod.java:56)
org.junit.internal.runners.statements.RunAfters.invokeMethod(RunAfters.java:46)
org.junit.internal.runners.statements.RunAfters.evaluate(RunAfters.java:33)
org.evosuite.runtime.vnet.NonFunctionalRequirementRule$1.evaluate(NonFunctionalRequirementRule.java:41)
org.junit.runners.ParentRunner$3.evaluate(ParentRunner.java:306)
org.junit.runners.BlockJUnit4ClassRunner$1.evaluate(BlockJUnit4ClassRunner.java:100)
org.junit.runners.ParentRunner.runLeaf(ParentRunner.java:366)
org.junit.runners.BlockJUnit4ClassRunner.runChild(BlockJUnit4ClassRunner.java:103)
org.junit.runners.BlockJUnit4ClassRunner.runChild(BlockJUnit4ClassRunner.java:63)
org.junit.runners.ParentRunner$4.run(ParentRunner.java:331)
org.junit.runners.ParentRunner$1.schedule(ParentRunner.java:79)
org.junit.runners.ParentRunner.runChildren(ParentRunner.java:329)
org.junit.runners.ParentRunner.access$100(ParentRunner.java:66)
org.junit.runners.ParentRunner$2.evaluate(ParentRunner.java:293)
org.junit.internal.runners.statements.RunBefores.evaluate(RunBefores.java:26)
org.junit.internal.runners.statements.RunAfters.evaluate(RunAfters.java:27)
org.junit.runners.ParentRunner$3.evaluate(ParentRunner.java:306)
org.junit.runners.ParentRunner.run(ParentRunner.java:413)
org.apache.maven.surefire.junit4.JUnit4Provider.execute(JUnit4Provider.java:316)
org.apache.maven.surefire.junit4.JUnit4Provider.executeWithRerun(JUnit4Provider.java:240)
org.apache.maven.surefire.junit4.JUnit4Provider.executeTestSet(JUnit4Provider.java:214)
org.apache.maven.surefire.junit4.JUnit4Provider.invoke(JUnit4Provider.java:155)
org.apache.maven.surefire.booter.ForkedBooter.runSuitesInProcess(ForkedBooter.java:385)
org.apache.maven.surefire.booter.ForkedBooter.execute(ForkedBooter.java:162)
org.apache.maven.surefire.booter.ForkedBooter.run(ForkedBooter.java:507)
org.apache.maven.surefire.booter.ForkedBooter.main(ForkedBooter.java:495)

	at org.evosuite.runtime.sandbox.MSecurityManager.checkPermission(MSecurityManager.java:436)
	at java.lang.SecurityManager.checkLink(SecurityManager.java:835)
	at java.lang.Runtime.load0(Runtime.java:776)
	at java.lang.System.load(System.java:1100)
	at org.xerial.snappy.SnappyLoader.loadNativeLibrary(SnappyLoader.java:198)
	at org.xerial.snappy.SnappyLoader.loadSnappyApi(SnappyLoader.java:167)
	at org.xerial.snappy.Snappy.init(Snappy.java:69)
	at org.xerial.snappy.Snappy.__STATIC_RESET(Snappy.java:46)
	at sun.reflect.NativeMethodAccessorImpl.invoke0(Native Method)
	at sun.reflect.NativeMethodAccessorImpl.invoke(NativeMethodAccessorImpl.java:62)
	at sun.reflect.DelegatingMethodAccessorImpl.invoke(DelegatingMethodAccessorImpl.java:43)
	at java.lang.reflect.Method.invoke(Method.java:498)
	at org.evosuite.runtime.classhandling.ClassResetter.reset(ClassResetter.java:159)
	at org.evosuite.runtime.classhandling.ClassStateSupport.resetClasses(ClassStateSupport.java:137)
	at org.apache.avro.file.DataFileWriter_ESTest_scaffolding.resetClasses(DataFileWriter_ESTest_scaffolding.java:644)
	at org.apache.avro.file.DataFileWriter_ESTest_scaffolding.doneWithTestCase(DataFileWriter_ESTest_scaffolding.java:68)
	at sun.reflect.NativeMethodAccessorImpl.invoke0(Native Method)
	at sun.reflect.NativeMethodAccessorImpl.invoke(NativeMethodAccessorImpl.java:62)
	at sun.reflect.DelegatingMethodAccessorImpl.invoke(DelegatingMethodAccessorImpl.java:43)
	at java.lang.reflect.Method.invoke(Method.java:498)
	at org.junit.runners.model.FrameworkMethod$1.runReflectiveCall(FrameworkMethod.java:59)
	at org.junit.internal.runners.model.ReflectiveCallable.run(ReflectiveCallable.java:12)
	at org.junit.runners.model.FrameworkMethod.invokeExplosively(FrameworkMethod.java:56)
	at org.junit.internal.runners.statements.RunAfters.invokeMethod(RunAfters.java:46)
	at org.junit.internal.runners.statements.RunAfters.evaluate(RunAfters.java:33)
	at org.evosuite.runtime.vnet.NonFunctionalRequirementRule$1.evaluate(NonFunctionalRequirementRule.java:41)
	at org.junit.runners.ParentRunner$3.evaluate(ParentRunner.java:306)
	at org.junit.runners.BlockJUnit4ClassRunner$1.evaluate(BlockJUnit4ClassRunner.java:100)
	at org.junit.runners.ParentRunner.runLeaf(ParentRunner.java:366)
	at org.junit.runners.BlockJUnit4ClassRunner.runChild(BlockJUnit4ClassRunner.java:103)
	at org.junit.runners.BlockJUnit4ClassRunner.runChild(BlockJUnit4ClassRunner.java:63)
	at org.junit.runners.ParentRunner$4.run(ParentRunner.java:331)
	at org.junit.runners.ParentRunner$1.schedule(ParentRunner.java:79)
	at org.junit.runners.ParentRunner.runChildren(ParentRunner.java:329)
	at org.junit.runners.ParentRunner.access$100(ParentRunner.java:66)
	at org.junit.runners.ParentRunner$2.evaluate(ParentRunner.java:293)
	at org.junit.internal.runners.statements.RunBefores.evaluate(RunBefores.java:26)
	at org.junit.internal.runners.statements.RunAfters.evaluate(RunAfters.java:27)
	at org.junit.runners.ParentRunner$3.evaluate(ParentRunner.java:306)
	at org.junit.runners.ParentRunner.run(ParentRunner.java:413)
	at org.apache.maven.surefire.junit4.JUnit4Provider.execute(JUnit4Provider.java:316)
	at org.apache.maven.surefire.junit4.JUnit4Provider.executeWithRerun(JUnit4Provider.java:240)
	at org.apache.maven.surefire.junit4.JUnit4Provider.executeTestSet(JUnit4Provider.java:214)
	at org.apache.maven.surefire.junit4.JUnit4Provider.invoke(JUnit4Provider.java:155)
	at org.apache.maven.surefire.booter.ForkedBooter.runSuitesInProcess(ForkedBooter.java:385)
	at org.apache.maven.surefire.booter.ForkedBooter.execute(ForkedBooter.java:162)
	at org.apache.maven.surefire.booter.ForkedBooter.run(ForkedBooter.java:507)
	at org.apache.maven.surefire.booter.ForkedBooter.main(ForkedBooter.java:495)
[main] INFO org.evosuite.runtime.instrumentation.EvoClassLoader - Seeing class for first time: org.apache.avro.util.internal.Accessor$EncoderFactoryAccessor
[main] INFO org.evosuite.runtime.instrumentation.EvoClassLoader - Instrumenting class 'org.apache.avro.util.internal.Accessor$EncoderFactoryAccessor'.
[main] INFO org.evosuite.runtime.instrumentation.MethodCallReplacementClassAdapter - Adding mock interface to class org/apache/avro/util/internal/Accessor$EncoderFactoryAccessor
[main] INFO org.evosuite.runtime.instrumentation.CreateClassResetClassAdapter - Creating brand-new static initializer in class org/apache/avro/util/internal/Accessor$EncoderFactoryAccessor
[main] INFO org.evosuite.runtime.instrumentation.EvoClassLoader - Keeping class: org.apache.avro.util.internal.Accessor$EncoderFactoryAccessor
[main] INFO org.evosuite.runtime.instrumentation.EvoClassLoader - Seeing class for first time: com.fasterxml.jackson.databind.introspect.DefaultAccessorNamingStrategy$FirstCharBasedValidator
[main] INFO org.evosuite.runtime.instrumentation.EvoClassLoader - Instrumenting class 'com.fasterxml.jackson.databind.introspect.DefaultAccessorNamingStrategy$FirstCharBasedValidator'.
[main] INFO org.evosuite.runtime.instrumentation.MethodCallReplacementClassAdapter - Adding mock interface to class com/fasterxml/jackson/databind/introspect/DefaultAccessorNamingStrategy$FirstCharBasedValidator
[main] INFO org.evosuite.runtime.instrumentation.CreateClassResetClassAdapter - Creating brand-new static initializer in class com/fasterxml/jackson/databind/introspect/DefaultAccessorNamingStrategy$FirstCharBasedValidator
[main] INFO org.evosuite.runtime.instrumentation.EvoClassLoader - Keeping class: com.fasterxml.jackson.databind.introspect.DefaultAccessorNamingStrategy$FirstCharBasedValidator
[main] INFO org.evosuite.runtime.instrumentation.EvoClassLoader - Seeing class for first time: com.fasterxml.jackson.databind.introspect.AnnotationCollector$TwoAnnotations
[main] INFO org.evosuite.runtime.instrumentation.EvoClassLoader - Instrumenting class 'com.fasterxml.jackson.databind.introspect.AnnotationCollector$TwoAnnotations'.
[main] INFO org.evosuite.runtime.instrumentation.MethodCallReplacementClassAdapter - Adding mock interface to class com/fasterxml/jackson/databind/introspect/AnnotationCollector$TwoAnnotations
[main] INFO org.evosuite.runtime.instrumentation.CreateClassResetClassAdapter - Creating brand-new static initializer in class com/fasterxml/jackson/databind/introspect/AnnotationCollector$TwoAnnotations
[main] INFO org.evosuite.runtime.instrumentation.EvoClassLoader - Keeping class: com.fasterxml.jackson.databind.introspect.AnnotationCollector$TwoAnnotations
[main] INFO org.evosuite.runtime.instrumentation.EvoClassLoader - Seeing class for first time: com.fasterxml.jackson.databind.introspect.AnnotationCollector$OneAnnotation
[main] INFO org.evosuite.runtime.instrumentation.EvoClassLoader - Instrumenting class 'com.fasterxml.jackson.databind.introspect.AnnotationCollector$OneAnnotation'.
[main] INFO org.evosuite.runtime.instrumentation.MethodCallReplacementClassAdapter - Adding mock interface to class com/fasterxml/jackson/databind/introspect/AnnotationCollector$OneAnnotation
[main] INFO org.evosuite.runtime.instrumentation.CreateClassResetClassAdapter - Creating brand-new static initializer in class com/fasterxml/jackson/databind/introspect/AnnotationCollector$OneAnnotation
[main] INFO org.evosuite.runtime.instrumentation.EvoClassLoader - Keeping class: com.fasterxml.jackson.databind.introspect.AnnotationCollector$OneAnnotation
[main] INFO org.evosuite.runtime.instrumentation.EvoClassLoader - Seeing class for first time: org.apache.avro.util.internal.JacksonUtils
[main] INFO org.evosuite.runtime.instrumentation.EvoClassLoader - Instrumenting class 'org.apache.avro.util.internal.JacksonUtils'.
[main] INFO org.evosuite.runtime.instrumentation.MethodCallReplacementClassAdapter - Adding mock interface to class org/apache/avro/util/internal/JacksonUtils
[main] INFO org.evosuite.runtime.instrumentation.CreateClassResetClassAdapter - Creating brand-new static initializer in class org/apache/avro/util/internal/JacksonUtils
[main] INFO org.evosuite.runtime.instrumentation.EvoClassLoader - Keeping class: org.apache.avro.util.internal.JacksonUtils
[main] INFO org.evosuite.runtime.instrumentation.EvoClassLoader - Seeing class for first time: org.apache.avro.io.parsing.Symbol$Terminal
[main] INFO org.evosuite.runtime.instrumentation.EvoClassLoader - Instrumenting class 'org.apache.avro.io.parsing.Symbol$Terminal'.
[main] INFO org.evosuite.runtime.instrumentation.MethodCallReplacementClassAdapter - Adding mock interface to class org/apache/avro/io/parsing/Symbol$Terminal
[main] INFO org.evosuite.runtime.instrumentation.CreateClassResetClassAdapter - Creating brand-new static initializer in class org/apache/avro/io/parsing/Symbol$Terminal
[main] INFO org.evosuite.runtime.instrumentation.EvoClassLoader - Keeping class: org.apache.avro.io.parsing.Symbol$Terminal
[main] INFO org.evosuite.runtime.instrumentation.EvoClassLoader - Seeing class for first time: org.apache.avro.io.parsing.Symbol$EnumLabelsAction
[main] INFO org.evosuite.runtime.instrumentation.EvoClassLoader - Instrumenting class 'org.apache.avro.io.parsing.Symbol$EnumLabelsAction'.
[main] INFO org.evosuite.runtime.instrumentation.MethodCallReplacementClassAdapter - Adding mock interface to class org/apache/avro/io/parsing/Symbol$EnumLabelsAction
[main] INFO org.evosuite.runtime.instrumentation.CreateClassResetClassAdapter - Creating brand-new static initializer in class org/apache/avro/io/parsing/Symbol$EnumLabelsAction
[main] INFO org.evosuite.runtime.instrumentation.EvoClassLoader - Seeing class for first time: org.apache.avro.io.parsing.Symbol$IntCheckAction
[main] INFO org.evosuite.runtime.instrumentation.EvoClassLoader - Instrumenting class 'org.apache.avro.io.parsing.Symbol$IntCheckAction'.
[main] INFO org.evosuite.runtime.instrumentation.MethodCallReplacementClassAdapter - Adding mock interface to class org/apache/avro/io/parsing/Symbol$IntCheckAction
[main] INFO org.evosuite.runtime.instrumentation.CreateClassResetClassAdapter - Creating brand-new static initializer in class org/apache/avro/io/parsing/Symbol$IntCheckAction
[main] INFO org.evosuite.runtime.instrumentation.EvoClassLoader - Keeping class: org.apache.avro.io.parsing.Symbol$IntCheckAction
[main] INFO org.evosuite.runtime.instrumentation.EvoClassLoader - Keeping class: org.apache.avro.io.parsing.Symbol$EnumLabelsAction
[main] INFO org.evosuite.runtime.instrumentation.EvoClassLoader - Seeing class for first time: org.apache.avro.io.parsing.Symbol$UnionAdjustAction
[main] INFO org.evosuite.runtime.instrumentation.EvoClassLoader - Instrumenting class 'org.apache.avro.io.parsing.Symbol$UnionAdjustAction'.
[main] INFO org.evosuite.runtime.instrumentation.MethodCallReplacementClassAdapter - Adding mock interface to class org/apache/avro/io/parsing/Symbol$UnionAdjustAction
[main] INFO org.evosuite.runtime.instrumentation.CreateClassResetClassAdapter - Creating brand-new static initializer in class org/apache/avro/io/parsing/Symbol$UnionAdjustAction
[main] INFO org.evosuite.runtime.instrumentation.EvoClassLoader - Seeing class for first time: org.apache.avro.io.parsing.Symbol$ImplicitAction
[main] INFO org.evosuite.runtime.instrumentation.EvoClassLoader - Instrumenting class 'org.apache.avro.io.parsing.Symbol$ImplicitAction'.
[main] INFO org.evosuite.runtime.instrumentation.MethodCallReplacementClassAdapter - Adding mock interface to class org/apache/avro/io/parsing/Symbol$ImplicitAction
[main] INFO org.evosuite.runtime.instrumentation.CreateClassResetClassAdapter - Creating brand-new static initializer in class org/apache/avro/io/parsing/Symbol$ImplicitAction
[main] INFO org.evosuite.runtime.instrumentation.EvoClassLoader - Keeping class: org.apache.avro.io.parsing.Symbol$ImplicitAction
[main] INFO org.evosuite.runtime.instrumentation.EvoClassLoader - Keeping class: org.apache.avro.io.parsing.Symbol$UnionAdjustAction
[main] INFO org.evosuite.runtime.instrumentation.EvoClassLoader - Seeing class for first time: org.apache.avro.io.parsing.Symbol$DefaultStartAction
[main] INFO org.evosuite.runtime.instrumentation.EvoClassLoader - Instrumenting class 'org.apache.avro.io.parsing.Symbol$DefaultStartAction'.
[main] INFO org.evosuite.runtime.instrumentation.MethodCallReplacementClassAdapter - Adding mock interface to class org/apache/avro/io/parsing/Symbol$DefaultStartAction
[main] INFO org.evosuite.runtime.instrumentation.CreateClassResetClassAdapter - Creating brand-new static initializer in class org/apache/avro/io/parsing/Symbol$DefaultStartAction
[main] INFO org.evosuite.runtime.instrumentation.EvoClassLoader - Keeping class: org.apache.avro.io.parsing.Symbol$DefaultStartAction
[main] INFO org.evosuite.runtime.instrumentation.EvoClassLoader - Seeing class for first time: org.apache.avro.io.parsing.Symbol$FieldOrderAction
[main] INFO org.evosuite.runtime.instrumentation.EvoClassLoader - Instrumenting class 'org.apache.avro.io.parsing.Symbol$FieldOrderAction'.
[main] INFO org.evosuite.runtime.instrumentation.MethodCallReplacementClassAdapter - Adding mock interface to class org/apache/avro/io/parsing/Symbol$FieldOrderAction
[main] INFO org.evosuite.runtime.instrumentation.CreateClassResetClassAdapter - Creating brand-new static initializer in class org/apache/avro/io/parsing/Symbol$FieldOrderAction
[main] INFO org.evosuite.runtime.instrumentation.EvoClassLoader - Keeping class: org.apache.avro.io.parsing.Symbol$FieldOrderAction
[main] INFO org.evosuite.runtime.instrumentation.EvoClassLoader - Seeing class for first time: org.apache.avro.io.parsing.Symbol$FieldAdjustAction
[main] INFO org.evosuite.runtime.instrumentation.EvoClassLoader - Instrumenting class 'org.apache.avro.io.parsing.Symbol$FieldAdjustAction'.
[main] INFO org.evosuite.runtime.instrumentation.MethodCallReplacementClassAdapter - Adding mock interface to class org/apache/avro/io/parsing/Symbol$FieldAdjustAction
[main] INFO org.evosuite.runtime.instrumentation.CreateClassResetClassAdapter - Creating brand-new static initializer in class org/apache/avro/io/parsing/Symbol$FieldAdjustAction
[main] INFO org.evosuite.runtime.instrumentation.EvoClassLoader - Keeping class: org.apache.avro.io.parsing.Symbol$FieldAdjustAction
[main] INFO org.evosuite.runtime.instrumentation.EvoClassLoader - Seeing class for first time: org.apache.avro.io.parsing.Symbol$SkipAction
[main] INFO org.evosuite.runtime.instrumentation.EvoClassLoader - Instrumenting class 'org.apache.avro.io.parsing.Symbol$SkipAction'.
[main] INFO org.evosuite.runtime.instrumentation.MethodCallReplacementClassAdapter - Adding mock interface to class org/apache/avro/io/parsing/Symbol$SkipAction
[main] INFO org.evosuite.runtime.instrumentation.CreateClassResetClassAdapter - Creating brand-new static initializer in class org/apache/avro/io/parsing/Symbol$SkipAction
[main] INFO org.evosuite.runtime.instrumentation.EvoClassLoader - Keeping class: org.apache.avro.io.parsing.Symbol$SkipAction
[main] INFO org.evosuite.runtime.instrumentation.EvoClassLoader - Seeing class for first time: org.apache.avro.io.parsing.Symbol$ResolvingAction
[main] INFO org.evosuite.runtime.instrumentation.EvoClassLoader - Instrumenting class 'org.apache.avro.io.parsing.Symbol$ResolvingAction'.
[main] INFO org.evosuite.runtime.instrumentation.MethodCallReplacementClassAdapter - Adding mock interface to class org/apache/avro/io/parsing/Symbol$ResolvingAction
[main] INFO org.evosuite.runtime.instrumentation.CreateClassResetClassAdapter - Creating brand-new static initializer in class org/apache/avro/io/parsing/Symbol$ResolvingAction
[main] INFO org.evosuite.runtime.instrumentation.EvoClassLoader - Keeping class: org.apache.avro.io.parsing.Symbol$ResolvingAction
[main] INFO org.evosuite.runtime.instrumentation.EvoClassLoader - Seeing class for first time: org.apache.avro.io.parsing.Symbol$WriterUnionAction
[main] INFO org.evosuite.runtime.instrumentation.EvoClassLoader - Instrumenting class 'org.apache.avro.io.parsing.Symbol$WriterUnionAction'.
[main] INFO org.evosuite.runtime.instrumentation.MethodCallReplacementClassAdapter - Adding mock interface to class org/apache/avro/io/parsing/Symbol$WriterUnionAction
[main] INFO org.evosuite.runtime.instrumentation.CreateClassResetClassAdapter - Creating brand-new static initializer in class org/apache/avro/io/parsing/Symbol$WriterUnionAction
[main] INFO org.evosuite.runtime.instrumentation.EvoClassLoader - Keeping class: org.apache.avro.io.parsing.Symbol$WriterUnionAction
[main] INFO org.evosuite.runtime.instrumentation.EvoClassLoader - Seeing class for first time: org.apache.avro.io.parsing.Symbol$EnumAdjustAction
[main] INFO org.evosuite.runtime.instrumentation.EvoClassLoader - Instrumenting class 'org.apache.avro.io.parsing.Symbol$EnumAdjustAction'.
[main] INFO org.evosuite.runtime.instrumentation.MethodCallReplacementClassAdapter - Adding mock interface to class org/apache/avro/io/parsing/Symbol$EnumAdjustAction
[main] INFO org.evosuite.runtime.instrumentation.CreateClassResetClassAdapter - Creating brand-new static initializer in class org/apache/avro/io/parsing/Symbol$EnumAdjustAction
[main] INFO org.evosuite.runtime.instrumentation.EvoClassLoader - Keeping class: org.apache.avro.io.parsing.Symbol$EnumAdjustAction
[main] INFO org.evosuite.runtime.instrumentation.EvoClassLoader - Seeing class for first time: org.apache.avro.io.parsing.Symbol$ErrorAction
[main] INFO org.evosuite.runtime.instrumentation.EvoClassLoader - Instrumenting class 'org.apache.avro.io.parsing.Symbol$ErrorAction'.
[main] INFO org.evosuite.runtime.instrumentation.MethodCallReplacementClassAdapter - Adding mock interface to class org/apache/avro/io/parsing/Symbol$ErrorAction
[main] INFO org.evosuite.runtime.instrumentation.CreateClassResetClassAdapter - Creating brand-new static initializer in class org/apache/avro/io/parsing/Symbol$ErrorAction
[main] INFO org.evosuite.runtime.instrumentation.EvoClassLoader - Keeping class: org.apache.avro.io.parsing.Symbol$ErrorAction
[main] INFO org.evosuite.runtime.instrumentation.EvoClassLoader - Seeing class for first time: org.apache.avro.io.parsing.Symbol$Alternative
[main] INFO org.evosuite.runtime.instrumentation.EvoClassLoader - Instrumenting class 'org.apache.avro.io.parsing.Symbol$Alternative'.
[main] INFO org.evosuite.runtime.instrumentation.MethodCallReplacementClassAdapter - Adding mock interface to class org/apache/avro/io/parsing/Symbol$Alternative
[main] INFO org.evosuite.runtime.instrumentation.CreateClassResetClassAdapter - Creating brand-new static initializer in class org/apache/avro/io/parsing/Symbol$Alternative
[main] INFO org.evosuite.runtime.instrumentation.EvoClassLoader - Keeping class: org.apache.avro.io.parsing.Symbol$Alternative
[main] INFO org.evosuite.runtime.instrumentation.EvoClassLoader - Seeing class for first time: org.apache.avro.io.parsing.Symbol$Repeater
[main] INFO org.evosuite.runtime.instrumentation.EvoClassLoader - Instrumenting class 'org.apache.avro.io.parsing.Symbol$Repeater'.
[main] INFO org.evosuite.runtime.instrumentation.MethodCallReplacementClassAdapter - Adding mock interface to class org/apache/avro/io/parsing/Symbol$Repeater
[main] INFO org.evosuite.runtime.instrumentation.CreateClassResetClassAdapter - Creating brand-new static initializer in class org/apache/avro/io/parsing/Symbol$Repeater
[main] INFO org.evosuite.runtime.instrumentation.EvoClassLoader - Keeping class: org.apache.avro.io.parsing.Symbol$Repeater
[main] INFO org.evosuite.runtime.instrumentation.EvoClassLoader - Seeing class for first time: org.apache.avro.io.parsing.Symbol$Sequence
[main] INFO org.evosuite.runtime.instrumentation.EvoClassLoader - Instrumenting class 'org.apache.avro.io.parsing.Symbol$Sequence'.
[main] INFO org.evosuite.runtime.instrumentation.MethodCallReplacementClassAdapter - Adding mock interface to class org/apache/avro/io/parsing/Symbol$Sequence
[main] INFO org.evosuite.runtime.instrumentation.CreateClassResetClassAdapter - Creating brand-new static initializer in class org/apache/avro/io/parsing/Symbol$Sequence
[main] INFO org.evosuite.runtime.instrumentation.EvoClassLoader - Keeping class: org.apache.avro.io.parsing.Symbol$Sequence
[main] INFO org.evosuite.runtime.instrumentation.EvoClassLoader - Seeing class for first time: org.apache.avro.io.parsing.Symbol$Root
[main] INFO org.evosuite.runtime.instrumentation.EvoClassLoader - Instrumenting class 'org.apache.avro.io.parsing.Symbol$Root'.
[main] INFO org.evosuite.runtime.instrumentation.MethodCallReplacementClassAdapter - Adding mock interface to class org/apache/avro/io/parsing/Symbol$Root
[main] INFO org.evosuite.runtime.instrumentation.CreateClassResetClassAdapter - Creating brand-new static initializer in class org/apache/avro/io/parsing/Symbol$Root
[main] INFO org.evosuite.runtime.instrumentation.EvoClassLoader - Keeping class: org.apache.avro.io.parsing.Symbol$Root
[main] INFO org.evosuite.runtime.instrumentation.EvoClassLoader - Seeing class for first time: org.apache.avro.io.parsing.Symbol$Kind
[main] INFO org.evosuite.runtime.instrumentation.EvoClassLoader - Instrumenting class 'org.apache.avro.io.parsing.Symbol$Kind'.
[main] INFO org.evosuite.runtime.instrumentation.MethodCallReplacementClassAdapter - Adding mock interface to class org/apache/avro/io/parsing/Symbol$Kind
[main] INFO org.evosuite.runtime.instrumentation.CreateClassResetClassAdapter - Found static initializer in class org/apache/avro/io/parsing/Symbol$Kind
[main] INFO org.evosuite.runtime.instrumentation.EvoClassLoader - Keeping class: org.apache.avro.io.parsing.Symbol$Kind
[main] INFO org.evosuite.runtime.instrumentation.EvoClassLoader - Seeing class for first time: org.apache.avro.io.parsing.Symbol$Fixup
[main] INFO org.evosuite.runtime.instrumentation.EvoClassLoader - Instrumenting class 'org.apache.avro.io.parsing.Symbol$Fixup'.
[main] INFO org.evosuite.runtime.instrumentation.MethodCallReplacementClassAdapter - Adding mock interface to class org/apache/avro/io/parsing/Symbol$Fixup
[main] INFO org.evosuite.runtime.instrumentation.CreateClassResetClassAdapter - Creating brand-new static initializer in class org/apache/avro/io/parsing/Symbol$Fixup
[main] INFO org.evosuite.runtime.instrumentation.EvoClassLoader - Keeping class: org.apache.avro.io.parsing.Symbol$Fixup
[main] INFO org.evosuite.runtime.instrumentation.EvoClassLoader - Seeing class for first time: org.apache.avro.Conversions$UUIDConversion
[main] INFO org.evosuite.runtime.instrumentation.EvoClassLoader - Instrumenting class 'org.apache.avro.Conversions$UUIDConversion'.
[main] INFO org.evosuite.runtime.instrumentation.MethodCallReplacementClassAdapter - Adding mock interface to class org/apache/avro/Conversions$UUIDConversion
[main] INFO org.evosuite.runtime.instrumentation.CreateClassResetClassAdapter - Creating brand-new static initializer in class org/apache/avro/Conversions$UUIDConversion
[main] INFO org.evosuite.runtime.instrumentation.EvoClassLoader - Keeping class: org.apache.avro.Conversions$UUIDConversion
[main] INFO org.evosuite.runtime.instrumentation.EvoClassLoader - Seeing class for first time: org.apache.avro.Conversions
[main] INFO org.evosuite.runtime.instrumentation.EvoClassLoader - Instrumenting class 'org.apache.avro.Conversions'.
[main] INFO org.evosuite.runtime.instrumentation.MethodCallReplacementClassAdapter - Adding mock interface to class org/apache/avro/Conversions
[main] INFO org.evosuite.runtime.instrumentation.CreateClassResetClassAdapter - Creating brand-new static initializer in class org/apache/avro/Conversions
[main] INFO org.evosuite.runtime.instrumentation.EvoClassLoader - Keeping class: org.apache.avro.Conversions
[main] INFO org.evosuite.runtime.instrumentation.EvoClassLoader - Seeing class for first time: org.apache.avro.Conversions$DecimalConversion
[main] INFO org.evosuite.runtime.instrumentation.EvoClassLoader - Instrumenting class 'org.apache.avro.Conversions$DecimalConversion'.
[main] INFO org.evosuite.runtime.instrumentation.MethodCallReplacementClassAdapter - Adding mock interface to class org/apache/avro/Conversions$DecimalConversion
[main] INFO org.evosuite.runtime.instrumentation.CreateClassResetClassAdapter - Creating brand-new static initializer in class org/apache/avro/Conversions$DecimalConversion
[main] INFO org.evosuite.runtime.instrumentation.EvoClassLoader - Keeping class: org.apache.avro.Conversions$DecimalConversion
[main] INFO org.evosuite.runtime.instrumentation.EvoClassLoader - Seeing class for first time: org.apache.avro.specific.SpecificData$2
[main] INFO org.evosuite.runtime.instrumentation.EvoClassLoader - Instrumenting class 'org.apache.avro.specific.SpecificData$2'.
[main] INFO org.evosuite.runtime.instrumentation.MethodCallReplacementClassAdapter - Adding mock interface to class org/apache/avro/specific/SpecificData$2
[main] INFO org.evosuite.runtime.instrumentation.EvoClassLoader - Keeping class: org.apache.avro.specific.SpecificData$2
[main] INFO org.evosuite.runtime.instrumentation.EvoClassLoader - Seeing class for first time: org.apache.avro.util.ClassUtils
[main] INFO org.evosuite.runtime.instrumentation.EvoClassLoader - Instrumenting class 'org.apache.avro.util.ClassUtils'.
[main] INFO org.evosuite.runtime.instrumentation.MethodCallReplacementClassAdapter - Adding mock interface to class org/apache/avro/util/ClassUtils
[main] INFO org.evosuite.runtime.instrumentation.CreateClassResetClassAdapter - Creating brand-new static initializer in class org/apache/avro/util/ClassUtils
[main] INFO org.evosuite.runtime.instrumentation.EvoClassLoader - Keeping class: org.apache.avro.util.ClassUtils
[main] INFO org.evosuite.runtime.instrumentation.EvoClassLoader - Seeing class for first time: org.apache.avro.io.FastReaderBuilder$MapReader
[main] INFO org.evosuite.runtime.instrumentation.EvoClassLoader - Instrumenting class 'org.apache.avro.io.FastReaderBuilder$MapReader'.
[main] INFO org.evosuite.runtime.instrumentation.MethodCallReplacementClassAdapter - Adding mock interface to class org/apache/avro/io/FastReaderBuilder$MapReader
[main] INFO org.evosuite.runtime.instrumentation.CreateClassResetClassAdapter - Creating brand-new static initializer in class org/apache/avro/io/FastReaderBuilder$MapReader
[main] INFO org.evosuite.runtime.instrumentation.EvoClassLoader - Keeping class: org.apache.avro.io.FastReaderBuilder$MapReader
[main] INFO org.evosuite.runtime.instrumentation.EvoClassLoader - Seeing class for first time: org.apache.avro.io.FastReaderBuilder$RecordReader$Stage
[main] INFO org.evosuite.runtime.instrumentation.EvoClassLoader - Instrumenting class 'org.apache.avro.io.FastReaderBuilder$RecordReader$Stage'.
[main] INFO org.evosuite.runtime.instrumentation.MethodCallReplacementClassAdapter - Adding mock interface to class org/apache/avro/io/FastReaderBuilder$RecordReader$Stage
[main] INFO org.evosuite.runtime.instrumentation.CreateClassResetClassAdapter - Found static initializer in class org/apache/avro/io/FastReaderBuilder$RecordReader$Stage
[main] INFO org.evosuite.runtime.instrumentation.EvoClassLoader - Keeping class: org.apache.avro.io.FastReaderBuilder$RecordReader$Stage
[main] INFO org.evosuite.runtime.instrumentation.EvoClassLoader - Seeing class for first time: org.apache.avro.data.Json$1
[main] INFO org.evosuite.runtime.instrumentation.EvoClassLoader - Instrumenting class 'org.apache.avro.data.Json$1'.
[main] INFO org.evosuite.runtime.instrumentation.MethodCallReplacementClassAdapter - Adding mock interface to class org/apache/avro/data/Json$1
[main] INFO org.evosuite.runtime.instrumentation.EvoClassLoader - Keeping class: org.apache.avro.data.Json$1
[main] INFO org.evosuite.runtime.instrumentation.EvoClassLoader - Seeing class for first time: com.fasterxml.jackson.core.JsonpCharacterEscapes
[main] INFO org.evosuite.runtime.instrumentation.EvoClassLoader - Instrumenting class 'com.fasterxml.jackson.core.JsonpCharacterEscapes'.
[main] INFO org.evosuite.runtime.instrumentation.MethodCallReplacementClassAdapter - Adding mock interface to class com/fasterxml/jackson/core/JsonpCharacterEscapes
[main] INFO org.evosuite.runtime.instrumentation.CreateClassResetClassAdapter - Found static initializer in class com/fasterxml/jackson/core/JsonpCharacterEscapes
[main] INFO org.evosuite.runtime.instrumentation.EvoClassLoader - Keeping class: com.fasterxml.jackson.core.JsonpCharacterEscapes
[main] INFO org.evosuite.runtime.instrumentation.EvoClassLoader - Seeing class for first time: org.apache.avro.util.SchemaUtil
[main] INFO org.evosuite.runtime.instrumentation.EvoClassLoader - Instrumenting class 'org.apache.avro.util.SchemaUtil'.
[main] INFO org.evosuite.runtime.instrumentation.MethodCallReplacementClassAdapter - Adding mock interface to class org/apache/avro/util/SchemaUtil
[main] INFO org.evosuite.runtime.instrumentation.CreateClassResetClassAdapter - Creating brand-new static initializer in class org/apache/avro/util/SchemaUtil
[main] INFO org.evosuite.runtime.instrumentation.EvoClassLoader - Keeping class: org.apache.avro.util.SchemaUtil
[main] INFO org.evosuite.runtime.instrumentation.EvoClassLoader - Seeing class for first time: org.apache.avro.util.SchemaUtil$1
[main] INFO org.evosuite.runtime.instrumentation.EvoClassLoader - Instrumenting class 'org.apache.avro.util.SchemaUtil$1'.
[main] INFO org.evosuite.runtime.instrumentation.MethodCallReplacementClassAdapter - Adding mock interface to class org/apache/avro/util/SchemaUtil$1
[main] INFO org.evosuite.runtime.instrumentation.EvoClassLoader - Keeping class: org.apache.avro.util.SchemaUtil$1
[main] INFO org.evosuite.runtime.instrumentation.EvoClassLoader - Seeing class for first time: org.apache.avro.generic.GenericData$1
[main] INFO org.evosuite.runtime.instrumentation.EvoClassLoader - Instrumenting class 'org.apache.avro.generic.GenericData$1'.
[main] INFO org.evosuite.runtime.instrumentation.MethodCallReplacementClassAdapter - Adding mock interface to class org/apache/avro/generic/GenericData$1
[main] INFO org.evosuite.runtime.instrumentation.EvoClassLoader - Keeping class: org.apache.avro.generic.GenericData$1
[main] INFO org.evosuite.runtime.instrumentation.EvoClassLoader - Seeing class for first time: com.fasterxml.jackson.databind.util.TokenBuffer$Segment
[main] INFO org.evosuite.runtime.instrumentation.EvoClassLoader - Instrumenting class 'com.fasterxml.jackson.databind.util.TokenBuffer$Segment'.
[main] INFO org.evosuite.runtime.instrumentation.MethodCallReplacementClassAdapter - Adding mock interface to class com/fasterxml/jackson/databind/util/TokenBuffer$Segment
[main] INFO org.evosuite.runtime.instrumentation.CreateClassResetClassAdapter - Found static initializer in class com/fasterxml/jackson/databind/util/TokenBuffer$Segment
[main] INFO org.evosuite.runtime.instrumentation.EvoClassLoader - Keeping class: com.fasterxml.jackson.databind.util.TokenBuffer$Segment
[main] INFO org.evosuite.runtime.instrumentation.EvoClassLoader - Seeing class for first time: org.apache.avro.reflect.ReflectData$2
[main] INFO org.evosuite.runtime.instrumentation.EvoClassLoader - Instrumenting class 'org.apache.avro.reflect.ReflectData$2'.
[main] INFO org.evosuite.runtime.instrumentation.MethodCallReplacementClassAdapter - Adding mock interface to class org/apache/avro/reflect/ReflectData$2
[main] INFO org.evosuite.runtime.instrumentation.EvoClassLoader - Keeping class: org.apache.avro.reflect.ReflectData$2
[main] INFO org.evosuite.runtime.instrumentation.EvoClassLoader - Seeing class for first time: com.fasterxml.jackson.core.io.NumberOutput
[main] INFO org.evosuite.runtime.instrumentation.EvoClassLoader - Instrumenting class 'com.fasterxml.jackson.core.io.NumberOutput'.
[main] INFO org.evosuite.runtime.instrumentation.MethodCallReplacementClassAdapter - Adding mock interface to class com/fasterxml/jackson/core/io/NumberOutput
[main] INFO org.evosuite.runtime.instrumentation.CreateClassResetClassAdapter - Found static initializer in class com/fasterxml/jackson/core/io/NumberOutput
[main] INFO org.evosuite.runtime.instrumentation.EvoClassLoader - Keeping class: com.fasterxml.jackson.core.io.NumberOutput
[main] INFO org.evosuite.runtime.instrumentation.EvoClassLoader - Seeing class for first time: org.apache.commons.compress.utils.CountingInputStream
[main] INFO org.evosuite.runtime.instrumentation.EvoClassLoader - Instrumenting class 'org.apache.commons.compress.utils.CountingInputStream'.
[main] INFO org.evosuite.runtime.instrumentation.MethodCallReplacementClassAdapter - Adding mock interface to class org/apache/commons/compress/utils/CountingInputStream
[main] INFO org.evosuite.runtime.instrumentation.CreateClassResetClassAdapter - Creating brand-new static initializer in class org/apache/commons/compress/utils/CountingInputStream
[main] INFO org.evosuite.runtime.instrumentation.EvoClassLoader - Keeping class: org.apache.commons.compress.utils.CountingInputStream
[main] INFO org.evosuite.runtime.instrumentation.EvoClassLoader - Seeing class for first time: org.tukaani.xz.XZInputStream
[main] INFO org.evosuite.runtime.instrumentation.EvoClassLoader - Instrumenting class 'org.tukaani.xz.XZInputStream'.
[main] INFO org.evosuite.runtime.instrumentation.MethodCallReplacementClassAdapter - Adding mock interface to class org/tukaani/xz/XZInputStream
[main] INFO org.evosuite.runtime.instrumentation.CreateClassResetClassAdapter - Creating brand-new static initializer in class org/tukaani/xz/XZInputStream
[main] INFO org.evosuite.runtime.instrumentation.EvoClassLoader - Defined package (3): package org.tukaani.xz, -1782460427
[main] INFO org.evosuite.runtime.instrumentation.EvoClassLoader - Keeping class: org.tukaani.xz.XZInputStream
[main] INFO org.evosuite.runtime.instrumentation.EvoClassLoader - Seeing class for first time: org.tukaani.xz.SingleXZInputStream
[main] INFO org.evosuite.runtime.instrumentation.EvoClassLoader - Instrumenting class 'org.tukaani.xz.SingleXZInputStream'.
[main] INFO org.evosuite.runtime.instrumentation.MethodCallReplacementClassAdapter - Adding mock interface to class org/tukaani/xz/SingleXZInputStream
[main] INFO org.evosuite.runtime.instrumentation.CreateClassResetClassAdapter - Creating brand-new static initializer in class org/tukaani/xz/SingleXZInputStream
[main] INFO org.evosuite.runtime.instrumentation.EvoClassLoader - Keeping class: org.tukaani.xz.SingleXZInputStream
[main] INFO org.evosuite.runtime.instrumentation.EvoClassLoader - Seeing class for first time: org.tukaani.xz.MemoryLimitException
[main] INFO org.evosuite.runtime.instrumentation.EvoClassLoader - Instrumenting class 'org.tukaani.xz.MemoryLimitException'.
[main] INFO org.evosuite.runtime.instrumentation.MethodCallReplacementClassAdapter - Adding mock interface to class org/tukaani/xz/MemoryLimitException
[main] INFO org.evosuite.runtime.instrumentation.CreateClassResetClassAdapter - Creating brand-new static initializer in class org/tukaani/xz/MemoryLimitException
[main] INFO org.evosuite.runtime.instrumentation.EvoClassLoader - Seeing class for first time: org.tukaani.xz.XZIOException
[main] INFO org.evosuite.runtime.instrumentation.EvoClassLoader - Instrumenting class 'org.tukaani.xz.XZIOException'.
[main] INFO org.evosuite.runtime.instrumentation.MethodCallReplacementClassAdapter - Adding mock interface to class org/tukaani/xz/XZIOException
[main] INFO org.evosuite.runtime.instrumentation.CreateClassResetClassAdapter - Creating brand-new static initializer in class org/tukaani/xz/XZIOException
[main] INFO org.evosuite.runtime.instrumentation.EvoClassLoader - Keeping class: org.tukaani.xz.XZIOException
[main] INFO org.evosuite.runtime.instrumentation.EvoClassLoader - Keeping class: org.tukaani.xz.MemoryLimitException
[main] INFO org.evosuite.runtime.instrumentation.EvoClassLoader - Seeing class for first time: org.apache.commons.compress.MemoryLimitException
[main] INFO org.evosuite.runtime.instrumentation.EvoClassLoader - Instrumenting class 'org.apache.commons.compress.MemoryLimitException'.
[main] INFO org.evosuite.runtime.instrumentation.MethodCallReplacementClassAdapter - Adding mock interface to class org/apache/commons/compress/MemoryLimitException
[main] INFO org.evosuite.runtime.instrumentation.CreateClassResetClassAdapter - Creating brand-new static initializer in class org/apache/commons/compress/MemoryLimitException
[main] INFO org.evosuite.runtime.instrumentation.EvoClassLoader - Defined package (3): package org.apache.commons.compress, -2023157186
[main] INFO org.evosuite.runtime.instrumentation.EvoClassLoader - Keeping class: org.apache.commons.compress.MemoryLimitException
[main] INFO org.evosuite.runtime.instrumentation.EvoClassLoader - Seeing class for first time: org.tukaani.xz.CorruptedInputException
[main] INFO org.evosuite.runtime.instrumentation.EvoClassLoader - Instrumenting class 'org.tukaani.xz.CorruptedInputException'.
[main] INFO org.evosuite.runtime.instrumentation.MethodCallReplacementClassAdapter - Adding mock interface to class org/tukaani/xz/CorruptedInputException
[main] INFO org.evosuite.runtime.instrumentation.CreateClassResetClassAdapter - Creating brand-new static initializer in class org/tukaani/xz/CorruptedInputException
[main] INFO org.evosuite.runtime.instrumentation.EvoClassLoader - Keeping class: org.tukaani.xz.CorruptedInputException
[main] INFO org.evosuite.runtime.instrumentation.EvoClassLoader - Seeing class for first time: org.tukaani.xz.IndexIndicatorException
[main] INFO org.evosuite.runtime.instrumentation.EvoClassLoader - Instrumenting class 'org.tukaani.xz.IndexIndicatorException'.
[main] INFO org.evosuite.runtime.instrumentation.MethodCallReplacementClassAdapter - Adding mock interface to class org/tukaani/xz/IndexIndicatorException
[main] INFO org.evosuite.runtime.instrumentation.CreateClassResetClassAdapter - Creating brand-new static initializer in class org/tukaani/xz/IndexIndicatorException
[main] INFO org.evosuite.runtime.instrumentation.EvoClassLoader - Keeping class: org.tukaani.xz.IndexIndicatorException
[main] INFO org.evosuite.runtime.instrumentation.EvoClassLoader - Seeing class for first time: org.tukaani.xz.ArrayCache
[main] INFO org.evosuite.runtime.instrumentation.EvoClassLoader - Instrumenting class 'org.tukaani.xz.ArrayCache'.
[main] INFO org.evosuite.runtime.instrumentation.MethodCallReplacementClassAdapter - Adding mock interface to class org/tukaani/xz/ArrayCache
[main] INFO org.evosuite.runtime.instrumentation.CreateClassResetClassAdapter - Found static initializer in class org/tukaani/xz/ArrayCache
[main] INFO org.evosuite.runtime.instrumentation.EvoClassLoader - Keeping class: org.tukaani.xz.ArrayCache
[main] INFO org.evosuite.runtime.instrumentation.EvoClassLoader - Seeing class for first time: com.fasterxml.jackson.annotation.ObjectIdGenerators
[main] INFO org.evosuite.runtime.instrumentation.EvoClassLoader - Instrumenting class 'com.fasterxml.jackson.annotation.ObjectIdGenerators'.
[main] INFO org.evosuite.runtime.instrumentation.MethodCallReplacementClassAdapter - Adding mock interface to class com/fasterxml/jackson/annotation/ObjectIdGenerators
[main] INFO org.evosuite.runtime.instrumentation.CreateClassResetClassAdapter - Creating brand-new static initializer in class com/fasterxml/jackson/annotation/ObjectIdGenerators
[main] INFO org.evosuite.runtime.instrumentation.EvoClassLoader - Keeping class: com.fasterxml.jackson.annotation.ObjectIdGenerators
[main] INFO org.evosuite.runtime.instrumentation.EvoClassLoader - Seeing class for first time: com.fasterxml.jackson.annotation.ObjectIdGenerators$StringIdGenerator
[main] INFO org.evosuite.runtime.instrumentation.EvoClassLoader - Instrumenting class 'com.fasterxml.jackson.annotation.ObjectIdGenerators$StringIdGenerator'.
[main] INFO org.evosuite.runtime.instrumentation.MethodCallReplacementClassAdapter - Adding mock interface to class com/fasterxml/jackson/annotation/ObjectIdGenerators$StringIdGenerator
[main] INFO org.evosuite.runtime.instrumentation.CreateClassResetClassAdapter - Creating brand-new static initializer in class com/fasterxml/jackson/annotation/ObjectIdGenerators$StringIdGenerator
[main] INFO org.evosuite.runtime.instrumentation.EvoClassLoader - Keeping class: com.fasterxml.jackson.annotation.ObjectIdGenerators$StringIdGenerator
[main] INFO org.evosuite.runtime.instrumentation.EvoClassLoader - Seeing class for first time: com.fasterxml.jackson.annotation.ObjectIdGenerators$UUIDGenerator
[main] INFO org.evosuite.runtime.instrumentation.EvoClassLoader - Instrumenting class 'com.fasterxml.jackson.annotation.ObjectIdGenerators$UUIDGenerator'.
[main] INFO org.evosuite.runtime.instrumentation.MethodCallReplacementClassAdapter - Adding mock interface to class com/fasterxml/jackson/annotation/ObjectIdGenerators$UUIDGenerator
[main] INFO org.evosuite.runtime.instrumentation.CreateClassResetClassAdapter - Creating brand-new static initializer in class com/fasterxml/jackson/annotation/ObjectIdGenerators$UUIDGenerator
[main] INFO org.evosuite.runtime.instrumentation.EvoClassLoader - Keeping class: com.fasterxml.jackson.annotation.ObjectIdGenerators$UUIDGenerator
[main] INFO org.evosuite.runtime.instrumentation.EvoClassLoader - Seeing class for first time: com.fasterxml.jackson.annotation.ObjectIdGenerators$IntSequenceGenerator
[main] INFO org.evosuite.runtime.instrumentation.EvoClassLoader - Instrumenting class 'com.fasterxml.jackson.annotation.ObjectIdGenerators$IntSequenceGenerator'.
[main] INFO org.evosuite.runtime.instrumentation.MethodCallReplacementClassAdapter - Adding mock interface to class com/fasterxml/jackson/annotation/ObjectIdGenerators$IntSequenceGenerator
[main] INFO org.evosuite.runtime.instrumentation.CreateClassResetClassAdapter - Creating brand-new static initializer in class com/fasterxml/jackson/annotation/ObjectIdGenerators$IntSequenceGenerator
[main] INFO org.evosuite.runtime.instrumentation.EvoClassLoader - Keeping class: com.fasterxml.jackson.annotation.ObjectIdGenerators$IntSequenceGenerator
[main] INFO org.evosuite.runtime.instrumentation.EvoClassLoader - Seeing class for first time: com.fasterxml.jackson.annotation.ObjectIdGenerators$None
[main] INFO org.evosuite.runtime.instrumentation.EvoClassLoader - Instrumenting class 'com.fasterxml.jackson.annotation.ObjectIdGenerators$None'.
[main] INFO org.evosuite.runtime.instrumentation.MethodCallReplacementClassAdapter - Adding mock interface to class com/fasterxml/jackson/annotation/ObjectIdGenerators$None
[main] INFO org.evosuite.runtime.instrumentation.CreateClassResetClassAdapter - Creating brand-new static initializer in class com/fasterxml/jackson/annotation/ObjectIdGenerators$None
[main] INFO org.evosuite.runtime.instrumentation.EvoClassLoader - Keeping class: com.fasterxml.jackson.annotation.ObjectIdGenerators$None
[main] INFO org.evosuite.runtime.instrumentation.EvoClassLoader - Seeing class for first time: org.apache.avro.reflect.FieldAccess
[main] INFO org.evosuite.runtime.instrumentation.EvoClassLoader - Instrumenting class 'org.apache.avro.reflect.FieldAccess'.
[main] INFO org.evosuite.runtime.instrumentation.MethodCallReplacementClassAdapter - Adding mock interface to class org/apache/avro/reflect/FieldAccess
[main] INFO org.evosuite.runtime.instrumentation.CreateClassResetClassAdapter - Creating brand-new static initializer in class org/apache/avro/reflect/FieldAccess
[main] INFO org.evosuite.runtime.instrumentation.EvoClassLoader - Keeping class: org.apache.avro.reflect.FieldAccess
[main] INFO org.evosuite.runtime.instrumentation.EvoClassLoader - Seeing class for first time: org.apache.avro.reflect.FieldAccessUnsafe
[main] INFO org.evosuite.runtime.instrumentation.EvoClassLoader - Instrumenting class 'org.apache.avro.reflect.FieldAccessUnsafe'.
[main] INFO org.evosuite.runtime.instrumentation.MethodCallReplacementClassAdapter - Adding mock interface to class org/apache/avro/reflect/FieldAccessUnsafe
[main] INFO org.evosuite.runtime.instrumentation.CreateClassResetClassAdapter - Found static initializer in class org/apache/avro/reflect/FieldAccessUnsafe
[main] INFO org.evosuite.runtime.instrumentation.EvoClassLoader - Keeping class: org.apache.avro.reflect.FieldAccessUnsafe
[main] INFO org.evosuite.runtime.instrumentation.EvoClassLoader - Seeing class for first time: org.apache.avro.reflect.FieldAccessUnsafe$UnsafeCustomEncodedField
[main] INFO org.evosuite.runtime.instrumentation.EvoClassLoader - Instrumenting class 'org.apache.avro.reflect.FieldAccessUnsafe$UnsafeCustomEncodedField'.
[main] INFO org.evosuite.runtime.instrumentation.MethodCallReplacementClassAdapter - Adding mock interface to class org/apache/avro/reflect/FieldAccessUnsafe$UnsafeCustomEncodedField
[main] INFO org.evosuite.runtime.instrumentation.CreateClassResetClassAdapter - Creating brand-new static initializer in class org/apache/avro/reflect/FieldAccessUnsafe$UnsafeCustomEncodedField
[main] INFO org.evosuite.runtime.instrumentation.EvoClassLoader - Seeing class for first time: org.apache.avro.reflect.FieldAccessUnsafe$UnsafeCachedField
[main] INFO org.evosuite.runtime.instrumentation.EvoClassLoader - Instrumenting class 'org.apache.avro.reflect.FieldAccessUnsafe$UnsafeCachedField'.
[main] INFO org.evosuite.runtime.instrumentation.MethodCallReplacementClassAdapter - Adding mock interface to class org/apache/avro/reflect/FieldAccessUnsafe$UnsafeCachedField
[main] INFO org.evosuite.runtime.instrumentation.CreateClassResetClassAdapter - Creating brand-new static initializer in class org/apache/avro/reflect/FieldAccessUnsafe$UnsafeCachedField
[main] INFO org.evosuite.runtime.instrumentation.EvoClassLoader - Keeping class: org.apache.avro.reflect.FieldAccessUnsafe$UnsafeCachedField
[main] INFO org.evosuite.runtime.instrumentation.EvoClassLoader - Keeping class: org.apache.avro.reflect.FieldAccessUnsafe$UnsafeCustomEncodedField
[main] INFO org.evosuite.runtime.instrumentation.EvoClassLoader - Seeing class for first time: org.apache.avro.reflect.FieldAccessUnsafe$UnsafeIntField
[main] INFO org.evosuite.runtime.instrumentation.EvoClassLoader - Instrumenting class 'org.apache.avro.reflect.FieldAccessUnsafe$UnsafeIntField'.
[main] INFO org.evosuite.runtime.instrumentation.MethodCallReplacementClassAdapter - Adding mock interface to class org/apache/avro/reflect/FieldAccessUnsafe$UnsafeIntField
[main] INFO org.evosuite.runtime.instrumentation.CreateClassResetClassAdapter - Creating brand-new static initializer in class org/apache/avro/reflect/FieldAccessUnsafe$UnsafeIntField
[main] INFO org.evosuite.runtime.instrumentation.EvoClassLoader - Keeping class: org.apache.avro.reflect.FieldAccessUnsafe$UnsafeIntField
[main] INFO org.evosuite.runtime.instrumentation.EvoClassLoader - Seeing class for first time: org.apache.avro.reflect.FieldAccessUnsafe$UnsafeLongField
[main] INFO org.evosuite.runtime.instrumentation.EvoClassLoader - Instrumenting class 'org.apache.avro.reflect.FieldAccessUnsafe$UnsafeLongField'.
[main] INFO org.evosuite.runtime.instrumentation.MethodCallReplacementClassAdapter - Adding mock interface to class org/apache/avro/reflect/FieldAccessUnsafe$UnsafeLongField
[main] INFO org.evosuite.runtime.instrumentation.CreateClassResetClassAdapter - Creating brand-new static initializer in class org/apache/avro/reflect/FieldAccessUnsafe$UnsafeLongField
[main] INFO org.evosuite.runtime.instrumentation.EvoClassLoader - Keeping class: org.apache.avro.reflect.FieldAccessUnsafe$UnsafeLongField
[main] INFO org.evosuite.runtime.instrumentation.EvoClassLoader - Seeing class for first time: org.apache.avro.reflect.FieldAccessUnsafe$UnsafeByteField
[main] INFO org.evosuite.runtime.instrumentation.EvoClassLoader - Instrumenting class 'org.apache.avro.reflect.FieldAccessUnsafe$UnsafeByteField'.
[main] INFO org.evosuite.runtime.instrumentation.MethodCallReplacementClassAdapter - Adding mock interface to class org/apache/avro/reflect/FieldAccessUnsafe$UnsafeByteField
[main] INFO org.evosuite.runtime.instrumentation.CreateClassResetClassAdapter - Creating brand-new static initializer in class org/apache/avro/reflect/FieldAccessUnsafe$UnsafeByteField
[main] INFO org.evosuite.runtime.instrumentation.EvoClassLoader - Keeping class: org.apache.avro.reflect.FieldAccessUnsafe$UnsafeByteField
[main] INFO org.evosuite.runtime.instrumentation.EvoClassLoader - Seeing class for first time: org.apache.avro.reflect.FieldAccessUnsafe$UnsafeFloatField
[main] INFO org.evosuite.runtime.instrumentation.EvoClassLoader - Instrumenting class 'org.apache.avro.reflect.FieldAccessUnsafe$UnsafeFloatField'.
[main] INFO org.evosuite.runtime.instrumentation.MethodCallReplacementClassAdapter - Adding mock interface to class org/apache/avro/reflect/FieldAccessUnsafe$UnsafeFloatField
[main] INFO org.evosuite.runtime.instrumentation.CreateClassResetClassAdapter - Creating brand-new static initializer in class org/apache/avro/reflect/FieldAccessUnsafe$UnsafeFloatField
[main] INFO org.evosuite.runtime.instrumentation.EvoClassLoader - Keeping class: org.apache.avro.reflect.FieldAccessUnsafe$UnsafeFloatField
[main] INFO org.evosuite.runtime.instrumentation.EvoClassLoader - Seeing class for first time: org.apache.avro.reflect.FieldAccessUnsafe$UnsafeDoubleField
[main] INFO org.evosuite.runtime.instrumentation.EvoClassLoader - Instrumenting class 'org.apache.avro.reflect.FieldAccessUnsafe$UnsafeDoubleField'.
[main] INFO org.evosuite.runtime.instrumentation.MethodCallReplacementClassAdapter - Adding mock interface to class org/apache/avro/reflect/FieldAccessUnsafe$UnsafeDoubleField
[main] INFO org.evosuite.runtime.instrumentation.CreateClassResetClassAdapter - Creating brand-new static initializer in class org/apache/avro/reflect/FieldAccessUnsafe$UnsafeDoubleField
[main] INFO org.evosuite.runtime.instrumentation.EvoClassLoader - Keeping class: org.apache.avro.reflect.FieldAccessUnsafe$UnsafeDoubleField
[main] INFO org.evosuite.runtime.instrumentation.EvoClassLoader - Seeing class for first time: org.apache.avro.reflect.FieldAccessUnsafe$UnsafeCharField
[main] INFO org.evosuite.runtime.instrumentation.EvoClassLoader - Instrumenting class 'org.apache.avro.reflect.FieldAccessUnsafe$UnsafeCharField'.
[main] INFO org.evosuite.runtime.instrumentation.MethodCallReplacementClassAdapter - Adding mock interface to class org/apache/avro/reflect/FieldAccessUnsafe$UnsafeCharField
[main] INFO org.evosuite.runtime.instrumentation.CreateClassResetClassAdapter - Creating brand-new static initializer in class org/apache/avro/reflect/FieldAccessUnsafe$UnsafeCharField
[main] INFO org.evosuite.runtime.instrumentation.EvoClassLoader - Keeping class: org.apache.avro.reflect.FieldAccessUnsafe$UnsafeCharField
[main] INFO org.evosuite.runtime.instrumentation.EvoClassLoader - Seeing class for first time: org.apache.avro.reflect.FieldAccessUnsafe$UnsafeBooleanField
[main] INFO org.evosuite.runtime.instrumentation.EvoClassLoader - Instrumenting class 'org.apache.avro.reflect.FieldAccessUnsafe$UnsafeBooleanField'.
[main] INFO org.evosuite.runtime.instrumentation.MethodCallReplacementClassAdapter - Adding mock interface to class org/apache/avro/reflect/FieldAccessUnsafe$UnsafeBooleanField
[main] INFO org.evosuite.runtime.instrumentation.CreateClassResetClassAdapter - Creating brand-new static initializer in class org/apache/avro/reflect/FieldAccessUnsafe$UnsafeBooleanField
[main] INFO org.evosuite.runtime.instrumentation.EvoClassLoader - Keeping class: org.apache.avro.reflect.FieldAccessUnsafe$UnsafeBooleanField
[main] INFO org.evosuite.runtime.instrumentation.EvoClassLoader - Seeing class for first time: org.apache.avro.reflect.FieldAccessUnsafe$UnsafeShortField
[main] INFO org.evosuite.runtime.instrumentation.EvoClassLoader - Instrumenting class 'org.apache.avro.reflect.FieldAccessUnsafe$UnsafeShortField'.
[main] INFO org.evosuite.runtime.instrumentation.MethodCallReplacementClassAdapter - Adding mock interface to class org/apache/avro/reflect/FieldAccessUnsafe$UnsafeShortField
[main] INFO org.evosuite.runtime.instrumentation.CreateClassResetClassAdapter - Creating brand-new static initializer in class org/apache/avro/reflect/FieldAccessUnsafe$UnsafeShortField
[main] INFO org.evosuite.runtime.instrumentation.EvoClassLoader - Keeping class: org.apache.avro.reflect.FieldAccessUnsafe$UnsafeShortField
[main] INFO org.evosuite.runtime.instrumentation.EvoClassLoader - Seeing class for first time: org.apache.avro.reflect.FieldAccessUnsafe$UnsafeObjectField
[main] INFO org.evosuite.runtime.instrumentation.EvoClassLoader - Instrumenting class 'org.apache.avro.reflect.FieldAccessUnsafe$UnsafeObjectField'.
[main] INFO org.evosuite.runtime.instrumentation.MethodCallReplacementClassAdapter - Adding mock interface to class org/apache/avro/reflect/FieldAccessUnsafe$UnsafeObjectField
[main] INFO org.evosuite.runtime.instrumentation.CreateClassResetClassAdapter - Creating brand-new static initializer in class org/apache/avro/reflect/FieldAccessUnsafe$UnsafeObjectField
[main] INFO org.evosuite.runtime.instrumentation.EvoClassLoader - Keeping class: org.apache.avro.reflect.FieldAccessUnsafe$UnsafeObjectField
[main] INFO org.evosuite.runtime.instrumentation.EvoClassLoader - Seeing class for first time: org.apache.avro.reflect.ReflectionUtil$AccessorTestClass
[main] INFO org.evosuite.runtime.instrumentation.EvoClassLoader - Instrumenting class 'org.apache.avro.reflect.ReflectionUtil$AccessorTestClass'.
[main] INFO org.evosuite.runtime.instrumentation.MethodCallReplacementClassAdapter - Adding mock interface to class org/apache/avro/reflect/ReflectionUtil$AccessorTestClass
[main] INFO org.evosuite.runtime.instrumentation.CreateClassResetClassAdapter - Creating brand-new static initializer in class org/apache/avro/reflect/ReflectionUtil$AccessorTestClass
[main] INFO org.evosuite.runtime.instrumentation.EvoClassLoader - Keeping class: org.apache.avro.reflect.ReflectionUtil$AccessorTestClass
[main] INFO org.evosuite.runtime.instrumentation.EvoClassLoader - Seeing class for first time: org.apache.avro.reflect.ReflectionUtil
[main] INFO org.evosuite.runtime.instrumentation.EvoClassLoader - Instrumenting class 'org.apache.avro.reflect.ReflectionUtil'.
[main] INFO org.evosuite.runtime.instrumentation.MethodCallReplacementClassAdapter - Adding mock interface to class org/apache/avro/reflect/ReflectionUtil
[main] INFO org.evosuite.runtime.instrumentation.CreateClassResetClassAdapter - Found static initializer in class org/apache/avro/reflect/ReflectionUtil
[main] INFO org.evosuite.runtime.instrumentation.EvoClassLoader - Keeping class: org.apache.avro.reflect.ReflectionUtil
[main] INFO org.evosuite.runtime.instrumentation.EvoClassLoader - Seeing class for first time: org.apache.avro.reflect.AvroEncode
[main] INFO org.evosuite.runtime.instrumentation.EvoClassLoader - Instrumenting class 'org.apache.avro.reflect.AvroEncode'.
[main] INFO org.evosuite.runtime.instrumentation.EvoClassLoader - Keeping class: org.apache.avro.reflect.AvroEncode
[main] INFO org.evosuite.runtime.instrumentation.EvoClassLoader - Seeing class for first time: com.fasterxml.jackson.databind.ext.NioPathSerializer
[main] INFO org.evosuite.runtime.instrumentation.EvoClassLoader - Instrumenting class 'com.fasterxml.jackson.databind.ext.NioPathSerializer'.
[main] INFO org.evosuite.runtime.instrumentation.MethodCallReplacementClassAdapter - Adding mock interface to class com/fasterxml/jackson/databind/ext/NioPathSerializer
[main] INFO org.evosuite.runtime.instrumentation.CreateClassResetClassAdapter - Creating brand-new static initializer in class com/fasterxml/jackson/databind/ext/NioPathSerializer
[main] INFO org.evosuite.runtime.instrumentation.EvoClassLoader - Keeping class: com.fasterxml.jackson.databind.ext.NioPathSerializer
[main] INFO org.evosuite.runtime.instrumentation.EvoClassLoader - Seeing class for first time: com.fasterxml.jackson.databind.introspect.POJOPropertyBuilder
[main] INFO org.evosuite.runtime.instrumentation.EvoClassLoader - Instrumenting class 'com.fasterxml.jackson.databind.introspect.POJOPropertyBuilder'.
[main] INFO org.evosuite.runtime.instrumentation.MethodCallReplacementClassAdapter - Adding mock interface to class com/fasterxml/jackson/databind/introspect/POJOPropertyBuilder
[main] INFO org.evosuite.runtime.instrumentation.CreateClassResetClassAdapter - Found static initializer in class com/fasterxml/jackson/databind/introspect/POJOPropertyBuilder
[main] INFO org.evosuite.runtime.instrumentation.EvoClassLoader - Keeping class: com.fasterxml.jackson.databind.introspect.POJOPropertyBuilder
[main] INFO org.evosuite.runtime.instrumentation.EvoClassLoader - Seeing class for first time: com.fasterxml.jackson.databind.ser.AnyGetterWriter
[main] INFO org.evosuite.runtime.instrumentation.EvoClassLoader - Instrumenting class 'com.fasterxml.jackson.databind.ser.AnyGetterWriter'.
[main] INFO org.evosuite.runtime.instrumentation.MethodCallReplacementClassAdapter - Adding mock interface to class com/fasterxml/jackson/databind/ser/AnyGetterWriter
[main] INFO org.evosuite.runtime.instrumentation.CreateClassResetClassAdapter - Creating brand-new static initializer in class com/fasterxml/jackson/databind/ser/AnyGetterWriter
[main] INFO org.evosuite.runtime.instrumentation.EvoClassLoader - Keeping class: com.fasterxml.jackson.databind.ser.AnyGetterWriter
[main] INFO org.evosuite.runtime.instrumentation.EvoClassLoader - Seeing class for first time: com.fasterxml.jackson.databind.introspect.TypeResolutionContext$Empty
[main] INFO org.evosuite.runtime.instrumentation.EvoClassLoader - Instrumenting class 'com.fasterxml.jackson.databind.introspect.TypeResolutionContext$Empty'.
[main] INFO org.evosuite.runtime.instrumentation.MethodCallReplacementClassAdapter - Adding mock interface to class com/fasterxml/jackson/databind/introspect/TypeResolutionContext$Empty
[main] INFO org.evosuite.runtime.instrumentation.CreateClassResetClassAdapter - Creating brand-new static initializer in class com/fasterxml/jackson/databind/introspect/TypeResolutionContext$Empty
[main] INFO org.evosuite.runtime.instrumentation.EvoClassLoader - Keeping class: com.fasterxml.jackson.databind.introspect.TypeResolutionContext$Empty
[main] INFO org.evosuite.runtime.instrumentation.EvoClassLoader - Seeing class for first time: org.apache.avro.SchemaNormalization
[main] INFO org.evosuite.runtime.instrumentation.EvoClassLoader - Instrumenting class 'org.apache.avro.SchemaNormalization'.
[main] INFO org.evosuite.runtime.instrumentation.MethodCallReplacementClassAdapter - Adding mock interface to class org/apache/avro/SchemaNormalization
[main] INFO org.evosuite.runtime.instrumentation.CreateClassResetClassAdapter - Creating brand-new static initializer in class org/apache/avro/SchemaNormalization
[main] INFO org.evosuite.runtime.instrumentation.CreateClassResetClassAdapter - Adding bytecode for initializing field EMPTY64
[main] INFO org.evosuite.runtime.instrumentation.EvoClassLoader - Keeping class: org.apache.avro.SchemaNormalization
[main] INFO org.evosuite.runtime.instrumentation.EvoClassLoader - Seeing class for first time: org.apache.avro.SchemaNormalization$FP64
[main] INFO org.evosuite.runtime.instrumentation.EvoClassLoader - Instrumenting class 'org.apache.avro.SchemaNormalization$FP64'.
[main] INFO org.evosuite.runtime.instrumentation.MethodCallReplacementClassAdapter - Adding mock interface to class org/apache/avro/SchemaNormalization$FP64
[main] INFO org.evosuite.runtime.instrumentation.CreateClassResetClassAdapter - Found static initializer in class org/apache/avro/SchemaNormalization$FP64
[main] INFO org.evosuite.runtime.instrumentation.EvoClassLoader - Keeping class: org.apache.avro.SchemaNormalization$FP64
[main] INFO org.evosuite.runtime.instrumentation.EvoClassLoader - Seeing class for first time: org.apache.avro.file.ZstandardLoader
[main] INFO org.evosuite.runtime.instrumentation.EvoClassLoader - Instrumenting class 'org.apache.avro.file.ZstandardLoader'.
[main] INFO org.evosuite.runtime.instrumentation.MethodCallReplacementClassAdapter - Adding mock interface to class org/apache/avro/file/ZstandardLoader
[main] INFO org.evosuite.runtime.instrumentation.CreateClassResetClassAdapter - Creating brand-new static initializer in class org/apache/avro/file/ZstandardLoader
[main] INFO org.evosuite.runtime.instrumentation.EvoClassLoader - Keeping class: org.apache.avro.file.ZstandardLoader
[main] INFO org.evosuite.runtime.instrumentation.EvoClassLoader - Seeing class for first time: com.github.luben.zstd.ZstdInputStreamNoFinalizer
[main] INFO org.evosuite.runtime.instrumentation.EvoClassLoader - Instrumenting class 'com.github.luben.zstd.ZstdInputStreamNoFinalizer'.
[main] INFO org.evosuite.runtime.instrumentation.MethodCallReplacementClassAdapter - Adding mock interface to class com/github/luben/zstd/ZstdInputStreamNoFinalizer
[main] INFO org.evosuite.runtime.instrumentation.CreateClassResetClassAdapter - Found static initializer in class com/github/luben/zstd/ZstdInputStreamNoFinalizer
[main] INFO org.evosuite.runtime.instrumentation.EvoClassLoader - Defined package (3): package com.github.luben.zstd, -1920700621
[main] INFO org.evosuite.runtime.instrumentation.EvoClassLoader - Keeping class: com.github.luben.zstd.ZstdInputStreamNoFinalizer
[main] INFO org.evosuite.runtime.instrumentation.EvoClassLoader - Seeing class for first time: com.github.luben.zstd.ZstdOutputStreamNoFinalizer
[main] INFO org.evosuite.runtime.instrumentation.EvoClassLoader - Instrumenting class 'com.github.luben.zstd.ZstdOutputStreamNoFinalizer'.
[main] INFO org.evosuite.runtime.instrumentation.MethodCallReplacementClassAdapter - Adding mock interface to class com/github/luben/zstd/ZstdOutputStreamNoFinalizer
[main] INFO org.evosuite.runtime.instrumentation.CreateClassResetClassAdapter - Found static initializer in class com/github/luben/zstd/ZstdOutputStreamNoFinalizer
[main] INFO org.evosuite.runtime.instrumentation.EvoClassLoader - Keeping class: com.github.luben.zstd.ZstdOutputStreamNoFinalizer
[main] INFO org.evosuite.runtime.instrumentation.EvoClassLoader - Seeing class for first time: com.github.luben.zstd.util.Native
[main] INFO org.evosuite.runtime.instrumentation.EvoClassLoader - Instrumenting class 'com.github.luben.zstd.util.Native'.
[main] INFO org.evosuite.runtime.instrumentation.MethodCallReplacementClassAdapter - Adding mock interface to class com/github/luben/zstd/util/Native
[main] INFO org.evosuite.runtime.instrumentation.CreateClassResetClassAdapter - Found static initializer in class com/github/luben/zstd/util/Native
[main] INFO org.evosuite.runtime.instrumentation.EvoClassLoader - Defined package (3): package com.github.luben.zstd.util, 145703389
[main] INFO org.evosuite.runtime.instrumentation.EvoClassLoader - Keeping class: com.github.luben.zstd.util.Native
[main] INFO org.evosuite.runtime.instrumentation.EvoClassLoader - Seeing class for first time: com.github.luben.zstd.Zstd
[main] INFO org.evosuite.runtime.instrumentation.EvoClassLoader - Instrumenting class 'com.github.luben.zstd.Zstd'.
[main] INFO org.evosuite.runtime.instrumentation.MethodCallReplacementClassAdapter - Adding mock interface to class com/github/luben/zstd/Zstd
[main] INFO org.evosuite.runtime.instrumentation.CreateClassResetClassAdapter - Found static initializer in class com/github/luben/zstd/Zstd
[main] INFO org.evosuite.runtime.instrumentation.EvoClassLoader - Keeping class: com.github.luben.zstd.Zstd
[main] INFO org.evosuite.runtime.instrumentation.EvoClassLoader - Seeing class for first time: com.github.luben.zstd.ZstdException
[main] INFO org.evosuite.runtime.instrumentation.EvoClassLoader - Instrumenting class 'com.github.luben.zstd.ZstdException'.
[main] INFO org.evosuite.runtime.instrumentation.MethodCallReplacementClassAdapter - Adding mock interface to class com/github/luben/zstd/ZstdException
[main] INFO org.evosuite.runtime.instrumentation.CreateClassResetClassAdapter - Creating brand-new static initializer in class com/github/luben/zstd/ZstdException
[main] INFO org.evosuite.runtime.instrumentation.EvoClassLoader - Keeping class: com.github.luben.zstd.ZstdException
[main] INFO org.evosuite.runtime.instrumentation.EvoClassLoader - Seeing class for first time: com.github.luben.zstd.ZstdDictCompress
[main] INFO org.evosuite.runtime.instrumentation.EvoClassLoader - Instrumenting class 'com.github.luben.zstd.ZstdDictCompress'.
[main] INFO org.evosuite.runtime.instrumentation.MethodCallReplacementClassAdapter - Adding mock interface to class com/github/luben/zstd/ZstdDictCompress
[main] INFO org.evosuite.runtime.instrumentation.CreateClassResetClassAdapter - Found static initializer in class com/github/luben/zstd/ZstdDictCompress
[main] INFO org.evosuite.runtime.instrumentation.EvoClassLoader - Seeing class for first time: com.github.luben.zstd.SharedDictBase
[main] INFO org.evosuite.runtime.instrumentation.EvoClassLoader - Instrumenting class 'com.github.luben.zstd.SharedDictBase'.
[main] INFO org.evosuite.runtime.instrumentation.MethodCallReplacementClassAdapter - Adding mock interface to class com/github/luben/zstd/SharedDictBase
[main] INFO org.evosuite.runtime.instrumentation.CreateClassResetClassAdapter - Creating brand-new static initializer in class com/github/luben/zstd/SharedDictBase
[main] INFO org.evosuite.runtime.instrumentation.EvoClassLoader - Seeing class for first time: com.github.luben.zstd.AutoCloseBase
[main] INFO org.evosuite.runtime.instrumentation.EvoClassLoader - Instrumenting class 'com.github.luben.zstd.AutoCloseBase'.
[main] INFO org.evosuite.runtime.instrumentation.MethodCallReplacementClassAdapter - Adding mock interface to class com/github/luben/zstd/AutoCloseBase
[main] INFO org.evosuite.runtime.instrumentation.CreateClassResetClassAdapter - Found static initializer in class com/github/luben/zstd/AutoCloseBase
[main] INFO org.evosuite.runtime.instrumentation.EvoClassLoader - Keeping class: com.github.luben.zstd.AutoCloseBase
[main] INFO org.evosuite.runtime.instrumentation.EvoClassLoader - Keeping class: com.github.luben.zstd.SharedDictBase
[main] INFO org.evosuite.runtime.instrumentation.EvoClassLoader - Keeping class: com.github.luben.zstd.ZstdDictCompress
[main] INFO org.evosuite.runtime.instrumentation.EvoClassLoader - Seeing class for first time: com.github.luben.zstd.ZstdDictDecompress
[main] INFO org.evosuite.runtime.instrumentation.EvoClassLoader - Instrumenting class 'com.github.luben.zstd.ZstdDictDecompress'.
[main] INFO org.evosuite.runtime.instrumentation.MethodCallReplacementClassAdapter - Adding mock interface to class com/github/luben/zstd/ZstdDictDecompress
[main] INFO org.evosuite.runtime.instrumentation.CreateClassResetClassAdapter - Found static initializer in class com/github/luben/zstd/ZstdDictDecompress
[main] INFO org.evosuite.runtime.instrumentation.EvoClassLoader - Keeping class: com.github.luben.zstd.ZstdDictDecompress
[main] INFO org.evosuite.runtime.instrumentation.EvoClassLoader - Seeing class for first time: org.osgi.framework.BundleEvent
[main] INFO org.evosuite.runtime.instrumentation.EvoClassLoader - Instrumenting class 'org.osgi.framework.BundleEvent'.
[main] INFO org.evosuite.runtime.instrumentation.EvoClassLoader - Error while loading class: java.lang.ClassNotFoundException: Class 'org/osgi/framework/BundleEvent.class' should be in target project, but could not be found!
]]></system-err>
  </testcase>
  <testcase name="test30" classname="org.apache.avro.file.DataFileWriter_ESTest" time="0.332">
    <error message="Trying to set up the sandbox while executing a test case" type="java.lang.IllegalStateException"><![CDATA[java.lang.IllegalStateException: Trying to set up the sandbox while executing a test case
	at org.evosuite.runtime.sandbox.MSecurityManager.goingToExecuteTestCase(MSecurityManager.java:339)
	at org.evosuite.runtime.sandbox.Sandbox.goingToExecuteSUTCode(Sandbox.java:127)
	at org.apache.avro.file.DataFileWriter_ESTest_scaffolding.initTestCase(DataFileWriter_ESTest_scaffolding.java:56)
	at sun.reflect.NativeMethodAccessorImpl.invoke0(Native Method)
	at sun.reflect.NativeMethodAccessorImpl.invoke(NativeMethodAccessorImpl.java:62)
	at sun.reflect.DelegatingMethodAccessorImpl.invoke(DelegatingMethodAccessorImpl.java:43)
	at java.lang.reflect.Method.invoke(Method.java:498)
	at org.junit.runners.model.FrameworkMethod$1.runReflectiveCall(FrameworkMethod.java:59)
	at org.junit.internal.runners.model.ReflectiveCallable.run(ReflectiveCallable.java:12)
	at org.junit.runners.model.FrameworkMethod.invokeExplosively(FrameworkMethod.java:56)
	at org.junit.internal.runners.statements.RunBefores.invokeMethod(RunBefores.java:33)
	at org.junit.internal.runners.statements.RunBefores.evaluate(RunBefores.java:24)
	at org.junit.internal.runners.statements.RunAfters.evaluate(RunAfters.java:27)
	at org.evosuite.runtime.vnet.NonFunctionalRequirementRule$1.evaluate(NonFunctionalRequirementRule.java:41)
	at org.junit.runners.ParentRunner$3.evaluate(ParentRunner.java:306)
	at org.junit.runners.BlockJUnit4ClassRunner$1.evaluate(BlockJUnit4ClassRunner.java:100)
	at org.junit.runners.ParentRunner.runLeaf(ParentRunner.java:366)
	at org.junit.runners.BlockJUnit4ClassRunner.runChild(BlockJUnit4ClassRunner.java:103)
	at org.junit.runners.BlockJUnit4ClassRunner.runChild(BlockJUnit4ClassRunner.java:63)
	at org.junit.runners.ParentRunner$4.run(ParentRunner.java:331)
	at org.junit.runners.ParentRunner$1.schedule(ParentRunner.java:79)
	at org.junit.runners.ParentRunner.runChildren(ParentRunner.java:329)
	at org.junit.runners.ParentRunner.access$100(ParentRunner.java:66)
	at org.junit.runners.ParentRunner$2.evaluate(ParentRunner.java:293)
	at org.junit.internal.runners.statements.RunBefores.evaluate(RunBefores.java:26)
	at org.junit.internal.runners.statements.RunAfters.evaluate(RunAfters.java:27)
	at org.junit.runners.ParentRunner$3.evaluate(ParentRunner.java:306)
	at org.junit.runners.ParentRunner.run(ParentRunner.java:413)
	at org.apache.maven.surefire.junit4.JUnit4Provider.execute(JUnit4Provider.java:316)
	at org.apache.maven.surefire.junit4.JUnit4Provider.executeWithRerun(JUnit4Provider.java:240)
	at org.apache.maven.surefire.junit4.JUnit4Provider.executeTestSet(JUnit4Provider.java:214)
	at org.apache.maven.surefire.junit4.JUnit4Provider.invoke(JUnit4Provider.java:155)
	at org.apache.maven.surefire.booter.ForkedBooter.runSuitesInProcess(ForkedBooter.java:385)
	at org.apache.maven.surefire.booter.ForkedBooter.execute(ForkedBooter.java:162)
	at org.apache.maven.surefire.booter.ForkedBooter.run(ForkedBooter.java:507)
	at org.apache.maven.surefire.booter.ForkedBooter.main(ForkedBooter.java:495)
]]></error>
    <system-err><![CDATA[java.lang.SecurityException: Security manager blocks ("java.lang.RuntimePermission" "loadLibrary./tmp/snappy-1.1.8-00000000-0100-4000-8200-000003000000-libsnappyjava.so")
java.lang.Thread.getStackTrace(Thread.java:1564)
org.evosuite.runtime.sandbox.MSecurityManager.checkPermission(MSecurityManager.java:424)
java.lang.SecurityManager.checkLink(SecurityManager.java:835)
java.lang.Runtime.load0(Runtime.java:776)
java.lang.System.load(System.java:1100)
org.xerial.snappy.SnappyLoader.loadNativeLibrary(SnappyLoader.java:198)
org.xerial.snappy.SnappyLoader.loadSnappyApi(SnappyLoader.java:167)
org.xerial.snappy.Snappy.init(Snappy.java:69)
org.xerial.snappy.Snappy.__STATIC_RESET(Snappy.java:46)
sun.reflect.NativeMethodAccessorImpl.invoke0(Native Method)
sun.reflect.NativeMethodAccessorImpl.invoke(NativeMethodAccessorImpl.java:62)
sun.reflect.DelegatingMethodAccessorImpl.invoke(DelegatingMethodAccessorImpl.java:43)
java.lang.reflect.Method.invoke(Method.java:498)
org.evosuite.runtime.classhandling.ClassResetter.reset(ClassResetter.java:159)
org.evosuite.runtime.classhandling.ClassStateSupport.resetClasses(ClassStateSupport.java:137)
org.apache.avro.file.DataFileWriter_ESTest_scaffolding.resetClasses(DataFileWriter_ESTest_scaffolding.java:644)
org.apache.avro.file.DataFileWriter_ESTest_scaffolding.doneWithTestCase(DataFileWriter_ESTest_scaffolding.java:68)
sun.reflect.NativeMethodAccessorImpl.invoke0(Native Method)
sun.reflect.NativeMethodAccessorImpl.invoke(NativeMethodAccessorImpl.java:62)
sun.reflect.DelegatingMethodAccessorImpl.invoke(DelegatingMethodAccessorImpl.java:43)
java.lang.reflect.Method.invoke(Method.java:498)
org.junit.runners.model.FrameworkMethod$1.runReflectiveCall(FrameworkMethod.java:59)
org.junit.internal.runners.model.ReflectiveCallable.run(ReflectiveCallable.java:12)
org.junit.runners.model.FrameworkMethod.invokeExplosively(FrameworkMethod.java:56)
org.junit.internal.runners.statements.RunAfters.invokeMethod(RunAfters.java:46)
org.junit.internal.runners.statements.RunAfters.evaluate(RunAfters.java:33)
org.evosuite.runtime.vnet.NonFunctionalRequirementRule$1.evaluate(NonFunctionalRequirementRule.java:41)
org.junit.runners.ParentRunner$3.evaluate(ParentRunner.java:306)
org.junit.runners.BlockJUnit4ClassRunner$1.evaluate(BlockJUnit4ClassRunner.java:100)
org.junit.runners.ParentRunner.runLeaf(ParentRunner.java:366)
org.junit.runners.BlockJUnit4ClassRunner.runChild(BlockJUnit4ClassRunner.java:103)
org.junit.runners.BlockJUnit4ClassRunner.runChild(BlockJUnit4ClassRunner.java:63)
org.junit.runners.ParentRunner$4.run(ParentRunner.java:331)
org.junit.runners.ParentRunner$1.schedule(ParentRunner.java:79)
org.junit.runners.ParentRunner.runChildren(ParentRunner.java:329)
org.junit.runners.ParentRunner.access$100(ParentRunner.java:66)
org.junit.runners.ParentRunner$2.evaluate(ParentRunner.java:293)
org.junit.internal.runners.statements.RunBefores.evaluate(RunBefores.java:26)
org.junit.internal.runners.statements.RunAfters.evaluate(RunAfters.java:27)
org.junit.runners.ParentRunner$3.evaluate(ParentRunner.java:306)
org.junit.runners.ParentRunner.run(ParentRunner.java:413)
org.apache.maven.surefire.junit4.JUnit4Provider.execute(JUnit4Provider.java:316)
org.apache.maven.surefire.junit4.JUnit4Provider.executeWithRerun(JUnit4Provider.java:240)
org.apache.maven.surefire.junit4.JUnit4Provider.executeTestSet(JUnit4Provider.java:214)
org.apache.maven.surefire.junit4.JUnit4Provider.invoke(JUnit4Provider.java:155)
org.apache.maven.surefire.booter.ForkedBooter.runSuitesInProcess(ForkedBooter.java:385)
org.apache.maven.surefire.booter.ForkedBooter.execute(ForkedBooter.java:162)
org.apache.maven.surefire.booter.ForkedBooter.run(ForkedBooter.java:507)
org.apache.maven.surefire.booter.ForkedBooter.main(ForkedBooter.java:495)

	at org.evosuite.runtime.sandbox.MSecurityManager.checkPermission(MSecurityManager.java:436)
	at java.lang.SecurityManager.checkLink(SecurityManager.java:835)
	at java.lang.Runtime.load0(Runtime.java:776)
	at java.lang.System.load(System.java:1100)
	at org.xerial.snappy.SnappyLoader.loadNativeLibrary(SnappyLoader.java:198)
	at org.xerial.snappy.SnappyLoader.loadSnappyApi(SnappyLoader.java:167)
	at org.xerial.snappy.Snappy.init(Snappy.java:69)
	at org.xerial.snappy.Snappy.__STATIC_RESET(Snappy.java:46)
	at sun.reflect.NativeMethodAccessorImpl.invoke0(Native Method)
	at sun.reflect.NativeMethodAccessorImpl.invoke(NativeMethodAccessorImpl.java:62)
	at sun.reflect.DelegatingMethodAccessorImpl.invoke(DelegatingMethodAccessorImpl.java:43)
	at java.lang.reflect.Method.invoke(Method.java:498)
	at org.evosuite.runtime.classhandling.ClassResetter.reset(ClassResetter.java:159)
	at org.evosuite.runtime.classhandling.ClassStateSupport.resetClasses(ClassStateSupport.java:137)
	at org.apache.avro.file.DataFileWriter_ESTest_scaffolding.resetClasses(DataFileWriter_ESTest_scaffolding.java:644)
	at org.apache.avro.file.DataFileWriter_ESTest_scaffolding.doneWithTestCase(DataFileWriter_ESTest_scaffolding.java:68)
	at sun.reflect.NativeMethodAccessorImpl.invoke0(Native Method)
	at sun.reflect.NativeMethodAccessorImpl.invoke(NativeMethodAccessorImpl.java:62)
	at sun.reflect.DelegatingMethodAccessorImpl.invoke(DelegatingMethodAccessorImpl.java:43)
	at java.lang.reflect.Method.invoke(Method.java:498)
	at org.junit.runners.model.FrameworkMethod$1.runReflectiveCall(FrameworkMethod.java:59)
	at org.junit.internal.runners.model.ReflectiveCallable.run(ReflectiveCallable.java:12)
	at org.junit.runners.model.FrameworkMethod.invokeExplosively(FrameworkMethod.java:56)
	at org.junit.internal.runners.statements.RunAfters.invokeMethod(RunAfters.java:46)
	at org.junit.internal.runners.statements.RunAfters.evaluate(RunAfters.java:33)
	at org.evosuite.runtime.vnet.NonFunctionalRequirementRule$1.evaluate(NonFunctionalRequirementRule.java:41)
	at org.junit.runners.ParentRunner$3.evaluate(ParentRunner.java:306)
	at org.junit.runners.BlockJUnit4ClassRunner$1.evaluate(BlockJUnit4ClassRunner.java:100)
	at org.junit.runners.ParentRunner.runLeaf(ParentRunner.java:366)
	at org.junit.runners.BlockJUnit4ClassRunner.runChild(BlockJUnit4ClassRunner.java:103)
	at org.junit.runners.BlockJUnit4ClassRunner.runChild(BlockJUnit4ClassRunner.java:63)
	at org.junit.runners.ParentRunner$4.run(ParentRunner.java:331)
	at org.junit.runners.ParentRunner$1.schedule(ParentRunner.java:79)
	at org.junit.runners.ParentRunner.runChildren(ParentRunner.java:329)
	at org.junit.runners.ParentRunner.access$100(ParentRunner.java:66)
	at org.junit.runners.ParentRunner$2.evaluate(ParentRunner.java:293)
	at org.junit.internal.runners.statements.RunBefores.evaluate(RunBefores.java:26)
	at org.junit.internal.runners.statements.RunAfters.evaluate(RunAfters.java:27)
	at org.junit.runners.ParentRunner$3.evaluate(ParentRunner.java:306)
	at org.junit.runners.ParentRunner.run(ParentRunner.java:413)
	at org.apache.maven.surefire.junit4.JUnit4Provider.execute(JUnit4Provider.java:316)
	at org.apache.maven.surefire.junit4.JUnit4Provider.executeWithRerun(JUnit4Provider.java:240)
	at org.apache.maven.surefire.junit4.JUnit4Provider.executeTestSet(JUnit4Provider.java:214)
	at org.apache.maven.surefire.junit4.JUnit4Provider.invoke(JUnit4Provider.java:155)
	at org.apache.maven.surefire.booter.ForkedBooter.runSuitesInProcess(ForkedBooter.java:385)
	at org.apache.maven.surefire.booter.ForkedBooter.execute(ForkedBooter.java:162)
	at org.apache.maven.surefire.booter.ForkedBooter.run(ForkedBooter.java:507)
	at org.apache.maven.surefire.booter.ForkedBooter.main(ForkedBooter.java:495)
[main] ERROR org.evosuite.runtime.classhandling.ClassResetter - java.lang.NoClassDefFoundError: Could not initialize class com.github.luben.zstd.Zstd
[main] INFO org.evosuite.runtime.instrumentation.EvoClassLoader - Seeing class for first time: com.fasterxml.jackson.databind.util.TokenBufferReadContext
[main] INFO org.evosuite.runtime.instrumentation.EvoClassLoader - Instrumenting class 'com.fasterxml.jackson.databind.util.TokenBufferReadContext'.
[main] INFO org.evosuite.runtime.instrumentation.MethodCallReplacementClassAdapter - Adding mock interface to class com/fasterxml/jackson/databind/util/TokenBufferReadContext
[main] INFO org.evosuite.runtime.instrumentation.CreateClassResetClassAdapter - Creating brand-new static initializer in class com/fasterxml/jackson/databind/util/TokenBufferReadContext
[main] INFO org.evosuite.runtime.instrumentation.EvoClassLoader - Keeping class: com.fasterxml.jackson.databind.util.TokenBufferReadContext
[main] INFO org.evosuite.runtime.instrumentation.EvoClassLoader - Seeing class for first time: com.fasterxml.jackson.annotation.SimpleObjectIdResolver
[main] INFO org.evosuite.runtime.instrumentation.EvoClassLoader - Instrumenting class 'com.fasterxml.jackson.annotation.SimpleObjectIdResolver'.
[main] INFO org.evosuite.runtime.instrumentation.MethodCallReplacementClassAdapter - Adding mock interface to class com/fasterxml/jackson/annotation/SimpleObjectIdResolver
[main] INFO org.evosuite.runtime.instrumentation.CreateClassResetClassAdapter - Creating brand-new static initializer in class com/fasterxml/jackson/annotation/SimpleObjectIdResolver
[main] INFO org.evosuite.runtime.instrumentation.EvoClassLoader - Keeping class: com.fasterxml.jackson.annotation.SimpleObjectIdResolver
[main] INFO org.evosuite.runtime.instrumentation.EvoClassLoader - Seeing class for first time: org.apache.commons.compress.compressors.bzip2.BZip2CompressorInputStream
[main] INFO org.evosuite.runtime.instrumentation.EvoClassLoader - Instrumenting class 'org.apache.commons.compress.compressors.bzip2.BZip2CompressorInputStream'.
[main] INFO org.evosuite.runtime.instrumentation.MethodCallReplacementClassAdapter - Adding mock interface to class org/apache/commons/compress/compressors/bzip2/BZip2CompressorInputStream
[main] INFO org.evosuite.runtime.instrumentation.CreateClassResetClassAdapter - Creating brand-new static initializer in class org/apache/commons/compress/compressors/bzip2/BZip2CompressorInputStream
[main] INFO org.evosuite.runtime.instrumentation.CreateClassResetClassAdapter - Adding bytecode for initializing field EOF
[main] INFO org.evosuite.runtime.instrumentation.CreateClassResetClassAdapter - Adding bytecode for initializing field START_BLOCK_STATE
[main] INFO org.evosuite.runtime.instrumentation.CreateClassResetClassAdapter - Adding bytecode for initializing field RAND_PART_A_STATE
[main] INFO org.evosuite.runtime.instrumentation.CreateClassResetClassAdapter - Adding bytecode for initializing field RAND_PART_B_STATE
[main] INFO org.evosuite.runtime.instrumentation.CreateClassResetClassAdapter - Adding bytecode for initializing field RAND_PART_C_STATE
[main] INFO org.evosuite.runtime.instrumentation.CreateClassResetClassAdapter - Adding bytecode for initializing field NO_RAND_PART_A_STATE
[main] INFO org.evosuite.runtime.instrumentation.CreateClassResetClassAdapter - Adding bytecode for initializing field NO_RAND_PART_B_STATE
[main] INFO org.evosuite.runtime.instrumentation.CreateClassResetClassAdapter - Adding bytecode for initializing field NO_RAND_PART_C_STATE
[main] INFO org.evosuite.runtime.instrumentation.EvoClassLoader - Defined package (3): package org.apache.commons.compress.compressors.bzip2, -1853073597
[main] INFO org.evosuite.runtime.instrumentation.EvoClassLoader - Seeing class for first time: org.apache.commons.compress.compressors.bzip2.BZip2Constants
[main] INFO org.evosuite.runtime.instrumentation.EvoClassLoader - Instrumenting class 'org.apache.commons.compress.compressors.bzip2.BZip2Constants'.
[main] INFO org.evosuite.runtime.instrumentation.EvoClassLoader - Keeping class: org.apache.commons.compress.compressors.bzip2.BZip2Constants
[main] INFO org.evosuite.runtime.instrumentation.EvoClassLoader - Keeping class: org.apache.commons.compress.compressors.bzip2.BZip2CompressorInputStream
[main] INFO org.evosuite.runtime.instrumentation.EvoClassLoader - Seeing class for first time: org.apache.commons.compress.utils.CloseShieldFilterInputStream
[main] INFO org.evosuite.runtime.instrumentation.EvoClassLoader - Instrumenting class 'org.apache.commons.compress.utils.CloseShieldFilterInputStream'.
[main] INFO org.evosuite.runtime.instrumentation.MethodCallReplacementClassAdapter - Adding mock interface to class org/apache/commons/compress/utils/CloseShieldFilterInputStream
[main] INFO org.evosuite.runtime.instrumentation.CreateClassResetClassAdapter - Creating brand-new static initializer in class org/apache/commons/compress/utils/CloseShieldFilterInputStream
[main] INFO org.evosuite.runtime.instrumentation.EvoClassLoader - Keeping class: org.apache.commons.compress.utils.CloseShieldFilterInputStream
[main] INFO org.evosuite.runtime.instrumentation.EvoClassLoader - Seeing class for first time: org.apache.commons.compress.utils.BitInputStream
[main] INFO org.evosuite.runtime.instrumentation.EvoClassLoader - Instrumenting class 'org.apache.commons.compress.utils.BitInputStream'.
[main] INFO org.evosuite.runtime.instrumentation.MethodCallReplacementClassAdapter - Adding mock interface to class org/apache/commons/compress/utils/BitInputStream
[main] INFO org.evosuite.runtime.instrumentation.CreateClassResetClassAdapter - Found static initializer in class org/apache/commons/compress/utils/BitInputStream
[main] INFO org.evosuite.runtime.instrumentation.EvoClassLoader - Keeping class: org.apache.commons.compress.utils.BitInputStream
[main] INFO org.evosuite.runtime.instrumentation.EvoClassLoader - Seeing class for first time: org.apache.commons.compress.compressors.bzip2.CRC
[main] INFO org.evosuite.runtime.instrumentation.EvoClassLoader - Instrumenting class 'org.apache.commons.compress.compressors.bzip2.CRC'.
[main] INFO org.evosuite.runtime.instrumentation.MethodCallReplacementClassAdapter - Adding mock interface to class org/apache/commons/compress/compressors/bzip2/CRC
[main] INFO org.evosuite.runtime.instrumentation.CreateClassResetClassAdapter - Found static initializer in class org/apache/commons/compress/compressors/bzip2/CRC
[main] INFO org.evosuite.runtime.instrumentation.EvoClassLoader - Keeping class: org.apache.commons.compress.compressors.bzip2.CRC
[main] INFO org.evosuite.runtime.instrumentation.EvoClassLoader - Seeing class for first time: com.fasterxml.jackson.core.io.NumberInput
[main] INFO org.evosuite.runtime.instrumentation.EvoClassLoader - Instrumenting class 'com.fasterxml.jackson.core.io.NumberInput'.
[main] INFO org.evosuite.runtime.instrumentation.MethodCallReplacementClassAdapter - Adding mock interface to class com/fasterxml/jackson/core/io/NumberInput
[main] INFO org.evosuite.runtime.instrumentation.CreateClassResetClassAdapter - Found static initializer in class com/fasterxml/jackson/core/io/NumberInput
[main] INFO org.evosuite.runtime.instrumentation.EvoClassLoader - Keeping class: com.fasterxml.jackson.core.io.NumberInput
[main] INFO org.evosuite.runtime.instrumentation.EvoClassLoader - Seeing class for first time: org.apache.avro.specific.SpecificDatumReader
[main] INFO org.evosuite.runtime.instrumentation.EvoClassLoader - Instrumenting class 'org.apache.avro.specific.SpecificDatumReader'.
[main] INFO org.evosuite.runtime.instrumentation.MethodCallReplacementClassAdapter - Adding mock interface to class org/apache/avro/specific/SpecificDatumReader
[main] INFO org.evosuite.runtime.instrumentation.CreateClassResetClassAdapter - Creating brand-new static initializer in class org/apache/avro/specific/SpecificDatumReader
[main] INFO org.evosuite.runtime.instrumentation.EvoClassLoader - Keeping class: org.apache.avro.specific.SpecificDatumReader
[main] INFO org.evosuite.runtime.instrumentation.EvoClassLoader - Seeing class for first time: org.apache.avro.reflect.ReflectDatumReader
[main] INFO org.evosuite.runtime.instrumentation.EvoClassLoader - Instrumenting class 'org.apache.avro.reflect.ReflectDatumReader'.
[main] INFO org.evosuite.runtime.instrumentation.MethodCallReplacementClassAdapter - Adding mock interface to class org/apache/avro/reflect/ReflectDatumReader
[main] INFO org.evosuite.runtime.instrumentation.CreateClassResetClassAdapter - Creating brand-new static initializer in class org/apache/avro/reflect/ReflectDatumReader
[main] INFO org.evosuite.runtime.instrumentation.EvoClassLoader - Keeping class: org.apache.avro.reflect.ReflectDatumReader
[main] INFO org.evosuite.runtime.instrumentation.EvoClassLoader - Seeing class for first time: org.tukaani.xz.index.IndexBase
[main] INFO org.evosuite.runtime.instrumentation.EvoClassLoader - Instrumenting class 'org.tukaani.xz.index.IndexBase'.
[main] INFO org.evosuite.runtime.instrumentation.MethodCallReplacementClassAdapter - Adding mock interface to class org/tukaani/xz/index/IndexBase
[main] INFO org.evosuite.runtime.instrumentation.CreateClassResetClassAdapter - Creating brand-new static initializer in class org/tukaani/xz/index/IndexBase
[main] INFO org.evosuite.runtime.instrumentation.EvoClassLoader - Defined package (3): package org.tukaani.xz.index, -1615111783
[main] INFO org.evosuite.runtime.instrumentation.EvoClassLoader - Keeping class: org.tukaani.xz.index.IndexBase
[main] INFO org.evosuite.runtime.instrumentation.EvoClassLoader - Seeing class for first time: org.tukaani.xz.index.IndexHash
[main] INFO org.evosuite.runtime.instrumentation.EvoClassLoader - Instrumenting class 'org.tukaani.xz.index.IndexHash'.
[main] INFO org.evosuite.runtime.instrumentation.MethodCallReplacementClassAdapter - Adding mock interface to class org/tukaani/xz/index/IndexHash
[main] INFO org.evosuite.runtime.instrumentation.CreateClassResetClassAdapter - Creating brand-new static initializer in class org/tukaani/xz/index/IndexHash
[main] INFO org.evosuite.runtime.instrumentation.EvoClassLoader - Keeping class: org.tukaani.xz.index.IndexHash
[main] INFO org.evosuite.runtime.instrumentation.EvoClassLoader - Seeing class for first time: org.tukaani.xz.check.Check
[main] INFO org.evosuite.runtime.instrumentation.EvoClassLoader - Instrumenting class 'org.tukaani.xz.check.Check'.
[main] INFO org.evosuite.runtime.instrumentation.MethodCallReplacementClassAdapter - Adding mock interface to class org/tukaani/xz/check/Check
[main] INFO org.evosuite.runtime.instrumentation.CreateClassResetClassAdapter - Creating brand-new static initializer in class org/tukaani/xz/check/Check
[main] INFO org.evosuite.runtime.instrumentation.EvoClassLoader - Defined package (3): package org.tukaani.xz.check, -1620830769
[main] INFO org.evosuite.runtime.instrumentation.EvoClassLoader - Keeping class: org.tukaani.xz.check.Check
[main] INFO org.evosuite.runtime.instrumentation.EvoClassLoader - Seeing class for first time: org.tukaani.xz.check.SHA256
[main] INFO org.evosuite.runtime.instrumentation.EvoClassLoader - Instrumenting class 'org.tukaani.xz.check.SHA256'.
[main] INFO org.evosuite.runtime.instrumentation.MethodCallReplacementClassAdapter - Adding mock interface to class org/tukaani/xz/check/SHA256
[main] INFO org.evosuite.runtime.instrumentation.CreateClassResetClassAdapter - Creating brand-new static initializer in class org/tukaani/xz/check/SHA256
[main] INFO org.evosuite.runtime.instrumentation.EvoClassLoader - Keeping class: org.tukaani.xz.check.SHA256
[main] INFO org.evosuite.runtime.instrumentation.EvoClassLoader - Seeing class for first time: org.tukaani.xz.check.CRC32
[main] INFO org.evosuite.runtime.instrumentation.EvoClassLoader - Instrumenting class 'org.tukaani.xz.check.CRC32'.
[main] INFO org.evosuite.runtime.instrumentation.MethodCallReplacementClassAdapter - Adding mock interface to class org/tukaani/xz/check/CRC32
[main] INFO org.evosuite.runtime.instrumentation.CreateClassResetClassAdapter - Creating brand-new static initializer in class org/tukaani/xz/check/CRC32
[main] INFO org.evosuite.runtime.instrumentation.EvoClassLoader - Keeping class: org.tukaani.xz.check.CRC32
[main] INFO org.evosuite.runtime.instrumentation.EvoClassLoader - Seeing class for first time: org.tukaani.xz.check.None
[main] INFO org.evosuite.runtime.instrumentation.EvoClassLoader - Instrumenting class 'org.tukaani.xz.check.None'.
[main] INFO org.evosuite.runtime.instrumentation.MethodCallReplacementClassAdapter - Adding mock interface to class org/tukaani/xz/check/None
[main] INFO org.evosuite.runtime.instrumentation.CreateClassResetClassAdapter - Creating brand-new static initializer in class org/tukaani/xz/check/None
[main] INFO org.evosuite.runtime.instrumentation.EvoClassLoader - Keeping class: org.tukaani.xz.check.None
[main] INFO org.evosuite.runtime.instrumentation.EvoClassLoader - Seeing class for first time: org.tukaani.xz.check.CRC64
[main] INFO org.evosuite.runtime.instrumentation.EvoClassLoader - Instrumenting class 'org.tukaani.xz.check.CRC64'.
[main] INFO org.evosuite.runtime.instrumentation.MethodCallReplacementClassAdapter - Adding mock interface to class org/tukaani/xz/check/CRC64
[main] INFO org.evosuite.runtime.instrumentation.CreateClassResetClassAdapter - Found static initializer in class org/tukaani/xz/check/CRC64
[main] INFO org.evosuite.runtime.instrumentation.EvoClassLoader - Keeping class: org.tukaani.xz.check.CRC64
[main] INFO org.evosuite.runtime.instrumentation.EvoClassLoader - Seeing class for first time: org.tukaani.xz.UnsupportedOptionsException
[main] INFO org.evosuite.runtime.instrumentation.EvoClassLoader - Instrumenting class 'org.tukaani.xz.UnsupportedOptionsException'.
[main] INFO org.evosuite.runtime.instrumentation.MethodCallReplacementClassAdapter - Adding mock interface to class org/tukaani/xz/UnsupportedOptionsException
[main] INFO org.evosuite.runtime.instrumentation.CreateClassResetClassAdapter - Creating brand-new static initializer in class org/tukaani/xz/UnsupportedOptionsException
[main] INFO org.evosuite.runtime.instrumentation.EvoClassLoader - Keeping class: org.tukaani.xz.UnsupportedOptionsException
[main] INFO org.evosuite.runtime.instrumentation.EvoClassLoader - Seeing class for first time: org.tukaani.xz.common.Util
[main] INFO org.evosuite.runtime.instrumentation.EvoClassLoader - Instrumenting class 'org.tukaani.xz.common.Util'.
[main] INFO org.evosuite.runtime.instrumentation.MethodCallReplacementClassAdapter - Adding mock interface to class org/tukaani/xz/common/Util
[main] INFO org.evosuite.runtime.instrumentation.CreateClassResetClassAdapter - Creating brand-new static initializer in class org/tukaani/xz/common/Util
[main] INFO org.evosuite.runtime.instrumentation.CreateClassResetClassAdapter - Adding bytecode for initializing field STREAM_HEADER_SIZE
[main] INFO org.evosuite.runtime.instrumentation.CreateClassResetClassAdapter - Adding bytecode for initializing field BACKWARD_SIZE_MAX
[main] INFO org.evosuite.runtime.instrumentation.CreateClassResetClassAdapter - Adding bytecode for initializing field BLOCK_HEADER_SIZE_MAX
[main] INFO org.evosuite.runtime.instrumentation.CreateClassResetClassAdapter - Adding bytecode for initializing field VLI_MAX
[main] INFO org.evosuite.runtime.instrumentation.CreateClassResetClassAdapter - Adding bytecode for initializing field VLI_SIZE_MAX
[main] INFO org.evosuite.runtime.instrumentation.EvoClassLoader - Defined package (3): package org.tukaani.xz.common, 1300566532
[main] INFO org.evosuite.runtime.instrumentation.EvoClassLoader - Keeping class: org.tukaani.xz.common.Util
[main] INFO org.evosuite.runtime.instrumentation.EvoClassLoader - Seeing class for first time: org.tukaani.xz.common.DecoderUtil
[main] INFO org.evosuite.runtime.instrumentation.EvoClassLoader - Instrumenting class 'org.tukaani.xz.common.DecoderUtil'.
[main] INFO org.evosuite.runtime.instrumentation.MethodCallReplacementClassAdapter - Adding mock interface to class org/tukaani/xz/common/DecoderUtil
[main] INFO org.evosuite.runtime.instrumentation.CreateClassResetClassAdapter - Creating brand-new static initializer in class org/tukaani/xz/common/DecoderUtil
[main] INFO org.evosuite.runtime.instrumentation.EvoClassLoader - Keeping class: org.tukaani.xz.common.DecoderUtil
[main] INFO org.evosuite.runtime.instrumentation.EvoClassLoader - Seeing class for first time: org.tukaani.xz.XZFormatException
[main] INFO org.evosuite.runtime.instrumentation.EvoClassLoader - Instrumenting class 'org.tukaani.xz.XZFormatException'.
[main] INFO org.evosuite.runtime.instrumentation.MethodCallReplacementClassAdapter - Adding mock interface to class org/tukaani/xz/XZFormatException
[main] INFO org.evosuite.runtime.instrumentation.CreateClassResetClassAdapter - Creating brand-new static initializer in class org/tukaani/xz/XZFormatException
[main] INFO org.evosuite.runtime.instrumentation.EvoClassLoader - Keeping class: org.tukaani.xz.XZFormatException
[main] INFO org.evosuite.runtime.instrumentation.EvoClassLoader - Seeing class for first time: org.tukaani.xz.common.StreamFlags
[main] INFO org.evosuite.runtime.instrumentation.EvoClassLoader - Instrumenting class 'org.tukaani.xz.common.StreamFlags'.
[main] INFO org.evosuite.runtime.instrumentation.MethodCallReplacementClassAdapter - Adding mock interface to class org/tukaani/xz/common/StreamFlags
[main] INFO org.evosuite.runtime.instrumentation.CreateClassResetClassAdapter - Creating brand-new static initializer in class org/tukaani/xz/common/StreamFlags
[main] INFO org.evosuite.runtime.instrumentation.EvoClassLoader - Keeping class: org.tukaani.xz.common.StreamFlags
[main] INFO org.evosuite.runtime.instrumentation.EvoClassLoader - Seeing class for first time: org.tukaani.xz.XZ
[main] INFO org.evosuite.runtime.instrumentation.EvoClassLoader - Instrumenting class 'org.tukaani.xz.XZ'.
[main] INFO org.evosuite.runtime.instrumentation.MethodCallReplacementClassAdapter - Adding mock interface to class org/tukaani/xz/XZ
[main] INFO org.evosuite.runtime.instrumentation.CreateClassResetClassAdapter - Found static initializer in class org/tukaani/xz/XZ
[main] INFO org.evosuite.runtime.instrumentation.EvoClassLoader - Keeping class: org.tukaani.xz.XZ
[main] INFO org.evosuite.runtime.instrumentation.EvoClassLoader - Seeing class for first time: org.apache.avro.generic.GenericData$EnumSymbol
[main] INFO org.evosuite.runtime.instrumentation.EvoClassLoader - Instrumenting class 'org.apache.avro.generic.GenericData$EnumSymbol'.
[main] INFO org.evosuite.runtime.instrumentation.MethodCallReplacementClassAdapter - Adding mock interface to class org/apache/avro/generic/GenericData$EnumSymbol
[main] INFO org.evosuite.runtime.instrumentation.CreateClassResetClassAdapter - Creating brand-new static initializer in class org/apache/avro/generic/GenericData$EnumSymbol
[main] INFO org.evosuite.runtime.instrumentation.EvoClassLoader - Keeping class: org.apache.avro.generic.GenericData$EnumSymbol
[main] INFO org.evosuite.runtime.instrumentation.EvoClassLoader - Seeing class for first time: org.apache.avro.generic.GenericData$Fixed
[main] INFO org.evosuite.runtime.instrumentation.EvoClassLoader - Instrumenting class 'org.apache.avro.generic.GenericData$Fixed'.
[main] INFO org.evosuite.runtime.instrumentation.MethodCallReplacementClassAdapter - Adding mock interface to class org/apache/avro/generic/GenericData$Fixed
[main] INFO org.evosuite.runtime.instrumentation.CreateClassResetClassAdapter - Creating brand-new static initializer in class org/apache/avro/generic/GenericData$Fixed
[main] INFO org.evosuite.runtime.instrumentation.EvoClassLoader - Keeping class: org.apache.avro.generic.GenericData$Fixed
[main] INFO org.evosuite.runtime.instrumentation.EvoClassLoader - Seeing class for first time: org.apache.avro.generic.GenericData$Array
[main] INFO org.evosuite.runtime.instrumentation.EvoClassLoader - Instrumenting class 'org.apache.avro.generic.GenericData$Array'.
[main] INFO org.evosuite.runtime.instrumentation.MethodCallReplacementClassAdapter - Adding mock interface to class org/apache/avro/generic/GenericData$Array
[main] INFO org.evosuite.runtime.instrumentation.CreateClassResetClassAdapter - Found static initializer in class org/apache/avro/generic/GenericData$Array
[main] INFO org.evosuite.runtime.instrumentation.EvoClassLoader - Seeing class for first time: org.apache.avro.generic.GenericArray
[main] INFO org.evosuite.runtime.instrumentation.EvoClassLoader - Instrumenting class 'org.apache.avro.generic.GenericArray'.
[main] INFO org.evosuite.runtime.instrumentation.EvoClassLoader - Keeping class: org.apache.avro.generic.GenericArray
[main] INFO org.evosuite.runtime.instrumentation.EvoClassLoader - Keeping class: org.apache.avro.generic.GenericData$Array
[main] INFO org.evosuite.runtime.instrumentation.EvoClassLoader - Seeing class for first time: org.apache.avro.generic.GenericData$Record
[main] INFO org.evosuite.runtime.instrumentation.EvoClassLoader - Instrumenting class 'org.apache.avro.generic.GenericData$Record'.
[main] INFO org.evosuite.runtime.instrumentation.MethodCallReplacementClassAdapter - Adding mock interface to class org/apache/avro/generic/GenericData$Record
[main] INFO org.evosuite.runtime.instrumentation.CreateClassResetClassAdapter - Creating brand-new static initializer in class org/apache/avro/generic/GenericData$Record
[main] INFO org.evosuite.runtime.instrumentation.EvoClassLoader - Seeing class for first time: org.apache.avro.generic.GenericRecord
[main] INFO org.evosuite.runtime.instrumentation.EvoClassLoader - Instrumenting class 'org.apache.avro.generic.GenericRecord'.
[main] INFO org.evosuite.runtime.instrumentation.EvoClassLoader - Keeping class: org.apache.avro.generic.GenericRecord
[main] INFO org.evosuite.runtime.instrumentation.EvoClassLoader - Keeping class: org.apache.avro.generic.GenericData$Record
]]></system-err>
  </testcase>
  <testcase name="test74" classname="org.apache.avro.file.DataFileWriter_ESTest" time="0.226">
    <system-err><![CDATA[java.lang.SecurityException: Security manager blocks ("java.lang.RuntimePermission" "loadLibrary./tmp/snappy-1.1.8-00000000-0100-4000-8200-000003000000-libsnappyjava.so")
java.lang.Thread.getStackTrace(Thread.java:1564)
org.evosuite.runtime.sandbox.MSecurityManager.checkPermission(MSecurityManager.java:424)
java.lang.SecurityManager.checkLink(SecurityManager.java:835)
java.lang.Runtime.load0(Runtime.java:776)
java.lang.System.load(System.java:1100)
org.xerial.snappy.SnappyLoader.loadNativeLibrary(SnappyLoader.java:198)
org.xerial.snappy.SnappyLoader.loadSnappyApi(SnappyLoader.java:167)
org.xerial.snappy.Snappy.init(Snappy.java:69)
org.xerial.snappy.Snappy.__STATIC_RESET(Snappy.java:46)
sun.reflect.NativeMethodAccessorImpl.invoke0(Native Method)
sun.reflect.NativeMethodAccessorImpl.invoke(NativeMethodAccessorImpl.java:62)
sun.reflect.DelegatingMethodAccessorImpl.invoke(DelegatingMethodAccessorImpl.java:43)
java.lang.reflect.Method.invoke(Method.java:498)
org.evosuite.runtime.classhandling.ClassResetter.reset(ClassResetter.java:159)
org.evosuite.runtime.classhandling.ClassStateSupport.resetClasses(ClassStateSupport.java:137)
org.apache.avro.file.DataFileWriter_ESTest_scaffolding.resetClasses(DataFileWriter_ESTest_scaffolding.java:644)
org.apache.avro.file.DataFileWriter_ESTest_scaffolding.doneWithTestCase(DataFileWriter_ESTest_scaffolding.java:68)
sun.reflect.NativeMethodAccessorImpl.invoke0(Native Method)
sun.reflect.NativeMethodAccessorImpl.invoke(NativeMethodAccessorImpl.java:62)
sun.reflect.DelegatingMethodAccessorImpl.invoke(DelegatingMethodAccessorImpl.java:43)
java.lang.reflect.Method.invoke(Method.java:498)
org.junit.runners.model.FrameworkMethod$1.runReflectiveCall(FrameworkMethod.java:59)
org.junit.internal.runners.model.ReflectiveCallable.run(ReflectiveCallable.java:12)
org.junit.runners.model.FrameworkMethod.invokeExplosively(FrameworkMethod.java:56)
org.junit.internal.runners.statements.RunAfters.invokeMethod(RunAfters.java:46)
org.junit.internal.runners.statements.RunAfters.evaluate(RunAfters.java:33)
org.evosuite.runtime.vnet.NonFunctionalRequirementRule$1.evaluate(NonFunctionalRequirementRule.java:41)
org.junit.runners.ParentRunner$3.evaluate(ParentRunner.java:306)
org.junit.runners.BlockJUnit4ClassRunner$1.evaluate(BlockJUnit4ClassRunner.java:100)
org.junit.runners.ParentRunner.runLeaf(ParentRunner.java:366)
org.junit.runners.BlockJUnit4ClassRunner.runChild(BlockJUnit4ClassRunner.java:103)
org.junit.runners.BlockJUnit4ClassRunner.runChild(BlockJUnit4ClassRunner.java:63)
org.junit.runners.ParentRunner$4.run(ParentRunner.java:331)
org.junit.runners.ParentRunner$1.schedule(ParentRunner.java:79)
org.junit.runners.ParentRunner.runChildren(ParentRunner.java:329)
org.junit.runners.ParentRunner.access$100(ParentRunner.java:66)
org.junit.runners.ParentRunner$2.evaluate(ParentRunner.java:293)
org.junit.internal.runners.statements.RunBefores.evaluate(RunBefores.java:26)
org.junit.internal.runners.statements.RunAfters.evaluate(RunAfters.java:27)
org.junit.runners.ParentRunner$3.evaluate(ParentRunner.java:306)
org.junit.runners.ParentRunner.run(ParentRunner.java:413)
org.apache.maven.surefire.junit4.JUnit4Provider.execute(JUnit4Provider.java:316)
org.apache.maven.surefire.junit4.JUnit4Provider.executeWithRerun(JUnit4Provider.java:240)
org.apache.maven.surefire.junit4.JUnit4Provider.executeTestSet(JUnit4Provider.java:214)
org.apache.maven.surefire.junit4.JUnit4Provider.invoke(JUnit4Provider.java:155)
org.apache.maven.surefire.booter.ForkedBooter.runSuitesInProcess(ForkedBooter.java:385)
org.apache.maven.surefire.booter.ForkedBooter.execute(ForkedBooter.java:162)
org.apache.maven.surefire.booter.ForkedBooter.run(ForkedBooter.java:507)
org.apache.maven.surefire.booter.ForkedBooter.main(ForkedBooter.java:495)

	at org.evosuite.runtime.sandbox.MSecurityManager.checkPermission(MSecurityManager.java:436)
	at java.lang.SecurityManager.checkLink(SecurityManager.java:835)
	at java.lang.Runtime.load0(Runtime.java:776)
	at java.lang.System.load(System.java:1100)
	at org.xerial.snappy.SnappyLoader.loadNativeLibrary(SnappyLoader.java:198)
	at org.xerial.snappy.SnappyLoader.loadSnappyApi(SnappyLoader.java:167)
	at org.xerial.snappy.Snappy.init(Snappy.java:69)
	at org.xerial.snappy.Snappy.__STATIC_RESET(Snappy.java:46)
	at sun.reflect.NativeMethodAccessorImpl.invoke0(Native Method)
	at sun.reflect.NativeMethodAccessorImpl.invoke(NativeMethodAccessorImpl.java:62)
	at sun.reflect.DelegatingMethodAccessorImpl.invoke(DelegatingMethodAccessorImpl.java:43)
	at java.lang.reflect.Method.invoke(Method.java:498)
	at org.evosuite.runtime.classhandling.ClassResetter.reset(ClassResetter.java:159)
	at org.evosuite.runtime.classhandling.ClassStateSupport.resetClasses(ClassStateSupport.java:137)
	at org.apache.avro.file.DataFileWriter_ESTest_scaffolding.resetClasses(DataFileWriter_ESTest_scaffolding.java:644)
	at org.apache.avro.file.DataFileWriter_ESTest_scaffolding.doneWithTestCase(DataFileWriter_ESTest_scaffolding.java:68)
	at sun.reflect.NativeMethodAccessorImpl.invoke0(Native Method)
	at sun.reflect.NativeMethodAccessorImpl.invoke(NativeMethodAccessorImpl.java:62)
	at sun.reflect.DelegatingMethodAccessorImpl.invoke(DelegatingMethodAccessorImpl.java:43)
	at java.lang.reflect.Method.invoke(Method.java:498)
	at org.junit.runners.model.FrameworkMethod$1.runReflectiveCall(FrameworkMethod.java:59)
	at org.junit.internal.runners.model.ReflectiveCallable.run(ReflectiveCallable.java:12)
	at org.junit.runners.model.FrameworkMethod.invokeExplosively(FrameworkMethod.java:56)
	at org.junit.internal.runners.statements.RunAfters.invokeMethod(RunAfters.java:46)
	at org.junit.internal.runners.statements.RunAfters.evaluate(RunAfters.java:33)
	at org.evosuite.runtime.vnet.NonFunctionalRequirementRule$1.evaluate(NonFunctionalRequirementRule.java:41)
	at org.junit.runners.ParentRunner$3.evaluate(ParentRunner.java:306)
	at org.junit.runners.BlockJUnit4ClassRunner$1.evaluate(BlockJUnit4ClassRunner.java:100)
	at org.junit.runners.ParentRunner.runLeaf(ParentRunner.java:366)
	at org.junit.runners.BlockJUnit4ClassRunner.runChild(BlockJUnit4ClassRunner.java:103)
	at org.junit.runners.BlockJUnit4ClassRunner.runChild(BlockJUnit4ClassRunner.java:63)
	at org.junit.runners.ParentRunner$4.run(ParentRunner.java:331)
	at org.junit.runners.ParentRunner$1.schedule(ParentRunner.java:79)
	at org.junit.runners.ParentRunner.runChildren(ParentRunner.java:329)
	at org.junit.runners.ParentRunner.access$100(ParentRunner.java:66)
	at org.junit.runners.ParentRunner$2.evaluate(ParentRunner.java:293)
	at org.junit.internal.runners.statements.RunBefores.evaluate(RunBefores.java:26)
	at org.junit.internal.runners.statements.RunAfters.evaluate(RunAfters.java:27)
	at org.junit.runners.ParentRunner$3.evaluate(ParentRunner.java:306)
	at org.junit.runners.ParentRunner.run(ParentRunner.java:413)
	at org.apache.maven.surefire.junit4.JUnit4Provider.execute(JUnit4Provider.java:316)
	at org.apache.maven.surefire.junit4.JUnit4Provider.executeWithRerun(JUnit4Provider.java:240)
	at org.apache.maven.surefire.junit4.JUnit4Provider.executeTestSet(JUnit4Provider.java:214)
	at org.apache.maven.surefire.junit4.JUnit4Provider.invoke(JUnit4Provider.java:155)
	at org.apache.maven.surefire.booter.ForkedBooter.runSuitesInProcess(ForkedBooter.java:385)
	at org.apache.maven.surefire.booter.ForkedBooter.execute(ForkedBooter.java:162)
	at org.apache.maven.surefire.booter.ForkedBooter.run(ForkedBooter.java:507)
	at org.apache.maven.surefire.booter.ForkedBooter.main(ForkedBooter.java:495)
]]></system-err>
  </testcase>
  <testcase name="test71" classname="org.apache.avro.file.DataFileWriter_ESTest" time="0.268">
    <system-err><![CDATA[java.lang.SecurityException: Security manager blocks ("java.lang.RuntimePermission" "loadLibrary./tmp/snappy-1.1.8-00000000-0100-4000-8200-000003000000-libsnappyjava.so")
java.lang.Thread.getStackTrace(Thread.java:1564)
org.evosuite.runtime.sandbox.MSecurityManager.checkPermission(MSecurityManager.java:424)
java.lang.SecurityManager.checkLink(SecurityManager.java:835)
java.lang.Runtime.load0(Runtime.java:776)
java.lang.System.load(System.java:1100)
org.xerial.snappy.SnappyLoader.loadNativeLibrary(SnappyLoader.java:198)
org.xerial.snappy.SnappyLoader.loadSnappyApi(SnappyLoader.java:167)
org.xerial.snappy.Snappy.init(Snappy.java:69)
org.xerial.snappy.Snappy.__STATIC_RESET(Snappy.java:46)
sun.reflect.NativeMethodAccessorImpl.invoke0(Native Method)
sun.reflect.NativeMethodAccessorImpl.invoke(NativeMethodAccessorImpl.java:62)
sun.reflect.DelegatingMethodAccessorImpl.invoke(DelegatingMethodAccessorImpl.java:43)
java.lang.reflect.Method.invoke(Method.java:498)
org.evosuite.runtime.classhandling.ClassResetter.reset(ClassResetter.java:159)
org.evosuite.runtime.classhandling.ClassStateSupport.resetClasses(ClassStateSupport.java:137)
org.apache.avro.file.DataFileWriter_ESTest_scaffolding.resetClasses(DataFileWriter_ESTest_scaffolding.java:644)
org.apache.avro.file.DataFileWriter_ESTest_scaffolding.doneWithTestCase(DataFileWriter_ESTest_scaffolding.java:68)
sun.reflect.NativeMethodAccessorImpl.invoke0(Native Method)
sun.reflect.NativeMethodAccessorImpl.invoke(NativeMethodAccessorImpl.java:62)
sun.reflect.DelegatingMethodAccessorImpl.invoke(DelegatingMethodAccessorImpl.java:43)
java.lang.reflect.Method.invoke(Method.java:498)
org.junit.runners.model.FrameworkMethod$1.runReflectiveCall(FrameworkMethod.java:59)
org.junit.internal.runners.model.ReflectiveCallable.run(ReflectiveCallable.java:12)
org.junit.runners.model.FrameworkMethod.invokeExplosively(FrameworkMethod.java:56)
org.junit.internal.runners.statements.RunAfters.invokeMethod(RunAfters.java:46)
org.junit.internal.runners.statements.RunAfters.evaluate(RunAfters.java:33)
org.evosuite.runtime.vnet.NonFunctionalRequirementRule$1.evaluate(NonFunctionalRequirementRule.java:41)
org.junit.runners.ParentRunner$3.evaluate(ParentRunner.java:306)
org.junit.runners.BlockJUnit4ClassRunner$1.evaluate(BlockJUnit4ClassRunner.java:100)
org.junit.runners.ParentRunner.runLeaf(ParentRunner.java:366)
org.junit.runners.BlockJUnit4ClassRunner.runChild(BlockJUnit4ClassRunner.java:103)
org.junit.runners.BlockJUnit4ClassRunner.runChild(BlockJUnit4ClassRunner.java:63)
org.junit.runners.ParentRunner$4.run(ParentRunner.java:331)
org.junit.runners.ParentRunner$1.schedule(ParentRunner.java:79)
org.junit.runners.ParentRunner.runChildren(ParentRunner.java:329)
org.junit.runners.ParentRunner.access$100(ParentRunner.java:66)
org.junit.runners.ParentRunner$2.evaluate(ParentRunner.java:293)
org.junit.internal.runners.statements.RunBefores.evaluate(RunBefores.java:26)
org.junit.internal.runners.statements.RunAfters.evaluate(RunAfters.java:27)
org.junit.runners.ParentRunner$3.evaluate(ParentRunner.java:306)
org.junit.runners.ParentRunner.run(ParentRunner.java:413)
org.apache.maven.surefire.junit4.JUnit4Provider.execute(JUnit4Provider.java:316)
org.apache.maven.surefire.junit4.JUnit4Provider.executeWithRerun(JUnit4Provider.java:240)
org.apache.maven.surefire.junit4.JUnit4Provider.executeTestSet(JUnit4Provider.java:214)
org.apache.maven.surefire.junit4.JUnit4Provider.invoke(JUnit4Provider.java:155)
org.apache.maven.surefire.booter.ForkedBooter.runSuitesInProcess(ForkedBooter.java:385)
org.apache.maven.surefire.booter.ForkedBooter.execute(ForkedBooter.java:162)
org.apache.maven.surefire.booter.ForkedBooter.run(ForkedBooter.java:507)
org.apache.maven.surefire.booter.ForkedBooter.main(ForkedBooter.java:495)

	at org.evosuite.runtime.sandbox.MSecurityManager.checkPermission(MSecurityManager.java:436)
	at java.lang.SecurityManager.checkLink(SecurityManager.java:835)
	at java.lang.Runtime.load0(Runtime.java:776)
	at java.lang.System.load(System.java:1100)
	at org.xerial.snappy.SnappyLoader.loadNativeLibrary(SnappyLoader.java:198)
	at org.xerial.snappy.SnappyLoader.loadSnappyApi(SnappyLoader.java:167)
	at org.xerial.snappy.Snappy.init(Snappy.java:69)
	at org.xerial.snappy.Snappy.__STATIC_RESET(Snappy.java:46)
	at sun.reflect.NativeMethodAccessorImpl.invoke0(Native Method)
	at sun.reflect.NativeMethodAccessorImpl.invoke(NativeMethodAccessorImpl.java:62)
	at sun.reflect.DelegatingMethodAccessorImpl.invoke(DelegatingMethodAccessorImpl.java:43)
	at java.lang.reflect.Method.invoke(Method.java:498)
	at org.evosuite.runtime.classhandling.ClassResetter.reset(ClassResetter.java:159)
	at org.evosuite.runtime.classhandling.ClassStateSupport.resetClasses(ClassStateSupport.java:137)
	at org.apache.avro.file.DataFileWriter_ESTest_scaffolding.resetClasses(DataFileWriter_ESTest_scaffolding.java:644)
	at org.apache.avro.file.DataFileWriter_ESTest_scaffolding.doneWithTestCase(DataFileWriter_ESTest_scaffolding.java:68)
	at sun.reflect.NativeMethodAccessorImpl.invoke0(Native Method)
	at sun.reflect.NativeMethodAccessorImpl.invoke(NativeMethodAccessorImpl.java:62)
	at sun.reflect.DelegatingMethodAccessorImpl.invoke(DelegatingMethodAccessorImpl.java:43)
	at java.lang.reflect.Method.invoke(Method.java:498)
	at org.junit.runners.model.FrameworkMethod$1.runReflectiveCall(FrameworkMethod.java:59)
	at org.junit.internal.runners.model.ReflectiveCallable.run(ReflectiveCallable.java:12)
	at org.junit.runners.model.FrameworkMethod.invokeExplosively(FrameworkMethod.java:56)
	at org.junit.internal.runners.statements.RunAfters.invokeMethod(RunAfters.java:46)
	at org.junit.internal.runners.statements.RunAfters.evaluate(RunAfters.java:33)
	at org.evosuite.runtime.vnet.NonFunctionalRequirementRule$1.evaluate(NonFunctionalRequirementRule.java:41)
	at org.junit.runners.ParentRunner$3.evaluate(ParentRunner.java:306)
	at org.junit.runners.BlockJUnit4ClassRunner$1.evaluate(BlockJUnit4ClassRunner.java:100)
	at org.junit.runners.ParentRunner.runLeaf(ParentRunner.java:366)
	at org.junit.runners.BlockJUnit4ClassRunner.runChild(BlockJUnit4ClassRunner.java:103)
	at org.junit.runners.BlockJUnit4ClassRunner.runChild(BlockJUnit4ClassRunner.java:63)
	at org.junit.runners.ParentRunner$4.run(ParentRunner.java:331)
	at org.junit.runners.ParentRunner$1.schedule(ParentRunner.java:79)
	at org.junit.runners.ParentRunner.runChildren(ParentRunner.java:329)
	at org.junit.runners.ParentRunner.access$100(ParentRunner.java:66)
	at org.junit.runners.ParentRunner$2.evaluate(ParentRunner.java:293)
	at org.junit.internal.runners.statements.RunBefores.evaluate(RunBefores.java:26)
	at org.junit.internal.runners.statements.RunAfters.evaluate(RunAfters.java:27)
	at org.junit.runners.ParentRunner$3.evaluate(ParentRunner.java:306)
	at org.junit.runners.ParentRunner.run(ParentRunner.java:413)
	at org.apache.maven.surefire.junit4.JUnit4Provider.execute(JUnit4Provider.java:316)
	at org.apache.maven.surefire.junit4.JUnit4Provider.executeWithRerun(JUnit4Provider.java:240)
	at org.apache.maven.surefire.junit4.JUnit4Provider.executeTestSet(JUnit4Provider.java:214)
	at org.apache.maven.surefire.junit4.JUnit4Provider.invoke(JUnit4Provider.java:155)
	at org.apache.maven.surefire.booter.ForkedBooter.runSuitesInProcess(ForkedBooter.java:385)
	at org.apache.maven.surefire.booter.ForkedBooter.execute(ForkedBooter.java:162)
	at org.apache.maven.surefire.booter.ForkedBooter.run(ForkedBooter.java:507)
	at org.apache.maven.surefire.booter.ForkedBooter.main(ForkedBooter.java:495)
]]></system-err>
  </testcase>
  <testcase name="test72" classname="org.apache.avro.file.DataFileWriter_ESTest" time="0.186">
    <system-err><![CDATA[java.lang.SecurityException: Security manager blocks ("java.lang.RuntimePermission" "loadLibrary./tmp/snappy-1.1.8-00000000-0100-4000-8200-000003000000-libsnappyjava.so")
java.lang.Thread.getStackTrace(Thread.java:1564)
org.evosuite.runtime.sandbox.MSecurityManager.checkPermission(MSecurityManager.java:424)
java.lang.SecurityManager.checkLink(SecurityManager.java:835)
java.lang.Runtime.load0(Runtime.java:776)
java.lang.System.load(System.java:1100)
org.xerial.snappy.SnappyLoader.loadNativeLibrary(SnappyLoader.java:198)
org.xerial.snappy.SnappyLoader.loadSnappyApi(SnappyLoader.java:167)
org.xerial.snappy.Snappy.init(Snappy.java:69)
org.xerial.snappy.Snappy.__STATIC_RESET(Snappy.java:46)
sun.reflect.NativeMethodAccessorImpl.invoke0(Native Method)
sun.reflect.NativeMethodAccessorImpl.invoke(NativeMethodAccessorImpl.java:62)
sun.reflect.DelegatingMethodAccessorImpl.invoke(DelegatingMethodAccessorImpl.java:43)
java.lang.reflect.Method.invoke(Method.java:498)
org.evosuite.runtime.classhandling.ClassResetter.reset(ClassResetter.java:159)
org.evosuite.runtime.classhandling.ClassStateSupport.resetClasses(ClassStateSupport.java:137)
org.apache.avro.file.DataFileWriter_ESTest_scaffolding.resetClasses(DataFileWriter_ESTest_scaffolding.java:644)
org.apache.avro.file.DataFileWriter_ESTest_scaffolding.doneWithTestCase(DataFileWriter_ESTest_scaffolding.java:68)
sun.reflect.NativeMethodAccessorImpl.invoke0(Native Method)
sun.reflect.NativeMethodAccessorImpl.invoke(NativeMethodAccessorImpl.java:62)
sun.reflect.DelegatingMethodAccessorImpl.invoke(DelegatingMethodAccessorImpl.java:43)
java.lang.reflect.Method.invoke(Method.java:498)
org.junit.runners.model.FrameworkMethod$1.runReflectiveCall(FrameworkMethod.java:59)
org.junit.internal.runners.model.ReflectiveCallable.run(ReflectiveCallable.java:12)
org.junit.runners.model.FrameworkMethod.invokeExplosively(FrameworkMethod.java:56)
org.junit.internal.runners.statements.RunAfters.invokeMethod(RunAfters.java:46)
org.junit.internal.runners.statements.RunAfters.evaluate(RunAfters.java:33)
org.evosuite.runtime.vnet.NonFunctionalRequirementRule$1.evaluate(NonFunctionalRequirementRule.java:41)
org.junit.runners.ParentRunner$3.evaluate(ParentRunner.java:306)
org.junit.runners.BlockJUnit4ClassRunner$1.evaluate(BlockJUnit4ClassRunner.java:100)
org.junit.runners.ParentRunner.runLeaf(ParentRunner.java:366)
org.junit.runners.BlockJUnit4ClassRunner.runChild(BlockJUnit4ClassRunner.java:103)
org.junit.runners.BlockJUnit4ClassRunner.runChild(BlockJUnit4ClassRunner.java:63)
org.junit.runners.ParentRunner$4.run(ParentRunner.java:331)
org.junit.runners.ParentRunner$1.schedule(ParentRunner.java:79)
org.junit.runners.ParentRunner.runChildren(ParentRunner.java:329)
org.junit.runners.ParentRunner.access$100(ParentRunner.java:66)
org.junit.runners.ParentRunner$2.evaluate(ParentRunner.java:293)
org.junit.internal.runners.statements.RunBefores.evaluate(RunBefores.java:26)
org.junit.internal.runners.statements.RunAfters.evaluate(RunAfters.java:27)
org.junit.runners.ParentRunner$3.evaluate(ParentRunner.java:306)
org.junit.runners.ParentRunner.run(ParentRunner.java:413)
org.apache.maven.surefire.junit4.JUnit4Provider.execute(JUnit4Provider.java:316)
org.apache.maven.surefire.junit4.JUnit4Provider.executeWithRerun(JUnit4Provider.java:240)
org.apache.maven.surefire.junit4.JUnit4Provider.executeTestSet(JUnit4Provider.java:214)
org.apache.maven.surefire.junit4.JUnit4Provider.invoke(JUnit4Provider.java:155)
org.apache.maven.surefire.booter.ForkedBooter.runSuitesInProcess(ForkedBooter.java:385)
org.apache.maven.surefire.booter.ForkedBooter.execute(ForkedBooter.java:162)
org.apache.maven.surefire.booter.ForkedBooter.run(ForkedBooter.java:507)
org.apache.maven.surefire.booter.ForkedBooter.main(ForkedBooter.java:495)

	at org.evosuite.runtime.sandbox.MSecurityManager.checkPermission(MSecurityManager.java:436)
	at java.lang.SecurityManager.checkLink(SecurityManager.java:835)
	at java.lang.Runtime.load0(Runtime.java:776)
	at java.lang.System.load(System.java:1100)
	at org.xerial.snappy.SnappyLoader.loadNativeLibrary(SnappyLoader.java:198)
	at org.xerial.snappy.SnappyLoader.loadSnappyApi(SnappyLoader.java:167)
	at org.xerial.snappy.Snappy.init(Snappy.java:69)
	at org.xerial.snappy.Snappy.__STATIC_RESET(Snappy.java:46)
	at sun.reflect.NativeMethodAccessorImpl.invoke0(Native Method)
	at sun.reflect.NativeMethodAccessorImpl.invoke(NativeMethodAccessorImpl.java:62)
	at sun.reflect.DelegatingMethodAccessorImpl.invoke(DelegatingMethodAccessorImpl.java:43)
	at java.lang.reflect.Method.invoke(Method.java:498)
	at org.evosuite.runtime.classhandling.ClassResetter.reset(ClassResetter.java:159)
	at org.evosuite.runtime.classhandling.ClassStateSupport.resetClasses(ClassStateSupport.java:137)
	at org.apache.avro.file.DataFileWriter_ESTest_scaffolding.resetClasses(DataFileWriter_ESTest_scaffolding.java:644)
	at org.apache.avro.file.DataFileWriter_ESTest_scaffolding.doneWithTestCase(DataFileWriter_ESTest_scaffolding.java:68)
	at sun.reflect.NativeMethodAccessorImpl.invoke0(Native Method)
	at sun.reflect.NativeMethodAccessorImpl.invoke(NativeMethodAccessorImpl.java:62)
	at sun.reflect.DelegatingMethodAccessorImpl.invoke(DelegatingMethodAccessorImpl.java:43)
	at java.lang.reflect.Method.invoke(Method.java:498)
	at org.junit.runners.model.FrameworkMethod$1.runReflectiveCall(FrameworkMethod.java:59)
	at org.junit.internal.runners.model.ReflectiveCallable.run(ReflectiveCallable.java:12)
	at org.junit.runners.model.FrameworkMethod.invokeExplosively(FrameworkMethod.java:56)
	at org.junit.internal.runners.statements.RunAfters.invokeMethod(RunAfters.java:46)
	at org.junit.internal.runners.statements.RunAfters.evaluate(RunAfters.java:33)
	at org.evosuite.runtime.vnet.NonFunctionalRequirementRule$1.evaluate(NonFunctionalRequirementRule.java:41)
	at org.junit.runners.ParentRunner$3.evaluate(ParentRunner.java:306)
	at org.junit.runners.BlockJUnit4ClassRunner$1.evaluate(BlockJUnit4ClassRunner.java:100)
	at org.junit.runners.ParentRunner.runLeaf(ParentRunner.java:366)
	at org.junit.runners.BlockJUnit4ClassRunner.runChild(BlockJUnit4ClassRunner.java:103)
	at org.junit.runners.BlockJUnit4ClassRunner.runChild(BlockJUnit4ClassRunner.java:63)
	at org.junit.runners.ParentRunner$4.run(ParentRunner.java:331)
	at org.junit.runners.ParentRunner$1.schedule(ParentRunner.java:79)
	at org.junit.runners.ParentRunner.runChildren(ParentRunner.java:329)
	at org.junit.runners.ParentRunner.access$100(ParentRunner.java:66)
	at org.junit.runners.ParentRunner$2.evaluate(ParentRunner.java:293)
	at org.junit.internal.runners.statements.RunBefores.evaluate(RunBefores.java:26)
	at org.junit.internal.runners.statements.RunAfters.evaluate(RunAfters.java:27)
	at org.junit.runners.ParentRunner$3.evaluate(ParentRunner.java:306)
	at org.junit.runners.ParentRunner.run(ParentRunner.java:413)
	at org.apache.maven.surefire.junit4.JUnit4Provider.execute(JUnit4Provider.java:316)
	at org.apache.maven.surefire.junit4.JUnit4Provider.executeWithRerun(JUnit4Provider.java:240)
	at org.apache.maven.surefire.junit4.JUnit4Provider.executeTestSet(JUnit4Provider.java:214)
	at org.apache.maven.surefire.junit4.JUnit4Provider.invoke(JUnit4Provider.java:155)
	at org.apache.maven.surefire.booter.ForkedBooter.runSuitesInProcess(ForkedBooter.java:385)
	at org.apache.maven.surefire.booter.ForkedBooter.execute(ForkedBooter.java:162)
	at org.apache.maven.surefire.booter.ForkedBooter.run(ForkedBooter.java:507)
	at org.apache.maven.surefire.booter.ForkedBooter.main(ForkedBooter.java:495)
]]></system-err>
  </testcase>
  <testcase name="test70" classname="org.apache.avro.file.DataFileWriter_ESTest" time="0.181">
    <system-err><![CDATA[[main] INFO org.evosuite.runtime.thread.ThreadStopper - Found new thread
java.lang.SecurityException: Security manager blocks ("java.lang.RuntimePermission" "loadLibrary./tmp/snappy-1.1.8-00000000-0100-4000-8200-000003000000-libsnappyjava.so")
java.lang.Thread.getStackTrace(Thread.java:1564)
org.evosuite.runtime.sandbox.MSecurityManager.checkPermission(MSecurityManager.java:424)
java.lang.SecurityManager.checkLink(SecurityManager.java:835)
java.lang.Runtime.load0(Runtime.java:776)
java.lang.System.load(System.java:1100)
org.xerial.snappy.SnappyLoader.loadNativeLibrary(SnappyLoader.java:198)
org.xerial.snappy.SnappyLoader.loadSnappyApi(SnappyLoader.java:167)
org.xerial.snappy.Snappy.init(Snappy.java:69)
org.xerial.snappy.Snappy.__STATIC_RESET(Snappy.java:46)
sun.reflect.NativeMethodAccessorImpl.invoke0(Native Method)
sun.reflect.NativeMethodAccessorImpl.invoke(NativeMethodAccessorImpl.java:62)
sun.reflect.DelegatingMethodAccessorImpl.invoke(DelegatingMethodAccessorImpl.java:43)
java.lang.reflect.Method.invoke(Method.java:498)
org.evosuite.runtime.classhandling.ClassResetter.reset(ClassResetter.java:159)
org.evosuite.runtime.classhandling.ClassStateSupport.resetClasses(ClassStateSupport.java:137)
org.apache.avro.file.DataFileWriter_ESTest_scaffolding.resetClasses(DataFileWriter_ESTest_scaffolding.java:644)
org.apache.avro.file.DataFileWriter_ESTest_scaffolding.doneWithTestCase(DataFileWriter_ESTest_scaffolding.java:68)
sun.reflect.NativeMethodAccessorImpl.invoke0(Native Method)
sun.reflect.NativeMethodAccessorImpl.invoke(NativeMethodAccessorImpl.java:62)
sun.reflect.DelegatingMethodAccessorImpl.invoke(DelegatingMethodAccessorImpl.java:43)
java.lang.reflect.Method.invoke(Method.java:498)
org.junit.runners.model.FrameworkMethod$1.runReflectiveCall(FrameworkMethod.java:59)
org.junit.internal.runners.model.ReflectiveCallable.run(ReflectiveCallable.java:12)
org.junit.runners.model.FrameworkMethod.invokeExplosively(FrameworkMethod.java:56)
org.junit.internal.runners.statements.RunAfters.invokeMethod(RunAfters.java:46)
org.junit.internal.runners.statements.RunAfters.evaluate(RunAfters.java:33)
org.evosuite.runtime.vnet.NonFunctionalRequirementRule$1.evaluate(NonFunctionalRequirementRule.java:41)
org.junit.runners.ParentRunner$3.evaluate(ParentRunner.java:306)
org.junit.runners.BlockJUnit4ClassRunner$1.evaluate(BlockJUnit4ClassRunner.java:100)
org.junit.runners.ParentRunner.runLeaf(ParentRunner.java:366)
org.junit.runners.BlockJUnit4ClassRunner.runChild(BlockJUnit4ClassRunner.java:103)
org.junit.runners.BlockJUnit4ClassRunner.runChild(BlockJUnit4ClassRunner.java:63)
org.junit.runners.ParentRunner$4.run(ParentRunner.java:331)
org.junit.runners.ParentRunner$1.schedule(ParentRunner.java:79)
org.junit.runners.ParentRunner.runChildren(ParentRunner.java:329)
org.junit.runners.ParentRunner.access$100(ParentRunner.java:66)
org.junit.runners.ParentRunner$2.evaluate(ParentRunner.java:293)
org.junit.internal.runners.statements.RunBefores.evaluate(RunBefores.java:26)
org.junit.internal.runners.statements.RunAfters.evaluate(RunAfters.java:27)
org.junit.runners.ParentRunner$3.evaluate(ParentRunner.java:306)
org.junit.runners.ParentRunner.run(ParentRunner.java:413)
org.apache.maven.surefire.junit4.JUnit4Provider.execute(JUnit4Provider.java:316)
org.apache.maven.surefire.junit4.JUnit4Provider.executeWithRerun(JUnit4Provider.java:240)
org.apache.maven.surefire.junit4.JUnit4Provider.executeTestSet(JUnit4Provider.java:214)
org.apache.maven.surefire.junit4.JUnit4Provider.invoke(JUnit4Provider.java:155)
org.apache.maven.surefire.booter.ForkedBooter.runSuitesInProcess(ForkedBooter.java:385)
org.apache.maven.surefire.booter.ForkedBooter.execute(ForkedBooter.java:162)
org.apache.maven.surefire.booter.ForkedBooter.run(ForkedBooter.java:507)
org.apache.maven.surefire.booter.ForkedBooter.main(ForkedBooter.java:495)

	at org.evosuite.runtime.sandbox.MSecurityManager.checkPermission(MSecurityManager.java:436)
	at java.lang.SecurityManager.checkLink(SecurityManager.java:835)
	at java.lang.Runtime.load0(Runtime.java:776)
	at java.lang.System.load(System.java:1100)
	at org.xerial.snappy.SnappyLoader.loadNativeLibrary(SnappyLoader.java:198)
	at org.xerial.snappy.SnappyLoader.loadSnappyApi(SnappyLoader.java:167)
	at org.xerial.snappy.Snappy.init(Snappy.java:69)
	at org.xerial.snappy.Snappy.__STATIC_RESET(Snappy.java:46)
	at sun.reflect.NativeMethodAccessorImpl.invoke0(Native Method)
	at sun.reflect.NativeMethodAccessorImpl.invoke(NativeMethodAccessorImpl.java:62)
	at sun.reflect.DelegatingMethodAccessorImpl.invoke(DelegatingMethodAccessorImpl.java:43)
	at java.lang.reflect.Method.invoke(Method.java:498)
	at org.evosuite.runtime.classhandling.ClassResetter.reset(ClassResetter.java:159)
	at org.evosuite.runtime.classhandling.ClassStateSupport.resetClasses(ClassStateSupport.java:137)
	at org.apache.avro.file.DataFileWriter_ESTest_scaffolding.resetClasses(DataFileWriter_ESTest_scaffolding.java:644)
	at org.apache.avro.file.DataFileWriter_ESTest_scaffolding.doneWithTestCase(DataFileWriter_ESTest_scaffolding.java:68)
	at sun.reflect.NativeMethodAccessorImpl.invoke0(Native Method)
	at sun.reflect.NativeMethodAccessorImpl.invoke(NativeMethodAccessorImpl.java:62)
	at sun.reflect.DelegatingMethodAccessorImpl.invoke(DelegatingMethodAccessorImpl.java:43)
	at java.lang.reflect.Method.invoke(Method.java:498)
	at org.junit.runners.model.FrameworkMethod$1.runReflectiveCall(FrameworkMethod.java:59)
	at org.junit.internal.runners.model.ReflectiveCallable.run(ReflectiveCallable.java:12)
	at org.junit.runners.model.FrameworkMethod.invokeExplosively(FrameworkMethod.java:56)
	at org.junit.internal.runners.statements.RunAfters.invokeMethod(RunAfters.java:46)
	at org.junit.internal.runners.statements.RunAfters.evaluate(RunAfters.java:33)
	at org.evosuite.runtime.vnet.NonFunctionalRequirementRule$1.evaluate(NonFunctionalRequirementRule.java:41)
	at org.junit.runners.ParentRunner$3.evaluate(ParentRunner.java:306)
	at org.junit.runners.BlockJUnit4ClassRunner$1.evaluate(BlockJUnit4ClassRunner.java:100)
	at org.junit.runners.ParentRunner.runLeaf(ParentRunner.java:366)
	at org.junit.runners.BlockJUnit4ClassRunner.runChild(BlockJUnit4ClassRunner.java:103)
	at org.junit.runners.BlockJUnit4ClassRunner.runChild(BlockJUnit4ClassRunner.java:63)
	at org.junit.runners.ParentRunner$4.run(ParentRunner.java:331)
	at org.junit.runners.ParentRunner$1.schedule(ParentRunner.java:79)
	at org.junit.runners.ParentRunner.runChildren(ParentRunner.java:329)
	at org.junit.runners.ParentRunner.access$100(ParentRunner.java:66)
	at org.junit.runners.ParentRunner$2.evaluate(ParentRunner.java:293)
	at org.junit.internal.runners.statements.RunBefores.evaluate(RunBefores.java:26)
	at org.junit.internal.runners.statements.RunAfters.evaluate(RunAfters.java:27)
	at org.junit.runners.ParentRunner$3.evaluate(ParentRunner.java:306)
	at org.junit.runners.ParentRunner.run(ParentRunner.java:413)
	at org.apache.maven.surefire.junit4.JUnit4Provider.execute(JUnit4Provider.java:316)
	at org.apache.maven.surefire.junit4.JUnit4Provider.executeWithRerun(JUnit4Provider.java:240)
	at org.apache.maven.surefire.junit4.JUnit4Provider.executeTestSet(JUnit4Provider.java:214)
	at org.apache.maven.surefire.junit4.JUnit4Provider.invoke(JUnit4Provider.java:155)
	at org.apache.maven.surefire.booter.ForkedBooter.runSuitesInProcess(ForkedBooter.java:385)
	at org.apache.maven.surefire.booter.ForkedBooter.execute(ForkedBooter.java:162)
	at org.apache.maven.surefire.booter.ForkedBooter.run(ForkedBooter.java:507)
	at org.apache.maven.surefire.booter.ForkedBooter.main(ForkedBooter.java:495)
]]></system-err>
  </testcase>
  <testcase name="test39" classname="org.apache.avro.file.DataFileWriter_ESTest" time="0.26">
    <system-err><![CDATA[java.lang.SecurityException: Security manager blocks ("java.lang.RuntimePermission" "loadLibrary./tmp/snappy-1.1.8-00000000-0100-4000-8200-000003000000-libsnappyjava.so")
java.lang.Thread.getStackTrace(Thread.java:1564)
org.evosuite.runtime.sandbox.MSecurityManager.checkPermission(MSecurityManager.java:424)
java.lang.SecurityManager.checkLink(SecurityManager.java:835)
java.lang.Runtime.load0(Runtime.java:776)
java.lang.System.load(System.java:1100)
org.xerial.snappy.SnappyLoader.loadNativeLibrary(SnappyLoader.java:198)
org.xerial.snappy.SnappyLoader.loadSnappyApi(SnappyLoader.java:167)
org.xerial.snappy.Snappy.init(Snappy.java:69)
org.xerial.snappy.Snappy.__STATIC_RESET(Snappy.java:46)
sun.reflect.NativeMethodAccessorImpl.invoke0(Native Method)
sun.reflect.NativeMethodAccessorImpl.invoke(NativeMethodAccessorImpl.java:62)
sun.reflect.DelegatingMethodAccessorImpl.invoke(DelegatingMethodAccessorImpl.java:43)
java.lang.reflect.Method.invoke(Method.java:498)
org.evosuite.runtime.classhandling.ClassResetter.reset(ClassResetter.java:159)
org.evosuite.runtime.classhandling.ClassStateSupport.resetClasses(ClassStateSupport.java:137)
org.apache.avro.file.DataFileWriter_ESTest_scaffolding.resetClasses(DataFileWriter_ESTest_scaffolding.java:644)
org.apache.avro.file.DataFileWriter_ESTest_scaffolding.doneWithTestCase(DataFileWriter_ESTest_scaffolding.java:68)
sun.reflect.NativeMethodAccessorImpl.invoke0(Native Method)
sun.reflect.NativeMethodAccessorImpl.invoke(NativeMethodAccessorImpl.java:62)
sun.reflect.DelegatingMethodAccessorImpl.invoke(DelegatingMethodAccessorImpl.java:43)
java.lang.reflect.Method.invoke(Method.java:498)
org.junit.runners.model.FrameworkMethod$1.runReflectiveCall(FrameworkMethod.java:59)
org.junit.internal.runners.model.ReflectiveCallable.run(ReflectiveCallable.java:12)
org.junit.runners.model.FrameworkMethod.invokeExplosively(FrameworkMethod.java:56)
org.junit.internal.runners.statements.RunAfters.invokeMethod(RunAfters.java:46)
org.junit.internal.runners.statements.RunAfters.evaluate(RunAfters.java:33)
org.evosuite.runtime.vnet.NonFunctionalRequirementRule$1.evaluate(NonFunctionalRequirementRule.java:41)
org.junit.runners.ParentRunner$3.evaluate(ParentRunner.java:306)
org.junit.runners.BlockJUnit4ClassRunner$1.evaluate(BlockJUnit4ClassRunner.java:100)
org.junit.runners.ParentRunner.runLeaf(ParentRunner.java:366)
org.junit.runners.BlockJUnit4ClassRunner.runChild(BlockJUnit4ClassRunner.java:103)
org.junit.runners.BlockJUnit4ClassRunner.runChild(BlockJUnit4ClassRunner.java:63)
org.junit.runners.ParentRunner$4.run(ParentRunner.java:331)
org.junit.runners.ParentRunner$1.schedule(ParentRunner.java:79)
org.junit.runners.ParentRunner.runChildren(ParentRunner.java:329)
org.junit.runners.ParentRunner.access$100(ParentRunner.java:66)
org.junit.runners.ParentRunner$2.evaluate(ParentRunner.java:293)
org.junit.internal.runners.statements.RunBefores.evaluate(RunBefores.java:26)
org.junit.internal.runners.statements.RunAfters.evaluate(RunAfters.java:27)
org.junit.runners.ParentRunner$3.evaluate(ParentRunner.java:306)
org.junit.runners.ParentRunner.run(ParentRunner.java:413)
org.apache.maven.surefire.junit4.JUnit4Provider.execute(JUnit4Provider.java:316)
org.apache.maven.surefire.junit4.JUnit4Provider.executeWithRerun(JUnit4Provider.java:240)
org.apache.maven.surefire.junit4.JUnit4Provider.executeTestSet(JUnit4Provider.java:214)
org.apache.maven.surefire.junit4.JUnit4Provider.invoke(JUnit4Provider.java:155)
org.apache.maven.surefire.booter.ForkedBooter.runSuitesInProcess(ForkedBooter.java:385)
org.apache.maven.surefire.booter.ForkedBooter.execute(ForkedBooter.java:162)
org.apache.maven.surefire.booter.ForkedBooter.run(ForkedBooter.java:507)
org.apache.maven.surefire.booter.ForkedBooter.main(ForkedBooter.java:495)

	at org.evosuite.runtime.sandbox.MSecurityManager.checkPermission(MSecurityManager.java:436)
	at java.lang.SecurityManager.checkLink(SecurityManager.java:835)
	at java.lang.Runtime.load0(Runtime.java:776)
	at java.lang.System.load(System.java:1100)
	at org.xerial.snappy.SnappyLoader.loadNativeLibrary(SnappyLoader.java:198)
	at org.xerial.snappy.SnappyLoader.loadSnappyApi(SnappyLoader.java:167)
	at org.xerial.snappy.Snappy.init(Snappy.java:69)
	at org.xerial.snappy.Snappy.__STATIC_RESET(Snappy.java:46)
	at sun.reflect.NativeMethodAccessorImpl.invoke0(Native Method)
	at sun.reflect.NativeMethodAccessorImpl.invoke(NativeMethodAccessorImpl.java:62)
	at sun.reflect.DelegatingMethodAccessorImpl.invoke(DelegatingMethodAccessorImpl.java:43)
	at java.lang.reflect.Method.invoke(Method.java:498)
	at org.evosuite.runtime.classhandling.ClassResetter.reset(ClassResetter.java:159)
	at org.evosuite.runtime.classhandling.ClassStateSupport.resetClasses(ClassStateSupport.java:137)
	at org.apache.avro.file.DataFileWriter_ESTest_scaffolding.resetClasses(DataFileWriter_ESTest_scaffolding.java:644)
	at org.apache.avro.file.DataFileWriter_ESTest_scaffolding.doneWithTestCase(DataFileWriter_ESTest_scaffolding.java:68)
	at sun.reflect.NativeMethodAccessorImpl.invoke0(Native Method)
	at sun.reflect.NativeMethodAccessorImpl.invoke(NativeMethodAccessorImpl.java:62)
	at sun.reflect.DelegatingMethodAccessorImpl.invoke(DelegatingMethodAccessorImpl.java:43)
	at java.lang.reflect.Method.invoke(Method.java:498)
	at org.junit.runners.model.FrameworkMethod$1.runReflectiveCall(FrameworkMethod.java:59)
	at org.junit.internal.runners.model.ReflectiveCallable.run(ReflectiveCallable.java:12)
	at org.junit.runners.model.FrameworkMethod.invokeExplosively(FrameworkMethod.java:56)
	at org.junit.internal.runners.statements.RunAfters.invokeMethod(RunAfters.java:46)
	at org.junit.internal.runners.statements.RunAfters.evaluate(RunAfters.java:33)
	at org.evosuite.runtime.vnet.NonFunctionalRequirementRule$1.evaluate(NonFunctionalRequirementRule.java:41)
	at org.junit.runners.ParentRunner$3.evaluate(ParentRunner.java:306)
	at org.junit.runners.BlockJUnit4ClassRunner$1.evaluate(BlockJUnit4ClassRunner.java:100)
	at org.junit.runners.ParentRunner.runLeaf(ParentRunner.java:366)
	at org.junit.runners.BlockJUnit4ClassRunner.runChild(BlockJUnit4ClassRunner.java:103)
	at org.junit.runners.BlockJUnit4ClassRunner.runChild(BlockJUnit4ClassRunner.java:63)
	at org.junit.runners.ParentRunner$4.run(ParentRunner.java:331)
	at org.junit.runners.ParentRunner$1.schedule(ParentRunner.java:79)
	at org.junit.runners.ParentRunner.runChildren(ParentRunner.java:329)
	at org.junit.runners.ParentRunner.access$100(ParentRunner.java:66)
	at org.junit.runners.ParentRunner$2.evaluate(ParentRunner.java:293)
	at org.junit.internal.runners.statements.RunBefores.evaluate(RunBefores.java:26)
	at org.junit.internal.runners.statements.RunAfters.evaluate(RunAfters.java:27)
	at org.junit.runners.ParentRunner$3.evaluate(ParentRunner.java:306)
	at org.junit.runners.ParentRunner.run(ParentRunner.java:413)
	at org.apache.maven.surefire.junit4.JUnit4Provider.execute(JUnit4Provider.java:316)
	at org.apache.maven.surefire.junit4.JUnit4Provider.executeWithRerun(JUnit4Provider.java:240)
	at org.apache.maven.surefire.junit4.JUnit4Provider.executeTestSet(JUnit4Provider.java:214)
	at org.apache.maven.surefire.junit4.JUnit4Provider.invoke(JUnit4Provider.java:155)
	at org.apache.maven.surefire.booter.ForkedBooter.runSuitesInProcess(ForkedBooter.java:385)
	at org.apache.maven.surefire.booter.ForkedBooter.execute(ForkedBooter.java:162)
	at org.apache.maven.surefire.booter.ForkedBooter.run(ForkedBooter.java:507)
	at org.apache.maven.surefire.booter.ForkedBooter.main(ForkedBooter.java:495)
]]></system-err>
  </testcase>
  <testcase name="test37" classname="org.apache.avro.file.DataFileWriter_ESTest" time="0.192">
    <system-err><![CDATA[java.lang.SecurityException: Security manager blocks ("java.lang.RuntimePermission" "loadLibrary./tmp/snappy-1.1.8-00000000-0100-4000-8200-000003000000-libsnappyjava.so")
java.lang.Thread.getStackTrace(Thread.java:1564)
org.evosuite.runtime.sandbox.MSecurityManager.checkPermission(MSecurityManager.java:424)
java.lang.SecurityManager.checkLink(SecurityManager.java:835)
java.lang.Runtime.load0(Runtime.java:776)
java.lang.System.load(System.java:1100)
org.xerial.snappy.SnappyLoader.loadNativeLibrary(SnappyLoader.java:198)
org.xerial.snappy.SnappyLoader.loadSnappyApi(SnappyLoader.java:167)
org.xerial.snappy.Snappy.init(Snappy.java:69)
org.xerial.snappy.Snappy.__STATIC_RESET(Snappy.java:46)
sun.reflect.NativeMethodAccessorImpl.invoke0(Native Method)
sun.reflect.NativeMethodAccessorImpl.invoke(NativeMethodAccessorImpl.java:62)
sun.reflect.DelegatingMethodAccessorImpl.invoke(DelegatingMethodAccessorImpl.java:43)
java.lang.reflect.Method.invoke(Method.java:498)
org.evosuite.runtime.classhandling.ClassResetter.reset(ClassResetter.java:159)
org.evosuite.runtime.classhandling.ClassStateSupport.resetClasses(ClassStateSupport.java:137)
org.apache.avro.file.DataFileWriter_ESTest_scaffolding.resetClasses(DataFileWriter_ESTest_scaffolding.java:644)
org.apache.avro.file.DataFileWriter_ESTest_scaffolding.doneWithTestCase(DataFileWriter_ESTest_scaffolding.java:68)
sun.reflect.NativeMethodAccessorImpl.invoke0(Native Method)
sun.reflect.NativeMethodAccessorImpl.invoke(NativeMethodAccessorImpl.java:62)
sun.reflect.DelegatingMethodAccessorImpl.invoke(DelegatingMethodAccessorImpl.java:43)
java.lang.reflect.Method.invoke(Method.java:498)
org.junit.runners.model.FrameworkMethod$1.runReflectiveCall(FrameworkMethod.java:59)
org.junit.internal.runners.model.ReflectiveCallable.run(ReflectiveCallable.java:12)
org.junit.runners.model.FrameworkMethod.invokeExplosively(FrameworkMethod.java:56)
org.junit.internal.runners.statements.RunAfters.invokeMethod(RunAfters.java:46)
org.junit.internal.runners.statements.RunAfters.evaluate(RunAfters.java:33)
org.evosuite.runtime.vnet.NonFunctionalRequirementRule$1.evaluate(NonFunctionalRequirementRule.java:41)
org.junit.runners.ParentRunner$3.evaluate(ParentRunner.java:306)
org.junit.runners.BlockJUnit4ClassRunner$1.evaluate(BlockJUnit4ClassRunner.java:100)
org.junit.runners.ParentRunner.runLeaf(ParentRunner.java:366)
org.junit.runners.BlockJUnit4ClassRunner.runChild(BlockJUnit4ClassRunner.java:103)
org.junit.runners.BlockJUnit4ClassRunner.runChild(BlockJUnit4ClassRunner.java:63)
org.junit.runners.ParentRunner$4.run(ParentRunner.java:331)
org.junit.runners.ParentRunner$1.schedule(ParentRunner.java:79)
org.junit.runners.ParentRunner.runChildren(ParentRunner.java:329)
org.junit.runners.ParentRunner.access$100(ParentRunner.java:66)
org.junit.runners.ParentRunner$2.evaluate(ParentRunner.java:293)
org.junit.internal.runners.statements.RunBefores.evaluate(RunBefores.java:26)
org.junit.internal.runners.statements.RunAfters.evaluate(RunAfters.java:27)
org.junit.runners.ParentRunner$3.evaluate(ParentRunner.java:306)
org.junit.runners.ParentRunner.run(ParentRunner.java:413)
org.apache.maven.surefire.junit4.JUnit4Provider.execute(JUnit4Provider.java:316)
org.apache.maven.surefire.junit4.JUnit4Provider.executeWithRerun(JUnit4Provider.java:240)
org.apache.maven.surefire.junit4.JUnit4Provider.executeTestSet(JUnit4Provider.java:214)
org.apache.maven.surefire.junit4.JUnit4Provider.invoke(JUnit4Provider.java:155)
org.apache.maven.surefire.booter.ForkedBooter.runSuitesInProcess(ForkedBooter.java:385)
org.apache.maven.surefire.booter.ForkedBooter.execute(ForkedBooter.java:162)
org.apache.maven.surefire.booter.ForkedBooter.run(ForkedBooter.java:507)
org.apache.maven.surefire.booter.ForkedBooter.main(ForkedBooter.java:495)

	at org.evosuite.runtime.sandbox.MSecurityManager.checkPermission(MSecurityManager.java:436)
	at java.lang.SecurityManager.checkLink(SecurityManager.java:835)
	at java.lang.Runtime.load0(Runtime.java:776)
	at java.lang.System.load(System.java:1100)
	at org.xerial.snappy.SnappyLoader.loadNativeLibrary(SnappyLoader.java:198)
	at org.xerial.snappy.SnappyLoader.loadSnappyApi(SnappyLoader.java:167)
	at org.xerial.snappy.Snappy.init(Snappy.java:69)
	at org.xerial.snappy.Snappy.__STATIC_RESET(Snappy.java:46)
	at sun.reflect.NativeMethodAccessorImpl.invoke0(Native Method)
	at sun.reflect.NativeMethodAccessorImpl.invoke(NativeMethodAccessorImpl.java:62)
	at sun.reflect.DelegatingMethodAccessorImpl.invoke(DelegatingMethodAccessorImpl.java:43)
	at java.lang.reflect.Method.invoke(Method.java:498)
	at org.evosuite.runtime.classhandling.ClassResetter.reset(ClassResetter.java:159)
	at org.evosuite.runtime.classhandling.ClassStateSupport.resetClasses(ClassStateSupport.java:137)
	at org.apache.avro.file.DataFileWriter_ESTest_scaffolding.resetClasses(DataFileWriter_ESTest_scaffolding.java:644)
	at org.apache.avro.file.DataFileWriter_ESTest_scaffolding.doneWithTestCase(DataFileWriter_ESTest_scaffolding.java:68)
	at sun.reflect.NativeMethodAccessorImpl.invoke0(Native Method)
	at sun.reflect.NativeMethodAccessorImpl.invoke(NativeMethodAccessorImpl.java:62)
	at sun.reflect.DelegatingMethodAccessorImpl.invoke(DelegatingMethodAccessorImpl.java:43)
	at java.lang.reflect.Method.invoke(Method.java:498)
	at org.junit.runners.model.FrameworkMethod$1.runReflectiveCall(FrameworkMethod.java:59)
	at org.junit.internal.runners.model.ReflectiveCallable.run(ReflectiveCallable.java:12)
	at org.junit.runners.model.FrameworkMethod.invokeExplosively(FrameworkMethod.java:56)
	at org.junit.internal.runners.statements.RunAfters.invokeMethod(RunAfters.java:46)
	at org.junit.internal.runners.statements.RunAfters.evaluate(RunAfters.java:33)
	at org.evosuite.runtime.vnet.NonFunctionalRequirementRule$1.evaluate(NonFunctionalRequirementRule.java:41)
	at org.junit.runners.ParentRunner$3.evaluate(ParentRunner.java:306)
	at org.junit.runners.BlockJUnit4ClassRunner$1.evaluate(BlockJUnit4ClassRunner.java:100)
	at org.junit.runners.ParentRunner.runLeaf(ParentRunner.java:366)
	at org.junit.runners.BlockJUnit4ClassRunner.runChild(BlockJUnit4ClassRunner.java:103)
	at org.junit.runners.BlockJUnit4ClassRunner.runChild(BlockJUnit4ClassRunner.java:63)
	at org.junit.runners.ParentRunner$4.run(ParentRunner.java:331)
	at org.junit.runners.ParentRunner$1.schedule(ParentRunner.java:79)
	at org.junit.runners.ParentRunner.runChildren(ParentRunner.java:329)
	at org.junit.runners.ParentRunner.access$100(ParentRunner.java:66)
	at org.junit.runners.ParentRunner$2.evaluate(ParentRunner.java:293)
	at org.junit.internal.runners.statements.RunBefores.evaluate(RunBefores.java:26)
	at org.junit.internal.runners.statements.RunAfters.evaluate(RunAfters.java:27)
	at org.junit.runners.ParentRunner$3.evaluate(ParentRunner.java:306)
	at org.junit.runners.ParentRunner.run(ParentRunner.java:413)
	at org.apache.maven.surefire.junit4.JUnit4Provider.execute(JUnit4Provider.java:316)
	at org.apache.maven.surefire.junit4.JUnit4Provider.executeWithRerun(JUnit4Provider.java:240)
	at org.apache.maven.surefire.junit4.JUnit4Provider.executeTestSet(JUnit4Provider.java:214)
	at org.apache.maven.surefire.junit4.JUnit4Provider.invoke(JUnit4Provider.java:155)
	at org.apache.maven.surefire.booter.ForkedBooter.runSuitesInProcess(ForkedBooter.java:385)
	at org.apache.maven.surefire.booter.ForkedBooter.execute(ForkedBooter.java:162)
	at org.apache.maven.surefire.booter.ForkedBooter.run(ForkedBooter.java:507)
	at org.apache.maven.surefire.booter.ForkedBooter.main(ForkedBooter.java:495)
]]></system-err>
  </testcase>
  <testcase name="test38" classname="org.apache.avro.file.DataFileWriter_ESTest" time="0.188">
    <system-err><![CDATA[java.lang.SecurityException: Security manager blocks ("java.lang.RuntimePermission" "loadLibrary./tmp/snappy-1.1.8-00000000-0100-4000-8200-000003000000-libsnappyjava.so")
java.lang.Thread.getStackTrace(Thread.java:1564)
org.evosuite.runtime.sandbox.MSecurityManager.checkPermission(MSecurityManager.java:424)
java.lang.SecurityManager.checkLink(SecurityManager.java:835)
java.lang.Runtime.load0(Runtime.java:776)
java.lang.System.load(System.java:1100)
org.xerial.snappy.SnappyLoader.loadNativeLibrary(SnappyLoader.java:198)
org.xerial.snappy.SnappyLoader.loadSnappyApi(SnappyLoader.java:167)
org.xerial.snappy.Snappy.init(Snappy.java:69)
org.xerial.snappy.Snappy.__STATIC_RESET(Snappy.java:46)
sun.reflect.NativeMethodAccessorImpl.invoke0(Native Method)
sun.reflect.NativeMethodAccessorImpl.invoke(NativeMethodAccessorImpl.java:62)
sun.reflect.DelegatingMethodAccessorImpl.invoke(DelegatingMethodAccessorImpl.java:43)
java.lang.reflect.Method.invoke(Method.java:498)
org.evosuite.runtime.classhandling.ClassResetter.reset(ClassResetter.java:159)
org.evosuite.runtime.classhandling.ClassStateSupport.resetClasses(ClassStateSupport.java:137)
org.apache.avro.file.DataFileWriter_ESTest_scaffolding.resetClasses(DataFileWriter_ESTest_scaffolding.java:644)
org.apache.avro.file.DataFileWriter_ESTest_scaffolding.doneWithTestCase(DataFileWriter_ESTest_scaffolding.java:68)
sun.reflect.NativeMethodAccessorImpl.invoke0(Native Method)
sun.reflect.NativeMethodAccessorImpl.invoke(NativeMethodAccessorImpl.java:62)
sun.reflect.DelegatingMethodAccessorImpl.invoke(DelegatingMethodAccessorImpl.java:43)
java.lang.reflect.Method.invoke(Method.java:498)
org.junit.runners.model.FrameworkMethod$1.runReflectiveCall(FrameworkMethod.java:59)
org.junit.internal.runners.model.ReflectiveCallable.run(ReflectiveCallable.java:12)
org.junit.runners.model.FrameworkMethod.invokeExplosively(FrameworkMethod.java:56)
org.junit.internal.runners.statements.RunAfters.invokeMethod(RunAfters.java:46)
org.junit.internal.runners.statements.RunAfters.evaluate(RunAfters.java:33)
org.evosuite.runtime.vnet.NonFunctionalRequirementRule$1.evaluate(NonFunctionalRequirementRule.java:41)
org.junit.runners.ParentRunner$3.evaluate(ParentRunner.java:306)
org.junit.runners.BlockJUnit4ClassRunner$1.evaluate(BlockJUnit4ClassRunner.java:100)
org.junit.runners.ParentRunner.runLeaf(ParentRunner.java:366)
org.junit.runners.BlockJUnit4ClassRunner.runChild(BlockJUnit4ClassRunner.java:103)
org.junit.runners.BlockJUnit4ClassRunner.runChild(BlockJUnit4ClassRunner.java:63)
org.junit.runners.ParentRunner$4.run(ParentRunner.java:331)
org.junit.runners.ParentRunner$1.schedule(ParentRunner.java:79)
org.junit.runners.ParentRunner.runChildren(ParentRunner.java:329)
org.junit.runners.ParentRunner.access$100(ParentRunner.java:66)
org.junit.runners.ParentRunner$2.evaluate(ParentRunner.java:293)
org.junit.internal.runners.statements.RunBefores.evaluate(RunBefores.java:26)
org.junit.internal.runners.statements.RunAfters.evaluate(RunAfters.java:27)
org.junit.runners.ParentRunner$3.evaluate(ParentRunner.java:306)
org.junit.runners.ParentRunner.run(ParentRunner.java:413)
org.apache.maven.surefire.junit4.JUnit4Provider.execute(JUnit4Provider.java:316)
org.apache.maven.surefire.junit4.JUnit4Provider.executeWithRerun(JUnit4Provider.java:240)
org.apache.maven.surefire.junit4.JUnit4Provider.executeTestSet(JUnit4Provider.java:214)
org.apache.maven.surefire.junit4.JUnit4Provider.invoke(JUnit4Provider.java:155)
org.apache.maven.surefire.booter.ForkedBooter.runSuitesInProcess(ForkedBooter.java:385)
org.apache.maven.surefire.booter.ForkedBooter.execute(ForkedBooter.java:162)
org.apache.maven.surefire.booter.ForkedBooter.run(ForkedBooter.java:507)
org.apache.maven.surefire.booter.ForkedBooter.main(ForkedBooter.java:495)

	at org.evosuite.runtime.sandbox.MSecurityManager.checkPermission(MSecurityManager.java:436)
	at java.lang.SecurityManager.checkLink(SecurityManager.java:835)
	at java.lang.Runtime.load0(Runtime.java:776)
	at java.lang.System.load(System.java:1100)
	at org.xerial.snappy.SnappyLoader.loadNativeLibrary(SnappyLoader.java:198)
	at org.xerial.snappy.SnappyLoader.loadSnappyApi(SnappyLoader.java:167)
	at org.xerial.snappy.Snappy.init(Snappy.java:69)
	at org.xerial.snappy.Snappy.__STATIC_RESET(Snappy.java:46)
	at sun.reflect.NativeMethodAccessorImpl.invoke0(Native Method)
	at sun.reflect.NativeMethodAccessorImpl.invoke(NativeMethodAccessorImpl.java:62)
	at sun.reflect.DelegatingMethodAccessorImpl.invoke(DelegatingMethodAccessorImpl.java:43)
	at java.lang.reflect.Method.invoke(Method.java:498)
	at org.evosuite.runtime.classhandling.ClassResetter.reset(ClassResetter.java:159)
	at org.evosuite.runtime.classhandling.ClassStateSupport.resetClasses(ClassStateSupport.java:137)
	at org.apache.avro.file.DataFileWriter_ESTest_scaffolding.resetClasses(DataFileWriter_ESTest_scaffolding.java:644)
	at org.apache.avro.file.DataFileWriter_ESTest_scaffolding.doneWithTestCase(DataFileWriter_ESTest_scaffolding.java:68)
	at sun.reflect.NativeMethodAccessorImpl.invoke0(Native Method)
	at sun.reflect.NativeMethodAccessorImpl.invoke(NativeMethodAccessorImpl.java:62)
	at sun.reflect.DelegatingMethodAccessorImpl.invoke(DelegatingMethodAccessorImpl.java:43)
	at java.lang.reflect.Method.invoke(Method.java:498)
	at org.junit.runners.model.FrameworkMethod$1.runReflectiveCall(FrameworkMethod.java:59)
	at org.junit.internal.runners.model.ReflectiveCallable.run(ReflectiveCallable.java:12)
	at org.junit.runners.model.FrameworkMethod.invokeExplosively(FrameworkMethod.java:56)
	at org.junit.internal.runners.statements.RunAfters.invokeMethod(RunAfters.java:46)
	at org.junit.internal.runners.statements.RunAfters.evaluate(RunAfters.java:33)
	at org.evosuite.runtime.vnet.NonFunctionalRequirementRule$1.evaluate(NonFunctionalRequirementRule.java:41)
	at org.junit.runners.ParentRunner$3.evaluate(ParentRunner.java:306)
	at org.junit.runners.BlockJUnit4ClassRunner$1.evaluate(BlockJUnit4ClassRunner.java:100)
	at org.junit.runners.ParentRunner.runLeaf(ParentRunner.java:366)
	at org.junit.runners.BlockJUnit4ClassRunner.runChild(BlockJUnit4ClassRunner.java:103)
	at org.junit.runners.BlockJUnit4ClassRunner.runChild(BlockJUnit4ClassRunner.java:63)
	at org.junit.runners.ParentRunner$4.run(ParentRunner.java:331)
	at org.junit.runners.ParentRunner$1.schedule(ParentRunner.java:79)
	at org.junit.runners.ParentRunner.runChildren(ParentRunner.java:329)
	at org.junit.runners.ParentRunner.access$100(ParentRunner.java:66)
	at org.junit.runners.ParentRunner$2.evaluate(ParentRunner.java:293)
	at org.junit.internal.runners.statements.RunBefores.evaluate(RunBefores.java:26)
	at org.junit.internal.runners.statements.RunAfters.evaluate(RunAfters.java:27)
	at org.junit.runners.ParentRunner$3.evaluate(ParentRunner.java:306)
	at org.junit.runners.ParentRunner.run(ParentRunner.java:413)
	at org.apache.maven.surefire.junit4.JUnit4Provider.execute(JUnit4Provider.java:316)
	at org.apache.maven.surefire.junit4.JUnit4Provider.executeWithRerun(JUnit4Provider.java:240)
	at org.apache.maven.surefire.junit4.JUnit4Provider.executeTestSet(JUnit4Provider.java:214)
	at org.apache.maven.surefire.junit4.JUnit4Provider.invoke(JUnit4Provider.java:155)
	at org.apache.maven.surefire.booter.ForkedBooter.runSuitesInProcess(ForkedBooter.java:385)
	at org.apache.maven.surefire.booter.ForkedBooter.execute(ForkedBooter.java:162)
	at org.apache.maven.surefire.booter.ForkedBooter.run(ForkedBooter.java:507)
	at org.apache.maven.surefire.booter.ForkedBooter.main(ForkedBooter.java:495)
]]></system-err>
  </testcase>
  <testcase name="test35" classname="org.apache.avro.file.DataFileWriter_ESTest" time="0.197">
    <system-err><![CDATA[java.lang.SecurityException: Security manager blocks ("java.lang.RuntimePermission" "loadLibrary./tmp/snappy-1.1.8-00000000-0100-4000-8200-000003000000-libsnappyjava.so")
java.lang.Thread.getStackTrace(Thread.java:1564)
org.evosuite.runtime.sandbox.MSecurityManager.checkPermission(MSecurityManager.java:424)
java.lang.SecurityManager.checkLink(SecurityManager.java:835)
java.lang.Runtime.load0(Runtime.java:776)
java.lang.System.load(System.java:1100)
org.xerial.snappy.SnappyLoader.loadNativeLibrary(SnappyLoader.java:198)
org.xerial.snappy.SnappyLoader.loadSnappyApi(SnappyLoader.java:167)
org.xerial.snappy.Snappy.init(Snappy.java:69)
org.xerial.snappy.Snappy.__STATIC_RESET(Snappy.java:46)
sun.reflect.NativeMethodAccessorImpl.invoke0(Native Method)
sun.reflect.NativeMethodAccessorImpl.invoke(NativeMethodAccessorImpl.java:62)
sun.reflect.DelegatingMethodAccessorImpl.invoke(DelegatingMethodAccessorImpl.java:43)
java.lang.reflect.Method.invoke(Method.java:498)
org.evosuite.runtime.classhandling.ClassResetter.reset(ClassResetter.java:159)
org.evosuite.runtime.classhandling.ClassStateSupport.resetClasses(ClassStateSupport.java:137)
org.apache.avro.file.DataFileWriter_ESTest_scaffolding.resetClasses(DataFileWriter_ESTest_scaffolding.java:644)
org.apache.avro.file.DataFileWriter_ESTest_scaffolding.doneWithTestCase(DataFileWriter_ESTest_scaffolding.java:68)
sun.reflect.NativeMethodAccessorImpl.invoke0(Native Method)
sun.reflect.NativeMethodAccessorImpl.invoke(NativeMethodAccessorImpl.java:62)
sun.reflect.DelegatingMethodAccessorImpl.invoke(DelegatingMethodAccessorImpl.java:43)
java.lang.reflect.Method.invoke(Method.java:498)
org.junit.runners.model.FrameworkMethod$1.runReflectiveCall(FrameworkMethod.java:59)
org.junit.internal.runners.model.ReflectiveCallable.run(ReflectiveCallable.java:12)
org.junit.runners.model.FrameworkMethod.invokeExplosively(FrameworkMethod.java:56)
org.junit.internal.runners.statements.RunAfters.invokeMethod(RunAfters.java:46)
org.junit.internal.runners.statements.RunAfters.evaluate(RunAfters.java:33)
org.evosuite.runtime.vnet.NonFunctionalRequirementRule$1.evaluate(NonFunctionalRequirementRule.java:41)
org.junit.runners.ParentRunner$3.evaluate(ParentRunner.java:306)
org.junit.runners.BlockJUnit4ClassRunner$1.evaluate(BlockJUnit4ClassRunner.java:100)
org.junit.runners.ParentRunner.runLeaf(ParentRunner.java:366)
org.junit.runners.BlockJUnit4ClassRunner.runChild(BlockJUnit4ClassRunner.java:103)
org.junit.runners.BlockJUnit4ClassRunner.runChild(BlockJUnit4ClassRunner.java:63)
org.junit.runners.ParentRunner$4.run(ParentRunner.java:331)
org.junit.runners.ParentRunner$1.schedule(ParentRunner.java:79)
org.junit.runners.ParentRunner.runChildren(ParentRunner.java:329)
org.junit.runners.ParentRunner.access$100(ParentRunner.java:66)
org.junit.runners.ParentRunner$2.evaluate(ParentRunner.java:293)
org.junit.internal.runners.statements.RunBefores.evaluate(RunBefores.java:26)
org.junit.internal.runners.statements.RunAfters.evaluate(RunAfters.java:27)
org.junit.runners.ParentRunner$3.evaluate(ParentRunner.java:306)
org.junit.runners.ParentRunner.run(ParentRunner.java:413)
org.apache.maven.surefire.junit4.JUnit4Provider.execute(JUnit4Provider.java:316)
org.apache.maven.surefire.junit4.JUnit4Provider.executeWithRerun(JUnit4Provider.java:240)
org.apache.maven.surefire.junit4.JUnit4Provider.executeTestSet(JUnit4Provider.java:214)
org.apache.maven.surefire.junit4.JUnit4Provider.invoke(JUnit4Provider.java:155)
org.apache.maven.surefire.booter.ForkedBooter.runSuitesInProcess(ForkedBooter.java:385)
org.apache.maven.surefire.booter.ForkedBooter.execute(ForkedBooter.java:162)
org.apache.maven.surefire.booter.ForkedBooter.run(ForkedBooter.java:507)
org.apache.maven.surefire.booter.ForkedBooter.main(ForkedBooter.java:495)

	at org.evosuite.runtime.sandbox.MSecurityManager.checkPermission(MSecurityManager.java:436)
	at java.lang.SecurityManager.checkLink(SecurityManager.java:835)
	at java.lang.Runtime.load0(Runtime.java:776)
	at java.lang.System.load(System.java:1100)
	at org.xerial.snappy.SnappyLoader.loadNativeLibrary(SnappyLoader.java:198)
	at org.xerial.snappy.SnappyLoader.loadSnappyApi(SnappyLoader.java:167)
	at org.xerial.snappy.Snappy.init(Snappy.java:69)
	at org.xerial.snappy.Snappy.__STATIC_RESET(Snappy.java:46)
	at sun.reflect.NativeMethodAccessorImpl.invoke0(Native Method)
	at sun.reflect.NativeMethodAccessorImpl.invoke(NativeMethodAccessorImpl.java:62)
	at sun.reflect.DelegatingMethodAccessorImpl.invoke(DelegatingMethodAccessorImpl.java:43)
	at java.lang.reflect.Method.invoke(Method.java:498)
	at org.evosuite.runtime.classhandling.ClassResetter.reset(ClassResetter.java:159)
	at org.evosuite.runtime.classhandling.ClassStateSupport.resetClasses(ClassStateSupport.java:137)
	at org.apache.avro.file.DataFileWriter_ESTest_scaffolding.resetClasses(DataFileWriter_ESTest_scaffolding.java:644)
	at org.apache.avro.file.DataFileWriter_ESTest_scaffolding.doneWithTestCase(DataFileWriter_ESTest_scaffolding.java:68)
	at sun.reflect.NativeMethodAccessorImpl.invoke0(Native Method)
	at sun.reflect.NativeMethodAccessorImpl.invoke(NativeMethodAccessorImpl.java:62)
	at sun.reflect.DelegatingMethodAccessorImpl.invoke(DelegatingMethodAccessorImpl.java:43)
	at java.lang.reflect.Method.invoke(Method.java:498)
	at org.junit.runners.model.FrameworkMethod$1.runReflectiveCall(FrameworkMethod.java:59)
	at org.junit.internal.runners.model.ReflectiveCallable.run(ReflectiveCallable.java:12)
	at org.junit.runners.model.FrameworkMethod.invokeExplosively(FrameworkMethod.java:56)
	at org.junit.internal.runners.statements.RunAfters.invokeMethod(RunAfters.java:46)
	at org.junit.internal.runners.statements.RunAfters.evaluate(RunAfters.java:33)
	at org.evosuite.runtime.vnet.NonFunctionalRequirementRule$1.evaluate(NonFunctionalRequirementRule.java:41)
	at org.junit.runners.ParentRunner$3.evaluate(ParentRunner.java:306)
	at org.junit.runners.BlockJUnit4ClassRunner$1.evaluate(BlockJUnit4ClassRunner.java:100)
	at org.junit.runners.ParentRunner.runLeaf(ParentRunner.java:366)
	at org.junit.runners.BlockJUnit4ClassRunner.runChild(BlockJUnit4ClassRunner.java:103)
	at org.junit.runners.BlockJUnit4ClassRunner.runChild(BlockJUnit4ClassRunner.java:63)
	at org.junit.runners.ParentRunner$4.run(ParentRunner.java:331)
	at org.junit.runners.ParentRunner$1.schedule(ParentRunner.java:79)
	at org.junit.runners.ParentRunner.runChildren(ParentRunner.java:329)
	at org.junit.runners.ParentRunner.access$100(ParentRunner.java:66)
	at org.junit.runners.ParentRunner$2.evaluate(ParentRunner.java:293)
	at org.junit.internal.runners.statements.RunBefores.evaluate(RunBefores.java:26)
	at org.junit.internal.runners.statements.RunAfters.evaluate(RunAfters.java:27)
	at org.junit.runners.ParentRunner$3.evaluate(ParentRunner.java:306)
	at org.junit.runners.ParentRunner.run(ParentRunner.java:413)
	at org.apache.maven.surefire.junit4.JUnit4Provider.execute(JUnit4Provider.java:316)
	at org.apache.maven.surefire.junit4.JUnit4Provider.executeWithRerun(JUnit4Provider.java:240)
	at org.apache.maven.surefire.junit4.JUnit4Provider.executeTestSet(JUnit4Provider.java:214)
	at org.apache.maven.surefire.junit4.JUnit4Provider.invoke(JUnit4Provider.java:155)
	at org.apache.maven.surefire.booter.ForkedBooter.runSuitesInProcess(ForkedBooter.java:385)
	at org.apache.maven.surefire.booter.ForkedBooter.execute(ForkedBooter.java:162)
	at org.apache.maven.surefire.booter.ForkedBooter.run(ForkedBooter.java:507)
	at org.apache.maven.surefire.booter.ForkedBooter.main(ForkedBooter.java:495)
]]></system-err>
  </testcase>
  <testcase name="test79" classname="org.apache.avro.file.DataFileWriter_ESTest" time="0.313">
    <system-err><![CDATA[java.lang.SecurityException: Security manager blocks ("java.lang.RuntimePermission" "loadLibrary./tmp/snappy-1.1.8-00000000-0100-4000-8200-000003000000-libsnappyjava.so")
java.lang.Thread.getStackTrace(Thread.java:1564)
org.evosuite.runtime.sandbox.MSecurityManager.checkPermission(MSecurityManager.java:424)
java.lang.SecurityManager.checkLink(SecurityManager.java:835)
java.lang.Runtime.load0(Runtime.java:776)
java.lang.System.load(System.java:1100)
org.xerial.snappy.SnappyLoader.loadNativeLibrary(SnappyLoader.java:198)
org.xerial.snappy.SnappyLoader.loadSnappyApi(SnappyLoader.java:167)
org.xerial.snappy.Snappy.init(Snappy.java:69)
org.xerial.snappy.Snappy.__STATIC_RESET(Snappy.java:46)
sun.reflect.NativeMethodAccessorImpl.invoke0(Native Method)
sun.reflect.NativeMethodAccessorImpl.invoke(NativeMethodAccessorImpl.java:62)
sun.reflect.DelegatingMethodAccessorImpl.invoke(DelegatingMethodAccessorImpl.java:43)
java.lang.reflect.Method.invoke(Method.java:498)
org.evosuite.runtime.classhandling.ClassResetter.reset(ClassResetter.java:159)
org.evosuite.runtime.classhandling.ClassStateSupport.resetClasses(ClassStateSupport.java:137)
org.apache.avro.file.DataFileWriter_ESTest_scaffolding.resetClasses(DataFileWriter_ESTest_scaffolding.java:644)
org.apache.avro.file.DataFileWriter_ESTest_scaffolding.doneWithTestCase(DataFileWriter_ESTest_scaffolding.java:68)
sun.reflect.NativeMethodAccessorImpl.invoke0(Native Method)
sun.reflect.NativeMethodAccessorImpl.invoke(NativeMethodAccessorImpl.java:62)
sun.reflect.DelegatingMethodAccessorImpl.invoke(DelegatingMethodAccessorImpl.java:43)
java.lang.reflect.Method.invoke(Method.java:498)
org.junit.runners.model.FrameworkMethod$1.runReflectiveCall(FrameworkMethod.java:59)
org.junit.internal.runners.model.ReflectiveCallable.run(ReflectiveCallable.java:12)
org.junit.runners.model.FrameworkMethod.invokeExplosively(FrameworkMethod.java:56)
org.junit.internal.runners.statements.RunAfters.invokeMethod(RunAfters.java:46)
org.junit.internal.runners.statements.RunAfters.evaluate(RunAfters.java:33)
org.evosuite.runtime.vnet.NonFunctionalRequirementRule$1.evaluate(NonFunctionalRequirementRule.java:41)
org.junit.runners.ParentRunner$3.evaluate(ParentRunner.java:306)
org.junit.runners.BlockJUnit4ClassRunner$1.evaluate(BlockJUnit4ClassRunner.java:100)
org.junit.runners.ParentRunner.runLeaf(ParentRunner.java:366)
org.junit.runners.BlockJUnit4ClassRunner.runChild(BlockJUnit4ClassRunner.java:103)
org.junit.runners.BlockJUnit4ClassRunner.runChild(BlockJUnit4ClassRunner.java:63)
org.junit.runners.ParentRunner$4.run(ParentRunner.java:331)
org.junit.runners.ParentRunner$1.schedule(ParentRunner.java:79)
org.junit.runners.ParentRunner.runChildren(ParentRunner.java:329)
org.junit.runners.ParentRunner.access$100(ParentRunner.java:66)
org.junit.runners.ParentRunner$2.evaluate(ParentRunner.java:293)
org.junit.internal.runners.statements.RunBefores.evaluate(RunBefores.java:26)
org.junit.internal.runners.statements.RunAfters.evaluate(RunAfters.java:27)
org.junit.runners.ParentRunner$3.evaluate(ParentRunner.java:306)
org.junit.runners.ParentRunner.run(ParentRunner.java:413)
org.apache.maven.surefire.junit4.JUnit4Provider.execute(JUnit4Provider.java:316)
org.apache.maven.surefire.junit4.JUnit4Provider.executeWithRerun(JUnit4Provider.java:240)
org.apache.maven.surefire.junit4.JUnit4Provider.executeTestSet(JUnit4Provider.java:214)
org.apache.maven.surefire.junit4.JUnit4Provider.invoke(JUnit4Provider.java:155)
org.apache.maven.surefire.booter.ForkedBooter.runSuitesInProcess(ForkedBooter.java:385)
org.apache.maven.surefire.booter.ForkedBooter.execute(ForkedBooter.java:162)
org.apache.maven.surefire.booter.ForkedBooter.run(ForkedBooter.java:507)
org.apache.maven.surefire.booter.ForkedBooter.main(ForkedBooter.java:495)

	at org.evosuite.runtime.sandbox.MSecurityManager.checkPermission(MSecurityManager.java:436)
	at java.lang.SecurityManager.checkLink(SecurityManager.java:835)
	at java.lang.Runtime.load0(Runtime.java:776)
	at java.lang.System.load(System.java:1100)
	at org.xerial.snappy.SnappyLoader.loadNativeLibrary(SnappyLoader.java:198)
	at org.xerial.snappy.SnappyLoader.loadSnappyApi(SnappyLoader.java:167)
	at org.xerial.snappy.Snappy.init(Snappy.java:69)
	at org.xerial.snappy.Snappy.__STATIC_RESET(Snappy.java:46)
	at sun.reflect.NativeMethodAccessorImpl.invoke0(Native Method)
	at sun.reflect.NativeMethodAccessorImpl.invoke(NativeMethodAccessorImpl.java:62)
	at sun.reflect.DelegatingMethodAccessorImpl.invoke(DelegatingMethodAccessorImpl.java:43)
	at java.lang.reflect.Method.invoke(Method.java:498)
	at org.evosuite.runtime.classhandling.ClassResetter.reset(ClassResetter.java:159)
	at org.evosuite.runtime.classhandling.ClassStateSupport.resetClasses(ClassStateSupport.java:137)
	at org.apache.avro.file.DataFileWriter_ESTest_scaffolding.resetClasses(DataFileWriter_ESTest_scaffolding.java:644)
	at org.apache.avro.file.DataFileWriter_ESTest_scaffolding.doneWithTestCase(DataFileWriter_ESTest_scaffolding.java:68)
	at sun.reflect.NativeMethodAccessorImpl.invoke0(Native Method)
	at sun.reflect.NativeMethodAccessorImpl.invoke(NativeMethodAccessorImpl.java:62)
	at sun.reflect.DelegatingMethodAccessorImpl.invoke(DelegatingMethodAccessorImpl.java:43)
	at java.lang.reflect.Method.invoke(Method.java:498)
	at org.junit.runners.model.FrameworkMethod$1.runReflectiveCall(FrameworkMethod.java:59)
	at org.junit.internal.runners.model.ReflectiveCallable.run(ReflectiveCallable.java:12)
	at org.junit.runners.model.FrameworkMethod.invokeExplosively(FrameworkMethod.java:56)
	at org.junit.internal.runners.statements.RunAfters.invokeMethod(RunAfters.java:46)
	at org.junit.internal.runners.statements.RunAfters.evaluate(RunAfters.java:33)
	at org.evosuite.runtime.vnet.NonFunctionalRequirementRule$1.evaluate(NonFunctionalRequirementRule.java:41)
	at org.junit.runners.ParentRunner$3.evaluate(ParentRunner.java:306)
	at org.junit.runners.BlockJUnit4ClassRunner$1.evaluate(BlockJUnit4ClassRunner.java:100)
	at org.junit.runners.ParentRunner.runLeaf(ParentRunner.java:366)
	at org.junit.runners.BlockJUnit4ClassRunner.runChild(BlockJUnit4ClassRunner.java:103)
	at org.junit.runners.BlockJUnit4ClassRunner.runChild(BlockJUnit4ClassRunner.java:63)
	at org.junit.runners.ParentRunner$4.run(ParentRunner.java:331)
	at org.junit.runners.ParentRunner$1.schedule(ParentRunner.java:79)
	at org.junit.runners.ParentRunner.runChildren(ParentRunner.java:329)
	at org.junit.runners.ParentRunner.access$100(ParentRunner.java:66)
	at org.junit.runners.ParentRunner$2.evaluate(ParentRunner.java:293)
	at org.junit.internal.runners.statements.RunBefores.evaluate(RunBefores.java:26)
	at org.junit.internal.runners.statements.RunAfters.evaluate(RunAfters.java:27)
	at org.junit.runners.ParentRunner$3.evaluate(ParentRunner.java:306)
	at org.junit.runners.ParentRunner.run(ParentRunner.java:413)
	at org.apache.maven.surefire.junit4.JUnit4Provider.execute(JUnit4Provider.java:316)
	at org.apache.maven.surefire.junit4.JUnit4Provider.executeWithRerun(JUnit4Provider.java:240)
	at org.apache.maven.surefire.junit4.JUnit4Provider.executeTestSet(JUnit4Provider.java:214)
	at org.apache.maven.surefire.junit4.JUnit4Provider.invoke(JUnit4Provider.java:155)
	at org.apache.maven.surefire.booter.ForkedBooter.runSuitesInProcess(ForkedBooter.java:385)
	at org.apache.maven.surefire.booter.ForkedBooter.execute(ForkedBooter.java:162)
	at org.apache.maven.surefire.booter.ForkedBooter.run(ForkedBooter.java:507)
	at org.apache.maven.surefire.booter.ForkedBooter.main(ForkedBooter.java:495)
]]></system-err>
  </testcase>
  <testcase name="test36" classname="org.apache.avro.file.DataFileWriter_ESTest" time="0.199">
    <system-err><![CDATA[java.lang.SecurityException: Security manager blocks ("java.lang.RuntimePermission" "loadLibrary./tmp/snappy-1.1.8-00000000-0100-4000-8200-000003000000-libsnappyjava.so")
java.lang.Thread.getStackTrace(Thread.java:1564)
org.evosuite.runtime.sandbox.MSecurityManager.checkPermission(MSecurityManager.java:424)
java.lang.SecurityManager.checkLink(SecurityManager.java:835)
java.lang.Runtime.load0(Runtime.java:776)
java.lang.System.load(System.java:1100)
org.xerial.snappy.SnappyLoader.loadNativeLibrary(SnappyLoader.java:198)
org.xerial.snappy.SnappyLoader.loadSnappyApi(SnappyLoader.java:167)
org.xerial.snappy.Snappy.init(Snappy.java:69)
org.xerial.snappy.Snappy.__STATIC_RESET(Snappy.java:46)
sun.reflect.NativeMethodAccessorImpl.invoke0(Native Method)
sun.reflect.NativeMethodAccessorImpl.invoke(NativeMethodAccessorImpl.java:62)
sun.reflect.DelegatingMethodAccessorImpl.invoke(DelegatingMethodAccessorImpl.java:43)
java.lang.reflect.Method.invoke(Method.java:498)
org.evosuite.runtime.classhandling.ClassResetter.reset(ClassResetter.java:159)
org.evosuite.runtime.classhandling.ClassStateSupport.resetClasses(ClassStateSupport.java:137)
org.apache.avro.file.DataFileWriter_ESTest_scaffolding.resetClasses(DataFileWriter_ESTest_scaffolding.java:644)
org.apache.avro.file.DataFileWriter_ESTest_scaffolding.doneWithTestCase(DataFileWriter_ESTest_scaffolding.java:68)
sun.reflect.NativeMethodAccessorImpl.invoke0(Native Method)
sun.reflect.NativeMethodAccessorImpl.invoke(NativeMethodAccessorImpl.java:62)
sun.reflect.DelegatingMethodAccessorImpl.invoke(DelegatingMethodAccessorImpl.java:43)
java.lang.reflect.Method.invoke(Method.java:498)
org.junit.runners.model.FrameworkMethod$1.runReflectiveCall(FrameworkMethod.java:59)
org.junit.internal.runners.model.ReflectiveCallable.run(ReflectiveCallable.java:12)
org.junit.runners.model.FrameworkMethod.invokeExplosively(FrameworkMethod.java:56)
org.junit.internal.runners.statements.RunAfters.invokeMethod(RunAfters.java:46)
org.junit.internal.runners.statements.RunAfters.evaluate(RunAfters.java:33)
org.evosuite.runtime.vnet.NonFunctionalRequirementRule$1.evaluate(NonFunctionalRequirementRule.java:41)
org.junit.runners.ParentRunner$3.evaluate(ParentRunner.java:306)
org.junit.runners.BlockJUnit4ClassRunner$1.evaluate(BlockJUnit4ClassRunner.java:100)
org.junit.runners.ParentRunner.runLeaf(ParentRunner.java:366)
org.junit.runners.BlockJUnit4ClassRunner.runChild(BlockJUnit4ClassRunner.java:103)
org.junit.runners.BlockJUnit4ClassRunner.runChild(BlockJUnit4ClassRunner.java:63)
org.junit.runners.ParentRunner$4.run(ParentRunner.java:331)
org.junit.runners.ParentRunner$1.schedule(ParentRunner.java:79)
org.junit.runners.ParentRunner.runChildren(ParentRunner.java:329)
org.junit.runners.ParentRunner.access$100(ParentRunner.java:66)
org.junit.runners.ParentRunner$2.evaluate(ParentRunner.java:293)
org.junit.internal.runners.statements.RunBefores.evaluate(RunBefores.java:26)
org.junit.internal.runners.statements.RunAfters.evaluate(RunAfters.java:27)
org.junit.runners.ParentRunner$3.evaluate(ParentRunner.java:306)
org.junit.runners.ParentRunner.run(ParentRunner.java:413)
org.apache.maven.surefire.junit4.JUnit4Provider.execute(JUnit4Provider.java:316)
org.apache.maven.surefire.junit4.JUnit4Provider.executeWithRerun(JUnit4Provider.java:240)
org.apache.maven.surefire.junit4.JUnit4Provider.executeTestSet(JUnit4Provider.java:214)
org.apache.maven.surefire.junit4.JUnit4Provider.invoke(JUnit4Provider.java:155)
org.apache.maven.surefire.booter.ForkedBooter.runSuitesInProcess(ForkedBooter.java:385)
org.apache.maven.surefire.booter.ForkedBooter.execute(ForkedBooter.java:162)
org.apache.maven.surefire.booter.ForkedBooter.run(ForkedBooter.java:507)
org.apache.maven.surefire.booter.ForkedBooter.main(ForkedBooter.java:495)

	at org.evosuite.runtime.sandbox.MSecurityManager.checkPermission(MSecurityManager.java:436)
	at java.lang.SecurityManager.checkLink(SecurityManager.java:835)
	at java.lang.Runtime.load0(Runtime.java:776)
	at java.lang.System.load(System.java:1100)
	at org.xerial.snappy.SnappyLoader.loadNativeLibrary(SnappyLoader.java:198)
	at org.xerial.snappy.SnappyLoader.loadSnappyApi(SnappyLoader.java:167)
	at org.xerial.snappy.Snappy.init(Snappy.java:69)
	at org.xerial.snappy.Snappy.__STATIC_RESET(Snappy.java:46)
	at sun.reflect.NativeMethodAccessorImpl.invoke0(Native Method)
	at sun.reflect.NativeMethodAccessorImpl.invoke(NativeMethodAccessorImpl.java:62)
	at sun.reflect.DelegatingMethodAccessorImpl.invoke(DelegatingMethodAccessorImpl.java:43)
	at java.lang.reflect.Method.invoke(Method.java:498)
	at org.evosuite.runtime.classhandling.ClassResetter.reset(ClassResetter.java:159)
	at org.evosuite.runtime.classhandling.ClassStateSupport.resetClasses(ClassStateSupport.java:137)
	at org.apache.avro.file.DataFileWriter_ESTest_scaffolding.resetClasses(DataFileWriter_ESTest_scaffolding.java:644)
	at org.apache.avro.file.DataFileWriter_ESTest_scaffolding.doneWithTestCase(DataFileWriter_ESTest_scaffolding.java:68)
	at sun.reflect.NativeMethodAccessorImpl.invoke0(Native Method)
	at sun.reflect.NativeMethodAccessorImpl.invoke(NativeMethodAccessorImpl.java:62)
	at sun.reflect.DelegatingMethodAccessorImpl.invoke(DelegatingMethodAccessorImpl.java:43)
	at java.lang.reflect.Method.invoke(Method.java:498)
	at org.junit.runners.model.FrameworkMethod$1.runReflectiveCall(FrameworkMethod.java:59)
	at org.junit.internal.runners.model.ReflectiveCallable.run(ReflectiveCallable.java:12)
	at org.junit.runners.model.FrameworkMethod.invokeExplosively(FrameworkMethod.java:56)
	at org.junit.internal.runners.statements.RunAfters.invokeMethod(RunAfters.java:46)
	at org.junit.internal.runners.statements.RunAfters.evaluate(RunAfters.java:33)
	at org.evosuite.runtime.vnet.NonFunctionalRequirementRule$1.evaluate(NonFunctionalRequirementRule.java:41)
	at org.junit.runners.ParentRunner$3.evaluate(ParentRunner.java:306)
	at org.junit.runners.BlockJUnit4ClassRunner$1.evaluate(BlockJUnit4ClassRunner.java:100)
	at org.junit.runners.ParentRunner.runLeaf(ParentRunner.java:366)
	at org.junit.runners.BlockJUnit4ClassRunner.runChild(BlockJUnit4ClassRunner.java:103)
	at org.junit.runners.BlockJUnit4ClassRunner.runChild(BlockJUnit4ClassRunner.java:63)
	at org.junit.runners.ParentRunner$4.run(ParentRunner.java:331)
	at org.junit.runners.ParentRunner$1.schedule(ParentRunner.java:79)
	at org.junit.runners.ParentRunner.runChildren(ParentRunner.java:329)
	at org.junit.runners.ParentRunner.access$100(ParentRunner.java:66)
	at org.junit.runners.ParentRunner$2.evaluate(ParentRunner.java:293)
	at org.junit.internal.runners.statements.RunBefores.evaluate(RunBefores.java:26)
	at org.junit.internal.runners.statements.RunAfters.evaluate(RunAfters.java:27)
	at org.junit.runners.ParentRunner$3.evaluate(ParentRunner.java:306)
	at org.junit.runners.ParentRunner.run(ParentRunner.java:413)
	at org.apache.maven.surefire.junit4.JUnit4Provider.execute(JUnit4Provider.java:316)
	at org.apache.maven.surefire.junit4.JUnit4Provider.executeWithRerun(JUnit4Provider.java:240)
	at org.apache.maven.surefire.junit4.JUnit4Provider.executeTestSet(JUnit4Provider.java:214)
	at org.apache.maven.surefire.junit4.JUnit4Provider.invoke(JUnit4Provider.java:155)
	at org.apache.maven.surefire.booter.ForkedBooter.runSuitesInProcess(ForkedBooter.java:385)
	at org.apache.maven.surefire.booter.ForkedBooter.execute(ForkedBooter.java:162)
	at org.apache.maven.surefire.booter.ForkedBooter.run(ForkedBooter.java:507)
	at org.apache.maven.surefire.booter.ForkedBooter.main(ForkedBooter.java:495)
]]></system-err>
  </testcase>
  <testcase name="test33" classname="org.apache.avro.file.DataFileWriter_ESTest" time="0.177">
    <system-err><![CDATA[java.lang.SecurityException: Security manager blocks ("java.lang.RuntimePermission" "loadLibrary./tmp/snappy-1.1.8-00000000-0100-4000-8200-000003000000-libsnappyjava.so")
java.lang.Thread.getStackTrace(Thread.java:1564)
org.evosuite.runtime.sandbox.MSecurityManager.checkPermission(MSecurityManager.java:424)
java.lang.SecurityManager.checkLink(SecurityManager.java:835)
java.lang.Runtime.load0(Runtime.java:776)
java.lang.System.load(System.java:1100)
org.xerial.snappy.SnappyLoader.loadNativeLibrary(SnappyLoader.java:198)
org.xerial.snappy.SnappyLoader.loadSnappyApi(SnappyLoader.java:167)
org.xerial.snappy.Snappy.init(Snappy.java:69)
org.xerial.snappy.Snappy.__STATIC_RESET(Snappy.java:46)
sun.reflect.NativeMethodAccessorImpl.invoke0(Native Method)
sun.reflect.NativeMethodAccessorImpl.invoke(NativeMethodAccessorImpl.java:62)
sun.reflect.DelegatingMethodAccessorImpl.invoke(DelegatingMethodAccessorImpl.java:43)
java.lang.reflect.Method.invoke(Method.java:498)
org.evosuite.runtime.classhandling.ClassResetter.reset(ClassResetter.java:159)
org.evosuite.runtime.classhandling.ClassStateSupport.resetClasses(ClassStateSupport.java:137)
org.apache.avro.file.DataFileWriter_ESTest_scaffolding.resetClasses(DataFileWriter_ESTest_scaffolding.java:644)
org.apache.avro.file.DataFileWriter_ESTest_scaffolding.doneWithTestCase(DataFileWriter_ESTest_scaffolding.java:68)
sun.reflect.NativeMethodAccessorImpl.invoke0(Native Method)
sun.reflect.NativeMethodAccessorImpl.invoke(NativeMethodAccessorImpl.java:62)
sun.reflect.DelegatingMethodAccessorImpl.invoke(DelegatingMethodAccessorImpl.java:43)
java.lang.reflect.Method.invoke(Method.java:498)
org.junit.runners.model.FrameworkMethod$1.runReflectiveCall(FrameworkMethod.java:59)
org.junit.internal.runners.model.ReflectiveCallable.run(ReflectiveCallable.java:12)
org.junit.runners.model.FrameworkMethod.invokeExplosively(FrameworkMethod.java:56)
org.junit.internal.runners.statements.RunAfters.invokeMethod(RunAfters.java:46)
org.junit.internal.runners.statements.RunAfters.evaluate(RunAfters.java:33)
org.evosuite.runtime.vnet.NonFunctionalRequirementRule$1.evaluate(NonFunctionalRequirementRule.java:41)
org.junit.runners.ParentRunner$3.evaluate(ParentRunner.java:306)
org.junit.runners.BlockJUnit4ClassRunner$1.evaluate(BlockJUnit4ClassRunner.java:100)
org.junit.runners.ParentRunner.runLeaf(ParentRunner.java:366)
org.junit.runners.BlockJUnit4ClassRunner.runChild(BlockJUnit4ClassRunner.java:103)
org.junit.runners.BlockJUnit4ClassRunner.runChild(BlockJUnit4ClassRunner.java:63)
org.junit.runners.ParentRunner$4.run(ParentRunner.java:331)
org.junit.runners.ParentRunner$1.schedule(ParentRunner.java:79)
org.junit.runners.ParentRunner.runChildren(ParentRunner.java:329)
org.junit.runners.ParentRunner.access$100(ParentRunner.java:66)
org.junit.runners.ParentRunner$2.evaluate(ParentRunner.java:293)
org.junit.internal.runners.statements.RunBefores.evaluate(RunBefores.java:26)
org.junit.internal.runners.statements.RunAfters.evaluate(RunAfters.java:27)
org.junit.runners.ParentRunner$3.evaluate(ParentRunner.java:306)
org.junit.runners.ParentRunner.run(ParentRunner.java:413)
org.apache.maven.surefire.junit4.JUnit4Provider.execute(JUnit4Provider.java:316)
org.apache.maven.surefire.junit4.JUnit4Provider.executeWithRerun(JUnit4Provider.java:240)
org.apache.maven.surefire.junit4.JUnit4Provider.executeTestSet(JUnit4Provider.java:214)
org.apache.maven.surefire.junit4.JUnit4Provider.invoke(JUnit4Provider.java:155)
org.apache.maven.surefire.booter.ForkedBooter.runSuitesInProcess(ForkedBooter.java:385)
org.apache.maven.surefire.booter.ForkedBooter.execute(ForkedBooter.java:162)
org.apache.maven.surefire.booter.ForkedBooter.run(ForkedBooter.java:507)
org.apache.maven.surefire.booter.ForkedBooter.main(ForkedBooter.java:495)

	at org.evosuite.runtime.sandbox.MSecurityManager.checkPermission(MSecurityManager.java:436)
	at java.lang.SecurityManager.checkLink(SecurityManager.java:835)
	at java.lang.Runtime.load0(Runtime.java:776)
	at java.lang.System.load(System.java:1100)
	at org.xerial.snappy.SnappyLoader.loadNativeLibrary(SnappyLoader.java:198)
	at org.xerial.snappy.SnappyLoader.loadSnappyApi(SnappyLoader.java:167)
	at org.xerial.snappy.Snappy.init(Snappy.java:69)
	at org.xerial.snappy.Snappy.__STATIC_RESET(Snappy.java:46)
	at sun.reflect.NativeMethodAccessorImpl.invoke0(Native Method)
	at sun.reflect.NativeMethodAccessorImpl.invoke(NativeMethodAccessorImpl.java:62)
	at sun.reflect.DelegatingMethodAccessorImpl.invoke(DelegatingMethodAccessorImpl.java:43)
	at java.lang.reflect.Method.invoke(Method.java:498)
	at org.evosuite.runtime.classhandling.ClassResetter.reset(ClassResetter.java:159)
	at org.evosuite.runtime.classhandling.ClassStateSupport.resetClasses(ClassStateSupport.java:137)
	at org.apache.avro.file.DataFileWriter_ESTest_scaffolding.resetClasses(DataFileWriter_ESTest_scaffolding.java:644)
	at org.apache.avro.file.DataFileWriter_ESTest_scaffolding.doneWithTestCase(DataFileWriter_ESTest_scaffolding.java:68)
	at sun.reflect.NativeMethodAccessorImpl.invoke0(Native Method)
	at sun.reflect.NativeMethodAccessorImpl.invoke(NativeMethodAccessorImpl.java:62)
	at sun.reflect.DelegatingMethodAccessorImpl.invoke(DelegatingMethodAccessorImpl.java:43)
	at java.lang.reflect.Method.invoke(Method.java:498)
	at org.junit.runners.model.FrameworkMethod$1.runReflectiveCall(FrameworkMethod.java:59)
	at org.junit.internal.runners.model.ReflectiveCallable.run(ReflectiveCallable.java:12)
	at org.junit.runners.model.FrameworkMethod.invokeExplosively(FrameworkMethod.java:56)
	at org.junit.internal.runners.statements.RunAfters.invokeMethod(RunAfters.java:46)
	at org.junit.internal.runners.statements.RunAfters.evaluate(RunAfters.java:33)
	at org.evosuite.runtime.vnet.NonFunctionalRequirementRule$1.evaluate(NonFunctionalRequirementRule.java:41)
	at org.junit.runners.ParentRunner$3.evaluate(ParentRunner.java:306)
	at org.junit.runners.BlockJUnit4ClassRunner$1.evaluate(BlockJUnit4ClassRunner.java:100)
	at org.junit.runners.ParentRunner.runLeaf(ParentRunner.java:366)
	at org.junit.runners.BlockJUnit4ClassRunner.runChild(BlockJUnit4ClassRunner.java:103)
	at org.junit.runners.BlockJUnit4ClassRunner.runChild(BlockJUnit4ClassRunner.java:63)
	at org.junit.runners.ParentRunner$4.run(ParentRunner.java:331)
	at org.junit.runners.ParentRunner$1.schedule(ParentRunner.java:79)
	at org.junit.runners.ParentRunner.runChildren(ParentRunner.java:329)
	at org.junit.runners.ParentRunner.access$100(ParentRunner.java:66)
	at org.junit.runners.ParentRunner$2.evaluate(ParentRunner.java:293)
	at org.junit.internal.runners.statements.RunBefores.evaluate(RunBefores.java:26)
	at org.junit.internal.runners.statements.RunAfters.evaluate(RunAfters.java:27)
	at org.junit.runners.ParentRunner$3.evaluate(ParentRunner.java:306)
	at org.junit.runners.ParentRunner.run(ParentRunner.java:413)
	at org.apache.maven.surefire.junit4.JUnit4Provider.execute(JUnit4Provider.java:316)
	at org.apache.maven.surefire.junit4.JUnit4Provider.executeWithRerun(JUnit4Provider.java:240)
	at org.apache.maven.surefire.junit4.JUnit4Provider.executeTestSet(JUnit4Provider.java:214)
	at org.apache.maven.surefire.junit4.JUnit4Provider.invoke(JUnit4Provider.java:155)
	at org.apache.maven.surefire.booter.ForkedBooter.runSuitesInProcess(ForkedBooter.java:385)
	at org.apache.maven.surefire.booter.ForkedBooter.execute(ForkedBooter.java:162)
	at org.apache.maven.surefire.booter.ForkedBooter.run(ForkedBooter.java:507)
	at org.apache.maven.surefire.booter.ForkedBooter.main(ForkedBooter.java:495)
]]></system-err>
  </testcase>
  <testcase name="test77" classname="org.apache.avro.file.DataFileWriter_ESTest" time="0.238">
    <system-err><![CDATA[java.lang.SecurityException: Security manager blocks ("java.lang.RuntimePermission" "loadLibrary./tmp/snappy-1.1.8-00000000-0100-4000-8200-000003000000-libsnappyjava.so")
java.lang.Thread.getStackTrace(Thread.java:1564)
org.evosuite.runtime.sandbox.MSecurityManager.checkPermission(MSecurityManager.java:424)
java.lang.SecurityManager.checkLink(SecurityManager.java:835)
java.lang.Runtime.load0(Runtime.java:776)
java.lang.System.load(System.java:1100)
org.xerial.snappy.SnappyLoader.loadNativeLibrary(SnappyLoader.java:198)
org.xerial.snappy.SnappyLoader.loadSnappyApi(SnappyLoader.java:167)
org.xerial.snappy.Snappy.init(Snappy.java:69)
org.xerial.snappy.Snappy.__STATIC_RESET(Snappy.java:46)
sun.reflect.NativeMethodAccessorImpl.invoke0(Native Method)
sun.reflect.NativeMethodAccessorImpl.invoke(NativeMethodAccessorImpl.java:62)
sun.reflect.DelegatingMethodAccessorImpl.invoke(DelegatingMethodAccessorImpl.java:43)
java.lang.reflect.Method.invoke(Method.java:498)
org.evosuite.runtime.classhandling.ClassResetter.reset(ClassResetter.java:159)
org.evosuite.runtime.classhandling.ClassStateSupport.resetClasses(ClassStateSupport.java:137)
org.apache.avro.file.DataFileWriter_ESTest_scaffolding.resetClasses(DataFileWriter_ESTest_scaffolding.java:644)
org.apache.avro.file.DataFileWriter_ESTest_scaffolding.doneWithTestCase(DataFileWriter_ESTest_scaffolding.java:68)
sun.reflect.NativeMethodAccessorImpl.invoke0(Native Method)
sun.reflect.NativeMethodAccessorImpl.invoke(NativeMethodAccessorImpl.java:62)
sun.reflect.DelegatingMethodAccessorImpl.invoke(DelegatingMethodAccessorImpl.java:43)
java.lang.reflect.Method.invoke(Method.java:498)
org.junit.runners.model.FrameworkMethod$1.runReflectiveCall(FrameworkMethod.java:59)
org.junit.internal.runners.model.ReflectiveCallable.run(ReflectiveCallable.java:12)
org.junit.runners.model.FrameworkMethod.invokeExplosively(FrameworkMethod.java:56)
org.junit.internal.runners.statements.RunAfters.invokeMethod(RunAfters.java:46)
org.junit.internal.runners.statements.RunAfters.evaluate(RunAfters.java:33)
org.evosuite.runtime.vnet.NonFunctionalRequirementRule$1.evaluate(NonFunctionalRequirementRule.java:41)
org.junit.runners.ParentRunner$3.evaluate(ParentRunner.java:306)
org.junit.runners.BlockJUnit4ClassRunner$1.evaluate(BlockJUnit4ClassRunner.java:100)
org.junit.runners.ParentRunner.runLeaf(ParentRunner.java:366)
org.junit.runners.BlockJUnit4ClassRunner.runChild(BlockJUnit4ClassRunner.java:103)
org.junit.runners.BlockJUnit4ClassRunner.runChild(BlockJUnit4ClassRunner.java:63)
org.junit.runners.ParentRunner$4.run(ParentRunner.java:331)
org.junit.runners.ParentRunner$1.schedule(ParentRunner.java:79)
org.junit.runners.ParentRunner.runChildren(ParentRunner.java:329)
org.junit.runners.ParentRunner.access$100(ParentRunner.java:66)
org.junit.runners.ParentRunner$2.evaluate(ParentRunner.java:293)
org.junit.internal.runners.statements.RunBefores.evaluate(RunBefores.java:26)
org.junit.internal.runners.statements.RunAfters.evaluate(RunAfters.java:27)
org.junit.runners.ParentRunner$3.evaluate(ParentRunner.java:306)
org.junit.runners.ParentRunner.run(ParentRunner.java:413)
org.apache.maven.surefire.junit4.JUnit4Provider.execute(JUnit4Provider.java:316)
org.apache.maven.surefire.junit4.JUnit4Provider.executeWithRerun(JUnit4Provider.java:240)
org.apache.maven.surefire.junit4.JUnit4Provider.executeTestSet(JUnit4Provider.java:214)
org.apache.maven.surefire.junit4.JUnit4Provider.invoke(JUnit4Provider.java:155)
org.apache.maven.surefire.booter.ForkedBooter.runSuitesInProcess(ForkedBooter.java:385)
org.apache.maven.surefire.booter.ForkedBooter.execute(ForkedBooter.java:162)
org.apache.maven.surefire.booter.ForkedBooter.run(ForkedBooter.java:507)
org.apache.maven.surefire.booter.ForkedBooter.main(ForkedBooter.java:495)

	at org.evosuite.runtime.sandbox.MSecurityManager.checkPermission(MSecurityManager.java:436)
	at java.lang.SecurityManager.checkLink(SecurityManager.java:835)
	at java.lang.Runtime.load0(Runtime.java:776)
	at java.lang.System.load(System.java:1100)
	at org.xerial.snappy.SnappyLoader.loadNativeLibrary(SnappyLoader.java:198)
	at org.xerial.snappy.SnappyLoader.loadSnappyApi(SnappyLoader.java:167)
	at org.xerial.snappy.Snappy.init(Snappy.java:69)
	at org.xerial.snappy.Snappy.__STATIC_RESET(Snappy.java:46)
	at sun.reflect.NativeMethodAccessorImpl.invoke0(Native Method)
	at sun.reflect.NativeMethodAccessorImpl.invoke(NativeMethodAccessorImpl.java:62)
	at sun.reflect.DelegatingMethodAccessorImpl.invoke(DelegatingMethodAccessorImpl.java:43)
	at java.lang.reflect.Method.invoke(Method.java:498)
	at org.evosuite.runtime.classhandling.ClassResetter.reset(ClassResetter.java:159)
	at org.evosuite.runtime.classhandling.ClassStateSupport.resetClasses(ClassStateSupport.java:137)
	at org.apache.avro.file.DataFileWriter_ESTest_scaffolding.resetClasses(DataFileWriter_ESTest_scaffolding.java:644)
	at org.apache.avro.file.DataFileWriter_ESTest_scaffolding.doneWithTestCase(DataFileWriter_ESTest_scaffolding.java:68)
	at sun.reflect.NativeMethodAccessorImpl.invoke0(Native Method)
	at sun.reflect.NativeMethodAccessorImpl.invoke(NativeMethodAccessorImpl.java:62)
	at sun.reflect.DelegatingMethodAccessorImpl.invoke(DelegatingMethodAccessorImpl.java:43)
	at java.lang.reflect.Method.invoke(Method.java:498)
	at org.junit.runners.model.FrameworkMethod$1.runReflectiveCall(FrameworkMethod.java:59)
	at org.junit.internal.runners.model.ReflectiveCallable.run(ReflectiveCallable.java:12)
	at org.junit.runners.model.FrameworkMethod.invokeExplosively(FrameworkMethod.java:56)
	at org.junit.internal.runners.statements.RunAfters.invokeMethod(RunAfters.java:46)
	at org.junit.internal.runners.statements.RunAfters.evaluate(RunAfters.java:33)
	at org.evosuite.runtime.vnet.NonFunctionalRequirementRule$1.evaluate(NonFunctionalRequirementRule.java:41)
	at org.junit.runners.ParentRunner$3.evaluate(ParentRunner.java:306)
	at org.junit.runners.BlockJUnit4ClassRunner$1.evaluate(BlockJUnit4ClassRunner.java:100)
	at org.junit.runners.ParentRunner.runLeaf(ParentRunner.java:366)
	at org.junit.runners.BlockJUnit4ClassRunner.runChild(BlockJUnit4ClassRunner.java:103)
	at org.junit.runners.BlockJUnit4ClassRunner.runChild(BlockJUnit4ClassRunner.java:63)
	at org.junit.runners.ParentRunner$4.run(ParentRunner.java:331)
	at org.junit.runners.ParentRunner$1.schedule(ParentRunner.java:79)
	at org.junit.runners.ParentRunner.runChildren(ParentRunner.java:329)
	at org.junit.runners.ParentRunner.access$100(ParentRunner.java:66)
	at org.junit.runners.ParentRunner$2.evaluate(ParentRunner.java:293)
	at org.junit.internal.runners.statements.RunBefores.evaluate(RunBefores.java:26)
	at org.junit.internal.runners.statements.RunAfters.evaluate(RunAfters.java:27)
	at org.junit.runners.ParentRunner$3.evaluate(ParentRunner.java:306)
	at org.junit.runners.ParentRunner.run(ParentRunner.java:413)
	at org.apache.maven.surefire.junit4.JUnit4Provider.execute(JUnit4Provider.java:316)
	at org.apache.maven.surefire.junit4.JUnit4Provider.executeWithRerun(JUnit4Provider.java:240)
	at org.apache.maven.surefire.junit4.JUnit4Provider.executeTestSet(JUnit4Provider.java:214)
	at org.apache.maven.surefire.junit4.JUnit4Provider.invoke(JUnit4Provider.java:155)
	at org.apache.maven.surefire.booter.ForkedBooter.runSuitesInProcess(ForkedBooter.java:385)
	at org.apache.maven.surefire.booter.ForkedBooter.execute(ForkedBooter.java:162)
	at org.apache.maven.surefire.booter.ForkedBooter.run(ForkedBooter.java:507)
	at org.apache.maven.surefire.booter.ForkedBooter.main(ForkedBooter.java:495)
]]></system-err>
  </testcase>
  <testcase name="test34" classname="org.apache.avro.file.DataFileWriter_ESTest" time="0.173">
    <system-err><![CDATA[java.lang.SecurityException: Security manager blocks ("java.lang.RuntimePermission" "loadLibrary./tmp/snappy-1.1.8-00000000-0100-4000-8200-000003000000-libsnappyjava.so")
java.lang.Thread.getStackTrace(Thread.java:1564)
org.evosuite.runtime.sandbox.MSecurityManager.checkPermission(MSecurityManager.java:424)
java.lang.SecurityManager.checkLink(SecurityManager.java:835)
java.lang.Runtime.load0(Runtime.java:776)
java.lang.System.load(System.java:1100)
org.xerial.snappy.SnappyLoader.loadNativeLibrary(SnappyLoader.java:198)
org.xerial.snappy.SnappyLoader.loadSnappyApi(SnappyLoader.java:167)
org.xerial.snappy.Snappy.init(Snappy.java:69)
org.xerial.snappy.Snappy.__STATIC_RESET(Snappy.java:46)
sun.reflect.NativeMethodAccessorImpl.invoke0(Native Method)
sun.reflect.NativeMethodAccessorImpl.invoke(NativeMethodAccessorImpl.java:62)
sun.reflect.DelegatingMethodAccessorImpl.invoke(DelegatingMethodAccessorImpl.java:43)
java.lang.reflect.Method.invoke(Method.java:498)
org.evosuite.runtime.classhandling.ClassResetter.reset(ClassResetter.java:159)
org.evosuite.runtime.classhandling.ClassStateSupport.resetClasses(ClassStateSupport.java:137)
org.apache.avro.file.DataFileWriter_ESTest_scaffolding.resetClasses(DataFileWriter_ESTest_scaffolding.java:644)
org.apache.avro.file.DataFileWriter_ESTest_scaffolding.doneWithTestCase(DataFileWriter_ESTest_scaffolding.java:68)
sun.reflect.NativeMethodAccessorImpl.invoke0(Native Method)
sun.reflect.NativeMethodAccessorImpl.invoke(NativeMethodAccessorImpl.java:62)
sun.reflect.DelegatingMethodAccessorImpl.invoke(DelegatingMethodAccessorImpl.java:43)
java.lang.reflect.Method.invoke(Method.java:498)
org.junit.runners.model.FrameworkMethod$1.runReflectiveCall(FrameworkMethod.java:59)
org.junit.internal.runners.model.ReflectiveCallable.run(ReflectiveCallable.java:12)
org.junit.runners.model.FrameworkMethod.invokeExplosively(FrameworkMethod.java:56)
org.junit.internal.runners.statements.RunAfters.invokeMethod(RunAfters.java:46)
org.junit.internal.runners.statements.RunAfters.evaluate(RunAfters.java:33)
org.evosuite.runtime.vnet.NonFunctionalRequirementRule$1.evaluate(NonFunctionalRequirementRule.java:41)
org.junit.runners.ParentRunner$3.evaluate(ParentRunner.java:306)
org.junit.runners.BlockJUnit4ClassRunner$1.evaluate(BlockJUnit4ClassRunner.java:100)
org.junit.runners.ParentRunner.runLeaf(ParentRunner.java:366)
org.junit.runners.BlockJUnit4ClassRunner.runChild(BlockJUnit4ClassRunner.java:103)
org.junit.runners.BlockJUnit4ClassRunner.runChild(BlockJUnit4ClassRunner.java:63)
org.junit.runners.ParentRunner$4.run(ParentRunner.java:331)
org.junit.runners.ParentRunner$1.schedule(ParentRunner.java:79)
org.junit.runners.ParentRunner.runChildren(ParentRunner.java:329)
org.junit.runners.ParentRunner.access$100(ParentRunner.java:66)
org.junit.runners.ParentRunner$2.evaluate(ParentRunner.java:293)
org.junit.internal.runners.statements.RunBefores.evaluate(RunBefores.java:26)
org.junit.internal.runners.statements.RunAfters.evaluate(RunAfters.java:27)
org.junit.runners.ParentRunner$3.evaluate(ParentRunner.java:306)
org.junit.runners.ParentRunner.run(ParentRunner.java:413)
org.apache.maven.surefire.junit4.JUnit4Provider.execute(JUnit4Provider.java:316)
org.apache.maven.surefire.junit4.JUnit4Provider.executeWithRerun(JUnit4Provider.java:240)
org.apache.maven.surefire.junit4.JUnit4Provider.executeTestSet(JUnit4Provider.java:214)
org.apache.maven.surefire.junit4.JUnit4Provider.invoke(JUnit4Provider.java:155)
org.apache.maven.surefire.booter.ForkedBooter.runSuitesInProcess(ForkedBooter.java:385)
org.apache.maven.surefire.booter.ForkedBooter.execute(ForkedBooter.java:162)
org.apache.maven.surefire.booter.ForkedBooter.run(ForkedBooter.java:507)
org.apache.maven.surefire.booter.ForkedBooter.main(ForkedBooter.java:495)

	at org.evosuite.runtime.sandbox.MSecurityManager.checkPermission(MSecurityManager.java:436)
	at java.lang.SecurityManager.checkLink(SecurityManager.java:835)
	at java.lang.Runtime.load0(Runtime.java:776)
	at java.lang.System.load(System.java:1100)
	at org.xerial.snappy.SnappyLoader.loadNativeLibrary(SnappyLoader.java:198)
	at org.xerial.snappy.SnappyLoader.loadSnappyApi(SnappyLoader.java:167)
	at org.xerial.snappy.Snappy.init(Snappy.java:69)
	at org.xerial.snappy.Snappy.__STATIC_RESET(Snappy.java:46)
	at sun.reflect.NativeMethodAccessorImpl.invoke0(Native Method)
	at sun.reflect.NativeMethodAccessorImpl.invoke(NativeMethodAccessorImpl.java:62)
	at sun.reflect.DelegatingMethodAccessorImpl.invoke(DelegatingMethodAccessorImpl.java:43)
	at java.lang.reflect.Method.invoke(Method.java:498)
	at org.evosuite.runtime.classhandling.ClassResetter.reset(ClassResetter.java:159)
	at org.evosuite.runtime.classhandling.ClassStateSupport.resetClasses(ClassStateSupport.java:137)
	at org.apache.avro.file.DataFileWriter_ESTest_scaffolding.resetClasses(DataFileWriter_ESTest_scaffolding.java:644)
	at org.apache.avro.file.DataFileWriter_ESTest_scaffolding.doneWithTestCase(DataFileWriter_ESTest_scaffolding.java:68)
	at sun.reflect.NativeMethodAccessorImpl.invoke0(Native Method)
	at sun.reflect.NativeMethodAccessorImpl.invoke(NativeMethodAccessorImpl.java:62)
	at sun.reflect.DelegatingMethodAccessorImpl.invoke(DelegatingMethodAccessorImpl.java:43)
	at java.lang.reflect.Method.invoke(Method.java:498)
	at org.junit.runners.model.FrameworkMethod$1.runReflectiveCall(FrameworkMethod.java:59)
	at org.junit.internal.runners.model.ReflectiveCallable.run(ReflectiveCallable.java:12)
	at org.junit.runners.model.FrameworkMethod.invokeExplosively(FrameworkMethod.java:56)
	at org.junit.internal.runners.statements.RunAfters.invokeMethod(RunAfters.java:46)
	at org.junit.internal.runners.statements.RunAfters.evaluate(RunAfters.java:33)
	at org.evosuite.runtime.vnet.NonFunctionalRequirementRule$1.evaluate(NonFunctionalRequirementRule.java:41)
	at org.junit.runners.ParentRunner$3.evaluate(ParentRunner.java:306)
	at org.junit.runners.BlockJUnit4ClassRunner$1.evaluate(BlockJUnit4ClassRunner.java:100)
	at org.junit.runners.ParentRunner.runLeaf(ParentRunner.java:366)
	at org.junit.runners.BlockJUnit4ClassRunner.runChild(BlockJUnit4ClassRunner.java:103)
	at org.junit.runners.BlockJUnit4ClassRunner.runChild(BlockJUnit4ClassRunner.java:63)
	at org.junit.runners.ParentRunner$4.run(ParentRunner.java:331)
	at org.junit.runners.ParentRunner$1.schedule(ParentRunner.java:79)
	at org.junit.runners.ParentRunner.runChildren(ParentRunner.java:329)
	at org.junit.runners.ParentRunner.access$100(ParentRunner.java:66)
	at org.junit.runners.ParentRunner$2.evaluate(ParentRunner.java:293)
	at org.junit.internal.runners.statements.RunBefores.evaluate(RunBefores.java:26)
	at org.junit.internal.runners.statements.RunAfters.evaluate(RunAfters.java:27)
	at org.junit.runners.ParentRunner$3.evaluate(ParentRunner.java:306)
	at org.junit.runners.ParentRunner.run(ParentRunner.java:413)
	at org.apache.maven.surefire.junit4.JUnit4Provider.execute(JUnit4Provider.java:316)
	at org.apache.maven.surefire.junit4.JUnit4Provider.executeWithRerun(JUnit4Provider.java:240)
	at org.apache.maven.surefire.junit4.JUnit4Provider.executeTestSet(JUnit4Provider.java:214)
	at org.apache.maven.surefire.junit4.JUnit4Provider.invoke(JUnit4Provider.java:155)
	at org.apache.maven.surefire.booter.ForkedBooter.runSuitesInProcess(ForkedBooter.java:385)
	at org.apache.maven.surefire.booter.ForkedBooter.execute(ForkedBooter.java:162)
	at org.apache.maven.surefire.booter.ForkedBooter.run(ForkedBooter.java:507)
	at org.apache.maven.surefire.booter.ForkedBooter.main(ForkedBooter.java:495)
]]></system-err>
  </testcase>
  <testcase name="test78" classname="org.apache.avro.file.DataFileWriter_ESTest" time="0.268">
    <system-err><![CDATA[java.lang.SecurityException: Security manager blocks ("java.lang.RuntimePermission" "loadLibrary./tmp/snappy-1.1.8-00000000-0100-4000-8200-000003000000-libsnappyjava.so")
java.lang.Thread.getStackTrace(Thread.java:1564)
org.evosuite.runtime.sandbox.MSecurityManager.checkPermission(MSecurityManager.java:424)
java.lang.SecurityManager.checkLink(SecurityManager.java:835)
java.lang.Runtime.load0(Runtime.java:776)
java.lang.System.load(System.java:1100)
org.xerial.snappy.SnappyLoader.loadNativeLibrary(SnappyLoader.java:198)
org.xerial.snappy.SnappyLoader.loadSnappyApi(SnappyLoader.java:167)
org.xerial.snappy.Snappy.init(Snappy.java:69)
org.xerial.snappy.Snappy.__STATIC_RESET(Snappy.java:46)
sun.reflect.NativeMethodAccessorImpl.invoke0(Native Method)
sun.reflect.NativeMethodAccessorImpl.invoke(NativeMethodAccessorImpl.java:62)
sun.reflect.DelegatingMethodAccessorImpl.invoke(DelegatingMethodAccessorImpl.java:43)
java.lang.reflect.Method.invoke(Method.java:498)
org.evosuite.runtime.classhandling.ClassResetter.reset(ClassResetter.java:159)
org.evosuite.runtime.classhandling.ClassStateSupport.resetClasses(ClassStateSupport.java:137)
org.apache.avro.file.DataFileWriter_ESTest_scaffolding.resetClasses(DataFileWriter_ESTest_scaffolding.java:644)
org.apache.avro.file.DataFileWriter_ESTest_scaffolding.doneWithTestCase(DataFileWriter_ESTest_scaffolding.java:68)
sun.reflect.NativeMethodAccessorImpl.invoke0(Native Method)
sun.reflect.NativeMethodAccessorImpl.invoke(NativeMethodAccessorImpl.java:62)
sun.reflect.DelegatingMethodAccessorImpl.invoke(DelegatingMethodAccessorImpl.java:43)
java.lang.reflect.Method.invoke(Method.java:498)
org.junit.runners.model.FrameworkMethod$1.runReflectiveCall(FrameworkMethod.java:59)
org.junit.internal.runners.model.ReflectiveCallable.run(ReflectiveCallable.java:12)
org.junit.runners.model.FrameworkMethod.invokeExplosively(FrameworkMethod.java:56)
org.junit.internal.runners.statements.RunAfters.invokeMethod(RunAfters.java:46)
org.junit.internal.runners.statements.RunAfters.evaluate(RunAfters.java:33)
org.evosuite.runtime.vnet.NonFunctionalRequirementRule$1.evaluate(NonFunctionalRequirementRule.java:41)
org.junit.runners.ParentRunner$3.evaluate(ParentRunner.java:306)
org.junit.runners.BlockJUnit4ClassRunner$1.evaluate(BlockJUnit4ClassRunner.java:100)
org.junit.runners.ParentRunner.runLeaf(ParentRunner.java:366)
org.junit.runners.BlockJUnit4ClassRunner.runChild(BlockJUnit4ClassRunner.java:103)
org.junit.runners.BlockJUnit4ClassRunner.runChild(BlockJUnit4ClassRunner.java:63)
org.junit.runners.ParentRunner$4.run(ParentRunner.java:331)
org.junit.runners.ParentRunner$1.schedule(ParentRunner.java:79)
org.junit.runners.ParentRunner.runChildren(ParentRunner.java:329)
org.junit.runners.ParentRunner.access$100(ParentRunner.java:66)
org.junit.runners.ParentRunner$2.evaluate(ParentRunner.java:293)
org.junit.internal.runners.statements.RunBefores.evaluate(RunBefores.java:26)
org.junit.internal.runners.statements.RunAfters.evaluate(RunAfters.java:27)
org.junit.runners.ParentRunner$3.evaluate(ParentRunner.java:306)
org.junit.runners.ParentRunner.run(ParentRunner.java:413)
org.apache.maven.surefire.junit4.JUnit4Provider.execute(JUnit4Provider.java:316)
org.apache.maven.surefire.junit4.JUnit4Provider.executeWithRerun(JUnit4Provider.java:240)
org.apache.maven.surefire.junit4.JUnit4Provider.executeTestSet(JUnit4Provider.java:214)
org.apache.maven.surefire.junit4.JUnit4Provider.invoke(JUnit4Provider.java:155)
org.apache.maven.surefire.booter.ForkedBooter.runSuitesInProcess(ForkedBooter.java:385)
org.apache.maven.surefire.booter.ForkedBooter.execute(ForkedBooter.java:162)
org.apache.maven.surefire.booter.ForkedBooter.run(ForkedBooter.java:507)
org.apache.maven.surefire.booter.ForkedBooter.main(ForkedBooter.java:495)

	at org.evosuite.runtime.sandbox.MSecurityManager.checkPermission(MSecurityManager.java:436)
	at java.lang.SecurityManager.checkLink(SecurityManager.java:835)
	at java.lang.Runtime.load0(Runtime.java:776)
	at java.lang.System.load(System.java:1100)
	at org.xerial.snappy.SnappyLoader.loadNativeLibrary(SnappyLoader.java:198)
	at org.xerial.snappy.SnappyLoader.loadSnappyApi(SnappyLoader.java:167)
	at org.xerial.snappy.Snappy.init(Snappy.java:69)
	at org.xerial.snappy.Snappy.__STATIC_RESET(Snappy.java:46)
	at sun.reflect.NativeMethodAccessorImpl.invoke0(Native Method)
	at sun.reflect.NativeMethodAccessorImpl.invoke(NativeMethodAccessorImpl.java:62)
	at sun.reflect.DelegatingMethodAccessorImpl.invoke(DelegatingMethodAccessorImpl.java:43)
	at java.lang.reflect.Method.invoke(Method.java:498)
	at org.evosuite.runtime.classhandling.ClassResetter.reset(ClassResetter.java:159)
	at org.evosuite.runtime.classhandling.ClassStateSupport.resetClasses(ClassStateSupport.java:137)
	at org.apache.avro.file.DataFileWriter_ESTest_scaffolding.resetClasses(DataFileWriter_ESTest_scaffolding.java:644)
	at org.apache.avro.file.DataFileWriter_ESTest_scaffolding.doneWithTestCase(DataFileWriter_ESTest_scaffolding.java:68)
	at sun.reflect.NativeMethodAccessorImpl.invoke0(Native Method)
	at sun.reflect.NativeMethodAccessorImpl.invoke(NativeMethodAccessorImpl.java:62)
	at sun.reflect.DelegatingMethodAccessorImpl.invoke(DelegatingMethodAccessorImpl.java:43)
	at java.lang.reflect.Method.invoke(Method.java:498)
	at org.junit.runners.model.FrameworkMethod$1.runReflectiveCall(FrameworkMethod.java:59)
	at org.junit.internal.runners.model.ReflectiveCallable.run(ReflectiveCallable.java:12)
	at org.junit.runners.model.FrameworkMethod.invokeExplosively(FrameworkMethod.java:56)
	at org.junit.internal.runners.statements.RunAfters.invokeMethod(RunAfters.java:46)
	at org.junit.internal.runners.statements.RunAfters.evaluate(RunAfters.java:33)
	at org.evosuite.runtime.vnet.NonFunctionalRequirementRule$1.evaluate(NonFunctionalRequirementRule.java:41)
	at org.junit.runners.ParentRunner$3.evaluate(ParentRunner.java:306)
	at org.junit.runners.BlockJUnit4ClassRunner$1.evaluate(BlockJUnit4ClassRunner.java:100)
	at org.junit.runners.ParentRunner.runLeaf(ParentRunner.java:366)
	at org.junit.runners.BlockJUnit4ClassRunner.runChild(BlockJUnit4ClassRunner.java:103)
	at org.junit.runners.BlockJUnit4ClassRunner.runChild(BlockJUnit4ClassRunner.java:63)
	at org.junit.runners.ParentRunner$4.run(ParentRunner.java:331)
	at org.junit.runners.ParentRunner$1.schedule(ParentRunner.java:79)
	at org.junit.runners.ParentRunner.runChildren(ParentRunner.java:329)
	at org.junit.runners.ParentRunner.access$100(ParentRunner.java:66)
	at org.junit.runners.ParentRunner$2.evaluate(ParentRunner.java:293)
	at org.junit.internal.runners.statements.RunBefores.evaluate(RunBefores.java:26)
	at org.junit.internal.runners.statements.RunAfters.evaluate(RunAfters.java:27)
	at org.junit.runners.ParentRunner$3.evaluate(ParentRunner.java:306)
	at org.junit.runners.ParentRunner.run(ParentRunner.java:413)
	at org.apache.maven.surefire.junit4.JUnit4Provider.execute(JUnit4Provider.java:316)
	at org.apache.maven.surefire.junit4.JUnit4Provider.executeWithRerun(JUnit4Provider.java:240)
	at org.apache.maven.surefire.junit4.JUnit4Provider.executeTestSet(JUnit4Provider.java:214)
	at org.apache.maven.surefire.junit4.JUnit4Provider.invoke(JUnit4Provider.java:155)
	at org.apache.maven.surefire.booter.ForkedBooter.runSuitesInProcess(ForkedBooter.java:385)
	at org.apache.maven.surefire.booter.ForkedBooter.execute(ForkedBooter.java:162)
	at org.apache.maven.surefire.booter.ForkedBooter.run(ForkedBooter.java:507)
	at org.apache.maven.surefire.booter.ForkedBooter.main(ForkedBooter.java:495)
]]></system-err>
  </testcase>
  <testcase name="test31" classname="org.apache.avro.file.DataFileWriter_ESTest" time="0.203">
    <system-err><![CDATA[java.lang.SecurityException: Security manager blocks ("java.lang.RuntimePermission" "loadLibrary./tmp/snappy-1.1.8-00000000-0100-4000-8200-000003000000-libsnappyjava.so")
java.lang.Thread.getStackTrace(Thread.java:1564)
org.evosuite.runtime.sandbox.MSecurityManager.checkPermission(MSecurityManager.java:424)
java.lang.SecurityManager.checkLink(SecurityManager.java:835)
java.lang.Runtime.load0(Runtime.java:776)
java.lang.System.load(System.java:1100)
org.xerial.snappy.SnappyLoader.loadNativeLibrary(SnappyLoader.java:198)
org.xerial.snappy.SnappyLoader.loadSnappyApi(SnappyLoader.java:167)
org.xerial.snappy.Snappy.init(Snappy.java:69)
org.xerial.snappy.Snappy.__STATIC_RESET(Snappy.java:46)
sun.reflect.GeneratedMethodAccessor21.invoke(Unknown Source)
sun.reflect.DelegatingMethodAccessorImpl.invoke(DelegatingMethodAccessorImpl.java:43)
java.lang.reflect.Method.invoke(Method.java:498)
org.evosuite.runtime.classhandling.ClassResetter.reset(ClassResetter.java:159)
org.evosuite.runtime.classhandling.ClassStateSupport.resetClasses(ClassStateSupport.java:137)
org.apache.avro.file.DataFileWriter_ESTest_scaffolding.resetClasses(DataFileWriter_ESTest_scaffolding.java:644)
org.apache.avro.file.DataFileWriter_ESTest_scaffolding.doneWithTestCase(DataFileWriter_ESTest_scaffolding.java:68)
sun.reflect.GeneratedMethodAccessor5.invoke(Unknown Source)
sun.reflect.DelegatingMethodAccessorImpl.invoke(DelegatingMethodAccessorImpl.java:43)
java.lang.reflect.Method.invoke(Method.java:498)
org.junit.runners.model.FrameworkMethod$1.runReflectiveCall(FrameworkMethod.java:59)
org.junit.internal.runners.model.ReflectiveCallable.run(ReflectiveCallable.java:12)
org.junit.runners.model.FrameworkMethod.invokeExplosively(FrameworkMethod.java:56)
org.junit.internal.runners.statements.RunAfters.invokeMethod(RunAfters.java:46)
org.junit.internal.runners.statements.RunAfters.evaluate(RunAfters.java:33)
org.evosuite.runtime.vnet.NonFunctionalRequirementRule$1.evaluate(NonFunctionalRequirementRule.java:41)
org.junit.runners.ParentRunner$3.evaluate(ParentRunner.java:306)
org.junit.runners.BlockJUnit4ClassRunner$1.evaluate(BlockJUnit4ClassRunner.java:100)
org.junit.runners.ParentRunner.runLeaf(ParentRunner.java:366)
org.junit.runners.BlockJUnit4ClassRunner.runChild(BlockJUnit4ClassRunner.java:103)
org.junit.runners.BlockJUnit4ClassRunner.runChild(BlockJUnit4ClassRunner.java:63)
org.junit.runners.ParentRunner$4.run(ParentRunner.java:331)
org.junit.runners.ParentRunner$1.schedule(ParentRunner.java:79)
org.junit.runners.ParentRunner.runChildren(ParentRunner.java:329)
org.junit.runners.ParentRunner.access$100(ParentRunner.java:66)
org.junit.runners.ParentRunner$2.evaluate(ParentRunner.java:293)
org.junit.internal.runners.statements.RunBefores.evaluate(RunBefores.java:26)
org.junit.internal.runners.statements.RunAfters.evaluate(RunAfters.java:27)
org.junit.runners.ParentRunner$3.evaluate(ParentRunner.java:306)
org.junit.runners.ParentRunner.run(ParentRunner.java:413)
org.apache.maven.surefire.junit4.JUnit4Provider.execute(JUnit4Provider.java:316)
org.apache.maven.surefire.junit4.JUnit4Provider.executeWithRerun(JUnit4Provider.java:240)
org.apache.maven.surefire.junit4.JUnit4Provider.executeTestSet(JUnit4Provider.java:214)
org.apache.maven.surefire.junit4.JUnit4Provider.invoke(JUnit4Provider.java:155)
org.apache.maven.surefire.booter.ForkedBooter.runSuitesInProcess(ForkedBooter.java:385)
org.apache.maven.surefire.booter.ForkedBooter.execute(ForkedBooter.java:162)
org.apache.maven.surefire.booter.ForkedBooter.run(ForkedBooter.java:507)
org.apache.maven.surefire.booter.ForkedBooter.main(ForkedBooter.java:495)

	at org.evosuite.runtime.sandbox.MSecurityManager.checkPermission(MSecurityManager.java:436)
	at java.lang.SecurityManager.checkLink(SecurityManager.java:835)
	at java.lang.Runtime.load0(Runtime.java:776)
	at java.lang.System.load(System.java:1100)
	at org.xerial.snappy.SnappyLoader.loadNativeLibrary(SnappyLoader.java:198)
	at org.xerial.snappy.SnappyLoader.loadSnappyApi(SnappyLoader.java:167)
	at org.xerial.snappy.Snappy.init(Snappy.java:69)
	at org.xerial.snappy.Snappy.__STATIC_RESET(Snappy.java:46)
	at sun.reflect.GeneratedMethodAccessor21.invoke(Unknown Source)
	at sun.reflect.DelegatingMethodAccessorImpl.invoke(DelegatingMethodAccessorImpl.java:43)
	at java.lang.reflect.Method.invoke(Method.java:498)
	at org.evosuite.runtime.classhandling.ClassResetter.reset(ClassResetter.java:159)
	at org.evosuite.runtime.classhandling.ClassStateSupport.resetClasses(ClassStateSupport.java:137)
	at org.apache.avro.file.DataFileWriter_ESTest_scaffolding.resetClasses(DataFileWriter_ESTest_scaffolding.java:644)
	at org.apache.avro.file.DataFileWriter_ESTest_scaffolding.doneWithTestCase(DataFileWriter_ESTest_scaffolding.java:68)
	at sun.reflect.GeneratedMethodAccessor5.invoke(Unknown Source)
	at sun.reflect.DelegatingMethodAccessorImpl.invoke(DelegatingMethodAccessorImpl.java:43)
	at java.lang.reflect.Method.invoke(Method.java:498)
	at org.junit.runners.model.FrameworkMethod$1.runReflectiveCall(FrameworkMethod.java:59)
	at org.junit.internal.runners.model.ReflectiveCallable.run(ReflectiveCallable.java:12)
	at org.junit.runners.model.FrameworkMethod.invokeExplosively(FrameworkMethod.java:56)
	at org.junit.internal.runners.statements.RunAfters.invokeMethod(RunAfters.java:46)
	at org.junit.internal.runners.statements.RunAfters.evaluate(RunAfters.java:33)
	at org.evosuite.runtime.vnet.NonFunctionalRequirementRule$1.evaluate(NonFunctionalRequirementRule.java:41)
	at org.junit.runners.ParentRunner$3.evaluate(ParentRunner.java:306)
	at org.junit.runners.BlockJUnit4ClassRunner$1.evaluate(BlockJUnit4ClassRunner.java:100)
	at org.junit.runners.ParentRunner.runLeaf(ParentRunner.java:366)
	at org.junit.runners.BlockJUnit4ClassRunner.runChild(BlockJUnit4ClassRunner.java:103)
	at org.junit.runners.BlockJUnit4ClassRunner.runChild(BlockJUnit4ClassRunner.java:63)
	at org.junit.runners.ParentRunner$4.run(ParentRunner.java:331)
	at org.junit.runners.ParentRunner$1.schedule(ParentRunner.java:79)
	at org.junit.runners.ParentRunner.runChildren(ParentRunner.java:329)
	at org.junit.runners.ParentRunner.access$100(ParentRunner.java:66)
	at org.junit.runners.ParentRunner$2.evaluate(ParentRunner.java:293)
	at org.junit.internal.runners.statements.RunBefores.evaluate(RunBefores.java:26)
	at org.junit.internal.runners.statements.RunAfters.evaluate(RunAfters.java:27)
	at org.junit.runners.ParentRunner$3.evaluate(ParentRunner.java:306)
	at org.junit.runners.ParentRunner.run(ParentRunner.java:413)
	at org.apache.maven.surefire.junit4.JUnit4Provider.execute(JUnit4Provider.java:316)
	at org.apache.maven.surefire.junit4.JUnit4Provider.executeWithRerun(JUnit4Provider.java:240)
	at org.apache.maven.surefire.junit4.JUnit4Provider.executeTestSet(JUnit4Provider.java:214)
	at org.apache.maven.surefire.junit4.JUnit4Provider.invoke(JUnit4Provider.java:155)
	at org.apache.maven.surefire.booter.ForkedBooter.runSuitesInProcess(ForkedBooter.java:385)
	at org.apache.maven.surefire.booter.ForkedBooter.execute(ForkedBooter.java:162)
	at org.apache.maven.surefire.booter.ForkedBooter.run(ForkedBooter.java:507)
	at org.apache.maven.surefire.booter.ForkedBooter.main(ForkedBooter.java:495)
[main] WARN org.evosuite.runtime.classhandling.ClassResetter - java.lang.reflect.InvocationTargetException, caused by: java.lang.NoClassDefFoundError: Could not initialize class com.github.luben.zstd.Zstd
]]></system-err>
  </testcase>
  <testcase name="test75" classname="org.apache.avro.file.DataFileWriter_ESTest" time="0.224">
    <system-err><![CDATA[java.lang.SecurityException: Security manager blocks ("java.lang.RuntimePermission" "loadLibrary./tmp/snappy-1.1.8-00000000-0100-4000-8200-000003000000-libsnappyjava.so")
java.lang.Thread.getStackTrace(Thread.java:1564)
org.evosuite.runtime.sandbox.MSecurityManager.checkPermission(MSecurityManager.java:424)
java.lang.SecurityManager.checkLink(SecurityManager.java:835)
java.lang.Runtime.load0(Runtime.java:776)
java.lang.System.load(System.java:1100)
org.xerial.snappy.SnappyLoader.loadNativeLibrary(SnappyLoader.java:198)
org.xerial.snappy.SnappyLoader.loadSnappyApi(SnappyLoader.java:167)
org.xerial.snappy.Snappy.init(Snappy.java:69)
org.xerial.snappy.Snappy.__STATIC_RESET(Snappy.java:46)
sun.reflect.GeneratedMethodAccessor21.invoke(Unknown Source)
sun.reflect.DelegatingMethodAccessorImpl.invoke(DelegatingMethodAccessorImpl.java:43)
java.lang.reflect.Method.invoke(Method.java:498)
org.evosuite.runtime.classhandling.ClassResetter.reset(ClassResetter.java:159)
org.evosuite.runtime.classhandling.ClassStateSupport.resetClasses(ClassStateSupport.java:137)
org.apache.avro.file.DataFileWriter_ESTest_scaffolding.resetClasses(DataFileWriter_ESTest_scaffolding.java:644)
org.apache.avro.file.DataFileWriter_ESTest_scaffolding.doneWithTestCase(DataFileWriter_ESTest_scaffolding.java:68)
sun.reflect.GeneratedMethodAccessor5.invoke(Unknown Source)
sun.reflect.DelegatingMethodAccessorImpl.invoke(DelegatingMethodAccessorImpl.java:43)
java.lang.reflect.Method.invoke(Method.java:498)
org.junit.runners.model.FrameworkMethod$1.runReflectiveCall(FrameworkMethod.java:59)
org.junit.internal.runners.model.ReflectiveCallable.run(ReflectiveCallable.java:12)
org.junit.runners.model.FrameworkMethod.invokeExplosively(FrameworkMethod.java:56)
org.junit.internal.runners.statements.RunAfters.invokeMethod(RunAfters.java:46)
org.junit.internal.runners.statements.RunAfters.evaluate(RunAfters.java:33)
org.evosuite.runtime.vnet.NonFunctionalRequirementRule$1.evaluate(NonFunctionalRequirementRule.java:41)
org.junit.runners.ParentRunner$3.evaluate(ParentRunner.java:306)
org.junit.runners.BlockJUnit4ClassRunner$1.evaluate(BlockJUnit4ClassRunner.java:100)
org.junit.runners.ParentRunner.runLeaf(ParentRunner.java:366)
org.junit.runners.BlockJUnit4ClassRunner.runChild(BlockJUnit4ClassRunner.java:103)
org.junit.runners.BlockJUnit4ClassRunner.runChild(BlockJUnit4ClassRunner.java:63)
org.junit.runners.ParentRunner$4.run(ParentRunner.java:331)
org.junit.runners.ParentRunner$1.schedule(ParentRunner.java:79)
org.junit.runners.ParentRunner.runChildren(ParentRunner.java:329)
org.junit.runners.ParentRunner.access$100(ParentRunner.java:66)
org.junit.runners.ParentRunner$2.evaluate(ParentRunner.java:293)
org.junit.internal.runners.statements.RunBefores.evaluate(RunBefores.java:26)
org.junit.internal.runners.statements.RunAfters.evaluate(RunAfters.java:27)
org.junit.runners.ParentRunner$3.evaluate(ParentRunner.java:306)
org.junit.runners.ParentRunner.run(ParentRunner.java:413)
org.apache.maven.surefire.junit4.JUnit4Provider.execute(JUnit4Provider.java:316)
org.apache.maven.surefire.junit4.JUnit4Provider.executeWithRerun(JUnit4Provider.java:240)
org.apache.maven.surefire.junit4.JUnit4Provider.executeTestSet(JUnit4Provider.java:214)
org.apache.maven.surefire.junit4.JUnit4Provider.invoke(JUnit4Provider.java:155)
org.apache.maven.surefire.booter.ForkedBooter.runSuitesInProcess(ForkedBooter.java:385)
org.apache.maven.surefire.booter.ForkedBooter.execute(ForkedBooter.java:162)
org.apache.maven.surefire.booter.ForkedBooter.run(ForkedBooter.java:507)
org.apache.maven.surefire.booter.ForkedBooter.main(ForkedBooter.java:495)

	at org.evosuite.runtime.sandbox.MSecurityManager.checkPermission(MSecurityManager.java:436)
	at java.lang.SecurityManager.checkLink(SecurityManager.java:835)
	at java.lang.Runtime.load0(Runtime.java:776)
	at java.lang.System.load(System.java:1100)
	at org.xerial.snappy.SnappyLoader.loadNativeLibrary(SnappyLoader.java:198)
	at org.xerial.snappy.SnappyLoader.loadSnappyApi(SnappyLoader.java:167)
	at org.xerial.snappy.Snappy.init(Snappy.java:69)
	at org.xerial.snappy.Snappy.__STATIC_RESET(Snappy.java:46)
	at sun.reflect.GeneratedMethodAccessor21.invoke(Unknown Source)
	at sun.reflect.DelegatingMethodAccessorImpl.invoke(DelegatingMethodAccessorImpl.java:43)
	at java.lang.reflect.Method.invoke(Method.java:498)
	at org.evosuite.runtime.classhandling.ClassResetter.reset(ClassResetter.java:159)
	at org.evosuite.runtime.classhandling.ClassStateSupport.resetClasses(ClassStateSupport.java:137)
	at org.apache.avro.file.DataFileWriter_ESTest_scaffolding.resetClasses(DataFileWriter_ESTest_scaffolding.java:644)
	at org.apache.avro.file.DataFileWriter_ESTest_scaffolding.doneWithTestCase(DataFileWriter_ESTest_scaffolding.java:68)
	at sun.reflect.GeneratedMethodAccessor5.invoke(Unknown Source)
	at sun.reflect.DelegatingMethodAccessorImpl.invoke(DelegatingMethodAccessorImpl.java:43)
	at java.lang.reflect.Method.invoke(Method.java:498)
	at org.junit.runners.model.FrameworkMethod$1.runReflectiveCall(FrameworkMethod.java:59)
	at org.junit.internal.runners.model.ReflectiveCallable.run(ReflectiveCallable.java:12)
	at org.junit.runners.model.FrameworkMethod.invokeExplosively(FrameworkMethod.java:56)
	at org.junit.internal.runners.statements.RunAfters.invokeMethod(RunAfters.java:46)
	at org.junit.internal.runners.statements.RunAfters.evaluate(RunAfters.java:33)
	at org.evosuite.runtime.vnet.NonFunctionalRequirementRule$1.evaluate(NonFunctionalRequirementRule.java:41)
	at org.junit.runners.ParentRunner$3.evaluate(ParentRunner.java:306)
	at org.junit.runners.BlockJUnit4ClassRunner$1.evaluate(BlockJUnit4ClassRunner.java:100)
	at org.junit.runners.ParentRunner.runLeaf(ParentRunner.java:366)
	at org.junit.runners.BlockJUnit4ClassRunner.runChild(BlockJUnit4ClassRunner.java:103)
	at org.junit.runners.BlockJUnit4ClassRunner.runChild(BlockJUnit4ClassRunner.java:63)
	at org.junit.runners.ParentRunner$4.run(ParentRunner.java:331)
	at org.junit.runners.ParentRunner$1.schedule(ParentRunner.java:79)
	at org.junit.runners.ParentRunner.runChildren(ParentRunner.java:329)
	at org.junit.runners.ParentRunner.access$100(ParentRunner.java:66)
	at org.junit.runners.ParentRunner$2.evaluate(ParentRunner.java:293)
	at org.junit.internal.runners.statements.RunBefores.evaluate(RunBefores.java:26)
	at org.junit.internal.runners.statements.RunAfters.evaluate(RunAfters.java:27)
	at org.junit.runners.ParentRunner$3.evaluate(ParentRunner.java:306)
	at org.junit.runners.ParentRunner.run(ParentRunner.java:413)
	at org.apache.maven.surefire.junit4.JUnit4Provider.execute(JUnit4Provider.java:316)
	at org.apache.maven.surefire.junit4.JUnit4Provider.executeWithRerun(JUnit4Provider.java:240)
	at org.apache.maven.surefire.junit4.JUnit4Provider.executeTestSet(JUnit4Provider.java:214)
	at org.apache.maven.surefire.junit4.JUnit4Provider.invoke(JUnit4Provider.java:155)
	at org.apache.maven.surefire.booter.ForkedBooter.runSuitesInProcess(ForkedBooter.java:385)
	at org.apache.maven.surefire.booter.ForkedBooter.execute(ForkedBooter.java:162)
	at org.apache.maven.surefire.booter.ForkedBooter.run(ForkedBooter.java:507)
	at org.apache.maven.surefire.booter.ForkedBooter.main(ForkedBooter.java:495)
]]></system-err>
  </testcase>
  <testcase name="test32" classname="org.apache.avro.file.DataFileWriter_ESTest" time="0.221">
    <system-err><![CDATA[java.lang.SecurityException: Security manager blocks ("java.lang.RuntimePermission" "loadLibrary./tmp/snappy-1.1.8-00000000-0100-4000-8200-000003000000-libsnappyjava.so")
java.lang.Thread.getStackTrace(Thread.java:1564)
org.evosuite.runtime.sandbox.MSecurityManager.checkPermission(MSecurityManager.java:424)
java.lang.SecurityManager.checkLink(SecurityManager.java:835)
java.lang.Runtime.load0(Runtime.java:776)
java.lang.System.load(System.java:1100)
org.xerial.snappy.SnappyLoader.loadNativeLibrary(SnappyLoader.java:198)
org.xerial.snappy.SnappyLoader.loadSnappyApi(SnappyLoader.java:167)
org.xerial.snappy.Snappy.init(Snappy.java:69)
org.xerial.snappy.Snappy.__STATIC_RESET(Snappy.java:46)
sun.reflect.GeneratedMethodAccessor21.invoke(Unknown Source)
sun.reflect.DelegatingMethodAccessorImpl.invoke(DelegatingMethodAccessorImpl.java:43)
java.lang.reflect.Method.invoke(Method.java:498)
org.evosuite.runtime.classhandling.ClassResetter.reset(ClassResetter.java:159)
org.evosuite.runtime.classhandling.ClassStateSupport.resetClasses(ClassStateSupport.java:137)
org.apache.avro.file.DataFileWriter_ESTest_scaffolding.resetClasses(DataFileWriter_ESTest_scaffolding.java:644)
org.apache.avro.file.DataFileWriter_ESTest_scaffolding.doneWithTestCase(DataFileWriter_ESTest_scaffolding.java:68)
sun.reflect.GeneratedMethodAccessor5.invoke(Unknown Source)
sun.reflect.DelegatingMethodAccessorImpl.invoke(DelegatingMethodAccessorImpl.java:43)
java.lang.reflect.Method.invoke(Method.java:498)
org.junit.runners.model.FrameworkMethod$1.runReflectiveCall(FrameworkMethod.java:59)
org.junit.internal.runners.model.ReflectiveCallable.run(ReflectiveCallable.java:12)
org.junit.runners.model.FrameworkMethod.invokeExplosively(FrameworkMethod.java:56)
org.junit.internal.runners.statements.RunAfters.invokeMethod(RunAfters.java:46)
org.junit.internal.runners.statements.RunAfters.evaluate(RunAfters.java:33)
org.evosuite.runtime.vnet.NonFunctionalRequirementRule$1.evaluate(NonFunctionalRequirementRule.java:41)
org.junit.runners.ParentRunner$3.evaluate(ParentRunner.java:306)
org.junit.runners.BlockJUnit4ClassRunner$1.evaluate(BlockJUnit4ClassRunner.java:100)
org.junit.runners.ParentRunner.runLeaf(ParentRunner.java:366)
org.junit.runners.BlockJUnit4ClassRunner.runChild(BlockJUnit4ClassRunner.java:103)
org.junit.runners.BlockJUnit4ClassRunner.runChild(BlockJUnit4ClassRunner.java:63)
org.junit.runners.ParentRunner$4.run(ParentRunner.java:331)
org.junit.runners.ParentRunner$1.schedule(ParentRunner.java:79)
org.junit.runners.ParentRunner.runChildren(ParentRunner.java:329)
org.junit.runners.ParentRunner.access$100(ParentRunner.java:66)
org.junit.runners.ParentRunner$2.evaluate(ParentRunner.java:293)
org.junit.internal.runners.statements.RunBefores.evaluate(RunBefores.java:26)
org.junit.internal.runners.statements.RunAfters.evaluate(RunAfters.java:27)
org.junit.runners.ParentRunner$3.evaluate(ParentRunner.java:306)
org.junit.runners.ParentRunner.run(ParentRunner.java:413)
org.apache.maven.surefire.junit4.JUnit4Provider.execute(JUnit4Provider.java:316)
org.apache.maven.surefire.junit4.JUnit4Provider.executeWithRerun(JUnit4Provider.java:240)
org.apache.maven.surefire.junit4.JUnit4Provider.executeTestSet(JUnit4Provider.java:214)
org.apache.maven.surefire.junit4.JUnit4Provider.invoke(JUnit4Provider.java:155)
org.apache.maven.surefire.booter.ForkedBooter.runSuitesInProcess(ForkedBooter.java:385)
org.apache.maven.surefire.booter.ForkedBooter.execute(ForkedBooter.java:162)
org.apache.maven.surefire.booter.ForkedBooter.run(ForkedBooter.java:507)
org.apache.maven.surefire.booter.ForkedBooter.main(ForkedBooter.java:495)

	at org.evosuite.runtime.sandbox.MSecurityManager.checkPermission(MSecurityManager.java:436)
	at java.lang.SecurityManager.checkLink(SecurityManager.java:835)
	at java.lang.Runtime.load0(Runtime.java:776)
	at java.lang.System.load(System.java:1100)
	at org.xerial.snappy.SnappyLoader.loadNativeLibrary(SnappyLoader.java:198)
	at org.xerial.snappy.SnappyLoader.loadSnappyApi(SnappyLoader.java:167)
	at org.xerial.snappy.Snappy.init(Snappy.java:69)
	at org.xerial.snappy.Snappy.__STATIC_RESET(Snappy.java:46)
	at sun.reflect.GeneratedMethodAccessor21.invoke(Unknown Source)
	at sun.reflect.DelegatingMethodAccessorImpl.invoke(DelegatingMethodAccessorImpl.java:43)
	at java.lang.reflect.Method.invoke(Method.java:498)
	at org.evosuite.runtime.classhandling.ClassResetter.reset(ClassResetter.java:159)
	at org.evosuite.runtime.classhandling.ClassStateSupport.resetClasses(ClassStateSupport.java:137)
	at org.apache.avro.file.DataFileWriter_ESTest_scaffolding.resetClasses(DataFileWriter_ESTest_scaffolding.java:644)
	at org.apache.avro.file.DataFileWriter_ESTest_scaffolding.doneWithTestCase(DataFileWriter_ESTest_scaffolding.java:68)
	at sun.reflect.GeneratedMethodAccessor5.invoke(Unknown Source)
	at sun.reflect.DelegatingMethodAccessorImpl.invoke(DelegatingMethodAccessorImpl.java:43)
	at java.lang.reflect.Method.invoke(Method.java:498)
	at org.junit.runners.model.FrameworkMethod$1.runReflectiveCall(FrameworkMethod.java:59)
	at org.junit.internal.runners.model.ReflectiveCallable.run(ReflectiveCallable.java:12)
	at org.junit.runners.model.FrameworkMethod.invokeExplosively(FrameworkMethod.java:56)
	at org.junit.internal.runners.statements.RunAfters.invokeMethod(RunAfters.java:46)
	at org.junit.internal.runners.statements.RunAfters.evaluate(RunAfters.java:33)
	at org.evosuite.runtime.vnet.NonFunctionalRequirementRule$1.evaluate(NonFunctionalRequirementRule.java:41)
	at org.junit.runners.ParentRunner$3.evaluate(ParentRunner.java:306)
	at org.junit.runners.BlockJUnit4ClassRunner$1.evaluate(BlockJUnit4ClassRunner.java:100)
	at org.junit.runners.ParentRunner.runLeaf(ParentRunner.java:366)
	at org.junit.runners.BlockJUnit4ClassRunner.runChild(BlockJUnit4ClassRunner.java:103)
	at org.junit.runners.BlockJUnit4ClassRunner.runChild(BlockJUnit4ClassRunner.java:63)
	at org.junit.runners.ParentRunner$4.run(ParentRunner.java:331)
	at org.junit.runners.ParentRunner$1.schedule(ParentRunner.java:79)
	at org.junit.runners.ParentRunner.runChildren(ParentRunner.java:329)
	at org.junit.runners.ParentRunner.access$100(ParentRunner.java:66)
	at org.junit.runners.ParentRunner$2.evaluate(ParentRunner.java:293)
	at org.junit.internal.runners.statements.RunBefores.evaluate(RunBefores.java:26)
	at org.junit.internal.runners.statements.RunAfters.evaluate(RunAfters.java:27)
	at org.junit.runners.ParentRunner$3.evaluate(ParentRunner.java:306)
	at org.junit.runners.ParentRunner.run(ParentRunner.java:413)
	at org.apache.maven.surefire.junit4.JUnit4Provider.execute(JUnit4Provider.java:316)
	at org.apache.maven.surefire.junit4.JUnit4Provider.executeWithRerun(JUnit4Provider.java:240)
	at org.apache.maven.surefire.junit4.JUnit4Provider.executeTestSet(JUnit4Provider.java:214)
	at org.apache.maven.surefire.junit4.JUnit4Provider.invoke(JUnit4Provider.java:155)
	at org.apache.maven.surefire.booter.ForkedBooter.runSuitesInProcess(ForkedBooter.java:385)
	at org.apache.maven.surefire.booter.ForkedBooter.execute(ForkedBooter.java:162)
	at org.apache.maven.surefire.booter.ForkedBooter.run(ForkedBooter.java:507)
	at org.apache.maven.surefire.booter.ForkedBooter.main(ForkedBooter.java:495)
]]></system-err>
  </testcase>
  <testcase name="test76" classname="org.apache.avro.file.DataFileWriter_ESTest" time="0.248">
    <system-err><![CDATA[java.lang.SecurityException: Security manager blocks ("java.lang.RuntimePermission" "loadLibrary./tmp/snappy-1.1.8-00000000-0100-4000-8200-000003000000-libsnappyjava.so")
java.lang.Thread.getStackTrace(Thread.java:1564)
org.evosuite.runtime.sandbox.MSecurityManager.checkPermission(MSecurityManager.java:424)
java.lang.SecurityManager.checkLink(SecurityManager.java:835)
java.lang.Runtime.load0(Runtime.java:776)
java.lang.System.load(System.java:1100)
org.xerial.snappy.SnappyLoader.loadNativeLibrary(SnappyLoader.java:198)
org.xerial.snappy.SnappyLoader.loadSnappyApi(SnappyLoader.java:167)
org.xerial.snappy.Snappy.init(Snappy.java:69)
org.xerial.snappy.Snappy.__STATIC_RESET(Snappy.java:46)
sun.reflect.GeneratedMethodAccessor21.invoke(Unknown Source)
sun.reflect.DelegatingMethodAccessorImpl.invoke(DelegatingMethodAccessorImpl.java:43)
java.lang.reflect.Method.invoke(Method.java:498)
org.evosuite.runtime.classhandling.ClassResetter.reset(ClassResetter.java:159)
org.evosuite.runtime.classhandling.ClassStateSupport.resetClasses(ClassStateSupport.java:137)
org.apache.avro.file.DataFileWriter_ESTest_scaffolding.resetClasses(DataFileWriter_ESTest_scaffolding.java:644)
org.apache.avro.file.DataFileWriter_ESTest_scaffolding.doneWithTestCase(DataFileWriter_ESTest_scaffolding.java:68)
sun.reflect.GeneratedMethodAccessor5.invoke(Unknown Source)
sun.reflect.DelegatingMethodAccessorImpl.invoke(DelegatingMethodAccessorImpl.java:43)
java.lang.reflect.Method.invoke(Method.java:498)
org.junit.runners.model.FrameworkMethod$1.runReflectiveCall(FrameworkMethod.java:59)
org.junit.internal.runners.model.ReflectiveCallable.run(ReflectiveCallable.java:12)
org.junit.runners.model.FrameworkMethod.invokeExplosively(FrameworkMethod.java:56)
org.junit.internal.runners.statements.RunAfters.invokeMethod(RunAfters.java:46)
org.junit.internal.runners.statements.RunAfters.evaluate(RunAfters.java:33)
org.evosuite.runtime.vnet.NonFunctionalRequirementRule$1.evaluate(NonFunctionalRequirementRule.java:41)
org.junit.runners.ParentRunner$3.evaluate(ParentRunner.java:306)
org.junit.runners.BlockJUnit4ClassRunner$1.evaluate(BlockJUnit4ClassRunner.java:100)
org.junit.runners.ParentRunner.runLeaf(ParentRunner.java:366)
org.junit.runners.BlockJUnit4ClassRunner.runChild(BlockJUnit4ClassRunner.java:103)
org.junit.runners.BlockJUnit4ClassRunner.runChild(BlockJUnit4ClassRunner.java:63)
org.junit.runners.ParentRunner$4.run(ParentRunner.java:331)
org.junit.runners.ParentRunner$1.schedule(ParentRunner.java:79)
org.junit.runners.ParentRunner.runChildren(ParentRunner.java:329)
org.junit.runners.ParentRunner.access$100(ParentRunner.java:66)
org.junit.runners.ParentRunner$2.evaluate(ParentRunner.java:293)
org.junit.internal.runners.statements.RunBefores.evaluate(RunBefores.java:26)
org.junit.internal.runners.statements.RunAfters.evaluate(RunAfters.java:27)
org.junit.runners.ParentRunner$3.evaluate(ParentRunner.java:306)
org.junit.runners.ParentRunner.run(ParentRunner.java:413)
org.apache.maven.surefire.junit4.JUnit4Provider.execute(JUnit4Provider.java:316)
org.apache.maven.surefire.junit4.JUnit4Provider.executeWithRerun(JUnit4Provider.java:240)
org.apache.maven.surefire.junit4.JUnit4Provider.executeTestSet(JUnit4Provider.java:214)
org.apache.maven.surefire.junit4.JUnit4Provider.invoke(JUnit4Provider.java:155)
org.apache.maven.surefire.booter.ForkedBooter.runSuitesInProcess(ForkedBooter.java:385)
org.apache.maven.surefire.booter.ForkedBooter.execute(ForkedBooter.java:162)
org.apache.maven.surefire.booter.ForkedBooter.run(ForkedBooter.java:507)
org.apache.maven.surefire.booter.ForkedBooter.main(ForkedBooter.java:495)

	at org.evosuite.runtime.sandbox.MSecurityManager.checkPermission(MSecurityManager.java:436)
	at java.lang.SecurityManager.checkLink(SecurityManager.java:835)
	at java.lang.Runtime.load0(Runtime.java:776)
	at java.lang.System.load(System.java:1100)
	at org.xerial.snappy.SnappyLoader.loadNativeLibrary(SnappyLoader.java:198)
	at org.xerial.snappy.SnappyLoader.loadSnappyApi(SnappyLoader.java:167)
	at org.xerial.snappy.Snappy.init(Snappy.java:69)
	at org.xerial.snappy.Snappy.__STATIC_RESET(Snappy.java:46)
	at sun.reflect.GeneratedMethodAccessor21.invoke(Unknown Source)
	at sun.reflect.DelegatingMethodAccessorImpl.invoke(DelegatingMethodAccessorImpl.java:43)
	at java.lang.reflect.Method.invoke(Method.java:498)
	at org.evosuite.runtime.classhandling.ClassResetter.reset(ClassResetter.java:159)
	at org.evosuite.runtime.classhandling.ClassStateSupport.resetClasses(ClassStateSupport.java:137)
	at org.apache.avro.file.DataFileWriter_ESTest_scaffolding.resetClasses(DataFileWriter_ESTest_scaffolding.java:644)
	at org.apache.avro.file.DataFileWriter_ESTest_scaffolding.doneWithTestCase(DataFileWriter_ESTest_scaffolding.java:68)
	at sun.reflect.GeneratedMethodAccessor5.invoke(Unknown Source)
	at sun.reflect.DelegatingMethodAccessorImpl.invoke(DelegatingMethodAccessorImpl.java:43)
	at java.lang.reflect.Method.invoke(Method.java:498)
	at org.junit.runners.model.FrameworkMethod$1.runReflectiveCall(FrameworkMethod.java:59)
	at org.junit.internal.runners.model.ReflectiveCallable.run(ReflectiveCallable.java:12)
	at org.junit.runners.model.FrameworkMethod.invokeExplosively(FrameworkMethod.java:56)
	at org.junit.internal.runners.statements.RunAfters.invokeMethod(RunAfters.java:46)
	at org.junit.internal.runners.statements.RunAfters.evaluate(RunAfters.java:33)
	at org.evosuite.runtime.vnet.NonFunctionalRequirementRule$1.evaluate(NonFunctionalRequirementRule.java:41)
	at org.junit.runners.ParentRunner$3.evaluate(ParentRunner.java:306)
	at org.junit.runners.BlockJUnit4ClassRunner$1.evaluate(BlockJUnit4ClassRunner.java:100)
	at org.junit.runners.ParentRunner.runLeaf(ParentRunner.java:366)
	at org.junit.runners.BlockJUnit4ClassRunner.runChild(BlockJUnit4ClassRunner.java:103)
	at org.junit.runners.BlockJUnit4ClassRunner.runChild(BlockJUnit4ClassRunner.java:63)
	at org.junit.runners.ParentRunner$4.run(ParentRunner.java:331)
	at org.junit.runners.ParentRunner$1.schedule(ParentRunner.java:79)
	at org.junit.runners.ParentRunner.runChildren(ParentRunner.java:329)
	at org.junit.runners.ParentRunner.access$100(ParentRunner.java:66)
	at org.junit.runners.ParentRunner$2.evaluate(ParentRunner.java:293)
	at org.junit.internal.runners.statements.RunBefores.evaluate(RunBefores.java:26)
	at org.junit.internal.runners.statements.RunAfters.evaluate(RunAfters.java:27)
	at org.junit.runners.ParentRunner$3.evaluate(ParentRunner.java:306)
	at org.junit.runners.ParentRunner.run(ParentRunner.java:413)
	at org.apache.maven.surefire.junit4.JUnit4Provider.execute(JUnit4Provider.java:316)
	at org.apache.maven.surefire.junit4.JUnit4Provider.executeWithRerun(JUnit4Provider.java:240)
	at org.apache.maven.surefire.junit4.JUnit4Provider.executeTestSet(JUnit4Provider.java:214)
	at org.apache.maven.surefire.junit4.JUnit4Provider.invoke(JUnit4Provider.java:155)
	at org.apache.maven.surefire.booter.ForkedBooter.runSuitesInProcess(ForkedBooter.java:385)
	at org.apache.maven.surefire.booter.ForkedBooter.execute(ForkedBooter.java:162)
	at org.apache.maven.surefire.booter.ForkedBooter.run(ForkedBooter.java:507)
	at org.apache.maven.surefire.booter.ForkedBooter.main(ForkedBooter.java:495)
]]></system-err>
  </testcase>
  <testcase name="test62" classname="org.apache.avro.file.DataFileWriter_ESTest" time="0.313">
    <system-err><![CDATA[java.lang.SecurityException: Security manager blocks ("java.lang.RuntimePermission" "loadLibrary./tmp/snappy-1.1.8-00000000-0100-4000-8200-000003000000-libsnappyjava.so")
java.lang.Thread.getStackTrace(Thread.java:1564)
org.evosuite.runtime.sandbox.MSecurityManager.checkPermission(MSecurityManager.java:424)
java.lang.SecurityManager.checkLink(SecurityManager.java:835)
java.lang.Runtime.load0(Runtime.java:776)
java.lang.System.load(System.java:1100)
org.xerial.snappy.SnappyLoader.loadNativeLibrary(SnappyLoader.java:198)
org.xerial.snappy.SnappyLoader.loadSnappyApi(SnappyLoader.java:167)
org.xerial.snappy.Snappy.init(Snappy.java:69)
org.xerial.snappy.Snappy.__STATIC_RESET(Snappy.java:46)
sun.reflect.GeneratedMethodAccessor21.invoke(Unknown Source)
sun.reflect.DelegatingMethodAccessorImpl.invoke(DelegatingMethodAccessorImpl.java:43)
java.lang.reflect.Method.invoke(Method.java:498)
org.evosuite.runtime.classhandling.ClassResetter.reset(ClassResetter.java:159)
org.evosuite.runtime.classhandling.ClassStateSupport.resetClasses(ClassStateSupport.java:137)
org.apache.avro.file.DataFileWriter_ESTest_scaffolding.resetClasses(DataFileWriter_ESTest_scaffolding.java:644)
org.apache.avro.file.DataFileWriter_ESTest_scaffolding.doneWithTestCase(DataFileWriter_ESTest_scaffolding.java:68)
sun.reflect.GeneratedMethodAccessor5.invoke(Unknown Source)
sun.reflect.DelegatingMethodAccessorImpl.invoke(DelegatingMethodAccessorImpl.java:43)
java.lang.reflect.Method.invoke(Method.java:498)
org.junit.runners.model.FrameworkMethod$1.runReflectiveCall(FrameworkMethod.java:59)
org.junit.internal.runners.model.ReflectiveCallable.run(ReflectiveCallable.java:12)
org.junit.runners.model.FrameworkMethod.invokeExplosively(FrameworkMethod.java:56)
org.junit.internal.runners.statements.RunAfters.invokeMethod(RunAfters.java:46)
org.junit.internal.runners.statements.RunAfters.evaluate(RunAfters.java:33)
org.evosuite.runtime.vnet.NonFunctionalRequirementRule$1.evaluate(NonFunctionalRequirementRule.java:41)
org.junit.runners.ParentRunner$3.evaluate(ParentRunner.java:306)
org.junit.runners.BlockJUnit4ClassRunner$1.evaluate(BlockJUnit4ClassRunner.java:100)
org.junit.runners.ParentRunner.runLeaf(ParentRunner.java:366)
org.junit.runners.BlockJUnit4ClassRunner.runChild(BlockJUnit4ClassRunner.java:103)
org.junit.runners.BlockJUnit4ClassRunner.runChild(BlockJUnit4ClassRunner.java:63)
org.junit.runners.ParentRunner$4.run(ParentRunner.java:331)
org.junit.runners.ParentRunner$1.schedule(ParentRunner.java:79)
org.junit.runners.ParentRunner.runChildren(ParentRunner.java:329)
org.junit.runners.ParentRunner.access$100(ParentRunner.java:66)
org.junit.runners.ParentRunner$2.evaluate(ParentRunner.java:293)
org.junit.internal.runners.statements.RunBefores.evaluate(RunBefores.java:26)
org.junit.internal.runners.statements.RunAfters.evaluate(RunAfters.java:27)
org.junit.runners.ParentRunner$3.evaluate(ParentRunner.java:306)
org.junit.runners.ParentRunner.run(ParentRunner.java:413)
org.apache.maven.surefire.junit4.JUnit4Provider.execute(JUnit4Provider.java:316)
org.apache.maven.surefire.junit4.JUnit4Provider.executeWithRerun(JUnit4Provider.java:240)
org.apache.maven.surefire.junit4.JUnit4Provider.executeTestSet(JUnit4Provider.java:214)
org.apache.maven.surefire.junit4.JUnit4Provider.invoke(JUnit4Provider.java:155)
org.apache.maven.surefire.booter.ForkedBooter.runSuitesInProcess(ForkedBooter.java:385)
org.apache.maven.surefire.booter.ForkedBooter.execute(ForkedBooter.java:162)
org.apache.maven.surefire.booter.ForkedBooter.run(ForkedBooter.java:507)
org.apache.maven.surefire.booter.ForkedBooter.main(ForkedBooter.java:495)

	at org.evosuite.runtime.sandbox.MSecurityManager.checkPermission(MSecurityManager.java:436)
	at java.lang.SecurityManager.checkLink(SecurityManager.java:835)
	at java.lang.Runtime.load0(Runtime.java:776)
	at java.lang.System.load(System.java:1100)
	at org.xerial.snappy.SnappyLoader.loadNativeLibrary(SnappyLoader.java:198)
	at org.xerial.snappy.SnappyLoader.loadSnappyApi(SnappyLoader.java:167)
	at org.xerial.snappy.Snappy.init(Snappy.java:69)
	at org.xerial.snappy.Snappy.__STATIC_RESET(Snappy.java:46)
	at sun.reflect.GeneratedMethodAccessor21.invoke(Unknown Source)
	at sun.reflect.DelegatingMethodAccessorImpl.invoke(DelegatingMethodAccessorImpl.java:43)
	at java.lang.reflect.Method.invoke(Method.java:498)
	at org.evosuite.runtime.classhandling.ClassResetter.reset(ClassResetter.java:159)
	at org.evosuite.runtime.classhandling.ClassStateSupport.resetClasses(ClassStateSupport.java:137)
	at org.apache.avro.file.DataFileWriter_ESTest_scaffolding.resetClasses(DataFileWriter_ESTest_scaffolding.java:644)
	at org.apache.avro.file.DataFileWriter_ESTest_scaffolding.doneWithTestCase(DataFileWriter_ESTest_scaffolding.java:68)
	at sun.reflect.GeneratedMethodAccessor5.invoke(Unknown Source)
	at sun.reflect.DelegatingMethodAccessorImpl.invoke(DelegatingMethodAccessorImpl.java:43)
	at java.lang.reflect.Method.invoke(Method.java:498)
	at org.junit.runners.model.FrameworkMethod$1.runReflectiveCall(FrameworkMethod.java:59)
	at org.junit.internal.runners.model.ReflectiveCallable.run(ReflectiveCallable.java:12)
	at org.junit.runners.model.FrameworkMethod.invokeExplosively(FrameworkMethod.java:56)
	at org.junit.internal.runners.statements.RunAfters.invokeMethod(RunAfters.java:46)
	at org.junit.internal.runners.statements.RunAfters.evaluate(RunAfters.java:33)
	at org.evosuite.runtime.vnet.NonFunctionalRequirementRule$1.evaluate(NonFunctionalRequirementRule.java:41)
	at org.junit.runners.ParentRunner$3.evaluate(ParentRunner.java:306)
	at org.junit.runners.BlockJUnit4ClassRunner$1.evaluate(BlockJUnit4ClassRunner.java:100)
	at org.junit.runners.ParentRunner.runLeaf(ParentRunner.java:366)
	at org.junit.runners.BlockJUnit4ClassRunner.runChild(BlockJUnit4ClassRunner.java:103)
	at org.junit.runners.BlockJUnit4ClassRunner.runChild(BlockJUnit4ClassRunner.java:63)
	at org.junit.runners.ParentRunner$4.run(ParentRunner.java:331)
	at org.junit.runners.ParentRunner$1.schedule(ParentRunner.java:79)
	at org.junit.runners.ParentRunner.runChildren(ParentRunner.java:329)
	at org.junit.runners.ParentRunner.access$100(ParentRunner.java:66)
	at org.junit.runners.ParentRunner$2.evaluate(ParentRunner.java:293)
	at org.junit.internal.runners.statements.RunBefores.evaluate(RunBefores.java:26)
	at org.junit.internal.runners.statements.RunAfters.evaluate(RunAfters.java:27)
	at org.junit.runners.ParentRunner$3.evaluate(ParentRunner.java:306)
	at org.junit.runners.ParentRunner.run(ParentRunner.java:413)
	at org.apache.maven.surefire.junit4.JUnit4Provider.execute(JUnit4Provider.java:316)
	at org.apache.maven.surefire.junit4.JUnit4Provider.executeWithRerun(JUnit4Provider.java:240)
	at org.apache.maven.surefire.junit4.JUnit4Provider.executeTestSet(JUnit4Provider.java:214)
	at org.apache.maven.surefire.junit4.JUnit4Provider.invoke(JUnit4Provider.java:155)
	at org.apache.maven.surefire.booter.ForkedBooter.runSuitesInProcess(ForkedBooter.java:385)
	at org.apache.maven.surefire.booter.ForkedBooter.execute(ForkedBooter.java:162)
	at org.apache.maven.surefire.booter.ForkedBooter.run(ForkedBooter.java:507)
	at org.apache.maven.surefire.booter.ForkedBooter.main(ForkedBooter.java:495)
]]></system-err>
  </testcase>
  <testcase name="test63" classname="org.apache.avro.file.DataFileWriter_ESTest" time="0.307">
    <system-err><![CDATA[java.lang.SecurityException: Security manager blocks ("java.lang.RuntimePermission" "loadLibrary./tmp/snappy-1.1.8-00000000-0100-4000-8200-000003000000-libsnappyjava.so")
java.lang.Thread.getStackTrace(Thread.java:1564)
org.evosuite.runtime.sandbox.MSecurityManager.checkPermission(MSecurityManager.java:424)
java.lang.SecurityManager.checkLink(SecurityManager.java:835)
java.lang.Runtime.load0(Runtime.java:776)
java.lang.System.load(System.java:1100)
org.xerial.snappy.SnappyLoader.loadNativeLibrary(SnappyLoader.java:198)
org.xerial.snappy.SnappyLoader.loadSnappyApi(SnappyLoader.java:167)
org.xerial.snappy.Snappy.init(Snappy.java:69)
org.xerial.snappy.Snappy.__STATIC_RESET(Snappy.java:46)
sun.reflect.GeneratedMethodAccessor21.invoke(Unknown Source)
sun.reflect.DelegatingMethodAccessorImpl.invoke(DelegatingMethodAccessorImpl.java:43)
java.lang.reflect.Method.invoke(Method.java:498)
org.evosuite.runtime.classhandling.ClassResetter.reset(ClassResetter.java:159)
org.evosuite.runtime.classhandling.ClassStateSupport.resetClasses(ClassStateSupport.java:137)
org.apache.avro.file.DataFileWriter_ESTest_scaffolding.resetClasses(DataFileWriter_ESTest_scaffolding.java:644)
org.apache.avro.file.DataFileWriter_ESTest_scaffolding.doneWithTestCase(DataFileWriter_ESTest_scaffolding.java:68)
sun.reflect.GeneratedMethodAccessor5.invoke(Unknown Source)
sun.reflect.DelegatingMethodAccessorImpl.invoke(DelegatingMethodAccessorImpl.java:43)
java.lang.reflect.Method.invoke(Method.java:498)
org.junit.runners.model.FrameworkMethod$1.runReflectiveCall(FrameworkMethod.java:59)
org.junit.internal.runners.model.ReflectiveCallable.run(ReflectiveCallable.java:12)
org.junit.runners.model.FrameworkMethod.invokeExplosively(FrameworkMethod.java:56)
org.junit.internal.runners.statements.RunAfters.invokeMethod(RunAfters.java:46)
org.junit.internal.runners.statements.RunAfters.evaluate(RunAfters.java:33)
org.evosuite.runtime.vnet.NonFunctionalRequirementRule$1.evaluate(NonFunctionalRequirementRule.java:41)
org.junit.runners.ParentRunner$3.evaluate(ParentRunner.java:306)
org.junit.runners.BlockJUnit4ClassRunner$1.evaluate(BlockJUnit4ClassRunner.java:100)
org.junit.runners.ParentRunner.runLeaf(ParentRunner.java:366)
org.junit.runners.BlockJUnit4ClassRunner.runChild(BlockJUnit4ClassRunner.java:103)
org.junit.runners.BlockJUnit4ClassRunner.runChild(BlockJUnit4ClassRunner.java:63)
org.junit.runners.ParentRunner$4.run(ParentRunner.java:331)
org.junit.runners.ParentRunner$1.schedule(ParentRunner.java:79)
org.junit.runners.ParentRunner.runChildren(ParentRunner.java:329)
org.junit.runners.ParentRunner.access$100(ParentRunner.java:66)
org.junit.runners.ParentRunner$2.evaluate(ParentRunner.java:293)
org.junit.internal.runners.statements.RunBefores.evaluate(RunBefores.java:26)
org.junit.internal.runners.statements.RunAfters.evaluate(RunAfters.java:27)
org.junit.runners.ParentRunner$3.evaluate(ParentRunner.java:306)
org.junit.runners.ParentRunner.run(ParentRunner.java:413)
org.apache.maven.surefire.junit4.JUnit4Provider.execute(JUnit4Provider.java:316)
org.apache.maven.surefire.junit4.JUnit4Provider.executeWithRerun(JUnit4Provider.java:240)
org.apache.maven.surefire.junit4.JUnit4Provider.executeTestSet(JUnit4Provider.java:214)
org.apache.maven.surefire.junit4.JUnit4Provider.invoke(JUnit4Provider.java:155)
org.apache.maven.surefire.booter.ForkedBooter.runSuitesInProcess(ForkedBooter.java:385)
org.apache.maven.surefire.booter.ForkedBooter.execute(ForkedBooter.java:162)
org.apache.maven.surefire.booter.ForkedBooter.run(ForkedBooter.java:507)
org.apache.maven.surefire.booter.ForkedBooter.main(ForkedBooter.java:495)

	at org.evosuite.runtime.sandbox.MSecurityManager.checkPermission(MSecurityManager.java:436)
	at java.lang.SecurityManager.checkLink(SecurityManager.java:835)
	at java.lang.Runtime.load0(Runtime.java:776)
	at java.lang.System.load(System.java:1100)
	at org.xerial.snappy.SnappyLoader.loadNativeLibrary(SnappyLoader.java:198)
	at org.xerial.snappy.SnappyLoader.loadSnappyApi(SnappyLoader.java:167)
	at org.xerial.snappy.Snappy.init(Snappy.java:69)
	at org.xerial.snappy.Snappy.__STATIC_RESET(Snappy.java:46)
	at sun.reflect.GeneratedMethodAccessor21.invoke(Unknown Source)
	at sun.reflect.DelegatingMethodAccessorImpl.invoke(DelegatingMethodAccessorImpl.java:43)
	at java.lang.reflect.Method.invoke(Method.java:498)
	at org.evosuite.runtime.classhandling.ClassResetter.reset(ClassResetter.java:159)
	at org.evosuite.runtime.classhandling.ClassStateSupport.resetClasses(ClassStateSupport.java:137)
	at org.apache.avro.file.DataFileWriter_ESTest_scaffolding.resetClasses(DataFileWriter_ESTest_scaffolding.java:644)
	at org.apache.avro.file.DataFileWriter_ESTest_scaffolding.doneWithTestCase(DataFileWriter_ESTest_scaffolding.java:68)
	at sun.reflect.GeneratedMethodAccessor5.invoke(Unknown Source)
	at sun.reflect.DelegatingMethodAccessorImpl.invoke(DelegatingMethodAccessorImpl.java:43)
	at java.lang.reflect.Method.invoke(Method.java:498)
	at org.junit.runners.model.FrameworkMethod$1.runReflectiveCall(FrameworkMethod.java:59)
	at org.junit.internal.runners.model.ReflectiveCallable.run(ReflectiveCallable.java:12)
	at org.junit.runners.model.FrameworkMethod.invokeExplosively(FrameworkMethod.java:56)
	at org.junit.internal.runners.statements.RunAfters.invokeMethod(RunAfters.java:46)
	at org.junit.internal.runners.statements.RunAfters.evaluate(RunAfters.java:33)
	at org.evosuite.runtime.vnet.NonFunctionalRequirementRule$1.evaluate(NonFunctionalRequirementRule.java:41)
	at org.junit.runners.ParentRunner$3.evaluate(ParentRunner.java:306)
	at org.junit.runners.BlockJUnit4ClassRunner$1.evaluate(BlockJUnit4ClassRunner.java:100)
	at org.junit.runners.ParentRunner.runLeaf(ParentRunner.java:366)
	at org.junit.runners.BlockJUnit4ClassRunner.runChild(BlockJUnit4ClassRunner.java:103)
	at org.junit.runners.BlockJUnit4ClassRunner.runChild(BlockJUnit4ClassRunner.java:63)
	at org.junit.runners.ParentRunner$4.run(ParentRunner.java:331)
	at org.junit.runners.ParentRunner$1.schedule(ParentRunner.java:79)
	at org.junit.runners.ParentRunner.runChildren(ParentRunner.java:329)
	at org.junit.runners.ParentRunner.access$100(ParentRunner.java:66)
	at org.junit.runners.ParentRunner$2.evaluate(ParentRunner.java:293)
	at org.junit.internal.runners.statements.RunBefores.evaluate(RunBefores.java:26)
	at org.junit.internal.runners.statements.RunAfters.evaluate(RunAfters.java:27)
	at org.junit.runners.ParentRunner$3.evaluate(ParentRunner.java:306)
	at org.junit.runners.ParentRunner.run(ParentRunner.java:413)
	at org.apache.maven.surefire.junit4.JUnit4Provider.execute(JUnit4Provider.java:316)
	at org.apache.maven.surefire.junit4.JUnit4Provider.executeWithRerun(JUnit4Provider.java:240)
	at org.apache.maven.surefire.junit4.JUnit4Provider.executeTestSet(JUnit4Provider.java:214)
	at org.apache.maven.surefire.junit4.JUnit4Provider.invoke(JUnit4Provider.java:155)
	at org.apache.maven.surefire.booter.ForkedBooter.runSuitesInProcess(ForkedBooter.java:385)
	at org.apache.maven.surefire.booter.ForkedBooter.execute(ForkedBooter.java:162)
	at org.apache.maven.surefire.booter.ForkedBooter.run(ForkedBooter.java:507)
	at org.apache.maven.surefire.booter.ForkedBooter.main(ForkedBooter.java:495)
]]></system-err>
  </testcase>
  <testcase name="test60" classname="org.apache.avro.file.DataFileWriter_ESTest" time="0.357">
    <system-err><![CDATA[java.lang.SecurityException: Security manager blocks ("java.lang.RuntimePermission" "loadLibrary./tmp/snappy-1.1.8-00000000-0100-4000-8200-000003000000-libsnappyjava.so")
java.lang.Thread.getStackTrace(Thread.java:1564)
org.evosuite.runtime.sandbox.MSecurityManager.checkPermission(MSecurityManager.java:424)
java.lang.SecurityManager.checkLink(SecurityManager.java:835)
java.lang.Runtime.load0(Runtime.java:776)
java.lang.System.load(System.java:1100)
org.xerial.snappy.SnappyLoader.loadNativeLibrary(SnappyLoader.java:198)
org.xerial.snappy.SnappyLoader.loadSnappyApi(SnappyLoader.java:167)
org.xerial.snappy.Snappy.init(Snappy.java:69)
org.xerial.snappy.Snappy.__STATIC_RESET(Snappy.java:46)
sun.reflect.GeneratedMethodAccessor21.invoke(Unknown Source)
sun.reflect.DelegatingMethodAccessorImpl.invoke(DelegatingMethodAccessorImpl.java:43)
java.lang.reflect.Method.invoke(Method.java:498)
org.evosuite.runtime.classhandling.ClassResetter.reset(ClassResetter.java:159)
org.evosuite.runtime.classhandling.ClassStateSupport.resetClasses(ClassStateSupport.java:137)
org.apache.avro.file.DataFileWriter_ESTest_scaffolding.resetClasses(DataFileWriter_ESTest_scaffolding.java:644)
org.apache.avro.file.DataFileWriter_ESTest_scaffolding.doneWithTestCase(DataFileWriter_ESTest_scaffolding.java:68)
sun.reflect.GeneratedMethodAccessor5.invoke(Unknown Source)
sun.reflect.DelegatingMethodAccessorImpl.invoke(DelegatingMethodAccessorImpl.java:43)
java.lang.reflect.Method.invoke(Method.java:498)
org.junit.runners.model.FrameworkMethod$1.runReflectiveCall(FrameworkMethod.java:59)
org.junit.internal.runners.model.ReflectiveCallable.run(ReflectiveCallable.java:12)
org.junit.runners.model.FrameworkMethod.invokeExplosively(FrameworkMethod.java:56)
org.junit.internal.runners.statements.RunAfters.invokeMethod(RunAfters.java:46)
org.junit.internal.runners.statements.RunAfters.evaluate(RunAfters.java:33)
org.evosuite.runtime.vnet.NonFunctionalRequirementRule$1.evaluate(NonFunctionalRequirementRule.java:41)
org.junit.runners.ParentRunner$3.evaluate(ParentRunner.java:306)
org.junit.runners.BlockJUnit4ClassRunner$1.evaluate(BlockJUnit4ClassRunner.java:100)
org.junit.runners.ParentRunner.runLeaf(ParentRunner.java:366)
org.junit.runners.BlockJUnit4ClassRunner.runChild(BlockJUnit4ClassRunner.java:103)
org.junit.runners.BlockJUnit4ClassRunner.runChild(BlockJUnit4ClassRunner.java:63)
org.junit.runners.ParentRunner$4.run(ParentRunner.java:331)
org.junit.runners.ParentRunner$1.schedule(ParentRunner.java:79)
org.junit.runners.ParentRunner.runChildren(ParentRunner.java:329)
org.junit.runners.ParentRunner.access$100(ParentRunner.java:66)
org.junit.runners.ParentRunner$2.evaluate(ParentRunner.java:293)
org.junit.internal.runners.statements.RunBefores.evaluate(RunBefores.java:26)
org.junit.internal.runners.statements.RunAfters.evaluate(RunAfters.java:27)
org.junit.runners.ParentRunner$3.evaluate(ParentRunner.java:306)
org.junit.runners.ParentRunner.run(ParentRunner.java:413)
org.apache.maven.surefire.junit4.JUnit4Provider.execute(JUnit4Provider.java:316)
org.apache.maven.surefire.junit4.JUnit4Provider.executeWithRerun(JUnit4Provider.java:240)
org.apache.maven.surefire.junit4.JUnit4Provider.executeTestSet(JUnit4Provider.java:214)
org.apache.maven.surefire.junit4.JUnit4Provider.invoke(JUnit4Provider.java:155)
org.apache.maven.surefire.booter.ForkedBooter.runSuitesInProcess(ForkedBooter.java:385)
org.apache.maven.surefire.booter.ForkedBooter.execute(ForkedBooter.java:162)
org.apache.maven.surefire.booter.ForkedBooter.run(ForkedBooter.java:507)
org.apache.maven.surefire.booter.ForkedBooter.main(ForkedBooter.java:495)

	at org.evosuite.runtime.sandbox.MSecurityManager.checkPermission(MSecurityManager.java:436)
	at java.lang.SecurityManager.checkLink(SecurityManager.java:835)
	at java.lang.Runtime.load0(Runtime.java:776)
	at java.lang.System.load(System.java:1100)
	at org.xerial.snappy.SnappyLoader.loadNativeLibrary(SnappyLoader.java:198)
	at org.xerial.snappy.SnappyLoader.loadSnappyApi(SnappyLoader.java:167)
	at org.xerial.snappy.Snappy.init(Snappy.java:69)
	at org.xerial.snappy.Snappy.__STATIC_RESET(Snappy.java:46)
	at sun.reflect.GeneratedMethodAccessor21.invoke(Unknown Source)
	at sun.reflect.DelegatingMethodAccessorImpl.invoke(DelegatingMethodAccessorImpl.java:43)
	at java.lang.reflect.Method.invoke(Method.java:498)
	at org.evosuite.runtime.classhandling.ClassResetter.reset(ClassResetter.java:159)
	at org.evosuite.runtime.classhandling.ClassStateSupport.resetClasses(ClassStateSupport.java:137)
	at org.apache.avro.file.DataFileWriter_ESTest_scaffolding.resetClasses(DataFileWriter_ESTest_scaffolding.java:644)
	at org.apache.avro.file.DataFileWriter_ESTest_scaffolding.doneWithTestCase(DataFileWriter_ESTest_scaffolding.java:68)
	at sun.reflect.GeneratedMethodAccessor5.invoke(Unknown Source)
	at sun.reflect.DelegatingMethodAccessorImpl.invoke(DelegatingMethodAccessorImpl.java:43)
	at java.lang.reflect.Method.invoke(Method.java:498)
	at org.junit.runners.model.FrameworkMethod$1.runReflectiveCall(FrameworkMethod.java:59)
	at org.junit.internal.runners.model.ReflectiveCallable.run(ReflectiveCallable.java:12)
	at org.junit.runners.model.FrameworkMethod.invokeExplosively(FrameworkMethod.java:56)
	at org.junit.internal.runners.statements.RunAfters.invokeMethod(RunAfters.java:46)
	at org.junit.internal.runners.statements.RunAfters.evaluate(RunAfters.java:33)
	at org.evosuite.runtime.vnet.NonFunctionalRequirementRule$1.evaluate(NonFunctionalRequirementRule.java:41)
	at org.junit.runners.ParentRunner$3.evaluate(ParentRunner.java:306)
	at org.junit.runners.BlockJUnit4ClassRunner$1.evaluate(BlockJUnit4ClassRunner.java:100)
	at org.junit.runners.ParentRunner.runLeaf(ParentRunner.java:366)
	at org.junit.runners.BlockJUnit4ClassRunner.runChild(BlockJUnit4ClassRunner.java:103)
	at org.junit.runners.BlockJUnit4ClassRunner.runChild(BlockJUnit4ClassRunner.java:63)
	at org.junit.runners.ParentRunner$4.run(ParentRunner.java:331)
	at org.junit.runners.ParentRunner$1.schedule(ParentRunner.java:79)
	at org.junit.runners.ParentRunner.runChildren(ParentRunner.java:329)
	at org.junit.runners.ParentRunner.access$100(ParentRunner.java:66)
	at org.junit.runners.ParentRunner$2.evaluate(ParentRunner.java:293)
	at org.junit.internal.runners.statements.RunBefores.evaluate(RunBefores.java:26)
	at org.junit.internal.runners.statements.RunAfters.evaluate(RunAfters.java:27)
	at org.junit.runners.ParentRunner$3.evaluate(ParentRunner.java:306)
	at org.junit.runners.ParentRunner.run(ParentRunner.java:413)
	at org.apache.maven.surefire.junit4.JUnit4Provider.execute(JUnit4Provider.java:316)
	at org.apache.maven.surefire.junit4.JUnit4Provider.executeWithRerun(JUnit4Provider.java:240)
	at org.apache.maven.surefire.junit4.JUnit4Provider.executeTestSet(JUnit4Provider.java:214)
	at org.apache.maven.surefire.junit4.JUnit4Provider.invoke(JUnit4Provider.java:155)
	at org.apache.maven.surefire.booter.ForkedBooter.runSuitesInProcess(ForkedBooter.java:385)
	at org.apache.maven.surefire.booter.ForkedBooter.execute(ForkedBooter.java:162)
	at org.apache.maven.surefire.booter.ForkedBooter.run(ForkedBooter.java:507)
	at org.apache.maven.surefire.booter.ForkedBooter.main(ForkedBooter.java:495)
]]></system-err>
  </testcase>
  <testcase name="test61" classname="org.apache.avro.file.DataFileWriter_ESTest" time="0.212">
    <system-err><![CDATA[java.lang.SecurityException: Security manager blocks ("java.lang.RuntimePermission" "loadLibrary./tmp/snappy-1.1.8-00000000-0100-4000-8200-000003000000-libsnappyjava.so")
java.lang.Thread.getStackTrace(Thread.java:1564)
org.evosuite.runtime.sandbox.MSecurityManager.checkPermission(MSecurityManager.java:424)
java.lang.SecurityManager.checkLink(SecurityManager.java:835)
java.lang.Runtime.load0(Runtime.java:776)
java.lang.System.load(System.java:1100)
org.xerial.snappy.SnappyLoader.loadNativeLibrary(SnappyLoader.java:198)
org.xerial.snappy.SnappyLoader.loadSnappyApi(SnappyLoader.java:167)
org.xerial.snappy.Snappy.init(Snappy.java:69)
org.xerial.snappy.Snappy.__STATIC_RESET(Snappy.java:46)
sun.reflect.GeneratedMethodAccessor21.invoke(Unknown Source)
sun.reflect.DelegatingMethodAccessorImpl.invoke(DelegatingMethodAccessorImpl.java:43)
java.lang.reflect.Method.invoke(Method.java:498)
org.evosuite.runtime.classhandling.ClassResetter.reset(ClassResetter.java:159)
org.evosuite.runtime.classhandling.ClassStateSupport.resetClasses(ClassStateSupport.java:137)
org.apache.avro.file.DataFileWriter_ESTest_scaffolding.resetClasses(DataFileWriter_ESTest_scaffolding.java:644)
org.apache.avro.file.DataFileWriter_ESTest_scaffolding.doneWithTestCase(DataFileWriter_ESTest_scaffolding.java:68)
sun.reflect.GeneratedMethodAccessor5.invoke(Unknown Source)
sun.reflect.DelegatingMethodAccessorImpl.invoke(DelegatingMethodAccessorImpl.java:43)
java.lang.reflect.Method.invoke(Method.java:498)
org.junit.runners.model.FrameworkMethod$1.runReflectiveCall(FrameworkMethod.java:59)
org.junit.internal.runners.model.ReflectiveCallable.run(ReflectiveCallable.java:12)
org.junit.runners.model.FrameworkMethod.invokeExplosively(FrameworkMethod.java:56)
org.junit.internal.runners.statements.RunAfters.invokeMethod(RunAfters.java:46)
org.junit.internal.runners.statements.RunAfters.evaluate(RunAfters.java:33)
org.evosuite.runtime.vnet.NonFunctionalRequirementRule$1.evaluate(NonFunctionalRequirementRule.java:41)
org.junit.runners.ParentRunner$3.evaluate(ParentRunner.java:306)
org.junit.runners.BlockJUnit4ClassRunner$1.evaluate(BlockJUnit4ClassRunner.java:100)
org.junit.runners.ParentRunner.runLeaf(ParentRunner.java:366)
org.junit.runners.BlockJUnit4ClassRunner.runChild(BlockJUnit4ClassRunner.java:103)
org.junit.runners.BlockJUnit4ClassRunner.runChild(BlockJUnit4ClassRunner.java:63)
org.junit.runners.ParentRunner$4.run(ParentRunner.java:331)
org.junit.runners.ParentRunner$1.schedule(ParentRunner.java:79)
org.junit.runners.ParentRunner.runChildren(ParentRunner.java:329)
org.junit.runners.ParentRunner.access$100(ParentRunner.java:66)
org.junit.runners.ParentRunner$2.evaluate(ParentRunner.java:293)
org.junit.internal.runners.statements.RunBefores.evaluate(RunBefores.java:26)
org.junit.internal.runners.statements.RunAfters.evaluate(RunAfters.java:27)
org.junit.runners.ParentRunner$3.evaluate(ParentRunner.java:306)
org.junit.runners.ParentRunner.run(ParentRunner.java:413)
org.apache.maven.surefire.junit4.JUnit4Provider.execute(JUnit4Provider.java:316)
org.apache.maven.surefire.junit4.JUnit4Provider.executeWithRerun(JUnit4Provider.java:240)
org.apache.maven.surefire.junit4.JUnit4Provider.executeTestSet(JUnit4Provider.java:214)
org.apache.maven.surefire.junit4.JUnit4Provider.invoke(JUnit4Provider.java:155)
org.apache.maven.surefire.booter.ForkedBooter.runSuitesInProcess(ForkedBooter.java:385)
org.apache.maven.surefire.booter.ForkedBooter.execute(ForkedBooter.java:162)
org.apache.maven.surefire.booter.ForkedBooter.run(ForkedBooter.java:507)
org.apache.maven.surefire.booter.ForkedBooter.main(ForkedBooter.java:495)

	at org.evosuite.runtime.sandbox.MSecurityManager.checkPermission(MSecurityManager.java:436)
	at java.lang.SecurityManager.checkLink(SecurityManager.java:835)
	at java.lang.Runtime.load0(Runtime.java:776)
	at java.lang.System.load(System.java:1100)
	at org.xerial.snappy.SnappyLoader.loadNativeLibrary(SnappyLoader.java:198)
	at org.xerial.snappy.SnappyLoader.loadSnappyApi(SnappyLoader.java:167)
	at org.xerial.snappy.Snappy.init(Snappy.java:69)
	at org.xerial.snappy.Snappy.__STATIC_RESET(Snappy.java:46)
	at sun.reflect.GeneratedMethodAccessor21.invoke(Unknown Source)
	at sun.reflect.DelegatingMethodAccessorImpl.invoke(DelegatingMethodAccessorImpl.java:43)
	at java.lang.reflect.Method.invoke(Method.java:498)
	at org.evosuite.runtime.classhandling.ClassResetter.reset(ClassResetter.java:159)
	at org.evosuite.runtime.classhandling.ClassStateSupport.resetClasses(ClassStateSupport.java:137)
	at org.apache.avro.file.DataFileWriter_ESTest_scaffolding.resetClasses(DataFileWriter_ESTest_scaffolding.java:644)
	at org.apache.avro.file.DataFileWriter_ESTest_scaffolding.doneWithTestCase(DataFileWriter_ESTest_scaffolding.java:68)
	at sun.reflect.GeneratedMethodAccessor5.invoke(Unknown Source)
	at sun.reflect.DelegatingMethodAccessorImpl.invoke(DelegatingMethodAccessorImpl.java:43)
	at java.lang.reflect.Method.invoke(Method.java:498)
	at org.junit.runners.model.FrameworkMethod$1.runReflectiveCall(FrameworkMethod.java:59)
	at org.junit.internal.runners.model.ReflectiveCallable.run(ReflectiveCallable.java:12)
	at org.junit.runners.model.FrameworkMethod.invokeExplosively(FrameworkMethod.java:56)
	at org.junit.internal.runners.statements.RunAfters.invokeMethod(RunAfters.java:46)
	at org.junit.internal.runners.statements.RunAfters.evaluate(RunAfters.java:33)
	at org.evosuite.runtime.vnet.NonFunctionalRequirementRule$1.evaluate(NonFunctionalRequirementRule.java:41)
	at org.junit.runners.ParentRunner$3.evaluate(ParentRunner.java:306)
	at org.junit.runners.BlockJUnit4ClassRunner$1.evaluate(BlockJUnit4ClassRunner.java:100)
	at org.junit.runners.ParentRunner.runLeaf(ParentRunner.java:366)
	at org.junit.runners.BlockJUnit4ClassRunner.runChild(BlockJUnit4ClassRunner.java:103)
	at org.junit.runners.BlockJUnit4ClassRunner.runChild(BlockJUnit4ClassRunner.java:63)
	at org.junit.runners.ParentRunner$4.run(ParentRunner.java:331)
	at org.junit.runners.ParentRunner$1.schedule(ParentRunner.java:79)
	at org.junit.runners.ParentRunner.runChildren(ParentRunner.java:329)
	at org.junit.runners.ParentRunner.access$100(ParentRunner.java:66)
	at org.junit.runners.ParentRunner$2.evaluate(ParentRunner.java:293)
	at org.junit.internal.runners.statements.RunBefores.evaluate(RunBefores.java:26)
	at org.junit.internal.runners.statements.RunAfters.evaluate(RunAfters.java:27)
	at org.junit.runners.ParentRunner$3.evaluate(ParentRunner.java:306)
	at org.junit.runners.ParentRunner.run(ParentRunner.java:413)
	at org.apache.maven.surefire.junit4.JUnit4Provider.execute(JUnit4Provider.java:316)
	at org.apache.maven.surefire.junit4.JUnit4Provider.executeWithRerun(JUnit4Provider.java:240)
	at org.apache.maven.surefire.junit4.JUnit4Provider.executeTestSet(JUnit4Provider.java:214)
	at org.apache.maven.surefire.junit4.JUnit4Provider.invoke(JUnit4Provider.java:155)
	at org.apache.maven.surefire.booter.ForkedBooter.runSuitesInProcess(ForkedBooter.java:385)
	at org.apache.maven.surefire.booter.ForkedBooter.execute(ForkedBooter.java:162)
	at org.apache.maven.surefire.booter.ForkedBooter.run(ForkedBooter.java:507)
	at org.apache.maven.surefire.booter.ForkedBooter.main(ForkedBooter.java:495)
]]></system-err>
  </testcase>
  <testcase name="test28" classname="org.apache.avro.file.DataFileWriter_ESTest" time="0.175">
    <system-err><![CDATA[java.lang.SecurityException: Security manager blocks ("java.lang.RuntimePermission" "loadLibrary./tmp/snappy-1.1.8-00000000-0100-4000-8200-000003000000-libsnappyjava.so")
java.lang.Thread.getStackTrace(Thread.java:1564)
org.evosuite.runtime.sandbox.MSecurityManager.checkPermission(MSecurityManager.java:424)
java.lang.SecurityManager.checkLink(SecurityManager.java:835)
java.lang.Runtime.load0(Runtime.java:776)
java.lang.System.load(System.java:1100)
org.xerial.snappy.SnappyLoader.loadNativeLibrary(SnappyLoader.java:198)
org.xerial.snappy.SnappyLoader.loadSnappyApi(SnappyLoader.java:167)
org.xerial.snappy.Snappy.init(Snappy.java:69)
org.xerial.snappy.Snappy.__STATIC_RESET(Snappy.java:46)
sun.reflect.GeneratedMethodAccessor21.invoke(Unknown Source)
sun.reflect.DelegatingMethodAccessorImpl.invoke(DelegatingMethodAccessorImpl.java:43)
java.lang.reflect.Method.invoke(Method.java:498)
org.evosuite.runtime.classhandling.ClassResetter.reset(ClassResetter.java:159)
org.evosuite.runtime.classhandling.ClassStateSupport.resetClasses(ClassStateSupport.java:137)
org.apache.avro.file.DataFileWriter_ESTest_scaffolding.resetClasses(DataFileWriter_ESTest_scaffolding.java:644)
org.apache.avro.file.DataFileWriter_ESTest_scaffolding.doneWithTestCase(DataFileWriter_ESTest_scaffolding.java:68)
sun.reflect.GeneratedMethodAccessor5.invoke(Unknown Source)
sun.reflect.DelegatingMethodAccessorImpl.invoke(DelegatingMethodAccessorImpl.java:43)
java.lang.reflect.Method.invoke(Method.java:498)
org.junit.runners.model.FrameworkMethod$1.runReflectiveCall(FrameworkMethod.java:59)
org.junit.internal.runners.model.ReflectiveCallable.run(ReflectiveCallable.java:12)
org.junit.runners.model.FrameworkMethod.invokeExplosively(FrameworkMethod.java:56)
org.junit.internal.runners.statements.RunAfters.invokeMethod(RunAfters.java:46)
org.junit.internal.runners.statements.RunAfters.evaluate(RunAfters.java:33)
org.evosuite.runtime.vnet.NonFunctionalRequirementRule$1.evaluate(NonFunctionalRequirementRule.java:41)
org.junit.runners.ParentRunner$3.evaluate(ParentRunner.java:306)
org.junit.runners.BlockJUnit4ClassRunner$1.evaluate(BlockJUnit4ClassRunner.java:100)
org.junit.runners.ParentRunner.runLeaf(ParentRunner.java:366)
org.junit.runners.BlockJUnit4ClassRunner.runChild(BlockJUnit4ClassRunner.java:103)
org.junit.runners.BlockJUnit4ClassRunner.runChild(BlockJUnit4ClassRunner.java:63)
org.junit.runners.ParentRunner$4.run(ParentRunner.java:331)
org.junit.runners.ParentRunner$1.schedule(ParentRunner.java:79)
org.junit.runners.ParentRunner.runChildren(ParentRunner.java:329)
org.junit.runners.ParentRunner.access$100(ParentRunner.java:66)
org.junit.runners.ParentRunner$2.evaluate(ParentRunner.java:293)
org.junit.internal.runners.statements.RunBefores.evaluate(RunBefores.java:26)
org.junit.internal.runners.statements.RunAfters.evaluate(RunAfters.java:27)
org.junit.runners.ParentRunner$3.evaluate(ParentRunner.java:306)
org.junit.runners.ParentRunner.run(ParentRunner.java:413)
org.apache.maven.surefire.junit4.JUnit4Provider.execute(JUnit4Provider.java:316)
org.apache.maven.surefire.junit4.JUnit4Provider.executeWithRerun(JUnit4Provider.java:240)
org.apache.maven.surefire.junit4.JUnit4Provider.executeTestSet(JUnit4Provider.java:214)
org.apache.maven.surefire.junit4.JUnit4Provider.invoke(JUnit4Provider.java:155)
org.apache.maven.surefire.booter.ForkedBooter.runSuitesInProcess(ForkedBooter.java:385)
org.apache.maven.surefire.booter.ForkedBooter.execute(ForkedBooter.java:162)
org.apache.maven.surefire.booter.ForkedBooter.run(ForkedBooter.java:507)
org.apache.maven.surefire.booter.ForkedBooter.main(ForkedBooter.java:495)

	at org.evosuite.runtime.sandbox.MSecurityManager.checkPermission(MSecurityManager.java:436)
	at java.lang.SecurityManager.checkLink(SecurityManager.java:835)
	at java.lang.Runtime.load0(Runtime.java:776)
	at java.lang.System.load(System.java:1100)
	at org.xerial.snappy.SnappyLoader.loadNativeLibrary(SnappyLoader.java:198)
	at org.xerial.snappy.SnappyLoader.loadSnappyApi(SnappyLoader.java:167)
	at org.xerial.snappy.Snappy.init(Snappy.java:69)
	at org.xerial.snappy.Snappy.__STATIC_RESET(Snappy.java:46)
	at sun.reflect.GeneratedMethodAccessor21.invoke(Unknown Source)
	at sun.reflect.DelegatingMethodAccessorImpl.invoke(DelegatingMethodAccessorImpl.java:43)
	at java.lang.reflect.Method.invoke(Method.java:498)
	at org.evosuite.runtime.classhandling.ClassResetter.reset(ClassResetter.java:159)
	at org.evosuite.runtime.classhandling.ClassStateSupport.resetClasses(ClassStateSupport.java:137)
	at org.apache.avro.file.DataFileWriter_ESTest_scaffolding.resetClasses(DataFileWriter_ESTest_scaffolding.java:644)
	at org.apache.avro.file.DataFileWriter_ESTest_scaffolding.doneWithTestCase(DataFileWriter_ESTest_scaffolding.java:68)
	at sun.reflect.GeneratedMethodAccessor5.invoke(Unknown Source)
	at sun.reflect.DelegatingMethodAccessorImpl.invoke(DelegatingMethodAccessorImpl.java:43)
	at java.lang.reflect.Method.invoke(Method.java:498)
	at org.junit.runners.model.FrameworkMethod$1.runReflectiveCall(FrameworkMethod.java:59)
	at org.junit.internal.runners.model.ReflectiveCallable.run(ReflectiveCallable.java:12)
	at org.junit.runners.model.FrameworkMethod.invokeExplosively(FrameworkMethod.java:56)
	at org.junit.internal.runners.statements.RunAfters.invokeMethod(RunAfters.java:46)
	at org.junit.internal.runners.statements.RunAfters.evaluate(RunAfters.java:33)
	at org.evosuite.runtime.vnet.NonFunctionalRequirementRule$1.evaluate(NonFunctionalRequirementRule.java:41)
	at org.junit.runners.ParentRunner$3.evaluate(ParentRunner.java:306)
	at org.junit.runners.BlockJUnit4ClassRunner$1.evaluate(BlockJUnit4ClassRunner.java:100)
	at org.junit.runners.ParentRunner.runLeaf(ParentRunner.java:366)
	at org.junit.runners.BlockJUnit4ClassRunner.runChild(BlockJUnit4ClassRunner.java:103)
	at org.junit.runners.BlockJUnit4ClassRunner.runChild(BlockJUnit4ClassRunner.java:63)
	at org.junit.runners.ParentRunner$4.run(ParentRunner.java:331)
	at org.junit.runners.ParentRunner$1.schedule(ParentRunner.java:79)
	at org.junit.runners.ParentRunner.runChildren(ParentRunner.java:329)
	at org.junit.runners.ParentRunner.access$100(ParentRunner.java:66)
	at org.junit.runners.ParentRunner$2.evaluate(ParentRunner.java:293)
	at org.junit.internal.runners.statements.RunBefores.evaluate(RunBefores.java:26)
	at org.junit.internal.runners.statements.RunAfters.evaluate(RunAfters.java:27)
	at org.junit.runners.ParentRunner$3.evaluate(ParentRunner.java:306)
	at org.junit.runners.ParentRunner.run(ParentRunner.java:413)
	at org.apache.maven.surefire.junit4.JUnit4Provider.execute(JUnit4Provider.java:316)
	at org.apache.maven.surefire.junit4.JUnit4Provider.executeWithRerun(JUnit4Provider.java:240)
	at org.apache.maven.surefire.junit4.JUnit4Provider.executeTestSet(JUnit4Provider.java:214)
	at org.apache.maven.surefire.junit4.JUnit4Provider.invoke(JUnit4Provider.java:155)
	at org.apache.maven.surefire.booter.ForkedBooter.runSuitesInProcess(ForkedBooter.java:385)
	at org.apache.maven.surefire.booter.ForkedBooter.execute(ForkedBooter.java:162)
	at org.apache.maven.surefire.booter.ForkedBooter.run(ForkedBooter.java:507)
	at org.apache.maven.surefire.booter.ForkedBooter.main(ForkedBooter.java:495)
]]></system-err>
  </testcase>
  <testcase name="test29" classname="org.apache.avro.file.DataFileWriter_ESTest" time="0.201">
    <system-err><![CDATA[java.lang.SecurityException: Security manager blocks ("java.lang.RuntimePermission" "loadLibrary./tmp/snappy-1.1.8-00000000-0100-4000-8200-000003000000-libsnappyjava.so")
java.lang.Thread.getStackTrace(Thread.java:1564)
org.evosuite.runtime.sandbox.MSecurityManager.checkPermission(MSecurityManager.java:424)
java.lang.SecurityManager.checkLink(SecurityManager.java:835)
java.lang.Runtime.load0(Runtime.java:776)
java.lang.System.load(System.java:1100)
org.xerial.snappy.SnappyLoader.loadNativeLibrary(SnappyLoader.java:198)
org.xerial.snappy.SnappyLoader.loadSnappyApi(SnappyLoader.java:167)
org.xerial.snappy.Snappy.init(Snappy.java:69)
org.xerial.snappy.Snappy.__STATIC_RESET(Snappy.java:46)
sun.reflect.GeneratedMethodAccessor21.invoke(Unknown Source)
sun.reflect.DelegatingMethodAccessorImpl.invoke(DelegatingMethodAccessorImpl.java:43)
java.lang.reflect.Method.invoke(Method.java:498)
org.evosuite.runtime.classhandling.ClassResetter.reset(ClassResetter.java:159)
org.evosuite.runtime.classhandling.ClassStateSupport.resetClasses(ClassStateSupport.java:137)
org.apache.avro.file.DataFileWriter_ESTest_scaffolding.resetClasses(DataFileWriter_ESTest_scaffolding.java:644)
org.apache.avro.file.DataFileWriter_ESTest_scaffolding.doneWithTestCase(DataFileWriter_ESTest_scaffolding.java:68)
sun.reflect.GeneratedMethodAccessor5.invoke(Unknown Source)
sun.reflect.DelegatingMethodAccessorImpl.invoke(DelegatingMethodAccessorImpl.java:43)
java.lang.reflect.Method.invoke(Method.java:498)
org.junit.runners.model.FrameworkMethod$1.runReflectiveCall(FrameworkMethod.java:59)
org.junit.internal.runners.model.ReflectiveCallable.run(ReflectiveCallable.java:12)
org.junit.runners.model.FrameworkMethod.invokeExplosively(FrameworkMethod.java:56)
org.junit.internal.runners.statements.RunAfters.invokeMethod(RunAfters.java:46)
org.junit.internal.runners.statements.RunAfters.evaluate(RunAfters.java:33)
org.evosuite.runtime.vnet.NonFunctionalRequirementRule$1.evaluate(NonFunctionalRequirementRule.java:41)
org.junit.runners.ParentRunner$3.evaluate(ParentRunner.java:306)
org.junit.runners.BlockJUnit4ClassRunner$1.evaluate(BlockJUnit4ClassRunner.java:100)
org.junit.runners.ParentRunner.runLeaf(ParentRunner.java:366)
org.junit.runners.BlockJUnit4ClassRunner.runChild(BlockJUnit4ClassRunner.java:103)
org.junit.runners.BlockJUnit4ClassRunner.runChild(BlockJUnit4ClassRunner.java:63)
org.junit.runners.ParentRunner$4.run(ParentRunner.java:331)
org.junit.runners.ParentRunner$1.schedule(ParentRunner.java:79)
org.junit.runners.ParentRunner.runChildren(ParentRunner.java:329)
org.junit.runners.ParentRunner.access$100(ParentRunner.java:66)
org.junit.runners.ParentRunner$2.evaluate(ParentRunner.java:293)
org.junit.internal.runners.statements.RunBefores.evaluate(RunBefores.java:26)
org.junit.internal.runners.statements.RunAfters.evaluate(RunAfters.java:27)
org.junit.runners.ParentRunner$3.evaluate(ParentRunner.java:306)
org.junit.runners.ParentRunner.run(ParentRunner.java:413)
org.apache.maven.surefire.junit4.JUnit4Provider.execute(JUnit4Provider.java:316)
org.apache.maven.surefire.junit4.JUnit4Provider.executeWithRerun(JUnit4Provider.java:240)
org.apache.maven.surefire.junit4.JUnit4Provider.executeTestSet(JUnit4Provider.java:214)
org.apache.maven.surefire.junit4.JUnit4Provider.invoke(JUnit4Provider.java:155)
org.apache.maven.surefire.booter.ForkedBooter.runSuitesInProcess(ForkedBooter.java:385)
org.apache.maven.surefire.booter.ForkedBooter.execute(ForkedBooter.java:162)
org.apache.maven.surefire.booter.ForkedBooter.run(ForkedBooter.java:507)
org.apache.maven.surefire.booter.ForkedBooter.main(ForkedBooter.java:495)

	at org.evosuite.runtime.sandbox.MSecurityManager.checkPermission(MSecurityManager.java:436)
	at java.lang.SecurityManager.checkLink(SecurityManager.java:835)
	at java.lang.Runtime.load0(Runtime.java:776)
	at java.lang.System.load(System.java:1100)
	at org.xerial.snappy.SnappyLoader.loadNativeLibrary(SnappyLoader.java:198)
	at org.xerial.snappy.SnappyLoader.loadSnappyApi(SnappyLoader.java:167)
	at org.xerial.snappy.Snappy.init(Snappy.java:69)
	at org.xerial.snappy.Snappy.__STATIC_RESET(Snappy.java:46)
	at sun.reflect.GeneratedMethodAccessor21.invoke(Unknown Source)
	at sun.reflect.DelegatingMethodAccessorImpl.invoke(DelegatingMethodAccessorImpl.java:43)
	at java.lang.reflect.Method.invoke(Method.java:498)
	at org.evosuite.runtime.classhandling.ClassResetter.reset(ClassResetter.java:159)
	at org.evosuite.runtime.classhandling.ClassStateSupport.resetClasses(ClassStateSupport.java:137)
	at org.apache.avro.file.DataFileWriter_ESTest_scaffolding.resetClasses(DataFileWriter_ESTest_scaffolding.java:644)
	at org.apache.avro.file.DataFileWriter_ESTest_scaffolding.doneWithTestCase(DataFileWriter_ESTest_scaffolding.java:68)
	at sun.reflect.GeneratedMethodAccessor5.invoke(Unknown Source)
	at sun.reflect.DelegatingMethodAccessorImpl.invoke(DelegatingMethodAccessorImpl.java:43)
	at java.lang.reflect.Method.invoke(Method.java:498)
	at org.junit.runners.model.FrameworkMethod$1.runReflectiveCall(FrameworkMethod.java:59)
	at org.junit.internal.runners.model.ReflectiveCallable.run(ReflectiveCallable.java:12)
	at org.junit.runners.model.FrameworkMethod.invokeExplosively(FrameworkMethod.java:56)
	at org.junit.internal.runners.statements.RunAfters.invokeMethod(RunAfters.java:46)
	at org.junit.internal.runners.statements.RunAfters.evaluate(RunAfters.java:33)
	at org.evosuite.runtime.vnet.NonFunctionalRequirementRule$1.evaluate(NonFunctionalRequirementRule.java:41)
	at org.junit.runners.ParentRunner$3.evaluate(ParentRunner.java:306)
	at org.junit.runners.BlockJUnit4ClassRunner$1.evaluate(BlockJUnit4ClassRunner.java:100)
	at org.junit.runners.ParentRunner.runLeaf(ParentRunner.java:366)
	at org.junit.runners.BlockJUnit4ClassRunner.runChild(BlockJUnit4ClassRunner.java:103)
	at org.junit.runners.BlockJUnit4ClassRunner.runChild(BlockJUnit4ClassRunner.java:63)
	at org.junit.runners.ParentRunner$4.run(ParentRunner.java:331)
	at org.junit.runners.ParentRunner$1.schedule(ParentRunner.java:79)
	at org.junit.runners.ParentRunner.runChildren(ParentRunner.java:329)
	at org.junit.runners.ParentRunner.access$100(ParentRunner.java:66)
	at org.junit.runners.ParentRunner$2.evaluate(ParentRunner.java:293)
	at org.junit.internal.runners.statements.RunBefores.evaluate(RunBefores.java:26)
	at org.junit.internal.runners.statements.RunAfters.evaluate(RunAfters.java:27)
	at org.junit.runners.ParentRunner$3.evaluate(ParentRunner.java:306)
	at org.junit.runners.ParentRunner.run(ParentRunner.java:413)
	at org.apache.maven.surefire.junit4.JUnit4Provider.execute(JUnit4Provider.java:316)
	at org.apache.maven.surefire.junit4.JUnit4Provider.executeWithRerun(JUnit4Provider.java:240)
	at org.apache.maven.surefire.junit4.JUnit4Provider.executeTestSet(JUnit4Provider.java:214)
	at org.apache.maven.surefire.junit4.JUnit4Provider.invoke(JUnit4Provider.java:155)
	at org.apache.maven.surefire.booter.ForkedBooter.runSuitesInProcess(ForkedBooter.java:385)
	at org.apache.maven.surefire.booter.ForkedBooter.execute(ForkedBooter.java:162)
	at org.apache.maven.surefire.booter.ForkedBooter.run(ForkedBooter.java:507)
	at org.apache.maven.surefire.booter.ForkedBooter.main(ForkedBooter.java:495)
]]></system-err>
  </testcase>
  <testcase name="test26" classname="org.apache.avro.file.DataFileWriter_ESTest" time="0.197">
    <system-err><![CDATA[java.lang.SecurityException: Security manager blocks ("java.lang.RuntimePermission" "loadLibrary./tmp/snappy-1.1.8-00000000-0100-4000-8200-000003000000-libsnappyjava.so")
java.lang.Thread.getStackTrace(Thread.java:1564)
org.evosuite.runtime.sandbox.MSecurityManager.checkPermission(MSecurityManager.java:424)
java.lang.SecurityManager.checkLink(SecurityManager.java:835)
java.lang.Runtime.load0(Runtime.java:776)
java.lang.System.load(System.java:1100)
org.xerial.snappy.SnappyLoader.loadNativeLibrary(SnappyLoader.java:198)
org.xerial.snappy.SnappyLoader.loadSnappyApi(SnappyLoader.java:167)
org.xerial.snappy.Snappy.init(Snappy.java:69)
org.xerial.snappy.Snappy.__STATIC_RESET(Snappy.java:46)
sun.reflect.GeneratedMethodAccessor21.invoke(Unknown Source)
sun.reflect.DelegatingMethodAccessorImpl.invoke(DelegatingMethodAccessorImpl.java:43)
java.lang.reflect.Method.invoke(Method.java:498)
org.evosuite.runtime.classhandling.ClassResetter.reset(ClassResetter.java:159)
org.evosuite.runtime.classhandling.ClassStateSupport.resetClasses(ClassStateSupport.java:137)
org.apache.avro.file.DataFileWriter_ESTest_scaffolding.resetClasses(DataFileWriter_ESTest_scaffolding.java:644)
org.apache.avro.file.DataFileWriter_ESTest_scaffolding.doneWithTestCase(DataFileWriter_ESTest_scaffolding.java:68)
sun.reflect.GeneratedMethodAccessor5.invoke(Unknown Source)
sun.reflect.DelegatingMethodAccessorImpl.invoke(DelegatingMethodAccessorImpl.java:43)
java.lang.reflect.Method.invoke(Method.java:498)
org.junit.runners.model.FrameworkMethod$1.runReflectiveCall(FrameworkMethod.java:59)
org.junit.internal.runners.model.ReflectiveCallable.run(ReflectiveCallable.java:12)
org.junit.runners.model.FrameworkMethod.invokeExplosively(FrameworkMethod.java:56)
org.junit.internal.runners.statements.RunAfters.invokeMethod(RunAfters.java:46)
org.junit.internal.runners.statements.RunAfters.evaluate(RunAfters.java:33)
org.evosuite.runtime.vnet.NonFunctionalRequirementRule$1.evaluate(NonFunctionalRequirementRule.java:41)
org.junit.runners.ParentRunner$3.evaluate(ParentRunner.java:306)
org.junit.runners.BlockJUnit4ClassRunner$1.evaluate(BlockJUnit4ClassRunner.java:100)
org.junit.runners.ParentRunner.runLeaf(ParentRunner.java:366)
org.junit.runners.BlockJUnit4ClassRunner.runChild(BlockJUnit4ClassRunner.java:103)
org.junit.runners.BlockJUnit4ClassRunner.runChild(BlockJUnit4ClassRunner.java:63)
org.junit.runners.ParentRunner$4.run(ParentRunner.java:331)
org.junit.runners.ParentRunner$1.schedule(ParentRunner.java:79)
org.junit.runners.ParentRunner.runChildren(ParentRunner.java:329)
org.junit.runners.ParentRunner.access$100(ParentRunner.java:66)
org.junit.runners.ParentRunner$2.evaluate(ParentRunner.java:293)
org.junit.internal.runners.statements.RunBefores.evaluate(RunBefores.java:26)
org.junit.internal.runners.statements.RunAfters.evaluate(RunAfters.java:27)
org.junit.runners.ParentRunner$3.evaluate(ParentRunner.java:306)
org.junit.runners.ParentRunner.run(ParentRunner.java:413)
org.apache.maven.surefire.junit4.JUnit4Provider.execute(JUnit4Provider.java:316)
org.apache.maven.surefire.junit4.JUnit4Provider.executeWithRerun(JUnit4Provider.java:240)
org.apache.maven.surefire.junit4.JUnit4Provider.executeTestSet(JUnit4Provider.java:214)
org.apache.maven.surefire.junit4.JUnit4Provider.invoke(JUnit4Provider.java:155)
org.apache.maven.surefire.booter.ForkedBooter.runSuitesInProcess(ForkedBooter.java:385)
org.apache.maven.surefire.booter.ForkedBooter.execute(ForkedBooter.java:162)
org.apache.maven.surefire.booter.ForkedBooter.run(ForkedBooter.java:507)
org.apache.maven.surefire.booter.ForkedBooter.main(ForkedBooter.java:495)

	at org.evosuite.runtime.sandbox.MSecurityManager.checkPermission(MSecurityManager.java:436)
	at java.lang.SecurityManager.checkLink(SecurityManager.java:835)
	at java.lang.Runtime.load0(Runtime.java:776)
	at java.lang.System.load(System.java:1100)
	at org.xerial.snappy.SnappyLoader.loadNativeLibrary(SnappyLoader.java:198)
	at org.xerial.snappy.SnappyLoader.loadSnappyApi(SnappyLoader.java:167)
	at org.xerial.snappy.Snappy.init(Snappy.java:69)
	at org.xerial.snappy.Snappy.__STATIC_RESET(Snappy.java:46)
	at sun.reflect.GeneratedMethodAccessor21.invoke(Unknown Source)
	at sun.reflect.DelegatingMethodAccessorImpl.invoke(DelegatingMethodAccessorImpl.java:43)
	at java.lang.reflect.Method.invoke(Method.java:498)
	at org.evosuite.runtime.classhandling.ClassResetter.reset(ClassResetter.java:159)
	at org.evosuite.runtime.classhandling.ClassStateSupport.resetClasses(ClassStateSupport.java:137)
	at org.apache.avro.file.DataFileWriter_ESTest_scaffolding.resetClasses(DataFileWriter_ESTest_scaffolding.java:644)
	at org.apache.avro.file.DataFileWriter_ESTest_scaffolding.doneWithTestCase(DataFileWriter_ESTest_scaffolding.java:68)
	at sun.reflect.GeneratedMethodAccessor5.invoke(Unknown Source)
	at sun.reflect.DelegatingMethodAccessorImpl.invoke(DelegatingMethodAccessorImpl.java:43)
	at java.lang.reflect.Method.invoke(Method.java:498)
	at org.junit.runners.model.FrameworkMethod$1.runReflectiveCall(FrameworkMethod.java:59)
	at org.junit.internal.runners.model.ReflectiveCallable.run(ReflectiveCallable.java:12)
	at org.junit.runners.model.FrameworkMethod.invokeExplosively(FrameworkMethod.java:56)
	at org.junit.internal.runners.statements.RunAfters.invokeMethod(RunAfters.java:46)
	at org.junit.internal.runners.statements.RunAfters.evaluate(RunAfters.java:33)
	at org.evosuite.runtime.vnet.NonFunctionalRequirementRule$1.evaluate(NonFunctionalRequirementRule.java:41)
	at org.junit.runners.ParentRunner$3.evaluate(ParentRunner.java:306)
	at org.junit.runners.BlockJUnit4ClassRunner$1.evaluate(BlockJUnit4ClassRunner.java:100)
	at org.junit.runners.ParentRunner.runLeaf(ParentRunner.java:366)
	at org.junit.runners.BlockJUnit4ClassRunner.runChild(BlockJUnit4ClassRunner.java:103)
	at org.junit.runners.BlockJUnit4ClassRunner.runChild(BlockJUnit4ClassRunner.java:63)
	at org.junit.runners.ParentRunner$4.run(ParentRunner.java:331)
	at org.junit.runners.ParentRunner$1.schedule(ParentRunner.java:79)
	at org.junit.runners.ParentRunner.runChildren(ParentRunner.java:329)
	at org.junit.runners.ParentRunner.access$100(ParentRunner.java:66)
	at org.junit.runners.ParentRunner$2.evaluate(ParentRunner.java:293)
	at org.junit.internal.runners.statements.RunBefores.evaluate(RunBefores.java:26)
	at org.junit.internal.runners.statements.RunAfters.evaluate(RunAfters.java:27)
	at org.junit.runners.ParentRunner$3.evaluate(ParentRunner.java:306)
	at org.junit.runners.ParentRunner.run(ParentRunner.java:413)
	at org.apache.maven.surefire.junit4.JUnit4Provider.execute(JUnit4Provider.java:316)
	at org.apache.maven.surefire.junit4.JUnit4Provider.executeWithRerun(JUnit4Provider.java:240)
	at org.apache.maven.surefire.junit4.JUnit4Provider.executeTestSet(JUnit4Provider.java:214)
	at org.apache.maven.surefire.junit4.JUnit4Provider.invoke(JUnit4Provider.java:155)
	at org.apache.maven.surefire.booter.ForkedBooter.runSuitesInProcess(ForkedBooter.java:385)
	at org.apache.maven.surefire.booter.ForkedBooter.execute(ForkedBooter.java:162)
	at org.apache.maven.surefire.booter.ForkedBooter.run(ForkedBooter.java:507)
	at org.apache.maven.surefire.booter.ForkedBooter.main(ForkedBooter.java:495)
]]></system-err>
  </testcase>
  <testcase name="test27" classname="org.apache.avro.file.DataFileWriter_ESTest" time="0.146">
    <system-err><![CDATA[java.lang.SecurityException: Security manager blocks ("java.lang.RuntimePermission" "loadLibrary./tmp/snappy-1.1.8-00000000-0100-4000-8200-000003000000-libsnappyjava.so")
java.lang.Thread.getStackTrace(Thread.java:1564)
org.evosuite.runtime.sandbox.MSecurityManager.checkPermission(MSecurityManager.java:424)
java.lang.SecurityManager.checkLink(SecurityManager.java:835)
java.lang.Runtime.load0(Runtime.java:776)
java.lang.System.load(System.java:1100)
org.xerial.snappy.SnappyLoader.loadNativeLibrary(SnappyLoader.java:198)
org.xerial.snappy.SnappyLoader.loadSnappyApi(SnappyLoader.java:167)
org.xerial.snappy.Snappy.init(Snappy.java:69)
org.xerial.snappy.Snappy.__STATIC_RESET(Snappy.java:46)
sun.reflect.GeneratedMethodAccessor21.invoke(Unknown Source)
sun.reflect.DelegatingMethodAccessorImpl.invoke(DelegatingMethodAccessorImpl.java:43)
java.lang.reflect.Method.invoke(Method.java:498)
org.evosuite.runtime.classhandling.ClassResetter.reset(ClassResetter.java:159)
org.evosuite.runtime.classhandling.ClassStateSupport.resetClasses(ClassStateSupport.java:137)
org.apache.avro.file.DataFileWriter_ESTest_scaffolding.resetClasses(DataFileWriter_ESTest_scaffolding.java:644)
org.apache.avro.file.DataFileWriter_ESTest_scaffolding.doneWithTestCase(DataFileWriter_ESTest_scaffolding.java:68)
sun.reflect.GeneratedMethodAccessor5.invoke(Unknown Source)
sun.reflect.DelegatingMethodAccessorImpl.invoke(DelegatingMethodAccessorImpl.java:43)
java.lang.reflect.Method.invoke(Method.java:498)
org.junit.runners.model.FrameworkMethod$1.runReflectiveCall(FrameworkMethod.java:59)
org.junit.internal.runners.model.ReflectiveCallable.run(ReflectiveCallable.java:12)
org.junit.runners.model.FrameworkMethod.invokeExplosively(FrameworkMethod.java:56)
org.junit.internal.runners.statements.RunAfters.invokeMethod(RunAfters.java:46)
org.junit.internal.runners.statements.RunAfters.evaluate(RunAfters.java:33)
org.evosuite.runtime.vnet.NonFunctionalRequirementRule$1.evaluate(NonFunctionalRequirementRule.java:41)
org.junit.runners.ParentRunner$3.evaluate(ParentRunner.java:306)
org.junit.runners.BlockJUnit4ClassRunner$1.evaluate(BlockJUnit4ClassRunner.java:100)
org.junit.runners.ParentRunner.runLeaf(ParentRunner.java:366)
org.junit.runners.BlockJUnit4ClassRunner.runChild(BlockJUnit4ClassRunner.java:103)
org.junit.runners.BlockJUnit4ClassRunner.runChild(BlockJUnit4ClassRunner.java:63)
org.junit.runners.ParentRunner$4.run(ParentRunner.java:331)
org.junit.runners.ParentRunner$1.schedule(ParentRunner.java:79)
org.junit.runners.ParentRunner.runChildren(ParentRunner.java:329)
org.junit.runners.ParentRunner.access$100(ParentRunner.java:66)
org.junit.runners.ParentRunner$2.evaluate(ParentRunner.java:293)
org.junit.internal.runners.statements.RunBefores.evaluate(RunBefores.java:26)
org.junit.internal.runners.statements.RunAfters.evaluate(RunAfters.java:27)
org.junit.runners.ParentRunner$3.evaluate(ParentRunner.java:306)
org.junit.runners.ParentRunner.run(ParentRunner.java:413)
org.apache.maven.surefire.junit4.JUnit4Provider.execute(JUnit4Provider.java:316)
org.apache.maven.surefire.junit4.JUnit4Provider.executeWithRerun(JUnit4Provider.java:240)
org.apache.maven.surefire.junit4.JUnit4Provider.executeTestSet(JUnit4Provider.java:214)
org.apache.maven.surefire.junit4.JUnit4Provider.invoke(JUnit4Provider.java:155)
org.apache.maven.surefire.booter.ForkedBooter.runSuitesInProcess(ForkedBooter.java:385)
org.apache.maven.surefire.booter.ForkedBooter.execute(ForkedBooter.java:162)
org.apache.maven.surefire.booter.ForkedBooter.run(ForkedBooter.java:507)
org.apache.maven.surefire.booter.ForkedBooter.main(ForkedBooter.java:495)

	at org.evosuite.runtime.sandbox.MSecurityManager.checkPermission(MSecurityManager.java:436)
	at java.lang.SecurityManager.checkLink(SecurityManager.java:835)
	at java.lang.Runtime.load0(Runtime.java:776)
	at java.lang.System.load(System.java:1100)
	at org.xerial.snappy.SnappyLoader.loadNativeLibrary(SnappyLoader.java:198)
	at org.xerial.snappy.SnappyLoader.loadSnappyApi(SnappyLoader.java:167)
	at org.xerial.snappy.Snappy.init(Snappy.java:69)
	at org.xerial.snappy.Snappy.__STATIC_RESET(Snappy.java:46)
	at sun.reflect.GeneratedMethodAccessor21.invoke(Unknown Source)
	at sun.reflect.DelegatingMethodAccessorImpl.invoke(DelegatingMethodAccessorImpl.java:43)
	at java.lang.reflect.Method.invoke(Method.java:498)
	at org.evosuite.runtime.classhandling.ClassResetter.reset(ClassResetter.java:159)
	at org.evosuite.runtime.classhandling.ClassStateSupport.resetClasses(ClassStateSupport.java:137)
	at org.apache.avro.file.DataFileWriter_ESTest_scaffolding.resetClasses(DataFileWriter_ESTest_scaffolding.java:644)
	at org.apache.avro.file.DataFileWriter_ESTest_scaffolding.doneWithTestCase(DataFileWriter_ESTest_scaffolding.java:68)
	at sun.reflect.GeneratedMethodAccessor5.invoke(Unknown Source)
	at sun.reflect.DelegatingMethodAccessorImpl.invoke(DelegatingMethodAccessorImpl.java:43)
	at java.lang.reflect.Method.invoke(Method.java:498)
	at org.junit.runners.model.FrameworkMethod$1.runReflectiveCall(FrameworkMethod.java:59)
	at org.junit.internal.runners.model.ReflectiveCallable.run(ReflectiveCallable.java:12)
	at org.junit.runners.model.FrameworkMethod.invokeExplosively(FrameworkMethod.java:56)
	at org.junit.internal.runners.statements.RunAfters.invokeMethod(RunAfters.java:46)
	at org.junit.internal.runners.statements.RunAfters.evaluate(RunAfters.java:33)
	at org.evosuite.runtime.vnet.NonFunctionalRequirementRule$1.evaluate(NonFunctionalRequirementRule.java:41)
	at org.junit.runners.ParentRunner$3.evaluate(ParentRunner.java:306)
	at org.junit.runners.BlockJUnit4ClassRunner$1.evaluate(BlockJUnit4ClassRunner.java:100)
	at org.junit.runners.ParentRunner.runLeaf(ParentRunner.java:366)
	at org.junit.runners.BlockJUnit4ClassRunner.runChild(BlockJUnit4ClassRunner.java:103)
	at org.junit.runners.BlockJUnit4ClassRunner.runChild(BlockJUnit4ClassRunner.java:63)
	at org.junit.runners.ParentRunner$4.run(ParentRunner.java:331)
	at org.junit.runners.ParentRunner$1.schedule(ParentRunner.java:79)
	at org.junit.runners.ParentRunner.runChildren(ParentRunner.java:329)
	at org.junit.runners.ParentRunner.access$100(ParentRunner.java:66)
	at org.junit.runners.ParentRunner$2.evaluate(ParentRunner.java:293)
	at org.junit.internal.runners.statements.RunBefores.evaluate(RunBefores.java:26)
	at org.junit.internal.runners.statements.RunAfters.evaluate(RunAfters.java:27)
	at org.junit.runners.ParentRunner$3.evaluate(ParentRunner.java:306)
	at org.junit.runners.ParentRunner.run(ParentRunner.java:413)
	at org.apache.maven.surefire.junit4.JUnit4Provider.execute(JUnit4Provider.java:316)
	at org.apache.maven.surefire.junit4.JUnit4Provider.executeWithRerun(JUnit4Provider.java:240)
	at org.apache.maven.surefire.junit4.JUnit4Provider.executeTestSet(JUnit4Provider.java:214)
	at org.apache.maven.surefire.junit4.JUnit4Provider.invoke(JUnit4Provider.java:155)
	at org.apache.maven.surefire.booter.ForkedBooter.runSuitesInProcess(ForkedBooter.java:385)
	at org.apache.maven.surefire.booter.ForkedBooter.execute(ForkedBooter.java:162)
	at org.apache.maven.surefire.booter.ForkedBooter.run(ForkedBooter.java:507)
	at org.apache.maven.surefire.booter.ForkedBooter.main(ForkedBooter.java:495)
]]></system-err>
  </testcase>
  <testcase name="test24" classname="org.apache.avro.file.DataFileWriter_ESTest" time="0.176">
    <system-err><![CDATA[java.lang.SecurityException: Security manager blocks ("java.lang.RuntimePermission" "loadLibrary./tmp/snappy-1.1.8-00000000-0100-4000-8200-000003000000-libsnappyjava.so")
java.lang.Thread.getStackTrace(Thread.java:1564)
org.evosuite.runtime.sandbox.MSecurityManager.checkPermission(MSecurityManager.java:424)
java.lang.SecurityManager.checkLink(SecurityManager.java:835)
java.lang.Runtime.load0(Runtime.java:776)
java.lang.System.load(System.java:1100)
org.xerial.snappy.SnappyLoader.loadNativeLibrary(SnappyLoader.java:198)
org.xerial.snappy.SnappyLoader.loadSnappyApi(SnappyLoader.java:167)
org.xerial.snappy.Snappy.init(Snappy.java:69)
org.xerial.snappy.Snappy.__STATIC_RESET(Snappy.java:46)
sun.reflect.GeneratedMethodAccessor21.invoke(Unknown Source)
sun.reflect.DelegatingMethodAccessorImpl.invoke(DelegatingMethodAccessorImpl.java:43)
java.lang.reflect.Method.invoke(Method.java:498)
org.evosuite.runtime.classhandling.ClassResetter.reset(ClassResetter.java:159)
org.evosuite.runtime.classhandling.ClassStateSupport.resetClasses(ClassStateSupport.java:137)
org.apache.avro.file.DataFileWriter_ESTest_scaffolding.resetClasses(DataFileWriter_ESTest_scaffolding.java:644)
org.apache.avro.file.DataFileWriter_ESTest_scaffolding.doneWithTestCase(DataFileWriter_ESTest_scaffolding.java:68)
sun.reflect.GeneratedMethodAccessor5.invoke(Unknown Source)
sun.reflect.DelegatingMethodAccessorImpl.invoke(DelegatingMethodAccessorImpl.java:43)
java.lang.reflect.Method.invoke(Method.java:498)
org.junit.runners.model.FrameworkMethod$1.runReflectiveCall(FrameworkMethod.java:59)
org.junit.internal.runners.model.ReflectiveCallable.run(ReflectiveCallable.java:12)
org.junit.runners.model.FrameworkMethod.invokeExplosively(FrameworkMethod.java:56)
org.junit.internal.runners.statements.RunAfters.invokeMethod(RunAfters.java:46)
org.junit.internal.runners.statements.RunAfters.evaluate(RunAfters.java:33)
org.evosuite.runtime.vnet.NonFunctionalRequirementRule$1.evaluate(NonFunctionalRequirementRule.java:41)
org.junit.runners.ParentRunner$3.evaluate(ParentRunner.java:306)
org.junit.runners.BlockJUnit4ClassRunner$1.evaluate(BlockJUnit4ClassRunner.java:100)
org.junit.runners.ParentRunner.runLeaf(ParentRunner.java:366)
org.junit.runners.BlockJUnit4ClassRunner.runChild(BlockJUnit4ClassRunner.java:103)
org.junit.runners.BlockJUnit4ClassRunner.runChild(BlockJUnit4ClassRunner.java:63)
org.junit.runners.ParentRunner$4.run(ParentRunner.java:331)
org.junit.runners.ParentRunner$1.schedule(ParentRunner.java:79)
org.junit.runners.ParentRunner.runChildren(ParentRunner.java:329)
org.junit.runners.ParentRunner.access$100(ParentRunner.java:66)
org.junit.runners.ParentRunner$2.evaluate(ParentRunner.java:293)
org.junit.internal.runners.statements.RunBefores.evaluate(RunBefores.java:26)
org.junit.internal.runners.statements.RunAfters.evaluate(RunAfters.java:27)
org.junit.runners.ParentRunner$3.evaluate(ParentRunner.java:306)
org.junit.runners.ParentRunner.run(ParentRunner.java:413)
org.apache.maven.surefire.junit4.JUnit4Provider.execute(JUnit4Provider.java:316)
org.apache.maven.surefire.junit4.JUnit4Provider.executeWithRerun(JUnit4Provider.java:240)
org.apache.maven.surefire.junit4.JUnit4Provider.executeTestSet(JUnit4Provider.java:214)
org.apache.maven.surefire.junit4.JUnit4Provider.invoke(JUnit4Provider.java:155)
org.apache.maven.surefire.booter.ForkedBooter.runSuitesInProcess(ForkedBooter.java:385)
org.apache.maven.surefire.booter.ForkedBooter.execute(ForkedBooter.java:162)
org.apache.maven.surefire.booter.ForkedBooter.run(ForkedBooter.java:507)
org.apache.maven.surefire.booter.ForkedBooter.main(ForkedBooter.java:495)

	at org.evosuite.runtime.sandbox.MSecurityManager.checkPermission(MSecurityManager.java:436)
	at java.lang.SecurityManager.checkLink(SecurityManager.java:835)
	at java.lang.Runtime.load0(Runtime.java:776)
	at java.lang.System.load(System.java:1100)
	at org.xerial.snappy.SnappyLoader.loadNativeLibrary(SnappyLoader.java:198)
	at org.xerial.snappy.SnappyLoader.loadSnappyApi(SnappyLoader.java:167)
	at org.xerial.snappy.Snappy.init(Snappy.java:69)
	at org.xerial.snappy.Snappy.__STATIC_RESET(Snappy.java:46)
	at sun.reflect.GeneratedMethodAccessor21.invoke(Unknown Source)
	at sun.reflect.DelegatingMethodAccessorImpl.invoke(DelegatingMethodAccessorImpl.java:43)
	at java.lang.reflect.Method.invoke(Method.java:498)
	at org.evosuite.runtime.classhandling.ClassResetter.reset(ClassResetter.java:159)
	at org.evosuite.runtime.classhandling.ClassStateSupport.resetClasses(ClassStateSupport.java:137)
	at org.apache.avro.file.DataFileWriter_ESTest_scaffolding.resetClasses(DataFileWriter_ESTest_scaffolding.java:644)
	at org.apache.avro.file.DataFileWriter_ESTest_scaffolding.doneWithTestCase(DataFileWriter_ESTest_scaffolding.java:68)
	at sun.reflect.GeneratedMethodAccessor5.invoke(Unknown Source)
	at sun.reflect.DelegatingMethodAccessorImpl.invoke(DelegatingMethodAccessorImpl.java:43)
	at java.lang.reflect.Method.invoke(Method.java:498)
	at org.junit.runners.model.FrameworkMethod$1.runReflectiveCall(FrameworkMethod.java:59)
	at org.junit.internal.runners.model.ReflectiveCallable.run(ReflectiveCallable.java:12)
	at org.junit.runners.model.FrameworkMethod.invokeExplosively(FrameworkMethod.java:56)
	at org.junit.internal.runners.statements.RunAfters.invokeMethod(RunAfters.java:46)
	at org.junit.internal.runners.statements.RunAfters.evaluate(RunAfters.java:33)
	at org.evosuite.runtime.vnet.NonFunctionalRequirementRule$1.evaluate(NonFunctionalRequirementRule.java:41)
	at org.junit.runners.ParentRunner$3.evaluate(ParentRunner.java:306)
	at org.junit.runners.BlockJUnit4ClassRunner$1.evaluate(BlockJUnit4ClassRunner.java:100)
	at org.junit.runners.ParentRunner.runLeaf(ParentRunner.java:366)
	at org.junit.runners.BlockJUnit4ClassRunner.runChild(BlockJUnit4ClassRunner.java:103)
	at org.junit.runners.BlockJUnit4ClassRunner.runChild(BlockJUnit4ClassRunner.java:63)
	at org.junit.runners.ParentRunner$4.run(ParentRunner.java:331)
	at org.junit.runners.ParentRunner$1.schedule(ParentRunner.java:79)
	at org.junit.runners.ParentRunner.runChildren(ParentRunner.java:329)
	at org.junit.runners.ParentRunner.access$100(ParentRunner.java:66)
	at org.junit.runners.ParentRunner$2.evaluate(ParentRunner.java:293)
	at org.junit.internal.runners.statements.RunBefores.evaluate(RunBefores.java:26)
	at org.junit.internal.runners.statements.RunAfters.evaluate(RunAfters.java:27)
	at org.junit.runners.ParentRunner$3.evaluate(ParentRunner.java:306)
	at org.junit.runners.ParentRunner.run(ParentRunner.java:413)
	at org.apache.maven.surefire.junit4.JUnit4Provider.execute(JUnit4Provider.java:316)
	at org.apache.maven.surefire.junit4.JUnit4Provider.executeWithRerun(JUnit4Provider.java:240)
	at org.apache.maven.surefire.junit4.JUnit4Provider.executeTestSet(JUnit4Provider.java:214)
	at org.apache.maven.surefire.junit4.JUnit4Provider.invoke(JUnit4Provider.java:155)
	at org.apache.maven.surefire.booter.ForkedBooter.runSuitesInProcess(ForkedBooter.java:385)
	at org.apache.maven.surefire.booter.ForkedBooter.execute(ForkedBooter.java:162)
	at org.apache.maven.surefire.booter.ForkedBooter.run(ForkedBooter.java:507)
	at org.apache.maven.surefire.booter.ForkedBooter.main(ForkedBooter.java:495)
]]></system-err>
  </testcase>
  <testcase name="test68" classname="org.apache.avro.file.DataFileWriter_ESTest" time="0.17">
    <system-err><![CDATA[java.lang.SecurityException: Security manager blocks ("java.lang.RuntimePermission" "loadLibrary./tmp/snappy-1.1.8-00000000-0100-4000-8200-000003000000-libsnappyjava.so")
java.lang.Thread.getStackTrace(Thread.java:1564)
org.evosuite.runtime.sandbox.MSecurityManager.checkPermission(MSecurityManager.java:424)
java.lang.SecurityManager.checkLink(SecurityManager.java:835)
java.lang.Runtime.load0(Runtime.java:776)
java.lang.System.load(System.java:1100)
org.xerial.snappy.SnappyLoader.loadNativeLibrary(SnappyLoader.java:198)
org.xerial.snappy.SnappyLoader.loadSnappyApi(SnappyLoader.java:167)
org.xerial.snappy.Snappy.init(Snappy.java:69)
org.xerial.snappy.Snappy.__STATIC_RESET(Snappy.java:46)
sun.reflect.GeneratedMethodAccessor21.invoke(Unknown Source)
sun.reflect.DelegatingMethodAccessorImpl.invoke(DelegatingMethodAccessorImpl.java:43)
java.lang.reflect.Method.invoke(Method.java:498)
org.evosuite.runtime.classhandling.ClassResetter.reset(ClassResetter.java:159)
org.evosuite.runtime.classhandling.ClassStateSupport.resetClasses(ClassStateSupport.java:137)
org.apache.avro.file.DataFileWriter_ESTest_scaffolding.resetClasses(DataFileWriter_ESTest_scaffolding.java:644)
org.apache.avro.file.DataFileWriter_ESTest_scaffolding.doneWithTestCase(DataFileWriter_ESTest_scaffolding.java:68)
sun.reflect.GeneratedMethodAccessor5.invoke(Unknown Source)
sun.reflect.DelegatingMethodAccessorImpl.invoke(DelegatingMethodAccessorImpl.java:43)
java.lang.reflect.Method.invoke(Method.java:498)
org.junit.runners.model.FrameworkMethod$1.runReflectiveCall(FrameworkMethod.java:59)
org.junit.internal.runners.model.ReflectiveCallable.run(ReflectiveCallable.java:12)
org.junit.runners.model.FrameworkMethod.invokeExplosively(FrameworkMethod.java:56)
org.junit.internal.runners.statements.RunAfters.invokeMethod(RunAfters.java:46)
org.junit.internal.runners.statements.RunAfters.evaluate(RunAfters.java:33)
org.evosuite.runtime.vnet.NonFunctionalRequirementRule$1.evaluate(NonFunctionalRequirementRule.java:41)
org.junit.runners.ParentRunner$3.evaluate(ParentRunner.java:306)
org.junit.runners.BlockJUnit4ClassRunner$1.evaluate(BlockJUnit4ClassRunner.java:100)
org.junit.runners.ParentRunner.runLeaf(ParentRunner.java:366)
org.junit.runners.BlockJUnit4ClassRunner.runChild(BlockJUnit4ClassRunner.java:103)
org.junit.runners.BlockJUnit4ClassRunner.runChild(BlockJUnit4ClassRunner.java:63)
org.junit.runners.ParentRunner$4.run(ParentRunner.java:331)
org.junit.runners.ParentRunner$1.schedule(ParentRunner.java:79)
org.junit.runners.ParentRunner.runChildren(ParentRunner.java:329)
org.junit.runners.ParentRunner.access$100(ParentRunner.java:66)
org.junit.runners.ParentRunner$2.evaluate(ParentRunner.java:293)
org.junit.internal.runners.statements.RunBefores.evaluate(RunBefores.java:26)
org.junit.internal.runners.statements.RunAfters.evaluate(RunAfters.java:27)
org.junit.runners.ParentRunner$3.evaluate(ParentRunner.java:306)
org.junit.runners.ParentRunner.run(ParentRunner.java:413)
org.apache.maven.surefire.junit4.JUnit4Provider.execute(JUnit4Provider.java:316)
org.apache.maven.surefire.junit4.JUnit4Provider.executeWithRerun(JUnit4Provider.java:240)
org.apache.maven.surefire.junit4.JUnit4Provider.executeTestSet(JUnit4Provider.java:214)
org.apache.maven.surefire.junit4.JUnit4Provider.invoke(JUnit4Provider.java:155)
org.apache.maven.surefire.booter.ForkedBooter.runSuitesInProcess(ForkedBooter.java:385)
org.apache.maven.surefire.booter.ForkedBooter.execute(ForkedBooter.java:162)
org.apache.maven.surefire.booter.ForkedBooter.run(ForkedBooter.java:507)
org.apache.maven.surefire.booter.ForkedBooter.main(ForkedBooter.java:495)

	at org.evosuite.runtime.sandbox.MSecurityManager.checkPermission(MSecurityManager.java:436)
	at java.lang.SecurityManager.checkLink(SecurityManager.java:835)
	at java.lang.Runtime.load0(Runtime.java:776)
	at java.lang.System.load(System.java:1100)
	at org.xerial.snappy.SnappyLoader.loadNativeLibrary(SnappyLoader.java:198)
	at org.xerial.snappy.SnappyLoader.loadSnappyApi(SnappyLoader.java:167)
	at org.xerial.snappy.Snappy.init(Snappy.java:69)
	at org.xerial.snappy.Snappy.__STATIC_RESET(Snappy.java:46)
	at sun.reflect.GeneratedMethodAccessor21.invoke(Unknown Source)
	at sun.reflect.DelegatingMethodAccessorImpl.invoke(DelegatingMethodAccessorImpl.java:43)
	at java.lang.reflect.Method.invoke(Method.java:498)
	at org.evosuite.runtime.classhandling.ClassResetter.reset(ClassResetter.java:159)
	at org.evosuite.runtime.classhandling.ClassStateSupport.resetClasses(ClassStateSupport.java:137)
	at org.apache.avro.file.DataFileWriter_ESTest_scaffolding.resetClasses(DataFileWriter_ESTest_scaffolding.java:644)
	at org.apache.avro.file.DataFileWriter_ESTest_scaffolding.doneWithTestCase(DataFileWriter_ESTest_scaffolding.java:68)
	at sun.reflect.GeneratedMethodAccessor5.invoke(Unknown Source)
	at sun.reflect.DelegatingMethodAccessorImpl.invoke(DelegatingMethodAccessorImpl.java:43)
	at java.lang.reflect.Method.invoke(Method.java:498)
	at org.junit.runners.model.FrameworkMethod$1.runReflectiveCall(FrameworkMethod.java:59)
	at org.junit.internal.runners.model.ReflectiveCallable.run(ReflectiveCallable.java:12)
	at org.junit.runners.model.FrameworkMethod.invokeExplosively(FrameworkMethod.java:56)
	at org.junit.internal.runners.statements.RunAfters.invokeMethod(RunAfters.java:46)
	at org.junit.internal.runners.statements.RunAfters.evaluate(RunAfters.java:33)
	at org.evosuite.runtime.vnet.NonFunctionalRequirementRule$1.evaluate(NonFunctionalRequirementRule.java:41)
	at org.junit.runners.ParentRunner$3.evaluate(ParentRunner.java:306)
	at org.junit.runners.BlockJUnit4ClassRunner$1.evaluate(BlockJUnit4ClassRunner.java:100)
	at org.junit.runners.ParentRunner.runLeaf(ParentRunner.java:366)
	at org.junit.runners.BlockJUnit4ClassRunner.runChild(BlockJUnit4ClassRunner.java:103)
	at org.junit.runners.BlockJUnit4ClassRunner.runChild(BlockJUnit4ClassRunner.java:63)
	at org.junit.runners.ParentRunner$4.run(ParentRunner.java:331)
	at org.junit.runners.ParentRunner$1.schedule(ParentRunner.java:79)
	at org.junit.runners.ParentRunner.runChildren(ParentRunner.java:329)
	at org.junit.runners.ParentRunner.access$100(ParentRunner.java:66)
	at org.junit.runners.ParentRunner$2.evaluate(ParentRunner.java:293)
	at org.junit.internal.runners.statements.RunBefores.evaluate(RunBefores.java:26)
	at org.junit.internal.runners.statements.RunAfters.evaluate(RunAfters.java:27)
	at org.junit.runners.ParentRunner$3.evaluate(ParentRunner.java:306)
	at org.junit.runners.ParentRunner.run(ParentRunner.java:413)
	at org.apache.maven.surefire.junit4.JUnit4Provider.execute(JUnit4Provider.java:316)
	at org.apache.maven.surefire.junit4.JUnit4Provider.executeWithRerun(JUnit4Provider.java:240)
	at org.apache.maven.surefire.junit4.JUnit4Provider.executeTestSet(JUnit4Provider.java:214)
	at org.apache.maven.surefire.junit4.JUnit4Provider.invoke(JUnit4Provider.java:155)
	at org.apache.maven.surefire.booter.ForkedBooter.runSuitesInProcess(ForkedBooter.java:385)
	at org.apache.maven.surefire.booter.ForkedBooter.execute(ForkedBooter.java:162)
	at org.apache.maven.surefire.booter.ForkedBooter.run(ForkedBooter.java:507)
	at org.apache.maven.surefire.booter.ForkedBooter.main(ForkedBooter.java:495)
]]></system-err>
  </testcase>
  <testcase name="test25" classname="org.apache.avro.file.DataFileWriter_ESTest" time="0.19">
    <system-err><![CDATA[java.lang.SecurityException: Security manager blocks ("java.lang.RuntimePermission" "loadLibrary./tmp/snappy-1.1.8-00000000-0100-4000-8200-000003000000-libsnappyjava.so")
java.lang.Thread.getStackTrace(Thread.java:1564)
org.evosuite.runtime.sandbox.MSecurityManager.checkPermission(MSecurityManager.java:424)
java.lang.SecurityManager.checkLink(SecurityManager.java:835)
java.lang.Runtime.load0(Runtime.java:776)
java.lang.System.load(System.java:1100)
org.xerial.snappy.SnappyLoader.loadNativeLibrary(SnappyLoader.java:198)
org.xerial.snappy.SnappyLoader.loadSnappyApi(SnappyLoader.java:167)
org.xerial.snappy.Snappy.init(Snappy.java:69)
org.xerial.snappy.Snappy.__STATIC_RESET(Snappy.java:46)
sun.reflect.GeneratedMethodAccessor21.invoke(Unknown Source)
sun.reflect.DelegatingMethodAccessorImpl.invoke(DelegatingMethodAccessorImpl.java:43)
java.lang.reflect.Method.invoke(Method.java:498)
org.evosuite.runtime.classhandling.ClassResetter.reset(ClassResetter.java:159)
org.evosuite.runtime.classhandling.ClassStateSupport.resetClasses(ClassStateSupport.java:137)
org.apache.avro.file.DataFileWriter_ESTest_scaffolding.resetClasses(DataFileWriter_ESTest_scaffolding.java:644)
org.apache.avro.file.DataFileWriter_ESTest_scaffolding.doneWithTestCase(DataFileWriter_ESTest_scaffolding.java:68)
sun.reflect.GeneratedMethodAccessor5.invoke(Unknown Source)
sun.reflect.DelegatingMethodAccessorImpl.invoke(DelegatingMethodAccessorImpl.java:43)
java.lang.reflect.Method.invoke(Method.java:498)
org.junit.runners.model.FrameworkMethod$1.runReflectiveCall(FrameworkMethod.java:59)
org.junit.internal.runners.model.ReflectiveCallable.run(ReflectiveCallable.java:12)
org.junit.runners.model.FrameworkMethod.invokeExplosively(FrameworkMethod.java:56)
org.junit.internal.runners.statements.RunAfters.invokeMethod(RunAfters.java:46)
org.junit.internal.runners.statements.RunAfters.evaluate(RunAfters.java:33)
org.evosuite.runtime.vnet.NonFunctionalRequirementRule$1.evaluate(NonFunctionalRequirementRule.java:41)
org.junit.runners.ParentRunner$3.evaluate(ParentRunner.java:306)
org.junit.runners.BlockJUnit4ClassRunner$1.evaluate(BlockJUnit4ClassRunner.java:100)
org.junit.runners.ParentRunner.runLeaf(ParentRunner.java:366)
org.junit.runners.BlockJUnit4ClassRunner.runChild(BlockJUnit4ClassRunner.java:103)
org.junit.runners.BlockJUnit4ClassRunner.runChild(BlockJUnit4ClassRunner.java:63)
org.junit.runners.ParentRunner$4.run(ParentRunner.java:331)
org.junit.runners.ParentRunner$1.schedule(ParentRunner.java:79)
org.junit.runners.ParentRunner.runChildren(ParentRunner.java:329)
org.junit.runners.ParentRunner.access$100(ParentRunner.java:66)
org.junit.runners.ParentRunner$2.evaluate(ParentRunner.java:293)
org.junit.internal.runners.statements.RunBefores.evaluate(RunBefores.java:26)
org.junit.internal.runners.statements.RunAfters.evaluate(RunAfters.java:27)
org.junit.runners.ParentRunner$3.evaluate(ParentRunner.java:306)
org.junit.runners.ParentRunner.run(ParentRunner.java:413)
org.apache.maven.surefire.junit4.JUnit4Provider.execute(JUnit4Provider.java:316)
org.apache.maven.surefire.junit4.JUnit4Provider.executeWithRerun(JUnit4Provider.java:240)
org.apache.maven.surefire.junit4.JUnit4Provider.executeTestSet(JUnit4Provider.java:214)
org.apache.maven.surefire.junit4.JUnit4Provider.invoke(JUnit4Provider.java:155)
org.apache.maven.surefire.booter.ForkedBooter.runSuitesInProcess(ForkedBooter.java:385)
org.apache.maven.surefire.booter.ForkedBooter.execute(ForkedBooter.java:162)
org.apache.maven.surefire.booter.ForkedBooter.run(ForkedBooter.java:507)
org.apache.maven.surefire.booter.ForkedBooter.main(ForkedBooter.java:495)

	at org.evosuite.runtime.sandbox.MSecurityManager.checkPermission(MSecurityManager.java:436)
	at java.lang.SecurityManager.checkLink(SecurityManager.java:835)
	at java.lang.Runtime.load0(Runtime.java:776)
	at java.lang.System.load(System.java:1100)
	at org.xerial.snappy.SnappyLoader.loadNativeLibrary(SnappyLoader.java:198)
	at org.xerial.snappy.SnappyLoader.loadSnappyApi(SnappyLoader.java:167)
	at org.xerial.snappy.Snappy.init(Snappy.java:69)
	at org.xerial.snappy.Snappy.__STATIC_RESET(Snappy.java:46)
	at sun.reflect.GeneratedMethodAccessor21.invoke(Unknown Source)
	at sun.reflect.DelegatingMethodAccessorImpl.invoke(DelegatingMethodAccessorImpl.java:43)
	at java.lang.reflect.Method.invoke(Method.java:498)
	at org.evosuite.runtime.classhandling.ClassResetter.reset(ClassResetter.java:159)
	at org.evosuite.runtime.classhandling.ClassStateSupport.resetClasses(ClassStateSupport.java:137)
	at org.apache.avro.file.DataFileWriter_ESTest_scaffolding.resetClasses(DataFileWriter_ESTest_scaffolding.java:644)
	at org.apache.avro.file.DataFileWriter_ESTest_scaffolding.doneWithTestCase(DataFileWriter_ESTest_scaffolding.java:68)
	at sun.reflect.GeneratedMethodAccessor5.invoke(Unknown Source)
	at sun.reflect.DelegatingMethodAccessorImpl.invoke(DelegatingMethodAccessorImpl.java:43)
	at java.lang.reflect.Method.invoke(Method.java:498)
	at org.junit.runners.model.FrameworkMethod$1.runReflectiveCall(FrameworkMethod.java:59)
	at org.junit.internal.runners.model.ReflectiveCallable.run(ReflectiveCallable.java:12)
	at org.junit.runners.model.FrameworkMethod.invokeExplosively(FrameworkMethod.java:56)
	at org.junit.internal.runners.statements.RunAfters.invokeMethod(RunAfters.java:46)
	at org.junit.internal.runners.statements.RunAfters.evaluate(RunAfters.java:33)
	at org.evosuite.runtime.vnet.NonFunctionalRequirementRule$1.evaluate(NonFunctionalRequirementRule.java:41)
	at org.junit.runners.ParentRunner$3.evaluate(ParentRunner.java:306)
	at org.junit.runners.BlockJUnit4ClassRunner$1.evaluate(BlockJUnit4ClassRunner.java:100)
	at org.junit.runners.ParentRunner.runLeaf(ParentRunner.java:366)
	at org.junit.runners.BlockJUnit4ClassRunner.runChild(BlockJUnit4ClassRunner.java:103)
	at org.junit.runners.BlockJUnit4ClassRunner.runChild(BlockJUnit4ClassRunner.java:63)
	at org.junit.runners.ParentRunner$4.run(ParentRunner.java:331)
	at org.junit.runners.ParentRunner$1.schedule(ParentRunner.java:79)
	at org.junit.runners.ParentRunner.runChildren(ParentRunner.java:329)
	at org.junit.runners.ParentRunner.access$100(ParentRunner.java:66)
	at org.junit.runners.ParentRunner$2.evaluate(ParentRunner.java:293)
	at org.junit.internal.runners.statements.RunBefores.evaluate(RunBefores.java:26)
	at org.junit.internal.runners.statements.RunAfters.evaluate(RunAfters.java:27)
	at org.junit.runners.ParentRunner$3.evaluate(ParentRunner.java:306)
	at org.junit.runners.ParentRunner.run(ParentRunner.java:413)
	at org.apache.maven.surefire.junit4.JUnit4Provider.execute(JUnit4Provider.java:316)
	at org.apache.maven.surefire.junit4.JUnit4Provider.executeWithRerun(JUnit4Provider.java:240)
	at org.apache.maven.surefire.junit4.JUnit4Provider.executeTestSet(JUnit4Provider.java:214)
	at org.apache.maven.surefire.junit4.JUnit4Provider.invoke(JUnit4Provider.java:155)
	at org.apache.maven.surefire.booter.ForkedBooter.runSuitesInProcess(ForkedBooter.java:385)
	at org.apache.maven.surefire.booter.ForkedBooter.execute(ForkedBooter.java:162)
	at org.apache.maven.surefire.booter.ForkedBooter.run(ForkedBooter.java:507)
	at org.apache.maven.surefire.booter.ForkedBooter.main(ForkedBooter.java:495)
]]></system-err>
  </testcase>
  <testcase name="test69" classname="org.apache.avro.file.DataFileWriter_ESTest" time="0.147">
    <system-err><![CDATA[java.lang.SecurityException: Security manager blocks ("java.lang.RuntimePermission" "loadLibrary./tmp/snappy-1.1.8-00000000-0100-4000-8200-000003000000-libsnappyjava.so")
java.lang.Thread.getStackTrace(Thread.java:1564)
org.evosuite.runtime.sandbox.MSecurityManager.checkPermission(MSecurityManager.java:424)
java.lang.SecurityManager.checkLink(SecurityManager.java:835)
java.lang.Runtime.load0(Runtime.java:776)
java.lang.System.load(System.java:1100)
org.xerial.snappy.SnappyLoader.loadNativeLibrary(SnappyLoader.java:198)
org.xerial.snappy.SnappyLoader.loadSnappyApi(SnappyLoader.java:167)
org.xerial.snappy.Snappy.init(Snappy.java:69)
org.xerial.snappy.Snappy.__STATIC_RESET(Snappy.java:46)
sun.reflect.GeneratedMethodAccessor21.invoke(Unknown Source)
sun.reflect.DelegatingMethodAccessorImpl.invoke(DelegatingMethodAccessorImpl.java:43)
java.lang.reflect.Method.invoke(Method.java:498)
org.evosuite.runtime.classhandling.ClassResetter.reset(ClassResetter.java:159)
org.evosuite.runtime.classhandling.ClassStateSupport.resetClasses(ClassStateSupport.java:137)
org.apache.avro.file.DataFileWriter_ESTest_scaffolding.resetClasses(DataFileWriter_ESTest_scaffolding.java:644)
org.apache.avro.file.DataFileWriter_ESTest_scaffolding.doneWithTestCase(DataFileWriter_ESTest_scaffolding.java:68)
sun.reflect.GeneratedMethodAccessor5.invoke(Unknown Source)
sun.reflect.DelegatingMethodAccessorImpl.invoke(DelegatingMethodAccessorImpl.java:43)
java.lang.reflect.Method.invoke(Method.java:498)
org.junit.runners.model.FrameworkMethod$1.runReflectiveCall(FrameworkMethod.java:59)
org.junit.internal.runners.model.ReflectiveCallable.run(ReflectiveCallable.java:12)
org.junit.runners.model.FrameworkMethod.invokeExplosively(FrameworkMethod.java:56)
org.junit.internal.runners.statements.RunAfters.invokeMethod(RunAfters.java:46)
org.junit.internal.runners.statements.RunAfters.evaluate(RunAfters.java:33)
org.evosuite.runtime.vnet.NonFunctionalRequirementRule$1.evaluate(NonFunctionalRequirementRule.java:41)
org.junit.runners.ParentRunner$3.evaluate(ParentRunner.java:306)
org.junit.runners.BlockJUnit4ClassRunner$1.evaluate(BlockJUnit4ClassRunner.java:100)
org.junit.runners.ParentRunner.runLeaf(ParentRunner.java:366)
org.junit.runners.BlockJUnit4ClassRunner.runChild(BlockJUnit4ClassRunner.java:103)
org.junit.runners.BlockJUnit4ClassRunner.runChild(BlockJUnit4ClassRunner.java:63)
org.junit.runners.ParentRunner$4.run(ParentRunner.java:331)
org.junit.runners.ParentRunner$1.schedule(ParentRunner.java:79)
org.junit.runners.ParentRunner.runChildren(ParentRunner.java:329)
org.junit.runners.ParentRunner.access$100(ParentRunner.java:66)
org.junit.runners.ParentRunner$2.evaluate(ParentRunner.java:293)
org.junit.internal.runners.statements.RunBefores.evaluate(RunBefores.java:26)
org.junit.internal.runners.statements.RunAfters.evaluate(RunAfters.java:27)
org.junit.runners.ParentRunner$3.evaluate(ParentRunner.java:306)
org.junit.runners.ParentRunner.run(ParentRunner.java:413)
org.apache.maven.surefire.junit4.JUnit4Provider.execute(JUnit4Provider.java:316)
org.apache.maven.surefire.junit4.JUnit4Provider.executeWithRerun(JUnit4Provider.java:240)
org.apache.maven.surefire.junit4.JUnit4Provider.executeTestSet(JUnit4Provider.java:214)
org.apache.maven.surefire.junit4.JUnit4Provider.invoke(JUnit4Provider.java:155)
org.apache.maven.surefire.booter.ForkedBooter.runSuitesInProcess(ForkedBooter.java:385)
org.apache.maven.surefire.booter.ForkedBooter.execute(ForkedBooter.java:162)
org.apache.maven.surefire.booter.ForkedBooter.run(ForkedBooter.java:507)
org.apache.maven.surefire.booter.ForkedBooter.main(ForkedBooter.java:495)

	at org.evosuite.runtime.sandbox.MSecurityManager.checkPermission(MSecurityManager.java:436)
	at java.lang.SecurityManager.checkLink(SecurityManager.java:835)
	at java.lang.Runtime.load0(Runtime.java:776)
	at java.lang.System.load(System.java:1100)
	at org.xerial.snappy.SnappyLoader.loadNativeLibrary(SnappyLoader.java:198)
	at org.xerial.snappy.SnappyLoader.loadSnappyApi(SnappyLoader.java:167)
	at org.xerial.snappy.Snappy.init(Snappy.java:69)
	at org.xerial.snappy.Snappy.__STATIC_RESET(Snappy.java:46)
	at sun.reflect.GeneratedMethodAccessor21.invoke(Unknown Source)
	at sun.reflect.DelegatingMethodAccessorImpl.invoke(DelegatingMethodAccessorImpl.java:43)
	at java.lang.reflect.Method.invoke(Method.java:498)
	at org.evosuite.runtime.classhandling.ClassResetter.reset(ClassResetter.java:159)
	at org.evosuite.runtime.classhandling.ClassStateSupport.resetClasses(ClassStateSupport.java:137)
	at org.apache.avro.file.DataFileWriter_ESTest_scaffolding.resetClasses(DataFileWriter_ESTest_scaffolding.java:644)
	at org.apache.avro.file.DataFileWriter_ESTest_scaffolding.doneWithTestCase(DataFileWriter_ESTest_scaffolding.java:68)
	at sun.reflect.GeneratedMethodAccessor5.invoke(Unknown Source)
	at sun.reflect.DelegatingMethodAccessorImpl.invoke(DelegatingMethodAccessorImpl.java:43)
	at java.lang.reflect.Method.invoke(Method.java:498)
	at org.junit.runners.model.FrameworkMethod$1.runReflectiveCall(FrameworkMethod.java:59)
	at org.junit.internal.runners.model.ReflectiveCallable.run(ReflectiveCallable.java:12)
	at org.junit.runners.model.FrameworkMethod.invokeExplosively(FrameworkMethod.java:56)
	at org.junit.internal.runners.statements.RunAfters.invokeMethod(RunAfters.java:46)
	at org.junit.internal.runners.statements.RunAfters.evaluate(RunAfters.java:33)
	at org.evosuite.runtime.vnet.NonFunctionalRequirementRule$1.evaluate(NonFunctionalRequirementRule.java:41)
	at org.junit.runners.ParentRunner$3.evaluate(ParentRunner.java:306)
	at org.junit.runners.BlockJUnit4ClassRunner$1.evaluate(BlockJUnit4ClassRunner.java:100)
	at org.junit.runners.ParentRunner.runLeaf(ParentRunner.java:366)
	at org.junit.runners.BlockJUnit4ClassRunner.runChild(BlockJUnit4ClassRunner.java:103)
	at org.junit.runners.BlockJUnit4ClassRunner.runChild(BlockJUnit4ClassRunner.java:63)
	at org.junit.runners.ParentRunner$4.run(ParentRunner.java:331)
	at org.junit.runners.ParentRunner$1.schedule(ParentRunner.java:79)
	at org.junit.runners.ParentRunner.runChildren(ParentRunner.java:329)
	at org.junit.runners.ParentRunner.access$100(ParentRunner.java:66)
	at org.junit.runners.ParentRunner$2.evaluate(ParentRunner.java:293)
	at org.junit.internal.runners.statements.RunBefores.evaluate(RunBefores.java:26)
	at org.junit.internal.runners.statements.RunAfters.evaluate(RunAfters.java:27)
	at org.junit.runners.ParentRunner$3.evaluate(ParentRunner.java:306)
	at org.junit.runners.ParentRunner.run(ParentRunner.java:413)
	at org.apache.maven.surefire.junit4.JUnit4Provider.execute(JUnit4Provider.java:316)
	at org.apache.maven.surefire.junit4.JUnit4Provider.executeWithRerun(JUnit4Provider.java:240)
	at org.apache.maven.surefire.junit4.JUnit4Provider.executeTestSet(JUnit4Provider.java:214)
	at org.apache.maven.surefire.junit4.JUnit4Provider.invoke(JUnit4Provider.java:155)
	at org.apache.maven.surefire.booter.ForkedBooter.runSuitesInProcess(ForkedBooter.java:385)
	at org.apache.maven.surefire.booter.ForkedBooter.execute(ForkedBooter.java:162)
	at org.apache.maven.surefire.booter.ForkedBooter.run(ForkedBooter.java:507)
	at org.apache.maven.surefire.booter.ForkedBooter.main(ForkedBooter.java:495)
]]></system-err>
  </testcase>
  <testcase name="test22" classname="org.apache.avro.file.DataFileWriter_ESTest" time="0.182">
    <system-err><![CDATA[java.lang.SecurityException: Security manager blocks ("java.lang.RuntimePermission" "loadLibrary./tmp/snappy-1.1.8-00000000-0100-4000-8200-000003000000-libsnappyjava.so")
java.lang.Thread.getStackTrace(Thread.java:1564)
org.evosuite.runtime.sandbox.MSecurityManager.checkPermission(MSecurityManager.java:424)
java.lang.SecurityManager.checkLink(SecurityManager.java:835)
java.lang.Runtime.load0(Runtime.java:776)
java.lang.System.load(System.java:1100)
org.xerial.snappy.SnappyLoader.loadNativeLibrary(SnappyLoader.java:198)
org.xerial.snappy.SnappyLoader.loadSnappyApi(SnappyLoader.java:167)
org.xerial.snappy.Snappy.init(Snappy.java:69)
org.xerial.snappy.Snappy.__STATIC_RESET(Snappy.java:46)
sun.reflect.GeneratedMethodAccessor21.invoke(Unknown Source)
sun.reflect.DelegatingMethodAccessorImpl.invoke(DelegatingMethodAccessorImpl.java:43)
java.lang.reflect.Method.invoke(Method.java:498)
org.evosuite.runtime.classhandling.ClassResetter.reset(ClassResetter.java:159)
org.evosuite.runtime.classhandling.ClassStateSupport.resetClasses(ClassStateSupport.java:137)
org.apache.avro.file.DataFileWriter_ESTest_scaffolding.resetClasses(DataFileWriter_ESTest_scaffolding.java:644)
org.apache.avro.file.DataFileWriter_ESTest_scaffolding.doneWithTestCase(DataFileWriter_ESTest_scaffolding.java:68)
sun.reflect.GeneratedMethodAccessor5.invoke(Unknown Source)
sun.reflect.DelegatingMethodAccessorImpl.invoke(DelegatingMethodAccessorImpl.java:43)
java.lang.reflect.Method.invoke(Method.java:498)
org.junit.runners.model.FrameworkMethod$1.runReflectiveCall(FrameworkMethod.java:59)
org.junit.internal.runners.model.ReflectiveCallable.run(ReflectiveCallable.java:12)
org.junit.runners.model.FrameworkMethod.invokeExplosively(FrameworkMethod.java:56)
org.junit.internal.runners.statements.RunAfters.invokeMethod(RunAfters.java:46)
org.junit.internal.runners.statements.RunAfters.evaluate(RunAfters.java:33)
org.evosuite.runtime.vnet.NonFunctionalRequirementRule$1.evaluate(NonFunctionalRequirementRule.java:41)
org.junit.runners.ParentRunner$3.evaluate(ParentRunner.java:306)
org.junit.runners.BlockJUnit4ClassRunner$1.evaluate(BlockJUnit4ClassRunner.java:100)
org.junit.runners.ParentRunner.runLeaf(ParentRunner.java:366)
org.junit.runners.BlockJUnit4ClassRunner.runChild(BlockJUnit4ClassRunner.java:103)
org.junit.runners.BlockJUnit4ClassRunner.runChild(BlockJUnit4ClassRunner.java:63)
org.junit.runners.ParentRunner$4.run(ParentRunner.java:331)
org.junit.runners.ParentRunner$1.schedule(ParentRunner.java:79)
org.junit.runners.ParentRunner.runChildren(ParentRunner.java:329)
org.junit.runners.ParentRunner.access$100(ParentRunner.java:66)
org.junit.runners.ParentRunner$2.evaluate(ParentRunner.java:293)
org.junit.internal.runners.statements.RunBefores.evaluate(RunBefores.java:26)
org.junit.internal.runners.statements.RunAfters.evaluate(RunAfters.java:27)
org.junit.runners.ParentRunner$3.evaluate(ParentRunner.java:306)
org.junit.runners.ParentRunner.run(ParentRunner.java:413)
org.apache.maven.surefire.junit4.JUnit4Provider.execute(JUnit4Provider.java:316)
org.apache.maven.surefire.junit4.JUnit4Provider.executeWithRerun(JUnit4Provider.java:240)
org.apache.maven.surefire.junit4.JUnit4Provider.executeTestSet(JUnit4Provider.java:214)
org.apache.maven.surefire.junit4.JUnit4Provider.invoke(JUnit4Provider.java:155)
org.apache.maven.surefire.booter.ForkedBooter.runSuitesInProcess(ForkedBooter.java:385)
org.apache.maven.surefire.booter.ForkedBooter.execute(ForkedBooter.java:162)
org.apache.maven.surefire.booter.ForkedBooter.run(ForkedBooter.java:507)
org.apache.maven.surefire.booter.ForkedBooter.main(ForkedBooter.java:495)

	at org.evosuite.runtime.sandbox.MSecurityManager.checkPermission(MSecurityManager.java:436)
	at java.lang.SecurityManager.checkLink(SecurityManager.java:835)
	at java.lang.Runtime.load0(Runtime.java:776)
	at java.lang.System.load(System.java:1100)
	at org.xerial.snappy.SnappyLoader.loadNativeLibrary(SnappyLoader.java:198)
	at org.xerial.snappy.SnappyLoader.loadSnappyApi(SnappyLoader.java:167)
	at org.xerial.snappy.Snappy.init(Snappy.java:69)
	at org.xerial.snappy.Snappy.__STATIC_RESET(Snappy.java:46)
	at sun.reflect.GeneratedMethodAccessor21.invoke(Unknown Source)
	at sun.reflect.DelegatingMethodAccessorImpl.invoke(DelegatingMethodAccessorImpl.java:43)
	at java.lang.reflect.Method.invoke(Method.java:498)
	at org.evosuite.runtime.classhandling.ClassResetter.reset(ClassResetter.java:159)
	at org.evosuite.runtime.classhandling.ClassStateSupport.resetClasses(ClassStateSupport.java:137)
	at org.apache.avro.file.DataFileWriter_ESTest_scaffolding.resetClasses(DataFileWriter_ESTest_scaffolding.java:644)
	at org.apache.avro.file.DataFileWriter_ESTest_scaffolding.doneWithTestCase(DataFileWriter_ESTest_scaffolding.java:68)
	at sun.reflect.GeneratedMethodAccessor5.invoke(Unknown Source)
	at sun.reflect.DelegatingMethodAccessorImpl.invoke(DelegatingMethodAccessorImpl.java:43)
	at java.lang.reflect.Method.invoke(Method.java:498)
	at org.junit.runners.model.FrameworkMethod$1.runReflectiveCall(FrameworkMethod.java:59)
	at org.junit.internal.runners.model.ReflectiveCallable.run(ReflectiveCallable.java:12)
	at org.junit.runners.model.FrameworkMethod.invokeExplosively(FrameworkMethod.java:56)
	at org.junit.internal.runners.statements.RunAfters.invokeMethod(RunAfters.java:46)
	at org.junit.internal.runners.statements.RunAfters.evaluate(RunAfters.java:33)
	at org.evosuite.runtime.vnet.NonFunctionalRequirementRule$1.evaluate(NonFunctionalRequirementRule.java:41)
	at org.junit.runners.ParentRunner$3.evaluate(ParentRunner.java:306)
	at org.junit.runners.BlockJUnit4ClassRunner$1.evaluate(BlockJUnit4ClassRunner.java:100)
	at org.junit.runners.ParentRunner.runLeaf(ParentRunner.java:366)
	at org.junit.runners.BlockJUnit4ClassRunner.runChild(BlockJUnit4ClassRunner.java:103)
	at org.junit.runners.BlockJUnit4ClassRunner.runChild(BlockJUnit4ClassRunner.java:63)
	at org.junit.runners.ParentRunner$4.run(ParentRunner.java:331)
	at org.junit.runners.ParentRunner$1.schedule(ParentRunner.java:79)
	at org.junit.runners.ParentRunner.runChildren(ParentRunner.java:329)
	at org.junit.runners.ParentRunner.access$100(ParentRunner.java:66)
	at org.junit.runners.ParentRunner$2.evaluate(ParentRunner.java:293)
	at org.junit.internal.runners.statements.RunBefores.evaluate(RunBefores.java:26)
	at org.junit.internal.runners.statements.RunAfters.evaluate(RunAfters.java:27)
	at org.junit.runners.ParentRunner$3.evaluate(ParentRunner.java:306)
	at org.junit.runners.ParentRunner.run(ParentRunner.java:413)
	at org.apache.maven.surefire.junit4.JUnit4Provider.execute(JUnit4Provider.java:316)
	at org.apache.maven.surefire.junit4.JUnit4Provider.executeWithRerun(JUnit4Provider.java:240)
	at org.apache.maven.surefire.junit4.JUnit4Provider.executeTestSet(JUnit4Provider.java:214)
	at org.apache.maven.surefire.junit4.JUnit4Provider.invoke(JUnit4Provider.java:155)
	at org.apache.maven.surefire.booter.ForkedBooter.runSuitesInProcess(ForkedBooter.java:385)
	at org.apache.maven.surefire.booter.ForkedBooter.execute(ForkedBooter.java:162)
	at org.apache.maven.surefire.booter.ForkedBooter.run(ForkedBooter.java:507)
	at org.apache.maven.surefire.booter.ForkedBooter.main(ForkedBooter.java:495)
]]></system-err>
  </testcase>
  <testcase name="test66" classname="org.apache.avro.file.DataFileWriter_ESTest" time="0.155">
    <system-err><![CDATA[java.lang.SecurityException: Security manager blocks ("java.lang.RuntimePermission" "loadLibrary./tmp/snappy-1.1.8-00000000-0100-4000-8200-000003000000-libsnappyjava.so")
java.lang.Thread.getStackTrace(Thread.java:1564)
org.evosuite.runtime.sandbox.MSecurityManager.checkPermission(MSecurityManager.java:424)
java.lang.SecurityManager.checkLink(SecurityManager.java:835)
java.lang.Runtime.load0(Runtime.java:776)
java.lang.System.load(System.java:1100)
org.xerial.snappy.SnappyLoader.loadNativeLibrary(SnappyLoader.java:198)
org.xerial.snappy.SnappyLoader.loadSnappyApi(SnappyLoader.java:167)
org.xerial.snappy.Snappy.init(Snappy.java:69)
org.xerial.snappy.Snappy.__STATIC_RESET(Snappy.java:46)
sun.reflect.GeneratedMethodAccessor21.invoke(Unknown Source)
sun.reflect.DelegatingMethodAccessorImpl.invoke(DelegatingMethodAccessorImpl.java:43)
java.lang.reflect.Method.invoke(Method.java:498)
org.evosuite.runtime.classhandling.ClassResetter.reset(ClassResetter.java:159)
org.evosuite.runtime.classhandling.ClassStateSupport.resetClasses(ClassStateSupport.java:137)
org.apache.avro.file.DataFileWriter_ESTest_scaffolding.resetClasses(DataFileWriter_ESTest_scaffolding.java:644)
org.apache.avro.file.DataFileWriter_ESTest_scaffolding.doneWithTestCase(DataFileWriter_ESTest_scaffolding.java:68)
sun.reflect.GeneratedMethodAccessor5.invoke(Unknown Source)
sun.reflect.DelegatingMethodAccessorImpl.invoke(DelegatingMethodAccessorImpl.java:43)
java.lang.reflect.Method.invoke(Method.java:498)
org.junit.runners.model.FrameworkMethod$1.runReflectiveCall(FrameworkMethod.java:59)
org.junit.internal.runners.model.ReflectiveCallable.run(ReflectiveCallable.java:12)
org.junit.runners.model.FrameworkMethod.invokeExplosively(FrameworkMethod.java:56)
org.junit.internal.runners.statements.RunAfters.invokeMethod(RunAfters.java:46)
org.junit.internal.runners.statements.RunAfters.evaluate(RunAfters.java:33)
org.evosuite.runtime.vnet.NonFunctionalRequirementRule$1.evaluate(NonFunctionalRequirementRule.java:41)
org.junit.runners.ParentRunner$3.evaluate(ParentRunner.java:306)
org.junit.runners.BlockJUnit4ClassRunner$1.evaluate(BlockJUnit4ClassRunner.java:100)
org.junit.runners.ParentRunner.runLeaf(ParentRunner.java:366)
org.junit.runners.BlockJUnit4ClassRunner.runChild(BlockJUnit4ClassRunner.java:103)
org.junit.runners.BlockJUnit4ClassRunner.runChild(BlockJUnit4ClassRunner.java:63)
org.junit.runners.ParentRunner$4.run(ParentRunner.java:331)
org.junit.runners.ParentRunner$1.schedule(ParentRunner.java:79)
org.junit.runners.ParentRunner.runChildren(ParentRunner.java:329)
org.junit.runners.ParentRunner.access$100(ParentRunner.java:66)
org.junit.runners.ParentRunner$2.evaluate(ParentRunner.java:293)
org.junit.internal.runners.statements.RunBefores.evaluate(RunBefores.java:26)
org.junit.internal.runners.statements.RunAfters.evaluate(RunAfters.java:27)
org.junit.runners.ParentRunner$3.evaluate(ParentRunner.java:306)
org.junit.runners.ParentRunner.run(ParentRunner.java:413)
org.apache.maven.surefire.junit4.JUnit4Provider.execute(JUnit4Provider.java:316)
org.apache.maven.surefire.junit4.JUnit4Provider.executeWithRerun(JUnit4Provider.java:240)
org.apache.maven.surefire.junit4.JUnit4Provider.executeTestSet(JUnit4Provider.java:214)
org.apache.maven.surefire.junit4.JUnit4Provider.invoke(JUnit4Provider.java:155)
org.apache.maven.surefire.booter.ForkedBooter.runSuitesInProcess(ForkedBooter.java:385)
org.apache.maven.surefire.booter.ForkedBooter.execute(ForkedBooter.java:162)
org.apache.maven.surefire.booter.ForkedBooter.run(ForkedBooter.java:507)
org.apache.maven.surefire.booter.ForkedBooter.main(ForkedBooter.java:495)

	at org.evosuite.runtime.sandbox.MSecurityManager.checkPermission(MSecurityManager.java:436)
	at java.lang.SecurityManager.checkLink(SecurityManager.java:835)
	at java.lang.Runtime.load0(Runtime.java:776)
	at java.lang.System.load(System.java:1100)
	at org.xerial.snappy.SnappyLoader.loadNativeLibrary(SnappyLoader.java:198)
	at org.xerial.snappy.SnappyLoader.loadSnappyApi(SnappyLoader.java:167)
	at org.xerial.snappy.Snappy.init(Snappy.java:69)
	at org.xerial.snappy.Snappy.__STATIC_RESET(Snappy.java:46)
	at sun.reflect.GeneratedMethodAccessor21.invoke(Unknown Source)
	at sun.reflect.DelegatingMethodAccessorImpl.invoke(DelegatingMethodAccessorImpl.java:43)
	at java.lang.reflect.Method.invoke(Method.java:498)
	at org.evosuite.runtime.classhandling.ClassResetter.reset(ClassResetter.java:159)
	at org.evosuite.runtime.classhandling.ClassStateSupport.resetClasses(ClassStateSupport.java:137)
	at org.apache.avro.file.DataFileWriter_ESTest_scaffolding.resetClasses(DataFileWriter_ESTest_scaffolding.java:644)
	at org.apache.avro.file.DataFileWriter_ESTest_scaffolding.doneWithTestCase(DataFileWriter_ESTest_scaffolding.java:68)
	at sun.reflect.GeneratedMethodAccessor5.invoke(Unknown Source)
	at sun.reflect.DelegatingMethodAccessorImpl.invoke(DelegatingMethodAccessorImpl.java:43)
	at java.lang.reflect.Method.invoke(Method.java:498)
	at org.junit.runners.model.FrameworkMethod$1.runReflectiveCall(FrameworkMethod.java:59)
	at org.junit.internal.runners.model.ReflectiveCallable.run(ReflectiveCallable.java:12)
	at org.junit.runners.model.FrameworkMethod.invokeExplosively(FrameworkMethod.java:56)
	at org.junit.internal.runners.statements.RunAfters.invokeMethod(RunAfters.java:46)
	at org.junit.internal.runners.statements.RunAfters.evaluate(RunAfters.java:33)
	at org.evosuite.runtime.vnet.NonFunctionalRequirementRule$1.evaluate(NonFunctionalRequirementRule.java:41)
	at org.junit.runners.ParentRunner$3.evaluate(ParentRunner.java:306)
	at org.junit.runners.BlockJUnit4ClassRunner$1.evaluate(BlockJUnit4ClassRunner.java:100)
	at org.junit.runners.ParentRunner.runLeaf(ParentRunner.java:366)
	at org.junit.runners.BlockJUnit4ClassRunner.runChild(BlockJUnit4ClassRunner.java:103)
	at org.junit.runners.BlockJUnit4ClassRunner.runChild(BlockJUnit4ClassRunner.java:63)
	at org.junit.runners.ParentRunner$4.run(ParentRunner.java:331)
	at org.junit.runners.ParentRunner$1.schedule(ParentRunner.java:79)
	at org.junit.runners.ParentRunner.runChildren(ParentRunner.java:329)
	at org.junit.runners.ParentRunner.access$100(ParentRunner.java:66)
	at org.junit.runners.ParentRunner$2.evaluate(ParentRunner.java:293)
	at org.junit.internal.runners.statements.RunBefores.evaluate(RunBefores.java:26)
	at org.junit.internal.runners.statements.RunAfters.evaluate(RunAfters.java:27)
	at org.junit.runners.ParentRunner$3.evaluate(ParentRunner.java:306)
	at org.junit.runners.ParentRunner.run(ParentRunner.java:413)
	at org.apache.maven.surefire.junit4.JUnit4Provider.execute(JUnit4Provider.java:316)
	at org.apache.maven.surefire.junit4.JUnit4Provider.executeWithRerun(JUnit4Provider.java:240)
	at org.apache.maven.surefire.junit4.JUnit4Provider.executeTestSet(JUnit4Provider.java:214)
	at org.apache.maven.surefire.junit4.JUnit4Provider.invoke(JUnit4Provider.java:155)
	at org.apache.maven.surefire.booter.ForkedBooter.runSuitesInProcess(ForkedBooter.java:385)
	at org.apache.maven.surefire.booter.ForkedBooter.execute(ForkedBooter.java:162)
	at org.apache.maven.surefire.booter.ForkedBooter.run(ForkedBooter.java:507)
	at org.apache.maven.surefire.booter.ForkedBooter.main(ForkedBooter.java:495)
]]></system-err>
  </testcase>
  <testcase name="test23" classname="org.apache.avro.file.DataFileWriter_ESTest" time="0.219">
    <system-err><![CDATA[java.lang.SecurityException: Security manager blocks ("java.lang.RuntimePermission" "loadLibrary./tmp/snappy-1.1.8-00000000-0100-4000-8200-000003000000-libsnappyjava.so")
java.lang.Thread.getStackTrace(Thread.java:1564)
org.evosuite.runtime.sandbox.MSecurityManager.checkPermission(MSecurityManager.java:424)
java.lang.SecurityManager.checkLink(SecurityManager.java:835)
java.lang.Runtime.load0(Runtime.java:776)
java.lang.System.load(System.java:1100)
org.xerial.snappy.SnappyLoader.loadNativeLibrary(SnappyLoader.java:198)
org.xerial.snappy.SnappyLoader.loadSnappyApi(SnappyLoader.java:167)
org.xerial.snappy.Snappy.init(Snappy.java:69)
org.xerial.snappy.Snappy.__STATIC_RESET(Snappy.java:46)
sun.reflect.GeneratedMethodAccessor21.invoke(Unknown Source)
sun.reflect.DelegatingMethodAccessorImpl.invoke(DelegatingMethodAccessorImpl.java:43)
java.lang.reflect.Method.invoke(Method.java:498)
org.evosuite.runtime.classhandling.ClassResetter.reset(ClassResetter.java:159)
org.evosuite.runtime.classhandling.ClassStateSupport.resetClasses(ClassStateSupport.java:137)
org.apache.avro.file.DataFileWriter_ESTest_scaffolding.resetClasses(DataFileWriter_ESTest_scaffolding.java:644)
org.apache.avro.file.DataFileWriter_ESTest_scaffolding.doneWithTestCase(DataFileWriter_ESTest_scaffolding.java:68)
sun.reflect.GeneratedMethodAccessor5.invoke(Unknown Source)
sun.reflect.DelegatingMethodAccessorImpl.invoke(DelegatingMethodAccessorImpl.java:43)
java.lang.reflect.Method.invoke(Method.java:498)
org.junit.runners.model.FrameworkMethod$1.runReflectiveCall(FrameworkMethod.java:59)
org.junit.internal.runners.model.ReflectiveCallable.run(ReflectiveCallable.java:12)
org.junit.runners.model.FrameworkMethod.invokeExplosively(FrameworkMethod.java:56)
org.junit.internal.runners.statements.RunAfters.invokeMethod(RunAfters.java:46)
org.junit.internal.runners.statements.RunAfters.evaluate(RunAfters.java:33)
org.evosuite.runtime.vnet.NonFunctionalRequirementRule$1.evaluate(NonFunctionalRequirementRule.java:41)
org.junit.runners.ParentRunner$3.evaluate(ParentRunner.java:306)
org.junit.runners.BlockJUnit4ClassRunner$1.evaluate(BlockJUnit4ClassRunner.java:100)
org.junit.runners.ParentRunner.runLeaf(ParentRunner.java:366)
org.junit.runners.BlockJUnit4ClassRunner.runChild(BlockJUnit4ClassRunner.java:103)
org.junit.runners.BlockJUnit4ClassRunner.runChild(BlockJUnit4ClassRunner.java:63)
org.junit.runners.ParentRunner$4.run(ParentRunner.java:331)
org.junit.runners.ParentRunner$1.schedule(ParentRunner.java:79)
org.junit.runners.ParentRunner.runChildren(ParentRunner.java:329)
org.junit.runners.ParentRunner.access$100(ParentRunner.java:66)
org.junit.runners.ParentRunner$2.evaluate(ParentRunner.java:293)
org.junit.internal.runners.statements.RunBefores.evaluate(RunBefores.java:26)
org.junit.internal.runners.statements.RunAfters.evaluate(RunAfters.java:27)
org.junit.runners.ParentRunner$3.evaluate(ParentRunner.java:306)
org.junit.runners.ParentRunner.run(ParentRunner.java:413)
org.apache.maven.surefire.junit4.JUnit4Provider.execute(JUnit4Provider.java:316)
org.apache.maven.surefire.junit4.JUnit4Provider.executeWithRerun(JUnit4Provider.java:240)
org.apache.maven.surefire.junit4.JUnit4Provider.executeTestSet(JUnit4Provider.java:214)
org.apache.maven.surefire.junit4.JUnit4Provider.invoke(JUnit4Provider.java:155)
org.apache.maven.surefire.booter.ForkedBooter.runSuitesInProcess(ForkedBooter.java:385)
org.apache.maven.surefire.booter.ForkedBooter.execute(ForkedBooter.java:162)
org.apache.maven.surefire.booter.ForkedBooter.run(ForkedBooter.java:507)
org.apache.maven.surefire.booter.ForkedBooter.main(ForkedBooter.java:495)

	at org.evosuite.runtime.sandbox.MSecurityManager.checkPermission(MSecurityManager.java:436)
	at java.lang.SecurityManager.checkLink(SecurityManager.java:835)
	at java.lang.Runtime.load0(Runtime.java:776)
	at java.lang.System.load(System.java:1100)
	at org.xerial.snappy.SnappyLoader.loadNativeLibrary(SnappyLoader.java:198)
	at org.xerial.snappy.SnappyLoader.loadSnappyApi(SnappyLoader.java:167)
	at org.xerial.snappy.Snappy.init(Snappy.java:69)
	at org.xerial.snappy.Snappy.__STATIC_RESET(Snappy.java:46)
	at sun.reflect.GeneratedMethodAccessor21.invoke(Unknown Source)
	at sun.reflect.DelegatingMethodAccessorImpl.invoke(DelegatingMethodAccessorImpl.java:43)
	at java.lang.reflect.Method.invoke(Method.java:498)
	at org.evosuite.runtime.classhandling.ClassResetter.reset(ClassResetter.java:159)
	at org.evosuite.runtime.classhandling.ClassStateSupport.resetClasses(ClassStateSupport.java:137)
	at org.apache.avro.file.DataFileWriter_ESTest_scaffolding.resetClasses(DataFileWriter_ESTest_scaffolding.java:644)
	at org.apache.avro.file.DataFileWriter_ESTest_scaffolding.doneWithTestCase(DataFileWriter_ESTest_scaffolding.java:68)
	at sun.reflect.GeneratedMethodAccessor5.invoke(Unknown Source)
	at sun.reflect.DelegatingMethodAccessorImpl.invoke(DelegatingMethodAccessorImpl.java:43)
	at java.lang.reflect.Method.invoke(Method.java:498)
	at org.junit.runners.model.FrameworkMethod$1.runReflectiveCall(FrameworkMethod.java:59)
	at org.junit.internal.runners.model.ReflectiveCallable.run(ReflectiveCallable.java:12)
	at org.junit.runners.model.FrameworkMethod.invokeExplosively(FrameworkMethod.java:56)
	at org.junit.internal.runners.statements.RunAfters.invokeMethod(RunAfters.java:46)
	at org.junit.internal.runners.statements.RunAfters.evaluate(RunAfters.java:33)
	at org.evosuite.runtime.vnet.NonFunctionalRequirementRule$1.evaluate(NonFunctionalRequirementRule.java:41)
	at org.junit.runners.ParentRunner$3.evaluate(ParentRunner.java:306)
	at org.junit.runners.BlockJUnit4ClassRunner$1.evaluate(BlockJUnit4ClassRunner.java:100)
	at org.junit.runners.ParentRunner.runLeaf(ParentRunner.java:366)
	at org.junit.runners.BlockJUnit4ClassRunner.runChild(BlockJUnit4ClassRunner.java:103)
	at org.junit.runners.BlockJUnit4ClassRunner.runChild(BlockJUnit4ClassRunner.java:63)
	at org.junit.runners.ParentRunner$4.run(ParentRunner.java:331)
	at org.junit.runners.ParentRunner$1.schedule(ParentRunner.java:79)
	at org.junit.runners.ParentRunner.runChildren(ParentRunner.java:329)
	at org.junit.runners.ParentRunner.access$100(ParentRunner.java:66)
	at org.junit.runners.ParentRunner$2.evaluate(ParentRunner.java:293)
	at org.junit.internal.runners.statements.RunBefores.evaluate(RunBefores.java:26)
	at org.junit.internal.runners.statements.RunAfters.evaluate(RunAfters.java:27)
	at org.junit.runners.ParentRunner$3.evaluate(ParentRunner.java:306)
	at org.junit.runners.ParentRunner.run(ParentRunner.java:413)
	at org.apache.maven.surefire.junit4.JUnit4Provider.execute(JUnit4Provider.java:316)
	at org.apache.maven.surefire.junit4.JUnit4Provider.executeWithRerun(JUnit4Provider.java:240)
	at org.apache.maven.surefire.junit4.JUnit4Provider.executeTestSet(JUnit4Provider.java:214)
	at org.apache.maven.surefire.junit4.JUnit4Provider.invoke(JUnit4Provider.java:155)
	at org.apache.maven.surefire.booter.ForkedBooter.runSuitesInProcess(ForkedBooter.java:385)
	at org.apache.maven.surefire.booter.ForkedBooter.execute(ForkedBooter.java:162)
	at org.apache.maven.surefire.booter.ForkedBooter.run(ForkedBooter.java:507)
	at org.apache.maven.surefire.booter.ForkedBooter.main(ForkedBooter.java:495)
]]></system-err>
  </testcase>
  <testcase name="test67" classname="org.apache.avro.file.DataFileWriter_ESTest" time="0.164">
    <system-err><![CDATA[java.lang.SecurityException: Security manager blocks ("java.lang.RuntimePermission" "loadLibrary./tmp/snappy-1.1.8-00000000-0100-4000-8200-000003000000-libsnappyjava.so")
java.lang.Thread.getStackTrace(Thread.java:1564)
org.evosuite.runtime.sandbox.MSecurityManager.checkPermission(MSecurityManager.java:424)
java.lang.SecurityManager.checkLink(SecurityManager.java:835)
java.lang.Runtime.load0(Runtime.java:776)
java.lang.System.load(System.java:1100)
org.xerial.snappy.SnappyLoader.loadNativeLibrary(SnappyLoader.java:198)
org.xerial.snappy.SnappyLoader.loadSnappyApi(SnappyLoader.java:167)
org.xerial.snappy.Snappy.init(Snappy.java:69)
org.xerial.snappy.Snappy.__STATIC_RESET(Snappy.java:46)
sun.reflect.GeneratedMethodAccessor21.invoke(Unknown Source)
sun.reflect.DelegatingMethodAccessorImpl.invoke(DelegatingMethodAccessorImpl.java:43)
java.lang.reflect.Method.invoke(Method.java:498)
org.evosuite.runtime.classhandling.ClassResetter.reset(ClassResetter.java:159)
org.evosuite.runtime.classhandling.ClassStateSupport.resetClasses(ClassStateSupport.java:137)
org.apache.avro.file.DataFileWriter_ESTest_scaffolding.resetClasses(DataFileWriter_ESTest_scaffolding.java:644)
org.apache.avro.file.DataFileWriter_ESTest_scaffolding.doneWithTestCase(DataFileWriter_ESTest_scaffolding.java:68)
sun.reflect.GeneratedMethodAccessor5.invoke(Unknown Source)
sun.reflect.DelegatingMethodAccessorImpl.invoke(DelegatingMethodAccessorImpl.java:43)
java.lang.reflect.Method.invoke(Method.java:498)
org.junit.runners.model.FrameworkMethod$1.runReflectiveCall(FrameworkMethod.java:59)
org.junit.internal.runners.model.ReflectiveCallable.run(ReflectiveCallable.java:12)
org.junit.runners.model.FrameworkMethod.invokeExplosively(FrameworkMethod.java:56)
org.junit.internal.runners.statements.RunAfters.invokeMethod(RunAfters.java:46)
org.junit.internal.runners.statements.RunAfters.evaluate(RunAfters.java:33)
org.evosuite.runtime.vnet.NonFunctionalRequirementRule$1.evaluate(NonFunctionalRequirementRule.java:41)
org.junit.runners.ParentRunner$3.evaluate(ParentRunner.java:306)
org.junit.runners.BlockJUnit4ClassRunner$1.evaluate(BlockJUnit4ClassRunner.java:100)
org.junit.runners.ParentRunner.runLeaf(ParentRunner.java:366)
org.junit.runners.BlockJUnit4ClassRunner.runChild(BlockJUnit4ClassRunner.java:103)
org.junit.runners.BlockJUnit4ClassRunner.runChild(BlockJUnit4ClassRunner.java:63)
org.junit.runners.ParentRunner$4.run(ParentRunner.java:331)
org.junit.runners.ParentRunner$1.schedule(ParentRunner.java:79)
org.junit.runners.ParentRunner.runChildren(ParentRunner.java:329)
org.junit.runners.ParentRunner.access$100(ParentRunner.java:66)
org.junit.runners.ParentRunner$2.evaluate(ParentRunner.java:293)
org.junit.internal.runners.statements.RunBefores.evaluate(RunBefores.java:26)
org.junit.internal.runners.statements.RunAfters.evaluate(RunAfters.java:27)
org.junit.runners.ParentRunner$3.evaluate(ParentRunner.java:306)
org.junit.runners.ParentRunner.run(ParentRunner.java:413)
org.apache.maven.surefire.junit4.JUnit4Provider.execute(JUnit4Provider.java:316)
org.apache.maven.surefire.junit4.JUnit4Provider.executeWithRerun(JUnit4Provider.java:240)
org.apache.maven.surefire.junit4.JUnit4Provider.executeTestSet(JUnit4Provider.java:214)
org.apache.maven.surefire.junit4.JUnit4Provider.invoke(JUnit4Provider.java:155)
org.apache.maven.surefire.booter.ForkedBooter.runSuitesInProcess(ForkedBooter.java:385)
org.apache.maven.surefire.booter.ForkedBooter.execute(ForkedBooter.java:162)
org.apache.maven.surefire.booter.ForkedBooter.run(ForkedBooter.java:507)
org.apache.maven.surefire.booter.ForkedBooter.main(ForkedBooter.java:495)

	at org.evosuite.runtime.sandbox.MSecurityManager.checkPermission(MSecurityManager.java:436)
	at java.lang.SecurityManager.checkLink(SecurityManager.java:835)
	at java.lang.Runtime.load0(Runtime.java:776)
	at java.lang.System.load(System.java:1100)
	at org.xerial.snappy.SnappyLoader.loadNativeLibrary(SnappyLoader.java:198)
	at org.xerial.snappy.SnappyLoader.loadSnappyApi(SnappyLoader.java:167)
	at org.xerial.snappy.Snappy.init(Snappy.java:69)
	at org.xerial.snappy.Snappy.__STATIC_RESET(Snappy.java:46)
	at sun.reflect.GeneratedMethodAccessor21.invoke(Unknown Source)
	at sun.reflect.DelegatingMethodAccessorImpl.invoke(DelegatingMethodAccessorImpl.java:43)
	at java.lang.reflect.Method.invoke(Method.java:498)
	at org.evosuite.runtime.classhandling.ClassResetter.reset(ClassResetter.java:159)
	at org.evosuite.runtime.classhandling.ClassStateSupport.resetClasses(ClassStateSupport.java:137)
	at org.apache.avro.file.DataFileWriter_ESTest_scaffolding.resetClasses(DataFileWriter_ESTest_scaffolding.java:644)
	at org.apache.avro.file.DataFileWriter_ESTest_scaffolding.doneWithTestCase(DataFileWriter_ESTest_scaffolding.java:68)
	at sun.reflect.GeneratedMethodAccessor5.invoke(Unknown Source)
	at sun.reflect.DelegatingMethodAccessorImpl.invoke(DelegatingMethodAccessorImpl.java:43)
	at java.lang.reflect.Method.invoke(Method.java:498)
	at org.junit.runners.model.FrameworkMethod$1.runReflectiveCall(FrameworkMethod.java:59)
	at org.junit.internal.runners.model.ReflectiveCallable.run(ReflectiveCallable.java:12)
	at org.junit.runners.model.FrameworkMethod.invokeExplosively(FrameworkMethod.java:56)
	at org.junit.internal.runners.statements.RunAfters.invokeMethod(RunAfters.java:46)
	at org.junit.internal.runners.statements.RunAfters.evaluate(RunAfters.java:33)
	at org.evosuite.runtime.vnet.NonFunctionalRequirementRule$1.evaluate(NonFunctionalRequirementRule.java:41)
	at org.junit.runners.ParentRunner$3.evaluate(ParentRunner.java:306)
	at org.junit.runners.BlockJUnit4ClassRunner$1.evaluate(BlockJUnit4ClassRunner.java:100)
	at org.junit.runners.ParentRunner.runLeaf(ParentRunner.java:366)
	at org.junit.runners.BlockJUnit4ClassRunner.runChild(BlockJUnit4ClassRunner.java:103)
	at org.junit.runners.BlockJUnit4ClassRunner.runChild(BlockJUnit4ClassRunner.java:63)
	at org.junit.runners.ParentRunner$4.run(ParentRunner.java:331)
	at org.junit.runners.ParentRunner$1.schedule(ParentRunner.java:79)
	at org.junit.runners.ParentRunner.runChildren(ParentRunner.java:329)
	at org.junit.runners.ParentRunner.access$100(ParentRunner.java:66)
	at org.junit.runners.ParentRunner$2.evaluate(ParentRunner.java:293)
	at org.junit.internal.runners.statements.RunBefores.evaluate(RunBefores.java:26)
	at org.junit.internal.runners.statements.RunAfters.evaluate(RunAfters.java:27)
	at org.junit.runners.ParentRunner$3.evaluate(ParentRunner.java:306)
	at org.junit.runners.ParentRunner.run(ParentRunner.java:413)
	at org.apache.maven.surefire.junit4.JUnit4Provider.execute(JUnit4Provider.java:316)
	at org.apache.maven.surefire.junit4.JUnit4Provider.executeWithRerun(JUnit4Provider.java:240)
	at org.apache.maven.surefire.junit4.JUnit4Provider.executeTestSet(JUnit4Provider.java:214)
	at org.apache.maven.surefire.junit4.JUnit4Provider.invoke(JUnit4Provider.java:155)
	at org.apache.maven.surefire.booter.ForkedBooter.runSuitesInProcess(ForkedBooter.java:385)
	at org.apache.maven.surefire.booter.ForkedBooter.execute(ForkedBooter.java:162)
	at org.apache.maven.surefire.booter.ForkedBooter.run(ForkedBooter.java:507)
	at org.apache.maven.surefire.booter.ForkedBooter.main(ForkedBooter.java:495)
]]></system-err>
  </testcase>
  <testcase name="test20" classname="org.apache.avro.file.DataFileWriter_ESTest" time="0.142">
    <system-err><![CDATA[java.lang.SecurityException: Security manager blocks ("java.lang.RuntimePermission" "loadLibrary./tmp/snappy-1.1.8-00000000-0100-4000-8200-000003000000-libsnappyjava.so")
java.lang.Thread.getStackTrace(Thread.java:1564)
org.evosuite.runtime.sandbox.MSecurityManager.checkPermission(MSecurityManager.java:424)
java.lang.SecurityManager.checkLink(SecurityManager.java:835)
java.lang.Runtime.load0(Runtime.java:776)
java.lang.System.load(System.java:1100)
org.xerial.snappy.SnappyLoader.loadNativeLibrary(SnappyLoader.java:198)
org.xerial.snappy.SnappyLoader.loadSnappyApi(SnappyLoader.java:167)
org.xerial.snappy.Snappy.init(Snappy.java:69)
org.xerial.snappy.Snappy.__STATIC_RESET(Snappy.java:46)
sun.reflect.GeneratedMethodAccessor21.invoke(Unknown Source)
sun.reflect.DelegatingMethodAccessorImpl.invoke(DelegatingMethodAccessorImpl.java:43)
java.lang.reflect.Method.invoke(Method.java:498)
org.evosuite.runtime.classhandling.ClassResetter.reset(ClassResetter.java:159)
org.evosuite.runtime.classhandling.ClassStateSupport.resetClasses(ClassStateSupport.java:137)
org.apache.avro.file.DataFileWriter_ESTest_scaffolding.resetClasses(DataFileWriter_ESTest_scaffolding.java:644)
org.apache.avro.file.DataFileWriter_ESTest_scaffolding.doneWithTestCase(DataFileWriter_ESTest_scaffolding.java:68)
sun.reflect.GeneratedMethodAccessor5.invoke(Unknown Source)
sun.reflect.DelegatingMethodAccessorImpl.invoke(DelegatingMethodAccessorImpl.java:43)
java.lang.reflect.Method.invoke(Method.java:498)
org.junit.runners.model.FrameworkMethod$1.runReflectiveCall(FrameworkMethod.java:59)
org.junit.internal.runners.model.ReflectiveCallable.run(ReflectiveCallable.java:12)
org.junit.runners.model.FrameworkMethod.invokeExplosively(FrameworkMethod.java:56)
org.junit.internal.runners.statements.RunAfters.invokeMethod(RunAfters.java:46)
org.junit.internal.runners.statements.RunAfters.evaluate(RunAfters.java:33)
org.evosuite.runtime.vnet.NonFunctionalRequirementRule$1.evaluate(NonFunctionalRequirementRule.java:41)
org.junit.runners.ParentRunner$3.evaluate(ParentRunner.java:306)
org.junit.runners.BlockJUnit4ClassRunner$1.evaluate(BlockJUnit4ClassRunner.java:100)
org.junit.runners.ParentRunner.runLeaf(ParentRunner.java:366)
org.junit.runners.BlockJUnit4ClassRunner.runChild(BlockJUnit4ClassRunner.java:103)
org.junit.runners.BlockJUnit4ClassRunner.runChild(BlockJUnit4ClassRunner.java:63)
org.junit.runners.ParentRunner$4.run(ParentRunner.java:331)
org.junit.runners.ParentRunner$1.schedule(ParentRunner.java:79)
org.junit.runners.ParentRunner.runChildren(ParentRunner.java:329)
org.junit.runners.ParentRunner.access$100(ParentRunner.java:66)
org.junit.runners.ParentRunner$2.evaluate(ParentRunner.java:293)
org.junit.internal.runners.statements.RunBefores.evaluate(RunBefores.java:26)
org.junit.internal.runners.statements.RunAfters.evaluate(RunAfters.java:27)
org.junit.runners.ParentRunner$3.evaluate(ParentRunner.java:306)
org.junit.runners.ParentRunner.run(ParentRunner.java:413)
org.apache.maven.surefire.junit4.JUnit4Provider.execute(JUnit4Provider.java:316)
org.apache.maven.surefire.junit4.JUnit4Provider.executeWithRerun(JUnit4Provider.java:240)
org.apache.maven.surefire.junit4.JUnit4Provider.executeTestSet(JUnit4Provider.java:214)
org.apache.maven.surefire.junit4.JUnit4Provider.invoke(JUnit4Provider.java:155)
org.apache.maven.surefire.booter.ForkedBooter.runSuitesInProcess(ForkedBooter.java:385)
org.apache.maven.surefire.booter.ForkedBooter.execute(ForkedBooter.java:162)
org.apache.maven.surefire.booter.ForkedBooter.run(ForkedBooter.java:507)
org.apache.maven.surefire.booter.ForkedBooter.main(ForkedBooter.java:495)

	at org.evosuite.runtime.sandbox.MSecurityManager.checkPermission(MSecurityManager.java:436)
	at java.lang.SecurityManager.checkLink(SecurityManager.java:835)
	at java.lang.Runtime.load0(Runtime.java:776)
	at java.lang.System.load(System.java:1100)
	at org.xerial.snappy.SnappyLoader.loadNativeLibrary(SnappyLoader.java:198)
	at org.xerial.snappy.SnappyLoader.loadSnappyApi(SnappyLoader.java:167)
	at org.xerial.snappy.Snappy.init(Snappy.java:69)
	at org.xerial.snappy.Snappy.__STATIC_RESET(Snappy.java:46)
	at sun.reflect.GeneratedMethodAccessor21.invoke(Unknown Source)
	at sun.reflect.DelegatingMethodAccessorImpl.invoke(DelegatingMethodAccessorImpl.java:43)
	at java.lang.reflect.Method.invoke(Method.java:498)
	at org.evosuite.runtime.classhandling.ClassResetter.reset(ClassResetter.java:159)
	at org.evosuite.runtime.classhandling.ClassStateSupport.resetClasses(ClassStateSupport.java:137)
	at org.apache.avro.file.DataFileWriter_ESTest_scaffolding.resetClasses(DataFileWriter_ESTest_scaffolding.java:644)
	at org.apache.avro.file.DataFileWriter_ESTest_scaffolding.doneWithTestCase(DataFileWriter_ESTest_scaffolding.java:68)
	at sun.reflect.GeneratedMethodAccessor5.invoke(Unknown Source)
	at sun.reflect.DelegatingMethodAccessorImpl.invoke(DelegatingMethodAccessorImpl.java:43)
	at java.lang.reflect.Method.invoke(Method.java:498)
	at org.junit.runners.model.FrameworkMethod$1.runReflectiveCall(FrameworkMethod.java:59)
	at org.junit.internal.runners.model.ReflectiveCallable.run(ReflectiveCallable.java:12)
	at org.junit.runners.model.FrameworkMethod.invokeExplosively(FrameworkMethod.java:56)
	at org.junit.internal.runners.statements.RunAfters.invokeMethod(RunAfters.java:46)
	at org.junit.internal.runners.statements.RunAfters.evaluate(RunAfters.java:33)
	at org.evosuite.runtime.vnet.NonFunctionalRequirementRule$1.evaluate(NonFunctionalRequirementRule.java:41)
	at org.junit.runners.ParentRunner$3.evaluate(ParentRunner.java:306)
	at org.junit.runners.BlockJUnit4ClassRunner$1.evaluate(BlockJUnit4ClassRunner.java:100)
	at org.junit.runners.ParentRunner.runLeaf(ParentRunner.java:366)
	at org.junit.runners.BlockJUnit4ClassRunner.runChild(BlockJUnit4ClassRunner.java:103)
	at org.junit.runners.BlockJUnit4ClassRunner.runChild(BlockJUnit4ClassRunner.java:63)
	at org.junit.runners.ParentRunner$4.run(ParentRunner.java:331)
	at org.junit.runners.ParentRunner$1.schedule(ParentRunner.java:79)
	at org.junit.runners.ParentRunner.runChildren(ParentRunner.java:329)
	at org.junit.runners.ParentRunner.access$100(ParentRunner.java:66)
	at org.junit.runners.ParentRunner$2.evaluate(ParentRunner.java:293)
	at org.junit.internal.runners.statements.RunBefores.evaluate(RunBefores.java:26)
	at org.junit.internal.runners.statements.RunAfters.evaluate(RunAfters.java:27)
	at org.junit.runners.ParentRunner$3.evaluate(ParentRunner.java:306)
	at org.junit.runners.ParentRunner.run(ParentRunner.java:413)
	at org.apache.maven.surefire.junit4.JUnit4Provider.execute(JUnit4Provider.java:316)
	at org.apache.maven.surefire.junit4.JUnit4Provider.executeWithRerun(JUnit4Provider.java:240)
	at org.apache.maven.surefire.junit4.JUnit4Provider.executeTestSet(JUnit4Provider.java:214)
	at org.apache.maven.surefire.junit4.JUnit4Provider.invoke(JUnit4Provider.java:155)
	at org.apache.maven.surefire.booter.ForkedBooter.runSuitesInProcess(ForkedBooter.java:385)
	at org.apache.maven.surefire.booter.ForkedBooter.execute(ForkedBooter.java:162)
	at org.apache.maven.surefire.booter.ForkedBooter.run(ForkedBooter.java:507)
	at org.apache.maven.surefire.booter.ForkedBooter.main(ForkedBooter.java:495)
]]></system-err>
  </testcase>
  <testcase name="test64" classname="org.apache.avro.file.DataFileWriter_ESTest" time="0.226">
    <system-err><![CDATA[java.lang.SecurityException: Security manager blocks ("java.lang.RuntimePermission" "loadLibrary./tmp/snappy-1.1.8-00000000-0100-4000-8200-000003000000-libsnappyjava.so")
java.lang.Thread.getStackTrace(Thread.java:1564)
org.evosuite.runtime.sandbox.MSecurityManager.checkPermission(MSecurityManager.java:424)
java.lang.SecurityManager.checkLink(SecurityManager.java:835)
java.lang.Runtime.load0(Runtime.java:776)
java.lang.System.load(System.java:1100)
org.xerial.snappy.SnappyLoader.loadNativeLibrary(SnappyLoader.java:198)
org.xerial.snappy.SnappyLoader.loadSnappyApi(SnappyLoader.java:167)
org.xerial.snappy.Snappy.init(Snappy.java:69)
org.xerial.snappy.Snappy.__STATIC_RESET(Snappy.java:46)
sun.reflect.GeneratedMethodAccessor21.invoke(Unknown Source)
sun.reflect.DelegatingMethodAccessorImpl.invoke(DelegatingMethodAccessorImpl.java:43)
java.lang.reflect.Method.invoke(Method.java:498)
org.evosuite.runtime.classhandling.ClassResetter.reset(ClassResetter.java:159)
org.evosuite.runtime.classhandling.ClassStateSupport.resetClasses(ClassStateSupport.java:137)
org.apache.avro.file.DataFileWriter_ESTest_scaffolding.resetClasses(DataFileWriter_ESTest_scaffolding.java:644)
org.apache.avro.file.DataFileWriter_ESTest_scaffolding.doneWithTestCase(DataFileWriter_ESTest_scaffolding.java:68)
sun.reflect.GeneratedMethodAccessor5.invoke(Unknown Source)
sun.reflect.DelegatingMethodAccessorImpl.invoke(DelegatingMethodAccessorImpl.java:43)
java.lang.reflect.Method.invoke(Method.java:498)
org.junit.runners.model.FrameworkMethod$1.runReflectiveCall(FrameworkMethod.java:59)
org.junit.internal.runners.model.ReflectiveCallable.run(ReflectiveCallable.java:12)
org.junit.runners.model.FrameworkMethod.invokeExplosively(FrameworkMethod.java:56)
org.junit.internal.runners.statements.RunAfters.invokeMethod(RunAfters.java:46)
org.junit.internal.runners.statements.RunAfters.evaluate(RunAfters.java:33)
org.evosuite.runtime.vnet.NonFunctionalRequirementRule$1.evaluate(NonFunctionalRequirementRule.java:41)
org.junit.runners.ParentRunner$3.evaluate(ParentRunner.java:306)
org.junit.runners.BlockJUnit4ClassRunner$1.evaluate(BlockJUnit4ClassRunner.java:100)
org.junit.runners.ParentRunner.runLeaf(ParentRunner.java:366)
org.junit.runners.BlockJUnit4ClassRunner.runChild(BlockJUnit4ClassRunner.java:103)
org.junit.runners.BlockJUnit4ClassRunner.runChild(BlockJUnit4ClassRunner.java:63)
org.junit.runners.ParentRunner$4.run(ParentRunner.java:331)
org.junit.runners.ParentRunner$1.schedule(ParentRunner.java:79)
org.junit.runners.ParentRunner.runChildren(ParentRunner.java:329)
org.junit.runners.ParentRunner.access$100(ParentRunner.java:66)
org.junit.runners.ParentRunner$2.evaluate(ParentRunner.java:293)
org.junit.internal.runners.statements.RunBefores.evaluate(RunBefores.java:26)
org.junit.internal.runners.statements.RunAfters.evaluate(RunAfters.java:27)
org.junit.runners.ParentRunner$3.evaluate(ParentRunner.java:306)
org.junit.runners.ParentRunner.run(ParentRunner.java:413)
org.apache.maven.surefire.junit4.JUnit4Provider.execute(JUnit4Provider.java:316)
org.apache.maven.surefire.junit4.JUnit4Provider.executeWithRerun(JUnit4Provider.java:240)
org.apache.maven.surefire.junit4.JUnit4Provider.executeTestSet(JUnit4Provider.java:214)
org.apache.maven.surefire.junit4.JUnit4Provider.invoke(JUnit4Provider.java:155)
org.apache.maven.surefire.booter.ForkedBooter.runSuitesInProcess(ForkedBooter.java:385)
org.apache.maven.surefire.booter.ForkedBooter.execute(ForkedBooter.java:162)
org.apache.maven.surefire.booter.ForkedBooter.run(ForkedBooter.java:507)
org.apache.maven.surefire.booter.ForkedBooter.main(ForkedBooter.java:495)

	at org.evosuite.runtime.sandbox.MSecurityManager.checkPermission(MSecurityManager.java:436)
	at java.lang.SecurityManager.checkLink(SecurityManager.java:835)
	at java.lang.Runtime.load0(Runtime.java:776)
	at java.lang.System.load(System.java:1100)
	at org.xerial.snappy.SnappyLoader.loadNativeLibrary(SnappyLoader.java:198)
	at org.xerial.snappy.SnappyLoader.loadSnappyApi(SnappyLoader.java:167)
	at org.xerial.snappy.Snappy.init(Snappy.java:69)
	at org.xerial.snappy.Snappy.__STATIC_RESET(Snappy.java:46)
	at sun.reflect.GeneratedMethodAccessor21.invoke(Unknown Source)
	at sun.reflect.DelegatingMethodAccessorImpl.invoke(DelegatingMethodAccessorImpl.java:43)
	at java.lang.reflect.Method.invoke(Method.java:498)
	at org.evosuite.runtime.classhandling.ClassResetter.reset(ClassResetter.java:159)
	at org.evosuite.runtime.classhandling.ClassStateSupport.resetClasses(ClassStateSupport.java:137)
	at org.apache.avro.file.DataFileWriter_ESTest_scaffolding.resetClasses(DataFileWriter_ESTest_scaffolding.java:644)
	at org.apache.avro.file.DataFileWriter_ESTest_scaffolding.doneWithTestCase(DataFileWriter_ESTest_scaffolding.java:68)
	at sun.reflect.GeneratedMethodAccessor5.invoke(Unknown Source)
	at sun.reflect.DelegatingMethodAccessorImpl.invoke(DelegatingMethodAccessorImpl.java:43)
	at java.lang.reflect.Method.invoke(Method.java:498)
	at org.junit.runners.model.FrameworkMethod$1.runReflectiveCall(FrameworkMethod.java:59)
	at org.junit.internal.runners.model.ReflectiveCallable.run(ReflectiveCallable.java:12)
	at org.junit.runners.model.FrameworkMethod.invokeExplosively(FrameworkMethod.java:56)
	at org.junit.internal.runners.statements.RunAfters.invokeMethod(RunAfters.java:46)
	at org.junit.internal.runners.statements.RunAfters.evaluate(RunAfters.java:33)
	at org.evosuite.runtime.vnet.NonFunctionalRequirementRule$1.evaluate(NonFunctionalRequirementRule.java:41)
	at org.junit.runners.ParentRunner$3.evaluate(ParentRunner.java:306)
	at org.junit.runners.BlockJUnit4ClassRunner$1.evaluate(BlockJUnit4ClassRunner.java:100)
	at org.junit.runners.ParentRunner.runLeaf(ParentRunner.java:366)
	at org.junit.runners.BlockJUnit4ClassRunner.runChild(BlockJUnit4ClassRunner.java:103)
	at org.junit.runners.BlockJUnit4ClassRunner.runChild(BlockJUnit4ClassRunner.java:63)
	at org.junit.runners.ParentRunner$4.run(ParentRunner.java:331)
	at org.junit.runners.ParentRunner$1.schedule(ParentRunner.java:79)
	at org.junit.runners.ParentRunner.runChildren(ParentRunner.java:329)
	at org.junit.runners.ParentRunner.access$100(ParentRunner.java:66)
	at org.junit.runners.ParentRunner$2.evaluate(ParentRunner.java:293)
	at org.junit.internal.runners.statements.RunBefores.evaluate(RunBefores.java:26)
	at org.junit.internal.runners.statements.RunAfters.evaluate(RunAfters.java:27)
	at org.junit.runners.ParentRunner$3.evaluate(ParentRunner.java:306)
	at org.junit.runners.ParentRunner.run(ParentRunner.java:413)
	at org.apache.maven.surefire.junit4.JUnit4Provider.execute(JUnit4Provider.java:316)
	at org.apache.maven.surefire.junit4.JUnit4Provider.executeWithRerun(JUnit4Provider.java:240)
	at org.apache.maven.surefire.junit4.JUnit4Provider.executeTestSet(JUnit4Provider.java:214)
	at org.apache.maven.surefire.junit4.JUnit4Provider.invoke(JUnit4Provider.java:155)
	at org.apache.maven.surefire.booter.ForkedBooter.runSuitesInProcess(ForkedBooter.java:385)
	at org.apache.maven.surefire.booter.ForkedBooter.execute(ForkedBooter.java:162)
	at org.apache.maven.surefire.booter.ForkedBooter.run(ForkedBooter.java:507)
	at org.apache.maven.surefire.booter.ForkedBooter.main(ForkedBooter.java:495)
]]></system-err>
  </testcase>
  <testcase name="test21" classname="org.apache.avro.file.DataFileWriter_ESTest" time="0.273">
    <system-err><![CDATA[java.lang.SecurityException: Security manager blocks ("java.lang.RuntimePermission" "loadLibrary./tmp/snappy-1.1.8-00000000-0100-4000-8200-000003000000-libsnappyjava.so")
java.lang.Thread.getStackTrace(Thread.java:1564)
org.evosuite.runtime.sandbox.MSecurityManager.checkPermission(MSecurityManager.java:424)
java.lang.SecurityManager.checkLink(SecurityManager.java:835)
java.lang.Runtime.load0(Runtime.java:776)
java.lang.System.load(System.java:1100)
org.xerial.snappy.SnappyLoader.loadNativeLibrary(SnappyLoader.java:198)
org.xerial.snappy.SnappyLoader.loadSnappyApi(SnappyLoader.java:167)
org.xerial.snappy.Snappy.init(Snappy.java:69)
org.xerial.snappy.Snappy.__STATIC_RESET(Snappy.java:46)
sun.reflect.GeneratedMethodAccessor21.invoke(Unknown Source)
sun.reflect.DelegatingMethodAccessorImpl.invoke(DelegatingMethodAccessorImpl.java:43)
java.lang.reflect.Method.invoke(Method.java:498)
org.evosuite.runtime.classhandling.ClassResetter.reset(ClassResetter.java:159)
org.evosuite.runtime.classhandling.ClassStateSupport.resetClasses(ClassStateSupport.java:137)
org.apache.avro.file.DataFileWriter_ESTest_scaffolding.resetClasses(DataFileWriter_ESTest_scaffolding.java:644)
org.apache.avro.file.DataFileWriter_ESTest_scaffolding.doneWithTestCase(DataFileWriter_ESTest_scaffolding.java:68)
sun.reflect.GeneratedMethodAccessor5.invoke(Unknown Source)
sun.reflect.DelegatingMethodAccessorImpl.invoke(DelegatingMethodAccessorImpl.java:43)
java.lang.reflect.Method.invoke(Method.java:498)
org.junit.runners.model.FrameworkMethod$1.runReflectiveCall(FrameworkMethod.java:59)
org.junit.internal.runners.model.ReflectiveCallable.run(ReflectiveCallable.java:12)
org.junit.runners.model.FrameworkMethod.invokeExplosively(FrameworkMethod.java:56)
org.junit.internal.runners.statements.RunAfters.invokeMethod(RunAfters.java:46)
org.junit.internal.runners.statements.RunAfters.evaluate(RunAfters.java:33)
org.evosuite.runtime.vnet.NonFunctionalRequirementRule$1.evaluate(NonFunctionalRequirementRule.java:41)
org.junit.runners.ParentRunner$3.evaluate(ParentRunner.java:306)
org.junit.runners.BlockJUnit4ClassRunner$1.evaluate(BlockJUnit4ClassRunner.java:100)
org.junit.runners.ParentRunner.runLeaf(ParentRunner.java:366)
org.junit.runners.BlockJUnit4ClassRunner.runChild(BlockJUnit4ClassRunner.java:103)
org.junit.runners.BlockJUnit4ClassRunner.runChild(BlockJUnit4ClassRunner.java:63)
org.junit.runners.ParentRunner$4.run(ParentRunner.java:331)
org.junit.runners.ParentRunner$1.schedule(ParentRunner.java:79)
org.junit.runners.ParentRunner.runChildren(ParentRunner.java:329)
org.junit.runners.ParentRunner.access$100(ParentRunner.java:66)
org.junit.runners.ParentRunner$2.evaluate(ParentRunner.java:293)
org.junit.internal.runners.statements.RunBefores.evaluate(RunBefores.java:26)
org.junit.internal.runners.statements.RunAfters.evaluate(RunAfters.java:27)
org.junit.runners.ParentRunner$3.evaluate(ParentRunner.java:306)
org.junit.runners.ParentRunner.run(ParentRunner.java:413)
org.apache.maven.surefire.junit4.JUnit4Provider.execute(JUnit4Provider.java:316)
org.apache.maven.surefire.junit4.JUnit4Provider.executeWithRerun(JUnit4Provider.java:240)
org.apache.maven.surefire.junit4.JUnit4Provider.executeTestSet(JUnit4Provider.java:214)
org.apache.maven.surefire.junit4.JUnit4Provider.invoke(JUnit4Provider.java:155)
org.apache.maven.surefire.booter.ForkedBooter.runSuitesInProcess(ForkedBooter.java:385)
org.apache.maven.surefire.booter.ForkedBooter.execute(ForkedBooter.java:162)
org.apache.maven.surefire.booter.ForkedBooter.run(ForkedBooter.java:507)
org.apache.maven.surefire.booter.ForkedBooter.main(ForkedBooter.java:495)

	at org.evosuite.runtime.sandbox.MSecurityManager.checkPermission(MSecurityManager.java:436)
	at java.lang.SecurityManager.checkLink(SecurityManager.java:835)
	at java.lang.Runtime.load0(Runtime.java:776)
	at java.lang.System.load(System.java:1100)
	at org.xerial.snappy.SnappyLoader.loadNativeLibrary(SnappyLoader.java:198)
	at org.xerial.snappy.SnappyLoader.loadSnappyApi(SnappyLoader.java:167)
	at org.xerial.snappy.Snappy.init(Snappy.java:69)
	at org.xerial.snappy.Snappy.__STATIC_RESET(Snappy.java:46)
	at sun.reflect.GeneratedMethodAccessor21.invoke(Unknown Source)
	at sun.reflect.DelegatingMethodAccessorImpl.invoke(DelegatingMethodAccessorImpl.java:43)
	at java.lang.reflect.Method.invoke(Method.java:498)
	at org.evosuite.runtime.classhandling.ClassResetter.reset(ClassResetter.java:159)
	at org.evosuite.runtime.classhandling.ClassStateSupport.resetClasses(ClassStateSupport.java:137)
	at org.apache.avro.file.DataFileWriter_ESTest_scaffolding.resetClasses(DataFileWriter_ESTest_scaffolding.java:644)
	at org.apache.avro.file.DataFileWriter_ESTest_scaffolding.doneWithTestCase(DataFileWriter_ESTest_scaffolding.java:68)
	at sun.reflect.GeneratedMethodAccessor5.invoke(Unknown Source)
	at sun.reflect.DelegatingMethodAccessorImpl.invoke(DelegatingMethodAccessorImpl.java:43)
	at java.lang.reflect.Method.invoke(Method.java:498)
	at org.junit.runners.model.FrameworkMethod$1.runReflectiveCall(FrameworkMethod.java:59)
	at org.junit.internal.runners.model.ReflectiveCallable.run(ReflectiveCallable.java:12)
	at org.junit.runners.model.FrameworkMethod.invokeExplosively(FrameworkMethod.java:56)
	at org.junit.internal.runners.statements.RunAfters.invokeMethod(RunAfters.java:46)
	at org.junit.internal.runners.statements.RunAfters.evaluate(RunAfters.java:33)
	at org.evosuite.runtime.vnet.NonFunctionalRequirementRule$1.evaluate(NonFunctionalRequirementRule.java:41)
	at org.junit.runners.ParentRunner$3.evaluate(ParentRunner.java:306)
	at org.junit.runners.BlockJUnit4ClassRunner$1.evaluate(BlockJUnit4ClassRunner.java:100)
	at org.junit.runners.ParentRunner.runLeaf(ParentRunner.java:366)
	at org.junit.runners.BlockJUnit4ClassRunner.runChild(BlockJUnit4ClassRunner.java:103)
	at org.junit.runners.BlockJUnit4ClassRunner.runChild(BlockJUnit4ClassRunner.java:63)
	at org.junit.runners.ParentRunner$4.run(ParentRunner.java:331)
	at org.junit.runners.ParentRunner$1.schedule(ParentRunner.java:79)
	at org.junit.runners.ParentRunner.runChildren(ParentRunner.java:329)
	at org.junit.runners.ParentRunner.access$100(ParentRunner.java:66)
	at org.junit.runners.ParentRunner$2.evaluate(ParentRunner.java:293)
	at org.junit.internal.runners.statements.RunBefores.evaluate(RunBefores.java:26)
	at org.junit.internal.runners.statements.RunAfters.evaluate(RunAfters.java:27)
	at org.junit.runners.ParentRunner$3.evaluate(ParentRunner.java:306)
	at org.junit.runners.ParentRunner.run(ParentRunner.java:413)
	at org.apache.maven.surefire.junit4.JUnit4Provider.execute(JUnit4Provider.java:316)
	at org.apache.maven.surefire.junit4.JUnit4Provider.executeWithRerun(JUnit4Provider.java:240)
	at org.apache.maven.surefire.junit4.JUnit4Provider.executeTestSet(JUnit4Provider.java:214)
	at org.apache.maven.surefire.junit4.JUnit4Provider.invoke(JUnit4Provider.java:155)
	at org.apache.maven.surefire.booter.ForkedBooter.runSuitesInProcess(ForkedBooter.java:385)
	at org.apache.maven.surefire.booter.ForkedBooter.execute(ForkedBooter.java:162)
	at org.apache.maven.surefire.booter.ForkedBooter.run(ForkedBooter.java:507)
	at org.apache.maven.surefire.booter.ForkedBooter.main(ForkedBooter.java:495)
]]></system-err>
  </testcase>
  <testcase name="test65" classname="org.apache.avro.file.DataFileWriter_ESTest" time="0.246">
    <system-err><![CDATA[java.lang.SecurityException: Security manager blocks ("java.lang.RuntimePermission" "loadLibrary./tmp/snappy-1.1.8-00000000-0100-4000-8200-000003000000-libsnappyjava.so")
java.lang.Thread.getStackTrace(Thread.java:1564)
org.evosuite.runtime.sandbox.MSecurityManager.checkPermission(MSecurityManager.java:424)
java.lang.SecurityManager.checkLink(SecurityManager.java:835)
java.lang.Runtime.load0(Runtime.java:776)
java.lang.System.load(System.java:1100)
org.xerial.snappy.SnappyLoader.loadNativeLibrary(SnappyLoader.java:198)
org.xerial.snappy.SnappyLoader.loadSnappyApi(SnappyLoader.java:167)
org.xerial.snappy.Snappy.init(Snappy.java:69)
org.xerial.snappy.Snappy.__STATIC_RESET(Snappy.java:46)
sun.reflect.GeneratedMethodAccessor21.invoke(Unknown Source)
sun.reflect.DelegatingMethodAccessorImpl.invoke(DelegatingMethodAccessorImpl.java:43)
java.lang.reflect.Method.invoke(Method.java:498)
org.evosuite.runtime.classhandling.ClassResetter.reset(ClassResetter.java:159)
org.evosuite.runtime.classhandling.ClassStateSupport.resetClasses(ClassStateSupport.java:137)
org.apache.avro.file.DataFileWriter_ESTest_scaffolding.resetClasses(DataFileWriter_ESTest_scaffolding.java:644)
org.apache.avro.file.DataFileWriter_ESTest_scaffolding.doneWithTestCase(DataFileWriter_ESTest_scaffolding.java:68)
sun.reflect.GeneratedMethodAccessor5.invoke(Unknown Source)
sun.reflect.DelegatingMethodAccessorImpl.invoke(DelegatingMethodAccessorImpl.java:43)
java.lang.reflect.Method.invoke(Method.java:498)
org.junit.runners.model.FrameworkMethod$1.runReflectiveCall(FrameworkMethod.java:59)
org.junit.internal.runners.model.ReflectiveCallable.run(ReflectiveCallable.java:12)
org.junit.runners.model.FrameworkMethod.invokeExplosively(FrameworkMethod.java:56)
org.junit.internal.runners.statements.RunAfters.invokeMethod(RunAfters.java:46)
org.junit.internal.runners.statements.RunAfters.evaluate(RunAfters.java:33)
org.evosuite.runtime.vnet.NonFunctionalRequirementRule$1.evaluate(NonFunctionalRequirementRule.java:41)
org.junit.runners.ParentRunner$3.evaluate(ParentRunner.java:306)
org.junit.runners.BlockJUnit4ClassRunner$1.evaluate(BlockJUnit4ClassRunner.java:100)
org.junit.runners.ParentRunner.runLeaf(ParentRunner.java:366)
org.junit.runners.BlockJUnit4ClassRunner.runChild(BlockJUnit4ClassRunner.java:103)
org.junit.runners.BlockJUnit4ClassRunner.runChild(BlockJUnit4ClassRunner.java:63)
org.junit.runners.ParentRunner$4.run(ParentRunner.java:331)
org.junit.runners.ParentRunner$1.schedule(ParentRunner.java:79)
org.junit.runners.ParentRunner.runChildren(ParentRunner.java:329)
org.junit.runners.ParentRunner.access$100(ParentRunner.java:66)
org.junit.runners.ParentRunner$2.evaluate(ParentRunner.java:293)
org.junit.internal.runners.statements.RunBefores.evaluate(RunBefores.java:26)
org.junit.internal.runners.statements.RunAfters.evaluate(RunAfters.java:27)
org.junit.runners.ParentRunner$3.evaluate(ParentRunner.java:306)
org.junit.runners.ParentRunner.run(ParentRunner.java:413)
org.apache.maven.surefire.junit4.JUnit4Provider.execute(JUnit4Provider.java:316)
org.apache.maven.surefire.junit4.JUnit4Provider.executeWithRerun(JUnit4Provider.java:240)
org.apache.maven.surefire.junit4.JUnit4Provider.executeTestSet(JUnit4Provider.java:214)
org.apache.maven.surefire.junit4.JUnit4Provider.invoke(JUnit4Provider.java:155)
org.apache.maven.surefire.booter.ForkedBooter.runSuitesInProcess(ForkedBooter.java:385)
org.apache.maven.surefire.booter.ForkedBooter.execute(ForkedBooter.java:162)
org.apache.maven.surefire.booter.ForkedBooter.run(ForkedBooter.java:507)
org.apache.maven.surefire.booter.ForkedBooter.main(ForkedBooter.java:495)

	at org.evosuite.runtime.sandbox.MSecurityManager.checkPermission(MSecurityManager.java:436)
	at java.lang.SecurityManager.checkLink(SecurityManager.java:835)
	at java.lang.Runtime.load0(Runtime.java:776)
	at java.lang.System.load(System.java:1100)
	at org.xerial.snappy.SnappyLoader.loadNativeLibrary(SnappyLoader.java:198)
	at org.xerial.snappy.SnappyLoader.loadSnappyApi(SnappyLoader.java:167)
	at org.xerial.snappy.Snappy.init(Snappy.java:69)
	at org.xerial.snappy.Snappy.__STATIC_RESET(Snappy.java:46)
	at sun.reflect.GeneratedMethodAccessor21.invoke(Unknown Source)
	at sun.reflect.DelegatingMethodAccessorImpl.invoke(DelegatingMethodAccessorImpl.java:43)
	at java.lang.reflect.Method.invoke(Method.java:498)
	at org.evosuite.runtime.classhandling.ClassResetter.reset(ClassResetter.java:159)
	at org.evosuite.runtime.classhandling.ClassStateSupport.resetClasses(ClassStateSupport.java:137)
	at org.apache.avro.file.DataFileWriter_ESTest_scaffolding.resetClasses(DataFileWriter_ESTest_scaffolding.java:644)
	at org.apache.avro.file.DataFileWriter_ESTest_scaffolding.doneWithTestCase(DataFileWriter_ESTest_scaffolding.java:68)
	at sun.reflect.GeneratedMethodAccessor5.invoke(Unknown Source)
	at sun.reflect.DelegatingMethodAccessorImpl.invoke(DelegatingMethodAccessorImpl.java:43)
	at java.lang.reflect.Method.invoke(Method.java:498)
	at org.junit.runners.model.FrameworkMethod$1.runReflectiveCall(FrameworkMethod.java:59)
	at org.junit.internal.runners.model.ReflectiveCallable.run(ReflectiveCallable.java:12)
	at org.junit.runners.model.FrameworkMethod.invokeExplosively(FrameworkMethod.java:56)
	at org.junit.internal.runners.statements.RunAfters.invokeMethod(RunAfters.java:46)
	at org.junit.internal.runners.statements.RunAfters.evaluate(RunAfters.java:33)
	at org.evosuite.runtime.vnet.NonFunctionalRequirementRule$1.evaluate(NonFunctionalRequirementRule.java:41)
	at org.junit.runners.ParentRunner$3.evaluate(ParentRunner.java:306)
	at org.junit.runners.BlockJUnit4ClassRunner$1.evaluate(BlockJUnit4ClassRunner.java:100)
	at org.junit.runners.ParentRunner.runLeaf(ParentRunner.java:366)
	at org.junit.runners.BlockJUnit4ClassRunner.runChild(BlockJUnit4ClassRunner.java:103)
	at org.junit.runners.BlockJUnit4ClassRunner.runChild(BlockJUnit4ClassRunner.java:63)
	at org.junit.runners.ParentRunner$4.run(ParentRunner.java:331)
	at org.junit.runners.ParentRunner$1.schedule(ParentRunner.java:79)
	at org.junit.runners.ParentRunner.runChildren(ParentRunner.java:329)
	at org.junit.runners.ParentRunner.access$100(ParentRunner.java:66)
	at org.junit.runners.ParentRunner$2.evaluate(ParentRunner.java:293)
	at org.junit.internal.runners.statements.RunBefores.evaluate(RunBefores.java:26)
	at org.junit.internal.runners.statements.RunAfters.evaluate(RunAfters.java:27)
	at org.junit.runners.ParentRunner$3.evaluate(ParentRunner.java:306)
	at org.junit.runners.ParentRunner.run(ParentRunner.java:413)
	at org.apache.maven.surefire.junit4.JUnit4Provider.execute(JUnit4Provider.java:316)
	at org.apache.maven.surefire.junit4.JUnit4Provider.executeWithRerun(JUnit4Provider.java:240)
	at org.apache.maven.surefire.junit4.JUnit4Provider.executeTestSet(JUnit4Provider.java:214)
	at org.apache.maven.surefire.junit4.JUnit4Provider.invoke(JUnit4Provider.java:155)
	at org.apache.maven.surefire.booter.ForkedBooter.runSuitesInProcess(ForkedBooter.java:385)
	at org.apache.maven.surefire.booter.ForkedBooter.execute(ForkedBooter.java:162)
	at org.apache.maven.surefire.booter.ForkedBooter.run(ForkedBooter.java:507)
	at org.apache.maven.surefire.booter.ForkedBooter.main(ForkedBooter.java:495)
]]></system-err>
  </testcase>
  <testcase name="test51" classname="org.apache.avro.file.DataFileWriter_ESTest" time="0.178">
    <system-err><![CDATA[java.lang.SecurityException: Security manager blocks ("java.lang.RuntimePermission" "loadLibrary./tmp/snappy-1.1.8-00000000-0100-4000-8200-000003000000-libsnappyjava.so")
java.lang.Thread.getStackTrace(Thread.java:1564)
org.evosuite.runtime.sandbox.MSecurityManager.checkPermission(MSecurityManager.java:424)
java.lang.SecurityManager.checkLink(SecurityManager.java:835)
java.lang.Runtime.load0(Runtime.java:776)
java.lang.System.load(System.java:1100)
org.xerial.snappy.SnappyLoader.loadNativeLibrary(SnappyLoader.java:198)
org.xerial.snappy.SnappyLoader.loadSnappyApi(SnappyLoader.java:167)
org.xerial.snappy.Snappy.init(Snappy.java:69)
org.xerial.snappy.Snappy.__STATIC_RESET(Snappy.java:46)
sun.reflect.GeneratedMethodAccessor21.invoke(Unknown Source)
sun.reflect.DelegatingMethodAccessorImpl.invoke(DelegatingMethodAccessorImpl.java:43)
java.lang.reflect.Method.invoke(Method.java:498)
org.evosuite.runtime.classhandling.ClassResetter.reset(ClassResetter.java:159)
org.evosuite.runtime.classhandling.ClassStateSupport.resetClasses(ClassStateSupport.java:137)
org.apache.avro.file.DataFileWriter_ESTest_scaffolding.resetClasses(DataFileWriter_ESTest_scaffolding.java:644)
org.apache.avro.file.DataFileWriter_ESTest_scaffolding.doneWithTestCase(DataFileWriter_ESTest_scaffolding.java:68)
sun.reflect.GeneratedMethodAccessor5.invoke(Unknown Source)
sun.reflect.DelegatingMethodAccessorImpl.invoke(DelegatingMethodAccessorImpl.java:43)
java.lang.reflect.Method.invoke(Method.java:498)
org.junit.runners.model.FrameworkMethod$1.runReflectiveCall(FrameworkMethod.java:59)
org.junit.internal.runners.model.ReflectiveCallable.run(ReflectiveCallable.java:12)
org.junit.runners.model.FrameworkMethod.invokeExplosively(FrameworkMethod.java:56)
org.junit.internal.runners.statements.RunAfters.invokeMethod(RunAfters.java:46)
org.junit.internal.runners.statements.RunAfters.evaluate(RunAfters.java:33)
org.evosuite.runtime.vnet.NonFunctionalRequirementRule$1.evaluate(NonFunctionalRequirementRule.java:41)
org.junit.runners.ParentRunner$3.evaluate(ParentRunner.java:306)
org.junit.runners.BlockJUnit4ClassRunner$1.evaluate(BlockJUnit4ClassRunner.java:100)
org.junit.runners.ParentRunner.runLeaf(ParentRunner.java:366)
org.junit.runners.BlockJUnit4ClassRunner.runChild(BlockJUnit4ClassRunner.java:103)
org.junit.runners.BlockJUnit4ClassRunner.runChild(BlockJUnit4ClassRunner.java:63)
org.junit.runners.ParentRunner$4.run(ParentRunner.java:331)
org.junit.runners.ParentRunner$1.schedule(ParentRunner.java:79)
org.junit.runners.ParentRunner.runChildren(ParentRunner.java:329)
org.junit.runners.ParentRunner.access$100(ParentRunner.java:66)
org.junit.runners.ParentRunner$2.evaluate(ParentRunner.java:293)
org.junit.internal.runners.statements.RunBefores.evaluate(RunBefores.java:26)
org.junit.internal.runners.statements.RunAfters.evaluate(RunAfters.java:27)
org.junit.runners.ParentRunner$3.evaluate(ParentRunner.java:306)
org.junit.runners.ParentRunner.run(ParentRunner.java:413)
org.apache.maven.surefire.junit4.JUnit4Provider.execute(JUnit4Provider.java:316)
org.apache.maven.surefire.junit4.JUnit4Provider.executeWithRerun(JUnit4Provider.java:240)
org.apache.maven.surefire.junit4.JUnit4Provider.executeTestSet(JUnit4Provider.java:214)
org.apache.maven.surefire.junit4.JUnit4Provider.invoke(JUnit4Provider.java:155)
org.apache.maven.surefire.booter.ForkedBooter.runSuitesInProcess(ForkedBooter.java:385)
org.apache.maven.surefire.booter.ForkedBooter.execute(ForkedBooter.java:162)
org.apache.maven.surefire.booter.ForkedBooter.run(ForkedBooter.java:507)
org.apache.maven.surefire.booter.ForkedBooter.main(ForkedBooter.java:495)

	at org.evosuite.runtime.sandbox.MSecurityManager.checkPermission(MSecurityManager.java:436)
	at java.lang.SecurityManager.checkLink(SecurityManager.java:835)
	at java.lang.Runtime.load0(Runtime.java:776)
	at java.lang.System.load(System.java:1100)
	at org.xerial.snappy.SnappyLoader.loadNativeLibrary(SnappyLoader.java:198)
	at org.xerial.snappy.SnappyLoader.loadSnappyApi(SnappyLoader.java:167)
	at org.xerial.snappy.Snappy.init(Snappy.java:69)
	at org.xerial.snappy.Snappy.__STATIC_RESET(Snappy.java:46)
	at sun.reflect.GeneratedMethodAccessor21.invoke(Unknown Source)
	at sun.reflect.DelegatingMethodAccessorImpl.invoke(DelegatingMethodAccessorImpl.java:43)
	at java.lang.reflect.Method.invoke(Method.java:498)
	at org.evosuite.runtime.classhandling.ClassResetter.reset(ClassResetter.java:159)
	at org.evosuite.runtime.classhandling.ClassStateSupport.resetClasses(ClassStateSupport.java:137)
	at org.apache.avro.file.DataFileWriter_ESTest_scaffolding.resetClasses(DataFileWriter_ESTest_scaffolding.java:644)
	at org.apache.avro.file.DataFileWriter_ESTest_scaffolding.doneWithTestCase(DataFileWriter_ESTest_scaffolding.java:68)
	at sun.reflect.GeneratedMethodAccessor5.invoke(Unknown Source)
	at sun.reflect.DelegatingMethodAccessorImpl.invoke(DelegatingMethodAccessorImpl.java:43)
	at java.lang.reflect.Method.invoke(Method.java:498)
	at org.junit.runners.model.FrameworkMethod$1.runReflectiveCall(FrameworkMethod.java:59)
	at org.junit.internal.runners.model.ReflectiveCallable.run(ReflectiveCallable.java:12)
	at org.junit.runners.model.FrameworkMethod.invokeExplosively(FrameworkMethod.java:56)
	at org.junit.internal.runners.statements.RunAfters.invokeMethod(RunAfters.java:46)
	at org.junit.internal.runners.statements.RunAfters.evaluate(RunAfters.java:33)
	at org.evosuite.runtime.vnet.NonFunctionalRequirementRule$1.evaluate(NonFunctionalRequirementRule.java:41)
	at org.junit.runners.ParentRunner$3.evaluate(ParentRunner.java:306)
	at org.junit.runners.BlockJUnit4ClassRunner$1.evaluate(BlockJUnit4ClassRunner.java:100)
	at org.junit.runners.ParentRunner.runLeaf(ParentRunner.java:366)
	at org.junit.runners.BlockJUnit4ClassRunner.runChild(BlockJUnit4ClassRunner.java:103)
	at org.junit.runners.BlockJUnit4ClassRunner.runChild(BlockJUnit4ClassRunner.java:63)
	at org.junit.runners.ParentRunner$4.run(ParentRunner.java:331)
	at org.junit.runners.ParentRunner$1.schedule(ParentRunner.java:79)
	at org.junit.runners.ParentRunner.runChildren(ParentRunner.java:329)
	at org.junit.runners.ParentRunner.access$100(ParentRunner.java:66)
	at org.junit.runners.ParentRunner$2.evaluate(ParentRunner.java:293)
	at org.junit.internal.runners.statements.RunBefores.evaluate(RunBefores.java:26)
	at org.junit.internal.runners.statements.RunAfters.evaluate(RunAfters.java:27)
	at org.junit.runners.ParentRunner$3.evaluate(ParentRunner.java:306)
	at org.junit.runners.ParentRunner.run(ParentRunner.java:413)
	at org.apache.maven.surefire.junit4.JUnit4Provider.execute(JUnit4Provider.java:316)
	at org.apache.maven.surefire.junit4.JUnit4Provider.executeWithRerun(JUnit4Provider.java:240)
	at org.apache.maven.surefire.junit4.JUnit4Provider.executeTestSet(JUnit4Provider.java:214)
	at org.apache.maven.surefire.junit4.JUnit4Provider.invoke(JUnit4Provider.java:155)
	at org.apache.maven.surefire.booter.ForkedBooter.runSuitesInProcess(ForkedBooter.java:385)
	at org.apache.maven.surefire.booter.ForkedBooter.execute(ForkedBooter.java:162)
	at org.apache.maven.surefire.booter.ForkedBooter.run(ForkedBooter.java:507)
	at org.apache.maven.surefire.booter.ForkedBooter.main(ForkedBooter.java:495)
]]></system-err>
  </testcase>
  <testcase name="test52" classname="org.apache.avro.file.DataFileWriter_ESTest" time="0.194">
    <system-err><![CDATA[java.lang.SecurityException: Security manager blocks ("java.lang.RuntimePermission" "loadLibrary./tmp/snappy-1.1.8-00000000-0100-4000-8200-000003000000-libsnappyjava.so")
java.lang.Thread.getStackTrace(Thread.java:1564)
org.evosuite.runtime.sandbox.MSecurityManager.checkPermission(MSecurityManager.java:424)
java.lang.SecurityManager.checkLink(SecurityManager.java:835)
java.lang.Runtime.load0(Runtime.java:776)
java.lang.System.load(System.java:1100)
org.xerial.snappy.SnappyLoader.loadNativeLibrary(SnappyLoader.java:198)
org.xerial.snappy.SnappyLoader.loadSnappyApi(SnappyLoader.java:167)
org.xerial.snappy.Snappy.init(Snappy.java:69)
org.xerial.snappy.Snappy.__STATIC_RESET(Snappy.java:46)
sun.reflect.GeneratedMethodAccessor21.invoke(Unknown Source)
sun.reflect.DelegatingMethodAccessorImpl.invoke(DelegatingMethodAccessorImpl.java:43)
java.lang.reflect.Method.invoke(Method.java:498)
org.evosuite.runtime.classhandling.ClassResetter.reset(ClassResetter.java:159)
org.evosuite.runtime.classhandling.ClassStateSupport.resetClasses(ClassStateSupport.java:137)
org.apache.avro.file.DataFileWriter_ESTest_scaffolding.resetClasses(DataFileWriter_ESTest_scaffolding.java:644)
org.apache.avro.file.DataFileWriter_ESTest_scaffolding.doneWithTestCase(DataFileWriter_ESTest_scaffolding.java:68)
sun.reflect.GeneratedMethodAccessor5.invoke(Unknown Source)
sun.reflect.DelegatingMethodAccessorImpl.invoke(DelegatingMethodAccessorImpl.java:43)
java.lang.reflect.Method.invoke(Method.java:498)
org.junit.runners.model.FrameworkMethod$1.runReflectiveCall(FrameworkMethod.java:59)
org.junit.internal.runners.model.ReflectiveCallable.run(ReflectiveCallable.java:12)
org.junit.runners.model.FrameworkMethod.invokeExplosively(FrameworkMethod.java:56)
org.junit.internal.runners.statements.RunAfters.invokeMethod(RunAfters.java:46)
org.junit.internal.runners.statements.RunAfters.evaluate(RunAfters.java:33)
org.evosuite.runtime.vnet.NonFunctionalRequirementRule$1.evaluate(NonFunctionalRequirementRule.java:41)
org.junit.runners.ParentRunner$3.evaluate(ParentRunner.java:306)
org.junit.runners.BlockJUnit4ClassRunner$1.evaluate(BlockJUnit4ClassRunner.java:100)
org.junit.runners.ParentRunner.runLeaf(ParentRunner.java:366)
org.junit.runners.BlockJUnit4ClassRunner.runChild(BlockJUnit4ClassRunner.java:103)
org.junit.runners.BlockJUnit4ClassRunner.runChild(BlockJUnit4ClassRunner.java:63)
org.junit.runners.ParentRunner$4.run(ParentRunner.java:331)
org.junit.runners.ParentRunner$1.schedule(ParentRunner.java:79)
org.junit.runners.ParentRunner.runChildren(ParentRunner.java:329)
org.junit.runners.ParentRunner.access$100(ParentRunner.java:66)
org.junit.runners.ParentRunner$2.evaluate(ParentRunner.java:293)
org.junit.internal.runners.statements.RunBefores.evaluate(RunBefores.java:26)
org.junit.internal.runners.statements.RunAfters.evaluate(RunAfters.java:27)
org.junit.runners.ParentRunner$3.evaluate(ParentRunner.java:306)
org.junit.runners.ParentRunner.run(ParentRunner.java:413)
org.apache.maven.surefire.junit4.JUnit4Provider.execute(JUnit4Provider.java:316)
org.apache.maven.surefire.junit4.JUnit4Provider.executeWithRerun(JUnit4Provider.java:240)
org.apache.maven.surefire.junit4.JUnit4Provider.executeTestSet(JUnit4Provider.java:214)
org.apache.maven.surefire.junit4.JUnit4Provider.invoke(JUnit4Provider.java:155)
org.apache.maven.surefire.booter.ForkedBooter.runSuitesInProcess(ForkedBooter.java:385)
org.apache.maven.surefire.booter.ForkedBooter.execute(ForkedBooter.java:162)
org.apache.maven.surefire.booter.ForkedBooter.run(ForkedBooter.java:507)
org.apache.maven.surefire.booter.ForkedBooter.main(ForkedBooter.java:495)

	at org.evosuite.runtime.sandbox.MSecurityManager.checkPermission(MSecurityManager.java:436)
	at java.lang.SecurityManager.checkLink(SecurityManager.java:835)
	at java.lang.Runtime.load0(Runtime.java:776)
	at java.lang.System.load(System.java:1100)
	at org.xerial.snappy.SnappyLoader.loadNativeLibrary(SnappyLoader.java:198)
	at org.xerial.snappy.SnappyLoader.loadSnappyApi(SnappyLoader.java:167)
	at org.xerial.snappy.Snappy.init(Snappy.java:69)
	at org.xerial.snappy.Snappy.__STATIC_RESET(Snappy.java:46)
	at sun.reflect.GeneratedMethodAccessor21.invoke(Unknown Source)
	at sun.reflect.DelegatingMethodAccessorImpl.invoke(DelegatingMethodAccessorImpl.java:43)
	at java.lang.reflect.Method.invoke(Method.java:498)
	at org.evosuite.runtime.classhandling.ClassResetter.reset(ClassResetter.java:159)
	at org.evosuite.runtime.classhandling.ClassStateSupport.resetClasses(ClassStateSupport.java:137)
	at org.apache.avro.file.DataFileWriter_ESTest_scaffolding.resetClasses(DataFileWriter_ESTest_scaffolding.java:644)
	at org.apache.avro.file.DataFileWriter_ESTest_scaffolding.doneWithTestCase(DataFileWriter_ESTest_scaffolding.java:68)
	at sun.reflect.GeneratedMethodAccessor5.invoke(Unknown Source)
	at sun.reflect.DelegatingMethodAccessorImpl.invoke(DelegatingMethodAccessorImpl.java:43)
	at java.lang.reflect.Method.invoke(Method.java:498)
	at org.junit.runners.model.FrameworkMethod$1.runReflectiveCall(FrameworkMethod.java:59)
	at org.junit.internal.runners.model.ReflectiveCallable.run(ReflectiveCallable.java:12)
	at org.junit.runners.model.FrameworkMethod.invokeExplosively(FrameworkMethod.java:56)
	at org.junit.internal.runners.statements.RunAfters.invokeMethod(RunAfters.java:46)
	at org.junit.internal.runners.statements.RunAfters.evaluate(RunAfters.java:33)
	at org.evosuite.runtime.vnet.NonFunctionalRequirementRule$1.evaluate(NonFunctionalRequirementRule.java:41)
	at org.junit.runners.ParentRunner$3.evaluate(ParentRunner.java:306)
	at org.junit.runners.BlockJUnit4ClassRunner$1.evaluate(BlockJUnit4ClassRunner.java:100)
	at org.junit.runners.ParentRunner.runLeaf(ParentRunner.java:366)
	at org.junit.runners.BlockJUnit4ClassRunner.runChild(BlockJUnit4ClassRunner.java:103)
	at org.junit.runners.BlockJUnit4ClassRunner.runChild(BlockJUnit4ClassRunner.java:63)
	at org.junit.runners.ParentRunner$4.run(ParentRunner.java:331)
	at org.junit.runners.ParentRunner$1.schedule(ParentRunner.java:79)
	at org.junit.runners.ParentRunner.runChildren(ParentRunner.java:329)
	at org.junit.runners.ParentRunner.access$100(ParentRunner.java:66)
	at org.junit.runners.ParentRunner$2.evaluate(ParentRunner.java:293)
	at org.junit.internal.runners.statements.RunBefores.evaluate(RunBefores.java:26)
	at org.junit.internal.runners.statements.RunAfters.evaluate(RunAfters.java:27)
	at org.junit.runners.ParentRunner$3.evaluate(ParentRunner.java:306)
	at org.junit.runners.ParentRunner.run(ParentRunner.java:413)
	at org.apache.maven.surefire.junit4.JUnit4Provider.execute(JUnit4Provider.java:316)
	at org.apache.maven.surefire.junit4.JUnit4Provider.executeWithRerun(JUnit4Provider.java:240)
	at org.apache.maven.surefire.junit4.JUnit4Provider.executeTestSet(JUnit4Provider.java:214)
	at org.apache.maven.surefire.junit4.JUnit4Provider.invoke(JUnit4Provider.java:155)
	at org.apache.maven.surefire.booter.ForkedBooter.runSuitesInProcess(ForkedBooter.java:385)
	at org.apache.maven.surefire.booter.ForkedBooter.execute(ForkedBooter.java:162)
	at org.apache.maven.surefire.booter.ForkedBooter.run(ForkedBooter.java:507)
	at org.apache.maven.surefire.booter.ForkedBooter.main(ForkedBooter.java:495)
]]></system-err>
  </testcase>
  <testcase name="test50" classname="org.apache.avro.file.DataFileWriter_ESTest" time="0.163">
    <system-err><![CDATA[java.lang.SecurityException: Security manager blocks ("java.lang.RuntimePermission" "loadLibrary./tmp/snappy-1.1.8-00000000-0100-4000-8200-000003000000-libsnappyjava.so")
java.lang.Thread.getStackTrace(Thread.java:1564)
org.evosuite.runtime.sandbox.MSecurityManager.checkPermission(MSecurityManager.java:424)
java.lang.SecurityManager.checkLink(SecurityManager.java:835)
java.lang.Runtime.load0(Runtime.java:776)
java.lang.System.load(System.java:1100)
org.xerial.snappy.SnappyLoader.loadNativeLibrary(SnappyLoader.java:198)
org.xerial.snappy.SnappyLoader.loadSnappyApi(SnappyLoader.java:167)
org.xerial.snappy.Snappy.init(Snappy.java:69)
org.xerial.snappy.Snappy.__STATIC_RESET(Snappy.java:46)
sun.reflect.GeneratedMethodAccessor21.invoke(Unknown Source)
sun.reflect.DelegatingMethodAccessorImpl.invoke(DelegatingMethodAccessorImpl.java:43)
java.lang.reflect.Method.invoke(Method.java:498)
org.evosuite.runtime.classhandling.ClassResetter.reset(ClassResetter.java:159)
org.evosuite.runtime.classhandling.ClassStateSupport.resetClasses(ClassStateSupport.java:137)
org.apache.avro.file.DataFileWriter_ESTest_scaffolding.resetClasses(DataFileWriter_ESTest_scaffolding.java:644)
org.apache.avro.file.DataFileWriter_ESTest_scaffolding.doneWithTestCase(DataFileWriter_ESTest_scaffolding.java:68)
sun.reflect.GeneratedMethodAccessor5.invoke(Unknown Source)
sun.reflect.DelegatingMethodAccessorImpl.invoke(DelegatingMethodAccessorImpl.java:43)
java.lang.reflect.Method.invoke(Method.java:498)
org.junit.runners.model.FrameworkMethod$1.runReflectiveCall(FrameworkMethod.java:59)
org.junit.internal.runners.model.ReflectiveCallable.run(ReflectiveCallable.java:12)
org.junit.runners.model.FrameworkMethod.invokeExplosively(FrameworkMethod.java:56)
org.junit.internal.runners.statements.RunAfters.invokeMethod(RunAfters.java:46)
org.junit.internal.runners.statements.RunAfters.evaluate(RunAfters.java:33)
org.evosuite.runtime.vnet.NonFunctionalRequirementRule$1.evaluate(NonFunctionalRequirementRule.java:41)
org.junit.runners.ParentRunner$3.evaluate(ParentRunner.java:306)
org.junit.runners.BlockJUnit4ClassRunner$1.evaluate(BlockJUnit4ClassRunner.java:100)
org.junit.runners.ParentRunner.runLeaf(ParentRunner.java:366)
org.junit.runners.BlockJUnit4ClassRunner.runChild(BlockJUnit4ClassRunner.java:103)
org.junit.runners.BlockJUnit4ClassRunner.runChild(BlockJUnit4ClassRunner.java:63)
org.junit.runners.ParentRunner$4.run(ParentRunner.java:331)
org.junit.runners.ParentRunner$1.schedule(ParentRunner.java:79)
org.junit.runners.ParentRunner.runChildren(ParentRunner.java:329)
org.junit.runners.ParentRunner.access$100(ParentRunner.java:66)
org.junit.runners.ParentRunner$2.evaluate(ParentRunner.java:293)
org.junit.internal.runners.statements.RunBefores.evaluate(RunBefores.java:26)
org.junit.internal.runners.statements.RunAfters.evaluate(RunAfters.java:27)
org.junit.runners.ParentRunner$3.evaluate(ParentRunner.java:306)
org.junit.runners.ParentRunner.run(ParentRunner.java:413)
org.apache.maven.surefire.junit4.JUnit4Provider.execute(JUnit4Provider.java:316)
org.apache.maven.surefire.junit4.JUnit4Provider.executeWithRerun(JUnit4Provider.java:240)
org.apache.maven.surefire.junit4.JUnit4Provider.executeTestSet(JUnit4Provider.java:214)
org.apache.maven.surefire.junit4.JUnit4Provider.invoke(JUnit4Provider.java:155)
org.apache.maven.surefire.booter.ForkedBooter.runSuitesInProcess(ForkedBooter.java:385)
org.apache.maven.surefire.booter.ForkedBooter.execute(ForkedBooter.java:162)
org.apache.maven.surefire.booter.ForkedBooter.run(ForkedBooter.java:507)
org.apache.maven.surefire.booter.ForkedBooter.main(ForkedBooter.java:495)

	at org.evosuite.runtime.sandbox.MSecurityManager.checkPermission(MSecurityManager.java:436)
	at java.lang.SecurityManager.checkLink(SecurityManager.java:835)
	at java.lang.Runtime.load0(Runtime.java:776)
	at java.lang.System.load(System.java:1100)
	at org.xerial.snappy.SnappyLoader.loadNativeLibrary(SnappyLoader.java:198)
	at org.xerial.snappy.SnappyLoader.loadSnappyApi(SnappyLoader.java:167)
	at org.xerial.snappy.Snappy.init(Snappy.java:69)
	at org.xerial.snappy.Snappy.__STATIC_RESET(Snappy.java:46)
	at sun.reflect.GeneratedMethodAccessor21.invoke(Unknown Source)
	at sun.reflect.DelegatingMethodAccessorImpl.invoke(DelegatingMethodAccessorImpl.java:43)
	at java.lang.reflect.Method.invoke(Method.java:498)
	at org.evosuite.runtime.classhandling.ClassResetter.reset(ClassResetter.java:159)
	at org.evosuite.runtime.classhandling.ClassStateSupport.resetClasses(ClassStateSupport.java:137)
	at org.apache.avro.file.DataFileWriter_ESTest_scaffolding.resetClasses(DataFileWriter_ESTest_scaffolding.java:644)
	at org.apache.avro.file.DataFileWriter_ESTest_scaffolding.doneWithTestCase(DataFileWriter_ESTest_scaffolding.java:68)
	at sun.reflect.GeneratedMethodAccessor5.invoke(Unknown Source)
	at sun.reflect.DelegatingMethodAccessorImpl.invoke(DelegatingMethodAccessorImpl.java:43)
	at java.lang.reflect.Method.invoke(Method.java:498)
	at org.junit.runners.model.FrameworkMethod$1.runReflectiveCall(FrameworkMethod.java:59)
	at org.junit.internal.runners.model.ReflectiveCallable.run(ReflectiveCallable.java:12)
	at org.junit.runners.model.FrameworkMethod.invokeExplosively(FrameworkMethod.java:56)
	at org.junit.internal.runners.statements.RunAfters.invokeMethod(RunAfters.java:46)
	at org.junit.internal.runners.statements.RunAfters.evaluate(RunAfters.java:33)
	at org.evosuite.runtime.vnet.NonFunctionalRequirementRule$1.evaluate(NonFunctionalRequirementRule.java:41)
	at org.junit.runners.ParentRunner$3.evaluate(ParentRunner.java:306)
	at org.junit.runners.BlockJUnit4ClassRunner$1.evaluate(BlockJUnit4ClassRunner.java:100)
	at org.junit.runners.ParentRunner.runLeaf(ParentRunner.java:366)
	at org.junit.runners.BlockJUnit4ClassRunner.runChild(BlockJUnit4ClassRunner.java:103)
	at org.junit.runners.BlockJUnit4ClassRunner.runChild(BlockJUnit4ClassRunner.java:63)
	at org.junit.runners.ParentRunner$4.run(ParentRunner.java:331)
	at org.junit.runners.ParentRunner$1.schedule(ParentRunner.java:79)
	at org.junit.runners.ParentRunner.runChildren(ParentRunner.java:329)
	at org.junit.runners.ParentRunner.access$100(ParentRunner.java:66)
	at org.junit.runners.ParentRunner$2.evaluate(ParentRunner.java:293)
	at org.junit.internal.runners.statements.RunBefores.evaluate(RunBefores.java:26)
	at org.junit.internal.runners.statements.RunAfters.evaluate(RunAfters.java:27)
	at org.junit.runners.ParentRunner$3.evaluate(ParentRunner.java:306)
	at org.junit.runners.ParentRunner.run(ParentRunner.java:413)
	at org.apache.maven.surefire.junit4.JUnit4Provider.execute(JUnit4Provider.java:316)
	at org.apache.maven.surefire.junit4.JUnit4Provider.executeWithRerun(JUnit4Provider.java:240)
	at org.apache.maven.surefire.junit4.JUnit4Provider.executeTestSet(JUnit4Provider.java:214)
	at org.apache.maven.surefire.junit4.JUnit4Provider.invoke(JUnit4Provider.java:155)
	at org.apache.maven.surefire.booter.ForkedBooter.runSuitesInProcess(ForkedBooter.java:385)
	at org.apache.maven.surefire.booter.ForkedBooter.execute(ForkedBooter.java:162)
	at org.apache.maven.surefire.booter.ForkedBooter.run(ForkedBooter.java:507)
	at org.apache.maven.surefire.booter.ForkedBooter.main(ForkedBooter.java:495)
]]></system-err>
  </testcase>
  <testcase name="test19" classname="org.apache.avro.file.DataFileWriter_ESTest" time="0.172">
    <system-err><![CDATA[java.lang.SecurityException: Security manager blocks ("java.lang.RuntimePermission" "loadLibrary./tmp/snappy-1.1.8-00000000-0100-4000-8200-000003000000-libsnappyjava.so")
java.lang.Thread.getStackTrace(Thread.java:1564)
org.evosuite.runtime.sandbox.MSecurityManager.checkPermission(MSecurityManager.java:424)
java.lang.SecurityManager.checkLink(SecurityManager.java:835)
java.lang.Runtime.load0(Runtime.java:776)
java.lang.System.load(System.java:1100)
org.xerial.snappy.SnappyLoader.loadNativeLibrary(SnappyLoader.java:198)
org.xerial.snappy.SnappyLoader.loadSnappyApi(SnappyLoader.java:167)
org.xerial.snappy.Snappy.init(Snappy.java:69)
org.xerial.snappy.Snappy.__STATIC_RESET(Snappy.java:46)
sun.reflect.GeneratedMethodAccessor21.invoke(Unknown Source)
sun.reflect.DelegatingMethodAccessorImpl.invoke(DelegatingMethodAccessorImpl.java:43)
java.lang.reflect.Method.invoke(Method.java:498)
org.evosuite.runtime.classhandling.ClassResetter.reset(ClassResetter.java:159)
org.evosuite.runtime.classhandling.ClassStateSupport.resetClasses(ClassStateSupport.java:137)
org.apache.avro.file.DataFileWriter_ESTest_scaffolding.resetClasses(DataFileWriter_ESTest_scaffolding.java:644)
org.apache.avro.file.DataFileWriter_ESTest_scaffolding.doneWithTestCase(DataFileWriter_ESTest_scaffolding.java:68)
sun.reflect.GeneratedMethodAccessor5.invoke(Unknown Source)
sun.reflect.DelegatingMethodAccessorImpl.invoke(DelegatingMethodAccessorImpl.java:43)
java.lang.reflect.Method.invoke(Method.java:498)
org.junit.runners.model.FrameworkMethod$1.runReflectiveCall(FrameworkMethod.java:59)
org.junit.internal.runners.model.ReflectiveCallable.run(ReflectiveCallable.java:12)
org.junit.runners.model.FrameworkMethod.invokeExplosively(FrameworkMethod.java:56)
org.junit.internal.runners.statements.RunAfters.invokeMethod(RunAfters.java:46)
org.junit.internal.runners.statements.RunAfters.evaluate(RunAfters.java:33)
org.evosuite.runtime.vnet.NonFunctionalRequirementRule$1.evaluate(NonFunctionalRequirementRule.java:41)
org.junit.runners.ParentRunner$3.evaluate(ParentRunner.java:306)
org.junit.runners.BlockJUnit4ClassRunner$1.evaluate(BlockJUnit4ClassRunner.java:100)
org.junit.runners.ParentRunner.runLeaf(ParentRunner.java:366)
org.junit.runners.BlockJUnit4ClassRunner.runChild(BlockJUnit4ClassRunner.java:103)
org.junit.runners.BlockJUnit4ClassRunner.runChild(BlockJUnit4ClassRunner.java:63)
org.junit.runners.ParentRunner$4.run(ParentRunner.java:331)
org.junit.runners.ParentRunner$1.schedule(ParentRunner.java:79)
org.junit.runners.ParentRunner.runChildren(ParentRunner.java:329)
org.junit.runners.ParentRunner.access$100(ParentRunner.java:66)
org.junit.runners.ParentRunner$2.evaluate(ParentRunner.java:293)
org.junit.internal.runners.statements.RunBefores.evaluate(RunBefores.java:26)
org.junit.internal.runners.statements.RunAfters.evaluate(RunAfters.java:27)
org.junit.runners.ParentRunner$3.evaluate(ParentRunner.java:306)
org.junit.runners.ParentRunner.run(ParentRunner.java:413)
org.apache.maven.surefire.junit4.JUnit4Provider.execute(JUnit4Provider.java:316)
org.apache.maven.surefire.junit4.JUnit4Provider.executeWithRerun(JUnit4Provider.java:240)
org.apache.maven.surefire.junit4.JUnit4Provider.executeTestSet(JUnit4Provider.java:214)
org.apache.maven.surefire.junit4.JUnit4Provider.invoke(JUnit4Provider.java:155)
org.apache.maven.surefire.booter.ForkedBooter.runSuitesInProcess(ForkedBooter.java:385)
org.apache.maven.surefire.booter.ForkedBooter.execute(ForkedBooter.java:162)
org.apache.maven.surefire.booter.ForkedBooter.run(ForkedBooter.java:507)
org.apache.maven.surefire.booter.ForkedBooter.main(ForkedBooter.java:495)

	at org.evosuite.runtime.sandbox.MSecurityManager.checkPermission(MSecurityManager.java:436)
	at java.lang.SecurityManager.checkLink(SecurityManager.java:835)
	at java.lang.Runtime.load0(Runtime.java:776)
	at java.lang.System.load(System.java:1100)
	at org.xerial.snappy.SnappyLoader.loadNativeLibrary(SnappyLoader.java:198)
	at org.xerial.snappy.SnappyLoader.loadSnappyApi(SnappyLoader.java:167)
	at org.xerial.snappy.Snappy.init(Snappy.java:69)
	at org.xerial.snappy.Snappy.__STATIC_RESET(Snappy.java:46)
	at sun.reflect.GeneratedMethodAccessor21.invoke(Unknown Source)
	at sun.reflect.DelegatingMethodAccessorImpl.invoke(DelegatingMethodAccessorImpl.java:43)
	at java.lang.reflect.Method.invoke(Method.java:498)
	at org.evosuite.runtime.classhandling.ClassResetter.reset(ClassResetter.java:159)
	at org.evosuite.runtime.classhandling.ClassStateSupport.resetClasses(ClassStateSupport.java:137)
	at org.apache.avro.file.DataFileWriter_ESTest_scaffolding.resetClasses(DataFileWriter_ESTest_scaffolding.java:644)
	at org.apache.avro.file.DataFileWriter_ESTest_scaffolding.doneWithTestCase(DataFileWriter_ESTest_scaffolding.java:68)
	at sun.reflect.GeneratedMethodAccessor5.invoke(Unknown Source)
	at sun.reflect.DelegatingMethodAccessorImpl.invoke(DelegatingMethodAccessorImpl.java:43)
	at java.lang.reflect.Method.invoke(Method.java:498)
	at org.junit.runners.model.FrameworkMethod$1.runReflectiveCall(FrameworkMethod.java:59)
	at org.junit.internal.runners.model.ReflectiveCallable.run(ReflectiveCallable.java:12)
	at org.junit.runners.model.FrameworkMethod.invokeExplosively(FrameworkMethod.java:56)
	at org.junit.internal.runners.statements.RunAfters.invokeMethod(RunAfters.java:46)
	at org.junit.internal.runners.statements.RunAfters.evaluate(RunAfters.java:33)
	at org.evosuite.runtime.vnet.NonFunctionalRequirementRule$1.evaluate(NonFunctionalRequirementRule.java:41)
	at org.junit.runners.ParentRunner$3.evaluate(ParentRunner.java:306)
	at org.junit.runners.BlockJUnit4ClassRunner$1.evaluate(BlockJUnit4ClassRunner.java:100)
	at org.junit.runners.ParentRunner.runLeaf(ParentRunner.java:366)
	at org.junit.runners.BlockJUnit4ClassRunner.runChild(BlockJUnit4ClassRunner.java:103)
	at org.junit.runners.BlockJUnit4ClassRunner.runChild(BlockJUnit4ClassRunner.java:63)
	at org.junit.runners.ParentRunner$4.run(ParentRunner.java:331)
	at org.junit.runners.ParentRunner$1.schedule(ParentRunner.java:79)
	at org.junit.runners.ParentRunner.runChildren(ParentRunner.java:329)
	at org.junit.runners.ParentRunner.access$100(ParentRunner.java:66)
	at org.junit.runners.ParentRunner$2.evaluate(ParentRunner.java:293)
	at org.junit.internal.runners.statements.RunBefores.evaluate(RunBefores.java:26)
	at org.junit.internal.runners.statements.RunAfters.evaluate(RunAfters.java:27)
	at org.junit.runners.ParentRunner$3.evaluate(ParentRunner.java:306)
	at org.junit.runners.ParentRunner.run(ParentRunner.java:413)
	at org.apache.maven.surefire.junit4.JUnit4Provider.execute(JUnit4Provider.java:316)
	at org.apache.maven.surefire.junit4.JUnit4Provider.executeWithRerun(JUnit4Provider.java:240)
	at org.apache.maven.surefire.junit4.JUnit4Provider.executeTestSet(JUnit4Provider.java:214)
	at org.apache.maven.surefire.junit4.JUnit4Provider.invoke(JUnit4Provider.java:155)
	at org.apache.maven.surefire.booter.ForkedBooter.runSuitesInProcess(ForkedBooter.java:385)
	at org.apache.maven.surefire.booter.ForkedBooter.execute(ForkedBooter.java:162)
	at org.apache.maven.surefire.booter.ForkedBooter.run(ForkedBooter.java:507)
	at org.apache.maven.surefire.booter.ForkedBooter.main(ForkedBooter.java:495)
]]></system-err>
  </testcase>
  <testcase name="test17" classname="org.apache.avro.file.DataFileWriter_ESTest" time="0.16">
    <system-err><![CDATA[java.lang.SecurityException: Security manager blocks ("java.lang.RuntimePermission" "loadLibrary./tmp/snappy-1.1.8-00000000-0100-4000-8200-000003000000-libsnappyjava.so")
java.lang.Thread.getStackTrace(Thread.java:1564)
org.evosuite.runtime.sandbox.MSecurityManager.checkPermission(MSecurityManager.java:424)
java.lang.SecurityManager.checkLink(SecurityManager.java:835)
java.lang.Runtime.load0(Runtime.java:776)
java.lang.System.load(System.java:1100)
org.xerial.snappy.SnappyLoader.loadNativeLibrary(SnappyLoader.java:198)
org.xerial.snappy.SnappyLoader.loadSnappyApi(SnappyLoader.java:167)
org.xerial.snappy.Snappy.init(Snappy.java:69)
org.xerial.snappy.Snappy.__STATIC_RESET(Snappy.java:46)
sun.reflect.GeneratedMethodAccessor21.invoke(Unknown Source)
sun.reflect.DelegatingMethodAccessorImpl.invoke(DelegatingMethodAccessorImpl.java:43)
java.lang.reflect.Method.invoke(Method.java:498)
org.evosuite.runtime.classhandling.ClassResetter.reset(ClassResetter.java:159)
org.evosuite.runtime.classhandling.ClassStateSupport.resetClasses(ClassStateSupport.java:137)
org.apache.avro.file.DataFileWriter_ESTest_scaffolding.resetClasses(DataFileWriter_ESTest_scaffolding.java:644)
org.apache.avro.file.DataFileWriter_ESTest_scaffolding.doneWithTestCase(DataFileWriter_ESTest_scaffolding.java:68)
sun.reflect.GeneratedMethodAccessor5.invoke(Unknown Source)
sun.reflect.DelegatingMethodAccessorImpl.invoke(DelegatingMethodAccessorImpl.java:43)
java.lang.reflect.Method.invoke(Method.java:498)
org.junit.runners.model.FrameworkMethod$1.runReflectiveCall(FrameworkMethod.java:59)
org.junit.internal.runners.model.ReflectiveCallable.run(ReflectiveCallable.java:12)
org.junit.runners.model.FrameworkMethod.invokeExplosively(FrameworkMethod.java:56)
org.junit.internal.runners.statements.RunAfters.invokeMethod(RunAfters.java:46)
org.junit.internal.runners.statements.RunAfters.evaluate(RunAfters.java:33)
org.evosuite.runtime.vnet.NonFunctionalRequirementRule$1.evaluate(NonFunctionalRequirementRule.java:41)
org.junit.runners.ParentRunner$3.evaluate(ParentRunner.java:306)
org.junit.runners.BlockJUnit4ClassRunner$1.evaluate(BlockJUnit4ClassRunner.java:100)
org.junit.runners.ParentRunner.runLeaf(ParentRunner.java:366)
org.junit.runners.BlockJUnit4ClassRunner.runChild(BlockJUnit4ClassRunner.java:103)
org.junit.runners.BlockJUnit4ClassRunner.runChild(BlockJUnit4ClassRunner.java:63)
org.junit.runners.ParentRunner$4.run(ParentRunner.java:331)
org.junit.runners.ParentRunner$1.schedule(ParentRunner.java:79)
org.junit.runners.ParentRunner.runChildren(ParentRunner.java:329)
org.junit.runners.ParentRunner.access$100(ParentRunner.java:66)
org.junit.runners.ParentRunner$2.evaluate(ParentRunner.java:293)
org.junit.internal.runners.statements.RunBefores.evaluate(RunBefores.java:26)
org.junit.internal.runners.statements.RunAfters.evaluate(RunAfters.java:27)
org.junit.runners.ParentRunner$3.evaluate(ParentRunner.java:306)
org.junit.runners.ParentRunner.run(ParentRunner.java:413)
org.apache.maven.surefire.junit4.JUnit4Provider.execute(JUnit4Provider.java:316)
org.apache.maven.surefire.junit4.JUnit4Provider.executeWithRerun(JUnit4Provider.java:240)
org.apache.maven.surefire.junit4.JUnit4Provider.executeTestSet(JUnit4Provider.java:214)
org.apache.maven.surefire.junit4.JUnit4Provider.invoke(JUnit4Provider.java:155)
org.apache.maven.surefire.booter.ForkedBooter.runSuitesInProcess(ForkedBooter.java:385)
org.apache.maven.surefire.booter.ForkedBooter.execute(ForkedBooter.java:162)
org.apache.maven.surefire.booter.ForkedBooter.run(ForkedBooter.java:507)
org.apache.maven.surefire.booter.ForkedBooter.main(ForkedBooter.java:495)

	at org.evosuite.runtime.sandbox.MSecurityManager.checkPermission(MSecurityManager.java:436)
	at java.lang.SecurityManager.checkLink(SecurityManager.java:835)
	at java.lang.Runtime.load0(Runtime.java:776)
	at java.lang.System.load(System.java:1100)
	at org.xerial.snappy.SnappyLoader.loadNativeLibrary(SnappyLoader.java:198)
	at org.xerial.snappy.SnappyLoader.loadSnappyApi(SnappyLoader.java:167)
	at org.xerial.snappy.Snappy.init(Snappy.java:69)
	at org.xerial.snappy.Snappy.__STATIC_RESET(Snappy.java:46)
	at sun.reflect.GeneratedMethodAccessor21.invoke(Unknown Source)
	at sun.reflect.DelegatingMethodAccessorImpl.invoke(DelegatingMethodAccessorImpl.java:43)
	at java.lang.reflect.Method.invoke(Method.java:498)
	at org.evosuite.runtime.classhandling.ClassResetter.reset(ClassResetter.java:159)
	at org.evosuite.runtime.classhandling.ClassStateSupport.resetClasses(ClassStateSupport.java:137)
	at org.apache.avro.file.DataFileWriter_ESTest_scaffolding.resetClasses(DataFileWriter_ESTest_scaffolding.java:644)
	at org.apache.avro.file.DataFileWriter_ESTest_scaffolding.doneWithTestCase(DataFileWriter_ESTest_scaffolding.java:68)
	at sun.reflect.GeneratedMethodAccessor5.invoke(Unknown Source)
	at sun.reflect.DelegatingMethodAccessorImpl.invoke(DelegatingMethodAccessorImpl.java:43)
	at java.lang.reflect.Method.invoke(Method.java:498)
	at org.junit.runners.model.FrameworkMethod$1.runReflectiveCall(FrameworkMethod.java:59)
	at org.junit.internal.runners.model.ReflectiveCallable.run(ReflectiveCallable.java:12)
	at org.junit.runners.model.FrameworkMethod.invokeExplosively(FrameworkMethod.java:56)
	at org.junit.internal.runners.statements.RunAfters.invokeMethod(RunAfters.java:46)
	at org.junit.internal.runners.statements.RunAfters.evaluate(RunAfters.java:33)
	at org.evosuite.runtime.vnet.NonFunctionalRequirementRule$1.evaluate(NonFunctionalRequirementRule.java:41)
	at org.junit.runners.ParentRunner$3.evaluate(ParentRunner.java:306)
	at org.junit.runners.BlockJUnit4ClassRunner$1.evaluate(BlockJUnit4ClassRunner.java:100)
	at org.junit.runners.ParentRunner.runLeaf(ParentRunner.java:366)
	at org.junit.runners.BlockJUnit4ClassRunner.runChild(BlockJUnit4ClassRunner.java:103)
	at org.junit.runners.BlockJUnit4ClassRunner.runChild(BlockJUnit4ClassRunner.java:63)
	at org.junit.runners.ParentRunner$4.run(ParentRunner.java:331)
	at org.junit.runners.ParentRunner$1.schedule(ParentRunner.java:79)
	at org.junit.runners.ParentRunner.runChildren(ParentRunner.java:329)
	at org.junit.runners.ParentRunner.access$100(ParentRunner.java:66)
	at org.junit.runners.ParentRunner$2.evaluate(ParentRunner.java:293)
	at org.junit.internal.runners.statements.RunBefores.evaluate(RunBefores.java:26)
	at org.junit.internal.runners.statements.RunAfters.evaluate(RunAfters.java:27)
	at org.junit.runners.ParentRunner$3.evaluate(ParentRunner.java:306)
	at org.junit.runners.ParentRunner.run(ParentRunner.java:413)
	at org.apache.maven.surefire.junit4.JUnit4Provider.execute(JUnit4Provider.java:316)
	at org.apache.maven.surefire.junit4.JUnit4Provider.executeWithRerun(JUnit4Provider.java:240)
	at org.apache.maven.surefire.junit4.JUnit4Provider.executeTestSet(JUnit4Provider.java:214)
	at org.apache.maven.surefire.junit4.JUnit4Provider.invoke(JUnit4Provider.java:155)
	at org.apache.maven.surefire.booter.ForkedBooter.runSuitesInProcess(ForkedBooter.java:385)
	at org.apache.maven.surefire.booter.ForkedBooter.execute(ForkedBooter.java:162)
	at org.apache.maven.surefire.booter.ForkedBooter.run(ForkedBooter.java:507)
	at org.apache.maven.surefire.booter.ForkedBooter.main(ForkedBooter.java:495)
]]></system-err>
  </testcase>
  <testcase name="test18" classname="org.apache.avro.file.DataFileWriter_ESTest" time="0.18">
    <system-err><![CDATA[java.lang.SecurityException: Security manager blocks ("java.lang.RuntimePermission" "loadLibrary./tmp/snappy-1.1.8-00000000-0100-4000-8200-000003000000-libsnappyjava.so")
java.lang.Thread.getStackTrace(Thread.java:1564)
org.evosuite.runtime.sandbox.MSecurityManager.checkPermission(MSecurityManager.java:424)
java.lang.SecurityManager.checkLink(SecurityManager.java:835)
java.lang.Runtime.load0(Runtime.java:776)
java.lang.System.load(System.java:1100)
org.xerial.snappy.SnappyLoader.loadNativeLibrary(SnappyLoader.java:198)
org.xerial.snappy.SnappyLoader.loadSnappyApi(SnappyLoader.java:167)
org.xerial.snappy.Snappy.init(Snappy.java:69)
org.xerial.snappy.Snappy.__STATIC_RESET(Snappy.java:46)
sun.reflect.GeneratedMethodAccessor21.invoke(Unknown Source)
sun.reflect.DelegatingMethodAccessorImpl.invoke(DelegatingMethodAccessorImpl.java:43)
java.lang.reflect.Method.invoke(Method.java:498)
org.evosuite.runtime.classhandling.ClassResetter.reset(ClassResetter.java:159)
org.evosuite.runtime.classhandling.ClassStateSupport.resetClasses(ClassStateSupport.java:137)
org.apache.avro.file.DataFileWriter_ESTest_scaffolding.resetClasses(DataFileWriter_ESTest_scaffolding.java:644)
org.apache.avro.file.DataFileWriter_ESTest_scaffolding.doneWithTestCase(DataFileWriter_ESTest_scaffolding.java:68)
sun.reflect.GeneratedMethodAccessor5.invoke(Unknown Source)
sun.reflect.DelegatingMethodAccessorImpl.invoke(DelegatingMethodAccessorImpl.java:43)
java.lang.reflect.Method.invoke(Method.java:498)
org.junit.runners.model.FrameworkMethod$1.runReflectiveCall(FrameworkMethod.java:59)
org.junit.internal.runners.model.ReflectiveCallable.run(ReflectiveCallable.java:12)
org.junit.runners.model.FrameworkMethod.invokeExplosively(FrameworkMethod.java:56)
org.junit.internal.runners.statements.RunAfters.invokeMethod(RunAfters.java:46)
org.junit.internal.runners.statements.RunAfters.evaluate(RunAfters.java:33)
org.evosuite.runtime.vnet.NonFunctionalRequirementRule$1.evaluate(NonFunctionalRequirementRule.java:41)
org.junit.runners.ParentRunner$3.evaluate(ParentRunner.java:306)
org.junit.runners.BlockJUnit4ClassRunner$1.evaluate(BlockJUnit4ClassRunner.java:100)
org.junit.runners.ParentRunner.runLeaf(ParentRunner.java:366)
org.junit.runners.BlockJUnit4ClassRunner.runChild(BlockJUnit4ClassRunner.java:103)
org.junit.runners.BlockJUnit4ClassRunner.runChild(BlockJUnit4ClassRunner.java:63)
org.junit.runners.ParentRunner$4.run(ParentRunner.java:331)
org.junit.runners.ParentRunner$1.schedule(ParentRunner.java:79)
org.junit.runners.ParentRunner.runChildren(ParentRunner.java:329)
org.junit.runners.ParentRunner.access$100(ParentRunner.java:66)
org.junit.runners.ParentRunner$2.evaluate(ParentRunner.java:293)
org.junit.internal.runners.statements.RunBefores.evaluate(RunBefores.java:26)
org.junit.internal.runners.statements.RunAfters.evaluate(RunAfters.java:27)
org.junit.runners.ParentRunner$3.evaluate(ParentRunner.java:306)
org.junit.runners.ParentRunner.run(ParentRunner.java:413)
org.apache.maven.surefire.junit4.JUnit4Provider.execute(JUnit4Provider.java:316)
org.apache.maven.surefire.junit4.JUnit4Provider.executeWithRerun(JUnit4Provider.java:240)
org.apache.maven.surefire.junit4.JUnit4Provider.executeTestSet(JUnit4Provider.java:214)
org.apache.maven.surefire.junit4.JUnit4Provider.invoke(JUnit4Provider.java:155)
org.apache.maven.surefire.booter.ForkedBooter.runSuitesInProcess(ForkedBooter.java:385)
org.apache.maven.surefire.booter.ForkedBooter.execute(ForkedBooter.java:162)
org.apache.maven.surefire.booter.ForkedBooter.run(ForkedBooter.java:507)
org.apache.maven.surefire.booter.ForkedBooter.main(ForkedBooter.java:495)

	at org.evosuite.runtime.sandbox.MSecurityManager.checkPermission(MSecurityManager.java:436)
	at java.lang.SecurityManager.checkLink(SecurityManager.java:835)
	at java.lang.Runtime.load0(Runtime.java:776)
	at java.lang.System.load(System.java:1100)
	at org.xerial.snappy.SnappyLoader.loadNativeLibrary(SnappyLoader.java:198)
	at org.xerial.snappy.SnappyLoader.loadSnappyApi(SnappyLoader.java:167)
	at org.xerial.snappy.Snappy.init(Snappy.java:69)
	at org.xerial.snappy.Snappy.__STATIC_RESET(Snappy.java:46)
	at sun.reflect.GeneratedMethodAccessor21.invoke(Unknown Source)
	at sun.reflect.DelegatingMethodAccessorImpl.invoke(DelegatingMethodAccessorImpl.java:43)
	at java.lang.reflect.Method.invoke(Method.java:498)
	at org.evosuite.runtime.classhandling.ClassResetter.reset(ClassResetter.java:159)
	at org.evosuite.runtime.classhandling.ClassStateSupport.resetClasses(ClassStateSupport.java:137)
	at org.apache.avro.file.DataFileWriter_ESTest_scaffolding.resetClasses(DataFileWriter_ESTest_scaffolding.java:644)
	at org.apache.avro.file.DataFileWriter_ESTest_scaffolding.doneWithTestCase(DataFileWriter_ESTest_scaffolding.java:68)
	at sun.reflect.GeneratedMethodAccessor5.invoke(Unknown Source)
	at sun.reflect.DelegatingMethodAccessorImpl.invoke(DelegatingMethodAccessorImpl.java:43)
	at java.lang.reflect.Method.invoke(Method.java:498)
	at org.junit.runners.model.FrameworkMethod$1.runReflectiveCall(FrameworkMethod.java:59)
	at org.junit.internal.runners.model.ReflectiveCallable.run(ReflectiveCallable.java:12)
	at org.junit.runners.model.FrameworkMethod.invokeExplosively(FrameworkMethod.java:56)
	at org.junit.internal.runners.statements.RunAfters.invokeMethod(RunAfters.java:46)
	at org.junit.internal.runners.statements.RunAfters.evaluate(RunAfters.java:33)
	at org.evosuite.runtime.vnet.NonFunctionalRequirementRule$1.evaluate(NonFunctionalRequirementRule.java:41)
	at org.junit.runners.ParentRunner$3.evaluate(ParentRunner.java:306)
	at org.junit.runners.BlockJUnit4ClassRunner$1.evaluate(BlockJUnit4ClassRunner.java:100)
	at org.junit.runners.ParentRunner.runLeaf(ParentRunner.java:366)
	at org.junit.runners.BlockJUnit4ClassRunner.runChild(BlockJUnit4ClassRunner.java:103)
	at org.junit.runners.BlockJUnit4ClassRunner.runChild(BlockJUnit4ClassRunner.java:63)
	at org.junit.runners.ParentRunner$4.run(ParentRunner.java:331)
	at org.junit.runners.ParentRunner$1.schedule(ParentRunner.java:79)
	at org.junit.runners.ParentRunner.runChildren(ParentRunner.java:329)
	at org.junit.runners.ParentRunner.access$100(ParentRunner.java:66)
	at org.junit.runners.ParentRunner$2.evaluate(ParentRunner.java:293)
	at org.junit.internal.runners.statements.RunBefores.evaluate(RunBefores.java:26)
	at org.junit.internal.runners.statements.RunAfters.evaluate(RunAfters.java:27)
	at org.junit.runners.ParentRunner$3.evaluate(ParentRunner.java:306)
	at org.junit.runners.ParentRunner.run(ParentRunner.java:413)
	at org.apache.maven.surefire.junit4.JUnit4Provider.execute(JUnit4Provider.java:316)
	at org.apache.maven.surefire.junit4.JUnit4Provider.executeWithRerun(JUnit4Provider.java:240)
	at org.apache.maven.surefire.junit4.JUnit4Provider.executeTestSet(JUnit4Provider.java:214)
	at org.apache.maven.surefire.junit4.JUnit4Provider.invoke(JUnit4Provider.java:155)
	at org.apache.maven.surefire.booter.ForkedBooter.runSuitesInProcess(ForkedBooter.java:385)
	at org.apache.maven.surefire.booter.ForkedBooter.execute(ForkedBooter.java:162)
	at org.apache.maven.surefire.booter.ForkedBooter.run(ForkedBooter.java:507)
	at org.apache.maven.surefire.booter.ForkedBooter.main(ForkedBooter.java:495)
]]></system-err>
  </testcase>
  <testcase name="test15" classname="org.apache.avro.file.DataFileWriter_ESTest" time="0.174">
    <system-err><![CDATA[java.lang.SecurityException: Security manager blocks ("java.lang.RuntimePermission" "loadLibrary./tmp/snappy-1.1.8-00000000-0100-4000-8200-000003000000-libsnappyjava.so")
java.lang.Thread.getStackTrace(Thread.java:1564)
org.evosuite.runtime.sandbox.MSecurityManager.checkPermission(MSecurityManager.java:424)
java.lang.SecurityManager.checkLink(SecurityManager.java:835)
java.lang.Runtime.load0(Runtime.java:776)
java.lang.System.load(System.java:1100)
org.xerial.snappy.SnappyLoader.loadNativeLibrary(SnappyLoader.java:198)
org.xerial.snappy.SnappyLoader.loadSnappyApi(SnappyLoader.java:167)
org.xerial.snappy.Snappy.init(Snappy.java:69)
org.xerial.snappy.Snappy.__STATIC_RESET(Snappy.java:46)
sun.reflect.GeneratedMethodAccessor21.invoke(Unknown Source)
sun.reflect.DelegatingMethodAccessorImpl.invoke(DelegatingMethodAccessorImpl.java:43)
java.lang.reflect.Method.invoke(Method.java:498)
org.evosuite.runtime.classhandling.ClassResetter.reset(ClassResetter.java:159)
org.evosuite.runtime.classhandling.ClassStateSupport.resetClasses(ClassStateSupport.java:137)
org.apache.avro.file.DataFileWriter_ESTest_scaffolding.resetClasses(DataFileWriter_ESTest_scaffolding.java:644)
org.apache.avro.file.DataFileWriter_ESTest_scaffolding.doneWithTestCase(DataFileWriter_ESTest_scaffolding.java:68)
sun.reflect.GeneratedMethodAccessor5.invoke(Unknown Source)
sun.reflect.DelegatingMethodAccessorImpl.invoke(DelegatingMethodAccessorImpl.java:43)
java.lang.reflect.Method.invoke(Method.java:498)
org.junit.runners.model.FrameworkMethod$1.runReflectiveCall(FrameworkMethod.java:59)
org.junit.internal.runners.model.ReflectiveCallable.run(ReflectiveCallable.java:12)
org.junit.runners.model.FrameworkMethod.invokeExplosively(FrameworkMethod.java:56)
org.junit.internal.runners.statements.RunAfters.invokeMethod(RunAfters.java:46)
org.junit.internal.runners.statements.RunAfters.evaluate(RunAfters.java:33)
org.evosuite.runtime.vnet.NonFunctionalRequirementRule$1.evaluate(NonFunctionalRequirementRule.java:41)
org.junit.runners.ParentRunner$3.evaluate(ParentRunner.java:306)
org.junit.runners.BlockJUnit4ClassRunner$1.evaluate(BlockJUnit4ClassRunner.java:100)
org.junit.runners.ParentRunner.runLeaf(ParentRunner.java:366)
org.junit.runners.BlockJUnit4ClassRunner.runChild(BlockJUnit4ClassRunner.java:103)
org.junit.runners.BlockJUnit4ClassRunner.runChild(BlockJUnit4ClassRunner.java:63)
org.junit.runners.ParentRunner$4.run(ParentRunner.java:331)
org.junit.runners.ParentRunner$1.schedule(ParentRunner.java:79)
org.junit.runners.ParentRunner.runChildren(ParentRunner.java:329)
org.junit.runners.ParentRunner.access$100(ParentRunner.java:66)
org.junit.runners.ParentRunner$2.evaluate(ParentRunner.java:293)
org.junit.internal.runners.statements.RunBefores.evaluate(RunBefores.java:26)
org.junit.internal.runners.statements.RunAfters.evaluate(RunAfters.java:27)
org.junit.runners.ParentRunner$3.evaluate(ParentRunner.java:306)
org.junit.runners.ParentRunner.run(ParentRunner.java:413)
org.apache.maven.surefire.junit4.JUnit4Provider.execute(JUnit4Provider.java:316)
org.apache.maven.surefire.junit4.JUnit4Provider.executeWithRerun(JUnit4Provider.java:240)
org.apache.maven.surefire.junit4.JUnit4Provider.executeTestSet(JUnit4Provider.java:214)
org.apache.maven.surefire.junit4.JUnit4Provider.invoke(JUnit4Provider.java:155)
org.apache.maven.surefire.booter.ForkedBooter.runSuitesInProcess(ForkedBooter.java:385)
org.apache.maven.surefire.booter.ForkedBooter.execute(ForkedBooter.java:162)
org.apache.maven.surefire.booter.ForkedBooter.run(ForkedBooter.java:507)
org.apache.maven.surefire.booter.ForkedBooter.main(ForkedBooter.java:495)

	at org.evosuite.runtime.sandbox.MSecurityManager.checkPermission(MSecurityManager.java:436)
	at java.lang.SecurityManager.checkLink(SecurityManager.java:835)
	at java.lang.Runtime.load0(Runtime.java:776)
	at java.lang.System.load(System.java:1100)
	at org.xerial.snappy.SnappyLoader.loadNativeLibrary(SnappyLoader.java:198)
	at org.xerial.snappy.SnappyLoader.loadSnappyApi(SnappyLoader.java:167)
	at org.xerial.snappy.Snappy.init(Snappy.java:69)
	at org.xerial.snappy.Snappy.__STATIC_RESET(Snappy.java:46)
	at sun.reflect.GeneratedMethodAccessor21.invoke(Unknown Source)
	at sun.reflect.DelegatingMethodAccessorImpl.invoke(DelegatingMethodAccessorImpl.java:43)
	at java.lang.reflect.Method.invoke(Method.java:498)
	at org.evosuite.runtime.classhandling.ClassResetter.reset(ClassResetter.java:159)
	at org.evosuite.runtime.classhandling.ClassStateSupport.resetClasses(ClassStateSupport.java:137)
	at org.apache.avro.file.DataFileWriter_ESTest_scaffolding.resetClasses(DataFileWriter_ESTest_scaffolding.java:644)
	at org.apache.avro.file.DataFileWriter_ESTest_scaffolding.doneWithTestCase(DataFileWriter_ESTest_scaffolding.java:68)
	at sun.reflect.GeneratedMethodAccessor5.invoke(Unknown Source)
	at sun.reflect.DelegatingMethodAccessorImpl.invoke(DelegatingMethodAccessorImpl.java:43)
	at java.lang.reflect.Method.invoke(Method.java:498)
	at org.junit.runners.model.FrameworkMethod$1.runReflectiveCall(FrameworkMethod.java:59)
	at org.junit.internal.runners.model.ReflectiveCallable.run(ReflectiveCallable.java:12)
	at org.junit.runners.model.FrameworkMethod.invokeExplosively(FrameworkMethod.java:56)
	at org.junit.internal.runners.statements.RunAfters.invokeMethod(RunAfters.java:46)
	at org.junit.internal.runners.statements.RunAfters.evaluate(RunAfters.java:33)
	at org.evosuite.runtime.vnet.NonFunctionalRequirementRule$1.evaluate(NonFunctionalRequirementRule.java:41)
	at org.junit.runners.ParentRunner$3.evaluate(ParentRunner.java:306)
	at org.junit.runners.BlockJUnit4ClassRunner$1.evaluate(BlockJUnit4ClassRunner.java:100)
	at org.junit.runners.ParentRunner.runLeaf(ParentRunner.java:366)
	at org.junit.runners.BlockJUnit4ClassRunner.runChild(BlockJUnit4ClassRunner.java:103)
	at org.junit.runners.BlockJUnit4ClassRunner.runChild(BlockJUnit4ClassRunner.java:63)
	at org.junit.runners.ParentRunner$4.run(ParentRunner.java:331)
	at org.junit.runners.ParentRunner$1.schedule(ParentRunner.java:79)
	at org.junit.runners.ParentRunner.runChildren(ParentRunner.java:329)
	at org.junit.runners.ParentRunner.access$100(ParentRunner.java:66)
	at org.junit.runners.ParentRunner$2.evaluate(ParentRunner.java:293)
	at org.junit.internal.runners.statements.RunBefores.evaluate(RunBefores.java:26)
	at org.junit.internal.runners.statements.RunAfters.evaluate(RunAfters.java:27)
	at org.junit.runners.ParentRunner$3.evaluate(ParentRunner.java:306)
	at org.junit.runners.ParentRunner.run(ParentRunner.java:413)
	at org.apache.maven.surefire.junit4.JUnit4Provider.execute(JUnit4Provider.java:316)
	at org.apache.maven.surefire.junit4.JUnit4Provider.executeWithRerun(JUnit4Provider.java:240)
	at org.apache.maven.surefire.junit4.JUnit4Provider.executeTestSet(JUnit4Provider.java:214)
	at org.apache.maven.surefire.junit4.JUnit4Provider.invoke(JUnit4Provider.java:155)
	at org.apache.maven.surefire.booter.ForkedBooter.runSuitesInProcess(ForkedBooter.java:385)
	at org.apache.maven.surefire.booter.ForkedBooter.execute(ForkedBooter.java:162)
	at org.apache.maven.surefire.booter.ForkedBooter.run(ForkedBooter.java:507)
	at org.apache.maven.surefire.booter.ForkedBooter.main(ForkedBooter.java:495)
]]></system-err>
  </testcase>
  <testcase name="test59" classname="org.apache.avro.file.DataFileWriter_ESTest" time="0.19">
    <system-err><![CDATA[java.lang.SecurityException: Security manager blocks ("java.lang.RuntimePermission" "loadLibrary./tmp/snappy-1.1.8-00000000-0100-4000-8200-000003000000-libsnappyjava.so")
java.lang.Thread.getStackTrace(Thread.java:1564)
org.evosuite.runtime.sandbox.MSecurityManager.checkPermission(MSecurityManager.java:424)
java.lang.SecurityManager.checkLink(SecurityManager.java:835)
java.lang.Runtime.load0(Runtime.java:776)
java.lang.System.load(System.java:1100)
org.xerial.snappy.SnappyLoader.loadNativeLibrary(SnappyLoader.java:198)
org.xerial.snappy.SnappyLoader.loadSnappyApi(SnappyLoader.java:167)
org.xerial.snappy.Snappy.init(Snappy.java:69)
org.xerial.snappy.Snappy.__STATIC_RESET(Snappy.java:46)
sun.reflect.GeneratedMethodAccessor21.invoke(Unknown Source)
sun.reflect.DelegatingMethodAccessorImpl.invoke(DelegatingMethodAccessorImpl.java:43)
java.lang.reflect.Method.invoke(Method.java:498)
org.evosuite.runtime.classhandling.ClassResetter.reset(ClassResetter.java:159)
org.evosuite.runtime.classhandling.ClassStateSupport.resetClasses(ClassStateSupport.java:137)
org.apache.avro.file.DataFileWriter_ESTest_scaffolding.resetClasses(DataFileWriter_ESTest_scaffolding.java:644)
org.apache.avro.file.DataFileWriter_ESTest_scaffolding.doneWithTestCase(DataFileWriter_ESTest_scaffolding.java:68)
sun.reflect.GeneratedMethodAccessor5.invoke(Unknown Source)
sun.reflect.DelegatingMethodAccessorImpl.invoke(DelegatingMethodAccessorImpl.java:43)
java.lang.reflect.Method.invoke(Method.java:498)
org.junit.runners.model.FrameworkMethod$1.runReflectiveCall(FrameworkMethod.java:59)
org.junit.internal.runners.model.ReflectiveCallable.run(ReflectiveCallable.java:12)
org.junit.runners.model.FrameworkMethod.invokeExplosively(FrameworkMethod.java:56)
org.junit.internal.runners.statements.RunAfters.invokeMethod(RunAfters.java:46)
org.junit.internal.runners.statements.RunAfters.evaluate(RunAfters.java:33)
org.evosuite.runtime.vnet.NonFunctionalRequirementRule$1.evaluate(NonFunctionalRequirementRule.java:41)
org.junit.runners.ParentRunner$3.evaluate(ParentRunner.java:306)
org.junit.runners.BlockJUnit4ClassRunner$1.evaluate(BlockJUnit4ClassRunner.java:100)
org.junit.runners.ParentRunner.runLeaf(ParentRunner.java:366)
org.junit.runners.BlockJUnit4ClassRunner.runChild(BlockJUnit4ClassRunner.java:103)
org.junit.runners.BlockJUnit4ClassRunner.runChild(BlockJUnit4ClassRunner.java:63)
org.junit.runners.ParentRunner$4.run(ParentRunner.java:331)
org.junit.runners.ParentRunner$1.schedule(ParentRunner.java:79)
org.junit.runners.ParentRunner.runChildren(ParentRunner.java:329)
org.junit.runners.ParentRunner.access$100(ParentRunner.java:66)
org.junit.runners.ParentRunner$2.evaluate(ParentRunner.java:293)
org.junit.internal.runners.statements.RunBefores.evaluate(RunBefores.java:26)
org.junit.internal.runners.statements.RunAfters.evaluate(RunAfters.java:27)
org.junit.runners.ParentRunner$3.evaluate(ParentRunner.java:306)
org.junit.runners.ParentRunner.run(ParentRunner.java:413)
org.apache.maven.surefire.junit4.JUnit4Provider.execute(JUnit4Provider.java:316)
org.apache.maven.surefire.junit4.JUnit4Provider.executeWithRerun(JUnit4Provider.java:240)
org.apache.maven.surefire.junit4.JUnit4Provider.executeTestSet(JUnit4Provider.java:214)
org.apache.maven.surefire.junit4.JUnit4Provider.invoke(JUnit4Provider.java:155)
org.apache.maven.surefire.booter.ForkedBooter.runSuitesInProcess(ForkedBooter.java:385)
org.apache.maven.surefire.booter.ForkedBooter.execute(ForkedBooter.java:162)
org.apache.maven.surefire.booter.ForkedBooter.run(ForkedBooter.java:507)
org.apache.maven.surefire.booter.ForkedBooter.main(ForkedBooter.java:495)

	at org.evosuite.runtime.sandbox.MSecurityManager.checkPermission(MSecurityManager.java:436)
	at java.lang.SecurityManager.checkLink(SecurityManager.java:835)
	at java.lang.Runtime.load0(Runtime.java:776)
	at java.lang.System.load(System.java:1100)
	at org.xerial.snappy.SnappyLoader.loadNativeLibrary(SnappyLoader.java:198)
	at org.xerial.snappy.SnappyLoader.loadSnappyApi(SnappyLoader.java:167)
	at org.xerial.snappy.Snappy.init(Snappy.java:69)
	at org.xerial.snappy.Snappy.__STATIC_RESET(Snappy.java:46)
	at sun.reflect.GeneratedMethodAccessor21.invoke(Unknown Source)
	at sun.reflect.DelegatingMethodAccessorImpl.invoke(DelegatingMethodAccessorImpl.java:43)
	at java.lang.reflect.Method.invoke(Method.java:498)
	at org.evosuite.runtime.classhandling.ClassResetter.reset(ClassResetter.java:159)
	at org.evosuite.runtime.classhandling.ClassStateSupport.resetClasses(ClassStateSupport.java:137)
	at org.apache.avro.file.DataFileWriter_ESTest_scaffolding.resetClasses(DataFileWriter_ESTest_scaffolding.java:644)
	at org.apache.avro.file.DataFileWriter_ESTest_scaffolding.doneWithTestCase(DataFileWriter_ESTest_scaffolding.java:68)
	at sun.reflect.GeneratedMethodAccessor5.invoke(Unknown Source)
	at sun.reflect.DelegatingMethodAccessorImpl.invoke(DelegatingMethodAccessorImpl.java:43)
	at java.lang.reflect.Method.invoke(Method.java:498)
	at org.junit.runners.model.FrameworkMethod$1.runReflectiveCall(FrameworkMethod.java:59)
	at org.junit.internal.runners.model.ReflectiveCallable.run(ReflectiveCallable.java:12)
	at org.junit.runners.model.FrameworkMethod.invokeExplosively(FrameworkMethod.java:56)
	at org.junit.internal.runners.statements.RunAfters.invokeMethod(RunAfters.java:46)
	at org.junit.internal.runners.statements.RunAfters.evaluate(RunAfters.java:33)
	at org.evosuite.runtime.vnet.NonFunctionalRequirementRule$1.evaluate(NonFunctionalRequirementRule.java:41)
	at org.junit.runners.ParentRunner$3.evaluate(ParentRunner.java:306)
	at org.junit.runners.BlockJUnit4ClassRunner$1.evaluate(BlockJUnit4ClassRunner.java:100)
	at org.junit.runners.ParentRunner.runLeaf(ParentRunner.java:366)
	at org.junit.runners.BlockJUnit4ClassRunner.runChild(BlockJUnit4ClassRunner.java:103)
	at org.junit.runners.BlockJUnit4ClassRunner.runChild(BlockJUnit4ClassRunner.java:63)
	at org.junit.runners.ParentRunner$4.run(ParentRunner.java:331)
	at org.junit.runners.ParentRunner$1.schedule(ParentRunner.java:79)
	at org.junit.runners.ParentRunner.runChildren(ParentRunner.java:329)
	at org.junit.runners.ParentRunner.access$100(ParentRunner.java:66)
	at org.junit.runners.ParentRunner$2.evaluate(ParentRunner.java:293)
	at org.junit.internal.runners.statements.RunBefores.evaluate(RunBefores.java:26)
	at org.junit.internal.runners.statements.RunAfters.evaluate(RunAfters.java:27)
	at org.junit.runners.ParentRunner$3.evaluate(ParentRunner.java:306)
	at org.junit.runners.ParentRunner.run(ParentRunner.java:413)
	at org.apache.maven.surefire.junit4.JUnit4Provider.execute(JUnit4Provider.java:316)
	at org.apache.maven.surefire.junit4.JUnit4Provider.executeWithRerun(JUnit4Provider.java:240)
	at org.apache.maven.surefire.junit4.JUnit4Provider.executeTestSet(JUnit4Provider.java:214)
	at org.apache.maven.surefire.junit4.JUnit4Provider.invoke(JUnit4Provider.java:155)
	at org.apache.maven.surefire.booter.ForkedBooter.runSuitesInProcess(ForkedBooter.java:385)
	at org.apache.maven.surefire.booter.ForkedBooter.execute(ForkedBooter.java:162)
	at org.apache.maven.surefire.booter.ForkedBooter.run(ForkedBooter.java:507)
	at org.apache.maven.surefire.booter.ForkedBooter.main(ForkedBooter.java:495)
]]></system-err>
  </testcase>
  <testcase name="test16" classname="org.apache.avro.file.DataFileWriter_ESTest" time="0.182">
    <system-err><![CDATA[java.lang.SecurityException: Security manager blocks ("java.lang.RuntimePermission" "loadLibrary./tmp/snappy-1.1.8-00000000-0100-4000-8200-000003000000-libsnappyjava.so")
java.lang.Thread.getStackTrace(Thread.java:1564)
org.evosuite.runtime.sandbox.MSecurityManager.checkPermission(MSecurityManager.java:424)
java.lang.SecurityManager.checkLink(SecurityManager.java:835)
java.lang.Runtime.load0(Runtime.java:776)
java.lang.System.load(System.java:1100)
org.xerial.snappy.SnappyLoader.loadNativeLibrary(SnappyLoader.java:198)
org.xerial.snappy.SnappyLoader.loadSnappyApi(SnappyLoader.java:167)
org.xerial.snappy.Snappy.init(Snappy.java:69)
org.xerial.snappy.Snappy.__STATIC_RESET(Snappy.java:46)
sun.reflect.GeneratedMethodAccessor21.invoke(Unknown Source)
sun.reflect.DelegatingMethodAccessorImpl.invoke(DelegatingMethodAccessorImpl.java:43)
java.lang.reflect.Method.invoke(Method.java:498)
org.evosuite.runtime.classhandling.ClassResetter.reset(ClassResetter.java:159)
org.evosuite.runtime.classhandling.ClassStateSupport.resetClasses(ClassStateSupport.java:137)
org.apache.avro.file.DataFileWriter_ESTest_scaffolding.resetClasses(DataFileWriter_ESTest_scaffolding.java:644)
org.apache.avro.file.DataFileWriter_ESTest_scaffolding.doneWithTestCase(DataFileWriter_ESTest_scaffolding.java:68)
sun.reflect.GeneratedMethodAccessor5.invoke(Unknown Source)
sun.reflect.DelegatingMethodAccessorImpl.invoke(DelegatingMethodAccessorImpl.java:43)
java.lang.reflect.Method.invoke(Method.java:498)
org.junit.runners.model.FrameworkMethod$1.runReflectiveCall(FrameworkMethod.java:59)
org.junit.internal.runners.model.ReflectiveCallable.run(ReflectiveCallable.java:12)
org.junit.runners.model.FrameworkMethod.invokeExplosively(FrameworkMethod.java:56)
org.junit.internal.runners.statements.RunAfters.invokeMethod(RunAfters.java:46)
org.junit.internal.runners.statements.RunAfters.evaluate(RunAfters.java:33)
org.evosuite.runtime.vnet.NonFunctionalRequirementRule$1.evaluate(NonFunctionalRequirementRule.java:41)
org.junit.runners.ParentRunner$3.evaluate(ParentRunner.java:306)
org.junit.runners.BlockJUnit4ClassRunner$1.evaluate(BlockJUnit4ClassRunner.java:100)
org.junit.runners.ParentRunner.runLeaf(ParentRunner.java:366)
org.junit.runners.BlockJUnit4ClassRunner.runChild(BlockJUnit4ClassRunner.java:103)
org.junit.runners.BlockJUnit4ClassRunner.runChild(BlockJUnit4ClassRunner.java:63)
org.junit.runners.ParentRunner$4.run(ParentRunner.java:331)
org.junit.runners.ParentRunner$1.schedule(ParentRunner.java:79)
org.junit.runners.ParentRunner.runChildren(ParentRunner.java:329)
org.junit.runners.ParentRunner.access$100(ParentRunner.java:66)
org.junit.runners.ParentRunner$2.evaluate(ParentRunner.java:293)
org.junit.internal.runners.statements.RunBefores.evaluate(RunBefores.java:26)
org.junit.internal.runners.statements.RunAfters.evaluate(RunAfters.java:27)
org.junit.runners.ParentRunner$3.evaluate(ParentRunner.java:306)
org.junit.runners.ParentRunner.run(ParentRunner.java:413)
org.apache.maven.surefire.junit4.JUnit4Provider.execute(JUnit4Provider.java:316)
org.apache.maven.surefire.junit4.JUnit4Provider.executeWithRerun(JUnit4Provider.java:240)
org.apache.maven.surefire.junit4.JUnit4Provider.executeTestSet(JUnit4Provider.java:214)
org.apache.maven.surefire.junit4.JUnit4Provider.invoke(JUnit4Provider.java:155)
org.apache.maven.surefire.booter.ForkedBooter.runSuitesInProcess(ForkedBooter.java:385)
org.apache.maven.surefire.booter.ForkedBooter.execute(ForkedBooter.java:162)
org.apache.maven.surefire.booter.ForkedBooter.run(ForkedBooter.java:507)
org.apache.maven.surefire.booter.ForkedBooter.main(ForkedBooter.java:495)

	at org.evosuite.runtime.sandbox.MSecurityManager.checkPermission(MSecurityManager.java:436)
	at java.lang.SecurityManager.checkLink(SecurityManager.java:835)
	at java.lang.Runtime.load0(Runtime.java:776)
	at java.lang.System.load(System.java:1100)
	at org.xerial.snappy.SnappyLoader.loadNativeLibrary(SnappyLoader.java:198)
	at org.xerial.snappy.SnappyLoader.loadSnappyApi(SnappyLoader.java:167)
	at org.xerial.snappy.Snappy.init(Snappy.java:69)
	at org.xerial.snappy.Snappy.__STATIC_RESET(Snappy.java:46)
	at sun.reflect.GeneratedMethodAccessor21.invoke(Unknown Source)
	at sun.reflect.DelegatingMethodAccessorImpl.invoke(DelegatingMethodAccessorImpl.java:43)
	at java.lang.reflect.Method.invoke(Method.java:498)
	at org.evosuite.runtime.classhandling.ClassResetter.reset(ClassResetter.java:159)
	at org.evosuite.runtime.classhandling.ClassStateSupport.resetClasses(ClassStateSupport.java:137)
	at org.apache.avro.file.DataFileWriter_ESTest_scaffolding.resetClasses(DataFileWriter_ESTest_scaffolding.java:644)
	at org.apache.avro.file.DataFileWriter_ESTest_scaffolding.doneWithTestCase(DataFileWriter_ESTest_scaffolding.java:68)
	at sun.reflect.GeneratedMethodAccessor5.invoke(Unknown Source)
	at sun.reflect.DelegatingMethodAccessorImpl.invoke(DelegatingMethodAccessorImpl.java:43)
	at java.lang.reflect.Method.invoke(Method.java:498)
	at org.junit.runners.model.FrameworkMethod$1.runReflectiveCall(FrameworkMethod.java:59)
	at org.junit.internal.runners.model.ReflectiveCallable.run(ReflectiveCallable.java:12)
	at org.junit.runners.model.FrameworkMethod.invokeExplosively(FrameworkMethod.java:56)
	at org.junit.internal.runners.statements.RunAfters.invokeMethod(RunAfters.java:46)
	at org.junit.internal.runners.statements.RunAfters.evaluate(RunAfters.java:33)
	at org.evosuite.runtime.vnet.NonFunctionalRequirementRule$1.evaluate(NonFunctionalRequirementRule.java:41)
	at org.junit.runners.ParentRunner$3.evaluate(ParentRunner.java:306)
	at org.junit.runners.BlockJUnit4ClassRunner$1.evaluate(BlockJUnit4ClassRunner.java:100)
	at org.junit.runners.ParentRunner.runLeaf(ParentRunner.java:366)
	at org.junit.runners.BlockJUnit4ClassRunner.runChild(BlockJUnit4ClassRunner.java:103)
	at org.junit.runners.BlockJUnit4ClassRunner.runChild(BlockJUnit4ClassRunner.java:63)
	at org.junit.runners.ParentRunner$4.run(ParentRunner.java:331)
	at org.junit.runners.ParentRunner$1.schedule(ParentRunner.java:79)
	at org.junit.runners.ParentRunner.runChildren(ParentRunner.java:329)
	at org.junit.runners.ParentRunner.access$100(ParentRunner.java:66)
	at org.junit.runners.ParentRunner$2.evaluate(ParentRunner.java:293)
	at org.junit.internal.runners.statements.RunBefores.evaluate(RunBefores.java:26)
	at org.junit.internal.runners.statements.RunAfters.evaluate(RunAfters.java:27)
	at org.junit.runners.ParentRunner$3.evaluate(ParentRunner.java:306)
	at org.junit.runners.ParentRunner.run(ParentRunner.java:413)
	at org.apache.maven.surefire.junit4.JUnit4Provider.execute(JUnit4Provider.java:316)
	at org.apache.maven.surefire.junit4.JUnit4Provider.executeWithRerun(JUnit4Provider.java:240)
	at org.apache.maven.surefire.junit4.JUnit4Provider.executeTestSet(JUnit4Provider.java:214)
	at org.apache.maven.surefire.junit4.JUnit4Provider.invoke(JUnit4Provider.java:155)
	at org.apache.maven.surefire.booter.ForkedBooter.runSuitesInProcess(ForkedBooter.java:385)
	at org.apache.maven.surefire.booter.ForkedBooter.execute(ForkedBooter.java:162)
	at org.apache.maven.surefire.booter.ForkedBooter.run(ForkedBooter.java:507)
	at org.apache.maven.surefire.booter.ForkedBooter.main(ForkedBooter.java:495)
]]></system-err>
  </testcase>
  <testcase name="test13" classname="org.apache.avro.file.DataFileWriter_ESTest" time="0.156">
    <system-err><![CDATA[java.lang.SecurityException: Security manager blocks ("java.lang.RuntimePermission" "loadLibrary./tmp/snappy-1.1.8-00000000-0100-4000-8200-000003000000-libsnappyjava.so")
java.lang.Thread.getStackTrace(Thread.java:1564)
org.evosuite.runtime.sandbox.MSecurityManager.checkPermission(MSecurityManager.java:424)
java.lang.SecurityManager.checkLink(SecurityManager.java:835)
java.lang.Runtime.load0(Runtime.java:776)
java.lang.System.load(System.java:1100)
org.xerial.snappy.SnappyLoader.loadNativeLibrary(SnappyLoader.java:198)
org.xerial.snappy.SnappyLoader.loadSnappyApi(SnappyLoader.java:167)
org.xerial.snappy.Snappy.init(Snappy.java:69)
org.xerial.snappy.Snappy.__STATIC_RESET(Snappy.java:46)
sun.reflect.GeneratedMethodAccessor21.invoke(Unknown Source)
sun.reflect.DelegatingMethodAccessorImpl.invoke(DelegatingMethodAccessorImpl.java:43)
java.lang.reflect.Method.invoke(Method.java:498)
org.evosuite.runtime.classhandling.ClassResetter.reset(ClassResetter.java:159)
org.evosuite.runtime.classhandling.ClassStateSupport.resetClasses(ClassStateSupport.java:137)
org.apache.avro.file.DataFileWriter_ESTest_scaffolding.resetClasses(DataFileWriter_ESTest_scaffolding.java:644)
org.apache.avro.file.DataFileWriter_ESTest_scaffolding.doneWithTestCase(DataFileWriter_ESTest_scaffolding.java:68)
sun.reflect.GeneratedMethodAccessor5.invoke(Unknown Source)
sun.reflect.DelegatingMethodAccessorImpl.invoke(DelegatingMethodAccessorImpl.java:43)
java.lang.reflect.Method.invoke(Method.java:498)
org.junit.runners.model.FrameworkMethod$1.runReflectiveCall(FrameworkMethod.java:59)
org.junit.internal.runners.model.ReflectiveCallable.run(ReflectiveCallable.java:12)
org.junit.runners.model.FrameworkMethod.invokeExplosively(FrameworkMethod.java:56)
org.junit.internal.runners.statements.RunAfters.invokeMethod(RunAfters.java:46)
org.junit.internal.runners.statements.RunAfters.evaluate(RunAfters.java:33)
org.evosuite.runtime.vnet.NonFunctionalRequirementRule$1.evaluate(NonFunctionalRequirementRule.java:41)
org.junit.runners.ParentRunner$3.evaluate(ParentRunner.java:306)
org.junit.runners.BlockJUnit4ClassRunner$1.evaluate(BlockJUnit4ClassRunner.java:100)
org.junit.runners.ParentRunner.runLeaf(ParentRunner.java:366)
org.junit.runners.BlockJUnit4ClassRunner.runChild(BlockJUnit4ClassRunner.java:103)
org.junit.runners.BlockJUnit4ClassRunner.runChild(BlockJUnit4ClassRunner.java:63)
org.junit.runners.ParentRunner$4.run(ParentRunner.java:331)
org.junit.runners.ParentRunner$1.schedule(ParentRunner.java:79)
org.junit.runners.ParentRunner.runChildren(ParentRunner.java:329)
org.junit.runners.ParentRunner.access$100(ParentRunner.java:66)
org.junit.runners.ParentRunner$2.evaluate(ParentRunner.java:293)
org.junit.internal.runners.statements.RunBefores.evaluate(RunBefores.java:26)
org.junit.internal.runners.statements.RunAfters.evaluate(RunAfters.java:27)
org.junit.runners.ParentRunner$3.evaluate(ParentRunner.java:306)
org.junit.runners.ParentRunner.run(ParentRunner.java:413)
org.apache.maven.surefire.junit4.JUnit4Provider.execute(JUnit4Provider.java:316)
org.apache.maven.surefire.junit4.JUnit4Provider.executeWithRerun(JUnit4Provider.java:240)
org.apache.maven.surefire.junit4.JUnit4Provider.executeTestSet(JUnit4Provider.java:214)
org.apache.maven.surefire.junit4.JUnit4Provider.invoke(JUnit4Provider.java:155)
org.apache.maven.surefire.booter.ForkedBooter.runSuitesInProcess(ForkedBooter.java:385)
org.apache.maven.surefire.booter.ForkedBooter.execute(ForkedBooter.java:162)
org.apache.maven.surefire.booter.ForkedBooter.run(ForkedBooter.java:507)
org.apache.maven.surefire.booter.ForkedBooter.main(ForkedBooter.java:495)

	at org.evosuite.runtime.sandbox.MSecurityManager.checkPermission(MSecurityManager.java:436)
	at java.lang.SecurityManager.checkLink(SecurityManager.java:835)
	at java.lang.Runtime.load0(Runtime.java:776)
	at java.lang.System.load(System.java:1100)
	at org.xerial.snappy.SnappyLoader.loadNativeLibrary(SnappyLoader.java:198)
	at org.xerial.snappy.SnappyLoader.loadSnappyApi(SnappyLoader.java:167)
	at org.xerial.snappy.Snappy.init(Snappy.java:69)
	at org.xerial.snappy.Snappy.__STATIC_RESET(Snappy.java:46)
	at sun.reflect.GeneratedMethodAccessor21.invoke(Unknown Source)
	at sun.reflect.DelegatingMethodAccessorImpl.invoke(DelegatingMethodAccessorImpl.java:43)
	at java.lang.reflect.Method.invoke(Method.java:498)
	at org.evosuite.runtime.classhandling.ClassResetter.reset(ClassResetter.java:159)
	at org.evosuite.runtime.classhandling.ClassStateSupport.resetClasses(ClassStateSupport.java:137)
	at org.apache.avro.file.DataFileWriter_ESTest_scaffolding.resetClasses(DataFileWriter_ESTest_scaffolding.java:644)
	at org.apache.avro.file.DataFileWriter_ESTest_scaffolding.doneWithTestCase(DataFileWriter_ESTest_scaffolding.java:68)
	at sun.reflect.GeneratedMethodAccessor5.invoke(Unknown Source)
	at sun.reflect.DelegatingMethodAccessorImpl.invoke(DelegatingMethodAccessorImpl.java:43)
	at java.lang.reflect.Method.invoke(Method.java:498)
	at org.junit.runners.model.FrameworkMethod$1.runReflectiveCall(FrameworkMethod.java:59)
	at org.junit.internal.runners.model.ReflectiveCallable.run(ReflectiveCallable.java:12)
	at org.junit.runners.model.FrameworkMethod.invokeExplosively(FrameworkMethod.java:56)
	at org.junit.internal.runners.statements.RunAfters.invokeMethod(RunAfters.java:46)
	at org.junit.internal.runners.statements.RunAfters.evaluate(RunAfters.java:33)
	at org.evosuite.runtime.vnet.NonFunctionalRequirementRule$1.evaluate(NonFunctionalRequirementRule.java:41)
	at org.junit.runners.ParentRunner$3.evaluate(ParentRunner.java:306)
	at org.junit.runners.BlockJUnit4ClassRunner$1.evaluate(BlockJUnit4ClassRunner.java:100)
	at org.junit.runners.ParentRunner.runLeaf(ParentRunner.java:366)
	at org.junit.runners.BlockJUnit4ClassRunner.runChild(BlockJUnit4ClassRunner.java:103)
	at org.junit.runners.BlockJUnit4ClassRunner.runChild(BlockJUnit4ClassRunner.java:63)
	at org.junit.runners.ParentRunner$4.run(ParentRunner.java:331)
	at org.junit.runners.ParentRunner$1.schedule(ParentRunner.java:79)
	at org.junit.runners.ParentRunner.runChildren(ParentRunner.java:329)
	at org.junit.runners.ParentRunner.access$100(ParentRunner.java:66)
	at org.junit.runners.ParentRunner$2.evaluate(ParentRunner.java:293)
	at org.junit.internal.runners.statements.RunBefores.evaluate(RunBefores.java:26)
	at org.junit.internal.runners.statements.RunAfters.evaluate(RunAfters.java:27)
	at org.junit.runners.ParentRunner$3.evaluate(ParentRunner.java:306)
	at org.junit.runners.ParentRunner.run(ParentRunner.java:413)
	at org.apache.maven.surefire.junit4.JUnit4Provider.execute(JUnit4Provider.java:316)
	at org.apache.maven.surefire.junit4.JUnit4Provider.executeWithRerun(JUnit4Provider.java:240)
	at org.apache.maven.surefire.junit4.JUnit4Provider.executeTestSet(JUnit4Provider.java:214)
	at org.apache.maven.surefire.junit4.JUnit4Provider.invoke(JUnit4Provider.java:155)
	at org.apache.maven.surefire.booter.ForkedBooter.runSuitesInProcess(ForkedBooter.java:385)
	at org.apache.maven.surefire.booter.ForkedBooter.execute(ForkedBooter.java:162)
	at org.apache.maven.surefire.booter.ForkedBooter.run(ForkedBooter.java:507)
	at org.apache.maven.surefire.booter.ForkedBooter.main(ForkedBooter.java:495)
]]></system-err>
  </testcase>
  <testcase name="test57" classname="org.apache.avro.file.DataFileWriter_ESTest" time="0.202">
    <system-err><![CDATA[java.lang.SecurityException: Security manager blocks ("java.lang.RuntimePermission" "loadLibrary./tmp/snappy-1.1.8-00000000-0100-4000-8200-000003000000-libsnappyjava.so")
java.lang.Thread.getStackTrace(Thread.java:1564)
org.evosuite.runtime.sandbox.MSecurityManager.checkPermission(MSecurityManager.java:424)
java.lang.SecurityManager.checkLink(SecurityManager.java:835)
java.lang.Runtime.load0(Runtime.java:776)
java.lang.System.load(System.java:1100)
org.xerial.snappy.SnappyLoader.loadNativeLibrary(SnappyLoader.java:198)
org.xerial.snappy.SnappyLoader.loadSnappyApi(SnappyLoader.java:167)
org.xerial.snappy.Snappy.init(Snappy.java:69)
org.xerial.snappy.Snappy.__STATIC_RESET(Snappy.java:46)
sun.reflect.GeneratedMethodAccessor21.invoke(Unknown Source)
sun.reflect.DelegatingMethodAccessorImpl.invoke(DelegatingMethodAccessorImpl.java:43)
java.lang.reflect.Method.invoke(Method.java:498)
org.evosuite.runtime.classhandling.ClassResetter.reset(ClassResetter.java:159)
org.evosuite.runtime.classhandling.ClassStateSupport.resetClasses(ClassStateSupport.java:137)
org.apache.avro.file.DataFileWriter_ESTest_scaffolding.resetClasses(DataFileWriter_ESTest_scaffolding.java:644)
org.apache.avro.file.DataFileWriter_ESTest_scaffolding.doneWithTestCase(DataFileWriter_ESTest_scaffolding.java:68)
sun.reflect.GeneratedMethodAccessor5.invoke(Unknown Source)
sun.reflect.DelegatingMethodAccessorImpl.invoke(DelegatingMethodAccessorImpl.java:43)
java.lang.reflect.Method.invoke(Method.java:498)
org.junit.runners.model.FrameworkMethod$1.runReflectiveCall(FrameworkMethod.java:59)
org.junit.internal.runners.model.ReflectiveCallable.run(ReflectiveCallable.java:12)
org.junit.runners.model.FrameworkMethod.invokeExplosively(FrameworkMethod.java:56)
org.junit.internal.runners.statements.RunAfters.invokeMethod(RunAfters.java:46)
org.junit.internal.runners.statements.RunAfters.evaluate(RunAfters.java:33)
org.evosuite.runtime.vnet.NonFunctionalRequirementRule$1.evaluate(NonFunctionalRequirementRule.java:41)
org.junit.runners.ParentRunner$3.evaluate(ParentRunner.java:306)
org.junit.runners.BlockJUnit4ClassRunner$1.evaluate(BlockJUnit4ClassRunner.java:100)
org.junit.runners.ParentRunner.runLeaf(ParentRunner.java:366)
org.junit.runners.BlockJUnit4ClassRunner.runChild(BlockJUnit4ClassRunner.java:103)
org.junit.runners.BlockJUnit4ClassRunner.runChild(BlockJUnit4ClassRunner.java:63)
org.junit.runners.ParentRunner$4.run(ParentRunner.java:331)
org.junit.runners.ParentRunner$1.schedule(ParentRunner.java:79)
org.junit.runners.ParentRunner.runChildren(ParentRunner.java:329)
org.junit.runners.ParentRunner.access$100(ParentRunner.java:66)
org.junit.runners.ParentRunner$2.evaluate(ParentRunner.java:293)
org.junit.internal.runners.statements.RunBefores.evaluate(RunBefores.java:26)
org.junit.internal.runners.statements.RunAfters.evaluate(RunAfters.java:27)
org.junit.runners.ParentRunner$3.evaluate(ParentRunner.java:306)
org.junit.runners.ParentRunner.run(ParentRunner.java:413)
org.apache.maven.surefire.junit4.JUnit4Provider.execute(JUnit4Provider.java:316)
org.apache.maven.surefire.junit4.JUnit4Provider.executeWithRerun(JUnit4Provider.java:240)
org.apache.maven.surefire.junit4.JUnit4Provider.executeTestSet(JUnit4Provider.java:214)
org.apache.maven.surefire.junit4.JUnit4Provider.invoke(JUnit4Provider.java:155)
org.apache.maven.surefire.booter.ForkedBooter.runSuitesInProcess(ForkedBooter.java:385)
org.apache.maven.surefire.booter.ForkedBooter.execute(ForkedBooter.java:162)
org.apache.maven.surefire.booter.ForkedBooter.run(ForkedBooter.java:507)
org.apache.maven.surefire.booter.ForkedBooter.main(ForkedBooter.java:495)

	at org.evosuite.runtime.sandbox.MSecurityManager.checkPermission(MSecurityManager.java:436)
	at java.lang.SecurityManager.checkLink(SecurityManager.java:835)
	at java.lang.Runtime.load0(Runtime.java:776)
	at java.lang.System.load(System.java:1100)
	at org.xerial.snappy.SnappyLoader.loadNativeLibrary(SnappyLoader.java:198)
	at org.xerial.snappy.SnappyLoader.loadSnappyApi(SnappyLoader.java:167)
	at org.xerial.snappy.Snappy.init(Snappy.java:69)
	at org.xerial.snappy.Snappy.__STATIC_RESET(Snappy.java:46)
	at sun.reflect.GeneratedMethodAccessor21.invoke(Unknown Source)
	at sun.reflect.DelegatingMethodAccessorImpl.invoke(DelegatingMethodAccessorImpl.java:43)
	at java.lang.reflect.Method.invoke(Method.java:498)
	at org.evosuite.runtime.classhandling.ClassResetter.reset(ClassResetter.java:159)
	at org.evosuite.runtime.classhandling.ClassStateSupport.resetClasses(ClassStateSupport.java:137)
	at org.apache.avro.file.DataFileWriter_ESTest_scaffolding.resetClasses(DataFileWriter_ESTest_scaffolding.java:644)
	at org.apache.avro.file.DataFileWriter_ESTest_scaffolding.doneWithTestCase(DataFileWriter_ESTest_scaffolding.java:68)
	at sun.reflect.GeneratedMethodAccessor5.invoke(Unknown Source)
	at sun.reflect.DelegatingMethodAccessorImpl.invoke(DelegatingMethodAccessorImpl.java:43)
	at java.lang.reflect.Method.invoke(Method.java:498)
	at org.junit.runners.model.FrameworkMethod$1.runReflectiveCall(FrameworkMethod.java:59)
	at org.junit.internal.runners.model.ReflectiveCallable.run(ReflectiveCallable.java:12)
	at org.junit.runners.model.FrameworkMethod.invokeExplosively(FrameworkMethod.java:56)
	at org.junit.internal.runners.statements.RunAfters.invokeMethod(RunAfters.java:46)
	at org.junit.internal.runners.statements.RunAfters.evaluate(RunAfters.java:33)
	at org.evosuite.runtime.vnet.NonFunctionalRequirementRule$1.evaluate(NonFunctionalRequirementRule.java:41)
	at org.junit.runners.ParentRunner$3.evaluate(ParentRunner.java:306)
	at org.junit.runners.BlockJUnit4ClassRunner$1.evaluate(BlockJUnit4ClassRunner.java:100)
	at org.junit.runners.ParentRunner.runLeaf(ParentRunner.java:366)
	at org.junit.runners.BlockJUnit4ClassRunner.runChild(BlockJUnit4ClassRunner.java:103)
	at org.junit.runners.BlockJUnit4ClassRunner.runChild(BlockJUnit4ClassRunner.java:63)
	at org.junit.runners.ParentRunner$4.run(ParentRunner.java:331)
	at org.junit.runners.ParentRunner$1.schedule(ParentRunner.java:79)
	at org.junit.runners.ParentRunner.runChildren(ParentRunner.java:329)
	at org.junit.runners.ParentRunner.access$100(ParentRunner.java:66)
	at org.junit.runners.ParentRunner$2.evaluate(ParentRunner.java:293)
	at org.junit.internal.runners.statements.RunBefores.evaluate(RunBefores.java:26)
	at org.junit.internal.runners.statements.RunAfters.evaluate(RunAfters.java:27)
	at org.junit.runners.ParentRunner$3.evaluate(ParentRunner.java:306)
	at org.junit.runners.ParentRunner.run(ParentRunner.java:413)
	at org.apache.maven.surefire.junit4.JUnit4Provider.execute(JUnit4Provider.java:316)
	at org.apache.maven.surefire.junit4.JUnit4Provider.executeWithRerun(JUnit4Provider.java:240)
	at org.apache.maven.surefire.junit4.JUnit4Provider.executeTestSet(JUnit4Provider.java:214)
	at org.apache.maven.surefire.junit4.JUnit4Provider.invoke(JUnit4Provider.java:155)
	at org.apache.maven.surefire.booter.ForkedBooter.runSuitesInProcess(ForkedBooter.java:385)
	at org.apache.maven.surefire.booter.ForkedBooter.execute(ForkedBooter.java:162)
	at org.apache.maven.surefire.booter.ForkedBooter.run(ForkedBooter.java:507)
	at org.apache.maven.surefire.booter.ForkedBooter.main(ForkedBooter.java:495)
]]></system-err>
  </testcase>
  <testcase name="test14" classname="org.apache.avro.file.DataFileWriter_ESTest" time="0.185">
    <system-err><![CDATA[java.lang.SecurityException: Security manager blocks ("java.lang.RuntimePermission" "loadLibrary./tmp/snappy-1.1.8-00000000-0100-4000-8200-000003000000-libsnappyjava.so")
java.lang.Thread.getStackTrace(Thread.java:1564)
org.evosuite.runtime.sandbox.MSecurityManager.checkPermission(MSecurityManager.java:424)
java.lang.SecurityManager.checkLink(SecurityManager.java:835)
java.lang.Runtime.load0(Runtime.java:776)
java.lang.System.load(System.java:1100)
org.xerial.snappy.SnappyLoader.loadNativeLibrary(SnappyLoader.java:198)
org.xerial.snappy.SnappyLoader.loadSnappyApi(SnappyLoader.java:167)
org.xerial.snappy.Snappy.init(Snappy.java:69)
org.xerial.snappy.Snappy.__STATIC_RESET(Snappy.java:46)
sun.reflect.GeneratedMethodAccessor21.invoke(Unknown Source)
sun.reflect.DelegatingMethodAccessorImpl.invoke(DelegatingMethodAccessorImpl.java:43)
java.lang.reflect.Method.invoke(Method.java:498)
org.evosuite.runtime.classhandling.ClassResetter.reset(ClassResetter.java:159)
org.evosuite.runtime.classhandling.ClassStateSupport.resetClasses(ClassStateSupport.java:137)
org.apache.avro.file.DataFileWriter_ESTest_scaffolding.resetClasses(DataFileWriter_ESTest_scaffolding.java:644)
org.apache.avro.file.DataFileWriter_ESTest_scaffolding.doneWithTestCase(DataFileWriter_ESTest_scaffolding.java:68)
sun.reflect.GeneratedMethodAccessor5.invoke(Unknown Source)
sun.reflect.DelegatingMethodAccessorImpl.invoke(DelegatingMethodAccessorImpl.java:43)
java.lang.reflect.Method.invoke(Method.java:498)
org.junit.runners.model.FrameworkMethod$1.runReflectiveCall(FrameworkMethod.java:59)
org.junit.internal.runners.model.ReflectiveCallable.run(ReflectiveCallable.java:12)
org.junit.runners.model.FrameworkMethod.invokeExplosively(FrameworkMethod.java:56)
org.junit.internal.runners.statements.RunAfters.invokeMethod(RunAfters.java:46)
org.junit.internal.runners.statements.RunAfters.evaluate(RunAfters.java:33)
org.evosuite.runtime.vnet.NonFunctionalRequirementRule$1.evaluate(NonFunctionalRequirementRule.java:41)
org.junit.runners.ParentRunner$3.evaluate(ParentRunner.java:306)
org.junit.runners.BlockJUnit4ClassRunner$1.evaluate(BlockJUnit4ClassRunner.java:100)
org.junit.runners.ParentRunner.runLeaf(ParentRunner.java:366)
org.junit.runners.BlockJUnit4ClassRunner.runChild(BlockJUnit4ClassRunner.java:103)
org.junit.runners.BlockJUnit4ClassRunner.runChild(BlockJUnit4ClassRunner.java:63)
org.junit.runners.ParentRunner$4.run(ParentRunner.java:331)
org.junit.runners.ParentRunner$1.schedule(ParentRunner.java:79)
org.junit.runners.ParentRunner.runChildren(ParentRunner.java:329)
org.junit.runners.ParentRunner.access$100(ParentRunner.java:66)
org.junit.runners.ParentRunner$2.evaluate(ParentRunner.java:293)
org.junit.internal.runners.statements.RunBefores.evaluate(RunBefores.java:26)
org.junit.internal.runners.statements.RunAfters.evaluate(RunAfters.java:27)
org.junit.runners.ParentRunner$3.evaluate(ParentRunner.java:306)
org.junit.runners.ParentRunner.run(ParentRunner.java:413)
org.apache.maven.surefire.junit4.JUnit4Provider.execute(JUnit4Provider.java:316)
org.apache.maven.surefire.junit4.JUnit4Provider.executeWithRerun(JUnit4Provider.java:240)
org.apache.maven.surefire.junit4.JUnit4Provider.executeTestSet(JUnit4Provider.java:214)
org.apache.maven.surefire.junit4.JUnit4Provider.invoke(JUnit4Provider.java:155)
org.apache.maven.surefire.booter.ForkedBooter.runSuitesInProcess(ForkedBooter.java:385)
org.apache.maven.surefire.booter.ForkedBooter.execute(ForkedBooter.java:162)
org.apache.maven.surefire.booter.ForkedBooter.run(ForkedBooter.java:507)
org.apache.maven.surefire.booter.ForkedBooter.main(ForkedBooter.java:495)

	at org.evosuite.runtime.sandbox.MSecurityManager.checkPermission(MSecurityManager.java:436)
	at java.lang.SecurityManager.checkLink(SecurityManager.java:835)
	at java.lang.Runtime.load0(Runtime.java:776)
	at java.lang.System.load(System.java:1100)
	at org.xerial.snappy.SnappyLoader.loadNativeLibrary(SnappyLoader.java:198)
	at org.xerial.snappy.SnappyLoader.loadSnappyApi(SnappyLoader.java:167)
	at org.xerial.snappy.Snappy.init(Snappy.java:69)
	at org.xerial.snappy.Snappy.__STATIC_RESET(Snappy.java:46)
	at sun.reflect.GeneratedMethodAccessor21.invoke(Unknown Source)
	at sun.reflect.DelegatingMethodAccessorImpl.invoke(DelegatingMethodAccessorImpl.java:43)
	at java.lang.reflect.Method.invoke(Method.java:498)
	at org.evosuite.runtime.classhandling.ClassResetter.reset(ClassResetter.java:159)
	at org.evosuite.runtime.classhandling.ClassStateSupport.resetClasses(ClassStateSupport.java:137)
	at org.apache.avro.file.DataFileWriter_ESTest_scaffolding.resetClasses(DataFileWriter_ESTest_scaffolding.java:644)
	at org.apache.avro.file.DataFileWriter_ESTest_scaffolding.doneWithTestCase(DataFileWriter_ESTest_scaffolding.java:68)
	at sun.reflect.GeneratedMethodAccessor5.invoke(Unknown Source)
	at sun.reflect.DelegatingMethodAccessorImpl.invoke(DelegatingMethodAccessorImpl.java:43)
	at java.lang.reflect.Method.invoke(Method.java:498)
	at org.junit.runners.model.FrameworkMethod$1.runReflectiveCall(FrameworkMethod.java:59)
	at org.junit.internal.runners.model.ReflectiveCallable.run(ReflectiveCallable.java:12)
	at org.junit.runners.model.FrameworkMethod.invokeExplosively(FrameworkMethod.java:56)
	at org.junit.internal.runners.statements.RunAfters.invokeMethod(RunAfters.java:46)
	at org.junit.internal.runners.statements.RunAfters.evaluate(RunAfters.java:33)
	at org.evosuite.runtime.vnet.NonFunctionalRequirementRule$1.evaluate(NonFunctionalRequirementRule.java:41)
	at org.junit.runners.ParentRunner$3.evaluate(ParentRunner.java:306)
	at org.junit.runners.BlockJUnit4ClassRunner$1.evaluate(BlockJUnit4ClassRunner.java:100)
	at org.junit.runners.ParentRunner.runLeaf(ParentRunner.java:366)
	at org.junit.runners.BlockJUnit4ClassRunner.runChild(BlockJUnit4ClassRunner.java:103)
	at org.junit.runners.BlockJUnit4ClassRunner.runChild(BlockJUnit4ClassRunner.java:63)
	at org.junit.runners.ParentRunner$4.run(ParentRunner.java:331)
	at org.junit.runners.ParentRunner$1.schedule(ParentRunner.java:79)
	at org.junit.runners.ParentRunner.runChildren(ParentRunner.java:329)
	at org.junit.runners.ParentRunner.access$100(ParentRunner.java:66)
	at org.junit.runners.ParentRunner$2.evaluate(ParentRunner.java:293)
	at org.junit.internal.runners.statements.RunBefores.evaluate(RunBefores.java:26)
	at org.junit.internal.runners.statements.RunAfters.evaluate(RunAfters.java:27)
	at org.junit.runners.ParentRunner$3.evaluate(ParentRunner.java:306)
	at org.junit.runners.ParentRunner.run(ParentRunner.java:413)
	at org.apache.maven.surefire.junit4.JUnit4Provider.execute(JUnit4Provider.java:316)
	at org.apache.maven.surefire.junit4.JUnit4Provider.executeWithRerun(JUnit4Provider.java:240)
	at org.apache.maven.surefire.junit4.JUnit4Provider.executeTestSet(JUnit4Provider.java:214)
	at org.apache.maven.surefire.junit4.JUnit4Provider.invoke(JUnit4Provider.java:155)
	at org.apache.maven.surefire.booter.ForkedBooter.runSuitesInProcess(ForkedBooter.java:385)
	at org.apache.maven.surefire.booter.ForkedBooter.execute(ForkedBooter.java:162)
	at org.apache.maven.surefire.booter.ForkedBooter.run(ForkedBooter.java:507)
	at org.apache.maven.surefire.booter.ForkedBooter.main(ForkedBooter.java:495)
]]></system-err>
  </testcase>
  <testcase name="test58" classname="org.apache.avro.file.DataFileWriter_ESTest" time="0.171">
    <system-err><![CDATA[java.lang.SecurityException: Security manager blocks ("java.lang.RuntimePermission" "loadLibrary./tmp/snappy-1.1.8-00000000-0100-4000-8200-000003000000-libsnappyjava.so")
java.lang.Thread.getStackTrace(Thread.java:1564)
org.evosuite.runtime.sandbox.MSecurityManager.checkPermission(MSecurityManager.java:424)
java.lang.SecurityManager.checkLink(SecurityManager.java:835)
java.lang.Runtime.load0(Runtime.java:776)
java.lang.System.load(System.java:1100)
org.xerial.snappy.SnappyLoader.loadNativeLibrary(SnappyLoader.java:198)
org.xerial.snappy.SnappyLoader.loadSnappyApi(SnappyLoader.java:167)
org.xerial.snappy.Snappy.init(Snappy.java:69)
org.xerial.snappy.Snappy.__STATIC_RESET(Snappy.java:46)
sun.reflect.GeneratedMethodAccessor21.invoke(Unknown Source)
sun.reflect.DelegatingMethodAccessorImpl.invoke(DelegatingMethodAccessorImpl.java:43)
java.lang.reflect.Method.invoke(Method.java:498)
org.evosuite.runtime.classhandling.ClassResetter.reset(ClassResetter.java:159)
org.evosuite.runtime.classhandling.ClassStateSupport.resetClasses(ClassStateSupport.java:137)
org.apache.avro.file.DataFileWriter_ESTest_scaffolding.resetClasses(DataFileWriter_ESTest_scaffolding.java:644)
org.apache.avro.file.DataFileWriter_ESTest_scaffolding.doneWithTestCase(DataFileWriter_ESTest_scaffolding.java:68)
sun.reflect.GeneratedMethodAccessor5.invoke(Unknown Source)
sun.reflect.DelegatingMethodAccessorImpl.invoke(DelegatingMethodAccessorImpl.java:43)
java.lang.reflect.Method.invoke(Method.java:498)
org.junit.runners.model.FrameworkMethod$1.runReflectiveCall(FrameworkMethod.java:59)
org.junit.internal.runners.model.ReflectiveCallable.run(ReflectiveCallable.java:12)
org.junit.runners.model.FrameworkMethod.invokeExplosively(FrameworkMethod.java:56)
org.junit.internal.runners.statements.RunAfters.invokeMethod(RunAfters.java:46)
org.junit.internal.runners.statements.RunAfters.evaluate(RunAfters.java:33)
org.evosuite.runtime.vnet.NonFunctionalRequirementRule$1.evaluate(NonFunctionalRequirementRule.java:41)
org.junit.runners.ParentRunner$3.evaluate(ParentRunner.java:306)
org.junit.runners.BlockJUnit4ClassRunner$1.evaluate(BlockJUnit4ClassRunner.java:100)
org.junit.runners.ParentRunner.runLeaf(ParentRunner.java:366)
org.junit.runners.BlockJUnit4ClassRunner.runChild(BlockJUnit4ClassRunner.java:103)
org.junit.runners.BlockJUnit4ClassRunner.runChild(BlockJUnit4ClassRunner.java:63)
org.junit.runners.ParentRunner$4.run(ParentRunner.java:331)
org.junit.runners.ParentRunner$1.schedule(ParentRunner.java:79)
org.junit.runners.ParentRunner.runChildren(ParentRunner.java:329)
org.junit.runners.ParentRunner.access$100(ParentRunner.java:66)
org.junit.runners.ParentRunner$2.evaluate(ParentRunner.java:293)
org.junit.internal.runners.statements.RunBefores.evaluate(RunBefores.java:26)
org.junit.internal.runners.statements.RunAfters.evaluate(RunAfters.java:27)
org.junit.runners.ParentRunner$3.evaluate(ParentRunner.java:306)
org.junit.runners.ParentRunner.run(ParentRunner.java:413)
org.apache.maven.surefire.junit4.JUnit4Provider.execute(JUnit4Provider.java:316)
org.apache.maven.surefire.junit4.JUnit4Provider.executeWithRerun(JUnit4Provider.java:240)
org.apache.maven.surefire.junit4.JUnit4Provider.executeTestSet(JUnit4Provider.java:214)
org.apache.maven.surefire.junit4.JUnit4Provider.invoke(JUnit4Provider.java:155)
org.apache.maven.surefire.booter.ForkedBooter.runSuitesInProcess(ForkedBooter.java:385)
org.apache.maven.surefire.booter.ForkedBooter.execute(ForkedBooter.java:162)
org.apache.maven.surefire.booter.ForkedBooter.run(ForkedBooter.java:507)
org.apache.maven.surefire.booter.ForkedBooter.main(ForkedBooter.java:495)

	at org.evosuite.runtime.sandbox.MSecurityManager.checkPermission(MSecurityManager.java:436)
	at java.lang.SecurityManager.checkLink(SecurityManager.java:835)
	at java.lang.Runtime.load0(Runtime.java:776)
	at java.lang.System.load(System.java:1100)
	at org.xerial.snappy.SnappyLoader.loadNativeLibrary(SnappyLoader.java:198)
	at org.xerial.snappy.SnappyLoader.loadSnappyApi(SnappyLoader.java:167)
	at org.xerial.snappy.Snappy.init(Snappy.java:69)
	at org.xerial.snappy.Snappy.__STATIC_RESET(Snappy.java:46)
	at sun.reflect.GeneratedMethodAccessor21.invoke(Unknown Source)
	at sun.reflect.DelegatingMethodAccessorImpl.invoke(DelegatingMethodAccessorImpl.java:43)
	at java.lang.reflect.Method.invoke(Method.java:498)
	at org.evosuite.runtime.classhandling.ClassResetter.reset(ClassResetter.java:159)
	at org.evosuite.runtime.classhandling.ClassStateSupport.resetClasses(ClassStateSupport.java:137)
	at org.apache.avro.file.DataFileWriter_ESTest_scaffolding.resetClasses(DataFileWriter_ESTest_scaffolding.java:644)
	at org.apache.avro.file.DataFileWriter_ESTest_scaffolding.doneWithTestCase(DataFileWriter_ESTest_scaffolding.java:68)
	at sun.reflect.GeneratedMethodAccessor5.invoke(Unknown Source)
	at sun.reflect.DelegatingMethodAccessorImpl.invoke(DelegatingMethodAccessorImpl.java:43)
	at java.lang.reflect.Method.invoke(Method.java:498)
	at org.junit.runners.model.FrameworkMethod$1.runReflectiveCall(FrameworkMethod.java:59)
	at org.junit.internal.runners.model.ReflectiveCallable.run(ReflectiveCallable.java:12)
	at org.junit.runners.model.FrameworkMethod.invokeExplosively(FrameworkMethod.java:56)
	at org.junit.internal.runners.statements.RunAfters.invokeMethod(RunAfters.java:46)
	at org.junit.internal.runners.statements.RunAfters.evaluate(RunAfters.java:33)
	at org.evosuite.runtime.vnet.NonFunctionalRequirementRule$1.evaluate(NonFunctionalRequirementRule.java:41)
	at org.junit.runners.ParentRunner$3.evaluate(ParentRunner.java:306)
	at org.junit.runners.BlockJUnit4ClassRunner$1.evaluate(BlockJUnit4ClassRunner.java:100)
	at org.junit.runners.ParentRunner.runLeaf(ParentRunner.java:366)
	at org.junit.runners.BlockJUnit4ClassRunner.runChild(BlockJUnit4ClassRunner.java:103)
	at org.junit.runners.BlockJUnit4ClassRunner.runChild(BlockJUnit4ClassRunner.java:63)
	at org.junit.runners.ParentRunner$4.run(ParentRunner.java:331)
	at org.junit.runners.ParentRunner$1.schedule(ParentRunner.java:79)
	at org.junit.runners.ParentRunner.runChildren(ParentRunner.java:329)
	at org.junit.runners.ParentRunner.access$100(ParentRunner.java:66)
	at org.junit.runners.ParentRunner$2.evaluate(ParentRunner.java:293)
	at org.junit.internal.runners.statements.RunBefores.evaluate(RunBefores.java:26)
	at org.junit.internal.runners.statements.RunAfters.evaluate(RunAfters.java:27)
	at org.junit.runners.ParentRunner$3.evaluate(ParentRunner.java:306)
	at org.junit.runners.ParentRunner.run(ParentRunner.java:413)
	at org.apache.maven.surefire.junit4.JUnit4Provider.execute(JUnit4Provider.java:316)
	at org.apache.maven.surefire.junit4.JUnit4Provider.executeWithRerun(JUnit4Provider.java:240)
	at org.apache.maven.surefire.junit4.JUnit4Provider.executeTestSet(JUnit4Provider.java:214)
	at org.apache.maven.surefire.junit4.JUnit4Provider.invoke(JUnit4Provider.java:155)
	at org.apache.maven.surefire.booter.ForkedBooter.runSuitesInProcess(ForkedBooter.java:385)
	at org.apache.maven.surefire.booter.ForkedBooter.execute(ForkedBooter.java:162)
	at org.apache.maven.surefire.booter.ForkedBooter.run(ForkedBooter.java:507)
	at org.apache.maven.surefire.booter.ForkedBooter.main(ForkedBooter.java:495)
]]></system-err>
  </testcase>
  <testcase name="test11" classname="org.apache.avro.file.DataFileWriter_ESTest" time="0.141">
    <system-err><![CDATA[java.lang.SecurityException: Security manager blocks ("java.lang.RuntimePermission" "loadLibrary./tmp/snappy-1.1.8-00000000-0100-4000-8200-000003000000-libsnappyjava.so")
java.lang.Thread.getStackTrace(Thread.java:1564)
org.evosuite.runtime.sandbox.MSecurityManager.checkPermission(MSecurityManager.java:424)
java.lang.SecurityManager.checkLink(SecurityManager.java:835)
java.lang.Runtime.load0(Runtime.java:776)
java.lang.System.load(System.java:1100)
org.xerial.snappy.SnappyLoader.loadNativeLibrary(SnappyLoader.java:198)
org.xerial.snappy.SnappyLoader.loadSnappyApi(SnappyLoader.java:167)
org.xerial.snappy.Snappy.init(Snappy.java:69)
org.xerial.snappy.Snappy.__STATIC_RESET(Snappy.java:46)
sun.reflect.GeneratedMethodAccessor21.invoke(Unknown Source)
sun.reflect.DelegatingMethodAccessorImpl.invoke(DelegatingMethodAccessorImpl.java:43)
java.lang.reflect.Method.invoke(Method.java:498)
org.evosuite.runtime.classhandling.ClassResetter.reset(ClassResetter.java:159)
org.evosuite.runtime.classhandling.ClassStateSupport.resetClasses(ClassStateSupport.java:137)
org.apache.avro.file.DataFileWriter_ESTest_scaffolding.resetClasses(DataFileWriter_ESTest_scaffolding.java:644)
org.apache.avro.file.DataFileWriter_ESTest_scaffolding.doneWithTestCase(DataFileWriter_ESTest_scaffolding.java:68)
sun.reflect.GeneratedMethodAccessor5.invoke(Unknown Source)
sun.reflect.DelegatingMethodAccessorImpl.invoke(DelegatingMethodAccessorImpl.java:43)
java.lang.reflect.Method.invoke(Method.java:498)
org.junit.runners.model.FrameworkMethod$1.runReflectiveCall(FrameworkMethod.java:59)
org.junit.internal.runners.model.ReflectiveCallable.run(ReflectiveCallable.java:12)
org.junit.runners.model.FrameworkMethod.invokeExplosively(FrameworkMethod.java:56)
org.junit.internal.runners.statements.RunAfters.invokeMethod(RunAfters.java:46)
org.junit.internal.runners.statements.RunAfters.evaluate(RunAfters.java:33)
org.evosuite.runtime.vnet.NonFunctionalRequirementRule$1.evaluate(NonFunctionalRequirementRule.java:41)
org.junit.runners.ParentRunner$3.evaluate(ParentRunner.java:306)
org.junit.runners.BlockJUnit4ClassRunner$1.evaluate(BlockJUnit4ClassRunner.java:100)
org.junit.runners.ParentRunner.runLeaf(ParentRunner.java:366)
org.junit.runners.BlockJUnit4ClassRunner.runChild(BlockJUnit4ClassRunner.java:103)
org.junit.runners.BlockJUnit4ClassRunner.runChild(BlockJUnit4ClassRunner.java:63)
org.junit.runners.ParentRunner$4.run(ParentRunner.java:331)
org.junit.runners.ParentRunner$1.schedule(ParentRunner.java:79)
org.junit.runners.ParentRunner.runChildren(ParentRunner.java:329)
org.junit.runners.ParentRunner.access$100(ParentRunner.java:66)
org.junit.runners.ParentRunner$2.evaluate(ParentRunner.java:293)
org.junit.internal.runners.statements.RunBefores.evaluate(RunBefores.java:26)
org.junit.internal.runners.statements.RunAfters.evaluate(RunAfters.java:27)
org.junit.runners.ParentRunner$3.evaluate(ParentRunner.java:306)
org.junit.runners.ParentRunner.run(ParentRunner.java:413)
org.apache.maven.surefire.junit4.JUnit4Provider.execute(JUnit4Provider.java:316)
org.apache.maven.surefire.junit4.JUnit4Provider.executeWithRerun(JUnit4Provider.java:240)
org.apache.maven.surefire.junit4.JUnit4Provider.executeTestSet(JUnit4Provider.java:214)
org.apache.maven.surefire.junit4.JUnit4Provider.invoke(JUnit4Provider.java:155)
org.apache.maven.surefire.booter.ForkedBooter.runSuitesInProcess(ForkedBooter.java:385)
org.apache.maven.surefire.booter.ForkedBooter.execute(ForkedBooter.java:162)
org.apache.maven.surefire.booter.ForkedBooter.run(ForkedBooter.java:507)
org.apache.maven.surefire.booter.ForkedBooter.main(ForkedBooter.java:495)

	at org.evosuite.runtime.sandbox.MSecurityManager.checkPermission(MSecurityManager.java:436)
	at java.lang.SecurityManager.checkLink(SecurityManager.java:835)
	at java.lang.Runtime.load0(Runtime.java:776)
	at java.lang.System.load(System.java:1100)
	at org.xerial.snappy.SnappyLoader.loadNativeLibrary(SnappyLoader.java:198)
	at org.xerial.snappy.SnappyLoader.loadSnappyApi(SnappyLoader.java:167)
	at org.xerial.snappy.Snappy.init(Snappy.java:69)
	at org.xerial.snappy.Snappy.__STATIC_RESET(Snappy.java:46)
	at sun.reflect.GeneratedMethodAccessor21.invoke(Unknown Source)
	at sun.reflect.DelegatingMethodAccessorImpl.invoke(DelegatingMethodAccessorImpl.java:43)
	at java.lang.reflect.Method.invoke(Method.java:498)
	at org.evosuite.runtime.classhandling.ClassResetter.reset(ClassResetter.java:159)
	at org.evosuite.runtime.classhandling.ClassStateSupport.resetClasses(ClassStateSupport.java:137)
	at org.apache.avro.file.DataFileWriter_ESTest_scaffolding.resetClasses(DataFileWriter_ESTest_scaffolding.java:644)
	at org.apache.avro.file.DataFileWriter_ESTest_scaffolding.doneWithTestCase(DataFileWriter_ESTest_scaffolding.java:68)
	at sun.reflect.GeneratedMethodAccessor5.invoke(Unknown Source)
	at sun.reflect.DelegatingMethodAccessorImpl.invoke(DelegatingMethodAccessorImpl.java:43)
	at java.lang.reflect.Method.invoke(Method.java:498)
	at org.junit.runners.model.FrameworkMethod$1.runReflectiveCall(FrameworkMethod.java:59)
	at org.junit.internal.runners.model.ReflectiveCallable.run(ReflectiveCallable.java:12)
	at org.junit.runners.model.FrameworkMethod.invokeExplosively(FrameworkMethod.java:56)
	at org.junit.internal.runners.statements.RunAfters.invokeMethod(RunAfters.java:46)
	at org.junit.internal.runners.statements.RunAfters.evaluate(RunAfters.java:33)
	at org.evosuite.runtime.vnet.NonFunctionalRequirementRule$1.evaluate(NonFunctionalRequirementRule.java:41)
	at org.junit.runners.ParentRunner$3.evaluate(ParentRunner.java:306)
	at org.junit.runners.BlockJUnit4ClassRunner$1.evaluate(BlockJUnit4ClassRunner.java:100)
	at org.junit.runners.ParentRunner.runLeaf(ParentRunner.java:366)
	at org.junit.runners.BlockJUnit4ClassRunner.runChild(BlockJUnit4ClassRunner.java:103)
	at org.junit.runners.BlockJUnit4ClassRunner.runChild(BlockJUnit4ClassRunner.java:63)
	at org.junit.runners.ParentRunner$4.run(ParentRunner.java:331)
	at org.junit.runners.ParentRunner$1.schedule(ParentRunner.java:79)
	at org.junit.runners.ParentRunner.runChildren(ParentRunner.java:329)
	at org.junit.runners.ParentRunner.access$100(ParentRunner.java:66)
	at org.junit.runners.ParentRunner$2.evaluate(ParentRunner.java:293)
	at org.junit.internal.runners.statements.RunBefores.evaluate(RunBefores.java:26)
	at org.junit.internal.runners.statements.RunAfters.evaluate(RunAfters.java:27)
	at org.junit.runners.ParentRunner$3.evaluate(ParentRunner.java:306)
	at org.junit.runners.ParentRunner.run(ParentRunner.java:413)
	at org.apache.maven.surefire.junit4.JUnit4Provider.execute(JUnit4Provider.java:316)
	at org.apache.maven.surefire.junit4.JUnit4Provider.executeWithRerun(JUnit4Provider.java:240)
	at org.apache.maven.surefire.junit4.JUnit4Provider.executeTestSet(JUnit4Provider.java:214)
	at org.apache.maven.surefire.junit4.JUnit4Provider.invoke(JUnit4Provider.java:155)
	at org.apache.maven.surefire.booter.ForkedBooter.runSuitesInProcess(ForkedBooter.java:385)
	at org.apache.maven.surefire.booter.ForkedBooter.execute(ForkedBooter.java:162)
	at org.apache.maven.surefire.booter.ForkedBooter.run(ForkedBooter.java:507)
	at org.apache.maven.surefire.booter.ForkedBooter.main(ForkedBooter.java:495)
]]></system-err>
  </testcase>
  <testcase name="test55" classname="org.apache.avro.file.DataFileWriter_ESTest" time="0.172">
    <system-err><![CDATA[java.lang.SecurityException: Security manager blocks ("java.lang.RuntimePermission" "loadLibrary./tmp/snappy-1.1.8-00000000-0100-4000-8200-000003000000-libsnappyjava.so")
java.lang.Thread.getStackTrace(Thread.java:1564)
org.evosuite.runtime.sandbox.MSecurityManager.checkPermission(MSecurityManager.java:424)
java.lang.SecurityManager.checkLink(SecurityManager.java:835)
java.lang.Runtime.load0(Runtime.java:776)
java.lang.System.load(System.java:1100)
org.xerial.snappy.SnappyLoader.loadNativeLibrary(SnappyLoader.java:198)
org.xerial.snappy.SnappyLoader.loadSnappyApi(SnappyLoader.java:167)
org.xerial.snappy.Snappy.init(Snappy.java:69)
org.xerial.snappy.Snappy.__STATIC_RESET(Snappy.java:46)
sun.reflect.GeneratedMethodAccessor21.invoke(Unknown Source)
sun.reflect.DelegatingMethodAccessorImpl.invoke(DelegatingMethodAccessorImpl.java:43)
java.lang.reflect.Method.invoke(Method.java:498)
org.evosuite.runtime.classhandling.ClassResetter.reset(ClassResetter.java:159)
org.evosuite.runtime.classhandling.ClassStateSupport.resetClasses(ClassStateSupport.java:137)
org.apache.avro.file.DataFileWriter_ESTest_scaffolding.resetClasses(DataFileWriter_ESTest_scaffolding.java:644)
org.apache.avro.file.DataFileWriter_ESTest_scaffolding.doneWithTestCase(DataFileWriter_ESTest_scaffolding.java:68)
sun.reflect.GeneratedMethodAccessor5.invoke(Unknown Source)
sun.reflect.DelegatingMethodAccessorImpl.invoke(DelegatingMethodAccessorImpl.java:43)
java.lang.reflect.Method.invoke(Method.java:498)
org.junit.runners.model.FrameworkMethod$1.runReflectiveCall(FrameworkMethod.java:59)
org.junit.internal.runners.model.ReflectiveCallable.run(ReflectiveCallable.java:12)
org.junit.runners.model.FrameworkMethod.invokeExplosively(FrameworkMethod.java:56)
org.junit.internal.runners.statements.RunAfters.invokeMethod(RunAfters.java:46)
org.junit.internal.runners.statements.RunAfters.evaluate(RunAfters.java:33)
org.evosuite.runtime.vnet.NonFunctionalRequirementRule$1.evaluate(NonFunctionalRequirementRule.java:41)
org.junit.runners.ParentRunner$3.evaluate(ParentRunner.java:306)
org.junit.runners.BlockJUnit4ClassRunner$1.evaluate(BlockJUnit4ClassRunner.java:100)
org.junit.runners.ParentRunner.runLeaf(ParentRunner.java:366)
org.junit.runners.BlockJUnit4ClassRunner.runChild(BlockJUnit4ClassRunner.java:103)
org.junit.runners.BlockJUnit4ClassRunner.runChild(BlockJUnit4ClassRunner.java:63)
org.junit.runners.ParentRunner$4.run(ParentRunner.java:331)
org.junit.runners.ParentRunner$1.schedule(ParentRunner.java:79)
org.junit.runners.ParentRunner.runChildren(ParentRunner.java:329)
org.junit.runners.ParentRunner.access$100(ParentRunner.java:66)
org.junit.runners.ParentRunner$2.evaluate(ParentRunner.java:293)
org.junit.internal.runners.statements.RunBefores.evaluate(RunBefores.java:26)
org.junit.internal.runners.statements.RunAfters.evaluate(RunAfters.java:27)
org.junit.runners.ParentRunner$3.evaluate(ParentRunner.java:306)
org.junit.runners.ParentRunner.run(ParentRunner.java:413)
org.apache.maven.surefire.junit4.JUnit4Provider.execute(JUnit4Provider.java:316)
org.apache.maven.surefire.junit4.JUnit4Provider.executeWithRerun(JUnit4Provider.java:240)
org.apache.maven.surefire.junit4.JUnit4Provider.executeTestSet(JUnit4Provider.java:214)
org.apache.maven.surefire.junit4.JUnit4Provider.invoke(JUnit4Provider.java:155)
org.apache.maven.surefire.booter.ForkedBooter.runSuitesInProcess(ForkedBooter.java:385)
org.apache.maven.surefire.booter.ForkedBooter.execute(ForkedBooter.java:162)
org.apache.maven.surefire.booter.ForkedBooter.run(ForkedBooter.java:507)
org.apache.maven.surefire.booter.ForkedBooter.main(ForkedBooter.java:495)

	at org.evosuite.runtime.sandbox.MSecurityManager.checkPermission(MSecurityManager.java:436)
	at java.lang.SecurityManager.checkLink(SecurityManager.java:835)
	at java.lang.Runtime.load0(Runtime.java:776)
	at java.lang.System.load(System.java:1100)
	at org.xerial.snappy.SnappyLoader.loadNativeLibrary(SnappyLoader.java:198)
	at org.xerial.snappy.SnappyLoader.loadSnappyApi(SnappyLoader.java:167)
	at org.xerial.snappy.Snappy.init(Snappy.java:69)
	at org.xerial.snappy.Snappy.__STATIC_RESET(Snappy.java:46)
	at sun.reflect.GeneratedMethodAccessor21.invoke(Unknown Source)
	at sun.reflect.DelegatingMethodAccessorImpl.invoke(DelegatingMethodAccessorImpl.java:43)
	at java.lang.reflect.Method.invoke(Method.java:498)
	at org.evosuite.runtime.classhandling.ClassResetter.reset(ClassResetter.java:159)
	at org.evosuite.runtime.classhandling.ClassStateSupport.resetClasses(ClassStateSupport.java:137)
	at org.apache.avro.file.DataFileWriter_ESTest_scaffolding.resetClasses(DataFileWriter_ESTest_scaffolding.java:644)
	at org.apache.avro.file.DataFileWriter_ESTest_scaffolding.doneWithTestCase(DataFileWriter_ESTest_scaffolding.java:68)
	at sun.reflect.GeneratedMethodAccessor5.invoke(Unknown Source)
	at sun.reflect.DelegatingMethodAccessorImpl.invoke(DelegatingMethodAccessorImpl.java:43)
	at java.lang.reflect.Method.invoke(Method.java:498)
	at org.junit.runners.model.FrameworkMethod$1.runReflectiveCall(FrameworkMethod.java:59)
	at org.junit.internal.runners.model.ReflectiveCallable.run(ReflectiveCallable.java:12)
	at org.junit.runners.model.FrameworkMethod.invokeExplosively(FrameworkMethod.java:56)
	at org.junit.internal.runners.statements.RunAfters.invokeMethod(RunAfters.java:46)
	at org.junit.internal.runners.statements.RunAfters.evaluate(RunAfters.java:33)
	at org.evosuite.runtime.vnet.NonFunctionalRequirementRule$1.evaluate(NonFunctionalRequirementRule.java:41)
	at org.junit.runners.ParentRunner$3.evaluate(ParentRunner.java:306)
	at org.junit.runners.BlockJUnit4ClassRunner$1.evaluate(BlockJUnit4ClassRunner.java:100)
	at org.junit.runners.ParentRunner.runLeaf(ParentRunner.java:366)
	at org.junit.runners.BlockJUnit4ClassRunner.runChild(BlockJUnit4ClassRunner.java:103)
	at org.junit.runners.BlockJUnit4ClassRunner.runChild(BlockJUnit4ClassRunner.java:63)
	at org.junit.runners.ParentRunner$4.run(ParentRunner.java:331)
	at org.junit.runners.ParentRunner$1.schedule(ParentRunner.java:79)
	at org.junit.runners.ParentRunner.runChildren(ParentRunner.java:329)
	at org.junit.runners.ParentRunner.access$100(ParentRunner.java:66)
	at org.junit.runners.ParentRunner$2.evaluate(ParentRunner.java:293)
	at org.junit.internal.runners.statements.RunBefores.evaluate(RunBefores.java:26)
	at org.junit.internal.runners.statements.RunAfters.evaluate(RunAfters.java:27)
	at org.junit.runners.ParentRunner$3.evaluate(ParentRunner.java:306)
	at org.junit.runners.ParentRunner.run(ParentRunner.java:413)
	at org.apache.maven.surefire.junit4.JUnit4Provider.execute(JUnit4Provider.java:316)
	at org.apache.maven.surefire.junit4.JUnit4Provider.executeWithRerun(JUnit4Provider.java:240)
	at org.apache.maven.surefire.junit4.JUnit4Provider.executeTestSet(JUnit4Provider.java:214)
	at org.apache.maven.surefire.junit4.JUnit4Provider.invoke(JUnit4Provider.java:155)
	at org.apache.maven.surefire.booter.ForkedBooter.runSuitesInProcess(ForkedBooter.java:385)
	at org.apache.maven.surefire.booter.ForkedBooter.execute(ForkedBooter.java:162)
	at org.apache.maven.surefire.booter.ForkedBooter.run(ForkedBooter.java:507)
	at org.apache.maven.surefire.booter.ForkedBooter.main(ForkedBooter.java:495)
]]></system-err>
  </testcase>
  <testcase name="test12" classname="org.apache.avro.file.DataFileWriter_ESTest" time="0.167">
    <system-err><![CDATA[java.lang.SecurityException: Security manager blocks ("java.lang.RuntimePermission" "loadLibrary./tmp/snappy-1.1.8-00000000-0100-4000-8200-000003000000-libsnappyjava.so")
java.lang.Thread.getStackTrace(Thread.java:1564)
org.evosuite.runtime.sandbox.MSecurityManager.checkPermission(MSecurityManager.java:424)
java.lang.SecurityManager.checkLink(SecurityManager.java:835)
java.lang.Runtime.load0(Runtime.java:776)
java.lang.System.load(System.java:1100)
org.xerial.snappy.SnappyLoader.loadNativeLibrary(SnappyLoader.java:198)
org.xerial.snappy.SnappyLoader.loadSnappyApi(SnappyLoader.java:167)
org.xerial.snappy.Snappy.init(Snappy.java:69)
org.xerial.snappy.Snappy.__STATIC_RESET(Snappy.java:46)
sun.reflect.GeneratedMethodAccessor21.invoke(Unknown Source)
sun.reflect.DelegatingMethodAccessorImpl.invoke(DelegatingMethodAccessorImpl.java:43)
java.lang.reflect.Method.invoke(Method.java:498)
org.evosuite.runtime.classhandling.ClassResetter.reset(ClassResetter.java:159)
org.evosuite.runtime.classhandling.ClassStateSupport.resetClasses(ClassStateSupport.java:137)
org.apache.avro.file.DataFileWriter_ESTest_scaffolding.resetClasses(DataFileWriter_ESTest_scaffolding.java:644)
org.apache.avro.file.DataFileWriter_ESTest_scaffolding.doneWithTestCase(DataFileWriter_ESTest_scaffolding.java:68)
sun.reflect.GeneratedMethodAccessor5.invoke(Unknown Source)
sun.reflect.DelegatingMethodAccessorImpl.invoke(DelegatingMethodAccessorImpl.java:43)
java.lang.reflect.Method.invoke(Method.java:498)
org.junit.runners.model.FrameworkMethod$1.runReflectiveCall(FrameworkMethod.java:59)
org.junit.internal.runners.model.ReflectiveCallable.run(ReflectiveCallable.java:12)
org.junit.runners.model.FrameworkMethod.invokeExplosively(FrameworkMethod.java:56)
org.junit.internal.runners.statements.RunAfters.invokeMethod(RunAfters.java:46)
org.junit.internal.runners.statements.RunAfters.evaluate(RunAfters.java:33)
org.evosuite.runtime.vnet.NonFunctionalRequirementRule$1.evaluate(NonFunctionalRequirementRule.java:41)
org.junit.runners.ParentRunner$3.evaluate(ParentRunner.java:306)
org.junit.runners.BlockJUnit4ClassRunner$1.evaluate(BlockJUnit4ClassRunner.java:100)
org.junit.runners.ParentRunner.runLeaf(ParentRunner.java:366)
org.junit.runners.BlockJUnit4ClassRunner.runChild(BlockJUnit4ClassRunner.java:103)
org.junit.runners.BlockJUnit4ClassRunner.runChild(BlockJUnit4ClassRunner.java:63)
org.junit.runners.ParentRunner$4.run(ParentRunner.java:331)
org.junit.runners.ParentRunner$1.schedule(ParentRunner.java:79)
org.junit.runners.ParentRunner.runChildren(ParentRunner.java:329)
org.junit.runners.ParentRunner.access$100(ParentRunner.java:66)
org.junit.runners.ParentRunner$2.evaluate(ParentRunner.java:293)
org.junit.internal.runners.statements.RunBefores.evaluate(RunBefores.java:26)
org.junit.internal.runners.statements.RunAfters.evaluate(RunAfters.java:27)
org.junit.runners.ParentRunner$3.evaluate(ParentRunner.java:306)
org.junit.runners.ParentRunner.run(ParentRunner.java:413)
org.apache.maven.surefire.junit4.JUnit4Provider.execute(JUnit4Provider.java:316)
org.apache.maven.surefire.junit4.JUnit4Provider.executeWithRerun(JUnit4Provider.java:240)
org.apache.maven.surefire.junit4.JUnit4Provider.executeTestSet(JUnit4Provider.java:214)
org.apache.maven.surefire.junit4.JUnit4Provider.invoke(JUnit4Provider.java:155)
org.apache.maven.surefire.booter.ForkedBooter.runSuitesInProcess(ForkedBooter.java:385)
org.apache.maven.surefire.booter.ForkedBooter.execute(ForkedBooter.java:162)
org.apache.maven.surefire.booter.ForkedBooter.run(ForkedBooter.java:507)
org.apache.maven.surefire.booter.ForkedBooter.main(ForkedBooter.java:495)

	at org.evosuite.runtime.sandbox.MSecurityManager.checkPermission(MSecurityManager.java:436)
	at java.lang.SecurityManager.checkLink(SecurityManager.java:835)
	at java.lang.Runtime.load0(Runtime.java:776)
	at java.lang.System.load(System.java:1100)
	at org.xerial.snappy.SnappyLoader.loadNativeLibrary(SnappyLoader.java:198)
	at org.xerial.snappy.SnappyLoader.loadSnappyApi(SnappyLoader.java:167)
	at org.xerial.snappy.Snappy.init(Snappy.java:69)
	at org.xerial.snappy.Snappy.__STATIC_RESET(Snappy.java:46)
	at sun.reflect.GeneratedMethodAccessor21.invoke(Unknown Source)
	at sun.reflect.DelegatingMethodAccessorImpl.invoke(DelegatingMethodAccessorImpl.java:43)
	at java.lang.reflect.Method.invoke(Method.java:498)
	at org.evosuite.runtime.classhandling.ClassResetter.reset(ClassResetter.java:159)
	at org.evosuite.runtime.classhandling.ClassStateSupport.resetClasses(ClassStateSupport.java:137)
	at org.apache.avro.file.DataFileWriter_ESTest_scaffolding.resetClasses(DataFileWriter_ESTest_scaffolding.java:644)
	at org.apache.avro.file.DataFileWriter_ESTest_scaffolding.doneWithTestCase(DataFileWriter_ESTest_scaffolding.java:68)
	at sun.reflect.GeneratedMethodAccessor5.invoke(Unknown Source)
	at sun.reflect.DelegatingMethodAccessorImpl.invoke(DelegatingMethodAccessorImpl.java:43)
	at java.lang.reflect.Method.invoke(Method.java:498)
	at org.junit.runners.model.FrameworkMethod$1.runReflectiveCall(FrameworkMethod.java:59)
	at org.junit.internal.runners.model.ReflectiveCallable.run(ReflectiveCallable.java:12)
	at org.junit.runners.model.FrameworkMethod.invokeExplosively(FrameworkMethod.java:56)
	at org.junit.internal.runners.statements.RunAfters.invokeMethod(RunAfters.java:46)
	at org.junit.internal.runners.statements.RunAfters.evaluate(RunAfters.java:33)
	at org.evosuite.runtime.vnet.NonFunctionalRequirementRule$1.evaluate(NonFunctionalRequirementRule.java:41)
	at org.junit.runners.ParentRunner$3.evaluate(ParentRunner.java:306)
	at org.junit.runners.BlockJUnit4ClassRunner$1.evaluate(BlockJUnit4ClassRunner.java:100)
	at org.junit.runners.ParentRunner.runLeaf(ParentRunner.java:366)
	at org.junit.runners.BlockJUnit4ClassRunner.runChild(BlockJUnit4ClassRunner.java:103)
	at org.junit.runners.BlockJUnit4ClassRunner.runChild(BlockJUnit4ClassRunner.java:63)
	at org.junit.runners.ParentRunner$4.run(ParentRunner.java:331)
	at org.junit.runners.ParentRunner$1.schedule(ParentRunner.java:79)
	at org.junit.runners.ParentRunner.runChildren(ParentRunner.java:329)
	at org.junit.runners.ParentRunner.access$100(ParentRunner.java:66)
	at org.junit.runners.ParentRunner$2.evaluate(ParentRunner.java:293)
	at org.junit.internal.runners.statements.RunBefores.evaluate(RunBefores.java:26)
	at org.junit.internal.runners.statements.RunAfters.evaluate(RunAfters.java:27)
	at org.junit.runners.ParentRunner$3.evaluate(ParentRunner.java:306)
	at org.junit.runners.ParentRunner.run(ParentRunner.java:413)
	at org.apache.maven.surefire.junit4.JUnit4Provider.execute(JUnit4Provider.java:316)
	at org.apache.maven.surefire.junit4.JUnit4Provider.executeWithRerun(JUnit4Provider.java:240)
	at org.apache.maven.surefire.junit4.JUnit4Provider.executeTestSet(JUnit4Provider.java:214)
	at org.apache.maven.surefire.junit4.JUnit4Provider.invoke(JUnit4Provider.java:155)
	at org.apache.maven.surefire.booter.ForkedBooter.runSuitesInProcess(ForkedBooter.java:385)
	at org.apache.maven.surefire.booter.ForkedBooter.execute(ForkedBooter.java:162)
	at org.apache.maven.surefire.booter.ForkedBooter.run(ForkedBooter.java:507)
	at org.apache.maven.surefire.booter.ForkedBooter.main(ForkedBooter.java:495)
]]></system-err>
  </testcase>
  <testcase name="test56" classname="org.apache.avro.file.DataFileWriter_ESTest" time="0.185">
    <system-err><![CDATA[java.lang.SecurityException: Security manager blocks ("java.lang.RuntimePermission" "loadLibrary./tmp/snappy-1.1.8-00000000-0100-4000-8200-000003000000-libsnappyjava.so")
java.lang.Thread.getStackTrace(Thread.java:1564)
org.evosuite.runtime.sandbox.MSecurityManager.checkPermission(MSecurityManager.java:424)
java.lang.SecurityManager.checkLink(SecurityManager.java:835)
java.lang.Runtime.load0(Runtime.java:776)
java.lang.System.load(System.java:1100)
org.xerial.snappy.SnappyLoader.loadNativeLibrary(SnappyLoader.java:198)
org.xerial.snappy.SnappyLoader.loadSnappyApi(SnappyLoader.java:167)
org.xerial.snappy.Snappy.init(Snappy.java:69)
org.xerial.snappy.Snappy.__STATIC_RESET(Snappy.java:46)
sun.reflect.GeneratedMethodAccessor21.invoke(Unknown Source)
sun.reflect.DelegatingMethodAccessorImpl.invoke(DelegatingMethodAccessorImpl.java:43)
java.lang.reflect.Method.invoke(Method.java:498)
org.evosuite.runtime.classhandling.ClassResetter.reset(ClassResetter.java:159)
org.evosuite.runtime.classhandling.ClassStateSupport.resetClasses(ClassStateSupport.java:137)
org.apache.avro.file.DataFileWriter_ESTest_scaffolding.resetClasses(DataFileWriter_ESTest_scaffolding.java:644)
org.apache.avro.file.DataFileWriter_ESTest_scaffolding.doneWithTestCase(DataFileWriter_ESTest_scaffolding.java:68)
sun.reflect.GeneratedMethodAccessor5.invoke(Unknown Source)
sun.reflect.DelegatingMethodAccessorImpl.invoke(DelegatingMethodAccessorImpl.java:43)
java.lang.reflect.Method.invoke(Method.java:498)
org.junit.runners.model.FrameworkMethod$1.runReflectiveCall(FrameworkMethod.java:59)
org.junit.internal.runners.model.ReflectiveCallable.run(ReflectiveCallable.java:12)
org.junit.runners.model.FrameworkMethod.invokeExplosively(FrameworkMethod.java:56)
org.junit.internal.runners.statements.RunAfters.invokeMethod(RunAfters.java:46)
org.junit.internal.runners.statements.RunAfters.evaluate(RunAfters.java:33)
org.evosuite.runtime.vnet.NonFunctionalRequirementRule$1.evaluate(NonFunctionalRequirementRule.java:41)
org.junit.runners.ParentRunner$3.evaluate(ParentRunner.java:306)
org.junit.runners.BlockJUnit4ClassRunner$1.evaluate(BlockJUnit4ClassRunner.java:100)
org.junit.runners.ParentRunner.runLeaf(ParentRunner.java:366)
org.junit.runners.BlockJUnit4ClassRunner.runChild(BlockJUnit4ClassRunner.java:103)
org.junit.runners.BlockJUnit4ClassRunner.runChild(BlockJUnit4ClassRunner.java:63)
org.junit.runners.ParentRunner$4.run(ParentRunner.java:331)
org.junit.runners.ParentRunner$1.schedule(ParentRunner.java:79)
org.junit.runners.ParentRunner.runChildren(ParentRunner.java:329)
org.junit.runners.ParentRunner.access$100(ParentRunner.java:66)
org.junit.runners.ParentRunner$2.evaluate(ParentRunner.java:293)
org.junit.internal.runners.statements.RunBefores.evaluate(RunBefores.java:26)
org.junit.internal.runners.statements.RunAfters.evaluate(RunAfters.java:27)
org.junit.runners.ParentRunner$3.evaluate(ParentRunner.java:306)
org.junit.runners.ParentRunner.run(ParentRunner.java:413)
org.apache.maven.surefire.junit4.JUnit4Provider.execute(JUnit4Provider.java:316)
org.apache.maven.surefire.junit4.JUnit4Provider.executeWithRerun(JUnit4Provider.java:240)
org.apache.maven.surefire.junit4.JUnit4Provider.executeTestSet(JUnit4Provider.java:214)
org.apache.maven.surefire.junit4.JUnit4Provider.invoke(JUnit4Provider.java:155)
org.apache.maven.surefire.booter.ForkedBooter.runSuitesInProcess(ForkedBooter.java:385)
org.apache.maven.surefire.booter.ForkedBooter.execute(ForkedBooter.java:162)
org.apache.maven.surefire.booter.ForkedBooter.run(ForkedBooter.java:507)
org.apache.maven.surefire.booter.ForkedBooter.main(ForkedBooter.java:495)

	at org.evosuite.runtime.sandbox.MSecurityManager.checkPermission(MSecurityManager.java:436)
	at java.lang.SecurityManager.checkLink(SecurityManager.java:835)
	at java.lang.Runtime.load0(Runtime.java:776)
	at java.lang.System.load(System.java:1100)
	at org.xerial.snappy.SnappyLoader.loadNativeLibrary(SnappyLoader.java:198)
	at org.xerial.snappy.SnappyLoader.loadSnappyApi(SnappyLoader.java:167)
	at org.xerial.snappy.Snappy.init(Snappy.java:69)
	at org.xerial.snappy.Snappy.__STATIC_RESET(Snappy.java:46)
	at sun.reflect.GeneratedMethodAccessor21.invoke(Unknown Source)
	at sun.reflect.DelegatingMethodAccessorImpl.invoke(DelegatingMethodAccessorImpl.java:43)
	at java.lang.reflect.Method.invoke(Method.java:498)
	at org.evosuite.runtime.classhandling.ClassResetter.reset(ClassResetter.java:159)
	at org.evosuite.runtime.classhandling.ClassStateSupport.resetClasses(ClassStateSupport.java:137)
	at org.apache.avro.file.DataFileWriter_ESTest_scaffolding.resetClasses(DataFileWriter_ESTest_scaffolding.java:644)
	at org.apache.avro.file.DataFileWriter_ESTest_scaffolding.doneWithTestCase(DataFileWriter_ESTest_scaffolding.java:68)
	at sun.reflect.GeneratedMethodAccessor5.invoke(Unknown Source)
	at sun.reflect.DelegatingMethodAccessorImpl.invoke(DelegatingMethodAccessorImpl.java:43)
	at java.lang.reflect.Method.invoke(Method.java:498)
	at org.junit.runners.model.FrameworkMethod$1.runReflectiveCall(FrameworkMethod.java:59)
	at org.junit.internal.runners.model.ReflectiveCallable.run(ReflectiveCallable.java:12)
	at org.junit.runners.model.FrameworkMethod.invokeExplosively(FrameworkMethod.java:56)
	at org.junit.internal.runners.statements.RunAfters.invokeMethod(RunAfters.java:46)
	at org.junit.internal.runners.statements.RunAfters.evaluate(RunAfters.java:33)
	at org.evosuite.runtime.vnet.NonFunctionalRequirementRule$1.evaluate(NonFunctionalRequirementRule.java:41)
	at org.junit.runners.ParentRunner$3.evaluate(ParentRunner.java:306)
	at org.junit.runners.BlockJUnit4ClassRunner$1.evaluate(BlockJUnit4ClassRunner.java:100)
	at org.junit.runners.ParentRunner.runLeaf(ParentRunner.java:366)
	at org.junit.runners.BlockJUnit4ClassRunner.runChild(BlockJUnit4ClassRunner.java:103)
	at org.junit.runners.BlockJUnit4ClassRunner.runChild(BlockJUnit4ClassRunner.java:63)
	at org.junit.runners.ParentRunner$4.run(ParentRunner.java:331)
	at org.junit.runners.ParentRunner$1.schedule(ParentRunner.java:79)
	at org.junit.runners.ParentRunner.runChildren(ParentRunner.java:329)
	at org.junit.runners.ParentRunner.access$100(ParentRunner.java:66)
	at org.junit.runners.ParentRunner$2.evaluate(ParentRunner.java:293)
	at org.junit.internal.runners.statements.RunBefores.evaluate(RunBefores.java:26)
	at org.junit.internal.runners.statements.RunAfters.evaluate(RunAfters.java:27)
	at org.junit.runners.ParentRunner$3.evaluate(ParentRunner.java:306)
	at org.junit.runners.ParentRunner.run(ParentRunner.java:413)
	at org.apache.maven.surefire.junit4.JUnit4Provider.execute(JUnit4Provider.java:316)
	at org.apache.maven.surefire.junit4.JUnit4Provider.executeWithRerun(JUnit4Provider.java:240)
	at org.apache.maven.surefire.junit4.JUnit4Provider.executeTestSet(JUnit4Provider.java:214)
	at org.apache.maven.surefire.junit4.JUnit4Provider.invoke(JUnit4Provider.java:155)
	at org.apache.maven.surefire.booter.ForkedBooter.runSuitesInProcess(ForkedBooter.java:385)
	at org.apache.maven.surefire.booter.ForkedBooter.execute(ForkedBooter.java:162)
	at org.apache.maven.surefire.booter.ForkedBooter.run(ForkedBooter.java:507)
	at org.apache.maven.surefire.booter.ForkedBooter.main(ForkedBooter.java:495)
]]></system-err>
  </testcase>
  <testcase name="test53" classname="org.apache.avro.file.DataFileWriter_ESTest" time="0.213">
    <system-err><![CDATA[java.lang.SecurityException: Security manager blocks ("java.lang.RuntimePermission" "loadLibrary./tmp/snappy-1.1.8-00000000-0100-4000-8200-000003000000-libsnappyjava.so")
java.lang.Thread.getStackTrace(Thread.java:1564)
org.evosuite.runtime.sandbox.MSecurityManager.checkPermission(MSecurityManager.java:424)
java.lang.SecurityManager.checkLink(SecurityManager.java:835)
java.lang.Runtime.load0(Runtime.java:776)
java.lang.System.load(System.java:1100)
org.xerial.snappy.SnappyLoader.loadNativeLibrary(SnappyLoader.java:198)
org.xerial.snappy.SnappyLoader.loadSnappyApi(SnappyLoader.java:167)
org.xerial.snappy.Snappy.init(Snappy.java:69)
org.xerial.snappy.Snappy.__STATIC_RESET(Snappy.java:46)
sun.reflect.GeneratedMethodAccessor21.invoke(Unknown Source)
sun.reflect.DelegatingMethodAccessorImpl.invoke(DelegatingMethodAccessorImpl.java:43)
java.lang.reflect.Method.invoke(Method.java:498)
org.evosuite.runtime.classhandling.ClassResetter.reset(ClassResetter.java:159)
org.evosuite.runtime.classhandling.ClassStateSupport.resetClasses(ClassStateSupport.java:137)
org.apache.avro.file.DataFileWriter_ESTest_scaffolding.resetClasses(DataFileWriter_ESTest_scaffolding.java:644)
org.apache.avro.file.DataFileWriter_ESTest_scaffolding.doneWithTestCase(DataFileWriter_ESTest_scaffolding.java:68)
sun.reflect.GeneratedMethodAccessor5.invoke(Unknown Source)
sun.reflect.DelegatingMethodAccessorImpl.invoke(DelegatingMethodAccessorImpl.java:43)
java.lang.reflect.Method.invoke(Method.java:498)
org.junit.runners.model.FrameworkMethod$1.runReflectiveCall(FrameworkMethod.java:59)
org.junit.internal.runners.model.ReflectiveCallable.run(ReflectiveCallable.java:12)
org.junit.runners.model.FrameworkMethod.invokeExplosively(FrameworkMethod.java:56)
org.junit.internal.runners.statements.RunAfters.invokeMethod(RunAfters.java:46)
org.junit.internal.runners.statements.RunAfters.evaluate(RunAfters.java:33)
org.evosuite.runtime.vnet.NonFunctionalRequirementRule$1.evaluate(NonFunctionalRequirementRule.java:41)
org.junit.runners.ParentRunner$3.evaluate(ParentRunner.java:306)
org.junit.runners.BlockJUnit4ClassRunner$1.evaluate(BlockJUnit4ClassRunner.java:100)
org.junit.runners.ParentRunner.runLeaf(ParentRunner.java:366)
org.junit.runners.BlockJUnit4ClassRunner.runChild(BlockJUnit4ClassRunner.java:103)
org.junit.runners.BlockJUnit4ClassRunner.runChild(BlockJUnit4ClassRunner.java:63)
org.junit.runners.ParentRunner$4.run(ParentRunner.java:331)
org.junit.runners.ParentRunner$1.schedule(ParentRunner.java:79)
org.junit.runners.ParentRunner.runChildren(ParentRunner.java:329)
org.junit.runners.ParentRunner.access$100(ParentRunner.java:66)
org.junit.runners.ParentRunner$2.evaluate(ParentRunner.java:293)
org.junit.internal.runners.statements.RunBefores.evaluate(RunBefores.java:26)
org.junit.internal.runners.statements.RunAfters.evaluate(RunAfters.java:27)
org.junit.runners.ParentRunner$3.evaluate(ParentRunner.java:306)
org.junit.runners.ParentRunner.run(ParentRunner.java:413)
org.apache.maven.surefire.junit4.JUnit4Provider.execute(JUnit4Provider.java:316)
org.apache.maven.surefire.junit4.JUnit4Provider.executeWithRerun(JUnit4Provider.java:240)
org.apache.maven.surefire.junit4.JUnit4Provider.executeTestSet(JUnit4Provider.java:214)
org.apache.maven.surefire.junit4.JUnit4Provider.invoke(JUnit4Provider.java:155)
org.apache.maven.surefire.booter.ForkedBooter.runSuitesInProcess(ForkedBooter.java:385)
org.apache.maven.surefire.booter.ForkedBooter.execute(ForkedBooter.java:162)
org.apache.maven.surefire.booter.ForkedBooter.run(ForkedBooter.java:507)
org.apache.maven.surefire.booter.ForkedBooter.main(ForkedBooter.java:495)

	at org.evosuite.runtime.sandbox.MSecurityManager.checkPermission(MSecurityManager.java:436)
	at java.lang.SecurityManager.checkLink(SecurityManager.java:835)
	at java.lang.Runtime.load0(Runtime.java:776)
	at java.lang.System.load(System.java:1100)
	at org.xerial.snappy.SnappyLoader.loadNativeLibrary(SnappyLoader.java:198)
	at org.xerial.snappy.SnappyLoader.loadSnappyApi(SnappyLoader.java:167)
	at org.xerial.snappy.Snappy.init(Snappy.java:69)
	at org.xerial.snappy.Snappy.__STATIC_RESET(Snappy.java:46)
	at sun.reflect.GeneratedMethodAccessor21.invoke(Unknown Source)
	at sun.reflect.DelegatingMethodAccessorImpl.invoke(DelegatingMethodAccessorImpl.java:43)
	at java.lang.reflect.Method.invoke(Method.java:498)
	at org.evosuite.runtime.classhandling.ClassResetter.reset(ClassResetter.java:159)
	at org.evosuite.runtime.classhandling.ClassStateSupport.resetClasses(ClassStateSupport.java:137)
	at org.apache.avro.file.DataFileWriter_ESTest_scaffolding.resetClasses(DataFileWriter_ESTest_scaffolding.java:644)
	at org.apache.avro.file.DataFileWriter_ESTest_scaffolding.doneWithTestCase(DataFileWriter_ESTest_scaffolding.java:68)
	at sun.reflect.GeneratedMethodAccessor5.invoke(Unknown Source)
	at sun.reflect.DelegatingMethodAccessorImpl.invoke(DelegatingMethodAccessorImpl.java:43)
	at java.lang.reflect.Method.invoke(Method.java:498)
	at org.junit.runners.model.FrameworkMethod$1.runReflectiveCall(FrameworkMethod.java:59)
	at org.junit.internal.runners.model.ReflectiveCallable.run(ReflectiveCallable.java:12)
	at org.junit.runners.model.FrameworkMethod.invokeExplosively(FrameworkMethod.java:56)
	at org.junit.internal.runners.statements.RunAfters.invokeMethod(RunAfters.java:46)
	at org.junit.internal.runners.statements.RunAfters.evaluate(RunAfters.java:33)
	at org.evosuite.runtime.vnet.NonFunctionalRequirementRule$1.evaluate(NonFunctionalRequirementRule.java:41)
	at org.junit.runners.ParentRunner$3.evaluate(ParentRunner.java:306)
	at org.junit.runners.BlockJUnit4ClassRunner$1.evaluate(BlockJUnit4ClassRunner.java:100)
	at org.junit.runners.ParentRunner.runLeaf(ParentRunner.java:366)
	at org.junit.runners.BlockJUnit4ClassRunner.runChild(BlockJUnit4ClassRunner.java:103)
	at org.junit.runners.BlockJUnit4ClassRunner.runChild(BlockJUnit4ClassRunner.java:63)
	at org.junit.runners.ParentRunner$4.run(ParentRunner.java:331)
	at org.junit.runners.ParentRunner$1.schedule(ParentRunner.java:79)
	at org.junit.runners.ParentRunner.runChildren(ParentRunner.java:329)
	at org.junit.runners.ParentRunner.access$100(ParentRunner.java:66)
	at org.junit.runners.ParentRunner$2.evaluate(ParentRunner.java:293)
	at org.junit.internal.runners.statements.RunBefores.evaluate(RunBefores.java:26)
	at org.junit.internal.runners.statements.RunAfters.evaluate(RunAfters.java:27)
	at org.junit.runners.ParentRunner$3.evaluate(ParentRunner.java:306)
	at org.junit.runners.ParentRunner.run(ParentRunner.java:413)
	at org.apache.maven.surefire.junit4.JUnit4Provider.execute(JUnit4Provider.java:316)
	at org.apache.maven.surefire.junit4.JUnit4Provider.executeWithRerun(JUnit4Provider.java:240)
	at org.apache.maven.surefire.junit4.JUnit4Provider.executeTestSet(JUnit4Provider.java:214)
	at org.apache.maven.surefire.junit4.JUnit4Provider.invoke(JUnit4Provider.java:155)
	at org.apache.maven.surefire.booter.ForkedBooter.runSuitesInProcess(ForkedBooter.java:385)
	at org.apache.maven.surefire.booter.ForkedBooter.execute(ForkedBooter.java:162)
	at org.apache.maven.surefire.booter.ForkedBooter.run(ForkedBooter.java:507)
	at org.apache.maven.surefire.booter.ForkedBooter.main(ForkedBooter.java:495)
]]></system-err>
  </testcase>
  <testcase name="test10" classname="org.apache.avro.file.DataFileWriter_ESTest" time="0.292">
    <system-err><![CDATA[java.lang.SecurityException: Security manager blocks ("java.lang.RuntimePermission" "loadLibrary./tmp/snappy-1.1.8-00000000-0100-4000-8200-000003000000-libsnappyjava.so")
java.lang.Thread.getStackTrace(Thread.java:1564)
org.evosuite.runtime.sandbox.MSecurityManager.checkPermission(MSecurityManager.java:424)
java.lang.SecurityManager.checkLink(SecurityManager.java:835)
java.lang.Runtime.load0(Runtime.java:776)
java.lang.System.load(System.java:1100)
org.xerial.snappy.SnappyLoader.loadNativeLibrary(SnappyLoader.java:198)
org.xerial.snappy.SnappyLoader.loadSnappyApi(SnappyLoader.java:167)
org.xerial.snappy.Snappy.init(Snappy.java:69)
org.xerial.snappy.Snappy.__STATIC_RESET(Snappy.java:46)
sun.reflect.GeneratedMethodAccessor21.invoke(Unknown Source)
sun.reflect.DelegatingMethodAccessorImpl.invoke(DelegatingMethodAccessorImpl.java:43)
java.lang.reflect.Method.invoke(Method.java:498)
org.evosuite.runtime.classhandling.ClassResetter.reset(ClassResetter.java:159)
org.evosuite.runtime.classhandling.ClassStateSupport.resetClasses(ClassStateSupport.java:137)
org.apache.avro.file.DataFileWriter_ESTest_scaffolding.resetClasses(DataFileWriter_ESTest_scaffolding.java:644)
org.apache.avro.file.DataFileWriter_ESTest_scaffolding.doneWithTestCase(DataFileWriter_ESTest_scaffolding.java:68)
sun.reflect.GeneratedMethodAccessor5.invoke(Unknown Source)
sun.reflect.DelegatingMethodAccessorImpl.invoke(DelegatingMethodAccessorImpl.java:43)
java.lang.reflect.Method.invoke(Method.java:498)
org.junit.runners.model.FrameworkMethod$1.runReflectiveCall(FrameworkMethod.java:59)
org.junit.internal.runners.model.ReflectiveCallable.run(ReflectiveCallable.java:12)
org.junit.runners.model.FrameworkMethod.invokeExplosively(FrameworkMethod.java:56)
org.junit.internal.runners.statements.RunAfters.invokeMethod(RunAfters.java:46)
org.junit.internal.runners.statements.RunAfters.evaluate(RunAfters.java:33)
org.evosuite.runtime.vnet.NonFunctionalRequirementRule$1.evaluate(NonFunctionalRequirementRule.java:41)
org.junit.runners.ParentRunner$3.evaluate(ParentRunner.java:306)
org.junit.runners.BlockJUnit4ClassRunner$1.evaluate(BlockJUnit4ClassRunner.java:100)
org.junit.runners.ParentRunner.runLeaf(ParentRunner.java:366)
org.junit.runners.BlockJUnit4ClassRunner.runChild(BlockJUnit4ClassRunner.java:103)
org.junit.runners.BlockJUnit4ClassRunner.runChild(BlockJUnit4ClassRunner.java:63)
org.junit.runners.ParentRunner$4.run(ParentRunner.java:331)
org.junit.runners.ParentRunner$1.schedule(ParentRunner.java:79)
org.junit.runners.ParentRunner.runChildren(ParentRunner.java:329)
org.junit.runners.ParentRunner.access$100(ParentRunner.java:66)
org.junit.runners.ParentRunner$2.evaluate(ParentRunner.java:293)
org.junit.internal.runners.statements.RunBefores.evaluate(RunBefores.java:26)
org.junit.internal.runners.statements.RunAfters.evaluate(RunAfters.java:27)
org.junit.runners.ParentRunner$3.evaluate(ParentRunner.java:306)
org.junit.runners.ParentRunner.run(ParentRunner.java:413)
org.apache.maven.surefire.junit4.JUnit4Provider.execute(JUnit4Provider.java:316)
org.apache.maven.surefire.junit4.JUnit4Provider.executeWithRerun(JUnit4Provider.java:240)
org.apache.maven.surefire.junit4.JUnit4Provider.executeTestSet(JUnit4Provider.java:214)
org.apache.maven.surefire.junit4.JUnit4Provider.invoke(JUnit4Provider.java:155)
org.apache.maven.surefire.booter.ForkedBooter.runSuitesInProcess(ForkedBooter.java:385)
org.apache.maven.surefire.booter.ForkedBooter.execute(ForkedBooter.java:162)
org.apache.maven.surefire.booter.ForkedBooter.run(ForkedBooter.java:507)
org.apache.maven.surefire.booter.ForkedBooter.main(ForkedBooter.java:495)

	at org.evosuite.runtime.sandbox.MSecurityManager.checkPermission(MSecurityManager.java:436)
	at java.lang.SecurityManager.checkLink(SecurityManager.java:835)
	at java.lang.Runtime.load0(Runtime.java:776)
	at java.lang.System.load(System.java:1100)
	at org.xerial.snappy.SnappyLoader.loadNativeLibrary(SnappyLoader.java:198)
	at org.xerial.snappy.SnappyLoader.loadSnappyApi(SnappyLoader.java:167)
	at org.xerial.snappy.Snappy.init(Snappy.java:69)
	at org.xerial.snappy.Snappy.__STATIC_RESET(Snappy.java:46)
	at sun.reflect.GeneratedMethodAccessor21.invoke(Unknown Source)
	at sun.reflect.DelegatingMethodAccessorImpl.invoke(DelegatingMethodAccessorImpl.java:43)
	at java.lang.reflect.Method.invoke(Method.java:498)
	at org.evosuite.runtime.classhandling.ClassResetter.reset(ClassResetter.java:159)
	at org.evosuite.runtime.classhandling.ClassStateSupport.resetClasses(ClassStateSupport.java:137)
	at org.apache.avro.file.DataFileWriter_ESTest_scaffolding.resetClasses(DataFileWriter_ESTest_scaffolding.java:644)
	at org.apache.avro.file.DataFileWriter_ESTest_scaffolding.doneWithTestCase(DataFileWriter_ESTest_scaffolding.java:68)
	at sun.reflect.GeneratedMethodAccessor5.invoke(Unknown Source)
	at sun.reflect.DelegatingMethodAccessorImpl.invoke(DelegatingMethodAccessorImpl.java:43)
	at java.lang.reflect.Method.invoke(Method.java:498)
	at org.junit.runners.model.FrameworkMethod$1.runReflectiveCall(FrameworkMethod.java:59)
	at org.junit.internal.runners.model.ReflectiveCallable.run(ReflectiveCallable.java:12)
	at org.junit.runners.model.FrameworkMethod.invokeExplosively(FrameworkMethod.java:56)
	at org.junit.internal.runners.statements.RunAfters.invokeMethod(RunAfters.java:46)
	at org.junit.internal.runners.statements.RunAfters.evaluate(RunAfters.java:33)
	at org.evosuite.runtime.vnet.NonFunctionalRequirementRule$1.evaluate(NonFunctionalRequirementRule.java:41)
	at org.junit.runners.ParentRunner$3.evaluate(ParentRunner.java:306)
	at org.junit.runners.BlockJUnit4ClassRunner$1.evaluate(BlockJUnit4ClassRunner.java:100)
	at org.junit.runners.ParentRunner.runLeaf(ParentRunner.java:366)
	at org.junit.runners.BlockJUnit4ClassRunner.runChild(BlockJUnit4ClassRunner.java:103)
	at org.junit.runners.BlockJUnit4ClassRunner.runChild(BlockJUnit4ClassRunner.java:63)
	at org.junit.runners.ParentRunner$4.run(ParentRunner.java:331)
	at org.junit.runners.ParentRunner$1.schedule(ParentRunner.java:79)
	at org.junit.runners.ParentRunner.runChildren(ParentRunner.java:329)
	at org.junit.runners.ParentRunner.access$100(ParentRunner.java:66)
	at org.junit.runners.ParentRunner$2.evaluate(ParentRunner.java:293)
	at org.junit.internal.runners.statements.RunBefores.evaluate(RunBefores.java:26)
	at org.junit.internal.runners.statements.RunAfters.evaluate(RunAfters.java:27)
	at org.junit.runners.ParentRunner$3.evaluate(ParentRunner.java:306)
	at org.junit.runners.ParentRunner.run(ParentRunner.java:413)
	at org.apache.maven.surefire.junit4.JUnit4Provider.execute(JUnit4Provider.java:316)
	at org.apache.maven.surefire.junit4.JUnit4Provider.executeWithRerun(JUnit4Provider.java:240)
	at org.apache.maven.surefire.junit4.JUnit4Provider.executeTestSet(JUnit4Provider.java:214)
	at org.apache.maven.surefire.junit4.JUnit4Provider.invoke(JUnit4Provider.java:155)
	at org.apache.maven.surefire.booter.ForkedBooter.runSuitesInProcess(ForkedBooter.java:385)
	at org.apache.maven.surefire.booter.ForkedBooter.execute(ForkedBooter.java:162)
	at org.apache.maven.surefire.booter.ForkedBooter.run(ForkedBooter.java:507)
	at org.apache.maven.surefire.booter.ForkedBooter.main(ForkedBooter.java:495)
]]></system-err>
  </testcase>
  <testcase name="test54" classname="org.apache.avro.file.DataFileWriter_ESTest" time="0.272">
    <system-err><![CDATA[java.lang.SecurityException: Security manager blocks ("java.lang.RuntimePermission" "loadLibrary./tmp/snappy-1.1.8-00000000-0100-4000-8200-000003000000-libsnappyjava.so")
java.lang.Thread.getStackTrace(Thread.java:1564)
org.evosuite.runtime.sandbox.MSecurityManager.checkPermission(MSecurityManager.java:424)
java.lang.SecurityManager.checkLink(SecurityManager.java:835)
java.lang.Runtime.load0(Runtime.java:776)
java.lang.System.load(System.java:1100)
org.xerial.snappy.SnappyLoader.loadNativeLibrary(SnappyLoader.java:198)
org.xerial.snappy.SnappyLoader.loadSnappyApi(SnappyLoader.java:167)
org.xerial.snappy.Snappy.init(Snappy.java:69)
org.xerial.snappy.Snappy.__STATIC_RESET(Snappy.java:46)
sun.reflect.GeneratedMethodAccessor21.invoke(Unknown Source)
sun.reflect.DelegatingMethodAccessorImpl.invoke(DelegatingMethodAccessorImpl.java:43)
java.lang.reflect.Method.invoke(Method.java:498)
org.evosuite.runtime.classhandling.ClassResetter.reset(ClassResetter.java:159)
org.evosuite.runtime.classhandling.ClassStateSupport.resetClasses(ClassStateSupport.java:137)
org.apache.avro.file.DataFileWriter_ESTest_scaffolding.resetClasses(DataFileWriter_ESTest_scaffolding.java:644)
org.apache.avro.file.DataFileWriter_ESTest_scaffolding.doneWithTestCase(DataFileWriter_ESTest_scaffolding.java:68)
sun.reflect.GeneratedMethodAccessor5.invoke(Unknown Source)
sun.reflect.DelegatingMethodAccessorImpl.invoke(DelegatingMethodAccessorImpl.java:43)
java.lang.reflect.Method.invoke(Method.java:498)
org.junit.runners.model.FrameworkMethod$1.runReflectiveCall(FrameworkMethod.java:59)
org.junit.internal.runners.model.ReflectiveCallable.run(ReflectiveCallable.java:12)
org.junit.runners.model.FrameworkMethod.invokeExplosively(FrameworkMethod.java:56)
org.junit.internal.runners.statements.RunAfters.invokeMethod(RunAfters.java:46)
org.junit.internal.runners.statements.RunAfters.evaluate(RunAfters.java:33)
org.evosuite.runtime.vnet.NonFunctionalRequirementRule$1.evaluate(NonFunctionalRequirementRule.java:41)
org.junit.runners.ParentRunner$3.evaluate(ParentRunner.java:306)
org.junit.runners.BlockJUnit4ClassRunner$1.evaluate(BlockJUnit4ClassRunner.java:100)
org.junit.runners.ParentRunner.runLeaf(ParentRunner.java:366)
org.junit.runners.BlockJUnit4ClassRunner.runChild(BlockJUnit4ClassRunner.java:103)
org.junit.runners.BlockJUnit4ClassRunner.runChild(BlockJUnit4ClassRunner.java:63)
org.junit.runners.ParentRunner$4.run(ParentRunner.java:331)
org.junit.runners.ParentRunner$1.schedule(ParentRunner.java:79)
org.junit.runners.ParentRunner.runChildren(ParentRunner.java:329)
org.junit.runners.ParentRunner.access$100(ParentRunner.java:66)
org.junit.runners.ParentRunner$2.evaluate(ParentRunner.java:293)
org.junit.internal.runners.statements.RunBefores.evaluate(RunBefores.java:26)
org.junit.internal.runners.statements.RunAfters.evaluate(RunAfters.java:27)
org.junit.runners.ParentRunner$3.evaluate(ParentRunner.java:306)
org.junit.runners.ParentRunner.run(ParentRunner.java:413)
org.apache.maven.surefire.junit4.JUnit4Provider.execute(JUnit4Provider.java:316)
org.apache.maven.surefire.junit4.JUnit4Provider.executeWithRerun(JUnit4Provider.java:240)
org.apache.maven.surefire.junit4.JUnit4Provider.executeTestSet(JUnit4Provider.java:214)
org.apache.maven.surefire.junit4.JUnit4Provider.invoke(JUnit4Provider.java:155)
org.apache.maven.surefire.booter.ForkedBooter.runSuitesInProcess(ForkedBooter.java:385)
org.apache.maven.surefire.booter.ForkedBooter.execute(ForkedBooter.java:162)
org.apache.maven.surefire.booter.ForkedBooter.run(ForkedBooter.java:507)
org.apache.maven.surefire.booter.ForkedBooter.main(ForkedBooter.java:495)

	at org.evosuite.runtime.sandbox.MSecurityManager.checkPermission(MSecurityManager.java:436)
	at java.lang.SecurityManager.checkLink(SecurityManager.java:835)
	at java.lang.Runtime.load0(Runtime.java:776)
	at java.lang.System.load(System.java:1100)
	at org.xerial.snappy.SnappyLoader.loadNativeLibrary(SnappyLoader.java:198)
	at org.xerial.snappy.SnappyLoader.loadSnappyApi(SnappyLoader.java:167)
	at org.xerial.snappy.Snappy.init(Snappy.java:69)
	at org.xerial.snappy.Snappy.__STATIC_RESET(Snappy.java:46)
	at sun.reflect.GeneratedMethodAccessor21.invoke(Unknown Source)
	at sun.reflect.DelegatingMethodAccessorImpl.invoke(DelegatingMethodAccessorImpl.java:43)
	at java.lang.reflect.Method.invoke(Method.java:498)
	at org.evosuite.runtime.classhandling.ClassResetter.reset(ClassResetter.java:159)
	at org.evosuite.runtime.classhandling.ClassStateSupport.resetClasses(ClassStateSupport.java:137)
	at org.apache.avro.file.DataFileWriter_ESTest_scaffolding.resetClasses(DataFileWriter_ESTest_scaffolding.java:644)
	at org.apache.avro.file.DataFileWriter_ESTest_scaffolding.doneWithTestCase(DataFileWriter_ESTest_scaffolding.java:68)
	at sun.reflect.GeneratedMethodAccessor5.invoke(Unknown Source)
	at sun.reflect.DelegatingMethodAccessorImpl.invoke(DelegatingMethodAccessorImpl.java:43)
	at java.lang.reflect.Method.invoke(Method.java:498)
	at org.junit.runners.model.FrameworkMethod$1.runReflectiveCall(FrameworkMethod.java:59)
	at org.junit.internal.runners.model.ReflectiveCallable.run(ReflectiveCallable.java:12)
	at org.junit.runners.model.FrameworkMethod.invokeExplosively(FrameworkMethod.java:56)
	at org.junit.internal.runners.statements.RunAfters.invokeMethod(RunAfters.java:46)
	at org.junit.internal.runners.statements.RunAfters.evaluate(RunAfters.java:33)
	at org.evosuite.runtime.vnet.NonFunctionalRequirementRule$1.evaluate(NonFunctionalRequirementRule.java:41)
	at org.junit.runners.ParentRunner$3.evaluate(ParentRunner.java:306)
	at org.junit.runners.BlockJUnit4ClassRunner$1.evaluate(BlockJUnit4ClassRunner.java:100)
	at org.junit.runners.ParentRunner.runLeaf(ParentRunner.java:366)
	at org.junit.runners.BlockJUnit4ClassRunner.runChild(BlockJUnit4ClassRunner.java:103)
	at org.junit.runners.BlockJUnit4ClassRunner.runChild(BlockJUnit4ClassRunner.java:63)
	at org.junit.runners.ParentRunner$4.run(ParentRunner.java:331)
	at org.junit.runners.ParentRunner$1.schedule(ParentRunner.java:79)
	at org.junit.runners.ParentRunner.runChildren(ParentRunner.java:329)
	at org.junit.runners.ParentRunner.access$100(ParentRunner.java:66)
	at org.junit.runners.ParentRunner$2.evaluate(ParentRunner.java:293)
	at org.junit.internal.runners.statements.RunBefores.evaluate(RunBefores.java:26)
	at org.junit.internal.runners.statements.RunAfters.evaluate(RunAfters.java:27)
	at org.junit.runners.ParentRunner$3.evaluate(ParentRunner.java:306)
	at org.junit.runners.ParentRunner.run(ParentRunner.java:413)
	at org.apache.maven.surefire.junit4.JUnit4Provider.execute(JUnit4Provider.java:316)
	at org.apache.maven.surefire.junit4.JUnit4Provider.executeWithRerun(JUnit4Provider.java:240)
	at org.apache.maven.surefire.junit4.JUnit4Provider.executeTestSet(JUnit4Provider.java:214)
	at org.apache.maven.surefire.junit4.JUnit4Provider.invoke(JUnit4Provider.java:155)
	at org.apache.maven.surefire.booter.ForkedBooter.runSuitesInProcess(ForkedBooter.java:385)
	at org.apache.maven.surefire.booter.ForkedBooter.execute(ForkedBooter.java:162)
	at org.apache.maven.surefire.booter.ForkedBooter.run(ForkedBooter.java:507)
	at org.apache.maven.surefire.booter.ForkedBooter.main(ForkedBooter.java:495)
]]></system-err>
  </testcase>
  <testcase name="test40" classname="org.apache.avro.file.DataFileWriter_ESTest" time="0.209">
    <system-err><![CDATA[java.lang.SecurityException: Security manager blocks ("java.lang.RuntimePermission" "loadLibrary./tmp/snappy-1.1.8-00000000-0100-4000-8200-000003000000-libsnappyjava.so")
java.lang.Thread.getStackTrace(Thread.java:1564)
org.evosuite.runtime.sandbox.MSecurityManager.checkPermission(MSecurityManager.java:424)
java.lang.SecurityManager.checkLink(SecurityManager.java:835)
java.lang.Runtime.load0(Runtime.java:776)
java.lang.System.load(System.java:1100)
org.xerial.snappy.SnappyLoader.loadNativeLibrary(SnappyLoader.java:198)
org.xerial.snappy.SnappyLoader.loadSnappyApi(SnappyLoader.java:167)
org.xerial.snappy.Snappy.init(Snappy.java:69)
org.xerial.snappy.Snappy.__STATIC_RESET(Snappy.java:46)
sun.reflect.GeneratedMethodAccessor21.invoke(Unknown Source)
sun.reflect.DelegatingMethodAccessorImpl.invoke(DelegatingMethodAccessorImpl.java:43)
java.lang.reflect.Method.invoke(Method.java:498)
org.evosuite.runtime.classhandling.ClassResetter.reset(ClassResetter.java:159)
org.evosuite.runtime.classhandling.ClassStateSupport.resetClasses(ClassStateSupport.java:137)
org.apache.avro.file.DataFileWriter_ESTest_scaffolding.resetClasses(DataFileWriter_ESTest_scaffolding.java:644)
org.apache.avro.file.DataFileWriter_ESTest_scaffolding.doneWithTestCase(DataFileWriter_ESTest_scaffolding.java:68)
sun.reflect.GeneratedMethodAccessor5.invoke(Unknown Source)
sun.reflect.DelegatingMethodAccessorImpl.invoke(DelegatingMethodAccessorImpl.java:43)
java.lang.reflect.Method.invoke(Method.java:498)
org.junit.runners.model.FrameworkMethod$1.runReflectiveCall(FrameworkMethod.java:59)
org.junit.internal.runners.model.ReflectiveCallable.run(ReflectiveCallable.java:12)
org.junit.runners.model.FrameworkMethod.invokeExplosively(FrameworkMethod.java:56)
org.junit.internal.runners.statements.RunAfters.invokeMethod(RunAfters.java:46)
org.junit.internal.runners.statements.RunAfters.evaluate(RunAfters.java:33)
org.evosuite.runtime.vnet.NonFunctionalRequirementRule$1.evaluate(NonFunctionalRequirementRule.java:41)
org.junit.runners.ParentRunner$3.evaluate(ParentRunner.java:306)
org.junit.runners.BlockJUnit4ClassRunner$1.evaluate(BlockJUnit4ClassRunner.java:100)
org.junit.runners.ParentRunner.runLeaf(ParentRunner.java:366)
org.junit.runners.BlockJUnit4ClassRunner.runChild(BlockJUnit4ClassRunner.java:103)
org.junit.runners.BlockJUnit4ClassRunner.runChild(BlockJUnit4ClassRunner.java:63)
org.junit.runners.ParentRunner$4.run(ParentRunner.java:331)
org.junit.runners.ParentRunner$1.schedule(ParentRunner.java:79)
org.junit.runners.ParentRunner.runChildren(ParentRunner.java:329)
org.junit.runners.ParentRunner.access$100(ParentRunner.java:66)
org.junit.runners.ParentRunner$2.evaluate(ParentRunner.java:293)
org.junit.internal.runners.statements.RunBefores.evaluate(RunBefores.java:26)
org.junit.internal.runners.statements.RunAfters.evaluate(RunAfters.java:27)
org.junit.runners.ParentRunner$3.evaluate(ParentRunner.java:306)
org.junit.runners.ParentRunner.run(ParentRunner.java:413)
org.apache.maven.surefire.junit4.JUnit4Provider.execute(JUnit4Provider.java:316)
org.apache.maven.surefire.junit4.JUnit4Provider.executeWithRerun(JUnit4Provider.java:240)
org.apache.maven.surefire.junit4.JUnit4Provider.executeTestSet(JUnit4Provider.java:214)
org.apache.maven.surefire.junit4.JUnit4Provider.invoke(JUnit4Provider.java:155)
org.apache.maven.surefire.booter.ForkedBooter.runSuitesInProcess(ForkedBooter.java:385)
org.apache.maven.surefire.booter.ForkedBooter.execute(ForkedBooter.java:162)
org.apache.maven.surefire.booter.ForkedBooter.run(ForkedBooter.java:507)
org.apache.maven.surefire.booter.ForkedBooter.main(ForkedBooter.java:495)

	at org.evosuite.runtime.sandbox.MSecurityManager.checkPermission(MSecurityManager.java:436)
	at java.lang.SecurityManager.checkLink(SecurityManager.java:835)
	at java.lang.Runtime.load0(Runtime.java:776)
	at java.lang.System.load(System.java:1100)
	at org.xerial.snappy.SnappyLoader.loadNativeLibrary(SnappyLoader.java:198)
	at org.xerial.snappy.SnappyLoader.loadSnappyApi(SnappyLoader.java:167)
	at org.xerial.snappy.Snappy.init(Snappy.java:69)
	at org.xerial.snappy.Snappy.__STATIC_RESET(Snappy.java:46)
	at sun.reflect.GeneratedMethodAccessor21.invoke(Unknown Source)
	at sun.reflect.DelegatingMethodAccessorImpl.invoke(DelegatingMethodAccessorImpl.java:43)
	at java.lang.reflect.Method.invoke(Method.java:498)
	at org.evosuite.runtime.classhandling.ClassResetter.reset(ClassResetter.java:159)
	at org.evosuite.runtime.classhandling.ClassStateSupport.resetClasses(ClassStateSupport.java:137)
	at org.apache.avro.file.DataFileWriter_ESTest_scaffolding.resetClasses(DataFileWriter_ESTest_scaffolding.java:644)
	at org.apache.avro.file.DataFileWriter_ESTest_scaffolding.doneWithTestCase(DataFileWriter_ESTest_scaffolding.java:68)
	at sun.reflect.GeneratedMethodAccessor5.invoke(Unknown Source)
	at sun.reflect.DelegatingMethodAccessorImpl.invoke(DelegatingMethodAccessorImpl.java:43)
	at java.lang.reflect.Method.invoke(Method.java:498)
	at org.junit.runners.model.FrameworkMethod$1.runReflectiveCall(FrameworkMethod.java:59)
	at org.junit.internal.runners.model.ReflectiveCallable.run(ReflectiveCallable.java:12)
	at org.junit.runners.model.FrameworkMethod.invokeExplosively(FrameworkMethod.java:56)
	at org.junit.internal.runners.statements.RunAfters.invokeMethod(RunAfters.java:46)
	at org.junit.internal.runners.statements.RunAfters.evaluate(RunAfters.java:33)
	at org.evosuite.runtime.vnet.NonFunctionalRequirementRule$1.evaluate(NonFunctionalRequirementRule.java:41)
	at org.junit.runners.ParentRunner$3.evaluate(ParentRunner.java:306)
	at org.junit.runners.BlockJUnit4ClassRunner$1.evaluate(BlockJUnit4ClassRunner.java:100)
	at org.junit.runners.ParentRunner.runLeaf(ParentRunner.java:366)
	at org.junit.runners.BlockJUnit4ClassRunner.runChild(BlockJUnit4ClassRunner.java:103)
	at org.junit.runners.BlockJUnit4ClassRunner.runChild(BlockJUnit4ClassRunner.java:63)
	at org.junit.runners.ParentRunner$4.run(ParentRunner.java:331)
	at org.junit.runners.ParentRunner$1.schedule(ParentRunner.java:79)
	at org.junit.runners.ParentRunner.runChildren(ParentRunner.java:329)
	at org.junit.runners.ParentRunner.access$100(ParentRunner.java:66)
	at org.junit.runners.ParentRunner$2.evaluate(ParentRunner.java:293)
	at org.junit.internal.runners.statements.RunBefores.evaluate(RunBefores.java:26)
	at org.junit.internal.runners.statements.RunAfters.evaluate(RunAfters.java:27)
	at org.junit.runners.ParentRunner$3.evaluate(ParentRunner.java:306)
	at org.junit.runners.ParentRunner.run(ParentRunner.java:413)
	at org.apache.maven.surefire.junit4.JUnit4Provider.execute(JUnit4Provider.java:316)
	at org.apache.maven.surefire.junit4.JUnit4Provider.executeWithRerun(JUnit4Provider.java:240)
	at org.apache.maven.surefire.junit4.JUnit4Provider.executeTestSet(JUnit4Provider.java:214)
	at org.apache.maven.surefire.junit4.JUnit4Provider.invoke(JUnit4Provider.java:155)
	at org.apache.maven.surefire.booter.ForkedBooter.runSuitesInProcess(ForkedBooter.java:385)
	at org.apache.maven.surefire.booter.ForkedBooter.execute(ForkedBooter.java:162)
	at org.apache.maven.surefire.booter.ForkedBooter.run(ForkedBooter.java:507)
	at org.apache.maven.surefire.booter.ForkedBooter.main(ForkedBooter.java:495)
]]></system-err>
  </testcase>
  <testcase name="test41" classname="org.apache.avro.file.DataFileWriter_ESTest" time="0.194">
    <system-err><![CDATA[java.lang.SecurityException: Security manager blocks ("java.lang.RuntimePermission" "loadLibrary./tmp/snappy-1.1.8-00000000-0100-4000-8200-000003000000-libsnappyjava.so")
java.lang.Thread.getStackTrace(Thread.java:1564)
org.evosuite.runtime.sandbox.MSecurityManager.checkPermission(MSecurityManager.java:424)
java.lang.SecurityManager.checkLink(SecurityManager.java:835)
java.lang.Runtime.load0(Runtime.java:776)
java.lang.System.load(System.java:1100)
org.xerial.snappy.SnappyLoader.loadNativeLibrary(SnappyLoader.java:198)
org.xerial.snappy.SnappyLoader.loadSnappyApi(SnappyLoader.java:167)
org.xerial.snappy.Snappy.init(Snappy.java:69)
org.xerial.snappy.Snappy.__STATIC_RESET(Snappy.java:46)
sun.reflect.GeneratedMethodAccessor21.invoke(Unknown Source)
sun.reflect.DelegatingMethodAccessorImpl.invoke(DelegatingMethodAccessorImpl.java:43)
java.lang.reflect.Method.invoke(Method.java:498)
org.evosuite.runtime.classhandling.ClassResetter.reset(ClassResetter.java:159)
org.evosuite.runtime.classhandling.ClassStateSupport.resetClasses(ClassStateSupport.java:137)
org.apache.avro.file.DataFileWriter_ESTest_scaffolding.resetClasses(DataFileWriter_ESTest_scaffolding.java:644)
org.apache.avro.file.DataFileWriter_ESTest_scaffolding.doneWithTestCase(DataFileWriter_ESTest_scaffolding.java:68)
sun.reflect.GeneratedMethodAccessor5.invoke(Unknown Source)
sun.reflect.DelegatingMethodAccessorImpl.invoke(DelegatingMethodAccessorImpl.java:43)
java.lang.reflect.Method.invoke(Method.java:498)
org.junit.runners.model.FrameworkMethod$1.runReflectiveCall(FrameworkMethod.java:59)
org.junit.internal.runners.model.ReflectiveCallable.run(ReflectiveCallable.java:12)
org.junit.runners.model.FrameworkMethod.invokeExplosively(FrameworkMethod.java:56)
org.junit.internal.runners.statements.RunAfters.invokeMethod(RunAfters.java:46)
org.junit.internal.runners.statements.RunAfters.evaluate(RunAfters.java:33)
org.evosuite.runtime.vnet.NonFunctionalRequirementRule$1.evaluate(NonFunctionalRequirementRule.java:41)
org.junit.runners.ParentRunner$3.evaluate(ParentRunner.java:306)
org.junit.runners.BlockJUnit4ClassRunner$1.evaluate(BlockJUnit4ClassRunner.java:100)
org.junit.runners.ParentRunner.runLeaf(ParentRunner.java:366)
org.junit.runners.BlockJUnit4ClassRunner.runChild(BlockJUnit4ClassRunner.java:103)
org.junit.runners.BlockJUnit4ClassRunner.runChild(BlockJUnit4ClassRunner.java:63)
org.junit.runners.ParentRunner$4.run(ParentRunner.java:331)
org.junit.runners.ParentRunner$1.schedule(ParentRunner.java:79)
org.junit.runners.ParentRunner.runChildren(ParentRunner.java:329)
org.junit.runners.ParentRunner.access$100(ParentRunner.java:66)
org.junit.runners.ParentRunner$2.evaluate(ParentRunner.java:293)
org.junit.internal.runners.statements.RunBefores.evaluate(RunBefores.java:26)
org.junit.internal.runners.statements.RunAfters.evaluate(RunAfters.java:27)
org.junit.runners.ParentRunner$3.evaluate(ParentRunner.java:306)
org.junit.runners.ParentRunner.run(ParentRunner.java:413)
org.apache.maven.surefire.junit4.JUnit4Provider.execute(JUnit4Provider.java:316)
org.apache.maven.surefire.junit4.JUnit4Provider.executeWithRerun(JUnit4Provider.java:240)
org.apache.maven.surefire.junit4.JUnit4Provider.executeTestSet(JUnit4Provider.java:214)
org.apache.maven.surefire.junit4.JUnit4Provider.invoke(JUnit4Provider.java:155)
org.apache.maven.surefire.booter.ForkedBooter.runSuitesInProcess(ForkedBooter.java:385)
org.apache.maven.surefire.booter.ForkedBooter.execute(ForkedBooter.java:162)
org.apache.maven.surefire.booter.ForkedBooter.run(ForkedBooter.java:507)
org.apache.maven.surefire.booter.ForkedBooter.main(ForkedBooter.java:495)

	at org.evosuite.runtime.sandbox.MSecurityManager.checkPermission(MSecurityManager.java:436)
	at java.lang.SecurityManager.checkLink(SecurityManager.java:835)
	at java.lang.Runtime.load0(Runtime.java:776)
	at java.lang.System.load(System.java:1100)
	at org.xerial.snappy.SnappyLoader.loadNativeLibrary(SnappyLoader.java:198)
	at org.xerial.snappy.SnappyLoader.loadSnappyApi(SnappyLoader.java:167)
	at org.xerial.snappy.Snappy.init(Snappy.java:69)
	at org.xerial.snappy.Snappy.__STATIC_RESET(Snappy.java:46)
	at sun.reflect.GeneratedMethodAccessor21.invoke(Unknown Source)
	at sun.reflect.DelegatingMethodAccessorImpl.invoke(DelegatingMethodAccessorImpl.java:43)
	at java.lang.reflect.Method.invoke(Method.java:498)
	at org.evosuite.runtime.classhandling.ClassResetter.reset(ClassResetter.java:159)
	at org.evosuite.runtime.classhandling.ClassStateSupport.resetClasses(ClassStateSupport.java:137)
	at org.apache.avro.file.DataFileWriter_ESTest_scaffolding.resetClasses(DataFileWriter_ESTest_scaffolding.java:644)
	at org.apache.avro.file.DataFileWriter_ESTest_scaffolding.doneWithTestCase(DataFileWriter_ESTest_scaffolding.java:68)
	at sun.reflect.GeneratedMethodAccessor5.invoke(Unknown Source)
	at sun.reflect.DelegatingMethodAccessorImpl.invoke(DelegatingMethodAccessorImpl.java:43)
	at java.lang.reflect.Method.invoke(Method.java:498)
	at org.junit.runners.model.FrameworkMethod$1.runReflectiveCall(FrameworkMethod.java:59)
	at org.junit.internal.runners.model.ReflectiveCallable.run(ReflectiveCallable.java:12)
	at org.junit.runners.model.FrameworkMethod.invokeExplosively(FrameworkMethod.java:56)
	at org.junit.internal.runners.statements.RunAfters.invokeMethod(RunAfters.java:46)
	at org.junit.internal.runners.statements.RunAfters.evaluate(RunAfters.java:33)
	at org.evosuite.runtime.vnet.NonFunctionalRequirementRule$1.evaluate(NonFunctionalRequirementRule.java:41)
	at org.junit.runners.ParentRunner$3.evaluate(ParentRunner.java:306)
	at org.junit.runners.BlockJUnit4ClassRunner$1.evaluate(BlockJUnit4ClassRunner.java:100)
	at org.junit.runners.ParentRunner.runLeaf(ParentRunner.java:366)
	at org.junit.runners.BlockJUnit4ClassRunner.runChild(BlockJUnit4ClassRunner.java:103)
	at org.junit.runners.BlockJUnit4ClassRunner.runChild(BlockJUnit4ClassRunner.java:63)
	at org.junit.runners.ParentRunner$4.run(ParentRunner.java:331)
	at org.junit.runners.ParentRunner$1.schedule(ParentRunner.java:79)
	at org.junit.runners.ParentRunner.runChildren(ParentRunner.java:329)
	at org.junit.runners.ParentRunner.access$100(ParentRunner.java:66)
	at org.junit.runners.ParentRunner$2.evaluate(ParentRunner.java:293)
	at org.junit.internal.runners.statements.RunBefores.evaluate(RunBefores.java:26)
	at org.junit.internal.runners.statements.RunAfters.evaluate(RunAfters.java:27)
	at org.junit.runners.ParentRunner$3.evaluate(ParentRunner.java:306)
	at org.junit.runners.ParentRunner.run(ParentRunner.java:413)
	at org.apache.maven.surefire.junit4.JUnit4Provider.execute(JUnit4Provider.java:316)
	at org.apache.maven.surefire.junit4.JUnit4Provider.executeWithRerun(JUnit4Provider.java:240)
	at org.apache.maven.surefire.junit4.JUnit4Provider.executeTestSet(JUnit4Provider.java:214)
	at org.apache.maven.surefire.junit4.JUnit4Provider.invoke(JUnit4Provider.java:155)
	at org.apache.maven.surefire.booter.ForkedBooter.runSuitesInProcess(ForkedBooter.java:385)
	at org.apache.maven.surefire.booter.ForkedBooter.execute(ForkedBooter.java:162)
	at org.apache.maven.surefire.booter.ForkedBooter.run(ForkedBooter.java:507)
	at org.apache.maven.surefire.booter.ForkedBooter.main(ForkedBooter.java:495)
]]></system-err>
  </testcase>
  <testcase name="test80" classname="org.apache.avro.file.DataFileWriter_ESTest" time="0.173">
    <system-err><![CDATA[java.lang.SecurityException: Security manager blocks ("java.lang.RuntimePermission" "loadLibrary./tmp/snappy-1.1.8-00000000-0100-4000-8200-000003000000-libsnappyjava.so")
java.lang.Thread.getStackTrace(Thread.java:1564)
org.evosuite.runtime.sandbox.MSecurityManager.checkPermission(MSecurityManager.java:424)
java.lang.SecurityManager.checkLink(SecurityManager.java:835)
java.lang.Runtime.load0(Runtime.java:776)
java.lang.System.load(System.java:1100)
org.xerial.snappy.SnappyLoader.loadNativeLibrary(SnappyLoader.java:198)
org.xerial.snappy.SnappyLoader.loadSnappyApi(SnappyLoader.java:167)
org.xerial.snappy.Snappy.init(Snappy.java:69)
org.xerial.snappy.Snappy.__STATIC_RESET(Snappy.java:46)
sun.reflect.GeneratedMethodAccessor21.invoke(Unknown Source)
sun.reflect.DelegatingMethodAccessorImpl.invoke(DelegatingMethodAccessorImpl.java:43)
java.lang.reflect.Method.invoke(Method.java:498)
org.evosuite.runtime.classhandling.ClassResetter.reset(ClassResetter.java:159)
org.evosuite.runtime.classhandling.ClassStateSupport.resetClasses(ClassStateSupport.java:137)
org.apache.avro.file.DataFileWriter_ESTest_scaffolding.resetClasses(DataFileWriter_ESTest_scaffolding.java:644)
org.apache.avro.file.DataFileWriter_ESTest_scaffolding.doneWithTestCase(DataFileWriter_ESTest_scaffolding.java:68)
sun.reflect.GeneratedMethodAccessor5.invoke(Unknown Source)
sun.reflect.DelegatingMethodAccessorImpl.invoke(DelegatingMethodAccessorImpl.java:43)
java.lang.reflect.Method.invoke(Method.java:498)
org.junit.runners.model.FrameworkMethod$1.runReflectiveCall(FrameworkMethod.java:59)
org.junit.internal.runners.model.ReflectiveCallable.run(ReflectiveCallable.java:12)
org.junit.runners.model.FrameworkMethod.invokeExplosively(FrameworkMethod.java:56)
org.junit.internal.runners.statements.RunAfters.invokeMethod(RunAfters.java:46)
org.junit.internal.runners.statements.RunAfters.evaluate(RunAfters.java:33)
org.evosuite.runtime.vnet.NonFunctionalRequirementRule$1.evaluate(NonFunctionalRequirementRule.java:41)
org.junit.runners.ParentRunner$3.evaluate(ParentRunner.java:306)
org.junit.runners.BlockJUnit4ClassRunner$1.evaluate(BlockJUnit4ClassRunner.java:100)
org.junit.runners.ParentRunner.runLeaf(ParentRunner.java:366)
org.junit.runners.BlockJUnit4ClassRunner.runChild(BlockJUnit4ClassRunner.java:103)
org.junit.runners.BlockJUnit4ClassRunner.runChild(BlockJUnit4ClassRunner.java:63)
org.junit.runners.ParentRunner$4.run(ParentRunner.java:331)
org.junit.runners.ParentRunner$1.schedule(ParentRunner.java:79)
org.junit.runners.ParentRunner.runChildren(ParentRunner.java:329)
org.junit.runners.ParentRunner.access$100(ParentRunner.java:66)
org.junit.runners.ParentRunner$2.evaluate(ParentRunner.java:293)
org.junit.internal.runners.statements.RunBefores.evaluate(RunBefores.java:26)
org.junit.internal.runners.statements.RunAfters.evaluate(RunAfters.java:27)
org.junit.runners.ParentRunner$3.evaluate(ParentRunner.java:306)
org.junit.runners.ParentRunner.run(ParentRunner.java:413)
org.apache.maven.surefire.junit4.JUnit4Provider.execute(JUnit4Provider.java:316)
org.apache.maven.surefire.junit4.JUnit4Provider.executeWithRerun(JUnit4Provider.java:240)
org.apache.maven.surefire.junit4.JUnit4Provider.executeTestSet(JUnit4Provider.java:214)
org.apache.maven.surefire.junit4.JUnit4Provider.invoke(JUnit4Provider.java:155)
org.apache.maven.surefire.booter.ForkedBooter.runSuitesInProcess(ForkedBooter.java:385)
org.apache.maven.surefire.booter.ForkedBooter.execute(ForkedBooter.java:162)
org.apache.maven.surefire.booter.ForkedBooter.run(ForkedBooter.java:507)
org.apache.maven.surefire.booter.ForkedBooter.main(ForkedBooter.java:495)

	at org.evosuite.runtime.sandbox.MSecurityManager.checkPermission(MSecurityManager.java:436)
	at java.lang.SecurityManager.checkLink(SecurityManager.java:835)
	at java.lang.Runtime.load0(Runtime.java:776)
	at java.lang.System.load(System.java:1100)
	at org.xerial.snappy.SnappyLoader.loadNativeLibrary(SnappyLoader.java:198)
	at org.xerial.snappy.SnappyLoader.loadSnappyApi(SnappyLoader.java:167)
	at org.xerial.snappy.Snappy.init(Snappy.java:69)
	at org.xerial.snappy.Snappy.__STATIC_RESET(Snappy.java:46)
	at sun.reflect.GeneratedMethodAccessor21.invoke(Unknown Source)
	at sun.reflect.DelegatingMethodAccessorImpl.invoke(DelegatingMethodAccessorImpl.java:43)
	at java.lang.reflect.Method.invoke(Method.java:498)
	at org.evosuite.runtime.classhandling.ClassResetter.reset(ClassResetter.java:159)
	at org.evosuite.runtime.classhandling.ClassStateSupport.resetClasses(ClassStateSupport.java:137)
	at org.apache.avro.file.DataFileWriter_ESTest_scaffolding.resetClasses(DataFileWriter_ESTest_scaffolding.java:644)
	at org.apache.avro.file.DataFileWriter_ESTest_scaffolding.doneWithTestCase(DataFileWriter_ESTest_scaffolding.java:68)
	at sun.reflect.GeneratedMethodAccessor5.invoke(Unknown Source)
	at sun.reflect.DelegatingMethodAccessorImpl.invoke(DelegatingMethodAccessorImpl.java:43)
	at java.lang.reflect.Method.invoke(Method.java:498)
	at org.junit.runners.model.FrameworkMethod$1.runReflectiveCall(FrameworkMethod.java:59)
	at org.junit.internal.runners.model.ReflectiveCallable.run(ReflectiveCallable.java:12)
	at org.junit.runners.model.FrameworkMethod.invokeExplosively(FrameworkMethod.java:56)
	at org.junit.internal.runners.statements.RunAfters.invokeMethod(RunAfters.java:46)
	at org.junit.internal.runners.statements.RunAfters.evaluate(RunAfters.java:33)
	at org.evosuite.runtime.vnet.NonFunctionalRequirementRule$1.evaluate(NonFunctionalRequirementRule.java:41)
	at org.junit.runners.ParentRunner$3.evaluate(ParentRunner.java:306)
	at org.junit.runners.BlockJUnit4ClassRunner$1.evaluate(BlockJUnit4ClassRunner.java:100)
	at org.junit.runners.ParentRunner.runLeaf(ParentRunner.java:366)
	at org.junit.runners.BlockJUnit4ClassRunner.runChild(BlockJUnit4ClassRunner.java:103)
	at org.junit.runners.BlockJUnit4ClassRunner.runChild(BlockJUnit4ClassRunner.java:63)
	at org.junit.runners.ParentRunner$4.run(ParentRunner.java:331)
	at org.junit.runners.ParentRunner$1.schedule(ParentRunner.java:79)
	at org.junit.runners.ParentRunner.runChildren(ParentRunner.java:329)
	at org.junit.runners.ParentRunner.access$100(ParentRunner.java:66)
	at org.junit.runners.ParentRunner$2.evaluate(ParentRunner.java:293)
	at org.junit.internal.runners.statements.RunBefores.evaluate(RunBefores.java:26)
	at org.junit.internal.runners.statements.RunAfters.evaluate(RunAfters.java:27)
	at org.junit.runners.ParentRunner$3.evaluate(ParentRunner.java:306)
	at org.junit.runners.ParentRunner.run(ParentRunner.java:413)
	at org.apache.maven.surefire.junit4.JUnit4Provider.execute(JUnit4Provider.java:316)
	at org.apache.maven.surefire.junit4.JUnit4Provider.executeWithRerun(JUnit4Provider.java:240)
	at org.apache.maven.surefire.junit4.JUnit4Provider.executeTestSet(JUnit4Provider.java:214)
	at org.apache.maven.surefire.junit4.JUnit4Provider.invoke(JUnit4Provider.java:155)
	at org.apache.maven.surefire.booter.ForkedBooter.runSuitesInProcess(ForkedBooter.java:385)
	at org.apache.maven.surefire.booter.ForkedBooter.execute(ForkedBooter.java:162)
	at org.apache.maven.surefire.booter.ForkedBooter.run(ForkedBooter.java:507)
	at org.apache.maven.surefire.booter.ForkedBooter.main(ForkedBooter.java:495)
]]></system-err>
  </testcase>
  <testcase name="test81" classname="org.apache.avro.file.DataFileWriter_ESTest" time="0.147">
    <system-err><![CDATA[java.lang.SecurityException: Security manager blocks ("java.lang.RuntimePermission" "loadLibrary./tmp/snappy-1.1.8-00000000-0100-4000-8200-000003000000-libsnappyjava.so")
java.lang.Thread.getStackTrace(Thread.java:1564)
org.evosuite.runtime.sandbox.MSecurityManager.checkPermission(MSecurityManager.java:424)
java.lang.SecurityManager.checkLink(SecurityManager.java:835)
java.lang.Runtime.load0(Runtime.java:776)
java.lang.System.load(System.java:1100)
org.xerial.snappy.SnappyLoader.loadNativeLibrary(SnappyLoader.java:198)
org.xerial.snappy.SnappyLoader.loadSnappyApi(SnappyLoader.java:167)
org.xerial.snappy.Snappy.init(Snappy.java:69)
org.xerial.snappy.Snappy.__STATIC_RESET(Snappy.java:46)
sun.reflect.GeneratedMethodAccessor21.invoke(Unknown Source)
sun.reflect.DelegatingMethodAccessorImpl.invoke(DelegatingMethodAccessorImpl.java:43)
java.lang.reflect.Method.invoke(Method.java:498)
org.evosuite.runtime.classhandling.ClassResetter.reset(ClassResetter.java:159)
org.evosuite.runtime.classhandling.ClassStateSupport.resetClasses(ClassStateSupport.java:137)
org.apache.avro.file.DataFileWriter_ESTest_scaffolding.resetClasses(DataFileWriter_ESTest_scaffolding.java:644)
org.apache.avro.file.DataFileWriter_ESTest_scaffolding.doneWithTestCase(DataFileWriter_ESTest_scaffolding.java:68)
sun.reflect.GeneratedMethodAccessor5.invoke(Unknown Source)
sun.reflect.DelegatingMethodAccessorImpl.invoke(DelegatingMethodAccessorImpl.java:43)
java.lang.reflect.Method.invoke(Method.java:498)
org.junit.runners.model.FrameworkMethod$1.runReflectiveCall(FrameworkMethod.java:59)
org.junit.internal.runners.model.ReflectiveCallable.run(ReflectiveCallable.java:12)
org.junit.runners.model.FrameworkMethod.invokeExplosively(FrameworkMethod.java:56)
org.junit.internal.runners.statements.RunAfters.invokeMethod(RunAfters.java:46)
org.junit.internal.runners.statements.RunAfters.evaluate(RunAfters.java:33)
org.evosuite.runtime.vnet.NonFunctionalRequirementRule$1.evaluate(NonFunctionalRequirementRule.java:41)
org.junit.runners.ParentRunner$3.evaluate(ParentRunner.java:306)
org.junit.runners.BlockJUnit4ClassRunner$1.evaluate(BlockJUnit4ClassRunner.java:100)
org.junit.runners.ParentRunner.runLeaf(ParentRunner.java:366)
org.junit.runners.BlockJUnit4ClassRunner.runChild(BlockJUnit4ClassRunner.java:103)
org.junit.runners.BlockJUnit4ClassRunner.runChild(BlockJUnit4ClassRunner.java:63)
org.junit.runners.ParentRunner$4.run(ParentRunner.java:331)
org.junit.runners.ParentRunner$1.schedule(ParentRunner.java:79)
org.junit.runners.ParentRunner.runChildren(ParentRunner.java:329)
org.junit.runners.ParentRunner.access$100(ParentRunner.java:66)
org.junit.runners.ParentRunner$2.evaluate(ParentRunner.java:293)
org.junit.internal.runners.statements.RunBefores.evaluate(RunBefores.java:26)
org.junit.internal.runners.statements.RunAfters.evaluate(RunAfters.java:27)
org.junit.runners.ParentRunner$3.evaluate(ParentRunner.java:306)
org.junit.runners.ParentRunner.run(ParentRunner.java:413)
org.apache.maven.surefire.junit4.JUnit4Provider.execute(JUnit4Provider.java:316)
org.apache.maven.surefire.junit4.JUnit4Provider.executeWithRerun(JUnit4Provider.java:240)
org.apache.maven.surefire.junit4.JUnit4Provider.executeTestSet(JUnit4Provider.java:214)
org.apache.maven.surefire.junit4.JUnit4Provider.invoke(JUnit4Provider.java:155)
org.apache.maven.surefire.booter.ForkedBooter.runSuitesInProcess(ForkedBooter.java:385)
org.apache.maven.surefire.booter.ForkedBooter.execute(ForkedBooter.java:162)
org.apache.maven.surefire.booter.ForkedBooter.run(ForkedBooter.java:507)
org.apache.maven.surefire.booter.ForkedBooter.main(ForkedBooter.java:495)

	at org.evosuite.runtime.sandbox.MSecurityManager.checkPermission(MSecurityManager.java:436)
	at java.lang.SecurityManager.checkLink(SecurityManager.java:835)
	at java.lang.Runtime.load0(Runtime.java:776)
	at java.lang.System.load(System.java:1100)
	at org.xerial.snappy.SnappyLoader.loadNativeLibrary(SnappyLoader.java:198)
	at org.xerial.snappy.SnappyLoader.loadSnappyApi(SnappyLoader.java:167)
	at org.xerial.snappy.Snappy.init(Snappy.java:69)
	at org.xerial.snappy.Snappy.__STATIC_RESET(Snappy.java:46)
	at sun.reflect.GeneratedMethodAccessor21.invoke(Unknown Source)
	at sun.reflect.DelegatingMethodAccessorImpl.invoke(DelegatingMethodAccessorImpl.java:43)
	at java.lang.reflect.Method.invoke(Method.java:498)
	at org.evosuite.runtime.classhandling.ClassResetter.reset(ClassResetter.java:159)
	at org.evosuite.runtime.classhandling.ClassStateSupport.resetClasses(ClassStateSupport.java:137)
	at org.apache.avro.file.DataFileWriter_ESTest_scaffolding.resetClasses(DataFileWriter_ESTest_scaffolding.java:644)
	at org.apache.avro.file.DataFileWriter_ESTest_scaffolding.doneWithTestCase(DataFileWriter_ESTest_scaffolding.java:68)
	at sun.reflect.GeneratedMethodAccessor5.invoke(Unknown Source)
	at sun.reflect.DelegatingMethodAccessorImpl.invoke(DelegatingMethodAccessorImpl.java:43)
	at java.lang.reflect.Method.invoke(Method.java:498)
	at org.junit.runners.model.FrameworkMethod$1.runReflectiveCall(FrameworkMethod.java:59)
	at org.junit.internal.runners.model.ReflectiveCallable.run(ReflectiveCallable.java:12)
	at org.junit.runners.model.FrameworkMethod.invokeExplosively(FrameworkMethod.java:56)
	at org.junit.internal.runners.statements.RunAfters.invokeMethod(RunAfters.java:46)
	at org.junit.internal.runners.statements.RunAfters.evaluate(RunAfters.java:33)
	at org.evosuite.runtime.vnet.NonFunctionalRequirementRule$1.evaluate(NonFunctionalRequirementRule.java:41)
	at org.junit.runners.ParentRunner$3.evaluate(ParentRunner.java:306)
	at org.junit.runners.BlockJUnit4ClassRunner$1.evaluate(BlockJUnit4ClassRunner.java:100)
	at org.junit.runners.ParentRunner.runLeaf(ParentRunner.java:366)
	at org.junit.runners.BlockJUnit4ClassRunner.runChild(BlockJUnit4ClassRunner.java:103)
	at org.junit.runners.BlockJUnit4ClassRunner.runChild(BlockJUnit4ClassRunner.java:63)
	at org.junit.runners.ParentRunner$4.run(ParentRunner.java:331)
	at org.junit.runners.ParentRunner$1.schedule(ParentRunner.java:79)
	at org.junit.runners.ParentRunner.runChildren(ParentRunner.java:329)
	at org.junit.runners.ParentRunner.access$100(ParentRunner.java:66)
	at org.junit.runners.ParentRunner$2.evaluate(ParentRunner.java:293)
	at org.junit.internal.runners.statements.RunBefores.evaluate(RunBefores.java:26)
	at org.junit.internal.runners.statements.RunAfters.evaluate(RunAfters.java:27)
	at org.junit.runners.ParentRunner$3.evaluate(ParentRunner.java:306)
	at org.junit.runners.ParentRunner.run(ParentRunner.java:413)
	at org.apache.maven.surefire.junit4.JUnit4Provider.execute(JUnit4Provider.java:316)
	at org.apache.maven.surefire.junit4.JUnit4Provider.executeWithRerun(JUnit4Provider.java:240)
	at org.apache.maven.surefire.junit4.JUnit4Provider.executeTestSet(JUnit4Provider.java:214)
	at org.apache.maven.surefire.junit4.JUnit4Provider.invoke(JUnit4Provider.java:155)
	at org.apache.maven.surefire.booter.ForkedBooter.runSuitesInProcess(ForkedBooter.java:385)
	at org.apache.maven.surefire.booter.ForkedBooter.execute(ForkedBooter.java:162)
	at org.apache.maven.surefire.booter.ForkedBooter.run(ForkedBooter.java:507)
	at org.apache.maven.surefire.booter.ForkedBooter.main(ForkedBooter.java:495)
]]></system-err>
  </testcase>
  <testcase name="test08" classname="org.apache.avro.file.DataFileWriter_ESTest" time="0.201">
    <system-err><![CDATA[java.lang.SecurityException: Security manager blocks ("java.lang.RuntimePermission" "loadLibrary./tmp/snappy-1.1.8-00000000-0100-4000-8200-000003000000-libsnappyjava.so")
java.lang.Thread.getStackTrace(Thread.java:1564)
org.evosuite.runtime.sandbox.MSecurityManager.checkPermission(MSecurityManager.java:424)
java.lang.SecurityManager.checkLink(SecurityManager.java:835)
java.lang.Runtime.load0(Runtime.java:776)
java.lang.System.load(System.java:1100)
org.xerial.snappy.SnappyLoader.loadNativeLibrary(SnappyLoader.java:198)
org.xerial.snappy.SnappyLoader.loadSnappyApi(SnappyLoader.java:167)
org.xerial.snappy.Snappy.init(Snappy.java:69)
org.xerial.snappy.Snappy.__STATIC_RESET(Snappy.java:46)
sun.reflect.GeneratedMethodAccessor21.invoke(Unknown Source)
sun.reflect.DelegatingMethodAccessorImpl.invoke(DelegatingMethodAccessorImpl.java:43)
java.lang.reflect.Method.invoke(Method.java:498)
org.evosuite.runtime.classhandling.ClassResetter.reset(ClassResetter.java:159)
org.evosuite.runtime.classhandling.ClassStateSupport.resetClasses(ClassStateSupport.java:137)
org.apache.avro.file.DataFileWriter_ESTest_scaffolding.resetClasses(DataFileWriter_ESTest_scaffolding.java:644)
org.apache.avro.file.DataFileWriter_ESTest_scaffolding.doneWithTestCase(DataFileWriter_ESTest_scaffolding.java:68)
sun.reflect.GeneratedMethodAccessor5.invoke(Unknown Source)
sun.reflect.DelegatingMethodAccessorImpl.invoke(DelegatingMethodAccessorImpl.java:43)
java.lang.reflect.Method.invoke(Method.java:498)
org.junit.runners.model.FrameworkMethod$1.runReflectiveCall(FrameworkMethod.java:59)
org.junit.internal.runners.model.ReflectiveCallable.run(ReflectiveCallable.java:12)
org.junit.runners.model.FrameworkMethod.invokeExplosively(FrameworkMethod.java:56)
org.junit.internal.runners.statements.RunAfters.invokeMethod(RunAfters.java:46)
org.junit.internal.runners.statements.RunAfters.evaluate(RunAfters.java:33)
org.evosuite.runtime.vnet.NonFunctionalRequirementRule$1.evaluate(NonFunctionalRequirementRule.java:41)
org.junit.runners.ParentRunner$3.evaluate(ParentRunner.java:306)
org.junit.runners.BlockJUnit4ClassRunner$1.evaluate(BlockJUnit4ClassRunner.java:100)
org.junit.runners.ParentRunner.runLeaf(ParentRunner.java:366)
org.junit.runners.BlockJUnit4ClassRunner.runChild(BlockJUnit4ClassRunner.java:103)
org.junit.runners.BlockJUnit4ClassRunner.runChild(BlockJUnit4ClassRunner.java:63)
org.junit.runners.ParentRunner$4.run(ParentRunner.java:331)
org.junit.runners.ParentRunner$1.schedule(ParentRunner.java:79)
org.junit.runners.ParentRunner.runChildren(ParentRunner.java:329)
org.junit.runners.ParentRunner.access$100(ParentRunner.java:66)
org.junit.runners.ParentRunner$2.evaluate(ParentRunner.java:293)
org.junit.internal.runners.statements.RunBefores.evaluate(RunBefores.java:26)
org.junit.internal.runners.statements.RunAfters.evaluate(RunAfters.java:27)
org.junit.runners.ParentRunner$3.evaluate(ParentRunner.java:306)
org.junit.runners.ParentRunner.run(ParentRunner.java:413)
org.apache.maven.surefire.junit4.JUnit4Provider.execute(JUnit4Provider.java:316)
org.apache.maven.surefire.junit4.JUnit4Provider.executeWithRerun(JUnit4Provider.java:240)
org.apache.maven.surefire.junit4.JUnit4Provider.executeTestSet(JUnit4Provider.java:214)
org.apache.maven.surefire.junit4.JUnit4Provider.invoke(JUnit4Provider.java:155)
org.apache.maven.surefire.booter.ForkedBooter.runSuitesInProcess(ForkedBooter.java:385)
org.apache.maven.surefire.booter.ForkedBooter.execute(ForkedBooter.java:162)
org.apache.maven.surefire.booter.ForkedBooter.run(ForkedBooter.java:507)
org.apache.maven.surefire.booter.ForkedBooter.main(ForkedBooter.java:495)

	at org.evosuite.runtime.sandbox.MSecurityManager.checkPermission(MSecurityManager.java:436)
	at java.lang.SecurityManager.checkLink(SecurityManager.java:835)
	at java.lang.Runtime.load0(Runtime.java:776)
	at java.lang.System.load(System.java:1100)
	at org.xerial.snappy.SnappyLoader.loadNativeLibrary(SnappyLoader.java:198)
	at org.xerial.snappy.SnappyLoader.loadSnappyApi(SnappyLoader.java:167)
	at org.xerial.snappy.Snappy.init(Snappy.java:69)
	at org.xerial.snappy.Snappy.__STATIC_RESET(Snappy.java:46)
	at sun.reflect.GeneratedMethodAccessor21.invoke(Unknown Source)
	at sun.reflect.DelegatingMethodAccessorImpl.invoke(DelegatingMethodAccessorImpl.java:43)
	at java.lang.reflect.Method.invoke(Method.java:498)
	at org.evosuite.runtime.classhandling.ClassResetter.reset(ClassResetter.java:159)
	at org.evosuite.runtime.classhandling.ClassStateSupport.resetClasses(ClassStateSupport.java:137)
	at org.apache.avro.file.DataFileWriter_ESTest_scaffolding.resetClasses(DataFileWriter_ESTest_scaffolding.java:644)
	at org.apache.avro.file.DataFileWriter_ESTest_scaffolding.doneWithTestCase(DataFileWriter_ESTest_scaffolding.java:68)
	at sun.reflect.GeneratedMethodAccessor5.invoke(Unknown Source)
	at sun.reflect.DelegatingMethodAccessorImpl.invoke(DelegatingMethodAccessorImpl.java:43)
	at java.lang.reflect.Method.invoke(Method.java:498)
	at org.junit.runners.model.FrameworkMethod$1.runReflectiveCall(FrameworkMethod.java:59)
	at org.junit.internal.runners.model.ReflectiveCallable.run(ReflectiveCallable.java:12)
	at org.junit.runners.model.FrameworkMethod.invokeExplosively(FrameworkMethod.java:56)
	at org.junit.internal.runners.statements.RunAfters.invokeMethod(RunAfters.java:46)
	at org.junit.internal.runners.statements.RunAfters.evaluate(RunAfters.java:33)
	at org.evosuite.runtime.vnet.NonFunctionalRequirementRule$1.evaluate(NonFunctionalRequirementRule.java:41)
	at org.junit.runners.ParentRunner$3.evaluate(ParentRunner.java:306)
	at org.junit.runners.BlockJUnit4ClassRunner$1.evaluate(BlockJUnit4ClassRunner.java:100)
	at org.junit.runners.ParentRunner.runLeaf(ParentRunner.java:366)
	at org.junit.runners.BlockJUnit4ClassRunner.runChild(BlockJUnit4ClassRunner.java:103)
	at org.junit.runners.BlockJUnit4ClassRunner.runChild(BlockJUnit4ClassRunner.java:63)
	at org.junit.runners.ParentRunner$4.run(ParentRunner.java:331)
	at org.junit.runners.ParentRunner$1.schedule(ParentRunner.java:79)
	at org.junit.runners.ParentRunner.runChildren(ParentRunner.java:329)
	at org.junit.runners.ParentRunner.access$100(ParentRunner.java:66)
	at org.junit.runners.ParentRunner$2.evaluate(ParentRunner.java:293)
	at org.junit.internal.runners.statements.RunBefores.evaluate(RunBefores.java:26)
	at org.junit.internal.runners.statements.RunAfters.evaluate(RunAfters.java:27)
	at org.junit.runners.ParentRunner$3.evaluate(ParentRunner.java:306)
	at org.junit.runners.ParentRunner.run(ParentRunner.java:413)
	at org.apache.maven.surefire.junit4.JUnit4Provider.execute(JUnit4Provider.java:316)
	at org.apache.maven.surefire.junit4.JUnit4Provider.executeWithRerun(JUnit4Provider.java:240)
	at org.apache.maven.surefire.junit4.JUnit4Provider.executeTestSet(JUnit4Provider.java:214)
	at org.apache.maven.surefire.junit4.JUnit4Provider.invoke(JUnit4Provider.java:155)
	at org.apache.maven.surefire.booter.ForkedBooter.runSuitesInProcess(ForkedBooter.java:385)
	at org.apache.maven.surefire.booter.ForkedBooter.execute(ForkedBooter.java:162)
	at org.apache.maven.surefire.booter.ForkedBooter.run(ForkedBooter.java:507)
	at org.apache.maven.surefire.booter.ForkedBooter.main(ForkedBooter.java:495)
]]></system-err>
  </testcase>
  <testcase name="test09" classname="org.apache.avro.file.DataFileWriter_ESTest" time="0.175">
    <system-err><![CDATA[java.lang.SecurityException: Security manager blocks ("java.lang.RuntimePermission" "loadLibrary./tmp/snappy-1.1.8-00000000-0100-4000-8200-000003000000-libsnappyjava.so")
java.lang.Thread.getStackTrace(Thread.java:1564)
org.evosuite.runtime.sandbox.MSecurityManager.checkPermission(MSecurityManager.java:424)
java.lang.SecurityManager.checkLink(SecurityManager.java:835)
java.lang.Runtime.load0(Runtime.java:776)
java.lang.System.load(System.java:1100)
org.xerial.snappy.SnappyLoader.loadNativeLibrary(SnappyLoader.java:198)
org.xerial.snappy.SnappyLoader.loadSnappyApi(SnappyLoader.java:167)
org.xerial.snappy.Snappy.init(Snappy.java:69)
org.xerial.snappy.Snappy.__STATIC_RESET(Snappy.java:46)
sun.reflect.GeneratedMethodAccessor21.invoke(Unknown Source)
sun.reflect.DelegatingMethodAccessorImpl.invoke(DelegatingMethodAccessorImpl.java:43)
java.lang.reflect.Method.invoke(Method.java:498)
org.evosuite.runtime.classhandling.ClassResetter.reset(ClassResetter.java:159)
org.evosuite.runtime.classhandling.ClassStateSupport.resetClasses(ClassStateSupport.java:137)
org.apache.avro.file.DataFileWriter_ESTest_scaffolding.resetClasses(DataFileWriter_ESTest_scaffolding.java:644)
org.apache.avro.file.DataFileWriter_ESTest_scaffolding.doneWithTestCase(DataFileWriter_ESTest_scaffolding.java:68)
sun.reflect.GeneratedMethodAccessor5.invoke(Unknown Source)
sun.reflect.DelegatingMethodAccessorImpl.invoke(DelegatingMethodAccessorImpl.java:43)
java.lang.reflect.Method.invoke(Method.java:498)
org.junit.runners.model.FrameworkMethod$1.runReflectiveCall(FrameworkMethod.java:59)
org.junit.internal.runners.model.ReflectiveCallable.run(ReflectiveCallable.java:12)
org.junit.runners.model.FrameworkMethod.invokeExplosively(FrameworkMethod.java:56)
org.junit.internal.runners.statements.RunAfters.invokeMethod(RunAfters.java:46)
org.junit.internal.runners.statements.RunAfters.evaluate(RunAfters.java:33)
org.evosuite.runtime.vnet.NonFunctionalRequirementRule$1.evaluate(NonFunctionalRequirementRule.java:41)
org.junit.runners.ParentRunner$3.evaluate(ParentRunner.java:306)
org.junit.runners.BlockJUnit4ClassRunner$1.evaluate(BlockJUnit4ClassRunner.java:100)
org.junit.runners.ParentRunner.runLeaf(ParentRunner.java:366)
org.junit.runners.BlockJUnit4ClassRunner.runChild(BlockJUnit4ClassRunner.java:103)
org.junit.runners.BlockJUnit4ClassRunner.runChild(BlockJUnit4ClassRunner.java:63)
org.junit.runners.ParentRunner$4.run(ParentRunner.java:331)
org.junit.runners.ParentRunner$1.schedule(ParentRunner.java:79)
org.junit.runners.ParentRunner.runChildren(ParentRunner.java:329)
org.junit.runners.ParentRunner.access$100(ParentRunner.java:66)
org.junit.runners.ParentRunner$2.evaluate(ParentRunner.java:293)
org.junit.internal.runners.statements.RunBefores.evaluate(RunBefores.java:26)
org.junit.internal.runners.statements.RunAfters.evaluate(RunAfters.java:27)
org.junit.runners.ParentRunner$3.evaluate(ParentRunner.java:306)
org.junit.runners.ParentRunner.run(ParentRunner.java:413)
org.apache.maven.surefire.junit4.JUnit4Provider.execute(JUnit4Provider.java:316)
org.apache.maven.surefire.junit4.JUnit4Provider.executeWithRerun(JUnit4Provider.java:240)
org.apache.maven.surefire.junit4.JUnit4Provider.executeTestSet(JUnit4Provider.java:214)
org.apache.maven.surefire.junit4.JUnit4Provider.invoke(JUnit4Provider.java:155)
org.apache.maven.surefire.booter.ForkedBooter.runSuitesInProcess(ForkedBooter.java:385)
org.apache.maven.surefire.booter.ForkedBooter.execute(ForkedBooter.java:162)
org.apache.maven.surefire.booter.ForkedBooter.run(ForkedBooter.java:507)
org.apache.maven.surefire.booter.ForkedBooter.main(ForkedBooter.java:495)

	at org.evosuite.runtime.sandbox.MSecurityManager.checkPermission(MSecurityManager.java:436)
	at java.lang.SecurityManager.checkLink(SecurityManager.java:835)
	at java.lang.Runtime.load0(Runtime.java:776)
	at java.lang.System.load(System.java:1100)
	at org.xerial.snappy.SnappyLoader.loadNativeLibrary(SnappyLoader.java:198)
	at org.xerial.snappy.SnappyLoader.loadSnappyApi(SnappyLoader.java:167)
	at org.xerial.snappy.Snappy.init(Snappy.java:69)
	at org.xerial.snappy.Snappy.__STATIC_RESET(Snappy.java:46)
	at sun.reflect.GeneratedMethodAccessor21.invoke(Unknown Source)
	at sun.reflect.DelegatingMethodAccessorImpl.invoke(DelegatingMethodAccessorImpl.java:43)
	at java.lang.reflect.Method.invoke(Method.java:498)
	at org.evosuite.runtime.classhandling.ClassResetter.reset(ClassResetter.java:159)
	at org.evosuite.runtime.classhandling.ClassStateSupport.resetClasses(ClassStateSupport.java:137)
	at org.apache.avro.file.DataFileWriter_ESTest_scaffolding.resetClasses(DataFileWriter_ESTest_scaffolding.java:644)
	at org.apache.avro.file.DataFileWriter_ESTest_scaffolding.doneWithTestCase(DataFileWriter_ESTest_scaffolding.java:68)
	at sun.reflect.GeneratedMethodAccessor5.invoke(Unknown Source)
	at sun.reflect.DelegatingMethodAccessorImpl.invoke(DelegatingMethodAccessorImpl.java:43)
	at java.lang.reflect.Method.invoke(Method.java:498)
	at org.junit.runners.model.FrameworkMethod$1.runReflectiveCall(FrameworkMethod.java:59)
	at org.junit.internal.runners.model.ReflectiveCallable.run(ReflectiveCallable.java:12)
	at org.junit.runners.model.FrameworkMethod.invokeExplosively(FrameworkMethod.java:56)
	at org.junit.internal.runners.statements.RunAfters.invokeMethod(RunAfters.java:46)
	at org.junit.internal.runners.statements.RunAfters.evaluate(RunAfters.java:33)
	at org.evosuite.runtime.vnet.NonFunctionalRequirementRule$1.evaluate(NonFunctionalRequirementRule.java:41)
	at org.junit.runners.ParentRunner$3.evaluate(ParentRunner.java:306)
	at org.junit.runners.BlockJUnit4ClassRunner$1.evaluate(BlockJUnit4ClassRunner.java:100)
	at org.junit.runners.ParentRunner.runLeaf(ParentRunner.java:366)
	at org.junit.runners.BlockJUnit4ClassRunner.runChild(BlockJUnit4ClassRunner.java:103)
	at org.junit.runners.BlockJUnit4ClassRunner.runChild(BlockJUnit4ClassRunner.java:63)
	at org.junit.runners.ParentRunner$4.run(ParentRunner.java:331)
	at org.junit.runners.ParentRunner$1.schedule(ParentRunner.java:79)
	at org.junit.runners.ParentRunner.runChildren(ParentRunner.java:329)
	at org.junit.runners.ParentRunner.access$100(ParentRunner.java:66)
	at org.junit.runners.ParentRunner$2.evaluate(ParentRunner.java:293)
	at org.junit.internal.runners.statements.RunBefores.evaluate(RunBefores.java:26)
	at org.junit.internal.runners.statements.RunAfters.evaluate(RunAfters.java:27)
	at org.junit.runners.ParentRunner$3.evaluate(ParentRunner.java:306)
	at org.junit.runners.ParentRunner.run(ParentRunner.java:413)
	at org.apache.maven.surefire.junit4.JUnit4Provider.execute(JUnit4Provider.java:316)
	at org.apache.maven.surefire.junit4.JUnit4Provider.executeWithRerun(JUnit4Provider.java:240)
	at org.apache.maven.surefire.junit4.JUnit4Provider.executeTestSet(JUnit4Provider.java:214)
	at org.apache.maven.surefire.junit4.JUnit4Provider.invoke(JUnit4Provider.java:155)
	at org.apache.maven.surefire.booter.ForkedBooter.runSuitesInProcess(ForkedBooter.java:385)
	at org.apache.maven.surefire.booter.ForkedBooter.execute(ForkedBooter.java:162)
	at org.apache.maven.surefire.booter.ForkedBooter.run(ForkedBooter.java:507)
	at org.apache.maven.surefire.booter.ForkedBooter.main(ForkedBooter.java:495)
]]></system-err>
  </testcase>
  <testcase name="test06" classname="org.apache.avro.file.DataFileWriter_ESTest" time="0.169">
    <system-err><![CDATA[java.lang.SecurityException: Security manager blocks ("java.lang.RuntimePermission" "loadLibrary./tmp/snappy-1.1.8-00000000-0100-4000-8200-000003000000-libsnappyjava.so")
java.lang.Thread.getStackTrace(Thread.java:1564)
org.evosuite.runtime.sandbox.MSecurityManager.checkPermission(MSecurityManager.java:424)
java.lang.SecurityManager.checkLink(SecurityManager.java:835)
java.lang.Runtime.load0(Runtime.java:776)
java.lang.System.load(System.java:1100)
org.xerial.snappy.SnappyLoader.loadNativeLibrary(SnappyLoader.java:198)
org.xerial.snappy.SnappyLoader.loadSnappyApi(SnappyLoader.java:167)
org.xerial.snappy.Snappy.init(Snappy.java:69)
org.xerial.snappy.Snappy.__STATIC_RESET(Snappy.java:46)
sun.reflect.GeneratedMethodAccessor21.invoke(Unknown Source)
sun.reflect.DelegatingMethodAccessorImpl.invoke(DelegatingMethodAccessorImpl.java:43)
java.lang.reflect.Method.invoke(Method.java:498)
org.evosuite.runtime.classhandling.ClassResetter.reset(ClassResetter.java:159)
org.evosuite.runtime.classhandling.ClassStateSupport.resetClasses(ClassStateSupport.java:137)
org.apache.avro.file.DataFileWriter_ESTest_scaffolding.resetClasses(DataFileWriter_ESTest_scaffolding.java:644)
org.apache.avro.file.DataFileWriter_ESTest_scaffolding.doneWithTestCase(DataFileWriter_ESTest_scaffolding.java:68)
sun.reflect.GeneratedMethodAccessor5.invoke(Unknown Source)
sun.reflect.DelegatingMethodAccessorImpl.invoke(DelegatingMethodAccessorImpl.java:43)
java.lang.reflect.Method.invoke(Method.java:498)
org.junit.runners.model.FrameworkMethod$1.runReflectiveCall(FrameworkMethod.java:59)
org.junit.internal.runners.model.ReflectiveCallable.run(ReflectiveCallable.java:12)
org.junit.runners.model.FrameworkMethod.invokeExplosively(FrameworkMethod.java:56)
org.junit.internal.runners.statements.RunAfters.invokeMethod(RunAfters.java:46)
org.junit.internal.runners.statements.RunAfters.evaluate(RunAfters.java:33)
org.evosuite.runtime.vnet.NonFunctionalRequirementRule$1.evaluate(NonFunctionalRequirementRule.java:41)
org.junit.runners.ParentRunner$3.evaluate(ParentRunner.java:306)
org.junit.runners.BlockJUnit4ClassRunner$1.evaluate(BlockJUnit4ClassRunner.java:100)
org.junit.runners.ParentRunner.runLeaf(ParentRunner.java:366)
org.junit.runners.BlockJUnit4ClassRunner.runChild(BlockJUnit4ClassRunner.java:103)
org.junit.runners.BlockJUnit4ClassRunner.runChild(BlockJUnit4ClassRunner.java:63)
org.junit.runners.ParentRunner$4.run(ParentRunner.java:331)
org.junit.runners.ParentRunner$1.schedule(ParentRunner.java:79)
org.junit.runners.ParentRunner.runChildren(ParentRunner.java:329)
org.junit.runners.ParentRunner.access$100(ParentRunner.java:66)
org.junit.runners.ParentRunner$2.evaluate(ParentRunner.java:293)
org.junit.internal.runners.statements.RunBefores.evaluate(RunBefores.java:26)
org.junit.internal.runners.statements.RunAfters.evaluate(RunAfters.java:27)
org.junit.runners.ParentRunner$3.evaluate(ParentRunner.java:306)
org.junit.runners.ParentRunner.run(ParentRunner.java:413)
org.apache.maven.surefire.junit4.JUnit4Provider.execute(JUnit4Provider.java:316)
org.apache.maven.surefire.junit4.JUnit4Provider.executeWithRerun(JUnit4Provider.java:240)
org.apache.maven.surefire.junit4.JUnit4Provider.executeTestSet(JUnit4Provider.java:214)
org.apache.maven.surefire.junit4.JUnit4Provider.invoke(JUnit4Provider.java:155)
org.apache.maven.surefire.booter.ForkedBooter.runSuitesInProcess(ForkedBooter.java:385)
org.apache.maven.surefire.booter.ForkedBooter.execute(ForkedBooter.java:162)
org.apache.maven.surefire.booter.ForkedBooter.run(ForkedBooter.java:507)
org.apache.maven.surefire.booter.ForkedBooter.main(ForkedBooter.java:495)

	at org.evosuite.runtime.sandbox.MSecurityManager.checkPermission(MSecurityManager.java:436)
	at java.lang.SecurityManager.checkLink(SecurityManager.java:835)
	at java.lang.Runtime.load0(Runtime.java:776)
	at java.lang.System.load(System.java:1100)
	at org.xerial.snappy.SnappyLoader.loadNativeLibrary(SnappyLoader.java:198)
	at org.xerial.snappy.SnappyLoader.loadSnappyApi(SnappyLoader.java:167)
	at org.xerial.snappy.Snappy.init(Snappy.java:69)
	at org.xerial.snappy.Snappy.__STATIC_RESET(Snappy.java:46)
	at sun.reflect.GeneratedMethodAccessor21.invoke(Unknown Source)
	at sun.reflect.DelegatingMethodAccessorImpl.invoke(DelegatingMethodAccessorImpl.java:43)
	at java.lang.reflect.Method.invoke(Method.java:498)
	at org.evosuite.runtime.classhandling.ClassResetter.reset(ClassResetter.java:159)
	at org.evosuite.runtime.classhandling.ClassStateSupport.resetClasses(ClassStateSupport.java:137)
	at org.apache.avro.file.DataFileWriter_ESTest_scaffolding.resetClasses(DataFileWriter_ESTest_scaffolding.java:644)
	at org.apache.avro.file.DataFileWriter_ESTest_scaffolding.doneWithTestCase(DataFileWriter_ESTest_scaffolding.java:68)
	at sun.reflect.GeneratedMethodAccessor5.invoke(Unknown Source)
	at sun.reflect.DelegatingMethodAccessorImpl.invoke(DelegatingMethodAccessorImpl.java:43)
	at java.lang.reflect.Method.invoke(Method.java:498)
	at org.junit.runners.model.FrameworkMethod$1.runReflectiveCall(FrameworkMethod.java:59)
	at org.junit.internal.runners.model.ReflectiveCallable.run(ReflectiveCallable.java:12)
	at org.junit.runners.model.FrameworkMethod.invokeExplosively(FrameworkMethod.java:56)
	at org.junit.internal.runners.statements.RunAfters.invokeMethod(RunAfters.java:46)
	at org.junit.internal.runners.statements.RunAfters.evaluate(RunAfters.java:33)
	at org.evosuite.runtime.vnet.NonFunctionalRequirementRule$1.evaluate(NonFunctionalRequirementRule.java:41)
	at org.junit.runners.ParentRunner$3.evaluate(ParentRunner.java:306)
	at org.junit.runners.BlockJUnit4ClassRunner$1.evaluate(BlockJUnit4ClassRunner.java:100)
	at org.junit.runners.ParentRunner.runLeaf(ParentRunner.java:366)
	at org.junit.runners.BlockJUnit4ClassRunner.runChild(BlockJUnit4ClassRunner.java:103)
	at org.junit.runners.BlockJUnit4ClassRunner.runChild(BlockJUnit4ClassRunner.java:63)
	at org.junit.runners.ParentRunner$4.run(ParentRunner.java:331)
	at org.junit.runners.ParentRunner$1.schedule(ParentRunner.java:79)
	at org.junit.runners.ParentRunner.runChildren(ParentRunner.java:329)
	at org.junit.runners.ParentRunner.access$100(ParentRunner.java:66)
	at org.junit.runners.ParentRunner$2.evaluate(ParentRunner.java:293)
	at org.junit.internal.runners.statements.RunBefores.evaluate(RunBefores.java:26)
	at org.junit.internal.runners.statements.RunAfters.evaluate(RunAfters.java:27)
	at org.junit.runners.ParentRunner$3.evaluate(ParentRunner.java:306)
	at org.junit.runners.ParentRunner.run(ParentRunner.java:413)
	at org.apache.maven.surefire.junit4.JUnit4Provider.execute(JUnit4Provider.java:316)
	at org.apache.maven.surefire.junit4.JUnit4Provider.executeWithRerun(JUnit4Provider.java:240)
	at org.apache.maven.surefire.junit4.JUnit4Provider.executeTestSet(JUnit4Provider.java:214)
	at org.apache.maven.surefire.junit4.JUnit4Provider.invoke(JUnit4Provider.java:155)
	at org.apache.maven.surefire.booter.ForkedBooter.runSuitesInProcess(ForkedBooter.java:385)
	at org.apache.maven.surefire.booter.ForkedBooter.execute(ForkedBooter.java:162)
	at org.apache.maven.surefire.booter.ForkedBooter.run(ForkedBooter.java:507)
	at org.apache.maven.surefire.booter.ForkedBooter.main(ForkedBooter.java:495)
]]></system-err>
  </testcase>
  <testcase name="test07" classname="org.apache.avro.file.DataFileWriter_ESTest" time="0.135">
    <system-err><![CDATA[java.lang.SecurityException: Security manager blocks ("java.lang.RuntimePermission" "loadLibrary./tmp/snappy-1.1.8-00000000-0100-4000-8200-000003000000-libsnappyjava.so")
java.lang.Thread.getStackTrace(Thread.java:1564)
org.evosuite.runtime.sandbox.MSecurityManager.checkPermission(MSecurityManager.java:424)
java.lang.SecurityManager.checkLink(SecurityManager.java:835)
java.lang.Runtime.load0(Runtime.java:776)
java.lang.System.load(System.java:1100)
org.xerial.snappy.SnappyLoader.loadNativeLibrary(SnappyLoader.java:198)
org.xerial.snappy.SnappyLoader.loadSnappyApi(SnappyLoader.java:167)
org.xerial.snappy.Snappy.init(Snappy.java:69)
org.xerial.snappy.Snappy.__STATIC_RESET(Snappy.java:46)
sun.reflect.GeneratedMethodAccessor21.invoke(Unknown Source)
sun.reflect.DelegatingMethodAccessorImpl.invoke(DelegatingMethodAccessorImpl.java:43)
java.lang.reflect.Method.invoke(Method.java:498)
org.evosuite.runtime.classhandling.ClassResetter.reset(ClassResetter.java:159)
org.evosuite.runtime.classhandling.ClassStateSupport.resetClasses(ClassStateSupport.java:137)
org.apache.avro.file.DataFileWriter_ESTest_scaffolding.resetClasses(DataFileWriter_ESTest_scaffolding.java:644)
org.apache.avro.file.DataFileWriter_ESTest_scaffolding.doneWithTestCase(DataFileWriter_ESTest_scaffolding.java:68)
sun.reflect.GeneratedMethodAccessor5.invoke(Unknown Source)
sun.reflect.DelegatingMethodAccessorImpl.invoke(DelegatingMethodAccessorImpl.java:43)
java.lang.reflect.Method.invoke(Method.java:498)
org.junit.runners.model.FrameworkMethod$1.runReflectiveCall(FrameworkMethod.java:59)
org.junit.internal.runners.model.ReflectiveCallable.run(ReflectiveCallable.java:12)
org.junit.runners.model.FrameworkMethod.invokeExplosively(FrameworkMethod.java:56)
org.junit.internal.runners.statements.RunAfters.invokeMethod(RunAfters.java:46)
org.junit.internal.runners.statements.RunAfters.evaluate(RunAfters.java:33)
org.evosuite.runtime.vnet.NonFunctionalRequirementRule$1.evaluate(NonFunctionalRequirementRule.java:41)
org.junit.runners.ParentRunner$3.evaluate(ParentRunner.java:306)
org.junit.runners.BlockJUnit4ClassRunner$1.evaluate(BlockJUnit4ClassRunner.java:100)
org.junit.runners.ParentRunner.runLeaf(ParentRunner.java:366)
org.junit.runners.BlockJUnit4ClassRunner.runChild(BlockJUnit4ClassRunner.java:103)
org.junit.runners.BlockJUnit4ClassRunner.runChild(BlockJUnit4ClassRunner.java:63)
org.junit.runners.ParentRunner$4.run(ParentRunner.java:331)
org.junit.runners.ParentRunner$1.schedule(ParentRunner.java:79)
org.junit.runners.ParentRunner.runChildren(ParentRunner.java:329)
org.junit.runners.ParentRunner.access$100(ParentRunner.java:66)
org.junit.runners.ParentRunner$2.evaluate(ParentRunner.java:293)
org.junit.internal.runners.statements.RunBefores.evaluate(RunBefores.java:26)
org.junit.internal.runners.statements.RunAfters.evaluate(RunAfters.java:27)
org.junit.runners.ParentRunner$3.evaluate(ParentRunner.java:306)
org.junit.runners.ParentRunner.run(ParentRunner.java:413)
org.apache.maven.surefire.junit4.JUnit4Provider.execute(JUnit4Provider.java:316)
org.apache.maven.surefire.junit4.JUnit4Provider.executeWithRerun(JUnit4Provider.java:240)
org.apache.maven.surefire.junit4.JUnit4Provider.executeTestSet(JUnit4Provider.java:214)
org.apache.maven.surefire.junit4.JUnit4Provider.invoke(JUnit4Provider.java:155)
org.apache.maven.surefire.booter.ForkedBooter.runSuitesInProcess(ForkedBooter.java:385)
org.apache.maven.surefire.booter.ForkedBooter.execute(ForkedBooter.java:162)
org.apache.maven.surefire.booter.ForkedBooter.run(ForkedBooter.java:507)
org.apache.maven.surefire.booter.ForkedBooter.main(ForkedBooter.java:495)

	at org.evosuite.runtime.sandbox.MSecurityManager.checkPermission(MSecurityManager.java:436)
	at java.lang.SecurityManager.checkLink(SecurityManager.java:835)
	at java.lang.Runtime.load0(Runtime.java:776)
	at java.lang.System.load(System.java:1100)
	at org.xerial.snappy.SnappyLoader.loadNativeLibrary(SnappyLoader.java:198)
	at org.xerial.snappy.SnappyLoader.loadSnappyApi(SnappyLoader.java:167)
	at org.xerial.snappy.Snappy.init(Snappy.java:69)
	at org.xerial.snappy.Snappy.__STATIC_RESET(Snappy.java:46)
	at sun.reflect.GeneratedMethodAccessor21.invoke(Unknown Source)
	at sun.reflect.DelegatingMethodAccessorImpl.invoke(DelegatingMethodAccessorImpl.java:43)
	at java.lang.reflect.Method.invoke(Method.java:498)
	at org.evosuite.runtime.classhandling.ClassResetter.reset(ClassResetter.java:159)
	at org.evosuite.runtime.classhandling.ClassStateSupport.resetClasses(ClassStateSupport.java:137)
	at org.apache.avro.file.DataFileWriter_ESTest_scaffolding.resetClasses(DataFileWriter_ESTest_scaffolding.java:644)
	at org.apache.avro.file.DataFileWriter_ESTest_scaffolding.doneWithTestCase(DataFileWriter_ESTest_scaffolding.java:68)
	at sun.reflect.GeneratedMethodAccessor5.invoke(Unknown Source)
	at sun.reflect.DelegatingMethodAccessorImpl.invoke(DelegatingMethodAccessorImpl.java:43)
	at java.lang.reflect.Method.invoke(Method.java:498)
	at org.junit.runners.model.FrameworkMethod$1.runReflectiveCall(FrameworkMethod.java:59)
	at org.junit.internal.runners.model.ReflectiveCallable.run(ReflectiveCallable.java:12)
	at org.junit.runners.model.FrameworkMethod.invokeExplosively(FrameworkMethod.java:56)
	at org.junit.internal.runners.statements.RunAfters.invokeMethod(RunAfters.java:46)
	at org.junit.internal.runners.statements.RunAfters.evaluate(RunAfters.java:33)
	at org.evosuite.runtime.vnet.NonFunctionalRequirementRule$1.evaluate(NonFunctionalRequirementRule.java:41)
	at org.junit.runners.ParentRunner$3.evaluate(ParentRunner.java:306)
	at org.junit.runners.BlockJUnit4ClassRunner$1.evaluate(BlockJUnit4ClassRunner.java:100)
	at org.junit.runners.ParentRunner.runLeaf(ParentRunner.java:366)
	at org.junit.runners.BlockJUnit4ClassRunner.runChild(BlockJUnit4ClassRunner.java:103)
	at org.junit.runners.BlockJUnit4ClassRunner.runChild(BlockJUnit4ClassRunner.java:63)
	at org.junit.runners.ParentRunner$4.run(ParentRunner.java:331)
	at org.junit.runners.ParentRunner$1.schedule(ParentRunner.java:79)
	at org.junit.runners.ParentRunner.runChildren(ParentRunner.java:329)
	at org.junit.runners.ParentRunner.access$100(ParentRunner.java:66)
	at org.junit.runners.ParentRunner$2.evaluate(ParentRunner.java:293)
	at org.junit.internal.runners.statements.RunBefores.evaluate(RunBefores.java:26)
	at org.junit.internal.runners.statements.RunAfters.evaluate(RunAfters.java:27)
	at org.junit.runners.ParentRunner$3.evaluate(ParentRunner.java:306)
	at org.junit.runners.ParentRunner.run(ParentRunner.java:413)
	at org.apache.maven.surefire.junit4.JUnit4Provider.execute(JUnit4Provider.java:316)
	at org.apache.maven.surefire.junit4.JUnit4Provider.executeWithRerun(JUnit4Provider.java:240)
	at org.apache.maven.surefire.junit4.JUnit4Provider.executeTestSet(JUnit4Provider.java:214)
	at org.apache.maven.surefire.junit4.JUnit4Provider.invoke(JUnit4Provider.java:155)
	at org.apache.maven.surefire.booter.ForkedBooter.runSuitesInProcess(ForkedBooter.java:385)
	at org.apache.maven.surefire.booter.ForkedBooter.execute(ForkedBooter.java:162)
	at org.apache.maven.surefire.booter.ForkedBooter.run(ForkedBooter.java:507)
	at org.apache.maven.surefire.booter.ForkedBooter.main(ForkedBooter.java:495)
]]></system-err>
  </testcase>
  <testcase name="test04" classname="org.apache.avro.file.DataFileWriter_ESTest" time="0.17">
    <system-err><![CDATA[java.lang.SecurityException: Security manager blocks ("java.lang.RuntimePermission" "loadLibrary./tmp/snappy-1.1.8-00000000-0100-4000-8200-000003000000-libsnappyjava.so")
java.lang.Thread.getStackTrace(Thread.java:1564)
org.evosuite.runtime.sandbox.MSecurityManager.checkPermission(MSecurityManager.java:424)
java.lang.SecurityManager.checkLink(SecurityManager.java:835)
java.lang.Runtime.load0(Runtime.java:776)
java.lang.System.load(System.java:1100)
org.xerial.snappy.SnappyLoader.loadNativeLibrary(SnappyLoader.java:198)
org.xerial.snappy.SnappyLoader.loadSnappyApi(SnappyLoader.java:167)
org.xerial.snappy.Snappy.init(Snappy.java:69)
org.xerial.snappy.Snappy.__STATIC_RESET(Snappy.java:46)
sun.reflect.GeneratedMethodAccessor21.invoke(Unknown Source)
sun.reflect.DelegatingMethodAccessorImpl.invoke(DelegatingMethodAccessorImpl.java:43)
java.lang.reflect.Method.invoke(Method.java:498)
org.evosuite.runtime.classhandling.ClassResetter.reset(ClassResetter.java:159)
org.evosuite.runtime.classhandling.ClassStateSupport.resetClasses(ClassStateSupport.java:137)
org.apache.avro.file.DataFileWriter_ESTest_scaffolding.resetClasses(DataFileWriter_ESTest_scaffolding.java:644)
org.apache.avro.file.DataFileWriter_ESTest_scaffolding.doneWithTestCase(DataFileWriter_ESTest_scaffolding.java:68)
sun.reflect.GeneratedMethodAccessor5.invoke(Unknown Source)
sun.reflect.DelegatingMethodAccessorImpl.invoke(DelegatingMethodAccessorImpl.java:43)
java.lang.reflect.Method.invoke(Method.java:498)
org.junit.runners.model.FrameworkMethod$1.runReflectiveCall(FrameworkMethod.java:59)
org.junit.internal.runners.model.ReflectiveCallable.run(ReflectiveCallable.java:12)
org.junit.runners.model.FrameworkMethod.invokeExplosively(FrameworkMethod.java:56)
org.junit.internal.runners.statements.RunAfters.invokeMethod(RunAfters.java:46)
org.junit.internal.runners.statements.RunAfters.evaluate(RunAfters.java:33)
org.evosuite.runtime.vnet.NonFunctionalRequirementRule$1.evaluate(NonFunctionalRequirementRule.java:41)
org.junit.runners.ParentRunner$3.evaluate(ParentRunner.java:306)
org.junit.runners.BlockJUnit4ClassRunner$1.evaluate(BlockJUnit4ClassRunner.java:100)
org.junit.runners.ParentRunner.runLeaf(ParentRunner.java:366)
org.junit.runners.BlockJUnit4ClassRunner.runChild(BlockJUnit4ClassRunner.java:103)
org.junit.runners.BlockJUnit4ClassRunner.runChild(BlockJUnit4ClassRunner.java:63)
org.junit.runners.ParentRunner$4.run(ParentRunner.java:331)
org.junit.runners.ParentRunner$1.schedule(ParentRunner.java:79)
org.junit.runners.ParentRunner.runChildren(ParentRunner.java:329)
org.junit.runners.ParentRunner.access$100(ParentRunner.java:66)
org.junit.runners.ParentRunner$2.evaluate(ParentRunner.java:293)
org.junit.internal.runners.statements.RunBefores.evaluate(RunBefores.java:26)
org.junit.internal.runners.statements.RunAfters.evaluate(RunAfters.java:27)
org.junit.runners.ParentRunner$3.evaluate(ParentRunner.java:306)
org.junit.runners.ParentRunner.run(ParentRunner.java:413)
org.apache.maven.surefire.junit4.JUnit4Provider.execute(JUnit4Provider.java:316)
org.apache.maven.surefire.junit4.JUnit4Provider.executeWithRerun(JUnit4Provider.java:240)
org.apache.maven.surefire.junit4.JUnit4Provider.executeTestSet(JUnit4Provider.java:214)
org.apache.maven.surefire.junit4.JUnit4Provider.invoke(JUnit4Provider.java:155)
org.apache.maven.surefire.booter.ForkedBooter.runSuitesInProcess(ForkedBooter.java:385)
org.apache.maven.surefire.booter.ForkedBooter.execute(ForkedBooter.java:162)
org.apache.maven.surefire.booter.ForkedBooter.run(ForkedBooter.java:507)
org.apache.maven.surefire.booter.ForkedBooter.main(ForkedBooter.java:495)

	at org.evosuite.runtime.sandbox.MSecurityManager.checkPermission(MSecurityManager.java:436)
	at java.lang.SecurityManager.checkLink(SecurityManager.java:835)
	at java.lang.Runtime.load0(Runtime.java:776)
	at java.lang.System.load(System.java:1100)
	at org.xerial.snappy.SnappyLoader.loadNativeLibrary(SnappyLoader.java:198)
	at org.xerial.snappy.SnappyLoader.loadSnappyApi(SnappyLoader.java:167)
	at org.xerial.snappy.Snappy.init(Snappy.java:69)
	at org.xerial.snappy.Snappy.__STATIC_RESET(Snappy.java:46)
	at sun.reflect.GeneratedMethodAccessor21.invoke(Unknown Source)
	at sun.reflect.DelegatingMethodAccessorImpl.invoke(DelegatingMethodAccessorImpl.java:43)
	at java.lang.reflect.Method.invoke(Method.java:498)
	at org.evosuite.runtime.classhandling.ClassResetter.reset(ClassResetter.java:159)
	at org.evosuite.runtime.classhandling.ClassStateSupport.resetClasses(ClassStateSupport.java:137)
	at org.apache.avro.file.DataFileWriter_ESTest_scaffolding.resetClasses(DataFileWriter_ESTest_scaffolding.java:644)
	at org.apache.avro.file.DataFileWriter_ESTest_scaffolding.doneWithTestCase(DataFileWriter_ESTest_scaffolding.java:68)
	at sun.reflect.GeneratedMethodAccessor5.invoke(Unknown Source)
	at sun.reflect.DelegatingMethodAccessorImpl.invoke(DelegatingMethodAccessorImpl.java:43)
	at java.lang.reflect.Method.invoke(Method.java:498)
	at org.junit.runners.model.FrameworkMethod$1.runReflectiveCall(FrameworkMethod.java:59)
	at org.junit.internal.runners.model.ReflectiveCallable.run(ReflectiveCallable.java:12)
	at org.junit.runners.model.FrameworkMethod.invokeExplosively(FrameworkMethod.java:56)
	at org.junit.internal.runners.statements.RunAfters.invokeMethod(RunAfters.java:46)
	at org.junit.internal.runners.statements.RunAfters.evaluate(RunAfters.java:33)
	at org.evosuite.runtime.vnet.NonFunctionalRequirementRule$1.evaluate(NonFunctionalRequirementRule.java:41)
	at org.junit.runners.ParentRunner$3.evaluate(ParentRunner.java:306)
	at org.junit.runners.BlockJUnit4ClassRunner$1.evaluate(BlockJUnit4ClassRunner.java:100)
	at org.junit.runners.ParentRunner.runLeaf(ParentRunner.java:366)
	at org.junit.runners.BlockJUnit4ClassRunner.runChild(BlockJUnit4ClassRunner.java:103)
	at org.junit.runners.BlockJUnit4ClassRunner.runChild(BlockJUnit4ClassRunner.java:63)
	at org.junit.runners.ParentRunner$4.run(ParentRunner.java:331)
	at org.junit.runners.ParentRunner$1.schedule(ParentRunner.java:79)
	at org.junit.runners.ParentRunner.runChildren(ParentRunner.java:329)
	at org.junit.runners.ParentRunner.access$100(ParentRunner.java:66)
	at org.junit.runners.ParentRunner$2.evaluate(ParentRunner.java:293)
	at org.junit.internal.runners.statements.RunBefores.evaluate(RunBefores.java:26)
	at org.junit.internal.runners.statements.RunAfters.evaluate(RunAfters.java:27)
	at org.junit.runners.ParentRunner$3.evaluate(ParentRunner.java:306)
	at org.junit.runners.ParentRunner.run(ParentRunner.java:413)
	at org.apache.maven.surefire.junit4.JUnit4Provider.execute(JUnit4Provider.java:316)
	at org.apache.maven.surefire.junit4.JUnit4Provider.executeWithRerun(JUnit4Provider.java:240)
	at org.apache.maven.surefire.junit4.JUnit4Provider.executeTestSet(JUnit4Provider.java:214)
	at org.apache.maven.surefire.junit4.JUnit4Provider.invoke(JUnit4Provider.java:155)
	at org.apache.maven.surefire.booter.ForkedBooter.runSuitesInProcess(ForkedBooter.java:385)
	at org.apache.maven.surefire.booter.ForkedBooter.execute(ForkedBooter.java:162)
	at org.apache.maven.surefire.booter.ForkedBooter.run(ForkedBooter.java:507)
	at org.apache.maven.surefire.booter.ForkedBooter.main(ForkedBooter.java:495)
]]></system-err>
  </testcase>
  <testcase name="test48" classname="org.apache.avro.file.DataFileWriter_ESTest" time="0.195">
    <system-err><![CDATA[java.lang.SecurityException: Security manager blocks ("java.lang.RuntimePermission" "loadLibrary./tmp/snappy-1.1.8-00000000-0100-4000-8200-000003000000-libsnappyjava.so")
java.lang.Thread.getStackTrace(Thread.java:1564)
org.evosuite.runtime.sandbox.MSecurityManager.checkPermission(MSecurityManager.java:424)
java.lang.SecurityManager.checkLink(SecurityManager.java:835)
java.lang.Runtime.load0(Runtime.java:776)
java.lang.System.load(System.java:1100)
org.xerial.snappy.SnappyLoader.loadNativeLibrary(SnappyLoader.java:198)
org.xerial.snappy.SnappyLoader.loadSnappyApi(SnappyLoader.java:167)
org.xerial.snappy.Snappy.init(Snappy.java:69)
org.xerial.snappy.Snappy.__STATIC_RESET(Snappy.java:46)
sun.reflect.GeneratedMethodAccessor21.invoke(Unknown Source)
sun.reflect.DelegatingMethodAccessorImpl.invoke(DelegatingMethodAccessorImpl.java:43)
java.lang.reflect.Method.invoke(Method.java:498)
org.evosuite.runtime.classhandling.ClassResetter.reset(ClassResetter.java:159)
org.evosuite.runtime.classhandling.ClassStateSupport.resetClasses(ClassStateSupport.java:137)
org.apache.avro.file.DataFileWriter_ESTest_scaffolding.resetClasses(DataFileWriter_ESTest_scaffolding.java:644)
org.apache.avro.file.DataFileWriter_ESTest_scaffolding.doneWithTestCase(DataFileWriter_ESTest_scaffolding.java:68)
sun.reflect.GeneratedMethodAccessor5.invoke(Unknown Source)
sun.reflect.DelegatingMethodAccessorImpl.invoke(DelegatingMethodAccessorImpl.java:43)
java.lang.reflect.Method.invoke(Method.java:498)
org.junit.runners.model.FrameworkMethod$1.runReflectiveCall(FrameworkMethod.java:59)
org.junit.internal.runners.model.ReflectiveCallable.run(ReflectiveCallable.java:12)
org.junit.runners.model.FrameworkMethod.invokeExplosively(FrameworkMethod.java:56)
org.junit.internal.runners.statements.RunAfters.invokeMethod(RunAfters.java:46)
org.junit.internal.runners.statements.RunAfters.evaluate(RunAfters.java:33)
org.evosuite.runtime.vnet.NonFunctionalRequirementRule$1.evaluate(NonFunctionalRequirementRule.java:41)
org.junit.runners.ParentRunner$3.evaluate(ParentRunner.java:306)
org.junit.runners.BlockJUnit4ClassRunner$1.evaluate(BlockJUnit4ClassRunner.java:100)
org.junit.runners.ParentRunner.runLeaf(ParentRunner.java:366)
org.junit.runners.BlockJUnit4ClassRunner.runChild(BlockJUnit4ClassRunner.java:103)
org.junit.runners.BlockJUnit4ClassRunner.runChild(BlockJUnit4ClassRunner.java:63)
org.junit.runners.ParentRunner$4.run(ParentRunner.java:331)
org.junit.runners.ParentRunner$1.schedule(ParentRunner.java:79)
org.junit.runners.ParentRunner.runChildren(ParentRunner.java:329)
org.junit.runners.ParentRunner.access$100(ParentRunner.java:66)
org.junit.runners.ParentRunner$2.evaluate(ParentRunner.java:293)
org.junit.internal.runners.statements.RunBefores.evaluate(RunBefores.java:26)
org.junit.internal.runners.statements.RunAfters.evaluate(RunAfters.java:27)
org.junit.runners.ParentRunner$3.evaluate(ParentRunner.java:306)
org.junit.runners.ParentRunner.run(ParentRunner.java:413)
org.apache.maven.surefire.junit4.JUnit4Provider.execute(JUnit4Provider.java:316)
org.apache.maven.surefire.junit4.JUnit4Provider.executeWithRerun(JUnit4Provider.java:240)
org.apache.maven.surefire.junit4.JUnit4Provider.executeTestSet(JUnit4Provider.java:214)
org.apache.maven.surefire.junit4.JUnit4Provider.invoke(JUnit4Provider.java:155)
org.apache.maven.surefire.booter.ForkedBooter.runSuitesInProcess(ForkedBooter.java:385)
org.apache.maven.surefire.booter.ForkedBooter.execute(ForkedBooter.java:162)
org.apache.maven.surefire.booter.ForkedBooter.run(ForkedBooter.java:507)
org.apache.maven.surefire.booter.ForkedBooter.main(ForkedBooter.java:495)

	at org.evosuite.runtime.sandbox.MSecurityManager.checkPermission(MSecurityManager.java:436)
	at java.lang.SecurityManager.checkLink(SecurityManager.java:835)
	at java.lang.Runtime.load0(Runtime.java:776)
	at java.lang.System.load(System.java:1100)
	at org.xerial.snappy.SnappyLoader.loadNativeLibrary(SnappyLoader.java:198)
	at org.xerial.snappy.SnappyLoader.loadSnappyApi(SnappyLoader.java:167)
	at org.xerial.snappy.Snappy.init(Snappy.java:69)
	at org.xerial.snappy.Snappy.__STATIC_RESET(Snappy.java:46)
	at sun.reflect.GeneratedMethodAccessor21.invoke(Unknown Source)
	at sun.reflect.DelegatingMethodAccessorImpl.invoke(DelegatingMethodAccessorImpl.java:43)
	at java.lang.reflect.Method.invoke(Method.java:498)
	at org.evosuite.runtime.classhandling.ClassResetter.reset(ClassResetter.java:159)
	at org.evosuite.runtime.classhandling.ClassStateSupport.resetClasses(ClassStateSupport.java:137)
	at org.apache.avro.file.DataFileWriter_ESTest_scaffolding.resetClasses(DataFileWriter_ESTest_scaffolding.java:644)
	at org.apache.avro.file.DataFileWriter_ESTest_scaffolding.doneWithTestCase(DataFileWriter_ESTest_scaffolding.java:68)
	at sun.reflect.GeneratedMethodAccessor5.invoke(Unknown Source)
	at sun.reflect.DelegatingMethodAccessorImpl.invoke(DelegatingMethodAccessorImpl.java:43)
	at java.lang.reflect.Method.invoke(Method.java:498)
	at org.junit.runners.model.FrameworkMethod$1.runReflectiveCall(FrameworkMethod.java:59)
	at org.junit.internal.runners.model.ReflectiveCallable.run(ReflectiveCallable.java:12)
	at org.junit.runners.model.FrameworkMethod.invokeExplosively(FrameworkMethod.java:56)
	at org.junit.internal.runners.statements.RunAfters.invokeMethod(RunAfters.java:46)
	at org.junit.internal.runners.statements.RunAfters.evaluate(RunAfters.java:33)
	at org.evosuite.runtime.vnet.NonFunctionalRequirementRule$1.evaluate(NonFunctionalRequirementRule.java:41)
	at org.junit.runners.ParentRunner$3.evaluate(ParentRunner.java:306)
	at org.junit.runners.BlockJUnit4ClassRunner$1.evaluate(BlockJUnit4ClassRunner.java:100)
	at org.junit.runners.ParentRunner.runLeaf(ParentRunner.java:366)
	at org.junit.runners.BlockJUnit4ClassRunner.runChild(BlockJUnit4ClassRunner.java:103)
	at org.junit.runners.BlockJUnit4ClassRunner.runChild(BlockJUnit4ClassRunner.java:63)
	at org.junit.runners.ParentRunner$4.run(ParentRunner.java:331)
	at org.junit.runners.ParentRunner$1.schedule(ParentRunner.java:79)
	at org.junit.runners.ParentRunner.runChildren(ParentRunner.java:329)
	at org.junit.runners.ParentRunner.access$100(ParentRunner.java:66)
	at org.junit.runners.ParentRunner$2.evaluate(ParentRunner.java:293)
	at org.junit.internal.runners.statements.RunBefores.evaluate(RunBefores.java:26)
	at org.junit.internal.runners.statements.RunAfters.evaluate(RunAfters.java:27)
	at org.junit.runners.ParentRunner$3.evaluate(ParentRunner.java:306)
	at org.junit.runners.ParentRunner.run(ParentRunner.java:413)
	at org.apache.maven.surefire.junit4.JUnit4Provider.execute(JUnit4Provider.java:316)
	at org.apache.maven.surefire.junit4.JUnit4Provider.executeWithRerun(JUnit4Provider.java:240)
	at org.apache.maven.surefire.junit4.JUnit4Provider.executeTestSet(JUnit4Provider.java:214)
	at org.apache.maven.surefire.junit4.JUnit4Provider.invoke(JUnit4Provider.java:155)
	at org.apache.maven.surefire.booter.ForkedBooter.runSuitesInProcess(ForkedBooter.java:385)
	at org.apache.maven.surefire.booter.ForkedBooter.execute(ForkedBooter.java:162)
	at org.apache.maven.surefire.booter.ForkedBooter.run(ForkedBooter.java:507)
	at org.apache.maven.surefire.booter.ForkedBooter.main(ForkedBooter.java:495)
]]></system-err>
  </testcase>
  <testcase name="test05" classname="org.apache.avro.file.DataFileWriter_ESTest" time="0.13">
    <system-err><![CDATA[java.lang.SecurityException: Security manager blocks ("java.lang.RuntimePermission" "loadLibrary./tmp/snappy-1.1.8-00000000-0100-4000-8200-000003000000-libsnappyjava.so")
java.lang.Thread.getStackTrace(Thread.java:1564)
org.evosuite.runtime.sandbox.MSecurityManager.checkPermission(MSecurityManager.java:424)
java.lang.SecurityManager.checkLink(SecurityManager.java:835)
java.lang.Runtime.load0(Runtime.java:776)
java.lang.System.load(System.java:1100)
org.xerial.snappy.SnappyLoader.loadNativeLibrary(SnappyLoader.java:198)
org.xerial.snappy.SnappyLoader.loadSnappyApi(SnappyLoader.java:167)
org.xerial.snappy.Snappy.init(Snappy.java:69)
org.xerial.snappy.Snappy.__STATIC_RESET(Snappy.java:46)
sun.reflect.GeneratedMethodAccessor21.invoke(Unknown Source)
sun.reflect.DelegatingMethodAccessorImpl.invoke(DelegatingMethodAccessorImpl.java:43)
java.lang.reflect.Method.invoke(Method.java:498)
org.evosuite.runtime.classhandling.ClassResetter.reset(ClassResetter.java:159)
org.evosuite.runtime.classhandling.ClassStateSupport.resetClasses(ClassStateSupport.java:137)
org.apache.avro.file.DataFileWriter_ESTest_scaffolding.resetClasses(DataFileWriter_ESTest_scaffolding.java:644)
org.apache.avro.file.DataFileWriter_ESTest_scaffolding.doneWithTestCase(DataFileWriter_ESTest_scaffolding.java:68)
sun.reflect.GeneratedMethodAccessor5.invoke(Unknown Source)
sun.reflect.DelegatingMethodAccessorImpl.invoke(DelegatingMethodAccessorImpl.java:43)
java.lang.reflect.Method.invoke(Method.java:498)
org.junit.runners.model.FrameworkMethod$1.runReflectiveCall(FrameworkMethod.java:59)
org.junit.internal.runners.model.ReflectiveCallable.run(ReflectiveCallable.java:12)
org.junit.runners.model.FrameworkMethod.invokeExplosively(FrameworkMethod.java:56)
org.junit.internal.runners.statements.RunAfters.invokeMethod(RunAfters.java:46)
org.junit.internal.runners.statements.RunAfters.evaluate(RunAfters.java:33)
org.evosuite.runtime.vnet.NonFunctionalRequirementRule$1.evaluate(NonFunctionalRequirementRule.java:41)
org.junit.runners.ParentRunner$3.evaluate(ParentRunner.java:306)
org.junit.runners.BlockJUnit4ClassRunner$1.evaluate(BlockJUnit4ClassRunner.java:100)
org.junit.runners.ParentRunner.runLeaf(ParentRunner.java:366)
org.junit.runners.BlockJUnit4ClassRunner.runChild(BlockJUnit4ClassRunner.java:103)
org.junit.runners.BlockJUnit4ClassRunner.runChild(BlockJUnit4ClassRunner.java:63)
org.junit.runners.ParentRunner$4.run(ParentRunner.java:331)
org.junit.runners.ParentRunner$1.schedule(ParentRunner.java:79)
org.junit.runners.ParentRunner.runChildren(ParentRunner.java:329)
org.junit.runners.ParentRunner.access$100(ParentRunner.java:66)
org.junit.runners.ParentRunner$2.evaluate(ParentRunner.java:293)
org.junit.internal.runners.statements.RunBefores.evaluate(RunBefores.java:26)
org.junit.internal.runners.statements.RunAfters.evaluate(RunAfters.java:27)
org.junit.runners.ParentRunner$3.evaluate(ParentRunner.java:306)
org.junit.runners.ParentRunner.run(ParentRunner.java:413)
org.apache.maven.surefire.junit4.JUnit4Provider.execute(JUnit4Provider.java:316)
org.apache.maven.surefire.junit4.JUnit4Provider.executeWithRerun(JUnit4Provider.java:240)
org.apache.maven.surefire.junit4.JUnit4Provider.executeTestSet(JUnit4Provider.java:214)
org.apache.maven.surefire.junit4.JUnit4Provider.invoke(JUnit4Provider.java:155)
org.apache.maven.surefire.booter.ForkedBooter.runSuitesInProcess(ForkedBooter.java:385)
org.apache.maven.surefire.booter.ForkedBooter.execute(ForkedBooter.java:162)
org.apache.maven.surefire.booter.ForkedBooter.run(ForkedBooter.java:507)
org.apache.maven.surefire.booter.ForkedBooter.main(ForkedBooter.java:495)

	at org.evosuite.runtime.sandbox.MSecurityManager.checkPermission(MSecurityManager.java:436)
	at java.lang.SecurityManager.checkLink(SecurityManager.java:835)
	at java.lang.Runtime.load0(Runtime.java:776)
	at java.lang.System.load(System.java:1100)
	at org.xerial.snappy.SnappyLoader.loadNativeLibrary(SnappyLoader.java:198)
	at org.xerial.snappy.SnappyLoader.loadSnappyApi(SnappyLoader.java:167)
	at org.xerial.snappy.Snappy.init(Snappy.java:69)
	at org.xerial.snappy.Snappy.__STATIC_RESET(Snappy.java:46)
	at sun.reflect.GeneratedMethodAccessor21.invoke(Unknown Source)
	at sun.reflect.DelegatingMethodAccessorImpl.invoke(DelegatingMethodAccessorImpl.java:43)
	at java.lang.reflect.Method.invoke(Method.java:498)
	at org.evosuite.runtime.classhandling.ClassResetter.reset(ClassResetter.java:159)
	at org.evosuite.runtime.classhandling.ClassStateSupport.resetClasses(ClassStateSupport.java:137)
	at org.apache.avro.file.DataFileWriter_ESTest_scaffolding.resetClasses(DataFileWriter_ESTest_scaffolding.java:644)
	at org.apache.avro.file.DataFileWriter_ESTest_scaffolding.doneWithTestCase(DataFileWriter_ESTest_scaffolding.java:68)
	at sun.reflect.GeneratedMethodAccessor5.invoke(Unknown Source)
	at sun.reflect.DelegatingMethodAccessorImpl.invoke(DelegatingMethodAccessorImpl.java:43)
	at java.lang.reflect.Method.invoke(Method.java:498)
	at org.junit.runners.model.FrameworkMethod$1.runReflectiveCall(FrameworkMethod.java:59)
	at org.junit.internal.runners.model.ReflectiveCallable.run(ReflectiveCallable.java:12)
	at org.junit.runners.model.FrameworkMethod.invokeExplosively(FrameworkMethod.java:56)
	at org.junit.internal.runners.statements.RunAfters.invokeMethod(RunAfters.java:46)
	at org.junit.internal.runners.statements.RunAfters.evaluate(RunAfters.java:33)
	at org.evosuite.runtime.vnet.NonFunctionalRequirementRule$1.evaluate(NonFunctionalRequirementRule.java:41)
	at org.junit.runners.ParentRunner$3.evaluate(ParentRunner.java:306)
	at org.junit.runners.BlockJUnit4ClassRunner$1.evaluate(BlockJUnit4ClassRunner.java:100)
	at org.junit.runners.ParentRunner.runLeaf(ParentRunner.java:366)
	at org.junit.runners.BlockJUnit4ClassRunner.runChild(BlockJUnit4ClassRunner.java:103)
	at org.junit.runners.BlockJUnit4ClassRunner.runChild(BlockJUnit4ClassRunner.java:63)
	at org.junit.runners.ParentRunner$4.run(ParentRunner.java:331)
	at org.junit.runners.ParentRunner$1.schedule(ParentRunner.java:79)
	at org.junit.runners.ParentRunner.runChildren(ParentRunner.java:329)
	at org.junit.runners.ParentRunner.access$100(ParentRunner.java:66)
	at org.junit.runners.ParentRunner$2.evaluate(ParentRunner.java:293)
	at org.junit.internal.runners.statements.RunBefores.evaluate(RunBefores.java:26)
	at org.junit.internal.runners.statements.RunAfters.evaluate(RunAfters.java:27)
	at org.junit.runners.ParentRunner$3.evaluate(ParentRunner.java:306)
	at org.junit.runners.ParentRunner.run(ParentRunner.java:413)
	at org.apache.maven.surefire.junit4.JUnit4Provider.execute(JUnit4Provider.java:316)
	at org.apache.maven.surefire.junit4.JUnit4Provider.executeWithRerun(JUnit4Provider.java:240)
	at org.apache.maven.surefire.junit4.JUnit4Provider.executeTestSet(JUnit4Provider.java:214)
	at org.apache.maven.surefire.junit4.JUnit4Provider.invoke(JUnit4Provider.java:155)
	at org.apache.maven.surefire.booter.ForkedBooter.runSuitesInProcess(ForkedBooter.java:385)
	at org.apache.maven.surefire.booter.ForkedBooter.execute(ForkedBooter.java:162)
	at org.apache.maven.surefire.booter.ForkedBooter.run(ForkedBooter.java:507)
	at org.apache.maven.surefire.booter.ForkedBooter.main(ForkedBooter.java:495)
]]></system-err>
  </testcase>
  <testcase name="test49" classname="org.apache.avro.file.DataFileWriter_ESTest" time="0.156">
    <system-err><![CDATA[java.lang.SecurityException: Security manager blocks ("java.lang.RuntimePermission" "loadLibrary./tmp/snappy-1.1.8-00000000-0100-4000-8200-000003000000-libsnappyjava.so")
java.lang.Thread.getStackTrace(Thread.java:1564)
org.evosuite.runtime.sandbox.MSecurityManager.checkPermission(MSecurityManager.java:424)
java.lang.SecurityManager.checkLink(SecurityManager.java:835)
java.lang.Runtime.load0(Runtime.java:776)
java.lang.System.load(System.java:1100)
org.xerial.snappy.SnappyLoader.loadNativeLibrary(SnappyLoader.java:198)
org.xerial.snappy.SnappyLoader.loadSnappyApi(SnappyLoader.java:167)
org.xerial.snappy.Snappy.init(Snappy.java:69)
org.xerial.snappy.Snappy.__STATIC_RESET(Snappy.java:46)
sun.reflect.GeneratedMethodAccessor21.invoke(Unknown Source)
sun.reflect.DelegatingMethodAccessorImpl.invoke(DelegatingMethodAccessorImpl.java:43)
java.lang.reflect.Method.invoke(Method.java:498)
org.evosuite.runtime.classhandling.ClassResetter.reset(ClassResetter.java:159)
org.evosuite.runtime.classhandling.ClassStateSupport.resetClasses(ClassStateSupport.java:137)
org.apache.avro.file.DataFileWriter_ESTest_scaffolding.resetClasses(DataFileWriter_ESTest_scaffolding.java:644)
org.apache.avro.file.DataFileWriter_ESTest_scaffolding.doneWithTestCase(DataFileWriter_ESTest_scaffolding.java:68)
sun.reflect.GeneratedMethodAccessor5.invoke(Unknown Source)
sun.reflect.DelegatingMethodAccessorImpl.invoke(DelegatingMethodAccessorImpl.java:43)
java.lang.reflect.Method.invoke(Method.java:498)
org.junit.runners.model.FrameworkMethod$1.runReflectiveCall(FrameworkMethod.java:59)
org.junit.internal.runners.model.ReflectiveCallable.run(ReflectiveCallable.java:12)
org.junit.runners.model.FrameworkMethod.invokeExplosively(FrameworkMethod.java:56)
org.junit.internal.runners.statements.RunAfters.invokeMethod(RunAfters.java:46)
org.junit.internal.runners.statements.RunAfters.evaluate(RunAfters.java:33)
org.evosuite.runtime.vnet.NonFunctionalRequirementRule$1.evaluate(NonFunctionalRequirementRule.java:41)
org.junit.runners.ParentRunner$3.evaluate(ParentRunner.java:306)
org.junit.runners.BlockJUnit4ClassRunner$1.evaluate(BlockJUnit4ClassRunner.java:100)
org.junit.runners.ParentRunner.runLeaf(ParentRunner.java:366)
org.junit.runners.BlockJUnit4ClassRunner.runChild(BlockJUnit4ClassRunner.java:103)
org.junit.runners.BlockJUnit4ClassRunner.runChild(BlockJUnit4ClassRunner.java:63)
org.junit.runners.ParentRunner$4.run(ParentRunner.java:331)
org.junit.runners.ParentRunner$1.schedule(ParentRunner.java:79)
org.junit.runners.ParentRunner.runChildren(ParentRunner.java:329)
org.junit.runners.ParentRunner.access$100(ParentRunner.java:66)
org.junit.runners.ParentRunner$2.evaluate(ParentRunner.java:293)
org.junit.internal.runners.statements.RunBefores.evaluate(RunBefores.java:26)
org.junit.internal.runners.statements.RunAfters.evaluate(RunAfters.java:27)
org.junit.runners.ParentRunner$3.evaluate(ParentRunner.java:306)
org.junit.runners.ParentRunner.run(ParentRunner.java:413)
org.apache.maven.surefire.junit4.JUnit4Provider.execute(JUnit4Provider.java:316)
org.apache.maven.surefire.junit4.JUnit4Provider.executeWithRerun(JUnit4Provider.java:240)
org.apache.maven.surefire.junit4.JUnit4Provider.executeTestSet(JUnit4Provider.java:214)
org.apache.maven.surefire.junit4.JUnit4Provider.invoke(JUnit4Provider.java:155)
org.apache.maven.surefire.booter.ForkedBooter.runSuitesInProcess(ForkedBooter.java:385)
org.apache.maven.surefire.booter.ForkedBooter.execute(ForkedBooter.java:162)
org.apache.maven.surefire.booter.ForkedBooter.run(ForkedBooter.java:507)
org.apache.maven.surefire.booter.ForkedBooter.main(ForkedBooter.java:495)

	at org.evosuite.runtime.sandbox.MSecurityManager.checkPermission(MSecurityManager.java:436)
	at java.lang.SecurityManager.checkLink(SecurityManager.java:835)
	at java.lang.Runtime.load0(Runtime.java:776)
	at java.lang.System.load(System.java:1100)
	at org.xerial.snappy.SnappyLoader.loadNativeLibrary(SnappyLoader.java:198)
	at org.xerial.snappy.SnappyLoader.loadSnappyApi(SnappyLoader.java:167)
	at org.xerial.snappy.Snappy.init(Snappy.java:69)
	at org.xerial.snappy.Snappy.__STATIC_RESET(Snappy.java:46)
	at sun.reflect.GeneratedMethodAccessor21.invoke(Unknown Source)
	at sun.reflect.DelegatingMethodAccessorImpl.invoke(DelegatingMethodAccessorImpl.java:43)
	at java.lang.reflect.Method.invoke(Method.java:498)
	at org.evosuite.runtime.classhandling.ClassResetter.reset(ClassResetter.java:159)
	at org.evosuite.runtime.classhandling.ClassStateSupport.resetClasses(ClassStateSupport.java:137)
	at org.apache.avro.file.DataFileWriter_ESTest_scaffolding.resetClasses(DataFileWriter_ESTest_scaffolding.java:644)
	at org.apache.avro.file.DataFileWriter_ESTest_scaffolding.doneWithTestCase(DataFileWriter_ESTest_scaffolding.java:68)
	at sun.reflect.GeneratedMethodAccessor5.invoke(Unknown Source)
	at sun.reflect.DelegatingMethodAccessorImpl.invoke(DelegatingMethodAccessorImpl.java:43)
	at java.lang.reflect.Method.invoke(Method.java:498)
	at org.junit.runners.model.FrameworkMethod$1.runReflectiveCall(FrameworkMethod.java:59)
	at org.junit.internal.runners.model.ReflectiveCallable.run(ReflectiveCallable.java:12)
	at org.junit.runners.model.FrameworkMethod.invokeExplosively(FrameworkMethod.java:56)
	at org.junit.internal.runners.statements.RunAfters.invokeMethod(RunAfters.java:46)
	at org.junit.internal.runners.statements.RunAfters.evaluate(RunAfters.java:33)
	at org.evosuite.runtime.vnet.NonFunctionalRequirementRule$1.evaluate(NonFunctionalRequirementRule.java:41)
	at org.junit.runners.ParentRunner$3.evaluate(ParentRunner.java:306)
	at org.junit.runners.BlockJUnit4ClassRunner$1.evaluate(BlockJUnit4ClassRunner.java:100)
	at org.junit.runners.ParentRunner.runLeaf(ParentRunner.java:366)
	at org.junit.runners.BlockJUnit4ClassRunner.runChild(BlockJUnit4ClassRunner.java:103)
	at org.junit.runners.BlockJUnit4ClassRunner.runChild(BlockJUnit4ClassRunner.java:63)
	at org.junit.runners.ParentRunner$4.run(ParentRunner.java:331)
	at org.junit.runners.ParentRunner$1.schedule(ParentRunner.java:79)
	at org.junit.runners.ParentRunner.runChildren(ParentRunner.java:329)
	at org.junit.runners.ParentRunner.access$100(ParentRunner.java:66)
	at org.junit.runners.ParentRunner$2.evaluate(ParentRunner.java:293)
	at org.junit.internal.runners.statements.RunBefores.evaluate(RunBefores.java:26)
	at org.junit.internal.runners.statements.RunAfters.evaluate(RunAfters.java:27)
	at org.junit.runners.ParentRunner$3.evaluate(ParentRunner.java:306)
	at org.junit.runners.ParentRunner.run(ParentRunner.java:413)
	at org.apache.maven.surefire.junit4.JUnit4Provider.execute(JUnit4Provider.java:316)
	at org.apache.maven.surefire.junit4.JUnit4Provider.executeWithRerun(JUnit4Provider.java:240)
	at org.apache.maven.surefire.junit4.JUnit4Provider.executeTestSet(JUnit4Provider.java:214)
	at org.apache.maven.surefire.junit4.JUnit4Provider.invoke(JUnit4Provider.java:155)
	at org.apache.maven.surefire.booter.ForkedBooter.runSuitesInProcess(ForkedBooter.java:385)
	at org.apache.maven.surefire.booter.ForkedBooter.execute(ForkedBooter.java:162)
	at org.apache.maven.surefire.booter.ForkedBooter.run(ForkedBooter.java:507)
	at org.apache.maven.surefire.booter.ForkedBooter.main(ForkedBooter.java:495)
]]></system-err>
  </testcase>
  <testcase name="test02" classname="org.apache.avro.file.DataFileWriter_ESTest" time="0.18">
    <system-err><![CDATA[java.lang.SecurityException: Security manager blocks ("java.lang.RuntimePermission" "loadLibrary./tmp/snappy-1.1.8-00000000-0100-4000-8200-000003000000-libsnappyjava.so")
java.lang.Thread.getStackTrace(Thread.java:1564)
org.evosuite.runtime.sandbox.MSecurityManager.checkPermission(MSecurityManager.java:424)
java.lang.SecurityManager.checkLink(SecurityManager.java:835)
java.lang.Runtime.load0(Runtime.java:776)
java.lang.System.load(System.java:1100)
org.xerial.snappy.SnappyLoader.loadNativeLibrary(SnappyLoader.java:198)
org.xerial.snappy.SnappyLoader.loadSnappyApi(SnappyLoader.java:167)
org.xerial.snappy.Snappy.init(Snappy.java:69)
org.xerial.snappy.Snappy.__STATIC_RESET(Snappy.java:46)
sun.reflect.GeneratedMethodAccessor21.invoke(Unknown Source)
sun.reflect.DelegatingMethodAccessorImpl.invoke(DelegatingMethodAccessorImpl.java:43)
java.lang.reflect.Method.invoke(Method.java:498)
org.evosuite.runtime.classhandling.ClassResetter.reset(ClassResetter.java:159)
org.evosuite.runtime.classhandling.ClassStateSupport.resetClasses(ClassStateSupport.java:137)
org.apache.avro.file.DataFileWriter_ESTest_scaffolding.resetClasses(DataFileWriter_ESTest_scaffolding.java:644)
org.apache.avro.file.DataFileWriter_ESTest_scaffolding.doneWithTestCase(DataFileWriter_ESTest_scaffolding.java:68)
sun.reflect.GeneratedMethodAccessor5.invoke(Unknown Source)
sun.reflect.DelegatingMethodAccessorImpl.invoke(DelegatingMethodAccessorImpl.java:43)
java.lang.reflect.Method.invoke(Method.java:498)
org.junit.runners.model.FrameworkMethod$1.runReflectiveCall(FrameworkMethod.java:59)
org.junit.internal.runners.model.ReflectiveCallable.run(ReflectiveCallable.java:12)
org.junit.runners.model.FrameworkMethod.invokeExplosively(FrameworkMethod.java:56)
org.junit.internal.runners.statements.RunAfters.invokeMethod(RunAfters.java:46)
org.junit.internal.runners.statements.RunAfters.evaluate(RunAfters.java:33)
org.evosuite.runtime.vnet.NonFunctionalRequirementRule$1.evaluate(NonFunctionalRequirementRule.java:41)
org.junit.runners.ParentRunner$3.evaluate(ParentRunner.java:306)
org.junit.runners.BlockJUnit4ClassRunner$1.evaluate(BlockJUnit4ClassRunner.java:100)
org.junit.runners.ParentRunner.runLeaf(ParentRunner.java:366)
org.junit.runners.BlockJUnit4ClassRunner.runChild(BlockJUnit4ClassRunner.java:103)
org.junit.runners.BlockJUnit4ClassRunner.runChild(BlockJUnit4ClassRunner.java:63)
org.junit.runners.ParentRunner$4.run(ParentRunner.java:331)
org.junit.runners.ParentRunner$1.schedule(ParentRunner.java:79)
org.junit.runners.ParentRunner.runChildren(ParentRunner.java:329)
org.junit.runners.ParentRunner.access$100(ParentRunner.java:66)
org.junit.runners.ParentRunner$2.evaluate(ParentRunner.java:293)
org.junit.internal.runners.statements.RunBefores.evaluate(RunBefores.java:26)
org.junit.internal.runners.statements.RunAfters.evaluate(RunAfters.java:27)
org.junit.runners.ParentRunner$3.evaluate(ParentRunner.java:306)
org.junit.runners.ParentRunner.run(ParentRunner.java:413)
org.apache.maven.surefire.junit4.JUnit4Provider.execute(JUnit4Provider.java:316)
org.apache.maven.surefire.junit4.JUnit4Provider.executeWithRerun(JUnit4Provider.java:240)
org.apache.maven.surefire.junit4.JUnit4Provider.executeTestSet(JUnit4Provider.java:214)
org.apache.maven.surefire.junit4.JUnit4Provider.invoke(JUnit4Provider.java:155)
org.apache.maven.surefire.booter.ForkedBooter.runSuitesInProcess(ForkedBooter.java:385)
org.apache.maven.surefire.booter.ForkedBooter.execute(ForkedBooter.java:162)
org.apache.maven.surefire.booter.ForkedBooter.run(ForkedBooter.java:507)
org.apache.maven.surefire.booter.ForkedBooter.main(ForkedBooter.java:495)

	at org.evosuite.runtime.sandbox.MSecurityManager.checkPermission(MSecurityManager.java:436)
	at java.lang.SecurityManager.checkLink(SecurityManager.java:835)
	at java.lang.Runtime.load0(Runtime.java:776)
	at java.lang.System.load(System.java:1100)
	at org.xerial.snappy.SnappyLoader.loadNativeLibrary(SnappyLoader.java:198)
	at org.xerial.snappy.SnappyLoader.loadSnappyApi(SnappyLoader.java:167)
	at org.xerial.snappy.Snappy.init(Snappy.java:69)
	at org.xerial.snappy.Snappy.__STATIC_RESET(Snappy.java:46)
	at sun.reflect.GeneratedMethodAccessor21.invoke(Unknown Source)
	at sun.reflect.DelegatingMethodAccessorImpl.invoke(DelegatingMethodAccessorImpl.java:43)
	at java.lang.reflect.Method.invoke(Method.java:498)
	at org.evosuite.runtime.classhandling.ClassResetter.reset(ClassResetter.java:159)
	at org.evosuite.runtime.classhandling.ClassStateSupport.resetClasses(ClassStateSupport.java:137)
	at org.apache.avro.file.DataFileWriter_ESTest_scaffolding.resetClasses(DataFileWriter_ESTest_scaffolding.java:644)
	at org.apache.avro.file.DataFileWriter_ESTest_scaffolding.doneWithTestCase(DataFileWriter_ESTest_scaffolding.java:68)
	at sun.reflect.GeneratedMethodAccessor5.invoke(Unknown Source)
	at sun.reflect.DelegatingMethodAccessorImpl.invoke(DelegatingMethodAccessorImpl.java:43)
	at java.lang.reflect.Method.invoke(Method.java:498)
	at org.junit.runners.model.FrameworkMethod$1.runReflectiveCall(FrameworkMethod.java:59)
	at org.junit.internal.runners.model.ReflectiveCallable.run(ReflectiveCallable.java:12)
	at org.junit.runners.model.FrameworkMethod.invokeExplosively(FrameworkMethod.java:56)
	at org.junit.internal.runners.statements.RunAfters.invokeMethod(RunAfters.java:46)
	at org.junit.internal.runners.statements.RunAfters.evaluate(RunAfters.java:33)
	at org.evosuite.runtime.vnet.NonFunctionalRequirementRule$1.evaluate(NonFunctionalRequirementRule.java:41)
	at org.junit.runners.ParentRunner$3.evaluate(ParentRunner.java:306)
	at org.junit.runners.BlockJUnit4ClassRunner$1.evaluate(BlockJUnit4ClassRunner.java:100)
	at org.junit.runners.ParentRunner.runLeaf(ParentRunner.java:366)
	at org.junit.runners.BlockJUnit4ClassRunner.runChild(BlockJUnit4ClassRunner.java:103)
	at org.junit.runners.BlockJUnit4ClassRunner.runChild(BlockJUnit4ClassRunner.java:63)
	at org.junit.runners.ParentRunner$4.run(ParentRunner.java:331)
	at org.junit.runners.ParentRunner$1.schedule(ParentRunner.java:79)
	at org.junit.runners.ParentRunner.runChildren(ParentRunner.java:329)
	at org.junit.runners.ParentRunner.access$100(ParentRunner.java:66)
	at org.junit.runners.ParentRunner$2.evaluate(ParentRunner.java:293)
	at org.junit.internal.runners.statements.RunBefores.evaluate(RunBefores.java:26)
	at org.junit.internal.runners.statements.RunAfters.evaluate(RunAfters.java:27)
	at org.junit.runners.ParentRunner$3.evaluate(ParentRunner.java:306)
	at org.junit.runners.ParentRunner.run(ParentRunner.java:413)
	at org.apache.maven.surefire.junit4.JUnit4Provider.execute(JUnit4Provider.java:316)
	at org.apache.maven.surefire.junit4.JUnit4Provider.executeWithRerun(JUnit4Provider.java:240)
	at org.apache.maven.surefire.junit4.JUnit4Provider.executeTestSet(JUnit4Provider.java:214)
	at org.apache.maven.surefire.junit4.JUnit4Provider.invoke(JUnit4Provider.java:155)
	at org.apache.maven.surefire.booter.ForkedBooter.runSuitesInProcess(ForkedBooter.java:385)
	at org.apache.maven.surefire.booter.ForkedBooter.execute(ForkedBooter.java:162)
	at org.apache.maven.surefire.booter.ForkedBooter.run(ForkedBooter.java:507)
	at org.apache.maven.surefire.booter.ForkedBooter.main(ForkedBooter.java:495)
]]></system-err>
  </testcase>
  <testcase name="test46" classname="org.apache.avro.file.DataFileWriter_ESTest" time="0.178">
    <system-err><![CDATA[java.lang.SecurityException: Security manager blocks ("java.lang.RuntimePermission" "loadLibrary./tmp/snappy-1.1.8-00000000-0100-4000-8200-000003000000-libsnappyjava.so")
java.lang.Thread.getStackTrace(Thread.java:1564)
org.evosuite.runtime.sandbox.MSecurityManager.checkPermission(MSecurityManager.java:424)
java.lang.SecurityManager.checkLink(SecurityManager.java:835)
java.lang.Runtime.load0(Runtime.java:776)
java.lang.System.load(System.java:1100)
org.xerial.snappy.SnappyLoader.loadNativeLibrary(SnappyLoader.java:198)
org.xerial.snappy.SnappyLoader.loadSnappyApi(SnappyLoader.java:167)
org.xerial.snappy.Snappy.init(Snappy.java:69)
org.xerial.snappy.Snappy.__STATIC_RESET(Snappy.java:46)
sun.reflect.GeneratedMethodAccessor21.invoke(Unknown Source)
sun.reflect.DelegatingMethodAccessorImpl.invoke(DelegatingMethodAccessorImpl.java:43)
java.lang.reflect.Method.invoke(Method.java:498)
org.evosuite.runtime.classhandling.ClassResetter.reset(ClassResetter.java:159)
org.evosuite.runtime.classhandling.ClassStateSupport.resetClasses(ClassStateSupport.java:137)
org.apache.avro.file.DataFileWriter_ESTest_scaffolding.resetClasses(DataFileWriter_ESTest_scaffolding.java:644)
org.apache.avro.file.DataFileWriter_ESTest_scaffolding.doneWithTestCase(DataFileWriter_ESTest_scaffolding.java:68)
sun.reflect.GeneratedMethodAccessor5.invoke(Unknown Source)
sun.reflect.DelegatingMethodAccessorImpl.invoke(DelegatingMethodAccessorImpl.java:43)
java.lang.reflect.Method.invoke(Method.java:498)
org.junit.runners.model.FrameworkMethod$1.runReflectiveCall(FrameworkMethod.java:59)
org.junit.internal.runners.model.ReflectiveCallable.run(ReflectiveCallable.java:12)
org.junit.runners.model.FrameworkMethod.invokeExplosively(FrameworkMethod.java:56)
org.junit.internal.runners.statements.RunAfters.invokeMethod(RunAfters.java:46)
org.junit.internal.runners.statements.RunAfters.evaluate(RunAfters.java:33)
org.evosuite.runtime.vnet.NonFunctionalRequirementRule$1.evaluate(NonFunctionalRequirementRule.java:41)
org.junit.runners.ParentRunner$3.evaluate(ParentRunner.java:306)
org.junit.runners.BlockJUnit4ClassRunner$1.evaluate(BlockJUnit4ClassRunner.java:100)
org.junit.runners.ParentRunner.runLeaf(ParentRunner.java:366)
org.junit.runners.BlockJUnit4ClassRunner.runChild(BlockJUnit4ClassRunner.java:103)
org.junit.runners.BlockJUnit4ClassRunner.runChild(BlockJUnit4ClassRunner.java:63)
org.junit.runners.ParentRunner$4.run(ParentRunner.java:331)
org.junit.runners.ParentRunner$1.schedule(ParentRunner.java:79)
org.junit.runners.ParentRunner.runChildren(ParentRunner.java:329)
org.junit.runners.ParentRunner.access$100(ParentRunner.java:66)
org.junit.runners.ParentRunner$2.evaluate(ParentRunner.java:293)
org.junit.internal.runners.statements.RunBefores.evaluate(RunBefores.java:26)
org.junit.internal.runners.statements.RunAfters.evaluate(RunAfters.java:27)
org.junit.runners.ParentRunner$3.evaluate(ParentRunner.java:306)
org.junit.runners.ParentRunner.run(ParentRunner.java:413)
org.apache.maven.surefire.junit4.JUnit4Provider.execute(JUnit4Provider.java:316)
org.apache.maven.surefire.junit4.JUnit4Provider.executeWithRerun(JUnit4Provider.java:240)
org.apache.maven.surefire.junit4.JUnit4Provider.executeTestSet(JUnit4Provider.java:214)
org.apache.maven.surefire.junit4.JUnit4Provider.invoke(JUnit4Provider.java:155)
org.apache.maven.surefire.booter.ForkedBooter.runSuitesInProcess(ForkedBooter.java:385)
org.apache.maven.surefire.booter.ForkedBooter.execute(ForkedBooter.java:162)
org.apache.maven.surefire.booter.ForkedBooter.run(ForkedBooter.java:507)
org.apache.maven.surefire.booter.ForkedBooter.main(ForkedBooter.java:495)

	at org.evosuite.runtime.sandbox.MSecurityManager.checkPermission(MSecurityManager.java:436)
	at java.lang.SecurityManager.checkLink(SecurityManager.java:835)
	at java.lang.Runtime.load0(Runtime.java:776)
	at java.lang.System.load(System.java:1100)
	at org.xerial.snappy.SnappyLoader.loadNativeLibrary(SnappyLoader.java:198)
	at org.xerial.snappy.SnappyLoader.loadSnappyApi(SnappyLoader.java:167)
	at org.xerial.snappy.Snappy.init(Snappy.java:69)
	at org.xerial.snappy.Snappy.__STATIC_RESET(Snappy.java:46)
	at sun.reflect.GeneratedMethodAccessor21.invoke(Unknown Source)
	at sun.reflect.DelegatingMethodAccessorImpl.invoke(DelegatingMethodAccessorImpl.java:43)
	at java.lang.reflect.Method.invoke(Method.java:498)
	at org.evosuite.runtime.classhandling.ClassResetter.reset(ClassResetter.java:159)
	at org.evosuite.runtime.classhandling.ClassStateSupport.resetClasses(ClassStateSupport.java:137)
	at org.apache.avro.file.DataFileWriter_ESTest_scaffolding.resetClasses(DataFileWriter_ESTest_scaffolding.java:644)
	at org.apache.avro.file.DataFileWriter_ESTest_scaffolding.doneWithTestCase(DataFileWriter_ESTest_scaffolding.java:68)
	at sun.reflect.GeneratedMethodAccessor5.invoke(Unknown Source)
	at sun.reflect.DelegatingMethodAccessorImpl.invoke(DelegatingMethodAccessorImpl.java:43)
	at java.lang.reflect.Method.invoke(Method.java:498)
	at org.junit.runners.model.FrameworkMethod$1.runReflectiveCall(FrameworkMethod.java:59)
	at org.junit.internal.runners.model.ReflectiveCallable.run(ReflectiveCallable.java:12)
	at org.junit.runners.model.FrameworkMethod.invokeExplosively(FrameworkMethod.java:56)
	at org.junit.internal.runners.statements.RunAfters.invokeMethod(RunAfters.java:46)
	at org.junit.internal.runners.statements.RunAfters.evaluate(RunAfters.java:33)
	at org.evosuite.runtime.vnet.NonFunctionalRequirementRule$1.evaluate(NonFunctionalRequirementRule.java:41)
	at org.junit.runners.ParentRunner$3.evaluate(ParentRunner.java:306)
	at org.junit.runners.BlockJUnit4ClassRunner$1.evaluate(BlockJUnit4ClassRunner.java:100)
	at org.junit.runners.ParentRunner.runLeaf(ParentRunner.java:366)
	at org.junit.runners.BlockJUnit4ClassRunner.runChild(BlockJUnit4ClassRunner.java:103)
	at org.junit.runners.BlockJUnit4ClassRunner.runChild(BlockJUnit4ClassRunner.java:63)
	at org.junit.runners.ParentRunner$4.run(ParentRunner.java:331)
	at org.junit.runners.ParentRunner$1.schedule(ParentRunner.java:79)
	at org.junit.runners.ParentRunner.runChildren(ParentRunner.java:329)
	at org.junit.runners.ParentRunner.access$100(ParentRunner.java:66)
	at org.junit.runners.ParentRunner$2.evaluate(ParentRunner.java:293)
	at org.junit.internal.runners.statements.RunBefores.evaluate(RunBefores.java:26)
	at org.junit.internal.runners.statements.RunAfters.evaluate(RunAfters.java:27)
	at org.junit.runners.ParentRunner$3.evaluate(ParentRunner.java:306)
	at org.junit.runners.ParentRunner.run(ParentRunner.java:413)
	at org.apache.maven.surefire.junit4.JUnit4Provider.execute(JUnit4Provider.java:316)
	at org.apache.maven.surefire.junit4.JUnit4Provider.executeWithRerun(JUnit4Provider.java:240)
	at org.apache.maven.surefire.junit4.JUnit4Provider.executeTestSet(JUnit4Provider.java:214)
	at org.apache.maven.surefire.junit4.JUnit4Provider.invoke(JUnit4Provider.java:155)
	at org.apache.maven.surefire.booter.ForkedBooter.runSuitesInProcess(ForkedBooter.java:385)
	at org.apache.maven.surefire.booter.ForkedBooter.execute(ForkedBooter.java:162)
	at org.apache.maven.surefire.booter.ForkedBooter.run(ForkedBooter.java:507)
	at org.apache.maven.surefire.booter.ForkedBooter.main(ForkedBooter.java:495)
]]></system-err>
  </testcase>
  <testcase name="test03" classname="org.apache.avro.file.DataFileWriter_ESTest" time="0.169">
    <system-err><![CDATA[java.lang.SecurityException: Security manager blocks ("java.lang.RuntimePermission" "loadLibrary./tmp/snappy-1.1.8-00000000-0100-4000-8200-000003000000-libsnappyjava.so")
java.lang.Thread.getStackTrace(Thread.java:1564)
org.evosuite.runtime.sandbox.MSecurityManager.checkPermission(MSecurityManager.java:424)
java.lang.SecurityManager.checkLink(SecurityManager.java:835)
java.lang.Runtime.load0(Runtime.java:776)
java.lang.System.load(System.java:1100)
org.xerial.snappy.SnappyLoader.loadNativeLibrary(SnappyLoader.java:198)
org.xerial.snappy.SnappyLoader.loadSnappyApi(SnappyLoader.java:167)
org.xerial.snappy.Snappy.init(Snappy.java:69)
org.xerial.snappy.Snappy.__STATIC_RESET(Snappy.java:46)
sun.reflect.GeneratedMethodAccessor21.invoke(Unknown Source)
sun.reflect.DelegatingMethodAccessorImpl.invoke(DelegatingMethodAccessorImpl.java:43)
java.lang.reflect.Method.invoke(Method.java:498)
org.evosuite.runtime.classhandling.ClassResetter.reset(ClassResetter.java:159)
org.evosuite.runtime.classhandling.ClassStateSupport.resetClasses(ClassStateSupport.java:137)
org.apache.avro.file.DataFileWriter_ESTest_scaffolding.resetClasses(DataFileWriter_ESTest_scaffolding.java:644)
org.apache.avro.file.DataFileWriter_ESTest_scaffolding.doneWithTestCase(DataFileWriter_ESTest_scaffolding.java:68)
sun.reflect.GeneratedMethodAccessor5.invoke(Unknown Source)
sun.reflect.DelegatingMethodAccessorImpl.invoke(DelegatingMethodAccessorImpl.java:43)
java.lang.reflect.Method.invoke(Method.java:498)
org.junit.runners.model.FrameworkMethod$1.runReflectiveCall(FrameworkMethod.java:59)
org.junit.internal.runners.model.ReflectiveCallable.run(ReflectiveCallable.java:12)
org.junit.runners.model.FrameworkMethod.invokeExplosively(FrameworkMethod.java:56)
org.junit.internal.runners.statements.RunAfters.invokeMethod(RunAfters.java:46)
org.junit.internal.runners.statements.RunAfters.evaluate(RunAfters.java:33)
org.evosuite.runtime.vnet.NonFunctionalRequirementRule$1.evaluate(NonFunctionalRequirementRule.java:41)
org.junit.runners.ParentRunner$3.evaluate(ParentRunner.java:306)
org.junit.runners.BlockJUnit4ClassRunner$1.evaluate(BlockJUnit4ClassRunner.java:100)
org.junit.runners.ParentRunner.runLeaf(ParentRunner.java:366)
org.junit.runners.BlockJUnit4ClassRunner.runChild(BlockJUnit4ClassRunner.java:103)
org.junit.runners.BlockJUnit4ClassRunner.runChild(BlockJUnit4ClassRunner.java:63)
org.junit.runners.ParentRunner$4.run(ParentRunner.java:331)
org.junit.runners.ParentRunner$1.schedule(ParentRunner.java:79)
org.junit.runners.ParentRunner.runChildren(ParentRunner.java:329)
org.junit.runners.ParentRunner.access$100(ParentRunner.java:66)
org.junit.runners.ParentRunner$2.evaluate(ParentRunner.java:293)
org.junit.internal.runners.statements.RunBefores.evaluate(RunBefores.java:26)
org.junit.internal.runners.statements.RunAfters.evaluate(RunAfters.java:27)
org.junit.runners.ParentRunner$3.evaluate(ParentRunner.java:306)
org.junit.runners.ParentRunner.run(ParentRunner.java:413)
org.apache.maven.surefire.junit4.JUnit4Provider.execute(JUnit4Provider.java:316)
org.apache.maven.surefire.junit4.JUnit4Provider.executeWithRerun(JUnit4Provider.java:240)
org.apache.maven.surefire.junit4.JUnit4Provider.executeTestSet(JUnit4Provider.java:214)
org.apache.maven.surefire.junit4.JUnit4Provider.invoke(JUnit4Provider.java:155)
org.apache.maven.surefire.booter.ForkedBooter.runSuitesInProcess(ForkedBooter.java:385)
org.apache.maven.surefire.booter.ForkedBooter.execute(ForkedBooter.java:162)
org.apache.maven.surefire.booter.ForkedBooter.run(ForkedBooter.java:507)
org.apache.maven.surefire.booter.ForkedBooter.main(ForkedBooter.java:495)

	at org.evosuite.runtime.sandbox.MSecurityManager.checkPermission(MSecurityManager.java:436)
	at java.lang.SecurityManager.checkLink(SecurityManager.java:835)
	at java.lang.Runtime.load0(Runtime.java:776)
	at java.lang.System.load(System.java:1100)
	at org.xerial.snappy.SnappyLoader.loadNativeLibrary(SnappyLoader.java:198)
	at org.xerial.snappy.SnappyLoader.loadSnappyApi(SnappyLoader.java:167)
	at org.xerial.snappy.Snappy.init(Snappy.java:69)
	at org.xerial.snappy.Snappy.__STATIC_RESET(Snappy.java:46)
	at sun.reflect.GeneratedMethodAccessor21.invoke(Unknown Source)
	at sun.reflect.DelegatingMethodAccessorImpl.invoke(DelegatingMethodAccessorImpl.java:43)
	at java.lang.reflect.Method.invoke(Method.java:498)
	at org.evosuite.runtime.classhandling.ClassResetter.reset(ClassResetter.java:159)
	at org.evosuite.runtime.classhandling.ClassStateSupport.resetClasses(ClassStateSupport.java:137)
	at org.apache.avro.file.DataFileWriter_ESTest_scaffolding.resetClasses(DataFileWriter_ESTest_scaffolding.java:644)
	at org.apache.avro.file.DataFileWriter_ESTest_scaffolding.doneWithTestCase(DataFileWriter_ESTest_scaffolding.java:68)
	at sun.reflect.GeneratedMethodAccessor5.invoke(Unknown Source)
	at sun.reflect.DelegatingMethodAccessorImpl.invoke(DelegatingMethodAccessorImpl.java:43)
	at java.lang.reflect.Method.invoke(Method.java:498)
	at org.junit.runners.model.FrameworkMethod$1.runReflectiveCall(FrameworkMethod.java:59)
	at org.junit.internal.runners.model.ReflectiveCallable.run(ReflectiveCallable.java:12)
	at org.junit.runners.model.FrameworkMethod.invokeExplosively(FrameworkMethod.java:56)
	at org.junit.internal.runners.statements.RunAfters.invokeMethod(RunAfters.java:46)
	at org.junit.internal.runners.statements.RunAfters.evaluate(RunAfters.java:33)
	at org.evosuite.runtime.vnet.NonFunctionalRequirementRule$1.evaluate(NonFunctionalRequirementRule.java:41)
	at org.junit.runners.ParentRunner$3.evaluate(ParentRunner.java:306)
	at org.junit.runners.BlockJUnit4ClassRunner$1.evaluate(BlockJUnit4ClassRunner.java:100)
	at org.junit.runners.ParentRunner.runLeaf(ParentRunner.java:366)
	at org.junit.runners.BlockJUnit4ClassRunner.runChild(BlockJUnit4ClassRunner.java:103)
	at org.junit.runners.BlockJUnit4ClassRunner.runChild(BlockJUnit4ClassRunner.java:63)
	at org.junit.runners.ParentRunner$4.run(ParentRunner.java:331)
	at org.junit.runners.ParentRunner$1.schedule(ParentRunner.java:79)
	at org.junit.runners.ParentRunner.runChildren(ParentRunner.java:329)
	at org.junit.runners.ParentRunner.access$100(ParentRunner.java:66)
	at org.junit.runners.ParentRunner$2.evaluate(ParentRunner.java:293)
	at org.junit.internal.runners.statements.RunBefores.evaluate(RunBefores.java:26)
	at org.junit.internal.runners.statements.RunAfters.evaluate(RunAfters.java:27)
	at org.junit.runners.ParentRunner$3.evaluate(ParentRunner.java:306)
	at org.junit.runners.ParentRunner.run(ParentRunner.java:413)
	at org.apache.maven.surefire.junit4.JUnit4Provider.execute(JUnit4Provider.java:316)
	at org.apache.maven.surefire.junit4.JUnit4Provider.executeWithRerun(JUnit4Provider.java:240)
	at org.apache.maven.surefire.junit4.JUnit4Provider.executeTestSet(JUnit4Provider.java:214)
	at org.apache.maven.surefire.junit4.JUnit4Provider.invoke(JUnit4Provider.java:155)
	at org.apache.maven.surefire.booter.ForkedBooter.runSuitesInProcess(ForkedBooter.java:385)
	at org.apache.maven.surefire.booter.ForkedBooter.execute(ForkedBooter.java:162)
	at org.apache.maven.surefire.booter.ForkedBooter.run(ForkedBooter.java:507)
	at org.apache.maven.surefire.booter.ForkedBooter.main(ForkedBooter.java:495)
]]></system-err>
  </testcase>
  <testcase name="test47" classname="org.apache.avro.file.DataFileWriter_ESTest" time="0.184">
    <system-err><![CDATA[java.lang.SecurityException: Security manager blocks ("java.lang.RuntimePermission" "loadLibrary./tmp/snappy-1.1.8-00000000-0100-4000-8200-000003000000-libsnappyjava.so")
java.lang.Thread.getStackTrace(Thread.java:1564)
org.evosuite.runtime.sandbox.MSecurityManager.checkPermission(MSecurityManager.java:424)
java.lang.SecurityManager.checkLink(SecurityManager.java:835)
java.lang.Runtime.load0(Runtime.java:776)
java.lang.System.load(System.java:1100)
org.xerial.snappy.SnappyLoader.loadNativeLibrary(SnappyLoader.java:198)
org.xerial.snappy.SnappyLoader.loadSnappyApi(SnappyLoader.java:167)
org.xerial.snappy.Snappy.init(Snappy.java:69)
org.xerial.snappy.Snappy.__STATIC_RESET(Snappy.java:46)
sun.reflect.GeneratedMethodAccessor21.invoke(Unknown Source)
sun.reflect.DelegatingMethodAccessorImpl.invoke(DelegatingMethodAccessorImpl.java:43)
java.lang.reflect.Method.invoke(Method.java:498)
org.evosuite.runtime.classhandling.ClassResetter.reset(ClassResetter.java:159)
org.evosuite.runtime.classhandling.ClassStateSupport.resetClasses(ClassStateSupport.java:137)
org.apache.avro.file.DataFileWriter_ESTest_scaffolding.resetClasses(DataFileWriter_ESTest_scaffolding.java:644)
org.apache.avro.file.DataFileWriter_ESTest_scaffolding.doneWithTestCase(DataFileWriter_ESTest_scaffolding.java:68)
sun.reflect.GeneratedMethodAccessor5.invoke(Unknown Source)
sun.reflect.DelegatingMethodAccessorImpl.invoke(DelegatingMethodAccessorImpl.java:43)
java.lang.reflect.Method.invoke(Method.java:498)
org.junit.runners.model.FrameworkMethod$1.runReflectiveCall(FrameworkMethod.java:59)
org.junit.internal.runners.model.ReflectiveCallable.run(ReflectiveCallable.java:12)
org.junit.runners.model.FrameworkMethod.invokeExplosively(FrameworkMethod.java:56)
org.junit.internal.runners.statements.RunAfters.invokeMethod(RunAfters.java:46)
org.junit.internal.runners.statements.RunAfters.evaluate(RunAfters.java:33)
org.evosuite.runtime.vnet.NonFunctionalRequirementRule$1.evaluate(NonFunctionalRequirementRule.java:41)
org.junit.runners.ParentRunner$3.evaluate(ParentRunner.java:306)
org.junit.runners.BlockJUnit4ClassRunner$1.evaluate(BlockJUnit4ClassRunner.java:100)
org.junit.runners.ParentRunner.runLeaf(ParentRunner.java:366)
org.junit.runners.BlockJUnit4ClassRunner.runChild(BlockJUnit4ClassRunner.java:103)
org.junit.runners.BlockJUnit4ClassRunner.runChild(BlockJUnit4ClassRunner.java:63)
org.junit.runners.ParentRunner$4.run(ParentRunner.java:331)
org.junit.runners.ParentRunner$1.schedule(ParentRunner.java:79)
org.junit.runners.ParentRunner.runChildren(ParentRunner.java:329)
org.junit.runners.ParentRunner.access$100(ParentRunner.java:66)
org.junit.runners.ParentRunner$2.evaluate(ParentRunner.java:293)
org.junit.internal.runners.statements.RunBefores.evaluate(RunBefores.java:26)
org.junit.internal.runners.statements.RunAfters.evaluate(RunAfters.java:27)
org.junit.runners.ParentRunner$3.evaluate(ParentRunner.java:306)
org.junit.runners.ParentRunner.run(ParentRunner.java:413)
org.apache.maven.surefire.junit4.JUnit4Provider.execute(JUnit4Provider.java:316)
org.apache.maven.surefire.junit4.JUnit4Provider.executeWithRerun(JUnit4Provider.java:240)
org.apache.maven.surefire.junit4.JUnit4Provider.executeTestSet(JUnit4Provider.java:214)
org.apache.maven.surefire.junit4.JUnit4Provider.invoke(JUnit4Provider.java:155)
org.apache.maven.surefire.booter.ForkedBooter.runSuitesInProcess(ForkedBooter.java:385)
org.apache.maven.surefire.booter.ForkedBooter.execute(ForkedBooter.java:162)
org.apache.maven.surefire.booter.ForkedBooter.run(ForkedBooter.java:507)
org.apache.maven.surefire.booter.ForkedBooter.main(ForkedBooter.java:495)

	at org.evosuite.runtime.sandbox.MSecurityManager.checkPermission(MSecurityManager.java:436)
	at java.lang.SecurityManager.checkLink(SecurityManager.java:835)
	at java.lang.Runtime.load0(Runtime.java:776)
	at java.lang.System.load(System.java:1100)
	at org.xerial.snappy.SnappyLoader.loadNativeLibrary(SnappyLoader.java:198)
	at org.xerial.snappy.SnappyLoader.loadSnappyApi(SnappyLoader.java:167)
	at org.xerial.snappy.Snappy.init(Snappy.java:69)
	at org.xerial.snappy.Snappy.__STATIC_RESET(Snappy.java:46)
	at sun.reflect.GeneratedMethodAccessor21.invoke(Unknown Source)
	at sun.reflect.DelegatingMethodAccessorImpl.invoke(DelegatingMethodAccessorImpl.java:43)
	at java.lang.reflect.Method.invoke(Method.java:498)
	at org.evosuite.runtime.classhandling.ClassResetter.reset(ClassResetter.java:159)
	at org.evosuite.runtime.classhandling.ClassStateSupport.resetClasses(ClassStateSupport.java:137)
	at org.apache.avro.file.DataFileWriter_ESTest_scaffolding.resetClasses(DataFileWriter_ESTest_scaffolding.java:644)
	at org.apache.avro.file.DataFileWriter_ESTest_scaffolding.doneWithTestCase(DataFileWriter_ESTest_scaffolding.java:68)
	at sun.reflect.GeneratedMethodAccessor5.invoke(Unknown Source)
	at sun.reflect.DelegatingMethodAccessorImpl.invoke(DelegatingMethodAccessorImpl.java:43)
	at java.lang.reflect.Method.invoke(Method.java:498)
	at org.junit.runners.model.FrameworkMethod$1.runReflectiveCall(FrameworkMethod.java:59)
	at org.junit.internal.runners.model.ReflectiveCallable.run(ReflectiveCallable.java:12)
	at org.junit.runners.model.FrameworkMethod.invokeExplosively(FrameworkMethod.java:56)
	at org.junit.internal.runners.statements.RunAfters.invokeMethod(RunAfters.java:46)
	at org.junit.internal.runners.statements.RunAfters.evaluate(RunAfters.java:33)
	at org.evosuite.runtime.vnet.NonFunctionalRequirementRule$1.evaluate(NonFunctionalRequirementRule.java:41)
	at org.junit.runners.ParentRunner$3.evaluate(ParentRunner.java:306)
	at org.junit.runners.BlockJUnit4ClassRunner$1.evaluate(BlockJUnit4ClassRunner.java:100)
	at org.junit.runners.ParentRunner.runLeaf(ParentRunner.java:366)
	at org.junit.runners.BlockJUnit4ClassRunner.runChild(BlockJUnit4ClassRunner.java:103)
	at org.junit.runners.BlockJUnit4ClassRunner.runChild(BlockJUnit4ClassRunner.java:63)
	at org.junit.runners.ParentRunner$4.run(ParentRunner.java:331)
	at org.junit.runners.ParentRunner$1.schedule(ParentRunner.java:79)
	at org.junit.runners.ParentRunner.runChildren(ParentRunner.java:329)
	at org.junit.runners.ParentRunner.access$100(ParentRunner.java:66)
	at org.junit.runners.ParentRunner$2.evaluate(ParentRunner.java:293)
	at org.junit.internal.runners.statements.RunBefores.evaluate(RunBefores.java:26)
	at org.junit.internal.runners.statements.RunAfters.evaluate(RunAfters.java:27)
	at org.junit.runners.ParentRunner$3.evaluate(ParentRunner.java:306)
	at org.junit.runners.ParentRunner.run(ParentRunner.java:413)
	at org.apache.maven.surefire.junit4.JUnit4Provider.execute(JUnit4Provider.java:316)
	at org.apache.maven.surefire.junit4.JUnit4Provider.executeWithRerun(JUnit4Provider.java:240)
	at org.apache.maven.surefire.junit4.JUnit4Provider.executeTestSet(JUnit4Provider.java:214)
	at org.apache.maven.surefire.junit4.JUnit4Provider.invoke(JUnit4Provider.java:155)
	at org.apache.maven.surefire.booter.ForkedBooter.runSuitesInProcess(ForkedBooter.java:385)
	at org.apache.maven.surefire.booter.ForkedBooter.execute(ForkedBooter.java:162)
	at org.apache.maven.surefire.booter.ForkedBooter.run(ForkedBooter.java:507)
	at org.apache.maven.surefire.booter.ForkedBooter.main(ForkedBooter.java:495)
]]></system-err>
  </testcase>
  <testcase name="test00" classname="org.apache.avro.file.DataFileWriter_ESTest" time="0.149">
    <system-err><![CDATA[java.lang.SecurityException: Security manager blocks ("java.lang.RuntimePermission" "loadLibrary./tmp/snappy-1.1.8-00000000-0100-4000-8200-000003000000-libsnappyjava.so")
java.lang.Thread.getStackTrace(Thread.java:1564)
org.evosuite.runtime.sandbox.MSecurityManager.checkPermission(MSecurityManager.java:424)
java.lang.SecurityManager.checkLink(SecurityManager.java:835)
java.lang.Runtime.load0(Runtime.java:776)
java.lang.System.load(System.java:1100)
org.xerial.snappy.SnappyLoader.loadNativeLibrary(SnappyLoader.java:198)
org.xerial.snappy.SnappyLoader.loadSnappyApi(SnappyLoader.java:167)
org.xerial.snappy.Snappy.init(Snappy.java:69)
org.xerial.snappy.Snappy.__STATIC_RESET(Snappy.java:46)
sun.reflect.GeneratedMethodAccessor21.invoke(Unknown Source)
sun.reflect.DelegatingMethodAccessorImpl.invoke(DelegatingMethodAccessorImpl.java:43)
java.lang.reflect.Method.invoke(Method.java:498)
org.evosuite.runtime.classhandling.ClassResetter.reset(ClassResetter.java:159)
org.evosuite.runtime.classhandling.ClassStateSupport.resetClasses(ClassStateSupport.java:137)
org.apache.avro.file.DataFileWriter_ESTest_scaffolding.resetClasses(DataFileWriter_ESTest_scaffolding.java:644)
org.apache.avro.file.DataFileWriter_ESTest_scaffolding.doneWithTestCase(DataFileWriter_ESTest_scaffolding.java:68)
sun.reflect.GeneratedMethodAccessor5.invoke(Unknown Source)
sun.reflect.DelegatingMethodAccessorImpl.invoke(DelegatingMethodAccessorImpl.java:43)
java.lang.reflect.Method.invoke(Method.java:498)
org.junit.runners.model.FrameworkMethod$1.runReflectiveCall(FrameworkMethod.java:59)
org.junit.internal.runners.model.ReflectiveCallable.run(ReflectiveCallable.java:12)
org.junit.runners.model.FrameworkMethod.invokeExplosively(FrameworkMethod.java:56)
org.junit.internal.runners.statements.RunAfters.invokeMethod(RunAfters.java:46)
org.junit.internal.runners.statements.RunAfters.evaluate(RunAfters.java:33)
org.evosuite.runtime.vnet.NonFunctionalRequirementRule$1.evaluate(NonFunctionalRequirementRule.java:41)
org.junit.runners.ParentRunner$3.evaluate(ParentRunner.java:306)
org.junit.runners.BlockJUnit4ClassRunner$1.evaluate(BlockJUnit4ClassRunner.java:100)
org.junit.runners.ParentRunner.runLeaf(ParentRunner.java:366)
org.junit.runners.BlockJUnit4ClassRunner.runChild(BlockJUnit4ClassRunner.java:103)
org.junit.runners.BlockJUnit4ClassRunner.runChild(BlockJUnit4ClassRunner.java:63)
org.junit.runners.ParentRunner$4.run(ParentRunner.java:331)
org.junit.runners.ParentRunner$1.schedule(ParentRunner.java:79)
org.junit.runners.ParentRunner.runChildren(ParentRunner.java:329)
org.junit.runners.ParentRunner.access$100(ParentRunner.java:66)
org.junit.runners.ParentRunner$2.evaluate(ParentRunner.java:293)
org.junit.internal.runners.statements.RunBefores.evaluate(RunBefores.java:26)
org.junit.internal.runners.statements.RunAfters.evaluate(RunAfters.java:27)
org.junit.runners.ParentRunner$3.evaluate(ParentRunner.java:306)
org.junit.runners.ParentRunner.run(ParentRunner.java:413)
org.apache.maven.surefire.junit4.JUnit4Provider.execute(JUnit4Provider.java:316)
org.apache.maven.surefire.junit4.JUnit4Provider.executeWithRerun(JUnit4Provider.java:240)
org.apache.maven.surefire.junit4.JUnit4Provider.executeTestSet(JUnit4Provider.java:214)
org.apache.maven.surefire.junit4.JUnit4Provider.invoke(JUnit4Provider.java:155)
org.apache.maven.surefire.booter.ForkedBooter.runSuitesInProcess(ForkedBooter.java:385)
org.apache.maven.surefire.booter.ForkedBooter.execute(ForkedBooter.java:162)
org.apache.maven.surefire.booter.ForkedBooter.run(ForkedBooter.java:507)
org.apache.maven.surefire.booter.ForkedBooter.main(ForkedBooter.java:495)

	at org.evosuite.runtime.sandbox.MSecurityManager.checkPermission(MSecurityManager.java:436)
	at java.lang.SecurityManager.checkLink(SecurityManager.java:835)
	at java.lang.Runtime.load0(Runtime.java:776)
	at java.lang.System.load(System.java:1100)
	at org.xerial.snappy.SnappyLoader.loadNativeLibrary(SnappyLoader.java:198)
	at org.xerial.snappy.SnappyLoader.loadSnappyApi(SnappyLoader.java:167)
	at org.xerial.snappy.Snappy.init(Snappy.java:69)
	at org.xerial.snappy.Snappy.__STATIC_RESET(Snappy.java:46)
	at sun.reflect.GeneratedMethodAccessor21.invoke(Unknown Source)
	at sun.reflect.DelegatingMethodAccessorImpl.invoke(DelegatingMethodAccessorImpl.java:43)
	at java.lang.reflect.Method.invoke(Method.java:498)
	at org.evosuite.runtime.classhandling.ClassResetter.reset(ClassResetter.java:159)
	at org.evosuite.runtime.classhandling.ClassStateSupport.resetClasses(ClassStateSupport.java:137)
	at org.apache.avro.file.DataFileWriter_ESTest_scaffolding.resetClasses(DataFileWriter_ESTest_scaffolding.java:644)
	at org.apache.avro.file.DataFileWriter_ESTest_scaffolding.doneWithTestCase(DataFileWriter_ESTest_scaffolding.java:68)
	at sun.reflect.GeneratedMethodAccessor5.invoke(Unknown Source)
	at sun.reflect.DelegatingMethodAccessorImpl.invoke(DelegatingMethodAccessorImpl.java:43)
	at java.lang.reflect.Method.invoke(Method.java:498)
	at org.junit.runners.model.FrameworkMethod$1.runReflectiveCall(FrameworkMethod.java:59)
	at org.junit.internal.runners.model.ReflectiveCallable.run(ReflectiveCallable.java:12)
	at org.junit.runners.model.FrameworkMethod.invokeExplosively(FrameworkMethod.java:56)
	at org.junit.internal.runners.statements.RunAfters.invokeMethod(RunAfters.java:46)
	at org.junit.internal.runners.statements.RunAfters.evaluate(RunAfters.java:33)
	at org.evosuite.runtime.vnet.NonFunctionalRequirementRule$1.evaluate(NonFunctionalRequirementRule.java:41)
	at org.junit.runners.ParentRunner$3.evaluate(ParentRunner.java:306)
	at org.junit.runners.BlockJUnit4ClassRunner$1.evaluate(BlockJUnit4ClassRunner.java:100)
	at org.junit.runners.ParentRunner.runLeaf(ParentRunner.java:366)
	at org.junit.runners.BlockJUnit4ClassRunner.runChild(BlockJUnit4ClassRunner.java:103)
	at org.junit.runners.BlockJUnit4ClassRunner.runChild(BlockJUnit4ClassRunner.java:63)
	at org.junit.runners.ParentRunner$4.run(ParentRunner.java:331)
	at org.junit.runners.ParentRunner$1.schedule(ParentRunner.java:79)
	at org.junit.runners.ParentRunner.runChildren(ParentRunner.java:329)
	at org.junit.runners.ParentRunner.access$100(ParentRunner.java:66)
	at org.junit.runners.ParentRunner$2.evaluate(ParentRunner.java:293)
	at org.junit.internal.runners.statements.RunBefores.evaluate(RunBefores.java:26)
	at org.junit.internal.runners.statements.RunAfters.evaluate(RunAfters.java:27)
	at org.junit.runners.ParentRunner$3.evaluate(ParentRunner.java:306)
	at org.junit.runners.ParentRunner.run(ParentRunner.java:413)
	at org.apache.maven.surefire.junit4.JUnit4Provider.execute(JUnit4Provider.java:316)
	at org.apache.maven.surefire.junit4.JUnit4Provider.executeWithRerun(JUnit4Provider.java:240)
	at org.apache.maven.surefire.junit4.JUnit4Provider.executeTestSet(JUnit4Provider.java:214)
	at org.apache.maven.surefire.junit4.JUnit4Provider.invoke(JUnit4Provider.java:155)
	at org.apache.maven.surefire.booter.ForkedBooter.runSuitesInProcess(ForkedBooter.java:385)
	at org.apache.maven.surefire.booter.ForkedBooter.execute(ForkedBooter.java:162)
	at org.apache.maven.surefire.booter.ForkedBooter.run(ForkedBooter.java:507)
	at org.apache.maven.surefire.booter.ForkedBooter.main(ForkedBooter.java:495)
]]></system-err>
  </testcase>
  <testcase name="test44" classname="org.apache.avro.file.DataFileWriter_ESTest" time="0.151">
    <system-err><![CDATA[java.lang.SecurityException: Security manager blocks ("java.lang.RuntimePermission" "loadLibrary./tmp/snappy-1.1.8-00000000-0100-4000-8200-000003000000-libsnappyjava.so")
java.lang.Thread.getStackTrace(Thread.java:1564)
org.evosuite.runtime.sandbox.MSecurityManager.checkPermission(MSecurityManager.java:424)
java.lang.SecurityManager.checkLink(SecurityManager.java:835)
java.lang.Runtime.load0(Runtime.java:776)
java.lang.System.load(System.java:1100)
org.xerial.snappy.SnappyLoader.loadNativeLibrary(SnappyLoader.java:198)
org.xerial.snappy.SnappyLoader.loadSnappyApi(SnappyLoader.java:167)
org.xerial.snappy.Snappy.init(Snappy.java:69)
org.xerial.snappy.Snappy.__STATIC_RESET(Snappy.java:46)
sun.reflect.GeneratedMethodAccessor21.invoke(Unknown Source)
sun.reflect.DelegatingMethodAccessorImpl.invoke(DelegatingMethodAccessorImpl.java:43)
java.lang.reflect.Method.invoke(Method.java:498)
org.evosuite.runtime.classhandling.ClassResetter.reset(ClassResetter.java:159)
org.evosuite.runtime.classhandling.ClassStateSupport.resetClasses(ClassStateSupport.java:137)
org.apache.avro.file.DataFileWriter_ESTest_scaffolding.resetClasses(DataFileWriter_ESTest_scaffolding.java:644)
org.apache.avro.file.DataFileWriter_ESTest_scaffolding.doneWithTestCase(DataFileWriter_ESTest_scaffolding.java:68)
sun.reflect.GeneratedMethodAccessor5.invoke(Unknown Source)
sun.reflect.DelegatingMethodAccessorImpl.invoke(DelegatingMethodAccessorImpl.java:43)
java.lang.reflect.Method.invoke(Method.java:498)
org.junit.runners.model.FrameworkMethod$1.runReflectiveCall(FrameworkMethod.java:59)
org.junit.internal.runners.model.ReflectiveCallable.run(ReflectiveCallable.java:12)
org.junit.runners.model.FrameworkMethod.invokeExplosively(FrameworkMethod.java:56)
org.junit.internal.runners.statements.RunAfters.invokeMethod(RunAfters.java:46)
org.junit.internal.runners.statements.RunAfters.evaluate(RunAfters.java:33)
org.evosuite.runtime.vnet.NonFunctionalRequirementRule$1.evaluate(NonFunctionalRequirementRule.java:41)
org.junit.runners.ParentRunner$3.evaluate(ParentRunner.java:306)
org.junit.runners.BlockJUnit4ClassRunner$1.evaluate(BlockJUnit4ClassRunner.java:100)
org.junit.runners.ParentRunner.runLeaf(ParentRunner.java:366)
org.junit.runners.BlockJUnit4ClassRunner.runChild(BlockJUnit4ClassRunner.java:103)
org.junit.runners.BlockJUnit4ClassRunner.runChild(BlockJUnit4ClassRunner.java:63)
org.junit.runners.ParentRunner$4.run(ParentRunner.java:331)
org.junit.runners.ParentRunner$1.schedule(ParentRunner.java:79)
org.junit.runners.ParentRunner.runChildren(ParentRunner.java:329)
org.junit.runners.ParentRunner.access$100(ParentRunner.java:66)
org.junit.runners.ParentRunner$2.evaluate(ParentRunner.java:293)
org.junit.internal.runners.statements.RunBefores.evaluate(RunBefores.java:26)
org.junit.internal.runners.statements.RunAfters.evaluate(RunAfters.java:27)
org.junit.runners.ParentRunner$3.evaluate(ParentRunner.java:306)
org.junit.runners.ParentRunner.run(ParentRunner.java:413)
org.apache.maven.surefire.junit4.JUnit4Provider.execute(JUnit4Provider.java:316)
org.apache.maven.surefire.junit4.JUnit4Provider.executeWithRerun(JUnit4Provider.java:240)
org.apache.maven.surefire.junit4.JUnit4Provider.executeTestSet(JUnit4Provider.java:214)
org.apache.maven.surefire.junit4.JUnit4Provider.invoke(JUnit4Provider.java:155)
org.apache.maven.surefire.booter.ForkedBooter.runSuitesInProcess(ForkedBooter.java:385)
org.apache.maven.surefire.booter.ForkedBooter.execute(ForkedBooter.java:162)
org.apache.maven.surefire.booter.ForkedBooter.run(ForkedBooter.java:507)
org.apache.maven.surefire.booter.ForkedBooter.main(ForkedBooter.java:495)

	at org.evosuite.runtime.sandbox.MSecurityManager.checkPermission(MSecurityManager.java:436)
	at java.lang.SecurityManager.checkLink(SecurityManager.java:835)
	at java.lang.Runtime.load0(Runtime.java:776)
	at java.lang.System.load(System.java:1100)
	at org.xerial.snappy.SnappyLoader.loadNativeLibrary(SnappyLoader.java:198)
	at org.xerial.snappy.SnappyLoader.loadSnappyApi(SnappyLoader.java:167)
	at org.xerial.snappy.Snappy.init(Snappy.java:69)
	at org.xerial.snappy.Snappy.__STATIC_RESET(Snappy.java:46)
	at sun.reflect.GeneratedMethodAccessor21.invoke(Unknown Source)
	at sun.reflect.DelegatingMethodAccessorImpl.invoke(DelegatingMethodAccessorImpl.java:43)
	at java.lang.reflect.Method.invoke(Method.java:498)
	at org.evosuite.runtime.classhandling.ClassResetter.reset(ClassResetter.java:159)
	at org.evosuite.runtime.classhandling.ClassStateSupport.resetClasses(ClassStateSupport.java:137)
	at org.apache.avro.file.DataFileWriter_ESTest_scaffolding.resetClasses(DataFileWriter_ESTest_scaffolding.java:644)
	at org.apache.avro.file.DataFileWriter_ESTest_scaffolding.doneWithTestCase(DataFileWriter_ESTest_scaffolding.java:68)
	at sun.reflect.GeneratedMethodAccessor5.invoke(Unknown Source)
	at sun.reflect.DelegatingMethodAccessorImpl.invoke(DelegatingMethodAccessorImpl.java:43)
	at java.lang.reflect.Method.invoke(Method.java:498)
	at org.junit.runners.model.FrameworkMethod$1.runReflectiveCall(FrameworkMethod.java:59)
	at org.junit.internal.runners.model.ReflectiveCallable.run(ReflectiveCallable.java:12)
	at org.junit.runners.model.FrameworkMethod.invokeExplosively(FrameworkMethod.java:56)
	at org.junit.internal.runners.statements.RunAfters.invokeMethod(RunAfters.java:46)
	at org.junit.internal.runners.statements.RunAfters.evaluate(RunAfters.java:33)
	at org.evosuite.runtime.vnet.NonFunctionalRequirementRule$1.evaluate(NonFunctionalRequirementRule.java:41)
	at org.junit.runners.ParentRunner$3.evaluate(ParentRunner.java:306)
	at org.junit.runners.BlockJUnit4ClassRunner$1.evaluate(BlockJUnit4ClassRunner.java:100)
	at org.junit.runners.ParentRunner.runLeaf(ParentRunner.java:366)
	at org.junit.runners.BlockJUnit4ClassRunner.runChild(BlockJUnit4ClassRunner.java:103)
	at org.junit.runners.BlockJUnit4ClassRunner.runChild(BlockJUnit4ClassRunner.java:63)
	at org.junit.runners.ParentRunner$4.run(ParentRunner.java:331)
	at org.junit.runners.ParentRunner$1.schedule(ParentRunner.java:79)
	at org.junit.runners.ParentRunner.runChildren(ParentRunner.java:329)
	at org.junit.runners.ParentRunner.access$100(ParentRunner.java:66)
	at org.junit.runners.ParentRunner$2.evaluate(ParentRunner.java:293)
	at org.junit.internal.runners.statements.RunBefores.evaluate(RunBefores.java:26)
	at org.junit.internal.runners.statements.RunAfters.evaluate(RunAfters.java:27)
	at org.junit.runners.ParentRunner$3.evaluate(ParentRunner.java:306)
	at org.junit.runners.ParentRunner.run(ParentRunner.java:413)
	at org.apache.maven.surefire.junit4.JUnit4Provider.execute(JUnit4Provider.java:316)
	at org.apache.maven.surefire.junit4.JUnit4Provider.executeWithRerun(JUnit4Provider.java:240)
	at org.apache.maven.surefire.junit4.JUnit4Provider.executeTestSet(JUnit4Provider.java:214)
	at org.apache.maven.surefire.junit4.JUnit4Provider.invoke(JUnit4Provider.java:155)
	at org.apache.maven.surefire.booter.ForkedBooter.runSuitesInProcess(ForkedBooter.java:385)
	at org.apache.maven.surefire.booter.ForkedBooter.execute(ForkedBooter.java:162)
	at org.apache.maven.surefire.booter.ForkedBooter.run(ForkedBooter.java:507)
	at org.apache.maven.surefire.booter.ForkedBooter.main(ForkedBooter.java:495)
]]></system-err>
  </testcase>
  <testcase name="test01" classname="org.apache.avro.file.DataFileWriter_ESTest" time="0.2">
    <system-err><![CDATA[java.lang.SecurityException: Security manager blocks ("java.lang.RuntimePermission" "loadLibrary./tmp/snappy-1.1.8-00000000-0100-4000-8200-000003000000-libsnappyjava.so")
java.lang.Thread.getStackTrace(Thread.java:1564)
org.evosuite.runtime.sandbox.MSecurityManager.checkPermission(MSecurityManager.java:424)
java.lang.SecurityManager.checkLink(SecurityManager.java:835)
java.lang.Runtime.load0(Runtime.java:776)
java.lang.System.load(System.java:1100)
org.xerial.snappy.SnappyLoader.loadNativeLibrary(SnappyLoader.java:198)
org.xerial.snappy.SnappyLoader.loadSnappyApi(SnappyLoader.java:167)
org.xerial.snappy.Snappy.init(Snappy.java:69)
org.xerial.snappy.Snappy.__STATIC_RESET(Snappy.java:46)
sun.reflect.GeneratedMethodAccessor21.invoke(Unknown Source)
sun.reflect.DelegatingMethodAccessorImpl.invoke(DelegatingMethodAccessorImpl.java:43)
java.lang.reflect.Method.invoke(Method.java:498)
org.evosuite.runtime.classhandling.ClassResetter.reset(ClassResetter.java:159)
org.evosuite.runtime.classhandling.ClassStateSupport.resetClasses(ClassStateSupport.java:137)
org.apache.avro.file.DataFileWriter_ESTest_scaffolding.resetClasses(DataFileWriter_ESTest_scaffolding.java:644)
org.apache.avro.file.DataFileWriter_ESTest_scaffolding.doneWithTestCase(DataFileWriter_ESTest_scaffolding.java:68)
sun.reflect.GeneratedMethodAccessor5.invoke(Unknown Source)
sun.reflect.DelegatingMethodAccessorImpl.invoke(DelegatingMethodAccessorImpl.java:43)
java.lang.reflect.Method.invoke(Method.java:498)
org.junit.runners.model.FrameworkMethod$1.runReflectiveCall(FrameworkMethod.java:59)
org.junit.internal.runners.model.ReflectiveCallable.run(ReflectiveCallable.java:12)
org.junit.runners.model.FrameworkMethod.invokeExplosively(FrameworkMethod.java:56)
org.junit.internal.runners.statements.RunAfters.invokeMethod(RunAfters.java:46)
org.junit.internal.runners.statements.RunAfters.evaluate(RunAfters.java:33)
org.evosuite.runtime.vnet.NonFunctionalRequirementRule$1.evaluate(NonFunctionalRequirementRule.java:41)
org.junit.runners.ParentRunner$3.evaluate(ParentRunner.java:306)
org.junit.runners.BlockJUnit4ClassRunner$1.evaluate(BlockJUnit4ClassRunner.java:100)
org.junit.runners.ParentRunner.runLeaf(ParentRunner.java:366)
org.junit.runners.BlockJUnit4ClassRunner.runChild(BlockJUnit4ClassRunner.java:103)
org.junit.runners.BlockJUnit4ClassRunner.runChild(BlockJUnit4ClassRunner.java:63)
org.junit.runners.ParentRunner$4.run(ParentRunner.java:331)
org.junit.runners.ParentRunner$1.schedule(ParentRunner.java:79)
org.junit.runners.ParentRunner.runChildren(ParentRunner.java:329)
org.junit.runners.ParentRunner.access$100(ParentRunner.java:66)
org.junit.runners.ParentRunner$2.evaluate(ParentRunner.java:293)
org.junit.internal.runners.statements.RunBefores.evaluate(RunBefores.java:26)
org.junit.internal.runners.statements.RunAfters.evaluate(RunAfters.java:27)
org.junit.runners.ParentRunner$3.evaluate(ParentRunner.java:306)
org.junit.runners.ParentRunner.run(ParentRunner.java:413)
org.apache.maven.surefire.junit4.JUnit4Provider.execute(JUnit4Provider.java:316)
org.apache.maven.surefire.junit4.JUnit4Provider.executeWithRerun(JUnit4Provider.java:240)
org.apache.maven.surefire.junit4.JUnit4Provider.executeTestSet(JUnit4Provider.java:214)
org.apache.maven.surefire.junit4.JUnit4Provider.invoke(JUnit4Provider.java:155)
org.apache.maven.surefire.booter.ForkedBooter.runSuitesInProcess(ForkedBooter.java:385)
org.apache.maven.surefire.booter.ForkedBooter.execute(ForkedBooter.java:162)
org.apache.maven.surefire.booter.ForkedBooter.run(ForkedBooter.java:507)
org.apache.maven.surefire.booter.ForkedBooter.main(ForkedBooter.java:495)

	at org.evosuite.runtime.sandbox.MSecurityManager.checkPermission(MSecurityManager.java:436)
	at java.lang.SecurityManager.checkLink(SecurityManager.java:835)
	at java.lang.Runtime.load0(Runtime.java:776)
	at java.lang.System.load(System.java:1100)
	at org.xerial.snappy.SnappyLoader.loadNativeLibrary(SnappyLoader.java:198)
	at org.xerial.snappy.SnappyLoader.loadSnappyApi(SnappyLoader.java:167)
	at org.xerial.snappy.Snappy.init(Snappy.java:69)
	at org.xerial.snappy.Snappy.__STATIC_RESET(Snappy.java:46)
	at sun.reflect.GeneratedMethodAccessor21.invoke(Unknown Source)
	at sun.reflect.DelegatingMethodAccessorImpl.invoke(DelegatingMethodAccessorImpl.java:43)
	at java.lang.reflect.Method.invoke(Method.java:498)
	at org.evosuite.runtime.classhandling.ClassResetter.reset(ClassResetter.java:159)
	at org.evosuite.runtime.classhandling.ClassStateSupport.resetClasses(ClassStateSupport.java:137)
	at org.apache.avro.file.DataFileWriter_ESTest_scaffolding.resetClasses(DataFileWriter_ESTest_scaffolding.java:644)
	at org.apache.avro.file.DataFileWriter_ESTest_scaffolding.doneWithTestCase(DataFileWriter_ESTest_scaffolding.java:68)
	at sun.reflect.GeneratedMethodAccessor5.invoke(Unknown Source)
	at sun.reflect.DelegatingMethodAccessorImpl.invoke(DelegatingMethodAccessorImpl.java:43)
	at java.lang.reflect.Method.invoke(Method.java:498)
	at org.junit.runners.model.FrameworkMethod$1.runReflectiveCall(FrameworkMethod.java:59)
	at org.junit.internal.runners.model.ReflectiveCallable.run(ReflectiveCallable.java:12)
	at org.junit.runners.model.FrameworkMethod.invokeExplosively(FrameworkMethod.java:56)
	at org.junit.internal.runners.statements.RunAfters.invokeMethod(RunAfters.java:46)
	at org.junit.internal.runners.statements.RunAfters.evaluate(RunAfters.java:33)
	at org.evosuite.runtime.vnet.NonFunctionalRequirementRule$1.evaluate(NonFunctionalRequirementRule.java:41)
	at org.junit.runners.ParentRunner$3.evaluate(ParentRunner.java:306)
	at org.junit.runners.BlockJUnit4ClassRunner$1.evaluate(BlockJUnit4ClassRunner.java:100)
	at org.junit.runners.ParentRunner.runLeaf(ParentRunner.java:366)
	at org.junit.runners.BlockJUnit4ClassRunner.runChild(BlockJUnit4ClassRunner.java:103)
	at org.junit.runners.BlockJUnit4ClassRunner.runChild(BlockJUnit4ClassRunner.java:63)
	at org.junit.runners.ParentRunner$4.run(ParentRunner.java:331)
	at org.junit.runners.ParentRunner$1.schedule(ParentRunner.java:79)
	at org.junit.runners.ParentRunner.runChildren(ParentRunner.java:329)
	at org.junit.runners.ParentRunner.access$100(ParentRunner.java:66)
	at org.junit.runners.ParentRunner$2.evaluate(ParentRunner.java:293)
	at org.junit.internal.runners.statements.RunBefores.evaluate(RunBefores.java:26)
	at org.junit.internal.runners.statements.RunAfters.evaluate(RunAfters.java:27)
	at org.junit.runners.ParentRunner$3.evaluate(ParentRunner.java:306)
	at org.junit.runners.ParentRunner.run(ParentRunner.java:413)
	at org.apache.maven.surefire.junit4.JUnit4Provider.execute(JUnit4Provider.java:316)
	at org.apache.maven.surefire.junit4.JUnit4Provider.executeWithRerun(JUnit4Provider.java:240)
	at org.apache.maven.surefire.junit4.JUnit4Provider.executeTestSet(JUnit4Provider.java:214)
	at org.apache.maven.surefire.junit4.JUnit4Provider.invoke(JUnit4Provider.java:155)
	at org.apache.maven.surefire.booter.ForkedBooter.runSuitesInProcess(ForkedBooter.java:385)
	at org.apache.maven.surefire.booter.ForkedBooter.execute(ForkedBooter.java:162)
	at org.apache.maven.surefire.booter.ForkedBooter.run(ForkedBooter.java:507)
	at org.apache.maven.surefire.booter.ForkedBooter.main(ForkedBooter.java:495)
]]></system-err>
  </testcase>
  <testcase name="test45" classname="org.apache.avro.file.DataFileWriter_ESTest" time="0.158">
    <system-err><![CDATA[java.lang.SecurityException: Security manager blocks ("java.lang.RuntimePermission" "loadLibrary./tmp/snappy-1.1.8-00000000-0100-4000-8200-000003000000-libsnappyjava.so")
java.lang.Thread.getStackTrace(Thread.java:1564)
org.evosuite.runtime.sandbox.MSecurityManager.checkPermission(MSecurityManager.java:424)
java.lang.SecurityManager.checkLink(SecurityManager.java:835)
java.lang.Runtime.load0(Runtime.java:776)
java.lang.System.load(System.java:1100)
org.xerial.snappy.SnappyLoader.loadNativeLibrary(SnappyLoader.java:198)
org.xerial.snappy.SnappyLoader.loadSnappyApi(SnappyLoader.java:167)
org.xerial.snappy.Snappy.init(Snappy.java:69)
org.xerial.snappy.Snappy.__STATIC_RESET(Snappy.java:46)
sun.reflect.GeneratedMethodAccessor21.invoke(Unknown Source)
sun.reflect.DelegatingMethodAccessorImpl.invoke(DelegatingMethodAccessorImpl.java:43)
java.lang.reflect.Method.invoke(Method.java:498)
org.evosuite.runtime.classhandling.ClassResetter.reset(ClassResetter.java:159)
org.evosuite.runtime.classhandling.ClassStateSupport.resetClasses(ClassStateSupport.java:137)
org.apache.avro.file.DataFileWriter_ESTest_scaffolding.resetClasses(DataFileWriter_ESTest_scaffolding.java:644)
org.apache.avro.file.DataFileWriter_ESTest_scaffolding.doneWithTestCase(DataFileWriter_ESTest_scaffolding.java:68)
sun.reflect.GeneratedMethodAccessor5.invoke(Unknown Source)
sun.reflect.DelegatingMethodAccessorImpl.invoke(DelegatingMethodAccessorImpl.java:43)
java.lang.reflect.Method.invoke(Method.java:498)
org.junit.runners.model.FrameworkMethod$1.runReflectiveCall(FrameworkMethod.java:59)
org.junit.internal.runners.model.ReflectiveCallable.run(ReflectiveCallable.java:12)
org.junit.runners.model.FrameworkMethod.invokeExplosively(FrameworkMethod.java:56)
org.junit.internal.runners.statements.RunAfters.invokeMethod(RunAfters.java:46)
org.junit.internal.runners.statements.RunAfters.evaluate(RunAfters.java:33)
org.evosuite.runtime.vnet.NonFunctionalRequirementRule$1.evaluate(NonFunctionalRequirementRule.java:41)
org.junit.runners.ParentRunner$3.evaluate(ParentRunner.java:306)
org.junit.runners.BlockJUnit4ClassRunner$1.evaluate(BlockJUnit4ClassRunner.java:100)
org.junit.runners.ParentRunner.runLeaf(ParentRunner.java:366)
org.junit.runners.BlockJUnit4ClassRunner.runChild(BlockJUnit4ClassRunner.java:103)
org.junit.runners.BlockJUnit4ClassRunner.runChild(BlockJUnit4ClassRunner.java:63)
org.junit.runners.ParentRunner$4.run(ParentRunner.java:331)
org.junit.runners.ParentRunner$1.schedule(ParentRunner.java:79)
org.junit.runners.ParentRunner.runChildren(ParentRunner.java:329)
org.junit.runners.ParentRunner.access$100(ParentRunner.java:66)
org.junit.runners.ParentRunner$2.evaluate(ParentRunner.java:293)
org.junit.internal.runners.statements.RunBefores.evaluate(RunBefores.java:26)
org.junit.internal.runners.statements.RunAfters.evaluate(RunAfters.java:27)
org.junit.runners.ParentRunner$3.evaluate(ParentRunner.java:306)
org.junit.runners.ParentRunner.run(ParentRunner.java:413)
org.apache.maven.surefire.junit4.JUnit4Provider.execute(JUnit4Provider.java:316)
org.apache.maven.surefire.junit4.JUnit4Provider.executeWithRerun(JUnit4Provider.java:240)
org.apache.maven.surefire.junit4.JUnit4Provider.executeTestSet(JUnit4Provider.java:214)
org.apache.maven.surefire.junit4.JUnit4Provider.invoke(JUnit4Provider.java:155)
org.apache.maven.surefire.booter.ForkedBooter.runSuitesInProcess(ForkedBooter.java:385)
org.apache.maven.surefire.booter.ForkedBooter.execute(ForkedBooter.java:162)
org.apache.maven.surefire.booter.ForkedBooter.run(ForkedBooter.java:507)
org.apache.maven.surefire.booter.ForkedBooter.main(ForkedBooter.java:495)

	at org.evosuite.runtime.sandbox.MSecurityManager.checkPermission(MSecurityManager.java:436)
	at java.lang.SecurityManager.checkLink(SecurityManager.java:835)
	at java.lang.Runtime.load0(Runtime.java:776)
	at java.lang.System.load(System.java:1100)
	at org.xerial.snappy.SnappyLoader.loadNativeLibrary(SnappyLoader.java:198)
	at org.xerial.snappy.SnappyLoader.loadSnappyApi(SnappyLoader.java:167)
	at org.xerial.snappy.Snappy.init(Snappy.java:69)
	at org.xerial.snappy.Snappy.__STATIC_RESET(Snappy.java:46)
	at sun.reflect.GeneratedMethodAccessor21.invoke(Unknown Source)
	at sun.reflect.DelegatingMethodAccessorImpl.invoke(DelegatingMethodAccessorImpl.java:43)
	at java.lang.reflect.Method.invoke(Method.java:498)
	at org.evosuite.runtime.classhandling.ClassResetter.reset(ClassResetter.java:159)
	at org.evosuite.runtime.classhandling.ClassStateSupport.resetClasses(ClassStateSupport.java:137)
	at org.apache.avro.file.DataFileWriter_ESTest_scaffolding.resetClasses(DataFileWriter_ESTest_scaffolding.java:644)
	at org.apache.avro.file.DataFileWriter_ESTest_scaffolding.doneWithTestCase(DataFileWriter_ESTest_scaffolding.java:68)
	at sun.reflect.GeneratedMethodAccessor5.invoke(Unknown Source)
	at sun.reflect.DelegatingMethodAccessorImpl.invoke(DelegatingMethodAccessorImpl.java:43)
	at java.lang.reflect.Method.invoke(Method.java:498)
	at org.junit.runners.model.FrameworkMethod$1.runReflectiveCall(FrameworkMethod.java:59)
	at org.junit.internal.runners.model.ReflectiveCallable.run(ReflectiveCallable.java:12)
	at org.junit.runners.model.FrameworkMethod.invokeExplosively(FrameworkMethod.java:56)
	at org.junit.internal.runners.statements.RunAfters.invokeMethod(RunAfters.java:46)
	at org.junit.internal.runners.statements.RunAfters.evaluate(RunAfters.java:33)
	at org.evosuite.runtime.vnet.NonFunctionalRequirementRule$1.evaluate(NonFunctionalRequirementRule.java:41)
	at org.junit.runners.ParentRunner$3.evaluate(ParentRunner.java:306)
	at org.junit.runners.BlockJUnit4ClassRunner$1.evaluate(BlockJUnit4ClassRunner.java:100)
	at org.junit.runners.ParentRunner.runLeaf(ParentRunner.java:366)
	at org.junit.runners.BlockJUnit4ClassRunner.runChild(BlockJUnit4ClassRunner.java:103)
	at org.junit.runners.BlockJUnit4ClassRunner.runChild(BlockJUnit4ClassRunner.java:63)
	at org.junit.runners.ParentRunner$4.run(ParentRunner.java:331)
	at org.junit.runners.ParentRunner$1.schedule(ParentRunner.java:79)
	at org.junit.runners.ParentRunner.runChildren(ParentRunner.java:329)
	at org.junit.runners.ParentRunner.access$100(ParentRunner.java:66)
	at org.junit.runners.ParentRunner$2.evaluate(ParentRunner.java:293)
	at org.junit.internal.runners.statements.RunBefores.evaluate(RunBefores.java:26)
	at org.junit.internal.runners.statements.RunAfters.evaluate(RunAfters.java:27)
	at org.junit.runners.ParentRunner$3.evaluate(ParentRunner.java:306)
	at org.junit.runners.ParentRunner.run(ParentRunner.java:413)
	at org.apache.maven.surefire.junit4.JUnit4Provider.execute(JUnit4Provider.java:316)
	at org.apache.maven.surefire.junit4.JUnit4Provider.executeWithRerun(JUnit4Provider.java:240)
	at org.apache.maven.surefire.junit4.JUnit4Provider.executeTestSet(JUnit4Provider.java:214)
	at org.apache.maven.surefire.junit4.JUnit4Provider.invoke(JUnit4Provider.java:155)
	at org.apache.maven.surefire.booter.ForkedBooter.runSuitesInProcess(ForkedBooter.java:385)
	at org.apache.maven.surefire.booter.ForkedBooter.execute(ForkedBooter.java:162)
	at org.apache.maven.surefire.booter.ForkedBooter.run(ForkedBooter.java:507)
	at org.apache.maven.surefire.booter.ForkedBooter.main(ForkedBooter.java:495)
]]></system-err>
  </testcase>
  <testcase name="test42" classname="org.apache.avro.file.DataFileWriter_ESTest" time="0.183">
    <system-err><![CDATA[java.lang.SecurityException: Security manager blocks ("java.lang.RuntimePermission" "loadLibrary./tmp/snappy-1.1.8-00000000-0100-4000-8200-000003000000-libsnappyjava.so")
java.lang.Thread.getStackTrace(Thread.java:1564)
org.evosuite.runtime.sandbox.MSecurityManager.checkPermission(MSecurityManager.java:424)
java.lang.SecurityManager.checkLink(SecurityManager.java:835)
java.lang.Runtime.load0(Runtime.java:776)
java.lang.System.load(System.java:1100)
org.xerial.snappy.SnappyLoader.loadNativeLibrary(SnappyLoader.java:198)
org.xerial.snappy.SnappyLoader.loadSnappyApi(SnappyLoader.java:167)
org.xerial.snappy.Snappy.init(Snappy.java:69)
org.xerial.snappy.Snappy.__STATIC_RESET(Snappy.java:46)
sun.reflect.GeneratedMethodAccessor21.invoke(Unknown Source)
sun.reflect.DelegatingMethodAccessorImpl.invoke(DelegatingMethodAccessorImpl.java:43)
java.lang.reflect.Method.invoke(Method.java:498)
org.evosuite.runtime.classhandling.ClassResetter.reset(ClassResetter.java:159)
org.evosuite.runtime.classhandling.ClassStateSupport.resetClasses(ClassStateSupport.java:137)
org.apache.avro.file.DataFileWriter_ESTest_scaffolding.resetClasses(DataFileWriter_ESTest_scaffolding.java:644)
org.apache.avro.file.DataFileWriter_ESTest_scaffolding.doneWithTestCase(DataFileWriter_ESTest_scaffolding.java:68)
sun.reflect.GeneratedMethodAccessor5.invoke(Unknown Source)
sun.reflect.DelegatingMethodAccessorImpl.invoke(DelegatingMethodAccessorImpl.java:43)
java.lang.reflect.Method.invoke(Method.java:498)
org.junit.runners.model.FrameworkMethod$1.runReflectiveCall(FrameworkMethod.java:59)
org.junit.internal.runners.model.ReflectiveCallable.run(ReflectiveCallable.java:12)
org.junit.runners.model.FrameworkMethod.invokeExplosively(FrameworkMethod.java:56)
org.junit.internal.runners.statements.RunAfters.invokeMethod(RunAfters.java:46)
org.junit.internal.runners.statements.RunAfters.evaluate(RunAfters.java:33)
org.evosuite.runtime.vnet.NonFunctionalRequirementRule$1.evaluate(NonFunctionalRequirementRule.java:41)
org.junit.runners.ParentRunner$3.evaluate(ParentRunner.java:306)
org.junit.runners.BlockJUnit4ClassRunner$1.evaluate(BlockJUnit4ClassRunner.java:100)
org.junit.runners.ParentRunner.runLeaf(ParentRunner.java:366)
org.junit.runners.BlockJUnit4ClassRunner.runChild(BlockJUnit4ClassRunner.java:103)
org.junit.runners.BlockJUnit4ClassRunner.runChild(BlockJUnit4ClassRunner.java:63)
org.junit.runners.ParentRunner$4.run(ParentRunner.java:331)
org.junit.runners.ParentRunner$1.schedule(ParentRunner.java:79)
org.junit.runners.ParentRunner.runChildren(ParentRunner.java:329)
org.junit.runners.ParentRunner.access$100(ParentRunner.java:66)
org.junit.runners.ParentRunner$2.evaluate(ParentRunner.java:293)
org.junit.internal.runners.statements.RunBefores.evaluate(RunBefores.java:26)
org.junit.internal.runners.statements.RunAfters.evaluate(RunAfters.java:27)
org.junit.runners.ParentRunner$3.evaluate(ParentRunner.java:306)
org.junit.runners.ParentRunner.run(ParentRunner.java:413)
org.apache.maven.surefire.junit4.JUnit4Provider.execute(JUnit4Provider.java:316)
org.apache.maven.surefire.junit4.JUnit4Provider.executeWithRerun(JUnit4Provider.java:240)
org.apache.maven.surefire.junit4.JUnit4Provider.executeTestSet(JUnit4Provider.java:214)
org.apache.maven.surefire.junit4.JUnit4Provider.invoke(JUnit4Provider.java:155)
org.apache.maven.surefire.booter.ForkedBooter.runSuitesInProcess(ForkedBooter.java:385)
org.apache.maven.surefire.booter.ForkedBooter.execute(ForkedBooter.java:162)
org.apache.maven.surefire.booter.ForkedBooter.run(ForkedBooter.java:507)
org.apache.maven.surefire.booter.ForkedBooter.main(ForkedBooter.java:495)

	at org.evosuite.runtime.sandbox.MSecurityManager.checkPermission(MSecurityManager.java:436)
	at java.lang.SecurityManager.checkLink(SecurityManager.java:835)
	at java.lang.Runtime.load0(Runtime.java:776)
	at java.lang.System.load(System.java:1100)
	at org.xerial.snappy.SnappyLoader.loadNativeLibrary(SnappyLoader.java:198)
	at org.xerial.snappy.SnappyLoader.loadSnappyApi(SnappyLoader.java:167)
	at org.xerial.snappy.Snappy.init(Snappy.java:69)
	at org.xerial.snappy.Snappy.__STATIC_RESET(Snappy.java:46)
	at sun.reflect.GeneratedMethodAccessor21.invoke(Unknown Source)
	at sun.reflect.DelegatingMethodAccessorImpl.invoke(DelegatingMethodAccessorImpl.java:43)
	at java.lang.reflect.Method.invoke(Method.java:498)
	at org.evosuite.runtime.classhandling.ClassResetter.reset(ClassResetter.java:159)
	at org.evosuite.runtime.classhandling.ClassStateSupport.resetClasses(ClassStateSupport.java:137)
	at org.apache.avro.file.DataFileWriter_ESTest_scaffolding.resetClasses(DataFileWriter_ESTest_scaffolding.java:644)
	at org.apache.avro.file.DataFileWriter_ESTest_scaffolding.doneWithTestCase(DataFileWriter_ESTest_scaffolding.java:68)
	at sun.reflect.GeneratedMethodAccessor5.invoke(Unknown Source)
	at sun.reflect.DelegatingMethodAccessorImpl.invoke(DelegatingMethodAccessorImpl.java:43)
	at java.lang.reflect.Method.invoke(Method.java:498)
	at org.junit.runners.model.FrameworkMethod$1.runReflectiveCall(FrameworkMethod.java:59)
	at org.junit.internal.runners.model.ReflectiveCallable.run(ReflectiveCallable.java:12)
	at org.junit.runners.model.FrameworkMethod.invokeExplosively(FrameworkMethod.java:56)
	at org.junit.internal.runners.statements.RunAfters.invokeMethod(RunAfters.java:46)
	at org.junit.internal.runners.statements.RunAfters.evaluate(RunAfters.java:33)
	at org.evosuite.runtime.vnet.NonFunctionalRequirementRule$1.evaluate(NonFunctionalRequirementRule.java:41)
	at org.junit.runners.ParentRunner$3.evaluate(ParentRunner.java:306)
	at org.junit.runners.BlockJUnit4ClassRunner$1.evaluate(BlockJUnit4ClassRunner.java:100)
	at org.junit.runners.ParentRunner.runLeaf(ParentRunner.java:366)
	at org.junit.runners.BlockJUnit4ClassRunner.runChild(BlockJUnit4ClassRunner.java:103)
	at org.junit.runners.BlockJUnit4ClassRunner.runChild(BlockJUnit4ClassRunner.java:63)
	at org.junit.runners.ParentRunner$4.run(ParentRunner.java:331)
	at org.junit.runners.ParentRunner$1.schedule(ParentRunner.java:79)
	at org.junit.runners.ParentRunner.runChildren(ParentRunner.java:329)
	at org.junit.runners.ParentRunner.access$100(ParentRunner.java:66)
	at org.junit.runners.ParentRunner$2.evaluate(ParentRunner.java:293)
	at org.junit.internal.runners.statements.RunBefores.evaluate(RunBefores.java:26)
	at org.junit.internal.runners.statements.RunAfters.evaluate(RunAfters.java:27)
	at org.junit.runners.ParentRunner$3.evaluate(ParentRunner.java:306)
	at org.junit.runners.ParentRunner.run(ParentRunner.java:413)
	at org.apache.maven.surefire.junit4.JUnit4Provider.execute(JUnit4Provider.java:316)
	at org.apache.maven.surefire.junit4.JUnit4Provider.executeWithRerun(JUnit4Provider.java:240)
	at org.apache.maven.surefire.junit4.JUnit4Provider.executeTestSet(JUnit4Provider.java:214)
	at org.apache.maven.surefire.junit4.JUnit4Provider.invoke(JUnit4Provider.java:155)
	at org.apache.maven.surefire.booter.ForkedBooter.runSuitesInProcess(ForkedBooter.java:385)
	at org.apache.maven.surefire.booter.ForkedBooter.execute(ForkedBooter.java:162)
	at org.apache.maven.surefire.booter.ForkedBooter.run(ForkedBooter.java:507)
	at org.apache.maven.surefire.booter.ForkedBooter.main(ForkedBooter.java:495)
]]></system-err>
  </testcase>
  <testcase name="test43" classname="org.apache.avro.file.DataFileWriter_ESTest" time="0.189">
    <system-err><![CDATA[java.lang.SecurityException: Security manager blocks ("java.lang.RuntimePermission" "loadLibrary./tmp/snappy-1.1.8-00000000-0100-4000-8200-000003000000-libsnappyjava.so")
java.lang.Thread.getStackTrace(Thread.java:1564)
org.evosuite.runtime.sandbox.MSecurityManager.checkPermission(MSecurityManager.java:424)
java.lang.SecurityManager.checkLink(SecurityManager.java:835)
java.lang.Runtime.load0(Runtime.java:776)
java.lang.System.load(System.java:1100)
org.xerial.snappy.SnappyLoader.loadNativeLibrary(SnappyLoader.java:198)
org.xerial.snappy.SnappyLoader.loadSnappyApi(SnappyLoader.java:167)
org.xerial.snappy.Snappy.init(Snappy.java:69)
org.xerial.snappy.Snappy.__STATIC_RESET(Snappy.java:46)
sun.reflect.GeneratedMethodAccessor21.invoke(Unknown Source)
sun.reflect.DelegatingMethodAccessorImpl.invoke(DelegatingMethodAccessorImpl.java:43)
java.lang.reflect.Method.invoke(Method.java:498)
org.evosuite.runtime.classhandling.ClassResetter.reset(ClassResetter.java:159)
org.evosuite.runtime.classhandling.ClassStateSupport.resetClasses(ClassStateSupport.java:137)
org.apache.avro.file.DataFileWriter_ESTest_scaffolding.resetClasses(DataFileWriter_ESTest_scaffolding.java:644)
org.apache.avro.file.DataFileWriter_ESTest_scaffolding.doneWithTestCase(DataFileWriter_ESTest_scaffolding.java:68)
sun.reflect.GeneratedMethodAccessor5.invoke(Unknown Source)
sun.reflect.DelegatingMethodAccessorImpl.invoke(DelegatingMethodAccessorImpl.java:43)
java.lang.reflect.Method.invoke(Method.java:498)
org.junit.runners.model.FrameworkMethod$1.runReflectiveCall(FrameworkMethod.java:59)
org.junit.internal.runners.model.ReflectiveCallable.run(ReflectiveCallable.java:12)
org.junit.runners.model.FrameworkMethod.invokeExplosively(FrameworkMethod.java:56)
org.junit.internal.runners.statements.RunAfters.invokeMethod(RunAfters.java:46)
org.junit.internal.runners.statements.RunAfters.evaluate(RunAfters.java:33)
org.evosuite.runtime.vnet.NonFunctionalRequirementRule$1.evaluate(NonFunctionalRequirementRule.java:41)
org.junit.runners.ParentRunner$3.evaluate(ParentRunner.java:306)
org.junit.runners.BlockJUnit4ClassRunner$1.evaluate(BlockJUnit4ClassRunner.java:100)
org.junit.runners.ParentRunner.runLeaf(ParentRunner.java:366)
org.junit.runners.BlockJUnit4ClassRunner.runChild(BlockJUnit4ClassRunner.java:103)
org.junit.runners.BlockJUnit4ClassRunner.runChild(BlockJUnit4ClassRunner.java:63)
org.junit.runners.ParentRunner$4.run(ParentRunner.java:331)
org.junit.runners.ParentRunner$1.schedule(ParentRunner.java:79)
org.junit.runners.ParentRunner.runChildren(ParentRunner.java:329)
org.junit.runners.ParentRunner.access$100(ParentRunner.java:66)
org.junit.runners.ParentRunner$2.evaluate(ParentRunner.java:293)
org.junit.internal.runners.statements.RunBefores.evaluate(RunBefores.java:26)
org.junit.internal.runners.statements.RunAfters.evaluate(RunAfters.java:27)
org.junit.runners.ParentRunner$3.evaluate(ParentRunner.java:306)
org.junit.runners.ParentRunner.run(ParentRunner.java:413)
org.apache.maven.surefire.junit4.JUnit4Provider.execute(JUnit4Provider.java:316)
org.apache.maven.surefire.junit4.JUnit4Provider.executeWithRerun(JUnit4Provider.java:240)
org.apache.maven.surefire.junit4.JUnit4Provider.executeTestSet(JUnit4Provider.java:214)
org.apache.maven.surefire.junit4.JUnit4Provider.invoke(JUnit4Provider.java:155)
org.apache.maven.surefire.booter.ForkedBooter.runSuitesInProcess(ForkedBooter.java:385)
org.apache.maven.surefire.booter.ForkedBooter.execute(ForkedBooter.java:162)
org.apache.maven.surefire.booter.ForkedBooter.run(ForkedBooter.java:507)
org.apache.maven.surefire.booter.ForkedBooter.main(ForkedBooter.java:495)

	at org.evosuite.runtime.sandbox.MSecurityManager.checkPermission(MSecurityManager.java:436)
	at java.lang.SecurityManager.checkLink(SecurityManager.java:835)
	at java.lang.Runtime.load0(Runtime.java:776)
	at java.lang.System.load(System.java:1100)
	at org.xerial.snappy.SnappyLoader.loadNativeLibrary(SnappyLoader.java:198)
	at org.xerial.snappy.SnappyLoader.loadSnappyApi(SnappyLoader.java:167)
	at org.xerial.snappy.Snappy.init(Snappy.java:69)
	at org.xerial.snappy.Snappy.__STATIC_RESET(Snappy.java:46)
	at sun.reflect.GeneratedMethodAccessor21.invoke(Unknown Source)
	at sun.reflect.DelegatingMethodAccessorImpl.invoke(DelegatingMethodAccessorImpl.java:43)
	at java.lang.reflect.Method.invoke(Method.java:498)
	at org.evosuite.runtime.classhandling.ClassResetter.reset(ClassResetter.java:159)
	at org.evosuite.runtime.classhandling.ClassStateSupport.resetClasses(ClassStateSupport.java:137)
	at org.apache.avro.file.DataFileWriter_ESTest_scaffolding.resetClasses(DataFileWriter_ESTest_scaffolding.java:644)
	at org.apache.avro.file.DataFileWriter_ESTest_scaffolding.doneWithTestCase(DataFileWriter_ESTest_scaffolding.java:68)
	at sun.reflect.GeneratedMethodAccessor5.invoke(Unknown Source)
	at sun.reflect.DelegatingMethodAccessorImpl.invoke(DelegatingMethodAccessorImpl.java:43)
	at java.lang.reflect.Method.invoke(Method.java:498)
	at org.junit.runners.model.FrameworkMethod$1.runReflectiveCall(FrameworkMethod.java:59)
	at org.junit.internal.runners.model.ReflectiveCallable.run(ReflectiveCallable.java:12)
	at org.junit.runners.model.FrameworkMethod.invokeExplosively(FrameworkMethod.java:56)
	at org.junit.internal.runners.statements.RunAfters.invokeMethod(RunAfters.java:46)
	at org.junit.internal.runners.statements.RunAfters.evaluate(RunAfters.java:33)
	at org.evosuite.runtime.vnet.NonFunctionalRequirementRule$1.evaluate(NonFunctionalRequirementRule.java:41)
	at org.junit.runners.ParentRunner$3.evaluate(ParentRunner.java:306)
	at org.junit.runners.BlockJUnit4ClassRunner$1.evaluate(BlockJUnit4ClassRunner.java:100)
	at org.junit.runners.ParentRunner.runLeaf(ParentRunner.java:366)
	at org.junit.runners.BlockJUnit4ClassRunner.runChild(BlockJUnit4ClassRunner.java:103)
	at org.junit.runners.BlockJUnit4ClassRunner.runChild(BlockJUnit4ClassRunner.java:63)
	at org.junit.runners.ParentRunner$4.run(ParentRunner.java:331)
	at org.junit.runners.ParentRunner$1.schedule(ParentRunner.java:79)
	at org.junit.runners.ParentRunner.runChildren(ParentRunner.java:329)
	at org.junit.runners.ParentRunner.access$100(ParentRunner.java:66)
	at org.junit.runners.ParentRunner$2.evaluate(ParentRunner.java:293)
	at org.junit.internal.runners.statements.RunBefores.evaluate(RunBefores.java:26)
	at org.junit.internal.runners.statements.RunAfters.evaluate(RunAfters.java:27)
	at org.junit.runners.ParentRunner$3.evaluate(ParentRunner.java:306)
	at org.junit.runners.ParentRunner.run(ParentRunner.java:413)
	at org.apache.maven.surefire.junit4.JUnit4Provider.execute(JUnit4Provider.java:316)
	at org.apache.maven.surefire.junit4.JUnit4Provider.executeWithRerun(JUnit4Provider.java:240)
	at org.apache.maven.surefire.junit4.JUnit4Provider.executeTestSet(JUnit4Provider.java:214)
	at org.apache.maven.surefire.junit4.JUnit4Provider.invoke(JUnit4Provider.java:155)
	at org.apache.maven.surefire.booter.ForkedBooter.runSuitesInProcess(ForkedBooter.java:385)
	at org.apache.maven.surefire.booter.ForkedBooter.execute(ForkedBooter.java:162)
	at org.apache.maven.surefire.booter.ForkedBooter.run(ForkedBooter.java:507)
	at org.apache.maven.surefire.booter.ForkedBooter.main(ForkedBooter.java:495)
]]></system-err>
  </testcase>
</testsuite>