<?xml version="1.0" encoding="UTF-8"?>
<testsuite xmlns:xsi="http://www.w3.org/2001/XMLSchema-instance" xsi:noNamespaceSchemaLocation="https://maven.apache.org/surefire/maven-surefire-plugin/xsd/surefire-test-report-3.0.xsd" version="3.0" name="org.apache.commons.logging.impl.Slf4jLogFactory_ESTest" time="3.524" tests="12" errors="2" skipped="0" failures="0">
  <properties>
    <property name="awt.toolkit" value="sun.awt.X11.XToolkit"/>
    <property name="file.encoding.pkg" value="sun.io"/>
    <property name="java.specification.version" value="1.8"/>
    <property name="sun.cpu.isalist" value=""/>
    <property name="sun.jnu.encoding" value="UTF-8"/>
    <property name="java.class.path" value="/home/wtwhite/code/regression-test-generation/find-diff-classes/compile/mvnc/commons-logging/commons-logging/1.3.0/target/test-classes:/home/wtwhite/code/regression-test-generation/find-diff-classes/compile/mvnc/commons-logging/commons-logging/1.3.0/target/classes:/home/wtwhite/code/craw-redhat-oss/wget/crawl/repo1.maven.org/maven2/commons-logging/commons-logging/1.3.0/commons-logging-1.3.0.jar:/home/wtwhite/code/regression-test-generation/find-diff-classes/compile/mvnc/commons-logging/commons-logging/1.3.0/t/dependency/aopalliance-1.0.jar:/home/wtwhite/code/regression-test-generation/find-diff-classes/compile/mvnc/commons-logging/commons-logging/1.3.0/t/dependency/apiguardian-api-1.1.2.jar:/home/wtwhite/code/regression-test-generation/find-diff-classes/compile/mvnc/commons-logging/commons-logging/1.3.0/t/dependency/assertj-core-3.24.2.jar:/home/wtwhite/code/regression-test-generation/find-diff-classes/compile/mvnc/commons-logging/commons-logging/1.3.0/t/dependency/avalon-framework-4.1.5.jar:/home/wtwhite/code/regression-test-generation/find-diff-classes/compile/mvnc/commons-logging/commons-logging/1.3.0/t/dependency/awaitility-4.2.0.jar:/home/wtwhite/code/regression-test-generation/find-diff-classes/compile/mvnc/commons-logging/commons-logging/1.3.0/t/dependency/byte-buddy-1.12.21.jar:/home/wtwhite/code/regression-test-generation/find-diff-classes/compile/mvnc/commons-logging/commons-logging/1.3.0/t/dependency/commons-io-2.11.0.jar:/home/wtwhite/code/regression-test-generation/find-diff-classes/compile/mvnc/commons-logging/commons-logging/1.3.0/t/dependency/commons-lang3-3.13.0.jar:/home/wtwhite/code/regression-test-generation/find-diff-classes/compile/mvnc/commons-logging/commons-logging/1.3.0/t/dependency/failureaccess-1.0.1.jar:/home/wtwhite/code/regression-test-generation/find-diff-classes/compile/mvnc/commons-logging/commons-logging/1.3.0/t/dependency/guava-30.1-jre.jar:/home/wtwhite/code/regression-test-generation/find-diff-classes/compile/mvnc/commons-logging/commons-logging/1.3.0/t/dependency/guice-5.1.0.jar:/home/wtwhite/code/regression-test-generation/find-diff-classes/compile/mvnc/commons-logging/commons-logging/1.3.0/t/dependency/hamcrest-2.2.jar:/home/wtwhite/code/regression-test-generation/find-diff-classes/compile/mvnc/commons-logging/commons-logging/1.3.0/t/dependency/hamcrest-core-1.3.jar:/home/wtwhite/code/regression-test-generation/find-diff-classes/compile/mvnc/commons-logging/commons-logging/1.3.0/t/dependency/java-allocation-instrumenter-3.3.3.jar:/home/wtwhite/code/regression-test-generation/find-diff-classes/compile/mvnc/commons-logging/commons-logging/1.3.0/t/dependency/javax.annotation-api-1.2.jar:/home/wtwhite/code/regression-test-generation/find-diff-classes/compile/mvnc/commons-logging/commons-logging/1.3.0/t/dependency/javax.inject-1.jar:/home/wtwhite/code/regression-test-generation/find-diff-classes/compile/mvnc/commons-logging/commons-logging/1.3.0/t/dependency/junit-4.13.2.jar:/home/wtwhite/code/regression-test-generation/find-diff-classes/compile/mvnc/commons-logging/commons-logging/1.3.0/t/dependency/junit-jupiter-api-5.10.1.jar:/home/wtwhite/code/regression-test-generation/find-diff-classes/compile/mvnc/commons-logging/commons-logging/1.3.0/t/dependency/junit-jupiter-params-5.10.1.jar:/home/wtwhite/code/regression-test-generation/find-diff-classes/compile/mvnc/commons-logging/commons-logging/1.3.0/t/dependency/junit-pioneer-1.9.1.jar:/home/wtwhite/code/regression-test-generation/find-diff-classes/compile/mvnc/commons-logging/commons-logging/1.3.0/t/dependency/junit-platform-commons-1.10.1.jar:/home/wtwhite/code/regression-test-generation/find-diff-classes/compile/mvnc/commons-logging/commons-logging/1.3.0/t/dependency/junit-platform-engine-1.10.1.jar:/home/wtwhite/code/regression-test-generation/find-diff-classes/compile/mvnc/commons-logging/commons-logging/1.3.0/t/dependency/junit-platform-launcher-1.10.1.jar:/home/wtwhite/code/regression-test-generation/find-diff-classes/compile/mvnc/commons-logging/commons-logging/1.3.0/t/dependency/junit-vintage-engine-5.10.1.jar:/home/wtwhite/code/regression-test-generation/find-diff-classes/compile/mvnc/commons-logging/commons-logging/1.3.0/t/dependency/log4j-1.2.17.jar:/home/wtwhite/code/regression-test-generation/find-diff-classes/compile/mvnc/commons-logging/commons-logging/1.3.0/t/dependency/log4j-api-2.21.1.jar:/home/wtwhite/code/regression-test-generation/find-diff-classes/compile/mvnc/commons-logging/commons-logging/1.3.0/t/dependency/log4j-api-test-2.21.1.jar:/home/wtwhite/code/regression-test-generation/find-diff-classes/compile/mvnc/commons-logging/commons-logging/1.3.0/t/dependency/log4j-core-2.21.1.jar:/home/wtwhite/code/regression-test-generation/find-diff-classes/compile/mvnc/commons-logging/commons-logging/1.3.0/t/dependency/log4j-core-test-2.21.1.jar:/home/wtwhite/code/regression-test-generation/find-diff-classes/compile/mvnc/commons-logging/commons-logging/1.3.0/t/dependency/logback-classic-1.3.11.jar:/home/wtwhite/code/regression-test-generation/find-diff-classes/compile/mvnc/commons-logging/commons-logging/1.3.0/t/dependency/logback-core-1.3.11-tests.jar:/home/wtwhite/code/regression-test-generation/find-diff-classes/compile/mvnc/commons-logging/commons-logging/1.3.0/t/dependency/logback-core-1.3.11.jar:/home/wtwhite/code/regression-test-generation/find-diff-classes/compile/mvnc/commons-logging/commons-logging/1.3.0/t/dependency/logkit-1.0.1.jar:/home/wtwhite/code/regression-test-generation/find-diff-classes/compile/mvnc/commons-logging/commons-logging/1.3.0/t/dependency/maven-artifact-3.9.0.jar:/home/wtwhite/code/regression-test-generation/find-diff-classes/compile/mvnc/commons-logging/commons-logging/1.3.0/t/dependency/maven-builder-support-3.9.0.jar:/home/wtwhite/code/regression-test-generation/find-diff-classes/compile/mvnc/commons-logging/commons-logging/1.3.0/t/dependency/maven-core-3.9.0.jar:/home/wtwhite/code/regression-test-generation/find-diff-classes/compile/mvnc/commons-logging/commons-logging/1.3.0/t/dependency/maven-model-3.9.0.jar:/home/wtwhite/code/regression-test-generation/find-diff-classes/compile/mvnc/commons-logging/commons-logging/1.3.0/t/dependency/maven-model-builder-3.9.0.jar:/home/wtwhite/code/regression-test-generation/find-diff-classes/compile/mvnc/commons-logging/commons-logging/1.3.0/t/dependency/maven-plugin-api-3.9.0.jar:/home/wtwhite/code/regression-test-generation/find-diff-classes/compile/mvnc/commons-logging/commons-logging/1.3.0/t/dependency/maven-repository-metadata-3.9.0.jar:/home/wtwhite/code/regression-test-generation/find-diff-classes/compile/mvnc/commons-logging/commons-logging/1.3.0/t/dependency/maven-resolver-api-1.9.4.jar:/home/wtwhite/code/regression-test-generation/find-diff-classes/compile/mvnc/commons-logging/commons-logging/1.3.0/t/dependency/maven-resolver-impl-1.9.4.jar:/home/wtwhite/code/regression-test-generation/find-diff-classes/compile/mvnc/commons-logging/commons-logging/1.3.0/t/dependency/maven-resolver-named-locks-1.9.4.jar:/home/wtwhite/code/regression-test-generation/find-diff-classes/compile/mvnc/commons-logging/commons-logging/1.3.0/t/dependency/maven-resolver-provider-3.9.0.jar:/home/wtwhite/code/regression-test-generation/find-diff-classes/compile/mvnc/commons-logging/commons-logging/1.3.0/t/dependency/maven-resolver-spi-1.9.4.jar:/home/wtwhite/code/regression-test-generation/find-diff-classes/compile/mvnc/commons-logging/commons-logging/1.3.0/t/dependency/maven-resolver-util-1.9.4.jar:/home/wtwhite/code/regression-test-generation/find-diff-classes/compile/mvnc/commons-logging/commons-logging/1.3.0/t/dependency/maven-settings-3.9.0.jar:/home/wtwhite/code/regression-test-generation/find-diff-classes/compile/mvnc/commons-logging/commons-logging/1.3.0/t/dependency/maven-settings-builder-3.9.0.jar:/home/wtwhite/code/regression-test-generation/find-diff-classes/compile/mvnc/commons-logging/commons-logging/1.3.0/t/dependency/maven-shared-utils-3.3.4.jar:/home/wtwhite/code/regression-test-generation/find-diff-classes/compile/mvnc/commons-logging/commons-logging/1.3.0/t/dependency/opentest4j-1.3.0.jar:/home/wtwhite/code/regression-test-generation/find-diff-classes/compile/mvnc/commons-logging/commons-logging/1.3.0/t/dependency/org.eclipse.sisu.inject-0.3.5.jar:/home/wtwhite/code/regression-test-generation/find-diff-classes/compile/mvnc/commons-logging/commons-logging/1.3.0/t/dependency/org.eclipse.sisu.plexus-0.3.5.jar:/home/wtwhite/code/regression-test-generation/find-diff-classes/compile/mvnc/commons-logging/commons-logging/1.3.0/t/dependency/plexus-cipher-2.0.jar:/home/wtwhite/code/regression-test-generation/find-diff-classes/compile/mvnc/commons-logging/commons-logging/1.3.0/t/dependency/plexus-classworlds-2.6.0.jar:/home/wtwhite/code/regression-test-generation/find-diff-classes/compile/mvnc/commons-logging/commons-logging/1.3.0/t/dependency/plexus-component-annotations-2.1.0.jar:/home/wtwhite/code/regression-test-generation/find-diff-classes/compile/mvnc/commons-logging/commons-logging/1.3.0/t/dependency/plexus-interpolation-1.26.jar:/home/wtwhite/code/regression-test-generation/find-diff-classes/compile/mvnc/commons-logging/commons-logging/1.3.0/t/dependency/plexus-sec-dispatcher-2.0.jar:/home/wtwhite/code/regression-test-generation/find-diff-classes/compile/mvnc/commons-logging/commons-logging/1.3.0/t/dependency/plexus-utils-3.4.2.jar:/home/wtwhite/code/regression-test-generation/find-diff-classes/compile/mvnc/commons-logging/commons-logging/1.3.0/t/dependency/servlet-api-2.5.jar:/home/wtwhite/code/regression-test-generation/find-diff-classes/compile/mvnc/commons-logging/commons-logging/1.3.0/t/dependency/slf4j-api-2.0.9.jar:/home/wtwhite/code/regression-test-generation/find-diff-classes/compile/mvnc/commons-logging/commons-logging/1.3.0/t/dependency/spring-core-5.3.29.jar:/home/wtwhite/code/regression-test-generation/find-diff-classes/compile/mvnc/commons-logging/commons-logging/1.3.0/t/dependency/spring-test-5.3.29.jar:/home/wtwhite/code/regression-test-generation/evosuite/evosuite-standalone-runtime-1.2.0.jar:/home/wtwhite/.m2/repository/junit/junit/4.13.2/junit-4.13.2.jar:/home/wtwhite/.m2/repository/org/hamcrest/hamcrest-core/1.3/hamcrest-core-1.3.jar:"/>
    <property name="java.vm.vendor" value="Private Build"/>
    <property name="sun.arch.data.model" value="64"/>
    <property name="java.vendor.url" value="http://java.oracle.com/"/>
    <property name="user.timezone" value=""/>
    <property name="java.vm.specification.version" value="1.8"/>
    <property name="os.name" value="Linux"/>
    <property name="RUNDIR" value="/home/wtwhite/code/regression-test-generation/find-diff-classes/run-mvn"/>
    <property name="user.country" value="NZ"/>
    <property name="sun.java.launcher" value="SUN_STANDARD"/>
    <property name="sun.boot.library.path" value="/usr/lib/jvm/java-8-openjdk-amd64/jre/lib/amd64"/>
    <property name="sun.java.command" value="/home/wtwhite/code/regression-test-generation/find-diff-classes/compile/mvnc/commons-logging/commons-logging/1.3.0/target/surefire/surefirebooter-20241106133417567_3.jar /home/wtwhite/code/regression-test-generation/find-diff-classes/compile/mvnc/commons-logging/commons-logging/1.3.0/target/surefire 2024-11-06T13-34-17_359-jvmRun1 surefire-20241106133417567_1tmp surefire_0-20241106133417567_2tmp"/>
    <property name="surefire.test.class.path" value="/home/wtwhite/code/regression-test-generation/find-diff-classes/compile/mvnc/commons-logging/commons-logging/1.3.0/target/test-classes:/home/wtwhite/code/regression-test-generation/find-diff-classes/compile/mvnc/commons-logging/commons-logging/1.3.0/target/classes:/home/wtwhite/code/craw-redhat-oss/wget/crawl/repo1.maven.org/maven2/commons-logging/commons-logging/1.3.0/commons-logging-1.3.0.jar:/home/wtwhite/code/regression-test-generation/find-diff-classes/compile/mvnc/commons-logging/commons-logging/1.3.0/t/dependency/aopalliance-1.0.jar:/home/wtwhite/code/regression-test-generation/find-diff-classes/compile/mvnc/commons-logging/commons-logging/1.3.0/t/dependency/apiguardian-api-1.1.2.jar:/home/wtwhite/code/regression-test-generation/find-diff-classes/compile/mvnc/commons-logging/commons-logging/1.3.0/t/dependency/assertj-core-3.24.2.jar:/home/wtwhite/code/regression-test-generation/find-diff-classes/compile/mvnc/commons-logging/commons-logging/1.3.0/t/dependency/avalon-framework-4.1.5.jar:/home/wtwhite/code/regression-test-generation/find-diff-classes/compile/mvnc/commons-logging/commons-logging/1.3.0/t/dependency/awaitility-4.2.0.jar:/home/wtwhite/code/regression-test-generation/find-diff-classes/compile/mvnc/commons-logging/commons-logging/1.3.0/t/dependency/byte-buddy-1.12.21.jar:/home/wtwhite/code/regression-test-generation/find-diff-classes/compile/mvnc/commons-logging/commons-logging/1.3.0/t/dependency/commons-io-2.11.0.jar:/home/wtwhite/code/regression-test-generation/find-diff-classes/compile/mvnc/commons-logging/commons-logging/1.3.0/t/dependency/commons-lang3-3.13.0.jar:/home/wtwhite/code/regression-test-generation/find-diff-classes/compile/mvnc/commons-logging/commons-logging/1.3.0/t/dependency/failureaccess-1.0.1.jar:/home/wtwhite/code/regression-test-generation/find-diff-classes/compile/mvnc/commons-logging/commons-logging/1.3.0/t/dependency/guava-30.1-jre.jar:/home/wtwhite/code/regression-test-generation/find-diff-classes/compile/mvnc/commons-logging/commons-logging/1.3.0/t/dependency/guice-5.1.0.jar:/home/wtwhite/code/regression-test-generation/find-diff-classes/compile/mvnc/commons-logging/commons-logging/1.3.0/t/dependency/hamcrest-2.2.jar:/home/wtwhite/code/regression-test-generation/find-diff-classes/compile/mvnc/commons-logging/commons-logging/1.3.0/t/dependency/hamcrest-core-1.3.jar:/home/wtwhite/code/regression-test-generation/find-diff-classes/compile/mvnc/commons-logging/commons-logging/1.3.0/t/dependency/java-allocation-instrumenter-3.3.3.jar:/home/wtwhite/code/regression-test-generation/find-diff-classes/compile/mvnc/commons-logging/commons-logging/1.3.0/t/dependency/javax.annotation-api-1.2.jar:/home/wtwhite/code/regression-test-generation/find-diff-classes/compile/mvnc/commons-logging/commons-logging/1.3.0/t/dependency/javax.inject-1.jar:/home/wtwhite/code/regression-test-generation/find-diff-classes/compile/mvnc/commons-logging/commons-logging/1.3.0/t/dependency/junit-4.13.2.jar:/home/wtwhite/code/regression-test-generation/find-diff-classes/compile/mvnc/commons-logging/commons-logging/1.3.0/t/dependency/junit-jupiter-api-5.10.1.jar:/home/wtwhite/code/regression-test-generation/find-diff-classes/compile/mvnc/commons-logging/commons-logging/1.3.0/t/dependency/junit-jupiter-params-5.10.1.jar:/home/wtwhite/code/regression-test-generation/find-diff-classes/compile/mvnc/commons-logging/commons-logging/1.3.0/t/dependency/junit-pioneer-1.9.1.jar:/home/wtwhite/code/regression-test-generation/find-diff-classes/compile/mvnc/commons-logging/commons-logging/1.3.0/t/dependency/junit-platform-commons-1.10.1.jar:/home/wtwhite/code/regression-test-generation/find-diff-classes/compile/mvnc/commons-logging/commons-logging/1.3.0/t/dependency/junit-platform-engine-1.10.1.jar:/home/wtwhite/code/regression-test-generation/find-diff-classes/compile/mvnc/commons-logging/commons-logging/1.3.0/t/dependency/junit-platform-launcher-1.10.1.jar:/home/wtwhite/code/regression-test-generation/find-diff-classes/compile/mvnc/commons-logging/commons-logging/1.3.0/t/dependency/junit-vintage-engine-5.10.1.jar:/home/wtwhite/code/regression-test-generation/find-diff-classes/compile/mvnc/commons-logging/commons-logging/1.3.0/t/dependency/log4j-1.2.17.jar:/home/wtwhite/code/regression-test-generation/find-diff-classes/compile/mvnc/commons-logging/commons-logging/1.3.0/t/dependency/log4j-api-2.21.1.jar:/home/wtwhite/code/regression-test-generation/find-diff-classes/compile/mvnc/commons-logging/commons-logging/1.3.0/t/dependency/log4j-api-test-2.21.1.jar:/home/wtwhite/code/regression-test-generation/find-diff-classes/compile/mvnc/commons-logging/commons-logging/1.3.0/t/dependency/log4j-core-2.21.1.jar:/home/wtwhite/code/regression-test-generation/find-diff-classes/compile/mvnc/commons-logging/commons-logging/1.3.0/t/dependency/log4j-core-test-2.21.1.jar:/home/wtwhite/code/regression-test-generation/find-diff-classes/compile/mvnc/commons-logging/commons-logging/1.3.0/t/dependency/logback-classic-1.3.11.jar:/home/wtwhite/code/regression-test-generation/find-diff-classes/compile/mvnc/commons-logging/commons-logging/1.3.0/t/dependency/logback-core-1.3.11-tests.jar:/home/wtwhite/code/regression-test-generation/find-diff-classes/compile/mvnc/commons-logging/commons-logging/1.3.0/t/dependency/logback-core-1.3.11.jar:/home/wtwhite/code/regression-test-generation/find-diff-classes/compile/mvnc/commons-logging/commons-logging/1.3.0/t/dependency/logkit-1.0.1.jar:/home/wtwhite/code/regression-test-generation/find-diff-classes/compile/mvnc/commons-logging/commons-logging/1.3.0/t/dependency/maven-artifact-3.9.0.jar:/home/wtwhite/code/regression-test-generation/find-diff-classes/compile/mvnc/commons-logging/commons-logging/1.3.0/t/dependency/maven-builder-support-3.9.0.jar:/home/wtwhite/code/regression-test-generation/find-diff-classes/compile/mvnc/commons-logging/commons-logging/1.3.0/t/dependency/maven-core-3.9.0.jar:/home/wtwhite/code/regression-test-generation/find-diff-classes/compile/mvnc/commons-logging/commons-logging/1.3.0/t/dependency/maven-model-3.9.0.jar:/home/wtwhite/code/regression-test-generation/find-diff-classes/compile/mvnc/commons-logging/commons-logging/1.3.0/t/dependency/maven-model-builder-3.9.0.jar:/home/wtwhite/code/regression-test-generation/find-diff-classes/compile/mvnc/commons-logging/commons-logging/1.3.0/t/dependency/maven-plugin-api-3.9.0.jar:/home/wtwhite/code/regression-test-generation/find-diff-classes/compile/mvnc/commons-logging/commons-logging/1.3.0/t/dependency/maven-repository-metadata-3.9.0.jar:/home/wtwhite/code/regression-test-generation/find-diff-classes/compile/mvnc/commons-logging/commons-logging/1.3.0/t/dependency/maven-resolver-api-1.9.4.jar:/home/wtwhite/code/regression-test-generation/find-diff-classes/compile/mvnc/commons-logging/commons-logging/1.3.0/t/dependency/maven-resolver-impl-1.9.4.jar:/home/wtwhite/code/regression-test-generation/find-diff-classes/compile/mvnc/commons-logging/commons-logging/1.3.0/t/dependency/maven-resolver-named-locks-1.9.4.jar:/home/wtwhite/code/regression-test-generation/find-diff-classes/compile/mvnc/commons-logging/commons-logging/1.3.0/t/dependency/maven-resolver-provider-3.9.0.jar:/home/wtwhite/code/regression-test-generation/find-diff-classes/compile/mvnc/commons-logging/commons-logging/1.3.0/t/dependency/maven-resolver-spi-1.9.4.jar:/home/wtwhite/code/regression-test-generation/find-diff-classes/compile/mvnc/commons-logging/commons-logging/1.3.0/t/dependency/maven-resolver-util-1.9.4.jar:/home/wtwhite/code/regression-test-generation/find-diff-classes/compile/mvnc/commons-logging/commons-logging/1.3.0/t/dependency/maven-settings-3.9.0.jar:/home/wtwhite/code/regression-test-generation/find-diff-classes/compile/mvnc/commons-logging/commons-logging/1.3.0/t/dependency/maven-settings-builder-3.9.0.jar:/home/wtwhite/code/regression-test-generation/find-diff-classes/compile/mvnc/commons-logging/commons-logging/1.3.0/t/dependency/maven-shared-utils-3.3.4.jar:/home/wtwhite/code/regression-test-generation/find-diff-classes/compile/mvnc/commons-logging/commons-logging/1.3.0/t/dependency/opentest4j-1.3.0.jar:/home/wtwhite/code/regression-test-generation/find-diff-classes/compile/mvnc/commons-logging/commons-logging/1.3.0/t/dependency/org.eclipse.sisu.inject-0.3.5.jar:/home/wtwhite/code/regression-test-generation/find-diff-classes/compile/mvnc/commons-logging/commons-logging/1.3.0/t/dependency/org.eclipse.sisu.plexus-0.3.5.jar:/home/wtwhite/code/regression-test-generation/find-diff-classes/compile/mvnc/commons-logging/commons-logging/1.3.0/t/dependency/plexus-cipher-2.0.jar:/home/wtwhite/code/regression-test-generation/find-diff-classes/compile/mvnc/commons-logging/commons-logging/1.3.0/t/dependency/plexus-classworlds-2.6.0.jar:/home/wtwhite/code/regression-test-generation/find-diff-classes/compile/mvnc/commons-logging/commons-logging/1.3.0/t/dependency/plexus-component-annotations-2.1.0.jar:/home/wtwhite/code/regression-test-generation/find-diff-classes/compile/mvnc/commons-logging/commons-logging/1.3.0/t/dependency/plexus-interpolation-1.26.jar:/home/wtwhite/code/regression-test-generation/find-diff-classes/compile/mvnc/commons-logging/commons-logging/1.3.0/t/dependency/plexus-sec-dispatcher-2.0.jar:/home/wtwhite/code/regression-test-generation/find-diff-classes/compile/mvnc/commons-logging/commons-logging/1.3.0/t/dependency/plexus-utils-3.4.2.jar:/home/wtwhite/code/regression-test-generation/find-diff-classes/compile/mvnc/commons-logging/commons-logging/1.3.0/t/dependency/servlet-api-2.5.jar:/home/wtwhite/code/regression-test-generation/find-diff-classes/compile/mvnc/commons-logging/commons-logging/1.3.0/t/dependency/slf4j-api-2.0.9.jar:/home/wtwhite/code/regression-test-generation/find-diff-classes/compile/mvnc/commons-logging/commons-logging/1.3.0/t/dependency/spring-core-5.3.29.jar:/home/wtwhite/code/regression-test-generation/find-diff-classes/compile/mvnc/commons-logging/commons-logging/1.3.0/t/dependency/spring-test-5.3.29.jar:/home/wtwhite/code/regression-test-generation/evosuite/evosuite-standalone-runtime-1.2.0.jar:/home/wtwhite/.m2/repository/junit/junit/4.13.2/junit-4.13.2.jar:/home/wtwhite/.m2/repository/org/hamcrest/hamcrest-core/1.3/hamcrest-core-1.3.jar:"/>
    <property name="sun.cpu.endian" value="little"/>
    <property name="user.home" value="/home/wtwhite"/>
    <property name="user.language" value="en"/>
    <property name="java.specification.vendor" value="Oracle Corporation"/>
    <property name="java.home" value="/usr/lib/jvm/java-8-openjdk-amd64/jre"/>
    <property name="basedir" value="/home/wtwhite/code/regression-test-generation/find-diff-classes/compile/mvnc/commons-logging/commons-logging/1.3.0"/>
    <property name="file.separator" value="/"/>
    <property name="line.separator" value="&#10;"/>
    <property name="java.vm.specification.vendor" value="Oracle Corporation"/>
    <property name="java.specification.name" value="Java Platform API Specification"/>
    <property name="java.awt.graphicsenv" value="sun.awt.X11GraphicsEnvironment"/>
    <property name="surefire.real.class.path" value="/home/wtwhite/code/regression-test-generation/find-diff-classes/compile/mvnc/commons-logging/commons-logging/1.3.0/target/surefire/surefirebooter-20241106133417567_3.jar"/>
    <property name="sun.boot.class.path" value="/usr/lib/jvm/java-8-openjdk-amd64/jre/lib/resources.jar:/usr/lib/jvm/java-8-openjdk-amd64/jre/lib/rt.jar:/usr/lib/jvm/java-8-openjdk-amd64/jre/lib/sunrsasign.jar:/usr/lib/jvm/java-8-openjdk-amd64/jre/lib/jsse.jar:/usr/lib/jvm/java-8-openjdk-amd64/jre/lib/jce.jar:/usr/lib/jvm/java-8-openjdk-amd64/jre/lib/charsets.jar:/usr/lib/jvm/java-8-openjdk-amd64/jre/lib/jfr.jar:/usr/lib/jvm/java-8-openjdk-amd64/jre/classes"/>
    <property name="sun.management.compiler" value="HotSpot 64-Bit Tiered Compilers"/>
    <property name="java.runtime.version" value="1.8.0_382-8u382-ga-1~22.04.1-b05"/>
    <property name="user.name" value="wtwhite"/>
    <property name="path.separator" value=":"/>
    <property name="os.version" value="5.15.0-87-generic"/>
    <property name="java.endorsed.dirs" value="/usr/lib/jvm/java-8-openjdk-amd64/jre/lib/endorsed"/>
    <property name="java.runtime.name" value="OpenJDK Runtime Environment"/>
    <property name="file.encoding" value="UTF-8"/>
    <property name="java.vm.name" value="OpenJDK 64-Bit Server VM"/>
    <property name="localRepository" value="/home/wtwhite/.m2/repository"/>
    <property name="java.vendor.url.bug" value="http://bugreport.sun.com/bugreport/"/>
    <property name="java.io.tmpdir" value="/tmp"/>
    <property name="java.version" value="1.8.0_382"/>
    <property name="user.dir" value="/home/wtwhite/code/regression-test-generation/find-diff-classes/compile/mvnc/commons-logging/commons-logging/1.3.0"/>
    <property name="os.arch" value="amd64"/>
    <property name="java.vm.specification.name" value="Java Virtual Machine Specification"/>
    <property name="java.awt.printerjob" value="sun.print.PSPrinterJob"/>
    <property name="sun.os.patch.level" value="unknown"/>
    <property name="java.library.path" value="/usr/java/packages/lib/amd64:/usr/lib/x86_64-linux-gnu/jni:/lib/x86_64-linux-gnu:/usr/lib/x86_64-linux-gnu:/usr/lib/jni:/lib:/usr/lib"/>
    <property name="java.vm.info" value="mixed mode"/>
    <property name="java.vendor" value="Private Build"/>
    <property name="java.vm.version" value="25.382-b05"/>
    <property name="java.specification.maintenance.version" value="5"/>
    <property name="java.ext.dirs" value="/usr/lib/jvm/java-8-openjdk-amd64/jre/lib/ext:/usr/java/packages/lib/ext"/>
    <property name="sun.io.unicode.encoding" value="UnicodeLittle"/>
    <property name="java.class.version" value="52.0"/>
  </properties>
  <testcase name="test10" classname="org.apache.commons.logging.impl.Slf4jLogFactory_ESTest" time="2.667">
    <error message="org.evosuite.runtime.mock.java.util.MockUUID.UUID(JJ)Ljava/util/UUID;" type="java.lang.NoSuchMethodError"><![CDATA[java.lang.NoSuchMethodError: org.evosuite.runtime.mock.java.util.MockUUID.UUID(JJ)Ljava/util/UUID;
	at org.apache.logging.log4j.core.util.WatchManager$LocalUUID.get(WatchManager.java:99)
	at org.apache.logging.log4j.core.util.WatchManager.<init>(WatchManager.java:137)
	at org.apache.logging.log4j.core.config.AbstractConfiguration.<init>(AbstractConfiguration.java:142)
	at org.apache.logging.log4j.core.config.NullConfiguration.<init>(NullConfiguration.java:32)
	at org.apache.logging.log4j.core.LoggerContext.<clinit>(LoggerContext.java)
	at sun.reflect.NativeMethodAccessorImpl.invoke0(Native Method)
	at sun.reflect.NativeMethodAccessorImpl.invoke(NativeMethodAccessorImpl.java:62)
	at sun.reflect.DelegatingMethodAccessorImpl.invoke(DelegatingMethodAccessorImpl.java:43)
	at java.lang.reflect.Method.invoke(Method.java:498)
	at org.evosuite.runtime.classhandling.ClassResetter.reset(ClassResetter.java:159)
	at org.evosuite.runtime.classhandling.ClassStateSupport.resetClasses(ClassStateSupport.java:137)
	at org.apache.commons.logging.impl.Slf4jLogFactory_ESTest_scaffolding.resetClasses(Slf4jLogFactory_ESTest_scaffolding.java:125)
	at org.apache.commons.logging.impl.Slf4jLogFactory_ESTest_scaffolding.doneWithTestCase(Slf4jLogFactory_ESTest_scaffolding.java:66)
	at sun.reflect.NativeMethodAccessorImpl.invoke0(Native Method)
	at sun.reflect.NativeMethodAccessorImpl.invoke(NativeMethodAccessorImpl.java:62)
	at sun.reflect.DelegatingMethodAccessorImpl.invoke(DelegatingMethodAccessorImpl.java:43)
	at java.lang.reflect.Method.invoke(Method.java:498)
	at org.junit.runners.model.FrameworkMethod$1.runReflectiveCall(FrameworkMethod.java:59)
	at org.junit.internal.runners.model.ReflectiveCallable.run(ReflectiveCallable.java:12)
	at org.junit.runners.model.FrameworkMethod.invokeExplosively(FrameworkMethod.java:56)
	at org.junit.internal.runners.statements.RunAfters.invokeMethod(RunAfters.java:46)
	at org.junit.internal.runners.statements.RunAfters.evaluate(RunAfters.java:33)
	at org.evosuite.runtime.vnet.NonFunctionalRequirementRule$1.evaluate(NonFunctionalRequirementRule.java:41)
	at org.junit.runners.ParentRunner$3.evaluate(ParentRunner.java:306)
	at org.junit.runners.BlockJUnit4ClassRunner$1.evaluate(BlockJUnit4ClassRunner.java:100)
	at org.junit.runners.ParentRunner.runLeaf(ParentRunner.java:366)
	at org.junit.runners.BlockJUnit4ClassRunner.runChild(BlockJUnit4ClassRunner.java:103)
	at org.junit.runners.BlockJUnit4ClassRunner.runChild(BlockJUnit4ClassRunner.java:63)
	at org.junit.runners.ParentRunner$4.run(ParentRunner.java:331)
	at org.junit.runners.ParentRunner$1.schedule(ParentRunner.java:79)
	at org.junit.runners.ParentRunner.runChildren(ParentRunner.java:329)
	at org.junit.runners.ParentRunner.access$100(ParentRunner.java:66)
	at org.junit.runners.ParentRunner$2.evaluate(ParentRunner.java:293)
	at org.junit.internal.runners.statements.RunBefores.evaluate(RunBefores.java:26)
	at org.junit.internal.runners.statements.RunAfters.evaluate(RunAfters.java:27)
	at org.junit.runners.ParentRunner$3.evaluate(ParentRunner.java:306)
	at org.junit.runners.ParentRunner.run(ParentRunner.java:413)
	at org.apache.maven.surefire.junit4.JUnit4Provider.execute(JUnit4Provider.java:316)
	at org.apache.maven.surefire.junit4.JUnit4Provider.executeWithRerun(JUnit4Provider.java:240)
	at org.apache.maven.surefire.junit4.JUnit4Provider.executeTestSet(JUnit4Provider.java:214)
	at org.apache.maven.surefire.junit4.JUnit4Provider.invoke(JUnit4Provider.java:155)
	at org.apache.maven.surefire.booter.ForkedBooter.runSuitesInProcess(ForkedBooter.java:385)
	at org.apache.maven.surefire.booter.ForkedBooter.execute(ForkedBooter.java:162)
	at org.apache.maven.surefire.booter.ForkedBooter.run(ForkedBooter.java:507)
	at org.apache.maven.surefire.booter.ForkedBooter.main(ForkedBooter.java:495)
]]></error>
    <system-out><![CDATA[13:34:18.339 [main] INFO org.evosuite.runtime.instrumentation.EvoClassLoader -- Seeing class for first time: org.apache.commons.logging.impl.Slf4jLogFactory_ESTest
13:34:18.354 [main] INFO org.evosuite.runtime.instrumentation.EvoClassLoader -- Instrumenting class 'org.apache.commons.logging.impl.Slf4jLogFactory_ESTest'.
13:34:18.413 [main] INFO org.evosuite.runtime.instrumentation.EvoClassLoader -- Seeing class for first time: org.apache.commons.logging.impl.Slf4jLogFactory_ESTest_scaffolding
13:34:18.414 [main] INFO org.evosuite.runtime.instrumentation.EvoClassLoader -- Instrumenting class 'org.apache.commons.logging.impl.Slf4jLogFactory_ESTest_scaffolding'.
13:34:18.420 [main] INFO org.evosuite.runtime.instrumentation.EvoClassLoader -- Keeping class: org.apache.commons.logging.impl.Slf4jLogFactory_ESTest_scaffolding
13:34:18.421 [main] INFO org.evosuite.runtime.instrumentation.EvoClassLoader -- Keeping class: org.apache.commons.logging.impl.Slf4jLogFactory_ESTest
13:34:18.683 [main] DEBUG org.evosuite.runtime.sandbox.MSecurityManager -- Adding privileged thread: "Reference Handler"
13:34:18.683 [main] DEBUG org.evosuite.runtime.sandbox.MSecurityManager -- Adding privileged thread: "Finalizer"
13:34:18.683 [main] DEBUG org.evosuite.runtime.sandbox.MSecurityManager -- Adding privileged thread: "Signal Dispatcher"
13:34:18.684 [main] DEBUG org.evosuite.runtime.sandbox.MSecurityManager -- Adding privileged thread: "Java2D Disposer"
13:34:18.684 [main] DEBUG org.evosuite.runtime.sandbox.MSecurityManager -- Adding privileged thread: "AWT-XAWT"
13:34:18.684 [main] DEBUG org.evosuite.runtime.sandbox.MSecurityManager -- Adding privileged thread: "process reaper"
13:34:18.684 [main] DEBUG org.evosuite.runtime.sandbox.MSecurityManager -- Adding privileged thread: "main"
13:34:18.684 [main] DEBUG org.evosuite.runtime.sandbox.MSecurityManager -- Adding privileged thread: "surefire-forkedjvm-stream-flusher"
13:34:18.685 [main] DEBUG org.evosuite.runtime.sandbox.MSecurityManager -- Adding privileged thread: "surefire-forkedjvm-command-thread"
13:34:18.717 [main] INFO org.evosuite.runtime.instrumentation.EvoClassLoader -- Seeing class for first time: org.apache.commons.logging.impl.Slf4jLogFactory$Slf4jLocationAwareLog
13:34:18.717 [main] INFO org.evosuite.runtime.instrumentation.EvoClassLoader -- Instrumenting class 'org.apache.commons.logging.impl.Slf4jLogFactory$Slf4jLocationAwareLog'.
13:34:18.731 [main] INFO org.evosuite.runtime.instrumentation.MethodCallReplacementClassAdapter -- Adding mock interface to class org/apache/commons/logging/impl/Slf4jLogFactory$Slf4jLocationAwareLog
13:34:18.920 [main] INFO org.evosuite.runtime.instrumentation.CreateClassResetClassAdapter -- Found static initializer in class org/apache/commons/logging/impl/Slf4jLogFactory$Slf4jLocationAwareLog
13:34:18.925 [main] INFO org.evosuite.runtime.instrumentation.EvoClassLoader -- Keeping class: org.apache.commons.logging.impl.Slf4jLogFactory$Slf4jLocationAwareLog
13:34:18.926 [main] INFO org.evosuite.runtime.instrumentation.EvoClassLoader -- Seeing class for first time: org.apache.commons.logging.impl.Slf4jLogFactory$Slf4jLog
13:34:18.926 [main] INFO org.evosuite.runtime.instrumentation.EvoClassLoader -- Instrumenting class 'org.apache.commons.logging.impl.Slf4jLogFactory$Slf4jLog'.
13:34:18.928 [main] INFO org.evosuite.runtime.instrumentation.MethodCallReplacementClassAdapter -- Adding mock interface to class org/apache/commons/logging/impl/Slf4jLogFactory$Slf4jLog
13:34:18.932 [main] INFO org.evosuite.runtime.instrumentation.CreateClassResetClassAdapter -- Creating brand-new static initializer in class org/apache/commons/logging/impl/Slf4jLogFactory$Slf4jLog
13:34:18.933 [main] INFO org.evosuite.runtime.instrumentation.EvoClassLoader -- Keeping class: org.apache.commons.logging.impl.Slf4jLogFactory$Slf4jLog
13:34:18.934 [main] INFO org.evosuite.runtime.instrumentation.EvoClassLoader -- Seeing class for first time: org.apache.commons.logging.impl.Slf4jLogFactory
13:34:18.934 [main] INFO org.evosuite.runtime.instrumentation.EvoClassLoader -- Instrumenting class 'org.apache.commons.logging.impl.Slf4jLogFactory'.
13:34:18.937 [main] INFO org.evosuite.runtime.instrumentation.MethodCallReplacementClassAdapter -- Adding mock interface to class org/apache/commons/logging/impl/Slf4jLogFactory
13:34:18.944 [main] INFO org.evosuite.runtime.instrumentation.CreateClassResetClassAdapter -- Found static initializer in class org/apache/commons/logging/impl/Slf4jLogFactory
13:34:18.947 [main] INFO org.evosuite.runtime.instrumentation.EvoClassLoader -- Keeping class: org.apache.commons.logging.impl.Slf4jLogFactory
13:34:18.985 [main] INFO org.evosuite.runtime.instrumentation.EvoClassLoader -- Seeing class for first time: org.apache.commons.logging.impl.Jdk14Logger
13:34:18.985 [main] INFO org.evosuite.runtime.instrumentation.EvoClassLoader -- Instrumenting class 'org.apache.commons.logging.impl.Jdk14Logger'.
13:34:18.988 [main] INFO org.evosuite.runtime.instrumentation.MethodCallReplacementClassAdapter -- Adding mock interface to class org/apache/commons/logging/impl/Jdk14Logger
13:34:18.996 [main] INFO org.evosuite.runtime.instrumentation.CreateClassResetClassAdapter -- Found static initializer in class org/apache/commons/logging/impl/Jdk14Logger
13:34:18.998 [main] INFO org.evosuite.runtime.instrumentation.EvoClassLoader -- Keeping class: org.apache.commons.logging.impl.Jdk14Logger
13:34:19.001 [main] INFO org.evosuite.runtime.instrumentation.EvoClassLoader -- Seeing class for first time: org.apache.logging.log4j.MarkerManager
13:34:19.001 [main] INFO org.evosuite.runtime.instrumentation.EvoClassLoader -- Instrumenting class 'org.apache.logging.log4j.MarkerManager'.
13:34:19.005 [main] INFO org.evosuite.runtime.instrumentation.MethodCallReplacementClassAdapter -- Adding mock interface to class org/apache/logging/log4j/MarkerManager
13:34:19.014 [main] INFO org.evosuite.runtime.instrumentation.CreateClassResetClassAdapter -- Found static initializer in class org/apache/logging/log4j/MarkerManager
13:34:19.015 [main] INFO org.evosuite.runtime.instrumentation.EvoClassLoader -- Defined package (3): package org.apache.logging.log4j, 25596373
13:34:19.016 [main] INFO org.evosuite.runtime.instrumentation.EvoClassLoader -- Keeping class: org.apache.logging.log4j.MarkerManager
13:34:19.017 [main] INFO org.evosuite.runtime.instrumentation.EvoClassLoader -- Seeing class for first time: org.apache.logging.log4j.Marker
13:34:19.017 [main] INFO org.evosuite.runtime.instrumentation.EvoClassLoader -- Instrumenting class 'org.apache.logging.log4j.Marker'.
13:34:19.020 [main] INFO org.evosuite.runtime.instrumentation.EvoClassLoader -- Keeping class: org.apache.logging.log4j.Marker
13:34:19.022 [main] INFO org.evosuite.runtime.instrumentation.EvoClassLoader -- Seeing class for first time: org.apache.logging.log4j.MarkerManager$Log4jMarker
13:34:19.022 [main] INFO org.evosuite.runtime.instrumentation.EvoClassLoader -- Instrumenting class 'org.apache.logging.log4j.MarkerManager$Log4jMarker'.
13:34:19.025 [main] INFO org.evosuite.runtime.instrumentation.MethodCallReplacementClassAdapter -- Adding mock interface to class org/apache/logging/log4j/MarkerManager$Log4jMarker
13:34:19.036 [main] INFO org.evosuite.runtime.instrumentation.CreateClassResetClassAdapter -- Creating brand-new static initializer in class org/apache/logging/log4j/MarkerManager$Log4jMarker
13:34:19.037 [main] INFO org.evosuite.runtime.instrumentation.EvoClassLoader -- Seeing class for first time: org.apache.logging.log4j.util.StringBuilderFormattable
13:34:19.037 [main] INFO org.evosuite.runtime.instrumentation.EvoClassLoader -- Instrumenting class 'org.apache.logging.log4j.util.StringBuilderFormattable'.
13:34:19.038 [main] INFO org.evosuite.runtime.instrumentation.EvoClassLoader -- Defined package (3): package org.apache.logging.log4j.util, -551324549
13:34:19.038 [main] INFO org.evosuite.runtime.instrumentation.EvoClassLoader -- Keeping class: org.apache.logging.log4j.util.StringBuilderFormattable
13:34:19.038 [main] INFO org.evosuite.runtime.instrumentation.EvoClassLoader -- Keeping class: org.apache.logging.log4j.MarkerManager$Log4jMarker
13:34:19.039 [main] INFO org.evosuite.runtime.instrumentation.EvoClassLoader -- Seeing class for first time: org.apache.commons.logging.impl.Log4jApiLogFactory
13:34:19.039 [main] INFO org.evosuite.runtime.instrumentation.EvoClassLoader -- Instrumenting class 'org.apache.commons.logging.impl.Log4jApiLogFactory'.
13:34:19.040 [main] INFO org.evosuite.runtime.instrumentation.MethodCallReplacementClassAdapter -- Adding mock interface to class org/apache/commons/logging/impl/Log4jApiLogFactory
13:34:19.041 [main] INFO org.evosuite.runtime.instrumentation.CreateClassResetClassAdapter -- Found static initializer in class org/apache/commons/logging/impl/Log4jApiLogFactory
13:34:19.042 [main] INFO org.evosuite.runtime.instrumentation.EvoClassLoader -- Keeping class: org.apache.commons.logging.impl.Log4jApiLogFactory
13:34:19.042 [main] INFO org.evosuite.runtime.instrumentation.EvoClassLoader -- Seeing class for first time: org.apache.logging.log4j.spi.LoggerAdapter
13:34:19.042 [main] INFO org.evosuite.runtime.instrumentation.EvoClassLoader -- Instrumenting class 'org.apache.logging.log4j.spi.LoggerAdapter'.
13:34:19.060 [main] INFO org.evosuite.runtime.instrumentation.EvoClassLoader -- Defined package (3): package org.apache.logging.log4j.spi, -710523373
13:34:19.060 [main] INFO org.evosuite.runtime.instrumentation.EvoClassLoader -- Keeping class: org.apache.logging.log4j.spi.LoggerAdapter
13:34:19.062 [main] INFO org.evosuite.runtime.instrumentation.EvoClassLoader -- Seeing class for first time: org.apache.logging.log4j.spi.AbstractLoggerAdapter
13:34:19.063 [main] INFO org.evosuite.runtime.instrumentation.EvoClassLoader -- Instrumenting class 'org.apache.logging.log4j.spi.AbstractLoggerAdapter'.
13:34:19.064 [main] INFO org.evosuite.runtime.instrumentation.MethodCallReplacementClassAdapter -- Adding mock interface to class org/apache/logging/log4j/spi/AbstractLoggerAdapter
13:34:19.081 [main] INFO org.evosuite.runtime.instrumentation.CreateClassResetClassAdapter -- Creating brand-new static initializer in class org/apache/logging/log4j/spi/AbstractLoggerAdapter
13:34:19.083 [main] INFO org.evosuite.runtime.instrumentation.EvoClassLoader -- Seeing class for first time: org.apache.logging.log4j.spi.LoggerContextShutdownAware
13:34:19.083 [main] INFO org.evosuite.runtime.instrumentation.EvoClassLoader -- Instrumenting class 'org.apache.logging.log4j.spi.LoggerContextShutdownAware'.
13:34:19.086 [main] INFO org.evosuite.runtime.instrumentation.EvoClassLoader -- Keeping class: org.apache.logging.log4j.spi.LoggerContextShutdownAware
13:34:19.087 [main] INFO org.evosuite.runtime.instrumentation.EvoClassLoader -- Keeping class: org.apache.logging.log4j.spi.AbstractLoggerAdapter
13:34:19.088 [main] INFO org.evosuite.runtime.instrumentation.EvoClassLoader -- Seeing class for first time: org.apache.logging.log4j.spi.LoggerContext
13:34:19.088 [main] INFO org.evosuite.runtime.instrumentation.EvoClassLoader -- Instrumenting class 'org.apache.logging.log4j.spi.LoggerContext'.
13:34:19.091 [main] INFO org.evosuite.runtime.instrumentation.EvoClassLoader -- Keeping class: org.apache.logging.log4j.spi.LoggerContext
13:34:19.092 [main] INFO org.evosuite.runtime.instrumentation.EvoClassLoader -- Seeing class for first time: org.apache.commons.logging.impl.Log4jApiLogFactory$LogAdapter
13:34:19.092 [main] INFO org.evosuite.runtime.instrumentation.EvoClassLoader -- Instrumenting class 'org.apache.commons.logging.impl.Log4jApiLogFactory$LogAdapter'.
13:34:19.093 [main] INFO org.evosuite.runtime.instrumentation.MethodCallReplacementClassAdapter -- Adding mock interface to class org/apache/commons/logging/impl/Log4jApiLogFactory$LogAdapter
13:34:19.095 [main] INFO org.evosuite.runtime.instrumentation.CreateClassResetClassAdapter -- Creating brand-new static initializer in class org/apache/commons/logging/impl/Log4jApiLogFactory$LogAdapter
13:34:19.096 [main] INFO org.evosuite.runtime.instrumentation.EvoClassLoader -- Keeping class: org.apache.commons.logging.impl.Log4jApiLogFactory$LogAdapter
13:34:19.097 [main] INFO org.evosuite.runtime.instrumentation.EvoClassLoader -- Seeing class for first time: org.apache.logging.log4j.util.PropertiesPropertySource
13:34:19.097 [main] INFO org.evosuite.runtime.instrumentation.EvoClassLoader -- Instrumenting class 'org.apache.logging.log4j.util.PropertiesPropertySource'.
13:34:19.099 [main] INFO org.evosuite.runtime.instrumentation.MethodCallReplacementClassAdapter -- Adding mock interface to class org/apache/logging/log4j/util/PropertiesPropertySource
13:34:19.110 [main] INFO org.evosuite.runtime.instrumentation.CreateClassResetClassAdapter -- Creating brand-new static initializer in class org/apache/logging/log4j/util/PropertiesPropertySource
13:34:19.111 [main] INFO org.evosuite.runtime.instrumentation.CreateClassResetClassAdapter -- Adding bytecode for initializing field DEFAULT_PRIORITY
13:34:19.111 [main] INFO org.evosuite.runtime.instrumentation.CreateClassResetClassAdapter -- Adding bytecode for initializing field PREFIX
13:34:19.112 [main] INFO org.evosuite.runtime.instrumentation.EvoClassLoader -- Seeing class for first time: org.apache.logging.log4j.util.PropertySource
13:34:19.113 [main] INFO org.evosuite.runtime.instrumentation.EvoClassLoader -- Instrumenting class 'org.apache.logging.log4j.util.PropertySource'.
13:34:19.116 [main] INFO org.evosuite.runtime.instrumentation.EvoClassLoader -- Keeping class: org.apache.logging.log4j.util.PropertySource
13:34:19.117 [main] INFO org.evosuite.runtime.instrumentation.EvoClassLoader -- Keeping class: org.apache.logging.log4j.util.PropertiesPropertySource
13:34:19.117 [main] INFO org.evosuite.runtime.instrumentation.EvoClassLoader -- Seeing class for first time: org.apache.logging.log4j.util.BiConsumer
13:34:19.117 [main] INFO org.evosuite.runtime.instrumentation.EvoClassLoader -- Instrumenting class 'org.apache.logging.log4j.util.BiConsumer'.
13:34:19.118 [main] INFO org.evosuite.runtime.instrumentation.EvoClassLoader -- Keeping class: org.apache.logging.log4j.util.BiConsumer
13:34:19.119 [main] INFO org.evosuite.runtime.instrumentation.EvoClassLoader -- Seeing class for first time: org.apache.logging.log4j.util.PropertyFilePropertySource
13:34:19.119 [main] INFO org.evosuite.runtime.instrumentation.EvoClassLoader -- Instrumenting class 'org.apache.logging.log4j.util.PropertyFilePropertySource'.
13:34:19.120 [main] INFO org.evosuite.runtime.instrumentation.MethodCallReplacementClassAdapter -- Adding mock interface to class org/apache/logging/log4j/util/PropertyFilePropertySource
13:34:19.122 [main] INFO org.evosuite.runtime.instrumentation.CreateClassResetClassAdapter -- Creating brand-new static initializer in class org/apache/logging/log4j/util/PropertyFilePropertySource
13:34:19.123 [main] INFO org.evosuite.runtime.instrumentation.EvoClassLoader -- Keeping class: org.apache.logging.log4j.util.PropertyFilePropertySource
13:34:19.123 [main] INFO org.evosuite.runtime.instrumentation.EvoClassLoader -- Seeing class for first time: org.apache.logging.log4j.util.LoaderUtil$ThreadContextClassLoaderGetter
13:34:19.123 [main] INFO org.evosuite.runtime.instrumentation.EvoClassLoader -- Instrumenting class 'org.apache.logging.log4j.util.LoaderUtil$ThreadContextClassLoaderGetter'.
13:34:19.124 [main] INFO org.evosuite.runtime.instrumentation.MethodCallReplacementClassAdapter -- Adding mock interface to class org/apache/logging/log4j/util/LoaderUtil$ThreadContextClassLoaderGetter
13:34:19.125 [main] INFO org.evosuite.runtime.instrumentation.CreateClassResetClassAdapter -- Creating brand-new static initializer in class org/apache/logging/log4j/util/LoaderUtil$ThreadContextClassLoaderGetter
13:34:19.125 [main] INFO org.evosuite.runtime.instrumentation.EvoClassLoader -- Keeping class: org.apache.logging.log4j.util.LoaderUtil$ThreadContextClassLoaderGetter
13:34:19.126 [main] INFO org.evosuite.runtime.instrumentation.EvoClassLoader -- Seeing class for first time: org.apache.logging.log4j.util.LoaderUtil
13:34:19.126 [main] INFO org.evosuite.runtime.instrumentation.EvoClassLoader -- Instrumenting class 'org.apache.logging.log4j.util.LoaderUtil'.
13:34:19.128 [main] INFO org.evosuite.runtime.instrumentation.MethodCallReplacementClassAdapter -- Adding mock interface to class org/apache/logging/log4j/util/LoaderUtil
13:34:19.134 [main] INFO org.evosuite.runtime.instrumentation.CreateClassResetClassAdapter -- Found static initializer in class org/apache/logging/log4j/util/LoaderUtil
13:34:19.135 [main] INFO org.evosuite.runtime.instrumentation.EvoClassLoader -- Keeping class: org.apache.logging.log4j.util.LoaderUtil
13:34:19.136 [main] INFO org.evosuite.runtime.instrumentation.EvoClassLoader -- Seeing class for first time: org.apache.logging.log4j.util.LoaderUtil$UrlResource
13:34:19.136 [main] INFO org.evosuite.runtime.instrumentation.EvoClassLoader -- Instrumenting class 'org.apache.logging.log4j.util.LoaderUtil$UrlResource'.
13:34:19.137 [main] INFO org.evosuite.runtime.instrumentation.MethodCallReplacementClassAdapter -- Adding mock interface to class org/apache/logging/log4j/util/LoaderUtil$UrlResource
13:34:19.138 [main] INFO org.evosuite.runtime.instrumentation.CreateClassResetClassAdapter -- Creating brand-new static initializer in class org/apache/logging/log4j/util/LoaderUtil$UrlResource
13:34:19.139 [main] INFO org.evosuite.runtime.instrumentation.EvoClassLoader -- Keeping class: org.apache.logging.log4j.util.LoaderUtil$UrlResource
13:34:19.141 [main] INFO org.evosuite.runtime.instrumentation.EvoClassLoader -- Seeing class for first time: org.apache.logging.log4j.util.PropertiesUtil$Environment
13:34:19.141 [main] INFO org.evosuite.runtime.instrumentation.EvoClassLoader -- Instrumenting class 'org.apache.logging.log4j.util.PropertiesUtil$Environment'.
13:34:19.142 [main] INFO org.evosuite.runtime.instrumentation.MethodCallReplacementClassAdapter -- Adding mock interface to class org/apache/logging/log4j/util/PropertiesUtil$Environment
13:34:19.149 [main] INFO org.evosuite.runtime.instrumentation.CreateClassResetClassAdapter -- Creating brand-new static initializer in class org/apache/logging/log4j/util/PropertiesUtil$Environment
13:34:19.150 [main] INFO org.evosuite.runtime.instrumentation.EvoClassLoader -- Keeping class: org.apache.logging.log4j.util.PropertiesUtil$Environment
13:34:19.151 [main] INFO org.evosuite.runtime.instrumentation.EvoClassLoader -- Seeing class for first time: org.apache.logging.log4j.util.PropertiesUtil
13:34:19.151 [main] INFO org.evosuite.runtime.instrumentation.EvoClassLoader -- Instrumenting class 'org.apache.logging.log4j.util.PropertiesUtil'.
13:34:19.153 [main] INFO org.evosuite.runtime.instrumentation.MethodCallReplacementClassAdapter -- Adding mock interface to class org/apache/logging/log4j/util/PropertiesUtil
13:34:19.161 [main] INFO org.evosuite.runtime.instrumentation.CreateClassResetClassAdapter -- Found static initializer in class org/apache/logging/log4j/util/PropertiesUtil
13:34:19.163 [main] INFO org.evosuite.runtime.instrumentation.EvoClassLoader -- Keeping class: org.apache.logging.log4j.util.PropertiesUtil
13:34:19.164 [main] INFO org.evosuite.runtime.instrumentation.EvoClassLoader -- Seeing class for first time: org.apache.logging.log4j.util.PropertiesUtil$TimeUnit
13:34:19.164 [main] INFO org.evosuite.runtime.instrumentation.EvoClassLoader -- Instrumenting class 'org.apache.logging.log4j.util.PropertiesUtil$TimeUnit'.
13:34:19.166 [main] INFO org.evosuite.runtime.instrumentation.MethodCallReplacementClassAdapter -- Adding mock interface to class org/apache/logging/log4j/util/PropertiesUtil$TimeUnit
13:34:19.170 [main] INFO org.evosuite.runtime.instrumentation.CreateClassResetClassAdapter -- Found static initializer in class org/apache/logging/log4j/util/PropertiesUtil$TimeUnit
13:34:19.171 [main] INFO org.evosuite.runtime.instrumentation.EvoClassLoader -- Keeping class: org.apache.logging.log4j.util.PropertiesUtil$TimeUnit
13:34:19.174 [main] INFO org.evosuite.runtime.instrumentation.EvoClassLoader -- Seeing class for first time: org.apache.logging.log4j.util.PropertySource$Comparator
13:34:19.174 [main] INFO org.evosuite.runtime.instrumentation.EvoClassLoader -- Instrumenting class 'org.apache.logging.log4j.util.PropertySource$Comparator'.
13:34:19.176 [main] INFO org.evosuite.runtime.instrumentation.MethodCallReplacementClassAdapter -- Adding mock interface to class org/apache/logging/log4j/util/PropertySource$Comparator
13:34:19.178 [main] INFO org.evosuite.runtime.instrumentation.CreateClassResetClassAdapter -- Creating brand-new static initializer in class org/apache/logging/log4j/util/PropertySource$Comparator
13:34:19.178 [main] INFO org.evosuite.runtime.instrumentation.EvoClassLoader -- Keeping class: org.apache.logging.log4j.util.PropertySource$Comparator
13:34:19.179 [main] INFO org.evosuite.runtime.instrumentation.EvoClassLoader -- Seeing class for first time: org.apache.logging.log4j.util.PropertySource$Util
13:34:19.179 [main] INFO org.evosuite.runtime.instrumentation.EvoClassLoader -- Instrumenting class 'org.apache.logging.log4j.util.PropertySource$Util'.
13:34:19.181 [main] INFO org.evosuite.runtime.instrumentation.MethodCallReplacementClassAdapter -- Adding mock interface to class org/apache/logging/log4j/util/PropertySource$Util
13:34:19.183 [main] INFO org.evosuite.runtime.instrumentation.CreateClassResetClassAdapter -- Found static initializer in class org/apache/logging/log4j/util/PropertySource$Util
13:34:19.184 [main] INFO org.evosuite.runtime.instrumentation.EvoClassLoader -- Keeping class: org.apache.logging.log4j.util.PropertySource$Util
13:34:19.186 [main] INFO org.evosuite.runtime.instrumentation.EvoClassLoader -- Seeing class for first time: org.apache.logging.log4j.util.ServiceLoaderUtil
13:34:19.186 [main] INFO org.evosuite.runtime.instrumentation.EvoClassLoader -- Instrumenting class 'org.apache.logging.log4j.util.ServiceLoaderUtil'.
13:34:19.188 [main] INFO org.evosuite.runtime.instrumentation.MethodCallReplacementClassAdapter -- Adding mock interface to class org/apache/logging/log4j/util/ServiceLoaderUtil
13:34:19.191 [main] INFO org.evosuite.runtime.instrumentation.CreateClassResetClassAdapter -- Creating brand-new static initializer in class org/apache/logging/log4j/util/ServiceLoaderUtil
13:34:19.192 [main] INFO org.evosuite.runtime.instrumentation.CreateClassResetClassAdapter -- Adding bytecode for initializing field MAX_BROKEN_SERVICES
13:34:19.193 [main] INFO org.evosuite.runtime.instrumentation.EvoClassLoader -- Keeping class: org.apache.logging.log4j.util.ServiceLoaderUtil
13:34:19.195 [main] INFO org.evosuite.runtime.instrumentation.EvoClassLoader -- Seeing class for first time: org.apache.logging.log4j.util.ServiceLoaderUtil$ServiceLoaderSpliterator
13:34:19.196 [main] INFO org.evosuite.runtime.instrumentation.EvoClassLoader -- Instrumenting class 'org.apache.logging.log4j.util.ServiceLoaderUtil$ServiceLoaderSpliterator'.
13:34:19.197 [main] INFO org.evosuite.runtime.instrumentation.MethodCallReplacementClassAdapter -- Adding mock interface to class org/apache/logging/log4j/util/ServiceLoaderUtil$ServiceLoaderSpliterator
13:34:19.200 [main] INFO org.evosuite.runtime.instrumentation.CreateClassResetClassAdapter -- Creating brand-new static initializer in class org/apache/logging/log4j/util/ServiceLoaderUtil$ServiceLoaderSpliterator
13:34:19.201 [main] INFO org.evosuite.runtime.instrumentation.EvoClassLoader -- Keeping class: org.apache.logging.log4j.util.ServiceLoaderUtil$ServiceLoaderSpliterator
13:34:19.202 [main] INFO org.evosuite.runtime.instrumentation.EvoClassLoader -- Seeing class for first time: org.apache.logging.log4j.Logger
13:34:19.202 [main] INFO org.evosuite.runtime.instrumentation.EvoClassLoader -- Instrumenting class 'org.apache.logging.log4j.Logger'.
13:34:19.211 [main] INFO org.evosuite.runtime.instrumentation.EvoClassLoader -- Keeping class: org.apache.logging.log4j.Logger
13:34:19.213 [main] INFO org.evosuite.runtime.instrumentation.EvoClassLoader -- Seeing class for first time: org.apache.logging.log4j.util.OsgiServiceLocator
13:34:19.213 [main] INFO org.evosuite.runtime.instrumentation.EvoClassLoader -- Instrumenting class 'org.apache.logging.log4j.util.OsgiServiceLocator'.
13:34:19.215 [main] INFO org.evosuite.runtime.instrumentation.MethodCallReplacementClassAdapter -- Adding mock interface to class org/apache/logging/log4j/util/OsgiServiceLocator
13:34:19.227 [main] INFO org.evosuite.runtime.instrumentation.CreateClassResetClassAdapter -- Found static initializer in class org/apache/logging/log4j/util/OsgiServiceLocator
13:34:19.228 [main] INFO org.evosuite.runtime.instrumentation.EvoClassLoader -- Keeping class: org.apache.logging.log4j.util.OsgiServiceLocator
13:34:19.230 [main] INFO org.evosuite.runtime.instrumentation.EvoClassLoader -- Seeing class for first time: org.osgi.framework.FrameworkUtil
13:34:19.230 [main] INFO org.evosuite.runtime.instrumentation.EvoClassLoader -- Instrumenting class 'org.osgi.framework.FrameworkUtil'.
13:34:19.231 [main] INFO org.evosuite.runtime.instrumentation.EvoClassLoader -- Error while loading class: java.lang.ClassNotFoundException: Class 'org/osgi/framework/FrameworkUtil.class' should be in target project, but could not be found!
13:34:19.231 [main] INFO org.evosuite.runtime.instrumentation.EvoClassLoader -- Seeing class for first time: org.osgi.framework.FrameworkUtil
13:34:19.231 [main] INFO org.evosuite.runtime.instrumentation.EvoClassLoader -- Instrumenting class 'org.osgi.framework.FrameworkUtil'.
13:34:19.231 [main] INFO org.evosuite.runtime.instrumentation.EvoClassLoader -- Error while loading class: java.lang.ClassNotFoundException: Class 'org/osgi/framework/FrameworkUtil.class' should be in target project, but could not be found!
13:34:19.232 [main] INFO org.evosuite.runtime.instrumentation.EvoClassLoader -- Seeing class for first time: org.apache.logging.log4j.util.EnvironmentPropertySource
13:34:19.232 [main] INFO org.evosuite.runtime.instrumentation.EvoClassLoader -- Instrumenting class 'org.apache.logging.log4j.util.EnvironmentPropertySource'.
13:34:19.233 [main] INFO org.evosuite.runtime.instrumentation.MethodCallReplacementClassAdapter -- Adding mock interface to class org/apache/logging/log4j/util/EnvironmentPropertySource
13:34:19.234 [main] INFO org.evosuite.runtime.instrumentation.CreateClassResetClassAdapter -- Creating brand-new static initializer in class org/apache/logging/log4j/util/EnvironmentPropertySource
13:34:19.235 [main] INFO org.evosuite.runtime.instrumentation.CreateClassResetClassAdapter -- Adding bytecode for initializing field PREFIX
13:34:19.235 [main] INFO org.evosuite.runtime.instrumentation.CreateClassResetClassAdapter -- Adding bytecode for initializing field DEFAULT_PRIORITY
13:34:19.236 [main] INFO org.evosuite.runtime.instrumentation.EvoClassLoader -- Keeping class: org.apache.logging.log4j.util.EnvironmentPropertySource
13:34:19.237 [main] INFO org.evosuite.runtime.instrumentation.EvoClassLoader -- Seeing class for first time: org.apache.logging.log4j.util.SystemPropertiesPropertySource
13:34:19.237 [main] INFO org.evosuite.runtime.instrumentation.EvoClassLoader -- Instrumenting class 'org.apache.logging.log4j.util.SystemPropertiesPropertySource'.
13:34:19.238 [main] INFO org.evosuite.runtime.instrumentation.MethodCallReplacementClassAdapter -- Adding mock interface to class org/apache/logging/log4j/util/SystemPropertiesPropertySource
13:34:19.239 [main] INFO org.evosuite.runtime.instrumentation.CreateClassResetClassAdapter -- Creating brand-new static initializer in class org/apache/logging/log4j/util/SystemPropertiesPropertySource
13:34:19.239 [main] INFO org.evosuite.runtime.instrumentation.CreateClassResetClassAdapter -- Adding bytecode for initializing field DEFAULT_PRIORITY
13:34:19.240 [main] INFO org.evosuite.runtime.instrumentation.CreateClassResetClassAdapter -- Adding bytecode for initializing field PREFIX
13:34:19.240 [main] INFO org.evosuite.runtime.instrumentation.EvoClassLoader -- Keeping class: org.apache.logging.log4j.util.SystemPropertiesPropertySource
13:34:19.241 [main] INFO org.evosuite.runtime.instrumentation.EvoClassLoader -- Seeing class for first time: org.apache.logging.log4j.test.junit.ExtensionContextAnchor
13:34:19.241 [main] INFO org.evosuite.runtime.instrumentation.EvoClassLoader -- Instrumenting class 'org.apache.logging.log4j.test.junit.ExtensionContextAnchor'.
13:34:19.242 [main] INFO org.evosuite.runtime.instrumentation.MethodCallReplacementClassAdapter -- Adding mock interface to class org/apache/logging/log4j/test/junit/ExtensionContextAnchor
13:34:19.244 [main] INFO org.evosuite.runtime.instrumentation.CreateClassResetClassAdapter -- Found static initializer in class org/apache/logging/log4j/test/junit/ExtensionContextAnchor
13:34:19.246 [main] INFO org.evosuite.runtime.instrumentation.EvoClassLoader -- Defined package (3): package org.apache.logging.log4j.test.junit, -594012597
13:34:19.252 [main] INFO org.evosuite.runtime.instrumentation.EvoClassLoader -- Keeping class: org.apache.logging.log4j.test.junit.ExtensionContextAnchor
13:34:19.266 [main] INFO org.evosuite.runtime.instrumentation.EvoClassLoader -- Seeing class for first time: org.apache.logging.log4j.test.junit.TestPropertySource$EmptyTestProperties
13:34:19.266 [main] INFO org.evosuite.runtime.instrumentation.EvoClassLoader -- Instrumenting class 'org.apache.logging.log4j.test.junit.TestPropertySource$EmptyTestProperties'.
13:34:19.268 [main] INFO org.evosuite.runtime.instrumentation.MethodCallReplacementClassAdapter -- Adding mock interface to class org/apache/logging/log4j/test/junit/TestPropertySource$EmptyTestProperties
13:34:19.270 [main] INFO org.evosuite.runtime.instrumentation.CreateClassResetClassAdapter -- Creating brand-new static initializer in class org/apache/logging/log4j/test/junit/TestPropertySource$EmptyTestProperties
13:34:19.271 [main] INFO org.evosuite.runtime.instrumentation.EvoClassLoader -- Seeing class for first time: org.apache.logging.log4j.test.TestProperties
13:34:19.271 [main] INFO org.evosuite.runtime.instrumentation.EvoClassLoader -- Instrumenting class 'org.apache.logging.log4j.test.TestProperties'.
13:34:19.274 [main] INFO org.evosuite.runtime.instrumentation.EvoClassLoader -- Defined package (3): package org.apache.logging.log4j.test, -551368437
13:34:19.275 [main] INFO org.evosuite.runtime.instrumentation.EvoClassLoader -- Keeping class: org.apache.logging.log4j.test.TestProperties
13:34:19.276 [main] INFO org.evosuite.runtime.instrumentation.EvoClassLoader -- Keeping class: org.apache.logging.log4j.test.junit.TestPropertySource$EmptyTestProperties
13:34:19.276 [main] INFO org.evosuite.runtime.instrumentation.EvoClassLoader -- Seeing class for first time: org.apache.logging.log4j.test.junit.TestPropertySource
13:34:19.276 [main] INFO org.evosuite.runtime.instrumentation.EvoClassLoader -- Instrumenting class 'org.apache.logging.log4j.test.junit.TestPropertySource'.
13:34:19.279 [main] INFO org.evosuite.runtime.instrumentation.MethodCallReplacementClassAdapter -- Adding mock interface to class org/apache/logging/log4j/test/junit/TestPropertySource
13:34:19.282 [main] INFO org.evosuite.runtime.instrumentation.CreateClassResetClassAdapter -- Found static initializer in class org/apache/logging/log4j/test/junit/TestPropertySource
13:34:19.283 [main] INFO org.evosuite.runtime.instrumentation.EvoClassLoader -- Keeping class: org.apache.logging.log4j.test.junit.TestPropertySource
13:34:19.286 [main] INFO org.evosuite.runtime.instrumentation.EvoClassLoader -- Seeing class for first time: org.apache.logging.log4j.util.Strings
13:34:19.287 [main] INFO org.evosuite.runtime.instrumentation.EvoClassLoader -- Instrumenting class 'org.apache.logging.log4j.util.Strings'.
13:34:19.288 [main] INFO org.evosuite.runtime.instrumentation.MethodCallReplacementClassAdapter -- Adding mock interface to class org/apache/logging/log4j/util/Strings
13:34:19.291 [main] INFO org.evosuite.runtime.instrumentation.CreateClassResetClassAdapter -- Found static initializer in class org/apache/logging/log4j/util/Strings
13:34:19.292 [main] INFO org.evosuite.runtime.instrumentation.EvoClassLoader -- Keeping class: org.apache.logging.log4j.util.Strings
13:34:19.298 [main] INFO org.evosuite.runtime.instrumentation.EvoClassLoader -- Seeing class for first time: org.apache.logging.log4j.util.Supplier
13:34:19.299 [main] INFO org.evosuite.runtime.instrumentation.EvoClassLoader -- Instrumenting class 'org.apache.logging.log4j.util.Supplier'.
13:34:19.301 [main] INFO org.evosuite.runtime.instrumentation.EvoClassLoader -- Keeping class: org.apache.logging.log4j.util.Supplier
13:34:19.374 [main] INFO org.evosuite.runtime.instrumentation.EvoClassLoader -- Seeing class for first time: org.apache.logging.log4j.util.Constants
13:34:19.374 [main] INFO org.evosuite.runtime.instrumentation.EvoClassLoader -- Instrumenting class 'org.apache.logging.log4j.util.Constants'.
13:34:19.375 [main] INFO org.evosuite.runtime.instrumentation.MethodCallReplacementClassAdapter -- Adding mock interface to class org/apache/logging/log4j/util/Constants
13:34:19.375 [main] INFO org.evosuite.runtime.instrumentation.CreateClassResetClassAdapter -- Found static initializer in class org/apache/logging/log4j/util/Constants
13:34:19.376 [main] INFO org.evosuite.runtime.instrumentation.EvoClassLoader -- Keeping class: org.apache.logging.log4j.util.Constants
13:34:19.382 [main] INFO org.evosuite.runtime.instrumentation.EvoClassLoader -- Seeing class for first time: org.apache.logging.log4j.spi.AbstractLogger
13:34:19.382 [main] INFO org.evosuite.runtime.instrumentation.EvoClassLoader -- Instrumenting class 'org.apache.logging.log4j.spi.AbstractLogger'.
13:34:19.387 [main] INFO org.evosuite.runtime.instrumentation.MethodCallReplacementClassAdapter -- Adding mock interface to class org/apache/logging/log4j/spi/AbstractLogger
13:34:19.418 [main] INFO org.evosuite.runtime.instrumentation.CreateClassResetClassAdapter -- Found static initializer in class org/apache/logging/log4j/spi/AbstractLogger
13:34:19.420 [main] INFO org.evosuite.runtime.instrumentation.EvoClassLoader -- Seeing class for first time: org.apache.logging.log4j.spi.ExtendedLogger
13:34:19.420 [main] INFO org.evosuite.runtime.instrumentation.EvoClassLoader -- Instrumenting class 'org.apache.logging.log4j.spi.ExtendedLogger'.
13:34:19.422 [main] INFO org.evosuite.runtime.instrumentation.EvoClassLoader -- Keeping class: org.apache.logging.log4j.spi.ExtendedLogger
13:34:19.423 [main] INFO org.evosuite.runtime.instrumentation.EvoClassLoader -- Seeing class for first time: org.apache.logging.log4j.spi.LocationAwareLogger
13:34:19.423 [main] INFO org.evosuite.runtime.instrumentation.EvoClassLoader -- Instrumenting class 'org.apache.logging.log4j.spi.LocationAwareLogger'.
13:34:19.425 [main] INFO org.evosuite.runtime.instrumentation.EvoClassLoader -- Keeping class: org.apache.logging.log4j.spi.LocationAwareLogger
13:34:19.427 [main] INFO org.evosuite.runtime.instrumentation.EvoClassLoader -- Keeping class: org.apache.logging.log4j.spi.AbstractLogger
13:34:19.430 [main] INFO org.evosuite.runtime.instrumentation.EvoClassLoader -- Seeing class for first time: org.apache.logging.log4j.message.MessageFactory2
13:34:19.430 [main] INFO org.evosuite.runtime.instrumentation.EvoClassLoader -- Instrumenting class 'org.apache.logging.log4j.message.MessageFactory2'.
13:34:19.432 [main] INFO org.evosuite.runtime.instrumentation.EvoClassLoader -- Defined package (3): package org.apache.logging.log4j.message, 515308782
13:34:19.432 [main] INFO org.evosuite.runtime.instrumentation.EvoClassLoader -- Seeing class for first time: org.apache.logging.log4j.message.MessageFactory
13:34:19.432 [main] INFO org.evosuite.runtime.instrumentation.EvoClassLoader -- Instrumenting class 'org.apache.logging.log4j.message.MessageFactory'.
13:34:19.434 [main] INFO org.evosuite.runtime.instrumentation.EvoClassLoader -- Keeping class: org.apache.logging.log4j.message.MessageFactory
13:34:19.434 [main] INFO org.evosuite.runtime.instrumentation.EvoClassLoader -- Keeping class: org.apache.logging.log4j.message.MessageFactory2
13:34:19.435 [main] INFO org.evosuite.runtime.instrumentation.EvoClassLoader -- Seeing class for first time: org.apache.logging.log4j.message.Message
13:34:19.435 [main] INFO org.evosuite.runtime.instrumentation.EvoClassLoader -- Instrumenting class 'org.apache.logging.log4j.message.Message'.
13:34:19.437 [main] INFO org.evosuite.runtime.instrumentation.EvoClassLoader -- Keeping class: org.apache.logging.log4j.message.Message
13:34:19.438 [main] INFO org.evosuite.runtime.instrumentation.EvoClassLoader -- Seeing class for first time: org.apache.logging.log4j.LoggingException
13:34:19.438 [main] INFO org.evosuite.runtime.instrumentation.EvoClassLoader -- Instrumenting class 'org.apache.logging.log4j.LoggingException'.
13:34:19.440 [main] INFO org.evosuite.runtime.instrumentation.MethodCallReplacementClassAdapter -- Adding mock interface to class org/apache/logging/log4j/LoggingException
13:34:19.442 [main] INFO org.evosuite.runtime.instrumentation.CreateClassResetClassAdapter -- Creating brand-new static initializer in class org/apache/logging/log4j/LoggingException
13:34:19.443 [main] INFO org.evosuite.runtime.instrumentation.EvoClassLoader -- Keeping class: org.apache.logging.log4j.LoggingException
13:34:19.443 [main] INFO org.evosuite.runtime.instrumentation.EvoClassLoader -- Seeing class for first time: org.apache.logging.log4j.LogBuilder
13:34:19.443 [main] INFO org.evosuite.runtime.instrumentation.EvoClassLoader -- Instrumenting class 'org.apache.logging.log4j.LogBuilder'.
13:34:19.446 [main] INFO org.evosuite.runtime.instrumentation.EvoClassLoader -- Keeping class: org.apache.logging.log4j.LogBuilder
13:34:19.448 [main] INFO org.evosuite.runtime.instrumentation.EvoClassLoader -- Seeing class for first time: org.apache.logging.log4j.util.MessageSupplier
13:34:19.448 [main] INFO org.evosuite.runtime.instrumentation.EvoClassLoader -- Instrumenting class 'org.apache.logging.log4j.util.MessageSupplier'.
13:34:19.450 [main] INFO org.evosuite.runtime.instrumentation.EvoClassLoader -- Keeping class: org.apache.logging.log4j.util.MessageSupplier
13:34:19.450 [main] INFO org.evosuite.runtime.instrumentation.EvoClassLoader -- Seeing class for first time: org.apache.logging.log4j.Level
13:34:19.451 [main] INFO org.evosuite.runtime.instrumentation.EvoClassLoader -- Instrumenting class 'org.apache.logging.log4j.Level'.
13:34:19.452 [main] INFO org.evosuite.runtime.instrumentation.MethodCallReplacementClassAdapter -- Adding mock interface to class org/apache/logging/log4j/Level
13:34:19.460 [main] INFO org.evosuite.runtime.instrumentation.CreateClassResetClassAdapter -- Found static initializer in class org/apache/logging/log4j/Level
13:34:19.462 [main] INFO org.evosuite.runtime.instrumentation.EvoClassLoader -- Keeping class: org.apache.logging.log4j.Level
13:34:19.463 [main] INFO org.evosuite.runtime.instrumentation.EvoClassLoader -- Seeing class for first time: org.apache.logging.log4j.message.FlowMessageFactory
13:34:19.463 [main] INFO org.evosuite.runtime.instrumentation.EvoClassLoader -- Instrumenting class 'org.apache.logging.log4j.message.FlowMessageFactory'.
13:34:19.465 [main] INFO org.evosuite.runtime.instrumentation.EvoClassLoader -- Keeping class: org.apache.logging.log4j.message.FlowMessageFactory
13:34:19.466 [main] INFO org.evosuite.runtime.instrumentation.EvoClassLoader -- Seeing class for first time: org.apache.logging.log4j.message.EntryMessage
13:34:19.466 [main] INFO org.evosuite.runtime.instrumentation.EvoClassLoader -- Instrumenting class 'org.apache.logging.log4j.message.EntryMessage'.
13:34:19.468 [main] INFO org.evosuite.runtime.instrumentation.EvoClassLoader -- Seeing class for first time: org.apache.logging.log4j.message.FlowMessage
13:34:19.468 [main] INFO org.evosuite.runtime.instrumentation.EvoClassLoader -- Instrumenting class 'org.apache.logging.log4j.message.FlowMessage'.
13:34:19.469 [main] INFO org.evosuite.runtime.instrumentation.EvoClassLoader -- Keeping class: org.apache.logging.log4j.message.FlowMessage
13:34:19.469 [main] INFO org.evosuite.runtime.instrumentation.EvoClassLoader -- Keeping class: org.apache.logging.log4j.message.EntryMessage
13:34:19.470 [main] INFO org.evosuite.runtime.instrumentation.EvoClassLoader -- Seeing class for first time: org.apache.logging.log4j.message.ReusableMessageFactory
13:34:19.470 [main] INFO org.evosuite.runtime.instrumentation.EvoClassLoader -- Instrumenting class 'org.apache.logging.log4j.message.ReusableMessageFactory'.
13:34:19.472 [main] INFO org.evosuite.runtime.instrumentation.MethodCallReplacementClassAdapter -- Adding mock interface to class org/apache/logging/log4j/message/ReusableMessageFactory
13:34:19.474 [main] INFO org.evosuite.runtime.instrumentation.CreateClassResetClassAdapter -- Found static initializer in class org/apache/logging/log4j/message/ReusableMessageFactory
13:34:19.475 [main] INFO org.evosuite.runtime.instrumentation.EvoClassLoader -- Keeping class: org.apache.logging.log4j.message.ReusableMessageFactory
13:34:19.476 [main] INFO org.evosuite.runtime.instrumentation.EvoClassLoader -- Seeing class for first time: org.apache.logging.log4j.message.ParameterizedMessageFactory
13:34:19.476 [main] INFO org.evosuite.runtime.instrumentation.EvoClassLoader -- Instrumenting class 'org.apache.logging.log4j.message.ParameterizedMessageFactory'.
13:34:19.478 [main] INFO org.evosuite.runtime.instrumentation.MethodCallReplacementClassAdapter -- Adding mock interface to class org/apache/logging/log4j/message/ParameterizedMessageFactory
13:34:19.479 [main] INFO org.evosuite.runtime.instrumentation.CreateClassResetClassAdapter -- Found static initializer in class org/apache/logging/log4j/message/ParameterizedMessageFactory
13:34:19.480 [main] INFO org.evosuite.runtime.instrumentation.EvoClassLoader -- Seeing class for first time: org.apache.logging.log4j.message.AbstractMessageFactory
13:34:19.481 [main] INFO org.evosuite.runtime.instrumentation.EvoClassLoader -- Instrumenting class 'org.apache.logging.log4j.message.AbstractMessageFactory'.
13:34:19.482 [main] INFO org.evosuite.runtime.instrumentation.MethodCallReplacementClassAdapter -- Adding mock interface to class org/apache/logging/log4j/message/AbstractMessageFactory
13:34:19.484 [main] INFO org.evosuite.runtime.instrumentation.CreateClassResetClassAdapter -- Creating brand-new static initializer in class org/apache/logging/log4j/message/AbstractMessageFactory
13:34:19.485 [main] INFO org.evosuite.runtime.instrumentation.EvoClassLoader -- Keeping class: org.apache.logging.log4j.message.AbstractMessageFactory
13:34:19.486 [main] INFO org.evosuite.runtime.instrumentation.EvoClassLoader -- Keeping class: org.apache.logging.log4j.message.ParameterizedMessageFactory
13:34:19.487 [main] INFO org.evosuite.runtime.instrumentation.EvoClassLoader -- Seeing class for first time: org.apache.logging.log4j.message.DefaultFlowMessageFactory
13:34:19.488 [main] INFO org.evosuite.runtime.instrumentation.EvoClassLoader -- Instrumenting class 'org.apache.logging.log4j.message.DefaultFlowMessageFactory'.
13:34:19.489 [main] INFO org.evosuite.runtime.instrumentation.MethodCallReplacementClassAdapter -- Adding mock interface to class org/apache/logging/log4j/message/DefaultFlowMessageFactory
13:34:19.493 [main] INFO org.evosuite.runtime.instrumentation.CreateClassResetClassAdapter -- Creating brand-new static initializer in class org/apache/logging/log4j/message/DefaultFlowMessageFactory
13:34:19.493 [main] INFO org.evosuite.runtime.instrumentation.CreateClassResetClassAdapter -- Adding bytecode for initializing field EXIT_DEFAULT_PREFIX
13:34:19.493 [main] INFO org.evosuite.runtime.instrumentation.CreateClassResetClassAdapter -- Adding bytecode for initializing field ENTRY_DEFAULT_PREFIX
13:34:19.493 [main] INFO org.evosuite.runtime.instrumentation.EvoClassLoader -- Keeping class: org.apache.logging.log4j.message.DefaultFlowMessageFactory
13:34:19.494 [main] INFO org.evosuite.runtime.instrumentation.EvoClassLoader -- Seeing class for first time: org.apache.logging.log4j.internal.DefaultLogBuilder
13:34:19.494 [main] INFO org.evosuite.runtime.instrumentation.EvoClassLoader -- Instrumenting class 'org.apache.logging.log4j.internal.DefaultLogBuilder'.
13:34:19.496 [main] INFO org.evosuite.runtime.instrumentation.MethodCallReplacementClassAdapter -- Adding mock interface to class org/apache/logging/log4j/internal/DefaultLogBuilder
13:34:19.499 [main] INFO org.evosuite.runtime.instrumentation.CreateClassResetClassAdapter -- Found static initializer in class org/apache/logging/log4j/internal/DefaultLogBuilder
13:34:19.500 [main] INFO org.evosuite.runtime.instrumentation.EvoClassLoader -- Defined package (3): package org.apache.logging.log4j.internal, -172792138
13:34:19.500 [main] INFO org.evosuite.runtime.instrumentation.EvoClassLoader -- Seeing class for first time: org.apache.logging.log4j.BridgeAware
13:34:19.500 [main] INFO org.evosuite.runtime.instrumentation.EvoClassLoader -- Instrumenting class 'org.apache.logging.log4j.BridgeAware'.
13:34:19.502 [main] INFO org.evosuite.runtime.instrumentation.EvoClassLoader -- Keeping class: org.apache.logging.log4j.BridgeAware
13:34:19.502 [main] INFO org.evosuite.runtime.instrumentation.EvoClassLoader -- Keeping class: org.apache.logging.log4j.internal.DefaultLogBuilder
13:34:19.505 [main] INFO org.evosuite.runtime.instrumentation.EvoClassLoader -- Seeing class for first time: org.apache.logging.log4j.message.ParameterizedNoReferenceMessageFactory
13:34:19.506 [main] INFO org.evosuite.runtime.instrumentation.EvoClassLoader -- Instrumenting class 'org.apache.logging.log4j.message.ParameterizedNoReferenceMessageFactory'.
13:34:19.507 [main] INFO org.evosuite.runtime.instrumentation.MethodCallReplacementClassAdapter -- Adding mock interface to class org/apache/logging/log4j/message/ParameterizedNoReferenceMessageFactory
13:34:19.507 [main] INFO org.evosuite.runtime.instrumentation.CreateClassResetClassAdapter -- Found static initializer in class org/apache/logging/log4j/message/ParameterizedNoReferenceMessageFactory
13:34:19.508 [main] INFO org.evosuite.runtime.instrumentation.EvoClassLoader -- Keeping class: org.apache.logging.log4j.message.ParameterizedNoReferenceMessageFactory
13:34:19.510 [main] INFO org.evosuite.runtime.instrumentation.EvoClassLoader -- Seeing class for first time: org.apache.logging.log4j.status.SimpleLoggerFactory
13:34:19.510 [main] INFO org.evosuite.runtime.instrumentation.EvoClassLoader -- Instrumenting class 'org.apache.logging.log4j.status.SimpleLoggerFactory'.
13:34:19.511 [main] INFO org.evosuite.runtime.instrumentation.MethodCallReplacementClassAdapter -- Adding mock interface to class org/apache/logging/log4j/status/SimpleLoggerFactory
13:34:19.513 [main] INFO org.evosuite.runtime.instrumentation.CreateClassResetClassAdapter -- Found static initializer in class org/apache/logging/log4j/status/SimpleLoggerFactory
13:34:19.513 [main] INFO org.evosuite.runtime.instrumentation.EvoClassLoader -- Defined package (3): package org.apache.logging.log4j.status, -1599399381
13:34:19.514 [main] INFO org.evosuite.runtime.instrumentation.EvoClassLoader -- Keeping class: org.apache.logging.log4j.status.SimpleLoggerFactory
13:34:19.514 [main] INFO org.evosuite.runtime.instrumentation.EvoClassLoader -- Seeing class for first time: org.apache.logging.log4j.simple.SimpleLogger
13:34:19.514 [main] INFO org.evosuite.runtime.instrumentation.EvoClassLoader -- Instrumenting class 'org.apache.logging.log4j.simple.SimpleLogger'.
13:34:19.516 [main] INFO org.evosuite.runtime.instrumentation.MethodCallReplacementClassAdapter -- Adding mock interface to class org/apache/logging/log4j/simple/SimpleLogger
13:34:19.522 [main] INFO org.evosuite.runtime.instrumentation.CreateClassResetClassAdapter -- Creating brand-new static initializer in class org/apache/logging/log4j/simple/SimpleLogger
13:34:19.522 [main] INFO org.evosuite.runtime.instrumentation.CreateClassResetClassAdapter -- Adding bytecode for initializing field SPACE
13:34:19.522 [main] INFO org.evosuite.runtime.instrumentation.EvoClassLoader -- Defined package (3): package org.apache.logging.log4j.simple, -1609204757
13:34:19.523 [main] INFO org.evosuite.runtime.instrumentation.EvoClassLoader -- Keeping class: org.apache.logging.log4j.simple.SimpleLogger
13:34:19.524 [main] INFO org.evosuite.runtime.instrumentation.EvoClassLoader -- Seeing class for first time: org.apache.logging.log4j.message.ExitMessage
13:34:19.524 [main] INFO org.evosuite.runtime.instrumentation.EvoClassLoader -- Instrumenting class 'org.apache.logging.log4j.message.ExitMessage'.
13:34:19.525 [main] INFO org.evosuite.runtime.instrumentation.EvoClassLoader -- Keeping class: org.apache.logging.log4j.message.ExitMessage
13:34:19.527 [main] INFO org.evosuite.runtime.instrumentation.EvoClassLoader -- Seeing class for first time: org.apache.logging.log4j.status.StatusLogger$BoundedQueue
13:34:19.527 [main] INFO org.evosuite.runtime.instrumentation.EvoClassLoader -- Instrumenting class 'org.apache.logging.log4j.status.StatusLogger$BoundedQueue'.
13:34:19.528 [main] INFO org.evosuite.runtime.instrumentation.MethodCallReplacementClassAdapter -- Adding mock interface to class org/apache/logging/log4j/status/StatusLogger$BoundedQueue
13:34:19.529 [main] INFO org.evosuite.runtime.instrumentation.CreateClassResetClassAdapter -- Creating brand-new static initializer in class org/apache/logging/log4j/status/StatusLogger$BoundedQueue
13:34:19.530 [main] INFO org.evosuite.runtime.instrumentation.EvoClassLoader -- Keeping class: org.apache.logging.log4j.status.StatusLogger$BoundedQueue
13:34:19.530 [main] INFO org.evosuite.runtime.instrumentation.EvoClassLoader -- Seeing class for first time: org.apache.logging.log4j.status.StatusLogger
13:34:19.530 [main] INFO org.evosuite.runtime.instrumentation.EvoClassLoader -- Instrumenting class 'org.apache.logging.log4j.status.StatusLogger'.
13:34:19.531 [main] INFO org.evosuite.runtime.instrumentation.MethodCallReplacementClassAdapter -- Adding mock interface to class org/apache/logging/log4j/status/StatusLogger
13:34:19.533 [main] INFO org.evosuite.runtime.instrumentation.CreateClassResetClassAdapter -- Found static initializer in class org/apache/logging/log4j/status/StatusLogger
13:34:19.534 [main] INFO org.evosuite.runtime.instrumentation.EvoClassLoader -- Keeping class: org.apache.logging.log4j.status.StatusLogger
13:34:19.537 [main] INFO org.evosuite.runtime.instrumentation.EvoClassLoader -- Seeing class for first time: org.apache.logging.log4j.spi.StandardLevel
13:34:19.537 [main] INFO org.evosuite.runtime.instrumentation.EvoClassLoader -- Instrumenting class 'org.apache.logging.log4j.spi.StandardLevel'.
13:34:19.538 [main] INFO org.evosuite.runtime.instrumentation.MethodCallReplacementClassAdapter -- Adding mock interface to class org/apache/logging/log4j/spi/StandardLevel
13:34:19.540 [main] INFO org.evosuite.runtime.instrumentation.CreateClassResetClassAdapter -- Found static initializer in class org/apache/logging/log4j/spi/StandardLevel
13:34:19.541 [main] INFO org.evosuite.runtime.instrumentation.EvoClassLoader -- Keeping class: org.apache.logging.log4j.spi.StandardLevel
13:34:19.548 [main] INFO org.evosuite.runtime.instrumentation.EvoClassLoader -- Seeing class for first time: org.apache.logging.log4j.status.StatusListener
13:34:19.548 [main] INFO org.evosuite.runtime.instrumentation.EvoClassLoader -- Instrumenting class 'org.apache.logging.log4j.status.StatusListener'.
13:34:19.550 [main] INFO org.evosuite.runtime.instrumentation.EvoClassLoader -- Keeping class: org.apache.logging.log4j.status.StatusListener
13:34:19.579 [main] INFO org.evosuite.runtime.instrumentation.EvoClassLoader -- Seeing class for first time: org.apache.logging.log4j.util.ProviderUtil
13:34:19.579 [main] INFO org.evosuite.runtime.instrumentation.EvoClassLoader -- Instrumenting class 'org.apache.logging.log4j.util.ProviderUtil'.
13:34:19.580 [main] INFO org.evosuite.runtime.instrumentation.MethodCallReplacementClassAdapter -- Adding mock interface to class org/apache/logging/log4j/util/ProviderUtil
13:34:19.583 [main] INFO org.evosuite.runtime.instrumentation.CreateClassResetClassAdapter -- Found static initializer in class org/apache/logging/log4j/util/ProviderUtil
13:34:19.584 [main] INFO org.evosuite.runtime.instrumentation.EvoClassLoader -- Keeping class: org.apache.logging.log4j.util.ProviderUtil
13:34:19.585 [main] INFO org.evosuite.runtime.instrumentation.EvoClassLoader -- Seeing class for first time: org.apache.logging.log4j.spi.Provider
13:34:19.585 [main] INFO org.evosuite.runtime.instrumentation.EvoClassLoader -- Instrumenting class 'org.apache.logging.log4j.spi.Provider'.
13:34:19.587 [main] INFO org.evosuite.runtime.instrumentation.MethodCallReplacementClassAdapter -- Adding mock interface to class org/apache/logging/log4j/spi/Provider
13:34:19.592 [main] INFO org.evosuite.runtime.instrumentation.CreateClassResetClassAdapter -- Found static initializer in class org/apache/logging/log4j/spi/Provider
13:34:19.592 [main] INFO org.evosuite.runtime.instrumentation.EvoClassLoader -- Keeping class: org.apache.logging.log4j.spi.Provider
13:34:19.594 [main] INFO org.evosuite.runtime.instrumentation.EvoClassLoader -- Seeing class for first time: org.apache.logging.log4j.core.impl.Log4jProvider
13:34:19.594 [main] INFO org.evosuite.runtime.instrumentation.EvoClassLoader -- Instrumenting class 'org.apache.logging.log4j.core.impl.Log4jProvider'.
13:34:19.595 [main] INFO org.evosuite.runtime.instrumentation.MethodCallReplacementClassAdapter -- Adding mock interface to class org/apache/logging/log4j/core/impl/Log4jProvider
13:34:19.596 [main] INFO org.evosuite.runtime.instrumentation.CreateClassResetClassAdapter -- Creating brand-new static initializer in class org/apache/logging/log4j/core/impl/Log4jProvider
13:34:19.596 [main] INFO org.evosuite.runtime.instrumentation.EvoClassLoader -- Defined package (3): package org.apache.logging.log4j.core.impl, 1098069558
13:34:19.597 [main] INFO org.evosuite.runtime.instrumentation.EvoClassLoader -- Keeping class: org.apache.logging.log4j.core.impl.Log4jProvider
13:34:19.597 [main] INFO org.evosuite.runtime.instrumentation.EvoClassLoader -- Seeing class for first time: org.apache.logging.log4j.core.util.Constants
13:34:19.597 [main] INFO org.evosuite.runtime.instrumentation.EvoClassLoader -- Instrumenting class 'org.apache.logging.log4j.core.util.Constants'.
13:34:19.598 [main] INFO org.evosuite.runtime.instrumentation.MethodCallReplacementClassAdapter -- Adding mock interface to class org/apache/logging/log4j/core/util/Constants
13:34:19.599 [main] INFO org.evosuite.runtime.instrumentation.CreateClassResetClassAdapter -- Found static initializer in class org/apache/logging/log4j/core/util/Constants
13:34:19.599 [main] INFO org.evosuite.runtime.instrumentation.EvoClassLoader -- Defined package (3): package org.apache.logging.log4j.core.util, 1098433560
13:34:19.600 [main] INFO org.evosuite.runtime.instrumentation.EvoClassLoader -- Keeping class: org.apache.logging.log4j.core.util.Constants
13:34:19.606 [main] INFO org.evosuite.runtime.instrumentation.EvoClassLoader -- Seeing class for first time: org.apache.logging.log4j.core.impl.Log4jContextFactory
13:34:19.606 [main] INFO org.evosuite.runtime.instrumentation.EvoClassLoader -- Instrumenting class 'org.apache.logging.log4j.core.impl.Log4jContextFactory'.
13:34:19.608 [main] INFO org.evosuite.runtime.instrumentation.MethodCallReplacementClassAdapter -- Adding mock interface to class org/apache/logging/log4j/core/impl/Log4jContextFactory
13:34:19.631 [main] INFO org.evosuite.runtime.instrumentation.CreateClassResetClassAdapter -- Found static initializer in class org/apache/logging/log4j/core/impl/Log4jContextFactory
13:34:19.632 [main] INFO org.evosuite.runtime.instrumentation.EvoClassLoader -- Seeing class for first time: org.apache.logging.log4j.spi.LoggerContextFactory
13:34:19.632 [main] INFO org.evosuite.runtime.instrumentation.EvoClassLoader -- Instrumenting class 'org.apache.logging.log4j.spi.LoggerContextFactory'.
13:34:19.634 [main] INFO org.evosuite.runtime.instrumentation.EvoClassLoader -- Keeping class: org.apache.logging.log4j.spi.LoggerContextFactory
13:34:19.635 [main] INFO org.evosuite.runtime.instrumentation.EvoClassLoader -- Seeing class for first time: org.apache.logging.log4j.core.util.ShutdownCallbackRegistry
13:34:19.635 [main] INFO org.evosuite.runtime.instrumentation.EvoClassLoader -- Instrumenting class 'org.apache.logging.log4j.core.util.ShutdownCallbackRegistry'.
13:34:19.637 [main] INFO org.evosuite.runtime.instrumentation.EvoClassLoader -- Keeping class: org.apache.logging.log4j.core.util.ShutdownCallbackRegistry
13:34:19.637 [main] INFO org.evosuite.runtime.instrumentation.EvoClassLoader -- Keeping class: org.apache.logging.log4j.core.impl.Log4jContextFactory
13:34:19.638 [main] INFO org.evosuite.runtime.instrumentation.EvoClassLoader -- Seeing class for first time: org.apache.logging.log4j.core.selector.ContextSelector
13:34:19.638 [main] INFO org.evosuite.runtime.instrumentation.EvoClassLoader -- Instrumenting class 'org.apache.logging.log4j.core.selector.ContextSelector'.
13:34:19.641 [main] INFO org.evosuite.runtime.instrumentation.EvoClassLoader -- Defined package (3): package org.apache.logging.log4j.core.selector, -1401697035
13:34:19.642 [main] INFO org.evosuite.runtime.instrumentation.EvoClassLoader -- Keeping class: org.apache.logging.log4j.core.selector.ContextSelector
13:34:19.642 [main] INFO org.evosuite.runtime.instrumentation.EvoClassLoader -- Seeing class for first time: org.apache.logging.log4j.core.config.Configuration
13:34:19.642 [main] INFO org.evosuite.runtime.instrumentation.EvoClassLoader -- Instrumenting class 'org.apache.logging.log4j.core.config.Configuration'.
13:34:19.646 [main] INFO org.evosuite.runtime.instrumentation.EvoClassLoader -- Defined package (3): package org.apache.logging.log4j.core.config, -1487099432
13:34:19.646 [main] INFO org.evosuite.runtime.instrumentation.EvoClassLoader -- Seeing class for first time: org.apache.logging.log4j.core.filter.Filterable
13:34:19.646 [main] INFO org.evosuite.runtime.instrumentation.EvoClassLoader -- Instrumenting class 'org.apache.logging.log4j.core.filter.Filterable'.
13:34:19.648 [main] INFO org.evosuite.runtime.instrumentation.EvoClassLoader -- Defined package (3): package org.apache.logging.log4j.core.filter, -1406799346
13:34:19.648 [main] INFO org.evosuite.runtime.instrumentation.EvoClassLoader -- Seeing class for first time: org.apache.logging.log4j.core.LifeCycle
13:34:19.649 [main] INFO org.evosuite.runtime.instrumentation.EvoClassLoader -- Instrumenting class 'org.apache.logging.log4j.core.LifeCycle'.
13:34:19.650 [main] INFO org.evosuite.runtime.instrumentation.EvoClassLoader -- Defined package (3): package org.apache.logging.log4j.core, -551865320
13:34:19.650 [main] INFO org.evosuite.runtime.instrumentation.EvoClassLoader -- Keeping class: org.apache.logging.log4j.core.LifeCycle
13:34:19.650 [main] INFO org.evosuite.runtime.instrumentation.EvoClassLoader -- Keeping class: org.apache.logging.log4j.core.filter.Filterable
13:34:19.650 [main] INFO org.evosuite.runtime.instrumentation.EvoClassLoader -- Keeping class: org.apache.logging.log4j.core.config.Configuration
13:34:19.650 [main] INFO org.evosuite.runtime.instrumentation.EvoClassLoader -- Seeing class for first time: org.apache.logging.log4j.core.util.Cancellable
13:34:19.650 [main] INFO org.evosuite.runtime.instrumentation.EvoClassLoader -- Instrumenting class 'org.apache.logging.log4j.core.util.Cancellable'.
13:34:19.651 [main] INFO org.evosuite.runtime.instrumentation.EvoClassLoader -- Keeping class: org.apache.logging.log4j.core.util.Cancellable
13:34:19.652 [main] INFO org.evosuite.runtime.instrumentation.EvoClassLoader -- Seeing class for first time: org.apache.logging.log4j.core.config.ConfigurationSource
13:34:19.652 [main] INFO org.evosuite.runtime.instrumentation.EvoClassLoader -- Instrumenting class 'org.apache.logging.log4j.core.config.ConfigurationSource'.
13:34:19.653 [main] INFO org.evosuite.runtime.instrumentation.MethodCallReplacementClassAdapter -- Adding mock interface to class org/apache/logging/log4j/core/config/ConfigurationSource
13:34:19.658 [main] INFO org.evosuite.runtime.instrumentation.CreateClassResetClassAdapter -- Found static initializer in class org/apache/logging/log4j/core/config/ConfigurationSource
13:34:19.660 [main] INFO org.evosuite.runtime.instrumentation.EvoClassLoader -- Keeping class: org.apache.logging.log4j.core.config.ConfigurationSource
13:34:19.660 [main] INFO org.evosuite.runtime.instrumentation.EvoClassLoader -- Seeing class for first time: org.apache.logging.log4j.core.LoggerContext
13:34:19.660 [main] INFO org.evosuite.runtime.instrumentation.EvoClassLoader -- Instrumenting class 'org.apache.logging.log4j.core.LoggerContext'.
13:34:19.662 [main] INFO org.evosuite.runtime.instrumentation.MethodCallReplacementClassAdapter -- Adding mock interface to class org/apache/logging/log4j/core/LoggerContext
13:34:19.676 [main] INFO org.evosuite.runtime.instrumentation.CreateClassResetClassAdapter -- Found static initializer in class org/apache/logging/log4j/core/LoggerContext
13:34:19.678 [main] INFO org.evosuite.runtime.instrumentation.EvoClassLoader -- Seeing class for first time: org.apache.logging.log4j.spi.Terminable
13:34:19.678 [main] INFO org.evosuite.runtime.instrumentation.EvoClassLoader -- Instrumenting class 'org.apache.logging.log4j.spi.Terminable'.
13:34:19.680 [main] INFO org.evosuite.runtime.instrumentation.EvoClassLoader -- Keeping class: org.apache.logging.log4j.spi.Terminable
13:34:19.681 [main] INFO org.evosuite.runtime.instrumentation.EvoClassLoader -- Seeing class for first time: org.apache.logging.log4j.core.config.ConfigurationListener
13:34:19.681 [main] INFO org.evosuite.runtime.instrumentation.EvoClassLoader -- Instrumenting class 'org.apache.logging.log4j.core.config.ConfigurationListener'.
13:34:19.683 [main] INFO org.evosuite.runtime.instrumentation.EvoClassLoader -- Keeping class: org.apache.logging.log4j.core.config.ConfigurationListener
13:34:19.683 [main] INFO org.evosuite.runtime.instrumentation.EvoClassLoader -- Seeing class for first time: org.apache.logging.log4j.spi.LoggerContextShutdownEnabled
13:34:19.683 [main] INFO org.evosuite.runtime.instrumentation.EvoClassLoader -- Instrumenting class 'org.apache.logging.log4j.spi.LoggerContextShutdownEnabled'.
13:34:19.685 [main] INFO org.evosuite.runtime.instrumentation.EvoClassLoader -- Keeping class: org.apache.logging.log4j.spi.LoggerContextShutdownEnabled
13:34:19.685 [main] INFO org.evosuite.runtime.instrumentation.EvoClassLoader -- Seeing class for first time: org.apache.logging.log4j.core.AbstractLifeCycle
13:34:19.685 [main] INFO org.evosuite.runtime.instrumentation.EvoClassLoader -- Instrumenting class 'org.apache.logging.log4j.core.AbstractLifeCycle'.
13:34:19.686 [main] INFO org.evosuite.runtime.instrumentation.MethodCallReplacementClassAdapter -- Adding mock interface to class org/apache/logging/log4j/core/AbstractLifeCycle
13:34:19.688 [main] INFO org.evosuite.runtime.instrumentation.CreateClassResetClassAdapter -- Found static initializer in class org/apache/logging/log4j/core/AbstractLifeCycle
13:34:19.689 [main] INFO org.evosuite.runtime.instrumentation.EvoClassLoader -- Seeing class for first time: org.apache.logging.log4j.core.LifeCycle2
13:34:19.689 [main] INFO org.evosuite.runtime.instrumentation.EvoClassLoader -- Instrumenting class 'org.apache.logging.log4j.core.LifeCycle2'.
13:34:19.691 [main] INFO org.evosuite.runtime.instrumentation.EvoClassLoader -- Keeping class: org.apache.logging.log4j.core.LifeCycle2
13:34:19.691 [main] INFO org.evosuite.runtime.instrumentation.EvoClassLoader -- Keeping class: org.apache.logging.log4j.core.AbstractLifeCycle
13:34:19.691 [main] INFO org.evosuite.runtime.instrumentation.EvoClassLoader -- Keeping class: org.apache.logging.log4j.core.LoggerContext
13:34:19.693 [main] INFO org.evosuite.runtime.instrumentation.EvoClassLoader -- Seeing class for first time: org.apache.logging.log4j.core.util.Loader
13:34:19.693 [main] INFO org.evosuite.runtime.instrumentation.EvoClassLoader -- Instrumenting class 'org.apache.logging.log4j.core.util.Loader'.
13:34:19.695 [main] INFO org.evosuite.runtime.instrumentation.MethodCallReplacementClassAdapter -- Adding mock interface to class org/apache/logging/log4j/core/util/Loader
13:34:19.700 [main] INFO org.evosuite.runtime.instrumentation.CreateClassResetClassAdapter -- Found static initializer in class org/apache/logging/log4j/core/util/Loader
13:34:19.701 [main] INFO org.evosuite.runtime.instrumentation.EvoClassLoader -- Keeping class: org.apache.logging.log4j.core.util.Loader
13:34:19.703 [main] INFO org.evosuite.runtime.instrumentation.EvoClassLoader -- Seeing class for first time: org.apache.logging.log4j.core.selector.ClassLoaderContextSelector
13:34:19.703 [main] INFO org.evosuite.runtime.instrumentation.EvoClassLoader -- Instrumenting class 'org.apache.logging.log4j.core.selector.ClassLoaderContextSelector'.
13:34:19.705 [main] INFO org.evosuite.runtime.instrumentation.MethodCallReplacementClassAdapter -- Adding mock interface to class org/apache/logging/log4j/core/selector/ClassLoaderContextSelector
13:34:19.708 [main] INFO org.evosuite.runtime.instrumentation.CreateClassResetClassAdapter -- Found static initializer in class org/apache/logging/log4j/core/selector/ClassLoaderContextSelector
13:34:19.709 [main] INFO org.evosuite.runtime.instrumentation.EvoClassLoader -- Keeping class: org.apache.logging.log4j.core.selector.ClassLoaderContextSelector
13:34:19.711 [main] INFO org.evosuite.runtime.instrumentation.EvoClassLoader -- Seeing class for first time: org.apache.logging.log4j.core.util.DefaultShutdownCallbackRegistry
13:34:19.711 [main] INFO org.evosuite.runtime.instrumentation.EvoClassLoader -- Instrumenting class 'org.apache.logging.log4j.core.util.DefaultShutdownCallbackRegistry'.
13:34:19.712 [main] INFO org.evosuite.runtime.instrumentation.MethodCallReplacementClassAdapter -- Adding mock interface to class org/apache/logging/log4j/core/util/DefaultShutdownCallbackRegistry
13:34:19.717 [main] INFO org.evosuite.runtime.instrumentation.CreateClassResetClassAdapter -- Found static initializer in class org/apache/logging/log4j/core/util/DefaultShutdownCallbackRegistry
13:34:19.718 [main] INFO org.evosuite.runtime.instrumentation.EvoClassLoader -- Keeping class: org.apache.logging.log4j.core.util.DefaultShutdownCallbackRegistry
13:34:19.719 [main] INFO org.evosuite.runtime.instrumentation.EvoClassLoader -- Seeing class for first time: org.apache.logging.log4j.core.LifeCycle$State
13:34:19.720 [main] INFO org.evosuite.runtime.instrumentation.EvoClassLoader -- Instrumenting class 'org.apache.logging.log4j.core.LifeCycle$State'.
13:34:19.721 [main] INFO org.evosuite.runtime.instrumentation.MethodCallReplacementClassAdapter -- Adding mock interface to class org/apache/logging/log4j/core/LifeCycle$State
13:34:19.722 [main] INFO org.evosuite.runtime.instrumentation.CreateClassResetClassAdapter -- Found static initializer in class org/apache/logging/log4j/core/LifeCycle$State
13:34:19.723 [main] INFO org.evosuite.runtime.instrumentation.EvoClassLoader -- Keeping class: org.apache.logging.log4j.core.LifeCycle$State
13:34:19.725 [main] INFO org.evosuite.runtime.instrumentation.EvoClassLoader -- Seeing class for first time: org.apache.logging.log4j.internal.LogManagerStatus
13:34:19.725 [main] INFO org.evosuite.runtime.instrumentation.EvoClassLoader -- Instrumenting class 'org.apache.logging.log4j.internal.LogManagerStatus'.
13:34:19.726 [main] INFO org.evosuite.runtime.instrumentation.MethodCallReplacementClassAdapter -- Adding mock interface to class org/apache/logging/log4j/internal/LogManagerStatus
13:34:19.727 [main] INFO org.evosuite.runtime.instrumentation.CreateClassResetClassAdapter -- Found static initializer in class org/apache/logging/log4j/internal/LogManagerStatus
13:34:19.728 [main] INFO org.evosuite.runtime.instrumentation.EvoClassLoader -- Keeping class: org.apache.logging.log4j.internal.LogManagerStatus
13:34:19.729 [main] INFO org.evosuite.runtime.instrumentation.EvoClassLoader -- Seeing class for first time: org.apache.logging.log4j.LogManager
13:34:19.729 [main] INFO org.evosuite.runtime.instrumentation.EvoClassLoader -- Instrumenting class 'org.apache.logging.log4j.LogManager'.
13:34:19.731 [main] INFO org.evosuite.runtime.instrumentation.MethodCallReplacementClassAdapter -- Adding mock interface to class org/apache/logging/log4j/LogManager
13:34:19.733 [main] INFO org.evosuite.runtime.instrumentation.CreateClassResetClassAdapter -- Found static initializer in class org/apache/logging/log4j/LogManager
13:34:19.735 [main] INFO org.evosuite.runtime.instrumentation.EvoClassLoader -- Keeping class: org.apache.logging.log4j.LogManager
13:34:19.744 [main] INFO org.evosuite.runtime.instrumentation.EvoClassLoader -- Seeing class for first time: org.apache.logging.log4j.util.StackLocator
13:34:19.745 [main] INFO org.evosuite.runtime.instrumentation.EvoClassLoader -- Instrumenting class 'org.apache.logging.log4j.util.StackLocator'.
13:34:19.746 [main] INFO org.evosuite.runtime.instrumentation.MethodCallReplacementClassAdapter -- Adding mock interface to class org/apache/logging/log4j/util/StackLocator
13:34:19.750 [main] INFO org.evosuite.runtime.instrumentation.CreateClassResetClassAdapter -- Found static initializer in class org/apache/logging/log4j/util/StackLocator
13:34:19.753 [main] INFO org.evosuite.runtime.instrumentation.EvoClassLoader -- Keeping class: org.apache.logging.log4j.util.StackLocator
13:34:19.755 [main] INFO org.evosuite.runtime.instrumentation.EvoClassLoader -- Seeing class for first time: org.apache.logging.log4j.util.StackLocatorUtil
13:34:19.756 [main] INFO org.evosuite.runtime.instrumentation.EvoClassLoader -- Instrumenting class 'org.apache.logging.log4j.util.StackLocatorUtil'.
13:34:19.756 [main] INFO org.evosuite.runtime.instrumentation.MethodCallReplacementClassAdapter -- Adding mock interface to class org/apache/logging/log4j/util/StackLocatorUtil
13:34:19.757 [main] INFO org.evosuite.runtime.instrumentation.CreateClassResetClassAdapter -- Found static initializer in class org/apache/logging/log4j/util/StackLocatorUtil
13:34:19.760 [main] INFO org.evosuite.runtime.instrumentation.EvoClassLoader -- Keeping class: org.apache.logging.log4j.util.StackLocatorUtil
13:34:19.763 [main] INFO org.evosuite.runtime.instrumentation.EvoClassLoader -- Seeing class for first time: org.apache.logging.log4j.core.filter.AbstractFilterable
13:34:19.764 [main] INFO org.evosuite.runtime.instrumentation.EvoClassLoader -- Instrumenting class 'org.apache.logging.log4j.core.filter.AbstractFilterable'.
13:34:19.765 [main] INFO org.evosuite.runtime.instrumentation.MethodCallReplacementClassAdapter -- Adding mock interface to class org/apache/logging/log4j/core/filter/AbstractFilterable
13:34:19.766 [main] INFO org.evosuite.runtime.instrumentation.CreateClassResetClassAdapter -- Creating brand-new static initializer in class org/apache/logging/log4j/core/filter/AbstractFilterable
13:34:19.766 [main] INFO org.evosuite.runtime.instrumentation.EvoClassLoader -- Keeping class: org.apache.logging.log4j.core.filter.AbstractFilterable
13:34:19.767 [main] INFO org.evosuite.runtime.instrumentation.EvoClassLoader -- Seeing class for first time: org.apache.logging.log4j.core.Filter
13:34:19.767 [main] INFO org.evosuite.runtime.instrumentation.EvoClassLoader -- Instrumenting class 'org.apache.logging.log4j.core.Filter'.
13:34:19.782 [main] INFO org.evosuite.runtime.instrumentation.EvoClassLoader -- Keeping class: org.apache.logging.log4j.core.Filter
13:34:19.783 [main] INFO org.evosuite.runtime.instrumentation.EvoClassLoader -- Seeing class for first time: org.apache.logging.log4j.core.LogEvent
13:34:19.783 [main] INFO org.evosuite.runtime.instrumentation.EvoClassLoader -- Instrumenting class 'org.apache.logging.log4j.core.LogEvent'.
13:34:19.785 [main] INFO org.evosuite.runtime.instrumentation.EvoClassLoader -- Keeping class: org.apache.logging.log4j.core.LogEvent
13:34:19.786 [main] INFO org.evosuite.runtime.instrumentation.EvoClassLoader -- Seeing class for first time: org.apache.logging.log4j.core.config.Property
13:34:19.786 [main] INFO org.evosuite.runtime.instrumentation.EvoClassLoader -- Instrumenting class 'org.apache.logging.log4j.core.config.Property'.
13:34:19.787 [main] INFO org.evosuite.runtime.instrumentation.MethodCallReplacementClassAdapter -- Adding mock interface to class org/apache/logging/log4j/core/config/Property
13:34:19.791 [main] INFO org.evosuite.runtime.instrumentation.CreateClassResetClassAdapter -- Found static initializer in class org/apache/logging/log4j/core/config/Property
13:34:19.792 [main] INFO org.evosuite.runtime.instrumentation.EvoClassLoader -- Keeping class: org.apache.logging.log4j.core.config.Property
13:34:19.793 [main] INFO org.evosuite.runtime.instrumentation.EvoClassLoader -- Seeing class for first time: org.apache.logging.log4j.core.config.AbstractConfiguration
13:34:19.793 [main] INFO org.evosuite.runtime.instrumentation.EvoClassLoader -- Instrumenting class 'org.apache.logging.log4j.core.config.AbstractConfiguration'.
13:34:19.796 [main] INFO org.evosuite.runtime.instrumentation.MethodCallReplacementClassAdapter -- Adding mock interface to class org/apache/logging/log4j/core/config/AbstractConfiguration
13:34:19.805 [main] INFO org.evosuite.runtime.instrumentation.CreateClassResetClassAdapter -- Creating brand-new static initializer in class org/apache/logging/log4j/core/config/AbstractConfiguration
13:34:19.805 [main] INFO org.evosuite.runtime.instrumentation.CreateClassResetClassAdapter -- Adding bytecode for initializing field BUF_SIZE
13:34:19.806 [main] INFO org.evosuite.runtime.instrumentation.EvoClassLoader -- Keeping class: org.apache.logging.log4j.core.config.AbstractConfiguration
13:34:19.807 [main] INFO org.evosuite.runtime.instrumentation.EvoClassLoader -- Seeing class for first time: org.apache.logging.log4j.core.lookup.StrSubstitutor
13:34:19.807 [main] INFO org.evosuite.runtime.instrumentation.EvoClassLoader -- Instrumenting class 'org.apache.logging.log4j.core.lookup.StrSubstitutor'.
13:34:19.809 [main] INFO org.evosuite.runtime.instrumentation.MethodCallReplacementClassAdapter -- Adding mock interface to class org/apache/logging/log4j/core/lookup/StrSubstitutor
13:34:19.820 [main] INFO org.evosuite.runtime.instrumentation.CreateClassResetClassAdapter -- Found static initializer in class org/apache/logging/log4j/core/lookup/StrSubstitutor
13:34:19.821 [main] INFO org.evosuite.runtime.instrumentation.EvoClassLoader -- Defined package (3): package org.apache.logging.log4j.core.lookup, -1229402096
13:34:19.822 [main] INFO org.evosuite.runtime.instrumentation.EvoClassLoader -- Seeing class for first time: org.apache.logging.log4j.core.config.ConfigurationAware
13:34:19.822 [main] INFO org.evosuite.runtime.instrumentation.EvoClassLoader -- Instrumenting class 'org.apache.logging.log4j.core.config.ConfigurationAware'.
13:34:19.825 [main] INFO org.evosuite.runtime.instrumentation.EvoClassLoader -- Keeping class: org.apache.logging.log4j.core.config.ConfigurationAware
13:34:19.825 [main] INFO org.evosuite.runtime.instrumentation.EvoClassLoader -- Keeping class: org.apache.logging.log4j.core.lookup.StrSubstitutor
13:34:19.825 [main] INFO org.evosuite.runtime.instrumentation.EvoClassLoader -- Seeing class for first time: org.apache.logging.log4j.core.lookup.ConfigurationStrSubstitutor
13:34:19.826 [main] INFO org.evosuite.runtime.instrumentation.EvoClassLoader -- Instrumenting class 'org.apache.logging.log4j.core.lookup.ConfigurationStrSubstitutor'.
13:34:19.827 [main] INFO org.evosuite.runtime.instrumentation.MethodCallReplacementClassAdapter -- Adding mock interface to class org/apache/logging/log4j/core/lookup/ConfigurationStrSubstitutor
13:34:19.828 [main] INFO org.evosuite.runtime.instrumentation.CreateClassResetClassAdapter -- Creating brand-new static initializer in class org/apache/logging/log4j/core/lookup/ConfigurationStrSubstitutor
13:34:19.829 [main] INFO org.evosuite.runtime.instrumentation.EvoClassLoader -- Keeping class: org.apache.logging.log4j.core.lookup.ConfigurationStrSubstitutor
13:34:19.829 [main] INFO org.evosuite.runtime.instrumentation.EvoClassLoader -- Seeing class for first time: org.apache.logging.log4j.core.lookup.StrLookup
13:34:19.830 [main] INFO org.evosuite.runtime.instrumentation.EvoClassLoader -- Instrumenting class 'org.apache.logging.log4j.core.lookup.StrLookup'.
13:34:19.831 [main] INFO org.evosuite.runtime.instrumentation.EvoClassLoader -- Keeping class: org.apache.logging.log4j.core.lookup.StrLookup
13:34:19.832 [main] INFO org.evosuite.runtime.instrumentation.EvoClassLoader -- Seeing class for first time: org.apache.logging.log4j.core.async.AsyncLoggerConfigDelegate
13:34:19.832 [main] INFO org.evosuite.runtime.instrumentation.EvoClassLoader -- Instrumenting class 'org.apache.logging.log4j.core.async.AsyncLoggerConfigDelegate'.
13:34:19.834 [main] INFO org.evosuite.runtime.instrumentation.EvoClassLoader -- Defined package (3): package org.apache.logging.log4j.core.async, -326782682
13:34:19.834 [main] INFO org.evosuite.runtime.instrumentation.EvoClassLoader -- Keeping class: org.apache.logging.log4j.core.async.AsyncLoggerConfigDelegate
13:34:19.834 [main] INFO org.evosuite.runtime.instrumentation.EvoClassLoader -- Seeing class for first time: org.apache.logging.log4j.core.util.Watcher
13:34:19.834 [main] INFO org.evosuite.runtime.instrumentation.EvoClassLoader -- Instrumenting class 'org.apache.logging.log4j.core.util.Watcher'.
13:34:19.836 [main] INFO org.evosuite.runtime.instrumentation.EvoClassLoader -- Keeping class: org.apache.logging.log4j.core.util.Watcher
13:34:19.836 [main] INFO org.evosuite.runtime.instrumentation.EvoClassLoader -- Seeing class for first time: org.apache.logging.log4j.core.Layout
13:34:19.836 [main] INFO org.evosuite.runtime.instrumentation.EvoClassLoader -- Instrumenting class 'org.apache.logging.log4j.core.Layout'.
13:34:19.837 [main] INFO org.evosuite.runtime.instrumentation.EvoClassLoader -- Seeing class for first time: org.apache.logging.log4j.core.layout.Encoder
13:34:19.838 [main] INFO org.evosuite.runtime.instrumentation.EvoClassLoader -- Instrumenting class 'org.apache.logging.log4j.core.layout.Encoder'.
13:34:19.839 [main] INFO org.evosuite.runtime.instrumentation.EvoClassLoader -- Defined package (3): package org.apache.logging.log4j.core.layout, -1242029632
13:34:19.840 [main] INFO org.evosuite.runtime.instrumentation.EvoClassLoader -- Keeping class: org.apache.logging.log4j.core.layout.Encoder
13:34:19.841 [main] INFO org.evosuite.runtime.instrumentation.EvoClassLoader -- Keeping class: org.apache.logging.log4j.core.Layout
13:34:19.841 [main] INFO org.evosuite.runtime.instrumentation.EvoClassLoader -- Seeing class for first time: org.apache.logging.log4j.core.Appender
13:34:19.841 [main] INFO org.evosuite.runtime.instrumentation.EvoClassLoader -- Instrumenting class 'org.apache.logging.log4j.core.Appender'.
13:34:19.843 [main] INFO org.evosuite.runtime.instrumentation.EvoClassLoader -- Keeping class: org.apache.logging.log4j.core.Appender
13:34:19.844 [main] INFO org.evosuite.runtime.instrumentation.EvoClassLoader -- Seeing class for first time: org.apache.logging.log4j.core.net.Advertiser
13:34:19.844 [main] INFO org.evosuite.runtime.instrumentation.EvoClassLoader -- Instrumenting class 'org.apache.logging.log4j.core.net.Advertiser'.
13:34:19.845 [main] INFO org.evosuite.runtime.instrumentation.EvoClassLoader -- Defined package (3): package org.apache.logging.log4j.core.net, -1211499833
13:34:19.845 [main] INFO org.evosuite.runtime.instrumentation.EvoClassLoader -- Keeping class: org.apache.logging.log4j.core.net.Advertiser
13:34:19.846 [main] INFO org.evosuite.runtime.instrumentation.EvoClassLoader -- Seeing class for first time: org.apache.logging.log4j.core.lookup.RuntimeStrSubstitutor
13:34:19.846 [main] INFO org.evosuite.runtime.instrumentation.EvoClassLoader -- Instrumenting class 'org.apache.logging.log4j.core.lookup.RuntimeStrSubstitutor'.
13:34:19.847 [main] INFO org.evosuite.runtime.instrumentation.MethodCallReplacementClassAdapter -- Adding mock interface to class org/apache/logging/log4j/core/lookup/RuntimeStrSubstitutor
13:34:19.848 [main] INFO org.evosuite.runtime.instrumentation.CreateClassResetClassAdapter -- Creating brand-new static initializer in class org/apache/logging/log4j/core/lookup/RuntimeStrSubstitutor
13:34:19.849 [main] INFO org.evosuite.runtime.instrumentation.EvoClassLoader -- Keeping class: org.apache.logging.log4j.core.lookup.RuntimeStrSubstitutor
13:34:19.849 [main] INFO org.evosuite.runtime.instrumentation.EvoClassLoader -- Seeing class for first time: org.apache.logging.log4j.core.util.NanoClock
13:34:19.849 [main] INFO org.evosuite.runtime.instrumentation.EvoClassLoader -- Instrumenting class 'org.apache.logging.log4j.core.util.NanoClock'.
13:34:19.851 [main] INFO org.evosuite.runtime.instrumentation.EvoClassLoader -- Keeping class: org.apache.logging.log4j.core.util.NanoClock
13:34:19.853 [main] INFO org.evosuite.runtime.instrumentation.EvoClassLoader -- Seeing class for first time: org.apache.logging.log4j.core.config.LoggerConfig
13:34:19.853 [main] INFO org.evosuite.runtime.instrumentation.EvoClassLoader -- Instrumenting class 'org.apache.logging.log4j.core.config.LoggerConfig'.
13:34:19.855 [main] INFO org.evosuite.runtime.instrumentation.MethodCallReplacementClassAdapter -- Adding mock interface to class org/apache/logging/log4j/core/config/LoggerConfig
13:34:19.859 [main] INFO org.evosuite.runtime.instrumentation.CreateClassResetClassAdapter -- Found static initializer in class org/apache/logging/log4j/core/config/LoggerConfig
13:34:19.862 [main] INFO org.evosuite.runtime.instrumentation.EvoClassLoader -- Seeing class for first time: org.apache.logging.log4j.core.impl.LocationAware
13:34:19.862 [main] INFO org.evosuite.runtime.instrumentation.EvoClassLoader -- Instrumenting class 'org.apache.logging.log4j.core.impl.LocationAware'.
13:34:19.864 [main] INFO org.evosuite.runtime.instrumentation.EvoClassLoader -- Keeping class: org.apache.logging.log4j.core.impl.LocationAware
13:34:19.864 [main] INFO org.evosuite.runtime.instrumentation.EvoClassLoader -- Keeping class: org.apache.logging.log4j.core.config.LoggerConfig
13:34:19.864 [main] INFO org.evosuite.runtime.instrumentation.EvoClassLoader -- Seeing class for first time: org.apache.logging.log4j.core.Logger
13:34:19.864 [main] INFO org.evosuite.runtime.instrumentation.EvoClassLoader -- Instrumenting class 'org.apache.logging.log4j.core.Logger'.
13:34:19.865 [main] INFO org.evosuite.runtime.instrumentation.MethodCallReplacementClassAdapter -- Adding mock interface to class org/apache/logging/log4j/core/Logger
13:34:19.870 [main] INFO org.evosuite.runtime.instrumentation.CreateClassResetClassAdapter -- Creating brand-new static initializer in class org/apache/logging/log4j/core/Logger
13:34:19.871 [main] INFO org.evosuite.runtime.instrumentation.EvoClassLoader -- Keeping class: org.apache.logging.log4j.core.Logger
13:34:19.872 [main] INFO org.evosuite.runtime.instrumentation.EvoClassLoader -- Seeing class for first time: org.apache.logging.log4j.core.config.Node
13:34:19.872 [main] INFO org.evosuite.runtime.instrumentation.EvoClassLoader -- Instrumenting class 'org.apache.logging.log4j.core.config.Node'.
13:34:19.873 [main] INFO org.evosuite.runtime.instrumentation.MethodCallReplacementClassAdapter -- Adding mock interface to class org/apache/logging/log4j/core/config/Node
13:34:19.875 [main] INFO org.evosuite.runtime.instrumentation.CreateClassResetClassAdapter -- Creating brand-new static initializer in class org/apache/logging/log4j/core/config/Node
13:34:19.875 [main] INFO org.evosuite.runtime.instrumentation.CreateClassResetClassAdapter -- Adding bytecode for initializing field CATEGORY
13:34:19.875 [main] INFO org.evosuite.runtime.instrumentation.EvoClassLoader -- Keeping class: org.apache.logging.log4j.core.config.Node
13:34:19.876 [main] INFO org.evosuite.runtime.instrumentation.EvoClassLoader -- Seeing class for first time: org.apache.logging.log4j.core.config.ConfigurationScheduler
13:34:19.876 [main] INFO org.evosuite.runtime.instrumentation.EvoClassLoader -- Instrumenting class 'org.apache.logging.log4j.core.config.ConfigurationScheduler'.
13:34:19.877 [main] INFO org.evosuite.runtime.instrumentation.MethodCallReplacementClassAdapter -- Adding mock interface to class org/apache/logging/log4j/core/config/ConfigurationScheduler
13:34:19.881 [main] INFO org.evosuite.runtime.instrumentation.CreateClassResetClassAdapter -- Found static initializer in class org/apache/logging/log4j/core/config/ConfigurationScheduler
13:34:19.882 [main] INFO org.evosuite.runtime.instrumentation.EvoClassLoader -- Keeping class: org.apache.logging.log4j.core.config.ConfigurationScheduler
13:34:19.883 [main] INFO org.evosuite.runtime.instrumentation.EvoClassLoader -- Seeing class for first time: org.apache.logging.log4j.core.script.ScriptManager
13:34:19.883 [main] INFO org.evosuite.runtime.instrumentation.EvoClassLoader -- Instrumenting class 'org.apache.logging.log4j.core.script.ScriptManager'.
13:34:19.884 [main] INFO org.evosuite.runtime.instrumentation.MethodCallReplacementClassAdapter -- Adding mock interface to class org/apache/logging/log4j/core/script/ScriptManager
13:34:19.887 [main] INFO org.evosuite.runtime.instrumentation.CreateClassResetClassAdapter -- Found static initializer in class org/apache/logging/log4j/core/script/ScriptManager
13:34:19.888 [main] INFO org.evosuite.runtime.instrumentation.EvoClassLoader -- Defined package (3): package org.apache.logging.log4j.core.script, -1039992991
13:34:19.888 [main] INFO org.evosuite.runtime.instrumentation.EvoClassLoader -- Seeing class for first time: org.apache.logging.log4j.core.util.FileWatcher
13:34:19.888 [main] INFO org.evosuite.runtime.instrumentation.EvoClassLoader -- Instrumenting class 'org.apache.logging.log4j.core.util.FileWatcher'.
13:34:19.890 [main] INFO org.evosuite.runtime.instrumentation.EvoClassLoader -- Keeping class: org.apache.logging.log4j.core.util.FileWatcher
13:34:19.890 [main] INFO org.evosuite.runtime.instrumentation.EvoClassLoader -- Keeping class: org.apache.logging.log4j.core.script.ScriptManager
13:34:19.891 [main] INFO org.evosuite.runtime.instrumentation.EvoClassLoader -- Seeing class for first time: org.apache.logging.log4j.core.async.AsyncWaitStrategyFactory
13:34:19.891 [main] INFO org.evosuite.runtime.instrumentation.EvoClassLoader -- Instrumenting class 'org.apache.logging.log4j.core.async.AsyncWaitStrategyFactory'.
13:34:19.892 [main] INFO org.evosuite.runtime.instrumentation.EvoClassLoader -- Keeping class: org.apache.logging.log4j.core.async.AsyncWaitStrategyFactory
13:34:19.893 [main] INFO org.evosuite.runtime.instrumentation.EvoClassLoader -- Seeing class for first time: org.apache.logging.log4j.core.util.WatchManager
13:34:19.893 [main] INFO org.evosuite.runtime.instrumentation.EvoClassLoader -- Instrumenting class 'org.apache.logging.log4j.core.util.WatchManager'.
13:34:19.895 [main] INFO org.evosuite.runtime.instrumentation.MethodCallReplacementClassAdapter -- Adding mock interface to class org/apache/logging/log4j/core/util/WatchManager
13:34:19.901 [main] INFO org.evosuite.runtime.instrumentation.CreateClassResetClassAdapter -- Found static initializer in class org/apache/logging/log4j/core/util/WatchManager
13:34:19.901 [main] INFO org.evosuite.runtime.instrumentation.EvoClassLoader -- Keeping class: org.apache.logging.log4j.core.util.WatchManager
13:34:19.901 [main] INFO org.evosuite.runtime.instrumentation.EvoClassLoader -- Seeing class for first time: org.apache.logging.log4j.core.config.ReliabilityStrategy
13:34:19.901 [main] INFO org.evosuite.runtime.instrumentation.EvoClassLoader -- Instrumenting class 'org.apache.logging.log4j.core.config.ReliabilityStrategy'.
13:34:19.902 [main] INFO org.evosuite.runtime.instrumentation.EvoClassLoader -- Keeping class: org.apache.logging.log4j.core.config.ReliabilityStrategy
13:34:19.902 [main] INFO org.evosuite.runtime.instrumentation.EvoClassLoader -- Seeing class for first time: org.apache.logging.log4j.core.config.plugins.util.PluginManager
13:34:19.902 [main] INFO org.evosuite.runtime.instrumentation.EvoClassLoader -- Instrumenting class 'org.apache.logging.log4j.core.config.plugins.util.PluginManager'.
13:34:19.903 [main] INFO org.evosuite.runtime.instrumentation.MethodCallReplacementClassAdapter -- Adding mock interface to class org/apache/logging/log4j/core/config/plugins/util/PluginManager
13:34:19.904 [main] INFO org.evosuite.runtime.instrumentation.CreateClassResetClassAdapter -- Found static initializer in class org/apache/logging/log4j/core/config/plugins/util/PluginManager
13:34:19.904 [main] INFO org.evosuite.runtime.instrumentation.EvoClassLoader -- Defined package (3): package org.apache.logging.log4j.core.config.plugins.util, -1619151386
13:34:19.904 [main] INFO org.evosuite.runtime.instrumentation.EvoClassLoader -- Keeping class: org.apache.logging.log4j.core.config.plugins.util.PluginManager
13:34:19.904 [main] INFO org.evosuite.runtime.instrumentation.EvoClassLoader -- Seeing class for first time: org.apache.logging.log4j.core.config.Reconfigurable
13:34:19.904 [main] INFO org.evosuite.runtime.instrumentation.EvoClassLoader -- Instrumenting class 'org.apache.logging.log4j.core.config.Reconfigurable'.
13:34:19.905 [main] INFO org.evosuite.runtime.instrumentation.EvoClassLoader -- Keeping class: org.apache.logging.log4j.core.config.Reconfigurable
13:34:19.905 [main] INFO org.evosuite.runtime.instrumentation.EvoClassLoader -- Seeing class for first time: org.apache.logging.log4j.core.config.plugins.util.PluginType
13:34:19.905 [main] INFO org.evosuite.runtime.instrumentation.EvoClassLoader -- Instrumenting class 'org.apache.logging.log4j.core.config.plugins.util.PluginType'.
13:34:19.906 [main] INFO org.evosuite.runtime.instrumentation.MethodCallReplacementClassAdapter -- Adding mock interface to class org/apache/logging/log4j/core/config/plugins/util/PluginType
13:34:19.906 [main] INFO org.evosuite.runtime.instrumentation.CreateClassResetClassAdapter -- Creating brand-new static initializer in class org/apache/logging/log4j/core/config/plugins/util/PluginType
13:34:19.907 [main] INFO org.evosuite.runtime.instrumentation.EvoClassLoader -- Keeping class: org.apache.logging.log4j.core.config.plugins.util.PluginType
13:34:19.907 [main] INFO org.evosuite.runtime.instrumentation.EvoClassLoader -- Seeing class for first time: org.apache.logging.log4j.core.config.NullConfiguration
13:34:19.907 [main] INFO org.evosuite.runtime.instrumentation.EvoClassLoader -- Instrumenting class 'org.apache.logging.log4j.core.config.NullConfiguration'.
13:34:19.908 [main] INFO org.evosuite.runtime.instrumentation.MethodCallReplacementClassAdapter -- Adding mock interface to class org/apache/logging/log4j/core/config/NullConfiguration
13:34:19.909 [main] INFO org.evosuite.runtime.instrumentation.CreateClassResetClassAdapter -- Creating brand-new static initializer in class org/apache/logging/log4j/core/config/NullConfiguration
13:34:19.909 [main] INFO org.evosuite.runtime.instrumentation.CreateClassResetClassAdapter -- Adding bytecode for initializing field NULL_NAME
13:34:19.910 [main] INFO org.evosuite.runtime.instrumentation.EvoClassLoader -- Keeping class: org.apache.logging.log4j.core.config.NullConfiguration
13:34:19.913 [main] INFO org.evosuite.runtime.instrumentation.EvoClassLoader -- Seeing class for first time: org.apache.logging.log4j.core.util.Source
13:34:19.913 [main] INFO org.evosuite.runtime.instrumentation.EvoClassLoader -- Instrumenting class 'org.apache.logging.log4j.core.util.Source'.
13:34:19.915 [main] INFO org.evosuite.runtime.instrumentation.MethodCallReplacementClassAdapter -- Adding mock interface to class org/apache/logging/log4j/core/util/Source
13:34:19.924 [main] INFO org.evosuite.runtime.instrumentation.CreateClassResetClassAdapter -- Found static initializer in class org/apache/logging/log4j/core/util/Source
13:34:19.926 [main] INFO org.evosuite.runtime.instrumentation.EvoClassLoader -- Keeping class: org.apache.logging.log4j.core.util.Source
13:34:19.928 [main] INFO org.evosuite.runtime.instrumentation.EvoClassLoader -- Seeing class for first time: org.apache.logging.log4j.core.config.DefaultAdvertiser
13:34:19.928 [main] INFO org.evosuite.runtime.instrumentation.EvoClassLoader -- Instrumenting class 'org.apache.logging.log4j.core.config.DefaultAdvertiser'.
13:34:19.929 [main] INFO org.evosuite.runtime.instrumentation.MethodCallReplacementClassAdapter -- Adding mock interface to class org/apache/logging/log4j/core/config/DefaultAdvertiser
13:34:19.931 [main] INFO org.evosuite.runtime.instrumentation.CreateClassResetClassAdapter -- Creating brand-new static initializer in class org/apache/logging/log4j/core/config/DefaultAdvertiser
13:34:19.931 [main] INFO org.evosuite.runtime.instrumentation.EvoClassLoader -- Keeping class: org.apache.logging.log4j.core.config.DefaultAdvertiser
13:34:19.932 [main] INFO org.evosuite.runtime.instrumentation.EvoClassLoader -- Seeing class for first time: org.apache.logging.log4j.core.lookup.AbstractLookup
13:34:19.932 [main] INFO org.evosuite.runtime.instrumentation.EvoClassLoader -- Instrumenting class 'org.apache.logging.log4j.core.lookup.AbstractLookup'.
13:34:19.933 [main] INFO org.evosuite.runtime.instrumentation.MethodCallReplacementClassAdapter -- Adding mock interface to class org/apache/logging/log4j/core/lookup/AbstractLookup
13:34:19.934 [main] INFO org.evosuite.runtime.instrumentation.CreateClassResetClassAdapter -- Creating brand-new static initializer in class org/apache/logging/log4j/core/lookup/AbstractLookup
13:34:19.934 [main] INFO org.evosuite.runtime.instrumentation.EvoClassLoader -- Keeping class: org.apache.logging.log4j.core.lookup.AbstractLookup
13:34:19.935 [main] INFO org.evosuite.runtime.instrumentation.EvoClassLoader -- Seeing class for first time: org.apache.logging.log4j.core.lookup.LookupResult
13:34:19.935 [main] INFO org.evosuite.runtime.instrumentation.EvoClassLoader -- Instrumenting class 'org.apache.logging.log4j.core.lookup.LookupResult'.
13:34:19.936 [main] INFO org.evosuite.runtime.instrumentation.EvoClassLoader -- Keeping class: org.apache.logging.log4j.core.lookup.LookupResult
13:34:19.936 [main] INFO org.evosuite.runtime.instrumentation.EvoClassLoader -- Seeing class for first time: org.apache.logging.log4j.core.lookup.AbstractConfigurationAwareLookup
13:34:19.936 [main] INFO org.evosuite.runtime.instrumentation.EvoClassLoader -- Instrumenting class 'org.apache.logging.log4j.core.lookup.AbstractConfigurationAwareLookup'.
13:34:19.937 [main] INFO org.evosuite.runtime.instrumentation.MethodCallReplacementClassAdapter -- Adding mock interface to class org/apache/logging/log4j/core/lookup/AbstractConfigurationAwareLookup
13:34:19.937 [main] INFO org.evosuite.runtime.instrumentation.CreateClassResetClassAdapter -- Creating brand-new static initializer in class org/apache/logging/log4j/core/lookup/AbstractConfigurationAwareLookup
13:34:19.938 [main] INFO org.evosuite.runtime.instrumentation.EvoClassLoader -- Keeping class: org.apache.logging.log4j.core.lookup.AbstractConfigurationAwareLookup
13:34:19.938 [main] INFO org.evosuite.runtime.instrumentation.EvoClassLoader -- Seeing class for first time: org.apache.logging.log4j.core.lookup.Interpolator
13:34:19.938 [main] INFO org.evosuite.runtime.instrumentation.EvoClassLoader -- Instrumenting class 'org.apache.logging.log4j.core.lookup.Interpolator'.
13:34:19.939 [main] INFO org.evosuite.runtime.instrumentation.MethodCallReplacementClassAdapter -- Adding mock interface to class org/apache/logging/log4j/core/lookup/Interpolator
13:34:19.945 [main] INFO org.evosuite.runtime.instrumentation.CreateClassResetClassAdapter -- Found static initializer in class org/apache/logging/log4j/core/lookup/Interpolator
13:34:19.946 [main] INFO org.evosuite.runtime.instrumentation.EvoClassLoader -- Seeing class for first time: org.apache.logging.log4j.core.config.LoggerContextAware
13:34:19.946 [main] INFO org.evosuite.runtime.instrumentation.EvoClassLoader -- Instrumenting class 'org.apache.logging.log4j.core.config.LoggerContextAware'.
13:34:19.949 [main] INFO org.evosuite.runtime.instrumentation.EvoClassLoader -- Keeping class: org.apache.logging.log4j.core.config.LoggerContextAware
13:34:19.949 [main] INFO org.evosuite.runtime.instrumentation.EvoClassLoader -- Keeping class: org.apache.logging.log4j.core.lookup.Interpolator
13:34:19.950 [main] INFO org.evosuite.runtime.instrumentation.EvoClassLoader -- Seeing class for first time: org.apache.logging.log4j.core.lookup.PropertiesLookup
13:34:19.950 [main] INFO org.evosuite.runtime.instrumentation.EvoClassLoader -- Instrumenting class 'org.apache.logging.log4j.core.lookup.PropertiesLookup'.
13:34:19.951 [main] INFO org.evosuite.runtime.instrumentation.MethodCallReplacementClassAdapter -- Adding mock interface to class org/apache/logging/log4j/core/lookup/PropertiesLookup
13:34:19.952 [main] INFO org.evosuite.runtime.instrumentation.CreateClassResetClassAdapter -- Creating brand-new static initializer in class org/apache/logging/log4j/core/lookup/PropertiesLookup
13:34:19.952 [main] INFO org.evosuite.runtime.instrumentation.EvoClassLoader -- Keeping class: org.apache.logging.log4j.core.lookup.PropertiesLookup
13:34:19.953 [main] INFO org.evosuite.runtime.instrumentation.EvoClassLoader -- Seeing class for first time: org.apache.logging.log4j.core.config.plugins.util.PluginRegistry
13:34:19.954 [main] INFO org.evosuite.runtime.instrumentation.EvoClassLoader -- Instrumenting class 'org.apache.logging.log4j.core.config.plugins.util.PluginRegistry'.
13:34:19.955 [main] INFO org.evosuite.runtime.instrumentation.MethodCallReplacementClassAdapter -- Adding mock interface to class org/apache/logging/log4j/core/config/plugins/util/PluginRegistry
13:34:19.957 [main] INFO org.evosuite.runtime.instrumentation.CreateClassResetClassAdapter -- Found static initializer in class org/apache/logging/log4j/core/config/plugins/util/PluginRegistry
13:34:19.958 [main] INFO org.evosuite.runtime.instrumentation.EvoClassLoader -- Keeping class: org.apache.logging.log4j.core.config.plugins.util.PluginRegistry
13:34:19.961 [main] INFO org.evosuite.runtime.instrumentation.EvoClassLoader -- Seeing class for first time: org.apache.logging.log4j.core.config.plugins.util.ResolverUtil$Test
13:34:19.961 [main] INFO org.evosuite.runtime.instrumentation.EvoClassLoader -- Instrumenting class 'org.apache.logging.log4j.core.config.plugins.util.ResolverUtil$Test'.
13:34:19.964 [main] INFO org.evosuite.runtime.instrumentation.EvoClassLoader -- Keeping class: org.apache.logging.log4j.core.config.plugins.util.ResolverUtil$Test
13:34:19.965 [main] INFO org.evosuite.runtime.instrumentation.EvoClassLoader -- Seeing class for first time: org.apache.logging.log4j.core.config.plugins.util.ResolverUtil
13:34:19.965 [main] INFO org.evosuite.runtime.instrumentation.EvoClassLoader -- Instrumenting class 'org.apache.logging.log4j.core.config.plugins.util.ResolverUtil'.
13:34:19.967 [main] INFO org.evosuite.runtime.instrumentation.MethodCallReplacementClassAdapter -- Adding mock interface to class org/apache/logging/log4j/core/config/plugins/util/ResolverUtil
13:34:19.976 [main] INFO org.evosuite.runtime.instrumentation.CreateClassResetClassAdapter -- Found static initializer in class org/apache/logging/log4j/core/config/plugins/util/ResolverUtil
13:34:19.977 [main] INFO org.evosuite.runtime.instrumentation.EvoClassLoader -- Keeping class: org.apache.logging.log4j.core.config.plugins.util.ResolverUtil
13:34:19.979 [main] INFO org.evosuite.runtime.instrumentation.EvoClassLoader -- Seeing class for first time: org.apache.logging.log4j.core.config.plugins.processor.PluginCache
13:34:19.979 [main] INFO org.evosuite.runtime.instrumentation.EvoClassLoader -- Instrumenting class 'org.apache.logging.log4j.core.config.plugins.processor.PluginCache'.
13:34:19.981 [main] INFO org.evosuite.runtime.instrumentation.MethodCallReplacementClassAdapter -- Adding mock interface to class org/apache/logging/log4j/core/config/plugins/processor/PluginCache
13:34:19.982 [main] INFO org.evosuite.runtime.instrumentation.CreateClassResetClassAdapter -- Creating brand-new static initializer in class org/apache/logging/log4j/core/config/plugins/processor/PluginCache
13:34:19.983 [main] INFO org.evosuite.runtime.instrumentation.EvoClassLoader -- Defined package (3): package org.apache.logging.log4j.core.config.plugins.processor, 1794938158
13:34:19.984 [main] INFO org.evosuite.runtime.instrumentation.EvoClassLoader -- Keeping class: org.apache.logging.log4j.core.config.plugins.processor.PluginCache
13:34:19.984 [main] INFO org.evosuite.runtime.instrumentation.EvoClassLoader -- Seeing class for first time: org.apache.logging.log4j.core.config.plugins.processor.PluginEntry
13:34:19.985 [main] INFO org.evosuite.runtime.instrumentation.EvoClassLoader -- Instrumenting class 'org.apache.logging.log4j.core.config.plugins.processor.PluginEntry'.
13:34:19.986 [main] INFO org.evosuite.runtime.instrumentation.MethodCallReplacementClassAdapter -- Adding mock interface to class org/apache/logging/log4j/core/config/plugins/processor/PluginEntry
13:34:19.987 [main] INFO org.evosuite.runtime.instrumentation.CreateClassResetClassAdapter -- Creating brand-new static initializer in class org/apache/logging/log4j/core/config/plugins/processor/PluginEntry
13:34:19.988 [main] INFO org.evosuite.runtime.instrumentation.EvoClassLoader -- Keeping class: org.apache.logging.log4j.core.config.plugins.processor.PluginEntry
13:34:19.990 [main] INFO org.evosuite.runtime.instrumentation.EvoClassLoader -- Seeing class for first time: org.apache.logging.log4j.core.util.ReflectionUtil
13:34:19.990 [main] INFO org.evosuite.runtime.instrumentation.EvoClassLoader -- Instrumenting class 'org.apache.logging.log4j.core.util.ReflectionUtil'.
13:34:19.992 [main] INFO org.evosuite.runtime.instrumentation.MethodCallReplacementClassAdapter -- Adding mock interface to class org/apache/logging/log4j/core/util/ReflectionUtil
13:34:19.998 [main] INFO org.evosuite.runtime.instrumentation.CreateClassResetClassAdapter -- Creating brand-new static initializer in class org/apache/logging/log4j/core/util/ReflectionUtil
13:34:19.999 [main] INFO org.evosuite.runtime.instrumentation.EvoClassLoader -- Keeping class: org.apache.logging.log4j.core.util.ReflectionUtil
13:34:20.000 [main] INFO org.evosuite.runtime.instrumentation.EvoClassLoader -- Seeing class for first time: org.apache.logging.log4j.core.lookup.ResourceBundleLookup
13:34:20.000 [main] INFO org.evosuite.runtime.instrumentation.EvoClassLoader -- Instrumenting class 'org.apache.logging.log4j.core.lookup.ResourceBundleLookup'.
13:34:20.000 [main] INFO org.evosuite.runtime.instrumentation.MethodCallReplacementClassAdapter -- Adding mock interface to class org/apache/logging/log4j/core/lookup/ResourceBundleLookup
13:34:20.001 [main] INFO org.evosuite.runtime.instrumentation.CreateClassResetClassAdapter -- Found static initializer in class org/apache/logging/log4j/core/lookup/ResourceBundleLookup
13:34:20.001 [main] INFO org.evosuite.runtime.instrumentation.EvoClassLoader -- Keeping class: org.apache.logging.log4j.core.lookup.ResourceBundleLookup
13:34:20.002 [main] INFO org.evosuite.runtime.instrumentation.EvoClassLoader -- Seeing class for first time: org.apache.logging.log4j.core.lookup.ContextMapLookup
13:34:20.002 [main] INFO org.evosuite.runtime.instrumentation.EvoClassLoader -- Instrumenting class 'org.apache.logging.log4j.core.lookup.ContextMapLookup'.
13:34:20.003 [main] INFO org.evosuite.runtime.instrumentation.MethodCallReplacementClassAdapter -- Adding mock interface to class org/apache/logging/log4j/core/lookup/ContextMapLookup
13:34:20.004 [main] INFO org.evosuite.runtime.instrumentation.CreateClassResetClassAdapter -- Creating brand-new static initializer in class org/apache/logging/log4j/core/lookup/ContextMapLookup
13:34:20.005 [main] INFO org.evosuite.runtime.instrumentation.EvoClassLoader -- Keeping class: org.apache.logging.log4j.core.lookup.ContextMapLookup
13:34:20.005 [main] INFO org.evosuite.runtime.instrumentation.EvoClassLoader -- Seeing class for first time: org.apache.logging.log4j.util.ReadOnlyStringMap
13:34:20.005 [main] INFO org.evosuite.runtime.instrumentation.EvoClassLoader -- Instrumenting class 'org.apache.logging.log4j.util.ReadOnlyStringMap'.
13:34:20.007 [main] INFO org.evosuite.runtime.instrumentation.EvoClassLoader -- Keeping class: org.apache.logging.log4j.util.ReadOnlyStringMap
13:34:20.008 [main] INFO org.evosuite.runtime.instrumentation.EvoClassLoader -- Seeing class for first time: org.apache.logging.log4j.core.impl.ContextDataInjectorFactory
13:34:20.008 [main] INFO org.evosuite.runtime.instrumentation.EvoClassLoader -- Instrumenting class 'org.apache.logging.log4j.core.impl.ContextDataInjectorFactory'.
13:34:20.009 [main] INFO org.evosuite.runtime.instrumentation.MethodCallReplacementClassAdapter -- Adding mock interface to class org/apache/logging/log4j/core/impl/ContextDataInjectorFactory
13:34:20.011 [main] INFO org.evosuite.runtime.instrumentation.CreateClassResetClassAdapter -- Creating brand-new static initializer in class org/apache/logging/log4j/core/impl/ContextDataInjectorFactory
13:34:20.011 [main] INFO org.evosuite.runtime.instrumentation.EvoClassLoader -- Keeping class: org.apache.logging.log4j.core.impl.ContextDataInjectorFactory
13:34:20.012 [main] INFO org.evosuite.runtime.instrumentation.EvoClassLoader -- Seeing class for first time: org.apache.logging.log4j.core.ContextDataInjector
13:34:20.012 [main] INFO org.evosuite.runtime.instrumentation.EvoClassLoader -- Instrumenting class 'org.apache.logging.log4j.core.ContextDataInjector'.
13:34:20.013 [main] INFO org.evosuite.runtime.instrumentation.EvoClassLoader -- Keeping class: org.apache.logging.log4j.core.ContextDataInjector
13:34:20.015 [main] INFO org.evosuite.runtime.instrumentation.EvoClassLoader -- Seeing class for first time: org.apache.logging.log4j.ThreadContext$EmptyIterator
13:34:20.015 [main] INFO org.evosuite.runtime.instrumentation.EvoClassLoader -- Instrumenting class 'org.apache.logging.log4j.ThreadContext$EmptyIterator'.
13:34:20.016 [main] INFO org.evosuite.runtime.instrumentation.MethodCallReplacementClassAdapter -- Adding mock interface to class org/apache/logging/log4j/ThreadContext$EmptyIterator
13:34:20.017 [main] INFO org.evosuite.runtime.instrumentation.CreateClassResetClassAdapter -- Creating brand-new static initializer in class org/apache/logging/log4j/ThreadContext$EmptyIterator
13:34:20.017 [main] INFO org.evosuite.runtime.instrumentation.EvoClassLoader -- Keeping class: org.apache.logging.log4j.ThreadContext$EmptyIterator
13:34:20.017 [main] INFO org.evosuite.runtime.instrumentation.EvoClassLoader -- Seeing class for first time: org.apache.logging.log4j.ThreadContext
13:34:20.017 [main] INFO org.evosuite.runtime.instrumentation.EvoClassLoader -- Instrumenting class 'org.apache.logging.log4j.ThreadContext'.
13:34:20.019 [main] INFO org.evosuite.runtime.instrumentation.MethodCallReplacementClassAdapter -- Adding mock interface to class org/apache/logging/log4j/ThreadContext
13:34:20.022 [main] INFO org.evosuite.runtime.instrumentation.CreateClassResetClassAdapter -- Found static initializer in class org/apache/logging/log4j/ThreadContext
13:34:20.023 [main] INFO org.evosuite.runtime.instrumentation.EvoClassLoader -- Keeping class: org.apache.logging.log4j.ThreadContext
13:34:20.023 [main] INFO org.evosuite.runtime.instrumentation.EvoClassLoader -- Seeing class for first time: org.apache.logging.log4j.ThreadContext$ContextStack
13:34:20.023 [main] INFO org.evosuite.runtime.instrumentation.EvoClassLoader -- Instrumenting class 'org.apache.logging.log4j.ThreadContext$ContextStack'.
13:34:20.024 [main] INFO org.evosuite.runtime.instrumentation.EvoClassLoader -- Keeping class: org.apache.logging.log4j.ThreadContext$ContextStack
13:34:20.025 [main] INFO org.evosuite.runtime.instrumentation.EvoClassLoader -- Seeing class for first time: org.apache.logging.log4j.ThreadContext$EmptyThreadContextStack
13:34:20.025 [main] INFO org.evosuite.runtime.instrumentation.EvoClassLoader -- Instrumenting class 'org.apache.logging.log4j.ThreadContext$EmptyThreadContextStack'.
13:34:20.026 [main] INFO org.evosuite.runtime.instrumentation.MethodCallReplacementClassAdapter -- Adding mock interface to class org/apache/logging/log4j/ThreadContext$EmptyThreadContextStack
13:34:20.026 [main] INFO org.evosuite.runtime.instrumentation.CreateClassResetClassAdapter -- Found static initializer in class org/apache/logging/log4j/ThreadContext$EmptyThreadContextStack
13:34:20.027 [main] INFO org.evosuite.runtime.instrumentation.EvoClassLoader -- Seeing class for first time: org.apache.logging.log4j.spi.ThreadContextStack
13:34:20.027 [main] INFO org.evosuite.runtime.instrumentation.EvoClassLoader -- Instrumenting class 'org.apache.logging.log4j.spi.ThreadContextStack'.
13:34:20.028 [main] INFO org.evosuite.runtime.instrumentation.EvoClassLoader -- Keeping class: org.apache.logging.log4j.spi.ThreadContextStack
13:34:20.029 [main] INFO org.evosuite.runtime.instrumentation.EvoClassLoader -- Keeping class: org.apache.logging.log4j.ThreadContext$EmptyThreadContextStack
13:34:20.030 [main] INFO org.evosuite.runtime.instrumentation.EvoClassLoader -- Seeing class for first time: org.apache.logging.log4j.spi.ThreadContextMapFactory
13:34:20.030 [main] INFO org.evosuite.runtime.instrumentation.EvoClassLoader -- Instrumenting class 'org.apache.logging.log4j.spi.ThreadContextMapFactory'.
13:34:20.031 [main] INFO org.evosuite.runtime.instrumentation.MethodCallReplacementClassAdapter -- Adding mock interface to class org/apache/logging/log4j/spi/ThreadContextMapFactory
13:34:20.033 [main] INFO org.evosuite.runtime.instrumentation.CreateClassResetClassAdapter -- Found static initializer in class org/apache/logging/log4j/spi/ThreadContextMapFactory
13:34:20.034 [main] INFO org.evosuite.runtime.instrumentation.EvoClassLoader -- Keeping class: org.apache.logging.log4j.spi.ThreadContextMapFactory
13:34:20.034 [main] INFO org.evosuite.runtime.instrumentation.EvoClassLoader -- Seeing class for first time: org.apache.logging.log4j.spi.ThreadContextMap
13:34:20.034 [main] INFO org.evosuite.runtime.instrumentation.EvoClassLoader -- Instrumenting class 'org.apache.logging.log4j.spi.ThreadContextMap'.
13:34:20.036 [main] INFO org.evosuite.runtime.instrumentation.EvoClassLoader -- Keeping class: org.apache.logging.log4j.spi.ThreadContextMap
13:34:20.037 [main] INFO org.evosuite.runtime.instrumentation.EvoClassLoader -- Seeing class for first time: org.apache.logging.log4j.util.SortedArrayStringMap
13:34:20.037 [main] INFO org.evosuite.runtime.instrumentation.EvoClassLoader -- Instrumenting class 'org.apache.logging.log4j.util.SortedArrayStringMap'.
13:34:20.039 [main] INFO org.evosuite.runtime.instrumentation.MethodCallReplacementClassAdapter -- Adding mock interface to class org/apache/logging/log4j/util/SortedArrayStringMap
13:34:20.054 [main] INFO org.evosuite.runtime.instrumentation.CreateClassResetClassAdapter -- Found static initializer in class org/apache/logging/log4j/util/SortedArrayStringMap
13:34:20.055 [main] INFO org.evosuite.runtime.instrumentation.EvoClassLoader -- Seeing class for first time: org.apache.logging.log4j.util.IndexedStringMap
13:34:20.055 [main] INFO org.evosuite.runtime.instrumentation.EvoClassLoader -- Instrumenting class 'org.apache.logging.log4j.util.IndexedStringMap'.
13:34:20.057 [main] INFO org.evosuite.runtime.instrumentation.EvoClassLoader -- Seeing class for first time: org.apache.logging.log4j.util.IndexedReadOnlyStringMap
13:34:20.057 [main] INFO org.evosuite.runtime.instrumentation.EvoClassLoader -- Instrumenting class 'org.apache.logging.log4j.util.IndexedReadOnlyStringMap'.
13:34:20.058 [main] INFO org.evosuite.runtime.instrumentation.EvoClassLoader -- Keeping class: org.apache.logging.log4j.util.IndexedReadOnlyStringMap
13:34:20.058 [main] INFO org.evosuite.runtime.instrumentation.EvoClassLoader -- Seeing class for first time: org.apache.logging.log4j.util.StringMap
13:34:20.058 [main] INFO org.evosuite.runtime.instrumentation.EvoClassLoader -- Instrumenting class 'org.apache.logging.log4j.util.StringMap'.
13:34:20.059 [main] INFO org.evosuite.runtime.instrumentation.EvoClassLoader -- Keeping class: org.apache.logging.log4j.util.StringMap
13:34:20.060 [main] INFO org.evosuite.runtime.instrumentation.EvoClassLoader -- Keeping class: org.apache.logging.log4j.util.IndexedStringMap
13:34:20.060 [main] INFO org.evosuite.runtime.instrumentation.EvoClassLoader -- Keeping class: org.apache.logging.log4j.util.SortedArrayStringMap
13:34:20.060 [main] INFO org.evosuite.runtime.instrumentation.EvoClassLoader -- Seeing class for first time: org.apache.logging.log4j.util.FilteredObjectInputStream
13:34:20.061 [main] INFO org.evosuite.runtime.instrumentation.EvoClassLoader -- Instrumenting class 'org.apache.logging.log4j.util.FilteredObjectInputStream'.
13:34:20.061 [main] INFO org.evosuite.runtime.instrumentation.MethodCallReplacementClassAdapter -- Adding mock interface to class org/apache/logging/log4j/util/FilteredObjectInputStream
13:34:20.063 [main] INFO org.evosuite.runtime.instrumentation.CreateClassResetClassAdapter -- Found static initializer in class org/apache/logging/log4j/util/FilteredObjectInputStream
13:34:20.064 [main] INFO org.evosuite.runtime.instrumentation.EvoClassLoader -- Keeping class: org.apache.logging.log4j.util.FilteredObjectInputStream
13:34:20.066 [main] INFO org.evosuite.runtime.instrumentation.EvoClassLoader -- Seeing class for first time: org.apache.logging.log4j.util.TriConsumer
13:34:20.066 [main] INFO org.evosuite.runtime.instrumentation.EvoClassLoader -- Instrumenting class 'org.apache.logging.log4j.util.TriConsumer'.
13:34:20.068 [main] INFO org.evosuite.runtime.instrumentation.EvoClassLoader -- Keeping class: org.apache.logging.log4j.util.TriConsumer
13:34:20.077 [main] INFO org.evosuite.runtime.instrumentation.EvoClassLoader -- Seeing class for first time: org.apache.logging.log4j.spi.CopyOnWriteSortedArrayThreadContextMap
13:34:20.077 [main] INFO org.evosuite.runtime.instrumentation.EvoClassLoader -- Instrumenting class 'org.apache.logging.log4j.spi.CopyOnWriteSortedArrayThreadContextMap'.
13:34:20.078 [main] INFO org.evosuite.runtime.instrumentation.MethodCallReplacementClassAdapter -- Adding mock interface to class org/apache/logging/log4j/spi/CopyOnWriteSortedArrayThreadContextMap
13:34:20.080 [main] INFO org.evosuite.runtime.instrumentation.CreateClassResetClassAdapter -- Found static initializer in class org/apache/logging/log4j/spi/CopyOnWriteSortedArrayThreadContextMap
13:34:20.081 [main] INFO org.evosuite.runtime.instrumentation.EvoClassLoader -- Seeing class for first time: org.apache.logging.log4j.spi.ReadOnlyThreadContextMap
13:34:20.081 [main] INFO org.evosuite.runtime.instrumentation.EvoClassLoader -- Instrumenting class 'org.apache.logging.log4j.spi.ReadOnlyThreadContextMap'.
13:34:20.082 [main] INFO org.evosuite.runtime.instrumentation.EvoClassLoader -- Keeping class: org.apache.logging.log4j.spi.ReadOnlyThreadContextMap
13:34:20.082 [main] INFO org.evosuite.runtime.instrumentation.EvoClassLoader -- Seeing class for first time: org.apache.logging.log4j.spi.ObjectThreadContextMap
13:34:20.082 [main] INFO org.evosuite.runtime.instrumentation.EvoClassLoader -- Instrumenting class 'org.apache.logging.log4j.spi.ObjectThreadContextMap'.
13:34:20.083 [main] INFO org.evosuite.runtime.instrumentation.EvoClassLoader -- Seeing class for first time: org.apache.logging.log4j.spi.CleanableThreadContextMap
13:34:20.083 [main] INFO org.evosuite.runtime.instrumentation.EvoClassLoader -- Instrumenting class 'org.apache.logging.log4j.spi.CleanableThreadContextMap'.
13:34:20.084 [main] INFO org.evosuite.runtime.instrumentation.EvoClassLoader -- Seeing class for first time: org.apache.logging.log4j.spi.ThreadContextMap2
13:34:20.084 [main] INFO org.evosuite.runtime.instrumentation.EvoClassLoader -- Instrumenting class 'org.apache.logging.log4j.spi.ThreadContextMap2'.
13:34:20.085 [main] INFO org.evosuite.runtime.instrumentation.EvoClassLoader -- Keeping class: org.apache.logging.log4j.spi.ThreadContextMap2
13:34:20.086 [main] INFO org.evosuite.runtime.instrumentation.EvoClassLoader -- Keeping class: org.apache.logging.log4j.spi.CleanableThreadContextMap
13:34:20.086 [main] INFO org.evosuite.runtime.instrumentation.EvoClassLoader -- Keeping class: org.apache.logging.log4j.spi.ObjectThreadContextMap
13:34:20.086 [main] INFO org.evosuite.runtime.instrumentation.EvoClassLoader -- Seeing class for first time: org.apache.logging.log4j.spi.CopyOnWrite
13:34:20.086 [main] INFO org.evosuite.runtime.instrumentation.EvoClassLoader -- Instrumenting class 'org.apache.logging.log4j.spi.CopyOnWrite'.
13:34:20.087 [main] INFO org.evosuite.runtime.instrumentation.EvoClassLoader -- Keeping class: org.apache.logging.log4j.spi.CopyOnWrite
13:34:20.087 [main] INFO org.evosuite.runtime.instrumentation.EvoClassLoader -- Keeping class: org.apache.logging.log4j.spi.CopyOnWriteSortedArrayThreadContextMap
13:34:20.088 [main] INFO org.evosuite.runtime.instrumentation.EvoClassLoader -- Seeing class for first time: org.apache.logging.log4j.spi.CopyOnWriteSortedArrayThreadContextMap$1
13:34:20.088 [main] INFO org.evosuite.runtime.instrumentation.EvoClassLoader -- Instrumenting class 'org.apache.logging.log4j.spi.CopyOnWriteSortedArrayThreadContextMap$1'.
13:34:20.089 [main] INFO org.evosuite.runtime.instrumentation.MethodCallReplacementClassAdapter -- Adding mock interface to class org/apache/logging/log4j/spi/CopyOnWriteSortedArrayThreadContextMap$1
13:34:20.090 [main] INFO org.evosuite.runtime.instrumentation.EvoClassLoader -- Keeping class: org.apache.logging.log4j.spi.CopyOnWriteSortedArrayThreadContextMap$1
13:34:20.092 [main] INFO org.evosuite.runtime.instrumentation.EvoClassLoader -- Seeing class for first time: org.apache.logging.log4j.spi.GarbageFreeSortedArrayThreadContextMap
13:34:20.092 [main] INFO org.evosuite.runtime.instrumentation.EvoClassLoader -- Instrumenting class 'org.apache.logging.log4j.spi.GarbageFreeSortedArrayThreadContextMap'.
13:34:20.093 [main] INFO org.evosuite.runtime.instrumentation.MethodCallReplacementClassAdapter -- Adding mock interface to class org/apache/logging/log4j/spi/GarbageFreeSortedArrayThreadContextMap
13:34:20.094 [main] INFO org.evosuite.runtime.instrumentation.CreateClassResetClassAdapter -- Found static initializer in class org/apache/logging/log4j/spi/GarbageFreeSortedArrayThreadContextMap
13:34:20.095 [main] INFO org.evosuite.runtime.instrumentation.EvoClassLoader -- Keeping class: org.apache.logging.log4j.spi.GarbageFreeSortedArrayThreadContextMap
13:34:20.095 [main] INFO org.evosuite.runtime.instrumentation.EvoClassLoader -- Seeing class for first time: org.apache.logging.log4j.spi.GarbageFreeSortedArrayThreadContextMap$1
13:34:20.096 [main] INFO org.evosuite.runtime.instrumentation.EvoClassLoader -- Instrumenting class 'org.apache.logging.log4j.spi.GarbageFreeSortedArrayThreadContextMap$1'.
13:34:20.096 [main] INFO org.evosuite.runtime.instrumentation.MethodCallReplacementClassAdapter -- Adding mock interface to class org/apache/logging/log4j/spi/GarbageFreeSortedArrayThreadContextMap$1
13:34:20.097 [main] INFO org.evosuite.runtime.instrumentation.EvoClassLoader -- Keeping class: org.apache.logging.log4j.spi.GarbageFreeSortedArrayThreadContextMap$1
13:34:20.099 [main] INFO org.evosuite.runtime.instrumentation.EvoClassLoader -- Seeing class for first time: org.apache.logging.log4j.spi.DefaultThreadContextMap
13:34:20.099 [main] INFO org.evosuite.runtime.instrumentation.EvoClassLoader -- Instrumenting class 'org.apache.logging.log4j.spi.DefaultThreadContextMap'.
13:34:20.100 [main] INFO org.evosuite.runtime.instrumentation.MethodCallReplacementClassAdapter -- Adding mock interface to class org/apache/logging/log4j/spi/DefaultThreadContextMap
13:34:20.102 [main] INFO org.evosuite.runtime.instrumentation.CreateClassResetClassAdapter -- Found static initializer in class org/apache/logging/log4j/spi/DefaultThreadContextMap
13:34:20.102 [main] INFO org.evosuite.runtime.instrumentation.EvoClassLoader -- Keeping class: org.apache.logging.log4j.spi.DefaultThreadContextMap
13:34:20.103 [main] INFO org.evosuite.runtime.instrumentation.EvoClassLoader -- Seeing class for first time: org.apache.logging.log4j.spi.DefaultThreadContextMap$1
13:34:20.103 [main] INFO org.evosuite.runtime.instrumentation.EvoClassLoader -- Instrumenting class 'org.apache.logging.log4j.spi.DefaultThreadContextMap$1'.
13:34:20.104 [main] INFO org.evosuite.runtime.instrumentation.MethodCallReplacementClassAdapter -- Adding mock interface to class org/apache/logging/log4j/spi/DefaultThreadContextMap$1
13:34:20.105 [main] INFO org.evosuite.runtime.instrumentation.EvoClassLoader -- Keeping class: org.apache.logging.log4j.spi.DefaultThreadContextMap$1
13:34:20.106 [main] INFO org.evosuite.runtime.instrumentation.EvoClassLoader -- Seeing class for first time: org.apache.logging.log4j.spi.DefaultThreadContextStack
13:34:20.106 [main] INFO org.evosuite.runtime.instrumentation.EvoClassLoader -- Instrumenting class 'org.apache.logging.log4j.spi.DefaultThreadContextStack'.
13:34:20.107 [main] INFO org.evosuite.runtime.instrumentation.MethodCallReplacementClassAdapter -- Adding mock interface to class org/apache/logging/log4j/spi/DefaultThreadContextStack
13:34:20.112 [main] INFO org.evosuite.runtime.instrumentation.CreateClassResetClassAdapter -- Found static initializer in class org/apache/logging/log4j/spi/DefaultThreadContextStack
13:34:20.113 [main] INFO org.evosuite.runtime.instrumentation.EvoClassLoader -- Keeping class: org.apache.logging.log4j.spi.DefaultThreadContextStack
13:34:20.114 [main] INFO org.evosuite.runtime.instrumentation.EvoClassLoader -- Seeing class for first time: org.apache.logging.log4j.spi.MutableThreadContextStack
13:34:20.114 [main] INFO org.evosuite.runtime.instrumentation.EvoClassLoader -- Instrumenting class 'org.apache.logging.log4j.spi.MutableThreadContextStack'.
13:34:20.116 [main] INFO org.evosuite.runtime.instrumentation.MethodCallReplacementClassAdapter -- Adding mock interface to class org/apache/logging/log4j/spi/MutableThreadContextStack
13:34:20.120 [main] INFO org.evosuite.runtime.instrumentation.CreateClassResetClassAdapter -- Creating brand-new static initializer in class org/apache/logging/log4j/spi/MutableThreadContextStack
13:34:20.121 [main] INFO org.evosuite.runtime.instrumentation.EvoClassLoader -- Keeping class: org.apache.logging.log4j.spi.MutableThreadContextStack
13:34:20.128 [main] INFO org.evosuite.runtime.instrumentation.EvoClassLoader -- Seeing class for first time: org.apache.logging.log4j.core.impl.ThreadContextDataInjector$ForDefaultThreadContextMap
13:34:20.128 [main] INFO org.evosuite.runtime.instrumentation.EvoClassLoader -- Instrumenting class 'org.apache.logging.log4j.core.impl.ThreadContextDataInjector$ForDefaultThreadContextMap'.
13:34:20.129 [main] INFO org.evosuite.runtime.instrumentation.MethodCallReplacementClassAdapter -- Adding mock interface to class org/apache/logging/log4j/core/impl/ThreadContextDataInjector$ForDefaultThreadContextMap
13:34:20.132 [main] INFO org.evosuite.runtime.instrumentation.CreateClassResetClassAdapter -- Creating brand-new static initializer in class org/apache/logging/log4j/core/impl/ThreadContextDataInjector$ForDefaultThreadContextMap
13:34:20.133 [main] INFO org.evosuite.runtime.instrumentation.EvoClassLoader -- Keeping class: org.apache.logging.log4j.core.impl.ThreadContextDataInjector$ForDefaultThreadContextMap
13:34:20.133 [main] INFO org.evosuite.runtime.instrumentation.EvoClassLoader -- Seeing class for first time: org.apache.logging.log4j.core.impl.ThreadContextDataInjector
13:34:20.133 [main] INFO org.evosuite.runtime.instrumentation.EvoClassLoader -- Instrumenting class 'org.apache.logging.log4j.core.impl.ThreadContextDataInjector'.
13:34:20.134 [main] INFO org.evosuite.runtime.instrumentation.MethodCallReplacementClassAdapter -- Adding mock interface to class org/apache/logging/log4j/core/impl/ThreadContextDataInjector
13:34:20.135 [main] INFO org.evosuite.runtime.instrumentation.CreateClassResetClassAdapter -- Found static initializer in class org/apache/logging/log4j/core/impl/ThreadContextDataInjector
13:34:20.136 [main] INFO org.evosuite.runtime.instrumentation.EvoClassLoader -- Keeping class: org.apache.logging.log4j.core.impl.ThreadContextDataInjector
13:34:20.136 [main] INFO org.evosuite.runtime.instrumentation.EvoClassLoader -- Seeing class for first time: org.apache.logging.log4j.core.impl.ThreadContextDataInjector$ForCopyOnWriteThreadContextMap
13:34:20.137 [main] INFO org.evosuite.runtime.instrumentation.EvoClassLoader -- Instrumenting class 'org.apache.logging.log4j.core.impl.ThreadContextDataInjector$ForCopyOnWriteThreadContextMap'.
13:34:20.138 [main] INFO org.evosuite.runtime.instrumentation.MethodCallReplacementClassAdapter -- Adding mock interface to class org/apache/logging/log4j/core/impl/ThreadContextDataInjector$ForCopyOnWriteThreadContextMap
13:34:20.139 [main] INFO org.evosuite.runtime.instrumentation.CreateClassResetClassAdapter -- Creating brand-new static initializer in class org/apache/logging/log4j/core/impl/ThreadContextDataInjector$ForCopyOnWriteThreadContextMap
13:34:20.140 [main] INFO org.evosuite.runtime.instrumentation.EvoClassLoader -- Keeping class: org.apache.logging.log4j.core.impl.ThreadContextDataInjector$ForCopyOnWriteThreadContextMap
13:34:20.140 [main] INFO org.evosuite.runtime.instrumentation.EvoClassLoader -- Seeing class for first time: org.apache.logging.log4j.core.impl.ThreadContextDataInjector$ForGarbageFreeThreadContextMap
13:34:20.140 [main] INFO org.evosuite.runtime.instrumentation.EvoClassLoader -- Instrumenting class 'org.apache.logging.log4j.core.impl.ThreadContextDataInjector$ForGarbageFreeThreadContextMap'.
13:34:20.141 [main] INFO org.evosuite.runtime.instrumentation.MethodCallReplacementClassAdapter -- Adding mock interface to class org/apache/logging/log4j/core/impl/ThreadContextDataInjector$ForGarbageFreeThreadContextMap
13:34:20.142 [main] INFO org.evosuite.runtime.instrumentation.CreateClassResetClassAdapter -- Creating brand-new static initializer in class org/apache/logging/log4j/core/impl/ThreadContextDataInjector$ForGarbageFreeThreadContextMap
13:34:20.143 [main] INFO org.evosuite.runtime.instrumentation.EvoClassLoader -- Keeping class: org.apache.logging.log4j.core.impl.ThreadContextDataInjector$ForGarbageFreeThreadContextMap
13:34:20.144 [main] INFO org.evosuite.runtime.instrumentation.EvoClassLoader -- Seeing class for first time: org.apache.logging.log4j.core.impl.JdkMapAdapterStringMap
13:34:20.144 [main] INFO org.evosuite.runtime.instrumentation.EvoClassLoader -- Instrumenting class 'org.apache.logging.log4j.core.impl.JdkMapAdapterStringMap'.
13:34:20.145 [main] INFO org.evosuite.runtime.instrumentation.MethodCallReplacementClassAdapter -- Adding mock interface to class org/apache/logging/log4j/core/impl/JdkMapAdapterStringMap
13:34:20.147 [main] INFO org.evosuite.runtime.instrumentation.CreateClassResetClassAdapter -- Found static initializer in class org/apache/logging/log4j/core/impl/JdkMapAdapterStringMap
13:34:20.148 [main] INFO org.evosuite.runtime.instrumentation.EvoClassLoader -- Keeping class: org.apache.logging.log4j.core.impl.JdkMapAdapterStringMap
13:34:20.149 [main] INFO org.evosuite.runtime.instrumentation.EvoClassLoader -- Seeing class for first time: org.apache.logging.log4j.core.impl.ThreadContextDataProvider
13:34:20.149 [main] INFO org.evosuite.runtime.instrumentation.EvoClassLoader -- Instrumenting class 'org.apache.logging.log4j.core.impl.ThreadContextDataProvider'.
13:34:20.150 [main] INFO org.evosuite.runtime.instrumentation.MethodCallReplacementClassAdapter -- Adding mock interface to class org/apache/logging/log4j/core/impl/ThreadContextDataProvider
13:34:20.151 [main] INFO org.evosuite.runtime.instrumentation.CreateClassResetClassAdapter -- Creating brand-new static initializer in class org/apache/logging/log4j/core/impl/ThreadContextDataProvider
13:34:20.151 [main] INFO org.evosuite.runtime.instrumentation.EvoClassLoader -- Seeing class for first time: org.apache.logging.log4j.core.util.ContextDataProvider
13:34:20.151 [main] INFO org.evosuite.runtime.instrumentation.EvoClassLoader -- Instrumenting class 'org.apache.logging.log4j.core.util.ContextDataProvider'.
13:34:20.153 [main] INFO org.evosuite.runtime.instrumentation.EvoClassLoader -- Keeping class: org.apache.logging.log4j.core.util.ContextDataProvider
13:34:20.153 [main] INFO org.evosuite.runtime.instrumentation.EvoClassLoader -- Keeping class: org.apache.logging.log4j.core.impl.ThreadContextDataProvider
13:34:20.161 [main] INFO org.evosuite.runtime.instrumentation.EvoClassLoader -- Seeing class for first time: org.apache.logging.log4j.core.lookup.DateLookup
13:34:20.161 [main] INFO org.evosuite.runtime.instrumentation.EvoClassLoader -- Instrumenting class 'org.apache.logging.log4j.core.lookup.DateLookup'.
13:34:20.162 [main] INFO org.evosuite.runtime.instrumentation.MethodCallReplacementClassAdapter -- Adding mock interface to class org/apache/logging/log4j/core/lookup/DateLookup
13:34:20.168 [main] INFO org.evosuite.runtime.instrumentation.CreateClassResetClassAdapter -- Found static initializer in class org/apache/logging/log4j/core/lookup/DateLookup
13:34:20.169 [main] INFO org.evosuite.runtime.instrumentation.EvoClassLoader -- Keeping class: org.apache.logging.log4j.core.lookup.DateLookup
13:34:20.170 [main] INFO org.evosuite.runtime.instrumentation.EvoClassLoader -- Seeing class for first time: org.apache.logging.log4j.core.lookup.EnvironmentLookup
13:34:20.170 [main] INFO org.evosuite.runtime.instrumentation.EvoClassLoader -- Instrumenting class 'org.apache.logging.log4j.core.lookup.EnvironmentLookup'.
13:34:20.171 [main] INFO org.evosuite.runtime.instrumentation.MethodCallReplacementClassAdapter -- Adding mock interface to class org/apache/logging/log4j/core/lookup/EnvironmentLookup
13:34:20.172 [main] INFO org.evosuite.runtime.instrumentation.CreateClassResetClassAdapter -- Creating brand-new static initializer in class org/apache/logging/log4j/core/lookup/EnvironmentLookup
13:34:20.172 [main] INFO org.evosuite.runtime.instrumentation.EvoClassLoader -- Keeping class: org.apache.logging.log4j.core.lookup.EnvironmentLookup
13:34:20.173 [main] INFO org.evosuite.runtime.instrumentation.EvoClassLoader -- Seeing class for first time: org.apache.logging.log4j.core.lookup.EventLookup
13:34:20.173 [main] INFO org.evosuite.runtime.instrumentation.EvoClassLoader -- Instrumenting class 'org.apache.logging.log4j.core.lookup.EventLookup'.
13:34:20.174 [main] INFO org.evosuite.runtime.instrumentation.MethodCallReplacementClassAdapter -- Adding mock interface to class org/apache/logging/log4j/core/lookup/EventLookup
13:34:20.176 [main] INFO org.evosuite.runtime.instrumentation.CreateClassResetClassAdapter -- Creating brand-new static initializer in class org/apache/logging/log4j/core/lookup/EventLookup
13:34:20.176 [main] INFO org.evosuite.runtime.instrumentation.EvoClassLoader -- Keeping class: org.apache.logging.log4j.core.lookup.EventLookup
13:34:20.177 [main] INFO org.evosuite.runtime.instrumentation.EvoClassLoader -- Seeing class for first time: org.apache.logging.log4j.core.lookup.JavaLookup
13:34:20.178 [main] INFO org.evosuite.runtime.instrumentation.EvoClassLoader -- Instrumenting class 'org.apache.logging.log4j.core.lookup.JavaLookup'.
13:34:20.179 [main] INFO org.evosuite.runtime.instrumentation.MethodCallReplacementClassAdapter -- Adding mock interface to class org/apache/logging/log4j/core/lookup/JavaLookup
13:34:20.181 [main] INFO org.evosuite.runtime.instrumentation.CreateClassResetClassAdapter -- Creating brand-new static initializer in class org/apache/logging/log4j/core/lookup/JavaLookup
13:34:20.181 [main] INFO org.evosuite.runtime.instrumentation.EvoClassLoader -- Keeping class: org.apache.logging.log4j.core.lookup.JavaLookup
13:34:20.182 [main] INFO org.evosuite.runtime.instrumentation.EvoClassLoader -- Seeing class for first time: org.apache.logging.log4j.core.lookup.SystemPropertiesLookup
13:34:20.182 [main] INFO org.evosuite.runtime.instrumentation.EvoClassLoader -- Instrumenting class 'org.apache.logging.log4j.core.lookup.SystemPropertiesLookup'.
13:34:20.183 [main] INFO org.evosuite.runtime.instrumentation.MethodCallReplacementClassAdapter -- Adding mock interface to class org/apache/logging/log4j/core/lookup/SystemPropertiesLookup
13:34:20.184 [main] INFO org.evosuite.runtime.instrumentation.CreateClassResetClassAdapter -- Found static initializer in class org/apache/logging/log4j/core/lookup/SystemPropertiesLookup
13:34:20.184 [main] INFO org.evosuite.runtime.instrumentation.EvoClassLoader -- Keeping class: org.apache.logging.log4j.core.lookup.SystemPropertiesLookup
13:34:20.185 [main] INFO org.evosuite.runtime.instrumentation.EvoClassLoader -- Seeing class for first time: org.apache.logging.log4j.core.appender.AbstractManager
13:34:20.185 [main] INFO org.evosuite.runtime.instrumentation.EvoClassLoader -- Instrumenting class 'org.apache.logging.log4j.core.appender.AbstractManager'.
13:34:20.186 [main] INFO org.evosuite.runtime.instrumentation.MethodCallReplacementClassAdapter -- Adding mock interface to class org/apache/logging/log4j/core/appender/AbstractManager
13:34:20.188 [main] INFO org.evosuite.runtime.instrumentation.CreateClassResetClassAdapter -- Found static initializer in class org/apache/logging/log4j/core/appender/AbstractManager
13:34:20.189 [main] INFO org.evosuite.runtime.instrumentation.EvoClassLoader -- Defined package (3): package org.apache.logging.log4j.core.appender, -1420077475
13:34:20.189 [main] INFO org.evosuite.runtime.instrumentation.EvoClassLoader -- Keeping class: org.apache.logging.log4j.core.appender.AbstractManager
13:34:20.189 [main] INFO org.evosuite.runtime.instrumentation.EvoClassLoader -- Seeing class for first time: org.apache.logging.log4j.core.config.ConfigurationException
13:34:20.189 [main] INFO org.evosuite.runtime.instrumentation.EvoClassLoader -- Instrumenting class 'org.apache.logging.log4j.core.config.ConfigurationException'.
13:34:20.190 [main] INFO org.evosuite.runtime.instrumentation.MethodCallReplacementClassAdapter -- Adding mock interface to class org/apache/logging/log4j/core/config/ConfigurationException
13:34:20.191 [main] INFO org.evosuite.runtime.instrumentation.CreateClassResetClassAdapter -- Creating brand-new static initializer in class org/apache/logging/log4j/core/config/ConfigurationException
13:34:20.192 [main] INFO org.evosuite.runtime.instrumentation.EvoClassLoader -- Keeping class: org.apache.logging.log4j.core.config.ConfigurationException
13:34:20.192 [main] INFO org.evosuite.runtime.instrumentation.EvoClassLoader -- Seeing class for first time: org.apache.logging.log4j.core.appender.ManagerFactory
13:34:20.192 [main] INFO org.evosuite.runtime.instrumentation.EvoClassLoader -- Instrumenting class 'org.apache.logging.log4j.core.appender.ManagerFactory'.
13:34:20.193 [main] INFO org.evosuite.runtime.instrumentation.EvoClassLoader -- Keeping class: org.apache.logging.log4j.core.appender.ManagerFactory
13:34:20.194 [main] INFO org.evosuite.runtime.instrumentation.EvoClassLoader -- Seeing class for first time: org.apache.logging.log4j.core.net.JndiManager$JndiManagerFactory
13:34:20.194 [main] INFO org.evosuite.runtime.instrumentation.EvoClassLoader -- Instrumenting class 'org.apache.logging.log4j.core.net.JndiManager$JndiManagerFactory'.
13:34:20.195 [main] INFO org.evosuite.runtime.instrumentation.MethodCallReplacementClassAdapter -- Adding mock interface to class org/apache/logging/log4j/core/net/JndiManager$JndiManagerFactory
13:34:20.198 [main] INFO org.evosuite.runtime.instrumentation.CreateClassResetClassAdapter -- Creating brand-new static initializer in class org/apache/logging/log4j/core/net/JndiManager$JndiManagerFactory
13:34:20.199 [main] INFO org.evosuite.runtime.instrumentation.EvoClassLoader -- Keeping class: org.apache.logging.log4j.core.net.JndiManager$JndiManagerFactory
13:34:20.199 [main] INFO org.evosuite.runtime.instrumentation.EvoClassLoader -- Seeing class for first time: org.apache.logging.log4j.core.net.JndiManager
13:34:20.199 [main] INFO org.evosuite.runtime.instrumentation.EvoClassLoader -- Instrumenting class 'org.apache.logging.log4j.core.net.JndiManager'.
13:34:20.200 [main] INFO org.evosuite.runtime.instrumentation.MethodCallReplacementClassAdapter -- Adding mock interface to class org/apache/logging/log4j/core/net/JndiManager
13:34:20.204 [main] INFO org.evosuite.runtime.instrumentation.CreateClassResetClassAdapter -- Found static initializer in class org/apache/logging/log4j/core/net/JndiManager
13:34:20.204 [main] INFO org.evosuite.runtime.instrumentation.EvoClassLoader -- Keeping class: org.apache.logging.log4j.core.net.JndiManager
13:34:20.206 [main] INFO org.evosuite.runtime.instrumentation.EvoClassLoader -- Seeing class for first time: org.apache.logging.log4j.core.lookup.MapLookup
13:34:20.206 [main] INFO org.evosuite.runtime.instrumentation.EvoClassLoader -- Instrumenting class 'org.apache.logging.log4j.core.lookup.MapLookup'.
13:34:20.207 [main] INFO org.evosuite.runtime.instrumentation.MethodCallReplacementClassAdapter -- Adding mock interface to class org/apache/logging/log4j/core/lookup/MapLookup
13:34:20.208 [main] INFO org.evosuite.runtime.instrumentation.CreateClassResetClassAdapter -- Creating brand-new static initializer in class org/apache/logging/log4j/core/lookup/MapLookup
13:34:20.209 [main] INFO org.evosuite.runtime.instrumentation.EvoClassLoader -- Keeping class: org.apache.logging.log4j.core.lookup.MapLookup
13:34:20.209 [main] INFO org.evosuite.runtime.instrumentation.EvoClassLoader -- Seeing class for first time: org.apache.logging.log4j.core.lookup.JmxRuntimeInputArgumentsLookup
13:34:20.209 [main] INFO org.evosuite.runtime.instrumentation.EvoClassLoader -- Instrumenting class 'org.apache.logging.log4j.core.lookup.JmxRuntimeInputArgumentsLookup'.
13:34:20.210 [main] INFO org.evosuite.runtime.instrumentation.MethodCallReplacementClassAdapter -- Adding mock interface to class org/apache/logging/log4j/core/lookup/JmxRuntimeInputArgumentsLookup
13:34:20.211 [main] INFO org.evosuite.runtime.instrumentation.CreateClassResetClassAdapter -- Found static initializer in class org/apache/logging/log4j/core/lookup/JmxRuntimeInputArgumentsLookup
13:34:20.211 [main] INFO org.evosuite.runtime.instrumentation.EvoClassLoader -- Keeping class: org.apache.logging.log4j.core.lookup.JmxRuntimeInputArgumentsLookup
13:34:20.215 [main] INFO org.evosuite.runtime.instrumentation.EvoClassLoader -- Seeing class for first time: org.apache.logging.log4j.core.lookup.Log4jLookup
13:34:20.215 [main] INFO org.evosuite.runtime.instrumentation.EvoClassLoader -- Instrumenting class 'org.apache.logging.log4j.core.lookup.Log4jLookup'.
13:34:20.216 [main] INFO org.evosuite.runtime.instrumentation.MethodCallReplacementClassAdapter -- Adding mock interface to class org/apache/logging/log4j/core/lookup/Log4jLookup
13:34:20.218 [main] INFO org.evosuite.runtime.instrumentation.CreateClassResetClassAdapter -- Found static initializer in class org/apache/logging/log4j/core/lookup/Log4jLookup
13:34:20.219 [main] INFO org.evosuite.runtime.instrumentation.EvoClassLoader -- Keeping class: org.apache.logging.log4j.core.lookup.Log4jLookup
13:34:20.220 [main] INFO org.evosuite.runtime.instrumentation.EvoClassLoader -- Seeing class for first time: org.apache.logging.log4j.core.lookup.LowerLookup
13:34:20.220 [main] INFO org.evosuite.runtime.instrumentation.EvoClassLoader -- Instrumenting class 'org.apache.logging.log4j.core.lookup.LowerLookup'.
13:34:20.221 [main] INFO org.evosuite.runtime.instrumentation.MethodCallReplacementClassAdapter -- Adding mock interface to class org/apache/logging/log4j/core/lookup/LowerLookup
13:34:20.221 [main] INFO org.evosuite.runtime.instrumentation.CreateClassResetClassAdapter -- Creating brand-new static initializer in class org/apache/logging/log4j/core/lookup/LowerLookup
13:34:20.222 [main] INFO org.evosuite.runtime.instrumentation.EvoClassLoader -- Keeping class: org.apache.logging.log4j.core.lookup.LowerLookup
13:34:20.223 [main] INFO org.evosuite.runtime.instrumentation.EvoClassLoader -- Seeing class for first time: org.apache.logging.log4j.core.lookup.MainMapLookup
13:34:20.223 [main] INFO org.evosuite.runtime.instrumentation.EvoClassLoader -- Instrumenting class 'org.apache.logging.log4j.core.lookup.MainMapLookup'.
13:34:20.224 [main] INFO org.evosuite.runtime.instrumentation.MethodCallReplacementClassAdapter -- Adding mock interface to class org/apache/logging/log4j/core/lookup/MainMapLookup
13:34:20.225 [main] INFO org.evosuite.runtime.instrumentation.CreateClassResetClassAdapter -- Found static initializer in class org/apache/logging/log4j/core/lookup/MainMapLookup
13:34:20.225 [main] INFO org.evosuite.runtime.instrumentation.EvoClassLoader -- Keeping class: org.apache.logging.log4j.core.lookup.MainMapLookup
13:34:20.226 [main] INFO org.evosuite.runtime.instrumentation.EvoClassLoader -- Seeing class for first time: org.apache.logging.log4j.core.lookup.MarkerLookup
13:34:20.226 [main] INFO org.evosuite.runtime.instrumentation.EvoClassLoader -- Instrumenting class 'org.apache.logging.log4j.core.lookup.MarkerLookup'.
13:34:20.227 [main] INFO org.evosuite.runtime.instrumentation.MethodCallReplacementClassAdapter -- Adding mock interface to class org/apache/logging/log4j/core/lookup/MarkerLookup
13:34:20.228 [main] INFO org.evosuite.runtime.instrumentation.CreateClassResetClassAdapter -- Creating brand-new static initializer in class org/apache/logging/log4j/core/lookup/MarkerLookup
13:34:20.228 [main] INFO org.evosuite.runtime.instrumentation.CreateClassResetClassAdapter -- Adding bytecode for initializing field MARKER
13:34:20.229 [main] INFO org.evosuite.runtime.instrumentation.EvoClassLoader -- Keeping class: org.apache.logging.log4j.core.lookup.MarkerLookup
13:34:20.230 [main] INFO org.evosuite.runtime.instrumentation.EvoClassLoader -- Seeing class for first time: org.apache.logging.log4j.core.lookup.StructuredDataLookup
13:34:20.230 [main] INFO org.evosuite.runtime.instrumentation.EvoClassLoader -- Instrumenting class 'org.apache.logging.log4j.core.lookup.StructuredDataLookup'.
13:34:20.231 [main] INFO org.evosuite.runtime.instrumentation.MethodCallReplacementClassAdapter -- Adding mock interface to class org/apache/logging/log4j/core/lookup/StructuredDataLookup
13:34:20.233 [main] INFO org.evosuite.runtime.instrumentation.CreateClassResetClassAdapter -- Creating brand-new static initializer in class org/apache/logging/log4j/core/lookup/StructuredDataLookup
13:34:20.233 [main] INFO org.evosuite.runtime.instrumentation.CreateClassResetClassAdapter -- Adding bytecode for initializing field ID_KEY
13:34:20.233 [main] INFO org.evosuite.runtime.instrumentation.CreateClassResetClassAdapter -- Adding bytecode for initializing field TYPE_KEY
13:34:20.233 [main] INFO org.evosuite.runtime.instrumentation.EvoClassLoader -- Keeping class: org.apache.logging.log4j.core.lookup.StructuredDataLookup
13:34:20.234 [main] INFO org.evosuite.runtime.instrumentation.EvoClassLoader -- Seeing class for first time: org.apache.logging.log4j.core.test.junit.TestPropertyLookup
13:34:20.234 [main] INFO org.evosuite.runtime.instrumentation.EvoClassLoader -- Instrumenting class 'org.apache.logging.log4j.core.test.junit.TestPropertyLookup'.
13:34:20.236 [main] INFO org.evosuite.runtime.instrumentation.MethodCallReplacementClassAdapter -- Adding mock interface to class org/apache/logging/log4j/core/test/junit/TestPropertyLookup
13:34:20.237 [main] INFO org.evosuite.runtime.instrumentation.CreateClassResetClassAdapter -- Creating brand-new static initializer in class org/apache/logging/log4j/core/test/junit/TestPropertyLookup
13:34:20.237 [main] INFO org.evosuite.runtime.instrumentation.EvoClassLoader -- Defined package (3): package org.apache.logging.log4j.core.test.junit, -391611352
13:34:20.237 [main] INFO org.evosuite.runtime.instrumentation.EvoClassLoader -- Keeping class: org.apache.logging.log4j.core.test.junit.TestPropertyLookup
13:34:20.238 [main] INFO org.evosuite.runtime.instrumentation.EvoClassLoader -- Seeing class for first time: org.apache.logging.log4j.core.lookup.UpperLookup
13:34:20.238 [main] INFO org.evosuite.runtime.instrumentation.EvoClassLoader -- Instrumenting class 'org.apache.logging.log4j.core.lookup.UpperLookup'.
13:34:20.239 [main] INFO org.evosuite.runtime.instrumentation.MethodCallReplacementClassAdapter -- Adding mock interface to class org/apache/logging/log4j/core/lookup/UpperLookup
13:34:20.239 [main] INFO org.evosuite.runtime.instrumentation.CreateClassResetClassAdapter -- Creating brand-new static initializer in class org/apache/logging/log4j/core/lookup/UpperLookup
13:34:20.240 [main] INFO org.evosuite.runtime.instrumentation.EvoClassLoader -- Keeping class: org.apache.logging.log4j.core.lookup.UpperLookup
13:34:20.240 [main] INFO org.evosuite.runtime.instrumentation.EvoClassLoader -- Seeing class for first time: org.apache.logging.log4j.core.lookup.StrMatcher$CharMatcher
13:34:20.240 [main] INFO org.evosuite.runtime.instrumentation.EvoClassLoader -- Instrumenting class 'org.apache.logging.log4j.core.lookup.StrMatcher$CharMatcher'.
13:34:20.241 [main] INFO org.evosuite.runtime.instrumentation.MethodCallReplacementClassAdapter -- Adding mock interface to class org/apache/logging/log4j/core/lookup/StrMatcher$CharMatcher
13:34:20.242 [main] INFO org.evosuite.runtime.instrumentation.CreateClassResetClassAdapter -- Creating brand-new static initializer in class org/apache/logging/log4j/core/lookup/StrMatcher$CharMatcher
13:34:20.242 [main] INFO org.evosuite.runtime.instrumentation.EvoClassLoader -- Seeing class for first time: org.apache.logging.log4j.core.lookup.StrMatcher
13:34:20.242 [main] INFO org.evosuite.runtime.instrumentation.EvoClassLoader -- Instrumenting class 'org.apache.logging.log4j.core.lookup.StrMatcher'.
13:34:20.243 [main] INFO org.evosuite.runtime.instrumentation.MethodCallReplacementClassAdapter -- Adding mock interface to class org/apache/logging/log4j/core/lookup/StrMatcher
13:34:20.244 [main] INFO org.evosuite.runtime.instrumentation.CreateClassResetClassAdapter -- Found static initializer in class org/apache/logging/log4j/core/lookup/StrMatcher
13:34:20.245 [main] INFO org.evosuite.runtime.instrumentation.EvoClassLoader -- Keeping class: org.apache.logging.log4j.core.lookup.StrMatcher
13:34:20.245 [main] INFO org.evosuite.runtime.instrumentation.EvoClassLoader -- Keeping class: org.apache.logging.log4j.core.lookup.StrMatcher$CharMatcher
13:34:20.245 [main] INFO org.evosuite.runtime.instrumentation.EvoClassLoader -- Seeing class for first time: org.apache.logging.log4j.core.lookup.StrMatcher$TrimMatcher
13:34:20.245 [main] INFO org.evosuite.runtime.instrumentation.EvoClassLoader -- Instrumenting class 'org.apache.logging.log4j.core.lookup.StrMatcher$TrimMatcher'.
13:34:20.246 [main] INFO org.evosuite.runtime.instrumentation.MethodCallReplacementClassAdapter -- Adding mock interface to class org/apache/logging/log4j/core/lookup/StrMatcher$TrimMatcher
13:34:20.247 [main] INFO org.evosuite.runtime.instrumentation.CreateClassResetClassAdapter -- Creating brand-new static initializer in class org/apache/logging/log4j/core/lookup/StrMatcher$TrimMatcher
13:34:20.248 [main] INFO org.evosuite.runtime.instrumentation.EvoClassLoader -- Keeping class: org.apache.logging.log4j.core.lookup.StrMatcher$TrimMatcher
13:34:20.248 [main] INFO org.evosuite.runtime.instrumentation.EvoClassLoader -- Seeing class for first time: org.apache.logging.log4j.core.lookup.StrMatcher$NoMatcher
13:34:20.248 [main] INFO org.evosuite.runtime.instrumentation.EvoClassLoader -- Instrumenting class 'org.apache.logging.log4j.core.lookup.StrMatcher$NoMatcher'.
13:34:20.249 [main] INFO org.evosuite.runtime.instrumentation.MethodCallReplacementClassAdapter -- Adding mock interface to class org/apache/logging/log4j/core/lookup/StrMatcher$NoMatcher
13:34:20.250 [main] INFO org.evosuite.runtime.instrumentation.CreateClassResetClassAdapter -- Creating brand-new static initializer in class org/apache/logging/log4j/core/lookup/StrMatcher$NoMatcher
13:34:20.250 [main] INFO org.evosuite.runtime.instrumentation.EvoClassLoader -- Keeping class: org.apache.logging.log4j.core.lookup.StrMatcher$NoMatcher
13:34:20.250 [main] INFO org.evosuite.runtime.instrumentation.EvoClassLoader -- Seeing class for first time: org.apache.logging.log4j.core.lookup.StrMatcher$StringMatcher
13:34:20.250 [main] INFO org.evosuite.runtime.instrumentation.EvoClassLoader -- Instrumenting class 'org.apache.logging.log4j.core.lookup.StrMatcher$StringMatcher'.
13:34:20.251 [main] INFO org.evosuite.runtime.instrumentation.MethodCallReplacementClassAdapter -- Adding mock interface to class org/apache/logging/log4j/core/lookup/StrMatcher$StringMatcher
13:34:20.252 [main] INFO org.evosuite.runtime.instrumentation.CreateClassResetClassAdapter -- Creating brand-new static initializer in class org/apache/logging/log4j/core/lookup/StrMatcher$StringMatcher
13:34:20.253 [main] INFO org.evosuite.runtime.instrumentation.EvoClassLoader -- Keeping class: org.apache.logging.log4j.core.lookup.StrMatcher$StringMatcher
13:34:20.253 [main] INFO org.evosuite.runtime.instrumentation.EvoClassLoader -- Seeing class for first time: org.apache.logging.log4j.core.lookup.StrMatcher$CharSetMatcher
13:34:20.253 [main] INFO org.evosuite.runtime.instrumentation.EvoClassLoader -- Instrumenting class 'org.apache.logging.log4j.core.lookup.StrMatcher$CharSetMatcher'.
13:34:20.254 [main] INFO org.evosuite.runtime.instrumentation.MethodCallReplacementClassAdapter -- Adding mock interface to class org/apache/logging/log4j/core/lookup/StrMatcher$CharSetMatcher
13:34:20.255 [main] INFO org.evosuite.runtime.instrumentation.CreateClassResetClassAdapter -- Creating brand-new static initializer in class org/apache/logging/log4j/core/lookup/StrMatcher$CharSetMatcher
13:34:20.255 [main] INFO org.evosuite.runtime.instrumentation.EvoClassLoader -- Keeping class: org.apache.logging.log4j.core.lookup.StrMatcher$CharSetMatcher
13:34:20.260 [main] INFO org.evosuite.runtime.instrumentation.EvoClassLoader -- Seeing class for first time: org.apache.logging.log4j.core.impl.DefaultLogEventFactory
13:34:20.261 [main] INFO org.evosuite.runtime.instrumentation.EvoClassLoader -- Instrumenting class 'org.apache.logging.log4j.core.impl.DefaultLogEventFactory'.
13:34:20.261 [main] INFO org.evosuite.runtime.instrumentation.MethodCallReplacementClassAdapter -- Adding mock interface to class org/apache/logging/log4j/core/impl/DefaultLogEventFactory
13:34:20.262 [main] INFO org.evosuite.runtime.instrumentation.CreateClassResetClassAdapter -- Found static initializer in class org/apache/logging/log4j/core/impl/DefaultLogEventFactory
13:34:20.262 [main] INFO org.evosuite.runtime.instrumentation.EvoClassLoader -- Seeing class for first time: org.apache.logging.log4j.core.impl.LogEventFactory
13:34:20.262 [main] INFO org.evosuite.runtime.instrumentation.EvoClassLoader -- Instrumenting class 'org.apache.logging.log4j.core.impl.LogEventFactory'.
13:34:20.263 [main] INFO org.evosuite.runtime.instrumentation.EvoClassLoader -- Seeing class for first time: org.apache.logging.log4j.core.impl.LocationAwareLogEventFactory
13:34:20.263 [main] INFO org.evosuite.runtime.instrumentation.EvoClassLoader -- Instrumenting class 'org.apache.logging.log4j.core.impl.LocationAwareLogEventFactory'.
13:34:20.264 [main] INFO org.evosuite.runtime.instrumentation.EvoClassLoader -- Keeping class: org.apache.logging.log4j.core.impl.LocationAwareLogEventFactory
13:34:20.264 [main] INFO org.evosuite.runtime.instrumentation.EvoClassLoader -- Keeping class: org.apache.logging.log4j.core.impl.LogEventFactory
13:34:20.264 [main] INFO org.evosuite.runtime.instrumentation.EvoClassLoader -- Keeping class: org.apache.logging.log4j.core.impl.DefaultLogEventFactory
13:34:20.266 [main] INFO org.evosuite.runtime.instrumentation.EvoClassLoader -- Seeing class for first time: org.apache.logging.log4j.core.config.AppenderControl
13:34:20.266 [main] INFO org.evosuite.runtime.instrumentation.EvoClassLoader -- Instrumenting class 'org.apache.logging.log4j.core.config.AppenderControl'.
13:34:20.267 [main] INFO org.evosuite.runtime.instrumentation.MethodCallReplacementClassAdapter -- Adding mock interface to class org/apache/logging/log4j/core/config/AppenderControl
13:34:20.269 [main] INFO org.evosuite.runtime.instrumentation.CreateClassResetClassAdapter -- Found static initializer in class org/apache/logging/log4j/core/config/AppenderControl
13:34:20.269 [main] INFO org.evosuite.runtime.instrumentation.EvoClassLoader -- Keeping class: org.apache.logging.log4j.core.config.AppenderControl
13:34:20.270 [main] INFO org.evosuite.runtime.instrumentation.EvoClassLoader -- Seeing class for first time: org.apache.logging.log4j.core.config.LoggerConfig$LoggerConfigPredicate
13:34:20.270 [main] INFO org.evosuite.runtime.instrumentation.EvoClassLoader -- Instrumenting class 'org.apache.logging.log4j.core.config.LoggerConfig$LoggerConfigPredicate'.
13:34:20.270 [main] INFO org.evosuite.runtime.instrumentation.MethodCallReplacementClassAdapter -- Adding mock interface to class org/apache/logging/log4j/core/config/LoggerConfig$LoggerConfigPredicate
13:34:20.271 [main] INFO org.evosuite.runtime.instrumentation.CreateClassResetClassAdapter -- Found static initializer in class org/apache/logging/log4j/core/config/LoggerConfig$LoggerConfigPredicate
13:34:20.271 [main] INFO org.evosuite.runtime.instrumentation.EvoClassLoader -- Keeping class: org.apache.logging.log4j.core.config.LoggerConfig$LoggerConfigPredicate
13:34:20.271 [main] INFO org.evosuite.runtime.instrumentation.EvoClassLoader -- Seeing class for first time: org.apache.logging.log4j.core.config.AppenderRef
13:34:20.271 [main] INFO org.evosuite.runtime.instrumentation.EvoClassLoader -- Instrumenting class 'org.apache.logging.log4j.core.config.AppenderRef'.
13:34:20.272 [main] INFO org.evosuite.runtime.instrumentation.MethodCallReplacementClassAdapter -- Adding mock interface to class org/apache/logging/log4j/core/config/AppenderRef
13:34:20.273 [main] INFO org.evosuite.runtime.instrumentation.CreateClassResetClassAdapter -- Found static initializer in class org/apache/logging/log4j/core/config/AppenderRef
13:34:20.273 [main] INFO org.evosuite.runtime.instrumentation.EvoClassLoader -- Keeping class: org.apache.logging.log4j.core.config.AppenderRef
13:34:20.274 [main] INFO org.evosuite.runtime.instrumentation.EvoClassLoader -- Seeing class for first time: org.apache.logging.log4j.core.config.LoggerConfig$LevelAndRefs
13:34:20.274 [main] INFO org.evosuite.runtime.instrumentation.EvoClassLoader -- Instrumenting class 'org.apache.logging.log4j.core.config.LoggerConfig$LevelAndRefs'.
13:34:20.274 [main] INFO org.evosuite.runtime.instrumentation.MethodCallReplacementClassAdapter -- Adding mock interface to class org/apache/logging/log4j/core/config/LoggerConfig$LevelAndRefs
13:34:20.275 [main] INFO org.evosuite.runtime.instrumentation.CreateClassResetClassAdapter -- Creating brand-new static initializer in class org/apache/logging/log4j/core/config/LoggerConfig$LevelAndRefs
13:34:20.275 [main] INFO org.evosuite.runtime.instrumentation.EvoClassLoader -- Keeping class: org.apache.logging.log4j.core.config.LoggerConfig$LevelAndRefs
13:34:20.275 [main] INFO org.evosuite.runtime.instrumentation.EvoClassLoader -- Seeing class for first time: org.apache.logging.log4j.core.config.LoggerConfig$Builder
13:34:20.275 [main] INFO org.evosuite.runtime.instrumentation.EvoClassLoader -- Instrumenting class 'org.apache.logging.log4j.core.config.LoggerConfig$Builder'.
13:34:20.276 [main] INFO org.evosuite.runtime.instrumentation.MethodCallReplacementClassAdapter -- Adding mock interface to class org/apache/logging/log4j/core/config/LoggerConfig$Builder
13:34:20.278 [main] INFO org.evosuite.runtime.instrumentation.CreateClassResetClassAdapter -- Creating brand-new static initializer in class org/apache/logging/log4j/core/config/LoggerConfig$Builder
13:34:20.278 [main] INFO org.evosuite.runtime.instrumentation.EvoClassLoader -- Seeing class for first time: org.apache.logging.log4j.core.util.Builder
13:34:20.278 [main] INFO org.evosuite.runtime.instrumentation.EvoClassLoader -- Instrumenting class 'org.apache.logging.log4j.core.util.Builder'.
13:34:20.280 [main] INFO org.evosuite.runtime.instrumentation.EvoClassLoader -- Keeping class: org.apache.logging.log4j.core.util.Builder
13:34:20.281 [main] INFO org.evosuite.runtime.instrumentation.EvoClassLoader -- Keeping class: org.apache.logging.log4j.core.config.LoggerConfig$Builder
13:34:20.282 [main] INFO org.evosuite.runtime.instrumentation.EvoClassLoader -- Seeing class for first time: org.apache.logging.log4j.core.config.AppenderControlArraySet
13:34:20.282 [main] INFO org.evosuite.runtime.instrumentation.EvoClassLoader -- Instrumenting class 'org.apache.logging.log4j.core.config.AppenderControlArraySet'.
13:34:20.283 [main] INFO org.evosuite.runtime.instrumentation.MethodCallReplacementClassAdapter -- Adding mock interface to class org/apache/logging/log4j/core/config/AppenderControlArraySet
13:34:20.285 [main] INFO org.evosuite.runtime.instrumentation.CreateClassResetClassAdapter -- Found static initializer in class org/apache/logging/log4j/core/config/AppenderControlArraySet
13:34:20.285 [main] INFO org.evosuite.runtime.instrumentation.EvoClassLoader -- Keeping class: org.apache.logging.log4j.core.config.AppenderControlArraySet
13:34:20.287 [main] INFO org.evosuite.runtime.instrumentation.EvoClassLoader -- Seeing class for first time: org.apache.logging.log4j.core.appender.AppenderLoggingException
13:34:20.287 [main] INFO org.evosuite.runtime.instrumentation.EvoClassLoader -- Instrumenting class 'org.apache.logging.log4j.core.appender.AppenderLoggingException'.
13:34:20.288 [main] INFO org.evosuite.runtime.instrumentation.MethodCallReplacementClassAdapter -- Adding mock interface to class org/apache/logging/log4j/core/appender/AppenderLoggingException
13:34:20.289 [main] INFO org.evosuite.runtime.instrumentation.CreateClassResetClassAdapter -- Creating brand-new static initializer in class org/apache/logging/log4j/core/appender/AppenderLoggingException
13:34:20.290 [main] INFO org.evosuite.runtime.instrumentation.EvoClassLoader -- Keeping class: org.apache.logging.log4j.core.appender.AppenderLoggingException
13:34:20.291 [main] INFO org.evosuite.runtime.instrumentation.EvoClassLoader -- Seeing class for first time: org.apache.logging.log4j.core.config.DefaultReliabilityStrategy
13:34:20.291 [main] INFO org.evosuite.runtime.instrumentation.EvoClassLoader -- Instrumenting class 'org.apache.logging.log4j.core.config.DefaultReliabilityStrategy'.
13:34:20.293 [main] INFO org.evosuite.runtime.instrumentation.MethodCallReplacementClassAdapter -- Adding mock interface to class org/apache/logging/log4j/core/config/DefaultReliabilityStrategy
13:34:20.294 [main] INFO org.evosuite.runtime.instrumentation.CreateClassResetClassAdapter -- Creating brand-new static initializer in class org/apache/logging/log4j/core/config/DefaultReliabilityStrategy
13:34:20.295 [main] INFO org.evosuite.runtime.instrumentation.EvoClassLoader -- Seeing class for first time: org.apache.logging.log4j.core.config.LocationAwareReliabilityStrategy
13:34:20.295 [main] INFO org.evosuite.runtime.instrumentation.EvoClassLoader -- Instrumenting class 'org.apache.logging.log4j.core.config.LocationAwareReliabilityStrategy'.
13:34:20.297 [main] INFO org.evosuite.runtime.instrumentation.EvoClassLoader -- Keeping class: org.apache.logging.log4j.core.config.LocationAwareReliabilityStrategy
13:34:20.297 [main] INFO org.evosuite.runtime.instrumentation.EvoClassLoader -- Keeping class: org.apache.logging.log4j.core.config.DefaultReliabilityStrategy
13:34:20.299 [main] INFO org.evosuite.runtime.instrumentation.EvoClassLoader -- Seeing class for first time: org.apache.logging.log4j.core.util.CronExpression
13:34:20.299 [main] INFO org.evosuite.runtime.instrumentation.EvoClassLoader -- Instrumenting class 'org.apache.logging.log4j.core.util.CronExpression'.
13:34:20.302 [main] INFO org.evosuite.runtime.instrumentation.MethodCallReplacementClassAdapter -- Adding mock interface to class org/apache/logging/log4j/core/util/CronExpression
13:34:20.317 [main] INFO org.evosuite.runtime.instrumentation.CreateClassResetClassAdapter -- Found static initializer in class org/apache/logging/log4j/core/util/CronExpression
13:34:20.319 [main] INFO org.evosuite.runtime.instrumentation.EvoClassLoader -- Keeping class: org.apache.logging.log4j.core.util.CronExpression
13:34:20.319 [main] INFO org.evosuite.runtime.instrumentation.EvoClassLoader -- Seeing class for first time: org.apache.logging.log4j.core.config.CronScheduledFuture
13:34:20.319 [main] INFO org.evosuite.runtime.instrumentation.EvoClassLoader -- Instrumenting class 'org.apache.logging.log4j.core.config.CronScheduledFuture'.
13:34:20.320 [main] INFO org.evosuite.runtime.instrumentation.MethodCallReplacementClassAdapter -- Adding mock interface to class org/apache/logging/log4j/core/config/CronScheduledFuture
13:34:20.320 [main] INFO org.evosuite.runtime.instrumentation.CreateClassResetClassAdapter -- Creating brand-new static initializer in class org/apache/logging/log4j/core/config/CronScheduledFuture
13:34:20.321 [main] INFO org.evosuite.runtime.instrumentation.EvoClassLoader -- Keeping class: org.apache.logging.log4j.core.config.CronScheduledFuture
13:34:20.322 [main] INFO org.evosuite.runtime.instrumentation.EvoClassLoader -- Seeing class for first time: org.apache.logging.log4j.core.util.WatchManager$LocalUUID
13:34:20.322 [main] INFO org.evosuite.runtime.instrumentation.EvoClassLoader -- Instrumenting class 'org.apache.logging.log4j.core.util.WatchManager$LocalUUID'.
13:34:20.323 [main] INFO org.evosuite.runtime.instrumentation.MethodCallReplacementClassAdapter -- Adding mock interface to class org/apache/logging/log4j/core/util/WatchManager$LocalUUID
13:34:20.324 [main] INFO org.evosuite.runtime.instrumentation.CreateClassResetClassAdapter -- Found static initializer in class org/apache/logging/log4j/core/util/WatchManager$LocalUUID
13:34:20.324 [main] INFO org.evosuite.runtime.instrumentation.EvoClassLoader -- Keeping class: org.apache.logging.log4j.core.util.WatchManager$LocalUUID
13:34:20.324 [main] INFO org.evosuite.runtime.instrumentation.EvoClassLoader -- Seeing class for first time: org.apache.logging.log4j.core.util.WatchManager$WatchRunnable
13:34:20.324 [main] INFO org.evosuite.runtime.instrumentation.EvoClassLoader -- Instrumenting class 'org.apache.logging.log4j.core.util.WatchManager$WatchRunnable'.
13:34:20.325 [main] INFO org.evosuite.runtime.instrumentation.MethodCallReplacementClassAdapter -- Adding mock interface to class org/apache/logging/log4j/core/util/WatchManager$WatchRunnable
13:34:20.326 [main] INFO org.evosuite.runtime.instrumentation.CreateClassResetClassAdapter -- Creating brand-new static initializer in class org/apache/logging/log4j/core/util/WatchManager$WatchRunnable
13:34:20.326 [main] INFO org.evosuite.runtime.instrumentation.EvoClassLoader -- Keeping class: org.apache.logging.log4j.core.util.WatchManager$WatchRunnable
13:34:20.328 [main] INFO org.evosuite.runtime.instrumentation.EvoClassLoader -- Seeing class for first time: org.apache.logging.log4j.spi.LoggerRegistry
13:34:20.329 [main] INFO org.evosuite.runtime.instrumentation.EvoClassLoader -- Instrumenting class 'org.apache.logging.log4j.spi.LoggerRegistry'.
13:34:20.329 [main] INFO org.evosuite.runtime.instrumentation.MethodCallReplacementClassAdapter -- Adding mock interface to class org/apache/logging/log4j/spi/LoggerRegistry
13:34:20.331 [main] INFO org.evosuite.runtime.instrumentation.CreateClassResetClassAdapter -- Found static initializer in class org/apache/logging/log4j/spi/LoggerRegistry
13:34:20.331 [main] INFO org.evosuite.runtime.instrumentation.EvoClassLoader -- Keeping class: org.apache.logging.log4j.spi.LoggerRegistry
13:34:20.343 [main] INFO org.evosuite.runtime.instrumentation.EvoClassLoader -- Seeing class for first time: org.apache.logging.log4j.core.config.json.JsonConfigurationFactory
13:34:20.343 [main] INFO org.evosuite.runtime.instrumentation.EvoClassLoader -- Instrumenting class 'org.apache.logging.log4j.core.config.json.JsonConfigurationFactory'.
13:34:20.345 [main] INFO org.evosuite.runtime.instrumentation.MethodCallReplacementClassAdapter -- Adding mock interface to class org/apache/logging/log4j/core/config/json/JsonConfigurationFactory
13:34:20.347 [main] INFO org.evosuite.runtime.instrumentation.CreateClassResetClassAdapter -- Found static initializer in class org/apache/logging/log4j/core/config/json/JsonConfigurationFactory
13:34:20.348 [main] INFO org.evosuite.runtime.instrumentation.EvoClassLoader -- Defined package (3): package org.apache.logging.log4j.core.config.json, 1752556350
13:34:20.348 [main] INFO org.evosuite.runtime.instrumentation.EvoClassLoader -- Seeing class for first time: org.apache.logging.log4j.core.config.ConfigurationFactory
13:34:20.348 [main] INFO org.evosuite.runtime.instrumentation.EvoClassLoader -- Instrumenting class 'org.apache.logging.log4j.core.config.ConfigurationFactory'.
13:34:20.350 [main] INFO org.evosuite.runtime.instrumentation.MethodCallReplacementClassAdapter -- Adding mock interface to class org/apache/logging/log4j/core/config/ConfigurationFactory
13:34:20.360 [main] INFO org.evosuite.runtime.instrumentation.CreateClassResetClassAdapter -- Found static initializer in class org/apache/logging/log4j/core/config/ConfigurationFactory
13:34:20.362 [main] INFO org.evosuite.runtime.instrumentation.EvoClassLoader -- Seeing class for first time: org.apache.logging.log4j.core.config.builder.api.ConfigurationBuilderFactory
13:34:20.362 [main] INFO org.evosuite.runtime.instrumentation.EvoClassLoader -- Instrumenting class 'org.apache.logging.log4j.core.config.builder.api.ConfigurationBuilderFactory'.
13:34:20.363 [main] INFO org.evosuite.runtime.instrumentation.MethodCallReplacementClassAdapter -- Adding mock interface to class org/apache/logging/log4j/core/config/builder/api/ConfigurationBuilderFactory
13:34:20.364 [main] INFO org.evosuite.runtime.instrumentation.CreateClassResetClassAdapter -- Creating brand-new static initializer in class org/apache/logging/log4j/core/config/builder/api/ConfigurationBuilderFactory
13:34:20.364 [main] INFO org.evosuite.runtime.instrumentation.EvoClassLoader -- Defined package (3): package org.apache.logging.log4j.core.config.builder.api, 1106471473
13:34:20.365 [main] INFO org.evosuite.runtime.instrumentation.EvoClassLoader -- Keeping class: org.apache.logging.log4j.core.config.builder.api.ConfigurationBuilderFactory
13:34:20.365 [main] INFO org.evosuite.runtime.instrumentation.EvoClassLoader -- Keeping class: org.apache.logging.log4j.core.config.ConfigurationFactory
13:34:20.365 [main] INFO org.evosuite.runtime.instrumentation.EvoClassLoader -- Keeping class: org.apache.logging.log4j.core.config.json.JsonConfigurationFactory
13:34:20.365 [main] INFO org.evosuite.runtime.instrumentation.EvoClassLoader -- Seeing class for first time: org.apache.logging.log4j.core.config.properties.PropertiesConfigurationFactory
13:34:20.365 [main] INFO org.evosuite.runtime.instrumentation.EvoClassLoader -- Instrumenting class 'org.apache.logging.log4j.core.config.properties.PropertiesConfigurationFactory'.
13:34:20.366 [main] INFO org.evosuite.runtime.instrumentation.MethodCallReplacementClassAdapter -- Adding mock interface to class org/apache/logging/log4j/core/config/properties/PropertiesConfigurationFactory
13:34:20.368 [main] INFO org.evosuite.runtime.instrumentation.CreateClassResetClassAdapter -- Creating brand-new static initializer in class org/apache/logging/log4j/core/config/properties/PropertiesConfigurationFactory
13:34:20.368 [main] INFO org.evosuite.runtime.instrumentation.EvoClassLoader -- Defined package (3): package org.apache.logging.log4j.core.config.properties, -1256658167
13:34:20.368 [main] INFO org.evosuite.runtime.instrumentation.EvoClassLoader -- Keeping class: org.apache.logging.log4j.core.config.properties.PropertiesConfigurationFactory
13:34:20.368 [main] INFO org.evosuite.runtime.instrumentation.EvoClassLoader -- Seeing class for first time: org.apache.logging.log4j.core.config.xml.XmlConfigurationFactory
13:34:20.368 [main] INFO org.evosuite.runtime.instrumentation.EvoClassLoader -- Instrumenting class 'org.apache.logging.log4j.core.config.xml.XmlConfigurationFactory'.
13:34:20.370 [main] INFO org.evosuite.runtime.instrumentation.MethodCallReplacementClassAdapter -- Adding mock interface to class org/apache/logging/log4j/core/config/xml/XmlConfigurationFactory
13:34:20.371 [main] INFO org.evosuite.runtime.instrumentation.CreateClassResetClassAdapter -- Found static initializer in class org/apache/logging/log4j/core/config/xml/XmlConfigurationFactory
13:34:20.371 [main] INFO org.evosuite.runtime.instrumentation.EvoClassLoader -- Defined package (3): package org.apache.logging.log4j.core.config.xml, -220547327
13:34:20.371 [main] INFO org.evosuite.runtime.instrumentation.EvoClassLoader -- Keeping class: org.apache.logging.log4j.core.config.xml.XmlConfigurationFactory
13:34:20.371 [main] INFO org.evosuite.runtime.instrumentation.EvoClassLoader -- Seeing class for first time: org.apache.logging.log4j.core.config.yaml.YamlConfigurationFactory
13:34:20.371 [main] INFO org.evosuite.runtime.instrumentation.EvoClassLoader -- Instrumenting class 'org.apache.logging.log4j.core.config.yaml.YamlConfigurationFactory'.
13:34:20.373 [main] INFO org.evosuite.runtime.instrumentation.MethodCallReplacementClassAdapter -- Adding mock interface to class org/apache/logging/log4j/core/config/yaml/YamlConfigurationFactory
13:34:20.374 [main] INFO org.evosuite.runtime.instrumentation.CreateClassResetClassAdapter -- Found static initializer in class org/apache/logging/log4j/core/config/yaml/YamlConfigurationFactory
13:34:20.374 [main] INFO org.evosuite.runtime.instrumentation.EvoClassLoader -- Defined package (3): package org.apache.logging.log4j.core.config.yaml, 1752985853
13:34:20.375 [main] INFO org.evosuite.runtime.instrumentation.EvoClassLoader -- Keeping class: org.apache.logging.log4j.core.config.yaml.YamlConfigurationFactory
13:34:20.375 [main] INFO org.evosuite.runtime.instrumentation.EvoClassLoader -- Seeing class for first time: org.apache.logging.log4j.core.pattern.AbstractStyleNameConverter$Black
13:34:20.375 [main] INFO org.evosuite.runtime.instrumentation.EvoClassLoader -- Instrumenting class 'org.apache.logging.log4j.core.pattern.AbstractStyleNameConverter$Black'.
13:34:20.377 [main] INFO org.evosuite.runtime.instrumentation.MethodCallReplacementClassAdapter -- Adding mock interface to class org/apache/logging/log4j/core/pattern/AbstractStyleNameConverter$Black
13:34:20.378 [main] INFO org.evosuite.runtime.instrumentation.CreateClassResetClassAdapter -- Creating brand-new static initializer in class org/apache/logging/log4j/core/pattern/AbstractStyleNameConverter$Black
13:34:20.378 [main] INFO org.evosuite.runtime.instrumentation.CreateClassResetClassAdapter -- Adding bytecode for initializing field NAME
13:34:20.378 [main] INFO org.evosuite.runtime.instrumentation.EvoClassLoader -- Defined package (3): package org.apache.logging.log4j.core.pattern, -597649478
13:34:20.379 [main] INFO org.evosuite.runtime.instrumentation.EvoClassLoader -- Seeing class for first time: org.apache.logging.log4j.core.pattern.AbstractStyleNameConverter
13:34:20.379 [main] INFO org.evosuite.runtime.instrumentation.EvoClassLoader -- Instrumenting class 'org.apache.logging.log4j.core.pattern.AbstractStyleNameConverter'.
13:34:20.381 [main] INFO org.evosuite.runtime.instrumentation.MethodCallReplacementClassAdapter -- Adding mock interface to class org/apache/logging/log4j/core/pattern/AbstractStyleNameConverter
13:34:20.393 [main] INFO org.evosuite.runtime.instrumentation.CreateClassResetClassAdapter -- Creating brand-new static initializer in class org/apache/logging/log4j/core/pattern/AbstractStyleNameConverter
13:34:20.393 [main] INFO org.evosuite.runtime.instrumentation.EvoClassLoader -- Seeing class for first time: org.apache.logging.log4j.core.pattern.LogEventPatternConverter
13:34:20.393 [main] INFO org.evosuite.runtime.instrumentation.EvoClassLoader -- Instrumenting class 'org.apache.logging.log4j.core.pattern.LogEventPatternConverter'.
13:34:20.394 [main] INFO org.evosuite.runtime.instrumentation.MethodCallReplacementClassAdapter -- Adding mock interface to class org/apache/logging/log4j/core/pattern/LogEventPatternConverter
13:34:20.395 [main] INFO org.evosuite.runtime.instrumentation.CreateClassResetClassAdapter -- Creating brand-new static initializer in class org/apache/logging/log4j/core/pattern/LogEventPatternConverter
13:34:20.395 [main] INFO org.evosuite.runtime.instrumentation.EvoClassLoader -- Seeing class for first time: org.apache.logging.log4j.core.pattern.AbstractPatternConverter
13:34:20.395 [main] INFO org.evosuite.runtime.instrumentation.EvoClassLoader -- Instrumenting class 'org.apache.logging.log4j.core.pattern.AbstractPatternConverter'.
13:34:20.397 [main] INFO org.evosuite.runtime.instrumentation.MethodCallReplacementClassAdapter -- Adding mock interface to class org/apache/logging/log4j/core/pattern/AbstractPatternConverter
13:34:20.398 [main] INFO org.evosuite.runtime.instrumentation.CreateClassResetClassAdapter -- Found static initializer in class org/apache/logging/log4j/core/pattern/AbstractPatternConverter
13:34:20.398 [main] INFO org.evosuite.runtime.instrumentation.EvoClassLoader -- Seeing class for first time: org.apache.logging.log4j.core.pattern.PatternConverter
13:34:20.398 [main] INFO org.evosuite.runtime.instrumentation.EvoClassLoader -- Instrumenting class 'org.apache.logging.log4j.core.pattern.PatternConverter'.
13:34:20.401 [main] INFO org.evosuite.runtime.instrumentation.EvoClassLoader -- Keeping class: org.apache.logging.log4j.core.pattern.PatternConverter
13:34:20.401 [main] INFO org.evosuite.runtime.instrumentation.EvoClassLoader -- Keeping class: org.apache.logging.log4j.core.pattern.AbstractPatternConverter
13:34:20.401 [main] INFO org.evosuite.runtime.instrumentation.EvoClassLoader -- Keeping class: org.apache.logging.log4j.core.pattern.LogEventPatternConverter
13:34:20.401 [main] INFO org.evosuite.runtime.instrumentation.EvoClassLoader -- Keeping class: org.apache.logging.log4j.core.pattern.AbstractStyleNameConverter
13:34:20.401 [main] INFO org.evosuite.runtime.instrumentation.EvoClassLoader -- Keeping class: org.apache.logging.log4j.core.pattern.AbstractStyleNameConverter$Black
13:34:20.401 [main] INFO org.evosuite.runtime.instrumentation.EvoClassLoader -- Seeing class for first time: org.apache.logging.log4j.core.pattern.AbstractStyleNameConverter$Blue
13:34:20.401 [main] INFO org.evosuite.runtime.instrumentation.EvoClassLoader -- Instrumenting class 'org.apache.logging.log4j.core.pattern.AbstractStyleNameConverter$Blue'.
13:34:20.406 [main] INFO org.evosuite.runtime.instrumentation.MethodCallReplacementClassAdapter -- Adding mock interface to class org/apache/logging/log4j/core/pattern/AbstractStyleNameConverter$Blue
13:34:20.407 [main] INFO org.evosuite.runtime.instrumentation.CreateClassResetClassAdapter -- Creating brand-new static initializer in class org/apache/logging/log4j/core/pattern/AbstractStyleNameConverter$Blue
13:34:20.407 [main] INFO org.evosuite.runtime.instrumentation.CreateClassResetClassAdapter -- Adding bytecode for initializing field NAME
13:34:20.408 [main] INFO org.evosuite.runtime.instrumentation.EvoClassLoader -- Keeping class: org.apache.logging.log4j.core.pattern.AbstractStyleNameConverter$Blue
13:34:20.408 [main] INFO org.evosuite.runtime.instrumentation.EvoClassLoader -- Seeing class for first time: org.apache.logging.log4j.core.pattern.ClassNamePatternConverter
13:34:20.408 [main] INFO org.evosuite.runtime.instrumentation.EvoClassLoader -- Instrumenting class 'org.apache.logging.log4j.core.pattern.ClassNamePatternConverter'.
13:34:20.409 [main] INFO org.evosuite.runtime.instrumentation.MethodCallReplacementClassAdapter -- Adding mock interface to class org/apache/logging/log4j/core/pattern/ClassNamePatternConverter
13:34:20.409 [main] INFO org.evosuite.runtime.instrumentation.CreateClassResetClassAdapter -- Creating brand-new static initializer in class org/apache/logging/log4j/core/pattern/ClassNamePatternConverter
13:34:20.409 [main] INFO org.evosuite.runtime.instrumentation.CreateClassResetClassAdapter -- Adding bytecode for initializing field NA
13:34:20.410 [main] INFO org.evosuite.runtime.instrumentation.EvoClassLoader -- Seeing class for first time: org.apache.logging.log4j.core.pattern.NamePatternConverter
13:34:20.410 [main] INFO org.evosuite.runtime.instrumentation.EvoClassLoader -- Instrumenting class 'org.apache.logging.log4j.core.pattern.NamePatternConverter'.
13:34:20.411 [main] INFO org.evosuite.runtime.instrumentation.MethodCallReplacementClassAdapter -- Adding mock interface to class org/apache/logging/log4j/core/pattern/NamePatternConverter
13:34:20.412 [main] INFO org.evosuite.runtime.instrumentation.CreateClassResetClassAdapter -- Creating brand-new static initializer in class org/apache/logging/log4j/core/pattern/NamePatternConverter
13:34:20.413 [main] INFO org.evosuite.runtime.instrumentation.EvoClassLoader -- Keeping class: org.apache.logging.log4j.core.pattern.NamePatternConverter
13:34:20.413 [main] INFO org.evosuite.runtime.instrumentation.EvoClassLoader -- Keeping class: org.apache.logging.log4j.core.pattern.ClassNamePatternConverter
13:34:20.413 [main] INFO org.evosuite.runtime.instrumentation.EvoClassLoader -- Seeing class for first time: org.apache.logging.log4j.core.pattern.AbstractStyleNameConverter$Cyan
13:34:20.413 [main] INFO org.evosuite.runtime.instrumentation.EvoClassLoader -- Instrumenting class 'org.apache.logging.log4j.core.pattern.AbstractStyleNameConverter$Cyan'.
13:34:20.415 [main] INFO org.evosuite.runtime.instrumentation.MethodCallReplacementClassAdapter -- Adding mock interface to class org/apache/logging/log4j/core/pattern/AbstractStyleNameConverter$Cyan
13:34:20.416 [main] INFO org.evosuite.runtime.instrumentation.CreateClassResetClassAdapter -- Creating brand-new static initializer in class org/apache/logging/log4j/core/pattern/AbstractStyleNameConverter$Cyan
13:34:20.416 [main] INFO org.evosuite.runtime.instrumentation.CreateClassResetClassAdapter -- Adding bytecode for initializing field NAME
13:34:20.416 [main] INFO org.evosuite.runtime.instrumentation.EvoClassLoader -- Keeping class: org.apache.logging.log4j.core.pattern.AbstractStyleNameConverter$Cyan
13:34:20.416 [main] INFO org.evosuite.runtime.instrumentation.EvoClassLoader -- Seeing class for first time: org.apache.logging.log4j.core.pattern.DatePatternConverter
13:34:20.416 [main] INFO org.evosuite.runtime.instrumentation.EvoClassLoader -- Instrumenting class 'org.apache.logging.log4j.core.pattern.DatePatternConverter'.
13:34:20.418 [main] INFO org.evosuite.runtime.instrumentation.MethodCallReplacementClassAdapter -- Adding mock interface to class org/apache/logging/log4j/core/pattern/DatePatternConverter
13:34:20.424 [main] INFO org.evosuite.runtime.instrumentation.CreateClassResetClassAdapter -- Creating brand-new static initializer in class org/apache/logging/log4j/core/pattern/DatePatternConverter
13:34:20.424 [main] INFO org.evosuite.runtime.instrumentation.CreateClassResetClassAdapter -- Adding bytecode for initializing field UNIX_FORMAT
13:34:20.424 [main] INFO org.evosuite.runtime.instrumentation.CreateClassResetClassAdapter -- Adding bytecode for initializing field UNIX_MILLIS_FORMAT
13:34:20.425 [main] INFO org.evosuite.runtime.instrumentation.EvoClassLoader -- Seeing class for first time: org.apache.logging.log4j.core.pattern.ArrayPatternConverter
13:34:20.425 [main] INFO org.evosuite.runtime.instrumentation.EvoClassLoader -- Instrumenting class 'org.apache.logging.log4j.core.pattern.ArrayPatternConverter'.
13:34:20.427 [main] INFO org.evosuite.runtime.instrumentation.EvoClassLoader -- Keeping class: org.apache.logging.log4j.core.pattern.ArrayPatternConverter
13:34:20.427 [main] INFO org.evosuite.runtime.instrumentation.EvoClassLoader -- Keeping class: org.apache.logging.log4j.core.pattern.DatePatternConverter
13:34:20.427 [main] INFO org.evosuite.runtime.instrumentation.EvoClassLoader -- Seeing class for first time: org.apache.logging.log4j.core.pattern.EncodingPatternConverter
13:34:20.427 [main] INFO org.evosuite.runtime.instrumentation.EvoClassLoader -- Instrumenting class 'org.apache.logging.log4j.core.pattern.EncodingPatternConverter'.
13:34:20.428 [main] INFO org.evosuite.runtime.instrumentation.MethodCallReplacementClassAdapter -- Adding mock interface to class org/apache/logging/log4j/core/pattern/EncodingPatternConverter
13:34:20.430 [main] INFO org.evosuite.runtime.instrumentation.CreateClassResetClassAdapter -- Creating brand-new static initializer in class org/apache/logging/log4j/core/pattern/EncodingPatternConverter
13:34:20.431 [main] INFO org.evosuite.runtime.instrumentation.EvoClassLoader -- Keeping class: org.apache.logging.log4j.core.pattern.EncodingPatternConverter
13:34:20.431 [main] INFO org.evosuite.runtime.instrumentation.EvoClassLoader -- Seeing class for first time: org.apache.logging.log4j.core.pattern.EndOfBatchPatternConverter
13:34:20.431 [main] INFO org.evosuite.runtime.instrumentation.EvoClassLoader -- Instrumenting class 'org.apache.logging.log4j.core.pattern.EndOfBatchPatternConverter'.
13:34:20.432 [main] INFO org.evosuite.runtime.instrumentation.MethodCallReplacementClassAdapter -- Adding mock interface to class org/apache/logging/log4j/core/pattern/EndOfBatchPatternConverter
13:34:20.433 [main] INFO org.evosuite.runtime.instrumentation.CreateClassResetClassAdapter -- Found static initializer in class org/apache/logging/log4j/core/pattern/EndOfBatchPatternConverter
13:34:20.433 [main] INFO org.evosuite.runtime.instrumentation.EvoClassLoader -- Keeping class: org.apache.logging.log4j.core.pattern.EndOfBatchPatternConverter
13:34:20.433 [main] INFO org.evosuite.runtime.instrumentation.EvoClassLoader -- Seeing class for first time: org.apache.logging.log4j.core.pattern.EqualsReplacementConverter
13:34:20.433 [main] INFO org.evosuite.runtime.instrumentation.EvoClassLoader -- Instrumenting class 'org.apache.logging.log4j.core.pattern.EqualsReplacementConverter'.
13:34:20.434 [main] INFO org.evosuite.runtime.instrumentation.MethodCallReplacementClassAdapter -- Adding mock interface to class org/apache/logging/log4j/core/pattern/EqualsReplacementConverter
13:34:20.435 [main] INFO org.evosuite.runtime.instrumentation.CreateClassResetClassAdapter -- Creating brand-new static initializer in class org/apache/logging/log4j/core/pattern/EqualsReplacementConverter
13:34:20.435 [main] INFO org.evosuite.runtime.instrumentation.EvoClassLoader -- Seeing class for first time: org.apache.logging.log4j.core.pattern.EqualsBaseReplacementConverter
13:34:20.435 [main] INFO org.evosuite.runtime.instrumentation.EvoClassLoader -- Instrumenting class 'org.apache.logging.log4j.core.pattern.EqualsBaseReplacementConverter'.
13:34:20.436 [main] INFO org.evosuite.runtime.instrumentation.MethodCallReplacementClassAdapter -- Adding mock interface to class org/apache/logging/log4j/core/pattern/EqualsBaseReplacementConverter
13:34:20.437 [main] INFO org.evosuite.runtime.instrumentation.CreateClassResetClassAdapter -- Creating brand-new static initializer in class org/apache/logging/log4j/core/pattern/EqualsBaseReplacementConverter
13:34:20.437 [main] INFO org.evosuite.runtime.instrumentation.EvoClassLoader -- Keeping class: org.apache.logging.log4j.core.pattern.EqualsBaseReplacementConverter
13:34:20.437 [main] INFO org.evosuite.runtime.instrumentation.EvoClassLoader -- Keeping class: org.apache.logging.log4j.core.pattern.EqualsReplacementConverter
13:34:20.437 [main] INFO org.evosuite.runtime.instrumentation.EvoClassLoader -- Seeing class for first time: org.apache.logging.log4j.core.pattern.EqualsIgnoreCaseReplacementConverter
13:34:20.438 [main] INFO org.evosuite.runtime.instrumentation.EvoClassLoader -- Instrumenting class 'org.apache.logging.log4j.core.pattern.EqualsIgnoreCaseReplacementConverter'.
13:34:20.439 [main] INFO org.evosuite.runtime.instrumentation.MethodCallReplacementClassAdapter -- Adding mock interface to class org/apache/logging/log4j/core/pattern/EqualsIgnoreCaseReplacementConverter
13:34:20.439 [main] INFO org.evosuite.runtime.instrumentation.CreateClassResetClassAdapter -- Creating brand-new static initializer in class org/apache/logging/log4j/core/pattern/EqualsIgnoreCaseReplacementConverter
13:34:20.440 [main] INFO org.evosuite.runtime.instrumentation.EvoClassLoader -- Keeping class: org.apache.logging.log4j.core.pattern.EqualsIgnoreCaseReplacementConverter
13:34:20.440 [main] INFO org.evosuite.runtime.instrumentation.EvoClassLoader -- Seeing class for first time: org.apache.logging.log4j.core.pattern.ExtendedThrowablePatternConverter
13:34:20.440 [main] INFO org.evosuite.runtime.instrumentation.EvoClassLoader -- Instrumenting class 'org.apache.logging.log4j.core.pattern.ExtendedThrowablePatternConverter'.
13:34:20.441 [main] INFO org.evosuite.runtime.instrumentation.MethodCallReplacementClassAdapter -- Adding mock interface to class org/apache/logging/log4j/core/pattern/ExtendedThrowablePatternConverter
13:34:20.442 [main] INFO org.evosuite.runtime.instrumentation.CreateClassResetClassAdapter -- Creating brand-new static initializer in class org/apache/logging/log4j/core/pattern/ExtendedThrowablePatternConverter
13:34:20.442 [main] INFO org.evosuite.runtime.instrumentation.EvoClassLoader -- Seeing class for first time: org.apache.logging.log4j.core.pattern.ThrowablePatternConverter
13:34:20.442 [main] INFO org.evosuite.runtime.instrumentation.EvoClassLoader -- Instrumenting class 'org.apache.logging.log4j.core.pattern.ThrowablePatternConverter'.
13:34:20.443 [main] INFO org.evosuite.runtime.instrumentation.MethodCallReplacementClassAdapter -- Adding mock interface to class org/apache/logging/log4j/core/pattern/ThrowablePatternConverter
13:34:20.451 [main] INFO org.evosuite.runtime.instrumentation.CreateClassResetClassAdapter -- Creating brand-new static initializer in class org/apache/logging/log4j/core/pattern/ThrowablePatternConverter
13:34:20.452 [main] INFO org.evosuite.runtime.instrumentation.EvoClassLoader -- Keeping class: org.apache.logging.log4j.core.pattern.ThrowablePatternConverter
13:34:20.452 [main] INFO org.evosuite.runtime.instrumentation.EvoClassLoader -- Keeping class: org.apache.logging.log4j.core.pattern.ExtendedThrowablePatternConverter
13:34:20.453 [main] INFO org.evosuite.runtime.instrumentation.EvoClassLoader -- Seeing class for first time: org.apache.logging.log4j.core.pattern.FileLocationPatternConverter
13:34:20.453 [main] INFO org.evosuite.runtime.instrumentation.EvoClassLoader -- Instrumenting class 'org.apache.logging.log4j.core.pattern.FileLocationPatternConverter'.
13:34:20.454 [main] INFO org.evosuite.runtime.instrumentation.MethodCallReplacementClassAdapter -- Adding mock interface to class org/apache/logging/log4j/core/pattern/FileLocationPatternConverter
13:34:20.455 [main] INFO org.evosuite.runtime.instrumentation.CreateClassResetClassAdapter -- Found static initializer in class org/apache/logging/log4j/core/pattern/FileLocationPatternConverter
13:34:20.456 [main] INFO org.evosuite.runtime.instrumentation.EvoClassLoader -- Keeping class: org.apache.logging.log4j.core.pattern.FileLocationPatternConverter
13:34:20.456 [main] INFO org.evosuite.runtime.instrumentation.EvoClassLoader -- Seeing class for first time: org.apache.logging.log4j.core.pattern.FullLocationPatternConverter
13:34:20.456 [main] INFO org.evosuite.runtime.instrumentation.EvoClassLoader -- Instrumenting class 'org.apache.logging.log4j.core.pattern.FullLocationPatternConverter'.
13:34:20.457 [main] INFO org.evosuite.runtime.instrumentation.MethodCallReplacementClassAdapter -- Adding mock interface to class org/apache/logging/log4j/core/pattern/FullLocationPatternConverter
13:34:20.458 [main] INFO org.evosuite.runtime.instrumentation.CreateClassResetClassAdapter -- Found static initializer in class org/apache/logging/log4j/core/pattern/FullLocationPatternConverter
13:34:20.458 [main] INFO org.evosuite.runtime.instrumentation.EvoClassLoader -- Keeping class: org.apache.logging.log4j.core.pattern.FullLocationPatternConverter
13:34:20.458 [main] INFO org.evosuite.runtime.instrumentation.EvoClassLoader -- Seeing class for first time: org.apache.logging.log4j.core.pattern.AbstractStyleNameConverter$Green
13:34:20.458 [main] INFO org.evosuite.runtime.instrumentation.EvoClassLoader -- Instrumenting class 'org.apache.logging.log4j.core.pattern.AbstractStyleNameConverter$Green'.
13:34:20.460 [main] INFO org.evosuite.runtime.instrumentation.MethodCallReplacementClassAdapter -- Adding mock interface to class org/apache/logging/log4j/core/pattern/AbstractStyleNameConverter$Green
13:34:20.460 [main] INFO org.evosuite.runtime.instrumentation.CreateClassResetClassAdapter -- Creating brand-new static initializer in class org/apache/logging/log4j/core/pattern/AbstractStyleNameConverter$Green
13:34:20.460 [main] INFO org.evosuite.runtime.instrumentation.CreateClassResetClassAdapter -- Adding bytecode for initializing field NAME
13:34:20.461 [main] INFO org.evosuite.runtime.instrumentation.EvoClassLoader -- Keeping class: org.apache.logging.log4j.core.pattern.AbstractStyleNameConverter$Green
13:34:20.461 [main] INFO org.evosuite.runtime.instrumentation.EvoClassLoader -- Seeing class for first time: org.apache.logging.log4j.core.pattern.HighlightConverter
13:34:20.461 [main] INFO org.evosuite.runtime.instrumentation.EvoClassLoader -- Instrumenting class 'org.apache.logging.log4j.core.pattern.HighlightConverter'.
13:34:20.463 [main] INFO org.evosuite.runtime.instrumentation.MethodCallReplacementClassAdapter -- Adding mock interface to class org/apache/logging/log4j/core/pattern/HighlightConverter
13:34:20.466 [main] INFO org.evosuite.runtime.instrumentation.CreateClassResetClassAdapter -- Found static initializer in class org/apache/logging/log4j/core/pattern/HighlightConverter
13:34:20.467 [main] INFO org.evosuite.runtime.instrumentation.EvoClassLoader -- Seeing class for first time: org.apache.logging.log4j.core.pattern.AnsiConverter
13:34:20.467 [main] INFO org.evosuite.runtime.instrumentation.EvoClassLoader -- Instrumenting class 'org.apache.logging.log4j.core.pattern.AnsiConverter'.
13:34:20.469 [main] INFO org.evosuite.runtime.instrumentation.EvoClassLoader -- Keeping class: org.apache.logging.log4j.core.pattern.AnsiConverter
13:34:20.469 [main] INFO org.evosuite.runtime.instrumentation.EvoClassLoader -- Keeping class: org.apache.logging.log4j.core.pattern.HighlightConverter
13:34:20.469 [main] INFO org.evosuite.runtime.instrumentation.EvoClassLoader -- Seeing class for first time: org.apache.logging.log4j.core.pattern.LevelPatternConverter
13:34:20.469 [main] INFO org.evosuite.runtime.instrumentation.EvoClassLoader -- Instrumenting class 'org.apache.logging.log4j.core.pattern.LevelPatternConverter'.
13:34:20.470 [main] INFO org.evosuite.runtime.instrumentation.MethodCallReplacementClassAdapter -- Adding mock interface to class org/apache/logging/log4j/core/pattern/LevelPatternConverter
13:34:20.471 [main] INFO org.evosuite.runtime.instrumentation.CreateClassResetClassAdapter -- Found static initializer in class org/apache/logging/log4j/core/pattern/LevelPatternConverter
13:34:20.472 [main] INFO org.evosuite.runtime.instrumentation.EvoClassLoader -- Keeping class: org.apache.logging.log4j.core.pattern.LevelPatternConverter
13:34:20.472 [main] INFO org.evosuite.runtime.instrumentation.EvoClassLoader -- Seeing class for first time: org.apache.logging.log4j.core.pattern.LineLocationPatternConverter
13:34:20.472 [main] INFO org.evosuite.runtime.instrumentation.EvoClassLoader -- Instrumenting class 'org.apache.logging.log4j.core.pattern.LineLocationPatternConverter'.
13:34:20.473 [main] INFO org.evosuite.runtime.instrumentation.MethodCallReplacementClassAdapter -- Adding mock interface to class org/apache/logging/log4j/core/pattern/LineLocationPatternConverter
13:34:20.473 [main] INFO org.evosuite.runtime.instrumentation.CreateClassResetClassAdapter -- Found static initializer in class org/apache/logging/log4j/core/pattern/LineLocationPatternConverter
13:34:20.473 [main] INFO org.evosuite.runtime.instrumentation.EvoClassLoader -- Keeping class: org.apache.logging.log4j.core.pattern.LineLocationPatternConverter
13:34:20.474 [main] INFO org.evosuite.runtime.instrumentation.EvoClassLoader -- Seeing class for first time: org.apache.logging.log4j.core.pattern.LineSeparatorPatternConverter
13:34:20.474 [main] INFO org.evosuite.runtime.instrumentation.EvoClassLoader -- Instrumenting class 'org.apache.logging.log4j.core.pattern.LineSeparatorPatternConverter'.
13:34:20.474 [main] INFO org.evosuite.runtime.instrumentation.MethodCallReplacementClassAdapter -- Adding mock interface to class org/apache/logging/log4j/core/pattern/LineSeparatorPatternConverter
13:34:20.475 [main] INFO org.evosuite.runtime.instrumentation.CreateClassResetClassAdapter -- Found static initializer in class org/apache/logging/log4j/core/pattern/LineSeparatorPatternConverter
13:34:20.475 [main] INFO org.evosuite.runtime.instrumentation.EvoClassLoader -- Keeping class: org.apache.logging.log4j.core.pattern.LineSeparatorPatternConverter
13:34:20.475 [main] INFO org.evosuite.runtime.instrumentation.EvoClassLoader -- Seeing class for first time: org.apache.logging.log4j.core.pattern.LoggerFqcnPatternConverter
13:34:20.475 [main] INFO org.evosuite.runtime.instrumentation.EvoClassLoader -- Instrumenting class 'org.apache.logging.log4j.core.pattern.LoggerFqcnPatternConverter'.
13:34:20.476 [main] INFO org.evosuite.runtime.instrumentation.MethodCallReplacementClassAdapter -- Adding mock interface to class org/apache/logging/log4j/core/pattern/LoggerFqcnPatternConverter
13:34:20.477 [main] INFO org.evosuite.runtime.instrumentation.CreateClassResetClassAdapter -- Found static initializer in class org/apache/logging/log4j/core/pattern/LoggerFqcnPatternConverter
13:34:20.477 [main] INFO org.evosuite.runtime.instrumentation.EvoClassLoader -- Keeping class: org.apache.logging.log4j.core.pattern.LoggerFqcnPatternConverter
13:34:20.477 [main] INFO org.evosuite.runtime.instrumentation.EvoClassLoader -- Seeing class for first time: org.apache.logging.log4j.core.pattern.LoggerPatternConverter
13:34:20.477 [main] INFO org.evosuite.runtime.instrumentation.EvoClassLoader -- Instrumenting class 'org.apache.logging.log4j.core.pattern.LoggerPatternConverter'.
13:34:20.477 [main] INFO org.evosuite.runtime.instrumentation.MethodCallReplacementClassAdapter -- Adding mock interface to class org/apache/logging/log4j/core/pattern/LoggerPatternConverter
13:34:20.478 [main] INFO org.evosuite.runtime.instrumentation.CreateClassResetClassAdapter -- Found static initializer in class org/apache/logging/log4j/core/pattern/LoggerPatternConverter
13:34:20.478 [main] INFO org.evosuite.runtime.instrumentation.EvoClassLoader -- Keeping class: org.apache.logging.log4j.core.pattern.LoggerPatternConverter
13:34:20.478 [main] INFO org.evosuite.runtime.instrumentation.EvoClassLoader -- Seeing class for first time: org.apache.logging.log4j.core.pattern.AbstractStyleNameConverter$Magenta
13:34:20.478 [main] INFO org.evosuite.runtime.instrumentation.EvoClassLoader -- Instrumenting class 'org.apache.logging.log4j.core.pattern.AbstractStyleNameConverter$Magenta'.
13:34:20.479 [main] INFO org.evosuite.runtime.instrumentation.MethodCallReplacementClassAdapter -- Adding mock interface to class org/apache/logging/log4j/core/pattern/AbstractStyleNameConverter$Magenta
13:34:20.479 [main] INFO org.evosuite.runtime.instrumentation.CreateClassResetClassAdapter -- Creating brand-new static initializer in class org/apache/logging/log4j/core/pattern/AbstractStyleNameConverter$Magenta
13:34:20.480 [main] INFO org.evosuite.runtime.instrumentation.CreateClassResetClassAdapter -- Adding bytecode for initializing field NAME
13:34:20.480 [main] INFO org.evosuite.runtime.instrumentation.EvoClassLoader -- Keeping class: org.apache.logging.log4j.core.pattern.AbstractStyleNameConverter$Magenta
13:34:20.480 [main] INFO org.evosuite.runtime.instrumentation.EvoClassLoader -- Seeing class for first time: org.apache.logging.log4j.core.pattern.MapPatternConverter
13:34:20.480 [main] INFO org.evosuite.runtime.instrumentation.EvoClassLoader -- Instrumenting class 'org.apache.logging.log4j.core.pattern.MapPatternConverter'.
13:34:20.481 [main] INFO org.evosuite.runtime.instrumentation.MethodCallReplacementClassAdapter -- Adding mock interface to class org/apache/logging/log4j/core/pattern/MapPatternConverter
13:34:20.481 [main] INFO org.evosuite.runtime.instrumentation.CreateClassResetClassAdapter -- Found static initializer in class org/apache/logging/log4j/core/pattern/MapPatternConverter
13:34:20.482 [main] INFO org.evosuite.runtime.instrumentation.EvoClassLoader -- Keeping class: org.apache.logging.log4j.core.pattern.MapPatternConverter
13:34:20.482 [main] INFO org.evosuite.runtime.instrumentation.EvoClassLoader -- Seeing class for first time: org.apache.logging.log4j.core.pattern.MarkerSimpleNamePatternConverter
13:34:20.482 [main] INFO org.evosuite.runtime.instrumentation.EvoClassLoader -- Instrumenting class 'org.apache.logging.log4j.core.pattern.MarkerSimpleNamePatternConverter'.
13:34:20.483 [main] INFO org.evosuite.runtime.instrumentation.MethodCallReplacementClassAdapter -- Adding mock interface to class org/apache/logging/log4j/core/pattern/MarkerSimpleNamePatternConverter
13:34:20.483 [main] INFO org.evosuite.runtime.instrumentation.CreateClassResetClassAdapter -- Creating brand-new static initializer in class org/apache/logging/log4j/core/pattern/MarkerSimpleNamePatternConverter
13:34:20.484 [main] INFO org.evosuite.runtime.instrumentation.EvoClassLoader -- Keeping class: org.apache.logging.log4j.core.pattern.MarkerSimpleNamePatternConverter
13:34:20.484 [main] INFO org.evosuite.runtime.instrumentation.EvoClassLoader -- Seeing class for first time: org.apache.logging.log4j.core.pattern.MarkerPatternConverter
13:34:20.484 [main] INFO org.evosuite.runtime.instrumentation.EvoClassLoader -- Instrumenting class 'org.apache.logging.log4j.core.pattern.MarkerPatternConverter'.
13:34:20.485 [main] INFO org.evosuite.runtime.instrumentation.MethodCallReplacementClassAdapter -- Adding mock interface to class org/apache/logging/log4j/core/pattern/MarkerPatternConverter
13:34:20.485 [main] INFO org.evosuite.runtime.instrumentation.CreateClassResetClassAdapter -- Creating brand-new static initializer in class org/apache/logging/log4j/core/pattern/MarkerPatternConverter
13:34:20.486 [main] INFO org.evosuite.runtime.instrumentation.EvoClassLoader -- Keeping class: org.apache.logging.log4j.core.pattern.MarkerPatternConverter
13:34:20.486 [main] INFO org.evosuite.runtime.instrumentation.EvoClassLoader -- Seeing class for first time: org.apache.logging.log4j.core.pattern.MaxLengthConverter
13:34:20.486 [main] INFO org.evosuite.runtime.instrumentation.EvoClassLoader -- Instrumenting class 'org.apache.logging.log4j.core.pattern.MaxLengthConverter'.
13:34:20.487 [main] INFO org.evosuite.runtime.instrumentation.MethodCallReplacementClassAdapter -- Adding mock interface to class org/apache/logging/log4j/core/pattern/MaxLengthConverter
13:34:20.488 [main] INFO org.evosuite.runtime.instrumentation.CreateClassResetClassAdapter -- Creating brand-new static initializer in class org/apache/logging/log4j/core/pattern/MaxLengthConverter
13:34:20.488 [main] INFO org.evosuite.runtime.instrumentation.EvoClassLoader -- Keeping class: org.apache.logging.log4j.core.pattern.MaxLengthConverter
13:34:20.488 [main] INFO org.evosuite.runtime.instrumentation.EvoClassLoader -- Seeing class for first time: org.apache.logging.log4j.core.pattern.MdcPatternConverter
13:34:20.488 [main] INFO org.evosuite.runtime.instrumentation.EvoClassLoader -- Instrumenting class 'org.apache.logging.log4j.core.pattern.MdcPatternConverter'.
13:34:20.489 [main] INFO org.evosuite.runtime.instrumentation.MethodCallReplacementClassAdapter -- Adding mock interface to class org/apache/logging/log4j/core/pattern/MdcPatternConverter
13:34:20.490 [main] INFO org.evosuite.runtime.instrumentation.CreateClassResetClassAdapter -- Found static initializer in class org/apache/logging/log4j/core/pattern/MdcPatternConverter
13:34:20.491 [main] INFO org.evosuite.runtime.instrumentation.EvoClassLoader -- Keeping class: org.apache.logging.log4j.core.pattern.MdcPatternConverter
13:34:20.491 [main] INFO org.evosuite.runtime.instrumentation.EvoClassLoader -- Seeing class for first time: org.apache.logging.log4j.core.pattern.MessagePatternConverter
13:34:20.491 [main] INFO org.evosuite.runtime.instrumentation.EvoClassLoader -- Instrumenting class 'org.apache.logging.log4j.core.pattern.MessagePatternConverter'.
13:34:20.492 [main] INFO org.evosuite.runtime.instrumentation.MethodCallReplacementClassAdapter -- Adding mock interface to class org/apache/logging/log4j/core/pattern/MessagePatternConverter
13:34:20.500 [main] INFO org.evosuite.runtime.instrumentation.CreateClassResetClassAdapter -- Creating brand-new static initializer in class org/apache/logging/log4j/core/pattern/MessagePatternConverter
13:34:20.500 [main] INFO org.evosuite.runtime.instrumentation.CreateClassResetClassAdapter -- Adding bytecode for initializing field LOOKUPS
13:34:20.500 [main] INFO org.evosuite.runtime.instrumentation.CreateClassResetClassAdapter -- Adding bytecode for initializing field NOLOOKUPS
13:34:20.501 [main] INFO org.evosuite.runtime.instrumentation.EvoClassLoader -- Keeping class: org.apache.logging.log4j.core.pattern.MessagePatternConverter
13:34:20.501 [main] INFO org.evosuite.runtime.instrumentation.EvoClassLoader -- Seeing class for first time: org.apache.logging.log4j.core.pattern.MethodLocationPatternConverter
13:34:20.501 [main] INFO org.evosuite.runtime.instrumentation.EvoClassLoader -- Instrumenting class 'org.apache.logging.log4j.core.pattern.MethodLocationPatternConverter'.
13:34:20.502 [main] INFO org.evosuite.runtime.instrumentation.MethodCallReplacementClassAdapter -- Adding mock interface to class org/apache/logging/log4j/core/pattern/MethodLocationPatternConverter
13:34:20.503 [main] INFO org.evosuite.runtime.instrumentation.CreateClassResetClassAdapter -- Found static initializer in class org/apache/logging/log4j/core/pattern/MethodLocationPatternConverter
13:34:20.504 [main] INFO org.evosuite.runtime.instrumentation.EvoClassLoader -- Keeping class: org.apache.logging.log4j.core.pattern.MethodLocationPatternConverter
13:34:20.504 [main] INFO org.evosuite.runtime.instrumentation.EvoClassLoader -- Seeing class for first time: org.apache.logging.log4j.core.pattern.NanoTimePatternConverter
13:34:20.504 [main] INFO org.evosuite.runtime.instrumentation.EvoClassLoader -- Instrumenting class 'org.apache.logging.log4j.core.pattern.NanoTimePatternConverter'.
13:34:20.505 [main] INFO org.evosuite.runtime.instrumentation.MethodCallReplacementClassAdapter -- Adding mock interface to class org/apache/logging/log4j/core/pattern/NanoTimePatternConverter
13:34:20.506 [main] INFO org.evosuite.runtime.instrumentation.CreateClassResetClassAdapter -- Creating brand-new static initializer in class org/apache/logging/log4j/core/pattern/NanoTimePatternConverter
13:34:20.506 [main] INFO org.evosuite.runtime.instrumentation.EvoClassLoader -- Keeping class: org.apache.logging.log4j.core.pattern.NanoTimePatternConverter
13:34:20.506 [main] INFO org.evosuite.runtime.instrumentation.EvoClassLoader -- Seeing class for first time: org.apache.logging.log4j.core.pattern.NdcPatternConverter
13:34:20.506 [main] INFO org.evosuite.runtime.instrumentation.EvoClassLoader -- Instrumenting class 'org.apache.logging.log4j.core.pattern.NdcPatternConverter'.
13:34:20.508 [main] INFO org.evosuite.runtime.instrumentation.MethodCallReplacementClassAdapter -- Adding mock interface to class org/apache/logging/log4j/core/pattern/NdcPatternConverter
13:34:20.509 [main] INFO org.evosuite.runtime.instrumentation.CreateClassResetClassAdapter -- Found static initializer in class org/apache/logging/log4j/core/pattern/NdcPatternConverter
13:34:20.509 [main] INFO org.evosuite.runtime.instrumentation.EvoClassLoader -- Keeping class: org.apache.logging.log4j.core.pattern.NdcPatternConverter
13:34:20.509 [main] INFO org.evosuite.runtime.instrumentation.EvoClassLoader -- Seeing class for first time: org.apache.logging.log4j.core.pattern.VariablesNotEmptyReplacementConverter
13:34:20.509 [main] INFO org.evosuite.runtime.instrumentation.EvoClassLoader -- Instrumenting class 'org.apache.logging.log4j.core.pattern.VariablesNotEmptyReplacementConverter'.
13:34:20.511 [main] INFO org.evosuite.runtime.instrumentation.MethodCallReplacementClassAdapter -- Adding mock interface to class org/apache/logging/log4j/core/pattern/VariablesNotEmptyReplacementConverter
13:34:20.512 [main] INFO org.evosuite.runtime.instrumentation.CreateClassResetClassAdapter -- Creating brand-new static initializer in class org/apache/logging/log4j/core/pattern/VariablesNotEmptyReplacementConverter
13:34:20.513 [main] INFO org.evosuite.runtime.instrumentation.EvoClassLoader -- Keeping class: org.apache.logging.log4j.core.pattern.VariablesNotEmptyReplacementConverter
13:34:20.513 [main] INFO org.evosuite.runtime.instrumentation.EvoClassLoader -- Seeing class for first time: org.apache.logging.log4j.core.pattern.ProcessIdPatternConverter
13:34:20.513 [main] INFO org.evosuite.runtime.instrumentation.EvoClassLoader -- Instrumenting class 'org.apache.logging.log4j.core.pattern.ProcessIdPatternConverter'.
13:34:20.514 [main] INFO org.evosuite.runtime.instrumentation.MethodCallReplacementClassAdapter -- Adding mock interface to class org/apache/logging/log4j/core/pattern/ProcessIdPatternConverter
13:34:20.515 [main] INFO org.evosuite.runtime.instrumentation.CreateClassResetClassAdapter -- Creating brand-new static initializer in class org/apache/logging/log4j/core/pattern/ProcessIdPatternConverter
13:34:20.515 [main] INFO org.evosuite.runtime.instrumentation.CreateClassResetClassAdapter -- Adding bytecode for initializing field DEFAULT_DEFAULT_VALUE
13:34:20.516 [main] INFO org.evosuite.runtime.instrumentation.EvoClassLoader -- Keeping class: org.apache.logging.log4j.core.pattern.ProcessIdPatternConverter
13:34:20.516 [main] INFO org.evosuite.runtime.instrumentation.EvoClassLoader -- Seeing class for first time: org.apache.logging.log4j.core.pattern.AbstractStyleNameConverter$Red
13:34:20.516 [main] INFO org.evosuite.runtime.instrumentation.EvoClassLoader -- Instrumenting class 'org.apache.logging.log4j.core.pattern.AbstractStyleNameConverter$Red'.
13:34:20.517 [main] INFO org.evosuite.runtime.instrumentation.MethodCallReplacementClassAdapter -- Adding mock interface to class org/apache/logging/log4j/core/pattern/AbstractStyleNameConverter$Red
13:34:20.518 [main] INFO org.evosuite.runtime.instrumentation.CreateClassResetClassAdapter -- Creating brand-new static initializer in class org/apache/logging/log4j/core/pattern/AbstractStyleNameConverter$Red
13:34:20.518 [main] INFO org.evosuite.runtime.instrumentation.CreateClassResetClassAdapter -- Adding bytecode for initializing field NAME
13:34:20.518 [main] INFO org.evosuite.runtime.instrumentation.EvoClassLoader -- Keeping class: org.apache.logging.log4j.core.pattern.AbstractStyleNameConverter$Red
13:34:20.518 [main] INFO org.evosuite.runtime.instrumentation.EvoClassLoader -- Seeing class for first time: org.apache.logging.log4j.core.pattern.RelativeTimePatternConverter
13:34:20.518 [main] INFO org.evosuite.runtime.instrumentation.EvoClassLoader -- Instrumenting class 'org.apache.logging.log4j.core.pattern.RelativeTimePatternConverter'.
13:34:20.519 [main] INFO org.evosuite.runtime.instrumentation.MethodCallReplacementClassAdapter -- Adding mock interface to class org/apache/logging/log4j/core/pattern/RelativeTimePatternConverter
13:34:20.520 [main] INFO org.evosuite.runtime.instrumentation.CreateClassResetClassAdapter -- Creating brand-new static initializer in class org/apache/logging/log4j/core/pattern/RelativeTimePatternConverter
13:34:20.521 [main] INFO org.evosuite.runtime.instrumentation.EvoClassLoader -- Keeping class: org.apache.logging.log4j.core.pattern.RelativeTimePatternConverter
13:34:20.521 [main] INFO org.evosuite.runtime.instrumentation.EvoClassLoader -- Seeing class for first time: org.apache.logging.log4j.core.pattern.RepeatPatternConverter
13:34:20.521 [main] INFO org.evosuite.runtime.instrumentation.EvoClassLoader -- Instrumenting class 'org.apache.logging.log4j.core.pattern.RepeatPatternConverter'.
13:34:20.522 [main] INFO org.evosuite.runtime.instrumentation.MethodCallReplacementClassAdapter -- Adding mock interface to class org/apache/logging/log4j/core/pattern/RepeatPatternConverter
13:34:20.522 [main] INFO org.evosuite.runtime.instrumentation.CreateClassResetClassAdapter -- Creating brand-new static initializer in class org/apache/logging/log4j/core/pattern/RepeatPatternConverter
13:34:20.523 [main] INFO org.evosuite.runtime.instrumentation.EvoClassLoader -- Keeping class: org.apache.logging.log4j.core.pattern.RepeatPatternConverter
13:34:20.523 [main] INFO org.evosuite.runtime.instrumentation.EvoClassLoader -- Seeing class for first time: org.apache.logging.log4j.core.pattern.RegexReplacementConverter
13:34:20.523 [main] INFO org.evosuite.runtime.instrumentation.EvoClassLoader -- Instrumenting class 'org.apache.logging.log4j.core.pattern.RegexReplacementConverter'.
13:34:20.523 [main] INFO org.evosuite.runtime.instrumentation.MethodCallReplacementClassAdapter -- Adding mock interface to class org/apache/logging/log4j/core/pattern/RegexReplacementConverter
13:34:20.524 [main] INFO org.evosuite.runtime.instrumentation.CreateClassResetClassAdapter -- Creating brand-new static initializer in class org/apache/logging/log4j/core/pattern/RegexReplacementConverter
13:34:20.524 [main] INFO org.evosuite.runtime.instrumentation.EvoClassLoader -- Keeping class: org.apache.logging.log4j.core.pattern.RegexReplacementConverter
13:34:20.524 [main] INFO org.evosuite.runtime.instrumentation.EvoClassLoader -- Seeing class for first time: org.apache.logging.log4j.core.pattern.RootThrowablePatternConverter
13:34:20.524 [main] INFO org.evosuite.runtime.instrumentation.EvoClassLoader -- Instrumenting class 'org.apache.logging.log4j.core.pattern.RootThrowablePatternConverter'.
13:34:20.525 [main] INFO org.evosuite.runtime.instrumentation.MethodCallReplacementClassAdapter -- Adding mock interface to class org/apache/logging/log4j/core/pattern/RootThrowablePatternConverter
13:34:20.526 [main] INFO org.evosuite.runtime.instrumentation.CreateClassResetClassAdapter -- Creating brand-new static initializer in class org/apache/logging/log4j/core/pattern/RootThrowablePatternConverter
13:34:20.526 [main] INFO org.evosuite.runtime.instrumentation.EvoClassLoader -- Keeping class: org.apache.logging.log4j.core.pattern.RootThrowablePatternConverter
13:34:20.526 [main] INFO org.evosuite.runtime.instrumentation.EvoClassLoader -- Seeing class for first time: org.apache.logging.log4j.core.pattern.SequenceNumberPatternConverter
13:34:20.526 [main] INFO org.evosuite.runtime.instrumentation.EvoClassLoader -- Instrumenting class 'org.apache.logging.log4j.core.pattern.SequenceNumberPatternConverter'.
13:34:20.527 [main] INFO org.evosuite.runtime.instrumentation.MethodCallReplacementClassAdapter -- Adding mock interface to class org/apache/logging/log4j/core/pattern/SequenceNumberPatternConverter
13:34:20.527 [main] INFO org.evosuite.runtime.instrumentation.CreateClassResetClassAdapter -- Found static initializer in class org/apache/logging/log4j/core/pattern/SequenceNumberPatternConverter
13:34:20.528 [main] INFO org.evosuite.runtime.instrumentation.EvoClassLoader -- Keeping class: org.apache.logging.log4j.core.pattern.SequenceNumberPatternConverter
13:34:20.528 [main] INFO org.evosuite.runtime.instrumentation.EvoClassLoader -- Seeing class for first time: org.apache.logging.log4j.core.pattern.StyleConverter
13:34:20.528 [main] INFO org.evosuite.runtime.instrumentation.EvoClassLoader -- Instrumenting class 'org.apache.logging.log4j.core.pattern.StyleConverter'.
13:34:20.529 [main] INFO org.evosuite.runtime.instrumentation.MethodCallReplacementClassAdapter -- Adding mock interface to class org/apache/logging/log4j/core/pattern/StyleConverter
13:34:20.530 [main] INFO org.evosuite.runtime.instrumentation.CreateClassResetClassAdapter -- Creating brand-new static initializer in class org/apache/logging/log4j/core/pattern/StyleConverter
13:34:20.530 [main] INFO org.evosuite.runtime.instrumentation.EvoClassLoader -- Keeping class: org.apache.logging.log4j.core.pattern.StyleConverter
13:34:20.530 [main] INFO org.evosuite.runtime.instrumentation.EvoClassLoader -- Seeing class for first time: org.apache.logging.log4j.core.pattern.ThreadIdPatternConverter
13:34:20.530 [main] INFO org.evosuite.runtime.instrumentation.EvoClassLoader -- Instrumenting class 'org.apache.logging.log4j.core.pattern.ThreadIdPatternConverter'.
13:34:20.531 [main] INFO org.evosuite.runtime.instrumentation.MethodCallReplacementClassAdapter -- Adding mock interface to class org/apache/logging/log4j/core/pattern/ThreadIdPatternConverter
13:34:20.532 [main] INFO org.evosuite.runtime.instrumentation.CreateClassResetClassAdapter -- Found static initializer in class org/apache/logging/log4j/core/pattern/ThreadIdPatternConverter
13:34:20.532 [main] INFO org.evosuite.runtime.instrumentation.EvoClassLoader -- Keeping class: org.apache.logging.log4j.core.pattern.ThreadIdPatternConverter
13:34:20.532 [main] INFO org.evosuite.runtime.instrumentation.EvoClassLoader -- Seeing class for first time: org.apache.logging.log4j.core.pattern.ThreadNamePatternConverter
13:34:20.532 [main] INFO org.evosuite.runtime.instrumentation.EvoClassLoader -- Instrumenting class 'org.apache.logging.log4j.core.pattern.ThreadNamePatternConverter'.
13:34:20.533 [main] INFO org.evosuite.runtime.instrumentation.MethodCallReplacementClassAdapter -- Adding mock interface to class org/apache/logging/log4j/core/pattern/ThreadNamePatternConverter
13:34:20.533 [main] INFO org.evosuite.runtime.instrumentation.CreateClassResetClassAdapter -- Found static initializer in class org/apache/logging/log4j/core/pattern/ThreadNamePatternConverter
13:34:20.534 [main] INFO org.evosuite.runtime.instrumentation.EvoClassLoader -- Keeping class: org.apache.logging.log4j.core.pattern.ThreadNamePatternConverter
13:34:20.534 [main] INFO org.evosuite.runtime.instrumentation.EvoClassLoader -- Seeing class for first time: org.apache.logging.log4j.core.pattern.ThreadPriorityPatternConverter
13:34:20.534 [main] INFO org.evosuite.runtime.instrumentation.EvoClassLoader -- Instrumenting class 'org.apache.logging.log4j.core.pattern.ThreadPriorityPatternConverter'.
13:34:20.535 [main] INFO org.evosuite.runtime.instrumentation.MethodCallReplacementClassAdapter -- Adding mock interface to class org/apache/logging/log4j/core/pattern/ThreadPriorityPatternConverter
13:34:20.535 [main] INFO org.evosuite.runtime.instrumentation.CreateClassResetClassAdapter -- Found static initializer in class org/apache/logging/log4j/core/pattern/ThreadPriorityPatternConverter
13:34:20.535 [main] INFO org.evosuite.runtime.instrumentation.EvoClassLoader -- Keeping class: org.apache.logging.log4j.core.pattern.ThreadPriorityPatternConverter
13:34:20.535 [main] INFO org.evosuite.runtime.instrumentation.EvoClassLoader -- Seeing class for first time: org.apache.logging.log4j.core.pattern.UuidPatternConverter
13:34:20.535 [main] INFO org.evosuite.runtime.instrumentation.EvoClassLoader -- Instrumenting class 'org.apache.logging.log4j.core.pattern.UuidPatternConverter'.
13:34:20.536 [main] INFO org.evosuite.runtime.instrumentation.MethodCallReplacementClassAdapter -- Adding mock interface to class org/apache/logging/log4j/core/pattern/UuidPatternConverter
13:34:20.536 [main] INFO org.evosuite.runtime.instrumentation.CreateClassResetClassAdapter -- Creating brand-new static initializer in class org/apache/logging/log4j/core/pattern/UuidPatternConverter
13:34:20.537 [main] INFO org.evosuite.runtime.instrumentation.EvoClassLoader -- Keeping class: org.apache.logging.log4j.core.pattern.UuidPatternConverter
13:34:20.537 [main] INFO org.evosuite.runtime.instrumentation.EvoClassLoader -- Seeing class for first time: org.apache.logging.log4j.core.pattern.AbstractStyleNameConverter$White
13:34:20.537 [main] INFO org.evosuite.runtime.instrumentation.EvoClassLoader -- Instrumenting class 'org.apache.logging.log4j.core.pattern.AbstractStyleNameConverter$White'.
13:34:20.537 [main] INFO org.evosuite.runtime.instrumentation.MethodCallReplacementClassAdapter -- Adding mock interface to class org/apache/logging/log4j/core/pattern/AbstractStyleNameConverter$White
13:34:20.538 [main] INFO org.evosuite.runtime.instrumentation.CreateClassResetClassAdapter -- Creating brand-new static initializer in class org/apache/logging/log4j/core/pattern/AbstractStyleNameConverter$White
13:34:20.538 [main] INFO org.evosuite.runtime.instrumentation.CreateClassResetClassAdapter -- Adding bytecode for initializing field NAME
13:34:20.538 [main] INFO org.evosuite.runtime.instrumentation.EvoClassLoader -- Keeping class: org.apache.logging.log4j.core.pattern.AbstractStyleNameConverter$White
13:34:20.538 [main] INFO org.evosuite.runtime.instrumentation.EvoClassLoader -- Seeing class for first time: org.apache.logging.log4j.core.pattern.AbstractStyleNameConverter$Yellow
13:34:20.538 [main] INFO org.evosuite.runtime.instrumentation.EvoClassLoader -- Instrumenting class 'org.apache.logging.log4j.core.pattern.AbstractStyleNameConverter$Yellow'.
13:34:20.539 [main] INFO org.evosuite.runtime.instrumentation.MethodCallReplacementClassAdapter -- Adding mock interface to class org/apache/logging/log4j/core/pattern/AbstractStyleNameConverter$Yellow
13:34:20.540 [main] INFO org.evosuite.runtime.instrumentation.CreateClassResetClassAdapter -- Creating brand-new static initializer in class org/apache/logging/log4j/core/pattern/AbstractStyleNameConverter$Yellow
13:34:20.540 [main] INFO org.evosuite.runtime.instrumentation.CreateClassResetClassAdapter -- Adding bytecode for initializing field NAME
13:34:20.540 [main] INFO org.evosuite.runtime.instrumentation.EvoClassLoader -- Keeping class: org.apache.logging.log4j.core.pattern.AbstractStyleNameConverter$Yellow
13:34:20.540 [main] INFO org.evosuite.runtime.instrumentation.EvoClassLoader -- Seeing class for first time: org.apache.logging.log4j.core.test.appender.AlwaysFailAppender
13:34:20.540 [main] INFO org.evosuite.runtime.instrumentation.EvoClassLoader -- Instrumenting class 'org.apache.logging.log4j.core.test.appender.AlwaysFailAppender'.
13:34:20.541 [main] INFO org.evosuite.runtime.instrumentation.MethodCallReplacementClassAdapter -- Adding mock interface to class org/apache/logging/log4j/core/test/appender/AlwaysFailAppender
13:34:20.541 [main] INFO org.evosuite.runtime.instrumentation.CreateClassResetClassAdapter -- Creating brand-new static initializer in class org/apache/logging/log4j/core/test/appender/AlwaysFailAppender
13:34:20.541 [main] INFO org.evosuite.runtime.instrumentation.EvoClassLoader -- Defined package (3): package org.apache.logging.log4j.core.test.appender, 42898381
13:34:20.542 [main] INFO org.evosuite.runtime.instrumentation.EvoClassLoader -- Seeing class for first time: org.apache.logging.log4j.core.appender.AbstractAppender
13:34:20.542 [main] INFO org.evosuite.runtime.instrumentation.EvoClassLoader -- Instrumenting class 'org.apache.logging.log4j.core.appender.AbstractAppender'.
13:34:20.542 [main] INFO org.evosuite.runtime.instrumentation.MethodCallReplacementClassAdapter -- Adding mock interface to class org/apache/logging/log4j/core/appender/AbstractAppender
13:34:20.543 [main] INFO org.evosuite.runtime.instrumentation.CreateClassResetClassAdapter -- Creating brand-new static initializer in class org/apache/logging/log4j/core/appender/AbstractAppender
13:34:20.543 [main] INFO org.evosuite.runtime.instrumentation.EvoClassLoader -- Keeping class: org.apache.logging.log4j.core.appender.AbstractAppender
13:34:20.543 [main] INFO org.evosuite.runtime.instrumentation.EvoClassLoader -- Keeping class: org.apache.logging.log4j.core.test.appender.AlwaysFailAppender
13:34:20.544 [main] INFO org.evosuite.runtime.instrumentation.EvoClassLoader -- Seeing class for first time: org.apache.logging.log4j.core.config.AppendersPlugin
13:34:20.544 [main] INFO org.evosuite.runtime.instrumentation.EvoClassLoader -- Instrumenting class 'org.apache.logging.log4j.core.config.AppendersPlugin'.
13:34:20.544 [main] INFO org.evosuite.runtime.instrumentation.MethodCallReplacementClassAdapter -- Adding mock interface to class org/apache/logging/log4j/core/config/AppendersPlugin
13:34:20.545 [main] INFO org.evosuite.runtime.instrumentation.CreateClassResetClassAdapter -- Creating brand-new static initializer in class org/apache/logging/log4j/core/config/AppendersPlugin
13:34:20.545 [main] INFO org.evosuite.runtime.instrumentation.EvoClassLoader -- Keeping class: org.apache.logging.log4j.core.config.AppendersPlugin
13:34:20.545 [main] INFO org.evosuite.runtime.instrumentation.EvoClassLoader -- Seeing class for first time: org.apache.logging.log4j.core.appender.AppenderSet
13:34:20.545 [main] INFO org.evosuite.runtime.instrumentation.EvoClassLoader -- Instrumenting class 'org.apache.logging.log4j.core.appender.AppenderSet'.
13:34:20.546 [main] INFO org.evosuite.runtime.instrumentation.MethodCallReplacementClassAdapter -- Adding mock interface to class org/apache/logging/log4j/core/appender/AppenderSet
13:34:20.546 [main] INFO org.evosuite.runtime.instrumentation.CreateClassResetClassAdapter -- Found static initializer in class org/apache/logging/log4j/core/appender/AppenderSet
13:34:20.546 [main] INFO org.evosuite.runtime.instrumentation.EvoClassLoader -- Keeping class: org.apache.logging.log4j.core.appender.AppenderSet
13:34:20.546 [main] INFO org.evosuite.runtime.instrumentation.EvoClassLoader -- Seeing class for first time: org.apache.logging.log4j.core.async.ArrayBlockingQueueFactory
13:34:20.546 [main] INFO org.evosuite.runtime.instrumentation.EvoClassLoader -- Instrumenting class 'org.apache.logging.log4j.core.async.ArrayBlockingQueueFactory'.
13:34:20.547 [main] INFO org.evosuite.runtime.instrumentation.MethodCallReplacementClassAdapter -- Adding mock interface to class org/apache/logging/log4j/core/async/ArrayBlockingQueueFactory
13:34:20.548 [main] INFO org.evosuite.runtime.instrumentation.CreateClassResetClassAdapter -- Creating brand-new static initializer in class org/apache/logging/log4j/core/async/ArrayBlockingQueueFactory
13:34:20.548 [main] INFO org.evosuite.runtime.instrumentation.EvoClassLoader -- Seeing class for first time: org.apache.logging.log4j.core.async.BlockingQueueFactory
13:34:20.548 [main] INFO org.evosuite.runtime.instrumentation.EvoClassLoader -- Instrumenting class 'org.apache.logging.log4j.core.async.BlockingQueueFactory'.
13:34:20.549 [main] INFO org.evosuite.runtime.instrumentation.EvoClassLoader -- Keeping class: org.apache.logging.log4j.core.async.BlockingQueueFactory
13:34:20.549 [main] INFO org.evosuite.runtime.instrumentation.EvoClassLoader -- Keeping class: org.apache.logging.log4j.core.async.ArrayBlockingQueueFactory
13:34:20.549 [main] INFO org.evosuite.runtime.instrumentation.EvoClassLoader -- Seeing class for first time: org.apache.logging.log4j.core.appender.AsyncAppender
13:34:20.549 [main] INFO org.evosuite.runtime.instrumentation.EvoClassLoader -- Instrumenting class 'org.apache.logging.log4j.core.appender.AsyncAppender'.
13:34:20.551 [main] INFO org.evosuite.runtime.instrumentation.MethodCallReplacementClassAdapter -- Adding mock interface to class org/apache/logging/log4j/core/appender/AsyncAppender
13:34:20.557 [main] INFO org.evosuite.runtime.instrumentation.CreateClassResetClassAdapter -- Creating brand-new static initializer in class org/apache/logging/log4j/core/appender/AsyncAppender
13:34:20.557 [main] INFO org.evosuite.runtime.instrumentation.CreateClassResetClassAdapter -- Adding bytecode for initializing field DEFAULT_QUEUE_SIZE
13:34:20.558 [main] INFO org.evosuite.runtime.instrumentation.EvoClassLoader -- Keeping class: org.apache.logging.log4j.core.appender.AsyncAppender
13:34:20.558 [main] INFO org.evosuite.runtime.instrumentation.EvoClassLoader -- Seeing class for first time: org.apache.logging.log4j.core.async.AsyncLoggerConfig
13:34:20.559 [main] INFO org.evosuite.runtime.instrumentation.EvoClassLoader -- Instrumenting class 'org.apache.logging.log4j.core.async.AsyncLoggerConfig'.
13:34:20.560 [main] INFO org.evosuite.runtime.instrumentation.MethodCallReplacementClassAdapter -- Adding mock interface to class org/apache/logging/log4j/core/async/AsyncLoggerConfig
13:34:20.561 [main] INFO org.evosuite.runtime.instrumentation.CreateClassResetClassAdapter -- Found static initializer in class org/apache/logging/log4j/core/async/AsyncLoggerConfig
13:34:20.561 [main] INFO org.evosuite.runtime.instrumentation.EvoClassLoader -- Keeping class: org.apache.logging.log4j.core.async.AsyncLoggerConfig
13:34:20.561 [main] INFO org.evosuite.runtime.instrumentation.EvoClassLoader -- Seeing class for first time: org.apache.logging.log4j.core.async.AsyncLoggerConfig$RootLogger
13:34:20.561 [main] INFO org.evosuite.runtime.instrumentation.EvoClassLoader -- Instrumenting class 'org.apache.logging.log4j.core.async.AsyncLoggerConfig$RootLogger'.
13:34:20.562 [main] INFO org.evosuite.runtime.instrumentation.MethodCallReplacementClassAdapter -- Adding mock interface to class org/apache/logging/log4j/core/async/AsyncLoggerConfig$RootLogger
13:34:20.563 [main] INFO org.evosuite.runtime.instrumentation.CreateClassResetClassAdapter -- Creating brand-new static initializer in class org/apache/logging/log4j/core/async/AsyncLoggerConfig$RootLogger
13:34:20.564 [main] INFO org.evosuite.runtime.instrumentation.EvoClassLoader -- Keeping class: org.apache.logging.log4j.core.async.AsyncLoggerConfig$RootLogger
13:34:20.564 [main] INFO org.evosuite.runtime.instrumentation.EvoClassLoader -- Seeing class for first time: org.apache.logging.log4j.core.async.AsyncWaitStrategyFactoryConfig
13:34:20.564 [main] INFO org.evosuite.runtime.instrumentation.EvoClassLoader -- Instrumenting class 'org.apache.logging.log4j.core.async.AsyncWaitStrategyFactoryConfig'.
13:34:20.565 [main] INFO org.evosuite.runtime.instrumentation.MethodCallReplacementClassAdapter -- Adding mock interface to class org/apache/logging/log4j/core/async/AsyncWaitStrategyFactoryConfig
13:34:20.569 [main] INFO org.evosuite.runtime.instrumentation.CreateClassResetClassAdapter -- Found static initializer in class org/apache/logging/log4j/core/async/AsyncWaitStrategyFactoryConfig
13:34:20.569 [main] INFO org.evosuite.runtime.instrumentation.EvoClassLoader -- Keeping class: org.apache.logging.log4j.core.async.AsyncWaitStrategyFactoryConfig
13:34:20.569 [main] INFO org.evosuite.runtime.instrumentation.EvoClassLoader -- Seeing class for first time: org.apache.logging.log4j.core.test.appender.BlockingAppender
13:34:20.569 [main] INFO org.evosuite.runtime.instrumentation.EvoClassLoader -- Instrumenting class 'org.apache.logging.log4j.core.test.appender.BlockingAppender'.
13:34:20.570 [main] INFO org.evosuite.runtime.instrumentation.MethodCallReplacementClassAdapter -- Adding mock interface to class org/apache/logging/log4j/core/test/appender/BlockingAppender
13:34:20.571 [main] INFO org.evosuite.runtime.instrumentation.CreateClassResetClassAdapter -- Creating brand-new static initializer in class org/apache/logging/log4j/core/test/appender/BlockingAppender
13:34:20.572 [main] INFO org.evosuite.runtime.instrumentation.EvoClassLoader -- Keeping class: org.apache.logging.log4j.core.test.appender.BlockingAppender
13:34:20.572 [main] INFO org.evosuite.runtime.instrumentation.EvoClassLoader -- Seeing class for first time: org.apache.logging.log4j.core.filter.BurstFilter
13:34:20.572 [main] INFO org.evosuite.runtime.instrumentation.EvoClassLoader -- Instrumenting class 'org.apache.logging.log4j.core.filter.BurstFilter'.
13:34:20.572 [main] INFO org.evosuite.runtime.instrumentation.MethodCallReplacementClassAdapter -- Adding mock interface to class org/apache/logging/log4j/core/filter/BurstFilter
13:34:20.573 [main] INFO org.evosuite.runtime.instrumentation.CreateClassResetClassAdapter -- Creating brand-new static initializer in class org/apache/logging/log4j/core/filter/BurstFilter
13:34:20.573 [main] INFO org.evosuite.runtime.instrumentation.CreateClassResetClassAdapter -- Adding bytecode for initializing field NANOS_IN_SECONDS
13:34:20.573 [main] INFO org.evosuite.runtime.instrumentation.CreateClassResetClassAdapter -- Adding bytecode for initializing field DEFAULT_RATE
13:34:20.573 [main] INFO org.evosuite.runtime.instrumentation.CreateClassResetClassAdapter -- Adding bytecode for initializing field DEFAULT_RATE_MULTIPLE
13:34:20.573 [main] INFO org.evosuite.runtime.instrumentation.CreateClassResetClassAdapter -- Adding bytecode for initializing field HASH_SHIFT
13:34:20.574 [main] INFO org.evosuite.runtime.instrumentation.EvoClassLoader -- Seeing class for first time: org.apache.logging.log4j.core.filter.AbstractFilter
13:34:20.574 [main] INFO org.evosuite.runtime.instrumentation.EvoClassLoader -- Instrumenting class 'org.apache.logging.log4j.core.filter.AbstractFilter'.
13:34:20.575 [main] INFO org.evosuite.runtime.instrumentation.MethodCallReplacementClassAdapter -- Adding mock interface to class org/apache/logging/log4j/core/filter/AbstractFilter
13:34:20.576 [main] INFO org.evosuite.runtime.instrumentation.CreateClassResetClassAdapter -- Creating brand-new static initializer in class org/apache/logging/log4j/core/filter/AbstractFilter
13:34:20.576 [main] INFO org.evosuite.runtime.instrumentation.EvoClassLoader -- Keeping class: org.apache.logging.log4j.core.filter.AbstractFilter
13:34:20.576 [main] INFO org.evosuite.runtime.instrumentation.EvoClassLoader -- Keeping class: org.apache.logging.log4j.core.filter.BurstFilter
13:34:20.576 [main] INFO org.evosuite.runtime.instrumentation.EvoClassLoader -- Seeing class for first time: org.apache.logging.log4j.core.config.arbiters.ClassArbiter
13:34:20.576 [main] INFO org.evosuite.runtime.instrumentation.EvoClassLoader -- Instrumenting class 'org.apache.logging.log4j.core.config.arbiters.ClassArbiter'.
13:34:20.577 [main] INFO org.evosuite.runtime.instrumentation.MethodCallReplacementClassAdapter -- Adding mock interface to class org/apache/logging/log4j/core/config/arbiters/ClassArbiter
13:34:20.577 [main] INFO org.evosuite.runtime.instrumentation.CreateClassResetClassAdapter -- Creating brand-new static initializer in class org/apache/logging/log4j/core/config/arbiters/ClassArbiter
13:34:20.577 [main] INFO org.evosuite.runtime.instrumentation.EvoClassLoader -- Defined package (3): package org.apache.logging.log4j.core.config.arbiters, -1239018496
13:34:20.577 [main] INFO org.evosuite.runtime.instrumentation.EvoClassLoader -- Seeing class for first time: org.apache.logging.log4j.core.config.arbiters.Arbiter
13:34:20.577 [main] INFO org.evosuite.runtime.instrumentation.EvoClassLoader -- Instrumenting class 'org.apache.logging.log4j.core.config.arbiters.Arbiter'.
13:34:20.578 [main] INFO org.evosuite.runtime.instrumentation.EvoClassLoader -- Keeping class: org.apache.logging.log4j.core.config.arbiters.Arbiter
13:34:20.578 [main] INFO org.evosuite.runtime.instrumentation.EvoClassLoader -- Keeping class: org.apache.logging.log4j.core.config.arbiters.ClassArbiter
13:34:20.578 [main] INFO org.evosuite.runtime.instrumentation.EvoClassLoader -- Seeing class for first time: org.apache.logging.log4j.core.appender.db.jdbc.ColumnConfig
13:34:20.578 [main] INFO org.evosuite.runtime.instrumentation.EvoClassLoader -- Instrumenting class 'org.apache.logging.log4j.core.appender.db.jdbc.ColumnConfig'.
13:34:20.579 [main] INFO org.evosuite.runtime.instrumentation.MethodCallReplacementClassAdapter -- Adding mock interface to class org/apache/logging/log4j/core/appender/db/jdbc/ColumnConfig
13:34:20.580 [main] INFO org.evosuite.runtime.instrumentation.CreateClassResetClassAdapter -- Found static initializer in class org/apache/logging/log4j/core/appender/db/jdbc/ColumnConfig
13:34:20.580 [main] INFO org.evosuite.runtime.instrumentation.EvoClassLoader -- Defined package (3): package org.apache.logging.log4j.core.appender.db.jdbc, -119818278
13:34:20.581 [main] INFO org.evosuite.runtime.instrumentation.EvoClassLoader -- Keeping class: org.apache.logging.log4j.core.appender.db.jdbc.ColumnConfig
13:34:20.581 [main] INFO org.evosuite.runtime.instrumentation.EvoClassLoader -- Seeing class for first time: org.apache.logging.log4j.core.appender.db.ColumnMapping
13:34:20.581 [main] INFO org.evosuite.runtime.instrumentation.EvoClassLoader -- Instrumenting class 'org.apache.logging.log4j.core.appender.db.ColumnMapping'.
13:34:20.582 [main] INFO org.evosuite.runtime.instrumentation.MethodCallReplacementClassAdapter -- Adding mock interface to class org/apache/logging/log4j/core/appender/db/ColumnMapping
13:34:20.582 [main] INFO org.evosuite.runtime.instrumentation.CreateClassResetClassAdapter -- Found static initializer in class org/apache/logging/log4j/core/appender/db/ColumnMapping
13:34:20.582 [main] INFO org.evosuite.runtime.instrumentation.EvoClassLoader -- Defined package (3): package org.apache.logging.log4j.core.appender.db, -100144721
13:34:20.583 [main] INFO org.evosuite.runtime.instrumentation.EvoClassLoader -- Keeping class: org.apache.logging.log4j.core.appender.db.ColumnMapping
13:34:20.583 [main] INFO org.evosuite.runtime.instrumentation.EvoClassLoader -- Seeing class for first time: org.apache.logging.log4j.core.appender.db.jdbc.FactoryMethodConnectionSource
13:34:20.583 [main] INFO org.evosuite.runtime.instrumentation.EvoClassLoader -- Instrumenting class 'org.apache.logging.log4j.core.appender.db.jdbc.FactoryMethodConnectionSource'.
13:34:20.584 [main] INFO org.evosuite.runtime.instrumentation.MethodCallReplacementClassAdapter -- Adding mock interface to class org/apache/logging/log4j/core/appender/db/jdbc/FactoryMethodConnectionSource
13:34:20.586 [main] INFO org.evosuite.runtime.instrumentation.CreateClassResetClassAdapter -- Found static initializer in class org/apache/logging/log4j/core/appender/db/jdbc/FactoryMethodConnectionSource
13:34:20.587 [main] INFO org.evosuite.runtime.instrumentation.EvoClassLoader -- Seeing class for first time: org.apache.logging.log4j.core.appender.db.jdbc.AbstractConnectionSource
13:34:20.587 [main] INFO org.evosuite.runtime.instrumentation.EvoClassLoader -- Instrumenting class 'org.apache.logging.log4j.core.appender.db.jdbc.AbstractConnectionSource'.
13:34:20.588 [main] INFO org.evosuite.runtime.instrumentation.MethodCallReplacementClassAdapter -- Adding mock interface to class org/apache/logging/log4j/core/appender/db/jdbc/AbstractConnectionSource
13:34:20.589 [main] INFO org.evosuite.runtime.instrumentation.CreateClassResetClassAdapter -- Creating brand-new static initializer in class org/apache/logging/log4j/core/appender/db/jdbc/AbstractConnectionSource
13:34:20.589 [main] INFO org.evosuite.runtime.instrumentation.EvoClassLoader -- Seeing class for first time: org.apache.logging.log4j.core.appender.db.jdbc.ConnectionSource
13:34:20.589 [main] INFO org.evosuite.runtime.instrumentation.EvoClassLoader -- Instrumenting class 'org.apache.logging.log4j.core.appender.db.jdbc.ConnectionSource'.
13:34:20.590 [main] INFO org.evosuite.runtime.instrumentation.EvoClassLoader -- Keeping class: org.apache.logging.log4j.core.appender.db.jdbc.ConnectionSource
13:34:20.590 [main] INFO org.evosuite.runtime.instrumentation.EvoClassLoader -- Keeping class: org.apache.logging.log4j.core.appender.db.jdbc.AbstractConnectionSource
13:34:20.590 [main] INFO org.evosuite.runtime.instrumentation.EvoClassLoader -- Keeping class: org.apache.logging.log4j.core.appender.db.jdbc.FactoryMethodConnectionSource
13:34:20.590 [main] INFO org.evosuite.runtime.instrumentation.EvoClassLoader -- Seeing class for first time: org.apache.logging.log4j.core.appender.ConsoleAppender
13:34:20.590 [main] INFO org.evosuite.runtime.instrumentation.EvoClassLoader -- Instrumenting class 'org.apache.logging.log4j.core.appender.ConsoleAppender'.
13:34:20.592 [main] INFO org.evosuite.runtime.instrumentation.MethodCallReplacementClassAdapter -- Adding mock interface to class org/apache/logging/log4j/core/appender/ConsoleAppender
13:34:20.603 [main] INFO org.evosuite.runtime.instrumentation.CreateClassResetClassAdapter -- Found static initializer in class org/apache/logging/log4j/core/appender/ConsoleAppender
13:34:20.604 [main] INFO org.evosuite.runtime.instrumentation.EvoClassLoader -- Seeing class for first time: org.apache.logging.log4j.core.appender.AbstractOutputStreamAppender
13:34:20.604 [main] INFO org.evosuite.runtime.instrumentation.EvoClassLoader -- Instrumenting class 'org.apache.logging.log4j.core.appender.AbstractOutputStreamAppender'.
13:34:20.636 [main] INFO org.evosuite.runtime.instrumentation.MethodCallReplacementClassAdapter -- Adding mock interface to class org/apache/logging/log4j/core/appender/AbstractOutputStreamAppender
13:34:20.637 [main] INFO org.evosuite.runtime.instrumentation.CreateClassResetClassAdapter -- Creating brand-new static initializer in class org/apache/logging/log4j/core/appender/AbstractOutputStreamAppender
13:34:20.638 [main] INFO org.evosuite.runtime.instrumentation.EvoClassLoader -- Keeping class: org.apache.logging.log4j.core.appender.AbstractOutputStreamAppender
13:34:20.638 [main] INFO org.evosuite.runtime.instrumentation.EvoClassLoader -- Keeping class: org.apache.logging.log4j.core.appender.ConsoleAppender
13:34:20.638 [main] INFO org.evosuite.runtime.instrumentation.EvoClassLoader -- Seeing class for first time: org.apache.logging.log4j.core.filter.ThreadContextMapFilter
13:34:20.638 [main] INFO org.evosuite.runtime.instrumentation.EvoClassLoader -- Instrumenting class 'org.apache.logging.log4j.core.filter.ThreadContextMapFilter'.
13:34:20.639 [main] INFO org.evosuite.runtime.instrumentation.MethodCallReplacementClassAdapter -- Adding mock interface to class org/apache/logging/log4j/core/filter/ThreadContextMapFilter
13:34:20.640 [main] INFO org.evosuite.runtime.instrumentation.CreateClassResetClassAdapter -- Creating brand-new static initializer in class org/apache/logging/log4j/core/filter/ThreadContextMapFilter
13:34:20.641 [main] INFO org.evosuite.runtime.instrumentation.EvoClassLoader -- Seeing class for first time: org.apache.logging.log4j.core.filter.MapFilter
13:34:20.641 [main] INFO org.evosuite.runtime.instrumentation.EvoClassLoader -- Instrumenting class 'org.apache.logging.log4j.core.filter.MapFilter'.
13:34:20.641 [main] INFO org.evosuite.runtime.instrumentation.MethodCallReplacementClassAdapter -- Adding mock interface to class org/apache/logging/log4j/core/filter/MapFilter
13:34:20.643 [main] INFO org.evosuite.runtime.instrumentation.CreateClassResetClassAdapter -- Creating brand-new static initializer in class org/apache/logging/log4j/core/filter/MapFilter
13:34:20.643 [main] INFO org.evosuite.runtime.instrumentation.EvoClassLoader -- Keeping class: org.apache.logging.log4j.core.filter.MapFilter
13:34:20.643 [main] INFO org.evosuite.runtime.instrumentation.EvoClassLoader -- Keeping class: org.apache.logging.log4j.core.filter.ThreadContextMapFilter
13:34:20.643 [main] INFO org.evosuite.runtime.instrumentation.EvoClassLoader -- Seeing class for first time: org.apache.logging.log4j.core.appender.CountingNoOpAppender
13:34:20.643 [main] INFO org.evosuite.runtime.instrumentation.EvoClassLoader -- Instrumenting class 'org.apache.logging.log4j.core.appender.CountingNoOpAppender'.
13:34:20.644 [main] INFO org.evosuite.runtime.instrumentation.MethodCallReplacementClassAdapter -- Adding mock interface to class org/apache/logging/log4j/core/appender/CountingNoOpAppender
13:34:20.645 [main] INFO org.evosuite.runtime.instrumentation.CreateClassResetClassAdapter -- Creating brand-new static initializer in class org/apache/logging/log4j/core/appender/CountingNoOpAppender
13:34:20.645 [main] INFO org.evosuite.runtime.instrumentation.EvoClassLoader -- Keeping class: org.apache.logging.log4j.core.appender.CountingNoOpAppender
13:34:20.645 [main] INFO org.evosuite.runtime.instrumentation.EvoClassLoader -- Seeing class for first time: org.apache.logging.log4j.core.appender.rolling.CronTriggeringPolicy
13:34:20.645 [main] INFO org.evosuite.runtime.instrumentation.EvoClassLoader -- Instrumenting class 'org.apache.logging.log4j.core.appender.rolling.CronTriggeringPolicy'.
13:34:20.646 [main] INFO org.evosuite.runtime.instrumentation.MethodCallReplacementClassAdapter -- Adding mock interface to class org/apache/logging/log4j/core/appender/rolling/CronTriggeringPolicy
13:34:20.648 [main] INFO org.evosuite.runtime.instrumentation.CreateClassResetClassAdapter -- Creating brand-new static initializer in class org/apache/logging/log4j/core/appender/rolling/CronTriggeringPolicy
13:34:20.649 [main] INFO org.evosuite.runtime.instrumentation.CreateClassResetClassAdapter -- Adding bytecode for initializing field defaultSchedule
13:34:20.649 [main] INFO org.evosuite.runtime.instrumentation.EvoClassLoader -- Defined package (3): package org.apache.logging.log4j.core.appender.rolling, -150166604
13:34:20.649 [main] INFO org.evosuite.runtime.instrumentation.EvoClassLoader -- Seeing class for first time: org.apache.logging.log4j.core.appender.rolling.AbstractTriggeringPolicy
13:34:20.649 [main] INFO org.evosuite.runtime.instrumentation.EvoClassLoader -- Instrumenting class 'org.apache.logging.log4j.core.appender.rolling.AbstractTriggeringPolicy'.
13:34:20.650 [main] INFO org.evosuite.runtime.instrumentation.MethodCallReplacementClassAdapter -- Adding mock interface to class org/apache/logging/log4j/core/appender/rolling/AbstractTriggeringPolicy
13:34:20.650 [main] INFO org.evosuite.runtime.instrumentation.CreateClassResetClassAdapter -- Creating brand-new static initializer in class org/apache/logging/log4j/core/appender/rolling/AbstractTriggeringPolicy
13:34:20.650 [main] INFO org.evosuite.runtime.instrumentation.EvoClassLoader -- Seeing class for first time: org.apache.logging.log4j.core.appender.rolling.TriggeringPolicy
13:34:20.650 [main] INFO org.evosuite.runtime.instrumentation.EvoClassLoader -- Instrumenting class 'org.apache.logging.log4j.core.appender.rolling.TriggeringPolicy'.
13:34:20.651 [main] INFO org.evosuite.runtime.instrumentation.EvoClassLoader -- Keeping class: org.apache.logging.log4j.core.appender.rolling.TriggeringPolicy
13:34:20.651 [main] INFO org.evosuite.runtime.instrumentation.EvoClassLoader -- Keeping class: org.apache.logging.log4j.core.appender.rolling.AbstractTriggeringPolicy
13:34:20.651 [main] INFO org.evosuite.runtime.instrumentation.EvoClassLoader -- Keeping class: org.apache.logging.log4j.core.appender.rolling.CronTriggeringPolicy
13:34:20.651 [main] INFO org.evosuite.runtime.instrumentation.EvoClassLoader -- Seeing class for first time: org.apache.logging.log4j.core.layout.CsvLogEventLayout
13:34:20.651 [main] INFO org.evosuite.runtime.instrumentation.EvoClassLoader -- Instrumenting class 'org.apache.logging.log4j.core.layout.CsvLogEventLayout'.
13:34:20.652 [main] INFO org.evosuite.runtime.instrumentation.MethodCallReplacementClassAdapter -- Adding mock interface to class org/apache/logging/log4j/core/layout/CsvLogEventLayout
13:34:20.652 [main] INFO org.evosuite.runtime.instrumentation.CreateClassResetClassAdapter -- Creating brand-new static initializer in class org/apache/logging/log4j/core/layout/CsvLogEventLayout
13:34:20.653 [main] INFO org.evosuite.runtime.instrumentation.EvoClassLoader -- Seeing class for first time: org.apache.logging.log4j.core.layout.AbstractCsvLayout
13:34:20.653 [main] INFO org.evosuite.runtime.instrumentation.EvoClassLoader -- Instrumenting class 'org.apache.logging.log4j.core.layout.AbstractCsvLayout'.
13:34:20.653 [main] INFO org.evosuite.runtime.instrumentation.MethodCallReplacementClassAdapter -- Adding mock interface to class org/apache/logging/log4j/core/layout/AbstractCsvLayout
13:34:20.654 [main] INFO org.evosuite.runtime.instrumentation.CreateClassResetClassAdapter -- Creating brand-new static initializer in class org/apache/logging/log4j/core/layout/AbstractCsvLayout
13:34:20.654 [main] INFO org.evosuite.runtime.instrumentation.CreateClassResetClassAdapter -- Adding bytecode for initializing field DEFAULT_CHARSET
13:34:20.654 [main] INFO org.evosuite.runtime.instrumentation.CreateClassResetClassAdapter -- Adding bytecode for initializing field DEFAULT_FORMAT
13:34:20.654 [main] INFO org.evosuite.runtime.instrumentation.CreateClassResetClassAdapter -- Adding bytecode for initializing field CONTENT_TYPE
13:34:20.654 [main] INFO org.evosuite.runtime.instrumentation.EvoClassLoader -- Seeing class for first time: org.apache.logging.log4j.core.layout.AbstractStringLayout
13:34:20.654 [main] INFO org.evosuite.runtime.instrumentation.EvoClassLoader -- Instrumenting class 'org.apache.logging.log4j.core.layout.AbstractStringLayout'.
13:34:20.654 [main] INFO org.evosuite.runtime.instrumentation.MethodCallReplacementClassAdapter -- Adding mock interface to class org/apache/logging/log4j/core/layout/AbstractStringLayout
13:34:20.655 [main] INFO org.evosuite.runtime.instrumentation.CreateClassResetClassAdapter -- Found static initializer in class org/apache/logging/log4j/core/layout/AbstractStringLayout
13:34:20.656 [main] INFO org.evosuite.runtime.instrumentation.EvoClassLoader -- Seeing class for first time: org.apache.logging.log4j.core.StringLayout
13:34:20.656 [main] INFO org.evosuite.runtime.instrumentation.EvoClassLoader -- Instrumenting class 'org.apache.logging.log4j.core.StringLayout'.
13:34:20.656 [main] INFO org.evosuite.runtime.instrumentation.EvoClassLoader -- Keeping class: org.apache.logging.log4j.core.StringLayout
13:34:20.656 [main] INFO org.evosuite.runtime.instrumentation.EvoClassLoader -- Seeing class for first time: org.apache.logging.log4j.core.layout.AbstractLayout
13:34:20.656 [main] INFO org.evosuite.runtime.instrumentation.EvoClassLoader -- Instrumenting class 'org.apache.logging.log4j.core.layout.AbstractLayout'.
13:34:20.657 [main] INFO org.evosuite.runtime.instrumentation.MethodCallReplacementClassAdapter -- Adding mock interface to class org/apache/logging/log4j/core/layout/AbstractLayout
13:34:20.657 [main] INFO org.evosuite.runtime.instrumentation.CreateClassResetClassAdapter -- Found static initializer in class org/apache/logging/log4j/core/layout/AbstractLayout
13:34:20.658 [main] INFO org.evosuite.runtime.instrumentation.EvoClassLoader -- Keeping class: org.apache.logging.log4j.core.layout.AbstractLayout
13:34:20.658 [main] INFO org.evosuite.runtime.instrumentation.EvoClassLoader -- Keeping class: org.apache.logging.log4j.core.layout.AbstractStringLayout
13:34:20.658 [main] INFO org.evosuite.runtime.instrumentation.EvoClassLoader -- Keeping class: org.apache.logging.log4j.core.layout.AbstractCsvLayout
13:34:20.658 [main] INFO org.evosuite.runtime.instrumentation.EvoClassLoader -- Keeping class: org.apache.logging.log4j.core.layout.CsvLogEventLayout
13:34:20.658 [main] INFO org.evosuite.runtime.instrumentation.EvoClassLoader -- Seeing class for first time: org.apache.logging.log4j.core.layout.CsvParameterLayout
13:34:20.658 [main] INFO org.evosuite.runtime.instrumentation.EvoClassLoader -- Instrumenting class 'org.apache.logging.log4j.core.layout.CsvParameterLayout'.
13:34:20.660 [main] INFO org.evosuite.runtime.instrumentation.MethodCallReplacementClassAdapter -- Adding mock interface to class org/apache/logging/log4j/core/layout/CsvParameterLayout
13:34:20.661 [main] INFO org.evosuite.runtime.instrumentation.CreateClassResetClassAdapter -- Creating brand-new static initializer in class org/apache/logging/log4j/core/layout/CsvParameterLayout
13:34:20.661 [main] INFO org.evosuite.runtime.instrumentation.EvoClassLoader -- Keeping class: org.apache.logging.log4j.core.layout.CsvParameterLayout
13:34:20.661 [main] INFO org.evosuite.runtime.instrumentation.EvoClassLoader -- Seeing class for first time: org.apache.logging.log4j.core.config.CustomLevelConfig
13:34:20.661 [main] INFO org.evosuite.runtime.instrumentation.EvoClassLoader -- Instrumenting class 'org.apache.logging.log4j.core.config.CustomLevelConfig'.
13:34:20.662 [main] INFO org.evosuite.runtime.instrumentation.MethodCallReplacementClassAdapter -- Adding mock interface to class org/apache/logging/log4j/core/config/CustomLevelConfig
13:34:20.663 [main] INFO org.evosuite.runtime.instrumentation.CreateClassResetClassAdapter -- Found static initializer in class org/apache/logging/log4j/core/config/CustomLevelConfig
13:34:20.663 [main] INFO org.evosuite.runtime.instrumentation.EvoClassLoader -- Keeping class: org.apache.logging.log4j.core.config.CustomLevelConfig
13:34:20.663 [main] INFO org.evosuite.runtime.instrumentation.EvoClassLoader -- Seeing class for first time: org.apache.logging.log4j.core.config.CustomLevels
13:34:20.663 [main] INFO org.evosuite.runtime.instrumentation.EvoClassLoader -- Instrumenting class 'org.apache.logging.log4j.core.config.CustomLevels'.
13:34:20.664 [main] INFO org.evosuite.runtime.instrumentation.MethodCallReplacementClassAdapter -- Adding mock interface to class org/apache/logging/log4j/core/config/CustomLevels
13:34:20.664 [main] INFO org.evosuite.runtime.instrumentation.CreateClassResetClassAdapter -- Creating brand-new static initializer in class org/apache/logging/log4j/core/config/CustomLevels
13:34:20.665 [main] INFO org.evosuite.runtime.instrumentation.EvoClassLoader -- Keeping class: org.apache.logging.log4j.core.config.CustomLevels
13:34:20.665 [main] INFO org.evosuite.runtime.instrumentation.EvoClassLoader -- Seeing class for first time: org.apache.logging.log4j.core.appender.db.jdbc.DataSourceConnectionSource
13:34:20.665 [main] INFO org.evosuite.runtime.instrumentation.EvoClassLoader -- Instrumenting class 'org.apache.logging.log4j.core.appender.db.jdbc.DataSourceConnectionSource'.
13:34:20.665 [main] INFO org.evosuite.runtime.instrumentation.MethodCallReplacementClassAdapter -- Adding mock interface to class org/apache/logging/log4j/core/appender/db/jdbc/DataSourceConnectionSource
13:34:20.666 [main] INFO org.evosuite.runtime.instrumentation.CreateClassResetClassAdapter -- Found static initializer in class org/apache/logging/log4j/core/appender/db/jdbc/DataSourceConnectionSource
13:34:20.666 [main] INFO org.evosuite.runtime.instrumentation.EvoClassLoader -- Keeping class: org.apache.logging.log4j.core.appender.db.jdbc.DataSourceConnectionSource
13:34:20.666 [main] INFO org.evosuite.runtime.instrumentation.EvoClassLoader -- Seeing class for first time: org.apache.logging.log4j.core.config.arbiters.DefaultArbiter
13:34:20.666 [main] INFO org.evosuite.runtime.instrumentation.EvoClassLoader -- Instrumenting class 'org.apache.logging.log4j.core.config.arbiters.DefaultArbiter'.
13:34:20.667 [main] INFO org.evosuite.runtime.instrumentation.MethodCallReplacementClassAdapter -- Adding mock interface to class org/apache/logging/log4j/core/config/arbiters/DefaultArbiter
13:34:20.667 [main] INFO org.evosuite.runtime.instrumentation.CreateClassResetClassAdapter -- Creating brand-new static initializer in class org/apache/logging/log4j/core/config/arbiters/DefaultArbiter
13:34:20.667 [main] INFO org.evosuite.runtime.instrumentation.EvoClassLoader -- Keeping class: org.apache.logging.log4j.core.config.arbiters.DefaultArbiter
13:34:20.667 [main] INFO org.evosuite.runtime.instrumentation.EvoClassLoader -- Seeing class for first time: org.apache.logging.log4j.core.appender.rolling.DefaultRolloverStrategy
13:34:20.667 [main] INFO org.evosuite.runtime.instrumentation.EvoClassLoader -- Instrumenting class 'org.apache.logging.log4j.core.appender.rolling.DefaultRolloverStrategy'.
13:34:20.669 [main] INFO org.evosuite.runtime.instrumentation.MethodCallReplacementClassAdapter -- Adding mock interface to class org/apache/logging/log4j/core/appender/rolling/DefaultRolloverStrategy
13:34:20.675 [main] INFO org.evosuite.runtime.instrumentation.CreateClassResetClassAdapter -- Creating brand-new static initializer in class org/apache/logging/log4j/core/appender/rolling/DefaultRolloverStrategy
13:34:20.675 [main] INFO org.evosuite.runtime.instrumentation.CreateClassResetClassAdapter -- Adding bytecode for initializing field MIN_WINDOW_SIZE
13:34:20.676 [main] INFO org.evosuite.runtime.instrumentation.CreateClassResetClassAdapter -- Adding bytecode for initializing field DEFAULT_WINDOW_SIZE
13:34:20.676 [main] INFO org.evosuite.runtime.instrumentation.EvoClassLoader -- Seeing class for first time: org.apache.logging.log4j.core.appender.rolling.AbstractRolloverStrategy
13:34:20.676 [main] INFO org.evosuite.runtime.instrumentation.EvoClassLoader -- Instrumenting class 'org.apache.logging.log4j.core.appender.rolling.AbstractRolloverStrategy'.
13:34:20.677 [main] INFO org.evosuite.runtime.instrumentation.MethodCallReplacementClassAdapter -- Adding mock interface to class org/apache/logging/log4j/core/appender/rolling/AbstractRolloverStrategy
13:34:20.679 [main] INFO org.evosuite.runtime.instrumentation.CreateClassResetClassAdapter -- Found static initializer in class org/apache/logging/log4j/core/appender/rolling/AbstractRolloverStrategy
13:34:20.680 [main] INFO org.evosuite.runtime.instrumentation.EvoClassLoader -- Seeing class for first time: org.apache.logging.log4j.core.appender.rolling.RolloverStrategy
13:34:20.680 [main] INFO org.evosuite.runtime.instrumentation.EvoClassLoader -- Instrumenting class 'org.apache.logging.log4j.core.appender.rolling.RolloverStrategy'.
13:34:20.682 [main] INFO org.evosuite.runtime.instrumentation.EvoClassLoader -- Keeping class: org.apache.logging.log4j.core.appender.rolling.RolloverStrategy
13:34:20.682 [main] INFO org.evosuite.runtime.instrumentation.EvoClassLoader -- Keeping class: org.apache.logging.log4j.core.appender.rolling.AbstractRolloverStrategy
13:34:20.682 [main] INFO org.evosuite.runtime.instrumentation.EvoClassLoader -- Keeping class: org.apache.logging.log4j.core.appender.rolling.DefaultRolloverStrategy
13:34:20.682 [main] INFO org.evosuite.runtime.instrumentation.EvoClassLoader -- Seeing class for first time: org.apache.logging.log4j.core.appender.rolling.action.DeleteAction
13:34:20.682 [main] INFO org.evosuite.runtime.instrumentation.EvoClassLoader -- Instrumenting class 'org.apache.logging.log4j.core.appender.rolling.action.DeleteAction'.
13:34:20.684 [main] INFO org.evosuite.runtime.instrumentation.MethodCallReplacementClassAdapter -- Adding mock interface to class org/apache/logging/log4j/core/appender/rolling/action/DeleteAction
13:34:20.689 [main] INFO org.evosuite.runtime.instrumentation.CreateClassResetClassAdapter -- Creating brand-new static initializer in class org/apache/logging/log4j/core/appender/rolling/action/DeleteAction
13:34:20.689 [main] INFO org.evosuite.runtime.instrumentation.EvoClassLoader -- Defined package (3): package org.apache.logging.log4j.core.appender.rolling.action, -639128144
13:34:20.690 [main] INFO org.evosuite.runtime.instrumentation.EvoClassLoader -- Seeing class for first time: org.apache.logging.log4j.core.appender.rolling.action.AbstractPathAction
13:34:20.690 [main] INFO org.evosuite.runtime.instrumentation.EvoClassLoader -- Instrumenting class 'org.apache.logging.log4j.core.appender.rolling.action.AbstractPathAction'.
13:34:20.691 [main] INFO org.evosuite.runtime.instrumentation.MethodCallReplacementClassAdapter -- Adding mock interface to class org/apache/logging/log4j/core/appender/rolling/action/AbstractPathAction
13:34:20.693 [main] INFO org.evosuite.runtime.instrumentation.CreateClassResetClassAdapter -- Creating brand-new static initializer in class org/apache/logging/log4j/core/appender/rolling/action/AbstractPathAction
13:34:20.693 [main] INFO org.evosuite.runtime.instrumentation.EvoClassLoader -- Seeing class for first time: org.apache.logging.log4j.core.appender.rolling.action.AbstractAction
13:34:20.693 [main] INFO org.evosuite.runtime.instrumentation.EvoClassLoader -- Instrumenting class 'org.apache.logging.log4j.core.appender.rolling.action.AbstractAction'.
13:34:20.694 [main] INFO org.evosuite.runtime.instrumentation.MethodCallReplacementClassAdapter -- Adding mock interface to class org/apache/logging/log4j/core/appender/rolling/action/AbstractAction
13:34:20.697 [main] INFO org.evosuite.runtime.instrumentation.CreateClassResetClassAdapter -- Found static initializer in class org/apache/logging/log4j/core/appender/rolling/action/AbstractAction
13:34:20.697 [main] INFO org.evosuite.runtime.instrumentation.EvoClassLoader -- Seeing class for first time: org.apache.logging.log4j.core.appender.rolling.action.Action
13:34:20.697 [main] INFO org.evosuite.runtime.instrumentation.EvoClassLoader -- Instrumenting class 'org.apache.logging.log4j.core.appender.rolling.action.Action'.
13:34:20.698 [main] INFO org.evosuite.runtime.instrumentation.EvoClassLoader -- Keeping class: org.apache.logging.log4j.core.appender.rolling.action.Action
13:34:20.698 [main] INFO org.evosuite.runtime.instrumentation.EvoClassLoader -- Keeping class: org.apache.logging.log4j.core.appender.rolling.action.AbstractAction
13:34:20.698 [main] INFO org.evosuite.runtime.instrumentation.EvoClassLoader -- Keeping class: org.apache.logging.log4j.core.appender.rolling.action.AbstractPathAction
13:34:20.698 [main] INFO org.evosuite.runtime.instrumentation.EvoClassLoader -- Keeping class: org.apache.logging.log4j.core.appender.rolling.action.DeleteAction
13:34:20.698 [main] INFO org.evosuite.runtime.instrumentation.EvoClassLoader -- Seeing class for first time: org.apache.logging.log4j.core.filter.DenyAllFilter
13:34:20.698 [main] INFO org.evosuite.runtime.instrumentation.EvoClassLoader -- Instrumenting class 'org.apache.logging.log4j.core.filter.DenyAllFilter'.
13:34:20.699 [main] INFO org.evosuite.runtime.instrumentation.MethodCallReplacementClassAdapter -- Adding mock interface to class org/apache/logging/log4j/core/filter/DenyAllFilter
13:34:20.699 [main] INFO org.evosuite.runtime.instrumentation.CreateClassResetClassAdapter -- Creating brand-new static initializer in class org/apache/logging/log4j/core/filter/DenyAllFilter
13:34:20.700 [main] INFO org.evosuite.runtime.instrumentation.EvoClassLoader -- Keeping class: org.apache.logging.log4j.core.filter.DenyAllFilter
13:34:20.700 [main] INFO org.evosuite.runtime.instrumentation.EvoClassLoader -- Seeing class for first time: org.apache.logging.log4j.core.appender.rolling.DirectWriteRolloverStrategy
13:34:20.700 [main] INFO org.evosuite.runtime.instrumentation.EvoClassLoader -- Instrumenting class 'org.apache.logging.log4j.core.appender.rolling.DirectWriteRolloverStrategy'.
13:34:20.701 [main] INFO org.evosuite.runtime.instrumentation.MethodCallReplacementClassAdapter -- Adding mock interface to class org/apache/logging/log4j/core/appender/rolling/DirectWriteRolloverStrategy
13:34:20.703 [main] INFO org.evosuite.runtime.instrumentation.CreateClassResetClassAdapter -- Creating brand-new static initializer in class org/apache/logging/log4j/core/appender/rolling/DirectWriteRolloverStrategy
13:34:20.703 [main] INFO org.evosuite.runtime.instrumentation.CreateClassResetClassAdapter -- Adding bytecode for initializing field DEFAULT_MAX_FILES
13:34:20.703 [main] INFO org.evosuite.runtime.instrumentation.EvoClassLoader -- Seeing class for first time: org.apache.logging.log4j.core.appender.rolling.DirectFileRolloverStrategy
13:34:20.703 [main] INFO org.evosuite.runtime.instrumentation.EvoClassLoader -- Instrumenting class 'org.apache.logging.log4j.core.appender.rolling.DirectFileRolloverStrategy'.
13:34:20.705 [main] INFO org.evosuite.runtime.instrumentation.EvoClassLoader -- Keeping class: org.apache.logging.log4j.core.appender.rolling.DirectFileRolloverStrategy
13:34:20.706 [main] INFO org.evosuite.runtime.instrumentation.EvoClassLoader -- Keeping class: org.apache.logging.log4j.core.appender.rolling.DirectWriteRolloverStrategy
13:34:20.706 [main] INFO org.evosuite.runtime.instrumentation.EvoClassLoader -- Seeing class for first time: org.apache.logging.log4j.core.async.DisruptorBlockingQueueFactory
13:34:20.706 [main] INFO org.evosuite.runtime.instrumentation.EvoClassLoader -- Instrumenting class 'org.apache.logging.log4j.core.async.DisruptorBlockingQueueFactory'.
13:34:20.706 [main] INFO org.evosuite.runtime.instrumentation.MethodCallReplacementClassAdapter -- Adding mock interface to class org/apache/logging/log4j/core/async/DisruptorBlockingQueueFactory
13:34:20.707 [main] INFO org.evosuite.runtime.instrumentation.CreateClassResetClassAdapter -- Creating brand-new static initializer in class org/apache/logging/log4j/core/async/DisruptorBlockingQueueFactory
13:34:20.707 [main] INFO org.evosuite.runtime.instrumentation.EvoClassLoader -- Keeping class: org.apache.logging.log4j.core.async.DisruptorBlockingQueueFactory
13:34:20.708 [main] INFO org.evosuite.runtime.instrumentation.EvoClassLoader -- Seeing class for first time: org.apache.logging.log4j.core.appender.db.jdbc.DriverManagerConnectionSource
13:34:20.708 [main] INFO org.evosuite.runtime.instrumentation.EvoClassLoader -- Instrumenting class 'org.apache.logging.log4j.core.appender.db.jdbc.DriverManagerConnectionSource'.
13:34:20.708 [main] INFO org.evosuite.runtime.instrumentation.MethodCallReplacementClassAdapter -- Adding mock interface to class org/apache/logging/log4j/core/appender/db/jdbc/DriverManagerConnectionSource
13:34:20.709 [main] INFO org.evosuite.runtime.instrumentation.CreateClassResetClassAdapter -- Creating brand-new static initializer in class org/apache/logging/log4j/core/appender/db/jdbc/DriverManagerConnectionSource
13:34:20.709 [main] INFO org.evosuite.runtime.instrumentation.EvoClassLoader -- Seeing class for first time: org.apache.logging.log4j.core.appender.db.jdbc.AbstractDriverManagerConnectionSource
13:34:20.709 [main] INFO org.evosuite.runtime.instrumentation.EvoClassLoader -- Instrumenting class 'org.apache.logging.log4j.core.appender.db.jdbc.AbstractDriverManagerConnectionSource'.
13:34:20.710 [main] INFO org.evosuite.runtime.instrumentation.MethodCallReplacementClassAdapter -- Adding mock interface to class org/apache/logging/log4j/core/appender/db/jdbc/AbstractDriverManagerConnectionSource
13:34:20.710 [main] INFO org.evosuite.runtime.instrumentation.CreateClassResetClassAdapter -- Found static initializer in class org/apache/logging/log4j/core/appender/db/jdbc/AbstractDriverManagerConnectionSource
13:34:20.711 [main] INFO org.evosuite.runtime.instrumentation.EvoClassLoader -- Keeping class: org.apache.logging.log4j.core.appender.db.jdbc.AbstractDriverManagerConnectionSource
13:34:20.711 [main] INFO org.evosuite.runtime.instrumentation.EvoClassLoader -- Keeping class: org.apache.logging.log4j.core.appender.db.jdbc.DriverManagerConnectionSource
13:34:20.711 [main] INFO org.evosuite.runtime.instrumentation.EvoClassLoader -- Seeing class for first time: org.apache.logging.log4j.core.filter.DynamicThresholdFilter
13:34:20.711 [main] INFO org.evosuite.runtime.instrumentation.EvoClassLoader -- Instrumenting class 'org.apache.logging.log4j.core.filter.DynamicThresholdFilter'.
13:34:20.712 [main] INFO org.evosuite.runtime.instrumentation.MethodCallReplacementClassAdapter -- Adding mock interface to class org/apache/logging/log4j/core/filter/DynamicThresholdFilter
13:34:20.713 [main] INFO org.evosuite.runtime.instrumentation.CreateClassResetClassAdapter -- Creating brand-new static initializer in class org/apache/logging/log4j/core/filter/DynamicThresholdFilter
13:34:20.714 [main] INFO org.evosuite.runtime.instrumentation.EvoClassLoader -- Keeping class: org.apache.logging.log4j.core.filter.DynamicThresholdFilter
13:34:20.714 [main] INFO org.evosuite.runtime.instrumentation.EvoClassLoader -- Seeing class for first time: org.apache.logging.log4j.core.config.arbiters.EnvironmentArbiter
13:34:20.714 [main] INFO org.evosuite.runtime.instrumentation.EvoClassLoader -- Instrumenting class 'org.apache.logging.log4j.core.config.arbiters.EnvironmentArbiter'.
13:34:20.714 [main] INFO org.evosuite.runtime.instrumentation.MethodCallReplacementClassAdapter -- Adding mock interface to class org/apache/logging/log4j/core/config/arbiters/EnvironmentArbiter
13:34:20.715 [main] INFO org.evosuite.runtime.instrumentation.CreateClassResetClassAdapter -- Creating brand-new static initializer in class org/apache/logging/log4j/core/config/arbiters/EnvironmentArbiter
13:34:20.715 [main] INFO org.evosuite.runtime.instrumentation.EvoClassLoader -- Keeping class: org.apache.logging.log4j.core.config.arbiters.EnvironmentArbiter
13:34:20.715 [main] INFO org.evosuite.runtime.instrumentation.EvoClassLoader -- Seeing class for first time: org.apache.logging.log4j.core.test.appender.FailOnceAppender
13:34:20.715 [main] INFO org.evosuite.runtime.instrumentation.EvoClassLoader -- Instrumenting class 'org.apache.logging.log4j.core.test.appender.FailOnceAppender'.
13:34:20.716 [main] INFO org.evosuite.runtime.instrumentation.MethodCallReplacementClassAdapter -- Adding mock interface to class org/apache/logging/log4j/core/test/appender/FailOnceAppender
13:34:20.723 [main] INFO org.evosuite.runtime.instrumentation.CreateClassResetClassAdapter -- Creating brand-new static initializer in class org/apache/logging/log4j/core/test/appender/FailOnceAppender
13:34:20.724 [main] INFO org.evosuite.runtime.instrumentation.EvoClassLoader -- Keeping class: org.apache.logging.log4j.core.test.appender.FailOnceAppender
13:34:20.724 [main] INFO org.evosuite.runtime.instrumentation.EvoClassLoader -- Seeing class for first time: org.apache.logging.log4j.core.appender.FailoverAppender
13:34:20.724 [main] INFO org.evosuite.runtime.instrumentation.EvoClassLoader -- Instrumenting class 'org.apache.logging.log4j.core.appender.FailoverAppender'.
13:34:20.725 [main] INFO org.evosuite.runtime.instrumentation.MethodCallReplacementClassAdapter -- Adding mock interface to class org/apache/logging/log4j/core/appender/FailoverAppender
13:34:20.726 [main] INFO org.evosuite.runtime.instrumentation.CreateClassResetClassAdapter -- Creating brand-new static initializer in class org/apache/logging/log4j/core/appender/FailoverAppender
13:34:20.726 [main] INFO org.evosuite.runtime.instrumentation.CreateClassResetClassAdapter -- Adding bytecode for initializing field DEFAULT_INTERVAL_SECONDS
13:34:20.727 [main] INFO org.evosuite.runtime.instrumentation.EvoClassLoader -- Keeping class: org.apache.logging.log4j.core.appender.FailoverAppender
13:34:20.727 [main] INFO org.evosuite.runtime.instrumentation.EvoClassLoader -- Seeing class for first time: org.apache.logging.log4j.core.appender.FailoversPlugin
13:34:20.727 [main] INFO org.evosuite.runtime.instrumentation.EvoClassLoader -- Instrumenting class 'org.apache.logging.log4j.core.appender.FailoversPlugin'.
13:34:20.728 [main] INFO org.evosuite.runtime.instrumentation.MethodCallReplacementClassAdapter -- Adding mock interface to class org/apache/logging/log4j/core/appender/FailoversPlugin
13:34:20.728 [main] INFO org.evosuite.runtime.instrumentation.CreateClassResetClassAdapter -- Found static initializer in class org/apache/logging/log4j/core/appender/FailoversPlugin
13:34:20.728 [main] INFO org.evosuite.runtime.instrumentation.EvoClassLoader -- Keeping class: org.apache.logging.log4j.core.appender.FailoversPlugin
13:34:20.729 [main] INFO org.evosuite.runtime.instrumentation.EvoClassLoader -- Seeing class for first time: org.apache.logging.log4j.core.appender.FileAppender
13:34:20.729 [main] INFO org.evosuite.runtime.instrumentation.EvoClassLoader -- Instrumenting class 'org.apache.logging.log4j.core.appender.FileAppender'.
13:34:20.729 [main] INFO org.evosuite.runtime.instrumentation.MethodCallReplacementClassAdapter -- Adding mock interface to class org/apache/logging/log4j/core/appender/FileAppender
13:34:20.730 [main] INFO org.evosuite.runtime.instrumentation.CreateClassResetClassAdapter -- Creating brand-new static initializer in class org/apache/logging/log4j/core/appender/FileAppender
13:34:20.730 [main] INFO org.evosuite.runtime.instrumentation.CreateClassResetClassAdapter -- Adding bytecode for initializing field PLUGIN_NAME
13:34:20.730 [main] INFO org.evosuite.runtime.instrumentation.CreateClassResetClassAdapter -- Adding bytecode for initializing field DEFAULT_BUFFER_SIZE
13:34:20.731 [main] INFO org.evosuite.runtime.instrumentation.EvoClassLoader -- Keeping class: org.apache.logging.log4j.core.appender.FileAppender
13:34:20.731 [main] INFO org.evosuite.runtime.instrumentation.EvoClassLoader -- Seeing class for first time: org.apache.logging.log4j.core.filter.CompositeFilter
13:34:20.731 [main] INFO org.evosuite.runtime.instrumentation.EvoClassLoader -- Instrumenting class 'org.apache.logging.log4j.core.filter.CompositeFilter'.
13:34:20.732 [main] INFO org.evosuite.runtime.instrumentation.MethodCallReplacementClassAdapter -- Adding mock interface to class org/apache/logging/log4j/core/filter/CompositeFilter
13:34:20.733 [main] INFO org.evosuite.runtime.instrumentation.CreateClassResetClassAdapter -- Creating brand-new static initializer in class org/apache/logging/log4j/core/filter/CompositeFilter
13:34:20.734 [main] INFO org.evosuite.runtime.instrumentation.EvoClassLoader -- Keeping class: org.apache.logging.log4j.core.filter.CompositeFilter
13:34:20.734 [main] INFO org.evosuite.runtime.instrumentation.EvoClassLoader -- Seeing class for first time: org.apache.logging.log4j.core.layout.GelfLayout
13:34:20.734 [main] INFO org.evosuite.runtime.instrumentation.EvoClassLoader -- Instrumenting class 'org.apache.logging.log4j.core.layout.GelfLayout'.
13:34:20.735 [main] INFO org.evosuite.runtime.instrumentation.MethodCallReplacementClassAdapter -- Adding mock interface to class org/apache/logging/log4j/core/layout/GelfLayout
13:34:20.738 [main] INFO org.evosuite.runtime.instrumentation.CreateClassResetClassAdapter -- Found static initializer in class org/apache/logging/log4j/core/layout/GelfLayout
13:34:20.739 [main] INFO org.evosuite.runtime.instrumentation.EvoClassLoader -- Keeping class: org.apache.logging.log4j.core.layout.GelfLayout
13:34:20.739 [main] INFO org.evosuite.runtime.instrumentation.EvoClassLoader -- Seeing class for first time: org.apache.logging.log4j.core.layout.HtmlLayout
13:34:20.739 [main] INFO org.evosuite.runtime.instrumentation.EvoClassLoader -- Instrumenting class 'org.apache.logging.log4j.core.layout.HtmlLayout'.
13:34:20.740 [main] INFO org.evosuite.runtime.instrumentation.MethodCallReplacementClassAdapter -- Adding mock interface to class org/apache/logging/log4j/core/layout/HtmlLayout
13:34:20.743 [main] INFO org.evosuite.runtime.instrumentation.CreateClassResetClassAdapter -- Found static initializer in class org/apache/logging/log4j/core/layout/HtmlLayout
13:34:20.744 [main] INFO org.evosuite.runtime.instrumentation.EvoClassLoader -- Keeping class: org.apache.logging.log4j.core.layout.HtmlLayout
13:34:20.744 [main] INFO org.evosuite.runtime.instrumentation.EvoClassLoader -- Seeing class for first time: org.apache.logging.log4j.core.appender.HttpAppender
13:34:20.744 [main] INFO org.evosuite.runtime.instrumentation.EvoClassLoader -- Instrumenting class 'org.apache.logging.log4j.core.appender.HttpAppender'.
13:34:20.745 [main] INFO org.evosuite.runtime.instrumentation.MethodCallReplacementClassAdapter -- Adding mock interface to class org/apache/logging/log4j/core/appender/HttpAppender
13:34:20.746 [main] INFO org.evosuite.runtime.instrumentation.CreateClassResetClassAdapter -- Creating brand-new static initializer in class org/apache/logging/log4j/core/appender/HttpAppender
13:34:20.746 [main] INFO org.evosuite.runtime.instrumentation.EvoClassLoader -- Keeping class: org.apache.logging.log4j.core.appender.HttpAppender
13:34:20.746 [main] INFO org.evosuite.runtime.instrumentation.EvoClassLoader -- Seeing class for first time: org.apache.logging.log4j.core.appender.routing.IdlePurgePolicy
13:34:20.746 [main] INFO org.evosuite.runtime.instrumentation.EvoClassLoader -- Instrumenting class 'org.apache.logging.log4j.core.appender.routing.IdlePurgePolicy'.
13:34:20.747 [main] INFO org.evosuite.runtime.instrumentation.MethodCallReplacementClassAdapter -- Adding mock interface to class org/apache/logging/log4j/core/appender/routing/IdlePurgePolicy
13:34:20.748 [main] INFO org.evosuite.runtime.instrumentation.CreateClassResetClassAdapter -- Creating brand-new static initializer in class org/apache/logging/log4j/core/appender/routing/IdlePurgePolicy
13:34:20.749 [main] INFO org.evosuite.runtime.instrumentation.EvoClassLoader -- Defined package (3): package org.apache.logging.log4j.core.appender.routing, -141616587
13:34:20.749 [main] INFO org.evosuite.runtime.instrumentation.EvoClassLoader -- Seeing class for first time: org.apache.logging.log4j.core.appender.routing.PurgePolicy
13:34:20.749 [main] INFO org.evosuite.runtime.instrumentation.EvoClassLoader -- Instrumenting class 'org.apache.logging.log4j.core.appender.routing.PurgePolicy'.
13:34:20.750 [main] INFO org.evosuite.runtime.instrumentation.EvoClassLoader -- Keeping class: org.apache.logging.log4j.core.appender.routing.PurgePolicy
13:34:20.750 [main] INFO org.evosuite.runtime.instrumentation.EvoClassLoader -- Keeping class: org.apache.logging.log4j.core.appender.routing.IdlePurgePolicy
13:34:20.750 [main] INFO org.evosuite.runtime.instrumentation.EvoClassLoader -- Seeing class for first time: org.apache.logging.log4j.core.appender.rolling.action.IfAccumulatedFileCount
13:34:20.750 [main] INFO org.evosuite.runtime.instrumentation.EvoClassLoader -- Instrumenting class 'org.apache.logging.log4j.core.appender.rolling.action.IfAccumulatedFileCount'.
13:34:20.751 [main] INFO org.evosuite.runtime.instrumentation.MethodCallReplacementClassAdapter -- Adding mock interface to class org/apache/logging/log4j/core/appender/rolling/action/IfAccumulatedFileCount
13:34:20.753 [main] INFO org.evosuite.runtime.instrumentation.CreateClassResetClassAdapter -- Found static initializer in class org/apache/logging/log4j/core/appender/rolling/action/IfAccumulatedFileCount
13:34:20.753 [main] INFO org.evosuite.runtime.instrumentation.EvoClassLoader -- Seeing class for first time: org.apache.logging.log4j.core.appender.rolling.action.PathCondition
13:34:20.753 [main] INFO org.evosuite.runtime.instrumentation.EvoClassLoader -- Instrumenting class 'org.apache.logging.log4j.core.appender.rolling.action.PathCondition'.
13:34:20.755 [main] INFO org.evosuite.runtime.instrumentation.EvoClassLoader -- Keeping class: org.apache.logging.log4j.core.appender.rolling.action.PathCondition
13:34:20.755 [main] INFO org.evosuite.runtime.instrumentation.EvoClassLoader -- Keeping class: org.apache.logging.log4j.core.appender.rolling.action.IfAccumulatedFileCount
13:34:20.755 [main] INFO org.evosuite.runtime.instrumentation.EvoClassLoader -- Seeing class for first time: org.apache.logging.log4j.core.appender.rolling.action.IfAccumulatedFileSize
13:34:20.755 [main] INFO org.evosuite.runtime.instrumentation.EvoClassLoader -- Instrumenting class 'org.apache.logging.log4j.core.appender.rolling.action.IfAccumulatedFileSize'.
13:34:20.756 [main] INFO org.evosuite.runtime.instrumentation.MethodCallReplacementClassAdapter -- Adding mock interface to class org/apache/logging/log4j/core/appender/rolling/action/IfAccumulatedFileSize
13:34:20.757 [main] INFO org.evosuite.runtime.instrumentation.CreateClassResetClassAdapter -- Found static initializer in class org/apache/logging/log4j/core/appender/rolling/action/IfAccumulatedFileSize
13:34:20.757 [main] INFO org.evosuite.runtime.instrumentation.EvoClassLoader -- Keeping class: org.apache.logging.log4j.core.appender.rolling.action.IfAccumulatedFileSize
13:34:20.758 [main] INFO org.evosuite.runtime.instrumentation.EvoClassLoader -- Seeing class for first time: org.apache.logging.log4j.core.appender.rolling.action.IfAll
13:34:20.758 [main] INFO org.evosuite.runtime.instrumentation.EvoClassLoader -- Instrumenting class 'org.apache.logging.log4j.core.appender.rolling.action.IfAll'.
13:34:20.758 [main] INFO org.evosuite.runtime.instrumentation.MethodCallReplacementClassAdapter -- Adding mock interface to class org/apache/logging/log4j/core/appender/rolling/action/IfAll
13:34:20.759 [main] INFO org.evosuite.runtime.instrumentation.CreateClassResetClassAdapter -- Creating brand-new static initializer in class org/apache/logging/log4j/core/appender/rolling/action/IfAll
13:34:20.760 [main] INFO org.evosuite.runtime.instrumentation.EvoClassLoader -- Keeping class: org.apache.logging.log4j.core.appender.rolling.action.IfAll
13:34:20.760 [main] INFO org.evosuite.runtime.instrumentation.EvoClassLoader -- Seeing class for first time: org.apache.logging.log4j.core.appender.rolling.action.IfAny
13:34:20.760 [main] INFO org.evosuite.runtime.instrumentation.EvoClassLoader -- Instrumenting class 'org.apache.logging.log4j.core.appender.rolling.action.IfAny'.
13:34:20.760 [main] INFO org.evosuite.runtime.instrumentation.MethodCallReplacementClassAdapter -- Adding mock interface to class org/apache/logging/log4j/core/appender/rolling/action/IfAny
13:34:20.761 [main] INFO org.evosuite.runtime.instrumentation.CreateClassResetClassAdapter -- Creating brand-new static initializer in class org/apache/logging/log4j/core/appender/rolling/action/IfAny
13:34:20.761 [main] INFO org.evosuite.runtime.instrumentation.EvoClassLoader -- Keeping class: org.apache.logging.log4j.core.appender.rolling.action.IfAny
13:34:20.761 [main] INFO org.evosuite.runtime.instrumentation.EvoClassLoader -- Seeing class for first time: org.apache.logging.log4j.core.appender.rolling.action.IfFileName
13:34:20.761 [main] INFO org.evosuite.runtime.instrumentation.EvoClassLoader -- Instrumenting class 'org.apache.logging.log4j.core.appender.rolling.action.IfFileName'.
13:34:20.762 [main] INFO org.evosuite.runtime.instrumentation.MethodCallReplacementClassAdapter -- Adding mock interface to class org/apache/logging/log4j/core/appender/rolling/action/IfFileName
13:34:20.763 [main] INFO org.evosuite.runtime.instrumentation.CreateClassResetClassAdapter -- Found static initializer in class org/apache/logging/log4j/core/appender/rolling/action/IfFileName
13:34:20.763 [main] INFO org.evosuite.runtime.instrumentation.EvoClassLoader -- Keeping class: org.apache.logging.log4j.core.appender.rolling.action.IfFileName
13:34:20.763 [main] INFO org.evosuite.runtime.instrumentation.EvoClassLoader -- Seeing class for first time: org.apache.logging.log4j.core.appender.rolling.action.IfLastModified
13:34:20.763 [main] INFO org.evosuite.runtime.instrumentation.EvoClassLoader -- Instrumenting class 'org.apache.logging.log4j.core.appender.rolling.action.IfLastModified'.
13:34:20.764 [main] INFO org.evosuite.runtime.instrumentation.MethodCallReplacementClassAdapter -- Adding mock interface to class org/apache/logging/log4j/core/appender/rolling/action/IfLastModified
13:34:20.765 [main] INFO org.evosuite.runtime.instrumentation.CreateClassResetClassAdapter -- Found static initializer in class org/apache/logging/log4j/core/appender/rolling/action/IfLastModified
13:34:20.765 [main] INFO org.evosuite.runtime.instrumentation.EvoClassLoader -- Keeping class: org.apache.logging.log4j.core.appender.rolling.action.IfLastModified
13:34:20.765 [main] INFO org.evosuite.runtime.instrumentation.EvoClassLoader -- Seeing class for first time: org.apache.logging.log4j.core.appender.rolling.action.IfNot
13:34:20.765 [main] INFO org.evosuite.runtime.instrumentation.EvoClassLoader -- Instrumenting class 'org.apache.logging.log4j.core.appender.rolling.action.IfNot'.
13:34:20.766 [main] INFO org.evosuite.runtime.instrumentation.MethodCallReplacementClassAdapter -- Adding mock interface to class org/apache/logging/log4j/core/appender/rolling/action/IfNot
13:34:20.766 [main] INFO org.evosuite.runtime.instrumentation.CreateClassResetClassAdapter -- Creating brand-new static initializer in class org/apache/logging/log4j/core/appender/rolling/action/IfNot
13:34:20.766 [main] INFO org.evosuite.runtime.instrumentation.EvoClassLoader -- Keeping class: org.apache.logging.log4j.core.appender.rolling.action.IfNot
13:34:20.766 [main] INFO org.evosuite.runtime.instrumentation.EvoClassLoader -- Seeing class for first time: org.apache.logging.log4j.core.async.JCToolsBlockingQueueFactory
13:34:20.766 [main] INFO org.evosuite.runtime.instrumentation.EvoClassLoader -- Instrumenting class 'org.apache.logging.log4j.core.async.JCToolsBlockingQueueFactory'.
13:34:20.767 [main] INFO org.evosuite.runtime.instrumentation.MethodCallReplacementClassAdapter -- Adding mock interface to class org/apache/logging/log4j/core/async/JCToolsBlockingQueueFactory
13:34:20.767 [main] INFO org.evosuite.runtime.instrumentation.CreateClassResetClassAdapter -- Creating brand-new static initializer in class org/apache/logging/log4j/core/async/JCToolsBlockingQueueFactory
13:34:20.767 [main] INFO org.evosuite.runtime.instrumentation.EvoClassLoader -- Keeping class: org.apache.logging.log4j.core.async.JCToolsBlockingQueueFactory
13:34:20.767 [main] INFO org.evosuite.runtime.instrumentation.EvoClassLoader -- Seeing class for first time: org.apache.logging.log4j.core.appender.db.jdbc.JdbcAppender
13:34:20.767 [main] INFO org.evosuite.runtime.instrumentation.EvoClassLoader -- Instrumenting class 'org.apache.logging.log4j.core.appender.db.jdbc.JdbcAppender'.
13:34:20.768 [main] INFO org.evosuite.runtime.instrumentation.MethodCallReplacementClassAdapter -- Adding mock interface to class org/apache/logging/log4j/core/appender/db/jdbc/JdbcAppender
13:34:20.768 [main] INFO org.evosuite.runtime.instrumentation.CreateClassResetClassAdapter -- Creating brand-new static initializer in class org/apache/logging/log4j/core/appender/db/jdbc/JdbcAppender
13:34:20.768 [main] INFO org.evosuite.runtime.instrumentation.EvoClassLoader -- Seeing class for first time: org.apache.logging.log4j.core.appender.db.AbstractDatabaseAppender
13:34:20.768 [main] INFO org.evosuite.runtime.instrumentation.EvoClassLoader -- Instrumenting class 'org.apache.logging.log4j.core.appender.db.AbstractDatabaseAppender'.
13:34:20.769 [main] INFO org.evosuite.runtime.instrumentation.MethodCallReplacementClassAdapter -- Adding mock interface to class org/apache/logging/log4j/core/appender/db/AbstractDatabaseAppender
13:34:20.770 [main] INFO org.evosuite.runtime.instrumentation.CreateClassResetClassAdapter -- Creating brand-new static initializer in class org/apache/logging/log4j/core/appender/db/AbstractDatabaseAppender
13:34:20.770 [main] INFO org.evosuite.runtime.instrumentation.CreateClassResetClassAdapter -- Adding bytecode for initializing field DEFAULT_RECONNECT_INTERVAL_MILLIS
13:34:20.770 [main] INFO org.evosuite.runtime.instrumentation.EvoClassLoader -- Keeping class: org.apache.logging.log4j.core.appender.db.AbstractDatabaseAppender
13:34:20.770 [main] INFO org.evosuite.runtime.instrumentation.EvoClassLoader -- Keeping class: org.apache.logging.log4j.core.appender.db.jdbc.JdbcAppender
13:34:20.770 [main] INFO org.evosuite.runtime.instrumentation.EvoClassLoader -- Seeing class for first time: org.apache.logging.log4j.core.appender.mom.jeromq.JeroMqAppender
13:34:20.770 [main] INFO org.evosuite.runtime.instrumentation.EvoClassLoader -- Instrumenting class 'org.apache.logging.log4j.core.appender.mom.jeromq.JeroMqAppender'.
13:34:20.771 [main] INFO org.evosuite.runtime.instrumentation.MethodCallReplacementClassAdapter -- Adding mock interface to class org/apache/logging/log4j/core/appender/mom/jeromq/JeroMqAppender
13:34:20.773 [main] INFO org.evosuite.runtime.instrumentation.CreateClassResetClassAdapter -- Creating brand-new static initializer in class org/apache/logging/log4j/core/appender/mom/jeromq/JeroMqAppender
13:34:20.774 [main] INFO org.evosuite.runtime.instrumentation.CreateClassResetClassAdapter -- Adding bytecode for initializing field DEFAULT_BACKLOG
13:34:20.774 [main] INFO org.evosuite.runtime.instrumentation.CreateClassResetClassAdapter -- Adding bytecode for initializing field DEFAULT_IVL
13:34:20.774 [main] INFO org.evosuite.runtime.instrumentation.CreateClassResetClassAdapter -- Adding bytecode for initializing field DEFAULT_RCV_HWM
13:34:20.774 [main] INFO org.evosuite.runtime.instrumentation.CreateClassResetClassAdapter -- Adding bytecode for initializing field DEFAULT_SND_HWM
13:34:20.774 [main] INFO org.evosuite.runtime.instrumentation.EvoClassLoader -- Defined package (3): package org.apache.logging.log4j.core.appender.mom.jeromq, 1003135184
13:34:20.774 [main] INFO org.evosuite.runtime.instrumentation.EvoClassLoader -- Keeping class: org.apache.logging.log4j.core.appender.mom.jeromq.JeroMqAppender
13:34:20.774 [main] INFO org.evosuite.runtime.instrumentation.EvoClassLoader -- Seeing class for first time: org.apache.logging.log4j.core.appender.mom.JmsAppender
13:34:20.774 [main] INFO org.evosuite.runtime.instrumentation.EvoClassLoader -- Instrumenting class 'org.apache.logging.log4j.core.appender.mom.JmsAppender'.
13:34:20.775 [main] INFO org.evosuite.runtime.instrumentation.MethodCallReplacementClassAdapter -- Adding mock interface to class org/apache/logging/log4j/core/appender/mom/JmsAppender
13:34:20.775 [main] INFO org.evosuite.runtime.instrumentation.CreateClassResetClassAdapter -- Creating brand-new static initializer in class org/apache/logging/log4j/core/appender/mom/JmsAppender
13:34:20.776 [main] INFO org.evosuite.runtime.instrumentation.EvoClassLoader -- Defined package (3): package org.apache.logging.log4j.core.appender.mom, 1190490106
13:34:20.776 [main] INFO org.evosuite.runtime.instrumentation.EvoClassLoader -- Keeping class: org.apache.logging.log4j.core.appender.mom.JmsAppender
13:34:20.776 [main] INFO org.evosuite.runtime.instrumentation.EvoClassLoader -- Seeing class for first time: org.apache.logging.log4j.core.layout.JsonLayout
13:34:20.776 [main] INFO org.evosuite.runtime.instrumentation.EvoClassLoader -- Instrumenting class 'org.apache.logging.log4j.core.layout.JsonLayout'.
13:34:20.776 [main] INFO org.evosuite.runtime.instrumentation.MethodCallReplacementClassAdapter -- Adding mock interface to class org/apache/logging/log4j/core/layout/JsonLayout
13:34:20.777 [main] INFO org.evosuite.runtime.instrumentation.CreateClassResetClassAdapter -- Creating brand-new static initializer in class org/apache/logging/log4j/core/layout/JsonLayout
13:34:20.777 [main] INFO org.evosuite.runtime.instrumentation.CreateClassResetClassAdapter -- Adding bytecode for initializing field DEFAULT_FOOTER
13:34:20.777 [main] INFO org.evosuite.runtime.instrumentation.CreateClassResetClassAdapter -- Adding bytecode for initializing field DEFAULT_HEADER
13:34:20.777 [main] INFO org.evosuite.runtime.instrumentation.CreateClassResetClassAdapter -- Adding bytecode for initializing field CONTENT_TYPE
13:34:20.778 [main] INFO org.evosuite.runtime.instrumentation.EvoClassLoader -- Seeing class for first time: org.apache.logging.log4j.core.layout.AbstractJacksonLayout
13:34:20.778 [main] INFO org.evosuite.runtime.instrumentation.EvoClassLoader -- Instrumenting class 'org.apache.logging.log4j.core.layout.AbstractJacksonLayout'.
13:34:20.779 [main] INFO org.evosuite.runtime.instrumentation.MethodCallReplacementClassAdapter -- Adding mock interface to class org/apache/logging/log4j/core/layout/AbstractJacksonLayout
13:34:20.781 [main] INFO org.evosuite.runtime.instrumentation.CreateClassResetClassAdapter -- Creating brand-new static initializer in class org/apache/logging/log4j/core/layout/AbstractJacksonLayout
13:34:20.781 [main] INFO org.evosuite.runtime.instrumentation.CreateClassResetClassAdapter -- Adding bytecode for initializing field DEFAULT_EOL
13:34:20.781 [main] INFO org.evosuite.runtime.instrumentation.CreateClassResetClassAdapter -- Adding bytecode for initializing field COMPACT_EOL
13:34:20.782 [main] INFO org.evosuite.runtime.instrumentation.EvoClassLoader -- Keeping class: org.apache.logging.log4j.core.layout.AbstractJacksonLayout
13:34:20.782 [main] INFO org.evosuite.runtime.instrumentation.EvoClassLoader -- Keeping class: org.apache.logging.log4j.core.layout.JsonLayout
13:34:20.782 [main] INFO org.evosuite.runtime.instrumentation.EvoClassLoader -- Seeing class for first time: org.apache.logging.log4j.core.appender.mom.kafka.KafkaAppender
13:34:20.782 [main] INFO org.evosuite.runtime.instrumentation.EvoClassLoader -- Instrumenting class 'org.apache.logging.log4j.core.appender.mom.kafka.KafkaAppender'.
13:34:20.783 [main] INFO org.evosuite.runtime.instrumentation.MethodCallReplacementClassAdapter -- Adding mock interface to class org/apache/logging/log4j/core/appender/mom/kafka/KafkaAppender
13:34:20.784 [main] INFO org.evosuite.runtime.instrumentation.CreateClassResetClassAdapter -- Found static initializer in class org/apache/logging/log4j/core/appender/mom/kafka/KafkaAppender
13:34:20.784 [main] INFO org.evosuite.runtime.instrumentation.EvoClassLoader -- Defined package (3): package org.apache.logging.log4j.core.appender.mom.kafka, 1280077874
13:34:20.785 [main] INFO org.evosuite.runtime.instrumentation.EvoClassLoader -- Keeping class: org.apache.logging.log4j.core.appender.mom.kafka.KafkaAppender
13:34:20.785 [main] INFO org.evosuite.runtime.instrumentation.EvoClassLoader -- Seeing class for first time: org.apache.logging.log4j.core.net.ssl.KeyStoreConfiguration
13:34:20.785 [main] INFO org.evosuite.runtime.instrumentation.EvoClassLoader -- Instrumenting class 'org.apache.logging.log4j.core.net.ssl.KeyStoreConfiguration'.
13:34:20.785 [main] INFO org.evosuite.runtime.instrumentation.MethodCallReplacementClassAdapter -- Adding mock interface to class org/apache/logging/log4j/core/net/ssl/KeyStoreConfiguration
13:34:20.787 [main] INFO org.evosuite.runtime.instrumentation.CreateClassResetClassAdapter -- Creating brand-new static initializer in class org/apache/logging/log4j/core/net/ssl/KeyStoreConfiguration
13:34:20.788 [main] INFO org.evosuite.runtime.instrumentation.EvoClassLoader -- Defined package (3): package org.apache.logging.log4j.core.net.ssl, 2034755173
13:34:20.788 [main] INFO org.evosuite.runtime.instrumentation.EvoClassLoader -- Seeing class for first time: org.apache.logging.log4j.core.net.ssl.AbstractKeyStoreConfiguration
13:34:20.788 [main] INFO org.evosuite.runtime.instrumentation.EvoClassLoader -- Instrumenting class 'org.apache.logging.log4j.core.net.ssl.AbstractKeyStoreConfiguration'.
13:34:20.788 [main] INFO org.evosuite.runtime.instrumentation.MethodCallReplacementClassAdapter -- Adding mock interface to class org/apache/logging/log4j/core/net/ssl/AbstractKeyStoreConfiguration
13:34:20.792 [main] INFO org.evosuite.runtime.instrumentation.CreateClassResetClassAdapter -- Creating brand-new static initializer in class org/apache/logging/log4j/core/net/ssl/AbstractKeyStoreConfiguration
13:34:20.793 [main] INFO org.evosuite.runtime.instrumentation.EvoClassLoader -- Seeing class for first time: org.apache.logging.log4j.core.net.ssl.StoreConfiguration
13:34:20.793 [main] INFO org.evosuite.runtime.instrumentation.EvoClassLoader -- Instrumenting class 'org.apache.logging.log4j.core.net.ssl.StoreConfiguration'.
13:34:20.793 [main] INFO org.evosuite.runtime.instrumentation.MethodCallReplacementClassAdapter -- Adding mock interface to class org/apache/logging/log4j/core/net/ssl/StoreConfiguration
13:34:20.794 [main] INFO org.evosuite.runtime.instrumentation.CreateClassResetClassAdapter -- Found static initializer in class org/apache/logging/log4j/core/net/ssl/StoreConfiguration
13:34:20.794 [main] INFO org.evosuite.runtime.instrumentation.EvoClassLoader -- Keeping class: org.apache.logging.log4j.core.net.ssl.StoreConfiguration
13:34:20.794 [main] INFO org.evosuite.runtime.instrumentation.EvoClassLoader -- Keeping class: org.apache.logging.log4j.core.net.ssl.AbstractKeyStoreConfiguration
13:34:20.794 [main] INFO org.evosuite.runtime.instrumentation.EvoClassLoader -- Keeping class: org.apache.logging.log4j.core.net.ssl.KeyStoreConfiguration
13:34:20.794 [main] INFO org.evosuite.runtime.instrumentation.EvoClassLoader -- Seeing class for first time: org.apache.logging.log4j.core.util.KeyValuePair
13:34:20.794 [main] INFO org.evosuite.runtime.instrumentation.EvoClassLoader -- Instrumenting class 'org.apache.logging.log4j.core.util.KeyValuePair'.
13:34:20.795 [main] INFO org.evosuite.runtime.instrumentation.MethodCallReplacementClassAdapter -- Adding mock interface to class org/apache/logging/log4j/core/util/KeyValuePair
13:34:20.796 [main] INFO org.evosuite.runtime.instrumentation.CreateClassResetClassAdapter -- Found static initializer in class org/apache/logging/log4j/core/util/KeyValuePair
13:34:20.796 [main] INFO org.evosuite.runtime.instrumentation.EvoClassLoader -- Keeping class: org.apache.logging.log4j.core.util.KeyValuePair
13:34:20.796 [main] INFO org.evosuite.runtime.instrumentation.EvoClassLoader -- Seeing class for first time: org.apache.logging.log4j.core.filter.LevelMatchFilter
13:34:20.796 [main] INFO org.evosuite.runtime.instrumentation.EvoClassLoader -- Instrumenting class 'org.apache.logging.log4j.core.filter.LevelMatchFilter'.
13:34:20.797 [main] INFO org.evosuite.runtime.instrumentation.MethodCallReplacementClassAdapter -- Adding mock interface to class org/apache/logging/log4j/core/filter/LevelMatchFilter
13:34:20.797 [main] INFO org.evosuite.runtime.instrumentation.CreateClassResetClassAdapter -- Creating brand-new static initializer in class org/apache/logging/log4j/core/filter/LevelMatchFilter
13:34:20.797 [main] INFO org.evosuite.runtime.instrumentation.CreateClassResetClassAdapter -- Adding bytecode for initializing field ATTR_MATCH
13:34:20.798 [main] INFO org.evosuite.runtime.instrumentation.EvoClassLoader -- Keeping class: org.apache.logging.log4j.core.filter.LevelMatchFilter
13:34:20.798 [main] INFO org.evosuite.runtime.instrumentation.EvoClassLoader -- Seeing class for first time: org.apache.logging.log4j.core.layout.LevelPatternSelector
13:34:20.798 [main] INFO org.evosuite.runtime.instrumentation.EvoClassLoader -- Instrumenting class 'org.apache.logging.log4j.core.layout.LevelPatternSelector'.
13:34:20.799 [main] INFO org.evosuite.runtime.instrumentation.MethodCallReplacementClassAdapter -- Adding mock interface to class org/apache/logging/log4j/core/layout/LevelPatternSelector
13:34:20.801 [main] INFO org.evosuite.runtime.instrumentation.CreateClassResetClassAdapter -- Found static initializer in class org/apache/logging/log4j/core/layout/LevelPatternSelector
13:34:20.801 [main] INFO org.evosuite.runtime.instrumentation.EvoClassLoader -- Seeing class for first time: org.apache.logging.log4j.core.layout.PatternSelector
13:34:20.801 [main] INFO org.evosuite.runtime.instrumentation.EvoClassLoader -- Instrumenting class 'org.apache.logging.log4j.core.layout.PatternSelector'.
13:34:20.802 [main] INFO org.evosuite.runtime.instrumentation.EvoClassLoader -- Keeping class: org.apache.logging.log4j.core.layout.PatternSelector
13:34:20.802 [main] INFO org.evosuite.runtime.instrumentation.EvoClassLoader -- Keeping class: org.apache.logging.log4j.core.layout.LevelPatternSelector
13:34:20.802 [main] INFO org.evosuite.runtime.instrumentation.EvoClassLoader -- Seeing class for first time: org.apache.logging.log4j.core.filter.LevelRangeFilter
13:34:20.802 [main] INFO org.evosuite.runtime.instrumentation.EvoClassLoader -- Instrumenting class 'org.apache.logging.log4j.core.filter.LevelRangeFilter'.
13:34:20.803 [main] INFO org.evosuite.runtime.instrumentation.MethodCallReplacementClassAdapter -- Adding mock interface to class org/apache/logging/log4j/core/filter/LevelRangeFilter
13:34:20.804 [main] INFO org.evosuite.runtime.instrumentation.CreateClassResetClassAdapter -- Found static initializer in class org/apache/logging/log4j/core/filter/LevelRangeFilter
13:34:20.804 [main] INFO org.evosuite.runtime.instrumentation.EvoClassLoader -- Keeping class: org.apache.logging.log4j.core.filter.LevelRangeFilter
13:34:20.804 [main] INFO org.evosuite.runtime.instrumentation.EvoClassLoader -- Seeing class for first time: org.apache.logging.log4j.core.async.LinkedTransferQueueFactory
13:34:20.804 [main] INFO org.evosuite.runtime.instrumentation.EvoClassLoader -- Instrumenting class 'org.apache.logging.log4j.core.async.LinkedTransferQueueFactory'.
13:34:20.805 [main] INFO org.evosuite.runtime.instrumentation.MethodCallReplacementClassAdapter -- Adding mock interface to class org/apache/logging/log4j/core/async/LinkedTransferQueueFactory
13:34:20.805 [main] INFO org.evosuite.runtime.instrumentation.CreateClassResetClassAdapter -- Creating brand-new static initializer in class org/apache/logging/log4j/core/async/LinkedTransferQueueFactory
13:34:20.806 [main] INFO org.evosuite.runtime.instrumentation.EvoClassLoader -- Keeping class: org.apache.logging.log4j.core.async.LinkedTransferQueueFactory
13:34:20.806 [main] INFO org.evosuite.runtime.instrumentation.EvoClassLoader -- Seeing class for first time: org.apache.logging.log4j.core.test.appender.ListAppender
13:34:20.806 [main] INFO org.evosuite.runtime.instrumentation.EvoClassLoader -- Instrumenting class 'org.apache.logging.log4j.core.test.appender.ListAppender'.
13:34:20.807 [main] INFO org.evosuite.runtime.instrumentation.MethodCallReplacementClassAdapter -- Adding mock interface to class org/apache/logging/log4j/core/test/appender/ListAppender
13:34:20.808 [main] INFO org.evosuite.runtime.instrumentation.CreateClassResetClassAdapter -- Creating brand-new static initializer in class org/apache/logging/log4j/core/test/appender/ListAppender
13:34:20.808 [main] INFO org.evosuite.runtime.instrumentation.CreateClassResetClassAdapter -- Adding bytecode for initializing field WINDOWS_LINE_SEP
13:34:20.808 [main] INFO org.evosuite.runtime.instrumentation.EvoClassLoader -- Keeping class: org.apache.logging.log4j.core.test.appender.ListAppender
13:34:20.808 [main] INFO org.evosuite.runtime.instrumentation.EvoClassLoader -- Seeing class for first time: org.apache.logging.log4j.core.layout.LoggerFields
13:34:20.808 [main] INFO org.evosuite.runtime.instrumentation.EvoClassLoader -- Instrumenting class 'org.apache.logging.log4j.core.layout.LoggerFields'.
13:34:20.809 [main] INFO org.evosuite.runtime.instrumentation.MethodCallReplacementClassAdapter -- Adding mock interface to class org/apache/logging/log4j/core/layout/LoggerFields
13:34:20.809 [main] INFO org.evosuite.runtime.instrumentation.CreateClassResetClassAdapter -- Creating brand-new static initializer in class org/apache/logging/log4j/core/layout/LoggerFields
13:34:20.810 [main] INFO org.evosuite.runtime.instrumentation.EvoClassLoader -- Keeping class: org.apache.logging.log4j.core.layout.LoggerFields
13:34:20.810 [main] INFO org.evosuite.runtime.instrumentation.EvoClassLoader -- Seeing class for first time: org.apache.logging.log4j.core.appender.rewrite.LoggerNameLevelRewritePolicy
13:34:20.810 [main] INFO org.evosuite.runtime.instrumentation.EvoClassLoader -- Instrumenting class 'org.apache.logging.log4j.core.appender.rewrite.LoggerNameLevelRewritePolicy'.
13:34:20.810 [main] INFO org.evosuite.runtime.instrumentation.MethodCallReplacementClassAdapter -- Adding mock interface to class org/apache/logging/log4j/core/appender/rewrite/LoggerNameLevelRewritePolicy
13:34:20.811 [main] INFO org.evosuite.runtime.instrumentation.CreateClassResetClassAdapter -- Creating brand-new static initializer in class org/apache/logging/log4j/core/appender/rewrite/LoggerNameLevelRewritePolicy
13:34:20.811 [main] INFO org.evosuite.runtime.instrumentation.EvoClassLoader -- Defined package (3): package org.apache.logging.log4j.core.appender.rewrite, -426120453
13:34:20.812 [main] INFO org.evosuite.runtime.instrumentation.EvoClassLoader -- Seeing class for first time: org.apache.logging.log4j.core.appender.rewrite.RewritePolicy
13:34:20.812 [main] INFO org.evosuite.runtime.instrumentation.EvoClassLoader -- Instrumenting class 'org.apache.logging.log4j.core.appender.rewrite.RewritePolicy'.
13:34:20.813 [main] INFO org.evosuite.runtime.instrumentation.EvoClassLoader -- Keeping class: org.apache.logging.log4j.core.appender.rewrite.RewritePolicy
13:34:20.813 [main] INFO org.evosuite.runtime.instrumentation.EvoClassLoader -- Keeping class: org.apache.logging.log4j.core.appender.rewrite.LoggerNameLevelRewritePolicy
13:34:20.813 [main] INFO org.evosuite.runtime.instrumentation.EvoClassLoader -- Seeing class for first time: org.apache.logging.log4j.core.config.LoggersPlugin
13:34:20.813 [main] INFO org.evosuite.runtime.instrumentation.EvoClassLoader -- Instrumenting class 'org.apache.logging.log4j.core.config.LoggersPlugin'.
13:34:20.813 [main] INFO org.evosuite.runtime.instrumentation.MethodCallReplacementClassAdapter -- Adding mock interface to class org/apache/logging/log4j/core/config/LoggersPlugin
13:34:20.815 [main] INFO org.evosuite.runtime.instrumentation.CreateClassResetClassAdapter -- Creating brand-new static initializer in class org/apache/logging/log4j/core/config/LoggersPlugin
13:34:20.815 [main] INFO org.evosuite.runtime.instrumentation.EvoClassLoader -- Keeping class: org.apache.logging.log4j.core.config.LoggersPlugin
13:34:20.815 [main] INFO org.evosuite.runtime.instrumentation.EvoClassLoader -- Seeing class for first time: org.apache.logging.log4j.core.appender.rewrite.MapRewritePolicy
13:34:20.815 [main] INFO org.evosuite.runtime.instrumentation.EvoClassLoader -- Instrumenting class 'org.apache.logging.log4j.core.appender.rewrite.MapRewritePolicy'.
13:34:20.816 [main] INFO org.evosuite.runtime.instrumentation.MethodCallReplacementClassAdapter -- Adding mock interface to class org/apache/logging/log4j/core/appender/rewrite/MapRewritePolicy
13:34:20.817 [main] INFO org.evosuite.runtime.instrumentation.CreateClassResetClassAdapter -- Found static initializer in class org/apache/logging/log4j/core/appender/rewrite/MapRewritePolicy
13:34:20.817 [main] INFO org.evosuite.runtime.instrumentation.EvoClassLoader -- Keeping class: org.apache.logging.log4j.core.appender.rewrite.MapRewritePolicy
13:34:20.818 [main] INFO org.evosuite.runtime.instrumentation.EvoClassLoader -- Seeing class for first time: org.apache.logging.log4j.core.filter.MarkerFilter
13:34:20.818 [main] INFO org.evosuite.runtime.instrumentation.EvoClassLoader -- Instrumenting class 'org.apache.logging.log4j.core.filter.MarkerFilter'.
13:34:20.818 [main] INFO org.evosuite.runtime.instrumentation.MethodCallReplacementClassAdapter -- Adding mock interface to class org/apache/logging/log4j/core/filter/MarkerFilter
13:34:20.819 [main] INFO org.evosuite.runtime.instrumentation.CreateClassResetClassAdapter -- Creating brand-new static initializer in class org/apache/logging/log4j/core/filter/MarkerFilter
13:34:20.819 [main] INFO org.evosuite.runtime.instrumentation.CreateClassResetClassAdapter -- Adding bytecode for initializing field ATTR_MARKER
13:34:20.820 [main] INFO org.evosuite.runtime.instrumentation.EvoClassLoader -- Keeping class: org.apache.logging.log4j.core.filter.MarkerFilter
13:34:20.820 [main] INFO org.evosuite.runtime.instrumentation.EvoClassLoader -- Seeing class for first time: org.apache.logging.log4j.core.layout.MarkerPatternSelector
13:34:20.820 [main] INFO org.evosuite.runtime.instrumentation.EvoClassLoader -- Instrumenting class 'org.apache.logging.log4j.core.layout.MarkerPatternSelector'.
13:34:20.820 [main] INFO org.evosuite.runtime.instrumentation.MethodCallReplacementClassAdapter -- Adding mock interface to class org/apache/logging/log4j/core/layout/MarkerPatternSelector
13:34:20.822 [main] INFO org.evosuite.runtime.instrumentation.CreateClassResetClassAdapter -- Found static initializer in class org/apache/logging/log4j/core/layout/MarkerPatternSelector
13:34:20.823 [main] INFO org.evosuite.runtime.instrumentation.EvoClassLoader -- Keeping class: org.apache.logging.log4j.core.layout.MarkerPatternSelector
13:34:20.823 [main] INFO org.evosuite.runtime.instrumentation.EvoClassLoader -- Seeing class for first time: org.apache.logging.log4j.core.appender.MemoryMappedFileAppender
13:34:20.823 [main] INFO org.evosuite.runtime.instrumentation.EvoClassLoader -- Instrumenting class 'org.apache.logging.log4j.core.appender.MemoryMappedFileAppender'.
13:34:20.824 [main] INFO org.evosuite.runtime.instrumentation.MethodCallReplacementClassAdapter -- Adding mock interface to class org/apache/logging/log4j/core/appender/MemoryMappedFileAppender
13:34:20.825 [main] INFO org.evosuite.runtime.instrumentation.CreateClassResetClassAdapter -- Creating brand-new static initializer in class org/apache/logging/log4j/core/appender/MemoryMappedFileAppender
13:34:20.825 [main] INFO org.evosuite.runtime.instrumentation.CreateClassResetClassAdapter -- Adding bytecode for initializing field BIT_POSITION_1GB
13:34:20.825 [main] INFO org.evosuite.runtime.instrumentation.CreateClassResetClassAdapter -- Adding bytecode for initializing field MAX_REGION_LENGTH
13:34:20.825 [main] INFO org.evosuite.runtime.instrumentation.CreateClassResetClassAdapter -- Adding bytecode for initializing field MIN_REGION_LENGTH
13:34:20.825 [main] INFO org.evosuite.runtime.instrumentation.EvoClassLoader -- Keeping class: org.apache.logging.log4j.core.appender.MemoryMappedFileAppender
13:34:20.825 [main] INFO org.evosuite.runtime.instrumentation.EvoClassLoader -- Seeing class for first time: org.apache.logging.log4j.core.layout.MessageLayout
13:34:20.825 [main] INFO org.evosuite.runtime.instrumentation.EvoClassLoader -- Instrumenting class 'org.apache.logging.log4j.core.layout.MessageLayout'.
13:34:20.826 [main] INFO org.evosuite.runtime.instrumentation.MethodCallReplacementClassAdapter -- Adding mock interface to class org/apache/logging/log4j/core/layout/MessageLayout
13:34:20.826 [main] INFO org.evosuite.runtime.instrumentation.CreateClassResetClassAdapter -- Creating brand-new static initializer in class org/apache/logging/log4j/core/layout/MessageLayout
13:34:20.827 [main] INFO org.evosuite.runtime.instrumentation.EvoClassLoader -- Keeping class: org.apache.logging.log4j.core.layout.MessageLayout
13:34:20.827 [main] INFO org.evosuite.runtime.instrumentation.EvoClassLoader -- Seeing class for first time: org.apache.logging.log4j.core.net.MulticastDnsAdvertiser
13:34:20.827 [main] INFO org.evosuite.runtime.instrumentation.EvoClassLoader -- Instrumenting class 'org.apache.logging.log4j.core.net.MulticastDnsAdvertiser'.
13:34:20.828 [main] INFO org.evosuite.runtime.instrumentation.MethodCallReplacementClassAdapter -- Adding mock interface to class org/apache/logging/log4j/core/net/MulticastDnsAdvertiser
13:34:20.834 [main] INFO org.evosuite.runtime.instrumentation.CreateClassResetClassAdapter -- Found static initializer in class org/apache/logging/log4j/core/net/MulticastDnsAdvertiser
13:34:20.834 [main] INFO org.evosuite.runtime.instrumentation.EvoClassLoader -- Keeping class: org.apache.logging.log4j.core.net.MulticastDnsAdvertiser
13:34:20.835 [main] INFO org.evosuite.runtime.instrumentation.EvoClassLoader -- Seeing class for first time: org.apache.logging.log4j.core.filter.MutableThreadContextMapFilter
13:34:20.835 [main] INFO org.evosuite.runtime.instrumentation.EvoClassLoader -- Instrumenting class 'org.apache.logging.log4j.core.filter.MutableThreadContextMapFilter'.
13:34:20.836 [main] INFO org.evosuite.runtime.instrumentation.MethodCallReplacementClassAdapter -- Adding mock interface to class org/apache/logging/log4j/core/filter/MutableThreadContextMapFilter
13:34:20.839 [main] INFO org.evosuite.runtime.instrumentation.CreateClassResetClassAdapter -- Found static initializer in class org/apache/logging/log4j/core/filter/MutableThreadContextMapFilter
13:34:20.840 [main] INFO org.evosuite.runtime.instrumentation.EvoClassLoader -- Keeping class: org.apache.logging.log4j.core.filter.MutableThreadContextMapFilter
13:34:20.840 [main] INFO org.evosuite.runtime.instrumentation.EvoClassLoader -- Seeing class for first time: org.apache.logging.log4j.core.filter.NoMarkerFilter
13:34:20.840 [main] INFO org.evosuite.runtime.instrumentation.EvoClassLoader -- Instrumenting class 'org.apache.logging.log4j.core.filter.NoMarkerFilter'.
13:34:20.841 [main] INFO org.evosuite.runtime.instrumentation.MethodCallReplacementClassAdapter -- Adding mock interface to class org/apache/logging/log4j/core/filter/NoMarkerFilter
13:34:20.841 [main] INFO org.evosuite.runtime.instrumentation.CreateClassResetClassAdapter -- Creating brand-new static initializer in class org/apache/logging/log4j/core/filter/NoMarkerFilter
13:34:20.842 [main] INFO org.evosuite.runtime.instrumentation.EvoClassLoader -- Keeping class: org.apache.logging.log4j.core.filter.NoMarkerFilter
13:34:20.842 [main] INFO org.evosuite.runtime.instrumentation.EvoClassLoader -- Seeing class for first time: org.apache.logging.log4j.core.appender.rolling.NoOpTriggeringPolicy
13:34:20.842 [main] INFO org.evosuite.runtime.instrumentation.EvoClassLoader -- Instrumenting class 'org.apache.logging.log4j.core.appender.rolling.NoOpTriggeringPolicy'.
13:34:20.843 [main] INFO org.evosuite.runtime.instrumentation.MethodCallReplacementClassAdapter -- Adding mock interface to class org/apache/logging/log4j/core/appender/rolling/NoOpTriggeringPolicy
13:34:20.843 [main] INFO org.evosuite.runtime.instrumentation.CreateClassResetClassAdapter -- Found static initializer in class org/apache/logging/log4j/core/appender/rolling/NoOpTriggeringPolicy
13:34:20.843 [main] INFO org.evosuite.runtime.instrumentation.EvoClassLoader -- Keeping class: org.apache.logging.log4j.core.appender.rolling.NoOpTriggeringPolicy
13:34:20.843 [main] INFO org.evosuite.runtime.instrumentation.EvoClassLoader -- Seeing class for first time: org.apache.logging.log4j.core.appender.nosql.NoSqlAppender
13:34:20.843 [main] INFO org.evosuite.runtime.instrumentation.EvoClassLoader -- Instrumenting class 'org.apache.logging.log4j.core.appender.nosql.NoSqlAppender'.
13:34:20.844 [main] INFO org.evosuite.runtime.instrumentation.MethodCallReplacementClassAdapter -- Adding mock interface to class org/apache/logging/log4j/core/appender/nosql/NoSqlAppender
13:34:20.844 [main] INFO org.evosuite.runtime.instrumentation.CreateClassResetClassAdapter -- Creating brand-new static initializer in class org/apache/logging/log4j/core/appender/nosql/NoSqlAppender
13:34:20.844 [main] INFO org.evosuite.runtime.instrumentation.EvoClassLoader -- Defined package (3): package org.apache.logging.log4j.core.appender.nosql, 1600624028
13:34:20.845 [main] INFO org.evosuite.runtime.instrumentation.EvoClassLoader -- Keeping class: org.apache.logging.log4j.core.appender.nosql.NoSqlAppender
13:34:20.845 [main] INFO org.evosuite.runtime.instrumentation.EvoClassLoader -- Seeing class for first time: org.apache.logging.log4j.core.appender.NullAppender
13:34:20.845 [main] INFO org.evosuite.runtime.instrumentation.EvoClassLoader -- Instrumenting class 'org.apache.logging.log4j.core.appender.NullAppender'.
13:34:20.846 [main] INFO org.evosuite.runtime.instrumentation.MethodCallReplacementClassAdapter -- Adding mock interface to class org/apache/logging/log4j/core/appender/NullAppender
13:34:20.846 [main] INFO org.evosuite.runtime.instrumentation.CreateClassResetClassAdapter -- Creating brand-new static initializer in class org/apache/logging/log4j/core/appender/NullAppender
13:34:20.846 [main] INFO org.evosuite.runtime.instrumentation.CreateClassResetClassAdapter -- Adding bytecode for initializing field PLUGIN_NAME
13:34:20.846 [main] INFO org.evosuite.runtime.instrumentation.EvoClassLoader -- Keeping class: org.apache.logging.log4j.core.appender.NullAppender
13:34:20.846 [main] INFO org.evosuite.runtime.instrumentation.EvoClassLoader -- Seeing class for first time: org.apache.logging.log4j.core.appender.rolling.OnStartupTriggeringPolicy
13:34:20.846 [main] INFO org.evosuite.runtime.instrumentation.EvoClassLoader -- Instrumenting class 'org.apache.logging.log4j.core.appender.rolling.OnStartupTriggeringPolicy'.
13:34:20.847 [main] INFO org.evosuite.runtime.instrumentation.MethodCallReplacementClassAdapter -- Adding mock interface to class org/apache/logging/log4j/core/appender/rolling/OnStartupTriggeringPolicy
13:34:20.848 [main] INFO org.evosuite.runtime.instrumentation.CreateClassResetClassAdapter -- Found static initializer in class org/apache/logging/log4j/core/appender/rolling/OnStartupTriggeringPolicy
13:34:20.849 [main] INFO org.evosuite.runtime.instrumentation.EvoClassLoader -- Keeping class: org.apache.logging.log4j.core.appender.rolling.OnStartupTriggeringPolicy
13:34:20.849 [main] INFO org.evosuite.runtime.instrumentation.EvoClassLoader -- Seeing class for first time: org.apache.logging.log4j.core.appender.OutputStreamAppender
13:34:20.849 [main] INFO org.evosuite.runtime.instrumentation.EvoClassLoader -- Instrumenting class 'org.apache.logging.log4j.core.appender.OutputStreamAppender'.
13:34:20.850 [main] INFO org.evosuite.runtime.instrumentation.MethodCallReplacementClassAdapter -- Adding mock interface to class org/apache/logging/log4j/core/appender/OutputStreamAppender
13:34:20.853 [main] INFO org.evosuite.runtime.instrumentation.CreateClassResetClassAdapter -- Found static initializer in class org/apache/logging/log4j/core/appender/OutputStreamAppender
13:34:20.854 [main] INFO org.evosuite.runtime.instrumentation.EvoClassLoader -- Keeping class: org.apache.logging.log4j.core.appender.OutputStreamAppender
13:34:20.854 [main] INFO org.evosuite.runtime.instrumentation.EvoClassLoader -- Seeing class for first time: org.apache.logging.log4j.core.layout.PatternLayout
13:34:20.854 [main] INFO org.evosuite.runtime.instrumentation.EvoClassLoader -- Instrumenting class 'org.apache.logging.log4j.core.layout.PatternLayout'.
13:34:20.855 [main] INFO org.evosuite.runtime.instrumentation.MethodCallReplacementClassAdapter -- Adding mock interface to class org/apache/logging/log4j/core/layout/PatternLayout
13:34:20.856 [main] INFO org.evosuite.runtime.instrumentation.CreateClassResetClassAdapter -- Creating brand-new static initializer in class org/apache/logging/log4j/core/layout/PatternLayout
13:34:20.856 [main] INFO org.evosuite.runtime.instrumentation.CreateClassResetClassAdapter -- Adding bytecode for initializing field DEFAULT_CONVERSION_PATTERN
13:34:20.856 [main] INFO org.evosuite.runtime.instrumentation.CreateClassResetClassAdapter -- Adding bytecode for initializing field TTCC_CONVERSION_PATTERN
13:34:20.856 [main] INFO org.evosuite.runtime.instrumentation.CreateClassResetClassAdapter -- Adding bytecode for initializing field SIMPLE_CONVERSION_PATTERN
13:34:20.856 [main] INFO org.evosuite.runtime.instrumentation.CreateClassResetClassAdapter -- Adding bytecode for initializing field KEY
13:34:20.856 [main] INFO org.evosuite.runtime.instrumentation.EvoClassLoader -- Keeping class: org.apache.logging.log4j.core.layout.PatternLayout
13:34:20.856 [main] INFO org.evosuite.runtime.instrumentation.EvoClassLoader -- Seeing class for first time: org.apache.logging.log4j.core.layout.PatternMatch
13:34:20.856 [main] INFO org.evosuite.runtime.instrumentation.EvoClassLoader -- Instrumenting class 'org.apache.logging.log4j.core.layout.PatternMatch'.
13:34:20.857 [main] INFO org.evosuite.runtime.instrumentation.MethodCallReplacementClassAdapter -- Adding mock interface to class org/apache/logging/log4j/core/layout/PatternMatch
13:34:20.857 [main] INFO org.evosuite.runtime.instrumentation.CreateClassResetClassAdapter -- Creating brand-new static initializer in class org/apache/logging/log4j/core/layout/PatternMatch
13:34:20.858 [main] INFO org.evosuite.runtime.instrumentation.EvoClassLoader -- Keeping class: org.apache.logging.log4j.core.layout.PatternMatch
13:34:20.858 [main] INFO org.evosuite.runtime.instrumentation.EvoClassLoader -- Seeing class for first time: org.apache.logging.log4j.core.appender.rolling.CompositeTriggeringPolicy
13:34:20.858 [main] INFO org.evosuite.runtime.instrumentation.EvoClassLoader -- Instrumenting class 'org.apache.logging.log4j.core.appender.rolling.CompositeTriggeringPolicy'.
13:34:20.858 [main] INFO org.evosuite.runtime.instrumentation.MethodCallReplacementClassAdapter -- Adding mock interface to class org/apache/logging/log4j/core/appender/rolling/CompositeTriggeringPolicy
13:34:20.859 [main] INFO org.evosuite.runtime.instrumentation.CreateClassResetClassAdapter -- Creating brand-new static initializer in class org/apache/logging/log4j/core/appender/rolling/CompositeTriggeringPolicy
13:34:20.859 [main] INFO org.evosuite.runtime.instrumentation.EvoClassLoader -- Keeping class: org.apache.logging.log4j.core.appender.rolling.CompositeTriggeringPolicy
13:34:20.859 [main] INFO org.evosuite.runtime.instrumentation.EvoClassLoader -- Seeing class for first time: org.apache.logging.log4j.core.appender.rolling.action.PosixViewAttributeAction
13:34:20.859 [main] INFO org.evosuite.runtime.instrumentation.EvoClassLoader -- Instrumenting class 'org.apache.logging.log4j.core.appender.rolling.action.PosixViewAttributeAction'.
13:34:20.860 [main] INFO org.evosuite.runtime.instrumentation.MethodCallReplacementClassAdapter -- Adding mock interface to class org/apache/logging/log4j/core/appender/rolling/action/PosixViewAttributeAction
13:34:20.860 [main] INFO org.evosuite.runtime.instrumentation.CreateClassResetClassAdapter -- Creating brand-new static initializer in class org/apache/logging/log4j/core/appender/rolling/action/PosixViewAttributeAction
13:34:20.861 [main] INFO org.evosuite.runtime.instrumentation.EvoClassLoader -- Keeping class: org.apache.logging.log4j.core.appender.rolling.action.PosixViewAttributeAction
13:34:20.861 [main] INFO org.evosuite.runtime.instrumentation.EvoClassLoader -- Seeing class for first time: org.apache.logging.log4j.core.config.PropertiesPlugin
13:34:20.861 [main] INFO org.evosuite.runtime.instrumentation.EvoClassLoader -- Instrumenting class 'org.apache.logging.log4j.core.config.PropertiesPlugin'.
13:34:20.862 [main] INFO org.evosuite.runtime.instrumentation.MethodCallReplacementClassAdapter -- Adding mock interface to class org/apache/logging/log4j/core/config/PropertiesPlugin
13:34:20.862 [main] INFO org.evosuite.runtime.instrumentation.CreateClassResetClassAdapter -- Found static initializer in class org/apache/logging/log4j/core/config/PropertiesPlugin
13:34:20.862 [main] INFO org.evosuite.runtime.instrumentation.EvoClassLoader -- Keeping class: org.apache.logging.log4j.core.config.PropertiesPlugin
13:34:20.862 [main] INFO org.evosuite.runtime.instrumentation.EvoClassLoader -- Seeing class for first time: org.apache.logging.log4j.core.appender.rewrite.PropertiesRewritePolicy
13:34:20.862 [main] INFO org.evosuite.runtime.instrumentation.EvoClassLoader -- Instrumenting class 'org.apache.logging.log4j.core.appender.rewrite.PropertiesRewritePolicy'.
13:34:20.864 [main] INFO org.evosuite.runtime.instrumentation.MethodCallReplacementClassAdapter -- Adding mock interface to class org/apache/logging/log4j/core/appender/rewrite/PropertiesRewritePolicy
13:34:20.864 [main] INFO org.evosuite.runtime.instrumentation.CreateClassResetClassAdapter -- Found static initializer in class org/apache/logging/log4j/core/appender/rewrite/PropertiesRewritePolicy
13:34:20.865 [main] INFO org.evosuite.runtime.instrumentation.EvoClassLoader -- Keeping class: org.apache.logging.log4j.core.appender.rewrite.PropertiesRewritePolicy
13:34:20.865 [main] INFO org.evosuite.runtime.instrumentation.EvoClassLoader -- Seeing class for first time: org.apache.logging.log4j.core.appender.RandomAccessFileAppender
13:34:20.865 [main] INFO org.evosuite.runtime.instrumentation.EvoClassLoader -- Instrumenting class 'org.apache.logging.log4j.core.appender.RandomAccessFileAppender'.
13:34:20.866 [main] INFO org.evosuite.runtime.instrumentation.MethodCallReplacementClassAdapter -- Adding mock interface to class org/apache/logging/log4j/core/appender/RandomAccessFileAppender
13:34:20.866 [main] INFO org.evosuite.runtime.instrumentation.CreateClassResetClassAdapter -- Creating brand-new static initializer in class org/apache/logging/log4j/core/appender/RandomAccessFileAppender
13:34:20.867 [main] INFO org.evosuite.runtime.instrumentation.EvoClassLoader -- Keeping class: org.apache.logging.log4j.core.appender.RandomAccessFileAppender
13:34:20.867 [main] INFO org.evosuite.runtime.instrumentation.EvoClassLoader -- Seeing class for first time: org.apache.logging.log4j.core.filter.RegexFilter
13:34:20.867 [main] INFO org.evosuite.runtime.instrumentation.EvoClassLoader -- Instrumenting class 'org.apache.logging.log4j.core.filter.RegexFilter'.
13:34:20.867 [main] INFO org.evosuite.runtime.instrumentation.MethodCallReplacementClassAdapter -- Adding mock interface to class org/apache/logging/log4j/core/filter/RegexFilter
13:34:20.868 [main] INFO org.evosuite.runtime.instrumentation.CreateClassResetClassAdapter -- Creating brand-new static initializer in class org/apache/logging/log4j/core/filter/RegexFilter
13:34:20.868 [main] INFO org.evosuite.runtime.instrumentation.CreateClassResetClassAdapter -- Adding bytecode for initializing field DEFAULT_PATTERN_FLAGS
13:34:20.869 [main] INFO org.evosuite.runtime.instrumentation.EvoClassLoader -- Keeping class: org.apache.logging.log4j.core.filter.RegexFilter
13:34:20.869 [main] INFO org.evosuite.runtime.instrumentation.EvoClassLoader -- Seeing class for first time: org.apache.logging.log4j.core.pattern.RegexReplacement
13:34:20.869 [main] INFO org.evosuite.runtime.instrumentation.EvoClassLoader -- Instrumenting class 'org.apache.logging.log4j.core.pattern.RegexReplacement'.
13:34:20.869 [main] INFO org.evosuite.runtime.instrumentation.MethodCallReplacementClassAdapter -- Adding mock interface to class org/apache/logging/log4j/core/pattern/RegexReplacement
13:34:20.870 [main] INFO org.evosuite.runtime.instrumentation.CreateClassResetClassAdapter -- Found static initializer in class org/apache/logging/log4j/core/pattern/RegexReplacement
13:34:20.870 [main] INFO org.evosuite.runtime.instrumentation.EvoClassLoader -- Keeping class: org.apache.logging.log4j.core.pattern.RegexReplacement
13:34:20.870 [main] INFO org.evosuite.runtime.instrumentation.EvoClassLoader -- Seeing class for first time: org.apache.logging.log4j.core.appender.rewrite.RewriteAppender
13:34:20.870 [main] INFO org.evosuite.runtime.instrumentation.EvoClassLoader -- Instrumenting class 'org.apache.logging.log4j.core.appender.rewrite.RewriteAppender'.
13:34:20.871 [main] INFO org.evosuite.runtime.instrumentation.MethodCallReplacementClassAdapter -- Adding mock interface to class org/apache/logging/log4j/core/appender/rewrite/RewriteAppender
13:34:20.871 [main] INFO org.evosuite.runtime.instrumentation.CreateClassResetClassAdapter -- Creating brand-new static initializer in class org/apache/logging/log4j/core/appender/rewrite/RewriteAppender
13:34:20.872 [main] INFO org.evosuite.runtime.instrumentation.EvoClassLoader -- Keeping class: org.apache.logging.log4j.core.appender.rewrite.RewriteAppender
13:34:20.872 [main] INFO org.evosuite.runtime.instrumentation.EvoClassLoader -- Seeing class for first time: org.apache.logging.log4j.core.layout.Rfc5424Layout
13:34:20.872 [main] INFO org.evosuite.runtime.instrumentation.EvoClassLoader -- Instrumenting class 'org.apache.logging.log4j.core.layout.Rfc5424Layout'.
13:34:20.873 [main] INFO org.evosuite.runtime.instrumentation.MethodCallReplacementClassAdapter -- Adding mock interface to class org/apache/logging/log4j/core/layout/Rfc5424Layout
13:34:20.881 [main] INFO org.evosuite.runtime.instrumentation.CreateClassResetClassAdapter -- Found static initializer in class org/apache/logging/log4j/core/layout/Rfc5424Layout
13:34:20.882 [main] INFO org.evosuite.runtime.instrumentation.EvoClassLoader -- Keeping class: org.apache.logging.log4j.core.layout.Rfc5424Layout
13:34:20.882 [main] INFO org.evosuite.runtime.instrumentation.EvoClassLoader -- Seeing class for first time: org.apache.logging.log4j.core.appender.RollingFileAppender
13:34:20.882 [main] INFO org.evosuite.runtime.instrumentation.EvoClassLoader -- Instrumenting class 'org.apache.logging.log4j.core.appender.RollingFileAppender'.
13:34:20.883 [main] INFO org.evosuite.runtime.instrumentation.MethodCallReplacementClassAdapter -- Adding mock interface to class org/apache/logging/log4j/core/appender/RollingFileAppender
13:34:20.884 [main] INFO org.evosuite.runtime.instrumentation.CreateClassResetClassAdapter -- Creating brand-new static initializer in class org/apache/logging/log4j/core/appender/RollingFileAppender
13:34:20.884 [main] INFO org.evosuite.runtime.instrumentation.CreateClassResetClassAdapter -- Adding bytecode for initializing field PLUGIN_NAME
13:34:20.884 [main] INFO org.evosuite.runtime.instrumentation.CreateClassResetClassAdapter -- Adding bytecode for initializing field DEFAULT_BUFFER_SIZE
13:34:20.884 [main] INFO org.evosuite.runtime.instrumentation.EvoClassLoader -- Keeping class: org.apache.logging.log4j.core.appender.RollingFileAppender
13:34:20.884 [main] INFO org.evosuite.runtime.instrumentation.EvoClassLoader -- Seeing class for first time: org.apache.logging.log4j.core.appender.RollingRandomAccessFileAppender
13:34:20.884 [main] INFO org.evosuite.runtime.instrumentation.EvoClassLoader -- Instrumenting class 'org.apache.logging.log4j.core.appender.RollingRandomAccessFileAppender'.
13:34:20.885 [main] INFO org.evosuite.runtime.instrumentation.MethodCallReplacementClassAdapter -- Adding mock interface to class org/apache/logging/log4j/core/appender/RollingRandomAccessFileAppender
13:34:20.885 [main] INFO org.evosuite.runtime.instrumentation.CreateClassResetClassAdapter -- Creating brand-new static initializer in class org/apache/logging/log4j/core/appender/RollingRandomAccessFileAppender
13:34:20.886 [main] INFO org.evosuite.runtime.instrumentation.EvoClassLoader -- Keeping class: org.apache.logging.log4j.core.appender.RollingRandomAccessFileAppender
13:34:20.886 [main] INFO org.evosuite.runtime.instrumentation.EvoClassLoader -- Seeing class for first time: org.apache.logging.log4j.core.config.LoggerConfig$RootLogger
13:34:20.886 [main] INFO org.evosuite.runtime.instrumentation.EvoClassLoader -- Instrumenting class 'org.apache.logging.log4j.core.config.LoggerConfig$RootLogger'.
13:34:20.887 [main] INFO org.evosuite.runtime.instrumentation.MethodCallReplacementClassAdapter -- Adding mock interface to class org/apache/logging/log4j/core/config/LoggerConfig$RootLogger
13:34:20.887 [main] INFO org.evosuite.runtime.instrumentation.CreateClassResetClassAdapter -- Creating brand-new static initializer in class org/apache/logging/log4j/core/config/LoggerConfig$RootLogger
13:34:20.887 [main] INFO org.evosuite.runtime.instrumentation.EvoClassLoader -- Keeping class: org.apache.logging.log4j.core.config.LoggerConfig$RootLogger
13:34:20.887 [main] INFO org.evosuite.runtime.instrumentation.EvoClassLoader -- Seeing class for first time: org.apache.logging.log4j.core.appender.routing.Route
13:34:20.887 [main] INFO org.evosuite.runtime.instrumentation.EvoClassLoader -- Instrumenting class 'org.apache.logging.log4j.core.appender.routing.Route'.
13:34:20.888 [main] INFO org.evosuite.runtime.instrumentation.MethodCallReplacementClassAdapter -- Adding mock interface to class org/apache/logging/log4j/core/appender/routing/Route
13:34:20.889 [main] INFO org.evosuite.runtime.instrumentation.CreateClassResetClassAdapter -- Found static initializer in class org/apache/logging/log4j/core/appender/routing/Route
13:34:20.889 [main] INFO org.evosuite.runtime.instrumentation.EvoClassLoader -- Keeping class: org.apache.logging.log4j.core.appender.routing.Route
13:34:20.889 [main] INFO org.evosuite.runtime.instrumentation.EvoClassLoader -- Seeing class for first time: org.apache.logging.log4j.core.appender.routing.Routes
13:34:20.889 [main] INFO org.evosuite.runtime.instrumentation.EvoClassLoader -- Instrumenting class 'org.apache.logging.log4j.core.appender.routing.Routes'.
13:34:20.890 [main] INFO org.evosuite.runtime.instrumentation.MethodCallReplacementClassAdapter -- Adding mock interface to class org/apache/logging/log4j/core/appender/routing/Routes
13:34:20.890 [main] INFO org.evosuite.runtime.instrumentation.CreateClassResetClassAdapter -- Found static initializer in class org/apache/logging/log4j/core/appender/routing/Routes
13:34:20.891 [main] INFO org.evosuite.runtime.instrumentation.EvoClassLoader -- Keeping class: org.apache.logging.log4j.core.appender.routing.Routes
13:34:20.891 [main] INFO org.evosuite.runtime.instrumentation.EvoClassLoader -- Seeing class for first time: org.apache.logging.log4j.core.appender.routing.RoutingAppender
13:34:20.891 [main] INFO org.evosuite.runtime.instrumentation.EvoClassLoader -- Instrumenting class 'org.apache.logging.log4j.core.appender.routing.RoutingAppender'.
13:34:20.892 [main] INFO org.evosuite.runtime.instrumentation.MethodCallReplacementClassAdapter -- Adding mock interface to class org/apache/logging/log4j/core/appender/routing/RoutingAppender
13:34:20.897 [main] INFO org.evosuite.runtime.instrumentation.CreateClassResetClassAdapter -- Creating brand-new static initializer in class org/apache/logging/log4j/core/appender/routing/RoutingAppender
13:34:20.897 [main] INFO org.evosuite.runtime.instrumentation.CreateClassResetClassAdapter -- Adding bytecode for initializing field STATIC_VARIABLES_KEY
13:34:20.897 [main] INFO org.evosuite.runtime.instrumentation.CreateClassResetClassAdapter -- Adding bytecode for initializing field DEFAULT_KEY
13:34:20.898 [main] INFO org.evosuite.runtime.instrumentation.EvoClassLoader -- Keeping class: org.apache.logging.log4j.core.appender.routing.RoutingAppender
13:34:20.898 [main] INFO org.evosuite.runtime.instrumentation.EvoClassLoader -- Seeing class for first time: org.apache.logging.log4j.core.script.Script
13:34:20.898 [main] INFO org.evosuite.runtime.instrumentation.EvoClassLoader -- Instrumenting class 'org.apache.logging.log4j.core.script.Script'.
13:34:20.899 [main] INFO org.evosuite.runtime.instrumentation.MethodCallReplacementClassAdapter -- Adding mock interface to class org/apache/logging/log4j/core/script/Script
13:34:20.899 [main] INFO org.evosuite.runtime.instrumentation.CreateClassResetClassAdapter -- Creating brand-new static initializer in class org/apache/logging/log4j/core/script/Script
13:34:20.899 [main] INFO org.evosuite.runtime.instrumentation.CreateClassResetClassAdapter -- Adding bytecode for initializing field ATTR_LANGUAGE
13:34:20.899 [main] INFO org.evosuite.runtime.instrumentation.CreateClassResetClassAdapter -- Adding bytecode for initializing field ATTR_SCRIPT_TEXT
13:34:20.899 [main] INFO org.evosuite.runtime.instrumentation.CreateClassResetClassAdapter -- Adding bytecode for initializing field PLUGIN_NAME
13:34:20.900 [main] INFO org.evosuite.runtime.instrumentation.EvoClassLoader -- Seeing class for first time: org.apache.logging.log4j.core.script.AbstractScript
13:34:20.900 [main] INFO org.evosuite.runtime.instrumentation.EvoClassLoader -- Instrumenting class 'org.apache.logging.log4j.core.script.AbstractScript'.
13:34:20.900 [main] INFO org.evosuite.runtime.instrumentation.MethodCallReplacementClassAdapter -- Adding mock interface to class org/apache/logging/log4j/core/script/AbstractScript
13:34:20.900 [main] INFO org.evosuite.runtime.instrumentation.CreateClassResetClassAdapter -- Found static initializer in class org/apache/logging/log4j/core/script/AbstractScript
13:34:20.901 [main] INFO org.evosuite.runtime.instrumentation.EvoClassLoader -- Keeping class: org.apache.logging.log4j.core.script.AbstractScript
13:34:20.901 [main] INFO org.evosuite.runtime.instrumentation.EvoClassLoader -- Keeping class: org.apache.logging.log4j.core.script.Script
13:34:20.901 [main] INFO org.evosuite.runtime.instrumentation.EvoClassLoader -- Seeing class for first time: org.apache.logging.log4j.core.appender.ScriptAppenderSelector
13:34:20.901 [main] INFO org.evosuite.runtime.instrumentation.EvoClassLoader -- Instrumenting class 'org.apache.logging.log4j.core.appender.ScriptAppenderSelector'.
13:34:20.902 [main] INFO org.evosuite.runtime.instrumentation.MethodCallReplacementClassAdapter -- Adding mock interface to class org/apache/logging/log4j/core/appender/ScriptAppenderSelector
13:34:20.902 [main] INFO org.evosuite.runtime.instrumentation.CreateClassResetClassAdapter -- Creating brand-new static initializer in class org/apache/logging/log4j/core/appender/ScriptAppenderSelector
13:34:20.902 [main] INFO org.evosuite.runtime.instrumentation.EvoClassLoader -- Keeping class: org.apache.logging.log4j.core.appender.ScriptAppenderSelector
13:34:20.902 [main] INFO org.evosuite.runtime.instrumentation.EvoClassLoader -- Seeing class for first time: org.apache.logging.log4j.core.config.arbiters.ScriptArbiter
13:34:20.902 [main] INFO org.evosuite.runtime.instrumentation.EvoClassLoader -- Instrumenting class 'org.apache.logging.log4j.core.config.arbiters.ScriptArbiter'.
13:34:20.903 [main] INFO org.evosuite.runtime.instrumentation.MethodCallReplacementClassAdapter -- Adding mock interface to class org/apache/logging/log4j/core/config/arbiters/ScriptArbiter
13:34:20.904 [main] INFO org.evosuite.runtime.instrumentation.CreateClassResetClassAdapter -- Creating brand-new static initializer in class org/apache/logging/log4j/core/config/arbiters/ScriptArbiter
13:34:20.904 [main] INFO org.evosuite.runtime.instrumentation.EvoClassLoader -- Keeping class: org.apache.logging.log4j.core.config.arbiters.ScriptArbiter
13:34:20.904 [main] INFO org.evosuite.runtime.instrumentation.EvoClassLoader -- Seeing class for first time: org.apache.logging.log4j.core.appender.rolling.action.ScriptCondition
13:34:20.904 [main] INFO org.evosuite.runtime.instrumentation.EvoClassLoader -- Instrumenting class 'org.apache.logging.log4j.core.appender.rolling.action.ScriptCondition'.
13:34:20.905 [main] INFO org.evosuite.runtime.instrumentation.MethodCallReplacementClassAdapter -- Adding mock interface to class org/apache/logging/log4j/core/appender/rolling/action/ScriptCondition
13:34:20.906 [main] INFO org.evosuite.runtime.instrumentation.CreateClassResetClassAdapter -- Found static initializer in class org/apache/logging/log4j/core/appender/rolling/action/ScriptCondition
13:34:20.906 [main] INFO org.evosuite.runtime.instrumentation.EvoClassLoader -- Keeping class: org.apache.logging.log4j.core.appender.rolling.action.ScriptCondition
13:34:20.907 [main] INFO org.evosuite.runtime.instrumentation.EvoClassLoader -- Seeing class for first time: org.apache.logging.log4j.core.script.ScriptFile
13:34:20.907 [main] INFO org.evosuite.runtime.instrumentation.EvoClassLoader -- Instrumenting class 'org.apache.logging.log4j.core.script.ScriptFile'.
13:34:20.907 [main] INFO org.evosuite.runtime.instrumentation.MethodCallReplacementClassAdapter -- Adding mock interface to class org/apache/logging/log4j/core/script/ScriptFile
13:34:20.909 [main] INFO org.evosuite.runtime.instrumentation.CreateClassResetClassAdapter -- Creating brand-new static initializer in class org/apache/logging/log4j/core/script/ScriptFile
13:34:20.909 [main] INFO org.evosuite.runtime.instrumentation.EvoClassLoader -- Keeping class: org.apache.logging.log4j.core.script.ScriptFile
13:34:20.909 [main] INFO org.evosuite.runtime.instrumentation.EvoClassLoader -- Seeing class for first time: org.apache.logging.log4j.core.filter.ScriptFilter
13:34:20.909 [main] INFO org.evosuite.runtime.instrumentation.EvoClassLoader -- Instrumenting class 'org.apache.logging.log4j.core.filter.ScriptFilter'.
13:34:20.910 [main] INFO org.evosuite.runtime.instrumentation.MethodCallReplacementClassAdapter -- Adding mock interface to class org/apache/logging/log4j/core/filter/ScriptFilter
13:34:20.912 [main] INFO org.evosuite.runtime.instrumentation.CreateClassResetClassAdapter -- Found static initializer in class org/apache/logging/log4j/core/filter/ScriptFilter
13:34:20.913 [main] INFO org.evosuite.runtime.instrumentation.EvoClassLoader -- Keeping class: org.apache.logging.log4j.core.filter.ScriptFilter
13:34:20.913 [main] INFO org.evosuite.runtime.instrumentation.EvoClassLoader -- Seeing class for first time: org.apache.logging.log4j.core.layout.ScriptPatternSelector
13:34:20.913 [main] INFO org.evosuite.runtime.instrumentation.EvoClassLoader -- Instrumenting class 'org.apache.logging.log4j.core.layout.ScriptPatternSelector'.
13:34:20.914 [main] INFO org.evosuite.runtime.instrumentation.MethodCallReplacementClassAdapter -- Adding mock interface to class org/apache/logging/log4j/core/layout/ScriptPatternSelector
13:34:20.917 [main] INFO org.evosuite.runtime.instrumentation.CreateClassResetClassAdapter -- Found static initializer in class org/apache/logging/log4j/core/layout/ScriptPatternSelector
13:34:20.917 [main] INFO org.evosuite.runtime.instrumentation.EvoClassLoader -- Keeping class: org.apache.logging.log4j.core.layout.ScriptPatternSelector
13:34:20.917 [main] INFO org.evosuite.runtime.instrumentation.EvoClassLoader -- Seeing class for first time: org.apache.logging.log4j.core.script.ScriptRef
13:34:20.917 [main] INFO org.evosuite.runtime.instrumentation.EvoClassLoader -- Instrumenting class 'org.apache.logging.log4j.core.script.ScriptRef'.
13:34:20.918 [main] INFO org.evosuite.runtime.instrumentation.MethodCallReplacementClassAdapter -- Adding mock interface to class org/apache/logging/log4j/core/script/ScriptRef
13:34:20.918 [main] INFO org.evosuite.runtime.instrumentation.CreateClassResetClassAdapter -- Creating brand-new static initializer in class org/apache/logging/log4j/core/script/ScriptRef
13:34:20.919 [main] INFO org.evosuite.runtime.instrumentation.EvoClassLoader -- Keeping class: org.apache.logging.log4j.core.script.ScriptRef
13:34:20.919 [main] INFO org.evosuite.runtime.instrumentation.EvoClassLoader -- Seeing class for first time: org.apache.logging.log4j.core.config.ScriptsPlugin
13:34:20.919 [main] INFO org.evosuite.runtime.instrumentation.EvoClassLoader -- Instrumenting class 'org.apache.logging.log4j.core.config.ScriptsPlugin'.
13:34:20.919 [main] INFO org.evosuite.runtime.instrumentation.MethodCallReplacementClassAdapter -- Adding mock interface to class org/apache/logging/log4j/core/config/ScriptsPlugin
13:34:20.920 [main] INFO org.evosuite.runtime.instrumentation.CreateClassResetClassAdapter -- Creating brand-new static initializer in class org/apache/logging/log4j/core/config/ScriptsPlugin
13:34:20.920 [main] INFO org.evosuite.runtime.instrumentation.EvoClassLoader -- Keeping class: org.apache.logging.log4j.core.config.ScriptsPlugin
13:34:20.920 [main] INFO org.evosuite.runtime.instrumentation.EvoClassLoader -- Seeing class for first time: org.apache.logging.log4j.core.config.arbiters.SelectArbiter
13:34:20.920 [main] INFO org.evosuite.runtime.instrumentation.EvoClassLoader -- Instrumenting class 'org.apache.logging.log4j.core.config.arbiters.SelectArbiter'.
13:34:20.920 [main] INFO org.evosuite.runtime.instrumentation.MethodCallReplacementClassAdapter -- Adding mock interface to class org/apache/logging/log4j/core/config/arbiters/SelectArbiter
13:34:20.921 [main] INFO org.evosuite.runtime.instrumentation.CreateClassResetClassAdapter -- Creating brand-new static initializer in class org/apache/logging/log4j/core/config/arbiters/SelectArbiter
13:34:20.922 [main] INFO org.evosuite.runtime.instrumentation.EvoClassLoader -- Keeping class: org.apache.logging.log4j.core.config.arbiters.SelectArbiter
13:34:20.922 [main] INFO org.evosuite.runtime.instrumentation.EvoClassLoader -- Seeing class for first time: org.apache.logging.log4j.core.layout.SerializedLayout
13:34:20.922 [main] INFO org.evosuite.runtime.instrumentation.EvoClassLoader -- Instrumenting class 'org.apache.logging.log4j.core.layout.SerializedLayout'.
13:34:20.922 [main] INFO org.evosuite.runtime.instrumentation.MethodCallReplacementClassAdapter -- Adding mock interface to class org/apache/logging/log4j/core/layout/SerializedLayout
13:34:20.923 [main] INFO org.evosuite.runtime.instrumentation.CreateClassResetClassAdapter -- Found static initializer in class org/apache/logging/log4j/core/layout/SerializedLayout
13:34:20.924 [main] INFO org.evosuite.runtime.instrumentation.EvoClassLoader -- Keeping class: org.apache.logging.log4j.core.layout.SerializedLayout
13:34:20.924 [main] INFO org.evosuite.runtime.instrumentation.EvoClassLoader -- Seeing class for first time: org.apache.logging.log4j.core.appender.rolling.SizeBasedTriggeringPolicy
13:34:20.924 [main] INFO org.evosuite.runtime.instrumentation.EvoClassLoader -- Instrumenting class 'org.apache.logging.log4j.core.appender.rolling.SizeBasedTriggeringPolicy'.
13:34:20.924 [main] INFO org.evosuite.runtime.instrumentation.MethodCallReplacementClassAdapter -- Adding mock interface to class org/apache/logging/log4j/core/appender/rolling/SizeBasedTriggeringPolicy
13:34:20.925 [main] INFO org.evosuite.runtime.instrumentation.CreateClassResetClassAdapter -- Creating brand-new static initializer in class org/apache/logging/log4j/core/appender/rolling/SizeBasedTriggeringPolicy
13:34:20.925 [main] INFO org.evosuite.runtime.instrumentation.CreateClassResetClassAdapter -- Adding bytecode for initializing field MAX_FILE_SIZE
13:34:20.925 [main] INFO org.evosuite.runtime.instrumentation.EvoClassLoader -- Keeping class: org.apache.logging.log4j.core.appender.rolling.SizeBasedTriggeringPolicy
13:34:20.925 [main] INFO org.evosuite.runtime.instrumentation.EvoClassLoader -- Seeing class for first time: org.apache.logging.log4j.core.appender.SmtpAppender
13:34:20.925 [main] INFO org.evosuite.runtime.instrumentation.EvoClassLoader -- Instrumenting class 'org.apache.logging.log4j.core.appender.SmtpAppender'.
13:34:20.926 [main] INFO org.evosuite.runtime.instrumentation.MethodCallReplacementClassAdapter -- Adding mock interface to class org/apache/logging/log4j/core/appender/SmtpAppender
13:34:20.928 [main] INFO org.evosuite.runtime.instrumentation.CreateClassResetClassAdapter -- Creating brand-new static initializer in class org/apache/logging/log4j/core/appender/SmtpAppender
13:34:20.928 [main] INFO org.evosuite.runtime.instrumentation.CreateClassResetClassAdapter -- Adding bytecode for initializing field DEFAULT_BUFFER_SIZE
13:34:20.928 [main] INFO org.evosuite.runtime.instrumentation.EvoClassLoader -- Keeping class: org.apache.logging.log4j.core.appender.SmtpAppender
13:34:20.929 [main] INFO org.evosuite.runtime.instrumentation.EvoClassLoader -- Seeing class for first time: org.apache.logging.log4j.core.appender.SocketAppender
13:34:20.929 [main] INFO org.evosuite.runtime.instrumentation.EvoClassLoader -- Instrumenting class 'org.apache.logging.log4j.core.appender.SocketAppender'.
13:34:20.929 [main] INFO org.evosuite.runtime.instrumentation.MethodCallReplacementClassAdapter -- Adding mock interface to class org/apache/logging/log4j/core/appender/SocketAppender
13:34:20.931 [main] INFO org.evosuite.runtime.instrumentation.CreateClassResetClassAdapter -- Creating brand-new static initializer in class org/apache/logging/log4j/core/appender/SocketAppender
13:34:20.932 [main] INFO org.evosuite.runtime.instrumentation.EvoClassLoader -- Keeping class: org.apache.logging.log4j.core.appender.SocketAppender
13:34:20.932 [main] INFO org.evosuite.runtime.instrumentation.EvoClassLoader -- Seeing class for first time: org.apache.logging.log4j.core.net.SocketAddress
13:34:20.932 [main] INFO org.evosuite.runtime.instrumentation.EvoClassLoader -- Instrumenting class 'org.apache.logging.log4j.core.net.SocketAddress'.
13:34:20.933 [main] INFO org.evosuite.runtime.instrumentation.MethodCallReplacementClassAdapter -- Adding mock interface to class org/apache/logging/log4j/core/net/SocketAddress
13:34:20.934 [main] INFO org.evosuite.runtime.instrumentation.CreateClassResetClassAdapter -- Creating brand-new static initializer in class org/apache/logging/log4j/core/net/SocketAddress
13:34:20.935 [main] INFO org.evosuite.runtime.instrumentation.EvoClassLoader -- Keeping class: org.apache.logging.log4j.core.net.SocketAddress
13:34:20.935 [main] INFO org.evosuite.runtime.instrumentation.EvoClassLoader -- Seeing class for first time: org.apache.logging.log4j.core.net.SocketOptions
13:34:20.935 [main] INFO org.evosuite.runtime.instrumentation.EvoClassLoader -- Instrumenting class 'org.apache.logging.log4j.core.net.SocketOptions'.
13:34:20.936 [main] INFO org.evosuite.runtime.instrumentation.MethodCallReplacementClassAdapter -- Adding mock interface to class org/apache/logging/log4j/core/net/SocketOptions
13:34:20.937 [main] INFO org.evosuite.runtime.instrumentation.CreateClassResetClassAdapter -- Creating brand-new static initializer in class org/apache/logging/log4j/core/net/SocketOptions
13:34:20.937 [main] INFO org.evosuite.runtime.instrumentation.EvoClassLoader -- Keeping class: org.apache.logging.log4j.core.net.SocketOptions
13:34:20.937 [main] INFO org.evosuite.runtime.instrumentation.EvoClassLoader -- Seeing class for first time: org.apache.logging.log4j.core.net.SocketPerformancePreferences
13:34:20.937 [main] INFO org.evosuite.runtime.instrumentation.EvoClassLoader -- Instrumenting class 'org.apache.logging.log4j.core.net.SocketPerformancePreferences'.
13:34:20.937 [main] INFO org.evosuite.runtime.instrumentation.MethodCallReplacementClassAdapter -- Adding mock interface to class org/apache/logging/log4j/core/net/SocketPerformancePreferences
13:34:20.938 [main] INFO org.evosuite.runtime.instrumentation.CreateClassResetClassAdapter -- Creating brand-new static initializer in class org/apache/logging/log4j/core/net/SocketPerformancePreferences
13:34:20.938 [main] INFO org.evosuite.runtime.instrumentation.EvoClassLoader -- Keeping class: org.apache.logging.log4j.core.net.SocketPerformancePreferences
13:34:20.938 [main] INFO org.evosuite.runtime.instrumentation.EvoClassLoader -- Seeing class for first time: org.apache.logging.log4j.core.appender.rolling.action.PathSortByModificationTime
13:34:20.938 [main] INFO org.evosuite.runtime.instrumentation.EvoClassLoader -- Instrumenting class 'org.apache.logging.log4j.core.appender.rolling.action.PathSortByModificationTime'.
13:34:20.939 [main] INFO org.evosuite.runtime.instrumentation.MethodCallReplacementClassAdapter -- Adding mock interface to class org/apache/logging/log4j/core/appender/rolling/action/PathSortByModificationTime
13:34:20.939 [main] INFO org.evosuite.runtime.instrumentation.CreateClassResetClassAdapter -- Creating brand-new static initializer in class org/apache/logging/log4j/core/appender/rolling/action/PathSortByModificationTime
13:34:20.939 [main] INFO org.evosuite.runtime.instrumentation.EvoClassLoader -- Seeing class for first time: org.apache.logging.log4j.core.appender.rolling.action.PathSorter
13:34:20.939 [main] INFO org.evosuite.runtime.instrumentation.EvoClassLoader -- Instrumenting class 'org.apache.logging.log4j.core.appender.rolling.action.PathSorter'.
13:34:20.940 [main] INFO org.evosuite.runtime.instrumentation.EvoClassLoader -- Keeping class: org.apache.logging.log4j.core.appender.rolling.action.PathSorter
13:34:20.940 [main] INFO org.evosuite.runtime.instrumentation.EvoClassLoader -- Keeping class: org.apache.logging.log4j.core.appender.rolling.action.PathSortByModificationTime
13:34:20.940 [main] INFO org.evosuite.runtime.instrumentation.EvoClassLoader -- Seeing class for first time: org.apache.logging.log4j.core.net.ssl.SslConfiguration
13:34:20.940 [main] INFO org.evosuite.runtime.instrumentation.EvoClassLoader -- Instrumenting class 'org.apache.logging.log4j.core.net.ssl.SslConfiguration'.
13:34:20.941 [main] INFO org.evosuite.runtime.instrumentation.MethodCallReplacementClassAdapter -- Adding mock interface to class org/apache/logging/log4j/core/net/ssl/SslConfiguration
13:34:20.942 [main] INFO org.evosuite.runtime.instrumentation.CreateClassResetClassAdapter -- Found static initializer in class org/apache/logging/log4j/core/net/ssl/SslConfiguration
13:34:20.943 [main] INFO org.evosuite.runtime.instrumentation.EvoClassLoader -- Keeping class: org.apache.logging.log4j.core.net.ssl.SslConfiguration
13:34:20.943 [main] INFO org.evosuite.runtime.instrumentation.EvoClassLoader -- Seeing class for first time: org.apache.logging.log4j.core.filter.StringMatchFilter
13:34:20.943 [main] INFO org.evosuite.runtime.instrumentation.EvoClassLoader -- Instrumenting class 'org.apache.logging.log4j.core.filter.StringMatchFilter'.
13:34:20.944 [main] INFO org.evosuite.runtime.instrumentation.MethodCallReplacementClassAdapter -- Adding mock interface to class org/apache/logging/log4j/core/filter/StringMatchFilter
13:34:20.946 [main] INFO org.evosuite.runtime.instrumentation.CreateClassResetClassAdapter -- Creating brand-new static initializer in class org/apache/logging/log4j/core/filter/StringMatchFilter
13:34:20.946 [main] INFO org.evosuite.runtime.instrumentation.CreateClassResetClassAdapter -- Adding bytecode for initializing field ATTR_MATCH
13:34:20.946 [main] INFO org.evosuite.runtime.instrumentation.EvoClassLoader -- Keeping class: org.apache.logging.log4j.core.filter.StringMatchFilter
13:34:20.946 [main] INFO org.evosuite.runtime.instrumentation.EvoClassLoader -- Seeing class for first time: org.apache.logging.log4j.core.filter.StructuredDataFilter
13:34:20.946 [main] INFO org.evosuite.runtime.instrumentation.EvoClassLoader -- Instrumenting class 'org.apache.logging.log4j.core.filter.StructuredDataFilter'.
13:34:20.947 [main] INFO org.evosuite.runtime.instrumentation.MethodCallReplacementClassAdapter -- Adding mock interface to class org/apache/logging/log4j/core/filter/StructuredDataFilter
13:34:20.948 [main] INFO org.evosuite.runtime.instrumentation.CreateClassResetClassAdapter -- Found static initializer in class org/apache/logging/log4j/core/filter/StructuredDataFilter
13:34:20.949 [main] INFO org.evosuite.runtime.instrumentation.EvoClassLoader -- Keeping class: org.apache.logging.log4j.core.filter.StructuredDataFilter
13:34:20.949 [main] INFO org.evosuite.runtime.instrumentation.EvoClassLoader -- Seeing class for first time: org.apache.logging.log4j.core.appender.SyslogAppender
13:34:20.949 [main] INFO org.evosuite.runtime.instrumentation.EvoClassLoader -- Instrumenting class 'org.apache.logging.log4j.core.appender.SyslogAppender'.
13:34:20.950 [main] INFO org.evosuite.runtime.instrumentation.MethodCallReplacementClassAdapter -- Adding mock interface to class org/apache/logging/log4j/core/appender/SyslogAppender
13:34:20.951 [main] INFO org.evosuite.runtime.instrumentation.CreateClassResetClassAdapter -- Creating brand-new static initializer in class org/apache/logging/log4j/core/appender/SyslogAppender
13:34:20.951 [main] INFO org.evosuite.runtime.instrumentation.CreateClassResetClassAdapter -- Adding bytecode for initializing field RFC5424
13:34:20.951 [main] INFO org.evosuite.runtime.instrumentation.EvoClassLoader -- Keeping class: org.apache.logging.log4j.core.appender.SyslogAppender
13:34:20.951 [main] INFO org.evosuite.runtime.instrumentation.EvoClassLoader -- Seeing class for first time: org.apache.logging.log4j.core.layout.SyslogLayout
13:34:20.951 [main] INFO org.evosuite.runtime.instrumentation.EvoClassLoader -- Instrumenting class 'org.apache.logging.log4j.core.layout.SyslogLayout'.
13:34:20.952 [main] INFO org.evosuite.runtime.instrumentation.MethodCallReplacementClassAdapter -- Adding mock interface to class org/apache/logging/log4j/core/layout/SyslogLayout
13:34:20.955 [main] INFO org.evosuite.runtime.instrumentation.CreateClassResetClassAdapter -- Found static initializer in class org/apache/logging/log4j/core/layout/SyslogLayout
13:34:20.955 [main] INFO org.evosuite.runtime.instrumentation.EvoClassLoader -- Keeping class: org.apache.logging.log4j.core.layout.SyslogLayout
13:34:20.956 [main] INFO org.evosuite.runtime.instrumentation.EvoClassLoader -- Seeing class for first time: org.apache.logging.log4j.core.config.arbiters.SystemPropertyArbiter
13:34:20.956 [main] INFO org.evosuite.runtime.instrumentation.EvoClassLoader -- Instrumenting class 'org.apache.logging.log4j.core.config.arbiters.SystemPropertyArbiter'.
13:34:20.956 [main] INFO org.evosuite.runtime.instrumentation.MethodCallReplacementClassAdapter -- Adding mock interface to class org/apache/logging/log4j/core/config/arbiters/SystemPropertyArbiter
13:34:20.957 [main] INFO org.evosuite.runtime.instrumentation.CreateClassResetClassAdapter -- Creating brand-new static initializer in class org/apache/logging/log4j/core/config/arbiters/SystemPropertyArbiter
13:34:20.957 [main] INFO org.evosuite.runtime.instrumentation.EvoClassLoader -- Keeping class: org.apache.logging.log4j.core.config.arbiters.SystemPropertyArbiter
13:34:20.957 [main] INFO org.evosuite.runtime.instrumentation.EvoClassLoader -- Seeing class for first time: org.apache.logging.log4j.core.filter.ThresholdFilter
13:34:20.957 [main] INFO org.evosuite.runtime.instrumentation.EvoClassLoader -- Instrumenting class 'org.apache.logging.log4j.core.filter.ThresholdFilter'.
13:34:20.958 [main] INFO org.evosuite.runtime.instrumentation.MethodCallReplacementClassAdapter -- Adding mock interface to class org/apache/logging/log4j/core/filter/ThresholdFilter
13:34:20.959 [main] INFO org.evosuite.runtime.instrumentation.CreateClassResetClassAdapter -- Creating brand-new static initializer in class org/apache/logging/log4j/core/filter/ThresholdFilter
13:34:20.959 [main] INFO org.evosuite.runtime.instrumentation.EvoClassLoader -- Keeping class: org.apache.logging.log4j.core.filter.ThresholdFilter
13:34:20.959 [main] INFO org.evosuite.runtime.instrumentation.EvoClassLoader -- Seeing class for first time: org.apache.logging.log4j.core.appender.rolling.TimeBasedTriggeringPolicy
13:34:20.959 [main] INFO org.evosuite.runtime.instrumentation.EvoClassLoader -- Instrumenting class 'org.apache.logging.log4j.core.appender.rolling.TimeBasedTriggeringPolicy'.
13:34:20.960 [main] INFO org.evosuite.runtime.instrumentation.MethodCallReplacementClassAdapter -- Adding mock interface to class org/apache/logging/log4j/core/appender/rolling/TimeBasedTriggeringPolicy
13:34:20.961 [main] INFO org.evosuite.runtime.instrumentation.CreateClassResetClassAdapter -- Creating brand-new static initializer in class org/apache/logging/log4j/core/appender/rolling/TimeBasedTriggeringPolicy
13:34:20.961 [main] INFO org.evosuite.runtime.instrumentation.EvoClassLoader -- Keeping class: org.apache.logging.log4j.core.appender.rolling.TimeBasedTriggeringPolicy
13:34:20.961 [main] INFO org.evosuite.runtime.instrumentation.EvoClassLoader -- Seeing class for first time: org.apache.logging.log4j.core.filter.TimeFilter
13:34:20.961 [main] INFO org.evosuite.runtime.instrumentation.EvoClassLoader -- Instrumenting class 'org.apache.logging.log4j.core.filter.TimeFilter'.
13:34:20.962 [main] INFO org.evosuite.runtime.instrumentation.MethodCallReplacementClassAdapter -- Adding mock interface to class org/apache/logging/log4j/core/filter/TimeFilter
13:34:20.964 [main] INFO org.evosuite.runtime.instrumentation.CreateClassResetClassAdapter -- Found static initializer in class org/apache/logging/log4j/core/filter/TimeFilter
13:34:20.964 [main] INFO org.evosuite.runtime.instrumentation.EvoClassLoader -- Keeping class: org.apache.logging.log4j.core.filter.TimeFilter
13:34:20.964 [main] INFO org.evosuite.runtime.instrumentation.EvoClassLoader -- Seeing class for first time: org.apache.logging.log4j.core.net.ssl.TrustStoreConfiguration
13:34:20.964 [main] INFO org.evosuite.runtime.instrumentation.EvoClassLoader -- Instrumenting class 'org.apache.logging.log4j.core.net.ssl.TrustStoreConfiguration'.
13:34:20.965 [main] INFO org.evosuite.runtime.instrumentation.MethodCallReplacementClassAdapter -- Adding mock interface to class org/apache/logging/log4j/core/net/ssl/TrustStoreConfiguration
13:34:20.966 [main] INFO org.evosuite.runtime.instrumentation.CreateClassResetClassAdapter -- Creating brand-new static initializer in class org/apache/logging/log4j/core/net/ssl/TrustStoreConfiguration
13:34:20.966 [main] INFO org.evosuite.runtime.instrumentation.EvoClassLoader -- Keeping class: org.apache.logging.log4j.core.net.ssl.TrustStoreConfiguration
13:34:20.966 [main] INFO org.evosuite.runtime.instrumentation.EvoClassLoader -- Seeing class for first time: org.apache.logging.log4j.core.appender.WriterAppender
13:34:20.966 [main] INFO org.evosuite.runtime.instrumentation.EvoClassLoader -- Instrumenting class 'org.apache.logging.log4j.core.appender.WriterAppender'.
13:34:20.967 [main] INFO org.evosuite.runtime.instrumentation.MethodCallReplacementClassAdapter -- Adding mock interface to class org/apache/logging/log4j/core/appender/WriterAppender
13:34:20.969 [main] INFO org.evosuite.runtime.instrumentation.CreateClassResetClassAdapter -- Found static initializer in class org/apache/logging/log4j/core/appender/WriterAppender
13:34:20.969 [main] INFO org.evosuite.runtime.instrumentation.EvoClassLoader -- Seeing class for first time: org.apache.logging.log4j.core.appender.AbstractWriterAppender
13:34:20.969 [main] INFO org.evosuite.runtime.instrumentation.EvoClassLoader -- Instrumenting class 'org.apache.logging.log4j.core.appender.AbstractWriterAppender'.
13:34:20.970 [main] INFO org.evosuite.runtime.instrumentation.MethodCallReplacementClassAdapter -- Adding mock interface to class org/apache/logging/log4j/core/appender/AbstractWriterAppender
13:34:20.971 [main] INFO org.evosuite.runtime.instrumentation.CreateClassResetClassAdapter -- Creating brand-new static initializer in class org/apache/logging/log4j/core/appender/AbstractWriterAppender
13:34:20.971 [main] INFO org.evosuite.runtime.instrumentation.EvoClassLoader -- Keeping class: org.apache.logging.log4j.core.appender.AbstractWriterAppender
13:34:20.971 [main] INFO org.evosuite.runtime.instrumentation.EvoClassLoader -- Keeping class: org.apache.logging.log4j.core.appender.WriterAppender
13:34:20.971 [main] INFO org.evosuite.runtime.instrumentation.EvoClassLoader -- Seeing class for first time: org.apache.logging.log4j.core.layout.XmlLayout
13:34:20.971 [main] INFO org.evosuite.runtime.instrumentation.EvoClassLoader -- Instrumenting class 'org.apache.logging.log4j.core.layout.XmlLayout'.
13:34:20.972 [main] INFO org.evosuite.runtime.instrumentation.MethodCallReplacementClassAdapter -- Adding mock interface to class org/apache/logging/log4j/core/layout/XmlLayout
13:34:20.972 [main] INFO org.evosuite.runtime.instrumentation.CreateClassResetClassAdapter -- Creating brand-new static initializer in class org/apache/logging/log4j/core/layout/XmlLayout
13:34:20.972 [main] INFO org.evosuite.runtime.instrumentation.CreateClassResetClassAdapter -- Adding bytecode for initializing field ROOT_TAG
13:34:20.973 [main] INFO org.evosuite.runtime.instrumentation.EvoClassLoader -- Keeping class: org.apache.logging.log4j.core.layout.XmlLayout
13:34:20.973 [main] INFO org.evosuite.runtime.instrumentation.EvoClassLoader -- Seeing class for first time: org.apache.logging.log4j.core.layout.YamlLayout
13:34:20.973 [main] INFO org.evosuite.runtime.instrumentation.EvoClassLoader -- Instrumenting class 'org.apache.logging.log4j.core.layout.YamlLayout'.
13:34:20.973 [main] INFO org.evosuite.runtime.instrumentation.MethodCallReplacementClassAdapter -- Adding mock interface to class org/apache/logging/log4j/core/layout/YamlLayout
13:34:20.974 [main] INFO org.evosuite.runtime.instrumentation.CreateClassResetClassAdapter -- Creating brand-new static initializer in class org/apache/logging/log4j/core/layout/YamlLayout
13:34:20.974 [main] INFO org.evosuite.runtime.instrumentation.CreateClassResetClassAdapter -- Adding bytecode for initializing field DEFAULT_FOOTER
13:34:20.974 [main] INFO org.evosuite.runtime.instrumentation.CreateClassResetClassAdapter -- Adding bytecode for initializing field DEFAULT_HEADER
13:34:20.974 [main] INFO org.evosuite.runtime.instrumentation.CreateClassResetClassAdapter -- Adding bytecode for initializing field CONTENT_TYPE
13:34:20.974 [main] INFO org.evosuite.runtime.instrumentation.EvoClassLoader -- Keeping class: org.apache.logging.log4j.core.layout.YamlLayout
13:34:20.974 [main] INFO org.evosuite.runtime.instrumentation.EvoClassLoader -- Seeing class for first time: org.apache.logging.log4j.core.pattern.FileDatePatternConverter
13:34:20.974 [main] INFO org.evosuite.runtime.instrumentation.EvoClassLoader -- Instrumenting class 'org.apache.logging.log4j.core.pattern.FileDatePatternConverter'.
13:34:20.975 [main] INFO org.evosuite.runtime.instrumentation.MethodCallReplacementClassAdapter -- Adding mock interface to class org/apache/logging/log4j/core/pattern/FileDatePatternConverter
13:34:20.975 [main] INFO org.evosuite.runtime.instrumentation.CreateClassResetClassAdapter -- Creating brand-new static initializer in class org/apache/logging/log4j/core/pattern/FileDatePatternConverter
13:34:20.975 [main] INFO org.evosuite.runtime.instrumentation.EvoClassLoader -- Keeping class: org.apache.logging.log4j.core.pattern.FileDatePatternConverter
13:34:20.975 [main] INFO org.evosuite.runtime.instrumentation.EvoClassLoader -- Seeing class for first time: org.apache.logging.log4j.core.pattern.IntegerPatternConverter
13:34:20.975 [main] INFO org.evosuite.runtime.instrumentation.EvoClassLoader -- Instrumenting class 'org.apache.logging.log4j.core.pattern.IntegerPatternConverter'.
13:34:20.976 [main] INFO org.evosuite.runtime.instrumentation.MethodCallReplacementClassAdapter -- Adding mock interface to class org/apache/logging/log4j/core/pattern/IntegerPatternConverter
13:34:20.976 [main] INFO org.evosuite.runtime.instrumentation.CreateClassResetClassAdapter -- Found static initializer in class org/apache/logging/log4j/core/pattern/IntegerPatternConverter
13:34:20.977 [main] INFO org.evosuite.runtime.instrumentation.EvoClassLoader -- Keeping class: org.apache.logging.log4j.core.pattern.IntegerPatternConverter
13:34:20.977 [main] INFO org.evosuite.runtime.instrumentation.EvoClassLoader -- Seeing class for first time: org.apache.logging.log4j.core.test.ExtendedLevels
13:34:20.977 [main] INFO org.evosuite.runtime.instrumentation.EvoClassLoader -- Instrumenting class 'org.apache.logging.log4j.core.test.ExtendedLevels'.
13:34:20.977 [main] INFO org.evosuite.runtime.instrumentation.MethodCallReplacementClassAdapter -- Adding mock interface to class org/apache/logging/log4j/core/test/ExtendedLevels
13:34:20.978 [main] INFO org.evosuite.runtime.instrumentation.CreateClassResetClassAdapter -- Found static initializer in class org/apache/logging/log4j/core/test/ExtendedLevels
13:34:20.978 [main] INFO org.evosuite.runtime.instrumentation.EvoClassLoader -- Defined package (3): package org.apache.logging.log4j.core.test, 1098389672
13:34:20.978 [main] INFO org.evosuite.runtime.instrumentation.EvoClassLoader -- Keeping class: org.apache.logging.log4j.core.test.ExtendedLevels
13:34:20.979 [main] INFO org.evosuite.runtime.instrumentation.EvoClassLoader -- Seeing class for first time: org.apache.logging.log4j.core.lookup.JndiLookup
13:34:20.979 [main] INFO org.evosuite.runtime.instrumentation.EvoClassLoader -- Instrumenting class 'org.apache.logging.log4j.core.lookup.JndiLookup'.
13:34:20.979 [main] INFO org.evosuite.runtime.instrumentation.MethodCallReplacementClassAdapter -- Adding mock interface to class org/apache/logging/log4j/core/lookup/JndiLookup
13:34:20.981 [main] INFO org.evosuite.runtime.instrumentation.CreateClassResetClassAdapter -- Found static initializer in class org/apache/logging/log4j/core/lookup/JndiLookup
13:34:20.982 [main] INFO org.evosuite.runtime.instrumentation.EvoClassLoader -- Keeping class: org.apache.logging.log4j.core.lookup.JndiLookup
13:34:20.982 [main] INFO org.evosuite.runtime.instrumentation.EvoClassLoader -- Seeing class for first time: org.apache.logging.log4j.core.config.plugins.convert.TypeConverters$BigDecimalConverter
13:34:20.982 [main] INFO org.evosuite.runtime.instrumentation.EvoClassLoader -- Instrumenting class 'org.apache.logging.log4j.core.config.plugins.convert.TypeConverters$BigDecimalConverter'.
13:34:20.983 [main] INFO org.evosuite.runtime.instrumentation.MethodCallReplacementClassAdapter -- Adding mock interface to class org/apache/logging/log4j/core/config/plugins/convert/TypeConverters$BigDecimalConverter
13:34:20.983 [main] INFO org.evosuite.runtime.instrumentation.CreateClassResetClassAdapter -- Creating brand-new static initializer in class org/apache/logging/log4j/core/config/plugins/convert/TypeConverters$BigDecimalConverter
13:34:20.984 [main] INFO org.evosuite.runtime.instrumentation.EvoClassLoader -- Defined package (3): package org.apache.logging.log4j.core.config.plugins.convert, 1705434447
13:34:20.984 [main] INFO org.evosuite.runtime.instrumentation.EvoClassLoader -- Seeing class for first time: org.apache.logging.log4j.core.config.plugins.convert.TypeConverter
13:34:20.984 [main] INFO org.evosuite.runtime.instrumentation.EvoClassLoader -- Instrumenting class 'org.apache.logging.log4j.core.config.plugins.convert.TypeConverter'.
13:34:20.985 [main] INFO org.evosuite.runtime.instrumentation.EvoClassLoader -- Keeping class: org.apache.logging.log4j.core.config.plugins.convert.TypeConverter
13:34:20.985 [main] INFO org.evosuite.runtime.instrumentation.EvoClassLoader -- Keeping class: org.apache.logging.log4j.core.config.plugins.convert.TypeConverters$BigDecimalConverter
13:34:20.985 [main] INFO org.evosuite.runtime.instrumentation.EvoClassLoader -- Seeing class for first time: org.apache.logging.log4j.core.config.plugins.convert.TypeConverters$BigIntegerConverter
13:34:20.985 [main] INFO org.evosuite.runtime.instrumentation.EvoClassLoader -- Instrumenting class 'org.apache.logging.log4j.core.config.plugins.convert.TypeConverters$BigIntegerConverter'.
13:34:20.985 [main] INFO org.evosuite.runtime.instrumentation.MethodCallReplacementClassAdapter -- Adding mock interface to class org/apache/logging/log4j/core/config/plugins/convert/TypeConverters$BigIntegerConverter
13:34:20.986 [main] INFO org.evosuite.runtime.instrumentation.CreateClassResetClassAdapter -- Creating brand-new static initializer in class org/apache/logging/log4j/core/config/plugins/convert/TypeConverters$BigIntegerConverter
13:34:20.986 [main] INFO org.evosuite.runtime.instrumentation.EvoClassLoader -- Keeping class: org.apache.logging.log4j.core.config.plugins.convert.TypeConverters$BigIntegerConverter
13:34:20.986 [main] INFO org.evosuite.runtime.instrumentation.EvoClassLoader -- Seeing class for first time: org.apache.logging.log4j.core.config.plugins.convert.TypeConverters$BooleanConverter
13:34:20.986 [main] INFO org.evosuite.runtime.instrumentation.EvoClassLoader -- Instrumenting class 'org.apache.logging.log4j.core.config.plugins.convert.TypeConverters$BooleanConverter'.
13:34:20.987 [main] INFO org.evosuite.runtime.instrumentation.MethodCallReplacementClassAdapter -- Adding mock interface to class org/apache/logging/log4j/core/config/plugins/convert/TypeConverters$BooleanConverter
13:34:20.987 [main] INFO org.evosuite.runtime.instrumentation.CreateClassResetClassAdapter -- Creating brand-new static initializer in class org/apache/logging/log4j/core/config/plugins/convert/TypeConverters$BooleanConverter
13:34:20.987 [main] INFO org.evosuite.runtime.instrumentation.EvoClassLoader -- Keeping class: org.apache.logging.log4j.core.config.plugins.convert.TypeConverters$BooleanConverter
13:34:20.987 [main] INFO org.evosuite.runtime.instrumentation.EvoClassLoader -- Seeing class for first time: org.apache.logging.log4j.core.config.plugins.convert.TypeConverters$ByteConverter
13:34:20.987 [main] INFO org.evosuite.runtime.instrumentation.EvoClassLoader -- Instrumenting class 'org.apache.logging.log4j.core.config.plugins.convert.TypeConverters$ByteConverter'.
13:34:20.990 [main] INFO org.evosuite.runtime.instrumentation.MethodCallReplacementClassAdapter -- Adding mock interface to class org/apache/logging/log4j/core/config/plugins/convert/TypeConverters$ByteConverter
13:34:20.991 [main] INFO org.evosuite.runtime.instrumentation.CreateClassResetClassAdapter -- Creating brand-new static initializer in class org/apache/logging/log4j/core/config/plugins/convert/TypeConverters$ByteConverter
13:34:20.991 [main] INFO org.evosuite.runtime.instrumentation.EvoClassLoader -- Keeping class: org.apache.logging.log4j.core.config.plugins.convert.TypeConverters$ByteConverter
13:34:20.991 [main] INFO org.evosuite.runtime.instrumentation.EvoClassLoader -- Seeing class for first time: org.apache.logging.log4j.core.config.plugins.convert.TypeConverters$ByteArrayConverter
13:34:20.991 [main] INFO org.evosuite.runtime.instrumentation.EvoClassLoader -- Instrumenting class 'org.apache.logging.log4j.core.config.plugins.convert.TypeConverters$ByteArrayConverter'.
13:34:20.992 [main] INFO org.evosuite.runtime.instrumentation.MethodCallReplacementClassAdapter -- Adding mock interface to class org/apache/logging/log4j/core/config/plugins/convert/TypeConverters$ByteArrayConverter
13:34:20.993 [main] INFO org.evosuite.runtime.instrumentation.CreateClassResetClassAdapter -- Creating brand-new static initializer in class org/apache/logging/log4j/core/config/plugins/convert/TypeConverters$ByteArrayConverter
13:34:20.993 [main] INFO org.evosuite.runtime.instrumentation.CreateClassResetClassAdapter -- Adding bytecode for initializing field PREFIX_0x
13:34:20.993 [main] INFO org.evosuite.runtime.instrumentation.CreateClassResetClassAdapter -- Adding bytecode for initializing field PREFIX_BASE64
13:34:20.993 [main] INFO org.evosuite.runtime.instrumentation.EvoClassLoader -- Keeping class: org.apache.logging.log4j.core.config.plugins.convert.TypeConverters$ByteArrayConverter
13:34:20.993 [main] INFO org.evosuite.runtime.instrumentation.EvoClassLoader -- Seeing class for first time: org.apache.logging.log4j.core.config.plugins.convert.TypeConverters$CharacterConverter
13:34:20.993 [main] INFO org.evosuite.runtime.instrumentation.EvoClassLoader -- Instrumenting class 'org.apache.logging.log4j.core.config.plugins.convert.TypeConverters$CharacterConverter'.
13:34:20.994 [main] INFO org.evosuite.runtime.instrumentation.MethodCallReplacementClassAdapter -- Adding mock interface to class org/apache/logging/log4j/core/config/plugins/convert/TypeConverters$CharacterConverter
13:34:20.996 [main] INFO org.evosuite.runtime.instrumentation.CreateClassResetClassAdapter -- Creating brand-new static initializer in class org/apache/logging/log4j/core/config/plugins/convert/TypeConverters$CharacterConverter
13:34:20.997 [main] INFO org.evosuite.runtime.instrumentation.EvoClassLoader -- Keeping class: org.apache.logging.log4j.core.config.plugins.convert.TypeConverters$CharacterConverter
13:34:20.997 [main] INFO org.evosuite.runtime.instrumentation.EvoClassLoader -- Seeing class for first time: org.apache.logging.log4j.core.config.plugins.convert.TypeConverters$CharArrayConverter
13:34:20.997 [main] INFO org.evosuite.runtime.instrumentation.EvoClassLoader -- Instrumenting class 'org.apache.logging.log4j.core.config.plugins.convert.TypeConverters$CharArrayConverter'.
13:34:20.997 [main] INFO org.evosuite.runtime.instrumentation.MethodCallReplacementClassAdapter -- Adding mock interface to class org/apache/logging/log4j/core/config/plugins/convert/TypeConverters$CharArrayConverter
13:34:20.998 [main] INFO org.evosuite.runtime.instrumentation.CreateClassResetClassAdapter -- Creating brand-new static initializer in class org/apache/logging/log4j/core/config/plugins/convert/TypeConverters$CharArrayConverter
13:34:20.998 [main] INFO org.evosuite.runtime.instrumentation.EvoClassLoader -- Keeping class: org.apache.logging.log4j.core.config.plugins.convert.TypeConverters$CharArrayConverter
13:34:20.998 [main] INFO org.evosuite.runtime.instrumentation.EvoClassLoader -- Seeing class for first time: org.apache.logging.log4j.core.config.plugins.convert.TypeConverters$CharsetConverter
13:34:20.998 [main] INFO org.evosuite.runtime.instrumentation.EvoClassLoader -- Instrumenting class 'org.apache.logging.log4j.core.config.plugins.convert.TypeConverters$CharsetConverter'.
13:34:20.999 [main] INFO org.evosuite.runtime.instrumentation.MethodCallReplacementClassAdapter -- Adding mock interface to class org/apache/logging/log4j/core/config/plugins/convert/TypeConverters$CharsetConverter
13:34:20.999 [main] INFO org.evosuite.runtime.instrumentation.CreateClassResetClassAdapter -- Creating brand-new static initializer in class org/apache/logging/log4j/core/config/plugins/convert/TypeConverters$CharsetConverter
13:34:20.999 [main] INFO org.evosuite.runtime.instrumentation.EvoClassLoader -- Keeping class: org.apache.logging.log4j.core.config.plugins.convert.TypeConverters$CharsetConverter
13:34:20.999 [main] INFO org.evosuite.runtime.instrumentation.EvoClassLoader -- Seeing class for first time: org.apache.logging.log4j.core.config.plugins.convert.TypeConverters$ClassConverter
13:34:20.999 [main] INFO org.evosuite.runtime.instrumentation.EvoClassLoader -- Instrumenting class 'org.apache.logging.log4j.core.config.plugins.convert.TypeConverters$ClassConverter'.
13:34:21.000 [main] INFO org.evosuite.runtime.instrumentation.MethodCallReplacementClassAdapter -- Adding mock interface to class org/apache/logging/log4j/core/config/plugins/convert/TypeConverters$ClassConverter
13:34:21.000 [main] INFO org.evosuite.runtime.instrumentation.CreateClassResetClassAdapter -- Creating brand-new static initializer in class org/apache/logging/log4j/core/config/plugins/convert/TypeConverters$ClassConverter
13:34:21.001 [main] INFO org.evosuite.runtime.instrumentation.EvoClassLoader -- Keeping class: org.apache.logging.log4j.core.config.plugins.convert.TypeConverters$ClassConverter
13:34:21.001 [main] INFO org.evosuite.runtime.instrumentation.EvoClassLoader -- Seeing class for first time: org.apache.logging.log4j.core.config.plugins.convert.TypeConverters$CronExpressionConverter
13:34:21.001 [main] INFO org.evosuite.runtime.instrumentation.EvoClassLoader -- Instrumenting class 'org.apache.logging.log4j.core.config.plugins.convert.TypeConverters$CronExpressionConverter'.
13:34:21.001 [main] INFO org.evosuite.runtime.instrumentation.MethodCallReplacementClassAdapter -- Adding mock interface to class org/apache/logging/log4j/core/config/plugins/convert/TypeConverters$CronExpressionConverter
13:34:21.002 [main] INFO org.evosuite.runtime.instrumentation.CreateClassResetClassAdapter -- Creating brand-new static initializer in class org/apache/logging/log4j/core/config/plugins/convert/TypeConverters$CronExpressionConverter
13:34:21.002 [main] INFO org.evosuite.runtime.instrumentation.EvoClassLoader -- Keeping class: org.apache.logging.log4j.core.config.plugins.convert.TypeConverters$CronExpressionConverter
13:34:21.002 [main] INFO org.evosuite.runtime.instrumentation.EvoClassLoader -- Seeing class for first time: org.apache.logging.log4j.core.config.plugins.convert.TypeConverters$DoubleConverter
13:34:21.002 [main] INFO org.evosuite.runtime.instrumentation.EvoClassLoader -- Instrumenting class 'org.apache.logging.log4j.core.config.plugins.convert.TypeConverters$DoubleConverter'.
13:34:21.002 [main] INFO org.evosuite.runtime.instrumentation.MethodCallReplacementClassAdapter -- Adding mock interface to class org/apache/logging/log4j/core/config/plugins/convert/TypeConverters$DoubleConverter
13:34:21.002 [main] INFO org.evosuite.runtime.instrumentation.CreateClassResetClassAdapter -- Creating brand-new static initializer in class org/apache/logging/log4j/core/config/plugins/convert/TypeConverters$DoubleConverter
13:34:21.003 [main] INFO org.evosuite.runtime.instrumentation.EvoClassLoader -- Keeping class: org.apache.logging.log4j.core.config.plugins.convert.TypeConverters$DoubleConverter
13:34:21.003 [main] INFO org.evosuite.runtime.instrumentation.EvoClassLoader -- Seeing class for first time: org.apache.logging.log4j.core.config.plugins.convert.TypeConverters$DurationConverter
13:34:21.003 [main] INFO org.evosuite.runtime.instrumentation.EvoClassLoader -- Instrumenting class 'org.apache.logging.log4j.core.config.plugins.convert.TypeConverters$DurationConverter'.
13:34:21.003 [main] INFO org.evosuite.runtime.instrumentation.MethodCallReplacementClassAdapter -- Adding mock interface to class org/apache/logging/log4j/core/config/plugins/convert/TypeConverters$DurationConverter
13:34:21.003 [main] INFO org.evosuite.runtime.instrumentation.CreateClassResetClassAdapter -- Creating brand-new static initializer in class org/apache/logging/log4j/core/config/plugins/convert/TypeConverters$DurationConverter
13:34:21.003 [main] INFO org.evosuite.runtime.instrumentation.EvoClassLoader -- Keeping class: org.apache.logging.log4j.core.config.plugins.convert.TypeConverters$DurationConverter
13:34:21.003 [main] INFO org.evosuite.runtime.instrumentation.EvoClassLoader -- Seeing class for first time: org.apache.logging.log4j.core.config.plugins.convert.TypeConverters$FileConverter
13:34:21.003 [main] INFO org.evosuite.runtime.instrumentation.EvoClassLoader -- Instrumenting class 'org.apache.logging.log4j.core.config.plugins.convert.TypeConverters$FileConverter'.
13:34:21.004 [main] INFO org.evosuite.runtime.instrumentation.MethodCallReplacementClassAdapter -- Adding mock interface to class org/apache/logging/log4j/core/config/plugins/convert/TypeConverters$FileConverter
13:34:21.004 [main] INFO org.evosuite.runtime.instrumentation.CreateClassResetClassAdapter -- Creating brand-new static initializer in class org/apache/logging/log4j/core/config/plugins/convert/TypeConverters$FileConverter
13:34:21.005 [main] INFO org.evosuite.runtime.instrumentation.EvoClassLoader -- Keeping class: org.apache.logging.log4j.core.config.plugins.convert.TypeConverters$FileConverter
13:34:21.005 [main] INFO org.evosuite.runtime.instrumentation.EvoClassLoader -- Seeing class for first time: org.apache.logging.log4j.core.config.plugins.convert.TypeConverters$FloatConverter
13:34:21.005 [main] INFO org.evosuite.runtime.instrumentation.EvoClassLoader -- Instrumenting class 'org.apache.logging.log4j.core.config.plugins.convert.TypeConverters$FloatConverter'.
13:34:21.005 [main] INFO org.evosuite.runtime.instrumentation.MethodCallReplacementClassAdapter -- Adding mock interface to class org/apache/logging/log4j/core/config/plugins/convert/TypeConverters$FloatConverter
13:34:21.005 [main] INFO org.evosuite.runtime.instrumentation.CreateClassResetClassAdapter -- Creating brand-new static initializer in class org/apache/logging/log4j/core/config/plugins/convert/TypeConverters$FloatConverter
13:34:21.006 [main] INFO org.evosuite.runtime.instrumentation.EvoClassLoader -- Keeping class: org.apache.logging.log4j.core.config.plugins.convert.TypeConverters$FloatConverter
13:34:21.006 [main] INFO org.evosuite.runtime.instrumentation.EvoClassLoader -- Seeing class for first time: org.apache.logging.log4j.core.config.plugins.convert.TypeConverters$InetAddressConverter
13:34:21.006 [main] INFO org.evosuite.runtime.instrumentation.EvoClassLoader -- Instrumenting class 'org.apache.logging.log4j.core.config.plugins.convert.TypeConverters$InetAddressConverter'.
13:34:21.006 [main] INFO org.evosuite.runtime.instrumentation.MethodCallReplacementClassAdapter -- Adding mock interface to class org/apache/logging/log4j/core/config/plugins/convert/TypeConverters$InetAddressConverter
13:34:21.006 [main] INFO org.evosuite.runtime.instrumentation.CreateClassResetClassAdapter -- Creating brand-new static initializer in class org/apache/logging/log4j/core/config/plugins/convert/TypeConverters$InetAddressConverter
13:34:21.007 [main] INFO org.evosuite.runtime.instrumentation.EvoClassLoader -- Keeping class: org.apache.logging.log4j.core.config.plugins.convert.TypeConverters$InetAddressConverter
13:34:21.007 [main] INFO org.evosuite.runtime.instrumentation.EvoClassLoader -- Seeing class for first time: org.apache.logging.log4j.core.config.plugins.convert.TypeConverters$IntegerConverter
13:34:21.007 [main] INFO org.evosuite.runtime.instrumentation.EvoClassLoader -- Instrumenting class 'org.apache.logging.log4j.core.config.plugins.convert.TypeConverters$IntegerConverter'.
13:34:21.007 [main] INFO org.evosuite.runtime.instrumentation.MethodCallReplacementClassAdapter -- Adding mock interface to class org/apache/logging/log4j/core/config/plugins/convert/TypeConverters$IntegerConverter
13:34:21.007 [main] INFO org.evosuite.runtime.instrumentation.CreateClassResetClassAdapter -- Creating brand-new static initializer in class org/apache/logging/log4j/core/config/plugins/convert/TypeConverters$IntegerConverter
13:34:21.007 [main] INFO org.evosuite.runtime.instrumentation.EvoClassLoader -- Keeping class: org.apache.logging.log4j.core.config.plugins.convert.TypeConverters$IntegerConverter
13:34:21.007 [main] INFO org.evosuite.runtime.instrumentation.EvoClassLoader -- Seeing class for first time: org.apache.logging.log4j.core.config.plugins.convert.TypeConverters$LevelConverter
13:34:21.007 [main] INFO org.evosuite.runtime.instrumentation.EvoClassLoader -- Instrumenting class 'org.apache.logging.log4j.core.config.plugins.convert.TypeConverters$LevelConverter'.
13:34:21.008 [main] INFO org.evosuite.runtime.instrumentation.MethodCallReplacementClassAdapter -- Adding mock interface to class org/apache/logging/log4j/core/config/plugins/convert/TypeConverters$LevelConverter
13:34:21.008 [main] INFO org.evosuite.runtime.instrumentation.CreateClassResetClassAdapter -- Creating brand-new static initializer in class org/apache/logging/log4j/core/config/plugins/convert/TypeConverters$LevelConverter
13:34:21.008 [main] INFO org.evosuite.runtime.instrumentation.EvoClassLoader -- Keeping class: org.apache.logging.log4j.core.config.plugins.convert.TypeConverters$LevelConverter
13:34:21.008 [main] INFO org.evosuite.runtime.instrumentation.EvoClassLoader -- Seeing class for first time: org.apache.logging.log4j.core.config.plugins.convert.TypeConverters$LongConverter
13:34:21.008 [main] INFO org.evosuite.runtime.instrumentation.EvoClassLoader -- Instrumenting class 'org.apache.logging.log4j.core.config.plugins.convert.TypeConverters$LongConverter'.
13:34:21.009 [main] INFO org.evosuite.runtime.instrumentation.MethodCallReplacementClassAdapter -- Adding mock interface to class org/apache/logging/log4j/core/config/plugins/convert/TypeConverters$LongConverter
13:34:21.009 [main] INFO org.evosuite.runtime.instrumentation.CreateClassResetClassAdapter -- Creating brand-new static initializer in class org/apache/logging/log4j/core/config/plugins/convert/TypeConverters$LongConverter
13:34:21.009 [main] INFO org.evosuite.runtime.instrumentation.EvoClassLoader -- Keeping class: org.apache.logging.log4j.core.config.plugins.convert.TypeConverters$LongConverter
13:34:21.009 [main] INFO org.evosuite.runtime.instrumentation.EvoClassLoader -- Seeing class for first time: org.apache.logging.log4j.core.config.plugins.convert.TypeConverters$PathConverter
13:34:21.009 [main] INFO org.evosuite.runtime.instrumentation.EvoClassLoader -- Instrumenting class 'org.apache.logging.log4j.core.config.plugins.convert.TypeConverters$PathConverter'.
13:34:21.009 [main] INFO org.evosuite.runtime.instrumentation.MethodCallReplacementClassAdapter -- Adding mock interface to class org/apache/logging/log4j/core/config/plugins/convert/TypeConverters$PathConverter
13:34:21.010 [main] INFO org.evosuite.runtime.instrumentation.CreateClassResetClassAdapter -- Creating brand-new static initializer in class org/apache/logging/log4j/core/config/plugins/convert/TypeConverters$PathConverter
13:34:21.010 [main] INFO org.evosuite.runtime.instrumentation.EvoClassLoader -- Keeping class: org.apache.logging.log4j.core.config.plugins.convert.TypeConverters$PathConverter
13:34:21.010 [main] INFO org.evosuite.runtime.instrumentation.EvoClassLoader -- Seeing class for first time: org.apache.logging.log4j.core.config.plugins.convert.TypeConverters$PatternConverter
13:34:21.010 [main] INFO org.evosuite.runtime.instrumentation.EvoClassLoader -- Instrumenting class 'org.apache.logging.log4j.core.config.plugins.convert.TypeConverters$PatternConverter'.
13:34:21.010 [main] INFO org.evosuite.runtime.instrumentation.MethodCallReplacementClassAdapter -- Adding mock interface to class org/apache/logging/log4j/core/config/plugins/convert/TypeConverters$PatternConverter
13:34:21.011 [main] INFO org.evosuite.runtime.instrumentation.CreateClassResetClassAdapter -- Creating brand-new static initializer in class org/apache/logging/log4j/core/config/plugins/convert/TypeConverters$PatternConverter
13:34:21.011 [main] INFO org.evosuite.runtime.instrumentation.EvoClassLoader -- Keeping class: org.apache.logging.log4j.core.config.plugins.convert.TypeConverters$PatternConverter
13:34:21.011 [main] INFO org.evosuite.runtime.instrumentation.EvoClassLoader -- Seeing class for first time: org.apache.logging.log4j.core.config.plugins.convert.TypeConverters$SecurityProviderConverter
13:34:21.011 [main] INFO org.evosuite.runtime.instrumentation.EvoClassLoader -- Instrumenting class 'org.apache.logging.log4j.core.config.plugins.convert.TypeConverters$SecurityProviderConverter'.
13:34:21.011 [main] INFO org.evosuite.runtime.instrumentation.MethodCallReplacementClassAdapter -- Adding mock interface to class org/apache/logging/log4j/core/config/plugins/convert/TypeConverters$SecurityProviderConverter
13:34:21.011 [main] INFO org.evosuite.runtime.instrumentation.CreateClassResetClassAdapter -- Creating brand-new static initializer in class org/apache/logging/log4j/core/config/plugins/convert/TypeConverters$SecurityProviderConverter
13:34:21.012 [main] INFO org.evosuite.runtime.instrumentation.EvoClassLoader -- Keeping class: org.apache.logging.log4j.core.config.plugins.convert.TypeConverters$SecurityProviderConverter
13:34:21.012 [main] INFO org.evosuite.runtime.instrumentation.EvoClassLoader -- Seeing class for first time: org.apache.logging.log4j.core.config.plugins.convert.TypeConverters$ShortConverter
13:34:21.012 [main] INFO org.evosuite.runtime.instrumentation.EvoClassLoader -- Instrumenting class 'org.apache.logging.log4j.core.config.plugins.convert.TypeConverters$ShortConverter'.
13:34:21.012 [main] INFO org.evosuite.runtime.instrumentation.MethodCallReplacementClassAdapter -- Adding mock interface to class org/apache/logging/log4j/core/config/plugins/convert/TypeConverters$ShortConverter
13:34:21.012 [main] INFO org.evosuite.runtime.instrumentation.CreateClassResetClassAdapter -- Creating brand-new static initializer in class org/apache/logging/log4j/core/config/plugins/convert/TypeConverters$ShortConverter
13:34:21.013 [main] INFO org.evosuite.runtime.instrumentation.EvoClassLoader -- Keeping class: org.apache.logging.log4j.core.config.plugins.convert.TypeConverters$ShortConverter
13:34:21.013 [main] INFO org.evosuite.runtime.instrumentation.EvoClassLoader -- Seeing class for first time: org.apache.logging.log4j.core.config.plugins.convert.TypeConverters$StringConverter
13:34:21.013 [main] INFO org.evosuite.runtime.instrumentation.EvoClassLoader -- Instrumenting class 'org.apache.logging.log4j.core.config.plugins.convert.TypeConverters$StringConverter'.
13:34:21.013 [main] INFO org.evosuite.runtime.instrumentation.MethodCallReplacementClassAdapter -- Adding mock interface to class org/apache/logging/log4j/core/config/plugins/convert/TypeConverters$StringConverter
13:34:21.014 [main] INFO org.evosuite.runtime.instrumentation.CreateClassResetClassAdapter -- Creating brand-new static initializer in class org/apache/logging/log4j/core/config/plugins/convert/TypeConverters$StringConverter
13:34:21.014 [main] INFO org.evosuite.runtime.instrumentation.EvoClassLoader -- Keeping class: org.apache.logging.log4j.core.config.plugins.convert.TypeConverters$StringConverter
13:34:21.014 [main] INFO org.evosuite.runtime.instrumentation.EvoClassLoader -- Seeing class for first time: org.apache.logging.log4j.core.config.plugins.convert.TypeConverters$UriConverter
13:34:21.014 [main] INFO org.evosuite.runtime.instrumentation.EvoClassLoader -- Instrumenting class 'org.apache.logging.log4j.core.config.plugins.convert.TypeConverters$UriConverter'.
13:34:21.014 [main] INFO org.evosuite.runtime.instrumentation.MethodCallReplacementClassAdapter -- Adding mock interface to class org/apache/logging/log4j/core/config/plugins/convert/TypeConverters$UriConverter
13:34:21.015 [main] INFO org.evosuite.runtime.instrumentation.CreateClassResetClassAdapter -- Creating brand-new static initializer in class org/apache/logging/log4j/core/config/plugins/convert/TypeConverters$UriConverter
13:34:21.015 [main] INFO org.evosuite.runtime.instrumentation.EvoClassLoader -- Keeping class: org.apache.logging.log4j.core.config.plugins.convert.TypeConverters$UriConverter
13:34:21.015 [main] INFO org.evosuite.runtime.instrumentation.EvoClassLoader -- Seeing class for first time: org.apache.logging.log4j.core.config.plugins.convert.TypeConverters$UrlConverter
13:34:21.015 [main] INFO org.evosuite.runtime.instrumentation.EvoClassLoader -- Instrumenting class 'org.apache.logging.log4j.core.config.plugins.convert.TypeConverters$UrlConverter'.
13:34:21.016 [main] INFO org.evosuite.runtime.instrumentation.MethodCallReplacementClassAdapter -- Adding mock interface to class org/apache/logging/log4j/core/config/plugins/convert/TypeConverters$UrlConverter
13:34:21.016 [main] INFO org.evosuite.runtime.instrumentation.CreateClassResetClassAdapter -- Creating brand-new static initializer in class org/apache/logging/log4j/core/config/plugins/convert/TypeConverters$UrlConverter
13:34:21.016 [main] INFO org.evosuite.runtime.instrumentation.EvoClassLoader -- Keeping class: org.apache.logging.log4j.core.config.plugins.convert.TypeConverters$UrlConverter
13:34:21.016 [main] INFO org.evosuite.runtime.instrumentation.EvoClassLoader -- Seeing class for first time: org.apache.logging.log4j.core.config.plugins.convert.TypeConverters$UuidConverter
13:34:21.016 [main] INFO org.evosuite.runtime.instrumentation.EvoClassLoader -- Instrumenting class 'org.apache.logging.log4j.core.config.plugins.convert.TypeConverters$UuidConverter'.
13:34:21.017 [main] INFO org.evosuite.runtime.instrumentation.MethodCallReplacementClassAdapter -- Adding mock interface to class org/apache/logging/log4j/core/config/plugins/convert/TypeConverters$UuidConverter
13:34:21.017 [main] INFO org.evosuite.runtime.instrumentation.CreateClassResetClassAdapter -- Creating brand-new static initializer in class org/apache/logging/log4j/core/config/plugins/convert/TypeConverters$UuidConverter
13:34:21.017 [main] INFO org.evosuite.runtime.instrumentation.EvoClassLoader -- Keeping class: org.apache.logging.log4j.core.config.plugins.convert.TypeConverters$UuidConverter
13:34:21.017 [main] INFO org.evosuite.runtime.instrumentation.EvoClassLoader -- Seeing class for first time: org.apache.logging.log4j.core.config.HttpWatcher
13:34:21.017 [main] INFO org.evosuite.runtime.instrumentation.EvoClassLoader -- Instrumenting class 'org.apache.logging.log4j.core.config.HttpWatcher'.
13:34:21.018 [main] INFO org.evosuite.runtime.instrumentation.MethodCallReplacementClassAdapter -- Adding mock interface to class org/apache/logging/log4j/core/config/HttpWatcher
13:34:21.019 [main] INFO org.evosuite.runtime.instrumentation.CreateClassResetClassAdapter -- Creating brand-new static initializer in class org/apache/logging/log4j/core/config/HttpWatcher
13:34:21.019 [main] INFO org.evosuite.runtime.instrumentation.CreateClassResetClassAdapter -- Adding bytecode for initializing field HTTP
13:34:21.019 [main] INFO org.evosuite.runtime.instrumentation.CreateClassResetClassAdapter -- Adding bytecode for initializing field HTTPS
13:34:21.019 [main] INFO org.evosuite.runtime.instrumentation.EvoClassLoader -- Seeing class for first time: org.apache.logging.log4j.core.util.AbstractWatcher
13:34:21.019 [main] INFO org.evosuite.runtime.instrumentation.EvoClassLoader -- Instrumenting class 'org.apache.logging.log4j.core.util.AbstractWatcher'.
13:34:21.020 [main] INFO org.evosuite.runtime.instrumentation.MethodCallReplacementClassAdapter -- Adding mock interface to class org/apache/logging/log4j/core/util/AbstractWatcher
13:34:21.020 [main] INFO org.evosuite.runtime.instrumentation.CreateClassResetClassAdapter -- Creating brand-new static initializer in class org/apache/logging/log4j/core/util/AbstractWatcher
13:34:21.021 [main] INFO org.evosuite.runtime.instrumentation.EvoClassLoader -- Keeping class: org.apache.logging.log4j.core.util.AbstractWatcher
13:34:21.021 [main] INFO org.evosuite.runtime.instrumentation.EvoClassLoader -- Keeping class: org.apache.logging.log4j.core.config.HttpWatcher
]]></system-out>
  </testcase>
  <testcase name="test01" classname="org.apache.commons.logging.impl.Slf4jLogFactory_ESTest" time="0.012">
    <error message="Trying to set up the sandbox while executing a test case" type="java.lang.IllegalStateException"><![CDATA[java.lang.IllegalStateException: Trying to set up the sandbox while executing a test case
	at org.evosuite.runtime.sandbox.MSecurityManager.goingToExecuteTestCase(MSecurityManager.java:339)
	at org.evosuite.runtime.sandbox.Sandbox.goingToExecuteSUTCode(Sandbox.java:127)
	at org.apache.commons.logging.impl.Slf4jLogFactory_ESTest_scaffolding.initTestCase(Slf4jLogFactory_ESTest_scaffolding.java:54)
	at sun.reflect.NativeMethodAccessorImpl.invoke0(Native Method)
	at sun.reflect.NativeMethodAccessorImpl.invoke(NativeMethodAccessorImpl.java:62)
	at sun.reflect.DelegatingMethodAccessorImpl.invoke(DelegatingMethodAccessorImpl.java:43)
	at java.lang.reflect.Method.invoke(Method.java:498)
	at org.junit.runners.model.FrameworkMethod$1.runReflectiveCall(FrameworkMethod.java:59)
	at org.junit.internal.runners.model.ReflectiveCallable.run(ReflectiveCallable.java:12)
	at org.junit.runners.model.FrameworkMethod.invokeExplosively(FrameworkMethod.java:56)
	at org.junit.internal.runners.statements.RunBefores.invokeMethod(RunBefores.java:33)
	at org.junit.internal.runners.statements.RunBefores.evaluate(RunBefores.java:24)
	at org.junit.internal.runners.statements.RunAfters.evaluate(RunAfters.java:27)
	at org.evosuite.runtime.vnet.NonFunctionalRequirementRule$1.evaluate(NonFunctionalRequirementRule.java:41)
	at org.junit.runners.ParentRunner$3.evaluate(ParentRunner.java:306)
	at org.junit.runners.BlockJUnit4ClassRunner$1.evaluate(BlockJUnit4ClassRunner.java:100)
	at org.junit.runners.ParentRunner.runLeaf(ParentRunner.java:366)
	at org.junit.runners.BlockJUnit4ClassRunner.runChild(BlockJUnit4ClassRunner.java:103)
	at org.junit.runners.BlockJUnit4ClassRunner.runChild(BlockJUnit4ClassRunner.java:63)
	at org.junit.runners.ParentRunner$4.run(ParentRunner.java:331)
	at org.junit.runners.ParentRunner$1.schedule(ParentRunner.java:79)
	at org.junit.runners.ParentRunner.runChildren(ParentRunner.java:329)
	at org.junit.runners.ParentRunner.access$100(ParentRunner.java:66)
	at org.junit.runners.ParentRunner$2.evaluate(ParentRunner.java:293)
	at org.junit.internal.runners.statements.RunBefores.evaluate(RunBefores.java:26)
	at org.junit.internal.runners.statements.RunAfters.evaluate(RunAfters.java:27)
	at org.junit.runners.ParentRunner$3.evaluate(ParentRunner.java:306)
	at org.junit.runners.ParentRunner.run(ParentRunner.java:413)
	at org.apache.maven.surefire.junit4.JUnit4Provider.execute(JUnit4Provider.java:316)
	at org.apache.maven.surefire.junit4.JUnit4Provider.executeWithRerun(JUnit4Provider.java:240)
	at org.apache.maven.surefire.junit4.JUnit4Provider.executeTestSet(JUnit4Provider.java:214)
	at org.apache.maven.surefire.junit4.JUnit4Provider.invoke(JUnit4Provider.java:155)
	at org.apache.maven.surefire.booter.ForkedBooter.runSuitesInProcess(ForkedBooter.java:385)
	at org.apache.maven.surefire.booter.ForkedBooter.execute(ForkedBooter.java:162)
	at org.apache.maven.surefire.booter.ForkedBooter.run(ForkedBooter.java:507)
	at org.apache.maven.surefire.booter.ForkedBooter.main(ForkedBooter.java:495)
]]></error>
    <system-out><![CDATA[13:34:21.039 [main] INFO org.evosuite.runtime.instrumentation.EvoClassLoader -- Seeing class for first time: org.osgi.framework.FrameworkUtil
13:34:21.040 [main] INFO org.evosuite.runtime.instrumentation.EvoClassLoader -- Instrumenting class 'org.osgi.framework.FrameworkUtil'.
13:34:21.040 [main] INFO org.evosuite.runtime.instrumentation.EvoClassLoader -- Error while loading class: java.lang.ClassNotFoundException: Class 'org/osgi/framework/FrameworkUtil.class' should be in target project, but could not be found!
13:34:21.067 [main] ERROR org.evosuite.runtime.classhandling.ClassResetter -- java.lang.NoClassDefFoundError: Could not initialize class org.apache.logging.log4j.core.LoggerContext
13:34:21.067 [main] INFO org.evosuite.runtime.instrumentation.EvoClassLoader -- Seeing class for first time: org.apache.commons.logging.impl.SimpleLog
13:34:21.067 [main] INFO org.evosuite.runtime.instrumentation.EvoClassLoader -- Instrumenting class 'org.apache.commons.logging.impl.SimpleLog'.
13:34:21.068 [main] INFO org.evosuite.runtime.instrumentation.MethodCallReplacementClassAdapter -- Adding mock interface to class org/apache/commons/logging/impl/SimpleLog
13:34:21.078 [main] INFO org.evosuite.runtime.instrumentation.CreateClassResetClassAdapter -- Found static initializer in class org/apache/commons/logging/impl/SimpleLog
13:34:21.082 [main] INFO org.evosuite.runtime.instrumentation.EvoClassLoader -- Keeping class: org.apache.commons.logging.impl.SimpleLog
13:34:21.086 [main] INFO org.evosuite.runtime.instrumentation.EvoClassLoader -- Seeing class for first time: org.apache.commons.logging.impl.NoOpLog
13:34:21.086 [main] INFO org.evosuite.runtime.instrumentation.EvoClassLoader -- Instrumenting class 'org.apache.commons.logging.impl.NoOpLog'.
13:34:21.086 [main] INFO org.evosuite.runtime.instrumentation.MethodCallReplacementClassAdapter -- Adding mock interface to class org/apache/commons/logging/impl/NoOpLog
13:34:21.087 [main] INFO org.evosuite.runtime.instrumentation.CreateClassResetClassAdapter -- Creating brand-new static initializer in class org/apache/commons/logging/impl/NoOpLog
13:34:21.087 [main] INFO org.evosuite.runtime.instrumentation.EvoClassLoader -- Keeping class: org.apache.commons.logging.impl.NoOpLog
13:34:21.088 [main] INFO org.evosuite.runtime.instrumentation.EvoClassLoader -- Seeing class for first time: org.apache.commons.io.filefilter.IOFileFilter
13:34:21.088 [main] INFO org.evosuite.runtime.instrumentation.EvoClassLoader -- Instrumenting class 'org.apache.commons.io.filefilter.IOFileFilter'.
13:34:21.089 [main] INFO org.evosuite.runtime.instrumentation.EvoClassLoader -- Defined package (3): package org.apache.commons.io.filefilter, -417401760
13:34:21.089 [main] INFO org.evosuite.runtime.instrumentation.EvoClassLoader -- Seeing class for first time: org.apache.commons.io.file.PathFilter
13:34:21.089 [main] INFO org.evosuite.runtime.instrumentation.EvoClassLoader -- Instrumenting class 'org.apache.commons.io.file.PathFilter'.
13:34:21.090 [main] INFO org.evosuite.runtime.instrumentation.EvoClassLoader -- Defined package (3): package org.apache.commons.io.file, 629208808
13:34:21.090 [main] INFO org.evosuite.runtime.instrumentation.EvoClassLoader -- Keeping class: org.apache.commons.io.file.PathFilter
13:34:21.090 [main] INFO org.evosuite.runtime.instrumentation.EvoClassLoader -- Keeping class: org.apache.commons.io.filefilter.IOFileFilter
]]></system-out>
  </testcase>
  <testcase name="test00" classname="org.apache.commons.logging.impl.Slf4jLogFactory_ESTest" time="0.001">
    <system-out><![CDATA[13:34:21.094 [main] INFO org.evosuite.runtime.instrumentation.EvoClassLoader -- Seeing class for first time: org.osgi.framework.FrameworkUtil
13:34:21.095 [main] INFO org.evosuite.runtime.instrumentation.EvoClassLoader -- Instrumenting class 'org.osgi.framework.FrameworkUtil'.
13:34:21.095 [main] INFO org.evosuite.runtime.instrumentation.EvoClassLoader -- Error while loading class: java.lang.ClassNotFoundException: Class 'org/osgi/framework/FrameworkUtil.class' should be in target project, but could not be found!
]]></system-out>
  </testcase>
  <testcase name="test11" classname="org.apache.commons.logging.impl.Slf4jLogFactory_ESTest" time="0.003">
    <system-out><![CDATA[13:34:21.216 [main] INFO org.evosuite.runtime.instrumentation.EvoClassLoader -- Seeing class for first time: org.osgi.framework.FrameworkUtil
13:34:21.216 [main] INFO org.evosuite.runtime.instrumentation.EvoClassLoader -- Instrumenting class 'org.osgi.framework.FrameworkUtil'.
13:34:21.216 [main] INFO org.evosuite.runtime.instrumentation.EvoClassLoader -- Error while loading class: java.lang.ClassNotFoundException: Class 'org/osgi/framework/FrameworkUtil.class' should be in target project, but could not be found!
]]></system-out>
  </testcase>
  <testcase name="test03" classname="org.apache.commons.logging.impl.Slf4jLogFactory_ESTest" time="0.003">
    <system-out><![CDATA[13:34:21.243 [main] INFO org.evosuite.runtime.thread.ThreadStopper -- Found new thread
13:34:21.247 [main] INFO org.evosuite.runtime.instrumentation.EvoClassLoader -- Seeing class for first time: org.osgi.framework.FrameworkUtil
13:34:21.247 [main] INFO org.evosuite.runtime.instrumentation.EvoClassLoader -- Instrumenting class 'org.osgi.framework.FrameworkUtil'.
13:34:21.248 [main] INFO org.evosuite.runtime.instrumentation.EvoClassLoader -- Error while loading class: java.lang.ClassNotFoundException: Class 'org/osgi/framework/FrameworkUtil.class' should be in target project, but could not be found!
]]></system-out>
  </testcase>
  <testcase name="test02" classname="org.apache.commons.logging.impl.Slf4jLogFactory_ESTest" time="0.001">
    <system-out><![CDATA[13:34:21.277 [main] INFO org.evosuite.runtime.instrumentation.EvoClassLoader -- Seeing class for first time: org.osgi.framework.FrameworkUtil
13:34:21.277 [main] INFO org.evosuite.runtime.instrumentation.EvoClassLoader -- Instrumenting class 'org.osgi.framework.FrameworkUtil'.
13:34:21.277 [main] INFO org.evosuite.runtime.instrumentation.EvoClassLoader -- Error while loading class: java.lang.ClassNotFoundException: Class 'org/osgi/framework/FrameworkUtil.class' should be in target project, but could not be found!
]]></system-out>
  </testcase>
  <testcase name="test05" classname="org.apache.commons.logging.impl.Slf4jLogFactory_ESTest" time="0.006">
    <system-out><![CDATA[13:34:21.302 [main] INFO org.evosuite.runtime.instrumentation.EvoClassLoader -- Seeing class for first time: org.osgi.framework.FrameworkUtil
13:34:21.302 [main] INFO org.evosuite.runtime.instrumentation.EvoClassLoader -- Instrumenting class 'org.osgi.framework.FrameworkUtil'.
13:34:21.302 [main] INFO org.evosuite.runtime.instrumentation.EvoClassLoader -- Error while loading class: java.lang.ClassNotFoundException: Class 'org/osgi/framework/FrameworkUtil.class' should be in target project, but could not be found!
]]></system-out>
  </testcase>
  <testcase name="test04" classname="org.apache.commons.logging.impl.Slf4jLogFactory_ESTest" time="0.001">
    <system-out><![CDATA[13:34:21.326 [main] INFO org.evosuite.runtime.instrumentation.EvoClassLoader -- Seeing class for first time: org.osgi.framework.FrameworkUtil
13:34:21.326 [main] INFO org.evosuite.runtime.instrumentation.EvoClassLoader -- Instrumenting class 'org.osgi.framework.FrameworkUtil'.
13:34:21.327 [main] INFO org.evosuite.runtime.instrumentation.EvoClassLoader -- Error while loading class: java.lang.ClassNotFoundException: Class 'org/osgi/framework/FrameworkUtil.class' should be in target project, but could not be found!
]]></system-out>
  </testcase>
  <testcase name="test07" classname="org.apache.commons.logging.impl.Slf4jLogFactory_ESTest" time="0.001">
    <system-out><![CDATA[13:34:21.362 [main] INFO org.evosuite.runtime.instrumentation.EvoClassLoader -- Seeing class for first time: org.osgi.framework.FrameworkUtil
13:34:21.362 [main] INFO org.evosuite.runtime.instrumentation.EvoClassLoader -- Instrumenting class 'org.osgi.framework.FrameworkUtil'.
13:34:21.363 [main] INFO org.evosuite.runtime.instrumentation.EvoClassLoader -- Error while loading class: java.lang.ClassNotFoundException: Class 'org/osgi/framework/FrameworkUtil.class' should be in target project, but could not be found!
]]></system-out>
  </testcase>
  <testcase name="test06" classname="org.apache.commons.logging.impl.Slf4jLogFactory_ESTest" time="0.001">
    <system-out><![CDATA[13:34:21.387 [main] INFO org.evosuite.runtime.instrumentation.EvoClassLoader -- Seeing class for first time: org.osgi.framework.FrameworkUtil
13:34:21.388 [main] INFO org.evosuite.runtime.instrumentation.EvoClassLoader -- Instrumenting class 'org.osgi.framework.FrameworkUtil'.
13:34:21.388 [main] INFO org.evosuite.runtime.instrumentation.EvoClassLoader -- Error while loading class: java.lang.ClassNotFoundException: Class 'org/osgi/framework/FrameworkUtil.class' should be in target project, but could not be found!
]]></system-out>
  </testcase>
  <testcase name="test09" classname="org.apache.commons.logging.impl.Slf4jLogFactory_ESTest" time="0.002">
    <system-out><![CDATA[13:34:21.410 [main] INFO org.evosuite.runtime.instrumentation.EvoClassLoader -- Seeing class for first time: org.osgi.framework.FrameworkUtil
13:34:21.411 [main] INFO org.evosuite.runtime.instrumentation.EvoClassLoader -- Instrumenting class 'org.osgi.framework.FrameworkUtil'.
13:34:21.411 [main] INFO org.evosuite.runtime.instrumentation.EvoClassLoader -- Error while loading class: java.lang.ClassNotFoundException: Class 'org/osgi/framework/FrameworkUtil.class' should be in target project, but could not be found!
]]></system-out>
  </testcase>
  <testcase name="test08" classname="org.apache.commons.logging.impl.Slf4jLogFactory_ESTest" time="0.0"/>
</testsuite>