<?xml version="1.0" encoding="UTF-8"?>
<testsuite xmlns:xsi="http://www.w3.org/2001/XMLSchema-instance" xsi:noNamespaceSchemaLocation="https://maven.apache.org/surefire/maven-surefire-plugin/xsd/surefire-test-report-3.0.xsd" version="3.0" name="io.micronaut.kubernetes.util.KubernetesUtils_ESTest" time="6.252" tests="34" errors="0" skipped="0" failures="0">
  <properties>
    <property name="awt.toolkit" value="sun.awt.X11.XToolkit"/>
    <property name="file.encoding.pkg" value="sun.io"/>
    <property name="java.specification.version" value="1.8"/>
    <property name="sun.cpu.isalist" value=""/>
    <property name="sun.jnu.encoding" value="UTF-8"/>
    <property name="java.class.path" value="/home/wtwhite/code/regression-test-generation/find-diff-classes/compile/mvnc/io/micronaut/kubernetes/micronaut-kubernetes-discovery-client/3.4.1/target/test-classes:/home/wtwhite/code/regression-test-generation/find-diff-classes/compile/mvnc/io/micronaut/kubernetes/micronaut-kubernetes-discovery-client/3.4.1/target/classes:/home/wtwhite/code/craw-redhat-oss/wget/crawl/repo1.maven.org/maven2/io/micronaut/kubernetes/micronaut-kubernetes-discovery-client/3.4.1/micronaut-kubernetes-discovery-client-3.4.1.jar:/home/wtwhite/code/regression-test-generation/find-diff-classes/compile/mvnc/io/micronaut/kubernetes/micronaut-kubernetes-discovery-client/3.4.1/t/dependency/annotations-13.0.jar:/home/wtwhite/code/regression-test-generation/find-diff-classes/compile/mvnc/io/micronaut/kubernetes/micronaut-kubernetes-discovery-client/3.4.1/t/dependency/bcpkix-jdk15on-1.69.jar:/home/wtwhite/code/regression-test-generation/find-diff-classes/compile/mvnc/io/micronaut/kubernetes/micronaut-kubernetes-discovery-client/3.4.1/t/dependency/bcprov-ext-jdk15on-1.69.jar:/home/wtwhite/code/regression-test-generation/find-diff-classes/compile/mvnc/io/micronaut/kubernetes/micronaut-kubernetes-discovery-client/3.4.1/t/dependency/bcprov-jdk15on-1.69.jar:/home/wtwhite/code/regression-test-generation/find-diff-classes/compile/mvnc/io/micronaut/kubernetes/micronaut-kubernetes-discovery-client/3.4.1/t/dependency/bcutil-jdk15on-1.69.jar:/home/wtwhite/code/regression-test-generation/find-diff-classes/compile/mvnc/io/micronaut/kubernetes/micronaut-kubernetes-discovery-client/3.4.1/t/dependency/bucket4j-core-6.2.0.jar:/home/wtwhite/code/regression-test-generation/find-diff-classes/compile/mvnc/io/micronaut/kubernetes/micronaut-kubernetes-discovery-client/3.4.1/t/dependency/caffeine-2.9.1.jar:/home/wtwhite/code/regression-test-generation/find-diff-classes/compile/mvnc/io/micronaut/kubernetes/micronaut-kubernetes-discovery-client/3.4.1/t/dependency/checker-qual-3.10.0.jar:/home/wtwhite/code/regression-test-generation/find-diff-classes/compile/mvnc/io/micronaut/kubernetes/micronaut-kubernetes-discovery-client/3.4.1/t/dependency/client-java-13.0.1.jar:/home/wtwhite/code/regression-test-generation/find-diff-classes/compile/mvnc/io/micronaut/kubernetes/micronaut-kubernetes-discovery-client/3.4.1/t/dependency/client-java-api-13.0.1.jar:/home/wtwhite/code/regression-test-generation/find-diff-classes/compile/mvnc/io/micronaut/kubernetes/micronaut-kubernetes-discovery-client/3.4.1/t/dependency/client-java-api-fluent-13.0.1.jar:/home/wtwhite/code/regression-test-generation/find-diff-classes/compile/mvnc/io/micronaut/kubernetes/micronaut-kubernetes-discovery-client/3.4.1/t/dependency/client-java-extended-13.0.1.jar:/home/wtwhite/code/regression-test-generation/find-diff-classes/compile/mvnc/io/micronaut/kubernetes/micronaut-kubernetes-discovery-client/3.4.1/t/dependency/client-java-proto-13.0.1.jar:/home/wtwhite/code/regression-test-generation/find-diff-classes/compile/mvnc/io/micronaut/kubernetes/micronaut-kubernetes-discovery-client/3.4.1/t/dependency/commons-codec-1.15.jar:/home/wtwhite/code/regression-test-generation/find-diff-classes/compile/mvnc/io/micronaut/kubernetes/micronaut-kubernetes-discovery-client/3.4.1/t/dependency/commons-collections4-4.4.jar:/home/wtwhite/code/regression-test-generation/find-diff-classes/compile/mvnc/io/micronaut/kubernetes/micronaut-kubernetes-discovery-client/3.4.1/t/dependency/commons-compress-1.21.jar:/home/wtwhite/code/regression-test-generation/find-diff-classes/compile/mvnc/io/micronaut/kubernetes/micronaut-kubernetes-discovery-client/3.4.1/t/dependency/commons-io-2.11.0.jar:/home/wtwhite/code/regression-test-generation/find-diff-classes/compile/mvnc/io/micronaut/kubernetes/micronaut-kubernetes-discovery-client/3.4.1/t/dependency/commons-lang3-3.12.0.jar:/home/wtwhite/code/regression-test-generation/find-diff-classes/compile/mvnc/io/micronaut/kubernetes/micronaut-kubernetes-discovery-client/3.4.1/t/dependency/error_prone_annotations-2.5.1.jar:/home/wtwhite/code/regression-test-generation/find-diff-classes/compile/mvnc/io/micronaut/kubernetes/micronaut-kubernetes-discovery-client/3.4.1/t/dependency/gson-2.8.7.jar:/home/wtwhite/code/regression-test-generation/find-diff-classes/compile/mvnc/io/micronaut/kubernetes/micronaut-kubernetes-discovery-client/3.4.1/t/dependency/gson-fire-1.8.5.jar:/home/wtwhite/code/regression-test-generation/find-diff-classes/compile/mvnc/io/micronaut/kubernetes/micronaut-kubernetes-discovery-client/3.4.1/t/dependency/jackson-annotations-2.12.6.jar:/home/wtwhite/code/regression-test-generation/find-diff-classes/compile/mvnc/io/micronaut/kubernetes/micronaut-kubernetes-discovery-client/3.4.1/t/dependency/jackson-core-2.12.6.jar:/home/wtwhite/code/regression-test-generation/find-diff-classes/compile/mvnc/io/micronaut/kubernetes/micronaut-kubernetes-discovery-client/3.4.1/t/dependency/jackson-databind-2.12.6.jar:/home/wtwhite/code/regression-test-generation/find-diff-classes/compile/mvnc/io/micronaut/kubernetes/micronaut-kubernetes-discovery-client/3.4.1/t/dependency/jackson-datatype-jdk8-2.12.6.jar:/home/wtwhite/code/regression-test-generation/find-diff-classes/compile/mvnc/io/micronaut/kubernetes/micronaut-kubernetes-discovery-client/3.4.1/t/dependency/jackson-datatype-jsr310-2.12.6.jar:/home/wtwhite/code/regression-test-generation/find-diff-classes/compile/mvnc/io/micronaut/kubernetes/micronaut-kubernetes-discovery-client/3.4.1/t/dependency/jakarta.annotation-api-2.0.0.jar:/home/wtwhite/code/regression-test-generation/find-diff-classes/compile/mvnc/io/micronaut/kubernetes/micronaut-kubernetes-discovery-client/3.4.1/t/dependency/jakarta.inject-api-2.0.1.jar:/home/wtwhite/code/regression-test-generation/find-diff-classes/compile/mvnc/io/micronaut/kubernetes/micronaut-kubernetes-discovery-client/3.4.1/t/dependency/javax.annotation-api-1.3.2.jar:/home/wtwhite/code/regression-test-generation/find-diff-classes/compile/mvnc/io/micronaut/kubernetes/micronaut-kubernetes-discovery-client/3.4.1/t/dependency/jose4j-0.7.8.jar:/home/wtwhite/code/regression-test-generation/find-diff-classes/compile/mvnc/io/micronaut/kubernetes/micronaut-kubernetes-discovery-client/3.4.1/t/dependency/jsr305-3.0.2.jar:/home/wtwhite/code/regression-test-generation/find-diff-classes/compile/mvnc/io/micronaut/kubernetes/micronaut-kubernetes-discovery-client/3.4.1/t/dependency/kotlin-stdlib-1.6.10.jar:/home/wtwhite/code/regression-test-generation/find-diff-classes/compile/mvnc/io/micronaut/kubernetes/micronaut-kubernetes-discovery-client/3.4.1/t/dependency/kotlin-stdlib-common-1.6.10.jar:/home/wtwhite/code/regression-test-generation/find-diff-classes/compile/mvnc/io/micronaut/kubernetes/micronaut-kubernetes-discovery-client/3.4.1/t/dependency/kotlin-stdlib-jdk7-1.6.10.jar:/home/wtwhite/code/regression-test-generation/find-diff-classes/compile/mvnc/io/micronaut/kubernetes/micronaut-kubernetes-discovery-client/3.4.1/t/dependency/kotlin-stdlib-jdk8-1.6.10.jar:/home/wtwhite/code/regression-test-generation/find-diff-classes/compile/mvnc/io/micronaut/kubernetes/micronaut-kubernetes-discovery-client/3.4.1/t/dependency/logging-interceptor-4.9.1.jar:/home/wtwhite/code/regression-test-generation/find-diff-classes/compile/mvnc/io/micronaut/kubernetes/micronaut-kubernetes-discovery-client/3.4.1/t/dependency/micronaut-aop-3.3.4.jar:/home/wtwhite/code/regression-test-generation/find-diff-classes/compile/mvnc/io/micronaut/kubernetes/micronaut-kubernetes-discovery-client/3.4.1/t/dependency/micronaut-buffer-netty-3.3.4.jar:/home/wtwhite/code/regression-test-generation/find-diff-classes/compile/mvnc/io/micronaut/kubernetes/micronaut-kubernetes-discovery-client/3.4.1/t/dependency/micronaut-context-3.3.4.jar:/home/wtwhite/code/regression-test-generation/find-diff-classes/compile/mvnc/io/micronaut/kubernetes/micronaut-kubernetes-discovery-client/3.4.1/t/dependency/micronaut-core-3.3.4.jar:/home/wtwhite/code/regression-test-generation/find-diff-classes/compile/mvnc/io/micronaut/kubernetes/micronaut-kubernetes-discovery-client/3.4.1/t/dependency/micronaut-core-reactive-3.3.4.jar:/home/wtwhite/code/regression-test-generation/find-diff-classes/compile/mvnc/io/micronaut/kubernetes/micronaut-kubernetes-discovery-client/3.4.1/t/dependency/micronaut-discovery-client-3.1.0.jar:/home/wtwhite/code/regression-test-generation/find-diff-classes/compile/mvnc/io/micronaut/kubernetes/micronaut-kubernetes-discovery-client/3.4.1/t/dependency/micronaut-http-3.3.4.jar:/home/wtwhite/code/regression-test-generation/find-diff-classes/compile/mvnc/io/micronaut/kubernetes/micronaut-kubernetes-discovery-client/3.4.1/t/dependency/micronaut-http-client-3.3.4.jar:/home/wtwhite/code/regression-test-generation/find-diff-classes/compile/mvnc/io/micronaut/kubernetes/micronaut-kubernetes-discovery-client/3.4.1/t/dependency/micronaut-http-client-core-3.3.4.jar:/home/wtwhite/code/regression-test-generation/find-diff-classes/compile/mvnc/io/micronaut/kubernetes/micronaut-kubernetes-discovery-client/3.4.1/t/dependency/micronaut-http-netty-3.3.4.jar:/home/wtwhite/code/regression-test-generation/find-diff-classes/compile/mvnc/io/micronaut/kubernetes/micronaut-kubernetes-discovery-client/3.4.1/t/dependency/micronaut-inject-3.3.4.jar:/home/wtwhite/code/regression-test-generation/find-diff-classes/compile/mvnc/io/micronaut/kubernetes/micronaut-kubernetes-discovery-client/3.4.1/t/dependency/micronaut-jackson-core-3.3.4.jar:/home/wtwhite/code/regression-test-generation/find-diff-classes/compile/mvnc/io/micronaut/kubernetes/micronaut-kubernetes-discovery-client/3.4.1/t/dependency/micronaut-jackson-databind-3.3.4.jar:/home/wtwhite/code/regression-test-generation/find-diff-classes/compile/mvnc/io/micronaut/kubernetes/micronaut-kubernetes-discovery-client/3.4.1/t/dependency/micronaut-json-core-3.3.4.jar:/home/wtwhite/code/regression-test-generation/find-diff-classes/compile/mvnc/io/micronaut/kubernetes/micronaut-kubernetes-discovery-client/3.4.1/t/dependency/micronaut-kubernetes-client-3.3.0.jar:/home/wtwhite/code/regression-test-generation/find-diff-classes/compile/mvnc/io/micronaut/kubernetes/micronaut-kubernetes-discovery-client/3.4.1/t/dependency/micronaut-kubernetes-client-reactor-3.4.1.jar:/home/wtwhite/code/regression-test-generation/find-diff-classes/compile/mvnc/io/micronaut/kubernetes/micronaut-kubernetes-discovery-client/3.4.1/t/dependency/micronaut-kubernetes-informer-3.4.1.jar:/home/wtwhite/code/regression-test-generation/find-diff-classes/compile/mvnc/io/micronaut/kubernetes/micronaut-kubernetes-discovery-client/3.4.1/t/dependency/micronaut-reactor-2.1.1.jar:/home/wtwhite/code/regression-test-generation/find-diff-classes/compile/mvnc/io/micronaut/kubernetes/micronaut-kubernetes-discovery-client/3.4.1/t/dependency/micronaut-runtime-3.3.4.jar:/home/wtwhite/code/regression-test-generation/find-diff-classes/compile/mvnc/io/micronaut/kubernetes/micronaut-kubernetes-discovery-client/3.4.1/t/dependency/micronaut-validation-3.3.4.jar:/home/wtwhite/code/regression-test-generation/find-diff-classes/compile/mvnc/io/micronaut/kubernetes/micronaut-kubernetes-discovery-client/3.4.1/t/dependency/micronaut-websocket-3.3.4.jar:/home/wtwhite/code/regression-test-generation/find-diff-classes/compile/mvnc/io/micronaut/kubernetes/micronaut-kubernetes-discovery-client/3.4.1/t/dependency/netty-buffer-4.1.73.Final.jar:/home/wtwhite/code/regression-test-generation/find-diff-classes/compile/mvnc/io/micronaut/kubernetes/micronaut-kubernetes-discovery-client/3.4.1/t/dependency/netty-codec-4.1.73.Final.jar:/home/wtwhite/code/regression-test-generation/find-diff-classes/compile/mvnc/io/micronaut/kubernetes/micronaut-kubernetes-discovery-client/3.4.1/t/dependency/netty-codec-http-4.1.73.Final.jar:/home/wtwhite/code/regression-test-generation/find-diff-classes/compile/mvnc/io/micronaut/kubernetes/micronaut-kubernetes-discovery-client/3.4.1/t/dependency/netty-codec-http2-4.1.73.Final.jar:/home/wtwhite/code/regression-test-generation/find-diff-classes/compile/mvnc/io/micronaut/kubernetes/micronaut-kubernetes-discovery-client/3.4.1/t/dependency/netty-codec-socks-4.1.73.Final.jar:/home/wtwhite/code/regression-test-generation/find-diff-classes/compile/mvnc/io/micronaut/kubernetes/micronaut-kubernetes-discovery-client/3.4.1/t/dependency/netty-common-4.1.73.Final.jar:/home/wtwhite/code/regression-test-generation/find-diff-classes/compile/mvnc/io/micronaut/kubernetes/micronaut-kubernetes-discovery-client/3.4.1/t/dependency/netty-handler-4.1.73.Final.jar:/home/wtwhite/code/regression-test-generation/find-diff-classes/compile/mvnc/io/micronaut/kubernetes/micronaut-kubernetes-discovery-client/3.4.1/t/dependency/netty-handler-proxy-4.1.73.Final.jar:/home/wtwhite/code/regression-test-generation/find-diff-classes/compile/mvnc/io/micronaut/kubernetes/micronaut-kubernetes-discovery-client/3.4.1/t/dependency/netty-resolver-4.1.73.Final.jar:/home/wtwhite/code/regression-test-generation/find-diff-classes/compile/mvnc/io/micronaut/kubernetes/micronaut-kubernetes-discovery-client/3.4.1/t/dependency/netty-tcnative-classes-2.0.46.Final.jar:/home/wtwhite/code/regression-test-generation/find-diff-classes/compile/mvnc/io/micronaut/kubernetes/micronaut-kubernetes-discovery-client/3.4.1/t/dependency/netty-transport-4.1.73.Final.jar:/home/wtwhite/code/regression-test-generation/find-diff-classes/compile/mvnc/io/micronaut/kubernetes/micronaut-kubernetes-discovery-client/3.4.1/t/dependency/okhttp-4.9.1.jar:/home/wtwhite/code/regression-test-generation/find-diff-classes/compile/mvnc/io/micronaut/kubernetes/micronaut-kubernetes-discovery-client/3.4.1/t/dependency/okio-2.8.0.jar:/home/wtwhite/code/regression-test-generation/find-diff-classes/compile/mvnc/io/micronaut/kubernetes/micronaut-kubernetes-discovery-client/3.4.1/t/dependency/protobuf-java-3.17.2.jar:/home/wtwhite/code/regression-test-generation/find-diff-classes/compile/mvnc/io/micronaut/kubernetes/micronaut-kubernetes-discovery-client/3.4.1/t/dependency/reactive-streams-1.0.3.jar:/home/wtwhite/code/regression-test-generation/find-diff-classes/compile/mvnc/io/micronaut/kubernetes/micronaut-kubernetes-discovery-client/3.4.1/t/dependency/reactor-core-3.4.14.jar:/home/wtwhite/code/regression-test-generation/find-diff-classes/compile/mvnc/io/micronaut/kubernetes/micronaut-kubernetes-discovery-client/3.4.1/t/dependency/simpleclient-0.11.0.jar:/home/wtwhite/code/regression-test-generation/find-diff-classes/compile/mvnc/io/micronaut/kubernetes/micronaut-kubernetes-discovery-client/3.4.1/t/dependency/simpleclient_common-0.11.0.jar:/home/wtwhite/code/regression-test-generation/find-diff-classes/compile/mvnc/io/micronaut/kubernetes/micronaut-kubernetes-discovery-client/3.4.1/t/dependency/simpleclient_httpserver-0.11.0.jar:/home/wtwhite/code/regression-test-generation/find-diff-classes/compile/mvnc/io/micronaut/kubernetes/micronaut-kubernetes-discovery-client/3.4.1/t/dependency/simpleclient_tracer_common-0.11.0.jar:/home/wtwhite/code/regression-test-generation/find-diff-classes/compile/mvnc/io/micronaut/kubernetes/micronaut-kubernetes-discovery-client/3.4.1/t/dependency/simpleclient_tracer_otel-0.11.0.jar:/home/wtwhite/code/regression-test-generation/find-diff-classes/compile/mvnc/io/micronaut/kubernetes/micronaut-kubernetes-discovery-client/3.4.1/t/dependency/simpleclient_tracer_otel_agent-0.11.0.jar:/home/wtwhite/code/regression-test-generation/find-diff-classes/compile/mvnc/io/micronaut/kubernetes/micronaut-kubernetes-discovery-client/3.4.1/t/dependency/slf4j-api-1.7.29.jar:/home/wtwhite/code/regression-test-generation/find-diff-classes/compile/mvnc/io/micronaut/kubernetes/micronaut-kubernetes-discovery-client/3.4.1/t/dependency/snakeyaml-1.30.jar:/home/wtwhite/code/regression-test-generation/find-diff-classes/compile/mvnc/io/micronaut/kubernetes/micronaut-kubernetes-discovery-client/3.4.1/t/dependency/swagger-annotations-1.6.2.jar:/home/wtwhite/code/regression-test-generation/find-diff-classes/compile/mvnc/io/micronaut/kubernetes/micronaut-kubernetes-discovery-client/3.4.1/t/dependency/validation-api-2.0.1.Final.jar:/home/wtwhite/code/regression-test-generation/find-diff-classes/compile/mvnc/io/micronaut/kubernetes/micronaut-kubernetes-discovery-client/3.4.1/t/dependency/zjsonpatch-0.4.11.jar:/home/wtwhite/code/regression-test-generation/evosuite/evosuite-standalone-runtime-1.2.0.jar:/home/wtwhite/.m2/repository/junit/junit/4.13.2/junit-4.13.2.jar:/home/wtwhite/.m2/repository/org/hamcrest/hamcrest-core/1.3/hamcrest-core-1.3.jar:"/>
    <property name="java.vm.vendor" value="Private Build"/>
    <property name="sun.arch.data.model" value="64"/>
    <property name="java.vendor.url" value="http://java.oracle.com/"/>
    <property name="user.timezone" value=""/>
    <property name="java.vm.specification.version" value="1.8"/>
    <property name="os.name" value="Linux"/>
    <property name="RUNDIR" value="/home/wtwhite/code/regression-test-generation/find-diff-classes/run-mvn"/>
    <property name="user.country" value="NZ"/>
    <property name="sun.java.launcher" value="SUN_STANDARD"/>
    <property name="sun.boot.library.path" value="/usr/lib/jvm/java-8-openjdk-amd64/jre/lib/amd64"/>
    <property name="sun.java.command" value="/home/wtwhite/code/regression-test-generation/find-diff-classes/compile/mvnc/io/micronaut/kubernetes/micronaut-kubernetes-discovery-client/3.4.1/target/surefire/surefirebooter-20241106133432567_3.jar /home/wtwhite/code/regression-test-generation/find-diff-classes/compile/mvnc/io/micronaut/kubernetes/micronaut-kubernetes-discovery-client/3.4.1/target/surefire 2024-11-06T13-34-32_344-jvmRun1 surefire-20241106133432567_1tmp surefire_0-20241106133432567_2tmp"/>
    <property name="surefire.test.class.path" value="/home/wtwhite/code/regression-test-generation/find-diff-classes/compile/mvnc/io/micronaut/kubernetes/micronaut-kubernetes-discovery-client/3.4.1/target/test-classes:/home/wtwhite/code/regression-test-generation/find-diff-classes/compile/mvnc/io/micronaut/kubernetes/micronaut-kubernetes-discovery-client/3.4.1/target/classes:/home/wtwhite/code/craw-redhat-oss/wget/crawl/repo1.maven.org/maven2/io/micronaut/kubernetes/micronaut-kubernetes-discovery-client/3.4.1/micronaut-kubernetes-discovery-client-3.4.1.jar:/home/wtwhite/code/regression-test-generation/find-diff-classes/compile/mvnc/io/micronaut/kubernetes/micronaut-kubernetes-discovery-client/3.4.1/t/dependency/annotations-13.0.jar:/home/wtwhite/code/regression-test-generation/find-diff-classes/compile/mvnc/io/micronaut/kubernetes/micronaut-kubernetes-discovery-client/3.4.1/t/dependency/bcpkix-jdk15on-1.69.jar:/home/wtwhite/code/regression-test-generation/find-diff-classes/compile/mvnc/io/micronaut/kubernetes/micronaut-kubernetes-discovery-client/3.4.1/t/dependency/bcprov-ext-jdk15on-1.69.jar:/home/wtwhite/code/regression-test-generation/find-diff-classes/compile/mvnc/io/micronaut/kubernetes/micronaut-kubernetes-discovery-client/3.4.1/t/dependency/bcprov-jdk15on-1.69.jar:/home/wtwhite/code/regression-test-generation/find-diff-classes/compile/mvnc/io/micronaut/kubernetes/micronaut-kubernetes-discovery-client/3.4.1/t/dependency/bcutil-jdk15on-1.69.jar:/home/wtwhite/code/regression-test-generation/find-diff-classes/compile/mvnc/io/micronaut/kubernetes/micronaut-kubernetes-discovery-client/3.4.1/t/dependency/bucket4j-core-6.2.0.jar:/home/wtwhite/code/regression-test-generation/find-diff-classes/compile/mvnc/io/micronaut/kubernetes/micronaut-kubernetes-discovery-client/3.4.1/t/dependency/caffeine-2.9.1.jar:/home/wtwhite/code/regression-test-generation/find-diff-classes/compile/mvnc/io/micronaut/kubernetes/micronaut-kubernetes-discovery-client/3.4.1/t/dependency/checker-qual-3.10.0.jar:/home/wtwhite/code/regression-test-generation/find-diff-classes/compile/mvnc/io/micronaut/kubernetes/micronaut-kubernetes-discovery-client/3.4.1/t/dependency/client-java-13.0.1.jar:/home/wtwhite/code/regression-test-generation/find-diff-classes/compile/mvnc/io/micronaut/kubernetes/micronaut-kubernetes-discovery-client/3.4.1/t/dependency/client-java-api-13.0.1.jar:/home/wtwhite/code/regression-test-generation/find-diff-classes/compile/mvnc/io/micronaut/kubernetes/micronaut-kubernetes-discovery-client/3.4.1/t/dependency/client-java-api-fluent-13.0.1.jar:/home/wtwhite/code/regression-test-generation/find-diff-classes/compile/mvnc/io/micronaut/kubernetes/micronaut-kubernetes-discovery-client/3.4.1/t/dependency/client-java-extended-13.0.1.jar:/home/wtwhite/code/regression-test-generation/find-diff-classes/compile/mvnc/io/micronaut/kubernetes/micronaut-kubernetes-discovery-client/3.4.1/t/dependency/client-java-proto-13.0.1.jar:/home/wtwhite/code/regression-test-generation/find-diff-classes/compile/mvnc/io/micronaut/kubernetes/micronaut-kubernetes-discovery-client/3.4.1/t/dependency/commons-codec-1.15.jar:/home/wtwhite/code/regression-test-generation/find-diff-classes/compile/mvnc/io/micronaut/kubernetes/micronaut-kubernetes-discovery-client/3.4.1/t/dependency/commons-collections4-4.4.jar:/home/wtwhite/code/regression-test-generation/find-diff-classes/compile/mvnc/io/micronaut/kubernetes/micronaut-kubernetes-discovery-client/3.4.1/t/dependency/commons-compress-1.21.jar:/home/wtwhite/code/regression-test-generation/find-diff-classes/compile/mvnc/io/micronaut/kubernetes/micronaut-kubernetes-discovery-client/3.4.1/t/dependency/commons-io-2.11.0.jar:/home/wtwhite/code/regression-test-generation/find-diff-classes/compile/mvnc/io/micronaut/kubernetes/micronaut-kubernetes-discovery-client/3.4.1/t/dependency/commons-lang3-3.12.0.jar:/home/wtwhite/code/regression-test-generation/find-diff-classes/compile/mvnc/io/micronaut/kubernetes/micronaut-kubernetes-discovery-client/3.4.1/t/dependency/error_prone_annotations-2.5.1.jar:/home/wtwhite/code/regression-test-generation/find-diff-classes/compile/mvnc/io/micronaut/kubernetes/micronaut-kubernetes-discovery-client/3.4.1/t/dependency/gson-2.8.7.jar:/home/wtwhite/code/regression-test-generation/find-diff-classes/compile/mvnc/io/micronaut/kubernetes/micronaut-kubernetes-discovery-client/3.4.1/t/dependency/gson-fire-1.8.5.jar:/home/wtwhite/code/regression-test-generation/find-diff-classes/compile/mvnc/io/micronaut/kubernetes/micronaut-kubernetes-discovery-client/3.4.1/t/dependency/jackson-annotations-2.12.6.jar:/home/wtwhite/code/regression-test-generation/find-diff-classes/compile/mvnc/io/micronaut/kubernetes/micronaut-kubernetes-discovery-client/3.4.1/t/dependency/jackson-core-2.12.6.jar:/home/wtwhite/code/regression-test-generation/find-diff-classes/compile/mvnc/io/micronaut/kubernetes/micronaut-kubernetes-discovery-client/3.4.1/t/dependency/jackson-databind-2.12.6.jar:/home/wtwhite/code/regression-test-generation/find-diff-classes/compile/mvnc/io/micronaut/kubernetes/micronaut-kubernetes-discovery-client/3.4.1/t/dependency/jackson-datatype-jdk8-2.12.6.jar:/home/wtwhite/code/regression-test-generation/find-diff-classes/compile/mvnc/io/micronaut/kubernetes/micronaut-kubernetes-discovery-client/3.4.1/t/dependency/jackson-datatype-jsr310-2.12.6.jar:/home/wtwhite/code/regression-test-generation/find-diff-classes/compile/mvnc/io/micronaut/kubernetes/micronaut-kubernetes-discovery-client/3.4.1/t/dependency/jakarta.annotation-api-2.0.0.jar:/home/wtwhite/code/regression-test-generation/find-diff-classes/compile/mvnc/io/micronaut/kubernetes/micronaut-kubernetes-discovery-client/3.4.1/t/dependency/jakarta.inject-api-2.0.1.jar:/home/wtwhite/code/regression-test-generation/find-diff-classes/compile/mvnc/io/micronaut/kubernetes/micronaut-kubernetes-discovery-client/3.4.1/t/dependency/javax.annotation-api-1.3.2.jar:/home/wtwhite/code/regression-test-generation/find-diff-classes/compile/mvnc/io/micronaut/kubernetes/micronaut-kubernetes-discovery-client/3.4.1/t/dependency/jose4j-0.7.8.jar:/home/wtwhite/code/regression-test-generation/find-diff-classes/compile/mvnc/io/micronaut/kubernetes/micronaut-kubernetes-discovery-client/3.4.1/t/dependency/jsr305-3.0.2.jar:/home/wtwhite/code/regression-test-generation/find-diff-classes/compile/mvnc/io/micronaut/kubernetes/micronaut-kubernetes-discovery-client/3.4.1/t/dependency/kotlin-stdlib-1.6.10.jar:/home/wtwhite/code/regression-test-generation/find-diff-classes/compile/mvnc/io/micronaut/kubernetes/micronaut-kubernetes-discovery-client/3.4.1/t/dependency/kotlin-stdlib-common-1.6.10.jar:/home/wtwhite/code/regression-test-generation/find-diff-classes/compile/mvnc/io/micronaut/kubernetes/micronaut-kubernetes-discovery-client/3.4.1/t/dependency/kotlin-stdlib-jdk7-1.6.10.jar:/home/wtwhite/code/regression-test-generation/find-diff-classes/compile/mvnc/io/micronaut/kubernetes/micronaut-kubernetes-discovery-client/3.4.1/t/dependency/kotlin-stdlib-jdk8-1.6.10.jar:/home/wtwhite/code/regression-test-generation/find-diff-classes/compile/mvnc/io/micronaut/kubernetes/micronaut-kubernetes-discovery-client/3.4.1/t/dependency/logging-interceptor-4.9.1.jar:/home/wtwhite/code/regression-test-generation/find-diff-classes/compile/mvnc/io/micronaut/kubernetes/micronaut-kubernetes-discovery-client/3.4.1/t/dependency/micronaut-aop-3.3.4.jar:/home/wtwhite/code/regression-test-generation/find-diff-classes/compile/mvnc/io/micronaut/kubernetes/micronaut-kubernetes-discovery-client/3.4.1/t/dependency/micronaut-buffer-netty-3.3.4.jar:/home/wtwhite/code/regression-test-generation/find-diff-classes/compile/mvnc/io/micronaut/kubernetes/micronaut-kubernetes-discovery-client/3.4.1/t/dependency/micronaut-context-3.3.4.jar:/home/wtwhite/code/regression-test-generation/find-diff-classes/compile/mvnc/io/micronaut/kubernetes/micronaut-kubernetes-discovery-client/3.4.1/t/dependency/micronaut-core-3.3.4.jar:/home/wtwhite/code/regression-test-generation/find-diff-classes/compile/mvnc/io/micronaut/kubernetes/micronaut-kubernetes-discovery-client/3.4.1/t/dependency/micronaut-core-reactive-3.3.4.jar:/home/wtwhite/code/regression-test-generation/find-diff-classes/compile/mvnc/io/micronaut/kubernetes/micronaut-kubernetes-discovery-client/3.4.1/t/dependency/micronaut-discovery-client-3.1.0.jar:/home/wtwhite/code/regression-test-generation/find-diff-classes/compile/mvnc/io/micronaut/kubernetes/micronaut-kubernetes-discovery-client/3.4.1/t/dependency/micronaut-http-3.3.4.jar:/home/wtwhite/code/regression-test-generation/find-diff-classes/compile/mvnc/io/micronaut/kubernetes/micronaut-kubernetes-discovery-client/3.4.1/t/dependency/micronaut-http-client-3.3.4.jar:/home/wtwhite/code/regression-test-generation/find-diff-classes/compile/mvnc/io/micronaut/kubernetes/micronaut-kubernetes-discovery-client/3.4.1/t/dependency/micronaut-http-client-core-3.3.4.jar:/home/wtwhite/code/regression-test-generation/find-diff-classes/compile/mvnc/io/micronaut/kubernetes/micronaut-kubernetes-discovery-client/3.4.1/t/dependency/micronaut-http-netty-3.3.4.jar:/home/wtwhite/code/regression-test-generation/find-diff-classes/compile/mvnc/io/micronaut/kubernetes/micronaut-kubernetes-discovery-client/3.4.1/t/dependency/micronaut-inject-3.3.4.jar:/home/wtwhite/code/regression-test-generation/find-diff-classes/compile/mvnc/io/micronaut/kubernetes/micronaut-kubernetes-discovery-client/3.4.1/t/dependency/micronaut-jackson-core-3.3.4.jar:/home/wtwhite/code/regression-test-generation/find-diff-classes/compile/mvnc/io/micronaut/kubernetes/micronaut-kubernetes-discovery-client/3.4.1/t/dependency/micronaut-jackson-databind-3.3.4.jar:/home/wtwhite/code/regression-test-generation/find-diff-classes/compile/mvnc/io/micronaut/kubernetes/micronaut-kubernetes-discovery-client/3.4.1/t/dependency/micronaut-json-core-3.3.4.jar:/home/wtwhite/code/regression-test-generation/find-diff-classes/compile/mvnc/io/micronaut/kubernetes/micronaut-kubernetes-discovery-client/3.4.1/t/dependency/micronaut-kubernetes-client-3.3.0.jar:/home/wtwhite/code/regression-test-generation/find-diff-classes/compile/mvnc/io/micronaut/kubernetes/micronaut-kubernetes-discovery-client/3.4.1/t/dependency/micronaut-kubernetes-client-reactor-3.4.1.jar:/home/wtwhite/code/regression-test-generation/find-diff-classes/compile/mvnc/io/micronaut/kubernetes/micronaut-kubernetes-discovery-client/3.4.1/t/dependency/micronaut-kubernetes-informer-3.4.1.jar:/home/wtwhite/code/regression-test-generation/find-diff-classes/compile/mvnc/io/micronaut/kubernetes/micronaut-kubernetes-discovery-client/3.4.1/t/dependency/micronaut-reactor-2.1.1.jar:/home/wtwhite/code/regression-test-generation/find-diff-classes/compile/mvnc/io/micronaut/kubernetes/micronaut-kubernetes-discovery-client/3.4.1/t/dependency/micronaut-runtime-3.3.4.jar:/home/wtwhite/code/regression-test-generation/find-diff-classes/compile/mvnc/io/micronaut/kubernetes/micronaut-kubernetes-discovery-client/3.4.1/t/dependency/micronaut-validation-3.3.4.jar:/home/wtwhite/code/regression-test-generation/find-diff-classes/compile/mvnc/io/micronaut/kubernetes/micronaut-kubernetes-discovery-client/3.4.1/t/dependency/micronaut-websocket-3.3.4.jar:/home/wtwhite/code/regression-test-generation/find-diff-classes/compile/mvnc/io/micronaut/kubernetes/micronaut-kubernetes-discovery-client/3.4.1/t/dependency/netty-buffer-4.1.73.Final.jar:/home/wtwhite/code/regression-test-generation/find-diff-classes/compile/mvnc/io/micronaut/kubernetes/micronaut-kubernetes-discovery-client/3.4.1/t/dependency/netty-codec-4.1.73.Final.jar:/home/wtwhite/code/regression-test-generation/find-diff-classes/compile/mvnc/io/micronaut/kubernetes/micronaut-kubernetes-discovery-client/3.4.1/t/dependency/netty-codec-http-4.1.73.Final.jar:/home/wtwhite/code/regression-test-generation/find-diff-classes/compile/mvnc/io/micronaut/kubernetes/micronaut-kubernetes-discovery-client/3.4.1/t/dependency/netty-codec-http2-4.1.73.Final.jar:/home/wtwhite/code/regression-test-generation/find-diff-classes/compile/mvnc/io/micronaut/kubernetes/micronaut-kubernetes-discovery-client/3.4.1/t/dependency/netty-codec-socks-4.1.73.Final.jar:/home/wtwhite/code/regression-test-generation/find-diff-classes/compile/mvnc/io/micronaut/kubernetes/micronaut-kubernetes-discovery-client/3.4.1/t/dependency/netty-common-4.1.73.Final.jar:/home/wtwhite/code/regression-test-generation/find-diff-classes/compile/mvnc/io/micronaut/kubernetes/micronaut-kubernetes-discovery-client/3.4.1/t/dependency/netty-handler-4.1.73.Final.jar:/home/wtwhite/code/regression-test-generation/find-diff-classes/compile/mvnc/io/micronaut/kubernetes/micronaut-kubernetes-discovery-client/3.4.1/t/dependency/netty-handler-proxy-4.1.73.Final.jar:/home/wtwhite/code/regression-test-generation/find-diff-classes/compile/mvnc/io/micronaut/kubernetes/micronaut-kubernetes-discovery-client/3.4.1/t/dependency/netty-resolver-4.1.73.Final.jar:/home/wtwhite/code/regression-test-generation/find-diff-classes/compile/mvnc/io/micronaut/kubernetes/micronaut-kubernetes-discovery-client/3.4.1/t/dependency/netty-tcnative-classes-2.0.46.Final.jar:/home/wtwhite/code/regression-test-generation/find-diff-classes/compile/mvnc/io/micronaut/kubernetes/micronaut-kubernetes-discovery-client/3.4.1/t/dependency/netty-transport-4.1.73.Final.jar:/home/wtwhite/code/regression-test-generation/find-diff-classes/compile/mvnc/io/micronaut/kubernetes/micronaut-kubernetes-discovery-client/3.4.1/t/dependency/okhttp-4.9.1.jar:/home/wtwhite/code/regression-test-generation/find-diff-classes/compile/mvnc/io/micronaut/kubernetes/micronaut-kubernetes-discovery-client/3.4.1/t/dependency/okio-2.8.0.jar:/home/wtwhite/code/regression-test-generation/find-diff-classes/compile/mvnc/io/micronaut/kubernetes/micronaut-kubernetes-discovery-client/3.4.1/t/dependency/protobuf-java-3.17.2.jar:/home/wtwhite/code/regression-test-generation/find-diff-classes/compile/mvnc/io/micronaut/kubernetes/micronaut-kubernetes-discovery-client/3.4.1/t/dependency/reactive-streams-1.0.3.jar:/home/wtwhite/code/regression-test-generation/find-diff-classes/compile/mvnc/io/micronaut/kubernetes/micronaut-kubernetes-discovery-client/3.4.1/t/dependency/reactor-core-3.4.14.jar:/home/wtwhite/code/regression-test-generation/find-diff-classes/compile/mvnc/io/micronaut/kubernetes/micronaut-kubernetes-discovery-client/3.4.1/t/dependency/simpleclient-0.11.0.jar:/home/wtwhite/code/regression-test-generation/find-diff-classes/compile/mvnc/io/micronaut/kubernetes/micronaut-kubernetes-discovery-client/3.4.1/t/dependency/simpleclient_common-0.11.0.jar:/home/wtwhite/code/regression-test-generation/find-diff-classes/compile/mvnc/io/micronaut/kubernetes/micronaut-kubernetes-discovery-client/3.4.1/t/dependency/simpleclient_httpserver-0.11.0.jar:/home/wtwhite/code/regression-test-generation/find-diff-classes/compile/mvnc/io/micronaut/kubernetes/micronaut-kubernetes-discovery-client/3.4.1/t/dependency/simpleclient_tracer_common-0.11.0.jar:/home/wtwhite/code/regression-test-generation/find-diff-classes/compile/mvnc/io/micronaut/kubernetes/micronaut-kubernetes-discovery-client/3.4.1/t/dependency/simpleclient_tracer_otel-0.11.0.jar:/home/wtwhite/code/regression-test-generation/find-diff-classes/compile/mvnc/io/micronaut/kubernetes/micronaut-kubernetes-discovery-client/3.4.1/t/dependency/simpleclient_tracer_otel_agent-0.11.0.jar:/home/wtwhite/code/regression-test-generation/find-diff-classes/compile/mvnc/io/micronaut/kubernetes/micronaut-kubernetes-discovery-client/3.4.1/t/dependency/slf4j-api-1.7.29.jar:/home/wtwhite/code/regression-test-generation/find-diff-classes/compile/mvnc/io/micronaut/kubernetes/micronaut-kubernetes-discovery-client/3.4.1/t/dependency/snakeyaml-1.30.jar:/home/wtwhite/code/regression-test-generation/find-diff-classes/compile/mvnc/io/micronaut/kubernetes/micronaut-kubernetes-discovery-client/3.4.1/t/dependency/swagger-annotations-1.6.2.jar:/home/wtwhite/code/regression-test-generation/find-diff-classes/compile/mvnc/io/micronaut/kubernetes/micronaut-kubernetes-discovery-client/3.4.1/t/dependency/validation-api-2.0.1.Final.jar:/home/wtwhite/code/regression-test-generation/find-diff-classes/compile/mvnc/io/micronaut/kubernetes/micronaut-kubernetes-discovery-client/3.4.1/t/dependency/zjsonpatch-0.4.11.jar:/home/wtwhite/code/regression-test-generation/evosuite/evosuite-standalone-runtime-1.2.0.jar:/home/wtwhite/.m2/repository/junit/junit/4.13.2/junit-4.13.2.jar:/home/wtwhite/.m2/repository/org/hamcrest/hamcrest-core/1.3/hamcrest-core-1.3.jar:"/>
    <property name="sun.cpu.endian" value="little"/>
    <property name="user.home" value="/home/wtwhite"/>
    <property name="user.language" value="en"/>
    <property name="java.specification.vendor" value="Oracle Corporation"/>
    <property name="java.home" value="/usr/lib/jvm/java-8-openjdk-amd64/jre"/>
    <property name="basedir" value="/home/wtwhite/code/regression-test-generation/find-diff-classes/compile/mvnc/io/micronaut/kubernetes/micronaut-kubernetes-discovery-client/3.4.1"/>
    <property name="file.separator" value="/"/>
    <property name="line.separator" value="&#10;"/>
    <property name="java.vm.specification.vendor" value="Oracle Corporation"/>
    <property name="java.specification.name" value="Java Platform API Specification"/>
    <property name="java.awt.graphicsenv" value="sun.awt.X11GraphicsEnvironment"/>
    <property name="surefire.real.class.path" value="/home/wtwhite/code/regression-test-generation/find-diff-classes/compile/mvnc/io/micronaut/kubernetes/micronaut-kubernetes-discovery-client/3.4.1/target/surefire/surefirebooter-20241106133432567_3.jar"/>
    <property name="sun.boot.class.path" value="/usr/lib/jvm/java-8-openjdk-amd64/jre/lib/resources.jar:/usr/lib/jvm/java-8-openjdk-amd64/jre/lib/rt.jar:/usr/lib/jvm/java-8-openjdk-amd64/jre/lib/sunrsasign.jar:/usr/lib/jvm/java-8-openjdk-amd64/jre/lib/jsse.jar:/usr/lib/jvm/java-8-openjdk-amd64/jre/lib/jce.jar:/usr/lib/jvm/java-8-openjdk-amd64/jre/lib/charsets.jar:/usr/lib/jvm/java-8-openjdk-amd64/jre/lib/jfr.jar:/usr/lib/jvm/java-8-openjdk-amd64/jre/classes"/>
    <property name="sun.management.compiler" value="HotSpot 64-Bit Tiered Compilers"/>
    <property name="java.runtime.version" value="1.8.0_382-8u382-ga-1~22.04.1-b05"/>
    <property name="user.name" value="wtwhite"/>
    <property name="path.separator" value=":"/>
    <property name="os.version" value="5.15.0-87-generic"/>
    <property name="java.endorsed.dirs" value="/usr/lib/jvm/java-8-openjdk-amd64/jre/lib/endorsed"/>
    <property name="java.runtime.name" value="OpenJDK Runtime Environment"/>
    <property name="file.encoding" value="UTF-8"/>
    <property name="java.vm.name" value="OpenJDK 64-Bit Server VM"/>
    <property name="localRepository" value="/home/wtwhite/.m2/repository"/>
    <property name="java.vendor.url.bug" value="http://bugreport.sun.com/bugreport/"/>
    <property name="java.io.tmpdir" value="/tmp"/>
    <property name="java.version" value="1.8.0_382"/>
    <property name="user.dir" value="/home/wtwhite/code/regression-test-generation/find-diff-classes/compile/mvnc/io/micronaut/kubernetes/micronaut-kubernetes-discovery-client/3.4.1"/>
    <property name="os.arch" value="amd64"/>
    <property name="java.vm.specification.name" value="Java Virtual Machine Specification"/>
    <property name="java.awt.printerjob" value="sun.print.PSPrinterJob"/>
    <property name="sun.os.patch.level" value="unknown"/>
    <property name="java.library.path" value="/usr/java/packages/lib/amd64:/usr/lib/x86_64-linux-gnu/jni:/lib/x86_64-linux-gnu:/usr/lib/x86_64-linux-gnu:/usr/lib/jni:/lib:/usr/lib"/>
    <property name="java.vm.info" value="mixed mode"/>
    <property name="java.vendor" value="Private Build"/>
    <property name="java.vm.version" value="25.382-b05"/>
    <property name="java.specification.maintenance.version" value="5"/>
    <property name="java.ext.dirs" value="/usr/lib/jvm/java-8-openjdk-amd64/jre/lib/ext:/usr/java/packages/lib/ext"/>
    <property name="sun.io.unicode.encoding" value="UnicodeLittle"/>
    <property name="java.class.version" value="52.0"/>
  </properties>
  <testcase name="test06" classname="io.micronaut.kubernetes.util.KubernetesUtils_ESTest" time="2.294">
    <system-err><![CDATA[SLF4J: Failed to load class "org.slf4j.impl.StaticLoggerBinder".
SLF4J: Defaulting to no-operation (NOP) logger implementation
SLF4J: See http://www.slf4j.org/codes.html#StaticLoggerBinder for further details.
]]></system-err>
  </testcase>
  <testcase name="test28" classname="io.micronaut.kubernetes.util.KubernetesUtils_ESTest" time="0.055"/>
  <testcase name="test07" classname="io.micronaut.kubernetes.util.KubernetesUtils_ESTest" time="0.021"/>
  <testcase name="test29" classname="io.micronaut.kubernetes.util.KubernetesUtils_ESTest" time="0.03"/>
  <testcase name="test08" classname="io.micronaut.kubernetes.util.KubernetesUtils_ESTest" time="0.031"/>
  <testcase name="test09" classname="io.micronaut.kubernetes.util.KubernetesUtils_ESTest" time="0.029"/>
  <testcase name="test02" classname="io.micronaut.kubernetes.util.KubernetesUtils_ESTest" time="0.035"/>
  <testcase name="test24" classname="io.micronaut.kubernetes.util.KubernetesUtils_ESTest" time="0.045"/>
  <testcase name="test03" classname="io.micronaut.kubernetes.util.KubernetesUtils_ESTest" time="0.031"/>
  <testcase name="test25" classname="io.micronaut.kubernetes.util.KubernetesUtils_ESTest" time="0.028"/>
  <testcase name="test04" classname="io.micronaut.kubernetes.util.KubernetesUtils_ESTest" time="0.035"/>
  <testcase name="test26" classname="io.micronaut.kubernetes.util.KubernetesUtils_ESTest" time="0.036"/>
  <testcase name="test05" classname="io.micronaut.kubernetes.util.KubernetesUtils_ESTest" time="0.034"/>
  <testcase name="test27" classname="io.micronaut.kubernetes.util.KubernetesUtils_ESTest" time="0.029"/>
  <testcase name="test20" classname="io.micronaut.kubernetes.util.KubernetesUtils_ESTest" time="0.034"/>
  <testcase name="test21" classname="io.micronaut.kubernetes.util.KubernetesUtils_ESTest" time="0.31"/>
  <testcase name="test00" classname="io.micronaut.kubernetes.util.KubernetesUtils_ESTest" time="0.024"/>
  <testcase name="test22" classname="io.micronaut.kubernetes.util.KubernetesUtils_ESTest" time="0.031"/>
  <testcase name="test01" classname="io.micronaut.kubernetes.util.KubernetesUtils_ESTest" time="0.028"/>
  <testcase name="test23" classname="io.micronaut.kubernetes.util.KubernetesUtils_ESTest" time="0.034"/>
  <testcase name="test17" classname="io.micronaut.kubernetes.util.KubernetesUtils_ESTest" time="0.025"/>
  <testcase name="test18" classname="io.micronaut.kubernetes.util.KubernetesUtils_ESTest" time="0.03"/>
  <testcase name="test19" classname="io.micronaut.kubernetes.util.KubernetesUtils_ESTest" time="0.029"/>
  <testcase name="test13" classname="io.micronaut.kubernetes.util.KubernetesUtils_ESTest" time="0.032"/>
  <testcase name="test14" classname="io.micronaut.kubernetes.util.KubernetesUtils_ESTest" time="0.03"/>
  <testcase name="test15" classname="io.micronaut.kubernetes.util.KubernetesUtils_ESTest" time="0.029"/>
  <testcase name="test16" classname="io.micronaut.kubernetes.util.KubernetesUtils_ESTest" time="0.025"/>
  <testcase name="test31" classname="io.micronaut.kubernetes.util.KubernetesUtils_ESTest" time="0.033"/>
  <testcase name="test10" classname="io.micronaut.kubernetes.util.KubernetesUtils_ESTest" time="0.028"/>
  <testcase name="test32" classname="io.micronaut.kubernetes.util.KubernetesUtils_ESTest" time="0.023"/>
  <testcase name="test11" classname="io.micronaut.kubernetes.util.KubernetesUtils_ESTest" time="0.027"/>
  <testcase name="test33" classname="io.micronaut.kubernetes.util.KubernetesUtils_ESTest" time="0.024"/>
  <testcase name="test12" classname="io.micronaut.kubernetes.util.KubernetesUtils_ESTest" time="0.024"/>
  <testcase name="test30" classname="io.micronaut.kubernetes.util.KubernetesUtils_ESTest" time="0.028"/>
</testsuite>