<?xml version="1.0" encoding="UTF-8"?>
<testsuite xmlns:xsi="http://www.w3.org/2001/XMLSchema-instance" xsi:noNamespaceSchemaLocation="https://maven.apache.org/surefire/maven-surefire-plugin/xsd/surefire-test-report-3.0.xsd" version="3.0" name="org.glassfish.jersey.client.internal.LocalizationMessages_ESTest" time="0.631" tests="139" errors="0" skipped="0" failures="0">
  <properties>
    <property name="awt.toolkit" value="sun.awt.X11.XToolkit"/>
    <property name="file.encoding.pkg" value="sun.io"/>
    <property name="java.specification.version" value="1.8"/>
    <property name="sun.cpu.isalist" value=""/>
    <property name="sun.jnu.encoding" value="UTF-8"/>
    <property name="java.class.path" value="/home/wtwhite/code/regression-test-generation-NON-SOURCE-EQUIV/find-diff-classes/compile/gaoss/org/glassfish/jersey/core/jersey-client/2.41/target/test-classes:/home/wtwhite/code/regression-test-generation-NON-SOURCE-EQUIV/find-diff-classes/compile/gaoss/org/glassfish/jersey/core/jersey-client/2.41/target/classes:/home/wtwhite/code/craw-redhat-oss/wget/crawl/google-aoss/org/glassfish/jersey/core/jersey-client/2.41/jersey-client-2.41.jar:/home/wtwhite/code/regression-test-generation-NON-SOURCE-EQUIV/find-diff-classes/compile/gaoss/org/glassfish/jersey/core/jersey-client/2.41/t/dependency/aopalliance-repackaged-2.6.1.jar:/home/wtwhite/code/regression-test-generation-NON-SOURCE-EQUIV/find-diff-classes/compile/gaoss/org/glassfish/jersey/core/jersey-client/2.41/t/dependency/apiguardian-api-1.1.2.jar:/home/wtwhite/code/regression-test-generation-NON-SOURCE-EQUIV/find-diff-classes/compile/gaoss/org/glassfish/jersey/core/jersey-client/2.41/t/dependency/byte-buddy-1.11.13.jar:/home/wtwhite/code/regression-test-generation-NON-SOURCE-EQUIV/find-diff-classes/compile/gaoss/org/glassfish/jersey/core/jersey-client/2.41/t/dependency/byte-buddy-agent-1.11.13.jar:/home/wtwhite/code/regression-test-generation-NON-SOURCE-EQUIV/find-diff-classes/compile/gaoss/org/glassfish/jersey/core/jersey-client/2.41/t/dependency/hamcrest-2.2.jar:/home/wtwhite/code/regression-test-generation-NON-SOURCE-EQUIV/find-diff-classes/compile/gaoss/org/glassfish/jersey/core/jersey-client/2.41/t/dependency/hk2-api-2.6.1.jar:/home/wtwhite/code/regression-test-generation-NON-SOURCE-EQUIV/find-diff-classes/compile/gaoss/org/glassfish/jersey/core/jersey-client/2.41/t/dependency/hk2-locator-2.6.1.jar:/home/wtwhite/code/regression-test-generation-NON-SOURCE-EQUIV/find-diff-classes/compile/gaoss/org/glassfish/jersey/core/jersey-client/2.41/t/dependency/hk2-utils-2.6.1.jar:/home/wtwhite/code/regression-test-generation-NON-SOURCE-EQUIV/find-diff-classes/compile/gaoss/org/glassfish/jersey/core/jersey-client/2.41/t/dependency/jakarta.activation-1.2.2.jar:/home/wtwhite/code/regression-test-generation-NON-SOURCE-EQUIV/find-diff-classes/compile/gaoss/org/glassfish/jersey/core/jersey-client/2.41/t/dependency/jakarta.annotation-api-1.3.5.jar:/home/wtwhite/code/regression-test-generation-NON-SOURCE-EQUIV/find-diff-classes/compile/gaoss/org/glassfish/jersey/core/jersey-client/2.41/t/dependency/jakarta.inject-2.6.1.jar:/home/wtwhite/code/regression-test-generation-NON-SOURCE-EQUIV/find-diff-classes/compile/gaoss/org/glassfish/jersey/core/jersey-client/2.41/t/dependency/jakarta.ws.rs-api-2.1.6.jar:/home/wtwhite/code/regression-test-generation-NON-SOURCE-EQUIV/find-diff-classes/compile/gaoss/org/glassfish/jersey/core/jersey-client/2.41/t/dependency/javassist-3.29.2-GA.jar:/home/wtwhite/code/regression-test-generation-NON-SOURCE-EQUIV/find-diff-classes/compile/gaoss/org/glassfish/jersey/core/jersey-client/2.41/t/dependency/jersey-common-2.41.jar:/home/wtwhite/code/regression-test-generation-NON-SOURCE-EQUIV/find-diff-classes/compile/gaoss/org/glassfish/jersey/core/jersey-client/2.41/t/dependency/jersey-hk2-2.41.jar:/home/wtwhite/code/regression-test-generation-NON-SOURCE-EQUIV/find-diff-classes/compile/gaoss/org/glassfish/jersey/core/jersey-client/2.41/t/dependency/junit-jupiter-5.9.3.jar:/home/wtwhite/code/regression-test-generation-NON-SOURCE-EQUIV/find-diff-classes/compile/gaoss/org/glassfish/jersey/core/jersey-client/2.41/t/dependency/junit-jupiter-api-5.9.3.jar:/home/wtwhite/code/regression-test-generation-NON-SOURCE-EQUIV/find-diff-classes/compile/gaoss/org/glassfish/jersey/core/jersey-client/2.41/t/dependency/junit-jupiter-engine-5.9.3.jar:/home/wtwhite/code/regression-test-generation-NON-SOURCE-EQUIV/find-diff-classes/compile/gaoss/org/glassfish/jersey/core/jersey-client/2.41/t/dependency/junit-jupiter-params-5.9.3.jar:/home/wtwhite/code/regression-test-generation-NON-SOURCE-EQUIV/find-diff-classes/compile/gaoss/org/glassfish/jersey/core/jersey-client/2.41/t/dependency/junit-platform-commons-1.9.3.jar:/home/wtwhite/code/regression-test-generation-NON-SOURCE-EQUIV/find-diff-classes/compile/gaoss/org/glassfish/jersey/core/jersey-client/2.41/t/dependency/junit-platform-engine-1.9.3.jar:/home/wtwhite/code/regression-test-generation-NON-SOURCE-EQUIV/find-diff-classes/compile/gaoss/org/glassfish/jersey/core/jersey-client/2.41/t/dependency/mockito-core-3.12.4.jar:/home/wtwhite/code/regression-test-generation-NON-SOURCE-EQUIV/find-diff-classes/compile/gaoss/org/glassfish/jersey/core/jersey-client/2.41/t/dependency/objenesis-3.2.jar:/home/wtwhite/code/regression-test-generation-NON-SOURCE-EQUIV/find-diff-classes/compile/gaoss/org/glassfish/jersey/core/jersey-client/2.41/t/dependency/opentest4j-1.2.0.jar:/home/wtwhite/code/regression-test-generation-NON-SOURCE-EQUIV/find-diff-classes/compile/gaoss/org/glassfish/jersey/core/jersey-client/2.41/t/dependency/osgi-resource-locator-1.0.3.jar:/home/wtwhite/code/regression-test-generation/evosuite/evosuite-standalone-runtime-1.2.0.jar:/home/wtwhite/.m2/repository/junit/junit/4.13.2/junit-4.13.2.jar:/home/wtwhite/.m2/repository/org/hamcrest/hamcrest-core/1.3/hamcrest-core-1.3.jar:"/>
    <property name="java.vm.vendor" value="Private Build"/>
    <property name="sun.arch.data.model" value="64"/>
    <property name="java.vendor.url" value="http://java.oracle.com/"/>
    <property name="user.timezone" value=""/>
    <property name="java.vm.specification.version" value="1.8"/>
    <property name="os.name" value="Linux"/>
    <property name="RUNDIR" value="/home/wtwhite/code/regression-test-generation-NON-SOURCE-EQUIV/find-diff-classes/run-mvn"/>
    <property name="user.country" value="NZ"/>
    <property name="sun.java.launcher" value="SUN_STANDARD"/>
    <property name="sun.boot.library.path" value="/usr/lib/jvm/java-8-openjdk-amd64/jre/lib/amd64"/>
    <property name="sun.java.command" value="/home/wtwhite/code/regression-test-generation-NON-SOURCE-EQUIV/find-diff-classes/compile/gaoss/org/glassfish/jersey/core/jersey-client/2.41/target/surefire/surefirebooter-20241112134343898_3.jar /home/wtwhite/code/regression-test-generation-NON-SOURCE-EQUIV/find-diff-classes/compile/gaoss/org/glassfish/jersey/core/jersey-client/2.41/target/surefire 2024-11-12T13-43-43_768-jvmRun1 surefire-20241112134343898_1tmp surefire_0-20241112134343898_2tmp"/>
    <property name="surefire.test.class.path" value="/home/wtwhite/code/regression-test-generation-NON-SOURCE-EQUIV/find-diff-classes/compile/gaoss/org/glassfish/jersey/core/jersey-client/2.41/target/test-classes:/home/wtwhite/code/regression-test-generation-NON-SOURCE-EQUIV/find-diff-classes/compile/gaoss/org/glassfish/jersey/core/jersey-client/2.41/target/classes:/home/wtwhite/code/craw-redhat-oss/wget/crawl/google-aoss/org/glassfish/jersey/core/jersey-client/2.41/jersey-client-2.41.jar:/home/wtwhite/code/regression-test-generation-NON-SOURCE-EQUIV/find-diff-classes/compile/gaoss/org/glassfish/jersey/core/jersey-client/2.41/t/dependency/aopalliance-repackaged-2.6.1.jar:/home/wtwhite/code/regression-test-generation-NON-SOURCE-EQUIV/find-diff-classes/compile/gaoss/org/glassfish/jersey/core/jersey-client/2.41/t/dependency/apiguardian-api-1.1.2.jar:/home/wtwhite/code/regression-test-generation-NON-SOURCE-EQUIV/find-diff-classes/compile/gaoss/org/glassfish/jersey/core/jersey-client/2.41/t/dependency/byte-buddy-1.11.13.jar:/home/wtwhite/code/regression-test-generation-NON-SOURCE-EQUIV/find-diff-classes/compile/gaoss/org/glassfish/jersey/core/jersey-client/2.41/t/dependency/byte-buddy-agent-1.11.13.jar:/home/wtwhite/code/regression-test-generation-NON-SOURCE-EQUIV/find-diff-classes/compile/gaoss/org/glassfish/jersey/core/jersey-client/2.41/t/dependency/hamcrest-2.2.jar:/home/wtwhite/code/regression-test-generation-NON-SOURCE-EQUIV/find-diff-classes/compile/gaoss/org/glassfish/jersey/core/jersey-client/2.41/t/dependency/hk2-api-2.6.1.jar:/home/wtwhite/code/regression-test-generation-NON-SOURCE-EQUIV/find-diff-classes/compile/gaoss/org/glassfish/jersey/core/jersey-client/2.41/t/dependency/hk2-locator-2.6.1.jar:/home/wtwhite/code/regression-test-generation-NON-SOURCE-EQUIV/find-diff-classes/compile/gaoss/org/glassfish/jersey/core/jersey-client/2.41/t/dependency/hk2-utils-2.6.1.jar:/home/wtwhite/code/regression-test-generation-NON-SOURCE-EQUIV/find-diff-classes/compile/gaoss/org/glassfish/jersey/core/jersey-client/2.41/t/dependency/jakarta.activation-1.2.2.jar:/home/wtwhite/code/regression-test-generation-NON-SOURCE-EQUIV/find-diff-classes/compile/gaoss/org/glassfish/jersey/core/jersey-client/2.41/t/dependency/jakarta.annotation-api-1.3.5.jar:/home/wtwhite/code/regression-test-generation-NON-SOURCE-EQUIV/find-diff-classes/compile/gaoss/org/glassfish/jersey/core/jersey-client/2.41/t/dependency/jakarta.inject-2.6.1.jar:/home/wtwhite/code/regression-test-generation-NON-SOURCE-EQUIV/find-diff-classes/compile/gaoss/org/glassfish/jersey/core/jersey-client/2.41/t/dependency/jakarta.ws.rs-api-2.1.6.jar:/home/wtwhite/code/regression-test-generation-NON-SOURCE-EQUIV/find-diff-classes/compile/gaoss/org/glassfish/jersey/core/jersey-client/2.41/t/dependency/javassist-3.29.2-GA.jar:/home/wtwhite/code/regression-test-generation-NON-SOURCE-EQUIV/find-diff-classes/compile/gaoss/org/glassfish/jersey/core/jersey-client/2.41/t/dependency/jersey-common-2.41.jar:/home/wtwhite/code/regression-test-generation-NON-SOURCE-EQUIV/find-diff-classes/compile/gaoss/org/glassfish/jersey/core/jersey-client/2.41/t/dependency/jersey-hk2-2.41.jar:/home/wtwhite/code/regression-test-generation-NON-SOURCE-EQUIV/find-diff-classes/compile/gaoss/org/glassfish/jersey/core/jersey-client/2.41/t/dependency/junit-jupiter-5.9.3.jar:/home/wtwhite/code/regression-test-generation-NON-SOURCE-EQUIV/find-diff-classes/compile/gaoss/org/glassfish/jersey/core/jersey-client/2.41/t/dependency/junit-jupiter-api-5.9.3.jar:/home/wtwhite/code/regression-test-generation-NON-SOURCE-EQUIV/find-diff-classes/compile/gaoss/org/glassfish/jersey/core/jersey-client/2.41/t/dependency/junit-jupiter-engine-5.9.3.jar:/home/wtwhite/code/regression-test-generation-NON-SOURCE-EQUIV/find-diff-classes/compile/gaoss/org/glassfish/jersey/core/jersey-client/2.41/t/dependency/junit-jupiter-params-5.9.3.jar:/home/wtwhite/code/regression-test-generation-NON-SOURCE-EQUIV/find-diff-classes/compile/gaoss/org/glassfish/jersey/core/jersey-client/2.41/t/dependency/junit-platform-commons-1.9.3.jar:/home/wtwhite/code/regression-test-generation-NON-SOURCE-EQUIV/find-diff-classes/compile/gaoss/org/glassfish/jersey/core/jersey-client/2.41/t/dependency/junit-platform-engine-1.9.3.jar:/home/wtwhite/code/regression-test-generation-NON-SOURCE-EQUIV/find-diff-classes/compile/gaoss/org/glassfish/jersey/core/jersey-client/2.41/t/dependency/mockito-core-3.12.4.jar:/home/wtwhite/code/regression-test-generation-NON-SOURCE-EQUIV/find-diff-classes/compile/gaoss/org/glassfish/jersey/core/jersey-client/2.41/t/dependency/objenesis-3.2.jar:/home/wtwhite/code/regression-test-generation-NON-SOURCE-EQUIV/find-diff-classes/compile/gaoss/org/glassfish/jersey/core/jersey-client/2.41/t/dependency/opentest4j-1.2.0.jar:/home/wtwhite/code/regression-test-generation-NON-SOURCE-EQUIV/find-diff-classes/compile/gaoss/org/glassfish/jersey/core/jersey-client/2.41/t/dependency/osgi-resource-locator-1.0.3.jar:/home/wtwhite/code/regression-test-generation/evosuite/evosuite-standalone-runtime-1.2.0.jar:/home/wtwhite/.m2/repository/junit/junit/4.13.2/junit-4.13.2.jar:/home/wtwhite/.m2/repository/org/hamcrest/hamcrest-core/1.3/hamcrest-core-1.3.jar:"/>
    <property name="sun.cpu.endian" value="little"/>
    <property name="user.home" value="/home/wtwhite"/>
    <property name="user.language" value="en"/>
    <property name="java.specification.vendor" value="Oracle Corporation"/>
    <property name="java.home" value="/usr/lib/jvm/java-8-openjdk-amd64/jre"/>
    <property name="basedir" value="/home/wtwhite/code/regression-test-generation-NON-SOURCE-EQUIV/find-diff-classes/compile/gaoss/org/glassfish/jersey/core/jersey-client/2.41"/>
    <property name="file.separator" value="/"/>
    <property name="line.separator" value="&#10;"/>
    <property name="java.vm.specification.vendor" value="Oracle Corporation"/>
    <property name="java.specification.name" value="Java Platform API Specification"/>
    <property name="java.awt.graphicsenv" value="sun.awt.X11GraphicsEnvironment"/>
    <property name="surefire.real.class.path" value="/home/wtwhite/code/regression-test-generation-NON-SOURCE-EQUIV/find-diff-classes/compile/gaoss/org/glassfish/jersey/core/jersey-client/2.41/target/surefire/surefirebooter-20241112134343898_3.jar"/>
    <property name="sun.boot.class.path" value="/usr/lib/jvm/java-8-openjdk-amd64/jre/lib/resources.jar:/usr/lib/jvm/java-8-openjdk-amd64/jre/lib/rt.jar:/usr/lib/jvm/java-8-openjdk-amd64/jre/lib/sunrsasign.jar:/usr/lib/jvm/java-8-openjdk-amd64/jre/lib/jsse.jar:/usr/lib/jvm/java-8-openjdk-amd64/jre/lib/jce.jar:/usr/lib/jvm/java-8-openjdk-amd64/jre/lib/charsets.jar:/usr/lib/jvm/java-8-openjdk-amd64/jre/lib/jfr.jar:/usr/lib/jvm/java-8-openjdk-amd64/jre/classes"/>
    <property name="sun.management.compiler" value="HotSpot 64-Bit Tiered Compilers"/>
    <property name="java.runtime.version" value="1.8.0_382-8u382-ga-1~22.04.1-b05"/>
    <property name="user.name" value="wtwhite"/>
    <property name="path.separator" value=":"/>
    <property name="os.version" value="5.15.0-87-generic"/>
    <property name="java.endorsed.dirs" value="/usr/lib/jvm/java-8-openjdk-amd64/jre/lib/endorsed"/>
    <property name="java.runtime.name" value="OpenJDK Runtime Environment"/>
    <property name="file.encoding" value="UTF-8"/>
    <property name="java.vm.name" value="OpenJDK 64-Bit Server VM"/>
    <property name="localRepository" value="/home/wtwhite/.m2/repository"/>
    <property name="java.vendor.url.bug" value="http://bugreport.sun.com/bugreport/"/>
    <property name="java.io.tmpdir" value="/tmp"/>
    <property name="java.version" value="1.8.0_382"/>
    <property name="user.dir" value="/home/wtwhite/code/regression-test-generation-NON-SOURCE-EQUIV/find-diff-classes/compile/gaoss/org/glassfish/jersey/core/jersey-client/2.41"/>
    <property name="os.arch" value="amd64"/>
    <property name="java.vm.specification.name" value="Java Virtual Machine Specification"/>
    <property name="java.awt.printerjob" value="sun.print.PSPrinterJob"/>
    <property name="sun.os.patch.level" value="unknown"/>
    <property name="java.library.path" value="/usr/java/packages/lib/amd64:/usr/lib/x86_64-linux-gnu/jni:/lib/x86_64-linux-gnu:/usr/lib/x86_64-linux-gnu:/usr/lib/jni:/lib:/usr/lib"/>
    <property name="java.vm.info" value="mixed mode"/>
    <property name="java.vendor" value="Private Build"/>
    <property name="java.vm.version" value="25.382-b05"/>
    <property name="java.specification.maintenance.version" value="5"/>
    <property name="java.ext.dirs" value="/usr/lib/jvm/java-8-openjdk-amd64/jre/lib/ext:/usr/java/packages/lib/ext"/>
    <property name="sun.io.unicode.encoding" value="UnicodeLittle"/>
    <property name="java.class.version" value="52.0"/>
  </properties>
  <testcase name="test021" classname="org.glassfish.jersey.client.internal.LocalizationMessages_ESTest" time="0.01">
    <system-err><![CDATA[SLF4J: Failed to load class "org.slf4j.impl.StaticLoggerBinder".
SLF4J: Defaulting to no-operation (NOP) logger implementation
SLF4J: See http://www.slf4j.org/codes.html#StaticLoggerBinder for further details.
]]></system-err>
  </testcase>
  <testcase name="test020" classname="org.glassfish.jersey.client.internal.LocalizationMessages_ESTest" time="0.001"/>
  <testcase name="test023" classname="org.glassfish.jersey.client.internal.LocalizationMessages_ESTest" time="0.002"/>
  <testcase name="test022" classname="org.glassfish.jersey.client.internal.LocalizationMessages_ESTest" time="0.002"/>
  <testcase name="test014" classname="org.glassfish.jersey.client.internal.LocalizationMessages_ESTest" time="0.004"/>
  <testcase name="test135" classname="org.glassfish.jersey.client.internal.LocalizationMessages_ESTest" time="0.004"/>
  <testcase name="test013" classname="org.glassfish.jersey.client.internal.LocalizationMessages_ESTest" time="0.002"/>
  <testcase name="test134" classname="org.glassfish.jersey.client.internal.LocalizationMessages_ESTest" time="0.002"/>
  <testcase name="test016" classname="org.glassfish.jersey.client.internal.LocalizationMessages_ESTest" time="0.003"/>
  <testcase name="test137" classname="org.glassfish.jersey.client.internal.LocalizationMessages_ESTest" time="0.002"/>
  <testcase name="test015" classname="org.glassfish.jersey.client.internal.LocalizationMessages_ESTest" time="0.001"/>
  <testcase name="test136" classname="org.glassfish.jersey.client.internal.LocalizationMessages_ESTest" time="0.002"/>
  <testcase name="test018" classname="org.glassfish.jersey.client.internal.LocalizationMessages_ESTest" time="0.003"/>
  <testcase name="test017" classname="org.glassfish.jersey.client.internal.LocalizationMessages_ESTest" time="0.001"/>
  <testcase name="test138" classname="org.glassfish.jersey.client.internal.LocalizationMessages_ESTest" time="0.002"/>
  <testcase name="test019" classname="org.glassfish.jersey.client.internal.LocalizationMessages_ESTest" time="0.003"/>
  <testcase name="test030" classname="org.glassfish.jersey.client.internal.LocalizationMessages_ESTest" time="0.001"/>
  <testcase name="test032" classname="org.glassfish.jersey.client.internal.LocalizationMessages_ESTest" time="0.002"/>
  <testcase name="test031" classname="org.glassfish.jersey.client.internal.LocalizationMessages_ESTest" time="0.001"/>
  <testcase name="test034" classname="org.glassfish.jersey.client.internal.LocalizationMessages_ESTest" time="0.001"/>
  <testcase name="test033" classname="org.glassfish.jersey.client.internal.LocalizationMessages_ESTest" time="0.002"/>
  <testcase name="test025" classname="org.glassfish.jersey.client.internal.LocalizationMessages_ESTest" time="0.001"/>
  <testcase name="test024" classname="org.glassfish.jersey.client.internal.LocalizationMessages_ESTest" time="0.002"/>
  <testcase name="test027" classname="org.glassfish.jersey.client.internal.LocalizationMessages_ESTest" time="0.002"/>
  <testcase name="test026" classname="org.glassfish.jersey.client.internal.LocalizationMessages_ESTest" time="0.001"/>
  <testcase name="test029" classname="org.glassfish.jersey.client.internal.LocalizationMessages_ESTest" time="0.001"/>
  <testcase name="test028" classname="org.glassfish.jersey.client.internal.LocalizationMessages_ESTest" time="0.001"/>
  <testcase name="test041" classname="org.glassfish.jersey.client.internal.LocalizationMessages_ESTest" time="0.002"/>
  <testcase name="test040" classname="org.glassfish.jersey.client.internal.LocalizationMessages_ESTest" time="0.002"/>
  <testcase name="test043" classname="org.glassfish.jersey.client.internal.LocalizationMessages_ESTest" time="0.001"/>
  <testcase name="test042" classname="org.glassfish.jersey.client.internal.LocalizationMessages_ESTest" time="0.003"/>
  <testcase name="test045" classname="org.glassfish.jersey.client.internal.LocalizationMessages_ESTest" time="0.002"/>
  <testcase name="test044" classname="org.glassfish.jersey.client.internal.LocalizationMessages_ESTest" time="0.012"/>
  <testcase name="test036" classname="org.glassfish.jersey.client.internal.LocalizationMessages_ESTest" time="0.003"/>
  <testcase name="test035" classname="org.glassfish.jersey.client.internal.LocalizationMessages_ESTest" time="0.003"/>
  <testcase name="test038" classname="org.glassfish.jersey.client.internal.LocalizationMessages_ESTest" time="0.002"/>
  <testcase name="test037" classname="org.glassfish.jersey.client.internal.LocalizationMessages_ESTest" time="0.002"/>
  <testcase name="test039" classname="org.glassfish.jersey.client.internal.LocalizationMessages_ESTest" time="0.002"/>
  <testcase name="test050" classname="org.glassfish.jersey.client.internal.LocalizationMessages_ESTest" time="0.001"/>
  <testcase name="test052" classname="org.glassfish.jersey.client.internal.LocalizationMessages_ESTest" time="0.002"/>
  <testcase name="test051" classname="org.glassfish.jersey.client.internal.LocalizationMessages_ESTest" time="0.0"/>
  <testcase name="test054" classname="org.glassfish.jersey.client.internal.LocalizationMessages_ESTest" time="0.003"/>
  <testcase name="test053" classname="org.glassfish.jersey.client.internal.LocalizationMessages_ESTest" time="0.001"/>
  <testcase name="test056" classname="org.glassfish.jersey.client.internal.LocalizationMessages_ESTest" time="0.003"/>
  <testcase name="test055" classname="org.glassfish.jersey.client.internal.LocalizationMessages_ESTest" time="0.002"/>
  <testcase name="test047" classname="org.glassfish.jersey.client.internal.LocalizationMessages_ESTest" time="0.002"/>
  <testcase name="test046" classname="org.glassfish.jersey.client.internal.LocalizationMessages_ESTest" time="0.001"/>
  <testcase name="test049" classname="org.glassfish.jersey.client.internal.LocalizationMessages_ESTest" time="0.001"/>
  <testcase name="test048" classname="org.glassfish.jersey.client.internal.LocalizationMessages_ESTest" time="0.002"/>
  <testcase name="test061" classname="org.glassfish.jersey.client.internal.LocalizationMessages_ESTest" time="0.002"/>
  <testcase name="test060" classname="org.glassfish.jersey.client.internal.LocalizationMessages_ESTest" time="0.001"/>
  <testcase name="test063" classname="org.glassfish.jersey.client.internal.LocalizationMessages_ESTest" time="0.002"/>
  <testcase name="test062" classname="org.glassfish.jersey.client.internal.LocalizationMessages_ESTest" time="0.001"/>
  <testcase name="test065" classname="org.glassfish.jersey.client.internal.LocalizationMessages_ESTest" time="0.002"/>
  <testcase name="test064" classname="org.glassfish.jersey.client.internal.LocalizationMessages_ESTest" time="0.002"/>
  <testcase name="test067" classname="org.glassfish.jersey.client.internal.LocalizationMessages_ESTest" time="0.001"/>
  <testcase name="test100" classname="org.glassfish.jersey.client.internal.LocalizationMessages_ESTest" time="0.001"/>
  <testcase name="test066" classname="org.glassfish.jersey.client.internal.LocalizationMessages_ESTest" time="0.002"/>
  <testcase name="test058" classname="org.glassfish.jersey.client.internal.LocalizationMessages_ESTest" time="0.002"/>
  <testcase name="test057" classname="org.glassfish.jersey.client.internal.LocalizationMessages_ESTest" time="0.004"/>
  <testcase name="test059" classname="org.glassfish.jersey.client.internal.LocalizationMessages_ESTest" time="0.001"/>
  <testcase name="test070" classname="org.glassfish.jersey.client.internal.LocalizationMessages_ESTest" time="0.001"/>
  <testcase name="test072" classname="org.glassfish.jersey.client.internal.LocalizationMessages_ESTest" time="0.003"/>
  <testcase name="test071" classname="org.glassfish.jersey.client.internal.LocalizationMessages_ESTest" time="0.001"/>
  <testcase name="test074" classname="org.glassfish.jersey.client.internal.LocalizationMessages_ESTest" time="0.001"/>
  <testcase name="test073" classname="org.glassfish.jersey.client.internal.LocalizationMessages_ESTest" time="0.001"/>
  <testcase name="test076" classname="org.glassfish.jersey.client.internal.LocalizationMessages_ESTest" time="0.002"/>
  <testcase name="test075" classname="org.glassfish.jersey.client.internal.LocalizationMessages_ESTest" time="0.001"/>
  <testcase name="test078" classname="org.glassfish.jersey.client.internal.LocalizationMessages_ESTest" time="0.002"/>
  <testcase name="test111" classname="org.glassfish.jersey.client.internal.LocalizationMessages_ESTest" time="0.001"/>
  <testcase name="test077" classname="org.glassfish.jersey.client.internal.LocalizationMessages_ESTest" time="0.001"/>
  <testcase name="test110" classname="org.glassfish.jersey.client.internal.LocalizationMessages_ESTest" time="0.001"/>
  <testcase name="test069" classname="org.glassfish.jersey.client.internal.LocalizationMessages_ESTest" time="0.001"/>
  <testcase name="test102" classname="org.glassfish.jersey.client.internal.LocalizationMessages_ESTest" time="0.001"/>
  <testcase name="test068" classname="org.glassfish.jersey.client.internal.LocalizationMessages_ESTest" time="0.003"/>
  <testcase name="test101" classname="org.glassfish.jersey.client.internal.LocalizationMessages_ESTest" time="0.001"/>
  <testcase name="test104" classname="org.glassfish.jersey.client.internal.LocalizationMessages_ESTest" time="0.001"/>
  <testcase name="test103" classname="org.glassfish.jersey.client.internal.LocalizationMessages_ESTest" time="0.001"/>
  <testcase name="test106" classname="org.glassfish.jersey.client.internal.LocalizationMessages_ESTest" time="0.001"/>
  <testcase name="test105" classname="org.glassfish.jersey.client.internal.LocalizationMessages_ESTest" time="0.002"/>
  <testcase name="test108" classname="org.glassfish.jersey.client.internal.LocalizationMessages_ESTest" time="0.001"/>
  <testcase name="test107" classname="org.glassfish.jersey.client.internal.LocalizationMessages_ESTest" time="0.0"/>
  <testcase name="test109" classname="org.glassfish.jersey.client.internal.LocalizationMessages_ESTest" time="0.002"/>
  <testcase name="test081" classname="org.glassfish.jersey.client.internal.LocalizationMessages_ESTest" time="0.0"/>
  <testcase name="test080" classname="org.glassfish.jersey.client.internal.LocalizationMessages_ESTest" time="0.001"/>
  <testcase name="test083" classname="org.glassfish.jersey.client.internal.LocalizationMessages_ESTest" time="0.002"/>
  <testcase name="test082" classname="org.glassfish.jersey.client.internal.LocalizationMessages_ESTest" time="0.002"/>
  <testcase name="test085" classname="org.glassfish.jersey.client.internal.LocalizationMessages_ESTest" time="0.002"/>
  <testcase name="test084" classname="org.glassfish.jersey.client.internal.LocalizationMessages_ESTest" time="0.001"/>
  <testcase name="test087" classname="org.glassfish.jersey.client.internal.LocalizationMessages_ESTest" time="0.001"/>
  <testcase name="test120" classname="org.glassfish.jersey.client.internal.LocalizationMessages_ESTest" time="0.002"/>
  <testcase name="test086" classname="org.glassfish.jersey.client.internal.LocalizationMessages_ESTest" time="0.002"/>
  <testcase name="test001" classname="org.glassfish.jersey.client.internal.LocalizationMessages_ESTest" time="0.001"/>
  <testcase name="test089" classname="org.glassfish.jersey.client.internal.LocalizationMessages_ESTest" time="0.001"/>
  <testcase name="test122" classname="org.glassfish.jersey.client.internal.LocalizationMessages_ESTest" time="0.003"/>
  <testcase name="test000" classname="org.glassfish.jersey.client.internal.LocalizationMessages_ESTest" time="0.002"/>
  <testcase name="test088" classname="org.glassfish.jersey.client.internal.LocalizationMessages_ESTest" time="0.001"/>
  <testcase name="test121" classname="org.glassfish.jersey.client.internal.LocalizationMessages_ESTest" time="0.001"/>
  <testcase name="test113" classname="org.glassfish.jersey.client.internal.LocalizationMessages_ESTest" time="0.001"/>
  <testcase name="test079" classname="org.glassfish.jersey.client.internal.LocalizationMessages_ESTest" time="0.005"/>
  <testcase name="test112" classname="org.glassfish.jersey.client.internal.LocalizationMessages_ESTest" time="0.0"/>
  <testcase name="test115" classname="org.glassfish.jersey.client.internal.LocalizationMessages_ESTest" time="0.001"/>
  <testcase name="test114" classname="org.glassfish.jersey.client.internal.LocalizationMessages_ESTest" time="0.002"/>
  <testcase name="test117" classname="org.glassfish.jersey.client.internal.LocalizationMessages_ESTest" time="0.001"/>
  <testcase name="test116" classname="org.glassfish.jersey.client.internal.LocalizationMessages_ESTest" time="0.002"/>
  <testcase name="test119" classname="org.glassfish.jersey.client.internal.LocalizationMessages_ESTest" time="0.001"/>
  <testcase name="test118" classname="org.glassfish.jersey.client.internal.LocalizationMessages_ESTest" time="0.002"/>
  <testcase name="test090" classname="org.glassfish.jersey.client.internal.LocalizationMessages_ESTest" time="0.001"/>
  <testcase name="test092" classname="org.glassfish.jersey.client.internal.LocalizationMessages_ESTest" time="0.001"/>
  <testcase name="test091" classname="org.glassfish.jersey.client.internal.LocalizationMessages_ESTest" time="0.001"/>
  <testcase name="test094" classname="org.glassfish.jersey.client.internal.LocalizationMessages_ESTest" time="0.002"/>
  <testcase name="test093" classname="org.glassfish.jersey.client.internal.LocalizationMessages_ESTest" time="0.001"/>
  <testcase name="test096" classname="org.glassfish.jersey.client.internal.LocalizationMessages_ESTest" time="0.001"/>
  <testcase name="test095" classname="org.glassfish.jersey.client.internal.LocalizationMessages_ESTest" time="0.002"/>
  <testcase name="test010" classname="org.glassfish.jersey.client.internal.LocalizationMessages_ESTest" time="0.002"/>
  <testcase name="test098" classname="org.glassfish.jersey.client.internal.LocalizationMessages_ESTest" time="0.001"/>
  <testcase name="test131" classname="org.glassfish.jersey.client.internal.LocalizationMessages_ESTest" time="0.001"/>
  <testcase name="test097" classname="org.glassfish.jersey.client.internal.LocalizationMessages_ESTest" time="0.001"/>
  <testcase name="test130" classname="org.glassfish.jersey.client.internal.LocalizationMessages_ESTest" time="0.001"/>
  <testcase name="test012" classname="org.glassfish.jersey.client.internal.LocalizationMessages_ESTest" time="0.001"/>
  <testcase name="test133" classname="org.glassfish.jersey.client.internal.LocalizationMessages_ESTest" time="0.001"/>
  <testcase name="test011" classname="org.glassfish.jersey.client.internal.LocalizationMessages_ESTest" time="0.001"/>
  <testcase name="test099" classname="org.glassfish.jersey.client.internal.LocalizationMessages_ESTest" time="0.001"/>
  <testcase name="test132" classname="org.glassfish.jersey.client.internal.LocalizationMessages_ESTest" time="0.001"/>
  <testcase name="test003" classname="org.glassfish.jersey.client.internal.LocalizationMessages_ESTest" time="0.004"/>
  <testcase name="test124" classname="org.glassfish.jersey.client.internal.LocalizationMessages_ESTest" time="0.001"/>
  <testcase name="test002" classname="org.glassfish.jersey.client.internal.LocalizationMessages_ESTest" time="0.002"/>
  <testcase name="test123" classname="org.glassfish.jersey.client.internal.LocalizationMessages_ESTest" time="0.004"/>
  <testcase name="test005" classname="org.glassfish.jersey.client.internal.LocalizationMessages_ESTest" time="0.001"/>
  <testcase name="test126" classname="org.glassfish.jersey.client.internal.LocalizationMessages_ESTest" time="0.002"/>
  <testcase name="test004" classname="org.glassfish.jersey.client.internal.LocalizationMessages_ESTest" time="0.001"/>
  <testcase name="test125" classname="org.glassfish.jersey.client.internal.LocalizationMessages_ESTest" time="0.001"/>
  <testcase name="test007" classname="org.glassfish.jersey.client.internal.LocalizationMessages_ESTest" time="0.001"/>
  <testcase name="test128" classname="org.glassfish.jersey.client.internal.LocalizationMessages_ESTest" time="0.002"/>
  <testcase name="test006" classname="org.glassfish.jersey.client.internal.LocalizationMessages_ESTest" time="0.006"/>
  <testcase name="test127" classname="org.glassfish.jersey.client.internal.LocalizationMessages_ESTest" time="0.002"/>
  <testcase name="test009" classname="org.glassfish.jersey.client.internal.LocalizationMessages_ESTest" time="0.002"/>
  <testcase name="test008" classname="org.glassfish.jersey.client.internal.LocalizationMessages_ESTest" time="0.002"/>
  <testcase name="test129" classname="org.glassfish.jersey.client.internal.LocalizationMessages_ESTest" time="0.002"/>
</testsuite>